{"target": -2004.569306868842, "params": {"gamma": 5.53478362877641, "lr": 0.08480182166035288}, "datetime": {"datetime": "2024-06-13 18:28:20", "elapsed": 3.068096, "delta": 0.003989}}
{"target": -501.8328860526566, "params": {"gamma": 2.0254278937096815, "lr": 0.8542379729163827}, "datetime": {"datetime": "2024-06-13 18:28:20", "elapsed": 3.072086, "delta": 0.00399}}
{"target": -1824.1893637535939, "params": {"gamma": 7.0595677402804276, "lr": 0.8949395201529242}, "datetime": {"datetime": "2024-06-13 18:28:20", "elapsed": 3.076075, "delta": 0.003989}}
{"target": -545.4025205498907, "params": {"gamma": 3.2921308719412035, "lr": 0.5280013966376261}, "datetime": {"datetime": "2024-06-13 18:28:20", "elapsed": 3.080064, "delta": 0.003989}}
{"target": -1147.9329528004916, "params": {"gamma": 6.504330926708715, "lr": 0.5942908535866644}, "datetime": {"datetime": "2024-06-13 18:28:20", "elapsed": 3.084054, "delta": 0.00399}}
{"target": -348.1678275967028, "params": {"gamma": 2.315397892406944, "lr": 0.4268213494482356}, "datetime": {"datetime": "2024-06-13 18:28:20", "elapsed": 3.088043, "delta": 0.003989}}
{"target": -607.9291629662814, "params": {"gamma": 2.481866529137688, "lr": 0.8456149622311454}, "datetime": {"datetime": "2024-06-13 18:28:20", "elapsed": 3.092032, "delta": 0.003989}}
{"target": -3639.502965861051, "params": {"gamma": 9.866787772235858, "lr": 0.06657080313237929}, "datetime": {"datetime": "2024-06-13 18:28:20", "elapsed": 3.096021, "delta": 0.003989}}
{"target": -927.1054667125732, "params": {"gamma": 7.139566394637347, "lr": 0.3301155521990743}, "datetime": {"datetime": "2024-06-13 18:28:20", "elapsed": 3.100012, "delta": 0.003991}}
{"target": -784.4215148145857, "params": {"gamma": 6.254728347736019, "lr": 0.258129649281871}, "datetime": {"datetime": "2024-06-13 18:28:20", "elapsed": 3.104001, "delta": 0.003989}}
{"target": -908.6407062992608, "params": {"gamma": 6.510425085475643, "lr": 0.37114718446272954}, "datetime": {"datetime": "2024-06-13 18:28:20", "elapsed": 3.10799, "delta": 0.003989}}
{"target": -779.0679646788547, "params": {"gamma": 2.9489139744901, "lr": 0.9117631736977988}, "datetime": {"datetime": "2024-06-13 18:28:20", "elapsed": 3.112976, "delta": 0.004986}}
{"target": -1668.0601563414932, "params": {"gamma": 9.425046243387849, "lr": 0.6135500265601355}, "datetime": {"datetime": "2024-06-13 18:28:20", "elapsed": 3.116967, "delta": 0.003991}}
{"target": -579.3724339946364, "params": {"gamma": 2.1454633405260957, "lr": 0.9394188709061594}, "datetime": {"datetime": "2024-06-13 18:28:20", "elapsed": 3.120955, "delta": 0.003988}}
{"target": -1641.8445443120859, "params": {"gamma": 7.504785013686519, "lr": 0.7510898073228061}, "datetime": {"datetime": "2024-06-13 18:28:20", "elapsed": 3.124945, "delta": 0.00399}}
{"target": -501.5803983091386, "params": {"gamma": 2.1180016271500137, "lr": 0.8301565261622993}, "datetime": {"datetime": "2024-06-13 18:28:20", "elapsed": 3.128933, "delta": 0.003988}}
{"target": -449.13608890384035, "params": {"gamma": 2.4017114464579397, "lr": 0.6316207452501602}, "datetime": {"datetime": "2024-06-13 18:28:20", "elapsed": 3.132923, "delta": 0.00399}}
{"target": -1483.1335648048248, "params": {"gamma": 7.107684959425964, "lr": 0.7423834297071017}, "datetime": {"datetime": "2024-06-13 18:28:20", "elapsed": 3.136912, "delta": 0.003989}}
{"target": -861.6091336649748, "params": {"gamma": 3.9032567812912102, "lr": 0.7598253967160974}, "datetime": {"datetime": "2024-06-13 18:28:20", "elapsed": 3.140901, "delta": 0.003989}}
{"target": -1588.231252264136, "params": {"gamma": 9.029456085314978, "lr": 0.5874200192375769}, "datetime": {"datetime": "2024-06-13 18:28:20", "elapsed": 3.144891, "delta": 0.00399}}
{"target": -260.9425419413488, "params": {"gamma": 0.9050067472322914, "lr": 0.12897598414227607}, "datetime": {"datetime": "2024-06-13 18:28:20", "elapsed": 3.14888, "delta": 0.003989}}
{"target": -217.628455331613, "params": {"gamma": 1.0535200041012063, "lr": 0.17272746332288003}, "datetime": {"datetime": "2024-06-13 18:28:20", "elapsed": 3.15287, "delta": 0.00399}}
{"target": -306.2445767833956, "params": {"gamma": 1.2651824720065605, "lr": 0.7783008900676276}, "datetime": {"datetime": "2024-06-13 18:28:20", "elapsed": 3.156859, "delta": 0.003989}}
{"target": -149.82376566529229, "params": {"gamma": 0.39507571033225836, "lr": 0.24155841734086403}, "datetime": {"datetime": "2024-06-13 18:28:20", "elapsed": 3.160848, "delta": 0.003989}}
{"target": -2320.3974617417107, "params": {"gamma": 8.790784947183296, "lr": 0.9735188608362936}, "datetime": {"datetime": "2024-06-13 18:28:20", "elapsed": 3.164838, "delta": 0.00399}}
{"target": -1601.1405374736921, "params": {"gamma": 6.054614655262755, "lr": 0.9762382645603884}, "datetime": {"datetime": "2024-06-13 18:28:20", "elapsed": 3.168827, "delta": 0.003989}}
{"target": -172.28540988647873, "params": {"gamma": 0.43547196560805285, "lr": 0.9485727683760076}, "datetime": {"datetime": "2024-06-13 18:28:20", "elapsed": 3.172816, "delta": 0.003989}}
{"target": -699.298325483645, "params": {"gamma": 3.113649528479215, "lr": 0.798972840361593}, "datetime": {"datetime": "2024-06-13 18:28:20", "elapsed": 3.176806, "delta": 0.00399}}
{"target": -1987.7828513516708, "params": {"gamma": 8.106480405365568, "lr": 0.8599985915803449}, "datetime": {"datetime": "2024-06-13 18:28:20", "elapsed": 3.180795, "delta": 0.003989}}
{"target": -1215.5730358436795, "params": {"gamma": 4.586049558214109, "lr": 0.9306443921654484}, "datetime": {"datetime": "2024-06-13 18:28:20", "elapsed": 3.184785, "delta": 0.00399}}
{"target": -691.5098481949979, "params": {"gamma": 2.579671951285972, "lr": 0.9344454925295846}, "datetime": {"datetime": "2024-06-13 18:28:20", "elapsed": 3.188774, "delta": 0.003989}}
{"target": -1637.1268112118698, "params": {"gamma": 6.191577212883354, "lr": 0.9854449149448306}, "datetime": {"datetime": "2024-06-13 18:28:20", "elapsed": 3.192763, "delta": 0.003989}}
{"target": -145.83706561755582, "params": {"gamma": 0.3274060157599613, "lr": 0.7251666588327084}, "datetime": {"datetime": "2024-06-13 18:28:20", "elapsed": 3.196752, "delta": 0.003989}}
{"target": -803.2894842596452, "params": {"gamma": 5.655976799568431, "lr": 0.4924240473983196}, "datetime": {"datetime": "2024-06-13 18:28:20", "elapsed": 3.200742, "delta": 0.00399}}
{"target": -359.3513900053107, "params": {"gamma": 2.5929220383817193, "lr": 0.3268306848663751}, "datetime": {"datetime": "2024-06-13 18:28:20", "elapsed": 3.204731, "delta": 0.003989}}
{"target": -456.32950613958997, "params": {"gamma": 2.495372604807176, "lr": 0.21926791032506077}, "datetime": {"datetime": "2024-06-13 18:28:20", "elapsed": 3.209718, "delta": 0.004987}}
{"target": -1294.9181192960516, "params": {"gamma": 7.996808714410864, "lr": 0.5023950058982584}, "datetime": {"datetime": "2024-06-13 18:28:20", "elapsed": 3.213707, "delta": 0.003989}}
{"target": -220.4692983121889, "params": {"gamma": 0.8328156970812803, "lr": 0.7769841920273803}, "datetime": {"datetime": "2024-06-13 18:28:20", "elapsed": 3.217696, "delta": 0.003989}}
{"target": -1117.803236551139, "params": {"gamma": 5.336957111761226, "lr": 0.739387787346382}, "datetime": {"datetime": "2024-06-13 18:28:20", "elapsed": 3.221686, "delta": 0.00399}}
{"target": -727.2961997887023, "params": {"gamma": 5.154421537738071, "lr": 0.39994592398513173}, "datetime": {"datetime": "2024-06-13 18:28:20", "elapsed": 3.225675, "delta": 0.003989}}
{"target": -3637.9312148842578, "params": {"gamma": 9.862481577580514, "lr": 0.02824262016291268}, "datetime": {"datetime": "2024-06-13 18:28:20", "elapsed": 3.229664, "delta": 0.003989}}
{"target": -2461.582643602165, "params": {"gamma": 9.327706315740619, "lr": 0.930854967759968}, "datetime": {"datetime": "2024-06-13 18:28:20", "elapsed": 3.233654, "delta": 0.00399}}
{"target": -693.7944446884144, "params": {"gamma": 3.909796196303079, "lr": 0.2144648711333198}, "datetime": {"datetime": "2024-06-13 18:28:20", "elapsed": 3.237643, "delta": 0.003989}}
{"target": -989.5455066413344, "params": {"gamma": 6.192513766034457, "lr": 0.17797233547016944}, "datetime": {"datetime": "2024-06-13 18:28:20", "elapsed": 3.241632, "delta": 0.003989}}
{"target": -996.6672311073839, "params": {"gamma": 8.032278735085756, "lr": 0.2539338558777352}, "datetime": {"datetime": "2024-06-13 18:28:20", "elapsed": 3.245622, "delta": 0.00399}}
{"target": -768.7381254942367, "params": {"gamma": 2.9087707441717465, "lr": 0.915915790009957}, "datetime": {"datetime": "2024-06-13 18:28:20", "elapsed": 3.249611, "delta": 0.003989}}
{"target": -1460.0353441739253, "params": {"gamma": 9.029265417910615, "lr": 0.5353808917305217}, "datetime": {"datetime": "2024-06-13 18:28:20", "elapsed": 3.2536, "delta": 0.003989}}
{"target": -1229.5829533941496, "params": {"gamma": 8.628526966805577, "lr": 0.3525325688050618}, "datetime": {"datetime": "2024-06-13 18:28:20", "elapsed": 3.25759, "delta": 0.00399}}
{"target": -1437.1403772989624, "params": {"gamma": 9.978844897970799, "lr": 0.433689739404977}, "datetime": {"datetime": "2024-06-13 18:28:20", "elapsed": 3.261579, "delta": 0.003989}}
{"target": -1116.763245738301, "params": {"gamma": 2.948825305973155, "lr": 0.04157423394916726}, "datetime": {"datetime": "2024-06-13 18:28:20", "elapsed": 3.265568, "delta": 0.003989}}
{"target": -1390.1987099031044, "params": {"gamma": 9.897079830913631, "lr": 0.4648876309118224}, "datetime": {"datetime": "2024-06-13 18:28:20", "elapsed": 3.269558, "delta": 0.00399}}
{"target": -1324.7044341304725, "params": {"gamma": 7.346115555489657, "lr": 0.6408076240458747}, "datetime": {"datetime": "2024-06-13 18:28:20", "elapsed": 3.273547, "delta": 0.003989}}
{"target": -2677.5476300415935, "params": {"gamma": 7.231210903260432, "lr": 0.05111090382611627}, "datetime": {"datetime": "2024-06-13 18:28:20", "elapsed": 3.277536, "delta": 0.003989}}
{"target": -2428.141643116103, "params": {"gamma": 9.200534008691728, "lr": 0.9268412179022415}, "datetime": {"datetime": "2024-06-13 18:28:20", "elapsed": 3.281526, "delta": 0.00399}}
{"target": -1460.8114426538014, "params": {"gamma": 5.520398276514817, "lr": 0.963915888684551}, "datetime": {"datetime": "2024-06-13 18:28:20", "elapsed": 3.285515, "delta": 0.003989}}
{"target": -512.1012774945739, "params": {"gamma": 2.8102744143666842, "lr": 0.6021466271365452}, "datetime": {"datetime": "2024-06-13 18:28:20", "elapsed": 3.290501, "delta": 0.004986}}
{"target": -723.6459309291602, "params": {"gamma": 3.9652304378361865, "lr": 0.6280232317552282}, "datetime": {"datetime": "2024-06-13 18:28:20", "elapsed": 3.294491, "delta": 0.00399}}
{"target": -700.4074578382471, "params": {"gamma": 3.0070222529489574, "lr": 0.8193583846560202}, "datetime": {"datetime": "2024-06-13 18:28:20", "elapsed": 3.298481, "delta": 0.00399}}
{"target": -317.02786821313947, "params": {"gamma": 0.6987899990635812, "lr": 0.04187757029999628}, "datetime": {"datetime": "2024-06-13 18:28:20", "elapsed": 3.302471, "delta": 0.00399}}
{"target": -172.55662593151538, "params": {"gamma": 0.49491444994850975, "lr": 0.15045502836766345}, "datetime": {"datetime": "2024-06-13 18:28:20", "elapsed": 3.30646, "delta": 0.003989}}
{"target": -1049.9603191740707, "params": {"gamma": 3.954109387473109, "lr": 0.9553899892571747}, "datetime": {"datetime": "2024-06-13 18:28:20", "elapsed": 3.310448, "delta": 0.003988}}
{"target": -233.74688602707354, "params": {"gamma": 1.1088436015198657, "lr": 0.6475529858164272}, "datetime": {"datetime": "2024-06-13 18:28:20", "elapsed": 3.315435, "delta": 0.004987}}
{"target": -760.9548824015085, "params": {"gamma": 5.276687463055037, "lr": 0.353242405983059}, "datetime": {"datetime": "2024-06-13 18:28:20", "elapsed": 3.319425, "delta": 0.00399}}
{"target": -372.64463690100695, "params": {"gamma": 1.9827940939725983, "lr": 0.22059408184733575}, "datetime": {"datetime": "2024-06-13 18:28:20", "elapsed": 3.323414, "delta": 0.003989}}
{"target": -154.85487639421848, "params": {"gamma": 0.4391712757617422, "lr": 0.7131639731598145}, "datetime": {"datetime": "2024-06-13 18:28:20", "elapsed": 3.328401, "delta": 0.004987}}
{"target": -948.9032401216074, "params": {"gamma": 6.538748151763354, "lr": 0.4437697927247224}, "datetime": {"datetime": "2024-06-13 18:28:20", "elapsed": 3.33239, "delta": 0.003989}}
{"target": -2211.4800244994058, "params": {"gamma": 7.189675941410347, "lr": 0.10997597244532042}, "datetime": {"datetime": "2024-06-13 18:28:20", "elapsed": 3.337377, "delta": 0.004987}}
{"target": -2243.3930594437124, "params": {"gamma": 9.387253014515942, "lr": 0.8476267092393875}, "datetime": {"datetime": "2024-06-13 18:28:20", "elapsed": 3.341366, "delta": 0.003989}}
{"target": -924.0890699400184, "params": {"gamma": 6.590697560999168, "lr": 0.37883116866173183}, "datetime": {"datetime": "2024-06-13 18:28:20", "elapsed": 3.345355, "delta": 0.003989}}
{"target": -597.9660641005499, "params": {"gamma": 4.16625072341846, "lr": 0.48215392215746744}, "datetime": {"datetime": "2024-06-13 18:28:20", "elapsed": 3.349345, "delta": 0.00399}}
{"target": -2291.8618938945897, "params": {"gamma": 9.352902416297999, "lr": 0.8635929549181026}, "datetime": {"datetime": "2024-06-13 18:28:20", "elapsed": 3.353334, "delta": 0.003989}}
{"target": -785.1669565701458, "params": {"gamma": 4.779760568316378, "lr": 0.554518498278167}, "datetime": {"datetime": "2024-06-13 18:28:20", "elapsed": 3.357323, "delta": 0.003989}}
{"target": -2310.767941900919, "params": {"gamma": 8.754163218930938, "lr": 0.9492644337722901}, "datetime": {"datetime": "2024-06-13 18:28:20", "elapsed": 3.361313, "delta": 0.00399}}
{"target": -1335.4714434646276, "params": {"gamma": 6.392208373926592, "lr": 0.7485203200897537}, "datetime": {"datetime": "2024-06-13 18:28:20", "elapsed": 3.365302, "delta": 0.003989}}
{"target": -935.5881533732144, "params": {"gamma": 3.516897438698066, "lr": 0.91802831908618}, "datetime": {"datetime": "2024-06-13 18:28:20", "elapsed": 3.369291, "delta": 0.003989}}
{"target": -1358.35386793073, "params": {"gamma": 8.367683746488458, "lr": 0.5520558812247628}, "datetime": {"datetime": "2024-06-13 18:28:20", "elapsed": 3.374277, "delta": 0.004986}}
{"target": -2074.5926726288435, "params": {"gamma": 8.676404468942122, "lr": 0.8498718814403323}, "datetime": {"datetime": "2024-06-13 18:28:20", "elapsed": 3.378267, "delta": 0.00399}}
{"target": -1900.413567736177, "params": {"gamma": 8.084305154704811, "lr": 0.13069282439738805}, "datetime": {"datetime": "2024-06-13 18:28:20", "elapsed": 3.382256, "delta": 0.003989}}
{"target": -1387.8573544342203, "params": {"gamma": 5.3604897456433, "lr": 0.900783114706916}, "datetime": {"datetime": "2024-06-13 18:28:20", "elapsed": 3.386246, "delta": 0.00399}}
{"target": -1089.7033736608792, "params": {"gamma": 7.70854747370775, "lr": 0.4207131990251918}, "datetime": {"datetime": "2024-06-13 18:28:20", "elapsed": 3.390235, "delta": 0.003989}}
{"target": -1205.332408634425, "params": {"gamma": 9.778826053206298, "lr": 0.25077315667300226}, "datetime": {"datetime": "2024-06-13 18:28:20", "elapsed": 3.394225, "delta": 0.00399}}
{"target": -888.5389817985465, "params": {"gamma": 3.336768678250129, "lr": 0.954200507429589}, "datetime": {"datetime": "2024-06-13 18:28:20", "elapsed": 3.398214, "delta": 0.003989}}
{"target": -2088.249977646554, "params": {"gamma": 8.087344766504712, "lr": 0.9003400045106619}, "datetime": {"datetime": "2024-06-13 18:28:20", "elapsed": 3.402712, "delta": 0.004498}}
{"target": -142.46298183419702, "params": {"gamma": 0.11688430450954196, "lr": 0.37976443303399476}, "datetime": {"datetime": "2024-06-13 18:28:20", "elapsed": 3.406697, "delta": 0.003985}}
{"target": -297.64873208433414, "params": {"gamma": 2.355984044142083, "lr": 0.2959350518874113}, "datetime": {"datetime": "2024-06-13 18:28:20", "elapsed": 3.410687, "delta": 0.00399}}
{"target": -1551.1031348922304, "params": {"gamma": 7.380216968542006, "lr": 0.7240848448640741}, "datetime": {"datetime": "2024-06-13 18:28:20", "elapsed": 3.414678, "delta": 0.003991}}
{"target": -651.5252016480108, "params": {"gamma": 4.618532302580416, "lr": 0.3652744612070937}, "datetime": {"datetime": "2024-06-13 18:28:20", "elapsed": 3.418668, "delta": 0.00399}}
{"target": -951.4306405057642, "params": {"gamma": 5.847331438432254, "lr": 0.5337077546342763}, "datetime": {"datetime": "2024-06-13 18:28:20", "elapsed": 3.422657, "delta": 0.003989}}
{"target": -981.0540148080663, "params": {"gamma": 5.5062450105196135, "lr": 0.6154770711146578}, "datetime": {"datetime": "2024-06-13 18:28:20", "elapsed": 3.427644, "delta": 0.004987}}
{"target": -873.232797385842, "params": {"gamma": 3.957087074403221, "lr": 0.7717184824154584}, "datetime": {"datetime": "2024-06-13 18:28:20", "elapsed": 3.431662, "delta": 0.004018}}
{"target": -467.6942698581075, "params": {"gamma": 2.512780630310517, "lr": 0.655760767903366}, "datetime": {"datetime": "2024-06-13 18:28:20", "elapsed": 3.4357, "delta": 0.004038}}
{"target": -3543.59017649255, "params": {"gamma": 9.604011085051962, "lr": 0.0035547604644260433}, "datetime": {"datetime": "2024-06-13 18:28:20", "elapsed": 3.439659, "delta": 0.003959}}
{"target": -2224.940458088228, "params": {"gamma": 7.233887082898668, "lr": 0.10899503392964371}, "datetime": {"datetime": "2024-06-13 18:28:20", "elapsed": 3.443651, "delta": 0.003992}}
{"target": -985.3655334252613, "params": {"gamma": 5.438331129146589, "lr": 0.6269160166803346}, "datetime": {"datetime": "2024-06-13 18:28:20", "elapsed": 3.44764, "delta": 0.003989}}
{"target": -645.962028546147, "params": {"gamma": 2.4302283105822404, "lr": 0.9138438752466082}, "datetime": {"datetime": "2024-06-13 18:28:20", "elapsed": 3.45163, "delta": 0.00399}}
{"target": -907.0408929556256, "params": {"gamma": 6.223502974387487, "lr": 0.23169469139485988}, "datetime": {"datetime": "2024-06-13 18:28:20", "elapsed": 3.456619, "delta": 0.004989}}
{"target": -2367.3289845708728, "params": {"gamma": 7.701551743810476, "lr": 0.10550707999733477}, "datetime": {"datetime": "2024-06-13 18:28:20", "elapsed": 3.460609, "delta": 0.00399}}
{"target": -1981.8570322464698, "params": {"gamma": 5.552697959994914, "lr": 0.0949560698024915}, "datetime": {"datetime": "2024-06-13 18:28:20", "elapsed": 3.4646, "delta": 0.003991}}
{"target": -731.4038956557134, "params": {"gamma": 5.810259742677521, "lr": 0.2529801127201884}, "datetime": {"datetime": "2024-06-13 18:28:20", "elapsed": 3.46859, "delta": 0.00399}}
{"target": -1367.0463992693612, "params": {"gamma": 6.495018612739509, "lr": 0.71582695285818}, "datetime": {"datetime": "2024-06-13 18:28:20", "elapsed": 3.472732, "delta": 0.004142}}
{"target": -949.7843732329792, "params": {"gamma": 5.242331960072044, "lr": 0.6575214077031101}, "datetime": {"datetime": "2024-06-13 18:28:20", "elapsed": 3.477713, "delta": 0.004981}}
{"target": -1852.0945859153694, "params": {"gamma": 8.133125159405232, "lr": 0.8075122716430321}, "datetime": {"datetime": "2024-06-13 18:28:20", "elapsed": 3.481702, "delta": 0.003989}}
{"target": -878.0918196041445, "params": {"gamma": 6.197200238546574, "lr": 0.45110246212077487}, "datetime": {"datetime": "2024-06-13 18:28:20", "elapsed": 3.485692, "delta": 0.00399}}
{"target": -1006.514515711254, "params": {"gamma": 4.080091940484627, "lr": 0.8747476199043634}, "datetime": {"datetime": "2024-06-13 18:28:20", "elapsed": 3.48968, "delta": 0.003988}}
{"target": -1112.5624417191755, "params": {"gamma": 7.029614389411599, "lr": 0.18493502237340165}, "datetime": {"datetime": "2024-06-13 18:28:20", "elapsed": 3.49467, "delta": 0.00499}}
{"target": -1464.1647461929351, "params": {"gamma": 5.657755734146004, "lr": 0.9088080323000569}, "datetime": {"datetime": "2024-06-13 18:28:20", "elapsed": 3.498689, "delta": 0.004019}}
{"target": -383.39720415536624, "params": {"gamma": 1.5077492324904636, "lr": 0.8455176755307064}, "datetime": {"datetime": "2024-06-13 18:28:21", "elapsed": 3.502648, "delta": 0.003959}}
{"target": -1155.5262447586747, "params": {"gamma": 8.202204460687183, "lr": 0.4993411012978345}, "datetime": {"datetime": "2024-06-13 18:28:21", "elapsed": 3.506637, "delta": 0.003989}}
{"target": -161.38854382278708, "params": {"gamma": 0.37680093100554635, "lr": 0.14750250539693543}, "datetime": {"datetime": "2024-06-13 18:28:21", "elapsed": 3.510627, "delta": 0.00399}}
{"target": -3405.786995285745, "params": {"gamma": 9.226464308192023, "lr": 0.04415479603186245}, "datetime": {"datetime": "2024-06-13 18:28:21", "elapsed": 3.514616, "delta": 0.003989}}
{"target": -670.3081540713777, "params": {"gamma": 3.7256151652871896, "lr": 0.6190396347254709}, "datetime": {"datetime": "2024-06-13 18:28:21", "elapsed": 3.519603, "delta": 0.004987}}
{"target": -534.4236996880175, "params": {"gamma": 1.9702834411012529, "lr": 0.9810797572402973}, "datetime": {"datetime": "2024-06-13 18:28:21", "elapsed": 3.523593, "delta": 0.00399}}
{"target": -279.79895332448075, "params": {"gamma": 1.5605963552011808, "lr": 0.5396791951612744}, "datetime": {"datetime": "2024-06-13 18:28:21", "elapsed": 3.527581, "delta": 0.003988}}
{"target": -900.9881327325014, "params": {"gamma": 6.180495232142101, "lr": 0.2309899486697039}, "datetime": {"datetime": "2024-06-13 18:28:21", "elapsed": 3.531571, "delta": 0.00399}}
{"target": -666.3763074070438, "params": {"gamma": 4.663623583104205, "lr": 0.49100852913292925}, "datetime": {"datetime": "2024-06-13 18:28:21", "elapsed": 3.535561, "delta": 0.00399}}
{"target": -1382.9660842242586, "params": {"gamma": 7.668856900889094, "lr": 0.6342807527738734}, "datetime": {"datetime": "2024-06-13 18:28:21", "elapsed": 3.540547, "delta": 0.004986}}
{"target": -948.7442163002455, "params": {"gamma": 4.676032980600331, "lr": 0.6669425431939752}, "datetime": {"datetime": "2024-06-13 18:28:21", "elapsed": 3.544536, "delta": 0.003989}}
{"target": -742.1438370272971, "params": {"gamma": 4.534320887795462, "lr": 0.5257115913414097}, "datetime": {"datetime": "2024-06-13 18:28:21", "elapsed": 3.548525, "delta": 0.003989}}
