{"target": -141.53932626724458, "params": {"gamma": 1.0572879204151655, "prior": 3.5438633227157297, "rate": 0.0032381754853480545}, "datetime": {"datetime": "2024-06-14 19:24:43", "elapsed": 677.762809, "delta": 25.464559}}
{"target": -141.4730917873254, "params": {"gamma": 0.939976748714281, "prior": 9.675763094198174, "rate": 0.34571679292178387}, "datetime": {"datetime": "2024-06-14 19:25:15", "elapsed": 709.733098, "delta": 31.970289}}
{"target": -152.47010248368755, "params": {"gamma": 0.001, "prior": 10.0, "rate": 10.0}, "datetime": {"datetime": "2024-06-14 19:25:48", "elapsed": 743.224375, "delta": 33.491277}}
{"target": -142.72224652735318, "params": {"gamma": 0.8405414463873745, "prior": 9.966754707815815, "rate": 8.603731738958313}, "datetime": {"datetime": "2024-06-14 19:26:24", "elapsed": 779.639771, "delta": 36.415396}}
{"target": -141.52306219448985, "params": {"gamma": 0.918929946864471, "prior": 7.149368609202234, "rate": 1.416897805850789}, "datetime": {"datetime": "2024-06-14 19:26:50", "elapsed": 805.542063, "delta": 25.902292}}
