{"target": -130.35953671848546, "params": {"p_ai": 4.634748122750124, "p_al": 5.099229852311732, "p_ex": 5.116287316757662, "prior": 9.971390854869842, "rate": 1.296828576884128}, "datetime": {"datetime": "2024-06-13 00:15:16", "elapsed": 60.842895, "delta": 0.106502}}
{"target": -158.69890397710432, "params": {"p_ai": 7.561942713988967, "p_al": 7.937773715501701, "p_ex": 5.849241105106437, "prior": 4.627919064512984, "rate": 8.934372946865443}, "datetime": {"datetime": "2024-06-13 00:15:16", "elapsed": 60.948615, "delta": 0.10572}}
{"target": -203.80180941683304, "params": {"p_ai": 8.281974010512174, "p_al": 0.5038590693510084, "p_ex": 9.629874547125452, "prior": 0.07439157764468438, "rate": 5.731748914634736}, "datetime": {"datetime": "2024-06-13 00:15:16", "elapsed": 61.054333, "delta": 0.105718}}
{"target": -180.02349935732732, "params": {"p_ai": 5.7247357384538, "p_al": 8.343962268240377, "p_ex": 3.8477759631858306, "prior": 0.911317649590776, "rate": 5.81729100641988}, "datetime": {"datetime": "2024-06-13 00:15:16", "elapsed": 61.16005, "delta": 0.105717}}
{"target": -163.66706321113804, "params": {"p_ai": 0.24943375777694893, "p_al": 3.618595813310707, "p_ex": 9.853182704051143, "prior": 8.687919916680645, "rate": 1.525814920870293}, "datetime": {"datetime": "2024-06-13 00:15:16", "elapsed": 61.265767, "delta": 0.105717}}
{"target": -169.61814282143413, "params": {"p_ai": 7.988462064471767, "p_al": 8.110158197295846, "p_ex": 9.282143984052633, "prior": 2.2446182761738016, "rate": 4.990175777525101}, "datetime": {"datetime": "2024-06-13 00:15:17", "elapsed": 61.371485, "delta": 0.105718}}
{"target": -169.15325767043677, "params": {"p_ai": 8.274613470019348, "p_al": 6.673670516196978, "p_ex": 5.939767497694312, "prior": 6.520106231886649, "rate": 2.385921611977331}, "datetime": {"datetime": "2024-06-13 00:15:17", "elapsed": 61.476205, "delta": 0.10472}}
{"target": -124.50815466694934, "params": {"p_ai": 0.2563753086730316, "p_al": 7.362836317207894, "p_ex": 3.268591461483445, "prior": 3.7681921123145443, "rate": 6.126547925441392}, "datetime": {"datetime": "2024-06-13 00:15:17", "elapsed": 61.581922, "delta": 0.105717}}
{"target": -136.06546583033918, "params": {"p_ai": 6.571993258592808, "p_al": 2.0297861073278014, "p_ex": 8.260489346916343, "prior": 3.802685845849549, "rate": 6.317812340605414}, "datetime": {"datetime": "2024-06-13 00:15:17", "elapsed": 61.688966, "delta": 0.107044}}
{"target": -194.47664155110022, "params": {"p_ai": 9.664147745107453, "p_al": 5.648297566431096, "p_ex": 3.58975250674678, "prior": 6.1900821172926825, "rate": 5.018429387513632}, "datetime": {"datetime": "2024-06-13 00:15:17", "elapsed": 61.794807, "delta": 0.105841}}
{"target": -124.94077729780534, "params": {"p_ai": 4.524310101530738, "p_al": 7.32297507682793, "p_ex": 9.245176989691043, "prior": 4.793234881420612, "rate": 0.8832132798499579}, "datetime": {"datetime": "2024-06-13 00:15:17", "elapsed": 61.900534, "delta": 0.105727}}
{"target": -163.4150190508393, "params": {"p_ai": 5.696965913284056, "p_al": 2.450263600293229, "p_ex": 0.3967395368422162, "prior": 7.881613926230188, "rate": 2.728409598411216}, "datetime": {"datetime": "2024-06-13 00:15:17", "elapsed": 62.006252, "delta": 0.105718}}
{"target": -198.39721869911597, "params": {"p_ai": 7.7709278589308965, "p_al": 4.882601221938961, "p_ex": 3.1800409748600784, "prior": 3.1409404750589167, "rate": 0.42120557610105835}, "datetime": {"datetime": "2024-06-13 00:15:17", "elapsed": 62.111972, "delta": 0.10572}}
{"target": -205.97060681103906, "params": {"p_ai": 5.344463969208603, "p_al": 8.235692008411606, "p_ex": 0.8398696296412803, "prior": 1.0864784973815673, "rate": 5.293030012750302}, "datetime": {"datetime": "2024-06-13 00:15:17", "elapsed": 62.218073, "delta": 0.106101}}
{"target": -236.5233525658476, "params": {"p_ai": 6.601757954426345, "p_al": 6.947765177374281, "p_ex": 3.1329037297737132, "prior": 0.37873998028565886, "rate": 4.146214234044257}, "datetime": {"datetime": "2024-06-13 00:15:17", "elapsed": 62.322793, "delta": 0.10472}}
{"target": -106.14780013079475, "params": {"p_ai": 2.2612156645820662, "p_al": 0.012147187693814215, "p_ex": 6.857480005685141, "prior": 9.520673328006277, "rate": 3.9121264535897473}, "datetime": {"datetime": "2024-06-13 00:15:18", "elapsed": 62.42851, "delta": 0.105717}}
{"target": -99.50223643468233, "params": {"p_ai": 3.0036839952852596, "p_al": 5.537964374290343, "p_ex": 8.519910604390748, "prior": 7.9498792795045405, "rate": 6.847882293080787}, "datetime": {"datetime": "2024-06-13 00:15:18", "elapsed": 62.535227, "delta": 0.106717}}
{"target": -140.03140453987248, "params": {"p_ai": 4.321638805905765, "p_al": 6.904649764523284, "p_ex": 2.161037487164819, "prior": 2.8401504350246216, "rate": 7.778428288392944}, "datetime": {"datetime": "2024-06-13 00:15:18", "elapsed": 62.64145, "delta": 0.106223}}
{"target": -241.60843994616852, "params": {"p_ai": 9.299871383327218, "p_al": 1.9013049866632814, "p_ex": 2.9613368308929076, "prior": 0.06309646163797043, "rate": 4.316190890558737}, "datetime": {"datetime": "2024-06-13 00:15:18", "elapsed": 62.747208, "delta": 0.105758}}
{"target": -156.81997165701387, "params": {"p_ai": 2.103740422454257, "p_al": 6.414606400753661, "p_ex": 7.096182567565407, "prior": 1.188658366270452, "rate": 0.8223578763172843}, "datetime": {"datetime": "2024-06-13 00:15:18", "elapsed": 62.853176, "delta": 0.105968}}
{"target": -173.97924513983997, "params": {"p_ai": 9.063444360733778, "p_al": 3.8929983086548985, "p_ex": 5.334501569162878, "prior": 9.632452407571792, "rate": 7.590781068151137}, "datetime": {"datetime": "2024-06-13 00:15:18", "elapsed": 62.95847, "delta": 0.105294}}
{"target": -122.86203477283458, "params": {"p_ai": 3.256077435692296, "p_al": 0.8594071619018152, "p_ex": 5.360704142867423, "prior": 3.3619183039303744, "rate": 0.21783235985649294}, "datetime": {"datetime": "2024-06-13 00:15:18", "elapsed": 63.064119, "delta": 0.105649}}
{"target": -154.8101828657056, "params": {"p_ai": 7.711752180204535, "p_al": 3.849706389409975, "p_ex": 5.713640179437297, "prior": 7.557672815106508, "rate": 9.408533351590556}, "datetime": {"datetime": "2024-06-13 00:15:18", "elapsed": 63.169837, "delta": 0.105718}}
{"target": -183.5166503320374, "params": {"p_ai": 6.123611064507542, "p_al": 3.1546463916226513, "p_ex": 1.1016550019623323, "prior": 0.7401149602248109, "rate": 3.197588047953422}, "datetime": {"datetime": "2024-06-13 00:15:18", "elapsed": 63.274985, "delta": 0.105148}}
{"target": -223.40101327510902, "params": {"p_ai": 6.608730550421095, "p_al": 6.9518254952121765, "p_ex": 2.0779726825898135, "prior": 0.8288765899448861, "rate": 3.055801102199025}, "datetime": {"datetime": "2024-06-13 00:15:19", "elapsed": 63.380702, "delta": 0.105717}}
{"target": -138.4511883090331, "params": {"p_ai": 5.476198023985873, "p_al": 7.546942075074172, "p_ex": 5.297043548379857, "prior": 2.8705505437179983, "rate": 6.242173052915846}, "datetime": {"datetime": "2024-06-13 00:15:19", "elapsed": 63.494398, "delta": 0.113696}}
{"target": -99.8125457807766, "params": {"p_ai": 2.649101715106782, "p_al": 6.527276450430897, "p_ex": 8.419138180259552, "prior": 6.389839255863949, "rate": 5.656749058298363}, "datetime": {"datetime": "2024-06-13 00:15:19", "elapsed": 63.601113, "delta": 0.106715}}
{"target": -99.46786964005761, "params": {"p_ai": 3.072113950599342, "p_al": 8.767893622339674, "p_ex": 9.888230025288278, "prior": 7.775016832668201, "rate": 5.736864931846622}, "datetime": {"datetime": "2024-06-13 00:15:19", "elapsed": 63.716366, "delta": 0.115253}}
{"target": -110.19653351388891, "params": {"p_ai": 1.4136520470773757, "p_al": 3.1499752949036433, "p_ex": 3.669226326593246, "prior": 2.9196603150536307, "rate": 4.46008219467453}, "datetime": {"datetime": "2024-06-13 00:15:19", "elapsed": 63.82378, "delta": 0.107414}}
{"target": -154.7692590722648, "params": {"p_ai": 6.106714536159591, "p_al": 2.129932990561121, "p_ex": 2.4983477831127514, "prior": 1.1223926817277465, "rate": 3.07657830315885}, "datetime": {"datetime": "2024-06-13 00:15:19", "elapsed": 63.929569, "delta": 0.105789}}
{"target": -108.47510193055822, "params": {"p_ai": 4.9749853375678486, "p_al": 4.898588039316173, "p_ex": 9.955776541252115, "prior": 9.811104522073206, "rate": 4.366191154039751}, "datetime": {"datetime": "2024-06-13 00:15:19", "elapsed": 64.035286, "delta": 0.105717}}
{"target": -183.4430794251881, "params": {"p_ai": 9.720234197281384, "p_al": 2.1447646438539647, "p_ex": 5.411667740203425, "prior": 4.534899709382847, "rate": 9.67612136622795}, "datetime": {"datetime": "2024-06-13 00:15:19", "elapsed": 64.142068, "delta": 0.106782}}
{"target": -171.51019413544418, "params": {"p_ai": 8.361926055130448, "p_al": 2.142255100882632, "p_ex": 4.395951482451757, "prior": 1.685601239492825, "rate": 5.29134301734205}, "datetime": {"datetime": "2024-06-13 00:15:19", "elapsed": 64.247333, "delta": 0.105265}}
{"target": -175.67799544912705, "params": {"p_ai": 7.935053256996167, "p_al": 0.35975561051120136, "p_ex": 1.9143974164796644, "prior": 9.77457818836577, "rate": 9.608012262900427}, "datetime": {"datetime": "2024-06-13 00:15:19", "elapsed": 64.360032, "delta": 0.112699}}
{"target": -144.81132800197864, "params": {"p_ai": 5.566359999361917, "p_al": 6.461261124237896, "p_ex": 2.7216580499184504, "prior": 9.520958766042686, "rate": 6.698078288466073}, "datetime": {"datetime": "2024-06-13 00:15:20", "elapsed": 64.468747, "delta": 0.108715}}
{"target": -130.66413107106015, "params": {"p_ai": 6.6684131433924785, "p_al": 0.11202223036585872, "p_ex": 8.529845528647078, "prior": 7.78348386058334, "rate": 6.849555045051163}, "datetime": {"datetime": "2024-06-13 00:15:20", "elapsed": 64.575461, "delta": 0.106714}}
{"target": -162.37709875472498, "params": {"p_ai": 7.4080773483828315, "p_al": 1.5665676735591734, "p_ex": 7.188031753433652, "prior": 0.9690872885214075, "rate": 7.069787530938304}, "datetime": {"datetime": "2024-06-13 00:15:20", "elapsed": 64.680766, "delta": 0.105305}}
{"target": -121.11908267589696, "params": {"p_ai": 0.027315329458906884, "p_al": 7.76228166881635, "p_ex": 4.916080290630613, "prior": 2.044664276112351, "rate": 7.292736897839507}, "datetime": {"datetime": "2024-06-13 00:15:20", "elapsed": 64.78715, "delta": 0.106384}}
{"target": -126.7843595496859, "params": {"p_ai": 3.1572256636998253, "p_al": 8.83829208238512, "p_ex": 1.803155018796988, "prior": 9.385567992205967, "rate": 9.707530730383564}, "datetime": {"datetime": "2024-06-13 00:15:20", "elapsed": 64.891869, "delta": 0.104719}}
{"target": -105.81336335138538, "params": {"p_ai": 3.0455479552792557, "p_al": 8.625001510643305, "p_ex": 8.421949009551232, "prior": 4.246702488235933, "rate": 3.637480394119995}, "datetime": {"datetime": "2024-06-13 00:15:20", "elapsed": 64.99824, "delta": 0.106371}}
{"target": -125.78864563437992, "params": {"p_ai": 2.825092294877215, "p_al": 9.93237460787099, "p_ex": 2.5582545184920447, "prior": 9.206835301993463, "rate": 4.283923802383466}, "datetime": {"datetime": "2024-06-13 00:15:20", "elapsed": 65.105126, "delta": 0.106886}}
{"target": -208.9689398056728, "params": {"p_ai": 9.354334696401745, "p_al": 8.38860949714763, "p_ex": 1.5586174788295128, "prior": 5.743259260154481, "rate": 6.7353566438421755}, "datetime": {"datetime": "2024-06-13 00:15:20", "elapsed": 65.211348, "delta": 0.106222}}
{"target": -131.6767993918953, "params": {"p_ai": 4.058798239584453, "p_al": 0.04976556777778367, "p_ex": 3.2539879663598352, "prior": 8.389610534784513, "rate": 0.629176978192477}, "datetime": {"datetime": "2024-06-13 00:15:20", "elapsed": 65.316573, "delta": 0.105225}}
{"target": -114.83753340447825, "params": {"p_ai": 1.0550920446467325, "p_al": 7.0181716777726475, "p_ex": 5.142068519294122, "prior": 4.9821700831201285, "rate": 3.736723579545134}, "datetime": {"datetime": "2024-06-13 00:15:21", "elapsed": 65.423794, "delta": 0.107221}}
{"target": -156.2552787666748, "params": {"p_ai": 6.035532653096519, "p_al": 8.514836200003508, "p_ex": 2.7699536416334585, "prior": 8.447768867073506, "rate": 4.166774866572612}, "datetime": {"datetime": "2024-06-13 00:15:21", "elapsed": 65.530017, "delta": 0.106223}}
{"target": -139.65420886670225, "params": {"p_ai": 5.010339139927012, "p_al": 7.296504162303235, "p_ex": 2.5879583533585664, "prior": 9.216447549642744, "rate": 7.020992572824255}, "datetime": {"datetime": "2024-06-13 00:15:21", "elapsed": 65.635734, "delta": 0.105717}}
{"target": -138.6237467424542, "params": {"p_ai": 6.189685300551793, "p_al": 2.7308153642818653, "p_ex": 6.958788715138101, "prior": 2.5728902697861002, "rate": 8.164710250604447}, "datetime": {"datetime": "2024-06-13 00:15:21", "elapsed": 65.745036, "delta": 0.109302}}
{"target": -130.38216764375997, "params": {"p_ai": 0.11571307777403769, "p_al": 1.6662098984717895, "p_ex": 5.578732058631829, "prior": 7.12309771502542, "rate": 4.925314058477191}, "datetime": {"datetime": "2024-06-13 00:15:21", "elapsed": 65.850953, "delta": 0.105917}}
{"target": -181.3465927476811, "params": {"p_ai": 8.77821720529802, "p_al": 9.758723505691574, "p_ex": 4.643306398374889, "prior": 7.680101807848576, "rate": 4.9482265662014395}, "datetime": {"datetime": "2024-06-13 00:15:21", "elapsed": 65.957085, "delta": 0.106132}}
{"target": -166.6021136355397, "params": {"p_ai": 6.651322684579871, "p_al": 2.2495249246936897, "p_ex": 1.0963076304454686, "prior": 9.790110366804328, "rate": 8.150131602400142}, "datetime": {"datetime": "2024-06-13 00:15:21", "elapsed": 66.062802, "delta": 0.105717}}
{"target": -122.90673890904324, "params": {"p_ai": 2.85454994096286, "p_al": 5.858698015894784, "p_ex": 3.8013319815826336, "prior": 1.7642040696578871, "rate": 4.188932595381877}, "datetime": {"datetime": "2024-06-13 00:15:21", "elapsed": 66.168519, "delta": 0.105717}}
{"target": -109.7523762781171, "params": {"p_ai": 2.9725807541730793, "p_al": 0.16722444122252625, "p_ex": 3.8742957016810964, "prior": 9.209209125043717, "rate": 8.28217438681578}, "datetime": {"datetime": "2024-06-13 00:15:21", "elapsed": 66.273973, "delta": 0.105454}}
{"target": -147.74789952824725, "params": {"p_ai": 5.741173477210314, "p_al": 3.1871500009390448, "p_ex": 2.31341168455949, "prior": 9.560239816725709, "rate": 5.646536380588049}, "datetime": {"datetime": "2024-06-13 00:15:22", "elapsed": 66.37969, "delta": 0.105717}}
{"target": -105.15363810088407, "params": {"p_ai": 2.176835430287672, "p_al": 2.4955710289351303, "p_ex": 9.59600242910666, "prior": 2.3889025188306237, "rate": 1.068034169467023}, "datetime": {"datetime": "2024-06-13 00:15:22", "elapsed": 66.485408, "delta": 0.105718}}
{"target": -101.8323710548058, "params": {"p_ai": 1.840435435586939, "p_al": 7.662481844372273, "p_ex": 7.087933795056683, "prior": 4.379981305846461, "rate": 7.938251266657136}, "datetime": {"datetime": "2024-06-13 00:15:22", "elapsed": 66.591125, "delta": 0.105717}}
{"target": -153.08854631360757, "params": {"p_ai": 5.1756094087340525, "p_al": 4.136568013129941, "p_ex": 1.1753019203396682, "prior": 8.839226748297556, "rate": 2.7566565508887577}, "datetime": {"datetime": "2024-06-13 00:15:22", "elapsed": 66.696842, "delta": 0.105717}}
{"target": -162.46423493006375, "params": {"p_ai": 6.162990972575274, "p_al": 9.8458132098281, "p_ex": 1.8949908024154942, "prior": 9.651914729938635, "rate": 6.527500968888528}, "datetime": {"datetime": "2024-06-13 00:15:22", "elapsed": 66.80288, "delta": 0.106038}}
{"target": -104.31628919406015, "params": {"p_ai": 1.28818731436088, "p_al": 7.719499533584411, "p_ex": 9.51780600679268, "prior": 5.628242716344561, "rate": 6.885863442381723}, "datetime": {"datetime": "2024-06-13 00:15:22", "elapsed": 66.9101, "delta": 0.10722}}
{"target": -215.54765136283194, "params": {"p_ai": 0.26445244082095803, "p_al": 9.890767779393961, "p_ex": 3.1852527410170115, "prior": 0.24001388988282726, "rate": 8.08583294059341}, "datetime": {"datetime": "2024-06-13 00:15:22", "elapsed": 67.015817, "delta": 0.105717}}
{"target": -289.91017841060864, "params": {"p_ai": 9.732552265118914, "p_al": 7.376147510656895, "p_ex": 0.028355324647958178, "prior": 0.6345417532289791, "rate": 5.843109782870581}, "datetime": {"datetime": "2024-06-13 00:15:22", "elapsed": 67.121537, "delta": 0.10572}}
{"target": -101.22973834419042, "params": {"p_ai": 3.3578153624482754, "p_al": 8.818452974037214, "p_ex": 8.736820024200027, "prior": 9.875201568135711, "rate": 7.158603858756865}, "datetime": {"datetime": "2024-06-13 00:15:22", "elapsed": 67.226257, "delta": 0.10472}}
{"target": -199.01428765290146, "params": {"p_ai": 8.768960114386706, "p_al": 3.197181468508664, "p_ex": 1.1126583422461405, "prior": 8.653775693718016, "rate": 3.035422507017289}, "datetime": {"datetime": "2024-06-13 00:15:22", "elapsed": 67.332403, "delta": 0.106146}}
{"target": -117.62538619540054, "params": {"p_ai": 4.193903649370696, "p_al": 6.460656540458656, "p_ex": 6.051386242420971, "prior": 4.209809922064285, "rate": 3.862118968194065}, "datetime": {"datetime": "2024-06-13 00:15:23", "elapsed": 67.438655, "delta": 0.106252}}
{"target": -119.7077402835196, "params": {"p_ai": 1.227687737548204, "p_al": 5.339084981149863, "p_ex": 2.329308118342716, "prior": 7.548323703153514, "rate": 6.749030971060837}, "datetime": {"datetime": "2024-06-13 00:15:23", "elapsed": 67.546339, "delta": 0.107684}}
{"target": -171.6051066110557, "params": {"p_ai": 0.7201977211273354, "p_al": 9.892657582673268, "p_ex": 7.804788898807839, "prior": 2.279031043019085, "rate": 0.30839744067862085}, "datetime": {"datetime": "2024-06-13 00:15:23", "elapsed": 67.652056, "delta": 0.105717}}
{"target": -119.49942836044423, "params": {"p_ai": 4.784239938885914, "p_al": 3.5280716325732393, "p_ex": 5.465568482142916, "prior": 6.596979890293786, "rate": 7.972400853780025}, "datetime": {"datetime": "2024-06-13 00:15:23", "elapsed": 67.757755, "delta": 0.105699}}
{"target": -130.38952211735202, "params": {"p_ai": 0.1364299240444373, "p_al": 7.143240843274906, "p_ex": 2.95384434705289, "prior": 9.864039353798532, "rate": 8.46257106414723}, "datetime": {"datetime": "2024-06-13 00:15:23", "elapsed": 67.86957, "delta": 0.111815}}
{"target": -180.98939047394177, "params": {"p_ai": 5.604451409666734, "p_al": 5.9780590880830164, "p_ex": 1.9215646543725684, "prior": 2.263289634282068, "rate": 1.5409777702011733}, "datetime": {"datetime": "2024-06-13 00:15:23", "elapsed": 67.976007, "delta": 0.106437}}
{"target": -118.19931636782685, "params": {"p_ai": 3.778757661096953, "p_al": 1.1204424879714694, "p_ex": 5.113217663448985, "prior": 6.385141076060073, "rate": 1.2230015699915957}, "datetime": {"datetime": "2024-06-13 00:15:23", "elapsed": 68.081726, "delta": 0.105719}}
{"target": -107.08296223386435, "params": {"p_ai": 3.442619392943751, "p_al": 0.7044084489723932, "p_ex": 5.25808611153342, "prior": 6.503247402260852, "rate": 6.155105941609653}, "datetime": {"datetime": "2024-06-13 00:15:23", "elapsed": 68.18844, "delta": 0.106714}}
{"target": -164.8671324642516, "params": {"p_ai": 8.138881758532042, "p_al": 2.3564267987877012, "p_ex": 6.182200236562616, "prior": 3.028982363807174, "rate": 0.8885882930853439}, "datetime": {"datetime": "2024-06-13 00:15:23", "elapsed": 68.294157, "delta": 0.105717}}
{"target": -111.2992747782287, "params": {"p_ai": 3.053309454186566, "p_al": 0.7144933929712171, "p_ex": 9.585783535985689, "prior": 7.271927183834367, "rate": 1.0155071173822163}, "datetime": {"datetime": "2024-06-13 00:15:24", "elapsed": 68.400872, "delta": 0.106715}}
{"target": -153.34964456941313, "params": {"p_ai": 7.862906954163588, "p_al": 3.5222014456052215, "p_ex": 9.1144399680976, "prior": 4.955478850036387, "rate": 8.727054537125737}, "datetime": {"datetime": "2024-06-13 00:15:24", "elapsed": 68.50612, "delta": 0.105248}}
{"target": -119.22143430446232, "params": {"p_ai": 2.206077417642493, "p_al": 3.6725560667067523, "p_ex": 3.6690025846416687, "prior": 0.9722296833512493, "rate": 3.310813326223882}, "datetime": {"datetime": "2024-06-13 00:15:24", "elapsed": 68.614338, "delta": 0.108218}}
{"target": -139.1453439196845, "params": {"p_ai": 6.597438328584157, "p_al": 4.665968370246033, "p_ex": 8.792436465874568, "prior": 2.6974329936370927, "rate": 3.5488386678677664}, "datetime": {"datetime": "2024-06-13 00:15:24", "elapsed": 68.723049, "delta": 0.108711}}
{"target": -131.1189804489101, "params": {"p_ai": 3.2042225472159718, "p_al": 5.517827968246455, "p_ex": 1.8830059366472722, "prior": 1.7332694708102208, "rate": 9.394879760160336}, "datetime": {"datetime": "2024-06-13 00:15:24", "elapsed": 68.832719, "delta": 0.10967}}
{"target": -200.85073801910139, "params": {"p_ai": 3.767100489749554, "p_al": 5.871394250695616, "p_ex": 0.5524656981032197, "prior": 1.409439110996769, "rate": 0.964489160060572}, "datetime": {"datetime": "2024-06-13 00:15:24", "elapsed": 68.942465, "delta": 0.109746}}
{"target": -163.045277427587, "params": {"p_ai": 8.121343564013504, "p_al": 1.0323646790520586, "p_ex": 5.163644140749812, "prior": 1.556623402022749, "rate": 2.7888887375330564}, "datetime": {"datetime": "2024-06-13 00:15:24", "elapsed": 69.051137, "delta": 0.108672}}
{"target": -186.0548185505819, "params": {"p_ai": 8.826137423028198, "p_al": 6.316306057543976, "p_ex": 9.636663439420486, "prior": 5.997543941794315, "rate": 0.0961876424493635}, "datetime": {"datetime": "2024-06-13 00:15:24", "elapsed": 69.162376, "delta": 0.111239}}
{"target": -121.28088818186193, "params": {"p_ai": 4.156994414198696, "p_al": 0.22539510183243922, "p_ex": 3.1405292961414175, "prior": 4.816767682276697, "rate": 5.755017951896957}, "datetime": {"datetime": "2024-06-13 00:15:24", "elapsed": 69.268938, "delta": 0.106562}}
{"target": -118.55180999042996, "params": {"p_ai": 2.38726337908637, "p_al": 5.583307497898072, "p_ex": 3.949806420938232, "prior": 5.066315292881764, "rate": 1.9604741784106727}, "datetime": {"datetime": "2024-06-13 00:15:25", "elapsed": 69.374658, "delta": 0.10572}}
