{"target": -2691.8376298439903, "params": {"gamma": 9.257279632827263, "lr": 0.7811954006757661}, "datetime": {"datetime": "2024-06-13 14:28:17", "elapsed": 4.164036, "delta": 0.003988}}
{"target": -478.62145150624445, "params": {"gamma": 3.0745074227980154, "lr": 0.3049656416420632}, "datetime": {"datetime": "2024-06-13 14:28:17", "elapsed": 4.169023, "delta": 0.004987}}
{"target": -1715.7024190087188, "params": {"gamma": 8.811802015970617, "lr": 0.1260784803971985}, "datetime": {"datetime": "2024-06-13 14:28:17", "elapsed": 4.17401, "delta": 0.004987}}
{"target": -1050.062051876422, "params": {"gamma": 6.334974881523022, "lr": 0.2777127324734242}, "datetime": {"datetime": "2024-06-13 14:28:17", "elapsed": 4.177999, "delta": 0.003989}}
{"target": -1283.7867922173905, "params": {"gamma": 8.272176051067923, "lr": 0.3645234475558883}, "datetime": {"datetime": "2024-06-13 14:28:17", "elapsed": 4.181989, "delta": 0.00399}}
{"target": -1186.5463555161207, "params": {"gamma": 7.3339275785938725, "lr": 0.1924178904137388}, "datetime": {"datetime": "2024-06-13 14:28:17", "elapsed": 4.185978, "delta": 0.003989}}
{"target": -1413.4654107664023, "params": {"gamma": 4.814977529509854, "lr": 0.8035946264310272}, "datetime": {"datetime": "2024-06-13 14:28:18", "elapsed": 4.190965, "delta": 0.004987}}
{"target": -692.9986959474265, "params": {"gamma": 3.9704851285120673, "lr": 0.16157403985608987}, "datetime": {"datetime": "2024-06-13 14:28:18", "elapsed": 4.194954, "delta": 0.003989}}
{"target": -1881.2789939436814, "params": {"gamma": 6.490173244263826, "lr": 0.7533258058943924}, "datetime": {"datetime": "2024-06-13 14:28:18", "elapsed": 4.198943, "delta": 0.003989}}
{"target": -520.1773920620839, "params": {"gamma": 2.8026461610955637, "lr": 0.45136186123240163}, "datetime": {"datetime": "2024-06-13 14:28:18", "elapsed": 4.204928, "delta": 0.005985}}
{"target": -2766.221885736274, "params": {"gamma": 9.004588674948266, "lr": 0.8719856311909184}, "datetime": {"datetime": "2024-06-13 14:28:18", "elapsed": 4.209914, "delta": 0.004986}}
{"target": -1528.1649333664009, "params": {"gamma": 7.0721689102320395, "lr": 0.5909005994904067}, "datetime": {"datetime": "2024-06-13 14:28:18", "elapsed": 4.214104, "delta": 0.00419}}
{"target": -2512.550944881537, "params": {"gamma": 8.174005321700859, "lr": 0.907644646099839}, "datetime": {"datetime": "2024-06-13 14:28:18", "elapsed": 4.218092, "delta": 0.003988}}
{"target": -153.45705862999912, "params": {"gamma": 0.026073089119563617, "lr": 0.39722776623376177}, "datetime": {"datetime": "2024-06-13 14:28:18", "elapsed": 4.222081, "delta": 0.003989}}
{"target": -1460.1217687128435, "params": {"gamma": 5.614535427501098, "lr": 0.7339231362848766}, "datetime": {"datetime": "2024-06-13 14:28:18", "elapsed": 4.22607, "delta": 0.003989}}
{"target": -189.25065519260946, "params": {"gamma": 0.8756401490882502, "lr": 0.3997549876808645}, "datetime": {"datetime": "2024-06-13 14:28:18", "elapsed": 4.231057, "delta": 0.004987}}
{"target": -468.76847521077167, "params": {"gamma": 2.796932173319039, "lr": 0.42351005310518297}, "datetime": {"datetime": "2024-06-13 14:28:18", "elapsed": 4.236044, "delta": 0.004987}}
{"target": -1215.9683805368481, "params": {"gamma": 4.980288348100211, "lr": 0.660015223526051}, "datetime": {"datetime": "2024-06-13 14:28:18", "elapsed": 4.240033, "delta": 0.003989}}
{"target": -1175.2661440956224, "params": {"gamma": 4.962865153563822, "lr": 0.6204682006051905}, "datetime": {"datetime": "2024-06-13 14:28:18", "elapsed": 4.244022, "delta": 0.003989}}
{"target": -948.1663466430605, "params": {"gamma": 5.824816179030337, "lr": 0.42833239803885637}, "datetime": {"datetime": "2024-06-13 14:28:18", "elapsed": 4.249009, "delta": 0.004987}}
{"target": -152.3681989998248, "params": {"gamma": 0.050758670747942644, "lr": 0.19451641385960183}, "datetime": {"datetime": "2024-06-13 14:28:18", "elapsed": 4.252998, "delta": 0.003989}}
{"target": -565.9314563701074, "params": {"gamma": 3.2027463362086017, "lr": 0.1469781258549313}, "datetime": {"datetime": "2024-06-13 14:28:18", "elapsed": 4.25702, "delta": 0.004022}}
{"target": -1413.4842195602441, "params": {"gamma": 5.987040152182751, "lr": 0.6114994766596024}, "datetime": {"datetime": "2024-06-13 14:28:18", "elapsed": 4.261006, "delta": 0.003986}}
{"target": -761.5001782678427, "params": {"gamma": 5.001432502709699, "lr": 0.32084890160086454}, "datetime": {"datetime": "2024-06-13 14:28:18", "elapsed": 4.266961, "delta": 0.005955}}
{"target": -1060.0431599585338, "params": {"gamma": 6.53292726219252, "lr": 0.19028348267904371}, "datetime": {"datetime": "2024-06-13 14:28:18", "elapsed": 4.270951, "delta": 0.00399}}
{"target": -152.50194974091698, "params": {"gamma": 0.05980393346483768, "lr": 0.7349420186839615}, "datetime": {"datetime": "2024-06-13 14:28:18", "elapsed": 4.27494, "delta": 0.003989}}
{"target": -1130.9042426341207, "params": {"gamma": 4.435594915197448, "lr": 0.6978416560498484}, "datetime": {"datetime": "2024-06-13 14:28:18", "elapsed": 4.278955, "delta": 0.004015}}
{"target": -810.0078883557, "params": {"gamma": 1.851248453020123, "lr": 0.06261980198391548}, "datetime": {"datetime": "2024-06-13 14:28:18", "elapsed": 4.283916, "delta": 0.004961}}
{"target": -967.3639145495629, "params": {"gamma": 3.78170775924343, "lr": 0.695996510445494}, "datetime": {"datetime": "2024-06-13 14:28:18", "elapsed": 4.287905, "delta": 0.003989}}
{"target": -214.37899548945992, "params": {"gamma": 1.0290808561757039, "lr": 0.19583423367499242}, "datetime": {"datetime": "2024-06-13 14:28:18", "elapsed": 4.291895, "delta": 0.00399}}
{"target": -1077.0345442943096, "params": {"gamma": 4.540072551414793, "lr": 0.6211491896936461}, "datetime": {"datetime": "2024-06-13 14:28:18", "elapsed": 4.296882, "delta": 0.004987}}
{"target": -2224.162494969868, "params": {"gamma": 7.501492356441782, "lr": 0.1097350212856566}, "datetime": {"datetime": "2024-06-13 14:28:18", "elapsed": 4.301868, "delta": 0.004986}}
{"target": -1009.8814913318747, "params": {"gamma": 6.246611447949256, "lr": 0.3873605221444808}, "datetime": {"datetime": "2024-06-13 14:28:18", "elapsed": 4.305857, "delta": 0.003989}}
{"target": -1049.5189908658083, "params": {"gamma": 6.701233597109323, "lr": 0.2035603776619016}, "datetime": {"datetime": "2024-06-13 14:28:18", "elapsed": 4.310844, "delta": 0.004987}}
{"target": -866.7932783613996, "params": {"gamma": 5.2796600565097815, "lr": 0.1721625549559327}, "datetime": {"datetime": "2024-06-13 14:28:18", "elapsed": 4.315831, "delta": 0.004987}}
{"target": -146.8709166923922, "params": {"gamma": 0.18779137895775708, "lr": 0.4869502464239571}, "datetime": {"datetime": "2024-06-13 14:28:18", "elapsed": 4.320818, "delta": 0.004987}}
{"target": -469.3944067359732, "params": {"gamma": 1.8425935878323698, "lr": 0.6383433300033875}, "datetime": {"datetime": "2024-06-13 14:28:18", "elapsed": 4.325804, "delta": 0.004986}}
{"target": -1557.8946765243113, "params": {"gamma": 5.366211618584989, "lr": 0.7749453799977457}, "datetime": {"datetime": "2024-06-13 14:28:18", "elapsed": 4.329815, "delta": 0.004011}}
{"target": -1274.4372524625096, "params": {"gamma": 3.930206066439398, "lr": 0.9894521308362529}, "datetime": {"datetime": "2024-06-13 14:28:18", "elapsed": 4.334806, "delta": 0.004991}}
{"target": -933.9370802767014, "params": {"gamma": 5.152631746924576, "lr": 0.47882340118547173}, "datetime": {"datetime": "2024-06-13 14:28:18", "elapsed": 4.33877, "delta": 0.003964}}
{"target": -1611.51781344012, "params": {"gamma": 7.494675265050945, "lr": 0.5726882932924154}, "datetime": {"datetime": "2024-06-13 14:28:18", "elapsed": 4.343785, "delta": 0.005015}}
{"target": -664.1975804738623, "params": {"gamma": 3.625290707682954, "lr": 0.48924478546014216}, "datetime": {"datetime": "2024-06-13 14:28:18", "elapsed": 4.347745, "delta": 0.00396}}
{"target": -329.1655302724305, "params": {"gamma": 1.8921946110135588, "lr": 0.39358341429686194}, "datetime": {"datetime": "2024-06-13 14:28:18", "elapsed": 4.351735, "delta": 0.00399}}
{"target": -148.52603367909822, "params": {"gamma": 0.30058756348796134, "lr": 0.46252906034220287}, "datetime": {"datetime": "2024-06-13 14:28:18", "elapsed": 4.356721, "delta": 0.004986}}
{"target": -605.4085707476618, "params": {"gamma": 2.7454666539229047, "lr": 0.5267158603586157}, "datetime": {"datetime": "2024-06-13 14:28:18", "elapsed": 4.361708, "delta": 0.004987}}
{"target": -154.67833537528153, "params": {"gamma": 0.2936919419097222, "lr": 0.5550867665221745}, "datetime": {"datetime": "2024-06-13 14:28:18", "elapsed": 4.366695, "delta": 0.004987}}
{"target": -645.073687561848, "params": {"gamma": 2.9306858383999437, "lr": 0.5774906810135474}, "datetime": {"datetime": "2024-06-13 14:28:18", "elapsed": 4.370684, "delta": 0.003989}}
{"target": -1340.8706519289215, "params": {"gamma": 7.327965762760406, "lr": 0.44033782679643774}, "datetime": {"datetime": "2024-06-13 14:28:18", "elapsed": 4.37567, "delta": 0.004986}}
{"target": -1009.7382050928163, "params": {"gamma": 6.6319050719967745, "lr": 0.23890995487021205}, "datetime": {"datetime": "2024-06-13 14:28:18", "elapsed": 4.380657, "delta": 0.004987}}
{"target": -1509.409296743807, "params": {"gamma": 9.985992286776213, "lr": 0.24287852161976753}, "datetime": {"datetime": "2024-06-13 14:28:18", "elapsed": 4.385644, "delta": 0.004987}}
{"target": -1464.9874998989328, "params": {"gamma": 9.408343315400867, "lr": 0.21721975039101793}, "datetime": {"datetime": "2024-06-13 14:28:18", "elapsed": 4.389633, "delta": 0.003989}}
{"target": -1460.1965488691296, "params": {"gamma": 4.97614628166607, "lr": 0.8211769648927358}, "datetime": {"datetime": "2024-06-13 14:28:18", "elapsed": 4.393623, "delta": 0.00399}}
{"target": -1805.4500584880336, "params": {"gamma": 7.166163879900548, "lr": 0.705580412120669}, "datetime": {"datetime": "2024-06-13 14:28:18", "elapsed": 4.398609, "delta": 0.004986}}
{"target": -1281.6203483646557, "params": {"gamma": 4.4049651591972045, "lr": 0.7541750254551594}, "datetime": {"datetime": "2024-06-13 14:28:18", "elapsed": 4.402599, "delta": 0.00399}}
{"target": -1678.606248716963, "params": {"gamma": 9.199615816571573, "lr": 0.4413517453158379}, "datetime": {"datetime": "2024-06-13 14:28:18", "elapsed": 4.406588, "delta": 0.003989}}
{"target": -2223.6548106024525, "params": {"gamma": 5.2801268760628535, "lr": 0.06603558401663734}, "datetime": {"datetime": "2024-06-13 14:28:18", "elapsed": 4.413569, "delta": 0.006981}}
{"target": -714.035183985012, "params": {"gamma": 3.9083399636332565, "lr": 0.4672385663332459}, "datetime": {"datetime": "2024-06-13 14:28:18", "elapsed": 4.418555, "delta": 0.004986}}
{"target": -2646.803959447479, "params": {"gamma": 8.951481970324929, "lr": 0.11055744025544123}, "datetime": {"datetime": "2024-06-13 14:28:18", "elapsed": 4.422546, "delta": 0.003991}}
{"target": -1570.3472069352633, "params": {"gamma": 7.311644894386467, "lr": 0.5454711685487195}, "datetime": {"datetime": "2024-06-13 14:28:18", "elapsed": 4.427532, "delta": 0.004986}}
{"target": -2548.780155427509, "params": {"gamma": 6.0657477697349185, "lr": 0.029782944129560285}, "datetime": {"datetime": "2024-06-13 14:28:18", "elapsed": 4.431521, "delta": 0.003989}}
{"target": -271.3440906959909, "params": {"gamma": 1.4683270502280348, "lr": 0.28398322546618515}, "datetime": {"datetime": "2024-06-13 14:28:18", "elapsed": 4.436508, "delta": 0.004987}}
{"target": -152.8464495029989, "params": {"gamma": 0.04971560748810713, "lr": 0.6691577977971368}, "datetime": {"datetime": "2024-06-13 14:28:18", "elapsed": 4.441495, "delta": 0.004987}}
{"target": -1865.1584613290163, "params": {"gamma": 8.70270923127706, "lr": 0.5469683092712408}, "datetime": {"datetime": "2024-06-13 14:28:18", "elapsed": 4.445485, "delta": 0.00399}}
{"target": -1284.3714458231734, "params": {"gamma": 5.432097311144519, "lr": 0.6157259286130373}, "datetime": {"datetime": "2024-06-13 14:28:18", "elapsed": 4.450472, "delta": 0.004987}}
{"target": -484.09098356143113, "params": {"gamma": 3.022512822657626, "lr": 0.3667319816609417}, "datetime": {"datetime": "2024-06-13 14:28:18", "elapsed": 4.455463, "delta": 0.004991}}
{"target": -1684.646578579678, "params": {"gamma": 5.749822333050388, "lr": 0.8092165837173445}, "datetime": {"datetime": "2024-06-13 14:28:18", "elapsed": 4.460444, "delta": 0.004981}}
{"target": -327.3739252178772, "params": {"gamma": 2.016764747447303, "lr": 0.32752405584828914}, "datetime": {"datetime": "2024-06-13 14:28:18", "elapsed": 4.464433, "delta": 0.003989}}
{"target": -1165.3764402073336, "params": {"gamma": 7.429469582646582, "lr": 0.3409202491323421}, "datetime": {"datetime": "2024-06-13 14:28:18", "elapsed": 4.46942, "delta": 0.004987}}
{"target": -155.82630629728277, "params": {"gamma": 0.4770616761368438, "lr": 0.15635692867625162}, "datetime": {"datetime": "2024-06-13 14:28:18", "elapsed": 4.473409, "delta": 0.003989}}
{"target": -371.8868910409863, "params": {"gamma": 1.9394547317358086, "lr": 0.4951123625611782}, "datetime": {"datetime": "2024-06-13 14:28:18", "elapsed": 4.478396, "delta": 0.004987}}
{"target": -1955.3271853519313, "params": {"gamma": 6.351614485952291, "lr": 0.880219977218583}, "datetime": {"datetime": "2024-06-13 14:28:18", "elapsed": 4.482385, "delta": 0.003989}}
{"target": -1356.59066950631, "params": {"gamma": 9.025463027666028, "lr": 0.307160768485095}, "datetime": {"datetime": "2024-06-13 14:28:18", "elapsed": 4.486375, "delta": 0.00399}}
{"target": -1245.4286456036705, "params": {"gamma": 7.534047351182733, "lr": 0.2824280305589726}, "datetime": {"datetime": "2024-06-13 14:28:18", "elapsed": 4.491361, "delta": 0.004986}}
{"target": -583.4746587884553, "params": {"gamma": 3.686400120782994, "lr": 0.2927265620931302}, "datetime": {"datetime": "2024-06-13 14:28:18", "elapsed": 4.496348, "delta": 0.004987}}
{"target": -656.6958118012163, "params": {"gamma": 4.137493671254815, "lr": 0.21471569566838056}, "datetime": {"datetime": "2024-06-13 14:28:18", "elapsed": 4.500338, "delta": 0.00399}}
{"target": -758.2039614421572, "params": {"gamma": 3.1905410786954205, "lr": 0.12191981389008766}, "datetime": {"datetime": "2024-06-13 14:28:18", "elapsed": 4.504327, "delta": 0.003989}}
{"target": -2067.915391230591, "params": {"gamma": 9.63021937771575, "lr": 0.5039830093987828}, "datetime": {"datetime": "2024-06-13 14:28:18", "elapsed": 4.509313, "delta": 0.004986}}
{"target": -2389.096716656901, "params": {"gamma": 9.23108372520405, "lr": 0.7461601407734211}, "datetime": {"datetime": "2024-06-13 14:28:18", "elapsed": 4.513303, "delta": 0.00399}}
{"target": -1331.2041893801752, "params": {"gamma": 4.577595171516512, "lr": 0.7546222253081317}, "datetime": {"datetime": "2024-06-13 14:28:18", "elapsed": 4.519286, "delta": 0.005983}}
{"target": -950.5009615114716, "params": {"gamma": 6.280602762990652, "lr": 0.30375843415186865}, "datetime": {"datetime": "2024-06-13 14:28:18", "elapsed": 4.524274, "delta": 0.004988}}
{"target": -1319.5312723158481, "params": {"gamma": 5.217071474819306, "lr": 0.7123121956474292}, "datetime": {"datetime": "2024-06-13 14:28:18", "elapsed": 4.529259, "delta": 0.004985}}
{"target": -1303.621343615983, "params": {"gamma": 3.0538300009516193, "lr": 0.012522836886473265}, "datetime": {"datetime": "2024-06-13 14:28:18", "elapsed": 4.533249, "delta": 0.00399}}
{"target": -792.9882920029316, "params": {"gamma": 2.6833600285302275, "lr": 0.7967454755900841}, "datetime": {"datetime": "2024-06-13 14:28:18", "elapsed": 4.538238, "delta": 0.004989}}
{"target": -2188.2653487741077, "params": {"gamma": 9.300000896546049, "lr": 0.6253311549032551}, "datetime": {"datetime": "2024-06-13 14:28:18", "elapsed": 4.543222, "delta": 0.004984}}
{"target": -409.8189908249356, "params": {"gamma": 1.3289420383195298, "lr": 0.7575703592474212}, "datetime": {"datetime": "2024-06-13 14:28:18", "elapsed": 4.547212, "delta": 0.00399}}
{"target": -1530.0898585524815, "params": {"gamma": 5.269526555127393, "lr": 0.753869071621213}, "datetime": {"datetime": "2024-06-13 14:28:18", "elapsed": 4.553196, "delta": 0.005984}}
{"target": -2762.9402635826486, "params": {"gamma": 8.586258418997055, "lr": 0.9475415511018243}, "datetime": {"datetime": "2024-06-13 14:28:18", "elapsed": 4.557185, "delta": 0.003989}}
{"target": -1959.579036321928, "params": {"gamma": 6.545720808693693, "lr": 0.8542582098426466}, "datetime": {"datetime": "2024-06-13 14:28:18", "elapsed": 4.561175, "delta": 0.00399}}
{"target": -1862.8648843658148, "params": {"gamma": 7.426137988907772, "lr": 0.7271011884036769}, "datetime": {"datetime": "2024-06-13 14:28:18", "elapsed": 4.566162, "delta": 0.004987}}
{"target": -2763.513091782983, "params": {"gamma": 8.58804877191338, "lr": 0.9230030407536653}, "datetime": {"datetime": "2024-06-13 14:28:18", "elapsed": 4.570151, "delta": 0.003989}}
{"target": -1449.2958473551503, "params": {"gamma": 9.020857939246921, "lr": 0.39575026156518067}, "datetime": {"datetime": "2024-06-13 14:28:18", "elapsed": 4.57414, "delta": 0.003989}}
{"target": -284.53925973305866, "params": {"gamma": 0.8411287767074533, "lr": 0.8295737184581491}, "datetime": {"datetime": "2024-06-13 14:28:18", "elapsed": 4.578129, "delta": 0.003989}}
{"target": -1165.1785308997337, "params": {"gamma": 5.389776601523036, "lr": 0.542076154739123}, "datetime": {"datetime": "2024-06-13 14:28:18", "elapsed": 4.584113, "delta": 0.005984}}
{"target": -3453.7536001000835, "params": {"gamma": 8.25192813033363, "lr": 0.03198418437577388}, "datetime": {"datetime": "2024-06-13 14:28:18", "elapsed": 4.588103, "delta": 0.00399}}
{"target": -3672.254469427421, "params": {"gamma": 8.779726226832842, "lr": 0.03463400133772032}, "datetime": {"datetime": "2024-06-13 14:28:18", "elapsed": 4.593089, "delta": 0.004986}}
{"target": -1498.312225670641, "params": {"gamma": 6.932252389225503, "lr": 0.5874844793504092}, "datetime": {"datetime": "2024-06-13 14:28:18", "elapsed": 4.597141, "delta": 0.004052}}
{"target": -1000.3008277397519, "params": {"gamma": 6.417850059155134, "lr": 0.37408018773825613}, "datetime": {"datetime": "2024-06-13 14:28:18", "elapsed": 4.601636, "delta": 0.004495}}
{"target": -607.4782830060323, "params": {"gamma": 2.755344804474391, "lr": 0.5094085814387623}, "datetime": {"datetime": "2024-06-13 14:28:18", "elapsed": 4.605626, "delta": 0.00399}}
{"target": -1867.8473810779471, "params": {"gamma": 8.858345348380066, "lr": 0.5652896703655683}, "datetime": {"datetime": "2024-06-13 14:28:18", "elapsed": 4.610612, "delta": 0.004986}}
{"target": -1215.293899061057, "params": {"gamma": 6.631825765751704, "lr": 0.44137923095350085}, "datetime": {"datetime": "2024-06-13 14:28:18", "elapsed": 4.615599, "delta": 0.004987}}
{"target": -2515.096435691358, "params": {"gamma": 9.7214187321274, "lr": 0.7425224523517098}, "datetime": {"datetime": "2024-06-13 14:28:18", "elapsed": 4.619588, "delta": 0.003989}}
{"target": -873.3107180699361, "params": {"gamma": 3.5496702059968834, "lr": 0.6535310326636594}, "datetime": {"datetime": "2024-06-13 14:28:18", "elapsed": 4.624575, "delta": 0.004987}}
{"target": -1673.006418120544, "params": {"gamma": 5.426621502305332, "lr": 0.884056212378686}, "datetime": {"datetime": "2024-06-13 14:28:18", "elapsed": 4.628564, "delta": 0.003989}}
{"target": -842.4407934894352, "params": {"gamma": 2.7512654566030514, "lr": 0.10806748517233733}, "datetime": {"datetime": "2024-06-13 14:28:18", "elapsed": 4.632553, "delta": 0.003989}}
{"target": -332.34521853506743, "params": {"gamma": 1.9135292453599602, "lr": 0.38704623260508586}, "datetime": {"datetime": "2024-06-13 14:28:18", "elapsed": 4.63754, "delta": 0.004987}}
{"target": -1333.3190839532162, "params": {"gamma": 8.54074388954821, "lr": 0.2708449138359166}, "datetime": {"datetime": "2024-06-13 14:28:18", "elapsed": 4.641529, "delta": 0.003989}}
{"target": -1477.9353835420409, "params": {"gamma": 6.263961673283628, "lr": 0.6235518010455583}, "datetime": {"datetime": "2024-06-13 14:28:18", "elapsed": 4.646062, "delta": 0.004533}}
{"target": -1727.7215883559843, "params": {"gamma": 4.08106330634394, "lr": 0.05033512965945175}, "datetime": {"datetime": "2024-06-13 14:28:18", "elapsed": 4.651049, "delta": 0.004987}}
{"target": -1159.3802392022103, "params": {"gamma": 7.448593896451896, "lr": 0.29572553442388116}, "datetime": {"datetime": "2024-06-13 14:28:18", "elapsed": 4.655039, "delta": 0.00399}}
{"target": -652.7788106162221, "params": {"gamma": 3.9851835072938524, "lr": 0.37723956753050947}, "datetime": {"datetime": "2024-06-13 14:28:18", "elapsed": 4.659056, "delta": 0.004017}}
{"target": -2814.5353901084673, "params": {"gamma": 6.636362714079265, "lr": 0.08633328681516406}, "datetime": {"datetime": "2024-06-13 14:28:18", "elapsed": 4.664014, "delta": 0.004958}}
{"target": -2314.3698388775992, "params": {"gamma": 5.49934931479934, "lr": 0.015421822343255842}, "datetime": {"datetime": "2024-06-13 14:28:18", "elapsed": 4.668003, "delta": 0.003989}}
{"target": -2116.8669835967803, "params": {"gamma": 9.830406796410628, "lr": 0.5984272223880148}, "datetime": {"datetime": "2024-06-13 14:28:18", "elapsed": 4.671993, "delta": 0.00399}}
{"target": -671.6563669365764, "params": {"gamma": 3.8417581657342703, "lr": 0.1467479307274827}, "datetime": {"datetime": "2024-06-13 14:28:18", "elapsed": 4.67698, "delta": 0.004987}}
{"target": -2144.579790040574, "params": {"gamma": 6.9690863860416155, "lr": 0.9058084167065523}, "datetime": {"datetime": "2024-06-13 14:28:18", "elapsed": 4.681966, "delta": 0.004986}}
{"target": -931.0764548598837, "params": {"gamma": 3.1817694146938234, "lr": 0.7664921446562297}, "datetime": {"datetime": "2024-06-13 14:28:18", "elapsed": 4.686953, "delta": 0.004987}}
{"target": -938.8820817156324, "params": {"gamma": 2.8756935223098354, "lr": 0.9572253423743934}, "datetime": {"datetime": "2024-06-13 14:28:18", "elapsed": 4.690943, "delta": 0.00399}}
