{"target": -246.91138006860774, "params": {"gamma": 4.371801524592517, "prior": 9.310290067062997, "rate": 5.796563374104747}, "datetime": {"datetime": "2024-06-14 10:30:40", "elapsed": 15.450533, "delta": 0.009973}}
{"target": -145.16044740287583, "params": {"gamma": 0.4919257168276211, "prior": 4.583327245754565, "rate": 1.6048400632304824}, "datetime": {"datetime": "2024-06-14 10:30:40", "elapsed": 15.460506, "delta": 0.009973}}
{"target": -372.1655675787631, "params": {"gamma": 7.3285116447675644, "prior": 3.5387914125136177, "rate": 2.0125752194218203}, "datetime": {"datetime": "2024-06-14 10:30:40", "elapsed": 15.47048, "delta": 0.009974}}
{"target": -420.83960451794997, "params": {"gamma": 8.428037552609165, "prior": 8.196183684842598, "rate": 3.4371232618649366}, "datetime": {"datetime": "2024-06-14 10:30:40", "elapsed": 15.480453, "delta": 0.009973}}
{"target": -236.50387263491154, "params": {"gamma": 4.036824289622301, "prior": 0.6999381207727932, "rate": 1.789668289049935}, "datetime": {"datetime": "2024-06-14 10:30:40", "elapsed": 15.490426, "delta": 0.009973}}
{"target": -380.65125279432874, "params": {"gamma": 7.359452519624915, "prior": 5.704690450059553, "rate": 8.232546464042965}, "datetime": {"datetime": "2024-06-14 10:30:40", "elapsed": 15.5004, "delta": 0.009974}}
{"target": -272.5459895628718, "params": {"gamma": 5.011999831149711, "prior": 7.70183791518716, "rate": 5.099670086770199}, "datetime": {"datetime": "2024-06-14 10:30:40", "elapsed": 15.510373, "delta": 0.009973}}
{"target": -313.33149052649304, "params": {"gamma": 5.681122236748865, "prior": 1.9277178465421385, "rate": 5.444465844143353}, "datetime": {"datetime": "2024-06-14 10:30:40", "elapsed": 15.520346, "delta": 0.009973}}
{"target": -173.1893660605647, "params": {"gamma": 2.0111304539680037, "prior": 5.606569803760094, "rate": 1.4152709353449207}, "datetime": {"datetime": "2024-06-14 10:30:40", "elapsed": 15.529322, "delta": 0.008976}}
{"target": -174.1886233490577, "params": {"gamma": 1.860913882924621, "prior": 7.671361205911481, "rate": 0.7097917708485983}, "datetime": {"datetime": "2024-06-14 10:30:40", "elapsed": 15.539295, "delta": 0.009973}}
{"target": -237.84983183599402, "params": {"gamma": 3.693767142270499, "prior": 8.790992387293622, "rate": 1.0442696607468924}, "datetime": {"datetime": "2024-06-14 10:30:40", "elapsed": 15.549269, "delta": 0.009974}}
{"target": -235.51670378896964, "params": {"gamma": 3.592172999392244, "prior": 1.2282076392222137, "rate": 8.765531034947044}, "datetime": {"datetime": "2024-06-14 10:30:40", "elapsed": 15.559242, "delta": 0.009973}}
{"target": -146.05704093068778, "params": {"gamma": 1.2632448916905008, "prior": 2.6200995276429606, "rate": 4.219641618837235}, "datetime": {"datetime": "2024-06-14 10:30:40", "elapsed": 15.569216, "delta": 0.009974}}
{"target": -342.6524580279367, "params": {"gamma": 6.652894921984129, "prior": 3.5125825645272064, "rate": 2.135803151301911}, "datetime": {"datetime": "2024-06-14 10:30:40", "elapsed": 15.579189, "delta": 0.009973}}
{"target": -220.23714752385501, "params": {"gamma": 3.734477672558837, "prior": 5.753143799030497, "rate": 9.907522742580955}, "datetime": {"datetime": "2024-06-14 10:30:40", "elapsed": 15.589162, "delta": 0.009973}}
{"target": -202.84619392846133, "params": {"gamma": 3.2723245929378826, "prior": 3.685813030171733, "rate": 7.062646301466503}, "datetime": {"datetime": "2024-06-14 10:30:40", "elapsed": 15.599136, "delta": 0.009974}}
{"target": -195.3234850631672, "params": {"gamma": 2.9900579784113206, "prior": 3.5620371383838085, "rate": 9.947082647057805}, "datetime": {"datetime": "2024-06-14 10:30:40", "elapsed": 15.609109, "delta": 0.009973}}
{"target": -343.3322663798688, "params": {"gamma": 6.043069520448973, "prior": 8.305226870877545, "rate": 0.3176252391757072}, "datetime": {"datetime": "2024-06-14 10:30:40", "elapsed": 15.619082, "delta": 0.009973}}
{"target": -152.60156661497658, "params": {"gamma": 1.4557567070423627, "prior": 7.304510112747834, "rate": 5.397899711964559}, "datetime": {"datetime": "2024-06-14 10:30:40", "elapsed": 15.628058, "delta": 0.008976}}
{"target": -491.5537938549328, "params": {"gamma": 9.952649800093342, "prior": 5.00673362856301, "rate": 3.8416545812104723}, "datetime": {"datetime": "2024-06-14 10:30:40", "elapsed": 15.638066, "delta": 0.010008}}
{"target": -160.06315073534842, "params": {"gamma": 1.9445456383363844, "prior": 5.942647801204246, "rate": 7.666485240265026}, "datetime": {"datetime": "2024-06-14 10:30:40", "elapsed": 15.648005, "delta": 0.009939}}
{"target": -477.7863685433167, "params": {"gamma": 9.244467433023058, "prior": 1.462495679977994, "rate": 0.08189114312752561}, "datetime": {"datetime": "2024-06-14 10:30:40", "elapsed": 15.657978, "delta": 0.009973}}
{"target": -273.234706380086, "params": {"gamma": 4.780126931726139, "prior": 1.9111811039435311, "rate": 6.103775776452777}, "datetime": {"datetime": "2024-06-14 10:30:40", "elapsed": 15.667952, "delta": 0.009974}}
{"target": -328.32213019123253, "params": {"gamma": 6.203072776459787, "prior": 4.1553388322066995, "rate": 6.772375433611433}, "datetime": {"datetime": "2024-06-14 10:30:40", "elapsed": 15.677925, "delta": 0.009973}}
{"target": -179.5899739996416, "params": {"gamma": 1.997506020536704, "prior": 8.104961606799353, "rate": 0.5043465023721727}, "datetime": {"datetime": "2024-06-14 10:30:40", "elapsed": 15.686901, "delta": 0.008976}}
{"target": -156.44709066371212, "params": {"gamma": 1.7194467246754197, "prior": 9.807962958788716, "rate": 9.003871416888757}, "datetime": {"datetime": "2024-06-14 10:30:40", "elapsed": 15.697872, "delta": 0.010971}}
{"target": -463.1356250492469, "params": {"gamma": 9.397350482215943, "prior": 9.093598504119935, "rate": 4.414730582333611}, "datetime": {"datetime": "2024-06-14 10:30:40", "elapsed": 15.707845, "delta": 0.009973}}
{"target": -468.0839941673031, "params": {"gamma": 9.38810223223617, "prior": 2.450393284380015, "rate": 0.4960936050759842}, "datetime": {"datetime": "2024-06-14 10:30:40", "elapsed": 15.717819, "delta": 0.009974}}
{"target": -299.5324591269165, "params": {"gamma": 5.573083480654817, "prior": 3.2018703277326415, "rate": 5.321241086655658}, "datetime": {"datetime": "2024-06-14 10:30:40", "elapsed": 15.727792, "delta": 0.009973}}
{"target": -259.2737794776771, "params": {"gamma": 4.716614085966288, "prior": 4.883010854206279, "rate": 5.701205216020305}, "datetime": {"datetime": "2024-06-14 10:30:40", "elapsed": 15.737765, "delta": 0.009973}}
{"target": -499.3535251271828, "params": {"gamma": 9.234499334273318, "prior": 2.4383056862365993, "rate": 8.76092541084365}, "datetime": {"datetime": "2024-06-14 10:30:40", "elapsed": 15.746741, "delta": 0.008976}}
{"target": -433.84374172398793, "params": {"gamma": 7.338620497153172, "prior": 0.8841865537306981, "rate": 8.35403947254459}, "datetime": {"datetime": "2024-06-14 10:30:40", "elapsed": 15.756714, "delta": 0.009973}}
{"target": -259.6806129506806, "params": {"gamma": 3.977042541433784, "prior": 3.4238072872295295, "rate": 0.004929638918432948}, "datetime": {"datetime": "2024-06-14 10:30:40", "elapsed": 15.766688, "delta": 0.009974}}
{"target": -174.33734283980584, "params": {"gamma": 2.4588060546759145, "prior": 6.91066886368868, "rate": 8.511875178501727}, "datetime": {"datetime": "2024-06-14 10:30:40", "elapsed": 15.776661, "delta": 0.009973}}
{"target": -181.0153200844476, "params": {"gamma": 2.411253644225826, "prior": 3.772303728049094, "rate": 1.5050829543145978}, "datetime": {"datetime": "2024-06-14 10:30:40", "elapsed": 15.786635, "delta": 0.009974}}
{"target": -406.48148610918133, "params": {"gamma": 8.035198140908488, "prior": 7.198534861704508, "rate": 7.005081395607865}, "datetime": {"datetime": "2024-06-14 10:30:40", "elapsed": 15.796608, "delta": 0.009973}}
{"target": -349.80831352288607, "params": {"gamma": 6.788866386536979, "prior": 8.931245540448607, "rate": 8.830426892992689}, "datetime": {"datetime": "2024-06-14 10:30:40", "elapsed": 15.806581, "delta": 0.009973}}
{"target": -328.3620682167748, "params": {"gamma": 6.254053116944359, "prior": 2.9589059326949623, "rate": 4.031624750430216}, "datetime": {"datetime": "2024-06-14 10:30:40", "elapsed": 15.816554, "delta": 0.009973}}
{"target": -143.6143091219718, "params": {"gamma": 0.29054354730172277, "prior": 9.173191738621183, "rate": 6.874789890986447}, "datetime": {"datetime": "2024-06-14 10:30:40", "elapsed": 15.826557, "delta": 0.010003}}
{"target": -485.7184352124022, "params": {"gamma": 9.08180006447146, "prior": 3.0906626574741516, "rate": 9.448319713154849}, "datetime": {"datetime": "2024-06-14 10:30:40", "elapsed": 15.837048, "delta": 0.010491}}
{"target": -463.3073021325861, "params": {"gamma": 8.640447686233587, "prior": 8.871526314972696, "rate": 0.0024131607540603924}, "datetime": {"datetime": "2024-06-14 10:30:40", "elapsed": 15.846531, "delta": 0.009483}}
{"target": -243.70327815663154, "params": {"gamma": 3.773024949034168, "prior": 1.311020393599276, "rate": 9.328146256783993}, "datetime": {"datetime": "2024-06-14 10:30:40", "elapsed": 15.856504, "delta": 0.009973}}
{"target": -276.9317647694964, "params": {"gamma": 5.137558817898313, "prior": 4.94443049292636, "rate": 4.869724747174828}, "datetime": {"datetime": "2024-06-14 10:30:40", "elapsed": 15.866478, "delta": 0.009974}}
{"target": -305.55516313058837, "params": {"gamma": 5.703348718331128, "prior": 5.490624347569382, "rate": 9.171191497772435}, "datetime": {"datetime": "2024-06-14 10:30:40", "elapsed": 15.876451, "delta": 0.009973}}
{"target": -439.00897337697074, "params": {"gamma": 8.843961080725371, "prior": 7.858820667021336, "rate": 3.227950630409935}, "datetime": {"datetime": "2024-06-14 10:30:40", "elapsed": 15.886425, "delta": 0.009974}}
{"target": -442.0542424181789, "params": {"gamma": 7.8445897782918435, "prior": 1.537336203606739, "rate": 8.602401775503456}, "datetime": {"datetime": "2024-06-14 10:30:40", "elapsed": 15.896398, "delta": 0.009973}}
{"target": -390.0233102760141, "params": {"gamma": 7.730224416470844, "prior": 7.782074642130607, "rate": 5.287458244919481}, "datetime": {"datetime": "2024-06-14 10:30:41", "elapsed": 15.906371, "delta": 0.009973}}
{"target": -261.92119112154074, "params": {"gamma": 4.502403481540989, "prior": 2.3436517776557912, "rate": 8.086973092518448}, "datetime": {"datetime": "2024-06-14 10:30:41", "elapsed": 15.916345, "delta": 0.009974}}
{"target": -494.43792651442243, "params": {"gamma": 9.659325036522198, "prior": 5.480966524783521, "rate": 9.022172363016855}, "datetime": {"datetime": "2024-06-14 10:30:41", "elapsed": 15.926318, "delta": 0.009973}}
{"target": -189.79101789717797, "params": {"gamma": 2.824222069304223, "prior": 5.225776988360308, "rate": 3.282297731662208}, "datetime": {"datetime": "2024-06-14 10:30:41", "elapsed": 15.936291, "delta": 0.009973}}
{"target": -523.1628656946987, "params": {"gamma": 9.918019790908655, "prior": 2.5781348530454977, "rate": 6.7878761196273985}, "datetime": {"datetime": "2024-06-14 10:30:41", "elapsed": 15.946264, "delta": 0.009973}}
{"target": -485.74862079069476, "params": {"gamma": 7.642256587918056, "prior": 0.41904372335207496, "rate": 9.822730012274928}, "datetime": {"datetime": "2024-06-14 10:30:41", "elapsed": 15.956238, "delta": 0.009974}}
{"target": -149.86813230126862, "params": {"gamma": 0.914136075297375, "prior": 6.179340836196217, "rate": 1.4943587574456791}, "datetime": {"datetime": "2024-06-14 10:30:41", "elapsed": 15.966212, "delta": 0.009974}}
{"target": -315.06111994769077, "params": {"gamma": 5.208444170554118, "prior": 1.0241164266430445, "rate": 7.812223199457574}, "datetime": {"datetime": "2024-06-14 10:30:41", "elapsed": 15.976185, "delta": 0.009973}}
{"target": -418.3750546380561, "params": {"gamma": 7.729537241828221, "prior": 6.02167277279802, "rate": 0.1464186524360543}, "datetime": {"datetime": "2024-06-14 10:30:41", "elapsed": 15.986158, "delta": 0.009973}}
{"target": -139.5556121501783, "params": {"gamma": 0.42120018122586705, "prior": 1.891609508368085, "rate": 9.720334679149751}, "datetime": {"datetime": "2024-06-14 10:30:41", "elapsed": 15.996131, "delta": 0.009973}}
{"target": -185.84022057506326, "params": {"gamma": 2.5467472891170426, "prior": 7.534987376045962, "rate": 2.8130708604490677}, "datetime": {"datetime": "2024-06-14 10:30:41", "elapsed": 16.006105, "delta": 0.009974}}
{"target": -177.60108678950306, "params": {"gamma": 2.555930656746099, "prior": 2.6528509861883998, "rate": 2.971232902105741}, "datetime": {"datetime": "2024-06-14 10:30:41", "elapsed": 16.016078, "delta": 0.009973}}
{"target": -144.90621866101833, "params": {"gamma": 0.0904371047664351, "prior": 9.873044202472457, "rate": 5.6650398975873095}, "datetime": {"datetime": "2024-06-14 10:30:41", "elapsed": 16.02605, "delta": 0.009972}}
{"target": -336.8063522558709, "params": {"gamma": 6.018822270456636, "prior": 5.428774701508513, "rate": 0.4393316428380598}, "datetime": {"datetime": "2024-06-14 10:30:41", "elapsed": 16.036025, "delta": 0.009975}}
{"target": -259.39722246233913, "params": {"gamma": 4.715733368498675, "prior": 5.44279736196503, "rate": 6.729884951727836}, "datetime": {"datetime": "2024-06-14 10:30:41", "elapsed": 16.045998, "delta": 0.009973}}
{"target": -328.5917824216458, "params": {"gamma": 5.342145859164941, "prior": 0.6452158589676233, "rate": 6.20136980037383}, "datetime": {"datetime": "2024-06-14 10:30:41", "elapsed": 16.055971, "delta": 0.009973}}
{"target": -309.4919667705675, "params": {"gamma": 5.812170852564193, "prior": 5.501403625658926, "rate": 8.432969520852312}, "datetime": {"datetime": "2024-06-14 10:30:41", "elapsed": 16.065944, "delta": 0.009973}}
{"target": -263.2253037020874, "params": {"gamma": 4.4744202102791135, "prior": 6.075297918451513, "rate": 1.2370052511020126}, "datetime": {"datetime": "2024-06-14 10:30:41", "elapsed": 16.075918, "delta": 0.009974}}
{"target": -199.94834522953266, "params": {"gamma": 2.524540150676985, "prior": 8.518507824967577, "rate": 0.16322740050218212}, "datetime": {"datetime": "2024-06-14 10:30:41", "elapsed": 16.084894, "delta": 0.008976}}
{"target": -161.1119442993212, "params": {"gamma": 1.563353530050915, "prior": 8.251511250120657, "rate": 2.2941474771120194}, "datetime": {"datetime": "2024-06-14 10:30:41", "elapsed": 16.095864, "delta": 0.01097}}
{"target": -178.29405153377215, "params": {"gamma": 2.5926903584258394, "prior": 7.0378270060594685, "rate": 9.665286266010238}, "datetime": {"datetime": "2024-06-14 10:30:41", "elapsed": 16.10484, "delta": 0.008976}}
{"target": -174.40511090426452, "params": {"gamma": 1.9835999198248373, "prior": 7.500223150149078, "rate": 1.4059219435725394}, "datetime": {"datetime": "2024-06-14 10:30:41", "elapsed": 16.114813, "delta": 0.009973}}
{"target": -228.13646700546423, "params": {"gamma": 3.8255932152218004, "prior": 3.3005635888934934, "rate": 8.837971404321385}, "datetime": {"datetime": "2024-06-14 10:30:41", "elapsed": 16.124787, "delta": 0.009974}}
{"target": -361.60409328704867, "params": {"gamma": 6.554158581010341, "prior": 3.4023960640121804, "rate": 0.2170579835200867}, "datetime": {"datetime": "2024-06-14 10:30:41", "elapsed": 16.134761, "delta": 0.009974}}
{"target": -221.72490583143556, "params": {"gamma": 3.690717582622661, "prior": 9.724588651254853, "rate": 5.291461768734136}, "datetime": {"datetime": "2024-06-14 10:30:41", "elapsed": 16.14477, "delta": 0.010009}}
{"target": -381.97771380619287, "params": {"gamma": 7.42170608723287, "prior": 3.5193494852507885, "rate": 4.606438063386967}, "datetime": {"datetime": "2024-06-14 10:30:41", "elapsed": 16.155494, "delta": 0.010724}}
{"target": -171.8449212945244, "params": {"gamma": 2.1171453464815797, "prior": 8.385901328359125, "rate": 3.5987287851418053}, "datetime": {"datetime": "2024-06-14 10:30:41", "elapsed": 16.164656, "delta": 0.009162}}
{"target": -145.40370907331322, "params": {"gamma": 0.37184424137389627, "prior": 6.920992980908198, "rate": 1.5587330522055973}, "datetime": {"datetime": "2024-06-14 10:30:41", "elapsed": 16.174625, "delta": 0.009969}}
{"target": -505.6121280106541, "params": {"gamma": 7.98771294193551, "prior": 0.2510982809907867, "rate": 5.856645849985007}, "datetime": {"datetime": "2024-06-14 10:30:41", "elapsed": 16.184599, "delta": 0.009974}}
{"target": -287.3892302173946, "params": {"gamma": 4.955667253979119, "prior": 9.974871164209066, "rate": 1.344572993526239}, "datetime": {"datetime": "2024-06-14 10:30:41", "elapsed": 16.194572, "delta": 0.009973}}
{"target": -352.07023885595845, "params": {"gamma": 6.725864268561899, "prior": 1.0399602054672268, "rate": 1.6185223747759032}, "datetime": {"datetime": "2024-06-14 10:30:41", "elapsed": 16.204545, "delta": 0.009973}}
{"target": -485.5964207511655, "params": {"gamma": 9.883324584988317, "prior": 8.085984167867757, "rate": 2.447158246382357}, "datetime": {"datetime": "2024-06-14 10:30:41", "elapsed": 16.214519, "delta": 0.009974}}
{"target": -504.4142918613796, "params": {"gamma": 8.46315815656222, "prior": 0.45244256444577213, "rate": 5.356534904767137}, "datetime": {"datetime": "2024-06-14 10:30:41", "elapsed": 16.224492, "delta": 0.009973}}
{"target": -146.28936287862848, "params": {"gamma": 0.9156560813263981, "prior": 9.711966099756669, "rate": 5.8314262663101335}, "datetime": {"datetime": "2024-06-14 10:30:41", "elapsed": 16.234465, "delta": 0.009973}}
{"target": -305.9407893230619, "params": {"gamma": 5.557857005100962, "prior": 3.2479334229382575, "rate": 8.499195516950698}, "datetime": {"datetime": "2024-06-14 10:30:41", "elapsed": 16.244438, "delta": 0.009973}}
{"target": -316.81679662310387, "params": {"gamma": 5.302014980143714, "prior": 0.26927241910209526, "rate": 1.849764010582726}, "datetime": {"datetime": "2024-06-14 10:30:41", "elapsed": 16.254922, "delta": 0.010484}}
{"target": -252.71077831951152, "params": {"gamma": 4.335249630012873, "prior": 0.8917664699406374, "rate": 2.807294876301211}, "datetime": {"datetime": "2024-06-14 10:30:41", "elapsed": 16.263894, "delta": 0.008972}}
{"target": -214.83016599132392, "params": {"gamma": 2.50470246829456, "prior": 0.10602555886107112, "rate": 6.929160306974375}, "datetime": {"datetime": "2024-06-14 10:30:41", "elapsed": 16.273867, "delta": 0.009973}}
{"target": -393.59062465999955, "params": {"gamma": 7.739122475175086, "prior": 8.221458050411275, "rate": 8.516444514251624}, "datetime": {"datetime": "2024-06-14 10:30:41", "elapsed": 16.283869, "delta": 0.010002}}
{"target": -153.7072964460266, "params": {"gamma": 1.516097284927453, "prior": 8.911362720684613, "rate": 6.582470685255508}, "datetime": {"datetime": "2024-06-14 10:30:41", "elapsed": 16.293813, "delta": 0.009944}}
{"target": -364.21784037009263, "params": {"gamma": 6.961640494479081, "prior": 5.684309475667977, "rate": 9.396880301472725}, "datetime": {"datetime": "2024-06-14 10:30:41", "elapsed": 16.303786, "delta": 0.009973}}
{"target": -180.1386526154418, "params": {"gamma": 2.5192185879677065, "prior": 7.8901544088551026, "rate": 4.953089405221723}, "datetime": {"datetime": "2024-06-14 10:30:41", "elapsed": 16.31433, "delta": 0.010544}}
{"target": -463.73071344662577, "params": {"gamma": 8.909111167255265, "prior": 2.834367028962495, "rate": 0.15345384499933612}, "datetime": {"datetime": "2024-06-14 10:30:41", "elapsed": 16.324304, "delta": 0.009974}}
{"target": -143.80446316872394, "params": {"gamma": 0.6498451553396644, "prior": 9.006387353591512, "rate": 6.411861082231753}, "datetime": {"datetime": "2024-06-14 10:30:41", "elapsed": 16.334277, "delta": 0.009973}}
{"target": -374.15187813582224, "params": {"gamma": 7.302956948346961, "prior": 5.093180874926231, "rate": 5.5761884295247635}, "datetime": {"datetime": "2024-06-14 10:30:41", "elapsed": 16.34425, "delta": 0.009973}}
{"target": -215.93928196052872, "params": {"gamma": 3.6395809320717802, "prior": 7.848092917900229, "rate": 7.568895646824035}, "datetime": {"datetime": "2024-06-14 10:30:41", "elapsed": 16.354224, "delta": 0.009974}}
{"target": -358.121516082685, "params": {"gamma": 7.000361363341032, "prior": 9.622734907924354, "rate": 7.688614872456184}, "datetime": {"datetime": "2024-06-14 10:30:41", "elapsed": 16.364257, "delta": 0.010033}}
{"target": -488.7115377588663, "params": {"gamma": 9.779247988847397, "prior": 5.943736851967249, "rate": 6.192971647774601}, "datetime": {"datetime": "2024-06-14 10:30:41", "elapsed": 16.374231, "delta": 0.009974}}
{"target": -350.3757556530192, "params": {"gamma": 6.390893117652819, "prior": 3.331076730816897, "rate": 0.33125715159731645}, "datetime": {"datetime": "2024-06-14 10:30:41", "elapsed": 16.384204, "delta": 0.009973}}
{"target": -411.9743016352564, "params": {"gamma": 7.881975609758543, "prior": 7.130859720793782, "rate": 0.7912378849771072}, "datetime": {"datetime": "2024-06-14 10:30:41", "elapsed": 16.395174, "delta": 0.01097}}
{"target": -152.8559637963122, "params": {"gamma": 1.486669782533265, "prior": 6.894768417542823, "rate": 5.350838735760061}, "datetime": {"datetime": "2024-06-14 10:30:41", "elapsed": 16.405148, "delta": 0.009974}}
{"target": -170.99320997158696, "params": {"gamma": 1.9129532131472144, "prior": 0.6539381737611052, "rate": 6.114511590773306}, "datetime": {"datetime": "2024-06-14 10:30:41", "elapsed": 16.415121, "delta": 0.009973}}
{"target": -140.28377911960445, "params": {"gamma": 0.5370626571610718, "prior": 2.2143955883275006, "rate": 5.027124040449976}, "datetime": {"datetime": "2024-06-14 10:30:41", "elapsed": 16.425095, "delta": 0.009974}}
{"target": -153.29651570489824, "params": {"gamma": 0.941217065094407, "prior": 4.1481704960787145, "rate": 0.2021378650325921}, "datetime": {"datetime": "2024-06-14 10:30:41", "elapsed": 16.436067, "delta": 0.010972}}
{"target": -149.7131909628957, "params": {"gamma": 1.1955179943126049, "prior": 9.40661888678996, "rate": 5.589052028891483}, "datetime": {"datetime": "2024-06-14 10:30:41", "elapsed": 16.446237, "delta": 0.01017}}
