{"target": -569.7220133502962, "params": {"gamma": 5.336999796367143, "lr": 0.31446701118584963}, "datetime": {"datetime": "2024-06-13 19:11:55", "elapsed": 0.776743, "delta": 0.002993}}
{"target": -901.1983765738989, "params": {"gamma": 9.1078175389072, "lr": 0.36655664385123443}, "datetime": {"datetime": "2024-06-13 19:11:55", "elapsed": 0.780731, "delta": 0.003988}}
{"target": -458.7274235479911, "params": {"gamma": 4.336489680404373, "lr": 0.5122926922783614}, "datetime": {"datetime": "2024-06-13 19:11:55", "elapsed": 0.783782, "delta": 0.003051}}
{"target": -1806.5525088302054, "params": {"gamma": 9.388925887219763, "lr": 0.030949006271150714}, "datetime": {"datetime": "2024-06-13 19:11:55", "elapsed": 0.787281, "delta": 0.003499}}
{"target": -1151.6293383046698, "params": {"gamma": 7.1690697576532605, "lr": 0.8910189542923389}, "datetime": {"datetime": "2024-06-13 19:11:55", "elapsed": 0.790778, "delta": 0.003497}}
{"target": -130.4566946756884, "params": {"gamma": 0.2738449479511707, "lr": 0.5220512472525107}, "datetime": {"datetime": "2024-06-13 19:11:55", "elapsed": 0.79377, "delta": 0.002992}}
{"target": -526.3273712647407, "params": {"gamma": 3.2605721278884827, "lr": 0.8594893208655858}, "datetime": {"datetime": "2024-06-13 19:11:55", "elapsed": 0.797759, "delta": 0.003989}}
{"target": -736.3290256543054, "params": {"gamma": 5.585606992674257, "lr": 0.6902278681627478}, "datetime": {"datetime": "2024-06-13 19:11:55", "elapsed": 0.800751, "delta": 0.002992}}
{"target": -500.2579702806543, "params": {"gamma": 4.529082146015424, "lr": 0.6283090375213571}, "datetime": {"datetime": "2024-06-13 19:11:55", "elapsed": 0.804741, "delta": 0.00399}}
{"target": -585.7939086152821, "params": {"gamma": 2.901678420022571, "lr": 0.009348577966515781}, "datetime": {"datetime": "2024-06-13 19:11:55", "elapsed": 0.807732, "delta": 0.002991}}
{"target": -614.1668126937848, "params": {"gamma": 5.767982593935921, "lr": 0.3114442141324628}, "datetime": {"datetime": "2024-06-13 19:11:55", "elapsed": 0.810724, "delta": 0.002992}}
{"target": -853.5157045639701, "params": {"gamma": 5.1731587174127975, "lr": 0.9164058530538978}, "datetime": {"datetime": "2024-06-13 19:11:55", "elapsed": 0.814714, "delta": 0.00399}}
{"target": -528.3595886564497, "params": {"gamma": 4.265321410225459, "lr": 0.2473960366023854}, "datetime": {"datetime": "2024-06-13 19:11:55", "elapsed": 0.817706, "delta": 0.002992}}
{"target": -619.1894743934814, "params": {"gamma": 3.7135663190292654, "lr": 0.9318611166365406}, "datetime": {"datetime": "2024-06-13 19:11:55", "elapsed": 0.821695, "delta": 0.003989}}
{"target": -1438.1580617082525, "params": {"gamma": 9.368746944709628, "lr": 0.8443299485657132}, "datetime": {"datetime": "2024-06-13 19:11:55", "elapsed": 0.824686, "delta": 0.002991}}
{"target": -1124.5949036042375, "params": {"gamma": 9.202144936542298, "lr": 0.22790028995131695}, "datetime": {"datetime": "2024-06-13 19:11:55", "elapsed": 0.827679, "delta": 0.002993}}
{"target": -150.7245908040761, "params": {"gamma": 0.8757346133263552, "lr": 0.22730973628468876}, "datetime": {"datetime": "2024-06-13 19:11:55", "elapsed": 0.831246, "delta": 0.003567}}
{"target": -469.14873776076723, "params": {"gamma": 3.1444517845243904, "lr": 0.17476587635631158}, "datetime": {"datetime": "2024-06-13 19:11:55", "elapsed": 0.835231, "delta": 0.003985}}
{"target": -588.2020650871594, "params": {"gamma": 6.071334525562633, "lr": 0.41358641500116133}, "datetime": {"datetime": "2024-06-13 19:11:55", "elapsed": 0.838502, "delta": 0.003271}}
{"target": -1111.42110846007, "params": {"gamma": 8.163698766760314, "lr": 0.18513039826903066}, "datetime": {"datetime": "2024-06-13 19:11:55", "elapsed": 0.841494, "delta": 0.002992}}
{"target": -860.559830505107, "params": {"gamma": 7.019063421033349, "lr": 0.24035562484913886}, "datetime": {"datetime": "2024-06-13 19:11:55", "elapsed": 0.844486, "delta": 0.002992}}
{"target": -581.8360529853417, "params": {"gamma": 5.742616669319757, "lr": 0.34898759722078887}, "datetime": {"datetime": "2024-06-13 19:11:55", "elapsed": 0.848476, "delta": 0.00399}}
{"target": -132.84362744126824, "params": {"gamma": 0.5705870304288444, "lr": 0.22881367096037586}, "datetime": {"datetime": "2024-06-13 19:11:55", "elapsed": 0.851468, "delta": 0.002992}}
{"target": -633.9179016749208, "params": {"gamma": 6.641361450992581, "lr": 0.4972500933605313}, "datetime": {"datetime": "2024-06-13 19:11:55", "elapsed": 0.855457, "delta": 0.003989}}
{"target": -756.5019983660655, "params": {"gamma": 5.190640824752714, "lr": 0.1747201501089225}, "datetime": {"datetime": "2024-06-13 19:11:55", "elapsed": 0.858449, "delta": 0.002992}}
{"target": -939.6076709502023, "params": {"gamma": 5.7075877996110185, "lr": 0.99675342520821}, "datetime": {"datetime": "2024-06-13 19:11:55", "elapsed": 0.861441, "delta": 0.002992}}
{"target": -884.1756140263144, "params": {"gamma": 8.168534252807428, "lr": 0.5943726238309778}, "datetime": {"datetime": "2024-06-13 19:11:55", "elapsed": 0.86543, "delta": 0.003989}}
{"target": -1560.8296809252724, "params": {"gamma": 9.759914694240718, "lr": 0.9015625846693213}, "datetime": {"datetime": "2024-06-13 19:11:55", "elapsed": 0.868422, "delta": 0.002992}}
{"target": -1159.6323656427915, "params": {"gamma": 5.956483728092853, "lr": 0.032426325314457105}, "datetime": {"datetime": "2024-06-13 19:11:55", "elapsed": 0.871414, "delta": 0.002992}}
{"target": -229.9287006825859, "params": {"gamma": 0.93667738107899, "lr": 0.06537171504222639}, "datetime": {"datetime": "2024-06-13 19:11:55", "elapsed": 0.875403, "delta": 0.003989}}
{"target": -454.3897358880449, "params": {"gamma": 4.517879753766062, "lr": 0.37543483316785775}, "datetime": {"datetime": "2024-06-13 19:11:55", "elapsed": 0.878396, "delta": 0.002993}}
{"target": -1401.644334120042, "params": {"gamma": 9.753524992668595, "lr": 0.1679832931996149}, "datetime": {"datetime": "2024-06-13 19:11:55", "elapsed": 0.882385, "delta": 0.003989}}
{"target": -1300.2122560640987, "params": {"gamma": 9.72790313173462, "lr": 0.7674748688630131}, "datetime": {"datetime": "2024-06-13 19:11:55", "elapsed": 0.885377, "delta": 0.002992}}
{"target": -888.5644387192939, "params": {"gamma": 8.242554158405353, "lr": 0.6326158167779973}, "datetime": {"datetime": "2024-06-13 19:11:55", "elapsed": 0.888371, "delta": 0.002994}}
{"target": -638.2143245962696, "params": {"gamma": 6.6876589692971145, "lr": 0.47688233352119336}, "datetime": {"datetime": "2024-06-13 19:11:55", "elapsed": 0.89236, "delta": 0.003989}}
{"target": -132.37519826192874, "params": {"gamma": 0.13235043287379938, "lr": 0.3530060855418248}, "datetime": {"datetime": "2024-06-13 19:11:55", "elapsed": 0.895352, "delta": 0.002992}}
{"target": -656.1293631094834, "params": {"gamma": 4.9212259431340915, "lr": 0.7300912110901043}, "datetime": {"datetime": "2024-06-13 19:11:55", "elapsed": 0.898346, "delta": 0.002994}}
{"target": -453.0358025112112, "params": {"gamma": 4.686814799118347, "lr": 0.4574049160894317}, "datetime": {"datetime": "2024-06-13 19:11:55", "elapsed": 0.902336, "delta": 0.00399}}
{"target": -306.3575165509416, "params": {"gamma": 1.377489746715086, "lr": 0.01088873380347899}, "datetime": {"datetime": "2024-06-13 19:11:55", "elapsed": 0.905328, "delta": 0.002992}}
{"target": -801.6745601685757, "params": {"gamma": 7.583024326509486, "lr": 0.3199528380776784}, "datetime": {"datetime": "2024-06-13 19:11:55", "elapsed": 0.909322, "delta": 0.003994}}
{"target": -1161.255947353782, "params": {"gamma": 9.843850118484914, "lr": 0.220234226159156}, "datetime": {"datetime": "2024-06-13 19:11:55", "elapsed": 0.912313, "delta": 0.002991}}
{"target": -366.532316474916, "params": {"gamma": 3.387741546791315, "lr": 0.5238961356661317}, "datetime": {"datetime": "2024-06-13 19:11:55", "elapsed": 0.916303, "delta": 0.00399}}
{"target": -718.2053837423955, "params": {"gamma": 7.549159679148268, "lr": 0.46385778390029564}, "datetime": {"datetime": "2024-06-13 19:11:55", "elapsed": 0.919298, "delta": 0.002995}}
{"target": -166.52041126234997, "params": {"gamma": 1.2491006085736511, "lr": 0.3125013784920495}, "datetime": {"datetime": "2024-06-13 19:11:55", "elapsed": 0.92229, "delta": 0.002992}}
{"target": -667.6578265763385, "params": {"gamma": 5.045687177840246, "lr": 0.6738490080168676}, "datetime": {"datetime": "2024-06-13 19:11:55", "elapsed": 0.926279, "delta": 0.003989}}
{"target": -1101.830369008123, "params": {"gamma": 7.70172941316461, "lr": 0.13033578095435427}, "datetime": {"datetime": "2024-06-13 19:11:55", "elapsed": 0.930368, "delta": 0.004089}}
{"target": -131.53328501302389, "params": {"gamma": 0.23012839809249527, "lr": 0.5190823222119895}, "datetime": {"datetime": "2024-06-13 19:11:55", "elapsed": 0.93336, "delta": 0.002992}}
{"target": -1563.6128708946867, "params": {"gamma": 8.1000771179135, "lr": 0.012603767029876312}, "datetime": {"datetime": "2024-06-13 19:11:55", "elapsed": 0.937523, "delta": 0.004163}}
{"target": -881.5964839979822, "params": {"gamma": 6.725025976692686, "lr": 0.6868082266569918}, "datetime": {"datetime": "2024-06-13 19:11:55", "elapsed": 0.940506, "delta": 0.002983}}
{"target": -744.1224765407725, "params": {"gamma": 4.49301828911279, "lr": 0.9147886867419343}, "datetime": {"datetime": "2024-06-13 19:11:55", "elapsed": 0.943498, "delta": 0.002992}}
{"target": -1251.4849066610573, "params": {"gamma": 6.443966486485173, "lr": 0.005239837651465851}, "datetime": {"datetime": "2024-06-13 19:11:55", "elapsed": 0.947487, "delta": 0.003989}}
{"target": -768.552821473161, "params": {"gamma": 4.844800026698242, "lr": 0.8593178060976}, "datetime": {"datetime": "2024-06-13 19:11:55", "elapsed": 0.950479, "delta": 0.002992}}
{"target": -895.0262757982287, "params": {"gamma": 8.304165300803357, "lr": 0.6491541971124779}, "datetime": {"datetime": "2024-06-13 19:11:55", "elapsed": 0.954468, "delta": 0.003989}}
{"target": -733.4327628446807, "params": {"gamma": 6.737310540562419, "lr": 0.5784995797892005}, "datetime": {"datetime": "2024-06-13 19:11:55", "elapsed": 0.95746, "delta": 0.002992}}
{"target": -306.3485830236948, "params": {"gamma": 2.741923631893355, "lr": 0.5605299905360588}, "datetime": {"datetime": "2024-06-13 19:11:55", "elapsed": 0.960452, "delta": 0.002992}}
{"target": -678.2694024610231, "params": {"gamma": 6.717626118389386, "lr": 0.35242963021640883}, "datetime": {"datetime": "2024-06-13 19:11:55", "elapsed": 0.964442, "delta": 0.00399}}
{"target": -1164.1013512519276, "params": {"gamma": 8.558427844172023, "lr": 0.1950374860087073}, "datetime": {"datetime": "2024-06-13 19:11:55", "elapsed": 0.967434, "delta": 0.002992}}
{"target": -791.0392897224779, "params": {"gamma": 7.473460782508901, "lr": 0.2896027461868774}, "datetime": {"datetime": "2024-06-13 19:11:55", "elapsed": 0.971423, "delta": 0.003989}}
{"target": -745.3553849840968, "params": {"gamma": 7.738219073154577, "lr": 0.4277373293360762}, "datetime": {"datetime": "2024-06-13 19:11:55", "elapsed": 0.974415, "delta": 0.002992}}
{"target": -812.824105145253, "params": {"gamma": 8.077176392712982, "lr": 0.3535348626679904}, "datetime": {"datetime": "2024-06-13 19:11:55", "elapsed": 0.978405, "delta": 0.00399}}
{"target": -310.05529497888693, "params": {"gamma": 2.137718683058182, "lr": 0.7672845084217665}, "datetime": {"datetime": "2024-06-13 19:11:55", "elapsed": 0.982394, "delta": 0.003989}}
{"target": -423.67100511016577, "params": {"gamma": 3.0871108343588807, "lr": 0.7332450677264275}, "datetime": {"datetime": "2024-06-13 19:11:55", "elapsed": 0.985386, "delta": 0.002992}}
{"target": -884.2745985799204, "params": {"gamma": 7.444987057624244, "lr": 0.22139670090820107}, "datetime": {"datetime": "2024-06-13 19:11:55", "elapsed": 0.989375, "delta": 0.003989}}
{"target": -314.4254066475337, "params": {"gamma": 2.141907256069664, "lr": 0.1989479234270667}, "datetime": {"datetime": "2024-06-13 19:11:55", "elapsed": 0.992367, "delta": 0.002992}}
{"target": -169.8225788081949, "params": {"gamma": 1.4260408593206808, "lr": 0.3770825992073341}, "datetime": {"datetime": "2024-06-13 19:11:55", "elapsed": 0.996356, "delta": 0.003989}}
{"target": -133.68718622748975, "params": {"gamma": 0.26725221903152313, "lr": 0.11092036903424063}, "datetime": {"datetime": "2024-06-13 19:11:55", "elapsed": 0.999364, "delta": 0.003008}}
{"target": -907.2605605907789, "params": {"gamma": 6.745965673610343, "lr": 0.7997765368973863}, "datetime": {"datetime": "2024-06-13 19:11:55", "elapsed": 1.003353, "delta": 0.003989}}
{"target": -145.77509769290504, "params": {"gamma": 0.8062147417567307, "lr": 0.23170231048579204}, "datetime": {"datetime": "2024-06-13 19:11:55", "elapsed": 1.007351, "delta": 0.003998}}
{"target": -361.33955203328475, "params": {"gamma": 2.0770489923763398, "lr": 0.9173335630816306}, "datetime": {"datetime": "2024-06-13 19:11:55", "elapsed": 1.010337, "delta": 0.002986}}
{"target": -732.0317966868298, "params": {"gamma": 7.113433866846732, "lr": 0.5538846110514143}, "datetime": {"datetime": "2024-06-13 19:11:55", "elapsed": 1.014328, "delta": 0.003991}}
{"target": -484.2450513477285, "params": {"gamma": 3.0458753612182816, "lr": 0.8348540476317985}, "datetime": {"datetime": "2024-06-13 19:11:55", "elapsed": 1.01832, "delta": 0.003992}}
{"target": -721.7373980877031, "params": {"gamma": 4.353624270337571, "lr": 0.9234562151187752}, "datetime": {"datetime": "2024-06-13 19:11:55", "elapsed": 1.022306, "delta": 0.003986}}
{"target": -672.8527993232578, "params": {"gamma": 7.0608119915549965, "lr": 0.47803130796528337}, "datetime": {"datetime": "2024-06-13 19:11:55", "elapsed": 1.026295, "delta": 0.003989}}
{"target": -240.59803027970764, "params": {"gamma": 1.2629748273898376, "lr": 0.9760435504677476}, "datetime": {"datetime": "2024-06-13 19:11:55", "elapsed": 1.029288, "delta": 0.002993}}
{"target": -220.53336671496837, "params": {"gamma": 1.5991766697905894, "lr": 0.2026021252196626}, "datetime": {"datetime": "2024-06-13 19:11:55", "elapsed": 1.033278, "delta": 0.00399}}
{"target": -423.2425169292307, "params": {"gamma": 4.312386369848549, "lr": 0.40420190577514725}, "datetime": {"datetime": "2024-06-13 19:11:55", "elapsed": 1.037265, "delta": 0.003987}}
{"target": -227.39862464511648, "params": {"gamma": 1.4683680561621768, "lr": 0.7293189193611234}, "datetime": {"datetime": "2024-06-13 19:11:55", "elapsed": 1.040286, "delta": 0.003021}}
{"target": -233.6268651899766, "params": {"gamma": 1.8882619237049822, "lr": 0.6438956443116628}, "datetime": {"datetime": "2024-06-13 19:11:55", "elapsed": 1.043279, "delta": 0.002993}}
{"target": -895.6236632582381, "params": {"gamma": 7.543305199812411, "lr": 0.21073239208332073}, "datetime": {"datetime": "2024-06-13 19:11:55", "elapsed": 1.047278, "delta": 0.003999}}
{"target": -795.3186535366192, "params": {"gamma": 6.0099415268282925, "lr": 0.7489283752458364}, "datetime": {"datetime": "2024-06-13 19:11:55", "elapsed": 1.050293, "delta": 0.003015}}
{"target": -696.1081045221227, "params": {"gamma": 6.382548887492715, "lr": 0.5971273029466491}, "datetime": {"datetime": "2024-06-13 19:11:55", "elapsed": 1.054178, "delta": 0.003885}}
{"target": -407.2036683982454, "params": {"gamma": 2.955527374269315, "lr": 0.7316064712415088}, "datetime": {"datetime": "2024-06-13 19:11:55", "elapsed": 1.05717, "delta": 0.002992}}
{"target": -907.2770913981791, "params": {"gamma": 9.453139091559498, "lr": 0.42556139026154693}, "datetime": {"datetime": "2024-06-13 19:11:55", "elapsed": 1.061159, "delta": 0.003989}}
{"target": -1511.2058146087654, "params": {"gamma": 7.822035986497222, "lr": 0.056141039661915304}, "datetime": {"datetime": "2024-06-13 19:11:55", "elapsed": 1.064151, "delta": 0.002992}}
{"target": -1136.6686977451498, "params": {"gamma": 8.35288075329717, "lr": 0.1922500168221477}, "datetime": {"datetime": "2024-06-13 19:11:55", "elapsed": 1.067144, "delta": 0.002993}}
{"target": -427.3800917447986, "params": {"gamma": 3.951573592030842, "lr": 0.30008104592535645}, "datetime": {"datetime": "2024-06-13 19:11:55", "elapsed": 1.071132, "delta": 0.003988}}
{"target": -178.4550408624178, "params": {"gamma": 0.8019563344166869, "lr": 0.9046310029362429}, "datetime": {"datetime": "2024-06-13 19:11:55", "elapsed": 1.074125, "delta": 0.002993}}
{"target": -396.9293343423915, "params": {"gamma": 3.702171621359829, "lr": 0.5306974384761395}, "datetime": {"datetime": "2024-06-13 19:11:55", "elapsed": 1.078117, "delta": 0.003992}}
{"target": -715.7365512485444, "params": {"gamma": 4.941668542697355, "lr": 0.13216114194293815}, "datetime": {"datetime": "2024-06-13 19:11:55", "elapsed": 1.081109, "delta": 0.002992}}
{"target": -430.91269623508185, "params": {"gamma": 2.0653341348354406, "lr": 0.07618880903232117}, "datetime": {"datetime": "2024-06-13 19:11:55", "elapsed": 1.085099, "delta": 0.00399}}
{"target": -546.1947346425449, "params": {"gamma": 5.07970907775293, "lr": 0.2615495518329871}, "datetime": {"datetime": "2024-06-13 19:11:55", "elapsed": 1.088095, "delta": 0.002996}}
{"target": -619.4420887823057, "params": {"gamma": 3.5712590272190368, "lr": 0.10806532869723684}, "datetime": {"datetime": "2024-06-13 19:11:55", "elapsed": 1.092084, "delta": 0.003989}}
{"target": -1324.213729046971, "params": {"gamma": 7.87573084468542, "lr": 0.1065838767888011}, "datetime": {"datetime": "2024-06-13 19:11:55", "elapsed": 1.095076, "delta": 0.002992}}
{"target": -1416.2987708743153, "params": {"gamma": 9.857102528308165, "lr": 0.17716116443841734}, "datetime": {"datetime": "2024-06-13 19:11:55", "elapsed": 1.100064, "delta": 0.004988}}
{"target": -1115.92511191632, "params": {"gamma": 5.724478719234059, "lr": 0.044845334589088126}, "datetime": {"datetime": "2024-06-13 19:11:55", "elapsed": 1.104052, "delta": 0.003988}}
{"target": -1072.4107775894697, "params": {"gamma": 7.871375780268687, "lr": 0.18960594781829654}, "datetime": {"datetime": "2024-06-13 19:11:55", "elapsed": 1.108045, "delta": 0.003993}}
{"target": -701.8823228385646, "params": {"gamma": 5.279511880102859, "lr": 0.7400775431590716}, "datetime": {"datetime": "2024-06-13 19:11:55", "elapsed": 1.111037, "delta": 0.002992}}
{"target": -192.5131497891832, "params": {"gamma": 1.5001649176876422, "lr": 0.5510871741869717}, "datetime": {"datetime": "2024-06-13 19:11:55", "elapsed": 1.115026, "delta": 0.003989}}
{"target": -313.6692434425428, "params": {"gamma": 2.1669554660794654, "lr": 0.7591960493171447}, "datetime": {"datetime": "2024-06-13 19:11:55", "elapsed": 1.119016, "delta": 0.00399}}
{"target": -1044.590669475294, "params": {"gamma": 7.229429020368581, "lr": 0.17654903427708302}, "datetime": {"datetime": "2024-06-13 19:11:55", "elapsed": 1.122009, "delta": 0.002993}}
{"target": -1661.5766399126585, "params": {"gamma": 8.619803610113067, "lr": 0.019775099516344263}, "datetime": {"datetime": "2024-06-13 19:11:55", "elapsed": 1.125997, "delta": 0.003988}}
{"target": -887.7428533195208, "params": {"gamma": 8.60250973723373, "lr": 0.5589038111609383}, "datetime": {"datetime": "2024-06-13 19:11:55", "elapsed": 1.129986, "delta": 0.003989}}
{"target": -551.9225255851958, "params": {"gamma": 4.032801500586387, "lr": 0.7587469310223366}, "datetime": {"datetime": "2024-06-13 19:11:55", "elapsed": 1.132979, "delta": 0.002993}}
{"target": -1175.4175550833716, "params": {"gamma": 7.169573087923007, "lr": 0.9873261748084265}, "datetime": {"datetime": "2024-06-13 19:11:55", "elapsed": 1.137967, "delta": 0.004988}}
{"target": -563.4217768466884, "params": {"gamma": 2.7815724010812146, "lr": 0.0037936724093425855}, "datetime": {"datetime": "2024-06-13 19:11:55", "elapsed": 1.140959, "delta": 0.002992}}
{"target": -1461.7116012313797, "params": {"gamma": 9.339092180540563, "lr": 0.8578971045378938}, "datetime": {"datetime": "2024-06-13 19:11:55", "elapsed": 1.143951, "delta": 0.002992}}
{"target": -750.1125676701517, "params": {"gamma": 7.28877992431504, "lr": 0.5166887829215384}, "datetime": {"datetime": "2024-06-13 19:11:55", "elapsed": 1.147943, "delta": 0.003992}}
{"target": -949.8832050904534, "params": {"gamma": 7.069855496242362, "lr": 0.7805295568767427}, "datetime": {"datetime": "2024-06-13 19:11:55", "elapsed": 1.150935, "delta": 0.002992}}
{"target": -515.1575579644576, "params": {"gamma": 3.749384559425057, "lr": 0.7703225253299576}, "datetime": {"datetime": "2024-06-13 19:11:55", "elapsed": 1.154924, "delta": 0.003989}}
{"target": -811.3843305179568, "params": {"gamma": 7.506492567432579, "lr": 0.6132112115442597}, "datetime": {"datetime": "2024-06-13 19:11:55", "elapsed": 1.158346, "delta": 0.003422}}
{"target": -537.6419128393168, "params": {"gamma": 4.019257373754407, "lr": 0.6973080192643409}, "datetime": {"datetime": "2024-06-13 19:11:55", "elapsed": 1.161338, "delta": 0.002992}}
{"target": -142.51073851158395, "params": {"gamma": 0.032125465394095866, "lr": 0.7748966467245978}, "datetime": {"datetime": "2024-06-13 19:11:55", "elapsed": 1.165327, "delta": 0.003989}}
{"target": -1095.818364552014, "params": {"gamma": 8.964269607966013, "lr": 0.23931570743750463}, "datetime": {"datetime": "2024-06-13 19:11:55", "elapsed": 1.168554, "delta": 0.003227}}
{"target": -182.25217310944814, "params": {"gamma": 1.208551075907988, "lr": 0.2202839877937276}, "datetime": {"datetime": "2024-06-13 19:11:55", "elapsed": 1.172544, "delta": 0.00399}}
{"target": -490.1619649811352, "params": {"gamma": 3.021665216169693, "lr": 0.8830285085638342}, "datetime": {"datetime": "2024-06-13 19:11:55", "elapsed": 1.175535, "delta": 0.002991}}
{"target": -580.2159261645943, "params": {"gamma": 5.432121135950708, "lr": 0.2867116496064306}, "datetime": {"datetime": "2024-06-13 19:11:55", "elapsed": 1.179524, "delta": 0.003989}}
{"target": -177.92212168506717, "params": {"gamma": 1.3844085432396722, "lr": 0.29014446310454167}, "datetime": {"datetime": "2024-06-13 19:11:55", "elapsed": 1.182517, "delta": 0.002993}}
