{"target": -305.1150897210501, "params": {"gamma": 5.310942498517634, "prior": 8.153913136901503, "rate": 3.763565542385325}, "datetime": {"datetime": "2024-06-14 04:54:14", "elapsed": 10.226968, "delta": 0.008849}}
{"target": -359.3476211665208, "params": {"gamma": 4.4582994882209785, "prior": 7.53393534067921, "rate": 0.9843654431052541}, "datetime": {"datetime": "2024-06-14 04:54:14", "elapsed": 10.236941, "delta": 0.009973}}
{"target": -229.6397129386043, "params": {"gamma": 3.6059025236596125, "prior": 5.680691927335912, "rate": 2.3866173738298953}, "datetime": {"datetime": "2024-06-14 04:54:14", "elapsed": 10.246914, "delta": 0.009973}}
{"target": -256.3029040244018, "params": {"gamma": 8.399697763448607, "prior": 7.6819248236704, "rate": 9.655460253343795}, "datetime": {"datetime": "2024-06-14 04:54:14", "elapsed": 10.25589, "delta": 0.008976}}
{"target": -200.95057729799908, "params": {"gamma": 5.230357762062273, "prior": 1.1545941141068716, "rate": 9.366233613591808}, "datetime": {"datetime": "2024-06-14 04:54:14", "elapsed": 10.265864, "delta": 0.009974}}
{"target": -234.58774291863668, "params": {"gamma": 8.342525658973996, "prior": 5.489739793932052, "rate": 8.363186471576656}, "datetime": {"datetime": "2024-06-14 04:54:14", "elapsed": 10.275837, "delta": 0.009973}}
{"target": -381.3467983425443, "params": {"gamma": 8.81702750262007, "prior": 7.783203259932287, "rate": 5.712968516447132}, "datetime": {"datetime": "2024-06-14 04:54:14", "elapsed": 10.28581, "delta": 0.009973}}
{"target": -276.65599838284487, "params": {"gamma": 6.153371915939358, "prior": 8.459467758169252, "rate": 6.222544146503024}, "datetime": {"datetime": "2024-06-14 04:54:14", "elapsed": 10.295813, "delta": 0.010003}}
{"target": -138.88150549467042, "params": {"gamma": 2.0655931119171287, "prior": 6.945735393184301, "rate": 5.320605487023739}, "datetime": {"datetime": "2024-06-14 04:54:14", "elapsed": 10.305786, "delta": 0.009973}}
{"target": -138.2197853442842, "params": {"gamma": 2.633207341942995, "prior": 0.10778676114340056, "rate": 2.3557421152378364}, "datetime": {"datetime": "2024-06-14 04:54:14", "elapsed": 10.314763, "delta": 0.008977}}
{"target": -256.59247976959983, "params": {"gamma": 6.735993413062344, "prior": 8.795369976841354, "rate": 8.307194989836436}, "datetime": {"datetime": "2024-06-14 04:54:14", "elapsed": 10.324706, "delta": 0.009943}}
{"target": -102.7653428823817, "params": {"gamma": 1.0819657484995155, "prior": 0.8041372972760987, "rate": 7.616161526478173}, "datetime": {"datetime": "2024-06-14 04:54:14", "elapsed": 10.333682, "delta": 0.008976}}
{"target": -317.6055828557325, "params": {"gamma": 2.849048887810949, "prior": 2.790850219716551, "rate": 0.021001005783708615}, "datetime": {"datetime": "2024-06-14 04:54:14", "elapsed": 10.343656, "delta": 0.009974}}
{"target": -116.30451480791871, "params": {"gamma": 0.9862915673948899, "prior": 1.442410769184296, "rate": 1.5944427020857364}, "datetime": {"datetime": "2024-06-14 04:54:14", "elapsed": 10.352631, "delta": 0.008975}}
{"target": -184.71396296248844, "params": {"gamma": 4.453690712551038, "prior": 8.159944565765821, "rate": 8.123168855569107}, "datetime": {"datetime": "2024-06-14 04:54:14", "elapsed": 10.362605, "delta": 0.009974}}
{"target": -248.32074211861, "params": {"gamma": 9.099986227202798, "prior": 4.491561182341304, "rate": 7.087396368942189}, "datetime": {"datetime": "2024-06-14 04:54:14", "elapsed": 10.372583, "delta": 0.009978}}
{"target": -170.4558315010571, "params": {"gamma": 4.883852847086367, "prior": 0.5934413255317578, "rate": 0.8052339082615015}, "datetime": {"datetime": "2024-06-14 04:54:14", "elapsed": 10.381556, "delta": 0.008973}}
{"target": -152.5668751059972, "params": {"gamma": 2.4601774098261746, "prior": 9.818055113367866, "rate": 6.919480375538572}, "datetime": {"datetime": "2024-06-14 04:54:14", "elapsed": 10.391534, "delta": 0.009978}}
{"target": -144.13634519042057, "params": {"gamma": 2.680807810991347, "prior": 7.09200612105803, "rate": 6.6137999976813155}, "datetime": {"datetime": "2024-06-14 04:54:14", "elapsed": 10.401511, "delta": 0.009977}}
{"target": -118.90900557723798, "params": {"gamma": 0.4338583185782008, "prior": 3.6787270879532055, "rate": 7.737506106039536}, "datetime": {"datetime": "2024-06-14 04:54:14", "elapsed": 10.410492, "delta": 0.008981}}
{"target": -118.69727691814077, "params": {"gamma": 0.7861506254262016, "prior": 8.855402756081128, "rate": 9.308752094249328}, "datetime": {"datetime": "2024-06-14 04:54:14", "elapsed": 10.42035, "delta": 0.009858}}
{"target": -269.6719258756652, "params": {"gamma": 8.531002038386509, "prior": 1.2620382805993853, "rate": 5.652169643537417}, "datetime": {"datetime": "2024-06-14 04:54:14", "elapsed": 10.430325, "delta": 0.009975}}
{"target": -560.0578475702185, "params": {"gamma": 7.075891918374401, "prior": 8.89100289040774, "rate": 0.958664516968829}, "datetime": {"datetime": "2024-06-14 04:54:15", "elapsed": 10.440298, "delta": 0.009973}}
{"target": -223.27390533318197, "params": {"gamma": 8.157890074908734, "prior": 2.852361683520942, "rate": 5.923281570273373}, "datetime": {"datetime": "2024-06-14 04:54:15", "elapsed": 10.450274, "delta": 0.009976}}
{"target": -435.951915023591, "params": {"gamma": 7.198237298029824, "prior": 7.7924895786681345, "rate": 2.947353825139696}, "datetime": {"datetime": "2024-06-14 04:54:15", "elapsed": 10.45925, "delta": 0.008976}}
{"target": -189.02650391714403, "params": {"gamma": 6.074158012949801, "prior": 2.945981454603072, "rate": 9.983169186094411}, "datetime": {"datetime": "2024-06-14 04:54:15", "elapsed": 10.469224, "delta": 0.009974}}
{"target": -223.1076815285526, "params": {"gamma": 8.145241573815564, "prior": 4.198381371066737, "rate": 8.791542714456694}, "datetime": {"datetime": "2024-06-14 04:54:15", "elapsed": 10.479199, "delta": 0.009975}}
{"target": -534.4025083421838, "params": {"gamma": 7.325278649969429, "prior": 9.294594614204785, "rate": 1.7169353317749951}, "datetime": {"datetime": "2024-06-14 04:54:15", "elapsed": 10.488229, "delta": 0.00903}}
{"target": -120.84528889911128, "params": {"gamma": 2.9490552142038204, "prior": 1.0279930931389578, "rate": 3.1804923357554484}, "datetime": {"datetime": "2024-06-14 04:54:15", "elapsed": 10.499202, "delta": 0.010973}}
{"target": -191.32884139182883, "params": {"gamma": 3.812504948851634, "prior": 6.36385414222566, "rate": 4.715727863547479}, "datetime": {"datetime": "2024-06-14 04:54:15", "elapsed": 10.509175, "delta": 0.009973}}
{"target": -346.8087356403665, "params": {"gamma": 7.176972138789694, "prior": 2.7653129816669733, "rate": 1.7313941351026625}, "datetime": {"datetime": "2024-06-14 04:54:15", "elapsed": 10.518686, "delta": 0.009511}}
{"target": -170.7589440715381, "params": {"gamma": 3.7918469051508774, "prior": 4.43700623053576, "rate": 4.221843551590521}, "datetime": {"datetime": "2024-06-14 04:54:15", "elapsed": 10.529655, "delta": 0.010969}}
{"target": -271.86979341720047, "params": {"gamma": 9.135783296928588, "prior": 2.7687134816348475, "rate": 3.5210819835488736}, "datetime": {"datetime": "2024-06-14 04:54:15", "elapsed": 10.538633, "delta": 0.008978}}
{"target": -129.10759545171456, "params": {"gamma": 2.1528813919731067, "prior": 3.7820378129023013, "rate": 3.8991640529202587}, "datetime": {"datetime": "2024-06-14 04:54:15", "elapsed": 10.548607, "delta": 0.009974}}
{"target": -232.11697871511151, "params": {"gamma": 5.754695144061634, "prior": 2.855813288362186, "rate": 2.595663592769973}, "datetime": {"datetime": "2024-06-14 04:54:15", "elapsed": 10.558582, "delta": 0.009975}}
{"target": -552.8604173024663, "params": {"gamma": 7.190894889170183, "prior": 9.110769204968191, "rate": 1.2218460988148518}, "datetime": {"datetime": "2024-06-14 04:54:15", "elapsed": 10.568558, "delta": 0.009976}}
{"target": -107.0951900595387, "params": {"gamma": 1.8237074185290985, "prior": 1.4177854842714415, "rate": 6.836393220362168}, "datetime": {"datetime": "2024-06-14 04:54:15", "elapsed": 10.578533, "delta": 0.009975}}
{"target": -177.90308279459208, "params": {"gamma": 2.1408837173038955, "prior": 6.0852588727331, "rate": 2.0175856692950274}, "datetime": {"datetime": "2024-06-14 04:54:15", "elapsed": 10.588509, "delta": 0.009976}}
{"target": -223.68920828360191, "params": {"gamma": 8.177754179737551, "prior": 3.229460609356161, "rate": 6.696498030094077}, "datetime": {"datetime": "2024-06-14 04:54:15", "elapsed": 10.597485, "delta": 0.008976}}
{"target": -121.9409952888372, "params": {"gamma": 1.4881868944628063, "prior": 3.128859926152989, "rate": 2.9731172115714624}, "datetime": {"datetime": "2024-06-14 04:54:15", "elapsed": 10.60746, "delta": 0.009975}}
{"target": -210.50777181419485, "params": {"gamma": 6.3511642455179445, "prior": 6.840717218521033, "rate": 8.452641216391733}, "datetime": {"datetime": "2024-06-14 04:54:15", "elapsed": 10.616436, "delta": 0.008976}}
{"target": -127.17209496451672, "params": {"gamma": 1.8342857207824639, "prior": 7.628254666633741, "rate": 7.119682083391317}, "datetime": {"datetime": "2024-06-14 04:54:15", "elapsed": 10.626411, "delta": 0.009975}}
{"target": -434.5784444744612, "params": {"gamma": 5.575881596860648, "prior": 6.536613564525276, "rate": 0.9008610352239393}, "datetime": {"datetime": "2024-06-14 04:54:15", "elapsed": 10.636388, "delta": 0.009977}}
{"target": -109.02094487949944, "params": {"gamma": 1.4696112814099909, "prior": 4.214160035094695, "rate": 7.1139955123219485}, "datetime": {"datetime": "2024-06-14 04:54:15", "elapsed": 10.646088, "delta": 0.0097}}
{"target": -116.47788949833303, "params": {"gamma": 1.6790438150723197, "prior": 3.950893478320653, "rate": 4.979961592920374}, "datetime": {"datetime": "2024-06-14 04:54:15", "elapsed": 10.656064, "delta": 0.009976}}
{"target": -364.8597218569744, "params": {"gamma": 9.350522223405173, "prior": 0.6464428616796051, "rate": 8.290245901995016}, "datetime": {"datetime": "2024-06-14 04:54:15", "elapsed": 10.665042, "delta": 0.008978}}
{"target": -283.01079069549206, "params": {"gamma": 9.841614299141947, "prior": 2.7459988738469, "rate": 8.90068298043714}, "datetime": {"datetime": "2024-06-14 04:54:15", "elapsed": 10.675015, "delta": 0.009973}}
{"target": -178.24999880816546, "params": {"gamma": 2.9037110876153163, "prior": 8.010174232146655, "rate": 4.599113822624364}, "datetime": {"datetime": "2024-06-14 04:54:15", "elapsed": 10.684991, "delta": 0.009976}}
{"target": -180.92573777602513, "params": {"gamma": 5.976488880119824, "prior": 2.443007029974514, "rate": 6.87646200664599}, "datetime": {"datetime": "2024-06-14 04:54:15", "elapsed": 10.69397, "delta": 0.008979}}
{"target": -124.21309817322657, "params": {"gamma": 1.4876999762661907, "prior": 5.640896340117552, "rate": 4.943794976509587}, "datetime": {"datetime": "2024-06-14 04:54:15", "elapsed": 10.703945, "delta": 0.009975}}
{"target": -231.75928165430778, "params": {"gamma": 8.372222753498248, "prior": 4.866538302199957, "rate": 7.847524868907307}, "datetime": {"datetime": "2024-06-14 04:54:15", "elapsed": 10.713022, "delta": 0.009077}}
{"target": -138.57335619266314, "params": {"gamma": 4.003542773051022, "prior": 3.1482687409659618, "rate": 7.872484136639694}, "datetime": {"datetime": "2024-06-14 04:54:15", "elapsed": 10.722935, "delta": 0.009913}}
{"target": -166.57798967091918, "params": {"gamma": 4.185224174850338, "prior": 5.017984006012016, "rate": 5.773647990711966}, "datetime": {"datetime": "2024-06-14 04:54:15", "elapsed": 10.732905, "delta": 0.00997}}
{"target": -369.31432233051896, "params": {"gamma": 8.196837713155396, "prior": 5.8550677488045215, "rate": 4.062022883905419}, "datetime": {"datetime": "2024-06-14 04:54:15", "elapsed": 10.74191, "delta": 0.009005}}
{"target": -115.93588698423557, "params": {"gamma": 1.6067076982639186, "prior": 7.050901918649678, "rate": 8.832444983696695}, "datetime": {"datetime": "2024-06-14 04:54:15", "elapsed": 10.751333, "delta": 0.009423}}
{"target": -106.56533987252983, "params": {"gamma": 1.0846805001536175, "prior": 4.715518360549507, "rate": 9.34542051628517}, "datetime": {"datetime": "2024-06-14 04:54:15", "elapsed": 10.761307, "delta": 0.009974}}
{"target": -449.80748950134915, "params": {"gamma": 5.635528165584233, "prior": 5.4980097896596, "rate": 0.6356920232315505}, "datetime": {"datetime": "2024-06-14 04:54:15", "elapsed": 10.771312, "delta": 0.010005}}
{"target": -383.3442940771372, "params": {"gamma": 5.353466496108746, "prior": 6.579958907817386, "rate": 1.466771864485812}, "datetime": {"datetime": "2024-06-14 04:54:15", "elapsed": 10.781255, "delta": 0.009943}}
{"target": -276.956346257287, "params": {"gamma": 9.563690911740819, "prior": 2.0418928402390932, "rate": 6.739586009585863}, "datetime": {"datetime": "2024-06-14 04:54:15", "elapsed": 10.790256, "delta": 0.009001}}
{"target": -118.44305557228682, "params": {"gamma": 2.744137192928587, "prior": 1.1734652549355584, "rate": 2.6097471361451294}, "datetime": {"datetime": "2024-06-14 04:54:15", "elapsed": 10.800241, "delta": 0.009985}}
{"target": -204.92109229274453, "params": {"gamma": 3.3421841833472294, "prior": 4.700845584587125, "rate": 2.3443300775714717}, "datetime": {"datetime": "2024-06-14 04:54:15", "elapsed": 10.810176, "delta": 0.009935}}
{"target": -267.1141500735098, "params": {"gamma": 7.27531136269942, "prior": 8.09119191003769, "rate": 7.909964984873447}, "datetime": {"datetime": "2024-06-14 04:54:15", "elapsed": 10.819152, "delta": 0.008976}}
{"target": -309.03933317430733, "params": {"gamma": 7.157769735363946, "prior": 2.7694681369941243, "rate": 2.1053674526157167}, "datetime": {"datetime": "2024-06-14 04:54:15", "elapsed": 10.829125, "delta": 0.009973}}
{"target": -155.93973546297897, "params": {"gamma": 1.092174154085908, "prior": 4.027142903887254, "rate": 0.8735791351201521}, "datetime": {"datetime": "2024-06-14 04:54:15", "elapsed": 10.840179, "delta": 0.011054}}
{"target": -278.7950504280549, "params": {"gamma": 6.554241175168271, "prior": 9.503306252187942, "rate": 7.556577172510941}, "datetime": {"datetime": "2024-06-14 04:54:15", "elapsed": 10.849662, "delta": 0.009483}}
{"target": -103.65649038850233, "params": {"gamma": 1.1698003792568261, "prior": 0.3027643623121794, "rate": 3.349553409033682}, "datetime": {"datetime": "2024-06-14 04:54:15", "elapsed": 10.858638, "delta": 0.008976}}
{"target": -266.0659621762038, "params": {"gamma": 9.928768691433605, "prior": 3.197034304972313, "rate": 7.37534048014249}, "datetime": {"datetime": "2024-06-14 04:54:15", "elapsed": 10.86864, "delta": 0.010002}}
{"target": -342.90908157271446, "params": {"gamma": 7.165577236537339, "prior": 5.768320217183284, "rate": 3.6770929306387004}, "datetime": {"datetime": "2024-06-14 04:54:15", "elapsed": 10.877588, "delta": 0.008948}}
{"target": -228.4801706097155, "params": {"gamma": 2.083448674606851, "prior": 9.801992242791993, "rate": 0.6598718062812502}, "datetime": {"datetime": "2024-06-14 04:54:15", "elapsed": 10.888138, "delta": 0.01055}}
{"target": -112.07067463142835, "params": {"gamma": 2.363041291619063, "prior": 3.1581047580501553, "rate": 9.09512403146957}, "datetime": {"datetime": "2024-06-14 04:54:15", "elapsed": 10.897108, "delta": 0.00897}}
{"target": -351.79332051910166, "params": {"gamma": 7.133979260927965, "prior": 2.727181317356326, "rate": 1.6458485280836919}, "datetime": {"datetime": "2024-06-14 04:54:15", "elapsed": 10.907082, "delta": 0.009974}}
{"target": -737.4526772855232, "params": {"gamma": 8.805093637851785, "prior": 7.958453011075212, "rate": 0.38483593233206737}, "datetime": {"datetime": "2024-06-14 04:54:15", "elapsed": 10.91609, "delta": 0.009008}}
{"target": -367.75218058200693, "params": {"gamma": 8.79312913512225, "prior": 5.9206034775835645, "rate": 4.575914432666735}, "datetime": {"datetime": "2024-06-14 04:54:15", "elapsed": 10.926031, "delta": 0.009941}}
{"target": -241.01599683857853, "params": {"gamma": 6.73884491695568, "prior": 0.49048370550033693, "rate": 3.303881713493146}, "datetime": {"datetime": "2024-06-14 04:54:15", "elapsed": 10.935007, "delta": 0.008976}}
{"target": -130.17379982065748, "params": {"gamma": 0.8813961296757109, "prior": 6.868010901332397, "rate": 3.9807191404477567}, "datetime": {"datetime": "2024-06-14 04:54:15", "elapsed": 10.94501, "delta": 0.010003}}
{"target": -154.25301147789793, "params": {"gamma": 4.790061963647635, "prior": 2.969053058004484, "rate": 7.883156906603142}, "datetime": {"datetime": "2024-06-14 04:54:15", "elapsed": 10.954954, "delta": 0.009944}}
{"target": -117.78526001188895, "params": {"gamma": 0.4660803099952485, "prior": 2.883143899002197, "rate": 5.906368021727022}, "datetime": {"datetime": "2024-06-14 04:54:15", "elapsed": 10.96393, "delta": 0.008976}}
{"target": -250.2507187484219, "params": {"gamma": 7.901544890842957, "prior": 6.055833425528347, "rate": 7.305156197867701}, "datetime": {"datetime": "2024-06-14 04:54:15", "elapsed": 10.973934, "delta": 0.010004}}
{"target": -148.9915783706678, "params": {"gamma": 0.23625562086340346, "prior": 2.623743534154576, "rate": 0.42187550666388557}, "datetime": {"datetime": "2024-06-14 04:54:15", "elapsed": 10.983877, "delta": 0.009943}}
{"target": -475.9871608781994, "params": {"gamma": 5.000623972289424, "prior": 9.892488931793658, "rate": 0.1362915505440842}, "datetime": {"datetime": "2024-06-14 04:54:15", "elapsed": 10.992852, "delta": 0.008975}}
{"target": -208.88281437311232, "params": {"gamma": 4.409349504334219, "prior": 0.14738553924825692, "rate": 6.1292733046741406}, "datetime": {"datetime": "2024-06-14 04:54:15", "elapsed": 11.002826, "delta": 0.009974}}
{"target": -180.69834605132, "params": {"gamma": 1.8344039025545689, "prior": 7.156143659526229, "rate": 1.5973254712175065}, "datetime": {"datetime": "2024-06-14 04:54:15", "elapsed": 11.011834, "delta": 0.009008}}
{"target": -229.0094652735115, "params": {"gamma": 8.28592797664837, "prior": 2.141163820968893, "rate": 3.522810522045676}, "datetime": {"datetime": "2024-06-14 04:54:15", "elapsed": 11.021808, "delta": 0.009974}}
{"target": -155.6439696695387, "params": {"gamma": 2.3065541407607677, "prior": 8.0960764752713, "rate": 4.903209285941475}, "datetime": {"datetime": "2024-06-14 04:54:15", "elapsed": 11.031777, "delta": 0.009969}}
{"target": -260.6998627498709, "params": {"gamma": 8.738461225360355, "prior": 1.3878511297112337, "rate": 4.990082145540017}, "datetime": {"datetime": "2024-06-14 04:54:15", "elapsed": 11.040753, "delta": 0.008976}}
{"target": -353.7976791208315, "params": {"gamma": 7.766359726186858, "prior": 9.813980671032251, "rate": 6.734103924215217}, "datetime": {"datetime": "2024-06-14 04:54:15", "elapsed": 11.051696, "delta": 0.010943}}
{"target": -205.14680248437142, "params": {"gamma": 1.8308287966897505, "prior": 7.621752259925226, "rate": 0.747277516013488}, "datetime": {"datetime": "2024-06-14 04:54:15", "elapsed": 11.061669, "delta": 0.009973}}
{"target": -351.6694178517287, "params": {"gamma": 7.62796186474408, "prior": 8.295370786127524, "rate": 5.592537951402159}, "datetime": {"datetime": "2024-06-14 04:54:15", "elapsed": 11.071642, "delta": 0.009973}}
{"target": -497.2442107278621, "params": {"gamma": 4.927715577252471, "prior": 9.371621484501743, "rate": 0.0019694099260602308}, "datetime": {"datetime": "2024-06-14 04:54:15", "elapsed": 11.080618, "delta": 0.008976}}
{"target": -141.21587533863416, "params": {"gamma": 0.0966593768907281, "prior": 2.5943190891398578, "rate": 5.057258956122923}, "datetime": {"datetime": "2024-06-14 04:54:15", "elapsed": 11.090591, "delta": 0.009973}}
{"target": -241.54750203542227, "params": {"gamma": 5.404626088310402, "prior": 3.775794997844595, "rate": 2.9278210405766725}, "datetime": {"datetime": "2024-06-14 04:54:15", "elapsed": 11.101562, "delta": 0.010971}}
{"target": -166.14944020825445, "params": {"gamma": 2.0244710973929743, "prior": 8.02279075452163, "rate": 3.159913122914842}, "datetime": {"datetime": "2024-06-14 04:54:15", "elapsed": 11.111535, "delta": 0.009973}}
{"target": -228.19067062839363, "params": {"gamma": 4.925187387485644, "prior": 8.131779827869634, "rate": 6.123977065658692}, "datetime": {"datetime": "2024-06-14 04:54:15", "elapsed": 11.121509, "delta": 0.009974}}
{"target": -140.49899740123553, "params": {"gamma": 4.086676353275073, "prior": 1.851351801368232, "rate": 3.977123246381154}, "datetime": {"datetime": "2024-06-14 04:54:15", "elapsed": 11.130485, "delta": 0.008976}}
{"target": -329.7519690857634, "params": {"gamma": 4.852641324647453, "prior": 9.906787466384639, "rate": 2.842666564129935}, "datetime": {"datetime": "2024-06-14 04:54:15", "elapsed": 11.140459, "delta": 0.009974}}
{"target": -124.7595507602456, "params": {"gamma": 1.6572311251158391, "prior": 2.2836975838028972, "rate": 2.115461976224172}, "datetime": {"datetime": "2024-06-14 04:54:15", "elapsed": 11.150431, "delta": 0.009972}}
{"target": -124.74212249911838, "params": {"gamma": 0.761400858057041, "prior": 3.712586214392191, "rate": 2.848055513881634}, "datetime": {"datetime": "2024-06-14 04:54:15", "elapsed": 11.160405, "delta": 0.009974}}
{"target": -672.6460337614227, "params": {"gamma": 8.876000332641663, "prior": 7.824570138568547, "rate": 1.09154050351661}, "datetime": {"datetime": "2024-06-14 04:54:15", "elapsed": 11.170378, "delta": 0.009973}}
{"target": -290.15049759665925, "params": {"gamma": 8.505184450178726, "prior": 1.1850262084006502, "rate": 7.2023572600056704}, "datetime": {"datetime": "2024-06-14 04:54:15", "elapsed": 11.180351, "delta": 0.009973}}
{"target": -221.99139798763377, "params": {"gamma": 5.728670154913063, "prior": 0.9594030042480481, "rate": 9.053375032737591}, "datetime": {"datetime": "2024-06-14 04:54:15", "elapsed": 11.189327, "delta": 0.008976}}
{"target": -497.1577561115629, "params": {"gamma": 8.745790582338879, "prior": 8.454132140483077, "rate": 3.6963039838180336}, "datetime": {"datetime": "2024-06-14 04:54:15", "elapsed": 11.199301, "delta": 0.009974}}
