{"target": -818.1365446647353, "params": {"gamma": 5.336999796367143, "lr": 0.31446701118584963}, "datetime": {"datetime": "2024-06-13 21:42:32", "elapsed": 0.797976, "delta": 0.00399}}
{"target": -1252.881608666835, "params": {"gamma": 9.1078175389072, "lr": 0.36655664385123443}, "datetime": {"datetime": "2024-06-13 21:42:32", "elapsed": 0.801965, "delta": 0.003989}}
{"target": -619.9813140724242, "params": {"gamma": 4.336489680404373, "lr": 0.5122926922783614}, "datetime": {"datetime": "2024-06-13 21:42:32", "elapsed": 0.804957, "delta": 0.002992}}
{"target": -2287.7057429801644, "params": {"gamma": 9.388925887219763, "lr": 0.030949006271150714}, "datetime": {"datetime": "2024-06-13 21:42:32", "elapsed": 0.808946, "delta": 0.003989}}
{"target": -1266.7245950966778, "params": {"gamma": 7.1690697576532605, "lr": 0.8910189542923389}, "datetime": {"datetime": "2024-06-13 21:42:32", "elapsed": 0.811938, "delta": 0.002992}}
{"target": -134.5459227379271, "params": {"gamma": 0.2738449479511707, "lr": 0.5220512472525107}, "datetime": {"datetime": "2024-06-13 21:42:32", "elapsed": 0.815927, "delta": 0.003989}}
{"target": -574.2731793486566, "params": {"gamma": 3.2605721278884827, "lr": 0.8594893208655858}, "datetime": {"datetime": "2024-06-13 21:42:32", "elapsed": 0.818919, "delta": 0.002992}}
{"target": -893.6067745541399, "params": {"gamma": 5.585606992674257, "lr": 0.6902278681627478}, "datetime": {"datetime": "2024-06-13 21:42:32", "elapsed": 0.822909, "delta": 0.00399}}
{"target": -698.9679840147566, "params": {"gamma": 4.529082146015424, "lr": 0.6283090375213571}, "datetime": {"datetime": "2024-06-13 21:42:32", "elapsed": 0.825901, "delta": 0.002992}}
{"target": -726.7878445666619, "params": {"gamma": 2.901678420022571, "lr": 0.009348577966515781}, "datetime": {"datetime": "2024-06-13 21:42:32", "elapsed": 0.82989, "delta": 0.003989}}
{"target": -882.8940922001951, "params": {"gamma": 5.767982593935921, "lr": 0.3114442141324628}, "datetime": {"datetime": "2024-06-13 21:42:32", "elapsed": 0.832882, "delta": 0.002992}}
{"target": -918.9933160827251, "params": {"gamma": 5.1731587174127975, "lr": 0.9164058530538978}, "datetime": {"datetime": "2024-06-13 21:42:32", "elapsed": 0.836871, "delta": 0.003989}}
{"target": -692.9125793871641, "params": {"gamma": 4.265321410225459, "lr": 0.2473960366023854}, "datetime": {"datetime": "2024-06-13 21:42:32", "elapsed": 0.839863, "delta": 0.002992}}
{"target": -667.0970851438841, "params": {"gamma": 3.7135663190292654, "lr": 0.9318611166365406}, "datetime": {"datetime": "2024-06-13 21:42:32", "elapsed": 0.843852, "delta": 0.003989}}
{"target": -1577.3577221626458, "params": {"gamma": 9.368746944709628, "lr": 0.8443299485657132}, "datetime": {"datetime": "2024-06-13 21:42:32", "elapsed": 0.846845, "delta": 0.002993}}
{"target": -1471.9860522997053, "params": {"gamma": 9.202144936542298, "lr": 0.22790028995131695}, "datetime": {"datetime": "2024-06-13 21:42:32", "elapsed": 0.850834, "delta": 0.003989}}
{"target": -185.6484218446297, "params": {"gamma": 0.8757346133263552, "lr": 0.22730973628468876}, "datetime": {"datetime": "2024-06-13 21:42:32", "elapsed": 0.853826, "delta": 0.002992}}
{"target": -564.5135752449592, "params": {"gamma": 3.1444517845243904, "lr": 0.17476587635631158}, "datetime": {"datetime": "2024-06-13 21:42:32", "elapsed": 0.856818, "delta": 0.002992}}
{"target": -793.388372695986, "params": {"gamma": 6.071334525562633, "lr": 0.41358641500116133}, "datetime": {"datetime": "2024-06-13 21:42:32", "elapsed": 0.860808, "delta": 0.00399}}
{"target": -1355.6094378534551, "params": {"gamma": 8.163698766760314, "lr": 0.18513039826903066}, "datetime": {"datetime": "2024-06-13 21:42:32", "elapsed": 0.863799, "delta": 0.002991}}
{"target": -1127.1402130659187, "params": {"gamma": 7.019063421033349, "lr": 0.24035562484913886}, "datetime": {"datetime": "2024-06-13 21:42:32", "elapsed": 0.867789, "delta": 0.00399}}
{"target": -846.818783489065, "params": {"gamma": 5.742616669319757, "lr": 0.34898759722078887}, "datetime": {"datetime": "2024-06-13 21:42:32", "elapsed": 0.870781, "delta": 0.002992}}
{"target": -153.91006423673045, "params": {"gamma": 0.5705870304288444, "lr": 0.22881367096037586}, "datetime": {"datetime": "2024-06-13 21:42:33", "elapsed": 0.87477, "delta": 0.003989}}
{"target": -873.4415647883532, "params": {"gamma": 6.641361450992581, "lr": 0.4972500933605313}, "datetime": {"datetime": "2024-06-13 21:42:33", "elapsed": 0.877762, "delta": 0.002992}}
{"target": -914.051434182611, "params": {"gamma": 5.190640824752714, "lr": 0.1747201501089225}, "datetime": {"datetime": "2024-06-13 21:42:33", "elapsed": 0.881752, "delta": 0.00399}}
{"target": -1011.5910985766935, "params": {"gamma": 5.7075877996110185, "lr": 0.99675342520821}, "datetime": {"datetime": "2024-06-13 21:42:33", "elapsed": 0.884743, "delta": 0.002991}}
{"target": -1229.7697194832988, "params": {"gamma": 8.168534252807428, "lr": 0.5943726238309778}, "datetime": {"datetime": "2024-06-13 21:42:33", "elapsed": 0.888733, "delta": 0.00399}}
{"target": -1718.4780492442294, "params": {"gamma": 9.759914694240718, "lr": 0.9015625846693213}, "datetime": {"datetime": "2024-06-13 21:42:33", "elapsed": 0.89226, "delta": 0.003527}}
{"target": -1460.6613972666669, "params": {"gamma": 5.956483728092853, "lr": 0.032426325314457105}, "datetime": {"datetime": "2024-06-13 21:42:33", "elapsed": 0.895251, "delta": 0.002991}}
{"target": -270.3060677464812, "params": {"gamma": 0.93667738107899, "lr": 0.06537171504222639}, "datetime": {"datetime": "2024-06-13 21:42:33", "elapsed": 0.899241, "delta": 0.00399}}
{"target": -652.3932506208961, "params": {"gamma": 4.517879753766062, "lr": 0.37543483316785775}, "datetime": {"datetime": "2024-06-13 21:42:33", "elapsed": 0.902233, "delta": 0.002992}}
{"target": -1698.4192688379758, "params": {"gamma": 9.753524992668595, "lr": 0.1679832931996149}, "datetime": {"datetime": "2024-06-13 21:42:33", "elapsed": 0.906222, "delta": 0.003989}}
{"target": -1591.9426383399027, "params": {"gamma": 9.72790313173462, "lr": 0.7674748688630131}, "datetime": {"datetime": "2024-06-13 21:42:33", "elapsed": 0.909215, "delta": 0.002993}}
{"target": -1258.0197196281504, "params": {"gamma": 8.242554158405353, "lr": 0.6326158167779973}, "datetime": {"datetime": "2024-06-13 21:42:33", "elapsed": 0.913204, "delta": 0.003989}}
{"target": -879.3955439454287, "params": {"gamma": 6.6876589692971145, "lr": 0.47688233352119336}, "datetime": {"datetime": "2024-06-13 21:42:33", "elapsed": 0.917193, "delta": 0.003989}}
{"target": -137.0355608387499, "params": {"gamma": 0.13235043287379938, "lr": 0.3530060855418248}, "datetime": {"datetime": "2024-06-13 21:42:33", "elapsed": 0.921182, "delta": 0.003989}}
{"target": -820.2517413001365, "params": {"gamma": 4.9212259431340915, "lr": 0.7300912110901043}, "datetime": {"datetime": "2024-06-13 21:42:33", "elapsed": 0.924175, "delta": 0.002993}}
{"target": -622.7578227474324, "params": {"gamma": 4.686814799118347, "lr": 0.4574049160894317}, "datetime": {"datetime": "2024-06-13 21:42:33", "elapsed": 0.928164, "delta": 0.003989}}
{"target": -368.58295695078493, "params": {"gamma": 1.377489746715086, "lr": 0.01088873380347899}, "datetime": {"datetime": "2024-06-13 21:42:33", "elapsed": 0.932153, "delta": 0.003989}}
{"target": -1155.8698480853384, "params": {"gamma": 7.583024326509486, "lr": 0.3199528380776784}, "datetime": {"datetime": "2024-06-13 21:42:33", "elapsed": 0.935145, "delta": 0.002992}}
{"target": -1564.2167196584244, "params": {"gamma": 9.843850118484914, "lr": 0.220234226159156}, "datetime": {"datetime": "2024-06-13 21:42:33", "elapsed": 0.939134, "delta": 0.003989}}
{"target": -489.9944116118859, "params": {"gamma": 3.387741546791315, "lr": 0.5238961356661317}, "datetime": {"datetime": "2024-06-13 21:42:33", "elapsed": 0.942126, "delta": 0.002992}}
{"target": -990.2593739168482, "params": {"gamma": 7.549159679148268, "lr": 0.46385778390029564}, "datetime": {"datetime": "2024-06-13 21:42:33", "elapsed": 0.946115, "delta": 0.003989}}
{"target": -220.584827643239, "params": {"gamma": 1.2491006085736511, "lr": 0.3125013784920495}, "datetime": {"datetime": "2024-06-13 21:42:33", "elapsed": 0.949107, "delta": 0.002992}}
{"target": -809.1351547951069, "params": {"gamma": 5.045687177840246, "lr": 0.6738490080168676}, "datetime": {"datetime": "2024-06-13 21:42:33", "elapsed": 0.953097, "delta": 0.00399}}
{"target": -1757.284762595713, "params": {"gamma": 7.70172941316461, "lr": 0.13033578095435427}, "datetime": {"datetime": "2024-06-13 21:42:33", "elapsed": 0.956089, "delta": 0.002992}}
{"target": -134.662515841156, "params": {"gamma": 0.23012839809249527, "lr": 0.5190823222119895}, "datetime": {"datetime": "2024-06-13 21:42:33", "elapsed": 0.960079, "delta": 0.00399}}
{"target": -1977.1176742066016, "params": {"gamma": 8.1000771179135, "lr": 0.012603767029876312}, "datetime": {"datetime": "2024-06-13 21:42:33", "elapsed": 0.96307, "delta": 0.002991}}
{"target": -1072.138301478835, "params": {"gamma": 6.725025976692686, "lr": 0.6868082266569918}, "datetime": {"datetime": "2024-06-13 21:42:33", "elapsed": 0.967059, "delta": 0.003989}}
{"target": -801.3767440212396, "params": {"gamma": 4.49301828911279, "lr": 0.9147886867419343}, "datetime": {"datetime": "2024-06-13 21:42:33", "elapsed": 0.970052, "delta": 0.002993}}
{"target": -1578.0864749634252, "params": {"gamma": 6.443966486485173, "lr": 0.005239837651465851}, "datetime": {"datetime": "2024-06-13 21:42:33", "elapsed": 0.974041, "delta": 0.003989}}
{"target": -840.0700811304035, "params": {"gamma": 4.844800026698242, "lr": 0.8593178060976}, "datetime": {"datetime": "2024-06-13 21:42:33", "elapsed": 0.977033, "delta": 0.002992}}
{"target": -1267.3158059052419, "params": {"gamma": 8.304165300803357, "lr": 0.6491541971124779}, "datetime": {"datetime": "2024-06-13 21:42:33", "elapsed": 0.98202, "delta": 0.004987}}
{"target": -1014.0587707914084, "params": {"gamma": 6.737310540562419, "lr": 0.5784995797892005}, "datetime": {"datetime": "2024-06-13 21:42:33", "elapsed": 0.986009, "delta": 0.003989}}
{"target": -405.28730546403204, "params": {"gamma": 2.741923631893355, "lr": 0.5605299905360588}, "datetime": {"datetime": "2024-06-13 21:42:33", "elapsed": 0.989, "delta": 0.002991}}
{"target": -987.5274949178072, "params": {"gamma": 6.717626118389386, "lr": 0.35242963021640883}, "datetime": {"datetime": "2024-06-13 21:42:33", "elapsed": 0.992992, "delta": 0.003992}}
{"target": -1420.1362080334773, "params": {"gamma": 8.558427844172023, "lr": 0.1950374860087073}, "datetime": {"datetime": "2024-06-13 21:42:33", "elapsed": 0.996979, "delta": 0.003987}}
{"target": -1153.6395722631187, "params": {"gamma": 7.473460782508901, "lr": 0.2896027461868774}, "datetime": {"datetime": "2024-06-13 21:42:33", "elapsed": 0.999972, "delta": 0.002993}}
{"target": -1005.5650498559027, "params": {"gamma": 7.738219073154577, "lr": 0.4277373293360762}, "datetime": {"datetime": "2024-06-13 21:42:33", "elapsed": 1.003961, "delta": 0.003989}}
{"target": -1183.8723264079044, "params": {"gamma": 8.077176392712982, "lr": 0.3535348626679904}, "datetime": {"datetime": "2024-06-13 21:42:33", "elapsed": 1.006952, "delta": 0.002991}}
{"target": -371.6139821128387, "params": {"gamma": 2.137718683058182, "lr": 0.7672845084217665}, "datetime": {"datetime": "2024-06-13 21:42:33", "elapsed": 1.010942, "delta": 0.00399}}
{"target": -523.5158869124872, "params": {"gamma": 3.0871108343588807, "lr": 0.7332450677264275}, "datetime": {"datetime": "2024-06-13 21:42:33", "elapsed": 1.014932, "delta": 0.00399}}
{"target": -1187.6561055271818, "params": {"gamma": 7.444987057624244, "lr": 0.22139670090820107}, "datetime": {"datetime": "2024-06-13 21:42:33", "elapsed": 1.019919, "delta": 0.004987}}
{"target": -378.56034384411697, "params": {"gamma": 2.141907256069664, "lr": 0.1989479234270667}, "datetime": {"datetime": "2024-06-13 21:42:33", "elapsed": 1.024906, "delta": 0.004987}}
{"target": -232.91911310365515, "params": {"gamma": 1.4260408593206808, "lr": 0.3770825992073341}, "datetime": {"datetime": "2024-06-13 21:42:33", "elapsed": 1.027897, "delta": 0.002991}}
{"target": -145.13840612241862, "params": {"gamma": 0.26725221903152313, "lr": 0.11092036903424063}, "datetime": {"datetime": "2024-06-13 21:42:33", "elapsed": 1.031886, "delta": 0.003989}}
{"target": -1109.1862262409752, "params": {"gamma": 6.745965673610343, "lr": 0.7997765368973863}, "datetime": {"datetime": "2024-06-13 21:42:33", "elapsed": 1.035876, "delta": 0.00399}}
{"target": -177.60660643777442, "params": {"gamma": 0.8062147417567307, "lr": 0.23170231048579204}, "datetime": {"datetime": "2024-06-13 21:42:33", "elapsed": 1.038705, "delta": 0.002829}}
{"target": -389.5768757472559, "params": {"gamma": 2.0770489923763398, "lr": 0.9173335630816306}, "datetime": {"datetime": "2024-06-13 21:42:33", "elapsed": 1.042695, "delta": 0.00399}}
{"target": -999.2163888159797, "params": {"gamma": 7.113433866846732, "lr": 0.5538846110514143}, "datetime": {"datetime": "2024-06-13 21:42:33", "elapsed": 1.046684, "delta": 0.003989}}
{"target": -529.4878514581486, "params": {"gamma": 3.0458753612182816, "lr": 0.8348540476317985}, "datetime": {"datetime": "2024-06-13 21:42:33", "elapsed": 1.049676, "delta": 0.002992}}
{"target": -777.3143904360124, "params": {"gamma": 4.353624270337571, "lr": 0.9234562151187752}, "datetime": {"datetime": "2024-06-13 21:42:33", "elapsed": 1.053665, "delta": 0.003989}}
{"target": -927.3998705954533, "params": {"gamma": 7.0608119915549965, "lr": 0.47803130796528337}, "datetime": {"datetime": "2024-06-13 21:42:33", "elapsed": 1.056657, "delta": 0.002992}}
{"target": -258.2304727791594, "params": {"gamma": 1.2629748273898376, "lr": 0.9760435504677476}, "datetime": {"datetime": "2024-06-13 21:42:33", "elapsed": 1.060647, "delta": 0.00399}}
{"target": -282.16102550588846, "params": {"gamma": 1.5991766697905894, "lr": 0.2026021252196626}, "datetime": {"datetime": "2024-06-13 21:42:33", "elapsed": 1.063638, "delta": 0.002991}}
{"target": -570.2786737001835, "params": {"gamma": 4.312386369848549, "lr": 0.40420190577514725}, "datetime": {"datetime": "2024-06-13 21:42:33", "elapsed": 1.067628, "delta": 0.00399}}
{"target": -272.15704759158996, "params": {"gamma": 1.4683680561621768, "lr": 0.7293189193611234}, "datetime": {"datetime": "2024-06-13 21:42:33", "elapsed": 1.070621, "delta": 0.002993}}
{"target": -311.7772257000089, "params": {"gamma": 1.8882619237049822, "lr": 0.6438956443116628}, "datetime": {"datetime": "2024-06-13 21:42:33", "elapsed": 1.07461, "delta": 0.003989}}
{"target": -1203.086941838576, "params": {"gamma": 7.543305199812411, "lr": 0.21073239208332073}, "datetime": {"datetime": "2024-06-13 21:42:33", "elapsed": 1.078599, "delta": 0.003989}}
{"target": -997.7090708584828, "params": {"gamma": 6.0099415268282925, "lr": 0.7489283752458364}, "datetime": {"datetime": "2024-06-13 21:42:33", "elapsed": 1.081591, "delta": 0.002992}}
{"target": -963.9664985441425, "params": {"gamma": 6.382548887492715, "lr": 0.5971273029466491}, "datetime": {"datetime": "2024-06-13 21:42:33", "elapsed": 1.08558, "delta": 0.003989}}
{"target": -502.4785290871844, "params": {"gamma": 2.955527374269315, "lr": 0.7316064712415088}, "datetime": {"datetime": "2024-06-13 21:42:33", "elapsed": 1.089569, "delta": 0.003989}}
{"target": -1224.0820758402058, "params": {"gamma": 9.453139091559498, "lr": 0.42556139026154693}, "datetime": {"datetime": "2024-06-13 21:42:33", "elapsed": 1.092563, "delta": 0.002994}}
{"target": -1910.118471483849, "params": {"gamma": 7.822035986497222, "lr": 0.056141039661915304}, "datetime": {"datetime": "2024-06-13 21:42:33", "elapsed": 1.096551, "delta": 0.003988}}
{"target": -1386.5347984041923, "params": {"gamma": 8.35288075329717, "lr": 0.1922500168221477}, "datetime": {"datetime": "2024-06-13 21:42:33", "elapsed": 1.10054, "delta": 0.003989}}
{"target": -610.4496001847705, "params": {"gamma": 3.951573592030842, "lr": 0.30008104592535645}, "datetime": {"datetime": "2024-06-13 21:42:33", "elapsed": 1.104529, "delta": 0.003989}}
{"target": -190.05084565740012, "params": {"gamma": 0.8019563344166869, "lr": 0.9046310029362429}, "datetime": {"datetime": "2024-06-13 21:42:33", "elapsed": 1.107524, "delta": 0.002995}}
{"target": -532.9404950966308, "params": {"gamma": 3.702171621359829, "lr": 0.5306974384761395}, "datetime": {"datetime": "2024-06-13 21:42:33", "elapsed": 1.111511, "delta": 0.003987}}
{"target": -1133.8747298049266, "params": {"gamma": 4.941668542697355, "lr": 0.13216114194293815}, "datetime": {"datetime": "2024-06-13 21:42:33", "elapsed": 1.115499, "delta": 0.003988}}
{"target": -528.3670142148696, "params": {"gamma": 2.0653341348354406, "lr": 0.07618880903232117}, "datetime": {"datetime": "2024-06-13 21:42:33", "elapsed": 1.119489, "delta": 0.00399}}
{"target": -834.9141053628085, "params": {"gamma": 5.07970907775293, "lr": 0.2615495518329871}, "datetime": {"datetime": "2024-06-13 21:42:33", "elapsed": 1.122481, "delta": 0.002992}}
{"target": -791.7035799866078, "params": {"gamma": 3.5712590272190368, "lr": 0.10806532869723684}, "datetime": {"datetime": "2024-06-13 21:42:33", "elapsed": 1.126471, "delta": 0.00399}}
{"target": -1719.9285574963656, "params": {"gamma": 7.87573084468542, "lr": 0.1065838767888011}, "datetime": {"datetime": "2024-06-13 21:42:33", "elapsed": 1.13046, "delta": 0.003989}}
{"target": -1716.2335097978112, "params": {"gamma": 9.857102528308165, "lr": 0.17716116443841734}, "datetime": {"datetime": "2024-06-13 21:42:33", "elapsed": 1.133452, "delta": 0.002992}}
{"target": -1404.7852871553573, "params": {"gamma": 5.724478719234059, "lr": 0.044845334589088126}, "datetime": {"datetime": "2024-06-13 21:42:33", "elapsed": 1.137441, "delta": 0.003989}}
{"target": -1307.8255518063665, "params": {"gamma": 7.871375780268687, "lr": 0.18960594781829654}, "datetime": {"datetime": "2024-06-13 21:42:33", "elapsed": 1.140433, "delta": 0.002992}}
{"target": -878.6007324763948, "params": {"gamma": 5.279511880102859, "lr": 0.7400775431590716}, "datetime": {"datetime": "2024-06-13 21:42:33", "elapsed": 1.144423, "delta": 0.00399}}
{"target": -239.9660989838495, "params": {"gamma": 1.5001649176876422, "lr": 0.5510871741869717}, "datetime": {"datetime": "2024-06-13 21:42:33", "elapsed": 1.147415, "delta": 0.002992}}
{"target": -376.1197151358362, "params": {"gamma": 2.1669554660794654, "lr": 0.7591960493171447}, "datetime": {"datetime": "2024-06-13 21:42:33", "elapsed": 1.151404, "delta": 0.003989}}
{"target": -1264.3513881281212, "params": {"gamma": 7.229429020368581, "lr": 0.17654903427708302}, "datetime": {"datetime": "2024-06-13 21:42:33", "elapsed": 1.154396, "delta": 0.002992}}
{"target": -2102.359345339349, "params": {"gamma": 8.619803610113067, "lr": 0.019775099516344263}, "datetime": {"datetime": "2024-06-13 21:42:33", "elapsed": 1.158386, "delta": 0.00399}}
{"target": -1221.0894115401456, "params": {"gamma": 8.60250973723373, "lr": 0.5589038111609383}, "datetime": {"datetime": "2024-06-13 21:42:33", "elapsed": 1.161377, "delta": 0.002991}}
{"target": -671.4288773748873, "params": {"gamma": 4.032801500586387, "lr": 0.7587469310223366}, "datetime": {"datetime": "2024-06-13 21:42:33", "elapsed": 1.165367, "delta": 0.00399}}
{"target": -1265.357837710361, "params": {"gamma": 7.169573087923007, "lr": 0.9873261748084265}, "datetime": {"datetime": "2024-06-13 21:42:33", "elapsed": 1.169356, "delta": 0.003989}}
{"target": -698.1437057124855, "params": {"gamma": 2.7815724010812146, "lr": 0.0037936724093425855}, "datetime": {"datetime": "2024-06-13 21:42:33", "elapsed": 1.172348, "delta": 0.002992}}
{"target": -1600.4394243679826, "params": {"gamma": 9.339092180540563, "lr": 0.8578971045378938}, "datetime": {"datetime": "2024-06-13 21:42:33", "elapsed": 1.176338, "delta": 0.00399}}
{"target": -1027.7287412066, "params": {"gamma": 7.28877992431504, "lr": 0.5166887829215384}, "datetime": {"datetime": "2024-06-13 21:42:33", "elapsed": 1.179329, "delta": 0.002991}}
{"target": -1161.5899788523539, "params": {"gamma": 7.069855496242362, "lr": 0.7805295568767427}, "datetime": {"datetime": "2024-06-13 21:42:33", "elapsed": 1.183319, "delta": 0.00399}}
{"target": -625.9989590913196, "params": {"gamma": 3.749384559425057, "lr": 0.7703225253299576}, "datetime": {"datetime": "2024-06-13 21:42:33", "elapsed": 1.186311, "delta": 0.002992}}
{"target": -1110.1429324960202, "params": {"gamma": 7.506492567432579, "lr": 0.6132112115442597}, "datetime": {"datetime": "2024-06-13 21:42:33", "elapsed": 1.1903, "delta": 0.003989}}
{"target": -649.0136414128453, "params": {"gamma": 4.019257373754407, "lr": 0.6973080192643409}, "datetime": {"datetime": "2024-06-13 21:42:33", "elapsed": 1.19429, "delta": 0.00399}}
{"target": -143.33679579252833, "params": {"gamma": 0.032125465394095866, "lr": 0.7748966467245978}, "datetime": {"datetime": "2024-06-13 21:42:33", "elapsed": 1.197282, "delta": 0.002992}}
{"target": -1434.4056950236773, "params": {"gamma": 8.964269607966013, "lr": 0.23931570743750463}, "datetime": {"datetime": "2024-06-13 21:42:33", "elapsed": 1.201271, "delta": 0.003989}}
{"target": -227.7933912595133, "params": {"gamma": 1.208551075907988, "lr": 0.2202839877937276}, "datetime": {"datetime": "2024-06-13 21:42:33", "elapsed": 1.204263, "delta": 0.002992}}
{"target": -541.1218385591452, "params": {"gamma": 3.021665216169693, "lr": 0.8830285085638342}, "datetime": {"datetime": "2024-06-13 21:42:33", "elapsed": 1.208252, "delta": 0.003989}}
{"target": -842.5966139396788, "params": {"gamma": 5.432121135950708, "lr": 0.2867116496064306}, "datetime": {"datetime": "2024-06-13 21:42:33", "elapsed": 1.212242, "delta": 0.00399}}
{"target": -240.32900967471483, "params": {"gamma": 1.3844085432396722, "lr": 0.29014446310454167}, "datetime": {"datetime": "2024-06-13 21:42:33", "elapsed": 1.216231, "delta": 0.003989}}
