{"target": -184.3733328878216, "params": {"p_ai": 2.479454855440029, "p_al": 1.11930196523077, "p_ex": 5.135894220893158, "prior": 9.137244761986132, "rate": 1.7932038323176576}, "datetime": {"datetime": "2024-06-13 03:33:33", "elapsed": 214.91505, "delta": 0.10871}}
{"target": -218.48210510906426, "params": {"p_ai": 2.5595284250867927, "p_al": 0.3409243101748873, "p_ex": 0.15470207973635725, "prior": 5.422645236796178, "rate": 8.553747523723965}, "datetime": {"datetime": "2024-06-13 03:33:34", "elapsed": 215.024758, "delta": 0.109708}}
{"target": -290.9777240699196, "params": {"p_ai": 4.4657816155356675, "p_al": 2.357135848615219, "p_ex": 9.36540396422141, "prior": 6.192469585732864, "rate": 8.645897035050032}, "datetime": {"datetime": "2024-06-13 03:33:34", "elapsed": 215.134464, "delta": 0.109706}}
{"target": -171.1452677247193, "params": {"p_ai": 1.282005745817034, "p_al": 4.412942570473553, "p_ex": 8.575682143149248, "prior": 8.982037953044289, "rate": 8.772761648279566}, "datetime": {"datetime": "2024-06-13 03:33:34", "elapsed": 215.243173, "delta": 0.108709}}
{"target": -363.84208471089096, "params": {"p_ai": 6.255094516482575, "p_al": 7.581360105825246, "p_ex": 6.755308180003398, "prior": 8.451789636967945, "rate": 6.32484141935293}, "datetime": {"datetime": "2024-06-13 03:33:34", "elapsed": 215.352779, "delta": 0.109606}}
{"target": -267.0097005930532, "params": {"p_ai": 1.7197256280146134, "p_al": 6.505549393951734, "p_ex": 4.553944860862338, "prior": 0.5894475654255449, "rate": 5.3590922745746745}, "datetime": {"datetime": "2024-06-13 03:33:34", "elapsed": 215.462059, "delta": 0.10928}}
{"target": -356.7618903395293, "params": {"p_ai": 4.393482215124105, "p_al": 8.747389417664913, "p_ex": 6.607572295198009, "prior": 2.608620400961451, "rate": 2.1684377884048662}, "datetime": {"datetime": "2024-06-13 03:33:34", "elapsed": 215.570769, "delta": 0.10871}}
{"target": -174.48441459068493, "params": {"p_ai": 0.9741343125990107, "p_al": 4.6919722422118255, "p_ex": 3.49864716108863, "prior": 5.773912930700538, "rate": 0.5703629844543111}, "datetime": {"datetime": "2024-06-13 03:33:34", "elapsed": 215.680645, "delta": 0.109876}}
{"target": -214.86300244859956, "params": {"p_ai": 2.499922353769078, "p_al": 5.1234334402008574, "p_ex": 3.760205919567236, "prior": 6.269392688573962, "rate": 3.732826110384206}, "datetime": {"datetime": "2024-06-13 03:33:34", "elapsed": 215.789627, "delta": 0.108982}}
{"target": -326.61304439385367, "params": {"p_ai": 4.603671029238606, "p_al": 2.3429211183676726, "p_ex": 2.996592129373345, "prior": 1.1537282156041937, "rate": 7.72462135063049}, "datetime": {"datetime": "2024-06-13 03:33:34", "elapsed": 215.899334, "delta": 0.109707}}
{"target": -450.9717818943566, "params": {"p_ai": 7.939035508710159, "p_al": 0.44031459326531047, "p_ex": 1.6104517992516383, "prior": 8.028774521030188, "rate": 9.104856994771925}, "datetime": {"datetime": "2024-06-13 03:33:35", "elapsed": 216.009509, "delta": 0.110175}}
{"target": -271.4385641969084, "params": {"p_ai": 3.6925387525356554, "p_al": 6.753429509418871, "p_ex": 1.900747060859965, "prior": 8.712451966416536, "rate": 8.247238520857891}, "datetime": {"datetime": "2024-06-13 03:33:35", "elapsed": 216.118233, "delta": 0.108724}}
{"target": -195.33015081299988, "params": {"p_ai": 2.5008789009692247, "p_al": 5.928901706805605, "p_ex": 7.3578939279952476, "prior": 8.838553387439257, "rate": 4.677811991869022}, "datetime": {"datetime": "2024-06-13 03:33:35", "elapsed": 216.22794, "delta": 0.109707}}
{"target": -212.1521406885882, "params": {"p_ai": 1.3470733481294213, "p_al": 1.094841814191649, "p_ex": 5.297243675558832, "prior": 0.49383643442013075, "rate": 6.209338226934207}, "datetime": {"datetime": "2024-06-13 03:33:35", "elapsed": 216.337243, "delta": 0.109303}}
{"target": -153.69479648370603, "params": {"p_ai": 0.3342487213443545, "p_al": 0.2128158500293292, "p_ex": 0.7530176178456772, "prior": 3.6809175726662704, "rate": 3.818141513157325}, "datetime": {"datetime": "2024-06-13 03:33:35", "elapsed": 216.446384, "delta": 0.109141}}
{"target": -424.74474639708757, "params": {"p_ai": 7.669934398787617, "p_al": 8.459621377194617, "p_ex": 7.272280709633233, "prior": 8.844447408912934, "rate": 5.749449999119452}, "datetime": {"datetime": "2024-06-13 03:33:35", "elapsed": 216.555093, "delta": 0.108709}}
{"target": -546.2983715867508, "params": {"p_ai": 9.398903366834306, "p_al": 9.06798682019018, "p_ex": 4.48492000028398, "prior": 4.797781289050013, "rate": 8.566736123057751}, "datetime": {"datetime": "2024-06-13 03:33:35", "elapsed": 216.6648, "delta": 0.109707}}
{"target": -419.36403408328135, "params": {"p_ai": 3.984662715258157, "p_al": 9.420055749190025, "p_ex": 2.933826269617242, "prior": 2.590815299665099, "rate": 1.0901714124352648}, "datetime": {"datetime": "2024-06-13 03:33:35", "elapsed": 216.77351, "delta": 0.10871}}
{"target": -260.4554651358445, "params": {"p_ai": 2.471187095298555, "p_al": 5.3779986604796, "p_ex": 9.802393583495558, "prior": 2.0780894529072613, "rate": 5.470652839172488}, "datetime": {"datetime": "2024-06-13 03:33:35", "elapsed": 216.883216, "delta": 0.109706}}
{"target": -530.8828422098172, "params": {"p_ai": 8.784026964746444, "p_al": 5.897029210758115, "p_ex": 8.352926533735896, "prior": 2.393615931358836, "rate": 0.7317241750859406}, "datetime": {"datetime": "2024-06-13 03:33:36", "elapsed": 216.991926, "delta": 0.10871}}
{"target": -518.2027975175466, "params": {"p_ai": 9.529711071203222, "p_al": 1.12415740911268, "p_ex": 8.024162561181278, "prior": 6.51049956673395, "rate": 8.651276327807269}, "datetime": {"datetime": "2024-06-13 03:33:36", "elapsed": 217.102137, "delta": 0.110211}}
{"target": -368.83031532569476, "params": {"p_ai": 6.297865904193896, "p_al": 2.982484717370885, "p_ex": 9.314887904714922, "prior": 6.923328164237853, "rate": 8.766491081598325}, "datetime": {"datetime": "2024-06-13 03:33:36", "elapsed": 217.211064, "delta": 0.108927}}
{"target": -449.1513324040161, "params": {"p_ai": 8.155107426895412, "p_al": 1.3608872102611669, "p_ex": 6.994424876763647, "prior": 6.810378925463789, "rate": 7.558203771887153}, "datetime": {"datetime": "2024-06-13 03:33:36", "elapsed": 217.319784, "delta": 0.10872}}
{"target": -520.3722219760857, "params": {"p_ai": 7.996706469346298, "p_al": 9.414519270096738, "p_ex": 0.6524073948204284, "prior": 5.086641906303749, "rate": 4.997070133205862}, "datetime": {"datetime": "2024-06-13 03:33:36", "elapsed": 217.429691, "delta": 0.109907}}
{"target": -454.86530503831807, "params": {"p_ai": 7.0079414003989475, "p_al": 9.95603813701815, "p_ex": 9.079903831413358, "prior": 2.9695743927041773, "rate": 3.3582093092894074}, "datetime": {"datetime": "2024-06-13 03:33:36", "elapsed": 217.53928, "delta": 0.109589}}
{"target": -469.3242163849677, "params": {"p_ai": 8.201886874036, "p_al": 3.6167752366875074, "p_ex": 3.254424386140797, "prior": 4.447593325863283, "rate": 2.7719288711687775}, "datetime": {"datetime": "2024-06-13 03:33:36", "elapsed": 217.648987, "delta": 0.109707}}
{"target": -439.5754816184725, "params": {"p_ai": 7.490303509857709, "p_al": 4.527305674218615, "p_ex": 1.6400712810933544, "prior": 9.904617162543863, "rate": 3.380634836004196}, "datetime": {"datetime": "2024-06-13 03:33:36", "elapsed": 217.758694, "delta": 0.109707}}
{"target": -225.85536117242023, "params": {"p_ai": 3.0182894374658042, "p_al": 2.2540360879178154, "p_ex": 4.258012506403847, "prior": 6.951510100013808, "rate": 6.024463090968305}, "datetime": {"datetime": "2024-06-13 03:33:36", "elapsed": 217.868105, "delta": 0.109411}}
{"target": -173.37658743150394, "params": {"p_ai": 1.8154277802533894, "p_al": 2.646352911067262, "p_ex": 5.982902835498565, "prior": 8.580609180581801, "rate": 4.129748274092657}, "datetime": {"datetime": "2024-06-13 03:33:37", "elapsed": 217.980312, "delta": 0.112207}}
{"target": -176.70684136167867, "params": {"p_ai": 2.159265882128531, "p_al": 3.234561011888553, "p_ex": 6.9172126440284645, "prior": 7.009786877455434, "rate": 2.234282424435185}, "datetime": {"datetime": "2024-06-13 03:33:37", "elapsed": 218.090316, "delta": 0.110004}}
{"target": -348.6156287843657, "params": {"p_ai": 3.9655599000973614, "p_al": 6.993599747463365, "p_ex": 7.206028835833273, "prior": 1.3060269515928042, "rate": 6.094130941477607}, "datetime": {"datetime": "2024-06-13 03:33:37", "elapsed": 218.200962, "delta": 0.110646}}
{"target": -502.7929729813858, "params": {"p_ai": 8.860780604176751, "p_al": 5.824031202572268, "p_ex": 3.072782268537545, "prior": 7.451659090914785, "rate": 9.776990621630928}, "datetime": {"datetime": "2024-06-13 03:33:37", "elapsed": 218.309671, "delta": 0.108709}}
{"target": -578.4220032786177, "params": {"p_ai": 9.04633231716986, "p_al": 8.716160144918383, "p_ex": 0.003922193057461108, "prior": 5.826579941183415, "rate": 2.6279371999932573}, "datetime": {"datetime": "2024-06-13 03:33:37", "elapsed": 218.420219, "delta": 0.110548}}
{"target": -475.4368050566085, "params": {"p_ai": 8.130244891969703, "p_al": 5.23526283745264, "p_ex": 8.939108850131829, "prior": 5.237925787644913, "rate": 8.911460302578277}, "datetime": {"datetime": "2024-06-13 03:33:37", "elapsed": 218.529926, "delta": 0.109707}}
{"target": -308.0423352309815, "params": {"p_ai": 4.497764508230413, "p_al": 5.615436937758651, "p_ex": 8.125032960357574, "prior": 4.032314414262975, "rate": 5.687113316080488}, "datetime": {"datetime": "2024-06-13 03:33:37", "elapsed": 218.639632, "delta": 0.109706}}
{"target": -491.7991691129241, "params": {"p_ai": 8.984714318038437, "p_al": 4.8467417158094594, "p_ex": 5.906300764710574, "prior": 9.363857452858312, "rate": 8.83263271940978}, "datetime": {"datetime": "2024-06-13 03:33:37", "elapsed": 218.750337, "delta": 0.110705}}
{"target": -534.0086246854125, "params": {"p_ai": 7.577434997922026, "p_al": 7.112598718301506, "p_ex": 8.192131754208267, "prior": 1.0617119662258163, "rate": 3.810952160479885}, "datetime": {"datetime": "2024-06-13 03:33:37", "elapsed": 218.870994, "delta": 0.120657}}
{"target": -371.25628049767585, "params": {"p_ai": 5.458359106284024, "p_al": 8.585235455408231, "p_ex": 1.4648771670928944, "prior": 7.140681245430711, "rate": 5.910080443703744}, "datetime": {"datetime": "2024-06-13 03:33:38", "elapsed": 218.98067, "delta": 0.109676}}
{"target": -347.97244871261057, "params": {"p_ai": 6.0875909936487345, "p_al": 3.726815752106986, "p_ex": 9.15830642449183, "prior": 7.13933726242808, "rate": 6.683325835506722}, "datetime": {"datetime": "2024-06-13 03:33:38", "elapsed": 219.090186, "delta": 0.109516}}
{"target": -233.81928540365575, "params": {"p_ai": 2.2154321038106217, "p_al": 8.1289389260247, "p_ex": 4.95904725217079, "prior": 5.084200781464436, "rate": 0.8482490698586993}, "datetime": {"datetime": "2024-06-13 03:33:38", "elapsed": 219.199516, "delta": 0.10933}}
{"target": -356.33036331969106, "params": {"p_ai": 4.373244258236222, "p_al": 8.632149255500682, "p_ex": 6.802683723363489, "prior": 1.8950581131297959, "rate": 5.841148942244931}, "datetime": {"datetime": "2024-06-13 03:33:38", "elapsed": 219.309191, "delta": 0.109675}}
{"target": -512.4132342986412, "params": {"p_ai": 9.440120998803936, "p_al": 5.075095122577021, "p_ex": 9.674056937250327, "prior": 3.663304010988193, "rate": 2.9081982683005547}, "datetime": {"datetime": "2024-06-13 03:33:38", "elapsed": 219.41862, "delta": 0.109429}}
{"target": -502.17647780690805, "params": {"p_ai": 8.398665743541141, "p_al": 8.697381609098198, "p_ex": 2.017460785212376, "prior": 7.194800422731128, "rate": 5.921473523245135}, "datetime": {"datetime": "2024-06-13 03:33:38", "elapsed": 219.527737, "delta": 0.109117}}
{"target": -486.47327009483155, "params": {"p_ai": 8.94522136625385, "p_al": 1.4953085457292612, "p_ex": 7.630508798302322, "prior": 6.89986272904379, "rate": 7.950362828454771}, "datetime": {"datetime": "2024-06-13 03:33:38", "elapsed": 219.636314, "delta": 0.108577}}
{"target": -309.1554474873214, "params": {"p_ai": 4.5334216455871585, "p_al": 2.285080750396072, "p_ex": 2.8612639050635336, "prior": 3.0437248840947517, "rate": 8.402831110698429}, "datetime": {"datetime": "2024-06-13 03:33:38", "elapsed": 219.747021, "delta": 0.110707}}
{"target": -337.3744415406701, "params": {"p_ai": 5.372038987196228, "p_al": 5.636276018949885, "p_ex": 2.8423948482288677, "prior": 8.341748975598378, "rate": 7.049602636525978}, "datetime": {"datetime": "2024-06-13 03:33:38", "elapsed": 219.857438, "delta": 0.110417}}
{"target": -576.7211213009517, "params": {"p_ai": 8.781517473429453, "p_al": 1.3161352297481828, "p_ex": 8.496128765204425, "prior": 0.5220714718378262, "rate": 8.771411721092127}, "datetime": {"datetime": "2024-06-13 03:33:38", "elapsed": 219.967144, "delta": 0.109706}}
{"target": -217.2233063885814, "params": {"p_ai": 2.398175280570108, "p_al": 8.856757888094753, "p_ex": 3.7937200294297595, "prior": 8.429330555103737, "rate": 5.396590617151947}, "datetime": {"datetime": "2024-06-13 03:33:39", "elapsed": 220.086827, "delta": 0.119683}}
{"target": -474.44762609663735, "params": {"p_ai": 5.642190342955606, "p_al": 9.84022894951784, "p_ex": 9.63751153551982, "prior": 1.1441289022704242, "rate": 3.6421150962027857}, "datetime": {"datetime": "2024-06-13 03:33:39", "elapsed": 220.199698, "delta": 0.112871}}
{"target": -226.22274021358885, "params": {"p_ai": 2.506212038324754, "p_al": 4.483507611579368, "p_ex": 1.2644028687416509, "prior": 5.116170822812115, "rate": 8.655956316551622}, "datetime": {"datetime": "2024-06-13 03:33:39", "elapsed": 220.315895, "delta": 0.116197}}
{"target": -236.97468419442905, "params": {"p_ai": 3.524182459137863, "p_al": 1.557248674792178, "p_ex": 3.0733042597656954, "prior": 7.429002665405236, "rate": 0.9136723471660736}, "datetime": {"datetime": "2024-06-13 03:33:39", "elapsed": 220.424732, "delta": 0.108837}}
{"target": -552.9582216540884, "params": {"p_ai": 7.356081525521679, "p_al": 6.139605696996387, "p_ex": 7.4028472256456945, "prior": 0.09148820794806983, "rate": 7.205005956911262}, "datetime": {"datetime": "2024-06-13 03:33:39", "elapsed": 220.534551, "delta": 0.109819}}
{"target": -267.1435400570866, "params": {"p_ai": 3.20652192916414, "p_al": 6.330086992140342, "p_ex": 0.5393129725551014, "prior": 5.564785932218573, "rate": 9.416039732034474}, "datetime": {"datetime": "2024-06-13 03:33:39", "elapsed": 220.645255, "delta": 0.110704}}
{"target": -248.59411520646606, "params": {"p_ai": 3.2015370071173717, "p_al": 5.227843986477157, "p_ex": 4.077705890820247, "prior": 5.69696279590871, "rate": 0.6841180889586145}, "datetime": {"datetime": "2024-06-13 03:33:39", "elapsed": 220.753965, "delta": 0.10871}}
{"target": -281.02071983090957, "params": {"p_ai": 3.619441042802784, "p_al": 5.207068985721982, "p_ex": 0.8491598305113975, "prior": 4.677000648386591, "rate": 7.722524554423631}, "datetime": {"datetime": "2024-06-13 03:33:39", "elapsed": 220.863672, "delta": 0.109707}}
{"target": -339.9862010866763, "params": {"p_ai": 4.4305910985625685, "p_al": 3.9098719950651493, "p_ex": 2.7294917556221026, "prior": 0.519464887551938, "rate": 7.61845485482411}, "datetime": {"datetime": "2024-06-13 03:33:40", "elapsed": 220.973379, "delta": 0.109707}}
{"target": -315.76500233747544, "params": {"p_ai": 4.858303293752173, "p_al": 1.614305665250888, "p_ex": 0.6617195267770156, "prior": 7.57924671380558, "rate": 5.884534108373207}, "datetime": {"datetime": "2024-06-13 03:33:40", "elapsed": 221.084082, "delta": 0.110703}}
{"target": -324.38131145478695, "params": {"p_ai": 5.588089049819353, "p_al": 2.0640425222684375, "p_ex": 5.943811569671102, "prior": 9.342191524625699, "rate": 7.255065057177155}, "datetime": {"datetime": "2024-06-13 03:33:40", "elapsed": 221.193789, "delta": 0.109707}}
{"target": -305.64057028398634, "params": {"p_ai": 5.866398132628953, "p_al": 8.653086394752902, "p_ex": 9.965692892765754, "prior": 8.651215789322743, "rate": 1.792646185609348}, "datetime": {"datetime": "2024-06-13 03:33:40", "elapsed": 221.303332, "delta": 0.109543}}
{"target": -430.7243411585059, "params": {"p_ai": 6.946946260957495, "p_al": 2.963016051488197, "p_ex": 0.5962774150678829, "prior": 1.0813285195441542, "rate": 7.628174982654579}, "datetime": {"datetime": "2024-06-13 03:33:40", "elapsed": 221.412182, "delta": 0.10885}}
{"target": -144.64434809831715, "params": {"p_ai": 0.001, "p_al": 0.001, "p_ex": 10.0, "prior": 10.0, "rate": 0.001}, "datetime": {"datetime": "2024-06-13 03:34:02", "elapsed": 243.265073, "delta": 21.852891}}
{"target": -146.9651698495104, "params": {"p_ai": 0.001, "p_al": 0.001, "p_ex": 10.0, "prior": 10.0, "rate": 4.740445720368379}, "datetime": {"datetime": "2024-06-13 03:34:23", "elapsed": 264.775521, "delta": 21.510448}}
{"target": -149.94737593657894, "params": {"p_ai": 0.001, "p_al": 10.0, "p_ex": 10.0, "prior": 10.0, "rate": 0.001}, "datetime": {"datetime": "2024-06-13 03:34:55", "elapsed": 296.397329, "delta": 31.621808}}
{"target": -149.03969800548563, "params": {"p_ai": 0.001, "p_al": 0.001, "p_ex": 0.001, "prior": 10.0, "rate": 0.001}, "datetime": {"datetime": "2024-06-13 03:35:17", "elapsed": 318.149264, "delta": 21.751935}}
{"target": -155.1939270040083, "params": {"p_ai": 0.001, "p_al": 0.001, "p_ex": 2.808893946783046, "prior": 0.8344273382510776, "rate": 10.0}, "datetime": {"datetime": "2024-06-13 03:35:33", "elapsed": 334.663452, "delta": 16.514188}}
{"target": -140.01265087552477, "params": {"p_ai": 0.001, "p_al": 0.001, "p_ex": 6.235041440107214, "prior": 10.0, "rate": 0.001}, "datetime": {"datetime": "2024-06-13 03:35:48", "elapsed": 349.547137, "delta": 14.883685}}
{"target": -154.08331468982183, "params": {"p_ai": 0.001, "p_al": 0.001, "p_ex": 10.0, "prior": 10.0, "rate": 10.0}, "datetime": {"datetime": "2024-06-13 03:36:10", "elapsed": 371.242278, "delta": 21.695141}}
{"target": -158.72125744589007, "params": {"p_ai": 0.001, "p_al": 4.029365295198598, "p_ex": 2.850163051611193, "prior": 2.2483961071504583, "rate": 10.0}, "datetime": {"datetime": "2024-06-13 03:36:33", "elapsed": 394.511831, "delta": 23.269553}}
{"target": -144.64380329727834, "params": {"p_ai": 0.001, "p_al": 0.001, "p_ex": 10.0, "prior": 5.0394195226014915, "rate": 0.001}, "datetime": {"datetime": "2024-06-13 03:36:55", "elapsed": 416.342525, "delta": 21.830694}}
{"target": -146.7767901839859, "params": {"p_ai": 0.001, "p_al": 0.001, "p_ex": 4.220074903984951, "prior": 10.0, "rate": 10.0}, "datetime": {"datetime": "2024-06-13 03:37:12", "elapsed": 433.449172, "delta": 17.106647}}
{"target": -149.0401957112444, "params": {"p_ai": 0.001, "p_al": 0.001, "p_ex": 0.001, "prior": 10.0, "rate": 10.0}, "datetime": {"datetime": "2024-06-13 03:37:29", "elapsed": 450.149393, "delta": 16.700221}}
{"target": -143.8660695712815, "params": {"p_ai": 0.001, "p_al": 0.001, "p_ex": 4.933947906765857, "prior": 10.0, "rate": 5.282098479944516}, "datetime": {"datetime": "2024-06-13 03:37:46", "elapsed": 467.361441, "delta": 17.212048}}
{"target": -149.0450904966088, "params": {"p_ai": 0.001, "p_al": 0.001, "p_ex": 0.001, "prior": 2.9575403124295003, "rate": 0.001}, "datetime": {"datetime": "2024-06-13 03:38:14", "elapsed": 495.757737, "delta": 28.396296}}
{"target": -146.58411097534582, "params": {"p_ai": 0.001, "p_al": 6.402902030341125, "p_ex": 10.0, "prior": 10.0, "rate": 0.001}, "datetime": {"datetime": "2024-06-13 03:38:32", "elapsed": 513.339051, "delta": 17.581314}}
{"target": -141.02116043768308, "params": {"p_ai": 0.001, "p_al": 0.001, "p_ex": 7.646860779987874, "prior": 7.337091748596958, "rate": 0.001}, "datetime": {"datetime": "2024-06-13 03:38:55", "elapsed": 536.300609, "delta": 22.961558}}
{"target": -179.8900725250326, "params": {"p_ai": 0.001, "p_al": 10.0, "p_ex": 0.001, "prior": 10.0, "rate": 0.001}, "datetime": {"datetime": "2024-06-13 03:39:21", "elapsed": 562.387486, "delta": 26.086877}}
{"target": -161.8313934450714, "params": {"p_ai": 0.001, "p_al": 10.0, "p_ex": 10.0, "prior": 5.854604191444114, "rate": 0.001}, "datetime": {"datetime": "2024-06-13 03:39:44", "elapsed": 585.599267, "delta": 23.211781}}
{"target": -149.13865700669152, "params": {"p_ai": 0.001, "p_al": 7.710649273023993, "p_ex": 10.0, "prior": 10.0, "rate": 2.8349279921327426}, "datetime": {"datetime": "2024-06-13 03:40:20", "elapsed": 621.368668, "delta": 35.769401}}
{"target": -142.4436487622678, "params": {"p_ai": 0.001, "p_al": 0.001, "p_ex": 8.075400200633036, "prior": 10.0, "rate": 2.3539965292091183}, "datetime": {"datetime": "2024-06-13 03:40:45", "elapsed": 646.31061, "delta": 24.941942}}
{"target": -142.07604265290593, "params": {"p_ai": 0.001, "p_al": 0.001, "p_ex": 2.7667916708062377, "prior": 10.0, "rate": 0.001}, "datetime": {"datetime": "2024-06-13 03:41:03", "elapsed": 664.426924, "delta": 18.116314}}
{"target": -141.79229388907643, "params": {"p_ai": 0.001, "p_al": 0.001, "p_ex": 2.949438162487798, "prior": 3.9316676773264514, "rate": 0.001}, "datetime": {"datetime": "2024-06-13 03:41:48", "elapsed": 709.452289, "delta": 45.025365}}
{"target": -150.9609372274246, "params": {"p_ai": 2.5375594527635736, "p_al": 0.001, "p_ex": 10.0, "prior": 3.3519779872682065, "rate": 0.001}, "datetime": {"datetime": "2024-06-13 03:42:13", "elapsed": 734.577947, "delta": 25.125658}}
{"target": -165.28775991559502, "params": {"p_ai": 0.001, "p_al": 0.001, "p_ex": 10.0, "prior": 1.6246817334323644, "rate": 3.130454038398779}, "datetime": {"datetime": "2024-06-13 03:42:47", "elapsed": 768.628993, "delta": 34.051046}}
{"target": -164.02845150281135, "params": {"p_ai": 0.001, "p_al": 4.733828096793455, "p_ex": 3.3203190586199907, "prior": 1.9354275246324717, "rate": 7.224315786263038}, "datetime": {"datetime": "2024-06-13 03:43:06", "elapsed": 787.312547, "delta": 18.683554}}
{"target": -152.62089307503, "params": {"p_ai": 0.001, "p_al": 0.001, "p_ex": 6.138304196269716, "prior": 6.1588567389004805, "rate": 10.0}, "datetime": {"datetime": "2024-06-13 03:43:38", "elapsed": 819.430377, "delta": 32.11783}}
