{"target": -162.72242844098415, "params": {"gamma": 3.0455479552792557, "prior": 8.63861535707258, "rate": 8.421949009551232}, "datetime": {"datetime": "2024-06-14 18:10:37", "elapsed": 9.082344, "delta": 0.008976}}
{"target": -198.62017675029225, "params": {"gamma": 4.246702488235933, "prior": 3.7004756377425694, "rate": 2.825092294877215}, "datetime": {"datetime": "2024-06-14 18:10:37", "elapsed": 9.09132, "delta": 0.008976}}
{"target": -438.40466176059067, "params": {"gamma": 9.93237460787099, "prior": 2.6319351668238067, "rate": 9.206835301993463}, "datetime": {"datetime": "2024-06-14 18:10:37", "elapsed": 9.101293, "delta": 0.009973}}
{"target": -201.05793433003402, "params": {"gamma": 4.283923802383466, "prior": 9.360727422179947, "rate": 8.38860949714763}, "datetime": {"datetime": "2024-06-14 18:10:37", "elapsed": 9.11027, "delta": 0.008977}}
{"target": -132.232980916227, "params": {"gamma": 1.5586174788295128, "prior": 5.785405208073743, "rate": 6.7353566438421755}, "datetime": {"datetime": "2024-06-14 18:10:37", "elapsed": 9.120243, "delta": 0.009973}}
{"target": -203.80195717256797, "params": {"gamma": 4.058798239584453, "prior": 0.14828274037404324, "rate": 3.2539879663598352}, "datetime": {"datetime": "2024-06-14 18:10:37", "elapsed": 9.129219, "delta": 0.008976}}
{"target": -361.91038499726216, "params": {"gamma": 8.389610534784513, "prior": 0.7219574041509673, "rate": 1.0550920446467325}, "datetime": {"datetime": "2024-06-14 18:10:37", "elapsed": 9.138197, "delta": 0.008978}}
{"target": -302.858144711721, "params": {"gamma": 7.0181716777726475, "prior": 5.190166850786258, "rate": 4.9821700831201285}, "datetime": {"datetime": "2024-06-14 18:10:37", "elapsed": 9.14817, "delta": 0.009973}}
{"target": -186.24139530261354, "params": {"gamma": 3.736723579545134, "prior": 6.074784805046058, "rate": 8.514836200003508}, "datetime": {"datetime": "2024-06-14 18:10:37", "elapsed": 9.157146, "delta": 0.008976}}
{"target": -154.08908641420413, "params": {"gamma": 2.7699536416334585, "prior": 8.463137492151986, "rate": 4.166774866572612}, "datetime": {"datetime": "2024-06-14 18:10:37", "elapsed": 9.166122, "delta": 0.008976}}
{"target": -218.1335022891801, "params": {"gamma": 5.010339139927012, "prior": 7.323271447824984, "rate": 2.5879583533585664}, "datetime": {"datetime": "2024-06-14 18:10:37", "elapsed": 9.176096, "delta": 0.009974}}
{"target": -388.2151749372516, "params": {"gamma": 9.216447549642744, "prior": 7.050487695865598, "rate": 6.189685300551793}, "datetime": {"datetime": "2024-06-14 18:10:37", "elapsed": 9.185072, "delta": 0.008976}}
{"target": -153.4680381422484, "params": {"gamma": 2.7308153642818653, "prior": 6.988899717958515, "rate": 2.5728902697861002}, "datetime": {"datetime": "2024-06-14 18:10:37", "elapsed": 9.194048, "delta": 0.008976}}
{"target": -369.4516519857739, "params": {"gamma": 8.164710250604447, "prior": 0.21357730472677, "rate": 1.6662098984717895}, "datetime": {"datetime": "2024-06-14 18:10:37", "elapsed": 9.20358, "delta": 0.009532}}
{"target": -244.49549796584338, "params": {"gamma": 5.578732058631829, "prior": 7.151581896064771, "rate": 4.925314058477191}, "datetime": {"datetime": "2024-06-14 18:10:37", "elapsed": 9.213553, "delta": 0.009973}}
{"target": -358.19136900664967, "params": {"gamma": 8.77821720529802, "prior": 9.761112381872845, "rate": 4.643306398374889}, "datetime": {"datetime": "2024-06-14 18:10:37", "elapsed": 9.222529, "delta": 0.008976}}
{"target": -332.63377565628906, "params": {"gamma": 7.680101807848576, "prior": 4.99824412495192, "rate": 6.651322684579871}, "datetime": {"datetime": "2024-06-14 18:10:37", "elapsed": 9.231505, "delta": 0.008976}}
{"target": -149.0519038615726, "params": {"gamma": 2.2495249246936897, "prior": 1.1844630004410581, "rate": 9.790110366804328}, "datetime": {"datetime": "2024-06-14 18:10:37", "elapsed": 9.241478, "delta": 0.009973}}
{"target": -356.83892021515834, "params": {"gamma": 8.150131602400142, "prior": 2.925296971250357, "rate": 5.858698015894784}, "datetime": {"datetime": "2024-06-14 18:10:37", "elapsed": 9.250047, "delta": 0.008569}}
{"target": -192.57051192258126, "params": {"gamma": 3.8013319815826336, "prior": 1.8457466036216705, "rate": 4.188932595381877}, "datetime": {"datetime": "2024-06-14 18:10:37", "elapsed": 9.26002, "delta": 0.009973}}
{"target": -169.19190031627193, "params": {"gamma": 2.9725807541730793, "prior": 0.2645786546757686, "rate": 3.8742957016810964}, "datetime": {"datetime": "2024-06-14 18:10:37", "elapsed": 9.268996, "delta": 0.008976}}
{"target": -383.70221390047925, "params": {"gamma": 9.209209125043717, "prior": 8.299182561203743, "rate": 5.741173477210314}, "datetime": {"datetime": "2024-06-14 18:10:37", "elapsed": 9.278969, "delta": 0.009973}}
{"target": -175.65455603334038, "params": {"gamma": 3.1871500009390448, "prior": 2.3895165193658316, "rate": 9.560239816725709}, "datetime": {"datetime": "2024-06-14 18:10:37", "elapsed": 9.288943, "delta": 0.009974}}
{"target": -251.973823563598, "params": {"gamma": 5.646536380588049, "prior": 2.254292505235319, "rate": 2.4955710289351303}, "datetime": {"datetime": "2024-06-14 18:10:37", "elapsed": 9.297919, "delta": 0.008976}}
{"target": -386.6383952380935, "params": {"gamma": 9.59600242910666, "prior": 2.464259919634281, "rate": 1.068034169467023}, "datetime": {"datetime": "2024-06-14 18:10:37", "elapsed": 9.306895, "delta": 0.008976}}
{"target": -135.85933154603666, "params": {"gamma": 1.840435435586939, "prior": 7.685625588487398, "rate": 7.087933795056683}, "datetime": {"datetime": "2024-06-14 18:10:37", "elapsed": 9.316868, "delta": 0.009973}}
{"target": -201.91567801929978, "params": {"gamma": 4.379981305846461, "prior": 7.958664620452609, "rate": 5.1756094087340525}, "datetime": {"datetime": "2024-06-14 18:10:37", "elapsed": 9.325845, "delta": 0.008977}}
{"target": -209.93976848420746, "params": {"gamma": 4.136568013129941, "prior": 1.262675168653137, "rate": 8.839226748297556}, "datetime": {"datetime": "2024-06-14 18:10:37", "elapsed": 9.335413, "delta": 0.009568}}
{"target": -157.2152349008862, "params": {"gamma": 2.7566565508887577, "prior": 6.200981160965617, "rate": 9.8458132098281}, "datetime": {"datetime": "2024-06-14 18:10:37", "elapsed": 9.345358, "delta": 0.009945}}
{"target": -136.83505499657093, "params": {"gamma": 1.8949908024154942, "prior": 9.655361118751124, "rate": 6.527500968888528}, "datetime": {"datetime": "2024-06-14 18:10:37", "elapsed": 9.354334, "delta": 0.008976}}
{"target": -129.96508525852505, "params": {"gamma": 1.28818731436088, "prior": 7.742078746123179, "rate": 9.51780600679268}, "datetime": {"datetime": "2024-06-14 18:10:37", "elapsed": 9.36331, "delta": 0.008976}}
{"target": -238.3972214373324, "params": {"gamma": 5.628242716344561, "prior": 6.916696477605665, "rate": 0.26445244082095803}, "datetime": {"datetime": "2024-06-14 18:10:37", "elapsed": 9.373312, "delta": 0.010002}}
{"target": -357.8135031085799, "params": {"gamma": 9.890767779393961, "prior": 3.252725486155457, "rate": 0.24001388988282726}, "datetime": {"datetime": "2024-06-14 18:10:37", "elapsed": 9.382259, "delta": 0.008947}}
{"target": -341.24858295543464, "params": {"gamma": 8.08583294059341, "prior": 9.735200262493974, "rate": 7.376147510656895}, "datetime": {"datetime": "2024-06-14 18:10:37", "elapsed": 9.391235, "delta": 0.008976}}
{"target": -143.78223041776275, "params": {"gamma": 0.028355324647958178, "prior": 0.7272690626029495, "rate": 5.843109782870581}, "datetime": {"datetime": "2024-06-14 18:10:37", "elapsed": 9.401208, "delta": 0.009973}}
{"target": -171.8677830331948, "params": {"gamma": 3.3578153624482754, "prior": 8.830151459442787, "rate": 8.736820024200027}, "datetime": {"datetime": "2024-06-14 18:10:37", "elapsed": 9.410184, "delta": 0.008976}}
{"target": -418.8190211197923, "params": {"gamma": 9.875201568135711, "prior": 7.186736493818677, "rate": 8.768960114386706}, "datetime": {"datetime": "2024-06-14 18:10:37", "elapsed": 9.419972, "delta": 0.009788}}
{"target": -177.04191210038866, "params": {"gamma": 3.197181468508664, "prior": 1.20065182400608, "rate": 8.653775693718016}, "datetime": {"datetime": "2024-06-14 18:10:37", "elapsed": 9.428945, "delta": 0.008973}}
{"target": -164.8785498440076, "params": {"gamma": 3.035422507017289, "prior": 4.251389751852173, "rate": 6.460656540458656}, "datetime": {"datetime": "2024-06-14 18:10:37", "elapsed": 9.438427, "delta": 0.009482}}
{"target": -265.1249978449861, "params": {"gamma": 6.051386242420971, "prior": 4.267138536697311, "rate": 3.862118968194065}, "datetime": {"datetime": "2024-06-14 18:10:37", "elapsed": 9.447405, "delta": 0.008978}}
{"target": -132.08449405767095, "params": {"gamma": 1.227687737548204, "prior": 5.385232654603825, "rate": 2.329308118342716}, "datetime": {"datetime": "2024-06-14 18:10:37", "elapsed": 9.457381, "delta": 0.009976}}
{"target": -289.44461482429443, "params": {"gamma": 7.548323703153514, "prior": 6.78121878322855, "rate": 0.7201977211273354}, "datetime": {"datetime": "2024-06-14 18:10:37", "elapsed": 9.466359, "delta": 0.008978}}
{"target": -384.7595342118261, "params": {"gamma": 9.892657582673268, "prior": 7.826523662185978, "rate": 2.279031043019085}, "datetime": {"datetime": "2024-06-14 18:10:37", "elapsed": 9.475338, "delta": 0.008979}}
{"target": -137.5141651891534, "params": {"gamma": 0.30839744067862085, "prior": 4.835881127609816, "rate": 3.5280716325732393}, "datetime": {"datetime": "2024-06-14 18:10:37", "elapsed": 9.485311, "delta": 0.009973}}
{"target": -246.109918491578, "params": {"gamma": 5.465568482142916, "prior": 6.630673158706719, "rate": 7.972400853780025}, "datetime": {"datetime": "2024-06-14 18:10:37", "elapsed": 9.494287, "delta": 0.008976}}
{"target": -141.73234063479845, "params": {"gamma": 0.1364299240444373, "prior": 7.171525587400897, "rate": 2.95384434705289}, "datetime": {"datetime": "2024-06-14 18:10:37", "elapsed": 9.503272, "delta": 0.008985}}
{"target": -408.5298819434304, "params": {"gamma": 9.864039353798532, "prior": 8.47779313281904, "rate": 5.604451409666734}, "datetime": {"datetime": "2024-06-14 18:10:37", "elapsed": 9.513238, "delta": 0.009966}}
{"target": -264.7011142388646, "params": {"gamma": 5.9780590880830164, "prior": 2.001549162745117, "rate": 2.263289634282068}, "datetime": {"datetime": "2024-06-14 18:10:37", "elapsed": 9.522214, "delta": 0.008976}}
{"target": -135.35931415143926, "params": {"gamma": 1.5409777702011733, "prior": 3.8403541198979734, "rate": 1.1204424879714694}, "datetime": {"datetime": "2024-06-14 18:10:37", "elapsed": 9.533196, "delta": 0.010982}}
{"target": -218.29933886095046, "params": {"gamma": 5.113217663448985, "prior": 6.420931758475319, "rate": 1.2230015699915957}, "datetime": {"datetime": "2024-06-14 18:10:37", "elapsed": 9.542167, "delta": 0.008971}}
{"target": -185.26407654497106, "params": {"gamma": 3.442619392943751, "prior": 0.7964440088835576, "rate": 5.25808611153342}, "datetime": {"datetime": "2024-06-14 18:10:37", "elapsed": 9.553145, "delta": 0.010978}}
{"target": -286.5683706547459, "params": {"gamma": 6.503247402260852, "prior": 6.193174199613517, "rate": 8.138881758532042}, "datetime": {"datetime": "2024-06-14 18:10:37", "elapsed": 9.562116, "delta": 0.008971}}
{"target": -145.18684046713938, "params": {"gamma": 2.3564267987877012, "prior": 6.220000234220411, "rate": 3.028982363807174}, "datetime": {"datetime": "2024-06-14 18:10:37", "elapsed": 9.572089, "delta": 0.009973}}
{"target": -134.32655667553155, "params": {"gamma": 0.8885882930853439, "prior": 3.1220885685015505, "rate": 0.7144933929712171}, "datetime": {"datetime": "2024-06-14 18:10:37", "elapsed": 9.581069, "delta": 0.00898}}
{"target": -354.8113299793379, "params": {"gamma": 9.585783535985689, "prior": 7.2989378057766, "rate": 1.0155071173822163}, "datetime": {"datetime": "2024-06-14 18:10:37", "elapsed": 9.591042, "delta": 0.009973}}
{"target": -349.26522896428594, "params": {"gamma": 7.862906954163588, "prior": 3.5863380649556653, "rate": 9.1144399680976}, "datetime": {"datetime": "2024-06-14 18:10:37", "elapsed": 9.600021, "delta": 0.008979}}
{"target": -214.41207283430745, "params": {"gamma": 4.955478850036387, "prior": 8.739657957550234, "rate": 2.206077417642493}, "datetime": {"datetime": "2024-06-14 18:10:37", "elapsed": 9.609997, "delta": 0.009976}}
{"target": -177.33551241709927, "params": {"gamma": 3.6725560667067523, "prior": 3.731685727367989, "rate": 0.9722296833512493}, "datetime": {"datetime": "2024-06-14 18:10:37", "elapsed": 9.619232, "delta": 0.009235}}
{"target": -168.91246557694768, "params": {"gamma": 3.310813326223882, "prior": 6.6311270580041155, "rate": 4.665968370246033}, "datetime": {"datetime": "2024-06-14 18:10:37", "elapsed": 9.628209, "delta": 0.008977}}
{"target": -376.1908976072004, "params": {"gamma": 8.792436465874568, "prior": 2.769735637264448, "rate": 3.5488386678677664}, "datetime": {"datetime": "2024-06-14 18:10:37", "elapsed": 9.638185, "delta": 0.009976}}
{"target": -164.87115204697483, "params": {"gamma": 3.2042225472159718, "prior": 5.562205909154905, "rate": 1.8830059366472722}, "datetime": {"datetime": "2024-06-14 18:10:37", "elapsed": 9.647163, "delta": 0.008978}}
{"target": -136.0034477421522, "params": {"gamma": 1.7332694708102208, "prior": 9.4008710496637, "rate": 3.767100489749554}, "datetime": {"datetime": "2024-06-14 18:10:37", "elapsed": 9.657138, "delta": 0.009975}}
{"target": -268.64533443546657, "params": {"gamma": 5.871394250695616, "prior": 0.6460056416863561, "rate": 1.409439110996769}, "datetime": {"datetime": "2024-06-14 18:10:37", "elapsed": 9.666117, "delta": 0.008979}}
{"target": -136.01558989547297, "params": {"gamma": 0.964489160060572, "prior": 8.139944122785648, "rate": 1.0323646790520586}, "datetime": {"datetime": "2024-06-14 18:10:37", "elapsed": 9.675092, "delta": 0.008975}}
{"target": -238.6883224317476, "params": {"gamma": 5.163644140749812, "prior": 1.6402211901215338, "rate": 2.7888887375330564}, "datetime": {"datetime": "2024-06-14 18:10:37", "elapsed": 9.684071, "delta": 0.008979}}
{"target": -379.7420482668126, "params": {"gamma": 8.826137423028198, "prior": 6.352778274796015, "rate": 9.636663439420486}, "datetime": {"datetime": "2024-06-14 18:10:37", "elapsed": 9.694044, "delta": 0.009973}}
{"target": -274.82545393621695, "params": {"gamma": 5.997543941794315, "prior": 0.19424519054392425, "rate": 4.156994414198696}, "datetime": {"datetime": "2024-06-14 18:10:37", "elapsed": 9.703058, "delta": 0.009014}}
{"target": -138.38725325022875, "params": {"gamma": 0.22539510183243922, "prior": 3.20844484766477, "rate": 4.816767682276697}, "datetime": {"datetime": "2024-06-14 18:10:37", "elapsed": 9.712889, "delta": 0.009831}}
{"target": -264.66576174998625, "params": {"gamma": 5.755017951896957, "prior": 2.4626370089964063, "rate": 5.583307497898072}, "datetime": {"datetime": "2024-06-14 18:10:37", "elapsed": 9.721861, "delta": 0.008972}}
{"target": -185.53171276599969, "params": {"gamma": 3.949806420938232, "prior": 5.115163656318577, "rate": 1.9604741784106727}, "datetime": {"datetime": "2024-06-14 18:10:37", "elapsed": 9.731138, "delta": 0.009277}}
{"target": -134.06181216696137, "params": {"gamma": 1.5683593484243095, "prior": 7.5697183752636255, "rate": 3.3004023148263886}, "datetime": {"datetime": "2024-06-14 18:10:37", "elapsed": 9.741113, "delta": 0.009975}}
{"target": -286.47603158993667, "params": {"gamma": 6.442312729689626, "prior": 5.698010406246365, "rate": 8.995409627944824}, "datetime": {"datetime": "2024-06-14 18:10:37", "elapsed": 9.750092, "delta": 0.008979}}
{"target": -358.20478715691866, "params": {"gamma": 8.806955495452243, "prior": 4.486802863235155, "rate": 2.048146129836078}, "datetime": {"datetime": "2024-06-14 18:10:37", "elapsed": 9.75907, "delta": 0.008978}}
{"target": -277.34114734360963, "params": {"gamma": 6.322291560542967, "prior": 6.404676155930846, "rate": 6.92448261628265}, "datetime": {"datetime": "2024-06-14 18:10:37", "elapsed": 9.769043, "delta": 0.009973}}
{"target": -381.0373896403088, "params": {"gamma": 9.074824554145266, "prior": 7.847551682641525, "rate": 6.253284067622613}, "datetime": {"datetime": "2024-06-14 18:10:37", "elapsed": 9.778019, "delta": 0.008976}}
{"target": -277.8477671819311, "params": {"gamma": 6.010054988385501, "prior": 2.2063144570746065, "rate": 6.514002254616683}, "datetime": {"datetime": "2024-06-14 18:10:37", "elapsed": 9.787992, "delta": 0.009973}}
{"target": -347.41123085575623, "params": {"gamma": 8.145187207595269, "prior": 9.230992560443674, "rate": 9.166584470697245}, "datetime": {"datetime": "2024-06-14 18:10:38", "elapsed": 9.796968, "delta": 0.008976}}
{"target": -251.9943057169046, "params": {"gamma": 5.611426959920494, "prior": 2.6723563598308284, "rate": 3.338640770780343}, "datetime": {"datetime": "2024-06-14 18:10:38", "elapsed": 9.805944, "delta": 0.008976}}
{"target": -425.95203942102177, "params": {"gamma": 9.977625893322635, "prior": 5.303418103356411, "rate": 8.159250821705387}, "datetime": {"datetime": "2024-06-14 18:10:38", "elapsed": 9.815918, "delta": 0.009974}}
{"target": -258.77138982777774, "params": {"gamma": 5.970564861657937, "prior": 5.1186108345504335, "rate": 3.4860476134416722}, "datetime": {"datetime": "2024-06-14 18:10:38", "elapsed": 9.824894, "delta": 0.008976}}
{"target": -248.13160284841223, "params": {"gamma": 5.378167511784794, "prior": 0.16667359924261277, "rate": 8.766981380159143}, "datetime": {"datetime": "2024-06-14 18:10:38", "elapsed": 9.834868, "delta": 0.009974}}
{"target": -259.5846593274842, "params": {"gamma": 5.615303328845261, "prior": 0.340386110714318, "rate": 8.181929278566322}, "datetime": {"datetime": "2024-06-14 18:10:38", "elapsed": 9.843876, "delta": 0.009008}}
{"target": -131.92462965933925, "params": {"gamma": 1.3544085542298703, "prior": 0.4033231110996103, "rate": 4.623891705947023}, "datetime": {"datetime": "2024-06-14 18:10:38", "elapsed": 9.85336, "delta": 0.009484}}
{"target": -397.6360994182313, "params": {"gamma": 9.606606296174677, "prior": 1.0267810597935034, "rate": 0.656919562834297}, "datetime": {"datetime": "2024-06-14 18:10:38", "elapsed": 9.862544, "delta": 0.009184}}
{"target": -373.3696027482072, "params": {"gamma": 8.799475826643015, "prior": 8.231583211278556, "rate": 8.199874253028593}, "datetime": {"datetime": "2024-06-14 18:10:38", "elapsed": 9.872518, "delta": 0.009974}}
{"target": -215.0007284132394, "params": {"gamma": 4.678712660105902, "prior": 4.3321717361492516, "rate": 4.011281986039528}, "datetime": {"datetime": "2024-06-14 18:10:38", "elapsed": 9.881494, "delta": 0.008976}}
{"target": -258.26642100943474, "params": {"gamma": 5.822568206350932, "prior": 7.316809626823501, "rate": 7.843135731493912}, "datetime": {"datetime": "2024-06-14 18:10:38", "elapsed": 9.890499, "delta": 0.009005}}
{"target": -281.30038142479617, "params": {"gamma": 6.548337076416619, "prior": 5.668415030292531, "rate": 4.1245136895947505}, "datetime": {"datetime": "2024-06-14 18:10:38", "elapsed": 9.900443, "delta": 0.009944}}
{"target": -167.29512420053086, "params": {"gamma": 3.1998307053765016, "prior": 2.9338531489792334, "rate": 2.9624710073123492}, "datetime": {"datetime": "2024-06-14 18:10:38", "elapsed": 9.909419, "delta": 0.008976}}
{"target": -292.9236703682056, "params": {"gamma": 6.827845908778269, "prior": 7.648167703379835, "rate": 5.976600250112773}, "datetime": {"datetime": "2024-06-14 18:10:38", "elapsed": 9.919392, "delta": 0.009973}}
{"target": -147.4283887873004, "params": {"gamma": 2.229416058643355, "prior": 2.0245107029967566, "rate": 7.657095501588769}, "datetime": {"datetime": "2024-06-14 18:10:38", "elapsed": 9.928368, "delta": 0.008976}}
{"target": -435.04939654560445, "params": {"gamma": 9.786959495931479, "prior": 0.257508619766369, "rate": 2.489732521683815}, "datetime": {"datetime": "2024-06-14 18:10:38", "elapsed": 9.938342, "delta": 0.009974}}
{"target": -318.20681851664744, "params": {"gamma": 7.923336404835708, "prior": 7.219736447758213, "rate": 2.4605535974366086}, "datetime": {"datetime": "2024-06-14 18:10:38", "elapsed": 9.947318, "delta": 0.008976}}
{"target": -249.4325912956102, "params": {"gamma": 5.549368918377377, "prior": 5.897299361580305, "rate": 7.21412138219565}, "datetime": {"datetime": "2024-06-14 18:10:38", "elapsed": 9.956296, "delta": 0.008978}}
{"target": -211.7772250763034, "params": {"gamma": 4.637273438415798, "prior": 4.1079998680749545, "rate": 3.080786698738075}, "datetime": {"datetime": "2024-06-14 18:10:38", "elapsed": 9.966269, "delta": 0.009973}}
{"target": -152.40753281229067, "params": {"gamma": 2.3838507751598206, "prior": 1.0157832456909792, "rate": 6.4591879907890055}, "datetime": {"datetime": "2024-06-14 18:10:38", "elapsed": 9.975246, "delta": 0.008977}}
{"target": -275.8489074468023, "params": {"gamma": 6.696034914953822, "prior": 6.904700391776786, "rate": 0.03245405892326011}, "datetime": {"datetime": "2024-06-14 18:10:38", "elapsed": 9.984221, "delta": 0.008975}}
{"target": -217.9253499632227, "params": {"gamma": 4.383092072177341, "prior": 1.3132783126224954, "rate": 5.266566747727368}, "datetime": {"datetime": "2024-06-14 18:10:38", "elapsed": 9.994227, "delta": 0.010006}}
{"target": -408.40131208310265, "params": {"gamma": 9.797416469397842, "prior": 5.042842408537047, "rate": 3.747125142755934}, "datetime": {"datetime": "2024-06-14 18:10:38", "elapsed": 10.003172, "delta": 0.008945}}
{"target": -322.62531630719064, "params": {"gamma": 8.13858608395356, "prior": 9.685194238622525, "rate": 2.8719466519104246}, "datetime": {"datetime": "2024-06-14 18:10:38", "elapsed": 10.012178, "delta": 0.009006}}
{"target": -304.1427664073201, "params": {"gamma": 8.030197397425262, "prior": 9.96180022989637, "rate": 1.1191305732763266}, "datetime": {"datetime": "2024-06-14 18:10:38", "elapsed": 10.02212, "delta": 0.009942}}
