{"target": -524.6950214758558, "params": {"gamma": 6.864927298504364, "prior": 3.8399250110933036, "rate": 7.6314509854431005}, "datetime": {"datetime": "2024-06-14 11:40:53", "elapsed": 16.139653, "delta": 0.009973}}
{"target": -408.5990338122808, "params": {"gamma": 8.963993959368008, "prior": 9.110902413045697, "rate": 4.965364995168459}, "datetime": {"datetime": "2024-06-14 11:40:53", "elapsed": 16.149626, "delta": 0.009973}}
{"target": -461.88118943805057, "params": {"gamma": 7.626339709379889, "prior": 7.118724128793965, "rate": 9.513017241338671}, "datetime": {"datetime": "2024-06-14 11:40:53", "elapsed": 16.159958, "delta": 0.010332}}
{"target": -162.95397342365914, "params": {"gamma": 2.416303346981715, "prior": 5.657263107051882, "rate": 0.4386889024105297}, "datetime": {"datetime": "2024-06-14 11:40:53", "elapsed": 16.169931, "delta": 0.009973}}
{"target": -417.3442124038856, "params": {"gamma": 9.231856412216342, "prior": 9.458040129710191, "rate": 5.0095625425504435}, "datetime": {"datetime": "2024-06-14 11:40:53", "elapsed": 16.179905, "delta": 0.009974}}
{"target": -271.44471428913437, "params": {"gamma": 5.861588364410452, "prior": 7.742224266063105, "rate": 2.494062511590284}, "datetime": {"datetime": "2024-06-14 11:40:53", "elapsed": 16.189878, "delta": 0.009973}}
{"target": -326.62331300557065, "params": {"gamma": 3.7905257699858756, "prior": 2.9571954023700533, "rate": 5.388500848183928}, "datetime": {"datetime": "2024-06-14 11:40:53", "elapsed": 16.199851, "delta": 0.009973}}
{"target": -372.6731474300539, "params": {"gamma": 9.489619281316324, "prior": 3.915466925543566, "rate": 0.4510526483715768}, "datetime": {"datetime": "2024-06-14 11:40:53", "elapsed": 16.209825, "delta": 0.009974}}
{"target": -331.17851710182623, "params": {"gamma": 6.8255038084621535, "prior": 5.0008035357807925, "rate": 2.96582349698632}, "datetime": {"datetime": "2024-06-14 11:40:53", "elapsed": 16.220795, "delta": 0.01097}}
{"target": -267.4255177138689, "params": {"gamma": 4.159470178485402, "prior": 8.638851939129534, "rate": 8.210356117785}, "datetime": {"datetime": "2024-06-14 11:40:53", "elapsed": 16.230769, "delta": 0.009974}}
{"target": -202.4065151444316, "params": {"gamma": 1.7092925546648687, "prior": 6.882819454636019, "rate": 9.976635949364582}, "datetime": {"datetime": "2024-06-14 11:40:53", "elapsed": 16.240742, "delta": 0.009973}}
{"target": -352.73158017649155, "params": {"gamma": 7.843808621110356, "prior": 7.277958918810155, "rate": 3.1008897721241295}, "datetime": {"datetime": "2024-06-14 11:40:53", "elapsed": 16.250716, "delta": 0.009974}}
{"target": -169.02145086454135, "params": {"gamma": 1.5955484350535305, "prior": 8.656789324831875, "rate": 6.103851837947851}, "datetime": {"datetime": "2024-06-14 11:40:53", "elapsed": 16.260689, "delta": 0.009973}}
{"target": -257.68909803354273, "params": {"gamma": 3.90151389493923, "prior": 7.580348274726708, "rate": 7.18656022932733}, "datetime": {"datetime": "2024-06-14 11:40:53", "elapsed": 16.270662, "delta": 0.009973}}
{"target": -697.3274446309417, "params": {"gamma": 6.473683921648569, "prior": 2.1519072794770633, "rate": 8.8553926501292}, "datetime": {"datetime": "2024-06-14 11:40:53", "elapsed": 16.280636, "delta": 0.009974}}
{"target": -306.30121168442156, "params": {"gamma": 7.190340618322544, "prior": 3.096042577804754, "rate": 0.636921390268151}, "datetime": {"datetime": "2024-06-14 11:40:53", "elapsed": 16.290609, "delta": 0.009973}}
{"target": -424.21082048201464, "params": {"gamma": 9.128051358543207, "prior": 7.959115578671122, "rate": 4.986337846072983}, "datetime": {"datetime": "2024-06-14 11:40:53", "elapsed": 16.300582, "delta": 0.009973}}
{"target": -239.50218500507822, "params": {"gamma": 4.139838016887461, "prior": 6.194068492491998, "rate": 3.9857532458547134}, "datetime": {"datetime": "2024-06-14 11:40:53", "elapsed": 16.310556, "delta": 0.009974}}
{"target": -150.0372207668412, "params": {"gamma": 0.3901414822148927, "prior": 3.089486487843047, "rate": 2.4635393026772414}, "datetime": {"datetime": "2024-06-14 11:40:53", "elapsed": 16.320529, "delta": 0.009973}}
{"target": -436.0107909917368, "params": {"gamma": 9.723053574133592, "prior": 7.698230686083612, "rate": 4.03756244174214}, "datetime": {"datetime": "2024-06-14 11:40:53", "elapsed": 16.330502, "delta": 0.009973}}
{"target": -510.8428448788604, "params": {"gamma": 7.36653545986381, "prior": 3.096284649891858, "rate": 5.273430978494289}, "datetime": {"datetime": "2024-06-14 11:40:53", "elapsed": 16.340476, "delta": 0.009974}}
{"target": -227.21026311320168, "params": {"gamma": 2.0722252550467415, "prior": 2.617176807498664, "rate": 4.340796665124917}, "datetime": {"datetime": "2024-06-14 11:40:53", "elapsed": 16.350449, "delta": 0.009973}}
{"target": -161.20697997818795, "params": {"gamma": 0.8251761637855287, "prior": 8.547550771616626, "rate": 9.163375833703464}, "datetime": {"datetime": "2024-06-14 11:40:53", "elapsed": 16.361449, "delta": 0.011}}
{"target": -234.1985775983949, "params": {"gamma": 2.131865517652924, "prior": 4.789847916431056, "rate": 8.414755557056594}, "datetime": {"datetime": "2024-06-14 11:40:53", "elapsed": 16.371077, "delta": 0.009628}}
{"target": -205.12962242663937, "params": {"gamma": 2.8835014556151, "prior": 6.146017338301501, "rate": 4.421038071544468}, "datetime": {"datetime": "2024-06-14 11:40:53", "elapsed": 16.380838, "delta": 0.009761}}
{"target": -229.4471623540532, "params": {"gamma": 3.9755172922412867, "prior": 7.914804790958176, "rate": 4.645661627447652}, "datetime": {"datetime": "2024-06-14 11:40:53", "elapsed": 16.391809, "delta": 0.010971}}
{"target": -287.68993711949287, "params": {"gamma": 4.648560381634333, "prior": 9.92108219282192, "rate": 9.622335724671418}, "datetime": {"datetime": "2024-06-14 11:40:53", "elapsed": 16.401782, "delta": 0.009973}}
{"target": -284.7325011855681, "params": {"gamma": 2.3515737989342904, "prior": 2.3468422945017595, "rate": 6.627717437420285}, "datetime": {"datetime": "2024-06-14 11:40:53", "elapsed": 16.411756, "delta": 0.009974}}
{"target": -272.0754768556622, "params": {"gamma": 4.12005240559699, "prior": 7.21566500145903, "rate": 7.33480011223453}, "datetime": {"datetime": "2024-06-14 11:40:53", "elapsed": 16.421801, "delta": 0.010045}}
{"target": -793.3642809008963, "params": {"gamma": 7.833165317126014, "prior": 2.706813429208478, "rate": 9.983583794835354}, "datetime": {"datetime": "2024-06-14 11:40:53", "elapsed": 16.431612, "delta": 0.009811}}
{"target": -324.00778002067534, "params": {"gamma": 4.937510667267648, "prior": 0.9308724921413128, "rate": 1.1210448167623643}, "datetime": {"datetime": "2024-06-14 11:40:53", "elapsed": 16.441586, "delta": 0.009974}}
{"target": -428.34224938998887, "params": {"gamma": 5.615435741740323, "prior": 5.150078530019021, "rate": 9.348420230005587}, "datetime": {"datetime": "2024-06-14 11:40:53", "elapsed": 16.451559, "delta": 0.009973}}
{"target": -398.11974260898484, "params": {"gamma": 9.008359782293162, "prior": 4.707496113752034, "rate": 2.0655648551479264}, "datetime": {"datetime": "2024-06-14 11:40:53", "elapsed": 16.461532, "delta": 0.009973}}
{"target": -457.91019252038603, "params": {"gamma": 5.644611641557381, "prior": 3.156460479596483, "rate": 6.506205753925493}, "datetime": {"datetime": "2024-06-14 11:40:53", "elapsed": 16.472504, "delta": 0.010972}}
{"target": -236.75931716930734, "params": {"gamma": 5.151524964800736, "prior": 8.447482905263575, "rate": 1.318272408917089}, "datetime": {"datetime": "2024-06-14 11:40:53", "elapsed": 16.482506, "delta": 0.010002}}
{"target": -214.02627155653423, "params": {"gamma": 2.510816765750457, "prior": 6.015561199030471, "rate": 6.252522597888486}, "datetime": {"datetime": "2024-06-14 11:40:53", "elapsed": 16.49245, "delta": 0.009944}}
{"target": -261.47136605498224, "params": {"gamma": 4.126528259704839, "prior": 9.015862526250485, "rate": 8.102939975399439}, "datetime": {"datetime": "2024-06-14 11:40:53", "elapsed": 16.503421, "delta": 0.010971}}
{"target": -316.56345589828766, "params": {"gamma": 5.408957978271053, "prior": 4.109790667839894, "rate": 3.9723842641831384}, "datetime": {"datetime": "2024-06-14 11:40:53", "elapsed": 16.513394, "delta": 0.009973}}
{"target": -146.84325732973687, "params": {"gamma": 1.1407744850837678, "prior": 9.378724974180852, "rate": 2.3461206012549862}, "datetime": {"datetime": "2024-06-14 11:40:53", "elapsed": 16.523367, "delta": 0.009973}}
{"target": -174.5856809369079, "params": {"gamma": 1.5290154598338772, "prior": 5.149156483909666, "rate": 4.550990310069778}, "datetime": {"datetime": "2024-06-14 11:40:53", "elapsed": 16.533341, "delta": 0.009974}}
{"target": -161.22368916844252, "params": {"gamma": 0.741195677957228, "prior": 5.798171437543058, "rate": 6.98565427848021}, "datetime": {"datetime": "2024-06-14 11:40:53", "elapsed": 16.543314, "delta": 0.009973}}
{"target": -423.45491378429546, "params": {"gamma": 4.905996798082162, "prior": 0.8216471576437056, "rate": 1.7974602213999658}, "datetime": {"datetime": "2024-06-14 11:40:53", "elapsed": 16.553287, "delta": 0.009973}}
{"target": -145.03533727630764, "params": {"gamma": 1.1602386580615005, "prior": 5.876279483963145, "rate": 0.8517929419359279}, "datetime": {"datetime": "2024-06-14 11:40:53", "elapsed": 16.563261, "delta": 0.009974}}
{"target": -383.6366480687265, "params": {"gamma": 3.8411646857898374, "prior": 1.5568483148669632, "rate": 4.115450872320082}, "datetime": {"datetime": "2024-06-14 11:40:53", "elapsed": 16.573263, "delta": 0.010002}}
{"target": -540.7169525973791, "params": {"gamma": 6.253124313642986, "prior": 3.6594426508543156, "rate": 8.959947493135243}, "datetime": {"datetime": "2024-06-14 11:40:53", "elapsed": 16.583207, "delta": 0.009944}}
{"target": -261.36098226122016, "params": {"gamma": 4.175385995901437, "prior": 9.343186839462406, "rate": 8.204747872100748}, "datetime": {"datetime": "2024-06-14 11:40:53", "elapsed": 16.59318, "delta": 0.009973}}
{"target": -173.31762858826966, "params": {"gamma": 1.1673082330925828, "prior": 1.1292596538179704, "rate": 1.3289685737075208}, "datetime": {"datetime": "2024-06-14 11:40:53", "elapsed": 16.603154, "delta": 0.009974}}
{"target": -378.38927797736307, "params": {"gamma": 6.3850452068779955, "prior": 6.877462138363933, "rate": 7.900310828063816}, "datetime": {"datetime": "2024-06-14 11:40:53", "elapsed": 16.613127, "delta": 0.009973}}
{"target": -322.22860155630644, "params": {"gamma": 5.423716313506835, "prior": 6.7860429050825894, "rate": 6.86782996092407}, "datetime": {"datetime": "2024-06-14 11:40:53", "elapsed": 16.624098, "delta": 0.010971}}
{"target": -213.07960647657248, "params": {"gamma": 3.3829604515267047, "prior": 6.540111495995206, "rate": 4.041556089281965}, "datetime": {"datetime": "2024-06-14 11:40:53", "elapsed": 16.634071, "delta": 0.009973}}
{"target": -302.8126461231178, "params": {"gamma": 6.402004807053291, "prior": 9.352740161515133, "rate": 4.300276952021971}, "datetime": {"datetime": "2024-06-14 11:40:53", "elapsed": 16.644046, "delta": 0.009975}}
{"target": -385.72655962285575, "params": {"gamma": 5.062169284611167, "prior": 3.387441539928508, "rate": 5.787626649270162}, "datetime": {"datetime": "2024-06-14 11:40:53", "elapsed": 16.654018, "delta": 0.009972}}
{"target": -773.4527674959332, "params": {"gamma": 8.63433961200101, "prior": 2.9081286245045184, "rate": 8.3440688316731}, "datetime": {"datetime": "2024-06-14 11:40:53", "elapsed": 16.663991, "delta": 0.009973}}
{"target": -402.26294685857874, "params": {"gamma": 5.19525257002433, "prior": 2.338154974562283, "rate": 4.195052837461809}, "datetime": {"datetime": "2024-06-14 11:40:53", "elapsed": 16.674962, "delta": 0.010971}}
{"target": -149.85341767882164, "params": {"gamma": 1.6707797438122824, "prior": 9.132705794826414, "rate": 0.5804135275146948}, "datetime": {"datetime": "2024-06-14 11:40:53", "elapsed": 16.684935, "delta": 0.009973}}
{"target": -557.712183194666, "params": {"gamma": 6.0404303253472555, "prior": 1.1291215126301983, "rate": 3.135467231273893}, "datetime": {"datetime": "2024-06-14 11:40:53", "elapsed": 16.694908, "delta": 0.009973}}
{"target": -184.83840598285715, "params": {"gamma": 1.430273657454418, "prior": 5.045153826684863, "rate": 6.361341648049341}, "datetime": {"datetime": "2024-06-14 11:40:53", "elapsed": 16.704882, "delta": 0.009974}}
{"target": -559.6778227238284, "params": {"gamma": 8.292725454727396, "prior": 4.5551280553231495, "rate": 7.694721722549676}, "datetime": {"datetime": "2024-06-14 11:40:53", "elapsed": 16.714855, "delta": 0.009973}}
{"target": -260.34301891303477, "params": {"gamma": 5.953782798974832, "prior": 9.725416897155455, "rate": 1.1980382373790506}, "datetime": {"datetime": "2024-06-14 11:40:53", "elapsed": 16.724828, "delta": 0.009973}}
{"target": -423.897412566073, "params": {"gamma": 8.163360508295652, "prior": 8.36804642863598, "rate": 7.915926255491784}, "datetime": {"datetime": "2024-06-14 11:40:53", "elapsed": 16.734802, "delta": 0.009974}}
{"target": -371.6365502122317, "params": {"gamma": 4.548793901755333, "prior": 5.319373120578599, "rate": 9.853860789595378}, "datetime": {"datetime": "2024-06-14 11:40:53", "elapsed": 16.744775, "delta": 0.009973}}
{"target": -434.0487379702625, "params": {"gamma": 9.446413498524006, "prior": 7.653717361291417, "rate": 4.603153079254813}, "datetime": {"datetime": "2024-06-14 11:40:53", "elapsed": 16.754749, "delta": 0.009974}}
{"target": -257.5226850932099, "params": {"gamma": 5.4028153672728605, "prior": 8.065147279335433, "rate": 2.7694190259593214}, "datetime": {"datetime": "2024-06-14 11:40:53", "elapsed": 16.764724, "delta": 0.009975}}
{"target": -288.1704865497372, "params": {"gamma": 2.5660746449201204, "prior": 2.2172273194191625, "rate": 5.5125104016000455}, "datetime": {"datetime": "2024-06-14 11:40:53", "elapsed": 16.774699, "delta": 0.009975}}
{"target": -899.3756499404434, "params": {"gamma": 9.51400463278507, "prior": 2.453593275447689, "rate": 8.016191948242625}, "datetime": {"datetime": "2024-06-14 11:40:53", "elapsed": 16.785672, "delta": 0.010973}}
{"target": -147.68269632793184, "params": {"gamma": 0.3050697728019885, "prior": 5.111578112737991, "rate": 2.840969561694019}, "datetime": {"datetime": "2024-06-14 11:40:53", "elapsed": 16.795648, "delta": 0.009976}}
{"target": -245.78558302912418, "params": {"gamma": 2.8279345769967326, "prior": 3.9805415181824153, "rate": 5.35503815277569}, "datetime": {"datetime": "2024-06-14 11:40:53", "elapsed": 16.805622, "delta": 0.009974}}
{"target": -319.46121653904896, "params": {"gamma": 7.729080748891848, "prior": 9.620416719522808, "rate": 1.5047059924704762}, "datetime": {"datetime": "2024-06-14 11:40:53", "elapsed": 16.815597, "delta": 0.009975}}
{"target": -483.28686173917276, "params": {"gamma": 3.948506624298461, "prior": 1.711128575734629, "rate": 8.366584905960446}, "datetime": {"datetime": "2024-06-14 11:40:53", "elapsed": 16.825573, "delta": 0.009976}}
{"target": -157.76893606260163, "params": {"gamma": 0.848939363998362, "prior": 8.577228644378229, "rate": 7.408710726097538}, "datetime": {"datetime": "2024-06-14 11:40:53", "elapsed": 16.835548, "delta": 0.009975}}
{"target": -349.2313478693961, "params": {"gamma": 8.583506747549555, "prior": 8.910210077238986, "rate": 1.5086156837021263}, "datetime": {"datetime": "2024-06-14 11:40:53", "elapsed": 16.845522, "delta": 0.009974}}
{"target": -312.8137409523988, "params": {"gamma": 5.5673037568750585, "prior": 3.0949243389652152, "rate": 2.7129607380351044}, "datetime": {"datetime": "2024-06-14 11:40:53", "elapsed": 16.855498, "delta": 0.009976}}
{"target": -145.51430984144903, "params": {"gamma": 0.16532732155215554, "prior": 5.200289634664171, "rate": 0.19147494677606597}, "datetime": {"datetime": "2024-06-14 11:40:53", "elapsed": 16.865474, "delta": 0.009976}}
{"target": -620.2615588627893, "params": {"gamma": 8.982387549518384, "prior": 2.743118745199252, "rate": 4.934240682090825}, "datetime": {"datetime": "2024-06-14 11:40:53", "elapsed": 16.875449, "delta": 0.009975}}
{"target": -866.6814798254304, "params": {"gamma": 6.364538822186757, "prior": 0.11484759273546576, "rate": 1.1332762215360346}, "datetime": {"datetime": "2024-06-14 11:40:53", "elapsed": 16.885425, "delta": 0.009976}}
{"target": -323.3379832806913, "params": {"gamma": 4.6659477575289365, "prior": 6.27045023526184, "rate": 8.196890952415792}, "datetime": {"datetime": "2024-06-14 11:40:53", "elapsed": 16.895605, "delta": 0.01018}}
{"target": -239.8453749354253, "params": {"gamma": 4.148641338539144, "prior": 9.27585593466577, "rate": 5.974235073828673}, "datetime": {"datetime": "2024-06-14 11:40:53", "elapsed": 16.906578, "delta": 0.010973}}
{"target": -147.4925244918615, "params": {"gamma": 0.019306140396848814, "prior": 6.83237546346491, "rate": 2.128523676734889}, "datetime": {"datetime": "2024-06-14 11:40:53", "elapsed": 16.91607, "delta": 0.009492}}
{"target": -148.0763848513173, "params": {"gamma": 0.1535430664843777, "prior": 7.383907493191389, "rate": 5.519551912752578}, "datetime": {"datetime": "2024-06-14 11:40:53", "elapsed": 16.926046, "delta": 0.009976}}
{"target": -790.8346830458282, "params": {"gamma": 7.836427271615353, "prior": 0.9728738222321646, "rate": 3.557641134340776}, "datetime": {"datetime": "2024-06-14 11:40:53", "elapsed": 16.936588, "delta": 0.010542}}
{"target": -220.97885729121535, "params": {"gamma": 2.997716685977381, "prior": 5.733129677407973, "rate": 5.102021899170938}, "datetime": {"datetime": "2024-06-14 11:40:53", "elapsed": 16.946561, "delta": 0.009973}}
{"target": -717.7732077702748, "params": {"gamma": 7.821480373966176, "prior": 1.951873292249901, "rate": 5.765378570105822}, "datetime": {"datetime": "2024-06-14 11:40:53", "elapsed": 16.956535, "delta": 0.009974}}
{"target": -387.8494891539916, "params": {"gamma": 6.444129706059222, "prior": 4.652693074134186, "rate": 5.580214322469496}, "datetime": {"datetime": "2024-06-14 11:40:54", "elapsed": 16.966508, "delta": 0.009973}}
{"target": -434.4883484981785, "params": {"gamma": 9.743286307322958, "prior": 7.541556933766897, "rate": 3.8104826236472786}, "datetime": {"datetime": "2024-06-14 11:40:54", "elapsed": 16.976482, "delta": 0.009974}}
{"target": -211.81315196274593, "params": {"gamma": 4.340728838399114, "prior": 7.1570316925553605, "rate": 0.9380272253159303}, "datetime": {"datetime": "2024-06-14 11:40:54", "elapsed": 16.987482, "delta": 0.011}}
{"target": -338.42705906181675, "params": {"gamma": 6.378444418173399, "prior": 1.2321491091836958, "rate": 1.0193780310022393}, "datetime": {"datetime": "2024-06-14 11:40:54", "elapsed": 16.997426, "delta": 0.009944}}
{"target": -731.3013146305912, "params": {"gamma": 6.667021122891057, "prior": 1.7542887876159898, "rate": 7.647419971523622}, "datetime": {"datetime": "2024-06-14 11:40:54", "elapsed": 17.007402, "delta": 0.009976}}
{"target": -533.0059963050167, "params": {"gamma": 7.506153520363204, "prior": 3.18900068961921, "rate": 5.7090751316208}, "datetime": {"datetime": "2024-06-14 11:40:54", "elapsed": 17.018375, "delta": 0.010973}}
{"target": -285.2021528319019, "params": {"gamma": 6.451761309420609, "prior": 8.133499632738395, "rate": 2.0154617304835343}, "datetime": {"datetime": "2024-06-14 11:40:54", "elapsed": 17.028351, "delta": 0.009976}}
{"target": -320.08428136402944, "params": {"gamma": 6.762750921175965, "prior": 8.246616776474657, "rate": 4.144442403173417}, "datetime": {"datetime": "2024-06-14 11:40:54", "elapsed": 17.038326, "delta": 0.009975}}
{"target": -389.42377036320187, "params": {"gamma": 4.93747435337824, "prior": 5.191069021280379, "rate": 9.393346948548995}, "datetime": {"datetime": "2024-06-14 11:40:54", "elapsed": 17.048302, "delta": 0.009976}}
{"target": -152.0508458162742, "params": {"gamma": 0.5174559628579339, "prior": 5.75837295853161, "rate": 4.89811116337683}, "datetime": {"datetime": "2024-06-14 11:40:54", "elapsed": 17.057899, "delta": 0.009597}}
{"target": -256.56190927634543, "params": {"gamma": 3.43893717379704, "prior": 6.732175526529206, "rate": 7.6946306666071145}, "datetime": {"datetime": "2024-06-14 11:40:54", "elapsed": 17.067873, "delta": 0.009974}}
{"target": -617.4778640170377, "params": {"gamma": 5.401055710011223, "prior": 0.5122166664564219, "rate": 2.351573570535765}, "datetime": {"datetime": "2024-06-14 11:40:54", "elapsed": 17.077846, "delta": 0.009973}}
{"target": -150.57523622382362, "params": {"gamma": 0.20537707355366863, "prior": 3.3450050943537124, "rate": 4.6810927226785255}, "datetime": {"datetime": "2024-06-14 11:40:54", "elapsed": 17.088817, "delta": 0.010971}}
{"target": -403.58432570600496, "params": {"gamma": 7.845906561782468, "prior": 5.369502262702111, "rate": 4.774787580289247}, "datetime": {"datetime": "2024-06-14 11:40:54", "elapsed": 17.09879, "delta": 0.009973}}
{"target": -1061.3738671148087, "params": {"gamma": 6.97979925706494, "prior": 0.27243013449192005, "rate": 6.950212658575371}, "datetime": {"datetime": "2024-06-14 11:40:54", "elapsed": 17.108763, "delta": 0.009973}}
{"target": -238.99806131514006, "params": {"gamma": 3.120283908366149, "prior": 5.641930498717792, "rate": 6.068459647449929}, "datetime": {"datetime": "2024-06-14 11:40:54", "elapsed": 17.118737, "delta": 0.009974}}
{"target": -233.4475525902709, "params": {"gamma": 1.8222444288432162, "prior": 2.5776986435657308, "rate": 5.788601767479563}, "datetime": {"datetime": "2024-06-14 11:40:54", "elapsed": 17.12871, "delta": 0.009973}}
{"target": -243.40706047902302, "params": {"gamma": 2.626964094789226, "prior": 2.4702287887304846, "rate": 3.5909544712195682}, "datetime": {"datetime": "2024-06-14 11:40:54", "elapsed": 17.138715, "delta": 0.010005}}
{"target": -416.85438276337175, "params": {"gamma": 9.044205571519699, "prior": 8.705182024603866, "rate": 5.140843749597316}, "datetime": {"datetime": "2024-06-14 11:40:54", "elapsed": 17.148894, "delta": 0.010179}}
