{"target": -144.02807446134125, "params": {"gamma": 0.04976556777778367, "lr": 0.3253313297689604}, "datetime": {"datetime": "2024-06-13 17:05:03", "elapsed": 6.051356, "delta": 0.004987}}
{"target": -3240.114447830388, "params": {"gamma": 8.389610534784513, "lr": 0.06282398021726943}, "datetime": {"datetime": "2024-06-13 17:05:03", "elapsed": 6.055345, "delta": 0.003989}}
{"target": -263.2372059589673, "params": {"gamma": 1.0550920446467325, "lr": 0.7017873465119159}, "datetime": {"datetime": "2024-06-13 17:05:03", "elapsed": 6.059334, "delta": 0.003989}}
{"target": -868.6275685894177, "params": {"gamma": 5.142068519294122, "lr": 0.49816682499451226}, "datetime": {"datetime": "2024-06-13 17:05:03", "elapsed": 6.064321, "delta": 0.004987}}
{"target": -754.1742701783115, "params": {"gamma": 3.736723579545134, "lr": 0.603513616671319}, "datetime": {"datetime": "2024-06-13 17:05:03", "elapsed": 6.069308, "delta": 0.004987}}
{"target": -1310.8451161416644, "params": {"gamma": 8.514836200003508, "lr": 0.27692305646899273}, "datetime": {"datetime": "2024-06-13 17:05:03", "elapsed": 6.073297, "delta": 0.003989}}
{"target": -1423.207491195244, "params": {"gamma": 8.447768867073506, "lr": 0.41661914857211835}, "datetime": {"datetime": "2024-06-13 17:05:03", "elapsed": 6.077287, "delta": 0.00399}}
{"target": -1108.748076414583, "params": {"gamma": 5.010339139927012, "lr": 0.7296233785681803}, "datetime": {"datetime": "2024-06-13 17:05:03", "elapsed": 6.082273, "delta": 0.004986}}
{"target": -650.523818058031, "params": {"gamma": 2.5879583533585664, "lr": 0.9216369186561401}, "datetime": {"datetime": "2024-06-13 17:05:03", "elapsed": 6.086262, "delta": 0.003989}}
{"target": -1401.3576105868965, "params": {"gamma": 7.020992572824255, "lr": 0.618930423097489}, "datetime": {"datetime": "2024-06-13 17:05:03", "elapsed": 6.091249, "delta": 0.004987}}
{"target": -601.2553488933266, "params": {"gamma": 2.7308153642818653, "lr": 0.6958484563594459}, "datetime": {"datetime": "2024-06-13 17:05:03", "elapsed": 6.095239, "delta": 0.00399}}
{"target": -590.1389909751978, "params": {"gamma": 2.5728902697861002, "lr": 0.8164526703274775}, "datetime": {"datetime": "2024-06-13 17:05:03", "elapsed": 6.100225, "delta": 0.004986}}
{"target": -143.77699303890856, "params": {"gamma": 0.11571307777403769, "lr": 0.1665376436115401}, "datetime": {"datetime": "2024-06-13 17:05:03", "elapsed": 6.104215, "delta": 0.00399}}
{"target": -1214.9067977458042, "params": {"gamma": 5.578732058631829, "lr": 0.7122809996025021}, "datetime": {"datetime": "2024-06-13 17:05:03", "elapsed": 6.109201, "delta": 0.004986}}
{"target": -1162.0010172694724, "params": {"gamma": 4.925314058477191, "lr": 0.8778095014799501}, "datetime": {"datetime": "2024-06-13 17:05:03", "elapsed": 6.113191, "delta": 0.00399}}
{"target": -1627.5237416106702, "params": {"gamma": 9.758723505691574, "lr": 0.46427706754424325}, "datetime": {"datetime": "2024-06-13 17:05:03", "elapsed": 6.118177, "delta": 0.004986}}
{"target": -1285.6643785842546, "params": {"gamma": 7.680101807848576, "lr": 0.49477213383352725}, "datetime": {"datetime": "2024-06-13 17:05:03", "elapsed": 6.122166, "delta": 0.003989}}
{"target": -1131.8787478307604, "params": {"gamma": 6.651322684579871, "lr": 0.22487497996736572}, "datetime": {"datetime": "2024-06-13 17:05:03", "elapsed": 6.127153, "delta": 0.004987}}
{"target": -299.6210921588997, "params": {"gamma": 1.0963076304454686, "lr": 0.9790089375741902}, "datetime": {"datetime": "2024-06-13 17:05:03", "elapsed": 6.131143, "delta": 0.00399}}
{"target": -1255.6055097230037, "params": {"gamma": 8.150131602400142, "lr": 0.28538353244953096}, "datetime": {"datetime": "2024-06-13 17:05:03", "elapsed": 6.135132, "delta": 0.003989}}
{"target": -916.1300471685985, "params": {"gamma": 5.858698015894784, "lr": 0.38007120527879124}, "datetime": {"datetime": "2024-06-13 17:05:03", "elapsed": 6.140118, "delta": 0.004986}}
{"target": -325.49506679435393, "params": {"gamma": 1.7642040696578871, "lr": 0.4188351430524928}, "datetime": {"datetime": "2024-06-13 17:05:03", "elapsed": 6.144109, "delta": 0.003991}}
{"target": -1177.3215094535603, "params": {"gamma": 2.9725807541730793, "lr": 0.016624106532905913}, "datetime": {"datetime": "2024-06-13 17:05:03", "elapsed": 6.149094, "delta": 0.004985}}
{"target": -962.1599128213533, "params": {"gamma": 3.8742957016810964, "lr": 0.9209130038047522}, "datetime": {"datetime": "2024-06-13 17:05:03", "elapsed": 6.153084, "delta": 0.00399}}
{"target": -1557.8871647588005, "params": {"gamma": 8.28217438681578, "lr": 0.5740747551965509}, "datetime": {"datetime": "2024-06-13 17:05:03", "elapsed": 6.158071, "delta": 0.004987}}
{"target": -557.6919901734749, "params": {"gamma": 3.1871500009390448, "lr": 0.23126429488543754}, "datetime": {"datetime": "2024-06-13 17:05:03", "elapsed": 6.16206, "delta": 0.003989}}
{"target": -1787.3956758925015, "params": {"gamma": 9.560239816725709, "lr": 0.5646100990687117}, "datetime": {"datetime": "2024-06-13 17:05:03", "elapsed": 6.167047, "delta": 0.004987}}
{"target": -393.94393701744974, "params": {"gamma": 2.176835430287672, "lr": 0.24948205109862287}, "datetime": {"datetime": "2024-06-13 17:05:03", "elapsed": 6.171036, "delta": 0.003989}}
{"target": -1622.0227312900502, "params": {"gamma": 9.59600242910666, "lr": 0.238814133296392}, "datetime": {"datetime": "2024-06-13 17:05:03", "elapsed": 6.176023, "delta": 0.004987}}
{"target": -249.65385079500652, "params": {"gamma": 1.068034169467023, "lr": 0.18396193975266917}, "datetime": {"datetime": "2024-06-13 17:05:03", "elapsed": 6.180012, "delta": 0.003989}}
{"target": -1661.682724406206, "params": {"gamma": 7.662481844372273, "lr": 0.7087642559312614}, "datetime": {"datetime": "2024-06-13 17:05:03", "elapsed": 6.184999, "delta": 0.004987}}
{"target": -965.5212935377037, "params": {"gamma": 4.379981305846461, "lr": 0.7938045071164251}, "datetime": {"datetime": "2024-06-13 17:05:03", "elapsed": 6.188988, "delta": 0.003989}}
{"target": -880.5972995189119, "params": {"gamma": 5.1756094087340525, "lr": 0.41359816112910697}, "datetime": {"datetime": "2024-06-13 17:05:03", "elapsed": 6.192977, "delta": 0.003989}}
{"target": -304.3360956239636, "params": {"gamma": 1.1753019203396682, "lr": 0.8839110659363493}, "datetime": {"datetime": "2024-06-13 17:05:03", "elapsed": 6.197964, "delta": 0.004987}}
{"target": -562.7826593015828, "params": {"gamma": 2.7566565508887577, "lr": 0.6162607233298604}, "datetime": {"datetime": "2024-06-13 17:05:03", "elapsed": 6.201953, "delta": 0.003989}}
{"target": -1908.3498437095448, "params": {"gamma": 9.8458132098281, "lr": 0.1894180220437538}, "datetime": {"datetime": "2024-06-13 17:05:03", "elapsed": 6.20694, "delta": 0.004987}}
{"target": -1923.5985980363553, "params": {"gamma": 9.651914729938635, "lr": 0.6527153684256953}, "datetime": {"datetime": "2024-06-13 17:05:03", "elapsed": 6.210929, "delta": 0.003989}}
{"target": -308.37909079342967, "params": {"gamma": 1.28818731436088, "lr": 0.7719271460730484}, "datetime": {"datetime": "2024-06-13 17:05:03", "elapsed": 6.215916, "delta": 0.004987}}
{"target": -1779.5462607597508, "params": {"gamma": 9.51780600679268, "lr": 0.5627805496894249}, "datetime": {"datetime": "2024-06-13 17:05:03", "elapsed": 6.219906, "delta": 0.00399}}
{"target": -2667.202855390639, "params": {"gamma": 6.885863442381723, "lr": 0.0263478788699828}, "datetime": {"datetime": "2024-06-13 17:05:03", "elapsed": 6.224892, "delta": 0.004986}}
{"target": -1523.4279678034436, "params": {"gamma": 9.890767779393961, "lr": 0.3184571198136825}, "datetime": {"datetime": "2024-06-13 17:05:03", "elapsed": 6.228881, "delta": 0.003989}}
{"target": -143.69997165593352, "params": {"gamma": 0.24001388988282726, "lr": 0.8085641504743885}, "datetime": {"datetime": "2024-06-13 17:05:03", "elapsed": 6.232871, "delta": 0.00399}}
{"target": -2135.5545478227073, "params": {"gamma": 9.732552265118914, "lr": 0.7375885099166811}, "datetime": {"datetime": "2024-06-13 17:05:03", "elapsed": 6.237857, "delta": 0.004986}}
{"target": -149.26560896685223, "params": {"gamma": 0.028355324647958178, "lr": 0.06336051137403531}, "datetime": {"datetime": "2024-06-13 17:05:03", "elapsed": 6.241847, "delta": 0.00399}}
{"target": -904.0075604898972, "params": {"gamma": 5.843109782870581, "lr": 0.3357151077556031}, "datetime": {"datetime": "2024-06-13 17:05:03", "elapsed": 6.246833, "delta": 0.004986}}
{"target": -2064.18366842732, "params": {"gamma": 8.818452974037214, "lr": 0.8736693693569384}, "datetime": {"datetime": "2024-06-13 17:05:03", "elapsed": 6.250822, "delta": 0.003989}}
{"target": -2116.5110075578086, "params": {"gamma": 9.875201568135711, "lr": 0.7158319690725937}, "datetime": {"datetime": "2024-06-13 17:05:03", "elapsed": 6.255809, "delta": 0.004987}}
{"target": -1353.4943161881934, "params": {"gamma": 8.768960114386706, "lr": 0.3196501118620526}, "datetime": {"datetime": "2024-06-13 17:05:03", "elapsed": 6.259799, "delta": 0.00399}}
{"target": -290.5857913161907, "params": {"gamma": 1.1126583422461405, "lr": 0.8653641057823798}, "datetime": {"datetime": "2024-06-13 17:05:03", "elapsed": 6.263788, "delta": 0.003989}}
{"target": -528.2499778786878, "params": {"gamma": 3.035422507017289, "lr": 0.4193322981668862}, "datetime": {"datetime": "2024-06-13 17:05:03", "elapsed": 6.268774, "delta": 0.004986}}
{"target": -1290.7570583217712, "params": {"gamma": 6.460656540458656, "lr": 0.6050991341555126}, "datetime": {"datetime": "2024-06-13 17:05:03", "elapsed": 6.272764, "delta": 0.00399}}
{"target": -665.6939264488803, "params": {"gamma": 4.209809922064285, "lr": 0.38615051187059357}, "datetime": {"datetime": "2024-06-13 17:05:03", "elapsed": 6.277751, "delta": 0.004987}}
{"target": -262.21108636339915, "params": {"gamma": 1.227687737548204, "lr": 0.5338618843034166}, "datetime": {"datetime": "2024-06-13 17:05:03", "elapsed": 6.281772, "delta": 0.004021}}
{"target": -522.6571016855717, "params": {"gamma": 2.329308118342716, "lr": 0.7548078511004613}, "datetime": {"datetime": "2024-06-13 17:05:03", "elapsed": 6.286727, "delta": 0.004955}}
{"target": -2615.072720397262, "params": {"gamma": 6.749030971060837, "lr": 0.07192696480921446}, "datetime": {"datetime": "2024-06-13 17:05:03", "elapsed": 6.291713, "delta": 0.004986}}
{"target": -2155.5518842792676, "params": {"gamma": 9.892657582673268, "lr": 0.7804569355743413}, "datetime": {"datetime": "2024-06-13 17:05:03", "elapsed": 6.295704, "delta": 0.003991}}
{"target": -914.2809178991083, "params": {"gamma": 2.279031043019085, "lr": 0.030742818349697054}, "datetime": {"datetime": "2024-06-13 17:05:03", "elapsed": 6.300689, "delta": 0.004985}}
{"target": -745.0734227434432, "params": {"gamma": 4.784239938885914, "lr": 0.35274243750107404}, "datetime": {"datetime": "2024-06-13 17:05:03", "elapsed": 6.304679, "delta": 0.00399}}
{"target": -1095.167091783562, "params": {"gamma": 5.465568482142916, "lr": 0.6596639554249211}, "datetime": {"datetime": "2024-06-13 17:05:03", "elapsed": 6.309665, "delta": 0.004986}}
{"target": -3081.1599272926046, "params": {"gamma": 7.972400853780025, "lr": 0.013544346839127641}, "datetime": {"datetime": "2024-06-13 17:05:03", "elapsed": 6.313655, "delta": 0.00399}}
{"target": -1124.4357077282534, "params": {"gamma": 7.143240843274906, "lr": 0.2953139661018992}, "datetime": {"datetime": "2024-06-13 17:05:03", "elapsed": 6.318642, "delta": 0.004987}}
{"target": -2267.8124435429627, "params": {"gamma": 9.864039353798532, "lr": 0.8462417305877817}, "datetime": {"datetime": "2024-06-13 17:05:03", "elapsed": 6.322631, "delta": 0.003989}}
{"target": -1060.1534757854072, "params": {"gamma": 5.604451409666734, "lr": 0.5977656853768393}, "datetime": {"datetime": "2024-06-13 17:05:03", "elapsed": 6.32662, "delta": 0.003989}}
{"target": -353.57827222724245, "params": {"gamma": 1.9215646543725684, "lr": 0.2262515885870655}, "datetime": {"datetime": "2024-06-13 17:05:03", "elapsed": 6.331607, "delta": 0.004987}}
{"target": -272.5061272107937, "params": {"gamma": 1.5409777702011733, "lr": 0.37781354746444173}, "datetime": {"datetime": "2024-06-13 17:05:03", "elapsed": 6.335596, "delta": 0.003989}}
{"target": -245.13294932345804, "params": {"gamma": 1.1204424879714694, "lr": 0.5112728936342619}, "datetime": {"datetime": "2024-06-13 17:05:03", "elapsed": 6.340583, "delta": 0.004987}}
{"target": -1958.2045830999507, "params": {"gamma": 6.385141076060073, "lr": 0.12221237823698328}, "datetime": {"datetime": "2024-06-13 17:05:03", "elapsed": 6.344571, "delta": 0.003988}}
{"target": -1355.9811380343815, "params": {"gamma": 3.442619392943751, "lr": 0.07034787968520784}, "datetime": {"datetime": "2024-06-13 17:05:03", "elapsed": 6.349558, "delta": 0.004987}}
{"target": -1054.163688340739, "params": {"gamma": 5.25808611153342, "lr": 0.6502897692030054}, "datetime": {"datetime": "2024-06-13 17:05:03", "elapsed": 6.353548, "delta": 0.00399}}
{"target": -1381.2982371029289, "params": {"gamma": 6.155105941609653, "lr": 0.8138695628094851}, "datetime": {"datetime": "2024-06-13 17:05:03", "elapsed": 6.358535, "delta": 0.004987}}
{"target": -485.46196060718944, "params": {"gamma": 2.3564267987877012, "lr": 0.6181818418404456}, "datetime": {"datetime": "2024-06-13 17:05:03", "elapsed": 6.362524, "delta": 0.003989}}
{"target": -1175.4724891763879, "params": {"gamma": 3.028982363807174, "lr": 0.0887677060791423}, "datetime": {"datetime": "2024-06-13 17:05:03", "elapsed": 6.367101, "delta": 0.004577}}
{"target": -1207.990113136652, "params": {"gamma": 3.053309454186566, "lr": 0.07135647494461617}, "datetime": {"datetime": "2024-06-13 17:05:03", "elapsed": 6.372088, "delta": 0.004987}}
{"target": -2055.011355786077, "params": {"gamma": 9.585783535985689, "lr": 0.7271654349269293}, "datetime": {"datetime": "2024-06-13 17:05:03", "elapsed": 6.376077, "delta": 0.003989}}
{"target": -257.0525007302911, "params": {"gamma": 1.0155071173822163, "lr": 0.7862693223485936}, "datetime": {"datetime": "2024-06-13 17:05:03", "elapsed": 6.381064, "delta": 0.004987}}
{"target": -872.9364495244714, "params": {"gamma": 3.5222014456052215, "lr": 0.9114351403237924}, "datetime": {"datetime": "2024-06-13 17:05:03", "elapsed": 6.38605, "delta": 0.004986}}
{"target": -1166.4727243477905, "params": {"gamma": 4.955478850036387, "lr": 0.8726927229848721}, "datetime": {"datetime": "2024-06-13 17:05:03", "elapsed": 6.390039, "delta": 0.003989}}
{"target": -355.17619999299467, "params": {"gamma": 2.206077417642493, "lr": 0.36719232590326556}, "datetime": {"datetime": "2024-06-13 17:05:03", "elapsed": 6.394029, "delta": 0.00399}}
{"target": -1309.8104397869772, "params": {"gamma": 3.6690025846416687, "lr": 0.09713268160328525}, "datetime": {"datetime": "2024-06-13 17:05:03", "elapsed": 6.399015, "delta": 0.004986}}
{"target": -670.6126032233893, "params": {"gamma": 3.310813326223882, "lr": 0.6597098038387995}, "datetime": {"datetime": "2024-06-13 17:05:03", "elapsed": 6.404002, "delta": 0.004987}}
{"target": -1101.693979422843, "params": {"gamma": 4.665968370246033, "lr": 0.8792315697444312}, "datetime": {"datetime": "2024-06-13 17:05:03", "elapsed": 6.407991, "delta": 0.003989}}
{"target": -434.84905784232257, "params": {"gamma": 2.6974329936370927, "lr": 0.3548193487216488}, "datetime": {"datetime": "2024-06-13 17:05:03", "elapsed": 6.412586, "delta": 0.004595}}
{"target": -604.1363116159787, "params": {"gamma": 3.2042225472159718, "lr": 0.5517379706217076}, "datetime": {"datetime": "2024-06-13 17:05:03", "elapsed": 6.417081, "delta": 0.004495}}
{"target": -417.04850827834906, "params": {"gamma": 1.8830059366472722, "lr": 0.1732442715081729}, "datetime": {"datetime": "2024-06-13 17:05:03", "elapsed": 6.422067, "delta": 0.004986}}
{"target": -1454.967248953277, "params": {"gamma": 9.394879760160336, "lr": 0.37664771374633}, "datetime": {"datetime": "2024-06-13 17:05:03", "elapsed": 6.426057, "delta": 0.00399}}
{"target": -2280.726651308948, "params": {"gamma": 5.871394250695616, "lr": 0.05515208501882385}, "datetime": {"datetime": "2024-06-13 17:05:03", "elapsed": 6.431043, "delta": 0.004986}}
{"target": -528.3092082725473, "params": {"gamma": 1.409439110996769, "lr": 0.09635855186124331}, "datetime": {"datetime": "2024-06-13 17:05:03", "elapsed": 6.435033, "delta": 0.00399}}
{"target": -2750.0783509229004, "params": {"gamma": 8.121343564013504, "lr": 0.10314678258346421}, "datetime": {"datetime": "2024-06-13 17:05:03", "elapsed": 6.439022, "delta": 0.003989}}
{"target": -1139.6705161675925, "params": {"gamma": 5.163644140749812, "lr": 0.1555778979920741}, "datetime": {"datetime": "2024-06-13 17:05:03", "elapsed": 6.444009, "delta": 0.004987}}
{"target": -666.9300324525171, "params": {"gamma": 2.7888887375330564, "lr": 0.8826020025030701}, "datetime": {"datetime": "2024-06-13 17:05:03", "elapsed": 6.448996, "delta": 0.004987}}
{"target": -1557.8651707870783, "params": {"gamma": 6.316306057543976, "lr": 0.9636627102130699}, "datetime": {"datetime": "2024-06-13 17:05:03", "elapsed": 6.452985, "delta": 0.003989}}
{"target": -2328.782863184531, "params": {"gamma": 5.997543941794315, "lr": 0.009519716216558005}, "datetime": {"datetime": "2024-06-13 17:05:03", "elapsed": 6.457971, "delta": 0.004986}}
{"target": -1627.8074812730658, "params": {"gamma": 4.156994414198696, "lr": 0.02244175435867979}, "datetime": {"datetime": "2024-06-13 17:05:03", "elapsed": 6.462958, "delta": 0.004987}}
{"target": -541.7494639864442, "params": {"gamma": 3.1405292961414175, "lr": 0.48162493072074175}, "datetime": {"datetime": "2024-06-13 17:05:03", "elapsed": 6.466947, "delta": 0.003989}}
{"target": -982.8004596683937, "params": {"gamma": 5.755017951896957, "lr": 0.2386502029289299}, "datetime": {"datetime": "2024-06-13 17:05:03", "elapsed": 6.471934, "delta": 0.004987}}
{"target": -874.2280161967402, "params": {"gamma": 5.583307497898072, "lr": 0.3949201341072339}, "datetime": {"datetime": "2024-06-13 17:05:03", "elapsed": 6.475924, "delta": 0.00399}}
{"target": -993.4047908877147, "params": {"gamma": 5.066315292881764, "lr": 0.19596701454252152}, "datetime": {"datetime": "2024-06-13 17:05:03", "elapsed": 6.479913, "delta": 0.003989}}
{"target": -364.7042113125825, "params": {"gamma": 1.5683593484243095, "lr": 0.7545170076023864}, "datetime": {"datetime": "2024-06-13 17:05:03", "elapsed": 6.4849, "delta": 0.004987}}
{"target": -668.5739811317093, "params": {"gamma": 3.3004023148263886, "lr": 0.6441956925382164}, "datetime": {"datetime": "2024-06-13 17:05:03", "elapsed": 6.489915, "delta": 0.005015}}
{"target": -1355.0520661165046, "params": {"gamma": 5.654990510308829, "lr": 0.899530915886071}, "datetime": {"datetime": "2024-06-13 17:05:03", "elapsed": 6.493875, "delta": 0.00396}}
{"target": -1479.1070078626456, "params": {"gamma": 8.806955495452243, "lr": 0.4431114003267834}, "datetime": {"datetime": "2024-06-13 17:05:03", "elapsed": 6.498862, "delta": 0.004987}}
{"target": -428.2912340941726, "params": {"gamma": 2.048146129836078, "lr": 0.6321923752918258}, "datetime": {"datetime": "2024-06-13 17:05:03", "elapsed": 6.503849, "delta": 0.004987}}
{"target": -1371.5157012988327, "params": {"gamma": 6.368722917490155, "lr": 0.6924175033786027}, "datetime": {"datetime": "2024-06-13 17:05:03", "elapsed": 6.507838, "delta": 0.003989}}
{"target": -1978.912682187401, "params": {"gamma": 9.074824554145266, "lr": 0.7825809780445985}, "datetime": {"datetime": "2024-06-13 17:05:03", "elapsed": 6.512825, "delta": 0.004987}}
{"target": -1249.8329077489427, "params": {"gamma": 6.253284067622613, "lr": 0.6009655953980898}, "datetime": {"datetime": "2024-06-13 17:05:03", "elapsed": 6.516842, "delta": 0.004017}}
{"target": -441.3649119851536, "params": {"gamma": 2.1283776016453526, "lr": 0.651365361997868}, "datetime": {"datetime": "2024-06-13 17:05:03", "elapsed": 6.521831, "delta": 0.004989}}
{"target": -2004.7970515166253, "params": {"gamma": 8.145187207595269, "lr": 0.9223224808528965}, "datetime": {"datetime": "2024-06-13 17:05:03", "elapsed": 6.525791, "delta": 0.00396}}
{"target": -1714.5780735353246, "params": {"gamma": 9.166584470697245, "lr": 0.5610988058726366}, "datetime": {"datetime": "2024-06-13 17:05:03", "elapsed": 6.530777, "delta": 0.004986}}
{"target": -420.4929394515089, "params": {"gamma": 2.599079923429137, "lr": 0.33379745682371664}, "datetime": {"datetime": "2024-06-13 17:05:03", "elapsed": 6.534766, "delta": 0.003989}}
{"target": -1846.0356438753504, "params": {"gamma": 9.977625893322635, "lr": 0.5255977882178193}, "datetime": {"datetime": "2024-06-13 17:05:03", "elapsed": 6.539753, "delta": 0.004987}}
{"target": -1535.0287824880197, "params": {"gamma": 8.159250821705387, "lr": 0.5970161877845721}, "datetime": {"datetime": "2024-06-13 17:05:03", "elapsed": 6.543742, "delta": 0.003989}}
{"target": -787.8958257214224, "params": {"gamma": 5.069796942895938, "lr": 0.34853961530569777}, "datetime": {"datetime": "2024-06-13 17:05:03", "elapsed": 6.548729, "delta": 0.004987}}
{"target": -2092.8441037424104, "params": {"gamma": 5.378167511784794, "lr": 0.00673470699420331}, "datetime": {"datetime": "2024-06-13 17:05:03", "elapsed": 6.552718, "delta": 0.003989}}
{"target": -1640.6625564467272, "params": {"gamma": 8.766981380159143, "lr": 0.5614864815326793}, "datetime": {"datetime": "2024-06-13 17:05:03", "elapsed": 6.557705, "delta": 0.004987}}
{"target": -143.91616316269796, "params": {"gamma": 0.2437899718214612, "lr": 0.8181747453311654}, "datetime": {"datetime": "2024-06-13 17:05:03", "elapsed": 6.561694, "delta": 0.003989}}
{"target": -566.3825039675183, "params": {"gamma": 1.3544085542298703, "lr": 0.03063869809086972}, "datetime": {"datetime": "2024-06-13 17:05:03", "elapsed": 6.566681, "delta": 0.004987}}
{"target": -1144.7399800377582, "params": {"gamma": 4.623891705947023, "lr": 0.9606566952869964}, "datetime": {"datetime": "2024-06-13 17:05:03", "elapsed": 6.570669, "delta": 0.003988}}
