{"target": -130.5760665824476, "params": {"gamma": 0.657282747746784, "prior": 4.544031005383378, "rate": 8.378448285186794}, "datetime": {"datetime": "2024-06-14 18:10:40", "elapsed": 11.965298, "delta": 0.009482}}
{"target": -139.05657541634676, "params": {"gamma": 1.7983467816471097, "prior": 0.48173470650167005, "rate": 7.327203051217345}, "datetime": {"datetime": "2024-06-14 18:10:40", "elapsed": 11.975271, "delta": 0.009973}}
{"target": -261.7637467042186, "params": {"gamma": 5.630844195010378, "prior": 0.5164002018474038, "rate": 9.848867755318958}, "datetime": {"datetime": "2024-06-14 18:10:40", "elapsed": 11.984247, "delta": 0.008976}}
{"target": -255.89298021028566, "params": {"gamma": 5.693754542449788, "prior": 5.893051062330274, "rate": 7.899276512022575}, "datetime": {"datetime": "2024-06-14 18:10:40", "elapsed": 11.994221, "delta": 0.009974}}
{"target": -404.957254907588, "params": {"gamma": 9.026444072192401, "prior": 0.7014322896639713, "rate": 3.485783580678766}, "datetime": {"datetime": "2024-06-14 18:10:40", "elapsed": 12.003225, "delta": 0.009004}}
{"target": -142.4875425294464, "params": {"gamma": 2.001718538820858, "prior": 4.70500016338409, "rate": 0.9155879517141836}, "datetime": {"datetime": "2024-06-14 18:10:40", "elapsed": 12.01317, "delta": 0.009945}}
{"target": -129.9331425531472, "params": {"gamma": 0.6817896566229965, "prior": 3.07880538798981, "rate": 9.04354823246074}, "datetime": {"datetime": "2024-06-14 18:10:40", "elapsed": 12.022146, "delta": 0.008976}}
{"target": -365.5196260089798, "params": {"gamma": 9.755444236897075, "prior": 7.660828314655607, "rate": 0.008408388692528457}, "datetime": {"datetime": "2024-06-14 18:10:40", "elapsed": 12.032119, "delta": 0.009973}}
{"target": -336.39481562966415, "params": {"gamma": 7.3524203268081045, "prior": 0.3177258488517453, "rate": 1.6864882568683546}, "datetime": {"datetime": "2024-06-14 18:10:40", "elapsed": 12.041095, "delta": 0.008976}}
{"target": -141.14248997022597, "params": {"gamma": 0.10612956883701744, "prior": 1.576357287795895, "rate": 6.87536774608507}, "datetime": {"datetime": "2024-06-14 18:10:40", "elapsed": 12.051097, "delta": 0.010002}}
{"target": -311.7138166626927, "params": {"gamma": 7.020466736538225, "prior": 3.773666325556383, "rate": 7.312177051179447}, "datetime": {"datetime": "2024-06-14 18:10:40", "elapsed": 12.061042, "delta": 0.009945}}
{"target": -352.9565708538113, "params": {"gamma": 8.47319475004096, "prior": 1.3905393929713459, "rate": 0.8749857543012785}, "datetime": {"datetime": "2024-06-14 18:10:40", "elapsed": 12.070524, "delta": 0.009482}}
{"target": -180.90964200714825, "params": {"gamma": 3.7198426436825134, "prior": 4.098448011756622, "rate": 2.764765794383843}, "datetime": {"datetime": "2024-06-14 18:10:40", "elapsed": 12.0795, "delta": 0.008976}}
{"target": -335.7971429093672, "params": {"gamma": 7.5419276912585245, "prior": 3.2856833854686824, "rate": 8.001642974863078}, "datetime": {"datetime": "2024-06-14 18:10:40", "elapsed": 12.089473, "delta": 0.009973}}
{"target": -383.21623217657185, "params": {"gamma": 9.113172234382187, "prior": 5.180175174658037, "rate": 4.294790874776841}, "datetime": {"datetime": "2024-06-14 18:10:40", "elapsed": 12.098449, "delta": 0.008976}}
{"target": -128.79796569802681, "params": {"gamma": 0.9168564269132811, "prior": 2.8094053076691683, "rate": 8.866591497643999}, "datetime": {"datetime": "2024-06-14 18:10:40", "elapsed": 12.108422, "delta": 0.009973}}
{"target": -147.34836787812682, "params": {"gamma": 2.460197468394256, "prior": 6.24977493002166, "rate": 4.950578951032165}, "datetime": {"datetime": "2024-06-14 18:10:40", "elapsed": 12.118396, "delta": 0.009974}}
{"target": -137.26493714969055, "params": {"gamma": 0.9446309868062094, "prior": 9.003748460789474, "rate": 0.6786405537486796}, "datetime": {"datetime": "2024-06-14 18:10:40", "elapsed": 12.127372, "delta": 0.008976}}
{"target": -291.19523195977143, "params": {"gamma": 6.807342552340344, "prior": 9.722781585845405, "rate": 7.09402853441662}, "datetime": {"datetime": "2024-06-14 18:10:40", "elapsed": 12.137345, "delta": 0.009973}}
{"target": -179.10959526139595, "params": {"gamma": 3.2597612958632975, "prior": 0.8270576470431867, "rate": 5.797790733426387}, "datetime": {"datetime": "2024-06-14 18:10:40", "elapsed": 12.146321, "delta": 0.008976}}
{"target": -322.90757675328484, "params": {"gamma": 7.335436665512681, "prior": 3.6525757331700546, "rate": 6.537860973630521}, "datetime": {"datetime": "2024-06-14 18:10:40", "elapsed": 12.156295, "delta": 0.009974}}
{"target": -262.4031512115675, "params": {"gamma": 5.6663474905763875, "prior": 0.4376535322434657, "rate": 9.207023836034617}, "datetime": {"datetime": "2024-06-14 18:10:40", "elapsed": 12.165271, "delta": 0.008976}}
{"target": -192.2486211684944, "params": {"gamma": 3.80067802872134, "prior": 3.8560792455691626, "rate": 8.463712402100912}, "datetime": {"datetime": "2024-06-14 18:10:40", "elapsed": 12.175244, "delta": 0.009973}}
{"target": -224.82976496918167, "params": {"gamma": 4.843294742066144, "prior": 4.565581063206701, "rate": 6.398927296728125}, "datetime": {"datetime": "2024-06-14 18:10:40", "elapsed": 12.185217, "delta": 0.009973}}
{"target": -141.0525679888534, "params": {"gamma": 2.118501136597562, "prior": 5.330176857702819, "rate": 6.68601667563293}, "datetime": {"datetime": "2024-06-14 18:10:40", "elapsed": 12.194193, "delta": 0.008976}}
{"target": -239.64865213145075, "params": {"gamma": 5.388228223129067, "prior": 7.116735261329858, "rate": 5.985766383139416}, "datetime": {"datetime": "2024-06-14 18:10:40", "elapsed": 12.203725, "delta": 0.009532}}
{"target": -315.7170799258056, "params": {"gamma": 8.414213931463882, "prior": 8.803790551734272, "rate": 0.979294191124055}, "datetime": {"datetime": "2024-06-14 18:10:40", "elapsed": 12.213698, "delta": 0.009973}}
{"target": -156.74678494224867, "params": {"gamma": 2.5866813512262476, "prior": 0.6410959386512911, "rate": 2.289689785820543}, "datetime": {"datetime": "2024-06-14 18:10:40", "elapsed": 12.222675, "delta": 0.008977}}
{"target": -317.7799794280736, "params": {"gamma": 7.209446154413992, "prior": 0.8775978709769626, "rate": 1.5520400109873145}, "datetime": {"datetime": "2024-06-14 18:10:40", "elapsed": 12.232648, "delta": 0.009973}}
{"target": -323.8061321740403, "params": {"gamma": 7.707912505930211, "prior": 4.498819255990509, "rate": 2.9019172561855204}, "datetime": {"datetime": "2024-06-14 18:10:40", "elapsed": 12.242621, "delta": 0.009973}}
{"target": -260.3827556858412, "params": {"gamma": 6.440202978033387, "prior": 8.880690205028927, "rate": 0.3770167983173472}, "datetime": {"datetime": "2024-06-14 18:10:40", "elapsed": 12.252135, "delta": 0.009514}}
{"target": -302.9500907766198, "params": {"gamma": 6.931250350669296, "prior": 6.718652167826616, "rate": 8.680252973877208}, "datetime": {"datetime": "2024-06-14 18:10:40", "elapsed": 12.262108, "delta": 0.009973}}
{"target": -143.36757429087393, "params": {"gamma": 1.964524028194986, "prior": 7.156647032386309, "rate": 1.0399071814446177}, "datetime": {"datetime": "2024-06-14 18:10:40", "elapsed": 12.271084, "delta": 0.008976}}
{"target": -138.89713122775362, "params": {"gamma": 0.5672069415832846, "prior": 6.839880739152903, "rate": 0.22732450662229567}, "datetime": {"datetime": "2024-06-14 18:10:40", "elapsed": 12.281057, "delta": 0.009973}}
{"target": -132.5389557963963, "params": {"gamma": 0.4439465889324353, "prior": 0.46583492545602645, "rate": 4.65463967682463}, "datetime": {"datetime": "2024-06-14 18:10:40", "elapsed": 12.291031, "delta": 0.009974}}
{"target": -298.071578476231, "params": {"gamma": 7.5789365730024665, "prior": 9.92277231453038, "rate": 2.2668503578440693}, "datetime": {"datetime": "2024-06-14 18:10:40", "elapsed": 12.302001, "delta": 0.01097}}
{"target": -339.80576079112666, "params": {"gamma": 7.924009872480004, "prior": 7.972934055378927, "rate": 8.72255485071234}, "datetime": {"datetime": "2024-06-14 18:10:40", "elapsed": 12.310978, "delta": 0.008977}}
{"target": -175.09305008123454, "params": {"gamma": 3.1432456469635857, "prior": 1.4159580458583867, "rate": 7.967219098261448}, "datetime": {"datetime": "2024-06-14 18:10:40", "elapsed": 12.320951, "delta": 0.009973}}
{"target": -234.47454349057017, "params": {"gamma": 5.675065913341395, "prior": 4.2050738753286225, "rate": 0.587358130182522}, "datetime": {"datetime": "2024-06-14 18:10:40", "elapsed": 12.329927, "delta": 0.008976}}
{"target": -142.99400766327804, "params": {"gamma": 0.06656219698395709, "prior": 3.2286322867153814, "rate": 2.715316394543481}, "datetime": {"datetime": "2024-06-14 18:10:40", "elapsed": 12.3399, "delta": 0.009973}}
{"target": -211.72577447983267, "params": {"gamma": 4.757760549476385, "prior": 9.243757460551764, "rate": 4.167428176120559}, "datetime": {"datetime": "2024-06-14 18:10:40", "elapsed": 12.348876, "delta": 0.008976}}
{"target": -156.8821716670242, "params": {"gamma": 2.8795508249232378, "prior": 8.467940679140908, "rate": 3.0701917238377807}, "datetime": {"datetime": "2024-06-14 18:10:40", "elapsed": 12.35885, "delta": 0.009974}}
{"target": -382.8893572514263, "params": {"gamma": 9.155924640477402, "prior": 8.647777248513803, "rate": 6.388553062492898}, "datetime": {"datetime": "2024-06-14 18:10:40", "elapsed": 12.368823, "delta": 0.009973}}
{"target": -338.82274228632826, "params": {"gamma": 7.477004260543885, "prior": 1.6574956757483044, "rate": 6.029139826844452}, "datetime": {"datetime": "2024-06-14 18:10:40", "elapsed": 12.377798, "delta": 0.008975}}
{"target": -166.68760756989957, "params": {"gamma": 3.2710458013785924, "prior": 4.937912730263073, "rate": 2.2546291955209634}, "datetime": {"datetime": "2024-06-14 18:10:40", "elapsed": 12.387801, "delta": 0.010003}}
{"target": -383.75161604561345, "params": {"gamma": 9.019674819004562, "prior": 4.174184394127804, "rate": 4.767863797915282}, "datetime": {"datetime": "2024-06-14 18:10:40", "elapsed": 12.397745, "delta": 0.009944}}
{"target": -328.7867728688707, "params": {"gamma": 7.214306126589714, "prior": 1.3097484479347787, "rate": 5.031147420462448}, "datetime": {"datetime": "2024-06-14 18:10:40", "elapsed": 12.406721, "delta": 0.008976}}
{"target": -333.56508138935067, "params": {"gamma": 8.131663485200999, "prior": 6.805684413213499, "rate": 3.2171856095203215}, "datetime": {"datetime": "2024-06-14 18:10:40", "elapsed": 12.416695, "delta": 0.009974}}
{"target": -306.26800881230474, "params": {"gamma": 7.106943301265306, "prior": 9.350952026926866, "rate": 8.947867607275063}, "datetime": {"datetime": "2024-06-14 18:10:40", "elapsed": 12.425672, "delta": 0.008977}}
{"target": -322.8244389716657, "params": {"gamma": 7.422605646963092, "prior": 2.7344015716166092, "rate": 3.725501581962508}, "datetime": {"datetime": "2024-06-14 18:10:40", "elapsed": 12.435644, "delta": 0.009972}}
{"target": -250.3230338198861, "params": {"gamma": 5.584620793314178, "prior": 3.872384078878505, "rate": 4.558012873762793}, "datetime": {"datetime": "2024-06-14 18:10:40", "elapsed": 12.445617, "delta": 0.009973}}
{"target": -359.5473284161446, "params": {"gamma": 7.935465915232807, "prior": 1.1290073078901408, "rate": 9.7299927856935}, "datetime": {"datetime": "2024-06-14 18:10:40", "elapsed": 12.454917, "delta": 0.0093}}
{"target": -303.2149197455736, "params": {"gamma": 7.046486043044176, "prior": 8.660805896925622, "rate": 7.817018859374792}, "datetime": {"datetime": "2024-06-14 18:10:40", "elapsed": 12.463893, "delta": 0.008976}}
{"target": -195.61657826123982, "params": {"gamma": 4.322404951375301, "prior": 9.430860319493826, "rate": 2.5316090848682102}, "datetime": {"datetime": "2024-06-14 18:10:40", "elapsed": 12.473866, "delta": 0.009973}}
{"target": -133.14164314325512, "params": {"gamma": 0.46343798347233406, "prior": 1.0590944796215522, "rate": 2.0081654825988586}, "datetime": {"datetime": "2024-06-14 18:10:40", "elapsed": 12.483839, "delta": 0.009973}}
{"target": -255.7071621980742, "params": {"gamma": 5.3912662829380675, "prior": 2.3136652704027774, "rate": 8.353372877694195}, "datetime": {"datetime": "2024-06-14 18:10:40", "elapsed": 12.492816, "delta": 0.008977}}
{"target": -142.0104026180557, "params": {"gamma": 0.09437753374081341, "prior": 7.484419195067273, "rate": 9.69010921459811}, "datetime": {"datetime": "2024-06-14 18:10:40", "elapsed": 12.502789, "delta": 0.009973}}
{"target": -153.37714297375473, "params": {"gamma": 2.6725649276388403, "prior": 6.275773513641307, "rate": 7.148081569821106}, "datetime": {"datetime": "2024-06-14 18:10:40", "elapsed": 12.511765, "delta": 0.008976}}
{"target": -172.61375765239922, "params": {"gamma": 3.270247221878411, "prior": 4.387953061937092, "rate": 7.344354052301767}, "datetime": {"datetime": "2024-06-14 18:10:40", "elapsed": 12.521738, "delta": 0.009973}}
{"target": -130.29306659483456, "params": {"gamma": 1.3123707216933747, "prior": 1.5224911326883348, "rate": 3.7546878211627708}, "datetime": {"datetime": "2024-06-14 18:10:40", "elapsed": 12.531711, "delta": 0.009973}}
{"target": -143.84979128892152, "params": {"gamma": 2.2848621090646066, "prior": 3.139165298421994, "rate": 1.5015067831741629}, "datetime": {"datetime": "2024-06-14 18:10:40", "elapsed": 12.540687, "delta": 0.008976}}
{"target": -132.46567725121167, "params": {"gamma": 0.9672639623300204, "prior": 9.168241908051757, "rate": 3.4595881913084976}, "datetime": {"datetime": "2024-06-14 18:10:40", "elapsed": 12.550661, "delta": 0.009974}}
{"target": -249.35440059328047, "params": {"gamma": 5.660096601094165, "prior": 5.51726777421675, "rate": 4.5041251239749585}, "datetime": {"datetime": "2024-06-14 18:10:40", "elapsed": 12.560634, "delta": 0.009973}}
{"target": -334.49312896234875, "params": {"gamma": 7.478457982844058, "prior": 3.3826069277300896, "rate": 8.924882091116567}, "datetime": {"datetime": "2024-06-14 18:10:40", "elapsed": 12.56961, "delta": 0.008976}}
{"target": -132.7074025309423, "params": {"gamma": 0.6812641898485671, "prior": 5.7914069679783005, "rate": 3.391186716940452}, "datetime": {"datetime": "2024-06-14 18:10:40", "elapsed": 12.579584, "delta": 0.009974}}
{"target": -185.6832031666974, "params": {"gamma": 3.6396395485330513, "prior": 3.120469153051323, "rate": 6.036259408805832}, "datetime": {"datetime": "2024-06-14 18:10:40", "elapsed": 12.589557, "delta": 0.009973}}
{"target": -145.12618397148015, "params": {"gamma": 2.34484488740895, "prior": 3.013631376935151, "rate": 2.8556604108589827}, "datetime": {"datetime": "2024-06-14 18:10:40", "elapsed": 12.598534, "delta": 0.008977}}
{"target": -143.58404451792032, "params": {"gamma": 0.06894765796633268, "prior": 3.779023243593732, "rate": 0.4899246143734417}, "datetime": {"datetime": "2024-06-14 18:10:40", "elapsed": 12.608506, "delta": 0.009972}}
{"target": -368.44509478437027, "params": {"gamma": 8.743887748991542, "prior": 7.246044050893931, "rate": 5.953475738168867}, "datetime": {"datetime": "2024-06-14 18:10:40", "elapsed": 12.618479, "delta": 0.009973}}
{"target": -316.28557956997776, "params": {"gamma": 7.439039471551036, "prior": 9.020831429535983, "rate": 6.941211543141177}, "datetime": {"datetime": "2024-06-14 18:10:40", "elapsed": 12.628453, "delta": 0.009974}}
{"target": -274.1884729153221, "params": {"gamma": 5.90797241496815, "prior": 1.3301665118919654, "rate": 4.046421932570356}, "datetime": {"datetime": "2024-06-14 18:10:40", "elapsed": 12.637429, "delta": 0.008976}}
{"target": -261.482627037749, "params": {"gamma": 5.789933531360811, "prior": 6.068159221609412, "rate": 9.607817590001783}, "datetime": {"datetime": "2024-06-14 18:10:40", "elapsed": 12.647402, "delta": 0.009973}}
{"target": -140.47034276275022, "params": {"gamma": 2.0557977104341765, "prior": 6.665198142873705, "rate": 2.5650349774738426}, "datetime": {"datetime": "2024-06-14 18:10:40", "elapsed": 12.656407, "delta": 0.009005}}
{"target": -191.95624191605583, "params": {"gamma": 4.1781946638619605, "prior": 9.722309574884378, "rate": 3.31144322847995}, "datetime": {"datetime": "2024-06-14 18:10:40", "elapsed": 12.666351, "delta": 0.009944}}
{"target": -180.05348077654062, "params": {"gamma": 3.620869630590026, "prior": 4.451727639802938, "rate": 0.4076372311016773}, "datetime": {"datetime": "2024-06-14 18:10:40", "elapsed": 12.675328, "delta": 0.008977}}
{"target": -191.3438255503141, "params": {"gamma": 3.9863038148057774, "prior": 6.227952485750611, "rate": 5.7812217885154835}, "datetime": {"datetime": "2024-06-14 18:10:40", "elapsed": 12.685301, "delta": 0.009973}}
{"target": -368.83603372917815, "params": {"gamma": 8.734253865159978, "prior": 6.447746922370251, "rate": 5.570002490848631}, "datetime": {"datetime": "2024-06-14 18:10:40", "elapsed": 12.695274, "delta": 0.009973}}
{"target": -292.31757806958456, "params": {"gamma": 6.406830923563959, "prior": 0.5714061557653263, "rate": 9.961217364236495}, "datetime": {"datetime": "2024-06-14 18:10:40", "elapsed": 12.70425, "delta": 0.008976}}
{"target": -132.35844978114176, "params": {"gamma": 1.517902470777048, "prior": 4.242624178680719, "rate": 2.953219449966769}, "datetime": {"datetime": "2024-06-14 18:10:40", "elapsed": 12.714223, "delta": 0.009973}}
{"target": -250.42816344135323, "params": {"gamma": 5.7725917240622495, "prior": 5.6396541321313896, "rate": 3.5217911282734677}, "datetime": {"datetime": "2024-06-14 18:10:40", "elapsed": 12.724197, "delta": 0.009974}}
{"target": -412.8212480192935, "params": {"gamma": 9.73632101034662, "prior": 7.537589226886725, "rate": 8.898523787979325}, "datetime": {"datetime": "2024-06-14 18:10:40", "elapsed": 12.733173, "delta": 0.008976}}
{"target": -208.20532524345373, "params": {"gamma": 4.554646543417618, "prior": 6.0341202774811045, "rate": 4.135119304282028}, "datetime": {"datetime": "2024-06-14 18:10:40", "elapsed": 12.743146, "delta": 0.009973}}
{"target": -160.80587914175487, "params": {"gamma": 3.043247399234573, "prior": 5.302158650435817, "rate": 1.9104821219709982}, "datetime": {"datetime": "2024-06-14 18:10:40", "elapsed": 12.75312, "delta": 0.009974}}
{"target": -152.57969546114694, "params": {"gamma": 2.141803137630578, "prior": 5.156795441297785, "rate": 0.13950689289069168}, "datetime": {"datetime": "2024-06-14 18:10:40", "elapsed": 12.762095, "delta": 0.008975}}
{"target": -206.28200324684474, "params": {"gamma": 4.4554255996411385, "prior": 9.967336646400456, "rate": 8.227007128517913}, "datetime": {"datetime": "2024-06-14 18:10:40", "elapsed": 12.772069, "delta": 0.009974}}
{"target": -133.23779629856216, "params": {"gamma": 0.8355220043224125, "prior": 6.5933141384600535, "rate": 2.25470390737774}, "datetime": {"datetime": "2024-06-14 18:10:40", "elapsed": 12.781045, "delta": 0.008976}}
{"target": -129.27710817070854, "params": {"gamma": 1.1804405667721274, "prior": 3.551904901646867, "rate": 6.771991012506975}, "datetime": {"datetime": "2024-06-14 18:10:40", "elapsed": 12.791018, "delta": 0.009973}}
{"target": -258.34884618821053, "params": {"gamma": 5.508094840668205, "prior": 0.5352303689625977, "rate": 8.567685939201464}, "datetime": {"datetime": "2024-06-14 18:10:41", "elapsed": 12.800991, "delta": 0.009973}}
{"target": -208.593716505187, "params": {"gamma": 4.776472641076445, "prior": 8.582084626197144, "rate": 1.8773524615382258}, "datetime": {"datetime": "2024-06-14 18:10:41", "elapsed": 12.809967, "delta": 0.008976}}
{"target": -130.49841953759855, "params": {"gamma": 0.8382489282379628, "prior": 5.208099654210848, "rate": 4.545992085303224}, "datetime": {"datetime": "2024-06-14 18:10:41", "elapsed": 12.819941, "delta": 0.009974}}
{"target": -140.46451556259828, "params": {"gamma": 0.13993009549948474, "prior": 0.4896104379385867, "rate": 0.9372347244778493}, "datetime": {"datetime": "2024-06-14 18:10:41", "elapsed": 12.829914, "delta": 0.009973}}
{"target": -133.6340766881926, "params": {"gamma": 0.4077341217427622, "prior": 1.839816766707203, "rate": 5.7557859749589015}, "datetime": {"datetime": "2024-06-14 18:10:41", "elapsed": 12.83889, "delta": 0.008976}}
{"target": -211.283816855214, "params": {"gamma": 4.768049447045129, "prior": 9.79972035532993, "rate": 0.7083006030293989}, "datetime": {"datetime": "2024-06-14 18:10:41", "elapsed": 12.848863, "delta": 0.009973}}
{"target": -373.5896487156492, "params": {"gamma": 8.67428890537549, "prior": 5.827345843187369, "rate": 8.764878981579999}, "datetime": {"datetime": "2024-06-14 18:10:41", "elapsed": 12.857839, "delta": 0.008976}}
{"target": -130.8859289557622, "params": {"gamma": 0.5580803899209963, "prior": 1.0816198620738768, "rate": 8.631084082751796}, "datetime": {"datetime": "2024-06-14 18:10:41", "elapsed": 12.867813, "delta": 0.009974}}
{"target": -243.06238462882936, "params": {"gamma": 5.7042698804473675, "prior": 5.629088630789569, "rate": 0.13111366674830982}, "datetime": {"datetime": "2024-06-14 18:10:41", "elapsed": 12.877786, "delta": 0.009973}}
{"target": -282.1195665337652, "params": {"gamma": 6.422885788360278, "prior": 8.491878366232083, "rate": 9.96126578479924}, "datetime": {"datetime": "2024-06-14 18:10:41", "elapsed": 12.886762, "delta": 0.008976}}
{"target": -205.54943551479278, "params": {"gamma": 4.3301149523829, "prior": 3.182949555977844, "rate": 4.0482984794974595}, "datetime": {"datetime": "2024-06-14 18:10:41", "elapsed": 12.897733, "delta": 0.010971}}
{"target": -145.84433829879814, "params": {"gamma": 2.2810229380137588, "prior": 2.3383759888621203, "rate": 4.337002443043325}, "datetime": {"datetime": "2024-06-14 18:10:41", "elapsed": 12.906709, "delta": 0.008976}}
{"target": -298.3452698767178, "params": {"gamma": 6.845710542660374, "prior": 6.641299157065754, "rate": 7.725129192452083}, "datetime": {"datetime": "2024-06-14 18:10:41", "elapsed": 12.916682, "delta": 0.009973}}
{"target": -141.735761783527, "params": {"gamma": 2.1689300660171678, "prior": 7.314193149454935, "rate": 7.952743020363484}, "datetime": {"datetime": "2024-06-14 18:10:41", "elapsed": 12.926655, "delta": 0.009973}}
