{"target": -488.6470138510259, "params": {"p_ai": 5.872255317999027, "p_al": 9.297403698742512, "p_ex": 0.7590081579617658, "prior": 8.418390613411091, "rate": 7.4780521531022766}, "datetime": {"datetime": "2024-06-13 09:19:37", "elapsed": 148.584688, "delta": 0.105719}}
{"target": -242.7508576422325, "params": {"p_ai": 2.3006310614234695, "p_al": 5.181658884888734, "p_ex": 3.138270543109958, "prior": 6.158246453687983, "rate": 2.1325167369125833}, "datetime": {"datetime": "2024-06-13 09:19:38", "elapsed": 148.68899, "delta": 0.104302}}
{"target": -338.38913980689335, "params": {"p_ai": 4.359448858877968, "p_al": 7.890962946486213, "p_ex": 4.665210568130128, "prior": 6.735875652050375, "rate": 8.848479686219505}, "datetime": {"datetime": "2024-06-13 09:19:38", "elapsed": 148.79471, "delta": 0.10572}}
{"target": -704.1321239574885, "params": {"p_ai": 9.381446348042989, "p_al": 9.847391744765389, "p_ex": 8.835685613139463, "prior": 2.4365576352302862, "rate": 4.0836389886417725}, "datetime": {"datetime": "2024-06-13 09:19:38", "elapsed": 148.899484, "delta": 0.104774}}
{"target": -326.34411457693886, "params": {"p_ai": 3.748683184308519, "p_al": 1.5231348534117821, "p_ex": 0.7054881796361647, "prior": 2.9581396518596472, "rate": 8.599757434392542}, "datetime": {"datetime": "2024-06-13 09:19:38", "elapsed": 149.004934, "delta": 0.10545}}
{"target": -139.3536707359378, "params": {"p_ai": 0.390795181927564, "p_al": 2.1554424388419346, "p_ex": 3.4661312344210558, "prior": 6.48195109939891, "rate": 5.632101113959296}, "datetime": {"datetime": "2024-06-13 09:19:38", "elapsed": 149.110322, "delta": 0.105388}}
{"target": -501.6726439005501, "params": {"p_ai": 7.962033343657571, "p_al": 6.869950064493667, "p_ex": 8.89514615735082, "prior": 4.869532826993671, "rate": 5.359664452923338}, "datetime": {"datetime": "2024-06-13 09:19:38", "elapsed": 149.216081, "delta": 0.105759}}
{"target": -558.4111130578154, "params": {"p_ai": 8.376624080146625, "p_al": 0.057926066118149384, "p_ex": 2.4264704752358455, "prior": 2.215848232817908, "rate": 5.615901403001188}, "datetime": {"datetime": "2024-06-13 09:19:38", "elapsed": 149.321826, "delta": 0.105745}}
{"target": -460.29822520212, "params": {"p_ai": 7.1764059218745455, "p_al": 2.5256977959463165, "p_ex": 5.060703510986309, "prior": 7.392961690832119, "rate": 7.223300187934845}, "datetime": {"datetime": "2024-06-13 09:19:38", "elapsed": 149.427018, "delta": 0.105192}}
{"target": -448.23346110091444, "params": {"p_ai": 4.683654747636425, "p_al": 7.062229406736143, "p_ex": 5.591106515017654, "prior": 0.7850295801987324, "rate": 9.528083390609376}, "datetime": {"datetime": "2024-06-13 09:19:38", "elapsed": 149.532272, "delta": 0.105254}}
{"target": -626.7028708571507, "params": {"p_ai": 9.756566302852098, "p_al": 1.620977555940097, "p_ex": 4.178851453108906, "prior": 6.196287433481734, "rate": 5.681633101033839}, "datetime": {"datetime": "2024-06-13 09:19:39", "elapsed": 149.637438, "delta": 0.105166}}
{"target": -431.64081765564777, "params": {"p_ai": 3.747944142023713, "p_al": 9.03564329203637, "p_ex": 6.772125448142913, "prior": 1.1271803419327922, "rate": 6.695964632134947}, "datetime": {"datetime": "2024-06-13 09:19:39", "elapsed": 149.742431, "delta": 0.104993}}
{"target": -240.66478877232493, "params": {"p_ai": 2.18068963528753, "p_al": 0.8618604729833367, "p_ex": 3.599962226962259, "prior": 0.49702327008777214, "rate": 1.4670171019764853}, "datetime": {"datetime": "2024-06-13 09:19:39", "elapsed": 149.846934, "delta": 0.104503}}
{"target": -552.9369873468676, "params": {"p_ai": 4.5312087777237045, "p_al": 9.832040614902116, "p_ex": 8.41883222121433, "prior": 0.13303637727585385, "rate": 8.689075551096517}, "datetime": {"datetime": "2024-06-13 09:19:39", "elapsed": 149.952758, "delta": 0.105824}}
{"target": -243.33105294568068, "params": {"p_ai": 2.8348631641518267, "p_al": 1.9771804243319206, "p_ex": 3.09701893341332, "prior": 5.292810531405799, "rate": 4.8273698313983395}, "datetime": {"datetime": "2024-06-13 09:19:39", "elapsed": 150.058659, "delta": 0.105901}}
{"target": -423.02528819760573, "params": {"p_ai": 6.299088073481109, "p_al": 1.6685445249045965, "p_ex": 3.7435840670055476, "prior": 5.8252943868723, "rate": 8.108005443266556}, "datetime": {"datetime": "2024-06-13 09:19:39", "elapsed": 150.164154, "delta": 0.105495}}
{"target": -306.5429573563269, "params": {"p_ai": 3.6850872876640413, "p_al": 8.393983370820937, "p_ex": 4.1686750633831595, "prior": 9.42493847348532, "rate": 2.964330973099551}, "datetime": {"datetime": "2024-06-13 09:19:39", "elapsed": 150.269902, "delta": 0.105748}}
{"target": -313.35518702680696, "params": {"p_ai": 3.686656960153546, "p_al": 6.527647985772258, "p_ex": 5.834576969942827, "prior": 3.542343487882648, "rate": 4.843569399172687}, "datetime": {"datetime": "2024-06-13 09:19:39", "elapsed": 150.375214, "delta": 0.105312}}
{"target": -401.6874668583349, "params": {"p_ai": 6.643548383227865, "p_al": 0.5643409207938824, "p_ex": 6.0644173203711365, "prior": 7.468080985734469, "rate": 7.9399106854738335}, "datetime": {"datetime": "2024-06-13 09:19:39", "elapsed": 150.483953, "delta": 0.108739}}
{"target": -472.775732349224, "params": {"p_ai": 2.1386283609698182, "p_al": 6.411409241241745, "p_ex": 7.31161622706472, "prior": 0.9515248299512967, "rate": 0.7016591649364254}, "datetime": {"datetime": "2024-06-13 09:19:39", "elapsed": 150.588645, "delta": 0.104692}}
{"target": -552.4821612310477, "params": {"p_ai": 8.85966378915354, "p_al": 3.6138840128491796, "p_ex": 7.0346181633871465, "prior": 5.601918467378615, "rate": 3.3781264160570954}, "datetime": {"datetime": "2024-06-13 09:19:40", "elapsed": 150.696568, "delta": 0.107923}}
{"target": -310.8209589671541, "params": {"p_ai": 3.457181993467776, "p_al": 9.05472094319778, "p_ex": 4.535377941842694, "prior": 4.82581626909371, "rate": 9.791487159136903}, "datetime": {"datetime": "2024-06-13 09:19:40", "elapsed": 150.801291, "delta": 0.104723}}
{"target": -380.2243868447424, "params": {"p_ai": 4.117478747487042, "p_al": 3.695097354988469, "p_ex": 0.80055092712391, "prior": 3.878436053681967, "rate": 1.780136676686786}, "datetime": {"datetime": "2024-06-13 09:19:40", "elapsed": 150.905977, "delta": 0.104686}}
{"target": -212.8193534675349, "params": {"p_ai": 1.3142866430943358, "p_al": 3.67736858024043, "p_ex": 1.5889414577993433, "prior": 3.0763272222271136, "rate": 6.880101164833305}, "datetime": {"datetime": "2024-06-13 09:19:40", "elapsed": 151.012198, "delta": 0.106221}}
{"target": -560.6511614211031, "params": {"p_ai": 8.384561972759963, "p_al": 3.04892010422055, "p_ex": 3.5316239823002844, "prior": 7.306682867503822, "rate": 7.778549164423028}, "datetime": {"datetime": "2024-06-13 09:19:40", "elapsed": 151.116919, "delta": 0.104721}}
{"target": -247.91219923024735, "params": {"p_ai": 1.7711335149414804, "p_al": 4.01816254564012, "p_ex": 0.03041149271902403, "prior": 4.006570284990276, "rate": 8.932131769503012}, "datetime": {"datetime": "2024-06-13 09:19:40", "elapsed": 151.224605, "delta": 0.107686}}
{"target": -308.8661902720586, "params": {"p_ai": 0.5755763757839906, "p_al": 3.8969058047189162, "p_ex": 2.6541743643407223, "prior": 0.36872947752671464, "rate": 4.005635126169413}, "datetime": {"datetime": "2024-06-13 09:19:40", "elapsed": 151.336682, "delta": 0.112077}}
{"target": -228.8356646450365, "params": {"p_ai": 2.378848800846906, "p_al": 8.309864574884987, "p_ex": 6.436609939453869, "prior": 4.766209595915574, "rate": 7.088357892627507}, "datetime": {"datetime": "2024-06-13 09:19:40", "elapsed": 151.445421, "delta": 0.108739}}
{"target": -215.43825549935386, "params": {"p_ai": 0.9947367634478994, "p_al": 7.57002535083619, "p_ex": 2.9866225634417494, "prior": 5.02823423459667, "rate": 0.9426824650897777}, "datetime": {"datetime": "2024-06-13 09:19:40", "elapsed": 151.551287, "delta": 0.105866}}
{"target": -627.4602502611167, "params": {"p_ai": 8.145739832737526, "p_al": 5.105157423875881, "p_ex": 4.420267083745346, "prior": 1.3497803047479748, "rate": 6.349121354391908}, "datetime": {"datetime": "2024-06-13 09:19:41", "elapsed": 151.65797, "delta": 0.106683}}
{"target": -768.9869820485872, "params": {"p_ai": 3.5237463002571756, "p_al": 6.827405946697661, "p_ex": 7.624808497867999, "prior": 0.0684713650751335, "rate": 2.5913364785668547}, "datetime": {"datetime": "2024-06-13 09:19:41", "elapsed": 151.763167, "delta": 0.105197}}
{"target": -406.32864025198666, "params": {"p_ai": 6.779463714448853, "p_al": 3.361662606702258, "p_ex": 7.501503664948246, "prior": 5.570225707626225, "rate": 8.582544507369946}, "datetime": {"datetime": "2024-06-13 09:19:41", "elapsed": 151.868118, "delta": 0.104951}}
{"target": -470.2963403721289, "params": {"p_ai": 5.7062493337935365, "p_al": 8.894102889818864, "p_ex": 2.275558269388311, "prior": 7.940005019907525, "rate": 0.34043222035471227}, "datetime": {"datetime": "2024-06-13 09:19:41", "elapsed": 151.973518, "delta": 0.1054}}
{"target": -168.1885559203365, "params": {"p_ai": 0.7735953898149317, "p_al": 3.9596290498361615, "p_ex": 1.858481245602828, "prior": 9.44198930356615, "rate": 7.7970552024926905}, "datetime": {"datetime": "2024-06-13 09:19:41", "elapsed": 152.080844, "delta": 0.107326}}
{"target": -504.8085010102701, "params": {"p_ai": 7.436912104917503, "p_al": 4.920486026132645, "p_ex": 4.900995627237186, "prior": 5.811525545692184, "rate": 5.9666670497750935}, "datetime": {"datetime": "2024-06-13 09:19:41", "elapsed": 152.186113, "delta": 0.105269}}
{"target": -560.4139499373528, "params": {"p_ai": 8.980365692933121, "p_al": 1.2092260058543152, "p_ex": 5.09663154025606, "prior": 9.955224741731815, "rate": 4.814813735576268}, "datetime": {"datetime": "2024-06-13 09:19:41", "elapsed": 152.29189, "delta": 0.105777}}
{"target": -567.7475878393404, "params": {"p_ai": 8.378289726275693, "p_al": 6.03695086264971, "p_ex": 6.644085065236975, "prior": 2.725341460214868, "rate": 8.309501550148768}, "datetime": {"datetime": "2024-06-13 09:19:41", "elapsed": 152.399604, "delta": 0.107714}}
{"target": -647.3259347391611, "params": {"p_ai": 2.4454184617260206, "p_al": 6.733951031559131, "p_ex": 0.882212553052717, "prior": 0.18950161050769068, "rate": 4.723989780544485}, "datetime": {"datetime": "2024-06-13 09:19:41", "elapsed": 152.50532, "delta": 0.105716}}
{"target": -717.0629486182854, "params": {"p_ai": 9.39001230944057, "p_al": 3.256422619578878, "p_ex": 3.222208033992586, "prior": 0.5212552071808798, "rate": 6.753180779354503}, "datetime": {"datetime": "2024-06-13 09:19:42", "elapsed": 152.611069, "delta": 0.105749}}
{"target": -952.0433784072916, "params": {"p_ai": 7.217684871269275, "p_al": 9.037273786916757, "p_ex": 4.372048963561963, "prior": 1.0960571047111918, "rate": 0.37703297289000987}, "datetime": {"datetime": "2024-06-13 09:19:42", "elapsed": 152.718749, "delta": 0.10768}}
{"target": -523.5475501059591, "params": {"p_ai": 8.807808295944852, "p_al": 6.522904180784222, "p_ex": 9.155052172669194, "prior": 8.806088422417087, "rate": 4.702935754687456}, "datetime": {"datetime": "2024-06-13 09:19:42", "elapsed": 152.824496, "delta": 0.105747}}
{"target": -643.2941539929059, "params": {"p_ai": 6.703733658621222, "p_al": 7.450913844206583, "p_ex": 4.22269932112063, "prior": 1.5400257385527027, "rate": 2.8415420690724544}, "datetime": {"datetime": "2024-06-13 09:19:42", "elapsed": 152.929415, "delta": 0.104919}}
{"target": -304.87121952776585, "params": {"p_ai": 5.485222884070994, "p_al": 2.55810290007105, "p_ex": 8.917456231268647, "prior": 5.807922888107249, "rate": 7.187017429062295}, "datetime": {"datetime": "2024-06-13 09:19:42", "elapsed": 153.034196, "delta": 0.104781}}
{"target": -521.8357479517759, "params": {"p_ai": 8.620448537861462, "p_al": 8.965731642615792, "p_ex": 9.5761348250341, "prior": 6.275455992647012, "rate": 9.989806763568094}, "datetime": {"datetime": "2024-06-13 09:19:42", "elapsed": 153.139506, "delta": 0.10531}}
{"target": -437.6826775900192, "params": {"p_ai": 7.905283274373116, "p_al": 2.7089703697996903, "p_ex": 9.90551474523876, "prior": 8.015254629452599, "rate": 2.531895219296102}, "datetime": {"datetime": "2024-06-13 09:19:42", "elapsed": 153.245453, "delta": 0.105947}}
{"target": -172.00947323187916, "params": {"p_ai": 0.319940729328112, "p_al": 9.52814514193915, "p_ex": 5.568763239301098, "prior": 5.527546519872178, "rate": 0.47473086453618707}, "datetime": {"datetime": "2024-06-13 09:19:42", "elapsed": 153.351125, "delta": 0.105672}}
{"target": -508.63608321778713, "params": {"p_ai": 6.390744167617777, "p_al": 5.001536614475041, "p_ex": 8.04314525588731, "prior": 0.6964276216856988, "rate": 5.629746909341975}, "datetime": {"datetime": "2024-06-13 09:19:42", "elapsed": 153.457418, "delta": 0.106293}}
{"target": -317.345471506676, "params": {"p_ai": 4.087392623862128, "p_al": 5.518135216934039, "p_ex": 3.585276007828329, "prior": 9.993754323035986, "rate": 4.503788133315129}, "datetime": {"datetime": "2024-06-13 09:19:42", "elapsed": 153.57162, "delta": 0.114202}}
{"target": -218.00130617342666, "params": {"p_ai": 3.4588912664741214, "p_al": 1.8980664054295406, "p_ex": 9.235353228748629, "prior": 1.0438367019956678, "rate": 4.403997122483987}, "datetime": {"datetime": "2024-06-13 09:19:43", "elapsed": 153.677373, "delta": 0.105753}}
{"target": -430.56170782178236, "params": {"p_ai": 6.8623192636499555, "p_al": 1.4249131073648498, "p_ex": 9.315030248562637, "prior": 0.5896900810170312, "rate": 2.181778079663362}, "datetime": {"datetime": "2024-06-13 09:19:43", "elapsed": 153.787874, "delta": 0.110501}}
{"target": -135.88836196810826, "params": {"p_ai": 0.7728756763117778, "p_al": 4.11570732769188, "p_ex": 5.972988403638313, "prior": 7.311686632534911, "rate": 8.784454289590984}, "datetime": {"datetime": "2024-06-13 09:19:43", "elapsed": 153.893623, "delta": 0.105749}}
{"target": -346.12968597877654, "params": {"p_ai": 3.533130909542927, "p_al": 7.024924910904777, "p_ex": 0.48711513063939865, "prior": 8.192799182413792, "rate": 3.1834381339588895}, "datetime": {"datetime": "2024-06-13 09:19:43", "elapsed": 153.999376, "delta": 0.105753}}
{"target": -289.53947025180776, "params": {"p_ai": 2.2172018137272484, "p_al": 3.6110032767813616, "p_ex": 1.141585201956885, "prior": 2.937757248346579, "rate": 0.08888170871388551}, "datetime": {"datetime": "2024-06-13 09:19:43", "elapsed": 154.104677, "delta": 0.105301}}
{"target": -240.5284548846815, "params": {"p_ai": 2.533383695780048, "p_al": 8.377290099980405, "p_ex": 8.077752516395089, "prior": 3.8262940165913872, "rate": 4.307366462305053}, "datetime": {"datetime": "2024-06-13 09:19:43", "elapsed": 154.20995, "delta": 0.105273}}
{"target": -284.35180278456266, "params": {"p_ai": 1.8266915489467377, "p_al": 3.169424477157168, "p_ex": 4.174267239128969, "prior": 0.6656172331886133, "rate": 3.3795361726642934}, "datetime": {"datetime": "2024-06-13 09:19:43", "elapsed": 154.315605, "delta": 0.105655}}
{"target": -326.57539064452715, "params": {"p_ai": 4.95721719801526, "p_al": 0.06820653721901922, "p_ex": 4.381313907962638, "prior": 2.187672233884425, "rate": 2.1347759862135067}, "datetime": {"datetime": "2024-06-13 09:19:43", "elapsed": 154.42229, "delta": 0.106685}}
{"target": -156.119577453181, "params": {"p_ai": 2.49314021139705, "p_al": 1.2841289587836024, "p_ex": 9.448188075410462, "prior": 1.691578168855795, "rate": 5.67655780442632}, "datetime": {"datetime": "2024-06-13 09:19:43", "elapsed": 154.529006, "delta": 0.106716}}
{"target": -164.06583685574395, "params": {"p_ai": 1.7159024798604, "p_al": 2.609918671652933, "p_ex": 6.768073771020467, "prior": 5.0331536140100654, "rate": 1.5737215349730902}, "datetime": {"datetime": "2024-06-13 09:19:44", "elapsed": 154.634752, "delta": 0.105746}}
{"target": -181.2789949739934, "params": {"p_ai": 0.8259847780523347, "p_al": 8.819057239287222, "p_ex": 2.4196701627500965, "prior": 9.589776781191212, "rate": 8.92374863045554}, "datetime": {"datetime": "2024-06-13 09:19:44", "elapsed": 154.740471, "delta": 0.105719}}
{"target": -297.57794911470427, "params": {"p_ai": 1.6006163084713398, "p_al": 5.037551411379846, "p_ex": 1.1900847898410376, "prior": 1.1092699567215725, "rate": 6.963261437513524}, "datetime": {"datetime": "2024-06-13 09:19:44", "elapsed": 154.847185, "delta": 0.106714}}
{"target": -466.9073756677385, "params": {"p_ai": 2.7162334808394535, "p_al": 9.663915427539312, "p_ex": 8.392620059816272, "prior": 0.9261097373446263, "rate": 3.906183017534992}, "datetime": {"datetime": "2024-06-13 09:19:44", "elapsed": 154.951903, "delta": 0.104718}}
{"target": -202.02039745659576, "params": {"p_ai": 1.243049163248632, "p_al": 5.554366994832198, "p_ex": 1.621888059253872, "prior": 8.317838000950376, "rate": 2.577690773878029}, "datetime": {"datetime": "2024-06-13 09:19:44", "elapsed": 155.056867, "delta": 0.104964}}
{"target": -380.9670133942983, "params": {"p_ai": 5.106155004863554, "p_al": 7.824755517687508, "p_ex": 5.383850258576215, "prior": 5.288705375476819, "rate": 8.548546065159313}, "datetime": {"datetime": "2024-06-13 09:19:44", "elapsed": 155.162556, "delta": 0.105689}}
{"target": -205.17989688640955, "params": {"p_ai": 2.4517590330340826, "p_al": 1.2718727136191073, "p_ex": 5.602886965645464, "prior": 1.2846707440219591, "rate": 3.3122432327982927}, "datetime": {"datetime": "2024-06-13 09:19:44", "elapsed": 155.266798, "delta": 0.104242}}
{"target": -318.09919547368946, "params": {"p_ai": 3.265071842219258, "p_al": 9.48049701044885, "p_ex": 3.7597670096434608, "prior": 4.691636256683498, "rate": 9.473475192340146}, "datetime": {"datetime": "2024-06-13 09:19:44", "elapsed": 155.374512, "delta": 0.107714}}
{"target": -751.3979057290472, "params": {"p_ai": 8.283975476109763, "p_al": 6.720327358482428, "p_ex": 2.6738455539050126, "prior": 1.3335156881039736, "rate": 3.3402929930453955}, "datetime": {"datetime": "2024-06-13 09:19:44", "elapsed": 155.488028, "delta": 0.113516}}
{"target": -291.1410761977524, "params": {"p_ai": 1.5990411930530612, "p_al": 9.604039822179217, "p_ex": 2.010175989567496, "prior": 3.107359184254481, "rate": 6.614538646758534}, "datetime": {"datetime": "2024-06-13 09:19:45", "elapsed": 155.597539, "delta": 0.109511}}
{"target": -281.7259941920727, "params": {"p_ai": 4.37678808370781, "p_al": 5.89872859819017, "p_ex": 8.488612171761474, "prior": 5.881892936139609, "rate": 4.970284017491149}, "datetime": {"datetime": "2024-06-13 09:19:45", "elapsed": 155.704255, "delta": 0.106716}}
{"target": -483.4791081218837, "params": {"p_ai": 8.355940839879088, "p_al": 7.979860191460579, "p_ex": 9.811625590279693, "prior": 9.486111970792946, "rate": 9.17197316118671}, "datetime": {"datetime": "2024-06-13 09:19:45", "elapsed": 155.809572, "delta": 0.105317}}
{"target": -356.21639765572036, "params": {"p_ai": 4.948755710293945, "p_al": 7.37178729631658, "p_ex": 6.005614192626915, "prior": 7.380255671368934, "rate": 3.758232523153045}, "datetime": {"datetime": "2024-06-13 09:19:45", "elapsed": 155.914773, "delta": 0.105201}}
{"target": -676.2993468842396, "params": {"p_ai": 9.11115592778481, "p_al": 8.723213633193073, "p_ex": 7.046952341405632, "prior": 2.6130258749117306, "rate": 5.011192894046693}, "datetime": {"datetime": "2024-06-13 09:19:45", "elapsed": 156.020714, "delta": 0.105941}}
{"target": -177.52199270771732, "params": {"p_ai": 2.17783981095381, "p_al": 1.0260979254877194, "p_ex": 5.780032861824755, "prior": 4.796479676205616, "rate": 2.475670454206242}, "datetime": {"datetime": "2024-06-13 09:19:45", "elapsed": 156.12743, "delta": 0.106716}}
{"target": -290.4181455549324, "params": {"p_ai": 4.467313442321816, "p_al": 1.3847932899081115, "p_ex": 5.228500992493444, "prior": 9.703747416749897, "rate": 8.237998191683403}, "datetime": {"datetime": "2024-06-13 09:19:45", "elapsed": 156.233175, "delta": 0.105745}}
{"target": -150.5360894352134, "params": {"p_ai": 0.04539181368461302, "p_al": 0.9171034740261821, "p_ex": 0.256731315853256, "prior": 3.0849617630196033, "rate": 9.806449056410758}, "datetime": {"datetime": "2024-06-13 09:19:45", "elapsed": 156.338188, "delta": 0.105013}}
{"target": -333.98541146823754, "params": {"p_ai": 4.604577213484676, "p_al": 4.098043027245584, "p_ex": 4.082781044934731, "prior": 8.24831868985997, "rate": 5.817468351338353}, "datetime": {"datetime": "2024-06-13 09:19:45", "elapsed": 156.443593, "delta": 0.105405}}
{"target": -202.5522316289571, "params": {"p_ai": 1.194398932848572, "p_al": 4.447888804875501, "p_ex": 1.464898722112708, "prior": 6.661061324152497, "rate": 1.2245706894526878}, "datetime": {"datetime": "2024-06-13 09:19:45", "elapsed": 156.552301, "delta": 0.108708}}
{"target": -162.27662785606506, "params": {"p_ai": 0.8678033866291002, "p_al": 7.033904856031638, "p_ex": 4.113172644181687, "prior": 9.961111769859151, "rate": 5.340957501885814}, "datetime": {"datetime": "2024-06-13 09:19:46", "elapsed": 156.65799, "delta": 0.105689}}
{"target": -579.2558315133924, "params": {"p_ai": 7.790366706899352, "p_al": 8.686423277767584, "p_ex": 7.987675177701189, "prior": 2.1416545662349087, "rate": 6.803995167925384}, "datetime": {"datetime": "2024-06-13 09:19:46", "elapsed": 156.763707, "delta": 0.105717}}
{"target": -151.77201608460058, "params": {"p_ai": 0.04723985982973837, "p_al": 7.958190982824141, "p_ex": 2.159110276007062, "prior": 9.867241781530184, "rate": 9.441516513225706}, "datetime": {"datetime": "2024-06-13 09:19:46", "elapsed": 156.869424, "delta": 0.105717}}
{"target": -352.3308860558331, "params": {"p_ai": 5.851577204928747, "p_al": 1.6055163944341313, "p_ex": 7.034313758009502, "prior": 4.175120101548917, "rate": 4.668222528264901}, "datetime": {"datetime": "2024-06-13 09:19:46", "elapsed": 156.974033, "delta": 0.104609}}
{"target": -264.9346996978768, "params": {"p_ai": 3.0503783593494265, "p_al": 8.691784983397337, "p_ex": 4.694730841191128, "prior": 8.06176824468246, "rate": 8.068186441818202}, "datetime": {"datetime": "2024-06-13 09:19:46", "elapsed": 157.081423, "delta": 0.10739}}
