{"target": -2124.2118958786973, "params": {"gamma": 5.53478362877641, "lr": 0.08480182166035288}, "datetime": {"datetime": "2024-06-13 17:05:00", "elapsed": 3.00932, "delta": 0.004986}}
{"target": -483.30960717641744, "params": {"gamma": 2.0254278937096815, "lr": 0.8542379729163827}, "datetime": {"datetime": "2024-06-13 17:05:00", "elapsed": 3.013341, "delta": 0.004021}}
{"target": -1687.7676619463703, "params": {"gamma": 7.0595677402804276, "lr": 0.8949395201529242}, "datetime": {"datetime": "2024-06-13 17:05:00", "elapsed": 3.018329, "delta": 0.004988}}
{"target": -624.7196933950552, "params": {"gamma": 3.2921308719412035, "lr": 0.5280013966376261}, "datetime": {"datetime": "2024-06-13 17:05:00", "elapsed": 3.022286, "delta": 0.003957}}
{"target": -1227.3511755030584, "params": {"gamma": 6.504330926708715, "lr": 0.5942908535866644}, "datetime": {"datetime": "2024-06-13 17:05:00", "elapsed": 3.026276, "delta": 0.00399}}
{"target": -412.04360168557815, "params": {"gamma": 2.315397892406944, "lr": 0.4268213494482356}, "datetime": {"datetime": "2024-06-13 17:05:00", "elapsed": 3.030265, "delta": 0.003989}}
{"target": -585.175219763386, "params": {"gamma": 2.481866529137688, "lr": 0.8456149622311454}, "datetime": {"datetime": "2024-06-13 17:05:00", "elapsed": 3.034254, "delta": 0.003989}}
{"target": -3802.915452860042, "params": {"gamma": 9.866787772235858, "lr": 0.06657080313237929}, "datetime": {"datetime": "2024-06-13 17:05:00", "elapsed": 3.038243, "delta": 0.003989}}
{"target": -1106.7135553593816, "params": {"gamma": 7.139566394637347, "lr": 0.3301155521990743}, "datetime": {"datetime": "2024-06-13 17:05:00", "elapsed": 3.043231, "delta": 0.004988}}
{"target": -968.6186460467197, "params": {"gamma": 6.254728347736019, "lr": 0.258129649281871}, "datetime": {"datetime": "2024-06-13 17:05:00", "elapsed": 3.04722, "delta": 0.003989}}
{"target": -973.9419203424272, "params": {"gamma": 6.510425085475643, "lr": 0.37114718446272954}, "datetime": {"datetime": "2024-06-13 17:05:00", "elapsed": 3.051209, "delta": 0.003989}}
{"target": -734.5484616641528, "params": {"gamma": 2.9489139744901, "lr": 0.9117631736977988}, "datetime": {"datetime": "2024-06-13 17:05:00", "elapsed": 3.055198, "delta": 0.003989}}
{"target": -1876.0418855086382, "params": {"gamma": 9.425046243387849, "lr": 0.6135500265601355}, "datetime": {"datetime": "2024-06-13 17:05:00", "elapsed": 3.059187, "delta": 0.003989}}
{"target": -544.4001613773403, "params": {"gamma": 2.1454633405260957, "lr": 0.9394188709061594}, "datetime": {"datetime": "2024-06-13 17:05:00", "elapsed": 3.063177, "delta": 0.00399}}
{"target": -1628.5781157319657, "params": {"gamma": 7.504785013686519, "lr": 0.7510898073228061}, "datetime": {"datetime": "2024-06-13 17:05:00", "elapsed": 3.067166, "delta": 0.003989}}
{"target": -497.82286383156304, "params": {"gamma": 2.1180016271500137, "lr": 0.8301565261622993}, "datetime": {"datetime": "2024-06-13 17:05:00", "elapsed": 3.071155, "delta": 0.003989}}
{"target": -496.5297230524871, "params": {"gamma": 2.4017114464579397, "lr": 0.6316207452501602}, "datetime": {"datetime": "2024-06-13 17:05:00", "elapsed": 3.075145, "delta": 0.00399}}
{"target": -1564.689452683366, "params": {"gamma": 7.107684959425964, "lr": 0.7423834297071017}, "datetime": {"datetime": "2024-06-13 17:05:00", "elapsed": 3.079135, "delta": 0.00399}}
{"target": -857.0202750843001, "params": {"gamma": 3.9032567812912102, "lr": 0.7598253967160974}, "datetime": {"datetime": "2024-06-13 17:05:00", "elapsed": 3.083124, "delta": 0.003989}}
{"target": -1696.8562283562555, "params": {"gamma": 9.029456085314978, "lr": 0.5874200192375769}, "datetime": {"datetime": "2024-06-13 17:05:00", "elapsed": 3.087113, "delta": 0.003989}}
{"target": -267.26206500201806, "params": {"gamma": 0.9050067472322914, "lr": 0.12897598414227607}, "datetime": {"datetime": "2024-06-13 17:05:00", "elapsed": 3.091102, "delta": 0.003989}}
{"target": -259.6974645509699, "params": {"gamma": 1.0535200041012063, "lr": 0.17272746332288003}, "datetime": {"datetime": "2024-06-13 17:05:00", "elapsed": 3.095092, "delta": 0.00399}}
{"target": -305.7024050189963, "params": {"gamma": 1.2651824720065605, "lr": 0.7783008900676276}, "datetime": {"datetime": "2024-06-13 17:05:00", "elapsed": 3.100079, "delta": 0.004987}}
{"target": -152.7200446151722, "params": {"gamma": 0.39507571033225836, "lr": 0.24155841734086403}, "datetime": {"datetime": "2024-06-13 17:05:00", "elapsed": 3.104068, "delta": 0.003989}}
{"target": -2162.6081625175725, "params": {"gamma": 8.790784947183296, "lr": 0.9735188608362936}, "datetime": {"datetime": "2024-06-13 17:05:00", "elapsed": 3.108057, "delta": 0.003989}}
{"target": -1493.9415570507135, "params": {"gamma": 6.054614655262755, "lr": 0.9762382645603884}, "datetime": {"datetime": "2024-06-13 17:05:00", "elapsed": 3.112046, "delta": 0.003989}}
{"target": -167.97663993203162, "params": {"gamma": 0.43547196560805285, "lr": 0.9485727683760076}, "datetime": {"datetime": "2024-06-13 17:05:00", "elapsed": 3.117033, "delta": 0.004987}}
{"target": -693.3550450985958, "params": {"gamma": 3.113649528479215, "lr": 0.798972840361593}, "datetime": {"datetime": "2024-06-13 17:05:00", "elapsed": 3.121022, "delta": 0.003989}}
{"target": -1898.6667700284618, "params": {"gamma": 8.106480405365568, "lr": 0.8599985915803449}, "datetime": {"datetime": "2024-06-13 17:05:00", "elapsed": 3.125012, "delta": 0.00399}}
{"target": -1135.5138820903544, "params": {"gamma": 4.586049558214109, "lr": 0.9306443921654484}, "datetime": {"datetime": "2024-06-13 17:05:00", "elapsed": 3.129001, "delta": 0.003989}}
{"target": -648.5289993799739, "params": {"gamma": 2.579671951285972, "lr": 0.9344454925295846}, "datetime": {"datetime": "2024-06-13 17:05:00", "elapsed": 3.13299, "delta": 0.003989}}
{"target": -1527.3962560116695, "params": {"gamma": 6.191577212883354, "lr": 0.9854449149448306}, "datetime": {"datetime": "2024-06-13 17:05:00", "elapsed": 3.13698, "delta": 0.00399}}
{"target": -150.11414010790216, "params": {"gamma": 0.3274060157599613, "lr": 0.7251666588327084}, "datetime": {"datetime": "2024-06-13 17:05:00", "elapsed": 3.140969, "delta": 0.003989}}
{"target": -952.9862870504955, "params": {"gamma": 5.655976799568431, "lr": 0.4924240473983196}, "datetime": {"datetime": "2024-06-13 17:05:00", "elapsed": 3.143961, "delta": 0.002992}}
{"target": -421.88664020654807, "params": {"gamma": 2.5929220383817193, "lr": 0.3268306848663751}, "datetime": {"datetime": "2024-06-13 17:05:00", "elapsed": 3.148947, "delta": 0.004986}}
{"target": -482.19317205179925, "params": {"gamma": 2.495372604807176, "lr": 0.21926791032506077}, "datetime": {"datetime": "2024-06-13 17:05:00", "elapsed": 3.152937, "delta": 0.00399}}
{"target": -1483.602157864583, "params": {"gamma": 7.996808714410864, "lr": 0.5023950058982584}, "datetime": {"datetime": "2024-06-13 17:05:00", "elapsed": 3.156926, "delta": 0.003989}}
{"target": -222.14402447291937, "params": {"gamma": 0.8328156970812803, "lr": 0.7769841920273803}, "datetime": {"datetime": "2024-06-13 17:05:00", "elapsed": 3.159918, "delta": 0.002992}}
{"target": -1179.7179760070433, "params": {"gamma": 5.336957111761226, "lr": 0.739387787346382}, "datetime": {"datetime": "2024-06-13 17:05:00", "elapsed": 3.163908, "delta": 0.00399}}
{"target": -809.0148026347788, "params": {"gamma": 5.154421537738071, "lr": 0.39994592398513173}, "datetime": {"datetime": "2024-06-13 17:05:00", "elapsed": 3.167897, "delta": 0.003989}}
{"target": -3801.2747971853673, "params": {"gamma": 9.862481577580514, "lr": 0.02824262016291268}, "datetime": {"datetime": "2024-06-13 17:05:00", "elapsed": 3.171915, "delta": 0.004018}}
{"target": -2293.862985372115, "params": {"gamma": 9.327706315740619, "lr": 0.930854967759968}, "datetime": {"datetime": "2024-06-13 17:05:00", "elapsed": 3.175901, "delta": 0.003986}}
{"target": -735.7467616971226, "params": {"gamma": 3.909796196303079, "lr": 0.2144648711333198}, "datetime": {"datetime": "2024-06-13 17:05:00", "elapsed": 3.180862, "delta": 0.004961}}
{"target": -1296.5570044048598, "params": {"gamma": 6.192513766034457, "lr": 0.17797233547016944}, "datetime": {"datetime": "2024-06-13 17:05:00", "elapsed": 3.184852, "delta": 0.00399}}
{"target": -1237.7557953339465, "params": {"gamma": 8.032278735085756, "lr": 0.2539338558777352}, "datetime": {"datetime": "2024-06-13 17:05:00", "elapsed": 3.188841, "delta": 0.003989}}
{"target": -724.8837449368502, "params": {"gamma": 2.9087707441717465, "lr": 0.915915790009957}, "datetime": {"datetime": "2024-06-13 17:05:00", "elapsed": 3.19283, "delta": 0.003989}}
{"target": -1672.5047204058624, "params": {"gamma": 9.029265417910615, "lr": 0.5353808917305217}, "datetime": {"datetime": "2024-06-13 17:05:00", "elapsed": 3.197817, "delta": 0.004987}}
{"target": -1322.9157604814498, "params": {"gamma": 8.628526966805577, "lr": 0.3525325688050618}, "datetime": {"datetime": "2024-06-13 17:05:00", "elapsed": 3.201806, "delta": 0.003989}}
{"target": -1673.0226484399961, "params": {"gamma": 9.978844897970799, "lr": 0.433689739404977}, "datetime": {"datetime": "2024-06-13 17:05:00", "elapsed": 3.205795, "delta": 0.003989}}
{"target": -1168.2983983115037, "params": {"gamma": 2.948825305973155, "lr": 0.04157423394916726}, "datetime": {"datetime": "2024-06-13 17:05:00", "elapsed": 3.209785, "delta": 0.00399}}
{"target": -1650.2809873219812, "params": {"gamma": 9.897079830913631, "lr": 0.4648876309118224}, "datetime": {"datetime": "2024-06-13 17:05:00", "elapsed": 3.213774, "delta": 0.003989}}
{"target": -1467.1621034980876, "params": {"gamma": 7.346115555489657, "lr": 0.6408076240458747}, "datetime": {"datetime": "2024-06-13 17:05:00", "elapsed": 3.217764, "delta": 0.00399}}
{"target": -2798.7741994273256, "params": {"gamma": 7.231210903260432, "lr": 0.05111090382611627}, "datetime": {"datetime": "2024-06-13 17:05:00", "elapsed": 3.221753, "delta": 0.003989}}
{"target": -2262.7740950797333, "params": {"gamma": 9.200534008691728, "lr": 0.9268412179022415}, "datetime": {"datetime": "2024-06-13 17:05:00", "elapsed": 3.225742, "delta": 0.003989}}
{"target": -1363.4859108741682, "params": {"gamma": 5.520398276514817, "lr": 0.963915888684551}, "datetime": {"datetime": "2024-06-13 17:05:00", "elapsed": 3.229732, "delta": 0.00399}}
{"target": -573.1913615375619, "params": {"gamma": 2.8102744143666842, "lr": 0.6021466271365452}, "datetime": {"datetime": "2024-06-13 17:05:00", "elapsed": 3.233721, "delta": 0.003989}}
{"target": -804.2624093156139, "params": {"gamma": 3.9652304378361865, "lr": 0.6280232317552282}, "datetime": {"datetime": "2024-06-13 17:05:00", "elapsed": 3.23771, "delta": 0.003989}}
{"target": -694.2016925134733, "params": {"gamma": 3.0070222529489574, "lr": 0.8193583846560202}, "datetime": {"datetime": "2024-06-13 17:05:00", "elapsed": 3.241699, "delta": 0.003989}}
{"target": -327.295728690857, "params": {"gamma": 0.6987899990635812, "lr": 0.04187757029999628}, "datetime": {"datetime": "2024-06-13 17:05:00", "elapsed": 3.245689, "delta": 0.00399}}
{"target": -173.61975533306457, "params": {"gamma": 0.49491444994850975, "lr": 0.15045502836766345}, "datetime": {"datetime": "2024-06-13 17:05:00", "elapsed": 3.249678, "delta": 0.003989}}
{"target": -981.5791628456499, "params": {"gamma": 3.954109387473109, "lr": 0.9553899892571747}, "datetime": {"datetime": "2024-06-13 17:05:00", "elapsed": 3.253668, "delta": 0.00399}}
{"target": -254.10806702391753, "params": {"gamma": 1.1088436015198657, "lr": 0.6475529858164272}, "datetime": {"datetime": "2024-06-13 17:05:00", "elapsed": 3.257657, "delta": 0.003989}}
{"target": -818.9424286871047, "params": {"gamma": 5.276687463055037, "lr": 0.353242405983059}, "datetime": {"datetime": "2024-06-13 17:05:00", "elapsed": 3.261646, "delta": 0.003989}}
{"target": -392.50370338492934, "params": {"gamma": 1.9827940939725983, "lr": 0.22059408184733575}, "datetime": {"datetime": "2024-06-13 17:05:00", "elapsed": 3.265635, "delta": 0.003989}}
{"target": -162.75280624576268, "params": {"gamma": 0.4391712757617422, "lr": 0.7131639731598145}, "datetime": {"datetime": "2024-06-13 17:05:00", "elapsed": 3.269625, "delta": 0.00399}}
{"target": -1103.910051395287, "params": {"gamma": 6.538748151763354, "lr": 0.4437697927247224}, "datetime": {"datetime": "2024-06-13 17:05:00", "elapsed": 3.273614, "delta": 0.003989}}
{"target": -2436.130671761929, "params": {"gamma": 7.189675941410347, "lr": 0.10997597244532042}, "datetime": {"datetime": "2024-06-13 17:05:00", "elapsed": 3.278601, "delta": 0.004987}}
{"target": -2158.871922397971, "params": {"gamma": 9.387253014515942, "lr": 0.8476267092393875}, "datetime": {"datetime": "2024-06-13 17:05:00", "elapsed": 3.28259, "delta": 0.003989}}
{"target": -1027.580654080433, "params": {"gamma": 6.590697560999168, "lr": 0.37883116866173183}, "datetime": {"datetime": "2024-06-13 17:05:00", "elapsed": 3.28658, "delta": 0.00399}}
{"target": -708.7596508027991, "params": {"gamma": 4.16625072341846, "lr": 0.48215392215746744}, "datetime": {"datetime": "2024-06-13 17:05:00", "elapsed": 3.290569, "delta": 0.003989}}
{"target": -2188.434940077201, "params": {"gamma": 9.352902416297999, "lr": 0.8635929549181026}, "datetime": {"datetime": "2024-06-13 17:05:00", "elapsed": 3.294559, "delta": 0.00399}}
{"target": -888.3224373328942, "params": {"gamma": 4.779760568316378, "lr": 0.554518498278167}, "datetime": {"datetime": "2024-06-13 17:05:00", "elapsed": 3.298548, "delta": 0.003989}}
{"target": -2153.6559362203666, "params": {"gamma": 8.754163218930938, "lr": 0.9492644337722901}, "datetime": {"datetime": "2024-06-13 17:05:00", "elapsed": 3.302537, "delta": 0.003989}}
{"target": -1409.111308996877, "params": {"gamma": 6.392208373926592, "lr": 0.7485203200897537}, "datetime": {"datetime": "2024-06-13 17:05:00", "elapsed": 3.305529, "delta": 0.002992}}
{"target": -875.287479825012, "params": {"gamma": 3.516897438698066, "lr": 0.91802831908618}, "datetime": {"datetime": "2024-06-13 17:05:00", "elapsed": 3.310516, "delta": 0.004987}}
{"target": -1538.9056875511308, "params": {"gamma": 8.367683746488458, "lr": 0.5520558812247628}, "datetime": {"datetime": "2024-06-13 17:05:00", "elapsed": 3.314505, "delta": 0.003989}}
{"target": -1996.4543267768192, "params": {"gamma": 8.676404468942122, "lr": 0.8498718814403323}, "datetime": {"datetime": "2024-06-13 17:05:00", "elapsed": 3.318494, "delta": 0.003989}}
{"target": -2018.2096497042976, "params": {"gamma": 8.084305154704811, "lr": 0.13069282439738805}, "datetime": {"datetime": "2024-06-13 17:05:00", "elapsed": 3.322483, "delta": 0.003989}}
{"target": -1282.8286741389961, "params": {"gamma": 5.3604897456433, "lr": 0.900783114706916}, "datetime": {"datetime": "2024-06-13 17:05:00", "elapsed": 3.326473, "delta": 0.00399}}
{"target": -1300.5407269566758, "params": {"gamma": 7.70854747370775, "lr": 0.4207131990251918}, "datetime": {"datetime": "2024-06-13 17:05:00", "elapsed": 3.330462, "delta": 0.003989}}
{"target": -1502.3121157138908, "params": {"gamma": 9.778826053206298, "lr": 0.25077315667300226}, "datetime": {"datetime": "2024-06-13 17:05:00", "elapsed": 3.334452, "delta": 0.00399}}
{"target": -831.5676732294303, "params": {"gamma": 3.336768678250129, "lr": 0.954200507429589}, "datetime": {"datetime": "2024-06-13 17:05:00", "elapsed": 3.338441, "delta": 0.003989}}
{"target": -1927.3120547217213, "params": {"gamma": 8.087344766504712, "lr": 0.9003400045106619}, "datetime": {"datetime": "2024-06-13 17:05:00", "elapsed": 3.34243, "delta": 0.003989}}
{"target": -142.40311006111588, "params": {"gamma": 0.11688430450954196, "lr": 0.37976443303399476}, "datetime": {"datetime": "2024-06-13 17:05:00", "elapsed": 3.34642, "delta": 0.00399}}
{"target": -392.3495271388992, "params": {"gamma": 2.355984044142083, "lr": 0.2959350518874113}, "datetime": {"datetime": "2024-06-13 17:05:00", "elapsed": 3.350409, "delta": 0.003989}}
{"target": -1586.3633480381131, "params": {"gamma": 7.380216968542006, "lr": 0.7240848448640741}, "datetime": {"datetime": "2024-06-13 17:05:00", "elapsed": 3.354398, "delta": 0.003989}}
{"target": -699.4745275838816, "params": {"gamma": 4.618532302580416, "lr": 0.3652744612070937}, "datetime": {"datetime": "2024-06-13 17:05:00", "elapsed": 3.358388, "delta": 0.00399}}
{"target": -1090.4780408891945, "params": {"gamma": 5.847331438432254, "lr": 0.5337077546342763}, "datetime": {"datetime": "2024-06-13 17:05:00", "elapsed": 3.362377, "delta": 0.003989}}
{"target": -1102.459389477164, "params": {"gamma": 5.5062450105196135, "lr": 0.6154770711146578}, "datetime": {"datetime": "2024-06-13 17:05:00", "elapsed": 3.366366, "delta": 0.003989}}
{"target": -868.5214298762035, "params": {"gamma": 3.957087074403221, "lr": 0.7717184824154584}, "datetime": {"datetime": "2024-06-13 17:05:00", "elapsed": 3.370398, "delta": 0.004032}}
{"target": -515.219827132941, "params": {"gamma": 2.512780630310517, "lr": 0.655760767903366}, "datetime": {"datetime": "2024-06-13 17:05:00", "elapsed": 3.373896, "delta": 0.003498}}
{"target": -3702.7978477255597, "params": {"gamma": 9.604011085051962, "lr": 0.0035547604644260433}, "datetime": {"datetime": "2024-06-13 17:05:00", "elapsed": 3.377885, "delta": 0.003989}}
{"target": -2451.028090766512, "params": {"gamma": 7.233887082898668, "lr": 0.10899503392964371}, "datetime": {"datetime": "2024-06-13 17:05:00", "elapsed": 3.381875, "delta": 0.00399}}
{"target": -1097.1885026467676, "params": {"gamma": 5.438331129146589, "lr": 0.6269160166803346}, "datetime": {"datetime": "2024-06-13 17:05:00", "elapsed": 3.385864, "delta": 0.003989}}
{"target": -610.0452872464974, "params": {"gamma": 2.4302283105822404, "lr": 0.9138438752466082}, "datetime": {"datetime": "2024-06-13 17:05:00", "elapsed": 3.389853, "delta": 0.003989}}
{"target": -1060.7075814263342, "params": {"gamma": 6.223502974387487, "lr": 0.23169469139485988}, "datetime": {"datetime": "2024-06-13 17:05:00", "elapsed": 3.393842, "delta": 0.003989}}
{"target": -2608.6167447139037, "params": {"gamma": 7.701551743810476, "lr": 0.10550707999733477}, "datetime": {"datetime": "2024-06-13 17:05:00", "elapsed": 3.397832, "delta": 0.00399}}
{"target": -1970.706435982082, "params": {"gamma": 5.552697959994914, "lr": 0.0949560698024915}, "datetime": {"datetime": "2024-06-13 17:05:00", "elapsed": 3.402386, "delta": 0.004554}}
{"target": -901.371366897102, "params": {"gamma": 5.810259742677521, "lr": 0.2529801127201884}, "datetime": {"datetime": "2024-06-13 17:05:00", "elapsed": 3.405884, "delta": 0.003498}}
{"target": -1398.3019666278633, "params": {"gamma": 6.495018612739509, "lr": 0.71582695285818}, "datetime": {"datetime": "2024-06-13 17:05:00", "elapsed": 3.409873, "delta": 0.003989}}
{"target": -1051.050831606564, "params": {"gamma": 5.242331960072044, "lr": 0.6575214077031101}, "datetime": {"datetime": "2024-06-13 17:05:00", "elapsed": 3.413863, "delta": 0.00399}}
{"target": -1820.2063147120311, "params": {"gamma": 8.133125159405232, "lr": 0.8075122716430321}, "datetime": {"datetime": "2024-06-13 17:05:00", "elapsed": 3.418402, "delta": 0.004539}}
{"target": -1051.1894275380102, "params": {"gamma": 6.197200238546574, "lr": 0.45110246212077487}, "datetime": {"datetime": "2024-06-13 17:05:00", "elapsed": 3.42239, "delta": 0.003988}}
{"target": -963.4540865387108, "params": {"gamma": 4.080091940484627, "lr": 0.8747476199043634}, "datetime": {"datetime": "2024-06-13 17:05:00", "elapsed": 3.426379, "delta": 0.003989}}
{"target": -1369.0912337020848, "params": {"gamma": 7.029614389411599, "lr": 0.18493502237340165}, "datetime": {"datetime": "2024-06-13 17:05:00", "elapsed": 3.430368, "delta": 0.003989}}
{"target": -1353.0397272243256, "params": {"gamma": 5.657755734146004, "lr": 0.9088080323000569}, "datetime": {"datetime": "2024-06-13 17:05:00", "elapsed": 3.434357, "delta": 0.003989}}
{"target": -369.86856673970266, "params": {"gamma": 1.5077492324904636, "lr": 0.8455176755307064}, "datetime": {"datetime": "2024-06-13 17:05:00", "elapsed": 3.438347, "delta": 0.00399}}
{"target": -1371.5219683989267, "params": {"gamma": 8.202204460687183, "lr": 0.4993411012978345}, "datetime": {"datetime": "2024-06-13 17:05:00", "elapsed": 3.442336, "delta": 0.003989}}
{"target": -159.27647143271025, "params": {"gamma": 0.37680093100554635, "lr": 0.14750250539693543}, "datetime": {"datetime": "2024-06-13 17:05:00", "elapsed": 3.446326, "delta": 0.00399}}
{"target": -3558.9531467365973, "params": {"gamma": 9.226464308192023, "lr": 0.04415479603186245}, "datetime": {"datetime": "2024-06-13 17:05:00", "elapsed": 3.451312, "delta": 0.004986}}
{"target": -751.9952791971903, "params": {"gamma": 3.7256151652871896, "lr": 0.6190396347254709}, "datetime": {"datetime": "2024-06-13 17:05:00", "elapsed": 3.455301, "delta": 0.003989}}
{"target": -502.6733264905981, "params": {"gamma": 1.9702834411012529, "lr": 0.9810797572402973}, "datetime": {"datetime": "2024-06-13 17:05:00", "elapsed": 3.458293, "delta": 0.002992}}
{"target": -317.416169690665, "params": {"gamma": 1.5605963552011808, "lr": 0.5396791951612744}, "datetime": {"datetime": "2024-06-13 17:05:00", "elapsed": 3.462283, "delta": 0.00399}}
{"target": -1053.5541306014884, "params": {"gamma": 6.180495232142101, "lr": 0.2309899486697039}, "datetime": {"datetime": "2024-06-13 17:05:00", "elapsed": 3.466272, "delta": 0.003989}}
{"target": -790.1757675445656, "params": {"gamma": 4.663623583104205, "lr": 0.49100852913292925}, "datetime": {"datetime": "2024-06-13 17:05:00", "elapsed": 3.470261, "delta": 0.003989}}
{"target": -1541.8275607451178, "params": {"gamma": 7.668856900889094, "lr": 0.6342807527738734}, "datetime": {"datetime": "2024-06-13 17:05:00", "elapsed": 3.474251, "delta": 0.00399}}
{"target": -1012.1911385286276, "params": {"gamma": 4.676032980600331, "lr": 0.6669425431939752}, "datetime": {"datetime": "2024-06-13 17:05:00", "elapsed": 3.47824, "delta": 0.003989}}
