{"target": -240.36873023178921, "params": {"p_ai": 4.4657816155356675, "p_al": 2.357135848615219, "p_ex": 9.36540396422141, "prior": 6.192469585732864, "rate": 8.645897035050032}, "datetime": {"datetime": "2024-06-13 09:20:38", "elapsed": 209.586891, "delta": 0.108349}}
{"target": -130.88020788349894, "params": {"p_ai": 1.282005745817034, "p_al": 4.412942570473553, "p_ex": 8.575682143149248, "prior": 8.982037953044289, "rate": 8.772761648279566}, "datetime": {"datetime": "2024-06-13 09:20:39", "elapsed": 209.693799, "delta": 0.106908}}
{"target": -411.8746269423853, "params": {"p_ai": 6.255094516482575, "p_al": 7.581360105825246, "p_ex": 6.755308180003398, "prior": 8.451789636967945, "rate": 6.32484141935293}, "datetime": {"datetime": "2024-06-13 09:20:39", "elapsed": 209.801512, "delta": 0.107713}}
{"target": -374.2954098364728, "params": {"p_ai": 1.7197256280146134, "p_al": 6.505549393951734, "p_ex": 4.553944860862338, "prior": 0.5894475654255449, "rate": 5.3590922745746745}, "datetime": {"datetime": "2024-06-13 09:20:39", "elapsed": 209.912937, "delta": 0.111425}}
{"target": -432.2312134284309, "params": {"p_ai": 4.393482215124105, "p_al": 8.747389417664913, "p_ex": 6.607572295198009, "prior": 2.608620400961451, "rate": 2.1684377884048662}, "datetime": {"datetime": "2024-06-13 09:20:39", "elapsed": 210.01887, "delta": 0.105933}}
{"target": -179.49651667176315, "params": {"p_ai": 0.9741343125990107, "p_al": 4.6919722422118255, "p_ex": 3.49864716108863, "prior": 5.773912930700538, "rate": 0.5703629844543111}, "datetime": {"datetime": "2024-06-13 09:20:39", "elapsed": 210.123591, "delta": 0.104721}}
{"target": -241.36340376911983, "params": {"p_ai": 2.499922353769078, "p_al": 5.1234334402008574, "p_ex": 3.760205919567236, "prior": 6.269392688573962, "rate": 3.732826110384206}, "datetime": {"datetime": "2024-06-13 09:20:39", "elapsed": 210.229325, "delta": 0.105734}}
{"target": -369.74126050699516, "params": {"p_ai": 4.603671029238606, "p_al": 2.3429211183676726, "p_ex": 2.996592129373345, "prior": 1.1537282156041937, "rate": 7.72462135063049}, "datetime": {"datetime": "2024-06-13 09:20:39", "elapsed": 210.33555, "delta": 0.106225}}
{"target": -545.1532194613361, "params": {"p_ai": 7.939035508710159, "p_al": 0.44031459326531047, "p_ex": 1.6104517992516383, "prior": 8.028774521030188, "rate": 9.104856994771925}, "datetime": {"datetime": "2024-06-13 09:20:39", "elapsed": 210.440816, "delta": 0.105266}}
{"target": -325.8684538451126, "params": {"p_ai": 3.6925387525356554, "p_al": 6.753429509418871, "p_ex": 1.900747060859965, "prior": 8.712451966416536, "rate": 8.247238520857891}, "datetime": {"datetime": "2024-06-13 09:20:39", "elapsed": 210.554199, "delta": 0.113383}}
{"target": -192.70122308672072, "params": {"p_ai": 2.5008789009692247, "p_al": 5.928901706805605, "p_ex": 7.3578939279952476, "prior": 8.838553387439257, "rate": 4.677811991869022}, "datetime": {"datetime": "2024-06-13 09:20:40", "elapsed": 210.669284, "delta": 0.115085}}
{"target": -159.59182093664316, "params": {"p_ai": 1.3470733481294213, "p_al": 1.094841814191649, "p_ex": 5.297243675558832, "prior": 0.49383643442013075, "rate": 6.209338226934207}, "datetime": {"datetime": "2024-06-13 09:20:40", "elapsed": 210.778023, "delta": 0.108739}}
{"target": -151.28641490541528, "params": {"p_ai": 0.3342487213443545, "p_al": 0.2128158500293292, "p_ex": 0.7530176178456772, "prior": 3.6809175726662704, "rate": 3.818141513157325}, "datetime": {"datetime": "2024-06-13 09:20:40", "elapsed": 210.882713, "delta": 0.10469}}
{"target": -494.0778763442716, "params": {"p_ai": 7.669934398787617, "p_al": 8.459621377194617, "p_ex": 7.272280709633233, "prior": 8.844447408912934, "rate": 5.749449999119452}, "datetime": {"datetime": "2024-06-13 09:20:40", "elapsed": 210.987422, "delta": 0.104709}}
{"target": -671.56251181559, "params": {"p_ai": 9.398903366834306, "p_al": 9.06798682019018, "p_ex": 4.48492000028398, "prior": 4.797781289050013, "rate": 8.566736123057751}, "datetime": {"datetime": "2024-06-13 09:20:40", "elapsed": 211.092776, "delta": 0.105354}}
{"target": -495.32250961223696, "params": {"p_ai": 3.984662715258157, "p_al": 9.420055749190025, "p_ex": 2.933826269617242, "prior": 2.590815299665099, "rate": 1.0901714124352648}, "datetime": {"datetime": "2024-06-13 09:20:40", "elapsed": 211.199463, "delta": 0.106687}}
{"target": -202.6721523985897, "params": {"p_ai": 2.471187095298555, "p_al": 5.3779986604796, "p_ex": 9.802393583495558, "prior": 2.0780894529072613, "rate": 5.470652839172488}, "datetime": {"datetime": "2024-06-13 09:20:40", "elapsed": 211.305663, "delta": 0.1062}}
{"target": -642.531982714778, "params": {"p_ai": 8.784026964746444, "p_al": 5.897029210758115, "p_ex": 8.352926533735896, "prior": 2.393615931358836, "rate": 0.7317241750859406}, "datetime": {"datetime": "2024-06-13 09:20:40", "elapsed": 211.411207, "delta": 0.105544}}
{"target": -548.1032308937728, "params": {"p_ai": 9.529711071203222, "p_al": 1.12415740911268, "p_ex": 8.024162561181278, "prior": 6.51049956673395, "rate": 8.651276327807269}, "datetime": {"datetime": "2024-06-13 09:20:40", "elapsed": 211.516925, "delta": 0.105718}}
{"target": -344.5903644214653, "params": {"p_ai": 6.297865904193896, "p_al": 2.982484717370885, "p_ex": 9.314887904714922, "prior": 6.923328164237853, "rate": 8.766491081598325}, "datetime": {"datetime": "2024-06-13 09:20:41", "elapsed": 211.622673, "delta": 0.105748}}
{"target": -481.620012378683, "params": {"p_ai": 8.155107426895412, "p_al": 1.3608872102611669, "p_ex": 6.994424876763647, "prior": 6.810378925463789, "rate": 7.558203771887153}, "datetime": {"datetime": "2024-06-13 09:20:41", "elapsed": 211.728787, "delta": 0.106114}}
{"target": -656.4207947187925, "params": {"p_ai": 7.996706469346298, "p_al": 9.414519270096738, "p_ex": 0.6524073948204284, "prior": 5.086641906303749, "rate": 4.997070133205862}, "datetime": {"datetime": "2024-06-13 09:20:41", "elapsed": 211.834538, "delta": 0.105751}}
{"target": -541.9249722270391, "params": {"p_ai": 7.0079414003989475, "p_al": 9.95603813701815, "p_ex": 9.079903831413358, "prior": 2.9695743927041773, "rate": 3.3582093092894074}, "datetime": {"datetime": "2024-06-13 09:20:41", "elapsed": 211.939905, "delta": 0.105367}}
{"target": -580.1173115301149, "params": {"p_ai": 8.201886874036, "p_al": 3.6167752366875074, "p_ex": 3.254424386140797, "prior": 4.447593325863283, "rate": 2.7719288711687775}, "datetime": {"datetime": "2024-06-13 09:20:41", "elapsed": 212.046109, "delta": 0.106204}}
{"target": -543.1634800745373, "params": {"p_ai": 7.490303509857709, "p_al": 4.527305674218615, "p_ex": 1.6400712810933544, "prior": 9.904617162543863, "rate": 3.380634836004196}, "datetime": {"datetime": "2024-06-13 09:20:41", "elapsed": 212.150973, "delta": 0.104864}}
{"target": -235.4180507458876, "params": {"p_ai": 3.0182894374658042, "p_al": 2.2540360879178154, "p_ex": 4.258012506403847, "prior": 6.951510100013808, "rate": 6.024463090968305}, "datetime": {"datetime": "2024-06-13 09:20:41", "elapsed": 212.256504, "delta": 0.105531}}
{"target": -165.468882293347, "params": {"p_ai": 1.8154277802533894, "p_al": 2.646352911067262, "p_ex": 5.982902835498565, "prior": 8.580609180581801, "rate": 4.129748274092657}, "datetime": {"datetime": "2024-06-13 09:20:41", "elapsed": 212.362036, "delta": 0.105532}}
{"target": -177.05802347819358, "params": {"p_ai": 2.159265882128531, "p_al": 3.234561011888553, "p_ex": 6.9172126440284645, "prior": 7.009786877455434, "rate": 2.234282424435185}, "datetime": {"datetime": "2024-06-13 09:20:41", "elapsed": 212.467973, "delta": 0.105937}}
{"target": -379.5981791377114, "params": {"p_ai": 3.9655599000973614, "p_al": 6.993599747463365, "p_ex": 7.206028835833273, "prior": 1.3060269515928042, "rate": 6.094130941477607}, "datetime": {"datetime": "2024-06-13 09:20:41", "elapsed": 212.573287, "delta": 0.105314}}
{"target": -613.9819322735265, "params": {"p_ai": 8.860780604176751, "p_al": 5.824031202572268, "p_ex": 3.072782268537545, "prior": 7.451659090914785, "rate": 9.776990621630928}, "datetime": {"datetime": "2024-06-13 09:20:42", "elapsed": 212.678533, "delta": 0.105246}}
{"target": -721.0266810847952, "params": {"p_ai": 9.04633231716986, "p_al": 8.716160144918383, "p_ex": 0.003922193057461108, "prior": 5.826579941183415, "rate": 2.6279371999932573}, "datetime": {"datetime": "2024-06-13 09:20:42", "elapsed": 212.78376, "delta": 0.105227}}
{"target": -481.02483565217756, "params": {"p_ai": 8.130244891969703, "p_al": 5.23526283745264, "p_ex": 8.939108850131829, "prior": 5.237925787644913, "rate": 8.911460302578277}, "datetime": {"datetime": "2024-06-13 09:20:42", "elapsed": 212.889477, "delta": 0.105717}}
{"target": -302.58608487581955, "params": {"p_ai": 4.497764508230413, "p_al": 5.615436937758651, "p_ex": 8.125032960357574, "prior": 4.032314414262975, "rate": 5.687113316080488}, "datetime": {"datetime": "2024-06-13 09:20:42", "elapsed": 212.995126, "delta": 0.105649}}
{"target": -565.9494011684498, "params": {"p_ai": 8.984714318038437, "p_al": 4.8467417158094594, "p_ex": 5.906300764710574, "prior": 9.363857452858312, "rate": 8.83263271940978}, "datetime": {"datetime": "2024-06-13 09:20:42", "elapsed": 213.100454, "delta": 0.105328}}
{"target": -652.7724541230244, "params": {"p_ai": 7.577434997922026, "p_al": 7.112598718301506, "p_ex": 8.192131754208267, "prior": 1.0617119662258163, "rate": 3.810952160479885}, "datetime": {"datetime": "2024-06-13 09:20:42", "elapsed": 213.205146, "delta": 0.104692}}
{"target": -459.14705774765434, "params": {"p_ai": 5.458359106284024, "p_al": 8.585235455408231, "p_ex": 1.4648771670928944, "prior": 7.140681245430711, "rate": 5.910080443703744}, "datetime": {"datetime": "2024-06-13 09:20:42", "elapsed": 213.310862, "delta": 0.105716}}
{"target": -342.89686161296936, "params": {"p_ai": 6.0875909936487345, "p_al": 3.726815752106986, "p_ex": 9.15830642449183, "prior": 7.13933726242808, "rate": 6.683325835506722}, "datetime": {"datetime": "2024-06-13 09:20:42", "elapsed": 213.416742, "delta": 0.10588}}
{"target": -257.50043467184827, "params": {"p_ai": 2.2154321038106217, "p_al": 8.1289389260247, "p_ex": 4.95904725217079, "prior": 5.084200781464436, "rate": 0.8482490698586993}, "datetime": {"datetime": "2024-06-13 09:20:42", "elapsed": 213.523425, "delta": 0.106683}}
{"target": -415.2751395304953, "params": {"p_ai": 4.373244258236222, "p_al": 8.632149255500682, "p_ex": 6.802683723363489, "prior": 1.8950581131297959, "rate": 5.841148942244931}, "datetime": {"datetime": "2024-06-13 09:20:43", "elapsed": 213.628642, "delta": 0.105217}}
{"target": -585.1255066906139, "params": {"p_ai": 9.440120998803936, "p_al": 5.075095122577021, "p_ex": 9.674056937250327, "prior": 3.663304010988193, "rate": 2.9081982683005547}, "datetime": {"datetime": "2024-06-13 09:20:43", "elapsed": 213.735271, "delta": 0.106629}}
{"target": -629.5462961770304, "params": {"p_ai": 8.398665743541141, "p_al": 8.697381609098198, "p_ex": 2.017460785212376, "prior": 7.194800422731128, "rate": 5.921473523245135}, "datetime": {"datetime": "2024-06-13 09:20:43", "elapsed": 213.839848, "delta": 0.104577}}
{"target": -520.1982207802657, "params": {"p_ai": 8.94522136625385, "p_al": 1.4953085457292612, "p_ex": 7.630508798302322, "prior": 6.89986272904379, "rate": 7.950362828454771}, "datetime": {"datetime": "2024-06-13 09:20:43", "elapsed": 213.947071, "delta": 0.107223}}
{"target": -346.1428788946063, "params": {"p_ai": 4.5334216455871585, "p_al": 2.285080750396072, "p_ex": 2.8612639050635336, "prior": 3.0437248840947517, "rate": 8.402831110698429}, "datetime": {"datetime": "2024-06-13 09:20:43", "elapsed": 214.051629, "delta": 0.104558}}
{"target": -405.91390734663923, "params": {"p_ai": 5.372038987196228, "p_al": 5.636276018949885, "p_ex": 2.8423948482288677, "prior": 8.341748975598378, "rate": 7.049602636525978}, "datetime": {"datetime": "2024-06-13 09:20:43", "elapsed": 214.156348, "delta": 0.104719}}
{"target": -509.7152700523681, "params": {"p_ai": 8.781517473429453, "p_al": 1.3161352297481828, "p_ex": 8.496128765204425, "prior": 0.5220714718378262, "rate": 8.771411721092127}, "datetime": {"datetime": "2024-06-13 09:20:43", "elapsed": 214.265088, "delta": 0.10874}}
{"target": -246.1896065209896, "params": {"p_ai": 2.398175280570108, "p_al": 8.856757888094753, "p_ex": 3.7937200294297595, "prior": 8.429330555103737, "rate": 5.396590617151947}, "datetime": {"datetime": "2024-06-13 09:20:43", "elapsed": 214.377756, "delta": 0.112668}}
{"target": -597.4088975952174, "params": {"p_ai": 5.642190342955606, "p_al": 9.84022894951784, "p_ex": 9.63751153551982, "prior": 1.1441289022704242, "rate": 3.6421150962027857}, "datetime": {"datetime": "2024-06-13 09:20:43", "elapsed": 214.483046, "delta": 0.10529}}
{"target": -268.38772903776857, "params": {"p_ai": 2.506212038324754, "p_al": 4.483507611579368, "p_ex": 1.2644028687416509, "prior": 5.116170822812115, "rate": 8.655956316551622}, "datetime": {"datetime": "2024-06-13 09:20:43", "elapsed": 214.588765, "delta": 0.105719}}
{"target": -276.50635507938165, "params": {"p_ai": 3.524182459137863, "p_al": 1.557248674792178, "p_ex": 3.0733042597656954, "prior": 7.429002665405236, "rate": 0.9136723471660736}, "datetime": {"datetime": "2024-06-13 09:20:44", "elapsed": 214.694486, "delta": 0.105721}}
{"target": -671.8390672726634, "params": {"p_ai": 7.356081525521679, "p_al": 6.139605696996387, "p_ex": 7.4028472256456945, "prior": 0.09148820794806983, "rate": 7.205005956911262}, "datetime": {"datetime": "2024-06-13 09:20:44", "elapsed": 214.801171, "delta": 0.106685}}
{"target": -327.9613191702816, "params": {"p_ai": 3.20652192916414, "p_al": 6.330086992140342, "p_ex": 0.5393129725551014, "prior": 5.564785932218573, "rate": 9.416039732034474}, "datetime": {"datetime": "2024-06-13 09:20:44", "elapsed": 214.907885, "delta": 0.106714}}
{"target": -285.2494760221227, "params": {"p_ai": 3.2015370071173717, "p_al": 5.227843986477157, "p_ex": 4.077705890820247, "prior": 5.69696279590871, "rate": 0.6841180889586145}, "datetime": {"datetime": "2024-06-13 09:20:44", "elapsed": 215.014357, "delta": 0.106472}}
{"target": -346.5642154226723, "params": {"p_ai": 3.619441042802784, "p_al": 5.207068985721982, "p_ex": 0.8491598305113975, "prior": 4.677000648386591, "rate": 7.722524554423631}, "datetime": {"datetime": "2024-06-13 09:20:44", "elapsed": 215.119076, "delta": 0.104719}}
{"target": -440.4029061091216, "params": {"p_ai": 4.4305910985625685, "p_al": 3.9098719950651493, "p_ex": 2.7294917556221026, "prior": 0.519464887551938, "rate": 7.61845485482411}, "datetime": {"datetime": "2024-06-13 09:20:44", "elapsed": 215.223827, "delta": 0.104751}}
{"target": -383.9872944066867, "params": {"p_ai": 4.858303293752173, "p_al": 1.614305665250888, "p_ex": 0.6617195267770156, "prior": 7.57924671380558, "rate": 5.884534108373207}, "datetime": {"datetime": "2024-06-13 09:20:44", "elapsed": 215.328546, "delta": 0.104719}}
{"target": -347.92010999970813, "params": {"p_ai": 5.588089049819353, "p_al": 2.0640425222684375, "p_ex": 5.943811569671102, "prior": 9.342191524625699, "rate": 7.255065057177155}, "datetime": {"datetime": "2024-06-13 09:20:44", "elapsed": 215.434233, "delta": 0.105687}}
{"target": -358.731893808743, "params": {"p_ai": 5.866398132628953, "p_al": 8.653086394752902, "p_ex": 9.965692892765754, "prior": 8.651215789322743, "rate": 1.792646185609348}, "datetime": {"datetime": "2024-06-13 09:20:44", "elapsed": 215.538535, "delta": 0.104302}}
{"target": -569.2153574399706, "params": {"p_ai": 6.946946260957495, "p_al": 2.963016051488197, "p_ex": 0.5962774150678829, "prior": 1.0813285195441542, "rate": 7.628174982654579}, "datetime": {"datetime": "2024-06-13 09:20:45", "elapsed": 215.644755, "delta": 0.10622}}
{"target": -102.04976050942588, "params": {"p_ai": 0.001, "p_al": 0.001, "p_ex": 10.0, "prior": 10.0, "rate": 0.001}, "datetime": {"datetime": "2024-06-13 09:21:27", "elapsed": 257.648731, "delta": 42.003976}}
{"target": -119.33271783449054, "params": {"p_ai": 0.001, "p_al": 0.001, "p_ex": 10.0, "prior": 0.001, "rate": 10.0}, "datetime": {"datetime": "2024-06-13 09:21:50", "elapsed": 281.513975, "delta": 23.865244}}
{"target": -100.97668585525987, "params": {"p_ai": 0.001, "p_al": 0.001, "p_ex": 10.0, "prior": 0.31235875575011784, "rate": 3.754521631848432}, "datetime": {"datetime": "2024-06-13 09:22:23", "elapsed": 314.228929, "delta": 32.714954}}
{"target": -100.11978277236437, "params": {"p_ai": 0.001, "p_al": 0.001, "p_ex": 10.0, "prior": 10.0, "rate": 10.0}, "datetime": {"datetime": "2024-06-13 09:22:44", "elapsed": 335.379284, "delta": 21.150355}}
{"target": -100.81807766597052, "params": {"p_ai": 0.001, "p_al": 0.001, "p_ex": 10.0, "prior": 10.0, "rate": 4.877327649497956}, "datetime": {"datetime": "2024-06-13 09:23:06", "elapsed": 357.073203, "delta": 21.693919}}
{"target": -145.59493798267064, "params": {"p_ai": 0.001, "p_al": 0.001, "p_ex": 0.001, "prior": 2.7929668990413017, "rate": 0.001}, "datetime": {"datetime": "2024-06-13 09:23:25", "elapsed": 376.369427, "delta": 19.296224}}
{"target": -115.6491123113603, "params": {"p_ai": 0.001, "p_al": 10.0, "p_ex": 10.0, "prior": 10.0, "rate": 0.001}, "datetime": {"datetime": "2024-06-13 09:23:49", "elapsed": 400.529338, "delta": 24.159911}}
{"target": -116.90474941618747, "params": {"p_ai": 0.001, "p_al": 0.001, "p_ex": 4.8580388358472275, "prior": 10.0, "rate": 10.0}, "datetime": {"datetime": "2024-06-13 09:24:25", "elapsed": 436.045718, "delta": 35.51638}}
{"target": -99.63802413179056, "params": {"p_ai": 0.001, "p_al": 0.001, "p_ex": 10.0, "prior": 5.9525123942385445, "rate": 10.0}, "datetime": {"datetime": "2024-06-13 09:24:49", "elapsed": 460.082633, "delta": 24.036915}}
{"target": -111.09636060185265, "params": {"p_ai": 0.001, "p_al": 0.001, "p_ex": 6.07586875444985, "prior": 0.9840590548129252, "rate": 10.0}, "datetime": {"datetime": "2024-06-13 09:25:09", "elapsed": 479.986697, "delta": 19.904064}}
{"target": -102.05004725817984, "params": {"p_ai": 0.001, "p_al": 0.001, "p_ex": 10.0, "prior": 6.231919541283515, "rate": 0.001}, "datetime": {"datetime": "2024-06-13 09:25:28", "elapsed": 498.874416, "delta": 18.887719}}
{"target": -111.0332311860919, "params": {"p_ai": 0.001, "p_al": 0.001, "p_ex": 6.6514092616302705, "prior": 10.0, "rate": 0.001}, "datetime": {"datetime": "2024-06-13 09:25:51", "elapsed": 521.791276, "delta": 22.91686}}
{"target": -109.1230486032106, "params": {"p_ai": 0.001, "p_al": 7.115275856049108, "p_ex": 10.0, "prior": 10.0, "rate": 2.6022570944221535}, "datetime": {"datetime": "2024-06-13 09:26:22", "elapsed": 552.833008, "delta": 31.041732}}
{"target": -100.45648613800543, "params": {"p_ai": 0.001, "p_al": 1.6555220588016355, "p_ex": 10.0, "prior": 2.3796292957222502, "rate": 10.0}, "datetime": {"datetime": "2024-06-13 09:26:42", "elapsed": 572.726971, "delta": 19.893963}}
{"target": -108.82868960094565, "params": {"p_ai": 0.001, "p_al": 5.7385853468562855, "p_ex": 10.0, "prior": 10.0, "rate": 0.001}, "datetime": {"datetime": "2024-06-13 09:27:08", "elapsed": 599.324303, "delta": 26.597332}}
{"target": -114.05459807405674, "params": {"p_ai": 0.001, "p_al": 0.001, "p_ex": 5.431985684035345, "prior": 1.3885255320530268, "rate": 2.36302377062234}, "datetime": {"datetime": "2024-06-13 09:27:39", "elapsed": 630.532793, "delta": 31.20849}}
{"target": -105.10068750304103, "params": {"p_ai": 0.001, "p_al": 5.456212591838606, "p_ex": 10.0, "prior": 5.40665016127166, "rate": 10.0}, "datetime": {"datetime": "2024-06-13 09:28:07", "elapsed": 658.268003, "delta": 27.73521}}
{"target": -105.54476405599685, "params": {"p_ai": 0.001, "p_al": 2.2778225561076595, "p_ex": 10.0, "prior": 2.250047301173844, "rate": 3.8657359760883425}, "datetime": {"datetime": "2024-06-13 09:28:47", "elapsed": 697.673198, "delta": 39.405195}}
{"target": -100.3436639485605, "params": {"p_ai": 0.001, "p_al": 0.001, "p_ex": 10.0, "prior": 6.764329323982917, "rate": 5.419628877621066}, "datetime": {"datetime": "2024-06-13 09:29:20", "elapsed": 731.233858, "delta": 33.56066}}
{"target": -108.2680080829911, "params": {"p_ai": 0.001, "p_al": 10.0, "p_ex": 10.0, "prior": 10.0, "rate": 10.0}, "datetime": {"datetime": "2024-06-13 09:29:44", "elapsed": 754.883764, "delta": 23.649906}}
{"target": -101.280940162733, "params": {"p_ai": 0.001, "p_al": 0.001, "p_ex": 10.0, "prior": 8.259709507937833, "rate": 2.1964291212082743}, "datetime": {"datetime": "2024-06-13 09:30:28", "elapsed": 798.722744, "delta": 43.83898}}
{"target": -100.65837274111648, "params": {"p_ai": 0.001, "p_al": 2.2714378644988193, "p_ex": 10.0, "prior": 7.54502970830221, "rate": 10.0}, "datetime": {"datetime": "2024-06-13 09:31:04", "elapsed": 834.868079, "delta": 36.145335}}
{"target": -109.75651875401738, "params": {"p_ai": 0.001, "p_al": 0.001, "p_ex": 6.525001165290627, "prior": 6.031023425685347, "rate": 10.0}, "datetime": {"datetime": "2024-06-13 09:31:37", "elapsed": 867.784655, "delta": 32.916576}}
{"target": -117.60126164422425, "params": {"p_ai": 0.001, "p_al": 7.841068363267537, "p_ex": 10.0, "prior": 2.9649271014795873, "rate": 10.0}, "datetime": {"datetime": "2024-06-13 09:32:04", "elapsed": 895.444689, "delta": 27.660034}}
{"target": -145.5854620505567, "params": {"p_ai": 0.001, "p_al": 0.001, "p_ex": 0.001, "prior": 10.0, "rate": 10.0}, "datetime": {"datetime": "2024-06-13 09:32:29", "elapsed": 920.45571, "delta": 25.011021}}
