{"target": -293.1124650579538, "params": {"gamma": 6.250711640076693, "prior": 6.634028573401182, "rate": 7.340553331594224}, "datetime": {"datetime": "2024-06-14 05:32:56", "elapsed": 18.456328, "delta": 0.009974}}
{"target": -250.05225976428395, "params": {"gamma": 5.54904548691878, "prior": 1.162819548016187, "rate": 6.403837458691426}, "datetime": {"datetime": "2024-06-14 05:32:56", "elapsed": 18.466301, "delta": 0.009973}}
{"target": -290.799725197186, "params": {"gamma": 6.705637999047665, "prior": 2.5760592163646616, "rate": 9.48280432589309}, "datetime": {"datetime": "2024-06-14 05:32:56", "elapsed": 18.477272, "delta": 0.010971}}
{"target": -235.1199787774114, "params": {"gamma": 4.527038501594155, "prior": 8.680484824940818, "rate": 6.5311578451151915}, "datetime": {"datetime": "2024-06-14 05:32:56", "elapsed": 18.487245, "delta": 0.009973}}
{"target": -287.6478281748693, "params": {"gamma": 6.165734558182161, "prior": 5.53906870999164, "rate": 6.4760270347112066}, "datetime": {"datetime": "2024-06-14 05:32:56", "elapsed": 18.497218, "delta": 0.009973}}
{"target": -400.0285819237316, "params": {"gamma": 8.443508165581074, "prior": 7.79110035202588, "rate": 6.726602036977152}, "datetime": {"datetime": "2024-06-14 05:32:56", "elapsed": 18.508189, "delta": 0.010971}}
{"target": -126.4224215571215, "params": {"gamma": 0.31942149138614195, "prior": 0.18607824607212345, "rate": 3.5860179122930487}, "datetime": {"datetime": "2024-06-14 05:32:56", "elapsed": 18.519473, "delta": 0.011284}}
{"target": -157.1213287633532, "params": {"gamma": 0.30730757815686666, "prior": 5.226689787064359, "rate": 0.036535454134401193}, "datetime": {"datetime": "2024-06-14 05:32:56", "elapsed": 18.529447, "delta": 0.009974}}
{"target": -222.85974290725224, "params": {"gamma": 4.80782326402619, "prior": 3.8383252631823646, "rate": 9.57468291548391}, "datetime": {"datetime": "2024-06-14 05:32:56", "elapsed": 18.540417, "delta": 0.01097}}
{"target": -118.66282047665827, "params": {"gamma": 0.5594796463757505, "prior": 0.7453906352106907, "rate": 8.492816205896958}, "datetime": {"datetime": "2024-06-14 05:32:56", "elapsed": 18.551388, "delta": 0.010971}}
{"target": -510.0244123442996, "params": {"gamma": 7.95278352446082, "prior": 9.364876906499536, "rate": 0.7832882493134576}, "datetime": {"datetime": "2024-06-14 05:32:56", "elapsed": 18.561361, "delta": 0.009973}}
{"target": -317.9798433117817, "params": {"gamma": 6.201377645038051, "prior": 5.192608250406824, "rate": 3.2164188746044267}, "datetime": {"datetime": "2024-06-14 05:32:56", "elapsed": 18.572332, "delta": 0.010971}}
{"target": -406.9876662117886, "params": {"gamma": 6.108503694482293, "prior": 9.188970106003065, "rate": 0.6265924993176286}, "datetime": {"datetime": "2024-06-14 05:32:56", "elapsed": 18.582305, "delta": 0.009973}}
{"target": -299.061700653184, "params": {"gamma": 6.597601675698143, "prior": 2.9231979136433965, "rate": 4.05507146708443}, "datetime": {"datetime": "2024-06-14 05:32:56", "elapsed": 18.592278, "delta": 0.009973}}
{"target": -363.58783835582216, "params": {"gamma": 8.497095650065528, "prior": 1.3051221032419362, "rate": 8.429867764940202}, "datetime": {"datetime": "2024-06-14 05:32:56", "elapsed": 18.603249, "delta": 0.010971}}
{"target": -209.53622266204232, "params": {"gamma": 4.043023200888809, "prior": 9.840486039447793, "rate": 9.180238599391384}, "datetime": {"datetime": "2024-06-14 05:32:56", "elapsed": 18.613222, "delta": 0.009973}}
{"target": -217.50072102324228, "params": {"gamma": 4.077336153001339, "prior": 3.0494110501065124, "rate": 2.210242885260159}, "datetime": {"datetime": "2024-06-14 05:32:56", "elapsed": 18.628439, "delta": 0.015217}}
{"target": -144.5666191587337, "params": {"gamma": 2.178141660255354, "prior": 7.710506836041361, "rate": 7.554669376147851}, "datetime": {"datetime": "2024-06-14 05:32:56", "elapsed": 18.641404, "delta": 0.012965}}
{"target": -407.28568747517113, "params": {"gamma": 9.782554060479685, "prior": 0.9247667416835517, "rate": 2.20261362016969}, "datetime": {"datetime": "2024-06-14 05:32:56", "elapsed": 18.651378, "delta": 0.009974}}
{"target": -450.0065813253167, "params": {"gamma": 9.837125648386799, "prior": 5.509106350626703, "rate": 5.537150485250019}, "datetime": {"datetime": "2024-06-14 05:32:56", "elapsed": 18.662348, "delta": 0.01097}}
{"target": -194.43270529438288, "params": {"gamma": 3.4883611819824956, "prior": 7.06748571585924, "rate": 4.998138049601288}, "datetime": {"datetime": "2024-06-14 05:32:56", "elapsed": 18.672321, "delta": 0.009973}}
{"target": -335.9984963641556, "params": {"gamma": 4.695463118034527, "prior": 5.542751161345011, "rate": 0.25277683452447997}, "datetime": {"datetime": "2024-06-14 05:32:56", "elapsed": 18.683292, "delta": 0.010971}}
{"target": -239.97770903232993, "params": {"gamma": 5.313075133078175, "prior": 1.4163491522539797, "rate": 4.589832013123402}, "datetime": {"datetime": "2024-06-14 05:32:56", "elapsed": 18.693265, "delta": 0.009973}}
{"target": -133.048075863983, "params": {"gamma": 0.8236297527845414, "prior": 8.900720326296751, "rate": 3.7848776219177442}, "datetime": {"datetime": "2024-06-14 05:32:56", "elapsed": 18.704266, "delta": 0.011001}}
{"target": -270.02996199105445, "params": {"gamma": 4.304116749507192, "prior": 7.4464056980919, "rate": 1.5585894193146912}, "datetime": {"datetime": "2024-06-14 05:32:56", "elapsed": 18.71421, "delta": 0.009944}}
{"target": -290.39616550210945, "params": {"gamma": 5.750661895522346, "prior": 5.159372732252272, "rate": 3.6836674731700536}, "datetime": {"datetime": "2024-06-14 05:32:56", "elapsed": 18.724402, "delta": 0.010192}}
{"target": -350.89430939846454, "params": {"gamma": 6.833671828543643, "prior": 7.965413407633205, "rate": 4.677377247445764}, "datetime": {"datetime": "2024-06-14 05:32:56", "elapsed": 18.735373, "delta": 0.010971}}
{"target": -332.91568885436953, "params": {"gamma": 6.273883706867163, "prior": 9.134137256508124, "rate": 4.570261651531608}, "datetime": {"datetime": "2024-06-14 05:32:56", "elapsed": 18.745346, "delta": 0.009973}}
{"target": -129.31120904240493, "params": {"gamma": 1.3510644515976318, "prior": 5.4780076342581925, "rate": 4.300850527874765}, "datetime": {"datetime": "2024-06-14 05:32:56", "elapsed": 18.756317, "delta": 0.010971}}
{"target": -455.0154725883852, "params": {"gamma": 7.6833624868607115, "prior": 7.996978647259612, "rate": 1.719287872743418}, "datetime": {"datetime": "2024-06-14 05:32:56", "elapsed": 18.76629, "delta": 0.009973}}
{"target": -206.94182103276898, "params": {"gamma": 4.379951424269699, "prior": 2.741527848856144, "rate": 9.54693755681465}, "datetime": {"datetime": "2024-06-14 05:32:56", "elapsed": 18.777034, "delta": 0.010744}}
{"target": -431.6193749420073, "params": {"gamma": 9.368784466603346, "prior": 4.400052644616815, "rate": 4.310675867474359}, "datetime": {"datetime": "2024-06-14 05:32:56", "elapsed": 18.787007, "delta": 0.009973}}
{"target": -401.639314456291, "params": {"gamma": 7.465025027815888, "prior": 6.000161900798046, "rate": 2.5914507949566294}, "datetime": {"datetime": "2024-06-14 05:32:56", "elapsed": 18.79698, "delta": 0.009973}}
{"target": -247.50134381889728, "params": {"gamma": 4.832217482249796, "prior": 8.912072929132934, "rate": 6.815859364103486}, "datetime": {"datetime": "2024-06-14 05:32:56", "elapsed": 18.807951, "delta": 0.010971}}
{"target": -323.6490969930925, "params": {"gamma": 5.631702156360547, "prior": 8.779863851817137, "rate": 2.763487550262558}, "datetime": {"datetime": "2024-06-14 05:32:57", "elapsed": 18.818925, "delta": 0.010974}}
{"target": -413.88280442492436, "params": {"gamma": 9.968477906522146, "prior": 2.07841434989855, "rate": 8.398095485642296}, "datetime": {"datetime": "2024-06-14 05:32:57", "elapsed": 18.828895, "delta": 0.00997}}
{"target": -370.0392339697141, "params": {"gamma": 7.423677265955892, "prior": 8.654133782311007, "rate": 5.849590827242212}, "datetime": {"datetime": "2024-06-14 05:32:57", "elapsed": 18.838869, "delta": 0.009974}}
{"target": -143.6294698995871, "params": {"gamma": 2.324580257505538, "prior": 4.8868473200156455, "rate": 8.623889760611993}, "datetime": {"datetime": "2024-06-14 05:32:57", "elapsed": 18.849839, "delta": 0.01097}}
{"target": -341.3859288363741, "params": {"gamma": 7.9782472422770105, "prior": 1.8177543148375053, "rate": 9.922107078907667}, "datetime": {"datetime": "2024-06-14 05:32:57", "elapsed": 18.859813, "delta": 0.009974}}
{"target": -132.10809591508522, "params": {"gamma": 0.30509199963247896, "prior": 3.987219786468616, "rate": 7.544258751962611}, "datetime": {"datetime": "2024-06-14 05:32:57", "elapsed": 18.870783, "delta": 0.01097}}
{"target": -411.0249228502459, "params": {"gamma": 9.737423089296351, "prior": 1.5070537571269909, "rate": 9.240481445983646}, "datetime": {"datetime": "2024-06-14 05:32:57", "elapsed": 18.880756, "delta": 0.009973}}
{"target": -147.88594492166703, "params": {"gamma": 2.1910205215764544, "prior": 5.571121613460873, "rate": 4.328641890073879}, "datetime": {"datetime": "2024-06-14 05:32:57", "elapsed": 18.89073, "delta": 0.009974}}
{"target": -360.71808758901346, "params": {"gamma": 8.080742990009732, "prior": 1.471838851029407, "rate": 1.909508341737192}, "datetime": {"datetime": "2024-06-14 05:32:57", "elapsed": 18.900703, "delta": 0.009973}}
{"target": -253.25403849005417, "params": {"gamma": 5.6755575331194175, "prior": 2.178521665483254, "rate": 8.800046492896152}, "datetime": {"datetime": "2024-06-14 05:32:57", "elapsed": 18.911674, "delta": 0.010971}}
{"target": -284.8338791930633, "params": {"gamma": 5.783951692141619, "prior": 9.126375539251068, "rate": 7.643651482024123}, "datetime": {"datetime": "2024-06-14 05:32:57", "elapsed": 18.921448, "delta": 0.009774}}
{"target": -322.0040026919097, "params": {"gamma": 4.749956447996781, "prior": 6.954842154506416, "rate": 0.5989622103785784}, "datetime": {"datetime": "2024-06-14 05:32:57", "elapsed": 18.932418, "delta": 0.01097}}
{"target": -400.558324778731, "params": {"gamma": 6.3129540540322955, "prior": 9.842067917397047, "rate": 1.1947254178184115}, "datetime": {"datetime": "2024-06-14 05:32:57", "elapsed": 18.942391, "delta": 0.009973}}
{"target": -225.02322343587775, "params": {"gamma": 4.516215172846799, "prior": 0.2834860525337505, "rate": 6.881590456377558}, "datetime": {"datetime": "2024-06-14 05:32:57", "elapsed": 18.952365, "delta": 0.009974}}
{"target": -143.40384500607325, "params": {"gamma": 0.19520689181535128, "prior": 4.607194980262459, "rate": 2.192284951246659}, "datetime": {"datetime": "2024-06-14 05:32:57", "elapsed": 18.963335, "delta": 0.01097}}
{"target": -372.7387287278028, "params": {"gamma": 8.072347745473287, "prior": 6.491810326909217, "rate": 6.663022020111727}, "datetime": {"datetime": "2024-06-14 05:32:57", "elapsed": 18.973309, "delta": 0.009974}}
{"target": -246.70889989300673, "params": {"gamma": 5.49936117147423, "prior": 2.5794193904395852, "rate": 8.157094551477481}, "datetime": {"datetime": "2024-06-14 05:32:57", "elapsed": 18.983282, "delta": 0.009973}}
{"target": -388.97940336543735, "params": {"gamma": 8.801319434535824, "prior": 4.439339280064714, "rate": 5.863711820741532}, "datetime": {"datetime": "2024-06-14 05:32:57", "elapsed": 18.994253, "delta": 0.010971}}
{"target": -306.37520857137184, "params": {"gamma": 6.243379942629359, "prior": 7.303295041403323, "rate": 5.909446588136741}, "datetime": {"datetime": "2024-06-14 05:32:57", "elapsed": 19.004226, "delta": 0.009973}}
{"target": -400.36942568537035, "params": {"gamma": 8.066169168171944, "prior": 8.258471981731269, "rate": 5.56594710415588}, "datetime": {"datetime": "2024-06-14 05:32:57", "elapsed": 19.015197, "delta": 0.010971}}
{"target": -375.0635986215118, "params": {"gamma": 8.829655088096155, "prior": 2.109092556269915, "rate": 4.136740721638024}, "datetime": {"datetime": "2024-06-14 05:32:57", "elapsed": 19.024722, "delta": 0.009525}}
{"target": -279.3223940541638, "params": {"gamma": 6.301468383632087, "prior": 1.1154697020039852, "rate": 7.186717564230962}, "datetime": {"datetime": "2024-06-14 05:32:57", "elapsed": 19.035721, "delta": 0.010999}}
{"target": -233.37206191114623, "params": {"gamma": 4.797353694402805, "prior": 3.852038987367971, "rate": 4.519015226631978}, "datetime": {"datetime": "2024-06-14 05:32:57", "elapsed": 19.045666, "delta": 0.009945}}
{"target": -183.00221966720028, "params": {"gamma": 3.6764939669400882, "prior": 2.471426634522078, "rate": 9.158808384961374}, "datetime": {"datetime": "2024-06-14 05:32:57", "elapsed": 19.055639, "delta": 0.009973}}
{"target": -418.93016947885957, "params": {"gamma": 7.993823586812164, "prior": 3.406006211735859, "rate": 1.691347664222673}, "datetime": {"datetime": "2024-06-14 05:32:57", "elapsed": 19.06661, "delta": 0.010971}}
{"target": -126.08453126795648, "params": {"gamma": 1.1671456351759943, "prior": 7.973795195960528, "rate": 7.020580256606766}, "datetime": {"datetime": "2024-06-14 05:32:57", "elapsed": 19.076583, "delta": 0.009973}}
{"target": -116.63798620762097, "params": {"gamma": 0.7532513187567459, "prior": 1.2542804976959159, "rate": 9.138126532938669}, "datetime": {"datetime": "2024-06-14 05:32:57", "elapsed": 19.086557, "delta": 0.009974}}
{"target": -482.77678922549114, "params": {"gamma": 8.697844167744172, "prior": 2.990329199931283, "rate": 1.0208976946159853}, "datetime": {"datetime": "2024-06-14 05:32:57", "elapsed": 19.097527, "delta": 0.01097}}
{"target": -364.09355516653886, "params": {"gamma": 8.089104924003614, "prior": 0.35911927558226864, "rate": 6.363840611525337}, "datetime": {"datetime": "2024-06-14 05:32:57", "elapsed": 19.107501, "delta": 0.009974}}
{"target": -152.16921767341174, "params": {"gamma": 1.6017100608988064, "prior": 6.947081844135219, "rate": 1.6810289418629691}, "datetime": {"datetime": "2024-06-14 05:32:57", "elapsed": 19.118473, "delta": 0.010972}}
{"target": -178.21866869692892, "params": {"gamma": 3.491138224246637, "prior": 1.3086604715542876, "rate": 2.8715832231230745}, "datetime": {"datetime": "2024-06-14 05:32:57", "elapsed": 19.128445, "delta": 0.009972}}
{"target": -123.60183793153122, "params": {"gamma": 1.2918445291131877, "prior": 4.687523094792548, "rate": 6.494427895595687}, "datetime": {"datetime": "2024-06-14 05:32:57", "elapsed": 19.139416, "delta": 0.010971}}
{"target": -209.75542262265347, "params": {"gamma": 3.945711176055152, "prior": 9.534289164446331, "rate": 7.5488990420267905}, "datetime": {"datetime": "2024-06-14 05:32:57", "elapsed": 19.149389, "delta": 0.009973}}
{"target": -287.0783527754412, "params": {"gamma": 5.444208932057693, "prior": 5.67887663019228, "rate": 3.2067189291281246}, "datetime": {"datetime": "2024-06-14 05:32:57", "elapsed": 19.159362, "delta": 0.009973}}
{"target": -406.2090734336778, "params": {"gamma": 5.1256851497310105, "prior": 7.602335802195582, "rate": 0.019094445132394236}, "datetime": {"datetime": "2024-06-14 05:32:57", "elapsed": 19.170333, "delta": 0.010971}}
{"target": -239.7878306996285, "params": {"gamma": 4.806438381858799, "prior": 9.051149756240171, "rate": 8.49515263986085}, "datetime": {"datetime": "2024-06-14 05:32:57", "elapsed": 19.180306, "delta": 0.009973}}
{"target": -148.18587315844954, "params": {"gamma": 2.210733350081861, "prior": 7.388740776568681, "rate": 5.849151492900638}, "datetime": {"datetime": "2024-06-14 05:32:57", "elapsed": 19.191277, "delta": 0.010971}}
{"target": -257.76020291402267, "params": {"gamma": 5.255835607120612, "prior": 6.648300677217822, "rate": 6.321044057567672}, "datetime": {"datetime": "2024-06-14 05:32:57", "elapsed": 19.20125, "delta": 0.009973}}
{"target": -132.25646569267587, "params": {"gamma": 0.7151025607260231, "prior": 4.226738133427656, "rate": 1.9937729109275177}, "datetime": {"datetime": "2024-06-14 05:32:57", "elapsed": 19.211253, "delta": 0.010003}}
{"target": -311.48683867059015, "params": {"gamma": 7.006133824526521, "prior": 2.8057722884778102, "rate": 4.36475792464087}, "datetime": {"datetime": "2024-06-14 05:32:57", "elapsed": 19.222681, "delta": 0.011428}}
{"target": -375.45841606229186, "params": {"gamma": 8.216434846465544, "prior": 7.852323575275002, "rate": 8.541747338132712}, "datetime": {"datetime": "2024-06-14 05:32:57", "elapsed": 19.232655, "delta": 0.009974}}
{"target": -348.5745595978253, "params": {"gamma": 4.791059397936408, "prior": 9.272297925997325, "rate": 0.31651532588659786}, "datetime": {"datetime": "2024-06-14 05:32:57", "elapsed": 19.242628, "delta": 0.009973}}
{"target": -392.8274906276961, "params": {"gamma": 9.382894180194201, "prior": 3.551425046560445, "rate": 8.128417943848676}, "datetime": {"datetime": "2024-06-14 05:32:57", "elapsed": 19.253599, "delta": 0.010971}}
{"target": -454.7107036211138, "params": {"gamma": 9.483262648120892, "prior": 8.928959309652628, "rate": 6.980493154617331}, "datetime": {"datetime": "2024-06-14 05:32:57", "elapsed": 19.263572, "delta": 0.009973}}
{"target": -356.73746503063774, "params": {"gamma": 6.702161211463432, "prior": 9.738421930452827, "rate": 4.651622241751715}, "datetime": {"datetime": "2024-06-14 05:32:57", "elapsed": 19.274111, "delta": 0.010539}}
{"target": -116.92803998858209, "params": {"gamma": 1.041066599814464, "prior": 0.3390594280462933, "rate": 8.813120742542266}, "datetime": {"datetime": "2024-06-14 05:32:57", "elapsed": 19.285082, "delta": 0.010971}}
{"target": -139.60531208076497, "params": {"gamma": 0.2628840047433559, "prior": 9.513197094050101, "rate": 5.699606506289468}, "datetime": {"datetime": "2024-06-14 05:32:57", "elapsed": 19.295055, "delta": 0.009973}}
{"target": -138.57046931970302, "params": {"gamma": 0.2276005829393028, "prior": 10.0, "rate": 10.0}, "datetime": {"datetime": "2024-06-14 05:33:32", "elapsed": 54.507388, "delta": 35.212333}}
{"target": -118.71458111977078, "params": {"gamma": 0.9249962035433933, "prior": 0.1, "rate": 10.0}, "datetime": {"datetime": "2024-06-14 05:33:56", "elapsed": 77.970981, "delta": 23.463593}}
{"target": -118.42910614961347, "params": {"gamma": 1.220633674292904, "prior": 0.9092677873173748, "rate": 9.920573725370037}, "datetime": {"datetime": "2024-06-14 05:34:34", "elapsed": 116.789618, "delta": 38.818637}}
{"target": -115.69537835463653, "params": {"gamma": 0.8867942238245888, "prior": 0.10594719549451517, "rate": 2.029908252503637}, "datetime": {"datetime": "2024-06-14 05:35:00", "elapsed": 142.649838, "delta": 25.86022}}
{"target": -116.65940187751717, "params": {"gamma": 0.9033140323693235, "prior": 0.8574125792234215, "rate": 4.484992116767823}, "datetime": {"datetime": "2024-06-14 05:35:25", "elapsed": 167.528556, "delta": 24.878718}}
{"target": -116.5095656342621, "params": {"gamma": 1.0286273098369603, "prior": 0.10000000000000156, "rate": 0.9755755096905402}, "datetime": {"datetime": "2024-06-14 05:35:59", "elapsed": 200.91584, "delta": 33.387284}}
{"target": -115.6781664886096, "params": {"gamma": 0.7982525876797477, "prior": 0.3917143129888282, "rate": 6.832336742672638}, "datetime": {"datetime": "2024-06-14 05:36:42", "elapsed": 244.134267, "delta": 43.218427}}
{"target": -118.62142068596904, "params": {"gamma": 0.521534418151926, "prior": 0.17089988086297542, "rate": 8.84346303909617}, "datetime": {"datetime": "2024-06-14 05:37:10", "elapsed": 271.922852, "delta": 27.788585}}
{"target": -115.63063407624959, "params": {"gamma": 0.8180326698404108, "prior": 0.198231108871456, "rate": 4.475387391896979}, "datetime": {"datetime": "2024-06-14 05:37:35", "elapsed": 296.822433, "delta": 24.899581}}
{"target": -117.02170485655577, "params": {"gamma": 0.9162624315725089, "prior": 0.14728207934974707, "rate": 7.873618773191767}, "datetime": {"datetime": "2024-06-14 05:38:16", "elapsed": 338.324462, "delta": 41.502029}}
{"target": -120.60282998404394, "params": {"gamma": 0.9779637705061834, "prior": 6.248152470652842, "rate": 9.997128357503499}, "datetime": {"datetime": "2024-06-14 05:38:39", "elapsed": 361.51666, "delta": 23.192198}}
{"target": -116.27166323672293, "params": {"gamma": 0.794558354099166, "prior": 0.6271432870803401, "rate": 5.071837885452029}, "datetime": {"datetime": "2024-06-14 05:39:10", "elapsed": 392.537738, "delta": 31.021078}}
{"target": -115.63303119336202, "params": {"gamma": 0.8507911994767224, "prior": 0.5312109457064434, "rate": 9.532327684614941}, "datetime": {"datetime": "2024-06-14 05:39:31", "elapsed": 413.406688, "delta": 20.86895}}
{"target": -117.20128065553759, "params": {"gamma": 1.0826254493205516, "prior": 1.5514272311499608, "rate": 9.605278079494816}, "datetime": {"datetime": "2024-06-14 05:40:05", "elapsed": 447.138143, "delta": 33.731455}}
{"target": -116.17225218168733, "params": {"gamma": 0.7743525863904708, "prior": 0.15087827321579866, "rate": 7.221965201384767}, "datetime": {"datetime": "2024-06-14 05:40:23", "elapsed": 465.145392, "delta": 18.007249}}
{"target": -115.89162757669689, "params": {"gamma": 0.9408881964375272, "prior": 0.10000223916076609, "rate": 1.4933425891942331}, "datetime": {"datetime": "2024-06-14 05:40:43", "elapsed": 484.89357, "delta": 19.748178}}
{"target": -116.28652421776307, "params": {"gamma": 0.767883219868561, "prior": 0.12101941808368688, "rate": 6.326427668409237}, "datetime": {"datetime": "2024-06-14 05:41:22", "elapsed": 524.022833, "delta": 39.129263}}
{"target": -116.45306632212058, "params": {"gamma": 0.7814362560358566, "prior": 0.5278466386668516, "rate": 3.882861961419879}, "datetime": {"datetime": "2024-06-14 05:41:50", "elapsed": 552.349109, "delta": 28.326276}}
{"target": -116.93451002965, "params": {"gamma": 1.0832327092149314, "prior": 0.9353645505802296, "rate": 9.128185556684619}, "datetime": {"datetime": "2024-06-14 05:42:26", "elapsed": 588.010425, "delta": 35.661316}}
{"target": -116.76075081154077, "params": {"gamma": 0.9196709515560266, "prior": 1.151233877192237, "rate": 5.691263575196301}, "datetime": {"datetime": "2024-06-14 05:43:03", "elapsed": 625.277415, "delta": 37.26699}}
