{"target": -126.56091272107862, "params": {"p_ai": 0.031477791141093045, "p_al": 2.005345866024325, "p_ex": 9.564604114805764, "prior": 2.6630448697811477, "rate": 3.285239996208257}, "datetime": {"datetime": "2024-06-13 11:00:13", "elapsed": 863.711531, "delta": 25.22629}}
