{"target": -404.56663539390973, "params": {"gamma": 1.9867164390362086, "lr": 0.0254762357788203}, "datetime": {"datetime": "2024-06-13 19:54:34", "elapsed": 2.017517, "delta": 0.00399}}
{"target": -854.8360506004872, "params": {"gamma": 7.294247584863271, "lr": 0.7249167472191191}, "datetime": {"datetime": "2024-06-13 19:54:34", "elapsed": 2.020508, "delta": 0.002991}}
{"target": -445.5801695600721, "params": {"gamma": 3.304587071870666, "lr": 0.8434941260636555}, "datetime": {"datetime": "2024-06-13 19:54:34", "elapsed": 2.024498, "delta": 0.00399}}
{"target": -559.8341701270847, "params": {"gamma": 4.284996317034784, "lr": 0.8646861447635343}, "datetime": {"datetime": "2024-06-13 19:54:34", "elapsed": 2.02749, "delta": 0.002992}}
{"target": -621.7135335135965, "params": {"gamma": 6.570997180804273, "lr": 0.5810356574180902}, "datetime": {"datetime": "2024-06-13 19:54:34", "elapsed": 2.03148, "delta": 0.00399}}
{"target": -239.91161571981402, "params": {"gamma": 2.008074152862875, "lr": 0.5295466104783949}, "datetime": {"datetime": "2024-06-13 19:54:34", "elapsed": 2.035468, "delta": 0.003988}}
{"target": -794.9395012786339, "params": {"gamma": 8.944429751857296, "lr": 0.30499397583521604}, "datetime": {"datetime": "2024-06-13 19:54:34", "elapsed": 2.038461, "delta": 0.002993}}
{"target": -1196.4799762279436, "params": {"gamma": 8.709585146001372, "lr": 0.9087452728583881}, "datetime": {"datetime": "2024-06-13 19:54:34", "elapsed": 2.04245, "delta": 0.003989}}
{"target": -383.3604197362035, "params": {"gamma": 3.2991157822561417, "lr": 0.6830743663365642}, "datetime": {"datetime": "2024-06-13 19:54:34", "elapsed": 2.045442, "delta": 0.002992}}
{"target": -1788.7975661970422, "params": {"gamma": 8.992310274710121, "lr": 0.07569688175830336}, "datetime": {"datetime": "2024-06-13 19:54:34", "elapsed": 2.049431, "delta": 0.003989}}
{"target": -1036.7363274594006, "params": {"gamma": 8.7860000441845, "lr": 0.1908393632684806}, "datetime": {"datetime": "2024-06-13 19:54:34", "elapsed": 2.05342, "delta": 0.003989}}
{"target": -932.0023885244782, "params": {"gamma": 8.497839331269288, "lr": 0.6671187886992039}, "datetime": {"datetime": "2024-06-13 19:54:34", "elapsed": 2.056413, "delta": 0.002993}}
{"target": -427.45897247251185, "params": {"gamma": 3.4440476153050885, "lr": 0.151375569992799}, "datetime": {"datetime": "2024-06-13 19:54:34", "elapsed": 2.060402, "delta": 0.003989}}
{"target": -826.623396593369, "params": {"gamma": 6.354074243923046, "lr": 0.8477880437147416}, "datetime": {"datetime": "2024-06-13 19:54:34", "elapsed": 2.063394, "delta": 0.002992}}
{"target": -787.4096260175817, "params": {"gamma": 8.218671898265342, "lr": 0.6282395971306578}, "datetime": {"datetime": "2024-06-13 19:54:34", "elapsed": 2.067383, "delta": 0.003989}}
{"target": -887.8699518440216, "params": {"gamma": 9.563058796042565, "lr": 0.5899231270757698}, "datetime": {"datetime": "2024-06-13 19:54:34", "elapsed": 2.071372, "delta": 0.003989}}
{"target": -220.98482324817968, "params": {"gamma": 1.979130013694545, "lr": 0.4293307226164923}, "datetime": {"datetime": "2024-06-13 19:54:34", "elapsed": 2.074365, "delta": 0.002993}}
{"target": -480.6236674136376, "params": {"gamma": 3.3681232410129716, "lr": 0.991945011907281}, "datetime": {"datetime": "2024-06-13 19:54:34", "elapsed": 2.078354, "delta": 0.003989}}
{"target": -537.9689006645298, "params": {"gamma": 3.8029847246765303, "lr": 0.992700873664818}, "datetime": {"datetime": "2024-06-13 19:54:34", "elapsed": 2.081347, "delta": 0.002993}}
{"target": -654.3973043892225, "params": {"gamma": 5.188523703083409, "lr": 0.17227970147712546}, "datetime": {"datetime": "2024-06-13 19:54:34", "elapsed": 2.085335, "delta": 0.003988}}
{"target": -127.69845962340722, "params": {"gamma": 0.7466661384435471, "lr": 0.37030569377388767}, "datetime": {"datetime": "2024-06-13 19:54:34", "elapsed": 2.089391, "delta": 0.004056}}
{"target": -170.52793298071595, "params": {"gamma": 1.235065179287484, "lr": 0.6345187162918416}, "datetime": {"datetime": "2024-06-13 19:54:34", "elapsed": 2.09238, "delta": 0.002989}}
{"target": -582.5977268267981, "params": {"gamma": 4.13978453744836, "lr": 0.9909156325254501}, "datetime": {"datetime": "2024-06-13 19:54:34", "elapsed": 2.096369, "delta": 0.003989}}
{"target": -1107.672285007105, "params": {"gamma": 9.299626280909525, "lr": 0.14923603230975002}, "datetime": {"datetime": "2024-06-13 19:54:34", "elapsed": 2.100358, "delta": 0.003989}}
{"target": -391.0815987516663, "params": {"gamma": 3.9494277431054683, "lr": 0.46157971096238615}, "datetime": {"datetime": "2024-06-13 19:54:34", "elapsed": 2.10335, "delta": 0.002992}}
{"target": -719.5323779255197, "params": {"gamma": 5.609926602464331, "lr": 0.7803635232892685}, "datetime": {"datetime": "2024-06-13 19:54:34", "elapsed": 2.10734, "delta": 0.00399}}
{"target": -483.56985829674096, "params": {"gamma": 4.872451896825164, "lr": 0.4199935520102408}, "datetime": {"datetime": "2024-06-13 19:54:34", "elapsed": 2.110332, "delta": 0.002992}}
{"target": -383.27989076691665, "params": {"gamma": 2.6207350474886373, "lr": 0.9108061390867584}, "datetime": {"datetime": "2024-06-13 19:54:34", "elapsed": 2.114321, "delta": 0.003989}}
{"target": -136.19130625004874, "params": {"gamma": 0.22369284381650878, "lr": 0.8211218982189646}, "datetime": {"datetime": "2024-06-13 19:54:34", "elapsed": 2.118367, "delta": 0.004046}}
{"target": -240.684852946896, "params": {"gamma": 1.8854955282645185, "lr": 0.6857568991725472}, "datetime": {"datetime": "2024-06-13 19:54:34", "elapsed": 2.121866, "delta": 0.003499}}
{"target": -504.9231810747895, "params": {"gamma": 3.552738684007098, "lr": 0.9742126278950913}, "datetime": {"datetime": "2024-06-13 19:54:34", "elapsed": 2.125855, "delta": 0.003989}}
{"target": -181.5733207723486, "params": {"gamma": 1.22859852236475, "lr": 0.18756989261723955}, "datetime": {"datetime": "2024-06-13 19:54:34", "elapsed": 2.128847, "delta": 0.002992}}
{"target": -828.3819710462482, "params": {"gamma": 8.894535312169324, "lr": 0.5834063146082279}, "datetime": {"datetime": "2024-06-13 19:54:34", "elapsed": 2.132836, "delta": 0.003989}}
{"target": -621.6480736317706, "params": {"gamma": 3.0931546002031376, "lr": 0.0007643854781880233}, "datetime": {"datetime": "2024-06-13 19:54:34", "elapsed": 2.136825, "delta": 0.003989}}
{"target": -295.7038128277344, "params": {"gamma": 2.2767497854842085, "lr": 0.1454036341712357}, "datetime": {"datetime": "2024-06-13 19:54:34", "elapsed": 2.140815, "delta": 0.00399}}
{"target": -309.20670681593253, "params": {"gamma": 2.035134809876536, "lr": 0.8963225568040046}, "datetime": {"datetime": "2024-06-13 19:54:34", "elapsed": 2.143807, "delta": 0.002992}}
{"target": -956.7194292468974, "params": {"gamma": 8.731070688318136, "lr": 0.7002894376334498}, "datetime": {"datetime": "2024-06-13 19:54:34", "elapsed": 2.147797, "delta": 0.00399}}
{"target": -606.9623077860565, "params": {"gamma": 4.705506263845939, "lr": 0.8271360023322883}, "datetime": {"datetime": "2024-06-13 19:54:34", "elapsed": 2.150788, "delta": 0.002991}}
{"target": -463.67487624182564, "params": {"gamma": 4.958768144455039, "lr": 0.36348868328490525}, "datetime": {"datetime": "2024-06-13 19:54:34", "elapsed": 2.154778, "delta": 0.00399}}
{"target": -400.83742521788633, "params": {"gamma": 2.7567554245058266, "lr": 0.9247408135383717}, "datetime": {"datetime": "2024-06-13 19:54:34", "elapsed": 2.158767, "delta": 0.003989}}
{"target": -383.83128719810003, "params": {"gamma": 3.8705053533286655, "lr": 0.49288087343132025}, "datetime": {"datetime": "2024-06-13 19:54:34", "elapsed": 2.161759, "delta": 0.002992}}
{"target": -350.9839272067508, "params": {"gamma": 2.5451265850419067, "lr": 0.8849665188380633}, "datetime": {"datetime": "2024-06-13 19:54:34", "elapsed": 2.166412, "delta": 0.004653}}
{"target": -361.43521341862845, "params": {"gamma": 3.833251304596062, "lr": 0.29757471531387525}, "datetime": {"datetime": "2024-06-13 19:54:34", "elapsed": 2.169398, "delta": 0.002986}}
{"target": -851.639957617946, "params": {"gamma": 7.17623202698535, "lr": 0.19086994317230743}, "datetime": {"datetime": "2024-06-13 19:54:34", "elapsed": 2.173388, "delta": 0.00399}}
{"target": -199.32130157190338, "params": {"gamma": 1.1828081008410374, "lr": 0.8369977822135122}, "datetime": {"datetime": "2024-06-13 19:54:34", "elapsed": 2.17638, "delta": 0.002992}}
{"target": -699.1237041138563, "params": {"gamma": 7.441615077773983, "lr": 0.5905205476471171}, "datetime": {"datetime": "2024-06-13 19:54:34", "elapsed": 2.180371, "delta": 0.003991}}
{"target": -264.20515225347276, "params": {"gamma": 2.429672858073742, "lr": 0.6232471451875841}, "datetime": {"datetime": "2024-06-13 19:54:34", "elapsed": 2.184358, "delta": 0.003987}}
{"target": -577.3629506352338, "params": {"gamma": 6.383914852090989, "lr": 0.32756944411232514}, "datetime": {"datetime": "2024-06-13 19:54:34", "elapsed": 2.187351, "delta": 0.002993}}
{"target": -153.01227805467477, "params": {"gamma": 0.6758259413323553, "lr": 0.8805385975643267}, "datetime": {"datetime": "2024-06-13 19:54:34", "elapsed": 2.19134, "delta": 0.003989}}
{"target": -590.2341109401833, "params": {"gamma": 4.60010735401151, "lr": 0.7638727180664299}, "datetime": {"datetime": "2024-06-13 19:54:34", "elapsed": 2.194332, "delta": 0.002992}}
{"target": -268.2568840955899, "params": {"gamma": 2.539632320806454, "lr": 0.5913871822675169}, "datetime": {"datetime": "2024-06-13 19:54:34", "elapsed": 2.198321, "delta": 0.003989}}
{"target": -416.9551576943784, "params": {"gamma": 4.288522808327629, "lr": 0.38210064254913956}, "datetime": {"datetime": "2024-06-13 19:54:34", "elapsed": 2.202311, "delta": 0.00399}}
{"target": -162.63898577212925, "params": {"gamma": 1.2680071250853806, "lr": 0.24426666320897583}, "datetime": {"datetime": "2024-06-13 19:54:34", "elapsed": 2.205302, "delta": 0.002991}}
{"target": -132.81761614871965, "params": {"gamma": 0.7943364880002312, "lr": 0.3028583047175786}, "datetime": {"datetime": "2024-06-13 19:54:34", "elapsed": 2.209292, "delta": 0.00399}}
{"target": -714.1227440605677, "params": {"gamma": 7.417306297515323, "lr": 0.6150157249710488}, "datetime": {"datetime": "2024-06-13 19:54:34", "elapsed": 2.213282, "delta": 0.00399}}
{"target": -1339.7795087239535, "params": {"gamma": 6.724438578240325, "lr": 0.00838307952503159}, "datetime": {"datetime": "2024-06-13 19:54:34", "elapsed": 2.217271, "delta": 0.003989}}
{"target": -699.5928717720022, "params": {"gamma": 6.784091345540948, "lr": 0.503180690542887}, "datetime": {"datetime": "2024-06-13 19:54:34", "elapsed": 2.220262, "delta": 0.002991}}
{"target": -310.2808069749857, "params": {"gamma": 2.309853596391308, "lr": 0.17489650898192222}, "datetime": {"datetime": "2024-06-13 19:54:34", "elapsed": 2.224252, "delta": 0.00399}}
{"target": -271.6721245068082, "params": {"gamma": 1.8506446725427474, "lr": 0.8442600050750985}, "datetime": {"datetime": "2024-06-13 19:54:34", "elapsed": 2.228241, "delta": 0.003989}}
{"target": -1343.0451053759045, "params": {"gamma": 9.825915303261548, "lr": 0.9137396248416316}, "datetime": {"datetime": "2024-06-13 19:54:34", "elapsed": 2.231234, "delta": 0.002993}}
{"target": -456.89157063379355, "params": {"gamma": 3.4743468343077555, "lr": 0.7802245796913637}, "datetime": {"datetime": "2024-06-13 19:54:34", "elapsed": 2.235222, "delta": 0.003988}}
{"target": -702.3325103209208, "params": {"gamma": 5.464999452423606, "lr": 0.8164423975559377}, "datetime": {"datetime": "2024-06-13 19:54:34", "elapsed": 2.239212, "delta": 0.00399}}
{"target": -467.95250972756014, "params": {"gamma": 4.8377857849378705, "lr": 0.5899512982994037}, "datetime": {"datetime": "2024-06-13 19:54:34", "elapsed": 2.242204, "delta": 0.002992}}
{"target": -1153.835719363467, "params": {"gamma": 7.872847211795091, "lr": 0.10023464310313235}, "datetime": {"datetime": "2024-06-13 19:54:34", "elapsed": 2.245981, "delta": 0.003777}}
{"target": -500.3727406577949, "params": {"gamma": 5.370534161288567, "lr": 0.36598334666965426}, "datetime": {"datetime": "2024-06-13 19:54:34", "elapsed": 2.24997, "delta": 0.003989}}
{"target": -836.5107717401629, "params": {"gamma": 6.043464129845054, "lr": 0.9588025156370005}, "datetime": {"datetime": "2024-06-13 19:54:34", "elapsed": 2.253959, "delta": 0.003989}}
{"target": -384.0623679859927, "params": {"gamma": 3.9288366270246278, "lr": 0.39297299794161644}, "datetime": {"datetime": "2024-06-13 19:54:34", "elapsed": 2.257949, "delta": 0.00399}}
{"target": -758.8652227519844, "params": {"gamma": 7.9065792989023995, "lr": 0.6450783990854264}, "datetime": {"datetime": "2024-06-13 19:54:34", "elapsed": 2.260941, "delta": 0.002992}}
{"target": -450.1407225476072, "params": {"gamma": 3.9394461945459094, "lr": 0.6889550482302514}, "datetime": {"datetime": "2024-06-13 19:54:34", "elapsed": 2.26493, "delta": 0.003989}}
{"target": -496.0790295930729, "params": {"gamma": 4.040612088934736, "lr": 0.1361131542481221}, "datetime": {"datetime": "2024-06-13 19:54:34", "elapsed": 2.268919, "delta": 0.003989}}
{"target": -423.5041095194458, "params": {"gamma": 4.506982043452673, "lr": 0.3344193926972726}, "datetime": {"datetime": "2024-06-13 19:54:34", "elapsed": 2.271911, "delta": 0.002992}}
{"target": -327.1710936696754, "params": {"gamma": 2.180471331681618, "lr": 0.9257748016364399}, "datetime": {"datetime": "2024-06-13 19:54:34", "elapsed": 2.275901, "delta": 0.00399}}
{"target": -650.6670552720416, "params": {"gamma": 6.896704351396498, "lr": 0.5988208906234219}, "datetime": {"datetime": "2024-06-13 19:54:34", "elapsed": 2.279891, "delta": 0.00399}}
{"target": -766.4611418698024, "params": {"gamma": 7.466828063757928, "lr": 0.5419710617714415}, "datetime": {"datetime": "2024-06-13 19:54:34", "elapsed": 2.282883, "delta": 0.002992}}
{"target": -965.2725787038437, "params": {"gamma": 7.005630193122407, "lr": 0.9305598192498451}, "datetime": {"datetime": "2024-06-13 19:54:34", "elapsed": 2.286871, "delta": 0.003988}}
{"target": -1070.1303117153332, "params": {"gamma": 8.626304328357714, "lr": 0.1674418575065213}, "datetime": {"datetime": "2024-06-13 19:54:34", "elapsed": 2.290861, "delta": 0.00399}}
{"target": -530.9058873566665, "params": {"gamma": 2.6321271002148183, "lr": 0.07161027944180454}, "datetime": {"datetime": "2024-06-13 19:54:34", "elapsed": 2.293853, "delta": 0.002992}}
{"target": -980.6343919010237, "params": {"gamma": 9.786749378778312, "lr": 0.23638409866037557}, "datetime": {"datetime": "2024-06-13 19:54:34", "elapsed": 2.298355, "delta": 0.004502}}
{"target": -1306.4860090972593, "params": {"gamma": 6.6063229609300596, "lr": 0.089630698927462}, "datetime": {"datetime": "2024-06-13 19:54:34", "elapsed": 2.301341, "delta": 0.002986}}
{"target": -248.89457115443253, "params": {"gamma": 2.1084986499281, "lr": 0.5028243835184045}, "datetime": {"datetime": "2024-06-13 19:54:34", "elapsed": 2.30533, "delta": 0.003989}}
{"target": -143.83440618159608, "params": {"gamma": 1.0504317296309502, "lr": 0.38887340269472437}, "datetime": {"datetime": "2024-06-13 19:54:34", "elapsed": 2.310316, "delta": 0.004986}}
{"target": -501.24732807085513, "params": {"gamma": 5.3803392136766695, "lr": 0.33920418488509996}, "datetime": {"datetime": "2024-06-13 19:54:34", "elapsed": 2.313309, "delta": 0.002993}}
{"target": -579.7536731744866, "params": {"gamma": 5.559446211054629, "lr": 0.536768321942464}, "datetime": {"datetime": "2024-06-13 19:54:34", "elapsed": 2.317299, "delta": 0.00399}}
{"target": -446.7122774590803, "params": {"gamma": 3.906714376870321, "lr": 0.6962700831011029}, "datetime": {"datetime": "2024-06-13 19:54:34", "elapsed": 2.321287, "delta": 0.003988}}
{"target": -750.5468057119383, "params": {"gamma": 6.785146057525243, "lr": 0.6873031493743899}, "datetime": {"datetime": "2024-06-13 19:54:34", "elapsed": 2.325277, "delta": 0.00399}}
{"target": -522.2179460602589, "params": {"gamma": 5.615351096734943, "lr": 0.3580799140129358}, "datetime": {"datetime": "2024-06-13 19:54:34", "elapsed": 2.328269, "delta": 0.002992}}
{"target": -848.2877300739583, "params": {"gamma": 6.131510241334756, "lr": 0.9357362666081998}, "datetime": {"datetime": "2024-06-13 19:54:34", "elapsed": 2.332258, "delta": 0.003989}}
{"target": -826.5903015372922, "params": {"gamma": 5.969288360934786, "lr": 0.9795901743594252}, "datetime": {"datetime": "2024-06-13 19:54:34", "elapsed": 2.336247, "delta": 0.003989}}
{"target": -525.3733868290078, "params": {"gamma": 4.4106251974683035, "lr": 0.7396119625075467}, "datetime": {"datetime": "2024-06-13 19:54:34", "elapsed": 2.339239, "delta": 0.002992}}
{"target": -136.4402898135809, "params": {"gamma": 0.3770011826173517, "lr": 0.7647266390004861}, "datetime": {"datetime": "2024-06-13 19:54:34", "elapsed": 2.343228, "delta": 0.003989}}
{"target": -1034.7180675786683, "params": {"gamma": 5.1832975216877974, "lr": 0.0053165329611032375}, "datetime": {"datetime": "2024-06-13 19:54:34", "elapsed": 2.347219, "delta": 0.003991}}
{"target": -310.2102191079164, "params": {"gamma": 2.772723847721202, "lr": 0.5348322325198115}, "datetime": {"datetime": "2024-06-13 19:54:34", "elapsed": 2.351207, "delta": 0.003988}}
{"target": -1528.9390068219786, "params": {"gamma": 7.679860819934835, "lr": 0.05309259545252509}, "datetime": {"datetime": "2024-06-13 19:54:34", "elapsed": 2.354199, "delta": 0.002992}}
{"target": -705.5330480116099, "params": {"gamma": 5.490985385061347, "lr": 0.800994555798356}, "datetime": {"datetime": "2024-06-13 19:54:34", "elapsed": 2.358189, "delta": 0.00399}}
{"target": -897.0799426796583, "params": {"gamma": 6.496180965729911, "lr": 0.9314470149929107}, "datetime": {"datetime": "2024-06-13 19:54:34", "elapsed": 2.36118, "delta": 0.002991}}
{"target": -129.72338103543683, "params": {"gamma": 0.7482397187025968, "lr": 0.2768064626005866}, "datetime": {"datetime": "2024-06-13 19:54:34", "elapsed": 2.36517, "delta": 0.00399}}
{"target": -1154.2567487661713, "params": {"gamma": 9.192455805057469, "lr": 0.7650051482981429}, "datetime": {"datetime": "2024-06-13 19:54:34", "elapsed": 2.36916, "delta": 0.00399}}
{"target": -765.2210761833296, "params": {"gamma": 5.9978037043765156, "lr": 0.8329681438370704}, "datetime": {"datetime": "2024-06-13 19:54:34", "elapsed": 2.373149, "delta": 0.003989}}
{"target": -1227.105342577649, "params": {"gamma": 8.960538872258445, "lr": 0.9727203528528249}, "datetime": {"datetime": "2024-06-13 19:54:34", "elapsed": 2.37614, "delta": 0.002991}}
{"target": -1187.539571758358, "params": {"gamma": 9.98520655039097, "lr": 0.13964933368410348}, "datetime": {"datetime": "2024-06-13 19:54:34", "elapsed": 2.38013, "delta": 0.00399}}
{"target": -168.3463400089582, "params": {"gamma": 0.7063499053922482, "lr": 0.07346665436012334}, "datetime": {"datetime": "2024-06-13 19:54:34", "elapsed": 2.384119, "delta": 0.003989}}
{"target": -137.98177512045177, "params": {"gamma": 0.14842316520856935, "lr": 0.971820072977926}, "datetime": {"datetime": "2024-06-13 19:54:34", "elapsed": 2.387111, "delta": 0.002992}}
{"target": -176.82194274277356, "params": {"gamma": 0.9485743976558341, "lr": 0.8417368261858497}, "datetime": {"datetime": "2024-06-13 19:54:34", "elapsed": 2.391101, "delta": 0.00399}}
{"target": -660.9108134854247, "params": {"gamma": 6.852044796080089, "lr": 0.4875571674829181}, "datetime": {"datetime": "2024-06-13 19:54:34", "elapsed": 2.39509, "delta": 0.003989}}
{"target": -331.82839412315894, "params": {"gamma": 3.4676021187044235, "lr": 0.35364778706700506}, "datetime": {"datetime": "2024-06-13 19:54:34", "elapsed": 2.398594, "delta": 0.003504}}
{"target": -372.7911224339008, "params": {"gamma": 2.539134984589525, "lr": 0.9110179736986265}, "datetime": {"datetime": "2024-06-13 19:54:34", "elapsed": 2.402579, "delta": 0.003985}}
{"target": -1445.1577690248032, "params": {"gamma": 7.256699812403196, "lr": 0.025925792784269874}, "datetime": {"datetime": "2024-06-13 19:54:34", "elapsed": 2.40557, "delta": 0.002991}}
{"target": -447.6369543953828, "params": {"gamma": 4.615751011217899, "lr": 0.28130127253681136}, "datetime": {"datetime": "2024-06-13 19:54:34", "elapsed": 2.409559, "delta": 0.003989}}
{"target": -135.21064934323388, "params": {"gamma": 0.2906328955928069, "lr": 0.8846818943092944}, "datetime": {"datetime": "2024-06-13 19:54:34", "elapsed": 2.413549, "delta": 0.00399}}
{"target": -690.0506751395701, "params": {"gamma": 7.710282574188869, "lr": 0.32973507924426093}, "datetime": {"datetime": "2024-06-13 19:54:34", "elapsed": 2.417539, "delta": 0.00399}}
{"target": -711.7643943746401, "params": {"gamma": 7.965789316779574, "lr": 0.3246383222029966}, "datetime": {"datetime": "2024-06-13 19:54:34", "elapsed": 2.421527, "delta": 0.003988}}
{"target": -442.80752086172123, "params": {"gamma": 3.0795165557326496, "lr": 0.9281090785007262}, "datetime": {"datetime": "2024-06-13 19:54:34", "elapsed": 2.424773, "delta": 0.003246}}
{"target": -992.0480857537772, "params": {"gamma": 9.769184703296556, "lr": 0.5235553047168928}, "datetime": {"datetime": "2024-06-13 19:54:34", "elapsed": 2.428759, "delta": 0.003986}}
{"target": -1199.4776969417053, "params": {"gamma": 9.519399740511682, "lr": 0.8879964939264646}, "datetime": {"datetime": "2024-06-13 19:54:34", "elapsed": 2.431751, "delta": 0.002992}}
{"target": -483.4557625259633, "params": {"gamma": 5.180807583382493, "lr": 0.3727488020974856}, "datetime": {"datetime": "2024-06-13 19:54:34", "elapsed": 2.43574, "delta": 0.003989}}
{"target": -684.4281029612923, "params": {"gamma": 7.103835428617774, "lr": 0.455643424642054}, "datetime": {"datetime": "2024-06-13 19:54:34", "elapsed": 2.439729, "delta": 0.003989}}
{"target": -837.7225058324955, "params": {"gamma": 6.052523738337006, "lr": 0.9904061968899467}, "datetime": {"datetime": "2024-06-13 19:54:34", "elapsed": 2.442721, "delta": 0.002992}}
