{"target": -177.36831703010205, "params": {"p_ai": 9.475541865009603, "p_al": 2.2151059105005597, "p_ex": 2.6714531248239735, "prior": 0.8156581748077427, "rate": 4.286759667809202}, "datetime": {"datetime": "2024-06-13 02:05:58", "elapsed": 8.854198, "delta": 0.108217}}
{"target": -100.09802520843556, "params": {"p_ai": 1.091078621426664, "p_al": 6.3382338193585674, "p_ex": 8.029829410500005, "prior": 6.968308160705665, "rate": 7.66234759937663}, "datetime": {"datetime": "2024-06-13 02:05:58", "elapsed": 8.963906, "delta": 0.109708}}
{"target": -105.10591308943852, "params": {"p_ai": 3.4251987443153546, "p_al": 8.45866897879375, "p_ex": 4.2882589812194265, "prior": 8.240274694252776, "rate": 6.265335090084314}, "datetime": {"datetime": "2024-06-13 02:05:59", "elapsed": 9.073612, "delta": 0.109706}}
{"target": -130.4728275088967, "params": {"p_ai": 1.435087063653779, "p_al": 0.7847906116496246, "p_ex": 0.1843080964871599, "prior": 0.6681832513959254, "rate": 4.586379553270611}, "datetime": {"datetime": "2024-06-13 02:05:59", "elapsed": 9.191297, "delta": 0.117685}}
{"target": -94.16198868812809, "params": {"p_ai": 1.1343058857531372, "p_al": 0.27880570513785086, "p_ex": 7.5488599524232844, "prior": 3.949109954125934, "rate": 7.469638017579644}, "datetime": {"datetime": "2024-06-13 02:05:59", "elapsed": 9.301664, "delta": 0.110367}}
{"target": -104.8541682110726, "params": {"p_ai": 4.52459586263777, "p_al": 4.501417383260611, "p_ex": 4.7812469946715925, "prior": 4.740565261695378, "rate": 8.031830257799582}, "datetime": {"datetime": "2024-06-13 02:05:59", "elapsed": 9.412933, "delta": 0.111269}}
{"target": -150.2914857624227, "params": {"p_ai": 4.024522806057501, "p_al": 9.046956917275887, "p_ex": 0.3715734184924046, "prior": 7.738969552861467, "rate": 1.2572881699962504}, "datetime": {"datetime": "2024-06-13 02:05:59", "elapsed": 9.531798, "delta": 0.118865}}
{"target": -129.34640076757793, "params": {"p_ai": 6.185517155553943, "p_al": 0.10463224909098416, "p_ex": 5.386734198480894, "prior": 0.031176548239344033, "rate": 9.511986661116556}, "datetime": {"datetime": "2024-06-13 02:05:59", "elapsed": 9.640507, "delta": 0.108709}}
{"target": -191.50046420324824, "params": {"p_ai": 9.054114934994077, "p_al": 7.959873452480752, "p_ex": 9.15282792482796, "prior": 1.4564367533528122, "rate": 1.5781429686354622}, "datetime": {"datetime": "2024-06-13 02:05:59", "elapsed": 9.750214, "delta": 0.109707}}
{"target": -96.46942342067071, "params": {"p_ai": 1.8771290973514374, "p_al": 6.225336527096912, "p_ex": 9.05818915058701, "prior": 9.899561828412377, "rate": 7.111513465199394}, "datetime": {"datetime": "2024-06-13 02:05:59", "elapsed": 9.861915, "delta": 0.111701}}
{"target": -189.00079387337055, "params": {"p_ai": 7.318272291013812, "p_al": 9.093022752238, "p_ex": 4.009336449978838, "prior": 2.4992569515701426, "rate": 1.7351282777004415}, "datetime": {"datetime": "2024-06-13 02:05:59", "elapsed": 9.970673, "delta": 0.108758}}
{"target": -124.2463355073714, "params": {"p_ai": 1.1954510462869563, "p_al": 8.126293269740254, "p_ex": 1.4687769417990144, "prior": 2.6437105297862797, "rate": 8.191072697156674}, "datetime": {"datetime": "2024-06-13 02:06:00", "elapsed": 10.09637, "delta": 0.125697}}
{"target": -125.92408658886202, "params": {"p_ai": 3.106561930690306, "p_al": 9.824192075480136, "p_ex": 2.6671203828142005, "prior": 5.336999796367143, "rate": 3.1453556448473106}, "datetime": {"datetime": "2024-06-13 02:06:00", "elapsed": 10.20505, "delta": 0.10868}}
{"target": -157.00854697785522, "params": {"p_ai": 9.1078175389072, "p_al": 3.666199881868493, "p_ex": 4.336489680404373, "prior": 5.123414630091336, "rate": 9.388925887219763}, "datetime": {"datetime": "2024-06-13 02:06:00", "elapsed": 10.313891, "delta": 0.108841}}
{"target": -140.51708439629152, "params": {"p_ai": 0.310459113705236, "p_al": 7.1690697576532605, "p_ex": 8.910298523969097, "prior": 0.2738449479511707, "rate": 5.220990421277856}, "datetime": {"datetime": "2024-06-13 02:06:00", "elapsed": 10.422604, "delta": 0.108713}}
{"target": -102.08056736018928, "params": {"p_ai": 3.2605721278884827, "p_al": 8.595033719334992, "p_ex": 5.585606992674257, "prior": 6.902588453759316, "rate": 4.529082146015424}, "datetime": {"datetime": "2024-06-13 02:06:00", "elapsed": 10.535186, "delta": 0.112582}}
{"target": -166.1465501252362, "params": {"p_ai": 6.2834620661760505, "p_al": 2.901678420022571, "p_ex": 0.0944764310871913, "prior": 5.767982593935921, "rate": 3.1151306971104957}, "datetime": {"datetime": "2024-06-13 02:06:00", "elapsed": 10.648394, "delta": 0.113208}}
{"target": -139.89263026462154, "params": {"p_ai": 5.1731587174127975, "p_al": 9.164142124685924, "p_ex": 4.265321410225459, "prior": 2.4747129699872517, "rate": 3.7135663190292654}, "datetime": {"datetime": "2024-06-13 02:06:00", "elapsed": 10.760601, "delta": 0.112207}}
{"target": -159.54414091915712, "params": {"p_ai": 9.31867930524877, "p_al": 9.368746944709628, "p_ex": 8.443455155708566, "prior": 9.202144936542298, "rate": 2.279774999223218}, "datetime": {"datetime": "2024-06-13 02:06:00", "elapsed": 10.873299, "delta": 0.112698}}
{"target": -103.09426794769054, "params": {"p_ai": 0.8757346133263552, "p_al": 2.273870053110603, "p_ex": 3.1444517845243904, "prior": 1.7484839976867594, "rate": 6.071334525562633}, "datetime": {"datetime": "2024-06-13 02:06:00", "elapsed": 10.983006, "delta": 0.109707}}
{"target": -136.5630186038181, "params": {"p_ai": 4.136450563596613, "p_al": 8.163698766760314, "p_ex": 1.8521188522920375, "prior": 7.019063421033349, "rate": 2.4043158928665394}, "datetime": {"datetime": "2024-06-13 02:06:01", "elapsed": 11.092713, "delta": 0.109707}}
{"target": -155.22826123729692, "params": {"p_ai": 5.742616669319757, "p_al": 3.490526984610668, "p_ex": 0.5705870304288444, "prior": 2.288907895932798, "rate": 6.641361450992581}, "datetime": {"datetime": "2024-06-13 02:06:01", "elapsed": 11.201422, "delta": 0.108709}}
{"target": -129.8250805540487, "params": {"p_ai": 4.973003683511953, "p_al": 5.190640824752714, "p_ex": 1.7480267809391161, "prior": 5.7075877996110185, "rate": 9.967537498656892}, "datetime": {"datetime": "2024-06-13 02:06:01", "elapsed": 11.310132, "delta": 0.10871}}
{"target": -130.77049674281773, "params": {"p_ai": 8.168534252807428, "p_al": 5.944131865685947, "p_ex": 9.759914694240718, "prior": 9.015724284108543, "rate": 5.956483728092853}, "datetime": {"datetime": "2024-06-13 02:06:01", "elapsed": 11.419088, "delta": 0.108956}}
{"target": -137.46624174105864, "params": {"p_ai": 0.32523082681925664, "p_al": 0.93667738107899, "p_ex": 0.6546517787072217, "prior": 4.517879753766062, "rate": 3.75497289684541}, "datetime": {"datetime": "2024-06-13 02:06:01", "elapsed": 11.527313, "delta": 0.108225}}
{"target": -148.05971402845816, "params": {"p_ai": 9.753524992668595, "p_al": 1.6806649487029495, "p_ex": 9.72790313173462, "prior": 7.674981213761269, "rate": 8.242554158405353}, "datetime": {"datetime": "2024-06-13 02:06:01", "elapsed": 11.636022, "delta": 0.108709}}
{"target": -207.80941222956204, "params": {"p_ai": 6.326525551963195, "p_al": 6.6876589692971145, "p_ex": 4.769346452878413, "prior": 0.13235043287379938, "rate": 3.530707849332706}, "datetime": {"datetime": "2024-06-13 02:06:01", "elapsed": 11.744731, "delta": 0.108709}}
{"target": -134.5483380025401, "params": {"p_ai": 4.9212259431340915, "p_al": 7.3011820196899535, "p_ex": 4.686814799118347, "prior": 4.574591755978228, "rate": 1.377489746715086}, "datetime": {"datetime": "2024-06-13 02:06:01", "elapsed": 11.855435, "delta": 0.110704}}
{"target": -138.53356764903785, "params": {"p_ai": 0.10987644930098642, "p_al": 7.583024326509486, "p_ex": 3.200208427938706, "prior": 9.843850118484914, "rate": 2.2031220273654006}, "datetime": {"datetime": "2024-06-13 02:06:01", "elapsed": 11.964145, "delta": 0.10871}}
{"target": -106.49129800100019, "params": {"p_ai": 3.387741546791315, "p_al": 5.239437460525651, "p_ex": 7.549159679148268, "prior": 4.639113981219056, "rate": 1.2491006085736511}, "datetime": {"datetime": "2024-06-13 02:06:02", "elapsed": 12.073019, "delta": 0.108874}}
{"target": -108.50352539594275, "params": {"p_ai": 3.125701283542003, "p_al": 5.045687177840246, "p_ex": 6.73881623116066, "prior": 7.70172941316461, "rate": 1.3042274737625883}, "datetime": {"datetime": "2024-06-13 02:06:02", "elapsed": 12.182456, "delta": 0.109437}}
{"target": -142.01621427338011, "params": {"p_ai": 0.23012839809249527, "p_al": 5.191304139797683, "p_ex": 8.1000771179135, "prior": 0.12702506653173326, "rate": 6.725025976692686}, "datetime": {"datetime": "2024-06-13 02:06:02", "elapsed": 12.291203, "delta": 0.108747}}
{"target": -148.87276785235164, "params": {"p_ai": 6.868395458343262, "p_al": 4.49301828911279, "p_ex": 9.1479720787326, "prior": 6.443966486485173, "rate": 0.05339313667700704}, "datetime": {"datetime": "2024-06-13 02:06:02", "elapsed": 12.400861, "delta": 0.109658}}
{"target": -101.44626723384866, "params": {"p_ai": 4.844800026698242, "p_al": 8.593318743169903, "p_ex": 8.304165300803357, "prior": 6.491892816927667, "rate": 6.737310540562419}, "datetime": {"datetime": "2024-06-13 02:06:02", "elapsed": 12.508723, "delta": 0.107862}}
{"target": -116.61125082862478, "params": {"p_ai": 5.7854172983122165, "p_al": 2.741923631893355, "p_ex": 5.605739375370052, "prior": 6.717626118389386, "rate": 3.5249438725338718}, "datetime": {"datetime": "2024-06-13 02:06:02", "elapsed": 12.617943, "delta": 0.10922}}
{"target": -141.92954067787753, "params": {"p_ai": 8.558427844172023, "p_al": 1.9511798226010642, "p_ex": 7.473460782508901, "prior": 2.8967378591225876, "rate": 7.738219073154577}, "datetime": {"datetime": "2024-06-13 02:06:02", "elapsed": 12.727652, "delta": 0.109709}}
{"target": -121.08865204581495, "params": {"p_ai": 4.277945556031427, "p_al": 8.077176392712982, "p_ex": 3.535995091817236, "prior": 2.137718683058182, "rate": 7.673077799709245}, "datetime": {"datetime": "2024-06-13 02:06:02", "elapsed": 12.836854, "delta": 0.109202}}
{"target": -109.74732849696575, "params": {"p_ai": 3.0871108343588807, "p_al": 7.332717432196549, "p_ex": 7.444987057624244, "prior": 2.2147456123811025, "rate": 2.141907256069664}, "datetime": {"datetime": "2024-06-13 02:06:02", "elapsed": 12.945563, "delta": 0.108709}}
{"target": -113.01142580390791, "params": {"p_ai": 1.9902802863472397, "p_al": 1.4260408593206808, "p_ex": 3.7714489094741337, "prior": 0.26725221903152313, "rate": 1.110092769973372}, "datetime": {"datetime": "2024-06-13 02:06:03", "elapsed": 13.054682, "delta": 0.109119}}
{"target": -204.04184994226912, "params": {"p_ai": 6.745965673610343, "p_al": 7.997965592436966, "p_ex": 0.8062147417567307, "prior": 2.3177914025474347, "rate": 2.0770489923763398}, "datetime": {"datetime": "2024-06-13 02:06:03", "elapsed": 13.163932, "delta": 0.10925}}
{"target": -160.7519704070784, "params": {"p_ai": 9.173418297253225, "p_al": 7.113433866846732, "p_ex": 5.539292225903092, "prior": 3.0458753612182816, "rate": 8.348705622270353}, "datetime": {"datetime": "2024-06-13 02:06:03", "elapsed": 13.272912, "delta": 0.10898}}
{"target": -126.36387815966027, "params": {"p_ai": 4.353624270337571, "p_al": 9.234638694972633, "p_ex": 7.0608119915549965, "prior": 4.780835048344869, "rate": 1.2629748273898376}, "datetime": {"datetime": "2024-06-13 02:06:03", "elapsed": 13.382189, "delta": 0.109277}}
{"target": -182.45680040898873, "params": {"p_ai": 9.760459461127008, "p_al": 1.5991766697905894, "p_ex": 2.026818650071406, "prior": 4.312386369848549, "rate": 4.042614855845698}, "datetime": {"datetime": "2024-06-13 02:06:03", "elapsed": 13.491046, "delta": 0.108857}}
{"target": -115.52399102259157, "params": {"p_ai": 1.4683680561621768, "p_al": 7.293459874691873, "p_ex": 1.8882619237049822, "prior": 6.439312547472317, "rate": 7.543305199812411}, "datetime": {"datetime": "2024-06-13 02:06:03", "elapsed": 13.616095, "delta": 0.125049}}
{"target": -92.21458074048307, "params": {"p_ai": 2.108113188441124, "p_al": 6.0099415268282925, "p_ex": 7.489534824083119, "prior": 6.382548887492715, "rate": 5.971675902163545}, "datetime": {"datetime": "2024-06-13 02:06:03", "elapsed": 13.72979, "delta": 0.113695}}
{"target": -88.49076162127079, "params": {"p_ai": 2.955527374269315, "p_al": 7.316333105943847, "p_ex": 9.453139091559498, "prior": 4.256188341225208, "rate": 7.822035986497222}, "datetime": {"datetime": "2024-06-13 02:06:03", "elapsed": 13.853796, "delta": 0.124006}}
{"target": -129.3258810868333, "params": {"p_ai": 0.5623542555794911, "p_al": 8.35288075329717, "p_ex": 1.9233079182046549, "prior": 3.951573592030842, "rate": 3.001510378207639}, "datetime": {"datetime": "2024-06-13 02:06:03", "elapsed": 13.971735, "delta": 0.117939}}
{"target": -115.00047436560259, "params": {"p_ai": 0.8019563344166869, "p_al": 9.046405398359493, "p_ex": 3.702171621359829, "prior": 5.30744368732292, "rate": 4.941668542697355}, "datetime": {"datetime": "2024-06-13 02:06:04", "elapsed": 14.087465, "delta": 0.11573}}
{"target": -126.08199578209211, "params": {"p_ai": 1.3224792582874385, "p_al": 2.0653341348354406, "p_ex": 0.7628119015141794, "prior": 5.07970907775293, "rate": 2.616233968778038}, "datetime": {"datetime": "2024-06-13 02:06:04", "elapsed": 14.209623, "delta": 0.122158}}
{"target": -94.93719700791229, "params": {"p_ai": 3.5712590272190368, "p_al": 1.0815452216436712, "p_ex": 7.87573084468542, "prior": 1.0667321840112223, "rate": 9.857102528308165}, "datetime": {"datetime": "2024-06-13 02:06:04", "elapsed": 14.321324, "delta": 0.111701}}
{"target": -129.12154336520595, "params": {"p_ai": 1.772434483219735, "p_al": 5.724478719234059, "p_ex": 0.4494085005562922, "prior": 7.871375780268687, "rate": 1.8968698722351471}, "datetime": {"datetime": "2024-06-13 02:06:04", "elapsed": 14.445812, "delta": 0.124488}}
{"target": -153.21222552560508, "params": {"p_ai": 5.279511880102859, "p_al": 7.401035354047558, "p_ex": 1.5001649176876422, "prior": 5.511320654695531, "rate": 2.1669554660794654}, "datetime": {"datetime": "2024-06-13 02:06:04", "elapsed": 14.554062, "delta": 0.10825}}
{"target": -182.15099946619304, "params": {"p_ai": 7.592201297122131, "p_al": 7.229429020368581, "p_ex": 1.7663137937365532, "prior": 8.619803610113067, "rate": 0.1987312200639263}, "datetime": {"datetime": "2024-06-13 02:06:04", "elapsed": 14.662933, "delta": 0.108871}}
{"target": -156.01318789674417, "params": {"p_ai": 8.60250973723373, "p_al": 5.589479207798223, "p_ex": 4.032801500586387, "prior": 7.587710563292345, "rate": 7.169573087923007}, "datetime": {"datetime": "2024-06-13 02:06:04", "elapsed": 14.775632, "delta": 0.112699}}
{"target": -206.9080970261833, "params": {"p_ai": 9.873274421909457, "p_al": 2.7815724010812146, "p_ex": 0.03893293042101652, "prior": 9.339092180540563, "rate": 8.5791131482744}, "datetime": {"datetime": "2024-06-13 02:06:04", "elapsed": 14.885338, "delta": 0.109706}}
{"target": -130.0618841927007, "params": {"p_ai": 7.28877992431504, "p_al": 5.167371140432463, "p_ex": 7.069855496242362, "prior": 7.805515039210552, "rate": 3.749384559425057}, "datetime": {"datetime": "2024-06-13 02:06:04", "elapsed": 14.995045, "delta": 0.109707}}
{"target": -140.15713921227456, "params": {"p_ai": 7.703454930774247, "p_al": 7.506492567432579, "p_ex": 6.132498904231054, "prior": 4.019257373754407, "rate": 6.9733828846241455}, "datetime": {"datetime": "2024-06-13 02:06:05", "elapsed": 15.103755, "delta": 0.10871}}
{"target": -141.59481031542379, "params": {"p_ai": 0.032125465394095866, "p_al": 7.749191570599254, "p_ex": 8.964269607966013, "prior": 2.393917758667609, "rate": 1.208551075907988}, "datetime": {"datetime": "2024-06-13 02:06:05", "elapsed": 15.212495, "delta": 0.10874}}
{"target": -97.14197939606397, "params": {"p_ai": 2.2036195939494823, "p_al": 3.021665216169693, "p_ex": 8.830402057129778, "prior": 5.432121135950708, "rate": 2.8678297844146994}, "datetime": {"datetime": "2024-06-13 02:06:05", "elapsed": 15.321173, "delta": 0.108678}}
{"target": -94.4414326223253, "params": {"p_ai": 1.3844085432396722, "p_al": 2.902154486582312, "p_ex": 6.139097026322785, "prior": 3.242061160444569, "rate": 4.574144456728294}, "datetime": {"datetime": "2024-06-13 02:06:05", "elapsed": 15.430383, "delta": 0.10921}}
{"target": -114.82395523726325, "params": {"p_ai": 4.441726953059129, "p_al": 8.281525471954389, "p_ex": 4.264055194208071, "prior": 3.4576425129338477, "rate": 6.7500410764862435}, "datetime": {"datetime": "2024-06-13 02:06:05", "elapsed": 15.540419, "delta": 0.110036}}
{"target": -101.20090876102694, "params": {"p_ai": 2.215599075279554, "p_al": 4.672990993441612, "p_ex": 3.1483421075528404, "prior": 6.268929166026184, "rate": 8.773727386473432}, "datetime": {"datetime": "2024-06-13 02:06:05", "elapsed": 15.649493, "delta": 0.109074}}
{"target": -128.73936772554913, "params": {"p_ai": 4.47744231245614, "p_al": 7.84478973050044, "p_ex": 4.570200039914943, "prior": 6.562637087839597, "rate": 1.3192779092999938}, "datetime": {"datetime": "2024-06-13 02:06:05", "elapsed": 15.759199, "delta": 0.109706}}
{"target": -106.13879845147078, "params": {"p_ai": 4.3303820881695145, "p_al": 9.093210574560711, "p_ex": 6.055184531308316, "prior": 7.6679790977837845, "rate": 5.047501380350848}, "datetime": {"datetime": "2024-06-13 02:06:05", "elapsed": 15.868173, "delta": 0.108974}}
{"target": -148.91645113214656, "params": {"p_ai": 4.981058192655247, "p_al": 8.429155502088307, "p_ex": 0.6790015364751966, "prior": 5.733149443225297, "rate": 9.42768299175406}, "datetime": {"datetime": "2024-06-13 02:06:05", "elapsed": 15.977882, "delta": 0.109709}}
{"target": -103.37682312465785, "params": {"p_ai": 5.179082621675048, "p_al": 1.945463629469317, "p_ex": 8.479545985042318, "prior": 2.5171397844161723, "rate": 7.007559638788898}, "datetime": {"datetime": "2024-06-13 02:06:06", "elapsed": 16.090583, "delta": 0.112701}}
{"target": -148.84165704420553, "params": {"p_ai": 5.403069143028603, "p_al": 9.488414046513915, "p_ex": 6.2437426873243576, "prior": 8.379941642515245, "rate": 0.08032082906903645}, "datetime": {"datetime": "2024-06-13 02:06:06", "elapsed": 16.200706, "delta": 0.110123}}
{"target": -196.18919367904093, "params": {"p_ai": 9.893411221610213, "p_al": 0.7780679887535326, "p_ex": 3.2219730066340815, "prior": 9.461577802172197, "rate": 0.09038208461007943}, "datetime": {"datetime": "2024-06-13 02:06:06", "elapsed": 16.311381, "delta": 0.110675}}
{"target": -159.1204784374533, "params": {"p_ai": 8.227477324213933, "p_al": 8.612255172029577, "p_ex": 4.398868311271517, "prior": 2.558196192865506, "rate": 8.027092506813352}, "datetime": {"datetime": "2024-06-13 02:06:06", "elapsed": 16.420649, "delta": 0.109268}}
{"target": -94.60467821912596, "params": {"p_ai": 4.77914218231778, "p_al": 1.3442517479483056, "p_ex": 9.278562079257282, "prior": 8.959803700099478, "rate": 4.915959955019337}, "datetime": {"datetime": "2024-06-13 02:06:06", "elapsed": 16.531064, "delta": 0.110415}}
{"target": -144.2878326810578, "params": {"p_ai": 8.567168262681404, "p_al": 4.1863616796152225, "p_ex": 6.834965536762845, "prior": 3.9805084034398166, "rate": 5.057914432490653}, "datetime": {"datetime": "2024-06-13 02:06:06", "elapsed": 16.640648, "delta": 0.109584}}
{"target": -212.76134683113312, "params": {"p_ai": 1.896327476636439, "p_al": 9.649924252185027, "p_ex": 2.9428626667543027, "prior": 1.035492101607897, "rate": 1.4440096868902519}, "datetime": {"datetime": "2024-06-13 02:06:06", "elapsed": 16.750353, "delta": 0.109705}}
{"target": -127.95212960553143, "params": {"p_ai": 0.14190884963023712, "p_al": 7.1597410489244835, "p_ex": 5.645418704088501, "prior": 7.945988933496338, "rate": 5.0712921529180806}, "datetime": {"datetime": "2024-06-13 02:06:06", "elapsed": 16.86006, "delta": 0.109707}}
{"target": -137.74111304559432, "params": {"p_ai": 7.918418574002035, "p_al": 6.957946378504123, "p_ex": 7.778706920114895, "prior": 4.065422206901887, "rate": 6.478058561241625}, "datetime": {"datetime": "2024-06-13 02:06:06", "elapsed": 16.969578, "delta": 0.109518}}
{"target": -118.1721672214895, "params": {"p_ai": 1.798763182632051, "p_al": 3.2188778139156518, "p_ex": 1.7268735965778053, "prior": 4.086963612907611, "rate": 2.4149460609080227}, "datetime": {"datetime": "2024-06-13 02:06:07", "elapsed": 17.078287, "delta": 0.108709}}
{"target": -117.44711413409149, "params": {"p_ai": 4.069813019299451, "p_al": 9.752248202030684, "p_ex": 3.2038729388944907, "prior": 9.824926958803978, "rate": 6.363424952433981}, "datetime": {"datetime": "2024-06-13 02:06:07", "elapsed": 17.186997, "delta": 0.10871}}
{"target": -103.91239547095928, "params": {"p_ai": 3.7515350929207165, "p_al": 8.574987506336882, "p_ex": 6.19624780694637, "prior": 2.521078768228263, "rate": 7.9287639240909}, "datetime": {"datetime": "2024-06-13 02:06:07", "elapsed": 17.295706, "delta": 0.108709}}
{"target": -118.55053071004896, "params": {"p_ai": 4.329952148832897, "p_al": 3.5757541621370836, "p_ex": 3.3034390883142843, "prior": 6.973991387255782, "rate": 2.6872325889383593}, "datetime": {"datetime": "2024-06-13 02:06:07", "elapsed": 17.40465, "delta": 0.108944}}
{"target": -139.6903750783343, "params": {"p_ai": 8.082971859040095, "p_al": 2.953592655204078, "p_ex": 5.441669714469987, "prior": 4.879726996560219, "rate": 8.553708769541101}, "datetime": {"datetime": "2024-06-13 02:06:07", "elapsed": 17.513471, "delta": 0.108821}}
{"target": -149.92701204893535, "params": {"p_ai": 8.883975957519464, "p_al": 1.8446600392352996, "p_ex": 5.853899240923573, "prior": 8.982152255125355, "rate": 4.461726073125263}, "datetime": {"datetime": "2024-06-13 02:06:07", "elapsed": 17.622996, "delta": 0.109525}}
{"target": -157.50867211388285, "params": {"p_ai": 9.218761186532669, "p_al": 2.790629913679252, "p_ex": 6.0887029107637645, "prior": 6.824854643958388, "rate": 2.2828291277714907}, "datetime": {"datetime": "2024-06-13 02:06:07", "elapsed": 17.731738, "delta": 0.108742}}
