{"target": -144.13389281006872, "params": {"gamma": 0.311939657480023, "prior": 5.754639817943711, "rate": 1.8055046214421606}, "datetime": {"datetime": "2024-06-14 08:53:12", "elapsed": 2.70862, "delta": 0.007979}}
{"target": -288.081506905679, "params": {"gamma": 6.309961044194965, "prior": 9.811144389930757, "rate": 8.749150609572597}, "datetime": {"datetime": "2024-06-14 08:53:12", "elapsed": 2.717596, "delta": 0.008976}}
{"target": -209.82304089348634, "params": {"gamma": 4.518910657959286, "prior": 7.113762613512001, "rate": 7.77491003128189}, "datetime": {"datetime": "2024-06-14 08:53:12", "elapsed": 2.726572, "delta": 0.008976}}
{"target": -334.2071493825564, "params": {"gamma": 4.9489359987414545, "prior": 5.332481552757894, "rate": 1.5086931993235537}, "datetime": {"datetime": "2024-06-14 08:53:12", "elapsed": 2.735554, "delta": 0.008982}}
{"target": -160.11047638463282, "params": {"gamma": 3.6946298561934507, "prior": 1.5079904054205882, "rate": 7.269210639692282}, "datetime": {"datetime": "2024-06-14 08:53:12", "elapsed": 2.744533, "delta": 0.008979}}
{"target": -191.67512561992905, "params": {"gamma": 4.770652931028231, "prior": 4.543900483396978, "rate": 8.860093713682348}, "datetime": {"datetime": "2024-06-14 08:53:12", "elapsed": 2.753511, "delta": 0.008978}}
{"target": -277.84474760121736, "params": {"gamma": 5.2766601043433035, "prior": 4.149999235976913, "rate": 2.6896513301042457}, "datetime": {"datetime": "2024-06-14 08:53:12", "elapsed": 2.762299, "delta": 0.008788}}
{"target": -166.39567244740093, "params": {"gamma": 0.7210483396625298, "prior": 4.239547723880626, "rate": 0.25850907058342715}, "datetime": {"datetime": "2024-06-14 08:53:12", "elapsed": 2.771275, "delta": 0.008976}}
{"target": -149.58430741094966, "params": {"gamma": 2.912248251583728, "prior": 5.084744147499125, "rate": 9.659364717132203}, "datetime": {"datetime": "2024-06-14 08:53:12", "elapsed": 2.780269, "delta": 0.008994}}
{"target": -131.9808533652332, "params": {"gamma": 1.0947197590216522, "prior": 6.7631064367445575, "rate": 4.999823778620901}, "datetime": {"datetime": "2024-06-14 08:53:12", "elapsed": 2.788753, "delta": 0.008484}}
{"target": -416.8460831071107, "params": {"gamma": 7.771205194528555, "prior": 1.521709278954672, "rate": 0.8329431617223197}, "datetime": {"datetime": "2024-06-14 08:53:13", "elapsed": 2.797731, "delta": 0.008978}}
{"target": -288.5220717660741, "params": {"gamma": 3.9927868349191855, "prior": 7.989926294601011, "rate": 1.917565713359991}, "datetime": {"datetime": "2024-06-14 08:53:13", "elapsed": 2.806707, "delta": 0.008976}}
{"target": -369.3255534977014, "params": {"gamma": 7.678004144280593, "prior": 2.9739501709124956, "rate": 2.1696979846303415}, "datetime": {"datetime": "2024-06-14 08:53:13", "elapsed": 2.815683, "delta": 0.008976}}
{"target": -140.76957203299705, "params": {"gamma": 0.1681391751809873, "prior": 4.046724693231549, "rate": 3.8114338314432303}, "datetime": {"datetime": "2024-06-14 08:53:13", "elapsed": 2.824662, "delta": 0.008979}}
{"target": -237.66926443796424, "params": {"gamma": 6.593790017017453, "prior": 0.8020921646568335, "rate": 1.5268872664356763}, "datetime": {"datetime": "2024-06-14 08:53:13", "elapsed": 2.833641, "delta": 0.008979}}
{"target": -135.81558741828113, "params": {"gamma": 0.16674225312644053, "prior": 1.2265839288293277, "rate": 6.518240970824895}, "datetime": {"datetime": "2024-06-14 08:53:13", "elapsed": 2.842619, "delta": 0.008978}}
{"target": -177.5876411197972, "params": {"gamma": 4.027165864897017, "prior": 3.278160510256427, "rate": 5.579562030443482}, "datetime": {"datetime": "2024-06-14 08:53:13", "elapsed": 2.851599, "delta": 0.00898}}
{"target": -442.7141349106877, "params": {"gamma": 9.9346111705354, "prior": 8.361416488778493, "rate": 6.99653220081344}, "datetime": {"datetime": "2024-06-14 08:53:13", "elapsed": 2.860595, "delta": 0.008996}}
{"target": -331.47991029559427, "params": {"gamma": 9.182667632731448, "prior": 0.4933141961625397, "rate": 0.7042640827136369}, "datetime": {"datetime": "2024-06-14 08:53:13", "elapsed": 2.870076, "delta": 0.009481}}
{"target": -184.86625558147773, "params": {"gamma": 4.740588893590559, "prior": 3.5567573882750656, "rate": 9.37258336922236}, "datetime": {"datetime": "2024-06-14 08:53:13", "elapsed": 2.878696, "delta": 0.00862}}
{"target": -200.50109343873854, "params": {"gamma": 4.896160046490541, "prior": 5.442526189924171, "rate": 8.952708396946477}, "datetime": {"datetime": "2024-06-14 08:53:13", "elapsed": 2.887672, "delta": 0.008976}}
{"target": -304.2487260498629, "params": {"gamma": 4.466903823191082, "prior": 8.782640453776484, "rate": 2.536563911966912}, "datetime": {"datetime": "2024-06-14 08:53:13", "elapsed": 2.896647, "delta": 0.008975}}
{"target": -148.37040270778257, "params": {"gamma": 2.7388232318769274, "prior": 3.3507777618671426, "rate": 5.476095140539054}, "datetime": {"datetime": "2024-06-14 08:53:13", "elapsed": 2.905624, "delta": 0.008977}}
{"target": -197.95745844151418, "params": {"gamma": 2.2020666115957854, "prior": 6.747148793704605, "rate": 1.4287900347472011}, "datetime": {"datetime": "2024-06-14 08:53:13", "elapsed": 2.914599, "delta": 0.008975}}
{"target": -149.21651754027806, "params": {"gamma": 0.9419086447218946, "prior": 8.714898287433238, "rate": 2.3694501668664283}, "datetime": {"datetime": "2024-06-14 08:53:13", "elapsed": 2.92261, "delta": 0.008011}}
{"target": -198.5214683400875, "params": {"gamma": 3.8606541062149327, "prior": 5.758266717980789, "rate": 5.258493897544749}, "datetime": {"datetime": "2024-06-14 08:53:13", "elapsed": 2.931559, "delta": 0.008949}}
{"target": -125.84703222709975, "params": {"gamma": 0.7611627705416266, "prior": 8.75384676242048, "rate": 9.511405048568502}, "datetime": {"datetime": "2024-06-14 08:53:13", "elapsed": 2.94057, "delta": 0.009011}}
{"target": -280.14419876035913, "params": {"gamma": 8.125260534442543, "prior": 2.9096381659740556, "rate": 5.278940114383477}, "datetime": {"datetime": "2024-06-14 08:53:13", "elapsed": 2.949548, "delta": 0.008978}}
{"target": -161.96309397734535, "params": {"gamma": 3.394827823452077, "prior": 5.5912063767979, "rate": 9.744060285661112}, "datetime": {"datetime": "2024-06-14 08:53:13", "elapsed": 2.959059, "delta": 0.009511}}
{"target": -203.77732293011317, "params": {"gamma": 3.1177174742720952, "prior": 6.72108639863641, "rate": 3.26034610588255}, "datetime": {"datetime": "2024-06-14 08:53:13", "elapsed": 2.968035, "delta": 0.008976}}
{"target": -254.6916062295164, "params": {"gamma": 7.744998182884782, "prior": 3.325518669470728, "rate": 8.898383587132303}, "datetime": {"datetime": "2024-06-14 08:53:13", "elapsed": 2.97701, "delta": 0.008975}}
{"target": -387.313517662323, "params": {"gamma": 7.51732550147175, "prior": 7.650057744906595, "rate": 4.695320806570698}, "datetime": {"datetime": "2024-06-14 08:53:13", "elapsed": 2.985986, "delta": 0.008976}}
{"target": -129.0726161547428, "params": {"gamma": 2.108434260184585, "prior": 0.5106032878073389, "rate": 3.218966170902475}, "datetime": {"datetime": "2024-06-14 08:53:13", "elapsed": 2.994995, "delta": 0.009009}}
{"target": -133.4874533186695, "params": {"gamma": 0.3720895322754502, "prior": 6.969168572601607, "rate": 6.703829969329749}, "datetime": {"datetime": "2024-06-14 08:53:13", "elapsed": 3.004936, "delta": 0.009941}}
{"target": -231.35802961979064, "params": {"gamma": 4.305287355667006, "prior": 7.701110878815912, "rate": 5.360548938900898}, "datetime": {"datetime": "2024-06-14 08:53:13", "elapsed": 3.013912, "delta": 0.008976}}
{"target": -130.09220831466226, "params": {"gamma": 0.3995594064278903, "prior": 1.4344518678107228, "rate": 1.9349705737501688}, "datetime": {"datetime": "2024-06-14 08:53:13", "elapsed": 3.022888, "delta": 0.008976}}
{"target": -155.6563530172884, "params": {"gamma": 3.357302347845333, "prior": 0.6178981697310199, "rate": 6.051562688223163}, "datetime": {"datetime": "2024-06-14 08:53:13", "elapsed": 3.030866, "delta": 0.007978}}
{"target": -264.73681108477126, "params": {"gamma": 5.121098214211664, "prior": 6.212864018969845, "rate": 4.324123592048677}, "datetime": {"datetime": "2024-06-14 08:53:13", "elapsed": 3.039843, "delta": 0.008977}}
{"target": -710.1407896086804, "params": {"gamma": 8.47715698190614, "prior": 4.595184654985598, "rate": 0.15501979439941704}, "datetime": {"datetime": "2024-06-14 08:53:13", "elapsed": 3.048819, "delta": 0.008976}}
{"target": -333.5976594470404, "params": {"gamma": 8.730808416322548, "prior": 6.596395322666579, "rate": 8.23020740344406}, "datetime": {"datetime": "2024-06-14 08:53:13", "elapsed": 3.057795, "delta": 0.008976}}
{"target": -296.28023994716614, "params": {"gamma": 9.517805154645483, "prior": 0.6040325968171834, "rate": 2.3514835690460547}, "datetime": {"datetime": "2024-06-14 08:53:13", "elapsed": 3.06678, "delta": 0.008985}}
{"target": -121.66968519673208, "params": {"gamma": 0.6343710911199417, "prior": 4.274413071721264, "rate": 8.638427625869019}, "datetime": {"datetime": "2024-06-14 08:53:13", "elapsed": 3.075747, "delta": 0.008967}}
{"target": -147.95079823906622, "params": {"gamma": 0.817158203167966, "prior": 4.783808333570197, "rate": 1.2563055549774276}, "datetime": {"datetime": "2024-06-14 08:53:13", "elapsed": 3.084722, "delta": 0.008975}}
{"target": -635.4630889694071, "params": {"gamma": 7.729083136069011, "prior": 8.43007935227885, "rate": 0.4338660909233998}, "datetime": {"datetime": "2024-06-14 08:53:13", "elapsed": 3.093699, "delta": 0.008977}}
{"target": -185.33075242212936, "params": {"gamma": 4.864920990960778, "prior": 2.470169336963784, "rate": 9.5247853431509}, "datetime": {"datetime": "2024-06-14 08:53:13", "elapsed": 3.102674, "delta": 0.008975}}
{"target": -328.25610867810093, "params": {"gamma": 9.438982385210178, "prior": 6.1779466236085385, "rate": 9.734900485854638}, "datetime": {"datetime": "2024-06-14 08:53:13", "elapsed": 3.11165, "delta": 0.008976}}
{"target": -218.2929465667941, "params": {"gamma": 3.4492685758187935, "prior": 8.98872210491005, "rate": 4.346515139111687}, "datetime": {"datetime": "2024-06-14 08:53:13", "elapsed": 3.120626, "delta": 0.008976}}
{"target": -159.76653165148696, "params": {"gamma": 2.35891055683799, "prior": 9.414196835693854, "rate": 6.842496291781293}, "datetime": {"datetime": "2024-06-14 08:53:13", "elapsed": 3.129603, "delta": 0.008977}}
{"target": -130.33700024056947, "params": {"gamma": 0.6500509418059542, "prior": 8.717206082548355, "rate": 7.01410156603883}, "datetime": {"datetime": "2024-06-14 08:53:13", "elapsed": 3.138582, "delta": 0.008979}}
{"target": -381.5619508994609, "params": {"gamma": 6.049663802869843, "prior": 7.350511501875372, "rate": 2.535136985955308}, "datetime": {"datetime": "2024-06-14 08:53:13", "elapsed": 3.14714, "delta": 0.008558}}
{"target": -494.5534777000026, "params": {"gamma": 6.00528906379017, "prior": 8.164729894490387, "rate": 0.542082489579675}, "datetime": {"datetime": "2024-06-14 08:53:13", "elapsed": 3.156111, "delta": 0.008971}}
{"target": -134.7113424089332, "params": {"gamma": 1.3059762027213204, "prior": 8.440213518568495, "rate": 6.183840347409528}, "datetime": {"datetime": "2024-06-14 08:53:13", "elapsed": 3.165086, "delta": 0.008975}}
{"target": -231.31370970676514, "params": {"gamma": 5.3133468170001, "prior": 2.558078217071276, "rate": 2.9514906739197095}, "datetime": {"datetime": "2024-06-14 08:53:13", "elapsed": 3.174063, "delta": 0.008977}}
{"target": -641.8638499535961, "params": {"gamma": 8.726988963029699, "prior": 4.274492755012122, "rate": 0.6452381255404884}, "datetime": {"datetime": "2024-06-14 08:53:13", "elapsed": 3.183038, "delta": 0.008975}}
{"target": -282.6794370035739, "params": {"gamma": 8.969953710006317, "prior": 2.1134702449581058, "rate": 8.262449127388422}, "datetime": {"datetime": "2024-06-14 08:53:13", "elapsed": 3.192014, "delta": 0.008976}}
{"target": -339.6729223518052, "params": {"gamma": 8.81782446020499, "prior": 4.918832373701547, "rate": 5.98504846635326}, "datetime": {"datetime": "2024-06-14 08:53:13", "elapsed": 3.20099, "delta": 0.008976}}
{"target": -219.78686579379888, "params": {"gamma": 5.273147297397685, "prior": 6.28573081243644, "rate": 8.550562171752167}, "datetime": {"datetime": "2024-06-14 08:53:13", "elapsed": 3.210031, "delta": 0.009041}}
{"target": -179.43974155475024, "params": {"gamma": 2.8221123446002014, "prior": 8.849179530987948, "rate": 5.677335610861374}, "datetime": {"datetime": "2024-06-14 08:53:13", "elapsed": 3.219007, "delta": 0.008976}}
{"target": -118.26480804962762, "params": {"gamma": 1.151915306628067, "prior": 2.347311535625114, "rate": 5.960227873744525}, "datetime": {"datetime": "2024-06-14 08:53:13", "elapsed": 3.227983, "delta": 0.008976}}
{"target": -147.75798747200503, "params": {"gamma": 2.395222922809899, "prior": 1.4010150393208598, "rate": 1.6193152935242277}, "datetime": {"datetime": "2024-06-14 08:53:13", "elapsed": 3.236959, "delta": 0.008976}}
{"target": -299.1359561609889, "params": {"gamma": 8.448880309839154, "prior": 6.061618173537837, "rate": 9.635707304796231}, "datetime": {"datetime": "2024-06-14 08:53:13", "elapsed": 3.245935, "delta": 0.008976}}
{"target": -181.47944174717585, "params": {"gamma": 3.4574464537469587, "prior": 5.996688471536002, "rate": 5.9902539044452245}, "datetime": {"datetime": "2024-06-14 08:53:13", "elapsed": 3.255, "delta": 0.009065}}
{"target": -225.99904094379937, "params": {"gamma": 6.157427167752284, "prior": 0.6858543511386517, "rate": 7.503421528562285}, "datetime": {"datetime": "2024-06-14 08:53:13", "elapsed": 3.263484, "delta": 0.008484}}
{"target": -581.0293449759125, "params": {"gamma": 9.482146772378064, "prior": 5.393322666077928, "rate": 1.926367653529729}, "datetime": {"datetime": "2024-06-14 08:53:13", "elapsed": 3.273458, "delta": 0.009974}}
{"target": -273.6861244518152, "params": {"gamma": 7.529506223884443, "prior": 0.17245779634585162, "rate": 3.2832327804041577}, "datetime": {"datetime": "2024-06-14 08:53:13", "elapsed": 3.281436, "delta": 0.007978}}
{"target": -330.02695068122364, "params": {"gamma": 9.176145870096288, "prior": 5.92483659564938, "rate": 8.55204764875745}, "datetime": {"datetime": "2024-06-14 08:53:13", "elapsed": 3.29141, "delta": 0.009974}}
{"target": -261.32187074844, "params": {"gamma": 6.047115851439529, "prior": 8.243523709986324, "rate": 8.79495575076974}, "datetime": {"datetime": "2024-06-14 08:53:13", "elapsed": 3.299388, "delta": 0.007978}}
{"target": -150.23264596891295, "params": {"gamma": 3.210542758870008, "prior": 1.3172522383665672, "rate": 7.213312138521522}, "datetime": {"datetime": "2024-06-14 08:53:13", "elapsed": 3.308364, "delta": 0.008976}}
{"target": -175.25764107286966, "params": {"gamma": 4.404030521225552, "prior": 1.3546835205058854, "rate": 5.898646657450783}, "datetime": {"datetime": "2024-06-14 08:53:13", "elapsed": 3.31734, "delta": 0.008976}}
{"target": -126.19903013088766, "params": {"gamma": 0.36164707738402946, "prior": 2.0818029524687707, "rate": 7.883223595490022}, "datetime": {"datetime": "2024-06-14 08:53:13", "elapsed": 3.326316, "delta": 0.008976}}
{"target": -150.82710337453977, "params": {"gamma": 0.12195550339356331, "prior": 3.1031221499148343, "rate": 0.2147382349196191}, "datetime": {"datetime": "2024-06-14 08:53:13", "elapsed": 3.335292, "delta": 0.008976}}
{"target": -547.2145264869142, "params": {"gamma": 9.974852442290567, "prior": 5.862096765800271, "rate": 2.93446940858208}, "datetime": {"datetime": "2024-06-14 08:53:13", "elapsed": 3.344268, "delta": 0.008976}}
{"target": -405.34704242745664, "params": {"gamma": 9.289565669469264, "prior": 5.120482293127225, "rate": 4.547467583296517}, "datetime": {"datetime": "2024-06-14 08:53:13", "elapsed": 3.353244, "delta": 0.008976}}
{"target": -251.29995713978235, "params": {"gamma": 5.879127191455569, "prior": 2.7149626776846394, "rate": 3.0535777051749857}, "datetime": {"datetime": "2024-06-14 08:53:13", "elapsed": 3.36222, "delta": 0.008976}}
{"target": -164.00724997628356, "params": {"gamma": 3.7171741126651003, "prior": 2.520035193778948, "rate": 5.845888113900182}, "datetime": {"datetime": "2024-06-14 08:53:13", "elapsed": 3.371196, "delta": 0.008976}}
{"target": -249.2061619486621, "params": {"gamma": 6.958765493189333, "prior": 0.8122774796236112, "rate": 9.710862112935013}, "datetime": {"datetime": "2024-06-14 08:53:13", "elapsed": 3.380202, "delta": 0.009006}}
{"target": -329.5071364237993, "params": {"gamma": 7.53095348803868, "prior": 8.081015313238742, "rate": 7.516652400408825}, "datetime": {"datetime": "2024-06-14 08:53:13", "elapsed": 3.389149, "delta": 0.008947}}
{"target": -127.76640007592329, "params": {"gamma": 0.8015297117349018, "prior": 4.868793201909653, "rate": 4.457283891060159}, "datetime": {"datetime": "2024-06-14 08:53:13", "elapsed": 3.398124, "delta": 0.008975}}
{"target": -252.6193191649648, "params": {"gamma": 6.725054032598774, "prior": 4.5424988623607865, "rate": 7.043429670440712}, "datetime": {"datetime": "2024-06-14 08:53:13", "elapsed": 3.407101, "delta": 0.008977}}
{"target": -308.4968715318439, "params": {"gamma": 6.816771730688627, "prior": 7.001770434652286, "rate": 6.186388824872803}, "datetime": {"datetime": "2024-06-14 08:53:13", "elapsed": 3.416077, "delta": 0.008976}}
{"target": -131.74926538031244, "params": {"gamma": 1.5106563520631782, "prior": 7.631944317426985, "rate": 7.810677176117377}, "datetime": {"datetime": "2024-06-14 08:53:13", "elapsed": 3.425053, "delta": 0.008976}}
{"target": -429.0278900700251, "params": {"gamma": 9.041125756152136, "prior": 2.414310056780649, "rate": 1.7676122518303419}, "datetime": {"datetime": "2024-06-14 08:53:13", "elapsed": 3.434817, "delta": 0.009764}}
{"target": -167.28512630511196, "params": {"gamma": 3.9116001319445175, "prior": 3.2735900745520863, "rate": 8.154953813127257}, "datetime": {"datetime": "2024-06-14 08:53:13", "elapsed": 3.442796, "delta": 0.007979}}
{"target": -332.4703577735015, "params": {"gamma": 6.135645470784649, "prior": 7.624017348262513, "rate": 4.277223331869946}, "datetime": {"datetime": "2024-06-14 08:53:13", "elapsed": 3.452769, "delta": 0.009973}}
{"target": -116.88158025135037, "params": {"gamma": 0.9953061885929767, "prior": 1.238846619297438, "rate": 3.734697910240216}, "datetime": {"datetime": "2024-06-14 08:53:13", "elapsed": 3.461745, "delta": 0.008976}}
{"target": -148.00225801843249, "params": {"gamma": 1.939283827327562, "prior": 8.225390336367088, "rate": 5.996760448228745}, "datetime": {"datetime": "2024-06-14 08:53:13", "elapsed": 3.470721, "delta": 0.008976}}
{"target": -498.3052848891304, "params": {"gamma": 6.888763744927632, "prior": 4.9619886169125325, "rate": 0.8826486387405684}, "datetime": {"datetime": "2024-06-14 08:53:13", "elapsed": 3.479697, "delta": 0.008976}}
{"target": -178.5008470612246, "params": {"gamma": 2.351541289225017, "prior": 4.669860600827058, "rate": 1.9867164390362086}, "datetime": {"datetime": "2024-06-14 08:53:13", "elapsed": 3.488673, "delta": 0.008976}}
{"target": -137.03737142386274, "params": {"gamma": 0.2557368815524242, "prior": 7.321037212735911, "rate": 7.249442555443973}, "datetime": {"datetime": "2024-06-14 08:53:13", "elapsed": 3.49765, "delta": 0.008977}}
{"target": -209.40552181268325, "params": {"gamma": 3.304587071870666, "prior": 8.45059184803019, "rate": 4.284996317034784}, "datetime": {"datetime": "2024-06-14 08:53:13", "elapsed": 3.506625, "delta": 0.008975}}
{"target": -381.1660177595703, "params": {"gamma": 8.64699676149058, "prior": 6.604947703766606, "rate": 5.810775538523484}, "datetime": {"datetime": "2024-06-14 08:53:13", "elapsed": 3.515601, "delta": 0.008976}}
{"target": -133.01941074441928, "params": {"gamma": 2.008074152862875, "prior": 5.342511443736109, "rate": 8.944429751857296}, "datetime": {"datetime": "2024-06-14 08:53:13", "elapsed": 3.524577, "delta": 0.008976}}
{"target": -167.92047264518916, "params": {"gamma": 3.0506347643763254, "prior": 8.722361530694428, "rate": 9.087543983311022}, "datetime": {"datetime": "2024-06-14 08:53:13", "elapsed": 3.533555, "delta": 0.008978}}
{"target": -167.1323309878698, "params": {"gamma": 3.2991157822561417, "prior": 6.862436226731985, "rate": 8.992310274710121}, "datetime": {"datetime": "2024-06-14 08:53:13", "elapsed": 3.542532, "delta": 0.008977}}
{"target": -150.30890065838088, "params": {"gamma": 0.7578931207012753, "prior": 8.798019845727227, "rate": 1.9092027933215376}, "datetime": {"datetime": "2024-06-14 08:53:13", "elapsed": 3.552506, "delta": 0.009974}}
{"target": -464.34792864985536, "params": {"gamma": 8.497839331269288, "prior": 6.704476008122119, "rate": 3.4440476153050885}, "datetime": {"datetime": "2024-06-14 08:53:13", "elapsed": 3.563476, "delta": 0.01097}}
{"target": -127.81450469028663, "params": {"gamma": 1.5146043243579972, "prior": 6.390172518735689, "rate": 8.478032649103701}, "datetime": {"datetime": "2024-06-14 08:53:13", "elapsed": 3.572452, "delta": 0.008976}}
{"target": -296.95790069038173, "params": {"gamma": 8.218671898265342, "prior": 6.319572011593512, "rate": 9.563058796042565}, "datetime": {"datetime": "2024-06-14 08:53:13", "elapsed": 3.582425, "delta": 0.009973}}
{"target": -216.90854889991158, "params": {"gamma": 5.899641347630623, "prior": 2.058544568014401, "rate": 4.293877895442307}, "datetime": {"datetime": "2024-06-14 08:53:13", "elapsed": 3.591402, "delta": 0.008977}}
{"target": -227.55482600444276, "params": {"gamma": 3.3681232410129716, "prior": 9.920255617882082, "rate": 3.8029847246765303}, "datetime": {"datetime": "2024-06-14 08:53:13", "elapsed": 3.600377, "delta": 0.008975}}
{"target": -621.7967919144838, "params": {"gamma": 9.927016035774514, "prior": 5.2361620822608, "rate": 1.7236247350697775}, "datetime": {"datetime": "2024-06-14 08:53:13", "elapsed": 3.609353, "delta": 0.008976}}
