{"target": -208.72271570699453, "params": {"gamma": 5.5889624922088075, "prior": 2.626743526039231, "rate": 5.1791698014639245}, "datetime": {"datetime": "2024-06-14 06:59:18", "elapsed": 14.234697, "delta": 0.008977}}
{"target": -313.9235278841405, "params": {"gamma": 9.297580185091476, "prior": 1.9346601105112133, "rate": 7.342339864091912}, "datetime": {"datetime": "2024-06-14 06:59:18", "elapsed": 14.24467, "delta": 0.009973}}
{"target": -511.89102288610894, "params": {"gamma": 8.72195678460364, "prior": 6.72761646306554, "rate": 2.0377529908899317}, "datetime": {"datetime": "2024-06-14 06:59:18", "elapsed": 14.254643, "delta": 0.009973}}
{"target": -157.87422971171787, "params": {"gamma": 1.2925307977203897, "prior": 5.198826614589597, "rate": 1.3039515035572151}, "datetime": {"datetime": "2024-06-14 06:59:18", "elapsed": 14.264616, "delta": 0.009973}}
{"target": -408.61269637235307, "params": {"gamma": 8.257174308347446, "prior": 5.284080834265936, "rate": 2.9149454507613863}, "datetime": {"datetime": "2024-06-14 06:59:18", "elapsed": 14.27459, "delta": 0.009974}}
{"target": -210.11916251518187, "params": {"gamma": 5.681699207758667, "prior": 2.6803100664115536, "rate": 5.845117576613796}, "datetime": {"datetime": "2024-06-14 06:59:18", "elapsed": 14.28457, "delta": 0.00998}}
{"target": -136.86988208282827, "params": {"gamma": 2.32199215010331, "prior": 2.268615316993386, "rate": 5.185542309916678}, "datetime": {"datetime": "2024-06-14 06:59:18", "elapsed": 14.294539, "delta": 0.009969}}
{"target": -559.8885350981672, "params": {"gamma": 8.35432241661817, "prior": 6.483230627566245, "rate": 0.9428132212047013}, "datetime": {"datetime": "2024-06-14 06:59:18", "elapsed": 14.304513, "delta": 0.009974}}
{"target": -134.3659625611323, "params": {"gamma": 1.3415491851440944, "prior": 3.963975898564573, "rate": 3.1963273640149286}, "datetime": {"datetime": "2024-06-14 06:59:18", "elapsed": 14.314486, "delta": 0.009973}}
{"target": -670.1447475238894, "params": {"gamma": 8.912314797811076, "prior": 8.92378573099424, "rate": 0.2992111861366949}, "datetime": {"datetime": "2024-06-14 06:59:18", "elapsed": 14.324459, "delta": 0.009973}}
{"target": -164.3995733667106, "params": {"gamma": 2.1060088559719117, "prior": 3.9446918559051225, "rate": 1.7645710751045083}, "datetime": {"datetime": "2024-06-14 06:59:18", "elapsed": 14.334432, "delta": 0.009973}}
{"target": -309.67895700596677, "params": {"gamma": 9.186944713043502, "prior": 1.9770256796040655, "rate": 7.3401256292133965}, "datetime": {"datetime": "2024-06-14 06:59:18", "elapsed": 14.343408, "delta": 0.008976}}
{"target": -313.25005557866257, "params": {"gamma": 9.569199419728829, "prior": 4.829408647933721, "rate": 8.142378714413438}, "datetime": {"datetime": "2024-06-14 06:59:18", "elapsed": 14.353382, "delta": 0.009974}}
{"target": -201.7525657593355, "params": {"gamma": 4.282765599393484, "prior": 8.153147623700525, "rate": 7.6172232645805815}, "datetime": {"datetime": "2024-06-14 06:59:18", "elapsed": 14.363355, "delta": 0.009973}}
{"target": -304.5427206028139, "params": {"gamma": 9.596076873702136, "prior": 3.432340065789796, "rate": 7.666177450236105}, "datetime": {"datetime": "2024-06-14 06:59:18", "elapsed": 14.373328, "delta": 0.009973}}
{"target": -358.49762027024684, "params": {"gamma": 9.216256420526488, "prior": 8.12663966088829, "rate": 8.143560581729513}, "datetime": {"datetime": "2024-06-14 06:59:18", "elapsed": 14.383302, "delta": 0.009974}}
{"target": -320.80938965804035, "params": {"gamma": 9.483034089579148, "prior": 2.9777607367995413, "rate": 4.402025448023279}, "datetime": {"datetime": "2024-06-14 06:59:18", "elapsed": 14.393585, "delta": 0.010283}}
{"target": -144.84207500095326, "params": {"gamma": 1.0614689514075122, "prior": 8.785093022870859, "rate": 3.4376495800562545}, "datetime": {"datetime": "2024-06-14 06:59:18", "elapsed": 14.403559, "delta": 0.009974}}
{"target": -300.917318879685, "params": {"gamma": 9.052543557612724, "prior": 2.118189958793863, "rate": 3.49670854682447}, "datetime": {"datetime": "2024-06-14 06:59:18", "elapsed": 14.413533, "delta": 0.009974}}
{"target": -311.99215687366876, "params": {"gamma": 6.905103296395332, "prior": 9.234794588551267, "rate": 6.879772184061891}, "datetime": {"datetime": "2024-06-14 06:59:18", "elapsed": 14.422536, "delta": 0.009003}}
{"target": -172.4882503705855, "params": {"gamma": 3.4015950863695554, "prior": 0.49643025309015587, "rate": 3.3181754241303745}, "datetime": {"datetime": "2024-06-14 06:59:18", "elapsed": 14.432481, "delta": 0.009945}}
{"target": -202.5480247099256, "params": {"gamma": 4.762134435981242, "prior": 7.330961340576835, "rate": 8.936392304537144}, "datetime": {"datetime": "2024-06-14 06:59:18", "elapsed": 14.442454, "delta": 0.009973}}
{"target": -142.67090457546973, "params": {"gamma": 0.06408410135224346, "prior": 0.8596711762344525, "rate": 2.818623672892344}, "datetime": {"datetime": "2024-06-14 06:59:18", "elapsed": 14.452428, "delta": 0.009974}}
{"target": -248.57495015252485, "params": {"gamma": 5.356653678219738, "prior": 5.404277422789192, "rate": 4.25320952977812}, "datetime": {"datetime": "2024-06-14 06:59:18", "elapsed": 14.462401, "delta": 0.009973}}
{"target": -569.6556455072362, "params": {"gamma": 8.836490541785956, "prior": 7.300785245839415, "rate": 1.360477671934808}, "datetime": {"datetime": "2024-06-14 06:59:18", "elapsed": 14.472374, "delta": 0.009973}}
{"target": -156.7967744492834, "params": {"gamma": 2.3521283159904485, "prior": 5.10252796959535, "rate": 3.625823024683793}, "datetime": {"datetime": "2024-06-14 06:59:18", "elapsed": 14.482348, "delta": 0.009974}}
{"target": -267.56113621696045, "params": {"gamma": 8.086391818387844, "prior": 4.251421809439748, "rate": 9.41168440870445}, "datetime": {"datetime": "2024-06-14 06:59:18", "elapsed": 14.492321, "delta": 0.009973}}
{"target": -129.4762849710393, "params": {"gamma": 1.8253827869110664, "prior": 4.879596033761096, "rate": 8.942579468503189}, "datetime": {"datetime": "2024-06-14 06:59:18", "elapsed": 14.502294, "delta": 0.009973}}
{"target": -134.28867512476512, "params": {"gamma": 0.6582946776379386, "prior": 2.8643934665653927, "rate": 2.0285264812184285}, "datetime": {"datetime": "2024-06-14 06:59:18", "elapsed": 14.511822, "delta": 0.009528}}
{"target": -315.09175158804896, "params": {"gamma": 9.848142780102968, "prior": 4.737692189034398, "rate": 8.881823309179376}, "datetime": {"datetime": "2024-06-14 06:59:18", "elapsed": 14.521795, "delta": 0.009973}}
{"target": -284.3527805934123, "params": {"gamma": 8.539400167342631, "prior": 1.1292889740891987, "rate": 3.500085683547541}, "datetime": {"datetime": "2024-06-14 06:59:18", "elapsed": 14.531768, "delta": 0.009973}}
{"target": -212.6373971940609, "params": {"gamma": 4.967458463909608, "prior": 8.801060937259923, "rate": 9.818558826019503}, "datetime": {"datetime": "2024-06-14 06:59:18", "elapsed": 14.541742, "delta": 0.009974}}
{"target": -169.7425157361239, "params": {"gamma": 3.370152344242372, "prior": 7.8412910908400715, "rate": 8.587314644739731}, "datetime": {"datetime": "2024-06-14 06:59:18", "elapsed": 14.551267, "delta": 0.009525}}
{"target": -147.50414503581828, "params": {"gamma": 2.8132116645345953, "prior": 2.0693816102392013, "rate": 6.46649017792085}, "datetime": {"datetime": "2024-06-14 06:59:18", "elapsed": 14.561237, "delta": 0.00997}}
{"target": -223.96155560645536, "params": {"gamma": 5.641829191069348, "prior": 1.630298027663653, "rate": 7.421983140023526}, "datetime": {"datetime": "2024-06-14 06:59:18", "elapsed": 14.571211, "delta": 0.009974}}
{"target": -334.0623945515871, "params": {"gamma": 3.6015667876147712, "prior": 6.08627280178168, "rate": 0.06592323285271869}, "datetime": {"datetime": "2024-06-14 06:59:18", "elapsed": 14.581184, "delta": 0.009973}}
{"target": -317.6779555145546, "params": {"gamma": 5.905563148843087, "prior": 7.360917509441076, "rate": 3.457397702569941}, "datetime": {"datetime": "2024-06-14 06:59:18", "elapsed": 14.592154, "delta": 0.01097}}
{"target": -305.87146738052223, "params": {"gamma": 7.593538905555558, "prior": 4.327004199431187, "rate": 4.2325773823623205}, "datetime": {"datetime": "2024-06-14 06:59:18", "elapsed": 14.602128, "delta": 0.009974}}
{"target": -157.346964758146, "params": {"gamma": 2.994227023324736, "prior": 7.436483296398663, "rate": 9.17093155390691}, "datetime": {"datetime": "2024-06-14 06:59:18", "elapsed": 14.611104, "delta": 0.008976}}
{"target": -214.54604314040284, "params": {"gamma": 4.431569286643207, "prior": 9.87114802409179, "rate": 7.995077879366126}, "datetime": {"datetime": "2024-06-14 06:59:18", "elapsed": 14.622074, "delta": 0.01097}}
{"target": -156.15334628833781, "params": {"gamma": 3.1130412574876014, "prior": 2.407742452022888, "rate": 3.5900011043724316}, "datetime": {"datetime": "2024-06-14 06:59:18", "elapsed": 14.632048, "delta": 0.009974}}
{"target": -179.20929646113487, "params": {"gamma": 4.047288190987675, "prior": 5.009393075339859, "rate": 7.015635889608674}, "datetime": {"datetime": "2024-06-14 06:59:18", "elapsed": 14.642021, "delta": 0.009973}}
{"target": -323.5731407814293, "params": {"gamma": 8.410142349236114, "prior": 0.6848328152847544, "rate": 4.531267048059634}, "datetime": {"datetime": "2024-06-14 06:59:18", "elapsed": 14.650997, "delta": 0.008976}}
{"target": -186.91960005506408, "params": {"gamma": 4.276131343403098, "prior": 4.29792090355555, "rate": 5.637207208839824}, "datetime": {"datetime": "2024-06-14 06:59:18", "elapsed": 14.66097, "delta": 0.009973}}
{"target": -302.5400102883337, "params": {"gamma": 9.3980782998847, "prior": 3.3701820193455276, "rate": 9.489732453291571}, "datetime": {"datetime": "2024-06-14 06:59:18", "elapsed": 14.670732, "delta": 0.009762}}
{"target": -144.76292158704476, "params": {"gamma": 2.4595966948386168, "prior": 5.529209774430184, "rate": 7.134294959360631}, "datetime": {"datetime": "2024-06-14 06:59:18", "elapsed": 14.680705, "delta": 0.009973}}
{"target": -319.17963250768497, "params": {"gamma": 8.806336338229208, "prior": 7.838817028821818, "rate": 9.657646828616505}, "datetime": {"datetime": "2024-06-14 06:59:18", "elapsed": 14.691184, "delta": 0.010479}}
{"target": -261.4753537723634, "params": {"gamma": 5.511879884156932, "prior": 9.063720741650819, "rate": 6.547188885206358}, "datetime": {"datetime": "2024-06-14 06:59:18", "elapsed": 14.701157, "delta": 0.009973}}
{"target": -135.55268982534585, "params": {"gamma": 1.6909319518823145, "prior": 0.4035410799066549, "rate": 7.608044237084763}, "datetime": {"datetime": "2024-06-14 06:59:18", "elapsed": 14.71113, "delta": 0.009973}}
{"target": -387.4232820335421, "params": {"gamma": 6.776523100769331, "prior": 2.9543033032339645, "rate": 1.061060113331068}, "datetime": {"datetime": "2024-06-14 06:59:18", "elapsed": 14.721104, "delta": 0.009974}}
{"target": -311.9790272926331, "params": {"gamma": 6.894912753981151, "prior": 7.519579902429176, "rate": 5.583261815945312}, "datetime": {"datetime": "2024-06-14 06:59:18", "elapsed": 14.731077, "delta": 0.009973}}
{"target": -233.29633085992884, "params": {"gamma": 6.6527083965787845, "prior": 4.10020372138982, "rate": 8.661009108350234}, "datetime": {"datetime": "2024-06-14 06:59:18", "elapsed": 14.741051, "delta": 0.009974}}
{"target": -243.60579713104124, "params": {"gamma": 5.3244804162311095, "prior": 8.95890809663211, "rate": 7.397355841077811}, "datetime": {"datetime": "2024-06-14 06:59:18", "elapsed": 14.750026, "delta": 0.008975}}
{"target": -214.99460808221977, "params": {"gamma": 5.229495878098283, "prior": 7.224605596526511, "rate": 8.867573377717738}, "datetime": {"datetime": "2024-06-14 06:59:18", "elapsed": 14.759999, "delta": 0.009973}}
{"target": -130.8986632280183, "params": {"gamma": 1.9459183399439965, "prior": 4.355070012521711, "rate": 8.593650736304962}, "datetime": {"datetime": "2024-06-14 06:59:18", "elapsed": 14.769973, "delta": 0.009974}}
{"target": -130.7927204338943, "params": {"gamma": 0.30593315470351806, "prior": 1.417513603339808, "rate": 4.0540634531511355}, "datetime": {"datetime": "2024-06-14 06:59:18", "elapsed": 14.779946, "delta": 0.009973}}
{"target": -125.42647319776866, "params": {"gamma": 1.1244776218587826, "prior": 7.288904924237335, "rate": 9.74812518591709}, "datetime": {"datetime": "2024-06-14 06:59:18", "elapsed": 14.790917, "delta": 0.010971}}
{"target": -348.3656028274504, "params": {"gamma": 4.891176585226112, "prior": 9.606648176679078, "rate": 1.3585554114606393}, "datetime": {"datetime": "2024-06-14 06:59:18", "elapsed": 14.799893, "delta": 0.008976}}
{"target": -258.7280593072077, "params": {"gamma": 7.004733804599716, "prior": 5.8702973117927115, "rate": 7.917543891275795}, "datetime": {"datetime": "2024-06-14 06:59:18", "elapsed": 14.809897, "delta": 0.010004}}
{"target": -296.9950889170753, "params": {"gamma": 5.377468422835572, "prior": 9.80093869090961, "rate": 4.397088163352406}, "datetime": {"datetime": "2024-06-14 06:59:18", "elapsed": 14.820837, "delta": 0.01094}}
{"target": -494.9644376884907, "params": {"gamma": 9.502773262661462, "prior": 9.190957370002844, "rate": 4.2392728592820275}, "datetime": {"datetime": "2024-06-14 06:59:18", "elapsed": 14.829813, "delta": 0.008976}}
{"target": -211.1982038017846, "params": {"gamma": 4.105808538326242, "prior": 0.2974759465557887, "rate": 4.485492635920682}, "datetime": {"datetime": "2024-06-14 06:59:18", "elapsed": 14.839786, "delta": 0.009973}}
{"target": -144.5156491669316, "params": {"gamma": 1.9949007104567833, "prior": 3.4256637772910272, "rate": 2.8258754102309727}, "datetime": {"datetime": "2024-06-14 06:59:18", "elapsed": 14.84976, "delta": 0.009974}}
{"target": -250.42981232856195, "params": {"gamma": 6.702309477116513, "prior": 4.457718385964588, "rate": 6.002889962165791}, "datetime": {"datetime": "2024-06-14 06:59:18", "elapsed": 14.859733, "delta": 0.009973}}
{"target": -381.5234358573497, "params": {"gamma": 8.435340806411245, "prior": 8.344442848168343, "rate": 5.855987869562886}, "datetime": {"datetime": "2024-06-14 06:59:18", "elapsed": 14.869707, "delta": 0.009974}}
{"target": -309.442148102119, "params": {"gamma": 4.405923932616606, "prior": 4.064061545938616, "rate": 0.7122002336399037}, "datetime": {"datetime": "2024-06-14 06:59:18", "elapsed": 14.87968, "delta": 0.009973}}
{"target": -257.87578236894706, "params": {"gamma": 4.674352425274426, "prior": 4.090123873148685, "rate": 2.0161053969500373}, "datetime": {"datetime": "2024-06-14 06:59:18", "elapsed": 14.889653, "delta": 0.009973}}
{"target": -285.10762111262335, "params": {"gamma": 8.027446895117734, "prior": 7.011664981432901, "rate": 9.754105729983317}, "datetime": {"datetime": "2024-06-14 06:59:18", "elapsed": 14.898629, "delta": 0.008976}}
{"target": -178.40063488199573, "params": {"gamma": 3.8557726961887338, "prior": 4.227583085286738, "rate": 5.197829460123607}, "datetime": {"datetime": "2024-06-14 06:59:18", "elapsed": 14.908602, "delta": 0.009973}}
{"target": -164.1001196578918, "params": {"gamma": 3.5335312774873016, "prior": 5.497942769513592, "rate": 8.897635664817782}, "datetime": {"datetime": "2024-06-14 06:59:18", "elapsed": 14.918577, "delta": 0.009975}}
{"target": -260.31002752744547, "params": {"gamma": 7.305463347346481, "prior": 2.144468303025567, "rate": 8.001728642806308}, "datetime": {"datetime": "2024-06-14 06:59:18", "elapsed": 14.929578, "delta": 0.011001}}
{"target": -437.7935794287991, "params": {"gamma": 7.953285322327399, "prior": 8.011000507978151, "rate": 3.168709736973412}, "datetime": {"datetime": "2024-06-14 06:59:18", "elapsed": 14.93952, "delta": 0.009942}}
{"target": -407.08967825698744, "params": {"gamma": 6.129902255734795, "prior": 6.557680721273064, "rate": 1.203129814105274}, "datetime": {"datetime": "2024-06-14 06:59:18", "elapsed": 14.949718, "delta": 0.010198}}
{"target": -298.97442219342554, "params": {"gamma": 9.1868342285534, "prior": 3.7445441578197576, "rate": 6.884078859625151}, "datetime": {"datetime": "2024-06-14 06:59:18", "elapsed": 14.959638, "delta": 0.00992}}
{"target": -321.2625530199292, "params": {"gamma": 9.283455455258283, "prior": 6.781234415399158, "rate": 9.38483564986149}, "datetime": {"datetime": "2024-06-14 06:59:18", "elapsed": 14.969612, "delta": 0.009974}}
{"target": -255.74573426261725, "params": {"gamma": 6.991377462572233, "prior": 1.7914931567760517, "rate": 7.289326185240949}, "datetime": {"datetime": "2024-06-14 06:59:18", "elapsed": 14.979585, "delta": 0.009973}}
{"target": -173.01103933373238, "params": {"gamma": 4.05779575275768, "prior": 3.2538756044600095, "rate": 7.806682064739028}, "datetime": {"datetime": "2024-06-14 06:59:18", "elapsed": 14.989558, "delta": 0.009973}}
{"target": -500.8983578851663, "params": {"gamma": 7.905100864498175, "prior": 9.495216479998318, "rate": 2.032649766796406}, "datetime": {"datetime": "2024-06-14 06:59:18", "elapsed": 14.999531, "delta": 0.009973}}
{"target": -261.1952710665362, "params": {"gamma": 5.32711064694857, "prior": 7.744012340448712, "rate": 5.163972338729523}, "datetime": {"datetime": "2024-06-14 06:59:18", "elapsed": 15.008507, "delta": 0.008976}}
{"target": -148.91297701259808, "params": {"gamma": 2.2886357530249133, "prior": 9.95337388401892, "rate": 8.893309115794231}, "datetime": {"datetime": "2024-06-14 06:59:18", "elapsed": 15.018481, "delta": 0.009974}}
{"target": -218.9191649260144, "params": {"gamma": 5.77185622802849, "prior": 5.426673287750362, "rate": 8.39992120466477}, "datetime": {"datetime": "2024-06-14 06:59:18", "elapsed": 15.028454, "delta": 0.009973}}
{"target": -456.9356172330009, "params": {"gamma": 9.146425179600218, "prior": 8.213895021249606, "rate": 4.3286649457508}, "datetime": {"datetime": "2024-06-14 06:59:18", "elapsed": 15.038428, "delta": 0.009974}}
{"target": -278.8487698119977, "params": {"gamma": 8.556375691660442, "prior": 2.333492784740386, "rate": 5.405620154121501}, "datetime": {"datetime": "2024-06-14 06:59:18", "elapsed": 15.048401, "delta": 0.009973}}
{"target": -163.25289408805145, "params": {"gamma": 3.1521877359098176, "prior": 1.2843815076826866, "rate": 1.455974015579314}, "datetime": {"datetime": "2024-06-14 06:59:18", "elapsed": 15.058374, "delta": 0.009973}}
{"target": -306.6843214771907, "params": {"gamma": 9.366111572060866, "prior": 2.0304250356307176, "rate": 6.499451382283563}, "datetime": {"datetime": "2024-06-14 06:59:18", "elapsed": 15.068348, "delta": 0.009974}}
{"target": -194.35758257550933, "params": {"gamma": 2.391972458242885, "prior": 5.302148770050018, "rate": 1.307211406941315}, "datetime": {"datetime": "2024-06-14 06:59:18", "elapsed": 15.078321, "delta": 0.009973}}
{"target": -149.4656770563687, "params": {"gamma": 2.89611392001835, "prior": 4.065192847476347, "rate": 7.067081063453817}, "datetime": {"datetime": "2024-06-14 06:59:18", "elapsed": 15.088294, "delta": 0.009973}}
{"target": -300.077813256442, "params": {"gamma": 9.0107982835773, "prior": 4.342913606645138, "rate": 7.138505863828612}, "datetime": {"datetime": "2024-06-14 06:59:19", "elapsed": 15.098268, "delta": 0.009974}}
{"target": -122.40525759285356, "params": {"gamma": 1.391725519034242, "prior": 1.0956932372792056, "rate": 4.481647794143768}, "datetime": {"datetime": "2024-06-14 06:59:19", "elapsed": 15.107244, "delta": 0.008976}}
{"target": -264.0406280821503, "params": {"gamma": 7.605301828565939, "prior": 2.392991312329407, "rate": 8.09151910411932}, "datetime": {"datetime": "2024-06-14 06:59:19", "elapsed": 15.117543, "delta": 0.010299}}
{"target": -146.65464670402628, "params": {"gamma": 2.5248249478764953, "prior": 0.9296321465117505, "rate": 5.130493139683857}, "datetime": {"datetime": "2024-06-14 06:59:19", "elapsed": 15.127024, "delta": 0.009481}}
{"target": -146.48753212248562, "params": {"gamma": 0.010777103781384231, "prior": 7.110319091630252, "rate": 7.390853426863938}, "datetime": {"datetime": "2024-06-14 06:59:19", "elapsed": 15.136999, "delta": 0.009975}}
{"target": -426.16537615000755, "params": {"gamma": 9.73322264344219, "prior": 6.6653296080007065, "rate": 4.942673042576449}, "datetime": {"datetime": "2024-06-14 06:59:19", "elapsed": 15.146971, "delta": 0.009972}}
{"target": -147.39796354260935, "params": {"gamma": 0.7371595478477164, "prior": 5.389520768514386, "rate": 1.4191621099841882}, "datetime": {"datetime": "2024-06-14 06:59:19", "elapsed": 15.156944, "delta": 0.009973}}
{"target": -450.7025029791695, "params": {"gamma": 8.024085235114102, "prior": 5.803873620313776, "rate": 2.1299294622685796}, "datetime": {"datetime": "2024-06-14 06:59:19", "elapsed": 15.166918, "delta": 0.009974}}
{"target": -244.28799692462232, "params": {"gamma": 7.070844731569463, "prior": 3.3967839214683155, "rate": 6.691313025057773}, "datetime": {"datetime": "2024-06-14 06:59:19", "elapsed": 15.176891, "delta": 0.009973}}
{"target": -291.94793822942495, "params": {"gamma": 7.795731330379866, "prior": 0.9571035750915102, "rate": 5.107053969244893}, "datetime": {"datetime": "2024-06-14 06:59:19", "elapsed": 15.186864, "delta": 0.009973}}
{"target": -140.74650464984998, "params": {"gamma": 1.0376399462769927, "prior": 6.5296689069268, "rate": 3.155663327191296}, "datetime": {"datetime": "2024-06-14 06:59:19", "elapsed": 15.196838, "delta": 0.009974}}
{"target": -294.8314252931212, "params": {"gamma": 6.435368403054906, "prior": 0.5806824424773391, "rate": 8.67009697380327}, "datetime": {"datetime": "2024-06-14 06:59:19", "elapsed": 15.206811, "delta": 0.009973}}
{"target": -301.57102123150986, "params": {"gamma": 4.78211439086565, "prior": 7.956176567412768, "rate": 2.267143144700332}, "datetime": {"datetime": "2024-06-14 06:59:19", "elapsed": 15.216784, "delta": 0.009973}}
{"target": -168.70605304593136, "params": {"gamma": 3.3504024487870745, "prior": 7.661371739793161, "rate": 8.534375742625368}, "datetime": {"datetime": "2024-06-14 06:59:19", "elapsed": 15.226758, "delta": 0.009974}}
