{"target": -353.7582728807406, "params": {"gamma": 5.618566827974954, "prior": 4.710139830525047, "rate": 1.5828405185913081}, "datetime": {"datetime": "2024-06-14 05:06:51", "elapsed": 12.969071, "delta": 0.010004}}
{"target": -127.59115562337846, "params": {"gamma": 0.46548205758633604, "prior": 4.691938262951814, "rate": 6.54336650017196}, "datetime": {"datetime": "2024-06-14 05:06:51", "elapsed": 12.979014, "delta": 0.009943}}
{"target": -148.3248246202163, "params": {"gamma": 2.1262506191650012, "prior": 4.059501088269441, "rate": 4.976881207213625}, "datetime": {"datetime": "2024-06-14 05:06:51", "elapsed": 12.98799, "delta": 0.008976}}
{"target": -464.4221732309032, "params": {"gamma": 9.549084662565308, "prior": 8.786706772952215, "rate": 8.740622431637016}, "datetime": {"datetime": "2024-06-14 05:06:51", "elapsed": 12.997965, "delta": 0.009975}}
{"target": -626.8556476263394, "params": {"gamma": 9.966008787860254, "prior": 7.7571875030905035, "rate": 2.031395720720704}, "datetime": {"datetime": "2024-06-14 05:06:51", "elapsed": 13.007998, "delta": 0.010033}}
{"target": -317.86033801555686, "params": {"gamma": 8.399033519310658, "prior": 1.7458576605066427, "rate": 8.890981709818412}, "datetime": {"datetime": "2024-06-14 05:06:51", "elapsed": 13.016945, "delta": 0.008947}}
{"target": -174.6659427529342, "params": {"gamma": 3.3864593795504314, "prior": 2.950652172676902, "rate": 6.06262377611874}, "datetime": {"datetime": "2024-06-14 05:06:51", "elapsed": 13.02692, "delta": 0.009975}}
{"target": -136.99351203718211, "params": {"gamma": 0.6070548531937172, "prior": 9.080172928574301, "rate": 3.8113259129552914}, "datetime": {"datetime": "2024-06-14 05:06:51", "elapsed": 13.035896, "delta": 0.008976}}
{"target": -389.31771838715457, "params": {"gamma": 7.900041725850161, "prior": 7.134419608014303, "rate": 7.0417771519431795}, "datetime": {"datetime": "2024-06-14 05:06:51", "elapsed": 13.04545, "delta": 0.009554}}
{"target": -255.27119788033457, "params": {"gamma": 5.326729042736205, "prior": 4.720087553406988, "rate": 6.454333923418758}, "datetime": {"datetime": "2024-06-14 05:06:51", "elapsed": 13.055424, "delta": 0.009974}}
{"target": -274.1209049109188, "params": {"gamma": 6.916080494254339, "prior": 2.434600133254994, "rate": 7.538328274742676}, "datetime": {"datetime": "2024-06-14 05:06:51", "elapsed": 13.065397, "delta": 0.009973}}
{"target": -468.85066549914796, "params": {"gamma": 9.366235064689338, "prior": 8.169466711621713, "rate": 7.306366078682459}, "datetime": {"datetime": "2024-06-14 05:06:51", "elapsed": 13.075371, "delta": 0.009974}}
{"target": -333.2899609526057, "params": {"gamma": 8.217287677383837, "prior": 0.1688536836406846, "rate": 1.7490656420010366}, "datetime": {"datetime": "2024-06-14 05:06:51", "elapsed": 13.084347, "delta": 0.008976}}
{"target": -186.66789851131423, "params": {"gamma": 3.4204500359621868, "prior": 7.36182952566306, "rate": 9.783754518567227}, "datetime": {"datetime": "2024-06-14 05:06:51", "elapsed": 13.093884, "delta": 0.009537}}
{"target": -309.62477809586096, "params": {"gamma": 7.329045588922614, "prior": 4.842030034998996, "rate": 9.210597067436987}, "datetime": {"datetime": "2024-06-14 05:06:51", "elapsed": 13.103858, "delta": 0.009974}}
{"target": -339.05756255080917, "params": {"gamma": 3.7776137015044906, "prior": 6.452737261640754, "rate": 0.01604319738412774}, "datetime": {"datetime": "2024-06-14 05:06:51", "elapsed": 13.113831, "delta": 0.009973}}
{"target": -139.3250423485141, "params": {"gamma": 1.794416084834932, "prior": 3.0189038120395777, "rate": 3.8705109944468274}, "datetime": {"datetime": "2024-06-14 05:06:51", "elapsed": 13.122807, "delta": 0.008976}}
{"target": -295.14470406392485, "params": {"gamma": 4.598745249224747, "prior": 7.987515713645756, "rate": 2.7991759941470526}, "datetime": {"datetime": "2024-06-14 05:06:51", "elapsed": 13.132784, "delta": 0.009977}}
{"target": -122.49942547750798, "params": {"gamma": 0.8275331899589359, "prior": 5.261564230524021, "rate": 9.81153872947284}, "datetime": {"datetime": "2024-06-14 05:06:51", "elapsed": 13.142756, "delta": 0.009972}}
{"target": -186.83212622480065, "params": {"gamma": 4.00818395641571, "prior": 2.6461917102343175, "rate": 7.763638646345232}, "datetime": {"datetime": "2024-06-14 05:06:51", "elapsed": 13.151733, "delta": 0.008977}}
{"target": -296.07566343627707, "params": {"gamma": 6.156219784190765, "prior": 0.17472852864200794, "rate": 9.862064844626225}, "datetime": {"datetime": "2024-06-14 05:06:51", "elapsed": 13.162291, "delta": 0.010558}}
{"target": -220.42930193078658, "params": {"gamma": 4.889696405678729, "prior": 3.109816521594326, "rate": 6.651105432765965}, "datetime": {"datetime": "2024-06-14 05:06:51", "elapsed": 13.171267, "delta": 0.008976}}
{"target": -167.08034738419957, "params": {"gamma": 2.8563222513640976, "prior": 4.689084919733314, "rate": 6.518558892191261}, "datetime": {"datetime": "2024-06-14 05:06:51", "elapsed": 13.181269, "delta": 0.010002}}
{"target": -126.63807529032205, "params": {"gamma": 1.2196983897335782, "prior": 4.725508951667924, "rate": 7.35232222858189}, "datetime": {"datetime": "2024-06-14 05:06:51", "elapsed": 13.191214, "delta": 0.009945}}
{"target": -421.40720224811804, "params": {"gamma": 9.605219885684939, "prior": 0.3117559709580553, "rate": 8.324959625901556}, "datetime": {"datetime": "2024-06-14 05:06:51", "elapsed": 13.20019, "delta": 0.008976}}
{"target": -462.57388133803425, "params": {"gamma": 9.391521053346748, "prior": 9.859596421590911, "rate": 9.378378518554022}, "datetime": {"datetime": "2024-06-14 05:06:51", "elapsed": 13.210163, "delta": 0.009973}}
{"target": -161.05892900873528, "params": {"gamma": 1.2933848293668193, "prior": 8.871599920049611, "rate": 1.529468431828893}, "datetime": {"datetime": "2024-06-14 05:06:51", "elapsed": 13.220137, "delta": 0.009974}}
{"target": -213.23850934572891, "params": {"gamma": 3.6058030535750842, "prior": 3.6755031909663085, "rate": 2.7985741373137722}, "datetime": {"datetime": "2024-06-14 05:06:51", "elapsed": 13.229113, "delta": 0.008976}}
{"target": -268.51962690619746, "params": {"gamma": 3.548687634297447, "prior": 5.475715491805219, "rate": 0.7860916495607814}, "datetime": {"datetime": "2024-06-14 05:06:51", "elapsed": 13.239086, "delta": 0.009973}}
{"target": -264.36099823115177, "params": {"gamma": 3.7293238414408294, "prior": 5.873866921901378, "rate": 1.3433598503872748}, "datetime": {"datetime": "2024-06-14 05:06:51", "elapsed": 13.24906, "delta": 0.009974}}
{"target": -198.6757240645919, "params": {"gamma": 2.430636464974349, "prior": 3.1965129173207756, "rate": 0.7462639779838585}, "datetime": {"datetime": "2024-06-14 05:06:51", "elapsed": 13.259033, "delta": 0.009973}}
{"target": -355.37498656889414, "params": {"gamma": 8.077100262224654, "prior": 2.7076349809785905, "rate": 4.106599490946104}, "datetime": {"datetime": "2024-06-14 05:06:51", "elapsed": 13.268009, "delta": 0.008976}}
{"target": -259.68178142192755, "params": {"gamma": 4.054723246527664, "prior": 3.1168827992527173, "rate": 1.2782527317471344}, "datetime": {"datetime": "2024-06-14 05:06:51", "elapsed": 13.278012, "delta": 0.010003}}
{"target": -533.8681765866304, "params": {"gamma": 8.935700181344412, "prior": 6.8458089939758615, "rate": 2.669647727792136}, "datetime": {"datetime": "2024-06-14 05:06:51", "elapsed": 13.287955, "delta": 0.009943}}
{"target": -121.77591666101587, "params": {"gamma": 0.9252168378068174, "prior": 1.3226006592467376, "rate": 2.765087577252426}, "datetime": {"datetime": "2024-06-14 05:06:51", "elapsed": 13.296932, "delta": 0.008977}}
{"target": -122.56836365272099, "params": {"gamma": 0.49138574517622646, "prior": 1.536953953174493, "rate": 4.75082044615585}, "datetime": {"datetime": "2024-06-14 05:06:51", "elapsed": 13.335828, "delta": 0.038896}}
{"target": -399.82226812763224, "params": {"gamma": 9.359858045746865, "prior": 4.39728295824498, "rate": 7.091695404396912}, "datetime": {"datetime": "2024-06-14 05:06:51", "elapsed": 13.345801, "delta": 0.009973}}
{"target": -386.68291016974325, "params": {"gamma": 5.703480436122253, "prior": 9.764817437319463, "rate": 1.7829338600348927}, "datetime": {"datetime": "2024-06-14 05:06:51", "elapsed": 13.355774, "delta": 0.009973}}
{"target": -292.451600581311, "params": {"gamma": 7.391311728201115, "prior": 3.56902627908651, "rate": 9.912129823702113}, "datetime": {"datetime": "2024-06-14 05:06:51", "elapsed": 13.365542, "delta": 0.009768}}
{"target": -204.65365426066427, "params": {"gamma": 3.5287645393308957, "prior": 9.789953507003169, "rate": 8.603854098454429}, "datetime": {"datetime": "2024-06-14 05:06:51", "elapsed": 13.375516, "delta": 0.009974}}
{"target": -242.77839719124512, "params": {"gamma": 5.97776886311117, "prior": 0.3717347713456658, "rate": 1.8561349624416226}, "datetime": {"datetime": "2024-06-14 05:06:51", "elapsed": 13.385489, "delta": 0.009973}}
{"target": -150.28642659775335, "params": {"gamma": 0.5660612431019523, "prior": 7.945371439682299, "rate": 0.7404368885098506}, "datetime": {"datetime": "2024-06-14 05:06:51", "elapsed": 13.394465, "delta": 0.008976}}
{"target": -307.2911099718029, "params": {"gamma": 7.864807897266238, "prior": 0.37672330549397026, "rate": 2.552807324311116}, "datetime": {"datetime": "2024-06-14 05:06:51", "elapsed": 13.404438, "delta": 0.009973}}
{"target": -179.99830044140984, "params": {"gamma": 2.9765362830187123, "prior": 5.689604254646701, "rate": 5.621050378621821}, "datetime": {"datetime": "2024-06-14 05:06:51", "elapsed": 13.414412, "delta": 0.009974}}
{"target": -563.1432453538238, "params": {"gamma": 8.874122245059352, "prior": 6.41003665642897, "rate": 1.615458841587833}, "datetime": {"datetime": "2024-06-14 05:06:51", "elapsed": 13.424385, "delta": 0.009973}}
{"target": -135.6445356469257, "params": {"gamma": 0.27092093445094007, "prior": 7.6436267297477904, "rate": 5.3561524093705035}, "datetime": {"datetime": "2024-06-14 05:06:51", "elapsed": 13.433364, "delta": 0.008979}}
{"target": -271.45131945388084, "params": {"gamma": 5.786712866351162, "prior": 4.199639973876964, "rate": 5.898561065889926}, "datetime": {"datetime": "2024-06-14 05:06:51", "elapsed": 13.443337, "delta": 0.009973}}
{"target": -209.51202201046365, "params": {"gamma": 4.056908149188704, "prior": 4.512354814204365, "rate": 5.927803620451909}, "datetime": {"datetime": "2024-06-14 05:06:51", "elapsed": 13.45331, "delta": 0.009973}}
{"target": -227.98644668225816, "params": {"gamma": 4.923952760842727, "prior": 0.685123570453242, "rate": 9.767920289447702}, "datetime": {"datetime": "2024-06-14 05:06:51", "elapsed": 13.463284, "delta": 0.009974}}
{"target": -380.7446973895749, "params": {"gamma": 8.55152126248045, "prior": 3.8529477154984746, "rate": 5.465701902352132}, "datetime": {"datetime": "2024-06-14 05:06:51", "elapsed": 13.473257, "delta": 0.009973}}
{"target": -366.2046887124918, "params": {"gamma": 9.328810392069327, "prior": 4.039856882837672, "rate": 9.447782220977258}, "datetime": {"datetime": "2024-06-14 05:06:51", "elapsed": 13.482233, "delta": 0.008976}}
{"target": -132.57836094992504, "params": {"gamma": 0.3058322755797807, "prior": 7.483415270128151, "rate": 7.9702691040219795}, "datetime": {"datetime": "2024-06-14 05:06:51", "elapsed": 13.492206, "delta": 0.009973}}
{"target": -132.8453270160186, "params": {"gamma": 1.93915729117472, "prior": 1.7123810753953614, "rate": 5.911191778228094}, "datetime": {"datetime": "2024-06-14 05:06:51", "elapsed": 13.502179, "delta": 0.009973}}
{"target": -325.04701315267755, "params": {"gamma": 4.797437426866516, "prior": 5.906771763997412, "rate": 1.3235786977154271}, "datetime": {"datetime": "2024-06-14 05:06:51", "elapsed": 13.512153, "delta": 0.009974}}
{"target": -165.02124209514716, "params": {"gamma": 2.7780929606304388, "prior": 0.789756371223281, "rate": 1.0808592298701158}, "datetime": {"datetime": "2024-06-14 05:06:51", "elapsed": 13.521129, "delta": 0.008976}}
{"target": -308.3235364775485, "params": {"gamma": 7.164060397933428, "prior": 0.3613793596910616, "rate": 5.396963570672858}, "datetime": {"datetime": "2024-06-14 05:06:51", "elapsed": 13.531607, "delta": 0.010478}}
{"target": -194.43254836470715, "params": {"gamma": 2.9873312333774114, "prior": 8.698123271650664, "rate": 5.4508437359806505}, "datetime": {"datetime": "2024-06-14 05:06:51", "elapsed": 13.54158, "delta": 0.009973}}
{"target": -484.2902368181655, "params": {"gamma": 9.975479797714407, "prior": 5.654651317130731, "rate": 5.621416031788874}, "datetime": {"datetime": "2024-06-14 05:06:51", "elapsed": 13.551554, "delta": 0.009974}}
{"target": -178.53446925882096, "params": {"gamma": 3.351731873456963, "prior": 2.598016846624347, "rate": 4.27426940599577}, "datetime": {"datetime": "2024-06-14 05:06:51", "elapsed": 13.561527, "delta": 0.009973}}
{"target": -139.5758191069781, "params": {"gamma": 2.2725263696062235, "prior": 0.8016724751186088, "rate": 4.2510872816074885}, "datetime": {"datetime": "2024-06-14 05:06:51", "elapsed": 13.57153, "delta": 0.010003}}
{"target": -142.12743300317698, "params": {"gamma": 1.0650645144221098, "prior": 7.2588960645487015, "rate": 2.984641891979689}, "datetime": {"datetime": "2024-06-14 05:06:51", "elapsed": 13.581474, "delta": 0.009944}}
{"target": -211.39746438801973, "params": {"gamma": 4.904126225336482, "prior": 2.036274494273748, "rate": 6.808584262587829}, "datetime": {"datetime": "2024-06-14 05:06:51", "elapsed": 13.591447, "delta": 0.009973}}
{"target": -602.2701394600347, "params": {"gamma": 8.308430641906321, "prior": 2.282027181056831, "rate": 0.07907888226929988}, "datetime": {"datetime": "2024-06-14 05:06:51", "elapsed": 13.600423, "delta": 0.008976}}
{"target": -182.35506383065874, "params": {"gamma": 2.5097921802793786, "prior": 6.31359939215205, "rate": 3.1088574555471813}, "datetime": {"datetime": "2024-06-14 05:06:51", "elapsed": 13.610396, "delta": 0.009973}}
{"target": -491.77817246727477, "params": {"gamma": 8.36222517696091, "prior": 8.542118072949869, "rate": 3.7180338874028376}, "datetime": {"datetime": "2024-06-14 05:06:51", "elapsed": 13.62037, "delta": 0.009974}}
{"target": -190.20377213523903, "params": {"gamma": 3.6539795857073187, "prior": 0.2639694600704467, "rate": 5.497237804999031}, "datetime": {"datetime": "2024-06-14 05:06:51", "elapsed": 13.631846, "delta": 0.011476}}
{"target": -151.9510109953845, "params": {"gamma": 1.5435516702923755, "prior": 1.2155274275217443, "rate": 0.5343279544192256}, "datetime": {"datetime": "2024-06-14 05:06:52", "elapsed": 13.641819, "delta": 0.009973}}
{"target": -173.99510471047483, "params": {"gamma": 1.7936587903460857, "prior": 1.6437150285544317, "rate": 0.3558683019833646}, "datetime": {"datetime": "2024-06-14 05:06:52", "elapsed": 13.651793, "delta": 0.009974}}
{"target": -542.6648744025509, "params": {"gamma": 9.82434211273752, "prior": 6.617214564837837, "rate": 3.8705537217530446}, "datetime": {"datetime": "2024-06-14 05:06:52", "elapsed": 13.661766, "delta": 0.009973}}
{"target": -116.75987454033245, "params": {"gamma": 0.6257922981876658, "prior": 0.5677285559900357, "rate": 8.049719394631913}, "datetime": {"datetime": "2024-06-14 05:06:52", "elapsed": 13.671739, "delta": 0.009973}}
{"target": -212.52728292266914, "params": {"gamma": 4.228375279460253, "prior": 1.1717762927933444, "rate": 1.6711743461337876}, "datetime": {"datetime": "2024-06-14 05:06:52", "elapsed": 13.681713, "delta": 0.009974}}
{"target": -444.1221205047636, "params": {"gamma": 6.802265132639049, "prior": 4.329618010053698, "rate": 0.9689860913418493}, "datetime": {"datetime": "2024-06-14 05:06:52", "elapsed": 13.691686, "delta": 0.009973}}
{"target": -182.41537525641442, "params": {"gamma": 3.920704589637105, "prior": 0.5430825876121436, "rate": 2.710990200499908}, "datetime": {"datetime": "2024-06-14 05:06:52", "elapsed": 13.701659, "delta": 0.009973}}
{"target": -234.75621159050124, "params": {"gamma": 5.031293904777502, "prior": 4.6290449340530495, "rate": 7.686577408158113}, "datetime": {"datetime": "2024-06-14 05:06:52", "elapsed": 13.710635, "delta": 0.008976}}
{"target": -162.65884947753017, "params": {"gamma": 1.6031430865858975, "prior": 5.149437940488653, "rate": 1.4161287835344174}, "datetime": {"datetime": "2024-06-14 05:06:52", "elapsed": 13.720609, "delta": 0.009974}}
{"target": -167.54572706470697, "params": {"gamma": 1.8945065357360218, "prior": 4.157996176719801, "rate": 1.4594799700408772}, "datetime": {"datetime": "2024-06-14 05:06:52", "elapsed": 13.730091, "delta": 0.009482}}
{"target": -246.29567460785307, "params": {"gamma": 5.623712931107031, "prior": 4.6067950147829295, "rate": 9.42102448081776}, "datetime": {"datetime": "2024-06-14 05:06:52", "elapsed": 13.740064, "delta": 0.009973}}
{"target": -265.7848058313935, "params": {"gamma": 6.700279053399254, "prior": 1.1211081382406665, "rate": 6.071461447289983}, "datetime": {"datetime": "2024-06-14 05:06:52", "elapsed": 13.750037, "delta": 0.009973}}
{"target": -215.39436090082154, "params": {"gamma": 4.203872166556974, "prior": 5.056256533803172, "rate": 6.558399608979977}, "datetime": {"datetime": "2024-06-14 05:06:52", "elapsed": 13.76001, "delta": 0.009973}}
{"target": -140.43892249128794, "params": {"gamma": 1.857995271651951, "prior": 3.659391503666097, "rate": 4.80431758722436}, "datetime": {"datetime": "2024-06-14 05:06:52", "elapsed": 13.768987, "delta": 0.008977}}
{"target": -273.11677798409914, "params": {"gamma": 6.148214863550358, "prior": 2.9270157375806125, "rate": 5.028231781609626}, "datetime": {"datetime": "2024-06-14 05:06:52", "elapsed": 13.77896, "delta": 0.009973}}
{"target": -187.98057228555498, "params": {"gamma": 2.786182582989594, "prior": 5.766659556664776, "rate": 3.423551750452962}, "datetime": {"datetime": "2024-06-14 05:06:52", "elapsed": 13.788933, "delta": 0.009973}}
{"target": -392.55939138846344, "params": {"gamma": 8.3917704255985, "prior": 6.890536777175542, "rate": 8.16146205993121}, "datetime": {"datetime": "2024-06-14 05:06:52", "elapsed": 13.798907, "delta": 0.009974}}
{"target": -126.45822142726774, "params": {"gamma": 1.5433064281287947, "prior": 1.933417151252388, "rate": 5.426405215883123}, "datetime": {"datetime": "2024-06-14 05:06:52", "elapsed": 13.80888, "delta": 0.009973}}
{"target": -133.06279801823595, "params": {"gamma": 0.6149211908273852, "prior": 5.426779331886682, "rate": 3.360634014854361}, "datetime": {"datetime": "2024-06-14 05:06:52", "elapsed": 13.818853, "delta": 0.009973}}
{"target": -290.4405649220826, "params": {"gamma": 3.2452188194691933, "prior": 2.3755465724366975, "rate": 0.0478627093242713}, "datetime": {"datetime": "2024-06-14 05:06:52", "elapsed": 13.828335, "delta": 0.009482}}
{"target": -406.2240896599993, "params": {"gamma": 6.87104638723164, "prior": 7.552533805640476, "rate": 3.383495876309245}, "datetime": {"datetime": "2024-06-14 05:06:52", "elapsed": 13.838065, "delta": 0.00973}}
{"target": -257.9978653988393, "params": {"gamma": 4.698566381850696, "prior": 7.994084512409785, "rate": 6.475029921813591}, "datetime": {"datetime": "2024-06-14 05:06:52", "elapsed": 13.848038, "delta": 0.009973}}
{"target": -130.49522359701203, "params": {"gamma": 0.23075873965417942, "prior": 2.91132760594111, "rate": 9.543993923653835}, "datetime": {"datetime": "2024-06-14 05:06:52", "elapsed": 13.857583, "delta": 0.009545}}
{"target": -340.1092434005216, "params": {"gamma": 8.831663399364862, "prior": 3.3196577156813976, "rate": 9.106428259046453}, "datetime": {"datetime": "2024-06-14 05:06:52", "elapsed": 13.867556, "delta": 0.009973}}
{"target": -237.67960603214976, "params": {"gamma": 4.792271643587237, "prior": 2.1004803357874806, "rate": 2.7152226317759873}, "datetime": {"datetime": "2024-06-14 05:06:52", "elapsed": 13.877529, "delta": 0.009973}}
{"target": -143.64216160554378, "params": {"gamma": 2.4105781820003296, "prior": 0.6501970175159, "rate": 4.371923976318957}, "datetime": {"datetime": "2024-06-14 05:06:52", "elapsed": 13.887503, "delta": 0.009974}}
{"target": -437.2891359539233, "params": {"gamma": 9.045924292349737, "prior": 5.304998895374705, "rate": 5.45501927258241}, "datetime": {"datetime": "2024-06-14 05:06:52", "elapsed": 13.897477, "delta": 0.009974}}
{"target": -143.17350188065598, "params": {"gamma": 2.270769102045196, "prior": 0.5593682144374752, "rate": 1.2589544199559672}, "datetime": {"datetime": "2024-06-14 05:06:52", "elapsed": 13.906452, "delta": 0.008975}}
{"target": -150.53659409298024, "params": {"gamma": 2.152041802423628, "prior": 8.746594812552626, "rate": 9.883297769252295}, "datetime": {"datetime": "2024-06-14 05:06:52", "elapsed": 13.917423, "delta": 0.010971}}
{"target": -137.19427802170873, "params": {"gamma": 0.17864471946155067, "prior": 4.488768556876849, "rate": 3.6926037105639593}, "datetime": {"datetime": "2024-06-14 05:06:52", "elapsed": 13.928423, "delta": 0.011}}
{"target": -303.1501899055516, "params": {"gamma": 5.365099171557174, "prior": 6.203575904526908, "rate": 3.9606016122470797}, "datetime": {"datetime": "2024-06-14 05:06:52", "elapsed": 13.938398, "delta": 0.009975}}
{"target": -199.35681713324382, "params": {"gamma": 1.8394567778102808, "prior": 5.8942150336226105, "rate": 0.33393439959498467}, "datetime": {"datetime": "2024-06-14 05:06:52", "elapsed": 13.94834, "delta": 0.009942}}
{"target": -597.0831201883323, "params": {"gamma": 8.939882672498515, "prior": 6.47966689423678, "rate": 0.9463480982929026}, "datetime": {"datetime": "2024-06-14 05:06:52", "elapsed": 13.958313, "delta": 0.009973}}
{"target": -291.0480154374052, "params": {"gamma": 5.514198481896219, "prior": 1.37684577932591, "rate": 1.189089580581743}, "datetime": {"datetime": "2024-06-14 05:06:52", "elapsed": 13.96729, "delta": 0.008977}}
{"target": -171.01141307560275, "params": {"gamma": 2.656223467019746, "prior": 7.652792185558542, "rate": 6.982511237812883}, "datetime": {"datetime": "2024-06-14 05:06:52", "elapsed": 13.977263, "delta": 0.009973}}
