{"target": -531.6325372241795, "params": {"gamma": 2.2096624750777165, "lr": 0.2055098610936521}, "datetime": {"datetime": "2024-06-13 20:37:18", "elapsed": 7.730075, "delta": 0.003989}}
{"target": -998.565078249753, "params": {"gamma": 5.680077493599765, "lr": 0.6630438231677197}, "datetime": {"datetime": "2024-06-13 20:37:18", "elapsed": 7.735065, "delta": 0.00499}}
{"target": -1315.4636165364816, "params": {"gamma": 5.274647786496121, "lr": 0.05634939173447451}, "datetime": {"datetime": "2024-06-13 20:37:18", "elapsed": 7.740051, "delta": 0.004986}}
{"target": -735.4697158294822, "params": {"gamma": 3.6322627869363457, "lr": 0.9677274091080609}, "datetime": {"datetime": "2024-06-13 20:37:18", "elapsed": 7.744041, "delta": 0.00399}}
{"target": -1190.0574688773575, "params": {"gamma": 6.955420242475687, "lr": 0.36973977954151527}, "datetime": {"datetime": "2024-06-13 20:37:18", "elapsed": 7.749028, "delta": 0.004987}}
{"target": -1341.1130187230403, "params": {"gamma": 6.716589859874733, "lr": 0.26510969397346273}, "datetime": {"datetime": "2024-06-13 20:37:18", "elapsed": 7.754014, "delta": 0.004986}}
{"target": -177.73241786398478, "params": {"gamma": 0.7756981624656162, "lr": 0.5280671392556082}, "datetime": {"datetime": "2024-06-13 20:37:18", "elapsed": 7.759, "delta": 0.004986}}
{"target": -483.6527777147203, "params": {"gamma": 2.8984014893930756, "lr": 0.48165189565416366}, "datetime": {"datetime": "2024-06-13 20:37:18", "elapsed": 7.76299, "delta": 0.00399}}
{"target": -1577.5467437687446, "params": {"gamma": 9.020043950898684, "lr": 0.6517403667487239}, "datetime": {"datetime": "2024-06-13 20:37:18", "elapsed": 7.767977, "delta": 0.004987}}
{"target": -1792.927324467303, "params": {"gamma": 7.233468037123845, "lr": 0.1025865252271354}, "datetime": {"datetime": "2024-06-13 20:37:18", "elapsed": 7.772963, "delta": 0.004986}}
{"target": -794.5713677299055, "params": {"gamma": 4.7971011998412845, "lr": 0.40434189038945745}, "datetime": {"datetime": "2024-06-13 20:37:18", "elapsed": 7.807899, "delta": 0.034936}}
{"target": -1211.4238346395503, "params": {"gamma": 6.468925570274098, "lr": 0.287735134554958}, "datetime": {"datetime": "2024-06-13 20:37:18", "elapsed": 7.812893, "delta": 0.004994}}
{"target": -774.5688664455304, "params": {"gamma": 3.8312640574634482, "lr": 0.981016791950987}, "datetime": {"datetime": "2024-06-13 20:37:18", "elapsed": 7.817872, "delta": 0.004979}}
{"target": -289.7537986290514, "params": {"gamma": 1.1489908672848812, "lr": 0.19990786306137587}, "datetime": {"datetime": "2024-06-13 20:37:18", "elapsed": 7.822861, "delta": 0.004989}}
{"target": -454.176392127355, "params": {"gamma": 2.3912225972933583, "lr": 0.6966542004402304}, "datetime": {"datetime": "2024-06-13 20:37:18", "elapsed": 7.827847, "delta": 0.004986}}
{"target": -1366.7927356728233, "params": {"gamma": 7.1371672251136955, "lr": 0.7847549365756692}, "datetime": {"datetime": "2024-06-13 20:37:18", "elapsed": 7.832819, "delta": 0.004972}}
{"target": -744.0614815635137, "params": {"gamma": 3.8110627039036813, "lr": 0.8524032876575542}, "datetime": {"datetime": "2024-06-13 20:37:18", "elapsed": 7.837792, "delta": 0.004973}}
{"target": -1281.801854199489, "params": {"gamma": 6.973768049350303, "lr": 0.7132598975767365}, "datetime": {"datetime": "2024-06-13 20:37:18", "elapsed": 7.84278, "delta": 0.004988}}
{"target": -1439.491954442151, "params": {"gamma": 8.220064454506392, "lr": 0.6289244383408126}, "datetime": {"datetime": "2024-06-13 20:37:18", "elapsed": 7.846768, "delta": 0.003988}}
{"target": -1055.9507333878287, "params": {"gamma": 4.2228540008601385, "lr": 0.030798811164673312}, "datetime": {"datetime": "2024-06-13 20:37:18", "elapsed": 7.852753, "delta": 0.005985}}
{"target": -1004.0193091427418, "params": {"gamma": 5.9549611772267355, "lr": 0.5637635695018256}, "datetime": {"datetime": "2024-06-13 20:37:18", "elapsed": 7.856742, "delta": 0.003989}}
{"target": -1090.2404978269328, "params": {"gamma": 6.008479407469643, "lr": 0.3228534686765717}, "datetime": {"datetime": "2024-06-13 20:37:18", "elapsed": 7.861729, "delta": 0.004987}}
{"target": -1343.690473524351, "params": {"gamma": 5.549264886470077, "lr": 0.17165630428408674}, "datetime": {"datetime": "2024-06-13 20:37:18", "elapsed": 7.866715, "delta": 0.004986}}
{"target": -1617.7596045918835, "params": {"gamma": 6.49894440266871, "lr": 0.07167347369091615}, "datetime": {"datetime": "2024-06-13 20:37:18", "elapsed": 7.871702, "delta": 0.004987}}
{"target": -2075.828465479879, "params": {"gamma": 8.750896260863644, "lr": 0.21613795014659942}, "datetime": {"datetime": "2024-06-13 20:37:18", "elapsed": 7.875691, "delta": 0.003989}}
{"target": -592.1231289869542, "params": {"gamma": 2.9391518612119483, "lr": 0.8847369186394346}, "datetime": {"datetime": "2024-06-13 20:37:18", "elapsed": 7.880677, "delta": 0.004986}}
{"target": -1701.6827194764426, "params": {"gamma": 8.836037308166828, "lr": 0.8362672161514131}, "datetime": {"datetime": "2024-06-13 20:37:18", "elapsed": 7.885665, "delta": 0.004988}}
{"target": -664.441440625357, "params": {"gamma": 3.2700292334455643, "lr": 0.9023446392045666}, "datetime": {"datetime": "2024-06-13 20:37:18", "elapsed": 7.890651, "delta": 0.004986}}
{"target": -1351.7784236463276, "params": {"gamma": 7.718251155453087, "lr": 0.6580829809857549}, "datetime": {"datetime": "2024-06-13 20:37:18", "elapsed": 7.895638, "delta": 0.004987}}
{"target": -1720.168054325941, "params": {"gamma": 8.99813093515086, "lr": 0.7831314722628366}, "datetime": {"datetime": "2024-06-13 20:37:18", "elapsed": 7.899627, "delta": 0.003989}}
{"target": -775.6038702773277, "params": {"gamma": 4.2480703423217, "lr": 0.32425522412708885}, "datetime": {"datetime": "2024-06-13 20:37:18", "elapsed": 7.904614, "delta": 0.004987}}
{"target": -986.0769991810816, "params": {"gamma": 3.9393874995637357, "lr": 0.06141215405816436}, "datetime": {"datetime": "2024-06-13 20:37:18", "elapsed": 7.909601, "delta": 0.004987}}
{"target": -637.1349616097201, "params": {"gamma": 3.634945499368943, "lr": 0.3530436858449395}, "datetime": {"datetime": "2024-06-13 20:37:18", "elapsed": 7.914589, "delta": 0.004988}}
{"target": -1706.6605188241701, "params": {"gamma": 8.656379251086715, "lr": 0.8887000495302622}, "datetime": {"datetime": "2024-06-13 20:37:18", "elapsed": 7.919574, "delta": 0.004985}}
{"target": -1738.4439276986175, "params": {"gamma": 9.630557816537218, "lr": 0.32819924761463426}, "datetime": {"datetime": "2024-06-13 20:37:18", "elapsed": 7.924561, "delta": 0.004987}}
{"target": -1216.418492406644, "params": {"gamma": 6.933508237753853, "lr": 0.6330662678957141}, "datetime": {"datetime": "2024-06-13 20:37:18", "elapsed": 7.92855, "delta": 0.003989}}
{"target": -487.9507798980711, "params": {"gamma": 2.425195012153892, "lr": 0.8699876263426785}, "datetime": {"datetime": "2024-06-13 20:37:18", "elapsed": 7.934043, "delta": 0.005493}}
{"target": -414.9275760658725, "params": {"gamma": 2.1418050557805293, "lr": 0.7477140026507801}, "datetime": {"datetime": "2024-06-13 20:37:18", "elapsed": 7.939029, "delta": 0.004986}}
{"target": -373.0690883571272, "params": {"gamma": 1.4474946912067754, "lr": 0.10681965623961165}, "datetime": {"datetime": "2024-06-13 20:37:18", "elapsed": 7.943019, "delta": 0.00399}}
{"target": -1212.4962185332495, "params": {"gamma": 7.20350177902532, "lr": 0.5263181160447106}, "datetime": {"datetime": "2024-06-13 20:37:18", "elapsed": 7.948007, "delta": 0.004988}}
{"target": -853.6081778953055, "params": {"gamma": 4.429715397531216, "lr": 0.7781805677545706}, "datetime": {"datetime": "2024-06-13 20:37:18", "elapsed": 7.952992, "delta": 0.004985}}
{"target": -701.8354110747418, "params": {"gamma": 3.588074784629776, "lr": 0.8533495985139066}, "datetime": {"datetime": "2024-06-13 20:37:18", "elapsed": 7.957979, "delta": 0.004987}}
{"target": -1919.0552432688683, "params": {"gamma": 9.62176279907113, "lr": 0.97912549357449}, "datetime": {"datetime": "2024-06-13 20:37:18", "elapsed": 7.961968, "delta": 0.003989}}
{"target": -467.0885778778332, "params": {"gamma": 2.777002394800293, "lr": 0.4150070363847951}, "datetime": {"datetime": "2024-06-13 20:37:18", "elapsed": 7.966955, "delta": 0.004987}}
{"target": -1449.7234018442336, "params": {"gamma": 7.250373833289235, "lr": 0.8948659340129544}, "datetime": {"datetime": "2024-06-13 20:37:18", "elapsed": 7.971941, "delta": 0.004986}}
{"target": -1362.2812005330547, "params": {"gamma": 7.113399789936541, "lr": 0.7581322827790503}, "datetime": {"datetime": "2024-06-13 20:37:18", "elapsed": 7.976928, "delta": 0.004987}}
{"target": -1507.533361244391, "params": {"gamma": 8.83415311602575, "lr": 0.3669482381501168}, "datetime": {"datetime": "2024-06-13 20:37:18", "elapsed": 7.980918, "delta": 0.00399}}
{"target": -917.6183624680264, "params": {"gamma": 5.425906871529926, "lr": 0.5347699755827457}, "datetime": {"datetime": "2024-06-13 20:37:18", "elapsed": 7.985904, "delta": 0.004986}}
{"target": -1296.5821455844844, "params": {"gamma": 6.4761782194627475, "lr": 0.8951838797241277}, "datetime": {"datetime": "2024-06-13 20:37:18", "elapsed": 7.990891, "delta": 0.004987}}
{"target": -1204.145791631504, "params": {"gamma": 6.00867393378521, "lr": 0.9699385377160038}, "datetime": {"datetime": "2024-06-13 20:37:18", "elapsed": 7.995877, "delta": 0.004986}}
{"target": -1206.8694240758632, "params": {"gamma": 7.3216234120977175, "lr": 0.41529149155458245}, "datetime": {"datetime": "2024-06-13 20:37:18", "elapsed": 8.000864, "delta": 0.004987}}
{"target": -1165.2320262328658, "params": {"gamma": 5.81180346318073, "lr": 0.9223207824170438}, "datetime": {"datetime": "2024-06-13 20:37:18", "elapsed": 8.005851, "delta": 0.004987}}
{"target": -1138.7895615771736, "params": {"gamma": 6.185385338885807, "lr": 0.709928603418362}, "datetime": {"datetime": "2024-06-13 20:37:18", "elapsed": 8.00984, "delta": 0.003989}}
{"target": -1145.4731940199317, "params": {"gamma": 6.613259028912707, "lr": 0.33614643889956264}, "datetime": {"datetime": "2024-06-13 20:37:18", "elapsed": 8.014827, "delta": 0.004987}}
{"target": -349.4154848186379, "params": {"gamma": 2.0341452163718596, "lr": 0.4078129626004203}, "datetime": {"datetime": "2024-06-13 20:37:18", "elapsed": 8.019813, "delta": 0.004986}}
{"target": -312.1354387882981, "params": {"gamma": 1.5085472915112057, "lr": 0.8263335477210154}, "datetime": {"datetime": "2024-06-13 20:37:18", "elapsed": 8.0248, "delta": 0.004987}}
{"target": -1171.4472379264625, "params": {"gamma": 7.104895674394641, "lr": 0.4010561894105159}, "datetime": {"datetime": "2024-06-13 20:37:18", "elapsed": 8.029787, "delta": 0.004987}}
{"target": -360.53164658510264, "params": {"gamma": 1.7146555781871196, "lr": 0.8757993398860495}, "datetime": {"datetime": "2024-06-13 20:37:18", "elapsed": 8.035279, "delta": 0.005492}}
{"target": -1279.737824163073, "params": {"gamma": 6.3909999964742354, "lr": 0.9966028199815464}, "datetime": {"datetime": "2024-06-13 20:37:18", "elapsed": 8.039268, "delta": 0.003989}}
{"target": -259.26602086009433, "params": {"gamma": 1.0118777980878546, "lr": 0.24484835913226244}, "datetime": {"datetime": "2024-06-13 20:37:18", "elapsed": 8.044255, "delta": 0.004987}}
{"target": -198.54159369400386, "params": {"gamma": 0.8374656866964549, "lr": 0.7447417757596947}, "datetime": {"datetime": "2024-06-13 20:37:18", "elapsed": 8.049241, "delta": 0.004986}}
{"target": -338.90020504526177, "params": {"gamma": 1.5965935192609664, "lr": 0.8816595339350156}, "datetime": {"datetime": "2024-06-13 20:37:18", "elapsed": 8.054228, "delta": 0.004987}}
{"target": -832.9989070438178, "params": {"gamma": 4.915303785862436, "lr": 0.526169262668513}, "datetime": {"datetime": "2024-06-13 20:37:18", "elapsed": 8.059215, "delta": 0.004987}}
{"target": -148.90437077200616, "params": {"gamma": 0.42616036762125126, "lr": 0.614053635731627}, "datetime": {"datetime": "2024-06-13 20:37:18", "elapsed": 8.063204, "delta": 0.003989}}
{"target": -547.3193394876746, "params": {"gamma": 2.2769202761615777, "lr": 0.2135040893470156}, "datetime": {"datetime": "2024-06-13 20:37:18", "elapsed": 8.069188, "delta": 0.005984}}
{"target": -1764.8125382166365, "params": {"gamma": 8.953290370672992, "lr": 0.8880133489969917}, "datetime": {"datetime": "2024-06-13 20:37:18", "elapsed": 8.073178, "delta": 0.00399}}
{"target": -146.91533217573604, "params": {"gamma": 0.05364657807886874, "lr": 0.832303959586102}, "datetime": {"datetime": "2024-06-13 20:37:18", "elapsed": 8.078164, "delta": 0.004986}}
{"target": -1514.4937861147366, "params": {"gamma": 9.02308610135554, "lr": 0.5119476580924737}, "datetime": {"datetime": "2024-06-13 20:37:18", "elapsed": 8.083151, "delta": 0.004987}}
{"target": -1257.6483225348798, "params": {"gamma": 6.56208200669582, "lr": 0.7677856839334473}, "datetime": {"datetime": "2024-06-13 20:37:18", "elapsed": 8.088137, "delta": 0.004986}}
{"target": -1123.6769069437892, "params": {"gamma": 6.854714307550932, "lr": 0.45911641964267924}, "datetime": {"datetime": "2024-06-13 20:37:18", "elapsed": 8.093125, "delta": 0.004988}}
{"target": -988.6805348261657, "params": {"gamma": 5.7349488675951, "lr": 0.5740594317304389}, "datetime": {"datetime": "2024-06-13 20:37:19", "elapsed": 8.098111, "delta": 0.004986}}
{"target": -1985.2865625702898, "params": {"gamma": 8.421463069722522, "lr": 0.24044170761914385}, "datetime": {"datetime": "2024-06-13 20:37:19", "elapsed": 8.103098, "delta": 0.004987}}
{"target": -1442.6262891198942, "params": {"gamma": 7.572507436190774, "lr": 0.8123371097183338}, "datetime": {"datetime": "2024-06-13 20:37:19", "elapsed": 8.107087, "delta": 0.003989}}
{"target": -1517.7898318604098, "params": {"gamma": 7.970526579088603, "lr": 0.8077078189919843}, "datetime": {"datetime": "2024-06-13 20:37:19", "elapsed": 8.112074, "delta": 0.004987}}
{"target": -1365.6472306413075, "params": {"gamma": 8.292970943843157, "lr": 0.4175157513022394}, "datetime": {"datetime": "2024-06-13 20:37:19", "elapsed": 8.11706, "delta": 0.004986}}
{"target": -1185.0171267572139, "params": {"gamma": 6.179249469269826, "lr": 0.7552455161468585}, "datetime": {"datetime": "2024-06-13 20:37:19", "elapsed": 8.122048, "delta": 0.004988}}
{"target": -1538.2701453521163, "params": {"gamma": 7.697885927847493, "lr": 0.9586046229255358}, "datetime": {"datetime": "2024-06-13 20:37:19", "elapsed": 8.127033, "delta": 0.004985}}
{"target": -1633.903302581042, "params": {"gamma": 9.750777680644457, "lr": 0.5647345919090407}, "datetime": {"datetime": "2024-06-13 20:37:19", "elapsed": 8.132021, "delta": 0.004988}}
{"target": -904.8684192288528, "params": {"gamma": 4.657924948350314, "lr": 0.8355253266864215}, "datetime": {"datetime": "2024-06-13 20:37:19", "elapsed": 8.137007, "delta": 0.004986}}
{"target": -436.1415356900641, "params": {"gamma": 2.2003892786426134, "lr": 0.7663980894608939}, "datetime": {"datetime": "2024-06-13 20:37:19", "elapsed": 8.142991, "delta": 0.005984}}
{"target": -349.06046660341957, "params": {"gamma": 1.920923979668611, "lr": 0.5916275659530674}, "datetime": {"datetime": "2024-06-13 20:37:19", "elapsed": 8.15097, "delta": 0.007979}}
{"target": -1002.0466584526762, "params": {"gamma": 6.068707734799046, "lr": 0.44184380280217683}, "datetime": {"datetime": "2024-06-13 20:37:19", "elapsed": 8.156953, "delta": 0.005983}}
{"target": -1451.844462308169, "params": {"gamma": 8.645641977427168, "lr": 0.5434821861417696}, "datetime": {"datetime": "2024-06-13 20:37:19", "elapsed": 8.160943, "delta": 0.00399}}
{"target": -815.8854573245359, "params": {"gamma": 4.927804379534841, "lr": 0.4181256356700572}, "datetime": {"datetime": "2024-06-13 20:37:19", "elapsed": 8.165929, "delta": 0.004986}}
{"target": -162.07752927046013, "params": {"gamma": 0.6231896086801356, "lr": 0.3621494599268943}, "datetime": {"datetime": "2024-06-13 20:37:19", "elapsed": 8.170916, "delta": 0.004987}}
{"target": -195.96376947598387, "params": {"gamma": 0.9290607665831948, "lr": 0.5656384996760548}, "datetime": {"datetime": "2024-06-13 20:37:19", "elapsed": 8.175903, "delta": 0.004987}}
{"target": -1227.9150236981368, "params": {"gamma": 6.4053758139443495, "lr": 0.7677822626181597}, "datetime": {"datetime": "2024-06-13 20:37:19", "elapsed": 8.179892, "delta": 0.003989}}
{"target": -1499.1444603079651, "params": {"gamma": 6.325720028185084, "lr": 0.1870607551754626}, "datetime": {"datetime": "2024-06-13 20:37:19", "elapsed": 8.185876, "delta": 0.005984}}
{"target": -1260.7858566429384, "params": {"gamma": 7.502689263840385, "lr": 0.5488594004307864}, "datetime": {"datetime": "2024-06-13 20:37:19", "elapsed": 8.189866, "delta": 0.00399}}
{"target": -279.97965570545466, "params": {"gamma": 1.0226014229845646, "lr": 0.024827029187908023}, "datetime": {"datetime": "2024-06-13 20:37:19", "elapsed": 8.194852, "delta": 0.004986}}
{"target": -560.6765965312337, "params": {"gamma": 2.988163177641064, "lr": 0.6900150292649251}, "datetime": {"datetime": "2024-06-13 20:37:19", "elapsed": 8.199839, "delta": 0.004987}}
{"target": -1860.893968540692, "params": {"gamma": 9.327950716090912, "lr": 0.9664972006802195}, "datetime": {"datetime": "2024-06-13 20:37:19", "elapsed": 8.204825, "delta": 0.004986}}
{"target": -1429.0689051026827, "params": {"gamma": 7.645716345257133, "lr": 0.2932491857068945}, "datetime": {"datetime": "2024-06-13 20:37:19", "elapsed": 8.208815, "delta": 0.00399}}
{"target": -1468.2298150103952, "params": {"gamma": 6.2210691836043965, "lr": 0.23109612753682562}, "datetime": {"datetime": "2024-06-13 20:37:19", "elapsed": 8.213802, "delta": 0.004987}}
{"target": -1782.7954977682823, "params": {"gamma": 7.507153026145066, "lr": 0.16586702947952792}, "datetime": {"datetime": "2024-06-13 20:37:19", "elapsed": 8.218788, "delta": 0.004986}}
{"target": -1470.5120428109904, "params": {"gamma": 7.564947384855503, "lr": 0.8685889989304815}, "datetime": {"datetime": "2024-06-13 20:37:19", "elapsed": 8.223775, "delta": 0.004987}}
{"target": -1295.9372950164222, "params": {"gamma": 5.195544029510985, "lr": 0.06563483825850425}, "datetime": {"datetime": "2024-06-13 20:37:19", "elapsed": 8.228761, "delta": 0.004986}}
{"target": -872.8389413828954, "params": {"gamma": 4.4894713154372115, "lr": 0.8378286113798175}, "datetime": {"datetime": "2024-06-13 20:37:19", "elapsed": 8.233748, "delta": 0.004987}}
{"target": -462.15060555003606, "params": {"gamma": 1.7983467816471097, "lr": 0.03855906126279496}, "datetime": {"datetime": "2024-06-13 20:37:19", "elapsed": 8.238735, "delta": 0.004987}}
{"target": -1231.6654122295367, "params": {"gamma": 7.327203051217345, "lr": 0.5630407235733951}, "datetime": {"datetime": "2024-06-13 20:37:19", "elapsed": 8.243722, "delta": 0.004987}}
{"target": -156.03522560050112, "params": {"gamma": 0.42156420386587773, "lr": 0.9848852640583016}, "datetime": {"datetime": "2024-06-13 20:37:19", "elapsed": 8.248709, "delta": 0.004987}}
{"target": -981.6918259213187, "params": {"gamma": 5.693754542449788, "lr": 0.585156672962654}, "datetime": {"datetime": "2024-06-13 20:37:19", "elapsed": 8.253695, "delta": 0.004986}}
{"target": -1578.1227415062865, "params": {"gamma": 7.899276512022575, "lr": 0.9026346706863088}, "datetime": {"datetime": "2024-06-13 20:37:19", "elapsed": 8.258681, "delta": 0.004986}}
{"target": -160.66234145200426, "params": {"gamma": 0.6084466125606112, "lr": 0.34851320938881547}, "datetime": {"datetime": "2024-06-13 20:37:19", "elapsed": 8.263669, "delta": 0.004988}}
{"target": -342.5424284291261, "params": {"gamma": 2.001718538820858, "lr": 0.4651515316549586}, "datetime": {"datetime": "2024-06-13 20:37:19", "elapsed": 8.267658, "delta": 0.003989}}
{"target": -256.22738411847064, "params": {"gamma": 0.9155879517141836, "lr": 0.06808577423972362}, "datetime": {"datetime": "2024-06-13 20:37:19", "elapsed": 8.272644, "delta": 0.004986}}
{"target": -613.5236115017651, "params": {"gamma": 3.009593441869708, "lr": 0.9043452577718513}, "datetime": {"datetime": "2024-06-13 20:37:19", "elapsed": 8.277631, "delta": 0.004987}}
{"target": -1864.0170834206692, "params": {"gamma": 9.755444236897075, "lr": 0.7637200317833946}, "datetime": {"datetime": "2024-06-13 20:37:19", "elapsed": 8.282618, "delta": 0.004987}}
{"target": -150.32573568220096, "params": {"gamma": 0.008408388692528457, "lr": 0.735215554236234}, "datetime": {"datetime": "2024-06-13 20:37:19", "elapsed": 8.287604, "delta": 0.004986}}
{"target": -141.2110452789328, "params": {"gamma": 0.22090310734026275, "lr": 0.16856568225506097}, "datetime": {"datetime": "2024-06-13 20:37:19", "elapsed": 8.292131, "delta": 0.004527}}
{"target": -142.34628039981783, "params": {"gamma": 0.10612956883701744, "lr": 0.1491269987672621}, "datetime": {"datetime": "2024-06-13 20:37:19", "elapsed": 8.297118, "delta": 0.004987}}
{"target": -1263.9498184113884, "params": {"gamma": 6.87536774608507, "lr": 0.7020168753413566}, "datetime": {"datetime": "2024-06-13 20:37:19", "elapsed": 8.302104, "delta": 0.004986}}
{"target": -698.2399572555365, "params": {"gamma": 3.7114029888119466, "lr": 0.7311908242003646}, "datetime": {"datetime": "2024-06-13 20:37:19", "elapsed": 8.307102, "delta": 0.004998}}
{"target": -1976.878016588801, "params": {"gamma": 8.47319475004096, "lr": 0.13035751444155008}, "datetime": {"datetime": "2024-06-13 20:37:19", "elapsed": 8.312089, "delta": 0.004987}}
{"target": -189.5512513334396, "params": {"gamma": 0.8749857543012785, "lr": 0.37192145651390274}, "datetime": {"datetime": "2024-06-13 20:37:19", "elapsed": 8.317075, "delta": 0.004986}}
{"target": -812.7995486865326, "params": {"gamma": 4.039432491874189, "lr": 0.27640421986037034}, "datetime": {"datetime": "2024-06-13 20:37:19", "elapsed": 8.322062, "delta": 0.004987}}
{"target": -1364.621627651196, "params": {"gamma": 7.5419276912585245, "lr": 0.32178620055239215}, "datetime": {"datetime": "2024-06-13 20:37:19", "elapsed": 8.327049, "delta": 0.004987}}
