{"target": -342.2094377661762, "params": {"gamma": 4.170803025021038, "lr": 0.7203244934421581}, "datetime": {"datetime": "2024-06-13 19:33:49", "elapsed": 0.0, "delta": 0.0}}
{"target": -148.66602783800192, "params": {"gamma": 0.002143633798631522, "lr": 0.30233257263183977}, "datetime": {"datetime": "2024-06-13 19:33:49", "elapsed": 0.003989, "delta": 0.003989}}
{"target": -306.9610300897775, "params": {"gamma": 1.4684121522803133, "lr": 0.0923385947687978}, "datetime": {"datetime": "2024-06-13 19:33:49", "elapsed": 0.006981, "delta": 0.002992}}
{"target": -174.1599382291041, "params": {"gamma": 1.8634158535653313, "lr": 0.34556072704304774}, "datetime": {"datetime": "2024-06-13 19:33:49", "elapsed": 0.009973, "delta": 0.002992}}
{"target": -312.7345515204957, "params": {"gamma": 3.968277974832469, "lr": 0.538816734003357}, "datetime": {"datetime": "2024-06-13 19:33:49", "elapsed": 0.013963, "delta": 0.00399}}
{"target": -343.94111494655897, "params": {"gamma": 4.192525949518545, "lr": 0.6852195003967595}, "datetime": {"datetime": "2024-06-13 19:33:49", "elapsed": 0.016955, "delta": 0.002992}}
{"target": -179.56319441221632, "params": {"gamma": 2.045318045065443, "lr": 0.8781174363909454}, "datetime": {"datetime": "2024-06-13 19:33:49", "elapsed": 0.019947, "delta": 0.002992}}
{"target": -100.60683325106815, "params": {"gamma": 0.2748485443860637, "lr": 0.6704675101784022}, "datetime": {"datetime": "2024-06-13 19:33:49", "elapsed": 0.023936, "delta": 0.003989}}
{"target": -328.1204500390307, "params": {"gamma": 4.173630718868903, "lr": 0.5586898284457517}, "datetime": {"datetime": "2024-06-13 19:33:49", "elapsed": 0.026928, "delta": 0.002992}}
{"target": -211.63264982935604, "params": {"gamma": 1.4047289990137424, "lr": 0.1981014890848788}, "datetime": {"datetime": "2024-06-13 19:33:49", "elapsed": 0.02992, "delta": 0.002992}}
{"target": -684.1663659898563, "params": {"gamma": 8.00764494218669, "lr": 0.9682615757193975}, "datetime": {"datetime": "2024-06-13 19:33:49", "elapsed": 0.032912, "delta": 0.002992}}
{"target": -260.2062888288833, "params": {"gamma": 3.1349283574142692, "lr": 0.6923226156693141}, "datetime": {"datetime": "2024-06-13 19:33:49", "elapsed": 0.036902, "delta": 0.00399}}
{"target": -730.910712661165, "params": {"gamma": 8.764015133808087, "lr": 0.8946066635038473}, "datetime": {"datetime": "2024-06-13 19:33:49", "elapsed": 0.039893, "delta": 0.002991}}
{"target": -200.59242957905778, "params": {"gamma": 0.8513570694864094, "lr": 0.03905478323288236}, "datetime": {"datetime": "2024-06-13 19:33:49", "elapsed": 0.042885, "delta": 0.002992}}
{"target": -153.40394261638008, "params": {"gamma": 1.6991343652261244, "lr": 0.8781425034294131}, "datetime": {"datetime": "2024-06-13 19:33:49", "elapsed": 0.045877, "delta": 0.002992}}
{"target": -115.41592704141907, "params": {"gamma": 0.9843699914966679, "lr": 0.42110762500505217}, "datetime": {"datetime": "2024-06-13 19:33:49", "elapsed": 0.049571, "delta": 0.003694}}
{"target": -737.7397579657211, "params": {"gamma": 9.578937411974868, "lr": 0.5331652849730171}, "datetime": {"datetime": "2024-06-13 19:33:49", "elapsed": 0.052563, "delta": 0.002992}}
{"target": -623.6028836040346, "params": {"gamma": 6.919079262390784, "lr": 0.31551563100606295}, "datetime": {"datetime": "2024-06-13 19:33:49", "elapsed": 0.055555, "delta": 0.002992}}
{"target": -555.5734570440427, "params": {"gamma": 6.865322775888155, "lr": 0.8346256718973729}, "datetime": {"datetime": "2024-06-13 19:33:49", "elapsed": 0.059544, "delta": 0.003989}}
{"target": -109.56822563870604, "params": {"gamma": 0.18386448516457388, "lr": 0.7501443149449675}, "datetime": {"datetime": "2024-06-13 19:33:49", "elapsed": 0.062536, "delta": 0.002992}}
{"target": -822.0658186310195, "params": {"gamma": 9.88862202797604, "lr": 0.7481656543798394}, "datetime": {"datetime": "2024-06-13 19:33:49", "elapsed": 0.065528, "delta": 0.002992}}
{"target": -237.34625018467895, "params": {"gamma": 2.8051594766519874, "lr": 0.7892793284514885}, "datetime": {"datetime": "2024-06-13 19:33:49", "elapsed": 0.069518, "delta": 0.00399}}
{"target": -112.67481836045461, "params": {"gamma": 1.0331568397698425, "lr": 0.44789352617590517}, "datetime": {"datetime": "2024-06-13 19:33:49", "elapsed": 0.07251, "delta": 0.002992}}
{"target": -810.9345243351668, "params": {"gamma": 9.086046435427862, "lr": 0.2936141483736795}, "datetime": {"datetime": "2024-06-13 19:33:49", "elapsed": 0.075501, "delta": 0.002991}}
{"target": -485.27121123616945, "params": {"gamma": 2.878465610524901, "lr": 0.13002857211827767}, "datetime": {"datetime": "2024-06-13 19:33:49", "elapsed": 0.079491, "delta": 0.00399}}
{"target": -109.56093249873844, "params": {"gamma": 0.19465021174510047, "lr": 0.678835532939891}, "datetime": {"datetime": "2024-06-13 19:33:49", "elapsed": 0.082483, "delta": 0.002992}}
{"target": -234.43683893193966, "params": {"gamma": 2.1170695318845905, "lr": 0.2655466593722262}, "datetime": {"datetime": "2024-06-13 19:33:49", "elapsed": 0.085475, "delta": 0.002992}}
{"target": -963.8568915876739, "params": {"gamma": 4.916240019644103, "lr": 0.053362545117080384}, "datetime": {"datetime": "2024-06-13 19:33:49", "elapsed": 0.089464, "delta": 0.003989}}
{"target": -816.6172954668496, "params": {"gamma": 5.741601937314639, "lr": 0.14672857490581015}, "datetime": {"datetime": "2024-06-13 19:33:49", "elapsed": 0.092456, "delta": 0.002992}}
{"target": -480.1929836677487, "params": {"gamma": 5.89346606349594, "lr": 0.6997583600209312}, "datetime": {"datetime": "2024-06-13 19:33:49", "elapsed": 0.095448, "delta": 0.002992}}
{"target": -117.17783695855542, "params": {"gamma": 1.0242419538494305, "lr": 0.4140559878195683}, "datetime": {"datetime": "2024-06-13 19:33:49", "elapsed": 0.099437, "delta": 0.003989}}
{"target": -527.1729206062081, "params": {"gamma": 6.9443071771197245, "lr": 0.41417926952690265}, "datetime": {"datetime": "2024-06-13 19:33:49", "elapsed": 0.102432, "delta": 0.002995}}
{"target": -97.85019789590791, "params": {"gamma": 0.5004846360019255, "lr": 0.5358964059155116}, "datetime": {"datetime": "2024-06-13 19:33:49", "elapsed": 0.105424, "delta": 0.002992}}
{"target": -514.4188979774042, "params": {"gamma": 6.638282657552669, "lr": 0.5148891120583086}, "datetime": {"datetime": "2024-06-13 19:33:49", "elapsed": 0.108416, "delta": 0.002992}}
{"target": -741.7821715762066, "params": {"gamma": 9.446002965152143, "lr": 0.5865550405019929}, "datetime": {"datetime": "2024-06-13 19:33:49", "elapsed": 0.112406, "delta": 0.00399}}
{"target": -1473.9058868499349, "params": {"gamma": 9.034115750963547, "lr": 0.13747470414623753}, "datetime": {"datetime": "2024-06-13 19:33:49", "elapsed": 0.115397, "delta": 0.002991}}
{"target": -128.82225417082432, "params": {"gamma": 1.3936241961603346, "lr": 0.8073912887095238}, "datetime": {"datetime": "2024-06-13 19:33:49", "elapsed": 0.11839, "delta": 0.002993}}
{"target": -569.795689467228, "params": {"gamma": 3.9773706930183503, "lr": 0.16535419711693278}, "datetime": {"datetime": "2024-06-13 19:33:49", "elapsed": 0.122379, "delta": 0.003989}}
{"target": -738.9787130361449, "params": {"gamma": 9.275158295379942, "lr": 0.34776585974550656}, "datetime": {"datetime": "2024-06-13 19:33:49", "elapsed": 0.12537, "delta": 0.002991}}
{"target": -610.0394230901319, "params": {"gamma": 7.50837021925842, "lr": 0.7259979853504515}, "datetime": {"datetime": "2024-06-13 19:33:49", "elapsed": 0.128363, "delta": 0.002993}}
{"target": -738.7300765523071, "params": {"gamma": 8.833177605966892, "lr": 0.6236722070556089}, "datetime": {"datetime": "2024-06-13 19:33:49", "elapsed": 0.131355, "delta": 0.002992}}
{"target": -602.2429989394972, "params": {"gamma": 7.509673397839345, "lr": 0.34889834197784253}, "datetime": {"datetime": "2024-06-13 19:33:49", "elapsed": 0.135344, "delta": 0.003989}}
{"target": -230.9790062175005, "params": {"gamma": 2.7000089897584956, "lr": 0.8958862181960668}, "datetime": {"datetime": "2024-06-13 19:33:49", "elapsed": 0.138336, "delta": 0.002992}}
{"target": -368.2214933629627, "params": {"gamma": 4.281483807523078, "lr": 0.9648400471483856}, "datetime": {"datetime": "2024-06-13 19:33:49", "elapsed": 0.141328, "delta": 0.002992}}
{"target": -556.3653249286114, "params": {"gamma": 6.634751536686663, "lr": 0.6216957202091218}, "datetime": {"datetime": "2024-06-13 19:33:49", "elapsed": 0.145317, "delta": 0.003989}}
{"target": -116.99184430462074, "params": {"gamma": 1.1483449835607984, "lr": 0.9494892587070712}, "datetime": {"datetime": "2024-06-13 19:33:49", "elapsed": 0.148309, "delta": 0.002992}}
{"target": -359.1004666980652, "params": {"gamma": 4.499671422665926, "lr": 0.5783896143871318}, "datetime": {"datetime": "2024-06-13 19:33:49", "elapsed": 0.151301, "delta": 0.002992}}
{"target": -660.2955121148483, "params": {"gamma": 4.081959890810051, "lr": 0.2370269802430277}, "datetime": {"datetime": "2024-06-13 19:33:49", "elapsed": 0.154294, "delta": 0.002993}}
{"target": -709.8476295593424, "params": {"gamma": 9.033891826101975, "lr": 0.5736794866722859}, "datetime": {"datetime": "2024-06-13 19:33:49", "elapsed": 0.158282, "delta": 0.003988}}
{"target": -141.7012675399666, "params": {"gamma": 0.029700399984558545, "lr": 0.6171449136207239}, "datetime": {"datetime": "2024-06-13 19:33:49", "elapsed": 0.161275, "delta": 0.002993}}
{"target": -260.6031070415688, "params": {"gamma": 3.2671223728191894, "lr": 0.5270581022576093}, "datetime": {"datetime": "2024-06-13 19:33:49", "elapsed": 0.164267, "delta": 0.002992}}
{"target": -706.7812958988695, "params": {"gamma": 8.859535051008434, "lr": 0.35726976000249977}, "datetime": {"datetime": "2024-06-13 19:33:49", "elapsed": 0.167259, "delta": 0.002992}}
{"target": -759.663677154719, "params": {"gamma": 9.085442974047073, "lr": 0.6233601157918027}, "datetime": {"datetime": "2024-06-13 19:33:49", "elapsed": 0.171249, "delta": 0.00399}}
{"target": -111.7625140175819, "params": {"gamma": 0.15919660722271628, "lr": 0.9294372337437613}, "datetime": {"datetime": "2024-06-13 19:33:49", "elapsed": 0.17424, "delta": 0.002991}}
{"target": -590.8605371275237, "params": {"gamma": 6.9092782782517235, "lr": 0.9973228504514805}, "datetime": {"datetime": "2024-06-13 19:33:49", "elapsed": 0.177232, "delta": 0.002992}}
{"target": -304.95202311071404, "params": {"gamma": 1.7242327429449402, "lr": 0.13713574962887776}, "datetime": {"datetime": "2024-06-13 19:33:49", "elapsed": 0.181222, "delta": 0.00399}}
{"target": -756.3126588709282, "params": {"gamma": 9.326022034908599, "lr": 0.6968181614899002}, "datetime": {"datetime": "2024-06-13 19:33:49", "elapsed": 0.184213, "delta": 0.002991}}
{"target": -90.89360047631801, "params": {"gamma": 0.6609357270479028, "lr": 0.7554630526024664}, "datetime": {"datetime": "2024-06-13 19:33:49", "elapsed": 0.187206, "delta": 0.002993}}
{"target": -644.3504230256834, "params": {"gamma": 7.539008008424004, "lr": 0.9230245355464833}, "datetime": {"datetime": "2024-06-13 19:33:49", "elapsed": 0.190197, "delta": 0.002991}}
{"target": -1345.200337538902, "params": {"gamma": 7.11553606152609, "lr": 0.1242709619721647}, "datetime": {"datetime": "2024-06-13 19:33:49", "elapsed": 0.194187, "delta": 0.00399}}
{"target": -134.27895602736223, "params": {"gamma": 0.1997814582641161, "lr": 0.026210986877719278}, "datetime": {"datetime": "2024-06-13 19:33:49", "elapsed": 0.197179, "delta": 0.002992}}
{"target": -126.69941622314263, "params": {"gamma": 0.2840365737199253, "lr": 0.2462110676030459}, "datetime": {"datetime": "2024-06-13 19:33:49", "elapsed": 0.200171, "delta": 0.002992}}
{"target": -663.3986883436156, "params": {"gamma": 8.600419458880197, "lr": 0.5388310643416528}, "datetime": {"datetime": "2024-06-13 19:33:49", "elapsed": 0.203622, "delta": 0.003451}}
{"target": -448.19277661486785, "params": {"gamma": 5.5286669648789735, "lr": 0.8420308923596057}, "datetime": {"datetime": "2024-06-13 19:33:49", "elapsed": 0.206614, "delta": 0.002992}}
{"target": -160.59640361487052, "params": {"gamma": 1.2426089778839915, "lr": 0.2791836790111395}, "datetime": {"datetime": "2024-06-13 19:33:49", "elapsed": 0.210604, "delta": 0.00399}}
{"target": -501.6261337412585, "params": {"gamma": 5.858006955311422, "lr": 0.9695957483196745}, "datetime": {"datetime": "2024-06-13 19:33:49", "elapsed": 0.213595, "delta": 0.002991}}
{"target": -1098.3889423261985, "params": {"gamma": 5.6107411623378445, "lr": 0.01864728937294302}, "datetime": {"datetime": "2024-06-13 19:33:49", "elapsed": 0.217584, "delta": 0.003989}}
{"target": -1287.301162733809, "params": {"gamma": 8.006526094133482, "lr": 0.23297427384102043}, "datetime": {"datetime": "2024-06-13 19:33:49", "elapsed": 0.220577, "delta": 0.002993}}
{"target": -645.7253737136348, "params": {"gamma": 8.071244850992173, "lr": 0.38786064406417176}, "datetime": {"datetime": "2024-06-13 19:33:49", "elapsed": 0.223568, "delta": 0.002991}}
{"target": -718.705026950006, "params": {"gamma": 8.635555003739727, "lr": 0.7471216427371846}, "datetime": {"datetime": "2024-06-13 19:33:49", "elapsed": 0.227558, "delta": 0.00399}}
{"target": -915.1915627011418, "params": {"gamma": 5.562846099670199, "lr": 0.13645522566068502}, "datetime": {"datetime": "2024-06-13 19:33:49", "elapsed": 0.23055, "delta": 0.002992}}
{"target": -161.59125146644715, "params": {"gamma": 0.6001169774326044, "lr": 0.12134345574073735}, "datetime": {"datetime": "2024-06-13 19:33:49", "elapsed": 0.233542, "delta": 0.002992}}
{"target": -146.5215548836335, "params": {"gamma": 0.4464742335690725, "lr": 0.1074941291060929}, "datetime": {"datetime": "2024-06-13 19:33:49", "elapsed": 0.236534, "delta": 0.002992}}
{"target": -192.53090325860006, "params": {"gamma": 2.2578676767399393, "lr": 0.7129889803826767}, "datetime": {"datetime": "2024-06-13 19:33:49", "elapsed": 0.240523, "delta": 0.003989}}
{"target": -1095.8441720032263, "params": {"gamma": 5.597610103559371, "lr": 0.012555980159115854}, "datetime": {"datetime": "2024-06-13 19:33:49", "elapsed": 0.243515, "delta": 0.002992}}
{"target": -93.02383336314541, "params": {"gamma": 0.7206708226151783, "lr": 0.967276330000272}, "datetime": {"datetime": "2024-06-13 19:33:49", "elapsed": 0.246507, "delta": 0.002992}}
{"target": -933.1963877231065, "params": {"gamma": 5.6814365187375016, "lr": 0.20329323466099047}, "datetime": {"datetime": "2024-06-13 19:33:49", "elapsed": 0.250496, "delta": 0.003989}}
{"target": -218.14541903667538, "params": {"gamma": 2.5240051199586637, "lr": 0.7438258540750929}, "datetime": {"datetime": "2024-06-13 19:33:49", "elapsed": 0.253489, "delta": 0.002993}}
{"target": -169.09871347491895, "params": {"gamma": 1.9550993816120785, "lr": 0.5813589272732578}, "datetime": {"datetime": "2024-06-13 19:33:49", "elapsed": 0.25648, "delta": 0.002991}}
{"target": -783.6672424050482, "params": {"gamma": 9.700229870894034, "lr": 0.8468288014900353}, "datetime": {"datetime": "2024-06-13 19:33:49", "elapsed": 0.26047, "delta": 0.00399}}
{"target": -194.15299936592876, "params": {"gamma": 2.399237743716714, "lr": 0.49376971426872995}, "datetime": {"datetime": "2024-06-13 19:33:49", "elapsed": 0.263462, "delta": 0.002992}}
{"target": -503.4734708470467, "params": {"gamma": 6.199937228095417, "lr": 0.8289808995501787}, "datetime": {"datetime": "2024-06-13 19:33:49", "elapsed": 0.266454, "delta": 0.002992}}
{"target": -325.19530326127733, "params": {"gamma": 1.5687571550661965, "lr": 0.018576202177409518}, "datetime": {"datetime": "2024-06-13 19:33:49", "elapsed": 0.269446, "delta": 0.002992}}
{"target": -101.78422515005687, "params": {"gamma": 0.7011514150485041, "lr": 0.4863451109370318}, "datetime": {"datetime": "2024-06-13 19:33:49", "elapsed": 0.273435, "delta": 0.003989}}
{"target": -470.8451944199435, "params": {"gamma": 6.063688287071651, "lr": 0.5688514370864813}, "datetime": {"datetime": "2024-06-13 19:33:49", "elapsed": 0.276427, "delta": 0.002992}}
{"target": -275.4883795080942, "params": {"gamma": 3.1743067308122854, "lr": 0.9886161544124489}, "datetime": {"datetime": "2024-06-13 19:33:49", "elapsed": 0.279419, "delta": 0.002992}}
{"target": -469.8511107709166, "params": {"gamma": 5.797872447238724, "lr": 0.3801411726235504}, "datetime": {"datetime": "2024-06-13 19:33:49", "elapsed": 0.283409, "delta": 0.00399}}
{"target": -461.08906010001596, "params": {"gamma": 5.509931242959851, "lr": 0.7453344309065021}, "datetime": {"datetime": "2024-06-13 19:33:49", "elapsed": 0.2864, "delta": 0.002991}}
{"target": -666.8274674161866, "params": {"gamma": 6.6926597016383935, "lr": 0.2649195576628094}, "datetime": {"datetime": "2024-06-13 19:33:49", "elapsed": 0.289393, "delta": 0.002993}}
{"target": -108.97736358012313, "params": {"gamma": 0.6642820094499873, "lr": 0.3700841979141063}, "datetime": {"datetime": "2024-06-13 19:33:49", "elapsed": 0.293382, "delta": 0.003989}}
{"target": -1033.5344140420455, "params": {"gamma": 6.297545352708624, "lr": 0.2101740099148396}, "datetime": {"datetime": "2024-06-13 19:33:49", "elapsed": 0.296374, "delta": 0.002992}}
{"target": -1470.127390881491, "params": {"gamma": 7.5278027818344, "lr": 0.06653648135411494}, "datetime": {"datetime": "2024-06-13 19:33:49", "elapsed": 0.299366, "delta": 0.002992}}
{"target": -217.11822515147853, "params": {"gamma": 2.603890670686831, "lr": 0.8047545637433454}, "datetime": {"datetime": "2024-06-13 19:33:49", "elapsed": 0.303355, "delta": 0.003989}}
{"target": -173.2591406046097, "params": {"gamma": 1.935149391950654, "lr": 0.6394608808799401}, "datetime": {"datetime": "2024-06-13 19:33:49", "elapsed": 0.306347, "delta": 0.002992}}
{"target": -449.8473753648382, "params": {"gamma": 5.247178420928214, "lr": 0.9248079703993507}, "datetime": {"datetime": "2024-06-13 19:33:49", "elapsed": 0.310336, "delta": 0.003989}}
{"target": -524.5094257132821, "params": {"gamma": 2.633704408100623, "lr": 0.06596109068402378}, "datetime": {"datetime": "2024-06-13 19:33:49", "elapsed": 0.313329, "delta": 0.002993}}
{"target": -607.036101276534, "params": {"gamma": 7.350924566923407, "lr": 0.7721780295432468}, "datetime": {"datetime": "2024-06-13 19:33:49", "elapsed": 0.317227, "delta": 0.003898}}
{"target": -775.1433196224821, "params": {"gamma": 9.078250709182736, "lr": 0.9319720691968373}, "datetime": {"datetime": "2024-06-13 19:33:49", "elapsed": 0.321214, "delta": 0.003987}}
{"target": -131.79833026200683, "params": {"gamma": 0.14050177818299456, "lr": 0.2343620861214205}, "datetime": {"datetime": "2024-06-13 19:33:49", "elapsed": 0.324206, "delta": 0.002992}}
{"target": -527.9415855130248, "params": {"gamma": 6.1681667916595755, "lr": 0.9490163206876164}, "datetime": {"datetime": "2024-06-13 19:33:49", "elapsed": 0.328195, "delta": 0.003989}}
{"target": -731.8797155595392, "params": {"gamma": 9.50181101635155, "lr": 0.5566531881951564}, "datetime": {"datetime": "2024-06-13 19:33:49", "elapsed": 0.331187, "delta": 0.002992}}
{"target": -757.7610093634868, "params": {"gamma": 9.15614789131298, "lr": 0.6415662089463375}, "datetime": {"datetime": "2024-06-13 19:33:49", "elapsed": 0.334179, "delta": 0.002992}}
{"target": -300.249417712811, "params": {"gamma": 3.9006871336983213, "lr": 0.48599066709690975}, "datetime": {"datetime": "2024-06-13 19:33:49", "elapsed": 0.338169, "delta": 0.00399}}
{"target": -469.3150914213127, "params": {"gamma": 6.043500518716813, "lr": 0.5495479215085626}, "datetime": {"datetime": "2024-06-13 19:33:49", "elapsed": 0.341161, "delta": 0.002992}}
{"target": -790.7497988194373, "params": {"gamma": 9.26188808563783, "lr": 0.9187334356336061}, "datetime": {"datetime": "2024-06-13 19:33:49", "elapsed": 0.344152, "delta": 0.002991}}
{"target": -340.2675821841021, "params": {"gamma": 3.9493612536226252, "lr": 0.9632625284407118}, "datetime": {"datetime": "2024-06-13 19:33:49", "elapsed": 0.347144, "delta": 0.002992}}
{"target": -307.4162361720346, "params": {"gamma": 1.740382711137963, "lr": 0.12632951943963733}, "datetime": {"datetime": "2024-06-13 19:33:49", "elapsed": 0.351134, "delta": 0.00399}}
{"target": -128.327942198597, "params": {"gamma": 1.3516565013092665, "lr": 0.5056621656768967}, "datetime": {"datetime": "2024-06-13 19:33:49", "elapsed": 0.354126, "delta": 0.002992}}
{"target": -103.35522069189882, "params": {"gamma": 0.2162265279367056, "lr": 0.947970211217681}, "datetime": {"datetime": "2024-06-13 19:33:49", "elapsed": 0.357118, "delta": 0.002992}}
{"target": -1614.3556826304502, "params": {"gamma": 8.271327596236153, "lr": 0.015018980742122379}, "datetime": {"datetime": "2024-06-13 19:33:49", "elapsed": 0.361107, "delta": 0.003989}}
{"target": -188.25949635545504, "params": {"gamma": 1.7627863594949775, "lr": 0.332063574366837}, "datetime": {"datetime": "2024-06-13 19:33:49", "elapsed": 0.364099, "delta": 0.002992}}
{"target": -123.41095738977884, "params": {"gamma": 1.310837451264358, "lr": 0.8094906921265821}, "datetime": {"datetime": "2024-06-13 19:33:49", "elapsed": 0.367091, "delta": 0.002992}}
{"target": -298.27163108497285, "params": {"gamma": 3.4480217901802512, "lr": 0.9401074823333672}, "datetime": {"datetime": "2024-06-13 19:33:49", "elapsed": 0.371081, "delta": 0.00399}}
{"target": -486.80871712209097, "params": {"gamma": 5.820559785290854, "lr": 0.8788319844118441}, "datetime": {"datetime": "2024-06-13 19:33:49", "elapsed": 0.374073, "delta": 0.002992}}
{"target": -704.646722466478, "params": {"gamma": 8.447499719476827, "lr": 0.9053923187086492}, "datetime": {"datetime": "2024-06-13 19:33:49", "elapsed": 0.377064, "delta": 0.002991}}
{"target": -360.1263382097643, "params": {"gamma": 4.599342777902254, "lr": 0.5463468160203733}, "datetime": {"datetime": "2024-06-13 19:33:49", "elapsed": 0.381054, "delta": 0.00399}}
{"target": -715.8370332388723, "params": {"gamma": 7.986237307929242, "lr": 0.28571885173414757}, "datetime": {"datetime": "2024-06-13 19:33:49", "elapsed": 0.384046, "delta": 0.002992}}
