{"target": -2646.5438686947, "params": {"gamma": 8.811802015970617, "lr": 0.1260784803971985}, "datetime": {"datetime": "2024-06-13 15:57:57", "elapsed": 4.277808, "delta": 0.003989}}
{"target": -1064.2299517294382, "params": {"gamma": 6.334974881523022, "lr": 0.2777127324734242}, "datetime": {"datetime": "2024-06-13 15:57:57", "elapsed": 4.282795, "delta": 0.004987}}
{"target": -1334.8877205599651, "params": {"gamma": 8.272176051067923, "lr": 0.3645234475558883}, "datetime": {"datetime": "2024-06-13 15:57:57", "elapsed": 4.286784, "delta": 0.003989}}
{"target": -1713.7741104142765, "params": {"gamma": 7.3339275785938725, "lr": 0.1924178904137388}, "datetime": {"datetime": "2024-06-13 15:57:57", "elapsed": 4.291771, "delta": 0.004987}}
{"target": -1091.4786957931317, "params": {"gamma": 4.814977529509854, "lr": 0.8035946264310272}, "datetime": {"datetime": "2024-06-13 15:57:57", "elapsed": 4.29576, "delta": 0.003989}}
{"target": -1053.6719139461568, "params": {"gamma": 3.9704851285120673, "lr": 0.16157403985608987}, "datetime": {"datetime": "2024-06-13 15:57:57", "elapsed": 4.299751, "delta": 0.003991}}
{"target": -1403.0612835604334, "params": {"gamma": 6.490173244263826, "lr": 0.7533258058943924}, "datetime": {"datetime": "2024-06-13 15:57:57", "elapsed": 4.304302, "delta": 0.004551}}
{"target": -532.302709026205, "params": {"gamma": 2.8026461610955637, "lr": 0.45136186123240163}, "datetime": {"datetime": "2024-06-13 15:57:57", "elapsed": 4.309286, "delta": 0.004984}}
{"target": -2110.9658656220695, "params": {"gamma": 9.004588674948266, "lr": 0.8719856311909184}, "datetime": {"datetime": "2024-06-13 15:57:57", "elapsed": 4.313275, "delta": 0.003989}}
{"target": -1332.406651073381, "params": {"gamma": 7.0721689102320395, "lr": 0.5909005994904067}, "datetime": {"datetime": "2024-06-13 15:57:57", "elapsed": 4.317265, "delta": 0.00399}}
{"target": -1948.4952202794846, "params": {"gamma": 8.174005321700859, "lr": 0.907644646099839}, "datetime": {"datetime": "2024-06-13 15:57:57", "elapsed": 4.322199, "delta": 0.004934}}
{"target": -150.49996484403638, "params": {"gamma": 0.026073089119563617, "lr": 0.39722776623376177}, "datetime": {"datetime": "2024-06-13 15:57:57", "elapsed": 4.326693, "delta": 0.004494}}
{"target": -1184.107942411921, "params": {"gamma": 5.614535427501098, "lr": 0.7339231362848766}, "datetime": {"datetime": "2024-06-13 15:57:57", "elapsed": 4.330682, "delta": 0.003989}}
{"target": -196.29907130866718, "params": {"gamma": 0.8756401490882502, "lr": 0.3997549876808645}, "datetime": {"datetime": "2024-06-13 15:57:57", "elapsed": 4.334671, "delta": 0.003989}}
{"target": -535.9760776911899, "params": {"gamma": 2.796932173319039, "lr": 0.42351005310518297}, "datetime": {"datetime": "2024-06-13 15:57:57", "elapsed": 4.339658, "delta": 0.004987}}
{"target": -997.6499063658895, "params": {"gamma": 4.980288348100211, "lr": 0.660015223526051}, "datetime": {"datetime": "2024-06-13 15:57:57", "elapsed": 4.343648, "delta": 0.00399}}
{"target": -1011.5889716225196, "params": {"gamma": 4.962865153563822, "lr": 0.6204682006051905}, "datetime": {"datetime": "2024-06-13 15:57:57", "elapsed": 4.347637, "delta": 0.003989}}
{"target": -1089.868830415367, "params": {"gamma": 5.824816179030337, "lr": 0.42833239803885637}, "datetime": {"datetime": "2024-06-13 15:57:57", "elapsed": 4.352997, "delta": 0.00536}}
{"target": -150.42711400812883, "params": {"gamma": 0.050758670747942644, "lr": 0.19451641385960183}, "datetime": {"datetime": "2024-06-13 15:57:57", "elapsed": 4.356494, "delta": 0.003497}}
{"target": -855.8735515802201, "params": {"gamma": 3.2027463362086017, "lr": 0.1469781258549313}, "datetime": {"datetime": "2024-06-13 15:57:57", "elapsed": 4.361481, "delta": 0.004987}}
{"target": -1217.0019368948308, "params": {"gamma": 5.987040152182751, "lr": 0.6114994766596024}, "datetime": {"datetime": "2024-06-13 15:57:57", "elapsed": 4.365471, "delta": 0.00399}}
{"target": -799.3647256152686, "params": {"gamma": 5.001432502709699, "lr": 0.32084890160086454}, "datetime": {"datetime": "2024-06-13 15:57:57", "elapsed": 4.36946, "delta": 0.003989}}
{"target": -1528.3763846552597, "params": {"gamma": 6.53292726219252, "lr": 0.19028348267904371}, "datetime": {"datetime": "2024-06-13 15:57:57", "elapsed": 4.374446, "delta": 0.004986}}
{"target": -147.93762378297907, "params": {"gamma": 0.05980393346483768, "lr": 0.7349420186839615}, "datetime": {"datetime": "2024-06-13 15:57:57", "elapsed": 4.378436, "delta": 0.00399}}
{"target": -927.8186149752387, "params": {"gamma": 4.435594915197448, "lr": 0.6978416560498484}, "datetime": {"datetime": "2024-06-13 15:57:57", "elapsed": 4.382425, "delta": 0.003989}}
{"target": -717.5700032485222, "params": {"gamma": 1.851248453020123, "lr": 0.06261980198391548}, "datetime": {"datetime": "2024-06-13 15:57:57", "elapsed": 4.387412, "delta": 0.004987}}
{"target": -793.8009909219427, "params": {"gamma": 3.78170775924343, "lr": 0.695996510445494}, "datetime": {"datetime": "2024-06-13 15:57:57", "elapsed": 4.392398, "delta": 0.004986}}
{"target": -276.67401448612793, "params": {"gamma": 1.0290808561757039, "lr": 0.19583423367499242}, "datetime": {"datetime": "2024-06-13 15:57:57", "elapsed": 4.397385, "delta": 0.004987}}
{"target": -926.9281609908987, "params": {"gamma": 4.540072551414793, "lr": 0.6211491896936461}, "datetime": {"datetime": "2024-06-13 15:57:57", "elapsed": 4.402372, "delta": 0.004987}}
{"target": -2638.603768961334, "params": {"gamma": 7.501492356441782, "lr": 0.1097350212856566}, "datetime": {"datetime": "2024-06-13 15:57:57", "elapsed": 4.406361, "delta": 0.003989}}
{"target": -1016.0001595312517, "params": {"gamma": 6.246611447949256, "lr": 0.3873605221444808}, "datetime": {"datetime": "2024-06-13 15:57:57", "elapsed": 4.41035, "delta": 0.003989}}
{"target": -1349.6480394004561, "params": {"gamma": 6.701233597109323, "lr": 0.2035603776619016}, "datetime": {"datetime": "2024-06-13 15:57:57", "elapsed": 4.415338, "delta": 0.004988}}
{"target": -1202.991035700242, "params": {"gamma": 5.2796600565097815, "lr": 0.1721625549559327}, "datetime": {"datetime": "2024-06-13 15:57:57", "elapsed": 4.420324, "delta": 0.004986}}
{"target": -148.38085208215878, "params": {"gamma": 0.18779137895775708, "lr": 0.4869502464239571}, "datetime": {"datetime": "2024-06-13 15:57:57", "elapsed": 4.424313, "delta": 0.003989}}
{"target": -388.81781909546027, "params": {"gamma": 1.8425935878323698, "lr": 0.6383433300033875}, "datetime": {"datetime": "2024-06-13 15:57:57", "elapsed": 4.428302, "delta": 0.003989}}
{"target": -1162.8515933406413, "params": {"gamma": 5.366211618584989, "lr": 0.7749453799977457}, "datetime": {"datetime": "2024-06-13 15:57:57", "elapsed": 4.433291, "delta": 0.004989}}
{"target": -957.3084843083566, "params": {"gamma": 3.930206066439398, "lr": 0.9894521308362529}, "datetime": {"datetime": "2024-06-13 15:57:57", "elapsed": 4.437279, "delta": 0.003988}}
{"target": -957.4343210484163, "params": {"gamma": 5.152631746924576, "lr": 0.47882340118547173}, "datetime": {"datetime": "2024-06-13 15:57:57", "elapsed": 4.442265, "delta": 0.004986}}
{"target": -1411.1444066772362, "params": {"gamma": 7.494675265050945, "lr": 0.5726882932924154}, "datetime": {"datetime": "2024-06-13 15:57:57", "elapsed": 4.446255, "delta": 0.00399}}
{"target": -681.1928816109163, "params": {"gamma": 3.625290707682954, "lr": 0.48924478546014216}, "datetime": {"datetime": "2024-06-13 15:57:57", "elapsed": 4.450244, "delta": 0.003989}}
{"target": -335.00474938965675, "params": {"gamma": 1.8921946110135588, "lr": 0.39358341429686194}, "datetime": {"datetime": "2024-06-13 15:57:57", "elapsed": 4.45523, "delta": 0.004986}}
{"target": -152.02121430340006, "params": {"gamma": 0.30058756348796134, "lr": 0.46252906034220287}, "datetime": {"datetime": "2024-06-13 15:57:57", "elapsed": 4.45922, "delta": 0.00399}}
{"target": -512.8251836056338, "params": {"gamma": 2.7454666539229047, "lr": 0.5267158603586157}, "datetime": {"datetime": "2024-06-13 15:57:57", "elapsed": 4.463209, "delta": 0.003989}}
{"target": -149.23490861361842, "params": {"gamma": 0.2936919419097222, "lr": 0.5550867665221745}, "datetime": {"datetime": "2024-06-13 15:57:57", "elapsed": 4.468196, "delta": 0.004987}}
{"target": -564.502841630676, "params": {"gamma": 2.9306858383999437, "lr": 0.5774906810135474}, "datetime": {"datetime": "2024-06-13 15:57:57", "elapsed": 4.472185, "delta": 0.003989}}
{"target": -1382.174290627662, "params": {"gamma": 7.327965762760406, "lr": 0.44033782679643774}, "datetime": {"datetime": "2024-06-13 15:57:57", "elapsed": 4.476174, "delta": 0.003989}}
{"target": -1188.8688530239983, "params": {"gamma": 6.6319050719967745, "lr": 0.23890995487021205}, "datetime": {"datetime": "2024-06-13 15:57:57", "elapsed": 4.481161, "delta": 0.004987}}
{"target": -1780.5991056847029, "params": {"gamma": 9.985992286776213, "lr": 0.24287852161976753}, "datetime": {"datetime": "2024-06-13 15:57:57", "elapsed": 4.485151, "delta": 0.00399}}
{"target": -1888.2335317602676, "params": {"gamma": 9.408343315400867, "lr": 0.21721975039101793}, "datetime": {"datetime": "2024-06-13 15:57:57", "elapsed": 4.490137, "delta": 0.004986}}
{"target": -1132.2363861264744, "params": {"gamma": 4.97614628166607, "lr": 0.8211769648927358}, "datetime": {"datetime": "2024-06-13 15:57:57", "elapsed": 4.494127, "delta": 0.00399}}
{"target": -1547.5392198506383, "params": {"gamma": 7.166163879900548, "lr": 0.705580412120669}, "datetime": {"datetime": "2024-06-13 15:57:57", "elapsed": 4.498116, "delta": 0.003989}}
{"target": -957.7424089751164, "params": {"gamma": 4.4049651591972045, "lr": 0.7541750254551594}, "datetime": {"datetime": "2024-06-13 15:57:57", "elapsed": 4.503103, "delta": 0.004987}}
{"target": -1731.072479865927, "params": {"gamma": 9.199615816571573, "lr": 0.4413517453158379}, "datetime": {"datetime": "2024-06-13 15:57:57", "elapsed": 4.508089, "delta": 0.004986}}
{"target": -1988.6317805154065, "params": {"gamma": 5.2801268760628535, "lr": 0.06603558401663734}, "datetime": {"datetime": "2024-06-13 15:57:57", "elapsed": 4.512079, "delta": 0.00399}}
{"target": -732.2110990283285, "params": {"gamma": 3.9083399636332565, "lr": 0.4672385663332459}, "datetime": {"datetime": "2024-06-13 15:57:57", "elapsed": 4.517065, "delta": 0.004986}}
{"target": -3143.8806022180024, "params": {"gamma": 8.951481970324929, "lr": 0.11055744025544123}, "datetime": {"datetime": "2024-06-13 15:57:57", "elapsed": 4.521054, "delta": 0.003989}}
{"target": -1322.4752673362925, "params": {"gamma": 7.311644894386467, "lr": 0.5454711685487195}, "datetime": {"datetime": "2024-06-13 15:57:57", "elapsed": 4.525044, "delta": 0.00399}}
{"target": -2281.144961245951, "params": {"gamma": 6.0657477697349185, "lr": 0.029782944129560285}, "datetime": {"datetime": "2024-06-13 15:57:57", "elapsed": 4.53003, "delta": 0.004986}}
{"target": -280.5596352749732, "params": {"gamma": 1.4683270502280348, "lr": 0.28398322546618515}, "datetime": {"datetime": "2024-06-13 15:57:57", "elapsed": 4.53402, "delta": 0.00399}}
{"target": -148.56815716709508, "params": {"gamma": 0.04971560748810713, "lr": 0.6691577977971368}, "datetime": {"datetime": "2024-06-13 15:57:57", "elapsed": 4.538009, "delta": 0.003989}}
{"target": -1569.9736287588723, "params": {"gamma": 8.70270923127706, "lr": 0.5469683092712408}, "datetime": {"datetime": "2024-06-13 15:57:57", "elapsed": 4.542996, "delta": 0.004987}}
{"target": -1105.656255967346, "params": {"gamma": 5.432097311144519, "lr": 0.6157259286130373}, "datetime": {"datetime": "2024-06-13 15:57:57", "elapsed": 4.546985, "delta": 0.003989}}
{"target": -505.00767558916715, "params": {"gamma": 3.022512822657626, "lr": 0.3667319816609417}, "datetime": {"datetime": "2024-06-13 15:57:57", "elapsed": 4.550974, "delta": 0.003989}}
{"target": -1299.1374254312211, "params": {"gamma": 5.749822333050388, "lr": 0.8092165837173445}, "datetime": {"datetime": "2024-06-13 15:57:57", "elapsed": 4.556083, "delta": 0.005109}}
{"target": -347.68254097561737, "params": {"gamma": 2.016764747447303, "lr": 0.32752405584828914}, "datetime": {"datetime": "2024-06-13 15:57:57", "elapsed": 4.560072, "delta": 0.003989}}
{"target": -1207.0573058466923, "params": {"gamma": 7.429469582646582, "lr": 0.3409202491323421}, "datetime": {"datetime": "2024-06-13 15:57:57", "elapsed": 4.564646, "delta": 0.004574}}
{"target": -193.23721362456763, "params": {"gamma": 0.4770616761368438, "lr": 0.15635692867625162}, "datetime": {"datetime": "2024-06-13 15:57:57", "elapsed": 4.569655, "delta": 0.005009}}
{"target": -382.26964955926275, "params": {"gamma": 1.9394547317358086, "lr": 0.4951123625611782}, "datetime": {"datetime": "2024-06-13 15:57:57", "elapsed": 4.574241, "delta": 0.004586}}
{"target": -1504.3218360998562, "params": {"gamma": 6.351614485952291, "lr": 0.880219977218583}, "datetime": {"datetime": "2024-06-13 15:57:57", "elapsed": 4.57823, "delta": 0.003989}}
{"target": -1420.174254333859, "params": {"gamma": 9.025463027666028, "lr": 0.307160768485095}, "datetime": {"datetime": "2024-06-13 15:57:57", "elapsed": 4.583219, "delta": 0.004989}}
{"target": -1262.4017488277534, "params": {"gamma": 7.534047351182733, "lr": 0.2824280305589726}, "datetime": {"datetime": "2024-06-13 15:57:57", "elapsed": 4.587206, "delta": 0.003987}}
{"target": -585.6834052312274, "params": {"gamma": 3.686400120782994, "lr": 0.2927265620931302}, "datetime": {"datetime": "2024-06-13 15:57:57", "elapsed": 4.592193, "delta": 0.004987}}
{"target": -840.412943457316, "params": {"gamma": 4.137493671254815, "lr": 0.21471569566838056}, "datetime": {"datetime": "2024-06-13 15:57:57", "elapsed": 4.596182, "delta": 0.003989}}
{"target": -1036.7737617658775, "params": {"gamma": 3.1905410786954205, "lr": 0.12191981389008766}, "datetime": {"datetime": "2024-06-13 15:57:57", "elapsed": 4.60117, "delta": 0.004988}}
{"target": -1730.2178960592028, "params": {"gamma": 9.63021937771575, "lr": 0.5039830093987828}, "datetime": {"datetime": "2024-06-13 15:57:57", "elapsed": 4.606045, "delta": 0.004875}}
{"target": -1936.0417618964877, "params": {"gamma": 9.23108372520405, "lr": 0.7461601407734211}, "datetime": {"datetime": "2024-06-13 15:57:57", "elapsed": 4.610181, "delta": 0.004136}}
{"target": -994.5413632653398, "params": {"gamma": 4.577595171516512, "lr": 0.7546222253081317}, "datetime": {"datetime": "2024-06-13 15:57:57", "elapsed": 4.615168, "delta": 0.004987}}
{"target": -996.4398952850147, "params": {"gamma": 6.280602762990652, "lr": 0.30375843415186865}, "datetime": {"datetime": "2024-06-13 15:57:57", "elapsed": 4.620154, "delta": 0.004986}}
{"target": -1130.7777751639628, "params": {"gamma": 5.217071474819306, "lr": 0.7123121956474292}, "datetime": {"datetime": "2024-06-13 15:57:57", "elapsed": 4.624583, "delta": 0.004429}}
{"target": -1160.983247137304, "params": {"gamma": 3.0538300009516193, "lr": 0.012522836886473265}, "datetime": {"datetime": "2024-06-13 15:57:57", "elapsed": 4.629077, "delta": 0.004494}}
{"target": -592.8642835086866, "params": {"gamma": 2.6833600285302275, "lr": 0.7967454755900841}, "datetime": {"datetime": "2024-06-13 15:57:57", "elapsed": 4.634063, "delta": 0.004986}}
{"target": -1840.6822861188905, "params": {"gamma": 9.300000896546049, "lr": 0.6253311549032551}, "datetime": {"datetime": "2024-06-13 15:57:57", "elapsed": 4.63905, "delta": 0.004987}}
{"target": -315.98421734765816, "params": {"gamma": 1.3289420383195298, "lr": 0.7575703592474212}, "datetime": {"datetime": "2024-06-13 15:57:57", "elapsed": 4.642731, "delta": 0.003681}}
{"target": -1142.2027586812192, "params": {"gamma": 5.269526555127393, "lr": 0.753869071621213}, "datetime": {"datetime": "2024-06-13 15:57:57", "elapsed": 4.647712, "delta": 0.004981}}
{"target": -2068.82551219429, "params": {"gamma": 8.586258418997055, "lr": 0.9475415511018243}, "datetime": {"datetime": "2024-06-13 15:57:57", "elapsed": 4.651701, "delta": 0.003989}}
{"target": -1500.8714267329974, "params": {"gamma": 6.545720808693693, "lr": 0.8542582098426466}, "datetime": {"datetime": "2024-06-13 15:57:57", "elapsed": 4.656688, "delta": 0.004987}}
{"target": -1575.5300132305845, "params": {"gamma": 7.426137988907772, "lr": 0.7271011884036769}, "datetime": {"datetime": "2024-06-13 15:57:57", "elapsed": 4.660895, "delta": 0.004207}}
{"target": -2069.2533348271513, "params": {"gamma": 8.58804877191338, "lr": 0.9230030407536653}, "datetime": {"datetime": "2024-06-13 15:57:57", "elapsed": 4.664886, "delta": 0.003991}}
{"target": -1456.6340119958647, "params": {"gamma": 9.020857939246921, "lr": 0.39575026156518067}, "datetime": {"datetime": "2024-06-13 15:57:57", "elapsed": 4.669871, "delta": 0.004985}}
{"target": -234.57946886489268, "params": {"gamma": 0.8411287767074533, "lr": 0.8295737184581491}, "datetime": {"datetime": "2024-06-13 15:57:57", "elapsed": 4.673861, "delta": 0.00399}}
{"target": -978.1491678869153, "params": {"gamma": 5.389776601523036, "lr": 0.542076154739123}, "datetime": {"datetime": "2024-06-13 15:57:57", "elapsed": 4.67828, "delta": 0.004419}}
{"target": -3095.370918974778, "params": {"gamma": 8.25192813033363, "lr": 0.03198418437577388}, "datetime": {"datetime": "2024-06-13 15:57:57", "elapsed": 4.68227, "delta": 0.00399}}
{"target": -3291.9650055361863, "params": {"gamma": 8.779726226832842, "lr": 0.03463400133772032}, "datetime": {"datetime": "2024-06-13 15:57:57", "elapsed": 4.687256, "delta": 0.004986}}
{"target": -1306.3357821179966, "params": {"gamma": 6.932252389225503, "lr": 0.5874844793504092}, "datetime": {"datetime": "2024-06-13 15:57:57", "elapsed": 4.691245, "delta": 0.003989}}
{"target": -1040.4066760236167, "params": {"gamma": 6.417850059155134, "lr": 0.37408018773825613}, "datetime": {"datetime": "2024-06-13 15:57:57", "elapsed": 4.695235, "delta": 0.00399}}
{"target": -514.5393680425829, "params": {"gamma": 2.755344804474391, "lr": 0.5094085814387623}, "datetime": {"datetime": "2024-06-13 15:57:57", "elapsed": 4.700222, "delta": 0.004987}}
{"target": -1630.3304908211398, "params": {"gamma": 8.858345348380066, "lr": 0.5652896703655683}, "datetime": {"datetime": "2024-06-13 15:57:57", "elapsed": 4.704211, "delta": 0.003989}}
{"target": -1252.4693206762668, "params": {"gamma": 6.631825765751704, "lr": 0.44137923095350085}, "datetime": {"datetime": "2024-06-13 15:57:57", "elapsed": 4.709197, "delta": 0.004986}}
{"target": -2038.0233308816255, "params": {"gamma": 9.7214187321274, "lr": 0.7425224523517098}, "datetime": {"datetime": "2024-06-13 15:57:57", "elapsed": 4.713187, "delta": 0.00399}}
{"target": -716.8406378659879, "params": {"gamma": 3.5496702059968834, "lr": 0.6535310326636594}, "datetime": {"datetime": "2024-06-13 15:57:57", "elapsed": 4.718173, "delta": 0.004986}}
{"target": -1287.6529540163422, "params": {"gamma": 5.426621502305332, "lr": 0.884056212378686}, "datetime": {"datetime": "2024-06-13 15:57:57", "elapsed": 4.722163, "delta": 0.00399}}
{"target": -986.6939518941933, "params": {"gamma": 2.7512654566030514, "lr": 0.10806748517233733}, "datetime": {"datetime": "2024-06-13 15:57:57", "elapsed": 4.727149, "delta": 0.004986}}
{"target": -338.1697973769723, "params": {"gamma": 1.9135292453599602, "lr": 0.38704623260508586}, "datetime": {"datetime": "2024-06-13 15:57:57", "elapsed": 4.731139, "delta": 0.00399}}
{"target": -1437.4357798207086, "params": {"gamma": 8.54074388954821, "lr": 0.2708449138359166}, "datetime": {"datetime": "2024-06-13 15:57:57", "elapsed": 4.736125, "delta": 0.004986}}
{"target": -1272.5912077009643, "params": {"gamma": 6.263961673283628, "lr": 0.6235518010455583}, "datetime": {"datetime": "2024-06-13 15:57:57", "elapsed": 4.740115, "delta": 0.00399}}
{"target": -1542.463683425116, "params": {"gamma": 4.08106330634394, "lr": 0.05033512965945175}, "datetime": {"datetime": "2024-06-13 15:57:57", "elapsed": 4.745101, "delta": 0.004986}}
{"target": -1149.6523297281453, "params": {"gamma": 7.448593896451896, "lr": 0.29572553442388116}, "datetime": {"datetime": "2024-06-13 15:57:57", "elapsed": 4.750088, "delta": 0.004987}}
{"target": -658.2486051682358, "params": {"gamma": 3.9851835072938524, "lr": 0.37723956753050947}, "datetime": {"datetime": "2024-06-13 15:57:57", "elapsed": 4.755074, "delta": 0.004986}}
{"target": -2422.8859960896034, "params": {"gamma": 6.636362714079265, "lr": 0.08633328681516406}, "datetime": {"datetime": "2024-06-13 15:57:57", "elapsed": 4.760061, "delta": 0.004987}}
{"target": -2070.2467684304615, "params": {"gamma": 5.49934931479934, "lr": 0.015421822343255842}, "datetime": {"datetime": "2024-06-13 15:57:57", "elapsed": 4.765049, "delta": 0.004988}}
{"target": -1846.6021383337545, "params": {"gamma": 9.830406796410628, "lr": 0.5984272223880148}, "datetime": {"datetime": "2024-06-13 15:57:57", "elapsed": 4.772029, "delta": 0.00698}}
{"target": -1020.4581925063734, "params": {"gamma": 3.8417581657342703, "lr": 0.1467479307274827}, "datetime": {"datetime": "2024-06-13 15:57:57", "elapsed": 4.777016, "delta": 0.004987}}
{"target": -1663.624270734354, "params": {"gamma": 6.9690863860416155, "lr": 0.9058084167065523}, "datetime": {"datetime": "2024-06-13 15:57:57", "elapsed": 4.782009, "delta": 0.004993}}
{"target": -697.9222479036252, "params": {"gamma": 3.1817694146938234, "lr": 0.7664921446562297}, "datetime": {"datetime": "2024-06-13 15:57:58", "elapsed": 4.786818, "delta": 0.004809}}
{"target": -707.0782974459521, "params": {"gamma": 2.8756935223098354, "lr": 0.9572253423743934}, "datetime": {"datetime": "2024-06-13 15:57:58", "elapsed": 4.791769, "delta": 0.004951}}
{"target": -1393.5061374599286, "params": {"gamma": 7.023455232193281, "lr": 0.6250155931933211}, "datetime": {"datetime": "2024-06-13 15:57:58", "elapsed": 4.796755, "delta": 0.004986}}
{"target": -1565.0353609526305, "params": {"gamma": 9.307416596768327, "lr": 0.26904238725191854}, "datetime": {"datetime": "2024-06-13 15:57:58", "elapsed": 4.800827, "delta": 0.004072}}
