{"target": -641.9796351092716, "params": {"gamma": 6.955420242475687, "lr": 0.36973977954151527}, "datetime": {"datetime": "2024-06-13 19:54:39", "elapsed": 7.367022, "delta": 0.004987}}
{"target": -646.4921876413263, "params": {"gamma": 6.716589859874733, "lr": 0.26510969397346273}, "datetime": {"datetime": "2024-06-13 19:54:39", "elapsed": 7.371012, "delta": 0.00399}}
{"target": -146.5582304655714, "params": {"gamma": 0.7756981624656162, "lr": 0.5280671392556082}, "datetime": {"datetime": "2024-06-13 19:54:39", "elapsed": 7.375998, "delta": 0.004986}}
{"target": -295.6792466272793, "params": {"gamma": 2.8984014893930756, "lr": 0.48165189565416366}, "datetime": {"datetime": "2024-06-13 19:54:39", "elapsed": 7.379989, "delta": 0.003991}}
{"target": -860.7145111449604, "params": {"gamma": 9.020043950898684, "lr": 0.6517403667487239}, "datetime": {"datetime": "2024-06-13 19:54:39", "elapsed": 7.384974, "delta": 0.004985}}
{"target": -1060.8227921573919, "params": {"gamma": 7.233468037123845, "lr": 0.1025865252271354}, "datetime": {"datetime": "2024-06-13 19:54:39", "elapsed": 7.389961, "delta": 0.004987}}
{"target": -476.45066204363565, "params": {"gamma": 4.7971011998412845, "lr": 0.40434189038945745}, "datetime": {"datetime": "2024-06-13 19:54:39", "elapsed": 7.39395, "delta": 0.003989}}
{"target": -584.5829145827195, "params": {"gamma": 6.468925570274098, "lr": 0.287735134554958}, "datetime": {"datetime": "2024-06-13 19:54:39", "elapsed": 7.398937, "delta": 0.004987}}
{"target": -541.7099802965178, "params": {"gamma": 3.8312640574634482, "lr": 0.981016791950987}, "datetime": {"datetime": "2024-06-13 19:54:39", "elapsed": 7.402926, "delta": 0.003989}}
{"target": -173.76453207994243, "params": {"gamma": 1.1489908672848812, "lr": 0.19990786306137587}, "datetime": {"datetime": "2024-06-13 19:54:39", "elapsed": 7.407913, "delta": 0.004987}}
{"target": -290.5006378967518, "params": {"gamma": 2.3912225972933583, "lr": 0.6966542004402304}, "datetime": {"datetime": "2024-06-13 19:54:39", "elapsed": 7.411902, "delta": 0.003989}}
{"target": -908.6632954644974, "params": {"gamma": 7.1371672251136955, "lr": 0.7847549365756692}, "datetime": {"datetime": "2024-06-13 19:54:39", "elapsed": 7.416889, "delta": 0.004987}}
{"target": -508.18058783178145, "params": {"gamma": 3.8110627039036813, "lr": 0.8524032876575542}, "datetime": {"datetime": "2024-06-13 19:54:39", "elapsed": 7.421875, "delta": 0.004986}}
{"target": -770.5239281676949, "params": {"gamma": 6.973768049350303, "lr": 0.7132598975767365}, "datetime": {"datetime": "2024-06-13 19:54:39", "elapsed": 7.425865, "delta": 0.00399}}
{"target": -787.5369972737349, "params": {"gamma": 8.220064454506392, "lr": 0.6289244383408126}, "datetime": {"datetime": "2024-06-13 19:54:39", "elapsed": 7.430852, "delta": 0.004987}}
{"target": -844.7248538040229, "params": {"gamma": 4.2228540008601385, "lr": 0.030798811164673312}, "datetime": {"datetime": "2024-06-13 19:54:39", "elapsed": 7.434841, "delta": 0.003989}}
{"target": -624.3895152844245, "params": {"gamma": 5.9549611772267355, "lr": 0.5637635695018256}, "datetime": {"datetime": "2024-06-13 19:54:39", "elapsed": 7.439827, "delta": 0.004986}}
{"target": -545.4842191593813, "params": {"gamma": 6.008479407469643, "lr": 0.3228534686765717}, "datetime": {"datetime": "2024-06-13 19:54:39", "elapsed": 7.443817, "delta": 0.00399}}
{"target": -697.9722921787458, "params": {"gamma": 5.549264886470077, "lr": 0.17165630428408674}, "datetime": {"datetime": "2024-06-13 19:54:39", "elapsed": 7.448804, "delta": 0.004987}}
{"target": -1295.1374672788502, "params": {"gamma": 6.49894440266871, "lr": 0.07167347369091615}, "datetime": {"datetime": "2024-06-13 19:54:39", "elapsed": 7.452793, "delta": 0.003989}}
{"target": -878.8681714448505, "params": {"gamma": 8.750896260863644, "lr": 0.21613795014659942}, "datetime": {"datetime": "2024-06-13 19:54:39", "elapsed": 7.457779, "delta": 0.004986}}
{"target": -397.66355676027183, "params": {"gamma": 2.9391518612119483, "lr": 0.8847369186394346}, "datetime": {"datetime": "2024-06-13 19:54:39", "elapsed": 7.461769, "delta": 0.00399}}
{"target": -1139.06895279805, "params": {"gamma": 8.836037308166828, "lr": 0.8362672161514131}, "datetime": {"datetime": "2024-06-13 19:54:39", "elapsed": 7.466756, "delta": 0.004987}}
{"target": -468.35538275749076, "params": {"gamma": 3.2700292334455643, "lr": 0.9023446392045666}, "datetime": {"datetime": "2024-06-13 19:54:39", "elapsed": 7.470745, "delta": 0.003989}}
{"target": -741.6420313170751, "params": {"gamma": 7.718251155453087, "lr": 0.6580829809857549}, "datetime": {"datetime": "2024-06-13 19:54:39", "elapsed": 7.475731, "delta": 0.004986}}
{"target": -1139.355579178389, "params": {"gamma": 8.99813093515086, "lr": 0.7831314722628366}, "datetime": {"datetime": "2024-06-13 19:54:39", "elapsed": 7.479721, "delta": 0.00399}}
{"target": -396.3675900226576, "params": {"gamma": 4.2480703423217, "lr": 0.32425522412708885}, "datetime": {"datetime": "2024-06-13 19:54:39", "elapsed": 7.484707, "delta": 0.004986}}
{"target": -788.6917511359522, "params": {"gamma": 3.9393874995637357, "lr": 0.06141215405816436}, "datetime": {"datetime": "2024-06-13 19:54:39", "elapsed": 7.488697, "delta": 0.00399}}
{"target": -346.4812462327861, "params": {"gamma": 3.634945499368943, "lr": 0.3530436858449395}, "datetime": {"datetime": "2024-06-13 19:54:39", "elapsed": 7.493683, "delta": 0.004986}}
{"target": -1093.8034808765465, "params": {"gamma": 8.656379251086715, "lr": 0.8887000495302622}, "datetime": {"datetime": "2024-06-13 19:54:39", "elapsed": 7.526595, "delta": 0.032912}}
{"target": -853.2575993130273, "params": {"gamma": 9.630557816537218, "lr": 0.32819924761463426}, "datetime": {"datetime": "2024-06-13 19:54:39", "elapsed": 7.531582, "delta": 0.004987}}
{"target": -669.8933517612236, "params": {"gamma": 6.933508237753853, "lr": 0.6330662678957141}, "datetime": {"datetime": "2024-06-13 19:54:39", "elapsed": 7.535571, "delta": 0.003989}}
{"target": -336.97758168972484, "params": {"gamma": 2.425195012153892, "lr": 0.8699876263426785}, "datetime": {"datetime": "2024-06-13 19:54:39", "elapsed": 7.540559, "delta": 0.004988}}
{"target": -277.7223129256195, "params": {"gamma": 2.1418050557805293, "lr": 0.7477140026507801}, "datetime": {"datetime": "2024-06-13 19:54:39", "elapsed": 7.545545, "delta": 0.004986}}
{"target": -231.97497748779398, "params": {"gamma": 1.4474946912067754, "lr": 0.10681965623961165}, "datetime": {"datetime": "2024-06-13 19:54:39", "elapsed": 7.549534, "delta": 0.003989}}
{"target": -740.6678114283998, "params": {"gamma": 7.20350177902532, "lr": 0.5263181160447106}, "datetime": {"datetime": "2024-06-13 19:54:39", "elapsed": 7.554521, "delta": 0.004987}}
{"target": -573.8548926093256, "params": {"gamma": 4.429715397531216, "lr": 0.7781805677545706}, "datetime": {"datetime": "2024-06-13 19:54:39", "elapsed": 7.55851, "delta": 0.003989}}
{"target": -480.5521311871851, "params": {"gamma": 3.588074784629776, "lr": 0.8533495985139066}, "datetime": {"datetime": "2024-06-13 19:54:39", "elapsed": 7.563498, "delta": 0.004988}}
{"target": -1315.6926132102287, "params": {"gamma": 9.62176279907113, "lr": 0.97912549357449}, "datetime": {"datetime": "2024-06-13 19:54:39", "elapsed": 7.568484, "delta": 0.004986}}
{"target": -287.89511772631994, "params": {"gamma": 2.777002394800293, "lr": 0.4150070363847951}, "datetime": {"datetime": "2024-06-13 19:54:39", "elapsed": 7.57347, "delta": 0.004986}}
{"target": -1000.3332548823486, "params": {"gamma": 7.250373833289235, "lr": 0.8948659340129544}, "datetime": {"datetime": "2024-06-13 19:54:39", "elapsed": 7.57746, "delta": 0.00399}}
{"target": -898.6045000036136, "params": {"gamma": 7.113399789936541, "lr": 0.7581322827790503}, "datetime": {"datetime": "2024-06-13 19:54:39", "elapsed": 7.582446, "delta": 0.004986}}
{"target": -810.0741707649441, "params": {"gamma": 8.83415311602575, "lr": 0.3669482381501168}, "datetime": {"datetime": "2024-06-13 19:54:39", "elapsed": 7.586435, "delta": 0.003989}}
{"target": -566.7011169583909, "params": {"gamma": 5.425906871529926, "lr": 0.5347699755827457}, "datetime": {"datetime": "2024-06-13 19:54:39", "elapsed": 7.591422, "delta": 0.004987}}
{"target": -896.3319678670813, "params": {"gamma": 6.4761782194627475, "lr": 0.8951838797241277}, "datetime": {"datetime": "2024-06-13 19:54:39", "elapsed": 7.595411, "delta": 0.003989}}
{"target": -831.8576935408123, "params": {"gamma": 6.00867393378521, "lr": 0.9699385377160038}, "datetime": {"datetime": "2024-06-13 19:54:39", "elapsed": 7.600399, "delta": 0.004988}}
{"target": -715.7420582326906, "params": {"gamma": 7.3216234120977175, "lr": 0.41529149155458245}, "datetime": {"datetime": "2024-06-13 19:54:39", "elapsed": 7.605386, "delta": 0.004987}}
{"target": -805.5318568259588, "params": {"gamma": 5.81180346318073, "lr": 0.9223207824170438}, "datetime": {"datetime": "2024-06-13 19:54:39", "elapsed": 7.609374, "delta": 0.003988}}
{"target": -687.047175974007, "params": {"gamma": 6.185385338885807, "lr": 0.709928603418362}, "datetime": {"datetime": "2024-06-13 19:54:39", "elapsed": 7.614361, "delta": 0.004987}}
{"target": -611.3813578081895, "params": {"gamma": 6.613259028912707, "lr": 0.33614643889956264}, "datetime": {"datetime": "2024-06-13 19:54:39", "elapsed": 7.619347, "delta": 0.004986}}
{"target": -221.7586747555237, "params": {"gamma": 2.0341452163718596, "lr": 0.4078129626004203}, "datetime": {"datetime": "2024-06-13 19:54:39", "elapsed": 7.623337, "delta": 0.00399}}
{"target": -230.12255028250732, "params": {"gamma": 1.5085472915112057, "lr": 0.8263335477210154}, "datetime": {"datetime": "2024-06-13 19:54:39", "elapsed": 7.628324, "delta": 0.004987}}
{"target": -695.1673297081538, "params": {"gamma": 7.104895674394641, "lr": 0.4010561894105159}, "datetime": {"datetime": "2024-06-13 19:54:39", "elapsed": 7.632313, "delta": 0.003989}}
{"target": -255.38681722652785, "params": {"gamma": 1.7146555781871196, "lr": 0.8757993398860495}, "datetime": {"datetime": "2024-06-13 19:54:39", "elapsed": 7.637358, "delta": 0.005045}}
{"target": -883.0048156888499, "params": {"gamma": 6.3909999964742354, "lr": 0.9966028199815464}, "datetime": {"datetime": "2024-06-13 19:54:39", "elapsed": 7.641347, "delta": 0.003989}}
{"target": -144.51855891256133, "params": {"gamma": 1.0118777980878546, "lr": 0.24484835913226244}, "datetime": {"datetime": "2024-06-13 19:54:39", "elapsed": 7.646334, "delta": 0.004987}}
{"target": -154.81160263359928, "params": {"gamma": 0.8374656866964549, "lr": 0.7447417757596947}, "datetime": {"datetime": "2024-06-13 19:54:39", "elapsed": 7.650323, "delta": 0.003989}}
{"target": -242.31796830534344, "params": {"gamma": 1.5965935192609664, "lr": 0.8816595339350156}, "datetime": {"datetime": "2024-06-13 19:54:39", "elapsed": 7.65531, "delta": 0.004987}}
{"target": -516.841988931472, "params": {"gamma": 4.915303785862436, "lr": 0.526169262668513}, "datetime": {"datetime": "2024-06-13 19:54:39", "elapsed": 7.660296, "delta": 0.004986}}
{"target": -133.88640578377306, "params": {"gamma": 0.42616036762125126, "lr": 0.614053635731627}, "datetime": {"datetime": "2024-06-13 19:54:39", "elapsed": 7.664285, "delta": 0.003989}}
{"target": -253.5558096067324, "params": {"gamma": 2.2769202761615777, "lr": 0.2135040893470156}, "datetime": {"datetime": "2024-06-13 19:54:39", "elapsed": 7.669272, "delta": 0.004987}}
{"target": -1130.156853769334, "params": {"gamma": 8.953290370672992, "lr": 0.8880133489969917}, "datetime": {"datetime": "2024-06-13 19:54:39", "elapsed": 7.673262, "delta": 0.00399}}
{"target": -141.85678611108648, "params": {"gamma": 0.05364657807886874, "lr": 0.832303959586102}, "datetime": {"datetime": "2024-06-13 19:54:39", "elapsed": 7.678248, "delta": 0.004986}}
{"target": -918.9372428294021, "params": {"gamma": 9.02308610135554, "lr": 0.5119476580924737}, "datetime": {"datetime": "2024-06-13 19:54:39", "elapsed": 7.683235, "delta": 0.004987}}
{"target": -830.846249409723, "params": {"gamma": 6.56208200669582, "lr": 0.7677856839334473}, "datetime": {"datetime": "2024-06-13 19:54:39", "elapsed": 7.687224, "delta": 0.003989}}
{"target": -661.1601171487622, "params": {"gamma": 6.854714307550932, "lr": 0.45911641964267924}, "datetime": {"datetime": "2024-06-13 19:54:39", "elapsed": 7.692211, "delta": 0.004987}}
{"target": -547.4533967692369, "params": {"gamma": 5.7349488675951, "lr": 0.5740594317304389}, "datetime": {"datetime": "2024-06-13 19:54:39", "elapsed": 7.697198, "delta": 0.004987}}
{"target": -846.1654911618513, "params": {"gamma": 8.421463069722522, "lr": 0.24044170761914385}, "datetime": {"datetime": "2024-06-13 19:54:39", "elapsed": 7.702185, "delta": 0.004987}}
{"target": -962.2974070166061, "params": {"gamma": 7.572507436190774, "lr": 0.8123371097183338}, "datetime": {"datetime": "2024-06-13 19:54:39", "elapsed": 7.706462, "delta": 0.004277}}
{"target": -1011.43642222678, "params": {"gamma": 7.970526579088603, "lr": 0.8077078189919843}, "datetime": {"datetime": "2024-06-13 19:54:39", "elapsed": 7.71144, "delta": 0.004978}}
{"target": -807.9784357010705, "params": {"gamma": 8.292970943843157, "lr": 0.4175157513022394}, "datetime": {"datetime": "2024-06-13 19:54:40", "elapsed": 7.716456, "delta": 0.005016}}
{"target": -783.8151011961431, "params": {"gamma": 6.179249469269826, "lr": 0.7552455161468585}, "datetime": {"datetime": "2024-06-13 19:54:40", "elapsed": 7.720444, "delta": 0.003988}}
{"target": -1057.9705793495134, "params": {"gamma": 7.697885927847493, "lr": 0.9586046229255358}, "datetime": {"datetime": "2024-06-13 19:54:40", "elapsed": 7.725431, "delta": 0.004987}}
{"target": -999.9951020876427, "params": {"gamma": 9.750777680644457, "lr": 0.5647345919090407}, "datetime": {"datetime": "2024-06-13 19:54:40", "elapsed": 7.730389, "delta": 0.004958}}
{"target": -613.7489556759284, "params": {"gamma": 4.657924948350314, "lr": 0.8355253266864215}, "datetime": {"datetime": "2024-06-13 19:54:40", "elapsed": 7.735375, "delta": 0.004986}}
{"target": -302.91968931901846, "params": {"gamma": 2.2003892786426134, "lr": 0.7663980894608939}, "datetime": {"datetime": "2024-06-13 19:54:40", "elapsed": 7.739365, "delta": 0.00399}}
{"target": -217.92514693178163, "params": {"gamma": 1.920923979668611, "lr": 0.5916275659530674}, "datetime": {"datetime": "2024-06-13 19:54:40", "elapsed": 7.747344, "delta": 0.007979}}
{"target": -608.9855176549829, "params": {"gamma": 6.068707734799046, "lr": 0.44184380280217683}, "datetime": {"datetime": "2024-06-13 19:54:40", "elapsed": 7.75233, "delta": 0.004986}}
{"target": -881.9529677671003, "params": {"gamma": 8.645641977427168, "lr": 0.5434821861417696}, "datetime": {"datetime": "2024-06-13 19:54:40", "elapsed": 7.756319, "delta": 0.003989}}
{"target": -488.8012927791366, "params": {"gamma": 4.927804379534841, "lr": 0.4181256356700572}, "datetime": {"datetime": "2024-06-13 19:54:40", "elapsed": 7.761306, "delta": 0.004987}}
{"target": -124.372424018748, "params": {"gamma": 0.6231896086801356, "lr": 0.3621494599268943}, "datetime": {"datetime": "2024-06-13 19:54:40", "elapsed": 7.766326, "delta": 0.00502}}
{"target": -155.9579330305402, "params": {"gamma": 0.9290607665831948, "lr": 0.5656384996760548}, "datetime": {"datetime": "2024-06-13 19:54:40", "elapsed": 7.770311, "delta": 0.003985}}
{"target": -811.5923873657969, "params": {"gamma": 6.4053758139443495, "lr": 0.7677822626181597}, "datetime": {"datetime": "2024-06-13 19:54:40", "elapsed": 7.775269, "delta": 0.004958}}
{"target": -753.876290637459, "params": {"gamma": 6.325720028185084, "lr": 0.1870607551754626}, "datetime": {"datetime": "2024-06-13 19:54:40", "elapsed": 7.780256, "delta": 0.004987}}
{"target": -769.9740299785494, "params": {"gamma": 7.502689263840385, "lr": 0.5488594004307864}, "datetime": {"datetime": "2024-06-13 19:54:40", "elapsed": 7.784245, "delta": 0.003989}}
{"target": -221.640250744518, "params": {"gamma": 1.0226014229845646, "lr": 0.024827029187908023}, "datetime": {"datetime": "2024-06-13 19:54:40", "elapsed": 7.789232, "delta": 0.004987}}
{"target": -351.23351356796155, "params": {"gamma": 2.988163177641064, "lr": 0.6900150292649251}, "datetime": {"datetime": "2024-06-13 19:54:40", "elapsed": 7.793221, "delta": 0.003989}}
{"target": -1276.3283961997938, "params": {"gamma": 9.327950716090912, "lr": 0.9664972006802195}, "datetime": {"datetime": "2024-06-13 19:54:40", "elapsed": 7.798208, "delta": 0.004987}}
{"target": -684.5638338264533, "params": {"gamma": 7.645716345257133, "lr": 0.2932491857068945}, "datetime": {"datetime": "2024-06-13 19:54:40", "elapsed": 7.802197, "delta": 0.003989}}
{"target": -629.5539042794697, "params": {"gamma": 6.2210691836043965, "lr": 0.23109612753682562}, "datetime": {"datetime": "2024-06-13 19:54:40", "elapsed": 7.806892, "delta": 0.004695}}
{"target": -898.8775439090388, "params": {"gamma": 7.507153026145066, "lr": 0.16586702947952792}, "datetime": {"datetime": "2024-06-13 19:54:40", "elapsed": 7.811879, "delta": 0.004987}}
{"target": -960.2041141000259, "params": {"gamma": 7.564947384855503, "lr": 0.8685889989304815}, "datetime": {"datetime": "2024-06-13 19:54:40", "elapsed": 7.815869, "delta": 0.00399}}
{"target": -1037.1415640586245, "params": {"gamma": 5.195544029510985, "lr": 0.06563483825850425}, "datetime": {"datetime": "2024-06-13 19:54:40", "elapsed": 7.820855, "delta": 0.004986}}
{"target": -592.6890720863034, "params": {"gamma": 4.4894713154372115, "lr": 0.8378286113798175}, "datetime": {"datetime": "2024-06-13 19:54:40", "elapsed": 7.825842, "delta": 0.004987}}
{"target": -367.98111525932507, "params": {"gamma": 1.7983467816471097, "lr": 0.03855906126279496}, "datetime": {"datetime": "2024-06-13 19:54:40", "elapsed": 7.830829, "delta": 0.004987}}
{"target": -760.1114376589001, "params": {"gamma": 7.327203051217345, "lr": 0.5630407235733951}, "datetime": {"datetime": "2024-06-13 19:54:40", "elapsed": 7.834818, "delta": 0.003989}}
{"target": -141.8420286382128, "params": {"gamma": 0.42156420386587773, "lr": 0.9848852640583016}, "datetime": {"datetime": "2024-06-13 19:54:40", "elapsed": 7.839804, "delta": 0.004986}}
{"target": -543.7976027423085, "params": {"gamma": 5.693754542449788, "lr": 0.585156672962654}, "datetime": {"datetime": "2024-06-13 19:54:40", "elapsed": 7.843794, "delta": 0.00399}}
{"target": -1087.544966736791, "params": {"gamma": 7.899276512022575, "lr": 0.9026346706863088}, "datetime": {"datetime": "2024-06-13 19:54:40", "elapsed": 7.848782, "delta": 0.004988}}
{"target": -124.08905755890979, "params": {"gamma": 0.6084466125606112, "lr": 0.34851320938881547}, "datetime": {"datetime": "2024-06-13 19:54:40", "elapsed": 7.853767, "delta": 0.004985}}
{"target": -218.19768110052794, "params": {"gamma": 2.001718538820858, "lr": 0.4651515316549586}, "datetime": {"datetime": "2024-06-13 19:54:40", "elapsed": 7.857757, "delta": 0.00399}}
{"target": -202.78082475032113, "params": {"gamma": 0.9155879517141836, "lr": 0.06808577423972362}, "datetime": {"datetime": "2024-06-13 19:54:40", "elapsed": 7.862743, "delta": 0.004986}}
{"target": -434.2090967339701, "params": {"gamma": 3.009593441869708, "lr": 0.9043452577718513}, "datetime": {"datetime": "2024-06-13 19:54:40", "elapsed": 7.866732, "delta": 0.003989}}
{"target": -1223.498581731931, "params": {"gamma": 9.755444236897075, "lr": 0.7637200317833946}, "datetime": {"datetime": "2024-06-13 19:54:40", "elapsed": 7.871719, "delta": 0.004987}}
{"target": -144.77227268614047, "params": {"gamma": 0.008408388692528457, "lr": 0.735215554236234}, "datetime": {"datetime": "2024-06-13 19:54:40", "elapsed": 7.876706, "delta": 0.004987}}
{"target": -119.95375865029412, "params": {"gamma": 0.22090310734026275, "lr": 0.16856568225506097}, "datetime": {"datetime": "2024-06-13 19:54:40", "elapsed": 7.880695, "delta": 0.003989}}
{"target": -128.9769153409677, "params": {"gamma": 0.10612956883701744, "lr": 0.1491269987672621}, "datetime": {"datetime": "2024-06-13 19:54:40", "elapsed": 7.885682, "delta": 0.004987}}
{"target": -760.1019394467363, "params": {"gamma": 6.87536774608507, "lr": 0.7020168753413566}, "datetime": {"datetime": "2024-06-13 19:54:40", "elapsed": 7.889671, "delta": 0.003989}}
{"target": -447.83241813839453, "params": {"gamma": 3.7114029888119466, "lr": 0.7311908242003646}, "datetime": {"datetime": "2024-06-13 19:54:40", "elapsed": 7.894658, "delta": 0.004987}}
{"target": -1011.4003024133066, "params": {"gamma": 8.47319475004096, "lr": 0.13035751444155008}, "datetime": {"datetime": "2024-06-13 19:54:40", "elapsed": 7.898647, "delta": 0.003989}}
{"target": -132.67583705401663, "params": {"gamma": 0.8749857543012785, "lr": 0.37192145651390274}, "datetime": {"datetime": "2024-06-13 19:54:40", "elapsed": 7.903634, "delta": 0.004987}}
{"target": -396.0417211439772, "params": {"gamma": 4.039432491874189, "lr": 0.27640421986037034}, "datetime": {"datetime": "2024-06-13 19:54:40", "elapsed": 7.908621, "delta": 0.004987}}
{"target": -675.7440516439451, "params": {"gamma": 7.5419276912585245, "lr": 0.32178620055239215}, "datetime": {"datetime": "2024-06-13 19:54:40", "elapsed": 7.91261, "delta": 0.003989}}
{"target": -1098.6544016598157, "params": {"gamma": 8.001642974863078, "lr": 0.9113083542736461}, "datetime": {"datetime": "2024-06-13 19:54:40", "elapsed": 7.917597, "delta": 0.004987}}
{"target": -518.3729493801887, "params": {"gamma": 5.131976926404618, "lr": 0.42942202968065213}, "datetime": {"datetime": "2024-06-13 19:54:40", "elapsed": 7.922583, "delta": 0.004986}}
{"target": -137.92117308980866, "params": {"gamma": 0.9168564269132811, "lr": 0.27367730380496647}, "datetime": {"datetime": "2024-06-13 19:54:40", "elapsed": 7.926572, "delta": 0.003989}}
{"target": -890.0049483882149, "params": {"gamma": 8.866591497643999, "lr": 0.2459443412735529}, "datetime": {"datetime": "2024-06-13 19:54:40", "elapsed": 7.932108, "delta": 0.005536}}
