{"target": -209.5531890388511, "params": {"gamma": 3.957087074403221, "prior": 7.740012975913038, "rate": 2.512780630310517}, "datetime": {"datetime": "2024-06-14 11:40:42", "elapsed": 5.417336, "delta": 0.00955}}
{"target": -285.6937811339517, "params": {"gamma": 6.557951918265758, "prior": 9.60793176737818, "rate": 0.03654404988379601}, "datetime": {"datetime": "2024-06-14 11:40:42", "elapsed": 5.426313, "delta": 0.008977}}
{"target": -803.6430600924493, "params": {"gamma": 7.233887082898668, "prior": 1.1790508359034728, "rate": 5.438331129146589}, "datetime": {"datetime": "2024-06-14 11:40:42", "elapsed": 5.435289, "delta": 0.008976}}
{"target": -647.025207631527, "params": {"gamma": 6.269533250786666, "prior": 2.5051765451309316, "rate": 9.138524908590835}, "datetime": {"datetime": "2024-06-14 11:40:42", "elapsed": 5.444265, "delta": 0.008976}}
{"target": -610.4205587699354, "params": {"gamma": 6.223502974387487, "prior": 2.393777444809113, "rate": 7.701551743810476}, "datetime": {"datetime": "2024-06-14 11:40:42", "elapsed": 5.453241, "delta": 0.008976}}
{"target": -144.77557323783068, "params": {"gamma": 1.0559652928933503, "prior": 5.596730653460311, "rate": 0.9504657419551125}, "datetime": {"datetime": "2024-06-14 11:40:42", "elapsed": 5.462217, "delta": 0.008976}}
{"target": -513.6957726106932, "params": {"gamma": 5.810259742677521, "prior": 2.604503115929865, "rate": 6.495018612739509}, "datetime": {"datetime": "2024-06-14 11:40:42", "elapsed": 5.471192, "delta": 0.008975}}
{"target": -425.55354510286884, "params": {"gamma": 7.158553701628942, "prior": 5.289437584229746, "rate": 6.575556555623399}, "datetime": {"datetime": "2024-06-14 11:40:42", "elapsed": 5.481166, "delta": 0.009974}}
{"target": -400.19553680571886, "params": {"gamma": 8.133125159405232, "prior": 8.094371489266019, "rate": 6.197200238546574}, "datetime": {"datetime": "2024-06-14 11:40:42", "elapsed": 5.490143, "delta": 0.008977}}
{"target": -392.0681025112449, "params": {"gamma": 4.511573518745629, "prior": 4.1387048915689375, "rate": 8.74760145142373}, "datetime": {"datetime": "2024-06-14 11:40:42", "elapsed": 5.499118, "delta": 0.008975}}
{"target": -650.8196307319355, "params": {"gamma": 7.029614389411599, "prior": 1.9308567214966765, "rate": 5.657755734146004}, "datetime": {"datetime": "2024-06-14 11:40:42", "elapsed": 5.508094, "delta": 0.008976}}
{"target": -1042.6629197817324, "params": {"gamma": 9.08817151496827, "prior": 1.5918309232578849, "rate": 8.455331237631533}, "datetime": {"datetime": "2024-06-14 11:40:42", "elapsed": 5.51707, "delta": 0.008976}}
{"target": -328.9340762317864, "params": {"gamma": 8.202204460687183, "prior": 5.043476902848561, "rate": 0.37680093100554635}, "datetime": {"datetime": "2024-06-14 11:40:42", "elapsed": 5.526047, "delta": 0.008977}}
{"target": -147.39710971692256, "params": {"gamma": 1.4758775514639575, "prior": 9.234123077417845, "rate": 0.4425038055225927}, "datetime": {"datetime": "2024-06-14 11:40:42", "elapsed": 5.53602, "delta": 0.009973}}
{"target": -202.16919315472575, "params": {"gamma": 3.7256151652871896, "prior": 6.228492383782162, "rate": 1.9702834411012529}, "datetime": {"datetime": "2024-06-14 11:40:42", "elapsed": 5.544995, "delta": 0.008975}}
{"target": -927.4281122632281, "params": {"gamma": 9.810816492645733, "prior": 1.6441548071298822, "rate": 5.3972522724175835}, "datetime": {"datetime": "2024-06-14 11:40:42", "elapsed": 5.553971, "delta": 0.008976}}
{"target": -478.3808036848281, "params": {"gamma": 6.180495232142101, "prior": 2.3868004918300687, "rate": 4.663623583104205}, "datetime": {"datetime": "2024-06-14 11:40:42", "elapsed": 5.563205, "delta": 0.009234}}
{"target": -282.9794882381224, "params": {"gamma": 4.91059428280016, "prior": 7.691937525632765, "rate": 6.343173246985961}, "datetime": {"datetime": "2024-06-14 11:40:42", "elapsed": 5.572182, "delta": 0.008977}}
{"target": -260.68738324990073, "params": {"gamma": 4.676032980600331, "prior": 6.702731177620354, "rate": 4.534320887795462}, "datetime": {"datetime": "2024-06-14 11:40:42", "elapsed": 5.581158, "delta": 0.008976}}
{"target": -247.31245284354532, "params": {"gamma": 5.257590201822755, "prior": 6.619823611427782, "rate": 1.8127726241566626}, "datetime": {"datetime": "2024-06-14 11:40:42", "elapsed": 5.590133, "delta": 0.008975}}
{"target": -523.7740294840182, "params": {"gamma": 7.8807074621719, "prior": 6.068366841630134, "rate": 9.80334851848814}, "datetime": {"datetime": "2024-06-14 11:40:42", "elapsed": 5.600107, "delta": 0.009974}}
{"target": -244.85984656912896, "params": {"gamma": 2.2246095521182263, "prior": 4.716038094249078, "rate": 8.956522384191866}, "datetime": {"datetime": "2024-06-14 11:40:42", "elapsed": 5.609083, "delta": 0.008976}}
{"target": -298.6299983406827, "params": {"gamma": 6.014732663578183, "prior": 7.286992573903269, "rate": 4.137287971849402}, "datetime": {"datetime": "2024-06-14 11:40:42", "elapsed": 5.618059, "delta": 0.008976}}
{"target": -295.17647561291045, "params": {"gamma": 6.843411908691368, "prior": 9.465944795490875, "rate": 2.0026604713274816}, "datetime": {"datetime": "2024-06-14 11:40:42", "elapsed": 5.627038, "delta": 0.008979}}
{"target": -329.59397648082205, "params": {"gamma": 8.073845273509328, "prior": 9.698426319788975, "rate": 0.146672748901554}, "datetime": {"datetime": "2024-06-14 11:40:42", "elapsed": 5.637012, "delta": 0.009974}}
{"target": -324.21418083086354, "params": {"gamma": 2.152880656357681, "prior": 1.2620315110999845, "rate": 7.674467753896792}, "datetime": {"datetime": "2024-06-14 11:40:42", "elapsed": 5.645988, "delta": 0.008976}}
{"target": -147.70131514956563, "params": {"gamma": 0.8130846428413901, "prior": 9.984294230049985, "rate": 3.8967305467771722}, "datetime": {"datetime": "2024-06-14 11:40:42", "elapsed": 5.654964, "delta": 0.008976}}
{"target": -708.1934685604873, "params": {"gamma": 9.05212245656447, "prior": 1.9669182746447318, "rate": 4.409281126023087}, "datetime": {"datetime": "2024-06-14 11:40:42", "elapsed": 5.664937, "delta": 0.009973}}
{"target": -413.43689997085255, "params": {"gamma": 8.448273378243028, "prior": 5.993170828665236, "rate": 4.6221188088168805}, "datetime": {"datetime": "2024-06-14 11:40:42", "elapsed": 5.674078, "delta": 0.009141}}
{"target": -284.71055553286755, "params": {"gamma": 5.12698481782442, "prior": 5.781466716234239, "rate": 4.403751756648346}, "datetime": {"datetime": "2024-06-14 11:40:42", "elapsed": 5.682562, "delta": 0.008484}}
{"target": -202.8614778409566, "params": {"gamma": 1.936396018280381, "prior": 1.2282610384459451, "rate": 1.5131280457741099}, "datetime": {"datetime": "2024-06-14 11:40:42", "elapsed": 5.692535, "delta": 0.009973}}
{"target": -158.64654829019452, "params": {"gamma": 0.5258571475674859, "prior": 5.630896469529952, "rate": 8.47736241934607}, "datetime": {"datetime": "2024-06-14 11:40:42", "elapsed": 5.701549, "delta": 0.009014}}
{"target": -451.5713880631162, "params": {"gamma": 3.5918342699021832, "prior": 0.8455776390945964, "rate": 4.257818395439178}, "datetime": {"datetime": "2024-06-14 11:40:42", "elapsed": 5.710487, "delta": 0.008938}}
{"target": -459.6718975983908, "params": {"gamma": 6.020476376881542, "prior": 4.311494309198812, "rate": 8.107401614840093}, "datetime": {"datetime": "2024-06-14 11:40:42", "elapsed": 5.719463, "delta": 0.008976}}
{"target": -457.20382447387715, "params": {"gamma": 9.418920575620866, "prior": 8.71211665535671, "rate": 7.040290983300606}, "datetime": {"datetime": "2024-06-14 11:40:42", "elapsed": 5.728439, "delta": 0.008976}}
{"target": -226.87040666165117, "params": {"gamma": 4.7035189488969715, "prior": 6.858710624742188, "rate": 0.13516968725473882}, "datetime": {"datetime": "2024-06-14 11:40:42", "elapsed": 5.737416, "delta": 0.008977}}
{"target": -1102.2464624030858, "params": {"gamma": 9.824798706901937, "prior": 1.8035655851060701, "rate": 9.062697699220857}, "datetime": {"datetime": "2024-06-14 11:40:42", "elapsed": 5.747388, "delta": 0.009972}}
{"target": -351.17912948754486, "params": {"gamma": 8.071291906759395, "prior": 8.02138287543118, "rate": 2.690091641792864}, "datetime": {"datetime": "2024-06-14 11:40:42", "elapsed": 5.756365, "delta": 0.008977}}
{"target": -245.25751256253525, "params": {"gamma": 2.1923189037668234, "prior": 4.345126859849478, "rate": 8.493861636205818}, "datetime": {"datetime": "2024-06-14 11:40:42", "elapsed": 5.765341, "delta": 0.008976}}
{"target": -230.2738844904122, "params": {"gamma": 4.5043460450747315, "prior": 9.360659128669912, "rate": 3.5274405931901285}, "datetime": {"datetime": "2024-06-14 11:40:42", "elapsed": 5.774317, "delta": 0.008976}}
{"target": -313.6586666353057, "params": {"gamma": 6.194302264801901, "prior": 9.808920459922224, "rate": 6.434981759885809}, "datetime": {"datetime": "2024-06-14 11:40:42", "elapsed": 5.783293, "delta": 0.008976}}
{"target": -149.89974277701242, "params": {"gamma": 0.45593666218999723, "prior": 4.6892152004219465, "rate": 3.348178685792924}, "datetime": {"datetime": "2024-06-14 11:40:42", "elapsed": 5.793266, "delta": 0.009973}}
{"target": -260.94985496298744, "params": {"gamma": 5.322283303668225, "prior": 2.9189874652700007, "rate": 1.223490041069798}, "datetime": {"datetime": "2024-06-14 11:40:42", "elapsed": 5.801675, "delta": 0.008409}}
{"target": -407.97227506897775, "params": {"gamma": 6.683221598519268, "prior": 6.845461573423933, "rate": 8.671525860690885}, "datetime": {"datetime": "2024-06-14 11:40:42", "elapsed": 5.810651, "delta": 0.008976}}
{"target": -174.0084988407063, "params": {"gamma": 1.3246825541338114, "prior": 8.006341051952507, "rate": 8.267860615312884}, "datetime": {"datetime": "2024-06-14 11:40:42", "elapsed": 5.820624, "delta": 0.009973}}
{"target": -392.8569892301448, "params": {"gamma": 6.465852807575769, "prior": 2.128729243228275, "rate": 2.6149457233439732}, "datetime": {"datetime": "2024-06-14 11:40:42", "elapsed": 5.8296, "delta": 0.008976}}
{"target": -261.34021543194416, "params": {"gamma": 4.185549678574218, "prior": 5.46381082054904, "rate": 4.774902117966579}, "datetime": {"datetime": "2024-06-14 11:40:42", "elapsed": 5.838577, "delta": 0.008977}}
{"target": -295.2241268406594, "params": {"gamma": 4.67513146056165, "prior": 8.414423030956907, "rate": 8.70115355071037}, "datetime": {"datetime": "2024-06-14 11:40:42", "elapsed": 5.84855, "delta": 0.009973}}
{"target": -388.7409739480984, "params": {"gamma": 8.16772288980329, "prior": 8.790234044483526, "rate": 5.710516610608794}, "datetime": {"datetime": "2024-06-14 11:40:42", "elapsed": 5.857228, "delta": 0.008678}}
{"target": -491.40778504409417, "params": {"gamma": 9.64039729725748, "prior": 6.104789047679629, "rate": 6.039873463055735}, "datetime": {"datetime": "2024-06-14 11:40:42", "elapsed": 5.867201, "delta": 0.009973}}
{"target": -181.09044791902184, "params": {"gamma": 3.193658073009114, "prior": 6.843921422758488, "rate": 0.5206049193651046}, "datetime": {"datetime": "2024-06-14 11:40:42", "elapsed": 5.876178, "delta": 0.008977}}
{"target": -236.7251496872194, "params": {"gamma": 1.3463296636984106, "prior": 1.3893974589703744, "rate": 6.5523576709601326}, "datetime": {"datetime": "2024-06-14 11:40:42", "elapsed": 5.885154, "delta": 0.008976}}
{"target": -151.1436772122543, "params": {"gamma": 1.7541505851216117, "prior": 3.4773535501903177, "rate": 0.44407224667521283}, "datetime": {"datetime": "2024-06-14 11:40:42", "elapsed": 5.894162, "delta": 0.009008}}
{"target": -177.7777084052117, "params": {"gamma": 2.33810986680499, "prior": 9.645820816008012, "rate": 5.091884885761161}, "datetime": {"datetime": "2024-06-14 11:40:42", "elapsed": 5.903842, "delta": 0.00968}}
{"target": -203.93906646882397, "params": {"gamma": 1.5115941101958479, "prior": 5.277784464171196, "rate": 9.435150329726897}, "datetime": {"datetime": "2024-06-14 11:40:42", "elapsed": 5.912818, "delta": 0.008976}}
{"target": -415.1335534756453, "params": {"gamma": 8.656994454049334, "prior": 3.98145210241083, "rate": 2.8393912922180533}, "datetime": {"datetime": "2024-06-14 11:40:42", "elapsed": 5.921794, "delta": 0.008976}}
{"target": -412.51273482599606, "params": {"gamma": 7.617536897064726, "prior": 2.4807948155505692, "rate": 2.5430693142188665}, "datetime": {"datetime": "2024-06-14 11:40:42", "elapsed": 5.93077, "delta": 0.008976}}
{"target": -150.49671116594803, "params": {"gamma": 0.841779455445115, "prior": 8.655026538163867, "rate": 4.4795412572871784}, "datetime": {"datetime": "2024-06-14 11:40:42", "elapsed": 5.940743, "delta": 0.009973}}
{"target": -337.57868230780565, "params": {"gamma": 5.618300819839127, "prior": 7.393438481165847, "rate": 7.965092182444826}, "datetime": {"datetime": "2024-06-14 11:40:42", "elapsed": 5.949719, "delta": 0.008976}}
{"target": -515.3459567755604, "params": {"gamma": 4.475633881764149, "prior": 1.9228628061404038, "rate": 8.287499782431489}, "datetime": {"datetime": "2024-06-14 11:40:42", "elapsed": 5.958696, "delta": 0.008977}}
{"target": -148.06772455631204, "params": {"gamma": 0.3109486003227299, "prior": 9.47260986911873, "rate": 5.770201486928539}, "datetime": {"datetime": "2024-06-14 11:40:43", "elapsed": 5.967671, "delta": 0.008975}}
{"target": -385.2074016899127, "params": {"gamma": 8.754011995768419, "prior": 6.124797826038231, "rate": 2.5173441819390847}, "datetime": {"datetime": "2024-06-14 11:40:43", "elapsed": 5.977644, "delta": 0.009973}}
{"target": -279.3649908148184, "params": {"gamma": 2.962003105035548, "prior": 5.375933334413366, "rate": 9.620820050258088}, "datetime": {"datetime": "2024-06-14 11:40:43", "elapsed": 5.986621, "delta": 0.008977}}
{"target": -173.27382881869838, "params": {"gamma": 1.8457715492972864, "prior": 5.147993943616779, "rate": 3.4385372462650072}, "datetime": {"datetime": "2024-06-14 11:40:43", "elapsed": 5.995597, "delta": 0.008976}}
{"target": -357.75173071320836, "params": {"gamma": 7.697483724226901, "prior": 8.048378215680998, "rate": 4.246174543111865}, "datetime": {"datetime": "2024-06-14 11:40:43", "elapsed": 6.004977, "delta": 0.00938}}
{"target": -257.0843515375722, "params": {"gamma": 2.042020877443364, "prior": 0.7641856572556677, "rate": 1.9872839959411943}, "datetime": {"datetime": "2024-06-14 11:40:43", "elapsed": 6.013952, "delta": 0.008975}}
{"target": -247.5535522753392, "params": {"gamma": 2.7247361004436925, "prior": 6.028010287301183, "rate": 8.730961889247082}, "datetime": {"datetime": "2024-06-14 11:40:43", "elapsed": 6.022929, "delta": 0.008977}}
{"target": -162.47200848699893, "params": {"gamma": 1.2831811575160175, "prior": 9.58606854297747, "rate": 6.832025267697611}, "datetime": {"datetime": "2024-06-14 11:40:43", "elapsed": 6.031907, "delta": 0.008978}}
{"target": -336.68426696497573, "params": {"gamma": 7.419900392548125, "prior": 9.830519780617808, "rate": 4.161591625408803}, "datetime": {"datetime": "2024-06-14 11:40:43", "elapsed": 6.040883, "delta": 0.008976}}
{"target": -290.62877435113086, "params": {"gamma": 5.316303075493122, "prior": 6.824208206937614, "rate": 5.129238550757324}, "datetime": {"datetime": "2024-06-14 11:40:43", "elapsed": 6.050856, "delta": 0.009973}}
{"target": -316.87681748957954, "params": {"gamma": 2.991824334263695, "prior": 1.143308260027389, "rate": 2.8500365250757254}, "datetime": {"datetime": "2024-06-14 11:40:43", "elapsed": 6.059833, "delta": 0.008977}}
{"target": -449.2129788079124, "params": {"gamma": 7.688759630029292, "prior": 6.443748774073277, "rate": 8.013505701328722}, "datetime": {"datetime": "2024-06-14 11:40:43", "elapsed": 6.068838, "delta": 0.009005}}
{"target": -478.5684769803569, "params": {"gamma": 5.171688199172296, "prior": 2.3977902162787172, "rate": 6.279991307892046}, "datetime": {"datetime": "2024-06-14 11:40:43", "elapsed": 6.077784, "delta": 0.008946}}
{"target": -496.56599561323156, "params": {"gamma": 3.040750894733009, "prior": 0.39233457492600754, "rate": 9.03340843699194}, "datetime": {"datetime": "2024-06-14 11:40:43", "elapsed": 6.087398, "delta": 0.009614}}
{"target": -340.5140371393722, "params": {"gamma": 4.2042753184590484, "prior": 4.318694726204651, "rate": 7.412776101583259}, "datetime": {"datetime": "2024-06-14 11:40:43", "elapsed": 6.095882, "delta": 0.008484}}
{"target": -713.5902017555214, "params": {"gamma": 9.484635584653631, "prior": 0.8179037276500872, "rate": 1.7278381802346168}, "datetime": {"datetime": "2024-06-14 11:40:43", "elapsed": 6.105332, "delta": 0.00945}}
{"target": -302.5035706782471, "params": {"gamma": 3.224252533837974, "prior": 2.5594000386689704, "rate": 4.9554543186305695}, "datetime": {"datetime": "2024-06-14 11:40:43", "elapsed": 6.114308, "delta": 0.008976}}
{"target": -396.8802942431891, "params": {"gamma": 8.244771648366036, "prior": 8.55432690792754, "rate": 5.958703590644958}, "datetime": {"datetime": "2024-06-14 11:40:43", "elapsed": 6.124282, "delta": 0.009974}}
{"target": -313.75269936556896, "params": {"gamma": 2.4024971645768356, "prior": 1.9462776138995845, "rate": 7.434161733507989}, "datetime": {"datetime": "2024-06-14 11:40:43", "elapsed": 6.133258, "delta": 0.008976}}
{"target": -227.8976554846359, "params": {"gamma": 2.372903362377833, "prior": 5.440959820172842, "rate": 7.493058590484791}, "datetime": {"datetime": "2024-06-14 11:40:43", "elapsed": 6.142234, "delta": 0.008976}}
{"target": -161.8366790446426, "params": {"gamma": 2.283262797049244, "prior": 1.8275617569701659, "rate": 0.39831713007193664}, "datetime": {"datetime": "2024-06-14 11:40:43", "elapsed": 6.151787, "delta": 0.009553}}
{"target": -147.57868982366784, "params": {"gamma": 1.4765408081617755, "prior": 8.52924517877521, "rate": 1.0472544815378406}, "datetime": {"datetime": "2024-06-14 11:40:43", "elapsed": 6.160763, "delta": 0.008976}}
{"target": -378.53302891989773, "params": {"gamma": 2.2372268102276505, "prior": 0.4242962774851736, "rate": 6.763889997877335}, "datetime": {"datetime": "2024-06-14 11:40:43", "elapsed": 6.169739, "delta": 0.008976}}
{"target": -166.99303449009918, "params": {"gamma": 2.317799711505731, "prior": 4.194558006237466, "rate": 1.393872412065944}, "datetime": {"datetime": "2024-06-14 11:40:43", "elapsed": 6.178715, "delta": 0.008976}}
{"target": -266.12048518482095, "params": {"gamma": 3.772795658827454, "prior": 4.301930915772191, "rate": 4.730176553648271}, "datetime": {"datetime": "2024-06-14 11:40:43", "elapsed": 6.188688, "delta": 0.009973}}
{"target": -559.1407941898007, "params": {"gamma": 4.228995288573093, "prior": 1.1172899823542268, "rate": 7.72603008604881}, "datetime": {"datetime": "2024-06-14 11:40:43", "elapsed": 6.197664, "delta": 0.008976}}
{"target": -161.4742989315408, "params": {"gamma": 1.3729228288956241, "prior": 4.300494505825538, "rate": 2.7202891684153423}, "datetime": {"datetime": "2024-06-14 11:40:43", "elapsed": 6.20664, "delta": 0.008976}}
{"target": -212.44911069470308, "params": {"gamma": 3.0107784228559833, "prior": 6.756965648605682, "rate": 5.178349451410332}, "datetime": {"datetime": "2024-06-14 11:40:43", "elapsed": 6.215616, "delta": 0.008976}}
{"target": -177.0159141076417, "params": {"gamma": 1.9016804177489257, "prior": 4.744430954350433, "rate": 3.396069147094239}, "datetime": {"datetime": "2024-06-14 11:40:43", "elapsed": 6.224592, "delta": 0.008976}}
{"target": -714.7954758213593, "params": {"gamma": 7.045267485283013, "prior": 2.338342504082235, "rate": 8.450036385446094}, "datetime": {"datetime": "2024-06-14 11:40:43", "elapsed": 6.233568, "delta": 0.008976}}
{"target": -265.8511147103782, "params": {"gamma": 5.262770419251413, "prior": 5.056133771938582, "rate": 2.537604383069914}, "datetime": {"datetime": "2024-06-14 11:40:43", "elapsed": 6.242544, "delta": 0.008976}}
{"target": -230.3288822108689, "params": {"gamma": 1.8623705416969032, "prior": 4.771008721102208, "rate": 9.818262353834747}, "datetime": {"datetime": "2024-06-14 11:40:43", "elapsed": 6.252619, "delta": 0.010075}}
{"target": -213.49966416222676, "params": {"gamma": 1.3299294703806088, "prior": 2.9062780810377657, "rate": 8.006611101660276}, "datetime": {"datetime": "2024-06-14 11:40:43", "elapsed": 6.261595, "delta": 0.008976}}
{"target": -382.87921801896834, "params": {"gamma": 6.648104208209039, "prior": 2.859708246065027, "rate": 3.1471614201443434}, "datetime": {"datetime": "2024-06-14 11:40:43", "elapsed": 6.270571, "delta": 0.008976}}
{"target": -291.19905546509375, "params": {"gamma": 4.200062595764889, "prior": 6.067588946198732, "rate": 7.193668333443535}, "datetime": {"datetime": "2024-06-14 11:40:43", "elapsed": 6.280234, "delta": 0.009663}}
{"target": -370.809673485568, "params": {"gamma": 8.573146034178855, "prior": 6.843003557538256, "rate": 2.370583662652512}, "datetime": {"datetime": "2024-06-14 11:40:43", "elapsed": 6.289717, "delta": 0.009483}}
{"target": -401.912297465646, "params": {"gamma": 9.257279632827263, "prior": 7.833834466690084, "rate": 3.0745074227980154}, "datetime": {"datetime": "2024-06-14 11:40:43", "elapsed": 6.298718, "delta": 0.009001}}
{"target": -177.12038385287485, "params": {"gamma": 3.0503514507789897, "prior": 8.823566352446155, "rate": 1.2616587254915876}, "datetime": {"datetime": "2024-06-14 11:40:43", "elapsed": 6.308691, "delta": 0.009973}}
{"target": -592.4271629504286, "params": {"gamma": 6.334974881523022, "prior": 2.8493560514869, "rate": 8.272176051067923}, "datetime": {"datetime": "2024-06-14 11:40:43", "elapsed": 6.317667, "delta": 0.008976}}
{"target": -196.78184308811007, "params": {"gamma": 3.645869952111327, "prior": 7.360324335241457, "rate": 1.9249864862469743}, "datetime": {"datetime": "2024-06-14 11:40:43", "elapsed": 6.326643, "delta": 0.008976}}
{"target": -249.66795542508382, "params": {"gamma": 4.814977529509854, "prior": 8.05558680166717, "rate": 3.9704851285120673}, "datetime": {"datetime": "2024-06-14 11:40:43", "elapsed": 6.336306, "delta": 0.009663}}
