{"target": -423.25445058183305, "params": {"p_ai": 9.124683586378131, "p_al": 2.199352444759846, "p_ex": 9.88264881287327, "prior": 4.016014561459776, "rate": 0.9232440433930157}, "datetime": {"datetime": "2024-06-13 10:47:52", "elapsed": 122.442211, "delta": 0.106718}}
{"target": -208.28408412226648, "params": {"p_ai": 1.368611993565815, "p_al": 4.771246207156717, "p_ex": 0.610416790815096, "prior": 2.519602463648642, "rate": 7.950227595281238}, "datetime": {"datetime": "2024-06-13 10:47:52", "elapsed": 122.548928, "delta": 0.106717}}
{"target": -490.32567409284104, "params": {"p_ai": 7.853533926637729, "p_al": 8.108387517165163, "p_ex": 0.4635818527703097, "prior": 7.664723550746957, "rate": 8.068658621836198}, "datetime": {"datetime": "2024-06-13 10:47:52", "elapsed": 122.656286, "delta": 0.107358}}
{"target": -126.32958559012494, "params": {"p_ai": 0.1614807233633352, "p_al": 3.9138880156429727, "p_ex": 8.655905140222567, "prior": 9.58478787486283, "rate": 9.195999821230458}, "datetime": {"datetime": "2024-06-13 10:47:52", "elapsed": 122.763122, "delta": 0.106836}}
{"target": -292.22313981681646, "params": {"p_ai": 5.470332354994583, "p_al": 3.0999028075571977, "p_ex": 5.8930606960830385, "prior": 5.960308888277244, "rate": 6.645853962048891}, "datetime": {"datetime": "2024-06-13 10:47:52", "elapsed": 122.876784, "delta": 0.113662}}
{"target": -512.7886509258209, "params": {"p_ai": 5.908559431560412, "p_al": 8.680686431625688, "p_ex": 3.740404346465307, "prior": 2.440921336719614, "rate": 0.20584523782095557}, "datetime": {"datetime": "2024-06-13 10:47:52", "elapsed": 123.011962, "delta": 0.135178}}
{"target": -192.46511483870674, "params": {"p_ai": 2.3276534032092466, "p_al": 1.6168548897981316, "p_ex": 2.382365800220145, "prior": 8.809750700685962, "rate": 7.316262724399225}, "datetime": {"datetime": "2024-06-13 10:47:52", "elapsed": 123.205446, "delta": 0.193484}}
{"target": -225.80981721722068, "params": {"p_ai": 2.4346474261497026, "p_al": 7.93074966579814, "p_ex": 5.441664410992642, "prior": 4.065455958505244, "rate": 2.0588168270783345}, "datetime": {"datetime": "2024-06-13 10:47:53", "elapsed": 123.376987, "delta": 0.171541}}
{"target": -220.9859151109362, "params": {"p_ai": 3.108008070878094, "p_al": 0.7933859337786535, "p_ex": 2.3370014693504007, "prior": 6.6578482115211814, "rate": 3.510850519903707}, "datetime": {"datetime": "2024-06-13 10:47:53", "elapsed": 123.489448, "delta": 0.112461}}
{"target": -438.7479740278625, "params": {"p_ai": 8.197382234314826, "p_al": 6.611887853176512, "p_ex": 6.243886676338824, "prior": 4.203358120025224, "rate": 6.450377826362334}, "datetime": {"datetime": "2024-06-13 10:47:53", "elapsed": 123.605139, "delta": 0.115691}}
{"target": -471.21491109523646, "params": {"p_ai": 8.748431716742354, "p_al": 3.1134152627298404, "p_ex": 3.4281775202831715, "prior": 8.486942886026812, "rate": 5.2994112343421165}, "datetime": {"datetime": "2024-06-13 10:47:53", "elapsed": 123.721134, "delta": 0.115995}}
{"target": -509.74010645405497, "params": {"p_ai": 9.2369571839855, "p_al": 1.876341924396167, "p_ex": 2.149517739976633, "prior": 8.624724998574818, "rate": 0.9958043191607387}, "datetime": {"datetime": "2024-06-13 10:47:53", "elapsed": 123.832796, "delta": 0.111662}}
{"target": -306.5324522803287, "params": {"p_ai": 4.717152090529902, "p_al": 8.394196189191932, "p_ex": 6.937672299169015, "prior": 4.622952603534849, "rate": 1.6528197430089593}, "datetime": {"datetime": "2024-06-13 10:47:53", "elapsed": 123.943019, "delta": 0.110223}}
{"target": -457.075838745197, "params": {"p_ai": 5.508608102481257, "p_al": 9.879798710108535, "p_ex": 8.051770289111666, "prior": 0.5502334117385274, "rate": 7.109572833570658}, "datetime": {"datetime": "2024-06-13 10:47:53", "elapsed": 124.049733, "delta": 0.106714}}
{"target": -467.94121120847404, "params": {"p_ai": 9.766186129405565, "p_al": 1.9345458616173425, "p_ex": 9.564120655508974, "prior": 2.3342221271842782, "rate": 8.194158826769996}, "datetime": {"datetime": "2024-06-13 10:47:53", "elapsed": 124.157446, "delta": 0.107713}}
{"target": -175.85239403888272, "params": {"p_ai": 1.495037423229105, "p_al": 5.141533276633489, "p_ex": 3.64078281665956, "prior": 6.707204581969504, "rate": 1.7919917859267813}, "datetime": {"datetime": "2024-06-13 10:47:53", "elapsed": 124.264161, "delta": 0.106715}}
{"target": -316.98914075020696, "params": {"p_ai": 5.7979036601822145, "p_al": 0.02523445285068334, "p_ex": 4.257116698087814, "prior": 5.158416296806499, "rate": 8.378128201572276}, "datetime": {"datetime": "2024-06-13 10:47:54", "elapsed": 124.371708, "delta": 0.107547}}
{"target": -380.0165991132024, "params": {"p_ai": 7.5766190001251745, "p_al": 0.9198244994151032, "p_ex": 6.250711640076693, "prior": 6.600368859135195, "rate": 7.340553331594224}, "datetime": {"datetime": "2024-06-13 10:47:54", "elapsed": 124.47942, "delta": 0.107712}}
{"target": -283.66786444202984, "params": {"p_ai": 5.54904548691878, "p_al": 1.0744477434963486, "p_ex": 6.403837458691426, "prior": 6.705637999047665, "rate": 2.501819808528308}, "datetime": {"datetime": "2024-06-13 10:47:54", "elapsed": 124.595728, "delta": 0.116308}}
{"target": -454.5916764476136, "params": {"p_ai": 9.48280432589309, "p_al": 4.527038501594155, "p_ex": 8.667289673190226, "prior": 6.5311578451151915, "rate": 6.165734558182161}, "datetime": {"datetime": "2024-06-13 10:47:54", "elapsed": 124.701559, "delta": 0.105831}}
{"target": -275.60330142941007, "params": {"p_ai": 5.494459397091557, "p_al": 6.4760270347112066, "p_ex": 8.443508165581074, "prior": 7.76901135554614, "rate": 6.726602036977152}, "datetime": {"datetime": "2024-06-13 10:47:54", "elapsed": 124.809969, "delta": 0.10841}}
{"target": -135.91429913509333, "params": {"p_ai": 0.31942149138614195, "p_al": 0.08793902853284469, "p_ex": 3.5860179122930487, "prior": 0.30730757815686666, "rate": 5.178956684935004}, "datetime": {"datetime": "2024-06-13 10:47:54", "elapsed": 124.916223, "delta": 0.106254}}
{"target": -142.21678644298504, "params": {"p_ai": 0.036535454134401193, "p_al": 4.80782326402619, "p_ex": 3.7767085158141884, "prior": 9.57468291548391, "rate": 0.5594796463757505}, "datetime": {"datetime": "2024-06-13 10:47:54", "elapsed": 125.022941, "delta": 0.106718}}
{"target": -142.44752396524598, "params": {"p_ai": 0.6528445415627977, "p_al": 8.492816205896958, "p_ex": 7.95278352446082, "prior": 9.35852567556453, "rate": 0.7832882493134576}, "datetime": {"datetime": "2024-06-13 10:47:54", "elapsed": 125.130558, "delta": 0.107617}}
{"target": -361.5369026499994, "params": {"p_ai": 6.201377645038051, "p_al": 5.144534332910894, "p_ex": 3.2164188746044267, "prior": 6.108503694482293, "rate": 9.180859807063097}, "datetime": {"datetime": "2024-06-13 10:47:54", "elapsed": 125.237778, "delta": 0.10722}}
{"target": -159.3664371157173, "params": {"p_ai": 0.6265924993176286, "p_al": 6.597601675698143, "p_ex": 2.8524298927798304, "prior": 4.05507146708443, "rate": 8.497095650065528}, "datetime": {"datetime": "2024-06-13 10:47:55", "elapsed": 125.344666, "delta": 0.106888}}
{"target": -158.75082599206084, "params": {"p_ai": 1.2181733242743553, "p_al": 8.429867764940202, "p_ex": 4.043023200888809, "prior": 9.838890899842271, "rate": 9.180238599391384}, "datetime": {"datetime": "2024-06-13 10:47:55", "elapsed": 125.450889, "delta": 0.106223}}
{"target": -279.7562837649245, "params": {"p_ai": 4.077336153001339, "p_al": 2.9799051606075775, "p_ex": 2.210242885260159, "prior": 2.178141660255354, "rate": 7.687611904401776}, "datetime": {"datetime": "2024-06-13 10:47:55", "elapsed": 125.558601, "delta": 0.107712}}
{"target": -533.2538168541972, "params": {"p_ai": 7.554669376147851, "p_al": 9.782554060479685, "p_ex": 0.8340144091003872, "prior": 2.20261362016969, "rate": 9.837125648386799}, "datetime": {"datetime": "2024-06-13 10:47:55", "elapsed": 125.665857, "delta": 0.107256}}
{"target": -328.10188088547443, "params": {"p_ai": 5.464197414132971, "p_al": 5.537150485250019, "p_ex": 3.4883611819824956, "prior": 7.038160573017834, "rate": 4.998138049601288}, "datetime": {"datetime": "2024-06-13 10:47:55", "elapsed": 125.772111, "delta": 0.106254}}
{"target": -355.0181831908743, "params": {"p_ai": 4.695463118034527, "p_al": 5.4981786729584625, "p_ex": 0.25277683452447997, "prior": 5.313075133078175, "rate": 1.3305126437765193}, "datetime": {"datetime": "2024-06-13 10:47:55", "elapsed": 125.879823, "delta": 0.107712}}
{"target": -223.27784331206092, "params": {"p_ai": 4.589832013123402, "p_al": 0.8236297527845414, "p_ex": 8.88972752955972, "prior": 3.7848776219177442, "rate": 4.304116749507192}, "datetime": {"datetime": "2024-06-13 10:47:55", "elapsed": 125.987392, "delta": 0.107569}}
{"target": -379.8236908300469, "params": {"p_ai": 7.42086975507282, "p_al": 1.5585894193146912, "p_ex": 5.750661895522346, "prior": 5.110966459574796, "rate": 3.6836674731700536}, "datetime": {"datetime": "2024-06-13 10:47:55", "elapsed": 126.093684, "delta": 0.106292}}
{"target": -385.03854284404537, "params": {"p_ai": 6.833671828543643, "p_al": 7.9450675417095376, "p_ex": 4.677377247445764, "prior": 6.273883706867163, "rate": 9.125478629073205}, "datetime": {"datetime": "2024-06-13 10:47:55", "elapsed": 126.202143, "delta": 0.108459}}
{"target": -253.85383352809382, "params": {"p_ai": 4.570261651531608, "p_al": 1.3510644515976318, "p_ex": 5.432787710600775, "prior": 4.300850527874765, "rate": 7.6833624868607115}, "datetime": {"datetime": "2024-06-13 10:47:56", "elapsed": 126.307889, "delta": 0.105746}}
{"target": -422.701965801747, "params": {"p_ai": 7.9769484337322085, "p_al": 1.719287872743418, "p_ex": 4.379951424269699, "prior": 2.6689431273447055, "rate": 9.54693755681465}, "datetime": {"datetime": "2024-06-13 10:47:56", "elapsed": 126.414479, "delta": 0.10659}}
{"target": -495.62077067249015, "params": {"p_ai": 9.368784466603346, "p_al": 4.344053171062984, "p_ex": 4.310675867474359, "prior": 7.465025027815888, "rate": 5.960163519806027}, "datetime": {"datetime": "2024-06-13 10:47:56", "elapsed": 126.522191, "delta": 0.107712}}
{"target": -160.97821912053948, "params": {"p_ai": 2.5914507949566294, "p_al": 4.832217482249796, "p_ex": 8.901193658424264, "prior": 6.815859364103486, "rate": 5.631702156360547}, "datetime": {"datetime": "2024-06-13 10:47:56", "elapsed": 126.627909, "delta": 0.105718}}
{"target": -423.85610795141713, "params": {"p_ai": 8.767662490335308, "p_al": 2.763487550262558, "p_ex": 9.968477906522146, "prior": 1.9991984933975355, "rate": 8.398095485642296}, "datetime": {"datetime": "2024-06-13 10:47:56", "elapsed": 126.734666, "delta": 0.106757}}
{"target": -456.11574915041865, "params": {"p_ai": 7.423677265955892, "p_al": 8.640675120134116, "p_ex": 5.849590827242212, "prior": 2.324580257505538, "rate": 4.835715793215803}, "datetime": {"datetime": "2024-06-13 10:47:56", "elapsed": 126.840383, "delta": 0.105717}}
{"target": -517.002032831286, "params": {"p_ai": 8.623889760611993, "p_al": 7.9782472422770105, "p_ex": 1.7359318579858802, "prior": 9.922107078907667, "rate": 0.30509199963247896}, "datetime": {"datetime": "2024-06-13 10:47:56", "elapsed": 126.947102, "delta": 0.106719}}
{"target": -248.61560927744523, "params": {"p_ai": 3.9270919843333023, "p_al": 7.544258751962611, "p_ex": 9.737423089296351, "prior": 1.4221242946982606, "rate": 9.240481445983646}, "datetime": {"datetime": "2024-06-13 10:47:56", "elapsed": 127.054813, "delta": 0.107711}}
{"target": -191.40795051169698, "params": {"p_ai": 2.1910205215764544, "p_al": 5.526832829595483, "p_ex": 4.328641890073879, "prior": 8.080742990009732, "rate": 1.3865572395397008}, "datetime": {"datetime": "2024-06-13 10:47:56", "elapsed": 127.162525, "delta": 0.107712}}
{"target": -193.1654466411266, "params": {"p_ai": 1.909508341737192, "p_al": 5.6755575331194175, "p_ex": 2.1003068821380864, "prior": 8.800046492896152, "rate": 5.783951692141619}, "datetime": {"datetime": "2024-06-13 10:47:56", "elapsed": 127.26891, "delta": 0.106385}}
{"target": -519.2426547928758, "params": {"p_ai": 9.11763929464358, "p_al": 7.643651482024123, "p_ex": 4.749956447996781, "prior": 6.924390576051481, "rate": 0.5989622103785784}, "datetime": {"datetime": "2024-06-13 10:47:57", "elapsed": 127.376303, "delta": 0.107393}}
{"target": -487.6587595679081, "params": {"p_ai": 6.3129540540322955, "p_al": 9.840488596571019, "p_ex": 1.1947254178184115, "prior": 4.516215172846799, "rate": 0.186320913059088}, "datetime": {"datetime": "2024-06-13 10:47:57", "elapsed": 127.483018, "delta": 0.106715}}
{"target": -366.6659577355242, "params": {"p_ai": 6.881590456377558, "p_al": 0.19520689181535128, "p_ex": 4.553266930065085, "prior": 2.192284951246659, "rate": 8.072347745473287}, "datetime": {"datetime": "2024-06-13 10:47:57", "elapsed": 127.589733, "delta": 0.106715}}
{"target": -376.5161694380332, "params": {"p_ai": 6.45672843017831, "p_al": 6.663022020111727, "p_ex": 5.49936117147423, "prior": 2.505213584343981, "rate": 8.157094551477481}, "datetime": {"datetime": "2024-06-13 10:47:57", "elapsed": 127.695984, "delta": 0.106251}}
{"target": -452.049884226487, "params": {"p_ai": 8.801319434535824, "p_al": 4.383732672865362, "p_ex": 5.863711820741532, "prior": 6.243379942629359, "rate": 7.2763279918173565}, "datetime": {"datetime": "2024-06-13 10:47:57", "elapsed": 127.803943, "delta": 0.107959}}
{"target": -307.1822483110531, "params": {"p_ai": 5.909446588136741, "p_al": 8.066169168171944, "p_ex": 8.241056701548581, "prior": 5.56594710415588, "rate": 8.829655088096155}, "datetime": {"datetime": "2024-06-13 10:47:57", "elapsed": 127.90966, "delta": 0.105717}}
{"target": -185.44672603249614, "params": {"p_ai": 2.030183481832614, "p_al": 4.136740721638024, "p_ex": 6.301468383632087, "prior": 1.026624399024025, "rate": 7.186717564230962}, "datetime": {"datetime": "2024-06-13 10:47:57", "elapsed": 128.015377, "delta": 0.105717}}
{"target": -294.4056124523007, "params": {"p_ai": 4.797353694402805, "p_al": 3.7905593772416504, "p_ex": 4.519015226631978, "prior": 3.6764939669400882, "rate": 2.396140900867299}, "datetime": {"datetime": "2024-06-13 10:47:57", "elapsed": 128.12259, "delta": 0.107213}}
{"target": -680.8839971457081, "params": {"p_ai": 9.158808384961374, "p_al": 7.993823586812164, "p_ex": 3.3400662738532176, "prior": 1.691347664222673, "rate": 1.1671456351759943}, "datetime": {"datetime": "2024-06-13 10:47:57", "elapsed": 128.229698, "delta": 0.107108}}
{"target": -558.3373812184789, "params": {"p_ai": 7.953533147920134, "p_al": 7.020580256606766, "p_ex": 0.7532513187567459, "prior": 1.166823302672875, "rate": 9.138126532938669}, "datetime": {"datetime": "2024-06-13 10:47:58", "elapsed": 128.335418, "delta": 0.10572}}
{"target": -505.7677063597693, "params": {"p_ai": 8.697844167744172, "p_al": 2.920232491930596, "p_ex": 1.0208976946159853, "prior": 8.089104924003614, "rate": 0.2627104683380913}, "datetime": {"datetime": "2024-06-13 10:47:58", "elapsed": 128.442316, "delta": 0.106898}}
{"target": -328.89577757687164, "params": {"p_ai": 6.363840611525337, "p_al": 1.6017100608988064, "p_ex": 6.9165526625765725, "prior": 1.6810289418629691, "rate": 3.491138224246637}, "datetime": {"datetime": "2024-06-13 10:47:58", "elapsed": 128.548035, "delta": 0.105719}}
{"target": -173.84464141676298, "params": {"p_ai": 1.2217470762698304, "p_al": 2.8715832231230745, "p_ex": 1.2918445291131877, "prior": 4.634398325740474, "rate": 6.494427895595687}, "datetime": {"datetime": "2024-06-13 10:47:58", "elapsed": 128.655344, "delta": 0.107309}}
{"target": -240.37332185895346, "params": {"p_ai": 3.945711176055152, "p_al": 9.529632056090795, "p_ex": 7.5488990420267905, "prior": 5.444208932057693, "rate": 5.635665396494203}, "datetime": {"datetime": "2024-06-13 10:47:58", "elapsed": 128.760642, "delta": 0.105298}}
{"target": -416.00665606886395, "params": {"p_ai": 3.2067189291281246, "p_al": 5.1256851497310105, "p_ex": 7.578359160217539, "prior": 0.019094445132394236, "rate": 4.806438381858799}, "datetime": {"datetime": "2024-06-13 10:47:58", "elapsed": 128.86736, "delta": 0.106718}}
{"target": -528.9890393328752, "params": {"p_ai": 9.041661253802573, "p_al": 8.49515263986085, "p_ex": 2.210733350081861, "prior": 7.362628184334368, "rate": 5.849151492900638}, "datetime": {"datetime": "2024-06-13 10:47:58", "elapsed": 128.975075, "delta": 0.107715}}
{"target": -416.079274667656, "params": {"p_ai": 5.255835607120612, "p_al": 6.614783683990001, "p_ex": 6.321044057567672, "prior": 0.7151025607260231, "rate": 4.169005514761933}, "datetime": {"datetime": "2024-06-13 10:47:58", "elapsed": 129.081303, "delta": 0.106228}}
{"target": -202.21657777027633, "params": {"p_ai": 1.9937729109275177, "p_al": 7.006133824526521, "p_ex": 2.733830011362588, "prior": 4.36475792464087, "rate": 8.216434846465544}, "datetime": {"datetime": "2024-06-13 10:47:58", "elapsed": 129.188521, "delta": 0.107218}}
{"target": -449.98985004244645, "params": {"p_ai": 7.830846811027753, "p_al": 8.541747338132712, "p_ex": 4.791059397936408, "prior": 9.265020905257298, "rate": 0.31651532588659786}, "datetime": {"datetime": "2024-06-13 10:47:59", "elapsed": 129.294237, "delta": 0.105716}}
{"target": -448.8467584085646, "params": {"p_ai": 9.382894180194201, "p_al": 3.486939297026049, "p_ex": 8.128417943848676, "prior": 9.483262648120892, "rate": 8.918248902749156}, "datetime": {"datetime": "2024-06-13 10:47:59", "elapsed": 129.403874, "delta": 0.109637}}
{"target": -366.3288428395348, "params": {"p_ai": 6.980493154617331, "p_al": 6.702161211463432, "p_ex": 9.735806149757353, "prior": 4.651622241751715, "rate": 1.041066599814464}, "datetime": {"datetime": "2024-06-13 10:47:59", "elapsed": 129.510805, "delta": 0.106931}}
{"target": -168.82512365069115, "params": {"p_ai": 0.24245002232675625, "p_al": 8.813120742542266, "p_ex": 0.2628840047433559, "prior": 9.508329064990603, "rate": 5.699606506289468}, "datetime": {"datetime": "2024-06-13 10:47:59", "elapsed": 129.618518, "delta": 0.107713}}
{"target": -351.121003883724, "params": {"p_ai": 6.576021749131163, "p_al": 9.09179504001318, "p_ex": 9.019620872778102, "prior": 3.9091594587470984, "rate": 6.125782177941578}, "datetime": {"datetime": "2024-06-13 10:47:59", "elapsed": 129.730847, "delta": 0.112329}}
{"target": -379.35414842409006, "params": {"p_ai": 5.218831682013069, "p_al": 8.17059517218126, "p_ex": 0.5627719463722749, "prior": 6.270127500862848, "rate": 4.297954011811012}, "datetime": {"datetime": "2024-06-13 10:47:59", "elapsed": 129.840553, "delta": 0.109706}}
{"target": -571.7668970964693, "params": {"p_ai": 8.609447038019638, "p_al": 6.878977413745697, "p_ex": 2.6109850302264275, "prior": 1.3432532705529092, "rate": 5.413875453092533}, "datetime": {"datetime": "2024-06-13 10:47:59", "elapsed": 129.950261, "delta": 0.109708}}
{"target": -458.3808203364183, "params": {"p_ai": 9.819012120756634, "p_al": 3.499722646397456, "p_ex": 9.954122077242438, "prior": 5.181234164226793, "rate": 1.904182550810897}, "datetime": {"datetime": "2024-06-13 10:47:59", "elapsed": 130.061961, "delta": 0.1117}}
{"target": -158.44638997132674, "params": {"p_ai": 0.30712590686761615, "p_al": 3.0309276516409356, "p_ex": 0.35174656833291573, "prior": 5.900921198720781, "rate": 7.0165037393658105}, "datetime": {"datetime": "2024-06-13 10:47:59", "elapsed": 130.172409, "delta": 0.110448}}
{"target": -418.53253587777135, "params": {"p_ai": 6.700208631568559, "p_al": 3.562742211934341, "p_ex": 1.1173356401792924, "prior": 6.413560588425594, "rate": 0.6329099655243793}, "datetime": {"datetime": "2024-06-13 10:47:59", "elapsed": 130.281623, "delta": 0.109214}}
{"target": -458.8540144085681, "params": {"p_ai": 6.443987648198351, "p_al": 8.353053532336451, "p_ex": 0.5725332547723604, "prior": 3.5593410688867464, "rate": 6.187575523511704}, "datetime": {"datetime": "2024-06-13 10:48:00", "elapsed": 130.404424, "delta": 0.122801}}
{"target": -327.9341600518279, "params": {"p_ai": 6.38636927872118, "p_al": 1.9801894893735854, "p_ex": 6.234005158129913, "prior": 5.575848835909828, "rate": 8.85729191957795}, "datetime": {"datetime": "2024-06-13 10:48:00", "elapsed": 130.523111, "delta": 0.118687}}
{"target": -413.1861552570206, "params": {"p_ai": 6.97055744473302, "p_al": 3.643266741262771, "p_ex": 2.254250283076692, "prior": 6.109480458106601, "rate": 2.556398171689667}, "datetime": {"datetime": "2024-06-13 10:48:00", "elapsed": 130.632818, "delta": 0.109707}}
{"target": -177.80810047292212, "params": {"p_ai": 0.7590572493322048, "p_al": 8.227198340682186, "p_ex": 2.280295035026282, "prior": 3.796148655644795, "rate": 8.465027322047543}, "datetime": {"datetime": "2024-06-13 10:48:00", "elapsed": 130.74267, "delta": 0.109852}}
{"target": -155.41396418610535, "params": {"p_ai": 1.0324033580838927, "p_al": 9.693928441604834, "p_ex": 5.228714566158481, "prior": 6.733691686640446, "rate": 7.315572776262529}, "datetime": {"datetime": "2024-06-13 10:48:00", "elapsed": 130.851383, "delta": 0.108713}}
{"target": -491.58011885863846, "params": {"p_ai": 9.809807071293001, "p_al": 5.528017017073172, "p_ex": 6.9975437198086, "prior": 6.827180526705036, "rate": 6.30270117869245}, "datetime": {"datetime": "2024-06-13 10:48:00", "elapsed": 130.961898, "delta": 0.110515}}
{"target": -446.3398065333593, "params": {"p_ai": 7.993650272269142, "p_al": 3.4571993404763477, "p_ex": 4.819436430599305, "prior": 0.7821472683712241, "rate": 9.101148277456305}, "datetime": {"datetime": "2024-06-13 10:48:00", "elapsed": 131.071475, "delta": 0.109577}}
{"target": -351.7141776606943, "params": {"p_ai": 5.592698182356974, "p_al": 5.250336684538481, "p_ex": 2.6702519463633063, "prior": 9.000028862901125, "rate": 0.14012176821010291}, "datetime": {"datetime": "2024-06-13 10:48:00", "elapsed": 131.181688, "delta": 0.110213}}
{"target": -152.77568588368604, "params": {"p_ai": 0.9709143598672587, "p_al": 0.6016891748121421, "p_ex": 2.4099825032973654, "prior": 4.9689952454095, "rate": 4.635776950064971}, "datetime": {"datetime": "2024-06-13 10:48:01", "elapsed": 131.292392, "delta": 0.110704}}
