{"target": -116.77671118439667, "params": {"gamma": 0.8360084125803933, "prior": 1.2665169851136882, "rate": 8.215906871200115}, "datetime": {"datetime": "2024-06-14 05:17:33", "elapsed": 655.530956, "delta": 35.335437}}
{"target": -116.32654253056799, "params": {"gamma": 0.8166030769050763, "prior": 0.11560175487147312, "rate": 4.887027109177506}, "datetime": {"datetime": "2024-06-14 05:18:01", "elapsed": 683.214345, "delta": 27.683389}}
{"target": -116.4170335054462, "params": {"gamma": 0.6393044259225426, "prior": 0.3951890804927971, "rate": 9.347463229317794}, "datetime": {"datetime": "2024-06-14 05:18:47", "elapsed": 728.728429, "delta": 45.514084}}
{"target": -116.46519228092355, "params": {"gamma": 0.8922419026445638, "prior": 0.126648233618331, "rate": 2.0543319051516846}, "datetime": {"datetime": "2024-06-14 05:19:10", "elapsed": 752.234656, "delta": 23.506227}}
{"target": -116.21637570883003, "params": {"gamma": 0.7653022804068642, "prior": 0.11037148832389322, "rate": 7.613919997083822}, "datetime": {"datetime": "2024-06-14 05:19:30", "elapsed": 772.155072, "delta": 19.920416}}
