{"target": -195.51453369647524, "params": {"gamma": 6.864927298504364, "prior": 3.8399250110933036, "rate": 7.6314509854431005}, "datetime": {"datetime": "2024-06-14 04:54:20", "elapsed": 16.211464, "delta": 0.009974}}
{"target": -459.8971632946761, "params": {"gamma": 8.963993959368008, "prior": 9.110902413045697, "rate": 4.965364995168459}, "datetime": {"datetime": "2024-06-14 04:54:20", "elapsed": 16.222434, "delta": 0.01097}}
{"target": -231.04992266758956, "params": {"gamma": 7.626339709379889, "prior": 7.118724128793965, "rate": 9.513017241338671}, "datetime": {"datetime": "2024-06-14 04:54:20", "elapsed": 16.232408, "delta": 0.009974}}
{"target": -244.63159987829002, "params": {"gamma": 2.416303346981715, "prior": 5.657263107051882, "rate": 0.4386889024105297}, "datetime": {"datetime": "2024-06-14 04:54:20", "elapsed": 16.242381, "delta": 0.009973}}
{"target": -479.972837827592, "params": {"gamma": 9.231856412216342, "prior": 9.458040129710191, "rate": 5.0095625425504435}, "datetime": {"datetime": "2024-06-14 04:54:20", "elapsed": 16.252354, "delta": 0.009973}}
{"target": -378.7393230553351, "params": {"gamma": 5.861588364410452, "prior": 7.742224266063105, "rate": 2.494062511590284}, "datetime": {"datetime": "2024-06-14 04:54:20", "elapsed": 16.262329, "delta": 0.009975}}
{"target": -137.82646717367507, "params": {"gamma": 3.7905257699858756, "prior": 2.9571954023700533, "rate": 5.388500848183928}, "datetime": {"datetime": "2024-06-14 04:54:20", "elapsed": 16.272301, "delta": 0.009972}}
{"target": -735.3936486943749, "params": {"gamma": 9.489619281316324, "prior": 3.915466925543566, "rate": 0.4510526483715768}, "datetime": {"datetime": "2024-06-14 04:54:20", "elapsed": 16.282275, "delta": 0.009974}}
{"target": -340.95226450622664, "params": {"gamma": 6.8255038084621535, "prior": 5.0008035357807925, "rate": 2.96582349698632}, "datetime": {"datetime": "2024-06-14 04:54:20", "elapsed": 16.292506, "delta": 0.010231}}
{"target": -180.76635101377892, "params": {"gamma": 4.159470178485402, "prior": 8.638851939129534, "rate": 8.210356117785}, "datetime": {"datetime": "2024-06-14 04:54:20", "elapsed": 16.303504, "delta": 0.010998}}
{"target": -113.524933968829, "params": {"gamma": 1.7092925546648687, "prior": 6.882819454636019, "rate": 9.976635949364582}, "datetime": {"datetime": "2024-06-14 04:54:20", "elapsed": 16.313446, "delta": 0.009942}}
{"target": -452.41213977580566, "params": {"gamma": 7.843808621110356, "prior": 7.277958918810155, "rate": 3.1008897721241295}, "datetime": {"datetime": "2024-06-14 04:54:20", "elapsed": 16.323419, "delta": 0.009973}}
{"target": -132.52594663514247, "params": {"gamma": 1.5955484350535305, "prior": 8.656789324831875, "rate": 6.103851837947851}, "datetime": {"datetime": "2024-06-14 04:54:20", "elapsed": 16.333392, "delta": 0.009973}}
{"target": -173.96579263927393, "params": {"gamma": 3.90151389493923, "prior": 7.580348274726708, "rate": 7.18656022932733}, "datetime": {"datetime": "2024-06-14 04:54:20", "elapsed": 16.344364, "delta": 0.010972}}
{"target": -207.59148670729974, "params": {"gamma": 6.473683921648569, "prior": 2.1519072794770633, "rate": 8.8553926501292}, "datetime": {"datetime": "2024-06-14 04:54:20", "elapsed": 16.354336, "delta": 0.009972}}
{"target": -514.147280074009, "params": {"gamma": 7.190340618322544, "prior": 3.096042577804754, "rate": 0.636921390268151}, "datetime": {"datetime": "2024-06-14 04:54:20", "elapsed": 16.36431, "delta": 0.009974}}
{"target": -433.96070576273746, "params": {"gamma": 9.128051358543207, "prior": 7.959115578671122, "rate": 4.986337846072983}, "datetime": {"datetime": "2024-06-14 04:54:20", "elapsed": 16.374283, "delta": 0.009973}}
{"target": -215.8399535301699, "params": {"gamma": 4.139838016887461, "prior": 6.194068492491998, "rate": 3.9857532458547134}, "datetime": {"datetime": "2024-06-14 04:54:20", "elapsed": 16.384257, "delta": 0.009974}}
{"target": -131.10609511735953, "params": {"gamma": 0.3901414822148927, "prior": 3.089486487843047, "rate": 2.4635393026772414}, "datetime": {"datetime": "2024-06-14 04:54:20", "elapsed": 16.39423, "delta": 0.009973}}
{"target": -507.1133595187769, "params": {"gamma": 9.723053574133592, "prior": 7.698230686083612, "rate": 4.03756244174214}, "datetime": {"datetime": "2024-06-14 04:54:20", "elapsed": 16.404203, "delta": 0.009973}}
{"target": -208.6019726759482, "params": {"gamma": 7.36653545986381, "prior": 3.096284649891858, "rate": 5.273430978494289}, "datetime": {"datetime": "2024-06-14 04:54:20", "elapsed": 16.414177, "delta": 0.009974}}
{"target": -114.41214231344144, "params": {"gamma": 2.0722252550467415, "prior": 2.617176807498664, "rate": 4.340796665124917}, "datetime": {"datetime": "2024-06-14 04:54:20", "elapsed": 16.42415, "delta": 0.009973}}
{"target": -117.936317556543, "params": {"gamma": 0.8251761637855287, "prior": 8.547550771616626, "rate": 9.163375833703464}, "datetime": {"datetime": "2024-06-14 04:54:20", "elapsed": 16.434123, "delta": 0.009973}}
{"target": -114.00767480056265, "params": {"gamma": 2.131865517652924, "prior": 4.789847916431056, "rate": 8.414755557056594}, "datetime": {"datetime": "2024-06-14 04:54:21", "elapsed": 16.444097, "delta": 0.009974}}
{"target": -163.72936177229207, "params": {"gamma": 2.8835014556151, "prior": 6.146017338301501, "rate": 4.421038071544468}, "datetime": {"datetime": "2024-06-14 04:54:21", "elapsed": 16.45407, "delta": 0.009973}}
{"target": -217.90644911254904, "params": {"gamma": 3.9755172922412867, "prior": 7.914804790958176, "rate": 4.645661627447652}, "datetime": {"datetime": "2024-06-14 04:54:21", "elapsed": 16.464075, "delta": 0.010005}}
{"target": -192.40068640348915, "params": {"gamma": 4.648560381634333, "prior": 9.92108219282192, "rate": 9.622335724671418}, "datetime": {"datetime": "2024-06-14 04:54:21", "elapsed": 16.475013, "delta": 0.010938}}
{"target": -111.95165730339765, "params": {"gamma": 2.3515737989342904, "prior": 2.3468422945017595, "rate": 6.627717437420285}, "datetime": {"datetime": "2024-06-14 04:54:21", "elapsed": 16.484987, "delta": 0.009974}}
{"target": -174.253474640019, "params": {"gamma": 4.12005240559699, "prior": 7.21566500145903, "rate": 7.33480011223453}, "datetime": {"datetime": "2024-06-14 04:54:21", "elapsed": 16.494989, "delta": 0.010002}}
{"target": -238.0615663726538, "params": {"gamma": 7.833165317126014, "prior": 2.706813429208478, "rate": 9.983583794835354}, "datetime": {"datetime": "2024-06-14 04:54:21", "elapsed": 16.504934, "delta": 0.009945}}
{"target": -180.32468560355144, "params": {"gamma": 4.937510667267648, "prior": 0.9308724921413128, "rate": 1.1210448167623643}, "datetime": {"datetime": "2024-06-14 04:54:21", "elapsed": 16.514907, "delta": 0.009973}}
{"target": -171.62783928555598, "params": {"gamma": 5.615435741740323, "prior": 5.150078530019021, "rate": 9.348420230005587}, "datetime": {"datetime": "2024-06-14 04:54:21", "elapsed": 16.52488, "delta": 0.009973}}
{"target": -510.8491149141513, "params": {"gamma": 9.008359782293162, "prior": 4.707496113752034, "rate": 2.0655648551479264}, "datetime": {"datetime": "2024-06-14 04:54:21", "elapsed": 16.534853, "delta": 0.009973}}
{"target": -170.44032181089702, "params": {"gamma": 5.644611641557381, "prior": 3.156460479596483, "rate": 6.506205753925493}, "datetime": {"datetime": "2024-06-14 04:54:21", "elapsed": 16.544828, "delta": 0.009975}}
{"target": -396.6201398817473, "params": {"gamma": 5.151524964800736, "prior": 8.447482905263575, "rate": 1.318272408917089}, "datetime": {"datetime": "2024-06-14 04:54:21", "elapsed": 16.5548, "delta": 0.009972}}
{"target": -135.52641324659504, "params": {"gamma": 2.510816765750457, "prior": 6.015561199030471, "rate": 6.252522597888486}, "datetime": {"datetime": "2024-06-14 04:54:21", "elapsed": 16.564773, "delta": 0.009973}}
{"target": -184.58571166167403, "params": {"gamma": 4.126528259704839, "prior": 9.015862526250485, "rate": 8.102939975399439}, "datetime": {"datetime": "2024-06-14 04:54:21", "elapsed": 16.574747, "delta": 0.009974}}
{"target": -214.17183038680264, "params": {"gamma": 5.408957978271053, "prior": 4.109790667839894, "rate": 3.9723842641831384}, "datetime": {"datetime": "2024-06-14 04:54:21", "elapsed": 16.584776, "delta": 0.010029}}
{"target": -153.78496180230366, "params": {"gamma": 1.1407744850837678, "prior": 9.378724974180852, "rate": 2.3461206012549862}, "datetime": {"datetime": "2024-06-14 04:54:21", "elapsed": 16.594723, "delta": 0.009947}}
{"target": -124.4723385362059, "params": {"gamma": 1.5290154598338772, "prior": 5.149156483909666, "rate": 4.550990310069778}, "datetime": {"datetime": "2024-06-14 04:54:21", "elapsed": 16.604696, "delta": 0.009973}}
{"target": -117.00810039783441, "params": {"gamma": 0.741195677957228, "prior": 5.798171437543058, "rate": 6.98565427848021}, "datetime": {"datetime": "2024-06-14 04:54:21", "elapsed": 16.614669, "delta": 0.009973}}
{"target": -155.69176190311916, "params": {"gamma": 4.905996798082162, "prior": 0.8216471576437056, "rate": 1.7974602213999658}, "datetime": {"datetime": "2024-06-14 04:54:21", "elapsed": 16.624643, "delta": 0.009974}}
{"target": -166.94670766460715, "params": {"gamma": 1.1602386580615005, "prior": 5.876279483963145, "rate": 0.8517929419359279}, "datetime": {"datetime": "2024-06-14 04:54:21", "elapsed": 16.635644, "delta": 0.011001}}
{"target": -135.73040328993548, "params": {"gamma": 3.8411646857898374, "prior": 1.5568483148669632, "rate": 4.115450872320082}, "datetime": {"datetime": "2024-06-14 04:54:21", "elapsed": 16.645586, "delta": 0.009942}}
{"target": -184.21258530649663, "params": {"gamma": 6.253124313642986, "prior": 3.6594426508543156, "rate": 8.959947493135243}, "datetime": {"datetime": "2024-06-14 04:54:21", "elapsed": 16.65556, "delta": 0.009974}}
{"target": -188.02820634669294, "params": {"gamma": 4.175385995901437, "prior": 9.343186839462406, "rate": 8.204747872100748}, "datetime": {"datetime": "2024-06-14 04:54:21", "elapsed": 16.665533, "delta": 0.009973}}
{"target": -114.8530251164726, "params": {"gamma": 1.1673082330925828, "prior": 1.1292596538179704, "rate": 1.3289685737075208}, "datetime": {"datetime": "2024-06-14 04:54:21", "elapsed": 16.675506, "delta": 0.009973}}
{"target": -219.49445402675926, "params": {"gamma": 6.3850452068779955, "prior": 6.877462138363933, "rate": 7.900310828063816}, "datetime": {"datetime": "2024-06-14 04:54:21", "elapsed": 16.685985, "delta": 0.010479}}
{"target": -209.2914470108612, "params": {"gamma": 5.423716313506835, "prior": 6.7860429050825894, "rate": 6.86782996092407}, "datetime": {"datetime": "2024-06-14 04:54:21", "elapsed": 16.695959, "delta": 0.009974}}
{"target": -190.69154792897777, "params": {"gamma": 3.3829604515267047, "prior": 6.540111495995206, "rate": 4.041556089281965}, "datetime": {"datetime": "2024-06-14 04:54:21", "elapsed": 16.70612, "delta": 0.010161}}
{"target": -361.98303059997363, "params": {"gamma": 6.402004807053291, "prior": 9.352740161515133, "rate": 4.300276952021971}, "datetime": {"datetime": "2024-06-14 04:54:21", "elapsed": 16.716091, "delta": 0.009971}}
{"target": -162.65454279699748, "params": {"gamma": 5.062169284611167, "prior": 3.387441539928508, "rate": 5.787626649270162}, "datetime": {"datetime": "2024-06-14 04:54:21", "elapsed": 16.726065, "delta": 0.009974}}
{"target": -244.96485841729225, "params": {"gamma": 8.63433961200101, "prior": 2.9081286245045184, "rate": 8.3440688316731}, "datetime": {"datetime": "2024-06-14 04:54:21", "elapsed": 16.736038, "delta": 0.009973}}
{"target": -163.79575568267447, "params": {"gamma": 5.19525257002433, "prior": 2.338154974562283, "rate": 4.195052837461809}, "datetime": {"datetime": "2024-06-14 04:54:21", "elapsed": 16.746012, "delta": 0.009974}}
{"target": -206.91068635714635, "params": {"gamma": 1.6707797438122824, "prior": 9.132705794826414, "rate": 0.5804135275146948}, "datetime": {"datetime": "2024-06-14 04:54:21", "elapsed": 16.755985, "delta": 0.009973}}
{"target": -182.040829552536, "params": {"gamma": 6.0404303253472555, "prior": 1.1291215126301983, "rate": 3.135467231273893}, "datetime": {"datetime": "2024-06-14 04:54:21", "elapsed": 16.765958, "delta": 0.009973}}
{"target": -114.41792917842578, "params": {"gamma": 1.430273657454418, "prior": 5.045153826684863, "rate": 6.361341648049341}, "datetime": {"datetime": "2024-06-14 04:54:21", "elapsed": 16.776929, "delta": 0.010971}}
{"target": -228.11524186874442, "params": {"gamma": 8.292725454727396, "prior": 4.5551280553231495, "rate": 7.694721722549676}, "datetime": {"datetime": "2024-06-14 04:54:21", "elapsed": 16.786902, "delta": 0.009973}}
{"target": -468.9548752900675, "params": {"gamma": 5.953782798974832, "prior": 9.725416897155455, "rate": 1.1980382373790506}, "datetime": {"datetime": "2024-06-14 04:54:21", "elapsed": 16.796876, "delta": 0.009974}}
{"target": -300.3463236283683, "params": {"gamma": 8.163360508295652, "prior": 8.36804642863598, "rate": 7.915926255491784}, "datetime": {"datetime": "2024-06-14 04:54:21", "elapsed": 16.806849, "delta": 0.009973}}
{"target": -150.9362416688232, "params": {"gamma": 4.548793901755333, "prior": 5.319373120578599, "rate": 9.853860789595378}, "datetime": {"datetime": "2024-06-14 04:54:21", "elapsed": 16.816822, "delta": 0.009973}}
{"target": -458.8901096082885, "params": {"gamma": 9.446413498524006, "prior": 7.653717361291417, "rate": 4.603153079254813}, "datetime": {"datetime": "2024-06-14 04:54:21", "elapsed": 16.826796, "delta": 0.009974}}
{"target": -344.5170392588669, "params": {"gamma": 5.4028153672728605, "prior": 8.065147279335433, "rate": 2.7694190259593214}, "datetime": {"datetime": "2024-06-14 04:54:21", "elapsed": 16.836769, "delta": 0.009973}}
{"target": -115.2132064012033, "params": {"gamma": 2.5660746449201204, "prior": 2.2172273194191625, "rate": 5.5125104016000455}, "datetime": {"datetime": "2024-06-14 04:54:21", "elapsed": 16.847293, "delta": 0.010524}}
{"target": -274.9616702137655, "params": {"gamma": 9.51400463278507, "prior": 2.453593275447689, "rate": 8.016191948242625}, "datetime": {"datetime": "2024-06-14 04:54:21", "elapsed": 16.857267, "delta": 0.009974}}
{"target": -137.6859624062484, "params": {"gamma": 0.3050697728019885, "prior": 5.111578112737991, "rate": 2.840969561694019}, "datetime": {"datetime": "2024-06-14 04:54:21", "elapsed": 16.86724, "delta": 0.009973}}
{"target": -131.0510920428597, "params": {"gamma": 2.8279345769967326, "prior": 3.9805415181824153, "rate": 5.35503815277569}, "datetime": {"datetime": "2024-06-14 04:54:21", "elapsed": 16.877214, "delta": 0.009974}}
{"target": -578.8089709611479, "params": {"gamma": 7.729080748891848, "prior": 9.620416719522808, "rate": 1.5047059924704762}, "datetime": {"datetime": "2024-06-14 04:54:21", "elapsed": 16.88719, "delta": 0.009976}}
{"target": -149.0122377118958, "params": {"gamma": 3.948506624298461, "prior": 1.711128575734629, "rate": 8.366584905960446}, "datetime": {"datetime": "2024-06-14 04:54:21", "elapsed": 16.897966, "delta": 0.010776}}
{"target": -121.83570643172271, "params": {"gamma": 0.848939363998362, "prior": 8.577228644378229, "rate": 7.408710726097538}, "datetime": {"datetime": "2024-06-14 04:54:21", "elapsed": 16.90794, "delta": 0.009974}}
{"target": -632.1238283428484, "params": {"gamma": 8.583506747549555, "prior": 8.910210077238986, "rate": 1.5086156837021263}, "datetime": {"datetime": "2024-06-14 04:54:21", "elapsed": 16.917913, "delta": 0.009973}}
{"target": -230.99874867652264, "params": {"gamma": 5.5673037568750585, "prior": 3.0949243389652152, "rate": 2.7129607380351044}, "datetime": {"datetime": "2024-06-14 04:54:21", "elapsed": 16.927887, "delta": 0.009974}}
{"target": -154.09758757652335, "params": {"gamma": 0.16532732155215554, "prior": 5.200289634664171, "rate": 0.19147494677606597}, "datetime": {"datetime": "2024-06-14 04:54:21", "elapsed": 16.93786, "delta": 0.009973}}
{"target": -241.08074644105432, "params": {"gamma": 8.982387549518384, "prior": 2.743118745199252, "rate": 4.934240682090825}, "datetime": {"datetime": "2024-06-14 04:54:21", "elapsed": 16.947833, "delta": 0.009973}}
{"target": -245.02500207696443, "params": {"gamma": 6.364538822186757, "prior": 0.11484759273546576, "rate": 1.1332762215360346}, "datetime": {"datetime": "2024-06-14 04:54:21", "elapsed": 16.958805, "delta": 0.010972}}
{"target": -168.34745531601672, "params": {"gamma": 4.6659477575289365, "prior": 6.27045023526184, "rate": 8.196890952415792}, "datetime": {"datetime": "2024-06-14 04:54:21", "elapsed": 16.968777, "delta": 0.009972}}
{"target": -216.09208574183202, "params": {"gamma": 4.148641338539144, "prior": 9.27585593466577, "rate": 5.974235073828673}, "datetime": {"datetime": "2024-06-14 04:54:21", "elapsed": 16.978751, "delta": 0.009974}}
{"target": -149.7865748004908, "params": {"gamma": 0.019306140396848814, "prior": 6.83237546346491, "rate": 2.128523676734889}, "datetime": {"datetime": "2024-06-14 04:54:21", "elapsed": 16.988232, "delta": 0.009481}}
{"target": -141.40939831617712, "params": {"gamma": 0.1535430664843777, "prior": 7.383907493191389, "rate": 5.519551912752578}, "datetime": {"datetime": "2024-06-14 04:54:21", "elapsed": 16.999203, "delta": 0.010971}}
{"target": -237.66044472279444, "params": {"gamma": 7.836427271615353, "prior": 0.9728738222321646, "rate": 3.557641134340776}, "datetime": {"datetime": "2024-06-14 04:54:21", "elapsed": 17.009176, "delta": 0.009973}}
{"target": -154.33933515773575, "params": {"gamma": 2.997716685977381, "prior": 5.733129677407973, "rate": 5.102021899170938}, "datetime": {"datetime": "2024-06-14 04:54:21", "elapsed": 17.019149, "delta": 0.009973}}
{"target": -226.3025069310069, "params": {"gamma": 7.821480373966176, "prior": 1.951873292249901, "rate": 5.765378570105822}, "datetime": {"datetime": "2024-06-14 04:54:21", "elapsed": 17.029123, "delta": 0.009974}}
{"target": -215.93080475630208, "params": {"gamma": 6.444129706059222, "prior": 4.652693074134186, "rate": 5.580214322469496}, "datetime": {"datetime": "2024-06-14 04:54:21", "elapsed": 17.039096, "delta": 0.009973}}
{"target": -517.4846012484015, "params": {"gamma": 9.743286307322958, "prior": 7.541556933766897, "rate": 3.8104826236472786}, "datetime": {"datetime": "2024-06-14 04:54:21", "elapsed": 17.049069, "delta": 0.009973}}
{"target": -351.081390535806, "params": {"gamma": 4.340728838399114, "prior": 7.1570316925553605, "rate": 0.9380272253159303}, "datetime": {"datetime": "2024-06-14 04:54:21", "elapsed": 17.059043, "delta": 0.009974}}
{"target": -266.15970898504384, "params": {"gamma": 6.378444418173399, "prior": 1.2321491091836958, "rate": 1.0193780310022393}, "datetime": {"datetime": "2024-06-14 04:54:21", "elapsed": 17.069016, "delta": 0.009973}}
{"target": -215.69287412059464, "params": {"gamma": 6.667021122891057, "prior": 1.7542887876159898, "rate": 7.647419971523622}, "datetime": {"datetime": "2024-06-14 04:54:21", "elapsed": 17.079986, "delta": 0.01097}}
{"target": -210.08919355328018, "params": {"gamma": 7.506153520363204, "prior": 3.18900068961921, "rate": 5.7090751316208}, "datetime": {"datetime": "2024-06-14 04:54:21", "elapsed": 17.08996, "delta": 0.009974}}
{"target": -444.9951508235243, "params": {"gamma": 6.451761309420609, "prior": 8.133499632738395, "rate": 2.0154617304835343}, "datetime": {"datetime": "2024-06-14 04:54:21", "elapsed": 17.099934, "delta": 0.009974}}
{"target": -366.3771773039144, "params": {"gamma": 6.762750921175965, "prior": 8.246616776474657, "rate": 4.144442403173417}, "datetime": {"datetime": "2024-06-14 04:54:21", "elapsed": 17.109907, "delta": 0.009973}}
{"target": -158.6951264893838, "params": {"gamma": 4.93747435337824, "prior": 5.191069021280379, "rate": 9.393346948548995}, "datetime": {"datetime": "2024-06-14 04:54:21", "elapsed": 17.11988, "delta": 0.009973}}
{"target": -126.73986445068829, "params": {"gamma": 0.5174559628579339, "prior": 5.75837295853161, "rate": 4.89811116337683}, "datetime": {"datetime": "2024-06-14 04:54:21", "elapsed": 17.129854, "delta": 0.009974}}
{"target": -150.35558517425213, "params": {"gamma": 3.43893717379704, "prior": 6.732175526529206, "rate": 7.6946306666071145}, "datetime": {"datetime": "2024-06-14 04:54:21", "elapsed": 17.139827, "delta": 0.009973}}
{"target": -183.93325035064544, "params": {"gamma": 5.401055710011223, "prior": 0.5122166664564219, "rate": 2.351573570535765}, "datetime": {"datetime": "2024-06-14 04:54:21", "elapsed": 17.150798, "delta": 0.010971}}
{"target": -134.59618840811567, "params": {"gamma": 0.20537707355366863, "prior": 3.3450050943537124, "rate": 4.6810927226785255}, "datetime": {"datetime": "2024-06-14 04:54:21", "elapsed": 17.160771, "delta": 0.009973}}
{"target": -302.70221957971455, "params": {"gamma": 7.845906561782468, "prior": 5.369502262702111, "rate": 4.774787580289247}, "datetime": {"datetime": "2024-06-14 04:54:21", "elapsed": 17.170744, "delta": 0.009973}}
{"target": -301.81258667600173, "params": {"gamma": 6.97979925706494, "prior": 0.27243013449192005, "rate": 6.950212658575371}, "datetime": {"datetime": "2024-06-14 04:54:21", "elapsed": 17.180718, "delta": 0.009974}}
{"target": -146.71206302215313, "params": {"gamma": 3.120283908366149, "prior": 5.641930498717792, "rate": 6.068459647449929}, "datetime": {"datetime": "2024-06-14 04:54:21", "elapsed": 17.190691, "delta": 0.009973}}
{"target": -107.66179351148841, "params": {"gamma": 1.8222444288432162, "prior": 2.5776986435657308, "rate": 5.788601767479563}, "datetime": {"datetime": "2024-06-14 04:54:21", "elapsed": 17.200664, "delta": 0.009973}}
{"target": -125.1626344614649, "params": {"gamma": 2.626964094789226, "prior": 2.4702287887304846, "rate": 3.5909544712195682}, "datetime": {"datetime": "2024-06-14 04:54:21", "elapsed": 17.211635, "delta": 0.010971}}
{"target": -444.63720468884674, "params": {"gamma": 9.044205571519699, "prior": 8.705182024603866, "rate": 5.140843749597316}, "datetime": {"datetime": "2024-06-14 04:54:21", "elapsed": 17.221608, "delta": 0.009973}}
