{"target": -1436.2645033390381, "params": {"gamma": 8.799475826643015, "lr": 0.8213720415432885}, "datetime": {"datetime": "2024-06-13 21:42:38", "elapsed": 6.508475, "delta": 0.004987}}
{"target": -1074.0662029935093, "params": {"gamma": 8.199874253028593, "lr": 0.46781804781537173}, "datetime": {"datetime": "2024-06-13 21:42:38", "elapsed": 6.512969, "delta": 0.004494}}
{"target": -565.6183857544645, "params": {"gamma": 4.275493453510745, "lr": 0.4010683054344961}, "datetime": {"datetime": "2024-06-13 21:42:38", "elapsed": 6.516959, "delta": 0.00399}}
{"target": -967.1396311713214, "params": {"gamma": 5.822568206350932, "lr": 0.7289706693761112}, "datetime": {"datetime": "2024-06-13 21:42:38", "elapsed": 6.521945, "delta": 0.004986}}
{"target": -1197.7607200206746, "params": {"gamma": 7.843135731493912, "lr": 0.6547991875604179}, "datetime": {"datetime": "2024-06-13 21:42:38", "elapsed": 6.525935, "delta": 0.00399}}
{"target": -736.6688535888073, "params": {"gamma": 5.625099180595456, "lr": 0.412392608220297}, "datetime": {"datetime": "2024-06-13 21:42:38", "elapsed": 6.530922, "delta": 0.004987}}
{"target": -504.19319138062565, "params": {"gamma": 3.1998307053765016, "lr": 0.2862477928261852}, "datetime": {"datetime": "2024-06-13 21:42:38", "elapsed": 6.534911, "delta": 0.003989}}
{"target": -485.5791715780213, "params": {"gamma": 2.9624710073123492, "lr": 0.6827528661644432}, "datetime": {"datetime": "2024-06-13 21:42:38", "elapsed": 6.539897, "delta": 0.004986}}
{"target": -1148.7930023532585, "params": {"gamma": 7.624649380413635, "lr": 0.5976197869899762}, "datetime": {"datetime": "2024-06-13 21:42:38", "elapsed": 6.543887, "delta": 0.00399}}
{"target": -392.2517455132951, "params": {"gamma": 2.229416058643355, "lr": 0.1943950205047229}, "datetime": {"datetime": "2024-06-13 21:42:38", "elapsed": 6.548874, "delta": 0.004987}}
{"target": -1350.0693941670183, "params": {"gamma": 7.657095501588769, "lr": 0.9786938189750454}, "datetime": {"datetime": "2024-06-13 21:42:38", "elapsed": 6.552862, "delta": 0.003988}}
{"target": -137.5668305919121, "params": {"gamma": 0.1600837059640327, "lr": 0.24889814198257976}, "datetime": {"datetime": "2024-06-13 21:42:38", "elapsed": 6.55785, "delta": 0.004988}}
{"target": -1314.864594825124, "params": {"gamma": 7.923336404835708, "lr": 0.7191652977533548}, "datetime": {"datetime": "2024-06-13 21:42:38", "elapsed": 6.562836, "delta": 0.004986}}
{"target": -363.0056864397998, "params": {"gamma": 2.4605535974366086, "lr": 0.5548923810758453}, "datetime": {"datetime": "2024-06-13 21:42:38", "elapsed": 6.566826, "delta": 0.00399}}
{"target": -976.2938601768502, "params": {"gamma": 5.856272355196109, "lr": 0.7213842766472296}, "datetime": {"datetime": "2024-06-13 21:42:38", "elapsed": 6.571812, "delta": 0.004986}}
{"target": -611.3664241007953, "params": {"gamma": 4.637273438415798, "lr": 0.40484847152272274}, "datetime": {"datetime": "2024-06-13 21:42:38", "elapsed": 6.575802, "delta": 0.00399}}
{"target": -507.63043617950655, "params": {"gamma": 3.080786698738075, "lr": 0.23830890840682273}, "datetime": {"datetime": "2024-06-13 21:42:38", "elapsed": 6.580789, "delta": 0.004987}}
{"target": -187.02644804458498, "params": {"gamma": 0.925941078147889, "lr": 0.6458833874176423}, "datetime": {"datetime": "2024-06-13 21:42:38", "elapsed": 6.585775, "delta": 0.004986}}
{"target": -1067.5928817839574, "params": {"gamma": 6.696034914953822, "lr": 0.6873434739168471}, "datetime": {"datetime": "2024-06-13 21:42:38", "elapsed": 6.590762, "delta": 0.004987}}
{"target": -143.4982022917073, "params": {"gamma": 0.03245405892326011, "lr": 0.43825303252098613}, "datetime": {"datetime": "2024-06-13 21:42:38", "elapsed": 6.594751, "delta": 0.003989}}
{"target": -208.7942332572561, "params": {"gamma": 1.22641109574872, "lr": 0.5266093357063074}, "datetime": {"datetime": "2024-06-13 21:42:38", "elapsed": 6.599738, "delta": 0.004987}}
{"target": -1279.9599617826498, "params": {"gamma": 9.797416469397842, "lr": 0.4992770109633381}, "datetime": {"datetime": "2024-06-13 21:42:38", "elapsed": 6.603727, "delta": 0.003989}}
{"target": -624.972241717096, "params": {"gamma": 3.747125142755934, "lr": 0.8138399923945955}, "datetime": {"datetime": "2024-06-13 21:42:38", "elapsed": 6.608714, "delta": 0.004987}}
{"target": -1490.3936566368457, "params": {"gamma": 9.68204618100875, "lr": 0.28712337752879535}, "datetime": {"datetime": "2024-06-13 21:42:38", "elapsed": 6.613209, "delta": 0.004495}}
{"target": -1414.9179167952666, "params": {"gamma": 8.030197397425262, "lr": 0.9961414373632698}, "datetime": {"datetime": "2024-06-13 21:42:38", "elapsed": 6.617198, "delta": 0.003989}}
{"target": -196.7393715841921, "params": {"gamma": 1.1191305732763266, "lr": 0.5310473545872221}, "datetime": {"datetime": "2024-06-13 21:42:38", "elapsed": 6.622185, "delta": 0.004987}}
{"target": -1159.7643999693369, "params": {"gamma": 8.135452268270518, "lr": 0.37629418365689815}, "datetime": {"datetime": "2024-06-13 21:42:38", "elapsed": 6.626175, "delta": 0.00399}}
{"target": -739.8096190822721, "params": {"gamma": 4.4582994882209785, "lr": 0.7509025596645666}, "datetime": {"datetime": "2024-06-13 21:42:38", "elapsed": 6.631161, "delta": 0.004986}}
{"target": -185.38082973676757, "params": {"gamma": 0.9843654431052541, "lr": 0.3605263049964609}, "datetime": {"datetime": "2024-06-13 21:42:38", "elapsed": 6.63515, "delta": 0.003989}}
{"target": -909.0514262875552, "params": {"gamma": 5.637498846609272, "lr": 0.23858559594258377}, "datetime": {"datetime": "2024-06-13 21:42:38", "elapsed": 6.640137, "delta": 0.004987}}
{"target": -1376.8537863223803, "params": {"gamma": 8.399697763448607, "lr": 0.7658509922899394}, "datetime": {"datetime": "2024-06-13 21:42:38", "elapsed": 6.645123, "delta": 0.004986}}
{"target": -1355.3617069366255, "params": {"gamma": 9.655460253343795, "lr": 0.5229880750137287}, "datetime": {"datetime": "2024-06-13 21:42:38", "elapsed": 6.649113, "delta": 0.00399}}
{"target": -228.3856576996175, "params": {"gamma": 1.06614005524794, "lr": 0.936617023061487}, "datetime": {"datetime": "2024-06-13 21:42:38", "elapsed": 6.653102, "delta": 0.003989}}
{"target": -1173.579359503507, "params": {"gamma": 8.342525658973996, "lr": 0.5444181610032376}, "datetime": {"datetime": "2024-06-13 21:42:38", "elapsed": 6.658089, "delta": 0.004987}}
{"target": -1454.6635136536795, "params": {"gamma": 8.363186471576656, "lr": 0.8816909193539424}, "datetime": {"datetime": "2024-06-13 21:42:38", "elapsed": 6.663075, "delta": 0.004986}}
{"target": -1103.3427552999135, "params": {"gamma": 7.76103529253161, "lr": 0.5712539770424174}, "datetime": {"datetime": "2024-06-13 21:42:38", "elapsed": 6.667065, "delta": 0.00399}}
{"target": -1042.5946349263359, "params": {"gamma": 6.153371915939358, "lr": 0.8443906826433587}, "datetime": {"datetime": "2024-06-13 21:42:38", "elapsed": 6.672052, "delta": 0.004987}}
{"target": -995.844798394368, "params": {"gamma": 6.222544146503024, "lr": 0.20647995918763162}, "datetime": {"datetime": "2024-06-13 21:42:38", "elapsed": 6.676809, "delta": 0.004757}}
{"target": -976.0372283920884, "params": {"gamma": 6.915192747116144, "lr": 0.5320137500773816}, "datetime": {"datetime": "2024-06-13 21:42:38", "elapsed": 6.680795, "delta": 0.003986}}
{"target": -662.8145847070898, "params": {"gamma": 2.633207341942995, "lr": 0.0007865415296364198}, "datetime": {"datetime": "2024-06-13 21:42:38", "elapsed": 6.685782, "delta": 0.004987}}
{"target": -393.24717356303034, "params": {"gamma": 2.3557421152378364, "lr": 0.673566697976032}, "datetime": {"datetime": "2024-06-13 21:42:38", "elapsed": 6.689771, "delta": 0.003989}}
{"target": -1433.665195454723, "params": {"gamma": 8.783323676609767, "lr": 0.8307025692405677}, "datetime": {"datetime": "2024-06-13 21:42:38", "elapsed": 6.694758, "delta": 0.004987}}
{"target": -302.08909311846367, "params": {"gamma": 1.0819657484995155, "lr": 0.07112497952283825}, "datetime": {"datetime": "2024-06-13 21:42:38", "elapsed": 6.699745, "delta": 0.004987}}
{"target": -1242.904593198428, "params": {"gamma": 7.616161526478173, "lr": 0.2848333721183067}, "datetime": {"datetime": "2024-06-13 21:42:38", "elapsed": 6.703734, "delta": 0.003989}}
{"target": -683.17846859061, "params": {"gamma": 2.718758721913716, "lr": 0.0020003006084317043}, "datetime": {"datetime": "2024-06-13 21:42:38", "elapsed": 6.708723, "delta": 0.004989}}
{"target": -259.17265909629236, "params": {"gamma": 0.9862915673948899, "lr": 0.13559704739235312}, "datetime": {"datetime": "2024-06-13 21:42:38", "elapsed": 6.713216, "delta": 0.004493}}
{"target": -240.1498911821715, "params": {"gamma": 1.5944427020857364, "lr": 0.44531360261536523}, "datetime": {"datetime": "2024-06-13 21:42:38", "elapsed": 6.717205, "delta": 0.003989}}
{"target": -1330.3455327482623, "params": {"gamma": 8.141544011423479, "lr": 0.8122981153684475}, "datetime": {"datetime": "2024-06-13 21:42:38", "elapsed": 6.722192, "delta": 0.004987}}
{"target": -1200.4582843103376, "params": {"gamma": 9.099986227202798, "lr": 0.4435920386203337}, "datetime": {"datetime": "2024-06-13 21:42:38", "elapsed": 6.726182, "delta": 0.00399}}
{"target": -930.8208106205309, "params": {"gamma": 7.087396368942189, "lr": 0.4883341181204487}, "datetime": {"datetime": "2024-06-13 21:42:38", "elapsed": 6.731168, "delta": 0.004986}}
{"target": -182.92394333275115, "params": {"gamma": 0.49937573878707536, "lr": 0.0804314339695471}, "datetime": {"datetime": "2024-06-13 21:42:38", "elapsed": 6.736154, "delta": 0.004986}}
{"target": -453.6109254172013, "params": {"gamma": 2.4601774098261746, "lr": 0.9816217286230167}, "datetime": {"datetime": "2024-06-13 21:42:38", "elapsed": 6.740144, "delta": 0.00399}}
{"target": -1130.780279421902, "params": {"gamma": 6.919480375538572, "lr": 0.26800758185732043}, "datetime": {"datetime": "2024-06-13 21:42:38", "elapsed": 6.74513, "delta": 0.004986}}
{"target": -1080.0955556276535, "params": {"gamma": 7.062926182268611, "lr": 0.6613461343815696}, "datetime": {"datetime": "2024-06-13 21:42:38", "elapsed": 6.74912, "delta": 0.00399}}
{"target": -138.71012025492598, "params": {"gamma": 0.4338583185782008, "lr": 0.3614875846417379}, "datetime": {"datetime": "2024-06-13 21:42:38", "elapsed": 6.754107, "delta": 0.004987}}
{"target": -1889.7497758524485, "params": {"gamma": 7.737506106039536, "lr": 0.07852291483410356}, "datetime": {"datetime": "2024-06-13 21:42:38", "elapsed": 6.758096, "delta": 0.003989}}
{"target": -1556.3978370757277, "params": {"gamma": 8.84395678364194, "lr": 0.9308682962545582}, "datetime": {"datetime": "2024-06-13 21:42:38", "elapsed": 6.763083, "delta": 0.004987}}
{"target": -1855.6897800637607, "params": {"gamma": 8.531002038386509, "lr": 0.117377604100948}, "datetime": {"datetime": "2024-06-13 21:42:38", "elapsed": 6.767072, "delta": 0.003989}}
{"target": -910.3661886036969, "params": {"gamma": 5.652169643537417, "lr": 0.7075599478322232}, "datetime": {"datetime": "2024-06-13 21:42:38", "elapsed": 6.772059, "delta": 0.004987}}
{"target": -1988.4175787020934, "params": {"gamma": 8.879912919311819, "lr": 0.09577602929981288}, "datetime": {"datetime": "2024-06-13 21:42:38", "elapsed": 6.776048, "delta": 0.003989}}
{"target": -1330.1028717970082, "params": {"gamma": 8.157890074908734, "lr": 0.27801633166878204}, "datetime": {"datetime": "2024-06-13 21:42:38", "elapsed": 6.781035, "delta": 0.004987}}
{"target": -987.258746315122, "params": {"gamma": 5.923281570273373, "lr": 0.7197957093739197}, "datetime": {"datetime": "2024-06-13 21:42:38", "elapsed": 6.786022, "delta": 0.004987}}
{"target": -1198.9116957628678, "params": {"gamma": 7.7704144744548165, "lr": 0.29466484899886947}, "datetime": {"datetime": "2024-06-13 21:42:38", "elapsed": 6.790011, "delta": 0.003989}}
{"target": -940.3744826202336, "params": {"gamma": 6.074158012949801, "lr": 0.2874728742023305}, "datetime": {"datetime": "2024-06-13 21:42:38", "elapsed": 6.794997, "delta": 0.004986}}
{"target": -1626.7546635050319, "params": {"gamma": 9.983169186094411, "lr": 0.8145056079423507}, "datetime": {"datetime": "2024-06-13 21:42:38", "elapsed": 6.799984, "delta": 0.004987}}
{"target": -730.7138919189707, "params": {"gamma": 4.140365184777405, "lr": 0.8791421856642359}, "datetime": {"datetime": "2024-06-13 21:42:38", "elapsed": 6.803973, "delta": 0.003989}}
{"target": -1292.4097181168415, "params": {"gamma": 7.325278649969429, "lr": 0.928746930727756}, "datetime": {"datetime": "2024-06-13 21:42:38", "elapsed": 6.80896, "delta": 0.004987}}
{"target": -286.18027715134025, "params": {"gamma": 1.7169353317749951, "lr": 0.2948350049208741}, "datetime": {"datetime": "2024-06-13 21:42:38", "elapsed": 6.813946, "delta": 0.004986}}
{"target": -182.80848446586987, "params": {"gamma": 0.9382730240703474, "lr": 0.3179810316787127}, "datetime": {"datetime": "2024-06-13 21:42:38", "elapsed": 6.817936, "delta": 0.00399}}
{"target": -591.939834688779, "params": {"gamma": 3.812504948851634, "lr": 0.6327125396187535}, "datetime": {"datetime": "2024-06-13 21:42:38", "elapsed": 6.822923, "delta": 0.004987}}
{"target": -789.9044977628216, "params": {"gamma": 4.715727863547479, "lr": 0.717668980777047}, "datetime": {"datetime": "2024-06-13 21:42:38", "elapsed": 6.826912, "delta": 0.003989}}
{"target": -488.3704112648464, "params": {"gamma": 2.692966111483643, "lr": 0.17305671918218446}, "datetime": {"datetime": "2024-06-13 21:42:38", "elapsed": 6.831899, "delta": 0.004987}}
{"target": -513.0296663528288, "params": {"gamma": 3.7918469051508774, "lr": 0.43808143742785455}, "datetime": {"datetime": "2024-06-13 21:42:38", "elapsed": 6.836885, "delta": 0.004986}}
{"target": -754.5831194713091, "params": {"gamma": 4.221843551590521, "lr": 0.913569686661525}, "datetime": {"datetime": "2024-06-13 21:42:38", "elapsed": 6.840875, "delta": 0.00399}}
{"target": -410.6038213599916, "params": {"gamma": 2.696400616451196, "lr": 0.3520434026951569}, "datetime": {"datetime": "2024-06-13 21:42:38", "elapsed": 6.845861, "delta": 0.004986}}
{"target": -317.9444580914307, "params": {"gamma": 2.1528813919731067, "lr": 0.37192301140427286}, "datetime": {"datetime": "2024-06-13 21:42:38", "elapsed": 6.849851, "delta": 0.00399}}
{"target": -594.5791114723019, "params": {"gamma": 3.8991640529202587, "lr": 0.5754270571118745}, "datetime": {"datetime": "2024-06-13 21:42:38", "elapsed": 6.854837, "delta": 0.004986}}
{"target": -468.36423063924804, "params": {"gamma": 2.7843714212458077, "lr": 0.2594923085078481}, "datetime": {"datetime": "2024-06-13 21:42:38", "elapsed": 6.858826, "delta": 0.003989}}
{"target": -1269.0620255824647, "params": {"gamma": 7.190894889170183, "lr": 0.9101787075725445}, "datetime": {"datetime": "2024-06-13 21:42:38", "elapsed": 6.863813, "delta": 0.004987}}
{"target": -239.98008812909717, "params": {"gamma": 1.2218460988148518, "lr": 0.18228897074998485}, "datetime": {"datetime": "2024-06-13 21:42:38", "elapsed": 6.8688, "delta": 0.004987}}
{"target": -244.31221726387798, "params": {"gamma": 1.3319633391141557, "lr": 0.6836076828044971}, "datetime": {"datetime": "2024-06-13 21:42:39", "elapsed": 6.872789, "delta": 0.003989}}
{"target": -337.2590197676593, "params": {"gamma": 2.1408837173038955, "lr": 0.6045716033063737}, "datetime": {"datetime": "2024-06-13 21:42:39", "elapsed": 6.877776, "delta": 0.004987}}
{"target": -353.5555496624907, "params": {"gamma": 2.0175856692950274, "lr": 0.8177571936931245}, "datetime": {"datetime": "2024-06-13 21:42:39", "elapsed": 6.881765, "delta": 0.003989}}
{"target": -516.2113086163141, "params": {"gamma": 3.161755215449723, "lr": 0.6696167646858762}, "datetime": {"datetime": "2024-06-13 21:42:39", "elapsed": 6.886752, "delta": 0.004987}}
{"target": -252.08170769920247, "params": {"gamma": 1.4881868944628063, "lr": 0.30594544708616045}, "datetime": {"datetime": "2024-06-13 21:42:39", "elapsed": 6.890741, "delta": 0.003989}}
{"target": -467.75738211956633, "params": {"gamma": 2.9731172115714624, "lr": 0.6350799325450489}, "datetime": {"datetime": "2024-06-13 21:42:39", "elapsed": 6.895728, "delta": 0.004987}}
{"target": -1151.5564217939263, "params": {"gamma": 6.809124390706244, "lr": 0.8452486465038237}, "datetime": {"datetime": "2024-06-13 21:42:39", "elapsed": 6.899717, "delta": 0.003989}}
{"target": -325.29940548494346, "params": {"gamma": 1.8342857207824639, "lr": 0.7604297643064385}, "datetime": {"datetime": "2024-06-13 21:42:39", "elapsed": 6.904704, "delta": 0.004987}}
{"target": -1013.6240238366194, "params": {"gamma": 7.119682083391317, "lr": 0.5575439140774725}, "datetime": {"datetime": "2024-06-13 21:42:39", "elapsed": 6.908694, "delta": 0.00399}}
{"target": -1540.116192974274, "params": {"gamma": 6.50197970017053, "lr": 0.0899951030326972}, "datetime": {"datetime": "2024-06-13 21:42:39", "elapsed": 6.91368, "delta": 0.004986}}
{"target": -222.92103750455414, "params": {"gamma": 1.4696112814099909, "lr": 0.41557172071663584}, "datetime": {"datetime": "2024-06-13 21:42:39", "elapsed": 6.918667, "delta": 0.004987}}
{"target": -1244.5050821235293, "params": {"gamma": 7.1139955123219485, "lr": 0.16782116362359434}, "datetime": {"datetime": "2024-06-13 21:42:39", "elapsed": 6.922656, "delta": 0.003989}}
{"target": -521.3345179417638, "params": {"gamma": 3.8904024131038595, "lr": 0.49794595388742613}, "datetime": {"datetime": "2024-06-13 21:42:39", "elapsed": 6.927643, "delta": 0.004987}}
{"target": -2278.450932689476, "params": {"gamma": 9.350522223405173, "lr": 0.055196248654505564}, "datetime": {"datetime": "2024-06-13 21:42:39", "elapsed": 6.932629, "delta": 0.004986}}
{"target": -1460.1244327003799, "params": {"gamma": 8.290245901995016, "lr": 0.9841598458987846}, "datetime": {"datetime": "2024-06-13 21:42:39", "elapsed": 6.936619, "delta": 0.00399}}
{"target": -488.7152647025696, "params": {"gamma": 2.6734588625853686, "lr": 0.8900573037740913}, "datetime": {"datetime": "2024-06-13 21:42:39", "elapsed": 6.941606, "delta": 0.004987}}
{"target": -491.351412964567, "params": {"gamma": 2.9037110876153163, "lr": 0.7990074981966317}, "datetime": {"datetime": "2024-06-13 21:42:39", "elapsed": 6.945595, "delta": 0.003989}}
{"target": -699.2269924242546, "params": {"gamma": 4.599113822624364, "lr": 0.59760864887687}, "datetime": {"datetime": "2024-06-13 21:42:39", "elapsed": 6.950581, "delta": 0.004986}}
{"target": -395.00947262214123, "params": {"gamma": 2.367437100274259, "lr": 0.687614962160815}, "datetime": {"datetime": "2024-06-13 21:42:39", "elapsed": 6.954571, "delta": 0.00399}}
{"target": -240.770715830256, "params": {"gamma": 1.4876999762661907, "lr": 0.5596864990017729}, "datetime": {"datetime": "2024-06-13 21:42:39", "elapsed": 6.959558, "delta": 0.004987}}
{"target": -841.9368314801472, "params": {"gamma": 4.943794976509587, "lr": 0.8372059959494197}, "datetime": {"datetime": "2024-06-13 21:42:39", "elapsed": 6.964237, "delta": 0.004679}}
{"target": -797.2866141786544, "params": {"gamma": 4.815203685221957, "lr": 0.7847309599867293}, "datetime": {"datetime": "2024-06-13 21:42:39", "elapsed": 6.969221, "delta": 0.004984}}
{"target": -618.21735188153, "params": {"gamma": 4.003542773051022, "lr": 0.3079059334309052}, "datetime": {"datetime": "2024-06-13 21:42:39", "elapsed": 6.97321, "delta": 0.003989}}
{"target": -1022.6679776409594, "params": {"gamma": 7.872484136639694, "lr": 0.4184642639114249}, "datetime": {"datetime": "2024-06-13 21:42:39", "elapsed": 6.978197, "delta": 0.004987}}
{"target": -752.098497058002, "params": {"gamma": 4.968163846072137, "lr": 0.577322531324329}, "datetime": {"datetime": "2024-06-13 21:42:39", "elapsed": 6.983213, "delta": 0.005016}}
{"target": -1230.5786551051597, "params": {"gamma": 8.196837713155396, "lr": 0.5813199746267194}, "datetime": {"datetime": "2024-06-13 21:42:39", "elapsed": 6.987202, "delta": 0.003989}}
{"target": -816.194166802208, "params": {"gamma": 4.062022883905419, "lr": 0.16058682850924277}, "datetime": {"datetime": "2024-06-13 21:42:39", "elapsed": 6.99216, "delta": 0.004958}}
{"target": -1224.1363807379657, "params": {"gamma": 7.021410937836175, "lr": 0.8832328216518347}, "datetime": {"datetime": "2024-06-13 21:42:39", "elapsed": 6.996149, "delta": 0.003989}}
{"target": -184.12215261987043, "params": {"gamma": 1.0846805001536175, "lr": 0.46621397581308155}, "datetime": {"datetime": "2024-06-13 21:42:39", "elapsed": 7.001136, "delta": 0.004987}}
{"target": -1325.0634696245925, "params": {"gamma": 9.34542051628517, "lr": 0.5635091674751708}, "datetime": {"datetime": "2024-06-13 21:42:39", "elapsed": 7.005125, "delta": 0.003989}}
{"target": -1339.4101814023313, "params": {"gamma": 5.452989887556196, "lr": 0.06347554987814286}, "datetime": {"datetime": "2024-06-13 21:42:39", "elapsed": 7.010112, "delta": 0.004987}}
{"target": -822.6797502426177, "params": {"gamma": 5.353466496108746, "lr": 0.654541303819938}, "datetime": {"datetime": "2024-06-13 21:42:39", "elapsed": 7.015099, "delta": 0.004987}}
{"target": -290.1855149497119, "params": {"gamma": 1.466771864485812, "lr": 0.9563647276468465}, "datetime": {"datetime": "2024-06-13 21:42:39", "elapsed": 7.020085, "delta": 0.004986}}
{"target": -334.5433306650778, "params": {"gamma": 1.962311768641484, "lr": 0.673925993557942}, "datetime": {"datetime": "2024-06-13 21:42:39", "elapsed": 7.025072, "delta": 0.004987}}
{"target": -614.8853650781016, "params": {"gamma": 2.744137192928587, "lr": 0.10843083383187457}, "datetime": {"datetime": "2024-06-13 21:42:39", "elapsed": 7.029061, "delta": 0.003989}}
{"target": -398.4439686807349, "params": {"gamma": 2.6097471361451294, "lr": 0.33415183351807476}, "datetime": {"datetime": "2024-06-13 21:42:39", "elapsed": 7.034048, "delta": 0.004987}}
{"target": -753.0780155975202, "params": {"gamma": 4.647854040432997, "lr": 0.2343564434014873}, "datetime": {"datetime": "2024-06-13 21:42:39", "elapsed": 7.039035, "delta": 0.004987}}
