{"target": -122.2670841686367, "params": {"gamma": 0.7722588356554995, "prior": 2.032847157808181, "rate": 7.422032192502822}, "datetime": {"datetime": "2024-06-14 04:17:11", "elapsed": 586.865151, "delta": 26.739864}}
{"target": -122.36108214264682, "params": {"gamma": 0.8189004102089353, "prior": 1.5475297701424555, "rate": 5.797694285740493}, "datetime": {"datetime": "2024-06-14 04:17:37", "elapsed": 612.412185, "delta": 25.547034}}
{"target": -122.35955199989296, "params": {"gamma": 0.8645417002949582, "prior": 2.2934964652614287, "rate": 7.0052925861225095}, "datetime": {"datetime": "2024-06-14 04:18:08", "elapsed": 644.11318, "delta": 31.700995}}
{"target": -124.1423423449008, "params": {"gamma": 1.0064641581764127, "prior": 3.405725986594545, "rate": 6.082652025257797}, "datetime": {"datetime": "2024-06-14 04:18:34", "elapsed": 669.802898, "delta": 25.689718}}
{"target": -124.04407282587066, "params": {"gamma": 0.6268041848874907, "prior": 0.8865849189786008, "rate": 6.9723451413398685}, "datetime": {"datetime": "2024-06-14 04:18:54", "elapsed": 689.73816, "delta": 19.935262}}
