{"target": -139.77597300828256, "params": {"gamma": 0.311939657480023, "prior": 5.754639817943711, "rate": 1.8055046214421606}, "datetime": {"datetime": "2024-06-14 05:06:41", "elapsed": 2.64217, "delta": 0.007979}}
{"target": -325.1963400333789, "params": {"gamma": 6.309961044194965, "prior": 9.811144389930757, "rate": 8.749150609572597}, "datetime": {"datetime": "2024-06-14 05:06:41", "elapsed": 2.651146, "delta": 0.008976}}
{"target": -235.10376700584163, "params": {"gamma": 4.518910657959286, "prior": 7.113762613512001, "rate": 7.77491003128189}, "datetime": {"datetime": "2024-06-14 05:06:41", "elapsed": 2.660122, "delta": 0.008976}}
{"target": -324.07663065355666, "params": {"gamma": 4.9489359987414545, "prior": 5.332481552757894, "rate": 1.5086931993235537}, "datetime": {"datetime": "2024-06-14 05:06:41", "elapsed": 2.669098, "delta": 0.008976}}
{"target": -176.0064316071862, "params": {"gamma": 3.6946298561934507, "prior": 1.5079904054205882, "rate": 7.269210639692282}, "datetime": {"datetime": "2024-06-14 05:06:41", "elapsed": 2.678075, "delta": 0.008977}}
{"target": -219.59289441904417, "params": {"gamma": 4.770652931028231, "prior": 4.543900483396978, "rate": 8.860093713682348}, "datetime": {"datetime": "2024-06-14 05:06:41", "elapsed": 2.68705, "delta": 0.008975}}
{"target": -297.88117784916756, "params": {"gamma": 5.2766601043433035, "prior": 4.149999235976913, "rate": 2.6896513301042457}, "datetime": {"datetime": "2024-06-14 05:06:41", "elapsed": 2.696026, "delta": 0.008976}}
{"target": -156.95029967796427, "params": {"gamma": 0.7210483396625298, "prior": 4.239547723880626, "rate": 0.25850907058342715}, "datetime": {"datetime": "2024-06-14 05:06:41", "elapsed": 2.705002, "delta": 0.008976}}
{"target": -162.3605650791264, "params": {"gamma": 2.912248251583728, "prior": 5.084744147499125, "rate": 9.659364717132203}, "datetime": {"datetime": "2024-06-14 05:06:41", "elapsed": 2.713978, "delta": 0.008976}}
{"target": -134.15774355178863, "params": {"gamma": 1.0947197590216522, "prior": 6.7631064367445575, "rate": 4.999823778620901}, "datetime": {"datetime": "2024-06-14 05:06:41", "elapsed": 2.722954, "delta": 0.008976}}
{"target": -439.3018083203492, "params": {"gamma": 7.771205194528555, "prior": 1.521709278954672, "rate": 0.8329431617223197}, "datetime": {"datetime": "2024-06-14 05:06:41", "elapsed": 2.732012, "delta": 0.009058}}
{"target": -277.08328448848323, "params": {"gamma": 3.9927868349191855, "prior": 7.989926294601011, "rate": 1.917565713359991}, "datetime": {"datetime": "2024-06-14 05:06:41", "elapsed": 2.740988, "delta": 0.008976}}
{"target": -408.1673180861769, "params": {"gamma": 7.678004144280593, "prior": 2.9739501709124956, "rate": 2.1696979846303415}, "datetime": {"datetime": "2024-06-14 05:06:41", "elapsed": 2.749964, "delta": 0.008976}}
{"target": -137.03534300098272, "params": {"gamma": 0.1681391751809873, "prior": 4.046724693231549, "rate": 3.8114338314432303}, "datetime": {"datetime": "2024-06-14 05:06:41", "elapsed": 2.758918, "delta": 0.008954}}
{"target": -283.31711350578325, "params": {"gamma": 6.593790017017453, "prior": 0.8020921646568335, "rate": 1.5268872664356763}, "datetime": {"datetime": "2024-06-14 05:06:41", "elapsed": 2.766897, "delta": 0.007979}}
{"target": -132.5535912382382, "params": {"gamma": 0.16674225312644053, "prior": 1.2265839288293277, "rate": 6.518240970824895}, "datetime": {"datetime": "2024-06-14 05:06:41", "elapsed": 2.775873, "delta": 0.008976}}
{"target": -199.42788151277085, "params": {"gamma": 4.027165864897017, "prior": 3.278160510256427, "rate": 5.579562030443482}, "datetime": {"datetime": "2024-06-14 05:06:41", "elapsed": 2.784848, "delta": 0.008975}}
{"target": -504.63118726915724, "params": {"gamma": 9.9346111705354, "prior": 8.361416488778493, "rate": 6.99653220081344}, "datetime": {"datetime": "2024-06-14 05:06:41", "elapsed": 2.793824, "delta": 0.008976}}
{"target": -405.79868690458767, "params": {"gamma": 9.182667632731448, "prior": 0.4933141961625397, "rate": 0.7042640827136369}, "datetime": {"datetime": "2024-06-14 05:06:41", "elapsed": 2.8028, "delta": 0.008976}}
{"target": -210.27068553679632, "params": {"gamma": 4.740588893590559, "prior": 3.5567573882750656, "rate": 9.37258336922236}, "datetime": {"datetime": "2024-06-14 05:06:41", "elapsed": 2.811776, "delta": 0.008976}}
{"target": -230.39856374403604, "params": {"gamma": 4.896160046490541, "prior": 5.442526189924171, "rate": 8.952708396946477}, "datetime": {"datetime": "2024-06-14 05:06:41", "elapsed": 2.819755, "delta": 0.007979}}
{"target": -296.2082421475662, "params": {"gamma": 4.466903823191082, "prior": 8.782640453776484, "rate": 2.536563911966912}, "datetime": {"datetime": "2024-06-14 05:06:41", "elapsed": 2.828732, "delta": 0.008977}}
{"target": -160.1515002547144, "params": {"gamma": 2.7388232318769274, "prior": 3.3507777618671426, "rate": 5.476095140539054}, "datetime": {"datetime": "2024-06-14 05:06:41", "elapsed": 2.837707, "delta": 0.008975}}
{"target": -190.93733591049119, "params": {"gamma": 2.2020666115957854, "prior": 6.747148793704605, "rate": 1.4287900347472011}, "datetime": {"datetime": "2024-06-14 05:06:41", "elapsed": 2.846684, "delta": 0.008977}}
{"target": -145.8011636731587, "params": {"gamma": 0.9419086447218946, "prior": 8.714898287433238, "rate": 2.3694501668664283}, "datetime": {"datetime": "2024-06-14 05:06:41", "elapsed": 2.855659, "delta": 0.008975}}
{"target": -216.5060997041107, "params": {"gamma": 3.8606541062149327, "prior": 5.758266717980789, "rate": 5.258493897544749}, "datetime": {"datetime": "2024-06-14 05:06:41", "elapsed": 2.864636, "delta": 0.008977}}
{"target": -127.29510555405632, "params": {"gamma": 0.7611627705416266, "prior": 8.75384676242048, "rate": 9.511405048568502}, "datetime": {"datetime": "2024-06-14 05:06:41", "elapsed": 2.873611, "delta": 0.008975}}
{"target": -342.0871025308055, "params": {"gamma": 8.125260534442543, "prior": 2.9096381659740556, "rate": 5.278940114383477}, "datetime": {"datetime": "2024-06-14 05:06:41", "elapsed": 2.88159, "delta": 0.007979}}
{"target": -178.48715972135486, "params": {"gamma": 3.394827823452077, "prior": 5.5912063767979, "rate": 9.744060285661112}, "datetime": {"datetime": "2024-06-14 05:06:41", "elapsed": 2.890566, "delta": 0.008976}}
{"target": -208.40302110424415, "params": {"gamma": 3.1177174742720952, "prior": 6.72108639863641, "rate": 3.26034610588255}, "datetime": {"datetime": "2024-06-14 05:06:41", "elapsed": 2.899542, "delta": 0.008976}}
{"target": -305.4016656232868, "params": {"gamma": 7.744998182884782, "prior": 3.325518669470728, "rate": 8.898383587132303}, "datetime": {"datetime": "2024-06-14 05:06:41", "elapsed": 2.908504, "delta": 0.008962}}
{"target": -415.7711962072848, "params": {"gamma": 7.51732550147175, "prior": 7.650057744906595, "rate": 4.695320806570698}, "datetime": {"datetime": "2024-06-14 05:06:41", "elapsed": 2.917695, "delta": 0.009191}}
{"target": -136.20590135397836, "params": {"gamma": 2.108434260184585, "prior": 0.5106032878073389, "rate": 3.218966170902475}, "datetime": {"datetime": "2024-06-14 05:06:41", "elapsed": 2.925674, "delta": 0.007979}}
{"target": -131.75372508340126, "params": {"gamma": 0.3720895322754502, "prior": 6.969168572601607, "rate": 6.703829969329749}, "datetime": {"datetime": "2024-06-14 05:06:41", "elapsed": 2.93465, "delta": 0.008976}}
{"target": -247.86930855543292, "params": {"gamma": 4.305287355667006, "prior": 7.701110878815912, "rate": 5.360548938900898}, "datetime": {"datetime": "2024-06-14 05:06:41", "elapsed": 2.943655, "delta": 0.009005}}
{"target": -129.05764316563426, "params": {"gamma": 0.3995594064278903, "prior": 1.4344518678107228, "rate": 1.9349705737501688}, "datetime": {"datetime": "2024-06-14 05:06:41", "elapsed": 2.952602, "delta": 0.008947}}
{"target": -172.3435238074639, "params": {"gamma": 3.357302347845333, "prior": 0.6178981697310199, "rate": 6.051562688223163}, "datetime": {"datetime": "2024-06-14 05:06:41", "elapsed": 2.96058, "delta": 0.007978}}
{"target": -286.089875830945, "params": {"gamma": 5.121098214211664, "prior": 6.212864018969845, "rate": 4.324123592048677}, "datetime": {"datetime": "2024-06-14 05:06:41", "elapsed": 2.969556, "delta": 0.008976}}
{"target": -613.886929886086, "params": {"gamma": 8.47715698190614, "prior": 4.595184654985598, "rate": 0.15501979439941704}, "datetime": {"datetime": "2024-06-14 05:06:41", "elapsed": 2.978532, "delta": 0.008976}}
{"target": -401.60043249039546, "params": {"gamma": 8.730808416322548, "prior": 6.596395322666579, "rate": 8.23020740344406}, "datetime": {"datetime": "2024-06-14 05:06:41", "elapsed": 2.987509, "delta": 0.008977}}
{"target": -352.1930945401946, "params": {"gamma": 9.517805154645483, "prior": 0.6040325968171834, "rate": 2.3514835690460547}, "datetime": {"datetime": "2024-06-14 05:06:41", "elapsed": 2.996485, "delta": 0.008976}}
{"target": -122.82831948843513, "params": {"gamma": 0.6343710911199417, "prior": 4.274413071721264, "rate": 8.638427625869019}, "datetime": {"datetime": "2024-06-14 05:06:41", "elapsed": 3.00546, "delta": 0.008975}}
{"target": -144.195766572009, "params": {"gamma": 0.817158203167966, "prior": 4.783808333570197, "rate": 1.2563055549774276}, "datetime": {"datetime": "2024-06-14 05:06:41", "elapsed": 3.014437, "delta": 0.008977}}
{"target": -554.8379495117769, "params": {"gamma": 7.729083136069011, "prior": 8.43007935227885, "rate": 0.4338660909233998}, "datetime": {"datetime": "2024-06-14 05:06:41", "elapsed": 3.022415, "delta": 0.007978}}
{"target": -209.2280109791429, "params": {"gamma": 4.864920990960778, "prior": 2.470169336963784, "rate": 9.5247853431509}, "datetime": {"datetime": "2024-06-14 05:06:41", "elapsed": 3.031391, "delta": 0.008976}}
{"target": -405.39410887800767, "params": {"gamma": 9.438982385210178, "prior": 6.1779466236085385, "rate": 9.734900485854638}, "datetime": {"datetime": "2024-06-14 05:06:41", "elapsed": 3.040397, "delta": 0.009006}}
{"target": -223.6087368643028, "params": {"gamma": 3.4492685758187935, "prior": 8.98872210491005, "rate": 4.346515139111687}, "datetime": {"datetime": "2024-06-14 05:06:41", "elapsed": 3.048949, "delta": 0.008552}}
{"target": -166.62124578557757, "params": {"gamma": 2.35891055683799, "prior": 9.414196835693854, "rate": 6.842496291781293}, "datetime": {"datetime": "2024-06-14 05:06:41", "elapsed": 3.057925, "delta": 0.008976}}
{"target": -130.40202423116688, "params": {"gamma": 0.6500509418059542, "prior": 8.717206082548355, "rate": 7.01410156603883}, "datetime": {"datetime": "2024-06-14 05:06:41", "elapsed": 3.066901, "delta": 0.008976}}
{"target": -376.8110153775343, "params": {"gamma": 6.049663802869843, "prior": 7.350511501875372, "rate": 2.535136985955308}, "datetime": {"datetime": "2024-06-14 05:06:41", "elapsed": 3.075877, "delta": 0.008976}}
{"target": -437.9735577062824, "params": {"gamma": 6.00528906379017, "prior": 8.164729894490387, "rate": 0.542082489579675}, "datetime": {"datetime": "2024-06-14 05:06:41", "elapsed": 3.084853, "delta": 0.008976}}
{"target": -137.69458768861844, "params": {"gamma": 1.3059762027213204, "prior": 8.440213518568495, "rate": 6.183840347409528}, "datetime": {"datetime": "2024-06-14 05:06:41", "elapsed": 3.09341, "delta": 0.008557}}
{"target": -264.39300729185896, "params": {"gamma": 5.3133468170001, "prior": 2.558078217071276, "rate": 2.9514906739197095}, "datetime": {"datetime": "2024-06-14 05:06:41", "elapsed": 3.102386, "delta": 0.008976}}
{"target": -582.1335768289924, "params": {"gamma": 8.726988963029699, "prior": 4.274492755012122, "rate": 0.6452381255404884}, "datetime": {"datetime": "2024-06-14 05:06:41", "elapsed": 3.110364, "delta": 0.007978}}
{"target": -334.8310585172873, "params": {"gamma": 8.969953710006317, "prior": 2.1134702449581058, "rate": 8.262449127388422}, "datetime": {"datetime": "2024-06-14 05:06:41", "elapsed": 3.11934, "delta": 0.008976}}
{"target": -408.064595122946, "params": {"gamma": 8.81782446020499, "prior": 4.918832373701547, "rate": 5.98504846635326}, "datetime": {"datetime": "2024-06-14 05:06:41", "elapsed": 3.128316, "delta": 0.008976}}
{"target": -253.49765127637764, "params": {"gamma": 5.273147297397685, "prior": 6.28573081243644, "rate": 8.550562171752167}, "datetime": {"datetime": "2024-06-14 05:06:41", "elapsed": 3.137293, "delta": 0.008977}}
{"target": -187.07626971547342, "params": {"gamma": 2.8221123446002014, "prior": 8.849179530987948, "rate": 5.677335610861374}, "datetime": {"datetime": "2024-06-14 05:06:41", "elapsed": 3.1453, "delta": 0.008007}}
{"target": -121.87372711284199, "params": {"gamma": 1.151915306628067, "prior": 2.347311535625114, "rate": 5.960227873744525}, "datetime": {"datetime": "2024-06-14 05:06:41", "elapsed": 3.154246, "delta": 0.008946}}
{"target": -157.08987504420602, "params": {"gamma": 2.395222922809899, "prior": 1.4010150393208598, "rate": 1.6193152935242277}, "datetime": {"datetime": "2024-06-14 05:06:41", "elapsed": 3.163223, "delta": 0.008977}}
{"target": -365.6526826027324, "params": {"gamma": 8.448880309839154, "prior": 6.061618173537837, "rate": 9.635707304796231}, "datetime": {"datetime": "2024-06-14 05:06:41", "elapsed": 3.172199, "delta": 0.008976}}
{"target": -197.29422468553346, "params": {"gamma": 3.4574464537469587, "prior": 5.996688471536002, "rate": 5.9902539044452245}, "datetime": {"datetime": "2024-06-14 05:06:41", "elapsed": 3.181205, "delta": 0.009006}}
{"target": -264.2359241122215, "params": {"gamma": 6.157427167752284, "prior": 0.6858543511386517, "rate": 7.503421528562285}, "datetime": {"datetime": "2024-06-14 05:06:41", "elapsed": 3.190151, "delta": 0.008946}}
{"target": -573.1252510668025, "params": {"gamma": 9.482146772378064, "prior": 5.393322666077928, "rate": 1.926367653529729}, "datetime": {"datetime": "2024-06-14 05:06:41", "elapsed": 3.19813, "delta": 0.007979}}
{"target": -329.18425057560427, "params": {"gamma": 7.529506223884443, "prior": 0.17245779634585162, "rate": 3.2832327804041577}, "datetime": {"datetime": "2024-06-14 05:06:41", "elapsed": 3.207106, "delta": 0.008976}}
{"target": -404.3336412814017, "params": {"gamma": 9.176145870096288, "prior": 5.92483659564938, "rate": 8.55204764875745}, "datetime": {"datetime": "2024-06-14 05:06:41", "elapsed": 3.216082, "delta": 0.008976}}
{"target": -300.2525446939811, "params": {"gamma": 6.047115851439529, "prior": 8.243523709986324, "rate": 8.79495575076974}, "datetime": {"datetime": "2024-06-14 05:06:41", "elapsed": 3.225058, "delta": 0.008976}}
{"target": -163.33416781762813, "params": {"gamma": 3.210542758870008, "prior": 1.3172522383665672, "rate": 7.213312138521522}, "datetime": {"datetime": "2024-06-14 05:06:41", "elapsed": 3.233808, "delta": 0.00875}}
{"target": -195.746104697072, "params": {"gamma": 4.404030521225552, "prior": 1.3546835205058854, "rate": 5.898646657450783}, "datetime": {"datetime": "2024-06-14 05:06:41", "elapsed": 3.242784, "delta": 0.008976}}
{"target": -125.09540344210379, "params": {"gamma": 0.36164707738402946, "prior": 2.0818029524687707, "rate": 7.883223595490022}, "datetime": {"datetime": "2024-06-14 05:06:41", "elapsed": 3.250762, "delta": 0.007978}}
{"target": -144.74041191963872, "params": {"gamma": 0.12195550339356331, "prior": 3.1031221499148343, "rate": 0.2147382349196191}, "datetime": {"datetime": "2024-06-14 05:06:41", "elapsed": 3.259738, "delta": 0.008976}}
{"target": -568.2600363292422, "params": {"gamma": 9.974852442290567, "prior": 5.862096765800271, "rate": 2.93446940858208}, "datetime": {"datetime": "2024-06-14 05:06:41", "elapsed": 3.268714, "delta": 0.008976}}
{"target": -466.02620913226633, "params": {"gamma": 9.289565669469264, "prior": 5.120482293127225, "rate": 4.547467583296517}, "datetime": {"datetime": "2024-06-14 05:06:41", "elapsed": 3.277691, "delta": 0.008977}}
{"target": -289.4535810463768, "params": {"gamma": 5.879127191455569, "prior": 2.7149626776846394, "rate": 3.0535777051749857}, "datetime": {"datetime": "2024-06-14 05:06:41", "elapsed": 3.286667, "delta": 0.008976}}
{"target": -182.0928858902448, "params": {"gamma": 3.7171741126651003, "prior": 2.520035193778948, "rate": 5.845888113900182}, "datetime": {"datetime": "2024-06-14 05:06:41", "elapsed": 3.295642, "delta": 0.008975}}
{"target": -294.2770878950218, "params": {"gamma": 6.958765493189333, "prior": 0.8122774796236112, "rate": 9.710862112935013}, "datetime": {"datetime": "2024-06-14 05:06:41", "elapsed": 3.303621, "delta": 0.007979}}
{"target": -378.06579687730795, "params": {"gamma": 7.53095348803868, "prior": 8.081015313238742, "rate": 7.516652400408825}, "datetime": {"datetime": "2024-06-14 05:06:41", "elapsed": 3.312597, "delta": 0.008976}}
{"target": -129.1040940551324, "params": {"gamma": 0.8015297117349018, "prior": 4.868793201909653, "rate": 4.457283891060159}, "datetime": {"datetime": "2024-06-14 05:06:41", "elapsed": 3.321573, "delta": 0.008976}}
{"target": -301.0718992885302, "params": {"gamma": 6.725054032598774, "prior": 4.5424988623607865, "rate": 7.043429670440712}, "datetime": {"datetime": "2024-06-14 05:06:41", "elapsed": 3.330549, "delta": 0.008976}}
{"target": -349.41600730920845, "params": {"gamma": 6.816771730688627, "prior": 7.001770434652286, "rate": 6.186388824872803}, "datetime": {"datetime": "2024-06-14 05:06:41", "elapsed": 3.339525, "delta": 0.008976}}
{"target": -136.5779176888546, "params": {"gamma": 1.5106563520631782, "prior": 7.631944317426985, "rate": 7.810677176117377}, "datetime": {"datetime": "2024-06-14 05:06:41", "elapsed": 3.348502, "delta": 0.008977}}
{"target": -476.29433042142404, "params": {"gamma": 9.041125756152136, "prior": 2.414310056780649, "rate": 1.7676122518303419}, "datetime": {"datetime": "2024-06-14 05:06:41", "elapsed": 3.357507, "delta": 0.009005}}
{"target": -186.51656908504538, "params": {"gamma": 3.9116001319445175, "prior": 3.2735900745520863, "rate": 8.154953813127257}, "datetime": {"datetime": "2024-06-14 05:06:41", "elapsed": 3.366454, "delta": 0.008947}}
{"target": -350.76108896852867, "params": {"gamma": 6.135645470784649, "prior": 7.624017348262513, "rate": 4.277223331869946}, "datetime": {"datetime": "2024-06-14 05:06:41", "elapsed": 3.375429, "delta": 0.008975}}
{"target": -119.74572207241972, "params": {"gamma": 0.9953061885929767, "prior": 1.238846619297438, "rate": 3.734697910240216}, "datetime": {"datetime": "2024-06-14 05:06:41", "elapsed": 3.384405, "delta": 0.008976}}
{"target": -153.22055716699782, "params": {"gamma": 1.939283827327562, "prior": 8.225390336367088, "rate": 5.996760448228745}, "datetime": {"datetime": "2024-06-14 05:06:41", "elapsed": 3.392384, "delta": 0.007979}}
{"target": -460.08400685245084, "params": {"gamma": 6.888763744927632, "prior": 4.9619886169125325, "rate": 0.8826486387405684}, "datetime": {"datetime": "2024-06-14 05:06:41", "elapsed": 3.40136, "delta": 0.008976}}
{"target": -180.02195474056163, "params": {"gamma": 2.351541289225017, "prior": 4.669860600827058, "rate": 1.9867164390362086}, "datetime": {"datetime": "2024-06-14 05:06:41", "elapsed": 3.410336, "delta": 0.008976}}
{"target": -134.24063086823563, "params": {"gamma": 0.2557368815524242, "prior": 7.321037212735911, "rate": 7.249442555443973}, "datetime": {"datetime": "2024-06-14 05:06:41", "elapsed": 3.419312, "delta": 0.008976}}
{"target": -215.25600178708245, "params": {"gamma": 3.304587071870666, "prior": 8.45059184803019, "rate": 4.284996317034784}, "datetime": {"datetime": "2024-06-14 05:06:41", "elapsed": 3.428288, "delta": 0.008976}}
{"target": -436.3651190118961, "params": {"gamma": 8.64699676149058, "prior": 6.604947703766606, "rate": 5.810775538523484}, "datetime": {"datetime": "2024-06-14 05:06:41", "elapsed": 3.437265, "delta": 0.008977}}
{"target": -140.48191545015115, "params": {"gamma": 2.008074152862875, "prior": 5.342511443736109, "rate": 8.944429751857296}, "datetime": {"datetime": "2024-06-14 05:06:41", "elapsed": 3.446273, "delta": 0.009008}}
{"target": -181.07230401979447, "params": {"gamma": 3.0506347643763254, "prior": 8.722361530694428, "rate": 9.087543983311022}, "datetime": {"datetime": "2024-06-14 05:06:41", "elapsed": 3.455216, "delta": 0.008943}}
{"target": -182.96644200424518, "params": {"gamma": 3.2991157822561417, "prior": 6.862436226731985, "rate": 8.992310274710121}, "datetime": {"datetime": "2024-06-14 05:06:41", "elapsed": 3.463195, "delta": 0.007979}}
{"target": -145.5726745319835, "params": {"gamma": 0.7578931207012753, "prior": 8.798019845727227, "rate": 1.9092027933215376}, "datetime": {"datetime": "2024-06-14 05:06:41", "elapsed": 3.47217, "delta": 0.008975}}
{"target": -484.42932464351145, "params": {"gamma": 8.497839331269288, "prior": 6.704476008122119, "rate": 3.4440476153050885}, "datetime": {"datetime": "2024-06-14 05:06:41", "elapsed": 3.481147, "delta": 0.008977}}
{"target": -133.03389475856582, "params": {"gamma": 1.5146043243579972, "prior": 6.390172518735689, "rate": 8.478032649103701}, "datetime": {"datetime": "2024-06-14 05:06:41", "elapsed": 3.490122, "delta": 0.008975}}
{"target": -361.17331725541777, "params": {"gamma": 8.218671898265342, "prior": 6.319572011593512, "rate": 9.563058796042565}, "datetime": {"datetime": "2024-06-14 05:06:41", "elapsed": 3.499099, "delta": 0.008977}}
{"target": -254.77140954480194, "params": {"gamma": 5.899641347630623, "prior": 2.058544568014401, "rate": 4.293877895442307}, "datetime": {"datetime": "2024-06-14 05:06:41", "elapsed": 3.507077, "delta": 0.007978}}
{"target": -228.09949452988113, "params": {"gamma": 3.3681232410129716, "prior": 9.920255617882082, "rate": 3.8029847246765303}, "datetime": {"datetime": "2024-06-14 05:06:41", "elapsed": 3.516053, "delta": 0.008976}}
{"target": -606.3021883272513, "params": {"gamma": 9.927016035774514, "prior": 5.2361620822608, "rate": 1.7236247350697775}, "datetime": {"datetime": "2024-06-14 05:06:41", "elapsed": 3.525029, "delta": 0.008976}}
