{"target": -871.5013235990106, "params": {"gamma": 5.131976926404618, "lr": 0.42942202968065213}, "datetime": {"datetime": "2024-06-13 17:05:05", "elapsed": 8.250852, "delta": 0.004986}}
{"target": -190.81279611831076, "params": {"gamma": 0.9168564269132811, "lr": 0.27367730380496647}, "datetime": {"datetime": "2024-06-13 17:05:05", "elapsed": 8.255347, "delta": 0.004495}}
{"target": -1500.5903918903578, "params": {"gamma": 8.866591497643999, "lr": 0.2459443412735529}, "datetime": {"datetime": "2024-06-13 17:05:05", "elapsed": 8.260334, "delta": 0.004987}}
{"target": -1044.3703836329303, "params": {"gamma": 6.212272679321877, "lr": 0.49500739584280073}, "datetime": {"datetime": "2024-06-13 17:05:05", "elapsed": 8.265321, "delta": 0.004987}}
{"target": -260.09674061868736, "params": {"gamma": 0.9446309868062094, "lr": 0.8993685313928761}, "datetime": {"datetime": "2024-06-13 17:05:05", "elapsed": 8.270339, "delta": 0.005018}}
{"target": -195.6831473565816, "params": {"gamma": 0.6786405537486796, "lr": 0.680702325466581}, "datetime": {"datetime": "2024-06-13 17:05:05", "elapsed": 8.274297, "delta": 0.003958}}
{"target": -2102.9812724247845, "params": {"gamma": 9.720009401703859, "lr": 0.709373790820744}, "datetime": {"datetime": "2024-06-13 17:05:05", "elapsed": 8.279284, "delta": 0.004987}}
{"target": -1286.4528174557129, "params": {"gamma": 3.2597612958632975, "lr": 0.07344016636799866}, "datetime": {"datetime": "2024-06-13 17:05:05", "elapsed": 8.284271, "delta": 0.004987}}
{"target": -1279.8807900325126, "params": {"gamma": 5.797790733426387, "lr": 0.7335170182530933}, "datetime": {"datetime": "2024-06-13 17:05:05", "elapsed": 8.289257, "delta": 0.004986}}
{"target": -452.1600966165173, "params": {"gamma": 1.7569187206082415, "lr": 0.9997537973236718}, "datetime": {"datetime": "2024-06-13 17:05:32", "elapsed": 35.105513, "delta": 26.816256}}
{"target": -178.46710633925167, "params": {"gamma": 0.5377099991436616, "lr": 0.8480245360431088}, "datetime": {"datetime": "2024-06-13 17:05:59", "elapsed": 62.402455, "delta": 27.296942}}
{"target": -146.94720227870866, "params": {"gamma": 0.001, "lr": 0.0}, "datetime": {"datetime": "2024-06-13 17:06:15", "elapsed": 78.297051, "delta": 15.894596}}
{"target": -146.94720227870866, "params": {"gamma": 0.5897798235771043, "lr": 0.0}, "datetime": {"datetime": "2024-06-13 17:07:04", "elapsed": 127.53896, "delta": 49.241909}}
{"target": -259.9199718127189, "params": {"gamma": 0.9156465714559776, "lr": 0.9953608477625427}, "datetime": {"datetime": "2024-06-13 17:07:19", "elapsed": 142.708189, "delta": 15.169229}}
{"target": -145.8469071196392, "params": {"gamma": 0.011592683091553226, "lr": 0.9114614297590502}, "datetime": {"datetime": "2024-06-13 17:07:47", "elapsed": 170.150486, "delta": 27.442297}}
{"target": -142.32092444196883, "params": {"gamma": 0.06233187185474814, "lr": 0.9502695787446328}, "datetime": {"datetime": "2024-06-13 17:08:10", "elapsed": 193.114929, "delta": 22.964443}}
{"target": -424.2039391642714, "params": {"gamma": 1.6380465426115112, "lr": 0.9989729317783835}, "datetime": {"datetime": "2024-06-13 17:08:47", "elapsed": 229.99323, "delta": 36.878301}}
{"target": -1204.9902556500233, "params": {"gamma": 5.532459911594318, "lr": 0.7020481994531945}, "datetime": {"datetime": "2024-06-13 17:08:56", "elapsed": 239.836785, "delta": 9.843555}}
{"target": -283.21422068405644, "params": {"gamma": 1.4853000029868202, "lr": 0.4066836824442297}, "datetime": {"datetime": "2024-06-13 17:09:06", "elapsed": 249.145416, "delta": 9.308631}}
{"target": -177.84608378955943, "params": {"gamma": 0.6124666171426212, "lr": 0.6229771796683728}, "datetime": {"datetime": "2024-06-13 17:09:46", "elapsed": 289.035706, "delta": 39.89029}}
{"target": -174.91003438397553, "params": {"gamma": 0.5387136518463909, "lr": 0.6820040167385889}, "datetime": {"datetime": "2024-06-13 17:10:13", "elapsed": 316.174369, "delta": 27.138663}}
{"target": -210.04817014366154, "params": {"gamma": 0.7668525214244757, "lr": 0.6984550291447513}, "datetime": {"datetime": "2024-06-13 17:10:39", "elapsed": 342.227993, "delta": 26.053624}}
{"target": -168.0058264813712, "params": {"gamma": 0.47105176433097984, "lr": 0.8291769454407878}, "datetime": {"datetime": "2024-06-13 17:10:57", "elapsed": 359.966259, "delta": 17.738266}}
{"target": -146.7500955491706, "params": {"gamma": 0.008995019879008085, "lr": 0.1292669243717537}, "datetime": {"datetime": "2024-06-13 17:11:13", "elapsed": 376.28636, "delta": 16.320101}}
{"target": -170.3230359408684, "params": {"gamma": 0.5080653043024984, "lr": 0.7723210268276243}, "datetime": {"datetime": "2024-06-13 17:11:55", "elapsed": 418.094885, "delta": 41.808525}}
{"target": -280.2595827271637, "params": {"gamma": 1.0090180649222638, "lr": 0.9878901436675217}, "datetime": {"datetime": "2024-06-13 17:12:17", "elapsed": 440.350416, "delta": 22.255531}}
{"target": -152.9922264429886, "params": {"gamma": 0.3226633919860215, "lr": 0.9975215898254293}, "datetime": {"datetime": "2024-06-13 17:12:46", "elapsed": 469.42021, "delta": 29.069794}}
{"target": -514.8209017135364, "params": {"gamma": 2.195616609602122, "lr": 0.832826239704753}, "datetime": {"datetime": "2024-06-13 17:12:55", "elapsed": 478.265284, "delta": 8.845074}}
{"target": -146.94720227870866, "params": {"gamma": 0.7688798362797621, "lr": 0.0}, "datetime": {"datetime": "2024-06-13 17:13:14", "elapsed": 497.030163, "delta": 18.764879}}
{"target": -186.99312341940677, "params": {"gamma": 0.5508912766490873, "lr": 0.9911074634786285}, "datetime": {"datetime": "2024-06-13 17:13:39", "elapsed": 522.326937, "delta": 25.296774}}
{"target": -146.94720227870866, "params": {"gamma": 0.09058179907879016, "lr": 0.0}, "datetime": {"datetime": "2024-06-13 17:14:19", "elapsed": 562.726908, "delta": 40.399971}}
{"target": -142.7782051222228, "params": {"gamma": 0.05355042073104355, "lr": 0.9963264055807773}, "datetime": {"datetime": "2024-06-13 17:14:36", "elapsed": 579.808809, "delta": 17.081901}}
{"target": -782.2031693302272, "params": {"gamma": 4.614963540072418, "lr": 0.487979895010642}, "datetime": {"datetime": "2024-06-13 17:14:45", "elapsed": 588.758563, "delta": 8.949754}}
{"target": -202.29142615151582, "params": {"gamma": 0.9156904868650046, "lr": 0.4789278865540533}, "datetime": {"datetime": "2024-06-13 17:15:16", "elapsed": 619.654858, "delta": 30.896295}}
