{"target": -187.80533449808578, "params": {"gamma": 1.6165788245210426, "prior": 6.524924004221608, "rate": 7.53350473313803}, "datetime": {"datetime": "2024-06-14 11:40:43", "elapsed": 6.346306, "delta": 0.01}}
{"target": -280.3495095131242, "params": {"gamma": 2.8026461610955637, "prior": 4.5684824262007755, "rate": 9.004588674948266}, "datetime": {"datetime": "2024-06-14 11:40:43", "elapsed": 6.358245, "delta": 0.011939}}
{"target": -431.72578670254086, "params": {"gamma": 8.719984326277993, "prior": 7.1011573368634044, "rate": 5.909415094304578}, "datetime": {"datetime": "2024-06-14 11:40:43", "elapsed": 6.36776, "delta": 0.009515}}
{"target": -335.73412513203414, "params": {"gamma": 8.174005321700859, "prior": 9.085681996388406, "rate": 0.026073089119563617}, "datetime": {"datetime": "2024-06-14 11:40:43", "elapsed": 6.376736, "delta": 0.008976}}
{"target": -291.91834028414985, "params": {"gamma": 3.972880434571384, "prior": 5.657955868812967, "rate": 7.339497439712482}, "datetime": {"datetime": "2024-06-14 11:40:43", "elapsed": 6.386912, "delta": 0.010176}}
{"target": -154.58078507245767, "params": {"gamma": 0.8756401490882502, "prior": 4.057574378040559, "rate": 2.796932173319039}, "datetime": {"datetime": "2024-06-14 11:40:43", "elapsed": 6.395921, "delta": 0.009009}}
{"target": -304.82504921481245, "params": {"gamma": 4.235677020998725, "prior": 5.029988463465554, "rate": 6.600492220036985}, "datetime": {"datetime": "2024-06-14 11:40:43", "elapsed": 6.404865, "delta": 0.008944}}
{"target": -295.8654897105003, "params": {"gamma": 4.962865153563822, "prior": 6.242635185991386, "rate": 5.824816179030337}, "datetime": {"datetime": "2024-06-14 11:40:43", "elapsed": 6.414382, "delta": 0.009517}}
{"target": -630.5825776252634, "params": {"gamma": 4.2838956479905255, "prior": 0.1492660106415274, "rate": 1.9459696221821587}, "datetime": {"datetime": "2024-06-14 11:40:43", "elapsed": 6.423359, "delta": 0.008977}}
{"target": -382.96484061928055, "params": {"gamma": 3.2027463362086017, "prior": 1.55508344596382, "rate": 5.987040152182751}, "datetime": {"datetime": "2024-06-14 11:40:43", "elapsed": 6.432335, "delta": 0.008976}}
{"target": -308.71885057216764, "params": {"gamma": 6.115383267119364, "prior": 5.050923270009602, "rate": 3.2091681671070447}, "datetime": {"datetime": "2024-06-14 11:40:43", "elapsed": 6.44131, "delta": 0.008975}}
{"target": -280.28471911852273, "params": {"gamma": 6.53292726219252, "prior": 1.983806478522533, "rate": 0.05980393346483768}, "datetime": {"datetime": "2024-06-14 11:40:43", "elapsed": 6.451284, "delta": 0.009974}}
{"target": -485.26969457370615, "params": {"gamma": 7.3496852448209316, "prior": 4.490688034848957, "rate": 6.978718718842435}, "datetime": {"datetime": "2024-06-14 11:40:43", "elapsed": 6.460261, "delta": 0.008977}}
{"target": -286.63307572607005, "params": {"gamma": 1.851248453020123, "prior": 0.7199360396407632, "rate": 3.78170775924343}, "datetime": {"datetime": "2024-06-14 11:40:43", "elapsed": 6.470233, "delta": 0.009972}}
{"target": -495.9740609837572, "params": {"gamma": 6.960269107944495, "prior": 1.1179018377977268, "rate": 1.959146502516249}, "datetime": {"datetime": "2024-06-14 11:40:43", "elapsed": 6.47943, "delta": 0.009197}}
{"target": -306.8330912956215, "params": {"gamma": 4.540072551414793, "prior": 6.249376977967096, "rate": 7.501492356441782}, "datetime": {"datetime": "2024-06-14 11:40:43", "elapsed": 6.488406, "delta": 0.008976}}
{"target": -156.16808659371864, "params": {"gamma": 1.0982404778352803, "prior": 6.283773710840847, "rate": 3.8742178609226636}, "datetime": {"datetime": "2024-06-14 11:40:43", "elapsed": 6.497382, "delta": 0.008976}}
{"target": -578.2757281598475, "params": {"gamma": 6.701233597109323, "prior": 2.115247738852826, "rate": 5.2796600565097815}, "datetime": {"datetime": "2024-06-14 11:40:43", "elapsed": 6.506383, "delta": 0.009001}}
{"target": -316.9619397394686, "params": {"gamma": 1.722453387004371, "prior": 0.2849419593641159, "rate": 4.870015513993148}, "datetime": {"datetime": "2024-06-14 11:40:43", "elapsed": 6.515359, "delta": 0.008976}}
{"target": -181.2717707781909, "params": {"gamma": 1.8425935878323698, "prior": 6.4195989670335365, "rate": 5.366211618584989}, "datetime": {"datetime": "2024-06-14 11:40:43", "elapsed": 6.525332, "delta": 0.009973}}
{"target": -652.6618314406753, "params": {"gamma": 7.74967885459746, "prior": 3.990303036078612, "rate": 9.894531856231692}, "datetime": {"datetime": "2024-06-14 11:40:43", "elapsed": 6.534308, "delta": 0.008976}}
{"target": -372.72312700369946, "params": {"gamma": 5.152631746924576, "prior": 4.84035167173617, "rate": 7.494675265050945}, "datetime": {"datetime": "2024-06-14 11:40:43", "elapsed": 6.543284, "delta": 0.008976}}
{"target": -373.1763311252422, "params": {"gamma": 5.727310244630862, "prior": 3.6884066412702516, "rate": 4.892958609815962}, "datetime": {"datetime": "2024-06-14 11:40:43", "elapsed": 6.55226, "delta": 0.008976}}
{"target": -153.15432735758992, "params": {"gamma": 1.8921946110135588, "prior": 3.9964758015389337, "rate": 0.30058756348796134}, "datetime": {"datetime": "2024-06-14 11:40:43", "elapsed": 6.560888, "delta": 0.008628}}
{"target": -377.6259306046331, "params": {"gamma": 4.625828074361687, "prior": 2.8172937167553513, "rate": 5.267631887725799}, "datetime": {"datetime": "2024-06-14 11:40:43", "elapsed": 6.570861, "delta": 0.009973}}
{"target": -147.4424038020017, "params": {"gamma": 0.2936919419097222, "prior": 5.595358988569528, "rate": 2.9306858383999437}, "datetime": {"datetime": "2024-06-14 11:40:43", "elapsed": 6.579837, "delta": 0.008976}}
{"target": -292.7776824838474, "params": {"gamma": 5.775329319454461, "prior": 7.35442154728753, "rate": 4.403937930137581}, "datetime": {"datetime": "2024-06-14 11:40:43", "elapsed": 6.588814, "delta": 0.008977}}
{"target": -708.3548010695216, "params": {"gamma": 6.6319050719967745, "prior": 2.4652085532150996, "rate": 9.985992286776213}, "datetime": {"datetime": "2024-06-14 11:40:43", "elapsed": 6.598787, "delta": 0.009973}}
{"target": -165.19370071353086, "params": {"gamma": 2.4295423376760557, "prior": 9.414201302377094, "rate": 2.1729802841597885}, "datetime": {"datetime": "2024-06-14 11:40:43", "elapsed": 6.607469, "delta": 0.008682}}
{"target": -289.9928477105867, "params": {"gamma": 4.97614628166607, "prior": 8.229651952438084, "rate": 7.166163879900548}, "datetime": {"datetime": "2024-06-14 11:40:43", "elapsed": 6.616445, "delta": 0.008976}}
{"target": -491.7997990311952, "params": {"gamma": 7.05609854079457, "prior": 4.460361543759608, "rate": 7.541996079526139}, "datetime": {"datetime": "2024-06-14 11:40:43", "elapsed": 6.626419, "delta": 0.009974}}
{"target": -505.2447705455671, "params": {"gamma": 9.199615816571573, "prior": 4.469382278626795, "rate": 5.2801268760628535}, "datetime": {"datetime": "2024-06-14 11:40:43", "elapsed": 6.635396, "delta": 0.008977}}
{"target": -158.78592885649473, "params": {"gamma": 0.6612898045823568, "prior": 3.968653429339858, "rate": 4.672918424766126}, "datetime": {"datetime": "2024-06-14 11:40:43", "elapsed": 6.644372, "delta": 0.008976}}
{"target": -1073.1860063238075, "params": {"gamma": 8.951481970324929, "prior": 1.1945186585288683, "rate": 7.311644894386467}, "datetime": {"datetime": "2024-06-14 11:40:43", "elapsed": 6.654344, "delta": 0.009972}}
{"target": -246.12990817170785, "params": {"gamma": 5.455166214318647, "prior": 6.10470076211378, "rate": 0.2987996583514733}, "datetime": {"datetime": "2024-06-14 11:40:43", "elapsed": 6.66332, "delta": 0.008976}}
{"target": -147.64920372273733, "params": {"gamma": 1.4683270502280348, "prior": 2.911433932115233, "rate": 0.04971560748810713}, "datetime": {"datetime": "2024-06-14 11:40:43", "elapsed": 6.673294, "delta": 0.009974}}
{"target": -329.5377824209611, "params": {"gamma": 6.6919088201735715, "prior": 8.715553694333723, "rate": 5.470136124403138}, "datetime": {"datetime": "2024-06-14 11:40:43", "elapsed": 6.68227, "delta": 0.008976}}
{"target": -270.5782460610916, "params": {"gamma": 5.432097311144519, "prior": 6.195686693269069, "rate": 3.022512822657626}, "datetime": {"datetime": "2024-06-14 11:40:43", "elapsed": 6.691245, "delta": 0.008975}}
{"target": -286.9317490883304, "params": {"gamma": 3.6679530846277557, "prior": 5.7919033000498885, "rate": 8.092356620589728}, "datetime": {"datetime": "2024-06-14 11:40:43", "elapsed": 6.701219, "delta": 0.009974}}
{"target": -244.41093782977273, "params": {"gamma": 2.016764747447303, "prior": 3.3424881528980626, "rate": 7.429469582646582}, "datetime": {"datetime": "2024-06-14 11:40:43", "elapsed": 6.710195, "delta": 0.008976}}
{"target": -357.46709173181426, "params": {"gamma": 3.4098615710742886, "prior": 0.5713481941948949, "rate": 1.5644129298338398}, "datetime": {"datetime": "2024-06-14 11:40:43", "elapsed": 6.719171, "delta": 0.008976}}
{"target": -204.6821339173778, "params": {"gamma": 1.9394547317358086, "prior": 5.001612389355664, "rate": 6.351614485952291}, "datetime": {"datetime": "2024-06-14 11:40:43", "elapsed": 6.728147, "delta": 0.008976}}
{"target": -378.45015349459106, "params": {"gamma": 8.802319552208612, "prior": 9.035111908580227, "rate": 3.072300524082465}, "datetime": {"datetime": "2024-06-14 11:40:43", "elapsed": 6.737123, "delta": 0.008976}}
{"target": -447.0986416309891, "params": {"gamma": 7.534047351182733, "prior": 2.896037502533829, "rate": 3.686400120782994}, "datetime": {"datetime": "2024-06-14 11:40:43", "elapsed": 6.747096, "delta": 0.009973}}
{"target": -192.21540846787354, "params": {"gamma": 2.927972894369209, "prior": 4.195538288371103, "rate": 2.147942240988137}, "datetime": {"datetime": "2024-06-14 11:40:43", "elapsed": 6.756072, "delta": 0.008976}}
{"target": -448.63522244009516, "params": {"gamma": 3.1905410786954205, "prior": 1.3070061575118679, "rate": 9.63021937771575}, "datetime": {"datetime": "2024-06-14 11:40:43", "elapsed": 6.765048, "delta": 0.008976}}
{"target": -286.05481033167877, "params": {"gamma": 5.04032611097843, "prior": 9.238696757627771, "rate": 7.461855247593438}, "datetime": {"datetime": "2024-06-14 11:40:43", "elapsed": 6.774024, "delta": 0.008976}}
{"target": -271.34880229304207, "params": {"gamma": 4.577595171516512, "prior": 7.570760030550504, "rate": 6.280602762990652}, "datetime": {"datetime": "2024-06-14 11:40:43", "elapsed": 6.784229, "delta": 0.010205}}
{"target": -255.4789738690903, "params": {"gamma": 3.0382805830845347, "prior": 5.264427202791391, "rate": 7.123409644278645}, "datetime": {"datetime": "2024-06-14 11:40:43", "elapsed": 6.792929, "delta": 0.0087}}
{"target": -467.5221425930346, "params": {"gamma": 3.0538300009516193, "prior": 0.22397608517608533, "rate": 2.6833600285302275}, "datetime": {"datetime": "2024-06-14 11:40:43", "elapsed": 6.802903, "delta": 0.009974}}
{"target": -383.27686515916605, "params": {"gamma": 7.967658010425252, "prior": 9.306931580738663, "rate": 6.2536862178776484}, "datetime": {"datetime": "2024-06-14 11:40:43", "elapsed": 6.811879, "delta": 0.008976}}
{"target": -162.75042655762022, "params": {"gamma": 1.3289420383195298, "prior": 7.59994655654947, "rate": 5.269526555127393}, "datetime": {"datetime": "2024-06-14 11:40:43", "elapsed": 6.820854, "delta": 0.008975}}
{"target": -420.38400632981495, "params": {"gamma": 7.538936847140509, "prior": 8.600255860393125, "rate": 9.475467969467141}, "datetime": {"datetime": "2024-06-14 11:40:43", "elapsed": 6.829831, "delta": 0.008977}}
{"target": -349.48098710242544, "params": {"gamma": 6.545720808693693, "prior": 8.557156277442202, "rate": 7.426137988907772}, "datetime": {"datetime": "2024-06-14 11:40:43", "elapsed": 6.838807, "delta": 0.008976}}
{"target": -404.9812238036273, "params": {"gamma": 7.271284782848366, "prior": 8.60202848704295, "rate": 9.2301074044959}, "datetime": {"datetime": "2024-06-14 11:40:43", "elapsed": 6.84878, "delta": 0.009973}}
{"target": -369.2215471398794, "params": {"gamma": 9.020857939246921, "prior": 4.017927589495288, "rate": 0.8411287767074533}, "datetime": {"datetime": "2024-06-14 11:40:43", "elapsed": 6.857756, "delta": 0.008976}}
{"target": -436.55785664544646, "params": {"gamma": 8.295907610863033, "prior": 5.43542237774558, "rate": 5.421219471236491}, "datetime": {"datetime": "2024-06-14 11:40:43", "elapsed": 6.866732, "delta": 0.008976}}
{"target": -1226.4087278500415, "params": {"gamma": 8.25192813033363, "prior": 0.4166434253201614, "rate": 8.779726226832842}, "datetime": {"datetime": "2024-06-14 11:40:43", "elapsed": 6.876705, "delta": 0.009973}}
{"target": -149.9583965889279, "params": {"gamma": 0.34730537937586553, "prior": 6.9626261279460415, "rate": 5.875257309024742}, "datetime": {"datetime": "2024-06-14 11:40:43", "elapsed": 6.885681, "delta": 0.008976}}
{"target": -328.93537769325184, "params": {"gamma": 6.417850059155134, "prior": 3.803393858608736, "rate": 2.755344804474391}, "datetime": {"datetime": "2024-06-14 11:40:43", "elapsed": 6.894657, "delta": 0.008976}}
{"target": -271.87007904445534, "params": {"gamma": 5.094576405806185, "prior": 8.869648859782243, "rate": 5.653331413985319}, "datetime": {"datetime": "2024-06-14 11:40:43", "elapsed": 6.904631, "delta": 0.009974}}
{"target": -534.7199008210795, "params": {"gamma": 6.631825765751704, "prior": 4.469654386439658, "rate": 9.7214187321274}, "datetime": {"datetime": "2024-06-14 11:40:43", "elapsed": 6.913606, "delta": 0.008975}}
{"target": -531.3553052207883, "params": {"gamma": 7.425482001064747, "prior": 3.613534857422657, "rate": 6.5356567956039315}, "datetime": {"datetime": "2024-06-14 11:40:43", "elapsed": 6.922583, "delta": 0.008977}}
{"target": -255.7380897117161, "params": {"gamma": 5.426621502305332, "prior": 8.852156502548992, "rate": 2.7512654566030514}, "datetime": {"datetime": "2024-06-14 11:40:43", "elapsed": 6.931561, "delta": 0.008978}}
{"target": -186.16741604363753, "params": {"gamma": 1.0815667842382009, "prior": 1.9935933122375844, "rate": 3.8710752798182537}, "datetime": {"datetime": "2024-06-14 11:40:43", "elapsed": 6.941534, "delta": 0.009973}}
{"target": -674.7107818027662, "params": {"gamma": 8.54074388954821, "prior": 2.7813646469755744, "rate": 6.263961673283628}, "datetime": {"datetime": "2024-06-14 11:40:43", "elapsed": 6.95051, "delta": 0.008976}}
{"target": -269.09167619941195, "params": {"gamma": 6.235894458654538, "prior": 4.139666639944494, "rate": 0.504300961464858}, "datetime": {"datetime": "2024-06-14 11:40:43", "elapsed": 6.959486, "delta": 0.008976}}
{"target": -450.313419487396, "params": {"gamma": 7.448593896451896, "prior": 3.027682790796424, "rate": 3.9851835072938524}, "datetime": {"datetime": "2024-06-14 11:40:44", "elapsed": 6.969459, "delta": 0.009973}}
{"target": -195.78951796643673, "params": {"gamma": 3.7730184357375642, "prior": 6.669666053543827, "rate": 0.8642465348648255}, "datetime": {"datetime": "2024-06-14 11:40:44", "elapsed": 6.978436, "delta": 0.008977}}
{"target": -869.4940690824808, "params": {"gamma": 5.49934931479934, "prior": 0.25267604119823284, "rate": 9.830406796410628}, "datetime": {"datetime": "2024-06-14 11:40:44", "elapsed": 6.987411, "delta": 0.008975}}
{"target": -280.37218969378443, "params": {"gamma": 5.984673796657761, "prior": 3.902730857162644, "rate": 1.4683325593440997}, "datetime": {"datetime": "2024-06-14 11:40:44", "elapsed": 6.996387, "delta": 0.008976}}
{"target": -313.00022093905187, "params": {"gamma": 6.9690863860416155, "prior": 9.067503325394869, "rate": 3.1817694146938234}, "datetime": {"datetime": "2024-06-14 11:40:44", "elapsed": 7.006703, "delta": 0.010316}}
{"target": -736.5239339862867, "params": {"gamma": 7.665154954417642, "prior": 2.946231210207758, "rate": 9.57229619840156}, "datetime": {"datetime": "2024-06-14 11:40:44", "elapsed": 7.015955, "delta": 0.009252}}
{"target": -456.6956494045577, "params": {"gamma": 7.023455232193281, "prior": 6.287654372613879, "rate": 9.307416596768327}, "datetime": {"datetime": "2024-06-14 11:40:44", "elapsed": 7.02493, "delta": 0.008975}}
{"target": -200.2605759615509, "params": {"gamma": 2.6911548301319335, "prior": 9.243795888773532, "rate": 6.781151258305702}, "datetime": {"datetime": "2024-06-14 11:40:44", "elapsed": 7.033909, "delta": 0.008979}}
{"target": -485.33950653535493, "params": {"gamma": 7.713853709507418, "prior": 5.759189830706018, "rate": 8.339212870314833}, "datetime": {"datetime": "2024-06-14 11:40:44", "elapsed": 7.043914, "delta": 0.010005}}
{"target": -734.707169685765, "params": {"gamma": 6.983119711119335, "prior": 1.551426147591399, "rate": 6.1249988251521215}, "datetime": {"datetime": "2024-06-14 11:40:44", "elapsed": 7.052859, "delta": 0.008945}}
{"target": -172.7556063817951, "params": {"gamma": 2.793924035827702, "prior": 9.167199358366272, "rate": 1.9831246698113274}, "datetime": {"datetime": "2024-06-14 11:40:44", "elapsed": 7.061835, "delta": 0.008976}}
{"target": -416.11393913534266, "params": {"gamma": 2.857879237217657, "prior": 0.5717815791998215, "rate": 4.476343861362332}, "datetime": {"datetime": "2024-06-14 11:40:44", "elapsed": 7.070811, "delta": 0.008976}}
{"target": -396.3195234904619, "params": {"gamma": 5.576320563895948, "prior": 5.778254717513243, "rate": 9.053868422216771}, "datetime": {"datetime": "2024-06-14 11:40:44", "elapsed": 7.080784, "delta": 0.009973}}
{"target": -313.06686012415594, "params": {"gamma": 3.47479191407325, "prior": 4.5305309579534265, "rate": 8.512525387352474}, "datetime": {"datetime": "2024-06-14 11:40:44", "elapsed": 7.08979, "delta": 0.009006}}
{"target": -276.88122848852834, "params": {"gamma": 5.768716203017017, "prior": 6.574530055289563, "rate": 2.784314944612766}, "datetime": {"datetime": "2024-06-14 11:40:44", "elapsed": 7.098736, "delta": 0.008946}}
{"target": -231.0767911547386, "params": {"gamma": 4.875225544956866, "prior": 6.247428637046675, "rate": 1.3348069074222546}, "datetime": {"datetime": "2024-06-14 11:40:44", "elapsed": 7.10871, "delta": 0.009974}}
{"target": -160.3241763371525, "params": {"gamma": 0.3300542572087522, "prior": 1.222768911195179, "rate": 4.775133302320191}, "datetime": {"datetime": "2024-06-14 11:40:44", "elapsed": 7.117685, "delta": 0.008975}}
{"target": -145.32328753140703, "params": {"gamma": 0.24124331957345432, "prior": 6.299468398458495, "rate": 0.9767285971428687}, "datetime": {"datetime": "2024-06-14 11:40:44", "elapsed": 7.126661, "delta": 0.008976}}
{"target": -168.30829741646374, "params": {"gamma": 2.5103644156247413, "prior": 4.322280163976562, "rate": 1.159151640315784}, "datetime": {"datetime": "2024-06-14 11:40:44", "elapsed": 7.136634, "delta": 0.009973}}
{"target": -460.28174666175113, "params": {"gamma": 2.706249385980867, "prior": 0.3086887610715615, "rate": 9.850470490551084}, "datetime": {"datetime": "2024-06-14 11:40:44", "elapsed": 7.145611, "delta": 0.008977}}
{"target": -264.89402881111187, "params": {"gamma": 6.116124507605985, "prior": 3.8457030044689664, "rate": 0.2662569827533811}, "datetime": {"datetime": "2024-06-14 11:40:44", "elapsed": 7.154587, "delta": 0.008976}}
{"target": -348.31585899755027, "params": {"gamma": 3.8989976450014674, "prior": 4.580330401225699, "rate": 9.310100934451263}, "datetime": {"datetime": "2024-06-14 11:40:44", "elapsed": 7.163563, "delta": 0.008976}}
{"target": -226.3932017048056, "params": {"gamma": 2.7857632142087283, "prior": 6.186340721724661, "rate": 6.6520183774673525}, "datetime": {"datetime": "2024-06-14 11:40:44", "elapsed": 7.172539, "delta": 0.008976}}
{"target": -212.48328332768824, "params": {"gamma": 1.8604237369935928, "prior": 5.107057154965675, "rate": 7.86522112783649}, "datetime": {"datetime": "2024-06-14 11:40:44", "elapsed": 7.182512, "delta": 0.009973}}
{"target": -143.10677961561268, "params": {"gamma": 0.966693765249707, "prior": 6.099749451872725, "rate": 0.261573266951244}, "datetime": {"datetime": "2024-06-14 11:40:44", "elapsed": 7.191489, "delta": 0.008977}}
{"target": -150.26314094659023, "params": {"gamma": 0.07146019137694642, "prior": 0.6893332106867064, "rate": 4.814523191031215}, "datetime": {"datetime": "2024-06-14 11:40:44", "elapsed": 7.200464, "delta": 0.008975}}
{"target": -373.6724127105432, "params": {"gamma": 9.257115382793618, "prior": 4.1150181029763395, "rate": 0.7512513607260716}, "datetime": {"datetime": "2024-06-14 11:40:44", "elapsed": 7.210437, "delta": 0.009973}}
{"target": -401.86165857751325, "params": {"gamma": 8.613663392355804, "prior": 5.241046096157358, "rate": 3.1900397533053235}, "datetime": {"datetime": "2024-06-14 11:40:44", "elapsed": 7.219413, "delta": 0.008976}}
{"target": -400.17058923708976, "params": {"gamma": 9.630360355507971, "prior": 9.388791508173545, "rate": 2.6009297005949668}, "datetime": {"datetime": "2024-06-14 11:40:44", "elapsed": 7.228389, "delta": 0.008976}}
{"target": -214.45400480196508, "params": {"gamma": 2.014717145283489, "prior": 5.930196162730165, "rate": 8.425339580205748}, "datetime": {"datetime": "2024-06-14 11:40:44", "elapsed": 7.238362, "delta": 0.009973}}
{"target": -189.76230131780997, "params": {"gamma": 3.3678741763608038, "prior": 5.90565127249619, "rate": 1.623287749788599}, "datetime": {"datetime": "2024-06-14 11:40:44", "elapsed": 7.247339, "delta": 0.008977}}
{"target": -155.23622886837592, "params": {"gamma": 1.94674275864618, "prior": 7.637218638321746, "rate": 1.5018345150591474}, "datetime": {"datetime": "2024-06-14 11:40:44", "elapsed": 7.256315, "delta": 0.008976}}
{"target": -170.39622918745175, "params": {"gamma": 2.659804503437227, "prior": 6.925999145458927, "rate": 0.15187798702215813}, "datetime": {"datetime": "2024-06-14 11:40:44", "elapsed": 7.266288, "delta": 0.009973}}
{"target": -151.51328656102345, "params": {"gamma": 0.3229118442818368, "prior": 2.946506806237884, "rate": 3.366895181942479}, "datetime": {"datetime": "2024-06-14 11:40:44", "elapsed": 7.275264, "delta": 0.008976}}
