{"target": -892.8602611838752, "params": {"gamma": 4.170803025021038, "lr": 0.7203244934421581}, "datetime": {"datetime": "2024-06-13 15:57:53", "elapsed": 0.0, "delta": 0.0}}
{"target": -151.7135688998109, "params": {"gamma": 0.002143633798631522, "lr": 0.30233257263183977}, "datetime": {"datetime": "2024-06-13 15:57:53", "elapsed": 0.003989, "delta": 0.003989}}
{"target": -552.5162241615972, "params": {"gamma": 1.4684121522803133, "lr": 0.0923385947687978}, "datetime": {"datetime": "2024-06-13 15:57:53", "elapsed": 0.006981, "delta": 0.002992}}
{"target": -329.39104446726566, "params": {"gamma": 1.8634158535653313, "lr": 0.34556072704304774}, "datetime": {"datetime": "2024-06-13 15:57:53", "elapsed": 0.01097, "delta": 0.003989}}
{"target": -726.9554855426335, "params": {"gamma": 3.968277974832469, "lr": 0.538816734003357}, "datetime": {"datetime": "2024-06-13 15:57:53", "elapsed": 0.01496, "delta": 0.00399}}
{"target": -877.9535794740038, "params": {"gamma": 4.192525949518545, "lr": 0.6852195003967595}, "datetime": {"datetime": "2024-06-13 15:57:53", "elapsed": 0.018949, "delta": 0.003989}}
{"target": -501.5156796727902, "params": {"gamma": 2.045318045065443, "lr": 0.8781174363909454}, "datetime": {"datetime": "2024-06-13 15:57:53", "elapsed": 0.021941, "delta": 0.002992}}
{"target": -149.48779033756867, "params": {"gamma": 0.2748485443860637, "lr": 0.6704675101784022}, "datetime": {"datetime": "2024-06-13 15:57:53", "elapsed": 0.02593, "delta": 0.003989}}
{"target": -779.1949134509227, "params": {"gamma": 4.173630718868903, "lr": 0.5586898284457517}, "datetime": {"datetime": "2024-06-13 15:57:53", "elapsed": 0.028922, "delta": 0.002992}}
{"target": -354.69551721669416, "params": {"gamma": 1.4047289990137424, "lr": 0.1981014890848788}, "datetime": {"datetime": "2024-06-13 15:57:53", "elapsed": 0.032888, "delta": 0.003966}}
{"target": -1930.5644550222808, "params": {"gamma": 8.00764494218669, "lr": 0.9682615757193975}, "datetime": {"datetime": "2024-06-13 15:57:53", "elapsed": 0.036876, "delta": 0.003988}}
{"target": -661.816393979556, "params": {"gamma": 3.1349283574142692, "lr": 0.6923226156693141}, "datetime": {"datetime": "2024-06-13 15:57:53", "elapsed": 0.040865, "delta": 0.003989}}
{"target": -2061.7146848005655, "params": {"gamma": 8.764015133808087, "lr": 0.8946066635038473}, "datetime": {"datetime": "2024-06-13 15:57:53", "elapsed": 0.044856, "delta": 0.003991}}
{"target": -360.59179118942086, "params": {"gamma": 0.8513570694864094, "lr": 0.03905478323288236}, "datetime": {"datetime": "2024-06-13 15:57:53", "elapsed": 0.04893, "delta": 0.004074}}
{"target": -423.24582066846165, "params": {"gamma": 1.6991343652261244, "lr": 0.8781425034294131}, "datetime": {"datetime": "2024-06-13 15:57:53", "elapsed": 0.052918, "delta": 0.003988}}
{"target": -226.97936475950118, "params": {"gamma": 0.9843699914966679, "lr": 0.42110762500505217}, "datetime": {"datetime": "2024-06-13 15:57:53", "elapsed": 0.056908, "delta": 0.00399}}
{"target": -1721.1169682105058, "params": {"gamma": 9.578937411974868, "lr": 0.5331652849730171}, "datetime": {"datetime": "2024-06-13 15:57:53", "elapsed": 0.059941, "delta": 0.003033}}
{"target": -1094.9453843472497, "params": {"gamma": 6.919079262390784, "lr": 0.31551563100606295}, "datetime": {"datetime": "2024-06-13 15:57:53", "elapsed": 0.063889, "delta": 0.003948}}
{"target": -1573.2183659250722, "params": {"gamma": 6.865322775888155, "lr": 0.8346256718973729}, "datetime": {"datetime": "2024-06-13 15:57:53", "elapsed": 0.06791, "delta": 0.004021}}
{"target": -146.9501533106136, "params": {"gamma": 0.18386448516457388, "lr": 0.7501443149449675}, "datetime": {"datetime": "2024-06-13 15:57:53", "elapsed": 0.071868, "delta": 0.003958}}
{"target": -2072.7993500089283, "params": {"gamma": 9.88862202797604, "lr": 0.7481656543798394}, "datetime": {"datetime": "2024-06-13 15:57:53", "elapsed": 0.07486, "delta": 0.002992}}
{"target": -618.4527930234348, "params": {"gamma": 2.8051594766519874, "lr": 0.7892793284514885}, "datetime": {"datetime": "2024-06-13 15:57:53", "elapsed": 0.07885, "delta": 0.00399}}
{"target": -233.71915770468576, "params": {"gamma": 1.0331568397698425, "lr": 0.44789352617590517}, "datetime": {"datetime": "2024-06-13 15:57:53", "elapsed": 0.081842, "delta": 0.002992}}
{"target": -1395.9593684371564, "params": {"gamma": 9.086046435427862, "lr": 0.2936141483736795}, "datetime": {"datetime": "2024-06-13 15:57:53", "elapsed": 0.085831, "delta": 0.003989}}
{"target": -875.6918626188645, "params": {"gamma": 2.878465610524901, "lr": 0.13002857211827767}, "datetime": {"datetime": "2024-06-13 15:57:53", "elapsed": 0.08982, "delta": 0.003989}}
{"target": -146.48611763799693, "params": {"gamma": 0.19465021174510047, "lr": 0.678835532939891}, "datetime": {"datetime": "2024-06-13 15:57:53", "elapsed": 0.092812, "delta": 0.002992}}
{"target": -379.7231645078286, "params": {"gamma": 2.1170695318845905, "lr": 0.2655466593722262}, "datetime": {"datetime": "2024-06-13 15:57:53", "elapsed": 0.096802, "delta": 0.00399}}
{"target": -1853.180837569606, "params": {"gamma": 4.916240019644103, "lr": 0.053362545117080384}, "datetime": {"datetime": "2024-06-13 15:57:53", "elapsed": 0.099794, "delta": 0.002992}}
{"target": -1511.5803571120875, "params": {"gamma": 5.741601937314639, "lr": 0.14672857490581015}, "datetime": {"datetime": "2024-06-13 15:57:53", "elapsed": 0.103783, "delta": 0.003989}}
{"target": -1227.5167086112958, "params": {"gamma": 5.89346606349594, "lr": 0.6997583600209312}, "datetime": {"datetime": "2024-06-13 15:57:53", "elapsed": 0.107772, "delta": 0.003989}}
{"target": -232.8826376947103, "params": {"gamma": 1.0242419538494305, "lr": 0.4140559878195683}, "datetime": {"datetime": "2024-06-13 15:57:53", "elapsed": 0.110764, "delta": 0.002992}}
{"target": -1296.1073093619889, "params": {"gamma": 6.9443071771197245, "lr": 0.41417926952690265}, "datetime": {"datetime": "2024-06-13 15:57:53", "elapsed": 0.114757, "delta": 0.003993}}
{"target": -163.50675306702215, "params": {"gamma": 0.5004846360019255, "lr": 0.5358964059155116}, "datetime": {"datetime": "2024-06-13 15:57:53", "elapsed": 0.117746, "delta": 0.002989}}
{"target": -1199.3988957940087, "params": {"gamma": 6.638282657552669, "lr": 0.5148891120583086}, "datetime": {"datetime": "2024-06-13 15:57:53", "elapsed": 0.121735, "delta": 0.003989}}
{"target": -1774.9245714862066, "params": {"gamma": 9.446002965152143, "lr": 0.5865550405019929}, "datetime": {"datetime": "2024-06-13 15:57:53", "elapsed": 0.124727, "delta": 0.002992}}
{"target": -2713.011681181759, "params": {"gamma": 9.034115750963547, "lr": 0.13747470414623753}, "datetime": {"datetime": "2024-06-13 15:57:53", "elapsed": 0.128716, "delta": 0.003989}}
{"target": -343.366922130652, "params": {"gamma": 1.3936241961603346, "lr": 0.8073912887095238}, "datetime": {"datetime": "2024-06-13 15:57:53", "elapsed": 0.132724, "delta": 0.004008}}
{"target": -1055.4489274125115, "params": {"gamma": 3.9773706930183503, "lr": 0.16535419711693278}, "datetime": {"datetime": "2024-06-13 15:57:53", "elapsed": 0.135698, "delta": 0.002974}}
{"target": -1502.167738776323, "params": {"gamma": 9.275158295379942, "lr": 0.34776585974550656}, "datetime": {"datetime": "2024-06-13 15:57:53", "elapsed": 0.139687, "delta": 0.003989}}
{"target": -1592.7938189761196, "params": {"gamma": 7.50837021925842, "lr": 0.7259979853504515}, "datetime": {"datetime": "2024-06-13 15:57:53", "elapsed": 0.142679, "delta": 0.002992}}
{"target": -1788.7188320512207, "params": {"gamma": 8.833177605966892, "lr": 0.6236722070556089}, "datetime": {"datetime": "2024-06-13 15:57:53", "elapsed": 0.146668, "delta": 0.003989}}
{"target": -1219.876262285821, "params": {"gamma": 7.509673397839345, "lr": 0.34889834197784253}, "datetime": {"datetime": "2024-06-13 15:57:53", "elapsed": 0.149661, "delta": 0.002993}}
{"target": -649.5599481984872, "params": {"gamma": 2.7000089897584956, "lr": 0.8958862181960668}, "datetime": {"datetime": "2024-06-13 15:57:53", "elapsed": 0.15365, "delta": 0.003989}}
{"target": -1040.953149402758, "params": {"gamma": 4.281483807523078, "lr": 0.9648400471483856}, "datetime": {"datetime": "2024-06-13 15:57:53", "elapsed": 0.157639, "delta": 0.003989}}
{"target": -1347.0435929722848, "params": {"gamma": 6.634751536686663, "lr": 0.6216957202091218}, "datetime": {"datetime": "2024-06-13 15:57:53", "elapsed": 0.160631, "delta": 0.002992}}
{"target": -308.4397053826707, "params": {"gamma": 1.1483449835607984, "lr": 0.9494892587070712}, "datetime": {"datetime": "2024-06-13 15:57:53", "elapsed": 0.164622, "delta": 0.003991}}
{"target": -853.7908519396783, "params": {"gamma": 4.499671422665926, "lr": 0.5783896143871318}, "datetime": {"datetime": "2024-06-13 15:57:53", "elapsed": 0.16861, "delta": 0.003988}}
{"target": -740.2085420300526, "params": {"gamma": 4.081959890810051, "lr": 0.2370269802430277}, "datetime": {"datetime": "2024-06-13 15:57:53", "elapsed": 0.171602, "delta": 0.002992}}
{"target": -1698.0842154958334, "params": {"gamma": 9.033891826101975, "lr": 0.5736794866722859}, "datetime": {"datetime": "2024-06-13 15:57:53", "elapsed": 0.175591, "delta": 0.003989}}
{"target": -150.02799628233282, "params": {"gamma": 0.029700399984558545, "lr": 0.6171449136207239}, "datetime": {"datetime": "2024-06-13 15:57:53", "elapsed": 0.178583, "delta": 0.002992}}
{"target": -603.7785587498462, "params": {"gamma": 3.2671223728191894, "lr": 0.5270581022576093}, "datetime": {"datetime": "2024-06-13 15:57:53", "elapsed": 0.182573, "delta": 0.00399}}
{"target": -1435.6971292273977, "params": {"gamma": 8.859535051008434, "lr": 0.35726976000249977}, "datetime": {"datetime": "2024-06-13 15:57:53", "elapsed": 0.185564, "delta": 0.002991}}
{"target": -1839.4138263183324, "params": {"gamma": 9.085442974047073, "lr": 0.6233601157918027}, "datetime": {"datetime": "2024-06-13 15:57:53", "elapsed": 0.189554, "delta": 0.00399}}
{"target": -146.6898754094751, "params": {"gamma": 0.15919660722271628, "lr": 0.9294372337437613}, "datetime": {"datetime": "2024-06-13 15:57:53", "elapsed": 0.193156, "delta": 0.003602}}
{"target": -1668.1428348340085, "params": {"gamma": 6.9092782782517235, "lr": 0.9973228504514805}, "datetime": {"datetime": "2024-06-13 15:57:53", "elapsed": 0.196144, "delta": 0.002988}}
{"target": -537.5563181615412, "params": {"gamma": 1.7242327429449402, "lr": 0.13713574962887776}, "datetime": {"datetime": "2024-06-13 15:57:53", "elapsed": 0.200134, "delta": 0.00399}}
{"target": -1934.3629790963187, "params": {"gamma": 9.326022034908599, "lr": 0.6968181614899002}, "datetime": {"datetime": "2024-06-13 15:57:53", "elapsed": 0.203126, "delta": 0.002992}}
{"target": -196.0759098782968, "params": {"gamma": 0.6609357270479028, "lr": 0.7554630526024664}, "datetime": {"datetime": "2024-06-13 15:57:53", "elapsed": 0.207115, "delta": 0.003989}}
{"target": -1818.5906536989294, "params": {"gamma": 7.539008008424004, "lr": 0.9230245355464833}, "datetime": {"datetime": "2024-06-13 15:57:53", "elapsed": 0.211179, "delta": 0.004064}}
{"target": -2290.241446775751, "params": {"gamma": 7.11553606152609, "lr": 0.1242709619721647}, "datetime": {"datetime": "2024-06-13 15:57:53", "elapsed": 0.214188, "delta": 0.003009}}
{"target": -172.18918971794162, "params": {"gamma": 0.1997814582641161, "lr": 0.026210986877719278}, "datetime": {"datetime": "2024-06-13 15:57:53", "elapsed": 0.218178, "delta": 0.00399}}
{"target": -151.73260950640847, "params": {"gamma": 0.2840365737199253, "lr": 0.2462110676030459}, "datetime": {"datetime": "2024-06-13 15:57:53", "elapsed": 0.222167, "delta": 0.003989}}
{"target": -1547.47166947157, "params": {"gamma": 8.600419458880197, "lr": 0.5388310643416528}, "datetime": {"datetime": "2024-06-13 15:57:53", "elapsed": 0.225159, "delta": 0.002992}}
{"target": -1270.7312058802513, "params": {"gamma": 5.5286669648789735, "lr": 0.8420308923596057}, "datetime": {"datetime": "2024-06-13 15:57:53", "elapsed": 0.229148, "delta": 0.003989}}
{"target": -248.86937090443413, "params": {"gamma": 1.2426089778839915, "lr": 0.2791836790111395}, "datetime": {"datetime": "2024-06-13 15:57:53", "elapsed": 0.233139, "delta": 0.003991}}
{"target": -1417.058166609758, "params": {"gamma": 5.858006955311422, "lr": 0.9695957483196745}, "datetime": {"datetime": "2024-06-13 15:57:53", "elapsed": 0.237127, "delta": 0.003988}}
{"target": -2111.72018979287, "params": {"gamma": 5.6107411623378445, "lr": 0.01864728937294302}, "datetime": {"datetime": "2024-06-13 15:57:53", "elapsed": 0.240709, "delta": 0.003582}}
{"target": -1431.317020312244, "params": {"gamma": 8.006526094133482, "lr": 0.23297427384102043}, "datetime": {"datetime": "2024-06-13 15:57:53", "elapsed": 0.243697, "delta": 0.002988}}
{"target": -1305.7335860142637, "params": {"gamma": 8.071244850992173, "lr": 0.38786064406417176}, "datetime": {"datetime": "2024-06-13 15:57:53", "elapsed": 0.247687, "delta": 0.00399}}
{"target": -1812.1855695462739, "params": {"gamma": 8.635555003739727, "lr": 0.7471216427371846}, "datetime": {"datetime": "2024-06-13 15:57:53", "elapsed": 0.251676, "delta": 0.003989}}
{"target": -1675.383207858393, "params": {"gamma": 5.562846099670199, "lr": 0.13645522566068502}, "datetime": {"datetime": "2024-06-13 15:57:53", "elapsed": 0.254668, "delta": 0.002992}}
{"target": -248.10284632203138, "params": {"gamma": 0.6001169774326044, "lr": 0.12134345574073735}, "datetime": {"datetime": "2024-06-13 15:57:53", "elapsed": 0.258657, "delta": 0.003989}}
{"target": -227.03646722074842, "params": {"gamma": 0.4464742335690725, "lr": 0.1074941291060929}, "datetime": {"datetime": "2024-06-13 15:57:53", "elapsed": 0.261649, "delta": 0.002992}}
{"target": -503.11386200124394, "params": {"gamma": 2.2578676767399393, "lr": 0.7129889803826767}, "datetime": {"datetime": "2024-06-13 15:57:53", "elapsed": 0.265639, "delta": 0.00399}}
{"target": -2106.83113736258, "params": {"gamma": 5.597610103559371, "lr": 0.012555980159115854}, "datetime": {"datetime": "2024-06-13 15:57:53", "elapsed": 0.26863, "delta": 0.002991}}
{"target": -219.97412066848148, "params": {"gamma": 0.7206708226151783, "lr": 0.967276330000272}, "datetime": {"datetime": "2024-06-13 15:57:53", "elapsed": 0.272621, "delta": 0.003991}}
{"target": -1146.876522270761, "params": {"gamma": 5.6814365187375016, "lr": 0.20329323466099047}, "datetime": {"datetime": "2024-06-13 15:57:53", "elapsed": 0.276609, "delta": 0.003988}}
{"target": -545.6064926348809, "params": {"gamma": 2.5240051199586637, "lr": 0.7438258540750929}, "datetime": {"datetime": "2024-06-13 15:57:53", "elapsed": 0.27963, "delta": 0.003021}}
{"target": -388.94690707005975, "params": {"gamma": 1.9550993816120785, "lr": 0.5813589272732578}, "datetime": {"datetime": "2024-06-13 15:57:53", "elapsed": 0.283591, "delta": 0.003961}}
{"target": -2215.1653316297757, "params": {"gamma": 9.700229870894034, "lr": 0.8468288014900353}, "datetime": {"datetime": "2024-06-13 15:57:53", "elapsed": 0.286582, "delta": 0.002991}}
{"target": -462.4169197341359, "params": {"gamma": 2.399237743716714, "lr": 0.49376971426872995}, "datetime": {"datetime": "2024-06-13 15:57:53", "elapsed": 0.290571, "delta": 0.003989}}
{"target": -1405.3902996860418, "params": {"gamma": 6.199937228095417, "lr": 0.8289808995501787}, "datetime": {"datetime": "2024-06-13 15:57:53", "elapsed": 0.293564, "delta": 0.002993}}
{"target": -614.7501391099372, "params": {"gamma": 1.5687571550661965, "lr": 0.018576202177409518}, "datetime": {"datetime": "2024-06-13 15:57:53", "elapsed": 0.297553, "delta": 0.003989}}
{"target": -188.41181200343803, "params": {"gamma": 0.7011514150485041, "lr": 0.4863451109370318}, "datetime": {"datetime": "2024-06-13 15:57:53", "elapsed": 0.301542, "delta": 0.003989}}
{"target": -1122.05510221049, "params": {"gamma": 6.063688287071651, "lr": 0.5688514370864813}, "datetime": {"datetime": "2024-06-13 15:57:53", "elapsed": 0.304535, "delta": 0.002993}}
{"target": -777.7503682041124, "params": {"gamma": 3.1743067308122854, "lr": 0.9886161544124489}, "datetime": {"datetime": "2024-06-13 15:57:53", "elapsed": 0.308523, "delta": 0.003988}}
{"target": -944.8291673696251, "params": {"gamma": 5.797872447238724, "lr": 0.3801411726235504}, "datetime": {"datetime": "2024-06-13 15:57:53", "elapsed": 0.311516, "delta": 0.002993}}
{"target": -1162.3779188061617, "params": {"gamma": 5.509931242959851, "lr": 0.7453344309065021}, "datetime": {"datetime": "2024-06-13 15:57:53", "elapsed": 0.315505, "delta": 0.003989}}
{"target": -1130.0114647092746, "params": {"gamma": 6.6926597016383935, "lr": 0.2649195576628094}, "datetime": {"datetime": "2024-06-13 15:57:53", "elapsed": 0.319495, "delta": 0.00399}}
{"target": -173.51239434429596, "params": {"gamma": 0.6642820094499873, "lr": 0.3700841979141063}, "datetime": {"datetime": "2024-06-13 15:57:53", "elapsed": 0.322487, "delta": 0.002992}}
{"target": -1269.3650632119209, "params": {"gamma": 6.297545352708624, "lr": 0.2101740099148396}, "datetime": {"datetime": "2024-06-13 15:57:53", "elapsed": 0.326475, "delta": 0.003988}}
{"target": -2825.6566531901785, "params": {"gamma": 7.5278027818344, "lr": 0.06653648135411494}, "datetime": {"datetime": "2024-06-13 15:57:53", "elapsed": 0.329468, "delta": 0.002993}}
{"target": -602.9875833356942, "params": {"gamma": 2.603890670686831, "lr": 0.8047545637433454}, "datetime": {"datetime": "2024-06-13 15:57:53", "elapsed": 0.333457, "delta": 0.003989}}
{"target": -406.1021208828203, "params": {"gamma": 1.935149391950654, "lr": 0.6394608808799401}, "datetime": {"datetime": "2024-06-13 15:57:53", "elapsed": 0.336449, "delta": 0.002992}}
{"target": -1271.2440588479956, "params": {"gamma": 5.247178420928214, "lr": 0.9248079703993507}, "datetime": {"datetime": "2024-06-13 15:57:53", "elapsed": 0.340438, "delta": 0.003989}}
{"target": -1005.4452017407292, "params": {"gamma": 2.633704408100623, "lr": 0.06596109068402378}, "datetime": {"datetime": "2024-06-13 15:57:53", "elapsed": 0.34343, "delta": 0.002992}}
{"target": -1587.1412573203104, "params": {"gamma": 7.350924566923407, "lr": 0.7721780295432468}, "datetime": {"datetime": "2024-06-13 15:57:53", "elapsed": 0.34742, "delta": 0.00399}}
{"target": -2186.394473529686, "params": {"gamma": 9.078250709182736, "lr": 0.9319720691968373}, "datetime": {"datetime": "2024-06-13 15:57:53", "elapsed": 0.351409, "delta": 0.003989}}
{"target": -148.57383162538477, "params": {"gamma": 0.14050177818299456, "lr": 0.2343620861214205}, "datetime": {"datetime": "2024-06-13 15:57:53", "elapsed": 0.354401, "delta": 0.002992}}
{"target": -1491.1233257448134, "params": {"gamma": 6.1681667916595755, "lr": 0.9490163206876164}, "datetime": {"datetime": "2024-06-13 15:57:53", "elapsed": 0.35839, "delta": 0.003989}}
{"target": -1747.415268440247, "params": {"gamma": 9.50181101635155, "lr": 0.5566531881951564}, "datetime": {"datetime": "2024-06-13 15:57:53", "elapsed": 0.361382, "delta": 0.002992}}
{"target": -1821.576362380066, "params": {"gamma": 9.15614789131298, "lr": 0.6415662089463375}, "datetime": {"datetime": "2024-06-13 15:57:53", "elapsed": 0.365371, "delta": 0.003989}}
{"target": -730.8302478854448, "params": {"gamma": 3.9006871336983213, "lr": 0.48599066709690975}, "datetime": {"datetime": "2024-06-13 15:57:53", "elapsed": 0.369361, "delta": 0.00399}}
{"target": -1096.97560944426, "params": {"gamma": 6.043500518716813, "lr": 0.5495479215085626}, "datetime": {"datetime": "2024-06-13 15:57:53", "elapsed": 0.372353, "delta": 0.002992}}
{"target": -2230.2785142916664, "params": {"gamma": 9.26188808563783, "lr": 0.9187334356336061}, "datetime": {"datetime": "2024-06-13 15:57:53", "elapsed": 0.376342, "delta": 0.003989}}
{"target": -961.8671319880563, "params": {"gamma": 3.9493612536226252, "lr": 0.9632625284407118}, "datetime": {"datetime": "2024-06-13 15:57:53", "elapsed": 0.379335, "delta": 0.002993}}
{"target": -542.2119634755838, "params": {"gamma": 1.740382711137963, "lr": 0.12632951943963733}, "datetime": {"datetime": "2024-06-13 15:57:53", "elapsed": 0.383324, "delta": 0.003989}}
{"target": -278.3844931934545, "params": {"gamma": 1.3516565013092665, "lr": 0.5056621656768967}, "datetime": {"datetime": "2024-06-13 15:57:53", "elapsed": 0.387313, "delta": 0.003989}}
{"target": -148.93286517158063, "params": {"gamma": 0.2162265279367056, "lr": 0.947970211217681}, "datetime": {"datetime": "2024-06-13 15:57:53", "elapsed": 0.391302, "delta": 0.003989}}
{"target": -3102.5967576946596, "params": {"gamma": 8.271327596236153, "lr": 0.015018980742122379}, "datetime": {"datetime": "2024-06-13 15:57:53", "elapsed": 0.394294, "delta": 0.002992}}
{"target": -311.34205514344893, "params": {"gamma": 1.7627863594949775, "lr": 0.332063574366837}, "datetime": {"datetime": "2024-06-13 15:57:53", "elapsed": 0.398284, "delta": 0.00399}}
{"target": -326.3119187469046, "params": {"gamma": 1.310837451264358, "lr": 0.8094906921265821}, "datetime": {"datetime": "2024-06-13 15:57:53", "elapsed": 0.402311, "delta": 0.004027}}
{"target": -842.6806048360605, "params": {"gamma": 3.4480217901802512, "lr": 0.9401074823333672}, "datetime": {"datetime": "2024-06-13 15:57:53", "elapsed": 0.406262, "delta": 0.003951}}
{"target": -1379.9091750907144, "params": {"gamma": 5.820559785290854, "lr": 0.8788319844118441}, "datetime": {"datetime": "2024-06-13 15:57:53", "elapsed": 0.409254, "delta": 0.002992}}
{"target": -2013.1635717393092, "params": {"gamma": 8.447499719476827, "lr": 0.9053923187086492}, "datetime": {"datetime": "2024-06-13 15:57:53", "elapsed": 0.413244, "delta": 0.00399}}
{"target": -840.5965616400297, "params": {"gamma": 4.599342777902254, "lr": 0.5463468160203733}, "datetime": {"datetime": "2024-06-13 15:57:53", "elapsed": 0.417233, "delta": 0.003989}}
{"target": -1230.5109701572285, "params": {"gamma": 7.986237307929242, "lr": 0.28571885173414757}, "datetime": {"datetime": "2024-06-13 15:57:53", "elapsed": 0.420225, "delta": 0.002992}}
