{"target": -153.6100324715874, "params": {"gamma": 0.16150603946145364, "lr": 0.15270593118117648}, "datetime": {"datetime": "2024-06-13 15:57:58", "elapsed": 5.372804, "delta": 0.00399}}
{"target": -1003.8779220551006, "params": {"gamma": 4.621379845784425, "lr": 0.7559010975378051}, "datetime": {"datetime": "2024-06-13 15:57:58", "elapsed": 5.37779, "delta": 0.004986}}
{"target": -1184.515066840841, "params": {"gamma": 7.2884205045195944, "lr": 0.3523894424830367}, "datetime": {"datetime": "2024-06-13 15:57:58", "elapsed": 5.381779, "delta": 0.003989}}
{"target": -1086.359031395103, "params": {"gamma": 4.7919136483503735, "lr": 0.8140737533756652}, "datetime": {"datetime": "2024-06-13 15:57:58", "elapsed": 5.386766, "delta": 0.004987}}
{"target": -1321.1362628961242, "params": {"gamma": 8.384190660883412, "lr": 0.3199167004179855}, "datetime": {"datetime": "2024-06-13 15:57:58", "elapsed": 5.390756, "delta": 0.00399}}
{"target": -153.49978265908317, "params": {"gamma": 0.043645919052664246, "lr": 0.046930843226232644}, "datetime": {"datetime": "2024-06-13 15:57:58", "elapsed": 5.395742, "delta": 0.004986}}
{"target": -1244.033478183648, "params": {"gamma": 7.378335968662237, "lr": 0.27263228107250803}, "datetime": {"datetime": "2024-06-13 15:57:58", "elapsed": 5.399732, "delta": 0.00399}}
{"target": -1131.0469412689224, "params": {"gamma": 4.815376636054336, "lr": 0.1920312660311443}, "datetime": {"datetime": "2024-06-13 15:57:58", "elapsed": 5.404719, "delta": 0.004987}}
{"target": -1524.5571949601747, "params": {"gamma": 8.471282047905861, "lr": 0.5033776096365531}, "datetime": {"datetime": "2024-06-13 15:57:58", "elapsed": 5.408708, "delta": 0.003989}}
{"target": -822.6783952717452, "params": {"gamma": 5.272074597046892, "lr": 0.28807958808575485}, "datetime": {"datetime": "2024-06-13 15:57:58", "elapsed": 5.413694, "delta": 0.004986}}
{"target": -1929.2022304894094, "params": {"gamma": 5.120480307408566, "lr": 0.0019636453825200295}, "datetime": {"datetime": "2024-06-13 15:57:58", "elapsed": 5.417684, "delta": 0.00399}}
{"target": -467.95280421753085, "params": {"gamma": 2.7736731083917574, "lr": 0.34876298353843593}, "datetime": {"datetime": "2024-06-13 15:57:58", "elapsed": 5.422671, "delta": 0.004987}}
{"target": -1055.291762044738, "params": {"gamma": 2.8402249120040706, "lr": 0.08595222757741783}, "datetime": {"datetime": "2024-06-13 15:57:58", "elapsed": 5.42666, "delta": 0.003989}}
{"target": -1131.2562229496098, "params": {"gamma": 5.2182903111313514, "lr": 0.7884791333735152}, "datetime": {"datetime": "2024-06-13 15:57:58", "elapsed": 5.431646, "delta": 0.004986}}
{"target": -1734.3388848779052, "params": {"gamma": 9.426041757646109, "lr": 0.49728979211666346}, "datetime": {"datetime": "2024-06-13 15:57:58", "elapsed": 5.436633, "delta": 0.004987}}
{"target": -922.6128736179999, "params": {"gamma": 5.93794482969608, "lr": 0.2908599378104706}, "datetime": {"datetime": "2024-06-13 15:57:58", "elapsed": 5.440623, "delta": 0.00399}}
{"target": -471.16411525707105, "params": {"gamma": 1.492445929692968, "lr": 0.13187169072844107}, "datetime": {"datetime": "2024-06-13 15:57:58", "elapsed": 5.445609, "delta": 0.004986}}
{"target": -1539.4143988965927, "params": {"gamma": 7.323875397919708, "lr": 0.7344694353499344}, "datetime": {"datetime": "2024-06-13 15:57:58", "elapsed": 5.449599, "delta": 0.00399}}
{"target": -358.5974271693809, "params": {"gamma": 1.7943208163497153, "lr": 0.41356037977579185}, "datetime": {"datetime": "2024-06-13 15:57:58", "elapsed": 5.453588, "delta": 0.003989}}
{"target": -1788.6253310895347, "params": {"gamma": 5.941849134587504, "lr": 0.12528194618614874}, "datetime": {"datetime": "2024-06-13 15:57:58", "elapsed": 5.458574, "delta": 0.004986}}
{"target": -1591.943760037782, "params": {"gamma": 7.85390412973879, "lr": 0.619992203320239}, "datetime": {"datetime": "2024-06-13 15:57:58", "elapsed": 5.462564, "delta": 0.00399}}
{"target": -1330.7517857303299, "params": {"gamma": 6.152601693393037, "lr": 0.7012080919186323}, "datetime": {"datetime": "2024-06-13 15:57:58", "elapsed": 5.467849, "delta": 0.005285}}
{"target": -1814.7499548852686, "params": {"gamma": 9.871843637581678, "lr": 0.5623944559571782}, "datetime": {"datetime": "2024-06-13 15:57:58", "elapsed": 5.471838, "delta": 0.003989}}
{"target": -1609.557118904369, "params": {"gamma": 8.644298200721781, "lr": 0.4187086750571659}, "datetime": {"datetime": "2024-06-13 15:57:58", "elapsed": 5.476825, "delta": 0.004987}}
{"target": -1581.135296086698, "params": {"gamma": 6.545039042923117, "lr": 0.9252611878587662}, "datetime": {"datetime": "2024-06-13 15:57:58", "elapsed": 5.480814, "delta": 0.003989}}
{"target": -1052.1658432412307, "params": {"gamma": 6.64184400562511, "lr": 0.3030806759430662}, "datetime": {"datetime": "2024-06-13 15:57:58", "elapsed": 5.48631, "delta": 0.005496}}
{"target": -1010.6325052963678, "params": {"gamma": 6.199836992922438, "lr": 0.35131832035819255}, "datetime": {"datetime": "2024-06-13 15:57:58", "elapsed": 5.490297, "delta": 0.003987}}
{"target": -664.6718750041981, "params": {"gamma": 3.224344384669061, "lr": 0.6102050587463702}, "datetime": {"datetime": "2024-06-13 15:57:58", "elapsed": 5.495284, "delta": 0.004987}}
{"target": -325.2321169153605, "params": {"gamma": 1.6040719966518822, "lr": 0.4867389357577533}, "datetime": {"datetime": "2024-06-13 15:57:58", "elapsed": 5.499375, "delta": 0.004091}}
{"target": -1525.8571863427362, "params": {"gamma": 9.456397215578926, "lr": 0.38391424197853796}, "datetime": {"datetime": "2024-06-13 15:57:58", "elapsed": 5.504361, "delta": 0.004986}}
{"target": -373.8396688337069, "params": {"gamma": 1.8904369698648686, "lr": 0.468838949642181}, "datetime": {"datetime": "2024-06-13 15:57:58", "elapsed": 5.508351, "delta": 0.00399}}
{"target": -1922.7971158944174, "params": {"gamma": 8.409237406703872, "lr": 0.8426677225950326}, "datetime": {"datetime": "2024-06-13 15:57:58", "elapsed": 5.513338, "delta": 0.004987}}
{"target": -3105.1582759050716, "params": {"gamma": 8.278204591352763, "lr": 0.011475512605813365}, "datetime": {"datetime": "2024-06-13 15:57:58", "elapsed": 5.517327, "delta": 0.003989}}
{"target": -658.7971562207923, "params": {"gamma": 2.6711360589730235, "lr": 0.9998757875742624}, "datetime": {"datetime": "2024-06-13 15:57:58", "elapsed": 5.522313, "delta": 0.004986}}
{"target": -259.13646102311816, "params": {"gamma": 1.1977130886476726, "lr": 0.4900894960876333}, "datetime": {"datetime": "2024-06-13 15:57:58", "elapsed": 5.526302, "delta": 0.003989}}
{"target": -2541.3788246206595, "params": {"gamma": 7.900471479876251, "lr": 0.12221391009385618}, "datetime": {"datetime": "2024-06-13 15:57:58", "elapsed": 5.531289, "delta": 0.004987}}
{"target": -1224.7472418226089, "params": {"gamma": 6.624429397731788, "lr": 0.4880804455213241}, "datetime": {"datetime": "2024-06-13 15:57:58", "elapsed": 5.535278, "delta": 0.003989}}
{"target": -478.4239999127953, "params": {"gamma": 1.9437055308797813, "lr": 0.8786300265827204}, "datetime": {"datetime": "2024-06-13 15:57:58", "elapsed": 5.540265, "delta": 0.004987}}
{"target": -383.81386745968956, "params": {"gamma": 1.8156924881797458, "lr": 0.6390528592947753}, "datetime": {"datetime": "2024-06-13 15:57:58", "elapsed": 5.544254, "delta": 0.003989}}
{"target": -1366.5733287542212, "params": {"gamma": 7.4085279551010945, "lr": 0.5626728865932282}, "datetime": {"datetime": "2024-06-13 15:57:58", "elapsed": 5.549241, "delta": 0.004987}}
{"target": -2025.7663848952286, "params": {"gamma": 6.288786844403314, "lr": 0.11896539662200445}, "datetime": {"datetime": "2024-06-13 15:57:58", "elapsed": 5.553231, "delta": 0.00399}}
{"target": -591.99624636123, "params": {"gamma": 3.0810618335582585, "lr": 0.5869622072296792}, "datetime": {"datetime": "2024-06-13 15:57:58", "elapsed": 5.557838, "delta": 0.004607}}
{"target": -796.2171966611185, "params": {"gamma": 3.955241699358807, "lr": 0.6639460814328006}, "datetime": {"datetime": "2024-06-13 15:57:58", "elapsed": 5.561627, "delta": 0.003789}}
{"target": -1988.260049201399, "params": {"gamma": 8.519694493398179, "lr": 0.19022208931218354}, "datetime": {"datetime": "2024-06-13 15:57:58", "elapsed": 5.566793, "delta": 0.005166}}
{"target": -1458.5357276290204, "params": {"gamma": 9.032823736002479, "lr": 0.38317585043109326}, "datetime": {"datetime": "2024-06-13 15:57:58", "elapsed": 5.571287, "delta": 0.004494}}
{"target": -1908.9191912662948, "params": {"gamma": 9.431300182951817, "lr": 0.6173823130249652}, "datetime": {"datetime": "2024-06-13 15:57:58", "elapsed": 5.576138, "delta": 0.004851}}
{"target": -1423.4017208001026, "params": {"gamma": 7.901165115937855, "lr": 0.514775428373226}, "datetime": {"datetime": "2024-06-13 15:57:58", "elapsed": 5.580125, "delta": 0.003987}}
{"target": -847.1485201817497, "params": {"gamma": 5.311915799238696, "lr": 0.3275938987659719}, "datetime": {"datetime": "2024-06-13 15:57:58", "elapsed": 5.584901, "delta": 0.004776}}
{"target": -249.4658609071996, "params": {"gamma": 1.2945177075663274, "lr": 0.3838219118604237}, "datetime": {"datetime": "2024-06-13 15:57:58", "elapsed": 5.589759, "delta": 0.004858}}
{"target": -827.289242839966, "params": {"gamma": 2.1505498314359848, "lr": 0.03286525588191658}, "datetime": {"datetime": "2024-06-13 15:57:58", "elapsed": 5.594746, "delta": 0.004987}}
{"target": -639.1925680013342, "params": {"gamma": 2.7495934114227696, "lr": 0.18057605266685695}, "datetime": {"datetime": "2024-06-13 15:57:58", "elapsed": 5.59873, "delta": 0.003984}}
{"target": -3282.9141913753774, "params": {"gamma": 8.75542762006619, "lr": 0.08123656243140498}, "datetime": {"datetime": "2024-06-13 15:57:58", "elapsed": 5.604329, "delta": 0.005599}}
{"target": -416.8545166850311, "params": {"gamma": 1.8397720952197505, "lr": 0.7040306955363342}, "datetime": {"datetime": "2024-06-13 15:57:58", "elapsed": 5.608318, "delta": 0.003989}}
{"target": -1545.881429018384, "params": {"gamma": 9.192339684311714, "lr": 0.2514584522319341}, "datetime": {"datetime": "2024-06-13 15:57:58", "elapsed": 5.613429, "delta": 0.005111}}
{"target": -148.81027992495063, "params": {"gamma": 0.21399001348235436, "lr": 0.9605044727550998}, "datetime": {"datetime": "2024-06-13 15:57:58", "elapsed": 5.618019, "delta": 0.00459}}
{"target": -1080.0451114371606, "params": {"gamma": 6.8225241840990325, "lr": 0.3106626960638559}, "datetime": {"datetime": "2024-06-13 15:57:58", "elapsed": 5.622008, "delta": 0.003989}}
{"target": -895.4679094024863, "params": {"gamma": 4.724262048710183, "lr": 0.5992558738787634}, "datetime": {"datetime": "2024-06-13 15:57:58", "elapsed": 5.626994, "delta": 0.004986}}
{"target": -888.415910334774, "params": {"gamma": 3.7393118520813564, "lr": 0.874487796621177}, "datetime": {"datetime": "2024-06-13 15:57:58", "elapsed": 5.631983, "delta": 0.004989}}
{"target": -1752.4082193440515, "params": {"gamma": 7.261999710487967, "lr": 0.9543407046242112}, "datetime": {"datetime": "2024-06-13 15:57:58", "elapsed": 5.636968, "delta": 0.004985}}
{"target": -857.7086980427302, "params": {"gamma": 3.5113041629592687, "lr": 0.9371740887217811}, "datetime": {"datetime": "2024-06-13 15:57:58", "elapsed": 5.640957, "delta": 0.003989}}
{"target": -960.4973504726294, "params": {"gamma": 4.791526641683215, "lr": 0.6423226386484714}, "datetime": {"datetime": "2024-06-13 15:57:58", "elapsed": 5.645944, "delta": 0.004987}}
{"target": -1658.6544001092482, "params": {"gamma": 7.36673540034412, "lr": 0.8093379690056801}, "datetime": {"datetime": "2024-06-13 15:57:58", "elapsed": 5.649934, "delta": 0.00399}}
{"target": -739.4969902663223, "params": {"gamma": 3.963197413459656, "lr": 0.44794597851477114}, "datetime": {"datetime": "2024-06-13 15:57:58", "elapsed": 5.65492, "delta": 0.004986}}
{"target": -1732.3249431355282, "params": {"gamma": 8.172952984101395, "lr": 0.7175572030909549}, "datetime": {"datetime": "2024-06-13 15:57:58", "elapsed": 5.658909, "delta": 0.003989}}
{"target": -2265.3271537613123, "params": {"gamma": 9.408551244537064, "lr": 0.9795978714178412}, "datetime": {"datetime": "2024-06-13 15:57:58", "elapsed": 5.662898, "delta": 0.003989}}
{"target": -346.33417665389237, "params": {"gamma": 1.7899544503221003, "lr": 0.2279194118127552}, "datetime": {"datetime": "2024-06-13 15:57:58", "elapsed": 5.667885, "delta": 0.004987}}
{"target": -1505.370931678703, "params": {"gamma": 7.16014848634319, "lr": 0.7473827346542434}, "datetime": {"datetime": "2024-06-13 15:57:58", "elapsed": 5.672872, "delta": 0.004987}}
{"target": -1429.4840572716846, "params": {"gamma": 6.032192362771022, "lr": 0.8772997642215113}, "datetime": {"datetime": "2024-06-13 15:57:58", "elapsed": 5.676861, "delta": 0.003989}}
{"target": -428.8441801991152, "params": {"gamma": 2.5206526306452743, "lr": 0.3394873942967924}, "datetime": {"datetime": "2024-06-13 15:57:58", "elapsed": 5.681848, "delta": 0.004987}}
{"target": -790.9882100872643, "params": {"gamma": 4.946973834220983, "lr": 0.31502708896856757}, "datetime": {"datetime": "2024-06-13 15:57:58", "elapsed": 5.685837, "delta": 0.003989}}
{"target": -1137.274668635036, "params": {"gamma": 5.454845454328703, "lr": 0.6824780792979444}, "datetime": {"datetime": "2024-06-13 15:57:58", "elapsed": 5.690824, "delta": 0.004987}}
{"target": -428.25689314659616, "params": {"gamma": 2.2044486446357947, "lr": 0.48533745396838057}, "datetime": {"datetime": "2024-06-13 15:57:58", "elapsed": 5.694814, "delta": 0.00399}}
{"target": -1559.8619932385072, "params": {"gamma": 9.929820595017146, "lr": 0.3241613031812349}, "datetime": {"datetime": "2024-06-13 15:57:58", "elapsed": 5.6998, "delta": 0.004986}}
{"target": -159.8396826805729, "params": {"gamma": 0.35458383299364826, "lr": 0.8173517292840132}, "datetime": {"datetime": "2024-06-13 15:57:58", "elapsed": 5.704787, "delta": 0.004987}}
{"target": -1896.8495788941987, "params": {"gamma": 5.033564529213024, "lr": 0.052783856118570505}, "datetime": {"datetime": "2024-06-13 15:57:58", "elapsed": 5.708776, "delta": 0.003989}}
{"target": -1657.3006574387828, "params": {"gamma": 8.903159967215188, "lr": 0.4045143799803578}, "datetime": {"datetime": "2024-06-13 15:57:58", "elapsed": 5.712765, "delta": 0.003989}}
{"target": -1729.1690014696662, "params": {"gamma": 9.292802548221829, "lr": 0.40207817380056154}, "datetime": {"datetime": "2024-06-13 15:57:58", "elapsed": 5.718123, "delta": 0.005358}}
{"target": -194.56607533407384, "params": {"gamma": 0.7692460154620339, "lr": 0.2453011441199927}, "datetime": {"datetime": "2024-06-13 15:57:58", "elapsed": 5.722618, "delta": 0.004495}}
{"target": -765.9914762482298, "params": {"gamma": 3.503254796566321, "lr": 0.7507282923552251}, "datetime": {"datetime": "2024-06-13 15:57:58", "elapsed": 5.726607, "delta": 0.003989}}
{"target": -371.6646707265025, "params": {"gamma": 1.8482967753404873, "lr": 0.4309736537258744}, "datetime": {"datetime": "2024-06-13 15:57:58", "elapsed": 5.731594, "delta": 0.004987}}
{"target": -1570.923290742243, "params": {"gamma": 8.732580952739871, "lr": 0.5337610913727832}, "datetime": {"datetime": "2024-06-13 15:57:58", "elapsed": 5.736581, "delta": 0.004987}}
{"target": -423.2109438404393, "params": {"gamma": 1.0324440427708175, "lr": 0.024522487054632225}, "datetime": {"datetime": "2024-06-13 15:57:58", "elapsed": 5.74057, "delta": 0.003989}}
{"target": -1703.765283911989, "params": {"gamma": 7.058392201809326, "lr": 0.979127490958217}, "datetime": {"datetime": "2024-06-13 15:57:58", "elapsed": 5.745557, "delta": 0.004987}}
{"target": -1694.2981259608848, "params": {"gamma": 7.851867464260117, "lr": 0.7647261968454175}, "datetime": {"datetime": "2024-06-13 15:57:58", "elapsed": 5.750544, "delta": 0.004987}}
{"target": -1459.6454542139743, "params": {"gamma": 6.754799709264521, "lr": 0.7955027102986651}, "datetime": {"datetime": "2024-06-13 15:57:58", "elapsed": 5.75553, "delta": 0.004986}}
{"target": -156.9326063738543, "params": {"gamma": 0.40113783894076427, "lr": 0.264681631716854}, "datetime": {"datetime": "2024-06-13 15:57:58", "elapsed": 5.760744, "delta": 0.005214}}
{"target": -1634.413956084595, "params": {"gamma": 6.9542799621795535, "lr": 0.8669883296077439}, "datetime": {"datetime": "2024-06-13 15:57:58", "elapsed": 5.76587, "delta": 0.005126}}
{"target": -1531.3500908531596, "params": {"gamma": 6.746394111296426, "lr": 0.17627612798343162}, "datetime": {"datetime": "2024-06-13 15:57:58", "elapsed": 5.770917, "delta": 0.005047}}
{"target": -2229.6831005538074, "params": {"gamma": 9.363148290996985, "lr": 0.9033787001108529}, "datetime": {"datetime": "2024-06-13 15:57:58", "elapsed": 5.775903, "delta": 0.004986}}
{"target": -245.3200673605358, "params": {"gamma": 0.8677009826349238, "lr": 0.193000037574253}, "datetime": {"datetime": "2024-06-13 15:57:58", "elapsed": 5.78089, "delta": 0.004987}}
{"target": -592.2541023284737, "params": {"gamma": 2.7526551130746566, "lr": 0.7384118706046068}, "datetime": {"datetime": "2024-06-13 15:57:59", "elapsed": 5.785876, "delta": 0.004986}}
{"target": -1616.0458164784045, "params": {"gamma": 8.59387390968027, "lr": 0.5783223874515512}, "datetime": {"datetime": "2024-06-13 15:57:59", "elapsed": 5.790863, "delta": 0.004987}}
{"target": -393.7959182889376, "params": {"gamma": 1.9972560609459706, "lr": 0.41508988762136245}, "datetime": {"datetime": "2024-06-13 15:57:59", "elapsed": 5.795849, "delta": 0.004986}}
{"target": -359.5637722841873, "params": {"gamma": 1.3794541434408072, "lr": 0.9173961868584244}, "datetime": {"datetime": "2024-06-13 15:57:59", "elapsed": 5.799839, "delta": 0.00399}}
{"target": -1378.0521029024087, "params": {"gamma": 7.645544873164326, "lr": 0.5102138338060775}, "datetime": {"datetime": "2024-06-13 15:57:59", "elapsed": 5.804734, "delta": 0.004895}}
{"target": -1609.5050316120887, "params": {"gamma": 4.536296856665209, "lr": 0.0978420783455699}, "datetime": {"datetime": "2024-06-13 15:57:59", "elapsed": 5.809712, "delta": 0.004978}}
{"target": -1035.7874567131237, "params": {"gamma": 3.1874348876469725, "lr": 0.12063279535739646}, "datetime": {"datetime": "2024-06-13 15:57:59", "elapsed": 5.813701, "delta": 0.003989}}
{"target": -1409.6402133176368, "params": {"gamma": 7.823598295559239, "lr": 0.5448837066761946}, "datetime": {"datetime": "2024-06-13 15:57:59", "elapsed": 5.818688, "delta": 0.004987}}
{"target": -427.02664627545954, "params": {"gamma": 2.2735465367701733, "lr": 0.22420283925593631}, "datetime": {"datetime": "2024-06-13 15:57:59", "elapsed": 5.823675, "delta": 0.004987}}
{"target": -434.22862531901905, "params": {"gamma": 2.6047215769603396, "lr": 0.308872752316256}, "datetime": {"datetime": "2024-06-13 15:57:59", "elapsed": 5.827664, "delta": 0.003989}}
{"target": -614.1404959813207, "params": {"gamma": 3.8776636126823174, "lr": 0.29754893237723723}, "datetime": {"datetime": "2024-06-13 15:57:59", "elapsed": 5.832652, "delta": 0.004988}}
{"target": -2553.0531754801414, "params": {"gamma": 6.795879389436971, "lr": 0.03507361930507891}, "datetime": {"datetime": "2024-06-13 15:57:59", "elapsed": 5.837638, "delta": 0.004986}}
{"target": -700.8629916621449, "params": {"gamma": 3.2817750389987497, "lr": 0.7452918728580155}, "datetime": {"datetime": "2024-06-13 15:57:59", "elapsed": 5.842624, "delta": 0.004986}}
{"target": -2117.2162360257826, "params": {"gamma": 9.428137042767773, "lr": 0.8027325501575512}, "datetime": {"datetime": "2024-06-13 15:57:59", "elapsed": 5.846614, "delta": 0.00399}}
{"target": -450.02824534199027, "params": {"gamma": 2.4090212695059683, "lr": 0.2329154683838317}, "datetime": {"datetime": "2024-06-13 15:57:59", "elapsed": 5.851601, "delta": 0.004987}}
{"target": -469.46498525248666, "params": {"gamma": 1.904177610377174, "lr": 0.8824975348586093}, "datetime": {"datetime": "2024-06-13 15:57:59", "elapsed": 5.856587, "delta": 0.004986}}
{"target": -529.3616368065278, "params": {"gamma": 2.3793190167249576, "lr": 0.7581806234131274}, "datetime": {"datetime": "2024-06-13 15:57:59", "elapsed": 5.860576, "delta": 0.003989}}
{"target": -997.1403159429276, "params": {"gamma": 2.611236264315461, "lr": 0.03308184340751563}, "datetime": {"datetime": "2024-06-13 15:57:59", "elapsed": 5.865563, "delta": 0.004987}}
{"target": -1556.3430467225924, "params": {"gamma": 7.334743552987591, "lr": 0.7262018097952009}, "datetime": {"datetime": "2024-06-13 15:57:59", "elapsed": 5.869552, "delta": 0.003989}}
{"target": -198.17691336704436, "params": {"gamma": 0.8905021504995737, "lr": 0.3267012579296016}, "datetime": {"datetime": "2024-06-13 15:57:59", "elapsed": 5.874539, "delta": 0.004987}}
{"target": -2480.560191754036, "params": {"gamma": 9.483704536600037, "lr": 0.16294899858218448}, "datetime": {"datetime": "2024-06-13 15:57:59", "elapsed": 5.878794, "delta": 0.004255}}
{"target": -210.119643749629, "params": {"gamma": 0.8676380540564483, "lr": 0.5946038881116259}, "datetime": {"datetime": "2024-06-13 15:57:59", "elapsed": 5.883781, "delta": 0.004987}}
{"target": -2795.4872080071145, "params": {"gamma": 9.309967663594373, "lr": 0.1337783077430914}, "datetime": {"datetime": "2024-06-13 15:57:59", "elapsed": 5.888767, "delta": 0.004986}}
{"target": -1070.598117402951, "params": {"gamma": 5.130609924306518, "lr": 0.6839992141169576}, "datetime": {"datetime": "2024-06-13 15:57:59", "elapsed": 5.892756, "delta": 0.003989}}
{"target": -669.3715569937331, "params": {"gamma": 1.7191257663086643, "lr": 0.011259893492189477}, "datetime": {"datetime": "2024-06-13 15:57:59", "elapsed": 5.897743, "delta": 0.004987}}
{"target": -3328.176880139056, "params": {"gamma": 8.876943621666769, "lr": 0.035231270653359514}, "datetime": {"datetime": "2024-06-13 15:57:59", "elapsed": 5.90273, "delta": 0.004987}}
{"target": -527.7703283086461, "params": {"gamma": 2.575325379792938, "lr": 0.6516840317406685}, "datetime": {"datetime": "2024-06-13 15:57:59", "elapsed": 5.908332, "delta": 0.005602}}
