{"target": -196.87668102705987, "params": {"p_ai": 9.00602115151299, "p_al": 8.102939975399439, "p_ex": 5.408957978271053, "prior": 4.050888574518294, "rate": 3.9723842641831384}, "datetime": {"datetime": "2024-06-12 21:00:29", "elapsed": 128.716937, "delta": 0.118281}}
{"target": -142.96240658092958, "params": {"p_ai": 1.1407744850837678, "p_al": 9.37251222392266, "p_ex": 2.3461206012549862, "prior": 1.5290154598338772, "rate": 5.100648048748763}, "datetime": {"datetime": "2024-06-12 21:00:29", "elapsed": 128.835187, "delta": 0.11825}}
{"target": -115.61698579998766, "params": {"p_ai": 4.550990310069778, "p_al": 0.741195677957228, "p_ex": 5.756153151918489, "prior": 6.98565427848021, "rate": 4.905996798082162}, "datetime": {"datetime": "2024-06-12 21:00:29", "elapsed": 128.954869, "delta": 0.119682}}
{"target": -140.3779101738707, "params": {"p_ai": 0.7298636292201426, "p_al": 1.7974602213999658, "p_ex": 1.1602386580615005, "prior": 5.835042278802777, "rate": 0.8517929419359279}, "datetime": {"datetime": "2024-06-12 21:00:29", "elapsed": 129.081089, "delta": 0.12622}}
{"target": -118.22926346722582, "params": {"p_ai": 3.8411646857898374, "p_al": 1.4724167980156326, "p_ex": 4.115450872320082, "prior": 6.253124313642986, "rate": 3.5960370773628587}, "datetime": {"datetime": "2024-06-12 21:00:29", "elapsed": 129.200625, "delta": 0.119536}}
{"target": -175.47160005499032, "params": {"p_ai": 8.959947493135243, "p_al": 4.175385995901437, "p_ex": 9.336618707857031, "prior": 8.204747872100748, "rate": 1.1673082330925828}, "datetime": {"datetime": "2024-06-12 21:00:30", "elapsed": 129.31931, "delta": 0.118685}}
{"target": -107.81378572911792, "params": {"p_ai": 1.04055225035615, "p_al": 1.3289685737075208, "p_ex": 6.3850452068779955, "prior": 6.8462367597475735, "rate": 7.900310828063816}, "datetime": {"datetime": "2024-06-12 21:00:30", "elapsed": 129.438559, "delta": 0.119249}}
{"target": -128.60533946689543, "params": {"p_ai": 5.423716313506835, "p_al": 6.753903334133415, "p_ex": 6.86782996092407, "prior": 3.3829604515267047, "rate": 6.50551261095516}, "datetime": {"datetime": "2024-06-12 21:00:30", "elapsed": 129.557242, "delta": 0.118683}}
{"target": -103.14820576607806, "params": {"p_ai": 4.041556089281965, "p_al": 6.402004807053291, "p_ex": 9.346267563130283, "prior": 4.300276952021971, "rate": 5.062169284611167}, "datetime": {"datetime": "2024-06-12 21:00:30", "elapsed": 129.680476, "delta": 0.123234}}
{"target": -108.65099477834191, "params": {"p_ai": 3.321315955327793, "p_al": 5.787626649270162, "p_ex": 8.63433961200101, "prior": 2.8372099107495634, "rate": 8.3440688316731}, "datetime": {"datetime": "2024-06-12 21:00:30", "elapsed": 129.799981, "delta": 0.119505}}
{"target": -134.8225867340211, "params": {"p_ai": 5.19525257002433, "p_al": 2.261536524307906, "p_ex": 4.195052837461809, "prior": 1.6707797438122824, "rate": 9.124032852774677}, "datetime": {"datetime": "2024-06-12 21:00:30", "elapsed": 129.918172, "delta": 0.118191}}
{"target": -148.92720983508195, "params": {"p_ai": 0.5804135275146948, "p_al": 6.0404303253472555, "p_ex": 1.0404127277565, "prior": 3.135467231273893, "rate": 1.430273657454418}, "datetime": {"datetime": "2024-06-12 21:00:30", "elapsed": 130.03817, "delta": 0.119998}}
{"target": -118.5961854372043, "params": {"p_ai": 4.995605364951713, "p_al": 6.361341648049341, "p_ex": 8.292725454727396, "prior": 4.500679335876382, "rate": 7.694721722549676}, "datetime": {"datetime": "2024-06-12 21:00:30", "elapsed": 130.170637, "delta": 0.132467}}
{"target": -181.27113048687963, "params": {"p_ai": 5.953782798974832, "p_al": 9.722671066127008, "p_ex": 1.1980382373790506, "prior": 8.163360508295652, "rate": 8.35172689292234}, "datetime": {"datetime": "2024-06-12 21:00:30", "elapsed": 130.289791, "delta": 0.119154}}
{"target": -167.5120093492092, "params": {"p_ai": 7.915926255491784, "p_al": 4.548793901755333, "p_ex": 5.2725668517843856, "prior": 9.853860789595378, "rate": 9.446413498524006}, "datetime": {"datetime": "2024-06-12 21:00:31", "elapsed": 130.411092, "delta": 0.121301}}
{"target": -168.9360357034289, "params": {"p_ai": 7.630254534904332, "p_al": 4.603153079254813, "p_ex": 5.4028153672728605, "prior": 8.045798752128785, "rate": 2.7694190259593214}, "datetime": {"datetime": "2024-06-12 21:00:31", "elapsed": 130.53049, "delta": 0.119398}}
{"target": -113.03719534340753, "params": {"p_ai": 2.5660746449201204, "p_al": 2.139399592613354, "p_ex": 5.5125104016000455, "prior": 9.51400463278507, "rate": 2.3781292082021652}, "datetime": {"datetime": "2024-06-12 21:00:31", "elapsed": 130.649172, "delta": 0.118682}}
{"target": -169.40286920213367, "params": {"p_ai": 8.016191948242625, "p_al": 0.3050697728019885, "p_ex": 5.062693893865372, "prior": 2.840969561694019, "rate": 2.8279345769967326}, "datetime": {"datetime": "2024-06-12 21:00:31", "elapsed": 130.767985, "delta": 0.118813}}
{"target": -117.10305298699177, "params": {"p_ai": 3.9203469333642396, "p_al": 5.35503815277569, "p_ex": 7.729080748891848, "prior": 9.616620886718035, "rate": 1.5047059924704762}, "datetime": {"datetime": "2024-06-12 21:00:31", "elapsed": 130.886667, "delta": 0.118682}}
{"target": -133.94551402523413, "params": {"p_ai": 3.948506624298461, "p_al": 1.628239861491975, "p_ex": 8.366584905960446, "prior": 0.848939363998362, "rate": 8.56300093082201}, "datetime": {"datetime": "2024-06-12 21:00:31", "elapsed": 131.006106, "delta": 0.119439}}
{"target": -167.93567188134517, "params": {"p_ai": 7.408710726097538, "p_al": 8.583506747549555, "p_ex": 8.899312178011375, "prior": 1.5086156837021263, "rate": 5.5673037568750585}, "datetime": {"datetime": "2024-06-12 21:00:31", "elapsed": 131.124789, "delta": 0.118683}}
{"target": -150.27962104440445, "params": {"p_ai": 3.0258735823548673, "p_al": 2.7129607380351044, "p_ex": 0.16532732155215554, "prior": 5.152292531010813, "rate": 0.19147494677606597}, "datetime": {"datetime": "2024-06-12 21:00:31", "elapsed": 131.244234, "delta": 0.119445}}
{"target": -218.94081357441442, "params": {"p_ai": 8.982387549518384, "p_al": 2.6705499326512445, "p_ex": 4.934240682090825, "prior": 6.364538822186757, "rate": 0.015996068662820412}, "datetime": {"datetime": "2024-06-12 21:00:32", "elapsed": 131.363301, "delta": 0.119067}}
{"target": -116.58290145646114, "params": {"p_ai": 1.1332762215360346, "p_al": 4.6659477575289365, "p_ex": 6.233154737614458, "prior": 8.196890952415792, "rate": 4.148641338539144}, "datetime": {"datetime": "2024-06-12 21:00:32", "elapsed": 131.481789, "delta": 0.118488}}
{"target": -252.6293458513324, "params": {"p_ai": 9.268614494012429, "p_al": 5.974235073828673, "p_ex": 0.019306140396848814, "prior": 6.8006992180995605, "rate": 2.128523676734889}, "datetime": {"datetime": "2024-06-12 21:00:32", "elapsed": 131.600475, "delta": 0.118686}}
{"target": -151.75006440351447, "params": {"p_ai": 0.1535430664843777, "p_al": 7.357746568123304, "p_ex": 5.519551912752578, "prior": 7.836427271615353, "rate": 0.8826025604544863}, "datetime": {"datetime": "2024-06-12 21:00:32", "elapsed": 131.723284, "delta": 0.122809}}
{"target": -106.59075658720121, "params": {"p_ai": 3.557641134340776, "p_al": 2.997716685977381, "p_ex": 5.690460974182054, "prior": 5.102021899170938, "rate": 7.821480373966176}, "datetime": {"datetime": "2024-06-12 21:00:32", "elapsed": 131.84377, "delta": 0.120486}}
{"target": -100.35171482659817, "params": {"p_ai": 1.8713920251723999, "p_al": 5.765378570105822, "p_ex": 6.444129706059222, "prior": 4.599220004875528, "rate": 5.580214322469496}, "datetime": {"datetime": "2024-06-12 21:00:32", "elapsed": 131.962452, "delta": 0.118682}}
{"target": -210.79999320389592, "params": {"p_ai": 9.743286307322958, "p_al": 7.516972503104567, "p_ex": 3.8104826236472786, "prior": 4.340728838399114, "rate": 7.1286020094809155}, "datetime": {"datetime": "2024-06-12 21:00:32", "elapsed": 132.081793, "delta": 0.119341}}
{"target": -143.6106343918567, "params": {"p_ai": 0.9380272253159303, "p_al": 6.378444418173399, "p_ex": 1.1444706002755325, "prior": 1.0193780310022393, "rate": 6.667021122891057}, "datetime": {"datetime": "2024-06-12 21:00:32", "elapsed": 132.201803, "delta": 0.12001}}
{"target": -100.07592478359285, "params": {"p_ai": 1.6718316754921494, "p_al": 7.647419971523622, "p_ex": 7.506153520363204, "prior": 3.120890696515402, "rate": 5.7090751316208}, "datetime": {"datetime": "2024-06-12 21:00:33", "elapsed": 132.323983, "delta": 0.12218}}
{"target": -175.04220287316056, "params": {"p_ai": 6.451761309420609, "p_al": 8.11483462906578, "p_ex": 2.0154617304835343, "prior": 6.762750921175965, "rate": 8.229082944239403}, "datetime": {"datetime": "2024-06-12 21:00:33", "elapsed": 132.447653, "delta": 0.12367}}
{"target": -139.4119746907973, "params": {"p_ai": 4.144442403173417, "p_al": 4.93747435337824, "p_ex": 5.142979711493183, "prior": 9.393346948548995, "rate": 0.5174559628579339}, "datetime": {"datetime": "2024-06-12 21:00:33", "elapsed": 132.569329, "delta": 0.121676}}
{"target": -145.7901367332244, "params": {"p_ai": 5.715956688116926, "p_al": 4.89811116337683, "p_ex": 3.43893717379704, "prior": 6.699497281794499, "rate": 7.6946306666071145}, "datetime": {"datetime": "2024-06-12 21:00:33", "elapsed": 132.69575, "delta": 0.126421}}
{"target": -145.51377558695083, "params": {"p_ai": 5.401055710011223, "p_al": 0.4173388331209862, "p_ex": 2.351573570535765, "prior": 0.20537707355366863, "rate": 3.2784551452972495}, "datetime": {"datetime": "2024-06-12 21:00:33", "elapsed": 132.822111, "delta": 0.126361}}
{"target": -123.36937792064097, "params": {"p_ai": 4.6810927226785255, "p_al": 7.845906561782468, "p_ex": 5.323197285329133, "prior": 4.774787580289247, "rate": 6.97979925706494}, "datetime": {"datetime": "2024-06-12 21:00:33", "elapsed": 132.941995, "delta": 0.119884}}
{"target": -130.73785923374595, "params": {"p_ai": 0.17515443583683923, "p_al": 6.950212658575371, "p_ex": 3.120283908366149, "prior": 5.598349803704971, "rate": 6.068459647449929}, "datetime": {"datetime": "2024-06-12 21:00:33", "elapsed": 133.061657, "delta": 0.119662}}
{"target": -103.55514646928702, "params": {"p_ai": 1.8222444288432162, "p_al": 2.503475630001388, "p_ex": 5.788601767479563, "prior": 2.626964094789226, "rate": 2.394931076617789}, "datetime": {"datetime": "2024-06-12 21:00:33", "elapsed": 133.181214, "delta": 0.119557}}
{"target": -140.2682294741218, "params": {"p_ai": 3.5909544712195682, "p_al": 9.044205571519699, "p_ex": 8.692233844849905, "prior": 5.140843749597316, "rate": 0.518425063389165}, "datetime": {"datetime": "2024-06-12 21:00:34", "elapsed": 133.336086, "delta": 0.154872}}
{"target": -162.8527495396257, "params": {"p_ai": 8.003578731196113, "p_al": 1.8127106900062346, "p_ex": 6.687743802830694, "prior": 8.353881775946903, "rate": 9.648000771149587}, "datetime": {"datetime": "2024-06-12 21:00:34", "elapsed": 133.461751, "delta": 0.125665}}
{"target": -103.82693986718901, "params": {"p_ai": 1.2693322409733296, "p_al": 5.2335899057090876, "p_ex": 8.506259835578277, "prior": 5.376554931110454, "rate": 7.300734714387249}, "datetime": {"datetime": "2024-06-12 21:00:34", "elapsed": 133.591403, "delta": 0.129652}}
{"target": -162.34506470288514, "params": {"p_ai": 7.854811002586698, "p_al": 8.36611885215124, "p_ex": 6.665657739071529, "prior": 8.977494158102747, "rate": 6.4782645488662265}, "datetime": {"datetime": "2024-06-12 21:00:34", "elapsed": 133.719305, "delta": 0.127902}}
{"target": -179.74700285219382, "params": {"p_ai": 9.446429266156732, "p_al": 6.293354520653859, "p_ex": 8.724413810278625, "prior": 5.956957948921218, "rate": 3.4441454939220204}, "datetime": {"datetime": "2024-06-12 21:00:34", "elapsed": 133.857248, "delta": 0.137943}}
{"target": -204.81461073415963, "params": {"p_ai": 8.134761405617539, "p_al": 4.324377898849634, "p_ex": 1.26633005871915, "prior": 9.685718757922707, "rate": 8.52578267545826}, "datetime": {"datetime": "2024-06-12 21:00:34", "elapsed": 133.981918, "delta": 0.12467}}
{"target": -137.92847910556281, "params": {"p_ai": 5.613032976457021, "p_al": 6.70645236332923, "p_ex": 9.977244494869737, "prior": 1.6139258941379875, "rate": 5.345865061083275}, "datetime": {"datetime": "2024-06-12 21:00:34", "elapsed": 134.119722, "delta": 0.137804}}
{"target": -154.79143388687427, "params": {"p_ai": 3.9103960995083145, "p_al": 5.411934552410746, "p_ex": 1.0346751548979976, "prior": 4.407981838836031, "rate": 4.615179910338178}, "datetime": {"datetime": "2024-06-12 21:00:34", "elapsed": 134.246922, "delta": 0.1272}}
{"target": -136.6252494283232, "params": {"p_ai": 5.959320550265768, "p_al": 6.624089435667514, "p_ex": 5.9019035859365445, "prior": 7.294098218201382, "rate": 5.809445336004908}, "datetime": {"datetime": "2024-06-12 21:00:35", "elapsed": 134.374417, "delta": 0.127495}}
{"target": -138.79172929385498, "params": {"p_ai": 4.431587983023527, "p_al": 4.968387656954369, "p_ex": 4.301458081482029, "prior": 2.1015284571954447, "rate": 2.268784360438243}, "datetime": {"datetime": "2024-06-12 21:00:35", "elapsed": 134.493431, "delta": 0.119014}}
{"target": -113.26635661644929, "params": {"p_ai": 4.574429372227603, "p_al": 4.336093573615487, "p_ex": 7.793058306926475, "prior": 4.209162904499499, "rate": 6.734009957010978}, "datetime": {"datetime": "2024-06-12 21:00:35", "elapsed": 134.614087, "delta": 0.120656}}
{"target": -111.96308142570291, "params": {"p_ai": 1.6612208005950855, "p_al": 8.240765784945472, "p_ex": 6.8543823546258436, "prior": 7.890734933535461, "rate": 3.595485391756027}, "datetime": {"datetime": "2024-06-12 21:00:35", "elapsed": 134.732515, "delta": 0.118428}}
{"target": -173.01473543064932, "params": {"p_ai": 6.62582745539401, "p_al": 2.1716875482551337, "p_ex": 2.2108368698919416, "prior": 2.4253252674042707, "rate": 2.646618581923333}, "datetime": {"datetime": "2024-06-12 21:00:35", "elapsed": 134.851649, "delta": 0.119134}}
{"target": -119.04613505621208, "params": {"p_ai": 4.0847111440288835, "p_al": 8.287125786730796, "p_ex": 9.474248122372826, "prior": 6.3249475093286796, "rate": 1.348256625665745}, "datetime": {"datetime": "2024-06-12 21:00:35", "elapsed": 134.970536, "delta": 0.118887}}
{"target": -130.57918269379195, "params": {"p_ai": 4.200514533381073, "p_al": 9.361917703709535, "p_ex": 3.206122209008569, "prior": 6.1931905794918185, "rate": 9.351401339114533}, "datetime": {"datetime": "2024-06-12 21:00:35", "elapsed": 135.093434, "delta": 0.122898}}
{"target": -106.51651873097869, "params": {"p_ai": 4.607362678122438, "p_al": 5.004490142114326, "p_ex": 9.187018403826924, "prior": 9.298305886525743, "rate": 9.04496424702233}, "datetime": {"datetime": "2024-06-12 21:00:35", "elapsed": 135.240408, "delta": 0.146974}}
{"target": -132.800861622432, "params": {"p_ai": 5.136831672247763, "p_al": 6.398472694701441, "p_ex": 5.890472752605639, "prior": 1.5857897044582854, "rate": 6.234866594810311}, "datetime": {"datetime": "2024-06-12 21:00:36", "elapsed": 135.375602, "delta": 0.135194}}
{"target": -120.46160454852804, "params": {"p_ai": 3.1921240844594263, "p_al": 1.3082242705008968, "p_ex": 2.1508150426858728, "prior": 3.1372893115280216, "rate": 9.514566555966432}, "datetime": {"datetime": "2024-06-12 21:00:36", "elapsed": 135.495492, "delta": 0.11989}}
{"target": -208.56664544974925, "params": {"p_ai": 9.907680849822357, "p_al": 8.668996751551681, "p_ex": 4.619147929095499, "prior": 4.656706908529602, "rate": 7.647520341309665}, "datetime": {"datetime": "2024-06-12 21:00:36", "elapsed": 135.61357, "delta": 0.118078}}
{"target": -105.22621246324852, "params": {"p_ai": 0.9849823630854636, "p_al": 9.940379659168363, "p_ex": 6.9224566172976845, "prior": 2.9935576246966304, "rate": 9.088573077112654}, "datetime": {"datetime": "2024-06-12 21:00:36", "elapsed": 135.732239, "delta": 0.118669}}
{"target": -165.59788570493734, "params": {"p_ai": 5.526235888770702, "p_al": 0.8528145846196983, "p_ex": 1.0833491863453326, "prior": 0.3176168877888321, "rate": 2.16273116749421}, "datetime": {"datetime": "2024-06-12 21:00:36", "elapsed": 135.850634, "delta": 0.118395}}
{"target": -142.86425260791472, "params": {"p_ai": 0.51508803577319, "p_al": 5.103214380152735, "p_ex": 0.8303209478294978, "prior": 4.431779707933526, "rate": 2.362771206680796}, "datetime": {"datetime": "2024-06-12 21:00:36", "elapsed": 135.969631, "delta": 0.118997}}
{"target": -123.15682834484741, "params": {"p_ai": 5.597647255593374, "p_al": 4.390238946627599, "p_ex": 8.375567087137503, "prior": 3.3661110005444996, "rate": 2.3030862375648358}, "datetime": {"datetime": "2024-06-12 21:00:36", "elapsed": 136.088286, "delta": 0.118655}}
{"target": -264.1729745010514, "params": {"p_ai": 9.401218217622588, "p_al": 4.664170600314377, "p_ex": 0.2825494345653465, "prior": 0.7952844018626734, "rate": 5.556162103885447}, "datetime": {"datetime": "2024-06-12 21:00:36", "elapsed": 136.208013, "delta": 0.119727}}
{"target": -118.70618731222793, "params": {"p_ai": 2.1085032523654648, "p_al": 1.4832079169213832, "p_ex": 1.9561282189913078, "prior": 7.4477447466406055, "rate": 9.490190594750429}, "datetime": {"datetime": "2024-06-12 21:00:37", "elapsed": 136.327955, "delta": 0.119942}}
{"target": -135.1628845156465, "params": {"p_ai": 1.2946503015589848, "p_al": 8.797922693851072, "p_ex": 7.119486308304545, "prior": 5.568876331542589, "rate": 0.6711193665390025}, "datetime": {"datetime": "2024-06-12 21:00:37", "elapsed": 136.448096, "delta": 0.120141}}
{"target": -160.6389096716073, "params": {"p_ai": 7.877623428379662, "p_al": 8.12298926277983, "p_ex": 7.546064084925807, "prior": 5.5053451266130216, "rate": 6.316416327574792}, "datetime": {"datetime": "2024-06-12 21:00:37", "elapsed": 136.576504, "delta": 0.128408}}
{"target": -136.82819892920116, "params": {"p_ai": 4.367192277935727, "p_al": 3.079162242084743, "p_ex": 2.0779049813510024, "prior": 7.70783813326756, "rate": 9.347823400996651}, "datetime": {"datetime": "2024-06-12 21:00:37", "elapsed": 136.6953, "delta": 0.118796}}
{"target": -161.92803954559386, "params": {"p_ai": 6.215535623663079, "p_al": 5.342940039040913, "p_ex": 8.832821399586447, "prior": 0.4489849266452039, "rate": 3.027452733825171}, "datetime": {"datetime": "2024-06-12 21:00:37", "elapsed": 136.815543, "delta": 0.120243}}
{"target": -110.1029194170036, "params": {"p_ai": 3.825328639516465, "p_al": 0.3119638073727303, "p_ex": 5.199809613230569, "prior": 9.40582357294277, "rate": 7.972652948853503}, "datetime": {"datetime": "2024-06-12 21:00:37", "elapsed": 136.935275, "delta": 0.119732}}
{"target": -129.7329919564311, "params": {"p_ai": 5.351408522523899, "p_al": 6.7657338580782405, "p_ex": 7.852562956972108, "prior": 2.611671926966363, "rate": 2.757360350509144}, "datetime": {"datetime": "2024-06-12 21:00:37", "elapsed": 137.054049, "delta": 0.118774}}
{"target": -198.92862793816658, "params": {"p_ai": 6.05263264335791, "p_al": 6.74213697673649, "p_ex": 0.037131121203666864, "prior": 8.557154088853776, "rate": 1.4499755526920097}, "datetime": {"datetime": "2024-06-12 21:00:37", "elapsed": 137.173765, "delta": 0.119716}}
{"target": -186.9025555251516, "params": {"p_ai": 5.124009381904939, "p_al": 5.6222417066920745, "p_ex": 0.07290430277148773, "prior": 4.289076528699282, "rate": 5.337893921928115}, "datetime": {"datetime": "2024-06-12 21:00:37", "elapsed": 137.296945, "delta": 0.12318}}
{"target": -227.61506164694583, "params": {"p_ai": 6.907376297071434, "p_al": 9.031835670784622, "p_ex": 0.686542703866642, "prior": 2.8317040472904758, "rate": 5.279795197202099}, "datetime": {"datetime": "2024-06-12 21:00:38", "elapsed": 137.421065, "delta": 0.12412}}
{"target": -139.12962088801356, "params": {"p_ai": 2.9030594119041258, "p_al": 4.201892734282735, "p_ex": 9.820547479625972, "prior": 0.5702766745889652, "rate": 9.289203208835787}, "datetime": {"datetime": "2024-06-12 21:00:38", "elapsed": 137.559462, "delta": 0.138397}}
{"target": -159.45072811454818, "params": {"p_ai": 6.680114161371072, "p_al": 4.9863068821210605, "p_ex": 4.647506170595227, "prior": 5.589785773928347, "rate": 2.916579985185893}, "datetime": {"datetime": "2024-06-12 21:00:38", "elapsed": 137.683318, "delta": 0.123856}}
{"target": -100.70005931987815, "params": {"p_ai": 1.7188330067587443, "p_al": 6.197786816831587, "p_ex": 9.884784480754535, "prior": 5.162690424583267, "rate": 6.710412491894106}, "datetime": {"datetime": "2024-06-12 21:00:38", "elapsed": 137.805739, "delta": 0.122421}}
{"target": -123.64057650202118, "params": {"p_ai": 5.195806264186049, "p_al": 2.0011085780511912, "p_ex": 5.787379979419437, "prior": 9.578837720196626, "rate": 6.924549114998262}, "datetime": {"datetime": "2024-06-12 21:00:38", "elapsed": 137.932223, "delta": 0.126484}}
{"target": -150.44937738608076, "params": {"p_ai": 0.274342053750928, "p_al": 3.631824954464348, "p_ex": 6.33921964079754, "prior": 5.67116400617658, "rate": 1.2142157764054176}, "datetime": {"datetime": "2024-06-12 21:00:38", "elapsed": 138.060117, "delta": 0.127894}}
{"target": -186.45247939954288, "params": {"p_ai": 9.364796358912931, "p_al": 3.938997493293488, "p_ex": 7.292897957412184, "prior": 7.857086866488291, "rate": 2.1307142258890264}, "datetime": {"datetime": "2024-06-12 21:00:38", "elapsed": 138.186346, "delta": 0.126229}}
{"target": -179.1412081114396, "params": {"p_ai": 6.626580801883072, "p_al": 5.2341476294898825, "p_ex": 1.783794004691899, "prior": 7.184690140783069, "rate": 5.406224528163018}, "datetime": {"datetime": "2024-06-12 21:00:38", "elapsed": 138.30601, "delta": 0.119664}}
{"target": -103.39462828604256, "params": {"p_ai": 2.1417238051544096, "p_al": 4.1812000531608025, "p_ex": 6.8079344253726966, "prior": 9.937621475494428, "rate": 5.484829870474972}, "datetime": {"datetime": "2024-06-12 21:00:39", "elapsed": 138.426706, "delta": 0.120696}}
