{"target": -292.5238838736154, "params": {"gamma": 2.6971628183640655, "lr": 0.21045779104067575}, "datetime": {"datetime": "2024-06-13 19:54:39", "elapsed": 6.84071, "delta": 0.004987}}
{"target": -146.30334431263807, "params": {"gamma": 1.092174154085908, "lr": 0.3966811014027529}, "datetime": {"datetime": "2024-06-13 19:54:39", "elapsed": 6.844699, "delta": 0.003989}}
{"target": -148.79842118786493, "params": {"gamma": 0.8735791351201521, "lr": 0.6553896564824753}, "datetime": {"datetime": "2024-06-13 19:54:39", "elapsed": 6.849686, "delta": 0.004987}}
{"target": -1191.8769884834298, "params": {"gamma": 9.49833931470982, "lr": 0.755633280579152}, "datetime": {"datetime": "2024-06-13 19:54:39", "elapsed": 6.853676, "delta": 0.00399}}
{"target": -248.41969433266215, "params": {"gamma": 1.1698003792568261, "lr": 0.020481248718401956}, "datetime": {"datetime": "2024-06-13 19:54:39", "elapsed": 6.858662, "delta": 0.004986}}
{"target": -478.18377429999526, "params": {"gamma": 3.349553409033682, "lr": 0.9928761567590365}, "datetime": {"datetime": "2024-06-13 19:54:39", "elapsed": 6.862652, "delta": 0.00399}}
{"target": -383.78769695226146, "params": {"gamma": 3.129004648022036, "lr": 0.7375077987941283}, "datetime": {"datetime": "2024-06-13 19:54:39", "elapsed": 6.867638, "delta": 0.004986}}
{"target": -674.5745725494829, "params": {"gamma": 7.165577236537339, "lr": 0.5725575976952813}, "datetime": {"datetime": "2024-06-13 19:54:39", "elapsed": 6.871627, "delta": 0.003989}}
{"target": -385.64357619544387, "params": {"gamma": 3.6770929306387004, "lr": 0.2082656940300881}, "datetime": {"datetime": "2024-06-13 19:54:39", "elapsed": 6.876614, "delta": 0.004987}}
{"target": -1948.721229269137, "params": {"gamma": 9.800012165219913, "lr": 0.06589377000512553}, "datetime": {"datetime": "2024-06-13 19:54:39", "elapsed": 6.880603, "delta": 0.003989}}
{"target": -239.9354226756168, "params": {"gamma": 2.363041291619063, "lr": 0.3088994705101167}, "datetime": {"datetime": "2024-06-13 19:54:39", "elapsed": 6.88559, "delta": 0.004987}}
{"target": -995.30213711603, "params": {"gamma": 9.09512403146957, "lr": 0.7133692630190983}, "datetime": {"datetime": "2024-06-13 19:54:39", "elapsed": 6.889579, "delta": 0.003989}}
{"target": -337.79124150388975, "params": {"gamma": 2.654453130529889, "lr": 0.16450130293866305}, "datetime": {"datetime": "2024-06-13 19:54:39", "elapsed": 6.893569, "delta": 0.00399}}
{"target": -1115.4220451819529, "params": {"gamma": 8.805093637851785, "lr": 0.7937831324318396}, "datetime": {"datetime": "2024-06-13 19:54:39", "elapsed": 6.898555, "delta": 0.004986}}
{"target": -137.13960221332925, "params": {"gamma": 0.38483593233206737, "lr": 0.8793008435965847}, "datetime": {"datetime": "2024-06-13 19:54:39", "elapsed": 6.902545, "delta": 0.00399}}
{"target": -570.176403069687, "params": {"gamma": 5.879809512359401, "lr": 0.4575371969863721}, "datetime": {"datetime": "2024-06-13 19:54:39", "elapsed": 6.907532, "delta": 0.004987}}
{"target": -1342.6316356263085, "params": {"gamma": 6.73884491695568, "lr": 0.03944279853538757}, "datetime": {"datetime": "2024-06-13 19:54:39", "elapsed": 6.911521, "delta": 0.003989}}
{"target": -658.2447844747225, "params": {"gamma": 3.303881713493146, "lr": 0.08804841780935202}, "datetime": {"datetime": "2024-06-13 19:54:39", "elapsed": 6.91551, "delta": 0.003989}}
{"target": -651.8679906840322, "params": {"gamma": 6.836691010345723, "lr": 0.3980117152162973}, "datetime": {"datetime": "2024-06-13 19:54:39", "elapsed": 6.920497, "delta": 0.004987}}
{"target": -442.1736523307603, "params": {"gamma": 4.790061963647635, "lr": 0.2898033391923721}, "datetime": {"datetime": "2024-06-13 19:54:39", "elapsed": 6.924486, "delta": 0.003989}}
{"target": -1569.1900118921767, "params": {"gamma": 7.883156906603142, "lr": 0.046512682267751626}, "datetime": {"datetime": "2024-06-13 19:54:39", "elapsed": 6.929473, "delta": 0.004987}}
{"target": -291.2129776338253, "params": {"gamma": 2.811975337992219, "lr": 0.590595861758878}, "datetime": {"datetime": "2024-06-13 19:54:39", "elapsed": 6.933462, "delta": 0.003989}}
{"target": -758.4047939879889, "params": {"gamma": 7.901544890842957, "lr": 0.6015993359119542}, "datetime": {"datetime": "2024-06-13 19:54:39", "elapsed": 6.938449, "delta": 0.004987}}
{"target": -1454.751496794103, "params": {"gamma": 7.305156197867701, "lr": 0.023527914877828127}, "datetime": {"datetime": "2024-06-13 19:54:39", "elapsed": 6.942438, "delta": 0.003989}}
{"target": -514.7697161600155, "params": {"gamma": 2.5499809694961213, "lr": 0.04209175984237279}, "datetime": {"datetime": "2024-06-13 19:54:39", "elapsed": 6.947425, "delta": 0.004987}}
{"target": -697.1833501155754, "params": {"gamma": 5.000623972289424, "lr": 0.9891402961407735}, "datetime": {"datetime": "2024-06-13 19:54:39", "elapsed": 6.951414, "delta": 0.003989}}
{"target": -133.94460654457168, "params": {"gamma": 0.1362915505440842, "lr": 0.4408790383372555}, "datetime": {"datetime": "2024-06-13 19:54:39", "elapsed": 6.956401, "delta": 0.004987}}
{"target": -142.40834294500522, "params": {"gamma": 0.0488593946407395, "lr": 0.6128886193293469}, "datetime": {"datetime": "2024-06-13 19:54:39", "elapsed": 6.96039, "delta": 0.003989}}
{"target": -235.7805098016713, "params": {"gamma": 1.8344039025545689, "lr": 0.7127417837905282}, "datetime": {"datetime": "2024-06-13 19:54:39", "elapsed": 6.965377, "delta": 0.004987}}
{"target": -239.60276815258936, "params": {"gamma": 1.5973254712175065, "lr": 0.8285756552303601}, "datetime": {"datetime": "2024-06-13 19:54:39", "elapsed": 6.969366, "delta": 0.003989}}
{"target": -212.8856684652516, "params": {"gamma": 2.0625754591785816, "lr": 0.35221627383195075}, "datetime": {"datetime": "2024-06-13 19:54:39", "elapsed": 6.974353, "delta": 0.004987}}
{"target": -319.4409007178492, "params": {"gamma": 2.3065541407607677, "lr": 0.8076844924516463}, "datetime": {"datetime": "2024-06-13 19:54:39", "elapsed": 6.978342, "delta": 0.003989}}
{"target": -635.0087952042694, "params": {"gamma": 4.903209285941475, "lr": 0.8738335058866241}, "datetime": {"datetime": "2024-06-13 19:54:39", "elapsed": 6.982331, "delta": 0.003989}}
{"target": -164.3128740058219, "params": {"gamma": 1.3017296410083459, "lr": 0.4989581103650381}, "datetime": {"datetime": "2024-06-13 19:54:39", "elapsed": 6.987318, "delta": 0.004987}}
{"target": -1067.141276340371, "params": {"gamma": 7.766359726186858, "lr": 0.9812101687911365}, "datetime": {"datetime": "2024-06-13 19:54:39", "elapsed": 6.991307, "delta": 0.003989}}
{"target": -800.8139691667187, "params": {"gamma": 6.734103924215217, "lr": 0.18300117978695374}, "datetime": {"datetime": "2024-06-13 19:54:39", "elapsed": 6.996294, "delta": 0.004987}}
{"target": -1512.7253331153331, "params": {"gamma": 7.597969782524479, "lr": 0.07463521512286109}, "datetime": {"datetime": "2024-06-13 19:54:39", "elapsed": 7.000283, "delta": 0.003989}}
{"target": -965.4355970413169, "params": {"gamma": 7.62796186474408, "lr": 0.8278152309219722}, "datetime": {"datetime": "2024-06-13 19:54:39", "elapsed": 7.00527, "delta": 0.004987}}
{"target": -543.4018629475123, "params": {"gamma": 5.592537951402159, "lr": 0.49272082980822784}, "datetime": {"datetime": "2024-06-13 19:54:39", "elapsed": 7.00926, "delta": 0.00399}}
{"target": -1862.6562594049146, "params": {"gamma": 9.36533769934676, "lr": 9.695068767479054e-05}, "datetime": {"datetime": "2024-06-13 19:54:39", "elapsed": 7.014246, "delta": 0.004986}}
{"target": -135.86284440307662, "params": {"gamma": 0.0966593768907281, "lr": 0.25195142314544017}, "datetime": {"datetime": "2024-06-13 19:54:39", "elapsed": 7.018235, "delta": 0.003989}}
{"target": -530.694425575596, "params": {"gamma": 5.057258956122923, "lr": 0.5404166504960898}, "datetime": {"datetime": "2024-06-13 19:54:39", "elapsed": 7.023222, "delta": 0.004987}}
{"target": -351.38448823297045, "params": {"gamma": 3.7135529478230405, "lr": 0.29271137519518675}, "datetime": {"datetime": "2024-06-13 19:54:39", "elapsed": 7.027212, "delta": 0.00399}}
{"target": -287.0269918385471, "params": {"gamma": 2.0244710973929743, "lr": 0.8002818943961242}, "datetime": {"datetime": "2024-06-13 19:54:39", "elapsed": 7.032198, "delta": 0.004986}}
{"target": -319.1237214863099, "params": {"gamma": 3.159913122914842, "lr": 0.492467985547119}, "datetime": {"datetime": "2024-06-13 19:54:39", "elapsed": 7.036187, "delta": 0.003989}}
{"target": -777.7533432319111, "params": {"gamma": 8.11309762614833, "lr": 0.6123589424601151}, "datetime": {"datetime": "2024-06-13 19:54:39", "elapsed": 7.040177, "delta": 0.00399}}
{"target": -521.5706830771392, "params": {"gamma": 4.086676353275073, "lr": 0.17690422236042747}, "datetime": {"datetime": "2024-06-13 19:54:39", "elapsed": 7.045163, "delta": 0.004986}}
{"target": -393.62814750238806, "params": {"gamma": 3.977123246381154, "lr": 0.48521265373011824}, "datetime": {"datetime": "2024-06-13 19:54:39", "elapsed": 7.049153, "delta": 0.00399}}
{"target": -923.4133529054378, "params": {"gamma": 9.905855341048484, "lr": 0.28419507592058557}, "datetime": {"datetime": "2024-06-13 19:54:39", "elapsed": 7.054139, "delta": 0.004986}}
{"target": -198.19489936269915, "params": {"gamma": 1.6572311251158391, "lr": 0.22057551351544413}, "datetime": {"datetime": "2024-06-13 19:54:39", "elapsed": 7.058129, "delta": 0.00399}}
{"target": -429.66837105236664, "params": {"gamma": 2.115461976224172, "lr": 0.07604769057476157}, "datetime": {"datetime": "2024-06-13 19:54:39", "elapsed": 7.063116, "delta": 0.004987}}
{"target": -361.2739967471396, "params": {"gamma": 3.6497120765361126, "lr": 0.28473402479064247}, "datetime": {"datetime": "2024-06-13 19:54:39", "elapsed": 7.067105, "delta": 0.003989}}
{"target": -1124.2132828744668, "params": {"gamma": 8.876000332641663, "lr": 0.780259609956419}, "datetime": {"datetime": "2024-06-13 19:54:39", "elapsed": 7.072091, "delta": 0.004986}}
{"target": -190.29349016174126, "params": {"gamma": 1.09154050351661, "lr": 0.8505034953674093}, "datetime": {"datetime": "2024-06-13 19:54:39", "elapsed": 7.077078, "delta": 0.004987}}
{"target": -176.33742904973116, "params": {"gamma": 1.0968764704846565, "lr": 0.7202077467752445}, "datetime": {"datetime": "2024-06-13 19:54:39", "elapsed": 7.081068, "delta": 0.00399}}
{"target": -1134.0635872360024, "params": {"gamma": 5.728670154913063, "lr": 0.08680838426747961}, "datetime": {"datetime": "2024-06-13 19:54:39", "elapsed": 7.086054, "delta": 0.004986}}
{"target": -1142.4118340571224, "params": {"gamma": 9.053375032737591, "lr": 0.8745665148853765}, "datetime": {"datetime": "2024-06-13 19:54:39", "elapsed": 7.090043, "delta": 0.003989}}
{"target": -774.6832827409079, "params": {"gamma": 8.438673461887907, "lr": 0.3695673551173151}, "datetime": {"datetime": "2024-06-13 19:54:39", "elapsed": 7.09503, "delta": 0.004987}}
{"target": -333.45400415083134, "params": {"gamma": 2.2302911723421603, "lr": 0.9971116548587963}, "datetime": {"datetime": "2024-06-13 19:54:39", "elapsed": 7.099583, "delta": 0.004553}}
{"target": -1626.6892643768565, "params": {"gamma": 8.17356631642956, "lr": 0.042128160628106315}, "datetime": {"datetime": "2024-06-13 19:54:39", "elapsed": 7.103572, "delta": 0.003989}}
{"target": -489.99921976602616, "params": {"gamma": 3.733405500770418, "lr": 0.8121869757489847}, "datetime": {"datetime": "2024-06-13 19:54:39", "elapsed": 7.108559, "delta": 0.004987}}
{"target": -537.5058929617022, "params": {"gamma": 5.284318582532073, "lr": 0.24713082560012845}, "datetime": {"datetime": "2024-06-13 19:54:39", "elapsed": 7.112548, "delta": 0.003989}}
{"target": -757.4078130775049, "params": {"gamma": 7.9290864165444885, "lr": 0.2617510439444676}, "datetime": {"datetime": "2024-06-13 19:54:39", "elapsed": 7.117535, "delta": 0.004987}}
{"target": -144.90170985375747, "params": {"gamma": 0.00498340216746315, "lr": 0.23131891895573253}, "datetime": {"datetime": "2024-06-13 19:54:39", "elapsed": 7.121524, "delta": 0.003989}}
{"target": -944.3020599337681, "params": {"gamma": 9.933709519335848, "lr": 0.6562008343421062}, "datetime": {"datetime": "2024-06-13 19:54:39", "elapsed": 7.126511, "delta": 0.004987}}
{"target": -272.17132009526915, "params": {"gamma": 2.20746055274965, "lr": 0.6861397019787449}, "datetime": {"datetime": "2024-06-13 19:54:39", "elapsed": 7.13013, "delta": 0.003619}}
{"target": -664.059527580251, "params": {"gamma": 6.8696820453199665, "lr": 0.640742769936858}, "datetime": {"datetime": "2024-06-13 19:54:39", "elapsed": 7.135116, "delta": 0.004986}}
{"target": -127.50995630772675, "params": {"gamma": 0.7064146187020427, "lr": 0.2429641169892971}, "datetime": {"datetime": "2024-06-13 19:54:39", "elapsed": 7.139106, "delta": 0.00399}}
{"target": -1005.8852358110945, "params": {"gamma": 8.708501091076558, "lr": 0.7347408193015217}, "datetime": {"datetime": "2024-06-13 19:54:39", "elapsed": 7.144093, "delta": 0.004987}}
{"target": -186.95242906176503, "params": {"gamma": 1.6789922438348501, "lr": 0.29858946127654595}, "datetime": {"datetime": "2024-06-13 19:54:39", "elapsed": 7.148082, "delta": 0.003989}}
{"target": -719.8254274705279, "params": {"gamma": 5.627657565327734, "lr": 0.826445766022829}, "datetime": {"datetime": "2024-06-13 19:54:39", "elapsed": 7.153068, "delta": 0.004986}}
{"target": -307.25940050405336, "params": {"gamma": 2.0059625473387035, "lr": 0.10166529365348886}, "datetime": {"datetime": "2024-06-13 19:54:39", "elapsed": 7.157058, "delta": 0.00399}}
{"target": -540.1280294535679, "params": {"gamma": 3.8193070270168987, "lr": 0.912353469252759}, "datetime": {"datetime": "2024-06-13 19:54:39", "elapsed": 7.161626, "delta": 0.004568}}
{"target": -391.2386293461733, "params": {"gamma": 2.605874679054985, "lr": 0.10830435271308025}, "datetime": {"datetime": "2024-06-13 19:54:39", "elapsed": 7.166613, "delta": 0.004987}}
{"target": -123.35480749455486, "params": {"gamma": 0.56037370979255, "lr": 0.3516705558700568}, "datetime": {"datetime": "2024-06-13 19:54:39", "elapsed": 7.1716, "delta": 0.004987}}
{"target": -132.92358601335204, "params": {"gamma": 0.37723182573995767, "lr": 0.583033921230445}, "datetime": {"datetime": "2024-06-13 19:54:39", "elapsed": 7.175589, "delta": 0.003989}}
{"target": -649.130629327629, "params": {"gamma": 6.725895546392632, "lr": 0.46048358998473815}, "datetime": {"datetime": "2024-06-13 19:54:39", "elapsed": 7.180576, "delta": 0.004987}}
{"target": -761.034304590619, "params": {"gamma": 7.411427420391562, "lr": 0.5010249644140818}, "datetime": {"datetime": "2024-06-13 19:54:39", "elapsed": 7.184565, "delta": 0.003989}}
{"target": -708.5462888295825, "params": {"gamma": 7.023823855740785, "lr": 0.2306409059229675}, "datetime": {"datetime": "2024-06-13 19:54:39", "elapsed": 7.189552, "delta": 0.004987}}
{"target": -764.4580627480074, "params": {"gamma": 7.446379482205204, "lr": 0.5016372020053996}, "datetime": {"datetime": "2024-06-13 19:54:39", "elapsed": 7.193541, "delta": 0.003989}}
{"target": -679.7714551331168, "params": {"gamma": 7.053982930260369, "lr": 0.44669779031638923}, "datetime": {"datetime": "2024-06-13 19:54:39", "elapsed": 7.198528, "delta": 0.004987}}
{"target": -1010.2995521084281, "params": {"gamma": 5.059900155144239, "lr": 0.04153518297857339}, "datetime": {"datetime": "2024-06-13 19:54:39", "elapsed": 7.202517, "delta": 0.003989}}
{"target": -594.8295399045295, "params": {"gamma": 4.893603596752043, "lr": 0.14228750219732444}, "datetime": {"datetime": "2024-06-13 19:54:39", "elapsed": 7.207504, "delta": 0.004987}}
{"target": -174.79845722629375, "params": {"gamma": 1.425815973998472, "lr": 0.43335040255954493}, "datetime": {"datetime": "2024-06-13 19:54:39", "elapsed": 7.211493, "delta": 0.003989}}
{"target": -535.3617201508331, "params": {"gamma": 5.762571683469249, "lr": 0.343048695191552}, "datetime": {"datetime": "2024-06-13 19:54:39", "elapsed": 7.21648, "delta": 0.004987}}
{"target": -223.0001459378738, "params": {"gamma": 1.6057554110518168, "lr": 0.7414104169799515}, "datetime": {"datetime": "2024-06-13 19:54:39", "elapsed": 7.220469, "delta": 0.003989}}
{"target": -1109.1849273395176, "params": {"gamma": 9.630952636256579, "lr": 0.7336422859505056}, "datetime": {"datetime": "2024-06-13 19:54:39", "elapsed": 7.225456, "delta": 0.004987}}
{"target": -161.64297508786348, "params": {"gamma": 0.7715652507427674, "lr": 0.8409081581252351}, "datetime": {"datetime": "2024-06-13 19:54:39", "elapsed": 7.230443, "delta": 0.004987}}
{"target": -128.88056861402868, "params": {"gamma": 0.6760729900832833, "lr": 0.4363120485992489}, "datetime": {"datetime": "2024-06-13 19:54:39", "elapsed": 7.234432, "delta": 0.003989}}
{"target": -881.8037139609188, "params": {"gamma": 9.288699130413471, "lr": 0.26318010363654454}, "datetime": {"datetime": "2024-06-13 19:54:39", "elapsed": 7.239419, "delta": 0.004987}}
{"target": -203.1966091739206, "params": {"gamma": 1.2804037657560603, "lr": 0.7622387720608016}, "datetime": {"datetime": "2024-06-13 19:54:39", "elapsed": 7.244405, "delta": 0.004986}}
{"target": -823.9843186239708, "params": {"gamma": 9.286152605869912, "lr": 0.32576842070431766}, "datetime": {"datetime": "2024-06-13 19:54:39", "elapsed": 7.248395, "delta": 0.00399}}
{"target": -298.13611741583577, "params": {"gamma": 2.3253485203555204, "lr": 0.1824854764117131}, "datetime": {"datetime": "2024-06-13 19:54:39", "elapsed": 7.253381, "delta": 0.004986}}
{"target": -894.0397566260149, "params": {"gamma": 9.632391991118075, "lr": 0.5766346346502746}, "datetime": {"datetime": "2024-06-13 19:54:39", "elapsed": 7.257371, "delta": 0.00399}}
{"target": -765.7517721771654, "params": {"gamma": 8.601017631330931, "lr": 0.3083449860518661}, "datetime": {"datetime": "2024-06-13 19:54:39", "elapsed": 7.26136, "delta": 0.003989}}
{"target": -127.53784781441072, "params": {"gamma": 0.5653078671540508, "lr": 0.45380418511530174}, "datetime": {"datetime": "2024-06-13 19:54:39", "elapsed": 7.266346, "delta": 0.004986}}
{"target": -245.60878050248186, "params": {"gamma": 2.0718938489778145, "lr": 0.5189836643290452}, "datetime": {"datetime": "2024-06-13 19:54:39", "elapsed": 7.271333, "delta": 0.004987}}
{"target": -492.1854527516034, "params": {"gamma": 5.3803383685417385, "lr": 0.2942882172433129}, "datetime": {"datetime": "2024-06-13 19:54:39", "elapsed": 7.275322, "delta": 0.003989}}
{"target": -618.1156844287134, "params": {"gamma": 3.0752313679559293, "lr": 0.024173672214832798}, "datetime": {"datetime": "2024-06-13 19:54:39", "elapsed": 7.280309, "delta": 0.004987}}
{"target": -392.7007035647586, "params": {"gamma": 4.204599737289876, "lr": 0.3236894136587639}, "datetime": {"datetime": "2024-06-13 19:54:39", "elapsed": 7.284299, "delta": 0.00399}}
{"target": -792.6866820893755, "params": {"gamma": 6.1952817624864025, "lr": 0.8597630666919952}, "datetime": {"datetime": "2024-06-13 19:54:39", "elapsed": 7.28923, "delta": 0.004931}}
{"target": -983.9852189891353, "params": {"gamma": 4.926911767488365, "lr": 0.0827082980318894}, "datetime": {"datetime": "2024-06-13 19:54:39", "elapsed": 7.294217, "delta": 0.004987}}
{"target": -1179.9051205330616, "params": {"gamma": 9.334871102884591, "lr": 0.8083269668547564}, "datetime": {"datetime": "2024-06-13 19:54:39", "elapsed": 7.298207, "delta": 0.00399}}
{"target": -346.542787813146, "params": {"gamma": 3.6558227125345977, "lr": 0.3307289110251447}, "datetime": {"datetime": "2024-06-13 19:54:39", "elapsed": 7.303193, "delta": 0.004986}}
{"target": -858.8700910261425, "params": {"gamma": 9.379402853367585, "lr": 0.37489434056111615}, "datetime": {"datetime": "2024-06-13 19:54:39", "elapsed": 7.307182, "delta": 0.003989}}
{"target": -878.640848028455, "params": {"gamma": 6.358386384013082, "lr": 0.9853443380985734}, "datetime": {"datetime": "2024-06-13 19:54:39", "elapsed": 7.312169, "delta": 0.004987}}
{"target": -125.78048277365923, "params": {"gamma": 0.36836090554034395, "lr": 0.3146309781487783}, "datetime": {"datetime": "2024-06-13 19:54:39", "elapsed": 7.316158, "delta": 0.003989}}
{"target": -343.94215383334745, "params": {"gamma": 2.313125983692789, "lr": 0.9223654191512636}, "datetime": {"datetime": "2024-06-13 19:54:39", "elapsed": 7.321145, "delta": 0.004987}}
{"target": -1099.7346005515217, "params": {"gamma": 5.511816168783595, "lr": 0.05371353840991677}, "datetime": {"datetime": "2024-06-13 19:54:39", "elapsed": 7.325134, "delta": 0.003989}}
{"target": -831.8554702744194, "params": {"gamma": 7.552727246484496, "lr": 0.6840838213346168}, "datetime": {"datetime": "2024-06-13 19:54:39", "elapsed": 7.330121, "delta": 0.004987}}
{"target": -913.9293347279105, "params": {"gamma": 6.622078860248277, "lr": 0.9557287749268826}, "datetime": {"datetime": "2024-06-13 19:54:39", "elapsed": 7.335107, "delta": 0.004986}}
{"target": -1099.36687033239, "params": {"gamma": 8.746141385554216, "lr": 0.7532514851657419}, "datetime": {"datetime": "2024-06-13 19:54:39", "elapsed": 7.339097, "delta": 0.00399}}
{"target": -290.2639465569218, "params": {"gamma": 2.2274368777620133, "lr": 0.13801496204321861}, "datetime": {"datetime": "2024-06-13 19:54:39", "elapsed": 7.344083, "delta": 0.004986}}
{"target": -247.40422109242118, "params": {"gamma": 2.2096624750777165, "lr": 0.2055098610936521}, "datetime": {"datetime": "2024-06-13 19:54:39", "elapsed": 7.348073, "delta": 0.00399}}
{"target": -555.4202852259308, "params": {"gamma": 5.680077493599765, "lr": 0.6630438231677197}, "datetime": {"datetime": "2024-06-13 19:54:39", "elapsed": 7.353059, "delta": 0.004986}}
{"target": -1052.7960113411689, "params": {"gamma": 5.274647786496121, "lr": 0.05634939173447451}, "datetime": {"datetime": "2024-06-13 19:54:39", "elapsed": 7.358047, "delta": 0.004988}}
{"target": -515.4122500427683, "params": {"gamma": 3.6322627869363457, "lr": 0.9677274091080609}, "datetime": {"datetime": "2024-06-13 19:54:39", "elapsed": 7.362035, "delta": 0.003988}}
