{"target": -183.00126880318993, "params": {"gamma": 3.622798839194582, "prior": 8.091186697583844, "rate": 0.3607736956187603}, "datetime": {"datetime": "2024-06-14 19:13:32", "elapsed": 7.45175, "delta": 0.008976}}
{"target": -183.4916288602532, "params": {"gamma": 3.584594051008626, "prior": 6.41895351934156, "rate": 1.4308980910737081}, "datetime": {"datetime": "2024-06-14 19:13:32", "elapsed": 7.461724, "delta": 0.009974}}
{"target": -322.8716694341727, "params": {"gamma": 8.577528406499894, "prior": 6.491087641906984, "rate": 1.1538189613747907}, "datetime": {"datetime": "2024-06-14 19:13:32", "elapsed": 7.474689, "delta": 0.012965}}
{"target": -153.31090186843807, "params": {"gamma": 2.081766002579473, "prior": 7.48043347440683, "rate": 4.034662876713395}, "datetime": {"datetime": "2024-06-14 19:13:32", "elapsed": 7.488651, "delta": 0.013962}}
{"target": -215.39155865168536, "params": {"gamma": 4.84521613942412, "prior": 8.885805272920003, "rate": 1.3752980526926846}, "datetime": {"datetime": "2024-06-14 19:13:32", "elapsed": 7.497627, "delta": 0.008976}}
{"target": -475.18499426236554, "params": {"gamma": 9.64376360106379, "prior": 0.5220338497861409, "rate": 0.9953031322915933}, "datetime": {"datetime": "2024-06-14 19:13:32", "elapsed": 7.506604, "delta": 0.008977}}
{"target": -156.40346007062254, "params": {"gamma": 2.2331610709734946, "prior": 8.08519231437909, "rate": 4.559272200887655}, "datetime": {"datetime": "2024-06-14 19:13:32", "elapsed": 7.516578, "delta": 0.009974}}
{"target": -304.0539818147695, "params": {"gamma": 6.5328581714709335, "prior": 1.8257792614463888, "rate": 1.668052607332356}, "datetime": {"datetime": "2024-06-14 19:13:32", "elapsed": 7.525553, "delta": 0.008975}}
{"target": -244.09444929231955, "params": {"gamma": 5.208962557197339, "prior": 7.428906989274194, "rate": 4.62528217768507}, "datetime": {"datetime": "2024-06-14 19:13:32", "elapsed": 7.535526, "delta": 0.009973}}
{"target": -346.4455668614007, "params": {"gamma": 8.696271237126007, "prior": 6.638078153239339, "rate": 2.4916517944308763}, "datetime": {"datetime": "2024-06-14 19:13:32", "elapsed": 7.544503, "delta": 0.008977}}
{"target": -168.92861120644207, "params": {"gamma": 2.3497873058002465, "prior": 3.8030624969839892, "rate": 7.566403946905877}, "datetime": {"datetime": "2024-06-14 19:13:32", "elapsed": 7.554475, "delta": 0.009972}}
{"target": -361.0023631347657, "params": {"gamma": 9.379438705433513, "prior": 8.632869393256446, "rate": 2.6168463160365345}, "datetime": {"datetime": "2024-06-14 19:13:32", "elapsed": 7.564449, "delta": 0.009974}}
{"target": -214.64116009945937, "params": {"gamma": 4.12337700085772, "prior": 6.154286584558183, "rate": 5.468797723702268}, "datetime": {"datetime": "2024-06-14 19:13:32", "elapsed": 7.573425, "delta": 0.008976}}
{"target": -244.72962468865416, "params": {"gamma": 3.893360179144248, "prior": 1.1040656911246396, "rate": 7.122735799168159}, "datetime": {"datetime": "2024-06-14 19:13:32", "elapsed": 7.588385, "delta": 0.01496}}
{"target": -142.89709587663637, "params": {"gamma": 0.8822635040904132, "prior": 8.674166550799823, "rate": 8.634620954886014}, "datetime": {"datetime": "2024-06-14 19:13:32", "elapsed": 7.597361, "delta": 0.008976}}
{"target": -345.1355324902682, "params": {"gamma": 7.084799464362212, "prior": 4.915603280696092, "rate": 6.991766507563753}, "datetime": {"datetime": "2024-06-14 19:13:32", "elapsed": 7.607334, "delta": 0.009973}}
{"target": -210.65590708239884, "params": {"gamma": 3.950475613957549, "prior": 7.995210244504152, "rate": 7.864384405716199}, "datetime": {"datetime": "2024-06-14 19:13:32", "elapsed": 7.61631, "delta": 0.008976}}
{"target": -147.84476528229703, "params": {"gamma": 1.5561303101523432, "prior": 3.246393748470918, "rate": 3.4404877846831172}, "datetime": {"datetime": "2024-06-14 19:13:32", "elapsed": 7.629276, "delta": 0.012966}}
{"target": -183.36954386766155, "params": {"gamma": 3.6423388162366046, "prior": 5.709791011210197, "rate": 0.4178327377603575}, "datetime": {"datetime": "2024-06-14 19:13:32", "elapsed": 7.639249, "delta": 0.009973}}
{"target": -338.3977755888407, "params": {"gamma": 6.600037219920028, "prior": 2.09615441466068, "rate": 4.165209099174909}, "datetime": {"datetime": "2024-06-14 19:13:32", "elapsed": 7.648225, "delta": 0.008976}}
{"target": -232.47890009269696, "params": {"gamma": 4.5094756723505, "prior": 3.552395018521695, "rate": 3.8334198209699974}, "datetime": {"datetime": "2024-06-14 19:13:32", "elapsed": 7.658199, "delta": 0.009974}}
{"target": -163.01976903020858, "params": {"gamma": 1.8038803024167458, "prior": 0.7744875682013366, "rate": 5.513015232709581}, "datetime": {"datetime": "2024-06-14 19:13:32", "elapsed": 7.668172, "delta": 0.009973}}
{"target": -299.6219721225458, "params": {"gamma": 5.959073589220895, "prior": 1.5404479132949174, "rate": 2.310186141512919}, "datetime": {"datetime": "2024-06-14 19:13:32", "elapsed": 7.677148, "delta": 0.008976}}
{"target": -165.8840955911935, "params": {"gamma": 2.864484938242287, "prior": 8.324438532353815, "rate": 1.535055990682961}, "datetime": {"datetime": "2024-06-14 19:13:33", "elapsed": 7.687122, "delta": 0.009974}}
{"target": -253.86255046639366, "params": {"gamma": 5.521835936727261, "prior": 5.724583205152705, "rate": 3.434857510993614}, "datetime": {"datetime": "2024-06-14 19:13:33", "elapsed": 7.697095, "delta": 0.009973}}
{"target": -188.54666343136, "params": {"gamma": 3.5068212758802293, "prior": 9.595208973440103, "rate": 5.533886150645748}, "datetime": {"datetime": "2024-06-14 19:13:33", "elapsed": 7.70607, "delta": 0.008975}}
{"target": -317.9824727531181, "params": {"gamma": 6.527659277808647, "prior": 4.958327152799692, "rate": 6.466853166736234}, "datetime": {"datetime": "2024-06-14 19:13:33", "elapsed": 7.716044, "delta": 0.009974}}
{"target": -317.32282571086546, "params": {"gamma": 6.052902604285114, "prior": 1.5372155999089467, "rate": 3.3474706483130476}, "datetime": {"datetime": "2024-06-14 19:13:33", "elapsed": 7.72502, "delta": 0.008976}}
{"target": -258.7253769892812, "params": {"gamma": 4.604879500595876, "prior": 1.3654344499032103, "rate": 3.6313701627213772}, "datetime": {"datetime": "2024-06-14 19:13:33", "elapsed": 7.733996, "delta": 0.008976}}
{"target": -155.89135944512364, "params": {"gamma": 2.2821882012949293, "prior": 8.49027576247698, "rate": 3.4153993261329654}, "datetime": {"datetime": "2024-06-14 19:13:33", "elapsed": 7.743969, "delta": 0.009973}}
{"target": -165.0141315291302, "params": {"gamma": 2.268666417341983, "prior": 4.140995888237594, "rate": 6.830957412174848}, "datetime": {"datetime": "2024-06-14 19:13:33", "elapsed": 7.752945, "delta": 0.008976}}
{"target": -144.9876689115246, "params": {"gamma": 0.657154367615287, "prior": 1.889219214669599, "rate": 6.943375082298363}, "datetime": {"datetime": "2024-06-14 19:13:33", "elapsed": 7.761921, "delta": 0.008976}}
{"target": -363.59387279934367, "params": {"gamma": 7.522813791436128, "prior": 6.215767368139672, "rate": 8.792106406805418}, "datetime": {"datetime": "2024-06-14 19:13:33", "elapsed": 7.771894, "delta": 0.009973}}
{"target": -150.80758477013168, "params": {"gamma": 1.6888331005858586, "prior": 7.065122548794142, "rate": 9.172684330641006}, "datetime": {"datetime": "2024-06-14 19:13:33", "elapsed": 7.780871, "delta": 0.008977}}
{"target": -150.39969765597937, "params": {"gamma": 1.508245851371479, "prior": 2.5132633762221936, "rate": 5.467299036335953}, "datetime": {"datetime": "2024-06-14 19:13:33", "elapsed": 7.790844, "delta": 0.009973}}
{"target": -178.54441870786263, "params": {"gamma": 3.441849250422999, "prior": 6.937326899745702, "rate": 0.5766186166326498}, "datetime": {"datetime": "2024-06-14 19:13:33", "elapsed": 7.800817, "delta": 0.009973}}
{"target": -149.70205480594933, "params": {"gamma": 1.6084806590922747, "prior": 7.190759234148253, "rate": 9.706216365641005}, "datetime": {"datetime": "2024-06-14 19:13:33", "elapsed": 7.809793, "delta": 0.008976}}
{"target": -340.2431688049503, "params": {"gamma": 9.295574214746894, "prior": 9.020563234885856, "rate": 1.2783053957220292}, "datetime": {"datetime": "2024-06-14 19:13:33", "elapsed": 7.818769, "delta": 0.008976}}
{"target": -154.39622451348558, "params": {"gamma": 1.4601432517979631, "prior": 0.8154210924672393, "rate": 5.425859791214765}, "datetime": {"datetime": "2024-06-14 19:13:33", "elapsed": 7.828743, "delta": 0.009974}}
{"target": -421.59582745775805, "params": {"gamma": 8.824979242850812, "prior": 5.364739810662196, "rate": 7.817371138674004}, "datetime": {"datetime": "2024-06-14 19:13:33", "elapsed": 7.837718, "delta": 0.008975}}
{"target": -148.07400702922405, "params": {"gamma": 1.8853494153257044, "prior": 8.644801475646716, "rate": 1.8750602824827893}, "datetime": {"datetime": "2024-06-14 19:13:33", "elapsed": 7.847518, "delta": 0.0098}}
{"target": -144.42426534359066, "params": {"gamma": 0.548586496539166, "prior": 4.2727610032381715, "rate": 5.551489195654376}, "datetime": {"datetime": "2024-06-14 19:13:33", "elapsed": 7.856494, "delta": 0.008976}}
{"target": -500.91929743315904, "params": {"gamma": 9.707449353204424, "prior": 1.0083629510677956, "rate": 2.7399070142023203}, "datetime": {"datetime": "2024-06-14 19:13:33", "elapsed": 7.86547, "delta": 0.008976}}
{"target": -142.6172951115012, "params": {"gamma": 1.0519655837514126, "prior": 3.9653524037024024, "rate": 2.890821820794509}, "datetime": {"datetime": "2024-06-14 19:13:33", "elapsed": 7.875443, "delta": 0.009973}}
{"target": -281.82088667935784, "params": {"gamma": 5.133490194329599, "prior": 3.547741149332395, "rate": 9.28235195448276}, "datetime": {"datetime": "2024-06-14 19:13:33", "elapsed": 7.884419, "delta": 0.008976}}
{"target": -300.90199228795865, "params": {"gamma": 7.8996880160340215, "prior": 8.624012549278358, "rate": 1.2958799584830156}, "datetime": {"datetime": "2024-06-14 19:13:33", "elapsed": 7.894393, "delta": 0.009974}}
{"target": -322.91901465359024, "params": {"gamma": 5.751126599720151, "prior": 2.2263471052601016, "rate": 8.682517475837448}, "datetime": {"datetime": "2024-06-14 19:13:33", "elapsed": 7.903368, "delta": 0.008975}}
{"target": -149.57795693126366, "params": {"gamma": 0.15117919811248737, "prior": 1.1468677297875165, "rate": 3.761194698397609}, "datetime": {"datetime": "2024-06-14 19:13:33", "elapsed": 7.913342, "delta": 0.009974}}
{"target": -197.69658159685625, "params": {"gamma": 4.021536967025843, "prior": 2.8444788214889583, "rate": 0.9615339246006319}, "datetime": {"datetime": "2024-06-14 19:13:33", "elapsed": 7.921825, "delta": 0.008483}}
{"target": -147.15701926053563, "params": {"gamma": 1.1881853207208233, "prior": 3.2476530630886056, "rate": 9.507977547943128}, "datetime": {"datetime": "2024-06-14 19:13:33", "elapsed": 7.931799, "delta": 0.009974}}
{"target": -151.69154191013158, "params": {"gamma": 2.0748582416284203, "prior": 7.498075178486302, "rate": 2.5826284514108324}, "datetime": {"datetime": "2024-06-14 19:13:33", "elapsed": 7.940775, "delta": 0.008976}}
{"target": -146.8294743504538, "params": {"gamma": 0.37336531585223737, "prior": 0.2589168707539145, "rate": 1.5279066058805837}, "datetime": {"datetime": "2024-06-14 19:13:33", "elapsed": 7.949751, "delta": 0.008976}}
{"target": -233.82492063765372, "params": {"gamma": 4.621379845784425, "prior": 7.58342086562427, "rate": 7.2884205045195944}, "datetime": {"datetime": "2024-06-14 19:13:33", "elapsed": 7.959734, "delta": 0.009983}}
{"target": -205.36395330019934, "params": {"gamma": 3.524542035387884, "prior": 4.843478859752845, "rate": 8.140923460003277}, "datetime": {"datetime": "2024-06-14 19:13:33", "elapsed": 7.9687, "delta": 0.008966}}
{"target": -309.02013453612756, "params": {"gamma": 8.384190660883412, "prior": 3.2671753341380563, "rate": 0.043645919052664246}, "datetime": {"datetime": "2024-06-14 19:13:33", "elapsed": 7.978674, "delta": 0.009974}}
{"target": -144.5325850187473, "params": {"gamma": 0.4702615014191002, "prior": 7.404293038279442, "rate": 2.7270501784440078}, "datetime": {"datetime": "2024-06-14 19:13:33", "elapsed": 7.987649, "delta": 0.008975}}
{"target": -279.888524569031, "params": {"gamma": 4.815376636054336, "prior": 2.0011095337083287, "rate": 8.471282047905861}, "datetime": {"datetime": "2024-06-14 19:13:33", "elapsed": 7.996626, "delta": 0.008977}}
{"target": -235.2073246132229, "params": {"gamma": 5.034272718755895, "prior": 5.318885739650387, "rate": 2.881507801269463}, "datetime": {"datetime": "2024-06-14 19:13:33", "elapsed": 8.0066, "delta": 0.009974}}
{"target": -335.65370833235886, "params": {"gamma": 5.120480307408566, "prior": 0.1194400892869483, "rate": 2.7736731083917574}, "datetime": {"datetime": "2024-06-14 19:13:33", "elapsed": 8.015575, "delta": 0.008975}}
{"target": -182.35038119387332, "params": {"gamma": 3.488281072400821, "prior": 2.9111137742614566, "rate": 0.8604363235466009}, "datetime": {"datetime": "2024-06-14 19:13:33", "elapsed": 8.024599, "delta": 0.009024}}
{"target": -262.01135961075767, "params": {"gamma": 5.2182903111313514, "prior": 7.9059434203978, "rate": 9.426041757646109}, "datetime": {"datetime": "2024-06-14 19:13:33", "elapsed": 8.034559, "delta": 0.00996}}
{"target": -231.15009593267413, "params": {"gamma": 4.973400631374519, "prior": 5.9781631977188905, "rate": 2.9093085181668954}, "datetime": {"datetime": "2024-06-14 19:13:33", "elapsed": 8.043535, "delta": 0.008976}}
{"target": -154.04243480847552, "params": {"gamma": 1.492445929692968, "prior": 1.4055297382115668, "rate": 7.323875397919708}, "datetime": {"datetime": "2024-06-14 19:13:33", "elapsed": 8.052528, "delta": 0.008993}}
{"target": -376.94107235833013, "params": {"gamma": 7.344959884063995, "prior": 1.8755651647026885, "rate": 4.136190237378143}, "datetime": {"datetime": "2024-06-14 19:13:33", "elapsed": 8.062519, "delta": 0.009991}}
{"target": -345.13537056701585, "params": {"gamma": 5.941849134587504, "prior": 1.3402912672428726, "rate": 7.85390412973879}, "datetime": {"datetime": "2024-06-14 19:13:33", "elapsed": 8.071496, "delta": 0.008977}}
{"target": -299.1526969042668, "params": {"gamma": 6.20030204099907, "prior": 6.190694745933699, "rate": 7.012379711094405}, "datetime": {"datetime": "2024-06-14 19:13:33", "elapsed": 8.080977, "delta": 0.009481}}
{"target": -470.62739548268667, "params": {"gamma": 9.871843637581678, "prior": 5.667705113976064, "rate": 8.644298200721781}, "datetime": {"datetime": "2024-06-14 19:13:33", "elapsed": 8.090547, "delta": 0.00957}}
{"target": -226.5277340174215, "params": {"gamma": 4.187668041896602, "prior": 6.5792465771516, "rate": 9.252686617399803}, "datetime": {"datetime": "2024-06-14 19:13:33", "elapsed": 8.099572, "delta": 0.009025}}
{"target": -340.53679117249516, "params": {"gamma": 6.64184400562511, "prior": 3.1004986918363557, "rate": 6.199836992922438}, "datetime": {"datetime": "2024-06-14 19:13:33", "elapsed": 8.109147, "delta": 0.009575}}
{"target": -206.6716894657619, "params": {"gamma": 3.5138318852615673, "prior": 3.2914300838307535, "rate": 6.102440382404956}, "datetime": {"datetime": "2024-06-14 19:13:33", "elapsed": 8.119093, "delta": 0.009946}}
{"target": -151.40334107806729, "params": {"gamma": 1.6040719966518822, "prior": 4.918715464001758, "rate": 9.456397215578926}, "datetime": {"datetime": "2024-06-14 19:13:33", "elapsed": 8.12807, "delta": 0.008977}}
{"target": -223.9056630639984, "params": {"gamma": 3.839758505543401, "prior": 1.9707296731335333, "rate": 4.688920657472168}, "datetime": {"datetime": "2024-06-14 19:13:33", "elapsed": 8.137576, "delta": 0.009506}}
{"target": -381.44227181981597, "params": {"gamma": 8.409237406703872, "prior": 8.442410453690822, "rate": 8.278204591352763}, "datetime": {"datetime": "2024-06-14 19:13:33", "elapsed": 8.14755, "delta": 0.009974}}
{"target": -150.20704939747415, "params": {"gamma": 0.11574365054552785, "prior": 2.7436990682901228, "rate": 9.99875799995505}, "datetime": {"datetime": "2024-06-14 19:13:33", "elapsed": 8.156526, "delta": 0.008976}}
{"target": -145.32801754272734, "params": {"gamma": 1.1977130886476726, "prior": 4.951886011267569, "rate": 7.900471479876251}, "datetime": {"datetime": "2024-06-14 19:13:33", "elapsed": 8.1665, "delta": 0.009974}}
{"target": -143.39230511495117, "params": {"gamma": 1.223016887028468, "prior": 6.657850888843354, "rate": 4.881316374767721}, "datetime": {"datetime": "2024-06-14 19:13:33", "elapsed": 8.175507, "delta": 0.009007}}
{"target": -148.8572757283738, "params": {"gamma": 1.9437055308797813, "prior": 8.798437263168932, "rate": 1.8156924881797458}, "datetime": {"datetime": "2024-06-14 19:13:33", "elapsed": 8.185478, "delta": 0.009971}}
{"target": -291.7757325944957, "params": {"gamma": 6.390889540088459, "prior": 7.434186094159498, "rate": 5.6271661930456895}, "datetime": {"datetime": "2024-06-14 19:13:33", "elapsed": 8.194425, "delta": 0.008947}}
{"target": -331.86594353877433, "params": {"gamma": 6.288786844403314, "prior": 1.2777574265578442, "rate": 3.0810618335582585}, "datetime": {"datetime": "2024-06-14 19:13:33", "elapsed": 8.204436, "delta": 0.010011}}
{"target": -299.36592510063355, "params": {"gamma": 5.870035110089563, "prior": 4.015090791444363, "rate": 6.639796868246575}, "datetime": {"datetime": "2024-06-14 19:13:33", "elapsed": 8.213374, "delta": 0.008938}}
{"target": -469.67847148974846, "params": {"gamma": 8.519694493398179, "prior": 1.9831986841906173, "rate": 9.032823736002479}, "datetime": {"datetime": "2024-06-14 19:13:33", "elapsed": 8.222352, "delta": 0.008978}}
{"target": -199.96289000617088, "params": {"gamma": 3.8323753284605018, "prior": 9.43693087420972, "rate": 6.174205747936627}, "datetime": {"datetime": "2024-06-14 19:13:33", "elapsed": 8.232325, "delta": 0.009973}}
{"target": -363.1246498859004, "params": {"gamma": 7.901165115937855, "prior": 5.1962767408949375, "rate": 5.311915799238696}, "datetime": {"datetime": "2024-06-14 19:13:33", "elapsed": 8.241301, "delta": 0.008976}}
{"target": -204.32732705001698, "params": {"gamma": 3.276611393760953, "prior": 1.3807106015508195, "rate": 3.8388352966923764}, "datetime": {"datetime": "2024-06-14 19:13:33", "elapsed": 8.251275, "delta": 0.009974}}
{"target": -172.81967943214957, "params": {"gamma": 2.1505498314359848, "prior": 0.4253660332309741, "rate": 2.7495934114227696}, "datetime": {"datetime": "2024-06-14 19:13:33", "elapsed": 8.260251, "delta": 0.008976}}
{"target": -146.79974209482364, "params": {"gamma": 1.8065799506159026, "prior": 8.767750118877416, "rate": 0.8132843877516185}, "datetime": {"datetime": "2024-06-14 19:13:33", "elapsed": 8.270224, "delta": 0.009973}}
{"target": -153.52241875345476, "params": {"gamma": 1.8397720952197505, "prior": 7.069903885809709, "rate": 9.192339684311714}, "datetime": {"datetime": "2024-06-14 19:13:33", "elapsed": 8.2792, "delta": 0.008976}}
{"target": -200.7691419779637, "params": {"gamma": 2.515333063867109, "prior": 0.3108812014676776, "rate": 9.605084223078242}, "datetime": {"datetime": "2024-06-14 19:13:33", "elapsed": 8.288176, "delta": 0.008976}}
{"target": -335.92666961133284, "params": {"gamma": 6.8225241840990325, "prior": 3.175560691032173, "rate": 4.724262048710183}, "datetime": {"datetime": "2024-06-14 19:13:33", "elapsed": 8.29815, "delta": 0.009974}}
{"target": -316.59415656488693, "params": {"gamma": 5.992959482913756, "prior": 3.801298863446888, "rate": 8.74500347841515}, "datetime": {"datetime": "2024-06-14 19:13:33", "elapsed": 8.307125, "delta": 0.008975}}
{"target": -298.71127937876656, "params": {"gamma": 7.261999710487967, "prior": 9.547972975779691, "rate": 3.5113041629592687}, "datetime": {"datetime": "2024-06-14 19:13:33", "elapsed": 8.317129, "delta": 0.010004}}
{"target": -439.5288435840388, "params": {"gamma": 9.37180371312909, "prior": 4.843095684834866, "rate": 6.423584063846066}, "datetime": {"datetime": "2024-06-14 19:13:33", "elapsed": 8.326075, "delta": 0.008946}}
{"target": -311.07830342201174, "params": {"gamma": 7.36673540034412, "prior": 8.112445893156233, "rate": 3.963197413459656}, "datetime": {"datetime": "2024-06-14 19:13:33", "elapsed": 8.336048, "delta": 0.009973}}
{"target": -226.6910527673611, "params": {"gamma": 4.480011839169197, "prior": 8.191042558516232, "rate": 7.175854473706459}, "datetime": {"datetime": "2024-06-14 19:13:33", "elapsed": 8.345024, "delta": 0.008976}}
{"target": -347.91051091733146, "params": {"gamma": 9.408551244537064, "prior": 9.798018927036628, "rate": 1.7899544503221003}, "datetime": {"datetime": "2024-06-14 19:13:33", "elapsed": 8.354997, "delta": 0.009973}}
{"target": -161.41077966328157, "params": {"gamma": 2.2799661987157394, "prior": 7.188265828062564, "rate": 7.474079963807781}, "datetime": {"datetime": "2024-06-14 19:13:33", "elapsed": 8.364003, "delta": 0.009006}}
{"target": -254.8744450674405, "params": {"gamma": 6.032192362771022, "prior": 8.785267665792963, "rate": 2.5206526306452743}, "datetime": {"datetime": "2024-06-14 19:13:33", "elapsed": 8.373947, "delta": 0.009944}}
{"target": -186.3584292444113, "params": {"gamma": 3.3955344555736273, "prior": 4.997003796258398, "rate": 3.150955862596707}, "datetime": {"datetime": "2024-06-14 19:13:33", "elapsed": 8.38392, "delta": 0.009973}}
{"target": -239.1511946694347, "params": {"gamma": 5.454845454328703, "prior": 6.856532985049649, "rate": 2.2044486446357947}, "datetime": {"datetime": "2024-06-14 19:13:33", "elapsed": 8.392896, "delta": 0.008976}}
{"target": -221.36968814135648, "params": {"gamma": 4.853889202229838, "prior": 9.930515440611035, "rate": 3.242288870509168}, "datetime": {"datetime": "2024-06-14 19:13:33", "elapsed": 8.401872, "delta": 0.008976}}
{"target": -146.09889072849896, "params": {"gamma": 0.35458383299364826, "prior": 8.19178211991173, "rate": 5.033564529213024}, "datetime": {"datetime": "2024-06-14 19:13:33", "elapsed": 8.411846, "delta": 0.009974}}
