{"target": -1248.180433123092, "params": {"gamma": 2.5826284514108324, "lr": 0.03724025561078481}, "datetime": {"datetime": "2024-06-13 18:39:26", "elapsed": 5.104359, "delta": 0.004987}}
{"target": -157.010479968294, "params": {"gamma": 0.16150603946145364, "lr": 0.15270593118117648}, "datetime": {"datetime": "2024-06-13 18:39:26", "elapsed": 5.108349, "delta": 0.00399}}
{"target": -1145.7008584106316, "params": {"gamma": 4.621379845784425, "lr": 0.7559010975378051}, "datetime": {"datetime": "2024-06-13 18:39:26", "elapsed": 5.112339, "delta": 0.00399}}
{"target": -1046.2518440029091, "params": {"gamma": 7.2884205045195944, "lr": 0.3523894424830367}, "datetime": {"datetime": "2024-06-13 18:39:26", "elapsed": 5.117325, "delta": 0.004986}}
{"target": -1320.4303448819073, "params": {"gamma": 4.7919136483503735, "lr": 0.8140737533756652}, "datetime": {"datetime": "2024-06-13 18:39:26", "elapsed": 5.121314, "delta": 0.003989}}
{"target": -1388.8322874242288, "params": {"gamma": 8.384190660883412, "lr": 0.3199167004179855}, "datetime": {"datetime": "2024-06-13 18:39:26", "elapsed": 5.125303, "delta": 0.003989}}
{"target": -154.87966417405178, "params": {"gamma": 0.043645919052664246, "lr": 0.046930843226232644}, "datetime": {"datetime": "2024-06-13 18:39:26", "elapsed": 5.13029, "delta": 0.004987}}
{"target": -1155.5885286689816, "params": {"gamma": 7.378335968662237, "lr": 0.27263228107250803}, "datetime": {"datetime": "2024-06-13 18:39:26", "elapsed": 5.134279, "delta": 0.003989}}
{"target": -961.1271151341336, "params": {"gamma": 4.815376636054336, "lr": 0.1920312660311443}, "datetime": {"datetime": "2024-06-13 18:39:26", "elapsed": 5.139266, "delta": 0.004987}}
{"target": -1501.2812987176228, "params": {"gamma": 8.471282047905861, "lr": 0.5033776096365531}, "datetime": {"datetime": "2024-06-13 18:39:26", "elapsed": 5.143255, "delta": 0.003989}}
{"target": -875.7188862002586, "params": {"gamma": 5.272074597046892, "lr": 0.28807958808575485}, "datetime": {"datetime": "2024-06-13 18:39:26", "elapsed": 5.147245, "delta": 0.00399}}
{"target": -2441.706719841757, "params": {"gamma": 5.120480307408566, "lr": 0.0019636453825200295}, "datetime": {"datetime": "2024-06-13 18:39:26", "elapsed": 5.152232, "delta": 0.004987}}
{"target": -419.8525493717618, "params": {"gamma": 2.7736731083917574, "lr": 0.34876298353843593}, "datetime": {"datetime": "2024-06-13 18:39:26", "elapsed": 5.15622, "delta": 0.003988}}
{"target": -1380.7722707241414, "params": {"gamma": 2.8402249120040706, "lr": 0.08595222757741783}, "datetime": {"datetime": "2024-06-13 18:39:26", "elapsed": 5.161207, "delta": 0.004987}}
{"target": -1335.590023796539, "params": {"gamma": 5.2182903111313514, "lr": 0.7884791333735152}, "datetime": {"datetime": "2024-06-13 18:39:26", "elapsed": 5.165197, "delta": 0.00399}}
{"target": -1453.092759363522, "params": {"gamma": 9.426041757646109, "lr": 0.49728979211666346}, "datetime": {"datetime": "2024-06-13 18:39:26", "elapsed": 5.170183, "delta": 0.004986}}
{"target": -982.6874158142409, "params": {"gamma": 5.93794482969608, "lr": 0.2908599378104706}, "datetime": {"datetime": "2024-06-13 18:39:26", "elapsed": 5.17517, "delta": 0.004987}}
{"target": -452.5474493393268, "params": {"gamma": 1.492445929692968, "lr": 0.13187169072844107}, "datetime": {"datetime": "2024-06-13 18:39:26", "elapsed": 5.179162, "delta": 0.003992}}
{"target": -1721.2281273754722, "params": {"gamma": 7.323875397919708, "lr": 0.7344694353499344}, "datetime": {"datetime": "2024-06-13 18:39:26", "elapsed": 5.184146, "delta": 0.004984}}
{"target": -324.7074857971221, "params": {"gamma": 1.7943208163497153, "lr": 0.41356037977579185}, "datetime": {"datetime": "2024-06-13 18:39:26", "elapsed": 5.189132, "delta": 0.004986}}
{"target": -1673.5081068181455, "params": {"gamma": 5.941849134587504, "lr": 0.12528194618614874}, "datetime": {"datetime": "2024-06-13 18:39:26", "elapsed": 5.193122, "delta": 0.00399}}
{"target": -1454.5565666467892, "params": {"gamma": 7.85390412973879, "lr": 0.619992203320239}, "datetime": {"datetime": "2024-06-13 18:39:26", "elapsed": 5.198138, "delta": 0.005016}}
{"target": -1420.8588393494038, "params": {"gamma": 6.152601693393037, "lr": 0.7012080919186323}, "datetime": {"datetime": "2024-06-13 18:39:26", "elapsed": 5.203125, "delta": 0.004987}}
{"target": -1786.4653554577728, "params": {"gamma": 9.871843637581678, "lr": 0.5623944559571782}, "datetime": {"datetime": "2024-06-13 18:39:26", "elapsed": 5.207114, "delta": 0.003989}}
{"target": -1410.399763754275, "params": {"gamma": 8.644298200721781, "lr": 0.4187086750571659}, "datetime": {"datetime": "2024-06-13 18:39:26", "elapsed": 5.211103, "delta": 0.003989}}
{"target": -2062.6839430912078, "params": {"gamma": 6.545039042923117, "lr": 0.9252611878587662}, "datetime": {"datetime": "2024-06-13 18:39:26", "elapsed": 5.21609, "delta": 0.004987}}
{"target": -1105.8413436426233, "params": {"gamma": 6.64184400562511, "lr": 0.3030806759430662}, "datetime": {"datetime": "2024-06-13 18:39:26", "elapsed": 5.220079, "delta": 0.003989}}
{"target": -894.0686089666215, "params": {"gamma": 6.199836992922438, "lr": 0.35131832035819255}, "datetime": {"datetime": "2024-06-13 18:39:26", "elapsed": 5.225066, "delta": 0.004987}}
{"target": -615.230941945047, "params": {"gamma": 3.224344384669061, "lr": 0.6102050587463702}, "datetime": {"datetime": "2024-06-13 18:39:26", "elapsed": 5.229056, "delta": 0.00399}}
{"target": -285.1772229597644, "params": {"gamma": 1.6040719966518822, "lr": 0.4867389357577533}, "datetime": {"datetime": "2024-06-13 18:39:26", "elapsed": 5.233045, "delta": 0.003989}}
{"target": -1482.0241110291552, "params": {"gamma": 9.456397215578926, "lr": 0.38391424197853796}, "datetime": {"datetime": "2024-06-13 18:39:26", "elapsed": 5.238031, "delta": 0.004986}}
{"target": -324.46592504063864, "params": {"gamma": 1.8904369698648686, "lr": 0.468838949642181}, "datetime": {"datetime": "2024-06-13 18:39:26", "elapsed": 5.242021, "delta": 0.00399}}
{"target": -2348.852558792404, "params": {"gamma": 8.409237406703872, "lr": 0.8426677225950326}, "datetime": {"datetime": "2024-06-13 18:39:26", "elapsed": 5.246011, "delta": 0.00399}}
{"target": -3928.8462948468223, "params": {"gamma": 8.278204591352763, "lr": 0.011475512605813365}, "datetime": {"datetime": "2024-06-13 18:39:26", "elapsed": 5.250997, "delta": 0.004986}}
{"target": -854.5166242953591, "params": {"gamma": 2.6711360589730235, "lr": 0.9998757875742624}, "datetime": {"datetime": "2024-06-13 18:39:26", "elapsed": 5.254986, "delta": 0.003989}}
{"target": -232.44095514823607, "params": {"gamma": 1.1977130886476726, "lr": 0.4900894960876333}, "datetime": {"datetime": "2024-06-13 18:39:26", "elapsed": 5.258976, "delta": 0.00399}}
{"target": -2585.41588233727, "params": {"gamma": 7.900471479876251, "lr": 0.12221391009385618}, "datetime": {"datetime": "2024-06-13 18:39:26", "elapsed": 5.263962, "delta": 0.004986}}
{"target": -1028.990828415945, "params": {"gamma": 6.624429397731788, "lr": 0.4880804455213241}, "datetime": {"datetime": "2024-06-13 18:39:26", "elapsed": 5.267951, "delta": 0.003989}}
{"target": -590.5727796467716, "params": {"gamma": 1.9437055308797813, "lr": 0.8786300265827204}, "datetime": {"datetime": "2024-06-13 18:39:26", "elapsed": 5.271941, "delta": 0.00399}}
{"target": -386.0545668520682, "params": {"gamma": 1.8156924881797458, "lr": 0.6390528592947753}, "datetime": {"datetime": "2024-06-13 18:39:26", "elapsed": 5.276928, "delta": 0.004987}}
{"target": -1346.9778465140641, "params": {"gamma": 7.4085279551010945, "lr": 0.5626728865932282}, "datetime": {"datetime": "2024-06-13 18:39:26", "elapsed": 5.280917, "delta": 0.003989}}
{"target": -2063.296988714991, "params": {"gamma": 6.288786844403314, "lr": 0.11896539662200445}, "datetime": {"datetime": "2024-06-13 18:39:26", "elapsed": 5.285903, "delta": 0.004986}}
{"target": -560.312575958779, "params": {"gamma": 3.0810618335582585, "lr": 0.5869622072296792}, "datetime": {"datetime": "2024-06-13 18:39:26", "elapsed": 5.289893, "delta": 0.00399}}
{"target": -789.0344669027182, "params": {"gamma": 3.955241699358807, "lr": 0.6639460814328006}, "datetime": {"datetime": "2024-06-13 18:39:26", "elapsed": 5.29488, "delta": 0.004987}}
{"target": -1682.8437522194818, "params": {"gamma": 8.519694493398179, "lr": 0.19022208931218354}, "datetime": {"datetime": "2024-06-13 18:39:26", "elapsed": 5.299375, "delta": 0.004495}}
{"target": -1416.8168013883383, "params": {"gamma": 9.032823736002479, "lr": 0.38317585043109326}, "datetime": {"datetime": "2024-06-13 18:39:26", "elapsed": 5.303365, "delta": 0.00399}}
{"target": -1741.5336895163282, "params": {"gamma": 9.431300182951817, "lr": 0.6173823130249652}, "datetime": {"datetime": "2024-06-13 18:39:26", "elapsed": 5.308352, "delta": 0.004987}}
{"target": -1401.8557473361552, "params": {"gamma": 7.901165115937855, "lr": 0.514775428373226}, "datetime": {"datetime": "2024-06-13 18:39:26", "elapsed": 5.312342, "delta": 0.00399}}
{"target": -890.0926042463681, "params": {"gamma": 5.311915799238696, "lr": 0.3275938987659719}, "datetime": {"datetime": "2024-06-13 18:39:26", "elapsed": 5.317328, "delta": 0.004986}}
{"target": -248.19625116797442, "params": {"gamma": 1.2945177075663274, "lr": 0.3838219118604237}, "datetime": {"datetime": "2024-06-13 18:39:26", "elapsed": 5.321317, "delta": 0.003989}}
{"target": -1045.743596121524, "params": {"gamma": 2.1505498314359848, "lr": 0.03286525588191658}, "datetime": {"datetime": "2024-06-13 18:39:26", "elapsed": 5.325306, "delta": 0.003989}}
{"target": -594.3189570778239, "params": {"gamma": 2.7495934114227696, "lr": 0.18057605266685695}, "datetime": {"datetime": "2024-06-13 18:39:26", "elapsed": 5.330294, "delta": 0.004988}}
{"target": -4153.615835409293, "params": {"gamma": 8.75542762006619, "lr": 0.08123656243140498}, "datetime": {"datetime": "2024-06-13 18:39:26", "elapsed": 5.334283, "delta": 0.003989}}
{"target": -452.08324811549534, "params": {"gamma": 1.8397720952197505, "lr": 0.7040306955363342}, "datetime": {"datetime": "2024-06-13 18:39:26", "elapsed": 5.339269, "delta": 0.004986}}
{"target": -1431.2369948550142, "params": {"gamma": 9.192339684311714, "lr": 0.2514584522319341}, "datetime": {"datetime": "2024-06-13 18:39:26", "elapsed": 5.343259, "delta": 0.00399}}
{"target": -161.91703424869368, "params": {"gamma": 0.21399001348235436, "lr": 0.9605044727550998}, "datetime": {"datetime": "2024-06-13 18:39:26", "elapsed": 5.348245, "delta": 0.004986}}
{"target": -1135.176984845554, "params": {"gamma": 6.8225241840990325, "lr": 0.3106626960638559}, "datetime": {"datetime": "2024-06-13 18:39:26", "elapsed": 5.352235, "delta": 0.00399}}
{"target": -841.9901566262774, "params": {"gamma": 4.724262048710183, "lr": 0.5992558738787634}, "datetime": {"datetime": "2024-06-13 18:39:26", "elapsed": 5.356224, "delta": 0.003989}}
{"target": -1103.1385889841824, "params": {"gamma": 3.7393118520813564, "lr": 0.874487796621177}, "datetime": {"datetime": "2024-06-13 18:39:26", "elapsed": 5.36121, "delta": 0.004986}}
{"target": -2287.0099921666265, "params": {"gamma": 7.261999710487967, "lr": 0.9543407046242112}, "datetime": {"datetime": "2024-06-13 18:39:26", "elapsed": 5.3652, "delta": 0.00399}}
{"target": -1115.1072949966422, "params": {"gamma": 3.5113041629592687, "lr": 0.9371740887217811}, "datetime": {"datetime": "2024-06-13 18:39:26", "elapsed": 5.370187, "delta": 0.004987}}
{"target": -949.1602297679941, "params": {"gamma": 4.791526641683215, "lr": 0.6423226386484714}, "datetime": {"datetime": "2024-06-13 18:39:26", "elapsed": 5.374108, "delta": 0.003921}}
{"target": -2018.892271608852, "params": {"gamma": 7.36673540034412, "lr": 0.8093379690056801}, "datetime": {"datetime": "2024-06-13 18:39:26", "elapsed": 5.379095, "delta": 0.004987}}
{"target": -614.706457785831, "params": {"gamma": 3.963197413459656, "lr": 0.44794597851477114}, "datetime": {"datetime": "2024-06-13 18:39:26", "elapsed": 5.383084, "delta": 0.003989}}
{"target": -1887.1492279404606, "params": {"gamma": 8.172952984101395, "lr": 0.7175572030909549}, "datetime": {"datetime": "2024-06-13 18:39:26", "elapsed": 5.387074, "delta": 0.00399}}
{"target": -2958.77981393237, "params": {"gamma": 9.408551244537064, "lr": 0.9795978714178412}, "datetime": {"datetime": "2024-06-13 18:39:26", "elapsed": 5.39206, "delta": 0.004986}}
{"target": -277.9136711686407, "params": {"gamma": 1.7899544503221003, "lr": 0.2279194118127552}, "datetime": {"datetime": "2024-06-13 18:39:26", "elapsed": 5.397046, "delta": 0.004986}}
{"target": -1683.3368194826755, "params": {"gamma": 7.16014848634319, "lr": 0.7473827346542434}, "datetime": {"datetime": "2024-06-13 18:39:26", "elapsed": 5.401036, "delta": 0.00399}}
{"target": -1767.7577295935973, "params": {"gamma": 6.032192362771022, "lr": 0.8772997642215113}, "datetime": {"datetime": "2024-06-13 18:39:26", "elapsed": 5.406022, "delta": 0.004986}}
{"target": -385.90748237720976, "params": {"gamma": 2.5206526306452743, "lr": 0.3394873942967924}, "datetime": {"datetime": "2024-06-13 18:39:26", "elapsed": 5.411009, "delta": 0.004987}}
{"target": -830.9894267830167, "params": {"gamma": 4.946973834220983, "lr": 0.31502708896856757}, "datetime": {"datetime": "2024-06-13 18:39:26", "elapsed": 5.414999, "delta": 0.00399}}
{"target": -1262.9642663381492, "params": {"gamma": 5.454845454328703, "lr": 0.6824780792979444}, "datetime": {"datetime": "2024-06-13 18:39:26", "elapsed": 5.419986, "delta": 0.004987}}
{"target": -368.80048915079897, "params": {"gamma": 2.2044486446357947, "lr": 0.48533745396838057}, "datetime": {"datetime": "2024-06-13 18:39:26", "elapsed": 5.423975, "delta": 0.003989}}
{"target": -1639.9598607535409, "params": {"gamma": 9.929820595017146, "lr": 0.3241613031812349}, "datetime": {"datetime": "2024-06-13 18:39:26", "elapsed": 5.428962, "delta": 0.004987}}
{"target": -177.13350904529014, "params": {"gamma": 0.35458383299364826, "lr": 0.8173517292840132}, "datetime": {"datetime": "2024-06-13 18:39:26", "elapsed": 5.432951, "delta": 0.003989}}
{"target": -2400.78346547853, "params": {"gamma": 5.033564529213024, "lr": 0.052783856118570505}, "datetime": {"datetime": "2024-06-13 18:39:26", "elapsed": 5.437937, "delta": 0.004986}}
{"target": -1451.9319343139196, "params": {"gamma": 8.903159967215188, "lr": 0.4045143799803578}, "datetime": {"datetime": "2024-06-13 18:39:26", "elapsed": 5.441927, "delta": 0.00399}}
{"target": -1514.4505956281114, "params": {"gamma": 9.292802548221829, "lr": 0.40207817380056154}, "datetime": {"datetime": "2024-06-13 18:39:26", "elapsed": 5.445917, "delta": 0.00399}}
{"target": -175.64374583141588, "params": {"gamma": 0.7692460154620339, "lr": 0.2453011441199927}, "datetime": {"datetime": "2024-06-13 18:39:26", "elapsed": 5.450903, "delta": 0.004986}}
{"target": -874.8298237643861, "params": {"gamma": 3.503254796566321, "lr": 0.7507282923552251}, "datetime": {"datetime": "2024-06-13 18:39:26", "elapsed": 5.454892, "delta": 0.003989}}
{"target": -337.2226697225277, "params": {"gamma": 1.8482967753404873, "lr": 0.4309736537258744}, "datetime": {"datetime": "2024-06-13 18:39:26", "elapsed": 5.459879, "delta": 0.004987}}
{"target": -1546.856264868046, "params": {"gamma": 8.732580952739871, "lr": 0.5337610913727832}, "datetime": {"datetime": "2024-06-13 18:39:27", "elapsed": 5.463869, "delta": 0.00399}}
{"target": -526.8956411715636, "params": {"gamma": 1.0324440427708175, "lr": 0.024522487054632225}, "datetime": {"datetime": "2024-06-13 18:39:27", "elapsed": 5.467858, "delta": 0.003989}}
{"target": -2223.300153443407, "params": {"gamma": 7.058392201809326, "lr": 0.979127490958217}, "datetime": {"datetime": "2024-06-13 18:39:27", "elapsed": 5.472844, "delta": 0.004986}}
{"target": -1931.45575215395, "params": {"gamma": 7.851867464260117, "lr": 0.7647261968454175}, "datetime": {"datetime": "2024-06-13 18:39:27", "elapsed": 5.476834, "delta": 0.00399}}
{"target": -1723.1452807422718, "params": {"gamma": 6.754799709264521, "lr": 0.7955027102986651}, "datetime": {"datetime": "2024-06-13 18:39:27", "elapsed": 5.480823, "delta": 0.003989}}
{"target": -159.39836947746863, "params": {"gamma": 0.40113783894076427, "lr": 0.264681631716854}, "datetime": {"datetime": "2024-06-13 18:39:27", "elapsed": 5.48581, "delta": 0.004987}}
{"target": -2033.6090048910248, "params": {"gamma": 6.9542799621795535, "lr": 0.8669883296077439}, "datetime": {"datetime": "2024-06-13 18:39:27", "elapsed": 5.489799, "delta": 0.003989}}
{"target": -1414.7107691083675, "params": {"gamma": 6.746394111296426, "lr": 0.17627612798343162}, "datetime": {"datetime": "2024-06-13 18:39:27", "elapsed": 5.494785, "delta": 0.004986}}
{"target": -2822.8672269802637, "params": {"gamma": 9.363148290996985, "lr": 0.9033787001108529}, "datetime": {"datetime": "2024-06-13 18:39:27", "elapsed": 5.498776, "delta": 0.003991}}
{"target": -228.0057857108973, "params": {"gamma": 0.8677009826349238, "lr": 0.193000037574253}, "datetime": {"datetime": "2024-06-13 18:39:27", "elapsed": 5.503762, "delta": 0.004986}}
{"target": -666.4405751467518, "params": {"gamma": 2.7526551130746566, "lr": 0.7384118706046068}, "datetime": {"datetime": "2024-06-13 18:39:27", "elapsed": 5.508748, "delta": 0.004986}}
{"target": -1492.5433473313883, "params": {"gamma": 8.59387390968027, "lr": 0.5783223874515512}, "datetime": {"datetime": "2024-06-13 18:39:27", "elapsed": 5.513736, "delta": 0.004988}}
{"target": -354.8288420889013, "params": {"gamma": 1.9972560609459706, "lr": 0.41508988762136245}, "datetime": {"datetime": "2024-06-13 18:39:27", "elapsed": 5.517724, "delta": 0.003988}}
{"target": -461.2208334570168, "params": {"gamma": 1.3794541434408072, "lr": 0.9173961868584244}, "datetime": {"datetime": "2024-06-13 18:39:27", "elapsed": 5.522711, "delta": 0.004987}}
{"target": -1357.2838060714732, "params": {"gamma": 7.645544873164326, "lr": 0.5102138338060775}, "datetime": {"datetime": "2024-06-13 18:39:27", "elapsed": 5.5267, "delta": 0.003989}}
{"target": -2019.2412270940906, "params": {"gamma": 4.536296856665209, "lr": 0.0978420783455699}, "datetime": {"datetime": "2024-06-13 18:39:27", "elapsed": 5.531687, "delta": 0.004987}}
{"target": -1060.2554770434958, "params": {"gamma": 3.1874348876469725, "lr": 0.12063279535739646}, "datetime": {"datetime": "2024-06-13 18:39:27", "elapsed": 5.535676, "delta": 0.003989}}
{"target": -1388.3300733232898, "params": {"gamma": 7.823598295559239, "lr": 0.5448837066761946}, "datetime": {"datetime": "2024-06-13 18:39:27", "elapsed": 5.539665, "delta": 0.003989}}
{"target": -334.0296337083659, "params": {"gamma": 2.2735465367701733, "lr": 0.22420283925593631}, "datetime": {"datetime": "2024-06-13 18:39:27", "elapsed": 5.544652, "delta": 0.004987}}
{"target": -455.9041465979337, "params": {"gamma": 2.6047215769603396, "lr": 0.308872752316256}, "datetime": {"datetime": "2024-06-13 18:39:27", "elapsed": 5.548642, "delta": 0.00399}}
{"target": -652.5428232048224, "params": {"gamma": 3.8776636126823174, "lr": 0.29754893237723723}, "datetime": {"datetime": "2024-06-13 18:39:27", "elapsed": 5.553628, "delta": 0.004986}}
{"target": -3230.69359395698, "params": {"gamma": 6.795879389436971, "lr": 0.03507361930507891}, "datetime": {"datetime": "2024-06-13 18:39:27", "elapsed": 5.557618, "delta": 0.00399}}
{"target": -787.5778867072312, "params": {"gamma": 3.2817750389987497, "lr": 0.7452918728580155}, "datetime": {"datetime": "2024-06-13 18:39:27", "elapsed": 5.561607, "delta": 0.003989}}
{"target": -2578.485310284664, "params": {"gamma": 9.428137042767773, "lr": 0.8027325501575512}, "datetime": {"datetime": "2024-06-13 18:39:27", "elapsed": 5.566594, "delta": 0.004987}}
{"target": -350.15088565373907, "params": {"gamma": 2.4090212695059683, "lr": 0.2329154683838317}, "datetime": {"datetime": "2024-06-13 18:39:27", "elapsed": 5.570583, "delta": 0.003989}}
{"target": -579.4350164966714, "params": {"gamma": 1.904177610377174, "lr": 0.8824975348586093}, "datetime": {"datetime": "2024-06-13 18:39:27", "elapsed": 5.57557, "delta": 0.004987}}
{"target": -605.0359950312635, "params": {"gamma": 2.3793190167249576, "lr": 0.7581806234131274}, "datetime": {"datetime": "2024-06-13 18:39:27", "elapsed": 5.579558, "delta": 0.003988}}
{"target": -1261.5993113588959, "params": {"gamma": 2.611236264315461, "lr": 0.03308184340751563}, "datetime": {"datetime": "2024-06-13 18:39:27", "elapsed": 5.584546, "delta": 0.004988}}
{"target": -1696.5038646663397, "params": {"gamma": 7.334743552987591, "lr": 0.7262018097952009}, "datetime": {"datetime": "2024-06-13 18:39:27", "elapsed": 5.588535, "delta": 0.003989}}
{"target": -207.87577168379437, "params": {"gamma": 0.8905021504995737, "lr": 0.3267012579296016}, "datetime": {"datetime": "2024-06-13 18:39:27", "elapsed": 5.592524, "delta": 0.003989}}
{"target": -2306.7020793708384, "params": {"gamma": 9.483704536600037, "lr": 0.16294899858218448}, "datetime": {"datetime": "2024-06-13 18:39:27", "elapsed": 5.597511, "delta": 0.004987}}
{"target": -205.67626689938555, "params": {"gamma": 0.8676380540564483, "lr": 0.5946038881116259}, "datetime": {"datetime": "2024-06-13 18:39:27", "elapsed": 5.602498, "delta": 0.004987}}
{"target": -2609.664999763891, "params": {"gamma": 9.309967663594373, "lr": 0.1337783077430914}, "datetime": {"datetime": "2024-06-13 18:39:27", "elapsed": 5.606487, "delta": 0.003989}}
{"target": -1189.6280498341562, "params": {"gamma": 5.130609924306518, "lr": 0.6839992141169576}, "datetime": {"datetime": "2024-06-13 18:39:27", "elapsed": 5.611474, "delta": 0.004987}}
{"target": -844.2625748276449, "params": {"gamma": 1.7191257663086643, "lr": 0.011259893492189477}, "datetime": {"datetime": "2024-06-13 18:39:27", "elapsed": 5.615463, "delta": 0.003989}}
{"target": -4210.849403313725, "params": {"gamma": 8.876943621666769, "lr": 0.035231270653359514}, "datetime": {"datetime": "2024-06-13 18:39:27", "elapsed": 5.619452, "delta": 0.003989}}
