{"target": -296.49034148469514, "params": {"gamma": 4.4582994882209785, "prior": 7.53393534067921, "rate": 0.9843654431052541}, "datetime": {"datetime": "2024-06-14 12:57:21", "elapsed": 10.27282, "delta": 0.009974}}
{"target": -286.7813649523604, "params": {"gamma": 3.6059025236596125, "prior": 5.680691927335912, "rate": 2.3866173738298953}, "datetime": {"datetime": "2024-06-14 12:57:21", "elapsed": 10.281796, "delta": 0.008976}}
{"target": -743.3393767993811, "params": {"gamma": 8.399697763448607, "prior": 7.6819248236704, "rate": 9.655460253343795}, "datetime": {"datetime": "2024-06-14 12:57:21", "elapsed": 10.291769, "delta": 0.009973}}
{"target": -654.8128251647719, "params": {"gamma": 5.230357762062273, "prior": 1.1545941141068716, "rate": 9.366233613591808}, "datetime": {"datetime": "2024-06-14 12:57:21", "elapsed": 10.300745, "delta": 0.008976}}
{"target": -772.2083615603161, "params": {"gamma": 8.342525658973996, "prior": 5.489739793932052, "rate": 8.363186471576656}, "datetime": {"datetime": "2024-06-14 12:57:21", "elapsed": 10.310719, "delta": 0.009974}}
{"target": -685.9097666188948, "params": {"gamma": 8.81702750262007, "prior": 7.783203259932287, "rate": 5.712968516447132}, "datetime": {"datetime": "2024-06-14 12:57:21", "elapsed": 10.320692, "delta": 0.009973}}
{"target": -492.41709614239676, "params": {"gamma": 6.153371915939358, "prior": 8.459467758169252, "rate": 6.222544146503024}, "datetime": {"datetime": "2024-06-14 12:57:21", "elapsed": 10.330665, "delta": 0.009973}}
{"target": -224.45939372192598, "params": {"gamma": 2.0655931119171287, "prior": 6.945735393184301, "rate": 5.320605487023739}, "datetime": {"datetime": "2024-06-14 12:57:21", "elapsed": 10.339641, "delta": 0.008976}}
{"target": -387.79655237046046, "params": {"gamma": 2.633207341942995, "prior": 0.10778676114340056, "rate": 2.3557421152378364}, "datetime": {"datetime": "2024-06-14 12:57:21", "elapsed": 10.349615, "delta": 0.009974}}
{"target": -565.3975243172082, "params": {"gamma": 6.735993413062344, "prior": 8.795369976841354, "rate": 8.307194989836436}, "datetime": {"datetime": "2024-06-14 12:57:21", "elapsed": 10.359588, "delta": 0.009973}}
{"target": -209.84344217178705, "params": {"gamma": 1.0819657484995155, "prior": 0.8041372972760987, "rate": 7.616161526478173}, "datetime": {"datetime": "2024-06-14 12:57:21", "elapsed": 10.368564, "delta": 0.008976}}
{"target": -221.8099660133544, "params": {"gamma": 2.849048887810949, "prior": 2.790850219716551, "rate": 0.021001005783708615}, "datetime": {"datetime": "2024-06-14 12:57:21", "elapsed": 10.378537, "delta": 0.009973}}
{"target": -178.01043962124282, "params": {"gamma": 0.9862915673948899, "prior": 1.442410769184296, "rate": 1.5944427020857364}, "datetime": {"datetime": "2024-06-14 12:57:21", "elapsed": 10.38851, "delta": 0.009973}}
{"target": -397.21048992091266, "params": {"gamma": 4.453690712551038, "prior": 8.159944565765821, "rate": 8.123168855569107}, "datetime": {"datetime": "2024-06-14 12:57:21", "elapsed": 10.397486, "delta": 0.008976}}
{"target": -846.4386555853392, "params": {"gamma": 9.099986227202798, "prior": 4.491561182341304, "rate": 7.087396368942189}, "datetime": {"datetime": "2024-06-14 12:57:21", "elapsed": 10.40746, "delta": 0.009974}}
{"target": -458.92127737449994, "params": {"gamma": 4.883852847086367, "prior": 0.5934413255317578, "rate": 0.8052339082615015}, "datetime": {"datetime": "2024-06-14 12:57:21", "elapsed": 10.417433, "delta": 0.009973}}
{"target": -243.62811854041712, "params": {"gamma": 2.4601774098261746, "prior": 9.818055113367866, "rate": 6.919480375538572}, "datetime": {"datetime": "2024-06-14 12:57:21", "elapsed": 10.426409, "delta": 0.008976}}
{"target": -268.72383503096717, "params": {"gamma": 2.680807810991347, "prior": 7.09200612105803, "rate": 6.6137999976813155}, "datetime": {"datetime": "2024-06-14 12:57:21", "elapsed": 10.436382, "delta": 0.009973}}
{"target": -160.08958308093938, "params": {"gamma": 0.4338583185782008, "prior": 3.6787270879532055, "rate": 7.737506106039536}, "datetime": {"datetime": "2024-06-14 12:57:21", "elapsed": 10.445359, "delta": 0.008977}}
{"target": -169.28059370564637, "params": {"gamma": 0.7861506254262016, "prior": 8.855402756081128, "rate": 9.308752094249328}, "datetime": {"datetime": "2024-06-14 12:57:21", "elapsed": 10.455332, "delta": 0.009973}}
{"target": -969.0969571645276, "params": {"gamma": 8.531002038386509, "prior": 1.2620382805993853, "rate": 5.652169643537417}, "datetime": {"datetime": "2024-06-14 12:57:21", "elapsed": 10.465305, "delta": 0.009973}}
{"target": -423.71948842499467, "params": {"gamma": 7.075891918374401, "prior": 8.89100289040774, "rate": 0.958664516968829}, "datetime": {"datetime": "2024-06-14 12:57:21", "elapsed": 10.474281, "delta": 0.008976}}
{"target": -808.7676712946754, "params": {"gamma": 8.157890074908734, "prior": 2.852361683520942, "rate": 5.923281570273373}, "datetime": {"datetime": "2024-06-14 12:57:21", "elapsed": 10.484254, "delta": 0.009973}}
{"target": -496.89783114669916, "params": {"gamma": 7.198237298029824, "prior": 7.7924895786681345, "rate": 2.947353825139696}, "datetime": {"datetime": "2024-06-14 12:57:21", "elapsed": 10.494228, "delta": 0.009974}}
{"target": -668.9803343462884, "params": {"gamma": 6.074158012949801, "prior": 2.945981454603072, "rate": 9.983169186094411}, "datetime": {"datetime": "2024-06-14 12:57:21", "elapsed": 10.503205, "delta": 0.008977}}
{"target": -808.9617725059129, "params": {"gamma": 8.145241573815564, "prior": 4.198381371066737, "rate": 8.791542714456694}, "datetime": {"datetime": "2024-06-14 12:57:21", "elapsed": 10.513177, "delta": 0.009972}}
{"target": -456.2735759766789, "params": {"gamma": 7.325278649969429, "prior": 9.294594614204785, "rate": 1.7169353317749951}, "datetime": {"datetime": "2024-06-14 12:57:21", "elapsed": 10.52315, "delta": 0.009973}}
{"target": -350.8548750956096, "params": {"gamma": 2.9490552142038204, "prior": 1.0279930931389578, "rate": 3.1804923357554484}, "datetime": {"datetime": "2024-06-14 12:57:21", "elapsed": 10.532126, "delta": 0.008976}}
{"target": -330.26371016229643, "params": {"gamma": 3.812504948851634, "prior": 6.36385414222566, "rate": 4.715727863547479}, "datetime": {"datetime": "2024-06-14 12:57:21", "elapsed": 10.5421, "delta": 0.009974}}
{"target": -546.7006392821534, "params": {"gamma": 7.176972138789694, "prior": 2.7653129816669733, "rate": 1.7313941351026625}, "datetime": {"datetime": "2024-06-14 12:57:21", "elapsed": 10.551076, "delta": 0.008976}}
{"target": -345.53696940904723, "params": {"gamma": 3.7918469051508774, "prior": 4.43700623053576, "rate": 4.221843551590521}, "datetime": {"datetime": "2024-06-14 12:57:21", "elapsed": 10.561078, "delta": 0.010002}}
{"target": -807.8691243629908, "params": {"gamma": 9.135783296928588, "prior": 2.7687134816348475, "rate": 3.5210819835488736}, "datetime": {"datetime": "2024-06-14 12:57:21", "elapsed": 10.571023, "delta": 0.009945}}
{"target": -239.5149315341191, "params": {"gamma": 2.1528813919731067, "prior": 3.7820378129023013, "rate": 3.8991640529202587}, "datetime": {"datetime": "2024-06-14 12:57:21", "elapsed": 10.580996, "delta": 0.009973}}
{"target": -486.0294611749973, "params": {"gamma": 5.754695144061634, "prior": 2.855813288362186, "rate": 2.595663592769973}, "datetime": {"datetime": "2024-06-14 12:57:21", "elapsed": 10.589972, "delta": 0.008976}}
{"target": -435.96139381595486, "params": {"gamma": 7.190894889170183, "prior": 9.110769204968191, "rate": 1.2218460988148518}, "datetime": {"datetime": "2024-06-14 12:57:21", "elapsed": 10.599945, "delta": 0.009973}}
{"target": -264.43707088017044, "params": {"gamma": 1.8237074185290985, "prior": 1.4177854842714415, "rate": 6.836393220362168}, "datetime": {"datetime": "2024-06-14 12:57:21", "elapsed": 10.608921, "delta": 0.008976}}
{"target": -206.1974904972088, "params": {"gamma": 2.1408837173038955, "prior": 6.0852588727331, "rate": 2.0175856692950274}, "datetime": {"datetime": "2024-06-14 12:57:21", "elapsed": 10.618894, "delta": 0.009973}}
{"target": -810.4199710035476, "params": {"gamma": 8.177754179737551, "prior": 3.229460609356161, "rate": 6.696498030094077}, "datetime": {"datetime": "2024-06-14 12:57:21", "elapsed": 10.628868, "delta": 0.009974}}
{"target": -199.52753180660898, "params": {"gamma": 1.4881868944628063, "prior": 3.128859926152989, "rate": 2.9731172115714624}, "datetime": {"datetime": "2024-06-14 12:57:21", "elapsed": 10.637844, "delta": 0.008976}}
{"target": -569.4679279612963, "params": {"gamma": 6.3511642455179445, "prior": 6.840717218521033, "rate": 8.452641216391733}, "datetime": {"datetime": "2024-06-14 12:57:21", "elapsed": 10.647818, "delta": 0.009974}}
{"target": -217.61154552906314, "params": {"gamma": 1.8342857207824639, "prior": 7.628254666633741, "rate": 7.119682083391317}, "datetime": {"datetime": "2024-06-14 12:57:21", "elapsed": 10.65779, "delta": 0.009972}}
{"target": -353.26072981301166, "params": {"gamma": 5.575881596860648, "prior": 6.536613564525276, "rate": 0.9008610352239393}, "datetime": {"datetime": "2024-06-14 12:57:21", "elapsed": 10.666767, "delta": 0.008977}}
{"target": -211.2407533215631, "params": {"gamma": 1.4696112814099909, "prior": 4.214160035094695, "rate": 7.1139955123219485}, "datetime": {"datetime": "2024-06-14 12:57:21", "elapsed": 10.67674, "delta": 0.009973}}
{"target": -216.93544331854397, "params": {"gamma": 1.6790438150723197, "prior": 3.950893478320653, "rate": 4.979961592920374}, "datetime": {"datetime": "2024-06-14 12:57:21", "elapsed": 10.686713, "delta": 0.009973}}
{"target": -1193.2660403704454, "params": {"gamma": 9.350522223405173, "prior": 0.6464428616796051, "rate": 8.290245901995016}, "datetime": {"datetime": "2024-06-14 12:57:21", "elapsed": 10.696686, "delta": 0.009973}}
{"target": -1057.9409002043708, "params": {"gamma": 9.841614299141947, "prior": 2.7459988738469, "rate": 8.90068298043714}, "datetime": {"datetime": "2024-06-14 12:57:22", "elapsed": 10.705662, "delta": 0.008976}}
{"target": -260.6829214920503, "params": {"gamma": 2.9037110876153163, "prior": 8.010174232146655, "rate": 4.599113822624364}, "datetime": {"datetime": "2024-06-14 12:57:22", "elapsed": 10.715636, "delta": 0.009974}}
{"target": -637.8796256585434, "params": {"gamma": 5.976488880119824, "prior": 2.443007029974514, "rate": 6.87646200664599}, "datetime": {"datetime": "2024-06-14 12:57:22", "elapsed": 10.725609, "delta": 0.009973}}
{"target": -197.77179422318122, "params": {"gamma": 1.4876999762661907, "prior": 5.640896340117552, "rate": 4.943794976509587}, "datetime": {"datetime": "2024-06-14 12:57:22", "elapsed": 10.734585, "delta": 0.008976}}
{"target": -784.9014618412709, "params": {"gamma": 8.372222753498248, "prior": 4.866538302199957, "rate": 7.847524868907307}, "datetime": {"datetime": "2024-06-14 12:57:22", "elapsed": 10.744558, "delta": 0.009973}}
{"target": -435.19109659357304, "params": {"gamma": 4.003542773051022, "prior": 3.1482687409659618, "rate": 7.872484136639694}, "datetime": {"datetime": "2024-06-14 12:57:22", "elapsed": 10.754532, "delta": 0.009974}}
{"target": -388.78258993466716, "params": {"gamma": 4.185224174850338, "prior": 5.017984006012016, "rate": 5.773647990711966}, "datetime": {"datetime": "2024-06-14 12:57:22", "elapsed": 10.764506, "delta": 0.009974}}
{"target": -632.3718812451929, "params": {"gamma": 8.196837713155396, "prior": 5.8550677488045215, "rate": 4.062022883905419}, "datetime": {"datetime": "2024-06-14 12:57:22", "elapsed": 10.774478, "delta": 0.009972}}
{"target": -212.4852753669103, "params": {"gamma": 1.6067076982639186, "prior": 7.050901918649678, "rate": 8.832444983696695}, "datetime": {"datetime": "2024-06-14 12:57:22", "elapsed": 10.783454, "delta": 0.008976}}
{"target": -190.80328975793586, "params": {"gamma": 1.0846805001536175, "prior": 4.715518360549507, "rate": 9.34542051628517}, "datetime": {"datetime": "2024-06-14 12:57:22", "elapsed": 10.793428, "delta": 0.009974}}
{"target": -352.5728806583164, "params": {"gamma": 5.635528165584233, "prior": 5.4980097896596, "rate": 0.6356920232315505}, "datetime": {"datetime": "2024-06-14 12:57:22", "elapsed": 10.802956, "delta": 0.009528}}
{"target": -356.5024076870832, "params": {"gamma": 5.353466496108746, "prior": 6.579958907817386, "rate": 1.466771864485812}, "datetime": {"datetime": "2024-06-14 12:57:22", "elapsed": 10.81293, "delta": 0.009974}}
{"target": -1031.8653369699657, "params": {"gamma": 9.563690911740819, "prior": 2.0418928402390932, "rate": 6.739586009585863}, "datetime": {"datetime": "2024-06-14 12:57:22", "elapsed": 10.822905, "delta": 0.009975}}
{"target": -315.92160848567255, "params": {"gamma": 2.744137192928587, "prior": 1.1734652549355584, "rate": 2.6097471361451294}, "datetime": {"datetime": "2024-06-14 12:57:22", "elapsed": 10.83288, "delta": 0.009975}}
{"target": -279.5327630411157, "params": {"gamma": 3.3421841833472294, "prior": 4.700845584587125, "rate": 2.3443300775714717}, "datetime": {"datetime": "2024-06-14 12:57:22", "elapsed": 10.842416, "delta": 0.009536}}
{"target": -611.9907305200978, "params": {"gamma": 7.27531136269942, "prior": 8.09119191003769, "rate": 7.909964984873447}, "datetime": {"datetime": "2024-06-14 12:57:22", "elapsed": 10.851393, "delta": 0.008977}}
{"target": -569.0923852995257, "params": {"gamma": 7.157769735363946, "prior": 2.7694681369941243, "rate": 2.1053674526157167}, "datetime": {"datetime": "2024-06-14 12:57:22", "elapsed": 10.861367, "delta": 0.009974}}
{"target": -165.7670796105419, "params": {"gamma": 1.092174154085908, "prior": 4.027142903887254, "rate": 0.8735791351201521}, "datetime": {"datetime": "2024-06-14 12:57:22", "elapsed": 10.871339, "delta": 0.009972}}
{"target": -530.3359640112462, "params": {"gamma": 6.554241175168271, "prior": 9.503306252187942, "rate": 7.556577172510941}, "datetime": {"datetime": "2024-06-14 12:57:22", "elapsed": 10.880315, "delta": 0.008976}}
{"target": -219.121746872882, "params": {"gamma": 1.1698003792568261, "prior": 0.3027643623121794, "rate": 3.349553409033682}, "datetime": {"datetime": "2024-06-14 12:57:22", "elapsed": 10.890288, "delta": 0.009973}}
{"target": -1000.6381969641593, "params": {"gamma": 9.928768691433605, "prior": 3.197034304972313, "rate": 7.37534048014249}, "datetime": {"datetime": "2024-06-14 12:57:22", "elapsed": 10.900261, "delta": 0.009973}}
{"target": -548.0120459990841, "params": {"gamma": 7.165577236537339, "prior": 5.768320217183284, "rate": 3.6770929306387004}, "datetime": {"datetime": "2024-06-14 12:57:22", "elapsed": 10.910235, "delta": 0.009974}}
{"target": -191.0553353238112, "params": {"gamma": 2.083448674606851, "prior": 9.801992242791993, "rate": 0.6598718062812502}, "datetime": {"datetime": "2024-06-14 12:57:22", "elapsed": 10.919211, "delta": 0.008976}}
{"target": -295.17181586219874, "params": {"gamma": 2.363041291619063, "prior": 3.1581047580501553, "rate": 9.09512403146957}, "datetime": {"datetime": "2024-06-14 12:57:22", "elapsed": 10.929059, "delta": 0.009848}}
{"target": -539.4635577127322, "params": {"gamma": 7.133979260927965, "prior": 2.727181317356326, "rate": 1.6458485280836919}, "datetime": {"datetime": "2024-06-14 12:57:22", "elapsed": 10.939027, "delta": 0.009968}}
{"target": -495.56103198363223, "params": {"gamma": 8.805093637851785, "prior": 7.958453011075212, "rate": 0.38483593233206737}, "datetime": {"datetime": "2024-06-14 12:57:22", "elapsed": 10.949001, "delta": 0.009974}}
{"target": -692.2580777556211, "params": {"gamma": 8.79312913512225, "prior": 5.9206034775835645, "rate": 4.575914432666735}, "datetime": {"datetime": "2024-06-14 12:57:22", "elapsed": 10.957976, "delta": 0.008975}}
{"target": -814.6580507665668, "params": {"gamma": 6.73884491695568, "prior": 0.49048370550033693, "rate": 3.303881713493146}, "datetime": {"datetime": "2024-06-14 12:57:22", "elapsed": 10.96795, "delta": 0.009974}}
{"target": -167.31073410079136, "params": {"gamma": 0.8813961296757109, "prior": 6.868010901332397, "rate": 3.9807191404477567}, "datetime": {"datetime": "2024-06-14 12:57:22", "elapsed": 10.977924, "delta": 0.009974}}
{"target": -514.9406710001534, "params": {"gamma": 4.790061963647635, "prior": 2.969053058004484, "rate": 7.883156906603142}, "datetime": {"datetime": "2024-06-14 12:57:22", "elapsed": 10.987896, "delta": 0.009972}}
{"target": -161.14511571766883, "params": {"gamma": 0.4660803099952485, "prior": 2.883143899002197, "rate": 5.906368021727022}, "datetime": {"datetime": "2024-06-14 12:57:22", "elapsed": 10.997425, "delta": 0.009529}}
{"target": -694.6260520740833, "params": {"gamma": 7.901544890842957, "prior": 6.055833425528347, "rate": 7.305156197867701}, "datetime": {"datetime": "2024-06-14 12:57:22", "elapsed": 11.006401, "delta": 0.008976}}
{"target": -151.9475025822261, "params": {"gamma": 0.23625562086340346, "prior": 2.623743534154576, "rate": 0.42187550666388557}, "datetime": {"datetime": "2024-06-14 12:57:22", "elapsed": 11.016374, "delta": 0.009973}}
{"target": -316.31029903505356, "params": {"gamma": 5.000623972289424, "prior": 9.892488931793658, "rate": 0.1362915505440842}, "datetime": {"datetime": "2024-06-14 12:57:22", "elapsed": 11.026348, "delta": 0.009974}}
{"target": -626.2811749518849, "params": {"gamma": 4.409349504334219, "prior": 0.14738553924825692, "rate": 6.1292733046741406}, "datetime": {"datetime": "2024-06-14 12:57:22", "elapsed": 11.036321, "delta": 0.009973}}
{"target": -188.34736360386677, "params": {"gamma": 1.8344039025545689, "prior": 7.156143659526229, "rate": 1.5973254712175065}, "datetime": {"datetime": "2024-06-14 12:57:22", "elapsed": 11.046294, "delta": 0.009973}}
{"target": -780.6360569666139, "params": {"gamma": 8.28592797664837, "prior": 2.141163820968893, "rate": 3.522810522045676}, "datetime": {"datetime": "2024-06-14 12:57:22", "elapsed": 11.056268, "delta": 0.009974}}
{"target": -229.85418106760167, "params": {"gamma": 2.3065541407607677, "prior": 8.0960764752713, "rate": 4.903209285941475}, "datetime": {"datetime": "2024-06-14 12:57:22", "elapsed": 11.065244, "delta": 0.008976}}
{"target": -958.4626818600137, "params": {"gamma": 8.738461225360355, "prior": 1.3878511297112337, "rate": 4.990082145540017}, "datetime": {"datetime": "2024-06-14 12:57:22", "elapsed": 11.075217, "delta": 0.009973}}
{"target": -599.8679793217865, "params": {"gamma": 7.766359726186858, "prior": 9.813980671032251, "rate": 6.734103924215217}, "datetime": {"datetime": "2024-06-14 12:57:22", "elapsed": 11.08519, "delta": 0.009973}}
{"target": -183.23342506253417, "params": {"gamma": 1.8308287966897505, "prior": 7.621752259925226, "rate": 0.747277516013488}, "datetime": {"datetime": "2024-06-14 12:57:22", "elapsed": 11.095164, "delta": 0.009974}}
{"target": -587.6502707592559, "params": {"gamma": 7.62796186474408, "prior": 8.295370786127524, "rate": 5.592537951402159}, "datetime": {"datetime": "2024-06-14 12:57:22", "elapsed": 11.104707, "delta": 0.009543}}
{"target": -315.4383703784932, "params": {"gamma": 4.927715577252471, "prior": 9.371621484501743, "rate": 0.0019694099260602308}, "datetime": {"datetime": "2024-06-14 12:57:22", "elapsed": 11.114189, "delta": 0.009482}}
{"target": -151.96860357157576, "params": {"gamma": 0.0966593768907281, "prior": 2.5943190891398578, "rate": 5.057258956122923}, "datetime": {"datetime": "2024-06-14 12:57:22", "elapsed": 11.124165, "delta": 0.009976}}
{"target": -444.146581546269, "params": {"gamma": 5.404626088310402, "prior": 3.775794997844595, "rate": 2.9278210405766725}, "datetime": {"datetime": "2024-06-14 12:57:22", "elapsed": 11.133143, "delta": 0.008978}}
{"target": -204.74024566788657, "params": {"gamma": 2.0244710973929743, "prior": 8.02279075452163, "rate": 3.159913122914842}, "datetime": {"datetime": "2024-06-14 12:57:22", "elapsed": 11.143118, "delta": 0.009975}}
{"target": -407.5374981723905, "params": {"gamma": 4.925187387485644, "prior": 8.131779827869634, "rate": 6.123977065658692}, "datetime": {"datetime": "2024-06-14 12:57:22", "elapsed": 11.153094, "delta": 0.009976}}
{"target": -430.96118138667964, "params": {"gamma": 4.086676353275073, "prior": 1.851351801368232, "rate": 3.977123246381154}, "datetime": {"datetime": "2024-06-14 12:57:22", "elapsed": 11.163072, "delta": 0.009978}}
{"target": -339.5242091651855, "params": {"gamma": 4.852641324647453, "prior": 9.906787466384639, "rate": 2.842666564129935}, "datetime": {"datetime": "2024-06-14 12:57:22", "elapsed": 11.17205, "delta": 0.008978}}
{"target": -207.7587058398503, "params": {"gamma": 1.6572311251158391, "prior": 2.2836975838028972, "rate": 2.115461976224172}, "datetime": {"datetime": "2024-06-14 12:57:22", "elapsed": 11.182026, "delta": 0.009976}}
{"target": -165.86158913363124, "params": {"gamma": 0.761400858057041, "prior": 3.712586214392191, "rate": 2.848055513881634}, "datetime": {"datetime": "2024-06-14 12:57:22", "elapsed": 11.192047, "delta": 0.010021}}
{"target": -526.6417245392063, "params": {"gamma": 8.876000332641663, "prior": 7.824570138568547, "rate": 1.09154050351661}, "datetime": {"datetime": "2024-06-14 12:57:22", "elapsed": 11.201013, "delta": 0.008966}}
{"target": -1007.4838014649799, "params": {"gamma": 8.505184450178726, "prior": 1.1850262084006502, "rate": 7.2023572600056704}, "datetime": {"datetime": "2024-06-14 12:57:22", "elapsed": 11.211015, "delta": 0.010002}}
{"target": -724.2034687983746, "params": {"gamma": 5.728670154913063, "prior": 0.9594030042480481, "rate": 9.053375032737591}, "datetime": {"datetime": "2024-06-14 12:57:22", "elapsed": 11.220961, "delta": 0.009946}}
{"target": -610.8399571251624, "params": {"gamma": 8.745790582338879, "prior": 8.454132140483077, "rate": 3.6963039838180336}, "datetime": {"datetime": "2024-06-14 12:57:22", "elapsed": 11.229943, "delta": 0.008982}}
{"target": -235.97027204062948, "params": {"gamma": 2.2302911723421603, "prior": 9.971405383102082, "rate": 8.17356631642956}, "datetime": {"datetime": "2024-06-14 12:57:22", "elapsed": 11.239914, "delta": 0.009971}}
