{"target": -322.3159058417216, "params": {"gamma": 4.170803025021038, "prior": 7.231212485077365, "rate": 0.002143633798631522}, "datetime": {"datetime": "2024-06-14 12:31:08", "elapsed": 0.0, "delta": 0.0}}
{"target": -259.6187307177928, "params": {"gamma": 3.024023393745766, "prior": 1.5528833190894193, "rate": 0.9242936090932092}, "datetime": {"datetime": "2024-06-14 12:31:08", "elapsed": 0.008976, "delta": 0.008976}}
{"target": -203.24965833238497, "params": {"gamma": 1.8634158535653313, "prior": 3.5210511977261727, "rate": 3.968277974832469}, "datetime": {"datetime": "2024-06-14 12:31:08", "elapsed": 0.017952, "delta": 0.008976}}
{"target": -436.60767614019295, "params": {"gamma": 5.388628523299567, "prior": 4.250025692592619, "rate": 6.852509784467199}, "datetime": {"datetime": "2024-06-14 12:31:08", "elapsed": 0.027926, "delta": 0.009974}}
{"target": -208.5005956040836, "params": {"gamma": 2.045318045065443, "prior": 8.79336262027036, "rate": 0.2748485443860637}, "datetime": {"datetime": "2024-06-14 12:31:08", "elapsed": 0.035904, "delta": 0.007978}}
{"target": -525.9285718212036, "params": {"gamma": 6.705004634273845, "prior": 4.231317543434557, "rate": 5.587339594629071}, "datetime": {"datetime": "2024-06-14 12:31:08", "elapsed": 0.04488, "delta": 0.008976}}
{"target": -189.90936633005543, "params": {"gamma": 1.4047289990137424, "prior": 2.0612047419403, "rate": 8.00764494218669}, "datetime": {"datetime": "2024-06-14 12:31:08", "elapsed": 0.053857, "delta": 0.008977}}
{"target": -768.5875298390649, "params": {"gamma": 9.682647495618255, "prior": 3.2028993637765044, "rate": 6.923533834077472}, "datetime": {"datetime": "2024-06-14 12:31:08", "elapsed": 0.062832, "delta": 0.008975}}
{"target": -579.5268566266924, "params": {"gamma": 8.764015133808087, "prior": 8.956605968688088, "rate": 0.8513570694864094}, "datetime": {"datetime": "2024-06-14 12:31:08", "elapsed": 0.072808, "delta": 0.009976}}
{"target": -152.92941169083858, "params": {"gamma": 0.39150877754559077, "prior": 1.7813211536892324, "rate": 8.781546891790702}, "datetime": {"datetime": "2024-06-14 12:31:08", "elapsed": 0.080787, "delta": 0.007979}}
{"target": -168.65129633494686, "params": {"gamma": 0.9843699914966679, "prior": 4.268965487550016, "rate": 9.578937411974868}, "datetime": {"datetime": "2024-06-14 12:31:08", "elapsed": 0.093752, "delta": 0.012965}}
{"target": -399.6214360789064, "params": {"gamma": 5.332119684445198, "prior": 6.949583428109686, "rate": 3.1558407944296234}, "datetime": {"datetime": "2024-06-14 12:31:08", "elapsed": 0.10572, "delta": 0.011968}}
{"target": -467.59148738838553, "params": {"gamma": 6.865322775888155, "prior": 8.362794151783993, "rate": 0.18386448516457388}, "datetime": {"datetime": "2024-06-14 12:31:08", "elapsed": 0.113698, "delta": 0.007978}}
{"target": -563.4999054433771, "params": {"gamma": 7.50169300513473, "prior": 9.889724780174298, "rate": 7.4819083781440145}, "datetime": {"datetime": "2024-06-14 12:31:08", "elapsed": 0.122675, "delta": 0.008977}}
{"target": -240.16902669136374, "params": {"gamma": 2.8051594766519874, "prior": 7.913865351669736, "rate": 1.0331568397698425}, "datetime": {"datetime": "2024-06-14 12:31:08", "elapsed": 0.131683, "delta": 0.009008}}
{"target": -339.0072913732288, "params": {"gamma": 4.479487368232876, "prior": 9.095095480621646, "rate": 2.9368478695884215}, "datetime": {"datetime": "2024-06-14 12:31:08", "elapsed": 0.140627, "delta": 0.008944}}
{"target": -243.79535439337366, "params": {"gamma": 2.878465610524901, "prior": 1.3872828639709491, "rate": 0.19465021174510047}, "datetime": {"datetime": "2024-06-14 12:31:08", "elapsed": 0.148607, "delta": 0.00798}}
{"target": -529.0524607889713, "params": {"gamma": 6.78867649386597, "prior": 2.1951183484005847, "rate": 2.65620104706289}, "datetime": {"datetime": "2024-06-14 12:31:08", "elapsed": 0.157581, "delta": 0.008974}}
{"target": -444.65591647143344, "params": {"gamma": 4.916240019644103, "prior": 0.6282891966590958, "rate": 5.741601937314639}, "datetime": {"datetime": "2024-06-14 12:31:08", "elapsed": 0.166557, "delta": 0.008976}}
{"target": -185.1832310421582, "params": {"gamma": 1.4681390204831957, "prior": 5.934124815342514, "rate": 6.9978838418492915}, "datetime": {"datetime": "2024-06-14 12:31:08", "elapsed": 0.175533, "delta": 0.008976}}
{"target": -169.06636601319877, "params": {"gamma": 1.0242419538494305, "prior": 4.199154279413726, "rate": 6.9443071771197245}, "datetime": {"datetime": "2024-06-14 12:31:08", "elapsed": 0.183512, "delta": 0.007979}}
{"target": -384.4128614148265, "params": {"gamma": 4.1423785159995, "prior": 0.5945392435662629, "rate": 5.359428162749201}, "datetime": {"datetime": "2024-06-14 12:31:08", "elapsed": 0.192518, "delta": 0.009006}}
{"target": -531.7042266023992, "params": {"gamma": 6.638282657552669, "prior": 5.1974022093772545, "rate": 9.446002965152143}, "datetime": {"datetime": "2024-06-14 12:31:08", "elapsed": 0.201464, "delta": 0.008946}}
{"target": -412.93498430519537, "params": {"gamma": 5.865963849979428, "prior": 9.043678961350047, "rate": 1.3756095667582289}, "datetime": {"datetime": "2024-06-14 12:31:08", "elapsed": 0.209473, "delta": 0.008009}}
{"target": -178.84767378772722, "params": {"gamma": 1.3936241961603346, "prior": 8.093173758224285, "rate": 3.9773706930183503}, "datetime": {"datetime": "2024-06-14 12:31:08", "elapsed": 0.218419, "delta": 0.008946}}
{"target": -188.3327415064134, "params": {"gamma": 1.6543766169722107, "prior": 9.282334945920736, "rate": 3.47831083159532}, "datetime": {"datetime": "2024-06-14 12:31:08", "elapsed": 0.227395, "delta": 0.008976}}
{"target": -581.5144487324371, "params": {"gamma": 7.50837021925842, "prior": 7.28738005496947, "rate": 8.833177605966892}, "datetime": {"datetime": "2024-06-14 12:31:08", "elapsed": 0.235373, "delta": 0.007978}}
{"target": -460.0825975018585, "params": {"gamma": 6.237098398349034, "prior": 7.534330096870638, "rate": 3.4896345214364475}, "datetime": {"datetime": "2024-06-14 12:31:08", "elapsed": 0.244349, "delta": 0.008976}}
{"target": -239.26326616443674, "params": {"gamma": 2.7000089897584956, "prior": 8.969273560141062, "rate": 4.281483807523078}, "datetime": {"datetime": "2024-06-14 12:31:08", "elapsed": 0.253326, "delta": 0.008977}}
{"target": -726.3944406548208, "params": {"gamma": 9.648435631436707, "prior": 6.6680708284026355, "rate": 6.217335506371009}, "datetime": {"datetime": "2024-06-14 12:31:08", "elapsed": 0.262302, "delta": 0.008976}}
{"target": -170.42347673548838, "params": {"gamma": 1.1483449835607984, "prior": 9.499943661200005, "rate": 4.499671422665926}, "datetime": {"datetime": "2024-06-14 12:31:08", "elapsed": 0.27028, "delta": 0.007978}}
{"target": -435.5329704847315, "params": {"gamma": 5.784317754256931, "prior": 4.140554347336684, "rate": 2.371032775450034}, "datetime": {"datetime": "2024-06-14 12:31:08", "elapsed": 0.279257, "delta": 0.008977}}
{"target": -595.2614288050889, "params": {"gamma": 9.033891826101975, "prior": 5.77942691805563, "rate": 0.029700399984558545}, "datetime": {"datetime": "2024-06-14 12:31:08", "elapsed": 0.288232, "delta": 0.008975}}
{"target": -492.86842656246284, "params": {"gamma": 6.171831991293619, "prior": 3.3337845275437523, "rate": 5.271053964473836}, "datetime": {"datetime": "2024-06-14 12:31:08", "elapsed": 0.297209, "delta": 0.008977}}
{"target": -711.742592185853, "params": {"gamma": 8.859535051008434, "prior": 3.636970624024748, "rate": 9.085442974047073}, "datetime": {"datetime": "2024-06-14 12:31:08", "elapsed": 0.306184, "delta": 0.008975}}
{"target": -580.4381019144765, "params": {"gamma": 6.233977797802236, "prior": 0.2566303041809072, "rate": 9.294442900203869}, "datetime": {"datetime": "2024-06-14 12:31:08", "elapsed": 0.31516, "delta": 0.008976}}
{"target": -478.2959078735173, "params": {"gamma": 6.9092782782517235, "prior": 9.973496219469657, "rate": 1.7242327429449402}, "datetime": {"datetime": "2024-06-14 12:31:08", "elapsed": 0.324136, "delta": 0.008976}}
{"target": -179.1750824384008, "params": {"gamma": 1.3722203605391488, "prior": 9.33269508406792, "rate": 6.9684847967375125}, "datetime": {"datetime": "2024-06-14 12:31:08", "elapsed": 0.332115, "delta": 0.007979}}
{"target": -157.6402664463744, "params": {"gamma": 0.6609357270479028, "prior": 7.579084220764417, "rate": 7.539008008424004}, "datetime": {"datetime": "2024-06-14 12:31:08", "elapsed": 0.341091, "delta": 0.008976}}
{"target": -622.8032436627673, "params": {"gamma": 9.230322330929287, "prior": 7.14409511042187, "rate": 1.2435853487596746}, "datetime": {"datetime": "2024-06-14 12:31:08", "elapsed": 0.350067, "delta": 0.008976}}
{"target": -151.0466563460431, "params": {"gamma": 0.1997814582641161, "prior": 0.3594887700894208, "rate": 0.2840365737199253}, "datetime": {"datetime": "2024-06-14 12:31:08", "elapsed": 0.359043, "delta": 0.008976}}
{"target": -228.91526363051273, "params": {"gamma": 2.462864464962856, "prior": 8.61427669196059, "rate": 5.3887718123521875}, "datetime": {"datetime": "2024-06-14 12:31:08", "elapsed": 0.367021, "delta": 0.007978}}
{"target": -392.4919248529155, "params": {"gamma": 5.5286669648789735, "prior": 8.436105834360097, "rate": 1.2426089778839915}, "datetime": {"datetime": "2024-06-14 12:31:08", "elapsed": 0.376, "delta": 0.008979}}
{"target": -260.0711998264742, "params": {"gamma": 2.792557606432384, "prior": 5.89901678743705, "rate": 9.695987887448426}, "datetime": {"datetime": "2024-06-14 12:31:08", "elapsed": 0.384871, "delta": 0.008871}}
{"target": -523.1265323510278, "params": {"gamma": 5.6107411623378445, "prior": 0.2846081647921359, "rate": 8.006526094133482}, "datetime": {"datetime": "2024-06-14 12:31:08", "elapsed": 0.393842, "delta": 0.008971}}
{"target": -220.01309778131858, "params": {"gamma": 2.3305097641363632, "prior": 8.090341436625915, "rate": 3.8792185799976533}, "datetime": {"datetime": "2024-06-14 12:31:08", "elapsed": 0.402818, "delta": 0.008976}}
{"target": -643.1894673825774, "params": {"gamma": 8.635555003739727, "prior": 7.496504263098128, "rate": 5.562846099670199}, "datetime": {"datetime": "2024-06-14 12:31:08", "elapsed": 0.410798, "delta": 0.00798}}
{"target": -183.0137360570263, "params": {"gamma": 1.3654158013811895, "prior": 0.6931851261708954, "rate": 1.2143132139516326}, "datetime": {"datetime": "2024-06-14 12:31:08", "elapsed": 0.419773, "delta": 0.008975}}
{"target": -153.5819392033299, "params": {"gamma": 0.4464742335690725, "prior": 1.16419187815032, "rate": 2.2578676767399393}, "datetime": {"datetime": "2024-06-14 12:31:08", "elapsed": 0.428749, "delta": 0.008976}}
{"target": -482.4191750244698, "params": {"gamma": 7.130176814846385, "prior": 5.64119812233601, "rate": 0.12654724561099942}, "datetime": {"datetime": "2024-06-14 12:31:08", "elapsed": 0.437725, "delta": 0.008976}}
{"target": -158.90934283492865, "params": {"gamma": 0.7206708226151783, "prior": 9.676035667002694, "rate": 5.6814365187375016}, "datetime": {"datetime": "2024-06-14 12:31:08", "elapsed": 0.446701, "delta": 0.008976}}
{"target": -221.70874267452044, "params": {"gamma": 2.033729053375244, "prior": 2.598024871246202, "rate": 7.438514714896855}, "datetime": {"datetime": "2024-06-14 12:31:08", "elapsed": 0.454708, "delta": 0.008007}}
{"target": -211.53826240410197, "params": {"gamma": 1.9550993816120785, "prior": 5.855453380005252, "rate": 9.700229870894034}, "datetime": {"datetime": "2024-06-14 12:31:08", "elapsed": 0.463656, "delta": 0.008948}}
{"target": -672.5529200825858, "params": {"gamma": 8.468441186098863, "prior": 2.4744928155611032, "rate": 4.938203372973032}, "datetime": {"datetime": "2024-06-14 12:31:08", "elapsed": 0.472868, "delta": 0.009212}}
{"target": -436.34640259672886, "params": {"gamma": 6.199937228095417, "prior": 8.306910905546768, "rate": 1.5687571550661965}, "datetime": {"datetime": "2024-06-14 12:31:08", "elapsed": 0.481844, "delta": 0.008976}}
{"target": -150.42613356185407, "params": {"gamma": 0.18674344557191777, "prior": 0.7932192228203011, "rate": 4.863964764259381}, "datetime": {"datetime": "2024-06-14 12:31:08", "elapsed": 0.49082, "delta": 0.008976}}
{"target": -453.5097938960632, "params": {"gamma": 6.063688287071651, "prior": 5.731629227156165, "rate": 3.1743067308122854}, "datetime": {"datetime": "2024-06-14 12:31:08", "elapsed": 0.498798, "delta": 0.007978}}
{"target": -725.8459199085248, "params": {"gamma": 9.886172927970076, "prior": 5.839477670533389, "rate": 3.8020315850628807}, "datetime": {"datetime": "2024-06-14 12:31:08", "elapsed": 0.507774, "delta": 0.008976}}
{"target": -428.8443502402113, "params": {"gamma": 5.509931242959851, "prior": 7.478810865974371, "rate": 6.6926597016383935}, "datetime": {"datetime": "2024-06-14 12:31:08", "elapsed": 0.51675, "delta": 0.008976}}
{"target": -266.9502537841402, "params": {"gamma": 2.6499306570704313, "prior": 0.7567148608415716, "rate": 3.701471894943149}, "datetime": {"datetime": "2024-06-14 12:31:09", "elapsed": 0.525726, "delta": 0.008976}}
{"target": -526.5581696239822, "params": {"gamma": 6.297545352708624, "prior": 2.180722698156912, "rate": 7.5278027818344}, "datetime": {"datetime": "2024-06-14 12:31:09", "elapsed": 0.533705, "delta": 0.007979}}
{"target": -158.93043232059395, "params": {"gamma": 0.6662982770597953, "prior": 2.677119475927556, "rate": 8.04774088286971}, "datetime": {"datetime": "2024-06-14 12:31:09", "elapsed": 0.543679, "delta": 0.009974}}
{"target": -204.22102553004143, "params": {"gamma": 1.935149391950654, "prior": 6.430662720711407, "rate": 5.247178420928214}, "datetime": {"datetime": "2024-06-14 12:31:09", "elapsed": 0.551657, "delta": 0.007978}}
{"target": -636.4254584115062, "params": {"gamma": 9.248154896023108, "prior": 2.706638027822399, "rate": 0.6605449457495538}, "datetime": {"datetime": "2024-06-14 12:31:09", "elapsed": 0.560633, "delta": 0.008976}}
{"target": -568.789663744103, "params": {"gamma": 7.350924566923407, "prior": 7.744562492478143, "rate": 9.078250709182736}, "datetime": {"datetime": "2024-06-14 12:31:09", "elapsed": 0.569611, "delta": 0.008978}}
{"target": -804.023165235019, "params": {"gamma": 9.319788719899176, "prior": 0.23812057245841045, "rate": 2.344386499128084}, "datetime": {"datetime": "2024-06-14 12:31:09", "elapsed": 0.578094, "delta": 0.008483}}
{"target": -478.32196510125664, "params": {"gamma": 6.1681667916595755, "prior": 9.495261574807403, "rate": 9.50181101635155}, "datetime": {"datetime": "2024-06-14 12:31:09", "elapsed": 0.58707, "delta": 0.008976}}
{"target": -426.16562894428415, "params": {"gamma": 5.566975228763369, "prior": 9.164502862686119, "rate": 6.41602052325443}, "datetime": {"datetime": "2024-06-14 12:31:09", "elapsed": 0.596046, "delta": 0.008976}}
{"target": -326.40252679647426, "params": {"gamma": 3.9006871336983213, "prior": 4.911307604259406, "rate": 6.043500518716813}, "datetime": {"datetime": "2024-06-14 12:31:09", "elapsed": 0.605024, "delta": 0.008978}}
{"target": -430.64789587154144, "params": {"gamma": 5.495929667164118, "prior": 9.269196124393892, "rate": 9.187415622900428}, "datetime": {"datetime": "2024-06-14 12:31:09", "elapsed": 0.613005, "delta": 0.007981}}
{"target": -301.98483420868297, "params": {"gamma": 3.9493612536226252, "prior": 9.636299031563047, "rate": 1.740382711137963}, "datetime": {"datetime": "2024-06-14 12:31:09", "elapsed": 0.621984, "delta": 0.008979}}
{"target": -182.4555904099127, "params": {"gamma": 1.2641688648769336, "prior": 1.4372836646626401, "rate": 5.057115994603291}, "datetime": {"datetime": "2024-06-14 12:31:09", "elapsed": 0.63096, "delta": 0.008976}}
{"target": -151.1092499839004, "params": {"gamma": 0.2162265279367056, "prior": 9.484905091055042, "rate": 8.271327596236153}, "datetime": {"datetime": "2024-06-14 12:31:09", "elapsed": 0.639942, "delta": 0.008982}}
{"target": -150.46213760310587, "params": {"gamma": 0.15117478844048168, "prior": 1.8443429301930472, "rate": 3.3213036800940032}, "datetime": {"datetime": "2024-06-14 12:31:09", "elapsed": 0.647951, "delta": 0.008009}}
{"target": -175.6915179633053, "params": {"gamma": 1.310837451264358, "prior": 8.113957852053163, "rate": 3.4480217901802512}, "datetime": {"datetime": "2024-06-14 12:31:09", "elapsed": 0.656927, "delta": 0.008976}}
{"target": -730.4734567413628, "params": {"gamma": 9.401134715851338, "prior": 5.861940381476092, "rate": 8.78844101213403}, "datetime": {"datetime": "2024-06-14 12:31:09", "elapsed": 0.665903, "delta": 0.008976}}
{"target": -613.7564358095731, "params": {"gamma": 8.447499719476827, "prior": 9.063383955215627, "rate": 4.599342777902254}, "datetime": {"datetime": "2024-06-14 12:31:09", "elapsed": 0.673884, "delta": 0.007981}}
{"target": -402.78638441468917, "params": {"gamma": 5.463921813387713, "prior": 8.00617555240519, "rate": 2.8579027984897416}, "datetime": {"datetime": "2024-06-14 12:31:09", "elapsed": 0.68286, "delta": 0.008976}}
{"target": -357.17558391016695, "params": {"gamma": 4.903044972676658, "prior": 6.031192045694196, "rate": 0.15631722223280642}, "datetime": {"datetime": "2024-06-14 12:31:09", "elapsed": 0.691839, "delta": 0.008979}}
{"target": -480.16220561860484, "params": {"gamma": 5.935220600558176, "prior": 4.393395854995637, "rate": 8.073797928319529}, "datetime": {"datetime": "2024-06-14 12:31:09", "elapsed": 0.700728, "delta": 0.008889}}
{"target": -268.206179382748, "params": {"gamma": 3.153132786150634, "prior": 8.939598214398998, "rate": 5.778994295630071}, "datetime": {"datetime": "2024-06-14 12:31:09", "elapsed": 0.708706, "delta": 0.007978}}
{"target": -199.3828300814571, "params": {"gamma": 1.8409180060730232, "prior": 7.900499414872493, "rate": 6.120699739272295}, "datetime": {"datetime": "2024-06-14 12:31:09", "elapsed": 0.717684, "delta": 0.008978}}
{"target": -155.27047903395348, "params": {"gamma": 0.5400388114654558, "prior": 4.259917432011209, "rate": 6.791009296817731}, "datetime": {"datetime": "2024-06-14 12:31:09", "elapsed": 0.726662, "delta": 0.008978}}
{"target": -856.7226718652948, "params": {"gamma": 9.186099177997281, "prior": 0.10398004642443859, "rate": 9.767614731161565}, "datetime": {"datetime": "2024-06-14 12:31:09", "elapsed": 0.735638, "delta": 0.008976}}
{"target": -304.990260342321, "params": {"gamma": 3.766426567142999, "prior": 9.740457029747393, "rate": 6.047556293639557}, "datetime": {"datetime": "2024-06-14 12:31:09", "elapsed": 0.74362, "delta": 0.007982}}
{"target": -634.1265910519719, "params": {"gamma": 8.288629233998948, "prior": 5.789643896610213, "rate": 6.281133906875198}, "datetime": {"datetime": "2024-06-14 12:31:09", "elapsed": 0.752598, "delta": 0.008978}}
{"target": -260.04344163762596, "params": {"gamma": 2.8564772406752437, "prior": 5.9096500724952215, "rate": 7.500467615262897}, "datetime": {"datetime": "2024-06-14 12:31:09", "elapsed": 0.761633, "delta": 0.009035}}
{"target": -648.6962807556303, "params": {"gamma": 8.583280050453995, "prior": 7.575313665830033, "rate": 6.980874427224584}, "datetime": {"datetime": "2024-06-14 12:31:09", "elapsed": 0.770583, "delta": 0.00895}}
{"target": -686.7768179140826, "params": {"gamma": 8.644929821115943, "prior": 3.29454186868379, "rate": 6.708217119085085}, "datetime": {"datetime": "2024-06-14 12:31:09", "elapsed": 0.778562, "delta": 0.007979}}
{"target": -364.1226985968994, "params": {"gamma": 4.509288490197079, "prior": 3.8828172451120206, "rate": 4.108702687871935}, "datetime": {"datetime": "2024-06-14 12:31:09", "elapsed": 0.787538, "delta": 0.008976}}
{"target": -343.67895271981325, "params": {"gamma": 4.015394355111937, "prior": 3.2421010649869415, "rate": 6.219571759835095}, "datetime": {"datetime": "2024-06-14 12:31:09", "elapsed": 0.796517, "delta": 0.008979}}
{"target": -341.3607658742849, "params": {"gamma": 4.303042460941823, "prior": 9.740640571479798, "rate": 6.778331113451677}, "datetime": {"datetime": "2024-06-14 12:31:09", "elapsed": 0.805496, "delta": 0.008979}}
{"target": -206.5185506252173, "params": {"gamma": 1.9865003143826816, "prior": 4.324339992545524, "rate": 3.4341190515044557}, "datetime": {"datetime": "2024-06-14 12:31:09", "elapsed": 0.814475, "delta": 0.008979}}
{"target": -609.1510598943736, "params": {"gamma": 7.976590400781708, "prior": 8.811983056777974, "rate": 9.038515716307893}, "datetime": {"datetime": "2024-06-14 12:31:09", "elapsed": 0.823453, "delta": 0.008978}}
{"target": -507.9347926172102, "params": {"gamma": 6.627535403940247, "prior": 2.775061794094602, "rate": 2.5244146483443926}, "datetime": {"datetime": "2024-06-14 12:31:09", "elapsed": 0.832282, "delta": 0.008829}}
{"target": -667.0018332487489, "params": {"gamma": 8.549124529031326, "prior": 5.324374998456592, "rate": 8.021808678961976}, "datetime": {"datetime": "2024-06-14 12:31:09", "elapsed": 0.841258, "delta": 0.008976}}
{"target": -437.2160791450506, "params": {"gamma": 5.725312683398872, "prior": 7.35811100034636, "rate": 5.190597263013095}, "datetime": {"datetime": "2024-06-14 12:31:09", "elapsed": 0.849266, "delta": 0.008008}}
{"target": -580.9077438696116, "params": {"gamma": 7.709068221108379, "prior": 5.731694107976684, "rate": 4.6576330760412175}, "datetime": {"datetime": "2024-06-14 12:31:09", "elapsed": 0.858213, "delta": 0.008947}}
{"target": -320.79056618307015, "params": {"gamma": 3.4275463906248644, "prior": 0.7752725493253708, "rate": 3.7798638691016704}, "datetime": {"datetime": "2024-06-14 12:31:09", "elapsed": 0.867188, "delta": 0.008975}}
{"target": -161.56197932956886, "params": {"gamma": 0.7971811509048254, "prior": 9.829889425931405, "rate": 1.816946900456307}, "datetime": {"datetime": "2024-06-14 12:31:09", "elapsed": 0.875167, "delta": 0.007979}}
{"target": -608.7759449214279, "params": {"gamma": 8.118775118507678, "prior": 8.762120285063391, "rate": 6.884444110607048}, "datetime": {"datetime": "2024-06-14 12:31:09", "elapsed": 0.884143, "delta": 0.008976}}
