{"target": -112.69950561649887, "params": {"p_ai": 4.634748122750124, "p_al": 5.099229852311732, "p_ex": 5.116287316757662, "prior": 9.971390854869842, "rate": 1.296828576884128}, "datetime": {"datetime": "2024-06-13 01:39:08", "elapsed": 60.042177, "delta": 0.103723}}
{"target": -119.15655560922227, "params": {"p_ai": 7.561942713988967, "p_al": 7.937773715501701, "p_ex": 5.849241105106437, "prior": 4.627919064512984, "rate": 8.934372946865443}, "datetime": {"datetime": "2024-06-13 01:39:09", "elapsed": 60.146622, "delta": 0.104445}}
{"target": -145.9985244057702, "params": {"p_ai": 8.281974010512174, "p_al": 0.5038590693510084, "p_ex": 9.629874547125452, "prior": 0.07439157764468438, "rate": 5.731748914634736}, "datetime": {"datetime": "2024-06-13 01:39:09", "elapsed": 60.252891, "delta": 0.106269}}
{"target": -132.78232065258302, "params": {"p_ai": 5.7247357384538, "p_al": 8.343962268240377, "p_ex": 3.8477759631858306, "prior": 0.911317649590776, "rate": 5.81729100641988}, "datetime": {"datetime": "2024-06-13 01:39:09", "elapsed": 60.357274, "delta": 0.104383}}
{"target": -159.6578994448329, "params": {"p_ai": 0.24943375777694893, "p_al": 3.618595813310707, "p_ex": 9.853182704051143, "prior": 8.687919916680645, "rate": 1.525814920870293}, "datetime": {"datetime": "2024-06-13 01:39:09", "elapsed": 60.462134, "delta": 0.10486}}
{"target": -125.70584066418166, "params": {"p_ai": 7.988462064471767, "p_al": 8.110158197295846, "p_ex": 9.282143984052633, "prior": 2.2446182761738016, "rate": 4.990175777525101}, "datetime": {"datetime": "2024-06-13 01:39:09", "elapsed": 60.565381, "delta": 0.103247}}
{"target": -136.62547774278994, "params": {"p_ai": 8.274613470019348, "p_al": 6.673670516196978, "p_ex": 5.939767497694312, "prior": 6.520106231886649, "rate": 2.385921611977331}, "datetime": {"datetime": "2024-06-13 01:39:09", "elapsed": 60.669446, "delta": 0.104065}}
{"target": -112.92906316591764, "params": {"p_ai": 0.2563753086730316, "p_al": 7.362836317207894, "p_ex": 3.268591461483445, "prior": 3.7681921123145443, "rate": 6.126547925441392}, "datetime": {"datetime": "2024-06-13 01:39:09", "elapsed": 60.777387, "delta": 0.107941}}
{"target": -102.5707617246697, "params": {"p_ai": 6.571993258592808, "p_al": 2.0297861073278014, "p_ex": 8.260489346916343, "prior": 3.802685845849549, "rate": 6.317812340605414}, "datetime": {"datetime": "2024-06-13 01:39:09", "elapsed": 60.881708, "delta": 0.104321}}
{"target": -152.7548287448105, "params": {"p_ai": 9.664147745107453, "p_al": 5.648297566431096, "p_ex": 3.58975250674678, "prior": 6.1900821172926825, "rate": 5.018429387513632}, "datetime": {"datetime": "2024-06-13 01:39:09", "elapsed": 60.995404, "delta": 0.113696}}
{"target": -110.29138952205128, "params": {"p_ai": 4.524310101530738, "p_al": 7.32297507682793, "p_ex": 9.245176989691043, "prior": 4.793234881420612, "rate": 0.8832132798499579}, "datetime": {"datetime": "2024-06-13 01:39:09", "elapsed": 61.100124, "delta": 0.10472}}
{"target": -142.50202274602557, "params": {"p_ai": 5.696965913284056, "p_al": 2.450263600293229, "p_ex": 0.3967395368422162, "prior": 7.881613926230188, "rate": 2.728409598411216}, "datetime": {"datetime": "2024-06-13 01:39:10", "elapsed": 61.203847, "delta": 0.103723}}
{"target": -172.2795577483094, "params": {"p_ai": 7.7709278589308965, "p_al": 4.882601221938961, "p_ex": 3.1800409748600784, "prior": 3.1409404750589167, "rate": 0.42120557610105835}, "datetime": {"datetime": "2024-06-13 01:39:10", "elapsed": 61.30757, "delta": 0.103723}}
{"target": -168.18316136503228, "params": {"p_ai": 5.344463969208603, "p_al": 8.235692008411606, "p_ex": 0.8398696296412803, "prior": 1.0864784973815673, "rate": 5.293030012750302}, "datetime": {"datetime": "2024-06-13 01:39:10", "elapsed": 61.41229, "delta": 0.10472}}
{"target": -170.56006952836222, "params": {"p_ai": 6.601757954426345, "p_al": 6.947765177374281, "p_ex": 3.1329037297737132, "prior": 0.37873998028565886, "rate": 4.146214234044257}, "datetime": {"datetime": "2024-06-13 01:39:10", "elapsed": 61.515999, "delta": 0.103709}}
{"target": -91.53701933959682, "params": {"p_ai": 2.2612156645820662, "p_al": 0.012147187693814215, "p_ex": 6.857480005685141, "prior": 9.520673328006277, "rate": 3.9121264535897473}, "datetime": {"datetime": "2024-06-13 01:39:10", "elapsed": 61.620285, "delta": 0.104286}}
{"target": -81.21658214836395, "params": {"p_ai": 3.0036839952852596, "p_al": 5.537964374290343, "p_ex": 8.519910604390748, "prior": 7.9498792795045405, "rate": 6.847882293080787}, "datetime": {"datetime": "2024-06-13 01:39:10", "elapsed": 61.7242, "delta": 0.103915}}
{"target": -113.66147548801895, "params": {"p_ai": 4.321638805905765, "p_al": 6.904649764523284, "p_ex": 2.161037487164819, "prior": 2.8401504350246216, "rate": 7.778428288392944}, "datetime": {"datetime": "2024-06-13 01:39:10", "elapsed": 61.828916, "delta": 0.104716}}
{"target": -174.39644655244376, "params": {"p_ai": 9.299871383327218, "p_al": 1.9013049866632814, "p_ex": 2.9613368308929076, "prior": 0.06309646163797043, "rate": 4.316190890558737}, "datetime": {"datetime": "2024-06-13 01:39:10", "elapsed": 61.933638, "delta": 0.104722}}
{"target": -145.26982090829588, "params": {"p_ai": 2.103740422454257, "p_al": 6.414606400753661, "p_ex": 7.096182567565407, "prior": 1.188658366270452, "rate": 0.8223578763172843}, "datetime": {"datetime": "2024-06-13 01:39:10", "elapsed": 62.037364, "delta": 0.103726}}
{"target": -133.48468079254357, "params": {"p_ai": 9.063444360733778, "p_al": 3.8929983086548985, "p_ex": 5.334501569162878, "prior": 9.632452407571792, "rate": 7.590781068151137}, "datetime": {"datetime": "2024-06-13 01:39:11", "elapsed": 62.141086, "delta": 0.103722}}
{"target": -111.28010899541717, "params": {"p_ai": 3.256077435692296, "p_al": 0.8594071619018152, "p_ex": 5.360704142867423, "prior": 3.3619183039303744, "rate": 0.21783235985649294}, "datetime": {"datetime": "2024-06-13 01:39:11", "elapsed": 62.2445, "delta": 0.103414}}
{"target": -117.50120842212203, "params": {"p_ai": 7.711752180204535, "p_al": 3.849706389409975, "p_ex": 5.713640179437297, "prior": 7.557672815106508, "rate": 9.408533351590556}, "datetime": {"datetime": "2024-06-13 01:39:11", "elapsed": 62.348958, "delta": 0.104458}}
{"target": -148.26090202146517, "params": {"p_ai": 6.123611064507542, "p_al": 3.1546463916226513, "p_ex": 1.1016550019623323, "prior": 0.7401149602248109, "rate": 3.197588047953422}, "datetime": {"datetime": "2024-06-13 01:39:11", "elapsed": 62.453162, "delta": 0.104204}}
{"target": -178.50811227837306, "params": {"p_ai": 6.608730550421095, "p_al": 6.9518254952121765, "p_ex": 2.0779726825898135, "prior": 0.8288765899448861, "rate": 3.055801102199025}, "datetime": {"datetime": "2024-06-13 01:39:11", "elapsed": 62.556531, "delta": 0.103369}}
{"target": -105.82664880181734, "params": {"p_ai": 5.476198023985873, "p_al": 7.546942075074172, "p_ex": 5.297043548379857, "prior": 2.8705505437179983, "rate": 6.242173052915846}, "datetime": {"datetime": "2024-06-13 01:39:11", "elapsed": 62.660799, "delta": 0.104268}}
{"target": -82.64710011556333, "params": {"p_ai": 2.649101715106782, "p_al": 6.527276450430897, "p_ex": 8.419138180259552, "prior": 6.389839255863949, "rate": 5.656749058298363}, "datetime": {"datetime": "2024-06-13 01:39:11", "elapsed": 62.765411, "delta": 0.104612}}
{"target": -82.67941092197603, "params": {"p_ai": 3.072113950599342, "p_al": 8.767893622339674, "p_ex": 9.888230025288278, "prior": 7.775016832668201, "rate": 5.736864931846622}, "datetime": {"datetime": "2024-06-13 01:39:11", "elapsed": 62.868904, "delta": 0.103493}}
{"target": -94.70723524753818, "params": {"p_ai": 1.4136520470773757, "p_al": 3.1499752949036433, "p_ex": 3.669226326593246, "prior": 2.9196603150536307, "rate": 4.46008219467453}, "datetime": {"datetime": "2024-06-13 01:39:11", "elapsed": 62.973624, "delta": 0.10472}}
{"target": -121.37394227614531, "params": {"p_ai": 6.106714536159591, "p_al": 2.129932990561121, "p_ex": 2.4983477831127514, "prior": 1.1223926817277465, "rate": 3.07657830315885}, "datetime": {"datetime": "2024-06-13 01:39:11", "elapsed": 63.077375, "delta": 0.103751}}
{"target": -87.084939294408, "params": {"p_ai": 4.9749853375678486, "p_al": 4.898588039316173, "p_ex": 9.955776541252115, "prior": 9.811104522073206, "rate": 4.366191154039751}, "datetime": {"datetime": "2024-06-13 01:39:12", "elapsed": 63.181069, "delta": 0.103694}}
{"target": -137.44318806562535, "params": {"p_ai": 9.720234197281384, "p_al": 2.1447646438539647, "p_ex": 5.411667740203425, "prior": 4.534899709382847, "rate": 9.67612136622795}, "datetime": {"datetime": "2024-06-13 01:39:12", "elapsed": 63.28579, "delta": 0.104721}}
{"target": -128.0606855896933, "params": {"p_ai": 8.361926055130448, "p_al": 2.142255100882632, "p_ex": 4.395951482451757, "prior": 1.685601239492825, "rate": 5.29134301734205}, "datetime": {"datetime": "2024-06-13 01:39:12", "elapsed": 63.389849, "delta": 0.104059}}
{"target": -140.3238459988243, "params": {"p_ai": 7.935053256996167, "p_al": 0.35975561051120136, "p_ex": 1.9143974164796644, "prior": 9.77457818836577, "rate": 9.608012262900427}, "datetime": {"datetime": "2024-06-13 01:39:12", "elapsed": 63.493572, "delta": 0.103723}}
{"target": -118.61852364549111, "params": {"p_ai": 5.566359999361917, "p_al": 6.461261124237896, "p_ex": 2.7216580499184504, "prior": 9.520958766042686, "rate": 6.698078288466073}, "datetime": {"datetime": "2024-06-13 01:39:12", "elapsed": 63.59845, "delta": 0.104878}}
{"target": -99.88266752549801, "params": {"p_ai": 6.6684131433924785, "p_al": 0.11202223036585872, "p_ex": 8.529845528647078, "prior": 7.78348386058334, "rate": 6.849555045051163}, "datetime": {"datetime": "2024-06-13 01:39:12", "elapsed": 63.702972, "delta": 0.104522}}
{"target": -118.05116840810595, "params": {"p_ai": 7.4080773483828315, "p_al": 1.5665676735591734, "p_ex": 7.188031753433652, "prior": 0.9690872885214075, "rate": 7.069787530938304}, "datetime": {"datetime": "2024-06-13 01:39:12", "elapsed": 63.811159, "delta": 0.108187}}
{"target": -103.52803793420287, "params": {"p_ai": 0.027315329458906884, "p_al": 7.76228166881635, "p_ex": 4.916080290630613, "prior": 2.044664276112351, "rate": 7.292736897839507}, "datetime": {"datetime": "2024-06-13 01:39:12", "elapsed": 63.917873, "delta": 0.106714}}
{"target": -109.54356123236168, "params": {"p_ai": 3.1572256636998253, "p_al": 8.83829208238512, "p_ex": 1.803155018796988, "prior": 9.385567992205967, "rate": 9.707530730383564}, "datetime": {"datetime": "2024-06-13 01:39:12", "elapsed": 64.022593, "delta": 0.10472}}
{"target": -88.10527971238896, "params": {"p_ai": 3.0455479552792557, "p_al": 8.625001510643305, "p_ex": 8.421949009551232, "prior": 4.246702488235933, "rate": 3.637480394119995}, "datetime": {"datetime": "2024-06-13 01:39:12", "elapsed": 64.127313, "delta": 0.10472}}
{"target": -111.4511816346994, "params": {"p_ai": 2.825092294877215, "p_al": 9.93237460787099, "p_ex": 2.5582545184920447, "prior": 9.206835301993463, "rate": 4.283923802383466}, "datetime": {"datetime": "2024-06-13 01:39:13", "elapsed": 64.232039, "delta": 0.104726}}
{"target": -169.4984691845674, "params": {"p_ai": 9.354334696401745, "p_al": 8.38860949714763, "p_ex": 1.5586174788295128, "prior": 5.743259260154481, "rate": 6.7353566438421755}, "datetime": {"datetime": "2024-06-13 01:39:13", "elapsed": 64.336928, "delta": 0.104889}}
{"target": -116.1505519192468, "params": {"p_ai": 4.058798239584453, "p_al": 0.04976556777778367, "p_ex": 3.2539879663598352, "prior": 8.389610534784513, "rate": 0.629176978192477}, "datetime": {"datetime": "2024-06-13 01:39:13", "elapsed": 64.440234, "delta": 0.103306}}
{"target": -103.4235913332224, "params": {"p_ai": 1.0550920446467325, "p_al": 7.0181716777726475, "p_ex": 5.142068519294122, "prior": 4.9821700831201285, "rate": 3.736723579545134}, "datetime": {"datetime": "2024-06-13 01:39:13", "elapsed": 64.546106, "delta": 0.105872}}
{"target": -130.39042330171117, "params": {"p_ai": 6.035532653096519, "p_al": 8.514836200003508, "p_ex": 2.7699536416334585, "prior": 8.447768867073506, "rate": 4.166774866572612}, "datetime": {"datetime": "2024-06-13 01:39:13", "elapsed": 64.650383, "delta": 0.104277}}
{"target": -115.48798070690752, "params": {"p_ai": 5.010339139927012, "p_al": 7.296504162303235, "p_ex": 2.5879583533585664, "prior": 9.216447549642744, "rate": 7.020992572824255}, "datetime": {"datetime": "2024-06-13 01:39:13", "elapsed": 64.754233, "delta": 0.10385}}
{"target": -102.8800217395214, "params": {"p_ai": 6.189685300551793, "p_al": 2.7308153642818653, "p_ex": 6.958788715138101, "prior": 2.5728902697861002, "rate": 8.164710250604447}, "datetime": {"datetime": "2024-06-13 01:39:13", "elapsed": 64.858952, "delta": 0.104719}}
{"target": -120.1710607054836, "params": {"p_ai": 0.11571307777403769, "p_al": 1.6662098984717895, "p_ex": 5.578732058631829, "prior": 7.12309771502542, "rate": 4.925314058477191}, "datetime": {"datetime": "2024-06-13 01:39:13", "elapsed": 64.967295, "delta": 0.108343}}
{"target": -144.3754183702797, "params": {"p_ai": 8.77821720529802, "p_al": 9.758723505691574, "p_ex": 4.643306398374889, "prior": 7.680101807848576, "rate": 4.9482265662014395}, "datetime": {"datetime": "2024-06-13 01:39:13", "elapsed": 65.072162, "delta": 0.104867}}
{"target": -138.5762383856104, "params": {"p_ai": 6.651322684579871, "p_al": 2.2495249246936897, "p_ex": 1.0963076304454686, "prior": 9.790110366804328, "rate": 8.150131602400142}, "datetime": {"datetime": "2024-06-13 01:39:14", "elapsed": 65.176391, "delta": 0.104229}}
{"target": -99.84219765048262, "params": {"p_ai": 2.85454994096286, "p_al": 5.858698015894784, "p_ex": 3.8013319815826336, "prior": 1.7642040696578871, "rate": 4.188932595381877}, "datetime": {"datetime": "2024-06-13 01:39:14", "elapsed": 65.280475, "delta": 0.104084}}
{"target": -90.03957897117432, "params": {"p_ai": 2.9725807541730793, "p_al": 0.16722444122252625, "p_ex": 3.8742957016810964, "prior": 9.209209125043717, "rate": 8.28217438681578}, "datetime": {"datetime": "2024-06-13 01:39:14", "elapsed": 65.384733, "delta": 0.104258}}
{"target": -121.45554168836466, "params": {"p_ai": 5.741173477210314, "p_al": 3.1871500009390448, "p_ex": 2.31341168455949, "prior": 9.560239816725709, "rate": 5.646536380588049}, "datetime": {"datetime": "2024-06-13 01:39:14", "elapsed": 65.489423, "delta": 0.10469}}
{"target": -93.98685820646676, "params": {"p_ai": 2.176835430287672, "p_al": 2.4955710289351303, "p_ex": 9.59600242910666, "prior": 2.3889025188306237, "rate": 1.068034169467023}, "datetime": {"datetime": "2024-06-13 01:39:14", "elapsed": 65.593291, "delta": 0.103868}}
{"target": -82.76821762550009, "params": {"p_ai": 1.840435435586939, "p_al": 7.662481844372273, "p_ex": 7.087933795056683, "prior": 4.379981305846461, "rate": 7.938251266657136}, "datetime": {"datetime": "2024-06-13 01:39:14", "elapsed": 65.698011, "delta": 0.10472}}
{"target": -132.71947752259913, "params": {"p_ai": 5.1756094087340525, "p_al": 4.136568013129941, "p_ex": 1.1753019203396682, "prior": 8.839226748297556, "rate": 2.7566565508887577}, "datetime": {"datetime": "2024-06-13 01:39:14", "elapsed": 65.803616, "delta": 0.105605}}
{"target": -135.7936113285115, "params": {"p_ai": 6.162990972575274, "p_al": 9.8458132098281, "p_ex": 1.8949908024154942, "prior": 9.651914729938635, "rate": 6.527500968888528}, "datetime": {"datetime": "2024-06-13 01:39:14", "elapsed": 65.908336, "delta": 0.10472}}
{"target": -89.98311997701286, "params": {"p_ai": 1.28818731436088, "p_al": 7.719499533584411, "p_ex": 9.51780600679268, "prior": 5.628242716344561, "rate": 6.885863442381723}, "datetime": {"datetime": "2024-06-13 01:39:14", "elapsed": 66.013056, "delta": 0.10472}}
{"target": -158.1434343693578, "params": {"p_ai": 0.26445244082095803, "p_al": 9.890767779393961, "p_ex": 3.1852527410170115, "prior": 0.24001388988282726, "rate": 8.08583294059341}, "datetime": {"datetime": "2024-06-13 01:39:14", "elapsed": 66.117776, "delta": 0.10472}}
{"target": -229.30295443861135, "params": {"p_ai": 9.732552265118914, "p_al": 7.376147510656895, "p_ex": 0.028355324647958178, "prior": 0.6345417532289791, "rate": 5.843109782870581}, "datetime": {"datetime": "2024-06-13 01:39:15", "elapsed": 66.222319, "delta": 0.104543}}
{"target": -82.74168419344304, "params": {"p_ai": 3.3578153624482754, "p_al": 8.818452974037214, "p_ex": 8.736820024200027, "prior": 9.875201568135711, "rate": 7.158603858756865}, "datetime": {"datetime": "2024-06-13 01:39:15", "elapsed": 66.327039, "delta": 0.10472}}
{"target": -165.7932689477792, "params": {"p_ai": 8.768960114386706, "p_al": 3.197181468508664, "p_ex": 1.1126583422461405, "prior": 8.653775693718016, "rate": 3.035422507017289}, "datetime": {"datetime": "2024-06-13 01:39:15", "elapsed": 66.431267, "delta": 0.104228}}
{"target": -94.63910684982116, "params": {"p_ai": 4.193903649370696, "p_al": 6.460656540458656, "p_ex": 6.051386242420971, "prior": 4.209809922064285, "rate": 3.862118968194065}, "datetime": {"datetime": "2024-06-13 01:39:15", "elapsed": 66.536612, "delta": 0.105345}}
{"target": -108.0811277301521, "params": {"p_ai": 1.227687737548204, "p_al": 5.339084981149863, "p_ex": 2.329308118342716, "prior": 7.548323703153514, "rate": 6.749030971060837}, "datetime": {"datetime": "2024-06-13 01:39:15", "elapsed": 66.640133, "delta": 0.103521}}
{"target": -178.23320879901306, "params": {"p_ai": 0.7201977211273354, "p_al": 9.892657582673268, "p_ex": 7.804788898807839, "prior": 2.279031043019085, "rate": 0.30839744067862085}, "datetime": {"datetime": "2024-06-13 01:39:15", "elapsed": 66.744234, "delta": 0.104101}}
{"target": -92.54048076960585, "params": {"p_ai": 4.784239938885914, "p_al": 3.5280716325732393, "p_ex": 5.465568482142916, "prior": 6.596979890293786, "rate": 7.972400853780025}, "datetime": {"datetime": "2024-06-13 01:39:15", "elapsed": 66.849062, "delta": 0.104828}}
{"target": -121.36183577090445, "params": {"p_ai": 0.1364299240444373, "p_al": 7.143240843274906, "p_ex": 2.95384434705289, "prior": 9.864039353798532, "rate": 8.46257106414723}, "datetime": {"datetime": "2024-06-13 01:39:15", "elapsed": 66.952798, "delta": 0.103736}}
{"target": -157.60590901033606, "params": {"p_ai": 5.604451409666734, "p_al": 5.9780590880830164, "p_ex": 1.9215646543725684, "prior": 2.263289634282068, "rate": 1.5409777702011733}, "datetime": {"datetime": "2024-06-13 01:39:15", "elapsed": 67.063484, "delta": 0.110686}}
{"target": -100.90937132448991, "params": {"p_ai": 3.778757661096953, "p_al": 1.1204424879714694, "p_ex": 5.113217663448985, "prior": 6.385141076060073, "rate": 1.2230015699915957}, "datetime": {"datetime": "2024-06-13 01:39:16", "elapsed": 67.167208, "delta": 0.103724}}
{"target": -85.61718283394536, "params": {"p_ai": 3.442619392943751, "p_al": 0.7044084489723932, "p_ex": 5.25808611153342, "prior": 6.503247402260852, "rate": 6.155105941609653}, "datetime": {"datetime": "2024-06-13 01:39:16", "elapsed": 67.270932, "delta": 0.103724}}
{"target": -133.1832379790454, "params": {"p_ai": 8.138881758532042, "p_al": 2.3564267987877012, "p_ex": 6.182200236562616, "prior": 3.028982363807174, "rate": 0.8885882930853439}, "datetime": {"datetime": "2024-06-13 01:39:16", "elapsed": 67.375438, "delta": 0.104506}}
{"target": -98.82404597016314, "params": {"p_ai": 3.053309454186566, "p_al": 0.7144933929712171, "p_ex": 9.585783535985689, "prior": 7.271927183834367, "rate": 1.0155071173822163}, "datetime": {"datetime": "2024-06-13 01:39:16", "elapsed": 67.479163, "delta": 0.103725}}
{"target": -115.11889550879276, "params": {"p_ai": 7.862906954163588, "p_al": 3.5222014456052215, "p_ex": 9.1144399680976, "prior": 4.955478850036387, "rate": 8.727054537125737}, "datetime": {"datetime": "2024-06-13 01:39:16", "elapsed": 67.582531, "delta": 0.103368}}
{"target": -96.28797759504698, "params": {"p_ai": 2.206077417642493, "p_al": 3.6725560667067523, "p_ex": 3.6690025846416687, "prior": 0.9722296833512493, "rate": 3.310813326223882}, "datetime": {"datetime": "2024-06-13 01:39:16", "elapsed": 67.688248, "delta": 0.105717}}
{"target": -105.3248255159675, "params": {"p_ai": 6.597438328584157, "p_al": 4.665968370246033, "p_ex": 8.792436465874568, "prior": 2.6974329936370927, "rate": 3.5488386678677664}, "datetime": {"datetime": "2024-06-13 01:39:16", "elapsed": 67.792184, "delta": 0.103936}}
{"target": -106.20278174168007, "params": {"p_ai": 3.2042225472159718, "p_al": 5.517827968246455, "p_ex": 1.8830059366472722, "prior": 1.7332694708102208, "rate": 9.394879760160336}, "datetime": {"datetime": "2024-06-13 01:39:16", "elapsed": 67.896699, "delta": 0.104515}}
{"target": -189.16872122697617, "params": {"p_ai": 3.767100489749554, "p_al": 5.871394250695616, "p_ex": 0.5524656981032197, "prior": 1.409439110996769, "rate": 0.964489160060572}, "datetime": {"datetime": "2024-06-13 01:39:16", "elapsed": 68.003882, "delta": 0.107183}}
{"target": -122.91545993636001, "params": {"p_ai": 8.121343564013504, "p_al": 1.0323646790520586, "p_ex": 5.163644140749812, "prior": 1.556623402022749, "rate": 2.7888887375330564}, "datetime": {"datetime": "2024-06-13 01:39:16", "elapsed": 68.111594, "delta": 0.107712}}
{"target": -163.10270317596493, "params": {"p_ai": 8.826137423028198, "p_al": 6.316306057543976, "p_ex": 9.636663439420486, "prior": 5.997543941794315, "rate": 0.0961876424493635}, "datetime": {"datetime": "2024-06-13 01:39:17", "elapsed": 68.215317, "delta": 0.103723}}
{"target": -97.23471910836263, "params": {"p_ai": 4.156994414198696, "p_al": 0.22539510183243922, "p_ex": 3.1405292961414175, "prior": 4.816767682276697, "rate": 5.755017951896957}, "datetime": {"datetime": "2024-06-13 01:39:17", "elapsed": 68.319069, "delta": 0.103752}}
{"target": -105.773365346436, "params": {"p_ai": 2.38726337908637, "p_al": 5.583307497898072, "p_ex": 3.949806420938232, "prior": 5.066315292881764, "rate": 1.9604741784106727}, "datetime": {"datetime": "2024-06-13 01:39:17", "elapsed": 68.42376, "delta": 0.104691}}
