{"target": -139.61682032297196, "params": {"gamma": 0.6566643015732216, "prior": 1.9724011150976377, "rate": 9.973877245174846}, "datetime": {"datetime": "2024-06-14 10:42:46", "elapsed": 741.811688, "delta": 27.024632}}
{"target": -139.75935478982947, "params": {"gamma": 0.35797567760830246, "prior": 1.5781244577132363, "rate": 9.9689611447193}, "datetime": {"datetime": "2024-06-14 10:43:40", "elapsed": 795.073128, "delta": 53.26144}}
{"target": -139.63329574107667, "params": {"gamma": 0.5747895592757096, "prior": 3.0116743479086883, "rate": 9.98083118298381}, "datetime": {"datetime": "2024-06-14 10:44:13", "elapsed": 828.631409, "delta": 33.558281}}
{"target": -139.4846984009476, "params": {"gamma": 0.3565219856794954, "prior": 0.53467166749302, "rate": 6.324394403369155}, "datetime": {"datetime": "2024-06-14 10:44:51", "elapsed": 866.146051, "delta": 37.514642}}
{"target": -139.32360901392184, "params": {"gamma": 0.5492701566246152, "prior": 0.6585212620662806, "rate": 4.950685939360479}, "datetime": {"datetime": "2024-06-14 10:45:20", "elapsed": 894.98261, "delta": 28.836559}}
