{"target": -147.1701385324734, "params": {"gamma": 0.518425063389165, "prior": 8.023345278411995, "rate": 1.8127106900062346}, "datetime": {"datetime": "2024-06-14 06:59:21", "elapsed": 17.269635, "delta": 0.010971}}
{"target": -261.18856925892834, "params": {"gamma": 6.687743802830694, "prior": 8.370179976185053, "rate": 9.648000771149587}, "datetime": {"datetime": "2024-06-14 06:59:21", "elapsed": 17.279608, "delta": 0.009973}}
{"target": -124.22323408846601, "params": {"gamma": 1.2693322409733296, "prior": 5.2807820848604825, "rate": 8.506259835578277}, "datetime": {"datetime": "2024-06-14 06:59:21", "elapsed": 17.289582, "delta": 0.009974}}
{"target": -226.95901848381368, "params": {"gamma": 5.376554931110454, "prior": 7.327460113254701, "rate": 7.854811002586698}, "datetime": {"datetime": "2024-06-14 06:59:21", "elapsed": 17.299555, "delta": 0.009973}}
{"target": -297.8276408309622, "params": {"gamma": 8.36611885215124, "prior": 6.698671028783691, "rate": 8.977494158102747}, "datetime": {"datetime": "2024-06-14 06:59:21", "elapsed": 17.310525, "delta": 0.01097}}
{"target": -307.46887708171425, "params": {"gamma": 6.4782645488662265, "prior": 9.451910164511617, "rate": 6.293354520653859}, "datetime": {"datetime": "2024-06-14 06:59:21", "elapsed": 17.320499, "delta": 0.009974}}
{"target": -424.1536143261316, "params": {"gamma": 8.724413810278625, "prior": 5.996988068238829, "rate": 3.4441454939220204}, "datetime": {"datetime": "2024-06-14 06:59:21", "elapsed": 17.330472, "delta": 0.009973}}
{"target": -484.3212525847886, "params": {"gamma": 8.134761405617539, "prior": 4.380572177078845, "rate": 1.26633005871915}, "datetime": {"datetime": "2024-06-14 06:59:21", "elapsed": 17.340445, "delta": 0.009973}}
{"target": -445.1040270991965, "params": {"gamma": 9.685718757922707, "prior": 8.540378886592336, "rate": 5.613032976457021}, "datetime": {"datetime": "2024-06-14 06:59:21", "elapsed": 17.350925, "delta": 0.01048}}
{"target": -450.24367548823903, "params": {"gamma": 6.70645236332923, "prior": 9.97746979690073, "rate": 1.6139258941379875}, "datetime": {"datetime": "2024-06-14 06:59:21", "elapsed": 17.360898, "delta": 0.009973}}
{"target": -213.12996962182154, "params": {"gamma": 5.345865061083275, "prior": 3.9706892074339746, "rate": 5.411934552410746}, "datetime": {"datetime": "2024-06-14 06:59:21", "elapsed": 17.370872, "delta": 0.009974}}
{"target": -128.42638872798565, "params": {"gamma": 1.0346751548979976, "prior": 4.463348355283198, "rate": 4.615179910338178}, "datetime": {"datetime": "2024-06-14 06:59:21", "elapsed": 17.380845, "delta": 0.009973}}
{"target": -259.6136334771527, "params": {"gamma": 5.959320550265768, "prior": 6.657514292740112, "rate": 5.9019035859365445}, "datetime": {"datetime": "2024-06-14 06:59:21", "elapsed": 17.390818, "delta": 0.009973}}
{"target": -325.2044718969239, "params": {"gamma": 7.294098218201382, "prior": 5.850935976242481, "rate": 4.431587983023527}, "datetime": {"datetime": "2024-06-14 06:59:21", "elapsed": 17.400791, "delta": 0.009973}}
{"target": -272.4730429421324, "params": {"gamma": 4.968387656954369, "prior": 4.3578792885960675, "rate": 2.1015284571954447}, "datetime": {"datetime": "2024-06-14 06:59:21", "elapsed": 17.410765, "delta": 0.009974}}
{"target": -147.34851817038316, "params": {"gamma": 2.268784360438243, "prior": 4.628147893294655, "rate": 4.336093573615487}, "datetime": {"datetime": "2024-06-14 06:59:21", "elapsed": 17.421736, "delta": 0.010971}}
{"target": -270.3044303599788, "params": {"gamma": 7.793058306926475, "prior": 4.266497925247028, "rate": 6.734009957010978}, "datetime": {"datetime": "2024-06-14 06:59:21", "elapsed": 17.431709, "delta": 0.009973}}
{"target": -138.2028192552211, "params": {"gamma": 1.6612208005950855, "prior": 8.258183945490565, "rate": 6.8543823546258436}, "datetime": {"datetime": "2024-06-14 06:59:21", "elapsed": 17.441682, "delta": 0.009973}}
{"target": -266.65666082588825, "params": {"gamma": 7.890734933535461, "prior": 3.6588964274812152, "rate": 6.62582745539401}, "datetime": {"datetime": "2024-06-14 06:59:21", "elapsed": 17.451163, "delta": 0.009481}}
{"target": -142.661746558392, "params": {"gamma": 2.1716875482551337, "prior": 2.287957296922715, "rate": 2.4253252674042707}, "datetime": {"datetime": "2024-06-14 06:59:21", "elapsed": 17.461137, "delta": 0.009974}}
{"target": -143.48300523217085, "params": {"gamma": 2.646618581923333, "prior": 4.143278360424636, "rate": 8.287125786730796}, "datetime": {"datetime": "2024-06-14 06:59:21", "elapsed": 17.472109, "delta": 0.010972}}
{"target": -595.8308423303117, "params": {"gamma": 9.474248122372826, "prior": 6.361334167652156, "rate": 1.348256625665745}, "datetime": {"datetime": "2024-06-14 06:59:21", "elapsed": 17.482111, "delta": 0.010002}}
{"target": -260.60042301023543, "params": {"gamma": 4.200514533381073, "prior": 9.36823535020746, "rate": 3.206122209008569}, "datetime": {"datetime": "2024-06-14 06:59:21", "elapsed": 17.492054, "delta": 0.009943}}
{"target": -326.5386386205522, "params": {"gamma": 6.1931905794918185, "prior": 9.357823108034191, "rate": 4.607362678122438}, "datetime": {"datetime": "2024-06-14 06:59:21", "elapsed": 17.503085, "delta": 0.011031}}
{"target": -219.31648004374597, "params": {"gamma": 5.004490142114326, "prior": 9.19506772656131, "rate": 9.298305886525743}, "datetime": {"datetime": "2024-06-14 06:59:21", "elapsed": 17.514046, "delta": 0.010961}}
{"target": -326.2700547654066, "params": {"gamma": 9.04496424702233, "prior": 5.184981853710656, "rate": 6.398472694701441}, "datetime": {"datetime": "2024-06-14 06:59:21", "elapsed": 17.524019, "delta": 0.009973}}
{"target": -223.85535171501854, "params": {"gamma": 5.890472752605639, "prior": 1.6690987172854312, "rate": 6.234866594810311}, "datetime": {"datetime": "2024-06-14 06:59:21", "elapsed": 17.533992, "delta": 0.009973}}
{"target": -157.32057196843687, "params": {"gamma": 3.1921240844594263, "prior": 1.3942814559414822, "rate": 2.1508150426858728}, "datetime": {"datetime": "2024-06-14 06:59:21", "elapsed": 17.543966, "delta": 0.009974}}
{"target": -165.3811613678999, "params": {"gamma": 3.1372893115280216, "prior": 9.519372827689537, "rate": 9.907680849822357}, "datetime": {"datetime": "2024-06-14 06:59:21", "elapsed": 17.554478, "delta": 0.010512}}
{"target": -340.3829023758101, "params": {"gamma": 8.668996751551681, "prior": 4.672423692173761, "rate": 4.656706908529602}, "datetime": {"datetime": "2024-06-14 06:59:21", "elapsed": 17.564451, "delta": 0.009973}}
{"target": -317.53852755051065, "params": {"gamma": 7.647520341309665, "prior": 1.074239963450954, "rate": 9.940379659168363}, "datetime": {"datetime": "2024-06-14 06:59:21", "elapsed": 17.574424, "delta": 0.009973}}
{"target": -242.86535233065604, "params": {"gamma": 6.9224566172976845, "prior": 3.0629283412837927, "rate": 9.088573077112654}, "datetime": {"datetime": "2024-06-14 06:59:21", "elapsed": 17.584398, "delta": 0.009974}}
{"target": -227.09230278860267, "params": {"gamma": 5.526235888770702, "prior": 0.9433807768511864, "rate": 1.0833491863453326}, "datetime": {"datetime": "2024-06-14 06:59:21", "elapsed": 17.594371, "delta": 0.009973}}
{"target": -146.11564228040092, "params": {"gamma": 0.3176168877888321, "prior": 2.240327888608129, "rate": 0.51508803577319}, "datetime": {"datetime": "2024-06-14 06:59:21", "elapsed": 17.605342, "delta": 0.010971}}
{"target": -211.21139519834006, "params": {"gamma": 5.103214380152735, "prior": 0.9211098493361365, "rate": 4.431779707933526}, "datetime": {"datetime": "2024-06-14 06:59:21", "elapsed": 17.615315, "delta": 0.009973}}
{"target": -154.38481038887525, "params": {"gamma": 2.362771206680796, "prior": 5.6412349065280925, "rate": 4.390238946627599}, "datetime": {"datetime": "2024-06-14 06:59:21", "elapsed": 17.625288, "delta": 0.009973}}
{"target": -385.6003320069441, "params": {"gamma": 8.375567087137503, "prior": 3.4317930698460395, "rate": 2.3030862375648358}, "datetime": {"datetime": "2024-06-14 06:59:21", "elapsed": 17.635261, "delta": 0.009973}}
{"target": -679.8960036044252, "params": {"gamma": 9.401218217622588, "prior": 4.71700059437067, "rate": 0.2825494345653465}, "datetime": {"datetime": "2024-06-14 06:59:21", "elapsed": 17.645236, "delta": 0.009975}}
{"target": -142.88646697647405, "params": {"gamma": 0.7952844018626734, "prior": 5.600160498896482, "rate": 2.1085032523654648}, "datetime": {"datetime": "2024-06-14 06:59:21", "elapsed": 17.655209, "delta": 0.009973}}
{"target": -123.4423863652517, "params": {"gamma": 1.4832079169213832, "prior": 2.03577051385278, "rate": 7.4477447466406055}, "datetime": {"datetime": "2024-06-14 06:59:21", "elapsed": 17.665182, "delta": 0.009973}}
{"target": -355.2915235101353, "params": {"gamma": 9.490190594750429, "prior": 1.3808418827316682, "rate": 8.797922693851072}, "datetime": {"datetime": "2024-06-14 06:59:21", "elapsed": 17.675155, "delta": 0.009973}}
{"target": -494.7284807130438, "params": {"gamma": 7.119486308304545, "prior": 5.612748843111474, "rate": 0.6711193665390025}, "datetime": {"datetime": "2024-06-14 06:59:21", "elapsed": 17.685128, "delta": 0.009973}}
{"target": -321.91769647567986, "params": {"gamma": 7.877623428379662, "prior": 8.141573527504782, "rate": 7.546064084925807}, "datetime": {"datetime": "2024-06-14 06:59:21", "elapsed": 17.696099, "delta": 0.010971}}
{"target": -265.5335597511049, "params": {"gamma": 5.5053451266130216, "prior": 6.352887453044348, "rate": 4.367192277935727}, "datetime": {"datetime": "2024-06-14 06:59:21", "elapsed": 17.706072, "delta": 0.009973}}
{"target": -154.5592048539823, "params": {"gamma": 3.079162242084743, "prior": 2.1563415656940617, "rate": 7.70783813326756}, "datetime": {"datetime": "2024-06-14 06:59:21", "elapsed": 17.716045, "delta": 0.009973}}
{"target": -387.05066934649005, "params": {"gamma": 9.347823400996651, "prior": 6.253005567983246, "rate": 5.342940039040913}, "datetime": {"datetime": "2024-06-14 06:59:21", "elapsed": 17.726019, "delta": 0.009974}}
{"target": -325.553954068452, "params": {"gamma": 8.832821399586447, "prior": 0.543549432321984, "rate": 3.027452733825171}, "datetime": {"datetime": "2024-06-14 06:59:21", "elapsed": 17.735992, "delta": 0.009973}}
{"target": -198.3066038953508, "params": {"gamma": 3.825328639516465, "prior": 0.4078849577947824, "rate": 5.199809613230569}, "datetime": {"datetime": "2024-06-14 06:59:21", "elapsed": 17.745965, "delta": 0.009973}}
{"target": -429.88553208844957, "params": {"gamma": 9.40582357294277, "prior": 7.992725691934161, "rate": 5.351408522523899}, "datetime": {"datetime": "2024-06-14 06:59:21", "elapsed": 17.755939, "delta": 0.009974}}
{"target": -394.78698127534875, "params": {"gamma": 6.7657338580782405, "prior": 7.873824709873373, "rate": 2.611671926966363}, "datetime": {"datetime": "2024-06-14 06:59:21", "elapsed": 17.765912, "delta": 0.009973}}
{"target": -154.45052620895407, "params": {"gamma": 2.757360350509144, "prior": 6.091715488473178, "rate": 6.74213697673649}, "datetime": {"datetime": "2024-06-14 06:59:21", "elapsed": 17.776883, "delta": 0.010971}}
{"target": -146.92189738640454, "params": {"gamma": 0.037131121203666864, "prior": 8.571439691934431, "rate": 1.4499755526920097}, "datetime": {"datetime": "2024-06-14 06:59:21", "elapsed": 17.786857, "delta": 0.009974}}
{"target": -435.0719865561623, "params": {"gamma": 5.124009381904939, "prior": 5.6655858482099735, "rate": 0.07290430277148773}, "datetime": {"datetime": "2024-06-14 06:59:21", "elapsed": 17.79683, "delta": 0.009973}}
{"target": -188.02281971628403, "params": {"gamma": 4.289076528699282, "prior": 5.384053388047638, "rate": 6.907376297071434}, "datetime": {"datetime": "2024-06-14 06:59:21", "elapsed": 17.806803, "delta": 0.009973}}
{"target": -304.39942205535385, "params": {"gamma": 9.031835670784622, "prior": 0.7787551523432098, "rate": 2.8317040472904758}, "datetime": {"datetime": "2024-06-14 06:59:21", "elapsed": 17.816776, "delta": 0.009973}}
{"target": -209.8859071904945, "params": {"gamma": 5.279795197202099, "prior": 2.9733261504001245, "rate": 4.201892734282735}, "datetime": {"datetime": "2024-06-14 06:59:21", "elapsed": 17.826749, "delta": 0.009973}}
{"target": -419.06413670769683, "params": {"gamma": 9.820547479625972, "prior": 0.6636402718702625, "rate": 9.289203208835787}, "datetime": {"datetime": "2024-06-14 06:59:21", "elapsed": 17.837721, "delta": 0.010972}}
{"target": -280.6901584493826, "params": {"gamma": 6.680114161371072, "prior": 5.035947408040653, "rate": 4.647506170595227}, "datetime": {"datetime": "2024-06-14 06:59:21", "elapsed": 17.847693, "delta": 0.009972}}
{"target": -284.7937163500559, "params": {"gamma": 5.589785773928347, "prior": 2.9867128566196963, "rate": 1.7188330067587443}, "datetime": {"datetime": "2024-06-14 06:59:21", "elapsed": 17.857667, "delta": 0.009974}}
{"target": -320.83175830000636, "params": {"gamma": 6.197786816831587, "prior": 9.885925228469835, "rate": 5.162690424583267}, "datetime": {"datetime": "2024-06-14 06:59:21", "elapsed": 17.86764, "delta": 0.009973}}
{"target": -377.79113034098003, "params": {"gamma": 6.710412491894106, "prior": 5.243372538798067, "rate": 2.0011085780511912}, "datetime": {"datetime": "2024-06-14 06:59:21", "elapsed": 17.877613, "delta": 0.009973}}
{"target": -271.924016239671, "params": {"gamma": 5.787379979419437, "prior": 9.583007643759036, "rate": 6.924549114998262}, "datetime": {"datetime": "2024-06-14 06:59:21", "elapsed": 17.887587, "delta": 0.009974}}
{"target": -134.38673143692137, "params": {"gamma": 0.274342053750928, "prior": 3.6948761925389584, "rate": 6.33921964079754}, "datetime": {"datetime": "2024-06-14 06:59:21", "elapsed": 17.898558, "delta": 0.010971}}
{"target": -241.76060112497822, "params": {"gamma": 5.67116400617658, "prior": 1.301203739015265, "rate": 9.364796358912931}, "datetime": {"datetime": "2024-06-14 06:59:21", "elapsed": 17.908531, "delta": 0.009973}}
{"target": -185.54538292049196, "params": {"gamma": 3.938997493293488, "prior": 7.319700947932855, "rate": 7.857086866488291}, "datetime": {"datetime": "2024-06-14 06:59:21", "elapsed": 17.918504, "delta": 0.009973}}
{"target": -148.63949489406315, "params": {"gamma": 2.1307142258890264, "prior": 6.659980991963436, "rate": 5.2341476294898825}, "datetime": {"datetime": "2024-06-14 06:59:21", "elapsed": 17.928477, "delta": 0.009973}}
{"target": -142.57596013295992, "params": {"gamma": 1.783794004691899, "prior": 7.212564495824819, "rate": 5.406224528163018}, "datetime": {"datetime": "2024-06-14 06:59:21", "elapsed": 17.938451, "delta": 0.009974}}
{"target": -135.72460658149137, "params": {"gamma": 2.1417238051544096, "prior": 4.238811933822576, "rate": 6.8079344253726966}, "datetime": {"datetime": "2024-06-14 06:59:21", "elapsed": 17.948424, "delta": 0.009973}}
{"target": -336.36219775744854, "params": {"gamma": 9.937621475494428, "prior": 5.5295345252227435, "rate": 7.939406449739636}, "datetime": {"datetime": "2024-06-14 06:59:21", "elapsed": 17.959395, "delta": 0.010971}}
{"target": -159.0892154958887, "params": {"gamma": 3.3064511453666356, "prior": 5.164454283417241, "rate": 8.350414978664054}, "datetime": {"datetime": "2024-06-14 06:59:21", "elapsed": 17.969369, "delta": 0.009974}}
{"target": -337.428969753456, "params": {"gamma": 9.704609444607442, "prior": 1.8668728599484044, "rate": 8.513224576444088}, "datetime": {"datetime": "2024-06-14 06:59:21", "elapsed": 17.979342, "delta": 0.009973}}
{"target": -448.8501360311294, "params": {"gamma": 9.8839813130555, "prior": 4.559573957621887, "rate": 3.0802934792591}, "datetime": {"datetime": "2024-06-14 06:59:21", "elapsed": 17.990312, "delta": 0.01097}}
{"target": -317.60641195169984, "params": {"gamma": 9.124683586378131, "prior": 2.2765865789701447, "rate": 9.88264881287327}, "datetime": {"datetime": "2024-06-14 06:59:21", "elapsed": 18.000286, "delta": 0.009974}}
{"target": -179.47196282276056, "params": {"gamma": 4.016014561459776, "prior": 1.0131129142505106, "rate": 1.368611993565815}, "datetime": {"datetime": "2024-06-14 06:59:21", "elapsed": 18.010259, "delta": 0.009973}}
{"target": -194.7323510313439, "params": {"gamma": 4.771246207156717, "prior": 0.7033829612030654, "rate": 2.519602463648642}, "datetime": {"datetime": "2024-06-14 06:59:21", "elapsed": 18.020233, "delta": 0.009974}}
{"target": -312.1193942210791, "params": {"gamma": 7.950227595281238, "prior": 7.874786065977949, "rate": 8.108387517165163}, "datetime": {"datetime": "2024-06-14 06:59:21", "elapsed": 18.030206, "delta": 0.009973}}
{"target": -132.62689118302416, "params": {"gamma": 0.4635818527703097, "prior": 7.687845099749461, "rate": 8.068658621836198}, "datetime": {"datetime": "2024-06-14 06:59:21", "elapsed": 18.040179, "delta": 0.009973}}
{"target": -138.13560029967024, "params": {"gamma": 0.1614807233633352, "prior": 3.9741465501415574, "rate": 8.655905140222567}, "datetime": {"datetime": "2024-06-14 06:59:21", "elapsed": 18.05115, "delta": 0.010971}}
{"target": -457.76431346779236, "params": {"gamma": 9.58478787486283, "prior": 9.203960219040058, "rate": 5.470332354994583}, "datetime": {"datetime": "2024-06-14 06:59:21", "elapsed": 18.061123, "delta": 0.009973}}
{"target": -165.5053322914932, "params": {"gamma": 3.0999028075571977, "prior": 5.933723461468355, "rate": 5.960308888277244}, "datetime": {"datetime": "2024-06-14 06:59:21", "elapsed": 18.071096, "delta": 0.009973}}
{"target": -244.22936697577512, "params": {"gamma": 6.645853962048891, "prior": 5.949068744119219, "rate": 8.680686431625688}, "datetime": {"datetime": "2024-06-14 06:59:21", "elapsed": 18.08107, "delta": 0.009974}}
{"target": -302.0953992442653, "params": {"gamma": 3.740404346465307, "prior": 2.51576369972239, "rate": 0.20584523782095557}, "datetime": {"datetime": "2024-06-14 06:59:21", "elapsed": 18.09204, "delta": 0.01097}}
{"target": -140.82597307182942, "params": {"gamma": 2.3276534032092466, "prior": 1.6998563265328037, "rate": 2.382365800220145}, "datetime": {"datetime": "2024-06-14 06:59:22", "elapsed": 18.10401, "delta": 0.01197}}
{"target": -505.5631811390468, "params": {"gamma": 8.809750700685962, "prior": 7.342834380593291, "rate": 2.4346474261497026}, "datetime": {"datetime": "2024-06-14 06:59:22", "elapsed": 18.113982, "delta": 0.009972}}
{"target": -353.22900712173464, "params": {"gamma": 7.93074966579814, "prior": 5.486796446527367, "rate": 4.065455958505244}, "datetime": {"datetime": "2024-06-14 06:59:22", "elapsed": 18.124953, "delta": 0.010971}}
{"target": -181.19791027767732, "params": {"gamma": 2.0588168270783345, "prior": 3.1762456147307865, "rate": 0.7933859337786535}, "datetime": {"datetime": "2024-06-14 06:59:22", "elapsed": 18.134926, "delta": 0.009973}}
{"target": -166.05126960461712, "params": {"gamma": 2.3370014693504007, "prior": 6.690938823288298, "rate": 3.510850519903707}, "datetime": {"datetime": "2024-06-14 06:59:22", "elapsed": 18.144899, "delta": 0.009973}}
{"target": -331.51823953884826, "params": {"gamma": 8.197382234314826, "prior": 6.645433517996546, "rate": 6.243886676338824}, "datetime": {"datetime": "2024-06-14 06:59:22", "elapsed": 18.154876, "delta": 0.009977}}
{"target": -184.16481703570238, "params": {"gamma": 4.203358120025224, "prior": 6.485522600358745, "rate": 8.748431716742354}, "datetime": {"datetime": "2024-06-14 06:59:22", "elapsed": 18.193772, "delta": 0.038896}}
{"target": -152.58509102178235, "params": {"gamma": 3.1134152627298404, "prior": 3.493245069587299, "rate": 8.486942886026812}, "datetime": {"datetime": "2024-06-14 06:59:22", "elapsed": 18.204743, "delta": 0.010971}}
{"target": -351.99529682263613, "params": {"gamma": 5.2994112343421165, "prior": 9.24451206335198, "rate": 1.876341924396167}, "datetime": {"datetime": "2024-06-14 06:59:22", "elapsed": 18.214716, "delta": 0.009973}}
{"target": -206.78493756332352, "params": {"gamma": 2.149517739976633, "prior": 8.638341582747344, "rate": 0.9958043191607387}, "datetime": {"datetime": "2024-06-14 06:59:22", "elapsed": 18.22469, "delta": 0.009974}}
{"target": -222.9200675707744, "params": {"gamma": 4.717152090529902, "prior": 8.410095236823695, "rate": 6.937672299169015}, "datetime": {"datetime": "2024-06-14 06:59:22", "elapsed": 18.234664, "delta": 0.009974}}
{"target": -188.79653755539448, "params": {"gamma": 4.622952603534849, "prior": 1.7354650920880788, "rate": 5.508608102481257}, "datetime": {"datetime": "2024-06-14 06:59:22", "elapsed": 18.244636, "delta": 0.009972}}
{"target": -705.5641205089341, "params": {"gamma": 9.879798710108535, "prior": 8.071059692189767, "rate": 0.5502334117385274}, "datetime": {"datetime": "2024-06-14 06:59:22", "elapsed": 18.255607, "delta": 0.010971}}
{"target": -459.9938165035424, "params": {"gamma": 7.109572833570658, "prior": 9.768501118223332, "rate": 1.9345458616173425}, "datetime": {"datetime": "2024-06-14 06:59:22", "elapsed": 18.26558, "delta": 0.009973}}
{"target": -314.7397892561676, "params": {"gamma": 9.564120655508974, "prior": 2.4101209180042362, "rate": 8.194158826769996}, "datetime": {"datetime": "2024-06-14 06:59:22", "elapsed": 18.275554, "delta": 0.009974}}
{"target": -139.0869626287482, "params": {"gamma": 1.495037423229105, "prior": 5.18963690755791, "rate": 3.64078281665956}, "datetime": {"datetime": "2024-06-14 06:59:22", "elapsed": 18.286525, "delta": 0.010971}}
{"target": -238.6868086251777, "params": {"gamma": 6.707204581969504, "prior": 1.8732591939869123, "rate": 5.7979036601822145}, "datetime": {"datetime": "2024-06-14 06:59:22", "elapsed": 18.296498, "delta": 0.009973}}
{"target": -145.79146226704867, "params": {"gamma": 0.02523445285068334, "prior": 4.313976928799815, "rate": 5.158416296806499}, "datetime": {"datetime": "2024-06-14 06:59:22", "elapsed": 18.306471, "delta": 0.009973}}
{"target": -574.0682654277389, "params": {"gamma": 8.378128201572276, "prior": 7.600612871411063, "rate": 0.9198244994151032}, "datetime": {"datetime": "2024-06-14 06:59:22", "elapsed": 18.316444, "delta": 0.009973}}
