{"target": -135.98027203142297, "params": {"gamma": 0.5287857773295865, "prior": 8.914019769519989, "rate": 4.045739285423598}, "datetime": {"datetime": "2024-06-14 04:54:12", "elapsed": 8.309917, "delta": 0.008975}}
{"target": -670.0371247250655, "params": {"gamma": 9.292802548221829, "prior": 4.080573920625559, "rate": 0.7692460154620339}, "datetime": {"datetime": "2024-06-14 04:54:12", "elapsed": 8.31989, "delta": 0.009973}}
{"target": -115.14301318675894, "params": {"gamma": 2.4537661400558073, "prior": 3.5675790065013078, "rate": 7.507532195259897}, "datetime": {"datetime": "2024-06-14 04:54:12", "elapsed": 8.328867, "delta": 0.008977}}
{"target": -109.1812516980929, "params": {"gamma": 1.8482967753404873, "prior": 4.366639171886156, "rate": 8.732580952739871}, "datetime": {"datetime": "2024-06-14 04:54:12", "elapsed": 8.33884, "delta": 0.009973}}
{"target": -383.6109214451942, "params": {"gamma": 5.338077152636459, "prior": 1.121231725515661, "rate": 0.24620034805926763}, "datetime": {"datetime": "2024-06-14 04:54:12", "elapsed": 8.347817, "delta": 0.008977}}
{"target": -295.4605252352527, "params": {"gamma": 7.058392201809326, "prior": 9.79336216048635, "rate": 7.851867464260117}, "datetime": {"datetime": "2024-06-14 04:54:12", "elapsed": 8.356792, "delta": 0.008975}}
{"target": -248.15489665422774, "params": {"gamma": 7.647497242257331, "prior": 6.786930405212397, "rate": 7.9552316002763535}, "datetime": {"datetime": "2024-06-14 04:54:12", "elapsed": 8.366792, "delta": 0.01}}
{"target": -118.85735493821255, "params": {"gamma": 0.40113783894076427, "prior": 2.720348153996855, "rate": 6.9542799621795535}, "datetime": {"datetime": "2024-06-14 04:54:12", "elapsed": 8.375741, "delta": 0.008949}}
{"target": -584.1255209317119, "params": {"gamma": 8.670016307747831, "prior": 6.778608030986559, "rate": 1.7635850037063328}, "datetime": {"datetime": "2024-06-14 04:54:12", "elapsed": 8.385715, "delta": 0.009974}}
{"target": -740.5046339358987, "params": {"gamma": 9.363148290996985, "prior": 9.043449131097443, "rate": 0.8677009826349238}, "datetime": {"datetime": "2024-06-14 04:54:12", "elapsed": 8.394691, "delta": 0.008976}}
{"target": -107.50011094858398, "params": {"gamma": 1.9308073757049558, "prior": 2.824411003044214, "rate": 7.384380294175464}, "datetime": {"datetime": "2024-06-14 04:54:12", "elapsed": 8.403667, "delta": 0.008976}}
{"target": -534.8181056283705, "params": {"gamma": 8.59387390968027, "prior": 5.825391635770356, "rate": 1.9972560609459706}, "datetime": {"datetime": "2024-06-14 04:54:12", "elapsed": 8.41364, "delta": 0.009973}}
{"target": -161.24105162836736, "params": {"gamma": 4.151483786326004, "prior": 1.4648060826146607, "rate": 9.174044472397386}, "datetime": {"datetime": "2024-06-14 04:54:12", "elapsed": 8.422616, "delta": 0.008976}}
{"target": -297.9817284902814, "params": {"gamma": 7.645544873164326, "prior": 5.151116954680168, "rate": 4.536296856665209}, "datetime": {"datetime": "2024-06-14 04:54:12", "elapsed": 8.432618, "delta": 0.010002}}
{"target": -141.15922910567213, "params": {"gamma": 0.9793229413773535, "prior": 3.2548860273732405, "rate": 1.2072073207786072}, "datetime": {"datetime": "2024-06-14 04:54:13", "elapsed": 8.441565, "delta": 0.008947}}
{"target": -456.5447344405673, "params": {"gamma": 7.823598295559239, "prior": 5.494348696094326, "rate": 2.2735465367701733}, "datetime": {"datetime": "2024-06-14 04:54:13", "elapsed": 8.450541, "delta": 0.008976}}
{"target": -126.66216399699377, "params": {"gamma": 2.242804189720107, "prior": 2.677942155406277, "rate": 3.0894186504102437}, "datetime": {"datetime": "2024-06-14 04:54:13", "elapsed": 8.460552, "delta": 0.010011}}
{"target": -136.52785923782477, "params": {"gamma": 3.8776636126823174, "prior": 3.0457344305346488, "rate": 6.795879389436971}, "datetime": {"datetime": "2024-06-14 04:54:13", "elapsed": 8.46949, "delta": 0.008938}}
{"target": -122.46804148694925, "params": {"gamma": 0.351701119431484, "prior": 3.3482921178205443, "rate": 7.4531734367072975}, "datetime": {"datetime": "2024-06-14 04:54:13", "elapsed": 8.479464, "delta": 0.009974}}
{"target": -610.3459438566518, "params": {"gamma": 9.428137042767773, "prior": 8.047052246559756, "rate": 2.4090212695059683}, "datetime": {"datetime": "2024-06-14 04:54:13", "elapsed": 8.48844, "delta": 0.008976}}
{"target": -113.77120386633167, "params": {"gamma": 2.329921768369933, "prior": 1.9843342677001725, "rate": 8.825092851051235}, "datetime": {"datetime": "2024-06-14 04:54:13", "elapsed": 8.498413, "delta": 0.009973}}
{"target": -186.09139383091843, "params": {"gamma": 2.3793190167249576, "prior": 7.605988171789962, "rate": 2.611236264315461}, "datetime": {"datetime": "2024-06-14 04:54:13", "elapsed": 8.507392, "delta": 0.008979}}
{"target": -130.89429089047292, "params": {"gamma": 0.3317853522317488, "prior": 7.3611322306807825, "rate": 7.262291896142214}, "datetime": {"datetime": "2024-06-14 04:54:13", "elapsed": 8.516368, "delta": 0.008976}}
{"target": -104.70159614498785, "params": {"gamma": 0.8905021504995737, "prior": 3.334342453503056, "rate": 9.483704536600037}, "datetime": {"datetime": "2024-06-14 04:54:13", "elapsed": 8.526343, "delta": 0.009975}}
{"target": -106.21189454494541, "params": {"gamma": 1.6303270368232625, "prior": 0.9580574792638101, "rate": 5.946444277228148}, "datetime": {"datetime": "2024-06-14 04:54:13", "elapsed": 8.535322, "delta": 0.008979}}
{"target": -276.2025173123621, "params": {"gamma": 9.309967663594373, "prior": 1.424405246656605, "rate": 5.130609924306518}, "datetime": {"datetime": "2024-06-14 04:54:13", "elapsed": 8.545329, "delta": 0.010007}}
{"target": -572.0947078864469, "params": {"gamma": 6.84030814195546, "prior": 1.8011146201075885, "rate": 0.11358767502840258}, "datetime": {"datetime": "2024-06-14 04:54:13", "elapsed": 8.554306, "delta": 0.008977}}
{"target": -297.5880878787792, "params": {"gamma": 8.876943621666769, "prior": 0.44878957946825926, "rate": 2.575325379792938}, "datetime": {"datetime": "2024-06-14 04:54:13", "elapsed": 8.563311, "delta": 0.009005}}
{"target": -571.857164672001, "params": {"gamma": 6.5171886333749445, "prior": 2.929251040222046, "rate": 0.09806625815159087}, "datetime": {"datetime": "2024-06-14 04:54:13", "elapsed": 8.57332, "delta": 0.010009}}
{"target": -322.03960507803805, "params": {"gamma": 5.754942892815359, "prior": 3.147143555513635, "rate": 1.5159891044593792}, "datetime": {"datetime": "2024-06-14 04:54:13", "elapsed": 8.58227, "delta": 0.00895}}
{"target": -298.6804631333655, "params": {"gamma": 9.712861834014069, "prior": 1.7332254521996295, "rate": 7.272627175991628}, "datetime": {"datetime": "2024-06-14 04:54:13", "elapsed": 8.59224, "delta": 0.00997}}
{"target": -626.9741779342398, "params": {"gamma": 8.907351190743636, "prior": 8.601279645696758, "rate": 1.8433864145173096}, "datetime": {"datetime": "2024-06-14 04:54:13", "elapsed": 8.601216, "delta": 0.008976}}
{"target": -133.77556650090574, "params": {"gamma": 2.3688485284086984, "prior": 0.2817901013754669, "rate": 9.314123267181278}, "datetime": {"datetime": "2024-06-14 04:54:13", "elapsed": 8.610421, "delta": 0.009205}}
{"target": -644.1889796928948, "params": {"gamma": 8.871324645396406, "prior": 5.995115072798474, "rate": 1.0945671874130298}, "datetime": {"datetime": "2024-06-14 04:54:13", "elapsed": 8.620394, "delta": 0.009973}}
{"target": -153.15634817101585, "params": {"gamma": 1.736252925778173, "prior": 5.811907672232824, "rate": 2.5173180780279494}, "datetime": {"datetime": "2024-06-14 04:54:13", "elapsed": 8.629993, "delta": 0.009599}}
{"target": -144.99751340478772, "params": {"gamma": 3.0024181605272484, "prior": 1.792774754535882, "rate": 1.8967275990085757}, "datetime": {"datetime": "2024-06-14 04:54:13", "elapsed": 8.64042, "delta": 0.010427}}
{"target": -189.71319794467206, "params": {"gamma": 4.634748122750124, "prior": 5.1477523290215155, "rate": 5.116287316757662}, "datetime": {"datetime": "2024-06-14 04:54:13", "elapsed": 8.65139, "delta": 0.01097}}
{"target": -327.6619826256902, "params": {"gamma": 9.971390854869842, "prior": 1.3829985909743843, "rate": 7.561942713988967}, "datetime": {"datetime": "2024-06-14 04:54:13", "elapsed": 8.661394, "delta": 0.010004}}
{"target": -331.69519777265907, "params": {"gamma": 7.937773715501701, "prior": 5.890337727828154, "rate": 4.627919064512984}, "datetime": {"datetime": "2024-06-14 04:54:13", "elapsed": 8.671338, "delta": 0.009944}}
{"target": -736.3030345131826, "params": {"gamma": 8.934372946865443, "prior": 8.298984168823933, "rate": 0.5038590693510084}, "datetime": {"datetime": "2024-06-14 04:54:13", "elapsed": 8.680313, "delta": 0.008975}}
{"target": -421.2139692609538, "params": {"gamma": 9.629874547125452, "prior": 0.17266492836107364, "rate": 5.731748914634736}, "datetime": {"datetime": "2024-06-14 04:54:13", "elapsed": 8.689289, "delta": 0.008976}}
{"target": -326.6495129326747, "params": {"gamma": 5.7247357384538, "prior": 8.360358681426117, "rate": 3.8477759631858306}, "datetime": {"datetime": "2024-06-14 04:54:13", "elapsed": 8.699262, "delta": 0.009973}}
{"target": -177.6621744960612, "params": {"gamma": 0.911317649590776, "prior": 5.858703966752355, "rate": 0.24943375777694893}, "datetime": {"datetime": "2024-06-14 04:54:13", "elapsed": 8.708238, "delta": 0.008976}}
{"target": -171.65896165922422, "params": {"gamma": 3.618595813310707, "prior": 9.854636340644698, "rate": 8.687919916680645}, "datetime": {"datetime": "2024-06-14 04:54:13", "elapsed": 8.718211, "delta": 0.009973}}
{"target": -120.59426213951441, "params": {"gamma": 1.525814920870293, "prior": 8.008378281655215, "rate": 8.110158197295846}, "datetime": {"datetime": "2024-06-14 04:54:13", "elapsed": 8.72719, "delta": 0.008979}}
{"target": -248.92235406141876, "params": {"gamma": 9.282143984052633, "prior": 2.3214042338354473, "rate": 4.990175777525101}, "datetime": {"datetime": "2024-06-14 04:54:13", "elapsed": 8.736768, "delta": 0.009578}}
{"target": -317.8048796397665, "params": {"gamma": 8.274613470019348, "prior": 6.706604471482155, "rate": 5.939767497694312}, "datetime": {"datetime": "2024-06-14 04:54:13", "elapsed": 8.746741, "delta": 0.009973}}
{"target": -520.9944819045953, "params": {"gamma": 6.520106231886649, "prior": 2.461308526710229, "rate": 0.2563753086730316}, "datetime": {"datetime": "2024-06-14 04:54:13", "elapsed": 8.755717, "delta": 0.008976}}
{"target": -246.33783283401445, "params": {"gamma": 7.362836317207894, "prior": 3.3352390707756885, "rate": 3.7681921123145443}, "datetime": {"datetime": "2024-06-14 04:54:13", "elapsed": 8.765691, "delta": 0.009974}}
{"target": -400.26872808997473, "params": {"gamma": 6.126547925441392, "prior": 6.605933919398819, "rate": 2.0297861073278014}, "datetime": {"datetime": "2024-06-14 04:54:13", "elapsed": 8.774667, "delta": 0.008976}}
{"target": -228.75327567023524, "params": {"gamma": 8.260489346916343, "prior": 3.864045391930247, "rate": 6.317812340605414}, "datetime": {"datetime": "2024-06-14 04:54:13", "elapsed": 8.78464, "delta": 0.009973}}
{"target": -456.4507211567531, "params": {"gamma": 9.664147745107453, "prior": 5.691383729139698, "rate": 3.58975250674678}, "datetime": {"datetime": "2024-06-14 04:54:13", "elapsed": 8.793616, "delta": 0.008976}}
{"target": -248.24759685674857, "params": {"gamma": 6.1900821172926825, "prior": 5.067751868825378, "rate": 4.524310101530738}, "datetime": {"datetime": "2024-06-14 04:54:13", "elapsed": 8.802592, "delta": 0.008976}}
{"target": -389.1200722471437, "params": {"gamma": 7.32297507682793, "prior": 9.252650484842617, "rate": 4.793234881420612}, "datetime": {"datetime": "2024-06-14 04:54:13", "elapsed": 8.812566, "delta": 0.009974}}
{"target": -136.9403274469163, "params": {"gamma": 0.8832132798499579, "prior": 5.739570211172332, "rate": 2.450263600293229}, "datetime": {"datetime": "2024-06-14 04:54:13", "elapsed": 8.821541, "delta": 0.008975}}
{"target": -141.06342539614863, "params": {"gamma": 0.3967395368422162, "prior": 7.902588045772463, "rate": 2.728409598411216}, "datetime": {"datetime": "2024-06-14 04:54:13", "elapsed": 8.830517, "delta": 0.008976}}
{"target": -367.0931605135393, "params": {"gamma": 7.7709278589308965, "prior": 4.933268536573228, "rate": 3.1800409748600784}, "datetime": {"datetime": "2024-06-14 04:54:13", "elapsed": 8.84049, "delta": 0.009973}}
{"target": -143.66464830569723, "params": {"gamma": 3.1409404750589167, "prior": 0.516045124852533, "rate": 5.344463969208603}, "datetime": {"datetime": "2024-06-14 04:54:13", "elapsed": 8.849545, "delta": 0.009055}}
{"target": -263.4279632381231, "params": {"gamma": 8.235692008411606, "prior": 0.9305639897438418, "rate": 1.0864784973815673}, "datetime": {"datetime": "2024-06-14 04:54:13", "elapsed": 8.858521, "delta": 0.008976}}
{"target": -202.05648879712896, "params": {"gamma": 5.293030012750302, "prior": 6.635403915273608, "rate": 6.947765177374281}, "datetime": {"datetime": "2024-06-14 04:54:13", "elapsed": 8.868494, "delta": 0.009973}}
{"target": -140.8559259484781, "params": {"gamma": 3.1329037297737132, "prior": 0.47399998048085035, "rate": 4.146214234044257}, "datetime": {"datetime": "2024-06-14 04:54:13", "elapsed": 8.878468, "delta": 0.009974}}
{"target": -134.44405212744857, "params": {"gamma": 2.2612156645820662, "prior": 0.11103681949882596, "rate": 6.857480005685141}, "datetime": {"datetime": "2024-06-14 04:54:13", "elapsed": 8.887444, "delta": 0.008976}}
{"target": -401.6161376905305, "params": {"gamma": 9.520673328006277, "prior": 3.9724024292967792, "rate": 3.0036839952852596}, "datetime": {"datetime": "2024-06-14 04:54:13", "elapsed": 8.896474, "delta": 0.00903}}
{"target": -222.39784660605127, "params": {"gamma": 5.537964374290343, "prior": 8.534564954842326, "rate": 7.9498792795045405}, "datetime": {"datetime": "2024-06-14 04:54:13", "elapsed": 8.906447, "delta": 0.009973}}
{"target": -201.34129054097386, "params": {"gamma": 6.847882293080787, "prior": 4.377860203867094, "rate": 6.904649764523284}, "datetime": {"datetime": "2024-06-14 04:54:13", "elapsed": 8.915423, "delta": 0.008976}}
{"target": -109.81240409925036, "params": {"gamma": 2.161037487164819, "prior": 2.911040034677843, "rate": 7.778428288392944}, "datetime": {"datetime": "2024-06-14 04:54:13", "elapsed": 8.925396, "delta": 0.009973}}
{"target": -256.49372225646425, "params": {"gamma": 9.299871383327218, "prior": 1.9814900858052293, "rate": 2.9613368308929076}, "datetime": {"datetime": "2024-06-14 04:54:13", "elapsed": 8.934372, "delta": 0.008976}}
{"target": -147.47195541879395, "params": {"gamma": 0.06309646163797043, "prior": 4.372466228275976, "rate": 2.103740422454257}, "datetime": {"datetime": "2024-06-14 04:54:13", "elapsed": 8.943348, "delta": 0.008976}}
{"target": -479.80238743449087, "params": {"gamma": 6.414606400753661, "prior": 7.124933235213273, "rate": 1.188658366270452}, "datetime": {"datetime": "2024-06-14 04:54:13", "elapsed": 8.953322, "delta": 0.009974}}
{"target": -136.44157944680325, "params": {"gamma": 0.8223578763172843, "prior": 9.072717188845324, "rate": 3.8929983086548985}, "datetime": {"datetime": "2024-06-14 04:54:13", "elapsed": 8.962298, "delta": 0.008976}}
{"target": -237.05137154987958, "params": {"gamma": 5.334501569162878, "prior": 9.636091492645338, "rate": 7.590781068151137}, "datetime": {"datetime": "2024-06-14 04:54:13", "elapsed": 8.972274, "delta": 0.009976}}
{"target": -135.8670797506926, "params": {"gamma": 3.256077435692296, "prior": 0.9499080810909061, "rate": 5.360704142867423}, "datetime": {"datetime": "2024-06-14 04:54:13", "elapsed": 8.981249, "delta": 0.008975}}
{"target": -162.72766791692464, "params": {"gamma": 3.3619183039303744, "prior": 0.31468550480840884, "rate": 7.711752180204535}, "datetime": {"datetime": "2024-06-14 04:54:13", "elapsed": 8.991224, "delta": 0.009975}}
{"target": -151.2809230546289, "params": {"gamma": 3.849706389409975, "prior": 5.756079385581481, "rate": 7.557672815106508}, "datetime": {"datetime": "2024-06-14 04:54:13", "elapsed": 9.001226, "delta": 0.010002}}
{"target": -497.0852542979742, "params": {"gamma": 9.408533351590556, "prior": 6.161991152977763, "rate": 3.1546463916226513}, "datetime": {"datetime": "2024-06-14 04:54:13", "elapsed": 9.011172, "delta": 0.009946}}
{"target": -101.96645861225723, "params": {"gamma": 1.1016550019623323, "prior": 0.8317969903215949, "rate": 3.197588047953422}, "datetime": {"datetime": "2024-06-14 04:54:13", "elapsed": 9.020146, "delta": 0.008974}}
{"target": -433.87254250102427, "params": {"gamma": 6.608730550421095, "prior": 6.982005440804134, "rate": 2.0779726825898135}, "datetime": {"datetime": "2024-06-14 04:54:13", "elapsed": 9.030119, "delta": 0.009973}}
{"target": -110.25978218420575, "params": {"gamma": 0.8288765899448861, "prior": 3.1245555467317083, "rate": 5.476198023985873}, "datetime": {"datetime": "2024-06-14 04:54:13", "elapsed": 9.039095, "delta": 0.008976}}
{"target": -393.3385127645424, "params": {"gamma": 7.546942075074172, "prior": 5.343607473643421, "rate": 2.8705505437179983}, "datetime": {"datetime": "2024-06-14 04:54:13", "elapsed": 9.049068, "delta": 0.009973}}
{"target": -183.6259363685081, "params": {"gamma": 6.242173052915846, "prior": 2.7218828862443387, "rate": 6.527276450430897}, "datetime": {"datetime": "2024-06-14 04:54:13", "elapsed": 9.058044, "delta": 0.008976}}
{"target": -323.973380998839, "params": {"gamma": 8.419138180259552, "prior": 6.425583421647474, "rate": 5.656749058298363}, "datetime": {"datetime": "2024-06-14 04:54:13", "elapsed": 9.068021, "delta": 0.009977}}
{"target": -143.33565647568707, "params": {"gamma": 3.072113950599342, "prior": 8.780092695385816, "rate": 9.888230025288278}, "datetime": {"datetime": "2024-06-14 04:54:13", "elapsed": 9.077995, "delta": 0.009974}}
{"target": -533.5619287718915, "params": {"gamma": 7.775016832668201, "prior": 5.779074189947149, "rate": 1.4136520470773757}, "datetime": {"datetime": "2024-06-14 04:54:13", "elapsed": 9.087967, "delta": 0.009972}}
{"target": -166.41485696629098, "params": {"gamma": 3.1499752949036433, "prior": 3.731907254052719, "rate": 2.9196603150536307}, "datetime": {"datetime": "2024-06-14 04:54:13", "elapsed": 9.096943, "delta": 0.008976}}
{"target": -290.00721837907787, "params": {"gamma": 4.46008219467453, "prior": 6.145261916989693, "rate": 2.129932990561121}, "datetime": {"datetime": "2024-06-14 04:54:13", "elapsed": 9.106916, "delta": 0.009973}}
{"target": -114.19755447430184, "params": {"gamma": 2.4983477831127514, "prior": 1.2102897838888582, "rate": 3.07657830315885}, "datetime": {"datetime": "2024-06-14 04:54:13", "elapsed": 9.11689, "delta": 0.009974}}
{"target": -157.55896759165213, "params": {"gamma": 4.9749853375678486, "prior": 4.949097068629873, "rate": 9.955776541252115}, "datetime": {"datetime": "2024-06-14 04:54:13", "elapsed": 9.125866, "delta": 0.008976}}
{"target": -261.6214951615472, "params": {"gamma": 9.811104522073206, "prior": 4.421971439643317, "rate": 9.720234197281384}, "datetime": {"datetime": "2024-06-14 04:54:13", "elapsed": 9.134842, "delta": 0.008976}}
{"target": -137.29288966921524, "params": {"gamma": 2.1447646438539647, "prior": 5.457096772478638, "rate": 4.534899709382847}, "datetime": {"datetime": "2024-06-14 04:54:13", "elapsed": 9.144816, "delta": 0.009974}}
{"target": -653.001323494344, "params": {"gamma": 9.67612136622795, "prior": 8.37814460904005, "rate": 2.142255100882632}, "datetime": {"datetime": "2024-06-14 04:54:13", "elapsed": 9.154788, "delta": 0.009972}}
{"target": -147.70472353018863, "params": {"gamma": 4.395951482451757, "prior": 1.7679220192998268, "rate": 5.29134301734205}, "datetime": {"datetime": "2024-06-14 04:54:13", "elapsed": 9.163765, "delta": 0.008977}}
{"target": -248.6845533253069, "params": {"gamma": 7.935053256996167, "prior": 0.45520357476356577, "rate": 1.9143974164796644}, "datetime": {"datetime": "2024-06-14 04:54:13", "elapsed": 9.173738, "delta": 0.009973}}
{"target": -484.16637934920743, "params": {"gamma": 9.77457818836577, "prior": 9.611893329604383, "rate": 5.566359999361917}, "datetime": {"datetime": "2024-06-14 04:54:13", "elapsed": 9.182714, "delta": 0.008976}}
{"target": -198.79702462036278, "params": {"gamma": 6.461261124237896, "prior": 2.7937208415034163, "rate": 9.520958766042686}, "datetime": {"datetime": "2024-06-14 04:54:13", "elapsed": 9.19169, "delta": 0.008976}}
{"target": -606.4900630186709, "params": {"gamma": 6.698078288466073, "prior": 6.701399151873741, "rate": 0.11202223036585872}, "datetime": {"datetime": "2024-06-14 04:54:13", "elapsed": 9.201663, "delta": 0.009973}}
{"target": -328.42941785611856, "params": {"gamma": 8.529845528647078, "prior": 7.805429564933998, "rate": 6.849555045051163}, "datetime": {"datetime": "2024-06-14 04:54:13", "elapsed": 9.211563, "delta": 0.0099}}
{"target": -236.12614591673264, "params": {"gamma": 7.4080773483828315, "prior": 1.6500670035239342, "rate": 7.188031753433652}, "datetime": {"datetime": "2024-06-14 04:54:13", "elapsed": 9.220539, "delta": 0.008976}}
{"target": -193.92776031957246, "params": {"gamma": 0.9690872885214075, "prior": 7.098799535582478, "rate": 0.027315329458906884}, "datetime": {"datetime": "2024-06-14 04:54:13", "elapsed": 9.230512, "delta": 0.009973}}
{"target": -454.0100919706578, "params": {"gamma": 7.76228166881635, "prior": 4.96641612933724, "rate": 2.044664276112351}, "datetime": {"datetime": "2024-06-14 04:54:13", "elapsed": 9.239488, "delta": 0.008976}}
{"target": -210.62063447830312, "params": {"gamma": 7.292736897839507, "prior": 3.2249759046532924, "rate": 8.83829208238512}, "datetime": {"datetime": "2024-06-14 04:54:13", "elapsed": 9.249463, "delta": 0.009975}}
{"target": -123.44116177332567, "params": {"gamma": 1.803155018796988, "prior": 9.39165147743165, "rate": 9.707530730383564}, "datetime": {"datetime": "2024-06-14 04:54:13", "elapsed": 9.259064, "delta": 0.009601}}
