{"target": -181.3577559418973, "params": {"gamma": 3.0455479552792557, "prior": 8.63861535707258, "rate": 8.421949009551232}, "datetime": {"datetime": "2024-06-14 19:13:34", "elapsed": 9.37788, "delta": 0.009974}}
{"target": -215.903061588273, "params": {"gamma": 4.246702488235933, "prior": 3.7004756377425694, "rate": 2.825092294877215}, "datetime": {"datetime": "2024-06-14 19:13:34", "elapsed": 9.386855, "delta": 0.008975}}
{"target": -527.8015571997689, "params": {"gamma": 9.93237460787099, "prior": 2.6319351668238067, "rate": 9.206835301993463}, "datetime": {"datetime": "2024-06-14 19:13:34", "elapsed": 9.396829, "delta": 0.009974}}
{"target": -220.3333784532087, "params": {"gamma": 4.283923802383466, "prior": 9.360727422179947, "rate": 8.38860949714763}, "datetime": {"datetime": "2024-06-14 19:13:34", "elapsed": 9.405804, "delta": 0.008975}}
{"target": -148.28104364911204, "params": {"gamma": 1.5586174788295128, "prior": 5.785405208073743, "rate": 6.7353566438421755}, "datetime": {"datetime": "2024-06-14 19:13:34", "elapsed": 9.415778, "delta": 0.009974}}
{"target": -274.6005506896942, "params": {"gamma": 4.058798239584453, "prior": 0.14828274037404324, "rate": 3.2539879663598352}, "datetime": {"datetime": "2024-06-14 19:13:34", "elapsed": 9.424754, "delta": 0.008976}}
{"target": -402.7681849633444, "params": {"gamma": 8.389610534784513, "prior": 0.7219574041509673, "rate": 1.0550920446467325}, "datetime": {"datetime": "2024-06-14 19:13:34", "elapsed": 9.434727, "delta": 0.009973}}
{"target": -324.9657006359334, "params": {"gamma": 7.0181716777726475, "prior": 5.190166850786258, "rate": 4.9821700831201285}, "datetime": {"datetime": "2024-06-14 19:13:34", "elapsed": 9.444701, "delta": 0.009974}}
{"target": -209.78315324345388, "params": {"gamma": 3.736723579545134, "prior": 6.074784805046058, "rate": 8.514836200003508}, "datetime": {"datetime": "2024-06-14 19:13:34", "elapsed": 9.453677, "delta": 0.008976}}
{"target": -167.5014602894738, "params": {"gamma": 2.7699536416334585, "prior": 8.463137492151986, "rate": 4.166774866572612}, "datetime": {"datetime": "2024-06-14 19:13:34", "elapsed": 9.46365, "delta": 0.009973}}
{"target": -227.08098898703182, "params": {"gamma": 5.010339139927012, "prior": 7.323271447824984, "rate": 2.5879583533585664}, "datetime": {"datetime": "2024-06-14 19:13:34", "elapsed": 9.473623, "delta": 0.009973}}
{"target": -407.4295361150733, "params": {"gamma": 9.216447549642744, "prior": 7.050487695865598, "rate": 6.189685300551793}, "datetime": {"datetime": "2024-06-14 19:13:34", "elapsed": 9.482599, "delta": 0.008976}}
{"target": -164.96746683098803, "params": {"gamma": 2.7308153642818653, "prior": 6.988899717958515, "rate": 2.5728902697861002}, "datetime": {"datetime": "2024-06-14 19:13:34", "elapsed": 9.492572, "delta": 0.009973}}
{"target": -474.9937177215157, "params": {"gamma": 8.164710250604447, "prior": 0.21357730472677, "rate": 1.6662098984717895}, "datetime": {"datetime": "2024-06-14 19:13:34", "elapsed": 9.501548, "delta": 0.008976}}
{"target": -259.4826158362197, "params": {"gamma": 5.578732058631829, "prior": 7.151581896064771, "rate": 4.925314058477191}, "datetime": {"datetime": "2024-06-14 19:13:34", "elapsed": 9.511522, "delta": 0.009974}}
{"target": -358.88298627456953, "params": {"gamma": 8.77821720529802, "prior": 9.761112381872845, "rate": 4.643306398374889}, "datetime": {"datetime": "2024-06-14 19:13:34", "elapsed": 9.521495, "delta": 0.009973}}
{"target": -367.2792948309298, "params": {"gamma": 7.680101807848576, "prior": 4.99824412495192, "rate": 6.651322684579871}, "datetime": {"datetime": "2024-06-14 19:13:34", "elapsed": 9.530472, "delta": 0.008977}}
{"target": -178.06732037721474, "params": {"gamma": 2.2495249246936897, "prior": 1.1844630004410581, "rate": 9.790110366804328}, "datetime": {"datetime": "2024-06-14 19:13:34", "elapsed": 9.540444, "delta": 0.009972}}
{"target": -409.2959968343909, "params": {"gamma": 8.150131602400142, "prior": 2.925296971250357, "rate": 5.858698015894784}, "datetime": {"datetime": "2024-06-14 19:13:34", "elapsed": 9.54942, "delta": 0.008976}}
{"target": -221.44600600031782, "params": {"gamma": 3.8013319815826336, "prior": 1.8457466036216705, "rate": 4.188932595381877}, "datetime": {"datetime": "2024-06-14 19:13:34", "elapsed": 9.558396, "delta": 0.008976}}
{"target": -213.4419867863366, "params": {"gamma": 2.9725807541730793, "prior": 0.2645786546757686, "rate": 3.8742957016810964}, "datetime": {"datetime": "2024-06-14 19:13:34", "elapsed": 9.568369, "delta": 0.009973}}
{"target": -393.34053529684167, "params": {"gamma": 9.209209125043717, "prior": 8.299182561203743, "rate": 5.741173477210314}, "datetime": {"datetime": "2024-06-14 19:13:34", "elapsed": 9.578343, "delta": 0.009974}}
{"target": -206.13286743586704, "params": {"gamma": 3.1871500009390448, "prior": 2.3895165193658316, "rate": 9.560239816725709}, "datetime": {"datetime": "2024-06-14 19:13:34", "elapsed": 9.587319, "delta": 0.008976}}
{"target": -276.4413304824661, "params": {"gamma": 5.646536380588049, "prior": 2.254292505235319, "rate": 2.4955710289351303}, "datetime": {"datetime": "2024-06-14 19:13:34", "elapsed": 9.597292, "delta": 0.009973}}
{"target": -382.9598932237351, "params": {"gamma": 9.59600242910666, "prior": 2.464259919634281, "rate": 1.068034169467023}, "datetime": {"datetime": "2024-06-14 19:13:34", "elapsed": 9.606268, "delta": 0.008976}}
{"target": -151.60854939414244, "params": {"gamma": 1.840435435586939, "prior": 7.685625588487398, "rate": 7.087933795056683}, "datetime": {"datetime": "2024-06-14 19:13:34", "elapsed": 9.616242, "delta": 0.009974}}
{"target": -217.32131280616454, "params": {"gamma": 4.379981305846461, "prior": 7.958664620452609, "rate": 5.1756094087340525}, "datetime": {"datetime": "2024-06-14 19:13:34", "elapsed": 9.625218, "delta": 0.008976}}
{"target": -257.91390255575607, "params": {"gamma": 4.136568013129941, "prior": 1.262675168653137, "rate": 8.839226748297556}, "datetime": {"datetime": "2024-06-14 19:13:34", "elapsed": 9.635191, "delta": 0.009973}}
{"target": -178.57641467675037, "params": {"gamma": 2.7566565508887577, "prior": 6.200981160965617, "rate": 9.8458132098281}, "datetime": {"datetime": "2024-06-14 19:13:34", "elapsed": 9.644196, "delta": 0.009005}}
{"target": -151.03939523083085, "params": {"gamma": 1.8949908024154942, "prior": 9.655361118751124, "rate": 6.527500968888528}, "datetime": {"datetime": "2024-06-14 19:13:34", "elapsed": 9.65414, "delta": 0.009944}}
{"target": -145.31008660598138, "params": {"gamma": 1.28818731436088, "prior": 7.742078746123179, "rate": 9.51780600679268}, "datetime": {"datetime": "2024-06-14 19:13:34", "elapsed": 9.663117, "delta": 0.008977}}
{"target": -234.71316722760017, "params": {"gamma": 5.628242716344561, "prior": 6.916696477605665, "rate": 0.26445244082095803}, "datetime": {"datetime": "2024-06-14 19:13:34", "elapsed": 9.67309, "delta": 0.009973}}
{"target": -351.0594742495567, "params": {"gamma": 9.890767779393961, "prior": 3.252725486155457, "rate": 0.24001388988282726}, "datetime": {"datetime": "2024-06-14 19:13:35", "elapsed": 9.683064, "delta": 0.009974}}
{"target": -355.46386188975123, "params": {"gamma": 8.08583294059341, "prior": 9.735200262493974, "rate": 7.376147510656895}, "datetime": {"datetime": "2024-06-14 19:13:35", "elapsed": 9.692039, "delta": 0.008975}}
{"target": -151.90400304947832, "params": {"gamma": 0.028355324647958178, "prior": 0.7272690626029495, "rate": 5.843109782870581}, "datetime": {"datetime": "2024-06-14 19:13:35", "elapsed": 9.702013, "delta": 0.009974}}
{"target": -191.15372821159121, "params": {"gamma": 3.3578153624482754, "prior": 8.830151459442787, "rate": 8.736820024200027}, "datetime": {"datetime": "2024-06-14 19:13:35", "elapsed": 9.711986, "delta": 0.009973}}
{"target": -455.60815712914365, "params": {"gamma": 9.875201568135711, "prior": 7.186736493818677, "rate": 8.768960114386706}, "datetime": {"datetime": "2024-06-14 19:13:35", "elapsed": 9.720962, "delta": 0.008976}}
{"target": -214.5649140108635, "params": {"gamma": 3.197181468508664, "prior": 1.20065182400608, "rate": 8.653775693718016}, "datetime": {"datetime": "2024-06-14 19:13:35", "elapsed": 9.730935, "delta": 0.009973}}
{"target": -186.8734466725706, "params": {"gamma": 3.035422507017289, "prior": 4.251389751852173, "rate": 6.460656540458656}, "datetime": {"datetime": "2024-06-14 19:13:35", "elapsed": 9.739911, "delta": 0.008976}}
{"target": -285.2825745782596, "params": {"gamma": 6.051386242420971, "prior": 4.267138536697311, "rate": 3.862118968194065}, "datetime": {"datetime": "2024-06-14 19:13:35", "elapsed": 9.749884, "delta": 0.009973}}
{"target": -142.49682225727946, "params": {"gamma": 1.227687737548204, "prior": 5.385232654603825, "rate": 2.329308118342716}, "datetime": {"datetime": "2024-06-14 19:13:35", "elapsed": 9.758861, "delta": 0.008977}}
{"target": -288.2003313367836, "params": {"gamma": 7.548323703153514, "prior": 6.78121878322855, "rate": 0.7201977211273354}, "datetime": {"datetime": "2024-06-14 19:13:35", "elapsed": 9.768834, "delta": 0.009973}}
{"target": -376.02451974194423, "params": {"gamma": 9.892657582673268, "prior": 7.826523662185978, "rate": 2.279031043019085}, "datetime": {"datetime": "2024-06-14 19:13:35", "elapsed": 9.777811, "delta": 0.008977}}
{"target": -146.79234940224697, "params": {"gamma": 0.30839744067862085, "prior": 4.835881127609816, "rate": 3.5280716325732393}, "datetime": {"datetime": "2024-06-14 19:13:35", "elapsed": 9.787783, "delta": 0.009972}}
{"target": -271.9837392504833, "params": {"gamma": 5.465568482142916, "prior": 6.630673158706719, "rate": 7.972400853780025}, "datetime": {"datetime": "2024-06-14 19:13:35", "elapsed": 9.796759, "delta": 0.008976}}
{"target": -149.63186127251004, "params": {"gamma": 0.1364299240444373, "prior": 7.171525587400897, "rate": 2.95384434705289}, "datetime": {"datetime": "2024-06-14 19:13:35", "elapsed": 9.806733, "delta": 0.009974}}
{"target": -415.4214982235133, "params": {"gamma": 9.864039353798532, "prior": 8.47779313281904, "rate": 5.604451409666734}, "datetime": {"datetime": "2024-06-14 19:13:35", "elapsed": 9.816706, "delta": 0.009973}}
{"target": -290.23373400159693, "params": {"gamma": 5.9780590880830164, "prior": 2.001549162745117, "rate": 2.263289634282068}, "datetime": {"datetime": "2024-06-14 19:13:35", "elapsed": 9.82668, "delta": 0.009974}}
{"target": -144.31305713387755, "params": {"gamma": 1.5409777702011733, "prior": 3.8403541198979734, "rate": 1.1204424879714694}, "datetime": {"datetime": "2024-06-14 19:13:35", "elapsed": 9.836197, "delta": 0.009517}}
{"target": -223.82395531756754, "params": {"gamma": 5.113217663448985, "prior": 6.420931758475319, "rate": 1.2230015699915957}, "datetime": {"datetime": "2024-06-14 19:13:35", "elapsed": 9.84617, "delta": 0.009973}}
{"target": -224.2577552453109, "params": {"gamma": 3.442619392943751, "prior": 0.7964440088835576, "rate": 5.25808611153342}, "datetime": {"datetime": "2024-06-14 19:13:35", "elapsed": 9.856143, "delta": 0.009973}}
{"target": -317.2774305752552, "params": {"gamma": 6.503247402260852, "prior": 6.193174199613517, "rate": 8.138881758532042}, "datetime": {"datetime": "2024-06-14 19:13:35", "elapsed": 9.86512, "delta": 0.008977}}
{"target": -158.17758175347882, "params": {"gamma": 2.3564267987877012, "prior": 6.220000234220411, "rate": 3.028982363807174}, "datetime": {"datetime": "2024-06-14 19:13:35", "elapsed": 9.876936, "delta": 0.011816}}
{"target": -141.61672001666207, "params": {"gamma": 0.8885882930853439, "prior": 3.1220885685015505, "rate": 0.7144933929712171}, "datetime": {"datetime": "2024-06-14 19:13:35", "elapsed": 9.888904, "delta": 0.011968}}
{"target": -348.33167020665434, "params": {"gamma": 9.585783535985689, "prior": 7.2989378057766, "rate": 1.0155071173822163}, "datetime": {"datetime": "2024-06-14 19:13:35", "elapsed": 9.898878, "delta": 0.009974}}
{"target": -408.08728584283614, "params": {"gamma": 7.862906954163588, "prior": 3.5863380649556653, "rate": 9.1144399680976}, "datetime": {"datetime": "2024-06-14 19:13:35", "elapsed": 9.908851, "delta": 0.009973}}
{"target": -221.57286638423506, "params": {"gamma": 4.955478850036387, "prior": 8.739657957550234, "rate": 2.206077417642493}, "datetime": {"datetime": "2024-06-14 19:13:35", "elapsed": 9.918912, "delta": 0.010061}}
{"target": -186.45412592920363, "params": {"gamma": 3.6725560667067523, "prior": 3.731685727367989, "rate": 0.9722296833512493}, "datetime": {"datetime": "2024-06-14 19:13:35", "elapsed": 9.928527, "delta": 0.009615}}
{"target": -185.19085758795524, "params": {"gamma": 3.310813326223882, "prior": 6.6311270580041155, "rate": 4.665968370246033}, "datetime": {"datetime": "2024-06-14 19:13:35", "elapsed": 9.937503, "delta": 0.008976}}
{"target": -412.55563271138294, "params": {"gamma": 8.792436465874568, "prior": 2.769735637264448, "rate": 3.5488386678677664}, "datetime": {"datetime": "2024-06-14 19:13:35", "elapsed": 9.947476, "delta": 0.009973}}
{"target": -175.87614703670323, "params": {"gamma": 3.2042225472159718, "prior": 5.562205909154905, "rate": 1.8830059366472722}, "datetime": {"datetime": "2024-06-14 19:13:35", "elapsed": 9.956452, "delta": 0.008976}}
{"target": -146.96421225071646, "params": {"gamma": 1.7332694708102208, "prior": 9.4008710496637, "rate": 3.767100489749554}, "datetime": {"datetime": "2024-06-14 19:13:35", "elapsed": 9.966425, "delta": 0.009973}}
{"target": -309.2298005387308, "params": {"gamma": 5.871394250695616, "prior": 0.6460056416863561, "rate": 1.409439110996769}, "datetime": {"datetime": "2024-06-14 19:13:35", "elapsed": 9.975402, "delta": 0.008977}}
{"target": -141.41310110444812, "params": {"gamma": 0.964489160060572, "prior": 8.139944122785648, "rate": 1.0323646790520586}, "datetime": {"datetime": "2024-06-14 19:13:35", "elapsed": 9.985375, "delta": 0.009973}}
{"target": -270.42294739493605, "params": {"gamma": 5.163644140749812, "prior": 1.6402211901215338, "rate": 2.7888887375330564}, "datetime": {"datetime": "2024-06-14 19:13:35", "elapsed": 9.994352, "delta": 0.008977}}
{"target": -424.03879261414863, "params": {"gamma": 8.826137423028198, "prior": 6.352778274796015, "rate": 9.636663439420486}, "datetime": {"datetime": "2024-06-14 19:13:35", "elapsed": 10.004325, "delta": 0.009973}}
{"target": -384.9594112520276, "params": {"gamma": 5.997543941794315, "prior": 0.19424519054392425, "rate": 4.156994414198696}, "datetime": {"datetime": "2024-06-14 19:13:35", "elapsed": 10.014297, "delta": 0.009972}}
{"target": -148.22665679058082, "params": {"gamma": 0.22539510183243922, "prior": 3.20844484766477, "rate": 4.816767682276697}, "datetime": {"datetime": "2024-06-14 19:13:35", "elapsed": 10.023274, "delta": 0.008977}}
{"target": -305.3274734942825, "params": {"gamma": 5.755017951896957, "prior": 2.4626370089964063, "rate": 5.583307497898072}, "datetime": {"datetime": "2024-06-14 19:13:35", "elapsed": 10.033029, "delta": 0.009755}}
{"target": -196.84706429845286, "params": {"gamma": 3.949806420938232, "prior": 5.115163656318577, "rate": 1.9604741784106727}, "datetime": {"datetime": "2024-06-14 19:13:35", "elapsed": 10.043002, "delta": 0.009973}}
{"target": -145.19726224679562, "params": {"gamma": 1.5683593484243095, "prior": 7.5697183752636255, "rate": 3.3004023148263886}, "datetime": {"datetime": "2024-06-14 19:13:35", "elapsed": 10.051978, "delta": 0.008976}}
{"target": -322.108449029959, "params": {"gamma": 6.442312729689626, "prior": 5.698010406246365, "rate": 8.995409627944824}, "datetime": {"datetime": "2024-06-14 19:13:35", "elapsed": 10.061952, "delta": 0.009974}}
{"target": -358.0767195008803, "params": {"gamma": 8.806955495452243, "prior": 4.486802863235155, "rate": 2.048146129836078}, "datetime": {"datetime": "2024-06-14 19:13:35", "elapsed": 10.070927, "delta": 0.008975}}
{"target": -302.2575464067288, "params": {"gamma": 6.322291560542967, "prior": 6.404676155930846, "rate": 6.92448261628265}, "datetime": {"datetime": "2024-06-14 19:13:35", "elapsed": 10.080901, "delta": 0.009974}}
{"target": -396.19477180505794, "params": {"gamma": 9.074824554145266, "prior": 7.847551682641525, "rate": 6.253284067622613}, "datetime": {"datetime": "2024-06-14 19:13:35", "elapsed": 10.090516, "delta": 0.009615}}
{"target": -326.190669101475, "params": {"gamma": 6.010054988385501, "prior": 2.2063144570746065, "rate": 6.514002254616683}, "datetime": {"datetime": "2024-06-14 19:13:35", "elapsed": 10.10049, "delta": 0.009974}}
{"target": -371.4766839631944, "params": {"gamma": 8.145187207595269, "prior": 9.230992560443674, "rate": 9.166584470697245}, "datetime": {"datetime": "2024-06-14 19:13:35", "elapsed": 10.109465, "delta": 0.008975}}
{"target": -279.0256200543938, "params": {"gamma": 5.611426959920494, "prior": 2.6723563598308284, "rate": 3.338640770780343}, "datetime": {"datetime": "2024-06-14 19:13:35", "elapsed": 10.119438, "delta": 0.009973}}
{"target": -475.9224421137191, "params": {"gamma": 9.977625893322635, "prior": 5.303418103356411, "rate": 8.159250821705387}, "datetime": {"datetime": "2024-06-14 19:13:35", "elapsed": 10.129041, "delta": 0.009603}}
{"target": -273.0615011501914, "params": {"gamma": 5.970564861657937, "prior": 5.1186108345504335, "rate": 3.4860476134416722}, "datetime": {"datetime": "2024-06-14 19:13:35", "elapsed": 10.138591, "delta": 0.00955}}
{"target": -368.4816577270369, "params": {"gamma": 5.378167511784794, "prior": 0.16667359924261277, "rate": 8.766981380159143}, "datetime": {"datetime": "2024-06-14 19:13:35", "elapsed": 10.148564, "delta": 0.009973}}
{"target": -365.39480199888226, "params": {"gamma": 5.615303328845261, "prior": 0.340386110714318, "rate": 8.181929278566322}, "datetime": {"datetime": "2024-06-14 19:13:35", "elapsed": 10.15754, "delta": 0.008976}}
{"target": -154.3071069250975, "params": {"gamma": 1.3544085542298703, "prior": 0.4033231110996103, "rate": 4.623891705947023}, "datetime": {"datetime": "2024-06-14 19:13:35", "elapsed": 10.167514, "delta": 0.009974}}
{"target": -403.8431982923589, "params": {"gamma": 9.606606296174677, "prior": 1.0267810597935034, "rate": 0.656919562834297}, "datetime": {"datetime": "2024-06-14 19:13:35", "elapsed": 10.176489, "delta": 0.008975}}
{"target": -398.1114804905323, "params": {"gamma": 8.799475826643015, "prior": 8.231583211278556, "rate": 8.199874253028593}, "datetime": {"datetime": "2024-06-14 19:13:35", "elapsed": 10.186463, "delta": 0.009974}}
{"target": -235.00743742911146, "params": {"gamma": 4.678712660105902, "prior": 4.3321717361492516, "rate": 4.011281986039528}, "datetime": {"datetime": "2024-06-14 19:13:35", "elapsed": 10.196437, "delta": 0.009974}}
{"target": -282.251902025205, "params": {"gamma": 5.822568206350932, "prior": 7.316809626823501, "rate": 7.843135731493912}, "datetime": {"datetime": "2024-06-14 19:13:35", "elapsed": 10.205413, "delta": 0.008976}}
{"target": -296.17482617720754, "params": {"gamma": 6.548337076416619, "prior": 5.668415030292531, "rate": 4.1245136895947505}, "datetime": {"datetime": "2024-06-14 19:13:35", "elapsed": 10.216383, "delta": 0.01097}}
{"target": -186.49102679063733, "params": {"gamma": 3.1998307053765016, "prior": 2.9338531489792334, "rate": 2.9624710073123492}, "datetime": {"datetime": "2024-06-14 19:13:35", "elapsed": 10.226385, "delta": 0.010002}}
{"target": -309.22376686037853, "params": {"gamma": 6.827845908778269, "prior": 7.648167703379835, "rate": 5.976600250112773}, "datetime": {"datetime": "2024-06-14 19:13:35", "elapsed": 10.236597, "delta": 0.010212}}
{"target": -171.10967185382762, "params": {"gamma": 2.229416058643355, "prior": 2.0245107029967566, "rate": 7.657095501588769}, "datetime": {"datetime": "2024-06-14 19:13:35", "elapsed": 10.24657, "delta": 0.009973}}
{"target": -575.877301296646, "params": {"gamma": 9.786959495931479, "prior": 0.257508619766369, "rate": 2.489732521683815}, "datetime": {"datetime": "2024-06-14 19:13:35", "elapsed": 10.255546, "delta": 0.008976}}
{"target": -317.9117112210079, "params": {"gamma": 7.923336404835708, "prior": 7.219736447758213, "rate": 2.4605535974366086}, "datetime": {"datetime": "2024-06-14 19:13:35", "elapsed": 10.269509, "delta": 0.013963}}
{"target": -275.85978489676256, "params": {"gamma": 5.549368918377377, "prior": 5.897299361580305, "rate": 7.21412138219565}, "datetime": {"datetime": "2024-06-14 19:13:35", "elapsed": 10.28048, "delta": 0.010971}}
{"target": -228.7666348055487, "params": {"gamma": 4.637273438415798, "prior": 4.1079998680749545, "rate": 3.080786698738075}, "datetime": {"datetime": "2024-06-14 19:13:35", "elapsed": 10.289456, "delta": 0.008976}}
{"target": -180.62091147497344, "params": {"gamma": 2.3838507751598206, "prior": 1.0157832456909792, "rate": 6.4591879907890055}, "datetime": {"datetime": "2024-06-14 19:13:35", "elapsed": 10.299429, "delta": 0.009973}}
{"target": -263.907596661787, "params": {"gamma": 6.696034914953822, "prior": 6.904700391776786, "rate": 0.03245405892326011}, "datetime": {"datetime": "2024-06-14 19:13:35", "elapsed": 10.309402, "delta": 0.009973}}
{"target": -258.31978584631287, "params": {"gamma": 4.383092072177341, "prior": 1.3132783126224954, "rate": 5.266566747727368}, "datetime": {"datetime": "2024-06-14 19:13:35", "elapsed": 10.318378, "delta": 0.008976}}
{"target": -420.01608835656174, "params": {"gamma": 9.797416469397842, "prior": 5.042842408537047, "rate": 3.747125142755934}, "datetime": {"datetime": "2024-06-14 19:13:35", "elapsed": 10.328363, "delta": 0.009985}}
{"target": -320.7924510620164, "params": {"gamma": 8.13858608395356, "prior": 9.685194238622525, "rate": 2.8719466519104246}, "datetime": {"datetime": "2024-06-14 19:13:35", "elapsed": 10.338328, "delta": 0.009965}}
{"target": -301.97568927772613, "params": {"gamma": 8.030197397425262, "prior": 9.96180022989637, "rate": 1.1191305732763266}, "datetime": {"datetime": "2024-06-14 19:13:35", "elapsed": 10.348302, "delta": 0.009974}}
