{"target": -520.1041943077005, "params": {"gamma": 6.687743802830694, "prior": 8.370179976185053, "rate": 9.648000771149587}, "datetime": {"datetime": "2024-06-14 12:31:25", "elapsed": 17.46949, "delta": 0.010969}}
{"target": -178.44232041819424, "params": {"gamma": 1.2693322409733296, "prior": 5.2807820848604825, "rate": 8.506259835578277}, "datetime": {"datetime": "2024-06-14 12:31:25", "elapsed": 17.479465, "delta": 0.009975}}
{"target": -424.44241959180744, "params": {"gamma": 5.376554931110454, "prior": 7.327460113254701, "rate": 7.854811002586698}, "datetime": {"datetime": "2024-06-14 12:31:25", "elapsed": 17.490434, "delta": 0.010969}}
{"target": -648.5443901200114, "params": {"gamma": 8.36611885215124, "prior": 6.698671028783691, "rate": 8.977494158102747}, "datetime": {"datetime": "2024-06-14 12:31:25", "elapsed": 17.501404, "delta": 0.01097}}
{"target": -487.44745802880294, "params": {"gamma": 6.4782645488662265, "prior": 9.451910164511617, "rate": 6.293354520653859}, "datetime": {"datetime": "2024-06-14 12:31:25", "elapsed": 17.511378, "delta": 0.009974}}
{"target": -638.2882368129574, "params": {"gamma": 8.724413810278625, "prior": 5.996988068238829, "rate": 3.4441454939220204}, "datetime": {"datetime": "2024-06-14 12:31:26", "elapsed": 17.521352, "delta": 0.009974}}
{"target": -570.4698092281443, "params": {"gamma": 8.134761405617539, "prior": 4.380572177078845, "rate": 1.26633005871915}, "datetime": {"datetime": "2024-06-14 12:31:26", "elapsed": 17.532322, "delta": 0.01097}}
{"target": -712.1267990238955, "params": {"gamma": 9.685718757922707, "prior": 8.540378886592336, "rate": 5.613032976457021}, "datetime": {"datetime": "2024-06-14 12:31:26", "elapsed": 17.542295, "delta": 0.009973}}
{"target": -464.63537214238966, "params": {"gamma": 6.70645236332923, "prior": 9.97746979690073, "rate": 1.6139258941379875}, "datetime": {"datetime": "2024-06-14 12:31:26", "elapsed": 17.552269, "delta": 0.009974}}
{"target": -428.8812906069404, "params": {"gamma": 5.345865061083275, "prior": 3.9706892074339746, "rate": 5.411934552410746}, "datetime": {"datetime": "2024-06-14 12:31:26", "elapsed": 17.56324, "delta": 0.010971}}
{"target": -168.05999206670896, "params": {"gamma": 1.0346751548979976, "prior": 4.463348355283198, "rate": 4.615179910338178}, "datetime": {"datetime": "2024-06-14 12:31:26", "elapsed": 17.573651, "delta": 0.010411}}
{"target": -459.96155932108536, "params": {"gamma": 5.959320550265768, "prior": 6.657514292740112, "rate": 5.9019035859365445}, "datetime": {"datetime": "2024-06-14 12:31:26", "elapsed": 17.584132, "delta": 0.010481}}
{"target": -548.8711796355028, "params": {"gamma": 7.294098218201382, "prior": 5.850935976242481, "rate": 4.431587983023527}, "datetime": {"datetime": "2024-06-14 12:31:26", "elapsed": 17.5951, "delta": 0.010968}}
{"target": -377.20351094373797, "params": {"gamma": 4.968387656954369, "prior": 4.3578792885960675, "rate": 2.1015284571954447}, "datetime": {"datetime": "2024-06-14 12:31:26", "elapsed": 17.605074, "delta": 0.009974}}
{"target": -222.4481736891465, "params": {"gamma": 2.268784360438243, "prior": 4.628147893294655, "rate": 4.336093573615487}, "datetime": {"datetime": "2024-06-14 12:31:26", "elapsed": 17.615047, "delta": 0.009973}}
{"target": -612.5154355616252, "params": {"gamma": 7.793058306926475, "prior": 4.266497925247028, "rate": 6.734009957010978}, "datetime": {"datetime": "2024-06-14 12:31:26", "elapsed": 17.626018, "delta": 0.010971}}
{"target": -191.62209846188446, "params": {"gamma": 1.6612208005950855, "prior": 8.258183945490565, "rate": 6.8543823546258436}, "datetime": {"datetime": "2024-06-14 12:31:26", "elapsed": 17.635991, "delta": 0.009973}}
{"target": -625.1014982962142, "params": {"gamma": 7.890734933535461, "prior": 3.6588964274812152, "rate": 6.62582745539401}, "datetime": {"datetime": "2024-06-14 12:31:26", "elapsed": 17.645966, "delta": 0.009975}}
{"target": -218.52362977828815, "params": {"gamma": 2.1716875482551337, "prior": 2.287957296922715, "rate": 2.4253252674042707}, "datetime": {"datetime": "2024-06-14 12:31:26", "elapsed": 17.656935, "delta": 0.010969}}
{"target": -253.99330430785713, "params": {"gamma": 2.646618581923333, "prior": 4.143278360424636, "rate": 8.287125786730796}, "datetime": {"datetime": "2024-06-14 12:31:26", "elapsed": 17.666908, "delta": 0.009973}}
{"target": -645.3705399744092, "params": {"gamma": 9.474248122372826, "prior": 6.361334167652156, "rate": 1.348256625665745}, "datetime": {"datetime": "2024-06-14 12:31:26", "elapsed": 17.676882, "delta": 0.009974}}
{"target": -322.76695528066426, "params": {"gamma": 4.200514533381073, "prior": 9.36823535020746, "rate": 3.206122209008569}, "datetime": {"datetime": "2024-06-14 12:31:26", "elapsed": 17.687854, "delta": 0.010972}}
{"target": -458.8864325990812, "params": {"gamma": 6.1931905794918185, "prior": 9.357823108034191, "rate": 4.607362678122438}, "datetime": {"datetime": "2024-06-14 12:31:26", "elapsed": 17.697826, "delta": 0.009972}}
{"target": -396.9922938889112, "params": {"gamma": 5.004490142114326, "prior": 9.19506772656131, "rate": 9.298305886525743}, "datetime": {"datetime": "2024-06-14 12:31:26", "elapsed": 17.708798, "delta": 0.010972}}
{"target": -695.1856577312313, "params": {"gamma": 9.04496424702233, "prior": 5.184981853710656, "rate": 6.398472694701441}, "datetime": {"datetime": "2024-06-14 12:31:26", "elapsed": 17.719767, "delta": 0.010969}}
{"target": -497.80842243563956, "params": {"gamma": 5.890472752605639, "prior": 1.6690987172854312, "rate": 6.234866594810311}, "datetime": {"datetime": "2024-06-14 12:31:26", "elapsed": 17.729745, "delta": 0.009978}}
{"target": -284.2587384370913, "params": {"gamma": 3.1921240844594263, "prior": 1.3942814559414822, "rate": 2.1508150426858728}, "datetime": {"datetime": "2024-06-14 12:31:26", "elapsed": 17.739714, "delta": 0.009969}}
{"target": -274.18012749423747, "params": {"gamma": 3.1372893115280216, "prior": 9.519372827689537, "rate": 9.907680849822357}, "datetime": {"datetime": "2024-06-14 12:31:26", "elapsed": 17.750685, "delta": 0.010971}}
{"target": -658.230680311692, "params": {"gamma": 8.668996751551681, "prior": 4.672423692173761, "rate": 4.656706908529602}, "datetime": {"datetime": "2024-06-14 12:31:26", "elapsed": 17.760658, "delta": 0.009973}}
{"target": -664.2735742384044, "params": {"gamma": 7.647520341309665, "prior": 1.074239963450954, "rate": 9.940379659168363}, "datetime": {"datetime": "2024-06-14 12:31:26", "elapsed": 17.77163, "delta": 0.010972}}
{"target": -569.4964775522405, "params": {"gamma": 6.9224566172976845, "prior": 3.0629283412837927, "rate": 9.088573077112654}, "datetime": {"datetime": "2024-06-14 12:31:26", "elapsed": 17.7826, "delta": 0.01097}}
{"target": -436.89884538662415, "params": {"gamma": 5.526235888770702, "prior": 0.9433807768511864, "rate": 1.0833491863453326}, "datetime": {"datetime": "2024-06-14 12:31:26", "elapsed": 17.792573, "delta": 0.009973}}
{"target": -152.9426414567524, "params": {"gamma": 0.3176168877888321, "prior": 2.240327888608129, "rate": 0.51508803577319}, "datetime": {"datetime": "2024-06-14 12:31:26", "elapsed": 17.802546, "delta": 0.009973}}
{"target": -444.5467369844751, "params": {"gamma": 5.103214380152735, "prior": 0.9211098493361365, "rate": 4.431779707933526}, "datetime": {"datetime": "2024-06-14 12:31:26", "elapsed": 17.814515, "delta": 0.011969}}
{"target": -225.62951042385316, "params": {"gamma": 2.362771206680796, "prior": 5.6412349065280925, "rate": 4.390238946627599}, "datetime": {"datetime": "2024-06-14 12:31:26", "elapsed": 17.824516, "delta": 0.010001}}
{"target": -620.5017374089762, "params": {"gamma": 8.375567087137503, "prior": 3.4317930698460395, "rate": 2.3030862375648358}, "datetime": {"datetime": "2024-06-14 12:31:26", "elapsed": 17.835458, "delta": 0.010942}}
{"target": -611.5521956736852, "params": {"gamma": 9.401218217622588, "prior": 4.71700059437067, "rate": 0.2825494345653465}, "datetime": {"datetime": "2024-06-14 12:31:26", "elapsed": 17.845431, "delta": 0.009973}}
{"target": -160.77230592395907, "params": {"gamma": 0.7952844018626734, "prior": 5.600160498896482, "rate": 2.1085032523654648}, "datetime": {"datetime": "2024-06-14 12:31:26", "elapsed": 17.856402, "delta": 0.010971}}
{"target": -193.5201149222615, "params": {"gamma": 1.4832079169213832, "prior": 2.03577051385278, "rate": 7.4477447466406055}, "datetime": {"datetime": "2024-06-14 12:31:26", "elapsed": 17.866375, "delta": 0.009973}}
{"target": -800.8177299775676, "params": {"gamma": 9.490190594750429, "prior": 1.3808418827316682, "rate": 8.797922693851072}, "datetime": {"datetime": "2024-06-14 12:31:26", "elapsed": 17.876349, "delta": 0.009974}}
{"target": -484.8491901967533, "params": {"gamma": 7.119486308304545, "prior": 5.612748843111474, "rate": 0.6711193665390025}, "datetime": {"datetime": "2024-06-14 12:31:26", "elapsed": 17.887319, "delta": 0.01097}}
{"target": -598.0348109327475, "params": {"gamma": 7.877623428379662, "prior": 8.141573527504782, "rate": 7.546064084925807}, "datetime": {"datetime": "2024-06-14 12:31:26", "elapsed": 17.897294, "delta": 0.009975}}
{"target": -421.4761774841122, "params": {"gamma": 5.5053451266130216, "prior": 6.352887453044348, "rate": 4.367192277935727}, "datetime": {"datetime": "2024-06-14 12:31:26", "elapsed": 17.908263, "delta": 0.010969}}
{"target": -291.29969069823386, "params": {"gamma": 3.079162242084743, "prior": 2.1563415656940617, "rate": 7.70783813326756}, "datetime": {"datetime": "2024-06-14 12:31:26", "elapsed": 17.918237, "delta": 0.009974}}
{"target": -700.5330067931985, "params": {"gamma": 9.347823400996651, "prior": 6.253005567983246, "rate": 5.342940039040913}, "datetime": {"datetime": "2024-06-14 12:31:26", "elapsed": 17.928777, "delta": 0.01054}}
{"target": -742.3310116690988, "params": {"gamma": 8.832821399586447, "prior": 0.543549432321984, "rate": 3.027452733825171}, "datetime": {"datetime": "2024-06-14 12:31:26", "elapsed": 17.939751, "delta": 0.010974}}
{"target": -365.72303389784275, "params": {"gamma": 3.825328639516465, "prior": 0.4078849577947824, "rate": 5.199809613230569}, "datetime": {"datetime": "2024-06-14 12:31:26", "elapsed": 17.950719, "delta": 0.010968}}
{"target": -693.2082809127354, "params": {"gamma": 9.40582357294277, "prior": 7.992725691934161, "rate": 5.351408522523899}, "datetime": {"datetime": "2024-06-14 12:31:26", "elapsed": 17.960692, "delta": 0.009973}}
{"target": -485.40797759140906, "params": {"gamma": 6.7657338580782405, "prior": 7.873824709873373, "rate": 2.611671926966363}, "datetime": {"datetime": "2024-06-14 12:31:26", "elapsed": 17.971258, "delta": 0.010566}}
{"target": -252.0874162434567, "params": {"gamma": 2.757360350509144, "prior": 6.091715488473178, "rate": 6.74213697673649}, "datetime": {"datetime": "2024-06-14 12:31:26", "elapsed": 17.981231, "delta": 0.009973}}
{"target": -150.61357006635095, "params": {"gamma": 0.037131121203666864, "prior": 8.571439691934431, "rate": 1.4499755526920097}, "datetime": {"datetime": "2024-06-14 12:31:26", "elapsed": 17.991204, "delta": 0.009973}}
{"target": -372.0202260615652, "params": {"gamma": 5.124009381904939, "prior": 5.6655858482099735, "rate": 0.07290430277148773}, "datetime": {"datetime": "2024-06-14 12:31:26", "elapsed": 18.002177, "delta": 0.010973}}
{"target": -353.5235904540343, "params": {"gamma": 4.289076528699282, "prior": 5.384053388047638, "rate": 6.907376297071434}, "datetime": {"datetime": "2024-06-14 12:31:26", "elapsed": 18.012148, "delta": 0.009971}}
{"target": -740.8941015149655, "params": {"gamma": 9.031835670784622, "prior": 0.7787551523432098, "rate": 2.8317040472904758}, "datetime": {"datetime": "2024-06-14 12:31:26", "elapsed": 18.023119, "delta": 0.010971}}
{"target": -425.1708223139488, "params": {"gamma": 5.279795197202099, "prior": 2.9733261504001245, "rate": 4.201892734282735}, "datetime": {"datetime": "2024-06-14 12:31:26", "elapsed": 18.033092, "delta": 0.009973}}
{"target": -859.0516116745019, "params": {"gamma": 9.820547479625972, "prior": 0.6636402718702625, "rate": 9.289203208835787}, "datetime": {"datetime": "2024-06-14 12:31:26", "elapsed": 18.044063, "delta": 0.010971}}
{"target": -512.1431314999772, "params": {"gamma": 6.680114161371072, "prior": 5.035947408040653, "rate": 4.647506170595227}, "datetime": {"datetime": "2024-06-14 12:31:26", "elapsed": 18.054036, "delta": 0.009973}}
{"target": -422.5456220182634, "params": {"gamma": 5.589785773928347, "prior": 2.9867128566196963, "rate": 1.7188330067587443}, "datetime": {"datetime": "2024-06-14 12:31:26", "elapsed": 18.064038, "delta": 0.010002}}
{"target": -460.8947527298405, "params": {"gamma": 6.197786816831587, "prior": 9.885925228469835, "rate": 5.162690424583267}, "datetime": {"datetime": "2024-06-14 12:31:26", "elapsed": 18.07498, "delta": 0.010942}}
{"target": -485.9129064999923, "params": {"gamma": 6.710412491894106, "prior": 5.243372538798067, "rate": 2.0011085780511912}, "datetime": {"datetime": "2024-06-14 12:31:26", "elapsed": 18.085951, "delta": 0.010971}}
{"target": -442.15027459307055, "params": {"gamma": 5.787379979419437, "prior": 9.583007643759036, "rate": 6.924549114998262}, "datetime": {"datetime": "2024-06-14 12:31:26", "elapsed": 18.095926, "delta": 0.009975}}
{"target": -151.30155073466915, "params": {"gamma": 0.274342053750928, "prior": 3.6948761925389584, "rate": 6.33921964079754}, "datetime": {"datetime": "2024-06-14 12:31:26", "elapsed": 18.106895, "delta": 0.010969}}
{"target": -498.46984900254773, "params": {"gamma": 5.67116400617658, "prior": 1.301203739015265, "rate": 9.364796358912931}, "datetime": {"datetime": "2024-06-14 12:31:26", "elapsed": 18.117865, "delta": 0.01097}}
{"target": -326.1434368554274, "params": {"gamma": 3.938997493293488, "prior": 7.319700947932855, "rate": 7.857086866488291}, "datetime": {"datetime": "2024-06-14 12:31:26", "elapsed": 18.127839, "delta": 0.009974}}
{"target": -213.62554767886328, "params": {"gamma": 2.1307142258890264, "prior": 6.659980991963436, "rate": 5.2341476294898825}, "datetime": {"datetime": "2024-06-14 12:31:26", "elapsed": 18.138809, "delta": 0.01097}}
{"target": -196.54065850423945, "params": {"gamma": 1.783794004691899, "prior": 7.212564495824819, "rate": 5.406224528163018}, "datetime": {"datetime": "2024-06-14 12:31:26", "elapsed": 18.149781, "delta": 0.010972}}
{"target": -221.3855706013444, "params": {"gamma": 2.1417238051544096, "prior": 4.238811933822576, "rate": 6.8079344253726966}, "datetime": {"datetime": "2024-06-14 12:31:26", "elapsed": 18.162746, "delta": 0.012965}}
{"target": -768.5957436340698, "params": {"gamma": 9.937621475494428, "prior": 5.5295345252227435, "rate": 7.939406449739636}, "datetime": {"datetime": "2024-06-14 12:31:26", "elapsed": 18.172719, "delta": 0.009973}}
{"target": -292.5008286387928, "params": {"gamma": 3.3064511453666356, "prior": 5.164454283417241, "rate": 8.350414978664054}, "datetime": {"datetime": "2024-06-14 12:31:26", "elapsed": 18.182692, "delta": 0.009973}}
{"target": -803.8955019322666, "params": {"gamma": 9.704609444607442, "prior": 1.8668728599484044, "rate": 8.513224576444088}, "datetime": {"datetime": "2024-06-14 12:31:26", "elapsed": 18.193663, "delta": 0.010971}}
{"target": -727.543935843626, "params": {"gamma": 9.8839813130555, "prior": 4.559573957621887, "rate": 3.0802934792591}, "datetime": {"datetime": "2024-06-14 12:31:26", "elapsed": 18.204633, "delta": 0.01097}}
{"target": -755.6040040905715, "params": {"gamma": 9.124683586378131, "prior": 2.2765865789701447, "rate": 9.88264881287327}, "datetime": {"datetime": "2024-06-14 12:31:26", "elapsed": 18.214607, "delta": 0.009974}}
{"target": -336.1077984059227, "params": {"gamma": 4.016014561459776, "prior": 1.0131129142505106, "rate": 1.368611993565815}, "datetime": {"datetime": "2024-06-14 12:31:26", "elapsed": 18.225607, "delta": 0.011}}
{"target": -412.4382477967641, "params": {"gamma": 4.771246207156717, "prior": 0.7033829612030654, "rate": 2.519602463648642}, "datetime": {"datetime": "2024-06-14 12:31:26", "elapsed": 18.236578, "delta": 0.010971}}
{"target": -607.3923672151755, "params": {"gamma": 7.950227595281238, "prior": 7.874786065977949, "rate": 8.108387517165163}, "datetime": {"datetime": "2024-06-14 12:31:26", "elapsed": 18.246522, "delta": 0.009944}}
{"target": -153.86435582277016, "params": {"gamma": 0.4635818527703097, "prior": 7.687845099749461, "rate": 8.068658621836198}, "datetime": {"datetime": "2024-06-14 12:31:26", "elapsed": 18.257492, "delta": 0.01097}}
{"target": -150.45044116552742, "params": {"gamma": 0.1614807233633352, "prior": 3.9741465501415574, "rate": 8.655905140222567}, "datetime": {"datetime": "2024-06-14 12:31:26", "elapsed": 18.268463, "delta": 0.010971}}
{"target": -700.086885797989, "params": {"gamma": 9.58478787486283, "prior": 9.203960219040058, "rate": 5.470332354994583}, "datetime": {"datetime": "2024-06-14 12:31:26", "elapsed": 18.278436, "delta": 0.009973}}
{"target": -271.31853189259397, "params": {"gamma": 3.0999028075571977, "prior": 5.933723461468355, "rate": 5.960308888277244}, "datetime": {"datetime": "2024-06-14 12:31:26", "elapsed": 18.290405, "delta": 0.011969}}
{"target": -524.955399008851, "params": {"gamma": 6.645853962048891, "prior": 5.949068744119219, "rate": 8.680686431625688}, "datetime": {"datetime": "2024-06-14 12:31:26", "elapsed": 18.300378, "delta": 0.009973}}
{"target": -289.6276838631687, "params": {"gamma": 3.740404346465307, "prior": 2.51576369972239, "rate": 0.20584523782095557}, "datetime": {"datetime": "2024-06-14 12:31:26", "elapsed": 18.342266, "delta": 0.041888}}
{"target": -230.23093859524235, "params": {"gamma": 2.3276534032092466, "prior": 1.6998563265328037, "rate": 2.382365800220145}, "datetime": {"datetime": "2024-06-14 12:31:26", "elapsed": 18.353236, "delta": 0.01097}}
{"target": -620.3063740885833, "params": {"gamma": 8.809750700685962, "prior": 7.342834380593291, "rate": 2.4346474261497026}, "datetime": {"datetime": "2024-06-14 12:31:26", "elapsed": 18.364207, "delta": 0.010971}}
{"target": -593.08066792657, "params": {"gamma": 7.93074966579814, "prior": 5.486796446527367, "rate": 4.065455958505244}, "datetime": {"datetime": "2024-06-14 12:31:26", "elapsed": 18.37418, "delta": 0.009973}}
{"target": -204.82816658450508, "params": {"gamma": 2.0588168270783345, "prior": 3.1762456147307865, "rate": 0.7933859337786535}, "datetime": {"datetime": "2024-06-14 12:31:26", "elapsed": 18.385151, "delta": 0.010971}}
{"target": -220.95304948982502, "params": {"gamma": 2.3370014693504007, "prior": 6.690938823288298, "rate": 3.510850519903707}, "datetime": {"datetime": "2024-06-14 12:31:26", "elapsed": 18.395124, "delta": 0.009973}}
{"target": -621.6251433365679, "params": {"gamma": 8.197382234314826, "prior": 6.645433517996546, "rate": 6.243886676338824}, "datetime": {"datetime": "2024-06-14 12:31:26", "elapsed": 18.405098, "delta": 0.009974}}
{"target": -348.79960971610143, "params": {"gamma": 4.203358120025224, "prior": 6.485522600358745, "rate": 8.748431716742354}, "datetime": {"datetime": "2024-06-14 12:31:26", "elapsed": 18.417571, "delta": 0.012473}}
{"target": -287.0747589952803, "params": {"gamma": 3.1134152627298404, "prior": 3.493245069587299, "rate": 8.486942886026812}, "datetime": {"datetime": "2024-06-14 12:31:26", "elapsed": 18.427544, "delta": 0.009973}}
{"target": -382.4916852421021, "params": {"gamma": 5.2994112343421165, "prior": 9.24451206335198, "rate": 1.876341924396167}, "datetime": {"datetime": "2024-06-14 12:31:26", "elapsed": 18.438515, "delta": 0.010971}}
{"target": -209.4411379351762, "params": {"gamma": 2.149517739976633, "prior": 8.638341582747344, "rate": 0.9958043191607387}, "datetime": {"datetime": "2024-06-14 12:31:26", "elapsed": 18.449486, "delta": 0.010971}}
{"target": -372.48833828642245, "params": {"gamma": 4.717152090529902, "prior": 8.410095236823695, "rate": 6.937672299169015}, "datetime": {"datetime": "2024-06-14 12:31:26", "elapsed": 18.459489, "delta": 0.010003}}
{"target": -398.6032458098136, "params": {"gamma": 4.622952603534849, "prior": 1.7354650920880788, "rate": 5.508608102481257}, "datetime": {"datetime": "2024-06-14 12:31:26", "elapsed": 18.470429, "delta": 0.01094}}
{"target": -640.7435564874007, "params": {"gamma": 9.879798710108535, "prior": 8.071059692189767, "rate": 0.5502334117385274}, "datetime": {"datetime": "2024-06-14 12:31:26", "elapsed": 18.4814, "delta": 0.010971}}
{"target": -493.6528137056605, "params": {"gamma": 7.109572833570658, "prior": 9.768501118223332, "rate": 1.9345458616173425}, "datetime": {"datetime": "2024-06-14 12:31:26", "elapsed": 18.491373, "delta": 0.009973}}
{"target": -779.846186279352, "params": {"gamma": 9.564120655508974, "prior": 2.4101209180042362, "rate": 8.194158826769996}, "datetime": {"datetime": "2024-06-14 12:31:26", "elapsed": 18.501347, "delta": 0.009974}}
{"target": -183.78267732177972, "params": {"gamma": 1.495037423229105, "prior": 5.18963690755791, "rate": 3.64078281665956}, "datetime": {"datetime": "2024-06-14 12:31:26", "elapsed": 18.513315, "delta": 0.011968}}
{"target": -554.4330620688737, "params": {"gamma": 6.707204581969504, "prior": 1.8732591939869123, "rate": 5.7979036601822145}, "datetime": {"datetime": "2024-06-14 12:31:27", "elapsed": 18.523288, "delta": 0.009973}}
{"target": -150.37949735510256, "params": {"gamma": 0.02523445285068334, "prior": 4.313976928799815, "rate": 5.158416296806499}, "datetime": {"datetime": "2024-06-14 12:31:27", "elapsed": 18.53426, "delta": 0.010972}}
{"target": -560.7112050862643, "params": {"gamma": 8.378128201572276, "prior": 7.600612871411063, "rate": 0.9198244994151032}, "datetime": {"datetime": "2024-06-14 12:31:27", "elapsed": 18.545229, "delta": 0.010969}}
{"target": -487.3533061796321, "params": {"gamma": 6.250711640076693, "prior": 6.634028573401182, "rate": 7.340553331594224}, "datetime": {"datetime": "2024-06-14 12:31:27", "elapsed": 18.555203, "delta": 0.009974}}
