{"target": -144.71083563750423, "params": {"gamma": 0.5287857773295865, "prior": 8.914019769519989, "rate": 4.045739285423598}, "datetime": {"datetime": "2024-06-14 10:30:33", "elapsed": 8.409513, "delta": 0.009973}}
{"target": -464.8784362224117, "params": {"gamma": 9.292802548221829, "prior": 4.080573920625559, "rate": 0.7692460154620339}, "datetime": {"datetime": "2024-06-14 10:30:33", "elapsed": 8.418489, "delta": 0.008976}}
{"target": -174.6893080357777, "params": {"gamma": 2.4537661400558073, "prior": 3.5675790065013078, "rate": 7.507532195259897}, "datetime": {"datetime": "2024-06-14 10:30:33", "elapsed": 8.428462, "delta": 0.009973}}
{"target": -157.40986428622932, "params": {"gamma": 1.8482967753404873, "prior": 4.366639171886156, "rate": 8.732580952739871}, "datetime": {"datetime": "2024-06-14 10:30:33", "elapsed": 8.437439, "delta": 0.008977}}
{"target": -297.17070907210547, "params": {"gamma": 5.338077152636459, "prior": 1.121231725515661, "rate": 0.24620034805926763}, "datetime": {"datetime": "2024-06-14 10:30:33", "elapsed": 8.44744, "delta": 0.010001}}
{"target": -360.72042286351405, "params": {"gamma": 7.058392201809326, "prior": 9.79336216048635, "rate": 7.851867464260117}, "datetime": {"datetime": "2024-06-14 10:30:33", "elapsed": 8.456388, "delta": 0.008948}}
{"target": -390.929885022907, "params": {"gamma": 7.647497242257331, "prior": 6.786930405212397, "rate": 7.9552316002763535}, "datetime": {"datetime": "2024-06-14 10:30:33", "elapsed": 8.466361, "delta": 0.009973}}
{"target": -140.56986991509746, "params": {"gamma": 0.40113783894076427, "prior": 2.720348153996855, "rate": 6.9542799621795535}, "datetime": {"datetime": "2024-06-14 10:30:33", "elapsed": 8.475337, "delta": 0.008976}}
{"target": -434.70533986192703, "params": {"gamma": 8.670016307747831, "prior": 6.778608030986559, "rate": 1.7635850037063328}, "datetime": {"datetime": "2024-06-14 10:30:33", "elapsed": 8.484313, "delta": 0.008976}}
{"target": -476.6777748247504, "params": {"gamma": 9.363148290996985, "prior": 9.043449131097443, "rate": 0.8677009826349238}, "datetime": {"datetime": "2024-06-14 10:30:33", "elapsed": 8.494286, "delta": 0.009973}}
{"target": -160.34505070081917, "params": {"gamma": 1.9308073757049558, "prior": 2.824411003044214, "rate": 7.384380294175464}, "datetime": {"datetime": "2024-06-14 10:30:33", "elapsed": 8.503262, "delta": 0.008976}}
{"target": -429.0859938750851, "params": {"gamma": 8.59387390968027, "prior": 5.825391635770356, "rate": 1.9972560609459706}, "datetime": {"datetime": "2024-06-14 10:30:33", "elapsed": 8.512238, "delta": 0.008976}}
{"target": -258.4095326720414, "params": {"gamma": 4.151483786326004, "prior": 1.4648060826146607, "rate": 9.174044472397386}, "datetime": {"datetime": "2024-06-14 10:30:33", "elapsed": 8.521802, "delta": 0.009564}}
{"target": -387.6981998528578, "params": {"gamma": 7.645544873164326, "prior": 5.151116954680168, "rate": 4.536296856665209}, "datetime": {"datetime": "2024-06-14 10:30:33", "elapsed": 8.530778, "delta": 0.008976}}
{"target": -149.14004007492872, "params": {"gamma": 0.9793229413773535, "prior": 3.2548860273732405, "rate": 1.2072073207786072}, "datetime": {"datetime": "2024-06-14 10:30:33", "elapsed": 8.54078, "delta": 0.010002}}
{"target": -394.73521877703206, "params": {"gamma": 7.823598295559239, "prior": 5.494348696094326, "rate": 2.2735465367701733}, "datetime": {"datetime": "2024-06-14 10:30:33", "elapsed": 8.549728, "delta": 0.008948}}
{"target": -168.26207246557496, "params": {"gamma": 2.242804189720107, "prior": 2.677942155406277, "rate": 3.0894186504102437}, "datetime": {"datetime": "2024-06-14 10:30:33", "elapsed": 8.558703, "delta": 0.008975}}
{"target": -228.18799254328593, "params": {"gamma": 3.8776636126823174, "prior": 3.0457344305346488, "rate": 6.795879389436971}, "datetime": {"datetime": "2024-06-14 10:30:33", "elapsed": 8.568677, "delta": 0.009974}}
{"target": -141.14875810858308, "params": {"gamma": 0.351701119431484, "prior": 3.3482921178205443, "rate": 7.4531734367072975}, "datetime": {"datetime": "2024-06-14 10:30:33", "elapsed": 8.577653, "delta": 0.008976}}
{"target": -466.00125926400233, "params": {"gamma": 9.428137042767773, "prior": 8.047052246559756, "rate": 2.4090212695059683}, "datetime": {"datetime": "2024-06-14 10:30:33", "elapsed": 8.587626, "delta": 0.009973}}
{"target": -176.90053571094847, "params": {"gamma": 2.329921768369933, "prior": 1.9843342677001725, "rate": 8.825092851051235}, "datetime": {"datetime": "2024-06-14 10:30:33", "elapsed": 8.596602, "delta": 0.008976}}
{"target": -181.4421715088964, "params": {"gamma": 2.3793190167249576, "prior": 7.605988171789962, "rate": 2.611236264315461}, "datetime": {"datetime": "2024-06-14 10:30:33", "elapsed": 8.605578, "delta": 0.008976}}
{"target": -142.93001462480927, "params": {"gamma": 0.3317853522317488, "prior": 7.3611322306807825, "rate": 7.262291896142214}, "datetime": {"datetime": "2024-06-14 10:30:33", "elapsed": 8.615339, "delta": 0.009761}}
{"target": -141.13162972249123, "params": {"gamma": 0.8905021504995737, "prior": 3.334342453503056, "rate": 9.483704536600037}, "datetime": {"datetime": "2024-06-14 10:30:33", "elapsed": 8.624707, "delta": 0.009368}}
{"target": -158.16588391950776, "params": {"gamma": 1.6303270368232625, "prior": 0.9580574792638101, "rate": 5.946444277228148}, "datetime": {"datetime": "2024-06-14 10:30:33", "elapsed": 8.633684, "delta": 0.008977}}
{"target": -503.37149628343695, "params": {"gamma": 9.309967663594373, "prior": 1.424405246656605, "rate": 5.130609924306518}, "datetime": {"datetime": "2024-06-14 10:30:33", "elapsed": 8.643657, "delta": 0.009973}}
{"target": -373.8788652127215, "params": {"gamma": 6.84030814195546, "prior": 1.8011146201075885, "rate": 0.11358767502840258}, "datetime": {"datetime": "2024-06-14 10:30:33", "elapsed": 8.652632, "delta": 0.008975}}
{"target": -497.85244603327897, "params": {"gamma": 8.876943621666769, "prior": 0.44878957946825926, "rate": 2.575325379792938}, "datetime": {"datetime": "2024-06-14 10:30:33", "elapsed": 8.662606, "delta": 0.009974}}
{"target": -364.40849874550537, "params": {"gamma": 6.5171886333749445, "prior": 2.929251040222046, "rate": 0.09806625815159087}, "datetime": {"datetime": "2024-06-14 10:30:33", "elapsed": 8.671582, "delta": 0.008976}}
{"target": -305.5946267572156, "params": {"gamma": 5.754942892815359, "prior": 3.147143555513635, "rate": 1.5159891044593792}, "datetime": {"datetime": "2024-06-14 10:30:33", "elapsed": 8.680558, "delta": 0.008976}}
{"target": -530.2672511210858, "params": {"gamma": 9.712861834014069, "prior": 1.7332254521996295, "rate": 7.272627175991628}, "datetime": {"datetime": "2024-06-14 10:30:33", "elapsed": 8.689534, "delta": 0.008976}}
{"target": -446.93877476452406, "params": {"gamma": 8.907351190743636, "prior": 8.601279645696758, "rate": 1.8433864145173096}, "datetime": {"datetime": "2024-06-14 10:30:33", "elapsed": 8.699507, "delta": 0.009973}}
{"target": -202.48008425258283, "params": {"gamma": 2.3688485284086984, "prior": 0.2817901013754669, "rate": 9.314123267181278}, "datetime": {"datetime": "2024-06-14 10:30:33", "elapsed": 8.708483, "delta": 0.008976}}
{"target": -447.36023805848265, "params": {"gamma": 8.871324645396406, "prior": 5.995115072798474, "rate": 1.0945671874130298}, "datetime": {"datetime": "2024-06-14 10:30:33", "elapsed": 8.717825, "delta": 0.009342}}
{"target": -162.0795621210502, "params": {"gamma": 1.736252925778173, "prior": 5.811907672232824, "rate": 2.5173180780279494}, "datetime": {"datetime": "2024-06-14 10:30:33", "elapsed": 8.7268, "delta": 0.008975}}
{"target": -192.44990618250668, "params": {"gamma": 3.0024181605272484, "prior": 1.792774754535882, "rate": 1.8967275990085757}, "datetime": {"datetime": "2024-06-14 10:30:33", "elapsed": 8.736774, "delta": 0.009974}}
{"target": -255.68199572264928, "params": {"gamma": 4.634748122750124, "prior": 5.1477523290215155, "rate": 5.116287316757662}, "datetime": {"datetime": "2024-06-14 10:30:33", "elapsed": 8.74575, "delta": 0.008976}}
{"target": -554.6471909906492, "params": {"gamma": 9.971390854869842, "prior": 1.3829985909743843, "rate": 7.561942713988967}, "datetime": {"datetime": "2024-06-14 10:30:33", "elapsed": 8.75571, "delta": 0.00996}}
{"target": -400.0540392151049, "params": {"gamma": 7.937773715501701, "prior": 5.890337727828154, "rate": 4.627919064512984}, "datetime": {"datetime": "2024-06-14 10:30:33", "elapsed": 8.764686, "delta": 0.008976}}
{"target": -463.68250705635285, "params": {"gamma": 8.934372946865443, "prior": 8.298984168823933, "rate": 0.5038590693510084}, "datetime": {"datetime": "2024-06-14 10:30:33", "elapsed": 8.773662, "delta": 0.008976}}
{"target": -617.3935998299643, "params": {"gamma": 9.629874547125452, "prior": 0.17266492836107364, "rate": 5.731748914634736}, "datetime": {"datetime": "2024-06-14 10:30:33", "elapsed": 8.783636, "delta": 0.009974}}
{"target": -304.69987230445196, "params": {"gamma": 5.7247357384538, "prior": 8.360358681426117, "rate": 3.8477759631858306}, "datetime": {"datetime": "2024-06-14 10:30:33", "elapsed": 8.792611, "delta": 0.008975}}
{"target": -152.89040714135572, "params": {"gamma": 0.911317649590776, "prior": 5.858703966752355, "rate": 0.24943375777694893}, "datetime": {"datetime": "2024-06-14 10:30:33", "elapsed": 8.802585, "delta": 0.009974}}
{"target": -215.50949852170353, "params": {"gamma": 3.618595813310707, "prior": 9.854636340644698, "rate": 8.687919916680645}, "datetime": {"datetime": "2024-06-14 10:30:33", "elapsed": 8.811561, "delta": 0.008976}}
{"target": -152.06368489652925, "params": {"gamma": 1.525814920870293, "prior": 8.008378281655215, "rate": 8.110158197295846}, "datetime": {"datetime": "2024-06-14 10:30:33", "elapsed": 8.820717, "delta": 0.009156}}
{"target": -484.07182394416975, "params": {"gamma": 9.282143984052633, "prior": 2.3214042338354473, "rate": 4.990175777525101}, "datetime": {"datetime": "2024-06-14 10:30:33", "elapsed": 8.829693, "delta": 0.008976}}
{"target": -416.4058814481615, "params": {"gamma": 8.274613470019348, "prior": 6.706604471482155, "rate": 5.939767497694312}, "datetime": {"datetime": "2024-06-14 10:30:33", "elapsed": 8.838669, "delta": 0.008976}}
{"target": -355.29418966696585, "params": {"gamma": 6.520106231886649, "prior": 2.461308526710229, "rate": 0.2563753086730316}, "datetime": {"datetime": "2024-06-14 10:30:33", "elapsed": 8.848642, "delta": 0.009973}}
{"target": -377.2708204694838, "params": {"gamma": 7.362836317207894, "prior": 3.3352390707756885, "rate": 3.7681921123145443}, "datetime": {"datetime": "2024-06-14 10:30:33", "elapsed": 8.857619, "delta": 0.008977}}
{"target": -325.49118549049774, "params": {"gamma": 6.126547925441392, "prior": 6.605933919398819, "rate": 2.0297861073278014}, "datetime": {"datetime": "2024-06-14 10:30:33", "elapsed": 8.867592, "delta": 0.009973}}
{"target": -426.23648480429364, "params": {"gamma": 8.260489346916343, "prior": 3.864045391930247, "rate": 6.317812340605414}, "datetime": {"datetime": "2024-06-14 10:30:33", "elapsed": 8.876568, "delta": 0.008976}}
{"target": -476.28713826305113, "params": {"gamma": 9.664147745107453, "prior": 5.691383729139698, "rate": 3.58975250674678}, "datetime": {"datetime": "2024-06-14 10:30:33", "elapsed": 8.88657, "delta": 0.010002}}
{"target": -322.570269469746, "params": {"gamma": 6.1900821172926825, "prior": 5.067751868825378, "rate": 4.524310101530738}, "datetime": {"datetime": "2024-06-14 10:30:33", "elapsed": 8.895517, "delta": 0.008947}}
{"target": -372.1291960038507, "params": {"gamma": 7.32297507682793, "prior": 9.252650484842617, "rate": 4.793234881420612}, "datetime": {"datetime": "2024-06-14 10:30:33", "elapsed": 8.90549, "delta": 0.009973}}
{"target": -147.43753974855545, "params": {"gamma": 0.8832132798499579, "prior": 5.739570211172332, "rate": 2.450263600293229}, "datetime": {"datetime": "2024-06-14 10:30:34", "elapsed": 8.915077, "delta": 0.009587}}
{"target": -144.88288738502482, "params": {"gamma": 0.3967395368422162, "prior": 7.902588045772463, "rate": 2.728409598411216}, "datetime": {"datetime": "2024-06-14 10:30:34", "elapsed": 8.924052, "delta": 0.008975}}
{"target": -391.6830947584468, "params": {"gamma": 7.7709278589308965, "prior": 4.933268536573228, "rate": 3.1800409748600784}, "datetime": {"datetime": "2024-06-14 10:30:34", "elapsed": 8.933029, "delta": 0.008977}}
{"target": -222.48164138558155, "params": {"gamma": 3.1409404750589167, "prior": 0.516045124852533, "rate": 5.344463969208603}, "datetime": {"datetime": "2024-06-14 10:30:34", "elapsed": 8.943002, "delta": 0.009973}}
{"target": -418.3244603889778, "params": {"gamma": 8.235692008411606, "prior": 0.9305639897438418, "rate": 1.0864784973815673}, "datetime": {"datetime": "2024-06-14 10:30:34", "elapsed": 8.952976, "delta": 0.009974}}
{"target": -283.7360322931239, "params": {"gamma": 5.293030012750302, "prior": 6.635403915273608, "rate": 6.947765177374281}, "datetime": {"datetime": "2024-06-14 10:30:34", "elapsed": 8.962948, "delta": 0.009972}}
{"target": -219.00732892906672, "params": {"gamma": 3.1329037297737132, "prior": 0.47399998048085035, "rate": 4.146214234044257}, "datetime": {"datetime": "2024-06-14 10:30:34", "elapsed": 8.971925, "delta": 0.008977}}
{"target": -202.12585947802017, "params": {"gamma": 2.2612156645820662, "prior": 0.11103681949882596, "rate": 6.857480005685141}, "datetime": {"datetime": "2024-06-14 10:30:34", "elapsed": 8.981898, "delta": 0.009973}}
{"target": -471.5887922458138, "params": {"gamma": 9.520673328006277, "prior": 3.9724024292967792, "rate": 3.0036839952852596}, "datetime": {"datetime": "2024-06-14 10:30:34", "elapsed": 8.990874, "delta": 0.008976}}
{"target": -294.1227376846741, "params": {"gamma": 5.537964374290343, "prior": 8.534564954842326, "rate": 7.9498792795045405}, "datetime": {"datetime": "2024-06-14 10:30:34", "elapsed": 8.99985, "delta": 0.008976}}
{"target": -358.02625625923, "params": {"gamma": 6.847882293080787, "prior": 4.377860203867094, "rate": 6.904649764523284}, "datetime": {"datetime": "2024-06-14 10:30:34", "elapsed": 9.008826, "delta": 0.008976}}
{"target": -166.9669171428129, "params": {"gamma": 2.161037487164819, "prior": 2.911040034677843, "rate": 7.778428288392944}, "datetime": {"datetime": "2024-06-14 10:30:34", "elapsed": 9.0188, "delta": 0.009974}}
{"target": -474.24171060459196, "params": {"gamma": 9.299871383327218, "prior": 1.9814900858052293, "rate": 2.9613368308929076}, "datetime": {"datetime": "2024-06-14 10:30:34", "elapsed": 9.027775, "delta": 0.008975}}
{"target": -145.14482479358244, "params": {"gamma": 0.06309646163797043, "prior": 4.372466228275976, "rate": 2.103740422454257}, "datetime": {"datetime": "2024-06-14 10:30:34", "elapsed": 9.036751, "delta": 0.008976}}
{"target": -345.13492862662935, "params": {"gamma": 6.414606400753661, "prior": 7.124933235213273, "rate": 1.188658366270452}, "datetime": {"datetime": "2024-06-14 10:30:34", "elapsed": 9.046724, "delta": 0.009973}}
{"target": -146.81208413749854, "params": {"gamma": 0.8223578763172843, "prior": 9.072717188845324, "rate": 3.8929983086548985}, "datetime": {"datetime": "2024-06-14 10:30:34", "elapsed": 9.055701, "delta": 0.008977}}
{"target": -285.43672052559367, "params": {"gamma": 5.334501569162878, "prior": 9.636091492645338, "rate": 7.590781068151137}, "datetime": {"datetime": "2024-06-14 10:30:34", "elapsed": 9.064677, "delta": 0.008976}}
{"target": -216.19227212173692, "params": {"gamma": 3.256077435692296, "prior": 0.9499080810909061, "rate": 5.360704142867423}, "datetime": {"datetime": "2024-06-14 10:30:34", "elapsed": 9.07465, "delta": 0.009973}}
{"target": -248.07130874948126, "params": {"gamma": 3.3619183039303744, "prior": 0.31468550480840884, "rate": 7.711752180204535}, "datetime": {"datetime": "2024-06-14 10:30:34", "elapsed": 9.083629, "delta": 0.008979}}
{"target": -223.7857985465914, "params": {"gamma": 3.849706389409975, "prior": 5.756079385581481, "rate": 7.557672815106508}, "datetime": {"datetime": "2024-06-14 10:30:34", "elapsed": 9.093599, "delta": 0.00997}}
{"target": -463.73973963939795, "params": {"gamma": 9.408533351590556, "prior": 6.161991152977763, "rate": 3.1546463916226513}, "datetime": {"datetime": "2024-06-14 10:30:34", "elapsed": 9.102576, "delta": 0.008977}}
{"target": -143.90181704942444, "params": {"gamma": 1.1016550019623323, "prior": 0.8317969903215949, "rate": 3.197588047953422}, "datetime": {"datetime": "2024-06-14 10:30:34", "elapsed": 9.111551, "delta": 0.008975}}
{"target": -345.9824785914294, "params": {"gamma": 6.608730550421095, "prior": 6.982005440804134, "rate": 2.0779726825898135}, "datetime": {"datetime": "2024-06-14 10:30:34", "elapsed": 9.121525, "delta": 0.009974}}
{"target": -141.4649773603082, "params": {"gamma": 0.8288765899448861, "prior": 3.1245555467317083, "rate": 5.476198023985873}, "datetime": {"datetime": "2024-06-14 10:30:34", "elapsed": 9.130501, "delta": 0.008976}}
{"target": -381.78777183215385, "params": {"gamma": 7.546942075074172, "prior": 5.343607473643421, "rate": 2.8705505437179983}, "datetime": {"datetime": "2024-06-14 10:30:34", "elapsed": 9.140474, "delta": 0.009973}}
{"target": -336.9586972133381, "params": {"gamma": 6.242173052915846, "prior": 2.7218828862443387, "rate": 6.527276450430897}, "datetime": {"datetime": "2024-06-14 10:30:34", "elapsed": 9.150447, "delta": 0.009973}}
{"target": -422.95420479303215, "params": {"gamma": 8.419138180259552, "prior": 6.425583421647474, "rate": 5.656749058298363}, "datetime": {"datetime": "2024-06-14 10:30:34", "elapsed": 9.159423, "delta": 0.008976}}
{"target": -194.6840426213977, "params": {"gamma": 3.072113950599342, "prior": 8.780092695385816, "rate": 9.888230025288278}, "datetime": {"datetime": "2024-06-14 10:30:34", "elapsed": 9.1684, "delta": 0.008977}}
{"target": -397.3463109432452, "params": {"gamma": 7.775016832668201, "prior": 5.779074189947149, "rate": 1.4136520470773757}, "datetime": {"datetime": "2024-06-14 10:30:34", "elapsed": 9.178373, "delta": 0.009973}}
{"target": -199.13034921478877, "params": {"gamma": 3.1499752949036433, "prior": 3.731907254052719, "rate": 2.9196603150536307}, "datetime": {"datetime": "2024-06-14 10:30:34", "elapsed": 9.187349, "delta": 0.008976}}
{"target": -256.2309172203639, "params": {"gamma": 4.46008219467453, "prior": 6.145261916989693, "rate": 2.129932990561121}, "datetime": {"datetime": "2024-06-14 10:30:34", "elapsed": 9.197322, "delta": 0.009973}}
{"target": -177.20813825401402, "params": {"gamma": 2.4983477831127514, "prior": 1.2102897838888582, "rate": 3.07657830315885}, "datetime": {"datetime": "2024-06-14 10:30:34", "elapsed": 9.206298, "delta": 0.008976}}
{"target": -274.76122001839815, "params": {"gamma": 4.9749853375678486, "prior": 4.949097068629873, "rate": 9.955776541252115}, "datetime": {"datetime": "2024-06-14 10:30:34", "elapsed": 9.215274, "delta": 0.008976}}
{"target": -511.2978929793058, "params": {"gamma": 9.811104522073206, "prior": 4.421971439643317, "rate": 9.720234197281384}, "datetime": {"datetime": "2024-06-14 10:30:34", "elapsed": 9.22425, "delta": 0.008976}}
{"target": -167.30503968155543, "params": {"gamma": 2.1447646438539647, "prior": 5.457096772478638, "rate": 4.534899709382847}, "datetime": {"datetime": "2024-06-14 10:30:34", "elapsed": 9.234224, "delta": 0.009974}}
{"target": -477.9637526908882, "params": {"gamma": 9.67612136622795, "prior": 8.37814460904005, "rate": 2.142255100882632}, "datetime": {"datetime": "2024-06-14 10:30:34", "elapsed": 9.243199, "delta": 0.008975}}
{"target": -254.57962213234896, "params": {"gamma": 4.395951482451757, "prior": 1.7679220192998268, "rate": 5.29134301734205}, "datetime": {"datetime": "2024-06-14 10:30:34", "elapsed": 9.253173, "delta": 0.009974}}
{"target": -437.17521557017596, "params": {"gamma": 7.935053256996167, "prior": 0.45520357476356577, "rate": 1.9143974164796644}, "datetime": {"datetime": "2024-06-14 10:30:34", "elapsed": 9.26215, "delta": 0.008977}}
{"target": -480.62949422531415, "params": {"gamma": 9.77457818836577, "prior": 9.611893329604383, "rate": 5.566359999361917}, "datetime": {"datetime": "2024-06-14 10:30:34", "elapsed": 9.272152, "delta": 0.010002}}
{"target": -355.87043431308405, "params": {"gamma": 6.461261124237896, "prior": 2.7937208415034163, "rate": 9.520958766042686}, "datetime": {"datetime": "2024-06-14 10:30:34", "elapsed": 9.281098, "delta": 0.008946}}
{"target": -374.9850826391022, "params": {"gamma": 6.698078288466073, "prior": 6.701399151873741, "rate": 0.11202223036585872}, "datetime": {"datetime": "2024-06-14 10:30:34", "elapsed": 9.291071, "delta": 0.009973}}
{"target": -427.9894679318193, "params": {"gamma": 8.529845528647078, "prior": 7.805429564933998, "rate": 6.849555045051163}, "datetime": {"datetime": "2024-06-14 10:30:34", "elapsed": 9.300048, "delta": 0.008977}}
{"target": -410.9907393891296, "params": {"gamma": 7.4080773483828315, "prior": 1.6500670035239342, "rate": 7.188031753433652}, "datetime": {"datetime": "2024-06-14 10:30:34", "elapsed": 9.310023, "delta": 0.009975}}
{"target": -154.68771943672053, "params": {"gamma": 0.9690872885214075, "prior": 7.098799535582478, "rate": 0.027315329458906884}, "datetime": {"datetime": "2024-06-14 10:30:34", "elapsed": 9.319033, "delta": 0.00901}}
{"target": -392.12024932856923, "params": {"gamma": 7.76228166881635, "prior": 4.96641612933724, "rate": 2.044664276112351}, "datetime": {"datetime": "2024-06-14 10:30:34", "elapsed": 9.328573, "delta": 0.00954}}
{"target": -391.6881974559728, "params": {"gamma": 7.292736897839507, "prior": 3.2249759046532924, "rate": 8.83829208238512}, "datetime": {"datetime": "2024-06-14 10:30:34", "elapsed": 9.338546, "delta": 0.009973}}
{"target": -157.64054365459532, "params": {"gamma": 1.803155018796988, "prior": 9.39165147743165, "rate": 9.707530730383564}, "datetime": {"datetime": "2024-06-14 10:30:34", "elapsed": 9.348519, "delta": 0.009973}}
