{"target": -652.6375099770086, "params": {"gamma": 8.963993959368008, "prior": 9.110902413045697, "rate": 4.965364995168459}, "datetime": {"datetime": "2024-06-14 12:31:24", "elapsed": 16.40612, "delta": 0.010971}}
{"target": -593.8359873604359, "params": {"gamma": 7.626339709379889, "prior": 7.118724128793965, "rate": 9.513017241338671}, "datetime": {"datetime": "2024-06-14 12:31:24", "elapsed": 16.418087, "delta": 0.011967}}
{"target": -222.63140539023308, "params": {"gamma": 2.416303346981715, "prior": 5.657263107051882, "rate": 0.4386889024105297}, "datetime": {"datetime": "2024-06-14 12:31:24", "elapsed": 16.429058, "delta": 0.010971}}
{"target": -669.9368842124403, "params": {"gamma": 9.231856412216342, "prior": 9.458040129710191, "rate": 5.0095625425504435}, "datetime": {"datetime": "2024-06-14 12:31:24", "elapsed": 16.440028, "delta": 0.01097}}
{"target": -426.0392353002191, "params": {"gamma": 5.861588364410452, "prior": 7.742224266063105, "rate": 2.494062511590284}, "datetime": {"datetime": "2024-06-14 12:31:24", "elapsed": 16.450002, "delta": 0.009974}}
{"target": -327.13410309678164, "params": {"gamma": 3.7905257699858756, "prior": 2.9571954023700533, "rate": 5.388500848183928}, "datetime": {"datetime": "2024-06-14 12:31:24", "elapsed": 16.460972, "delta": 0.01097}}
{"target": -626.9072547757512, "params": {"gamma": 9.489619281316324, "prior": 3.915466925543566, "rate": 0.4510526483715768}, "datetime": {"datetime": "2024-06-14 12:31:24", "elapsed": 16.470946, "delta": 0.009974}}
{"target": -507.70429760802136, "params": {"gamma": 6.8255038084621535, "prior": 5.0008035357807925, "rate": 2.96582349698632}, "datetime": {"datetime": "2024-06-14 12:31:24", "elapsed": 16.48092, "delta": 0.009974}}
{"target": -338.2479467669819, "params": {"gamma": 4.159470178485402, "prior": 8.638851939129534, "rate": 8.210356117785}, "datetime": {"datetime": "2024-06-14 12:31:24", "elapsed": 16.49189, "delta": 0.01097}}
{"target": -197.7323852907708, "params": {"gamma": 1.7092925546648687, "prior": 6.882819454636019, "rate": 9.976635949364582}, "datetime": {"datetime": "2024-06-14 12:31:24", "elapsed": 16.502861, "delta": 0.010971}}
{"target": -565.5269571813213, "params": {"gamma": 7.843808621110356, "prior": 7.277958918810155, "rate": 3.1008897721241295}, "datetime": {"datetime": "2024-06-14 12:31:24", "elapsed": 16.512834, "delta": 0.009973}}
{"target": -187.9520409070131, "params": {"gamma": 1.5955484350535305, "prior": 8.656789324831875, "rate": 6.103851837947851}, "datetime": {"datetime": "2024-06-14 12:31:25", "elapsed": 16.523804, "delta": 0.01097}}
{"target": -321.2079863251362, "params": {"gamma": 3.90151389493923, "prior": 7.580348274726708, "rate": 7.18656022932733}, "datetime": {"datetime": "2024-06-14 12:31:25", "elapsed": 16.534775, "delta": 0.010971}}
{"target": -545.4878502007034, "params": {"gamma": 6.473683921648569, "prior": 2.1519072794770633, "rate": 8.8553926501292}, "datetime": {"datetime": "2024-06-14 12:31:25", "elapsed": 16.544748, "delta": 0.009973}}
{"target": -499.6245819148688, "params": {"gamma": 7.190340618322544, "prior": 3.096042577804754, "rate": 0.636921390268151}, "datetime": {"datetime": "2024-06-14 12:31:25", "elapsed": 16.555634, "delta": 0.010886}}
{"target": -670.4864193051153, "params": {"gamma": 9.128051358543207, "prior": 7.959115578671122, "rate": 4.986337846072983}, "datetime": {"datetime": "2024-06-14 12:31:25", "elapsed": 16.567228, "delta": 0.011594}}
{"target": -329.28465529884056, "params": {"gamma": 4.139838016887461, "prior": 6.194068492491998, "rate": 3.9857532458547134}, "datetime": {"datetime": "2024-06-14 12:31:25", "elapsed": 16.577201, "delta": 0.009973}}
{"target": -152.91334220124105, "params": {"gamma": 0.3901414822148927, "prior": 3.089486487843047, "rate": 2.4635393026772414}, "datetime": {"datetime": "2024-06-14 12:31:25", "elapsed": 16.588171, "delta": 0.01097}}
{"target": -703.5873128598429, "params": {"gamma": 9.723053574133592, "prior": 7.698230686083612, "rate": 4.03756244174214}, "datetime": {"datetime": "2024-06-14 12:31:25", "elapsed": 16.599142, "delta": 0.010971}}
{"target": -583.5927393050913, "params": {"gamma": 7.36653545986381, "prior": 3.096284649891858, "rate": 5.273430978494289}, "datetime": {"datetime": "2024-06-14 12:31:25", "elapsed": 16.609115, "delta": 0.009973}}
{"target": -217.90047791672316, "params": {"gamma": 2.0722252550467415, "prior": 2.617176807498664, "rate": 4.340796665124917}, "datetime": {"datetime": "2024-06-14 12:31:25", "elapsed": 16.620321, "delta": 0.011206}}
{"target": -161.78858619928283, "params": {"gamma": 0.8251761637855287, "prior": 8.547550771616626, "rate": 9.163375833703464}, "datetime": {"datetime": "2024-06-14 12:31:25", "elapsed": 16.630294, "delta": 0.009973}}
{"target": -221.8501409614851, "params": {"gamma": 2.131865517652924, "prior": 4.789847916431056, "rate": 8.414755557056594}, "datetime": {"datetime": "2024-06-14 12:31:25", "elapsed": 16.641264, "delta": 0.01097}}
{"target": -253.78387234499368, "params": {"gamma": 2.8835014556151, "prior": 6.146017338301501, "rate": 4.421038071544468}, "datetime": {"datetime": "2024-06-14 12:31:25", "elapsed": 16.652235, "delta": 0.010971}}
{"target": -317.1833025376603, "params": {"gamma": 3.9755172922412867, "prior": 7.914804790958176, "rate": 4.645661627447652}, "datetime": {"datetime": "2024-06-14 12:31:25", "elapsed": 16.662208, "delta": 0.009973}}
{"target": -371.5739043059566, "params": {"gamma": 4.648560381634333, "prior": 9.92108219282192, "rate": 9.622335724671418}, "datetime": {"datetime": "2024-06-14 12:31:25", "elapsed": 16.672182, "delta": 0.009974}}
{"target": -240.56147045189564, "params": {"gamma": 2.3515737989342904, "prior": 2.3468422945017595, "rate": 6.627717437420285}, "datetime": {"datetime": "2024-06-14 12:31:25", "elapsed": 16.68415, "delta": 0.011968}}
{"target": -337.0265195330172, "params": {"gamma": 4.12005240559699, "prior": 7.21566500145903, "rate": 7.33480011223453}, "datetime": {"datetime": "2024-06-14 12:31:25", "elapsed": 16.69512, "delta": 0.01097}}
{"target": -647.5120899047236, "params": {"gamma": 7.833165317126014, "prior": 2.706813429208478, "rate": 9.983583794835354}, "datetime": {"datetime": "2024-06-14 12:31:25", "elapsed": 16.705094, "delta": 0.009974}}
{"target": -396.7993675332329, "params": {"gamma": 4.937510667267648, "prior": 0.9308724921413128, "rate": 1.1210448167623643}, "datetime": {"datetime": "2024-06-14 12:31:25", "elapsed": 16.716065, "delta": 0.010971}}
{"target": -456.404549935097, "params": {"gamma": 5.615435741740323, "prior": 5.150078530019021, "rate": 9.348420230005587}, "datetime": {"datetime": "2024-06-14 12:31:25", "elapsed": 16.726038, "delta": 0.009973}}
{"target": -645.8938478559731, "params": {"gamma": 9.008359782293162, "prior": 4.707496113752034, "rate": 2.0655648551479264}, "datetime": {"datetime": "2024-06-14 12:31:25", "elapsed": 16.736011, "delta": 0.009973}}
{"target": -462.21269258279864, "params": {"gamma": 5.644611641557381, "prior": 3.156460479596483, "rate": 6.506205753925493}, "datetime": {"datetime": "2024-06-14 12:31:25", "elapsed": 16.746982, "delta": 0.010971}}
{"target": -370.7226571873664, "params": {"gamma": 5.151524964800736, "prior": 8.447482905263575, "rate": 1.318272408917089}, "datetime": {"datetime": "2024-06-14 12:31:25", "elapsed": 16.757953, "delta": 0.010971}}
{"target": -236.95306287170547, "params": {"gamma": 2.510816765750457, "prior": 6.015561199030471, "rate": 6.252522597888486}, "datetime": {"datetime": "2024-06-14 12:31:25", "elapsed": 16.767926, "delta": 0.009973}}
{"target": -334.92423074655727, "params": {"gamma": 4.126528259704839, "prior": 9.015862526250485, "rate": 8.102939975399439}, "datetime": {"datetime": "2024-06-14 12:31:25", "elapsed": 16.779897, "delta": 0.011971}}
{"target": -423.8940458794022, "params": {"gamma": 5.408957978271053, "prior": 4.109790667839894, "rate": 3.9723842641831384}, "datetime": {"datetime": "2024-06-14 12:31:25", "elapsed": 16.789868, "delta": 0.009971}}
{"target": -170.25748496477814, "params": {"gamma": 1.1407744850837678, "prior": 9.378724974180852, "rate": 2.3461206012549862}, "datetime": {"datetime": "2024-06-14 12:31:25", "elapsed": 16.800838, "delta": 0.01097}}
{"target": -186.22583657098906, "params": {"gamma": 1.5290154598338772, "prior": 5.149156483909666, "rate": 4.550990310069778}, "datetime": {"datetime": "2024-06-14 12:31:25", "elapsed": 16.811808, "delta": 0.01097}}
{"target": -159.69344810787146, "params": {"gamma": 0.741195677957228, "prior": 5.798171437543058, "rate": 6.98565427848021}, "datetime": {"datetime": "2024-06-14 12:31:25", "elapsed": 16.821782, "delta": 0.009974}}
{"target": -409.95857976830706, "params": {"gamma": 4.905996798082162, "prior": 0.8216471576437056, "rate": 1.7974602213999658}, "datetime": {"datetime": "2024-06-14 12:31:25", "elapsed": 16.831755, "delta": 0.009973}}
{"target": -171.59107907907983, "params": {"gamma": 1.1602386580615005, "prior": 5.876279483963145, "rate": 0.8517929419359279}, "datetime": {"datetime": "2024-06-14 12:31:25", "elapsed": 16.842726, "delta": 0.010971}}
{"target": -338.3913007504723, "params": {"gamma": 3.8411646857898374, "prior": 1.5568483148669632, "rate": 4.115450872320082}, "datetime": {"datetime": "2024-06-14 12:31:25", "elapsed": 16.852699, "delta": 0.009973}}
{"target": -512.5731471273002, "params": {"gamma": 6.253124313642986, "prior": 3.6594426508543156, "rate": 8.959947493135243}, "datetime": {"datetime": "2024-06-14 12:31:25", "elapsed": 16.86367, "delta": 0.010971}}
{"target": -337.67706496482873, "params": {"gamma": 4.175385995901437, "prior": 9.343186839462406, "rate": 8.204747872100748}, "datetime": {"datetime": "2024-06-14 12:31:25", "elapsed": 16.873643, "delta": 0.009973}}
{"target": -173.08193235243888, "params": {"gamma": 1.1673082330925828, "prior": 1.1292596538179704, "rate": 1.3289685737075208}, "datetime": {"datetime": "2024-06-14 12:31:25", "elapsed": 16.884614, "delta": 0.010971}}
{"target": -498.18229069648544, "params": {"gamma": 6.3850452068779955, "prior": 6.877462138363933, "rate": 7.900310828063816}, "datetime": {"datetime": "2024-06-14 12:31:25", "elapsed": 16.894587, "delta": 0.009973}}
{"target": -426.16743184580264, "params": {"gamma": 5.423716313506835, "prior": 6.7860429050825894, "rate": 6.86782996092407}, "datetime": {"datetime": "2024-06-14 12:31:25", "elapsed": 16.905558, "delta": 0.010971}}
{"target": -281.34164697616455, "params": {"gamma": 3.3829604515267047, "prior": 6.540111495995206, "rate": 4.041556089281965}, "datetime": {"datetime": "2024-06-14 12:31:25", "elapsed": 16.915531, "delta": 0.009973}}
{"target": -470.9151519354091, "params": {"gamma": 6.402004807053291, "prior": 9.352740161515133, "rate": 4.300276952021971}, "datetime": {"datetime": "2024-06-14 12:31:25", "elapsed": 16.925504, "delta": 0.009973}}
{"target": -414.7373217652557, "params": {"gamma": 5.062169284611167, "prior": 3.387441539928508, "rate": 5.787626649270162}, "datetime": {"datetime": "2024-06-14 12:31:25", "elapsed": 16.936584, "delta": 0.01108}}
{"target": -700.0940487593738, "params": {"gamma": 8.63433961200101, "prior": 2.9081286245045184, "rate": 8.3440688316731}, "datetime": {"datetime": "2024-06-14 12:31:25", "elapsed": 16.946557, "delta": 0.009973}}
{"target": -425.6115986694854, "params": {"gamma": 5.19525257002433, "prior": 2.338154974562283, "rate": 4.195052837461809}, "datetime": {"datetime": "2024-06-14 12:31:25", "elapsed": 16.95653, "delta": 0.009973}}
{"target": -191.11324284159448, "params": {"gamma": 1.6707797438122824, "prior": 9.132705794826414, "rate": 0.5804135275146948}, "datetime": {"datetime": "2024-06-14 12:31:25", "elapsed": 16.967501, "delta": 0.010971}}
{"target": -500.4526663184663, "params": {"gamma": 6.0404303253472555, "prior": 1.1291215126301983, "rate": 3.135467231273893}, "datetime": {"datetime": "2024-06-14 12:31:25", "elapsed": 16.978018, "delta": 0.010517}}
{"target": -183.93114670104373, "params": {"gamma": 1.430273657454418, "prior": 5.045153826684863, "rate": 6.361341648049341}, "datetime": {"datetime": "2024-06-14 12:31:25", "elapsed": 16.987991, "delta": 0.009973}}
{"target": -652.5265180818614, "params": {"gamma": 8.292725454727396, "prior": 4.5551280553231495, "rate": 7.694721722549676}, "datetime": {"datetime": "2024-06-14 12:31:25", "elapsed": 16.998748, "delta": 0.010757}}
{"target": -415.9534392333374, "params": {"gamma": 5.953782798974832, "prior": 9.725416897155455, "rate": 1.1980382373790506}, "datetime": {"datetime": "2024-06-14 12:31:25", "elapsed": 17.008722, "delta": 0.009974}}
{"target": -619.4415476182814, "params": {"gamma": 8.163360508295652, "prior": 8.36804642863598, "rate": 7.915926255491784}, "datetime": {"datetime": "2024-06-14 12:31:25", "elapsed": 17.018695, "delta": 0.009973}}
{"target": -380.23042131489876, "params": {"gamma": 4.548793901755333, "prior": 5.319373120578599, "rate": 9.853860789595378}, "datetime": {"datetime": "2024-06-14 12:31:25", "elapsed": 17.029666, "delta": 0.010971}}
{"target": -690.9452643714109, "params": {"gamma": 9.446413498524006, "prior": 7.653717361291417, "rate": 4.603153079254813}, "datetime": {"datetime": "2024-06-14 12:31:25", "elapsed": 17.040636, "delta": 0.01097}}
{"target": -398.04593362711927, "params": {"gamma": 5.4028153672728605, "prior": 8.065147279335433, "rate": 2.7694190259593214}, "datetime": {"datetime": "2024-06-14 12:31:25", "elapsed": 17.05061, "delta": 0.009974}}
{"target": -252.13450652697097, "params": {"gamma": 2.5660746449201204, "prior": 2.2172273194191625, "rate": 5.5125104016000455}, "datetime": {"datetime": "2024-06-14 12:31:25", "elapsed": 17.06158, "delta": 0.01097}}
{"target": -774.1525878114003, "params": {"gamma": 9.51400463278507, "prior": 2.453593275447689, "rate": 8.016191948242625}, "datetime": {"datetime": "2024-06-14 12:31:25", "elapsed": 17.071554, "delta": 0.009974}}
{"target": -152.15232942179847, "params": {"gamma": 0.3050697728019885, "prior": 5.111578112737991, "rate": 2.840969561694019}, "datetime": {"datetime": "2024-06-14 12:31:25", "elapsed": 17.081527, "delta": 0.009973}}
{"target": -259.18503722457604, "params": {"gamma": 2.8279345769967326, "prior": 3.9805415181824153, "rate": 5.35503815277569}, "datetime": {"datetime": "2024-06-14 12:31:25", "elapsed": 17.092498, "delta": 0.010971}}
{"target": -526.5951240598824, "params": {"gamma": 7.729080748891848, "prior": 9.620416719522808, "rate": 1.5047059924704762}, "datetime": {"datetime": "2024-06-14 12:31:25", "elapsed": 17.102471, "delta": 0.009973}}
{"target": -358.5270700639034, "params": {"gamma": 3.948506624298461, "prior": 1.711128575734629, "rate": 8.366584905960446}, "datetime": {"datetime": "2024-06-14 12:31:25", "elapsed": 17.112445, "delta": 0.009974}}
{"target": -162.1941902618935, "params": {"gamma": 0.848939363998362, "prior": 8.577228644378229, "rate": 7.408710726097538}, "datetime": {"datetime": "2024-06-14 12:31:25", "elapsed": 17.123415, "delta": 0.01097}}
{"target": -581.5088112928291, "params": {"gamma": 8.583506747549555, "prior": 8.910210077238986, "rate": 1.5086156837021263}, "datetime": {"datetime": "2024-06-14 12:31:25", "elapsed": 17.133388, "delta": 0.009973}}
{"target": -432.26909157781927, "params": {"gamma": 5.5673037568750585, "prior": 3.0949243389652152, "rate": 2.7129607380351044}, "datetime": {"datetime": "2024-06-14 12:31:25", "elapsed": 17.143389, "delta": 0.010001}}
{"target": -151.97535716670686, "params": {"gamma": 0.16532732155215554, "prior": 5.200289634664171, "rate": 0.19147494677606597}, "datetime": {"datetime": "2024-06-14 12:31:25", "elapsed": 17.154332, "delta": 0.010943}}
{"target": -707.083690471874, "params": {"gamma": 8.982387549518384, "prior": 2.743118745199252, "rate": 4.934240682090825}, "datetime": {"datetime": "2024-06-14 12:31:25", "elapsed": 17.164306, "delta": 0.009974}}
{"target": -561.8782840014915, "params": {"gamma": 6.364538822186757, "prior": 0.11484759273546576, "rate": 1.1332762215360346}, "datetime": {"datetime": "2024-06-14 12:31:25", "elapsed": 17.174279, "delta": 0.009973}}
{"target": -379.9366789939128, "params": {"gamma": 4.6659477575289365, "prior": 6.27045023526184, "rate": 8.196890952415792}, "datetime": {"datetime": "2024-06-14 12:31:25", "elapsed": 17.18525, "delta": 0.010971}}
{"target": -329.867286579034, "params": {"gamma": 4.148641338539144, "prior": 9.27585593466577, "rate": 5.974235073828673}, "datetime": {"datetime": "2024-06-14 12:31:25", "elapsed": 17.196221, "delta": 0.010971}}
{"target": -150.47810529364364, "params": {"gamma": 0.019306140396848814, "prior": 6.83237546346491, "rate": 2.128523676734889}, "datetime": {"datetime": "2024-06-14 12:31:25", "elapsed": 17.206194, "delta": 0.009973}}
{"target": -150.80138132888789, "params": {"gamma": 0.1535430664843777, "prior": 7.383907493191389, "rate": 5.519551912752578}, "datetime": {"datetime": "2024-06-14 12:31:25", "elapsed": 17.217164, "delta": 0.01097}}
{"target": -647.4522726366426, "params": {"gamma": 7.836427271615353, "prior": 0.9728738222321646, "rate": 3.557641134340776}, "datetime": {"datetime": "2024-06-14 12:31:25", "elapsed": 17.227138, "delta": 0.009974}}
{"target": -263.33310866048316, "params": {"gamma": 2.997716685977381, "prior": 5.733129677407973, "rate": 5.102021899170938}, "datetime": {"datetime": "2024-06-14 12:31:25", "elapsed": 17.237111, "delta": 0.009973}}
{"target": -638.3934891643153, "params": {"gamma": 7.821480373966176, "prior": 1.951873292249901, "rate": 5.765378570105822}, "datetime": {"datetime": "2024-06-14 12:31:25", "elapsed": 17.248082, "delta": 0.010971}}
{"target": -503.832434406957, "params": {"gamma": 6.444129706059222, "prior": 4.652693074134186, "rate": 5.580214322469496}, "datetime": {"datetime": "2024-06-14 12:31:25", "elapsed": 17.259052, "delta": 0.01097}}
{"target": -703.1362632888207, "params": {"gamma": 9.743286307322958, "prior": 7.541556933766897, "rate": 3.8104826236472786}, "datetime": {"datetime": "2024-06-14 12:31:25", "elapsed": 17.270023, "delta": 0.010971}}
{"target": -322.79989069466757, "params": {"gamma": 4.340728838399114, "prior": 7.1570316925553605, "rate": 0.9380272253159303}, "datetime": {"datetime": "2024-06-14 12:31:25", "elapsed": 17.279997, "delta": 0.009974}}
{"target": -487.30072360093567, "params": {"gamma": 6.378444418173399, "prior": 1.2321491091836958, "rate": 1.0193780310022393}, "datetime": {"datetime": "2024-06-14 12:31:25", "elapsed": 17.290967, "delta": 0.01097}}
{"target": -562.2726836099474, "params": {"gamma": 6.667021122891057, "prior": 1.7542887876159898, "rate": 7.647419971523622}, "datetime": {"datetime": "2024-06-14 12:31:25", "elapsed": 17.30094, "delta": 0.009973}}
{"target": -595.8425865026537, "params": {"gamma": 7.506153520363204, "prior": 3.18900068961921, "rate": 5.7090751316208}, "datetime": {"datetime": "2024-06-14 12:31:25", "elapsed": 17.311911, "delta": 0.010971}}
{"target": -457.56925348116164, "params": {"gamma": 6.451761309420609, "prior": 8.133499632738395, "rate": 2.0154617304835343}, "datetime": {"datetime": "2024-06-14 12:31:25", "elapsed": 17.321885, "delta": 0.009974}}
{"target": -498.0028818465843, "params": {"gamma": 6.762750921175965, "prior": 8.246616776474657, "rate": 4.144442403173417}, "datetime": {"datetime": "2024-06-14 12:31:25", "elapsed": 17.332855, "delta": 0.01097}}
{"target": -407.3136707390984, "params": {"gamma": 4.93747435337824, "prior": 5.191069021280379, "rate": 9.393346948548995}, "datetime": {"datetime": "2024-06-14 12:31:25", "elapsed": 17.343826, "delta": 0.010971}}
{"target": -154.80997686004153, "params": {"gamma": 0.5174559628579339, "prior": 5.75837295853161, "rate": 4.89811116337683}, "datetime": {"datetime": "2024-06-14 12:31:25", "elapsed": 17.353799, "delta": 0.009973}}
{"target": -294.76328217523877, "params": {"gamma": 3.43893717379704, "prior": 6.732175526529206, "rate": 7.6946306666071145}, "datetime": {"datetime": "2024-06-14 12:31:25", "elapsed": 17.363774, "delta": 0.009975}}
{"target": -466.0712394219869, "params": {"gamma": 5.401055710011223, "prior": 0.5122166664564219, "rate": 2.351573570535765}, "datetime": {"datetime": "2024-06-14 12:31:25", "elapsed": 17.374743, "delta": 0.010969}}
{"target": -150.82743708230015, "params": {"gamma": 0.20537707355366863, "prior": 3.3450050943537124, "rate": 4.6810927226785255}, "datetime": {"datetime": "2024-06-14 12:31:25", "elapsed": 17.384716, "delta": 0.009973}}
{"target": -594.1509500848306, "params": {"gamma": 7.845906561782468, "prior": 5.369502262702111, "rate": 4.774787580289247}, "datetime": {"datetime": "2024-06-14 12:31:25", "elapsed": 17.395687, "delta": 0.010971}}
{"target": -636.5246513233266, "params": {"gamma": 6.97979925706494, "prior": 0.27243013449192005, "rate": 6.950212658575371}, "datetime": {"datetime": "2024-06-14 12:31:25", "elapsed": 17.40566, "delta": 0.009973}}
{"target": -273.6557694939669, "params": {"gamma": 3.120283908366149, "prior": 5.641930498717792, "rate": 6.068459647449929}, "datetime": {"datetime": "2024-06-14 12:31:25", "elapsed": 17.415635, "delta": 0.009975}}
{"target": -207.39620697215813, "params": {"gamma": 1.8222444288432162, "prior": 2.5776986435657308, "rate": 5.788601767479563}, "datetime": {"datetime": "2024-06-14 12:31:25", "elapsed": 17.426604, "delta": 0.010969}}
{"target": -248.17336478800783, "params": {"gamma": 2.626964094789226, "prior": 2.4702287887304846, "rate": 3.5909544712195682}, "datetime": {"datetime": "2024-06-14 12:31:25", "elapsed": 17.437575, "delta": 0.010971}}
{"target": -661.8870837483057, "params": {"gamma": 9.044205571519699, "prior": 8.705182024603866, "rate": 5.140843749597316}, "datetime": {"datetime": "2024-06-14 12:31:25", "elapsed": 17.447549, "delta": 0.009974}}
{"target": -155.80939714638285, "params": {"gamma": 0.518425063389165, "prior": 8.023345278411995, "rate": 1.8127106900062346}, "datetime": {"datetime": "2024-06-14 12:31:25", "elapsed": 17.458521, "delta": 0.010972}}
