{"target": -125.49986898384824, "params": {"gamma": 0.657282747746784, "prior": 4.544031005383378, "rate": 8.378448285186794}, "datetime": {"datetime": "2024-06-14 04:07:37", "elapsed": 12.520726, "delta": 0.009974}}
{"target": -170.31527368080305, "params": {"gamma": 1.7983467816471097, "prior": 0.48173470650167005, "rate": 7.327203051217345}, "datetime": {"datetime": "2024-06-14 04:07:37", "elapsed": 12.530699, "delta": 0.009973}}
{"target": -428.7778811745189, "params": {"gamma": 5.630844195010378, "prior": 0.5164002018474038, "rate": 9.848867755318958}, "datetime": {"datetime": "2024-06-14 04:07:37", "elapsed": 12.540672, "delta": 0.009973}}
{"target": -253.51692624607108, "params": {"gamma": 5.693754542449788, "prior": 5.893051062330274, "rate": 7.899276512022575}, "datetime": {"datetime": "2024-06-14 04:07:37", "elapsed": 12.550646, "delta": 0.009974}}
{"target": -519.7854013400691, "params": {"gamma": 9.026444072192401, "prior": 0.7014322896639713, "rate": 3.485783580678766}, "datetime": {"datetime": "2024-06-14 04:07:37", "elapsed": 12.560619, "delta": 0.009973}}
{"target": -197.99223579516124, "params": {"gamma": 2.001718538820858, "prior": 4.70500016338409, "rate": 0.9155879517141836}, "datetime": {"datetime": "2024-06-14 04:07:37", "elapsed": 12.570592, "delta": 0.009973}}
{"target": -122.94549195593248, "params": {"gamma": 0.6817896566229965, "prior": 3.07880538798981, "rate": 9.04354823246074}, "datetime": {"datetime": "2024-06-14 04:07:37", "elapsed": 12.580566, "delta": 0.009974}}
{"target": -868.7024268504555, "params": {"gamma": 9.755444236897075, "prior": 7.660828314655607, "rate": 0.008408388692528457}, "datetime": {"datetime": "2024-06-14 04:07:37", "elapsed": 12.589542, "delta": 0.008976}}
{"target": -435.16537937453063, "params": {"gamma": 7.3524203268081045, "prior": 0.3177258488517453, "rate": 1.6864882568683546}, "datetime": {"datetime": "2024-06-14 04:07:37", "elapsed": 12.599515, "delta": 0.009973}}
{"target": -145.64660339795378, "params": {"gamma": 0.10612956883701744, "prior": 1.576357287795895, "rate": 6.87536774608507}, "datetime": {"datetime": "2024-06-14 04:07:37", "elapsed": 12.609488, "delta": 0.009973}}
{"target": -311.1587228064549, "params": {"gamma": 7.020466736538225, "prior": 3.773666325556383, "rate": 7.312177051179447}, "datetime": {"datetime": "2024-06-14 04:07:37", "elapsed": 12.619491, "delta": 0.010003}}
{"target": -441.9780750345983, "params": {"gamma": 8.47319475004096, "prior": 1.3905393929713459, "rate": 0.8749857543012785}, "datetime": {"datetime": "2024-06-14 04:07:37", "elapsed": 12.629115, "delta": 0.009624}}
{"target": -216.28382875484976, "params": {"gamma": 3.7198426436825134, "prior": 4.098448011756622, "rate": 2.764765794383843}, "datetime": {"datetime": "2024-06-14 04:07:37", "elapsed": 12.639088, "delta": 0.009973}}
{"target": -352.1394743887665, "params": {"gamma": 7.5419276912585245, "prior": 3.2856833854686824, "rate": 8.001642974863078}, "datetime": {"datetime": "2024-06-14 04:07:37", "elapsed": 12.649061, "delta": 0.009973}}
{"target": -422.24758840220807, "params": {"gamma": 9.113172234382187, "prior": 5.180175174658037, "rate": 4.294790874776841}, "datetime": {"datetime": "2024-06-14 04:07:37", "elapsed": 12.658604, "delta": 0.009543}}
{"target": -122.63100219703834, "params": {"gamma": 0.9168564269132811, "prior": 2.8094053076691683, "rate": 8.866591497643999}, "datetime": {"datetime": "2024-06-14 04:07:37", "elapsed": 12.669144, "delta": 0.01054}}
{"target": -164.48354670538066, "params": {"gamma": 2.460197468394256, "prior": 6.24977493002166, "rate": 4.950578951032165}, "datetime": {"datetime": "2024-06-14 04:07:37", "elapsed": 12.679118, "delta": 0.009974}}
{"target": -175.06585217733704, "params": {"gamma": 0.9446309868062094, "prior": 9.003748460789474, "rate": 0.6786405537486796}, "datetime": {"datetime": "2024-06-14 04:07:37", "elapsed": 12.689091, "delta": 0.009973}}
{"target": -341.3234015622067, "params": {"gamma": 6.807342552340344, "prior": 9.722781585845405, "rate": 7.09402853441662}, "datetime": {"datetime": "2024-06-14 04:07:37", "elapsed": 12.699064, "delta": 0.009973}}
{"target": -227.88239311988104, "params": {"gamma": 3.2597612958632975, "prior": 0.8270576470431867, "rate": 5.797790733426387}, "datetime": {"datetime": "2024-06-14 04:07:37", "elapsed": 12.709037, "delta": 0.009973}}
{"target": -317.30093838578176, "params": {"gamma": 7.335436665512681, "prior": 3.6525757331700546, "rate": 6.537860973630521}, "datetime": {"datetime": "2024-06-14 04:07:37", "elapsed": 12.719011, "delta": 0.009974}}
{"target": -435.8709280569766, "params": {"gamma": 5.6663474905763875, "prior": 0.4376535322434657, "rate": 9.207023836034617}, "datetime": {"datetime": "2024-06-14 04:07:37", "elapsed": 12.728985, "delta": 0.009974}}
{"target": -199.47016355675453, "params": {"gamma": 3.80067802872134, "prior": 3.8560792455691626, "rate": 8.463712402100912}, "datetime": {"datetime": "2024-06-14 04:07:37", "elapsed": 12.738957, "delta": 0.009972}}
{"target": -225.1585271318181, "params": {"gamma": 4.843294742066144, "prior": 4.565581063206701, "rate": 6.398927296728125}, "datetime": {"datetime": "2024-06-14 04:07:37", "elapsed": 12.748931, "delta": 0.009974}}
{"target": -144.9592382519827, "params": {"gamma": 2.118501136597562, "prior": 5.330176857702819, "rate": 6.68601667563293}, "datetime": {"datetime": "2024-06-14 04:07:37", "elapsed": 12.758904, "delta": 0.009973}}
{"target": -267.01118103452836, "params": {"gamma": 5.388228223129067, "prior": 7.116735261329858, "rate": 5.985766383139416}, "datetime": {"datetime": "2024-06-14 04:07:37", "elapsed": 12.768877, "delta": 0.009973}}
{"target": -647.8051278673687, "params": {"gamma": 8.414213931463882, "prior": 8.803790551734272, "rate": 0.979294191124055}, "datetime": {"datetime": "2024-06-14 04:07:37", "elapsed": 12.778851, "delta": 0.009974}}
{"target": -170.84509584389204, "params": {"gamma": 2.5866813512262476, "prior": 0.6410959386512911, "rate": 2.289689785820543}, "datetime": {"datetime": "2024-06-14 04:07:37", "elapsed": 12.788824, "delta": 0.009973}}
{"target": -311.99453232805564, "params": {"gamma": 7.209446154413992, "prior": 0.8775978709769626, "rate": 1.5520400109873145}, "datetime": {"datetime": "2024-06-14 04:07:37", "elapsed": 12.7978, "delta": 0.008976}}
{"target": -400.5534658401489, "params": {"gamma": 7.707912505930211, "prior": 4.498819255990509, "rate": 2.9019172561855204}, "datetime": {"datetime": "2024-06-14 04:07:37", "elapsed": 12.807774, "delta": 0.009974}}
{"target": -547.4767863312956, "params": {"gamma": 6.440202978033387, "prior": 8.880690205028927, "rate": 0.3770167983173472}, "datetime": {"datetime": "2024-06-14 04:07:37", "elapsed": 12.817747, "delta": 0.009973}}
{"target": -295.8087672574031, "params": {"gamma": 6.931250350669296, "prior": 6.718652167826616, "rate": 8.680252973877208}, "datetime": {"datetime": "2024-06-14 04:07:37", "elapsed": 12.82772, "delta": 0.009973}}
{"target": -204.71438672963018, "params": {"gamma": 1.964524028194986, "prior": 7.156647032386309, "rate": 1.0399071814446177}, "datetime": {"datetime": "2024-06-14 04:07:37", "elapsed": 12.837693, "delta": 0.009973}}
{"target": -169.85989190480848, "params": {"gamma": 0.5672069415832846, "prior": 6.839880739152903, "rate": 0.22732450662229567}, "datetime": {"datetime": "2024-06-14 04:07:37", "elapsed": 12.847667, "delta": 0.009974}}
{"target": -126.35883125031867, "params": {"gamma": 0.4439465889324353, "prior": 0.46583492545602645, "rate": 4.65463967682463}, "datetime": {"datetime": "2024-06-14 04:07:37", "elapsed": 12.85764, "delta": 0.009973}}
{"target": -529.9546078785843, "params": {"gamma": 7.5789365730024665, "prior": 9.92277231453038, "rate": 2.2668503578440693}, "datetime": {"datetime": "2024-06-14 04:07:37", "elapsed": 12.867613, "delta": 0.009973}}
{"target": -339.0522040138611, "params": {"gamma": 7.924009872480004, "prior": 7.972934055378927, "rate": 8.72255485071234}, "datetime": {"datetime": "2024-06-14 04:07:37", "elapsed": 12.877586, "delta": 0.009973}}
{"target": -212.2880297289784, "params": {"gamma": 3.1432456469635857, "prior": 1.4159580458583867, "rate": 7.967219098261448}, "datetime": {"datetime": "2024-06-14 04:07:37", "elapsed": 12.886563, "delta": 0.008977}}
{"target": -438.3227496565313, "params": {"gamma": 5.675065913341395, "prior": 4.2050738753286225, "rate": 0.587358130182522}, "datetime": {"datetime": "2024-06-14 04:07:37", "elapsed": 12.896536, "delta": 0.009973}}
{"target": -152.22882895705675, "params": {"gamma": 0.06656219698395709, "prior": 3.2286322867153814, "rate": 2.715316394543481}, "datetime": {"datetime": "2024-06-14 04:07:37", "elapsed": 12.906509, "delta": 0.009973}}
{"target": -293.9875890289831, "params": {"gamma": 4.757760549476385, "prior": 9.243757460551764, "rate": 4.167428176120559}, "datetime": {"datetime": "2024-06-14 04:07:37", "elapsed": 12.916483, "delta": 0.009974}}
{"target": -214.28405237408188, "params": {"gamma": 2.8795508249232378, "prior": 8.467940679140908, "rate": 3.0701917238377807}, "datetime": {"datetime": "2024-06-14 04:07:37", "elapsed": 12.926456, "delta": 0.009973}}
{"target": -445.24005635798295, "params": {"gamma": 9.155924640477402, "prior": 8.647777248513803, "rate": 6.388553062492898}, "datetime": {"datetime": "2024-06-14 04:07:37", "elapsed": 12.937428, "delta": 0.010972}}
{"target": -396.0925336893966, "params": {"gamma": 7.477004260543885, "prior": 1.6574956757483044, "rate": 6.029139826844452}, "datetime": {"datetime": "2024-06-14 04:07:37", "elapsed": 12.94743, "delta": 0.010002}}
{"target": -220.15437320854008, "params": {"gamma": 3.2710458013785924, "prior": 4.937912730263073, "rate": 2.2546291955209634}, "datetime": {"datetime": "2024-06-14 04:07:37", "elapsed": 12.957373, "delta": 0.009943}}
{"target": -374.68244767296784, "params": {"gamma": 9.019674819004562, "prior": 4.174184394127804, "rate": 4.767863797915282}, "datetime": {"datetime": "2024-06-14 04:07:37", "elapsed": 12.967346, "delta": 0.009973}}
{"target": -389.5387791719591, "params": {"gamma": 7.214306126589714, "prior": 1.3097484479347787, "rate": 5.031147420462448}, "datetime": {"datetime": "2024-06-14 04:07:37", "elapsed": 12.97732, "delta": 0.009974}}
{"target": -471.65628310279175, "params": {"gamma": 8.131663485200999, "prior": 6.805684413213499, "rate": 3.2171856095203215}, "datetime": {"datetime": "2024-06-14 04:07:37", "elapsed": 12.987293, "delta": 0.009973}}
{"target": -321.57480181553933, "params": {"gamma": 7.106943301265306, "prior": 9.350952026926866, "rate": 8.947867607275063}, "datetime": {"datetime": "2024-06-14 04:07:37", "elapsed": 12.99627, "delta": 0.008977}}
{"target": -311.67467496578723, "params": {"gamma": 7.422605646963092, "prior": 2.7344015716166092, "rate": 3.725501581962508}, "datetime": {"datetime": "2024-06-14 04:07:37", "elapsed": 13.006243, "delta": 0.009973}}
{"target": -253.05542794716484, "params": {"gamma": 5.584620793314178, "prior": 3.872384078878505, "rate": 4.558012873762793}, "datetime": {"datetime": "2024-06-14 04:07:37", "elapsed": 13.016216, "delta": 0.009973}}
{"target": -526.1053024152554, "params": {"gamma": 7.935465915232807, "prior": 1.1290073078901408, "rate": 9.7299927856935}, "datetime": {"datetime": "2024-06-14 04:07:37", "elapsed": 13.026189, "delta": 0.009973}}
{"target": -325.48926043009936, "params": {"gamma": 7.046486043044176, "prior": 8.660805896925622, "rate": 7.817018859374792}, "datetime": {"datetime": "2024-06-14 04:07:37", "elapsed": 13.036163, "delta": 0.009974}}
{"target": -309.06680269690116, "params": {"gamma": 4.322404951375301, "prior": 9.430860319493826, "rate": 2.5316090848682102}, "datetime": {"datetime": "2024-06-14 04:07:37", "elapsed": 13.046136, "delta": 0.009973}}
{"target": -129.63343385757005, "params": {"gamma": 0.46343798347233406, "prior": 1.0590944796215522, "rate": 2.0081654825988586}, "datetime": {"datetime": "2024-06-14 04:07:37", "elapsed": 13.056138, "delta": 0.010002}}
{"target": -294.6740212123361, "params": {"gamma": 5.3912662829380675, "prior": 2.3136652704027774, "rate": 8.353372877694195}, "datetime": {"datetime": "2024-06-14 04:07:37", "elapsed": 13.066083, "delta": 0.009945}}
{"target": -149.49862751741787, "params": {"gamma": 0.09437753374081341, "prior": 7.484419195067273, "rate": 9.69010921459811}, "datetime": {"datetime": "2024-06-14 04:07:37", "elapsed": 13.076056, "delta": 0.009973}}
{"target": -160.89812820057423, "params": {"gamma": 2.6725649276388403, "prior": 6.275773513641307, "rate": 7.148081569821106}, "datetime": {"datetime": "2024-06-14 04:07:37", "elapsed": 13.086029, "delta": 0.009973}}
{"target": -176.01767357041106, "params": {"gamma": 3.270247221878411, "prior": 4.387953061937092, "rate": 7.344354052301767}, "datetime": {"datetime": "2024-06-14 04:07:37", "elapsed": 13.096003, "delta": 0.009974}}
{"target": -127.00051123436522, "params": {"gamma": 1.3123707216933747, "prior": 1.5224911326883348, "rate": 3.7546878211627708}, "datetime": {"datetime": "2024-06-14 04:07:37", "elapsed": 13.105976, "delta": 0.009973}}
{"target": -177.3994633279772, "params": {"gamma": 2.2848621090646066, "prior": 3.139165298421994, "rate": 1.5015067831741629}, "datetime": {"datetime": "2024-06-14 04:07:37", "elapsed": 13.115949, "delta": 0.009973}}
{"target": -148.79535104043742, "params": {"gamma": 0.9672639623300204, "prior": 9.168241908051757, "rate": 3.4595881913084976}, "datetime": {"datetime": "2024-06-14 04:07:37", "elapsed": 13.125923, "delta": 0.009974}}
{"target": -280.40010620511424, "params": {"gamma": 5.660096601094165, "prior": 5.51726777421675, "rate": 4.5041251239749585}, "datetime": {"datetime": "2024-06-14 04:07:37", "elapsed": 13.134899, "delta": 0.008976}}
{"target": -358.2148359327698, "params": {"gamma": 7.478457982844058, "prior": 3.3826069277300896, "rate": 8.924882091116567}, "datetime": {"datetime": "2024-06-14 04:07:37", "elapsed": 13.144872, "delta": 0.009973}}
{"target": -139.57949522859275, "params": {"gamma": 0.6812641898485671, "prior": 5.7914069679783005, "rate": 3.391186716940452}, "datetime": {"datetime": "2024-06-14 04:07:37", "elapsed": 13.154845, "delta": 0.009973}}
{"target": -190.2655651011031, "params": {"gamma": 3.6396395485330513, "prior": 3.120469153051323, "rate": 6.036259408805832}, "datetime": {"datetime": "2024-06-14 04:07:37", "elapsed": 13.165151, "delta": 0.010306}}
{"target": -155.98759360965832, "params": {"gamma": 2.34484488740895, "prior": 3.013631376935151, "rate": 2.8556604108589827}, "datetime": {"datetime": "2024-06-14 04:07:37", "elapsed": 13.175124, "delta": 0.009973}}
{"target": -155.72356939778962, "params": {"gamma": 0.06894765796633268, "prior": 3.779023243593732, "rate": 0.4899246143734417}, "datetime": {"datetime": "2024-06-14 04:07:37", "elapsed": 13.185098, "delta": 0.009974}}
{"target": -408.0488419849387, "params": {"gamma": 8.743887748991542, "prior": 7.246044050893931, "rate": 5.953475738168867}, "datetime": {"datetime": "2024-06-14 04:07:37", "elapsed": 13.195072, "delta": 0.009974}}
{"target": -361.9254600392203, "params": {"gamma": 7.439039471551036, "prior": 9.020831429535983, "rate": 6.941211543141177}, "datetime": {"datetime": "2024-06-14 04:07:38", "elapsed": 13.205045, "delta": 0.009973}}
{"target": -303.83835052188806, "params": {"gamma": 5.90797241496815, "prior": 1.3301665118919654, "rate": 4.046421932570356}, "datetime": {"datetime": "2024-06-14 04:07:38", "elapsed": 13.215018, "delta": 0.009973}}
{"target": -257.8071335013432, "params": {"gamma": 5.789933531360811, "prior": 6.068159221609412, "rate": 9.607817590001783}, "datetime": {"datetime": "2024-06-14 04:07:38", "elapsed": 13.224991, "delta": 0.009973}}
{"target": -177.23156158051418, "params": {"gamma": 2.0557977104341765, "prior": 6.665198142873705, "rate": 2.5650349774738426}, "datetime": {"datetime": "2024-06-14 04:07:38", "elapsed": 13.234964, "delta": 0.009973}}
{"target": -284.6158042152888, "params": {"gamma": 4.1781946638619605, "prior": 9.722309574884378, "rate": 3.31144322847995}, "datetime": {"datetime": "2024-06-14 04:07:38", "elapsed": 13.244938, "delta": 0.009974}}
{"target": -317.2370427323823, "params": {"gamma": 3.620869630590026, "prior": 4.451727639802938, "rate": 0.4076372311016773}, "datetime": {"datetime": "2024-06-14 04:07:38", "elapsed": 13.254911, "delta": 0.009973}}
{"target": -208.75356277297166, "params": {"gamma": 3.9863038148057774, "prior": 6.227952485750611, "rate": 5.7812217885154835}, "datetime": {"datetime": "2024-06-14 04:07:38", "elapsed": 13.264884, "delta": 0.009973}}
{"target": -399.498517902055, "params": {"gamma": 8.734253865159978, "prior": 6.447746922370251, "rate": 5.570002490848631}, "datetime": {"datetime": "2024-06-14 04:07:38", "elapsed": 13.274858, "delta": 0.009974}}
{"target": -479.77746195366916, "params": {"gamma": 6.406830923563959, "prior": 0.5714061557653263, "rate": 9.961217364236495}, "datetime": {"datetime": "2024-06-14 04:07:38", "elapsed": 13.284831, "delta": 0.009973}}
{"target": -143.92424476120343, "params": {"gamma": 1.517902470777048, "prior": 4.242624178680719, "rate": 2.953219449966769}, "datetime": {"datetime": "2024-06-14 04:07:38", "elapsed": 13.294805, "delta": 0.009974}}
{"target": -312.52474707603267, "params": {"gamma": 5.7725917240622495, "prior": 5.6396541321313896, "rate": 3.5217911282734677}, "datetime": {"datetime": "2024-06-14 04:07:38", "elapsed": 13.304778, "delta": 0.009973}}
{"target": -397.4494520984618, "params": {"gamma": 9.73632101034662, "prior": 7.537589226886725, "rate": 8.898523787979325}, "datetime": {"datetime": "2024-06-14 04:07:38", "elapsed": 13.314751, "delta": 0.009973}}
{"target": -249.56660996601425, "params": {"gamma": 4.554646543417618, "prior": 6.0341202774811045, "rate": 4.135119304282028}, "datetime": {"datetime": "2024-06-14 04:07:38", "elapsed": 13.324725, "delta": 0.009974}}
{"target": -222.32594528184242, "params": {"gamma": 3.043247399234573, "prior": 5.302158650435817, "rate": 1.9104821219709982}, "datetime": {"datetime": "2024-06-14 04:07:38", "elapsed": 13.333701, "delta": 0.008976}}
{"target": -249.16807024511365, "params": {"gamma": 2.141803137630578, "prior": 5.156795441297785, "rate": 0.13950689289069168}, "datetime": {"datetime": "2024-06-14 04:07:38", "elapsed": 13.343674, "delta": 0.009973}}
{"target": -232.31358111687717, "params": {"gamma": 4.4554255996411385, "prior": 9.967336646400456, "rate": 8.227007128517913}, "datetime": {"datetime": "2024-06-14 04:07:38", "elapsed": 13.354644, "delta": 0.01097}}
{"target": -149.07349382374187, "params": {"gamma": 0.8355220043224125, "prior": 6.5933141384600535, "rate": 2.25470390737774}, "datetime": {"datetime": "2024-06-14 04:07:38", "elapsed": 13.36362, "delta": 0.008976}}
{"target": -125.10679231723134, "params": {"gamma": 1.1804405667721274, "prior": 3.551904901646867, "rate": 6.771991012506975}, "datetime": {"datetime": "2024-06-14 04:07:38", "elapsed": 13.373594, "delta": 0.009974}}
{"target": -411.2981338087034, "params": {"gamma": 5.508094840668205, "prior": 0.5352303689625977, "rate": 8.567685939201464}, "datetime": {"datetime": "2024-06-14 04:07:38", "elapsed": 13.383567, "delta": 0.009973}}
{"target": -350.44974783062275, "params": {"gamma": 4.776472641076445, "prior": 8.582084626197144, "rate": 1.8773524615382258}, "datetime": {"datetime": "2024-06-14 04:07:38", "elapsed": 13.39354, "delta": 0.009973}}
{"target": -132.67879013930883, "params": {"gamma": 0.8382489282379628, "prior": 5.208099654210848, "rate": 4.545992085303224}, "datetime": {"datetime": "2024-06-14 04:07:38", "elapsed": 13.403514, "delta": 0.009974}}
{"target": -145.20063409166528, "params": {"gamma": 0.13993009549948474, "prior": 0.4896104379385867, "rate": 0.9372347244778493}, "datetime": {"datetime": "2024-06-14 04:07:38", "elapsed": 13.413487, "delta": 0.009973}}
{"target": -128.7702540295346, "params": {"gamma": 0.4077341217427622, "prior": 1.839816766707203, "rate": 5.7557859749589015}, "datetime": {"datetime": "2024-06-14 04:07:38", "elapsed": 13.42349, "delta": 0.010003}}
{"target": -405.4134305029434, "params": {"gamma": 4.768049447045129, "prior": 9.79972035532993, "rate": 0.7083006030293989}, "datetime": {"datetime": "2024-06-14 04:07:38", "elapsed": 13.433434, "delta": 0.009944}}
{"target": -355.83758355228554, "params": {"gamma": 8.67428890537549, "prior": 5.827345843187369, "rate": 8.764878981579999}, "datetime": {"datetime": "2024-06-14 04:07:38", "elapsed": 13.443407, "delta": 0.009973}}
{"target": -124.40132615765879, "params": {"gamma": 0.5580803899209963, "prior": 1.0816198620738768, "rate": 8.631084082751796}, "datetime": {"datetime": "2024-06-14 04:07:38", "elapsed": 13.454407, "delta": 0.011}}
{"target": -508.5415719739009, "params": {"gamma": 5.7042698804473675, "prior": 5.629088630789569, "rate": 0.13111366674830982}, "datetime": {"datetime": "2024-06-14 04:07:38", "elapsed": 13.464351, "delta": 0.009944}}
{"target": -281.8537129528945, "params": {"gamma": 6.422885788360278, "prior": 8.491878366232083, "rate": 9.96126578479924}, "datetime": {"datetime": "2024-06-14 04:07:38", "elapsed": 13.474355, "delta": 0.010004}}
{"target": -209.5410382101963, "params": {"gamma": 4.3301149523829, "prior": 3.182949555977844, "rate": 4.0482984794974595}, "datetime": {"datetime": "2024-06-14 04:07:38", "elapsed": 13.484298, "delta": 0.009943}}
{"target": -147.94052067784003, "params": {"gamma": 2.2810229380137588, "prior": 2.3383759888621203, "rate": 4.337002443043325}, "datetime": {"datetime": "2024-06-14 04:07:38", "elapsed": 13.494272, "delta": 0.009974}}
{"target": -296.8875580297053, "params": {"gamma": 6.845710542660374, "prior": 6.641299157065754, "rate": 7.725129192452083}, "datetime": {"datetime": "2024-06-14 04:07:38", "elapsed": 13.504244, "delta": 0.009972}}
{"target": -148.402220064092, "params": {"gamma": 2.1689300660171678, "prior": 7.314193149454935, "rate": 7.952743020363484}, "datetime": {"datetime": "2024-06-14 04:07:38", "elapsed": 13.514218, "delta": 0.009974}}
