{"target": -189.34121941066945, "params": {"p_ai": 6.498254970280009, "p_al": 2.330305548399601, "p_ex": 0.9664694644135687, "prior": 0.22090350813201842, "rate": 8.59077256052087}, "datetime": {"datetime": "2024-06-13 00:16:34", "elapsed": 139.25046, "delta": 0.112699}}
{"target": -139.24752735764187, "params": {"p_ai": 1.4279566540748827, "p_al": 4.029886990464706, "p_ex": 0.9365508000919157, "prior": 1.1798186144028775, "rate": 3.7487938794307722}, "datetime": {"datetime": "2024-06-13 00:16:34", "elapsed": 139.356177, "delta": 0.105717}}
{"target": -125.10818502652967, "params": {"p_ai": 1.6546967791248957, "p_al": 7.189803640791438, "p_ex": 1.2593877715931971, "prior": 7.3885980982763915, "rate": 8.414001455172476}, "datetime": {"datetime": "2024-06-13 00:16:35", "elapsed": 139.462895, "delta": 0.106718}}
{"target": -112.69109405140267, "params": {"p_ai": 0.8277240020145509, "p_al": 0.40174085176928154, "p_ex": 4.935835222553207, "prior": 6.007983741691986, "rate": 6.840309611765913}, "datetime": {"datetime": "2024-06-13 00:16:35", "elapsed": 139.568781, "delta": 0.105886}}
{"target": -129.04625077754605, "params": {"p_ai": 4.783269121725012, "p_al": 5.43204650511011, "p_ex": 5.496552402245287, "prior": 7.138106637477267, "rate": 1.5624524636119834}, "datetime": {"datetime": "2024-06-13 00:16:35", "elapsed": 139.675498, "delta": 0.106717}}
{"target": -165.75050044890781, "params": {"p_ai": 0.21840247284079448, "p_al": 5.0810198285396355, "p_ex": 9.536924746726761, "prior": 0.2525090092699558, "rate": 6.128403575008314}, "datetime": {"datetime": "2024-06-13 00:16:35", "elapsed": 139.7819, "delta": 0.106402}}
{"target": -165.47435570442192, "params": {"p_ai": 4.939320683010433, "p_al": 9.002060207394416, "p_ex": 0.23704776287753082, "prior": 6.595399054482834, "rate": 6.562552010470135}, "datetime": {"datetime": "2024-06-13 00:16:35", "elapsed": 139.892603, "delta": 0.110703}}
{"target": -171.72653760986216, "params": {"p_ai": 8.837644098733263, "p_al": 5.364682726700318, "p_ex": 6.906781308399074, "prior": 4.127253846938141, "rate": 8.266081764202346}, "datetime": {"datetime": "2024-06-13 00:16:35", "elapsed": 139.999219, "delta": 0.106616}}
{"target": -170.8356725688654, "params": {"p_ai": 6.8504352216905025, "p_al": 1.0810222412253256, "p_ex": 1.3998087495288447, "prior": 1.5815613030149898, "rate": 1.2062726776522048}, "datetime": {"datetime": "2024-06-13 00:16:35", "elapsed": 140.105022, "delta": 0.105803}}
{"target": -101.35388165524797, "params": {"p_ai": 2.3035455339210555, "p_al": 4.234200487143697, "p_ex": 6.707944311433513, "prior": 3.3668765115423156, "rate": 5.198024236880238}, "datetime": {"datetime": "2024-06-13 00:16:35", "elapsed": 140.21271, "delta": 0.107688}}
{"target": -163.3305829120225, "params": {"p_ai": 8.211382294641277, "p_al": 8.846034811358733, "p_ex": 7.045232769327324, "prior": 8.345070705454033, "rate": 3.0914422049730192}, "datetime": {"datetime": "2024-06-13 00:16:35", "elapsed": 140.319931, "delta": 0.107221}}
{"target": -218.32923540254916, "params": {"p_ai": 7.906380261917968, "p_al": 9.166710416312725, "p_ex": 0.38501668004467343, "prior": 4.456841648918111, "rate": 2.400051758658205}, "datetime": {"datetime": "2024-06-13 00:16:36", "elapsed": 140.426135, "delta": 0.106204}}
{"target": -147.25780541090924, "params": {"p_ai": 4.940660386293297, "p_al": 6.175140602793566, "p_ex": 2.091272826194304, "prior": 8.744398930353034, "rate": 2.5596605190716057}, "datetime": {"datetime": "2024-06-13 00:16:36", "elapsed": 140.533167, "delta": 0.107032}}
{"target": -137.61128468851467, "params": {"p_ai": 7.136377798802829, "p_al": 8.522447753288162, "p_ex": 9.324182212105026, "prior": 9.557336945828917, "rate": 6.802327869110957}, "datetime": {"datetime": "2024-06-13 00:16:36", "elapsed": 140.639389, "delta": 0.106222}}
{"target": -178.49857860356394, "params": {"p_ai": 6.285568395410022, "p_al": 5.960060465580838, "p_ex": 4.851726446735362, "prior": 3.6049594608485735, "rate": 0.20863241585354705}, "datetime": {"datetime": "2024-06-13 00:16:36", "elapsed": 140.745101, "delta": 0.105712}}
{"target": -166.78627751114777, "params": {"p_ai": 7.486975885448935, "p_al": 3.937358788422066, "p_ex": 2.79410515735981, "prior": 7.775533086066571, "rate": 6.602998827874746}, "datetime": {"datetime": "2024-06-13 00:16:36", "elapsed": 140.851403, "delta": 0.106302}}
{"target": -181.66671114375677, "params": {"p_ai": 9.098056643649587, "p_al": 1.2770187303406033, "p_ex": 3.824203127550404, "prior": 5.774271922004235, "rate": 3.5456217583267438}, "datetime": {"datetime": "2024-06-13 00:16:36", "elapsed": 140.957121, "delta": 0.105718}}
{"target": -176.75337089951051, "params": {"p_ai": 3.4811350231133904, "p_al": 4.8414028576161146, "p_ex": 0.7153129490863941, "prior": 0.387818224896804, "rate": 8.406255835018216}, "datetime": {"datetime": "2024-06-13 00:16:36", "elapsed": 141.06358, "delta": 0.106459}}
{"target": -128.47678045519953, "params": {"p_ai": 0.07468152752854851, "p_al": 7.037874280718394, "p_ex": 4.456185466685769, "prior": 9.695126199772558, "rate": 8.099409010025607}, "datetime": {"datetime": "2024-06-13 00:16:36", "elapsed": 141.169298, "delta": 0.105718}}
{"target": -143.94159444131085, "params": {"p_ai": 3.996718434730743, "p_al": 3.938902959796732, "p_ex": 1.286813012611449, "prior": 3.6465500824313426, "rate": 2.0426073909631612}, "datetime": {"datetime": "2024-06-13 00:16:36", "elapsed": 141.275015, "delta": 0.105717}}
{"target": -130.22332953239984, "params": {"p_ai": 3.1614000068530106, "p_al": 5.623594945544146, "p_ex": 8.619255993738198, "prior": 0.9829189309028393, "rate": 8.300738150352977}, "datetime": {"datetime": "2024-06-13 00:16:37", "elapsed": 141.380761, "delta": 0.105746}}
{"target": -205.94466384369798, "params": {"p_ai": 9.206746670882922, "p_al": 2.2370564954994667, "p_ex": 2.0092749988734764, "prior": 7.68458337573151, "rate": 0.2062614705948202}, "datetime": {"datetime": "2024-06-13 00:16:37", "elapsed": 141.486971, "delta": 0.10621}}
{"target": -129.80699891114682, "params": {"p_ai": 4.899945500231934, "p_al": 0.22473218478826035, "p_ex": 8.073172073706955, "prior": 0.2445885062795086, "rate": 1.606378549398885}, "datetime": {"datetime": "2024-06-13 00:16:37", "elapsed": 141.592591, "delta": 0.10562}}
{"target": -214.3568571489407, "params": {"p_ai": 2.4620681009293874, "p_al": 9.97118086318404, "p_ex": 4.2080717220070545, "prior": 0.723555571610517, "rate": 2.5034633033992453}, "datetime": {"datetime": "2024-06-13 00:16:37", "elapsed": 141.698984, "delta": 0.106393}}
{"target": -206.6220988010802, "params": {"p_ai": 4.116278798256325, "p_al": 4.203178877087594, "p_ex": 1.2225962712638043, "prior": 0.09602835634617231, "rate": 8.154738679164394}, "datetime": {"datetime": "2024-06-13 00:16:37", "elapsed": 141.805905, "delta": 0.106921}}
{"target": -107.1012386819436, "params": {"p_ai": 2.420309422756816, "p_al": 0.8351610320295642, "p_ex": 3.902842935821451, "prior": 4.325960177896798, "rate": 5.241434014055874}, "datetime": {"datetime": "2024-06-13 00:16:37", "elapsed": 141.91262, "delta": 0.106715}}
{"target": -177.43396042739602, "params": {"p_ai": 7.603376815898056, "p_al": 7.881595226853473, "p_ex": 4.69433737684428, "prior": 8.84778674480025, "rate": 0.7923520325099378}, "datetime": {"datetime": "2024-06-13 00:16:37", "elapsed": 142.01889, "delta": 0.10627}}
{"target": -103.7193040906505, "params": {"p_ai": 3.5574531720980214, "p_al": 3.5994139100209117, "p_ex": 7.109371396496036, "prior": 8.454594325305903, "rate": 7.232506818121953}, "datetime": {"datetime": "2024-06-13 00:16:37", "elapsed": 142.125113, "delta": 0.106223}}
{"target": -133.8369877741765, "params": {"p_ai": 1.1093004471254597, "p_al": 5.993923463011581, "p_ex": 5.096712967465722, "prior": 6.054228201320038, "rate": 0.1226722842462226}, "datetime": {"datetime": "2024-06-13 00:16:37", "elapsed": 142.231566, "delta": 0.106453}}
{"target": -114.34448574959846, "params": {"p_ai": 2.8847318994074884, "p_al": 0.5195115021213401, "p_ex": 3.8593275631561745, "prior": 7.591105253188898, "rate": 2.760741862083189}, "datetime": {"datetime": "2024-06-13 00:16:37", "elapsed": 142.33828, "delta": 0.106714}}
{"target": -169.02345784723525, "params": {"p_ai": 6.141529398043521, "p_al": 6.274707164228254, "p_ex": 2.5170584045891635, "prior": 4.750942300769668, "rate": 1.4358112359468298}, "datetime": {"datetime": "2024-06-13 00:16:38", "elapsed": 142.444586, "delta": 0.106306}}
{"target": -140.9089737352508, "params": {"p_ai": 0.7011116324724777, "p_al": 7.929860841730195, "p_ex": 1.795562784233606, "prior": 1.262946483912148, "rate": 9.671184251007993}, "datetime": {"datetime": "2024-06-13 00:16:38", "elapsed": 142.550303, "delta": 0.105717}}
{"target": -131.58970613623524, "params": {"p_ai": 0.5573731780335549, "p_al": 6.819790241413085, "p_ex": 3.7501223484584494, "prior": 1.7357003045831663, "rate": 2.729343170863875}, "datetime": {"datetime": "2024-06-13 00:16:38", "elapsed": 142.657492, "delta": 0.107189}}
{"target": -183.7196545589149, "params": {"p_ai": 7.317227227933917, "p_al": 8.554888420670306, "p_ex": 2.689038141484899, "prior": 3.472099394055825, "rate": 4.096110345006913}, "datetime": {"datetime": "2024-06-13 00:16:38", "elapsed": 142.764781, "delta": 0.107289}}
{"target": -186.79472007940495, "params": {"p_ai": 8.27463349798043, "p_al": 7.499462592816369, "p_ex": 2.0949993417644017, "prior": 5.4290024784475, "rate": 7.667626272976248}, "datetime": {"datetime": "2024-06-13 00:16:38", "elapsed": 142.87019, "delta": 0.105409}}
{"target": -152.06978056020586, "params": {"p_ai": 4.7879383529564326, "p_al": 5.555441020744501, "p_ex": 2.1259267050941175, "prior": 6.5937001865309925, "rate": 0.7216957676120941}, "datetime": {"datetime": "2024-06-13 00:16:38", "elapsed": 142.976414, "delta": 0.106224}}
{"target": -113.95786919210867, "params": {"p_ai": 3.6179707035344424, "p_al": 4.004629392388292, "p_ex": 6.088185685201007, "prior": 9.486748635275, "rate": 2.1920032707429677}, "datetime": {"datetime": "2024-06-13 00:16:38", "elapsed": 143.082638, "delta": 0.106224}}
{"target": -142.1738150626894, "params": {"p_ai": 5.442028448956808, "p_al": 8.022602169272844, "p_ex": 6.029957106555403, "prior": 7.3885446090964555, "rate": 1.165421009227606}, "datetime": {"datetime": "2024-06-13 00:16:38", "elapsed": 143.188861, "delta": 0.106223}}
{"target": -181.63526021043853, "params": {"p_ai": 8.358036825075693, "p_al": 3.113679458977735, "p_ex": 4.371665866048249, "prior": 0.8497142025282297, "rate": 6.8720980563405405}, "datetime": {"datetime": "2024-06-13 00:16:38", "elapsed": 143.294575, "delta": 0.105714}}
{"target": -255.51037301218454, "params": {"p_ai": 8.473226850336655, "p_al": 4.8374026461852715, "p_ex": 1.0144159817281404, "prior": 1.0304774415742601, "rate": 1.1571614255769536}, "datetime": {"datetime": "2024-06-13 00:16:39", "elapsed": 143.400292, "delta": 0.105717}}
{"target": -193.8646131013469, "params": {"p_ai": 4.949616547462121, "p_al": 6.220627804926973, "p_ex": 0.3335849123921304, "prior": 0.6267721727276038, "rate": 9.865505216902308}, "datetime": {"datetime": "2024-06-13 00:16:39", "elapsed": 143.507007, "delta": 0.106715}}
{"target": -116.42441151144374, "params": {"p_ai": 2.911746387509673, "p_al": 4.767839668205347, "p_ex": 6.3067125618904285, "prior": 7.149275299157485, "rate": 1.0953535294440504}, "datetime": {"datetime": "2024-06-13 00:16:39", "elapsed": 143.613983, "delta": 0.106976}}
{"target": -117.71568643540554, "params": {"p_ai": 1.0974360729101045, "p_al": 9.120713340531383, "p_ex": 3.241590644593953, "prior": 7.238884009716445, "rate": 7.096501104751053}, "datetime": {"datetime": "2024-06-13 00:16:39", "elapsed": 143.7197, "delta": 0.105717}}
{"target": -106.9425290203778, "params": {"p_ai": 4.688619507465229, "p_al": 0.914017224130388, "p_ex": 8.898432826656682, "prior": 8.345353289055549, "rate": 4.317297116530302}, "datetime": {"datetime": "2024-06-13 00:16:39", "elapsed": 143.826113, "delta": 0.106413}}
{"target": -128.36869763994648, "params": {"p_ai": 4.559525834561577, "p_al": 5.459471626378892, "p_ex": 3.785573297339121, "prior": 5.047292825654079, "rate": 4.727269672018876}, "datetime": {"datetime": "2024-06-13 00:16:39", "elapsed": 143.932827, "delta": 0.106714}}
{"target": -146.77428957523676, "params": {"p_ai": 2.859396758603877, "p_al": 8.724991808089245, "p_ex": 0.4725551221123667, "prior": 3.6437422620890763, "rate": 7.740580109571957}, "datetime": {"datetime": "2024-06-13 00:16:39", "elapsed": 144.044154, "delta": 0.111327}}
{"target": -124.57051501747006, "params": {"p_ai": 4.855653301753838, "p_al": 7.863005357249527, "p_ex": 4.826582597220067, "prior": 9.894652497502703, "rate": 8.840545168003166}, "datetime": {"datetime": "2024-06-13 00:16:39", "elapsed": 144.150868, "delta": 0.106714}}
{"target": -117.91116402115578, "params": {"p_ai": 0.07831212778797367, "p_al": 4.751032356732131, "p_ex": 8.57428103860396, "prior": 3.4359136145118434, "rate": 7.290202296376493}, "datetime": {"datetime": "2024-06-13 00:16:39", "elapsed": 144.257734, "delta": 0.106866}}
{"target": -121.16447293727235, "params": {"p_ai": 4.183744766266581, "p_al": 0.9585392958462935, "p_ex": 3.1532433917757894, "prior": 3.1308531715362826, "rate": 6.545849893132512}, "datetime": {"datetime": "2024-06-13 00:16:40", "elapsed": 144.364479, "delta": 0.106745}}
{"target": -208.21393382604285, "params": {"p_ai": 9.2687875185922, "p_al": 7.037200604701104, "p_ex": 3.231017446456585, "prior": 6.831512703701488, "rate": 0.8419392132049751}, "datetime": {"datetime": "2024-06-13 00:16:40", "elapsed": 144.475244, "delta": 0.110765}}
{"target": -106.08009643644307, "params": {"p_ai": 3.7556365905474465, "p_al": 1.9013971065648507, "p_ex": 6.930796694970291, "prior": 6.6213941581181786, "rate": 3.5313711432227763}, "datetime": {"datetime": "2024-06-13 00:16:40", "elapsed": 144.581604, "delta": 0.10636}}
{"target": -111.92511801353666, "params": {"p_ai": 1.8068468119614796, "p_al": 1.5674501046743812, "p_ex": 2.370658744353432, "prior": 3.2852652761803105, "rate": 8.696087149900197}, "datetime": {"datetime": "2024-06-13 00:16:40", "elapsed": 144.688323, "delta": 0.106719}}
{"target": -130.3422070828807, "params": {"p_ai": 1.2200175486361586, "p_al": 1.6822606829827977, "p_ex": 3.705180601429274, "prior": 6.043855836461611, "rate": 0.5590941737040515}, "datetime": {"datetime": "2024-06-13 00:16:40", "elapsed": 144.795296, "delta": 0.106973}}
{"target": -126.51684799993987, "params": {"p_ai": 2.4530157395110272, "p_al": 8.339880336832202, "p_ex": 6.6291727017770885, "prior": 3.514955268114378, "rate": 1.1430089325855246}, "datetime": {"datetime": "2024-06-13 00:16:40", "elapsed": 144.900981, "delta": 0.105685}}
{"target": -104.68020017997783, "params": {"p_ai": 3.2497116180828423, "p_al": 2.4459159076333763, "p_ex": 7.105940711956388, "prior": 3.0061649444424168, "rate": 6.772681332069404}, "datetime": {"datetime": "2024-06-13 00:16:40", "elapsed": 145.007698, "delta": 0.106717}}
{"target": -115.49396589468296, "params": {"p_ai": 4.127147676669158, "p_al": 3.5000338791625603, "p_ex": 7.858439735785224, "prior": 1.8548504645300572, "rate": 4.568772154035324}, "datetime": {"datetime": "2024-06-13 00:16:40", "elapsed": 145.11355, "delta": 0.105852}}
{"target": -136.45132402132305, "params": {"p_ai": 5.835530117986011, "p_al": 3.212684807280133, "p_ex": 7.062774790669378, "prior": 9.178333561636288, "rate": 0.7316329870406574}, "datetime": {"datetime": "2024-06-13 00:16:40", "elapsed": 145.220537, "delta": 0.106987}}
{"target": -131.37467957463284, "params": {"p_ai": 1.8150914190678362, "p_al": 5.0916122463155125, "p_ex": 7.999007220987372, "prior": 6.3099451378100975, "rate": 0.19788728779717554}, "datetime": {"datetime": "2024-06-13 00:16:40", "elapsed": 145.329576, "delta": 0.109039}}
{"target": -126.65290808222316, "params": {"p_ai": 3.3004827361213245, "p_al": 6.538626611010611, "p_ex": 6.871688718445077, "prior": 4.823006920556168, "rate": 0.5382932557142641}, "datetime": {"datetime": "2024-06-13 00:16:41", "elapsed": 145.435799, "delta": 0.106223}}
{"target": -137.82238105017572, "params": {"p_ai": 6.278247599644344, "p_al": 5.040797331247155, "p_ex": 7.254407536263888, "prior": 3.9055515518702113, "rate": 8.357418355008}, "datetime": {"datetime": "2024-06-13 00:16:41", "elapsed": 145.542023, "delta": 0.106224}}
{"target": -143.3387087349065, "params": {"p_ai": 3.0757148001887096, "p_al": 8.638004395565735, "p_ex": 0.14579244295210492, "prior": 7.627665696023684, "rate": 8.273847648386488}, "datetime": {"datetime": "2024-06-13 00:16:41", "elapsed": 145.648096, "delta": 0.106073}}
{"target": -195.38713741708995, "params": {"p_ai": 6.809289540861383, "p_al": 9.027438680748295, "p_ex": 2.018139331359617, "prior": 3.5201397919808, "rate": 2.2921758844190845}, "datetime": {"datetime": "2024-06-13 00:16:41", "elapsed": 145.754918, "delta": 0.106822}}
{"target": -172.00167221892886, "params": {"p_ai": 8.449338509914456, "p_al": 7.464354945562864, "p_ex": 8.690659271861168, "prior": 3.476881366525707, "rate": 1.5403536798332855}, "datetime": {"datetime": "2024-06-13 00:16:41", "elapsed": 145.861321, "delta": 0.106403}}
{"target": -181.4262988265284, "params": {"p_ai": 9.682858797805498, "p_al": 4.48978706650765, "p_ex": 7.299294135688072, "prior": 6.542015507469736, "rate": 1.4293254770000592}, "datetime": {"datetime": "2024-06-13 00:16:41", "elapsed": 145.968036, "delta": 0.106715}}
{"target": -174.36396279202134, "params": {"p_ai": 8.441932253993109, "p_al": 9.784654514150654, "p_ex": 9.662519410868244, "prior": 3.364703644014265, "rate": 9.259563218013493}, "datetime": {"datetime": "2024-06-13 00:16:41", "elapsed": 146.07382, "delta": 0.105784}}
{"target": -138.84288797523527, "params": {"p_ai": 1.3333118419790204, "p_al": 9.397284729643939, "p_ex": 0.44195907415044206, "prior": 4.091368046213268, "rate": 8.430225045191426}, "datetime": {"datetime": "2024-06-13 00:16:41", "elapsed": 146.180534, "delta": 0.106714}}
{"target": -171.1525209563767, "params": {"p_ai": 7.262581148720565, "p_al": 7.209549890498004, "p_ex": 2.7741757864966834, "prior": 4.212717575922968, "rate": 5.8959097870267625}, "datetime": {"datetime": "2024-06-13 00:16:41", "elapsed": 146.287252, "delta": 0.106718}}
{"target": -111.87227970374566, "params": {"p_ai": 3.891986952147379, "p_al": 5.060246349315631, "p_ex": 5.403954487123307, "prior": 8.24287578176365, "rate": 7.250054232337262}, "datetime": {"datetime": "2024-06-13 00:16:42", "elapsed": 146.393966, "delta": 0.106714}}
{"target": -161.25203018395698, "params": {"p_ai": 6.605222133006148, "p_al": 0.3598033746243215, "p_ex": 1.5546967280502506, "prior": 8.865381830553787, "rate": 7.657785349882481}, "datetime": {"datetime": "2024-06-13 00:16:42", "elapsed": 146.501707, "delta": 0.107741}}
{"target": -118.78232684728074, "params": {"p_ai": 1.8046637957872491, "p_al": 0.6524949715348244, "p_ex": 1.6281542566356162, "prior": 8.374218512150179, "rate": 9.731091914278464}, "datetime": {"datetime": "2024-06-13 00:16:42", "elapsed": 146.607127, "delta": 0.10542}}
{"target": -193.8250233694684, "params": {"p_ai": 7.551294251085085, "p_al": 7.846261256321505, "p_ex": 0.2948143897467438, "prior": 8.746507176043488, "rate": 6.811814507289089}, "datetime": {"datetime": "2024-06-13 00:16:42", "elapsed": 146.714347, "delta": 0.10722}}
{"target": -145.7703023111177, "params": {"p_ai": 3.491117394447596, "p_al": 4.996307812122189, "p_ex": 9.500625939679805, "prior": 0.5418231030837052, "rate": 1.9178056358084192}, "datetime": {"datetime": "2024-06-13 00:16:42", "elapsed": 146.827169, "delta": 0.112822}}
{"target": -139.60396522710255, "params": {"p_ai": 1.5023582570289036, "p_al": 5.382930850808608, "p_ex": 2.3570269485381226, "prior": 0.7682631345285783, "rate": 5.150477461127861}, "datetime": {"datetime": "2024-06-13 00:16:42", "elapsed": 146.934884, "delta": 0.107715}}
{"target": -278.3477939153607, "params": {"p_ai": 8.362708321759683, "p_al": 6.819784382074199, "p_ex": 0.3682001150492693, "prior": 0.45365509155135486, "rate": 5.381313363958052}, "datetime": {"datetime": "2024-06-13 00:16:42", "elapsed": 147.040601, "delta": 0.105717}}
{"target": -119.58700676389847, "params": {"p_ai": 1.4150273701349951, "p_al": 7.072618884594694, "p_ex": 2.475208355841432, "prior": 4.4001635851432885, "rate": 6.20328470504274}, "datetime": {"datetime": "2024-06-13 00:16:42", "elapsed": 147.146693, "delta": 0.106092}}
{"target": -169.98192414371908, "params": {"p_ai": 9.727401234811984, "p_al": 1.9708617551910437, "p_ex": 9.11847912589639, "prior": 3.5084000862768674, "rate": 1.620079386052706}, "datetime": {"datetime": "2024-06-13 00:16:42", "elapsed": 147.25341, "delta": 0.106717}}
{"target": -188.03720003832834, "params": {"p_ai": 4.209214604363843, "p_al": 8.414948403855572, "p_ex": 0.4388179602825087, "prior": 1.3705759290135842, "rate": 5.899809868120774}, "datetime": {"datetime": "2024-06-13 00:16:42", "elapsed": 147.359342, "delta": 0.105932}}
{"target": -117.70175380961084, "params": {"p_ai": 4.086392620197625, "p_al": 4.783302797395642, "p_ex": 8.220717104784246, "prior": 1.6735483806311797, "rate": 3.22090203722221}, "datetime": {"datetime": "2024-06-13 00:16:43", "elapsed": 147.46503, "delta": 0.105688}}
{"target": -102.39394799727124, "params": {"p_ai": 2.0558855352123273, "p_al": 0.994129546634683, "p_ex": 5.2440273923637495, "prior": 2.126509929595719, "rate": 9.043863370876949}, "datetime": {"datetime": "2024-06-13 00:16:43", "elapsed": 147.571284, "delta": 0.106254}}
{"target": -142.78785490393986, "params": {"p_ai": 0.4612609769887088, "p_al": 8.972847420576791, "p_ex": 5.877759258904735, "prior": 8.616106541168397, "rate": 0.2926751386192975}, "datetime": {"datetime": "2024-06-13 00:16:43", "elapsed": 147.67818, "delta": 0.106896}}
