{"target": -1113.606457573588, "params": {"gamma": 6.139097026322785, "lr": 0.3241385298974466}, "datetime": {"datetime": "2024-06-13 20:37:12", "elapsed": 1.245129, "delta": 0.002992}}
{"target": -758.0640346402622, "params": {"gamma": 4.574144456728294, "lr": 0.44411710701661444}, "datetime": {"datetime": "2024-06-13 20:37:12", "elapsed": 1.249119, "delta": 0.00399}}
{"target": -1363.7762017927178, "params": {"gamma": 8.281525471954389, "lr": 0.4263481542362306}, "datetime": {"datetime": "2024-06-13 20:37:12", "elapsed": 1.252111, "delta": 0.002992}}
{"target": -645.0719801995765, "params": {"gamma": 3.4576425129338477, "lr": 0.6749716048091052}, "datetime": {"datetime": "2024-06-13 20:37:12", "elapsed": 1.2561, "delta": 0.003989}}
{"target": -375.73202266757505, "params": {"gamma": 2.215599075279554, "lr": 0.4672458239265538}, "datetime": {"datetime": "2024-06-13 20:37:12", "elapsed": 1.260089, "delta": 0.003989}}
{"target": -562.6987852500492, "params": {"gamma": 3.1483421075528404, "lr": 0.6268556021628346}, "datetime": {"datetime": "2024-06-13 20:37:12", "elapsed": 1.263082, "delta": 0.002993}}
{"target": -1435.4544106064302, "params": {"gamma": 8.773727386473432, "lr": 0.4476890001456285}, "datetime": {"datetime": "2024-06-13 20:37:12", "elapsed": 1.267071, "delta": 0.003989}}
{"target": -1284.520462348538, "params": {"gamma": 7.84478973050044, "lr": 0.4569657005615504}, "datetime": {"datetime": "2024-06-13 20:37:12", "elapsed": 1.27106, "delta": 0.003989}}
{"target": -1533.6659733271983, "params": {"gamma": 6.562637087839597, "lr": 0.13184097502750214}, "datetime": {"datetime": "2024-06-13 20:37:12", "elapsed": 1.274052, "delta": 0.002992}}
{"target": -872.8094187022359, "params": {"gamma": 4.3303820881695145, "lr": 0.9093119886549367}, "datetime": {"datetime": "2024-06-13 20:37:12", "elapsed": 1.278041, "delta": 0.003989}}
{"target": -1161.4850587427038, "params": {"gamma": 6.055184531308316, "lr": 0.7667745872371021}, "datetime": {"datetime": "2024-06-13 20:37:12", "elapsed": 1.281034, "delta": 0.002993}}
{"target": -830.3063626483073, "params": {"gamma": 5.047501380350848, "lr": 0.49805562482800747}, "datetime": {"datetime": "2024-06-13 20:37:12", "elapsed": 1.285023, "delta": 0.003989}}
{"target": -2094.484392919207, "params": {"gamma": 8.429155502088307, "lr": 0.06780693434095375}, "datetime": {"datetime": "2024-06-13 20:37:12", "elapsed": 1.289012, "delta": 0.003989}}
{"target": -1149.6874955947026, "params": {"gamma": 5.733149443225297, "lr": 0.9427625754329493}, "datetime": {"datetime": "2024-06-13 20:37:12", "elapsed": 1.292004, "delta": 0.002992}}
{"target": -1228.6173017102367, "params": {"gamma": 5.179082621675048, "lr": 0.1944658095278845}, "datetime": {"datetime": "2024-06-13 20:37:12", "elapsed": 1.295993, "delta": 0.003989}}
{"target": -1689.2716247438445, "params": {"gamma": 8.479545985042318, "lr": 0.25163914235585283}, "datetime": {"datetime": "2024-06-13 20:37:12", "elapsed": 1.298985, "delta": 0.002992}}
{"target": -1179.9808524250375, "params": {"gamma": 7.007559638788898, "lr": 0.5402609403968999}, "datetime": {"datetime": "2024-06-13 20:37:12", "elapsed": 1.302975, "delta": 0.00399}}
{"target": -1659.4819790617546, "params": {"gamma": 9.488414046513915, "lr": 0.6243367024026759}, "datetime": {"datetime": "2024-06-13 20:37:12", "elapsed": 1.306964, "delta": 0.003989}}
{"target": -2082.328889202934, "params": {"gamma": 8.379941642515245, "lr": 0.007932876194523097}, "datetime": {"datetime": "2024-06-13 20:37:12", "elapsed": 1.309956, "delta": 0.002992}}
{"target": -2456.1506857195573, "params": {"gamma": 9.893411221610213, "lr": 0.07771457033238649}, "datetime": {"datetime": "2024-06-13 20:37:12", "elapsed": 1.313947, "delta": 0.003991}}
{"target": -655.0351313388281, "params": {"gamma": 3.2219730066340815, "lr": 0.9461523954567653}, "datetime": {"datetime": "2024-06-13 20:37:12", "elapsed": 1.317935, "delta": 0.003988}}
{"target": -144.93884029143982, "params": {"gamma": 0.09038208461007943, "lr": 0.8227300054219355}, "datetime": {"datetime": "2024-06-13 20:37:12", "elapsed": 1.321924, "delta": 0.003989}}
{"target": -1417.8163294212984, "params": {"gamma": 8.612255172029577, "lr": 0.4398308142085725}, "datetime": {"datetime": "2024-06-13 20:37:12", "elapsed": 1.324916, "delta": 0.002992}}
{"target": -501.07931674971684, "params": {"gamma": 2.558196192865506, "lr": 0.8026895196332986}, "datetime": {"datetime": "2024-06-13 20:37:12", "elapsed": 1.328905, "delta": 0.003989}}
{"target": -1120.113192645775, "params": {"gamma": 4.77914218231778, "lr": 0.13433860865569613}, "datetime": {"datetime": "2024-06-13 20:37:12", "elapsed": 1.332895, "delta": 0.00399}}
{"target": -1851.1175022451644, "params": {"gamma": 9.278562079257282, "lr": 0.8959699670066484}, "datetime": {"datetime": "2024-06-13 20:37:12", "elapsed": 1.336885, "delta": 0.00399}}
{"target": -953.9607318777923, "params": {"gamma": 4.915959955019337, "lr": 0.8567024965177922}, "datetime": {"datetime": "2024-06-13 20:37:12", "elapsed": 1.339876, "delta": 0.002991}}
{"target": -776.621464325928, "params": {"gamma": 4.1863616796152225, "lr": 0.6834649001663011}, "datetime": {"datetime": "2024-06-13 20:37:12", "elapsed": 1.343865, "delta": 0.003989}}
{"target": -678.331974981683, "params": {"gamma": 3.9805084034398166, "lr": 0.5057420174508104}, "datetime": {"datetime": "2024-06-13 20:37:12", "elapsed": 1.347855, "delta": 0.00399}}
{"target": -398.7459874834455, "params": {"gamma": 1.896327476636439, "lr": 0.9649889241109139}, "datetime": {"datetime": "2024-06-13 20:37:12", "elapsed": 1.350847, "delta": 0.002992}}
{"target": -734.8330243321477, "params": {"gamma": 2.9428626667543027, "lr": 0.10345955611640134}, "datetime": {"datetime": "2024-06-13 20:37:12", "elapsed": 1.354836, "delta": 0.003989}}
{"target": -377.5475215768441, "params": {"gamma": 1.4440096868902519, "lr": 0.014092294192442956}, "datetime": {"datetime": "2024-06-13 20:37:12", "elapsed": 1.358825, "delta": 0.003989}}
{"target": -1203.8777530374423, "params": {"gamma": 7.1597410489244835, "lr": 0.5644983202408741}, "datetime": {"datetime": "2024-06-13 20:37:12", "elapsed": 1.362428, "delta": 0.003603}}
{"target": -1335.7191073379704, "params": {"gamma": 7.945988933496338, "lr": 0.5070799232841364}, "datetime": {"datetime": "2024-06-13 20:37:12", "elapsed": 1.365416, "delta": 0.002988}}
{"target": -1453.2037450133628, "params": {"gamma": 7.918418574002035, "lr": 0.6957642142718394}, "datetime": {"datetime": "2024-06-13 20:37:12", "elapsed": 1.369405, "delta": 0.003989}}
{"target": -1281.5815993349815, "params": {"gamma": 7.778706920114895, "lr": 0.4064828689770863}, "datetime": {"datetime": "2024-06-13 20:37:12", "elapsed": 1.373395, "delta": 0.00399}}
{"target": -1567.4814977075473, "params": {"gamma": 6.478058561241625, "lr": 0.1797942976929744}, "datetime": {"datetime": "2024-06-13 20:37:12", "elapsed": 1.376387, "delta": 0.002992}}
{"target": -782.8794932740028, "params": {"gamma": 3.2188778139156518, "lr": 0.1726046201197925}, "datetime": {"datetime": "2024-06-13 20:37:12", "elapsed": 1.380376, "delta": 0.003989}}
{"target": -967.0292170398056, "params": {"gamma": 4.086963612907611, "lr": 0.2414187479655988}, "datetime": {"datetime": "2024-06-13 20:37:12", "elapsed": 1.384366, "delta": 0.00399}}
{"target": -821.494750700984, "params": {"gamma": 4.069813019299451, "lr": 0.9752223424373121}, "datetime": {"datetime": "2024-06-13 20:37:12", "elapsed": 1.388355, "delta": 0.003989}}
{"target": -651.4935034875298, "params": {"gamma": 3.2038729388944907, "lr": 0.9824909449748953}, "datetime": {"datetime": "2024-06-13 20:37:12", "elapsed": 1.391347, "delta": 0.002992}}
{"target": -1074.1714122612016, "params": {"gamma": 6.363424952433981, "lr": 0.375091018393911}, "datetime": {"datetime": "2024-06-13 20:37:12", "elapsed": 1.395336, "delta": 0.003989}}
{"target": -1501.0468541948346, "params": {"gamma": 8.574987506336882, "lr": 0.6195867393685738}, "datetime": {"datetime": "2024-06-13 20:37:12", "elapsed": 1.399325, "delta": 0.003989}}
{"target": -495.2903965133549, "params": {"gamma": 2.521078768228263, "lr": 0.7928556779768876}, "datetime": {"datetime": "2024-06-13 20:37:12", "elapsed": 1.403314, "delta": 0.003989}}
{"target": -755.4724239736973, "params": {"gamma": 4.329952148832897, "lr": 0.3575111673304414}, "datetime": {"datetime": "2024-06-13 20:37:12", "elapsed": 1.406306, "delta": 0.002992}}
{"target": -617.3103847223937, "params": {"gamma": 3.3034390883142843, "lr": 0.6973688756131394}, "datetime": {"datetime": "2024-06-13 20:37:12", "elapsed": 1.410295, "delta": 0.003989}}
{"target": -524.8711923828079, "params": {"gamma": 2.6872325889383593, "lr": 0.8082780137053801}, "datetime": {"datetime": "2024-06-13 20:37:12", "elapsed": 1.414287, "delta": 0.003992}}
{"target": -509.3398659162477, "params": {"gamma": 2.953592655204078, "lr": 0.5441213835853572}, "datetime": {"datetime": "2024-06-13 20:37:12", "elapsed": 1.418274, "delta": 0.003987}}
{"target": -947.0652761121297, "params": {"gamma": 4.879726996560219, "lr": 0.8553564125953698}, "datetime": {"datetime": "2024-06-13 20:37:12", "elapsed": 1.421266, "delta": 0.002992}}
{"target": -2102.8594296394394, "params": {"gamma": 8.883975957519464, "lr": 0.18438444236776674}, "datetime": {"datetime": "2024-06-13 20:37:12", "elapsed": 1.425256, "delta": 0.00399}}
{"target": -1173.5520620552882, "params": {"gamma": 5.853899240923573, "lr": 0.8982050460171371}, "datetime": {"datetime": "2024-06-13 20:37:12", "elapsed": 1.429245, "delta": 0.003989}}
{"target": -898.6941871900927, "params": {"gamma": 4.461726073125263, "lr": 0.9218683054838154}, "datetime": {"datetime": "2024-06-13 20:37:12", "elapsed": 1.432238, "delta": 0.002993}}
{"target": -501.708082831932, "params": {"gamma": 2.790629913679252, "lr": 0.6088311741937957}, "datetime": {"datetime": "2024-06-13 20:37:12", "elapsed": 1.436227, "delta": 0.003989}}
{"target": -1610.1010782730232, "params": {"gamma": 6.824854643958388, "lr": 0.2282057333504841}, "datetime": {"datetime": "2024-06-13 20:37:12", "elapsed": 1.440216, "delta": 0.003989}}
{"target": -141.7095026433493, "params": {"gamma": 0.13866135806461027, "lr": 0.4167239623706961}, "datetime": {"datetime": "2024-06-13 20:37:12", "elapsed": 1.444205, "delta": 0.003989}}
{"target": -1619.3737545754784, "params": {"gamma": 9.384880436675484, "lr": 0.34302810983040655}, "datetime": {"datetime": "2024-06-13 20:37:12", "elapsed": 1.447198, "delta": 0.002993}}
{"target": -1885.483411439413, "params": {"gamma": 7.7976632105305175, "lr": 0.17473631282740743}, "datetime": {"datetime": "2024-06-13 20:37:12", "elapsed": 1.451187, "delta": 0.003989}}
{"target": -819.2889768889984, "params": {"gamma": 3.420186410188222, "lr": 0.14459772083809674}, "datetime": {"datetime": "2024-06-13 20:37:12", "elapsed": 1.455176, "delta": 0.003989}}
{"target": -1317.0397926987898, "params": {"gamma": 7.167991370649615, "lr": 0.6993076236968142}, "datetime": {"datetime": "2024-06-13 20:37:12", "elapsed": 1.458168, "delta": 0.002992}}
{"target": -1374.4255086735664, "params": {"gamma": 6.88528468217124, "lr": 0.25339603448629966}, "datetime": {"datetime": "2024-06-13 20:37:12", "elapsed": 1.462158, "delta": 0.00399}}
{"target": -1633.3767419261267, "params": {"gamma": 6.923908856112466, "lr": 0.22729754091594956}, "datetime": {"datetime": "2024-06-13 20:37:12", "elapsed": 1.466147, "delta": 0.003989}}
{"target": -732.8483866344045, "params": {"gamma": 4.247066510197466, "lr": 0.37192212166768723}, "datetime": {"datetime": "2024-06-13 20:37:12", "elapsed": 1.469139, "delta": 0.002992}}
{"target": -891.0923924155302, "params": {"gamma": 3.553723808289602, "lr": 0.05765480724125638}, "datetime": {"datetime": "2024-06-13 20:37:12", "elapsed": 1.473128, "delta": 0.003989}}
{"target": -1162.6310613595326, "params": {"gamma": 6.316834622032531, "lr": 0.7073166026816995}, "datetime": {"datetime": "2024-06-13 20:37:12", "elapsed": 1.477117, "delta": 0.003989}}
{"target": -1077.5728069410259, "params": {"gamma": 6.136273356333854, "lr": 0.6483127561631246}, "datetime": {"datetime": "2024-06-13 20:37:12", "elapsed": 1.480109, "delta": 0.002992}}
{"target": -418.91248611280184, "params": {"gamma": 1.7002372014583604, "lr": 0.14944679893886248}, "datetime": {"datetime": "2024-06-13 20:37:12", "elapsed": 1.484469, "delta": 0.00436}}
{"target": -1019.4372589068736, "params": {"gamma": 5.142236260215303, "lr": 0.8753327263545391}, "datetime": {"datetime": "2024-06-13 20:37:12", "elapsed": 1.487461, "delta": 0.002992}}
{"target": -317.8130629079434, "params": {"gamma": 1.8403504620306732, "lr": 0.4628391187082599}, "datetime": {"datetime": "2024-06-13 20:37:12", "elapsed": 1.491451, "delta": 0.00399}}
{"target": -707.581145510525, "params": {"gamma": 4.289894407965, "lr": 0.4972891859195163}, "datetime": {"datetime": "2024-06-13 20:37:12", "elapsed": 1.49544, "delta": 0.003989}}
{"target": -300.0966741566611, "params": {"gamma": 1.6159461940896331, "lr": 0.34244064113481054}, "datetime": {"datetime": "2024-06-13 20:37:12", "elapsed": 1.498432, "delta": 0.002992}}
{"target": -519.518168065411, "params": {"gamma": 2.6195421606310987, "lr": 0.844526943229479}, "datetime": {"datetime": "2024-06-13 20:37:12", "elapsed": 1.502422, "delta": 0.00399}}
{"target": -1318.330899151392, "params": {"gamma": 8.003522125518241, "lr": 0.4266391582681436}, "datetime": {"datetime": "2024-06-13 20:37:12", "elapsed": 1.505963, "delta": 0.003541}}
{"target": -1443.8112883083602, "params": {"gamma": 6.070547592429601, "lr": 0.14546561026621996}, "datetime": {"datetime": "2024-06-13 20:37:12", "elapsed": 1.509952, "delta": 0.003989}}
{"target": -957.739286386413, "params": {"gamma": 5.096623328881369, "lr": 0.29694708578690454}, "datetime": {"datetime": "2024-06-13 20:37:12", "elapsed": 1.513942, "delta": 0.00399}}
{"target": -1576.2807658687518, "params": {"gamma": 8.596649884738442, "lr": 0.6715983809063899}, "datetime": {"datetime": "2024-06-13 20:37:12", "elapsed": 1.51793, "delta": 0.003988}}
{"target": -1552.0593837074782, "params": {"gamma": 6.335106652211588, "lr": 0.12475130006917923}, "datetime": {"datetime": "2024-06-13 20:37:12", "elapsed": 1.520923, "delta": 0.002993}}
{"target": -946.9432837921864, "params": {"gamma": 4.706408207109359, "lr": 0.9865727795868815}, "datetime": {"datetime": "2024-06-13 20:37:12", "elapsed": 1.525395, "delta": 0.004472}}
{"target": -1657.857309950862, "params": {"gamma": 9.483043441552578, "lr": 0.6450856402604436}, "datetime": {"datetime": "2024-06-13 20:37:12", "elapsed": 1.528386, "delta": 0.002991}}
{"target": -290.0160504386511, "params": {"gamma": 1.5180969854487043, "lr": 0.639126848719905}, "datetime": {"datetime": "2024-06-13 20:37:12", "elapsed": 1.532385, "delta": 0.003999}}
{"target": -929.1987734291429, "params": {"gamma": 5.657055463326731, "lr": 0.468665837661252}, "datetime": {"datetime": "2024-06-13 20:37:12", "elapsed": 1.536367, "delta": 0.003982}}
{"target": -742.3720092787803, "params": {"gamma": 4.280946657213234, "lr": 0.5992697556580301}, "datetime": {"datetime": "2024-06-13 20:37:12", "elapsed": 1.540356, "delta": 0.003989}}
{"target": -1625.5314411593365, "params": {"gamma": 8.499848915271139, "lr": 0.7511210403719374}, "datetime": {"datetime": "2024-06-13 20:37:12", "elapsed": 1.544348, "delta": 0.003992}}
{"target": -1161.7185197240342, "params": {"gamma": 5.794026042432034, "lr": 0.9247041815360281}, "datetime": {"datetime": "2024-06-13 20:37:12", "elapsed": 1.54734, "delta": 0.002992}}
{"target": -182.63971751467125, "params": {"gamma": 0.6483350944320471, "lr": 0.9913465087318091}, "datetime": {"datetime": "2024-06-13 20:37:12", "elapsed": 1.551391, "delta": 0.004051}}
{"target": -171.20890937446964, "params": {"gamma": 0.5308924321372274, "lr": 0.19949554613856135}, "datetime": {"datetime": "2024-06-13 20:37:12", "elapsed": 1.555374, "delta": 0.003983}}
{"target": -1051.0371387876091, "params": {"gamma": 4.228103863783965, "lr": 0.10750887618516769}, "datetime": {"datetime": "2024-06-13 20:37:12", "elapsed": 1.559363, "delta": 0.003989}}
{"target": -1553.0923001120898, "params": {"gamma": 6.2370804395660215, "lr": 0.047992564048867314}, "datetime": {"datetime": "2024-06-13 20:37:12", "elapsed": 1.563354, "delta": 0.003991}}
{"target": -717.4264689680105, "params": {"gamma": 2.8469541861884147, "lr": 0.06103668111967109}, "datetime": {"datetime": "2024-06-13 20:37:12", "elapsed": 1.566347, "delta": 0.002993}}
{"target": -1292.9998310981896, "params": {"gamma": 7.035489791719707, "lr": 0.668456167589482}, "datetime": {"datetime": "2024-06-13 20:37:12", "elapsed": 1.570336, "delta": 0.003989}}
{"target": -900.321065955936, "params": {"gamma": 3.7864273519127716, "lr": 0.1881942600298212}, "datetime": {"datetime": "2024-06-13 20:37:12", "elapsed": 1.574328, "delta": 0.003992}}
{"target": -1291.998725953548, "params": {"gamma": 7.4703012854704225, "lr": 0.34037929076546725}, "datetime": {"datetime": "2024-06-13 20:37:12", "elapsed": 1.57732, "delta": 0.002992}}
{"target": -1302.1368662926234, "params": {"gamma": 7.953216372889023, "lr": 0.4879009391796203}, "datetime": {"datetime": "2024-06-13 20:37:12", "elapsed": 1.581309, "delta": 0.003989}}
{"target": -1311.1489360032976, "params": {"gamma": 5.257168774065444, "lr": 0.028490849491567216}, "datetime": {"datetime": "2024-06-13 20:37:12", "elapsed": 1.58562, "delta": 0.004311}}
{"target": -1116.3127742064205, "params": {"gamma": 6.442675966770439, "lr": 0.3506565024321674}, "datetime": {"datetime": "2024-06-13 20:37:12", "elapsed": 1.588612, "delta": 0.002992}}
{"target": -389.684416861331, "params": {"gamma": 2.292821067893365, "lr": 0.4338833762117006}, "datetime": {"datetime": "2024-06-13 20:37:12", "elapsed": 1.592613, "delta": 0.004001}}
{"target": -632.5079535768068, "params": {"gamma": 3.825292105251905, "lr": 0.46978904008636024}, "datetime": {"datetime": "2024-06-13 20:37:12", "elapsed": 1.596593, "delta": 0.00398}}
{"target": -1669.888489862912, "params": {"gamma": 9.794854058443883, "lr": 0.36437807036823044}, "datetime": {"datetime": "2024-06-13 20:37:12", "elapsed": 1.599585, "delta": 0.002992}}
{"target": -1300.8854368622606, "params": {"gamma": 7.744326923227059, "lr": 0.5527675965498925}, "datetime": {"datetime": "2024-06-13 20:37:12", "elapsed": 1.603577, "delta": 0.003992}}
{"target": -1534.9943052535202, "params": {"gamma": 8.891421759985722, "lr": 0.354952851149572}, "datetime": {"datetime": "2024-06-13 20:37:12", "elapsed": 1.607566, "delta": 0.003989}}
{"target": -505.9209368279419, "params": {"gamma": 2.455941283184888, "lr": 0.9110192396569683}, "datetime": {"datetime": "2024-06-13 20:37:12", "elapsed": 1.610558, "delta": 0.002992}}
{"target": -157.44511230646884, "params": {"gamma": 0.43629910331389593, "lr": 0.9507534280610023}, "datetime": {"datetime": "2024-06-13 20:37:12", "elapsed": 1.645535, "delta": 0.034977}}
{"target": -941.2514463770751, "params": {"gamma": 5.5645127497935825, "lr": 0.3763632166870875}, "datetime": {"datetime": "2024-06-13 20:37:12", "elapsed": 1.649524, "delta": 0.003989}}
{"target": -2470.258490916718, "params": {"gamma": 9.950528171068772, "lr": 0.05836264614763165}, "datetime": {"datetime": "2024-06-13 20:37:12", "elapsed": 1.653516, "delta": 0.003992}}
{"target": -1289.0265977973113, "params": {"gamma": 5.167546891316355, "lr": 0.03109707545554785}, "datetime": {"datetime": "2024-06-13 20:37:12", "elapsed": 1.657505, "delta": 0.003989}}
{"target": -1382.9424569826572, "params": {"gamma": 5.712186216123149, "lr": 0.18046850899511557}, "datetime": {"datetime": "2024-06-13 20:37:12", "elapsed": 1.660497, "delta": 0.002992}}
{"target": -1263.7130729640346, "params": {"gamma": 6.309961044194965, "lr": 0.9809236757505815}, "datetime": {"datetime": "2024-06-13 20:37:12", "elapsed": 1.66449, "delta": 0.003993}}
{"target": -1431.4610177498098, "params": {"gamma": 8.749150609572597, "lr": 0.45183624942087064}, "datetime": {"datetime": "2024-06-13 20:37:12", "elapsed": 1.668477, "delta": 0.003987}}
{"target": -1356.8714918798255, "params": {"gamma": 7.084900239647121, "lr": 0.7774687500031893}, "datetime": {"datetime": "2024-06-13 20:37:12", "elapsed": 1.672506, "delta": 0.004029}}
{"target": -838.5704998277877, "params": {"gamma": 4.9489359987414545, "lr": 0.5285334901775651}, "datetime": {"datetime": "2024-06-13 20:37:12", "elapsed": 1.675461, "delta": 0.002955}}
{"target": -280.2590867628587, "params": {"gamma": 1.5086931993235537, "lr": 0.36939992561190627}, "datetime": {"datetime": "2024-06-13 20:37:12", "elapsed": 1.67945, "delta": 0.003989}}
{"target": -290.4294764937847, "params": {"gamma": 1.4230703094747938, "lr": 0.7268937533445626}, "datetime": {"datetime": "2024-06-13 20:37:12", "elapsed": 1.68344, "delta": 0.00399}}
{"target": -785.428120234609, "params": {"gamma": 4.770652931028231, "lr": 0.44887883670676554}, "datetime": {"datetime": "2024-06-13 20:37:12", "elapsed": 1.687429, "delta": 0.003989}}
{"target": -1487.4396242337257, "params": {"gamma": 8.860093713682348, "lr": 0.5276187723115614}, "datetime": {"datetime": "2024-06-13 20:37:12", "elapsed": 1.690421, "delta": 0.002992}}
{"target": -823.0590297390243, "params": {"gamma": 4.091499228336683, "lr": 0.26889202221264585}, "datetime": {"datetime": "2024-06-13 20:37:12", "elapsed": 1.694413, "delta": 0.003992}}
{"target": -166.5194861764715, "params": {"gamma": 0.7210483396625298, "lr": 0.4181361337253158}, "datetime": {"datetime": "2024-06-13 20:37:12", "elapsed": 1.698403, "delta": 0.00399}}
{"target": -140.9592394990289, "params": {"gamma": 0.25850907058342715, "lr": 0.29115394055242805}, "datetime": {"datetime": "2024-06-13 20:37:12", "elapsed": 1.702393, "delta": 0.00399}}
{"target": -1011.9029887156408, "params": {"gamma": 5.035591588974117, "lr": 0.9659330650197223}, "datetime": {"datetime": "2024-06-13 20:37:12", "elapsed": 1.705387, "delta": 0.002994}}
