{"target": -177.5464551457494, "params": {"p_ai": 6.802265132639049, "p_al": 4.272914190154236, "p_ex": 0.9689860913418493, "prior": 3.920704589637105, "rate": 0.44851341348826507}, "datetime": {"datetime": "2024-06-13 02:07:28", "elapsed": 98.166773, "delta": 0.108709}}
{"target": -111.68208197792357, "params": {"p_ai": 2.710990200499908, "p_al": 5.031293904777502, "p_ex": 4.575335383393581, "prior": 7.686577408158113, "rate": 1.6031430865858975}, "datetime": {"datetime": "2024-06-13 02:07:28", "elapsed": 98.276162, "delta": 0.109389}}
{"target": -134.71665021111562, "params": {"p_ai": 5.10093231989354, "p_al": 1.4161287835344174, "p_ex": 1.8945065357360218, "prior": 4.0995761384869995, "rate": 1.4594799700408772}, "datetime": {"datetime": "2024-06-13 02:07:28", "elapsed": 98.386865, "delta": 0.110703}}
{"target": -114.52917056085695, "params": {"p_ai": 5.623712931107031, "p_al": 4.55286296493076, "p_ex": 9.42102448081776, "prior": 6.700279053399254, "rate": 1.0323192196230728}, "datetime": {"datetime": "2024-06-13 02:07:28", "elapsed": 98.498821, "delta": 0.111956}}
{"target": -130.1833970057276, "params": {"p_ai": 6.071461447289983, "p_al": 4.203872166556974, "p_ex": 5.006819099141204, "prior": 6.558399608979977, "rate": 1.857995271651951}, "datetime": {"datetime": "2024-06-13 02:07:28", "elapsed": 98.615509, "delta": 0.116688}}
{"target": -96.40166892831608, "params": {"p_ai": 3.5959854187027576, "p_al": 4.80431758722436, "p_ex": 6.148214863550358, "prior": 2.8562858949564185, "rate": 5.028231781609626}, "datetime": {"datetime": "2024-06-13 02:07:28", "elapsed": 98.725701, "delta": 0.110192}}
{"target": -104.08585281049643, "params": {"p_ai": 2.786182582989594, "p_al": 5.724326152231424, "p_ex": 3.423551750452962, "prior": 8.3917704255985, "rate": 6.859442144947297}, "datetime": {"datetime": "2024-06-13 02:07:28", "elapsed": 98.839809, "delta": 0.114108}}
{"target": -175.80961169601764, "params": {"p_ai": 8.16146205993121, "p_al": 1.5433064281287947, "p_ex": 1.852751322764912, "prior": 5.426405215883123, "rate": 0.6149211908273852}, "datetime": {"datetime": "2024-06-13 02:07:28", "elapsed": 98.95005, "delta": 0.110241}}
{"target": -163.3470304407767, "params": {"p_ai": 5.38104712520555, "p_al": 3.360634014854361, "p_ex": 3.2452188194691933, "prior": 2.2993020381610645, "rate": 0.0478627093242713}, "datetime": {"datetime": "2024-06-13 02:07:29", "elapsed": 99.06522, "delta": 0.11517}}
{"target": -141.9214114871339, "params": {"p_ai": 6.87104638723164, "p_al": 7.528059143696881, "p_ex": 3.383495876309245, "prior": 4.698566381850696, "rate": 7.9740253575338835}, "datetime": {"datetime": "2024-06-13 02:07:29", "elapsed": 99.175715, "delta": 0.110495}}
{"target": -134.10500010399048, "params": {"p_ai": 6.475029921813591, "p_al": 0.23075873965417942, "p_ex": 2.840440882000521, "prior": 9.543993923653835, "rate": 8.831663399364862}, "datetime": {"datetime": "2024-06-13 02:07:29", "elapsed": 99.287752, "delta": 0.112037}}
{"target": -130.92496330324968, "params": {"p_ai": 3.2528542928382116, "p_al": 9.106428259046453, "p_ex": 4.792271643587237, "prior": 2.0214851391453554, "rate": 2.7152226317759873}, "datetime": {"datetime": "2024-06-13 02:07:29", "elapsed": 99.398, "delta": 0.110248}}
{"target": -99.564945500928, "params": {"p_ai": 2.4105781820003296, "p_al": 0.556698987691059, "p_ex": 4.371923976318957, "prior": 9.045924292349737, "rate": 5.258048884328453}, "datetime": {"datetime": "2024-06-13 02:07:29", "elapsed": 99.508034, "delta": 0.110034}}
{"target": -160.51727796387186, "params": {"p_ai": 5.45501927258241, "p_al": 2.270769102045196, "p_ex": 0.46496189658185, "prior": 1.2589544199559672, "rate": 2.152041802423628}, "datetime": {"datetime": "2024-06-13 02:07:29", "elapsed": 99.616775, "delta": 0.108741}}
{"target": -216.88318125538567, "params": {"p_ai": 8.734060760678151, "p_al": 9.883297769252295, "p_ex": 0.17864471946155067, "prior": 4.433656242445618, "rate": 3.6926037105639593}, "datetime": {"datetime": "2024-06-13 02:07:29", "elapsed": 99.726485, "delta": 0.10971}}
{"target": -128.03286341946603, "params": {"p_ai": 5.365099171557174, "p_al": 6.165611663572178, "p_ex": 3.9606016122470797, "prior": 1.8394567778102808, "rate": 5.853157183958837}, "datetime": {"datetime": "2024-06-13 02:07:29", "elapsed": 99.835194, "delta": 0.108709}}
{"target": -121.51116671515013, "params": {"p_ai": 0.33393439959498467, "p_al": 8.939882672498515, "p_ex": 6.4444635631791485, "prior": 0.9463480982929026, "rate": 5.514198481896219}, "datetime": {"datetime": "2024-06-13 02:07:29", "elapsed": 99.944149, "delta": 0.108955}}
{"target": -109.7596324317455, "params": {"p_ai": 1.290614237119169, "p_al": 1.189089580581743, "p_ex": 2.656223467019746, "prior": 7.629320107414128, "rate": 6.982511237812883}, "datetime": {"datetime": "2024-06-13 02:07:30", "elapsed": 100.054002, "delta": 0.109853}}
{"target": -123.16854252486588, "params": {"p_ai": 5.5889624922088075, "p_al": 2.553010961299623, "p_ex": 5.1791698014639245, "prior": 9.297580185091476, "rate": 1.8540067116163252}, "datetime": {"datetime": "2024-06-13 02:07:30", "elapsed": 100.163185, "delta": 0.109183}}
{"target": -186.59231508723084, "params": {"p_ai": 7.342339864091912, "p_al": 8.72195678460364, "p_ex": 6.694892627696197, "prior": 2.0377529908899317, "rate": 1.2925307977203897}, "datetime": {"datetime": "2024-06-13 02:07:30", "elapsed": 100.272587, "delta": 0.109402}}
{"target": -100.0583795062236, "params": {"p_ai": 5.150814880735495, "p_al": 1.3039515035572151, "p_ex": 8.257174308347446, "prior": 5.236921642608596, "rate": 2.9149454507613863}, "datetime": {"datetime": "2024-06-13 02:07:30", "elapsed": 100.382688, "delta": 0.110101}}
{"target": -116.20267568195241, "params": {"p_ai": 5.681699207758667, "p_al": 2.607113167075669, "p_ex": 5.845117576613796, "prior": 2.32199215010331, "rate": 2.1913014701633196}, "datetime": {"datetime": "2024-06-13 02:07:30", "elapsed": 100.492703, "delta": 0.110015}}
{"target": -202.95979844141385, "params": {"p_ai": 5.185542309916678, "p_al": 8.35432241661817, "p_ex": 6.448062933841908, "prior": 0.9428132212047013, "rate": 1.3415491851440944}, "datetime": {"datetime": "2024-06-13 02:07:30", "elapsed": 100.603998, "delta": 0.111295}}
{"target": -117.96716382845713, "params": {"p_ai": 3.9036156575502186, "p_al": 3.1963273640149286, "p_ex": 8.912314797811076, "prior": 8.913023588304181, "rate": 0.2992111861366949}, "datetime": {"datetime": "2024-06-13 02:07:30", "elapsed": 100.714674, "delta": 0.110676}}
{"target": -121.00008013561485, "params": {"p_ai": 2.1060088559719117, "p_al": 3.8841387744641738, "p_ex": 1.7645710751045083, "prior": 9.186944713043502, "rate": 1.8967959364001061}, "datetime": {"datetime": "2024-06-13 02:07:30", "elapsed": 100.827881, "delta": 0.113207}}
{"target": -146.50581981658004, "params": {"p_ai": 7.3401256292133965, "p_al": 9.569199419728829, "p_ex": 4.777702734413059, "prior": 8.142378714413438, "rate": 4.282765599393484}, "datetime": {"datetime": "2024-06-13 02:07:30", "elapsed": 100.944317, "delta": 0.116436}}
{"target": -141.34631914211874, "params": {"p_ai": 8.13467909993753, "p_al": 7.6172232645805815, "p_ex": 9.596076873702136, "prior": 3.3666634664476933, "rate": 7.666177450236105}, "datetime": {"datetime": "2024-06-13 02:07:31", "elapsed": 101.054023, "delta": 0.109706}}
{"target": -154.6452392174787, "params": {"p_ai": 9.216256420526488, "p_al": 8.107906057497173, "p_ex": 8.143560581729513, "prior": 9.483034089579148, "rate": 2.9075383441675364}, "datetime": {"datetime": "2024-06-13 02:07:31", "elapsed": 101.163953, "delta": 0.10993}}
{"target": -94.68745277414384, "params": {"p_ai": 4.402025448023279, "p_al": 1.0614689514075122, "p_ex": 8.772943953099569, "prior": 3.4376495800562545, "rate": 9.052543557612724}, "datetime": {"datetime": "2024-06-13 02:07:31", "elapsed": 101.27366, "delta": 0.109707}}
{"target": -94.23792530398453, "params": {"p_ai": 2.0393718583818017, "p_al": 3.49670854682447, "p_ex": 6.905103296395332, "prior": 9.22714253443678, "rate": 6.879772184061891}, "datetime": {"datetime": "2024-06-13 02:07:31", "elapsed": 101.383767, "delta": 0.110107}}
{"target": -100.27975704002795, "params": {"p_ai": 3.4015950863695554, "p_al": 0.40139455562105736, "p_ex": 3.3181754241303745, "prior": 4.762134435981242, "rate": 7.304270953982604}, "datetime": {"datetime": "2024-06-13 02:07:31", "elapsed": 101.494798, "delta": 0.111031}}
{"target": -181.35995760287608, "params": {"p_ai": 8.936392304537144, "p_al": 0.06408410135224346, "p_ex": 0.7682678879967971, "prior": 2.818623672892344, "rate": 5.356653678219738}, "datetime": {"datetime": "2024-06-13 02:07:31", "elapsed": 101.604141, "delta": 0.109343}}
{"target": -110.96512830351654, "params": {"p_ai": 5.358320197017084, "p_al": 4.25320952977812, "p_ex": 8.836490541785956, "prior": 7.273793098297809, "rate": 1.360477671934808}, "datetime": {"datetime": "2024-06-13 02:07:31", "elapsed": 101.713848, "delta": 0.109707}}
{"target": -106.50373252018022, "params": {"p_ai": 2.3521283159904485, "p_al": 5.053553249291305, "p_ex": 3.625823024683793, "prior": 8.086391818387844, "rate": 4.1939360275341455}, "datetime": {"datetime": "2024-06-13 02:07:31", "elapsed": 101.822987, "delta": 0.109139}}
{"target": -176.4292436987502, "params": {"p_ai": 9.41168440870445, "p_al": 1.8253827869110664, "p_ex": 4.828391994098708, "prior": 8.942579468503189, "rate": 0.6582946776379386}, "datetime": {"datetime": "2024-06-13 02:07:31", "elapsed": 101.932694, "delta": 0.109707}}
{"target": -85.97687235251242, "params": {"p_ai": 2.7930374012310466, "p_al": 2.0285264812184285, "p_ex": 9.848142780102968, "prior": 4.685069110924743, "rate": 8.881823309179376}, "datetime": {"datetime": "2024-06-13 02:07:32", "elapsed": 102.047388, "delta": 0.114694}}
{"target": -152.16227883440976, "params": {"p_ai": 8.539400167342631, "p_al": 1.0405818638300903, "p_ex": 3.500085683547541, "prior": 4.967458463909608, "rate": 8.789071546632522}, "datetime": {"datetime": "2024-06-13 02:07:32", "elapsed": 102.163403, "delta": 0.116015}}
{"target": -157.515997419941, "params": {"p_ai": 9.818558826019503, "p_al": 3.370152344242372, "p_ex": 7.819704001748473, "prior": 8.587314644739731, "rate": 2.8132116645345953}, "datetime": {"datetime": "2024-06-13 02:07:32", "elapsed": 102.274643, "delta": 0.11124}}
{"target": -97.16509722683163, "params": {"p_ai": 1.9900754263415932, "p_al": 6.46649017792085, "p_ex": 5.641829191069348, "prior": 1.5466010079402892, "rate": 7.421983140023526}, "datetime": {"datetime": "2024-06-13 02:07:32", "elapsed": 102.38435, "delta": 0.109707}}
{"target": -142.15909571976366, "params": {"p_ai": 3.6015667876147712, "p_al": 6.0471355297994975, "p_ex": 0.06592323285271869, "prior": 5.905563148843087, "rate": 7.334526684535487}, "datetime": {"datetime": "2024-06-13 02:07:32", "elapsed": 102.493344, "delta": 0.108994}}
{"target": -114.34157936826257, "params": {"p_ai": 3.457397702569941, "p_al": 7.593538905555558, "p_ex": 4.2702742414255, "prior": 4.2325773823623205, "rate": 2.994227023324736}, "datetime": {"datetime": "2024-06-13 02:07:32", "elapsed": 102.605156, "delta": 0.111812}}
{"target": -142.11450557545595, "params": {"p_ai": 7.41084812936265, "p_al": 9.17093155390691, "p_ex": 4.431569286643207, "prior": 9.869859504332707, "rate": 7.995077879366126}, "datetime": {"datetime": "2024-06-13 02:07:32", "elapsed": 102.715863, "delta": 0.110707}}
{"target": -100.61334294543894, "params": {"p_ai": 3.1130412574876014, "p_al": 2.3318198765431166, "p_ex": 3.5900011043724316, "prior": 4.047288190987675, "rate": 4.9594870060932585}, "datetime": {"datetime": "2024-06-13 02:07:32", "elapsed": 102.824575, "delta": 0.108712}}
{"target": -183.26404050515904, "params": {"p_ai": 7.015635889608674, "p_al": 8.410142349236114, "p_ex": 0.591681143437602, "prior": 4.531267048059634, "rate": 4.276131343403098}, "datetime": {"datetime": "2024-06-13 02:07:32", "elapsed": 102.933872, "delta": 0.109297}}
{"target": -97.58269600969594, "params": {"p_ai": 4.240900112591106, "p_al": 5.637207208839824, "p_ex": 9.3980782998847, "prior": 3.3038838395389827, "rate": 9.489732453291571}, "datetime": {"datetime": "2024-06-13 02:07:33", "elapsed": 103.042582, "delta": 0.10871}}
{"target": -90.77591169311192, "params": {"p_ai": 2.4595966948386168, "p_al": 5.484501872174486, "p_ex": 7.134294959360631, "prior": 8.806336338229208, "rate": 7.817205199110037}, "datetime": {"datetime": "2024-06-13 02:07:33", "elapsed": 103.153052, "delta": 0.11047}}
{"target": -158.005613247125, "params": {"p_ai": 9.657646828616505, "p_al": 5.511879884156932, "p_ex": 9.054357949067327, "prior": 6.547188885206358, "rate": 1.6909319518823145}, "datetime": {"datetime": "2024-06-13 02:07:33", "elapsed": 103.261764, "delta": 0.108712}}
{"target": -134.70302802061542, "params": {"p_ai": 0.3075764907057214, "p_al": 7.608044237084763, "p_ex": 6.776523100769331, "prior": 2.883846336266304, "rate": 1.061060113331068}, "datetime": {"datetime": "2024-06-13 02:07:33", "elapsed": 103.371943, "delta": 0.110179}}
{"target": -134.55508637217702, "params": {"p_ai": 6.894912753981151, "p_al": 7.494775701453469, "p_ex": 5.583261815945312, "prior": 6.6527083965787845, "rate": 4.04120575860372}, "datetime": {"datetime": "2024-06-13 02:07:33", "elapsed": 103.481879, "delta": 0.109936}}
{"target": -138.93059412716661, "params": {"p_ai": 8.661009108350234, "p_al": 5.3244804162311095, "p_ex": 8.94849717759843, "prior": 7.397355841077811, "rate": 5.229495878098283}, "datetime": {"datetime": "2024-06-13 02:07:33", "elapsed": 103.592925, "delta": 0.111046}}
{"target": -161.1773591656747, "params": {"p_ai": 7.196851652491778, "p_al": 8.867573377717738, "p_ex": 1.9459183399439965, "prior": 4.298620712646929, "rate": 8.593650736304962}, "datetime": {"datetime": "2024-06-13 02:07:33", "elapsed": 103.705133, "delta": 0.112208}}
{"target": -102.10535239427841, "params": {"p_ai": 0.30593315470351806, "p_al": 1.3316887393732058, "p_ex": 4.0540634531511355, "prior": 1.1244776218587826, "rate": 7.261793973479709}, "datetime": {"datetime": "2024-06-13 02:07:33", "elapsed": 103.814839, "delta": 0.109706}}
{"target": -170.71290446056884, "params": {"p_ai": 9.74812518591709, "p_al": 4.891176585226112, "p_ex": 9.60271465844587, "prior": 1.3585554114606393, "rate": 7.004733804599716}, "datetime": {"datetime": "2024-06-13 02:07:33", "elapsed": 103.924548, "delta": 0.109709}}
{"target": -123.11109478717678, "params": {"p_ai": 5.82900028491064, "p_al": 7.917543891275795, "p_ex": 5.377468422835572, "prior": 9.798948077818707, "rate": 4.397088163352406}, "datetime": {"datetime": "2024-06-13 02:07:33", "elapsed": 104.034129, "delta": 0.109581}}
{"target": -226.9407909387179, "params": {"p_ai": 9.502773262661462, "p_al": 9.182866943702871, "p_ex": 4.2392728592820275, "prior": 4.105808538326242, "rate": 0.20045070602134657}, "datetime": {"datetime": "2024-06-13 02:07:34", "elapsed": 104.142838, "delta": 0.108709}}
{"target": -109.26093389872626, "params": {"p_ai": 4.485492635920682, "p_al": 1.9949007104567833, "p_ex": 3.3599204150639372, "prior": 2.8258754102309727, "rate": 6.702309477116513}, "datetime": {"datetime": "2024-06-13 02:07:34", "elapsed": 104.252545, "delta": 0.109707}}
{"target": -95.73020973685094, "params": {"p_ai": 4.4022955698242345, "p_al": 6.002889962165791, "p_ex": 8.435340806411245, "prior": 8.327887276650028, "rate": 5.855987869562886}, "datetime": {"datetime": "2024-06-13 02:07:34", "elapsed": 104.361787, "delta": 0.109242}}
{"target": -140.31710167301105, "params": {"p_ai": 4.405923932616606, "p_al": 4.0047021613980025, "p_ex": 0.7122002336399037, "prior": 4.674352425274426, "rate": 4.031025111880172}, "datetime": {"datetime": "2024-06-13 02:07:34", "elapsed": 104.470584, "delta": 0.108797}}
{"target": -104.19117899662828, "params": {"p_ai": 2.0161053969500373, "p_al": 8.027446895117734, "p_ex": 6.981781631247231, "prior": 9.754105729983317, "rate": 3.8557726961887338}, "datetime": {"datetime": "2024-06-13 02:07:34", "elapsed": 104.580745, "delta": 0.110161}}
{"target": -108.36256796086101, "params": {"p_ai": 4.169858916139606, "p_al": 5.197829460123607, "p_ex": 3.5335312774873016, "prior": 5.4529221972087285, "rate": 8.897635664817782}, "datetime": {"datetime": "2024-06-13 02:07:34", "elapsed": 104.691303, "delta": 0.110558}}
{"target": -122.03325734008352, "params": {"p_ai": 7.305463347346481, "p_al": 2.0659129860558227, "p_ex": 8.001728642806308, "prior": 7.953285322327399, "rate": 7.991110513057933}, "datetime": {"datetime": "2024-06-13 02:07:34", "elapsed": 104.801038, "delta": 0.109735}}
{"target": -104.05936383022102, "params": {"p_ai": 3.168709736973412, "p_al": 6.129902255734795, "p_ex": 6.523257528485796, "prior": 1.203129814105274, "rate": 9.1868342285534}, "datetime": {"datetime": "2024-06-13 02:07:34", "elapsed": 104.910747, "delta": 0.109709}}
{"target": -89.55040599323274, "params": {"p_ai": 3.681989599397955, "p_al": 6.884078859625151, "p_ex": 9.283455455258283, "prior": 6.74904675955315, "rate": 9.38483564986149}, "datetime": {"datetime": "2024-06-13 02:07:34", "elapsed": 105.020456, "delta": 0.109709}}
{"target": -121.53873742908036, "params": {"p_ai": 6.991377462572233, "p_al": 1.709408088343812, "p_ex": 7.289326185240949, "prior": 4.05779575275768, "rate": 3.1864143605046094}, "datetime": {"datetime": "2024-06-13 02:07:35", "elapsed": 105.13116, "delta": 0.110704}}
{"target": -146.0439467536198, "params": {"p_ai": 7.806682064739028, "p_al": 7.905100864498175, "p_ex": 9.4901686447983, "prior": 2.032649766796406, "rate": 5.32711064694857}, "datetime": {"datetime": "2024-06-13 02:07:35", "elapsed": 105.242866, "delta": 0.111706}}
{"target": -156.7720528012029, "params": {"p_ai": 7.7214524638532, "p_al": 5.163972338729523, "p_ex": 2.2886357530249133, "prior": 9.952907622859108, "rate": 8.893309115794231}, "datetime": {"datetime": "2024-06-13 02:07:35", "elapsed": 105.358273, "delta": 0.115407}}
{"target": -106.12656937279338, "params": {"p_ai": 5.77185622802849, "p_al": 5.380940020627867, "p_ex": 8.39992120466477, "prior": 9.146425179600218, "rate": 8.196033971462102}, "datetime": {"datetime": "2024-06-13 02:07:35", "elapsed": 105.47243, "delta": 0.114157}}
{"target": -136.03953559087228, "params": {"p_ai": 4.3286649457508, "p_al": 8.556375691660442, "p_ex": 2.25682771258779, "prior": 5.405620154121501, "rate": 3.1521877359098176}, "datetime": {"datetime": "2024-06-13 02:07:35", "elapsed": 105.586127, "delta": 0.113697}}
{"target": -91.05634255210272, "params": {"p_ai": 1.197225322759513, "p_al": 1.455974015579314, "p_ex": 9.366111572060866, "prior": 1.9507292859870247, "rate": 6.499451382283563}, "datetime": {"datetime": "2024-06-13 02:07:35", "elapsed": 105.6967, "delta": 0.110573}}
{"target": -124.66136316430865, "params": {"p_ai": 2.391972458242885, "p_al": 5.255170257750519, "p_ex": 1.307211406941315, "prior": 2.89611392001835, "rate": 4.005844775951111}, "datetime": {"datetime": "2024-06-13 02:07:35", "elapsed": 105.809399, "delta": 0.112699}}
{"target": -160.22466531387593, "params": {"p_ai": 7.067081063453817, "p_al": 9.0107982835773, "p_ex": 4.28634274271159, "prior": 7.138505863828612, "rate": 1.391725519034242}, "datetime": {"datetime": "2024-06-13 02:07:35", "elapsed": 105.918564, "delta": 0.109165}}
{"target": -91.28971437232269, "params": {"p_ai": 1.0066501696519974, "p_al": 4.481647794143768, "p_ex": 7.605301828565939, "prior": 2.316921225452701, "rate": 8.09151910411932}, "datetime": {"datetime": "2024-06-13 02:07:35", "elapsed": 106.028271, "delta": 0.109707}}
{"target": -120.3307128019529, "params": {"p_ai": 2.5248249478764953, "p_al": 0.838928467976868, "p_ex": 5.130493139683857, "prior": 0.010777103781384231, "rate": 7.081422282546556}, "datetime": {"datetime": "2024-06-13 02:07:36", "elapsed": 106.142965, "delta": 0.114694}}
{"target": -171.74538154152583, "params": {"p_ai": 7.390853426863938, "p_al": 9.73322264344219, "p_ex": 6.631982904080714, "prior": 4.942673042576449, "rate": 0.7371595478477164}, "datetime": {"datetime": "2024-06-13 02:07:36", "elapsed": 106.258656, "delta": 0.115691}}
{"target": -104.5769901442199, "params": {"p_ai": 5.343415976199531, "p_al": 1.4191621099841882, "p_ex": 8.024085235114102, "prior": 5.761912356516914, "rate": 2.1299294622685796}, "datetime": {"datetime": "2024-06-13 02:07:36", "elapsed": 106.368867, "delta": 0.110211}}
{"target": -139.22321229413612, "params": {"p_ai": 7.070844731569463, "p_al": 3.3307517606829986, "p_ex": 6.691313025057773, "prior": 7.795731330379866, "rate": 0.8666746108424254}, "datetime": {"datetime": "2024-06-13 02:07:36", "elapsed": 106.478998, "delta": 0.110131}}
{"target": -102.3174780357037, "params": {"p_ai": 5.107053969244893, "p_al": 1.0376399462769927, "p_ex": 6.49496559599607, "prior": 3.155663327191296, "rate": 6.435368403054906}, "datetime": {"datetime": "2024-06-13 02:07:36", "elapsed": 106.587214, "delta": 0.108216}}
{"target": -129.83532501564443, "params": {"p_ai": 0.4864892669021125, "p_al": 8.67009697380327, "p_ex": 4.78211439086565, "prior": 7.9357383330868965, "rate": 2.267143144700332}, "datetime": {"datetime": "2024-06-13 02:07:36", "elapsed": 106.698177, "delta": 0.110963}}
{"target": -90.76282938799385, "params": {"p_ai": 3.3504024487870745, "p_al": 7.637985457191093, "p_ex": 8.534375742625368, "prior": 4.371801524592517, "rate": 9.303392967733627}, "datetime": {"datetime": "2024-06-13 02:07:36", "elapsed": 106.80686, "delta": 0.108683}}
{"target": -114.94397887683223, "params": {"p_ai": 5.796563374104747, "p_al": 0.4919257168276211, "p_ex": 4.5291605182121115, "prior": 1.6048400632304824, "rate": 7.3285116447675644}, "datetime": {"datetime": "2024-06-13 02:07:36", "elapsed": 106.942497, "delta": 0.135637}}
{"target": -93.29176671226834, "params": {"p_ai": 3.4741793266387537, "p_al": 2.0125752194218203, "p_ex": 8.428037552609165, "prior": 8.178145521691025, "rate": 3.4371232618649366}, "datetime": {"datetime": "2024-06-13 02:07:37", "elapsed": 107.052204, "delta": 0.109707}}
