{"target": -1191.1075016763211, "params": {"gamma": 4.676032980600331, "lr": 0.6669425431939752}, "datetime": {"datetime": "2024-06-13 14:28:17", "elapsed": 3.657023, "delta": 0.003989}}
{"target": -983.3977642023052, "params": {"gamma": 4.534320887795462, "lr": 0.5257115913414097}, "datetime": {"datetime": "2024-06-13 14:28:17", "elapsed": 3.661012, "delta": 0.003989}}
{"target": -1074.3075889024037, "params": {"gamma": 6.586021847542061, "lr": 0.18119538195386165}, "datetime": {"datetime": "2024-06-13 14:28:17", "elapsed": 3.665001, "delta": 0.003989}}
{"target": -1854.3943344798338, "params": {"gamma": 7.8807074621719, "lr": 0.6028653375383973}, "datetime": {"datetime": "2024-06-13 14:28:17", "elapsed": 3.669988, "delta": 0.004987}}
{"target": -1482.196444906658, "params": {"gamma": 9.80334851848814, "lr": 0.22238319353117575}, "datetime": {"datetime": "2024-06-13 14:28:17", "elapsed": 3.673977, "delta": 0.003989}}
{"target": -1440.255958998348, "params": {"gamma": 4.663198475191569, "lr": 0.8956418025994466}, "datetime": {"datetime": "2024-06-13 14:28:17", "elapsed": 3.678964, "delta": 0.004987}}
{"target": -1512.3150259071522, "params": {"gamma": 6.014732663578183, "lr": 0.725958845848815}, "datetime": {"datetime": "2024-06-13 14:28:17", "elapsed": 3.682954, "delta": 0.00399}}
{"target": -1056.2565358022443, "params": {"gamma": 4.137287971849402, "lr": 0.6843096218313198}, "datetime": {"datetime": "2024-06-13 14:28:17", "elapsed": 3.686943, "delta": 0.003989}}
{"target": -1473.0091491353107, "params": {"gamma": 9.460604243445784, "lr": 0.20018606573932207}, "datetime": {"datetime": "2024-06-13 14:28:17", "elapsed": 3.690932, "delta": 0.003989}}
{"target": -2598.9962568855685, "params": {"gamma": 8.073845273509328, "lr": 0.9695380120998964}, "datetime": {"datetime": "2024-06-13 14:28:17", "elapsed": 3.694922, "delta": 0.00399}}
{"target": -145.0062974572597, "params": {"gamma": 0.146672748901554, "lr": 0.21520958659442757}, "datetime": {"datetime": "2024-06-13 14:28:17", "elapsed": 3.699908, "delta": 0.004986}}
{"target": -368.240299275823, "params": {"gamma": 1.1746518262109842, "lr": 0.7674235177414532}, "datetime": {"datetime": "2024-06-13 14:28:17", "elapsed": 3.703897, "delta": 0.003989}}
{"target": -300.1445731340855, "params": {"gamma": 0.8130846428413901, "lr": 0.9984135585909075}, "datetime": {"datetime": "2024-06-13 14:28:17", "elapsed": 3.708884, "delta": 0.004987}}
{"target": -1207.4867281001843, "params": {"gamma": 3.8967305467771722, "lr": 0.9052027659330404}, "datetime": {"datetime": "2024-06-13 14:28:17", "elapsed": 3.712874, "delta": 0.00399}}
{"target": -367.1510087744687, "params": {"gamma": 1.886587457391179, "lr": 0.44087219982229087}, "datetime": {"datetime": "2024-06-13 14:28:17", "elapsed": 3.716863, "delta": 0.003989}}
{"target": -1821.838503000177, "params": {"gamma": 8.448273378243028, "lr": 0.5952697806732562}, "datetime": {"datetime": "2024-06-13 14:28:17", "elapsed": 3.720852, "delta": 0.003989}}
{"target": -1002.0395623873743, "params": {"gamma": 4.6221188088168805, "lr": 0.5126497467571176}, "datetime": {"datetime": "2024-06-13 14:28:17", "elapsed": 3.725839, "delta": 0.004987}}
{"target": -1054.3589152794457, "params": {"gamma": 5.739281383396582, "lr": 0.4403192075855932}, "datetime": {"datetime": "2024-06-13 14:28:17", "elapsed": 3.729828, "delta": 0.003989}}
{"target": -479.8898969565261, "params": {"gamma": 1.936396018280381, "lr": 0.11396576145918635}, "datetime": {"datetime": "2024-06-13 14:28:17", "elapsed": 3.734815, "delta": 0.004987}}
{"target": -672.5923550836997, "params": {"gamma": 1.5131280457741099, "lr": 0.0524909638531339}, "datetime": {"datetime": "2024-06-13 14:28:17", "elapsed": 3.738804, "delta": 0.003989}}
{"target": -1675.1152028537056, "params": {"gamma": 5.587205434225252, "lr": 0.8477210140360106}, "datetime": {"datetime": "2024-06-13 14:28:17", "elapsed": 3.742793, "delta": 0.003989}}
{"target": -1525.5980262792484, "params": {"gamma": 3.5918342699021832, "lr": 0.07531087263581782}, "datetime": {"datetime": "2024-06-13 14:28:17", "elapsed": 3.746783, "delta": 0.00399}}
{"target": -1011.5104982726086, "params": {"gamma": 4.257818395439178, "lr": 0.6020078384720013}, "datetime": {"datetime": "2024-06-13 14:28:17", "elapsed": 3.750772, "delta": 0.003989}}
{"target": -1251.0890186749004, "params": {"gamma": 4.254609252290801, "lr": 0.81072123360737}, "datetime": {"datetime": "2024-06-13 14:28:17", "elapsed": 3.754762, "delta": 0.00399}}
{"target": -2892.786376374107, "params": {"gamma": 9.418920575620866, "lr": 0.8699107732683544}, "datetime": {"datetime": "2024-06-13 14:28:17", "elapsed": 3.758751, "delta": 0.003989}}
{"target": -1268.552033454709, "params": {"gamma": 7.040290983300606, "lr": 0.4702989247821753}, "datetime": {"datetime": "2024-06-13 14:28:17", "elapsed": 3.763738, "delta": 0.004987}}
{"target": -2864.0026198559785, "params": {"gamma": 6.827297730989611, "lr": 0.013418310556529534}, "datetime": {"datetime": "2024-06-13 14:28:17", "elapsed": 3.767727, "delta": 0.003989}}
{"target": -1589.185444048102, "params": {"gamma": 9.824798706901937, "lr": 0.17207733182889595}, "datetime": {"datetime": "2024-06-13 14:28:17", "elapsed": 3.772743, "delta": 0.005016}}
{"target": -2646.645631708745, "params": {"gamma": 9.062697699220857, "lr": 0.8071099016661061}, "datetime": {"datetime": "2024-06-13 14:28:17", "elapsed": 3.776703, "delta": 0.00396}}
{"target": -1250.3009896094645, "params": {"gamma": 8.00159670418549, "lr": 0.2689360577850649}, "datetime": {"datetime": "2024-06-13 14:28:17", "elapsed": 3.780692, "delta": 0.003989}}
{"target": -420.059759153112, "params": {"gamma": 2.1923189037668234, "lr": 0.42880069291408873}, "datetime": {"datetime": "2024-06-13 14:28:17", "elapsed": 3.784681, "delta": 0.003989}}
{"target": -1526.4556784137164, "params": {"gamma": 8.493861636205818, "lr": 0.45037964247172024}, "datetime": {"datetime": "2024-06-13 14:28:17", "elapsed": 3.788671, "delta": 0.00399}}
{"target": -1462.6313875768444, "params": {"gamma": 9.354265719956611, "lr": 0.352679327251738}, "datetime": {"datetime": "2024-06-13 14:28:17", "elapsed": 3.793658, "delta": 0.004987}}
{"target": -1997.7668778883665, "params": {"gamma": 6.194302264801901, "lr": 0.9806990363557802}, "datetime": {"datetime": "2024-06-13 14:28:17", "elapsed": 3.797647, "delta": 0.003989}}
{"target": -2701.609440496778, "params": {"gamma": 6.434981759885809, "lr": 0.04549821604060378}, "datetime": {"datetime": "2024-06-13 14:28:17", "elapsed": 3.801636, "delta": 0.003989}}
{"target": -734.6995279172494, "params": {"gamma": 4.636107352426167, "lr": 0.3347513437136638}, "datetime": {"datetime": "2024-06-13 14:28:17", "elapsed": 3.806623, "delta": 0.004987}}
{"target": -885.1810806116347, "params": {"gamma": 5.322283303668225, "lr": 0.2847462086131314}, "datetime": {"datetime": "2024-06-13 14:28:17", "elapsed": 3.810612, "delta": 0.003989}}
{"target": -339.79128511667443, "params": {"gamma": 1.223490041069798, "lr": 0.6682889887508018}, "datetime": {"datetime": "2024-06-13 14:28:17", "elapsed": 3.814601, "delta": 0.003989}}
{"target": -2097.1381075745853, "params": {"gamma": 6.8139161891581725, "lr": 0.8671392999990885}, "datetime": {"datetime": "2024-06-13 14:28:17", "elapsed": 3.818591, "delta": 0.00399}}
{"target": -410.58584505076664, "params": {"gamma": 1.3246825541338114, "lr": 0.798620308278031}, "datetime": {"datetime": "2024-06-13 14:28:17", "elapsed": 3.822581, "delta": 0.00399}}
{"target": -2005.8852993213443, "params": {"gamma": 8.267860615312884, "lr": 0.6465499357511519}, "datetime": {"datetime": "2024-06-13 14:28:17", "elapsed": 3.828564, "delta": 0.005983}}
{"target": -340.7042475617124, "params": {"gamma": 2.0500165356605575, "lr": 0.2614207144058379}, "datetime": {"datetime": "2024-06-13 14:28:17", "elapsed": 3.832553, "delta": 0.003989}}
{"target": -909.3923956047237, "params": {"gamma": 4.185549678574218, "lr": 0.5417990727827313}, "datetime": {"datetime": "2024-06-13 14:28:17", "elapsed": 3.836543, "delta": 0.00399}}
{"target": -867.0851027498545, "params": {"gamma": 4.774902117966579, "lr": 0.4674598920453694}, "datetime": {"datetime": "2024-06-13 14:28:17", "elapsed": 3.840532, "delta": 0.003989}}
{"target": -2581.1094726419055, "params": {"gamma": 8.398567261266477, "lr": 0.8701023653075677}, "datetime": {"datetime": "2024-06-13 14:28:17", "elapsed": 3.845519, "delta": 0.004987}}
{"target": -2509.923141404515, "params": {"gamma": 8.16772288980329, "lr": 0.8778014186346996}, "datetime": {"datetime": "2024-06-13 14:28:17", "elapsed": 3.849508, "delta": 0.003989}}
{"target": -1843.073306711721, "params": {"gamma": 5.710516610608794, "lr": 0.9640361333390818}, "datetime": {"datetime": "2024-06-13 14:28:17", "elapsed": 3.853497, "delta": 0.003989}}
{"target": -1431.822203078435, "params": {"gamma": 6.065836938156427, "lr": 0.6039477410796814}, "datetime": {"datetime": "2024-06-13 14:28:17", "elapsed": 3.858485, "delta": 0.004988}}
{"target": -820.6700908475664, "params": {"gamma": 3.193658073009114, "lr": 0.681204184117019}, "datetime": {"datetime": "2024-06-13 14:28:17", "elapsed": 3.863471, "delta": 0.004986}}
{"target": -175.2556708385273, "params": {"gamma": 0.5206049193651046, "lr": 0.13454642101194225}, "datetime": {"datetime": "2024-06-13 14:28:17", "elapsed": 3.86746, "delta": 0.003989}}
{"target": -346.0457668897201, "params": {"gamma": 1.303291433560078, "lr": 0.6552012872247357}, "datetime": {"datetime": "2024-06-13 14:28:17", "elapsed": 3.87145, "delta": 0.00399}}
{"target": -299.7040487827346, "params": {"gamma": 1.7541505851216117, "lr": 0.3411468232515472}, "datetime": {"datetime": "2024-06-13 14:28:17", "elapsed": 3.876436, "delta": 0.004986}}
{"target": -146.76061747787605, "params": {"gamma": 0.44407224667521283, "lr": 0.2337343601165106}, "datetime": {"datetime": "2024-06-13 14:28:17", "elapsed": 3.880426, "delta": 0.00399}}
{"target": -2070.483821072595, "params": {"gamma": 9.642279024168092, "lr": 0.5091394025163677}, "datetime": {"datetime": "2024-06-13 14:28:17", "elapsed": 3.884415, "delta": 0.003989}}
{"target": -351.6152658397262, "params": {"gamma": 1.5115941101958479, "lr": 0.5230085317344643}, "datetime": {"datetime": "2024-06-13 14:28:17", "elapsed": 3.889701, "delta": 0.005286}}
{"target": -2897.7440835306793, "params": {"gamma": 9.435150329726897, "lr": 0.865686014006334}, "datetime": {"datetime": "2024-06-13 14:28:17", "elapsed": 3.894685, "delta": 0.004984}}
{"target": -657.6710087894837, "params": {"gamma": 3.9212666234349385, "lr": 0.28386751597340265}, "datetime": {"datetime": "2024-06-13 14:28:17", "elapsed": 3.898674, "delta": 0.003989}}
{"target": -1156.5452286511993, "params": {"gamma": 7.617536897064726, "lr": 0.2404843248030878}, "datetime": {"datetime": "2024-06-13 14:28:17", "elapsed": 3.902664, "delta": 0.00399}}
{"target": -1092.722956568103, "params": {"gamma": 2.5430693142188665, "lr": 0.08408635417992949}, "datetime": {"datetime": "2024-06-13 14:28:17", "elapsed": 3.906654, "delta": 0.00399}}
{"target": -1552.6688278047338, "params": {"gamma": 8.641576803545505, "lr": 0.44789891562027984}, "datetime": {"datetime": "2024-06-13 14:28:17", "elapsed": 3.910643, "delta": 0.003989}}
{"target": -1461.0881940586182, "params": {"gamma": 5.618300819839127, "lr": 0.7367109576935199}, "datetime": {"datetime": "2024-06-13 14:28:17", "elapsed": 3.915629, "delta": 0.004986}}
{"target": -1432.6268418933491, "params": {"gamma": 7.965092182444826, "lr": 0.44750813899031383}, "datetime": {"datetime": "2024-06-13 14:28:17", "elapsed": 3.920616, "delta": 0.004987}}
{"target": -557.9078766219626, "params": {"gamma": 1.8420914342018075, "lr": 0.8287328515283018}, "datetime": {"datetime": "2024-06-13 14:28:17", "elapsed": 3.925603, "delta": 0.004987}}
{"target": -176.77343067569862, "params": {"gamma": 0.3109486003227299, "lr": 0.9467282696079524}, "datetime": {"datetime": "2024-06-13 14:28:17", "elapsed": 3.929592, "delta": 0.003989}}
{"target": -1777.8521052403396, "params": {"gamma": 5.770201486928539, "lr": 0.875388738450687}, "datetime": {"datetime": "2024-06-13 14:28:17", "elapsed": 3.933581, "delta": 0.003989}}
{"target": -955.4229883841197, "params": {"gamma": 6.086045804298614, "lr": 0.2516595841523237}, "datetime": {"datetime": "2024-06-13 14:28:17", "elapsed": 3.938568, "delta": 0.004987}}
{"target": -650.8492897108749, "params": {"gamma": 2.962003105035548, "lr": 0.5329225590316532}, "datetime": {"datetime": "2024-06-13 14:28:17", "elapsed": 3.943554, "delta": 0.004986}}
{"target": -1547.8270845358031, "params": {"gamma": 9.620820050258088, "lr": 0.18449560449017766}, "datetime": {"datetime": "2024-06-13 14:28:17", "elapsed": 3.947544, "delta": 0.00399}}
{"target": -805.996161843042, "params": {"gamma": 5.099473883052948, "lr": 0.3437881034368444}, "datetime": {"datetime": "2024-06-13 14:28:17", "elapsed": 3.951533, "delta": 0.003989}}
{"target": -2250.127094779646, "params": {"gamma": 7.697483724226901, "lr": 0.802866486432424}, "datetime": {"datetime": "2024-06-13 14:28:17", "elapsed": 3.95655, "delta": 0.005017}}
{"target": -673.3011631837801, "params": {"gamma": 4.246174543111865, "lr": 0.20412249999433585}, "datetime": {"datetime": "2024-06-13 14:28:17", "elapsed": 3.960539, "delta": 0.003989}}
{"target": -173.49196972924935, "params": {"gamma": 0.6718275138282244, "lr": 0.1986482644205615}, "datetime": {"datetime": "2024-06-13 14:28:17", "elapsed": 3.964527, "delta": 0.003988}}
{"target": -604.1201482006156, "params": {"gamma": 2.7247361004436925, "lr": 0.5987889179092104}, "datetime": {"datetime": "2024-06-13 14:28:17", "elapsed": 3.968488, "delta": 0.003961}}
{"target": -1700.1420573041935, "params": {"gamma": 8.730961889247082, "lr": 0.1282309388454863}, "datetime": {"datetime": "2024-06-13 14:28:17", "elapsed": 3.972478, "delta": 0.00399}}
{"target": -2421.7434699794903, "params": {"gamma": 9.581929228407246, "lr": 0.6831708438541465}, "datetime": {"datetime": "2024-06-13 14:28:17", "elapsed": 3.977464, "delta": 0.004986}}
{"target": -2389.784681814898, "params": {"gamma": 7.419900392548125, "lr": 0.9828807859209906}, "datetime": {"datetime": "2024-06-13 14:28:17", "elapsed": 3.981456, "delta": 0.003992}}
{"target": -904.3119993738136, "params": {"gamma": 4.161591625408803, "lr": 0.5315834658959018}, "datetime": {"datetime": "2024-06-13 14:28:17", "elapsed": 3.98644, "delta": 0.004984}}
{"target": -1463.639570759552, "params": {"gamma": 6.792450289006991, "lr": 0.5128751425899913}, "datetime": {"datetime": "2024-06-13 14:28:17", "elapsed": 3.99043, "delta": 0.00399}}
{"target": -911.9446328064645, "params": {"gamma": 2.991824334263695, "lr": 0.10538467273003926}, "datetime": {"datetime": "2024-06-13 14:28:17", "elapsed": 3.994418, "delta": 0.003988}}
{"target": -836.4217056985826, "params": {"gamma": 2.8500365250757254, "lr": 0.7688528482877579}, "datetime": {"datetime": "2024-06-13 14:28:17", "elapsed": 3.998408, "delta": 0.00399}}
{"target": -1875.7475278268155, "params": {"gamma": 6.40818626181401, "lr": 0.8013307032031926}, "datetime": {"datetime": "2024-06-13 14:28:17", "elapsed": 4.002397, "delta": 0.003989}}
{"target": -792.4078203352426, "params": {"gamma": 5.171688199172296, "lr": 0.23210002184633505}, "datetime": {"datetime": "2024-06-13 14:28:17", "elapsed": 4.007384, "delta": 0.004987}}
{"target": -950.4105484584674, "params": {"gamma": 6.279991307892046, "lr": 0.30400549002230315}, "datetime": {"datetime": "2024-06-13 14:28:17", "elapsed": 4.011373, "delta": 0.003989}}
{"target": -170.78534070410797, "params": {"gamma": 0.29625792067526757, "lr": 0.9033311768168756}, "datetime": {"datetime": "2024-06-13 14:28:17", "elapsed": 4.01636, "delta": 0.004987}}
{"target": -690.5360102529937, "params": {"gamma": 4.2042753184590484, "lr": 0.4261307804247122}, "datetime": {"datetime": "2024-06-13 14:28:17", "elapsed": 4.021347, "delta": 0.004987}}
{"target": -2387.5055792608514, "params": {"gamma": 7.412776101583259, "lr": 0.9484584043057936}, "datetime": {"datetime": "2024-06-13 14:28:17", "elapsed": 4.025336, "delta": 0.003989}}
{"target": -175.16354765527117, "params": {"gamma": 0.7260827649265881, "lr": 0.17270108813227492}, "datetime": {"datetime": "2024-06-13 14:28:17", "elapsed": 4.029325, "delta": 0.003989}}
{"target": -504.0331972066348, "params": {"gamma": 3.224252533837974, "lr": 0.248424246330199}, "datetime": {"datetime": "2024-06-13 14:28:17", "elapsed": 4.034312, "delta": 0.004987}}
{"target": -1454.1962795742975, "params": {"gamma": 4.9554543186305695, "lr": 0.8244596107976835}, "datetime": {"datetime": "2024-06-13 14:28:17", "elapsed": 4.038302, "delta": 0.00399}}
{"target": -1841.389145046168, "params": {"gamma": 8.539870177006817, "lr": 0.5958299420587015}, "datetime": {"datetime": "2024-06-13 14:28:17", "elapsed": 4.042291, "delta": 0.003989}}
{"target": -412.58593303995485, "params": {"gamma": 2.4024971645768356, "lr": 0.18649268827268528}, "datetime": {"datetime": "2024-06-13 14:28:17", "elapsed": 4.048275, "delta": 0.005984}}
{"target": -1129.2290000022642, "params": {"gamma": 7.434161733507989, "lr": 0.23721405764354764}, "datetime": {"datetime": "2024-06-13 14:28:17", "elapsed": 4.052264, "delta": 0.003989}}
{"target": -1403.8767604427615, "params": {"gamma": 5.395369418374571, "lr": 0.7492807871271918}, "datetime": {"datetime": "2024-06-13 14:28:17", "elapsed": 4.056283, "delta": 0.004019}}
{"target": -395.0706285422014, "params": {"gamma": 2.283262797049244, "lr": 0.17450118757274402}, "datetime": {"datetime": "2024-06-13 14:28:17", "elapsed": 4.060242, "delta": 0.003959}}
{"target": -150.4523809793761, "params": {"gamma": 0.39831713007193664, "lr": 0.14756883769994755}, "datetime": {"datetime": "2024-06-13 14:28:17", "elapsed": 4.064439, "delta": 0.004197}}
{"target": -2519.4405517345544, "params": {"gamma": 8.51453763056296, "lr": 0.10463591174495857}, "datetime": {"datetime": "2024-06-13 14:28:17", "elapsed": 4.069425, "delta": 0.004986}}
{"target": -967.8360704283781, "params": {"gamma": 2.2372268102276505, "lr": 0.03275719974597713}, "datetime": {"datetime": "2024-06-13 14:28:17", "elapsed": 4.073415, "delta": 0.00399}}
{"target": -1029.3941298693533, "params": {"gamma": 6.763889997877335, "lr": 0.2317031414647196}, "datetime": {"datetime": "2024-06-13 14:28:17", "elapsed": 4.078266, "delta": 0.004851}}
{"target": -816.9079890183417, "params": {"gamma": 4.136503586299842, "lr": 0.13930117132372677}, "datetime": {"datetime": "2024-06-13 14:28:17", "elapsed": 4.082255, "delta": 0.003989}}
{"target": -622.2118169962481, "params": {"gamma": 3.772795658827454, "lr": 0.4244374662396153}, "datetime": {"datetime": "2024-06-13 14:28:17", "elapsed": 4.086245, "delta": 0.00399}}
{"target": -774.0154371500024, "params": {"gamma": 4.730176553648271, "lr": 0.4228418130386131}, "datetime": {"datetime": "2024-06-13 14:28:17", "elapsed": 4.091231, "delta": 0.004986}}
{"target": -329.5766922571079, "params": {"gamma": 1.028462882177769, "lr": 0.772580266631544}, "datetime": {"datetime": "2024-06-13 14:28:17", "elapsed": 4.09522, "delta": 0.003989}}
{"target": -253.88263385832659, "params": {"gamma": 1.3729228288956241, "lr": 0.424292374325812}, "datetime": {"datetime": "2024-06-13 14:28:17", "elapsed": 4.09921, "delta": 0.00399}}
{"target": -427.3496878939047, "params": {"gamma": 2.7202891684153423, "lr": 0.3010079430799063}, "datetime": {"datetime": "2024-06-13 14:28:17", "elapsed": 4.103199, "delta": 0.003989}}
{"target": -1449.1826126491862, "params": {"gamma": 6.72453530509174, "lr": 0.5177867238134145}, "datetime": {"datetime": "2024-06-13 14:28:17", "elapsed": 4.108188, "delta": 0.004989}}
{"target": -365.52395417250733, "params": {"gamma": 1.9016804177489257, "lr": 0.4691344398333771}, "datetime": {"datetime": "2024-06-13 14:28:17", "elapsed": 4.113201, "delta": 0.005013}}
{"target": -866.692890099087, "params": {"gamma": 3.396069147094239, "lr": 0.7044971982481261}, "datetime": {"datetime": "2024-06-13 14:28:17", "elapsed": 4.117161, "delta": 0.00396}}
{"target": -693.1371483083587, "params": {"gamma": 2.2617259291230574, "lr": 0.8449881373583452}, "datetime": {"datetime": "2024-06-13 14:28:17", "elapsed": 4.121151, "delta": 0.00399}}
{"target": -1138.1733304363286, "params": {"gamma": 5.262770419251413, "lr": 0.5006195729230891}, "datetime": {"datetime": "2024-06-13 14:28:17", "elapsed": 4.12514, "delta": 0.003989}}
{"target": -433.26356523255566, "params": {"gamma": 2.537604383069914, "lr": 0.18615566973666398}, "datetime": {"datetime": "2024-06-13 14:28:17", "elapsed": 4.130127, "delta": 0.004987}}
{"target": -1526.113761649359, "params": {"gamma": 4.7187188083132305, "lr": 0.9818244178252573}, "datetime": {"datetime": "2024-06-13 14:28:17", "elapsed": 4.134117, "delta": 0.00399}}
{"target": -251.40642193763654, "params": {"gamma": 1.3299294703806088, "lr": 0.28346243242805713}, "datetime": {"datetime": "2024-06-13 14:28:17", "elapsed": 4.138107, "delta": 0.00399}}
{"target": -1943.0750631331389, "params": {"gamma": 8.006611101660276, "lr": 0.6647768985107549}, "datetime": {"datetime": "2024-06-13 14:28:17", "elapsed": 4.143092, "delta": 0.004985}}
{"target": -437.1602212166978, "params": {"gamma": 2.788305328525677, "lr": 0.31464760677511183}, "datetime": {"datetime": "2024-06-13 14:28:17", "elapsed": 4.147082, "delta": 0.00399}}
{"target": -998.109427521064, "params": {"gamma": 4.200062595764889, "lr": 0.6027867622422961}, "datetime": {"datetime": "2024-06-13 14:28:17", "elapsed": 4.152068, "delta": 0.004986}}
{"target": -2213.105774139958, "params": {"gamma": 7.193668333443535, "lr": 0.8573003334512307}, "datetime": {"datetime": "2024-06-13 14:28:17", "elapsed": 4.156058, "delta": 0.00399}}
{"target": -1036.474857092159, "params": {"gamma": 6.811433593113639, "lr": 0.23698206447169834}, "datetime": {"datetime": "2024-06-13 14:28:17", "elapsed": 4.160048, "delta": 0.00399}}
