{"target": -1204.0963407865704, "params": {"gamma": 5.336999796367143, "lr": 0.31446701118584963}, "datetime": {"datetime": "2024-06-13 22:59:25", "elapsed": 0.882821, "delta": 0.00399}}
{"target": -2034.4902182595667, "params": {"gamma": 9.1078175389072, "lr": 0.36655664385123443}, "datetime": {"datetime": "2024-06-13 22:59:25", "elapsed": 0.88681, "delta": 0.003989}}
{"target": -920.7236731820135, "params": {"gamma": 4.336489680404373, "lr": 0.5122926922783614}, "datetime": {"datetime": "2024-06-13 22:59:25", "elapsed": 0.890799, "delta": 0.003989}}
{"target": -3280.1394982791367, "params": {"gamma": 9.388925887219763, "lr": 0.030949006271150714}, "datetime": {"datetime": "2024-06-13 22:59:25", "elapsed": 0.894789, "delta": 0.00399}}
{"target": -1815.774206688117, "params": {"gamma": 7.1690697576532605, "lr": 0.8910189542923389}, "datetime": {"datetime": "2024-06-13 22:59:25", "elapsed": 0.898778, "delta": 0.003989}}
{"target": -155.46110691113986, "params": {"gamma": 0.2738449479511707, "lr": 0.5220512472525107}, "datetime": {"datetime": "2024-06-13 22:59:25", "elapsed": 0.901769, "delta": 0.002991}}
{"target": -801.6193258886776, "params": {"gamma": 3.2605721278884827, "lr": 0.8594893208655858}, "datetime": {"datetime": "2024-06-13 22:59:25", "elapsed": 0.905759, "delta": 0.00399}}
{"target": -1237.7583141767586, "params": {"gamma": 5.585606992674257, "lr": 0.6902278681627478}, "datetime": {"datetime": "2024-06-13 22:59:25", "elapsed": 0.909749, "delta": 0.00399}}
{"target": -963.095886166694, "params": {"gamma": 4.529082146015424, "lr": 0.6283090375213571}, "datetime": {"datetime": "2024-06-13 22:59:25", "elapsed": 0.91274, "delta": 0.002991}}
{"target": -1030.0762102515384, "params": {"gamma": 2.901678420022571, "lr": 0.009348577966515781}, "datetime": {"datetime": "2024-06-13 22:59:25", "elapsed": 0.916731, "delta": 0.003991}}
{"target": -1299.8300090029074, "params": {"gamma": 5.767982593935921, "lr": 0.3114442141324628}, "datetime": {"datetime": "2024-06-13 22:59:25", "elapsed": 0.921719, "delta": 0.004988}}
{"target": -1315.0908772126024, "params": {"gamma": 5.1731587174127975, "lr": 0.9164058530538978}, "datetime": {"datetime": "2024-06-13 22:59:25", "elapsed": 0.925708, "delta": 0.003989}}
{"target": -1243.444259475374, "params": {"gamma": 4.265321410225459, "lr": 0.2473960366023854}, "datetime": {"datetime": "2024-06-13 22:59:25", "elapsed": 0.929695, "delta": 0.003987}}
{"target": -949.3985919521516, "params": {"gamma": 3.7135663190292654, "lr": 0.9318611166365406}, "datetime": {"datetime": "2024-06-13 22:59:25", "elapsed": 0.932687, "delta": 0.002992}}
{"target": -2218.219303447492, "params": {"gamma": 9.368746944709628, "lr": 0.8443299485657132}, "datetime": {"datetime": "2024-06-13 22:59:25", "elapsed": 0.936676, "delta": 0.003989}}
{"target": -2667.307576190855, "params": {"gamma": 9.202144936542298, "lr": 0.22790028995131695}, "datetime": {"datetime": "2024-06-13 22:59:25", "elapsed": 0.940665, "delta": 0.003989}}
{"target": -287.9879955696514, "params": {"gamma": 0.8757346133263552, "lr": 0.22730973628468876}, "datetime": {"datetime": "2024-06-13 22:59:25", "elapsed": 0.943658, "delta": 0.002993}}
{"target": -1052.8636925251194, "params": {"gamma": 3.1444517845243904, "lr": 0.17476587635631158}, "datetime": {"datetime": "2024-06-13 22:59:25", "elapsed": 0.947647, "delta": 0.003989}}
{"target": -1268.5251306904324, "params": {"gamma": 6.071334525562633, "lr": 0.41358641500116133}, "datetime": {"datetime": "2024-06-13 22:59:25", "elapsed": 0.952634, "delta": 0.004987}}
{"target": -2543.9252683735913, "params": {"gamma": 8.163698766760314, "lr": 0.18513039826903066}, "datetime": {"datetime": "2024-06-13 22:59:25", "elapsed": 0.955626, "delta": 0.002992}}
{"target": -2037.5248477587543, "params": {"gamma": 7.019063421033349, "lr": 0.24035562484913886}, "datetime": {"datetime": "2024-06-13 22:59:25", "elapsed": 0.959615, "delta": 0.003989}}
{"target": -1302.2075903147718, "params": {"gamma": 5.742616669319757, "lr": 0.34898759722078887}, "datetime": {"datetime": "2024-06-13 22:59:25", "elapsed": 0.963605, "delta": 0.00399}}
{"target": -218.0437569365786, "params": {"gamma": 0.5705870304288444, "lr": 0.22881367096037586}, "datetime": {"datetime": "2024-06-13 22:59:25", "elapsed": 0.967594, "delta": 0.003989}}
{"target": -1345.115843156051, "params": {"gamma": 6.641361450992581, "lr": 0.4972500933605313}, "datetime": {"datetime": "2024-06-13 22:59:25", "elapsed": 0.970586, "delta": 0.002992}}
{"target": -1728.124503272589, "params": {"gamma": 5.190640824752714, "lr": 0.1747201501089225}, "datetime": {"datetime": "2024-06-13 22:59:25", "elapsed": 0.974575, "delta": 0.003989}}
{"target": -1449.259888986831, "params": {"gamma": 5.7075877996110185, "lr": 0.99675342520821}, "datetime": {"datetime": "2024-06-13 22:59:25", "elapsed": 0.978564, "delta": 0.003989}}
{"target": -1710.447964497126, "params": {"gamma": 8.168534252807428, "lr": 0.5943726238309778}, "datetime": {"datetime": "2024-06-13 22:59:25", "elapsed": 0.982557, "delta": 0.003993}}
{"target": -2476.9254809071203, "params": {"gamma": 9.759914694240718, "lr": 0.9015625846693213}, "datetime": {"datetime": "2024-06-13 22:59:25", "elapsed": 0.986543, "delta": 0.003986}}
{"target": -2089.1271887198795, "params": {"gamma": 5.956483728092853, "lr": 0.032426325314457105}, "datetime": {"datetime": "2024-06-13 22:59:25", "elapsed": 0.990532, "delta": 0.003989}}
{"target": -359.85553161506397, "params": {"gamma": 0.93667738107899, "lr": 0.06537171504222639}, "datetime": {"datetime": "2024-06-13 22:59:25", "elapsed": 0.994522, "delta": 0.00399}}
{"target": -965.9003254994894, "params": {"gamma": 4.517879753766062, "lr": 0.37543483316785775}, "datetime": {"datetime": "2024-06-13 22:59:25", "elapsed": 0.998512, "delta": 0.00399}}
{"target": -3236.018112956383, "params": {"gamma": 9.753524992668595, "lr": 0.1679832931996149}, "datetime": {"datetime": "2024-06-13 22:59:25", "elapsed": 1.0025, "delta": 0.003988}}
{"target": -2218.7183780486334, "params": {"gamma": 9.72790313173462, "lr": 0.7674748688630131}, "datetime": {"datetime": "2024-06-13 22:59:25", "elapsed": 1.007487, "delta": 0.004987}}
{"target": -1736.0732482049416, "params": {"gamma": 8.242554158405353, "lr": 0.6326158167779973}, "datetime": {"datetime": "2024-06-13 22:59:25", "elapsed": 1.011476, "delta": 0.003989}}
{"target": -1354.4087870692094, "params": {"gamma": 6.6876589692971145, "lr": 0.47688233352119336}, "datetime": {"datetime": "2024-06-13 22:59:25", "elapsed": 1.014468, "delta": 0.002992}}
{"target": -151.45048406672564, "params": {"gamma": 0.13235043287379938, "lr": 0.3530060855418248}, "datetime": {"datetime": "2024-06-13 22:59:25", "elapsed": 1.018458, "delta": 0.00399}}
{"target": -1102.0341923659264, "params": {"gamma": 4.9212259431340915, "lr": 0.7300912110901043}, "datetime": {"datetime": "2024-06-13 22:59:25", "elapsed": 1.022447, "delta": 0.003989}}
{"target": -953.3700975918475, "params": {"gamma": 4.686814799118347, "lr": 0.4574049160894317}, "datetime": {"datetime": "2024-06-13 22:59:25", "elapsed": 1.026439, "delta": 0.003992}}
{"target": -506.22919871190743, "params": {"gamma": 1.377489746715086, "lr": 0.01088873380347899}, "datetime": {"datetime": "2024-06-13 22:59:25", "elapsed": 1.030428, "delta": 0.003989}}
{"target": -1703.3424977985908, "params": {"gamma": 7.583024326509486, "lr": 0.3199528380776784}, "datetime": {"datetime": "2024-06-13 22:59:25", "elapsed": 1.036411, "delta": 0.005983}}
{"target": -3009.236980098057, "params": {"gamma": 9.843850118484914, "lr": 0.220234226159156}, "datetime": {"datetime": "2024-06-13 22:59:25", "elapsed": 1.040399, "delta": 0.003988}}
{"target": -725.1877977313409, "params": {"gamma": 3.387741546791315, "lr": 0.5238961356661317}, "datetime": {"datetime": "2024-06-13 22:59:25", "elapsed": 1.043391, "delta": 0.002992}}
{"target": -1527.3864784713694, "params": {"gamma": 7.549159679148268, "lr": 0.46385778390029564}, "datetime": {"datetime": "2024-06-13 22:59:25", "elapsed": 1.04738, "delta": 0.003989}}
{"target": -314.08342676868887, "params": {"gamma": 1.2491006085736511, "lr": 0.3125013784920495}, "datetime": {"datetime": "2024-06-13 22:59:25", "elapsed": 1.05137, "delta": 0.00399}}
{"target": -1119.7825635272993, "params": {"gamma": 5.045687177840246, "lr": 0.6738490080168676}, "datetime": {"datetime": "2024-06-13 22:59:25", "elapsed": 1.055361, "delta": 0.003991}}
{"target": -2583.480640254915, "params": {"gamma": 7.70172941316461, "lr": 0.13033578095435427}, "datetime": {"datetime": "2024-06-13 22:59:25", "elapsed": 1.05935, "delta": 0.003989}}
{"target": -152.79116007668134, "params": {"gamma": 0.23012839809249527, "lr": 0.5190823222119895}, "datetime": {"datetime": "2024-06-13 22:59:25", "elapsed": 1.063338, "delta": 0.003988}}
{"target": -2832.912933264895, "params": {"gamma": 8.1000771179135, "lr": 0.012603767029876312}, "datetime": {"datetime": "2024-06-13 22:59:25", "elapsed": 1.06633, "delta": 0.002992}}
{"target": -1486.9706741210923, "params": {"gamma": 6.725025976692686, "lr": 0.6868082266569918}, "datetime": {"datetime": "2024-06-13 22:59:25", "elapsed": 1.070319, "delta": 0.003989}}
{"target": -1144.503204935026, "params": {"gamma": 4.49301828911279, "lr": 0.9147886867419343}, "datetime": {"datetime": "2024-06-13 22:59:25", "elapsed": 1.075306, "delta": 0.004987}}
{"target": -2258.2657106114507, "params": {"gamma": 6.443966486485173, "lr": 0.005239837651465851}, "datetime": {"datetime": "2024-06-13 22:59:25", "elapsed": 1.079295, "delta": 0.003989}}
{"target": -1181.1836757741235, "params": {"gamma": 4.844800026698242, "lr": 0.8593178060976}, "datetime": {"datetime": "2024-06-13 22:59:25", "elapsed": 1.083284, "delta": 0.003989}}
{"target": -1740.6094981516212, "params": {"gamma": 8.304165300803357, "lr": 0.6491541971124779}, "datetime": {"datetime": "2024-06-13 22:59:25", "elapsed": 1.087215, "delta": 0.003931}}
{"target": -1413.726894979102, "params": {"gamma": 6.737310540562419, "lr": 0.5784995797892005}, "datetime": {"datetime": "2024-06-13 22:59:25", "elapsed": 1.090206, "delta": 0.002991}}
{"target": -576.4014664610988, "params": {"gamma": 2.741923631893355, "lr": 0.5605299905360588}, "datetime": {"datetime": "2024-06-13 22:59:25", "elapsed": 1.094197, "delta": 0.003991}}
{"target": -1520.8708163172034, "params": {"gamma": 6.717626118389386, "lr": 0.35242963021640883}, "datetime": {"datetime": "2024-06-13 22:59:25", "elapsed": 1.098185, "delta": 0.003988}}
{"target": -2666.2883915042703, "params": {"gamma": 8.558427844172023, "lr": 0.1950374860087073}, "datetime": {"datetime": "2024-06-13 22:59:25", "elapsed": 1.102175, "delta": 0.00399}}
{"target": -1716.3430492744644, "params": {"gamma": 7.473460782508901, "lr": 0.2896027461868774}, "datetime": {"datetime": "2024-06-13 22:59:25", "elapsed": 1.106164, "delta": 0.003989}}
{"target": -1613.1693832914318, "params": {"gamma": 7.738219073154577, "lr": 0.4277373293360762}, "datetime": {"datetime": "2024-06-13 22:59:25", "elapsed": 1.110718, "delta": 0.004554}}
{"target": -1825.9372226254018, "params": {"gamma": 8.077176392712982, "lr": 0.3535348626679904}, "datetime": {"datetime": "2024-06-13 22:59:25", "elapsed": 1.114706, "delta": 0.003988}}
{"target": -504.72009432565625, "params": {"gamma": 2.137718683058182, "lr": 0.7672845084217665}, "datetime": {"datetime": "2024-06-13 22:59:25", "elapsed": 1.118696, "delta": 0.00399}}
{"target": -700.207331410769, "params": {"gamma": 3.0871108343588807, "lr": 0.7332450677264275}, "datetime": {"datetime": "2024-06-13 22:59:25", "elapsed": 1.122685, "delta": 0.003989}}
{"target": -2278.7944304065923, "params": {"gamma": 7.444987057624244, "lr": 0.22139670090820107}, "datetime": {"datetime": "2024-06-13 22:59:25", "elapsed": 1.126675, "delta": 0.00399}}
{"target": -681.3436647221033, "params": {"gamma": 2.141907256069664, "lr": 0.1989479234270667}, "datetime": {"datetime": "2024-06-13 22:59:25", "elapsed": 1.130664, "delta": 0.003989}}
{"target": -332.6252768987342, "params": {"gamma": 1.4260408593206808, "lr": 0.3770825992073341}, "datetime": {"datetime": "2024-06-13 22:59:25", "elapsed": 1.133656, "delta": 0.002992}}
{"target": -175.45155979836082, "params": {"gamma": 0.26725221903152313, "lr": 0.11092036903424063}, "datetime": {"datetime": "2024-06-13 22:59:25", "elapsed": 1.137645, "delta": 0.003989}}
{"target": -1562.3898858217597, "params": {"gamma": 6.745965673610343, "lr": 0.7997765368973863}, "datetime": {"datetime": "2024-06-13 22:59:25", "elapsed": 1.142632, "delta": 0.004987}}
{"target": -271.02519805744737, "params": {"gamma": 0.8062147417567307, "lr": 0.23170231048579204}, "datetime": {"datetime": "2024-06-13 22:59:25", "elapsed": 1.146621, "delta": 0.003989}}
{"target": -543.6677870407638, "params": {"gamma": 2.0770489923763398, "lr": 0.9173335630816306}, "datetime": {"datetime": "2024-06-13 22:59:25", "elapsed": 1.150611, "delta": 0.00399}}
{"target": -1472.4542662307877, "params": {"gamma": 7.113433866846732, "lr": 0.5538846110514143}, "datetime": {"datetime": "2024-06-13 22:59:25", "elapsed": 1.1546, "delta": 0.003989}}
{"target": -733.3809739188099, "params": {"gamma": 3.0458753612182816, "lr": 0.8348540476317985}, "datetime": {"datetime": "2024-06-13 22:59:25", "elapsed": 1.158176, "delta": 0.003576}}
{"target": -1109.5735113413652, "params": {"gamma": 4.353624270337571, "lr": 0.9234562151187752}, "datetime": {"datetime": "2024-06-13 22:59:25", "elapsed": 1.162166, "delta": 0.00399}}
{"target": -1429.3211692527768, "params": {"gamma": 7.0608119915549965, "lr": 0.47803130796528337}, "datetime": {"datetime": "2024-06-13 22:59:25", "elapsed": 1.166155, "delta": 0.003989}}
{"target": -348.7239983280675, "params": {"gamma": 1.2629748273898376, "lr": 0.9760435504677476}, "datetime": {"datetime": "2024-06-13 22:59:25", "elapsed": 1.169147, "delta": 0.002992}}
{"target": -505.62518988539995, "params": {"gamma": 1.5991766697905894, "lr": 0.2026021252196626}, "datetime": {"datetime": "2024-06-13 22:59:25", "elapsed": 1.174134, "delta": 0.004987}}
{"target": -905.6966934095825, "params": {"gamma": 4.312386369848549, "lr": 0.40420190577514725}, "datetime": {"datetime": "2024-06-13 22:59:25", "elapsed": 1.178123, "delta": 0.003989}}
{"target": -354.90329306596647, "params": {"gamma": 1.4683680561621768, "lr": 0.7293189193611234}, "datetime": {"datetime": "2024-06-13 22:59:25", "elapsed": 1.182112, "delta": 0.003989}}
{"target": -420.03867796967097, "params": {"gamma": 1.8882619237049822, "lr": 0.6438956443116628}, "datetime": {"datetime": "2024-06-13 22:59:25", "elapsed": 1.185106, "delta": 0.002994}}
{"target": -2308.731141665249, "params": {"gamma": 7.543305199812411, "lr": 0.21073239208332073}, "datetime": {"datetime": "2024-06-13 22:59:25", "elapsed": 1.189096, "delta": 0.00399}}
{"target": -1341.623249148203, "params": {"gamma": 6.0099415268282925, "lr": 0.7489283752458364}, "datetime": {"datetime": "2024-06-13 22:59:25", "elapsed": 1.194092, "delta": 0.004996}}
{"target": -1340.2171465539186, "params": {"gamma": 6.382548887492715, "lr": 0.5971273029466491}, "datetime": {"datetime": "2024-06-13 22:59:25", "elapsed": 1.198076, "delta": 0.003984}}
{"target": -671.5855984204067, "params": {"gamma": 2.955527374269315, "lr": 0.7316064712415088}, "datetime": {"datetime": "2024-06-13 22:59:25", "elapsed": 1.201067, "delta": 0.002991}}
{"target": -1967.999499682041, "params": {"gamma": 9.453139091559498, "lr": 0.42556139026154693}, "datetime": {"datetime": "2024-06-13 22:59:25", "elapsed": 1.205078, "delta": 0.004011}}
{"target": -2736.434412084663, "params": {"gamma": 7.822035986497222, "lr": 0.056141039661915304}, "datetime": {"datetime": "2024-06-13 22:59:25", "elapsed": 1.209064, "delta": 0.003986}}
{"target": -2602.5701560780312, "params": {"gamma": 8.35288075329717, "lr": 0.1922500168221477}, "datetime": {"datetime": "2024-06-13 22:59:25", "elapsed": 1.213053, "delta": 0.003989}}
{"target": -896.9085305311758, "params": {"gamma": 3.951573592030842, "lr": 0.30008104592535645}, "datetime": {"datetime": "2024-06-13 22:59:25", "elapsed": 1.21606, "delta": 0.003007}}
{"target": -246.95965366983827, "params": {"gamma": 0.8019563344166869, "lr": 0.9046310029362429}, "datetime": {"datetime": "2024-06-13 22:59:25", "elapsed": 1.22005, "delta": 0.00399}}
{"target": -789.843253533971, "params": {"gamma": 3.702171621359829, "lr": 0.5306974384761395}, "datetime": {"datetime": "2024-06-13 22:59:25", "elapsed": 1.22455, "delta": 0.0045}}
{"target": -1661.8087029500348, "params": {"gamma": 4.941668542697355, "lr": 0.13216114194293815}, "datetime": {"datetime": "2024-06-13 22:59:25", "elapsed": 1.228046, "delta": 0.003496}}
{"target": -741.3543346760478, "params": {"gamma": 2.0653341348354406, "lr": 0.07618880903232117}, "datetime": {"datetime": "2024-06-13 22:59:25", "elapsed": 1.232035, "delta": 0.003989}}
{"target": -1268.961248028622, "params": {"gamma": 5.07970907775293, "lr": 0.2615495518329871}, "datetime": {"datetime": "2024-06-13 22:59:25", "elapsed": 1.236086, "delta": 0.004051}}
{"target": -1244.0574663384991, "params": {"gamma": 3.5712590272190368, "lr": 0.10806532869723684}, "datetime": {"datetime": "2024-06-13 22:59:25", "elapsed": 1.240075, "delta": 0.003989}}
{"target": -2723.8207965378397, "params": {"gamma": 7.87573084468542, "lr": 0.1065838767888011}, "datetime": {"datetime": "2024-06-13 22:59:25", "elapsed": 1.243068, "delta": 0.002993}}
{"target": -3270.250345391009, "params": {"gamma": 9.857102528308165, "lr": 0.17716116443841734}, "datetime": {"datetime": "2024-06-13 22:59:25", "elapsed": 1.247311, "delta": 0.004243}}
{"target": -2008.6336342739367, "params": {"gamma": 5.724478719234059, "lr": 0.044845334589088126}, "datetime": {"datetime": "2024-06-13 22:59:25", "elapsed": 1.250303, "delta": 0.002992}}
{"target": -2453.308154510908, "params": {"gamma": 7.871375780268687, "lr": 0.18960594781829654}, "datetime": {"datetime": "2024-06-13 22:59:25", "elapsed": 1.255292, "delta": 0.004989}}
{"target": -1180.8392916962368, "params": {"gamma": 5.279511880102859, "lr": 0.7400775431590716}, "datetime": {"datetime": "2024-06-13 22:59:25", "elapsed": 1.259282, "delta": 0.00399}}
{"target": -341.4222891602663, "params": {"gamma": 1.5001649176876422, "lr": 0.5510871741869717}, "datetime": {"datetime": "2024-06-13 22:59:25", "elapsed": 1.263271, "delta": 0.003989}}
{"target": -511.13045903543036, "params": {"gamma": 2.1669554660794654, "lr": 0.7591960493171447}, "datetime": {"datetime": "2024-06-13 22:59:25", "elapsed": 1.267263, "delta": 0.003992}}
{"target": -2401.821132283781, "params": {"gamma": 7.229429020368581, "lr": 0.17654903427708302}, "datetime": {"datetime": "2024-06-13 22:59:25", "elapsed": 1.270255, "delta": 0.002992}}
{"target": -3013.25581151048, "params": {"gamma": 8.619803610113067, "lr": 0.019775099516344263}, "datetime": {"datetime": "2024-06-13 22:59:25", "elapsed": 1.27425, "delta": 0.003995}}
{"target": -1756.7874270736781, "params": {"gamma": 8.60250973723373, "lr": 0.5589038111609383}, "datetime": {"datetime": "2024-06-13 22:59:25", "elapsed": 1.278236, "delta": 0.003986}}
{"target": -928.0072938634996, "params": {"gamma": 4.032801500586387, "lr": 0.7587469310223366}, "datetime": {"datetime": "2024-06-13 22:59:25", "elapsed": 1.281227, "delta": 0.002991}}
{"target": -1816.593095707008, "params": {"gamma": 7.169573087923007, "lr": 0.9873261748084265}, "datetime": {"datetime": "2024-06-13 22:59:25", "elapsed": 1.287212, "delta": 0.005985}}
{"target": -988.5343582965615, "params": {"gamma": 2.7815724010812146, "lr": 0.0037936724093425855}, "datetime": {"datetime": "2024-06-13 22:59:25", "elapsed": 1.290204, "delta": 0.002992}}
{"target": -2263.2856483211053, "params": {"gamma": 9.339092180540563, "lr": 0.8578971045378938}, "datetime": {"datetime": "2024-06-13 22:59:25", "elapsed": 1.294384, "delta": 0.00418}}
{"target": -1533.0925733070915, "params": {"gamma": 7.28877992431504, "lr": 0.5166887829215384}, "datetime": {"datetime": "2024-06-13 22:59:25", "elapsed": 1.29836, "delta": 0.003976}}
{"target": -1636.8160862625978, "params": {"gamma": 7.069855496242362, "lr": 0.7805295568767427}, "datetime": {"datetime": "2024-06-13 22:59:25", "elapsed": 1.302349, "delta": 0.003989}}
{"target": -864.1328155189774, "params": {"gamma": 3.749384559425057, "lr": 0.7703225253299576}, "datetime": {"datetime": "2024-06-13 22:59:25", "elapsed": 1.306342, "delta": 0.003993}}
{"target": -1567.6731966408965, "params": {"gamma": 7.506492567432579, "lr": 0.6132112115442597}, "datetime": {"datetime": "2024-06-13 22:59:25", "elapsed": 1.309334, "delta": 0.002992}}
{"target": -895.9308688206182, "params": {"gamma": 4.019257373754407, "lr": 0.6973080192643409}, "datetime": {"datetime": "2024-06-13 22:59:25", "elapsed": 1.313323, "delta": 0.003989}}
{"target": -148.82071820244082, "params": {"gamma": 0.032125465394095866, "lr": 0.7748966467245978}, "datetime": {"datetime": "2024-06-13 22:59:25", "elapsed": 1.31831, "delta": 0.004987}}
{"target": -2598.682369283115, "params": {"gamma": 8.964269607966013, "lr": 0.23931570743750463}, "datetime": {"datetime": "2024-06-13 22:59:25", "elapsed": 1.322299, "delta": 0.003989}}
{"target": -392.2096074907581, "params": {"gamma": 1.208551075907988, "lr": 0.2202839877937276}, "datetime": {"datetime": "2024-06-13 22:59:25", "elapsed": 1.326293, "delta": 0.003994}}
{"target": -754.6379614480376, "params": {"gamma": 3.021665216169693, "lr": 0.8830285085638342}, "datetime": {"datetime": "2024-06-13 22:59:25", "elapsed": 1.330556, "delta": 0.004263}}
{"target": -1252.3817573340166, "params": {"gamma": 5.432121135950708, "lr": 0.2867116496064306}, "datetime": {"datetime": "2024-06-13 22:59:25", "elapsed": 1.33421, "delta": 0.003654}}
{"target": -348.06479406527205, "params": {"gamma": 1.3844085432396722, "lr": 0.29014446310454167}, "datetime": {"datetime": "2024-06-13 22:59:25", "elapsed": 1.337969, "delta": 0.003759}}
