{"target": -194.2636037657529, "params": {"gamma": 3.0455479552792557, "prior": 8.63861535707258, "rate": 8.421949009551232}, "datetime": {"datetime": "2024-06-14 10:30:34", "elapsed": 9.357099, "delta": 0.00858}}
{"target": -240.63533980807847, "params": {"gamma": 4.246702488235933, "prior": 3.7004756377425694, "rate": 2.825092294877215}, "datetime": {"datetime": "2024-06-14 10:30:34", "elapsed": 9.367073, "delta": 0.009974}}
{"target": -534.6953731023465, "params": {"gamma": 9.93237460787099, "prior": 2.6319351668238067, "rate": 9.206835301993463}, "datetime": {"datetime": "2024-06-14 10:30:34", "elapsed": 9.376594, "delta": 0.009521}}
{"target": -241.47068002249392, "params": {"gamma": 4.283923802383466, "prior": 9.360727422179947, "rate": 8.38860949714763}, "datetime": {"datetime": "2024-06-14 10:30:34", "elapsed": 9.386569, "delta": 0.009975}}
{"target": -152.02567375056796, "params": {"gamma": 1.5586174788295128, "prior": 5.785405208073743, "rate": 6.7353566438421755}, "datetime": {"datetime": "2024-06-14 10:30:34", "elapsed": 9.395543, "delta": 0.008974}}
{"target": -282.5279577072549, "params": {"gamma": 4.058798239584453, "prior": 0.14828274037404324, "rate": 3.2539879663598352}, "datetime": {"datetime": "2024-06-14 10:30:34", "elapsed": 9.405516, "delta": 0.009973}}
{"target": -429.8891121335562, "params": {"gamma": 8.389610534784513, "prior": 0.7219574041509673, "rate": 1.0550920446467325}, "datetime": {"datetime": "2024-06-14 10:30:34", "elapsed": 9.414493, "delta": 0.008977}}
{"target": -359.95352131340945, "params": {"gamma": 7.0181716777726475, "prior": 5.190166850786258, "rate": 4.9821700831201285}, "datetime": {"datetime": "2024-06-14 10:30:34", "elapsed": 9.427458, "delta": 0.012965}}
{"target": -219.4574894893416, "params": {"gamma": 3.736723579545134, "prior": 6.074784805046058, "rate": 8.514836200003508}, "datetime": {"datetime": "2024-06-14 10:30:34", "elapsed": 9.436434, "delta": 0.008976}}
{"target": -190.27572682240373, "params": {"gamma": 2.7699536416334585, "prior": 8.463137492151986, "rate": 4.166774866572612}, "datetime": {"datetime": "2024-06-14 10:30:34", "elapsed": 9.446407, "delta": 0.009973}}
{"target": -278.0189674243079, "params": {"gamma": 5.010339139927012, "prior": 7.323271447824984, "rate": 2.5879583533585664}, "datetime": {"datetime": "2024-06-14 10:30:34", "elapsed": 9.455383, "delta": 0.008976}}
{"target": -459.5674055313825, "params": {"gamma": 9.216447549642744, "prior": 7.050487695865598, "rate": 6.189685300551793}, "datetime": {"datetime": "2024-06-14 10:30:34", "elapsed": 9.465356, "delta": 0.009973}}
{"target": -191.90458674163008, "params": {"gamma": 2.7308153642818653, "prior": 6.988899717958515, "rate": 2.5728902697861002}, "datetime": {"datetime": "2024-06-14 10:30:34", "elapsed": 9.474332, "delta": 0.008976}}
{"target": -471.2525656843095, "params": {"gamma": 8.164710250604447, "prior": 0.21357730472677, "rate": 1.6662098984717895}, "datetime": {"datetime": "2024-06-14 10:30:34", "elapsed": 9.483309, "delta": 0.008977}}
{"target": -296.1633151695722, "params": {"gamma": 5.578732058631829, "prior": 7.151581896064771, "rate": 4.925314058477191}, "datetime": {"datetime": "2024-06-14 10:30:34", "elapsed": 9.493282, "delta": 0.009973}}
{"target": -435.84717436907, "params": {"gamma": 8.77821720529802, "prior": 9.761112381872845, "rate": 4.643306398374889}, "datetime": {"datetime": "2024-06-14 10:30:34", "elapsed": 9.502258, "delta": 0.008976}}
{"target": -394.36503796044457, "params": {"gamma": 7.680101807848576, "prior": 4.99824412495192, "rate": 6.651322684579871}, "datetime": {"datetime": "2024-06-14 10:30:34", "elapsed": 9.512231, "delta": 0.009973}}
{"target": -181.79743651671956, "params": {"gamma": 2.2495249246936897, "prior": 1.1844630004410581, "rate": 9.790110366804328}, "datetime": {"datetime": "2024-06-14 10:30:34", "elapsed": 9.521207, "delta": 0.008976}}
{"target": -425.90388946053775, "params": {"gamma": 8.150131602400142, "prior": 2.925296971250357, "rate": 5.858698015894784}, "datetime": {"datetime": "2024-06-14 10:30:34", "elapsed": 9.53118, "delta": 0.009973}}
{"target": -225.19822640339436, "params": {"gamma": 3.8013319815826336, "prior": 1.8457466036216705, "rate": 4.188932595381877}, "datetime": {"datetime": "2024-06-14 10:30:34", "elapsed": 9.540156, "delta": 0.008976}}
{"target": -220.7543994419532, "params": {"gamma": 2.9725807541730793, "prior": 0.2645786546757686, "rate": 3.8742957016810964}, "datetime": {"datetime": "2024-06-14 10:30:34", "elapsed": 9.550168, "delta": 0.010012}}
{"target": -456.5138069699426, "params": {"gamma": 9.209209125043717, "prior": 8.299182561203743, "rate": 5.741173477210314}, "datetime": {"datetime": "2024-06-14 10:30:34", "elapsed": 9.559106, "delta": 0.008938}}
{"target": -207.5665494844483, "params": {"gamma": 3.1871500009390448, "prior": 2.3895165193658316, "rate": 9.560239816725709}, "datetime": {"datetime": "2024-06-14 10:30:34", "elapsed": 9.568082, "delta": 0.008976}}
{"target": -299.40306377435246, "params": {"gamma": 5.646536380588049, "prior": 2.254292505235319, "rate": 2.4955710289351303}, "datetime": {"datetime": "2024-06-14 10:30:34", "elapsed": 9.578055, "delta": 0.009973}}
{"target": -471.83067684177604, "params": {"gamma": 9.59600242910666, "prior": 2.464259919634281, "rate": 1.068034169467023}, "datetime": {"datetime": "2024-06-14 10:30:34", "elapsed": 9.587031, "delta": 0.008976}}
{"target": -159.0999487108423, "params": {"gamma": 1.840435435586939, "prior": 7.685625588487398, "rate": 7.087933795056683}, "datetime": {"datetime": "2024-06-14 10:30:34", "elapsed": 9.597004, "delta": 0.009973}}
{"target": -246.92531104585183, "params": {"gamma": 4.379981305846461, "prior": 7.958664620452609, "rate": 5.1756094087340525}, "datetime": {"datetime": "2024-06-14 10:30:34", "elapsed": 9.605981, "delta": 0.008977}}
{"target": -260.2969218008859, "params": {"gamma": 4.136568013129941, "prior": 1.262675168653137, "rate": 8.839226748297556}, "datetime": {"datetime": "2024-06-14 10:30:34", "elapsed": 9.614956, "delta": 0.008975}}
{"target": -183.70258757909795, "params": {"gamma": 2.7566565508887577, "prior": 6.200981160965617, "rate": 9.8458132098281}, "datetime": {"datetime": "2024-06-14 10:30:34", "elapsed": 9.62493, "delta": 0.009974}}
{"target": -162.43796495120333, "params": {"gamma": 1.8949908024154942, "prior": 9.655361118751124, "rate": 6.527500968888528}, "datetime": {"datetime": "2024-06-14 10:30:34", "elapsed": 9.634904, "delta": 0.009974}}
{"target": -147.26935861837518, "params": {"gamma": 1.28818731436088, "prior": 7.742078746123179, "rate": 9.51780600679268}, "datetime": {"datetime": "2024-06-14 10:30:34", "elapsed": 9.643909, "delta": 0.009005}}
{"target": -325.5792126115534, "params": {"gamma": 5.628242716344561, "prior": 6.916696477605665, "rate": 0.26445244082095803}, "datetime": {"datetime": "2024-06-14 10:30:34", "elapsed": 9.653852, "delta": 0.009943}}
{"target": -502.4338989438867, "params": {"gamma": 9.890767779393961, "prior": 3.252725486155457, "rate": 0.24001388988282726}, "datetime": {"datetime": "2024-06-14 10:30:34", "elapsed": 9.662829, "delta": 0.008977}}
{"target": -406.4809191038905, "params": {"gamma": 8.08583294059341, "prior": 9.735200262493974, "rate": 7.376147510656895}, "datetime": {"datetime": "2024-06-14 10:30:34", "elapsed": 9.672802, "delta": 0.009973}}
{"target": -144.80536237181371, "params": {"gamma": 0.028355324647958178, "prior": 0.7272690626029495, "rate": 5.843109782870581}, "datetime": {"datetime": "2024-06-14 10:30:34", "elapsed": 9.681778, "delta": 0.008976}}
{"target": -205.33370913687662, "params": {"gamma": 3.3578153624482754, "prior": 8.830151459442787, "rate": 8.736820024200027}, "datetime": {"datetime": "2024-06-14 10:30:34", "elapsed": 9.690754, "delta": 0.008976}}
{"target": -496.7330577140763, "params": {"gamma": 9.875201568135711, "prior": 7.186736493818677, "rate": 8.768960114386706}, "datetime": {"datetime": "2024-06-14 10:30:34", "elapsed": 9.700727, "delta": 0.009973}}
{"target": -218.20328749312924, "params": {"gamma": 3.197181468508664, "prior": 1.20065182400608, "rate": 8.653775693718016}, "datetime": {"datetime": "2024-06-14 10:30:34", "elapsed": 9.7107, "delta": 0.009973}}
{"target": -193.2585913258089, "params": {"gamma": 3.035422507017289, "prior": 4.251389751852173, "rate": 6.460656540458656}, "datetime": {"datetime": "2024-06-14 10:30:34", "elapsed": 9.719676, "delta": 0.008976}}
{"target": -316.4981758917451, "params": {"gamma": 6.051386242420971, "prior": 4.267138536697311, "rate": 3.862118968194065}, "datetime": {"datetime": "2024-06-14 10:30:34", "elapsed": 9.72965, "delta": 0.009974}}
{"target": -151.99059868731243, "params": {"gamma": 1.227687737548204, "prior": 5.385232654603825, "rate": 2.329308118342716}, "datetime": {"datetime": "2024-06-14 10:30:34", "elapsed": 9.738626, "delta": 0.008976}}
{"target": -398.41099307, "params": {"gamma": 7.548323703153514, "prior": 6.78121878322855, "rate": 0.7201977211273354}, "datetime": {"datetime": "2024-06-14 10:30:34", "elapsed": 9.748599, "delta": 0.009973}}
{"target": -486.2546487058616, "params": {"gamma": 9.892657582673268, "prior": 7.826523662185978, "rate": 2.279031043019085}, "datetime": {"datetime": "2024-06-14 10:30:34", "elapsed": 9.757575, "delta": 0.008976}}
{"target": -143.60106834609547, "params": {"gamma": 0.30839744067862085, "prior": 4.835881127609816, "rate": 3.5280716325732393}, "datetime": {"datetime": "2024-06-14 10:30:34", "elapsed": 9.767391, "delta": 0.009816}}
{"target": -291.8338497691197, "params": {"gamma": 5.465568482142916, "prior": 6.630673158706719, "rate": 7.972400853780025}, "datetime": {"datetime": "2024-06-14 10:30:34", "elapsed": 9.776366, "delta": 0.008975}}
{"target": -144.8641809313976, "params": {"gamma": 0.1364299240444373, "prior": 7.171525587400897, "rate": 2.95384434705289}, "datetime": {"datetime": "2024-06-14 10:30:34", "elapsed": 9.78637, "delta": 0.010004}}
{"target": -485.74877140218496, "params": {"gamma": 9.864039353798532, "prior": 8.47779313281904, "rate": 5.604451409666734}, "datetime": {"datetime": "2024-06-14 10:30:34", "elapsed": 9.795315, "delta": 0.008945}}
{"target": -314.2559850213875, "params": {"gamma": 5.9780590880830164, "prior": 2.001549162745117, "rate": 2.263289634282068}, "datetime": {"datetime": "2024-06-14 10:30:34", "elapsed": 9.805289, "delta": 0.009974}}
{"target": -160.32094746973127, "params": {"gamma": 1.5409777702011733, "prior": 3.8403541198979734, "rate": 1.1204424879714694}, "datetime": {"datetime": "2024-06-14 10:30:34", "elapsed": 9.814264, "delta": 0.008975}}
{"target": -289.7837410279714, "params": {"gamma": 5.113217663448985, "prior": 6.420931758475319, "rate": 1.2230015699915957}, "datetime": {"datetime": "2024-06-14 10:30:34", "elapsed": 9.824239, "delta": 0.009975}}
{"target": -227.24572380125227, "params": {"gamma": 3.442619392943751, "prior": 0.7964440088835576, "rate": 5.25808611153342}, "datetime": {"datetime": "2024-06-14 10:30:34", "elapsed": 9.83372, "delta": 0.009481}}
{"target": -339.39095786134544, "params": {"gamma": 6.503247402260852, "prior": 6.193174199613517, "rate": 8.138881758532042}, "datetime": {"datetime": "2024-06-14 10:30:34", "elapsed": 9.842696, "delta": 0.008976}}
{"target": -177.52867768462215, "params": {"gamma": 2.3564267987877012, "prior": 6.220000234220411, "rate": 3.028982363807174}, "datetime": {"datetime": "2024-06-14 10:30:34", "elapsed": 9.852669, "delta": 0.009973}}
{"target": -149.69785503317445, "params": {"gamma": 0.8885882930853439, "prior": 3.1220885685015505, "rate": 0.7144933929712171}, "datetime": {"datetime": "2024-06-14 10:30:34", "elapsed": 9.861645, "delta": 0.008976}}
{"target": -481.24814167792005, "params": {"gamma": 9.585783535985689, "prior": 7.2989378057766, "rate": 1.0155071173822163}, "datetime": {"datetime": "2024-06-14 10:30:34", "elapsed": 9.870621, "delta": 0.008976}}
{"target": -418.12070779259454, "params": {"gamma": 7.862906954163588, "prior": 3.5863380649556653, "rate": 9.1144399680976}, "datetime": {"datetime": "2024-06-14 10:30:34", "elapsed": 9.880594, "delta": 0.009973}}
{"target": -279.88169533458046, "params": {"gamma": 4.955478850036387, "prior": 8.739657957550234, "rate": 2.206077417642493}, "datetime": {"datetime": "2024-06-14 10:30:34", "elapsed": 9.88957, "delta": 0.008976}}
{"target": -229.15376734573428, "params": {"gamma": 3.6725560667067523, "prior": 3.731685727367989, "rate": 0.9722296833512493}, "datetime": {"datetime": "2024-06-14 10:30:34", "elapsed": 9.899544, "delta": 0.009974}}
{"target": -205.58964971725723, "params": {"gamma": 3.310813326223882, "prior": 6.6311270580041155, "rate": 4.665968370246033}, "datetime": {"datetime": "2024-06-14 10:30:35", "elapsed": 9.908549, "delta": 0.009005}}
{"target": -446.2798053115742, "params": {"gamma": 8.792436465874568, "prior": 2.769735637264448, "rate": 3.5488386678677664}, "datetime": {"datetime": "2024-06-14 10:30:35", "elapsed": 9.917525, "delta": 0.008976}}
{"target": -209.01981636269127, "params": {"gamma": 3.2042225472159718, "prior": 5.562205909154905, "rate": 1.8830059366472722}, "datetime": {"datetime": "2024-06-14 10:30:35", "elapsed": 9.927469, "delta": 0.009944}}
{"target": -162.586414561048, "params": {"gamma": 1.7332694708102208, "prior": 9.4008710496637, "rate": 3.767100489749554}, "datetime": {"datetime": "2024-06-14 10:30:35", "elapsed": 9.937443, "delta": 0.009974}}
{"target": -317.4475683475937, "params": {"gamma": 5.871394250695616, "prior": 0.6460056416863561, "rate": 1.409439110996769}, "datetime": {"datetime": "2024-06-14 10:30:35", "elapsed": 9.947416, "delta": 0.009973}}
{"target": -152.31426801136547, "params": {"gamma": 0.964489160060572, "prior": 8.139944122785648, "rate": 1.0323646790520586}, "datetime": {"datetime": "2024-06-14 10:30:35", "elapsed": 9.956392, "delta": 0.008976}}
{"target": -281.2594837176583, "params": {"gamma": 5.163644140749812, "prior": 1.6402211901215338, "rate": 2.7888887375330564}, "datetime": {"datetime": "2024-06-14 10:30:35", "elapsed": 9.966365, "delta": 0.009973}}
{"target": -451.74085460631693, "params": {"gamma": 8.826137423028198, "prior": 6.352778274796015, "rate": 9.636663439420486}, "datetime": {"datetime": "2024-06-14 10:30:35", "elapsed": 9.976368, "delta": 0.010003}}
{"target": -388.5050215203261, "params": {"gamma": 5.997543941794315, "prior": 0.19424519054392425, "rate": 4.156994414198696}, "datetime": {"datetime": "2024-06-14 10:30:35", "elapsed": 9.985314, "delta": 0.008946}}
{"target": -142.8778422603349, "params": {"gamma": 0.22539510183243922, "prior": 3.20844484766477, "rate": 4.816767682276697}, "datetime": {"datetime": "2024-06-14 10:30:35", "elapsed": 9.995288, "delta": 0.009974}}
{"target": -312.6298285014901, "params": {"gamma": 5.755017951896957, "prior": 2.4626370089964063, "rate": 5.583307497898072}, "datetime": {"datetime": "2024-06-14 10:30:35", "elapsed": 10.004264, "delta": 0.008976}}
{"target": -235.21336369622128, "params": {"gamma": 3.949806420938232, "prior": 5.115163656318577, "rate": 1.9604741784106727}, "datetime": {"datetime": "2024-06-14 10:30:35", "elapsed": 10.014237, "delta": 0.009973}}
{"target": -158.30855789785738, "params": {"gamma": 1.5683593484243095, "prior": 7.5697183752636255, "rate": 3.3004023148263886}, "datetime": {"datetime": "2024-06-14 10:30:35", "elapsed": 10.023213, "delta": 0.008976}}
{"target": -339.0102847007248, "params": {"gamma": 6.442312729689626, "prior": 5.698010406246365, "rate": 8.995409627944824}, "datetime": {"datetime": "2024-06-14 10:30:35", "elapsed": 10.033189, "delta": 0.009976}}
{"target": -437.148931744323, "params": {"gamma": 8.806955495452243, "prior": 4.486802863235155, "rate": 2.048146129836078}, "datetime": {"datetime": "2024-06-14 10:30:35", "elapsed": 10.042165, "delta": 0.008976}}
{"target": -329.4040058596917, "params": {"gamma": 6.322291560542967, "prior": 6.404676155930846, "rate": 6.92448261628265}, "datetime": {"datetime": "2024-06-14 10:30:35", "elapsed": 10.052139, "delta": 0.009974}}
{"target": -451.82685396643296, "params": {"gamma": 9.074824554145266, "prior": 7.847551682641525, "rate": 6.253284067622613}, "datetime": {"datetime": "2024-06-14 10:30:35", "elapsed": 10.061114, "delta": 0.008975}}
{"target": -330.1794248175642, "params": {"gamma": 6.010054988385501, "prior": 2.2063144570746065, "rate": 6.514002254616683}, "datetime": {"datetime": "2024-06-14 10:30:35", "elapsed": 10.071088, "delta": 0.009974}}
{"target": -411.7917319329758, "params": {"gamma": 8.145187207595269, "prior": 9.230992560443674, "rate": 9.166584470697245}, "datetime": {"datetime": "2024-06-14 10:30:35", "elapsed": 10.080064, "delta": 0.008976}}
{"target": -298.53503348132824, "params": {"gamma": 5.611426959920494, "prior": 2.6723563598308284, "rate": 3.338640770780343}, "datetime": {"datetime": "2024-06-14 10:30:35", "elapsed": 10.090037, "delta": 0.009973}}
{"target": -507.94845313663075, "params": {"gamma": 9.977625893322635, "prior": 5.303418103356411, "rate": 8.159250821705387}, "datetime": {"datetime": "2024-06-14 10:30:35", "elapsed": 10.099013, "delta": 0.008976}}
{"target": -312.9396107348764, "params": {"gamma": 5.970564861657937, "prior": 5.1186108345504335, "rate": 3.4860476134416722}, "datetime": {"datetime": "2024-06-14 10:30:35", "elapsed": 10.108986, "delta": 0.009973}}
{"target": -375.54871418953275, "params": {"gamma": 5.378167511784794, "prior": 0.16667359924261277, "rate": 8.766981380159143}, "datetime": {"datetime": "2024-06-14 10:30:35", "elapsed": 10.117963, "delta": 0.008977}}
{"target": -370.3479254128809, "params": {"gamma": 5.615303328845261, "prior": 0.340386110714318, "rate": 8.181929278566322}, "datetime": {"datetime": "2024-06-14 10:30:35", "elapsed": 10.127936, "delta": 0.009973}}
{"target": -154.67941999719324, "params": {"gamma": 1.3544085542298703, "prior": 0.4033231110996103, "rate": 4.623891705947023}, "datetime": {"datetime": "2024-06-14 10:30:35", "elapsed": 10.136912, "delta": 0.008976}}
{"target": -473.807973907608, "params": {"gamma": 9.606606296174677, "prior": 1.0267810597935034, "rate": 0.656919562834297}, "datetime": {"datetime": "2024-06-14 10:30:35", "elapsed": 10.146888, "delta": 0.009976}}
{"target": -442.1242712972494, "params": {"gamma": 8.799475826643015, "prior": 8.231583211278556, "rate": 8.199874253028593}, "datetime": {"datetime": "2024-06-14 10:30:35", "elapsed": 10.156861, "delta": 0.009973}}
{"target": -257.57682535329786, "params": {"gamma": 4.678712660105902, "prior": 4.3321717361492516, "rate": 4.011281986039528}, "datetime": {"datetime": "2024-06-14 10:30:35", "elapsed": 10.165839, "delta": 0.008978}}
{"target": -307.0350797978247, "params": {"gamma": 5.822568206350932, "prior": 7.316809626823501, "rate": 7.843135731493912}, "datetime": {"datetime": "2024-06-14 10:30:35", "elapsed": 10.175812, "delta": 0.009973}}
{"target": -337.95311916943865, "params": {"gamma": 6.548337076416619, "prior": 5.668415030292531, "rate": 4.1245136895947505}, "datetime": {"datetime": "2024-06-14 10:30:35", "elapsed": 10.185785, "delta": 0.009973}}
{"target": -199.54709820621008, "params": {"gamma": 3.1998307053765016, "prior": 2.9338531489792334, "rate": 2.9624710073123492}, "datetime": {"datetime": "2024-06-14 10:30:35", "elapsed": 10.195759, "delta": 0.009974}}
{"target": -350.3862218169696, "params": {"gamma": 6.827845908778269, "prior": 7.648167703379835, "rate": 5.976600250112773}, "datetime": {"datetime": "2024-06-14 10:30:35", "elapsed": 10.205731, "delta": 0.009972}}
{"target": -171.8386357367725, "params": {"gamma": 2.229416058643355, "prior": 2.0245107029967566, "rate": 7.657095501588769}, "datetime": {"datetime": "2024-06-14 10:30:35", "elapsed": 10.215705, "delta": 0.009974}}
{"target": -569.0208197119584, "params": {"gamma": 9.786959495931479, "prior": 0.257508619766369, "rate": 2.489732521683815}, "datetime": {"datetime": "2024-06-14 10:30:35", "elapsed": 10.225689, "delta": 0.009984}}
{"target": -400.3351030158072, "params": {"gamma": 7.923336404835708, "prior": 7.219736447758213, "rate": 2.4605535974366086}, "datetime": {"datetime": "2024-06-14 10:30:35", "elapsed": 10.235654, "delta": 0.009965}}
{"target": -295.6421128949403, "params": {"gamma": 5.549368918377377, "prior": 5.897299361580305, "rate": 7.21412138219565}, "datetime": {"datetime": "2024-06-14 10:30:35", "elapsed": 10.244629, "delta": 0.008975}}
{"target": -256.5004509723294, "params": {"gamma": 4.637273438415798, "prior": 4.1079998680749545, "rate": 3.080786698738075}, "datetime": {"datetime": "2024-06-14 10:30:35", "elapsed": 10.254603, "delta": 0.009974}}
{"target": -183.3309412189112, "params": {"gamma": 2.3838507751598206, "prior": 1.0157832456909792, "rate": 6.4591879907890055}, "datetime": {"datetime": "2024-06-14 10:30:35", "elapsed": 10.264576, "delta": 0.009973}}
{"target": -377.0408970222177, "params": {"gamma": 6.696034914953822, "prior": 6.904700391776786, "rate": 0.03245405892326011}, "datetime": {"datetime": "2024-06-14 10:30:35", "elapsed": 10.273553, "delta": 0.008977}}
{"target": -259.39943389043134, "params": {"gamma": 4.383092072177341, "prior": 1.3132783126224954, "rate": 5.266566747727368}, "datetime": {"datetime": "2024-06-14 10:30:35", "elapsed": 10.284524, "delta": 0.010971}}
{"target": -484.0234380780691, "params": {"gamma": 9.797416469397842, "prior": 5.042842408537047, "rate": 3.747125142755934}, "datetime": {"datetime": "2024-06-14 10:30:35", "elapsed": 10.293499, "delta": 0.008975}}
{"target": -410.7480174157698, "params": {"gamma": 8.13858608395356, "prior": 9.685194238622525, "rate": 2.8719466519104246}, "datetime": {"datetime": "2024-06-14 10:30:35", "elapsed": 10.303472, "delta": 0.009973}}
{"target": -418.08803485755277, "params": {"gamma": 8.030197397425262, "prior": 9.96180022989637, "rate": 1.1191305732763266}, "datetime": {"datetime": "2024-06-14 10:30:35", "elapsed": 10.313447, "delta": 0.009975}}
