{"target": -174.0113559457806, "params": {"p_ai": 0.13866135806461027, "p_al": 4.167822899744591, "p_ex": 9.384880436675484, "prior": 3.430938070194235, "rate": 7.7976632105305175}, "datetime": {"datetime": "2024-06-13 03:30:16", "elapsed": 17.578416, "delta": 0.108376}}
{"target": -192.80152442454335, "params": {"p_ai": 1.7481883919612469, "p_al": 3.420186410188222, "p_ex": 1.4468326106601292, "prior": 7.167991370649615, "rate": 6.993376929344446}, "datetime": {"datetime": "2024-06-13 03:30:16", "elapsed": 17.686369, "delta": 0.107953}}
{"target": -420.41167170761844, "params": {"p_ai": 6.88528468217124, "p_al": 2.5347069488285103, "p_ex": 6.923908856112466, "prior": 2.2737481116185796, "rate": 4.247066510197466}, "datetime": {"datetime": "2024-06-13 03:30:16", "elapsed": 17.793589, "delta": 0.10722}}
{"target": -276.2722226739564, "params": {"p_ai": 3.7198492945552046, "p_al": 3.553723808289602, "p_ex": 0.5774904176053226, "prior": 6.316834622032531, "rate": 7.073458710214314}, "datetime": {"datetime": "2024-06-13 03:30:16", "elapsed": 17.901301, "delta": 0.107712}}
{"target": -439.0570704555966, "params": {"p_ai": 6.136273356333854, "p_al": 6.483479248875083, "p_ex": 1.7002372014583604, "prior": 1.495318542589686, "rate": 5.142236260215303}, "datetime": {"datetime": "2024-06-13 03:30:17", "elapsed": 18.009013, "delta": 0.107712}}
{"target": -487.250102383679, "params": {"p_ai": 8.753451930819036, "p_al": 1.8403504620306732, "p_ex": 4.628928347963892, "prior": 4.289894407965, "rate": 4.973394570009244}, "datetime": {"datetime": "2024-06-13 03:30:17", "elapsed": 18.116725, "delta": 0.107712}}
{"target": -184.30573671933098, "params": {"p_ai": 1.6159461940896331, "p_al": 3.4250639707069706, "p_ex": 2.6195421606310987, "prior": 8.44542490535156, "rate": 8.003522125518241}, "datetime": {"datetime": "2024-06-13 03:30:17", "elapsed": 18.223748, "delta": 0.107023}}
{"target": -322.2008348030951, "params": {"p_ai": 4.266964943523168, "p_al": 6.070547592429601, "p_ex": 1.4555106370519333, "prior": 5.096623328881369, "rate": 2.9701739107832585}, "datetime": {"datetime": "2024-06-13 03:30:17", "elapsed": 18.33146, "delta": 0.107712}}
{"target": -558.5471179084288, "params": {"p_ai": 8.596649884738442, "p_al": 6.716312210682993, "p_ex": 6.335106652211588, "prior": 1.248388249391723, "rate": 4.706408207109359}, "datetime": {"datetime": "2024-06-13 03:30:17", "elapsed": 18.442348, "delta": 0.110888}}
{"target": -626.2830793221082, "params": {"p_ai": 9.865741223089229, "p_al": 9.483043441552578, "p_ex": 6.451211316964176, "prior": 1.5180969854487043, "rate": 6.391629360350331}, "datetime": {"datetime": "2024-06-13 03:30:17", "elapsed": 18.550135, "delta": 0.107787}}
{"target": -353.45011066514087, "params": {"p_ai": 5.657055463326731, "p_al": 4.6871897107748595, "p_ex": 4.280946657213234, "prior": 5.993098286824644, "rate": 8.499848915271139}, "datetime": {"datetime": "2024-06-13 03:30:17", "elapsed": 18.657847, "delta": 0.107712}}
{"target": -550.5839108859435, "params": {"p_ai": 7.511459282679002, "p_al": 5.794026042432034, "p_ex": 9.247117111178744, "prior": 0.6483350944320471, "rate": 9.913473740809359}, "datetime": {"datetime": "2024-06-13 03:30:17", "elapsed": 18.765559, "delta": 0.107712}}
{"target": -175.65538698434878, "params": {"p_ai": 0.5308924321372274, "p_al": 1.995755965839475, "p_ex": 4.228103863783965, "prior": 1.0759812529754917, "rate": 6.2370804395660215}, "datetime": {"datetime": "2024-06-13 03:30:17", "elapsed": 18.873271, "delta": 0.107712}}
{"target": -161.42593589344742, "params": {"p_ai": 0.4808776479246243, "p_al": 2.8469541861884147, "p_ex": 0.6113057745155912, "prior": 7.035489791719707, "rate": 6.684893219727232}, "datetime": {"datetime": "2024-06-13 03:30:18", "elapsed": 18.980983, "delta": 0.107712}}
{"target": -281.7208212448194, "params": {"p_ai": 3.7864273519127716, "p_al": 1.8827544060381822, "p_ex": 7.4703012854704225, "prior": 3.404452528363907, "rate": 7.953216372889023}, "datetime": {"datetime": "2024-06-13 03:30:18", "elapsed": 19.088695, "delta": 0.107712}}
{"target": -347.1247746308835, "params": {"p_ai": 4.879521490857024, "p_al": 5.257168774065444, "p_ex": 0.28588000406618064, "prior": 6.442675966770439, "rate": 3.507214367819242}, "datetime": {"datetime": "2024-06-13 03:30:18", "elapsed": 19.196441, "delta": 0.107746}}
{"target": -217.5314933105681, "params": {"p_ai": 2.292821067893365, "p_al": 4.339399878740795, "p_ex": 3.825292105251905, "prior": 4.698420611823517, "rate": 9.794854058443883}, "datetime": {"datetime": "2024-06-13 03:30:18", "elapsed": 19.304158, "delta": 0.107717}}
{"target": -247.65202532842105, "params": {"p_ai": 3.644416325611936, "p_al": 7.744326923227059, "p_ex": 5.528123197902375, "prior": 8.891421759985722, "rate": 3.55017355864457}, "datetime": {"datetime": "2024-06-13 03:30:18", "elapsed": 19.412006, "delta": 0.107848}}
{"target": -245.44282926435585, "params": {"p_ai": 2.455941283184888, "p_al": 9.110281377330026, "p_ex": 0.43629910331389593, "prior": 9.507583527181962, "rate": 5.5645127497935825}, "datetime": {"datetime": "2024-06-13 03:30:18", "elapsed": 19.521152, "delta": 0.109146}}
{"target": -368.4918734790141, "params": {"p_ai": 3.764255803654188, "p_al": 9.950528171068772, "p_ex": 0.5845680988301689, "prior": 5.167546891316355, "rate": 0.311939657480023}, "datetime": {"datetime": "2024-06-13 03:30:18", "elapsed": 19.628867, "delta": 0.107715}}
{"target": -331.4785804854037, "params": {"p_ai": 5.712186216123149, "p_al": 1.8055046214421606, "p_ex": 6.309961044194965, "prior": 9.809255833830065, "rate": 8.749150609572597}, "datetime": {"datetime": "2024-06-13 03:30:18", "elapsed": 19.737579, "delta": 0.108712}}
{"target": -302.11074398448284, "params": {"p_ai": 4.518910657959286, "p_al": 7.084900239647121, "p_ex": 7.77491003128189, "prior": 4.9489359987414545, "rate": 5.285806368285474}, "datetime": {"datetime": "2024-06-13 03:30:18", "elapsed": 19.846289, "delta": 0.10871}}
{"target": -186.80728413712697, "params": {"p_ai": 1.5086931993235537, "p_al": 3.6946298561934507, "p_ex": 1.4230703094747938, "prior": 7.269210639692282, "rate": 4.770652931028231}, "datetime": {"datetime": "2024-06-13 03:30:18", "elapsed": 19.954174, "delta": 0.107885}}
{"target": -332.14231681482926, "params": {"p_ai": 4.489339488230949, "p_al": 8.860093713682348, "p_ex": 5.2766601043433035, "prior": 4.091499228336683, "rate": 2.6896513301042457}, "datetime": {"datetime": "2024-06-13 03:30:19", "elapsed": 20.067024, "delta": 0.11285}}
{"target": -186.07735660623754, "params": {"p_ai": 0.7210483396625298, "p_al": 4.181943201119433, "p_ex": 0.25850907058342715, "prior": 2.912248251583728, "rate": 5.035591588974117}, "datetime": {"datetime": "2024-06-13 03:30:19", "elapsed": 20.174194, "delta": 0.10717}}
{"target": -531.4315393001032, "params": {"p_ai": 9.659364717132203, "p_al": 1.0947197590216522, "p_ex": 6.730737501112004, "prior": 4.999823778620901, "rate": 7.771205194528555}, "datetime": {"datetime": "2024-06-13 03:30:19", "elapsed": 20.2839, "delta": 0.109706}}
{"target": -163.416965665412, "params": {"p_ai": 1.4369263717442184, "p_al": 0.8329431617223197, "p_ex": 3.9927868349191855, "prior": 7.969825557547022, "rate": 1.917565713359991}, "datetime": {"datetime": "2024-06-13 03:30:19", "elapsed": 20.391214, "delta": 0.107314}}
{"target": -512.1043920975876, "params": {"p_ai": 7.678004144280593, "p_al": 2.90368967262162, "p_ex": 2.1696979846303415, "prior": 0.1681391751809873, "rate": 3.9871919401638647}, "datetime": {"datetime": "2024-06-13 03:30:19", "elapsed": 20.49857, "delta": 0.107356}}
{"target": -512.1679558634847, "params": {"p_ai": 3.8114338314432303, "p_al": 6.593790017017453, "p_ex": 0.7101130863034019, "prior": 1.5268872664356763, "rate": 0.16674225312644053}, "datetime": {"datetime": "2024-06-13 03:30:19", "elapsed": 20.60728, "delta": 0.10871}}
{"target": -191.6919113176814, "params": {"p_ai": 1.1388497681176208, "p_al": 6.518240970824895, "p_ex": 4.027165864897017, "prior": 3.2109421153589914, "rate": 5.579562030443482}, "datetime": {"datetime": "2024-06-13 03:30:19", "elapsed": 20.715989, "delta": 0.108709}}
{"target": -524.3860887006163, "params": {"p_ai": 9.9346111705354, "p_al": 8.345030653666278, "p_ex": 6.99653220081344, "prior": 9.182667632731448, "rate": 0.3982473381241651}, "datetime": {"datetime": "2024-06-13 03:30:19", "elapsed": 20.822703, "delta": 0.106714}}
{"target": -158.85686836426487, "params": {"p_ai": 0.7042640827136369, "p_al": 4.740588893590559, "p_ex": 3.492324962157816, "prior": 9.37258336922236, "rate": 4.896160046490541}, "datetime": {"datetime": "2024-06-13 03:30:19", "elapsed": 20.930416, "delta": 0.107713}}
{"target": -340.65588728866925, "params": {"p_ai": 5.396951451823413, "p_al": 8.952708396946477, "p_ex": 4.466903823191082, "prior": 8.770466858314249, "rate": 2.536563911966912}, "datetime": {"datetime": "2024-06-13 03:30:20", "elapsed": 21.038127, "delta": 0.107711}}
{"target": -248.16510686926372, "params": {"p_ai": 2.7388232318769274, "p_al": 3.284285539485814, "p_ex": 5.476095140539054, "prior": 2.2020666115957854, "rate": 6.714620281641652}, "datetime": {"datetime": "2024-06-13 03:30:20", "elapsed": 21.145841, "delta": 0.107714}}
{"target": -186.77476478709804, "params": {"p_ai": 1.4287900347472011, "p_al": 0.9419086447218946, "p_ex": 8.70204727030757, "prior": 2.3694501668664283, "rate": 3.8606541062149327}, "datetime": {"datetime": "2024-06-13 03:30:20", "elapsed": 21.253376, "delta": 0.107535}}
{"target": -364.84736924766895, "params": {"p_ai": 5.715849385160598, "p_al": 5.258493897544749, "p_ex": 0.7611627705416266, "prior": 8.741385230044685, "rate": 9.511405048568502}, "datetime": {"datetime": "2024-06-13 03:30:20", "elapsed": 21.3617, "delta": 0.108324}}
{"target": -470.23186822912743, "params": {"p_ai": 8.125260534442543, "p_al": 2.8387345476337957, "p_ex": 5.278940114383477, "prior": 3.394827823452077, "rate": 5.54711844056588}, "datetime": {"datetime": "2024-06-13 03:30:20", "elapsed": 21.468989, "delta": 0.107289}}
{"target": -558.1911197982297, "params": {"p_ai": 9.744060285661112, "p_al": 3.1177174742720952, "p_ex": 6.688297262622775, "prior": 3.26034610588255, "rate": 7.744998182884782}, "datetime": {"datetime": "2024-06-13 03:30:20", "elapsed": 21.576889, "delta": 0.1079}}
{"target": -233.11943697790875, "params": {"p_ai": 3.258773856165435, "p_al": 8.898383587132303, "p_ex": 7.51732550147175, "prior": 7.626558322355662, "rate": 4.695320806570698}, "datetime": {"datetime": "2024-06-13 03:30:20", "elapsed": 21.684842, "delta": 0.107953}}
{"target": -221.7123276520138, "params": {"p_ai": 2.108434260184585, "p_al": 0.4157093206854123, "p_ex": 3.218966170902475, "prior": 0.3720895322754502, "rate": 6.938860258327624}, "datetime": {"datetime": "2024-06-13 03:30:20", "elapsed": 21.793555, "delta": 0.108713}}
{"target": -359.1893655725874, "params": {"p_ai": 6.703829969329749, "p_al": 4.305287355667006, "p_ex": 7.678121987604072, "prior": 5.360548938900898, "rate": 0.3995594064278903}, "datetime": {"datetime": "2024-06-13 03:30:20", "elapsed": 21.901266, "delta": 0.107711}}
{"target": -203.68132328583195, "params": {"p_ai": 1.34879638648883, "p_al": 1.9349705737501688, "p_ex": 3.357302347845333, "prior": 0.52407715142833, "rate": 6.051562688223163}, "datetime": {"datetime": "2024-06-13 03:30:21", "elapsed": 22.00975, "delta": 0.108484}}
{"target": -316.4355919618602, "params": {"p_ai": 5.121098214211664, "p_al": 6.174992659159544, "p_ex": 4.324123592048677, "prior": 8.47715698190614, "rate": 4.541136501535455}, "datetime": {"datetime": "2024-06-13 03:30:21", "elapsed": 22.118847, "delta": 0.109097}}
{"target": -158.3727228844228, "params": {"p_ai": 0.15501979439941704, "p_al": 8.730808416322548, "p_ex": 6.562359275893246, "prior": 8.23020740344406, "rate": 9.517805154645483}, "datetime": {"datetime": "2024-06-13 03:30:21", "elapsed": 22.227473, "delta": 0.108626}}
{"target": -161.67571621068987, "params": {"p_ai": 0.5100729227853552, "p_al": 2.3514835690460547, "p_ex": 0.6343710911199417, "prior": 4.217157202438477, "rate": 8.638427625869019}, "datetime": {"datetime": "2024-06-13 03:30:21", "elapsed": 22.335185, "delta": 0.107712}}
{"target": -169.40283721695002, "params": {"p_ai": 0.817158203167966, "p_al": 4.7316464169059, "p_ex": 1.2563055549774276, "prior": 7.729083136069011, "rate": 8.414380145801639}, "datetime": {"datetime": "2024-06-13 03:30:21", "elapsed": 22.443079, "delta": 0.107894}}
{"target": -157.4720379738763, "params": {"p_ai": 0.4338660909233998, "p_al": 4.864920990960778, "p_ex": 2.3948710303334217, "prior": 9.5247853431509, "rate": 9.438982385210178}, "datetime": {"datetime": "2024-06-13 03:30:21", "elapsed": 22.550791, "delta": 0.107712}}
{"target": -383.7189563970979, "params": {"p_ai": 6.139726089844625, "p_al": 9.734900485854638, "p_ex": 3.4492685758187935, "prior": 8.97860932595915, "rate": 4.346515139111687}, "datetime": {"datetime": "2024-06-13 03:30:21", "elapsed": 22.659554, "delta": 0.108763}}
{"target": -318.30900604670484, "params": {"p_ai": 2.35891055683799, "p_al": 9.408338804050793, "p_ex": 6.842496291781293, "prior": 0.6500509418059542, "rate": 8.704378143373837}, "datetime": {"datetime": "2024-06-13 03:30:21", "elapsed": 22.768293, "delta": 0.108739}}
{"target": -449.92622384590175, "params": {"p_ai": 7.01410156603883, "p_al": 6.049663802869843, "p_ex": 7.324016616894126, "prior": 2.535136985955308, "rate": 6.00528906379017}, "datetime": {"datetime": "2024-06-13 03:30:21", "elapsed": 22.875976, "delta": 0.107683}}
{"target": -460.32014735554685, "params": {"p_ai": 8.146377193435292, "p_al": 0.542082489579675, "p_ex": 1.3059762027213204, "prior": 8.424615653754179, "rate": 6.183840347409528}, "datetime": {"datetime": "2024-06-13 03:30:22", "elapsed": 22.984685, "delta": 0.108709}}
{"target": -321.9744852682053, "params": {"p_ai": 5.3133468170001, "p_al": 2.483658999241989, "p_ex": 2.9514906739197095, "prior": 8.726988963029699, "rate": 4.217237682562244}, "datetime": {"datetime": "2024-06-13 03:30:22", "elapsed": 23.092181, "delta": 0.107496}}
{"target": -170.80973071171795, "params": {"p_ai": 0.6452381255404884, "p_al": 8.969953710006317, "p_ex": 2.0346049474076864, "prior": 8.262449127388422, "rate": 8.81782446020499}, "datetime": {"datetime": "2024-06-13 03:30:22", "elapsed": 23.200903, "delta": 0.108722}}
{"target": -318.8650119219087, "params": {"p_ai": 4.868020697438563, "p_al": 5.98504846635326, "p_ex": 5.273147297397685, "prior": 6.248588120560806, "rate": 8.550562171752167}, "datetime": {"datetime": "2024-06-13 03:30:22", "elapsed": 23.311608, "delta": 0.110705}}
{"target": -382.2435303566376, "params": {"p_ai": 2.8221123446002014, "p_al": 8.837671326297828, "p_ex": 5.677335610861374, "prior": 1.151915306628067, "rate": 2.270784650981365}, "datetime": {"datetime": "2024-06-13 03:30:22", "elapsed": 23.419597, "delta": 0.107989}}
{"target": -375.3096740908772, "params": {"p_ai": 5.960227873744525, "p_al": 2.395222922809899, "p_ex": 1.3150251897140681, "prior": 1.6193152935242277, "rate": 8.448880309839154}, "datetime": {"datetime": "2024-06-13 03:30:22", "elapsed": 23.526817, "delta": 0.10722}}
{"target": -389.2422457415822, "params": {"p_ai": 6.022234355273215, "p_al": 9.635707304796231, "p_ex": 3.4574464537469587, "prior": 5.956655356251362, "rate": 5.9902539044452245}, "datetime": {"datetime": "2024-06-13 03:30:22", "elapsed": 23.637033, "delta": 0.110216}}
{"target": -331.0810977091008, "params": {"p_ai": 6.157427167752284, "p_al": 0.5927128946500382, "p_ex": 7.503421528562285, "prior": 9.482146772378064, "rate": 5.347255892738708}, "datetime": {"datetime": "2024-06-13 03:30:22", "elapsed": 23.769711, "delta": 0.132678}}
{"target": -237.47022305718428, "params": {"p_ai": 1.926367653529729, "p_al": 7.529506223884443, "p_ex": 0.07418237430931014, "prior": 3.2832327804041577, "rate": 9.176145870096288}, "datetime": {"datetime": "2024-06-13 03:30:22", "elapsed": 23.88138, "delta": 0.111669}}
{"target": -359.94267268913813, "params": {"p_ai": 5.884084961605875, "p_al": 8.55204764875745, "p_ex": 6.047115851439529, "prior": 8.225958947086186, "rate": 8.79495575076974}, "datetime": {"datetime": "2024-06-13 03:30:23", "elapsed": 23.991721, "delta": 0.110341}}
{"target": -202.3918242410019, "params": {"p_ai": 3.210542758870008, "p_al": 1.2304247607502325, "p_ex": 7.213312138521522, "prior": 4.404030521225552, "rate": 1.268230355710944}, "datetime": {"datetime": "2024-06-13 03:30:23", "elapsed": 24.108408, "delta": 0.116687}}
{"target": -343.19550599055884, "params": {"p_ai": 5.898646657450783, "p_al": 0.36164707738402946, "p_ex": 2.0026209819934584, "prior": 7.883223595490022, "rate": 0.12195550339356331}, "datetime": {"datetime": "2024-06-13 03:30:23", "elapsed": 24.224017, "delta": 0.115609}}
{"target": -191.2521321693932, "params": {"p_ai": 3.034153371413982, "p_al": 0.2147382349196191, "p_ex": 9.974852442290567, "prior": 5.820717733458275, "rate": 2.93446940858208}, "datetime": {"datetime": "2024-06-13 03:30:23", "elapsed": 24.333724, "delta": 0.109707}}
{"target": -511.39832297777116, "params": {"p_ai": 9.289565669469264, "p_al": 5.071687116058498, "p_ex": 4.547467583296517, "prior": 5.879127191455569, "rate": 2.642112304461486}, "datetime": {"datetime": "2024-06-13 03:30:23", "elapsed": 24.445602, "delta": 0.111878}}
{"target": -239.90042974634798, "params": {"p_ai": 3.0535777051749857, "p_al": 3.7171741126651003, "p_ex": 2.4452355457167374, "prior": 5.845888113900182, "rate": 6.958765493189333}, "datetime": {"datetime": "2024-06-13 03:30:23", "elapsed": 24.560295, "delta": 0.114693}}
{"target": -166.8585265541056, "params": {"p_ai": 0.7204002544198472, "p_al": 9.710862112935013, "p_ex": 7.53095348803868, "prior": 8.061825466371129, "rate": 7.516652400408825}, "datetime": {"datetime": "2024-06-13 03:30:23", "elapsed": 24.675024, "delta": 0.114729}}
{"target": -162.50056215901586, "params": {"p_ai": 0.8015297117349018, "p_al": 4.81748113392875, "p_ex": 4.457283891060159, "prior": 6.725054032598774, "rate": 4.487923850984395}, "datetime": {"datetime": "2024-06-13 03:30:23", "elapsed": 24.784732, "delta": 0.109708}}
{"target": -394.6298963119062, "params": {"p_ai": 7.043429670440712, "p_al": 6.816771730688627, "p_ex": 6.97178813899881, "prior": 6.186388824872803, "rate": 1.5106563520631782}, "datetime": {"datetime": "2024-06-13 03:30:23", "elapsed": 24.891971, "delta": 0.107239}}
{"target": -485.2650528505766, "params": {"p_ai": 7.608263760601256, "p_al": 7.810677176117377, "p_ex": 9.041125756152136, "prior": 2.338453157348455, "rate": 1.7676122518303419}, "datetime": {"datetime": "2024-06-13 03:30:24", "elapsed": 24.999683, "delta": 0.107712}}
{"target": -265.3072110201499, "params": {"p_ai": 3.9116001319445175, "p_al": 3.206325975297607, "p_ex": 8.154953813127257, "prior": 6.135645470784649, "rate": 7.60025752174514}, "datetime": {"datetime": "2024-06-13 03:30:24", "elapsed": 25.10806, "delta": 0.108377}}
{"target": -288.28300460280997, "params": {"p_ai": 4.277223331869946, "p_al": 0.9953061885929767, "p_ex": 1.151235085490412, "prior": 3.734697910240216, "rate": 1.939283827327562}, "datetime": {"datetime": "2024-06-13 03:30:24", "elapsed": 25.216225, "delta": 0.108165}}
{"target": -458.14389459526177, "params": {"p_ai": 8.20764423973076, "p_al": 5.996760448228745, "p_ex": 6.888763744927632, "prior": 4.911608503081658, "rate": 0.8826486387405684}, "datetime": {"datetime": "2024-06-13 03:30:24", "elapsed": 25.324777, "delta": 0.108552}}
{"target": -273.0987614314219, "params": {"p_ai": 2.351541289225017, "p_al": 4.616559206835329, "p_ex": 1.9867164390362086, "prior": 0.2557368815524242, "rate": 7.294247584863271}, "datetime": {"datetime": "2024-06-13 03:30:24", "elapsed": 25.432672, "delta": 0.107895}}
{"target": -437.63623083457253, "params": {"p_ai": 7.249442555443973, "p_al": 3.304587071870666, "p_ex": 8.435097766510491, "prior": 4.284996317034784, "rate": 8.64699676149058}, "datetime": {"datetime": "2024-06-13 03:30:24", "elapsed": 25.541284, "delta": 0.108612}}
{"target": -404.7387112680361, "params": {"p_ai": 6.570997180804273, "p_al": 5.810775538523484, "p_ex": 2.008074152862875, "prior": 5.295936558173471, "rate": 8.944429751857296}, "datetime": {"datetime": "2024-06-13 03:30:24", "elapsed": 25.648995, "delta": 0.107711}}
{"target": -275.95305018295437, "params": {"p_ai": 3.0506347643763254, "p_al": 8.709585146001372, "p_ex": 9.087543983311022, "prior": 3.2991157822561417, "rate": 6.831060588999306}, "datetime": {"datetime": "2024-06-13 03:30:24", "elapsed": 25.756707, "delta": 0.107712}}
{"target": -547.6957099927039, "params": {"p_ai": 8.992310274710121, "p_al": 0.7578931207012753, "p_ex": 8.7860000441845, "prior": 1.9092027933215376, "rate": 8.497839331269288}, "datetime": {"datetime": "2024-06-13 03:30:24", "elapsed": 25.864419, "delta": 0.107712}}
{"target": -400.6507083460766, "params": {"p_ai": 6.671520768203341, "p_al": 3.4440476153050885, "p_ex": 1.5146043243579972, "prior": 6.354074243923046, "rate": 8.478032649103701}, "datetime": {"datetime": "2024-06-13 03:30:25", "elapsed": 25.973128, "delta": 0.108709}}
{"target": -424.66364625521766, "params": {"p_ai": 8.218671898265342, "p_al": 6.282767731709448, "p_ex": 9.563058796042565, "prior": 5.899641347630623, "rate": 1.979130013694545}, "datetime": {"datetime": "2024-06-13 03:30:25", "elapsed": 26.080946, "delta": 0.107818}}
{"target": -318.8641999192895, "params": {"p_ai": 4.293877895442307, "p_al": 3.3681232410129716, "p_ex": 9.919458174060903, "prior": 3.8029847246765303, "rate": 9.927016035774514}, "datetime": {"datetime": "2024-06-13 03:30:25", "elapsed": 26.188658, "delta": 0.107712}}
{"target": -343.4448122809207, "params": {"p_ai": 5.188523703083409, "p_al": 1.7236247350697775, "p_ex": 0.7466661384435471, "prior": 3.7036866320451027, "rate": 1.235065179287484}, "datetime": {"datetime": "2024-06-13 03:30:25", "elapsed": 26.297242, "delta": 0.108584}}
