{"target": -1113.742330845429, "params": {"gamma": 4.903044972676658, "lr": 0.5991103076458784}, "datetime": {"datetime": "2024-06-13 22:26:33", "elapsed": 0.414252, "delta": 0.002992}}
{"target": -148.65293671993086, "params": {"gamma": 0.15631722223280642, "lr": 0.5934814081966372}, "datetime": {"datetime": "2024-06-13 22:26:33", "elapsed": 0.418241, "delta": 0.003989}}
{"target": -1110.206021020645, "params": {"gamma": 4.337329813545594, "lr": 0.8073605288848414}, "datetime": {"datetime": "2024-06-13 22:26:33", "elapsed": 0.421233, "delta": 0.002992}}
{"target": -874.4721402034834, "params": {"gamma": 3.153132786150634, "lr": 0.8928887085251513}, "datetime": {"datetime": "2024-06-13 22:26:33", "elapsed": 0.425223, "delta": 0.00399}}
{"target": -1534.7782384041066, "params": {"gamma": 5.778994295630071, "lr": 0.18401020162746506}, "datetime": {"datetime": "2024-06-13 22:26:33", "elapsed": 0.428214, "delta": 0.002991}}
{"target": -1809.5931123215717, "params": {"gamma": 7.8795044090212185, "lr": 0.6120311770449339}, "datetime": {"datetime": "2024-06-13 22:26:33", "elapsed": 0.432204, "delta": 0.00399}}
{"target": -183.26165949281406, "params": {"gamma": 0.5400388114654558, "lr": 0.4201936800011322}, "datetime": {"datetime": "2024-06-13 22:26:33", "elapsed": 0.435196, "delta": 0.002992}}
{"target": -1888.7517980661096, "params": {"gamma": 6.791009296817731, "lr": 0.9186017779775258}, "datetime": {"datetime": "2024-06-13 22:26:33", "elapsed": 0.438188, "delta": 0.002992}}
{"target": -146.88626871015916, "params": {"gamma": 0.005019846888682974, "lr": 0.9767591490310596}, "datetime": {"datetime": "2024-06-13 22:26:33", "elapsed": 0.442177, "delta": 0.003989}}
{"target": -1057.7760344060118, "params": {"gamma": 3.766426567142999, "lr": 0.9737835383583225}, "datetime": {"datetime": "2024-06-13 22:26:33", "elapsed": 0.446166, "delta": 0.003989}}
{"target": -1556.5124582148544, "params": {"gamma": 6.047556293639557, "lr": 0.828845807980693}, "datetime": {"datetime": "2024-06-13 22:26:33", "elapsed": 0.44916, "delta": 0.002994}}
{"target": -1337.4981570418556, "params": {"gamma": 5.747540335576315, "lr": 0.6280761983073504}, "datetime": {"datetime": "2024-06-13 22:26:33", "elapsed": 0.453148, "delta": 0.003988}}
{"target": -660.0147089217152, "params": {"gamma": 2.8564772406752437, "lr": 0.586833340656083}, "datetime": {"datetime": "2024-06-13 22:26:33", "elapsed": 0.457001, "delta": 0.003853}}
{"target": -2012.825179827365, "params": {"gamma": 7.500467615262897, "lr": 0.8583138364290424}, "datetime": {"datetime": "2024-06-13 22:26:33", "elapsed": 0.459988, "delta": 0.002987}}
{"target": -1789.0599926277325, "params": {"gamma": 7.551066802488335, "lr": 0.698057248447303}, "datetime": {"datetime": "2024-06-13 22:26:33", "elapsed": 0.46298, "delta": 0.002992}}
{"target": -1986.8815237361077, "params": {"gamma": 8.644929821115943, "lr": 0.32268099683674645}, "datetime": {"datetime": "2024-06-13 22:26:33", "elapsed": 0.466969, "delta": 0.003989}}
{"target": -1472.6427360899436, "params": {"gamma": 6.708217119085085, "lr": 0.45087393641334916}, "datetime": {"datetime": "2024-06-13 22:26:33", "elapsed": 0.469962, "delta": 0.002993}}
{"target": -837.4672757449094, "params": {"gamma": 3.8216454175631407, "lr": 0.4108113499221856}, "datetime": {"datetime": "2024-06-13 22:26:33", "elapsed": 0.473951, "delta": 0.003989}}
{"target": -934.7455603440254, "params": {"gamma": 4.015394355111937, "lr": 0.3173839459582769}, "datetime": {"datetime": "2024-06-13 22:26:33", "elapsed": 0.47794, "delta": 0.003989}}
{"target": -1375.3039102217565, "params": {"gamma": 6.219571759835095, "lr": 0.43024727082126435}, "datetime": {"datetime": "2024-06-13 22:26:33", "elapsed": 0.480932, "delta": 0.002992}}
{"target": -2299.5583523195196, "params": {"gamma": 9.738046977194596, "lr": 0.6778008914343111}, "datetime": {"datetime": "2024-06-13 22:26:33", "elapsed": 0.484922, "delta": 0.00399}}
{"target": -450.03966810254366, "params": {"gamma": 1.9865003143826816, "lr": 0.4267010093480328}, "datetime": {"datetime": "2024-06-13 22:26:33", "elapsed": 0.487913, "delta": 0.002991}}
{"target": -873.602976055755, "params": {"gamma": 3.4341190515044557, "lr": 0.7976388039585666}, "datetime": {"datetime": "2024-06-13 22:26:33", "elapsed": 0.491903, "delta": 0.00399}}
{"target": -2399.0402422931224, "params": {"gamma": 8.800102887345755, "lr": 0.903841955826372}, "datetime": {"datetime": "2024-06-13 22:26:33", "elapsed": 0.494895, "delta": 0.002992}}
{"target": -1521.82746350424, "params": {"gamma": 6.627535403940247, "lr": 0.2702082620297578}, "datetime": {"datetime": "2024-06-13 22:26:33", "elapsed": 0.498884, "delta": 0.003989}}
{"target": -690.0616333505463, "params": {"gamma": 2.5244146483443926, "lr": 0.8548979426974024}, "datetime": {"datetime": "2024-06-13 22:26:33", "elapsed": 0.501876, "delta": 0.002992}}
{"target": -1343.8530328273232, "params": {"gamma": 5.277618748441158, "lr": 0.8021610840045981}, "datetime": {"datetime": "2024-06-13 22:26:33", "elapsed": 0.505866, "delta": 0.00399}}
{"target": -1410.5885123685744, "params": {"gamma": 5.725312683398872, "lr": 0.7331425252875111}, "datetime": {"datetime": "2024-06-13 22:26:33", "elapsed": 0.508858, "delta": 0.002992}}
{"target": -1304.0381162988663, "params": {"gamma": 5.190597263013095, "lr": 0.770883910501888}, "datetime": {"datetime": "2024-06-13 22:26:33", "elapsed": 0.51185, "delta": 0.002992}}
{"target": -1251.7409437396075, "params": {"gamma": 5.689011049056451, "lr": 0.4657098785919809}, "datetime": {"datetime": "2024-06-13 22:26:33", "elapsed": 0.515839, "delta": 0.003989}}
{"target": -1150.2685191763285, "params": {"gamma": 3.4275463906248644, "lr": 0.06820934841670412}, "datetime": {"datetime": "2024-06-13 22:26:33", "elapsed": 0.519828, "delta": 0.003989}}
{"target": -1263.96630620435, "params": {"gamma": 3.7798638691016704, "lr": 0.07962607769825236}, "datetime": {"datetime": "2024-06-13 22:26:33", "elapsed": 0.52282, "delta": 0.002992}}
{"target": -2871.124467255843, "params": {"gamma": 9.82818832019072, "lr": 0.18161285133076377}, "datetime": {"datetime": "2024-06-13 22:26:33", "elapsed": 0.526809, "delta": 0.003989}}
{"target": -2176.6082016018895, "params": {"gamma": 8.118775118507678, "lr": 0.8749616449558981}, "datetime": {"datetime": "2024-06-13 22:26:33", "elapsed": 0.529801, "delta": 0.002992}}
{"target": -1510.3184046102294, "params": {"gamma": 6.884444110607048, "lr": 0.5694944127453757}, "datetime": {"datetime": "2024-06-13 22:26:33", "elapsed": 0.532794, "delta": 0.002993}}
{"target": -379.3684336577715, "params": {"gamma": 1.610553396719272, "lr": 0.4668800227633063}, "datetime": {"datetime": "2024-06-13 22:26:33", "elapsed": 0.536784, "delta": 0.00399}}
{"target": -826.3133730757266, "params": {"gamma": 3.452375339500995, "lr": 0.2250399578140846}, "datetime": {"datetime": "2024-06-13 22:26:33", "elapsed": 0.540772, "delta": 0.003988}}
{"target": -1368.4519298492412, "params": {"gamma": 5.925526175789202, "lr": 0.31226983770191696}, "datetime": {"datetime": "2024-06-13 22:26:33", "elapsed": 0.543764, "delta": 0.002992}}
{"target": -2530.223893996577, "params": {"gamma": 9.163139229130039, "lr": 0.9096355249515571}, "datetime": {"datetime": "2024-06-13 22:26:33", "elapsed": 0.547754, "delta": 0.00399}}
{"target": -847.143782969982, "params": {"gamma": 2.57192581952818, "lr": 0.1108913007440292}, "datetime": {"datetime": "2024-06-13 22:26:33", "elapsed": 0.550746, "delta": 0.002992}}
{"target": -445.16743652774875, "params": {"gamma": 1.9304343574591094, "lr": 0.49958417067888605}, "datetime": {"datetime": "2024-06-13 22:26:33", "elapsed": 0.554735, "delta": 0.003989}}
{"target": -1849.7440165057935, "params": {"gamma": 7.286128094077989, "lr": 0.20819443840879148}, "datetime": {"datetime": "2024-06-13 22:26:33", "elapsed": 0.557727, "delta": 0.002992}}
{"target": -678.9271146446504, "params": {"gamma": 2.48108755021393, "lr": 0.851671874936367}, "datetime": {"datetime": "2024-06-13 22:26:33", "elapsed": 0.561716, "delta": 0.003989}}
{"target": -966.418077752654, "params": {"gamma": 4.159071333957006, "lr": 0.6166850671552362}, "datetime": {"datetime": "2024-06-13 22:26:33", "elapsed": 0.564708, "delta": 0.002992}}
{"target": -772.8531261908608, "params": {"gamma": 2.3374277262532615, "lr": 0.10196725942579743}, "datetime": {"datetime": "2024-06-13 22:26:33", "elapsed": 0.568698, "delta": 0.00399}}
{"target": -1136.970332689485, "params": {"gamma": 5.159054312668331, "lr": 0.47714098704978236}, "datetime": {"datetime": "2024-06-13 22:26:33", "elapsed": 0.57169, "delta": 0.002992}}
{"target": -381.42235639019503, "params": {"gamma": 1.5275637692875392, "lr": 0.6218062317404155}, "datetime": {"datetime": "2024-06-13 22:26:33", "elapsed": 0.57568, "delta": 0.00399}}
{"target": -1270.7178697075349, "params": {"gamma": 5.440557178020568, "lr": 0.6541373469707443}, "datetime": {"datetime": "2024-06-13 22:26:33", "elapsed": 0.578671, "delta": 0.002991}}
{"target": -394.78598879452824, "params": {"gamma": 1.4463108557064734, "lr": 0.7515278171352439}, "datetime": {"datetime": "2024-06-13 22:26:33", "elapsed": 0.58665, "delta": 0.007979}}
{"target": -507.6101650518673, "params": {"gamma": 2.221269348859427, "lr": 0.519351824366033}, "datetime": {"datetime": "2024-06-13 22:26:33", "elapsed": 0.593631, "delta": 0.006981}}
{"target": -2580.7897217890536, "params": {"gamma": 7.853174986187969, "lr": 0.02233042799180618}, "datetime": {"datetime": "2024-06-13 22:26:33", "elapsed": 0.598618, "delta": 0.004987}}
{"target": -887.6626758294151, "params": {"gamma": 3.2443002348021386, "lr": 0.872922376400111}, "datetime": {"datetime": "2024-06-13 22:26:33", "elapsed": 0.604601, "delta": 0.005983}}
{"target": -1856.2549331985022, "params": {"gamma": 8.447251366413093, "lr": 0.5384405925945437}, "datetime": {"datetime": "2024-06-13 22:26:33", "elapsed": 0.610586, "delta": 0.005985}}
{"target": -2405.059672524096, "params": {"gamma": 8.666216133390963, "lr": 0.9498059913536265}, "datetime": {"datetime": "2024-06-13 22:26:33", "elapsed": 0.618567, "delta": 0.007981}}
{"target": -2181.3572542787438, "params": {"gamma": 8.264243569295784, "lr": 0.8541154438365387}, "datetime": {"datetime": "2024-06-13 22:26:33", "elapsed": 0.622554, "delta": 0.003987}}
{"target": -272.85162993454463, "params": {"gamma": 0.9883352748016633, "lr": 0.651304332340991}, "datetime": {"datetime": "2024-06-13 22:26:33", "elapsed": 0.62754, "delta": 0.004986}}
{"target": -1618.0879866974897, "params": {"gamma": 7.035466364538378, "lr": 0.6102408126466297}, "datetime": {"datetime": "2024-06-13 22:26:33", "elapsed": 0.633525, "delta": 0.005985}}
{"target": -2627.1015302503947, "params": {"gamma": 7.996353002098545, "lr": 0.03457121987163425}, "datetime": {"datetime": "2024-06-13 22:26:33", "elapsed": 0.639508, "delta": 0.005983}}
{"target": -1888.5778211787224, "params": {"gamma": 7.702617106815245, "lr": 0.731728600739527}, "datetime": {"datetime": "2024-06-13 22:26:33", "elapsed": 0.645492, "delta": 0.005984}}
{"target": -609.3169195849614, "params": {"gamma": 2.5977242345902325, "lr": 0.2570692988221467}, "datetime": {"datetime": "2024-06-13 22:26:33", "elapsed": 0.650479, "delta": 0.004987}}
{"target": -1509.6971439282074, "params": {"gamma": 6.323400870983849, "lr": 0.34529746159108154}, "datetime": {"datetime": "2024-06-13 22:26:33", "elapsed": 0.654468, "delta": 0.003989}}
{"target": -1745.4387185688781, "params": {"gamma": 7.966090191394868, "lr": 0.44614623200345727}, "datetime": {"datetime": "2024-06-13 22:26:33", "elapsed": 0.65746, "delta": 0.002992}}
{"target": -2174.153496824345, "params": {"gamma": 7.827711398426936, "lr": 0.9904717836238407}, "datetime": {"datetime": "2024-06-13 22:26:33", "elapsed": 0.661449, "delta": 0.003989}}
{"target": -977.6190956706915, "params": {"gamma": 3.0031831469994668, "lr": 0.14300582825809938}, "datetime": {"datetime": "2024-06-13 22:26:33", "elapsed": 0.665441, "delta": 0.003992}}
{"target": -1979.5778053905242, "params": {"gamma": 9.01318305505639, "lr": 0.5415593788873733}, "datetime": {"datetime": "2024-06-13 22:26:33", "elapsed": 0.671452, "delta": 0.006011}}
{"target": -2258.5781630851657, "params": {"gamma": 9.747428968179968, "lr": 0.6366044000018972}, "datetime": {"datetime": "2024-06-13 22:26:33", "elapsed": 0.676439, "delta": 0.004987}}
{"target": -2172.133790917059, "params": {"gamma": 9.939136333080178, "lr": 0.5460708041429516}, "datetime": {"datetime": "2024-06-13 22:26:33", "elapsed": 0.6804, "delta": 0.003961}}
{"target": -1688.502391012223, "params": {"gamma": 5.264732913121308, "lr": 0.1354279030721699}, "datetime": {"datetime": "2024-06-13 22:26:33", "elapsed": 0.685386, "delta": 0.004986}}
{"target": -1192.2603640897623, "params": {"gamma": 3.5576960046678274, "lr": 0.026218567296373285}, "datetime": {"datetime": "2024-06-13 22:26:33", "elapsed": 0.688378, "delta": 0.002992}}
{"target": -424.55724208962647, "params": {"gamma": 1.6047914000169714, "lr": 0.7456371927074961}, "datetime": {"datetime": "2024-06-13 22:26:33", "elapsed": 0.692367, "delta": 0.003989}}
{"target": -159.44440404944856, "params": {"gamma": 0.3049664995979595, "lr": 0.36654309724374434}, "datetime": {"datetime": "2024-06-13 22:26:33", "elapsed": 0.695359, "delta": 0.002992}}
{"target": -2039.3946409869168, "params": {"gamma": 8.623600182127603, "lr": 0.6926777175073543}, "datetime": {"datetime": "2024-06-13 22:26:33", "elapsed": 0.701343, "delta": 0.005984}}
{"target": -1831.9815836817108, "params": {"gamma": 6.90973047851962, "lr": 0.18863680095531088}, "datetime": {"datetime": "2024-06-13 22:26:33", "elapsed": 0.706329, "delta": 0.004986}}
{"target": -1006.1317442405922, "params": {"gamma": 4.419600903203486, "lr": 0.5815774073442912}, "datetime": {"datetime": "2024-06-13 22:26:33", "elapsed": 0.711316, "delta": 0.004987}}
{"target": -2505.1041051801453, "params": {"gamma": 9.897527324929388, "lr": 0.20390622523312185}, "datetime": {"datetime": "2024-06-13 22:26:33", "elapsed": 0.715307, "delta": 0.003991}}
{"target": -582.634281395378, "params": {"gamma": 2.478081284721786, "lr": 0.26217308377291193}, "datetime": {"datetime": "2024-06-13 22:26:33", "elapsed": 0.719294, "delta": 0.003987}}
{"target": -1644.771893303465, "params": {"gamma": 7.50197396056663, "lr": 0.4569753274356928}, "datetime": {"datetime": "2024-06-13 22:26:33", "elapsed": 0.723284, "delta": 0.00399}}
{"target": -189.3599639477532, "params": {"gamma": 0.5702374546725388, "lr": 0.5085162406102396}, "datetime": {"datetime": "2024-06-13 22:26:33", "elapsed": 0.726276, "delta": 0.002992}}
{"target": -554.6775834227783, "params": {"gamma": 2.120389686272116, "lr": 0.7986042447602102}, "datetime": {"datetime": "2024-06-13 22:26:33", "elapsed": 0.730265, "delta": 0.003989}}
{"target": -1004.0496382354371, "params": {"gamma": 2.9740164836912153, "lr": 0.02760601195450363}, "datetime": {"datetime": "2024-06-13 22:26:33", "elapsed": 0.733257, "delta": 0.002992}}
{"target": -1574.792592908395, "params": {"gamma": 5.934731062196747, "lr": 0.8438404289311888}, "datetime": {"datetime": "2024-06-13 22:26:33", "elapsed": 0.737247, "delta": 0.00399}}
{"target": -948.851555235147, "params": {"gamma": 3.81078022449808, "lr": 0.7498583107261434}, "datetime": {"datetime": "2024-06-13 22:26:33", "elapsed": 0.741236, "delta": 0.003989}}
{"target": -1130.18025869005, "params": {"gamma": 5.111903641492986, "lr": 0.5409518049621886}, "datetime": {"datetime": "2024-06-13 22:26:33", "elapsed": 0.744229, "delta": 0.002993}}
{"target": -2418.1729818109834, "params": {"gamma": 9.594383776296462, "lr": 0.8039608914986468}, "datetime": {"datetime": "2024-06-13 22:26:33", "elapsed": 0.748219, "delta": 0.00399}}
{"target": -164.99317590231334, "params": {"gamma": 0.3241983431691163, "lr": 0.7093872512312951}, "datetime": {"datetime": "2024-06-13 22:26:33", "elapsed": 0.752208, "delta": 0.003989}}
{"target": -1300.1922209402712, "params": {"gamma": 4.650549814153498, "lr": 0.9475489413950998}, "datetime": {"datetime": "2024-06-13 22:26:33", "elapsed": 0.756196, "delta": 0.003988}}
{"target": -524.2664143969735, "params": {"gamma": 2.2151059105005597, "lr": 0.2670720196843658}, "datetime": {"datetime": "2024-06-13 22:26:33", "elapsed": 0.759188, "delta": 0.002992}}
{"target": -226.3444157663745, "params": {"gamma": 0.8156581748077427, "lr": 0.42861882866378653}, "datetime": {"datetime": "2024-06-13 22:26:33", "elapsed": 0.763178, "delta": 0.00399}}
{"target": -292.61985778220617, "params": {"gamma": 1.091078621426664, "lr": 0.6337867606119179}, "datetime": {"datetime": "2024-06-13 22:26:33", "elapsed": 0.767168, "delta": 0.00399}}
{"target": -1900.7983484650294, "params": {"gamma": 8.029829410500005, "lr": 0.6968004961201785}, "datetime": {"datetime": "2024-06-13 22:26:33", "elapsed": 0.77016, "delta": 0.002992}}
{"target": -1827.5438703783705, "params": {"gamma": 7.66234759937663, "lr": 0.3424541198435198}, "datetime": {"datetime": "2024-06-13 22:26:33", "elapsed": 0.774149, "delta": 0.003989}}
{"target": -1866.4935175046537, "params": {"gamma": 8.45866897879375, "lr": 0.42876877499944255}, "datetime": {"datetime": "2024-06-13 22:26:33", "elapsed": 0.77714, "delta": 0.002991}}
{"target": -1907.9409542229387, "params": {"gamma": 8.240274694252776, "lr": 0.6264961586242938}, "datetime": {"datetime": "2024-06-13 22:26:33", "elapsed": 0.78113, "delta": 0.00399}}
{"target": -510.9453210829281, "params": {"gamma": 1.435087063653779, "lr": 0.07838689985494796}, "datetime": {"datetime": "2024-06-13 22:26:33", "elapsed": 0.785119, "delta": 0.003989}}
{"target": -158.89894393812565, "params": {"gamma": 0.1843080964871599, "lr": 0.06672499763935646}, "datetime": {"datetime": "2024-06-13 22:26:33", "elapsed": 0.789108, "delta": 0.003989}}
{"target": -1448.4508039168948, "params": {"gamma": 4.586379553270611, "lr": 0.11334192276759048}, "datetime": {"datetime": "2024-06-13 22:26:33", "elapsed": 0.793098, "delta": 0.00399}}
{"target": -161.42078703542467, "params": {"gamma": 0.27880570513785086, "lr": 0.7548614813904674}, "datetime": {"datetime": "2024-06-13 22:26:33", "elapsed": 0.799081, "delta": 0.005983}}
{"target": -982.1359339284251, "params": {"gamma": 3.949109954125934, "lr": 0.7469384956075251}, "datetime": {"datetime": "2024-06-13 22:26:33", "elapsed": 0.805066, "delta": 0.005985}}
{"target": -999.7139505617637, "params": {"gamma": 4.52459586263777, "lr": 0.4500867470007611}, "datetime": {"datetime": "2024-06-13 22:26:33", "elapsed": 0.81105, "delta": 0.005984}}
{"target": -1055.2125566422949, "params": {"gamma": 4.7812469946715925, "lr": 0.47400392656219403}, "datetime": {"datetime": "2024-06-13 22:26:33", "elapsed": 0.817034, "delta": 0.005984}}
{"target": -1742.7846055732837, "params": {"gamma": 8.031830257799582, "lr": 0.40239251985773583}, "datetime": {"datetime": "2024-06-13 22:26:33", "elapsed": 0.823018, "delta": 0.005984}}
{"target": -2966.938391010402, "params": {"gamma": 9.046956917275887, "lr": 0.037061047954035864}, "datetime": {"datetime": "2024-06-13 22:26:33", "elapsed": 0.828004, "delta": 0.004986}}
{"target": -2474.952698618829, "params": {"gamma": 7.738969552861467, "lr": 0.12564138113773882}, "datetime": {"datetime": "2024-06-13 22:26:33", "elapsed": 0.833988, "delta": 0.005984}}
{"target": -2041.432002390861, "params": {"gamma": 6.185517155553943, "lr": 0.010364261335231939}, "datetime": {"datetime": "2024-06-13 22:26:33", "elapsed": 0.838976, "delta": 0.004988}}
{"target": -1783.1556030729603, "params": {"gamma": 5.386734198480894, "lr": 0.0030179566195963625}, "datetime": {"datetime": "2024-06-13 22:26:33", "elapsed": 0.842966, "delta": 0.00399}}
{"target": -2591.206600366099, "params": {"gamma": 9.511986661116556, "lr": 0.905402033702778}, "datetime": {"datetime": "2024-06-13 22:26:34", "elapsed": 0.845957, "delta": 0.002991}}
{"target": -2200.6290126297704, "params": {"gamma": 7.959873452480752, "lr": 0.9152743199147875}, "datetime": {"datetime": "2024-06-13 22:26:34", "elapsed": 0.849947, "delta": 0.00399}}
{"target": -490.3040284554275, "params": {"gamma": 1.4564367533528122, "lr": 0.15773006987053328}, "datetime": {"datetime": "2024-06-13 22:26:34", "elapsed": 0.853936, "delta": 0.003989}}
{"target": -456.7149653097693, "params": {"gamma": 1.8771290973514374, "lr": 0.6224959022999211}, "datetime": {"datetime": "2024-06-13 22:26:34", "elapsed": 0.859301, "delta": 0.005365}}
{"target": -2513.014012733696, "params": {"gamma": 9.05818915058701, "lr": 0.9899551783590737}, "datetime": {"datetime": "2024-06-13 22:26:34", "elapsed": 0.865348, "delta": 0.006047}}
{"target": -1745.6323318525885, "params": {"gamma": 7.111513465199394, "lr": 0.7318004091422953}, "datetime": {"datetime": "2024-06-13 22:26:34", "elapsed": 0.87087, "delta": 0.005522}}
{"target": -1971.4094879367722, "params": {"gamma": 9.093022752238, "lr": 0.4008737323711209}, "datetime": {"datetime": "2024-06-13 22:26:34", "elapsed": 0.874861, "delta": 0.003991}}
{"target": -742.6405068028881, "params": {"gamma": 2.4992569515701426, "lr": 0.17343017078712286}, "datetime": {"datetime": "2024-06-13 22:26:34", "elapsed": 0.878849, "delta": 0.003988}}
{"target": -341.7660258024943, "params": {"gamma": 1.1954510462869563, "lr": 0.8126105880328287}, "datetime": {"datetime": "2024-06-13 22:26:34", "elapsed": 0.881841, "delta": 0.002992}}
{"target": -362.3383301919721, "params": {"gamma": 1.4687769417990144, "lr": 0.2642974827269007}, "datetime": {"datetime": "2024-06-13 22:26:34", "elapsed": 0.88583, "delta": 0.003989}}
{"target": -1883.6458018299038, "params": {"gamma": 8.191072697156674, "lr": 0.31058725179421}, "datetime": {"datetime": "2024-06-13 22:26:34", "elapsed": 0.88982, "delta": 0.00399}}
{"target": -2248.8982915451206, "params": {"gamma": 9.824192075480136, "lr": 0.2666387021516352}, "datetime": {"datetime": "2024-06-13 22:26:34", "elapsed": 0.892811, "delta": 0.002991}}
