{"target": -928.6689990355368, "params": {"gamma": 4.903044972676658, "lr": 0.5991103076458784}, "datetime": {"datetime": "2024-06-13 15:57:53", "elapsed": 0.424217, "delta": 0.003992}}
{"target": -146.3165002915396, "params": {"gamma": 0.15631722223280642, "lr": 0.5934814081966372}, "datetime": {"datetime": "2024-06-13 15:57:53", "elapsed": 0.428075, "delta": 0.003858}}
{"target": -985.5039818766028, "params": {"gamma": 4.337329813545594, "lr": 0.8073605288848414}, "datetime": {"datetime": "2024-06-13 15:57:53", "elapsed": 0.4319, "delta": 0.003825}}
{"target": -754.1284457148403, "params": {"gamma": 3.153132786150634, "lr": 0.8928887085251513}, "datetime": {"datetime": "2024-06-13 15:57:53", "elapsed": 0.434889, "delta": 0.002989}}
{"target": -1353.9102673426567, "params": {"gamma": 5.778994295630071, "lr": 0.18401020162746506}, "datetime": {"datetime": "2024-06-13 15:57:53", "elapsed": 0.438968, "delta": 0.004079}}
{"target": -1597.0873808836632, "params": {"gamma": 7.8795044090212185, "lr": 0.6120311770449339}, "datetime": {"datetime": "2024-06-13 15:57:53", "elapsed": 0.44196, "delta": 0.002992}}
{"target": -170.37613327369246, "params": {"gamma": 0.5400388114654558, "lr": 0.4201936800011322}, "datetime": {"datetime": "2024-06-13 15:57:53", "elapsed": 0.44595, "delta": 0.00399}}
{"target": -1639.8901901231009, "params": {"gamma": 6.791009296817731, "lr": 0.9186017779775258}, "datetime": {"datetime": "2024-06-13 15:57:53", "elapsed": 0.44994, "delta": 0.00399}}
{"target": -151.35451318170942, "params": {"gamma": 0.005019846888682974, "lr": 0.9767591490310596}, "datetime": {"datetime": "2024-06-13 15:57:53", "elapsed": 0.453929, "delta": 0.003989}}
{"target": -918.345265635102, "params": {"gamma": 3.766426567142999, "lr": 0.9737835383583225}, "datetime": {"datetime": "2024-06-13 15:57:53", "elapsed": 0.45692, "delta": 0.002991}}
{"target": -1371.3627646629081, "params": {"gamma": 6.047556293639557, "lr": 0.828845807980693}, "datetime": {"datetime": "2024-06-13 15:57:53", "elapsed": 0.46091, "delta": 0.00399}}
{"target": -1143.0741651011372, "params": {"gamma": 5.747540335576315, "lr": 0.6280761983073504}, "datetime": {"datetime": "2024-06-13 15:57:53", "elapsed": 0.463902, "delta": 0.002992}}
{"target": -550.9648269892947, "params": {"gamma": 2.8564772406752437, "lr": 0.586833340656083}, "datetime": {"datetime": "2024-06-13 15:57:53", "elapsed": 0.467891, "delta": 0.003989}}
{"target": -1761.345706910354, "params": {"gamma": 7.500467615262897, "lr": 0.8583138364290424}, "datetime": {"datetime": "2024-06-13 15:57:53", "elapsed": 0.47188, "delta": 0.003989}}
{"target": -1568.7839554829593, "params": {"gamma": 7.551066802488335, "lr": 0.698057248447303}, "datetime": {"datetime": "2024-06-13 15:57:53", "elapsed": 0.474872, "delta": 0.002992}}
{"target": -1361.4030550619466, "params": {"gamma": 8.644929821115943, "lr": 0.32268099683674645}, "datetime": {"datetime": "2024-06-13 15:57:53", "elapsed": 0.478862, "delta": 0.00399}}
{"target": -1234.65409489923, "params": {"gamma": 6.708217119085085, "lr": 0.45087393641334916}, "datetime": {"datetime": "2024-06-13 15:57:53", "elapsed": 0.481854, "delta": 0.002992}}
{"target": -722.0822112125455, "params": {"gamma": 3.8216454175631407, "lr": 0.4108113499221856}, "datetime": {"datetime": "2024-06-13 15:57:53", "elapsed": 0.485843, "delta": 0.003989}}
{"target": -648.023685111971, "params": {"gamma": 4.015394355111937, "lr": 0.3173839459582769}, "datetime": {"datetime": "2024-06-13 15:57:53", "elapsed": 0.489832, "delta": 0.003989}}
{"target": -1175.688459297402, "params": {"gamma": 6.219571759835095, "lr": 0.43024727082126435}, "datetime": {"datetime": "2024-06-13 15:57:53", "elapsed": 0.492825, "delta": 0.002993}}
{"target": -2019.2333826105726, "params": {"gamma": 9.738046977194596, "lr": 0.6778008914343111}, "datetime": {"datetime": "2024-06-13 15:57:53", "elapsed": 0.496814, "delta": 0.003989}}
{"target": -391.9180465300687, "params": {"gamma": 1.9865003143826816, "lr": 0.4267010093480328}, "datetime": {"datetime": "2024-06-13 15:57:53", "elapsed": 0.500803, "delta": 0.003989}}
{"target": -751.303895196056, "params": {"gamma": 3.4341190515044557, "lr": 0.7976388039585666}, "datetime": {"datetime": "2024-06-13 15:57:53", "elapsed": 0.504703, "delta": 0.0039}}
{"target": -2096.540174075366, "params": {"gamma": 8.800102887345755, "lr": 0.903841955826372}, "datetime": {"datetime": "2024-06-13 15:57:53", "elapsed": 0.508228, "delta": 0.003525}}
{"target": -1119.1854739192745, "params": {"gamma": 6.627535403940247, "lr": 0.2702082620297578}, "datetime": {"datetime": "2024-06-13 15:57:53", "elapsed": 0.511724, "delta": 0.003496}}
{"target": -594.4940498331591, "params": {"gamma": 2.5244146483443926, "lr": 0.8548979426974024}, "datetime": {"datetime": "2024-06-13 15:57:53", "elapsed": 0.515714, "delta": 0.00399}}
{"target": -1194.2155917590226, "params": {"gamma": 5.277618748441158, "lr": 0.8021610840045981}, "datetime": {"datetime": "2024-06-13 15:57:53", "elapsed": 0.518706, "delta": 0.002992}}
{"target": -1207.1228332798805, "params": {"gamma": 5.725312683398872, "lr": 0.7331425252875111}, "datetime": {"datetime": "2024-06-13 15:57:53", "elapsed": 0.523082, "delta": 0.004376}}
{"target": -1125.3483626152363, "params": {"gamma": 5.190597263013095, "lr": 0.770883910501888}, "datetime": {"datetime": "2024-06-13 15:57:53", "elapsed": 0.526075, "delta": 0.002993}}
{"target": -1054.787485955113, "params": {"gamma": 5.689011049056451, "lr": 0.4657098785919809}, "datetime": {"datetime": "2024-06-13 15:57:53", "elapsed": 0.530241, "delta": 0.004166}}
{"target": -1299.6290606456673, "params": {"gamma": 3.4275463906248644, "lr": 0.06820934841670412}, "datetime": {"datetime": "2024-06-13 15:57:53", "elapsed": 0.533234, "delta": 0.002993}}
{"target": -1430.4974405108758, "params": {"gamma": 3.7798638691016704, "lr": 0.07962607769825236}, "datetime": {"datetime": "2024-06-13 15:57:53", "elapsed": 0.537223, "delta": 0.003989}}
{"target": -2221.618040874742, "params": {"gamma": 9.82818832019072, "lr": 0.18161285133076377}, "datetime": {"datetime": "2024-06-13 15:57:53", "elapsed": 0.541212, "delta": 0.003989}}
{"target": -1905.0567241515996, "params": {"gamma": 8.118775118507678, "lr": 0.8749616449558981}, "datetime": {"datetime": "2024-06-13 15:57:53", "elapsed": 0.544204, "delta": 0.002992}}
{"target": -1271.2604183700237, "params": {"gamma": 6.884444110607048, "lr": 0.5694944127453757}, "datetime": {"datetime": "2024-06-13 15:57:53", "elapsed": 0.548194, "delta": 0.00399}}
{"target": -326.31792927925915, "params": {"gamma": 1.610553396719272, "lr": 0.4668800227633063}, "datetime": {"datetime": "2024-06-13 15:57:53", "elapsed": 0.552183, "delta": 0.003989}}
{"target": -630.1645860371661, "params": {"gamma": 3.452375339500995, "lr": 0.2250399578140846}, "datetime": {"datetime": "2024-06-13 15:57:53", "elapsed": 0.556172, "delta": 0.003989}}
{"target": -941.6881371101906, "params": {"gamma": 5.925526175789202, "lr": 0.31226983770191696}, "datetime": {"datetime": "2024-06-13 15:57:53", "elapsed": 0.560162, "delta": 0.00399}}
{"target": -2206.680315986321, "params": {"gamma": 9.163139229130039, "lr": 0.9096355249515571}, "datetime": {"datetime": "2024-06-13 15:57:53", "elapsed": 0.563154, "delta": 0.002992}}
{"target": -924.8631115294384, "params": {"gamma": 2.57192581952818, "lr": 0.1108913007440292}, "datetime": {"datetime": "2024-06-13 15:57:53", "elapsed": 0.567143, "delta": 0.003989}}
{"target": -380.716310525589, "params": {"gamma": 1.9304343574591094, "lr": 0.49958417067888605}, "datetime": {"datetime": "2024-06-13 15:57:53", "elapsed": 0.571132, "delta": 0.003989}}
{"target": -1465.9909805481354, "params": {"gamma": 7.286128094077989, "lr": 0.20819443840879148}, "datetime": {"datetime": "2024-06-13 15:57:53", "elapsed": 0.575122, "delta": 0.00399}}
{"target": -584.865725207682, "params": {"gamma": 2.48108755021393, "lr": 0.851671874936367}, "datetime": {"datetime": "2024-06-13 15:57:53", "elapsed": 0.578114, "delta": 0.002992}}
{"target": -850.7505674017069, "params": {"gamma": 4.159071333957006, "lr": 0.6166850671552362}, "datetime": {"datetime": "2024-06-13 15:57:53", "elapsed": 0.582242, "delta": 0.004128}}
{"target": -844.2183367498775, "params": {"gamma": 2.3374277262532615, "lr": 0.10196725942579743}, "datetime": {"datetime": "2024-06-13 15:57:53", "elapsed": 0.587212, "delta": 0.00497}}
{"target": -958.5993805536868, "params": {"gamma": 5.159054312668331, "lr": 0.47714098704978236}, "datetime": {"datetime": "2024-06-13 15:57:53", "elapsed": 0.593193, "delta": 0.005981}}
{"target": -336.26239859988925, "params": {"gamma": 1.5275637692875392, "lr": 0.6218062317404155}, "datetime": {"datetime": "2024-06-13 15:57:53", "elapsed": 0.597182, "delta": 0.003989}}
{"target": -1088.3115097562122, "params": {"gamma": 5.440557178020568, "lr": 0.6541373469707443}, "datetime": {"datetime": "2024-06-13 15:57:53", "elapsed": 0.604164, "delta": 0.006982}}
{"target": -339.00094013242, "params": {"gamma": 1.4463108557064734, "lr": 0.7515278171352439}, "datetime": {"datetime": "2024-06-13 15:57:53", "elapsed": 0.60915, "delta": 0.004986}}
{"target": -422.5271170151217, "params": {"gamma": 2.221269348859427, "lr": 0.519351824366033}, "datetime": {"datetime": "2024-06-13 15:57:53", "elapsed": 0.614137, "delta": 0.004987}}
{"target": -2946.8463399864568, "params": {"gamma": 7.853174986187969, "lr": 0.02233042799180618}, "datetime": {"datetime": "2024-06-13 15:57:53", "elapsed": 0.619125, "delta": 0.004988}}
{"target": -774.1031666268458, "params": {"gamma": 3.2443002348021386, "lr": 0.872922376400111}, "datetime": {"datetime": "2024-06-13 15:57:53", "elapsed": 0.623112, "delta": 0.003987}}
{"target": -1520.2931907154361, "params": {"gamma": 8.447251366413093, "lr": 0.5384405925945437}, "datetime": {"datetime": "2024-06-13 15:57:53", "elapsed": 0.627103, "delta": 0.003991}}
{"target": -2087.93227387888, "params": {"gamma": 8.666216133390963, "lr": 0.9498059913536265}, "datetime": {"datetime": "2024-06-13 15:57:53", "elapsed": 0.631091, "delta": 0.003988}}
{"target": -1889.9629340754273, "params": {"gamma": 8.264243569295784, "lr": 0.8541154438365387}, "datetime": {"datetime": "2024-06-13 15:57:53", "elapsed": 0.637075, "delta": 0.005984}}
{"target": -237.36330076994153, "params": {"gamma": 0.9883352748016633, "lr": 0.651304332340991}, "datetime": {"datetime": "2024-06-13 15:57:53", "elapsed": 0.64306, "delta": 0.005985}}
{"target": -1427.524224098576, "params": {"gamma": 7.035466364538378, "lr": 0.6102408126466297}, "datetime": {"datetime": "2024-06-13 15:57:53", "elapsed": 0.647049, "delta": 0.003989}}
{"target": -3000.175868815755, "params": {"gamma": 7.996353002098545, "lr": 0.03457121987163425}, "datetime": {"datetime": "2024-06-13 15:57:53", "elapsed": 0.651039, "delta": 0.00399}}
{"target": -1618.1702529932427, "params": {"gamma": 7.702617106815245, "lr": 0.731728600739527}, "datetime": {"datetime": "2024-06-13 15:57:53", "elapsed": 0.655028, "delta": 0.003989}}
{"target": -455.6543859584103, "params": {"gamma": 2.5977242345902325, "lr": 0.2570692988221467}, "datetime": {"datetime": "2024-06-13 15:57:53", "elapsed": 0.659017, "delta": 0.003989}}
{"target": -1030.3591192466877, "params": {"gamma": 6.323400870983849, "lr": 0.34529746159108154}, "datetime": {"datetime": "2024-06-13 15:57:53", "elapsed": 0.663007, "delta": 0.00399}}
{"target": -1462.1457135611747, "params": {"gamma": 7.966090191394868, "lr": 0.44614623200345727}, "datetime": {"datetime": "2024-06-13 15:57:53", "elapsed": 0.667993, "delta": 0.004986}}
{"target": -1887.5710141029585, "params": {"gamma": 7.827711398426936, "lr": 0.9904717836238407}, "datetime": {"datetime": "2024-06-13 15:57:53", "elapsed": 0.671982, "delta": 0.003989}}
{"target": -804.6119068764681, "params": {"gamma": 3.0031831469994668, "lr": 0.14300582825809938}, "datetime": {"datetime": "2024-06-13 15:57:53", "elapsed": 0.674974, "delta": 0.002992}}
{"target": -1620.7168461136944, "params": {"gamma": 9.01318305505639, "lr": 0.5415593788873733}, "datetime": {"datetime": "2024-06-13 15:57:53", "elapsed": 0.680958, "delta": 0.005984}}
{"target": -1938.336046736577, "params": {"gamma": 9.747428968179968, "lr": 0.6366044000018972}, "datetime": {"datetime": "2024-06-13 15:57:53", "elapsed": 0.68794, "delta": 0.006982}}
{"target": -1790.0112623261814, "params": {"gamma": 9.939136333080178, "lr": 0.5460708041429516}, "datetime": {"datetime": "2024-06-13 15:57:53", "elapsed": 0.691928, "delta": 0.003988}}
{"target": -1586.3316569974331, "params": {"gamma": 5.264732913121308, "lr": 0.1354279030721699}, "datetime": {"datetime": "2024-06-13 15:57:53", "elapsed": 0.698913, "delta": 0.006985}}
{"target": -1347.9581216372405, "params": {"gamma": 3.5576960046678274, "lr": 0.026218567296373285}, "datetime": {"datetime": "2024-06-13 15:57:53", "elapsed": 0.703896, "delta": 0.004983}}
{"target": -361.5914709099933, "params": {"gamma": 1.6047914000169714, "lr": 0.7456371927074961}, "datetime": {"datetime": "2024-06-13 15:57:53", "elapsed": 0.708913, "delta": 0.005017}}
{"target": -149.48574859172822, "params": {"gamma": 0.3049664995979595, "lr": 0.36654309724374434}, "datetime": {"datetime": "2024-06-13 15:57:53", "elapsed": 0.716862, "delta": 0.007949}}
{"target": -1789.6804096828369, "params": {"gamma": 8.623600182127603, "lr": 0.6926777175073543}, "datetime": {"datetime": "2024-06-13 15:57:53", "elapsed": 0.721848, "delta": 0.004986}}
{"target": -1615.5870367974721, "params": {"gamma": 6.90973047851962, "lr": 0.18863680095531088}, "datetime": {"datetime": "2024-06-13 15:57:53", "elapsed": 0.725837, "delta": 0.003989}}
{"target": -838.9417978675862, "params": {"gamma": 4.419600903203486, "lr": 0.5815774073442912}, "datetime": {"datetime": "2024-06-13 15:57:53", "elapsed": 0.731825, "delta": 0.005988}}
{"target": -1985.57383950841, "params": {"gamma": 9.897527324929388, "lr": 0.20390622523312185}, "datetime": {"datetime": "2024-06-13 15:57:53", "elapsed": 0.738803, "delta": 0.006978}}
{"target": -436.5820250090573, "params": {"gamma": 2.478081284721786, "lr": 0.26217308377291193}, "datetime": {"datetime": "2024-06-13 15:57:53", "elapsed": 0.742793, "delta": 0.00399}}
{"target": -1384.3098167597022, "params": {"gamma": 7.50197396056663, "lr": 0.4569753274356928}, "datetime": {"datetime": "2024-06-13 15:57:53", "elapsed": 0.747358, "delta": 0.004565}}
{"target": -170.32140189193615, "params": {"gamma": 0.5702374546725388, "lr": 0.5085162406102396}, "datetime": {"datetime": "2024-06-13 15:57:53", "elapsed": 0.751476, "delta": 0.004118}}
{"target": -475.53800374871304, "params": {"gamma": 2.120389686272116, "lr": 0.7986042447602102}, "datetime": {"datetime": "2024-06-13 15:57:53", "elapsed": 0.755463, "delta": 0.003987}}
{"target": -1131.4036497579166, "params": {"gamma": 2.9740164836912153, "lr": 0.02760601195450363}, "datetime": {"datetime": "2024-06-13 15:57:53", "elapsed": 0.758456, "delta": 0.002993}}
{"target": -1362.5960642797609, "params": {"gamma": 5.934731062196747, "lr": 0.8438404289311888}, "datetime": {"datetime": "2024-06-13 15:57:53", "elapsed": 0.762445, "delta": 0.003989}}
{"target": -810.0350114840801, "params": {"gamma": 3.81078022449808, "lr": 0.7498583107261434}, "datetime": {"datetime": "2024-06-13 15:57:53", "elapsed": 0.766434, "delta": 0.003989}}
{"target": -928.9607614416906, "params": {"gamma": 5.111903641492986, "lr": 0.5409518049621886}, "datetime": {"datetime": "2024-06-13 15:57:53", "elapsed": 0.770423, "delta": 0.003989}}
{"target": -2154.2021310401933, "params": {"gamma": 9.594383776296462, "lr": 0.8039608914986468}, "datetime": {"datetime": "2024-06-13 15:57:53", "elapsed": 0.774413, "delta": 0.00399}}
{"target": -154.1687888966802, "params": {"gamma": 0.3241983431691163, "lr": 0.7093872512312951}, "datetime": {"datetime": "2024-06-13 15:57:53", "elapsed": 0.777405, "delta": 0.002992}}
{"target": -1128.9178466431028, "params": {"gamma": 4.650549814153498, "lr": 0.9475489413950998}, "datetime": {"datetime": "2024-06-13 15:57:53", "elapsed": 0.781395, "delta": 0.00399}}
{"target": -395.0458312501423, "params": {"gamma": 2.2151059105005597, "lr": 0.2670720196843658}, "datetime": {"datetime": "2024-06-13 15:57:54", "elapsed": 0.785384, "delta": 0.003989}}
{"target": -204.4055611881185, "params": {"gamma": 0.8156581748077427, "lr": 0.42861882866378653}, "datetime": {"datetime": "2024-06-13 15:57:54", "elapsed": 0.789373, "delta": 0.003989}}
{"target": -253.3965227596125, "params": {"gamma": 1.091078621426664, "lr": 0.6337867606119179}, "datetime": {"datetime": "2024-06-13 15:57:54", "elapsed": 0.793392, "delta": 0.004019}}
{"target": -1667.3846454557213, "params": {"gamma": 8.029829410500005, "lr": 0.6968004961201785}, "datetime": {"datetime": "2024-06-13 15:57:54", "elapsed": 0.797352, "delta": 0.00396}}
{"target": -1244.2798278210028, "params": {"gamma": 7.66234759937663, "lr": 0.3424541198435198}, "datetime": {"datetime": "2024-06-13 15:57:54", "elapsed": 0.80137, "delta": 0.004018}}
{"target": -1592.9313200779009, "params": {"gamma": 8.45866897879375, "lr": 0.42876877499944255}, "datetime": {"datetime": "2024-06-13 15:57:54", "elapsed": 0.805331, "delta": 0.003961}}
{"target": -1632.4955079498693, "params": {"gamma": 8.240274694252776, "lr": 0.6264961586242938}, "datetime": {"datetime": "2024-06-13 15:57:54", "elapsed": 0.808322, "delta": 0.002991}}
{"target": -566.4537233630276, "params": {"gamma": 1.435087063653779, "lr": 0.07838689985494796}, "datetime": {"datetime": "2024-06-13 15:57:54", "elapsed": 0.812312, "delta": 0.00399}}
{"target": -169.53756058425483, "params": {"gamma": 0.1843080964871599, "lr": 0.06672499763935646}, "datetime": {"datetime": "2024-06-13 15:57:54", "elapsed": 0.816302, "delta": 0.00399}}
{"target": -1481.5566601290889, "params": {"gamma": 4.586379553270611, "lr": 0.11334192276759048}, "datetime": {"datetime": "2024-06-13 15:57:54", "elapsed": 0.820291, "delta": 0.003989}}
{"target": -151.19510295429717, "params": {"gamma": 0.27880570513785086, "lr": 0.7548614813904674}, "datetime": {"datetime": "2024-06-13 15:57:54", "elapsed": 0.82429, "delta": 0.003999}}
{"target": -838.6453132442392, "params": {"gamma": 3.949109954125934, "lr": 0.7469384956075251}, "datetime": {"datetime": "2024-06-13 15:57:54", "elapsed": 0.827346, "delta": 0.003056}}
{"target": -840.4513765922336, "params": {"gamma": 4.52459586263777, "lr": 0.4500867470007611}, "datetime": {"datetime": "2024-06-13 15:57:54", "elapsed": 0.831332, "delta": 0.003986}}
{"target": -890.0984426442932, "params": {"gamma": 4.7812469946715925, "lr": 0.47400392656219403}, "datetime": {"datetime": "2024-06-13 15:57:54", "elapsed": 0.836319, "delta": 0.004987}}
{"target": -1496.606836625783, "params": {"gamma": 8.031830257799582, "lr": 0.40239251985773583}, "datetime": {"datetime": "2024-06-13 15:57:54", "elapsed": 0.840308, "delta": 0.003989}}
{"target": -3391.5042517728875, "params": {"gamma": 9.046956917275887, "lr": 0.037061047954035864}, "datetime": {"datetime": "2024-06-13 15:57:54", "elapsed": 0.8433, "delta": 0.002992}}
{"target": -2325.7980593876136, "params": {"gamma": 7.738969552861467, "lr": 0.12564138113773882}, "datetime": {"datetime": "2024-06-13 15:57:54", "elapsed": 0.847289, "delta": 0.003989}}
{"target": -2325.7455274097315, "params": {"gamma": 6.185517155553943, "lr": 0.010364261335231939}, "datetime": {"datetime": "2024-06-13 15:57:54", "elapsed": 0.851278, "delta": 0.003989}}
{"target": -2028.319894091004, "params": {"gamma": 5.386734198480894, "lr": 0.0030179566195963625}, "datetime": {"datetime": "2024-06-13 15:57:54", "elapsed": 0.855268, "delta": 0.00399}}
{"target": -2264.8796417695216, "params": {"gamma": 9.511986661116556, "lr": 0.905402033702778}, "datetime": {"datetime": "2024-06-13 15:57:54", "elapsed": 0.860256, "delta": 0.004988}}
{"target": -1919.1497923472193, "params": {"gamma": 7.959873452480752, "lr": 0.9152743199147875}, "datetime": {"datetime": "2024-06-13 15:57:54", "elapsed": 0.865245, "delta": 0.004989}}
{"target": -413.26983696470126, "params": {"gamma": 1.4564367533528122, "lr": 0.15773006987053328}, "datetime": {"datetime": "2024-06-13 15:57:54", "elapsed": 0.869231, "delta": 0.003986}}
{"target": -401.82318647480605, "params": {"gamma": 1.8771290973514374, "lr": 0.6224959022999211}, "datetime": {"datetime": "2024-06-13 15:57:54", "elapsed": 0.87322, "delta": 0.003989}}
{"target": -2181.6003727521893, "params": {"gamma": 9.05818915058701, "lr": 0.9899551783590737}, "datetime": {"datetime": "2024-06-13 15:57:54", "elapsed": 0.877209, "delta": 0.003989}}
{"target": -1495.2586085806547, "params": {"gamma": 7.111513465199394, "lr": 0.7318004091422953}, "datetime": {"datetime": "2024-06-13 15:57:54", "elapsed": 0.880201, "delta": 0.002992}}
{"target": -1692.3196926782164, "params": {"gamma": 9.093022752238, "lr": 0.4008737323711209}, "datetime": {"datetime": "2024-06-13 15:57:54", "elapsed": 0.884192, "delta": 0.003991}}
{"target": -584.0614129877422, "params": {"gamma": 2.4992569515701426, "lr": 0.17343017078712286}, "datetime": {"datetime": "2024-06-13 15:57:54", "elapsed": 0.88818, "delta": 0.003988}}
{"target": -302.843202712667, "params": {"gamma": 1.1954510462869563, "lr": 0.8126105880328287}, "datetime": {"datetime": "2024-06-13 15:57:54", "elapsed": 0.892169, "delta": 0.003989}}
{"target": -281.78194750291794, "params": {"gamma": 1.4687769417990144, "lr": 0.2642974827269007}, "datetime": {"datetime": "2024-06-13 15:57:54", "elapsed": 0.894937, "delta": 0.002768}}
{"target": -1291.3142358809587, "params": {"gamma": 8.191072697156674, "lr": 0.31058725179421}, "datetime": {"datetime": "2024-06-13 15:57:54", "elapsed": 0.899727, "delta": 0.00479}}
{"target": -1651.0543651129226, "params": {"gamma": 9.824192075480136, "lr": 0.2666387021516352}, "datetime": {"datetime": "2024-06-13 15:57:54", "elapsed": 0.903715, "delta": 0.003988}}
