{"target": -294.02621249419445, "params": {"gamma": 1.0947197590216522, "lr": 0.673041054216622}, "datetime": {"datetime": "2024-06-13 18:39:23", "elapsed": 1.721347, "delta": 0.002992}}
{"target": -1237.6113537801295, "params": {"gamma": 4.999823778620901, "lr": 0.777098229275783}, "datetime": {"datetime": "2024-06-13 18:39:23", "elapsed": 1.725361, "delta": 0.004014}}
{"target": -713.0872452544323, "params": {"gamma": 1.4369263717442184, "lr": 0.08320263643587555}, "datetime": {"datetime": "2024-06-13 18:39:23", "elapsed": 1.729346, "delta": 0.003985}}
{"target": -1027.1282344360493, "params": {"gamma": 3.9927868349191855, "lr": 0.7969622519799001}, "datetime": {"datetime": "2024-06-13 18:39:23", "elapsed": 1.733334, "delta": 0.003988}}
{"target": -495.9326062989289, "params": {"gamma": 1.917565713359991, "lr": 0.767777192147274}, "datetime": {"datetime": "2024-06-13 18:39:23", "elapsed": 1.736327, "delta": 0.002993}}
{"target": -536.5183607783674, "params": {"gamma": 2.90368967262162, "lr": 0.21689148761179533}, "datetime": {"datetime": "2024-06-13 18:39:23", "elapsed": 1.740316, "delta": 0.003989}}
{"target": -147.68235323850382, "params": {"gamma": 0.1681391751809873, "lr": 0.3986590599223787}, "datetime": {"datetime": "2024-06-13 18:39:23", "elapsed": 1.744306, "delta": 0.00399}}
{"target": -761.5639851441005, "params": {"gamma": 3.8114338314432303, "lr": 0.6593449361953647}, "datetime": {"datetime": "2024-06-13 18:39:23", "elapsed": 1.74733, "delta": 0.003024}}
{"target": -239.27618124314228, "params": {"gamma": 0.7101130863034019, "lr": 0.15260398704227185}, "datetime": {"datetime": "2024-06-13 18:39:23", "elapsed": 1.751319, "delta": 0.003989}}
{"target": -164.90546973696345, "params": {"gamma": 0.16674225312644053, "lr": 0.11379635644740682}, "datetime": {"datetime": "2024-06-13 18:39:23", "elapsed": 1.755332, "delta": 0.004013}}
{"target": -1069.4419048432796, "params": {"gamma": 6.518240970824895, "lr": 0.4026568521749192}, "datetime": {"datetime": "2024-06-13 18:39:23", "elapsed": 1.759315, "delta": 0.003983}}
{"target": -601.3510854094743, "params": {"gamma": 3.2109421153589914, "lr": 0.5579119942437725}, "datetime": {"datetime": "2024-06-13 18:39:23", "elapsed": 1.762307, "delta": 0.002992}}
{"target": -2771.3326254096683, "params": {"gamma": 9.9346111705354, "lr": 0.8344865140180296}, "datetime": {"datetime": "2024-06-13 18:39:23", "elapsed": 1.766297, "delta": 0.00399}}
{"target": -2203.9444151579987, "params": {"gamma": 6.99653220081344, "lr": 0.9182585891320579}, "datetime": {"datetime": "2024-06-13 18:39:23", "elapsed": 1.770285, "delta": 0.003988}}
{"target": -254.20311217274096, "params": {"gamma": 0.3982473381241651, "lr": 0.07033344161552524}, "datetime": {"datetime": "2024-06-13 18:39:23", "elapsed": 1.774275, "delta": 0.00399}}
{"target": -690.5446575473942, "params": {"gamma": 4.740588893590559, "lr": 0.3491674129570773}, "datetime": {"datetime": "2024-06-13 18:39:23", "elapsed": 1.778265, "delta": 0.00399}}
{"target": -1444.9964850330396, "params": {"gamma": 9.37258336922236, "lr": 0.48956496114516856}, "datetime": {"datetime": "2024-06-13 18:39:23", "elapsed": 1.781256, "delta": 0.002991}}
{"target": -1633.5755741511007, "params": {"gamma": 5.396951451823413, "lr": 0.8952603657312208}, "datetime": {"datetime": "2024-06-13 18:39:23", "elapsed": 1.785267, "delta": 0.004011}}
{"target": -1314.577608881889, "params": {"gamma": 4.466903823191082, "lr": 0.8770343892703519}, "datetime": {"datetime": "2024-06-13 18:39:23", "elapsed": 1.789253, "delta": 0.003986}}
{"target": -425.8734376089406, "params": {"gamma": 2.536563911966912, "lr": 0.27380970415810857}, "datetime": {"datetime": "2024-06-13 18:39:23", "elapsed": 1.792245, "delta": 0.002992}}
{"target": -610.2616566590638, "params": {"gamma": 3.284285539485814, "lr": 0.5475642704809535}, "datetime": {"datetime": "2024-06-13 18:39:23", "elapsed": 1.796289, "delta": 0.004044}}
{"target": -531.4318291723288, "params": {"gamma": 2.2020666115957854, "lr": 0.6714291710812733}, "datetime": {"datetime": "2024-06-13 18:39:23", "elapsed": 1.800278, "delta": 0.003989}}
{"target": -658.5128243779834, "params": {"gamma": 1.4287900347472011, "lr": 0.09410027449963942}, "datetime": {"datetime": "2024-06-13 18:39:23", "elapsed": 1.804779, "delta": 0.004501}}
{"target": -1138.9821602832724, "params": {"gamma": 8.70204727030757, "lr": 0.23686870355699852}, "datetime": {"datetime": "2024-06-13 18:39:23", "elapsed": 1.807765, "delta": 0.002986}}
{"target": -685.1646201281127, "params": {"gamma": 3.8606541062149327, "lr": 0.5715420927253323}, "datetime": {"datetime": "2024-06-13 18:39:23", "elapsed": 1.811755, "delta": 0.00399}}
{"target": -2506.691132369502, "params": {"gamma": 5.258493897544749, "lr": 0.07602387944210687}, "datetime": {"datetime": "2024-06-13 18:39:23", "elapsed": 1.815747, "delta": 0.003992}}
{"target": -2749.975092730299, "params": {"gamma": 8.741385230044685, "lr": 0.9511356184186921}, "datetime": {"datetime": "2024-06-13 18:39:23", "elapsed": 1.819736, "delta": 0.003989}}
{"target": -1269.0754373881734, "params": {"gamma": 8.125260534442543, "lr": 0.2838018349468743}, "datetime": {"datetime": "2024-06-13 18:39:23", "elapsed": 1.823725, "delta": 0.003989}}
{"target": -765.5245818845063, "params": {"gamma": 5.278940114383477, "lr": 0.3394167240176095}, "datetime": {"datetime": "2024-06-13 18:39:23", "elapsed": 1.827717, "delta": 0.003992}}
{"target": -1750.5568895039912, "params": {"gamma": 5.54711844056588, "lr": 0.9744034689130026}, "datetime": {"datetime": "2024-06-13 18:39:23", "elapsed": 1.830709, "delta": 0.002992}}
{"target": -735.6431086729117, "params": {"gamma": 3.1177174742720952, "lr": 0.6687966059228697}, "datetime": {"datetime": "2024-06-13 18:39:23", "elapsed": 1.834705, "delta": 0.003996}}
{"target": -816.214000650659, "params": {"gamma": 3.26034610588255, "lr": 0.7744772660150796}, "datetime": {"datetime": "2024-06-13 18:39:23", "elapsed": 1.83869, "delta": 0.003985}}
{"target": -994.5832708289429, "params": {"gamma": 3.258773856165435, "lr": 0.889827341447375}, "datetime": {"datetime": "2024-06-13 18:39:23", "elapsed": 1.841682, "delta": 0.002992}}
{"target": -1850.0204093134505, "params": {"gamma": 7.51732550147175, "lr": 0.7626320954451107}, "datetime": {"datetime": "2024-06-13 18:39:23", "elapsed": 1.845672, "delta": 0.00399}}
{"target": -845.6638656621917, "params": {"gamma": 4.695320806570698, "lr": 0.21076450246870537}, "datetime": {"datetime": "2024-06-13 18:39:23", "elapsed": 1.849661, "delta": 0.003989}}
{"target": -161.37237150821701, "params": {"gamma": 0.4157093206854123, "lr": 0.3218287999702445}, "datetime": {"datetime": "2024-06-13 18:39:23", "elapsed": 1.85365, "delta": 0.003989}}
{"target": -168.96111699900845, "params": {"gamma": 0.3720895322754502, "lr": 0.6938554113738997}, "datetime": {"datetime": "2024-06-13 18:39:23", "elapsed": 1.857767, "delta": 0.004117}}
{"target": -1117.32118995794, "params": {"gamma": 6.703829969329749, "lr": 0.430471782744975}, "datetime": {"datetime": "2024-06-13 18:39:23", "elapsed": 1.860759, "delta": 0.002992}}
{"target": -1362.9639253136709, "params": {"gamma": 7.678121987604072, "lr": 0.5360084947395637}, "datetime": {"datetime": "2024-06-13 18:39:23", "elapsed": 1.864756, "delta": 0.003997}}
{"target": -194.16381161780004, "params": {"gamma": 0.3995594064278903, "lr": 0.13479311796067905}, "datetime": {"datetime": "2024-06-13 18:39:23", "elapsed": 1.86874, "delta": 0.003984}}
{"target": -309.1967468554525, "params": {"gamma": 1.9349705737501688, "lr": 0.3356638011646498}, "datetime": {"datetime": "2024-06-13 18:39:23", "elapsed": 1.872729, "delta": 0.003989}}
{"target": -170.97319223837374, "params": {"gamma": 0.52407715142833, "lr": 0.6051167805003662}, "datetime": {"datetime": "2024-06-13 18:39:23", "elapsed": 1.875805, "delta": 0.003076}}
{"target": -957.9277522410247, "params": {"gamma": 5.121098214211664, "lr": 0.6174610120171561}, "datetime": {"datetime": "2024-06-13 18:39:23", "elapsed": 1.879794, "delta": 0.003989}}
{"target": -1218.4272586889026, "params": {"gamma": 4.324123592048677, "lr": 0.8477004682374377}, "datetime": {"datetime": "2024-06-13 18:39:23", "elapsed": 1.883784, "delta": 0.00399}}
{"target": -2168.957399768469, "params": {"gamma": 4.541136501535455, "lr": 0.015403519791920894}, "datetime": {"datetime": "2024-06-13 18:39:23", "elapsed": 1.887775, "delta": 0.003991}}
{"target": -1706.4476830885144, "params": {"gamma": 8.730808416322548, "lr": 0.6562015477440989}, "datetime": {"datetime": "2024-06-13 18:39:23", "elapsed": 1.890767, "delta": 0.002992}}
{"target": -2589.9965045694653, "params": {"gamma": 8.23020740344406, "lr": 0.9517756930338517}, "datetime": {"datetime": "2024-06-13 18:39:23", "elapsed": 1.894764, "delta": 0.003997}}
{"target": -158.12531623781334, "params": {"gamma": 0.5100729227853552, "lr": 0.23507186409101455}, "datetime": {"datetime": "2024-06-13 18:39:23", "elapsed": 1.898749, "delta": 0.003985}}
{"target": -175.27174741968116, "params": {"gamma": 0.6343710911199417, "lr": 0.4216578860324509}, "datetime": {"datetime": "2024-06-13 18:39:23", "elapsed": 1.902738, "delta": 0.003989}}
{"target": -4098.509346719612, "params": {"gamma": 8.638427625869019, "lr": 0.0816239827150681}, "datetime": {"datetime": "2024-06-13 18:39:23", "elapsed": 1.905732, "delta": 0.002994}}
{"target": -1337.51044064646, "params": {"gamma": 4.7316464169059, "lr": 0.12554310980872363}, "datetime": {"datetime": "2024-06-13 18:39:23", "elapsed": 1.909721, "delta": 0.003989}}
{"target": -2160.4908263258512, "params": {"gamma": 7.729083136069011, "lr": 0.8414221567958434}, "datetime": {"datetime": "2024-06-13 18:39:23", "elapsed": 1.913711, "delta": 0.00399}}
{"target": -156.19412807404547, "params": {"gamma": 0.4338660909233998, "lr": 0.48644074317039476}, "datetime": {"datetime": "2024-06-13 18:39:23", "elapsed": 1.917703, "delta": 0.003992}}
{"target": -769.3464224248436, "params": {"gamma": 2.3948710303334217, "lr": 0.9524737816932592}, "datetime": {"datetime": "2024-06-13 18:39:23", "elapsed": 1.921759, "delta": 0.004056}}
{"target": -1742.9315170938933, "params": {"gamma": 9.438982385210178, "lr": 0.6139340023847009}, "datetime": {"datetime": "2024-06-13 18:39:23", "elapsed": 1.925265, "delta": 0.003506}}
{"target": -1388.5901258014726, "params": {"gamma": 9.734900485854638, "lr": 0.344861343716251}, "datetime": {"datetime": "2024-06-13 18:39:23", "elapsed": 1.929252, "delta": 0.003987}}
{"target": -1487.8691043785238, "params": {"gamma": 8.97860932595915, "lr": 0.4345949734085095}, "datetime": {"datetime": "2024-06-13 18:39:23", "elapsed": 1.93324, "delta": 0.003988}}
{"target": -758.2873797949545, "params": {"gamma": 2.35891055683799, "lr": 0.9408279632013994}, "datetime": {"datetime": "2024-06-13 18:39:23", "elapsed": 1.936234, "delta": 0.002994}}
{"target": -3252.648830996687, "params": {"gamma": 6.842496291781293, "lr": 0.06491158533912933}, "datetime": {"datetime": "2024-06-13 18:39:23", "elapsed": 1.940223, "delta": 0.003989}}
{"target": -1998.6318887083646, "params": {"gamma": 8.704378143373837, "lr": 0.7013802946333463}, "datetime": {"datetime": "2024-06-13 18:39:23", "elapsed": 1.944212, "delta": 0.003989}}
{"target": -1426.387936547854, "params": {"gamma": 6.049663802869843, "lr": 0.7323748991793305}, "datetime": {"datetime": "2024-06-13 18:39:23", "elapsed": 1.948394, "delta": 0.004182}}
{"target": -492.29177625507054, "params": {"gamma": 2.535136985955308, "lr": 0.6004889552745444}, "datetime": {"datetime": "2024-06-13 18:39:23", "elapsed": 1.952383, "delta": 0.003989}}
{"target": -3866.7565209025224, "params": {"gamma": 8.146377193435292, "lr": 0.05411366032399989}, "datetime": {"datetime": "2024-06-13 18:39:23", "elapsed": 1.956374, "delta": 0.003991}}
{"target": -398.29612070505635, "params": {"gamma": 1.3059762027213204, "lr": 0.8424458099564136}, "datetime": {"datetime": "2024-06-13 18:39:23", "elapsed": 1.959367, "delta": 0.002993}}
{"target": -1102.5481075606046, "params": {"gamma": 6.183840347409528, "lr": 0.531287810481058}, "datetime": {"datetime": "2024-06-13 18:39:23", "elapsed": 1.963356, "delta": 0.003989}}
{"target": -433.13301398713503, "params": {"gamma": 2.483658999241989, "lr": 0.2950785752494959}, "datetime": {"datetime": "2024-06-13 18:39:23", "elapsed": 1.967348, "delta": 0.003992}}
{"target": -1423.666546763132, "params": {"gamma": 8.726988963029699, "lr": 0.42166593484970927}, "datetime": {"datetime": "2024-06-13 18:39:23", "elapsed": 1.971337, "delta": 0.003989}}
{"target": -245.77069398328473, "params": {"gamma": 0.6452381255404884, "lr": 0.8969850695075825}, "datetime": {"datetime": "2024-06-13 18:39:23", "elapsed": 1.975334, "delta": 0.003997}}
{"target": -581.8139776227406, "params": {"gamma": 2.0346049474076864, "lr": 0.8262275354923914}, "datetime": {"datetime": "2024-06-13 18:39:23", "elapsed": 1.978321, "delta": 0.002987}}
{"target": -1360.9833994954442, "params": {"gamma": 8.81782446020499, "lr": 0.48675074481833813}, "datetime": {"datetime": "2024-06-13 18:39:23", "elapsed": 1.98231, "delta": 0.003989}}
{"target": -1067.9320256687733, "params": {"gamma": 5.98504846635326, "lr": 0.527267456485417}, "datetime": {"datetime": "2024-06-13 18:39:23", "elapsed": 1.986302, "delta": 0.003992}}
{"target": -1750.5829293858387, "params": {"gamma": 6.248588120560806, "lr": 0.8550417213473515}, "datetime": {"datetime": "2024-06-13 18:39:23", "elapsed": 1.990291, "delta": 0.003989}}
{"target": -840.5785309806554, "params": {"gamma": 2.8221123446002014, "lr": 0.8837555081806009}, "datetime": {"datetime": "2024-06-13 18:39:23", "elapsed": 1.99428, "delta": 0.003989}}
{"target": -1865.2573399988883, "params": {"gamma": 5.677335610861374, "lr": 0.11510304096690338}, "datetime": {"datetime": "2024-06-13 18:39:23", "elapsed": 1.998095, "delta": 0.003815}}
{"target": -423.75671016616093, "params": {"gamma": 2.270784650981365, "lr": 0.5959823856130138}, "datetime": {"datetime": "2024-06-13 18:39:23", "elapsed": 2.002084, "delta": 0.003989}}
{"target": -693.8116354791432, "params": {"gamma": 2.395222922809899, "lr": 0.13141566053746057}, "datetime": {"datetime": "2024-06-13 18:39:23", "elapsed": 2.006078, "delta": 0.003994}}
{"target": -480.4869218186045, "params": {"gamma": 1.6193152935242277, "lr": 0.8448725182357391}, "datetime": {"datetime": "2024-06-13 18:39:23", "elapsed": 2.010067, "delta": 0.003989}}
{"target": -1899.141046987985, "params": {"gamma": 6.022234355273215, "lr": 0.9635670871883419}, "datetime": {"datetime": "2024-06-13 18:39:23", "elapsed": 2.013059, "delta": 0.002992}}
{"target": -624.482816939705, "params": {"gamma": 3.4574464537469587, "lr": 0.5956250981349497}, "datetime": {"datetime": "2024-06-13 18:39:23", "elapsed": 2.017721, "delta": 0.004662}}
{"target": -1115.7295161099003, "params": {"gamma": 5.9902539044452245, "lr": 0.6157042872039488}, "datetime": {"datetime": "2024-06-13 18:39:23", "elapsed": 2.02171, "delta": 0.003989}}
{"target": -206.77822944900458, "params": {"gamma": 0.5927128946500382, "lr": 0.7503171845746859}, "datetime": {"datetime": "2024-06-13 18:39:23", "elapsed": 2.024702, "delta": 0.002992}}
{"target": -1677.6079623740718, "params": {"gamma": 9.482146772378064, "lr": 0.5346790571795887}, "datetime": {"datetime": "2024-06-13 18:39:23", "elapsed": 2.02969, "delta": 0.004988}}
{"target": -497.9960743534104, "params": {"gamma": 1.926367653529729, "lr": 0.7529259149799422}, "datetime": {"datetime": "2024-06-13 18:39:23", "elapsed": 2.033678, "delta": 0.003988}}
{"target": -148.47414259731377, "params": {"gamma": 0.07418237430931014, "lr": 0.32825610365078084}, "datetime": {"datetime": "2024-06-13 18:39:23", "elapsed": 2.03667, "delta": 0.002992}}
{"target": -1611.1258701175664, "params": {"gamma": 9.176145870096288, "lr": 0.5883673328938768}, "datetime": {"datetime": "2024-06-13 18:39:23", "elapsed": 2.04066, "delta": 0.00399}}
{"target": -1581.558697050908, "params": {"gamma": 8.55204764875745, "lr": 0.6046720523491877}, "datetime": {"datetime": "2024-06-13 18:39:23", "elapsed": 2.044649, "delta": 0.003989}}
{"target": -2403.65987166588, "params": {"gamma": 8.225958947086186, "lr": 0.8794835234293169}, "datetime": {"datetime": "2024-06-13 18:39:23", "elapsed": 2.048638, "delta": 0.003989}}
{"target": -1067.6989079570697, "params": {"gamma": 3.210542758870008, "lr": 0.12295477155217849}, "datetime": {"datetime": "2024-06-13 18:39:23", "elapsed": 2.052627, "delta": 0.003989}}
{"target": -1200.2811507293063, "params": {"gamma": 7.213312138521522, "lr": 0.44034708683123824}, "datetime": {"datetime": "2024-06-13 18:39:23", "elapsed": 2.056617, "delta": 0.00399}}
{"target": -262.73683363359254, "params": {"gamma": 1.268230355710944, "lr": 0.5898236481098892}, "datetime": {"datetime": "2024-06-13 18:39:23", "elapsed": 2.059609, "delta": 0.002992}}
{"target": -161.4562573786883, "params": {"gamma": 0.36164707738402946, "lr": 0.20018211641098693}, "datetime": {"datetime": "2024-06-13 18:39:23", "elapsed": 2.064595, "delta": 0.004986}}
{"target": -3742.8134440825643, "params": {"gamma": 7.883223595490022, "lr": 0.012096760015357866}, "datetime": {"datetime": "2024-06-13 18:39:23", "elapsed": 2.068585, "delta": 0.00399}}
{"target": -1460.137097804848, "params": {"gamma": 3.034153371413982, "lr": 0.021375961088070716}, "datetime": {"datetime": "2024-06-13 18:39:23", "elapsed": 2.072575, "delta": 0.00399}}
{"target": -1728.6302611576768, "params": {"gamma": 9.974852442290567, "lr": 0.5820299763434618}, "datetime": {"datetime": "2024-06-13 18:39:23", "elapsed": 2.075566, "delta": 0.002991}}
{"target": -935.9835610375688, "params": {"gamma": 2.93446940858208, "lr": 0.9289494618931157}, "datetime": {"datetime": "2024-06-13 18:39:23", "elapsed": 2.079557, "delta": 0.003991}}
{"target": -794.4493967518442, "params": {"gamma": 5.071687116058498, "lr": 0.4546922275524069}, "datetime": {"datetime": "2024-06-13 18:39:23", "elapsed": 2.083836, "delta": 0.004279}}
{"target": -927.9400368121879, "params": {"gamma": 5.879127191455569, "lr": 0.2641376442105696}, "datetime": {"datetime": "2024-06-13 18:39:23", "elapsed": 2.087825, "delta": 0.003989}}
{"target": -446.73067586075535, "params": {"gamma": 3.0535777051749857, "lr": 0.37165457672418245}, "datetime": {"datetime": "2024-06-13 18:39:23", "elapsed": 2.091815, "delta": 0.00399}}
{"target": -452.8947060827656, "params": {"gamma": 2.4452355457167374, "lr": 0.5845472661166298}, "datetime": {"datetime": "2024-06-13 18:39:23", "elapsed": 2.094807, "delta": 0.002992}}
{"target": -3307.408579465389, "params": {"gamma": 6.958765493189333, "lr": 0.07194722016400112}, "datetime": {"datetime": "2024-06-13 18:39:23", "elapsed": 2.098796, "delta": 0.003989}}
{"target": -2384.0449779318255, "params": {"gamma": 9.710862112935013, "lr": 0.7530706558694549}, "datetime": {"datetime": "2024-06-13 18:39:23", "elapsed": 2.102785, "delta": 0.003989}}
{"target": -1982.5670431614897, "params": {"gamma": 8.061825466371129, "lr": 0.7516404040812905}, "datetime": {"datetime": "2024-06-13 18:39:23", "elapsed": 2.106775, "delta": 0.00399}}
{"target": -187.16561810526304, "params": {"gamma": 0.8015297117349018, "lr": 0.48169628302117706}, "datetime": {"datetime": "2024-06-13 18:39:23", "elapsed": 2.110764, "delta": 0.003989}}
{"target": -1037.442933275634, "params": {"gamma": 4.457283891060159, "lr": 0.6724726505249299}, "datetime": {"datetime": "2024-06-13 18:39:23", "elapsed": 2.114754, "delta": 0.00399}}
{"target": -1044.3860379677192, "params": {"gamma": 4.487923850984395, "lr": 0.7043133983839096}, "datetime": {"datetime": "2024-06-13 18:39:23", "elapsed": 2.117745, "delta": 0.002991}}
{"target": -1571.2014054024564, "params": {"gamma": 6.816771730688627, "lr": 0.6971485287527562}, "datetime": {"datetime": "2024-06-13 18:39:23", "elapsed": 2.121735, "delta": 0.00399}}
{"target": -1517.1078912025155, "params": {"gamma": 6.186388824872803, "lr": 0.15098073327964578}, "datetime": {"datetime": "2024-06-13 18:39:23", "elapsed": 2.125724, "delta": 0.003989}}
{"target": -1938.5517774065913, "params": {"gamma": 7.608263760601256, "lr": 0.781045822193957}, "datetime": {"datetime": "2024-06-13 18:39:23", "elapsed": 2.129714, "delta": 0.00399}}
{"target": -1181.8662749961436, "params": {"gamma": 9.041125756152136, "lr": 0.23376869260410593}, "datetime": {"datetime": "2024-06-13 18:39:23", "elapsed": 2.133703, "delta": 0.003989}}
{"target": -312.289410314402, "params": {"gamma": 1.7676122518303419, "lr": 0.3910991231067624}, "datetime": {"datetime": "2024-06-13 18:39:23", "elapsed": 2.137692, "delta": 0.003989}}
{"target": -891.9837413915799, "params": {"gamma": 3.206325975297607, "lr": 0.8154769290056262}, "datetime": {"datetime": "2024-06-13 18:39:23", "elapsed": 2.141682, "delta": 0.00399}}
{"target": -1513.7779133268366, "params": {"gamma": 6.135645470784649, "lr": 0.7600017523497489}, "datetime": {"datetime": "2024-06-13 18:39:23", "elapsed": 2.144674, "delta": 0.002992}}
{"target": -1905.0147430379814, "params": {"gamma": 4.277223331869946, "lr": 0.09944056291558923}, "datetime": {"datetime": "2024-06-13 18:39:23", "elapsed": 2.148663, "delta": 0.003989}}
{"target": -211.4272716507509, "params": {"gamma": 1.151235085490412, "lr": 0.3734071317371953}, "datetime": {"datetime": "2024-06-13 18:39:23", "elapsed": 2.152652, "delta": 0.003989}}
{"target": -556.5786732882478, "params": {"gamma": 1.939283827327562, "lr": 0.8207464986229382}, "datetime": {"datetime": "2024-06-13 18:39:23", "elapsed": 2.156642, "delta": 0.00399}}
{"target": -1385.5839034821533, "params": {"gamma": 5.996760448228745, "lr": 0.688845259018665}, "datetime": {"datetime": "2024-06-13 18:39:23", "elapsed": 2.160631, "delta": 0.003989}}
{"target": -2373.564863579091, "params": {"gamma": 4.911608503081658, "lr": 0.08817368124218106}, "datetime": {"datetime": "2024-06-13 18:39:23", "elapsed": 2.16462, "delta": 0.003989}}
