{"target": -300.82277757295236, "params": {"gamma": 1.0947197590216522, "lr": 0.673041054216622}, "datetime": {"datetime": "2024-06-13 22:26:35", "elapsed": 1.849951, "delta": 0.003989}}
{"target": -1257.2049986573918, "params": {"gamma": 4.999823778620901, "lr": 0.777098229275783}, "datetime": {"datetime": "2024-06-13 22:26:35", "elapsed": 1.85394, "delta": 0.003989}}
{"target": -511.5282154688085, "params": {"gamma": 1.4369263717442184, "lr": 0.08320263643587555}, "datetime": {"datetime": "2024-06-13 22:26:35", "elapsed": 1.857929, "delta": 0.003989}}
{"target": -1010.2643875192201, "params": {"gamma": 3.9927868349191855, "lr": 0.7969622519799001}, "datetime": {"datetime": "2024-06-13 22:26:35", "elapsed": 1.861947, "delta": 0.004018}}
{"target": -506.0923472435723, "params": {"gamma": 1.917565713359991, "lr": 0.767777192147274}, "datetime": {"datetime": "2024-06-13 22:26:35", "elapsed": 1.864911, "delta": 0.002964}}
{"target": -752.7713411017631, "params": {"gamma": 2.90368967262162, "lr": 0.21689148761179533}, "datetime": {"datetime": "2024-06-13 22:26:35", "elapsed": 1.8689, "delta": 0.003989}}
{"target": -149.8454335952088, "params": {"gamma": 0.1681391751809873, "lr": 0.3986590599223787}, "datetime": {"datetime": "2024-06-13 22:26:35", "elapsed": 1.872889, "delta": 0.003989}}
{"target": -898.0993542623746, "params": {"gamma": 3.8114338314432303, "lr": 0.6593449361953647}, "datetime": {"datetime": "2024-06-13 22:26:35", "elapsed": 1.876878, "delta": 0.003989}}
{"target": -268.74891690324966, "params": {"gamma": 0.7101130863034019, "lr": 0.15260398704227185}, "datetime": {"datetime": "2024-06-13 22:26:35", "elapsed": 1.880868, "delta": 0.00399}}
{"target": -155.0263778225604, "params": {"gamma": 0.16674225312644053, "lr": 0.11379635644740682}, "datetime": {"datetime": "2024-06-13 22:26:35", "elapsed": 1.884857, "delta": 0.003989}}
{"target": -1416.8041370159547, "params": {"gamma": 6.518240970824895, "lr": 0.4026568521749192}, "datetime": {"datetime": "2024-06-13 22:26:35", "elapsed": 1.888846, "delta": 0.003989}}
{"target": -716.8450657979411, "params": {"gamma": 3.2109421153589914, "lr": 0.5579119942437725}, "datetime": {"datetime": "2024-06-13 22:26:35", "elapsed": 1.891839, "delta": 0.002993}}
{"target": -2616.42823038136, "params": {"gamma": 9.9346111705354, "lr": 0.8344865140180296}, "datetime": {"datetime": "2024-06-13 22:26:35", "elapsed": 1.895828, "delta": 0.003989}}
{"target": -1945.3217841684645, "params": {"gamma": 6.99653220081344, "lr": 0.9182585891320579}, "datetime": {"datetime": "2024-06-13 22:26:35", "elapsed": 1.899818, "delta": 0.00399}}
{"target": -200.79021716789444, "params": {"gamma": 0.3982473381241651, "lr": 0.07033344161552524}, "datetime": {"datetime": "2024-06-13 22:26:35", "elapsed": 1.903806, "delta": 0.003988}}
{"target": -1134.355774442182, "params": {"gamma": 4.740588893590559, "lr": 0.3491674129570773}, "datetime": {"datetime": "2024-06-13 22:26:35", "elapsed": 1.907796, "delta": 0.00399}}
{"target": -2050.562961690911, "params": {"gamma": 9.37258336922236, "lr": 0.48956496114516856}, "datetime": {"datetime": "2024-06-13 22:26:35", "elapsed": 1.910788, "delta": 0.002992}}
{"target": -1475.5042392821792, "params": {"gamma": 5.396951451823413, "lr": 0.8952603657312208}, "datetime": {"datetime": "2024-06-13 22:26:35", "elapsed": 1.915775, "delta": 0.004987}}
{"target": -1222.0693048844291, "params": {"gamma": 4.466903823191082, "lr": 0.8770343892703519}, "datetime": {"datetime": "2024-06-13 22:26:35", "elapsed": 1.919764, "delta": 0.003989}}
{"target": -595.6683627805013, "params": {"gamma": 2.536563911966912, "lr": 0.27380970415810857}, "datetime": {"datetime": "2024-06-13 22:26:35", "elapsed": 1.922756, "delta": 0.002992}}
{"target": -731.8622262291263, "params": {"gamma": 3.284285539485814, "lr": 0.5475642704809535}, "datetime": {"datetime": "2024-06-13 22:26:35", "elapsed": 1.926745, "delta": 0.003989}}
{"target": -546.2143320751637, "params": {"gamma": 2.2020666115957854, "lr": 0.6714291710812733}, "datetime": {"datetime": "2024-06-13 22:26:35", "elapsed": 1.930735, "delta": 0.00399}}
{"target": -493.2481984157531, "params": {"gamma": 1.4287900347472011, "lr": 0.09410027449963942}, "datetime": {"datetime": "2024-06-13 22:26:35", "elapsed": 1.934724, "delta": 0.003989}}
{"target": -2050.0089249859843, "params": {"gamma": 8.70204727030757, "lr": 0.23686870355699852}, "datetime": {"datetime": "2024-06-13 22:26:35", "elapsed": 1.937716, "delta": 0.002992}}
{"target": -881.9462779882253, "params": {"gamma": 3.8606541062149327, "lr": 0.5715420927253323}, "datetime": {"datetime": "2024-06-13 22:26:35", "elapsed": 1.941705, "delta": 0.003989}}
{"target": -1741.6979568280376, "params": {"gamma": 5.258493897544749, "lr": 0.07602387944210687}, "datetime": {"datetime": "2024-06-13 22:26:35", "elapsed": 1.945694, "delta": 0.003989}}
{"target": -2425.7616405070657, "params": {"gamma": 8.741385230044685, "lr": 0.9511356184186921}, "datetime": {"datetime": "2024-06-13 22:26:35", "elapsed": 1.948687, "delta": 0.002993}}
{"target": -1862.440709042147, "params": {"gamma": 8.125260534442543, "lr": 0.2838018349468743}, "datetime": {"datetime": "2024-06-13 22:26:35", "elapsed": 1.953673, "delta": 0.004986}}
{"target": -1261.9305236545242, "params": {"gamma": 5.278940114383477, "lr": 0.3394167240176095}, "datetime": {"datetime": "2024-06-13 22:26:35", "elapsed": 1.956665, "delta": 0.002992}}
{"target": -1546.5418086782875, "params": {"gamma": 5.54711844056588, "lr": 0.9744034689130026}, "datetime": {"datetime": "2024-06-13 22:26:35", "elapsed": 1.960654, "delta": 0.003989}}
{"target": -756.7851175988195, "params": {"gamma": 3.1177174742720952, "lr": 0.6687966059228697}, "datetime": {"datetime": "2024-06-13 22:26:35", "elapsed": 1.964644, "delta": 0.00399}}
{"target": -831.1735724874892, "params": {"gamma": 3.26034610588255, "lr": 0.7744772660150796}, "datetime": {"datetime": "2024-06-13 22:26:35", "elapsed": 1.96963, "delta": 0.004986}}
{"target": -902.6513949557528, "params": {"gamma": 3.258773856165435, "lr": 0.889827341447375}, "datetime": {"datetime": "2024-06-13 22:26:35", "elapsed": 1.972622, "delta": 0.002992}}
{"target": -1875.8249128491077, "params": {"gamma": 7.51732550147175, "lr": 0.7626320954451107}, "datetime": {"datetime": "2024-06-13 22:26:35", "elapsed": 1.976612, "delta": 0.00399}}
{"target": -1200.0617752988153, "params": {"gamma": 4.695320806570698, "lr": 0.21076450246870537}, "datetime": {"datetime": "2024-06-13 22:26:35", "elapsed": 1.980601, "delta": 0.003989}}
{"target": -172.2610840338512, "params": {"gamma": 0.4157093206854123, "lr": 0.3218287999702445}, "datetime": {"datetime": "2024-06-13 22:26:35", "elapsed": 1.98459, "delta": 0.003989}}
{"target": -170.323535286409, "params": {"gamma": 0.3720895322754502, "lr": 0.6938554113738997}, "datetime": {"datetime": "2024-06-13 22:26:35", "elapsed": 1.98858, "delta": 0.00399}}
{"target": -1481.4961363497532, "params": {"gamma": 6.703829969329749, "lr": 0.430471782744975}, "datetime": {"datetime": "2024-06-13 22:26:35", "elapsed": 1.991572, "delta": 0.002992}}
{"target": -1688.6829199224283, "params": {"gamma": 7.678121987604072, "lr": 0.5360084947395637}, "datetime": {"datetime": "2024-06-13 22:26:35", "elapsed": 1.995561, "delta": 0.003989}}
{"target": -191.76768195449134, "params": {"gamma": 0.3995594064278903, "lr": 0.13479311796067905}, "datetime": {"datetime": "2024-06-13 22:26:35", "elapsed": 1.999551, "delta": 0.00399}}
{"target": -477.23295471305545, "params": {"gamma": 1.9349705737501688, "lr": 0.3356638011646498}, "datetime": {"datetime": "2024-06-13 22:26:35", "elapsed": 2.00354, "delta": 0.003989}}
{"target": -188.41292598731815, "params": {"gamma": 0.52407715142833, "lr": 0.6051167805003662}, "datetime": {"datetime": "2024-06-13 22:26:35", "elapsed": 2.007529, "delta": 0.003989}}
{"target": -1184.0654138173238, "params": {"gamma": 5.121098214211664, "lr": 0.6174610120171561}, "datetime": {"datetime": "2024-06-13 22:26:35", "elapsed": 2.011518, "delta": 0.003989}}
{"target": -1155.8915359079294, "params": {"gamma": 4.324123592048677, "lr": 0.8477004682374377}, "datetime": {"datetime": "2024-06-13 22:26:35", "elapsed": 2.014512, "delta": 0.002994}}
{"target": -1509.8463408155199, "params": {"gamma": 4.541136501535455, "lr": 0.015403519791920894}, "datetime": {"datetime": "2024-06-13 22:26:35", "elapsed": 2.019497, "delta": 0.004985}}
{"target": -2025.302978130593, "params": {"gamma": 8.730808416322548, "lr": 0.6562015477440989}, "datetime": {"datetime": "2024-06-13 22:26:35", "elapsed": 2.023486, "delta": 0.003989}}
{"target": -2284.98659670722, "params": {"gamma": 8.23020740344406, "lr": 0.9517756930338517}, "datetime": {"datetime": "2024-06-13 22:26:35", "elapsed": 2.026481, "delta": 0.002995}}
{"target": -187.0616704501529, "params": {"gamma": 0.5100729227853552, "lr": 0.23507186409101455}, "datetime": {"datetime": "2024-06-13 22:26:35", "elapsed": 2.03047, "delta": 0.003989}}
{"target": -196.4776853165969, "params": {"gamma": 0.6343710911199417, "lr": 0.4216578860324509}, "datetime": {"datetime": "2024-06-13 22:26:35", "elapsed": 2.034497, "delta": 0.004027}}
{"target": -2834.7899549340295, "params": {"gamma": 8.638427625869019, "lr": 0.0816239827150681}, "datetime": {"datetime": "2024-06-13 22:26:35", "elapsed": 2.038453, "delta": 0.003956}}
{"target": -1519.1871321463398, "params": {"gamma": 4.7316464169059, "lr": 0.12554310980872363}, "datetime": {"datetime": "2024-06-13 22:26:35", "elapsed": 2.042442, "delta": 0.003989}}
{"target": -2041.9821087903101, "params": {"gamma": 7.729083136069011, "lr": 0.8414221567958434}, "datetime": {"datetime": "2024-06-13 22:26:35", "elapsed": 2.046433, "delta": 0.003991}}
{"target": -171.06210003639356, "params": {"gamma": 0.4338660909233998, "lr": 0.48644074317039476}, "datetime": {"datetime": "2024-06-13 22:26:35", "elapsed": 2.049427, "delta": 0.002994}}
{"target": -684.2331082413693, "params": {"gamma": 2.3948710303334217, "lr": 0.9524737816932592}, "datetime": {"datetime": "2024-06-13 22:26:35", "elapsed": 2.053415, "delta": 0.003988}}
{"target": -2163.50900492548, "params": {"gamma": 9.438982385210178, "lr": 0.6139340023847009}, "datetime": {"datetime": "2024-06-13 22:26:35", "elapsed": 2.057407, "delta": 0.003992}}
{"target": -2319.6973944215583, "params": {"gamma": 9.734900485854638, "lr": 0.344861343716251}, "datetime": {"datetime": "2024-06-13 22:26:35", "elapsed": 2.061396, "delta": 0.003989}}
{"target": -1980.5931583237573, "params": {"gamma": 8.97860932595915, "lr": 0.4345949734085095}, "datetime": {"datetime": "2024-06-13 22:26:35", "elapsed": 2.065388, "delta": 0.003992}}
{"target": -674.5208709253645, "params": {"gamma": 2.35891055683799, "lr": 0.9408279632013994}, "datetime": {"datetime": "2024-06-13 22:26:35", "elapsed": 2.069377, "delta": 0.003989}}
{"target": -2253.8979328321097, "params": {"gamma": 6.842496291781293, "lr": 0.06491158533912933}, "datetime": {"datetime": "2024-06-13 22:26:35", "elapsed": 2.073366, "delta": 0.003989}}
{"target": -2075.659639023827, "params": {"gamma": 8.704378143373837, "lr": 0.7013802946333463}, "datetime": {"datetime": "2024-06-13 22:26:35", "elapsed": 2.076358, "delta": 0.002992}}
{"target": -1488.9532994454617, "params": {"gamma": 6.049663802869843, "lr": 0.7323748991793305}, "datetime": {"datetime": "2024-06-13 22:26:35", "elapsed": 2.080347, "delta": 0.003989}}
{"target": -601.6864131658667, "params": {"gamma": 2.535136985955308, "lr": 0.6004889552745444}, "datetime": {"datetime": "2024-06-13 22:26:35", "elapsed": 2.084275, "delta": 0.003928}}
{"target": -2675.628298605898, "params": {"gamma": 8.146377193435292, "lr": 0.05411366032399989}, "datetime": {"datetime": "2024-06-13 22:26:35", "elapsed": 2.089255, "delta": 0.00498}}
{"target": -381.83882367410837, "params": {"gamma": 1.3059762027213204, "lr": 0.8424458099564136}, "datetime": {"datetime": "2024-06-13 22:26:35", "elapsed": 2.093022, "delta": 0.003767}}
{"target": -1363.2981070326616, "params": {"gamma": 6.183840347409528, "lr": 0.531287810481058}, "datetime": {"datetime": "2024-06-13 22:26:35", "elapsed": 2.096536, "delta": 0.003514}}
{"target": -597.9466801031781, "params": {"gamma": 2.483658999241989, "lr": 0.2950785752494959}, "datetime": {"datetime": "2024-06-13 22:26:35", "elapsed": 2.100526, "delta": 0.00399}}
{"target": -1892.546484240534, "params": {"gamma": 8.726988963029699, "lr": 0.42166593484970927}, "datetime": {"datetime": "2024-06-13 22:26:35", "elapsed": 2.103517, "delta": 0.002991}}
{"target": -232.0660351428199, "params": {"gamma": 0.6452381255404884, "lr": 0.8969850695075825}, "datetime": {"datetime": "2024-06-13 22:26:35", "elapsed": 2.107981, "delta": 0.004464}}
{"target": -549.0545957540368, "params": {"gamma": 2.0346049474076864, "lr": 0.8262275354923914}, "datetime": {"datetime": "2024-06-13 22:26:35", "elapsed": 2.111971, "delta": 0.00399}}
{"target": -1930.206143048219, "params": {"gamma": 8.81782446020499, "lr": 0.48675074481833813}, "datetime": {"datetime": "2024-06-13 22:26:35", "elapsed": 2.116075, "delta": 0.004104}}
{"target": -1320.039706794064, "params": {"gamma": 5.98504846635326, "lr": 0.527267456485417}, "datetime": {"datetime": "2024-06-13 22:26:35", "elapsed": 2.120064, "delta": 0.003989}}
{"target": -1656.489201419385, "params": {"gamma": 6.248588120560806, "lr": 0.8550417213473515}, "datetime": {"datetime": "2024-06-13 22:26:35", "elapsed": 2.124053, "delta": 0.003989}}
{"target": -784.015938863099, "params": {"gamma": 2.8221123446002014, "lr": 0.8837555081806009}, "datetime": {"datetime": "2024-06-13 22:26:35", "elapsed": 2.128087, "delta": 0.004034}}
{"target": -1788.3527551384188, "params": {"gamma": 5.677335610861374, "lr": 0.11510304096690338}, "datetime": {"datetime": "2024-06-13 22:26:35", "elapsed": 2.131078, "delta": 0.002991}}
{"target": -531.9986524245907, "params": {"gamma": 2.270784650981365, "lr": 0.5959823856130138}, "datetime": {"datetime": "2024-06-13 22:26:35", "elapsed": 2.13528, "delta": 0.004202}}
{"target": -779.8949125005971, "params": {"gamma": 2.395222922809899, "lr": 0.13141566053746057}, "datetime": {"datetime": "2024-06-13 22:26:35", "elapsed": 2.13922, "delta": 0.00394}}
{"target": -459.6373713826644, "params": {"gamma": 1.6193152935242277, "lr": 0.8448725182357391}, "datetime": {"datetime": "2024-06-13 22:26:35", "elapsed": 2.14321, "delta": 0.00399}}
{"target": -1677.2102539780278, "params": {"gamma": 6.022234355273215, "lr": 0.9635670871883419}, "datetime": {"datetime": "2024-06-13 22:26:35", "elapsed": 2.146202, "delta": 0.002992}}
{"target": -792.5958790936834, "params": {"gamma": 3.4574464537469587, "lr": 0.5956250981349497}, "datetime": {"datetime": "2024-06-13 22:26:35", "elapsed": 2.150192, "delta": 0.00399}}
{"target": -1381.032479113867, "params": {"gamma": 5.9902539044452245, "lr": 0.6157042872039488}, "datetime": {"datetime": "2024-06-13 22:26:35", "elapsed": 2.154181, "delta": 0.003989}}
{"target": -209.8152127993512, "params": {"gamma": 0.5927128946500382, "lr": 0.7503171845746859}, "datetime": {"datetime": "2024-06-13 22:26:35", "elapsed": 2.15817, "delta": 0.003989}}
{"target": -2081.7802810812705, "params": {"gamma": 9.482146772378064, "lr": 0.5346790571795887}, "datetime": {"datetime": "2024-06-13 22:26:35", "elapsed": 2.162159, "delta": 0.003989}}
{"target": -508.19433642765097, "params": {"gamma": 1.926367653529729, "lr": 0.7529259149799422}, "datetime": {"datetime": "2024-06-13 22:26:35", "elapsed": 2.166151, "delta": 0.003992}}
{"target": -146.90324393334092, "params": {"gamma": 0.07418237430931014, "lr": 0.32825610365078084}, "datetime": {"datetime": "2024-06-13 22:26:35", "elapsed": 2.170138, "delta": 0.003987}}
{"target": -2067.629430506508, "params": {"gamma": 9.176145870096288, "lr": 0.5883673328938768}, "datetime": {"datetime": "2024-06-13 22:26:35", "elapsed": 2.174127, "delta": 0.003989}}
{"target": -1962.2141737975062, "params": {"gamma": 8.55204764875745, "lr": 0.6046720523491877}, "datetime": {"datetime": "2024-06-13 22:26:35", "elapsed": 2.177119, "delta": 0.002992}}
{"target": -2228.2943237929408, "params": {"gamma": 8.225958947086186, "lr": 0.8794835234293169}, "datetime": {"datetime": "2024-06-13 22:26:35", "elapsed": 2.181108, "delta": 0.003989}}
{"target": -1020.966566657757, "params": {"gamma": 3.210542758870008, "lr": 0.12295477155217849}, "datetime": {"datetime": "2024-06-13 22:26:35", "elapsed": 2.185099, "delta": 0.003991}}
{"target": -1593.2498138928406, "params": {"gamma": 7.213312138521522, "lr": 0.44034708683123824}, "datetime": {"datetime": "2024-06-13 22:26:35", "elapsed": 2.189087, "delta": 0.003988}}
{"target": -320.0287670291897, "params": {"gamma": 1.268230355710944, "lr": 0.5898236481098892}, "datetime": {"datetime": "2024-06-13 22:26:35", "elapsed": 2.193076, "delta": 0.003989}}
{"target": -171.51330943828228, "params": {"gamma": 0.36164707738402946, "lr": 0.20018211641098693}, "datetime": {"datetime": "2024-06-13 22:26:35", "elapsed": 2.196071, "delta": 0.002995}}
{"target": -2590.5090863953196, "params": {"gamma": 7.883223595490022, "lr": 0.012096760015357866}, "datetime": {"datetime": "2024-06-13 22:26:35", "elapsed": 2.201058, "delta": 0.004987}}
{"target": -1023.4263745064379, "params": {"gamma": 3.034153371413982, "lr": 0.021375961088070716}, "datetime": {"datetime": "2024-06-13 22:26:35", "elapsed": 2.205057, "delta": 0.003999}}
{"target": -2246.0983806053596, "params": {"gamma": 9.974852442290567, "lr": 0.5820299763434618}, "datetime": {"datetime": "2024-06-13 22:26:35", "elapsed": 2.208042, "delta": 0.002985}}
{"target": -830.607073336746, "params": {"gamma": 2.93446940858208, "lr": 0.9289494618931157}, "datetime": {"datetime": "2024-06-13 22:26:35", "elapsed": 2.212031, "delta": 0.003989}}
{"target": -1118.0585866799634, "params": {"gamma": 5.071687116058498, "lr": 0.4546922275524069}, "datetime": {"datetime": "2024-06-13 22:26:35", "elapsed": 2.216083, "delta": 0.004052}}
{"target": -1351.6920289025065, "params": {"gamma": 5.879127191455569, "lr": 0.2641376442105696}, "datetime": {"datetime": "2024-06-13 22:26:35", "elapsed": 2.220072, "delta": 0.003989}}
{"target": -713.1409243635619, "params": {"gamma": 3.0535777051749857, "lr": 0.37165457672418245}, "datetime": {"datetime": "2024-06-13 22:26:35", "elapsed": 2.224062, "delta": 0.00399}}
{"target": -569.9536487664499, "params": {"gamma": 2.4452355457167374, "lr": 0.5845472661166298}, "datetime": {"datetime": "2024-06-13 22:26:35", "elapsed": 2.228051, "delta": 0.003989}}
{"target": -2291.5017511837077, "params": {"gamma": 6.958765493189333, "lr": 0.07194722016400112}, "datetime": {"datetime": "2024-06-13 22:26:35", "elapsed": 2.232042, "delta": 0.003991}}
{"target": -2415.283235034725, "params": {"gamma": 9.710862112935013, "lr": 0.7530706558694549}, "datetime": {"datetime": "2024-06-13 22:26:35", "elapsed": 2.235869, "delta": 0.003827}}
{"target": -2009.7162479277392, "params": {"gamma": 8.061825466371129, "lr": 0.7516404040812905}, "datetime": {"datetime": "2024-06-13 22:26:35", "elapsed": 2.239858, "delta": 0.003989}}
{"target": -225.15744020133417, "params": {"gamma": 0.8015297117349018, "lr": 0.48169628302117706}, "datetime": {"datetime": "2024-06-13 22:26:35", "elapsed": 2.243847, "delta": 0.003989}}
{"target": -1067.743795536705, "params": {"gamma": 4.457283891060159, "lr": 0.6724726505249299}, "datetime": {"datetime": "2024-06-13 22:26:35", "elapsed": 2.247461, "delta": 0.003614}}
{"target": -1083.860838335983, "params": {"gamma": 4.487923850984395, "lr": 0.7043133983839096}, "datetime": {"datetime": "2024-06-13 22:26:35", "elapsed": 2.251446, "delta": 0.003985}}
{"target": -1617.715053481673, "params": {"gamma": 6.816771730688627, "lr": 0.6971485287527562}, "datetime": {"datetime": "2024-06-13 22:26:35", "elapsed": 2.255943, "delta": 0.004497}}
{"target": -1995.4658773082513, "params": {"gamma": 6.186388824872803, "lr": 0.15098073327964578}, "datetime": {"datetime": "2024-06-13 22:26:35", "elapsed": 2.258934, "delta": 0.002991}}
{"target": -1898.185227303824, "params": {"gamma": 7.608263760601256, "lr": 0.781045822193957}, "datetime": {"datetime": "2024-06-13 22:26:35", "elapsed": 2.262924, "delta": 0.00399}}
{"target": -2129.173555140439, "params": {"gamma": 9.041125756152136, "lr": 0.23376869260410593}, "datetime": {"datetime": "2024-06-13 22:26:35", "elapsed": 2.267077, "delta": 0.004153}}
{"target": -437.9368593850767, "params": {"gamma": 1.7676122518303419, "lr": 0.3910991231067624}, "datetime": {"datetime": "2024-06-13 22:26:35", "elapsed": 2.271066, "delta": 0.003989}}
{"target": -829.8785141121408, "params": {"gamma": 3.206325975297607, "lr": 0.8154769290056262}, "datetime": {"datetime": "2024-06-13 22:26:35", "elapsed": 2.275055, "delta": 0.003989}}
{"target": -1536.1809066015585, "params": {"gamma": 6.135645470784649, "lr": 0.7600017523497489}, "datetime": {"datetime": "2024-06-13 22:26:35", "elapsed": 2.279045, "delta": 0.00399}}
{"target": -1396.8777629645685, "params": {"gamma": 4.277223331869946, "lr": 0.09944056291558923}, "datetime": {"datetime": "2024-06-13 22:26:35", "elapsed": 2.283034, "delta": 0.003989}}
{"target": -296.4017103711328, "params": {"gamma": 1.151235085490412, "lr": 0.3734071317371953}, "datetime": {"datetime": "2024-06-13 22:26:35", "elapsed": 2.287023, "delta": 0.003989}}
{"target": -525.5590181637654, "params": {"gamma": 1.939283827327562, "lr": 0.8207464986229382}, "datetime": {"datetime": "2024-06-13 22:26:35", "elapsed": 2.291012, "delta": 0.003989}}
{"target": -1426.438215892903, "params": {"gamma": 5.996760448228745, "lr": 0.688845259018665}, "datetime": {"datetime": "2024-06-13 22:26:35", "elapsed": 2.294004, "delta": 0.002992}}
{"target": -1638.3547831543929, "params": {"gamma": 4.911608503081658, "lr": 0.08817368124218106}, "datetime": {"datetime": "2024-06-13 22:26:35", "elapsed": 2.297997, "delta": 0.003993}}
