{"target": -138.5769156405278, "params": {"gamma": 0.5287857773295865, "prior": 8.914019769519989, "rate": 4.045739285423598}, "datetime": {"datetime": "2024-06-14 08:53:18", "elapsed": 8.295224, "delta": 0.008976}}
{"target": -658.8888241047068, "params": {"gamma": 9.292802548221829, "prior": 4.080573920625559, "rate": 0.7692460154620339}, "datetime": {"datetime": "2024-06-14 08:53:18", "elapsed": 8.3042, "delta": 0.008976}}
{"target": -138.82030960821493, "params": {"gamma": 2.4537661400558073, "prior": 3.5675790065013078, "rate": 7.507532195259897}, "datetime": {"datetime": "2024-06-14 08:53:18", "elapsed": 8.314174, "delta": 0.009974}}
{"target": -128.28826674409532, "params": {"gamma": 1.8482967753404873, "prior": 4.366639171886156, "rate": 8.732580952739871}, "datetime": {"datetime": "2024-06-14 08:53:18", "elapsed": 8.32315, "delta": 0.008976}}
{"target": -377.88773020081965, "params": {"gamma": 5.338077152636459, "prior": 1.121231725515661, "rate": 0.24620034805926763}, "datetime": {"datetime": "2024-06-14 08:53:18", "elapsed": 8.333152, "delta": 0.010002}}
{"target": -330.0508508196418, "params": {"gamma": 7.058392201809326, "prior": 9.79336216048635, "rate": 7.851867464260117}, "datetime": {"datetime": "2024-06-14 08:53:18", "elapsed": 8.3421, "delta": 0.008948}}
{"target": -305.4809672296236, "params": {"gamma": 7.647497242257331, "prior": 6.786930405212397, "rate": 7.9552316002763535}, "datetime": {"datetime": "2024-06-14 08:53:18", "elapsed": 8.352102, "delta": 0.010002}}
{"target": -126.22681838192301, "params": {"gamma": 0.40113783894076427, "prior": 2.720348153996855, "rate": 6.9542799621795535}, "datetime": {"datetime": "2024-06-14 08:53:18", "elapsed": 8.361048, "delta": 0.008946}}
{"target": -577.50078785764, "params": {"gamma": 8.670016307747831, "prior": 6.778608030986559, "rate": 1.7635850037063328}, "datetime": {"datetime": "2024-06-14 08:53:18", "elapsed": 8.371022, "delta": 0.009974}}
{"target": -724.9969196578458, "params": {"gamma": 9.363148290996985, "prior": 9.043449131097443, "rate": 0.8677009826349238}, "datetime": {"datetime": "2024-06-14 08:53:18", "elapsed": 8.379998, "delta": 0.008976}}
{"target": -127.62555281096445, "params": {"gamma": 1.9308073757049558, "prior": 2.824411003044214, "rate": 7.384380294175464}, "datetime": {"datetime": "2024-06-14 08:53:18", "elapsed": 8.389971, "delta": 0.009973}}
{"target": -534.0470385134246, "params": {"gamma": 8.59387390968027, "prior": 5.825391635770356, "rate": 1.9972560609459706}, "datetime": {"datetime": "2024-06-14 08:53:18", "elapsed": 8.399947, "delta": 0.009976}}
{"target": -171.0381598977511, "params": {"gamma": 4.151483786326004, "prior": 1.4648060826146607, "rate": 9.174044472397386}, "datetime": {"datetime": "2024-06-14 08:53:18", "elapsed": 8.408923, "delta": 0.008976}}
{"target": -341.24203916323546, "params": {"gamma": 7.645544873164326, "prior": 5.151116954680168, "rate": 4.536296856665209}, "datetime": {"datetime": "2024-06-14 08:53:18", "elapsed": 8.418897, "delta": 0.009974}}
{"target": -143.72467892744694, "params": {"gamma": 0.9793229413773535, "prior": 3.2548860273732405, "rate": 1.2072073207786072}, "datetime": {"datetime": "2024-06-14 08:53:18", "elapsed": 8.427873, "delta": 0.008976}}
{"target": -461.2757595399915, "params": {"gamma": 7.823598295559239, "prior": 5.494348696094326, "rate": 2.2735465367701733}, "datetime": {"datetime": "2024-06-14 08:53:18", "elapsed": 8.437846, "delta": 0.009973}}
{"target": -144.21854182278054, "params": {"gamma": 2.242804189720107, "prior": 2.677942155406277, "rate": 3.0894186504102437}, "datetime": {"datetime": "2024-06-14 08:53:18", "elapsed": 8.446822, "delta": 0.008976}}
{"target": -168.12864785017888, "params": {"gamma": 3.8776636126823174, "prior": 3.0457344305346488, "rate": 6.795879389436971}, "datetime": {"datetime": "2024-06-14 08:53:18", "elapsed": 8.455798, "delta": 0.008976}}
{"target": -128.74276618117688, "params": {"gamma": 0.351701119431484, "prior": 3.3482921178205443, "rate": 7.4531734367072975}, "datetime": {"datetime": "2024-06-14 08:53:18", "elapsed": 8.465772, "delta": 0.009974}}
{"target": -606.0733766684825, "params": {"gamma": 9.428137042767773, "prior": 8.047052246559756, "rate": 2.4090212695059683}, "datetime": {"datetime": "2024-06-14 08:53:18", "elapsed": 8.475745, "delta": 0.009973}}
{"target": -132.91088089200582, "params": {"gamma": 2.329921768369933, "prior": 1.9843342677001725, "rate": 8.825092851051235}, "datetime": {"datetime": "2024-06-14 08:53:18", "elapsed": 8.48454, "delta": 0.008795}}
{"target": -187.83595821306994, "params": {"gamma": 2.3793190167249576, "prior": 7.605988171789962, "rate": 2.611236264315461}, "datetime": {"datetime": "2024-06-14 08:53:18", "elapsed": 8.493516, "delta": 0.008976}}
{"target": -134.48114943302755, "params": {"gamma": 0.3317853522317488, "prior": 7.3611322306807825, "rate": 7.262291896142214}, "datetime": {"datetime": "2024-06-14 08:53:18", "elapsed": 8.503492, "delta": 0.009976}}
{"target": -117.25089233926836, "params": {"gamma": 0.8905021504995737, "prior": 3.334342453503056, "rate": 9.483704536600037}, "datetime": {"datetime": "2024-06-14 08:53:18", "elapsed": 8.512468, "delta": 0.008976}}
{"target": -121.27090536956749, "params": {"gamma": 1.6303270368232625, "prior": 0.9580574792638101, "rate": 5.946444277228148}, "datetime": {"datetime": "2024-06-14 08:53:18", "elapsed": 8.522442, "delta": 0.009974}}
{"target": -290.49758163950185, "params": {"gamma": 9.309967663594373, "prior": 1.424405246656605, "rate": 5.130609924306518}, "datetime": {"datetime": "2024-06-14 08:53:18", "elapsed": 8.531418, "delta": 0.008976}}
{"target": -559.1285186484137, "params": {"gamma": 6.84030814195546, "prior": 1.8011146201075885, "rate": 0.11358767502840258}, "datetime": {"datetime": "2024-06-14 08:53:18", "elapsed": 8.541391, "delta": 0.009973}}
{"target": -286.4546004392415, "params": {"gamma": 8.876943621666769, "prior": 0.44878957946825926, "rate": 2.575325379792938}, "datetime": {"datetime": "2024-06-14 08:53:18", "elapsed": 8.551364, "delta": 0.009973}}
{"target": -559.7209440985654, "params": {"gamma": 6.5171886333749445, "prior": 2.929251040222046, "rate": 0.09806625815159087}, "datetime": {"datetime": "2024-06-14 08:53:18", "elapsed": 8.560341, "delta": 0.008977}}
{"target": -330.2518145327004, "params": {"gamma": 5.754942892815359, "prior": 3.147143555513635, "rate": 1.5159891044593792}, "datetime": {"datetime": "2024-06-14 08:53:18", "elapsed": 8.570314, "delta": 0.009973}}
{"target": -302.1743202491227, "params": {"gamma": 9.712861834014069, "prior": 1.7332254521996295, "rate": 7.272627175991628}, "datetime": {"datetime": "2024-06-14 08:53:18", "elapsed": 8.57929, "delta": 0.008976}}
{"target": -617.5131281546871, "params": {"gamma": 8.907351190743636, "prior": 8.601279645696758, "rate": 1.8433864145173096}, "datetime": {"datetime": "2024-06-14 08:53:18", "elapsed": 8.589264, "delta": 0.009974}}
{"target": -138.311182132605, "params": {"gamma": 2.3688485284086984, "prior": 0.2817901013754669, "rate": 9.314123267181278}, "datetime": {"datetime": "2024-06-14 08:53:18", "elapsed": 8.598239, "delta": 0.008975}}
{"target": -633.1550452863444, "params": {"gamma": 8.871324645396406, "prior": 5.995115072798474, "rate": 1.0945671874130298}, "datetime": {"datetime": "2024-06-14 08:53:18", "elapsed": 8.608212, "delta": 0.009973}}
{"target": -156.94455897039927, "params": {"gamma": 1.736252925778173, "prior": 5.811907672232824, "rate": 2.5173180780279494}, "datetime": {"datetime": "2024-06-14 08:53:18", "elapsed": 8.61718, "delta": 0.008968}}
{"target": -166.04268721570367, "params": {"gamma": 3.0024181605272484, "prior": 1.792774754535882, "rate": 1.8967275990085757}, "datetime": {"datetime": "2024-06-14 08:53:18", "elapsed": 8.627153, "delta": 0.009973}}
{"target": -219.30659099233003, "params": {"gamma": 4.634748122750124, "prior": 5.1477523290215155, "rate": 5.116287316757662}, "datetime": {"datetime": "2024-06-14 08:53:18", "elapsed": 8.636129, "delta": 0.008976}}
{"target": -314.16385531581636, "params": {"gamma": 9.971390854869842, "prior": 1.3829985909743843, "rate": 7.561942713988967}, "datetime": {"datetime": "2024-06-14 08:53:18", "elapsed": 8.645105, "delta": 0.008976}}
{"target": -369.52431132079096, "params": {"gamma": 7.937773715501701, "prior": 5.890337727828154, "rate": 4.627919064512984}, "datetime": {"datetime": "2024-06-14 08:53:18", "elapsed": 8.655079, "delta": 0.009974}}
{"target": -719.7172952097225, "params": {"gamma": 8.934372946865443, "prior": 8.298984168823933, "rate": 0.5038590693510084}, "datetime": {"datetime": "2024-06-14 08:53:18", "elapsed": 8.664054, "delta": 0.008975}}
{"target": -350.09186764762967, "params": {"gamma": 9.629874547125452, "prior": 0.17266492836107364, "rate": 5.731748914634736}, "datetime": {"datetime": "2024-06-14 08:53:18", "elapsed": 8.674028, "delta": 0.009974}}
{"target": -333.46112553427696, "params": {"gamma": 5.7247357384538, "prior": 8.360358681426117, "rate": 3.8477759631858306}, "datetime": {"datetime": "2024-06-14 08:53:18", "elapsed": 8.683004, "delta": 0.008976}}
{"target": -177.05579251286477, "params": {"gamma": 0.911317649590776, "prior": 5.858703966752355, "rate": 0.24943375777694893}, "datetime": {"datetime": "2024-06-14 08:53:18", "elapsed": 8.692977, "delta": 0.009973}}
{"target": -192.29821687770882, "params": {"gamma": 3.618595813310707, "prior": 9.854636340644698, "rate": 8.687919916680645}, "datetime": {"datetime": "2024-06-14 08:53:18", "elapsed": 8.701955, "delta": 0.008978}}
{"target": -132.1777108451539, "params": {"gamma": 1.525814920870293, "prior": 8.008378281655215, "rate": 8.110158197295846}, "datetime": {"datetime": "2024-06-14 08:53:18", "elapsed": 8.711929, "delta": 0.009974}}
{"target": -300.11630599491235, "params": {"gamma": 9.282143984052633, "prior": 2.3214042338354473, "rate": 4.990175777525101}, "datetime": {"datetime": "2024-06-14 08:53:18", "elapsed": 8.720906, "delta": 0.008977}}
{"target": -365.28933310323237, "params": {"gamma": 8.274613470019348, "prior": 6.706604471482155, "rate": 5.939767497694312}, "datetime": {"datetime": "2024-06-14 08:53:18", "elapsed": 8.730878, "delta": 0.009972}}
{"target": -509.63869623711736, "params": {"gamma": 6.520106231886649, "prior": 2.461308526710229, "rate": 0.2563753086730316}, "datetime": {"datetime": "2024-06-14 08:53:18", "elapsed": 8.740852, "delta": 0.009974}}
{"target": -300.0547325043609, "params": {"gamma": 7.362836317207894, "prior": 3.3352390707756885, "rate": 3.7681921123145443}, "datetime": {"datetime": "2024-06-14 08:53:18", "elapsed": 8.749827, "delta": 0.008975}}
{"target": -397.9034604489634, "params": {"gamma": 6.126547925441392, "prior": 6.605933919398819, "rate": 2.0297861073278014}, "datetime": {"datetime": "2024-06-14 08:53:18", "elapsed": 8.758804, "delta": 0.008977}}
{"target": -291.4631045237885, "params": {"gamma": 8.260489346916343, "prior": 3.864045391930247, "rate": 6.317812340605414}, "datetime": {"datetime": "2024-06-14 08:53:18", "elapsed": 8.768778, "delta": 0.009974}}
{"target": -485.88342489529697, "params": {"gamma": 9.664147745107453, "prior": 5.691383729139698, "rate": 3.58975250674678}, "datetime": {"datetime": "2024-06-14 08:53:18", "elapsed": 8.778779, "delta": 0.010001}}
{"target": -283.4325197857612, "params": {"gamma": 6.1900821172926825, "prior": 5.067751868825378, "rate": 4.524310101530738}, "datetime": {"datetime": "2024-06-14 08:53:18", "elapsed": 8.787726, "delta": 0.008947}}
{"target": -402.0277610139898, "params": {"gamma": 7.32297507682793, "prior": 9.252650484842617, "rate": 4.793234881420612}, "datetime": {"datetime": "2024-06-14 08:53:19", "elapsed": 8.797701, "delta": 0.009975}}
{"target": -140.0068061291631, "params": {"gamma": 0.8832132798499579, "prior": 5.739570211172332, "rate": 2.450263600293229}, "datetime": {"datetime": "2024-06-14 08:53:19", "elapsed": 8.807182, "delta": 0.009481}}
{"target": -142.58724633043553, "params": {"gamma": 0.3967395368422162, "prior": 7.902588045772463, "rate": 2.728409598411216}, "datetime": {"datetime": "2024-06-14 08:53:19", "elapsed": 8.816158, "delta": 0.008976}}
{"target": -392.0098575666406, "params": {"gamma": 7.7709278589308965, "prior": 4.933268536573228, "rate": 3.1800409748600784}, "datetime": {"datetime": "2024-06-14 08:53:19", "elapsed": 8.826132, "delta": 0.009974}}
{"target": -151.12667527508685, "params": {"gamma": 3.1409404750589167, "prior": 0.516045124852533, "rate": 5.344463969208603}, "datetime": {"datetime": "2024-06-14 08:53:19", "elapsed": 8.835108, "delta": 0.008976}}
{"target": -325.56458566324056, "params": {"gamma": 8.235692008411606, "prior": 0.9305639897438418, "rate": 1.0864784973815673}, "datetime": {"datetime": "2024-06-14 08:53:19", "elapsed": 8.845081, "delta": 0.009973}}
{"target": -237.58329980327542, "params": {"gamma": 5.293030012750302, "prior": 6.635403915273608, "rate": 6.947765177374281}, "datetime": {"datetime": "2024-06-14 08:53:19", "elapsed": 8.854057, "delta": 0.008976}}
{"target": -150.20843227589694, "params": {"gamma": 3.1329037297737132, "prior": 0.47399998048085035, "rate": 4.146214234044257}, "datetime": {"datetime": "2024-06-14 08:53:19", "elapsed": 8.86403, "delta": 0.009973}}
{"target": -137.75445129362103, "params": {"gamma": 2.2612156645820662, "prior": 0.11103681949882596, "rate": 6.857480005685141}, "datetime": {"datetime": "2024-06-14 08:53:19", "elapsed": 8.873007, "delta": 0.008977}}
{"target": -444.33746837811515, "params": {"gamma": 9.520673328006277, "prior": 3.9724024292967792, "rate": 3.0036839952852596}, "datetime": {"datetime": "2024-06-14 08:53:19", "elapsed": 8.88298, "delta": 0.009973}}
{"target": -255.4056085487203, "params": {"gamma": 5.537964374290343, "prior": 8.534564954842326, "rate": 7.9498792795045405}, "datetime": {"datetime": "2024-06-14 08:53:19", "elapsed": 8.892954, "delta": 0.009974}}
{"target": -254.88943881037602, "params": {"gamma": 6.847882293080787, "prior": 4.377860203867094, "rate": 6.904649764523284}, "datetime": {"datetime": "2024-06-14 08:53:19", "elapsed": 8.902435, "delta": 0.009481}}
{"target": -131.42018327350186, "params": {"gamma": 2.161037487164819, "prior": 2.911040034677843, "rate": 7.778428288392944}, "datetime": {"datetime": "2024-06-14 08:53:19", "elapsed": 8.912408, "delta": 0.009973}}
{"target": -329.83808139943204, "params": {"gamma": 9.299871383327218, "prior": 1.9814900858052293, "rate": 2.9613368308929076}, "datetime": {"datetime": "2024-06-14 08:53:19", "elapsed": 8.921384, "delta": 0.008976}}
{"target": -146.89103787074882, "params": {"gamma": 0.06309646163797043, "prior": 4.372466228275976, "rate": 2.103740422454257}, "datetime": {"datetime": "2024-06-14 08:53:19", "elapsed": 8.931357, "delta": 0.009973}}
{"target": -470.75303836258666, "params": {"gamma": 6.414606400753661, "prior": 7.124933235213273, "rate": 1.188658366270452}, "datetime": {"datetime": "2024-06-14 08:53:19", "elapsed": 8.941331, "delta": 0.009974}}
{"target": -139.4618616566628, "params": {"gamma": 0.8223578763172843, "prior": 9.072717188845324, "rate": 3.8929983086548985}, "datetime": {"datetime": "2024-06-14 08:53:19", "elapsed": 8.950306, "delta": 0.008975}}
{"target": -262.42959084713783, "params": {"gamma": 5.334501569162878, "prior": 9.636091492645338, "rate": 7.590781068151137}, "datetime": {"datetime": "2024-06-14 08:53:19", "elapsed": 8.96028, "delta": 0.009974}}
{"target": -151.246608107678, "params": {"gamma": 3.256077435692296, "prior": 0.9499080810909061, "rate": 5.360704142867423}, "datetime": {"datetime": "2024-06-14 08:53:19", "elapsed": 8.969256, "delta": 0.008976}}
{"target": -160.50200135976004, "params": {"gamma": 3.3619183039303744, "prior": 0.31468550480840884, "rate": 7.711752180204535}, "datetime": {"datetime": "2024-06-14 08:53:19", "elapsed": 8.979233, "delta": 0.009977}}
{"target": -181.68293179582022, "params": {"gamma": 3.849706389409975, "prior": 5.756079385581481, "rate": 7.557672815106508}, "datetime": {"datetime": "2024-06-14 08:53:19", "elapsed": 8.989203, "delta": 0.00997}}
{"target": -512.8377790957338, "params": {"gamma": 9.408533351590556, "prior": 6.161991152977763, "rate": 3.1546463916226513}, "datetime": {"datetime": "2024-06-14 08:53:19", "elapsed": 8.999268, "delta": 0.010065}}
{"target": -116.34017587888115, "params": {"gamma": 1.1016550019623323, "prior": 0.8317969903215949, "rate": 3.197588047953422}, "datetime": {"datetime": "2024-06-14 08:53:19", "elapsed": 9.009239, "delta": 0.009971}}
{"target": -430.6891996458169, "params": {"gamma": 6.608730550421095, "prior": 6.982005440804134, "rate": 2.0779726825898135}, "datetime": {"datetime": "2024-06-14 08:53:19", "elapsed": 9.019212, "delta": 0.009973}}
{"target": -120.67140772569971, "params": {"gamma": 0.8288765899448861, "prior": 3.1245555467317083, "rate": 5.476198023985873}, "datetime": {"datetime": "2024-06-14 08:53:19", "elapsed": 9.028188, "delta": 0.008976}}
{"target": -408.2724893012855, "params": {"gamma": 7.546942075074172, "prior": 5.343607473643421, "rate": 2.8705505437179983}, "datetime": {"datetime": "2024-06-14 08:53:19", "elapsed": 9.038161, "delta": 0.009973}}
{"target": -221.22157257145201, "params": {"gamma": 6.242173052915846, "prior": 2.7218828862443387, "rate": 6.527276450430897}, "datetime": {"datetime": "2024-06-14 08:53:19", "elapsed": 9.047138, "delta": 0.008977}}
{"target": -371.9562175915475, "params": {"gamma": 8.419138180259552, "prior": 6.425583421647474, "rate": 5.656749058298363}, "datetime": {"datetime": "2024-06-14 08:53:19", "elapsed": 9.05711, "delta": 0.009972}}
{"target": -165.9022760578542, "params": {"gamma": 3.072113950599342, "prior": 8.780092695385816, "rate": 9.888230025288278}, "datetime": {"datetime": "2024-06-14 08:53:19", "elapsed": 9.067084, "delta": 0.009974}}
{"target": -526.6508973763032, "params": {"gamma": 7.775016832668201, "prior": 5.779074189947149, "rate": 1.4136520470773757}, "datetime": {"datetime": "2024-06-14 08:53:19", "elapsed": 9.077057, "delta": 0.009973}}
{"target": -182.23040568851428, "params": {"gamma": 3.1499752949036433, "prior": 3.731907254052719, "rate": 2.9196603150536307}, "datetime": {"datetime": "2024-06-14 08:53:19", "elapsed": 9.087031, "delta": 0.009974}}
{"target": -290.6230522021258, "params": {"gamma": 4.46008219467453, "prior": 6.145261916989693, "rate": 2.129932990561121}, "datetime": {"datetime": "2024-06-14 08:53:19", "elapsed": 9.096008, "delta": 0.008977}}
{"target": -137.95252788675032, "params": {"gamma": 2.4983477831127514, "prior": 1.2102897838888582, "rate": 3.07657830315885}, "datetime": {"datetime": "2024-06-14 08:53:19", "elapsed": 9.105981, "delta": 0.009973}}
{"target": -195.69308709301256, "params": {"gamma": 4.9749853375678486, "prior": 4.949097068629873, "rate": 9.955776541252115}, "datetime": {"datetime": "2024-06-14 08:53:19", "elapsed": 9.115953, "delta": 0.009972}}
{"target": -312.4298969995286, "params": {"gamma": 9.811104522073206, "prior": 4.421971439643317, "rate": 9.720234197281384}, "datetime": {"datetime": "2024-06-14 08:53:19", "elapsed": 9.12493, "delta": 0.008977}}
{"target": -149.83726175813746, "params": {"gamma": 2.1447646438539647, "prior": 5.457096772478638, "rate": 4.534899709382847}, "datetime": {"datetime": "2024-06-14 08:53:19", "elapsed": 9.134902, "delta": 0.009972}}
{"target": -645.4818711046787, "params": {"gamma": 9.67612136622795, "prior": 8.37814460904005, "rate": 2.142255100882632}, "datetime": {"datetime": "2024-06-14 08:53:19", "elapsed": 9.144877, "delta": 0.009975}}
{"target": -175.9518871272956, "params": {"gamma": 4.395951482451757, "prior": 1.7679220192998268, "rate": 5.29134301734205}, "datetime": {"datetime": "2024-06-14 08:53:19", "elapsed": 9.153882, "delta": 0.009005}}
{"target": -257.83833877699834, "params": {"gamma": 7.935053256996167, "prior": 0.45520357476356577, "rate": 1.9143974164796644}, "datetime": {"datetime": "2024-06-14 08:53:19", "elapsed": 9.163825, "delta": 0.009943}}
{"target": -508.080705188752, "params": {"gamma": 9.77457818836577, "prior": 9.611893329604383, "rate": 5.566359999361917}, "datetime": {"datetime": "2024-06-14 08:53:19", "elapsed": 9.172803, "delta": 0.008978}}
{"target": -221.90725961049174, "params": {"gamma": 6.461261124237896, "prior": 2.7937208415034163, "rate": 9.520958766042686}, "datetime": {"datetime": "2024-06-14 08:53:19", "elapsed": 9.182774, "delta": 0.009971}}
{"target": -594.8936083654202, "params": {"gamma": 6.698078288466073, "prior": 6.701399151873741, "rate": 0.11202223036585872}, "datetime": {"datetime": "2024-06-14 08:53:19", "elapsed": 9.191751, "delta": 0.008977}}
{"target": -376.87840516709593, "params": {"gamma": 8.529845528647078, "prior": 7.805429564933998, "rate": 6.849555045051163}, "datetime": {"datetime": "2024-06-14 08:53:19", "elapsed": 9.201312, "delta": 0.009561}}
{"target": -245.2593529047844, "params": {"gamma": 7.4080773483828315, "prior": 1.6500670035239342, "rate": 7.188031753433652}, "datetime": {"datetime": "2024-06-14 08:53:19", "elapsed": 9.211278, "delta": 0.009966}}
{"target": -191.63162990714528, "params": {"gamma": 0.9690872885214075, "prior": 7.098799535582478, "rate": 0.027315329458906884}, "datetime": {"datetime": "2024-06-14 08:53:19", "elapsed": 9.221251, "delta": 0.009973}}
{"target": -458.5393506884576, "params": {"gamma": 7.76228166881635, "prior": 4.96641612933724, "rate": 2.044664276112351}, "datetime": {"datetime": "2024-06-14 08:53:19", "elapsed": 9.230228, "delta": 0.008977}}
{"target": -243.4307584951878, "params": {"gamma": 7.292736897839507, "prior": 3.2249759046532924, "rate": 8.83829208238512}, "datetime": {"datetime": "2024-06-14 08:53:19", "elapsed": 9.240201, "delta": 0.009973}}
{"target": -136.90816504039108, "params": {"gamma": 1.803155018796988, "prior": 9.39165147743165, "rate": 9.707530730383564}, "datetime": {"datetime": "2024-06-14 08:53:19", "elapsed": 9.249717, "delta": 0.009516}}
