{"target": -534.8989269139768, "params": {"gamma": 2.575325379792938, "lr": 0.6516840317406685}, "datetime": {"datetime": "2024-06-14 01:34:36", "elapsed": 5.850343, "delta": 0.003989}}
{"target": -1380.9628025774653, "params": {"gamma": 2.8585435506242662, "lr": 0.009707596574816568}, "datetime": {"datetime": "2024-06-14 01:34:36", "elapsed": 5.85533, "delta": 0.004987}}
{"target": -1036.0839881552756, "params": {"gamma": 5.754942892815359, "lr": 0.30779227833471057}, "datetime": {"datetime": "2024-06-14 01:34:36", "elapsed": 5.859319, "delta": 0.003989}}
{"target": -409.23788651639046, "params": {"gamma": 1.5159891044593792, "lr": 0.9712833117325801}, "datetime": {"datetime": "2024-06-14 01:34:36", "elapsed": 5.864306, "delta": 0.004987}}
{"target": -391.1219655581139, "params": {"gamma": 1.6505577067216257, "lr": 0.7272354411432771}, "datetime": {"datetime": "2024-06-14 01:34:36", "elapsed": 5.869292, "delta": 0.004986}}
{"target": -2179.821846924422, "params": {"gamma": 8.907351190743636, "lr": 0.8587151157269453}, "datetime": {"datetime": "2024-06-14 01:34:36", "elapsed": 5.873282, "delta": 0.00399}}
{"target": -506.85898365585433, "params": {"gamma": 1.8433864145173096, "lr": 0.23680853369423926}, "datetime": {"datetime": "2024-06-14 01:34:36", "elapsed": 5.878268, "delta": 0.004986}}
{"target": -147.09409078603028, "params": {"gamma": 0.1846080023892216, "lr": 0.9314054672648543}, "datetime": {"datetime": "2024-06-14 01:34:36", "elapsed": 5.883255, "delta": 0.004987}}
{"target": -1796.1414700941784, "params": {"gamma": 8.871324645396406, "lr": 0.5954661689695429}, "datetime": {"datetime": "2024-06-14 01:34:36", "elapsed": 5.887244, "delta": 0.003989}}
{"target": -441.33062645537393, "params": {"gamma": 1.0945671874130298, "lr": 0.17354264684250154}, "datetime": {"datetime": "2024-06-14 01:34:36", "elapsed": 5.892231, "delta": 0.004987}}
{"target": -1240.7008010050024, "params": {"gamma": 5.770026748955153, "lr": 0.25165697350014493}, "datetime": {"datetime": "2024-06-14 01:34:36", "elapsed": 5.89622, "delta": 0.003989}}
{"target": -1149.3768943663401, "params": {"gamma": 3.0024181605272484, "lr": 0.17098734894301837}, "datetime": {"datetime": "2024-06-14 01:34:36", "elapsed": 5.901207, "delta": 0.004987}}
{"target": -378.34086692125345, "params": {"gamma": 1.8967275990085757, "lr": 0.4634211543904514}, "datetime": {"datetime": "2024-06-14 01:34:36", "elapsed": 5.905197, "delta": 0.00399}}
{"target": -1028.7685279089997, "params": {"gamma": 5.099229852311732, "lr": 0.5115798896647326}, "datetime": {"datetime": "2024-06-14 01:34:36", "elapsed": 5.910183, "delta": 0.004986}}
{"target": -3558.561250081541, "params": {"gamma": 9.971390854869842, "lr": 0.1295958172701398}, "datetime": {"datetime": "2024-06-14 01:34:36", "elapsed": 5.91517, "delta": 0.004987}}
{"target": -1709.9082037076214, "params": {"gamma": 7.561942713988967, "lr": 0.7937567472248925}, "datetime": {"datetime": "2024-06-14 01:34:37", "elapsed": 5.919159, "delta": 0.003989}}
{"target": -1083.6184906531594, "params": {"gamma": 5.849241105106437, "lr": 0.4627381802693252}, "datetime": {"datetime": "2024-06-14 01:34:37", "elapsed": 5.924146, "delta": 0.004987}}
{"target": -2082.8819688375074, "params": {"gamma": 8.934372946865443, "lr": 0.8281802190731247}, "datetime": {"datetime": "2024-06-14 01:34:37", "elapsed": 5.928135, "delta": 0.003989}}
{"target": -186.4968941760629, "params": {"gamma": 0.5038590693510084, "lr": 0.962983753087854}, "datetime": {"datetime": "2024-06-14 01:34:37", "elapsed": 5.933122, "delta": 0.004987}}
{"target": -145.83602902819175, "params": {"gamma": 0.07439157764468438, "lr": 0.5731322046839419}, "datetime": {"datetime": "2024-06-14 01:34:37", "elapsed": 5.937112, "delta": 0.00399}}
{"target": -1359.5119180118184, "params": {"gamma": 5.7247357384538, "lr": 0.8343796647905168}, "datetime": {"datetime": "2024-06-14 01:34:37", "elapsed": 5.942098, "delta": 0.004986}}
{"target": -1775.1771644649073, "params": {"gamma": 3.8477759631858306, "lr": 0.09104086904598219}, "datetime": {"datetime": "2024-06-14 01:34:37", "elapsed": 5.947084, "delta": 0.004986}}
{"target": -2797.8100128110104, "params": {"gamma": 5.81729100641988, "lr": 0.024845860363731265}, "datetime": {"datetime": "2024-06-14 01:34:37", "elapsed": 5.951074, "delta": 0.00399}}
{"target": -931.392145594715, "params": {"gamma": 3.618595813310707, "lr": 0.9853168020853229}, "datetime": {"datetime": "2024-06-14 01:34:37", "elapsed": 5.956061, "delta": 0.004987}}
{"target": -3211.0257349028493, "params": {"gamma": 8.687919916680645, "lr": 0.15249674176120542}, "datetime": {"datetime": "2024-06-14 01:34:37", "elapsed": 5.961047, "delta": 0.004986}}
{"target": -1839.9562950257741, "params": {"gamma": 7.988462064471767, "lr": 0.8109969194215267}, "datetime": {"datetime": "2024-06-14 01:34:37", "elapsed": 5.966034, "delta": 0.004987}}
{"target": -2468.783640588711, "params": {"gamma": 9.282143984052633, "lr": 0.22438426604398454}, "datetime": {"datetime": "2024-06-14 01:34:37", "elapsed": 5.971021, "delta": 0.004987}}
{"target": -1170.232270894216, "params": {"gamma": 4.990175777525101, "lr": 0.8274440914110759}, "datetime": {"datetime": "2024-06-14 01:34:37", "elapsed": 5.97501, "delta": 0.003989}}
{"target": -1355.7703061888778, "params": {"gamma": 6.673670516196978, "lr": 0.5939361433837695}, "datetime": {"datetime": "2024-06-14 01:34:37", "elapsed": 5.979997, "delta": 0.004987}}
{"target": -1736.911995562976, "params": {"gamma": 6.520106231886649, "lr": 0.23851601279901302}, "datetime": {"datetime": "2024-06-14 01:34:37", "elapsed": 5.984983, "delta": 0.004986}}
{"target": -150.26100540987272, "params": {"gamma": 0.2563753086730316, "lr": 0.736257257446534}, "datetime": {"datetime": "2024-06-14 01:34:37", "elapsed": 5.988973, "delta": 0.00399}}
{"target": -639.8167791056834, "params": {"gamma": 3.268591461483445, "lr": 0.3767568869201464}, "datetime": {"datetime": "2024-06-14 01:34:37", "elapsed": 5.993959, "delta": 0.004986}}
{"target": -1235.725652043116, "params": {"gamma": 6.126547925441392, "lr": 0.657165042363517}, "datetime": {"datetime": "2024-06-14 01:34:37", "elapsed": 5.998946, "delta": 0.004987}}
{"target": -492.25490155830767, "params": {"gamma": 2.0297861073278014, "lr": 0.8260315378454188}, "datetime": {"datetime": "2024-06-14 01:34:37", "elapsed": 6.002935, "delta": 0.003989}}
{"target": -780.935221387897, "params": {"gamma": 3.802685845849549, "lr": 0.6317444085013915}, "datetime": {"datetime": "2024-06-14 01:34:37", "elapsed": 6.007922, "delta": 0.004987}}
{"target": -1921.9490597566294, "params": {"gamma": 9.664147745107453, "lr": 0.5647862352666362}, "datetime": {"datetime": "2024-06-14 01:34:37", "elapsed": 6.012909, "delta": 0.004987}}
{"target": -731.5286051199935, "params": {"gamma": 3.58975250674678, "lr": 0.6189701087401422}, "datetime": {"datetime": "2024-06-14 01:34:37", "elapsed": 6.016898, "delta": 0.003989}}
{"target": -933.661911523017, "params": {"gamma": 5.018429387513632, "lr": 0.45237624777785157}, "datetime": {"datetime": "2024-06-14 01:34:37", "elapsed": 6.021885, "delta": 0.004987}}
{"target": -1868.3865101228764, "params": {"gamma": 7.32297507682793, "lr": 0.9245101499841026}, "datetime": {"datetime": "2024-06-14 01:34:37", "elapsed": 6.026871, "delta": 0.004986}}
{"target": -2256.627011067105, "params": {"gamma": 4.793234881420612, "lr": 0.08823015100009579}, "datetime": {"datetime": "2024-06-14 01:34:37", "elapsed": 6.031858, "delta": 0.004987}}
{"target": -1518.873926131396, "params": {"gamma": 5.696965913284056, "lr": 0.2449508551148344}, "datetime": {"datetime": "2024-06-14 01:34:37", "elapsed": 6.035847, "delta": 0.003989}}
{"target": -163.62852531234975, "params": {"gamma": 0.3967395368422162, "lr": 0.7881402066436831}, "datetime": {"datetime": "2024-06-14 01:34:37", "elapsed": 6.040384, "delta": 0.004537}}
{"target": -627.0903056570122, "params": {"gamma": 2.728409598411216, "lr": 0.7770704929423838}, "datetime": {"datetime": "2024-06-14 01:34:37", "elapsed": 6.045371, "delta": 0.004987}}
{"target": -884.3456424110311, "params": {"gamma": 4.882601221938961, "lr": 0.31793589107511533}, "datetime": {"datetime": "2024-06-14 01:34:37", "elapsed": 6.04936, "delta": 0.003989}}
{"target": -1515.88079808845, "params": {"gamma": 3.1409404750589167, "lr": 0.04202476008611444}, "datetime": {"datetime": "2024-06-14 01:34:37", "elapsed": 6.054347, "delta": 0.004987}}
{"target": -1252.126371853632, "params": {"gamma": 5.344463969208603, "lr": 0.8235515559967603}, "datetime": {"datetime": "2024-06-14 01:34:37", "elapsed": 6.059334, "delta": 0.004987}}
{"target": -409.6172617228413, "params": {"gamma": 0.8398696296412803, "lr": 0.10855870560871761}, "datetime": {"datetime": "2024-06-14 01:34:37", "elapsed": 6.06432, "delta": 0.004986}}
{"target": -1070.2360620770194, "params": {"gamma": 5.293030012750302, "lr": 0.6601418096235968}, "datetime": {"datetime": "2024-06-14 01:34:37", "elapsed": 6.068309, "delta": 0.003989}}
{"target": -1243.9004559244117, "params": {"gamma": 6.947765177374281, "lr": 0.313221695146886}, "datetime": {"datetime": "2024-06-14 01:34:37", "elapsed": 6.073296, "delta": 0.004987}}
{"target": -156.44395532698445, "params": {"gamma": 0.37873998028565886, "lr": 0.4145628796923949}, "datetime": {"datetime": "2024-06-14 01:34:37", "elapsed": 6.078283, "delta": 0.004987}}
{"target": -1096.2210538621237, "params": {"gamma": 2.2612156645820662, "lr": 0.0011148302524066622}, "datetime": {"datetime": "2024-06-14 01:34:37", "elapsed": 6.08327, "delta": 0.004987}}
{"target": -1750.4512429660872, "params": {"gamma": 6.857480005685141, "lr": 0.9520625390545332}, "datetime": {"datetime": "2024-06-14 01:34:37", "elapsed": 6.088256, "delta": 0.004986}}
{"target": -716.0820023036937, "params": {"gamma": 3.9121264535897473, "lr": 0.3002984293714631}, "datetime": {"datetime": "2024-06-14 01:34:37", "elapsed": 6.092245, "delta": 0.003989}}
{"target": -1315.7709605041894, "params": {"gamma": 5.537964374290343, "lr": 0.8519762580648814}, "datetime": {"datetime": "2024-06-14 01:34:37", "elapsed": 6.097232, "delta": 0.004987}}
{"target": -1735.1600802095868, "params": {"gamma": 7.9498792795045405, "lr": 0.6847567049785765}, "datetime": {"datetime": "2024-06-14 01:34:37", "elapsed": 6.102219, "delta": 0.004987}}
{"target": -950.9493034875657, "params": {"gamma": 4.321638805905765, "lr": 0.6904340198543137}, "datetime": {"datetime": "2024-06-14 01:34:37", "elapsed": 6.106208, "delta": 0.003989}}
{"target": -483.03963411508875, "params": {"gamma": 2.161037487164819, "lr": 0.28394343784624676}, "datetime": {"datetime": "2024-06-14 01:34:37", "elapsed": 6.111196, "delta": 0.004988}}
{"target": -1983.7935012433345, "params": {"gamma": 7.778428288392944, "lr": 0.9299801363463566}, "datetime": {"datetime": "2024-06-14 01:34:37", "elapsed": 6.116181, "delta": 0.004985}}
{"target": -377.09256230106314, "params": {"gamma": 1.9013049866632814, "lr": 0.29606328941823257}, "datetime": {"datetime": "2024-06-14 01:34:37", "elapsed": 6.121168, "delta": 0.004987}}
{"target": -146.79162056620498, "params": {"gamma": 0.06309646163797043, "lr": 0.43156224528040166}, "datetime": {"datetime": "2024-06-14 01:34:37", "elapsed": 6.126155, "delta": 0.004987}}
{"target": -444.2159480053044, "params": {"gamma": 2.103740422454257, "lr": 0.6414247825536215}, "datetime": {"datetime": "2024-06-14 01:34:37", "elapsed": 6.131141, "delta": 0.004986}}
{"target": -2812.4764497836827, "params": {"gamma": 7.096182567565407, "lr": 0.11877771439848506}, "datetime": {"datetime": "2024-06-14 01:34:37", "elapsed": 6.135131, "delta": 0.00399}}
{"target": -245.74493669835462, "params": {"gamma": 0.8223578763172843, "lr": 0.9063350695803358}, "datetime": {"datetime": "2024-06-14 01:34:37", "elapsed": 6.13973, "delta": 0.004599}}
{"target": -791.240668692447, "params": {"gamma": 3.8929983086548985, "lr": 0.5334034972660143}, "datetime": {"datetime": "2024-06-14 01:34:37", "elapsed": 6.144709, "delta": 0.004979}}
{"target": -2159.1982614034464, "params": {"gamma": 9.632452407571792, "lr": 0.7590540122163353}, "datetime": {"datetime": "2024-06-14 01:34:37", "elapsed": 6.149696, "delta": 0.004987}}
{"target": -1536.7390860647993, "params": {"gamma": 3.256077435692296, "lr": 0.08584930112029354}, "datetime": {"datetime": "2024-06-14 01:34:37", "elapsed": 6.153685, "delta": 0.003989}}
{"target": -1060.5752321393318, "params": {"gamma": 5.360704142867423, "lr": 0.33612544293733115}, "datetime": {"datetime": "2024-06-14 01:34:37", "elapsed": 6.158247, "delta": 0.004562}}
{"target": -147.667394102171, "params": {"gamma": 0.21783235985649294, "lr": 0.7711523332537787}, "datetime": {"datetime": "2024-06-14 01:34:37", "elapsed": 6.163233, "delta": 0.004986}}
{"target": -778.9154963559364, "params": {"gamma": 3.849706389409975, "lr": 0.5713211500587355}, "datetime": {"datetime": "2024-06-14 01:34:37", "elapsed": 6.16822, "delta": 0.004987}}
{"target": -1927.8547439528922, "params": {"gamma": 7.557672815106508, "lr": 0.9408474199010457}, "datetime": {"datetime": "2024-06-14 01:34:37", "elapsed": 6.172209, "delta": 0.003989}}
{"target": -1100.2854387365737, "params": {"gamma": 6.123611064507542, "lr": 0.31539617878014314}, "datetime": {"datetime": "2024-06-14 01:34:37", "elapsed": 6.177197, "delta": 0.004988}}
{"target": -550.6503429832632, "params": {"gamma": 1.1016550019623323, "lr": 0.07391888791127221}, "datetime": {"datetime": "2024-06-14 01:34:37", "elapsed": 6.182212, "delta": 0.005015}}
{"target": -656.2443098743945, "params": {"gamma": 3.197588047953422, "lr": 0.660839138956005}, "datetime": {"datetime": "2024-06-14 01:34:37", "elapsed": 6.187199, "delta": 0.004987}}
{"target": -2093.216364817358, "params": {"gamma": 6.9518254952121765, "lr": 0.20771804006298766}, "datetime": {"datetime": "2024-06-14 01:34:37", "elapsed": 6.192156, "delta": 0.004957}}
{"target": -210.5529669839949, "params": {"gamma": 0.8288765899448861, "lr": 0.3055106612860311}, "datetime": {"datetime": "2024-06-14 01:34:37", "elapsed": 6.197142, "delta": 0.004986}}
{"target": -1234.8388019797217, "params": {"gamma": 5.476198023985873, "lr": 0.7546696744748647}, "datetime": {"datetime": "2024-06-14 01:34:37", "elapsed": 6.201132, "delta": 0.00399}}
{"target": -964.3431041730955, "params": {"gamma": 5.297043548379857, "lr": 0.28698375274707455}, "datetime": {"datetime": "2024-06-14 01:34:37", "elapsed": 6.206119, "delta": 0.004987}}
{"target": -1340.5983041197544, "params": {"gamma": 6.242173052915846, "lr": 0.2648366551761958}, "datetime": {"datetime": "2024-06-14 01:34:37", "elapsed": 6.211105, "delta": 0.004986}}
{"target": -1547.5357162583368, "params": {"gamma": 6.527276450430897, "lr": 0.8418980078267378}, "datetime": {"datetime": "2024-06-14 01:34:37", "elapsed": 6.215094, "delta": 0.003989}}
{"target": -1277.337097645123, "params": {"gamma": 6.389839255863949, "lr": 0.5656314689767339}, "datetime": {"datetime": "2024-06-14 01:34:37", "elapsed": 6.220081, "delta": 0.004987}}
{"target": -768.093854208484, "params": {"gamma": 3.072113950599342, "lr": 0.8767770399379612}, "datetime": {"datetime": "2024-06-14 01:34:37", "elapsed": 6.225068, "delta": 0.004987}}
{"target": -2216.104254527287, "params": {"gamma": 9.888230025288278, "lr": 0.777479431209941}, "datetime": {"datetime": "2024-06-14 01:34:37", "elapsed": 6.229057, "delta": 0.003989}}
{"target": -2055.4760773648404, "params": {"gamma": 5.736864931846622, "lr": 0.14127933264100168}, "datetime": {"datetime": "2024-06-14 01:34:37", "elapsed": 6.234044, "delta": 0.004987}}
{"target": -622.2557385897833, "params": {"gamma": 3.1499752949036433, "lr": 0.3668593185911837}, "datetime": {"datetime": "2024-06-14 01:34:37", "elapsed": 6.238033, "delta": 0.003989}}
{"target": -557.2653657944472, "params": {"gamma": 2.9196603150536307, "lr": 0.4459528147489278}, "datetime": {"datetime": "2024-06-14 01:34:37", "elapsed": 6.242567, "delta": 0.004534}}
{"target": -1839.7417877852827, "params": {"gamma": 6.106714536159591, "lr": 0.2129145905151636}, "datetime": {"datetime": "2024-06-14 01:34:37", "elapsed": 6.247554, "delta": 0.004987}}
{"target": -1006.030112318986, "params": {"gamma": 2.4983477831127514, "lr": 0.11215048322109678}, "datetime": {"datetime": "2024-06-14 01:34:37", "elapsed": 6.25254, "delta": 0.004986}}
{"target": -585.1501178627365, "params": {"gamma": 3.07657830315885, "lr": 0.49744827858464324}, "datetime": {"datetime": "2024-06-14 01:34:37", "elapsed": 6.25653, "delta": 0.00399}}
{"target": -1254.533813364184, "params": {"gamma": 4.898588039316173, "lr": 0.9955772118463961}, "datetime": {"datetime": "2024-06-14 01:34:37", "elapsed": 6.261516, "delta": 0.004986}}
{"target": -1803.6188319188072, "params": {"gamma": 9.811104522073206, "lr": 0.4365627716811432}, "datetime": {"datetime": "2024-06-14 01:34:37", "elapsed": 6.266503, "delta": 0.004987}}
{"target": -2923.697641757485, "params": {"gamma": 9.720234197281384, "lr": 0.21439790417581406}, "datetime": {"datetime": "2024-06-14 01:34:37", "elapsed": 6.270492, "delta": 0.003989}}
{"target": -1004.6096691245357, "params": {"gamma": 5.411667740203425, "lr": 0.4534353144697316}, "datetime": {"datetime": "2024-06-14 01:34:37", "elapsed": 6.275479, "delta": 0.004987}}
{"target": -2285.7282760413564, "params": {"gamma": 9.67612136622795, "lr": 0.8361762231353584}, "datetime": {"datetime": "2024-06-14 01:34:37", "elapsed": 6.280466, "delta": 0.004987}}
{"target": -423.44826108334007, "params": {"gamma": 2.142255100882632, "lr": 0.43953910215539116}, "datetime": {"datetime": "2024-06-14 01:34:37", "elapsed": 6.285452, "delta": 0.004986}}
{"target": -365.8288547157977, "params": {"gamma": 1.685601239492825, "lr": 0.5290872104552504}, "datetime": {"datetime": "2024-06-14 01:34:37", "elapsed": 6.290439, "delta": 0.004987}}
{"target": -3813.1879744901166, "params": {"gamma": 7.935053256996167, "lr": 0.03587914896601674}, "datetime": {"datetime": "2024-06-14 01:34:37", "elapsed": 6.294428, "delta": 0.003989}}
{"target": -506.10375011417926, "params": {"gamma": 1.9143974164796644, "lr": 0.9774555643930162}, "datetime": {"datetime": "2024-06-14 01:34:37", "elapsed": 6.299415, "delta": 0.004987}}
{"target": -1910.8930075749608, "params": {"gamma": 9.608012262900427, "lr": 0.5565916591021018}, "datetime": {"datetime": "2024-06-14 01:34:37", "elapsed": 6.304401, "delta": 0.004986}}
{"target": -1386.9716880330611, "params": {"gamma": 6.461261124237896, "lr": 0.27209301429327437}, "datetime": {"datetime": "2024-06-14 01:34:37", "elapsed": 6.308391, "delta": 0.00399}}
{"target": -2075.213933974324, "params": {"gamma": 9.520958766042686, "lr": 0.66977480632724}, "datetime": {"datetime": "2024-06-14 01:34:37", "elapsed": 6.313377, "delta": 0.004986}}
{"target": -3205.8650690312193, "params": {"gamma": 6.6684131433924785, "lr": 0.011103333369922863}, "datetime": {"datetime": "2024-06-14 01:34:37", "elapsed": 6.318364, "delta": 0.004987}}
{"target": -1926.6783717336634, "params": {"gamma": 8.529845528647078, "lr": 0.7783262186802019}, "datetime": {"datetime": "2024-06-14 01:34:37", "elapsed": 6.322354, "delta": 0.00399}}
{"target": -1518.3119553414328, "params": {"gamma": 6.849555045051163, "lr": 0.740781813019585}, "datetime": {"datetime": "2024-06-14 01:34:37", "elapsed": 6.32734, "delta": 0.004986}}
{"target": -373.7590652409867, "params": {"gamma": 1.5665676735591734, "lr": 0.71877505284865}, "datetime": {"datetime": "2024-06-14 01:34:37", "elapsed": 6.331901, "delta": 0.004561}}
{"target": -254.2264135244547, "params": {"gamma": 0.9690872885214075, "lr": 0.7069494480386341}, "datetime": {"datetime": "2024-06-14 01:34:37", "elapsed": 6.336883, "delta": 0.004982}}
{"target": -147.26462074834035, "params": {"gamma": 0.027315329458906884, "lr": 0.7762057874603809}, "datetime": {"datetime": "2024-06-14 01:34:37", "elapsed": 6.341425, "delta": 0.004542}}
{"target": -1482.7883232488548, "params": {"gamma": 4.916080290630613, "lr": 0.20438686629786484}, "datetime": {"datetime": "2024-06-14 01:34:37", "elapsed": 6.345414, "delta": 0.003989}}
{"target": -1304.04072135229, "params": {"gamma": 7.292736897839507, "lr": 0.3156541317831608}, "datetime": {"datetime": "2024-06-14 01:34:37", "elapsed": 6.350401, "delta": 0.004987}}
{"target": -3356.3892758950656, "params": {"gamma": 8.83829208238512, "lr": 0.18023352523222202}, "datetime": {"datetime": "2024-06-14 01:34:37", "elapsed": 6.355388, "delta": 0.004987}}
{"target": -2391.101222143163, "params": {"gamma": 9.385567992205967, "lr": 0.9707501480531616}, "datetime": {"datetime": "2024-06-14 01:34:37", "elapsed": 6.360374, "delta": 0.004986}}
{"target": -758.637109031295, "params": {"gamma": 3.0455479552792557, "lr": 0.8624863997043009}, "datetime": {"datetime": "2024-06-14 01:34:37", "elapsed": 6.364939, "delta": 0.004565}}
{"target": -1510.851736691955, "params": {"gamma": 8.421949009551232, "lr": 0.4246127100946028}, "datetime": {"datetime": "2024-06-14 01:34:37", "elapsed": 6.36952, "delta": 0.004581}}
{"target": -787.4264521331181, "params": {"gamma": 3.637480394119995, "lr": 0.282437473235045}, "datetime": {"datetime": "2024-06-14 01:34:37", "elapsed": 6.373503, "delta": 0.003983}}
{"target": -2122.3848734401845, "params": {"gamma": 9.93237460787099, "lr": 0.25575102695189966}, "datetime": {"datetime": "2024-06-14 01:34:37", "elapsed": 6.378489, "delta": 0.004986}}
{"target": -1648.9352118425459, "params": {"gamma": 9.206835301993463, "lr": 0.4283352137597225}, "datetime": {"datetime": "2024-06-14 01:34:37", "elapsed": 6.38348, "delta": 0.004991}}
{"target": -2210.277231555023, "params": {"gamma": 9.354334696401745, "lr": 0.8388448341981828}, "datetime": {"datetime": "2024-06-14 01:34:37", "elapsed": 6.387469, "delta": 0.003989}}
{"target": -344.92044734293097, "params": {"gamma": 1.5586174788295128, "lr": 0.5742833543508832}, "datetime": {"datetime": "2024-06-14 01:34:37", "elapsed": 6.392456, "delta": 0.004987}}
