{"target": -369.38096601928424, "params": {"gamma": 7.113433866846732, "prior": 5.583457649409001, "rate": 3.0458753612182816}, "datetime": {"datetime": "2024-06-14 04:54:06", "elapsed": 1.789183, "delta": 0.009011}}
{"target": -227.57174826950245, "params": {"gamma": 8.348705622270353, "prior": 4.409528980532247, "rate": 9.234638694972633}, "datetime": {"datetime": "2024-06-14 04:54:06", "elapsed": 1.798124, "delta": 0.008941}}
{"target": -478.5291254351364, "params": {"gamma": 7.0608119915549965, "prior": 4.8325099488563055, "rate": 1.2629748273898376}, "datetime": {"datetime": "2024-06-14 04:54:06", "elapsed": 1.8071, "delta": 0.008976}}
{"target": -295.95555894802175, "params": {"gamma": 9.760459461127008, "prior": 1.6823531384065245, "rate": 2.026818650071406}, "datetime": {"datetime": "2024-06-14 04:54:06", "elapsed": 1.816076, "delta": 0.008976}}
{"target": -279.01298716432484, "params": {"gamma": 4.312386369848549, "prior": 4.101598867173958, "rate": 1.4683680561621768}, "datetime": {"datetime": "2024-06-14 04:54:06", "elapsed": 1.825055, "delta": 0.008979}}
{"target": -217.83700931359905, "params": {"gamma": 7.293459874691873, "prior": 1.968576162084141, "rate": 6.439312547472317}, "datetime": {"datetime": "2024-06-14 04:54:06", "elapsed": 1.834031, "delta": 0.008976}}
{"target": -216.65942916063338, "params": {"gamma": 7.543305199812411, "prior": 2.1862506816248755, "rate": 6.0099415268282925}, "datetime": {"datetime": "2024-06-14 04:54:06", "elapsed": 1.842693, "delta": 0.008662}}
{"target": -282.4780123171891, "params": {"gamma": 7.489534824083119, "prior": 6.418365235141301, "rate": 5.971675902163545}, "datetime": {"datetime": "2024-06-14 04:54:06", "elapsed": 1.851662, "delta": 0.008969}}
{"target": -135.0173789246433, "params": {"gamma": 2.955527374269315, "prior": 7.342904065290937, "rate": 9.453139091559498}, "datetime": {"datetime": "2024-06-14 04:54:06", "elapsed": 1.860639, "delta": 0.008977}}
{"target": -372.35567421962986, "params": {"gamma": 4.256188341225208, "prior": 7.843599986630912, "rate": 0.5623542555794911}, "datetime": {"datetime": "2024-06-14 04:54:06", "elapsed": 1.869614, "delta": 0.008975}}
{"target": -227.08284246399276, "params": {"gamma": 8.35288075329717, "prior": 2.0032751665392623, "rate": 3.951573592030842}, "datetime": {"datetime": "2024-06-14 04:54:06", "elapsed": 1.87859, "delta": 0.008976}}
{"target": -139.52527066545017, "params": {"gamma": 3.001510378207639, "prior": 0.893026073679888, "rate": 9.046405398359493}, "datetime": {"datetime": "2024-06-14 04:54:06", "elapsed": 1.887566, "delta": 0.008976}}
{"target": -170.60016460732584, "params": {"gamma": 3.702171621359829, "prior": 5.353904640913781, "rate": 4.941668542697355}, "datetime": {"datetime": "2024-06-14 04:54:06", "elapsed": 1.89709, "delta": 0.009524}}
{"target": -148.73874102769082, "params": {"gamma": 1.3224792582874385, "prior": 2.143895183005387, "rate": 0.7628119015141794}, "datetime": {"datetime": "2024-06-14 04:54:06", "elapsed": 1.905069, "delta": 0.007979}}
{"target": -176.02319992444646, "params": {"gamma": 5.07970907775293, "prior": 2.6893405631465725, "rate": 3.5712590272190368}, "datetime": {"datetime": "2024-06-14 04:54:06", "elapsed": 1.914045, "delta": 0.008976}}
{"target": -165.84092355209015, "params": {"gamma": 1.0815452216436712, "prior": 7.896763212559821, "rate": 1.0667321840112223}, "datetime": {"datetime": "2024-06-14 04:54:06", "elapsed": 1.923723, "delta": 0.009678}}
{"target": -280.1152608960254, "params": {"gamma": 9.857102528308165, "prior": 1.8538955279403317, "rate": 5.724478719234059}, "datetime": {"datetime": "2024-06-14 04:54:06", "elapsed": 1.932699, "delta": 0.008976}}
{"target": -145.12871537981258, "params": {"gamma": 0.4494085005562922, "prior": 7.892451267592758, "rate": 1.8968698722351471}, "datetime": {"datetime": "2024-06-14 04:54:06", "elapsed": 1.941675, "delta": 0.008976}}
{"target": -386.5534789342512, "params": {"gamma": 5.279511880102859, "prior": 7.426767677274809, "rate": 1.5001649176876422}, "datetime": {"datetime": "2024-06-14 04:54:06", "elapsed": 1.949653, "delta": 0.007978}}
{"target": -175.40014155383895, "params": {"gamma": 5.511320654695531, "prior": 2.2445103624549163, "rate": 7.592201297122131}, "datetime": {"datetime": "2024-06-14 04:54:06", "elapsed": 1.958629, "delta": 0.008976}}
{"target": -235.10448612489725, "params": {"gamma": 7.229429020368581, "prior": 1.847835439343122, "rate": 8.619803610113067}, "datetime": {"datetime": "2024-06-14 04:54:06", "elapsed": 1.967605, "delta": 0.008976}}
{"target": -140.17895102028828, "params": {"gamma": 0.1987312200639263, "prior": 8.61634627448884, "rate": 5.589479207798223}, "datetime": {"datetime": "2024-06-14 04:54:06", "elapsed": 1.976582, "delta": 0.008977}}
{"target": -178.03939154990366, "params": {"gamma": 4.032801500586387, "prior": 7.611594617121132, "rate": 7.169573087923007}, "datetime": {"datetime": "2024-06-14 04:54:06", "elapsed": 1.985557, "delta": 0.008975}}
{"target": -867.7993553813639, "params": {"gamma": 9.873274421909457, "prior": 2.8530419812685297, "rate": 0.03893293042101652}, "datetime": {"datetime": "2024-06-14 04:54:06", "elapsed": 1.994534, "delta": 0.008977}}
{"target": -364.65429489267956, "params": {"gamma": 9.339092180540563, "prior": 8.593181334925148, "rate": 7.28877992431504}, "datetime": {"datetime": "2024-06-14 04:54:06", "elapsed": 2.00351, "delta": 0.008976}}
{"target": -193.8780083794527, "params": {"gamma": 5.167371140432463, "prior": 7.098866827962734, "rate": 7.805515039210552}, "datetime": {"datetime": "2024-06-14 04:54:06", "elapsed": 2.012486, "delta": 0.008976}}
{"target": -168.1163009587979, "params": {"gamma": 3.749384559425057, "prior": 7.72619300076658, "rate": 7.506492567432579}, "datetime": {"datetime": "2024-06-14 04:54:06", "elapsed": 2.020464, "delta": 0.007978}}
{"target": -183.48671551455624, "params": {"gamma": 6.132498904231054, "prior": 4.07847264728159, "rate": 6.9733828846241455}, "datetime": {"datetime": "2024-06-14 04:54:06", "elapsed": 2.02944, "delta": 0.008976}}
{"target": -147.80124161141586, "params": {"gamma": 0.032125465394095866, "prior": 7.771476802573518, "rate": 8.964269607966013}, "datetime": {"datetime": "2024-06-14 04:54:06", "elapsed": 2.038416, "delta": 0.008976}}
{"target": -117.83516385329945, "params": {"gamma": 2.393917758667609, "prior": 1.2955951246613744, "rate": 2.2036195939494823}, "datetime": {"datetime": "2024-06-14 04:54:06", "elapsed": 2.047392, "delta": 0.008976}}
{"target": -178.12360478278148, "params": {"gamma": 3.021665216169693, "prior": 8.841982234781959, "rate": 5.432121135950708}, "datetime": {"datetime": "2024-06-14 04:54:06", "elapsed": 2.056368, "delta": 0.008976}}
{"target": -121.64584184219021, "params": {"gamma": 2.8678297844146994, "prior": 1.4697114289501707, "rate": 2.902154486582312}, "datetime": {"datetime": "2024-06-14 04:54:06", "elapsed": 2.065345, "delta": 0.008977}}
{"target": -195.52203764385573, "params": {"gamma": 6.139097026322785, "prior": 3.3089714459847217, "rate": 4.574144456728294}, "datetime": {"datetime": "2024-06-14 04:54:06", "elapsed": 2.07432, "delta": 0.008975}}
{"target": -250.95428514604916, "params": {"gamma": 4.441726953059129, "prior": 8.29854007124197, "rate": 4.264055194208071}, "datetime": {"datetime": "2024-06-14 04:54:06", "elapsed": 2.083563, "delta": 0.009243}}
{"target": -240.41270676156276, "params": {"gamma": 3.4576425129338477, "prior": 6.782218887610141, "rate": 2.215599075279554}, "datetime": {"datetime": "2024-06-14 04:54:06", "elapsed": 2.092537, "delta": 0.008974}}
{"target": -152.29277928574422, "params": {"gamma": 4.672990993441612, "prior": 3.216180304507763, "rate": 6.268929166026184}, "datetime": {"datetime": "2024-06-14 04:54:06", "elapsed": 2.101513, "delta": 0.008976}}
{"target": -237.47233582672607, "params": {"gamma": 8.773727386473432, "prior": 4.532121101441722, "rate": 7.84478973050044}, "datetime": {"datetime": "2024-06-14 04:54:06", "elapsed": 2.110489, "delta": 0.008976}}
{"target": -340.6292908969892, "params": {"gamma": 4.570200039914943, "prior": 6.596670383999601, "rate": 1.3192779092999938}, "datetime": {"datetime": "2024-06-14 04:54:06", "elapsed": 2.119465, "delta": 0.008976}}
{"target": -219.8625051785286, "params": {"gamma": 4.3303820881695145, "prior": 9.102188687683872, "rate": 6.055184531308316}, "datetime": {"datetime": "2024-06-14 04:54:06", "elapsed": 2.128579, "delta": 0.009114}}
{"target": -278.8692700203349, "params": {"gamma": 7.6679790977837845, "prior": 5.096536020149354, "rate": 4.981058192655247}, "datetime": {"datetime": "2024-06-14 04:54:06", "elapsed": 2.137582, "delta": 0.009003}}
{"target": -301.1874182658155, "params": {"gamma": 8.429155502088307, "prior": 0.7712886499754421, "rate": 5.733149443225297}, "datetime": {"datetime": "2024-06-14 04:54:06", "elapsed": 2.147526, "delta": 0.009944}}
{"target": -569.0335627740047, "params": {"gamma": 9.42768299175406, "prior": 5.226814476905987, "rate": 1.945463629469317}, "datetime": {"datetime": "2024-06-14 04:54:06", "elapsed": 2.156502, "delta": 0.008976}}
{"target": -238.42987126369277, "params": {"gamma": 8.479545985042318, "prior": 2.5912275093229433, "rate": 7.007559638788898}, "datetime": {"datetime": "2024-06-14 04:54:06", "elapsed": 2.171462, "delta": 0.01496}}
{"target": -263.4823507199341, "params": {"gamma": 5.403069143028603, "prior": 9.493479253974174, "rate": 6.2437426873243576}, "datetime": {"datetime": "2024-06-14 04:54:06", "elapsed": 2.182433, "delta": 0.010971}}
{"target": -383.5499807243006, "params": {"gamma": 8.379941642515245, "prior": 0.17853547432577865, "rate": 9.893411221610213}, "datetime": {"datetime": "2024-06-14 04:54:06", "elapsed": 2.191409, "delta": 0.008976}}
{"target": -106.17073653440544, "params": {"gamma": 0.7780679887535326, "prior": 3.2890821847862193, "rate": 9.461577802172197}, "datetime": {"datetime": "2024-06-14 04:54:06", "elapsed": 2.200385, "delta": 0.008976}}
{"target": -143.7136173449351, "params": {"gamma": 0.09038208461007943, "prior": 8.24502705367716, "rate": 8.612255172029577}, "datetime": {"datetime": "2024-06-14 04:54:06", "elapsed": 2.209361, "delta": 0.008976}}
{"target": -148.05511886419848, "params": {"gamma": 4.398868311271517, "prior": 2.631877418678719, "rate": 8.027092506813352}, "datetime": {"datetime": "2024-06-14 04:54:06", "elapsed": 2.218337, "delta": 0.008976}}
{"target": -180.02953140017055, "params": {"gamma": 4.77914218231778, "prior": 1.429952225691392, "rate": 9.278562079257282}, "datetime": {"datetime": "2024-06-14 04:54:06", "elapsed": 2.227314, "delta": 0.008977}}
{"target": -241.5093233533384, "params": {"gamma": 8.959803700099478, "prior": 4.966296985167659, "rate": 8.567168262681404}, "datetime": {"datetime": "2024-06-14 04:54:06", "elapsed": 2.237287, "delta": 0.009973}}
{"target": -227.74642722150298, "params": {"gamma": 4.1863616796152225, "prior": 6.866302511646381, "rate": 3.9805084034398166}, "datetime": {"datetime": "2024-06-14 04:54:06", "elapsed": 2.246262, "delta": 0.008975}}
{"target": -177.2704307253355, "params": {"gamma": 5.057914432490653, "prior": 1.9765618580558806, "rate": 9.649924252185027}, "datetime": {"datetime": "2024-06-14 04:54:06", "elapsed": 2.255238, "delta": 0.008976}}
{"target": -134.8809549166564, "params": {"gamma": 2.9428626667543027, "prior": 1.1242496055523734, "rate": 1.4440096868902519}, "datetime": {"datetime": "2024-06-14 04:54:06", "elapsed": 2.264214, "delta": 0.008976}}
{"target": -141.75767171560182, "params": {"gamma": 0.14190884963023712, "prior": 7.187862424677705, "rate": 5.645418704088501}, "datetime": {"datetime": "2024-06-14 04:54:06", "elapsed": 2.27319, "delta": 0.008976}}
{"target": -225.2288133084253, "params": {"gamma": 7.945988933496338, "prior": 5.12009124051295, "rate": 7.918418574002035}, "datetime": {"datetime": "2024-06-14 04:54:06", "elapsed": 2.282166, "delta": 0.008976}}
{"target": -369.9158686809859, "params": {"gamma": 6.957946378504123, "prior": 7.800699920905836, "rate": 4.065422206901887}, "datetime": {"datetime": "2024-06-14 04:54:06", "elapsed": 2.291142, "delta": 0.008976}}
{"target": -190.34977335733973, "params": {"gamma": 6.478058561241625, "prior": 1.8799635471604466, "rate": 3.2188778139156518}, "datetime": {"datetime": "2024-06-14 04:54:06", "elapsed": 2.300118, "delta": 0.008976}}
{"target": -141.85990543603452, "params": {"gamma": 1.7268735965778053, "prior": 4.145508527631297, "rate": 2.4149460609080227}, "datetime": {"datetime": "2024-06-14 04:54:06", "elapsed": 2.309094, "delta": 0.008976}}
{"target": -272.9651757307404, "params": {"gamma": 4.069813019299451, "prior": 9.75470119012939, "rate": 3.2038729388944907}, "datetime": {"datetime": "2024-06-14 04:54:06", "elapsed": 2.31807, "delta": 0.008976}}
{"target": -483.3417696418567, "params": {"gamma": 9.824926958803978, "prior": 6.399430645974237, "rate": 3.7515350929207165}, "datetime": {"datetime": "2024-06-14 04:54:06", "elapsed": 2.326891, "delta": 0.008821}}
{"target": -503.2042526176389, "params": {"gamma": 8.574987506336882, "prior": 6.2339087197488805, "rate": 2.521078768228263}, "datetime": {"datetime": "2024-06-14 04:54:06", "elapsed": 2.335866, "delta": 0.008975}}
{"target": -323.52644799489735, "params": {"gamma": 7.9287639240909, "prior": 4.386091236468214, "rate": 3.5757541621370836}, "datetime": {"datetime": "2024-06-14 04:54:06", "elapsed": 2.344843, "delta": 0.008977}}
{"target": -221.71949712134352, "params": {"gamma": 3.3034390883142843, "prior": 7.003951868570081, "rate": 2.6872325889383593}, "datetime": {"datetime": "2024-06-14 04:54:06", "elapsed": 2.353819, "delta": 0.008976}}
{"target": -222.01433157526233, "params": {"gamma": 8.082971859040095, "prior": 3.0233590645584933, "rate": 5.441669714469987}, "datetime": {"datetime": "2024-06-14 04:54:06", "elapsed": 2.363792, "delta": 0.009973}}
{"target": -192.19805854209505, "params": {"gamma": 4.879726996560219, "prior": 8.56802848469416, "rate": 8.883975957519464}, "datetime": {"datetime": "2024-06-14 04:54:06", "elapsed": 2.372768, "delta": 0.008976}}
{"target": -113.73517948721272, "params": {"gamma": 1.8446600392352996, "prior": 5.894949743488685, "rate": 8.982152255125355}, "datetime": {"datetime": "2024-06-14 04:54:06", "elapsed": 2.382741, "delta": 0.009973}}
{"target": -301.99720995660056, "params": {"gamma": 4.461726073125263, "prior": 9.226496224289772, "rate": 2.790629913679252}, "datetime": {"datetime": "2024-06-14 04:54:06", "elapsed": 2.391717, "delta": 0.008976}}
{"target": -388.40668779957815, "params": {"gamma": 6.0887029107637645, "prior": 6.856291726691472, "rate": 2.2828291277714907}, "datetime": {"datetime": "2024-06-14 04:54:06", "elapsed": 2.400693, "delta": 0.008976}}
{"target": -137.13529929487657, "params": {"gamma": 0.13866135806461027, "prior": 4.225567227469891, "rate": 9.384880436675484}, "datetime": {"datetime": "2024-06-14 04:54:06", "elapsed": 2.40967, "delta": 0.008977}}
{"target": -262.8003890468639, "params": {"gamma": 3.430938070194235, "prior": 7.819468525277739, "rate": 1.7481883919612469}, "datetime": {"datetime": "2024-06-14 04:54:06", "elapsed": 2.418645, "delta": 0.008975}}
{"target": -135.6846913048444, "params": {"gamma": 3.420186410188222, "prior": 1.531517436297158, "rate": 7.167991370649615}, "datetime": {"datetime": "2024-06-14 04:54:06", "elapsed": 2.427624, "delta": 0.008979}}
{"target": -428.8480290452567, "params": {"gamma": 6.993376929344446, "prior": 6.916123447694296, "rate": 2.5347069488285103}, "datetime": {"datetime": "2024-06-14 04:54:06", "elapsed": 2.436631, "delta": 0.009007}}
{"target": -197.90329989261363, "params": {"gamma": 6.923908856112466, "prior": 2.350245655067901, "rate": 4.247066510197466}, "datetime": {"datetime": "2024-06-14 04:54:07", "elapsed": 2.445576, "delta": 0.008945}}
{"target": -299.2396243958566, "params": {"gamma": 3.7198492945552046, "prior": 3.61754832503921, "rate": 0.5774904176053226}, "datetime": {"datetime": "2024-06-14 04:54:07", "elapsed": 2.454551, "delta": 0.008975}}
{"target": -257.2864484086977, "params": {"gamma": 6.316834622032531, "prior": 7.102434366548825, "rate": 6.136273356333854}, "datetime": {"datetime": "2024-06-14 04:54:07", "elapsed": 2.463528, "delta": 0.008977}}
{"target": -267.51620751207014, "params": {"gamma": 6.483479248875083, "prior": 1.7824130707508519, "rate": 1.495318542589686}, "datetime": {"datetime": "2024-06-14 04:54:07", "elapsed": 2.472503, "delta": 0.008975}}
{"target": -374.4174497493005, "params": {"gamma": 5.142236260215303, "prior": 8.765793990909938, "rate": 1.8403504620306732}, "datetime": {"datetime": "2024-06-14 04:54:07", "elapsed": 2.48148, "delta": 0.008977}}
{"target": -177.2965325127291, "params": {"gamma": 4.628928347963892, "prior": 4.3464301068960385, "rate": 4.973394570009244}, "datetime": {"datetime": "2024-06-14 04:54:07", "elapsed": 2.490456, "delta": 0.008976}}
{"target": -130.80535036845305, "params": {"gamma": 1.6159461940896331, "prior": 3.4901623472346244, "rate": 2.6195421606310987}, "datetime": {"datetime": "2024-06-14 04:54:07", "elapsed": 2.498434, "delta": 0.007978}}
{"target": -439.76795280998243, "params": {"gamma": 8.44542490535156, "prior": 8.023289233186377, "rate": 4.266964943523168}, "datetime": {"datetime": "2024-06-14 04:54:07", "elapsed": 2.50741, "delta": 0.008976}}
{"target": -188.06895958798214, "params": {"gamma": 6.070547592429601, "prior": 1.5401095416355777, "rate": 5.096623328881369}, "datetime": {"datetime": "2024-06-14 04:54:07", "elapsed": 2.516386, "delta": 0.008976}}
{"target": -161.37765443501823, "params": {"gamma": 2.9701739107832585, "prior": 8.61054444033509, "rate": 6.716312210682993}, "datetime": {"datetime": "2024-06-14 04:54:07", "elapsed": 2.525867, "delta": 0.009481}}
{"target": -197.04103012256354, "params": {"gamma": 6.335106652211588, "prior": 1.3350378706848745, "rate": 4.706408207109359}, "datetime": {"datetime": "2024-06-14 04:54:07", "elapsed": 2.533846, "delta": 0.007979}}
{"target": -444.9102591626697, "params": {"gamma": 9.865741223089229, "prior": 9.488161823319384, "rate": 6.451211316964176}, "datetime": {"datetime": "2024-06-14 04:54:07", "elapsed": 2.54382, "delta": 0.009974}}
{"target": -124.45843236907041, "params": {"gamma": 1.5180969854487043, "prior": 6.427355802327059, "rate": 5.657055463326731}, "datetime": {"datetime": "2024-06-14 04:54:07", "elapsed": 2.552796, "delta": 0.008976}}
{"target": -165.29189867138206, "params": {"gamma": 4.6871897107748595, "prior": 4.337570947735874, "rate": 5.993098286824644}, "datetime": {"datetime": "2024-06-14 04:54:07", "elapsed": 2.561772, "delta": 0.008976}}
{"target": -357.77603410674845, "params": {"gamma": 8.499848915271139, "prior": 7.53609829968218, "rate": 5.794026042432034}, "datetime": {"datetime": "2024-06-14 04:54:07", "elapsed": 2.570747, "delta": 0.008975}}
{"target": -363.3713510993358, "params": {"gamma": 9.247117111178744, "prior": 0.7409258360713337, "rate": 9.913473740809359}, "datetime": {"datetime": "2024-06-14 04:54:07", "elapsed": 2.579723, "delta": 0.008976}}
{"target": -115.41313220910516, "params": {"gamma": 0.5308924321372274, "prior": 2.0750059067717572, "rate": 4.228103863783965}, "datetime": {"datetime": "2024-06-14 04:54:07", "elapsed": 2.588699, "delta": 0.008976}}
{"target": -176.05016650392872, "params": {"gamma": 1.0759812529754917, "prior": 6.274337068877248, "rate": 0.4808776479246243}, "datetime": {"datetime": "2024-06-14 04:54:07", "elapsed": 2.597675, "delta": 0.008976}}
{"target": -135.23711972408285, "params": {"gamma": 2.8469541861884147, "prior": 0.7042631430847438, "rate": 7.035489791719707}, "datetime": {"datetime": "2024-06-14 04:54:07", "elapsed": 2.606651, "delta": 0.008976}}
{"target": -366.8432744078988, "params": {"gamma": 6.684893219727232, "prior": 3.847947873180962, "rate": 1.8827544060381822}, "datetime": {"datetime": "2024-06-14 04:54:07", "elapsed": 2.61463, "delta": 0.007979}}
{"target": -209.7729059967773, "params": {"gamma": 7.4703012854704225, "prior": 3.469754978578126, "rate": 7.953216372889023}, "datetime": {"datetime": "2024-06-14 04:54:07", "elapsed": 2.624116, "delta": 0.009486}}
{"target": -429.06723054657056, "params": {"gamma": 4.879521490857024, "prior": 5.304127499074696, "rate": 0.28588000406618064}, "datetime": {"datetime": "2024-06-14 04:54:07", "elapsed": 2.633087, "delta": 0.008971}}
{"target": -310.46096302776226, "params": {"gamma": 6.442675966770439, "prior": 3.5714993740784573, "rate": 2.292821067893365}, "datetime": {"datetime": "2024-06-14 04:54:07", "elapsed": 2.642063, "delta": 0.008976}}
{"target": -166.60031280290144, "params": {"gamma": 4.339399878740795, "prior": 3.8864278269820844, "rate": 4.698420611823517}, "datetime": {"datetime": "2024-06-14 04:54:07", "elapsed": 2.651038, "delta": 0.008975}}
{"target": -259.7191084338481, "params": {"gamma": 9.794854058443883, "prior": 3.7073428966454816, "rate": 7.744326923227059}, "datetime": {"datetime": "2024-06-14 04:54:07", "elapsed": 2.660016, "delta": 0.008978}}
{"target": -334.3863212210539, "params": {"gamma": 5.528123197902375, "prior": 8.90239778216408, "rate": 3.55017355864457}, "datetime": {"datetime": "2024-06-14 04:54:07", "elapsed": 2.66902, "delta": 0.009004}}
{"target": -259.6371684428516, "params": {"gamma": 2.455941283184888, "prior": 9.119090472603986, "rate": 0.43629910331389593}, "datetime": {"datetime": "2024-06-14 04:54:07", "elapsed": 2.677967, "delta": 0.008947}}
{"target": -433.0015743955726, "params": {"gamma": 9.507583527181962, "prior": 5.60842846514216, "rate": 3.764255803654188}, "datetime": {"datetime": "2024-06-14 04:54:07", "elapsed": 2.686943, "delta": 0.008976}}
{"target": -353.4773760147585, "params": {"gamma": 9.950528171068772, "prior": 0.6777901968615533, "rate": 5.167546891316355}, "datetime": {"datetime": "2024-06-14 04:54:07", "elapsed": 2.695919, "delta": 0.008976}}
