{"target": -109.1157205486629, "params": {"p_ai": 4.036824289622301, "p_al": 0.6069375019805211, "p_ex": 1.789668289049935, "prior": 7.359452519624915, "rate": 5.66173735456015}, "datetime": {"datetime": "2024-06-13 01:27:00", "elapsed": 112.531479, "delta": 0.114693}}
{"target": -121.2495933801298, "params": {"p_ai": 8.232546464042965, "p_al": 5.011999831149711, "p_ex": 7.678856294339033, "prior": 5.099670086770199, "rate": 5.681122236748865}, "datetime": {"datetime": "2024-06-13 01:27:01", "elapsed": 112.645533, "delta": 0.114054}}
{"target": -116.5073237055299, "params": {"p_ai": 1.8469950250075597, "p_al": 5.444465844143353, "p_ex": 2.0111304539680037, "prior": 5.562635501797696, "rate": 1.4152709353449207}, "datetime": {"datetime": "2024-06-13 01:27:01", "elapsed": 112.761224, "delta": 0.115691}}
{"target": -119.21398870082645, "params": {"p_ai": 1.860913882924621, "p_al": 7.648074817970597, "p_ex": 0.7097917708485983, "prior": 3.693767142270499, "rate": 8.77890231116656}, "datetime": {"datetime": "2024-06-13 01:27:01", "elapsed": 112.874923, "delta": 0.113699}}
{"target": -127.69194259849553, "params": {"p_ai": 1.0442696607468924, "p_al": 3.592172999392244, "p_ex": 1.1404897156144356, "prior": 8.765531034947044, "rate": 1.2632448916905008}, "datetime": {"datetime": "2024-06-13 01:27:01", "elapsed": 112.989616, "delta": 0.114693}}
{"target": -87.18828063433988, "params": {"p_ai": 2.5463005229193905, "p_al": 4.219641618837235, "p_ex": 6.652894921984129, "prior": 3.4477083901724783, "rate": 2.135803151301911}, "datetime": {"datetime": "2024-06-13 01:27:01", "elapsed": 113.104504, "delta": 0.114888}}
{"target": -83.98035482936673, "params": {"p_ai": 3.734477672558837, "p_al": 5.710675237020803, "p_ex": 9.907522742580955, "prior": 3.2723245929378826, "rate": 3.6226711604734505}, "datetime": {"datetime": "2024-06-13 01:27:01", "elapsed": 113.219059, "delta": 0.114555}}
{"target": -122.91768089671359, "params": {"p_ai": 7.062646301466503, "p_al": 2.9900579784113206, "p_ex": 3.497657509767646, "prior": 9.947082647057805, "rate": 6.043069520448973}, "datetime": {"datetime": "2024-06-13 01:27:01", "elapsed": 113.334394, "delta": 0.115335}}
{"target": -149.32116640541, "params": {"p_ai": 8.28827913958632, "p_al": 0.3176252391757072, "p_ex": 1.4557567070423627, "prior": 7.2775552138753135, "rate": 5.397899711964559}, "datetime": {"datetime": "2024-06-13 01:27:01", "elapsed": 113.448348, "delta": 0.113954}}
{"target": -147.92148465203698, "params": {"p_ai": 9.952649800093342, "p_al": 4.956800964848641, "p_ex": 3.8416545812104723, "prior": 1.9445456383363844, "rate": 5.902074279216289}, "datetime": {"datetime": "2024-06-13 01:27:01", "elapsed": 113.56241, "delta": 0.114062}}
{"target": -167.94017096984572, "params": {"p_ai": 7.666485240265026, "p_al": 9.244467433023058, "p_ex": 1.3771206367777737, "prior": 0.08189114312752561, "rate": 4.780126931726139}, "datetime": {"datetime": "2024-06-13 01:27:02", "elapsed": 113.676591, "delta": 0.114181}}
{"target": -84.02170678795048, "params": {"p_ai": 1.830292914982966, "p_al": 6.103775776452777, "p_ex": 6.203072776459787, "prior": 4.096892220528767, "rate": 6.772375433611433}, "datetime": {"datetime": "2024-06-13 01:27:02", "elapsed": 113.796217, "delta": 0.119626}}
{"target": -123.87840528554248, "params": {"p_ai": 1.997506020536704, "p_al": 8.086011222867347, "p_ex": 0.5043465023721727, "prior": 1.7194467246754197, "rate": 9.806042588376602}, "datetime": {"datetime": "2024-06-13 01:27:02", "elapsed": 113.911213, "delta": 0.114996}}
{"target": -134.8067797820628, "params": {"p_ai": 9.003871416888757, "p_al": 9.397350482215943, "p_ex": 9.084534489161134, "prior": 4.414730582333611, "rate": 9.38810223223617}, "datetime": {"datetime": "2024-06-13 01:27:02", "elapsed": 114.0261, "delta": 0.114887}}
{"target": -83.63317298690029, "params": {"p_ai": 2.374897217223815, "p_al": 0.4960936050759842, "p_ex": 5.573083480654817, "prior": 3.133889031009968, "rate": 5.321241086655658}, "datetime": {"datetime": "2024-06-13 01:27:02", "elapsed": 114.141017, "delta": 0.114917}}
{"target": -100.4479142962947, "params": {"p_ai": 4.716614085966288, "p_al": 4.831840962748342, "p_ex": 5.701205216020305, "prior": 9.234499334273318, "rate": 2.362688743098965}, "datetime": {"datetime": "2024-06-13 01:27:02", "elapsed": 114.256567, "delta": 0.11555}}
{"target": -171.13308821041468, "params": {"p_ai": 8.76092541084365, "p_al": 7.338620497153172, "p_ex": 0.793028419268005, "prior": 8.35403947254459, "rate": 3.977042541433784}, "datetime": {"datetime": "2024-06-13 01:27:02", "elapsed": 114.371232, "delta": 0.114665}}
{"target": -97.90249377311457, "params": {"p_ai": 3.358045360101825, "p_al": 0.004929638918432948, "p_ex": 2.4588060546759145, "prior": 6.879775552325568, "rate": 8.511875178501727}, "datetime": {"datetime": "2024-06-13 01:27:02", "elapsed": 114.486922, "delta": 0.11569}}
{"target": -107.86900852398493, "params": {"p_ai": 2.411253644225826, "p_al": 3.710026765329585, "p_ex": 1.5050829543145978, "prior": 8.035198140908488, "rate": 7.170520210321555}, "datetime": {"datetime": "2024-06-13 01:27:02", "elapsed": 114.607599, "delta": 0.120677}}
{"target": -105.82302264826875, "params": {"p_ai": 7.005081395607865, "p_al": 6.788866386536979, "p_ex": 8.920557995853095, "prior": 8.830426892992689, "rate": 6.254053116944359}, "datetime": {"datetime": "2024-06-13 01:27:03", "elapsed": 114.722167, "delta": 0.114568}}
{"target": -123.31334050319104, "params": {"p_ai": 2.888494992021912, "p_al": 4.031624750430216, "p_ex": 0.29054354730172277, "prior": 9.164923656007396, "rate": 6.874789890986447}, "datetime": {"datetime": "2024-06-13 01:27:03", "elapsed": 114.837858, "delta": 0.115691}}
{"target": -127.6484231040678, "params": {"p_ai": 9.08180006447146, "p_al": 3.021569284048893, "p_ex": 9.448319713154849, "prior": 8.640447686233587, "rate": 8.860241578122423}, "datetime": {"datetime": "2024-06-13 01:27:03", "elapsed": 114.952551, "delta": 0.114693}}
{"target": -141.50299492749474, "params": {"p_ai": 0.0024131607540603924, "p_al": 3.773024949034168, "p_ex": 1.2241305975352685, "prior": 9.328146256783993, "rate": 5.137558817898313}, "datetime": {"datetime": "2024-06-13 01:27:03", "elapsed": 115.067393, "delta": 0.114842}}
{"target": -94.0214416389602, "params": {"p_ai": 4.893874797855624, "p_al": 4.869724747174828, "p_ex": 5.703348718331128, "prior": 5.445530591045077, "rate": 9.171191497772435}, "datetime": {"datetime": "2024-06-13 01:27:03", "elapsed": 115.182591, "delta": 0.115198}}
{"target": -161.61802959876806, "params": {"p_ai": 8.843961080725371, "p_al": 7.83740887369155, "p_ex": 3.227950630409935, "prior": 7.8445897782918435, "rate": 1.4527095656428062}, "datetime": {"datetime": "2024-06-13 01:27:03", "elapsed": 115.300226, "delta": 0.117635}}
{"target": -125.67003794444307, "params": {"p_ai": 8.602401775503456, "p_al": 7.730224416470844, "p_ex": 7.7598953885519135, "prior": 5.287458244919481, "rate": 4.502403481540989}, "datetime": {"datetime": "2024-06-13 01:27:03", "elapsed": 115.415919, "delta": 0.115693}}
{"target": -83.18825464108706, "params": {"p_ai": 2.267088295432349, "p_al": 8.086973092518448, "p_ex": 9.659325036522198, "prior": 5.435776190031357, "rate": 9.022172363016855}, "datetime": {"datetime": "2024-06-13 01:27:03", "elapsed": 115.530612, "delta": 0.114693}}
{"target": -105.41098318986585, "params": {"p_ai": 2.824222069304223, "p_al": 5.1780347582439115, "p_ex": 3.282297731662208, "prior": 9.918019790908655, "rate": 2.503916201575952}, "datetime": {"datetime": "2024-06-13 01:27:04", "elapsed": 115.645457, "delta": 0.114845}}
{"target": -161.53212964627733, "params": {"p_ai": 6.7878761196273985, "p_al": 7.642256587918056, "p_ex": 0.3232341605855957, "prior": 9.822730012274928, "rate": 0.914136075297375}, "datetime": {"datetime": "2024-06-13 01:27:04", "elapsed": 115.760153, "delta": 0.114696}}
{"target": -108.99247767254187, "params": {"p_ai": 6.14113424455818, "p_al": 1.4943587574456791, "p_ex": 5.208444170554118, "prior": 0.9343575909094749, "rate": 7.812223199457574}, "datetime": {"datetime": "2024-06-13 01:27:04", "elapsed": 115.874338, "delta": 0.114185}}
{"target": -231.0733142485995, "params": {"p_ai": 7.729537241828221, "p_al": 5.981889500526001, "p_ex": 0.1464186524360543, "prior": 0.42120018122586705, "rate": 1.8105256034517658}, "datetime": {"datetime": "2024-06-13 01:27:04", "elapsed": 115.989537, "delta": 0.115199}}
{"target": -135.59357935616458, "params": {"p_ai": 9.720334679149751, "p_al": 2.5467472891170426, "p_ex": 7.5103372498064225, "prior": 2.8130708604490677, "rate": 2.555930656746099}, "datetime": {"datetime": "2024-06-13 01:27:04", "elapsed": 116.104521, "delta": 0.114984}}
{"target": -125.22475749423108, "params": {"p_ai": 2.5793794960502834, "p_al": 2.971232902105741, "p_ex": 0.0904371047664351, "prior": 9.871774644497181, "rate": 5.6650398975873095}, "datetime": {"datetime": "2024-06-13 01:27:04", "elapsed": 116.218217, "delta": 0.113696}}
{"target": -145.41943774914415, "params": {"p_ai": 6.018822270456636, "p_al": 5.383062448523599, "p_ex": 0.4393316428380598, "prior": 4.715733368498675, "rate": 5.397225335584681}, "datetime": {"datetime": "2024-06-13 01:27:04", "elapsed": 116.332806, "delta": 0.114589}}
{"target": -149.34535824420385, "params": {"p_ai": 6.729884951727836, "p_al": 5.342145859164941, "p_ex": 0.5516680175572997, "prior": 6.20136980037383, "rate": 5.812170852564193}, "datetime": {"datetime": "2024-06-13 01:27:04", "elapsed": 116.447499, "delta": 0.114693}}
{"target": -126.65979401916557, "params": {"p_ai": 5.456417661915516, "p_al": 8.432969520852312, "p_ex": 4.4744202102791135, "prior": 6.036050897636029, "rate": 1.2370052511020126}, "datetime": {"datetime": "2024-06-13 01:27:04", "elapsed": 116.562222, "delta": 0.114723}}
{"target": -133.7968801223994, "params": {"p_ai": 2.524540150676985, "p_al": 8.503692903217253, "p_ex": 0.16322740050218212, "prior": 1.563353530050915, "rate": 8.234026362621865}, "datetime": {"datetime": "2024-06-13 01:27:05", "elapsed": 116.675918, "delta": 0.113696}}
{"target": -100.52805266757855, "params": {"p_ai": 2.2941474771120194, "p_al": 2.5926903584258394, "p_ex": 7.008205276120064, "prior": 9.665286266010238, "rate": 1.9835999198248373}, "datetime": {"datetime": "2024-06-13 01:27:05", "elapsed": 116.790611, "delta": 0.114693}}
{"target": -120.985037235589, "params": {"p_ai": 7.47522538165057, "p_al": 1.4059219435725394, "p_ex": 3.8255932152218004, "prior": 3.2335692247824284, "rate": 8.837971404321385}, "datetime": {"datetime": "2024-06-13 01:27:05", "elapsed": 116.905305, "delta": 0.114694}}
{"target": -147.90426071646561, "params": {"p_ai": 6.554158581010341, "p_al": 3.3364200246523024, "p_ex": 0.2170579835200867, "prior": 3.690717582622661, "rate": 9.721834537767403}, "datetime": {"datetime": "2024-06-13 01:27:05", "elapsed": 117.020102, "delta": 0.114797}}
{"target": -121.8957326479404, "params": {"p_ai": 5.291461768734136, "p_al": 7.42170608723287, "p_ex": 3.4545429801032963, "prior": 4.606438063386967, "rate": 2.1171453464815797}, "datetime": {"datetime": "2024-06-13 01:27:05", "elapsed": 117.134901, "delta": 0.114799}}
{"target": -171.42967703231224, "params": {"p_ai": 8.369760341642717, "p_al": 3.5987287851418053, "p_ex": 0.37184424137389627, "prior": 6.8902029107172815, "rate": 1.5587330522055973}, "datetime": {"datetime": "2024-06-13 01:27:05", "elapsed": 117.248407, "delta": 0.113506}}
{"target": -122.03343220089222, "params": {"p_ai": 7.98771294193551, "p_al": 0.1536092638006946, "p_ex": 5.856645849985007, "prior": 4.955667253979119, "rate": 9.974619875851158}, "datetime": {"datetime": "2024-06-13 01:27:05", "elapsed": 117.363714, "delta": 0.115307}}
{"target": -117.62339982928364, "params": {"p_ai": 1.344572993526239, "p_al": 6.725864268561899, "p_ex": 0.950359807521899, "prior": 1.6185223747759032, "rate": 9.883324584988317}, "datetime": {"datetime": "2024-06-13 01:27:05", "elapsed": 117.478409, "delta": 0.114695}}
{"target": -138.550827111884, "params": {"p_ai": 8.066844009546434, "p_al": 2.447158246382357, "p_ex": 8.46315815656222, "prior": 0.3569669900902298, "rate": 5.356534904767137}, "datetime": {"datetime": "2024-06-13 01:27:05", "elapsed": 117.593105, "delta": 0.114696}}
{"target": -106.54859180322286, "params": {"p_ai": 0.9156560813263981, "p_al": 9.709085760754236, "p_ex": 5.8314262663101335, "prior": 5.557857005100962, "rate": 3.18041275716764}, "datetime": {"datetime": "2024-06-13 01:27:06", "elapsed": 117.707488, "delta": 0.114383}}
{"target": -179.42681093742743, "params": {"p_ai": 8.499195516950698, "p_al": 5.302014980143714, "p_ex": 0.1719651432931162, "prior": 1.849764010582726, "rate": 4.335249630012873}, "datetime": {"datetime": "2024-06-13 01:27:06", "elapsed": 117.822182, "delta": 0.114694}}
{"target": -271.95565127975584, "params": {"p_ai": 0.8006841346400438, "p_al": 2.807294876301211, "p_ex": 2.50470246829456, "prior": 0.0070858144496818345, "rate": 6.929160306974375}, "datetime": {"datetime": "2024-06-13 01:27:06", "elapsed": 117.942203, "delta": 0.120021}}
{"target": -130.8105299049141, "params": {"p_ai": 7.739122475175086, "p_al": 8.203672630915388, "p_ex": 8.516444514251624, "prior": 1.516097284927453, "rate": 8.900476347891459}, "datetime": {"datetime": "2024-06-13 01:27:06", "elapsed": 118.057028, "delta": 0.114825}}
{"target": -116.92164404452387, "params": {"p_ai": 6.582470685255508, "p_al": 6.961640494479081, "p_ex": 5.641152570424658, "prior": 9.396880301472725, "rate": 2.5192185879677065}, "datetime": {"datetime": "2024-06-13 01:27:06", "elapsed": 118.171283, "delta": 0.114255}}
{"target": -158.49953029959312, "params": {"p_ai": 7.869055952943655, "p_al": 4.953089405221723, "p_ex": 8.909111167255265, "prior": 2.7627106992521195, "rate": 0.15345384499933612}, "datetime": {"datetime": "2024-06-13 01:27:06", "elapsed": 118.285848, "delta": 0.114565}}
{"target": -106.59906624016742, "params": {"p_ai": 0.6498451553396644, "p_al": 8.996451227127428, "p_ex": 6.411861082231753, "prior": 7.302956948346961, "rate": 5.044112683675495}, "datetime": {"datetime": "2024-06-13 01:27:06", "elapsed": 118.400049, "delta": 0.114201}}
{"target": -94.9221875002467, "params": {"p_ai": 5.5761884295247635, "p_al": 3.6395809320717802, "p_ex": 7.826573847079232, "prior": 7.568895646824035, "rate": 7.000361363341032}, "datetime": {"datetime": "2024-06-13 01:27:06", "elapsed": 118.515279, "delta": 0.11523}}
{"target": -134.17794066193088, "params": {"p_ai": 9.618962257003597, "p_al": 7.688614872456184, "p_ex": 9.779247988847397, "prior": 5.903174220486923, "rate": 6.192971647774601}, "datetime": {"datetime": "2024-06-13 01:27:06", "elapsed": 118.629481, "delta": 0.114202}}
{"target": -146.31359556040786, "params": {"p_ai": 6.390893117652819, "p_al": 3.264387498125066, "p_ex": 0.33125715159731645, "prior": 7.881975609758543, "rate": 7.102168318001721}, "datetime": {"datetime": "2024-06-13 01:27:07", "elapsed": 118.745274, "delta": 0.115793}}
{"target": -117.98039089609378, "params": {"p_ai": 0.7912378849771072, "p_al": 1.486669782533265, "p_ex": 6.863716101718253, "prior": 5.350838735760061, "rate": 1.9129532131472144}, "datetime": {"datetime": "2024-06-13 01:27:07", "elapsed": 118.860476, "delta": 0.115202}}
{"target": -133.16102962035933, "params": {"p_ai": 0.5604775554987163, "p_al": 6.114511590773306, "p_ex": 0.5370626571610718, "prior": 2.136539544210775, "rate": 5.027124040449976}, "datetime": {"datetime": "2024-06-13 01:27:07", "elapsed": 118.979159, "delta": 0.118683}}
{"target": -132.2135914253603, "params": {"p_ai": 0.941217065094407, "p_al": 4.089652201039502, "p_ex": 0.2021378650325921, "prior": 1.1955179943126049, "rate": 9.40068507565786}, "datetime": {"datetime": "2024-06-13 01:27:07", "elapsed": 119.09399, "delta": 0.114831}}
{"target": -106.56250953119971, "params": {"p_ai": 5.589052028891483, "p_al": 6.864927298504364, "p_ex": 3.7783242612042365, "prior": 7.6314509854431005, "rate": 8.963993959368008}, "datetime": {"datetime": "2024-06-13 01:27:07", "elapsed": 119.208683, "delta": 0.114693}}
{"target": -130.50523216509367, "params": {"p_ai": 9.102011437176152, "p_al": 4.965364995168459, "p_ex": 7.626339709379889, "prior": 7.089911370081905, "rate": 9.513017241338671}, "datetime": {"datetime": "2024-06-13 01:27:07", "elapsed": 119.323597, "delta": 0.114914}}
{"target": -120.6980046611176, "params": {"p_ai": 2.416303346981715, "p_al": 5.613835738122402, "p_ex": 0.4386889024105297, "prior": 9.231856412216342, "rate": 9.452620531007295}, "datetime": {"datetime": "2024-06-13 01:27:07", "elapsed": 119.438931, "delta": 0.115334}}
{"target": -95.0754805192574, "params": {"p_ai": 5.0095625425504435, "p_al": 5.861588364410452, "p_ex": 7.719646508723738, "prior": 2.494062511590284, "rate": 3.7905257699858756}, "datetime": {"datetime": "2024-06-13 01:27:07", "elapsed": 119.555619, "delta": 0.116688}}
{"target": -108.4176262512772, "params": {"p_ai": 2.886767356393754, "p_al": 5.388500848183928, "p_ex": 9.489619281316324, "prior": 3.8546215947990015, "rate": 0.4510526483715768}, "datetime": {"datetime": "2024-06-13 01:27:08", "elapsed": 119.669884, "delta": 0.114265}}
{"target": -120.52765603845793, "params": {"p_ai": 6.8255038084621535, "p_al": 4.950811571138601, "p_ex": 2.96582349698632, "prior": 4.159470178485402, "rate": 8.625240458520828}, "datetime": {"datetime": "2024-06-13 01:27:08", "elapsed": 119.784263, "delta": 0.114379}}
{"target": -119.84965442775379, "params": {"p_ai": 8.210356117785, "p_al": 1.7092925546648687, "p_ex": 6.85164764918238, "prior": 9.976635949364582, "rate": 7.843808621110356}, "datetime": {"datetime": "2024-06-13 01:27:08", "elapsed": 119.914913, "delta": 0.13065}}
{"target": -139.33598347683773, "params": {"p_ai": 7.250738507998258, "p_al": 3.1008897721241295, "p_ex": 1.5955484350535305, "prior": 8.643357218080194, "rate": 6.103851837947851}, "datetime": {"datetime": "2024-06-13 01:27:08", "elapsed": 120.030746, "delta": 0.115833}}
{"target": -94.08454852756944, "params": {"p_ai": 3.90151389493923, "p_al": 7.556151757473976, "p_ex": 7.18656022932733, "prior": 6.473683921648569, "rate": 2.0734263522718335}, "datetime": {"datetime": "2024-06-13 01:27:08", "elapsed": 120.149089, "delta": 0.118343}}
{"target": -142.8293638257454, "params": {"p_ai": 8.8553926501292, "p_al": 7.190340618322544, "p_ex": 3.0270030035828013, "prior": 0.636921390268151, "rate": 9.128051358543207}, "datetime": {"datetime": "2024-06-13 01:27:08", "elapsed": 120.279646, "delta": 0.130557}}
{"target": -129.96440603337328, "params": {"p_ai": 7.938706734457834, "p_al": 4.986337846072983, "p_ex": 4.139838016887461, "prior": 6.1560091774169186, "rate": 3.9857532458547134}, "datetime": {"datetime": "2024-06-13 01:27:08", "elapsed": 120.402321, "delta": 0.122675}}
{"target": -121.46474199905467, "params": {"p_ai": 0.3901414822148927, "p_al": 3.020381352721477, "p_ex": 2.4635393026772414, "prior": 9.723053574133592, "rate": 7.675212992944449}, "datetime": {"datetime": "2024-06-13 01:27:08", "elapsed": 120.519922, "delta": 0.117601}}
{"target": -115.08698471394402, "params": {"p_ai": 4.03756244174214, "p_al": 7.36653545986381, "p_ex": 3.027247496390776, "prior": 5.273430978494289, "rate": 2.0722252550467415}, "datetime": {"datetime": "2024-06-13 01:27:09", "elapsed": 120.642101, "delta": 0.122179}}
{"target": -114.90560552062595, "params": {"p_ai": 2.5433485755736505, "p_al": 4.340796665124917, "p_ex": 0.8251761637855287, "prior": 8.533026279332793, "rate": 9.163375833703464}, "datetime": {"datetime": "2024-06-13 01:27:09", "elapsed": 120.7573, "delta": 0.115199}}
{"target": -82.94585900228141, "params": {"p_ai": 2.131865517652924, "p_al": 4.7377463955953685, "p_ex": 8.414755557056594, "prior": 2.8835014556151, "rate": 6.107477511684517}, "datetime": {"datetime": "2024-06-13 01:27:09", "elapsed": 120.872499, "delta": 0.115199}}
{"target": -87.10557601255525, "params": {"p_ai": 4.421038071544468, "p_al": 3.9755172922412867, "p_ex": 7.893952838867759, "prior": 4.645661627447652, "rate": 4.648560381634333}, "datetime": {"datetime": "2024-06-13 01:27:09", "elapsed": 120.986336, "delta": 0.113837}}
{"target": -163.81056857940277, "params": {"p_ai": 9.92029301475014, "p_al": 9.622335724671418, "p_ex": 2.3515737989342904, "prior": 2.270310717446777, "rate": 6.627717437420285}, "datetime": {"datetime": "2024-06-13 01:27:09", "elapsed": 121.101227, "delta": 0.114891}}
{"target": -91.8521067117308, "params": {"p_ai": 4.12005240559699, "p_al": 7.18782165147362, "p_ex": 7.33480011223453, "prior": 7.833165317126014, "rate": 2.633881563500563}, "datetime": {"datetime": "2024-06-13 01:27:09", "elapsed": 121.215888, "delta": 0.114661}}
{"target": -176.77889460656047, "params": {"p_ai": 9.983583794835354, "p_al": 4.937510667267648, "p_ex": 0.8401812170627261, "prior": 1.1210448167623643, "rate": 5.615435741740323}, "datetime": {"datetime": "2024-06-13 01:27:09", "elapsed": 121.330339, "delta": 0.114451}}
{"target": -98.20718190152155, "params": {"p_ai": 5.101579315319213, "p_al": 9.348420230005587, "p_ex": 9.008359782293162, "prior": 4.654571074889556, "rate": 2.0655648551479264}, "datetime": {"datetime": "2024-06-13 01:27:09", "elapsed": 121.445032, "delta": 0.114693}}
{"target": -99.03868201383933, "params": {"p_ai": 5.644611641557381, "p_al": 3.0880250843924477, "p_ex": 6.506205753925493, "prior": 5.151524964800736, "rate": 8.431957734316212}, "datetime": {"datetime": "2024-06-13 01:27:09", "elapsed": 121.559757, "delta": 0.114725}}
{"target": -96.73851441448153, "params": {"p_ai": 1.318272408917089, "p_al": 2.510816765750457, "p_ex": 5.975716811020777, "prior": 6.252522597888486, "rate": 4.126528259704839}, "datetime": {"datetime": "2024-06-13 01:27:10", "elapsed": 121.674419, "delta": 0.114662}}
{"target": -138.17775509701872, "params": {"p_ai": 9.00602115151299, "p_al": 8.102939975399439, "p_ex": 5.408957978271053, "prior": 4.050888574518294, "rate": 3.9723842641831384}, "datetime": {"datetime": "2024-06-13 01:27:10", "elapsed": 121.789112, "delta": 0.114693}}
