{"target": -151.7097555918045, "params": {"gamma": 0.07482239417394645, "prior": 5.803380947527404, "rate": 9.95416712177175}, "datetime": {"datetime": "2024-06-14 13:08:26", "elapsed": 675.146164, "delta": 33.248371}}
{"target": -151.20793680438865, "params": {"gamma": 0.016694295680017332, "prior": 5.473189990545262, "rate": 7.41884240587317}, "datetime": {"datetime": "2024-06-14 13:08:55", "elapsed": 704.499702, "delta": 29.353538}}
{"target": -151.14147988319215, "params": {"gamma": 0.006843302207264683, "prior": 5.650206958606328, "rate": 4.4601495252505785}, "datetime": {"datetime": "2024-06-14 13:09:22", "elapsed": 731.586297, "delta": 27.086595}}
{"target": -151.10434884709494, "params": {"gamma": 0.0010001630675609764, "prior": 0.10000007278408059, "rate": 0.001}, "datetime": {"datetime": "2024-06-14 13:09:45", "elapsed": 754.526789, "delta": 22.940492}}
