{"target": -263.52074664707845, "params": {"gamma": 2.8026461610955637, "prior": 4.5684824262007755, "rate": 9.004588674948266}, "datetime": {"datetime": "2024-06-14 12:31:14", "elapsed": 6.412305, "delta": 0.009974}}
{"target": -654.1765956261595, "params": {"gamma": 8.719984326277993, "prior": 7.1011573368634044, "rate": 5.909415094304578}, "datetime": {"datetime": "2024-06-14 12:31:14", "elapsed": 6.422278, "delta": 0.009973}}
{"target": -547.5926972554443, "params": {"gamma": 8.174005321700859, "prior": 9.085681996388406, "rate": 0.026073089119563617}, "datetime": {"datetime": "2024-06-14 12:31:14", "elapsed": 6.431258, "delta": 0.00898}}
{"target": -332.3371849642775, "params": {"gamma": 3.972880434571384, "prior": 5.657955868812967, "rate": 7.339497439712482}, "datetime": {"datetime": "2024-06-14 12:31:14", "elapsed": 6.440233, "delta": 0.008975}}
{"target": -162.7305522635193, "params": {"gamma": 0.8756401490882502, "prior": 4.057574378040559, "rate": 2.796932173319039}, "datetime": {"datetime": "2024-06-14 12:31:14", "elapsed": 6.450207, "delta": 0.009974}}
{"target": -350.38748909177207, "params": {"gamma": 4.235677020998725, "prior": 5.029988463465554, "rate": 6.600492220036985}, "datetime": {"datetime": "2024-06-14 12:31:14", "elapsed": 6.458924, "delta": 0.008717}}
{"target": -392.12725755518363, "params": {"gamma": 4.962865153563822, "prior": 6.242635185991386, "rate": 5.824816179030337}, "datetime": {"datetime": "2024-06-14 12:31:14", "elapsed": 6.4679, "delta": 0.008976}}
{"target": -401.73265792611863, "params": {"gamma": 4.2838956479905255, "prior": 0.1492660106415274, "rate": 1.9459696221821587}, "datetime": {"datetime": "2024-06-14 12:31:14", "elapsed": 6.478871, "delta": 0.010971}}
{"target": -301.00664078576875, "params": {"gamma": 3.2027463362086017, "prior": 1.55508344596382, "rate": 5.987040152182751}, "datetime": {"datetime": "2024-06-14 12:31:14", "elapsed": 6.487846, "delta": 0.008975}}
{"target": -461.0094164994646, "params": {"gamma": 6.115383267119364, "prior": 5.050923270009602, "rate": 3.2091681671070447}, "datetime": {"datetime": "2024-06-14 12:31:14", "elapsed": 6.49782, "delta": 0.009974}}
{"target": -447.62674215040795, "params": {"gamma": 6.53292726219252, "prior": 1.983806478522533, "rate": 0.05980393346483768}, "datetime": {"datetime": "2024-06-14 12:31:14", "elapsed": 6.506796, "delta": 0.008976}}
{"target": -579.0076412932754, "params": {"gamma": 7.3496852448209316, "prior": 4.490688034848957, "rate": 6.978718718842435}, "datetime": {"datetime": "2024-06-14 12:31:14", "elapsed": 6.515772, "delta": 0.008976}}
{"target": -216.9062443822526, "params": {"gamma": 1.851248453020123, "prior": 0.7199360396407632, "rate": 3.78170775924343}, "datetime": {"datetime": "2024-06-14 12:31:15", "elapsed": 6.524748, "delta": 0.008976}}
{"target": -554.3769130698155, "params": {"gamma": 6.960269107944495, "prior": 1.1179018377977268, "rate": 1.959146502516249}, "datetime": {"datetime": "2024-06-14 12:31:15", "elapsed": 6.534721, "delta": 0.009973}}
{"target": -369.18297660372775, "params": {"gamma": 4.540072551414793, "prior": 6.249376977967096, "rate": 7.501492356441782}, "datetime": {"datetime": "2024-06-14 12:31:15", "elapsed": 6.543697, "delta": 0.008976}}
{"target": -169.12633025226597, "params": {"gamma": 1.0982404778352803, "prior": 6.283773710840847, "rate": 3.8742178609226636}, "datetime": {"datetime": "2024-06-14 12:31:15", "elapsed": 6.552673, "delta": 0.008976}}
{"target": -546.9247807921095, "params": {"gamma": 6.701233597109323, "prior": 2.115247738852826, "rate": 5.2796600565097815}, "datetime": {"datetime": "2024-06-14 12:31:15", "elapsed": 6.562676, "delta": 0.010003}}
{"target": -217.19321839704415, "params": {"gamma": 1.722453387004371, "prior": 0.2849419593641159, "rate": 4.870015513993148}, "datetime": {"datetime": "2024-06-14 12:31:15", "elapsed": 6.571622, "delta": 0.008946}}
{"target": -199.96818983725743, "params": {"gamma": 1.8425935878323698, "prior": 6.4195989670335365, "rate": 5.366211618584989}, "datetime": {"datetime": "2024-06-14 12:31:15", "elapsed": 6.580599, "delta": 0.008977}}
{"target": -626.3525572790993, "params": {"gamma": 7.74967885459746, "prior": 3.990303036078612, "rate": 9.894531856231692}, "datetime": {"datetime": "2024-06-14 12:31:15", "elapsed": 6.590572, "delta": 0.009973}}
{"target": -418.5791019412743, "params": {"gamma": 5.152631746924576, "prior": 4.84035167173617, "rate": 7.494675265050945}, "datetime": {"datetime": "2024-06-14 12:31:15", "elapsed": 6.599548, "delta": 0.008976}}
{"target": -455.36747585524137, "params": {"gamma": 5.727310244630862, "prior": 3.6884066412702516, "rate": 4.892958609815962}, "datetime": {"datetime": "2024-06-14 12:31:15", "elapsed": 6.609522, "delta": 0.009974}}
{"target": -199.56305652580073, "params": {"gamma": 1.8921946110135588, "prior": 3.9964758015389337, "rate": 0.30058756348796134}, "datetime": {"datetime": "2024-06-14 12:31:15", "elapsed": 6.618497, "delta": 0.008975}}
{"target": -385.91768411420344, "params": {"gamma": 4.625828074361687, "prior": 2.8172937167553513, "rate": 5.267631887725799}, "datetime": {"datetime": "2024-06-14 12:31:15", "elapsed": 6.627473, "delta": 0.008976}}
{"target": -152.07670759919216, "params": {"gamma": 0.2936919419097222, "prior": 5.595358988569528, "rate": 2.9306858383999437}, "datetime": {"datetime": "2024-06-14 12:31:15", "elapsed": 6.636449, "delta": 0.008976}}
{"target": -436.13794841352234, "params": {"gamma": 5.775329319454461, "prior": 7.35442154728753, "rate": 4.403937930137581}, "datetime": {"datetime": "2024-06-14 12:31:15", "elapsed": 6.646422, "delta": 0.009973}}
{"target": -557.2471231249131, "params": {"gamma": 6.6319050719967745, "prior": 2.4652085532150996, "rate": 9.985992286776213}, "datetime": {"datetime": "2024-06-14 12:31:15", "elapsed": 6.656396, "delta": 0.009974}}
{"target": -221.90286678768427, "params": {"gamma": 2.4295423376760557, "prior": 9.414201302377094, "rate": 2.1729802841597885}, "datetime": {"datetime": "2024-06-14 12:31:15", "elapsed": 6.66637, "delta": 0.009974}}
{"target": -391.3445448573704, "params": {"gamma": 4.97614628166607, "prior": 8.229651952438084, "rate": 7.166163879900548}, "datetime": {"datetime": "2024-06-14 12:31:15", "elapsed": 6.675345, "delta": 0.008975}}
{"target": -560.248250848161, "params": {"gamma": 7.05609854079457, "prior": 4.460361543759608, "rate": 7.541996079526139}, "datetime": {"datetime": "2024-06-14 12:31:15", "elapsed": 6.685318, "delta": 0.009973}}
{"target": -704.628226897131, "params": {"gamma": 9.199615816571573, "prior": 4.469382278626795, "rate": 5.2801268760628535}, "datetime": {"datetime": "2024-06-14 12:31:15", "elapsed": 6.694295, "delta": 0.008977}}
{"target": -157.73294877391044, "params": {"gamma": 0.6612898045823568, "prior": 3.968653429339858, "rate": 4.672918424766126}, "datetime": {"datetime": "2024-06-14 12:31:15", "elapsed": 6.70327, "delta": 0.008975}}
{"target": -755.5802141314709, "params": {"gamma": 8.951481970324929, "prior": 1.1945186585288683, "rate": 7.311644894386467}, "datetime": {"datetime": "2024-06-14 12:31:15", "elapsed": 6.713244, "delta": 0.009974}}
{"target": -385.5045983723594, "params": {"gamma": 5.455166214318647, "prior": 6.10470076211378, "rate": 0.2987996583514733}, "datetime": {"datetime": "2024-06-14 12:31:15", "elapsed": 6.72222, "delta": 0.008976}}
{"target": -185.76227238110008, "params": {"gamma": 1.4683270502280348, "prior": 2.911433932115233, "rate": 0.04971560748810713}, "datetime": {"datetime": "2024-06-14 12:31:15", "elapsed": 6.731196, "delta": 0.008976}}
{"target": -500.3406282638844, "params": {"gamma": 6.6919088201735715, "prior": 8.715553694333723, "rate": 5.470136124403138}, "datetime": {"datetime": "2024-06-14 12:31:15", "elapsed": 6.740172, "delta": 0.008976}}
{"target": -407.88558153828114, "params": {"gamma": 5.432097311144519, "prior": 6.195686693269069, "rate": 3.022512822657626}, "datetime": {"datetime": "2024-06-14 12:31:15", "elapsed": 6.750145, "delta": 0.009973}}
{"target": -313.4984848466419, "params": {"gamma": 3.6679530846277557, "prior": 5.7919033000498885, "rate": 8.092356620589728}, "datetime": {"datetime": "2024-06-14 12:31:15", "elapsed": 6.759121, "delta": 0.008976}}
{"target": -217.99627743487588, "params": {"gamma": 2.016764747447303, "prior": 3.3424881528980626, "rate": 7.429469582646582}, "datetime": {"datetime": "2024-06-14 12:31:15", "elapsed": 6.768099, "delta": 0.008978}}
{"target": -309.1963263926849, "params": {"gamma": 3.4098615710742886, "prior": 0.5713481941948949, "rate": 1.5644129298338398}, "datetime": {"datetime": "2024-06-14 12:31:15", "elapsed": 6.77807, "delta": 0.009971}}
{"target": -208.13966360886326, "params": {"gamma": 1.9394547317358086, "prior": 5.001612389355664, "rate": 6.351614485952291}, "datetime": {"datetime": "2024-06-14 12:31:15", "elapsed": 6.787047, "delta": 0.008977}}
{"target": -620.8693388101402, "params": {"gamma": 8.802319552208612, "prior": 9.035111908580227, "rate": 3.072300524082465}, "datetime": {"datetime": "2024-06-14 12:31:15", "elapsed": 6.797028, "delta": 0.009981}}
{"target": -585.2260855878014, "params": {"gamma": 7.534047351182733, "prior": 2.896037502533829, "rate": 3.686400120782994}, "datetime": {"datetime": "2024-06-14 12:31:15", "elapsed": 6.805996, "delta": 0.008968}}
{"target": -252.48002456975576, "params": {"gamma": 2.927972894369209, "prior": 4.195538288371103, "rate": 2.147942240988137}, "datetime": {"datetime": "2024-06-14 12:31:15", "elapsed": 6.815969, "delta": 0.009973}}
{"target": -310.27346147899783, "params": {"gamma": 3.1905410786954205, "prior": 1.3070061575118679, "rate": 9.63021937771575}, "datetime": {"datetime": "2024-06-14 12:31:15", "elapsed": 6.824945, "delta": 0.008976}}
{"target": -393.8829587054751, "params": {"gamma": 5.04032611097843, "prior": 9.238696757627771, "rate": 7.461855247593438}, "datetime": {"datetime": "2024-06-14 12:31:15", "elapsed": 6.833922, "delta": 0.008977}}
{"target": -363.2342626417141, "params": {"gamma": 4.577595171516512, "prior": 7.570760030550504, "rate": 6.280602762990652}, "datetime": {"datetime": "2024-06-14 12:31:15", "elapsed": 6.842897, "delta": 0.008975}}
{"target": -272.27803258464974, "params": {"gamma": 3.0382805830845347, "prior": 5.264427202791391, "rate": 7.123409644278645}, "datetime": {"datetime": "2024-06-14 12:31:15", "elapsed": 6.85287, "delta": 0.009973}}
{"target": -306.69231084871006, "params": {"gamma": 3.0538300009516193, "prior": 0.22397608517608533, "rate": 2.6833600285302275}, "datetime": {"datetime": "2024-06-14 12:31:15", "elapsed": 6.861847, "delta": 0.008977}}
{"target": -591.8243935416139, "params": {"gamma": 7.967658010425252, "prior": 9.306931580738663, "rate": 6.2536862178776484}, "datetime": {"datetime": "2024-06-14 12:31:15", "elapsed": 6.870823, "delta": 0.008976}}
{"target": -177.3060328348036, "params": {"gamma": 1.3289420383195298, "prior": 7.59994655654947, "rate": 5.269526555127393}, "datetime": {"datetime": "2024-06-14 12:31:15", "elapsed": 6.880796, "delta": 0.009973}}
{"target": -580.1576342577242, "params": {"gamma": 7.538936847140509, "prior": 8.600255860393125, "rate": 9.475467969467141}, "datetime": {"datetime": "2024-06-14 12:31:15", "elapsed": 6.889772, "delta": 0.008976}}
{"target": -500.61127209855056, "params": {"gamma": 6.545720808693693, "prior": 8.557156277442202, "rate": 7.426137988907772}, "datetime": {"datetime": "2024-06-14 12:31:15", "elapsed": 6.899746, "delta": 0.009974}}
{"target": -559.7772258437487, "params": {"gamma": 7.271284782848366, "prior": 8.60202848704295, "rate": 9.2301074044959}, "datetime": {"datetime": "2024-06-14 12:31:15", "elapsed": 6.908721, "delta": 0.008975}}
{"target": -615.9659204092573, "params": {"gamma": 9.020857939246921, "prior": 4.017927589495288, "rate": 0.8411287767074533}, "datetime": {"datetime": "2024-06-14 12:31:15", "elapsed": 6.917943, "delta": 0.009222}}
{"target": -631.1737413475533, "params": {"gamma": 8.295907610863033, "prior": 5.43542237774558, "rate": 5.421219471236491}, "datetime": {"datetime": "2024-06-14 12:31:15", "elapsed": 6.927457, "delta": 0.009514}}
{"target": -739.6177142478721, "params": {"gamma": 8.25192813033363, "prior": 0.4166434253201614, "rate": 8.779726226832842}, "datetime": {"datetime": "2024-06-14 12:31:15", "elapsed": 6.93743, "delta": 0.009973}}
{"target": -152.35548672068762, "params": {"gamma": 0.34730537937586553, "prior": 6.9626261279460415, "rate": 5.875257309024742}, "datetime": {"datetime": "2024-06-14 12:31:15", "elapsed": 6.946406, "delta": 0.008976}}
{"target": -485.90007820671195, "params": {"gamma": 6.417850059155134, "prior": 3.803393858608736, "rate": 2.755344804474391}, "datetime": {"datetime": "2024-06-14 12:31:15", "elapsed": 6.955382, "delta": 0.008976}}
{"target": -391.83233423710345, "params": {"gamma": 5.094576405806185, "prior": 8.869648859782243, "rate": 5.653331413985319}, "datetime": {"datetime": "2024-06-14 12:31:15", "elapsed": 6.965355, "delta": 0.009973}}
{"target": -537.1621002880682, "params": {"gamma": 6.631825765751704, "prior": 4.469654386439658, "rate": 9.7214187321274}, "datetime": {"datetime": "2024-06-14 12:31:15", "elapsed": 6.974395, "delta": 0.00904}}
{"target": -590.1839071250405, "params": {"gamma": 7.425482001064747, "prior": 3.613534857422657, "rate": 6.5356567956039315}, "datetime": {"datetime": "2024-06-14 12:31:15", "elapsed": 6.983371, "delta": 0.008976}}
{"target": -397.5262573511022, "params": {"gamma": 5.426621502305332, "prior": 8.852156502548992, "rate": 2.7512654566030514}, "datetime": {"datetime": "2024-06-14 12:31:15", "elapsed": 6.993344, "delta": 0.009973}}
{"target": -171.77488651387407, "params": {"gamma": 1.0815667842382009, "prior": 1.9935933122375844, "rate": 3.8710752798182537}, "datetime": {"datetime": "2024-06-14 12:31:15", "elapsed": 7.00232, "delta": 0.008976}}
{"target": -683.0000604554679, "params": {"gamma": 8.54074388954821, "prior": 2.7813646469755744, "rate": 6.263961673283628}, "datetime": {"datetime": "2024-06-14 12:31:15", "elapsed": 7.012294, "delta": 0.009974}}
{"target": -432.51286448823214, "params": {"gamma": 6.235894458654538, "prior": 4.139666639944494, "rate": 0.504300961464858}, "datetime": {"datetime": "2024-06-14 12:31:15", "elapsed": 7.021269, "delta": 0.008975}}
{"target": -580.2043958066919, "params": {"gamma": 7.448593896451896, "prior": 3.027682790796424, "rate": 3.9851835072938524}, "datetime": {"datetime": "2024-06-14 12:31:15", "elapsed": 7.030246, "delta": 0.008977}}
{"target": -291.11577381911945, "params": {"gamma": 3.7730184357375642, "prior": 6.669666053543827, "rate": 0.8642465348648255}, "datetime": {"datetime": "2024-06-14 12:31:15", "elapsed": 7.040219, "delta": 0.009973}}
{"target": -519.309551351056, "params": {"gamma": 5.49934931479934, "prior": 0.25267604119823284, "rate": 9.830406796410628}, "datetime": {"datetime": "2024-06-14 12:31:15", "elapsed": 7.049195, "delta": 0.008976}}
{"target": -437.77256310893614, "params": {"gamma": 5.984673796657761, "prior": 3.902730857162644, "rate": 1.4683325593440997}, "datetime": {"datetime": "2024-06-14 12:31:15", "elapsed": 7.059169, "delta": 0.009974}}
{"target": -500.4374608578307, "params": {"gamma": 6.9690863860416155, "prior": 9.067503325394869, "rate": 3.1817694146938234}, "datetime": {"datetime": "2024-06-14 12:31:15", "elapsed": 7.069142, "delta": 0.009973}}
{"target": -629.820743833589, "params": {"gamma": 7.665154954417642, "prior": 2.946231210207758, "rate": 9.57229619840156}, "datetime": {"datetime": "2024-06-14 12:31:15", "elapsed": 7.078117, "delta": 0.008975}}
{"target": -553.175403918062, "params": {"gamma": 7.023455232193281, "prior": 6.287654372613879, "rate": 9.307416596768327}, "datetime": {"datetime": "2024-06-14 12:31:15", "elapsed": 7.087093, "delta": 0.008976}}
{"target": -243.03743392370575, "params": {"gamma": 2.6911548301319335, "prior": 9.243795888773532, "rate": 6.781151258305702}, "datetime": {"datetime": "2024-06-14 12:31:15", "elapsed": 7.097067, "delta": 0.009974}}
{"target": -603.3414642369443, "params": {"gamma": 7.713853709507418, "prior": 5.759189830706018, "rate": 8.339212870314833}, "datetime": {"datetime": "2024-06-14 12:31:15", "elapsed": 7.10704, "delta": 0.009973}}
{"target": -583.6681059392334, "params": {"gamma": 6.983119711119335, "prior": 1.551426147591399, "rate": 6.1249988251521215}, "datetime": {"datetime": "2024-06-14 12:31:15", "elapsed": 7.116016, "delta": 0.008976}}
{"target": -239.8928547525846, "params": {"gamma": 2.793924035827702, "prior": 9.167199358366272, "rate": 1.9831246698113274}, "datetime": {"datetime": "2024-06-14 12:31:15", "elapsed": 7.125989, "delta": 0.009973}}
{"target": -287.33884304400726, "params": {"gamma": 2.857879237217657, "prior": 0.5717815791998215, "rate": 4.476343861362332}, "datetime": {"datetime": "2024-06-14 12:31:15", "elapsed": 7.134965, "delta": 0.008976}}
{"target": -449.3312982043693, "params": {"gamma": 5.576320563895948, "prior": 5.778254717513243, "rate": 9.053868422216771}, "datetime": {"datetime": "2024-06-14 12:31:15", "elapsed": 7.14397, "delta": 0.009005}}
{"target": -306.4307608283683, "params": {"gamma": 3.47479191407325, "prior": 4.5305309579534265, "rate": 8.512525387352474}, "datetime": {"datetime": "2024-06-14 12:31:15", "elapsed": 7.153914, "delta": 0.009944}}
{"target": -426.6021630497117, "params": {"gamma": 5.768716203017017, "prior": 6.574530055289563, "rate": 2.784314944612766}, "datetime": {"datetime": "2024-06-14 12:31:15", "elapsed": 7.16292, "delta": 0.009006}}
{"target": -357.53795963656296, "params": {"gamma": 4.875225544956866, "prior": 6.247428637046675, "rate": 1.3348069074222546}, "datetime": {"datetime": "2024-06-14 12:31:15", "elapsed": 7.171867, "delta": 0.008947}}
{"target": -151.883929771656, "params": {"gamma": 0.3300542572087522, "prior": 1.222768911195179, "rate": 4.775133302320191}, "datetime": {"datetime": "2024-06-14 12:31:15", "elapsed": 7.18184, "delta": 0.009973}}
{"target": -152.3419474907309, "params": {"gamma": 0.24124331957345432, "prior": 6.299468398458495, "rate": 0.9767285971428687}, "datetime": {"datetime": "2024-06-14 12:31:15", "elapsed": 7.190816, "delta": 0.008976}}
{"target": -226.1976951536125, "params": {"gamma": 2.5103644156247413, "prior": 4.322280163976562, "rate": 1.159151640315784}, "datetime": {"datetime": "2024-06-14 12:31:15", "elapsed": 7.199793, "delta": 0.008977}}
{"target": -290.43847325940624, "params": {"gamma": 2.706249385980867, "prior": 0.3086887610715615, "rate": 9.850470490551084}, "datetime": {"datetime": "2024-06-14 12:31:15", "elapsed": 7.209803, "delta": 0.01001}}
{"target": -422.55525539989253, "params": {"gamma": 6.116124507605985, "prior": 3.8457030044689664, "rate": 0.2662569827533811}, "datetime": {"datetime": "2024-06-14 12:31:15", "elapsed": 7.218741, "delta": 0.008938}}
{"target": -336.87680766689334, "params": {"gamma": 3.8989976450014674, "prior": 4.580330401225699, "rate": 9.310100934451263}, "datetime": {"datetime": "2024-06-14 12:31:15", "elapsed": 7.228716, "delta": 0.009975}}
{"target": -253.3663773066626, "params": {"gamma": 2.7857632142087283, "prior": 6.186340721724661, "rate": 6.6520183774673525}, "datetime": {"datetime": "2024-06-14 12:31:15", "elapsed": 7.237691, "delta": 0.008975}}
{"target": -205.85848050299765, "params": {"gamma": 1.8604237369935928, "prior": 5.107057154965675, "rate": 7.86522112783649}, "datetime": {"datetime": "2024-06-14 12:31:15", "elapsed": 7.246667, "delta": 0.008976}}
{"target": -167.98828767923044, "params": {"gamma": 0.966693765249707, "prior": 6.099749451872725, "rate": 0.261573266951244}, "datetime": {"datetime": "2024-06-14 12:31:15", "elapsed": 7.25664, "delta": 0.009973}}
{"target": -150.13006365336884, "params": {"gamma": 0.07146019137694642, "prior": 0.6893332106867064, "rate": 4.814523191031215}, "datetime": {"datetime": "2024-06-14 12:31:15", "elapsed": 7.265616, "delta": 0.008976}}
{"target": -626.1004297827044, "params": {"gamma": 9.257115382793618, "prior": 4.1150181029763395, "rate": 0.7512513607260716}, "datetime": {"datetime": "2024-06-14 12:31:15", "elapsed": 7.274592, "delta": 0.008976}}
{"target": -633.0783128452636, "params": {"gamma": 8.613663392355804, "prior": 5.241046096157358, "rate": 3.1900397533053235}, "datetime": {"datetime": "2024-06-14 12:31:15", "elapsed": 7.284565, "delta": 0.009973}}
{"target": -666.725181201598, "params": {"gamma": 9.630360355507971, "prior": 9.388791508173545, "rate": 2.6009297005949668}, "datetime": {"datetime": "2024-06-14 12:31:15", "elapsed": 7.293542, "delta": 0.008977}}
{"target": -213.1652480531193, "params": {"gamma": 2.014717145283489, "prior": 5.930196162730165, "rate": 8.425339580205748}, "datetime": {"datetime": "2024-06-14 12:31:15", "elapsed": 7.302517, "delta": 0.008975}}
{"target": -271.7696099680129, "params": {"gamma": 3.3678741763608038, "prior": 5.90565127249619, "rate": 1.623287749788599}, "datetime": {"datetime": "2024-06-14 12:31:15", "elapsed": 7.312491, "delta": 0.009974}}
{"target": -199.91447882663226, "params": {"gamma": 1.94674275864618, "prior": 7.637218638321746, "rate": 1.5018345150591474}, "datetime": {"datetime": "2024-06-14 12:31:15", "elapsed": 7.321467, "delta": 0.008976}}
{"target": -238.24505246382049, "params": {"gamma": 2.659804503437227, "prior": 6.925999145458927, "rate": 0.15187798702215813}, "datetime": {"datetime": "2024-06-14 12:31:15", "elapsed": 7.33144, "delta": 0.009973}}
{"target": -151.93722504625038, "params": {"gamma": 0.3229118442818368, "prior": 2.946506806237884, "rate": 3.366895181942479}, "datetime": {"datetime": "2024-06-14 12:31:15", "elapsed": 7.340416, "delta": 0.008976}}
{"target": -285.345186833333, "params": {"gamma": 3.622798839194582, "prior": 8.091186697583844, "rate": 0.3607736956187603}, "datetime": {"datetime": "2024-06-14 12:31:15", "elapsed": 7.349392, "delta": 0.008976}}
