{"target": -660.7825686996632, "params": {"gamma": 5.54904548691878, "prior": 1.162819548016187, "rate": 6.403837458691426}, "datetime": {"datetime": "2024-06-14 12:57:29", "elapsed": 18.365348, "delta": 0.009974}}
{"target": -744.9386666074545, "params": {"gamma": 6.705637999047665, "prior": 2.5760592163646616, "rate": 9.48280432589309}, "datetime": {"datetime": "2024-06-14 12:57:29", "elapsed": 18.376318, "delta": 0.01097}}
{"target": -379.7634924204662, "params": {"gamma": 4.527038501594155, "prior": 8.680484824940818, "rate": 6.5311578451151915}, "datetime": {"datetime": "2024-06-14 12:57:29", "elapsed": 18.386293, "delta": 0.009975}}
{"target": -547.3289659703169, "params": {"gamma": 6.165734558182161, "prior": 5.53906870999164, "rate": 6.4760270347112066}, "datetime": {"datetime": "2024-06-14 12:57:29", "elapsed": 18.397262, "delta": 0.010969}}
{"target": -683.5591489332415, "params": {"gamma": 8.443508165581074, "prior": 7.79110035202588, "rate": 6.726602036977152}, "datetime": {"datetime": "2024-06-14 12:57:29", "elapsed": 18.407236, "delta": 0.009974}}
{"target": -158.60699218542587, "params": {"gamma": 0.31942149138614195, "prior": 0.18607824607212345, "rate": 3.5860179122930487}, "datetime": {"datetime": "2024-06-14 12:57:29", "elapsed": 18.417209, "delta": 0.009973}}
{"target": -151.6750703790341, "params": {"gamma": 0.30730757815686666, "prior": 5.226689787064359, "rate": 0.036535454134401193}, "datetime": {"datetime": "2024-06-14 12:57:29", "elapsed": 18.428181, "delta": 0.010972}}
{"target": -510.84981236667784, "params": {"gamma": 4.80782326402619, "prior": 3.8383252631823646, "rate": 9.57468291548391}, "datetime": {"datetime": "2024-06-14 12:57:29", "elapsed": 18.438153, "delta": 0.009972}}
{"target": -171.10226591747434, "params": {"gamma": 0.5594796463757505, "prior": 0.7453906352106907, "rate": 8.492816205896958}, "datetime": {"datetime": "2024-06-14 12:57:29", "elapsed": 18.448126, "delta": 0.009973}}
{"target": -462.046484064367, "params": {"gamma": 7.95278352446082, "prior": 9.364876906499536, "rate": 0.7832882493134576}, "datetime": {"datetime": "2024-06-14 12:57:29", "elapsed": 18.459097, "delta": 0.010971}}
{"target": -477.90720123710764, "params": {"gamma": 6.201377645038051, "prior": 5.192608250406824, "rate": 3.2164188746044267}, "datetime": {"datetime": "2024-06-14 12:57:29", "elapsed": 18.469071, "delta": 0.009974}}
{"target": -368.7151132131849, "params": {"gamma": 6.108503694482293, "prior": 9.188970106003065, "rate": 0.6265924993176286}, "datetime": {"datetime": "2024-06-14 12:57:29", "elapsed": 18.479044, "delta": 0.009973}}
{"target": -605.4506718335856, "params": {"gamma": 6.597601675698143, "prior": 2.9231979136433965, "rate": 4.05507146708443}, "datetime": {"datetime": "2024-06-14 12:57:29", "elapsed": 18.490014, "delta": 0.01097}}
{"target": -1014.1597950718539, "params": {"gamma": 8.497095650065528, "prior": 1.3051221032419362, "rate": 8.429867764940202}, "datetime": {"datetime": "2024-06-14 12:57:29", "elapsed": 18.499988, "delta": 0.009974}}
{"target": -362.08151477900986, "params": {"gamma": 4.043023200888809, "prior": 9.840486039447793, "rate": 9.180238599391384}, "datetime": {"datetime": "2024-06-14 12:57:29", "elapsed": 18.509961, "delta": 0.009973}}
{"target": -346.4387052510706, "params": {"gamma": 4.077336153001339, "prior": 3.0494110501065124, "rate": 2.210242885260159}, "datetime": {"datetime": "2024-06-14 12:57:29", "elapsed": 18.520932, "delta": 0.010971}}
{"target": -239.2376951715418, "params": {"gamma": 2.178141660255354, "prior": 7.710506836041361, "rate": 7.554669376147851}, "datetime": {"datetime": "2024-06-14 12:57:29", "elapsed": 18.530905, "delta": 0.009973}}
{"target": -992.5856308120328, "params": {"gamma": 9.782554060479685, "prior": 0.9247667416835517, "rate": 2.20261362016969}, "datetime": {"datetime": "2024-06-14 12:57:29", "elapsed": 18.540878, "delta": 0.009973}}
{"target": -819.643943822295, "params": {"gamma": 9.837125648386799, "prior": 5.509106350626703, "rate": 5.537150485250019}, "datetime": {"datetime": "2024-06-14 12:57:29", "elapsed": 18.550852, "delta": 0.009974}}
{"target": -306.3114408030864, "params": {"gamma": 3.4883611819824956, "prior": 7.06748571585924, "rate": 4.998138049601288}, "datetime": {"datetime": "2024-06-14 12:57:29", "elapsed": 18.561823, "delta": 0.010971}}
{"target": -300.70129050611627, "params": {"gamma": 4.695463118034527, "prior": 5.542751161345011, "rate": 0.25277683452447997}, "datetime": {"datetime": "2024-06-14 12:57:29", "elapsed": 18.571825, "delta": 0.010002}}
{"target": -585.967660002834, "params": {"gamma": 5.313075133078175, "prior": 1.4163491522539797, "rate": 4.589832013123402}, "datetime": {"datetime": "2024-06-14 12:57:29", "elapsed": 18.582767, "delta": 0.010942}}
{"target": -163.34484568519696, "params": {"gamma": 0.8236297527845414, "prior": 8.900720326296751, "rate": 3.7848776219177442}, "datetime": {"datetime": "2024-06-14 12:57:29", "elapsed": 18.59274, "delta": 0.009973}}
{"target": -298.8595382997423, "params": {"gamma": 4.304116749507192, "prior": 7.4464056980919, "rate": 1.5585894193146912}, "datetime": {"datetime": "2024-06-14 12:57:29", "elapsed": 18.602713, "delta": 0.009973}}
{"target": -460.69399399616015, "params": {"gamma": 5.750661895522346, "prior": 5.159372732252272, "rate": 3.6836674731700536}, "datetime": {"datetime": "2024-06-14 12:57:29", "elapsed": 18.613684, "delta": 0.010971}}
{"target": -515.748695773743, "params": {"gamma": 6.833671828543643, "prior": 7.965413407633205, "rate": 4.677377247445764}, "datetime": {"datetime": "2024-06-14 12:57:29", "elapsed": 18.623658, "delta": 0.009974}}
{"target": -462.4509267955412, "params": {"gamma": 6.273883706867163, "prior": 9.134137256508124, "rate": 4.570261651531608}, "datetime": {"datetime": "2024-06-14 12:57:29", "elapsed": 18.634658, "delta": 0.011}}
{"target": -189.14643166425782, "params": {"gamma": 1.3510644515976318, "prior": 5.4780076342581925, "rate": 4.300850527874765}, "datetime": {"datetime": "2024-06-14 12:57:29", "elapsed": 18.644602, "delta": 0.009944}}
{"target": -484.4999376076104, "params": {"gamma": 7.6833624868607115, "prior": 7.996978647259612, "rate": 1.719287872743418}, "datetime": {"datetime": "2024-06-14 12:57:29", "elapsed": 18.654575, "delta": 0.009973}}
{"target": -497.6485607951409, "params": {"gamma": 4.379951424269699, "prior": 2.741527848856144, "rate": 9.54693755681465}, "datetime": {"datetime": "2024-06-14 12:57:29", "elapsed": 18.664548, "delta": 0.009973}}
{"target": -777.4312891002204, "params": {"gamma": 9.368784466603346, "prior": 4.400052644616815, "rate": 4.310675867474359}, "datetime": {"datetime": "2024-06-14 12:57:29", "elapsed": 18.675518, "delta": 0.01097}}
{"target": -526.0981850158338, "params": {"gamma": 7.465025027815888, "prior": 6.000161900798046, "rate": 2.5914507949566294}, "datetime": {"datetime": "2024-06-14 12:57:29", "elapsed": 18.685492, "delta": 0.009974}}
{"target": -402.33211737623714, "params": {"gamma": 4.832217482249796, "prior": 8.912072929132934, "rate": 6.815859364103486}, "datetime": {"datetime": "2024-06-14 12:57:29", "elapsed": 18.695465, "delta": 0.009973}}
{"target": -388.75617166422785, "params": {"gamma": 5.631702156360547, "prior": 8.779863851817137, "rate": 2.763487550262558}, "datetime": {"datetime": "2024-06-14 12:57:30", "elapsed": 18.706436, "delta": 0.010971}}
{"target": -1111.1839478338006, "params": {"gamma": 9.968477906522146, "prior": 2.07841434989855, "rate": 8.398095485642296}, "datetime": {"datetime": "2024-06-14 12:57:30", "elapsed": 18.716409, "delta": 0.009973}}
{"target": -573.4018985076065, "params": {"gamma": 7.423677265955892, "prior": 8.654133782311007, "rate": 5.849590827242212}, "datetime": {"datetime": "2024-06-14 12:57:30", "elapsed": 18.727413, "delta": 0.011004}}
{"target": -272.04307307135736, "params": {"gamma": 2.324580257505538, "prior": 4.8868473200156455, "rate": 8.623889760611993}, "datetime": {"datetime": "2024-06-14 12:57:30", "elapsed": 18.737353, "delta": 0.00994}}
{"target": -933.6029169332344, "params": {"gamma": 7.9782472422770105, "prior": 1.8177543148375053, "rate": 9.922107078907667}, "datetime": {"datetime": "2024-06-14 12:57:30", "elapsed": 18.748324, "delta": 0.010971}}
{"target": -155.97613621651297, "params": {"gamma": 0.30509199963247896, "prior": 3.987219786468616, "rate": 7.544258751962611}, "datetime": {"datetime": "2024-06-14 12:57:30", "elapsed": 18.758297, "delta": 0.009973}}
{"target": -1151.365074249092, "params": {"gamma": 9.737423089296351, "prior": 1.5070537571269909, "rate": 9.240481445983646}, "datetime": {"datetime": "2024-06-14 12:57:30", "elapsed": 18.768271, "delta": 0.009974}}
{"target": -231.87972856300098, "params": {"gamma": 2.1910205215764544, "prior": 5.571121613460873, "rate": 4.328641890073879}, "datetime": {"datetime": "2024-06-14 12:57:30", "elapsed": 18.779242, "delta": 0.010971}}
{"target": -721.7519728020396, "params": {"gamma": 8.080742990009732, "prior": 1.471838851029407, "rate": 1.909508341737192}, "datetime": {"datetime": "2024-06-14 12:57:30", "elapsed": 18.789215, "delta": 0.009973}}
{"target": -645.6339411713659, "params": {"gamma": 5.6755575331194175, "prior": 2.178521665483254, "rate": 8.800046492896152}, "datetime": {"datetime": "2024-06-14 12:57:30", "elapsed": 18.799188, "delta": 0.009973}}
{"target": -479.45772106736524, "params": {"gamma": 5.783951692141619, "prior": 9.126375539251068, "rate": 7.643651482024123}, "datetime": {"datetime": "2024-06-14 12:57:30", "elapsed": 18.81016, "delta": 0.010972}}
{"target": -305.6339901075924, "params": {"gamma": 4.749956447996781, "prior": 6.954842154506416, "rate": 0.5989622103785784}, "datetime": {"datetime": "2024-06-14 12:57:30", "elapsed": 18.820132, "delta": 0.009972}}
{"target": -387.79852730642824, "params": {"gamma": 6.3129540540322955, "prior": 9.842067917397047, "rate": 1.1947254178184115}, "datetime": {"datetime": "2024-06-14 12:57:30", "elapsed": 18.830105, "delta": 0.009973}}
{"target": -623.4096396121317, "params": {"gamma": 4.516215172846799, "prior": 0.2834860525337505, "rate": 6.881590456377558}, "datetime": {"datetime": "2024-06-14 12:57:30", "elapsed": 18.841076, "delta": 0.010971}}
{"target": -152.44336108676535, "params": {"gamma": 0.19520689181535128, "prior": 4.607194980262459, "rate": 2.192284951246659}, "datetime": {"datetime": "2024-06-14 12:57:30", "elapsed": 18.851049, "delta": 0.009973}}
{"target": -682.3703051372121, "params": {"gamma": 8.072347745473287, "prior": 6.491810326909217, "rate": 6.663022020111727}, "datetime": {"datetime": "2024-06-14 12:57:30", "elapsed": 18.861023, "delta": 0.009974}}
{"target": -602.4540356096315, "params": {"gamma": 5.49936117147423, "prior": 2.5794193904395852, "rate": 8.157094551477481}, "datetime": {"datetime": "2024-06-14 12:57:30", "elapsed": 18.871028, "delta": 0.010005}}
{"target": -786.4574641251628, "params": {"gamma": 8.801319434535824, "prior": 4.439339280064714, "rate": 5.863711820741532}, "datetime": {"datetime": "2024-06-14 12:57:30", "elapsed": 18.881967, "delta": 0.010939}}
{"target": -509.49470803659005, "params": {"gamma": 6.243379942629359, "prior": 7.303295041403323, "rate": 5.909446588136741}, "datetime": {"datetime": "2024-06-14 12:57:30", "elapsed": 18.89194, "delta": 0.009973}}
{"target": -618.9597482144378, "params": {"gamma": 8.066169168171944, "prior": 8.258471981731269, "rate": 5.56594710415588}, "datetime": {"datetime": "2024-06-14 12:57:30", "elapsed": 18.902911, "delta": 0.010971}}
{"target": -862.6802687667971, "params": {"gamma": 8.829655088096155, "prior": 2.109092556269915, "rate": 4.136740721638024}, "datetime": {"datetime": "2024-06-14 12:57:30", "elapsed": 18.912884, "delta": 0.009973}}
{"target": -760.0336141836323, "params": {"gamma": 6.301468383632087, "prior": 1.1154697020039852, "rate": 7.186717564230962}, "datetime": {"datetime": "2024-06-14 12:57:30", "elapsed": 18.922857, "delta": 0.009973}}
{"target": -438.08337015329863, "params": {"gamma": 4.797353694402805, "prior": 3.852038987367971, "rate": 4.519015226631978}, "datetime": {"datetime": "2024-06-14 12:57:30", "elapsed": 18.933828, "delta": 0.010971}}
{"target": -431.4226605439705, "params": {"gamma": 3.6764939669400882, "prior": 2.471426634522078, "rate": 9.158808384961374}, "datetime": {"datetime": "2024-06-14 12:57:30", "elapsed": 18.943801, "delta": 0.009973}}
{"target": -575.6693330103002, "params": {"gamma": 7.993823586812164, "prior": 3.406006211735859, "rate": 1.691347664222673}, "datetime": {"datetime": "2024-06-14 12:57:30", "elapsed": 18.954772, "delta": 0.010971}}
{"target": -182.85578638753964, "params": {"gamma": 1.1671456351759943, "prior": 7.973795195960528, "rate": 7.020580256606766}, "datetime": {"datetime": "2024-06-14 12:57:30", "elapsed": 18.964745, "delta": 0.009973}}
{"target": -182.1710947367124, "params": {"gamma": 0.7532513187567459, "prior": 1.2542804976959159, "rate": 9.138126532938669}, "datetime": {"datetime": "2024-06-14 12:57:30", "elapsed": 18.974719, "delta": 0.009974}}
{"target": -581.2664204193887, "params": {"gamma": 8.697844167744172, "prior": 2.990329199931283, "rate": 1.0208976946159853}, "datetime": {"datetime": "2024-06-14 12:57:30", "elapsed": 18.985689, "delta": 0.01097}}
{"target": -1061.7097063324748, "params": {"gamma": 8.089104924003614, "prior": 0.35911927558226864, "rate": 6.363840611525337}, "datetime": {"datetime": "2024-06-14 12:57:30", "elapsed": 18.995663, "delta": 0.009974}}
{"target": -181.2170943036408, "params": {"gamma": 1.6017100608988064, "prior": 6.947081844135219, "rate": 1.6810289418629691}, "datetime": {"datetime": "2024-06-14 12:57:30", "elapsed": 19.005636, "delta": 0.009973}}
{"target": -379.431006707288, "params": {"gamma": 3.491138224246637, "prior": 1.3086604715542876, "rate": 2.8715832231230745}, "datetime": {"datetime": "2024-06-14 12:57:30", "elapsed": 19.016607, "delta": 0.010971}}
{"target": -196.6921819071681, "params": {"gamma": 1.2918445291131877, "prior": 4.687523094792548, "rate": 6.494427895595687}, "datetime": {"datetime": "2024-06-14 12:57:30", "elapsed": 19.02658, "delta": 0.009973}}
{"target": -343.60882951838806, "params": {"gamma": 3.945711176055152, "prior": 9.534289164446331, "rate": 7.5488990420267905}, "datetime": {"datetime": "2024-06-14 12:57:30", "elapsed": 19.036907, "delta": 0.010327}}
{"target": -418.3719910622208, "params": {"gamma": 5.444208932057693, "prior": 5.67887663019228, "rate": 3.2067189291281246}, "datetime": {"datetime": "2024-06-14 12:57:30", "elapsed": 19.047878, "delta": 0.010971}}
{"target": -324.0761938104908, "params": {"gamma": 5.1256851497310105, "prior": 7.602335802195582, "rate": 0.019094445132394236}, "datetime": {"datetime": "2024-06-14 12:57:30", "elapsed": 19.057851, "delta": 0.009973}}
{"target": -418.3180988315926, "params": {"gamma": 4.806438381858799, "prior": 9.051149756240171, "rate": 8.49515263986085}, "datetime": {"datetime": "2024-06-14 12:57:30", "elapsed": 19.067853, "delta": 0.010002}}
{"target": -233.63387942563267, "params": {"gamma": 2.210733350081861, "prior": 7.388740776568681, "rate": 5.849151492900638}, "datetime": {"datetime": "2024-06-14 12:57:30", "elapsed": 19.078795, "delta": 0.010942}}
{"target": -453.12951280825774, "params": {"gamma": 5.255835607120612, "prior": 6.648300677217822, "rate": 6.321044057567672}, "datetime": {"datetime": "2024-06-14 12:57:30", "elapsed": 19.088768, "delta": 0.009973}}
{"target": -161.31766439045265, "params": {"gamma": 0.7151025607260231, "prior": 4.226738133427656, "rate": 1.9937729109275177}, "datetime": {"datetime": "2024-06-14 12:57:30", "elapsed": 19.098741, "delta": 0.009973}}
{"target": -657.0826613001544, "params": {"gamma": 7.006133824526521, "prior": 2.8057722884778102, "rate": 4.36475792464087}, "datetime": {"datetime": "2024-06-14 12:57:30", "elapsed": 19.109264, "delta": 0.010523}}
{"target": -703.4794101603215, "params": {"gamma": 8.216434846465544, "prior": 7.852323575275002, "rate": 8.541747338132712}, "datetime": {"datetime": "2024-06-14 12:57:30", "elapsed": 19.120234, "delta": 0.01097}}
{"target": -305.1608463369656, "params": {"gamma": 4.791059397936408, "prior": 9.272297925997325, "rate": 0.31651532588659786}, "datetime": {"datetime": "2024-06-14 12:57:30", "elapsed": 19.130207, "delta": 0.009973}}
{"target": -945.2646752501118, "params": {"gamma": 9.382894180194201, "prior": 3.551425046560445, "rate": 8.128417943848676}, "datetime": {"datetime": "2024-06-14 12:57:30", "elapsed": 19.14024, "delta": 0.010033}}
{"target": -745.6631124896346, "params": {"gamma": 9.483262648120892, "prior": 8.928959309652628, "rate": 6.980493154617331}, "datetime": {"datetime": "2024-06-14 12:57:30", "elapsed": 19.151152, "delta": 0.010912}}
{"target": -486.191844210309, "params": {"gamma": 6.702161211463432, "prior": 9.738421930452827, "rate": 4.651622241751715}, "datetime": {"datetime": "2024-06-14 12:57:30", "elapsed": 19.1607, "delta": 0.009548}}
{"target": -213.7949819792866, "params": {"gamma": 1.041066599814464, "prior": 0.3390594280462933, "rate": 8.813120742542266}, "datetime": {"datetime": "2024-06-14 12:57:30", "elapsed": 19.17167, "delta": 0.01097}}
{"target": -153.47609467543273, "params": {"gamma": 0.2628840047433559, "prior": 9.513197094050101, "rate": 5.699606506289468}, "datetime": {"datetime": "2024-06-14 12:57:30", "elapsed": 19.181644, "delta": 0.009974}}
{"target": -151.24990403888376, "params": {"gamma": 0.043645919052664246, "prior": 0.5646153479397032, "rate": 7.378335968662237}, "datetime": {"datetime": "2024-06-14 12:58:10", "elapsed": 58.986351, "delta": 39.804707}}
{"target": -151.10410018120737, "params": {"gamma": 0.001, "prior": 10.0, "rate": 0.0010000655882395}, "datetime": {"datetime": "2024-06-14 12:58:40", "elapsed": 89.530121, "delta": 30.54377}}
{"target": -151.43161102675975, "params": {"gamma": 0.050138531932779895, "prior": 9.97477475302395, "rate": 9.452788083654552}, "datetime": {"datetime": "2024-06-14 12:59:10", "elapsed": 118.831289, "delta": 29.301168}}
{"target": -151.10423218538148, "params": {"gamma": 0.001, "prior": 0.1, "rate": 10.0}, "datetime": {"datetime": "2024-06-14 12:59:44", "elapsed": 153.644087, "delta": 34.812798}}
{"target": -151.06717438179683, "params": {"gamma": 0.1362780998528975, "prior": 8.720097124273142, "rate": 0.019601927133948597}, "datetime": {"datetime": "2024-06-14 13:00:08", "elapsed": 177.182165, "delta": 23.538078}}
{"target": -151.85140455364015, "params": {"gamma": 0.10340711927547747, "prior": 0.2503494595869621, "rate": 8.387310498731534}, "datetime": {"datetime": "2024-06-14 13:00:37", "elapsed": 206.412195, "delta": 29.23003}}
{"target": -151.1526187772734, "params": {"gamma": 0.013226798109611995, "prior": 9.878150885255645, "rate": 3.837085824950092}, "datetime": {"datetime": "2024-06-14 13:01:21", "elapsed": 249.856101, "delta": 43.443906}}
{"target": -151.0776274011416, "params": {"gamma": 0.030153703841657126, "prior": 1.2006735380741327, "rate": 0.035430263759798145}, "datetime": {"datetime": "2024-06-14 13:01:45", "elapsed": 274.016624, "delta": 24.160523}}
{"target": -151.24244950019255, "params": {"gamma": 0.03861275774102522, "prior": 0.9371681558355882, "rate": 9.432301403768113}, "datetime": {"datetime": "2024-06-14 13:02:09", "elapsed": 298.128942, "delta": 24.112318}}
{"target": -151.1162593841107, "params": {"gamma": 0.0017920168288050663, "prior": 6.613814695964476, "rate": 9.523931577500734}, "datetime": {"datetime": "2024-06-14 13:02:44", "elapsed": 333.162933, "delta": 35.033991}}
{"target": -151.1205848432903, "params": {"gamma": 0.007998610623354281, "prior": 9.873219343370717, "rate": 2.096042373717798}, "datetime": {"datetime": "2024-06-14 13:03:04", "elapsed": 353.225361, "delta": 20.062428}}
{"target": -151.1115000248497, "params": {"gamma": 0.001, "prior": 10.0, "rate": 10.0}, "datetime": {"datetime": "2024-06-14 13:03:25", "elapsed": 373.80833, "delta": 20.582969}}
{"target": -151.27890736115774, "params": {"gamma": 0.049375921494418544, "prior": 0.14772141329459715, "rate": 2.166720944593413}, "datetime": {"datetime": "2024-06-14 13:03:42", "elapsed": 391.372931, "delta": 17.564601}}
{"target": -151.89523848385375, "params": {"gamma": 0.09914716697458617, "prior": 9.091872684811875, "rate": 9.72626590862856}, "datetime": {"datetime": "2024-06-14 13:04:11", "elapsed": 419.739379, "delta": 28.366448}}
{"target": -151.4139052186991, "params": {"gamma": 0.04728012040543061, "prior": 5.677625386997997, "rate": 5.613005854581929}, "datetime": {"datetime": "2024-06-14 13:04:28", "elapsed": 437.268225, "delta": 17.528846}}
{"target": -151.12798905155861, "params": {"gamma": 0.01232294507386663, "prior": 0.8701061156748834, "rate": 8.530688218455827}, "datetime": {"datetime": "2024-06-14 13:04:51", "elapsed": 460.011396, "delta": 22.743171}}
{"target": -151.09069038789218, "params": {"gamma": 0.14700750875899954, "prior": 7.625496282082629, "rate": 0.036279791382373965}, "datetime": {"datetime": "2024-06-14 13:05:48", "elapsed": 517.282469, "delta": 57.271073}}
{"target": -151.48363041877062, "params": {"gamma": 0.06300053803882752, "prior": 9.877828893164669, "rate": 6.873024221141548}, "datetime": {"datetime": "2024-06-14 13:06:17", "elapsed": 546.268066, "delta": 28.985597}}
{"target": -151.172611046648, "params": {"gamma": 0.01115006409308612, "prior": 5.29684538835236, "rate": 8.393313494277445}, "datetime": {"datetime": "2024-06-14 13:06:47", "elapsed": 575.743603, "delta": 29.475537}}
{"target": -151.131492676529, "params": {"gamma": 0.011149460000197398, "prior": 9.06293304161658, "rate": 2.2702690860883346}, "datetime": {"datetime": "2024-06-14 13:07:27", "elapsed": 616.125388, "delta": 40.381785}}
{"target": -151.33525311816877, "params": {"gamma": 0.04914336809242004, "prior": 1.1740529398616417, "rate": 9.97130246386552}, "datetime": {"datetime": "2024-06-14 13:07:53", "elapsed": 641.897793, "delta": 25.772405}}
