{"target": -205.4284337471685, "params": {"gamma": 4.170803025021038, "prior": 7.231212485077365, "rate": 0.002143633798631522}, "datetime": {"datetime": "2024-06-14 18:10:28", "elapsed": 0.0, "delta": 0.0}}
{"target": -160.56677340087364, "params": {"gamma": 3.024023393745766, "prior": 1.5528833190894193, "rate": 0.9242936090932092}, "datetime": {"datetime": "2024-06-14 18:10:28", "elapsed": 0.008976, "delta": 0.008976}}
{"target": -136.30557981466814, "params": {"gamma": 1.8634158535653313, "prior": 3.5210511977261727, "rate": 3.968277974832469}, "datetime": {"datetime": "2024-06-14 18:10:28", "elapsed": 0.017952, "delta": 0.008976}}
{"target": -246.52170179468575, "params": {"gamma": 5.388628523299567, "prior": 4.250025692592619, "rate": 6.852509784467199}, "datetime": {"datetime": "2024-06-14 18:10:28", "elapsed": 0.026928, "delta": 0.008976}}
{"target": -150.51548434633165, "params": {"gamma": 2.045318045065443, "prior": 8.79336262027036, "rate": 0.2748485443860637}, "datetime": {"datetime": "2024-06-14 18:10:28", "elapsed": 0.035904, "delta": 0.008976}}
{"target": -294.4297250170756, "params": {"gamma": 6.705004634273845, "prior": 4.231317543434557, "rate": 5.587339594629071}, "datetime": {"datetime": "2024-06-14 18:10:28", "elapsed": 0.043882, "delta": 0.007978}}
{"target": -131.79017659197947, "params": {"gamma": 1.4047289990137424, "prior": 2.0612047419403, "rate": 8.00764494218669}, "datetime": {"datetime": "2024-06-14 18:10:28", "elapsed": 0.052859, "delta": 0.008977}}
{"target": -419.4386813099501, "params": {"gamma": 9.682647495618255, "prior": 3.2028993637765044, "rate": 6.923533834077472}, "datetime": {"datetime": "2024-06-14 18:10:28", "elapsed": 0.060837, "delta": 0.007978}}
{"target": -325.3371109831013, "params": {"gamma": 8.764015133808087, "prior": 8.956605968688088, "rate": 0.8513570694864094}, "datetime": {"datetime": "2024-06-14 18:10:28", "elapsed": 0.069813, "delta": 0.008976}}
{"target": -133.66799499555896, "params": {"gamma": 0.39150877754559077, "prior": 1.7813211536892324, "rate": 8.781546891790702}, "datetime": {"datetime": "2024-06-14 18:10:28", "elapsed": 0.077792, "delta": 0.007979}}
{"target": -128.79550424476082, "params": {"gamma": 0.9843699914966679, "prior": 4.268965487550016, "rate": 9.578937411974868}, "datetime": {"datetime": "2024-06-14 18:10:28", "elapsed": 0.086768, "delta": 0.008976}}
{"target": -231.1489591328283, "params": {"gamma": 5.332119684445198, "prior": 6.949583428109686, "rate": 3.1558407944296234}, "datetime": {"datetime": "2024-06-14 18:10:28", "elapsed": 0.094746, "delta": 0.007978}}
{"target": -275.8880065365441, "params": {"gamma": 6.865322775888155, "prior": 8.362794151783993, "rate": 0.18386448516457388}, "datetime": {"datetime": "2024-06-14 18:10:28", "elapsed": 0.103722, "delta": 0.008976}}
{"target": -318.4620142909104, "params": {"gamma": 7.50169300513473, "prior": 9.889724780174298, "rate": 7.4819083781440145}, "datetime": {"datetime": "2024-06-14 18:10:28", "elapsed": 0.111701, "delta": 0.007979}}
{"target": -159.15539572921062, "params": {"gamma": 2.8051594766519874, "prior": 7.913865351669736, "rate": 1.0331568397698425}, "datetime": {"datetime": "2024-06-14 18:10:28", "elapsed": 0.120677, "delta": 0.008976}}
{"target": -200.8739142498117, "params": {"gamma": 4.479487368232876, "prior": 9.095095480621646, "rate": 2.9368478695884215}, "datetime": {"datetime": "2024-06-14 18:10:28", "elapsed": 0.128656, "delta": 0.007979}}
{"target": -160.3492326757632, "params": {"gamma": 2.878465610524901, "prior": 1.3872828639709491, "rate": 0.19465021174510047}, "datetime": {"datetime": "2024-06-14 18:10:28", "elapsed": 0.137632, "delta": 0.008976}}
{"target": -296.61852763807667, "params": {"gamma": 6.78867649386597, "prior": 2.1951183484005847, "rate": 2.65620104706289}, "datetime": {"datetime": "2024-06-14 18:10:28", "elapsed": 0.146608, "delta": 0.008976}}
{"target": -238.72697107321787, "params": {"gamma": 4.916240019644103, "prior": 0.6282891966590958, "rate": 5.741601937314639}, "datetime": {"datetime": "2024-06-14 18:10:28", "elapsed": 0.155584, "delta": 0.008976}}
{"target": -131.3246964546232, "params": {"gamma": 1.4681390204831957, "prior": 5.934124815342514, "rate": 6.9978838418492915}, "datetime": {"datetime": "2024-06-14 18:10:28", "elapsed": 0.163563, "delta": 0.007979}}
{"target": -128.945064697977, "params": {"gamma": 1.0242419538494305, "prior": 4.199154279413726, "rate": 6.9443071771197245}, "datetime": {"datetime": "2024-06-14 18:10:28", "elapsed": 0.172539, "delta": 0.008976}}
{"target": -209.8041490005647, "params": {"gamma": 4.1423785159995, "prior": 0.5945392435662629, "rate": 5.359428162749201}, "datetime": {"datetime": "2024-06-14 18:10:28", "elapsed": 0.181514, "delta": 0.008975}}
{"target": -295.8582143157687, "params": {"gamma": 6.638282657552669, "prior": 5.1974022093772545, "rate": 9.446002965152143}, "datetime": {"datetime": "2024-06-14 18:10:28", "elapsed": 0.19049, "delta": 0.008976}}
{"target": -240.22014601155018, "params": {"gamma": 5.865963849979428, "prior": 9.043678961350047, "rate": 1.3756095667582289}, "datetime": {"datetime": "2024-06-14 18:10:28", "elapsed": 0.198469, "delta": 0.007979}}
{"target": -132.37960426971756, "params": {"gamma": 1.3936241961603346, "prior": 8.093173758224285, "rate": 3.9773706930183503}, "datetime": {"datetime": "2024-06-14 18:10:28", "elapsed": 0.207445, "delta": 0.008976}}
{"target": -135.40462562822182, "params": {"gamma": 1.6543766169722107, "prior": 9.282334945920736, "rate": 3.47831083159532}, "datetime": {"datetime": "2024-06-14 18:10:28", "elapsed": 0.215079, "delta": 0.007634}}
{"target": -324.720508589392, "params": {"gamma": 7.50837021925842, "prior": 7.28738005496947, "rate": 8.833177605966892}, "datetime": {"datetime": "2024-06-14 18:10:28", "elapsed": 0.224055, "delta": 0.008976}}
{"target": -263.2471135082999, "params": {"gamma": 6.237098398349034, "prior": 7.534330096870638, "rate": 3.4896345214364475}, "datetime": {"datetime": "2024-06-14 18:10:28", "elapsed": 0.233032, "delta": 0.008977}}
{"target": -152.48109300876428, "params": {"gamma": 2.7000089897584956, "prior": 8.969273560141062, "rate": 4.281483807523078}, "datetime": {"datetime": "2024-06-14 18:10:28", "elapsed": 0.241573, "delta": 0.008541}}
{"target": -406.31802766213104, "params": {"gamma": 9.648435631436707, "prior": 6.6680708284026355, "rate": 6.217335506371009}, "datetime": {"datetime": "2024-06-14 18:10:28", "elapsed": 0.249551, "delta": 0.007978}}
{"target": -131.60949168502262, "params": {"gamma": 1.1483449835607984, "prior": 9.499943661200005, "rate": 4.499671422665926}, "datetime": {"datetime": "2024-06-14 18:10:28", "elapsed": 0.258093, "delta": 0.008542}}
{"target": -249.79068838978486, "params": {"gamma": 5.784317754256931, "prior": 4.140554347336684, "rate": 2.371032775450034}, "datetime": {"datetime": "2024-06-14 18:10:28", "elapsed": 0.267069, "delta": 0.008976}}
{"target": -342.82391060528624, "params": {"gamma": 9.033891826101975, "prior": 5.77942691805563, "rate": 0.029700399984558545}, "datetime": {"datetime": "2024-06-14 18:10:28", "elapsed": 0.276045, "delta": 0.008976}}
{"target": -276.06855111788633, "params": {"gamma": 6.171831991293619, "prior": 3.3337845275437523, "rate": 5.271053964473836}, "datetime": {"datetime": "2024-06-14 18:10:28", "elapsed": 0.28502, "delta": 0.008975}}
{"target": -388.9494895800861, "params": {"gamma": 8.859535051008434, "prior": 3.636970624024748, "rate": 9.085442974047073}, "datetime": {"datetime": "2024-06-14 18:10:28", "elapsed": 0.293997, "delta": 0.008977}}
{"target": -280.3516409650092, "params": {"gamma": 6.233977797802236, "prior": 0.2566303041809072, "rate": 9.294442900203869}, "datetime": {"datetime": "2024-06-14 18:10:28", "elapsed": 0.301975, "delta": 0.007978}}
{"target": -272.81068814624996, "params": {"gamma": 6.9092782782517235, "prior": 9.973496219469657, "rate": 1.7242327429449402}, "datetime": {"datetime": "2024-06-14 18:10:28", "elapsed": 0.310951, "delta": 0.008976}}
{"target": -131.1395269291787, "params": {"gamma": 1.3722203605391488, "prior": 9.33269508406792, "rate": 6.9684847967375125}, "datetime": {"datetime": "2024-06-14 18:10:28", "elapsed": 0.319736, "delta": 0.008785}}
{"target": -131.60391150017915, "params": {"gamma": 0.6609357270479028, "prior": 7.579084220764417, "rate": 7.539008008424004}, "datetime": {"datetime": "2024-06-14 18:10:28", "elapsed": 0.327714, "delta": 0.007978}}
{"target": -347.61185345546386, "params": {"gamma": 9.230322330929287, "prior": 7.14409511042187, "rate": 1.2435853487596746}, "datetime": {"datetime": "2024-06-14 18:10:28", "elapsed": 0.33669, "delta": 0.008976}}
{"target": -139.7081849167861, "params": {"gamma": 0.1997814582641161, "prior": 0.3594887700894208, "rate": 0.2840365737199253}, "datetime": {"datetime": "2024-06-14 18:10:28", "elapsed": 0.344669, "delta": 0.007979}}
{"target": -147.21077604456445, "params": {"gamma": 2.462864464962856, "prior": 8.61427669196059, "rate": 5.3887718123521875}, "datetime": {"datetime": "2024-06-14 18:10:28", "elapsed": 0.353645, "delta": 0.008976}}
{"target": -230.21710369668992, "params": {"gamma": 5.5286669648789735, "prior": 8.436105834360097, "rate": 1.2426089778839915}, "datetime": {"datetime": "2024-06-14 18:10:28", "elapsed": 0.361623, "delta": 0.007978}}
{"target": -158.39089773869972, "params": {"gamma": 2.792557606432384, "prior": 5.89901678743705, "rate": 9.695987887448426}, "datetime": {"datetime": "2024-06-14 18:10:28", "elapsed": 0.3706, "delta": 0.008977}}
{"target": -258.4752534527527, "params": {"gamma": 5.6107411623378445, "prior": 0.2846081647921359, "rate": 8.006526094133482}, "datetime": {"datetime": "2024-06-14 18:10:28", "elapsed": 0.378578, "delta": 0.007978}}
{"target": -144.70894427817592, "params": {"gamma": 2.3305097641363632, "prior": 8.090341436625915, "rate": 3.8792185799976533}, "datetime": {"datetime": "2024-06-14 18:10:28", "elapsed": 0.387554, "delta": 0.008976}}
{"target": -362.460634040954, "params": {"gamma": 8.635555003739727, "prior": 7.496504263098128, "rate": 5.562846099670199}, "datetime": {"datetime": "2024-06-14 18:10:28", "elapsed": 0.39653, "delta": 0.008976}}
{"target": -130.47256807381856, "params": {"gamma": 1.3654158013811895, "prior": 0.6931851261708954, "rate": 1.2143132139516326}, "datetime": {"datetime": "2024-06-14 18:10:28", "elapsed": 0.404509, "delta": 0.007979}}
{"target": -133.4021009505906, "params": {"gamma": 0.4464742335690725, "prior": 1.16419187815032, "rate": 2.2578676767399393}, "datetime": {"datetime": "2024-06-14 18:10:28", "elapsed": 0.413485, "delta": 0.008976}}
{"target": -283.25089406247554, "params": {"gamma": 7.130176814846385, "prior": 5.64119812233601, "rate": 0.12654724561099942}, "datetime": {"datetime": "2024-06-14 18:10:28", "elapsed": 0.422461, "delta": 0.008976}}
{"target": -132.3567545105452, "params": {"gamma": 0.7206708226151783, "prior": 9.676035667002694, "rate": 5.6814365187375016}, "datetime": {"datetime": "2024-06-14 18:10:28", "elapsed": 0.430439, "delta": 0.007978}}
{"target": -141.94265861204926, "params": {"gamma": 2.033729053375244, "prior": 2.598024871246202, "rate": 7.438514714896855}, "datetime": {"datetime": "2024-06-14 18:10:28", "elapsed": 0.439416, "delta": 0.008977}}
{"target": -138.60611322693413, "params": {"gamma": 1.9550993816120785, "prior": 5.855453380005252, "rate": 9.700229870894034}, "datetime": {"datetime": "2024-06-14 18:10:28", "elapsed": 0.447394, "delta": 0.007978}}
{"target": -369.44808517839056, "params": {"gamma": 8.468441186098863, "prior": 2.4744928155611032, "rate": 4.938203372973032}, "datetime": {"datetime": "2024-06-14 18:10:28", "elapsed": 0.45637, "delta": 0.008976}}
{"target": -251.32689524950243, "params": {"gamma": 6.199937228095417, "prior": 8.306910905546768, "rate": 1.5687571550661965}, "datetime": {"datetime": "2024-06-14 18:10:28", "elapsed": 0.464854, "delta": 0.008484}}
{"target": -138.54773847000175, "params": {"gamma": 0.18674344557191777, "prior": 0.7932192228203011, "rate": 4.863964764259381}, "datetime": {"datetime": "2024-06-14 18:10:28", "elapsed": 0.47383, "delta": 0.008976}}
{"target": -259.5049824164018, "params": {"gamma": 6.063688287071651, "prior": 5.731629227156165, "rate": 3.1743067308122854}, "datetime": {"datetime": "2024-06-14 18:10:28", "elapsed": 0.481809, "delta": 0.007979}}
{"target": -409.0491051975999, "params": {"gamma": 9.886172927970076, "prior": 5.839477670533389, "rate": 3.8020315850628807}, "datetime": {"datetime": "2024-06-14 18:10:28", "elapsed": 0.490785, "delta": 0.008976}}
{"target": -244.75664293114866, "params": {"gamma": 5.509931242959851, "prior": 7.478810865974371, "rate": 6.6926597016383935}, "datetime": {"datetime": "2024-06-14 18:10:28", "elapsed": 0.498764, "delta": 0.007979}}
{"target": -159.526162530101, "params": {"gamma": 2.6499306570704313, "prior": 0.7567148608415716, "rate": 3.701471894943149}, "datetime": {"datetime": "2024-06-14 18:10:28", "elapsed": 0.50774, "delta": 0.008976}}
{"target": -290.93326697531216, "params": {"gamma": 6.297545352708624, "prior": 2.180722698156912, "rate": 7.5278027818344}, "datetime": {"datetime": "2024-06-14 18:10:28", "elapsed": 0.516716, "delta": 0.008976}}
{"target": -130.0586397075473, "params": {"gamma": 0.6662982770597953, "prior": 2.677119475927556, "rate": 8.04774088286971}, "datetime": {"datetime": "2024-06-14 18:10:28", "elapsed": 0.524694, "delta": 0.007978}}
{"target": -137.31822251727007, "params": {"gamma": 1.935149391950654, "prior": 6.430662720711407, "rate": 5.247178420928214}, "datetime": {"datetime": "2024-06-14 18:10:28", "elapsed": 0.53367, "delta": 0.008976}}
{"target": -356.52528610879364, "params": {"gamma": 9.248154896023108, "prior": 2.706638027822399, "rate": 0.6605449457495538}, "datetime": {"datetime": "2024-06-14 18:10:28", "elapsed": 0.541649, "delta": 0.007979}}
{"target": -318.1291895079531, "params": {"gamma": 7.350924566923407, "prior": 7.744562492478143, "rate": 9.078250709182736}, "datetime": {"datetime": "2024-06-14 18:10:28", "elapsed": 0.550625, "delta": 0.008976}}
{"target": -415.548971299817, "params": {"gamma": 9.319788719899176, "prior": 0.23812057245841045, "rate": 2.344386499128084}, "datetime": {"datetime": "2024-06-14 18:10:28", "elapsed": 0.559601, "delta": 0.008976}}
{"target": -270.64103890527724, "params": {"gamma": 6.1681667916595755, "prior": 9.495261574807403, "rate": 9.50181101635155}, "datetime": {"datetime": "2024-06-14 18:10:28", "elapsed": 0.567582, "delta": 0.007981}}
{"target": -244.24908764208712, "params": {"gamma": 5.566975228763369, "prior": 9.164502862686119, "rate": 6.41602052325443}, "datetime": {"datetime": "2024-06-14 18:10:28", "elapsed": 0.576558, "delta": 0.008976}}
{"target": -190.6007239965491, "params": {"gamma": 3.9006871336983213, "prior": 4.911307604259406, "rate": 6.043500518716813}, "datetime": {"datetime": "2024-06-14 18:10:28", "elapsed": 0.584537, "delta": 0.007979}}
{"target": -245.26280755781465, "params": {"gamma": 5.495929667164118, "prior": 9.269196124393892, "rate": 9.187415622900428}, "datetime": {"datetime": "2024-06-14 18:10:28", "elapsed": 0.593514, "delta": 0.008977}}
{"target": -185.393276966284, "params": {"gamma": 3.9493612536226252, "prior": 9.636299031563047, "rate": 1.740382711137963}, "datetime": {"datetime": "2024-06-14 18:10:28", "elapsed": 0.602489, "delta": 0.008975}}
{"target": -130.23658926207966, "params": {"gamma": 1.2641688648769336, "prior": 1.4372836646626401, "rate": 5.057115994603291}, "datetime": {"datetime": "2024-06-14 18:10:28", "elapsed": 0.610468, "delta": 0.007979}}
{"target": -139.21769384222952, "params": {"gamma": 0.2162265279367056, "prior": 9.484905091055042, "rate": 8.271327596236153}, "datetime": {"datetime": "2024-06-14 18:10:28", "elapsed": 0.621053, "delta": 0.010585}}
{"target": -140.18569626278773, "params": {"gamma": 0.15117478844048168, "prior": 1.8443429301930472, "rate": 3.3213036800940032}, "datetime": {"datetime": "2024-06-14 18:10:28", "elapsed": 0.632531, "delta": 0.011478}}
{"target": -132.44681539183117, "params": {"gamma": 1.310837451264358, "prior": 8.113957852053163, "rate": 3.4480217901802512}, "datetime": {"datetime": "2024-06-14 18:10:28", "elapsed": 0.641507, "delta": 0.008976}}
{"target": -402.53425664043334, "params": {"gamma": 9.401134715851338, "prior": 5.861940381476092, "rate": 8.78844101213403}, "datetime": {"datetime": "2024-06-14 18:10:28", "elapsed": 0.650483, "delta": 0.008976}}
{"target": -347.19978345344254, "params": {"gamma": 8.447499719476827, "prior": 9.063383955215627, "rate": 4.599342777902254}, "datetime": {"datetime": "2024-06-14 18:10:28", "elapsed": 0.658462, "delta": 0.007979}}
{"target": -233.15292900796354, "params": {"gamma": 5.463921813387713, "prior": 8.00617555240519, "rate": 2.8579027984897416}, "datetime": {"datetime": "2024-06-14 18:10:28", "elapsed": 0.667438, "delta": 0.008976}}
{"target": -220.42760263226953, "params": {"gamma": 4.903044972676658, "prior": 6.031192045694196, "rate": 0.15631722223280642}, "datetime": {"datetime": "2024-06-14 18:10:28", "elapsed": 0.675417, "delta": 0.007979}}
{"target": -268.83548654625014, "params": {"gamma": 5.935220600558176, "prior": 4.393395854995637, "rate": 8.073797928319529}, "datetime": {"datetime": "2024-06-14 18:10:28", "elapsed": 0.684392, "delta": 0.008975}}
{"target": -164.21407354370356, "params": {"gamma": 3.153132786150634, "prior": 8.939598214398998, "rate": 5.778994295630071}, "datetime": {"datetime": "2024-06-14 18:10:28", "elapsed": 0.693397, "delta": 0.009005}}
{"target": -135.9271821957419, "params": {"gamma": 1.8409180060730232, "prior": 7.900499414872493, "rate": 6.120699739272295}, "datetime": {"datetime": "2024-06-14 18:10:28", "elapsed": 0.702374, "delta": 0.008977}}
{"target": -132.2095445097018, "params": {"gamma": 0.5400388114654558, "prior": 4.259917432011209, "rate": 6.791009296817731}, "datetime": {"datetime": "2024-06-14 18:10:28", "elapsed": 0.710323, "delta": 0.007949}}
{"target": -391.18223578750354, "params": {"gamma": 9.186099177997281, "prior": 0.10398004642443859, "rate": 9.767614731161565}, "datetime": {"datetime": "2024-06-14 18:10:28", "elapsed": 0.719299, "delta": 0.008976}}
{"target": -181.93213210662222, "params": {"gamma": 3.766426567142999, "prior": 9.740457029747393, "rate": 6.047556293639557}, "datetime": {"datetime": "2024-06-14 18:10:28", "elapsed": 0.728275, "delta": 0.008976}}
{"target": -354.11400682283914, "params": {"gamma": 8.288629233998948, "prior": 5.789643896610213, "rate": 6.281133906875198}, "datetime": {"datetime": "2024-06-14 18:10:28", "elapsed": 0.736254, "delta": 0.007979}}
{"target": -158.7521690100528, "params": {"gamma": 2.8564772406752437, "prior": 5.9096500724952215, "rate": 7.500467615262897}, "datetime": {"datetime": "2024-06-14 18:10:28", "elapsed": 0.74523, "delta": 0.008976}}
{"target": -363.7769680121577, "params": {"gamma": 8.583280050453995, "prior": 7.575313665830033, "rate": 6.980874427224584}, "datetime": {"datetime": "2024-06-14 18:10:28", "elapsed": 0.753208, "delta": 0.007978}}
{"target": -376.8077676632167, "params": {"gamma": 8.644929821115943, "prior": 3.29454186868379, "rate": 6.708217119085085}, "datetime": {"datetime": "2024-06-14 18:10:28", "elapsed": 0.762192, "delta": 0.008984}}
{"target": -210.16794656731477, "params": {"gamma": 4.509288490197079, "prior": 3.8828172451120206, "rate": 4.108702687871935}, "datetime": {"datetime": "2024-06-14 18:10:28", "elapsed": 0.771163, "delta": 0.008971}}
{"target": -198.42668450767772, "params": {"gamma": 4.015394355111937, "prior": 3.2421010649869415, "rate": 6.219571759835095}, "datetime": {"datetime": "2024-06-14 18:10:28", "elapsed": 0.779142, "delta": 0.007979}}
{"target": -199.83770122409157, "params": {"gamma": 4.303042460941823, "prior": 9.740640571479798, "rate": 6.778331113451677}, "datetime": {"datetime": "2024-06-14 18:10:28", "elapsed": 0.788118, "delta": 0.008976}}
{"target": -138.15006368074145, "params": {"gamma": 1.9865003143826816, "prior": 4.324339992545524, "rate": 3.4341190515044557}, "datetime": {"datetime": "2024-06-14 18:10:29", "elapsed": 0.797094, "delta": 0.008976}}
{"target": -341.1463263422323, "params": {"gamma": 7.976590400781708, "prior": 8.811983056777974, "rate": 9.038515716307893}, "datetime": {"datetime": "2024-06-14 18:10:29", "elapsed": 0.80607, "delta": 0.008976}}
{"target": -287.1414843035591, "params": {"gamma": 6.627535403940247, "prior": 2.775061794094602, "rate": 2.5244146483443926}, "datetime": {"datetime": "2024-06-14 18:10:29", "elapsed": 0.814049, "delta": 0.007979}}
{"target": -368.635390533816, "params": {"gamma": 8.549124529031326, "prior": 5.324374998456592, "rate": 8.021808678961976}, "datetime": {"datetime": "2024-06-14 18:10:29", "elapsed": 0.823025, "delta": 0.008976}}
{"target": -250.136565670829, "params": {"gamma": 5.725312683398872, "prior": 7.35811100034636, "rate": 5.190597263013095}, "datetime": {"datetime": "2024-06-14 18:10:29", "elapsed": 0.831003, "delta": 0.007978}}
{"target": -327.5967324255369, "params": {"gamma": 7.709068221108379, "prior": 5.731694107976684, "rate": 4.6576330760412175}, "datetime": {"datetime": "2024-06-14 18:10:29", "elapsed": 0.839979, "delta": 0.008976}}
{"target": -184.35209976911932, "params": {"gamma": 3.4275463906248644, "prior": 0.7752725493253708, "rate": 3.7798638691016704}, "datetime": {"datetime": "2024-06-14 18:10:29", "elapsed": 0.847958, "delta": 0.007979}}
{"target": -135.25502352248608, "params": {"gamma": 0.7971811509048254, "prior": 9.829889425931405, "rate": 1.816946900456307}, "datetime": {"datetime": "2024-06-14 18:10:29", "elapsed": 0.856934, "delta": 0.008976}}
{"target": -343.12036142444106, "params": {"gamma": 8.118775118507678, "prior": 8.762120285063391, "rate": 6.884444110607048}, "datetime": {"datetime": "2024-06-14 18:10:29", "elapsed": 0.865909, "delta": 0.008975}}
