{"target": -171.81422933578375, "params": {"gamma": 3.0455479552792557, "prior": 8.63861535707258, "rate": 8.421949009551232}, "datetime": {"datetime": "2024-06-14 05:32:47", "elapsed": 9.28913, "delta": 0.008976}}
{"target": -222.9886866149812, "params": {"gamma": 4.246702488235933, "prior": 3.7004756377425694, "rate": 2.825092294877215}, "datetime": {"datetime": "2024-06-14 05:32:47", "elapsed": 9.299104, "delta": 0.009974}}
{"target": -411.40008449392275, "params": {"gamma": 9.93237460787099, "prior": 2.6319351668238067, "rate": 9.206835301993463}, "datetime": {"datetime": "2024-06-14 05:32:47", "elapsed": 9.308079, "delta": 0.008975}}
{"target": -220.03905046038645, "params": {"gamma": 4.283923802383466, "prior": 9.360727422179947, "rate": 8.38860949714763}, "datetime": {"datetime": "2024-06-14 05:32:47", "elapsed": 9.318053, "delta": 0.009974}}
{"target": -128.77047788171234, "params": {"gamma": 1.5586174788295128, "prior": 5.785405208073743, "rate": 6.7353566438421755}, "datetime": {"datetime": "2024-06-14 05:32:47", "elapsed": 9.328027, "delta": 0.009974}}
{"target": -206.32674080195804, "params": {"gamma": 4.058798239584453, "prior": 0.14828274037404324, "rate": 3.2539879663598352}, "datetime": {"datetime": "2024-06-14 05:32:47", "elapsed": 9.337002, "delta": 0.008975}}
{"target": -367.81698014736037, "params": {"gamma": 8.389610534784513, "prior": 0.7219574041509673, "rate": 1.0550920446467325}, "datetime": {"datetime": "2024-06-14 05:32:47", "elapsed": 9.346975, "delta": 0.009973}}
{"target": -331.4578248857025, "params": {"gamma": 7.0181716777726475, "prior": 5.190166850786258, "rate": 4.9821700831201285}, "datetime": {"datetime": "2024-06-14 05:32:47", "elapsed": 9.355951, "delta": 0.008976}}
{"target": -190.69927722317456, "params": {"gamma": 3.736723579545134, "prior": 6.074784805046058, "rate": 8.514836200003508}, "datetime": {"datetime": "2024-06-14 05:32:47", "elapsed": 9.365925, "delta": 0.009974}}
{"target": -175.2210448628979, "params": {"gamma": 2.7699536416334585, "prior": 8.463137492151986, "rate": 4.166774866572612}, "datetime": {"datetime": "2024-06-14 05:32:47", "elapsed": 9.374901, "delta": 0.008976}}
{"target": -286.59313255510375, "params": {"gamma": 5.010339139927012, "prior": 7.323271447824984, "rate": 2.5879583533585664}, "datetime": {"datetime": "2024-06-14 05:32:47", "elapsed": 9.384874, "delta": 0.009973}}
{"target": -433.2465800085941, "params": {"gamma": 9.216447549642744, "prior": 7.050487695865598, "rate": 6.189685300551793}, "datetime": {"datetime": "2024-06-14 05:32:47", "elapsed": 9.394847, "delta": 0.009973}}
{"target": -180.51083544530417, "params": {"gamma": 2.7308153642818653, "prior": 6.988899717958515, "rate": 2.5728902697861002}, "datetime": {"datetime": "2024-06-14 05:32:47", "elapsed": 9.403824, "delta": 0.008977}}
{"target": -353.45397144673484, "params": {"gamma": 8.164710250604447, "prior": 0.21357730472677, "rate": 1.6662098984717895}, "datetime": {"datetime": "2024-06-14 05:32:47", "elapsed": 9.413797, "delta": 0.009973}}
{"target": -284.3119683630571, "params": {"gamma": 5.578732058631829, "prior": 7.151581896064771, "rate": 4.925314058477191}, "datetime": {"datetime": "2024-06-14 05:32:47", "elapsed": 9.422773, "delta": 0.008976}}
{"target": -461.86803999988024, "params": {"gamma": 8.77821720529802, "prior": 9.761112381872845, "rate": 4.643306398374889}, "datetime": {"datetime": "2024-06-14 05:32:47", "elapsed": 9.432748, "delta": 0.009975}}
{"target": -343.48831119493076, "params": {"gamma": 7.680101807848576, "prior": 4.99824412495192, "rate": 6.651322684579871}, "datetime": {"datetime": "2024-06-14 05:32:47", "elapsed": 9.441724, "delta": 0.008976}}
{"target": -140.30929021956342, "params": {"gamma": 2.2495249246936897, "prior": 1.1844630004410581, "rate": 9.790110366804328}, "datetime": {"datetime": "2024-06-14 05:32:47", "elapsed": 9.451698, "delta": 0.009974}}
{"target": -348.7815953694691, "params": {"gamma": 8.150131602400142, "prior": 2.925296971250357, "rate": 5.858698015894784}, "datetime": {"datetime": "2024-06-14 05:32:47", "elapsed": 9.461671, "delta": 0.009973}}
{"target": -188.4151001682252, "params": {"gamma": 3.8013319815826336, "prior": 1.8457466036216705, "rate": 4.188932595381877}, "datetime": {"datetime": "2024-06-14 05:32:47", "elapsed": 9.470647, "delta": 0.008976}}
{"target": -164.39636247575925, "params": {"gamma": 2.9725807541730793, "prior": 0.2645786546757686, "rate": 3.8742957016810964}, "datetime": {"datetime": "2024-06-14 05:32:47", "elapsed": 9.48062, "delta": 0.009973}}
{"target": -452.22833453427876, "params": {"gamma": 9.209209125043717, "prior": 8.299182561203743, "rate": 5.741173477210314}, "datetime": {"datetime": "2024-06-14 05:32:47", "elapsed": 9.489597, "delta": 0.008977}}
{"target": -167.12427359076466, "params": {"gamma": 3.1871500009390448, "prior": 2.3895165193658316, "rate": 9.560239816725709}, "datetime": {"datetime": "2024-06-14 05:32:47", "elapsed": 9.49957, "delta": 0.009973}}
{"target": -268.59473511893367, "params": {"gamma": 5.646536380588049, "prior": 2.254292505235319, "rate": 2.4955710289351303}, "datetime": {"datetime": "2024-06-14 05:32:47", "elapsed": 9.509544, "delta": 0.009974}}
{"target": -511.6273209679943, "params": {"gamma": 9.59600242910666, "prior": 2.464259919634281, "rate": 1.068034169467023}, "datetime": {"datetime": "2024-06-14 05:32:47", "elapsed": 9.519518, "delta": 0.009974}}
{"target": -136.70716838382936, "params": {"gamma": 1.840435435586939, "prior": 7.685625588487398, "rate": 7.087933795056683}, "datetime": {"datetime": "2024-06-14 05:32:47", "elapsed": 9.529715, "delta": 0.010197}}
{"target": -233.60023082955277, "params": {"gamma": 4.379981305846461, "prior": 7.958664620452609, "rate": 5.1756094087340525}, "datetime": {"datetime": "2024-06-14 05:32:47", "elapsed": 9.539689, "delta": 0.009974}}
{"target": -200.3584978606931, "params": {"gamma": 4.136568013129941, "prior": 1.262675168653137, "rate": 8.839226748297556}, "datetime": {"datetime": "2024-06-14 05:32:47", "elapsed": 9.549661, "delta": 0.009972}}
{"target": -156.84769602289896, "params": {"gamma": 2.7566565508887577, "prior": 6.200981160965617, "rate": 9.8458132098281}, "datetime": {"datetime": "2024-06-14 05:32:47", "elapsed": 9.559635, "delta": 0.009974}}
{"target": -141.91945357321254, "params": {"gamma": 1.8949908024154942, "prior": 9.655361118751124, "rate": 6.527500968888528}, "datetime": {"datetime": "2024-06-14 05:32:47", "elapsed": 9.5726, "delta": 0.012965}}
{"target": -124.39980683004579, "params": {"gamma": 1.28818731436088, "prior": 7.742078746123179, "rate": 9.51780600679268}, "datetime": {"datetime": "2024-06-14 05:32:47", "elapsed": 9.583571, "delta": 0.010971}}
{"target": -394.5409259116882, "params": {"gamma": 5.628242716344561, "prior": 6.916696477605665, "rate": 0.26445244082095803}, "datetime": {"datetime": "2024-06-14 05:32:47", "elapsed": 9.593544, "delta": 0.009973}}
{"target": -631.0422555383905, "params": {"gamma": 9.890767779393961, "prior": 3.252725486155457, "rate": 0.24001388988282726}, "datetime": {"datetime": "2024-06-14 05:32:47", "elapsed": 9.603518, "delta": 0.009974}}
{"target": -392.9978256032278, "params": {"gamma": 8.08583294059341, "prior": 9.735200262493974, "rate": 7.376147510656895}, "datetime": {"datetime": "2024-06-14 05:32:47", "elapsed": 9.61349, "delta": 0.009972}}
{"target": -149.50115059390797, "params": {"gamma": 0.028355324647958178, "prior": 0.7272690626029495, "rate": 5.843109782870581}, "datetime": {"datetime": "2024-06-14 05:32:47", "elapsed": 9.622466, "delta": 0.008976}}
{"target": -182.59439603240807, "params": {"gamma": 3.3578153624482754, "prior": 8.830151459442787, "rate": 8.736820024200027}, "datetime": {"datetime": "2024-06-14 05:32:47", "elapsed": 9.63244, "delta": 0.009974}}
{"target": -437.6120233524324, "params": {"gamma": 9.875201568135711, "prior": 7.186736493818677, "rate": 8.768960114386706}, "datetime": {"datetime": "2024-06-14 05:32:47", "elapsed": 9.641416, "delta": 0.008976}}
{"target": -168.56628551130535, "params": {"gamma": 3.197181468508664, "prior": 1.20065182400608, "rate": 8.653775693718016}, "datetime": {"datetime": "2024-06-14 05:32:47", "elapsed": 9.651389, "delta": 0.009973}}
{"target": -165.9945998992029, "params": {"gamma": 3.035422507017289, "prior": 4.251389751852173, "rate": 6.460656540458656}, "datetime": {"datetime": "2024-06-14 05:32:47", "elapsed": 9.661363, "delta": 0.009974}}
{"target": -292.9771547040914, "params": {"gamma": 6.051386242420971, "prior": 4.267138536697311, "rate": 3.862118968194065}, "datetime": {"datetime": "2024-06-14 05:32:47", "elapsed": 9.670339, "delta": 0.008976}}
{"target": -135.3593353006683, "params": {"gamma": 1.227687737548204, "prior": 5.385232654603825, "rate": 2.329308118342716}, "datetime": {"datetime": "2024-06-14 05:32:47", "elapsed": 9.680312, "delta": 0.009973}}
{"target": -477.69196826410814, "params": {"gamma": 7.548323703153514, "prior": 6.78121878322855, "rate": 0.7201977211273354}, "datetime": {"datetime": "2024-06-14 05:32:47", "elapsed": 9.689288, "delta": 0.008976}}
{"target": -559.7706663419491, "params": {"gamma": 9.892657582673268, "prior": 7.826523662185978, "rate": 2.279031043019085}, "datetime": {"datetime": "2024-06-14 05:32:47", "elapsed": 9.699114, "delta": 0.009826}}
{"target": -136.74707150650985, "params": {"gamma": 0.30839744067862085, "prior": 4.835881127609816, "rate": 3.5280716325732393}, "datetime": {"datetime": "2024-06-14 05:32:47", "elapsed": 9.709088, "delta": 0.009974}}
{"target": -258.8528894616435, "params": {"gamma": 5.465568482142916, "prior": 6.630673158706719, "rate": 7.972400853780025}, "datetime": {"datetime": "2024-06-14 05:32:47", "elapsed": 9.718064, "delta": 0.008976}}
{"target": -146.32183696369208, "params": {"gamma": 0.1364299240444373, "prior": 7.171525587400897, "rate": 2.95384434705289}, "datetime": {"datetime": "2024-06-14 05:32:47", "elapsed": 9.728037, "delta": 0.009973}}
{"target": -487.3169909341127, "params": {"gamma": 9.864039353798532, "prior": 8.47779313281904, "rate": 5.604451409666734}, "datetime": {"datetime": "2024-06-14 05:32:47", "elapsed": 9.737519, "delta": 0.009482}}
{"target": -281.2502728409962, "params": {"gamma": 5.9780590880830164, "prior": 2.001549162745117, "rate": 2.263289634282068}, "datetime": {"datetime": "2024-06-14 05:32:47", "elapsed": 9.747492, "delta": 0.009973}}
{"target": -147.30604931926663, "params": {"gamma": 1.5409777702011733, "prior": 3.8403541198979734, "rate": 1.1204424879714694}, "datetime": {"datetime": "2024-06-14 05:32:47", "elapsed": 9.756468, "delta": 0.008976}}
{"target": -316.52454464353224, "params": {"gamma": 5.113217663448985, "prior": 6.420931758475319, "rate": 1.2230015699915957}, "datetime": {"datetime": "2024-06-14 05:32:47", "elapsed": 9.766442, "delta": 0.009974}}
{"target": -176.33547962974814, "params": {"gamma": 3.442619392943751, "prior": 0.7964440088835576, "rate": 5.25808611153342}, "datetime": {"datetime": "2024-06-14 05:32:47", "elapsed": 9.775418, "delta": 0.008976}}
{"target": -297.1007581167911, "params": {"gamma": 6.503247402260852, "prior": 6.193174199613517, "rate": 8.138881758532042}, "datetime": {"datetime": "2024-06-14 05:32:47", "elapsed": 9.785391, "delta": 0.009973}}
{"target": -160.89773093917978, "params": {"gamma": 2.3564267987877012, "prior": 6.220000234220411, "rate": 3.028982363807174}, "datetime": {"datetime": "2024-06-14 05:32:47", "elapsed": 9.795364, "delta": 0.009973}}
{"target": -141.36704132028495, "params": {"gamma": 0.8885882930853439, "prior": 3.1220885685015505, "rate": 0.7144933929712171}, "datetime": {"datetime": "2024-06-14 05:32:47", "elapsed": 9.80434, "delta": 0.008976}}
{"target": -587.2580281930465, "params": {"gamma": 9.585783535985689, "prior": 7.2989378057766, "rate": 1.0155071173822163}, "datetime": {"datetime": "2024-06-14 05:32:48", "elapsed": 9.814314, "delta": 0.009974}}
{"target": -334.52572778691905, "params": {"gamma": 7.862906954163588, "prior": 3.5863380649556653, "rate": 9.1144399680976}, "datetime": {"datetime": "2024-06-14 05:32:48", "elapsed": 9.824287, "delta": 0.009973}}
{"target": -297.38004241169233, "params": {"gamma": 4.955478850036387, "prior": 8.739657957550234, "rate": 2.206077417642493}, "datetime": {"datetime": "2024-06-14 05:32:48", "elapsed": 9.833769, "delta": 0.009482}}
{"target": -231.3101740587788, "params": {"gamma": 3.6725560667067523, "prior": 3.731685727367989, "rate": 0.9722296833512493}, "datetime": {"datetime": "2024-06-14 05:32:48", "elapsed": 9.843742, "delta": 0.009973}}
{"target": -187.67607690707098, "params": {"gamma": 3.310813326223882, "prior": 6.6311270580041155, "rate": 4.665968370246033}, "datetime": {"datetime": "2024-06-14 05:32:48", "elapsed": 9.852718, "delta": 0.008976}}
{"target": -390.20617594065, "params": {"gamma": 8.792436465874568, "prior": 2.769735637264448, "rate": 3.5488386678677664}, "datetime": {"datetime": "2024-06-14 05:32:48", "elapsed": 9.862691, "delta": 0.009973}}
{"target": -202.17131908517382, "params": {"gamma": 3.2042225472159718, "prior": 5.562205909154905, "rate": 1.8830059366472722}, "datetime": {"datetime": "2024-06-14 05:32:48", "elapsed": 9.872665, "delta": 0.009974}}
{"target": -146.26646626326865, "params": {"gamma": 1.7332694708102208, "prior": 9.4008710496637, "rate": 3.767100489749554}, "datetime": {"datetime": "2024-06-14 05:32:48", "elapsed": 9.881641, "delta": 0.008976}}
{"target": -262.3602043855747, "params": {"gamma": 5.871394250695616, "prior": 0.6460056416863561, "rate": 1.409439110996769}, "datetime": {"datetime": "2024-06-14 05:32:48", "elapsed": 9.891614, "delta": 0.009973}}
{"target": -150.50125156070587, "params": {"gamma": 0.964489160060572, "prior": 8.139944122785648, "rate": 1.0323646790520586}, "datetime": {"datetime": "2024-06-14 05:32:48", "elapsed": 9.90059, "delta": 0.008976}}
{"target": -239.70644829789077, "params": {"gamma": 5.163644140749812, "prior": 1.6402211901215338, "rate": 2.7888887375330564}, "datetime": {"datetime": "2024-06-14 05:32:48", "elapsed": 9.910563, "delta": 0.009973}}
{"target": -383.50344333393855, "params": {"gamma": 8.826137423028198, "prior": 6.352778274796015, "rate": 9.636663439420486}, "datetime": {"datetime": "2024-06-14 05:32:48", "elapsed": 9.920537, "delta": 0.009974}}
{"target": -281.97229210872416, "params": {"gamma": 5.997543941794315, "prior": 0.19424519054392425, "rate": 4.156994414198696}, "datetime": {"datetime": "2024-06-14 05:32:48", "elapsed": 9.929513, "delta": 0.008976}}
{"target": -137.0501860263552, "params": {"gamma": 0.22539510183243922, "prior": 3.20844484766477, "rate": 4.816767682276697}, "datetime": {"datetime": "2024-06-14 05:32:48", "elapsed": 9.939486, "delta": 0.009973}}
{"target": -257.7067852462981, "params": {"gamma": 5.755017951896957, "prior": 2.4626370089964063, "rate": 5.583307497898072}, "datetime": {"datetime": "2024-06-14 05:32:48", "elapsed": 9.948462, "delta": 0.008976}}
{"target": -232.00197330635515, "params": {"gamma": 3.949806420938232, "prior": 5.115163656318577, "rate": 1.9604741784106727}, "datetime": {"datetime": "2024-06-14 05:32:48", "elapsed": 9.958435, "delta": 0.009973}}
{"target": -141.06471476675387, "params": {"gamma": 1.5683593484243095, "prior": 7.5697183752636255, "rate": 3.3004023148263886}, "datetime": {"datetime": "2024-06-14 05:32:48", "elapsed": 9.967411, "delta": 0.008976}}
{"target": -289.3874191561949, "params": {"gamma": 6.442312729689626, "prior": 5.698010406246365, "rate": 8.995409627944824}, "datetime": {"datetime": "2024-06-14 05:32:48", "elapsed": 9.977384, "delta": 0.009973}}
{"target": -466.59489026963445, "params": {"gamma": 8.806955495452243, "prior": 4.486802863235155, "rate": 2.048146129836078}, "datetime": {"datetime": "2024-06-14 05:32:48", "elapsed": 9.987358, "delta": 0.009974}}
{"target": -296.94274434432674, "params": {"gamma": 6.322291560542967, "prior": 6.404676155930846, "rate": 6.92448261628265}, "datetime": {"datetime": "2024-06-14 05:32:48", "elapsed": 9.996334, "delta": 0.008976}}
{"target": -434.4548460910269, "params": {"gamma": 9.074824554145266, "prior": 7.847551682641525, "rate": 6.253284067622613}, "datetime": {"datetime": "2024-06-14 05:32:48", "elapsed": 10.006306, "delta": 0.009972}}
{"target": -265.36495632263717, "params": {"gamma": 6.010054988385501, "prior": 2.2063144570746065, "rate": 6.514002254616683}, "datetime": {"datetime": "2024-06-14 05:32:48", "elapsed": 10.015283, "delta": 0.008977}}
{"target": -377.8287008343288, "params": {"gamma": 8.145187207595269, "prior": 9.230992560443674, "rate": 9.166584470697245}, "datetime": {"datetime": "2024-06-14 05:32:48", "elapsed": 10.025258, "delta": 0.009975}}
{"target": -263.4970917598234, "params": {"gamma": 5.611426959920494, "prior": 2.6723563598308284, "rate": 3.338640770780343}, "datetime": {"datetime": "2024-06-14 05:32:48", "elapsed": 10.034738, "delta": 0.00948}}
{"target": -428.37679846206737, "params": {"gamma": 9.977625893322635, "prior": 5.303418103356411, "rate": 8.159250821705387}, "datetime": {"datetime": "2024-06-14 05:32:48", "elapsed": 10.044711, "delta": 0.009973}}
{"target": -302.53617681380734, "params": {"gamma": 5.970564861657937, "prior": 5.1186108345504335, "rate": 3.4860476134416722}, "datetime": {"datetime": "2024-06-14 05:32:48", "elapsed": 10.054684, "delta": 0.009973}}
{"target": -274.3402106428823, "params": {"gamma": 5.378167511784794, "prior": 0.16667359924261277, "rate": 8.766981380159143}, "datetime": {"datetime": "2024-06-14 05:32:48", "elapsed": 10.064658, "delta": 0.009974}}
{"target": -268.42531434146935, "params": {"gamma": 5.615303328845261, "prior": 0.340386110714318, "rate": 8.181929278566322}, "datetime": {"datetime": "2024-06-14 05:32:48", "elapsed": 10.073634, "delta": 0.008976}}
{"target": -120.4154296605382, "params": {"gamma": 1.3544085542298703, "prior": 0.4033231110996103, "rate": 4.623891705947023}, "datetime": {"datetime": "2024-06-14 05:32:48", "elapsed": 10.083607, "delta": 0.009973}}
{"target": -477.9110147972514, "params": {"gamma": 9.606606296174677, "prior": 1.0267810597935034, "rate": 0.656919562834297}, "datetime": {"datetime": "2024-06-14 05:32:48", "elapsed": 10.092612, "delta": 0.009005}}
{"target": -405.7799427658872, "params": {"gamma": 8.799475826643015, "prior": 8.231583211278556, "rate": 8.199874253028593}, "datetime": {"datetime": "2024-06-14 05:32:48", "elapsed": 10.102557, "delta": 0.009945}}
{"target": -235.0098385638894, "params": {"gamma": 4.678712660105902, "prior": 4.3321717361492516, "rate": 4.011281986039528}, "datetime": {"datetime": "2024-06-14 05:32:48", "elapsed": 10.11253, "delta": 0.009973}}
{"target": -276.8215340705126, "params": {"gamma": 5.822568206350932, "prior": 7.316809626823501, "rate": 7.843135731493912}, "datetime": {"datetime": "2024-06-14 05:32:48", "elapsed": 10.122503, "delta": 0.009973}}
{"target": -325.383543917764, "params": {"gamma": 6.548337076416619, "prior": 5.668415030292531, "rate": 4.1245136895947505}, "datetime": {"datetime": "2024-06-14 05:32:48", "elapsed": 10.131479, "delta": 0.008976}}
{"target": -176.63063342373596, "params": {"gamma": 3.1998307053765016, "prior": 2.9338531489792334, "rate": 2.9624710073123492}, "datetime": {"datetime": "2024-06-14 05:32:48", "elapsed": 10.141453, "delta": 0.009974}}
{"target": -334.0841769721627, "params": {"gamma": 6.827845908778269, "prior": 7.648167703379835, "rate": 5.976600250112773}, "datetime": {"datetime": "2024-06-14 05:32:48", "elapsed": 10.151568, "delta": 0.010115}}
{"target": -139.13730091427803, "params": {"gamma": 2.229416058643355, "prior": 2.0245107029967566, "rate": 7.657095501588769}, "datetime": {"datetime": "2024-06-14 05:32:48", "elapsed": 10.160792, "delta": 0.009224}}
{"target": -421.7704259121557, "params": {"gamma": 9.786959495931479, "prior": 0.257508619766369, "rate": 2.489732521683815}, "datetime": {"datetime": "2024-06-14 05:32:48", "elapsed": 10.170765, "delta": 0.009973}}
{"target": -441.25397503634304, "params": {"gamma": 7.923336404835708, "prior": 7.219736447758213, "rate": 2.4605535974366086}, "datetime": {"datetime": "2024-06-14 05:32:48", "elapsed": 10.18074, "delta": 0.009975}}
{"target": -261.6589569117778, "params": {"gamma": 5.549368918377377, "prior": 5.897299361580305, "rate": 7.21412138219565}, "datetime": {"datetime": "2024-06-14 05:32:48", "elapsed": 10.189714, "delta": 0.008974}}
{"target": -239.88288458667512, "params": {"gamma": 4.637273438415798, "prior": 4.1079998680749545, "rate": 3.080786698738075}, "datetime": {"datetime": "2024-06-14 05:32:48", "elapsed": 10.199688, "delta": 0.009974}}
{"target": -143.5702067559743, "params": {"gamma": 2.3838507751598206, "prior": 1.0157832456909792, "rate": 6.4591879907890055}, "datetime": {"datetime": "2024-06-14 05:32:48", "elapsed": 10.209661, "delta": 0.009973}}
{"target": -499.08768538379934, "params": {"gamma": 6.696034914953822, "prior": 6.904700391776786, "rate": 0.03245405892326011}, "datetime": {"datetime": "2024-06-14 05:32:48", "elapsed": 10.219213, "delta": 0.009552}}
{"target": -207.11385697456544, "params": {"gamma": 4.383092072177341, "prior": 1.3132783126224954, "rate": 5.266566747727368}, "datetime": {"datetime": "2024-06-14 05:32:48", "elapsed": 10.229186, "delta": 0.009973}}
{"target": -473.63580519515966, "params": {"gamma": 9.797416469397842, "prior": 5.042842408537047, "rate": 3.747125142755934}, "datetime": {"datetime": "2024-06-14 05:32:48", "elapsed": 10.238162, "delta": 0.008976}}
{"target": -461.8936073863177, "params": {"gamma": 8.13858608395356, "prior": 9.685194238622525, "rate": 2.8719466519104246}, "datetime": {"datetime": "2024-06-14 05:32:48", "elapsed": 10.248135, "delta": 0.009973}}
{"target": -504.1483745816993, "params": {"gamma": 8.030197397425262, "prior": 9.96180022989637, "rate": 1.1191305732763266}, "datetime": {"datetime": "2024-06-14 05:32:48", "elapsed": 10.257112, "delta": 0.008977}}
