{"target": -571.8698305510229, "params": {"gamma": 3.0745074227980154, "lr": 0.3049656416420632}, "datetime": {"datetime": "2024-06-14 01:34:35", "elapsed": 4.216982, "delta": 0.003989}}
{"target": -3146.9127334333657, "params": {"gamma": 8.811802015970617, "lr": 0.1260784803971985}, "datetime": {"datetime": "2024-06-14 01:34:35", "elapsed": 4.220972, "delta": 0.00399}}
{"target": -1353.9068070819012, "params": {"gamma": 6.334974881523022, "lr": 0.2777127324734242}, "datetime": {"datetime": "2024-06-14 01:34:35", "elapsed": 4.225958, "delta": 0.004986}}
{"target": -1585.8414489452343, "params": {"gamma": 8.272176051067923, "lr": 0.3645234475558883}, "datetime": {"datetime": "2024-06-14 01:34:35", "elapsed": 4.23046, "delta": 0.004502}}
{"target": -2555.9880435564714, "params": {"gamma": 7.3339275785938725, "lr": 0.1924178904137388}, "datetime": {"datetime": "2024-06-14 01:34:35", "elapsed": 4.234442, "delta": 0.003982}}
{"target": -1115.3073822836, "params": {"gamma": 4.814977529509854, "lr": 0.8035946264310272}, "datetime": {"datetime": "2024-06-14 01:34:35", "elapsed": 4.238432, "delta": 0.00399}}
{"target": -1475.9267944646679, "params": {"gamma": 3.9704851285120673, "lr": 0.16157403985608987}, "datetime": {"datetime": "2024-06-14 01:34:35", "elapsed": 4.243418, "delta": 0.004986}}
{"target": -1460.2278680683753, "params": {"gamma": 6.490173244263826, "lr": 0.7533258058943924}, "datetime": {"datetime": "2024-06-14 01:34:35", "elapsed": 4.247408, "delta": 0.00399}}
{"target": -536.5228417937607, "params": {"gamma": 2.8026461610955637, "lr": 0.45136186123240163}, "datetime": {"datetime": "2024-06-14 01:34:35", "elapsed": 4.251397, "delta": 0.003989}}
{"target": -2203.446243160522, "params": {"gamma": 9.004588674948266, "lr": 0.8719856311909184}, "datetime": {"datetime": "2024-06-14 01:34:35", "elapsed": 4.255387, "delta": 0.00399}}
{"target": -1435.5946545953473, "params": {"gamma": 7.0721689102320395, "lr": 0.5909005994904067}, "datetime": {"datetime": "2024-06-14 01:34:35", "elapsed": 4.260373, "delta": 0.004986}}
{"target": -2041.1596457007201, "params": {"gamma": 8.174005321700859, "lr": 0.907644646099839}, "datetime": {"datetime": "2024-06-14 01:34:35", "elapsed": 4.264362, "delta": 0.003989}}
{"target": -148.26673164108468, "params": {"gamma": 0.026073089119563617, "lr": 0.39722776623376177}, "datetime": {"datetime": "2024-06-14 01:34:35", "elapsed": 4.268352, "delta": 0.00399}}
{"target": -1247.544185946639, "params": {"gamma": 5.614535427501098, "lr": 0.7339231362848766}, "datetime": {"datetime": "2024-06-14 01:34:35", "elapsed": 4.273339, "delta": 0.004987}}
{"target": -221.82349853043863, "params": {"gamma": 0.8756401490882502, "lr": 0.3997549876808645}, "datetime": {"datetime": "2024-06-14 01:34:35", "elapsed": 4.277328, "delta": 0.003989}}
{"target": -525.4643552138978, "params": {"gamma": 2.796932173319039, "lr": 0.42351005310518297}, "datetime": {"datetime": "2024-06-14 01:34:35", "elapsed": 4.282314, "delta": 0.004986}}
{"target": -1008.207987879327, "params": {"gamma": 4.980288348100211, "lr": 0.660015223526051}, "datetime": {"datetime": "2024-06-14 01:34:35", "elapsed": 4.286304, "delta": 0.00399}}
{"target": -1002.2797000117873, "params": {"gamma": 4.962865153563822, "lr": 0.6204682006051905}, "datetime": {"datetime": "2024-06-14 01:34:35", "elapsed": 4.290293, "delta": 0.003989}}
{"target": -1054.2735373457708, "params": {"gamma": 5.824816179030337, "lr": 0.42833239803885637}, "datetime": {"datetime": "2024-06-14 01:34:35", "elapsed": 4.29528, "delta": 0.004987}}
{"target": -151.64576046841597, "params": {"gamma": 0.050758670747942644, "lr": 0.19451641385960183}, "datetime": {"datetime": "2024-06-14 01:34:35", "elapsed": 4.299269, "delta": 0.003989}}
{"target": -1194.4717893680236, "params": {"gamma": 3.2027463362086017, "lr": 0.1469781258549313}, "datetime": {"datetime": "2024-06-14 01:34:35", "elapsed": 4.303258, "delta": 0.003989}}
{"target": -1205.022913715263, "params": {"gamma": 5.987040152182751, "lr": 0.6114994766596024}, "datetime": {"datetime": "2024-06-14 01:34:35", "elapsed": 4.308245, "delta": 0.004987}}
{"target": -904.9962709185787, "params": {"gamma": 5.001432502709699, "lr": 0.32084890160086454}, "datetime": {"datetime": "2024-06-14 01:34:35", "elapsed": 4.312234, "delta": 0.003989}}
{"target": -2278.071418816133, "params": {"gamma": 6.53292726219252, "lr": 0.19028348267904371}, "datetime": {"datetime": "2024-06-14 01:34:35", "elapsed": 4.316224, "delta": 0.00399}}
{"target": -145.91796599209601, "params": {"gamma": 0.05980393346483768, "lr": 0.7349420186839615}, "datetime": {"datetime": "2024-06-14 01:34:35", "elapsed": 4.32121, "delta": 0.004986}}
{"target": -975.505875295781, "params": {"gamma": 4.435594915197448, "lr": 0.6978416560498484}, "datetime": {"datetime": "2024-06-14 01:34:35", "elapsed": 4.325765, "delta": 0.004555}}
{"target": -901.6523913280707, "params": {"gamma": 1.851248453020123, "lr": 0.06261980198391548}, "datetime": {"datetime": "2024-06-14 01:34:35", "elapsed": 4.329749, "delta": 0.003984}}
{"target": -834.7748935897347, "params": {"gamma": 3.78170775924343, "lr": 0.695996510445494}, "datetime": {"datetime": "2024-06-14 01:34:35", "elapsed": 4.333738, "delta": 0.003989}}
{"target": -386.65248697011646, "params": {"gamma": 1.0290808561757039, "lr": 0.19583423367499242}, "datetime": {"datetime": "2024-06-14 01:34:35", "elapsed": 4.338725, "delta": 0.004987}}
{"target": -918.7285473537406, "params": {"gamma": 4.540072551414793, "lr": 0.6211491896936461}, "datetime": {"datetime": "2024-06-14 01:34:35", "elapsed": 4.342714, "delta": 0.003989}}
{"target": -3376.5126839183586, "params": {"gamma": 7.501492356441782, "lr": 0.1097350212856566}, "datetime": {"datetime": "2024-06-14 01:34:35", "elapsed": 4.346703, "delta": 0.003989}}
{"target": -1195.8279861085584, "params": {"gamma": 6.246611447949256, "lr": 0.3873605221444808}, "datetime": {"datetime": "2024-06-14 01:34:35", "elapsed": 4.35169, "delta": 0.004987}}
{"target": -2018.0513716527066, "params": {"gamma": 6.701233597109323, "lr": 0.2035603776619016}, "datetime": {"datetime": "2024-06-14 01:34:35", "elapsed": 4.355679, "delta": 0.003989}}
{"target": -2009.630455688393, "params": {"gamma": 5.2796600565097815, "lr": 0.1721625549559327}, "datetime": {"datetime": "2024-06-14 01:34:35", "elapsed": 4.359669, "delta": 0.00399}}
{"target": -147.42478648655324, "params": {"gamma": 0.18779137895775708, "lr": 0.4869502464239571}, "datetime": {"datetime": "2024-06-14 01:34:35", "elapsed": 4.364655, "delta": 0.004986}}
{"target": -394.7954169774731, "params": {"gamma": 1.8425935878323698, "lr": 0.6383433300033875}, "datetime": {"datetime": "2024-06-14 01:34:35", "elapsed": 4.368644, "delta": 0.003989}}
{"target": -1210.403030589685, "params": {"gamma": 5.366211618584989, "lr": 0.7749453799977457}, "datetime": {"datetime": "2024-06-14 01:34:35", "elapsed": 4.373212, "delta": 0.004568}}
{"target": -1009.9274542084981, "params": {"gamma": 3.930206066439398, "lr": 0.9894521308362529}, "datetime": {"datetime": "2024-06-14 01:34:35", "elapsed": 4.377197, "delta": 0.003985}}
{"target": -957.8675197646311, "params": {"gamma": 5.152631746924576, "lr": 0.47882340118547173}, "datetime": {"datetime": "2024-06-14 01:34:35", "elapsed": 4.381186, "delta": 0.003989}}
{"target": -1520.2454970156934, "params": {"gamma": 7.494675265050945, "lr": 0.5726882932924154}, "datetime": {"datetime": "2024-06-14 01:34:35", "elapsed": 4.386173, "delta": 0.004987}}
{"target": -683.1274586167017, "params": {"gamma": 3.625290707682954, "lr": 0.48924478546014216}, "datetime": {"datetime": "2024-06-14 01:34:35", "elapsed": 4.390163, "delta": 0.00399}}
{"target": -389.98756473756396, "params": {"gamma": 1.8921946110135588, "lr": 0.39358341429686194}, "datetime": {"datetime": "2024-06-14 01:34:35", "elapsed": 4.395149, "delta": 0.004986}}
{"target": -152.21004111579487, "params": {"gamma": 0.30058756348796134, "lr": 0.46252906034220287}, "datetime": {"datetime": "2024-06-14 01:34:35", "elapsed": 4.400137, "delta": 0.004988}}
{"target": -567.2391457875716, "params": {"gamma": 2.7454666539229047, "lr": 0.5267158603586157}, "datetime": {"datetime": "2024-06-14 01:34:35", "elapsed": 4.404125, "delta": 0.003988}}
{"target": -151.82884509257406, "params": {"gamma": 0.2936919419097222, "lr": 0.5550867665221745}, "datetime": {"datetime": "2024-06-14 01:34:35", "elapsed": 4.408115, "delta": 0.00399}}
{"target": -609.3805023615785, "params": {"gamma": 2.9306858383999437, "lr": 0.5774906810135474}, "datetime": {"datetime": "2024-06-14 01:34:35", "elapsed": 4.413101, "delta": 0.004986}}
{"target": -1354.3885352279312, "params": {"gamma": 7.327965762760406, "lr": 0.44033782679643774}, "datetime": {"datetime": "2024-06-14 01:34:35", "elapsed": 4.417091, "delta": 0.00399}}
{"target": -1766.530936108344, "params": {"gamma": 6.6319050719967745, "lr": 0.23890995487021205}, "datetime": {"datetime": "2024-06-14 01:34:35", "elapsed": 4.42108, "delta": 0.003989}}
{"target": -2655.301129116949, "params": {"gamma": 9.985992286776213, "lr": 0.24287852161976753}, "datetime": {"datetime": "2024-06-14 01:34:35", "elapsed": 4.426066, "delta": 0.004986}}
{"target": -2830.1313889379057, "params": {"gamma": 9.408343315400867, "lr": 0.21721975039101793}, "datetime": {"datetime": "2024-06-14 01:34:35", "elapsed": 4.430568, "delta": 0.004502}}
{"target": -1166.990250014645, "params": {"gamma": 4.97614628166607, "lr": 0.8211769648927358}, "datetime": {"datetime": "2024-06-14 01:34:35", "elapsed": 4.434904, "delta": 0.004336}}
{"target": -1586.3749346358697, "params": {"gamma": 7.166163879900548, "lr": 0.705580412120669}, "datetime": {"datetime": "2024-06-14 01:34:35", "elapsed": 4.439399, "delta": 0.004495}}
{"target": -997.0327793150483, "params": {"gamma": 4.4049651591972045, "lr": 0.7541750254551594}, "datetime": {"datetime": "2024-06-14 01:34:35", "elapsed": 4.443388, "delta": 0.003989}}
{"target": -1692.9698332843632, "params": {"gamma": 9.199615816571573, "lr": 0.4413517453158379}, "datetime": {"datetime": "2024-06-14 01:34:35", "elapsed": 4.448375, "delta": 0.004987}}
{"target": -2540.3118345087305, "params": {"gamma": 5.2801268760628535, "lr": 0.06603558401663734}, "datetime": {"datetime": "2024-06-14 01:34:35", "elapsed": 4.452364, "delta": 0.003989}}
{"target": -733.8748201832781, "params": {"gamma": 3.9083399636332565, "lr": 0.4672385663332459}, "datetime": {"datetime": "2024-06-14 01:34:35", "elapsed": 4.488268, "delta": 0.035904}}
{"target": -4027.5390002602812, "params": {"gamma": 8.951481970324929, "lr": 0.11055744025544123}, "datetime": {"datetime": "2024-06-14 01:34:35", "elapsed": 4.493255, "delta": 0.004987}}
{"target": -1458.7255648201476, "params": {"gamma": 7.311644894386467, "lr": 0.5454711685487195}, "datetime": {"datetime": "2024-06-14 01:34:35", "elapsed": 4.497244, "delta": 0.003989}}
{"target": -2916.922758692198, "params": {"gamma": 6.0657477697349185, "lr": 0.029782944129560285}, "datetime": {"datetime": "2024-06-14 01:34:35", "elapsed": 4.501234, "delta": 0.00399}}
{"target": -346.1803929537204, "params": {"gamma": 1.4683270502280348, "lr": 0.28398322546618515}, "datetime": {"datetime": "2024-06-14 01:34:35", "elapsed": 4.506221, "delta": 0.004987}}
{"target": -146.1777873836054, "params": {"gamma": 0.04971560748810713, "lr": 0.6691577977971368}, "datetime": {"datetime": "2024-06-14 01:34:35", "elapsed": 4.511207, "delta": 0.004986}}
{"target": -1732.6036089659956, "params": {"gamma": 8.70270923127706, "lr": 0.5469683092712408}, "datetime": {"datetime": "2024-06-14 01:34:35", "elapsed": 4.515197, "delta": 0.00399}}
{"target": -1095.1201013448447, "params": {"gamma": 5.432097311144519, "lr": 0.6157259286130373}, "datetime": {"datetime": "2024-06-14 01:34:35", "elapsed": 4.520182, "delta": 0.004985}}
{"target": -598.6289801917042, "params": {"gamma": 3.022512822657626, "lr": 0.3667319816609417}, "datetime": {"datetime": "2024-06-14 01:34:35", "elapsed": 4.524172, "delta": 0.00399}}
{"target": -1328.6185035860992, "params": {"gamma": 5.749822333050388, "lr": 0.8092165837173445}, "datetime": {"datetime": "2024-06-14 01:34:35", "elapsed": 4.529159, "delta": 0.004987}}
{"target": -393.2648388429235, "params": {"gamma": 2.016764747447303, "lr": 0.32752405584828914}, "datetime": {"datetime": "2024-06-14 01:34:35", "elapsed": 4.533149, "delta": 0.00399}}
{"target": -1460.1257201065005, "params": {"gamma": 7.429469582646582, "lr": 0.3409202491323421}, "datetime": {"datetime": "2024-06-14 01:34:35", "elapsed": 4.538135, "delta": 0.004986}}
{"target": -236.62945820359704, "params": {"gamma": 0.4770616761368438, "lr": 0.15635692867625162}, "datetime": {"datetime": "2024-06-14 01:34:35", "elapsed": 4.542124, "delta": 0.003989}}
{"target": -385.659443909889, "params": {"gamma": 1.9394547317358086, "lr": 0.4951123625611782}, "datetime": {"datetime": "2024-06-14 01:34:35", "elapsed": 4.547111, "delta": 0.004987}}
{"target": -1565.3980239947232, "params": {"gamma": 6.351614485952291, "lr": 0.880219977218583}, "datetime": {"datetime": "2024-06-14 01:34:35", "elapsed": 4.5511, "delta": 0.003989}}
{"target": -1606.2392387095406, "params": {"gamma": 9.025463027666028, "lr": 0.307160768485095}, "datetime": {"datetime": "2024-06-14 01:34:35", "elapsed": 4.55509, "delta": 0.00399}}
{"target": -1606.622820184518, "params": {"gamma": 7.534047351182733, "lr": 0.2824280305589726}, "datetime": {"datetime": "2024-06-14 01:34:35", "elapsed": 4.560076, "delta": 0.004986}}
{"target": -682.6200742248301, "params": {"gamma": 3.686400120782994, "lr": 0.2927265620931302}, "datetime": {"datetime": "2024-06-14 01:34:35", "elapsed": 4.564066, "delta": 0.00399}}
{"target": -1249.6173175895658, "params": {"gamma": 4.137493671254815, "lr": 0.21471569566838056}, "datetime": {"datetime": "2024-06-14 01:34:35", "elapsed": 4.569052, "delta": 0.004986}}
{"target": -1276.96217415, "params": {"gamma": 3.1905410786954205, "lr": 0.12191981389008766}, "datetime": {"datetime": "2024-06-14 01:34:35", "elapsed": 4.573042, "delta": 0.00399}}
{"target": -1924.896909479739, "params": {"gamma": 9.63021937771575, "lr": 0.5039830093987828}, "datetime": {"datetime": "2024-06-14 01:34:35", "elapsed": 4.578028, "delta": 0.004986}}
{"target": -2040.8529067885293, "params": {"gamma": 9.23108372520405, "lr": 0.7461601407734211}, "datetime": {"datetime": "2024-06-14 01:34:35", "elapsed": 4.582018, "delta": 0.00399}}
{"target": -1035.3189163801069, "params": {"gamma": 4.577595171516512, "lr": 0.7546222253081317}, "datetime": {"datetime": "2024-06-14 01:34:35", "elapsed": 4.587004, "delta": 0.004986}}
{"target": -1127.6337603705615, "params": {"gamma": 6.280602762990652, "lr": 0.30375843415186865}, "datetime": {"datetime": "2024-06-14 01:34:35", "elapsed": 4.590994, "delta": 0.00399}}
{"target": -1159.0989874486236, "params": {"gamma": 5.217071474819306, "lr": 0.7123121956474292}, "datetime": {"datetime": "2024-06-14 01:34:35", "elapsed": 4.594983, "delta": 0.003989}}
{"target": -1474.247883306033, "params": {"gamma": 3.0538300009516193, "lr": 0.012522836886473265}, "datetime": {"datetime": "2024-06-14 01:34:35", "elapsed": 4.59997, "delta": 0.004987}}
{"target": -620.9741414942877, "params": {"gamma": 2.6833600285302275, "lr": 0.7967454755900841}, "datetime": {"datetime": "2024-06-14 01:34:35", "elapsed": 4.603959, "delta": 0.003989}}
{"target": -1880.7011890382173, "params": {"gamma": 9.300000896546049, "lr": 0.6253311549032551}, "datetime": {"datetime": "2024-06-14 01:34:35", "elapsed": 4.607948, "delta": 0.003989}}
{"target": -328.0567315830544, "params": {"gamma": 1.3289420383195298, "lr": 0.7575703592474212}, "datetime": {"datetime": "2024-06-14 01:34:35", "elapsed": 4.612935, "delta": 0.004987}}
{"target": -1188.9252073653026, "params": {"gamma": 5.269526555127393, "lr": 0.753869071621213}, "datetime": {"datetime": "2024-06-14 01:34:35", "elapsed": 4.617922, "delta": 0.004987}}
{"target": -2188.515865740615, "params": {"gamma": 8.586258418997055, "lr": 0.9475415511018243}, "datetime": {"datetime": "2024-06-14 01:34:35", "elapsed": 4.621911, "delta": 0.003989}}
{"target": -1551.858014469982, "params": {"gamma": 6.545720808693693, "lr": 0.8542582098426466}, "datetime": {"datetime": "2024-06-14 01:34:35", "elapsed": 4.626897, "delta": 0.004986}}
{"target": -1651.5250007897962, "params": {"gamma": 7.426137988907772, "lr": 0.7271011884036769}, "datetime": {"datetime": "2024-06-14 01:34:35", "elapsed": 4.630887, "delta": 0.00399}}
{"target": -2188.969610656614, "params": {"gamma": 8.58804877191338, "lr": 0.9230030407536653}, "datetime": {"datetime": "2024-06-14 01:34:35", "elapsed": 4.634876, "delta": 0.003989}}
{"target": -1716.8647400446434, "params": {"gamma": 9.020857939246921, "lr": 0.39575026156518067}, "datetime": {"datetime": "2024-06-14 01:34:35", "elapsed": 4.639864, "delta": 0.004988}}
{"target": -238.93757186054023, "params": {"gamma": 0.8411287767074533, "lr": 0.8295737184581491}, "datetime": {"datetime": "2024-06-14 01:34:35", "elapsed": 4.64485, "delta": 0.004986}}
{"target": -1086.1189374731937, "params": {"gamma": 5.389776601523036, "lr": 0.542076154739123}, "datetime": {"datetime": "2024-06-14 01:34:35", "elapsed": 4.648839, "delta": 0.003989}}
{"target": -3965.126170614848, "params": {"gamma": 8.25192813033363, "lr": 0.03198418437577388}, "datetime": {"datetime": "2024-06-14 01:34:35", "elapsed": 4.652828, "delta": 0.003989}}
{"target": -4218.201721914397, "params": {"gamma": 8.779726226832842, "lr": 0.03463400133772032}, "datetime": {"datetime": "2024-06-14 01:34:35", "elapsed": 4.657815, "delta": 0.004987}}
{"target": -1407.565527148805, "params": {"gamma": 6.932252389225503, "lr": 0.5874844793504092}, "datetime": {"datetime": "2024-06-14 01:34:35", "elapsed": 4.661804, "delta": 0.003989}}
{"target": -1235.7543429245281, "params": {"gamma": 6.417850059155134, "lr": 0.37408018773825613}, "datetime": {"datetime": "2024-06-14 01:34:35", "elapsed": 4.665793, "delta": 0.003989}}
{"target": -569.1511078890642, "params": {"gamma": 2.755344804474391, "lr": 0.5094085814387623}, "datetime": {"datetime": "2024-06-14 01:34:35", "elapsed": 4.670781, "delta": 0.004988}}
{"target": -1763.252542762151, "params": {"gamma": 8.858345348380066, "lr": 0.5652896703655683}, "datetime": {"datetime": "2024-06-14 01:34:35", "elapsed": 4.67477, "delta": 0.003989}}
{"target": -1228.5237711889545, "params": {"gamma": 6.631825765751704, "lr": 0.44137923095350085}, "datetime": {"datetime": "2024-06-14 01:34:35", "elapsed": 4.679756, "delta": 0.004986}}
{"target": -2148.464570566998, "params": {"gamma": 9.7214187321274, "lr": 0.7425224523517098}, "datetime": {"datetime": "2024-06-14 01:34:35", "elapsed": 4.683746, "delta": 0.00399}}
{"target": -725.4042542364439, "params": {"gamma": 3.5496702059968834, "lr": 0.6535310326636594}, "datetime": {"datetime": "2024-06-14 01:34:35", "elapsed": 4.687735, "delta": 0.003989}}
{"target": -1339.9677434942068, "params": {"gamma": 5.426621502305332, "lr": 0.884056212378686}, "datetime": {"datetime": "2024-06-14 01:34:35", "elapsed": 4.692722, "delta": 0.004987}}
{"target": -1246.4991378273944, "params": {"gamma": 2.7512654566030514, "lr": 0.10806748517233733}, "datetime": {"datetime": "2024-06-14 01:34:35", "elapsed": 4.696711, "delta": 0.003989}}
{"target": -393.7516840647265, "params": {"gamma": 1.9135292453599602, "lr": 0.38704623260508586}, "datetime": {"datetime": "2024-06-14 01:34:35", "elapsed": 4.701697, "delta": 0.004986}}
{"target": -1827.4501784939785, "params": {"gamma": 8.54074388954821, "lr": 0.2708449138359166}, "datetime": {"datetime": "2024-06-14 01:34:35", "elapsed": 4.705687, "delta": 0.00399}}
{"target": -1259.8956633041128, "params": {"gamma": 6.263961673283628, "lr": 0.6235518010455583}, "datetime": {"datetime": "2024-06-14 01:34:35", "elapsed": 4.710674, "delta": 0.004987}}
{"target": -1965.7632602293224, "params": {"gamma": 4.08106330634394, "lr": 0.05033512965945175}, "datetime": {"datetime": "2024-06-14 01:34:35", "elapsed": 4.714663, "delta": 0.003989}}
{"target": -1342.3884706646938, "params": {"gamma": 7.448593896451896, "lr": 0.29572553442388116}, "datetime": {"datetime": "2024-06-14 01:34:35", "elapsed": 4.71965, "delta": 0.004987}}
{"target": -772.7416620243634, "params": {"gamma": 3.9851835072938524, "lr": 0.37723956753050947}, "datetime": {"datetime": "2024-06-14 01:34:35", "elapsed": 4.723639, "delta": 0.003989}}
{"target": -3120.8164886550985, "params": {"gamma": 6.636362714079265, "lr": 0.08633328681516406}, "datetime": {"datetime": "2024-06-14 01:34:35", "elapsed": 4.728625, "delta": 0.004986}}
{"target": -2645.394873738357, "params": {"gamma": 5.49934931479934, "lr": 0.015421822343255842}, "datetime": {"datetime": "2024-06-14 01:34:35", "elapsed": 4.732615, "delta": 0.00399}}
{"target": -1988.3933821000437, "params": {"gamma": 9.830406796410628, "lr": 0.5984272223880148}, "datetime": {"datetime": "2024-06-14 01:34:35", "elapsed": 4.736604, "delta": 0.003989}}
{"target": -1428.6826064807224, "params": {"gamma": 3.8417581657342703, "lr": 0.1467479307274827}, "datetime": {"datetime": "2024-06-14 01:34:35", "elapsed": 4.741591, "delta": 0.004987}}
{"target": -1742.4720884108735, "params": {"gamma": 6.9690863860416155, "lr": 0.9058084167065523}, "datetime": {"datetime": "2024-06-14 01:34:35", "elapsed": 4.74558, "delta": 0.003989}}
{"target": -726.6054040063258, "params": {"gamma": 3.1817694146938234, "lr": 0.7664921446562297}, "datetime": {"datetime": "2024-06-14 01:34:35", "elapsed": 4.750567, "delta": 0.004987}}
{"target": -744.7937811689537, "params": {"gamma": 2.8756935223098354, "lr": 0.9572253423743934}, "datetime": {"datetime": "2024-06-14 01:34:35", "elapsed": 4.754556, "delta": 0.003989}}
{"target": -1424.5074178049397, "params": {"gamma": 7.023455232193281, "lr": 0.6250155931933211}, "datetime": {"datetime": "2024-06-14 01:34:35", "elapsed": 4.758545, "delta": 0.003989}}
