{"target": -261.5612732973669, "params": {"gamma": 1.0947197590216522, "lr": 0.673041054216622}, "datetime": {"datetime": "2024-06-13 15:57:55", "elapsed": 1.8183, "delta": 0.003988}}
{"target": -1084.6207928868178, "params": {"gamma": 4.999823778620901, "lr": 0.777098229275783}, "datetime": {"datetime": "2024-06-13 15:57:55", "elapsed": 1.82229, "delta": 0.00399}}
{"target": -567.1163591707458, "params": {"gamma": 1.4369263717442184, "lr": 0.08320263643587555}, "datetime": {"datetime": "2024-06-13 15:57:55", "elapsed": 1.825282, "delta": 0.002992}}
{"target": -869.958537677109, "params": {"gamma": 3.9927868349191855, "lr": 0.7969622519799001}, "datetime": {"datetime": "2024-06-13 15:57:55", "elapsed": 1.829271, "delta": 0.003989}}
{"target": -433.9475733188766, "params": {"gamma": 1.917565713359991, "lr": 0.767777192147274}, "datetime": {"datetime": "2024-06-13 15:57:55", "elapsed": 1.833261, "delta": 0.00399}}
{"target": -597.1060917968827, "params": {"gamma": 2.90368967262162, "lr": 0.21689148761179533}, "datetime": {"datetime": "2024-06-13 15:57:55", "elapsed": 1.837249, "delta": 0.003988}}
{"target": -147.16277718964884, "params": {"gamma": 0.1681391751809873, "lr": 0.3986590599223787}, "datetime": {"datetime": "2024-06-13 15:57:55", "elapsed": 1.841239, "delta": 0.00399}}
{"target": -768.0426319244505, "params": {"gamma": 3.8114338314432303, "lr": 0.6593449361953647}, "datetime": {"datetime": "2024-06-13 15:57:55", "elapsed": 1.845228, "delta": 0.003989}}
{"target": -238.85067347873897, "params": {"gamma": 0.7101130863034019, "lr": 0.15260398704227185}, "datetime": {"datetime": "2024-06-13 15:57:55", "elapsed": 1.849219, "delta": 0.003991}}
{"target": -161.84403815507753, "params": {"gamma": 0.16674225312644053, "lr": 0.11379635644740682}, "datetime": {"datetime": "2024-06-13 15:57:55", "elapsed": 1.853208, "delta": 0.003989}}
{"target": -1217.5895842012553, "params": {"gamma": 6.518240970824895, "lr": 0.4026568521749192}, "datetime": {"datetime": "2024-06-13 15:57:55", "elapsed": 1.857197, "delta": 0.003989}}
{"target": -605.7061703263327, "params": {"gamma": 3.2109421153589914, "lr": 0.5579119942437725}, "datetime": {"datetime": "2024-06-13 15:57:55", "elapsed": 1.860189, "delta": 0.002992}}
{"target": -2268.247886710395, "params": {"gamma": 9.9346111705354, "lr": 0.8344865140180296}, "datetime": {"datetime": "2024-06-13 15:57:55", "elapsed": 1.864178, "delta": 0.003989}}
{"target": -1688.9871065506798, "params": {"gamma": 6.99653220081344, "lr": 0.9182585891320579}, "datetime": {"datetime": "2024-06-13 15:57:55", "elapsed": 1.868167, "delta": 0.003989}}
{"target": -217.6493250704712, "params": {"gamma": 0.3982473381241651, "lr": 0.07033344161552524}, "datetime": {"datetime": "2024-06-13 15:57:55", "elapsed": 1.872157, "delta": 0.00399}}
{"target": -778.0553318341712, "params": {"gamma": 4.740588893590559, "lr": 0.3491674129570773}, "datetime": {"datetime": "2024-06-13 15:57:55", "elapsed": 1.876146, "delta": 0.003989}}
{"target": -1724.6118400621767, "params": {"gamma": 9.37258336922236, "lr": 0.48956496114516856}, "datetime": {"datetime": "2024-06-13 15:57:55", "elapsed": 1.880135, "delta": 0.003989}}
{"target": -1275.9336913521647, "params": {"gamma": 5.396951451823413, "lr": 0.8952603657312208}, "datetime": {"datetime": "2024-06-13 15:57:55", "elapsed": 1.884125, "delta": 0.00399}}
{"target": -1063.1002638473437, "params": {"gamma": 4.466903823191082, "lr": 0.8770343892703519}, "datetime": {"datetime": "2024-06-13 15:57:55", "elapsed": 1.888114, "delta": 0.003989}}
{"target": -443.4959269396343, "params": {"gamma": 2.536563911966912, "lr": 0.27380970415810857}, "datetime": {"datetime": "2024-06-13 15:57:55", "elapsed": 1.892104, "delta": 0.00399}}
{"target": -608.3572300506524, "params": {"gamma": 3.284285539485814, "lr": 0.5475642704809535}, "datetime": {"datetime": "2024-06-13 15:57:55", "elapsed": 1.896092, "delta": 0.003988}}
{"target": -473.7086777544748, "params": {"gamma": 2.2020666115957854, "lr": 0.6714291710812733}, "datetime": {"datetime": "2024-06-13 15:57:55", "elapsed": 1.900082, "delta": 0.00399}}
{"target": -539.1726583694091, "params": {"gamma": 1.4287900347472011, "lr": 0.09410027449963942}, "datetime": {"datetime": "2024-06-13 15:57:55", "elapsed": 1.904072, "delta": 0.00399}}
{"target": -1554.0311722772572, "params": {"gamma": 8.70204727030757, "lr": 0.23686870355699852}, "datetime": {"datetime": "2024-06-13 15:57:55", "elapsed": 1.907063, "delta": 0.002991}}
{"target": -735.4677534418635, "params": {"gamma": 3.8606541062149327, "lr": 0.5715420927253323}, "datetime": {"datetime": "2024-06-13 15:57:55", "elapsed": 1.911052, "delta": 0.003989}}
{"target": -1980.5784476788, "params": {"gamma": 5.258493897544749, "lr": 0.07602387944210687}, "datetime": {"datetime": "2024-06-13 15:57:55", "elapsed": 1.915042, "delta": 0.00399}}
{"target": -2105.8948712938018, "params": {"gamma": 8.741385230044685, "lr": 0.9511356184186921}, "datetime": {"datetime": "2024-06-13 15:57:55", "elapsed": 1.919031, "delta": 0.003989}}
{"target": -1360.1720669344083, "params": {"gamma": 8.125260534442543, "lr": 0.2838018349468743}, "datetime": {"datetime": "2024-06-13 15:57:55", "elapsed": 1.923021, "delta": 0.00399}}
{"target": -863.751734429414, "params": {"gamma": 5.278940114383477, "lr": 0.3394167240176095}, "datetime": {"datetime": "2024-06-13 15:57:55", "elapsed": 1.92701, "delta": 0.003989}}
{"target": -1342.834625611081, "params": {"gamma": 5.54711844056588, "lr": 0.9744034689130026}, "datetime": {"datetime": "2024-06-13 15:57:55", "elapsed": 1.931, "delta": 0.00399}}
{"target": -658.3162410228756, "params": {"gamma": 3.1177174742720952, "lr": 0.6687966059228697}, "datetime": {"datetime": "2024-06-13 15:57:55", "elapsed": 1.934989, "delta": 0.003989}}
{"target": -714.5392492071803, "params": {"gamma": 3.26034610588255, "lr": 0.7744772660150796}, "datetime": {"datetime": "2024-06-13 15:57:55", "elapsed": 1.93896, "delta": 0.003971}}
{"target": -778.5765483236623, "params": {"gamma": 3.258773856165435, "lr": 0.889827341447375}, "datetime": {"datetime": "2024-06-13 15:57:55", "elapsed": 1.941952, "delta": 0.002992}}
{"target": -1622.7345498539491, "params": {"gamma": 7.51732550147175, "lr": 0.7626320954451107}, "datetime": {"datetime": "2024-06-13 15:57:55", "elapsed": 1.945941, "delta": 0.003989}}
{"target": -951.0121987528856, "params": {"gamma": 4.695320806570698, "lr": 0.21076450246870537}, "datetime": {"datetime": "2024-06-13 15:57:55", "elapsed": 1.94993, "delta": 0.003989}}
{"target": -156.58173805036563, "params": {"gamma": 0.4157093206854123, "lr": 0.3218287999702445}, "datetime": {"datetime": "2024-06-13 15:57:55", "elapsed": 1.953919, "delta": 0.003989}}
{"target": -156.30990995910506, "params": {"gamma": 0.3720895322754502, "lr": 0.6938554113738997}, "datetime": {"datetime": "2024-06-13 15:57:55", "elapsed": 1.957909, "delta": 0.00399}}
{"target": -1265.88251264681, "params": {"gamma": 6.703829969329749, "lr": 0.430471782744975}, "datetime": {"datetime": "2024-06-13 15:57:55", "elapsed": 1.961898, "delta": 0.003989}}
{"target": -1383.8314123490165, "params": {"gamma": 7.678121987604072, "lr": 0.5360084947395637}, "datetime": {"datetime": "2024-06-13 15:57:55", "elapsed": 1.965889, "delta": 0.003991}}
{"target": -190.65958935445457, "params": {"gamma": 0.3995594064278903, "lr": 0.13479311796067905}, "datetime": {"datetime": "2024-06-13 15:57:55", "elapsed": 1.969877, "delta": 0.003988}}
{"target": -340.00874309605746, "params": {"gamma": 1.9349705737501688, "lr": 0.3356638011646498}, "datetime": {"datetime": "2024-06-13 15:57:55", "elapsed": 1.973866, "delta": 0.003989}}
{"target": -173.06337347756408, "params": {"gamma": 0.52407715142833, "lr": 0.6051167805003662}, "datetime": {"datetime": "2024-06-13 15:57:55", "elapsed": 1.977856, "delta": 0.00399}}
{"target": -1043.2995306099253, "params": {"gamma": 5.121098214211664, "lr": 0.6174610120171561}, "datetime": {"datetime": "2024-06-13 15:57:55", "elapsed": 1.981846, "delta": 0.00399}}
{"target": -998.5227011616525, "params": {"gamma": 4.324123592048677, "lr": 0.8477004682374377}, "datetime": {"datetime": "2024-06-13 15:57:55", "elapsed": 1.985834, "delta": 0.003988}}
{"target": -1713.5929749105032, "params": {"gamma": 4.541136501535455, "lr": 0.015403519791920894}, "datetime": {"datetime": "2024-06-13 15:57:55", "elapsed": 1.989824, "delta": 0.00399}}
{"target": -1737.5894549510083, "params": {"gamma": 8.730808416322548, "lr": 0.6562015477440989}, "datetime": {"datetime": "2024-06-13 15:57:55", "elapsed": 1.993813, "delta": 0.003989}}
{"target": -1983.745164387872, "params": {"gamma": 8.23020740344406, "lr": 0.9517756930338517}, "datetime": {"datetime": "2024-06-13 15:57:55", "elapsed": 1.997803, "delta": 0.00399}}
{"target": -166.94588436253147, "params": {"gamma": 0.5100729227853552, "lr": 0.23507186409101455}, "datetime": {"datetime": "2024-06-13 15:57:55", "elapsed": 2.001792, "delta": 0.003989}}
{"target": -180.53120821205133, "params": {"gamma": 0.6343710911199417, "lr": 0.4216578860324509}, "datetime": {"datetime": "2024-06-13 15:57:55", "elapsed": 2.005781, "delta": 0.003989}}
{"target": -3239.3337938765058, "params": {"gamma": 8.638427625869019, "lr": 0.0816239827150681}, "datetime": {"datetime": "2024-06-13 15:57:55", "elapsed": 2.00977, "delta": 0.003989}}
{"target": -1427.1589957293763, "params": {"gamma": 4.7316464169059, "lr": 0.12554310980872363}, "datetime": {"datetime": "2024-06-13 15:57:55", "elapsed": 2.01376, "delta": 0.00399}}
{"target": -1768.7805954281757, "params": {"gamma": 7.729083136069011, "lr": 0.8414221567958434}, "datetime": {"datetime": "2024-06-13 15:57:55", "elapsed": 2.017749, "delta": 0.003989}}
{"target": -160.73406223114617, "params": {"gamma": 0.4338660909233998, "lr": 0.48644074317039476}, "datetime": {"datetime": "2024-06-13 15:57:55", "elapsed": 2.021738, "delta": 0.003989}}
{"target": -593.8182626198665, "params": {"gamma": 2.3948710303334217, "lr": 0.9524737816932592}, "datetime": {"datetime": "2024-06-13 15:57:55", "elapsed": 2.02473, "delta": 0.002992}}
{"target": -1910.4630747733534, "params": {"gamma": 9.438982385210178, "lr": 0.6139340023847009}, "datetime": {"datetime": "2024-06-13 15:57:55", "elapsed": 2.028719, "delta": 0.003989}}
{"target": -1575.7010046894193, "params": {"gamma": 9.734900485854638, "lr": 0.344861343716251}, "datetime": {"datetime": "2024-06-13 15:57:55", "elapsed": 2.032709, "delta": 0.00399}}
{"target": -1689.866433457002, "params": {"gamma": 8.97860932595915, "lr": 0.4345949734085095}, "datetime": {"datetime": "2024-06-13 15:57:55", "elapsed": 2.036698, "delta": 0.003989}}
{"target": -585.3836718156842, "params": {"gamma": 2.35891055683799, "lr": 0.9408279632013994}, "datetime": {"datetime": "2024-06-13 15:57:55", "elapsed": 2.040688, "delta": 0.00399}}
{"target": -2570.4148945064226, "params": {"gamma": 6.842496291781293, "lr": 0.06491158533912933}, "datetime": {"datetime": "2024-06-13 15:57:55", "elapsed": 2.044677, "delta": 0.003989}}
{"target": -1876.645740654743, "params": {"gamma": 8.704378143373837, "lr": 0.7013802946333463}, "datetime": {"datetime": "2024-06-13 15:57:55", "elapsed": 2.048667, "delta": 0.00399}}
{"target": -1274.5220665468842, "params": {"gamma": 6.049663802869843, "lr": 0.7323748991793305}, "datetime": {"datetime": "2024-06-13 15:57:55", "elapsed": 2.052656, "delta": 0.003989}}
{"target": -528.9125392591782, "params": {"gamma": 2.535136985955308, "lr": 0.6004889552745444}, "datetime": {"datetime": "2024-06-13 15:57:55", "elapsed": 2.056646, "delta": 0.00399}}
{"target": -3056.055817773005, "params": {"gamma": 8.146377193435292, "lr": 0.05411366032399989}, "datetime": {"datetime": "2024-06-13 15:57:55", "elapsed": 2.059637, "delta": 0.002991}}
{"target": -329.3478654655913, "params": {"gamma": 1.3059762027213204, "lr": 0.8424458099564136}, "datetime": {"datetime": "2024-06-13 15:57:55", "elapsed": 2.063627, "delta": 0.00399}}
{"target": -1118.8323970225943, "params": {"gamma": 6.183840347409528, "lr": 0.531287810481058}, "datetime": {"datetime": "2024-06-13 15:57:55", "elapsed": 2.067616, "delta": 0.003989}}
{"target": -408.7317925624517, "params": {"gamma": 2.483658999241989, "lr": 0.2950785752494959}, "datetime": {"datetime": "2024-06-13 15:57:55", "elapsed": 2.071605, "delta": 0.003989}}
{"target": -1624.8080459017997, "params": {"gamma": 8.726988963029699, "lr": 0.42166593484970927}, "datetime": {"datetime": "2024-06-13 15:57:55", "elapsed": 2.075594, "delta": 0.003989}}
{"target": -202.37180429676172, "params": {"gamma": 0.6452381255404884, "lr": 0.8969850695075825}, "datetime": {"datetime": "2024-06-13 15:57:55", "elapsed": 2.079947, "delta": 0.004353}}
{"target": -481.2287275812787, "params": {"gamma": 2.0346049474076864, "lr": 0.8262275354923914}, "datetime": {"datetime": "2024-06-13 15:57:55", "elapsed": 2.083936, "delta": 0.003989}}
{"target": -1623.674998760758, "params": {"gamma": 8.81782446020499, "lr": 0.48675074481833813}, "datetime": {"datetime": "2024-06-13 15:57:55", "elapsed": 2.087925, "delta": 0.003989}}
{"target": -1083.5996133208773, "params": {"gamma": 5.98504846635326, "lr": 0.527267456485417}, "datetime": {"datetime": "2024-06-13 15:57:55", "elapsed": 2.091915, "delta": 0.00399}}
{"target": -1433.62013679428, "params": {"gamma": 6.248588120560806, "lr": 0.8550417213473515}, "datetime": {"datetime": "2024-06-13 15:57:55", "elapsed": 2.095904, "delta": 0.003989}}
{"target": -680.0443526319812, "params": {"gamma": 2.8221123446002014, "lr": 0.8837555081806009}, "datetime": {"datetime": "2024-06-13 15:57:55", "elapsed": 2.099893, "delta": 0.003989}}
{"target": -1830.2161288718573, "params": {"gamma": 5.677335610861374, "lr": 0.11510304096690338}, "datetime": {"datetime": "2024-06-13 15:57:55", "elapsed": 2.103883, "delta": 0.00399}}
{"target": -445.0429009431249, "params": {"gamma": 2.270784650981365, "lr": 0.5959823856130138}, "datetime": {"datetime": "2024-06-13 15:57:55", "elapsed": 2.107872, "delta": 0.003989}}
{"target": -733.1298912227747, "params": {"gamma": 2.395222922809899, "lr": 0.13141566053746057}, "datetime": {"datetime": "2024-06-13 15:57:55", "elapsed": 2.110864, "delta": 0.002992}}
{"target": -395.89252440360195, "params": {"gamma": 1.6193152935242277, "lr": 0.8448725182357391}, "datetime": {"datetime": "2024-06-13 15:57:55", "elapsed": 2.114854, "delta": 0.00399}}
{"target": -1456.2734340803345, "params": {"gamma": 6.022234355273215, "lr": 0.9635670871883419}, "datetime": {"datetime": "2024-06-13 15:57:55", "elapsed": 2.118842, "delta": 0.003988}}
{"target": -661.0999739882634, "params": {"gamma": 3.4574464537469587, "lr": 0.5956250981349497}, "datetime": {"datetime": "2024-06-13 15:57:55", "elapsed": 2.122832, "delta": 0.00399}}
{"target": -1217.6469793096787, "params": {"gamma": 5.9902539044452245, "lr": 0.6157042872039488}, "datetime": {"datetime": "2024-06-13 15:57:55", "elapsed": 2.126821, "delta": 0.003989}}
{"target": -185.8868740015984, "params": {"gamma": 0.5927128946500382, "lr": 0.7503171845746859}, "datetime": {"datetime": "2024-06-13 15:57:55", "elapsed": 2.130811, "delta": 0.00399}}
{"target": -1703.9398158986396, "params": {"gamma": 9.482146772378064, "lr": 0.5346790571795887}, "datetime": {"datetime": "2024-06-13 15:57:55", "elapsed": 2.135797, "delta": 0.004986}}
{"target": -435.7491238604108, "params": {"gamma": 1.926367653529729, "lr": 0.7529259149799422}, "datetime": {"datetime": "2024-06-13 15:57:55", "elapsed": 2.139787, "delta": 0.00399}}
{"target": -149.55098884970656, "params": {"gamma": 0.07418237430931014, "lr": 0.32825610365078084}, "datetime": {"datetime": "2024-06-13 15:57:55", "elapsed": 2.143776, "delta": 0.003989}}
{"target": -1724.6077708279831, "params": {"gamma": 9.176145870096288, "lr": 0.5883673328938768}, "datetime": {"datetime": "2024-06-13 15:57:55", "elapsed": 2.146768, "delta": 0.002992}}
{"target": -1732.2252071683988, "params": {"gamma": 8.55204764875745, "lr": 0.6046720523491877}, "datetime": {"datetime": "2024-06-13 15:57:55", "elapsed": 2.150758, "delta": 0.00399}}
{"target": -1943.6510157401633, "params": {"gamma": 8.225958947086186, "lr": 0.8794835234293169}, "datetime": {"datetime": "2024-06-13 15:57:55", "elapsed": 2.154648, "delta": 0.00389}}
{"target": -1043.125432756231, "params": {"gamma": 3.210542758870008, "lr": 0.12295477155217849}, "datetime": {"datetime": "2024-06-13 15:57:55", "elapsed": 2.159633, "delta": 0.004985}}
{"target": -1360.8085073620418, "params": {"gamma": 7.213312138521522, "lr": 0.44034708683123824}, "datetime": {"datetime": "2024-06-13 15:57:55", "elapsed": 2.163623, "delta": 0.00399}}
{"target": -271.76879742088886, "params": {"gamma": 1.268230355710944, "lr": 0.5898236481098892}, "datetime": {"datetime": "2024-06-13 15:57:55", "elapsed": 2.168609, "delta": 0.004986}}
{"target": -159.23500153335323, "params": {"gamma": 0.36164707738402946, "lr": 0.20018211641098693}, "datetime": {"datetime": "2024-06-13 15:57:55", "elapsed": 2.172599, "delta": 0.00399}}
{"target": -2958.0385132120964, "params": {"gamma": 7.883223595490022, "lr": 0.012096760015357866}, "datetime": {"datetime": "2024-06-13 15:57:55", "elapsed": 2.175591, "delta": 0.002992}}
{"target": -1153.689759192866, "params": {"gamma": 3.034153371413982, "lr": 0.021375961088070716}, "datetime": {"datetime": "2024-06-13 15:57:55", "elapsed": 2.17958, "delta": 0.003989}}
{"target": -1873.536786230159, "params": {"gamma": 9.974852442290567, "lr": 0.5820299763434618}, "datetime": {"datetime": "2024-06-13 15:57:55", "elapsed": 2.18357, "delta": 0.00399}}
{"target": -720.9724336900792, "params": {"gamma": 2.93446940858208, "lr": 0.9289494618931157}, "datetime": {"datetime": "2024-06-13 15:57:55", "elapsed": 2.188148, "delta": 0.004578}}
{"target": -942.752451055395, "params": {"gamma": 5.071687116058498, "lr": 0.4546922275524069}, "datetime": {"datetime": "2024-06-13 15:57:55", "elapsed": 2.19114, "delta": 0.002992}}
{"target": -994.8388363527671, "params": {"gamma": 5.879127191455569, "lr": 0.2641376442105696}, "datetime": {"datetime": "2024-06-13 15:57:55", "elapsed": 2.195129, "delta": 0.003989}}
{"target": -509.8305281611029, "params": {"gamma": 3.0535777051749857, "lr": 0.37165457672418245}, "datetime": {"datetime": "2024-06-13 15:57:55", "elapsed": 2.199233, "delta": 0.004104}}
{"target": -476.3875210074095, "params": {"gamma": 2.4452355457167374, "lr": 0.5845472661166298}, "datetime": {"datetime": "2024-06-13 15:57:55", "elapsed": 2.203222, "delta": 0.003989}}
{"target": -2613.7179492925015, "params": {"gamma": 6.958765493189333, "lr": 0.07194722016400112}, "datetime": {"datetime": "2024-06-13 15:57:55", "elapsed": 2.207211, "delta": 0.003989}}
{"target": -2092.0368242023537, "params": {"gamma": 9.710862112935013, "lr": 0.7530706558694549}, "datetime": {"datetime": "2024-06-13 15:57:55", "elapsed": 2.2112, "delta": 0.003989}}
{"target": -1739.2140799362178, "params": {"gamma": 8.061825466371129, "lr": 0.7516404040812905}, "datetime": {"datetime": "2024-06-13 15:57:55", "elapsed": 2.215189, "delta": 0.003989}}
{"target": -201.22221853822833, "params": {"gamma": 0.8015297117349018, "lr": 0.48169628302117706}, "datetime": {"datetime": "2024-06-13 15:57:55", "elapsed": 2.219179, "delta": 0.00399}}
{"target": -932.2701980159746, "params": {"gamma": 4.457283891060159, "lr": 0.6724726505249299}, "datetime": {"datetime": "2024-06-13 15:57:55", "elapsed": 2.223169, "delta": 0.00399}}
{"target": -975.10036447427, "params": {"gamma": 4.487923850984395, "lr": 0.7043133983839096}, "datetime": {"datetime": "2024-06-13 15:57:55", "elapsed": 2.227158, "delta": 0.003989}}
{"target": -1417.577581682795, "params": {"gamma": 6.816771730688627, "lr": 0.6971485287527562}, "datetime": {"datetime": "2024-06-13 15:57:55", "elapsed": 2.231179, "delta": 0.004021}}
{"target": -1626.7101137058353, "params": {"gamma": 6.186388824872803, "lr": 0.15098073327964578}, "datetime": {"datetime": "2024-06-13 15:57:55", "elapsed": 2.235709, "delta": 0.00453}}
{"target": -1642.1865256388096, "params": {"gamma": 7.608263760601256, "lr": 0.781045822193957}, "datetime": {"datetime": "2024-06-13 15:57:55", "elapsed": 2.239698, "delta": 0.003989}}
{"target": -1613.8622202310764, "params": {"gamma": 9.041125756152136, "lr": 0.23376869260410593}, "datetime": {"datetime": "2024-06-13 15:57:55", "elapsed": 2.24269, "delta": 0.002992}}
{"target": -316.63949971673264, "params": {"gamma": 1.7676122518303419, "lr": 0.3910991231067624}, "datetime": {"datetime": "2024-06-13 15:57:55", "elapsed": 2.246679, "delta": 0.003989}}
{"target": -735.3280622150322, "params": {"gamma": 3.206325975297607, "lr": 0.8154769290056262}, "datetime": {"datetime": "2024-06-13 15:57:55", "elapsed": 2.252663, "delta": 0.005984}}
{"target": -1327.266585743828, "params": {"gamma": 6.135645470784649, "lr": 0.7600017523497489}, "datetime": {"datetime": "2024-06-13 15:57:55", "elapsed": 2.256653, "delta": 0.00399}}
{"target": -1519.6121147042375, "params": {"gamma": 4.277223331869946, "lr": 0.09944056291558923}, "datetime": {"datetime": "2024-06-13 15:57:55", "elapsed": 2.260678, "delta": 0.004025}}
{"target": -229.122977087336, "params": {"gamma": 1.151235085490412, "lr": 0.3734071317371953}, "datetime": {"datetime": "2024-06-13 15:57:55", "elapsed": 2.264631, "delta": 0.003953}}
{"target": -460.6110939723535, "params": {"gamma": 1.939283827327562, "lr": 0.8207464986229382}, "datetime": {"datetime": "2024-06-13 15:57:55", "elapsed": 2.26862, "delta": 0.003989}}
{"target": -1248.7740609117184, "params": {"gamma": 5.996760448228745, "lr": 0.688845259018665}, "datetime": {"datetime": "2024-06-13 15:57:55", "elapsed": 2.27261, "delta": 0.00399}}
{"target": -1800.5983600628033, "params": {"gamma": 4.911608503081658, "lr": 0.08817368124218106}, "datetime": {"datetime": "2024-06-13 15:57:55", "elapsed": 2.276599, "delta": 0.003989}}
{"target": -454.0291795314282, "params": {"gamma": 2.351541289225017, "lr": 0.461602080891622}, "datetime": {"datetime": "2024-06-13 15:57:55", "elapsed": 2.280588, "delta": 0.003989}}
