{"target": -507.18508821405044, "params": {"p_ai": 4.580263368659907, "p_al": 5.7280078225612625, "p_ex": 1.9934675865697684, "prior": 1.8624992522897637, "rate": 1.0277738220705694}, "datetime": {"datetime": "2024-06-13 09:20:04", "elapsed": 174.762472, "delta": 0.105363}}
{"target": -171.84310705789346, "params": {"p_ai": 0.6889337842575394, "p_al": 1.690679991165036, "p_ex": 0.6091045481301652, "prior": 5.517234505887774, "rate": 8.07924628628006}, "datetime": {"datetime": "2024-06-13 09:20:04", "elapsed": 174.86867, "delta": 0.106198}}
{"target": -544.6530269722481, "params": {"p_ai": 8.04361162047646, "p_al": 6.312186105526708, "p_ex": 5.417917742704281, "prior": 4.671885069314529, "rate": 9.601410810266273}, "datetime": {"datetime": "2024-06-13 09:20:04", "elapsed": 174.974423, "delta": 0.105753}}
{"target": -223.44424406133388, "params": {"p_ai": 2.899666465766964, "p_al": 3.6649742833844705, "p_ex": 5.753838978747263, "prior": 5.126292271375944, "rate": 6.742698777688343}, "datetime": {"datetime": "2024-06-13 09:20:04", "elapsed": 175.080198, "delta": 0.105775}}
{"target": -476.72099060175947, "params": {"p_ai": 7.746950246599201, "p_al": 1.8252204250854207, "p_ex": 6.289342599217495, "prior": 6.940552564785615, "rate": 2.723807908290237}, "datetime": {"datetime": "2024-06-13 09:20:04", "elapsed": 175.184919, "delta": 0.104721}}
{"target": -567.9016977451706, "params": {"p_ai": 9.280851876533486, "p_al": 3.453158292491887, "p_ex": 6.3811672470486185, "prior": 9.258038482267157, "rate": 9.806327002899451}, "datetime": {"datetime": "2024-06-13 09:20:04", "elapsed": 175.291164, "delta": 0.106245}}
{"target": -325.63541055978226, "params": {"p_ai": 2.488033276356721, "p_al": 9.419583104728655, "p_ex": 9.090876254878841, "prior": 2.510513216728998, "rate": 1.0114238665846065}, "datetime": {"datetime": "2024-06-13 09:20:04", "elapsed": 175.399425, "delta": 0.108261}}
{"target": -362.38983971179545, "params": {"p_ai": 3.6242096308085094, "p_al": 9.236352129889687, "p_ex": 8.452847344989038, "prior": 2.5819418071612645, "rate": 2.7569133446474443}, "datetime": {"datetime": "2024-06-13 09:20:04", "elapsed": 175.505171, "delta": 0.105746}}
{"target": -259.1478649201691, "params": {"p_ai": 2.983478933893634, "p_al": 0.815092332631713, "p_ex": 1.6841738316116204, "prior": 6.144757668943531, "rate": 4.924474139119181}, "datetime": {"datetime": "2024-06-13 09:20:05", "elapsed": 175.609862, "delta": 0.104691}}
{"target": -249.40198474784316, "params": {"p_ai": 4.119648233556923, "p_al": 5.157526210873938, "p_ex": 8.873752637817338, "prior": 9.551032719281542, "rate": 2.557511976036215}, "datetime": {"datetime": "2024-06-13 09:20:05", "elapsed": 175.716577, "delta": 0.106715}}
{"target": -230.9937080806015, "params": {"p_ai": 2.3374184214694047, "p_al": 0.7024695973517413, "p_ex": 2.597737426928631, "prior": 1.742954822679143, "rate": 0.27659701209470605}, "datetime": {"datetime": "2024-06-13 09:20:05", "elapsed": 175.821925, "delta": 0.105348}}
{"target": -162.55452411145066, "params": {"p_ai": 1.7455169686425378, "p_al": 7.804777260302928, "p_ex": 9.202721815908367, "prior": 7.216154921249683, "rate": 2.9848905772616017}, "datetime": {"datetime": "2024-06-13 09:20:05", "elapsed": 175.926675, "delta": 0.10475}}
{"target": -467.3844121451976, "params": {"p_ai": 6.314933171275992, "p_al": 7.70207834202647, "p_ex": 4.425585001974533, "prior": 6.194837427032435, "rate": 5.737911250071134}, "datetime": {"datetime": "2024-06-13 09:20:05", "elapsed": 176.031486, "delta": 0.104811}}
{"target": -716.986357931133, "params": {"p_ai": 9.027517363622623, "p_al": 7.524156469967862, "p_ex": 2.650279263669324, "prior": 2.294425031913794, "rate": 6.936331072476213}, "datetime": {"datetime": "2024-06-13 09:20:05", "elapsed": 176.137171, "delta": 0.105685}}
{"target": -243.54124427274687, "params": {"p_ai": 2.330890584603332, "p_al": 6.219640169611046, "p_ex": 2.550112078805856, "prior": 9.204272349259435, "rate": 3.026260557106861}, "datetime": {"datetime": "2024-06-13 09:20:05", "elapsed": 176.242815, "delta": 0.105644}}
{"target": -558.525136206816, "params": {"p_ai": 8.485581047039222, "p_al": 2.2978576554546923, "p_ex": 5.721402282386218, "prior": 1.8898334598694706, "rate": 4.200660187762735}, "datetime": {"datetime": "2024-06-13 09:20:05", "elapsed": 176.348531, "delta": 0.105716}}
{"target": -303.66700194480234, "params": {"p_ai": 3.76302106016871, "p_al": 0.3913307159931245, "p_ex": 1.2803727816045252, "prior": 7.537854970575956, "rate": 4.126702850670521}, "datetime": {"datetime": "2024-06-13 09:20:05", "elapsed": 176.455434, "delta": 0.106903}}
{"target": -572.8905630662341, "params": {"p_ai": 8.041060104654699, "p_al": 6.699318907664212, "p_ex": 3.82882692285017, "prior": 4.948823437152265, "rate": 9.505603950205815}, "datetime": {"datetime": "2024-06-13 09:20:05", "elapsed": 176.560658, "delta": 0.105224}}
{"target": -587.5310349875671, "params": {"p_ai": 9.479515679525079, "p_al": 4.850347023938101, "p_ex": 7.124627387193672, "prior": 7.498550901462174, "rate": 5.106472249549986}, "datetime": {"datetime": "2024-06-13 09:20:06", "elapsed": 176.673832, "delta": 0.113174}}
{"target": -392.0011922982035, "params": {"p_ai": 4.470678189805164, "p_al": 7.690445038313525, "p_ex": 4.15685591920379, "prior": 5.0013860821199065, "rate": 0.8757079215781739}, "datetime": {"datetime": "2024-06-13 09:20:06", "elapsed": 176.781709, "delta": 0.107877}}
{"target": -695.6940882705188, "params": {"p_ai": 9.043453626436962, "p_al": 4.547823239458292, "p_ex": 5.990952779586459, "prior": 0.7064880265711557, "rate": 5.294873696381461}, "datetime": {"datetime": "2024-06-13 09:20:06", "elapsed": 176.888352, "delta": 0.106643}}
{"target": -193.29637929615592, "params": {"p_ai": 2.213899082241034, "p_al": 3.8525113167868463, "p_ex": 5.600417352620946, "prior": 8.150516120112895, "rate": 2.629157343536145}, "datetime": {"datetime": "2024-06-13 09:20:06", "elapsed": 176.993694, "delta": 0.105342}}
{"target": -571.7280854975131, "params": {"p_ai": 7.278426163069587, "p_al": 4.920939100401539, "p_ex": 3.043144370570753, "prior": 2.9047883728407697, "rate": 2.411781076608564}, "datetime": {"datetime": "2024-06-13 09:20:06", "elapsed": 177.09999, "delta": 0.106296}}
{"target": -171.47995018438758, "params": {"p_ai": 0.732560642072465, "p_al": 5.811609090857796, "p_ex": 6.249768022395998, "prior": 2.3531837448581268, "rate": 5.64338133383105}, "datetime": {"datetime": "2024-06-13 09:20:06", "elapsed": 177.20471, "delta": 0.10472}}
{"target": -630.6376842052985, "params": {"p_ai": 8.72610673200219, "p_al": 8.076776527375475, "p_ex": 4.074080880677032, "prior": 4.962748728988028, "rate": 7.06418290631513}, "datetime": {"datetime": "2024-06-13 09:20:06", "elapsed": 177.310429, "delta": 0.105719}}
{"target": -414.6797641705717, "params": {"p_ai": 5.7796367210911095, "p_al": 7.547135996385271, "p_ex": 9.501634005191843, "prior": 1.7710569653228112, "rate": 7.892795765490131}, "datetime": {"datetime": "2024-06-13 09:20:06", "elapsed": 177.419629, "delta": 0.1092}}
{"target": -300.6501880973997, "params": {"p_ai": 3.350327787614538, "p_al": 5.638272068632206, "p_ex": 2.069692619300037, "prior": 7.409975365768698, "rate": 9.800048385721796}, "datetime": {"datetime": "2024-06-13 09:20:06", "elapsed": 177.525851, "delta": 0.106222}}
{"target": -566.2079626222796, "params": {"p_ai": 8.333474362025548, "p_al": 6.205488852808189, "p_ex": 4.9215798293724795, "prior": 5.236239896835978, "rate": 9.315406168367097}, "datetime": {"datetime": "2024-06-13 09:20:07", "elapsed": 177.633094, "delta": 0.107243}}
{"target": -167.8684132839457, "params": {"p_ai": 1.584313104928292, "p_al": 5.905500350197389, "p_ex": 6.380421522824684, "prior": 9.07933360455422, "rate": 2.6947089311919763}, "datetime": {"datetime": "2024-06-13 09:20:07", "elapsed": 177.737844, "delta": 0.10475}}
{"target": -605.2551598856084, "params": {"p_ai": 7.107790759861978, "p_al": 3.5039040153633705, "p_ex": 3.6444929289724874, "prior": 0.8149712240346794, "rate": 3.2837150966339146}, "datetime": {"datetime": "2024-06-13 09:20:07", "elapsed": 177.843533, "delta": 0.105689}}
{"target": -221.118409859458, "params": {"p_ai": 3.2449742753201236, "p_al": 0.29677720020456433, "p_ex": 5.496123591759751, "prior": 7.067732881504137, "rate": 4.985509690185362}, "datetime": {"datetime": "2024-06-13 09:20:07", "elapsed": 177.950248, "delta": 0.106715}}
{"target": -319.4151791083317, "params": {"p_ai": 5.273517292877108, "p_al": 1.0590396472394281, "p_ex": 6.847758027787718, "prior": 4.711955831419998, "rate": 2.293467234035674}, "datetime": {"datetime": "2024-06-13 09:20:07", "elapsed": 178.055812, "delta": 0.105564}}
{"target": -629.5384679750821, "params": {"p_ai": 8.557359380941355, "p_al": 5.652361417021194, "p_ex": 9.99162624589046, "prior": 0.7718933581025254, "rate": 5.150501931009348}, "datetime": {"datetime": "2024-06-13 09:20:07", "elapsed": 178.162001, "delta": 0.106189}}
{"target": -828.6227419396057, "params": {"p_ai": 3.0402516850303876, "p_al": 8.61623710656735, "p_ex": 1.6185883408724118, "prior": 0.014841431595337792, "rate": 4.43042510468964}, "datetime": {"datetime": "2024-06-13 09:20:07", "elapsed": 178.268778, "delta": 0.106777}}
{"target": -626.1067847399368, "params": {"p_ai": 6.771891528676204, "p_al": 9.679112055957647, "p_ex": 6.201497666645441, "prior": 1.9043523479075273, "rate": 3.622359827606554}, "datetime": {"datetime": "2024-06-13 09:20:07", "elapsed": 178.374775, "delta": 0.105997}}
{"target": -606.7864845766619, "params": {"p_ai": 7.800787350813593, "p_al": 3.298106482244817, "p_ex": 1.643256724240895, "prior": 2.851417962251561, "rate": 0.40436442485331264}, "datetime": {"datetime": "2024-06-13 09:20:07", "elapsed": 178.481083, "delta": 0.106308}}
{"target": -447.20450274595476, "params": {"p_ai": 7.551430827944837, "p_al": 2.8535841669468316, "p_ex": 7.645198600284396, "prior": 8.425860356452237, "rate": 4.550724361859158}, "datetime": {"datetime": "2024-06-13 09:20:07", "elapsed": 178.587794, "delta": 0.106711}}
{"target": -512.389294281883, "params": {"p_ai": 8.584031121670003, "p_al": 9.914315302337107, "p_ex": 9.417574054951071, "prior": 9.79275829645966, "rate": 9.506596416847177}, "datetime": {"datetime": "2024-06-13 09:20:08", "elapsed": 178.693483, "delta": 0.105689}}
{"target": -697.734554281469, "params": {"p_ai": 9.638902522726527, "p_al": 6.979656260534678, "p_ex": 1.5626819619917718, "prior": 6.467942975152434, "rate": 9.90726897754078}, "datetime": {"datetime": "2024-06-13 09:20:08", "elapsed": 178.798533, "delta": 0.10505}}
{"target": -264.85135049592157, "params": {"p_ai": 2.443655121467737, "p_al": 6.817954210641722, "p_ex": 1.2934890603136207, "prior": 9.981837986321688, "rate": 4.199157374196024}, "datetime": {"datetime": "2024-06-13 09:20:08", "elapsed": 178.903397, "delta": 0.104864}}
{"target": -206.38864846795738, "params": {"p_ai": 3.507450949066828, "p_al": 2.0667003756867732, "p_ex": 8.501725846732565, "prior": 6.124428678521591, "rate": 5.753785011925935}, "datetime": {"datetime": "2024-06-13 09:20:08", "elapsed": 179.009347, "delta": 0.10595}}
{"target": -250.14944159407025, "params": {"p_ai": 2.4812280107112086, "p_al": 1.335940382246636, "p_ex": 0.6506004700631061, "prior": 6.072919898685649, "rate": 7.296207122272258}, "datetime": {"datetime": "2024-06-13 09:20:08", "elapsed": 179.114649, "delta": 0.105302}}
{"target": -344.0925973171363, "params": {"p_ai": 4.249572307409615, "p_al": 0.990897645515006, "p_ex": 0.8936663047663312, "prior": 5.295666254267205, "rate": 3.360372051868152}, "datetime": {"datetime": "2024-06-13 09:20:08", "elapsed": 179.220434, "delta": 0.105785}}
{"target": -721.1695480872994, "params": {"p_ai": 6.614304942311136, "p_al": 9.539010728106696, "p_ex": 0.49084386976243943, "prior": 1.2133762959420262, "rate": 6.0827088619345275}, "datetime": {"datetime": "2024-06-13 09:20:08", "elapsed": 179.358066, "delta": 0.137632}}
{"target": -250.5592679834771, "params": {"p_ai": 2.9626503968377715, "p_al": 7.187706273352412, "p_ex": 4.848659104496383, "prior": 9.541663720087032, "rate": 3.588414503228683}, "datetime": {"datetime": "2024-06-13 09:20:08", "elapsed": 179.465534, "delta": 0.107468}}
{"target": -505.11446758553967, "params": {"p_ai": 7.251502004729873, "p_al": 5.930065160011045, "p_ex": 7.01756870007301, "prior": 2.8615783514537116, "rate": 5.504094375399402}, "datetime": {"datetime": "2024-06-13 09:20:08", "elapsed": 179.57125, "delta": 0.105716}}
{"target": -208.94364539019892, "params": {"p_ai": 0.07306053496914365, "p_al": 9.508937330591468, "p_ex": 4.382916290356903, "prior": 3.5620945623483387, "rate": 1.0202895014145021}, "datetime": {"datetime": "2024-06-13 09:20:09", "elapsed": 179.685453, "delta": 0.114203}}
{"target": -222.75298831027925, "params": {"p_ai": 2.374565025823152, "p_al": 2.97156779622816, "p_ex": 4.786153318299789, "prior": 4.15075140466473, "rate": 0.5627854356062384}, "datetime": {"datetime": "2024-06-13 09:20:09", "elapsed": 179.791681, "delta": 0.106228}}
{"target": -405.29736987843546, "params": {"p_ai": 5.889777746955821, "p_al": 0.6709807895322334, "p_ex": 2.7890247717388683, "prior": 9.313561001154257, "rate": 7.01683446365458}, "datetime": {"datetime": "2024-06-13 09:20:09", "elapsed": 179.898393, "delta": 0.106712}}
{"target": -431.03681195413776, "params": {"p_ai": 6.837257739598291, "p_al": 3.5629262163169773, "p_ex": 5.959775210784463, "prior": 8.207283515582828, "rate": 7.790346437199047}, "datetime": {"datetime": "2024-06-13 09:20:09", "elapsed": 180.003747, "delta": 0.105354}}
{"target": -521.2234604207741, "params": {"p_ai": 7.509403072762147, "p_al": 5.315861369525106, "p_ex": 7.452162922469339, "prior": 2.1779757943706612, "rate": 5.186003901738992}, "datetime": {"datetime": "2024-06-13 09:20:09", "elapsed": 180.111014, "delta": 0.107267}}
{"target": -531.5813967816715, "params": {"p_ai": 8.126653970812322, "p_al": 2.7701277738552506, "p_ex": 5.037251829445728, "prior": 6.524227454930324, "rate": 0.8133145274169739}, "datetime": {"datetime": "2024-06-13 09:20:09", "elapsed": 180.220719, "delta": 0.109705}}
{"target": -247.29974075649451, "params": {"p_ai": 1.456108432480609, "p_al": 5.93521207325329, "p_ex": 4.139846895534521, "prior": 1.3123211937372736, "rate": 8.087910396377715}, "datetime": {"datetime": "2024-06-13 09:20:09", "elapsed": 180.329433, "delta": 0.108714}}
{"target": -581.3720646421272, "params": {"p_ai": 7.15666445775387, "p_al": 9.75832709127169, "p_ex": 0.4012972541700555, "prior": 8.031116500864554, "rate": 4.91604439710838}, "datetime": {"datetime": "2024-06-13 09:20:09", "elapsed": 180.438217, "delta": 0.108784}}
{"target": -486.650466203931, "params": {"p_ai": 1.9485743980245502, "p_al": 1.422191058887923, "p_ex": 1.9901255379738303, "prior": 0.07454570097024037, "rate": 1.2111008288412504}, "datetime": {"datetime": "2024-06-13 09:20:09", "elapsed": 180.551918, "delta": 0.113701}}
{"target": -448.7104919571708, "params": {"p_ai": 6.905693207416068, "p_al": 2.922677914767441, "p_ex": 4.926195476514194, "prior": 8.809573305064752, "rate": 5.238445618617438}, "datetime": {"datetime": "2024-06-13 09:20:10", "elapsed": 180.661623, "delta": 0.109705}}
{"target": -460.6828221299541, "params": {"p_ai": 7.060434216606494, "p_al": 1.511380624593779, "p_ex": 4.364968221973802, "prior": 8.908740760094714, "rate": 1.5985363315057326}, "datetime": {"datetime": "2024-06-13 09:20:10", "elapsed": 180.767342, "delta": 0.105719}}
{"target": -297.64260569208244, "params": {"p_ai": 1.187441672946208, "p_al": 8.222248780764598, "p_ex": 0.5816733273737174, "prior": 2.3232283243682574, "rate": 5.94996418804808}, "datetime": {"datetime": "2024-06-13 09:20:10", "elapsed": 180.874397, "delta": 0.107055}}
{"target": -566.4063359142173, "params": {"p_ai": 7.11487552917943, "p_al": 4.330121853970135, "p_ex": 4.799727628904235, "prior": 0.8702040620727345, "rate": 6.100764652984943}, "datetime": {"datetime": "2024-06-13 09:20:10", "elapsed": 180.983111, "delta": 0.108714}}
{"target": -290.9183784123585, "params": {"p_ai": 2.8039217164251187, "p_al": 9.18924267029231, "p_ex": 2.3829429513440425, "prior": 7.50679086373387, "rate": 7.05174475032335}, "datetime": {"datetime": "2024-06-13 09:20:10", "elapsed": 181.091383, "delta": 0.108272}}
{"target": -179.54547893994788, "params": {"p_ai": 1.2286968177957374, "p_al": 2.088065445573939, "p_ex": 1.9725104926464483, "prior": 7.843519728229327, "rate": 5.511961217946381}, "datetime": {"datetime": "2024-06-13 09:20:10", "elapsed": 181.198602, "delta": 0.107219}}
{"target": -568.5228977057551, "params": {"p_ai": 5.080344277870362, "p_al": 7.426018877944845, "p_ex": 8.775002091926067, "prior": 0.7013862280913841, "rate": 3.763847028518945}, "datetime": {"datetime": "2024-06-13 09:20:10", "elapsed": 181.303511, "delta": 0.104909}}
{"target": -285.70847382170956, "params": {"p_ai": 3.4184030124581692, "p_al": 8.44295527667838, "p_ex": 7.688749752982329, "prior": 5.32544129586932, "rate": 0.8963898348332164}, "datetime": {"datetime": "2024-06-13 09:20:10", "elapsed": 181.41198, "delta": 0.108469}}
{"target": -693.8880936832703, "params": {"p_ai": 9.251155196837031, "p_al": 5.579875490126793, "p_ex": 0.24006991860018745, "prior": 6.460984603796024, "rate": 2.7378187048138867}, "datetime": {"datetime": "2024-06-13 09:20:10", "elapsed": 181.518693, "delta": 0.106713}}
{"target": -562.4423903270792, "params": {"p_ai": 4.537311016985545, "p_al": 8.95627473016752, "p_ex": 2.0412265350303183, "prior": 1.1372698316505385, "rate": 6.182071171578938}, "datetime": {"datetime": "2024-06-13 09:20:11", "elapsed": 181.626405, "delta": 0.107712}}
{"target": -507.85284393590314, "params": {"p_ai": 6.755198655813324, "p_al": 9.888521515950188, "p_ex": 3.2163676406564847, "prior": 9.072346315423873, "rate": 5.905120394910402}, "datetime": {"datetime": "2024-06-13 09:20:11", "elapsed": 181.732154, "delta": 0.105749}}
{"target": -182.19934266847878, "params": {"p_ai": 0.769290087186245, "p_al": 9.305950805476073, "p_ex": 5.425094109659468, "prior": 4.73913782493237, "rate": 5.445216283022927}, "datetime": {"datetime": "2024-06-13 09:20:11", "elapsed": 181.838377, "delta": 0.106223}}
{"target": -449.7842789836637, "params": {"p_ai": 5.273861776892938, "p_al": 6.615123901650437, "p_ex": 6.444840203055383, "prior": 1.730158065941843, "rate": 5.075866711739027}, "datetime": {"datetime": "2024-06-13 09:20:11", "elapsed": 181.945232, "delta": 0.106855}}
{"target": -224.48816111780158, "params": {"p_ai": 1.7826928265391595, "p_al": 4.6571761029266625, "p_ex": 0.9569547039738163, "prior": 9.089426385606528, "rate": 8.43030871872956}, "datetime": {"datetime": "2024-06-13 09:20:11", "elapsed": 182.058459, "delta": 0.113227}}
{"target": -200.82458320264803, "params": {"p_ai": 2.0474012618232695, "p_al": 2.2208593604798703, "p_ex": 5.6485213602705695, "prior": 0.4137194483334112, "rate": 9.79161533551747}, "datetime": {"datetime": "2024-06-13 09:20:11", "elapsed": 182.164504, "delta": 0.106045}}
{"target": -220.28239207901296, "params": {"p_ai": 3.444782316476931, "p_al": 2.963140369217386, "p_ex": 9.279514132962925, "prior": 2.445334822313911, "rate": 4.052450579783661}, "datetime": {"datetime": "2024-06-13 09:20:11", "elapsed": 182.271726, "delta": 0.107222}}
{"target": -134.5834015838846, "params": {"p_ai": 1.8388276880810064, "p_al": 0.8610830815796905, "p_ex": 9.132634516942428, "prior": 2.773826333934965, "rate": 7.783255361089439}, "datetime": {"datetime": "2024-06-13 09:20:11", "elapsed": 182.383429, "delta": 0.111703}}
{"target": -221.0642533320263, "params": {"p_ai": 1.6223885625292012, "p_al": 6.65798432103171, "p_ex": 2.744335622875774, "prior": 7.252818469952089, "rate": 0.5732855079268295}, "datetime": {"datetime": "2024-06-13 09:20:11", "elapsed": 182.489388, "delta": 0.105959}}
{"target": -393.4174317218004, "params": {"p_ai": 6.621526831612565, "p_al": 0.5619114103131689, "p_ex": 6.57555480826815, "prior": 3.497759683500485, "rate": 7.358410473675813}, "datetime": {"datetime": "2024-06-13 09:20:12", "elapsed": 182.603085, "delta": 0.113697}}
{"target": -401.813348309292, "params": {"p_ai": 4.179667187970029, "p_al": 5.554809905644186, "p_ex": 1.8973938876873702, "prior": 2.7774679893079055, "rate": 4.8614271035865135}, "datetime": {"datetime": "2024-06-13 09:20:12", "elapsed": 182.72077, "delta": 0.117685}}
{"target": -295.0418142982988, "params": {"p_ai": 0.46625787078469727, "p_al": 8.48948381830922, "p_ex": 4.386706570290287, "prior": 1.9038019279142966, "rate": 1.4968111357691487}, "datetime": {"datetime": "2024-06-13 09:20:12", "elapsed": 182.833468, "delta": 0.112698}}
{"target": -123.46524627498003, "params": {"p_ai": 1.2632491786548354, "p_al": 4.822626323487715, "p_ex": 9.944199449798363, "prior": 8.35665184457866, "rate": 8.799448619984492}, "datetime": {"datetime": "2024-06-13 09:20:12", "elapsed": 182.93925, "delta": 0.105782}}
{"target": -289.57708640062793, "params": {"p_ai": 5.133112070016159, "p_al": 0.13203797085632746, "p_ex": 7.892638896050124, "prior": 9.144546347577828, "rate": 0.6325587699788756}, "datetime": {"datetime": "2024-06-13 09:20:12", "elapsed": 183.056354, "delta": 0.117104}}
{"target": -184.09932907568927, "params": {"p_ai": 1.750742067950122, "p_al": 5.096044339245468, "p_ex": 4.309334910195113, "prior": 9.588804383348712, "rate": 9.846121364963434}, "datetime": {"datetime": "2024-06-13 09:20:12", "elapsed": 183.169054, "delta": 0.1127}}
{"target": -169.91405937690175, "params": {"p_ai": 1.5441559215266563, "p_al": 3.5316943927462785, "p_ex": 5.768989117248869, "prior": 4.222840835558754, "rate": 5.079485354107}, "datetime": {"datetime": "2024-06-13 09:20:12", "elapsed": 183.273775, "delta": 0.104721}}
{"target": -484.652440217807, "params": {"p_ai": 8.770325995338487, "p_al": 0.6055781424620017, "p_ex": 9.153630970485896, "prior": 3.126272695375876, "rate": 7.291643087678667}, "datetime": {"datetime": "2024-06-13 09:20:12", "elapsed": 183.390299, "delta": 0.116524}}
