{"target": -556.5736908306638, "params": {"gamma": 6.139097026322785, "lr": 0.3241385298974466}, "datetime": {"datetime": "2024-06-13 19:54:33", "elapsed": 1.162238, "delta": 0.003989}}
{"target": -464.55122926078286, "params": {"gamma": 4.574144456728294, "lr": 0.44411710701661444}, "datetime": {"datetime": "2024-06-13 19:54:33", "elapsed": 1.16523, "delta": 0.002992}}
{"target": -806.8914505624106, "params": {"gamma": 8.281525471954389, "lr": 0.4263481542362306}, "datetime": {"datetime": "2024-06-13 19:54:33", "elapsed": 1.168881, "delta": 0.003651}}
{"target": -399.8272242895245, "params": {"gamma": 3.4576425129338477, "lr": 0.6749716048091052}, "datetime": {"datetime": "2024-06-13 19:54:33", "elapsed": 1.172871, "delta": 0.00399}}
{"target": -236.11423815779628, "params": {"gamma": 2.215599075279554, "lr": 0.4672458239265538}, "datetime": {"datetime": "2024-06-13 19:54:33", "elapsed": 1.175863, "delta": 0.002992}}
{"target": -326.70544682335117, "params": {"gamma": 3.1483421075528404, "lr": 0.6268556021628346}, "datetime": {"datetime": "2024-06-13 19:54:33", "elapsed": 1.178855, "delta": 0.002992}}
{"target": -840.4811144105339, "params": {"gamma": 8.773727386473432, "lr": 0.4476890001456285}, "datetime": {"datetime": "2024-06-13 19:54:33", "elapsed": 1.182843, "delta": 0.003988}}
{"target": -753.6577073941302, "params": {"gamma": 7.84478973050044, "lr": 0.4569657005615504}, "datetime": {"datetime": "2024-06-13 19:54:33", "elapsed": 1.185836, "delta": 0.002993}}
{"target": -788.8949823517538, "params": {"gamma": 6.562637087839597, "lr": 0.13184097502750214}, "datetime": {"datetime": "2024-06-13 19:54:33", "elapsed": 1.189825, "delta": 0.003989}}
{"target": -607.914395058826, "params": {"gamma": 4.3303820881695145, "lr": 0.9093119886549367}, "datetime": {"datetime": "2024-06-13 19:54:33", "elapsed": 1.192817, "delta": 0.002992}}
{"target": -768.5785200820451, "params": {"gamma": 6.055184531308316, "lr": 0.7667745872371021}, "datetime": {"datetime": "2024-06-13 19:54:33", "elapsed": 1.19581, "delta": 0.002993}}
{"target": -492.67959797483235, "params": {"gamma": 5.047501380350848, "lr": 0.49805562482800747}, "datetime": {"datetime": "2024-06-13 19:54:33", "elapsed": 1.199799, "delta": 0.003989}}
{"target": -1677.294711678179, "params": {"gamma": 8.429155502088307, "lr": 0.06780693434095375}, "datetime": {"datetime": "2024-06-13 19:54:33", "elapsed": 1.203789, "delta": 0.00399}}
{"target": -795.0166999918529, "params": {"gamma": 5.733149443225297, "lr": 0.9427625754329493}, "datetime": {"datetime": "2024-06-13 19:54:33", "elapsed": 1.207778, "delta": 0.003989}}
{"target": -622.1827784429961, "params": {"gamma": 5.179082621675048, "lr": 0.1944658095278845}, "datetime": {"datetime": "2024-06-13 19:54:33", "elapsed": 1.21077, "delta": 0.002992}}
{"target": -807.7699222274549, "params": {"gamma": 8.479545985042318, "lr": 0.25163914235585283}, "datetime": {"datetime": "2024-06-13 19:54:33", "elapsed": 1.214759, "delta": 0.003989}}
{"target": -721.4769743260817, "params": {"gamma": 7.007559638788898, "lr": 0.5402609403968999}, "datetime": {"datetime": "2024-06-13 19:54:33", "elapsed": 1.218749, "delta": 0.00399}}
{"target": -903.5627949440689, "params": {"gamma": 9.488414046513915, "lr": 0.6243367024026759}, "datetime": {"datetime": "2024-06-13 19:54:33", "elapsed": 1.221741, "delta": 0.002992}}
{"target": -1667.550577302354, "params": {"gamma": 8.379941642515245, "lr": 0.007932876194523097}, "datetime": {"datetime": "2024-06-13 19:54:33", "elapsed": 1.22573, "delta": 0.003989}}
{"target": -1967.2141483805583, "params": {"gamma": 9.893411221610213, "lr": 0.07771457033238649}, "datetime": {"datetime": "2024-06-13 19:54:33", "elapsed": 1.230417, "delta": 0.004687}}
{"target": -461.44466681230233, "params": {"gamma": 3.2219730066340815, "lr": 0.9461523954567653}, "datetime": {"datetime": "2024-06-13 19:54:33", "elapsed": 1.235912, "delta": 0.005495}}
{"target": -139.86914898851109, "params": {"gamma": 0.09038208461007943, "lr": 0.8227300054219355}, "datetime": {"datetime": "2024-06-13 19:54:33", "elapsed": 1.241897, "delta": 0.005985}}
{"target": -855.526644565228, "params": {"gamma": 8.612255172029577, "lr": 0.4398308142085725}, "datetime": {"datetime": "2024-06-13 19:54:33", "elapsed": 1.24788, "delta": 0.005983}}
{"target": -348.8688905488996, "params": {"gamma": 2.558196192865506, "lr": 0.8026895196332986}, "datetime": {"datetime": "2024-06-13 19:54:33", "elapsed": 1.251868, "delta": 0.003988}}
{"target": -581.5510241203557, "params": {"gamma": 4.77914218231778, "lr": 0.13433860865569613}, "datetime": {"datetime": "2024-06-13 19:54:33", "elapsed": 1.255857, "delta": 0.003989}}
{"target": -1272.9837749370308, "params": {"gamma": 9.278562079257282, "lr": 0.8959699670066484}, "datetime": {"datetime": "2024-06-13 19:54:33", "elapsed": 1.258849, "delta": 0.002992}}
{"target": -646.0494904255195, "params": {"gamma": 4.915959955019337, "lr": 0.8567024965177922}, "datetime": {"datetime": "2024-06-13 19:54:33", "elapsed": 1.262839, "delta": 0.00399}}
{"target": -476.04156397096676, "params": {"gamma": 4.1863616796152225, "lr": 0.6834649001663011}, "datetime": {"datetime": "2024-06-13 19:54:33", "elapsed": 1.266828, "delta": 0.003989}}
{"target": -425.9137622799975, "params": {"gamma": 3.9805084034398166, "lr": 0.5057420174508104}, "datetime": {"datetime": "2024-06-13 19:54:33", "elapsed": 1.26982, "delta": 0.002992}}
{"target": -291.7588597978406, "params": {"gamma": 1.896327476636439, "lr": 0.9649889241109139}, "datetime": {"datetime": "2024-06-13 19:54:33", "elapsed": 1.273809, "delta": 0.003989}}
{"target": -439.1650205954662, "params": {"gamma": 2.9428626667543027, "lr": 0.10345955611640134}, "datetime": {"datetime": "2024-06-13 19:54:33", "elapsed": 1.277798, "delta": 0.003989}}
{"target": -299.8857733121606, "params": {"gamma": 1.4440096868902519, "lr": 0.014092294192442956}, "datetime": {"datetime": "2024-06-13 19:54:33", "elapsed": 1.280791, "delta": 0.002993}}
{"target": -743.5413985504887, "params": {"gamma": 7.1597410489244835, "lr": 0.5644983202408741}, "datetime": {"datetime": "2024-06-13 19:54:33", "elapsed": 1.28478, "delta": 0.003989}}
{"target": -813.4020992092452, "params": {"gamma": 7.945988933496338, "lr": 0.5070799232841364}, "datetime": {"datetime": "2024-06-13 19:54:33", "elapsed": 1.287772, "delta": 0.002992}}
{"target": -870.6022193732708, "params": {"gamma": 7.918418574002035, "lr": 0.6957642142718394}, "datetime": {"datetime": "2024-06-13 19:54:33", "elapsed": 1.291761, "delta": 0.003989}}
{"target": -759.141578056647, "params": {"gamma": 7.778706920114895, "lr": 0.4064828689770863}, "datetime": {"datetime": "2024-06-13 19:54:33", "elapsed": 1.296749, "delta": 0.004988}}
{"target": -810.2524160695801, "params": {"gamma": 6.478058561241625, "lr": 0.1797942976929744}, "datetime": {"datetime": "2024-06-13 19:54:33", "elapsed": 1.302732, "delta": 0.005983}}
{"target": -417.6004037997254, "params": {"gamma": 3.2188778139156518, "lr": 0.1726046201197925}, "datetime": {"datetime": "2024-06-13 19:54:33", "elapsed": 1.308716, "delta": 0.005984}}
{"target": -420.40947409597413, "params": {"gamma": 4.086963612907611, "lr": 0.2414187479655988}, "datetime": {"datetime": "2024-06-13 19:54:33", "elapsed": 1.312706, "delta": 0.00399}}
{"target": -573.3136668768013, "params": {"gamma": 4.069813019299451, "lr": 0.9752223424373121}, "datetime": {"datetime": "2024-06-13 19:54:33", "elapsed": 1.316695, "delta": 0.003989}}
{"target": -459.07339410898277, "params": {"gamma": 3.2038729388944907, "lr": 0.9824909449748953}, "datetime": {"datetime": "2024-06-13 19:54:33", "elapsed": 1.322679, "delta": 0.005984}}
{"target": -608.1309934453799, "params": {"gamma": 6.363424952433981, "lr": 0.375091018393911}, "datetime": {"datetime": "2024-06-13 19:54:33", "elapsed": 1.327666, "delta": 0.004987}}
{"target": -820.0018074058195, "params": {"gamma": 8.574987506336882, "lr": 0.6195867393685738}, "datetime": {"datetime": "2024-06-13 19:54:33", "elapsed": 1.330658, "delta": 0.002992}}
{"target": -342.5259389881777, "params": {"gamma": 2.521078768228263, "lr": 0.7928556779768876}, "datetime": {"datetime": "2024-06-13 19:54:33", "elapsed": 1.334647, "delta": 0.003989}}
{"target": -407.80129351102835, "params": {"gamma": 4.329952148832897, "lr": 0.3575111673304414}, "datetime": {"datetime": "2024-06-13 19:54:33", "elapsed": 1.337639, "delta": 0.002992}}
{"target": -383.8087919040731, "params": {"gamma": 3.3034390883142843, "lr": 0.6973688756131394}, "datetime": {"datetime": "2024-06-13 19:54:33", "elapsed": 1.341628, "delta": 0.003989}}
{"target": -364.1066641948502, "params": {"gamma": 2.6872325889383593, "lr": 0.8082780137053801}, "datetime": {"datetime": "2024-06-13 19:54:33", "elapsed": 1.34462, "delta": 0.002992}}
{"target": -327.2982216835619, "params": {"gamma": 2.953592655204078, "lr": 0.5441213835853572}, "datetime": {"datetime": "2024-06-13 19:54:33", "elapsed": 1.34861, "delta": 0.00399}}
{"target": -641.5112133518116, "params": {"gamma": 4.879726996560219, "lr": 0.8553564125953698}, "datetime": {"datetime": "2024-06-13 19:54:33", "elapsed": 1.352599, "delta": 0.003989}}
{"target": -1048.0029292701256, "params": {"gamma": 8.883975957519464, "lr": 0.18438444236776674}, "datetime": {"datetime": "2024-06-13 19:54:33", "elapsed": 1.355591, "delta": 0.002992}}
{"target": -812.8054789449346, "params": {"gamma": 5.853899240923573, "lr": 0.8982050460171371}, "datetime": {"datetime": "2024-06-13 19:54:33", "elapsed": 1.35958, "delta": 0.003989}}
{"target": -625.3812751316048, "params": {"gamma": 4.461726073125263, "lr": 0.9218683054838154}, "datetime": {"datetime": "2024-06-13 19:54:33", "elapsed": 1.362572, "delta": 0.002992}}
{"target": -295.30620532461455, "params": {"gamma": 2.790629913679252, "lr": 0.6088311741937957}, "datetime": {"datetime": "2024-06-13 19:54:33", "elapsed": 1.366562, "delta": 0.00399}}
{"target": -688.9619333796212, "params": {"gamma": 6.824854643958388, "lr": 0.2282057333504841}, "datetime": {"datetime": "2024-06-13 19:54:33", "elapsed": 1.369554, "delta": 0.002992}}
{"target": -133.6677336718771, "params": {"gamma": 0.13866135806461027, "lr": 0.4167239623706961}, "datetime": {"datetime": "2024-06-13 19:54:33", "elapsed": 1.373543, "delta": 0.003989}}
{"target": -859.36030512702, "params": {"gamma": 9.384880436675484, "lr": 0.34302810983040655}, "datetime": {"datetime": "2024-06-13 19:54:33", "elapsed": 1.376535, "delta": 0.002992}}
{"target": -969.8749283410687, "params": {"gamma": 7.7976632105305175, "lr": 0.17473631282740743}, "datetime": {"datetime": "2024-06-13 19:54:33", "elapsed": 1.380524, "delta": 0.003989}}
{"target": -424.72621967844435, "params": {"gamma": 3.420186410188222, "lr": 0.14459772083809674}, "datetime": {"datetime": "2024-06-13 19:54:33", "elapsed": 1.384514, "delta": 0.00399}}
{"target": -791.0967950300013, "params": {"gamma": 7.167991370649615, "lr": 0.6993076236968142}, "datetime": {"datetime": "2024-06-13 19:54:33", "elapsed": 1.387506, "delta": 0.002992}}
{"target": -661.9215906374553, "params": {"gamma": 6.88528468217124, "lr": 0.25339603448629966}, "datetime": {"datetime": "2024-06-13 19:54:33", "elapsed": 1.391495, "delta": 0.003989}}
{"target": -698.7113971496174, "params": {"gamma": 6.923908856112466, "lr": 0.22729754091594956}, "datetime": {"datetime": "2024-06-13 19:54:33", "elapsed": 1.394488, "delta": 0.002993}}
{"target": -400.45849335665366, "params": {"gamma": 4.247066510197466, "lr": 0.37192212166768723}, "datetime": {"datetime": "2024-06-13 19:54:33", "elapsed": 1.398477, "delta": 0.003989}}
{"target": -712.5092750907434, "params": {"gamma": 3.553723808289602, "lr": 0.05765480724125638}, "datetime": {"datetime": "2024-06-13 19:54:33", "elapsed": 1.402466, "delta": 0.003989}}
{"target": -700.9609542905498, "params": {"gamma": 6.316834622032531, "lr": 0.7073166026816995}, "datetime": {"datetime": "2024-06-13 19:54:33", "elapsed": 1.405458, "delta": 0.002992}}
{"target": -597.0555701726264, "params": {"gamma": 6.136273356333854, "lr": 0.6483127561631246}, "datetime": {"datetime": "2024-06-13 19:54:33", "elapsed": 1.409447, "delta": 0.003989}}
{"target": -233.18468738278486, "params": {"gamma": 1.7002372014583604, "lr": 0.14944679893886248}, "datetime": {"datetime": "2024-06-13 19:54:33", "elapsed": 1.412439, "delta": 0.002992}}
{"target": -664.1282691981692, "params": {"gamma": 5.142236260215303, "lr": 0.8753327263545391}, "datetime": {"datetime": "2024-06-13 19:54:33", "elapsed": 1.416428, "delta": 0.003989}}
{"target": -205.02492674572883, "params": {"gamma": 1.8403504620306732, "lr": 0.4628391187082599}, "datetime": {"datetime": "2024-06-13 19:54:33", "elapsed": 1.41942, "delta": 0.002992}}
{"target": -422.45822270623347, "params": {"gamma": 4.289894407965, "lr": 0.4972891859195163}, "datetime": {"datetime": "2024-06-13 19:54:33", "elapsed": 1.422412, "delta": 0.002992}}
{"target": -178.46416195469646, "params": {"gamma": 1.6159461940896331, "lr": 0.34244064113481054}, "datetime": {"datetime": "2024-06-13 19:54:33", "elapsed": 1.426402, "delta": 0.00399}}
{"target": -362.11820102042327, "params": {"gamma": 2.6195421606310987, "lr": 0.844526943229479}, "datetime": {"datetime": "2024-06-13 19:54:33", "elapsed": 1.429394, "delta": 0.002992}}
{"target": -780.4901908167462, "params": {"gamma": 8.003522125518241, "lr": 0.4266391582681436}, "datetime": {"datetime": "2024-06-13 19:54:33", "elapsed": 1.433383, "delta": 0.003989}}
{"target": -731.6222498610377, "params": {"gamma": 6.070547592429601, "lr": 0.14546561026621996}, "datetime": {"datetime": "2024-06-13 19:54:33", "elapsed": 1.436374, "delta": 0.002991}}
{"target": -468.13547536277144, "params": {"gamma": 5.096623328881369, "lr": 0.29694708578690454}, "datetime": {"datetime": "2024-06-13 19:54:33", "elapsed": 1.440364, "delta": 0.00399}}
{"target": -942.473872312236, "params": {"gamma": 8.596649884738442, "lr": 0.6715983809063899}, "datetime": {"datetime": "2024-06-13 19:54:33", "elapsed": 1.443356, "delta": 0.002992}}
{"target": -871.5510810033819, "params": {"gamma": 6.335106652211588, "lr": 0.12475130006917923}, "datetime": {"datetime": "2024-06-13 19:54:33", "elapsed": 1.446349, "delta": 0.002993}}
{"target": -657.9583298361074, "params": {"gamma": 4.706408207109359, "lr": 0.9865727795868815}, "datetime": {"datetime": "2024-06-13 19:54:33", "elapsed": 1.450338, "delta": 0.003989}}
{"target": -903.0714583154121, "params": {"gamma": 9.483043441552578, "lr": 0.6450856402604436}, "datetime": {"datetime": "2024-06-13 19:54:33", "elapsed": 1.45333, "delta": 0.002992}}
{"target": -190.62007149694284, "params": {"gamma": 1.5180969854487043, "lr": 0.639126848719905}, "datetime": {"datetime": "2024-06-13 19:54:33", "elapsed": 1.457319, "delta": 0.003989}}
{"target": -549.4131029160179, "params": {"gamma": 5.657055463326731, "lr": 0.468665837661252}, "datetime": {"datetime": "2024-06-13 19:54:33", "elapsed": 1.460311, "delta": 0.002992}}
{"target": -418.8091230965475, "params": {"gamma": 4.280946657213234, "lr": 0.5992697556580301}, "datetime": {"datetime": "2024-06-13 19:54:33", "elapsed": 1.464301, "delta": 0.00399}}
{"target": -1069.0778644478025, "params": {"gamma": 8.499848915271139, "lr": 0.7511210403719374}, "datetime": {"datetime": "2024-06-13 19:54:33", "elapsed": 1.468289, "delta": 0.003988}}
{"target": -803.15507841338, "params": {"gamma": 5.794026042432034, "lr": 0.9247041815360281}, "datetime": {"datetime": "2024-06-13 19:54:33", "elapsed": 1.471282, "delta": 0.002993}}
{"target": -156.2597518162471, "params": {"gamma": 0.6483350944320471, "lr": 0.9913465087318091}, "datetime": {"datetime": "2024-06-13 19:54:33", "elapsed": 1.475271, "delta": 0.003989}}
{"target": -123.911137635705, "params": {"gamma": 0.5308924321372274, "lr": 0.19949554613856135}, "datetime": {"datetime": "2024-06-13 19:54:33", "elapsed": 1.478262, "delta": 0.002991}}
{"target": -624.2286820845289, "params": {"gamma": 4.228103863783965, "lr": 0.10750887618516769}, "datetime": {"datetime": "2024-06-13 19:54:33", "elapsed": 1.482252, "delta": 0.00399}}
{"target": -1243.2970170061824, "params": {"gamma": 6.2370804395660215, "lr": 0.047992564048867314}, "datetime": {"datetime": "2024-06-13 19:54:33", "elapsed": 1.485244, "delta": 0.002992}}
{"target": -573.1557141600929, "params": {"gamma": 2.8469541861884147, "lr": 0.06103668111967109}, "datetime": {"datetime": "2024-06-13 19:54:33", "elapsed": 1.489234, "delta": 0.00399}}
{"target": -777.0614728289551, "params": {"gamma": 7.035489791719707, "lr": 0.668456167589482}, "datetime": {"datetime": "2024-06-13 19:54:33", "elapsed": 1.492226, "delta": 0.002992}}
{"target": -462.7832836949842, "params": {"gamma": 3.7864273519127716, "lr": 0.1881942600298212}, "datetime": {"datetime": "2024-06-13 19:54:33", "elapsed": 1.495218, "delta": 0.002992}}
{"target": -688.0367267950893, "params": {"gamma": 7.4703012854704225, "lr": 0.34037929076546725}, "datetime": {"datetime": "2024-06-13 19:54:33", "elapsed": 1.499207, "delta": 0.003989}}
{"target": -763.7905273960964, "params": {"gamma": 7.953216372889023, "lr": 0.4879009391796203}, "datetime": {"datetime": "2024-06-13 19:54:33", "elapsed": 1.503196, "delta": 0.003989}}
{"target": -1049.3369009078533, "params": {"gamma": 5.257168774065444, "lr": 0.028490849491567216}, "datetime": {"datetime": "2024-06-13 19:54:33", "elapsed": 1.506188, "delta": 0.002992}}
{"target": -596.1303394995309, "params": {"gamma": 6.442675966770439, "lr": 0.3506565024321674}, "datetime": {"datetime": "2024-06-13 19:54:33", "elapsed": 1.510177, "delta": 0.003989}}
{"target": -248.94451380700363, "params": {"gamma": 2.292821067893365, "lr": 0.4338833762117006}, "datetime": {"datetime": "2024-06-13 19:54:33", "elapsed": 1.51317, "delta": 0.002993}}
{"target": -379.6822347718078, "params": {"gamma": 3.825292105251905, "lr": 0.46978904008636024}, "datetime": {"datetime": "2024-06-13 19:54:33", "elapsed": 1.517159, "delta": 0.003989}}
{"target": -896.0511319020225, "params": {"gamma": 9.794854058443883, "lr": 0.36437807036823044}, "datetime": {"datetime": "2024-06-13 19:54:33", "elapsed": 1.520151, "delta": 0.002992}}
{"target": -793.6454741595371, "params": {"gamma": 7.744326923227059, "lr": 0.5527675965498925}, "datetime": {"datetime": "2024-06-13 19:54:33", "elapsed": 1.52414, "delta": 0.003989}}
{"target": -815.199193606612, "params": {"gamma": 8.891421759985722, "lr": 0.354952851149572}, "datetime": {"datetime": "2024-06-13 19:54:33", "elapsed": 1.527132, "delta": 0.002992}}
{"target": -362.1353246445774, "params": {"gamma": 2.455941283184888, "lr": 0.9110192396569683}, "datetime": {"datetime": "2024-06-13 19:54:33", "elapsed": 1.531137, "delta": 0.004005}}
{"target": -142.541809043932, "params": {"gamma": 0.43629910331389593, "lr": 0.9507534280610023}, "datetime": {"datetime": "2024-06-13 19:54:33", "elapsed": 1.535111, "delta": 0.003974}}
{"target": -534.3623747517718, "params": {"gamma": 5.5645127497935825, "lr": 0.3763632166870875}, "datetime": {"datetime": "2024-06-13 19:54:33", "elapsed": 1.538103, "delta": 0.002992}}
{"target": -1978.5232510401213, "params": {"gamma": 9.950528171068772, "lr": 0.05836264614763165}, "datetime": {"datetime": "2024-06-13 19:54:33", "elapsed": 1.542092, "delta": 0.003989}}
{"target": -1031.6011541962484, "params": {"gamma": 5.167546891316355, "lr": 0.03109707545554785}, "datetime": {"datetime": "2024-06-13 19:54:33", "elapsed": 1.545084, "delta": 0.002992}}
{"target": -717.6599360410739, "params": {"gamma": 5.712186216123149, "lr": 0.18046850899511557}, "datetime": {"datetime": "2024-06-13 19:54:33", "elapsed": 1.549074, "delta": 0.00399}}
{"target": -872.1614432836184, "params": {"gamma": 6.309961044194965, "lr": 0.9809236757505815}, "datetime": {"datetime": "2024-06-13 19:54:33", "elapsed": 1.553063, "delta": 0.003989}}
{"target": -838.1837784894326, "params": {"gamma": 8.749150609572597, "lr": 0.45183624942087064}, "datetime": {"datetime": "2024-06-13 19:54:33", "elapsed": 1.556055, "delta": 0.002992}}
{"target": -895.1012240595007, "params": {"gamma": 7.084900239647121, "lr": 0.7774687500031893}, "datetime": {"datetime": "2024-06-13 19:54:33", "elapsed": 1.559047, "delta": 0.002992}}
{"target": -520.1231860062442, "params": {"gamma": 4.9489359987414545, "lr": 0.5285334901775651}, "datetime": {"datetime": "2024-06-13 19:54:33", "elapsed": 1.563038, "delta": 0.003991}}
{"target": -170.7110153273659, "params": {"gamma": 1.5086931993235537, "lr": 0.36939992561190627}, "datetime": {"datetime": "2024-06-13 19:54:33", "elapsed": 1.567026, "delta": 0.003988}}
{"target": -206.4171106365908, "params": {"gamma": 1.4230703094747938, "lr": 0.7268937533445626}, "datetime": {"datetime": "2024-06-13 19:54:33", "elapsed": 1.570018, "delta": 0.002992}}
{"target": -466.9702898133243, "params": {"gamma": 4.770652931028231, "lr": 0.44887883670676554}, "datetime": {"datetime": "2024-06-13 19:54:33", "elapsed": 1.574007, "delta": 0.003989}}
{"target": -902.9660669285917, "params": {"gamma": 8.860093713682348, "lr": 0.5276187723115614}, "datetime": {"datetime": "2024-06-13 19:54:33", "elapsed": 1.577028, "delta": 0.003021}}
{"target": -406.83255543420114, "params": {"gamma": 4.091499228336683, "lr": 0.26889202221264585}, "datetime": {"datetime": "2024-06-13 19:54:33", "elapsed": 1.580989, "delta": 0.003961}}
{"target": -129.2495235346111, "params": {"gamma": 0.7210483396625298, "lr": 0.4181361337253158}, "datetime": {"datetime": "2024-06-13 19:54:33", "elapsed": 1.58398, "delta": 0.002991}}
{"target": -128.48033459067136, "params": {"gamma": 0.25850907058342715, "lr": 0.29115394055242805}, "datetime": {"datetime": "2024-06-13 19:54:33", "elapsed": 1.58797, "delta": 0.00399}}
{"target": -701.8484691409064, "params": {"gamma": 5.035591588974117, "lr": 0.9659330650197223}, "datetime": {"datetime": "2024-06-13 19:54:33", "elapsed": 1.590962, "delta": 0.002992}}
