{"target": -526.8700577357077, "params": {"gamma": 7.113433866846732, "prior": 5.583457649409001, "rate": 3.0458753612182816}, "datetime": {"datetime": "2024-06-14 12:57:13", "elapsed": 1.787868, "delta": 0.009003}}
{"target": -828.50244606049, "params": {"gamma": 8.348705622270353, "prior": 4.409528980532247, "rate": 9.234638694972633}, "datetime": {"datetime": "2024-06-14 12:57:13", "elapsed": 1.796815, "delta": 0.008947}}
{"target": -460.88003921876447, "params": {"gamma": 7.0608119915549965, "prior": 4.8325099488563055, "rate": 1.2629748273898376}, "datetime": {"datetime": "2024-06-14 12:57:13", "elapsed": 1.805792, "delta": 0.008977}}
{"target": -849.9142583506473, "params": {"gamma": 9.760459461127008, "prior": 1.6823531384065245, "rate": 2.026818650071406}, "datetime": {"datetime": "2024-06-14 12:57:13", "elapsed": 1.814767, "delta": 0.008975}}
{"target": -319.3330185388741, "params": {"gamma": 4.312386369848549, "prior": 4.101598867173958, "rate": 1.4683680561621768}, "datetime": {"datetime": "2024-06-14 12:57:13", "elapsed": 1.823743, "delta": 0.008976}}
{"target": -791.6225092904627, "params": {"gamma": 7.293459874691873, "prior": 1.968576162084141, "rate": 6.439312547472317}, "datetime": {"datetime": "2024-06-14 12:57:13", "elapsed": 1.832578, "delta": 0.008835}}
{"target": -792.6193367735759, "params": {"gamma": 7.543305199812411, "prior": 2.1862506816248755, "rate": 6.0099415268282925}, "datetime": {"datetime": "2024-06-14 12:57:13", "elapsed": 1.841554, "delta": 0.008976}}
{"target": -621.5781884953628, "params": {"gamma": 7.489534824083119, "prior": 6.418365235141301, "rate": 5.971675902163545}, "datetime": {"datetime": "2024-06-14 12:57:13", "elapsed": 1.85053, "delta": 0.008976}}
{"target": -303.797648558236, "params": {"gamma": 2.955527374269315, "prior": 7.342904065290937, "rate": 9.453139091559498}, "datetime": {"datetime": "2024-06-14 12:57:13", "elapsed": 1.859506, "delta": 0.008976}}
{"target": -281.5025780890572, "params": {"gamma": 4.256188341225208, "prior": 7.843599986630912, "rate": 0.5623542555794911}, "datetime": {"datetime": "2024-06-14 12:57:13", "elapsed": 1.868482, "delta": 0.008976}}
{"target": -818.5230575409133, "params": {"gamma": 8.35288075329717, "prior": 2.0032751665392623, "rate": 3.951573592030842}, "datetime": {"datetime": "2024-06-14 12:57:13", "elapsed": 1.877459, "delta": 0.008977}}
{"target": -409.28990290669776, "params": {"gamma": 3.001510378207639, "prior": 0.893026073679888, "rate": 9.046405398359493}, "datetime": {"datetime": "2024-06-14 12:57:13", "elapsed": 1.887431, "delta": 0.009972}}
{"target": -337.1366908153007, "params": {"gamma": 3.702171621359829, "prior": 5.353904640913781, "rate": 4.941668542697355}, "datetime": {"datetime": "2024-06-14 12:57:13", "elapsed": 1.89541, "delta": 0.007979}}
{"target": -176.24132436214353, "params": {"gamma": 1.3224792582874385, "prior": 2.143895183005387, "rate": 0.7628119015141794}, "datetime": {"datetime": "2024-06-14 12:57:13", "elapsed": 1.904388, "delta": 0.008978}}
{"target": -472.88293874948033, "params": {"gamma": 5.07970907775293, "prior": 2.6893405631465725, "rate": 3.5712590272190368}, "datetime": {"datetime": "2024-06-14 12:57:13", "elapsed": 1.913364, "delta": 0.008976}}
{"target": -163.692522830604, "params": {"gamma": 1.0815452216436712, "prior": 7.896763212559821, "rate": 1.0667321840112223}, "datetime": {"datetime": "2024-06-14 12:57:13", "elapsed": 1.922341, "delta": 0.008977}}
{"target": -1050.52164688267, "params": {"gamma": 9.857102528308165, "prior": 1.8538955279403317, "rate": 5.724478719234059}, "datetime": {"datetime": "2024-06-14 12:57:13", "elapsed": 1.931316, "delta": 0.008975}}
{"target": -154.30623511562882, "params": {"gamma": 0.4494085005562922, "prior": 7.892451267592758, "rate": 1.8968698722351471}, "datetime": {"datetime": "2024-06-14 12:57:13", "elapsed": 1.940292, "delta": 0.008976}}
{"target": -348.8845755843962, "params": {"gamma": 5.279511880102859, "prior": 7.426767677274809, "rate": 1.5001649176876422}, "datetime": {"datetime": "2024-06-14 12:57:13", "elapsed": 1.949269, "delta": 0.008977}}
{"target": -610.5679235568479, "params": {"gamma": 5.511320654695531, "prior": 2.2445103624549163, "rate": 7.592201297122131}, "datetime": {"datetime": "2024-06-14 12:57:13", "elapsed": 1.958244, "delta": 0.008975}}
{"target": -830.3585672177938, "params": {"gamma": 7.229429020368581, "prior": 1.847835439343122, "rate": 8.619803610113067}, "datetime": {"datetime": "2024-06-14 12:57:13", "elapsed": 1.966223, "delta": 0.007979}}
{"target": -152.74914624664916, "params": {"gamma": 0.1987312200639263, "prior": 8.61634627448884, "rate": 5.589479207798223}, "datetime": {"datetime": "2024-06-14 12:57:13", "elapsed": 1.975199, "delta": 0.008976}}
{"target": -362.0572939943565, "params": {"gamma": 4.032801500586387, "prior": 7.611594617121132, "rate": 7.169573087923007}, "datetime": {"datetime": "2024-06-14 12:57:13", "elapsed": 1.984175, "delta": 0.008976}}
{"target": -543.228925332228, "params": {"gamma": 9.873274421909457, "prior": 2.8530419812685297, "rate": 0.03893293042101652}, "datetime": {"datetime": "2024-06-14 12:57:13", "elapsed": 1.993151, "delta": 0.008976}}
{"target": -748.9841364155241, "params": {"gamma": 9.339092180540563, "prior": 8.593181334925148, "rate": 7.28877992431504}, "datetime": {"datetime": "2024-06-14 12:57:13", "elapsed": 2.002633, "delta": 0.009482}}
{"target": -460.85771857564544, "params": {"gamma": 5.167371140432463, "prior": 7.098866827962734, "rate": 7.805515039210552}, "datetime": {"datetime": "2024-06-14 12:57:13", "elapsed": 2.01161, "delta": 0.008977}}
{"target": -343.9420337060968, "params": {"gamma": 3.749384559425057, "prior": 7.72619300076658, "rate": 7.506492567432579}, "datetime": {"datetime": "2024-06-14 12:57:13", "elapsed": 2.020585, "delta": 0.008975}}
{"target": -592.122690116681, "params": {"gamma": 6.132498904231054, "prior": 4.07847264728159, "rate": 6.9733828846241455}, "datetime": {"datetime": "2024-06-14 12:57:13", "elapsed": 2.029561, "delta": 0.008976}}
{"target": -151.3110663822181, "params": {"gamma": 0.032125465394095866, "prior": 7.771476802573518, "rate": 8.964269607966013}, "datetime": {"datetime": "2024-06-14 12:57:13", "elapsed": 2.038537, "delta": 0.008976}}
{"target": -275.6981072576113, "params": {"gamma": 2.393917758667609, "prior": 1.2955951246613744, "rate": 2.2036195939494823}, "datetime": {"datetime": "2024-06-14 12:57:13", "elapsed": 2.046545, "delta": 0.008008}}
{"target": -270.4520223398023, "params": {"gamma": 3.021665216169693, "prior": 8.841982234781959, "rate": 5.432121135950708}, "datetime": {"datetime": "2024-06-14 12:57:13", "elapsed": 2.055492, "delta": 0.008947}}
{"target": -320.06308692991735, "params": {"gamma": 2.8678297844146994, "prior": 1.4697114289501707, "rate": 2.902154486582312}, "datetime": {"datetime": "2024-06-14 12:57:13", "elapsed": 2.064468, "delta": 0.008976}}
{"target": -565.9615009433775, "params": {"gamma": 6.139097026322785, "prior": 3.3089714459847217, "rate": 4.574144456728294}, "datetime": {"datetime": "2024-06-14 12:57:13", "elapsed": 2.073444, "delta": 0.008976}}
{"target": -347.05940414365506, "params": {"gamma": 4.441726953059129, "prior": 8.29854007124197, "rate": 4.264055194208071}, "datetime": {"datetime": "2024-06-14 12:57:13", "elapsed": 2.08242, "delta": 0.008976}}
{"target": -268.94340407573594, "params": {"gamma": 3.4576425129338477, "prior": 6.782218887610141, "rate": 2.215599075279554}, "datetime": {"datetime": "2024-06-14 12:57:13", "elapsed": 2.091396, "delta": 0.008976}}
{"target": -475.32785692391286, "params": {"gamma": 4.672990993441612, "prior": 3.216180304507763, "rate": 6.268929166026184}, "datetime": {"datetime": "2024-06-14 12:57:13", "elapsed": 2.100372, "delta": 0.008976}}
{"target": -834.302828728872, "params": {"gamma": 8.773727386473432, "prior": 4.532121101441722, "rate": 7.84478973050044}, "datetime": {"datetime": "2024-06-14 12:57:13", "elapsed": 2.109855, "delta": 0.009483}}
{"target": -311.2879345646778, "params": {"gamma": 4.570200039914943, "prior": 6.596670383999601, "rate": 1.3192779092999938}, "datetime": {"datetime": "2024-06-14 12:57:13", "elapsed": 2.118377, "delta": 0.008522}}
{"target": -357.29849491238053, "params": {"gamma": 4.3303820881695145, "prior": 9.102188687683872, "rate": 6.055184531308316}, "datetime": {"datetime": "2024-06-14 12:57:13", "elapsed": 2.127384, "delta": 0.009007}}
{"target": -642.74197245624, "params": {"gamma": 7.6679790977837845, "prior": 5.096536020149354, "rate": 4.981058192655247}, "datetime": {"datetime": "2024-06-14 12:57:13", "elapsed": 2.136329, "delta": 0.008945}}
{"target": -1022.9461083457694, "params": {"gamma": 8.429155502088307, "prior": 0.7712886499754421, "rate": 5.733149443225297}, "datetime": {"datetime": "2024-06-14 12:57:13", "elapsed": 2.145305, "delta": 0.008976}}
{"target": -636.5147073596992, "params": {"gamma": 9.42768299175406, "prior": 5.226814476905987, "rate": 1.945463629469317}, "datetime": {"datetime": "2024-06-14 12:57:13", "elapsed": 2.154281, "delta": 0.008976}}
{"target": -884.9393339853241, "params": {"gamma": 8.479545985042318, "prior": 2.5912275093229433, "rate": 7.007559638788898}, "datetime": {"datetime": "2024-06-14 12:57:13", "elapsed": 2.162813, "delta": 0.008532}}
{"target": -428.779698668049, "params": {"gamma": 5.403069143028603, "prior": 9.493479253974174, "rate": 6.2437426873243576}, "datetime": {"datetime": "2024-06-14 12:57:13", "elapsed": 2.171818, "delta": 0.009005}}
{"target": -1165.724578257165, "params": {"gamma": 8.379941642515245, "prior": 0.17853547432577865, "rate": 9.893411221610213}, "datetime": {"datetime": "2024-06-14 12:57:13", "elapsed": 2.180765, "delta": 0.008947}}
{"target": -177.34301276483797, "params": {"gamma": 0.7780679887535326, "prior": 3.2890821847862193, "rate": 9.461577802172197}, "datetime": {"datetime": "2024-06-14 12:57:13", "elapsed": 2.18977, "delta": 0.009005}}
{"target": -151.80033997059638, "params": {"gamma": 0.09038208461007943, "prior": 8.24502705367716, "rate": 8.612255172029577}, "datetime": {"datetime": "2024-06-14 12:57:13", "elapsed": 2.198717, "delta": 0.008947}}
{"target": -488.8366791075072, "params": {"gamma": 4.398868311271517, "prior": 2.631877418678719, "rate": 8.027092506813352}, "datetime": {"datetime": "2024-06-14 12:57:13", "elapsed": 2.207696, "delta": 0.008979}}
{"target": -587.4095107644303, "params": {"gamma": 4.77914218231778, "prior": 1.429952225691392, "rate": 9.278562079257282}, "datetime": {"datetime": "2024-06-14 12:57:13", "elapsed": 2.216672, "delta": 0.008976}}
{"target": -850.7786862467791, "params": {"gamma": 8.959803700099478, "prior": 4.966296985167659, "rate": 8.567168262681404}, "datetime": {"datetime": "2024-06-14 12:57:13", "elapsed": 2.225647, "delta": 0.008975}}
{"target": -338.71571006750224, "params": {"gamma": 4.1863616796152225, "prior": 6.866302511646381, "rate": 3.9805084034398166}, "datetime": {"datetime": "2024-06-14 12:57:13", "elapsed": 2.233626, "delta": 0.007979}}
{"target": -596.436314316937, "params": {"gamma": 5.057914432490653, "prior": 1.9765618580558806, "rate": 9.649924252185027}, "datetime": {"datetime": "2024-06-14 12:57:13", "elapsed": 2.242602, "delta": 0.008976}}
{"target": -302.74670911296437, "params": {"gamma": 2.9428626667543027, "prior": 1.1242496055523734, "rate": 1.4440096868902519}, "datetime": {"datetime": "2024-06-14 12:57:13", "elapsed": 2.251578, "delta": 0.008976}}
{"target": -152.23496749349903, "params": {"gamma": 0.14190884963023712, "prior": 7.187862424677705, "rate": 5.645418704088501}, "datetime": {"datetime": "2024-06-14 12:57:13", "elapsed": 2.260554, "delta": 0.008976}}
{"target": -739.5396016143168, "params": {"gamma": 7.945988933496338, "prior": 5.12009124051295, "rate": 7.918418574002035}, "datetime": {"datetime": "2024-06-14 12:57:13", "elapsed": 2.26953, "delta": 0.008976}}
{"target": -511.6241915670528, "params": {"gamma": 6.957946378504123, "prior": 7.800699920905836, "rate": 4.065422206901887}, "datetime": {"datetime": "2024-06-14 12:57:13", "elapsed": 2.278506, "delta": 0.008976}}
{"target": -623.3472433090499, "params": {"gamma": 6.478058561241625, "prior": 1.8799635471604466, "rate": 3.2188778139156518}, "datetime": {"datetime": "2024-06-14 12:57:13", "elapsed": 2.287482, "delta": 0.008976}}
{"target": -200.15671217374376, "params": {"gamma": 1.7268735965778053, "prior": 4.145508527631297, "rate": 2.4149460609080227}, "datetime": {"datetime": "2024-06-14 12:57:13", "elapsed": 2.296458, "delta": 0.008976}}
{"target": -301.96688154590163, "params": {"gamma": 4.069813019299451, "prior": 9.75470119012939, "rate": 3.2038729388944907}, "datetime": {"datetime": "2024-06-14 12:57:13", "elapsed": 2.305434, "delta": 0.008976}}
{"target": -723.4107395992514, "params": {"gamma": 9.824926958803978, "prior": 6.399430645974237, "rate": 3.7515350929207165}, "datetime": {"datetime": "2024-06-14 12:57:13", "elapsed": 2.31441, "delta": 0.008976}}
{"target": -590.9937120078274, "params": {"gamma": 8.574987506336882, "prior": 6.2339087197488805, "rate": 2.521078768228263}, "datetime": {"datetime": "2024-06-14 12:57:13", "elapsed": 2.324383, "delta": 0.009973}}
{"target": -635.8208773700313, "params": {"gamma": 7.9287639240909, "prior": 4.386091236468214, "rate": 3.5757541621370836}, "datetime": {"datetime": "2024-06-14 12:57:13", "elapsed": 2.33336, "delta": 0.008977}}
{"target": -266.55624724645327, "params": {"gamma": 3.3034390883142843, "prior": 7.003951868570081, "rate": 2.6872325889383593}, "datetime": {"datetime": "2024-06-14 12:57:13", "elapsed": 2.342335, "delta": 0.008975}}
{"target": -777.5190504789367, "params": {"gamma": 8.082971859040095, "prior": 3.0233590645584933, "rate": 5.441669714469987}, "datetime": {"datetime": "2024-06-14 12:57:13", "elapsed": 2.351312, "delta": 0.008977}}
{"target": -432.93818160834417, "params": {"gamma": 4.879726996560219, "prior": 8.56802848469416, "rate": 8.883975957519464}, "datetime": {"datetime": "2024-06-14 12:57:13", "elapsed": 2.360288, "delta": 0.008976}}
{"target": -232.8027106696426, "params": {"gamma": 1.8446600392352996, "prior": 5.894949743488685, "rate": 8.982152255125355}, "datetime": {"datetime": "2024-06-14 12:57:13", "elapsed": 2.369263, "delta": 0.008975}}
{"target": -320.10669437346917, "params": {"gamma": 4.461726073125263, "prior": 9.226496224289772, "rate": 2.790629913679252}, "datetime": {"datetime": "2024-06-14 12:57:13", "elapsed": 2.37824, "delta": 0.008977}}
{"target": -419.2364454568906, "params": {"gamma": 6.0887029107637645, "prior": 6.856291726691472, "rate": 2.2828291277714907}, "datetime": {"datetime": "2024-06-14 12:57:13", "elapsed": 2.387245, "delta": 0.009005}}
{"target": -152.5753072768181, "params": {"gamma": 0.13866135806461027, "prior": 4.225567227469891, "rate": 9.384880436675484}, "datetime": {"datetime": "2024-06-14 12:57:13", "elapsed": 2.39622, "delta": 0.008975}}
{"target": -256.85584921205844, "params": {"gamma": 3.430938070194235, "prior": 7.819468525277739, "rate": 1.7481883919612469}, "datetime": {"datetime": "2024-06-14 12:57:13", "elapsed": 2.405197, "delta": 0.008977}}
{"target": -419.48122206600533, "params": {"gamma": 3.420186410188222, "prior": 1.531517436297158, "rate": 7.167991370649615}, "datetime": {"datetime": "2024-06-14 12:57:13", "elapsed": 2.414143, "delta": 0.008946}}
{"target": -481.4677129567482, "params": {"gamma": 6.993376929344446, "prior": 6.916123447694296, "rate": 2.5347069488285103}, "datetime": {"datetime": "2024-06-14 12:57:13", "elapsed": 2.423119, "delta": 0.008976}}
{"target": -671.3427879687497, "params": {"gamma": 6.923908856112466, "prior": 2.350245655067901, "rate": 4.247066510197466}, "datetime": {"datetime": "2024-06-14 12:57:13", "elapsed": 2.432096, "delta": 0.008977}}
{"target": -264.14334669582746, "params": {"gamma": 3.7198492945552046, "prior": 3.61754832503921, "rate": 0.5774904176053226}, "datetime": {"datetime": "2024-06-14 12:57:13", "elapsed": 2.4411, "delta": 0.009004}}
{"target": -522.5213038866361, "params": {"gamma": 6.316834622032531, "prior": 7.102434366548825, "rate": 6.136273356333854}, "datetime": {"datetime": "2024-06-14 12:57:13", "elapsed": 2.450047, "delta": 0.008947}}
{"target": -531.4847415903962, "params": {"gamma": 6.483479248875083, "prior": 1.7824130707508519, "rate": 1.495318542589686}, "datetime": {"datetime": "2024-06-14 12:57:13", "elapsed": 2.459023, "delta": 0.008976}}
{"target": -342.9022639382305, "params": {"gamma": 5.142236260215303, "prior": 8.765793990909938, "rate": 1.8403504620306732}, "datetime": {"datetime": "2024-06-14 12:57:13", "elapsed": 2.467999, "delta": 0.008976}}
{"target": -422.60555735744634, "params": {"gamma": 4.628928347963892, "prior": 4.3464301068960385, "rate": 4.973394570009244}, "datetime": {"datetime": "2024-06-14 12:57:13", "elapsed": 2.475978, "delta": 0.007979}}
{"target": -200.65433236587427, "params": {"gamma": 1.6159461940896331, "prior": 3.4901623472346244, "rate": 2.6195421606310987}, "datetime": {"datetime": "2024-06-14 12:57:13", "elapsed": 2.484954, "delta": 0.008976}}
{"target": -614.3897692170971, "params": {"gamma": 8.44542490535156, "prior": 8.023289233186377, "rate": 4.266964943523168}, "datetime": {"datetime": "2024-06-14 12:57:13", "elapsed": 2.49393, "delta": 0.008976}}
{"target": -665.9356284840435, "params": {"gamma": 6.070547592429601, "prior": 1.5401095416355777, "rate": 5.096623328881369}, "datetime": {"datetime": "2024-06-14 12:57:13", "elapsed": 2.502906, "delta": 0.008976}}
{"target": -278.631421838661, "params": {"gamma": 2.9701739107832585, "prior": 8.61054444033509, "rate": 6.716312210682993}, "datetime": {"datetime": "2024-06-14 12:57:13", "elapsed": 2.511883, "delta": 0.008977}}
{"target": -700.7227705437673, "params": {"gamma": 6.335106652211588, "prior": 1.3350378706848745, "rate": 4.706408207109359}, "datetime": {"datetime": "2024-06-14 12:57:13", "elapsed": 2.521856, "delta": 0.009973}}
{"target": -750.0992964937465, "params": {"gamma": 9.865741223089229, "prior": 9.488161823319384, "rate": 6.451211316964176}, "datetime": {"datetime": "2024-06-14 12:57:13", "elapsed": 2.529834, "delta": 0.007978}}
{"target": -199.3773546700561, "params": {"gamma": 1.5180969854487043, "prior": 6.427355802327059, "rate": 5.657055463326731}, "datetime": {"datetime": "2024-06-14 12:57:13", "elapsed": 2.53881, "delta": 0.008976}}
{"target": -444.47719025757397, "params": {"gamma": 4.6871897107748595, "prior": 4.337570947735874, "rate": 5.993098286824644}, "datetime": {"datetime": "2024-06-14 12:57:13", "elapsed": 2.547786, "delta": 0.008976}}
{"target": -669.6483275704279, "params": {"gamma": 8.499848915271139, "prior": 7.53609829968218, "rate": 5.794026042432034}, "datetime": {"datetime": "2024-06-14 12:57:13", "elapsed": 2.556762, "delta": 0.008976}}
{"target": -1184.4462270689671, "params": {"gamma": 9.247117111178744, "prior": 0.7409258360713337, "rate": 9.913473740809359}, "datetime": {"datetime": "2024-06-14 12:57:13", "elapsed": 2.565738, "delta": 0.008976}}
{"target": -163.5575820311172, "params": {"gamma": 0.5308924321372274, "prior": 2.0750059067717572, "rate": 4.228103863783965}, "datetime": {"datetime": "2024-06-14 12:57:13", "elapsed": 2.574714, "delta": 0.008976}}
{"target": -162.63083711383842, "params": {"gamma": 1.0759812529754917, "prior": 6.274337068877248, "rate": 0.4808776479246243}, "datetime": {"datetime": "2024-06-14 12:57:13", "elapsed": 2.58369, "delta": 0.008976}}
{"target": -391.4250831345956, "params": {"gamma": 2.8469541861884147, "prior": 0.7042631430847438, "rate": 7.035489791719707}, "datetime": {"datetime": "2024-06-14 12:57:13", "elapsed": 2.592696, "delta": 0.009006}}
{"target": -487.32605091379094, "params": {"gamma": 6.684893219727232, "prior": 3.847947873180962, "rate": 1.8827544060381822}, "datetime": {"datetime": "2024-06-14 12:57:13", "elapsed": 2.601643, "delta": 0.008947}}
{"target": -758.1680426791114, "params": {"gamma": 7.4703012854704225, "prior": 3.469754978578126, "rate": 7.953216372889023}, "datetime": {"datetime": "2024-06-14 12:57:13", "elapsed": 2.610649, "delta": 0.009006}}
{"target": -309.4091394416415, "params": {"gamma": 4.879521490857024, "prior": 5.304127499074696, "rate": 0.28588000406618064}, "datetime": {"datetime": "2024-06-14 12:57:13", "elapsed": 2.619594, "delta": 0.008945}}
{"target": -498.2829102511266, "params": {"gamma": 6.442675966770439, "prior": 3.5714993740784573, "rate": 2.292821067893365}, "datetime": {"datetime": "2024-06-14 12:57:13", "elapsed": 2.628571, "delta": 0.008977}}
{"target": -404.778176805095, "params": {"gamma": 4.339399878740795, "prior": 3.8864278269820844, "rate": 4.698420611823517}, "datetime": {"datetime": "2024-06-14 12:57:13", "elapsed": 2.637546, "delta": 0.008975}}
{"target": -967.3045244000367, "params": {"gamma": 9.794854058443883, "prior": 3.7073428966454816, "rate": 7.744326923227059}, "datetime": {"datetime": "2024-06-14 12:57:13", "elapsed": 2.646522, "delta": 0.008976}}
{"target": -397.3823817182538, "params": {"gamma": 5.528123197902375, "prior": 8.90239778216408, "rate": 3.55017355864457}, "datetime": {"datetime": "2024-06-14 12:57:13", "elapsed": 2.655498, "delta": 0.008976}}
{"target": -204.49533356551132, "params": {"gamma": 2.455941283184888, "prior": 9.119090472603986, "rate": 0.43629910331389593}, "datetime": {"datetime": "2024-06-14 12:57:13", "elapsed": 2.663477, "delta": 0.007979}}
{"target": -722.0630563691939, "params": {"gamma": 9.507583527181962, "prior": 5.60842846514216, "rate": 3.764255803654188}, "datetime": {"datetime": "2024-06-14 12:57:13", "elapsed": 2.672453, "delta": 0.008976}}
{"target": -1206.6432902264826, "params": {"gamma": 9.950528171068772, "prior": 0.6777901968615533, "rate": 5.167546891316355}, "datetime": {"datetime": "2024-06-14 12:57:13", "elapsed": 2.681429, "delta": 0.008976}}
