{"target": -211.84481970752867, "params": {"gamma": 5.695374633041013, "prior": 1.693617224474527, "rate": 4.6693333476103005}, "datetime": {"datetime": "2024-06-14 06:59:04", "elapsed": 0.880727, "delta": 0.008978}}
{"target": -159.92870457547224, "params": {"gamma": 3.452375339500995, "prior": 2.327895582359438, "rate": 5.925526175789202}, "datetime": {"datetime": "2024-06-14 06:59:04", "elapsed": 0.888706, "delta": 0.007979}}
{"target": -166.50694320398415, "params": {"gamma": 3.1233861071814677, "prior": 9.171424979336672, "rate": 9.09644561399062}, "datetime": {"datetime": "2024-06-14 06:59:04", "elapsed": 0.897682, "delta": 0.008976}}
{"target": -143.74755340519823, "params": {"gamma": 2.57192581952818, "prior": 1.1978238773658891, "rate": 1.9304343574591094}, "datetime": {"datetime": "2024-06-14 06:59:04", "elapsed": 0.906658, "delta": 0.008976}}
{"target": -312.8851387071405, "params": {"gamma": 4.996342122618183, "prior": 7.312998112948502, "rate": 2.082736189649506}, "datetime": {"datetime": "2024-06-14 06:59:04", "elapsed": 0.914637, "delta": 0.007979}}
{"target": -173.03815343764063, "params": {"gamma": 2.48108755021393, "prior": 8.531551561870033, "rate": 4.159071333957006}, "datetime": {"datetime": "2024-06-14 06:59:04", "elapsed": 0.923612, "delta": 0.008975}}
{"target": -340.22243614669003, "params": {"gamma": 6.167233986485208, "prior": 2.413294778468576, "rate": 1.0205706269985484}, "datetime": {"datetime": "2024-06-14 06:59:04", "elapsed": 0.932588, "delta": 0.008976}}
{"target": -313.8526302814413, "params": {"gamma": 5.159054312668331, "prior": 4.8236957717928455, "rate": 1.5275637692875392}, "datetime": {"datetime": "2024-06-14 06:59:04", "elapsed": 0.941564, "delta": 0.008976}}
{"target": -244.76736721594398, "params": {"gamma": 6.218440511172415, "prior": 5.485700176257987, "rate": 6.541719332360473}, "datetime": {"datetime": "2024-06-14 06:59:04", "elapsed": 0.949542, "delta": 0.007978}}
{"target": -158.02412992756842, "params": {"gamma": 1.4463108557064734, "prior": 7.540125389638914, "rate": 2.221269348859427}, "datetime": {"datetime": "2024-06-14 06:59:04", "elapsed": 0.958519, "delta": 0.008977}}
{"target": -424.39408070756207, "params": {"gamma": 5.193998891835965, "prior": 7.8744306793940275, "rate": 0.22428194949007}, "datetime": {"datetime": "2024-06-14 06:59:04", "elapsed": 0.967395, "delta": 0.008876}}
{"target": -170.54975131254187, "params": {"gamma": 3.2443002348021386, "prior": 8.7419315263611, "rate": 8.447251366413093}, "datetime": {"datetime": "2024-06-14 06:59:04", "elapsed": 0.97637, "delta": 0.008975}}
{"target": -225.91631816475973, "params": {"gamma": 5.384867485352843, "prior": 8.67942191424848, "rate": 9.498110107544912}, "datetime": {"datetime": "2024-06-14 06:59:04", "elapsed": 0.985346, "delta": 0.008976}}
{"target": -569.7484452148199, "params": {"gamma": 8.264243569295784, "prior": 8.555742893981733, "rate": 0.9883352748016633}, "datetime": {"datetime": "2024-06-14 06:59:04", "elapsed": 0.994322, "delta": 0.008976}}
{"target": -281.32270960324865, "params": {"gamma": 6.51339201907757, "prior": 7.064818182711264, "rate": 6.102797885653651}, "datetime": {"datetime": "2024-06-14 06:59:04", "elapsed": 1.003299, "delta": 0.008977}}
{"target": -359.8352484826913, "params": {"gamma": 7.996353002098545, "prior": 0.4422550767291791, "rate": 7.702617106815245}, "datetime": {"datetime": "2024-06-14 06:59:04", "elapsed": 1.013271, "delta": 0.009972}}
{"target": -298.2062345349908, "params": {"gamma": 7.317554278794531, "prior": 2.671014093653696, "rate": 2.571435918922645}, "datetime": {"datetime": "2024-06-14 06:59:04", "elapsed": 1.024242, "delta": 0.010971}}
{"target": -225.1274402945648, "params": {"gamma": 6.323400870983849, "prior": 3.5184448697517077, "rate": 7.966090191394868}, "datetime": {"datetime": "2024-06-14 06:59:04", "elapsed": 1.033218, "delta": 0.008976}}
{"target": -193.12042951405041, "params": {"gamma": 4.46201617380257, "prior": 7.849219206363302, "rate": 9.904727364454784}, "datetime": {"datetime": "2024-06-14 06:59:04", "elapsed": 1.041196, "delta": 0.007978}}
{"target": -159.7095916799242, "params": {"gamma": 3.0031831469994668, "prior": 1.515757699755184, "rate": 9.01318305505639}, "datetime": {"datetime": "2024-06-14 06:59:04", "elapsed": 1.050172, "delta": 0.008976}}
{"target": -266.49037694703765, "params": {"gamma": 5.416052229494846, "prior": 9.749929671465313, "rate": 6.366407395618971}, "datetime": {"datetime": "2024-06-14 06:59:04", "elapsed": 1.059149, "delta": 0.008977}}
{"target": -390.9655279353122, "params": {"gamma": 9.939136333080178, "prior": 5.506100961015221, "rate": 5.264732913121308}, "datetime": {"datetime": "2024-06-14 06:59:04", "elapsed": 1.068124, "delta": 0.008975}}
{"target": -182.02018127592635, "params": {"gamma": 1.3551436028186268, "prior": 3.6214811927404233, "rate": 0.2631594543964365}, "datetime": {"datetime": "2024-06-14 06:59:04", "elapsed": 1.077101, "delta": 0.008977}}
{"target": -200.41511501540083, "params": {"gamma": 1.6047914000169714, "prior": 7.481808207804211, "rate": 0.3049664995979595}, "datetime": {"datetime": "2024-06-14 06:59:04", "elapsed": 1.086077, "delta": 0.008976}}
{"target": -190.34294942494378, "params": {"gamma": 3.6660644293402, "prior": 8.637227903096637, "rate": 6.927084497356036}, "datetime": {"datetime": "2024-06-14 06:59:05", "elapsed": 1.095052, "delta": 0.008975}}
{"target": -239.0956072991639, "params": {"gamma": 6.90973047851962, "prior": 1.9675043294575778, "rate": 4.419600903203486}, "datetime": {"datetime": "2024-06-14 06:59:05", "elapsed": 1.104029, "delta": 0.008977}}
{"target": -380.80889680260475, "params": {"gamma": 5.816192496035568, "prior": 9.898541905870681, "rate": 2.0398583461059854}, "datetime": {"datetime": "2024-06-14 06:59:05", "elapsed": 1.113004, "delta": 0.008975}}
{"target": -140.0245618562358, "params": {"gamma": 2.478081284721786, "prior": 2.695513529351828, "rate": 7.50197396056663}, "datetime": {"datetime": "2024-06-14 06:59:05", "elapsed": 1.121981, "delta": 0.008977}}
{"target": -209.93313278984053, "params": {"gamma": 4.570296299029493, "prior": 0.6636014402698404, "rate": 5.085653889861787}, "datetime": {"datetime": "2024-06-14 06:59:05", "elapsed": 1.130957, "delta": 0.008976}}
{"target": -170.75941289510422, "params": {"gamma": 2.120389686272116, "prior": 8.006182023126081, "rate": 2.9740164836912153}, "datetime": {"datetime": "2024-06-14 06:59:05", "elapsed": 1.139932, "delta": 0.008975}}
{"target": -135.33714943963176, "params": {"gamma": 0.2770325135330818, "prior": 5.9749812496997485, "rate": 8.438560448882956}, "datetime": {"datetime": "2024-06-14 06:59:05", "elapsed": 1.147912, "delta": 0.00798}}
{"target": -203.58070621842216, "params": {"gamma": 3.81078022449808, "prior": 7.52359727618882, "rate": 5.111903641492986}, "datetime": {"datetime": "2024-06-14 06:59:05", "elapsed": 1.156887, "delta": 0.008975}}
{"target": -245.43119677886992, "params": {"gamma": 5.409977097816925, "prior": 9.598399778511348, "rate": 8.039804954094969}, "datetime": {"datetime": "2024-06-14 06:59:05", "elapsed": 1.165863, "delta": 0.008976}}
{"target": -139.0721987714484, "params": {"gamma": 0.3241983431691163, "prior": 7.1229337871898215, "rate": 4.650549814153498}, "datetime": {"datetime": "2024-06-14 06:59:05", "elapsed": 1.174839, "delta": 0.008976}}
{"target": -346.5552732713237, "params": {"gamma": 9.475541865009603, "prior": 2.2921840698025346, "rate": 2.6714531248239735}, "datetime": {"datetime": "2024-06-14 06:59:05", "elapsed": 1.182818, "delta": 0.007979}}
{"target": -148.9754832136965, "params": {"gamma": 0.8156581748077427, "prior": 4.343326403771487, "rate": 1.091078621426664}, "datetime": {"datetime": "2024-06-14 06:59:05", "elapsed": 1.191794, "delta": 0.008976}}
{"target": -274.9199961596071, "params": {"gamma": 6.3382338193585674, "prior": 8.049336050000004, "rate": 6.968308160705665}, "datetime": {"datetime": "2024-06-14 06:59:05", "elapsed": 1.20077, "delta": 0.008976}}
{"target": -257.3082155243341, "params": {"gamma": 7.66234759937663, "prior": 3.4902957864508464, "rate": 8.45866897879375}, "datetime": {"datetime": "2024-06-14 06:59:05", "elapsed": 1.209746, "delta": 0.008976}}
{"target": -213.711597380373, "params": {"gamma": 4.2882589812194265, "prior": 8.257697717081955, "rate": 6.265335090084314}, "datetime": {"datetime": "2024-06-14 06:59:05", "elapsed": 1.218722, "delta": 0.008976}}
{"target": -165.3870702407082, "params": {"gamma": 1.435087063653779, "prior": 0.8760303085639848, "rate": 0.1843080964871599}, "datetime": {"datetime": "2024-06-14 06:59:05", "elapsed": 1.227698, "delta": 0.008976}}
{"target": -147.62421395034426, "params": {"gamma": 0.6681832513959254, "prior": 4.639979755713475, "rate": 1.1343058857531372}, "datetime": {"datetime": "2024-06-14 06:59:05", "elapsed": 1.236674, "delta": 0.008976}}
{"target": -141.30819366158053, "params": {"gamma": 0.27880570513785086, "prior": 7.573128665765627, "rate": 3.949109954125934}, "datetime": {"datetime": "2024-06-14 06:59:05", "elapsed": 1.244653, "delta": 0.007979}}
{"target": -301.12648276714935, "params": {"gamma": 7.469638017579644, "prior": 4.57880778478987, "rate": 4.501417383260611}, "datetime": {"datetime": "2024-06-14 06:59:05", "elapsed": 1.253631, "delta": 0.008978}}
{"target": -192.31881986628102, "params": {"gamma": 4.7812469946715925, "prior": 4.79263887296572, "rate": 8.031830257799582}, "datetime": {"datetime": "2024-06-14 06:59:05", "elapsed": 1.262604, "delta": 0.008973}}
{"target": -339.30805827235656, "params": {"gamma": 4.024522806057501, "prior": 9.056392987401868, "rate": 0.3715734184924046}, "datetime": {"datetime": "2024-06-14 06:59:05", "elapsed": 1.271581, "delta": 0.008977}}
{"target": -282.20766201292184, "params": {"gamma": 7.738969552861467, "prior": 1.3438496732636145, "rate": 6.185517155553943}, "datetime": {"datetime": "2024-06-14 06:59:05", "elapsed": 1.279559, "delta": 0.007978}}
{"target": -149.63981098235533, "params": {"gamma": 0.10463224909098416, "prior": 5.4324100975058345, "rate": 0.031176548239344033}, "datetime": {"datetime": "2024-06-14 06:59:05", "elapsed": 1.288536, "delta": 0.008977}}
{"target": -388.78865845542265, "params": {"gamma": 9.511986661116556, "prior": 9.063480133657503, "rate": 7.959873452480752}, "datetime": {"datetime": "2024-06-14 06:59:05", "elapsed": 1.297511, "delta": 0.008975}}
{"target": -353.3012591690588, "params": {"gamma": 9.15282792482796, "prior": 1.541026488468131, "rate": 1.5781429686354622}, "datetime": {"datetime": "2024-06-14 06:59:05", "elapsed": 1.306487, "delta": 0.008976}}
{"target": -132.48682689786926, "params": {"gamma": 1.8771290973514374, "prior": 6.262709432769219, "rate": 9.05818915058701}, "datetime": {"datetime": "2024-06-14 06:59:05", "elapsed": 1.315463, "delta": 0.008976}}
{"target": -378.7584582467202, "params": {"gamma": 9.899561828412377, "prior": 7.1401123417815775, "rate": 7.318272291013812}, "datetime": {"datetime": "2024-06-14 06:59:05", "elapsed": 1.32444, "delta": 0.008977}}
{"target": -430.3048903269088, "params": {"gamma": 9.093022752238, "prior": 4.0686499504740965, "rate": 2.4992569515701426}, "datetime": {"datetime": "2024-06-14 06:59:05", "elapsed": 1.333415, "delta": 0.008975}}
{"target": -129.90949880773903, "params": {"gamma": 1.7351282777004415, "prior": 1.2826247983039172, "rate": 8.126293269740254}, "datetime": {"datetime": "2024-06-14 06:59:05", "elapsed": 1.341394, "delta": 0.007979}}
{"target": -123.13362885197184, "params": {"gamma": 1.4687769417990144, "prior": 2.716545078996317, "rate": 8.191072697156674}, "datetime": {"datetime": "2024-06-14 06:59:05", "elapsed": 1.35037, "delta": 0.008976}}
{"target": -221.33038023714326, "params": {"gamma": 3.106561930690306, "prior": 9.825932748000135, "rate": 2.6671203828142005}, "datetime": {"datetime": "2024-06-14 06:59:05", "elapsed": 1.359346, "delta": 0.008976}}
{"target": -203.8142406833136, "params": {"gamma": 5.336999796367143, "prior": 3.2132234107399116, "rate": 9.1078175389072}, "datetime": {"datetime": "2024-06-14 06:59:05", "elapsed": 1.367324, "delta": 0.007978}}
{"target": -175.2836180505411, "params": {"gamma": 3.666199881868493, "prior": 4.392564040004329, "rate": 5.123414630091336}, "datetime": {"datetime": "2024-06-14 06:59:05", "elapsed": 1.376301, "delta": 0.008977}}
{"target": -414.7935176590917, "params": {"gamma": 9.388925887219763, "prior": 0.4063951620843921, "rate": 7.1690697576532605}, "datetime": {"datetime": "2024-06-14 06:59:05", "elapsed": 1.385277, "delta": 0.008976}}
{"target": -384.97108303056564, "params": {"gamma": 8.910298523969097, "prior": 0.37014351282294133, "rate": 5.220990421277856}, "datetime": {"datetime": "2024-06-14 06:59:05", "elapsed": 1.393255, "delta": 0.007978}}
{"target": -187.15197026019354, "params": {"gamma": 3.2605721278884827, "prior": 8.6089442765693, "rate": 5.585606992674257}, "datetime": {"datetime": "2024-06-14 06:59:05", "elapsed": 1.402231, "delta": 0.008976}}
{"target": -254.82768247805174, "params": {"gamma": 6.902588453759316, "prior": 4.58324964952022, "rate": 6.2834620661760505}, "datetime": {"datetime": "2024-06-14 06:59:05", "elapsed": 1.411207, "delta": 0.008976}}
{"target": -178.2462405413522, "params": {"gamma": 2.901678420022571, "prior": 0.19255092186850625, "rate": 5.767982593935921}, "datetime": {"datetime": "2024-06-14 06:59:05", "elapsed": 1.420184, "delta": 0.008977}}
{"target": -153.93674599906205, "params": {"gamma": 3.1151306971104957, "prior": 5.220949225161185, "rate": 9.164142124685924}, "datetime": {"datetime": "2024-06-14 06:59:05", "elapsed": 1.429159, "delta": 0.008975}}
{"target": -183.41988393826466, "params": {"gamma": 4.265321410225459, "prior": 2.549220762363616, "rate": 3.7135663190292654}, "datetime": {"datetime": "2024-06-14 06:59:05", "elapsed": 1.438136, "delta": 0.008977}}
{"target": -377.72956380545617, "params": {"gamma": 9.31867930524877, "prior": 9.374996974960027, "rate": 8.443455155708566}, "datetime": {"datetime": "2024-06-14 06:59:05", "elapsed": 1.446114, "delta": 0.007978}}
{"target": -511.48848419063967, "params": {"gamma": 9.202144936542298, "prior": 2.356212870518038, "rate": 0.8757346133263552}, "datetime": {"datetime": "2024-06-14 06:59:05", "elapsed": 1.45509, "delta": 0.008976}}
{"target": -163.01716008931837, "params": {"gamma": 2.273870053110603, "prior": 3.2123284995290997, "rate": 1.7484839976867594}, "datetime": {"datetime": "2024-06-14 06:59:05", "elapsed": 1.464066, "delta": 0.008976}}
{"target": -220.34928526687307, "params": {"gamma": 6.071334525562633, "prior": 4.194505508511497, "rate": 8.163698766760314}, "datetime": {"datetime": "2024-06-14 06:59:05", "elapsed": 1.473042, "delta": 0.008976}}
{"target": -165.15208319550376, "params": {"gamma": 1.8521188522920375, "prior": 7.048577644587473, "rate": 2.4043158928665394}, "datetime": {"datetime": "2024-06-14 06:59:05", "elapsed": 1.482018, "delta": 0.008976}}
{"target": -392.35001822890996, "params": {"gamma": 5.742616669319757, "prior": 3.55497721248581, "rate": 0.5705870304288444}, "datetime": {"datetime": "2024-06-14 06:59:05", "elapsed": 1.490994, "delta": 0.008976}}
{"target": -153.81604340013465, "params": {"gamma": 2.288907895932798, "prior": 6.674615298012455, "rate": 4.973003683511953}, "datetime": {"datetime": "2024-06-14 06:59:05", "elapsed": 1.498973, "delta": 0.007979}}
{"target": -202.00518495303587, "params": {"gamma": 5.190640824752714, "prior": 1.8297294860783329, "rate": 5.7075877996110185}, "datetime": {"datetime": "2024-06-14 06:59:05", "elapsed": 1.507498, "delta": 0.008525}}
{"target": -439.5461943710341, "params": {"gamma": 9.967537498656892, "prior": 8.186667577037056, "rate": 5.944131865685947}, "datetime": {"datetime": "2024-06-14 06:59:05", "elapsed": 1.516474, "delta": 0.008976}}
{"target": -447.601132204622, "params": {"gamma": 9.759914694240718, "prior": 9.025469588226281, "rate": 5.956483728092853}, "datetime": {"datetime": "2024-06-14 06:59:05", "elapsed": 1.52545, "delta": 0.008976}}
{"target": -139.22025988018868, "params": {"gamma": 0.32523082681925664, "prior": 1.0264132485930595, "rate": 0.6546517787072217}, "datetime": {"datetime": "2024-06-14 06:59:05", "elapsed": 1.534426, "delta": 0.008976}}
{"target": -183.65046642334818, "params": {"gamma": 4.517879753766062, "prior": 3.816804848361792, "rate": 9.753524992668595}, "datetime": {"datetime": "2024-06-14 06:59:05", "elapsed": 1.543402, "delta": 0.008976}}
{"target": -139.59429521008008, "params": {"gamma": 1.6806649487029495, "prior": 9.730597160133286, "rate": 7.674981213761269}, "datetime": {"datetime": "2024-06-14 06:59:05", "elapsed": 1.551916, "delta": 0.008514}}
{"target": -319.4325071002562, "params": {"gamma": 8.242554158405353, "prior": 6.362896586102173, "rate": 6.6876589692971145}, "datetime": {"datetime": "2024-06-14 06:59:05", "elapsed": 1.560892, "delta": 0.008976}}
{"target": -235.01347940738015, "params": {"gamma": 4.769346452878413, "prior": 0.23004993353841524, "rate": 3.530707849332706}, "datetime": {"datetime": "2024-06-14 06:59:05", "elapsed": 1.569868, "delta": 0.008976}}
{"target": -248.65820903228672, "params": {"gamma": 4.9212259431340915, "prior": 7.327902989792033, "rate": 4.686814799118347}, "datetime": {"datetime": "2024-06-14 06:59:05", "elapsed": 1.578844, "delta": 0.008976}}
{"target": -355.752084161219, "params": {"gamma": 4.574591755978228, "prior": 1.4628611353614713, "rate": 0.10987644930098642}, "datetime": {"datetime": "2024-06-14 06:59:05", "elapsed": 1.587821, "delta": 0.008977}}
{"target": -259.5326765783457, "params": {"gamma": 7.583024326509486, "prior": 3.267533096969016, "rate": 9.843850118484914}, "datetime": {"datetime": "2024-06-14 06:59:05", "elapsed": 1.597793, "delta": 0.009972}}
{"target": -137.45397822920407, "params": {"gamma": 2.2031220273654006, "prior": 3.453209452268629, "rate": 5.239437460525651}, "datetime": {"datetime": "2024-06-14 06:59:05", "elapsed": 1.605772, "delta": 0.007979}}
{"target": -459.67061080331985, "params": {"gamma": 7.549159679148268, "prior": 4.692192060612927, "rate": 1.2491006085736511}, "datetime": {"datetime": "2024-06-14 06:59:05", "elapsed": 1.614748, "delta": 0.008976}}
{"target": -158.7783003999779, "params": {"gamma": 3.125701283542003, "prior": 5.094739780039847, "rate": 6.73881623116066}, "datetime": {"datetime": "2024-06-14 06:59:05", "elapsed": 1.623724, "delta": 0.008976}}
{"target": -509.693966631096, "params": {"gamma": 7.70172941316461, "prior": 1.3903242314481075, "rate": 0.23012839809249527}, "datetime": {"datetime": "2024-06-14 06:59:05", "elapsed": 1.6327, "delta": 0.008976}}
{"target": -436.53735191732017, "params": {"gamma": 5.191304139797683, "prior": 8.118888235557922, "rate": 0.12702506653173326}, "datetime": {"datetime": "2024-06-14 06:59:05", "elapsed": 1.641676, "delta": 0.008976}}
{"target": -320.10020420300805, "params": {"gamma": 6.725025976692686, "prior": 6.899401443904219, "rate": 4.49301828911279}, "datetime": {"datetime": "2024-06-14 06:59:05", "elapsed": 1.650652, "delta": 0.008976}}
{"target": -721.8139802998517, "params": {"gamma": 9.1479720787326, "prior": 6.47917473909423, "rate": 0.05339313667700704}, "datetime": {"datetime": "2024-06-14 06:59:05", "elapsed": 1.658631, "delta": 0.007979}}
{"target": -217.21261977615268, "params": {"gamma": 4.844800026698242, "prior": 8.60724628036624, "rate": 8.304165300803357}, "datetime": {"datetime": "2024-06-14 06:59:05", "elapsed": 1.667607, "delta": 0.008976}}
{"target": -281.64784618310574, "params": {"gamma": 6.491892816927667, "prior": 6.769614396596453, "rate": 5.7854172983122165}, "datetime": {"datetime": "2024-06-14 06:59:05", "elapsed": 1.676583, "delta": 0.008976}}
{"target": -152.4251434224172, "params": {"gamma": 2.741923631893355, "prior": 5.649246906306982, "rate": 6.717626118389386}, "datetime": {"datetime": "2024-06-14 06:59:05", "elapsed": 1.685559, "delta": 0.008976}}
{"target": -249.39121511492525, "params": {"gamma": 3.5249438725338718, "prior": 8.572700835813885, "rate": 1.9511798226010642}, "datetime": {"datetime": "2024-06-14 06:59:05", "elapsed": 1.694535, "delta": 0.008976}}
{"target": -253.53180618909315, "params": {"gamma": 7.473460782508901, "prior": 2.9670671872500867, "rate": 7.738219073154577}, "datetime": {"datetime": "2024-06-14 06:59:05", "elapsed": 1.70302, "delta": 0.008485}}
{"target": -248.70150130575627, "params": {"gamma": 4.277945556031427, "prior": 8.096214250210874, "rate": 3.535995091817236}, "datetime": {"datetime": "2024-06-14 06:59:05", "elapsed": 1.711942, "delta": 0.008922}}
{"target": -168.81935597796695, "params": {"gamma": 2.137718683058182, "prior": 7.696116633375489, "rate": 3.0871108343588807}, "datetime": {"datetime": "2024-06-14 06:59:05", "elapsed": 1.72092, "delta": 0.008978}}
{"target": -436.8616917143902, "params": {"gamma": 7.332717432196549, "prior": 7.4702842154695475, "rate": 2.2147456123811025}, "datetime": {"datetime": "2024-06-14 06:59:05", "elapsed": 1.729896, "delta": 0.008976}}
{"target": -152.44570577887166, "params": {"gamma": 2.141907256069664, "prior": 2.0695844419279603, "rate": 1.4260408593206808}, "datetime": {"datetime": "2024-06-14 06:59:05", "elapsed": 1.738873, "delta": 0.008977}}
{"target": -168.44698982817238, "params": {"gamma": 3.7714489094741337, "prior": 0.3636160584470526, "rate": 1.110092769973372}, "datetime": {"datetime": "2024-06-14 06:59:05", "elapsed": 1.74688, "delta": 0.008007}}
{"target": -480.43012269566543, "params": {"gamma": 6.745965673610343, "prior": 8.017787715284124, "rate": 0.8062147417567307}, "datetime": {"datetime": "2024-06-14 06:59:05", "elapsed": 1.756056, "delta": 0.009176}}
{"target": -139.39128503733107, "params": {"gamma": 2.3177914025474347, "prior": 2.1554940518577625, "rate": 9.173418297253225}, "datetime": {"datetime": "2024-06-14 06:59:05", "elapsed": 1.765035, "delta": 0.008979}}
