{"target": -139.74690230932035, "params": {"gamma": 2.2302911723421603, "prior": 9.971405383102082, "rate": 8.17356631642956}, "datetime": {"datetime": "2024-06-14 04:54:15", "elapsed": 11.208277, "delta": 0.008976}}
{"target": -119.2784179026198, "params": {"gamma": 0.42223947812043505, "prior": 3.7954509908618, "rate": 8.122057570514098}, "datetime": {"datetime": "2024-06-14 04:54:15", "elapsed": 11.21825, "delta": 0.009973}}
{"target": -167.75994688285382, "params": {"gamma": 5.284318582532073, "prior": 2.546595173441272, "rate": 7.9290864165444885}, "datetime": {"datetime": "2024-06-14 04:54:15", "elapsed": 11.228223, "delta": 0.009973}}
{"target": -137.95068776936094, "params": {"gamma": 2.6182486884007314, "prior": 0.10394396254204273, "rate": 2.3139578706383697}, "datetime": {"datetime": "2024-06-14 04:54:15", "elapsed": 11.237009, "delta": 0.008786}}
{"target": -620.8804539162367, "params": {"gamma": 9.933709519335848, "prior": 6.596388259986851, "rate": 2.20746055274965}, "datetime": {"datetime": "2024-06-14 04:54:15", "elapsed": 11.246982, "delta": 0.009973}}
{"target": -263.2130922916533, "params": {"gamma": 6.861710880085471, "prior": 6.900675292396006, "rate": 6.407786956598644}, "datetime": {"datetime": "2024-06-14 04:54:15", "elapsed": 11.256956, "delta": 0.009974}}
{"target": -106.31822744484299, "params": {"gamma": 0.7064146187020427, "prior": 2.5053447581940413, "rate": 8.708501091076558}, "datetime": {"datetime": "2024-06-14 04:54:15", "elapsed": 11.266929, "delta": 0.009973}}
{"target": -208.36764565014505, "params": {"gamma": 7.347673452195916, "prior": 1.761378459242426, "rate": 2.986596023304183}, "datetime": {"datetime": "2024-06-14 04:54:15", "elapsed": 11.275905, "delta": 0.008976}}
{"target": -393.76114839632277, "params": {"gamma": 5.627657565327734, "prior": 8.281813083626007, "rate": 2.0059625473387035}, "datetime": {"datetime": "2024-06-14 04:54:15", "elapsed": 11.286876, "delta": 0.010971}}
{"target": -105.13409457722365, "params": {"gamma": 1.0175512712412351, "prior": 3.8805020069474243, "rate": 9.123622339058336}, "datetime": {"datetime": "2024-06-14 04:54:15", "elapsed": 11.295852, "delta": 0.008976}}
{"target": -178.0366315906707, "params": {"gamma": 2.605874679054985, "prior": 1.1722130918594946, "rate": 0.56037370979255}, "datetime": {"datetime": "2024-06-14 04:54:15", "elapsed": 11.305825, "delta": 0.009973}}
{"target": -157.47889700728823, "params": {"gamma": 3.517353888144698, "prior": 0.47250675815837395, "rate": 5.830756178383219}, "datetime": {"datetime": "2024-06-14 04:54:15", "elapsed": 11.315799, "delta": 0.009974}}
{"target": -198.40103296355502, "params": {"gamma": 6.725895546392632, "prior": 4.658787540848907, "rate": 7.411427420391562}, "datetime": {"datetime": "2024-06-14 04:54:15", "elapsed": 11.324774, "delta": 0.008975}}
{"target": -326.79787215440234, "params": {"gamma": 5.010748619176405, "prior": 7.053290946278004, "rate": 2.307178418323752}, "datetime": {"datetime": "2024-06-14 04:54:15", "elapsed": 11.334748, "delta": 0.009974}}
{"target": -222.97790310087228, "params": {"gamma": 7.446379482205204, "prior": 5.066208299853456, "rate": 7.053982930260369}, "datetime": {"datetime": "2024-06-14 04:54:15", "elapsed": 11.343724, "delta": 0.008976}}
{"target": -382.54110379344746, "params": {"gamma": 4.467531205373577, "prior": 5.108812034796275, "rate": 0.41631029460275537}, "datetime": {"datetime": "2024-06-14 04:54:15", "elapsed": 11.353697, "delta": 0.009973}}
{"target": -201.88373570188816, "params": {"gamma": 4.893603596752043, "prior": 1.508646271753512, "rate": 1.425815973998472}, "datetime": {"datetime": "2024-06-14 04:54:15", "elapsed": 11.363671, "delta": 0.009974}}
{"target": -231.968872922062, "params": {"gamma": 4.334070675192891, "prior": 5.804526419276483, "rate": 3.431143903220329}, "datetime": {"datetime": "2024-06-14 04:54:15", "elapsed": 11.373644, "delta": 0.009973}}
{"target": -115.15151470857626, "params": {"gamma": 1.6057554110518168, "prior": 7.439963128101519, "rate": 9.630952636256579}, "datetime": {"datetime": "2024-06-14 04:54:15", "elapsed": 11.38262, "delta": 0.008976}}
{"target": -277.93174375854437, "params": {"gamma": 7.3366892172191065, "prior": 0.8629358918245221, "rate": 8.409240673094226}, "datetime": {"datetime": "2024-06-14 04:54:15", "elapsed": 11.392593, "delta": 0.009973}}
{"target": -110.96123860750346, "params": {"gamma": 0.6760729900832833, "prior": 4.419489281132564, "rate": 9.288699130413471}, "datetime": {"datetime": "2024-06-14 04:54:15", "elapsed": 11.402566, "delta": 0.009973}}
{"target": -122.04963049580485, "params": {"gamma": 2.6325378562618087, "prior": 1.3667364017386738, "rate": 7.622625481835956}, "datetime": {"datetime": "2024-06-14 04:54:15", "elapsed": 11.41254, "delta": 0.009974}}
{"target": -412.7909598912485, "params": {"gamma": 9.286152605869912, "prior": 3.325107364972745, "rate": 2.3253485203555204}, "datetime": {"datetime": "2024-06-14 04:54:15", "elapsed": 11.421551, "delta": 0.009011}}
{"target": -143.16676154718485, "params": {"gamma": 1.8256722786407191, "prior": 9.636031674374332, "rate": 5.766769711868097}, "datetime": {"datetime": "2024-06-14 04:54:15", "elapsed": 11.431524, "delta": 0.009973}}
{"target": -627.1457221661977, "params": {"gamma": 8.601017631330931, "prior": 3.1526153619134747, "rate": 0.5653078671540508}, "datetime": {"datetime": "2024-06-14 04:54:16", "elapsed": 11.441498, "delta": 0.009974}}
{"target": -148.59314736615886, "params": {"gamma": 4.538588046967902, "prior": 2.150389949482985, "rate": 5.190317659626124}, "datetime": {"datetime": "2024-06-14 04:54:16", "elapsed": 11.450473, "delta": 0.008975}}
{"target": -207.1788235497311, "params": {"gamma": 5.3803383685417385, "prior": 3.0134533507087977, "rate": 3.0752313679559293}, "datetime": {"datetime": "2024-06-14 04:54:16", "elapsed": 11.460447, "delta": 0.009974}}
{"target": -137.10074465508788, "params": {"gamma": 0.24271254847611315, "prior": 4.261979937910767, "rate": 3.2375704471739803}, "datetime": {"datetime": "2024-06-14 04:54:16", "elapsed": 11.469422, "delta": 0.008975}}
{"target": -318.0804687071403, "params": {"gamma": 6.1952817624864025, "prior": 8.611654360250752, "rate": 4.926911767488365}, "datetime": {"datetime": "2024-06-14 04:54:16", "elapsed": 11.479208, "delta": 0.009786}}
{"target": -121.93159909954996, "params": {"gamma": 0.8280002720208621, "prior": 9.341456537509496, "rate": 8.083461341580708}, "datetime": {"datetime": "2024-06-14 04:54:16", "elapsed": 11.489182, "delta": 0.009974}}
{"target": -132.56949599658392, "params": {"gamma": 3.6558227125345977, "prior": 3.3742162191489324, "rate": 9.379402853367585}, "datetime": {"datetime": "2024-06-14 04:54:16", "elapsed": 11.499155, "delta": 0.009973}}
{"target": -142.08066266021848, "params": {"gamma": 3.7495685112706005, "prior": 6.3944419643693875, "rate": 9.853458036647636}, "datetime": {"datetime": "2024-06-14 04:54:16", "elapsed": 11.508131, "delta": 0.008976}}
{"target": -132.99458399201094, "params": {"gamma": 0.36836090554034395, "prior": 3.214846683672905, "rate": 2.313125983692789}, "datetime": {"datetime": "2024-06-14 04:54:16", "elapsed": 11.518108, "delta": 0.009977}}
{"target": -729.2148743835444, "params": {"gamma": 9.223731826093484, "prior": 5.556253632459004, "rate": 0.5380816705607578}, "datetime": {"datetime": "2024-06-14 04:54:16", "elapsed": 11.528081, "delta": 0.009973}}
{"target": -277.99656550540834, "params": {"gamma": 7.552727246484496, "prior": 6.872429831212706, "rate": 6.622078860248277}, "datetime": {"datetime": "2024-06-14 04:54:16", "elapsed": 11.538054, "delta": 0.009973}}
{"target": -368.7354192874496, "params": {"gamma": 9.557332020493899, "prior": 8.758555827281402, "rate": 7.532761600172254}, "datetime": {"datetime": "2024-06-14 04:54:16", "elapsed": 11.54703, "delta": 0.008976}}
{"target": -118.44592846893414, "params": {"gamma": 2.2274368777620133, "prior": 1.4663481242278644, "rate": 2.2096624750777165}, "datetime": {"datetime": "2024-06-14 04:54:16", "elapsed": 11.557004, "delta": 0.009974}}
{"target": -123.57800983959993, "params": {"gamma": 2.0558931010754273, "prior": 5.722849003564123, "rate": 6.63077518785403}, "datetime": {"datetime": "2024-06-14 04:54:16", "elapsed": 11.566977, "delta": 0.009973}}
{"target": -187.92569333553095, "params": {"gamma": 5.274647786496121, "prior": 0.6578589781712976, "rate": 3.6322627869363457}, "datetime": {"datetime": "2024-06-14 04:54:16", "elapsed": 11.575953, "delta": 0.008976}}
{"target": -502.4639717556785, "params": {"gamma": 9.677306363671502, "prior": 6.98556459651058, "rate": 3.698028055635611}, "datetime": {"datetime": "2024-06-14 04:54:16", "elapsed": 11.585926, "delta": 0.009973}}
{"target": -446.0848913130539, "params": {"gamma": 6.716589859874733, "prior": 2.7245859703372814, "rate": 0.7756981624656162}, "datetime": {"datetime": "2024-06-14 04:54:16", "elapsed": 11.5959, "delta": 0.009974}}
{"target": -168.70915017187212, "params": {"gamma": 5.281143325416827, "prior": 2.9687143459337384, "rate": 4.817037304645983}, "datetime": {"datetime": "2024-06-14 04:54:16", "elapsed": 11.604876, "delta": 0.008976}}
{"target": -293.7198091237279, "params": {"gamma": 9.020043950898684, "prior": 6.552229630812366, "rate": 7.233468037123845}, "datetime": {"datetime": "2024-06-14 04:54:16", "elapsed": 11.615355, "delta": 0.010479}}
{"target": -122.19975415194499, "params": {"gamma": 1.0267626657461268, "prior": 4.8486150493478055, "rate": 4.044014562004185}, "datetime": {"datetime": "2024-06-14 04:54:16", "elapsed": 11.62436, "delta": 0.009005}}
{"target": -208.1186103193882, "params": {"gamma": 6.468925570274098, "prior": 2.9485778320940845, "rate": 3.8312640574634482}, "datetime": {"datetime": "2024-06-14 04:54:16", "elapsed": 11.634304, "delta": 0.009944}}
{"target": -262.0867619638577, "params": {"gamma": 9.81018690271792, "prior": 1.23662462107414, "rate": 1.9998787227506973}, "datetime": {"datetime": "2024-06-14 04:54:16", "elapsed": 11.644278, "delta": 0.009974}}
{"target": -133.94976142604747, "params": {"gamma": 2.3912225972933583, "prior": 6.996876584358281, "rate": 7.1371672251136955}, "datetime": {"datetime": "2024-06-14 04:54:16", "elapsed": 11.654251, "delta": 0.009973}}
{"target": -217.3930185383904, "params": {"gamma": 7.847764610820117, "prior": 3.8723393107957245, "rate": 8.524180473287885}, "datetime": {"datetime": "2024-06-14 04:54:16", "elapsed": 11.664224, "delta": 0.009973}}
{"target": -234.2644813803699, "params": {"gamma": 6.973768049350303, "prior": 7.161272986009691, "rate": 8.220064454506392}, "datetime": {"datetime": "2024-06-14 04:54:16", "elapsed": 11.6732, "delta": 0.008976}}
{"target": -523.6197039035511, "params": {"gamma": 6.289615458969785, "prior": 4.280053466198156, "rate": 0.3089573128355685}, "datetime": {"datetime": "2024-06-14 04:54:16", "elapsed": 11.683173, "delta": 0.009973}}
{"target": -218.44068897500807, "params": {"gamma": 5.9549611772267355, "prior": 5.681259338068073, "rate": 6.008479407469643}, "datetime": {"datetime": "2024-06-14 04:54:16", "elapsed": 11.693148, "delta": 0.009975}}
{"target": -232.53325492001906, "params": {"gamma": 3.2292118332970405, "prior": 5.593331570762452, "rate": 1.7173913865365833}, "datetime": {"datetime": "2024-06-14 04:54:16", "elapsed": 11.702123, "delta": 0.008975}}
{"target": -253.22224112083362, "params": {"gamma": 6.49894440266871, "prior": 0.8095673895400698, "rate": 8.750896260863644}, "datetime": {"datetime": "2024-06-14 04:54:16", "elapsed": 11.712096, "delta": 0.009973}}
{"target": -109.54955313388028, "params": {"gamma": 2.1621633635158477, "prior": 3.0090612487247013, "rate": 8.847484449475706}, "datetime": {"datetime": "2024-06-14 04:54:16", "elapsed": 11.721578, "delta": 0.009482}}
{"target": -525.0885147516171, "params": {"gamma": 8.836037308166828, "prior": 8.37904543989899, "rate": 3.2700292334455643}, "datetime": {"datetime": "2024-06-14 04:54:16", "elapsed": 11.731551, "delta": 0.009973}}
{"target": -352.93442869032236, "params": {"gamma": 9.023544047406462, "prior": 7.740842728171373, "rate": 6.581171726876564}, "datetime": {"datetime": "2024-06-14 04:54:16", "elapsed": 11.741524, "delta": 0.009973}}
{"target": -463.32966849200267, "params": {"gamma": 8.99813093515086, "prior": 7.853001575402082, "rate": 4.2480703423217}, "datetime": {"datetime": "2024-06-14 04:54:16", "elapsed": 11.7505, "delta": 0.008976}}
{"target": -270.9495897665568, "params": {"gamma": 3.2432279860467617, "prior": 3.999393563924491, "rate": 0.6150601284275855}, "datetime": {"datetime": "2024-06-14 04:54:16", "elapsed": 11.760474, "delta": 0.009974}}
{"target": -131.98101884506372, "params": {"gamma": 3.634945499368943, "prior": 3.595132489864901, "rate": 8.656379251086715}, "datetime": {"datetime": "2024-06-14 04:54:16", "elapsed": 11.770447, "delta": 0.009973}}
{"target": -553.6811554069411, "params": {"gamma": 8.887111795253091, "prior": 9.63421565993784, "rate": 3.282664276898728}, "datetime": {"datetime": "2024-06-14 04:54:16", "elapsed": 11.780421, "delta": 0.009974}}
{"target": -419.6384887950273, "params": {"gamma": 6.933508237753853, "prior": 6.367356052167569, "rate": 2.425195012153892}, "datetime": {"datetime": "2024-06-14 04:54:16", "elapsed": 11.790394, "delta": 0.009973}}
{"target": -255.59353877439662, "params": {"gamma": 8.700006275800442, "prior": 2.219608966119336, "rate": 7.477392312505152}, "datetime": {"datetime": "2024-06-14 04:54:16", "elapsed": 11.79937, "delta": 0.008976}}
{"target": -104.1845369802011, "params": {"gamma": 1.4474946912067754, "prior": 1.1575145967721554, "rate": 7.20350177902532}, "datetime": {"datetime": "2024-06-14 04:54:16", "elapsed": 11.809343, "delta": 0.009973}}
{"target": -166.0269775282221, "params": {"gamma": 5.263654842331062, "prior": 4.484866730228926, "rate": 7.7820274969779515}, "datetime": {"datetime": "2024-06-14 04:54:16", "elapsed": 11.819316, "delta": 0.009973}}
{"target": -154.50905629660386, "params": {"gamma": 3.588074784629776, "prior": 8.548161025287675, "rate": 9.62176279907113}, "datetime": {"datetime": "2024-06-14 04:54:16", "elapsed": 11.828293, "delta": 0.008977}}
{"target": -269.4387184633244, "params": {"gamma": 9.791275810251324, "prior": 2.8485172225745474, "rate": 4.1506553568115665}, "datetime": {"datetime": "2024-06-14 04:54:16", "elapsed": 11.838266, "delta": 0.009973}}
{"target": -304.2318145239144, "params": {"gamma": 7.250373833289235, "prior": 8.95917274672825, "rate": 7.113399789936541}, "datetime": {"datetime": "2024-06-14 04:54:16", "elapsed": 11.848281, "delta": 0.010015}}
{"target": -442.544246640256, "params": {"gamma": 7.5815646955077245, "prior": 8.84569615448094, "rate": 3.670115433263018}, "datetime": {"datetime": "2024-06-14 04:54:16", "elapsed": 11.857763, "delta": 0.009482}}
{"target": -191.83770033995629, "params": {"gamma": 5.425906871529926, "prior": 5.394222758269183, "rate": 6.4761782194627475}, "datetime": {"datetime": "2024-06-14 04:54:16", "elapsed": 11.867737, "delta": 0.009974}}
{"target": -244.2631313668267, "params": {"gamma": 8.951943613361554, "prior": 6.0481920136487215, "rate": 9.699415438622323}, "datetime": {"datetime": "2024-06-14 04:54:16", "elapsed": 11.876713, "delta": 0.008976}}
{"target": -221.1059871412871, "params": {"gamma": 7.3216234120977175, "prior": 4.211385766390366, "rate": 5.81180346318073}, "datetime": {"datetime": "2024-06-14 04:54:16", "elapsed": 11.886686, "delta": 0.009973}}
{"target": -292.6865628011866, "params": {"gamma": 9.223285503388022, "prior": 6.223153800877035, "rate": 7.099576105580202}, "datetime": {"datetime": "2024-06-14 04:54:16", "elapsed": 11.896229, "delta": 0.009543}}
{"target": -331.21132957353933, "params": {"gamma": 6.613259028912707, "prior": 3.42784974510567, "rate": 2.0341452163718596}, "datetime": {"datetime": "2024-06-14 04:54:16", "elapsed": 11.9062, "delta": 0.009971}}
{"target": -153.83269057231308, "params": {"gamma": 4.078721813041604, "prior": 1.592621080704164, "rate": 8.263509143662432}, "datetime": {"datetime": "2024-06-14 04:54:16", "elapsed": 11.916173, "delta": 0.009973}}
{"target": -413.5473294506055, "params": {"gamma": 7.104895674394641, "prior": 4.070456275164108, "rate": 1.7146555781871196}, "datetime": {"datetime": "2024-06-14 04:54:16", "elapsed": 11.925184, "delta": 0.009011}}
{"target": -242.16464431375175, "params": {"gamma": 8.75811759952061, "prior": 6.42673266977647, "rate": 9.966031596995483}, "datetime": {"datetime": "2024-06-14 04:54:16", "elapsed": 11.935122, "delta": 0.009938}}
{"target": -144.27419263777824, "params": {"gamma": 1.0118777980878546, "prior": 2.5239987554093983, "rate": 0.8374656866964549}, "datetime": {"datetime": "2024-06-14 04:54:16", "elapsed": 11.945096, "delta": 0.009974}}
{"target": -248.36862950726587, "params": {"gamma": 7.447673015821188, "prior": 1.6797955636247195, "rate": 8.816713679816221}, "datetime": {"datetime": "2024-06-14 04:54:16", "elapsed": 11.955069, "delta": 0.009973}}
{"target": -415.8744024689743, "params": {"gamma": 4.915303785862436, "prior": 5.309075700418279, "rate": 0.42616036762125126}, "datetime": {"datetime": "2024-06-14 04:54:16", "elapsed": 11.964046, "delta": 0.008977}}
{"target": -244.30173974992354, "params": {"gamma": 6.140922303680539, "prior": 2.353386412041166, "rate": 2.135827389380809}, "datetime": {"datetime": "2024-06-14 04:54:16", "elapsed": 11.974048, "delta": 0.010002}}
{"target": -811.7345119509466, "params": {"gamma": 8.953290370672992, "prior": 8.891332155070218, "rate": 0.05364657807886874}, "datetime": {"datetime": "2024-06-14 04:54:16", "elapsed": 11.983993, "delta": 0.009945}}
{"target": -419.90525994790704, "params": {"gamma": 8.323207291901435, "prior": 9.032758516193605, "rate": 5.119964633266645}, "datetime": {"datetime": "2024-06-14 04:54:16", "elapsed": 11.992968, "delta": 0.008975}}
{"target": -260.6034910632009, "params": {"gamma": 6.56208200669582, "prior": 7.701078270941128, "rate": 6.854714307550932}, "datetime": {"datetime": "2024-06-14 04:54:16", "elapsed": 12.002941, "delta": 0.009973}}
{"target": -188.56807015348687, "params": {"gamma": 4.59170508000715, "prior": 5.777177096628812, "rate": 5.74102025787266}, "datetime": {"datetime": "2024-06-14 04:54:16", "elapsed": 12.012915, "delta": 0.009974}}
{"target": -242.82803225247753, "params": {"gamma": 8.421463069722522, "prior": 2.4803729054295243, "rate": 7.572507436190774}, "datetime": {"datetime": "2024-06-14 04:54:16", "elapsed": 12.022888, "delta": 0.009973}}
{"target": -285.96394869453565, "params": {"gamma": 8.12355876007362, "prior": 7.99062037533525, "rate": 8.07727048210085}, "datetime": {"datetime": "2024-06-14 04:54:16", "elapsed": 12.031893, "delta": 0.009005}}
{"target": -236.92851636214667, "params": {"gamma": 8.292970943843157, "prior": 4.23340593789217, "rate": 6.179249469269826}, "datetime": {"datetime": "2024-06-14 04:54:16", "elapsed": 12.041837, "delta": 0.009944}}
{"target": -238.0259198330088, "params": {"gamma": 7.552699915952439, "prior": 7.720679136482666, "rate": 9.586087624632432}, "datetime": {"datetime": "2024-06-14 04:54:16", "elapsed": 12.051811, "delta": 0.009974}}
{"target": -388.9393544697863, "params": {"gamma": 9.750777680644457, "prior": 5.690872459899503, "rate": 4.657924948350314}, "datetime": {"datetime": "2024-06-14 04:54:16", "elapsed": 12.061784, "delta": 0.009973}}
{"target": -246.52859081321168, "params": {"gamma": 8.35541774153753, "prior": 2.2776131471709045, "rate": 7.664214496519479}, "datetime": {"datetime": "2024-06-14 04:54:16", "elapsed": 12.07076, "delta": 0.008976}}
{"target": -125.65504874464679, "params": {"gamma": 1.920923979668611, "prior": 5.957112902935368, "rate": 6.068707734799046}, "datetime": {"datetime": "2024-06-14 04:54:16", "elapsed": 12.080733, "delta": 0.009973}}
{"target": -229.27879766924102, "params": {"gamma": 4.418996184218967, "prior": 8.659051462799177, "rate": 5.435278379231555}, "datetime": {"datetime": "2024-06-14 04:54:16", "elapsed": 12.090707, "delta": 0.009974}}
{"target": -384.9897925846726, "params": {"gamma": 4.927804379534841, "prior": 4.2394437931335665, "rate": 0.6231896086801356}, "datetime": {"datetime": "2024-06-14 04:54:16", "elapsed": 12.099683, "delta": 0.008976}}
{"target": -144.25398052845256, "params": {"gamma": 3.622132449809016, "prior": 1.0188720461219751, "rate": 5.656819358260873}, "datetime": {"datetime": "2024-06-14 04:54:16", "elapsed": 12.109656, "delta": 0.009973}}
{"target": -268.23387521596817, "params": {"gamma": 6.4053758139443495, "prior": 7.701044399919781, "rate": 6.325720028185084}, "datetime": {"datetime": "2024-06-14 04:54:16", "elapsed": 12.11963, "delta": 0.009974}}
{"target": -136.62843419717203, "params": {"gamma": 1.8714204909994507, "prior": 7.527415112713252, "rate": 5.489045144907434}, "datetime": {"datetime": "2024-06-14 04:54:16", "elapsed": 12.129603, "delta": 0.009973}}
{"target": -102.43357629509426, "params": {"gamma": 1.0226014229845646, "prior": 0.34578758896028944, "rate": 2.988163177641064}, "datetime": {"datetime": "2024-06-14 04:54:16", "elapsed": 12.139576, "delta": 0.009973}}
{"target": -247.05773680821216, "params": {"gamma": 6.900460277619986, "prior": 9.334604669396944, "rate": 9.665005509601515}, "datetime": {"datetime": "2024-06-14 04:54:16", "elapsed": 12.149549, "delta": 0.009973}}
{"target": -212.13910462827585, "params": {"gamma": 7.645716345257133, "prior": 3.003166938498256, "rate": 6.2210691836043965}, "datetime": {"datetime": "2024-06-14 04:54:16", "elapsed": 12.159523, "delta": 0.009974}}
{"target": -202.8577494961702, "params": {"gamma": 2.3117301792407194, "prior": 7.53183467935155, "rate": 1.6595044277657995}, "datetime": {"datetime": "2024-06-14 04:54:16", "elapsed": 12.169496, "delta": 0.009973}}
{"target": -373.4341952998637, "params": {"gamma": 7.564947384855503, "prior": 8.699031089411767, "rate": 5.195544029510985}, "datetime": {"datetime": "2024-06-14 04:54:16", "elapsed": 12.17947, "delta": 0.009974}}
