{"target": -397.6456076898492, "params": {"gamma": 0.9370488703914385, "lr": 0.0655985161350432}, "datetime": {"datetime": "2024-06-13 18:28:24", "elapsed": 6.718463, "delta": 0.003989}}
{"target": -2015.140975535883, "params": {"gamma": 8.799475826643015, "lr": 0.8213720415432885}, "datetime": {"datetime": "2024-06-13 18:28:24", "elapsed": 6.723449, "delta": 0.004986}}
{"target": -1155.2036582983676, "params": {"gamma": 8.199874253028593, "lr": 0.46781804781537173}, "datetime": {"datetime": "2024-06-13 18:28:24", "elapsed": 6.728436, "delta": 0.004987}}
{"target": -614.0210456580301, "params": {"gamma": 4.275493453510745, "lr": 0.4010683054344961}, "datetime": {"datetime": "2024-06-13 18:28:24", "elapsed": 6.732425, "delta": 0.003989}}
{"target": -1217.9467973608316, "params": {"gamma": 5.822568206350932, "lr": 0.7289706693761112}, "datetime": {"datetime": "2024-06-13 18:28:24", "elapsed": 6.737412, "delta": 0.004987}}
{"target": -1413.3626407175716, "params": {"gamma": 7.843135731493912, "lr": 0.6547991875604179}, "datetime": {"datetime": "2024-06-13 18:28:24", "elapsed": 6.741402, "delta": 0.00399}}
{"target": -800.5854070551609, "params": {"gamma": 5.625099180595456, "lr": 0.412392608220297}, "datetime": {"datetime": "2024-06-13 18:28:24", "elapsed": 6.746388, "delta": 0.004986}}
{"target": -388.4230360830755, "params": {"gamma": 3.1998307053765016, "lr": 0.2862477928261852}, "datetime": {"datetime": "2024-06-13 18:28:24", "elapsed": 6.751375, "delta": 0.004987}}
{"target": -609.1601115987332, "params": {"gamma": 2.9624710073123492, "lr": 0.6827528661644432}, "datetime": {"datetime": "2024-06-13 18:28:24", "elapsed": 6.755364, "delta": 0.003989}}
{"target": -1343.2195856821982, "params": {"gamma": 7.624649380413635, "lr": 0.5976197869899762}, "datetime": {"datetime": "2024-06-13 18:28:24", "elapsed": 6.760351, "delta": 0.004987}}
{"target": -379.0739778834931, "params": {"gamma": 2.229416058643355, "lr": 0.1943950205047229}, "datetime": {"datetime": "2024-06-13 18:28:24", "elapsed": 6.76434, "delta": 0.003989}}
{"target": -2022.322093698309, "params": {"gamma": 7.657095501588769, "lr": 0.9786938189750454}, "datetime": {"datetime": "2024-06-13 18:28:24", "elapsed": 6.769327, "delta": 0.004987}}
{"target": -144.8797819958089, "params": {"gamma": 0.1600837059640327, "lr": 0.24889814198257976}, "datetime": {"datetime": "2024-06-13 18:28:24", "elapsed": 6.774314, "delta": 0.004987}}
{"target": -1664.049322832713, "params": {"gamma": 7.923336404835708, "lr": 0.7191652977533548}, "datetime": {"datetime": "2024-06-13 18:28:24", "elapsed": 6.778303, "delta": 0.003989}}
{"target": -418.9976707781891, "params": {"gamma": 2.4605535974366086, "lr": 0.5548923810758453}, "datetime": {"datetime": "2024-06-13 18:28:24", "elapsed": 6.78329, "delta": 0.004987}}
{"target": -1234.2725470469336, "params": {"gamma": 5.856272355196109, "lr": 0.7213842766472296}, "datetime": {"datetime": "2024-06-13 18:28:24", "elapsed": 6.787279, "delta": 0.003989}}
{"target": -663.9179089232732, "params": {"gamma": 4.637273438415798, "lr": 0.40484847152272274}, "datetime": {"datetime": "2024-06-13 18:28:24", "elapsed": 6.792266, "delta": 0.004987}}
{"target": -467.50879716775887, "params": {"gamma": 3.080786698738075, "lr": 0.23830890840682273}, "datetime": {"datetime": "2024-06-13 18:28:24", "elapsed": 6.797252, "delta": 0.004986}}
{"target": -206.58554340123052, "params": {"gamma": 0.925941078147889, "lr": 0.6458833874176423}, "datetime": {"datetime": "2024-06-13 18:28:24", "elapsed": 6.801242, "delta": 0.00399}}
{"target": -1351.235598813149, "params": {"gamma": 6.696034914953822, "lr": 0.6873434739168471}, "datetime": {"datetime": "2024-06-13 18:28:24", "elapsed": 6.806228, "delta": 0.004986}}
{"target": -147.0936267302682, "params": {"gamma": 0.03245405892326011, "lr": 0.43825303252098613}, "datetime": {"datetime": "2024-06-13 18:28:24", "elapsed": 6.811215, "delta": 0.004987}}
{"target": -232.37881022642753, "params": {"gamma": 1.22641109574872, "lr": 0.5266093357063074}, "datetime": {"datetime": "2024-06-13 18:28:24", "elapsed": 6.84413, "delta": 0.032915}}
{"target": -1376.3977680803425, "params": {"gamma": 9.797416469397842, "lr": 0.4992770109633381}, "datetime": {"datetime": "2024-06-13 18:28:24", "elapsed": 6.849116, "delta": 0.004986}}
{"target": -862.6407465383566, "params": {"gamma": 3.747125142755934, "lr": 0.8138399923945955}, "datetime": {"datetime": "2024-06-13 18:28:24", "elapsed": 6.853106, "delta": 0.00399}}
{"target": -1119.1123564578786, "params": {"gamma": 9.68204618100875, "lr": 0.28712337752879535}, "datetime": {"datetime": "2024-06-13 18:28:24", "elapsed": 6.858092, "delta": 0.004986}}
{"target": -2120.4138331155773, "params": {"gamma": 8.030197397425262, "lr": 0.9961414373632698}, "datetime": {"datetime": "2024-06-13 18:28:24", "elapsed": 6.863079, "delta": 0.004987}}
{"target": -217.8283543330797, "params": {"gamma": 1.1191305732763266, "lr": 0.5310473545872221}, "datetime": {"datetime": "2024-06-13 18:28:24", "elapsed": 6.867069, "delta": 0.00399}}
{"target": -1136.1881099544564, "params": {"gamma": 8.135452268270518, "lr": 0.37629418365689815}, "datetime": {"datetime": "2024-06-13 18:28:24", "elapsed": 6.872055, "delta": 0.004986}}
{"target": -981.5693914265929, "params": {"gamma": 4.4582994882209785, "lr": 0.7509025596645666}, "datetime": {"datetime": "2024-06-13 18:28:24", "elapsed": 6.876044, "delta": 0.003989}}
{"target": -187.90427935710412, "params": {"gamma": 0.9843654431052541, "lr": 0.3605263049964609}, "datetime": {"datetime": "2024-06-13 18:28:24", "elapsed": 6.881031, "delta": 0.004987}}
{"target": -824.6032650244716, "params": {"gamma": 5.637498846609272, "lr": 0.23858559594258377}, "datetime": {"datetime": "2024-06-13 18:28:24", "elapsed": 6.886018, "delta": 0.004987}}
{"target": -1835.9869869183008, "params": {"gamma": 8.399697763448607, "lr": 0.7658509922899394}, "datetime": {"datetime": "2024-06-13 18:28:24", "elapsed": 6.890007, "delta": 0.003989}}
{"target": -1560.1976503851079, "params": {"gamma": 9.655460253343795, "lr": 0.5229880750137287}, "datetime": {"datetime": "2024-06-13 18:28:24", "elapsed": 6.894993, "delta": 0.004986}}
{"target": -308.2404221275619, "params": {"gamma": 1.06614005524794, "lr": 0.936617023061487}, "datetime": {"datetime": "2024-06-13 18:28:24", "elapsed": 6.898983, "delta": 0.00399}}
{"target": -1350.2024082670243, "params": {"gamma": 8.342525658973996, "lr": 0.5444181610032376}, "datetime": {"datetime": "2024-06-13 18:28:24", "elapsed": 6.904588, "delta": 0.005605}}
{"target": -2130.5498813777276, "params": {"gamma": 8.363186471576656, "lr": 0.8816909193539424}, "datetime": {"datetime": "2024-06-13 18:28:24", "elapsed": 6.908576, "delta": 0.003988}}
{"target": -1303.3281421093195, "params": {"gamma": 7.76103529253161, "lr": 0.5712539770424174}, "datetime": {"datetime": "2024-06-13 18:28:24", "elapsed": 6.913564, "delta": 0.004988}}
{"target": -1475.6322775560998, "params": {"gamma": 6.153371915939358, "lr": 0.8443906826433587}, "datetime": {"datetime": "2024-06-13 18:28:24", "elapsed": 6.918058, "delta": 0.004494}}
{"target": -1087.8760517844396, "params": {"gamma": 6.222544146503024, "lr": 0.20647995918763162}, "datetime": {"datetime": "2024-06-13 18:28:24", "elapsed": 6.923044, "delta": 0.004986}}
{"target": -1122.0062181505816, "params": {"gamma": 6.915192747116144, "lr": 0.5320137500773816}, "datetime": {"datetime": "2024-06-13 18:28:24", "elapsed": 6.928031, "delta": 0.004987}}
{"target": -1002.4066027179987, "params": {"gamma": 2.633207341942995, "lr": 0.0007865415296364198}, "datetime": {"datetime": "2024-06-13 18:28:24", "elapsed": 6.93202, "delta": 0.003989}}
{"target": -490.3805252772242, "params": {"gamma": 2.3557421152378364, "lr": 0.673566697976032}, "datetime": {"datetime": "2024-06-13 18:28:24", "elapsed": 6.937007, "delta": 0.004987}}
{"target": -2011.4671312955775, "params": {"gamma": 8.783323676609767, "lr": 0.8307025692405677}, "datetime": {"datetime": "2024-06-13 18:28:24", "elapsed": 6.941993, "delta": 0.004986}}
{"target": -447.87886304123987, "params": {"gamma": 1.0819657484995155, "lr": 0.07112497952283825}, "datetime": {"datetime": "2024-06-13 18:28:24", "elapsed": 6.945983, "delta": 0.00399}}
{"target": -946.9635818709135, "params": {"gamma": 7.616161526478173, "lr": 0.2848333721183067}, "datetime": {"datetime": "2024-06-13 18:28:24", "elapsed": 6.95154, "delta": 0.005557}}
{"target": -1033.377988581688, "params": {"gamma": 2.718758721913716, "lr": 0.0020003006084317043}, "datetime": {"datetime": "2024-06-13 18:28:24", "elapsed": 6.95553, "delta": 0.00399}}
{"target": -276.8772684169842, "params": {"gamma": 0.9862915673948899, "lr": 0.13559704739235312}, "datetime": {"datetime": "2024-06-13 18:28:24", "elapsed": 6.960516, "delta": 0.004986}}
{"target": -254.91256000616872, "params": {"gamma": 1.5944427020857364, "lr": 0.44531360261536523}, "datetime": {"datetime": "2024-06-13 18:28:24", "elapsed": 6.965502, "delta": 0.004986}}
{"target": -1853.9966011220538, "params": {"gamma": 8.141544011423479, "lr": 0.8122981153684475}, "datetime": {"datetime": "2024-06-13 18:28:24", "elapsed": 6.97049, "delta": 0.004988}}
{"target": -1312.3682021659222, "params": {"gamma": 9.099986227202798, "lr": 0.4435920386203337}, "datetime": {"datetime": "2024-06-13 18:28:24", "elapsed": 6.974479, "delta": 0.003989}}
{"target": -1001.2271743374966, "params": {"gamma": 7.087396368942189, "lr": 0.4883341181204487}, "datetime": {"datetime": "2024-06-13 18:28:24", "elapsed": 6.979466, "delta": 0.004987}}
{"target": -253.3871524167169, "params": {"gamma": 0.49937573878707536, "lr": 0.0804314339695471}, "datetime": {"datetime": "2024-06-13 18:28:24", "elapsed": 6.983455, "delta": 0.003989}}
{"target": -660.5654263779445, "params": {"gamma": 2.4601774098261746, "lr": 0.9816217286230167}, "datetime": {"datetime": "2024-06-13 18:28:24", "elapsed": 6.988442, "delta": 0.004987}}
{"target": -863.7671222524912, "params": {"gamma": 6.919480375538572, "lr": 0.26800758185732043}, "datetime": {"datetime": "2024-06-13 18:28:24", "elapsed": 6.993428, "delta": 0.004986}}
{"target": -1274.1979438595968, "params": {"gamma": 7.062926182268611, "lr": 0.6613461343815696}, "datetime": {"datetime": "2024-06-13 18:28:24", "elapsed": 6.998415, "delta": 0.004987}}
{"target": -143.77897243420222, "params": {"gamma": 0.4338583185782008, "lr": 0.3614875846417379}, "datetime": {"datetime": "2024-06-13 18:28:24", "elapsed": 7.002404, "delta": 0.003989}}
{"target": -2862.3324476257144, "params": {"gamma": 7.737506106039536, "lr": 0.07852291483410356}, "datetime": {"datetime": "2024-06-13 18:28:24", "elapsed": 7.007391, "delta": 0.004987}}
{"target": -2334.3788282638916, "params": {"gamma": 8.84395678364194, "lr": 0.9308682962545582}, "datetime": {"datetime": "2024-06-13 18:28:24", "elapsed": 7.012378, "delta": 0.004987}}
{"target": -2272.8812129107664, "params": {"gamma": 8.531002038386509, "lr": 0.117377604100948}, "datetime": {"datetime": "2024-06-13 18:28:24", "elapsed": 7.016369, "delta": 0.003991}}
{"target": -1162.224519256645, "params": {"gamma": 5.652169643537417, "lr": 0.7075599478322232}, "datetime": {"datetime": "2024-06-13 18:28:24", "elapsed": 7.021356, "delta": 0.004987}}
{"target": -3156.106424347279, "params": {"gamma": 8.879912919311819, "lr": 0.09577602929981288}, "datetime": {"datetime": "2024-06-13 18:28:24", "elapsed": 7.026343, "delta": 0.004987}}
{"target": -1011.6722428020154, "params": {"gamma": 8.157890074908734, "lr": 0.27801633166878204}, "datetime": {"datetime": "2024-06-13 18:28:24", "elapsed": 7.030332, "delta": 0.003989}}
{"target": -1248.199220066241, "params": {"gamma": 5.923281570273373, "lr": 0.7197957093739197}, "datetime": {"datetime": "2024-06-13 18:28:24", "elapsed": 7.035319, "delta": 0.004987}}
{"target": -902.317327762108, "params": {"gamma": 7.7704144744548165, "lr": 0.29466484899886947}, "datetime": {"datetime": "2024-06-13 18:28:24", "elapsed": 7.040305, "delta": 0.004986}}
{"target": -710.2442965976626, "params": {"gamma": 6.074158012949801, "lr": 0.2874728742023305}, "datetime": {"datetime": "2024-06-13 18:28:24", "elapsed": 7.044294, "delta": 0.003989}}
{"target": -2270.1148342960155, "params": {"gamma": 9.983169186094411, "lr": 0.8145056079423507}, "datetime": {"datetime": "2024-06-13 18:28:24", "elapsed": 7.049312, "delta": 0.005018}}
{"target": -1061.2025476660715, "params": {"gamma": 4.140365184777405, "lr": 0.8791421856642359}, "datetime": {"datetime": "2024-06-13 18:28:24", "elapsed": 7.054298, "delta": 0.004986}}
{"target": -1935.0912953964457, "params": {"gamma": 7.325278649969429, "lr": 0.928746930727756}, "datetime": {"datetime": "2024-06-13 18:28:24", "elapsed": 7.059255, "delta": 0.004957}}
{"target": -232.6972319645076, "params": {"gamma": 1.7169353317749951, "lr": 0.2948350049208741}, "datetime": {"datetime": "2024-06-13 18:28:24", "elapsed": 7.063244, "delta": 0.003989}}
{"target": -178.52404844311914, "params": {"gamma": 0.9382730240703474, "lr": 0.3179810316787127}, "datetime": {"datetime": "2024-06-13 18:28:24", "elapsed": 7.068231, "delta": 0.004987}}
{"target": -696.6104374902316, "params": {"gamma": 3.812504948851634, "lr": 0.6327125396187535}, "datetime": {"datetime": "2024-06-13 18:28:24", "elapsed": 7.07222, "delta": 0.003989}}
{"target": -997.3767158377914, "params": {"gamma": 4.715727863547479, "lr": 0.717668980777047}, "datetime": {"datetime": "2024-06-13 18:28:24", "elapsed": 7.077207, "delta": 0.004987}}
{"target": -450.3966454627045, "params": {"gamma": 2.692966111483643, "lr": 0.17305671918218446}, "datetime": {"datetime": "2024-06-13 18:28:24", "elapsed": 7.082193, "delta": 0.004986}}
{"target": -560.5969018115591, "params": {"gamma": 3.7918469051508774, "lr": 0.43808143742785455}, "datetime": {"datetime": "2024-06-13 18:28:24", "elapsed": 7.086182, "delta": 0.003989}}
{"target": -1108.0039717017523, "params": {"gamma": 4.221843551590521, "lr": 0.913569686661525}, "datetime": {"datetime": "2024-06-13 18:28:24", "elapsed": 7.091456, "delta": 0.005274}}
{"target": -404.0652104418068, "params": {"gamma": 2.696400616451196, "lr": 0.3520434026951569}, "datetime": {"datetime": "2024-06-13 18:28:24", "elapsed": 7.09595, "delta": 0.004494}}
{"target": -323.1994531271354, "params": {"gamma": 2.1528813919731067, "lr": 0.37192301140427286}, "datetime": {"datetime": "2024-06-13 18:28:24", "elapsed": 7.099939, "delta": 0.003989}}
{"target": -695.1958095814277, "params": {"gamma": 3.8991640529202587, "lr": 0.5754270571118745}, "datetime": {"datetime": "2024-06-13 18:28:24", "elapsed": 7.104926, "delta": 0.004987}}
{"target": -374.0016268808651, "params": {"gamma": 2.7843714212458077, "lr": 0.2594923085078481}, "datetime": {"datetime": "2024-06-13 18:28:24", "elapsed": 7.109912, "delta": 0.004986}}
{"target": -1878.8588996919116, "params": {"gamma": 7.190894889170183, "lr": 0.9101787075725445}, "datetime": {"datetime": "2024-06-13 18:28:24", "elapsed": 7.114413, "delta": 0.004501}}
{"target": -238.09719844166167, "params": {"gamma": 1.2218460988148518, "lr": 0.18228897074998485}, "datetime": {"datetime": "2024-06-13 18:28:24", "elapsed": 7.119394, "delta": 0.004981}}
{"target": -295.7011560256214, "params": {"gamma": 1.3319633391141557, "lr": 0.6836076828044971}, "datetime": {"datetime": "2024-06-13 18:28:24", "elapsed": 7.123383, "delta": 0.003989}}
{"target": -398.20854539099327, "params": {"gamma": 2.1408837173038955, "lr": 0.6045716033063737}, "datetime": {"datetime": "2024-06-13 18:28:24", "elapsed": 7.12837, "delta": 0.004987}}
{"target": -477.20969582229395, "params": {"gamma": 2.0175856692950274, "lr": 0.8177571936931245}, "datetime": {"datetime": "2024-06-13 18:28:24", "elapsed": 7.133357, "delta": 0.004987}}
{"target": -648.426779231548, "params": {"gamma": 3.161755215449723, "lr": 0.6696167646858762}, "datetime": {"datetime": "2024-06-13 18:28:24", "elapsed": 7.138343, "delta": 0.004986}}
{"target": -232.35404093648123, "params": {"gamma": 1.4881868944628063, "lr": 0.30594544708616045}, "datetime": {"datetime": "2024-06-13 18:28:24", "elapsed": 7.142332, "delta": 0.003989}}
{"target": -548.7005807123343, "params": {"gamma": 2.9731172115714624, "lr": 0.6350799325450489}, "datetime": {"datetime": "2024-06-13 18:28:24", "elapsed": 7.147319, "delta": 0.004987}}
{"target": -1631.2638673653346, "params": {"gamma": 6.809124390706244, "lr": 0.8452486465038237}, "datetime": {"datetime": "2024-06-13 18:28:24", "elapsed": 7.151308, "delta": 0.003989}}
{"target": -419.64931449201174, "params": {"gamma": 1.8342857207824639, "lr": 0.7604297643064385}, "datetime": {"datetime": "2024-06-13 18:28:24", "elapsed": 7.156295, "delta": 0.004987}}
{"target": -1197.2544721239003, "params": {"gamma": 7.119682083391317, "lr": 0.5575439140774725}, "datetime": {"datetime": "2024-06-13 18:28:24", "elapsed": 7.161282, "delta": 0.004987}}
{"target": -2349.7142624563703, "params": {"gamma": 6.50197970017053, "lr": 0.0899951030326972}, "datetime": {"datetime": "2024-06-13 18:28:24", "elapsed": 7.165271, "delta": 0.003989}}
{"target": -240.84745815797282, "params": {"gamma": 1.4696112814099909, "lr": 0.41557172071663584}, "datetime": {"datetime": "2024-06-13 18:28:24", "elapsed": 7.170258, "delta": 0.004987}}
{"target": -1132.7048740244445, "params": {"gamma": 7.1139955123219485, "lr": 0.16782116362359434}, "datetime": {"datetime": "2024-06-13 18:28:24", "elapsed": 7.175244, "delta": 0.004986}}
{"target": -560.1267360102912, "params": {"gamma": 3.8904024131038595, "lr": 0.49794595388742613}, "datetime": {"datetime": "2024-06-13 18:28:24", "elapsed": 7.179234, "delta": 0.00399}}
{"target": -3451.0676177501014, "params": {"gamma": 9.350522223405173, "lr": 0.055196248654505564}, "datetime": {"datetime": "2024-06-13 18:28:24", "elapsed": 7.184221, "delta": 0.004987}}
{"target": -2188.7867377549032, "params": {"gamma": 8.290245901995016, "lr": 0.9841598458987846}, "datetime": {"datetime": "2024-06-13 18:28:24", "elapsed": 7.189207, "delta": 0.004986}}
{"target": -700.6573241641298, "params": {"gamma": 2.6734588625853686, "lr": 0.8900573037740913}, "datetime": {"datetime": "2024-06-13 18:28:24", "elapsed": 7.193196, "delta": 0.003989}}
{"target": -653.7319483391435, "params": {"gamma": 2.9037110876153163, "lr": 0.7990074981966317}, "datetime": {"datetime": "2024-06-13 18:28:24", "elapsed": 7.198183, "delta": 0.004987}}
{"target": -816.461566539268, "params": {"gamma": 4.599113822624364, "lr": 0.59760864887687}, "datetime": {"datetime": "2024-06-13 18:28:24", "elapsed": 7.20317, "delta": 0.004987}}
{"target": -492.6555576252096, "params": {"gamma": 2.367437100274259, "lr": 0.687614962160815}, "datetime": {"datetime": "2024-06-13 18:28:24", "elapsed": 7.207159, "delta": 0.003989}}
{"target": -279.5958074691735, "params": {"gamma": 1.4876999762661907, "lr": 0.5596864990017729}, "datetime": {"datetime": "2024-06-13 18:28:24", "elapsed": 7.212146, "delta": 0.004987}}
{"target": -1188.7475791131135, "params": {"gamma": 4.943794976509587, "lr": 0.8372059959494197}, "datetime": {"datetime": "2024-06-13 18:28:24", "elapsed": 7.216641, "delta": 0.004495}}
{"target": -1070.8430532960836, "params": {"gamma": 4.815203685221957, "lr": 0.7847309599867293}, "datetime": {"datetime": "2024-06-13 18:28:24", "elapsed": 7.221627, "delta": 0.004986}}
{"target": -532.6981954466164, "params": {"gamma": 4.003542773051022, "lr": 0.3079059334309052}, "datetime": {"datetime": "2024-06-13 18:28:24", "elapsed": 7.226614, "delta": 0.004987}}
{"target": -1112.4736006903304, "params": {"gamma": 7.872484136639694, "lr": 0.4184642639114249}, "datetime": {"datetime": "2024-06-13 18:28:24", "elapsed": 7.230603, "delta": 0.003989}}
{"target": -880.555379623092, "params": {"gamma": 4.968163846072137, "lr": 0.577322531324329}, "datetime": {"datetime": "2024-06-13 18:28:24", "elapsed": 7.23559, "delta": 0.004987}}
{"target": -1443.0024524726052, "params": {"gamma": 8.196837713155396, "lr": 0.5813199746267194}, "datetime": {"datetime": "2024-06-13 18:28:24", "elapsed": 7.240576, "delta": 0.004986}}
{"target": -772.4666811300839, "params": {"gamma": 4.062022883905419, "lr": 0.16058682850924277}, "datetime": {"datetime": "2024-06-13 18:28:24", "elapsed": 7.245563, "delta": 0.004987}}
{"target": -1790.506966998138, "params": {"gamma": 7.021410937836175, "lr": 0.8832328216518347}, "datetime": {"datetime": "2024-06-13 18:28:24", "elapsed": 7.249552, "delta": 0.003989}}
{"target": -195.42147223809192, "params": {"gamma": 1.0846805001536175, "lr": 0.46621397581308155}, "datetime": {"datetime": "2024-06-13 18:28:24", "elapsed": 7.254539, "delta": 0.004987}}
{"target": -1565.4510444212215, "params": {"gamma": 9.34542051628517, "lr": 0.5635091674751708}, "datetime": {"datetime": "2024-06-13 18:28:24", "elapsed": 7.259526, "delta": 0.004987}}
{"target": -2028.656865254524, "params": {"gamma": 5.452989887556196, "lr": 0.06347554987814286}, "datetime": {"datetime": "2024-06-13 18:28:24", "elapsed": 7.263515, "delta": 0.003989}}
{"target": -969.5647925721456, "params": {"gamma": 5.353466496108746, "lr": 0.654541303819938}, "datetime": {"datetime": "2024-06-13 18:28:24", "elapsed": 7.268502, "delta": 0.004987}}
{"target": -406.7796535599996, "params": {"gamma": 1.466771864485812, "lr": 0.9563647276468465}, "datetime": {"datetime": "2024-06-13 18:28:24", "elapsed": 7.273489, "delta": 0.004987}}
{"target": -414.330768594796, "params": {"gamma": 1.962311768641484, "lr": 0.673925993557942}, "datetime": {"datetime": "2024-06-13 18:28:24", "elapsed": 7.277478, "delta": 0.003989}}
{"target": -861.4044715043252, "params": {"gamma": 2.744137192928587, "lr": 0.10843083383187457}, "datetime": {"datetime": "2024-06-13 18:28:24", "elapsed": 7.282464, "delta": 0.004986}}
{"target": -392.33069550750696, "params": {"gamma": 2.6097471361451294, "lr": 0.33415183351807476}, "datetime": {"datetime": "2024-06-13 18:28:24", "elapsed": 7.287451, "delta": 0.004987}}
