{"target": -2198.257135854031, "params": {"gamma": 8.811802015970617, "lr": 0.1260784803971985}, "datetime": {"datetime": "2024-06-13 17:05:01", "elapsed": 3.962625, "delta": 0.003989}}
{"target": -980.7629840778168, "params": {"gamma": 6.334974881523022, "lr": 0.2777127324734242}, "datetime": {"datetime": "2024-06-13 17:05:01", "elapsed": 3.966614, "delta": 0.003989}}
{"target": -1230.064272175764, "params": {"gamma": 8.272176051067923, "lr": 0.3645234475558883}, "datetime": {"datetime": "2024-06-13 17:05:01", "elapsed": 3.970603, "delta": 0.003989}}
{"target": -1427.3550626548606, "params": {"gamma": 7.3339275785938725, "lr": 0.1924178904137388}, "datetime": {"datetime": "2024-06-13 17:05:01", "elapsed": 3.974594, "delta": 0.003991}}
{"target": -1084.2334704263228, "params": {"gamma": 4.814977529509854, "lr": 0.8035946264310272}, "datetime": {"datetime": "2024-06-13 17:05:01", "elapsed": 3.978583, "delta": 0.003989}}
{"target": -881.9421492656772, "params": {"gamma": 3.9704851285120673, "lr": 0.16157403985608987}, "datetime": {"datetime": "2024-06-13 17:05:01", "elapsed": 3.982571, "delta": 0.003988}}
{"target": -1411.019446248991, "params": {"gamma": 6.490173244263826, "lr": 0.7533258058943924}, "datetime": {"datetime": "2024-06-13 17:05:01", "elapsed": 3.986561, "delta": 0.00399}}
{"target": -491.4123030890336, "params": {"gamma": 2.8026461610955637, "lr": 0.45136186123240163}, "datetime": {"datetime": "2024-06-13 17:05:01", "elapsed": 3.99055, "delta": 0.003989}}
{"target": -2107.457023411121, "params": {"gamma": 9.004588674948266, "lr": 0.8719856311909184}, "datetime": {"datetime": "2024-06-13 17:05:01", "elapsed": 3.99454, "delta": 0.00399}}
{"target": -1332.9037302621928, "params": {"gamma": 7.0721689102320395, "lr": 0.5909005994904067}, "datetime": {"datetime": "2024-06-13 17:05:01", "elapsed": 3.999526, "delta": 0.004986}}
{"target": -1947.8026221176551, "params": {"gamma": 8.174005321700859, "lr": 0.907644646099839}, "datetime": {"datetime": "2024-06-13 17:05:01", "elapsed": 4.003516, "delta": 0.00399}}
{"target": -145.54716373423236, "params": {"gamma": 0.026073089119563617, "lr": 0.39722776623376177}, "datetime": {"datetime": "2024-06-13 17:05:01", "elapsed": 4.007505, "delta": 0.003989}}
{"target": -1240.046621882918, "params": {"gamma": 5.614535427501098, "lr": 0.7339231362848766}, "datetime": {"datetime": "2024-06-13 17:05:01", "elapsed": 4.011495, "delta": 0.00399}}
{"target": -188.84873644290693, "params": {"gamma": 0.8756401490882502, "lr": 0.3997549876808645}, "datetime": {"datetime": "2024-06-13 17:05:01", "elapsed": 4.015484, "delta": 0.003989}}
{"target": -489.5052669817821, "params": {"gamma": 2.796932173319039, "lr": 0.42351005310518297}, "datetime": {"datetime": "2024-06-13 17:05:01", "elapsed": 4.019473, "delta": 0.003989}}
{"target": -999.2865010486473, "params": {"gamma": 4.980288348100211, "lr": 0.660015223526051}, "datetime": {"datetime": "2024-06-13 17:05:01", "elapsed": 4.023462, "delta": 0.003989}}
{"target": -995.3421887551335, "params": {"gamma": 4.962865153563822, "lr": 0.6204682006051905}, "datetime": {"datetime": "2024-06-13 17:05:01", "elapsed": 4.027452, "delta": 0.00399}}
{"target": -988.1286381109817, "params": {"gamma": 5.824816179030337, "lr": 0.42833239803885637}, "datetime": {"datetime": "2024-06-13 17:05:01", "elapsed": 4.032438, "delta": 0.004986}}
{"target": -145.42804761014074, "params": {"gamma": 0.050758670747942644, "lr": 0.19451641385960183}, "datetime": {"datetime": "2024-06-13 17:05:01", "elapsed": 4.036428, "delta": 0.00399}}
{"target": -716.7210159573531, "params": {"gamma": 3.2027463362086017, "lr": 0.1469781258549313}, "datetime": {"datetime": "2024-06-13 17:05:01", "elapsed": 4.040417, "delta": 0.003989}}
{"target": -1197.2986023134288, "params": {"gamma": 5.987040152182751, "lr": 0.6114994766596024}, "datetime": {"datetime": "2024-06-13 17:05:01", "elapsed": 4.044406, "delta": 0.003989}}
{"target": -783.1866234525302, "params": {"gamma": 5.001432502709699, "lr": 0.32084890160086454}, "datetime": {"datetime": "2024-06-13 17:05:01", "elapsed": 4.048396, "delta": 0.00399}}
{"target": -1274.0054698161816, "params": {"gamma": 6.53292726219252, "lr": 0.19028348267904371}, "datetime": {"datetime": "2024-06-13 17:05:01", "elapsed": 4.052385, "delta": 0.003989}}
{"target": -143.16986894967127, "params": {"gamma": 0.05980393346483768, "lr": 0.7349420186839615}, "datetime": {"datetime": "2024-06-13 17:05:01", "elapsed": 4.056374, "delta": 0.003989}}
{"target": -961.2116849129017, "params": {"gamma": 4.435594915197448, "lr": 0.6978416560498484}, "datetime": {"datetime": "2024-06-13 17:05:01", "elapsed": 4.060364, "delta": 0.00399}}
{"target": -752.69571007273, "params": {"gamma": 1.851248453020123, "lr": 0.06261980198391548}, "datetime": {"datetime": "2024-06-13 17:05:01", "elapsed": 4.064353, "delta": 0.003989}}
{"target": -822.737151181529, "params": {"gamma": 3.78170775924343, "lr": 0.695996510445494}, "datetime": {"datetime": "2024-06-13 17:05:01", "elapsed": 4.06934, "delta": 0.004987}}
{"target": -243.33969818590927, "params": {"gamma": 1.0290808561757039, "lr": 0.19583423367499242}, "datetime": {"datetime": "2024-06-13 17:05:01", "elapsed": 4.073329, "delta": 0.003989}}
{"target": -912.0724459040322, "params": {"gamma": 4.540072551414793, "lr": 0.6211491896936461}, "datetime": {"datetime": "2024-06-13 17:05:01", "elapsed": 4.077318, "delta": 0.003989}}
{"target": -2541.2020550902926, "params": {"gamma": 7.501492356441782, "lr": 0.1097350212856566}, "datetime": {"datetime": "2024-06-13 17:05:01", "elapsed": 4.082305, "delta": 0.004987}}
{"target": -975.1807539488669, "params": {"gamma": 6.246611447949256, "lr": 0.3873605221444808}, "datetime": {"datetime": "2024-06-13 17:05:01", "elapsed": 4.086294, "delta": 0.003989}}
{"target": -1242.6030607315192, "params": {"gamma": 6.701233597109323, "lr": 0.2035603776619016}, "datetime": {"datetime": "2024-06-13 17:05:01", "elapsed": 4.090284, "delta": 0.00399}}
{"target": -1108.6660916790759, "params": {"gamma": 5.2796600565097815, "lr": 0.1721625549559327}, "datetime": {"datetime": "2024-06-13 17:05:01", "elapsed": 4.094273, "delta": 0.003989}}
{"target": -142.14519355359892, "params": {"gamma": 0.18779137895775708, "lr": 0.4869502464239571}, "datetime": {"datetime": "2024-06-13 17:05:01", "elapsed": 4.098291, "delta": 0.004018}}
{"target": -387.2003876006592, "params": {"gamma": 1.8425935878323698, "lr": 0.6383433300033875}, "datetime": {"datetime": "2024-06-13 17:05:01", "elapsed": 4.102251, "delta": 0.00396}}
{"target": -1170.113766554398, "params": {"gamma": 5.366211618584989, "lr": 0.7749453799977457}, "datetime": {"datetime": "2024-06-13 17:05:01", "elapsed": 4.106241, "delta": 0.00399}}
{"target": -975.7626709204728, "params": {"gamma": 3.930206066439398, "lr": 0.9894521308362529}, "datetime": {"datetime": "2024-06-13 17:05:01", "elapsed": 4.11023, "delta": 0.003989}}
{"target": -870.3607210294543, "params": {"gamma": 5.152631746924576, "lr": 0.47882340118547173}, "datetime": {"datetime": "2024-06-13 17:05:01", "elapsed": 4.115217, "delta": 0.004987}}
{"target": -1411.4555777783116, "params": {"gamma": 7.494675265050945, "lr": 0.5726882932924154}, "datetime": {"datetime": "2024-06-13 17:05:01", "elapsed": 4.119206, "delta": 0.003989}}
{"target": -620.4731219916492, "params": {"gamma": 3.625290707682954, "lr": 0.48924478546014216}, "datetime": {"datetime": "2024-06-13 17:05:01", "elapsed": 4.123195, "delta": 0.003989}}
{"target": -321.4369012885371, "params": {"gamma": 1.8921946110135588, "lr": 0.39358341429686194}, "datetime": {"datetime": "2024-06-13 17:05:01", "elapsed": 4.127185, "delta": 0.00399}}
{"target": -144.8794488453228, "params": {"gamma": 0.30058756348796134, "lr": 0.46252906034220287}, "datetime": {"datetime": "2024-06-13 17:05:01", "elapsed": 4.131174, "delta": 0.003989}}
{"target": -526.0338900430712, "params": {"gamma": 2.7454666539229047, "lr": 0.5267158603586157}, "datetime": {"datetime": "2024-06-13 17:05:01", "elapsed": 4.135164, "delta": 0.00399}}
{"target": -145.09241254427937, "params": {"gamma": 0.2936919419097222, "lr": 0.5550867665221745}, "datetime": {"datetime": "2024-06-13 17:05:01", "elapsed": 4.139153, "delta": 0.003989}}
{"target": -565.7660173366265, "params": {"gamma": 2.9306858383999437, "lr": 0.5774906810135474}, "datetime": {"datetime": "2024-06-13 17:05:01", "elapsed": 4.14414, "delta": 0.004987}}
{"target": -1234.4255001328368, "params": {"gamma": 7.327965762760406, "lr": 0.44033782679643774}, "datetime": {"datetime": "2024-06-13 17:05:01", "elapsed": 4.148129, "delta": 0.003989}}
{"target": -1128.6480551344864, "params": {"gamma": 6.6319050719967745, "lr": 0.23890995487021205}, "datetime": {"datetime": "2024-06-13 17:05:01", "elapsed": 4.152118, "delta": 0.003989}}
{"target": -1686.9505496171482, "params": {"gamma": 9.985992286776213, "lr": 0.24287852161976753}, "datetime": {"datetime": "2024-06-13 17:05:01", "elapsed": 4.156108, "delta": 0.00399}}
{"target": -1735.2060354242637, "params": {"gamma": 9.408343315400867, "lr": 0.21721975039101793}, "datetime": {"datetime": "2024-06-13 17:05:01", "elapsed": 4.160097, "delta": 0.003989}}
{"target": -1134.8673880534575, "params": {"gamma": 4.97614628166607, "lr": 0.8211769648927358}, "datetime": {"datetime": "2024-06-13 17:05:01", "elapsed": 4.165085, "delta": 0.004988}}
{"target": -1555.2445520555846, "params": {"gamma": 7.166163879900548, "lr": 0.705580412120669}, "datetime": {"datetime": "2024-06-13 17:05:01", "elapsed": 4.169073, "delta": 0.003988}}
{"target": -964.287872097939, "params": {"gamma": 4.4049651591972045, "lr": 0.7541750254551594}, "datetime": {"datetime": "2024-06-13 17:05:01", "elapsed": 4.173062, "delta": 0.003989}}
{"target": -1544.0790652537773, "params": {"gamma": 9.199615816571573, "lr": 0.4413517453158379}, "datetime": {"datetime": "2024-06-13 17:05:01", "elapsed": 4.178049, "delta": 0.004987}}
{"target": -2055.5004059445, "params": {"gamma": 5.2801268760628535, "lr": 0.06603558401663734}, "datetime": {"datetime": "2024-06-13 17:05:01", "elapsed": 4.182038, "delta": 0.003989}}
{"target": -666.6242932405709, "params": {"gamma": 3.9083399636332565, "lr": 0.4672385663332459}, "datetime": {"datetime": "2024-06-13 17:05:01", "elapsed": 4.186028, "delta": 0.00399}}
{"target": -3029.826093681955, "params": {"gamma": 8.951481970324929, "lr": 0.11055744025544123}, "datetime": {"datetime": "2024-06-13 17:05:01", "elapsed": 4.190017, "delta": 0.003989}}
{"target": -1347.2937226163233, "params": {"gamma": 7.311644894386467, "lr": 0.5454711685487195}, "datetime": {"datetime": "2024-06-13 17:05:01", "elapsed": 4.194006, "delta": 0.003989}}
{"target": -2354.7651806531157, "params": {"gamma": 6.0657477697349185, "lr": 0.029782944129560285}, "datetime": {"datetime": "2024-06-13 17:05:01", "elapsed": 4.198993, "delta": 0.004987}}
{"target": -259.2785731902221, "params": {"gamma": 1.4683270502280348, "lr": 0.28398322546618515}, "datetime": {"datetime": "2024-06-13 17:05:01", "elapsed": 4.202982, "delta": 0.003989}}
{"target": -143.83316713745432, "params": {"gamma": 0.04971560748810713, "lr": 0.6691577977971368}, "datetime": {"datetime": "2024-06-13 17:05:01", "elapsed": 4.206972, "delta": 0.00399}}
{"target": -1599.7008848606272, "params": {"gamma": 8.70270923127706, "lr": 0.5469683092712408}, "datetime": {"datetime": "2024-06-13 17:05:01", "elapsed": 4.210961, "delta": 0.003989}}
{"target": -1087.8376658378063, "params": {"gamma": 5.432097311144519, "lr": 0.6157259286130373}, "datetime": {"datetime": "2024-06-13 17:05:01", "elapsed": 4.214951, "delta": 0.00399}}
{"target": -469.9592926688496, "params": {"gamma": 3.022512822657626, "lr": 0.3667319816609417}, "datetime": {"datetime": "2024-06-13 17:05:01", "elapsed": 4.21894, "delta": 0.003989}}
{"target": -1291.4164204737938, "params": {"gamma": 5.749822333050388, "lr": 0.8092165837173445}, "datetime": {"datetime": "2024-06-13 17:05:01", "elapsed": 4.223927, "delta": 0.004987}}
{"target": -337.8522932602673, "params": {"gamma": 2.016764747447303, "lr": 0.32752405584828914}, "datetime": {"datetime": "2024-06-13 17:05:01", "elapsed": 4.255874, "delta": 0.031947}}
{"target": -1142.5220217798333, "params": {"gamma": 7.429469582646582, "lr": 0.3409202491323421}, "datetime": {"datetime": "2024-06-13 17:05:01", "elapsed": 4.25983, "delta": 0.003956}}
{"target": -171.24360612360547, "params": {"gamma": 0.4770616761368438, "lr": 0.15635692867625162}, "datetime": {"datetime": "2024-06-13 17:05:01", "elapsed": 4.264818, "delta": 0.004988}}
{"target": -350.4793214247831, "params": {"gamma": 1.9394547317358086, "lr": 0.4951123625611782}, "datetime": {"datetime": "2024-06-13 17:05:01", "elapsed": 4.268806, "delta": 0.003988}}
{"target": -1493.9820739187128, "params": {"gamma": 6.351614485952291, "lr": 0.880219977218583}, "datetime": {"datetime": "2024-06-13 17:05:01", "elapsed": 4.272796, "delta": 0.00399}}
{"target": -1392.3486118284325, "params": {"gamma": 9.025463027666028, "lr": 0.307160768485095}, "datetime": {"datetime": "2024-06-13 17:05:01", "elapsed": 4.277782, "delta": 0.004986}}
{"target": -1162.3000854516772, "params": {"gamma": 7.534047351182733, "lr": 0.2824280305589726}, "datetime": {"datetime": "2024-06-13 17:05:01", "elapsed": 4.2818, "delta": 0.004018}}
{"target": -593.4986910377245, "params": {"gamma": 3.686400120782994, "lr": 0.2927265620931302}, "datetime": {"datetime": "2024-06-13 17:05:01", "elapsed": 4.285789, "delta": 0.003989}}
{"target": -776.9366801108304, "params": {"gamma": 4.137493671254815, "lr": 0.21471569566838056}, "datetime": {"datetime": "2024-06-13 17:05:01", "elapsed": 4.289751, "delta": 0.003962}}
{"target": -987.0717956208595, "params": {"gamma": 3.1905410786954205, "lr": 0.12191981389008766}, "datetime": {"datetime": "2024-06-13 17:05:01", "elapsed": 4.29374, "delta": 0.003989}}
{"target": -1782.4660800774277, "params": {"gamma": 9.63021937771575, "lr": 0.5039830093987828}, "datetime": {"datetime": "2024-06-13 17:05:01", "elapsed": 4.297729, "delta": 0.003989}}
{"target": -2026.4884795916435, "params": {"gamma": 9.23108372520405, "lr": 0.7461601407734211}, "datetime": {"datetime": "2024-06-13 17:05:01", "elapsed": 4.302716, "delta": 0.004987}}
{"target": -1001.2286552766648, "params": {"gamma": 4.577595171516512, "lr": 0.7546222253081317}, "datetime": {"datetime": "2024-06-13 17:05:01", "elapsed": 4.306705, "delta": 0.003989}}
{"target": -976.6689160478744, "params": {"gamma": 6.280602762990652, "lr": 0.30375843415186865}, "datetime": {"datetime": "2024-06-13 17:05:01", "elapsed": 4.310694, "delta": 0.003989}}
{"target": -1137.4099770649993, "params": {"gamma": 5.217071474819306, "lr": 0.7123121956474292}, "datetime": {"datetime": "2024-06-13 17:05:01", "elapsed": 4.314684, "delta": 0.00399}}
{"target": -1208.1878921864682, "params": {"gamma": 3.0538300009516193, "lr": 0.012522836886473265}, "datetime": {"datetime": "2024-06-13 17:05:01", "elapsed": 4.318673, "delta": 0.003989}}
{"target": -601.4106144672834, "params": {"gamma": 2.6833600285302275, "lr": 0.7967454755900841}, "datetime": {"datetime": "2024-06-13 17:05:01", "elapsed": 4.322662, "delta": 0.003989}}
{"target": -1867.1759582680793, "params": {"gamma": 9.300000896546049, "lr": 0.6253311549032551}, "datetime": {"datetime": "2024-06-13 17:05:01", "elapsed": 4.326652, "delta": 0.00399}}
{"target": -316.4685640942876, "params": {"gamma": 1.3289420383195298, "lr": 0.7575703592474212}, "datetime": {"datetime": "2024-06-13 17:05:01", "elapsed": 4.331667, "delta": 0.005015}}
{"target": -1149.399538581363, "params": {"gamma": 5.269526555127393, "lr": 0.753869071621213}, "datetime": {"datetime": "2024-06-13 17:05:01", "elapsed": 4.335628, "delta": 0.003961}}
{"target": -2112.61188371724, "params": {"gamma": 8.586258418997055, "lr": 0.9475415511018243}, "datetime": {"datetime": "2024-06-13 17:05:01", "elapsed": 4.339617, "delta": 0.003989}}
{"target": -1509.6938807351326, "params": {"gamma": 6.545720808693693, "lr": 0.8542582098426466}, "datetime": {"datetime": "2024-06-13 17:05:01", "elapsed": 4.343606, "delta": 0.003989}}
{"target": -1596.1200762751755, "params": {"gamma": 7.426137988907772, "lr": 0.7271011884036769}, "datetime": {"datetime": "2024-06-13 17:05:01", "elapsed": 4.347596, "delta": 0.00399}}
{"target": -2113.049528205223, "params": {"gamma": 8.58804877191338, "lr": 0.9230030407536653}, "datetime": {"datetime": "2024-06-13 17:05:01", "elapsed": 4.352582, "delta": 0.004986}}
{"target": -1397.9436590812977, "params": {"gamma": 9.020857939246921, "lr": 0.39575026156518067}, "datetime": {"datetime": "2024-06-13 17:05:01", "elapsed": 4.356572, "delta": 0.00399}}
{"target": -230.403914222627, "params": {"gamma": 0.8411287767074533, "lr": 0.8295737184581491}, "datetime": {"datetime": "2024-06-13 17:05:01", "elapsed": 4.360561, "delta": 0.003989}}
{"target": -1006.8598164856417, "params": {"gamma": 5.389776601523036, "lr": 0.542076154739123}, "datetime": {"datetime": "2024-06-13 17:05:01", "elapsed": 4.365548, "delta": 0.004987}}
{"target": -3187.6581265375075, "params": {"gamma": 8.25192813033363, "lr": 0.03198418437577388}, "datetime": {"datetime": "2024-06-13 17:05:01", "elapsed": 4.369214, "delta": 0.003666}}
{"target": -3388.747050860974, "params": {"gamma": 8.779726226832842, "lr": 0.03463400133772032}, "datetime": {"datetime": "2024-06-13 17:05:01", "elapsed": 4.3742, "delta": 0.004986}}
{"target": -1306.8930043703094, "params": {"gamma": 6.932252389225503, "lr": 0.5874844793504092}, "datetime": {"datetime": "2024-06-13 17:05:01", "elapsed": 4.37819, "delta": 0.00399}}
{"target": -960.4914371009617, "params": {"gamma": 6.417850059155134, "lr": 0.37408018773825613}, "datetime": {"datetime": "2024-06-13 17:05:01", "elapsed": 4.382179, "delta": 0.003989}}
{"target": -527.8097526545154, "params": {"gamma": 2.755344804474391, "lr": 0.5094085814387623}, "datetime": {"datetime": "2024-06-13 17:05:01", "elapsed": 4.386168, "delta": 0.003989}}
{"target": -1657.562127452206, "params": {"gamma": 8.858345348380066, "lr": 0.5652896703655683}, "datetime": {"datetime": "2024-06-13 17:05:01", "elapsed": 4.390157, "delta": 0.003989}}
{"target": -1119.2995367695216, "params": {"gamma": 6.631825765751704, "lr": 0.44137923095350085}, "datetime": {"datetime": "2024-06-13 17:05:01", "elapsed": 4.394146, "delta": 0.003989}}
{"target": -2133.133067057221, "params": {"gamma": 9.7214187321274, "lr": 0.7425224523517098}, "datetime": {"datetime": "2024-06-13 17:05:01", "elapsed": 4.399133, "delta": 0.004987}}
{"target": -717.4403834655442, "params": {"gamma": 3.5496702059968834, "lr": 0.6535310326636594}, "datetime": {"datetime": "2024-06-13 17:05:01", "elapsed": 4.403123, "delta": 0.00399}}
{"target": -1278.6362154011224, "params": {"gamma": 5.426621502305332, "lr": 0.884056212378686}, "datetime": {"datetime": "2024-06-13 17:05:01", "elapsed": 4.407112, "delta": 0.003989}}
{"target": -943.8236800325261, "params": {"gamma": 2.7512654566030514, "lr": 0.10806748517233733}, "datetime": {"datetime": "2024-06-13 17:05:01", "elapsed": 4.411101, "delta": 0.003989}}
{"target": -324.467435632059, "params": {"gamma": 1.9135292453599602, "lr": 0.38704623260508586}, "datetime": {"datetime": "2024-06-13 17:05:01", "elapsed": 4.415648, "delta": 0.004547}}
{"target": -1314.7693146597421, "params": {"gamma": 8.54074388954821, "lr": 0.2708449138359166}, "datetime": {"datetime": "2024-06-13 17:05:01", "elapsed": 4.420634, "delta": 0.004986}}
{"target": -1251.9399701950515, "params": {"gamma": 6.263961673283628, "lr": 0.6235518010455583}, "datetime": {"datetime": "2024-06-13 17:05:01", "elapsed": 4.424624, "delta": 0.00399}}
{"target": -1598.90386185116, "params": {"gamma": 4.08106330634394, "lr": 0.05033512965945175}, "datetime": {"datetime": "2024-06-13 17:05:01", "elapsed": 4.428614, "delta": 0.00399}}
{"target": -1171.439665315457, "params": {"gamma": 7.448593896451896, "lr": 0.29572553442388116}, "datetime": {"datetime": "2024-06-13 17:05:01", "elapsed": 4.432602, "delta": 0.003988}}
{"target": -631.7129566423806, "params": {"gamma": 3.9851835072938524, "lr": 0.37723956753050947}, "datetime": {"datetime": "2024-06-13 17:05:01", "elapsed": 4.437589, "delta": 0.004987}}
{"target": -2542.1311534243396, "params": {"gamma": 6.636362714079265, "lr": 0.08633328681516406}, "datetime": {"datetime": "2024-06-13 17:05:01", "elapsed": 4.441578, "delta": 0.003989}}
{"target": -2139.003547795661, "params": {"gamma": 5.49934931479934, "lr": 0.015421822343255842}, "datetime": {"datetime": "2024-06-13 17:05:01", "elapsed": 4.445568, "delta": 0.00399}}
{"target": -1845.8158912811482, "params": {"gamma": 9.830406796410628, "lr": 0.5984272223880148}, "datetime": {"datetime": "2024-06-13 17:05:01", "elapsed": 4.450554, "delta": 0.004986}}
{"target": -854.1900800846593, "params": {"gamma": 3.8417581657342703, "lr": 0.1467479307274827}, "datetime": {"datetime": "2024-06-13 17:05:01", "elapsed": 4.454544, "delta": 0.00399}}
{"target": -1662.9329118454666, "params": {"gamma": 6.9690863860416155, "lr": 0.9058084167065523}, "datetime": {"datetime": "2024-06-13 17:05:01", "elapsed": 4.458533, "delta": 0.003989}}
{"target": -703.1554841817167, "params": {"gamma": 3.1817694146938234, "lr": 0.7664921446562297}, "datetime": {"datetime": "2024-06-13 17:05:01", "elapsed": 4.46352, "delta": 0.004987}}
{"target": -719.9268090176399, "params": {"gamma": 2.8756935223098354, "lr": 0.9572253423743934}, "datetime": {"datetime": "2024-06-13 17:05:01", "elapsed": 4.467509, "delta": 0.003989}}
{"target": -1413.1216549140056, "params": {"gamma": 7.023455232193281, "lr": 0.6250155931933211}, "datetime": {"datetime": "2024-06-13 17:05:01", "elapsed": 4.472495, "delta": 0.004986}}
{"target": -1430.9013772949604, "params": {"gamma": 9.307416596768327, "lr": 0.26904238725191854}, "datetime": {"datetime": "2024-06-13 17:05:01", "elapsed": 4.476485, "delta": 0.00399}}
