{"target": -1050.6680209216197, "params": {"gamma": 6.586021847542061, "lr": 0.18119538195386165}, "datetime": {"datetime": "2024-06-13 18:28:21", "elapsed": 3.552515, "delta": 0.00399}}
{"target": -1397.1541067094067, "params": {"gamma": 7.8807074621719, "lr": 0.6028653375383973}, "datetime": {"datetime": "2024-06-13 18:28:21", "elapsed": 3.582435, "delta": 0.02992}}
{"target": -1411.4392124724247, "params": {"gamma": 9.80334851848814, "lr": 0.22238319353117575}, "datetime": {"datetime": "2024-06-13 18:28:21", "elapsed": 3.586424, "delta": 0.003989}}
{"target": -1208.9648819420265, "params": {"gamma": 4.663198475191569, "lr": 0.8956418025994466}, "datetime": {"datetime": "2024-06-13 18:28:21", "elapsed": 3.591411, "delta": 0.004987}}
{"target": -1267.2066956582496, "params": {"gamma": 6.014732663578183, "lr": 0.725958845848815}, "datetime": {"datetime": "2024-06-13 18:28:21", "elapsed": 3.5954, "delta": 0.003989}}
{"target": -841.6361119131194, "params": {"gamma": 4.137287971849402, "lr": 0.6843096218313198}, "datetime": {"datetime": "2024-06-13 18:28:21", "elapsed": 3.599222, "delta": 0.003822}}
{"target": -1641.3615138318469, "params": {"gamma": 9.460604243445784, "lr": 0.20018606573932207}, "datetime": {"datetime": "2024-06-13 18:28:21", "elapsed": 3.603212, "delta": 0.00399}}
{"target": -2131.8896881186774, "params": {"gamma": 8.073845273509328, "lr": 0.9695380120998964}, "datetime": {"datetime": "2024-06-13 18:28:21", "elapsed": 3.607201, "delta": 0.003989}}
{"target": -146.98746034343358, "params": {"gamma": 0.146672748901554, "lr": 0.21520958659442757}, "datetime": {"datetime": "2024-06-13 18:28:21", "elapsed": 3.61119, "delta": 0.003989}}
{"target": -285.1766137220985, "params": {"gamma": 1.1746518262109842, "lr": 0.7674235177414532}, "datetime": {"datetime": "2024-06-13 18:28:21", "elapsed": 3.615179, "delta": 0.003989}}
{"target": -249.00570460365032, "params": {"gamma": 0.8130846428413901, "lr": 0.9984135585909075}, "datetime": {"datetime": "2024-06-13 18:28:21", "elapsed": 3.620166, "delta": 0.004987}}
{"target": -1012.6018626607314, "params": {"gamma": 3.8967305467771722, "lr": 0.9052027659330404}, "datetime": {"datetime": "2024-06-13 18:28:21", "elapsed": 3.624156, "delta": 0.00399}}
{"target": -298.9038917981499, "params": {"gamma": 1.886587457391179, "lr": 0.44087219982229087}, "datetime": {"datetime": "2024-06-13 18:28:21", "elapsed": 3.628144, "delta": 0.003988}}
{"target": -1486.855774768147, "params": {"gamma": 8.448273378243028, "lr": 0.5952697806732562}, "datetime": {"datetime": "2024-06-13 18:28:21", "elapsed": 3.632134, "delta": 0.00399}}
{"target": -756.1112974068726, "params": {"gamma": 4.6221188088168805, "lr": 0.5126497467571176}, "datetime": {"datetime": "2024-06-13 18:28:21", "elapsed": 3.636124, "delta": 0.00399}}
{"target": -835.5794887533526, "params": {"gamma": 5.739281383396582, "lr": 0.4403192075855932}, "datetime": {"datetime": "2024-06-13 18:28:21", "elapsed": 3.640113, "delta": 0.003989}}
{"target": -542.2102332411359, "params": {"gamma": 1.936396018280381, "lr": 0.11396576145918635}, "datetime": {"datetime": "2024-06-13 18:28:21", "elapsed": 3.6451, "delta": 0.004987}}
{"target": -599.9065832005873, "params": {"gamma": 1.5131280457741099, "lr": 0.0524909638531339}, "datetime": {"datetime": "2024-06-13 18:28:21", "elapsed": 3.649089, "delta": 0.003989}}
{"target": -1341.3097202686213, "params": {"gamma": 5.587205434225252, "lr": 0.8477210140360106}, "datetime": {"datetime": "2024-06-13 18:28:21", "elapsed": 3.653078, "delta": 0.003989}}
{"target": -1350.3707897029892, "params": {"gamma": 3.5918342699021832, "lr": 0.07531087263581782}, "datetime": {"datetime": "2024-06-13 18:28:21", "elapsed": 3.657067, "delta": 0.003989}}
{"target": -762.9336032934425, "params": {"gamma": 4.257818395439178, "lr": 0.6020078384720013}, "datetime": {"datetime": "2024-06-13 18:28:21", "elapsed": 3.661057, "delta": 0.00399}}
{"target": -976.772602932985, "params": {"gamma": 4.254609252290801, "lr": 0.81072123360737}, "datetime": {"datetime": "2024-06-13 18:28:21", "elapsed": 3.665047, "delta": 0.00399}}
{"target": -2307.968615776472, "params": {"gamma": 9.418920575620866, "lr": 0.8699107732683544}, "datetime": {"datetime": "2024-06-13 18:28:21", "elapsed": 3.669036, "delta": 0.003989}}
{"target": -994.709207068987, "params": {"gamma": 7.040290983300606, "lr": 0.4702989247821753}, "datetime": {"datetime": "2024-06-13 18:28:21", "elapsed": 3.673025, "delta": 0.003989}}
{"target": -2530.1355178078375, "params": {"gamma": 6.827297730989611, "lr": 0.013418310556529534}, "datetime": {"datetime": "2024-06-13 18:28:21", "elapsed": 3.677014, "delta": 0.003989}}
{"target": -1554.12140133609, "params": {"gamma": 9.824798706901937, "lr": 0.17207733182889595}, "datetime": {"datetime": "2024-06-13 18:28:21", "elapsed": 3.681003, "delta": 0.003989}}
{"target": -2062.1220092303165, "params": {"gamma": 9.062697699220857, "lr": 0.8071099016661061}, "datetime": {"datetime": "2024-06-13 18:28:21", "elapsed": 3.68599, "delta": 0.004987}}
{"target": -993.0021588050198, "params": {"gamma": 8.00159670418549, "lr": 0.2689360577850649}, "datetime": {"datetime": "2024-06-13 18:28:21", "elapsed": 3.68998, "delta": 0.00399}}
{"target": -339.54703855921537, "params": {"gamma": 2.1923189037668234, "lr": 0.42880069291408873}, "datetime": {"datetime": "2024-06-13 18:28:21", "elapsed": 3.693969, "delta": 0.003989}}
{"target": -1195.9038703220483, "params": {"gamma": 8.493861636205818, "lr": 0.45037964247172024}, "datetime": {"datetime": "2024-06-13 18:28:21", "elapsed": 3.697958, "delta": 0.003989}}
{"target": -1331.1537625726187, "params": {"gamma": 9.354265719956611, "lr": 0.352679327251738}, "datetime": {"datetime": "2024-06-13 18:28:21", "elapsed": 3.701948, "delta": 0.00399}}
{"target": -1637.8428361803933, "params": {"gamma": 6.194302264801901, "lr": 0.9806990363557802}, "datetime": {"datetime": "2024-06-13 18:28:21", "elapsed": 3.705937, "delta": 0.003989}}
{"target": -2386.963595121281, "params": {"gamma": 6.434981759885809, "lr": 0.04549821604060378}, "datetime": {"datetime": "2024-06-13 18:28:21", "elapsed": 3.709926, "delta": 0.003989}}
{"target": -671.6727528943223, "params": {"gamma": 4.636107352426167, "lr": 0.3347513437136638}, "datetime": {"datetime": "2024-06-13 18:28:21", "elapsed": 3.713916, "delta": 0.00399}}
{"target": -673.2480405926041, "params": {"gamma": 5.322283303668225, "lr": 0.2847462086131314}, "datetime": {"datetime": "2024-06-13 18:28:21", "elapsed": 3.718902, "delta": 0.004986}}
{"target": -275.9899473073791, "params": {"gamma": 1.223490041069798, "lr": 0.6682889887508018}, "datetime": {"datetime": "2024-06-13 18:28:21", "elapsed": 3.722891, "delta": 0.003989}}
{"target": -1672.5045672649687, "params": {"gamma": 6.8139161891581725, "lr": 0.8671392999990885}, "datetime": {"datetime": "2024-06-13 18:28:21", "elapsed": 3.726881, "delta": 0.00399}}
{"target": -318.30372961496283, "params": {"gamma": 1.3246825541338114, "lr": 0.798620308278031}, "datetime": {"datetime": "2024-06-13 18:28:21", "elapsed": 3.73087, "delta": 0.003989}}
{"target": -1489.1367761028093, "params": {"gamma": 8.267860615312884, "lr": 0.6465499357511519}, "datetime": {"datetime": "2024-06-13 18:28:21", "elapsed": 3.73486, "delta": 0.00399}}
{"target": -290.9492572412285, "params": {"gamma": 2.0500165356605575, "lr": 0.2614207144058379}, "datetime": {"datetime": "2024-06-13 18:28:21", "elapsed": 3.738849, "delta": 0.003989}}
{"target": -686.7186250883065, "params": {"gamma": 4.185549678574218, "lr": 0.5417990727827313}, "datetime": {"datetime": "2024-06-13 18:28:21", "elapsed": 3.742838, "delta": 0.003989}}
{"target": -681.7063538426447, "params": {"gamma": 4.774902117966579, "lr": 0.4674598920453694}, "datetime": {"datetime": "2024-06-13 18:28:21", "elapsed": 3.746827, "delta": 0.003989}}
{"target": -2059.037521154497, "params": {"gamma": 8.398567261266477, "lr": 0.8701023653075677}, "datetime": {"datetime": "2024-06-13 18:28:21", "elapsed": 3.751814, "delta": 0.004987}}
{"target": -2081.0095482273887, "params": {"gamma": 8.16772288980329, "lr": 0.8778014186346996}, "datetime": {"datetime": "2024-06-13 18:28:21", "elapsed": 3.755803, "delta": 0.003989}}
{"target": -1510.7452140447551, "params": {"gamma": 5.710516610608794, "lr": 0.9640361333390818}, "datetime": {"datetime": "2024-06-13 18:28:21", "elapsed": 3.759793, "delta": 0.00399}}
{"target": -1079.0290040755692, "params": {"gamma": 6.065836938156427, "lr": 0.6039477410796814}, "datetime": {"datetime": "2024-06-13 18:28:21", "elapsed": 3.763782, "delta": 0.003989}}
{"target": -654.7213856809046, "params": {"gamma": 3.193658073009114, "lr": 0.681204184117019}, "datetime": {"datetime": "2024-06-13 18:28:21", "elapsed": 3.767772, "delta": 0.00399}}
{"target": -193.20436665866208, "params": {"gamma": 0.5206049193651046, "lr": 0.13454642101194225}, "datetime": {"datetime": "2024-06-13 18:28:21", "elapsed": 3.771761, "delta": 0.003989}}
{"target": -264.10497170102855, "params": {"gamma": 1.303291433560078, "lr": 0.6552012872247357}, "datetime": {"datetime": "2024-06-13 18:28:21", "elapsed": 3.77575, "delta": 0.003989}}
{"target": -279.23885834630806, "params": {"gamma": 1.7541505851216117, "lr": 0.3411468232515472}, "datetime": {"datetime": "2024-06-13 18:28:21", "elapsed": 3.779739, "delta": 0.003989}}
{"target": -152.26866437248336, "params": {"gamma": 0.44407224667521283, "lr": 0.2337343601165106}, "datetime": {"datetime": "2024-06-13 18:28:21", "elapsed": 3.783729, "delta": 0.00399}}
{"target": -1558.0891663519296, "params": {"gamma": 9.642279024168092, "lr": 0.5091394025163677}, "datetime": {"datetime": "2024-06-13 18:28:21", "elapsed": 3.787718, "delta": 0.003989}}
{"target": -272.6907231427624, "params": {"gamma": 1.5115941101958479, "lr": 0.5230085317344643}, "datetime": {"datetime": "2024-06-13 18:28:21", "elapsed": 3.792705, "delta": 0.004987}}
{"target": -2311.9282651864955, "params": {"gamma": 9.435150329726897, "lr": 0.865686014006334}, "datetime": {"datetime": "2024-06-13 18:28:21", "elapsed": 3.796694, "delta": 0.003989}}
{"target": -506.9374678572814, "params": {"gamma": 3.9212666234349385, "lr": 0.28386751597340265}, "datetime": {"datetime": "2024-06-13 18:28:21", "elapsed": 3.800684, "delta": 0.00399}}
{"target": -1103.3655638038151, "params": {"gamma": 7.617536897064726, "lr": 0.2404843248030878}, "datetime": {"datetime": "2024-06-13 18:28:21", "elapsed": 3.804673, "delta": 0.003989}}
{"target": -940.809695755579, "params": {"gamma": 2.5430693142188665, "lr": 0.08408635417992949}, "datetime": {"datetime": "2024-06-13 18:28:21", "elapsed": 3.808662, "delta": 0.003989}}
{"target": -1216.3549248315808, "params": {"gamma": 8.641576803545505, "lr": 0.44789891562027984}, "datetime": {"datetime": "2024-06-13 18:28:21", "elapsed": 3.812651, "delta": 0.003989}}
{"target": -1175.8162504784548, "params": {"gamma": 5.618300819839127, "lr": 0.7367109576935199}, "datetime": {"datetime": "2024-06-13 18:28:21", "elapsed": 3.816641, "delta": 0.00399}}
{"target": -1122.7023116520688, "params": {"gamma": 7.965092182444826, "lr": 0.44750813899031383}, "datetime": {"datetime": "2024-06-13 18:28:21", "elapsed": 3.82063, "delta": 0.003989}}
{"target": -440.6930321271425, "params": {"gamma": 1.8420914342018075, "lr": 0.8287328515283018}, "datetime": {"datetime": "2024-06-13 18:28:21", "elapsed": 3.824621, "delta": 0.003991}}
{"target": -154.12784783403288, "params": {"gamma": 0.3109486003227299, "lr": 0.9467282696079524}, "datetime": {"datetime": "2024-06-13 18:28:21", "elapsed": 3.828611, "delta": 0.00399}}
{"target": -1473.5372462784317, "params": {"gamma": 5.770201486928539, "lr": 0.875388738450687}, "datetime": {"datetime": "2024-06-13 18:28:21", "elapsed": 3.832606, "delta": 0.003995}}
{"target": -764.2964020505063, "params": {"gamma": 6.086045804298614, "lr": 0.2516595841523237}, "datetime": {"datetime": "2024-06-13 18:28:21", "elapsed": 3.836592, "delta": 0.003986}}
{"target": -493.57716799278865, "params": {"gamma": 2.962003105035548, "lr": 0.5329225590316532}, "datetime": {"datetime": "2024-06-13 18:28:21", "elapsed": 3.841608, "delta": 0.005016}}
{"target": -1512.785072763886, "params": {"gamma": 9.620820050258088, "lr": 0.18449560449017766}, "datetime": {"datetime": "2024-06-13 18:28:21", "elapsed": 3.845631, "delta": 0.004023}}
{"target": -736.2365280406672, "params": {"gamma": 5.099473883052948, "lr": 0.3437881034368444}, "datetime": {"datetime": "2024-06-13 18:28:21", "elapsed": 3.849618, "delta": 0.003987}}
{"target": -1753.6775147321478, "params": {"gamma": 7.697483724226901, "lr": 0.802866486432424}, "datetime": {"datetime": "2024-06-13 18:28:21", "elapsed": 3.853581, "delta": 0.003963}}
{"target": -750.8964307044135, "params": {"gamma": 4.246174543111865, "lr": 0.20412249999433585}, "datetime": {"datetime": "2024-06-13 18:28:21", "elapsed": 3.857571, "delta": 0.00399}}
{"target": -173.98514015146267, "params": {"gamma": 0.6718275138282244, "lr": 0.1986482644205615}, "datetime": {"datetime": "2024-06-13 18:28:21", "elapsed": 3.862557, "delta": 0.004986}}
{"target": -493.5173180229619, "params": {"gamma": 2.7247361004436925, "lr": 0.5987889179092104}, "datetime": {"datetime": "2024-06-13 18:28:21", "elapsed": 3.866547, "delta": 0.00399}}
{"target": -2050.752587937479, "params": {"gamma": 8.730961889247082, "lr": 0.1282309388454863}, "datetime": {"datetime": "2024-06-13 18:28:21", "elapsed": 3.870536, "delta": 0.003989}}
{"target": -1926.8639034854991, "params": {"gamma": 9.581929228407246, "lr": 0.6831708438541465}, "datetime": {"datetime": "2024-06-13 18:28:21", "elapsed": 3.874525, "delta": 0.003989}}
{"target": -1959.965519967875, "params": {"gamma": 7.419900392548125, "lr": 0.9828807859209906}, "datetime": {"datetime": "2024-06-13 18:28:21", "elapsed": 3.878514, "delta": 0.003989}}
{"target": -682.9153084444777, "params": {"gamma": 4.161591625408803, "lr": 0.5315834658959018}, "datetime": {"datetime": "2024-06-13 18:28:21", "elapsed": 3.88354, "delta": 0.005026}}
{"target": -1102.3909630631424, "params": {"gamma": 6.792450289006991, "lr": 0.5128751425899913}, "datetime": {"datetime": "2024-06-13 18:28:21", "elapsed": 3.88749, "delta": 0.00395}}
{"target": -936.0313934165257, "params": {"gamma": 2.991824334263695, "lr": 0.10538467273003926}, "datetime": {"datetime": "2024-06-13 18:28:21", "elapsed": 3.89148, "delta": 0.00399}}
{"target": -634.9745579961367, "params": {"gamma": 2.8500365250757254, "lr": 0.7688528482877579}, "datetime": {"datetime": "2024-06-13 18:28:21", "elapsed": 3.895469, "delta": 0.003989}}
{"target": -1462.4845593392126, "params": {"gamma": 6.40818626181401, "lr": 0.8013307032031926}, "datetime": {"datetime": "2024-06-13 18:28:21", "elapsed": 3.899459, "delta": 0.00399}}
{"target": -759.1450182823097, "params": {"gamma": 5.171688199172296, "lr": 0.23210002184633505}, "datetime": {"datetime": "2024-06-13 18:28:21", "elapsed": 3.904445, "delta": 0.004986}}
{"target": -818.6126941402882, "params": {"gamma": 6.279991307892046, "lr": 0.30400549002230315}, "datetime": {"datetime": "2024-06-13 18:28:21", "elapsed": 3.908434, "delta": 0.003989}}
{"target": -151.3951154039754, "params": {"gamma": 0.29625792067526757, "lr": 0.9033311768168756}, "datetime": {"datetime": "2024-06-13 18:28:21", "elapsed": 3.912424, "delta": 0.00399}}
{"target": -604.2132368502224, "params": {"gamma": 4.2042753184590484, "lr": 0.4261307804247122}, "datetime": {"datetime": "2024-06-13 18:28:21", "elapsed": 3.916592, "delta": 0.004168}}
{"target": -1958.0926603485946, "params": {"gamma": 7.412776101583259, "lr": 0.9484584043057936}, "datetime": {"datetime": "2024-06-13 18:28:21", "elapsed": 3.920581, "delta": 0.003989}}
{"target": -179.8634115869662, "params": {"gamma": 0.7260827649265881, "lr": 0.17270108813227492}, "datetime": {"datetime": "2024-06-13 18:28:21", "elapsed": 3.92457, "delta": 0.003989}}
{"target": -487.2882008107973, "params": {"gamma": 3.224252533837974, "lr": 0.248424246330199}, "datetime": {"datetime": "2024-06-13 18:28:21", "elapsed": 3.928559, "delta": 0.003989}}
{"target": -1141.3365156117006, "params": {"gamma": 4.9554543186305695, "lr": 0.8244596107976835}, "datetime": {"datetime": "2024-06-13 18:28:21", "elapsed": 3.932548, "delta": 0.003989}}
{"target": -1502.8320703103682, "params": {"gamma": 8.539870177006817, "lr": 0.5958299420587015}, "datetime": {"datetime": "2024-06-13 18:28:21", "elapsed": 3.936538, "delta": 0.00399}}
{"target": -404.54580527816455, "params": {"gamma": 2.4024971645768356, "lr": 0.18649268827268528}, "datetime": {"datetime": "2024-06-13 18:28:21", "elapsed": 3.941525, "delta": 0.004987}}
{"target": -1077.5297085084692, "params": {"gamma": 7.434161733507989, "lr": 0.23721405764354764}, "datetime": {"datetime": "2024-06-13 18:28:21", "elapsed": 3.945513, "delta": 0.003988}}
{"target": -1129.8462625942273, "params": {"gamma": 5.395369418374571, "lr": 0.7492807871271918}, "datetime": {"datetime": "2024-06-13 18:28:21", "elapsed": 3.949503, "delta": 0.00399}}
{"target": -389.20472821406537, "params": {"gamma": 2.283262797049244, "lr": 0.17450118757274402}, "datetime": {"datetime": "2024-06-13 18:28:21", "elapsed": 3.953999, "delta": 0.004496}}
{"target": -163.23200065047016, "params": {"gamma": 0.39831713007193664, "lr": 0.14756883769994755}, "datetime": {"datetime": "2024-06-13 18:28:21", "elapsed": 3.957988, "delta": 0.003989}}
{"target": -2614.8688481386694, "params": {"gamma": 8.51453763056296, "lr": 0.10463591174495857}, "datetime": {"datetime": "2024-06-13 18:28:21", "elapsed": 3.962549, "delta": 0.004561}}
{"target": -859.3723518466869, "params": {"gamma": 2.2372268102276505, "lr": 0.03275719974597713}, "datetime": {"datetime": "2024-06-13 18:28:21", "elapsed": 3.966538, "delta": 0.003989}}
{"target": -983.1184682336268, "params": {"gamma": 6.763889997877335, "lr": 0.2317031414647196}, "datetime": {"datetime": "2024-06-13 18:28:21", "elapsed": 3.970527, "delta": 0.003989}}
{"target": -983.4811559789506, "params": {"gamma": 4.136503586299842, "lr": 0.13930117132372677}, "datetime": {"datetime": "2024-06-13 18:28:21", "elapsed": 3.974517, "delta": 0.00399}}
{"target": -544.9264841925203, "params": {"gamma": 3.772795658827454, "lr": 0.4244374662396153}, "datetime": {"datetime": "2024-06-13 18:28:21", "elapsed": 3.979503, "delta": 0.004986}}
{"target": -676.7482531962672, "params": {"gamma": 4.730176553648271, "lr": 0.4228418130386131}, "datetime": {"datetime": "2024-06-13 18:28:21", "elapsed": 3.983492, "delta": 0.003989}}
{"target": -256.81158520469353, "params": {"gamma": 1.028462882177769, "lr": 0.772580266631544}, "datetime": {"datetime": "2024-06-13 18:28:21", "elapsed": 3.987482, "delta": 0.00399}}
{"target": -229.3542951787748, "params": {"gamma": 1.3729228288956241, "lr": 0.424292374325812}, "datetime": {"datetime": "2024-06-13 18:28:21", "elapsed": 3.992468, "delta": 0.004986}}
{"target": -374.7034912671727, "params": {"gamma": 2.7202891684153423, "lr": 0.3010079430799063}, "datetime": {"datetime": "2024-06-13 18:28:21", "elapsed": 3.996458, "delta": 0.00399}}
{"target": -1091.5383836607778, "params": {"gamma": 6.72453530509174, "lr": 0.5177867238134145}, "datetime": {"datetime": "2024-06-13 18:28:21", "elapsed": 4.000448, "delta": 0.00399}}
{"target": -293.552836977019, "params": {"gamma": 1.9016804177489257, "lr": 0.4691344398333771}, "datetime": {"datetime": "2024-06-13 18:28:21", "elapsed": 4.005434, "delta": 0.004986}}
{"target": -705.8777646925909, "params": {"gamma": 3.396069147094239, "lr": 0.7044971982481261}, "datetime": {"datetime": "2024-06-13 18:28:21", "elapsed": 4.009423, "delta": 0.003989}}
{"target": -556.6232780676758, "params": {"gamma": 2.2617259291230574, "lr": 0.8449881373583452}, "datetime": {"datetime": "2024-06-13 18:28:21", "elapsed": 4.013413, "delta": 0.00399}}
{"target": -858.1653730504826, "params": {"gamma": 5.262770419251413, "lr": 0.5006195729230891}, "datetime": {"datetime": "2024-06-13 18:28:21", "elapsed": 4.017403, "delta": 0.00399}}
{"target": -424.5727891476983, "params": {"gamma": 2.537604383069914, "lr": 0.18615566973666398}, "datetime": {"datetime": "2024-06-13 18:28:21", "elapsed": 4.021391, "delta": 0.003988}}
{"target": -1250.3732267224427, "params": {"gamma": 4.7187188083132305, "lr": 0.9818244178252573}, "datetime": {"datetime": "2024-06-13 18:28:21", "elapsed": 4.02538, "delta": 0.003989}}
{"target": -215.26001760828825, "params": {"gamma": 1.3299294703806088, "lr": 0.28346243242805713}, "datetime": {"datetime": "2024-06-13 18:28:21", "elapsed": 4.02937, "delta": 0.00399}}
{"target": -1442.5267576170952, "params": {"gamma": 8.006611101660276, "lr": 0.6647768985107549}, "datetime": {"datetime": "2024-06-13 18:28:21", "elapsed": 4.034357, "delta": 0.004987}}
{"target": -382.9366704756591, "params": {"gamma": 2.788305328525677, "lr": 0.31464760677511183}, "datetime": {"datetime": "2024-06-13 18:28:21", "elapsed": 4.039343, "delta": 0.004986}}
{"target": -752.8673147927248, "params": {"gamma": 4.200062595764889, "lr": 0.6027867622422961}, "datetime": {"datetime": "2024-06-13 18:28:21", "elapsed": 4.047322, "delta": 0.007979}}
{"target": -1765.1230007252352, "params": {"gamma": 7.193668333443535, "lr": 0.8573003334512307}, "datetime": {"datetime": "2024-06-13 18:28:21", "elapsed": 4.053811, "delta": 0.006489}}
{"target": -989.8137341317587, "params": {"gamma": 6.811433593113639, "lr": 0.23698206447169834}, "datetime": {"datetime": "2024-06-13 18:28:21", "elapsed": 4.058799, "delta": 0.004988}}
{"target": -2045.1948150497624, "params": {"gamma": 9.257279632827263, "lr": 0.7811954006757661}, "datetime": {"datetime": "2024-06-13 18:28:21", "elapsed": 4.062788, "delta": 0.003989}}
{"target": -417.80679276197094, "params": {"gamma": 3.0745074227980154, "lr": 0.3049656416420632}, "datetime": {"datetime": "2024-06-13 18:28:21", "elapsed": 4.066778, "delta": 0.00399}}
