{"target": -1999.928870011531, "params": {"gamma": 9.236233847661266, "lr": 0.6780829341239825}, "datetime": {"datetime": "2024-06-13 17:15:21", "elapsed": 4.471679, "delta": 0.004985}}
{"target": -1440.3352274813215, "params": {"gamma": 7.713853709507418, "lr": 0.5716353364349513}, "datetime": {"datetime": "2024-06-13 17:15:21", "elapsed": 4.475669, "delta": 0.00399}}
{"target": -1807.5434994433497, "params": {"gamma": 8.339212870314833, "lr": 0.6982817992918626}, "datetime": {"datetime": "2024-06-13 17:15:21", "elapsed": 4.479659, "delta": 0.00399}}
{"target": -312.225997517418, "params": {"gamma": 1.466940409067313, "lr": 0.6124611286280749}, "datetime": {"datetime": "2024-06-13 17:15:21", "elapsed": 4.483647, "delta": 0.003988}}
{"target": -773.7908742283621, "params": {"gamma": 2.793924035827702, "lr": 0.9158787230673001}, "datetime": {"datetime": "2024-06-13 17:15:21", "elapsed": 4.487637, "delta": 0.00399}}
{"target": -287.5768867458344, "params": {"gamma": 1.9831246698113274, "lr": 0.28571649537130284}, "datetime": {"datetime": "2024-06-13 17:15:21", "elapsed": 4.491626, "delta": 0.003989}}
{"target": -144.24805533624743, "params": {"gamma": 0.47749939499181976, "lr": 0.44757914405063814}, "datetime": {"datetime": "2024-06-13 17:15:21", "elapsed": 4.495615, "delta": 0.003989}}
{"target": -1045.1892522665007, "params": {"gamma": 5.576320563895948, "lr": 0.5735610825770953}, "datetime": {"datetime": "2024-06-13 17:15:21", "elapsed": 4.500602, "delta": 0.004987}}
{"target": -1228.6228671419528, "params": {"gamma": 9.053868422216771, "lr": 0.34741393280060506}, "datetime": {"datetime": "2024-06-13 17:15:21", "elapsed": 4.504591, "delta": 0.003989}}
{"target": -1127.2678189584904, "params": {"gamma": 4.475836267532962, "lr": 0.8512376625014975}, "datetime": {"datetime": "2024-06-13 17:15:21", "elapsed": 4.508581, "delta": 0.00399}}
{"target": -1190.4502538624702, "params": {"gamma": 5.768716203017017, "lr": 0.6539929348777337}, "datetime": {"datetime": "2024-06-13 17:15:21", "elapsed": 4.512571, "delta": 0.00399}}
{"target": -440.4128877841861, "params": {"gamma": 2.784314944612766, "lr": 0.48747130162584906}, "datetime": {"datetime": "2024-06-13 17:15:21", "elapsed": 4.51656, "delta": 0.003989}}
{"target": -1552.258209894708, "params": {"gamma": 6.209902923417142, "lr": 0.13339403014523998}, "datetime": {"datetime": "2024-06-13 17:15:21", "elapsed": 4.521546, "delta": 0.004986}}
{"target": -159.56730237240905, "params": {"gamma": 0.3300542572087522, "lr": 0.11341100113082614}, "datetime": {"datetime": "2024-06-13 17:15:21", "elapsed": 4.525535, "delta": 0.003989}}
{"target": -1706.6826024480329, "params": {"gamma": 4.775133302320191, "lr": 0.02402673463080851}, "datetime": {"datetime": "2024-06-13 17:15:21", "elapsed": 4.529525, "delta": 0.00399}}
{"target": -1918.7836257577412, "params": {"gamma": 6.26246308244308, "lr": 0.09758261797608447}, "datetime": {"datetime": "2024-06-13 17:15:21", "elapsed": 4.533514, "delta": 0.003989}}
{"target": -385.42533558807594, "params": {"gamma": 2.5103644156247413, "lr": 0.42649294585621844}, "datetime": {"datetime": "2024-06-13 17:15:21", "elapsed": 4.537503, "delta": 0.003989}}
{"target": -201.28809036085997, "params": {"gamma": 1.159151640315784, "lr": 0.2705519937974664}, "datetime": {"datetime": "2024-06-13 17:15:21", "elapsed": 4.541493, "delta": 0.00399}}
{"target": -147.2040162836885, "params": {"gamma": 0.21177564868227716, "lr": 0.9850455536104694}, "datetime": {"datetime": "2024-06-13 17:15:21", "elapsed": 4.54648, "delta": 0.004987}}
{"target": -829.1285364861941, "params": {"gamma": 6.116124507605985, "lr": 0.3783538388352491}, "datetime": {"datetime": "2024-06-13 17:15:21", "elapsed": 4.550469, "delta": 0.003989}}
{"target": -132.06917325300554, "params": {"gamma": 0.2662569827533811, "lr": 0.3898387483749842}, "datetime": {"datetime": "2024-06-13 17:15:21", "elapsed": 4.554459, "delta": 0.00399}}
{"target": -1252.4025786081188, "params": {"gamma": 4.526133705237957, "lr": 0.9310031937645028}, "datetime": {"datetime": "2024-06-13 17:15:21", "elapsed": 4.558447, "delta": 0.003988}}
{"target": -559.8929258740803, "params": {"gamma": 2.7857632142087283, "lr": 0.6147818910832991}, "datetime": {"datetime": "2024-06-13 17:15:21", "elapsed": 4.563434, "delta": 0.004987}}
{"target": -1184.0474353206134, "params": {"gamma": 6.6520183774673525, "lr": 0.18596096979633892}, "datetime": {"datetime": "2024-06-13 17:15:21", "elapsed": 4.567423, "delta": 0.003989}}
{"target": -1242.1218641545154, "params": {"gamma": 5.058127726515332, "lr": 0.7865007628599349}, "datetime": {"datetime": "2024-06-13 17:15:21", "elapsed": 4.571413, "delta": 0.00399}}
{"target": -225.75861853667305, "params": {"gamma": 0.966693765249707, "lr": 0.6060352981689622}, "datetime": {"datetime": "2024-06-13 17:15:21", "elapsed": 4.575402, "delta": 0.003989}}
{"target": -166.8850656849968, "params": {"gamma": 0.261573266951244, "lr": 0.00704672381007565}, "datetime": {"datetime": "2024-06-13 17:15:21", "elapsed": 4.580389, "delta": 0.004987}}
{"target": -152.84029306005283, "params": {"gamma": 0.5962265427935735, "lr": 0.4814004591490364}, "datetime": {"datetime": "2024-06-13 17:15:21", "elapsed": 4.584276, "delta": 0.003887}}
{"target": -1345.3264564708618, "params": {"gamma": 9.257115382793618, "lr": 0.4055573841390242}, "datetime": {"datetime": "2024-06-13 17:15:21", "elapsed": 4.588615, "delta": 0.004339}}
{"target": -238.63617544181332, "params": {"gamma": 0.7512513607260716, "lr": 0.8613524744830288}, "datetime": {"datetime": "2024-06-13 17:15:21", "elapsed": 4.592605, "delta": 0.00399}}
{"target": -703.6269657648215, "params": {"gamma": 5.193456557118933, "lr": 0.3189358689174241}, "datetime": {"datetime": "2024-06-13 17:15:21", "elapsed": 4.596594, "delta": 0.003989}}
{"target": -2650.519901182164, "params": {"gamma": 9.630360355507971, "lr": 0.9382617685023783}, "datetime": {"datetime": "2024-06-13 17:15:21", "elapsed": 4.601581, "delta": 0.004987}}
{"target": -445.7391058313494, "params": {"gamma": 2.6009297005949668, "lr": 0.20139185371372026}, "datetime": {"datetime": "2024-06-13 17:15:21", "elapsed": 4.60557, "delta": 0.003989}}
{"target": -1478.2348574858493, "params": {"gamma": 5.889498124357467, "lr": 0.8425182098415589}, "datetime": {"datetime": "2024-06-13 17:15:21", "elapsed": 4.60956, "delta": 0.00399}}
{"target": -641.7632575455672, "params": {"gamma": 3.3678741763608038, "lr": 0.5864294214642616}, "datetime": {"datetime": "2024-06-13 17:15:21", "elapsed": 4.613549, "delta": 0.003989}}
{"target": -309.1759405439639, "params": {"gamma": 1.623287749788599, "lr": 0.19459373523814183}, "datetime": {"datetime": "2024-06-13 17:15:21", "elapsed": 4.618536, "delta": 0.004987}}
{"target": -1674.3656552575194, "params": {"gamma": 7.613590824704965, "lr": 0.15009846135204996}, "datetime": {"datetime": "2024-06-13 17:15:21", "elapsed": 4.622525, "delta": 0.003989}}
{"target": -592.1860081160609, "params": {"gamma": 2.659804503437227, "lr": 0.6894948631776694}, "datetime": {"datetime": "2024-06-13 17:15:21", "elapsed": 4.626514, "delta": 0.003989}}
{"target": -151.6983211728902, "params": {"gamma": 0.15187798702215813, "lr": 0.03219440386857053}, "datetime": {"datetime": "2024-06-13 17:15:21", "elapsed": 4.630504, "delta": 0.00399}}
{"target": -405.9892405939878, "params": {"gamma": 2.8759718743002627, "lr": 0.3366231805122991}, "datetime": {"datetime": "2024-06-13 17:15:21", "elapsed": 4.63549, "delta": 0.004986}}
{"target": -917.9647690460124, "params": {"gamma": 3.622798839194582, "lr": 0.8071905755135196}, "datetime": {"datetime": "2024-06-13 17:15:21", "elapsed": 4.639479, "delta": 0.003989}}
{"target": -132.98263962150858, "params": {"gamma": 0.3607736956187603, "lr": 0.3583952446253251}, "datetime": {"datetime": "2024-06-13 17:15:21", "elapsed": 4.643469, "delta": 0.00399}}
{"target": -1404.9678289208591, "params": {"gamma": 6.383143054534976, "lr": 0.14300410951832265}, "datetime": {"datetime": "2024-06-13 17:15:21", "elapsed": 4.647458, "delta": 0.003989}}
{"target": -1764.5642155203861, "params": {"gamma": 8.577528406499894, "lr": 0.6455644082734328}, "datetime": {"datetime": "2024-06-13 17:15:21", "elapsed": 4.652445, "delta": 0.004987}}
{"target": -221.30528229626015, "params": {"gamma": 1.1538189613747907, "lr": 0.2080974099989472}, "datetime": {"datetime": "2024-06-13 17:15:21", "elapsed": 4.689346, "delta": 0.036901}}
{"target": -1087.7732387099693, "params": {"gamma": 7.455237809150899, "lr": 0.40340662833417285}, "datetime": {"datetime": "2024-06-13 17:15:21", "elapsed": 4.693335, "delta": 0.003989}}
{"target": -1308.9383683655435, "params": {"gamma": 4.84521613942412, "lr": 0.8874550780727275}, "datetime": {"datetime": "2024-06-13 17:15:21", "elapsed": 4.697873, "delta": 0.004538}}
{"target": -398.293222823967, "params": {"gamma": 1.3752980526926846, "lr": 0.9643727973861176}, "datetime": {"datetime": "2024-06-13 17:15:21", "elapsed": 4.701862, "delta": 0.003989}}
{"target": -190.4279346215044, "params": {"gamma": 0.4272541882840023, "lr": 0.09944025725488481}, "datetime": {"datetime": "2024-06-13 17:15:21", "elapsed": 4.705851, "delta": 0.003989}}
{"target": -574.3054326539732, "params": {"gamma": 2.2331610709734946, "lr": 0.8065850822605141}, "datetime": {"datetime": "2024-06-13 17:15:21", "elapsed": 4.709841, "delta": 0.00399}}
{"target": -943.6096568474607, "params": {"gamma": 4.559272200887655, "lr": 0.6532511422613194}, "datetime": {"datetime": "2024-06-13 17:15:21", "elapsed": 4.71383, "delta": 0.003989}}
{"target": -359.04106040445663, "params": {"gamma": 1.7440370540608525, "lr": 0.16672193292652826}, "datetime": {"datetime": "2024-06-13 17:15:21", "elapsed": 4.718817, "delta": 0.004987}}
{"target": -1157.8349540547974, "params": {"gamma": 5.208962557197339, "lr": 0.7402936352802216}, "datetime": {"datetime": "2024-06-13 17:15:21", "elapsed": 4.722806, "delta": 0.003989}}
{"target": -1250.1745534097956, "params": {"gamma": 4.62528217768507, "lr": 0.8696140851211128}, "datetime": {"datetime": "2024-06-13 17:15:21", "elapsed": 4.727366, "delta": 0.00456}}
{"target": -1004.1196227442485, "params": {"gamma": 6.604458934771733, "lr": 0.2490900884519328}, "datetime": {"datetime": "2024-06-13 17:15:21", "elapsed": 4.731356, "delta": 0.00399}}
{"target": -339.2625016906164, "params": {"gamma": 2.3497873058002465, "lr": 0.3740467168670696}, "datetime": {"datetime": "2024-06-13 17:15:21", "elapsed": 4.735345, "delta": 0.003989}}
{"target": -2085.0351767747215, "params": {"gamma": 7.566403946905877, "lr": 0.9379376643097822}, "datetime": {"datetime": "2024-06-13 17:15:21", "elapsed": 4.739334, "delta": 0.003989}}
{"target": -1227.6817816568346, "params": {"gamma": 8.61919808718901, "lr": 0.26161079268292176}, "datetime": {"datetime": "2024-06-13 17:15:21", "elapsed": 4.744322, "delta": 0.004988}}
{"target": -818.3614100057183, "params": {"gamma": 4.12337700085772, "lr": 0.6115440994503215}, "datetime": {"datetime": "2024-06-13 17:15:21", "elapsed": 4.748311, "delta": 0.003989}}
{"target": -743.6666666004517, "params": {"gamma": 5.468797723702268, "lr": 0.3892749454089657}, "datetime": {"datetime": "2024-06-13 17:15:21", "elapsed": 4.7523, "delta": 0.003989}}
{"target": -254.06532248831365, "params": {"gamma": 1.0151063480358857, "lr": 0.7122448043972556}, "datetime": {"datetime": "2024-06-13 17:15:21", "elapsed": 4.757286, "delta": 0.004986}}
{"target": -268.7657234604634, "params": {"gamma": 0.8822635040904132, "lr": 0.8660774293737196}, "datetime": {"datetime": "2024-06-13 17:15:21", "elapsed": 4.761276, "delta": 0.00399}}
{"target": -1870.8986245086728, "params": {"gamma": 8.634620954886014, "lr": 0.7084507915153727}, "datetime": {"datetime": "2024-06-13 17:15:21", "elapsed": 4.765267, "delta": 0.003991}}
{"target": -1062.741933348491, "params": {"gamma": 4.864759313503054, "lr": 0.6991465654129165}, "datetime": {"datetime": "2024-06-13 17:15:21", "elapsed": 4.770251, "delta": 0.004984}}
{"target": -973.6176721008126, "params": {"gamma": 3.950475613957549, "lr": 0.7974959842933487}, "datetime": {"datetime": "2024-06-13 17:15:21", "elapsed": 4.774241, "delta": 0.00399}}
{"target": -1729.2812473094539, "params": {"gamma": 7.864384405716199, "lr": 0.15552858387362167}, "datetime": {"datetime": "2024-06-13 17:15:21", "elapsed": 4.77823, "delta": 0.003989}}
{"target": -445.5492204680517, "params": {"gamma": 3.1788576859556272, "lr": 0.34398317678599033}, "datetime": {"datetime": "2024-06-13 17:15:21", "elapsed": 4.783218, "delta": 0.004988}}
{"target": -666.5117713527867, "params": {"gamma": 3.6423388162366046, "lr": 0.5666455566878987}, "datetime": {"datetime": "2024-06-13 17:15:21", "elapsed": 4.787206, "delta": 0.003988}}
{"target": -154.2441158469634, "params": {"gamma": 0.4178327377603575, "lr": 0.6599697189638991}, "datetime": {"datetime": "2024-06-13 17:15:21", "elapsed": 4.792193, "delta": 0.004987}}
{"target": -317.7148939010226, "params": {"gamma": 2.0171159588072864, "lr": 0.4164625561731081}, "datetime": {"datetime": "2024-06-13 17:15:21", "elapsed": 4.796183, "delta": 0.00399}}
{"target": -621.3613990341192, "params": {"gamma": 4.5094756723505, "lr": 0.3487267695476459}, "datetime": {"datetime": "2024-06-13 17:15:21", "elapsed": 4.801169, "delta": 0.004986}}
{"target": -757.8557866812037, "params": {"gamma": 3.8334198209699974, "lr": 0.18030606084775935}, "datetime": {"datetime": "2024-06-13 17:15:21", "elapsed": 4.805158, "delta": 0.003989}}
{"target": -170.399763675088, "params": {"gamma": 0.68223244388335, "lr": 0.5512566489358516}, "datetime": {"datetime": "2024-06-13 17:15:21", "elapsed": 4.809148, "delta": 0.00399}}
{"target": -1312.1403329444674, "params": {"gamma": 5.959073589220895, "lr": 0.1454997892217088}, "datetime": {"datetime": "2024-06-13 17:15:21", "elapsed": 4.813137, "delta": 0.003989}}
{"target": -328.41300592153044, "params": {"gamma": 2.310186141512919, "lr": 0.2863771315373824}, "datetime": {"datetime": "2024-06-13 17:15:21", "elapsed": 4.817126, "delta": 0.003989}}
{"target": -1826.352105333794, "params": {"gamma": 8.307682917677353, "lr": 0.15342094116241234}, "datetime": {"datetime": "2024-06-13 17:15:21", "elapsed": 4.822113, "delta": 0.004987}}
{"target": -1000.6274275374177, "params": {"gamma": 5.521835936727261, "lr": 0.5681397176921924}, "datetime": {"datetime": "2024-06-13 17:15:21", "elapsed": 4.826102, "delta": 0.003989}}
{"target": -479.16262042747024, "params": {"gamma": 3.434857510993614, "lr": 0.3506171893069536}, "datetime": {"datetime": "2024-06-13 17:15:21", "elapsed": 4.830092, "delta": 0.00399}}
{"target": -1667.6812253604946, "params": {"gamma": 9.591161063174503, "lr": 0.5533439494595207}, "datetime": {"datetime": "2024-06-13 17:15:21", "elapsed": 4.834081, "delta": 0.003989}}
{"target": -997.6335498993619, "params": {"gamma": 6.527659277808647, "lr": 0.4907401164444133}, "datetime": {"datetime": "2024-06-13 17:15:21", "elapsed": 4.839068, "delta": 0.004987}}
{"target": -1274.4220208338627, "params": {"gamma": 6.466853166736234, "lr": 0.605250785507062}, "datetime": {"datetime": "2024-06-13 17:15:21", "elapsed": 4.843057, "delta": 0.003989}}
{"target": -227.1810820929612, "params": {"gamma": 1.452587755908036, "lr": 0.3346805328845932}, "datetime": {"datetime": "2024-06-13 17:15:21", "elapsed": 4.847046, "delta": 0.003989}}
{"target": -1153.7539880073034, "params": {"gamma": 4.604879500595876, "lr": 0.12782166160638486}, "datetime": {"datetime": "2024-06-13 17:15:21", "elapsed": 4.851036, "delta": 0.00399}}
{"target": -560.7634945366013, "params": {"gamma": 3.6313701627213772, "lr": 0.22814163429292222}, "datetime": {"datetime": "2024-06-13 17:15:21", "elapsed": 4.855025, "delta": 0.003989}}
{"target": -1151.1322571129324, "params": {"gamma": 8.47517852010175, "lr": 0.34147408002129864}, "datetime": {"datetime": "2024-06-13 17:15:21", "elapsed": 4.860012, "delta": 0.004987}}
{"target": -352.0527769620445, "params": {"gamma": 2.268666417341983, "lr": 0.4081814028522822}, "datetime": {"datetime": "2024-06-13 17:15:21", "elapsed": 4.864001, "delta": 0.003989}}
{"target": -2439.419006834257, "params": {"gamma": 6.830957412174848, "lr": 0.06562199896142484}, "datetime": {"datetime": "2024-06-13 17:15:21", "elapsed": 4.867991, "delta": 0.00399}}
{"target": -413.2589664235612, "params": {"gamma": 1.8081114068162947, "lr": 0.6943069389237286}, "datetime": {"datetime": "2024-06-13 17:15:21", "elapsed": 4.872977, "delta": 0.004986}}
{"target": -1480.2316261849007, "params": {"gamma": 7.522813791436128, "lr": 0.6177542796100679}, "datetime": {"datetime": "2024-06-13 17:15:21", "elapsed": 4.876966, "delta": 0.003989}}
{"target": -1718.8679564257818, "params": {"gamma": 8.792106406805418, "lr": 0.16880019007759361}, "datetime": {"datetime": "2024-06-13 17:15:21", "elapsed": 4.880956, "delta": 0.00399}}
{"target": -1939.6644392486087, "params": {"gamma": 7.0357737742820845, "lr": 0.9172601590800086}, "datetime": {"datetime": "2024-06-13 17:15:21", "elapsed": 4.884945, "delta": 0.003989}}
{"target": -253.31160088489887, "params": {"gamma": 1.508245851371479, "lr": 0.24376397739618116}, "datetime": {"datetime": "2024-06-13 17:15:21", "elapsed": 4.889932, "delta": 0.004987}}
{"target": -748.9186567290002, "params": {"gamma": 5.467299036335953, "lr": 0.3441193369759975}, "datetime": {"datetime": "2024-06-13 17:15:21", "elapsed": 4.893921, "delta": 0.003989}}
{"target": -2466.419559594391, "params": {"gamma": 6.90670016874316, "lr": 0.05756761842510749}, "datetime": {"datetime": "2024-06-13 17:15:21", "elapsed": 4.897911, "delta": 0.00399}}
{"target": -375.12956670383835, "params": {"gamma": 1.6084806590922747, "lr": 0.7162383064796215}, "datetime": {"datetime": "2024-06-13 17:15:21", "elapsed": 4.9019, "delta": 0.003989}}
{"target": -2671.3037385007165, "params": {"gamma": 9.706216365641005, "lr": 0.9295503765123406}, "datetime": {"datetime": "2024-06-13 17:15:21", "elapsed": 4.905889, "delta": 0.003989}}
{"target": -2248.1922266892257, "params": {"gamma": 9.010768867234715, "lr": 0.12774331390359328}, "datetime": {"datetime": "2024-06-13 17:15:21", "elapsed": 4.910876, "delta": 0.004987}}
{"target": -532.5701217180272, "params": {"gamma": 1.4601432517979631, "lr": 0.07226475681487265}, "datetime": {"datetime": "2024-06-13 17:15:21", "elapsed": 4.914866, "delta": 0.00399}}
{"target": -1464.1313028383843, "params": {"gamma": 5.425859791214765, "lr": 0.8824861729023715}, "datetime": {"datetime": "2024-06-13 17:15:21", "elapsed": 4.918854, "delta": 0.003988}}
{"target": -1305.2794575961632, "params": {"gamma": 5.318387208768819, "lr": 0.7817152853959399}, "datetime": {"datetime": "2024-06-13 17:15:21", "elapsed": 4.922844, "delta": 0.00399}}
{"target": -522.2813769946438, "params": {"gamma": 1.8853494153257044, "lr": 0.863111260166335}, "datetime": {"datetime": "2024-06-13 17:15:21", "elapsed": 4.926833, "delta": 0.003989}}
{"target": -677.1332569492522, "params": {"gamma": 1.8750602824827893, "lr": 0.054764126066523255}, "datetime": {"datetime": "2024-06-13 17:15:21", "elapsed": 4.93182, "delta": 0.004987}}
{"target": -741.513195833857, "params": {"gamma": 4.215488613270554, "lr": 0.5551044300084385}, "datetime": {"datetime": "2024-06-13 17:15:21", "elapsed": 4.935809, "delta": 0.003989}}
{"target": -2967.7043849650663, "params": {"gamma": 9.707449353204424, "lr": 0.09175383344119148}, "datetime": {"datetime": "2024-06-13 17:15:21", "elapsed": 4.939798, "delta": 0.003989}}
{"target": -780.733012595432, "params": {"gamma": 2.7399070142023203, "lr": 0.10510706908204948}, "datetime": {"datetime": "2024-06-13 17:15:21", "elapsed": 4.943788, "delta": 0.00399}}
{"target": -534.3348523188273, "params": {"gamma": 3.9050059277394262, "lr": 0.2890110831877697}, "datetime": {"datetime": "2024-06-13 17:15:21", "elapsed": 4.948774, "delta": 0.004986}}
{"target": -704.4103389498009, "params": {"gamma": 5.133490194329599, "lr": 0.348256681750747}, "datetime": {"datetime": "2024-06-13 17:15:21", "elapsed": 4.952764, "delta": 0.00399}}
{"target": -2268.12965086371, "params": {"gamma": 9.28235195448276, "lr": 0.7899477963830404}, "datetime": {"datetime": "2024-06-13 17:15:21", "elapsed": 4.956753, "delta": 0.003989}}
{"target": -2148.666538942378, "params": {"gamma": 8.610252674771141, "lr": 0.12950094594289585}, "datetime": {"datetime": "2024-06-13 17:15:21", "elapsed": 4.960742, "delta": 0.003989}}
{"target": -962.3306987603667, "params": {"gamma": 5.751126599720151, "lr": 0.21478253588485874}, "datetime": {"datetime": "2024-06-13 17:15:21", "elapsed": 4.965729, "delta": 0.004987}}
{"target": -3099.480093978014, "params": {"gamma": 8.682517475837448, "lr": 0.015019421753424078}, "datetime": {"datetime": "2024-06-13 17:15:21", "elapsed": 4.969718, "delta": 0.003989}}
{"target": -182.911950199693, "params": {"gamma": 1.0583364070853916, "lr": 0.3760570755473156}, "datetime": {"datetime": "2024-06-13 17:15:21", "elapsed": 4.973708, "delta": 0.00399}}
{"target": -585.0049910371222, "params": {"gamma": 4.021536967025843, "lr": 0.2772200829786826}, "datetime": {"datetime": "2024-06-13 17:15:21", "elapsed": 4.978694, "delta": 0.004986}}
{"target": -280.02070042707487, "params": {"gamma": 0.9615339246006319, "lr": 0.11873040511259358}, "datetime": {"datetime": "2024-06-13 17:15:21", "elapsed": 4.982685, "delta": 0.003991}}
{"target": -884.5745216225885, "params": {"gamma": 3.1801295937194918, "lr": 0.9507928340777205}, "datetime": {"datetime": "2024-06-13 17:15:21", "elapsed": 4.987671, "delta": 0.004986}}
{"target": -476.3241513026962, "params": {"gamma": 2.0748582416284203, "lr": 0.7472803210592225}, "datetime": {"datetime": "2024-06-13 17:15:21", "elapsed": 4.99166, "delta": 0.003989}}
{"target": -926.790372247868, "params": {"gamma": 2.5826284514108324, "lr": 0.03724025561078481}, "datetime": {"datetime": "2024-06-13 17:15:21", "elapsed": 4.995649, "delta": 0.003989}}
