{"target": -474.3605502955659, "params": {"gamma": 5.695374633041013, "prior": 1.693617224474527, "rate": 4.6693333476103005}, "datetime": {"datetime": "2024-06-14 12:31:09", "elapsed": 0.89312, "delta": 0.008977}}
{"target": -310.72906178942094, "params": {"gamma": 3.452375339500995, "prior": 2.327895582359438, "rate": 5.925526175789202}, "datetime": {"datetime": "2024-06-14 12:31:09", "elapsed": 0.901098, "delta": 0.007978}}
{"target": -272.56295898201444, "params": {"gamma": 3.1233861071814677, "prior": 9.171424979336672, "rate": 9.09644561399062}, "datetime": {"datetime": "2024-06-14 12:31:09", "elapsed": 0.910101, "delta": 0.009003}}
{"target": -246.32946324342723, "params": {"gamma": 2.57192581952818, "prior": 1.1978238773658891, "rate": 1.9304343574591094}, "datetime": {"datetime": "2024-06-14 12:31:09", "elapsed": 0.91905, "delta": 0.008949}}
{"target": -368.97795237704815, "params": {"gamma": 4.996342122618183, "prior": 7.312998112948502, "rate": 2.082736189649506}, "datetime": {"datetime": "2024-06-14 12:31:09", "elapsed": 0.927789, "delta": 0.008739}}
{"target": -227.82824508307164, "params": {"gamma": 2.48108755021393, "prior": 8.531551561870033, "rate": 4.159071333957006}, "datetime": {"datetime": "2024-06-14 12:31:09", "elapsed": 0.936321, "delta": 0.008532}}
{"target": -452.8799636899108, "params": {"gamma": 6.167233986485208, "prior": 2.413294778468576, "rate": 1.0205706269985484}, "datetime": {"datetime": "2024-06-14 12:31:09", "elapsed": 0.945297, "delta": 0.008976}}
{"target": -380.9885030641941, "params": {"gamma": 5.159054312668331, "prior": 4.8236957717928455, "rate": 1.5275637692875392}, "datetime": {"datetime": "2024-06-14 12:31:09", "elapsed": 0.954272, "delta": 0.008975}}
{"target": -487.3968457465813, "params": {"gamma": 6.218440511172415, "prior": 5.485700176257987, "rate": 6.541719332360473}, "datetime": {"datetime": "2024-06-14 12:31:09", "elapsed": 0.963249, "delta": 0.008977}}
{"target": -180.22623313691804, "params": {"gamma": 1.4463108557064734, "prior": 7.540125389638914, "rate": 2.221269348859427}, "datetime": {"datetime": "2024-06-14 12:31:09", "elapsed": 0.972424, "delta": 0.009175}}
{"target": -372.92673692675714, "params": {"gamma": 5.193998891835965, "prior": 7.8744306793940275, "rate": 0.22428194949007}, "datetime": {"datetime": "2024-06-14 12:31:09", "elapsed": 0.981401, "delta": 0.008977}}
{"target": -279.61630098777187, "params": {"gamma": 3.2443002348021386, "prior": 8.7419315263611, "rate": 8.447251366413093}, "datetime": {"datetime": "2024-06-14 12:31:09", "elapsed": 0.990376, "delta": 0.008975}}
{"target": -425.59199807400336, "params": {"gamma": 5.384867485352843, "prior": 8.67942191424848, "rate": 9.498110107544912}, "datetime": {"datetime": "2024-06-14 12:31:09", "elapsed": 0.998355, "delta": 0.007979}}
{"target": -552.9564479505453, "params": {"gamma": 8.264243569295784, "prior": 8.555742893981733, "rate": 0.9883352748016633}, "datetime": {"datetime": "2024-06-14 12:31:09", "elapsed": 1.007331, "delta": 0.008976}}
{"target": -498.1781621441765, "params": {"gamma": 6.51339201907757, "prior": 7.064818182711264, "rate": 6.102797885653651}, "datetime": {"datetime": "2024-06-14 12:31:09", "elapsed": 1.016307, "delta": 0.008976}}
{"target": -712.4832414780678, "params": {"gamma": 7.996353002098545, "prior": 0.4422550767291791, "rate": 7.702617106815245}, "datetime": {"datetime": "2024-06-14 12:31:09", "elapsed": 1.025283, "delta": 0.008976}}
{"target": -559.1752492771037, "params": {"gamma": 7.317554278794531, "prior": 2.671014093653696, "rate": 2.571435918922645}, "datetime": {"datetime": "2024-06-14 12:31:09", "elapsed": 1.03426, "delta": 0.008977}}
{"target": -515.3762931849509, "params": {"gamma": 6.323400870983849, "prior": 3.5184448697517077, "rate": 7.966090191394868}, "datetime": {"datetime": "2024-06-14 12:31:09", "elapsed": 1.043264, "delta": 0.009004}}
{"target": -364.9936066982858, "params": {"gamma": 4.46201617380257, "prior": 7.849219206363302, "rate": 9.904727364454784}, "datetime": {"datetime": "2024-06-14 12:31:09", "elapsed": 1.052211, "delta": 0.008947}}
{"target": -293.8695661004088, "params": {"gamma": 3.0031831469994668, "prior": 1.515757699755184, "rate": 9.01318305505639}, "datetime": {"datetime": "2024-06-14 12:31:09", "elapsed": 1.061188, "delta": 0.008977}}
{"target": -414.0756841447338, "params": {"gamma": 5.416052229494846, "prior": 9.749929671465313, "rate": 6.366407395618971}, "datetime": {"datetime": "2024-06-14 12:31:09", "elapsed": 1.069167, "delta": 0.007979}}
{"target": -748.7497409335579, "params": {"gamma": 9.939136333080178, "prior": 5.506100961015221, "rate": 5.264732913121308}, "datetime": {"datetime": "2024-06-14 12:31:09", "elapsed": 1.079143, "delta": 0.009976}}
{"target": -179.24297387095282, "params": {"gamma": 1.3551436028186268, "prior": 3.6214811927404233, "rate": 0.2631594543964365}, "datetime": {"datetime": "2024-06-14 12:31:09", "elapsed": 1.08812, "delta": 0.008977}}
{"target": -189.6017877254938, "params": {"gamma": 1.6047914000169714, "prior": 7.481808207804211, "rate": 0.3049664995979595}, "datetime": {"datetime": "2024-06-14 12:31:09", "elapsed": 1.097134, "delta": 0.009014}}
{"target": -302.97998642907856, "params": {"gamma": 3.6660644293402, "prior": 8.637227903096637, "rate": 6.927084497356036}, "datetime": {"datetime": "2024-06-14 12:31:09", "elapsed": 1.106556, "delta": 0.009422}}
{"target": -559.1173728590123, "params": {"gamma": 6.90973047851962, "prior": 1.9675043294575778, "rate": 4.419600903203486}, "datetime": {"datetime": "2024-06-14 12:31:09", "elapsed": 1.115041, "delta": 0.008485}}
{"target": -414.2631757027446, "params": {"gamma": 5.816192496035568, "prior": 9.898541905870681, "rate": 2.0398583461059854}, "datetime": {"datetime": "2024-06-14 12:31:09", "elapsed": 1.124021, "delta": 0.00898}}
{"target": -248.2042792357317, "params": {"gamma": 2.478081284721786, "prior": 2.695513529351828, "rate": 7.50197396056663}, "datetime": {"datetime": "2024-06-14 12:31:09", "elapsed": 1.132999, "delta": 0.008978}}
{"target": -414.17529516254734, "params": {"gamma": 4.570296299029493, "prior": 0.6636014402698404, "rate": 5.085653889861787}, "datetime": {"datetime": "2024-06-14 12:31:09", "elapsed": 1.141978, "delta": 0.008979}}
{"target": -208.5469876107874, "params": {"gamma": 2.120389686272116, "prior": 8.006182023126081, "rate": 2.9740164836912153}, "datetime": {"datetime": "2024-06-14 12:31:09", "elapsed": 1.150957, "delta": 0.008979}}
{"target": -151.38911354634803, "params": {"gamma": 0.2770325135330818, "prior": 5.9749812496997485, "rate": 8.438560448882956}, "datetime": {"datetime": "2024-06-14 12:31:09", "elapsed": 1.159939, "delta": 0.008982}}
{"target": -309.28285095711146, "params": {"gamma": 3.81078022449808, "prior": 7.52359727618882, "rate": 5.111903641492986}, "datetime": {"datetime": "2024-06-14 12:31:09", "elapsed": 1.168911, "delta": 0.008972}}
{"target": -420.15047727296957, "params": {"gamma": 5.409977097816925, "prior": 9.598399778511348, "rate": 8.039804954094969}, "datetime": {"datetime": "2024-06-14 12:31:09", "elapsed": 1.1779, "delta": 0.008989}}
{"target": -152.24843717366684, "params": {"gamma": 0.3241983431691163, "prior": 7.1229337871898215, "rate": 4.650549814153498}, "datetime": {"datetime": "2024-06-14 12:31:09", "elapsed": 1.185881, "delta": 0.007981}}
{"target": -724.3340364176327, "params": {"gamma": 9.475541865009603, "prior": 2.2921840698025346, "rate": 2.6714531248239735}, "datetime": {"datetime": "2024-06-14 12:31:09", "elapsed": 1.194856, "delta": 0.008975}}
{"target": -161.60447247931225, "params": {"gamma": 0.8156581748077427, "prior": 4.343326403771487, "rate": 1.091078621426664}, "datetime": {"datetime": "2024-06-14 12:31:09", "elapsed": 1.203835, "delta": 0.008979}}
{"target": -485.88672108476385, "params": {"gamma": 6.3382338193585674, "prior": 8.049336050000004, "rate": 6.968308160705665}, "datetime": {"datetime": "2024-06-14 12:31:09", "elapsed": 1.212813, "delta": 0.008978}}
{"target": -618.83905275612, "params": {"gamma": 7.66234759937663, "prior": 3.4902957864508464, "rate": 8.45866897879375}, "datetime": {"datetime": "2024-06-14 12:31:09", "elapsed": 1.221791, "delta": 0.008978}}
{"target": -342.13232904928935, "params": {"gamma": 4.2882589812194265, "prior": 8.257697717081955, "rate": 6.265335090084314}, "datetime": {"datetime": "2024-06-14 12:31:09", "elapsed": 1.230768, "delta": 0.008977}}
{"target": -179.98463965649498, "params": {"gamma": 1.435087063653779, "prior": 0.8760303085639848, "rate": 0.1843080964871599}, "datetime": {"datetime": "2024-06-14 12:31:09", "elapsed": 1.23975, "delta": 0.008982}}
{"target": -158.4547584500235, "params": {"gamma": 0.6681832513959254, "prior": 4.639979755713475, "rate": 1.1343058857531372}, "datetime": {"datetime": "2024-06-14 12:31:09", "elapsed": 1.247725, "delta": 0.007975}}
{"target": -151.93363148931678, "params": {"gamma": 0.27880570513785086, "prior": 7.573128665765627, "rate": 3.949109954125934}, "datetime": {"datetime": "2024-06-14 12:31:09", "elapsed": 1.256701, "delta": 0.008976}}
{"target": -570.8770622477629, "params": {"gamma": 7.469638017579644, "prior": 4.57880778478987, "rate": 4.501417383260611}, "datetime": {"datetime": "2024-06-14 12:31:09", "elapsed": 1.265679, "delta": 0.008978}}
{"target": -394.2148349094531, "params": {"gamma": 4.7812469946715925, "prior": 4.79263887296572, "rate": 8.031830257799582}, "datetime": {"datetime": "2024-06-14 12:31:09", "elapsed": 1.274655, "delta": 0.008976}}
{"target": -307.1907269920022, "params": {"gamma": 4.024522806057501, "prior": 9.056392987401868, "rate": 0.3715734184924046}, "datetime": {"datetime": "2024-06-14 12:31:09", "elapsed": 1.283631, "delta": 0.008976}}
{"target": -648.1073012480811, "params": {"gamma": 7.738969552861467, "prior": 1.3438496732636145, "rate": 6.185517155553943}, "datetime": {"datetime": "2024-06-14 12:31:09", "elapsed": 1.292609, "delta": 0.008978}}
{"target": -151.4169798288662, "params": {"gamma": 0.10463224909098416, "prior": 5.4324100975058345, "rate": 0.031176548239344033}, "datetime": {"datetime": "2024-06-14 12:31:09", "elapsed": 1.301588, "delta": 0.008979}}
{"target": -713.6698468585347, "params": {"gamma": 9.511986661116556, "prior": 9.063480133657503, "rate": 7.959873452480752}, "datetime": {"datetime": "2024-06-14 12:31:09", "elapsed": 1.309573, "delta": 0.007985}}
{"target": -694.6729183513585, "params": {"gamma": 9.15282792482796, "prior": 1.541026488468131, "rate": 1.5781429686354622}, "datetime": {"datetime": "2024-06-14 12:31:09", "elapsed": 1.318544, "delta": 0.008971}}
{"target": -206.13980459470721, "params": {"gamma": 1.8771290973514374, "prior": 6.262709432769219, "rate": 9.05818915058701}, "datetime": {"datetime": "2024-06-14 12:31:09", "elapsed": 1.327919, "delta": 0.009375}}
{"target": -749.2738089134846, "params": {"gamma": 9.899561828412377, "prior": 7.1401123417815775, "rate": 7.318272291013812}, "datetime": {"datetime": "2024-06-14 12:31:09", "elapsed": 1.336895, "delta": 0.008976}}
{"target": -667.1162644860574, "params": {"gamma": 9.093022752238, "prior": 4.0686499504740965, "rate": 2.4992569515701426}, "datetime": {"datetime": "2024-06-14 12:31:09", "elapsed": 1.344876, "delta": 0.007981}}
{"target": -211.539540548989, "params": {"gamma": 1.7351282777004415, "prior": 1.2826247983039172, "rate": 8.126293269740254}, "datetime": {"datetime": "2024-06-14 12:31:09", "elapsed": 1.353854, "delta": 0.008978}}
{"target": -191.43404537006384, "params": {"gamma": 1.4687769417990144, "prior": 2.716545078996317, "rate": 8.191072697156674}, "datetime": {"datetime": "2024-06-14 12:31:09", "elapsed": 1.362864, "delta": 0.00901}}
{"target": -257.2769998548033, "params": {"gamma": 3.106561930690306, "prior": 9.825932748000135, "rate": 2.6671203828142005}, "datetime": {"datetime": "2024-06-14 12:31:09", "elapsed": 1.371811, "delta": 0.008947}}
{"target": -448.4273689227405, "params": {"gamma": 5.336999796367143, "prior": 3.2132234107399116, "rate": 9.1078175389072}, "datetime": {"datetime": "2024-06-14 12:31:09", "elapsed": 1.38079, "delta": 0.008979}}
{"target": -309.8530133823005, "params": {"gamma": 3.666199881868493, "prior": 4.392564040004329, "rate": 5.123414630091336}, "datetime": {"datetime": "2024-06-14 12:31:09", "elapsed": 1.389773, "delta": 0.008983}}
{"target": -830.7146571200113, "params": {"gamma": 9.388925887219763, "prior": 0.4063951620843921, "rate": 7.1690697576532605}, "datetime": {"datetime": "2024-06-14 12:31:09", "elapsed": 1.398748, "delta": 0.008975}}
{"target": -782.7254111095792, "params": {"gamma": 8.910298523969097, "prior": 0.37014351282294133, "rate": 5.220990421277856}, "datetime": {"datetime": "2024-06-14 12:31:09", "elapsed": 1.407564, "delta": 0.008816}}
{"target": -274.65583846725724, "params": {"gamma": 3.2605721278884827, "prior": 8.6089442765693, "rate": 5.585606992674257}, "datetime": {"datetime": "2024-06-14 12:31:09", "elapsed": 1.415546, "delta": 0.007982}}
{"target": -541.6351011686296, "params": {"gamma": 6.902588453759316, "prior": 4.58324964952022, "rate": 6.2834620661760505}, "datetime": {"datetime": "2024-06-14 12:31:09", "elapsed": 1.424525, "delta": 0.008979}}
{"target": -304.741894395003, "params": {"gamma": 2.901678420022571, "prior": 0.19255092186850625, "rate": 5.767982593935921}, "datetime": {"datetime": "2024-06-14 12:31:09", "elapsed": 1.433501, "delta": 0.008976}}
{"target": -281.5488795928157, "params": {"gamma": 3.1151306971104957, "prior": 5.220949225161185, "rate": 9.164142124685924}, "datetime": {"datetime": "2024-06-14 12:31:09", "elapsed": 1.44248, "delta": 0.008979}}
{"target": -354.78125736360926, "params": {"gamma": 4.265321410225459, "prior": 2.549220762363616, "rate": 3.7135663190292654}, "datetime": {"datetime": "2024-06-14 12:31:09", "elapsed": 1.451459, "delta": 0.008979}}
{"target": -700.8637006912285, "params": {"gamma": 9.31867930524877, "prior": 9.374996974960027, "rate": 8.443455155708566}, "datetime": {"datetime": "2024-06-14 12:31:09", "elapsed": 1.460436, "delta": 0.008977}}
{"target": -651.5294723847294, "params": {"gamma": 9.202144936542298, "prior": 2.356212870518038, "rate": 0.8757346133263552}, "datetime": {"datetime": "2024-06-14 12:31:09", "elapsed": 1.469421, "delta": 0.008985}}
{"target": -218.01856291915536, "params": {"gamma": 2.273870053110603, "prior": 3.2123284995290997, "rate": 1.7484839976867594}, "datetime": {"datetime": "2024-06-14 12:31:09", "elapsed": 1.47839, "delta": 0.008969}}
{"target": -491.9320492627084, "params": {"gamma": 6.071334525562633, "prior": 4.194505508511497, "rate": 8.163698766760314}, "datetime": {"datetime": "2024-06-14 12:31:09", "elapsed": 1.487261, "delta": 0.008871}}
{"target": -196.32610610882088, "params": {"gamma": 1.8521188522920375, "prior": 7.048577644587473, "rate": 2.4043158928665394}, "datetime": {"datetime": "2024-06-14 12:31:09", "elapsed": 1.49524, "delta": 0.007979}}
{"target": -406.19322271115993, "params": {"gamma": 5.742616669319757, "prior": 3.55497721248581, "rate": 0.5705870304288444}, "datetime": {"datetime": "2024-06-14 12:31:09", "elapsed": 1.504216, "delta": 0.008976}}
{"target": -221.3159698949302, "params": {"gamma": 2.288907895932798, "prior": 6.674615298012455, "rate": 4.973003683511953}, "datetime": {"datetime": "2024-06-14 12:31:09", "elapsed": 1.51276, "delta": 0.008544}}
{"target": -440.10568319446827, "params": {"gamma": 5.190640824752714, "prior": 1.8297294860783329, "rate": 5.7075877996110185}, "datetime": {"datetime": "2024-06-14 12:31:10", "elapsed": 1.521738, "delta": 0.008978}}
{"target": -737.1153589759699, "params": {"gamma": 9.967537498656892, "prior": 8.186667577037056, "rate": 5.944131865685947}, "datetime": {"datetime": "2024-06-14 12:31:10", "elapsed": 1.530714, "delta": 0.008976}}
{"target": -717.583899026965, "params": {"gamma": 9.759914694240718, "prior": 9.025469588226281, "rate": 5.956483728092853}, "datetime": {"datetime": "2024-06-14 12:31:10", "elapsed": 1.539691, "delta": 0.008977}}
{"target": -152.27464140891715, "params": {"gamma": 0.32523082681925664, "prior": 1.0264132485930595, "rate": 0.6546517787072217}, "datetime": {"datetime": "2024-06-14 12:31:10", "elapsed": 1.548666, "delta": 0.008975}}
{"target": -385.784249816477, "params": {"gamma": 4.517879753766062, "prior": 3.816804848361792, "rate": 9.753524992668595}, "datetime": {"datetime": "2024-06-14 12:31:10", "elapsed": 1.557649, "delta": 0.008983}}
{"target": -192.1974235510479, "params": {"gamma": 1.6806649487029495, "prior": 9.730597160133286, "rate": 7.674981213761269}, "datetime": {"datetime": "2024-06-14 12:31:10", "elapsed": 1.566628, "delta": 0.008979}}
{"target": -629.4621018940711, "params": {"gamma": 8.242554158405353, "prior": 6.362896586102173, "rate": 6.6876589692971145}, "datetime": {"datetime": "2024-06-14 12:31:10", "elapsed": 1.575606, "delta": 0.008978}}
{"target": -443.0815503434463, "params": {"gamma": 4.769346452878413, "prior": 0.23004993353841524, "rate": 3.530707849332706}, "datetime": {"datetime": "2024-06-14 12:31:10", "elapsed": 1.584582, "delta": 0.008976}}
{"target": -380.33962056973513, "params": {"gamma": 4.9212259431340915, "prior": 7.327902989792033, "rate": 4.686814799118347}, "datetime": {"datetime": "2024-06-14 12:31:10", "elapsed": 1.593561, "delta": 0.008979}}
{"target": -335.45655286280436, "params": {"gamma": 4.574591755978228, "prior": 1.4628611353614713, "rate": 0.10987644930098642}, "datetime": {"datetime": "2024-06-14 12:31:10", "elapsed": 1.602537, "delta": 0.008976}}
{"target": -620.7361953102394, "params": {"gamma": 7.583024326509486, "prior": 3.267533096969016, "rate": 9.843850118484914}, "datetime": {"datetime": "2024-06-14 12:31:10", "elapsed": 1.611515, "delta": 0.008978}}
{"target": -224.15832281323873, "params": {"gamma": 2.2031220273654006, "prior": 3.453209452268629, "rate": 5.239437460525651}, "datetime": {"datetime": "2024-06-14 12:31:10", "elapsed": 1.619494, "delta": 0.007979}}
{"target": -529.6687808603295, "params": {"gamma": 7.549159679148268, "prior": 4.692192060612927, "rate": 1.2491006085736511}, "datetime": {"datetime": "2024-06-14 12:31:10", "elapsed": 1.628473, "delta": 0.008979}}
{"target": -277.39117315789844, "params": {"gamma": 3.125701283542003, "prior": 5.094739780039847, "rate": 6.73881623116066}, "datetime": {"datetime": "2024-06-14 12:31:10", "elapsed": 1.637286, "delta": 0.008813}}
{"target": -526.2063147747713, "params": {"gamma": 7.70172941316461, "prior": 1.3903242314481075, "rate": 0.23012839809249527}, "datetime": {"datetime": "2024-06-14 12:31:10", "elapsed": 1.646262, "delta": 0.008976}}
{"target": -375.12256301782713, "params": {"gamma": 5.191304139797683, "prior": 8.118888235557922, "rate": 0.12702506653173326}, "datetime": {"datetime": "2024-06-14 12:31:10", "elapsed": 1.655238, "delta": 0.008976}}
{"target": -503.8380621472796, "params": {"gamma": 6.725025976692686, "prior": 6.899401443904219, "rate": 4.49301828911279}, "datetime": {"datetime": "2024-06-14 12:31:10", "elapsed": 1.664214, "delta": 0.008976}}
{"target": -600.3148500851673, "params": {"gamma": 9.1479720787326, "prior": 6.47917473909423, "rate": 0.05339313667700704}, "datetime": {"datetime": "2024-06-14 12:31:10", "elapsed": 1.67319, "delta": 0.008976}}
{"target": -384.84556917081244, "params": {"gamma": 4.844800026698242, "prior": 8.60724628036624, "rate": 8.304165300803357}, "datetime": {"datetime": "2024-06-14 12:31:10", "elapsed": 1.682166, "delta": 0.008976}}
{"target": -496.3173076944076, "params": {"gamma": 6.491892816927667, "prior": 6.769614396596453, "rate": 5.7854172983122165}, "datetime": {"datetime": "2024-06-14 12:31:10", "elapsed": 1.691142, "delta": 0.008976}}
{"target": -252.18437051120506, "params": {"gamma": 2.741923631893355, "prior": 5.649246906306982, "rate": 6.717626118389386}, "datetime": {"datetime": "2024-06-14 12:31:10", "elapsed": 1.700118, "delta": 0.008976}}
{"target": -279.35177896354935, "params": {"gamma": 3.5249438725338718, "prior": 8.572700835813885, "rate": 1.9511798226010642}, "datetime": {"datetime": "2024-06-14 12:31:10", "elapsed": 1.709094, "delta": 0.008976}}
{"target": -607.1146135123494, "params": {"gamma": 7.473460782508901, "prior": 2.9670671872500867, "rate": 7.738219073154577}, "datetime": {"datetime": "2024-06-14 12:31:10", "elapsed": 1.71807, "delta": 0.008976}}
{"target": -331.22607832472744, "params": {"gamma": 4.277945556031427, "prior": 8.096214250210874, "rate": 3.535995091817236}, "datetime": {"datetime": "2024-06-14 12:31:10", "elapsed": 1.726048, "delta": 0.007978}}
{"target": -209.66552537767132, "params": {"gamma": 2.137718683058182, "prior": 7.696116633375489, "rate": 3.0871108343588807}, "datetime": {"datetime": "2024-06-14 12:31:10", "elapsed": 1.735024, "delta": 0.008976}}
{"target": -519.0057266758992, "params": {"gamma": 7.332717432196549, "prior": 7.4702842154695475, "rate": 2.2147456123811025}, "datetime": {"datetime": "2024-06-14 12:31:10", "elapsed": 1.744001, "delta": 0.008977}}
{"target": -213.13283494552982, "params": {"gamma": 2.141907256069664, "prior": 2.0695844419279603, "rate": 1.4260408593206808}, "datetime": {"datetime": "2024-06-14 12:31:10", "elapsed": 1.752976, "delta": 0.008975}}
{"target": -336.44105304776383, "params": {"gamma": 3.7714489094741337, "prior": 0.3636160584470526, "rate": 1.110092769973372}, "datetime": {"datetime": "2024-06-14 12:31:10", "elapsed": 1.761952, "delta": 0.008976}}
{"target": -460.79125351157523, "params": {"gamma": 6.745965673610343, "prior": 8.017787715284124, "rate": 0.8062147417567307}, "datetime": {"datetime": "2024-06-14 12:31:10", "elapsed": 1.770928, "delta": 0.008976}}
{"target": -243.52452158098512, "params": {"gamma": 2.3177914025474347, "prior": 2.1554940518577625, "rate": 9.173418297253225}, "datetime": {"datetime": "2024-06-14 12:31:10", "elapsed": 1.779906, "delta": 0.008978}}
