{"target": -109.74035448828609, "params": {"p_ai": 4.634748122750124, "p_al": 5.099229852311732, "p_ex": 5.116287316757662, "prior": 9.971390854869842, "rate": 1.296828576884128}, "datetime": {"datetime": "2024-06-13 01:26:13", "elapsed": 65.401499, "delta": 0.117685}}
{"target": -119.14221737775786, "params": {"p_ai": 7.561942713988967, "p_al": 7.937773715501701, "p_ex": 5.849241105106437, "prior": 4.627919064512984, "rate": 8.934372946865443}, "datetime": {"datetime": "2024-06-13 01:26:13", "elapsed": 65.516192, "delta": 0.114693}}
{"target": -149.84463247169546, "params": {"p_ai": 8.281974010512174, "p_al": 0.5038590693510084, "p_ex": 9.629874547125452, "prior": 0.07439157764468438, "rate": 5.731748914634736}, "datetime": {"datetime": "2024-06-13 01:26:13", "elapsed": 65.62889, "delta": 0.112698}}
{"target": -115.64823610110705, "params": {"p_ai": 5.7247357384538, "p_al": 8.343962268240377, "p_ex": 3.8477759631858306, "prior": 0.911317649590776, "rate": 5.81729100641988}, "datetime": {"datetime": "2024-06-13 01:26:14", "elapsed": 65.742422, "delta": 0.113532}}
{"target": -164.09559495475065, "params": {"p_ai": 0.24943375777694893, "p_al": 3.618595813310707, "p_ex": 9.853182704051143, "prior": 8.687919916680645, "rate": 1.525814920870293}, "datetime": {"datetime": "2024-06-13 01:26:14", "elapsed": 65.857115, "delta": 0.114693}}
{"target": -126.85735716994323, "params": {"p_ai": 7.988462064471767, "p_al": 8.110158197295846, "p_ex": 9.282143984052633, "prior": 2.2446182761738016, "rate": 4.990175777525101}, "datetime": {"datetime": "2024-06-13 01:26:14", "elapsed": 65.970813, "delta": 0.113698}}
{"target": -131.28993894727589, "params": {"p_ai": 8.274613470019348, "p_al": 6.673670516196978, "p_ex": 5.939767497694312, "prior": 6.520106231886649, "rate": 2.385921611977331}, "datetime": {"datetime": "2024-06-13 01:26:14", "elapsed": 66.083986, "delta": 0.113173}}
{"target": -112.12645120674101, "params": {"p_ai": 0.2563753086730316, "p_al": 7.362836317207894, "p_ex": 3.268591461483445, "prior": 3.7681921123145443, "rate": 6.126547925441392}, "datetime": {"datetime": "2024-06-13 01:26:14", "elapsed": 66.197246, "delta": 0.11326}}
{"target": -107.48178971833242, "params": {"p_ai": 6.571993258592808, "p_al": 2.0297861073278014, "p_ex": 8.260489346916343, "prior": 3.802685845849549, "rate": 6.317812340605414}, "datetime": {"datetime": "2024-06-13 01:26:14", "elapsed": 66.312114, "delta": 0.114868}}
{"target": -149.24729059326904, "params": {"p_ai": 9.664147745107453, "p_al": 5.648297566431096, "p_ex": 3.58975250674678, "prior": 6.1900821172926825, "rate": 5.018429387513632}, "datetime": {"datetime": "2024-06-13 01:26:14", "elapsed": 66.42521, "delta": 0.113096}}
{"target": -103.43527559894413, "params": {"p_ai": 4.524310101530738, "p_al": 7.32297507682793, "p_ex": 9.245176989691043, "prior": 4.793234881420612, "rate": 0.8832132798499579}, "datetime": {"datetime": "2024-06-13 01:26:14", "elapsed": 66.538906, "delta": 0.113696}}
{"target": -141.5086531608913, "params": {"p_ai": 5.696965913284056, "p_al": 2.450263600293229, "p_ex": 0.3967395368422162, "prior": 7.881613926230188, "rate": 2.728409598411216}, "datetime": {"datetime": "2024-06-13 01:26:15", "elapsed": 66.652654, "delta": 0.113748}}
{"target": -165.9639926371841, "params": {"p_ai": 7.7709278589308965, "p_al": 4.882601221938961, "p_ex": 3.1800409748600784, "prior": 3.1409404750589167, "rate": 0.42120557610105835}, "datetime": {"datetime": "2024-06-13 01:26:15", "elapsed": 66.769341, "delta": 0.116687}}
{"target": -148.01210872837092, "params": {"p_ai": 5.344463969208603, "p_al": 8.235692008411606, "p_ex": 0.8398696296412803, "prior": 1.0864784973815673, "rate": 5.293030012750302}, "datetime": {"datetime": "2024-06-13 01:26:15", "elapsed": 66.881963, "delta": 0.112622}}
{"target": -136.26617252741505, "params": {"p_ai": 6.601757954426345, "p_al": 6.947765177374281, "p_ex": 3.1329037297737132, "prior": 0.37873998028565886, "rate": 4.146214234044257}, "datetime": {"datetime": "2024-06-13 01:26:15", "elapsed": 66.995961, "delta": 0.113998}}
{"target": -91.32166221326555, "params": {"p_ai": 2.2612156645820662, "p_al": 0.012147187693814215, "p_ex": 6.857480005685141, "prior": 9.520673328006277, "rate": 3.9121264535897473}, "datetime": {"datetime": "2024-06-13 01:26:15", "elapsed": 67.109002, "delta": 0.113041}}
{"target": -81.55383728069071, "params": {"p_ai": 3.0036839952852596, "p_al": 5.537964374290343, "p_ex": 8.519910604390748, "prior": 7.9498792795045405, "rate": 6.847882293080787}, "datetime": {"datetime": "2024-06-13 01:26:15", "elapsed": 67.222414, "delta": 0.113412}}
{"target": -107.60815465784617, "params": {"p_ai": 4.321638805905765, "p_al": 6.904649764523284, "p_ex": 2.161037487164819, "prior": 2.8401504350246216, "rate": 7.778428288392944}, "datetime": {"datetime": "2024-06-13 01:26:15", "elapsed": 67.337133, "delta": 0.114719}}
{"target": -144.81977308390523, "params": {"p_ai": 9.299871383327218, "p_al": 1.9013049866632814, "p_ex": 2.9613368308929076, "prior": 0.06309646163797043, "rate": 4.316190890558737}, "datetime": {"datetime": "2024-06-13 01:26:15", "elapsed": 67.450337, "delta": 0.113204}}
{"target": -122.45304514285489, "params": {"p_ai": 2.103740422454257, "p_al": 6.414606400753661, "p_ex": 7.096182567565407, "prior": 1.188658366270452, "rate": 0.8223578763172843}, "datetime": {"datetime": "2024-06-13 01:26:15", "elapsed": 67.564033, "delta": 0.113696}}
{"target": -132.97806988530468, "params": {"p_ai": 9.063444360733778, "p_al": 3.8929983086548985, "p_ex": 5.334501569162878, "prior": 9.632452407571792, "rate": 7.590781068151137}, "datetime": {"datetime": "2024-06-13 01:26:16", "elapsed": 67.67657, "delta": 0.112537}}
{"target": -110.78827420841672, "params": {"p_ai": 3.256077435692296, "p_al": 0.8594071619018152, "p_ex": 5.360704142867423, "prior": 3.3619183039303744, "rate": 0.21783235985649294}, "datetime": {"datetime": "2024-06-13 01:26:16", "elapsed": 67.790266, "delta": 0.113696}}
{"target": -118.42927529178588, "params": {"p_ai": 7.711752180204535, "p_al": 3.849706389409975, "p_ex": 5.713640179437297, "prior": 7.557672815106508, "rate": 9.408533351590556}, "datetime": {"datetime": "2024-06-13 01:26:16", "elapsed": 67.902964, "delta": 0.112698}}
{"target": -137.4523957846983, "params": {"p_ai": 6.123611064507542, "p_al": 3.1546463916226513, "p_ex": 1.1016550019623323, "prior": 0.7401149602248109, "rate": 3.197588047953422}, "datetime": {"datetime": "2024-06-13 01:26:16", "elapsed": 68.017221, "delta": 0.114257}}
{"target": -152.54493555209862, "params": {"p_ai": 6.608730550421095, "p_al": 6.9518254952121765, "p_ex": 2.0779726825898135, "prior": 0.8288765899448861, "rate": 3.055801102199025}, "datetime": {"datetime": "2024-06-13 01:26:16", "elapsed": 68.130979, "delta": 0.113758}}
{"target": -102.54767802284968, "params": {"p_ai": 5.476198023985873, "p_al": 7.546942075074172, "p_ex": 5.297043548379857, "prior": 2.8705505437179983, "rate": 6.242173052915846}, "datetime": {"datetime": "2024-06-13 01:26:16", "elapsed": 68.243632, "delta": 0.112653}}
{"target": -81.93406350390192, "params": {"p_ai": 2.649101715106782, "p_al": 6.527276450430897, "p_ex": 8.419138180259552, "prior": 6.389839255863949, "rate": 5.656749058298363}, "datetime": {"datetime": "2024-06-13 01:26:16", "elapsed": 68.357497, "delta": 0.113865}}
{"target": -81.54156099399258, "params": {"p_ai": 3.072113950599342, "p_al": 8.767893622339674, "p_ex": 9.888230025288278, "prior": 7.775016832668201, "rate": 5.736864931846622}, "datetime": {"datetime": "2024-06-13 01:26:16", "elapsed": 68.471191, "delta": 0.113694}}
{"target": -93.95564851991683, "params": {"p_ai": 1.4136520470773757, "p_al": 3.1499752949036433, "p_ex": 3.669226326593246, "prior": 2.9196603150536307, "rate": 4.46008219467453}, "datetime": {"datetime": "2024-06-13 01:26:16", "elapsed": 68.583561, "delta": 0.11237}}
{"target": -117.54944838857915, "params": {"p_ai": 6.106714536159591, "p_al": 2.129932990561121, "p_ex": 2.4983477831127514, "prior": 1.1223926817277465, "rate": 3.07657830315885}, "datetime": {"datetime": "2024-06-13 01:26:17", "elapsed": 68.69713, "delta": 0.113569}}
{"target": -86.72527653929068, "params": {"p_ai": 4.9749853375678486, "p_al": 4.898588039316173, "p_ex": 9.955776541252115, "prior": 9.811104522073206, "rate": 4.366191154039751}, "datetime": {"datetime": "2024-06-13 01:26:17", "elapsed": 68.811551, "delta": 0.114421}}
{"target": -139.70702293933724, "params": {"p_ai": 9.720234197281384, "p_al": 2.1447646438539647, "p_ex": 5.411667740203425, "prior": 4.534899709382847, "rate": 9.67612136622795}, "datetime": {"datetime": "2024-06-13 01:26:17", "elapsed": 68.929486, "delta": 0.117935}}
{"target": -128.72497338126462, "params": {"p_ai": 8.361926055130448, "p_al": 2.142255100882632, "p_ex": 4.395951482451757, "prior": 1.685601239492825, "rate": 5.29134301734205}, "datetime": {"datetime": "2024-06-13 01:26:17", "elapsed": 69.043127, "delta": 0.113641}}
{"target": -139.8171772054812, "params": {"p_ai": 7.935053256996167, "p_al": 0.35975561051120136, "p_ex": 1.9143974164796644, "prior": 9.77457818836577, "rate": 9.608012262900427}, "datetime": {"datetime": "2024-06-13 01:26:17", "elapsed": 69.156413, "delta": 0.113286}}
{"target": -115.55262433111535, "params": {"p_ai": 5.566359999361917, "p_al": 6.461261124237896, "p_ex": 2.7216580499184504, "prior": 9.520958766042686, "rate": 6.698078288466073}, "datetime": {"datetime": "2024-06-13 01:26:17", "elapsed": 69.271109, "delta": 0.114696}}
{"target": -103.24918959765884, "params": {"p_ai": 6.6684131433924785, "p_al": 0.11202223036585872, "p_ex": 8.529845528647078, "prior": 7.78348386058334, "rate": 6.849555045051163}, "datetime": {"datetime": "2024-06-13 01:26:17", "elapsed": 69.385018, "delta": 0.113909}}
{"target": -124.3716579454661, "params": {"p_ai": 7.4080773483828315, "p_al": 1.5665676735591734, "p_ex": 7.188031753433652, "prior": 0.9690872885214075, "rate": 7.069787530938304}, "datetime": {"datetime": "2024-06-13 01:26:17", "elapsed": 69.507198, "delta": 0.12218}}
{"target": -102.63957899995918, "params": {"p_ai": 0.027315329458906884, "p_al": 7.76228166881635, "p_ex": 4.916080290630613, "prior": 2.044664276112351, "rate": 7.292736897839507}, "datetime": {"datetime": "2024-06-13 01:26:17", "elapsed": 69.627763, "delta": 0.120565}}
{"target": -106.6516544518705, "params": {"p_ai": 3.1572256636998253, "p_al": 8.83829208238512, "p_ex": 1.803155018796988, "prior": 9.385567992205967, "rate": 9.707530730383564}, "datetime": {"datetime": "2024-06-13 01:26:18", "elapsed": 69.741343, "delta": 0.11358}}
{"target": -83.56414727627215, "params": {"p_ai": 3.0455479552792557, "p_al": 8.625001510643305, "p_ex": 8.421949009551232, "prior": 4.246702488235933, "rate": 3.637480394119995}, "datetime": {"datetime": "2024-06-13 01:26:18", "elapsed": 69.854547, "delta": 0.113204}}
{"target": -107.73820845901756, "params": {"p_ai": 2.825092294877215, "p_al": 9.93237460787099, "p_ex": 2.5582545184920447, "prior": 9.206835301993463, "rate": 4.283923802383466}, "datetime": {"datetime": "2024-06-13 01:26:18", "elapsed": 69.970238, "delta": 0.115691}}
{"target": -163.82736915555458, "params": {"p_ai": 9.354334696401745, "p_al": 8.38860949714763, "p_ex": 1.5586174788295128, "prior": 5.743259260154481, "rate": 6.7353566438421755}, "datetime": {"datetime": "2024-06-13 01:26:18", "elapsed": 70.08706, "delta": 0.116822}}
{"target": -115.905877973837, "params": {"p_ai": 4.058798239584453, "p_al": 0.04976556777778367, "p_ex": 3.2539879663598352, "prior": 8.389610534784513, "rate": 0.629176978192477}, "datetime": {"datetime": "2024-06-13 01:26:18", "elapsed": 70.204745, "delta": 0.117685}}
{"target": -100.56813832289271, "params": {"p_ai": 1.0550920446467325, "p_al": 7.0181716777726475, "p_ex": 5.142068519294122, "prior": 4.9821700831201285, "rate": 3.736723579545134}, "datetime": {"datetime": "2024-06-13 01:26:18", "elapsed": 70.321512, "delta": 0.116767}}
{"target": -125.38194502181425, "params": {"p_ai": 6.035532653096519, "p_al": 8.514836200003508, "p_ex": 2.7699536416334585, "prior": 8.447768867073506, "rate": 4.166774866572612}, "datetime": {"datetime": "2024-06-13 01:26:18", "elapsed": 70.439197, "delta": 0.117685}}
{"target": -112.0550878690184, "params": {"p_ai": 5.010339139927012, "p_al": 7.296504162303235, "p_ex": 2.5879583533585664, "prior": 9.216447549642744, "rate": 7.020992572824255}, "datetime": {"datetime": "2024-06-13 01:26:18", "elapsed": 70.555886, "delta": 0.116689}}
{"target": -107.77176227601356, "params": {"p_ai": 6.189685300551793, "p_al": 2.7308153642818653, "p_ex": 6.958788715138101, "prior": 2.5728902697861002, "rate": 8.164710250604447}, "datetime": {"datetime": "2024-06-13 01:26:19", "elapsed": 70.672573, "delta": 0.116687}}
{"target": -121.96051797039142, "params": {"p_ai": 0.11571307777403769, "p_al": 1.6662098984717895, "p_ex": 5.578732058631829, "prior": 7.12309771502542, "rate": 4.925314058477191}, "datetime": {"datetime": "2024-06-13 01:26:19", "elapsed": 70.793136, "delta": 0.120563}}
{"target": -138.7872151833825, "params": {"p_ai": 8.77821720529802, "p_al": 9.758723505691574, "p_ex": 4.643306398374889, "prior": 7.680101807848576, "rate": 4.9482265662014395}, "datetime": {"datetime": "2024-06-13 01:26:19", "elapsed": 70.908826, "delta": 0.11569}}
{"target": -137.64413787985228, "params": {"p_ai": 6.651322684579871, "p_al": 2.2495249246936897, "p_ex": 1.0963076304454686, "prior": 9.790110366804328, "rate": 8.150131602400142}, "datetime": {"datetime": "2024-06-13 01:26:19", "elapsed": 71.051047, "delta": 0.142221}}
{"target": -92.51121356095365, "params": {"p_ai": 2.85454994096286, "p_al": 5.858698015894784, "p_ex": 3.8013319815826336, "prior": 1.7642040696578871, "rate": 4.188932595381877}, "datetime": {"datetime": "2024-06-13 01:26:19", "elapsed": 71.182264, "delta": 0.131217}}
{"target": -90.18646173174571, "params": {"p_ai": 2.9725807541730793, "p_al": 0.16722444122252625, "p_ex": 3.8742957016810964, "prior": 9.209209125043717, "rate": 8.28217438681578}, "datetime": {"datetime": "2024-06-13 01:26:19", "elapsed": 71.314912, "delta": 0.132648}}
{"target": -119.70109891340019, "params": {"p_ai": 5.741173477210314, "p_al": 3.1871500009390448, "p_ex": 2.31341168455949, "prior": 9.560239816725709, "rate": 5.646536380588049}, "datetime": {"datetime": "2024-06-13 01:26:19", "elapsed": 71.443938, "delta": 0.129026}}
{"target": -90.3587137318448, "params": {"p_ai": 2.176835430287672, "p_al": 2.4955710289351303, "p_ex": 9.59600242910666, "prior": 2.3889025188306237, "rate": 1.068034169467023}, "datetime": {"datetime": "2024-06-13 01:26:19", "elapsed": 71.566612, "delta": 0.122674}}
{"target": -83.12493589600571, "params": {"p_ai": 1.840435435586939, "p_al": 7.662481844372273, "p_ex": 7.087933795056683, "prior": 4.379981305846461, "rate": 7.938251266657136}, "datetime": {"datetime": "2024-06-13 01:26:20", "elapsed": 71.684832, "delta": 0.11822}}
{"target": -130.65877817857015, "params": {"p_ai": 5.1756094087340525, "p_al": 4.136568013129941, "p_ex": 1.1753019203396682, "prior": 8.839226748297556, "rate": 2.7566565508887577}, "datetime": {"datetime": "2024-06-13 01:26:20", "elapsed": 71.804714, "delta": 0.119882}}
{"target": -131.22743490849624, "params": {"p_ai": 6.162990972575274, "p_al": 9.8458132098281, "p_ex": 1.8949908024154942, "prior": 9.651914729938635, "rate": 6.527500968888528}, "datetime": {"datetime": "2024-06-13 01:26:20", "elapsed": 71.923902, "delta": 0.119188}}
{"target": -89.45653947424306, "params": {"p_ai": 1.28818731436088, "p_al": 7.719499533584411, "p_ex": 9.51780600679268, "prior": 5.628242716344561, "rate": 6.885863442381723}, "datetime": {"datetime": "2024-06-13 01:26:20", "elapsed": 72.041759, "delta": 0.117857}}
{"target": -126.44678996626367, "params": {"p_ai": 0.26445244082095803, "p_al": 9.890767779393961, "p_ex": 3.1852527410170115, "prior": 0.24001388988282726, "rate": 8.08583294059341}, "datetime": {"datetime": "2024-06-13 01:26:20", "elapsed": 72.15871, "delta": 0.116951}}
{"target": -204.2861191034978, "params": {"p_ai": 9.732552265118914, "p_al": 7.376147510656895, "p_ex": 0.028355324647958178, "prior": 0.6345417532289791, "rate": 5.843109782870581}, "datetime": {"datetime": "2024-06-13 01:26:20", "elapsed": 72.275397, "delta": 0.116687}}
{"target": -81.98901189985772, "params": {"p_ai": 3.3578153624482754, "p_al": 8.818452974037214, "p_ex": 8.736820024200027, "prior": 9.875201568135711, "rate": 7.158603858756865}, "datetime": {"datetime": "2024-06-13 01:26:20", "elapsed": 72.392868, "delta": 0.117471}}
{"target": -163.8882148103273, "params": {"p_ai": 8.768960114386706, "p_al": 3.197181468508664, "p_ex": 1.1126583422461405, "prior": 8.653775693718016, "rate": 3.035422507017289}, "datetime": {"datetime": "2024-06-13 01:26:20", "elapsed": 72.510553, "delta": 0.117685}}
{"target": -90.9092528190961, "params": {"p_ai": 4.193903649370696, "p_al": 6.460656540458656, "p_ex": 6.051386242420971, "prior": 4.209809922064285, "rate": 3.862118968194065}, "datetime": {"datetime": "2024-06-13 01:26:20", "elapsed": 72.632228, "delta": 0.121675}}
{"target": -108.01284039917223, "params": {"p_ai": 1.227687737548204, "p_al": 5.339084981149863, "p_ex": 2.329308118342716, "prior": 7.548323703153514, "rate": 6.749030971060837}, "datetime": {"datetime": "2024-06-13 01:26:21", "elapsed": 72.750772, "delta": 0.118544}}
{"target": -166.53049204462621, "params": {"p_ai": 0.7201977211273354, "p_al": 9.892657582673268, "p_ex": 7.804788898807839, "prior": 2.279031043019085, "rate": 0.30839744067862085}, "datetime": {"datetime": "2024-06-13 01:26:21", "elapsed": 72.866463, "delta": 0.115691}}
{"target": -93.00204505037502, "params": {"p_ai": 4.784239938885914, "p_al": 3.5280716325732393, "p_ex": 5.465568482142916, "prior": 6.596979890293786, "rate": 7.972400853780025}, "datetime": {"datetime": "2024-06-13 01:26:21", "elapsed": 72.985146, "delta": 0.118683}}
{"target": -123.15183083084166, "params": {"p_ai": 0.1364299240444373, "p_al": 7.143240843274906, "p_ex": 2.95384434705289, "prior": 9.864039353798532, "rate": 8.46257106414723}, "datetime": {"datetime": "2024-06-13 01:26:21", "elapsed": 73.104999, "delta": 0.119853}}
{"target": -146.19510371387275, "params": {"p_ai": 5.604451409666734, "p_al": 5.9780590880830164, "p_ex": 1.9215646543725684, "prior": 2.263289634282068, "rate": 1.5409777702011733}, "datetime": {"datetime": "2024-06-13 01:26:21", "elapsed": 73.222192, "delta": 0.117193}}
{"target": -99.53670240131554, "params": {"p_ai": 3.778757661096953, "p_al": 1.1204424879714694, "p_ex": 5.113217663448985, "prior": 6.385141076060073, "rate": 1.2230015699915957}, "datetime": {"datetime": "2024-06-13 01:26:21", "elapsed": 73.339877, "delta": 0.117685}}
{"target": -86.10002748892244, "params": {"p_ai": 3.442619392943751, "p_al": 0.7044084489723932, "p_ex": 5.25808611153342, "prior": 6.503247402260852, "rate": 6.155105941609653}, "datetime": {"datetime": "2024-06-13 01:26:21", "elapsed": 73.455956, "delta": 0.116079}}
{"target": -128.78348781863906, "params": {"p_ai": 8.138881758532042, "p_al": 2.3564267987877012, "p_ex": 6.182200236562616, "prior": 3.028982363807174, "rate": 0.8885882930853439}, "datetime": {"datetime": "2024-06-13 01:26:21", "elapsed": 73.574366, "delta": 0.11841}}
{"target": -98.41209924828999, "params": {"p_ai": 3.053309454186566, "p_al": 0.7144933929712171, "p_ex": 9.585783535985689, "prior": 7.271927183834367, "rate": 1.0155071173822163}, "datetime": {"datetime": "2024-06-13 01:26:22", "elapsed": 73.691054, "delta": 0.116688}}
{"target": -121.10355582146904, "params": {"p_ai": 7.862906954163588, "p_al": 3.5222014456052215, "p_ex": 9.1144399680976, "prior": 4.955478850036387, "rate": 8.727054537125737}, "datetime": {"datetime": "2024-06-13 01:26:22", "elapsed": 73.809643, "delta": 0.118589}}
{"target": -90.54334239574347, "params": {"p_ai": 2.206077417642493, "p_al": 3.6725560667067523, "p_ex": 3.6690025846416687, "prior": 0.9722296833512493, "rate": 3.310813326223882}, "datetime": {"datetime": "2024-06-13 01:26:22", "elapsed": 73.926836, "delta": 0.117193}}
{"target": -106.89537096123925, "params": {"p_ai": 6.597438328584157, "p_al": 4.665968370246033, "p_ex": 8.792436465874568, "prior": 2.6974329936370927, "rate": 3.5488386678677664}, "datetime": {"datetime": "2024-06-13 01:26:22", "elapsed": 74.044231, "delta": 0.117395}}
{"target": -101.50925440946388, "params": {"p_ai": 3.2042225472159718, "p_al": 5.517827968246455, "p_ex": 1.8830059366472722, "prior": 1.7332694708102208, "rate": 9.394879760160336}, "datetime": {"datetime": "2024-06-13 01:26:22", "elapsed": 74.166486, "delta": 0.122255}}
{"target": -172.5892219757957, "params": {"p_ai": 3.767100489749554, "p_al": 5.871394250695616, "p_ex": 0.5524656981032197, "prior": 1.409439110996769, "rate": 0.964489160060572}, "datetime": {"datetime": "2024-06-13 01:26:22", "elapsed": 74.288604, "delta": 0.122118}}
{"target": -124.08997395427478, "params": {"p_ai": 8.121343564013504, "p_al": 1.0323646790520586, "p_ex": 5.163644140749812, "prior": 1.556623402022749, "rate": 2.7888887375330564}, "datetime": {"datetime": "2024-06-13 01:26:22", "elapsed": 74.406289, "delta": 0.117685}}
{"target": -158.886258012741, "params": {"p_ai": 8.826137423028198, "p_al": 6.316306057543976, "p_ex": 9.636663439420486, "prior": 5.997543941794315, "rate": 0.0961876424493635}, "datetime": {"datetime": "2024-06-13 01:26:22", "elapsed": 74.523775, "delta": 0.117486}}
{"target": -97.2539359991038, "params": {"p_ai": 4.156994414198696, "p_al": 0.22539510183243922, "p_ex": 3.1405292961414175, "prior": 4.816767682276697, "rate": 5.755017951896957}, "datetime": {"datetime": "2024-06-13 01:26:23", "elapsed": 74.64146, "delta": 0.117685}}
{"target": -102.04263881698549, "params": {"p_ai": 2.38726337908637, "p_al": 5.583307497898072, "p_ex": 3.949806420938232, "prior": 5.066315292881764, "rate": 1.9604741784106727}, "datetime": {"datetime": "2024-06-13 01:26:23", "elapsed": 74.758025, "delta": 0.116565}}
