{"target": -148.26384992405795, "params": {"gamma": 2.2302911723421603, "prior": 9.971405383102082, "rate": 8.17356631642956}, "datetime": {"datetime": "2024-06-14 05:32:49", "elapsed": 11.275507, "delta": 0.009806}}
{"target": -126.80249305607859, "params": {"gamma": 0.42223947812043505, "prior": 3.7954509908618, "rate": 8.122057570514098}, "datetime": {"datetime": "2024-06-14 05:32:49", "elapsed": 11.28611, "delta": 0.010603}}
{"target": -239.00472133472348, "params": {"gamma": 5.284318582532073, "prior": 2.546595173441272, "rate": 7.9290864165444885}, "datetime": {"datetime": "2024-06-14 05:32:49", "elapsed": 11.295085, "delta": 0.008975}}
{"target": -155.3589387918575, "params": {"gamma": 2.6182486884007314, "prior": 0.10394396254204273, "rate": 2.3139578706383697}, "datetime": {"datetime": "2024-06-14 05:32:49", "elapsed": 11.305059, "delta": 0.009974}}
{"target": -551.1336910424242, "params": {"gamma": 9.933709519335848, "prior": 6.596388259986851, "rate": 2.20746055274965}, "datetime": {"datetime": "2024-06-14 05:32:49", "elapsed": 11.315032, "delta": 0.009973}}
{"target": -326.4390168760509, "params": {"gamma": 6.861710880085471, "prior": 6.900675292396006, "rate": 6.407786956598644}, "datetime": {"datetime": "2024-06-14 05:32:49", "elapsed": 11.324008, "delta": 0.008976}}
{"target": -118.604326067611, "params": {"gamma": 0.7064146187020427, "prior": 2.5053447581940413, "rate": 8.708501091076558}, "datetime": {"datetime": "2024-06-14 05:32:49", "elapsed": 11.333981, "delta": 0.009973}}
{"target": -322.234099893235, "params": {"gamma": 7.347673452195916, "prior": 1.761378459242426, "rate": 2.986596023304183}, "datetime": {"datetime": "2024-06-14 05:32:49", "elapsed": 11.343957, "delta": 0.009976}}
{"target": -335.0283819357248, "params": {"gamma": 5.627657565327734, "prior": 8.281813083626007, "rate": 2.0059625473387035}, "datetime": {"datetime": "2024-06-14 05:32:49", "elapsed": 11.35393, "delta": 0.009973}}
{"target": -118.86982676381331, "params": {"gamma": 1.0175512712412351, "prior": 3.8805020069474243, "rate": 9.123622339058336}, "datetime": {"datetime": "2024-06-14 05:32:49", "elapsed": 11.362906, "delta": 0.008976}}
{"target": -169.8755937071974, "params": {"gamma": 2.605874679054985, "prior": 1.1722130918594946, "rate": 0.56037370979255}, "datetime": {"datetime": "2024-06-14 05:32:49", "elapsed": 11.37288, "delta": 0.009974}}
{"target": -181.8918501963292, "params": {"gamma": 3.517353888144698, "prior": 0.47250675815837395, "rate": 5.830756178383219}, "datetime": {"datetime": "2024-06-14 05:32:49", "elapsed": 11.382853, "delta": 0.009973}}
{"target": -300.0681060163103, "params": {"gamma": 6.725895546392632, "prior": 4.658787540848907, "rate": 7.411427420391562}, "datetime": {"datetime": "2024-06-14 05:32:49", "elapsed": 11.392826, "delta": 0.009973}}
{"target": -289.8286769167451, "params": {"gamma": 5.010748619176405, "prior": 7.053290946278004, "rate": 2.307178418323752}, "datetime": {"datetime": "2024-06-14 05:32:49", "elapsed": 11.401803, "delta": 0.008977}}
{"target": -332.3888058410084, "params": {"gamma": 7.446379482205204, "prior": 5.066208299853456, "rate": 7.053982930260369}, "datetime": {"datetime": "2024-06-14 05:32:49", "elapsed": 11.411776, "delta": 0.009973}}
{"target": -307.79308613416003, "params": {"gamma": 4.467531205373577, "prior": 5.108812034796275, "rate": 0.41631029460275537}, "datetime": {"datetime": "2024-06-14 05:32:49", "elapsed": 11.421749, "delta": 0.009973}}
{"target": -243.12103774730508, "params": {"gamma": 4.893603596752043, "prior": 1.508646271753512, "rate": 1.425815973998472}, "datetime": {"datetime": "2024-06-14 05:32:49", "elapsed": 11.431722, "delta": 0.009973}}
{"target": -234.78829833096214, "params": {"gamma": 4.334070675192891, "prior": 5.804526419276483, "rate": 3.431143903220329}, "datetime": {"datetime": "2024-06-14 05:32:49", "elapsed": 11.440698, "delta": 0.008976}}
{"target": -128.79745758283008, "params": {"gamma": 1.6057554110518168, "prior": 7.439963128101519, "rate": 9.630952636256579}, "datetime": {"datetime": "2024-06-14 05:32:49", "elapsed": 11.450672, "delta": 0.009974}}
{"target": -324.1540950523678, "params": {"gamma": 7.3366892172191065, "prior": 0.8629358918245221, "rate": 8.409240673094226}, "datetime": {"datetime": "2024-06-14 05:32:49", "elapsed": 11.460645, "delta": 0.009973}}
{"target": -120.87850202341973, "params": {"gamma": 0.6760729900832833, "prior": 4.419489281132564, "rate": 9.288699130413471}, "datetime": {"datetime": "2024-06-14 05:32:49", "elapsed": 11.469621, "delta": 0.008976}}
{"target": -150.49787094236822, "params": {"gamma": 2.6325378562618087, "prior": 1.3667364017386738, "rate": 7.622625481835956}, "datetime": {"datetime": "2024-06-14 05:32:49", "elapsed": 11.479595, "delta": 0.009974}}
{"target": -454.94288791264506, "params": {"gamma": 9.286152605869912, "prior": 3.325107364972745, "rate": 2.3253485203555204}, "datetime": {"datetime": "2024-06-14 05:32:49", "elapsed": 11.489568, "delta": 0.009973}}
{"target": -141.98851581207765, "params": {"gamma": 1.8256722786407191, "prior": 9.636031674374332, "rate": 5.766769711868097}, "datetime": {"datetime": "2024-06-14 05:32:49", "elapsed": 11.498544, "delta": 0.008976}}
{"target": -516.9938028339607, "params": {"gamma": 8.601017631330931, "prior": 3.1526153619134747, "rate": 0.5653078671540508}, "datetime": {"datetime": "2024-06-14 05:32:49", "elapsed": 11.508517, "delta": 0.009973}}
{"target": -213.54172798533696, "params": {"gamma": 4.538588046967902, "prior": 2.150389949482985, "rate": 5.190317659626124}, "datetime": {"datetime": "2024-06-14 05:32:49", "elapsed": 11.518491, "delta": 0.009974}}
{"target": -260.4944057250674, "params": {"gamma": 5.3803383685417385, "prior": 3.0134533507087977, "rate": 3.0752313679559293}, "datetime": {"datetime": "2024-06-14 05:32:49", "elapsed": 11.528464, "delta": 0.009973}}
{"target": -139.16102732485933, "params": {"gamma": 0.24271254847611315, "prior": 4.261979937910767, "rate": 3.2375704471739803}, "datetime": {"datetime": "2024-06-14 05:32:49", "elapsed": 11.538444, "delta": 0.00998}}
{"target": -321.8904673182426, "params": {"gamma": 6.1952817624864025, "prior": 8.611654360250752, "rate": 4.926911767488365}, "datetime": {"datetime": "2024-06-14 05:32:49", "elapsed": 11.547416, "delta": 0.008972}}
{"target": -125.42738819237475, "params": {"gamma": 0.8280002720208621, "prior": 9.341456537509496, "rate": 8.083461341580708}, "datetime": {"datetime": "2024-06-14 05:32:49", "elapsed": 11.557389, "delta": 0.009973}}
{"target": -182.70125375335502, "params": {"gamma": 3.6558227125345977, "prior": 3.3742162191489324, "rate": 9.379402853367585}, "datetime": {"datetime": "2024-06-14 05:32:49", "elapsed": 11.568361, "delta": 0.010972}}
{"target": -189.9559803686354, "params": {"gamma": 3.7495685112706005, "prior": 6.3944419643693875, "rate": 9.853458036647636}, "datetime": {"datetime": "2024-06-14 05:32:49", "elapsed": 11.578333, "delta": 0.009972}}
{"target": -134.7707816633769, "params": {"gamma": 0.36836090554034395, "prior": 3.214846683672905, "rate": 2.313125983692789}, "datetime": {"datetime": "2024-06-14 05:32:49", "elapsed": 11.588306, "delta": 0.009973}}
{"target": -581.0133728096105, "params": {"gamma": 9.223731826093484, "prior": 5.556253632459004, "rate": 0.5380816705607578}, "datetime": {"datetime": "2024-06-14 05:32:49", "elapsed": 11.598279, "delta": 0.009973}}
{"target": -354.1511633066034, "params": {"gamma": 7.552727246484496, "prior": 6.872429831212706, "rate": 6.622078860248277}, "datetime": {"datetime": "2024-06-14 05:32:49", "elapsed": 11.607256, "delta": 0.008977}}
{"target": -450.14561807220105, "params": {"gamma": 9.557332020493899, "prior": 8.758555827281402, "rate": 7.532761600172254}, "datetime": {"datetime": "2024-06-14 05:32:49", "elapsed": 11.617229, "delta": 0.009973}}
{"target": -141.98366424136242, "params": {"gamma": 2.2274368777620133, "prior": 1.4663481242278644, "rate": 2.2096624750777165}, "datetime": {"datetime": "2024-06-14 05:32:49", "elapsed": 11.6282, "delta": 0.010971}}
{"target": -139.62596121730738, "params": {"gamma": 2.0558931010754273, "prior": 5.722849003564123, "rate": 6.63077518785403}, "datetime": {"datetime": "2024-06-14 05:32:49", "elapsed": 11.638173, "delta": 0.009973}}
{"target": -240.00609975793313, "params": {"gamma": 5.274647786496121, "prior": 0.6578589781712976, "rate": 3.6322627869363457}, "datetime": {"datetime": "2024-06-14 05:32:49", "elapsed": 11.648149, "delta": 0.009976}}
{"target": -498.2898144223865, "params": {"gamma": 9.677306363671502, "prior": 6.98556459651058, "rate": 3.698028055635611}, "datetime": {"datetime": "2024-06-14 05:32:49", "elapsed": 11.658123, "delta": 0.009974}}
{"target": -386.58134309984047, "params": {"gamma": 6.716589859874733, "prior": 2.7245859703372814, "rate": 0.7756981624656162}, "datetime": {"datetime": "2024-06-14 05:32:49", "elapsed": 11.668096, "delta": 0.009973}}
{"target": -244.8593057998273, "params": {"gamma": 5.281143325416827, "prior": 2.9687143459337384, "rate": 4.817037304645983}, "datetime": {"datetime": "2024-06-14 05:32:49", "elapsed": 11.678069, "delta": 0.009973}}
{"target": -408.39739382889184, "params": {"gamma": 9.020043950898684, "prior": 6.552229630812366, "rate": 7.233468037123845}, "datetime": {"datetime": "2024-06-14 05:32:49", "elapsed": 11.688043, "delta": 0.009974}}
{"target": -125.75057777434424, "params": {"gamma": 1.0267626657461268, "prior": 4.8486150493478055, "rate": 4.044014562004185}, "datetime": {"datetime": "2024-06-14 05:32:49", "elapsed": 11.698016, "delta": 0.009973}}
{"target": -296.1203079237015, "params": {"gamma": 6.468925570274098, "prior": 2.9485778320940845, "rate": 3.8312640574634482}, "datetime": {"datetime": "2024-06-14 05:32:49", "elapsed": 11.706992, "delta": 0.008976}}
{"target": -419.46409702972835, "params": {"gamma": 9.81018690271792, "prior": 1.23662462107414, "rate": 1.9998787227506973}, "datetime": {"datetime": "2024-06-14 05:32:49", "elapsed": 11.716816, "delta": 0.009824}}
{"target": -150.15206790369726, "params": {"gamma": 2.3912225972933583, "prior": 6.996876584358281, "rate": 7.1371672251136955}, "datetime": {"datetime": "2024-06-14 05:32:49", "elapsed": 11.72679, "delta": 0.009974}}
{"target": -335.6770640276464, "params": {"gamma": 7.847764610820117, "prior": 3.8723393107957245, "rate": 8.524180473287885}, "datetime": {"datetime": "2024-06-14 05:32:49", "elapsed": 11.736763, "delta": 0.009973}}
{"target": -321.18939912906535, "params": {"gamma": 6.973768049350303, "prior": 7.161272986009691, "rate": 8.220064454506392}, "datetime": {"datetime": "2024-06-14 05:32:49", "elapsed": 11.746244, "delta": 0.009481}}
{"target": -415.9453764862876, "params": {"gamma": 6.289615458969785, "prior": 4.280053466198156, "rate": 0.3089573128355685}, "datetime": {"datetime": "2024-06-14 05:32:49", "elapsed": 11.756218, "delta": 0.009974}}
{"target": -282.7171811791732, "params": {"gamma": 5.9549611772267355, "prior": 5.681259338068073, "rate": 6.008479407469643}, "datetime": {"datetime": "2024-06-14 05:32:49", "elapsed": 11.765194, "delta": 0.008976}}
{"target": -205.9938968807633, "params": {"gamma": 3.2292118332970405, "prior": 5.593331570762452, "rate": 1.7173913865365833}, "datetime": {"datetime": "2024-06-14 05:32:49", "elapsed": 11.775167, "delta": 0.009973}}
{"target": -292.60260618186925, "params": {"gamma": 6.49894440266871, "prior": 0.8095673895400698, "rate": 8.750896260863644}, "datetime": {"datetime": "2024-06-14 05:32:49", "elapsed": 11.785141, "delta": 0.009974}}
{"target": -137.66119531075864, "params": {"gamma": 2.1621633635158477, "prior": 3.0090612487247013, "rate": 8.847484449475706}, "datetime": {"datetime": "2024-06-14 05:32:49", "elapsed": 11.795114, "delta": 0.009973}}
{"target": -480.2663903083682, "params": {"gamma": 8.836037308166828, "prior": 8.37904543989899, "rate": 3.2700292334455643}, "datetime": {"datetime": "2024-06-14 05:32:49", "elapsed": 11.805087, "delta": 0.009973}}
{"target": -427.0862172047774, "params": {"gamma": 9.023544047406462, "prior": 7.740842728171373, "rate": 6.581171726876564}, "datetime": {"datetime": "2024-06-14 05:32:50", "elapsed": 11.81506, "delta": 0.009973}}
{"target": -462.535980307923, "params": {"gamma": 8.99813093515086, "prior": 7.853001575402082, "rate": 4.2480703423217}, "datetime": {"datetime": "2024-06-14 05:32:50", "elapsed": 11.825034, "delta": 0.009974}}
{"target": -225.98539466503405, "params": {"gamma": 3.2432279860467617, "prior": 3.999393563924491, "rate": 0.6150601284275855}, "datetime": {"datetime": "2024-06-14 05:32:50", "elapsed": 11.835008, "delta": 0.009974}}
{"target": -182.5293511755204, "params": {"gamma": 3.634945499368943, "prior": 3.595132489864901, "rate": 8.656379251086715}, "datetime": {"datetime": "2024-06-14 05:32:50", "elapsed": 11.844489, "delta": 0.009481}}
{"target": -493.1207272105286, "params": {"gamma": 8.887111795253091, "prior": 9.63421565993784, "rate": 3.282664276898728}, "datetime": {"datetime": "2024-06-14 05:32:50", "elapsed": 11.854462, "delta": 0.009973}}
{"target": -381.9258046341865, "params": {"gamma": 6.933508237753853, "prior": 6.367356052167569, "rate": 2.425195012153892}, "datetime": {"datetime": "2024-06-14 05:32:50", "elapsed": 11.863438, "delta": 0.008976}}
{"target": -364.88167983492923, "params": {"gamma": 8.700006275800442, "prior": 2.219608966119336, "rate": 7.477392312505152}, "datetime": {"datetime": "2024-06-14 05:32:50", "elapsed": 11.873412, "delta": 0.009974}}
{"target": -121.82184981014667, "params": {"gamma": 1.4474946912067754, "prior": 1.1575145967721554, "rate": 7.20350177902532}, "datetime": {"datetime": "2024-06-14 05:32:50", "elapsed": 11.882388, "delta": 0.008976}}
{"target": -243.0815224906722, "params": {"gamma": 5.263654842331062, "prior": 4.484866730228926, "rate": 7.7820274969779515}, "datetime": {"datetime": "2024-06-14 05:32:50", "elapsed": 11.892361, "delta": 0.009973}}
{"target": -188.69994974897364, "params": {"gamma": 3.588074784629776, "prior": 8.548161025287675, "rate": 9.62176279907113}, "datetime": {"datetime": "2024-06-14 05:32:50", "elapsed": 11.902335, "delta": 0.009974}}
{"target": -423.7060042548673, "params": {"gamma": 9.791275810251324, "prior": 2.8485172225745474, "rate": 4.1506553568115665}, "datetime": {"datetime": "2024-06-14 05:32:50", "elapsed": 11.912308, "delta": 0.009973}}
{"target": -352.1039244954511, "params": {"gamma": 7.250373833289235, "prior": 8.95917274672825, "rate": 7.113399789936541}, "datetime": {"datetime": "2024-06-14 05:32:50", "elapsed": 11.922281, "delta": 0.009973}}
{"target": -410.28701006989587, "params": {"gamma": 7.5815646955077245, "prior": 8.84569615448094, "rate": 3.670115433263018}, "datetime": {"datetime": "2024-06-14 05:32:50", "elapsed": 11.932254, "delta": 0.009973}}
{"target": -257.3325205101159, "params": {"gamma": 5.425906871529926, "prior": 5.394222758269183, "rate": 6.4761782194627475}, "datetime": {"datetime": "2024-06-14 05:32:50", "elapsed": 11.941555, "delta": 0.009301}}
{"target": -386.18524287544193, "params": {"gamma": 8.951943613361554, "prior": 6.0481920136487215, "rate": 9.699415438622323}, "datetime": {"datetime": "2024-06-14 05:32:50", "elapsed": 11.951529, "delta": 0.009974}}
{"target": -327.7803817278801, "params": {"gamma": 7.3216234120977175, "prior": 4.211385766390366, "rate": 5.81180346318073}, "datetime": {"datetime": "2024-06-14 05:32:50", "elapsed": 11.960505, "delta": 0.008976}}
{"target": -414.82697455513977, "params": {"gamma": 9.223285503388022, "prior": 6.223153800877035, "rate": 7.099576105580202}, "datetime": {"datetime": "2024-06-14 05:32:50", "elapsed": 11.970478, "delta": 0.009973}}
{"target": -339.76097246161487, "params": {"gamma": 6.613259028912707, "prior": 3.42784974510567, "rate": 2.0341452163718596}, "datetime": {"datetime": "2024-06-14 05:32:50", "elapsed": 11.980452, "delta": 0.009974}}
{"target": -197.13007459332994, "params": {"gamma": 4.078721813041604, "prior": 1.592621080704164, "rate": 8.263509143662432}, "datetime": {"datetime": "2024-06-14 05:32:50", "elapsed": 11.990425, "delta": 0.009973}}
{"target": -384.7232266179239, "params": {"gamma": 7.104895674394641, "prior": 4.070456275164108, "rate": 1.7146555781871196}, "datetime": {"datetime": "2024-06-14 05:32:50", "elapsed": 12.000398, "delta": 0.009973}}
{"target": -379.9199389644476, "params": {"gamma": 8.75811759952061, "prior": 6.42673266977647, "rate": 9.966031596995483}, "datetime": {"datetime": "2024-06-14 05:32:50", "elapsed": 12.010372, "delta": 0.009974}}
{"target": -136.95663474278606, "params": {"gamma": 1.0118777980878546, "prior": 2.5239987554093983, "rate": 0.8374656866964549}, "datetime": {"datetime": "2024-06-14 05:32:50", "elapsed": 12.020345, "delta": 0.009973}}
{"target": -320.76917637086893, "params": {"gamma": 7.447673015821188, "prior": 1.6797955636247195, "rate": 8.816713679816221}, "datetime": {"datetime": "2024-06-14 05:32:50", "elapsed": 12.030318, "delta": 0.009973}}
{"target": -333.34486337281623, "params": {"gamma": 4.915303785862436, "prior": 5.309075700418279, "rate": 0.42616036762125126}, "datetime": {"datetime": "2024-06-14 05:32:50", "elapsed": 12.03983, "delta": 0.009512}}
{"target": -296.6722999645274, "params": {"gamma": 6.140922303680539, "prior": 2.353386412041166, "rate": 2.135827389380809}, "datetime": {"datetime": "2024-06-14 05:32:50", "elapsed": 12.049775, "delta": 0.009945}}
{"target": -636.0279009963295, "params": {"gamma": 8.953290370672992, "prior": 8.891332155070218, "rate": 0.05364657807886874}, "datetime": {"datetime": "2024-06-14 05:32:50", "elapsed": 12.05875, "delta": 0.008975}}
{"target": -425.5127163449123, "params": {"gamma": 8.323207291901435, "prior": 9.032758516193605, "rate": 5.119964633266645}, "datetime": {"datetime": "2024-06-14 05:32:50", "elapsed": 12.068724, "delta": 0.009974}}
{"target": -315.63571224375653, "params": {"gamma": 6.56208200669582, "prior": 7.701078270941128, "rate": 6.854714307550932}, "datetime": {"datetime": "2024-06-14 05:32:50", "elapsed": 12.07873, "delta": 0.010006}}
{"target": -229.54463872345434, "params": {"gamma": 4.59170508000715, "prior": 5.777177096628812, "rate": 5.74102025787266}, "datetime": {"datetime": "2024-06-14 05:32:50", "elapsed": 12.08867, "delta": 0.00994}}
{"target": -354.41822239236893, "params": {"gamma": 8.421463069722522, "prior": 2.4803729054295243, "rate": 7.572507436190774}, "datetime": {"datetime": "2024-06-14 05:32:50", "elapsed": 12.098644, "delta": 0.009974}}
{"target": -375.8269960995561, "params": {"gamma": 8.12355876007362, "prior": 7.99062037533525, "rate": 8.07727048210085}, "datetime": {"datetime": "2024-06-14 05:32:50", "elapsed": 12.108618, "delta": 0.009974}}
{"target": -364.0439318550061, "params": {"gamma": 8.292970943843157, "prior": 4.23340593789217, "rate": 6.179249469269826}, "datetime": {"datetime": "2024-06-14 05:32:50", "elapsed": 12.11859, "delta": 0.009972}}
{"target": -341.34277728260554, "params": {"gamma": 7.552699915952439, "prior": 7.720679136482666, "rate": 9.586087624632432}, "datetime": {"datetime": "2024-06-14 05:32:50", "elapsed": 12.127566, "delta": 0.008976}}
{"target": -463.04557749758, "params": {"gamma": 9.750777680644457, "prior": 5.690872459899503, "rate": 4.657924948350314}, "datetime": {"datetime": "2024-06-14 05:32:50", "elapsed": 12.13754, "delta": 0.009974}}
{"target": -351.9739039448685, "params": {"gamma": 8.35541774153753, "prior": 2.2776131471709045, "rate": 7.664214496519479}, "datetime": {"datetime": "2024-06-14 05:32:50", "elapsed": 12.147513, "delta": 0.009973}}
{"target": -137.54486533833162, "params": {"gamma": 1.920923979668611, "prior": 5.957112902935368, "rate": 6.068707734799046}, "datetime": {"datetime": "2024-06-14 05:32:50", "elapsed": 12.157486, "delta": 0.009973}}
{"target": -236.47422092732157, "params": {"gamma": 4.418996184218967, "prior": 8.659051462799177, "rate": 5.435278379231555}, "datetime": {"datetime": "2024-06-14 05:32:50", "elapsed": 12.16746, "delta": 0.009974}}
{"target": -315.41450931963493, "params": {"gamma": 4.927804379534841, "prior": 4.2394437931335665, "rate": 0.6231896086801356}, "datetime": {"datetime": "2024-06-14 05:32:50", "elapsed": 12.176436, "delta": 0.008976}}
{"target": -181.788367658191, "params": {"gamma": 3.622132449809016, "prior": 1.0188720461219751, "rate": 5.656819358260873}, "datetime": {"datetime": "2024-06-14 05:32:50", "elapsed": 12.186409, "delta": 0.009973}}
{"target": -312.75380628594934, "params": {"gamma": 6.4053758139443495, "prior": 7.701044399919781, "rate": 6.325720028185084}, "datetime": {"datetime": "2024-06-14 05:32:50", "elapsed": 12.196382, "delta": 0.009973}}
{"target": -140.29459103946112, "params": {"gamma": 1.8714204909994507, "prior": 7.527415112713252, "rate": 5.489045144907434}, "datetime": {"datetime": "2024-06-14 05:32:50", "elapsed": 12.206356, "delta": 0.009974}}
{"target": -116.53303092983877, "params": {"gamma": 1.0226014229845646, "prior": 0.34578758896028944, "rate": 2.988163177641064}, "datetime": {"datetime": "2024-06-14 05:32:50", "elapsed": 12.215897, "delta": 0.009541}}
{"target": -322.7884348712091, "params": {"gamma": 6.900460277619986, "prior": 9.334604669396944, "rate": 9.665005509601515}, "datetime": {"datetime": "2024-06-14 05:32:50", "elapsed": 12.22587, "delta": 0.009973}}
{"target": -329.09420438683543, "params": {"gamma": 7.645716345257133, "prior": 3.003166938498256, "rate": 6.2210691836043965}, "datetime": {"datetime": "2024-06-14 05:32:50", "elapsed": 12.235844, "delta": 0.009974}}
{"target": -176.61749589958754, "params": {"gamma": 2.3117301792407194, "prior": 7.53183467935155, "rate": 1.6595044277657995}, "datetime": {"datetime": "2024-06-14 05:32:50", "elapsed": 12.245817, "delta": 0.009973}}
{"target": -384.9235347731157, "params": {"gamma": 7.564947384855503, "prior": 8.699031089411767, "rate": 5.195544029510985}, "datetime": {"datetime": "2024-06-14 05:32:50", "elapsed": 12.254793, "delta": 0.008976}}
