{"target": -412.47020584220365, "params": {"gamma": 0.9370488703914385, "lr": 0.0655985161350432}, "datetime": {"datetime": "2024-06-13 17:05:03", "elapsed": 6.575657, "delta": 0.004988}}
{"target": -1994.5052225779275, "params": {"gamma": 8.799475826643015, "lr": 0.8213720415432885}, "datetime": {"datetime": "2024-06-13 17:05:03", "elapsed": 6.579647, "delta": 0.00399}}
{"target": -1371.1387554681212, "params": {"gamma": 8.199874253028593, "lr": 0.46781804781537173}, "datetime": {"datetime": "2024-06-13 17:05:03", "elapsed": 6.584633, "delta": 0.004986}}
{"target": -731.805132303268, "params": {"gamma": 4.275493453510745, "lr": 0.4010683054344961}, "datetime": {"datetime": "2024-06-13 17:05:03", "elapsed": 6.58962, "delta": 0.004987}}
{"target": -1285.2669560428453, "params": {"gamma": 5.822568206350932, "lr": 0.7289706693761112}, "datetime": {"datetime": "2024-06-13 17:05:03", "elapsed": 6.593639, "delta": 0.004019}}
{"target": -1565.533330049906, "params": {"gamma": 7.843135731493912, "lr": 0.6547991875604179}, "datetime": {"datetime": "2024-06-13 17:05:03", "elapsed": 6.598625, "delta": 0.004986}}
{"target": -955.0361240104938, "params": {"gamma": 5.625099180595456, "lr": 0.412392608220297}, "datetime": {"datetime": "2024-06-13 17:05:03", "elapsed": 6.603582, "delta": 0.004957}}
{"target": -519.3945977522357, "params": {"gamma": 3.1998307053765016, "lr": 0.2862477928261852}, "datetime": {"datetime": "2024-06-13 17:05:03", "elapsed": 6.607572, "delta": 0.00399}}
{"target": -649.8930318310627, "params": {"gamma": 2.9624710073123492, "lr": 0.6827528661644432}, "datetime": {"datetime": "2024-06-13 17:05:03", "elapsed": 6.612559, "delta": 0.004987}}
{"target": -1435.6220177877024, "params": {"gamma": 7.624649380413635, "lr": 0.5976197869899762}, "datetime": {"datetime": "2024-06-13 17:05:03", "elapsed": 6.616548, "delta": 0.003989}}
{"target": -455.7737881734664, "params": {"gamma": 2.229416058643355, "lr": 0.1943950205047229}, "datetime": {"datetime": "2024-06-13 17:05:03", "elapsed": 6.621534, "delta": 0.004986}}
{"target": -1885.4977349571561, "params": {"gamma": 7.657095501588769, "lr": 0.9786938189750454}, "datetime": {"datetime": "2024-06-13 17:05:03", "elapsed": 6.625552, "delta": 0.004018}}
{"target": -143.77966741954197, "params": {"gamma": 0.1600837059640327, "lr": 0.24889814198257976}, "datetime": {"datetime": "2024-06-13 17:05:03", "elapsed": 6.629513, "delta": 0.003961}}
{"target": -1701.7616958324634, "params": {"gamma": 7.923336404835708, "lr": 0.7191652977533548}, "datetime": {"datetime": "2024-06-13 17:05:03", "elapsed": 6.6345, "delta": 0.004987}}
{"target": -471.5482685959444, "params": {"gamma": 2.4605535974366086, "lr": 0.5548923810758453}, "datetime": {"datetime": "2024-06-13 17:05:03", "elapsed": 6.639486, "delta": 0.004986}}
{"target": -1262.6280988589076, "params": {"gamma": 5.856272355196109, "lr": 0.7213842766472296}, "datetime": {"datetime": "2024-06-13 17:05:03", "elapsed": 6.643475, "delta": 0.003989}}
{"target": -791.5503604077217, "params": {"gamma": 4.637273438415798, "lr": 0.40484847152272274}, "datetime": {"datetime": "2024-06-13 17:05:03", "elapsed": 6.648462, "delta": 0.004987}}
{"target": -540.2658583684317, "params": {"gamma": 3.080786698738075, "lr": 0.23830890840682273}, "datetime": {"datetime": "2024-06-13 17:05:03", "elapsed": 6.652451, "delta": 0.003989}}
{"target": -223.60802852966907, "params": {"gamma": 0.925941078147889, "lr": 0.6458833874176423}, "datetime": {"datetime": "2024-06-13 17:05:03", "elapsed": 6.657438, "delta": 0.004987}}
{"target": -1441.0408650075256, "params": {"gamma": 6.696034914953822, "lr": 0.6873434739168471}, "datetime": {"datetime": "2024-06-13 17:05:03", "elapsed": 6.661428, "delta": 0.00399}}
{"target": -145.20773325056027, "params": {"gamma": 0.03245405892326011, "lr": 0.43825303252098613}, "datetime": {"datetime": "2024-06-13 17:05:03", "elapsed": 6.666414, "delta": 0.004986}}
{"target": -262.0053247034734, "params": {"gamma": 1.22641109574872, "lr": 0.5266093357063074}, "datetime": {"datetime": "2024-06-13 17:05:03", "elapsed": 6.670403, "delta": 0.003989}}
{"target": -1633.8880524112774, "params": {"gamma": 9.797416469397842, "lr": 0.4992770109633381}, "datetime": {"datetime": "2024-06-13 17:05:03", "elapsed": 6.67539, "delta": 0.004987}}
{"target": -848.080226538517, "params": {"gamma": 3.747125142755934, "lr": 0.8138399923945955}, "datetime": {"datetime": "2024-06-13 17:05:03", "elapsed": 6.67938, "delta": 0.00399}}
{"target": -1515.3214896472418, "params": {"gamma": 9.68204618100875, "lr": 0.28712337752879535}, "datetime": {"datetime": "2024-06-13 17:05:03", "elapsed": 6.684366, "delta": 0.004986}}
{"target": -1976.690289415151, "params": {"gamma": 8.030197397425262, "lr": 0.9961414373632698}, "datetime": {"datetime": "2024-06-13 17:05:03", "elapsed": 6.688355, "delta": 0.003989}}
{"target": -244.9268203050426, "params": {"gamma": 1.1191305732763266, "lr": 0.5310473545872221}, "datetime": {"datetime": "2024-06-13 17:05:03", "elapsed": 6.693342, "delta": 0.004987}}
{"target": -1262.9695245094244, "params": {"gamma": 8.135452268270518, "lr": 0.37629418365689815}, "datetime": {"datetime": "2024-06-13 17:05:03", "elapsed": 6.697332, "delta": 0.00399}}
{"target": -975.6993562326901, "params": {"gamma": 4.4582994882209785, "lr": 0.7509025596645666}, "datetime": {"datetime": "2024-06-13 17:05:03", "elapsed": 6.702318, "delta": 0.004986}}
{"target": -200.34299462606998, "params": {"gamma": 0.9843654431052541, "lr": 0.3605263049964609}, "datetime": {"datetime": "2024-06-13 17:05:03", "elapsed": 6.707305, "delta": 0.004987}}
{"target": -963.2639086300019, "params": {"gamma": 5.637498846609272, "lr": 0.23858559594258377}, "datetime": {"datetime": "2024-06-13 17:05:03", "elapsed": 6.711295, "delta": 0.00399}}
{"target": -1820.5018077439963, "params": {"gamma": 8.399697763448607, "lr": 0.7658509922899394}, "datetime": {"datetime": "2024-06-13 17:05:03", "elapsed": 6.716281, "delta": 0.004986}}
{"target": -1787.0846977485212, "params": {"gamma": 9.655460253343795, "lr": 0.5229880750137287}, "datetime": {"datetime": "2024-06-13 17:05:03", "elapsed": 6.721267, "delta": 0.004986}}
{"target": -292.8966073607901, "params": {"gamma": 1.06614005524794, "lr": 0.936617023061487}, "datetime": {"datetime": "2024-06-13 17:05:03", "elapsed": 6.725257, "delta": 0.00399}}
{"target": -1546.853335897234, "params": {"gamma": 8.342525658973996, "lr": 0.5444181610032376}, "datetime": {"datetime": "2024-06-13 17:05:03", "elapsed": 6.730243, "delta": 0.004986}}
{"target": -1962.5402213309956, "params": {"gamma": 8.363186471576656, "lr": 0.8816909193539424}, "datetime": {"datetime": "2024-06-13 17:05:03", "elapsed": 6.734233, "delta": 0.00399}}
{"target": -1454.6057901570211, "params": {"gamma": 7.76103529253161, "lr": 0.5712539770424174}, "datetime": {"datetime": "2024-06-13 17:05:03", "elapsed": 6.73922, "delta": 0.004987}}
{"target": -1420.0865847801624, "params": {"gamma": 6.153371915939358, "lr": 0.8443906826433587}, "datetime": {"datetime": "2024-06-13 17:05:03", "elapsed": 6.743209, "delta": 0.003989}}
{"target": -1155.5338946851934, "params": {"gamma": 6.222544146503024, "lr": 0.20647995918763162}, "datetime": {"datetime": "2024-06-13 17:05:03", "elapsed": 6.748195, "delta": 0.004986}}
{"target": -1285.7416928585756, "params": {"gamma": 6.915192747116144, "lr": 0.5320137500773816}, "datetime": {"datetime": "2024-06-13 17:05:03", "elapsed": 6.752185, "delta": 0.00399}}
{"target": -1048.4935137203474, "params": {"gamma": 2.633207341942995, "lr": 0.0007865415296364198}, "datetime": {"datetime": "2024-06-13 17:05:03", "elapsed": 6.757172, "delta": 0.004987}}
{"target": -522.8862499228155, "params": {"gamma": 2.3557421152378364, "lr": 0.673566697976032}, "datetime": {"datetime": "2024-06-13 17:05:03", "elapsed": 6.762158, "delta": 0.004986}}
{"target": -1990.8715791206723, "params": {"gamma": 8.783323676609767, "lr": 0.8307025692405677}, "datetime": {"datetime": "2024-06-13 17:05:03", "elapsed": 6.767145, "delta": 0.004987}}
{"target": -465.4641221844015, "params": {"gamma": 1.0819657484995155, "lr": 0.07112497952283825}, "datetime": {"datetime": "2024-06-13 17:05:03", "elapsed": 6.771134, "delta": 0.003989}}
{"target": -1174.735372149874, "params": {"gamma": 7.616161526478173, "lr": 0.2848333721183067}, "datetime": {"datetime": "2024-06-13 17:05:03", "elapsed": 6.776121, "delta": 0.004987}}
{"target": -1080.9521280875847, "params": {"gamma": 2.718758721913716, "lr": 0.0020003006084317043}, "datetime": {"datetime": "2024-06-13 17:05:03", "elapsed": 6.78011, "delta": 0.003989}}
{"target": -284.6903910070166, "params": {"gamma": 0.9862915673948899, "lr": 0.13559704739235312}, "datetime": {"datetime": "2024-06-13 17:05:03", "elapsed": 6.785097, "delta": 0.004987}}
{"target": -300.033376643478, "params": {"gamma": 1.5944427020857364, "lr": 0.44531360261536523}, "datetime": {"datetime": "2024-06-13 17:05:03", "elapsed": 6.789086, "delta": 0.003989}}
{"target": -1822.0748495967996, "params": {"gamma": 8.141544011423479, "lr": 0.8122981153684475}, "datetime": {"datetime": "2024-06-13 17:05:03", "elapsed": 6.794073, "delta": 0.004987}}
{"target": -1527.5934411637809, "params": {"gamma": 9.099986227202798, "lr": 0.4435920386203337}, "datetime": {"datetime": "2024-06-13 17:05:03", "elapsed": 6.79906, "delta": 0.004987}}
{"target": -1188.2110406652498, "params": {"gamma": 7.087396368942189, "lr": 0.4883341181204487}, "datetime": {"datetime": "2024-06-13 17:05:03", "elapsed": 6.804047, "delta": 0.004987}}
{"target": -259.7835859676868, "params": {"gamma": 0.49937573878707536, "lr": 0.0804314339695471}, "datetime": {"datetime": "2024-06-13 17:05:03", "elapsed": 6.808036, "delta": 0.003989}}
{"target": -619.7906809081666, "params": {"gamma": 2.4601774098261746, "lr": 0.9816217286230167}, "datetime": {"datetime": "2024-06-13 17:05:03", "elapsed": 6.813023, "delta": 0.004987}}
{"target": -1069.2420743859716, "params": {"gamma": 6.919480375538572, "lr": 0.26800758185732043}, "datetime": {"datetime": "2024-06-13 17:05:03", "elapsed": 6.818009, "delta": 0.004986}}
{"target": -1411.1189878704945, "params": {"gamma": 7.062926182268611, "lr": 0.6613461343815696}, "datetime": {"datetime": "2024-06-13 17:05:03", "elapsed": 6.821998, "delta": 0.003989}}
{"target": -149.26417845950857, "params": {"gamma": 0.4338583185782008, "lr": 0.3614875846417379}, "datetime": {"datetime": "2024-06-13 17:05:03", "elapsed": 6.826985, "delta": 0.004987}}
{"target": -2991.666868452471, "params": {"gamma": 7.737506106039536, "lr": 0.07852291483410356}, "datetime": {"datetime": "2024-06-13 17:05:03", "elapsed": 6.830974, "delta": 0.003989}}
{"target": -2175.6061465764205, "params": {"gamma": 8.84395678364194, "lr": 0.9308682962545582}, "datetime": {"datetime": "2024-06-13 17:05:03", "elapsed": 6.835961, "delta": 0.004987}}
{"target": -2611.560772061873, "params": {"gamma": 8.531002038386509, "lr": 0.117377604100948}, "datetime": {"datetime": "2024-06-13 17:05:03", "elapsed": 6.83995, "delta": 0.003989}}
{"target": -1230.6458339101437, "params": {"gamma": 5.652169643537417, "lr": 0.7075599478322232}, "datetime": {"datetime": "2024-06-13 17:05:03", "elapsed": 6.844937, "delta": 0.004987}}
{"target": -3140.012165722301, "params": {"gamma": 8.879912919311819, "lr": 0.09577602929981288}, "datetime": {"datetime": "2024-06-13 17:05:03", "elapsed": 6.848926, "delta": 0.003989}}
{"target": -1256.7806035001176, "params": {"gamma": 8.157890074908734, "lr": 0.27801633166878204}, "datetime": {"datetime": "2024-06-13 17:05:03", "elapsed": 6.853913, "delta": 0.004987}}
{"target": -1276.8595806786113, "params": {"gamma": 5.923281570273373, "lr": 0.7197957093739197}, "datetime": {"datetime": "2024-06-13 17:05:03", "elapsed": 6.857902, "delta": 0.003989}}
{"target": -1220.9827532986674, "params": {"gamma": 7.7704144744548165, "lr": 0.29466484899886947}, "datetime": {"datetime": "2024-06-13 17:05:03", "elapsed": 6.862889, "delta": 0.004987}}
{"target": -959.9183642957707, "params": {"gamma": 6.074158012949801, "lr": 0.2874728742023305}, "datetime": {"datetime": "2024-06-13 17:05:03", "elapsed": 6.866878, "delta": 0.003989}}
{"target": -2230.8553121975892, "params": {"gamma": 9.983169186094411, "lr": 0.8145056079423507}, "datetime": {"datetime": "2024-06-13 17:05:03", "elapsed": 6.871865, "delta": 0.004987}}
{"target": -979.5754868899098, "params": {"gamma": 4.140365184777405, "lr": 0.8791421856642359}, "datetime": {"datetime": "2024-06-13 17:05:03", "elapsed": 6.876852, "delta": 0.004987}}
{"target": -1804.4022526779424, "params": {"gamma": 7.325278649969429, "lr": 0.928746930727756}, "datetime": {"datetime": "2024-06-13 17:05:03", "elapsed": 6.880841, "delta": 0.003989}}
{"target": -298.99185162105726, "params": {"gamma": 1.7169353317749951, "lr": 0.2948350049208741}, "datetime": {"datetime": "2024-06-13 17:05:03", "elapsed": 6.885828, "delta": 0.004987}}
{"target": -193.74471364920632, "params": {"gamma": 0.9382730240703474, "lr": 0.3179810316787127}, "datetime": {"datetime": "2024-06-13 17:05:03", "elapsed": 6.890814, "delta": 0.004986}}
{"target": -773.9835023585383, "params": {"gamma": 3.812504948851634, "lr": 0.6327125396187535}, "datetime": {"datetime": "2024-06-13 17:05:03", "elapsed": 6.894804, "delta": 0.00399}}
{"target": -1020.5107460031019, "params": {"gamma": 4.715727863547479, "lr": 0.717668980777047}, "datetime": {"datetime": "2024-06-13 17:05:03", "elapsed": 6.899791, "delta": 0.004987}}
{"target": -579.120461497245, "params": {"gamma": 2.692966111483643, "lr": 0.17305671918218446}, "datetime": {"datetime": "2024-06-13 17:05:03", "elapsed": 6.904777, "delta": 0.004986}}
{"target": -650.9140145811543, "params": {"gamma": 3.7918469051508774, "lr": 0.43808143742785455}, "datetime": {"datetime": "2024-06-13 17:05:03", "elapsed": 6.908766, "delta": 0.003989}}
{"target": -1042.4448365839876, "params": {"gamma": 4.221843551590521, "lr": 0.913569686661525}, "datetime": {"datetime": "2024-06-13 17:05:03", "elapsed": 6.913753, "delta": 0.004987}}
{"target": -434.69813534308304, "params": {"gamma": 2.696400616451196, "lr": 0.3520434026951569}, "datetime": {"datetime": "2024-06-13 17:05:03", "elapsed": 6.918595, "delta": 0.004842}}
{"target": -347.8337274593649, "params": {"gamma": 2.1528813919731067, "lr": 0.37192301140427286}, "datetime": {"datetime": "2024-06-13 17:05:03", "elapsed": 6.923578, "delta": 0.004983}}
{"target": -744.0186198616907, "params": {"gamma": 3.8991640529202587, "lr": 0.5754270571118745}, "datetime": {"datetime": "2024-06-13 17:05:03", "elapsed": 6.927567, "delta": 0.003989}}
{"target": -446.80331803389896, "params": {"gamma": 2.7843714212458077, "lr": 0.2594923085078481}, "datetime": {"datetime": "2024-06-13 17:05:03", "elapsed": 6.932554, "delta": 0.004987}}
{"target": -1764.343947193531, "params": {"gamma": 7.190894889170183, "lr": 0.9101787075725445}, "datetime": {"datetime": "2024-06-13 17:05:03", "elapsed": 6.93754, "delta": 0.004986}}
{"target": -275.2187647770798, "params": {"gamma": 1.2218460988148518, "lr": 0.18228897074998485}, "datetime": {"datetime": "2024-06-13 17:05:03", "elapsed": 6.94153, "delta": 0.00399}}
{"target": -314.4009622504309, "params": {"gamma": 1.3319633391141557, "lr": 0.6836076828044971}, "datetime": {"datetime": "2024-06-13 17:05:03", "elapsed": 6.947515, "delta": 0.005985}}
{"target": -444.1833676464072, "params": {"gamma": 2.1408837173038955, "lr": 0.6045716033063737}, "datetime": {"datetime": "2024-06-13 17:05:03", "elapsed": 6.952501, "delta": 0.004986}}
{"target": -469.76849106632574, "params": {"gamma": 2.0175856692950274, "lr": 0.8177571936931245}, "datetime": {"datetime": "2024-06-13 17:05:03", "elapsed": 6.957487, "delta": 0.004986}}
{"target": -691.8372977299381, "params": {"gamma": 3.161755215449723, "lr": 0.6696167646858762}, "datetime": {"datetime": "2024-06-13 17:05:04", "elapsed": 6.962475, "delta": 0.004988}}
{"target": -263.6768678782069, "params": {"gamma": 1.4881868944628063, "lr": 0.30594544708616045}, "datetime": {"datetime": "2024-06-13 17:05:04", "elapsed": 6.967461, "delta": 0.004986}}
{"target": -608.229891978816, "params": {"gamma": 2.9731172115714624, "lr": 0.6350799325450489}, "datetime": {"datetime": "2024-06-13 17:05:04", "elapsed": 6.971451, "delta": 0.00399}}
{"target": -1569.8587825034565, "params": {"gamma": 6.809124390706244, "lr": 0.8452486465038237}, "datetime": {"datetime": "2024-06-13 17:05:04", "elapsed": 6.976437, "delta": 0.004986}}
{"target": -419.31193300405147, "params": {"gamma": 1.8342857207824639, "lr": 0.7604297643064385}, "datetime": {"datetime": "2024-06-13 17:05:04", "elapsed": 6.981423, "delta": 0.004986}}
{"target": -1336.0017813318514, "params": {"gamma": 7.119682083391317, "lr": 0.5575439140774725}, "datetime": {"datetime": "2024-06-13 17:05:04", "elapsed": 6.985413, "delta": 0.00399}}
{"target": -2491.1420929313354, "params": {"gamma": 6.50197970017053, "lr": 0.0899951030326972}, "datetime": {"datetime": "2024-06-13 17:05:04", "elapsed": 6.990399, "delta": 0.004986}}
{"target": -280.8802662330241, "params": {"gamma": 1.4696112814099909, "lr": 0.41557172071663584}, "datetime": {"datetime": "2024-06-13 17:05:04", "elapsed": 6.995386, "delta": 0.004987}}
{"target": -1486.3191043284583, "params": {"gamma": 7.1139955123219485, "lr": 0.16782116362359434}, "datetime": {"datetime": "2024-06-13 17:05:04", "elapsed": 6.999375, "delta": 0.003989}}
{"target": -663.6964844626002, "params": {"gamma": 3.8904024131038595, "lr": 0.49794595388742613}, "datetime": {"datetime": "2024-06-13 17:05:04", "elapsed": 7.004362, "delta": 0.004987}}
{"target": -3606.2189819829227, "params": {"gamma": 9.350522223405173, "lr": 0.055196248654505564}, "datetime": {"datetime": "2024-06-13 17:05:04", "elapsed": 7.009349, "delta": 0.004987}}
{"target": -2040.2542420951322, "params": {"gamma": 8.290245901995016, "lr": 0.9841598458987846}, "datetime": {"datetime": "2024-06-13 17:05:04", "elapsed": 7.014335, "delta": 0.004986}}
{"target": -651.6624858674519, "params": {"gamma": 2.6734588625853686, "lr": 0.8900573037740913}, "datetime": {"datetime": "2024-06-13 17:05:04", "elapsed": 7.019322, "delta": 0.004987}}
{"target": -648.4408698144535, "params": {"gamma": 2.9037110876153163, "lr": 0.7990074981966317}, "datetime": {"datetime": "2024-06-13 17:05:04", "elapsed": 7.023311, "delta": 0.003989}}
{"target": -873.5926807149406, "params": {"gamma": 4.599113822624364, "lr": 0.59760864887687}, "datetime": {"datetime": "2024-06-13 17:05:04", "elapsed": 7.028298, "delta": 0.004987}}
{"target": -525.3207992210464, "params": {"gamma": 2.367437100274259, "lr": 0.687614962160815}, "datetime": {"datetime": "2024-06-13 17:05:04", "elapsed": 7.033285, "delta": 0.004987}}
{"target": -307.5356478442878, "params": {"gamma": 1.4876999762661907, "lr": 0.5596864990017729}, "datetime": {"datetime": "2024-06-13 17:05:04", "elapsed": 7.038271, "delta": 0.004986}}
{"target": -1143.9796468606653, "params": {"gamma": 4.943794976509587, "lr": 0.8372059959494197}, "datetime": {"datetime": "2024-06-13 17:05:04", "elapsed": 7.042261, "delta": 0.00399}}
{"target": -1059.3225256781197, "params": {"gamma": 4.815203685221957, "lr": 0.7847309599867293}, "datetime": {"datetime": "2024-06-13 17:05:04", "elapsed": 7.047057, "delta": 0.004796}}
{"target": -632.6412514551811, "params": {"gamma": 4.003542773051022, "lr": 0.3079059334309052}, "datetime": {"datetime": "2024-06-13 17:05:04", "elapsed": 7.052043, "delta": 0.004986}}
{"target": -1327.742615741298, "params": {"gamma": 7.872484136639694, "lr": 0.4184642639114249}, "datetime": {"datetime": "2024-06-13 17:05:04", "elapsed": 7.05703, "delta": 0.004987}}
{"target": -942.0344791117974, "params": {"gamma": 4.968163846072137, "lr": 0.577322531324329}, "datetime": {"datetime": "2024-06-13 17:05:04", "elapsed": 7.061019, "delta": 0.003989}}
{"target": -1542.0182483875178, "params": {"gamma": 8.196837713155396, "lr": 0.5813199746267194}, "datetime": {"datetime": "2024-06-13 17:05:04", "elapsed": 7.066006, "delta": 0.004987}}
{"target": -901.6855145059611, "params": {"gamma": 4.062022883905419, "lr": 0.16058682850924277}, "datetime": {"datetime": "2024-06-13 17:05:04", "elapsed": 7.069995, "delta": 0.003989}}
{"target": -1649.9758759677948, "params": {"gamma": 7.021410937836175, "lr": 0.8832328216518347}, "datetime": {"datetime": "2024-06-13 17:05:04", "elapsed": 7.074982, "delta": 0.004987}}
{"target": -224.44740847716076, "params": {"gamma": 1.0846805001536175, "lr": 0.46621397581308155}, "datetime": {"datetime": "2024-06-13 17:05:04", "elapsed": 7.079968, "delta": 0.004986}}
{"target": -1747.65857443804, "params": {"gamma": 9.34542051628517, "lr": 0.5635091674751708}, "datetime": {"datetime": "2024-06-13 17:05:04", "elapsed": 7.083958, "delta": 0.00399}}
{"target": -2121.3445900950687, "params": {"gamma": 5.452989887556196, "lr": 0.06347554987814286}, "datetime": {"datetime": "2024-06-13 17:05:04", "elapsed": 7.088944, "delta": 0.004986}}
{"target": -1073.0115255644603, "params": {"gamma": 5.353466496108746, "lr": 0.654541303819938}, "datetime": {"datetime": "2024-06-13 17:05:04", "elapsed": 7.092934, "delta": 0.00399}}
{"target": -384.2275775190853, "params": {"gamma": 1.466771864485812, "lr": 0.9563647276468465}, "datetime": {"datetime": "2024-06-13 17:05:04", "elapsed": 7.097683, "delta": 0.004749}}
{"target": -441.4636957174026, "params": {"gamma": 1.962311768641484, "lr": 0.673925993557942}, "datetime": {"datetime": "2024-06-13 17:05:04", "elapsed": 7.102669, "delta": 0.004986}}
{"target": -941.4468045015378, "params": {"gamma": 2.744137192928587, "lr": 0.10843083383187457}, "datetime": {"datetime": "2024-06-13 17:05:04", "elapsed": 7.107656, "delta": 0.004987}}
{"target": -422.0477528997455, "params": {"gamma": 2.6097471361451294, "lr": 0.33415183351807476}, "datetime": {"datetime": "2024-06-13 17:05:04", "elapsed": 7.111645, "delta": 0.003989}}
