{"target": -276.93915122504876, "params": {"gamma": 1.5159891044593792, "lr": 0.9712833117325801}, "datetime": {"datetime": "2024-06-13 19:11:59", "elapsed": 5.31051, "delta": 0.003989}}
{"target": -248.34054839457167, "params": {"gamma": 1.6505577067216257, "lr": 0.7272354411432771}, "datetime": {"datetime": "2024-06-13 19:11:59", "elapsed": 5.3145, "delta": 0.00399}}
{"target": -1395.034493447366, "params": {"gamma": 8.907351190743636, "lr": 0.8587151157269453}, "datetime": {"datetime": "2024-06-13 19:11:59", "elapsed": 5.318489, "delta": 0.003989}}
{"target": -244.68550695421138, "params": {"gamma": 1.8433864145173096, "lr": 0.23680853369423926}, "datetime": {"datetime": "2024-06-13 19:11:59", "elapsed": 5.323475, "delta": 0.004986}}
{"target": -136.26759686983237, "params": {"gamma": 0.1846080023892216, "lr": 0.9314054672648543}, "datetime": {"datetime": "2024-06-13 19:11:59", "elapsed": 5.327465, "delta": 0.00399}}
{"target": -958.253817338907, "params": {"gamma": 8.871324645396406, "lr": 0.5954661689695429}, "datetime": {"datetime": "2024-06-13 19:11:59", "elapsed": 5.331455, "delta": 0.00399}}
{"target": -197.40395243050835, "params": {"gamma": 1.0945671874130298, "lr": 0.17354264684250154}, "datetime": {"datetime": "2024-06-13 19:11:59", "elapsed": 5.336441, "delta": 0.004986}}
{"target": -617.7646391301718, "params": {"gamma": 5.770026748955153, "lr": 0.25165697350014493}, "datetime": {"datetime": "2024-06-13 19:11:59", "elapsed": 5.34043, "delta": 0.003989}}
{"target": -449.4079661528932, "params": {"gamma": 3.0024181605272484, "lr": 0.17098734894301837}, "datetime": {"datetime": "2024-06-13 19:11:59", "elapsed": 5.344419, "delta": 0.003989}}
{"target": -204.97263559570698, "params": {"gamma": 1.8967275990085757, "lr": 0.4634211543904514}, "datetime": {"datetime": "2024-06-13 19:11:59", "elapsed": 5.348409, "delta": 0.00399}}
{"target": -533.5923995957972, "params": {"gamma": 5.099229852311732, "lr": 0.5115798896647326}, "datetime": {"datetime": "2024-06-13 19:11:59", "elapsed": 5.353396, "delta": 0.004987}}
{"target": -1419.5639195550648, "params": {"gamma": 9.971390854869842, "lr": 0.1295958172701398}, "datetime": {"datetime": "2024-06-13 19:11:59", "elapsed": 5.358382, "delta": 0.004986}}
{"target": -1014.6782198859455, "params": {"gamma": 7.561942713988967, "lr": 0.7937567472248925}, "datetime": {"datetime": "2024-06-13 19:11:59", "elapsed": 5.362371, "delta": 0.003989}}
{"target": -560.4664383203061, "params": {"gamma": 5.849241105106437, "lr": 0.4627381802693252}, "datetime": {"datetime": "2024-06-13 19:11:59", "elapsed": 5.366361, "delta": 0.00399}}
{"target": -1286.2543512654468, "params": {"gamma": 8.934372946865443, "lr": 0.8281802190731247}, "datetime": {"datetime": "2024-06-13 19:11:59", "elapsed": 5.371348, "delta": 0.004987}}
{"target": -149.80801173664966, "params": {"gamma": 0.5038590693510084, "lr": 0.962983753087854}, "datetime": {"datetime": "2024-06-13 19:11:59", "elapsed": 5.375337, "delta": 0.003989}}
{"target": -139.13170123732044, "params": {"gamma": 0.07439157764468438, "lr": 0.5731322046839419}, "datetime": {"datetime": "2024-06-13 19:11:59", "elapsed": 5.379326, "delta": 0.003989}}
{"target": -886.624410672391, "params": {"gamma": 5.7247357384538, "lr": 0.8343796647905168}, "datetime": {"datetime": "2024-06-13 19:12:00", "elapsed": 5.384314, "delta": 0.004988}}
{"target": -720.4863613231176, "params": {"gamma": 3.8477759631858306, "lr": 0.09104086904598219}, "datetime": {"datetime": "2024-06-13 19:12:00", "elapsed": 5.3893, "delta": 0.004986}}
{"target": -1133.4092306999069, "params": {"gamma": 5.81729100641988, "lr": 0.024845860363731265}, "datetime": {"datetime": "2024-06-13 19:12:00", "elapsed": 5.393289, "delta": 0.003989}}
{"target": -604.0173515245166, "params": {"gamma": 3.618595813310707, "lr": 0.9853168020853229}, "datetime": {"datetime": "2024-06-13 19:12:00", "elapsed": 5.397306, "delta": 0.004017}}
{"target": -1213.8452655528065, "params": {"gamma": 8.687919916680645, "lr": 0.15249674176120542}, "datetime": {"datetime": "2024-06-13 19:12:00", "elapsed": 5.402266, "delta": 0.00496}}
{"target": -1144.0980933564574, "params": {"gamma": 7.988462064471767, "lr": 0.8109969194215267}, "datetime": {"datetime": "2024-06-13 19:12:00", "elapsed": 5.407252, "delta": 0.004986}}
{"target": -1134.2728405618318, "params": {"gamma": 9.282143984052633, "lr": 0.22438426604398454}, "datetime": {"datetime": "2024-06-13 19:12:00", "elapsed": 5.412238, "delta": 0.004986}}
{"target": -727.8604489415164, "params": {"gamma": 4.990175777525101, "lr": 0.8274440914110759}, "datetime": {"datetime": "2024-06-13 19:12:00", "elapsed": 5.417227, "delta": 0.004989}}
{"target": -726.7355681808136, "params": {"gamma": 6.673670516196978, "lr": 0.5939361433837695}, "datetime": {"datetime": "2024-06-13 19:12:00", "elapsed": 5.422213, "delta": 0.004986}}
{"target": -800.2479467109961, "params": {"gamma": 6.520106231886649, "lr": 0.23851601279901302}, "datetime": {"datetime": "2024-06-13 19:12:00", "elapsed": 5.427198, "delta": 0.004985}}
{"target": -132.01224775080163, "params": {"gamma": 0.2563753086730316, "lr": 0.736257257446534}, "datetime": {"datetime": "2024-06-13 19:12:00", "elapsed": 5.432185, "delta": 0.004987}}
{"target": -334.31461850621054, "params": {"gamma": 3.268591461483445, "lr": 0.3767568869201464}, "datetime": {"datetime": "2024-06-13 19:12:00", "elapsed": 5.437172, "delta": 0.004987}}
{"target": -666.8626690904329, "params": {"gamma": 6.126547925441392, "lr": 0.657165042363517}, "datetime": {"datetime": "2024-06-13 19:12:00", "elapsed": 5.441161, "delta": 0.003989}}
{"target": -317.7121536216248, "params": {"gamma": 2.0297861073278014, "lr": 0.8260315378454188}, "datetime": {"datetime": "2024-06-13 19:12:00", "elapsed": 5.44515, "delta": 0.003989}}
{"target": -425.1022253055737, "params": {"gamma": 3.802685845849549, "lr": 0.6317444085013915}, "datetime": {"datetime": "2024-06-13 19:12:00", "elapsed": 5.450137, "delta": 0.004987}}
{"target": -994.3057680667241, "params": {"gamma": 9.664147745107453, "lr": 0.5647862352666362}, "datetime": {"datetime": "2024-06-13 19:12:00", "elapsed": 5.454126, "delta": 0.003989}}
{"target": -403.2075243115988, "params": {"gamma": 3.58975250674678, "lr": 0.6189701087401422}, "datetime": {"datetime": "2024-06-13 19:12:00", "elapsed": 5.458116, "delta": 0.00399}}
{"target": -483.61679182065086, "params": {"gamma": 5.018429387513632, "lr": 0.45237624777785157}, "datetime": {"datetime": "2024-06-13 19:12:00", "elapsed": 5.462105, "delta": 0.003989}}
{"target": -1200.174502238426, "params": {"gamma": 7.32297507682793, "lr": 0.9245101499841026}, "datetime": {"datetime": "2024-06-13 19:12:00", "elapsed": 5.467092, "delta": 0.004987}}
{"target": -883.0832051578172, "params": {"gamma": 4.793234881420612, "lr": 0.08823015100009579}, "datetime": {"datetime": "2024-06-13 19:12:00", "elapsed": 5.471081, "delta": 0.003989}}
{"target": -700.8177367710988, "params": {"gamma": 5.696965913284056, "lr": 0.2449508551148344}, "datetime": {"datetime": "2024-06-13 19:12:00", "elapsed": 5.47507, "delta": 0.003989}}
{"target": -134.56151429106578, "params": {"gamma": 0.3967395368422162, "lr": 0.7881402066436831}, "datetime": {"datetime": "2024-06-13 19:12:00", "elapsed": 5.47906, "delta": 0.00399}}
{"target": -384.0971734987796, "params": {"gamma": 2.728409598411216, "lr": 0.7770704929423838}, "datetime": {"datetime": "2024-06-13 19:12:00", "elapsed": 5.484047, "delta": 0.004987}}
{"target": -522.9244624023538, "params": {"gamma": 4.882601221938961, "lr": 0.31793589107511533}, "datetime": {"datetime": "2024-06-13 19:12:00", "elapsed": 5.488036, "delta": 0.003989}}
{"target": -630.4489057480197, "params": {"gamma": 3.1409404750589167, "lr": 0.04202476008611444}, "datetime": {"datetime": "2024-06-13 19:12:00", "elapsed": 5.492025, "delta": 0.003989}}
{"target": -777.8292050541962, "params": {"gamma": 5.344463969208603, "lr": 0.8235515559967603}, "datetime": {"datetime": "2024-06-13 19:12:00", "elapsed": 5.497012, "delta": 0.004987}}
{"target": -190.68322955875874, "params": {"gamma": 0.8398696296412803, "lr": 0.10855870560871761}, "datetime": {"datetime": "2024-06-13 19:12:00", "elapsed": 5.501001, "delta": 0.003989}}
{"target": -579.7805901137093, "params": {"gamma": 5.293030012750302, "lr": 0.6601418096235968}, "datetime": {"datetime": "2024-06-13 19:12:00", "elapsed": 5.50499, "delta": 0.003989}}
{"target": -736.0066759730339, "params": {"gamma": 6.947765177374281, "lr": 0.313221695146886}, "datetime": {"datetime": "2024-06-13 19:12:00", "elapsed": 5.509977, "delta": 0.004987}}
{"target": -122.42135688384596, "params": {"gamma": 0.37873998028565886, "lr": 0.4145628796923949}, "datetime": {"datetime": "2024-06-13 19:12:00", "elapsed": 5.513966, "delta": 0.003989}}
{"target": -466.95995491849015, "params": {"gamma": 2.2612156645820662, "lr": 0.0011148302524066622}, "datetime": {"datetime": "2024-06-13 19:12:00", "elapsed": 5.518953, "delta": 0.004987}}
{"target": -1125.05599845153, "params": {"gamma": 6.857480005685141, "lr": 0.9520625390545332}, "datetime": {"datetime": "2024-06-13 19:12:00", "elapsed": 5.522942, "delta": 0.003989}}
{"target": -423.34727983947255, "params": {"gamma": 3.9121264535897473, "lr": 0.3002984293714631}, "datetime": {"datetime": "2024-06-13 19:12:00", "elapsed": 5.526932, "delta": 0.00399}}
{"target": -858.405283822238, "params": {"gamma": 5.537964374290343, "lr": 0.8519762580648814}, "datetime": {"datetime": "2024-06-13 19:12:00", "elapsed": 5.530921, "delta": 0.003989}}
{"target": -1038.0524327345731, "params": {"gamma": 7.9498792795045405, "lr": 0.6847567049785765}, "datetime": {"datetime": "2024-06-13 19:12:00", "elapsed": 5.535908, "delta": 0.004987}}
{"target": -575.8474042149766, "params": {"gamma": 4.321638805905765, "lr": 0.6904340198543137}, "datetime": {"datetime": "2024-06-13 19:12:00", "elapsed": 5.539897, "delta": 0.003989}}
{"target": -249.142644263854, "params": {"gamma": 2.161037487164819, "lr": 0.28394343784624676}, "datetime": {"datetime": "2024-06-13 19:12:00", "elapsed": 5.543886, "delta": 0.003989}}
{"target": -1273.6873713249333, "params": {"gamma": 7.778428288392944, "lr": 0.9299801363463566}, "datetime": {"datetime": "2024-06-13 19:12:00", "elapsed": 5.548873, "delta": 0.004987}}
{"target": -223.86437301255137, "params": {"gamma": 1.9013049866632814, "lr": 0.29606328941823257}, "datetime": {"datetime": "2024-06-13 19:12:00", "elapsed": 5.552862, "delta": 0.003989}}
{"target": -138.80458588828319, "params": {"gamma": 0.06309646163797043, "lr": 0.43156224528040166}, "datetime": {"datetime": "2024-06-13 19:12:00", "elapsed": 5.556851, "delta": 0.003989}}
{"target": -254.1523768624243, "params": {"gamma": 2.103740422454257, "lr": 0.6414247825536215}, "datetime": {"datetime": "2024-06-13 19:12:00", "elapsed": 5.561838, "delta": 0.004987}}
{"target": -1091.488296345664, "params": {"gamma": 7.096182567565407, "lr": 0.11877771439848506}, "datetime": {"datetime": "2024-06-13 19:12:00", "elapsed": 5.565828, "delta": 0.00399}}
{"target": -180.7999098636557, "params": {"gamma": 0.8223578763172843, "lr": 0.9063350695803358}, "datetime": {"datetime": "2024-06-13 19:12:00", "elapsed": 5.569817, "delta": 0.003989}}
{"target": -415.4622339373802, "params": {"gamma": 3.8929983086548985, "lr": 0.5334034972660143}, "datetime": {"datetime": "2024-06-13 19:12:00", "elapsed": 5.574804, "delta": 0.004987}}
{"target": -1287.6219559727253, "params": {"gamma": 9.632452407571792, "lr": 0.7590540122163353}, "datetime": {"datetime": "2024-06-13 19:12:00", "elapsed": 5.578793, "delta": 0.003989}}
{"target": -614.3403482635752, "params": {"gamma": 3.256077435692296, "lr": 0.08584930112029354}, "datetime": {"datetime": "2024-06-13 19:12:00", "elapsed": 5.582783, "delta": 0.00399}}
{"target": -544.0971203948601, "params": {"gamma": 5.360704142867423, "lr": 0.33612544293733115}, "datetime": {"datetime": "2024-06-13 19:12:00", "elapsed": 5.587772, "delta": 0.004989}}
{"target": -133.02316594798222, "params": {"gamma": 0.21783235985649294, "lr": 0.7711523332537787}, "datetime": {"datetime": "2024-06-13 19:12:00", "elapsed": 5.591761, "delta": 0.003989}}
{"target": -413.7583412154383, "params": {"gamma": 3.849706389409975, "lr": 0.5713211500587355}, "datetime": {"datetime": "2024-06-13 19:12:00", "elapsed": 5.59575, "delta": 0.003989}}
{"target": -1238.0545805071667, "params": {"gamma": 7.557672815106508, "lr": 0.9408474199010457}, "datetime": {"datetime": "2024-06-13 19:12:00", "elapsed": 5.599739, "delta": 0.003989}}
{"target": -650.8717322902969, "params": {"gamma": 6.123611064507542, "lr": 0.31539617878014314}, "datetime": {"datetime": "2024-06-13 19:12:00", "elapsed": 5.605724, "delta": 0.005985}}
{"target": -257.99229503011475, "params": {"gamma": 1.1016550019623323, "lr": 0.07391888791127221}, "datetime": {"datetime": "2024-06-13 19:12:00", "elapsed": 5.609713, "delta": 0.003989}}
{"target": -363.07974423915414, "params": {"gamma": 3.197588047953422, "lr": 0.660839138956005}, "datetime": {"datetime": "2024-06-13 19:12:00", "elapsed": 5.614699, "delta": 0.004986}}
{"target": -827.3554046375019, "params": {"gamma": 6.9518254952121765, "lr": 0.20771804006298766}, "datetime": {"datetime": "2024-06-13 19:12:00", "elapsed": 5.618689, "delta": 0.00399}}
{"target": -138.29257462438198, "params": {"gamma": 0.8288765899448861, "lr": 0.3055106612860311}, "datetime": {"datetime": "2024-06-13 19:12:00", "elapsed": 5.623676, "delta": 0.004987}}
{"target": -740.454684138018, "params": {"gamma": 5.476198023985873, "lr": 0.7546696744748647}, "datetime": {"datetime": "2024-06-13 19:12:00", "elapsed": 5.627665, "delta": 0.003989}}
{"target": -566.2923044531825, "params": {"gamma": 5.297043548379857, "lr": 0.28698375274707455}, "datetime": {"datetime": "2024-06-13 19:12:00", "elapsed": 5.632652, "delta": 0.004987}}
{"target": -666.7717554976571, "params": {"gamma": 6.242173052915846, "lr": 0.2648366551761958}, "datetime": {"datetime": "2024-06-13 19:12:00", "elapsed": 5.63664, "delta": 0.003988}}
{"target": -1007.9725482331987, "params": {"gamma": 6.527276450430897, "lr": 0.8418980078267378}, "datetime": {"datetime": "2024-06-13 19:12:00", "elapsed": 5.641627, "delta": 0.004987}}
{"target": -666.0420851889355, "params": {"gamma": 6.389839255863949, "lr": 0.5656314689767339}, "datetime": {"datetime": "2024-06-13 19:12:00", "elapsed": 5.645617, "delta": 0.00399}}
{"target": -497.7859924352651, "params": {"gamma": 3.072113950599342, "lr": 0.8767770399379612}, "datetime": {"datetime": "2024-06-13 19:12:00", "elapsed": 5.649607, "delta": 0.00399}}
{"target": -1321.3609282816105, "params": {"gamma": 9.888230025288278, "lr": 0.777479431209941}, "datetime": {"datetime": "2024-06-13 19:12:00", "elapsed": 5.654593, "delta": 0.004986}}
{"target": -826.8797114007366, "params": {"gamma": 5.736864931846622, "lr": 0.14127933264100168}, "datetime": {"datetime": "2024-06-13 19:12:00", "elapsed": 5.658582, "delta": 0.003989}}
{"target": -322.9808349208188, "params": {"gamma": 3.1499752949036433, "lr": 0.3668593185911837}, "datetime": {"datetime": "2024-06-13 19:12:00", "elapsed": 5.662571, "delta": 0.003989}}
{"target": -292.45301999493273, "params": {"gamma": 2.9196603150536307, "lr": 0.4459528147489278}, "datetime": {"datetime": "2024-06-13 19:12:00", "elapsed": 5.667558, "delta": 0.004987}}
{"target": -729.8579128450202, "params": {"gamma": 6.106714536159591, "lr": 0.2129145905151636}, "datetime": {"datetime": "2024-06-13 19:12:00", "elapsed": 5.671548, "delta": 0.00399}}
{"target": -404.69824765177367, "params": {"gamma": 2.4983477831127514, "lr": 0.11215048322109678}, "datetime": {"datetime": "2024-06-13 19:12:00", "elapsed": 5.675537, "delta": 0.003989}}
{"target": -306.41895557880866, "params": {"gamma": 3.07657830315885, "lr": 0.49744827858464324}, "datetime": {"datetime": "2024-06-13 19:12:00", "elapsed": 5.680523, "delta": 0.004986}}
{"target": -809.3251680539674, "params": {"gamma": 4.898588039316173, "lr": 0.9955772118463961}, "datetime": {"datetime": "2024-06-13 19:12:00", "elapsed": 5.684513, "delta": 0.00399}}
{"target": -941.0891243014555, "params": {"gamma": 9.811104522073206, "lr": 0.4365627716811432}, "datetime": {"datetime": "2024-06-13 19:12:00", "elapsed": 5.688502, "delta": 0.003989}}
{"target": -1146.9804254477494, "params": {"gamma": 9.720234197281384, "lr": 0.21439790417581406}, "datetime": {"datetime": "2024-06-13 19:12:00", "elapsed": 5.693489, "delta": 0.004987}}
{"target": -519.957871686733, "params": {"gamma": 5.411667740203425, "lr": 0.4534353144697316}, "datetime": {"datetime": "2024-06-13 19:12:00", "elapsed": 5.697508, "delta": 0.004019}}
{"target": -1484.7136938449844, "params": {"gamma": 9.67612136622795, "lr": 0.8361762231353584}, "datetime": {"datetime": "2024-06-13 19:12:00", "elapsed": 5.701468, "delta": 0.00396}}
{"target": -226.56562245705393, "params": {"gamma": 2.142255100882632, "lr": 0.43953910215539116}, "datetime": {"datetime": "2024-06-13 19:12:00", "elapsed": 5.706454, "delta": 0.004986}}
{"target": -208.6504832829559, "params": {"gamma": 1.685601239492825, "lr": 0.5290872104552504}, "datetime": {"datetime": "2024-06-13 19:12:00", "elapsed": 5.710443, "delta": 0.003989}}
{"target": -1532.507942484771, "params": {"gamma": 7.935053256996167, "lr": 0.03587914896601674}, "datetime": {"datetime": "2024-06-13 19:12:00", "elapsed": 5.714433, "delta": 0.00399}}
{"target": -336.4875861163231, "params": {"gamma": 1.9143974164796644, "lr": 0.9774555643930162}, "datetime": {"datetime": "2024-06-13 19:12:00", "elapsed": 5.71942, "delta": 0.004987}}
{"target": -988.669471506122, "params": {"gamma": 9.608012262900427, "lr": 0.5565916591021018}, "datetime": {"datetime": "2024-06-13 19:12:00", "elapsed": 5.723409, "delta": 0.003989}}
{"target": -689.5226577077773, "params": {"gamma": 6.461261124237896, "lr": 0.27209301429327437}, "datetime": {"datetime": "2024-06-13 19:12:00", "elapsed": 5.727398, "delta": 0.003989}}
{"target": -1238.9486830002825, "params": {"gamma": 9.520958766042686, "lr": 0.66977480632724}, "datetime": {"datetime": "2024-06-13 19:12:00", "elapsed": 5.732385, "delta": 0.004987}}
{"target": -1293.780953837966, "params": {"gamma": 6.6684131433924785, "lr": 0.011103333369922863}, "datetime": {"datetime": "2024-06-13 19:12:00", "elapsed": 5.736374, "delta": 0.003989}}
{"target": -1142.223860913997, "params": {"gamma": 8.529845528647078, "lr": 0.7783262186802019}, "datetime": {"datetime": "2024-06-13 19:12:00", "elapsed": 5.741361, "delta": 0.004987}}
{"target": -902.8984901279484, "params": {"gamma": 6.849555045051163, "lr": 0.740781813019585}, "datetime": {"datetime": "2024-06-13 19:12:00", "elapsed": 5.74535, "delta": 0.003989}}
{"target": -238.63570721556283, "params": {"gamma": 1.5665676735591734, "lr": 0.71877505284865}, "datetime": {"datetime": "2024-06-13 19:12:00", "elapsed": 5.74934, "delta": 0.00399}}
{"target": -174.60565126464635, "params": {"gamma": 0.9690872885214075, "lr": 0.7069494480386341}, "datetime": {"datetime": "2024-06-13 19:12:00", "elapsed": 5.753329, "delta": 0.003989}}
{"target": -142.93965554453354, "params": {"gamma": 0.027315329458906884, "lr": 0.7762057874603809}, "datetime": {"datetime": "2024-06-13 19:12:00", "elapsed": 5.758316, "delta": 0.004987}}
{"target": -592.6875751551538, "params": {"gamma": 4.916080290630613, "lr": 0.20438686629786484}, "datetime": {"datetime": "2024-06-13 19:12:00", "elapsed": 5.762305, "delta": 0.003989}}
{"target": -771.6632861858222, "params": {"gamma": 7.292736897839507, "lr": 0.3156541317831608}, "datetime": {"datetime": "2024-06-13 19:12:00", "elapsed": 5.766295, "delta": 0.00399}}
{"target": -1272.1603108054846, "params": {"gamma": 8.83829208238512, "lr": 0.18023352523222202}, "datetime": {"datetime": "2024-06-13 19:12:00", "elapsed": 5.771281, "delta": 0.004986}}
{"target": -1533.1568286057488, "params": {"gamma": 9.385567992205967, "lr": 0.9707501480531616}, "datetime": {"datetime": "2024-06-13 19:12:00", "elapsed": 5.77527, "delta": 0.003989}}
{"target": -493.77030919687695, "params": {"gamma": 3.0455479552792557, "lr": 0.8624863997043009}, "datetime": {"datetime": "2024-06-13 19:12:00", "elapsed": 5.779259, "delta": 0.003989}}
{"target": -809.8965067405317, "params": {"gamma": 8.421949009551232, "lr": 0.4246127100946028}, "datetime": {"datetime": "2024-06-13 19:12:00", "elapsed": 5.783249, "delta": 0.00399}}
{"target": -397.4205331771037, "params": {"gamma": 3.637480394119995, "lr": 0.282437473235045}, "datetime": {"datetime": "2024-06-13 19:12:00", "elapsed": 5.788235, "delta": 0.004986}}
{"target": -1050.3255119611126, "params": {"gamma": 9.93237460787099, "lr": 0.25575102695189966}, "datetime": {"datetime": "2024-06-13 19:12:00", "elapsed": 5.792281, "delta": 0.004046}}
{"target": -884.0140921093562, "params": {"gamma": 9.206835301993463, "lr": 0.4283352137597225}, "datetime": {"datetime": "2024-06-13 19:12:00", "elapsed": 5.796778, "delta": 0.004497}}
{"target": -1435.9751989705485, "params": {"gamma": 9.354334696401745, "lr": 0.8388448341981828}, "datetime": {"datetime": "2024-06-13 19:12:00", "elapsed": 5.800767, "delta": 0.003989}}
{"target": -203.30819351314238, "params": {"gamma": 1.5586174788295128, "lr": 0.5742833543508832}, "datetime": {"datetime": "2024-06-13 19:12:00", "elapsed": 5.805754, "delta": 0.004987}}
{"target": -650.7590504652186, "params": {"gamma": 6.7353566438421755, "lr": 0.4058204059990451}, "datetime": {"datetime": "2024-06-13 19:12:00", "elapsed": 5.809743, "delta": 0.003989}}
{"target": -140.90191383229512, "params": {"gamma": 0.04976556777778367, "lr": 0.3253313297689604}, "datetime": {"datetime": "2024-06-13 19:12:00", "elapsed": 5.813732, "delta": 0.003989}}
{"target": -1618.1870205754306, "params": {"gamma": 8.389610534784513, "lr": 0.06282398021726943}, "datetime": {"datetime": "2024-06-13 19:12:00", "elapsed": 5.818719, "delta": 0.004987}}
