{"target": -142.4798850220402, "params": {"gamma": 0.518425063389165, "prior": 8.023345278411995, "rate": 1.8127106900062346}, "datetime": {"datetime": "2024-06-14 05:06:55", "elapsed": 17.018261, "delta": 0.010941}}
{"target": -321.8596914056626, "params": {"gamma": 6.687743802830694, "prior": 8.370179976185053, "rate": 9.648000771149587}, "datetime": {"datetime": "2024-06-14 05:06:55", "elapsed": 17.028234, "delta": 0.009973}}
{"target": -126.91048156390409, "params": {"gamma": 1.2693322409733296, "prior": 5.2807820848604825, "rate": 8.506259835578277}, "datetime": {"datetime": "2024-06-14 05:06:55", "elapsed": 17.03721, "delta": 0.008976}}
{"target": -271.4067921397442, "params": {"gamma": 5.376554931110454, "prior": 7.327460113254701, "rate": 7.854811002586698}, "datetime": {"datetime": "2024-06-14 05:06:55", "elapsed": 17.047751, "delta": 0.010541}}
{"target": -378.83356851053026, "params": {"gamma": 8.36611885215124, "prior": 6.698671028783691, "rate": 8.977494158102747}, "datetime": {"datetime": "2024-06-14 05:06:55", "elapsed": 17.057713, "delta": 0.009962}}
{"target": -355.7979559748612, "params": {"gamma": 6.4782645488662265, "prior": 9.451910164511617, "rate": 6.293354520653859}, "datetime": {"datetime": "2024-06-14 05:06:55", "elapsed": 17.067686, "delta": 0.009973}}
{"target": -485.8101721528713, "params": {"gamma": 8.724413810278625, "prior": 5.996988068238829, "rate": 3.4441454939220204}, "datetime": {"datetime": "2024-06-14 05:06:55", "elapsed": 17.077659, "delta": 0.009973}}
{"target": -509.5809385145677, "params": {"gamma": 8.134761405617539, "prior": 4.380572177078845, "rate": 1.26633005871915}, "datetime": {"datetime": "2024-06-14 05:06:55", "elapsed": 17.087633, "delta": 0.009974}}
{"target": -521.8010094883509, "params": {"gamma": 9.685718757922707, "prior": 8.540378886592336, "rate": 5.613032976457021}, "datetime": {"datetime": "2024-06-14 05:06:55", "elapsed": 17.098209, "delta": 0.010576}}
{"target": -452.85156388956307, "params": {"gamma": 6.70645236332923, "prior": 9.97746979690073, "rate": 1.6139258941379875}, "datetime": {"datetime": "2024-06-14 05:06:55", "elapsed": 17.108182, "delta": 0.009973}}
{"target": -256.1855566456017, "params": {"gamma": 5.345865061083275, "prior": 3.9706892074339746, "rate": 5.411934552410746}, "datetime": {"datetime": "2024-06-14 05:06:55", "elapsed": 17.118156, "delta": 0.009974}}
{"target": -129.18127853943415, "params": {"gamma": 1.0346751548979976, "prior": 4.463348355283198, "rate": 4.615179910338178}, "datetime": {"datetime": "2024-06-14 05:06:55", "elapsed": 17.128129, "delta": 0.009973}}
{"target": -309.5557620242649, "params": {"gamma": 5.959320550265768, "prior": 6.657514292740112, "rate": 5.9019035859365445}, "datetime": {"datetime": "2024-06-14 05:06:55", "elapsed": 17.138102, "delta": 0.009973}}
{"target": -385.6866150497916, "params": {"gamma": 7.294098218201382, "prior": 5.850935976242481, "rate": 4.431587983023527}, "datetime": {"datetime": "2024-06-14 05:06:55", "elapsed": 17.148076, "delta": 0.009974}}
{"target": -299.1454435603478, "params": {"gamma": 4.968387656954369, "prior": 4.3578792885960675, "rate": 2.1015284571954447}, "datetime": {"datetime": "2024-06-14 05:06:55", "elapsed": 17.158049, "delta": 0.009973}}
{"target": -157.78357383565634, "params": {"gamma": 2.268784360438243, "prior": 4.628147893294655, "rate": 4.336093573615487}, "datetime": {"datetime": "2024-06-14 05:06:55", "elapsed": 17.168022, "delta": 0.009973}}
{"target": -340.8041665425907, "params": {"gamma": 7.793058306926475, "prior": 4.266497925247028, "rate": 6.734009957010978}, "datetime": {"datetime": "2024-06-14 05:06:55", "elapsed": 17.177995, "delta": 0.009973}}
{"target": -143.30826424182519, "params": {"gamma": 1.6612208005950855, "prior": 8.258183945490565, "rate": 6.8543823546258436}, "datetime": {"datetime": "2024-06-14 05:06:55", "elapsed": 17.187969, "delta": 0.009974}}
{"target": -333.55652355578786, "params": {"gamma": 7.890734933535461, "prior": 3.6588964274812152, "rate": 6.62582745539401}, "datetime": {"datetime": "2024-06-14 05:06:55", "elapsed": 17.197943, "delta": 0.009974}}
{"target": -152.33157678077626, "params": {"gamma": 2.1716875482551337, "prior": 2.287957296922715, "rate": 2.4253252674042707}, "datetime": {"datetime": "2024-06-14 05:06:55", "elapsed": 17.208913, "delta": 0.01097}}
{"target": -154.19546462117552, "params": {"gamma": 2.646618581923333, "prior": 4.143278360424636, "rate": 8.287125786730796}, "datetime": {"datetime": "2024-06-14 05:06:55", "elapsed": 17.217889, "delta": 0.008976}}
{"target": -610.8975161990462, "params": {"gamma": 9.474248122372826, "prior": 6.361334167652156, "rate": 1.348256625665745}, "datetime": {"datetime": "2024-06-14 05:06:55", "elapsed": 17.227862, "delta": 0.009973}}
{"target": -274.79264509535847, "params": {"gamma": 4.200514533381073, "prior": 9.36823535020746, "rate": 3.206122209008569}, "datetime": {"datetime": "2024-06-14 05:06:55", "elapsed": 17.237835, "delta": 0.009973}}
{"target": -362.7184084349369, "params": {"gamma": 6.1931905794918185, "prior": 9.357823108034191, "rate": 4.607362678122438}, "datetime": {"datetime": "2024-06-14 05:06:55", "elapsed": 17.248272, "delta": 0.010437}}
{"target": -259.13807730626274, "params": {"gamma": 5.004490142114326, "prior": 9.19506772656131, "rate": 9.298305886525743}, "datetime": {"datetime": "2024-06-14 05:06:55", "elapsed": 17.258245, "delta": 0.009973}}
{"target": -416.25950559813725, "params": {"gamma": 9.04496424702233, "prior": 5.184981853710656, "rate": 6.398472694701441}, "datetime": {"datetime": "2024-06-14 05:06:55", "elapsed": 17.268247, "delta": 0.010002}}
{"target": -239.85295907413052, "params": {"gamma": 5.890472752605639, "prior": 1.6690987172854312, "rate": 6.234866594810311}, "datetime": {"datetime": "2024-06-14 05:06:55", "elapsed": 17.278192, "delta": 0.009945}}
{"target": -175.10638387467475, "params": {"gamma": 3.1921240844594263, "prior": 1.3942814559414822, "rate": 2.1508150426858728}, "datetime": {"datetime": "2024-06-14 05:06:55", "elapsed": 17.288165, "delta": 0.009973}}
{"target": -184.18014263725956, "params": {"gamma": 3.1372893115280216, "prior": 9.519372827689537, "rate": 9.907680849822357}, "datetime": {"datetime": "2024-06-14 05:06:55", "elapsed": 17.298139, "delta": 0.009974}}
{"target": -423.569463836374, "params": {"gamma": 8.668996751551681, "prior": 4.672423692173761, "rate": 4.656706908529602}, "datetime": {"datetime": "2024-06-14 05:06:55", "elapsed": 17.308112, "delta": 0.009973}}
{"target": -309.86075306090635, "params": {"gamma": 7.647520341309665, "prior": 1.074239963450954, "rate": 9.940379659168363}, "datetime": {"datetime": "2024-06-14 05:06:55", "elapsed": 17.318086, "delta": 0.009974}}
{"target": -275.39124528739137, "params": {"gamma": 6.9224566172976845, "prior": 3.0629283412837927, "rate": 9.088573077112654}, "datetime": {"datetime": "2024-06-14 05:06:55", "elapsed": 17.328059, "delta": 0.009973}}
{"target": -273.4138607831135, "params": {"gamma": 5.526235888770702, "prior": 0.9433807768511864, "rate": 1.0833491863453326}, "datetime": {"datetime": "2024-06-14 05:06:55", "elapsed": 17.338032, "delta": 0.009973}}
{"target": -141.6206696965116, "params": {"gamma": 0.3176168877888321, "prior": 2.240327888608129, "rate": 0.51508803577319}, "datetime": {"datetime": "2024-06-14 05:06:55", "elapsed": 17.349003, "delta": 0.010971}}
{"target": -216.36142135500458, "params": {"gamma": 5.103214380152735, "prior": 0.9211098493361365, "rate": 4.431779707933526}, "datetime": {"datetime": "2024-06-14 05:06:55", "elapsed": 17.358976, "delta": 0.009973}}
{"target": -165.08030843275986, "params": {"gamma": 2.362771206680796, "prior": 5.6412349065280925, "rate": 4.390238946627599}, "datetime": {"datetime": "2024-06-14 05:06:55", "elapsed": 17.368949, "delta": 0.009973}}
{"target": -451.71904981601136, "params": {"gamma": 8.375567087137503, "prior": 3.4317930698460395, "rate": 2.3030862375648358}, "datetime": {"datetime": "2024-06-14 05:06:55", "elapsed": 17.378923, "delta": 0.009974}}
{"target": -658.8726479643037, "params": {"gamma": 9.401218217622588, "prior": 4.71700059437067, "rate": 0.2825494345653465}, "datetime": {"datetime": "2024-06-14 05:06:55", "elapsed": 17.388896, "delta": 0.009973}}
{"target": -139.4874972517898, "params": {"gamma": 0.7952844018626734, "prior": 5.600160498896482, "rate": 2.1085032523654648}, "datetime": {"datetime": "2024-06-14 05:06:55", "elapsed": 17.39887, "delta": 0.009974}}
{"target": -124.25546875220876, "params": {"gamma": 1.4832079169213832, "prior": 2.03577051385278, "rate": 7.4477447466406055}, "datetime": {"datetime": "2024-06-14 05:06:55", "elapsed": 17.408843, "delta": 0.009973}}
{"target": -357.89890835432016, "params": {"gamma": 9.490190594750429, "prior": 1.3808418827316682, "rate": 8.797922693851072}, "datetime": {"datetime": "2024-06-14 05:06:55", "elapsed": 17.418706, "delta": 0.009863}}
{"target": -490.20960647650463, "params": {"gamma": 7.119486308304545, "prior": 5.612748843111474, "rate": 0.6711193665390025}, "datetime": {"datetime": "2024-06-14 05:06:55", "elapsed": 17.429678, "delta": 0.010972}}
{"target": -394.54359535110234, "params": {"gamma": 7.877623428379662, "prior": 8.141573527504782, "rate": 7.546064084925807}, "datetime": {"datetime": "2024-06-14 05:06:55", "elapsed": 17.43965, "delta": 0.009972}}
{"target": -305.37893078176114, "params": {"gamma": 5.5053451266130216, "prior": 6.352887453044348, "rate": 4.367192277935727}, "datetime": {"datetime": "2024-06-14 05:06:55", "elapsed": 17.449624, "delta": 0.009974}}
{"target": -159.79992791304298, "params": {"gamma": 3.079162242084743, "prior": 2.1563415656940617, "rate": 7.70783813326756}, "datetime": {"datetime": "2024-06-14 05:06:55", "elapsed": 17.459597, "delta": 0.009973}}
{"target": -473.4632064274837, "params": {"gamma": 9.347823400996651, "prior": 6.253005567983246, "rate": 5.342940039040913}, "datetime": {"datetime": "2024-06-14 05:06:55", "elapsed": 17.46957, "delta": 0.009973}}
{"target": -333.1649992762643, "params": {"gamma": 8.832821399586447, "prior": 0.543549432321984, "rate": 3.027452733825171}, "datetime": {"datetime": "2024-06-14 05:06:55", "elapsed": 17.479544, "delta": 0.009974}}
{"target": -189.871810869228, "params": {"gamma": 3.825328639516465, "prior": 0.4078849577947824, "rate": 5.199809613230569}, "datetime": {"datetime": "2024-06-14 05:06:55", "elapsed": 17.489517, "delta": 0.009973}}
{"target": -505.1175185543607, "params": {"gamma": 9.40582357294277, "prior": 7.992725691934161, "rate": 5.351408522523899}, "datetime": {"datetime": "2024-06-14 05:06:55", "elapsed": 17.500488, "delta": 0.010971}}
{"target": -420.24105386420945, "params": {"gamma": 6.7657338580782405, "prior": 7.873824709873373, "rate": 2.611671926966363}, "datetime": {"datetime": "2024-06-14 05:06:55", "elapsed": 17.510462, "delta": 0.009974}}
{"target": -169.4378569300622, "params": {"gamma": 2.757360350509144, "prior": 6.091715488473178, "rate": 6.74213697673649}, "datetime": {"datetime": "2024-06-14 05:06:55", "elapsed": 17.520434, "delta": 0.009972}}
{"target": -143.29887819709447, "params": {"gamma": 0.037131121203666864, "prior": 8.571439691934431, "rate": 1.4499755526920097}, "datetime": {"datetime": "2024-06-14 05:06:55", "elapsed": 17.530409, "delta": 0.009975}}
{"target": -414.80716855001896, "params": {"gamma": 5.124009381904939, "prior": 5.6655858482099735, "rate": 0.07290430277148773}, "datetime": {"datetime": "2024-06-14 05:06:55", "elapsed": 17.541378, "delta": 0.010969}}
{"target": -219.00566221303853, "params": {"gamma": 4.289076528699282, "prior": 5.384053388047638, "rate": 6.907376297071434}, "datetime": {"datetime": "2024-06-14 05:06:55", "elapsed": 17.551288, "delta": 0.00991}}
{"target": -337.6746147396452, "params": {"gamma": 9.031835670784622, "prior": 0.7787551523432098, "rate": 2.8317040472904758}, "datetime": {"datetime": "2024-06-14 05:06:55", "elapsed": 17.561265, "delta": 0.009977}}
{"target": -251.70619239275712, "params": {"gamma": 5.279795197202099, "prior": 2.9733261504001245, "rate": 4.201892734282735}, "datetime": {"datetime": "2024-06-14 05:06:55", "elapsed": 17.571241, "delta": 0.009976}}
{"target": -403.57094776835385, "params": {"gamma": 9.820547479625972, "prior": 0.6636402718702625, "rate": 9.289203208835787}, "datetime": {"datetime": "2024-06-14 05:06:55", "elapsed": 17.581217, "delta": 0.009976}}
{"target": -339.4900241641794, "params": {"gamma": 6.680114161371072, "prior": 5.035947408040653, "rate": 4.647506170595227}, "datetime": {"datetime": "2024-06-14 05:06:55", "elapsed": 17.591223, "delta": 0.010006}}
{"target": -320.9115969659959, "params": {"gamma": 5.589785773928347, "prior": 2.9867128566196963, "rate": 1.7188330067587443}, "datetime": {"datetime": "2024-06-14 05:06:55", "elapsed": 17.602249, "delta": 0.011026}}
{"target": -358.9671589181243, "params": {"gamma": 6.197786816831587, "prior": 9.885925228469835, "rate": 5.162690424583267}, "datetime": {"datetime": "2024-06-14 05:06:55", "elapsed": 17.612224, "delta": 0.009975}}
{"target": -408.2024265712245, "params": {"gamma": 6.710412491894106, "prior": 5.243372538798067, "rate": 2.0011085780511912}, "datetime": {"datetime": "2024-06-14 05:06:55", "elapsed": 17.6222, "delta": 0.009976}}
{"target": -315.7606031443956, "params": {"gamma": 5.787379979419437, "prior": 9.583007643759036, "rate": 6.924549114998262}, "datetime": {"datetime": "2024-06-14 05:06:55", "elapsed": 17.63247, "delta": 0.01027}}
{"target": -131.14440384092643, "params": {"gamma": 0.274342053750928, "prior": 3.6948761925389584, "rate": 6.33921964079754}, "datetime": {"datetime": "2024-06-14 05:06:56", "elapsed": 17.642446, "delta": 0.009976}}
{"target": -238.85133153805873, "params": {"gamma": 5.67116400617658, "prior": 1.301203739015265, "rate": 9.364796358912931}, "datetime": {"datetime": "2024-06-14 05:06:56", "elapsed": 17.652331, "delta": 0.009885}}
{"target": -213.04044014781607, "params": {"gamma": 3.938997493293488, "prior": 7.319700947932855, "rate": 7.857086866488291}, "datetime": {"datetime": "2024-06-14 05:06:56", "elapsed": 17.661307, "delta": 0.008976}}
{"target": -157.38798449582782, "params": {"gamma": 2.1307142258890264, "prior": 6.659980991963436, "rate": 5.2341476294898825}, "datetime": {"datetime": "2024-06-14 05:06:56", "elapsed": 17.67228, "delta": 0.010973}}
{"target": -148.3022558610368, "params": {"gamma": 1.783794004691899, "prior": 7.212564495824819, "rate": 5.406224528163018}, "datetime": {"datetime": "2024-06-14 05:06:56", "elapsed": 17.682256, "delta": 0.009976}}
{"target": -144.29781720613326, "params": {"gamma": 2.1417238051544096, "prior": 4.238811933822576, "rate": 6.8079344253726966}, "datetime": {"datetime": "2024-06-14 05:06:56", "elapsed": 17.692231, "delta": 0.009975}}
{"target": -436.0463258642762, "params": {"gamma": 9.937621475494428, "prior": 5.5295345252227435, "rate": 7.939406449739636}, "datetime": {"datetime": "2024-06-14 05:06:56", "elapsed": 17.702205, "delta": 0.009974}}
{"target": -177.54205344279612, "params": {"gamma": 3.3064511453666356, "prior": 5.164454283417241, "rate": 8.350414978664054}, "datetime": {"datetime": "2024-06-14 05:06:56", "elapsed": 17.712181, "delta": 0.009976}}
{"target": -357.83620280756486, "params": {"gamma": 9.704609444607442, "prior": 1.8668728599484044, "rate": 8.513224576444088}, "datetime": {"datetime": "2024-06-14 05:06:56", "elapsed": 17.722154, "delta": 0.009973}}
{"target": -528.8057917091073, "params": {"gamma": 9.8839813130555, "prior": 4.559573957621887, "rate": 3.0802934792591}, "datetime": {"datetime": "2024-06-14 05:06:56", "elapsed": 17.732129, "delta": 0.009975}}
{"target": -339.35061870554665, "params": {"gamma": 9.124683586378131, "prior": 2.2765865789701447, "rate": 9.88264881287327}, "datetime": {"datetime": "2024-06-14 05:06:56", "elapsed": 17.742105, "delta": 0.009976}}
{"target": -206.9824766741259, "params": {"gamma": 4.016014561459776, "prior": 1.0131129142505106, "rate": 1.368611993565815}, "datetime": {"datetime": "2024-06-14 05:06:56", "elapsed": 17.751294, "delta": 0.009189}}
{"target": -206.89843157530237, "params": {"gamma": 4.771246207156717, "prior": 0.7033829612030654, "rate": 2.519602463648642}, "datetime": {"datetime": "2024-06-14 05:06:56", "elapsed": 17.761269, "delta": 0.009975}}
{"target": -387.3744454467204, "params": {"gamma": 7.950227595281238, "prior": 7.874786065977949, "rate": 8.108387517165163}, "datetime": {"datetime": "2024-06-14 05:06:56", "elapsed": 17.771245, "delta": 0.009976}}
{"target": -129.62959092655683, "params": {"gamma": 0.4635818527703097, "prior": 7.687845099749461, "rate": 8.068658621836198}, "datetime": {"datetime": "2024-06-14 05:06:56", "elapsed": 17.782218, "delta": 0.010973}}
{"target": -134.7535528894244, "params": {"gamma": 0.1614807233633352, "prior": 3.9741465501415574, "rate": 8.655905140222567}, "datetime": {"datetime": "2024-06-14 05:06:56", "elapsed": 17.792194, "delta": 0.009976}}
{"target": -528.0624485426893, "params": {"gamma": 9.58478787486283, "prior": 9.203960219040058, "rate": 5.470332354994583}, "datetime": {"datetime": "2024-06-14 05:06:56", "elapsed": 17.802167, "delta": 0.009973}}
{"target": -183.9144719438605, "params": {"gamma": 3.0999028075571977, "prior": 5.933723461468355, "rate": 5.960308888277244}, "datetime": {"datetime": "2024-06-14 05:06:56", "elapsed": 17.812143, "delta": 0.009976}}
{"target": -302.3081624259738, "params": {"gamma": 6.645853962048891, "prior": 5.949068744119219, "rate": 8.680686431625688}, "datetime": {"datetime": "2024-06-14 05:06:56", "elapsed": 17.822118, "delta": 0.009975}}
{"target": -293.88192197661397, "params": {"gamma": 3.740404346465307, "prior": 2.51576369972239, "rate": 0.20584523782095557}, "datetime": {"datetime": "2024-06-14 05:06:56", "elapsed": 17.833089, "delta": 0.010971}}
{"target": -151.39672393872596, "params": {"gamma": 2.3276534032092466, "prior": 1.6998563265328037, "rate": 2.382365800220145}, "datetime": {"datetime": "2024-06-14 05:06:56", "elapsed": 17.843213, "delta": 0.010124}}
{"target": -539.7721127192393, "params": {"gamma": 8.809750700685962, "prior": 7.342834380593291, "rate": 2.4346474261497026}, "datetime": {"datetime": "2024-06-14 05:06:56", "elapsed": 17.853261, "delta": 0.010048}}
{"target": -419.2937340806089, "params": {"gamma": 7.93074966579814, "prior": 5.486796446527367, "rate": 4.065455958505244}, "datetime": {"datetime": "2024-06-14 05:06:56", "elapsed": 17.863238, "delta": 0.009977}}
{"target": -181.25583985195195, "params": {"gamma": 2.0588168270783345, "prior": 3.1762456147307865, "rate": 0.7933859337786535}, "datetime": {"datetime": "2024-06-14 05:06:56", "elapsed": 17.873212, "delta": 0.009974}}
{"target": -174.06147598340027, "params": {"gamma": 2.3370014693504007, "prior": 6.690938823288298, "rate": 3.510850519903707}, "datetime": {"datetime": "2024-06-14 05:06:56", "elapsed": 17.883219, "delta": 0.010007}}
{"target": -408.07274456694404, "params": {"gamma": 8.197382234314826, "prior": 6.645433517996546, "rate": 6.243886676338824}, "datetime": {"datetime": "2024-06-14 05:06:56", "elapsed": 17.893163, "delta": 0.009944}}
{"target": -213.80579015167484, "params": {"gamma": 4.203358120025224, "prior": 6.485522600358745, "rate": 8.748431716742354}, "datetime": {"datetime": "2024-06-14 05:06:56", "elapsed": 17.903136, "delta": 0.009973}}
{"target": -164.12889722622108, "params": {"gamma": 3.1134152627298404, "prior": 3.493245069587299, "rate": 8.486942886026812}, "datetime": {"datetime": "2024-06-14 05:06:56", "elapsed": 17.914107, "delta": 0.010971}}
{"target": -358.3215239622465, "params": {"gamma": 5.2994112343421165, "prior": 9.24451206335198, "rate": 1.876341924396167}, "datetime": {"datetime": "2024-06-14 05:06:56", "elapsed": 17.92408, "delta": 0.009973}}
{"target": -201.48708391933056, "params": {"gamma": 2.149517739976633, "prior": 8.638341582747344, "rate": 0.9958043191607387}, "datetime": {"datetime": "2024-06-14 05:06:56", "elapsed": 17.934054, "delta": 0.009974}}
{"target": -257.85162416090503, "params": {"gamma": 4.717152090529902, "prior": 8.410095236823695, "rate": 6.937672299169015}, "datetime": {"datetime": "2024-06-14 05:06:56", "elapsed": 17.971952, "delta": 0.037898}}
{"target": -203.7109054120413, "params": {"gamma": 4.622952603534849, "prior": 1.7354650920880788, "rate": 5.508608102481257}, "datetime": {"datetime": "2024-06-14 05:06:56", "elapsed": 17.982431, "delta": 0.010479}}
{"target": -686.0446653052514, "params": {"gamma": 9.879798710108535, "prior": 8.071059692189767, "rate": 0.5502334117385274}, "datetime": {"datetime": "2024-06-14 05:06:56", "elapsed": 17.992405, "delta": 0.009974}}
{"target": -468.7597961051336, "params": {"gamma": 7.109572833570658, "prior": 9.768501118223332, "rate": 1.9345458616173425}, "datetime": {"datetime": "2024-06-14 05:06:56", "elapsed": 18.002379, "delta": 0.009974}}
{"target": -356.05320164098754, "params": {"gamma": 9.564120655508974, "prior": 2.4101209180042362, "rate": 8.194158826769996}, "datetime": {"datetime": "2024-06-14 05:06:56", "elapsed": 18.012352, "delta": 0.009973}}
{"target": -142.31047574175452, "params": {"gamma": 1.495037423229105, "prior": 5.18963690755791, "rate": 3.64078281665956}, "datetime": {"datetime": "2024-06-14 05:06:56", "elapsed": 18.022326, "delta": 0.009974}}
{"target": -267.5762076265321, "params": {"gamma": 6.707204581969504, "prior": 1.8732591939869123, "rate": 5.7979036601822145}, "datetime": {"datetime": "2024-06-14 05:06:56", "elapsed": 18.032328, "delta": 0.010002}}
{"target": -142.24798388751594, "params": {"gamma": 0.02523445285068334, "prior": 4.313976928799815, "rate": 5.158416296806499}, "datetime": {"datetime": "2024-06-14 05:06:56", "elapsed": 18.042271, "delta": 0.009943}}
{"target": -569.392748090543, "params": {"gamma": 8.378128201572276, "prior": 7.600612871411063, "rate": 0.9198244994151032}, "datetime": {"datetime": "2024-06-14 05:06:56", "elapsed": 18.052841, "delta": 0.01057}}
