{"target": -306.4890086441937, "params": {"p_ai": 4.634748122750124, "p_al": 5.099229852311732, "p_ex": 5.116287316757662, "prior": 9.971390854869842, "rate": 1.296828576884128}, "datetime": {"datetime": "2024-06-13 08:07:26", "elapsed": 62.445037, "delta": 0.108937}}
{"target": -431.886099643843, "params": {"p_ai": 7.561942713988967, "p_al": 7.937773715501701, "p_ex": 5.849241105106437, "prior": 4.627919064512984, "rate": 8.934372946865443}, "datetime": {"datetime": "2024-06-13 08:07:26", "elapsed": 62.553774, "delta": 0.108737}}
{"target": -479.87348643059715, "params": {"p_ai": 8.281974010512174, "p_al": 0.5038590693510084, "p_ex": 9.629874547125452, "prior": 0.07439157764468438, "rate": 5.731748914634736}, "datetime": {"datetime": "2024-06-13 08:07:26", "elapsed": 62.662456, "delta": 0.108682}}
{"target": -472.60558390777754, "params": {"p_ai": 5.7247357384538, "p_al": 8.343962268240377, "p_ex": 3.8477759631858306, "prior": 0.911317649590776, "rate": 5.81729100641988}, "datetime": {"datetime": "2024-06-13 08:07:26", "elapsed": 62.771193, "delta": 0.108737}}
{"target": -115.87396671528975, "params": {"p_ai": 0.24943375777694893, "p_al": 3.618595813310707, "p_ex": 9.853182704051143, "prior": 8.687919916680645, "rate": 1.525814920870293}, "datetime": {"datetime": "2024-06-13 08:07:26", "elapsed": 62.879843, "delta": 0.10865}}
{"target": -433.02729563516186, "params": {"p_ai": 7.988462064471767, "p_al": 8.110158197295846, "p_ex": 9.282143984052633, "prior": 2.2446182761738016, "rate": 4.990175777525101}, "datetime": {"datetime": "2024-06-13 08:07:26", "elapsed": 62.98843, "delta": 0.108587}}
{"target": -504.4521216791377, "params": {"p_ai": 8.274613470019348, "p_al": 6.673670516196978, "p_ex": 5.939767497694312, "prior": 6.520106231886649, "rate": 2.385921611977331}, "datetime": {"datetime": "2024-06-13 08:07:27", "elapsed": 63.096115, "delta": 0.107685}}
{"target": -146.10905680208614, "params": {"p_ai": 0.2563753086730316, "p_al": 7.362836317207894, "p_ex": 3.268591461483445, "prior": 3.7681921123145443, "rate": 6.126547925441392}, "datetime": {"datetime": "2024-06-13 08:07:27", "elapsed": 63.20486, "delta": 0.108745}}
{"target": -334.3556133071385, "params": {"p_ai": 6.571993258592808, "p_al": 2.0297861073278014, "p_ex": 8.260489346916343, "prior": 3.802685845849549, "rate": 6.317812340605414}, "datetime": {"datetime": "2024-06-13 08:07:27", "elapsed": 63.319521, "delta": 0.114661}}
{"target": -596.2449927587096, "params": {"p_ai": 9.664147745107453, "p_al": 5.648297566431096, "p_ex": 3.58975250674678, "prior": 6.1900821172926825, "rate": 5.018429387513632}, "datetime": {"datetime": "2024-06-13 08:07:27", "elapsed": 63.429796, "delta": 0.110275}}
{"target": -295.993438406667, "params": {"p_ai": 4.524310101530738, "p_al": 7.32297507682793, "p_ex": 9.245176989691043, "prior": 4.793234881420612, "rate": 0.8832132798499579}, "datetime": {"datetime": "2024-06-13 08:07:27", "elapsed": 63.540599, "delta": 0.110803}}
{"target": -420.25597902751906, "params": {"p_ai": 5.696965913284056, "p_al": 2.450263600293229, "p_ex": 0.3967395368422162, "prior": 7.881613926230188, "rate": 2.728409598411216}, "datetime": {"datetime": "2024-06-13 08:07:27", "elapsed": 63.650817, "delta": 0.110218}}
{"target": -576.5734539677327, "params": {"p_ai": 7.7709278589308965, "p_al": 4.882601221938961, "p_ex": 3.1800409748600784, "prior": 3.1409404750589167, "rate": 0.42120557610105835}, "datetime": {"datetime": "2024-06-13 08:07:27", "elapsed": 63.759654, "delta": 0.108837}}
{"target": -574.0338640077003, "params": {"p_ai": 5.344463969208603, "p_al": 8.235692008411606, "p_ex": 0.8398696296412803, "prior": 1.0864784973815673, "rate": 5.293030012750302}, "datetime": {"datetime": "2024-06-13 08:07:27", "elapsed": 63.868868, "delta": 0.109214}}
{"target": -645.2353587089935, "params": {"p_ai": 6.601757954426345, "p_al": 6.947765177374281, "p_ex": 3.1329037297737132, "prior": 0.37873998028565886, "rate": 4.146214234044257}, "datetime": {"datetime": "2024-06-13 08:07:27", "elapsed": 63.977957, "delta": 0.109089}}
{"target": -155.6503589061488, "params": {"p_ai": 2.2612156645820662, "p_al": 0.012147187693814215, "p_ex": 6.857480005685141, "prior": 9.520673328006277, "rate": 3.9121264535897473}, "datetime": {"datetime": "2024-06-13 08:07:28", "elapsed": 64.087142, "delta": 0.109185}}
{"target": -163.90929029670565, "params": {"p_ai": 3.0036839952852596, "p_al": 5.537964374290343, "p_ex": 8.519910604390748, "prior": 7.9498792795045405, "rate": 6.847882293080787}, "datetime": {"datetime": "2024-06-13 08:07:28", "elapsed": 64.19536, "delta": 0.108218}}
{"target": -345.4325769263773, "params": {"p_ai": 4.321638805905765, "p_al": 6.904649764523284, "p_ex": 2.161037487164819, "prior": 2.8401504350246216, "rate": 7.778428288392944}, "datetime": {"datetime": "2024-06-13 08:07:28", "elapsed": 64.30407, "delta": 0.10871}}
{"target": -637.711678975953, "params": {"p_ai": 9.299871383327218, "p_al": 1.9013049866632814, "p_ex": 2.9613368308929076, "prior": 0.06309646163797043, "rate": 4.316190890558737}, "datetime": {"datetime": "2024-06-13 08:07:28", "elapsed": 64.413341, "delta": 0.109271}}
{"target": -360.82548832208136, "params": {"p_ai": 2.103740422454257, "p_al": 6.414606400753661, "p_ex": 7.096182567565407, "prior": 1.188658366270452, "rate": 0.8223578763172843}, "datetime": {"datetime": "2024-06-13 08:07:28", "elapsed": 64.522584, "delta": 0.109243}}
{"target": -517.633646418289, "params": {"p_ai": 9.063444360733778, "p_al": 3.8929983086548985, "p_ex": 5.334501569162878, "prior": 9.632452407571792, "rate": 7.590781068151137}, "datetime": {"datetime": "2024-06-13 08:07:28", "elapsed": 64.631295, "delta": 0.108711}}
{"target": -225.4607667601736, "params": {"p_ai": 3.256077435692296, "p_al": 0.8594071619018152, "p_ex": 5.360704142867423, "prior": 3.3619183039303744, "rate": 0.21783235985649294}, "datetime": {"datetime": "2024-06-13 08:07:28", "elapsed": 64.740034, "delta": 0.108739}}
{"target": -433.5241043184394, "params": {"p_ai": 7.711752180204535, "p_al": 3.849706389409975, "p_ex": 5.713640179437297, "prior": 7.557672815106508, "rate": 9.408533351590556}, "datetime": {"datetime": "2024-06-13 08:07:28", "elapsed": 64.848745, "delta": 0.108711}}
{"target": -517.1191452229933, "params": {"p_ai": 6.123611064507542, "p_al": 3.1546463916226513, "p_ex": 1.1016550019623323, "prior": 0.7401149602248109, "rate": 3.197588047953422}, "datetime": {"datetime": "2024-06-13 08:07:28", "elapsed": 64.956513, "delta": 0.107768}}
{"target": -660.9119028248058, "params": {"p_ai": 6.608730550421095, "p_al": 6.9518254952121765, "p_ex": 2.0779726825898135, "prior": 0.8288765899448861, "rate": 3.055801102199025}, "datetime": {"datetime": "2024-06-13 08:07:29", "elapsed": 65.065222, "delta": 0.108709}}
{"target": -343.18166020967595, "params": {"p_ai": 5.476198023985873, "p_al": 7.546942075074172, "p_ex": 5.297043548379857, "prior": 2.8705505437179983, "rate": 6.242173052915846}, "datetime": {"datetime": "2024-06-13 08:07:29", "elapsed": 65.172936, "delta": 0.107714}}
{"target": -154.5750252065381, "params": {"p_ai": 2.649101715106782, "p_al": 6.527276450430897, "p_ex": 8.419138180259552, "prior": 6.389839255863949, "rate": 5.656749058298363}, "datetime": {"datetime": "2024-06-13 08:07:29", "elapsed": 65.281645, "delta": 0.108709}}
{"target": -158.20687222875364, "params": {"p_ai": 3.072113950599342, "p_al": 8.767893622339674, "p_ex": 9.888230025288278, "prior": 7.775016832668201, "rate": 5.736864931846622}, "datetime": {"datetime": "2024-06-13 08:07:29", "elapsed": 65.390354, "delta": 0.108709}}
{"target": -157.8739016118816, "params": {"p_ai": 1.4136520470773757, "p_al": 3.1499752949036433, "p_ex": 3.669226326593246, "prior": 2.9196603150536307, "rate": 4.46008219467453}, "datetime": {"datetime": "2024-06-13 08:07:29", "elapsed": 65.500228, "delta": 0.109874}}
{"target": -412.6174372493053, "params": {"p_ai": 6.106714536159591, "p_al": 2.129932990561121, "p_ex": 2.4983477831127514, "prior": 1.1223926817277465, "rate": 3.07657830315885}, "datetime": {"datetime": "2024-06-13 08:07:29", "elapsed": 65.608972, "delta": 0.108744}}
{"target": -235.15856089298904, "params": {"p_ai": 4.9749853375678486, "p_al": 4.898588039316173, "p_ex": 9.955776541252115, "prior": 9.811104522073206, "rate": 4.366191154039751}, "datetime": {"datetime": "2024-06-13 08:07:29", "elapsed": 65.71772, "delta": 0.108748}}
{"target": -548.4290987604877, "params": {"p_ai": 9.720234197281384, "p_al": 2.1447646438539647, "p_ex": 5.411667740203425, "prior": 4.534899709382847, "rate": 9.67612136622795}, "datetime": {"datetime": "2024-06-13 08:07:29", "elapsed": 65.827402, "delta": 0.109682}}
{"target": -491.27805927737984, "params": {"p_ai": 8.361926055130448, "p_al": 2.142255100882632, "p_ex": 4.395951482451757, "prior": 1.685601239492825, "rate": 5.29134301734205}, "datetime": {"datetime": "2024-06-13 08:07:29", "elapsed": 65.935669, "delta": 0.108267}}
{"target": -502.93860484566676, "params": {"p_ai": 7.935053256996167, "p_al": 0.35975561051120136, "p_ex": 1.9143974164796644, "prior": 9.77457818836577, "rate": 9.608012262900427}, "datetime": {"datetime": "2024-06-13 08:07:30", "elapsed": 66.044911, "delta": 0.109242}}
{"target": -377.4389083288966, "params": {"p_ai": 5.566359999361917, "p_al": 6.461261124237896, "p_ex": 2.7216580499184504, "prior": 9.520958766042686, "rate": 6.698078288466073}, "datetime": {"datetime": "2024-06-13 08:07:30", "elapsed": 66.154156, "delta": 0.109245}}
{"target": -333.1866088581683, "params": {"p_ai": 6.6684131433924785, "p_al": 0.11202223036585872, "p_ex": 8.529845528647078, "prior": 7.78348386058334, "rate": 6.849555045051163}, "datetime": {"datetime": "2024-06-13 08:07:30", "elapsed": 66.263342, "delta": 0.109186}}
{"target": -408.88633066993964, "params": {"p_ai": 7.4080773483828315, "p_al": 1.5665676735591734, "p_ex": 7.188031753433652, "prior": 0.9690872885214075, "rate": 7.069787530938304}, "datetime": {"datetime": "2024-06-13 08:07:30", "elapsed": 66.37208, "delta": 0.108738}}
{"target": -125.99451178806322, "params": {"p_ai": 0.027315329458906884, "p_al": 7.76228166881635, "p_ex": 4.916080290630613, "prior": 2.044664276112351, "rate": 7.292736897839507}, "datetime": {"datetime": "2024-06-13 08:07:30", "elapsed": 66.480445, "delta": 0.108365}}
{"target": -273.4709016270898, "params": {"p_ai": 3.1572256636998253, "p_al": 8.83829208238512, "p_ex": 1.803155018796988, "prior": 9.385567992205967, "rate": 9.707530730383564}, "datetime": {"datetime": "2024-06-13 08:07:30", "elapsed": 66.589156, "delta": 0.108711}}
{"target": -191.35180323492781, "params": {"p_ai": 3.0455479552792557, "p_al": 8.625001510643305, "p_ex": 8.421949009551232, "prior": 4.246702488235933, "rate": 3.637480394119995}, "datetime": {"datetime": "2024-06-13 08:07:30", "elapsed": 66.697894, "delta": 0.108738}}
{"target": -267.5924606030572, "params": {"p_ai": 2.825092294877215, "p_al": 9.93237460787099, "p_ex": 2.5582545184920447, "prior": 9.206835301993463, "rate": 4.283923802383466}, "datetime": {"datetime": "2024-06-13 08:07:30", "elapsed": 66.813458, "delta": 0.115564}}
{"target": -645.8306152384245, "params": {"p_ai": 9.354334696401745, "p_al": 8.38860949714763, "p_ex": 1.5586174788295128, "prior": 5.743259260154481, "rate": 6.7353566438421755}, "datetime": {"datetime": "2024-06-13 08:07:30", "elapsed": 66.926208, "delta": 0.11275}}
{"target": -277.58747396176955, "params": {"p_ai": 4.058798239584453, "p_al": 0.04976556777778367, "p_ex": 3.2539879663598352, "prior": 8.389610534784513, "rate": 0.629176978192477}, "datetime": {"datetime": "2024-06-13 08:07:31", "elapsed": 67.034847, "delta": 0.108639}}
{"target": -153.12314441762862, "params": {"p_ai": 1.0550920446467325, "p_al": 7.0181716777726475, "p_ex": 5.142068519294122, "prior": 4.9821700831201285, "rate": 3.736723579545134}, "datetime": {"datetime": "2024-06-13 08:07:31", "elapsed": 67.143555, "delta": 0.108708}}
{"target": -430.61910817494066, "params": {"p_ai": 6.035532653096519, "p_al": 8.514836200003508, "p_ex": 2.7699536416334585, "prior": 8.447768867073506, "rate": 4.166774866572612}, "datetime": {"datetime": "2024-06-13 08:07:31", "elapsed": 67.253263, "delta": 0.109708}}
{"target": -353.92409763762083, "params": {"p_ai": 5.010339139927012, "p_al": 7.296504162303235, "p_ex": 2.5879583533585664, "prior": 9.216447549642744, "rate": 7.020992572824255}, "datetime": {"datetime": "2024-06-13 08:07:31", "elapsed": 67.361479, "delta": 0.108216}}
{"target": -334.9467020448878, "params": {"p_ai": 6.189685300551793, "p_al": 2.7308153642818653, "p_ex": 6.958788715138101, "prior": 2.5728902697861002, "rate": 8.164710250604447}, "datetime": {"datetime": "2024-06-13 08:07:31", "elapsed": 67.470914, "delta": 0.109435}}
{"target": -115.91792814470604, "params": {"p_ai": 0.11571307777403769, "p_al": 1.6662098984717895, "p_ex": 5.578732058631829, "prior": 7.12309771502542, "rate": 4.925314058477191}, "datetime": {"datetime": "2024-06-13 08:07:31", "elapsed": 67.582383, "delta": 0.111469}}
{"target": -551.7728678801103, "params": {"p_ai": 8.77821720529802, "p_al": 9.758723505691574, "p_ex": 4.643306398374889, "prior": 7.680101807848576, "rate": 4.9482265662014395}, "datetime": {"datetime": "2024-06-13 08:07:31", "elapsed": 67.692089, "delta": 0.109706}}
{"target": -448.37287411016547, "params": {"p_ai": 6.651322684579871, "p_al": 2.2495249246936897, "p_ex": 1.0963076304454686, "prior": 9.790110366804328, "rate": 8.150131602400142}, "datetime": {"datetime": "2024-06-13 08:07:31", "elapsed": 67.802794, "delta": 0.110705}}
{"target": -259.799152194677, "params": {"p_ai": 2.85454994096286, "p_al": 5.858698015894784, "p_ex": 3.8013319815826336, "prior": 1.7642040696578871, "rate": 4.188932595381877}, "datetime": {"datetime": "2024-06-13 08:07:31", "elapsed": 67.912597, "delta": 0.109803}}
{"target": -209.4369090665936, "params": {"p_ai": 2.9725807541730793, "p_al": 0.16722444122252625, "p_ex": 3.8742957016810964, "prior": 9.209209125043717, "rate": 8.28217438681578}, "datetime": {"datetime": "2024-06-13 08:07:32", "elapsed": 68.023635, "delta": 0.111038}}
{"target": -381.56962938882583, "params": {"p_ai": 5.741173477210314, "p_al": 3.1871500009390448, "p_ex": 2.31341168455949, "prior": 9.560239816725709, "rate": 5.646536380588049}, "datetime": {"datetime": "2024-06-13 08:07:32", "elapsed": 68.132908, "delta": 0.109273}}
{"target": -141.99308220198486, "params": {"p_ai": 2.176835430287672, "p_al": 2.4955710289351303, "p_ex": 9.59600242910666, "prior": 2.3889025188306237, "rate": 1.068034169467023}, "datetime": {"datetime": "2024-06-13 08:07:32", "elapsed": 68.241155, "delta": 0.108247}}
{"target": -141.20470352035733, "params": {"p_ai": 1.840435435586939, "p_al": 7.662481844372273, "p_ex": 7.087933795056683, "prior": 4.379981305846461, "rate": 7.938251266657136}, "datetime": {"datetime": "2024-06-13 08:07:32", "elapsed": 68.350277, "delta": 0.109122}}
{"target": -387.56401312241604, "params": {"p_ai": 5.1756094087340525, "p_al": 4.136568013129941, "p_ex": 1.1753019203396682, "prior": 8.839226748297556, "rate": 2.7566565508887577}, "datetime": {"datetime": "2024-06-13 08:07:32", "elapsed": 68.458759, "delta": 0.108482}}
{"target": -449.37803455454696, "params": {"p_ai": 6.162990972575274, "p_al": 9.8458132098281, "p_ex": 1.8949908024154942, "prior": 9.651914729938635, "rate": 6.527500968888528}, "datetime": {"datetime": "2024-06-13 08:07:32", "elapsed": 68.566979, "delta": 0.10822}}
{"target": -114.15225946148682, "params": {"p_ai": 1.28818731436088, "p_al": 7.719499533584411, "p_ex": 9.51780600679268, "prior": 5.628242716344561, "rate": 6.885863442381723}, "datetime": {"datetime": "2024-06-13 08:07:32", "elapsed": 68.676197, "delta": 0.109218}}
{"target": -297.3393009867608, "params": {"p_ai": 0.26445244082095803, "p_al": 9.890767779393961, "p_ex": 3.1852527410170115, "prior": 0.24001388988282726, "rate": 8.08583294059341}, "datetime": {"datetime": "2024-06-13 08:07:32", "elapsed": 68.784481, "delta": 0.108284}}
{"target": -860.188195454997, "params": {"p_ai": 9.732552265118914, "p_al": 7.376147510656895, "p_ex": 0.028355324647958178, "prior": 0.6345417532289791, "rate": 5.843109782870581}, "datetime": {"datetime": "2024-06-13 08:07:32", "elapsed": 68.893192, "delta": 0.108711}}
{"target": -177.6814398912147, "params": {"p_ai": 3.3578153624482754, "p_al": 8.818452974037214, "p_ex": 8.736820024200027, "prior": 9.875201568135711, "rate": 7.158603858756865}, "datetime": {"datetime": "2024-06-13 08:07:32", "elapsed": 69.001849, "delta": 0.108657}}
{"target": -583.7046765158736, "params": {"p_ai": 8.768960114386706, "p_al": 3.197181468508664, "p_ex": 1.1126583422461405, "prior": 8.653775693718016, "rate": 3.035422507017289}, "datetime": {"datetime": "2024-06-13 08:07:33", "elapsed": 69.111331, "delta": 0.109482}}
{"target": -263.80260693053646, "params": {"p_ai": 4.193903649370696, "p_al": 6.460656540458656, "p_ex": 6.051386242420971, "prior": 4.209809922064285, "rate": 3.862118968194065}, "datetime": {"datetime": "2024-06-13 08:07:33", "elapsed": 69.223062, "delta": 0.111731}}
{"target": -171.74760726743423, "params": {"p_ai": 1.227687737548204, "p_al": 5.339084981149863, "p_ex": 2.329308118342716, "prior": 7.548323703153514, "rate": 6.749030971060837}, "datetime": {"datetime": "2024-06-13 08:07:33", "elapsed": 69.336021, "delta": 0.112959}}
{"target": -300.51331831075225, "params": {"p_ai": 0.7201977211273354, "p_al": 9.892657582673268, "p_ex": 7.804788898807839, "prior": 2.279031043019085, "rate": 0.30839744067862085}, "datetime": {"datetime": "2024-06-13 08:07:33", "elapsed": 69.447441, "delta": 0.11142}}
{"target": -277.8314884513094, "params": {"p_ai": 4.784239938885914, "p_al": 3.5280716325732393, "p_ex": 5.465568482142916, "prior": 6.596979890293786, "rate": 7.972400853780025}, "datetime": {"datetime": "2024-06-13 08:07:33", "elapsed": 69.559988, "delta": 0.112547}}
{"target": -134.50471027005656, "params": {"p_ai": 0.1364299240444373, "p_al": 7.143240843274906, "p_ex": 2.95384434705289, "prior": 9.864039353798532, "rate": 8.46257106414723}, "datetime": {"datetime": "2024-06-13 08:07:33", "elapsed": 69.670693, "delta": 0.110705}}
{"target": -511.0811004947535, "params": {"p_ai": 5.604451409666734, "p_al": 5.9780590880830164, "p_ex": 1.9215646543725684, "prior": 2.263289634282068, "rate": 1.5409777702011733}, "datetime": {"datetime": "2024-06-13 08:07:33", "elapsed": 69.782338, "delta": 0.111645}}
{"target": -241.0827444619503, "params": {"p_ai": 3.778757661096953, "p_al": 1.1204424879714694, "p_ex": 5.113217663448985, "prior": 6.385141076060073, "rate": 1.2230015699915957}, "datetime": {"datetime": "2024-06-13 08:07:33", "elapsed": 69.893081, "delta": 0.110743}}
{"target": -213.29881644949072, "params": {"p_ai": 3.442619392943751, "p_al": 0.7044084489723932, "p_ex": 5.25808611153342, "prior": 6.503247402260852, "rate": 6.155105941609653}, "datetime": {"datetime": "2024-06-13 08:07:33", "elapsed": 70.005095, "delta": 0.112014}}
{"target": -483.8351991421799, "params": {"p_ai": 8.138881758532042, "p_al": 2.3564267987877012, "p_ex": 6.182200236562616, "prior": 3.028982363807174, "rate": 0.8885882930853439}, "datetime": {"datetime": "2024-06-13 08:07:34", "elapsed": 70.116307, "delta": 0.111212}}
{"target": -164.8509003323314, "params": {"p_ai": 3.053309454186566, "p_al": 0.7144933929712171, "p_ex": 9.585783535985689, "prior": 7.271927183834367, "rate": 1.0155071173822163}, "datetime": {"datetime": "2024-06-13 08:07:34", "elapsed": 70.228292, "delta": 0.111985}}
{"target": -396.30582703713765, "params": {"p_ai": 7.862906954163588, "p_al": 3.5222014456052215, "p_ex": 9.1144399680976, "prior": 4.955478850036387, "rate": 8.727054537125737}, "datetime": {"datetime": "2024-06-13 08:07:34", "elapsed": 70.340497, "delta": 0.112205}}
{"target": -218.52970632861914, "params": {"p_ai": 2.206077417642493, "p_al": 3.6725560667067523, "p_ex": 3.6690025846416687, "prior": 0.9722296833512493, "rate": 3.310813326223882}, "datetime": {"datetime": "2024-06-13 08:07:34", "elapsed": 70.453784, "delta": 0.113287}}
{"target": -339.33562136199686, "params": {"p_ai": 6.597438328584157, "p_al": 4.665968370246033, "p_ex": 8.792436465874568, "prior": 2.6974329936370927, "rate": 3.5488386678677664}, "datetime": {"datetime": "2024-06-13 08:07:34", "elapsed": 70.565491, "delta": 0.111707}}
{"target": -277.93011905612616, "params": {"p_ai": 3.2042225472159718, "p_al": 5.517827968246455, "p_ex": 1.8830059366472722, "prior": 1.7332694708102208, "rate": 9.394879760160336}, "datetime": {"datetime": "2024-06-13 08:07:34", "elapsed": 70.678631, "delta": 0.11314}}
{"target": -514.7769569830687, "params": {"p_ai": 3.767100489749554, "p_al": 5.871394250695616, "p_ex": 0.5524656981032197, "prior": 1.409439110996769, "rate": 0.964489160060572}, "datetime": {"datetime": "2024-06-13 08:07:34", "elapsed": 70.790685, "delta": 0.112054}}
{"target": -463.99277572182206, "params": {"p_ai": 8.121343564013504, "p_al": 1.0323646790520586, "p_ex": 5.163644140749812, "prior": 1.556623402022749, "rate": 2.7888887375330564}, "datetime": {"datetime": "2024-06-13 08:07:34", "elapsed": 70.90236, "delta": 0.111675}}
{"target": -520.7163142795858, "params": {"p_ai": 8.826137423028198, "p_al": 6.316306057543976, "p_ex": 9.636663439420486, "prior": 5.997543941794315, "rate": 0.0961876424493635}, "datetime": {"datetime": "2024-06-13 08:07:34", "elapsed": 71.01452, "delta": 0.11216}}
{"target": -275.0990527759131, "params": {"p_ai": 4.156994414198696, "p_al": 0.22539510183243922, "p_ex": 3.1405292961414175, "prior": 4.816767682276697, "rate": 5.755017951896957}, "datetime": {"datetime": "2024-06-13 08:07:35", "elapsed": 71.128214, "delta": 0.113694}}
{"target": -228.4047055457467, "params": {"p_ai": 2.38726337908637, "p_al": 5.583307497898072, "p_ex": 3.949806420938232, "prior": 5.066315292881764, "rate": 1.9604741784106727}, "datetime": {"datetime": "2024-06-13 08:07:35", "elapsed": 71.239917, "delta": 0.111703}}
