{"target": -1013.0775433649103, "params": {"gamma": 5.53478362877641, "lr": 0.08480182166035288}, "datetime": {"datetime": "2024-06-13 19:11:57", "elapsed": 2.931987, "delta": 0.00399}}
{"target": -335.28573656138303, "params": {"gamma": 2.0254278937096815, "lr": 0.8542379729163827}, "datetime": {"datetime": "2024-06-13 19:11:57", "elapsed": 2.935976, "delta": 0.003989}}
{"target": -1134.3414342697386, "params": {"gamma": 7.0595677402804276, "lr": 0.8949395201529242}, "datetime": {"datetime": "2024-06-13 19:11:57", "elapsed": 2.939965, "delta": 0.003989}}
{"target": -357.3300878592724, "params": {"gamma": 3.2921308719412035, "lr": 0.5280013966376261}, "datetime": {"datetime": "2024-06-13 19:11:57", "elapsed": 2.943955, "delta": 0.00399}}
{"target": -708.9183187882032, "params": {"gamma": 6.504330926708715, "lr": 0.5942908535866644}, "datetime": {"datetime": "2024-06-13 19:11:57", "elapsed": 2.946947, "delta": 0.002992}}
{"target": -241.4683062906132, "params": {"gamma": 2.315397892406944, "lr": 0.4268213494482356}, "datetime": {"datetime": "2024-06-13 19:11:57", "elapsed": 2.950936, "delta": 0.003989}}
{"target": -401.22413715602437, "params": {"gamma": 2.481866529137688, "lr": 0.8456149622311454}, "datetime": {"datetime": "2024-06-13 19:11:57", "elapsed": 2.954925, "delta": 0.003989}}
{"target": -1896.6282666610489, "params": {"gamma": 9.866787772235858, "lr": 0.06657080313237929}, "datetime": {"datetime": "2024-06-13 19:11:57", "elapsed": 2.958915, "delta": 0.00399}}
{"target": -755.8302297162446, "params": {"gamma": 7.139566394637347, "lr": 0.3301155521990743}, "datetime": {"datetime": "2024-06-13 19:11:57", "elapsed": 2.962904, "delta": 0.003989}}
{"target": -668.0753895118595, "params": {"gamma": 6.254728347736019, "lr": 0.258129649281871}, "datetime": {"datetime": "2024-06-13 19:11:57", "elapsed": 2.965896, "delta": 0.002992}}
{"target": -648.0542858870508, "params": {"gamma": 6.510425085475643, "lr": 0.37114718446272954}, "datetime": {"datetime": "2024-06-13 19:11:57", "elapsed": 2.969885, "delta": 0.003989}}
{"target": -497.5377122636867, "params": {"gamma": 2.9489139744901, "lr": 0.9117631736977988}, "datetime": {"datetime": "2024-06-13 19:11:57", "elapsed": 2.973875, "delta": 0.00399}}
{"target": -1012.623995230067, "params": {"gamma": 9.425046243387849, "lr": 0.6135500265601355}, "datetime": {"datetime": "2024-06-13 19:11:57", "elapsed": 2.977864, "delta": 0.003989}}
{"target": -371.86256682376654, "params": {"gamma": 2.1454633405260957, "lr": 0.9394188709061594}, "datetime": {"datetime": "2024-06-13 19:11:57", "elapsed": 2.981853, "delta": 0.003989}}
{"target": -1007.1499914660802, "params": {"gamma": 7.504785013686519, "lr": 0.7510898073228061}, "datetime": {"datetime": "2024-06-13 19:11:57", "elapsed": 2.984846, "delta": 0.002993}}
{"target": -329.46947179515564, "params": {"gamma": 2.1180016271500137, "lr": 0.8301565261622993}, "datetime": {"datetime": "2024-06-13 19:11:57", "elapsed": 2.988835, "delta": 0.003989}}
{"target": -283.27360284623967, "params": {"gamma": 2.4017114464579397, "lr": 0.6316207452501602}, "datetime": {"datetime": "2024-06-13 19:11:57", "elapsed": 2.992824, "delta": 0.003989}}
{"target": -935.9984603090833, "params": {"gamma": 7.107684959425964, "lr": 0.7423834297071017}, "datetime": {"datetime": "2024-06-13 19:11:57", "elapsed": 2.996814, "delta": 0.00399}}
{"target": -535.103305774823, "params": {"gamma": 3.9032567812912102, "lr": 0.7598253967160974}, "datetime": {"datetime": "2024-06-13 19:11:57", "elapsed": 2.999806, "delta": 0.002992}}
{"target": -974.9249701406872, "params": {"gamma": 9.029456085314978, "lr": 0.5874200192375769}, "datetime": {"datetime": "2024-06-13 19:11:57", "elapsed": 3.003795, "delta": 0.003989}}
{"target": -173.67553089753034, "params": {"gamma": 0.9050067472322914, "lr": 0.12897598414227607}, "datetime": {"datetime": "2024-06-13 19:11:57", "elapsed": 3.007784, "delta": 0.003989}}
{"target": -192.72686694963429, "params": {"gamma": 1.0535200041012063, "lr": 0.17272746332288003}, "datetime": {"datetime": "2024-06-13 19:11:57", "elapsed": 3.011773, "delta": 0.003989}}
{"target": -206.93239198702338, "params": {"gamma": 1.2651824720065605, "lr": 0.7783008900676276}, "datetime": {"datetime": "2024-06-13 19:11:57", "elapsed": 3.015764, "delta": 0.003991}}
{"target": -128.57031790518138, "params": {"gamma": 0.39507571033225836, "lr": 0.24155841734086403}, "datetime": {"datetime": "2024-06-13 19:11:57", "elapsed": 3.019752, "delta": 0.003988}}
{"target": -1437.121619658766, "params": {"gamma": 8.790784947183296, "lr": 0.9735188608362936}, "datetime": {"datetime": "2024-06-13 19:11:57", "elapsed": 3.023741, "delta": 0.003989}}
{"target": -995.5509616370118, "params": {"gamma": 6.054614655262755, "lr": 0.9762382645603884}, "datetime": {"datetime": "2024-06-13 19:11:57", "elapsed": 3.027731, "delta": 0.00399}}
{"target": -144.6865446754425, "params": {"gamma": 0.43547196560805285, "lr": 0.9485727683760076}, "datetime": {"datetime": "2024-06-13 19:11:57", "elapsed": 3.030723, "delta": 0.002992}}
{"target": -433.2242339386643, "params": {"gamma": 3.113649528479215, "lr": 0.798972840361593}, "datetime": {"datetime": "2024-06-13 19:11:57", "elapsed": 3.034712, "delta": 0.003989}}
{"target": -1271.3700849149016, "params": {"gamma": 8.106480405365568, "lr": 0.8599985915803449}, "datetime": {"datetime": "2024-06-13 19:11:57", "elapsed": 3.038701, "delta": 0.003989}}
{"target": -759.0700257882338, "params": {"gamma": 4.586049558214109, "lr": 0.9306443921654484}, "datetime": {"datetime": "2024-06-13 19:11:57", "elapsed": 3.042691, "delta": 0.00399}}
{"target": -439.38860459819097, "params": {"gamma": 2.579671951285972, "lr": 0.9344454925295846}, "datetime": {"datetime": "2024-06-13 19:11:57", "elapsed": 3.04668, "delta": 0.003989}}
{"target": -1017.636863869326, "params": {"gamma": 6.191577212883354, "lr": 0.9854449149448306}, "datetime": {"datetime": "2024-06-13 19:11:57", "elapsed": 3.05067, "delta": 0.00399}}
{"target": -132.4187764042545, "params": {"gamma": 0.3274060157599613, "lr": 0.7251666588327084}, "datetime": {"datetime": "2024-06-13 19:11:57", "elapsed": 3.054659, "delta": 0.003989}}
{"target": -542.5673604926851, "params": {"gamma": 5.655976799568431, "lr": 0.4924240473983196}, "datetime": {"datetime": "2024-06-13 19:11:57", "elapsed": 3.057651, "delta": 0.002992}}
{"target": -290.11417086764783, "params": {"gamma": 2.5929220383817193, "lr": 0.3268306848663751}, "datetime": {"datetime": "2024-06-13 19:11:57", "elapsed": 3.06164, "delta": 0.003989}}
{"target": -317.0838760680084, "params": {"gamma": 2.495372604807176, "lr": 0.21926791032506077}, "datetime": {"datetime": "2024-06-13 19:11:57", "elapsed": 3.06563, "delta": 0.00399}}
{"target": -820.373212591223, "params": {"gamma": 7.996808714410864, "lr": 0.5023950058982584}, "datetime": {"datetime": "2024-06-13 19:11:57", "elapsed": 3.069619, "delta": 0.003989}}
{"target": -163.23888542413982, "params": {"gamma": 0.8328156970812803, "lr": 0.7769841920273803}, "datetime": {"datetime": "2024-06-13 19:11:57", "elapsed": 3.072611, "delta": 0.002992}}
{"target": -709.2236229658267, "params": {"gamma": 5.336957111761226, "lr": 0.739387787346382}, "datetime": {"datetime": "2024-06-13 19:11:57", "elapsed": 3.077488, "delta": 0.004877}}
{"target": -516.1270194173695, "params": {"gamma": 5.154421537738071, "lr": 0.39994592398513173}, "datetime": {"datetime": "2024-06-13 19:11:57", "elapsed": 3.08048, "delta": 0.002992}}
{"target": -1895.8165574744348, "params": {"gamma": 9.862481577580514, "lr": 0.02824262016291268}, "datetime": {"datetime": "2024-06-13 19:11:57", "elapsed": 3.084469, "delta": 0.003989}}
{"target": -1523.8140169199332, "params": {"gamma": 9.327706315740619, "lr": 0.930854967759968}, "datetime": {"datetime": "2024-06-13 19:11:57", "elapsed": 3.088458, "delta": 0.003989}}
{"target": -477.1840398579213, "params": {"gamma": 3.909796196303079, "lr": 0.2144648711333198}, "datetime": {"datetime": "2024-06-13 19:11:57", "elapsed": 3.092447, "delta": 0.003989}}
{"target": -897.9972105208495, "params": {"gamma": 6.192513766034457, "lr": 0.17797233547016944}, "datetime": {"datetime": "2024-06-13 19:11:57", "elapsed": 3.096437, "delta": 0.00399}}
{"target": -852.7711277756126, "params": {"gamma": 8.032278735085756, "lr": 0.2539338558777352}, "datetime": {"datetime": "2024-06-13 19:11:57", "elapsed": 3.099429, "delta": 0.002992}}
{"target": -491.19169739795984, "params": {"gamma": 2.9087707441717465, "lr": 0.915915790009957}, "datetime": {"datetime": "2024-06-13 19:11:57", "elapsed": 3.103418, "delta": 0.003989}}
{"target": -922.9269288358337, "params": {"gamma": 9.029265417910615, "lr": 0.5353808917305217}, "datetime": {"datetime": "2024-06-13 19:11:57", "elapsed": 3.107407, "delta": 0.003989}}
{"target": -867.401918351822, "params": {"gamma": 8.628526966805577, "lr": 0.3525325688050618}, "datetime": {"datetime": "2024-06-13 19:11:57", "elapsed": 3.111397, "delta": 0.00399}}
{"target": -956.9342070797642, "params": {"gamma": 9.978844897970799, "lr": 0.433689739404977}, "datetime": {"datetime": "2024-06-13 19:11:57", "elapsed": 3.115386, "delta": 0.003989}}
{"target": -594.5845219524266, "params": {"gamma": 2.948825305973155, "lr": 0.04157423394916726}, "datetime": {"datetime": "2024-06-13 19:11:57", "elapsed": 3.118378, "delta": 0.002992}}
{"target": -936.4233664689325, "params": {"gamma": 9.897079830913631, "lr": 0.4648876309118224}, "datetime": {"datetime": "2024-06-13 19:11:57", "elapsed": 3.122367, "delta": 0.003989}}
{"target": -794.573731062537, "params": {"gamma": 7.346115555489657, "lr": 0.6408076240458747}, "datetime": {"datetime": "2024-06-13 19:11:57", "elapsed": 3.126357, "delta": 0.00399}}
{"target": -1399.8475543163702, "params": {"gamma": 7.231210903260432, "lr": 0.05111090382611627}, "datetime": {"datetime": "2024-06-13 19:11:57", "elapsed": 3.130346, "delta": 0.003989}}
{"target": -1503.2799722877146, "params": {"gamma": 9.200534008691728, "lr": 0.9268412179022415}, "datetime": {"datetime": "2024-06-13 19:11:57", "elapsed": 3.134336, "delta": 0.00399}}
{"target": -909.4431819189605, "params": {"gamma": 5.520398276514817, "lr": 0.963915888684551}, "datetime": {"datetime": "2024-06-13 19:11:57", "elapsed": 3.138325, "delta": 0.003989}}
{"target": -323.94223690159595, "params": {"gamma": 2.8102744143666842, "lr": 0.6021466271365452}, "datetime": {"datetime": "2024-06-13 19:11:57", "elapsed": 3.142314, "delta": 0.003989}}
{"target": -441.86438335789774, "params": {"gamma": 3.9652304378361865, "lr": 0.6280232317552282}, "datetime": {"datetime": "2024-06-13 19:11:57", "elapsed": 3.146303, "delta": 0.003989}}
{"target": -450.52834789637313, "params": {"gamma": 3.0070222529489574, "lr": 0.8193583846560202}, "datetime": {"datetime": "2024-06-13 19:11:57", "elapsed": 3.149297, "delta": 0.002994}}
{"target": -191.59380324621085, "params": {"gamma": 0.6987899990635812, "lr": 0.04187757029999628}, "datetime": {"datetime": "2024-06-13 19:11:57", "elapsed": 3.153285, "delta": 0.003988}}
{"target": -139.46893496406526, "params": {"gamma": 0.49491444994850975, "lr": 0.15045502836766345}, "datetime": {"datetime": "2024-06-13 19:11:57", "elapsed": 3.157274, "delta": 0.003989}}
{"target": -657.674538280034, "params": {"gamma": 3.954109387473109, "lr": 0.9553899892571747}, "datetime": {"datetime": "2024-06-13 19:11:57", "elapsed": 3.161263, "delta": 0.003989}}
{"target": -165.7439768207694, "params": {"gamma": 1.1088436015198657, "lr": 0.6475529858164272}, "datetime": {"datetime": "2024-06-13 19:11:57", "elapsed": 3.165253, "delta": 0.00399}}
{"target": -535.7990678273082, "params": {"gamma": 5.276687463055037, "lr": 0.353242405983059}, "datetime": {"datetime": "2024-06-13 19:11:57", "elapsed": 3.169242, "delta": 0.003989}}
{"target": -260.9247615528766, "params": {"gamma": 1.9827940939725983, "lr": 0.22059408184733575}, "datetime": {"datetime": "2024-06-13 19:11:57", "elapsed": 3.172234, "delta": 0.002992}}
{"target": -135.67761381900633, "params": {"gamma": 0.4391712757617422, "lr": 0.7131639731598145}, "datetime": {"datetime": "2024-06-13 19:11:57", "elapsed": 3.176223, "delta": 0.003989}}
{"target": -632.2283377847627, "params": {"gamma": 6.538748151763354, "lr": 0.4437697927247224}, "datetime": {"datetime": "2024-06-13 19:11:57", "elapsed": 3.180212, "delta": 0.003989}}
{"target": -1211.7164510519167, "params": {"gamma": 7.189675941410347, "lr": 0.10997597244532042}, "datetime": {"datetime": "2024-06-13 19:11:57", "elapsed": 3.184202, "delta": 0.00399}}
{"target": -1440.9609768428218, "params": {"gamma": 9.387253014515942, "lr": 0.8476267092393875}, "datetime": {"datetime": "2024-06-13 19:11:57", "elapsed": 3.188191, "delta": 0.003989}}
{"target": -655.8758951513569, "params": {"gamma": 6.590697560999168, "lr": 0.37883116866173183}, "datetime": {"datetime": "2024-06-13 19:11:57", "elapsed": 3.191183, "delta": 0.002992}}
{"target": -405.20595964633037, "params": {"gamma": 4.16625072341846, "lr": 0.48215392215746744}, "datetime": {"datetime": "2024-06-13 19:11:57", "elapsed": 3.195173, "delta": 0.00399}}
{"target": -1463.8445215089707, "params": {"gamma": 9.352902416297999, "lr": 0.8635929549181026}, "datetime": {"datetime": "2024-06-13 19:11:57", "elapsed": 3.199162, "delta": 0.003989}}
{"target": -501.4944950506153, "params": {"gamma": 4.779760568316378, "lr": 0.554518498278167}, "datetime": {"datetime": "2024-06-13 19:11:57", "elapsed": 3.203151, "delta": 0.003989}}
{"target": -1431.2088457653142, "params": {"gamma": 8.754163218930938, "lr": 0.9492644337722901}, "datetime": {"datetime": "2024-06-13 19:11:57", "elapsed": 3.207141, "delta": 0.00399}}
{"target": -844.280308036532, "params": {"gamma": 6.392208373926592, "lr": 0.7485203200897537}, "datetime": {"datetime": "2024-06-13 19:11:57", "elapsed": 3.21113, "delta": 0.003989}}
{"target": -587.7865914555049, "params": {"gamma": 3.516897438698066, "lr": 0.91802831908618}, "datetime": {"datetime": "2024-06-13 19:11:57", "elapsed": 3.214122, "delta": 0.002992}}
{"target": -856.5082537861753, "params": {"gamma": 8.367683746488458, "lr": 0.5520558812247628}, "datetime": {"datetime": "2024-06-13 19:11:57", "elapsed": 3.218111, "delta": 0.003989}}
{"target": -1333.3027644935046, "params": {"gamma": 8.676404468942122, "lr": 0.8498718814403323}, "datetime": {"datetime": "2024-06-13 19:11:57", "elapsed": 3.222101, "delta": 0.00399}}
{"target": -1155.384218240614, "params": {"gamma": 8.084305154704811, "lr": 0.13069282439738805}, "datetime": {"datetime": "2024-06-13 19:11:57", "elapsed": 3.22609, "delta": 0.003989}}
{"target": -866.2980343122516, "params": {"gamma": 5.3604897456433, "lr": 0.900783114706916}, "datetime": {"datetime": "2024-06-13 19:11:57", "elapsed": 3.230079, "delta": 0.003989}}
{"target": -742.5552035698275, "params": {"gamma": 7.70854747370775, "lr": 0.4207131990251918}, "datetime": {"datetime": "2024-06-13 19:11:57", "elapsed": 3.234068, "delta": 0.003989}}
{"target": -1034.359018252524, "params": {"gamma": 9.778826053206298, "lr": 0.25077315667300226}, "datetime": {"datetime": "2024-06-13 19:11:57", "elapsed": 3.238058, "delta": 0.00399}}
{"target": -559.0850388421976, "params": {"gamma": 3.336768678250129, "lr": 0.954200507429589}, "datetime": {"datetime": "2024-06-13 19:11:57", "elapsed": 3.242047, "delta": 0.003989}}
{"target": -1296.6345266847634, "params": {"gamma": 8.087344766504712, "lr": 0.9003400045106619}, "datetime": {"datetime": "2024-06-13 19:11:57", "elapsed": 3.246037, "delta": 0.00399}}
{"target": -133.91264671632948, "params": {"gamma": 0.11688430450954196, "lr": 0.37976443303399476}, "datetime": {"datetime": "2024-06-13 19:11:57", "elapsed": 3.250026, "delta": 0.003989}}
{"target": -267.4222564084122, "params": {"gamma": 2.355984044142083, "lr": 0.2959350518874113}, "datetime": {"datetime": "2024-06-13 19:11:57", "elapsed": 3.253018, "delta": 0.002992}}
{"target": -970.9551279654231, "params": {"gamma": 7.380216968542006, "lr": 0.7240848448640741}, "datetime": {"datetime": "2024-06-13 19:11:57", "elapsed": 3.257008, "delta": 0.00399}}
{"target": -464.11794240682485, "params": {"gamma": 4.618532302580416, "lr": 0.3652744612070937}, "datetime": {"datetime": "2024-06-13 19:11:57", "elapsed": 3.260997, "delta": 0.003989}}
{"target": -607.3813131789645, "params": {"gamma": 5.847331438432254, "lr": 0.5337077546342763}, "datetime": {"datetime": "2024-06-13 19:11:57", "elapsed": 3.264986, "delta": 0.003989}}
{"target": -602.0370730424382, "params": {"gamma": 5.5062450105196135, "lr": 0.6154770711146578}, "datetime": {"datetime": "2024-06-13 19:11:57", "elapsed": 3.268975, "delta": 0.003989}}
{"target": -542.0894373363191, "params": {"gamma": 3.957087074403221, "lr": 0.7717184824154584}, "datetime": {"datetime": "2024-06-13 19:11:57", "elapsed": 3.271967, "delta": 0.002992}}
{"target": -294.1722616464935, "params": {"gamma": 2.512780630310517, "lr": 0.655760767903366}, "datetime": {"datetime": "2024-06-13 19:11:57", "elapsed": 3.275957, "delta": 0.00399}}
{"target": -1847.0954534913421, "params": {"gamma": 9.604011085051962, "lr": 0.0035547604644260433}, "datetime": {"datetime": "2024-06-13 19:11:57", "elapsed": 3.279946, "delta": 0.003989}}
{"target": -1218.9657083095483, "params": {"gamma": 7.233887082898668, "lr": 0.10899503392964371}, "datetime": {"datetime": "2024-06-13 19:11:57", "elapsed": 3.283936, "delta": 0.00399}}
{"target": -594.947387432089, "params": {"gamma": 5.438331129146589, "lr": 0.6269160166803346}, "datetime": {"datetime": "2024-06-13 19:11:57", "elapsed": 3.287925, "delta": 0.003989}}
{"target": -416.02279418870455, "params": {"gamma": 2.4302283105822404, "lr": 0.9138438752466082}, "datetime": {"datetime": "2024-06-13 19:11:57", "elapsed": 3.290917, "delta": 0.002992}}
{"target": -764.4081924630423, "params": {"gamma": 6.223502974387487, "lr": 0.23169469139485988}, "datetime": {"datetime": "2024-06-13 19:11:57", "elapsed": 3.294906, "delta": 0.003989}}
{"target": -1295.651391703907, "params": {"gamma": 7.701551743810476, "lr": 0.10550707999733477}, "datetime": {"datetime": "2024-06-13 19:11:57", "elapsed": 3.298896, "delta": 0.00399}}
{"target": -1022.4803060677361, "params": {"gamma": 5.552697959994914, "lr": 0.0949560698024915}, "datetime": {"datetime": "2024-06-13 19:11:57", "elapsed": 3.302885, "delta": 0.003989}}
{"target": -621.9392607421784, "params": {"gamma": 5.810259742677521, "lr": 0.2529801127201884}, "datetime": {"datetime": "2024-06-13 19:11:57", "elapsed": 3.306874, "delta": 0.003989}}
{"target": -857.4540768547417, "params": {"gamma": 6.495018612739509, "lr": 0.71582695285818}, "datetime": {"datetime": "2024-06-13 19:11:57", "elapsed": 3.310863, "delta": 0.003989}}
{"target": -574.4923354562496, "params": {"gamma": 5.242331960072044, "lr": 0.6575214077031101}, "datetime": {"datetime": "2024-06-13 19:11:57", "elapsed": 3.314853, "delta": 0.00399}}
{"target": -1164.4673240337247, "params": {"gamma": 8.133125159405232, "lr": 0.8075122716430321}, "datetime": {"datetime": "2024-06-13 19:11:57", "elapsed": 3.318842, "delta": 0.003989}}
{"target": -592.716663850213, "params": {"gamma": 6.197200238546574, "lr": 0.45110246212077487}, "datetime": {"datetime": "2024-06-13 19:11:57", "elapsed": 3.321834, "delta": 0.002992}}
{"target": -651.2571198989114, "params": {"gamma": 4.080091940484627, "lr": 0.8747476199043634}, "datetime": {"datetime": "2024-06-13 19:11:57", "elapsed": 3.325823, "delta": 0.003989}}
{"target": -960.0982237130397, "params": {"gamma": 7.029614389411599, "lr": 0.18493502237340165}, "datetime": {"datetime": "2024-06-13 19:11:57", "elapsed": 3.329813, "delta": 0.00399}}
{"target": -913.1538097499763, "params": {"gamma": 5.657755734146004, "lr": 0.9088080323000569}, "datetime": {"datetime": "2024-06-13 19:11:57", "elapsed": 3.333803, "delta": 0.00399}}
{"target": -263.01687401547827, "params": {"gamma": 1.5077492324904636, "lr": 0.8455176755307064}, "datetime": {"datetime": "2024-06-13 19:11:57", "elapsed": 3.337792, "delta": 0.003989}}
{"target": -778.879130668664, "params": {"gamma": 8.202204460687183, "lr": 0.4993411012978345}, "datetime": {"datetime": "2024-06-13 19:11:57", "elapsed": 3.341781, "delta": 0.003989}}
{"target": -134.35345740610265, "params": {"gamma": 0.37680093100554635, "lr": 0.14750250539693543}, "datetime": {"datetime": "2024-06-13 19:11:57", "elapsed": 3.34577, "delta": 0.003989}}
{"target": -1775.9290618842547, "params": {"gamma": 9.226464308192023, "lr": 0.04415479603186245}, "datetime": {"datetime": "2024-06-13 19:11:57", "elapsed": 3.34976, "delta": 0.00399}}
{"target": -417.1689503247568, "params": {"gamma": 3.7256151652871896, "lr": 0.6190396347254709}, "datetime": {"datetime": "2024-06-13 19:11:57", "elapsed": 3.352752, "delta": 0.002992}}
{"target": -344.99818437957373, "params": {"gamma": 1.9702834411012529, "lr": 0.9810797572402973}, "datetime": {"datetime": "2024-06-13 19:11:57", "elapsed": 3.356741, "delta": 0.003989}}
{"target": -198.03630122717252, "params": {"gamma": 1.5605963552011808, "lr": 0.5396791951612744}, "datetime": {"datetime": "2024-06-13 19:11:57", "elapsed": 3.36073, "delta": 0.003989}}
{"target": -759.2123594274277, "params": {"gamma": 6.180495232142101, "lr": 0.2309899486697039}, "datetime": {"datetime": "2024-06-13 19:11:57", "elapsed": 3.36472, "delta": 0.00399}}
{"target": -450.8999157456276, "params": {"gamma": 4.663623583104205, "lr": 0.49100852913292925}, "datetime": {"datetime": "2024-06-13 19:11:57", "elapsed": 3.369706, "delta": 0.004986}}
{"target": -828.4052169262463, "params": {"gamma": 7.668856900889094, "lr": 0.6342807527738734}, "datetime": {"datetime": "2024-06-13 19:11:57", "elapsed": 3.373695, "delta": 0.003989}}
{"target": -620.7361929410943, "params": {"gamma": 4.676032980600331, "lr": 0.6669425431939752}, "datetime": {"datetime": "2024-06-13 19:11:57", "elapsed": 3.376687, "delta": 0.002992}}
{"target": -478.09801386008587, "params": {"gamma": 4.534320887795462, "lr": 0.5257115913414097}, "datetime": {"datetime": "2024-06-13 19:11:57", "elapsed": 3.380676, "delta": 0.003989}}
