{"target": -2450.4710155692287, "params": {"gamma": 8.001642974863078, "lr": 0.9113083542736461}, "datetime": {"datetime": "2024-06-13 18:39:29", "elapsed": 8.416152, "delta": 0.004987}}
{"target": -861.6616593896415, "params": {"gamma": 5.131976926404618, "lr": 0.42942202968065213}, "datetime": {"datetime": "2024-06-13 18:39:29", "elapsed": 8.420647, "delta": 0.004495}}
{"target": -206.77139951354678, "params": {"gamma": 0.9168564269132811, "lr": 0.27367730380496647}, "datetime": {"datetime": "2024-06-13 18:39:29", "elapsed": 8.425633, "delta": 0.004986}}
{"target": -1159.7922186055248, "params": {"gamma": 8.866591497643999, "lr": 0.2459443412735529}, "datetime": {"datetime": "2024-06-13 18:39:29", "elapsed": 8.430621, "delta": 0.004988}}
{"target": -966.6694195802946, "params": {"gamma": 6.212272679321877, "lr": 0.49500739584280073}, "datetime": {"datetime": "2024-06-13 18:39:29", "elapsed": 8.435607, "delta": 0.004986}}
{"target": -323.2618366088595, "params": {"gamma": 0.9446309868062094, "lr": 0.8993685313928761}, "datetime": {"datetime": "2024-06-13 18:39:29", "elapsed": 8.440594, "delta": 0.004987}}
{"target": -215.0237788874039, "params": {"gamma": 0.6786405537486796, "lr": 0.680702325466581}, "datetime": {"datetime": "2024-06-13 18:39:29", "elapsed": 8.44558, "delta": 0.004986}}
{"target": -2228.6480368202115, "params": {"gamma": 9.720009401703859, "lr": 0.709373790820744}, "datetime": {"datetime": "2024-06-13 18:39:29", "elapsed": 8.449569, "delta": 0.003989}}
{"target": -1566.1472513028157, "params": {"gamma": 3.2597612958632975, "lr": 0.07344016636799866}, "datetime": {"datetime": "2024-06-13 18:39:29", "elapsed": 8.454556, "delta": 0.004987}}
{"target": -1368.1272620155987, "params": {"gamma": 5.797790733426387, "lr": 0.7335170182530933}, "datetime": {"datetime": "2024-06-13 18:39:29", "elapsed": 8.459543, "delta": 0.004987}}
{"target": -209.9316456989338, "params": {"gamma": 0.5239594410412508, "lr": 0.8376741304024212}, "datetime": {"datetime": "2024-06-13 18:40:00", "elapsed": 38.801711, "delta": 30.342168}}
{"target": -567.1955326651466, "params": {"gamma": 1.7328344314002284, "lr": 0.9983606440368625}, "datetime": {"datetime": "2024-06-13 18:40:29", "elapsed": 68.430423, "delta": 29.628712}}
{"target": -149.0266438203885, "params": {"gamma": 0.001, "lr": 0.0}, "datetime": {"datetime": "2024-06-13 18:40:47", "elapsed": 85.54847, "delta": 17.118047}}
{"target": -329.3134822353209, "params": {"gamma": 0.9254224820487047, "lr": 0.9872254773367676}, "datetime": {"datetime": "2024-06-13 18:41:22", "elapsed": 120.610011, "delta": 35.061541}}
{"target": -149.03094543550705, "params": {"gamma": 0.06015614373944889, "lr": 0.9327220747026002}, "datetime": {"datetime": "2024-06-13 18:41:38", "elapsed": 136.985802, "delta": 16.375791}}
{"target": -149.0266438203885, "params": {"gamma": 0.5898890182363357, "lr": 0.0}, "datetime": {"datetime": "2024-06-13 18:42:18", "elapsed": 177.411739, "delta": 40.425937}}
{"target": -546.522821392077, "params": {"gamma": 3.352569329198998, "lr": 0.2586044775976437}, "datetime": {"datetime": "2024-06-13 18:42:36", "elapsed": 194.934092, "delta": 17.522353}}
{"target": -149.7357520950193, "params": {"gamma": 0.06669243330278674, "lr": 1.0}, "datetime": {"datetime": "2024-06-13 18:43:26", "elapsed": 244.992168, "delta": 50.058076}}
{"target": -1280.530750697889, "params": {"gamma": 5.532459911594318, "lr": 0.7020481994531945}, "datetime": {"datetime": "2024-06-13 18:43:36", "elapsed": 254.952886, "delta": 9.960718}}
{"target": -280.1498302069168, "params": {"gamma": 1.4853000029868202, "lr": 0.4066836824442297}, "datetime": {"datetime": "2024-06-13 18:43:46", "elapsed": 264.523591, "delta": 9.570705}}
{"target": -185.32108182274496, "params": {"gamma": 0.6053563451283401, "lr": 0.6359416689220826}, "datetime": {"datetime": "2024-06-13 18:44:22", "elapsed": 301.21463, "delta": 36.691039}}
{"target": -559.4741710325687, "params": {"gamma": 3.5056443621355453, "lr": 0.4749504489305486}, "datetime": {"datetime": "2024-06-13 18:44:48", "elapsed": 327.04702, "delta": 25.83239}}
{"target": -230.69427737934333, "params": {"gamma": 0.7668525214244757, "lr": 0.6984550291447513}, "datetime": {"datetime": "2024-06-13 18:45:18", "elapsed": 357.128063, "delta": 30.081043}}
{"target": -189.99131806385955, "params": {"gamma": 0.5253701830405523, "lr": 0.6905766303348563}, "datetime": {"datetime": "2024-06-13 18:45:36", "elapsed": 374.530177, "delta": 17.402114}}
{"target": -148.995391909106, "params": {"gamma": 0.0010842038503966445, "lr": 0.8753932280512451}, "datetime": {"datetime": "2024-06-13 18:45:52", "elapsed": 391.330354, "delta": 16.800177}}
{"target": -535.1082241158123, "params": {"gamma": 1.6264849888120274, "lr": 0.9886706152346102}, "datetime": {"datetime": "2024-06-13 18:46:30", "elapsed": 429.448759, "delta": 38.118405}}
{"target": -149.00834104615734, "params": {"gamma": 0.0014975711123226352, "lr": 0.16733157137288224}, "datetime": {"datetime": "2024-06-13 18:46:53", "elapsed": 451.685816, "delta": 22.237057}}
{"target": -229.82399403601872, "params": {"gamma": 1.0178147829300828, "lr": 0.544866241166366}, "datetime": {"datetime": "2024-06-13 18:47:29", "elapsed": 487.947016, "delta": 36.2612}}
{"target": -624.6135334307743, "params": {"gamma": 2.195616609602122, "lr": 0.832826239704753}, "datetime": {"datetime": "2024-06-13 18:47:38", "elapsed": 496.881662, "delta": 8.934646}}
{"target": -149.0266438203885, "params": {"gamma": 0.7696754387914707, "lr": 0.0}, "datetime": {"datetime": "2024-06-13 18:48:00", "elapsed": 518.605649, "delta": 21.723987}}
{"target": -352.03233104318457, "params": {"gamma": 1.7783739048292384, "lr": 0.5467659381821095}, "datetime": {"datetime": "2024-06-13 18:48:28", "elapsed": 547.37145, "delta": 28.765801}}
{"target": -361.84882153244735, "params": {"gamma": 1.6896310411957207, "lr": 0.6312191446722993}, "datetime": {"datetime": "2024-06-13 18:49:23", "elapsed": 601.861246, "delta": 54.489796}}
{"target": -225.38678652024413, "params": {"gamma": 0.5973446315975962, "lr": 0.8391356729910586}, "datetime": {"datetime": "2024-06-13 18:49:41", "elapsed": 619.469302, "delta": 17.608056}}
{"target": -725.6601914702356, "params": {"gamma": 4.614963540072418, "lr": 0.487979895010642}, "datetime": {"datetime": "2024-06-13 18:49:50", "elapsed": 628.696834, "delta": 9.227532}}
{"target": -149.0266438203885, "params": {"gamma": 0.09017972999436484, "lr": 0.0}, "datetime": {"datetime": "2024-06-13 18:50:26", "elapsed": 665.067127, "delta": 36.370293}}
