{"target": -85.41542557022706, "params": {"p_ai": 1.5978999676705834, "p_al": 9.452474222268522, "p_ex": 9.6751511743209, "prior": 5.782286585742874, "rate": 4.86086482203078}, "datetime": {"datetime": "2024-06-12 22:01:30", "elapsed": 200.699866, "delta": 0.114943}}
{"target": -89.4013522392937, "params": {"p_ai": 3.5399302818946294, "p_al": 6.5943311229624895, "p_ex": 3.844215056434075, "prior": 4.3495227253084305, "rate": 6.133381178285857}, "datetime": {"datetime": "2024-06-12 22:01:30", "elapsed": 200.811398, "delta": 0.111532}}
{"target": -139.30549996414163, "params": {"p_ai": 0.3473141052424417, "p_al": 2.188825121599359, "p_ex": 0.20289921348127768, "prior": 7.631571605150463, "rate": 3.8992865170858697}, "datetime": {"datetime": "2024-06-12 22:01:30", "elapsed": 200.922442, "delta": 0.111044}}
{"target": -95.4413713744876, "params": {"p_ai": 4.22727425904962, "p_al": 5.497285048261972, "p_ex": 3.885205367729676, "prior": 8.106519351470153, "rate": 4.359609666811914}, "datetime": {"datetime": "2024-06-12 22:01:30", "elapsed": 201.032148, "delta": 0.109706}}
{"target": -98.52356358000576, "params": {"p_ai": 5.80198491688987, "p_al": 9.711741256756822, "p_ex": 9.921002784020551, "prior": 2.0295308814845776, "rate": 4.445757341308546}, "datetime": {"datetime": "2024-06-12 22:01:30", "elapsed": 201.143849, "delta": 0.111701}}
{"target": -97.96997539845214, "params": {"p_ai": 4.748013525117315, "p_al": 2.9770880479348993, "p_ex": 2.8357623029416175, "prior": 8.396372357036437, "rate": 9.620978455330851}, "datetime": {"datetime": "2024-06-12 22:01:30", "elapsed": 201.262439, "delta": 0.11859}}
{"target": -103.45968069510927, "params": {"p_ai": 2.1076840135391466, "p_al": 8.917445975561035, "p_ex": 3.9203700212971393, "prior": 6.5146061335727365, "rate": 2.8393185641702403}, "datetime": {"datetime": "2024-06-12 22:01:30", "elapsed": 201.3832, "delta": 0.120761}}
{"target": -146.10600993729378, "params": {"p_ai": 9.410875568311575, "p_al": 7.868385331278608, "p_ex": 1.9285394211365976, "prior": 6.150775174565332, "rate": 9.687992957861107}, "datetime": {"datetime": "2024-06-12 22:01:31", "elapsed": 201.506609, "delta": 0.123409}}
{"target": -97.53322436221623, "params": {"p_ai": 2.8465689977486646, "p_al": 3.6159658554883047, "p_ex": 2.0369185898923603, "prior": 6.388041442880768, "rate": 8.928304617572111}, "datetime": {"datetime": "2024-06-12 22:01:31", "elapsed": 201.619472, "delta": 0.112863}}
{"target": -87.30206798982508, "params": {"p_ai": 3.4176241990607132, "p_al": 1.2448634162566206, "p_ex": 3.477421754593186, "prior": 6.267597206391761, "rate": 7.3486489013360865}, "datetime": {"datetime": "2024-06-12 22:01:31", "elapsed": 201.733562, "delta": 0.11409}}
{"target": -97.70625339760011, "params": {"p_ai": 6.06569582390842, "p_al": 0.7629895690074862, "p_ex": 9.3982712422239, "prior": 1.894725384461439, "rate": 5.741282328755557}, "datetime": {"datetime": "2024-06-12 22:01:31", "elapsed": 201.848669, "delta": 0.115107}}
{"target": -141.25716918797838, "params": {"p_ai": 9.068436048386324, "p_al": 9.733885041132165, "p_ex": 8.577853729314828, "prior": 1.291782040051848, "rate": 9.070273779416}, "datetime": {"datetime": "2024-06-12 22:01:31", "elapsed": 201.967204, "delta": 0.118535}}
{"target": -111.98942281230562, "params": {"p_ai": 3.275804194147744, "p_al": 5.824276030034087, "p_ex": 1.4054507070834954, "prior": 5.127731944797223, "rate": 4.673829224260694}, "datetime": {"datetime": "2024-06-12 22:01:31", "elapsed": 202.083759, "delta": 0.116555}}
{"target": -135.1736323110903, "params": {"p_ai": 0.05412463096336683, "p_al": 2.8627981380082383, "p_ex": 1.4353441109910539, "prior": 3.535888803118109, "rate": 2.717438398776244}, "datetime": {"datetime": "2024-06-12 22:01:31", "elapsed": 202.194815, "delta": 0.111056}}
{"target": -142.31040160146242, "params": {"p_ai": 4.7117904347979795, "p_al": 7.71575011442118, "p_ex": 0.2073443349830716, "prior": 2.2765746598404175, "rate": 9.835323401060291}, "datetime": {"datetime": "2024-06-12 22:01:31", "elapsed": 202.306706, "delta": 0.111891}}
{"target": -159.00839516498255, "params": {"p_ai": 0.5970308479826237, "p_al": 5.955464938899415, "p_ex": 9.98281883181317, "prior": 6.0082711762639684, "rate": 0.5272825380733861}, "datetime": {"datetime": "2024-06-12 22:01:31", "elapsed": 202.418729, "delta": 0.112023}}
{"target": -104.35069476848649, "params": {"p_ai": 1.247615184842307, "p_al": 8.951569138924695, "p_ex": 8.684303256584421, "prior": 5.488239219259834, "rate": 2.626539687739553}, "datetime": {"datetime": "2024-06-12 22:01:32", "elapsed": 202.530025, "delta": 0.111296}}
{"target": -82.9798358326007, "params": {"p_ai": 5.1039668610753, "p_al": 2.5384842446128597, "p_ex": 6.9016542129425655, "prior": 6.04163629803445, "rate": 7.880027078729962}, "datetime": {"datetime": "2024-06-12 22:01:32", "elapsed": 202.64118, "delta": 0.111155}}
{"target": -79.16133781317392, "params": {"p_ai": 4.876896746797732, "p_al": 0.3845673476300403, "p_ex": 7.90042369060565, "prior": 2.094541457312883, "rate": 2.267156482485757}, "datetime": {"datetime": "2024-06-12 22:01:32", "elapsed": 202.752473, "delta": 0.111293}}
{"target": -98.00500461702121, "params": {"p_ai": 5.41683776675973, "p_al": 8.22612677728021, "p_ex": 9.490988142671121, "prior": 2.4084901850032217, "rate": 8.962075541212121}, "datetime": {"datetime": "2024-06-12 22:01:32", "elapsed": 202.863371, "delta": 0.110898}}
{"target": -154.16274872783967, "params": {"p_ai": 9.110403004648784, "p_al": 7.4444611630978255, "p_ex": 3.7432420544888587, "prior": 5.478992530320113, "rate": 1.3771949885420756}, "datetime": {"datetime": "2024-06-12 22:01:32", "elapsed": 202.975353, "delta": 0.111982}}
{"target": -93.38537220450475, "params": {"p_ai": 5.753158422825508, "p_al": 5.7565603831271615, "p_ex": 5.83514747894246, "prior": 9.202384133084522, "rate": 5.331475425824364}, "datetime": {"datetime": "2024-06-12 22:01:32", "elapsed": 203.08728, "delta": 0.111927}}
{"target": -117.97352354269039, "params": {"p_ai": 2.409700392701995, "p_al": 5.452802431964457, "p_ex": 1.274615719654313, "prior": 0.7487324891180922, "rate": 8.306273843360378}, "datetime": {"datetime": "2024-06-12 22:01:32", "elapsed": 203.199626, "delta": 0.112346}}
{"target": -101.67265436823108, "params": {"p_ai": 7.231830226352597, "p_al": 0.8400330773631136, "p_ex": 5.5762639335783595, "prior": 5.251530374957857, "rate": 5.073609981034573}, "datetime": {"datetime": "2024-06-12 22:01:32", "elapsed": 203.314162, "delta": 0.114536}}
{"target": -124.52490649323816, "params": {"p_ai": 0.3250148579303004, "p_al": 9.603745417992133, "p_ex": 9.276571265567167, "prior": 9.644181333074515, "rate": 5.334287319735669}, "datetime": {"datetime": "2024-06-12 22:01:32", "elapsed": 203.426101, "delta": 0.111939}}
{"target": -87.28338560441853, "params": {"p_ai": 1.2672723072303933, "p_al": 7.3231587173976855, "p_ex": 9.497378466167685, "prior": 2.59340128734707, "rate": 2.8384022086892235}, "datetime": {"datetime": "2024-06-12 22:01:33", "elapsed": 203.538882, "delta": 0.112781}}
{"target": -82.87771659654099, "params": {"p_ai": 4.471117688109057, "p_al": 1.5870255474868245, "p_ex": 5.6862453459868885, "prior": 4.495877535685449, "rate": 8.874344555260828}, "datetime": {"datetime": "2024-06-12 22:01:33", "elapsed": 203.650012, "delta": 0.11113}}
{"target": -85.77517993871807, "params": {"p_ai": 2.1491000490954177, "p_al": 1.6803317413176135, "p_ex": 4.956843174631359, "prior": 5.166738512123674, "rate": 4.062554841030758}, "datetime": {"datetime": "2024-06-12 22:01:33", "elapsed": 203.76406, "delta": 0.114048}}
{"target": -76.01018667059098, "params": {"p_ai": 2.3687273731167005, "p_al": 5.364100211184668, "p_ex": 9.621446145291596, "prior": 2.5650999457370163, "rate": 2.8326148102639097}, "datetime": {"datetime": "2024-06-12 22:01:33", "elapsed": 203.876359, "delta": 0.112299}}
{"target": -133.53237958287772, "params": {"p_ai": 0.3156173831849737, "p_al": 8.761177238697952, "p_ex": 2.7445718970028596, "prior": 0.5985643995254315, "rate": 7.520772391218443}, "datetime": {"datetime": "2024-06-12 22:01:33", "elapsed": 203.98732, "delta": 0.110961}}
{"target": -143.56591869766424, "params": {"p_ai": 9.291961802847371, "p_al": 4.239885742344293, "p_ex": 3.251736113269821, "prior": 6.888555165202704, "rate": 2.0713875028878537}, "datetime": {"datetime": "2024-06-12 22:01:33", "elapsed": 204.100283, "delta": 0.112963}}
{"target": -89.32499849263334, "params": {"p_ai": 5.515629599124463, "p_al": 4.945852933269145, "p_ex": 5.8740064697773695, "prior": 8.352569404187673, "rate": 6.841598833004274}, "datetime": {"datetime": "2024-06-12 22:01:33", "elapsed": 204.218283, "delta": 0.118}}
{"target": -177.83434507332456, "params": {"p_ai": 8.823990270310057, "p_al": 2.794271110188989, "p_ex": 2.5003070621346244, "prior": 1.881931529271208, "rate": 0.08454172142067419}, "datetime": {"datetime": "2024-06-12 22:01:33", "elapsed": 204.331015, "delta": 0.112732}}
{"target": -137.12826818601079, "params": {"p_ai": 6.574904035985843, "p_al": 3.7187985171872686, "p_ex": 1.6620934543483672, "prior": 2.5925270594447696, "rate": 1.8258424621610987}, "datetime": {"datetime": "2024-06-12 22:01:33", "elapsed": 204.449975, "delta": 0.11896}}
{"target": -111.27427056485108, "params": {"p_ai": 1.781546189039877, "p_al": 2.2784543286176056, "p_ex": 0.9650089891972059, "prior": 5.4415067153569385, "rate": 8.362122785682642}, "datetime": {"datetime": "2024-06-12 22:01:34", "elapsed": 204.567026, "delta": 0.117051}}
{"target": -76.93554629477325, "params": {"p_ai": 3.467054606940248, "p_al": 9.12608656635545, "p_ex": 6.839509200906585, "prior": 8.260545308504511, "rate": 9.248617824767361}, "datetime": {"datetime": "2024-06-12 22:01:34", "elapsed": 204.681719, "delta": 0.114693}}
{"target": -179.69795147325783, "params": {"p_ai": 7.189736571238775, "p_al": 7.70451096450661, "p_ex": 0.7411015766992916, "prior": 1.8876651008462522, "rate": 3.141201863910027}, "datetime": {"datetime": "2024-06-12 22:01:34", "elapsed": 204.805178, "delta": 0.123459}}
{"target": -130.81764530106108, "params": {"p_ai": 3.3445682522866194, "p_al": 4.653584162931725, "p_ex": 0.9534921805564841, "prior": 3.442930633309283, "rate": 0.7325063572854406}, "datetime": {"datetime": "2024-06-12 22:01:34", "elapsed": 204.920682, "delta": 0.115504}}
{"target": -157.4330412102533, "params": {"p_ai": 3.234817809537565, "p_al": 6.615345368782571, "p_ex": 0.03020823973305364, "prior": 2.844351145629914, "rate": 0.7293916525625277}, "datetime": {"datetime": "2024-06-12 22:01:34", "elapsed": 205.036472, "delta": 0.11579}}
{"target": -99.92275272557984, "params": {"p_ai": 7.107909537459364, "p_al": 8.41283813983524, "p_ex": 9.783327087193005, "prior": 6.172059674088251, "rate": 2.249774333625094}, "datetime": {"datetime": "2024-06-12 22:01:34", "elapsed": 205.151255, "delta": 0.114783}}
{"target": -95.3471275261365, "params": {"p_ai": 2.2838827103711767, "p_al": 4.935774080812867, "p_ex": 9.31353395186366, "prior": 6.28093252568466, "rate": 1.8148191852404827}, "datetime": {"datetime": "2024-06-12 22:01:34", "elapsed": 205.267943, "delta": 0.116688}}
{"target": -91.3795645191088, "params": {"p_ai": 5.160577155977621, "p_al": 4.091817715225468, "p_ex": 8.690815371881804, "prior": 1.0450515847490052, "rate": 2.177056840566083}, "datetime": {"datetime": "2024-06-12 22:01:34", "elapsed": 205.383562, "delta": 0.115619}}
{"target": -102.88381719453409, "params": {"p_ai": 7.593525604372422, "p_al": 9.732488385860462, "p_ex": 8.088499978305192, "prior": 5.704757143227955, "rate": 8.096250582654447}, "datetime": {"datetime": "2024-06-12 22:01:35", "elapsed": 205.497074, "delta": 0.113512}}
{"target": -83.43322180442797, "params": {"p_ai": 3.787004026601381, "p_al": 2.398840267875232, "p_ex": 4.423918203145034, "prior": 2.9311627848052377, "rate": 6.4439470667819645}, "datetime": {"datetime": "2024-06-12 22:01:35", "elapsed": 205.619748, "delta": 0.122674}}
{"target": -112.93037159023403, "params": {"p_ai": 9.161325203993677, "p_al": 6.7142951176629735, "p_ex": 7.837526018021149, "prior": 9.199103504930617, "rate": 7.3200532325994585}, "datetime": {"datetime": "2024-06-12 22:01:35", "elapsed": 205.75106, "delta": 0.131312}}
{"target": -76.09036842864866, "params": {"p_ai": 4.563877389987818, "p_al": 7.422213927116531, "p_ex": 9.905897852443383, "prior": 6.738876319458758, "rate": 7.271629540115007}, "datetime": {"datetime": "2024-06-12 22:01:35", "elapsed": 205.86989, "delta": 0.11883}}
{"target": -101.85451483382253, "params": {"p_ai": 1.354184926108273, "p_al": 8.173628183879769, "p_ex": 9.291854891008802, "prior": 0.8303224228594415, "rate": 9.222212109683678}, "datetime": {"datetime": "2024-06-12 22:01:35", "elapsed": 205.985776, "delta": 0.115886}}
{"target": -152.868659337163, "params": {"p_ai": 7.60036665212304, "p_al": 2.527489150207483, "p_ex": 0.3487616722491927, "prior": 5.933706834543027, "rate": 1.400823358451484}, "datetime": {"datetime": "2024-06-12 22:01:35", "elapsed": 206.101537, "delta": 0.115761}}
{"target": -174.2998915315188, "params": {"p_ai": 8.806505853274864, "p_al": 6.43516094643063, "p_ex": 0.4128521467121199, "prior": 1.9449290747344254, "rate": 6.245507162043737}, "datetime": {"datetime": "2024-06-12 22:01:35", "elapsed": 206.215254, "delta": 0.113717}}
{"target": -94.85770128146144, "params": {"p_ai": 5.2669972557982545, "p_al": 2.9032784046400546, "p_ex": 3.951787231525057, "prior": 2.4664303735141795, "rate": 9.983893314244774}, "datetime": {"datetime": "2024-06-12 22:01:35", "elapsed": 206.331481, "delta": 0.116227}}
{"target": -273.0103048152108, "params": {"p_ai": 8.833065163393082, "p_al": 7.409960187825591, "p_ex": 2.4661332467547283, "prior": 0.8897232030252922, "rate": 0.9622179788592258}, "datetime": {"datetime": "2024-06-12 22:01:35", "elapsed": 206.446423, "delta": 0.114942}}
{"target": -153.65354706639002, "params": {"p_ai": 8.81485888797655, "p_al": 2.23989850108183, "p_ex": 0.5513021433819707, "prior": 6.087876583248063, "rate": 7.5406482431227655}, "datetime": {"datetime": "2024-06-12 22:01:36", "elapsed": 206.560128, "delta": 0.113705}}
{"target": -145.05325256000197, "params": {"p_ai": 9.05545783378447, "p_al": 4.840787675596431, "p_ex": 7.185726268279502, "prior": 0.4693751310064283, "rate": 3.046102797161592}, "datetime": {"datetime": "2024-06-12 22:01:36", "elapsed": 206.675031, "delta": 0.114903}}
{"target": -119.4754236846892, "params": {"p_ai": 0.8724383363741328, "p_al": 4.003969423171581, "p_ex": 1.9943620684552943, "prior": 4.985870067389963, "rate": 2.4186709251979432}, "datetime": {"datetime": "2024-06-12 22:01:36", "elapsed": 206.790153, "delta": 0.115122}}
{"target": -88.14552733379247, "params": {"p_ai": 1.9135365385302465, "p_al": 6.018254713357541, "p_ex": 4.806579427769891, "prior": 3.8159056130442353, "rate": 4.190704510941355}, "datetime": {"datetime": "2024-06-12 22:01:36", "elapsed": 206.904048, "delta": 0.113895}}
{"target": -162.2984779845904, "params": {"p_ai": 9.46962652699391, "p_al": 6.112896872215864, "p_ex": 2.018777721178968, "prior": 2.6686013544941507, "rate": 2.9977662655825186}, "datetime": {"datetime": "2024-06-12 22:01:36", "elapsed": 207.019379, "delta": 0.115331}}
{"target": -122.47958345941562, "params": {"p_ai": 7.11491287284615, "p_al": 5.095664163185219, "p_ex": 2.126962754862719, "prior": 5.806031398863331, "rate": 8.757324382383848}, "datetime": {"datetime": "2024-06-12 22:01:36", "elapsed": 207.134073, "delta": 0.114694}}
{"target": -104.04723964274032, "params": {"p_ai": 1.264164532619279, "p_al": 9.924544608485885, "p_ex": 5.733538660519559, "prior": 0.7560766698720095, "rate": 9.247063064814338}, "datetime": {"datetime": "2024-06-12 22:01:36", "elapsed": 207.247208, "delta": 0.113135}}
{"target": -145.36733367392594, "params": {"p_ai": 6.613348799490278, "p_al": 2.5843758139259245, "p_ex": 0.114106515326011, "prior": 8.27847416292545, "rate": 1.9689075126292552}, "datetime": {"datetime": "2024-06-12 22:01:36", "elapsed": 207.362866, "delta": 0.115658}}
{"target": -129.16771082900397, "params": {"p_ai": 9.103998761089683, "p_al": 2.6213911979120468, "p_ex": 3.0760627752677463, "prior": 4.2905941990788286, "rate": 8.495349229668236}, "datetime": {"datetime": "2024-06-12 22:01:37", "elapsed": 207.478523, "delta": 0.115657}}
{"target": -76.01404948130575, "params": {"p_ai": 3.763714874706974, "p_al": 6.691159428225323, "p_ex": 7.312126292070396, "prior": 8.946795636693912, "rate": 9.3853231228861}, "datetime": {"datetime": "2024-06-12 22:01:37", "elapsed": 207.593216, "delta": 0.114693}}
{"target": -117.25585781134687, "params": {"p_ai": 8.723639161073988, "p_al": 4.5260419014527065, "p_ex": 5.508787884479991, "prior": 5.774642121010108, "rate": 4.856321710522147}, "datetime": {"datetime": "2024-06-12 22:01:37", "elapsed": 207.707424, "delta": 0.114208}}
{"target": -167.36264815097095, "params": {"p_ai": 9.140654616001479, "p_al": 7.863665142247982, "p_ex": 0.9341801465789235, "prior": 9.909334174074031, "rate": 1.9134182981396977}, "datetime": {"datetime": "2024-06-12 22:01:37", "elapsed": 207.822975, "delta": 0.115551}}
{"target": -89.3550676516028, "params": {"p_ai": 2.6946420098118167, "p_al": 1.5126957009561108, "p_ex": 2.6359153304102105, "prior": 3.7282649382430666, "rate": 9.73889819201254}, "datetime": {"datetime": "2024-06-12 22:01:37", "elapsed": 207.938742, "delta": 0.115767}}
{"target": -118.27898646003456, "params": {"p_ai": 1.6701170895816995, "p_al": 6.1022227291918485, "p_ex": 4.4794046592886625, "prior": 5.870684627503185, "rate": 0.5374403481319142}, "datetime": {"datetime": "2024-06-12 22:01:37", "elapsed": 208.053435, "delta": 0.114693}}
{"target": -82.34783664201362, "params": {"p_ai": 3.093992449316217, "p_al": 0.9100222216758822, "p_ex": 4.635021288415472, "prior": 8.91997251668201, "rate": 8.214027125504684}, "datetime": {"datetime": "2024-06-12 22:01:37", "elapsed": 208.172118, "delta": 0.118683}}
{"target": -119.24222151542244, "params": {"p_ai": 8.721673110762312, "p_al": 3.996566139166351, "p_ex": 5.093869191705719, "prior": 2.5728041383019566, "rate": 6.070272808746701}, "datetime": {"datetime": "2024-06-12 22:01:37", "elapsed": 208.286351, "delta": 0.114233}}
{"target": -86.27522457438735, "params": {"p_ai": 4.46366590882885, "p_al": 4.964567665644117, "p_ex": 5.41008966027013, "prior": 5.805041396958066, "rate": 4.647146134690929}, "datetime": {"datetime": "2024-06-12 22:01:37", "elapsed": 208.401045, "delta": 0.114694}}
{"target": -153.01108269138274, "params": {"p_ai": 7.985073244973555, "p_al": 4.092930293005516, "p_ex": 0.43727715568411757, "prior": 8.334285054155176, "rate": 4.848426493578269}, "datetime": {"datetime": "2024-06-12 22:01:38", "elapsed": 208.514999, "delta": 0.113954}}
{"target": -110.28417520522173, "params": {"p_ai": 4.785260085652449, "p_al": 1.7691646741264269, "p_ex": 4.430590877348969, "prior": 1.435575847434563, "rate": 0.41333672859875353}, "datetime": {"datetime": "2024-06-12 22:01:38", "elapsed": 208.629711, "delta": 0.114712}}
{"target": -154.95490088033412, "params": {"p_ai": 9.631664535876418, "p_al": 2.620251162143144, "p_ex": 1.3618514879034485, "prior": 6.880876016593594, "rate": 3.7399373051639726}, "datetime": {"datetime": "2024-06-12 22:01:38", "elapsed": 208.744462, "delta": 0.114751}}
{"target": -101.17612702991029, "params": {"p_ai": 6.231176312791222, "p_al": 7.0647537144614585, "p_ex": 6.621431853723695, "prior": 2.2699084221617496, "rate": 7.833946869447758}, "datetime": {"datetime": "2024-06-12 22:01:38", "elapsed": 208.85928, "delta": 0.114818}}
{"target": -141.39711665593845, "params": {"p_ai": 0.7106273630209408, "p_al": 7.881639009606957, "p_ex": 1.6242917858112043, "prior": 4.050691533188868, "rate": 0.0629721530464926}, "datetime": {"datetime": "2024-06-12 22:01:38", "elapsed": 208.976493, "delta": 0.117213}}
{"target": -95.74744640618597, "params": {"p_ai": 1.629359570418598, "p_al": 6.778911007822735, "p_ex": 7.50169125304418, "prior": 9.10200874208432, "rate": 4.202836389683321}, "datetime": {"datetime": "2024-06-12 22:01:38", "elapsed": 209.100279, "delta": 0.123786}}
{"target": -142.0853664401408, "params": {"p_ai": 6.103673669256451, "p_al": 4.9209359232553025, "p_ex": 0.25505952413242966, "prior": 4.483299010470711, "rate": 6.894808923476805}, "datetime": {"datetime": "2024-06-12 22:01:38", "elapsed": 209.217363, "delta": 0.117084}}
{"target": -91.2666393423388, "params": {"p_ai": 6.769052402167239, "p_al": 2.935059826190939, "p_ex": 8.774877039679437, "prior": 7.7124659032652225, "rate": 8.537361539915066}, "datetime": {"datetime": "2024-06-12 22:01:38", "elapsed": 209.334011, "delta": 0.116648}}
{"target": -136.57727191228972, "params": {"p_ai": 9.371581875455856, "p_al": 2.3508042096415482, "p_ex": 7.173131504668459, "prior": 0.4404809544682865, "rate": 3.036942440429322}, "datetime": {"datetime": "2024-06-12 22:01:38", "elapsed": 209.450712, "delta": 0.116701}}
{"target": -105.74614444430506, "params": {"p_ai": 4.8310017836709145, "p_al": 3.644838951583288, "p_ex": 1.9855339344892702, "prior": 6.987144597858653, "rate": 9.253095850988169}, "datetime": {"datetime": "2024-06-12 22:01:39", "elapsed": 209.565405, "delta": 0.114693}}
{"target": -110.9089633106404, "params": {"p_ai": 0.9994800071896959, "p_al": 2.302146241513983, "p_ex": 2.849180340028503, "prior": 6.6800625926414545, "rate": 3.866783199329621}, "datetime": {"datetime": "2024-06-12 22:01:39", "elapsed": 209.699204, "delta": 0.133799}}
{"target": -109.03445730532013, "params": {"p_ai": 7.6562105910740685, "p_al": 0.9573677553367381, "p_ex": 4.602344211627279, "prior": 2.9268592456242746, "rate": 5.1346429831113305}, "datetime": {"datetime": "2024-06-12 22:01:39", "elapsed": 209.819881, "delta": 0.120677}}
{"target": -86.06060526062402, "params": {"p_ai": 1.358318540902578, "p_al": 4.460527512339592, "p_ex": 5.164363125399383, "prior": 3.442718612238544, "rate": 5.546962687912887}, "datetime": {"datetime": "2024-06-12 22:01:39", "elapsed": 209.935321, "delta": 0.11544}}
