{"target": -2036.6811366691713, "params": {"gamma": 9.236233847661266, "lr": 0.6780829341239825}, "datetime": {"datetime": "2024-06-13 22:59:29", "elapsed": 4.769333, "delta": 0.003989}}
{"target": -1616.162836189813, "params": {"gamma": 7.713853709507418, "lr": 0.5716353364349513}, "datetime": {"datetime": "2024-06-13 22:59:29", "elapsed": 4.774319, "delta": 0.004986}}
{"target": -1840.2840815641548, "params": {"gamma": 8.339212870314833, "lr": 0.6982817992918626}, "datetime": {"datetime": "2024-06-13 22:59:29", "elapsed": 4.778309, "delta": 0.00399}}
{"target": -336.3929532802799, "params": {"gamma": 1.466940409067313, "lr": 0.6124611286280749}, "datetime": {"datetime": "2024-06-13 22:59:29", "elapsed": 4.782298, "delta": 0.003989}}
{"target": -720.3230746395682, "params": {"gamma": 2.793924035827702, "lr": 0.9158787230673001}, "datetime": {"datetime": "2024-06-13 22:59:29", "elapsed": 4.787285, "delta": 0.004987}}
{"target": -476.23461851472115, "params": {"gamma": 1.9831246698113274, "lr": 0.28571649537130284}, "datetime": {"datetime": "2024-06-13 22:59:29", "elapsed": 4.791274, "delta": 0.003989}}
{"target": -171.41500069086155, "params": {"gamma": 0.47749939499181976, "lr": 0.44757914405063814}, "datetime": {"datetime": "2024-06-13 22:59:29", "elapsed": 4.795264, "delta": 0.00399}}
{"target": -1173.2591130210892, "params": {"gamma": 5.576320563895948, "lr": 0.5735610825770953}, "datetime": {"datetime": "2024-06-13 22:59:29", "elapsed": 4.800251, "delta": 0.004987}}
{"target": -2045.1499788658655, "params": {"gamma": 9.053868422216771, "lr": 0.34741393280060506}, "datetime": {"datetime": "2024-06-13 22:59:29", "elapsed": 4.80424, "delta": 0.003989}}
{"target": -1067.394345491478, "params": {"gamma": 4.475836267532962, "lr": 0.8512376625014975}, "datetime": {"datetime": "2024-06-13 22:59:29", "elapsed": 4.809227, "delta": 0.004987}}
{"target": -1215.0139991689136, "params": {"gamma": 5.768716203017017, "lr": 0.6539929348777337}, "datetime": {"datetime": "2024-06-13 22:59:29", "elapsed": 4.813215, "delta": 0.003988}}
{"target": -575.6286255773845, "params": {"gamma": 2.784314944612766, "lr": 0.48747130162584906}, "datetime": {"datetime": "2024-06-13 22:59:29", "elapsed": 4.818202, "delta": 0.004987}}
{"target": -2085.254277568138, "params": {"gamma": 6.209902923417142, "lr": 0.13339403014523998}, "datetime": {"datetime": "2024-06-13 22:59:29", "elapsed": 4.822192, "delta": 0.00399}}
{"target": -184.82603522824888, "params": {"gamma": 0.3300542572087522, "lr": 0.11341100113082614}, "datetime": {"datetime": "2024-06-13 22:59:29", "elapsed": 4.826182, "delta": 0.00399}}
{"target": -1679.3041233995882, "params": {"gamma": 4.775133302320191, "lr": 0.02402673463080851}, "datetime": {"datetime": "2024-06-13 22:59:29", "elapsed": 4.831168, "delta": 0.004986}}
{"target": -2175.161187151068, "params": {"gamma": 6.26246308244308, "lr": 0.09758261797608447}, "datetime": {"datetime": "2024-06-13 22:59:29", "elapsed": 4.835157, "delta": 0.003989}}
{"target": -537.9002572693439, "params": {"gamma": 2.5103644156247413, "lr": 0.42649294585621844}, "datetime": {"datetime": "2024-06-13 22:59:29", "elapsed": 4.840144, "delta": 0.004987}}
{"target": -321.8651767287167, "params": {"gamma": 1.159151640315784, "lr": 0.2705519937974664}, "datetime": {"datetime": "2024-06-13 22:59:29", "elapsed": 4.844133, "delta": 0.003989}}
{"target": -151.84312551375874, "params": {"gamma": 0.21177564868227716, "lr": 0.9850455536104694}, "datetime": {"datetime": "2024-06-13 22:59:29", "elapsed": 4.848122, "delta": 0.003989}}
{"target": -1300.7505672741797, "params": {"gamma": 6.116124507605985, "lr": 0.3783538388352491}, "datetime": {"datetime": "2024-06-13 22:59:29", "elapsed": 4.853109, "delta": 0.004987}}
{"target": -156.7077963832229, "params": {"gamma": 0.2662569827533811, "lr": 0.3898387483749842}, "datetime": {"datetime": "2024-06-13 22:59:29", "elapsed": 4.857098, "delta": 0.003989}}
{"target": -1152.8032468430772, "params": {"gamma": 4.526133705237957, "lr": 0.9310031937645028}, "datetime": {"datetime": "2024-06-13 22:59:29", "elapsed": 4.861088, "delta": 0.00399}}
{"target": -597.5196226497238, "params": {"gamma": 2.7857632142087283, "lr": 0.6147818910832991}, "datetime": {"datetime": "2024-06-13 22:59:29", "elapsed": 4.866074, "delta": 0.004986}}
{"target": -2075.335784456043, "params": {"gamma": 6.6520183774673525, "lr": 0.18596096979633892}, "datetime": {"datetime": "2024-06-13 22:59:29", "elapsed": 4.870063, "delta": 0.003989}}
{"target": -1174.8826145889157, "params": {"gamma": 5.058127726515332, "lr": 0.7865007628599349}, "datetime": {"datetime": "2024-06-13 22:59:29", "elapsed": 4.874053, "delta": 0.00399}}
{"target": -245.52279621005346, "params": {"gamma": 0.966693765249707, "lr": 0.6060352981689622}, "datetime": {"datetime": "2024-06-13 22:59:29", "elapsed": 4.879039, "delta": 0.004986}}
{"target": -174.65932257334498, "params": {"gamma": 0.261573266951244, "lr": 0.00704672381007565}, "datetime": {"datetime": "2024-06-13 22:59:29", "elapsed": 4.883029, "delta": 0.00399}}
{"target": -185.012774285109, "params": {"gamma": 0.5962265427935735, "lr": 0.4814004591490364}, "datetime": {"datetime": "2024-06-13 22:59:29", "elapsed": 4.887018, "delta": 0.003989}}
{"target": -1927.434203013578, "params": {"gamma": 9.257115382793618, "lr": 0.4055573841390242}, "datetime": {"datetime": "2024-06-13 22:59:29", "elapsed": 4.892005, "delta": 0.004987}}
{"target": -229.11453926377033, "params": {"gamma": 0.7512513607260716, "lr": 0.8613524744830288}, "datetime": {"datetime": "2024-06-13 22:59:29", "elapsed": 4.895995, "delta": 0.00399}}
{"target": -1172.223339911782, "params": {"gamma": 5.193456557118933, "lr": 0.3189358689174241}, "datetime": {"datetime": "2024-06-13 22:59:29", "elapsed": 4.900981, "delta": 0.004986}}
{"target": -2435.280583614106, "params": {"gamma": 9.630360355507971, "lr": 0.9382617685023783}, "datetime": {"datetime": "2024-06-13 22:59:29", "elapsed": 4.90497, "delta": 0.003989}}
{"target": -805.6854978368989, "params": {"gamma": 2.6009297005949668, "lr": 0.20139185371372026}, "datetime": {"datetime": "2024-06-13 22:59:29", "elapsed": 4.90896, "delta": 0.00399}}
{"target": -1399.402083710159, "params": {"gamma": 5.889498124357467, "lr": 0.8425182098415589}, "datetime": {"datetime": "2024-06-13 22:59:29", "elapsed": 4.913947, "delta": 0.004987}}
{"target": -717.7162358670179, "params": {"gamma": 3.3678741763608038, "lr": 0.5864294214642616}, "datetime": {"datetime": "2024-06-13 22:59:29", "elapsed": 4.917935, "delta": 0.003988}}
{"target": -524.1153103918239, "params": {"gamma": 1.623287749788599, "lr": 0.19459373523814183}, "datetime": {"datetime": "2024-06-13 22:59:29", "elapsed": 4.922922, "delta": 0.004987}}
{"target": -2618.0653999597935, "params": {"gamma": 7.613590824704965, "lr": 0.15009846135204996}, "datetime": {"datetime": "2024-06-13 22:59:29", "elapsed": 4.926912, "delta": 0.00399}}
{"target": -601.7234680487434, "params": {"gamma": 2.659804503437227, "lr": 0.6894948631776694}, "datetime": {"datetime": "2024-06-13 22:59:29", "elapsed": 4.931898, "delta": 0.004986}}
{"target": -158.83654580732016, "params": {"gamma": 0.15187798702215813, "lr": 0.03219440386857053}, "datetime": {"datetime": "2024-06-13 22:59:29", "elapsed": 4.935888, "delta": 0.00399}}
{"target": -662.129198384353, "params": {"gamma": 2.8759718743002627, "lr": 0.3366231805122991}, "datetime": {"datetime": "2024-06-13 22:59:29", "elapsed": 4.939877, "delta": 0.003989}}
{"target": -845.8197882981125, "params": {"gamma": 3.622798839194582, "lr": 0.8071905755135196}, "datetime": {"datetime": "2024-06-13 22:59:29", "elapsed": 4.944863, "delta": 0.004986}}
{"target": -166.98397568136596, "params": {"gamma": 0.3607736956187603, "lr": 0.3583952446253251}, "datetime": {"datetime": "2024-06-13 22:59:29", "elapsed": 4.948853, "delta": 0.00399}}
{"target": -2196.6693872855094, "params": {"gamma": 6.383143054534976, "lr": 0.14300410951832265}, "datetime": {"datetime": "2024-06-13 22:59:29", "elapsed": 4.952842, "delta": 0.003989}}
{"target": -1797.310039460316, "params": {"gamma": 8.577528406499894, "lr": 0.6455644082734328}, "datetime": {"datetime": "2024-06-13 22:59:29", "elapsed": 4.957829, "delta": 0.004987}}
{"target": -376.69574969342483, "params": {"gamma": 1.1538189613747907, "lr": 0.2080974099989472}, "datetime": {"datetime": "2024-06-13 22:59:29", "elapsed": 4.961818, "delta": 0.003989}}
{"target": -1554.635983290605, "params": {"gamma": 7.455237809150899, "lr": 0.40340662833417285}, "datetime": {"datetime": "2024-06-13 22:59:29", "elapsed": 4.966805, "delta": 0.004987}}
{"target": -1197.5564259649377, "params": {"gamma": 4.84521613942412, "lr": 0.8874550780727275}, "datetime": {"datetime": "2024-06-13 22:59:29", "elapsed": 4.970794, "delta": 0.003989}}
{"target": -374.939614209691, "params": {"gamma": 1.3752980526926846, "lr": 0.9643727973861176}, "datetime": {"datetime": "2024-06-13 22:59:29", "elapsed": 4.974784, "delta": 0.00399}}
{"target": -208.56648591920379, "params": {"gamma": 0.4272541882840023, "lr": 0.09944025725488481}, "datetime": {"datetime": "2024-06-13 22:59:29", "elapsed": 4.97977, "delta": 0.004986}}
{"target": -532.6283246937635, "params": {"gamma": 2.2331610709734946, "lr": 0.8065850822605141}, "datetime": {"datetime": "2024-06-13 22:59:29", "elapsed": 4.983759, "delta": 0.003989}}
{"target": -964.8031814073646, "params": {"gamma": 4.559272200887655, "lr": 0.6532511422613194}, "datetime": {"datetime": "2024-06-13 22:59:29", "elapsed": 4.987749, "delta": 0.00399}}
{"target": -594.4153425720243, "params": {"gamma": 1.7440370540608525, "lr": 0.16672193292652826}, "datetime": {"datetime": "2024-06-13 22:59:29", "elapsed": 4.992736, "delta": 0.004987}}
{"target": -1165.3180220437098, "params": {"gamma": 5.208962557197339, "lr": 0.7402936352802216}, "datetime": {"datetime": "2024-06-13 22:59:29", "elapsed": 4.996725, "delta": 0.003989}}
{"target": -1128.4504206884562, "params": {"gamma": 4.62528217768507, "lr": 0.8696140851211128}, "datetime": {"datetime": "2024-06-13 22:59:29", "elapsed": 5.001712, "delta": 0.004987}}
{"target": -1917.927910632242, "params": {"gamma": 6.604458934771733, "lr": 0.2490900884519328}, "datetime": {"datetime": "2024-06-13 22:59:29", "elapsed": 5.005701, "delta": 0.003989}}
{"target": -540.7998778588565, "params": {"gamma": 2.3497873058002465, "lr": 0.3740467168670696}, "datetime": {"datetime": "2024-06-13 22:59:29", "elapsed": 5.010688, "delta": 0.004987}}
{"target": -1916.3425845561194, "params": {"gamma": 7.566403946905877, "lr": 0.9379376643097822}, "datetime": {"datetime": "2024-06-13 22:59:29", "elapsed": 5.014677, "delta": 0.003989}}
{"target": -2137.545808909614, "params": {"gamma": 8.61919808718901, "lr": 0.26161079268292176}, "datetime": {"datetime": "2024-06-13 22:59:29", "elapsed": 5.018666, "delta": 0.003989}}
{"target": -870.675687923835, "params": {"gamma": 4.12337700085772, "lr": 0.6115440994503215}, "datetime": {"datetime": "2024-06-13 22:59:29", "elapsed": 5.023653, "delta": 0.004987}}
{"target": -1165.0237405235332, "params": {"gamma": 5.468797723702268, "lr": 0.3892749454089657}, "datetime": {"datetime": "2024-06-13 22:59:29", "elapsed": 5.027643, "delta": 0.00399}}
{"target": -262.23583481474685, "params": {"gamma": 1.0151063480358857, "lr": 0.7122448043972556}, "datetime": {"datetime": "2024-06-13 22:59:29", "elapsed": 5.032629, "delta": 0.004986}}
{"target": -255.05552599418198, "params": {"gamma": 0.8822635040904132, "lr": 0.8660774293737196}, "datetime": {"datetime": "2024-06-13 22:59:29", "elapsed": 5.036618, "delta": 0.003989}}
{"target": -1897.0167601534768, "params": {"gamma": 8.634620954886014, "lr": 0.7084507915153727}, "datetime": {"datetime": "2024-06-13 22:59:29", "elapsed": 5.040608, "delta": 0.00399}}
{"target": -1080.2751839020334, "params": {"gamma": 4.864759313503054, "lr": 0.6991465654129165}, "datetime": {"datetime": "2024-06-13 22:59:29", "elapsed": 5.045595, "delta": 0.004987}}
{"target": -921.2756088658355, "params": {"gamma": 3.950475613957549, "lr": 0.7974959842933487}, "datetime": {"datetime": "2024-06-13 22:59:29", "elapsed": 5.049584, "delta": 0.003989}}
{"target": -2703.959242709101, "params": {"gamma": 7.864384405716199, "lr": 0.15552858387362167}, "datetime": {"datetime": "2024-06-13 22:59:29", "elapsed": 5.053573, "delta": 0.003989}}
{"target": -729.2367302330375, "params": {"gamma": 3.1788576859556272, "lr": 0.34398317678599033}, "datetime": {"datetime": "2024-06-13 22:59:29", "elapsed": 5.058559, "delta": 0.004986}}
{"target": -755.6943441560518, "params": {"gamma": 3.6423388162366046, "lr": 0.5666455566878987}, "datetime": {"datetime": "2024-06-13 22:59:29", "elapsed": 5.062549, "delta": 0.00399}}
{"target": -166.93073678637035, "params": {"gamma": 0.4178327377603575, "lr": 0.6599697189638991}, "datetime": {"datetime": "2024-06-13 22:59:29", "elapsed": 5.067536, "delta": 0.004987}}
{"target": -439.5661526459116, "params": {"gamma": 2.0171159588072864, "lr": 0.4164625561731081}, "datetime": {"datetime": "2024-06-13 22:59:29", "elapsed": 5.071525, "delta": 0.003989}}
{"target": -1026.0017775686574, "params": {"gamma": 4.5094756723505, "lr": 0.3487267695476459}, "datetime": {"datetime": "2024-06-13 22:59:29", "elapsed": 5.076511, "delta": 0.004986}}
{"target": -1279.9821092640907, "params": {"gamma": 3.8334198209699974, "lr": 0.18030606084775935}, "datetime": {"datetime": "2024-06-13 22:59:29", "elapsed": 5.081498, "delta": 0.004987}}
{"target": -200.46425443914057, "params": {"gamma": 0.68223244388335, "lr": 0.5512566489358516}, "datetime": {"datetime": "2024-06-13 22:59:29", "elapsed": 5.085517, "delta": 0.004019}}
{"target": -2051.449771509106, "params": {"gamma": 5.959073589220895, "lr": 0.1454997892217088}, "datetime": {"datetime": "2024-06-13 22:59:29", "elapsed": 5.090474, "delta": 0.004957}}
{"target": -548.2002317913011, "params": {"gamma": 2.310186141512919, "lr": 0.2863771315373824}, "datetime": {"datetime": "2024-06-13 22:59:29", "elapsed": 5.094464, "delta": 0.00399}}
{"target": -2855.78526686003, "params": {"gamma": 8.307682917677353, "lr": 0.15342094116241234}, "datetime": {"datetime": "2024-06-13 22:59:29", "elapsed": 5.098453, "delta": 0.003989}}
{"target": -1133.8803288093488, "params": {"gamma": 5.521835936727261, "lr": 0.5681397176921924}, "datetime": {"datetime": "2024-06-13 22:59:29", "elapsed": 5.10344, "delta": 0.004987}}
{"target": -786.1337385453544, "params": {"gamma": 3.434857510993614, "lr": 0.3506171893069536}, "datetime": {"datetime": "2024-06-13 22:59:29", "elapsed": 5.107429, "delta": 0.003989}}
{"target": -1978.8392452748633, "params": {"gamma": 9.591161063174503, "lr": 0.5533439494595207}, "datetime": {"datetime": "2024-06-13 22:59:29", "elapsed": 5.112416, "delta": 0.004987}}
{"target": -1322.2948888677884, "params": {"gamma": 6.527659277808647, "lr": 0.4907401164444133}, "datetime": {"datetime": "2024-06-13 22:59:29", "elapsed": 5.116406, "delta": 0.00399}}
{"target": -1353.183233063052, "params": {"gamma": 6.466853166736234, "lr": 0.605250785507062}, "datetime": {"datetime": "2024-06-13 22:59:29", "elapsed": 5.120987, "delta": 0.004581}}
{"target": -354.6388139907311, "params": {"gamma": 1.452587755908036, "lr": 0.3346805328845932}, "datetime": {"datetime": "2024-06-13 22:59:29", "elapsed": 5.124976, "delta": 0.003989}}
{"target": -1549.40228874185, "params": {"gamma": 4.604879500595876, "lr": 0.12782166160638486}, "datetime": {"datetime": "2024-06-13 22:59:29", "elapsed": 5.129963, "delta": 0.004987}}
{"target": -1060.8826937373833, "params": {"gamma": 3.6313701627213772, "lr": 0.22814163429292222}, "datetime": {"datetime": "2024-06-13 22:59:29", "elapsed": 5.133952, "delta": 0.003989}}
{"target": -1915.2627788302748, "params": {"gamma": 8.47517852010175, "lr": 0.34147408002129864}, "datetime": {"datetime": "2024-06-13 22:59:29", "elapsed": 5.138939, "delta": 0.004987}}
{"target": -489.47379975022784, "params": {"gamma": 2.268666417341983, "lr": 0.4081814028522822}, "datetime": {"datetime": "2024-06-13 22:59:29", "elapsed": 5.142929, "delta": 0.00399}}
{"target": -2392.5423724418056, "params": {"gamma": 6.830957412174848, "lr": 0.06562199896142484}, "datetime": {"datetime": "2024-06-13 22:59:29", "elapsed": 5.147915, "delta": 0.004986}}
{"target": -421.4745458450885, "params": {"gamma": 1.8081114068162947, "lr": 0.6943069389237286}, "datetime": {"datetime": "2024-06-13 22:59:29", "elapsed": 5.151503, "delta": 0.003588}}
{"target": -1571.0413090676536, "params": {"gamma": 7.522813791436128, "lr": 0.6177542796100679}, "datetime": {"datetime": "2024-06-13 22:59:29", "elapsed": 5.156487, "delta": 0.004984}}
{"target": -2918.271620937431, "params": {"gamma": 8.792106406805418, "lr": 0.16880019007759361}, "datetime": {"datetime": "2024-06-13 22:59:29", "elapsed": 5.160476, "delta": 0.003989}}
{"target": -1782.9635801370728, "params": {"gamma": 7.0357737742820845, "lr": 0.9172601590800086}, "datetime": {"datetime": "2024-06-13 22:59:29", "elapsed": 5.164465, "delta": 0.003989}}
{"target": -455.9029703649294, "params": {"gamma": 1.508245851371479, "lr": 0.24376397739618116}, "datetime": {"datetime": "2024-06-13 22:59:29", "elapsed": 5.169452, "delta": 0.004987}}
{"target": -1240.4951207200666, "params": {"gamma": 5.467299036335953, "lr": 0.3441193369759975}, "datetime": {"datetime": "2024-06-13 22:59:29", "elapsed": 5.173441, "delta": 0.003989}}
{"target": -2418.823690596594, "params": {"gamma": 6.90670016874316, "lr": 0.05756761842510749}, "datetime": {"datetime": "2024-06-13 22:59:29", "elapsed": 5.177431, "delta": 0.00399}}
{"target": -386.16838034402457, "params": {"gamma": 1.6084806590922747, "lr": 0.7162383064796215}, "datetime": {"datetime": "2024-06-13 22:59:29", "elapsed": 5.182417, "delta": 0.004986}}
{"target": -2454.355493746127, "params": {"gamma": 9.706216365641005, "lr": 0.9295503765123406}, "datetime": {"datetime": "2024-06-13 22:59:29", "elapsed": 5.186406, "delta": 0.003989}}
{"target": -3020.6905753071333, "params": {"gamma": 9.010768867234715, "lr": 0.12774331390359328}, "datetime": {"datetime": "2024-06-13 22:59:29", "elapsed": 5.190396, "delta": 0.00399}}
{"target": -534.2281037352709, "params": {"gamma": 1.4601432517979631, "lr": 0.07226475681487265}, "datetime": {"datetime": "2024-06-13 22:59:29", "elapsed": 5.195383, "delta": 0.004987}}
{"target": -1339.1807405425188, "params": {"gamma": 5.425859791214765, "lr": 0.8824861729023715}, "datetime": {"datetime": "2024-06-13 22:59:29", "elapsed": 5.200369, "delta": 0.004986}}
{"target": -1234.5797848301104, "params": {"gamma": 5.318387208768819, "lr": 0.7817152853959399}, "datetime": {"datetime": "2024-06-13 22:59:29", "elapsed": 5.204359, "delta": 0.00399}}
{"target": -477.2633112104964, "params": {"gamma": 1.8853494153257044, "lr": 0.863111260166335}, "datetime": {"datetime": "2024-06-13 22:59:29", "elapsed": 5.208348, "delta": 0.003989}}
{"target": -675.9591563421143, "params": {"gamma": 1.8750602824827893, "lr": 0.054764126066523255}, "datetime": {"datetime": "2024-06-13 22:59:29", "elapsed": 5.213335, "delta": 0.004987}}
{"target": -881.6474731986902, "params": {"gamma": 4.215488613270554, "lr": 0.5551044300084385}, "datetime": {"datetime": "2024-06-13 22:59:29", "elapsed": 5.217324, "delta": 0.003989}}
{"target": -3363.6278817214193, "params": {"gamma": 9.707449353204424, "lr": 0.09175383344119148}, "datetime": {"datetime": "2024-06-13 22:59:29", "elapsed": 5.221313, "delta": 0.003989}}
{"target": -959.3766444674665, "params": {"gamma": 2.7399070142023203, "lr": 0.10510706908204948}, "datetime": {"datetime": "2024-06-13 22:59:29", "elapsed": 5.2263, "delta": 0.004987}}
{"target": -906.1332801203622, "params": {"gamma": 3.9050059277394262, "lr": 0.2890110831877697}, "datetime": {"datetime": "2024-06-13 22:59:29", "elapsed": 5.231287, "delta": 0.004987}}
{"target": -1165.7005331923522, "params": {"gamma": 5.133490194329599, "lr": 0.348256681750747}, "datetime": {"datetime": "2024-06-13 22:59:29", "elapsed": 5.235276, "delta": 0.003989}}
{"target": -2145.4476741380436, "params": {"gamma": 9.28235195448276, "lr": 0.7899477963830404}, "datetime": {"datetime": "2024-06-13 22:59:29", "elapsed": 5.240263, "delta": 0.004987}}
{"target": -2886.919851309662, "params": {"gamma": 8.610252674771141, "lr": 0.12950094594289585}, "datetime": {"datetime": "2024-06-13 22:59:29", "elapsed": 5.244252, "delta": 0.003989}}
{"target": -1763.0697764394783, "params": {"gamma": 5.751126599720151, "lr": 0.21478253588485874}, "datetime": {"datetime": "2024-06-13 22:59:29", "elapsed": 5.249238, "delta": 0.004986}}
{"target": -3035.0173254099413, "params": {"gamma": 8.682517475837448, "lr": 0.015019421753424078}, "datetime": {"datetime": "2024-06-13 22:59:29", "elapsed": 5.253228, "delta": 0.00399}}
{"target": -264.7558598875098, "params": {"gamma": 1.0583364070853916, "lr": 0.3760570755473156}, "datetime": {"datetime": "2024-06-13 22:59:29", "elapsed": 5.258214, "delta": 0.004986}}
{"target": -1009.6734447629561, "params": {"gamma": 4.021536967025843, "lr": 0.2772200829786826}, "datetime": {"datetime": "2024-06-13 22:59:29", "elapsed": 5.262203, "delta": 0.003989}}
{"target": -350.36825923710967, "params": {"gamma": 0.9615339246006319, "lr": 0.11873040511259358}, "datetime": {"datetime": "2024-06-13 22:59:29", "elapsed": 5.267191, "delta": 0.004988}}
{"target": -816.3072981957323, "params": {"gamma": 3.1801295937194918, "lr": 0.9507928340777205}, "datetime": {"datetime": "2024-06-13 22:59:29", "elapsed": 5.27118, "delta": 0.003989}}
{"target": -481.8326781434069, "params": {"gamma": 2.0748582416284203, "lr": 0.7472803210592225}, "datetime": {"datetime": "2024-06-13 22:59:29", "elapsed": 5.276173, "delta": 0.004993}}
{"target": -919.7685638966607, "params": {"gamma": 2.5826284514108324, "lr": 0.03724025561078481}, "datetime": {"datetime": "2024-06-13 22:59:29", "elapsed": 5.28402, "delta": 0.007847}}
