{"target": -134.74665807559268, "params": {"gamma": 0.5287857773295865, "prior": 8.914019769519989, "rate": 4.045739285423598}, "datetime": {"datetime": "2024-06-14 05:32:46", "elapsed": 8.316589, "delta": 0.009973}}
{"target": -554.3456109514577, "params": {"gamma": 9.292802548221829, "prior": 4.080573920625559, "rate": 0.7692460154620339}, "datetime": {"datetime": "2024-06-14 05:32:46", "elapsed": 8.326563, "delta": 0.009974}}
{"target": -146.3605978456352, "params": {"gamma": 2.4537661400558073, "prior": 3.5675790065013078, "rate": 7.507532195259897}, "datetime": {"datetime": "2024-06-14 05:32:46", "elapsed": 8.335539, "delta": 0.008976}}
{"target": -131.26239874981673, "params": {"gamma": 1.8482967753404873, "prior": 4.366639171886156, "rate": 8.732580952739871}, "datetime": {"datetime": "2024-06-14 05:32:46", "elapsed": 8.345512, "delta": 0.009973}}
{"target": -323.3401115002686, "params": {"gamma": 5.338077152636459, "prior": 1.121231725515661, "rate": 0.24620034805926763}, "datetime": {"datetime": "2024-06-14 05:32:46", "elapsed": 8.356483, "delta": 0.010971}}
{"target": -342.94778646029016, "params": {"gamma": 7.058392201809326, "prior": 9.79336216048635, "rate": 7.851867464260117}, "datetime": {"datetime": "2024-06-14 05:32:46", "elapsed": 8.366456, "delta": 0.009973}}
{"target": -347.87684972774645, "params": {"gamma": 7.647497242257331, "prior": 6.786930405212397, "rate": 7.9552316002763535}, "datetime": {"datetime": "2024-06-14 05:32:46", "elapsed": 8.375432, "delta": 0.008976}}
{"target": -126.85970615676199, "params": {"gamma": 0.40113783894076427, "prior": 2.720348153996855, "rate": 6.9542799621795535}, "datetime": {"datetime": "2024-06-14 05:32:46", "elapsed": 8.385406, "delta": 0.009974}}
{"target": -499.60442938317317, "params": {"gamma": 8.670016307747831, "prior": 6.778608030986559, "rate": 1.7635850037063328}, "datetime": {"datetime": "2024-06-14 05:32:46", "elapsed": 8.394381, "delta": 0.008975}}
{"target": -589.7393567297581, "params": {"gamma": 9.363148290996985, "prior": 9.043449131097443, "rate": 0.8677009826349238}, "datetime": {"datetime": "2024-06-14 05:32:46", "elapsed": 8.404355, "delta": 0.009974}}
{"target": -132.28282530924767, "params": {"gamma": 1.9308073757049558, "prior": 2.824411003044214, "rate": 7.384380294175464}, "datetime": {"datetime": "2024-06-14 05:32:46", "elapsed": 8.413331, "delta": 0.008976}}
{"target": -476.87641442402554, "params": {"gamma": 8.59387390968027, "prior": 5.825391635770356, "rate": 1.9972560609459706}, "datetime": {"datetime": "2024-06-14 05:32:46", "elapsed": 8.423304, "delta": 0.009973}}
{"target": -200.3596053897051, "params": {"gamma": 4.151483786326004, "prior": 1.4648060826146607, "rate": 9.174044472397386}, "datetime": {"datetime": "2024-06-14 05:32:46", "elapsed": 8.433277, "delta": 0.009973}}
{"target": -363.43571607987593, "params": {"gamma": 7.645544873164326, "prior": 5.151116954680168, "rate": 4.536296856665209}, "datetime": {"datetime": "2024-06-14 05:32:46", "elapsed": 8.442253, "delta": 0.008976}}
{"target": -135.1902408848444, "params": {"gamma": 0.9793229413773535, "prior": 3.2548860273732405, "rate": 1.2072073207786072}, "datetime": {"datetime": "2024-06-14 05:32:46", "elapsed": 8.452227, "delta": 0.009974}}
{"target": -423.0182840580653, "params": {"gamma": 7.823598295559239, "prior": 5.494348696094326, "rate": 2.2735465367701733}, "datetime": {"datetime": "2024-06-14 05:32:46", "elapsed": 8.461203, "delta": 0.008976}}
{"target": -144.6075768158535, "params": {"gamma": 2.242804189720107, "prior": 2.677942155406277, "rate": 3.0894186504102437}, "datetime": {"datetime": "2024-06-14 05:32:46", "elapsed": 8.470179, "delta": 0.008976}}
{"target": -191.1057982635075, "params": {"gamma": 3.8776636126823174, "prior": 3.0457344305346488, "rate": 6.795879389436971}, "datetime": {"datetime": "2024-06-14 05:32:46", "elapsed": 8.480152, "delta": 0.009973}}
{"target": -129.37548597598305, "params": {"gamma": 0.351701119431484, "prior": 3.3482921178205443, "rate": 7.4531734367072975}, "datetime": {"datetime": "2024-06-14 05:32:46", "elapsed": 8.489128, "delta": 0.008976}}
{"target": -532.0802498960015, "params": {"gamma": 9.428137042767773, "prior": 8.047052246559756, "rate": 2.4090212695059683}, "datetime": {"datetime": "2024-06-14 05:32:46", "elapsed": 8.499101, "delta": 0.009973}}
{"target": -141.78935003204867, "params": {"gamma": 2.329921768369933, "prior": 1.9843342677001725, "rate": 8.825092851051235}, "datetime": {"datetime": "2024-06-14 05:32:46", "elapsed": 8.509075, "delta": 0.009974}}
{"target": -169.02923860430354, "params": {"gamma": 2.3793190167249576, "prior": 7.605988171789962, "rate": 2.611236264315461}, "datetime": {"datetime": "2024-06-14 05:32:46", "elapsed": 8.518051, "delta": 0.008976}}
{"target": -134.0915940758832, "params": {"gamma": 0.3317853522317488, "prior": 7.3611322306807825, "rate": 7.262291896142214}, "datetime": {"datetime": "2024-06-14 05:32:46", "elapsed": 8.535006, "delta": 0.016955}}
{"target": -118.08171150885144, "params": {"gamma": 0.8905021504995737, "prior": 3.334342453503056, "rate": 9.483704536600037}, "datetime": {"datetime": "2024-06-14 05:32:46", "elapsed": 8.544979, "delta": 0.009973}}
{"target": -125.19163121712737, "params": {"gamma": 1.6303270368232625, "prior": 0.9580574792638101, "rate": 5.946444277228148}, "datetime": {"datetime": "2024-06-14 05:32:46", "elapsed": 8.554952, "delta": 0.009973}}
{"target": -388.0666736918852, "params": {"gamma": 9.309967663594373, "prior": 1.424405246656605, "rate": 5.130609924306518}, "datetime": {"datetime": "2024-06-14 05:32:46", "elapsed": 8.564925, "delta": 0.009973}}
{"target": -452.49303195900467, "params": {"gamma": 6.84030814195546, "prior": 1.8011146201075885, "rate": 0.11358767502840258}, "datetime": {"datetime": "2024-06-14 05:32:46", "elapsed": 8.573902, "delta": 0.008977}}
{"target": -376.5659440270532, "params": {"gamma": 8.876943621666769, "prior": 0.44878957946825926, "rate": 2.575325379792938}, "datetime": {"datetime": "2024-06-14 05:32:46", "elapsed": 8.583875, "delta": 0.009973}}
{"target": -450.5913603394773, "params": {"gamma": 6.5171886333749445, "prior": 2.929251040222046, "rate": 0.09806625815159087}, "datetime": {"datetime": "2024-06-14 05:32:46", "elapsed": 8.592851, "delta": 0.008976}}
{"target": -309.48039707464284, "params": {"gamma": 5.754942892815359, "prior": 3.147143555513635, "rate": 1.5159891044593792}, "datetime": {"datetime": "2024-06-14 05:32:46", "elapsed": 8.602825, "delta": 0.009974}}
{"target": -404.55179981157767, "params": {"gamma": 9.712861834014069, "prior": 1.7332254521996295, "rate": 7.272627175991628}, "datetime": {"datetime": "2024-06-14 05:32:46", "elapsed": 8.61283, "delta": 0.010005}}
{"target": -524.830380060097, "params": {"gamma": 8.907351190743636, "prior": 8.601279645696758, "rate": 1.8433864145173096}, "datetime": {"datetime": "2024-06-14 05:32:46", "elapsed": 8.622513, "delta": 0.009683}}
{"target": -150.0870555865109, "params": {"gamma": 2.3688485284086984, "prior": 0.2817901013754669, "rate": 9.314123267181278}, "datetime": {"datetime": "2024-06-14 05:32:46", "elapsed": 8.631489, "delta": 0.008976}}
{"target": -531.7029991243254, "params": {"gamma": 8.871324645396406, "prior": 5.995115072798474, "rate": 1.0945671874130298}, "datetime": {"datetime": "2024-06-14 05:32:46", "elapsed": 8.640465, "delta": 0.008976}}
{"target": -144.99995209394027, "params": {"gamma": 1.736252925778173, "prior": 5.811907672232824, "rate": 2.5173180780279494}, "datetime": {"datetime": "2024-06-14 05:32:46", "elapsed": 8.650438, "delta": 0.009973}}
{"target": -169.11602267975007, "params": {"gamma": 3.0024181605272484, "prior": 1.792774754535882, "rate": 1.8967275990085757}, "datetime": {"datetime": "2024-06-14 05:32:46", "elapsed": 8.659414, "delta": 0.008976}}
{"target": -231.2516273254302, "params": {"gamma": 4.634748122750124, "prior": 5.1477523290215155, "rate": 5.116287316757662}, "datetime": {"datetime": "2024-06-14 05:32:46", "elapsed": 8.669388, "delta": 0.009974}}
{"target": -418.15588628465895, "params": {"gamma": 9.971390854869842, "prior": 1.3829985909743843, "rate": 7.561942713988967}, "datetime": {"datetime": "2024-06-14 05:32:46", "elapsed": 8.679274, "delta": 0.009886}}
{"target": -383.7691467459353, "params": {"gamma": 7.937773715501701, "prior": 5.890337727828154, "rate": 4.627919064512984}, "datetime": {"datetime": "2024-06-14 05:32:46", "elapsed": 8.688247, "delta": 0.008973}}
{"target": -579.3745995502355, "params": {"gamma": 8.934372946865443, "prior": 8.298984168823933, "rate": 0.5038590693510084}, "datetime": {"datetime": "2024-06-14 05:32:46", "elapsed": 8.697223, "delta": 0.008976}}
{"target": -446.35950299437945, "params": {"gamma": 9.629874547125452, "prior": 0.17266492836107364, "rate": 5.731748914634736}, "datetime": {"datetime": "2024-06-14 05:32:46", "elapsed": 8.707196, "delta": 0.009973}}
{"target": -310.24113540563883, "params": {"gamma": 5.7247357384538, "prior": 8.360358681426117, "rate": 3.8477759631858306}, "datetime": {"datetime": "2024-06-14 05:32:46", "elapsed": 8.716172, "delta": 0.008976}}
{"target": -162.78603358306646, "params": {"gamma": 0.911317649590776, "prior": 5.858703966752355, "rate": 0.24943375777694893}, "datetime": {"datetime": "2024-06-14 05:32:46", "elapsed": 8.726145, "delta": 0.009973}}
{"target": -194.4727199094949, "params": {"gamma": 3.618595813310707, "prior": 9.854636340644698, "rate": 8.687919916680645}, "datetime": {"datetime": "2024-06-14 05:32:46", "elapsed": 8.735122, "delta": 0.008977}}
{"target": -129.41806153372437, "params": {"gamma": 1.525814920870293, "prior": 8.008378281655215, "rate": 8.110158197295846}, "datetime": {"datetime": "2024-06-14 05:32:46", "elapsed": 8.745095, "delta": 0.009973}}
{"target": -390.1739469408397, "params": {"gamma": 9.282143984052633, "prior": 2.3214042338354473, "rate": 4.990175777525101}, "datetime": {"datetime": "2024-06-14 05:32:46", "elapsed": 8.754071, "delta": 0.008976}}
{"target": -390.7953969692953, "params": {"gamma": 8.274613470019348, "prior": 6.706604471482155, "rate": 5.939767497694312}, "datetime": {"datetime": "2024-06-14 05:32:46", "elapsed": 8.764044, "delta": 0.009973}}
{"target": -417.8794536415389, "params": {"gamma": 6.520106231886649, "prior": 2.461308526710229, "rate": 0.2563753086730316}, "datetime": {"datetime": "2024-06-14 05:32:46", "elapsed": 8.77302, "delta": 0.008976}}
{"target": -337.9063151701804, "params": {"gamma": 7.362836317207894, "prior": 3.3352390707756885, "rate": 3.7681921123145443}, "datetime": {"datetime": "2024-06-14 05:32:46", "elapsed": 8.782993, "delta": 0.009973}}
{"target": -350.9498954496639, "params": {"gamma": 6.126547925441392, "prior": 6.605933919398819, "rate": 2.0297861073278014}, "datetime": {"datetime": "2024-06-14 05:32:46", "elapsed": 8.791969, "delta": 0.008976}}
{"target": -358.5395873931172, "params": {"gamma": 8.260489346916343, "prior": 3.864045391930247, "rate": 6.317812340605414}, "datetime": {"datetime": "2024-06-14 05:32:46", "elapsed": 8.801943, "delta": 0.009974}}
{"target": -481.95492188061144, "params": {"gamma": 9.664147745107453, "prior": 5.691383729139698, "rate": 3.58975250674678}, "datetime": {"datetime": "2024-06-14 05:32:47", "elapsed": 8.811916, "delta": 0.009973}}
{"target": -299.4996850184421, "params": {"gamma": 6.1900821172926825, "prior": 5.067751868825378, "rate": 4.524310101530738}, "datetime": {"datetime": "2024-06-14 05:32:47", "elapsed": 8.820892, "delta": 0.008976}}
{"target": -382.5654600913464, "params": {"gamma": 7.32297507682793, "prior": 9.252650484842617, "rate": 4.793234881420612}, "datetime": {"datetime": "2024-06-14 05:32:47", "elapsed": 8.830373, "delta": 0.009481}}
{"target": -133.0072048438464, "params": {"gamma": 0.8832132798499579, "prior": 5.739570211172332, "rate": 2.450263600293229}, "datetime": {"datetime": "2024-06-14 05:32:47", "elapsed": 8.840346, "delta": 0.009973}}
{"target": -139.61482057050875, "params": {"gamma": 0.3967395368422162, "prior": 7.902588045772463, "rate": 2.728409598411216}, "datetime": {"datetime": "2024-06-14 05:32:47", "elapsed": 8.85032, "delta": 0.009974}}
{"target": -389.55471333881565, "params": {"gamma": 7.7709278589308965, "prior": 4.933268536573228, "rate": 3.1800409748600784}, "datetime": {"datetime": "2024-06-14 05:32:47", "elapsed": 8.859296, "delta": 0.008976}}
{"target": -168.16934640929222, "params": {"gamma": 3.1409404750589167, "prior": 0.516045124852533, "rate": 5.344463969208603}, "datetime": {"datetime": "2024-06-14 05:32:47", "elapsed": 8.869269, "delta": 0.009973}}
{"target": -372.33125613574555, "params": {"gamma": 8.235692008411606, "prior": 0.9305639897438418, "rate": 1.0864784973815673}, "datetime": {"datetime": "2024-06-14 05:32:47", "elapsed": 8.878245, "delta": 0.008976}}
{"target": -256.12893628397336, "params": {"gamma": 5.293030012750302, "prior": 6.635403915273608, "rate": 6.947765177374281}, "datetime": {"datetime": "2024-06-14 05:32:47", "elapsed": 8.888219, "delta": 0.009974}}
{"target": -167.17851698612998, "params": {"gamma": 3.1329037297737132, "prior": 0.47399998048085035, "rate": 4.146214234044257}, "datetime": {"datetime": "2024-06-14 05:32:47", "elapsed": 8.897194, "delta": 0.008975}}
{"target": -151.695865975384, "params": {"gamma": 2.2612156645820662, "prior": 0.11103681949882596, "rate": 6.857480005685141}, "datetime": {"datetime": "2024-06-14 05:32:47", "elapsed": 8.907168, "delta": 0.009974}}
{"target": -459.26361765616826, "params": {"gamma": 9.520673328006277, "prior": 3.9724024292967792, "rate": 3.0036839952852596}, "datetime": {"datetime": "2024-06-14 05:32:47", "elapsed": 8.916144, "delta": 0.008976}}
{"target": -270.1831956167987, "params": {"gamma": 5.537964374290343, "prior": 8.534564954842326, "rate": 7.9498792795045405}, "datetime": {"datetime": "2024-06-14 05:32:47", "elapsed": 8.926117, "delta": 0.009973}}
{"target": -304.991827888628, "params": {"gamma": 6.847882293080787, "prior": 4.377860203867094, "rate": 6.904649764523284}, "datetime": {"datetime": "2024-06-14 05:32:47", "elapsed": 8.936091, "delta": 0.009974}}
{"target": -137.8132148851785, "params": {"gamma": 2.161037487164819, "prior": 2.911040034677843, "rate": 7.778428288392944}, "datetime": {"datetime": "2024-06-14 05:32:47", "elapsed": 8.945066, "delta": 0.008975}}
{"target": -402.89901133647544, "params": {"gamma": 9.299871383327218, "prior": 1.9814900858052293, "rate": 2.9613368308929076}, "datetime": {"datetime": "2024-06-14 05:32:47", "elapsed": 8.95504, "delta": 0.009974}}
{"target": -149.2101530368513, "params": {"gamma": 0.06309646163797043, "prior": 4.372466228275976, "rate": 2.103740422454257}, "datetime": {"datetime": "2024-06-14 05:32:47", "elapsed": 8.964016, "delta": 0.008976}}
{"target": -394.42343190289995, "params": {"gamma": 6.414606400753661, "prior": 7.124933235213273, "rate": 1.188658366270452}, "datetime": {"datetime": "2024-06-14 05:32:47", "elapsed": 8.973989, "delta": 0.009973}}
{"target": -132.93997511976886, "params": {"gamma": 0.8223578763172843, "prior": 9.072717188845324, "rate": 3.8929983086548985}, "datetime": {"datetime": "2024-06-14 05:32:47", "elapsed": 8.982965, "delta": 0.008976}}
{"target": -267.9508799744828, "params": {"gamma": 5.334501569162878, "prior": 9.636091492645338, "rate": 7.590781068151137}, "datetime": {"datetime": "2024-06-14 05:32:47", "elapsed": 8.992938, "delta": 0.009973}}
{"target": -169.7861528381026, "params": {"gamma": 3.256077435692296, "prior": 0.9499080810909061, "rate": 5.360704142867423}, "datetime": {"datetime": "2024-06-14 05:32:47", "elapsed": 9.001915, "delta": 0.008977}}
{"target": -181.7222757641319, "params": {"gamma": 3.3619183039303744, "prior": 0.31468550480840884, "rate": 7.711752180204535}, "datetime": {"datetime": "2024-06-14 05:32:47", "elapsed": 9.011888, "delta": 0.009973}}
{"target": -195.67103734280607, "params": {"gamma": 3.849706389409975, "prior": 5.756079385581481, "rate": 7.557672815106508}, "datetime": {"datetime": "2024-06-14 05:32:47", "elapsed": 9.021861, "delta": 0.009973}}
{"target": -487.72496375120625, "params": {"gamma": 9.408533351590556, "prior": 6.161991152977763, "rate": 3.1546463916226513}, "datetime": {"datetime": "2024-06-14 05:32:47", "elapsed": 9.03084, "delta": 0.008979}}
{"target": -117.97144120210083, "params": {"gamma": 1.1016550019623323, "prior": 0.8317969903215949, "rate": 3.197588047953422}, "datetime": {"datetime": "2024-06-14 05:32:47", "elapsed": 9.040813, "delta": 0.009973}}
{"target": -378.41913147382303, "params": {"gamma": 6.608730550421095, "prior": 6.982005440804134, "rate": 2.0779726825898135}, "datetime": {"datetime": "2024-06-14 05:32:47", "elapsed": 9.049789, "delta": 0.008976}}
{"target": -120.35979453039008, "params": {"gamma": 0.8288765899448861, "prior": 3.1245555467317083, "rate": 5.476198023985873}, "datetime": {"datetime": "2024-06-14 05:32:47", "elapsed": 9.059762, "delta": 0.009973}}
{"target": -391.21094305539776, "params": {"gamma": 7.546942075074172, "prior": 5.343607473643421, "rate": 2.8705505437179983}, "datetime": {"datetime": "2024-06-14 05:32:47", "elapsed": 9.069736, "delta": 0.009974}}
{"target": -275.0324172980701, "params": {"gamma": 6.242173052915846, "prior": 2.7218828862443387, "rate": 6.527276450430897}, "datetime": {"datetime": "2024-06-14 05:32:47", "elapsed": 9.078522, "delta": 0.008786}}
{"target": -397.5972531222357, "params": {"gamma": 8.419138180259552, "prior": 6.425583421647474, "rate": 5.656749058298363}, "datetime": {"datetime": "2024-06-14 05:32:47", "elapsed": 9.088496, "delta": 0.009974}}
{"target": -170.60166174930788, "params": {"gamma": 3.072113950599342, "prior": 8.780092695385816, "rate": 9.888230025288278}, "datetime": {"datetime": "2024-06-14 05:32:47", "elapsed": 9.098469, "delta": 0.009973}}
{"target": -453.2269193705074, "params": {"gamma": 7.775016832668201, "prior": 5.779074189947149, "rate": 1.4136520470773757}, "datetime": {"datetime": "2024-06-14 05:32:47", "elapsed": 9.107445, "delta": 0.008976}}
{"target": -179.4239219025193, "params": {"gamma": 3.1499752949036433, "prior": 3.731907254052719, "rate": 2.9196603150536307}, "datetime": {"datetime": "2024-06-14 05:32:47", "elapsed": 9.117418, "delta": 0.009973}}
{"target": -259.9573499706434, "params": {"gamma": 4.46008219467453, "prior": 6.145261916989693, "rate": 2.129932990561121}, "datetime": {"datetime": "2024-06-14 05:32:47", "elapsed": 9.127391, "delta": 0.009973}}
{"target": -146.98358389562384, "params": {"gamma": 2.4983477831127514, "prior": 1.2102897838888582, "rate": 3.07657830315885}, "datetime": {"datetime": "2024-06-14 05:32:47", "elapsed": 9.136367, "delta": 0.008976}}
{"target": -230.58498370568978, "params": {"gamma": 4.9749853375678486, "prior": 4.949097068629873, "rate": 9.955776541252115}, "datetime": {"datetime": "2024-06-14 05:32:47", "elapsed": 9.14634, "delta": 0.009973}}
{"target": -409.7634099319549, "params": {"gamma": 9.811104522073206, "prior": 4.421971439643317, "rate": 9.720234197281384}, "datetime": {"datetime": "2024-06-14 05:32:47", "elapsed": 9.155317, "delta": 0.008977}}
{"target": -145.6740769764928, "params": {"gamma": 2.1447646438539647, "prior": 5.457096772478638, "rate": 4.534899709382847}, "datetime": {"datetime": "2024-06-14 05:32:47", "elapsed": 9.16529, "delta": 0.009973}}
{"target": -557.120103957466, "params": {"gamma": 9.67612136622795, "prior": 8.37814460904005, "rate": 2.142255100882632}, "datetime": {"datetime": "2024-06-14 05:32:47", "elapsed": 9.174266, "delta": 0.008976}}
{"target": -207.69524846857394, "params": {"gamma": 4.395951482451757, "prior": 1.7679220192998268, "rate": 5.29134301734205}, "datetime": {"datetime": "2024-06-14 05:32:47", "elapsed": 9.18424, "delta": 0.009974}}
{"target": -337.26713745697697, "params": {"gamma": 7.935053256996167, "prior": 0.45520357476356577, "rate": 1.9143974164796644}, "datetime": {"datetime": "2024-06-14 05:32:47", "elapsed": 9.193215, "delta": 0.008975}}
{"target": -495.03704197552355, "params": {"gamma": 9.77457818836577, "prior": 9.611893329604383, "rate": 5.566359999361917}, "datetime": {"datetime": "2024-06-14 05:32:47", "elapsed": 9.203189, "delta": 0.009974}}
{"target": -281.6876288294579, "params": {"gamma": 6.461261124237896, "prior": 2.7937208415034163, "rate": 9.520958766042686}, "datetime": {"datetime": "2024-06-14 05:32:47", "elapsed": 9.213162, "delta": 0.009973}}
{"target": -478.03097577944357, "params": {"gamma": 6.698078288466073, "prior": 6.701399151873741, "rate": 0.11202223036585872}, "datetime": {"datetime": "2024-06-14 05:32:47", "elapsed": 9.222756, "delta": 0.009594}}
{"target": -402.7277690761745, "params": {"gamma": 8.529845528647078, "prior": 7.805429564933998, "rate": 6.849555045051163}, "datetime": {"datetime": "2024-06-14 05:32:47", "elapsed": 9.231732, "delta": 0.008976}}
{"target": -317.71497147127565, "params": {"gamma": 7.4080773483828315, "prior": 1.6500670035239342, "rate": 7.188031753433652}, "datetime": {"datetime": "2024-06-14 05:32:47", "elapsed": 9.241706, "delta": 0.009974}}
{"target": -175.81688812299942, "params": {"gamma": 0.9690872885214075, "prior": 7.098799535582478, "rate": 0.027315329458906884}, "datetime": {"datetime": "2024-06-14 05:32:47", "elapsed": 9.250682, "delta": 0.008976}}
{"target": -420.17863117614274, "params": {"gamma": 7.76228166881635, "prior": 4.96641612933724, "rate": 2.044664276112351}, "datetime": {"datetime": "2024-06-14 05:32:47", "elapsed": 9.260655, "delta": 0.009973}}
{"target": -312.81484317294814, "params": {"gamma": 7.292736897839507, "prior": 3.2249759046532924, "rate": 8.83829208238512}, "datetime": {"datetime": "2024-06-14 05:32:47", "elapsed": 9.270181, "delta": 0.009526}}
{"target": -134.6911094571411, "params": {"gamma": 1.803155018796988, "prior": 9.39165147743165, "rate": 9.707530730383564}, "datetime": {"datetime": "2024-06-14 05:32:47", "elapsed": 9.280154, "delta": 0.009973}}
