{"target": -264.01648020924256, "params": {"gamma": 3.957087074403221, "prior": 7.740012975913038, "rate": 2.512780630310517}, "datetime": {"datetime": "2024-06-14 05:06:43", "elapsed": 5.357968, "delta": 0.008975}}
{"target": -521.695438662297, "params": {"gamma": 6.557951918265758, "prior": 9.60793176737818, "rate": 0.03654404988379601}, "datetime": {"datetime": "2024-06-14 05:06:43", "elapsed": 5.367942, "delta": 0.009974}}
{"target": -280.6263473473473, "params": {"gamma": 7.233887082898668, "prior": 1.1790508359034728, "rate": 5.438331129146589}, "datetime": {"datetime": "2024-06-14 05:06:43", "elapsed": 5.376918, "delta": 0.008976}}
{"target": -251.53231660766338, "params": {"gamma": 6.269533250786666, "prior": 2.5051765451309316, "rate": 9.138524908590835}, "datetime": {"datetime": "2024-06-14 05:06:43", "elapsed": 5.385894, "delta": 0.008976}}
{"target": -251.78016883667874, "params": {"gamma": 6.223502974387487, "prior": 2.393777444809113, "rate": 7.701551743810476}, "datetime": {"datetime": "2024-06-14 05:06:43", "elapsed": 5.394869, "delta": 0.008975}}
{"target": -154.70841545698354, "params": {"gamma": 1.0559652928933503, "prior": 5.596730653460311, "rate": 0.9504657419551125}, "datetime": {"datetime": "2024-06-14 05:06:43", "elapsed": 5.403846, "delta": 0.008977}}
{"target": -245.1502433395314, "params": {"gamma": 5.810259742677521, "prior": 2.604503115929865, "rate": 6.495018612739509}, "datetime": {"datetime": "2024-06-14 05:06:43", "elapsed": 5.412822, "delta": 0.008976}}
{"target": -335.51993591372957, "params": {"gamma": 7.158553701628942, "prior": 5.289437584229746, "rate": 6.575556555623399}, "datetime": {"datetime": "2024-06-14 05:06:43", "elapsed": 5.421798, "delta": 0.008976}}
{"target": -426.086387736333, "params": {"gamma": 8.133125159405232, "prior": 8.094371489266019, "rate": 6.197200238546574}, "datetime": {"datetime": "2024-06-14 05:06:43", "elapsed": 5.430774, "delta": 0.008976}}
{"target": -208.65255678459218, "params": {"gamma": 4.511573518745629, "prior": 4.1387048915689375, "rate": 8.74760145142373}, "datetime": {"datetime": "2024-06-14 05:06:43", "elapsed": 5.43975, "delta": 0.008976}}
{"target": -279.1401938195565, "params": {"gamma": 7.029614389411599, "prior": 1.9308567214966765, "rate": 5.657755734146004}, "datetime": {"datetime": "2024-06-14 05:06:43", "elapsed": 5.448726, "delta": 0.008976}}
{"target": -340.2678206978246, "params": {"gamma": 9.08817151496827, "prior": 1.5918309232578849, "rate": 8.455331237631533}, "datetime": {"datetime": "2024-06-14 05:06:43", "elapsed": 5.457702, "delta": 0.008976}}
{"target": -574.7599146442863, "params": {"gamma": 8.202204460687183, "prior": 5.043476902848561, "rate": 0.37680093100554635}, "datetime": {"datetime": "2024-06-14 05:06:43", "elapsed": 5.466679, "delta": 0.008977}}
{"target": -185.52450520732432, "params": {"gamma": 1.4758775514639575, "prior": 9.234123077417845, "rate": 0.4425038055225927}, "datetime": {"datetime": "2024-06-14 05:06:43", "elapsed": 5.475683, "delta": 0.009004}}
{"target": -252.89227482860846, "params": {"gamma": 3.7256151652871896, "prior": 6.228492383782162, "rate": 1.9702834411012529}, "datetime": {"datetime": "2024-06-14 05:06:43", "elapsed": 5.48463, "delta": 0.008947}}
{"target": -364.99354908889455, "params": {"gamma": 9.810816492645733, "prior": 1.6441548071298822, "rate": 5.3972522724175835}, "datetime": {"datetime": "2024-06-14 05:06:43", "elapsed": 5.493605, "delta": 0.008975}}
{"target": -267.4286512493561, "params": {"gamma": 6.180495232142101, "prior": 2.3868004918300687, "rate": 4.663623583104205}, "datetime": {"datetime": "2024-06-14 05:06:43", "elapsed": 5.502582, "delta": 0.008977}}
{"target": -266.53136077656234, "params": {"gamma": 4.91059428280016, "prior": 7.691937525632765, "rate": 6.343173246985961}, "datetime": {"datetime": "2024-06-14 05:06:43", "elapsed": 5.511558, "delta": 0.008976}}
{"target": -266.54131636746723, "params": {"gamma": 4.676032980600331, "prior": 6.702731177620354, "rate": 4.534320887795462}, "datetime": {"datetime": "2024-06-14 05:06:43", "elapsed": 5.520563, "delta": 0.009005}}
{"target": -343.1503839370075, "params": {"gamma": 5.257590201822755, "prior": 6.619823611427782, "rate": 1.8127726241566626}, "datetime": {"datetime": "2024-06-14 05:06:43", "elapsed": 5.531505, "delta": 0.010942}}
{"target": -342.2329123034908, "params": {"gamma": 7.8807074621719, "prior": 6.068366841630134, "rate": 9.80334851848814}, "datetime": {"datetime": "2024-06-14 05:06:43", "elapsed": 5.547464, "delta": 0.015959}}
{"target": -144.04052115250065, "params": {"gamma": 2.2246095521182263, "prior": 4.716038094249078, "rate": 8.956522384191866}, "datetime": {"datetime": "2024-06-14 05:06:43", "elapsed": 5.558433, "delta": 0.010969}}
{"target": -343.65889401985817, "params": {"gamma": 6.014732663578183, "prior": 7.286992573903269, "rate": 4.137287971849402}, "datetime": {"datetime": "2024-06-14 05:06:43", "elapsed": 5.569433, "delta": 0.011}}
{"target": -449.35789401478434, "params": {"gamma": 6.843411908691368, "prior": 9.465944795490875, "rate": 2.0026604713274816}, "datetime": {"datetime": "2024-06-14 05:06:43", "elapsed": 5.578408, "delta": 0.008975}}
{"target": -604.6161588845679, "params": {"gamma": 8.073845273509328, "prior": 9.698426319788975, "rate": 0.146672748901554}, "datetime": {"datetime": "2024-06-14 05:06:43", "elapsed": 5.587356, "delta": 0.008948}}
{"target": -137.12515440449206, "params": {"gamma": 2.152880656357681, "prior": 1.2620315110999845, "rate": 7.674467753896792}, "datetime": {"datetime": "2024-06-14 05:06:43", "elapsed": 5.596331, "delta": 0.008975}}
{"target": -139.23398554162304, "params": {"gamma": 0.8130846428413901, "prior": 9.984294230049985, "rate": 3.8967305467771722}, "datetime": {"datetime": "2024-06-14 05:06:43", "elapsed": 5.605307, "delta": 0.008976}}
{"target": -359.53441801108, "params": {"gamma": 9.05212245656447, "prior": 1.9669182746447318, "rate": 4.409281126023087}, "datetime": {"datetime": "2024-06-14 05:06:43", "elapsed": 5.614283, "delta": 0.008976}}
{"target": -440.9440925818318, "params": {"gamma": 8.448273378243028, "prior": 5.993170828665236, "rate": 4.6221188088168805}, "datetime": {"datetime": "2024-06-14 05:06:43", "elapsed": 5.623259, "delta": 0.008976}}
{"target": -281.02902599990915, "params": {"gamma": 5.12698481782442, "prior": 5.781466716234239, "rate": 4.403751756648346}, "datetime": {"datetime": "2024-06-14 05:06:43", "elapsed": 5.632235, "delta": 0.008976}}
{"target": -143.33368651787953, "params": {"gamma": 1.936396018280381, "prior": 1.2282610384459451, "rate": 1.5131280457741099}, "datetime": {"datetime": "2024-06-14 05:06:44", "elapsed": 5.641211, "delta": 0.008976}}
{"target": -126.12898278162973, "params": {"gamma": 0.5258571475674859, "prior": 5.630896469529952, "rate": 8.47736241934607}, "datetime": {"datetime": "2024-06-14 05:06:44", "elapsed": 5.650187, "delta": 0.008976}}
{"target": -173.32014315545177, "params": {"gamma": 3.5918342699021832, "prior": 0.8455776390945964, "rate": 4.257818395439178}, "datetime": {"datetime": "2024-06-14 05:06:44", "elapsed": 5.659163, "delta": 0.008976}}
{"target": -263.7576369073162, "params": {"gamma": 6.020476376881542, "prior": 4.311494309198812, "rate": 8.107401614840093}, "datetime": {"datetime": "2024-06-14 05:06:44", "elapsed": 5.668139, "delta": 0.008976}}
{"target": -483.63883785470284, "params": {"gamma": 9.418920575620866, "prior": 8.71211665535671, "rate": 7.040290983300606}, "datetime": {"datetime": "2024-06-14 05:06:44", "elapsed": 5.677115, "delta": 0.008976}}
{"target": -381.46676970337984, "params": {"gamma": 4.7035189488969715, "prior": 6.858710624742188, "rate": 0.13516968725473882}, "datetime": {"datetime": "2024-06-14 05:06:44", "elapsed": 5.687118, "delta": 0.010003}}
{"target": -362.68200175618693, "params": {"gamma": 9.824798706901937, "prior": 1.8035655851060701, "rate": 9.062697699220857}, "datetime": {"datetime": "2024-06-14 05:06:44", "elapsed": 5.69809, "delta": 0.010972}}
{"target": -495.57112974614654, "params": {"gamma": 8.071291906759395, "prior": 8.02138287543118, "rate": 2.690091641792864}, "datetime": {"datetime": "2024-06-14 05:06:44", "elapsed": 5.707035, "delta": 0.008945}}
{"target": -142.89368051751728, "params": {"gamma": 2.1923189037668234, "prior": 4.345126859849478, "rate": 8.493861636205818}, "datetime": {"datetime": "2024-06-14 05:06:44", "elapsed": 5.716011, "delta": 0.008976}}
{"target": -286.8100576076286, "params": {"gamma": 4.5043460450747315, "prior": 9.360659128669912, "rate": 3.5274405931901285}, "datetime": {"datetime": "2024-06-14 05:06:44", "elapsed": 5.724987, "delta": 0.008976}}
{"target": -342.639176016242, "params": {"gamma": 6.194302264801901, "prior": 9.808920459922224, "rate": 6.434981759885809}, "datetime": {"datetime": "2024-06-14 05:06:44", "elapsed": 5.73496, "delta": 0.009973}}
{"target": -132.6880242027115, "params": {"gamma": 0.45593666218999723, "prior": 4.6892152004219465, "rate": 3.348178685792924}, "datetime": {"datetime": "2024-06-14 05:06:44", "elapsed": 5.743937, "delta": 0.008977}}
{"target": -325.499252710811, "params": {"gamma": 5.322283303668225, "prior": 2.9189874652700007, "rate": 1.223490041069798}, "datetime": {"datetime": "2024-06-14 05:06:44", "elapsed": 5.752913, "delta": 0.008976}}
{"target": -314.30160603006755, "params": {"gamma": 6.683221598519268, "prior": 6.845461573423933, "rate": 8.671525860690885}, "datetime": {"datetime": "2024-06-14 05:06:44", "elapsed": 5.761919, "delta": 0.009006}}
{"target": -133.0277209187439, "params": {"gamma": 1.3246825541338114, "prior": 8.006341051952507, "rate": 8.267860615312884}, "datetime": {"datetime": "2024-06-14 05:06:44", "elapsed": 5.770865, "delta": 0.008946}}
{"target": -307.6629351480827, "params": {"gamma": 6.465852807575769, "prior": 2.128729243228275, "rate": 2.6149457233439732}, "datetime": {"datetime": "2024-06-14 05:06:44", "elapsed": 5.779841, "delta": 0.008976}}
{"target": -231.88566385794473, "params": {"gamma": 4.185549678574218, "prior": 5.46381082054904, "rate": 4.774902117966579}, "datetime": {"datetime": "2024-06-14 05:06:44", "elapsed": 5.788816, "delta": 0.008975}}
{"target": -244.19531614686093, "params": {"gamma": 4.67513146056165, "prior": 8.414423030956907, "rate": 8.70115355071037}, "datetime": {"datetime": "2024-06-14 05:06:44", "elapsed": 5.797793, "delta": 0.008977}}
{"target": -444.2494545906484, "params": {"gamma": 8.16772288980329, "prior": 8.790234044483526, "rate": 5.710516610608794}, "datetime": {"datetime": "2024-06-14 05:06:44", "elapsed": 5.806769, "delta": 0.008976}}
{"target": -469.3352442082062, "params": {"gamma": 9.64039729725748, "prior": 6.104789047679629, "rate": 6.039873463055735}, "datetime": {"datetime": "2024-06-14 05:06:44", "elapsed": 5.815745, "delta": 0.008976}}
{"target": -264.1782902235322, "params": {"gamma": 3.193658073009114, "prior": 6.843921422758488, "rate": 0.5206049193651046}, "datetime": {"datetime": "2024-06-14 05:06:44", "elapsed": 5.82472, "delta": 0.008975}}
{"target": -121.54520953894622, "params": {"gamma": 1.3463296636984106, "prior": 1.3893974589703744, "rate": 6.5523576709601326}, "datetime": {"datetime": "2024-06-14 05:06:44", "elapsed": 5.833697, "delta": 0.008977}}
{"target": -182.45088352611967, "params": {"gamma": 1.7541505851216117, "prior": 3.4773535501903177, "rate": 0.44407224667521283}, "datetime": {"datetime": "2024-06-14 05:06:44", "elapsed": 5.84367, "delta": 0.009973}}
{"target": -173.9484018657771, "params": {"gamma": 2.33810986680499, "prior": 9.645820816008012, "rate": 5.091884885761161}, "datetime": {"datetime": "2024-06-14 05:06:44", "elapsed": 5.852646, "delta": 0.008976}}
{"target": -129.53759037540297, "params": {"gamma": 1.5115941101958479, "prior": 5.277784464171196, "rate": 9.435150329726897}, "datetime": {"datetime": "2024-06-14 05:06:44", "elapsed": 5.861622, "delta": 0.008976}}
{"target": -459.74515172520216, "params": {"gamma": 8.656994454049334, "prior": 3.98145210241083, "rate": 2.8393912922180533}, "datetime": {"datetime": "2024-06-14 05:06:44", "elapsed": 5.870598, "delta": 0.008976}}
{"target": -372.8109289448201, "params": {"gamma": 7.617536897064726, "prior": 2.4807948155505692, "rate": 2.5430693142188665}, "datetime": {"datetime": "2024-06-14 05:06:44", "elapsed": 5.879575, "delta": 0.008977}}
{"target": -135.9980347720245, "params": {"gamma": 0.841779455445115, "prior": 8.655026538163867, "rate": 4.4795412572871784}, "datetime": {"datetime": "2024-06-14 05:06:44", "elapsed": 5.888579, "delta": 0.009004}}
{"target": -281.29174012047827, "params": {"gamma": 5.618300819839127, "prior": 7.393438481165847, "rate": 7.965092182444826}, "datetime": {"datetime": "2024-06-14 05:06:44", "elapsed": 5.897526, "delta": 0.008947}}
{"target": -197.79034652695938, "params": {"gamma": 4.475633881764149, "prior": 1.9228628061404038, "rate": 8.287499782431489}, "datetime": {"datetime": "2024-06-14 05:06:44", "elapsed": 5.907499, "delta": 0.009973}}
{"target": -135.71802620618345, "params": {"gamma": 0.3109486003227299, "prior": 9.47260986911873, "rate": 5.770201486928539}, "datetime": {"datetime": "2024-06-14 05:06:44", "elapsed": 5.916475, "delta": 0.008976}}
{"target": -518.9226543984007, "params": {"gamma": 8.754011995768419, "prior": 6.124797826038231, "rate": 2.5173441819390847}, "datetime": {"datetime": "2024-06-14 05:06:44", "elapsed": 5.925451, "delta": 0.008976}}
{"target": -164.8879685558879, "params": {"gamma": 2.962003105035548, "prior": 5.375933334413366, "rate": 9.620820050258088}, "datetime": {"datetime": "2024-06-14 05:06:44", "elapsed": 5.934427, "delta": 0.008976}}
{"target": -152.29343950893488, "params": {"gamma": 1.8457715492972864, "prior": 5.147993943616779, "rate": 3.4385372462650072}, "datetime": {"datetime": "2024-06-14 05:06:44", "elapsed": 5.943403, "delta": 0.008976}}
{"target": -438.5373413575174, "params": {"gamma": 7.697483724226901, "prior": 8.048378215680998, "rate": 4.246174543111865}, "datetime": {"datetime": "2024-06-14 05:06:44", "elapsed": 5.952379, "delta": 0.008976}}
{"target": -136.63651927210944, "params": {"gamma": 2.042020877443364, "prior": 0.7641856572556677, "rate": 1.9872839959411943}, "datetime": {"datetime": "2024-06-14 05:06:44", "elapsed": 5.961355, "delta": 0.008976}}
{"target": -162.17056816791415, "params": {"gamma": 2.7247361004436925, "prior": 6.028010287301183, "rate": 8.730961889247082}, "datetime": {"datetime": "2024-06-14 05:06:44", "elapsed": 5.970331, "delta": 0.008976}}
{"target": -137.69713163669834, "params": {"gamma": 1.2831811575160175, "prior": 9.58606854297747, "rate": 6.832025267697611}, "datetime": {"datetime": "2024-06-14 05:06:44", "elapsed": 5.979307, "delta": 0.008976}}
{"target": -440.98441819721614, "params": {"gamma": 7.419900392548125, "prior": 9.830519780617808, "rate": 4.161591625408803}, "datetime": {"datetime": "2024-06-14 05:06:44", "elapsed": 5.988283, "delta": 0.008976}}
{"target": -290.70157647991834, "params": {"gamma": 5.316303075493122, "prior": 6.824208206937614, "rate": 5.129238550757324}, "datetime": {"datetime": "2024-06-14 05:06:44", "elapsed": 5.99726, "delta": 0.008977}}
{"target": -160.4888528081162, "params": {"gamma": 2.991824334263695, "prior": 1.143308260027389, "rate": 2.8500365250757254}, "datetime": {"datetime": "2024-06-14 05:06:44", "elapsed": 6.006235, "delta": 0.008975}}
{"target": -357.7373341721448, "params": {"gamma": 7.688759630029292, "prior": 6.443748774073277, "rate": 8.013505701328722}, "datetime": {"datetime": "2024-06-14 05:06:44", "elapsed": 6.015211, "delta": 0.008976}}
{"target": -223.65495538069976, "params": {"gamma": 5.171688199172296, "prior": 2.3977902162787172, "rate": 6.279991307892046}, "datetime": {"datetime": "2024-06-14 05:06:44", "elapsed": 6.024187, "delta": 0.008976}}
{"target": -170.80750247930087, "params": {"gamma": 3.040750894733009, "prior": 0.39233457492600754, "rate": 9.03340843699194}, "datetime": {"datetime": "2024-06-14 05:06:44", "elapsed": 6.033164, "delta": 0.008977}}
{"target": -205.04744780094532, "params": {"gamma": 4.2042753184590484, "prior": 4.318694726204651, "rate": 7.412776101583259}, "datetime": {"datetime": "2024-06-14 05:06:44", "elapsed": 6.042139, "delta": 0.008975}}
{"target": -379.3663637499202, "params": {"gamma": 9.484635584653631, "prior": 0.8179037276500872, "rate": 1.7278381802346168}, "datetime": {"datetime": "2024-06-14 05:06:44", "elapsed": 6.05219, "delta": 0.010051}}
{"target": -171.04684435092562, "params": {"gamma": 3.224252533837974, "prior": 2.5594000386689704, "rate": 4.9554543186305695}, "datetime": {"datetime": "2024-06-14 05:06:44", "elapsed": 6.061166, "delta": 0.008976}}
{"target": -441.2583308848959, "params": {"gamma": 8.244771648366036, "prior": 8.55432690792754, "rate": 5.958703590644958}, "datetime": {"datetime": "2024-06-14 05:06:44", "elapsed": 6.071138, "delta": 0.009972}}
{"target": -142.76435366184305, "params": {"gamma": 2.4024971645768356, "prior": 1.9462776138995845, "rate": 7.434161733507989}, "datetime": {"datetime": "2024-06-14 05:06:44", "elapsed": 6.080143, "delta": 0.009005}}
{"target": -152.9725463933118, "params": {"gamma": 2.372903362377833, "prior": 5.440959820172842, "rate": 7.493058590484791}, "datetime": {"datetime": "2024-06-14 05:06:44", "elapsed": 6.08909, "delta": 0.008947}}
{"target": -193.7971199130537, "params": {"gamma": 2.283262797049244, "prior": 1.8275617569701659, "rate": 0.39831713007193664}, "datetime": {"datetime": "2024-06-14 05:06:44", "elapsed": 6.098621, "delta": 0.009531}}
{"target": -172.50390025165615, "params": {"gamma": 1.4765408081617755, "prior": 8.52924517877521, "rate": 1.0472544815378406}, "datetime": {"datetime": "2024-06-14 05:06:44", "elapsed": 6.107597, "delta": 0.008976}}
{"target": -143.96194999843047, "params": {"gamma": 2.2372268102276505, "prior": 0.4242962774851736, "rate": 6.763889997877335}, "datetime": {"datetime": "2024-06-14 05:06:44", "elapsed": 6.115984, "delta": 0.008387}}
{"target": -184.98460103086123, "params": {"gamma": 2.317799711505731, "prior": 4.194558006237466, "rate": 1.393872412065944}, "datetime": {"datetime": "2024-06-14 05:06:44", "elapsed": 6.12496, "delta": 0.008976}}
{"target": -205.7479763892425, "params": {"gamma": 3.772795658827454, "prior": 4.301930915772191, "rate": 4.730176553648271}, "datetime": {"datetime": "2024-06-14 05:06:44", "elapsed": 6.133936, "delta": 0.008976}}
{"target": -194.10867210450945, "params": {"gamma": 4.228995288573093, "prior": 1.1172899823542268, "rate": 7.72603008604881}, "datetime": {"datetime": "2024-06-14 05:06:44", "elapsed": 6.143909, "delta": 0.009973}}
{"target": -141.36380180028104, "params": {"gamma": 1.3729228288956241, "prior": 4.300494505825538, "rate": 2.7202891684153423}, "datetime": {"datetime": "2024-06-14 05:06:44", "elapsed": 6.152885, "delta": 0.008976}}
{"target": -188.9667351876138, "params": {"gamma": 3.0107784228559833, "prior": 6.756965648605682, "rate": 5.178349451410332}, "datetime": {"datetime": "2024-06-14 05:06:44", "elapsed": 6.161861, "delta": 0.008976}}
{"target": -152.50215451335438, "params": {"gamma": 1.9016804177489257, "prior": 4.744430954350433, "rate": 3.396069147094239}, "datetime": {"datetime": "2024-06-14 05:06:44", "elapsed": 6.170837, "delta": 0.008976}}
{"target": -275.4539780930679, "params": {"gamma": 7.045267485283013, "prior": 2.338342504082235, "rate": 8.450036385446094}, "datetime": {"datetime": "2024-06-14 05:06:44", "elapsed": 6.179813, "delta": 0.008976}}
{"target": -312.26309107139105, "params": {"gamma": 5.262770419251413, "prior": 5.056133771938582, "rate": 2.537604383069914}, "datetime": {"datetime": "2024-06-14 05:06:44", "elapsed": 6.188789, "delta": 0.008976}}
{"target": -134.86046547564283, "params": {"gamma": 1.8623705416969032, "prior": 4.771008721102208, "rate": 9.818262353834747}, "datetime": {"datetime": "2024-06-14 05:06:44", "elapsed": 6.197765, "delta": 0.008976}}
{"target": -123.38724387684387, "params": {"gamma": 1.3299294703806088, "prior": 2.9062780810377657, "rate": 8.006611101660276}, "datetime": {"datetime": "2024-06-14 05:06:44", "elapsed": 6.206741, "delta": 0.008976}}
{"target": -323.83504434867655, "params": {"gamma": 6.648104208209039, "prior": 2.859708246065027, "rate": 3.1471614201443434}, "datetime": {"datetime": "2024-06-14 05:06:44", "elapsed": 6.215717, "delta": 0.008976}}
{"target": -218.9697570316117, "params": {"gamma": 4.200062595764889, "prior": 6.067588946198732, "rate": 7.193668333443535}, "datetime": {"datetime": "2024-06-14 05:06:44", "elapsed": 6.224693, "delta": 0.008976}}
{"target": -522.505708948513, "params": {"gamma": 8.573146034178855, "prior": 6.843003557538256, "rate": 2.370583662652512}, "datetime": {"datetime": "2024-06-14 05:06:44", "elapsed": 6.233669, "delta": 0.008976}}
{"target": -551.8124988786556, "params": {"gamma": 9.257279632827263, "prior": 7.833834466690084, "rate": 3.0745074227980154}, "datetime": {"datetime": "2024-06-14 05:06:44", "elapsed": 6.242645, "delta": 0.008976}}
{"target": -241.54170342347516, "params": {"gamma": 3.0503514507789897, "prior": 8.823566352446155, "rate": 1.2616587254915876}, "datetime": {"datetime": "2024-06-14 05:06:44", "elapsed": 6.251621, "delta": 0.008976}}
{"target": -257.42888901187575, "params": {"gamma": 6.334974881523022, "prior": 2.8493560514869, "rate": 8.272176051067923}, "datetime": {"datetime": "2024-06-14 05:06:44", "elapsed": 6.260597, "delta": 0.008976}}
{"target": -255.40170328957623, "params": {"gamma": 3.645869952111327, "prior": 7.360324335241457, "rate": 1.9249864862469743}, "datetime": {"datetime": "2024-06-14 05:06:44", "elapsed": 6.270326, "delta": 0.009729}}
{"target": -290.06991610904157, "params": {"gamma": 4.814977529509854, "prior": 8.05558680166717, "rate": 3.9704851285120673}, "datetime": {"datetime": "2024-06-14 05:06:44", "elapsed": 6.2793, "delta": 0.008974}}
