{"target": -112.67181076485505, "params": {"p_ai": 9.124683586378131, "p_al": 2.199352444759846, "p_ex": 9.88264881287327, "prior": 4.016014561459776, "rate": 0.9232440433930157}, "datetime": {"datetime": "2024-06-12 22:00:18", "elapsed": 128.590138, "delta": 0.110004}}
{"target": -121.60878444637913, "params": {"p_ai": 1.368611993565815, "p_al": 4.771246207156717, "p_ex": 0.610416790815096, "prior": 2.519602463648642, "rate": 7.950227595281238}, "datetime": {"datetime": "2024-06-12 22:00:18", "elapsed": 128.700763, "delta": 0.110625}}
{"target": -155.05641166816645, "params": {"p_ai": 7.853533926637729, "p_al": 8.108387517165163, "p_ex": 0.4635818527703097, "prior": 7.664723550746957, "rate": 8.068658621836198}, "datetime": {"datetime": "2024-06-12 22:00:18", "elapsed": 128.810469, "delta": 0.109706}}
{"target": -114.43537937824959, "params": {"p_ai": 0.1614807233633352, "p_al": 3.9138880156429727, "p_ex": 8.655905140222567, "prior": 9.58478787486283, "rate": 9.195999821230458}, "datetime": {"datetime": "2024-06-12 22:00:18", "elapsed": 128.920349, "delta": 0.10988}}
{"target": -87.91221677120757, "params": {"p_ai": 5.470332354994583, "p_al": 3.0999028075571977, "p_ex": 5.8930606960830385, "prior": 5.960308888277244, "rate": 6.645853962048891}, "datetime": {"datetime": "2024-06-12 22:00:18", "elapsed": 129.03095, "delta": 0.110601}}
{"target": -206.12997770921697, "params": {"p_ai": 5.908559431560412, "p_al": 8.680686431625688, "p_ex": 3.740404346465307, "prior": 2.440921336719614, "rate": 0.20584523782095557}, "datetime": {"datetime": "2024-06-12 22:00:18", "elapsed": 129.141282, "delta": 0.110332}}
{"target": -97.32460579113396, "params": {"p_ai": 2.3276534032092466, "p_al": 1.6168548897981316, "p_ex": 2.382365800220145, "prior": 8.809750700685962, "rate": 7.316262724399225}, "datetime": {"datetime": "2024-06-12 22:00:18", "elapsed": 129.250994, "delta": 0.109712}}
{"target": -99.39208400117506, "params": {"p_ai": 2.4346474261497026, "p_al": 7.93074966579814, "p_ex": 5.441664410992642, "prior": 4.065455958505244, "rate": 2.0588168270783345}, "datetime": {"datetime": "2024-06-12 22:00:18", "elapsed": 129.361768, "delta": 0.110774}}
{"target": -99.41076977420913, "params": {"p_ai": 3.108008070878094, "p_al": 0.7933859337786535, "p_ex": 2.3370014693504007, "prior": 6.6578482115211814, "rate": 3.510850519903707}, "datetime": {"datetime": "2024-06-12 22:00:19", "elapsed": 129.481448, "delta": 0.11968}}
{"target": -111.55349374925063, "params": {"p_ai": 8.197382234314826, "p_al": 6.611887853176512, "p_ex": 6.243886676338824, "prior": 4.203358120025224, "rate": 6.450377826362334}, "datetime": {"datetime": "2024-06-12 22:00:19", "elapsed": 129.592221, "delta": 0.110773}}
{"target": -128.55983008402015, "params": {"p_ai": 8.748431716742354, "p_al": 3.1134152627298404, "p_ex": 3.4281775202831715, "prior": 8.486942886026812, "rate": 5.2994112343421165}, "datetime": {"datetime": "2024-06-12 22:00:19", "elapsed": 129.707912, "delta": 0.115691}}
{"target": -153.6442927112642, "params": {"p_ai": 9.2369571839855, "p_al": 1.876341924396167, "p_ex": 2.149517739976633, "prior": 8.624724998574818, "rate": 0.9958043191607387}, "datetime": {"datetime": "2024-06-12 22:00:19", "elapsed": 129.819162, "delta": 0.11125}}
{"target": -102.8032399452467, "params": {"p_ai": 4.717152090529902, "p_al": 8.394196189191932, "p_ex": 6.937672299169015, "prior": 4.622952603534849, "rate": 1.6528197430089593}, "datetime": {"datetime": "2024-06-12 22:00:19", "elapsed": 129.929037, "delta": 0.109875}}
{"target": -132.74010971468053, "params": {"p_ai": 5.508608102481257, "p_al": 9.879798710108535, "p_ex": 8.051770289111666, "prior": 0.5502334117385274, "rate": 7.109572833570658}, "datetime": {"datetime": "2024-06-12 22:00:19", "elapsed": 130.040129, "delta": 0.111092}}
{"target": -130.71254692147608, "params": {"p_ai": 9.766186129405565, "p_al": 1.9345458616173425, "p_ex": 9.564120655508974, "prior": 2.3342221271842782, "rate": 8.194158826769996}, "datetime": {"datetime": "2024-06-12 22:00:19", "elapsed": 130.150833, "delta": 0.110704}}
{"target": -110.76457422614499, "params": {"p_ai": 1.495037423229105, "p_al": 5.141533276633489, "p_ex": 3.64078281665956, "prior": 6.707204581969504, "rate": 1.7919917859267813}, "datetime": {"datetime": "2024-06-12 22:00:19", "elapsed": 130.261537, "delta": 0.110704}}
{"target": -95.14874825681346, "params": {"p_ai": 5.7979036601822145, "p_al": 0.02523445285068334, "p_ex": 4.257116698087814, "prior": 5.158416296806499, "rate": 8.378128201572276}, "datetime": {"datetime": "2024-06-12 22:00:19", "elapsed": 130.372241, "delta": 0.110704}}
{"target": -102.3772272743409, "params": {"p_ai": 7.5766190001251745, "p_al": 0.9198244994151032, "p_ex": 6.250711640076693, "prior": 6.600368859135195, "rate": 7.340553331594224}, "datetime": {"datetime": "2024-06-12 22:00:20", "elapsed": 130.482946, "delta": 0.110705}}
{"target": -90.36570740596605, "params": {"p_ai": 5.54904548691878, "p_al": 1.0744477434963486, "p_ex": 6.403837458691426, "prior": 6.705637999047665, "rate": 2.501819808528308}, "datetime": {"datetime": "2024-06-12 22:00:20", "elapsed": 130.598144, "delta": 0.115198}}
{"target": -113.88710127633375, "params": {"p_ai": 9.48280432589309, "p_al": 4.527038501594155, "p_ex": 8.667289673190226, "prior": 6.5311578451151915, "rate": 6.165734558182161}, "datetime": {"datetime": "2024-06-12 22:00:20", "elapsed": 130.714343, "delta": 0.116199}}
{"target": -82.52995653715999, "params": {"p_ai": 5.494459397091557, "p_al": 6.4760270347112066, "p_ex": 8.443508165581074, "prior": 7.76901135554614, "rate": 6.726602036977152}, "datetime": {"datetime": "2024-06-12 22:00:20", "elapsed": 130.824052, "delta": 0.109709}}
{"target": -100.40727155156354, "params": {"p_ai": 0.31942149138614195, "p_al": 0.08793902853284469, "p_ex": 3.5860179122930487, "prior": 0.30730757815686666, "rate": 5.178956684935004}, "datetime": {"datetime": "2024-06-12 22:00:20", "elapsed": 130.935005, "delta": 0.110953}}
{"target": -152.99379174172793, "params": {"p_ai": 0.036535454134401193, "p_al": 4.80782326402619, "p_ex": 3.7767085158141884, "prior": 9.57468291548391, "rate": 0.5594796463757505}, "datetime": {"datetime": "2024-06-12 22:00:20", "elapsed": 131.044002, "delta": 0.108997}}
{"target": -146.51482017552277, "params": {"p_ai": 0.6528445415627977, "p_al": 8.492816205896958, "p_ex": 7.95278352446082, "prior": 9.35852567556453, "rate": 0.7832882493134576}, "datetime": {"datetime": "2024-06-12 22:00:20", "elapsed": 131.154706, "delta": 0.110704}}
{"target": -106.11796228804955, "params": {"p_ai": 6.201377645038051, "p_al": 5.144534332910894, "p_ex": 3.2164188746044267, "prior": 6.108503694482293, "rate": 9.180859807063097}, "datetime": {"datetime": "2024-06-12 22:00:20", "elapsed": 131.26443, "delta": 0.109724}}
{"target": -105.5763766995689, "params": {"p_ai": 0.6265924993176286, "p_al": 6.597601675698143, "p_ex": 2.8524298927798304, "prior": 4.05507146708443, "rate": 8.497095650065528}, "datetime": {"datetime": "2024-06-12 22:00:20", "elapsed": 131.373645, "delta": 0.109215}}
{"target": -97.54699204634623, "params": {"p_ai": 1.2181733242743553, "p_al": 8.429867764940202, "p_ex": 4.043023200888809, "prior": 9.838890899842271, "rate": 9.180238599391384}, "datetime": {"datetime": "2024-06-12 22:00:21", "elapsed": 131.48286, "delta": 0.109215}}
{"target": -98.00147058335114, "params": {"p_ai": 4.077336153001339, "p_al": 2.9799051606075775, "p_ex": 2.210242885260159, "prior": 2.178141660255354, "rate": 7.687611904401776}, "datetime": {"datetime": "2024-06-12 22:00:21", "elapsed": 131.593101, "delta": 0.110241}}
{"target": -157.99043527063534, "params": {"p_ai": 7.554669376147851, "p_al": 9.782554060479685, "p_ex": 0.8340144091003872, "prior": 2.20261362016969, "rate": 9.837125648386799}, "datetime": {"datetime": "2024-06-12 22:00:21", "elapsed": 131.703975, "delta": 0.110874}}
{"target": -103.61069143473912, "params": {"p_ai": 5.464197414132971, "p_al": 5.537150485250019, "p_ex": 3.4883611819824956, "prior": 7.038160573017834, "rate": 4.998138049601288}, "datetime": {"datetime": "2024-06-12 22:00:21", "elapsed": 131.813695, "delta": 0.10972}}
{"target": -139.33687240045015, "params": {"p_ai": 4.695463118034527, "p_al": 5.4981786729584625, "p_ex": 0.25277683452447997, "prior": 5.313075133078175, "rate": 1.3305126437765193}, "datetime": {"datetime": "2024-06-12 22:00:21", "elapsed": 131.924837, "delta": 0.111142}}
{"target": -76.76752542887525, "params": {"p_ai": 4.589832013123402, "p_al": 0.8236297527845414, "p_ex": 8.88972752955972, "prior": 3.7848776219177442, "rate": 4.304116749507192}, "datetime": {"datetime": "2024-06-12 22:00:21", "elapsed": 132.035376, "delta": 0.110539}}
{"target": -103.73394607759447, "params": {"p_ai": 7.42086975507282, "p_al": 1.5585894193146912, "p_ex": 5.750661895522346, "prior": 5.110966459574796, "rate": 3.6836674731700536}, "datetime": {"datetime": "2024-06-12 22:00:21", "elapsed": 132.14608, "delta": 0.110704}}
{"target": -104.82823470122325, "params": {"p_ai": 6.833671828543643, "p_al": 7.9450675417095376, "p_ex": 4.677377247445764, "prior": 6.273883706867163, "rate": 9.125478629073205}, "datetime": {"datetime": "2024-06-12 22:00:21", "elapsed": 132.257782, "delta": 0.111702}}
{"target": -83.65536662621726, "params": {"p_ai": 4.570261651531608, "p_al": 1.3510644515976318, "p_ex": 5.432787710600775, "prior": 4.300850527874765, "rate": 7.6833624868607115}, "datetime": {"datetime": "2024-06-12 22:00:21", "elapsed": 132.368865, "delta": 0.111083}}
{"target": -114.22599917132231, "params": {"p_ai": 7.9769484337322085, "p_al": 1.719287872743418, "p_ex": 4.379951424269699, "prior": 2.6689431273447055, "rate": 9.54693755681465}, "datetime": {"datetime": "2024-06-12 22:00:22", "elapsed": 132.506469, "delta": 0.137604}}
{"target": -128.0080871406211, "params": {"p_ai": 9.368784466603346, "p_al": 4.344053171062984, "p_ex": 4.310675867474359, "prior": 7.465025027815888, "rate": 5.960163519806027}, "datetime": {"datetime": "2024-06-12 22:00:22", "elapsed": 132.61817, "delta": 0.111701}}
{"target": -75.91601406813915, "params": {"p_ai": 2.5914507949566294, "p_al": 4.832217482249796, "p_ex": 8.901193658424264, "prior": 6.815859364103486, "rate": 5.631702156360547}, "datetime": {"datetime": "2024-06-12 22:00:22", "elapsed": 132.741852, "delta": 0.123682}}
{"target": -125.70513653288963, "params": {"p_ai": 8.767662490335308, "p_al": 2.763487550262558, "p_ex": 9.968477906522146, "prior": 1.9991984933975355, "rate": 8.398095485642296}, "datetime": {"datetime": "2024-06-12 22:00:22", "elapsed": 132.858406, "delta": 0.116554}}
{"target": -114.98871994685551, "params": {"p_ai": 7.423677265955892, "p_al": 8.640675120134116, "p_ex": 5.849590827242212, "prior": 2.324580257505538, "rate": 4.835715793215803}, "datetime": {"datetime": "2024-06-12 22:00:22", "elapsed": 132.982276, "delta": 0.12387}}
{"target": -165.25433128894977, "params": {"p_ai": 8.623889760611993, "p_al": 7.9782472422770105, "p_ex": 1.7359318579858802, "prior": 9.922107078907667, "rate": 0.30509199963247896}, "datetime": {"datetime": "2024-06-12 22:00:22", "elapsed": 133.101465, "delta": 0.119189}}
{"target": -98.54382418913568, "params": {"p_ai": 3.9270919843333023, "p_al": 7.544258751962611, "p_ex": 9.737423089296351, "prior": 1.4221242946982606, "rate": 9.240481445983646}, "datetime": {"datetime": "2024-06-12 22:00:22", "elapsed": 133.213167, "delta": 0.111702}}
{"target": -106.86447556011606, "params": {"p_ai": 2.1910205215764544, "p_al": 5.526832829595483, "p_ex": 4.328641890073879, "prior": 8.080742990009732, "rate": 1.3865572395397008}, "datetime": {"datetime": "2024-06-12 22:00:22", "elapsed": 133.329402, "delta": 0.116235}}
{"target": -105.32383424771506, "params": {"p_ai": 1.909508341737192, "p_al": 5.6755575331194175, "p_ex": 2.1003068821380864, "prior": 8.800046492896152, "rate": 5.783951692141619}, "datetime": {"datetime": "2024-06-12 22:00:22", "elapsed": 133.43975, "delta": 0.110348}}
{"target": -156.75312365554058, "params": {"p_ai": 9.11763929464358, "p_al": 7.643651482024123, "p_ex": 4.749956447996781, "prior": 6.924390576051481, "rate": 0.5989622103785784}, "datetime": {"datetime": "2024-06-12 22:00:23", "elapsed": 133.55096, "delta": 0.11121}}
{"target": -180.15468712105326, "params": {"p_ai": 6.3129540540322955, "p_al": 9.840488596571019, "p_ex": 1.1947254178184115, "prior": 4.516215172846799, "rate": 0.186320913059088}, "datetime": {"datetime": "2024-06-12 22:00:23", "elapsed": 133.661862, "delta": 0.110902}}
{"target": -104.79972536705742, "params": {"p_ai": 6.881590456377558, "p_al": 0.19520689181535128, "p_ex": 4.553266930065085, "prior": 2.192284951246659, "rate": 8.072347745473287}, "datetime": {"datetime": "2024-06-12 22:00:23", "elapsed": 133.773098, "delta": 0.111236}}
{"target": -102.79957400091308, "params": {"p_ai": 6.45672843017831, "p_al": 6.663022020111727, "p_ex": 5.49936117147423, "prior": 2.505213584343981, "rate": 8.157094551477481}, "datetime": {"datetime": "2024-06-12 22:00:23", "elapsed": 133.884156, "delta": 0.111058}}
{"target": -115.19175498337098, "params": {"p_ai": 8.801319434535824, "p_al": 4.383732672865362, "p_ex": 5.863711820741532, "prior": 6.243379942629359, "rate": 7.2763279918173565}, "datetime": {"datetime": "2024-06-12 22:00:23", "elapsed": 134.00071, "delta": 0.116554}}
{"target": -89.15153045468344, "params": {"p_ai": 5.909446588136741, "p_al": 8.066169168171944, "p_ex": 8.241056701548581, "prior": 5.56594710415588, "rate": 8.829655088096155}, "datetime": {"datetime": "2024-06-12 22:00:23", "elapsed": 134.11226, "delta": 0.11155}}
{"target": -84.15387998036897, "params": {"p_ai": 2.030183481832614, "p_al": 4.136740721638024, "p_ex": 6.301468383632087, "prior": 1.026624399024025, "rate": 7.186717564230962}, "datetime": {"datetime": "2024-06-12 22:00:23", "elapsed": 134.222849, "delta": 0.110589}}
{"target": -95.65474199334426, "params": {"p_ai": 4.797353694402805, "p_al": 3.7905593772416504, "p_ex": 4.519015226631978, "prior": 3.6764939669400882, "rate": 2.396140900867299}, "datetime": {"datetime": "2024-06-12 22:00:23", "elapsed": 134.333554, "delta": 0.110705}}
{"target": -208.77366494363284, "params": {"p_ai": 9.158808384961374, "p_al": 7.993823586812164, "p_ex": 3.3400662738532176, "prior": 1.691347664222673, "rate": 1.1671456351759943}, "datetime": {"datetime": "2024-06-12 22:00:23", "elapsed": 134.450244, "delta": 0.11669}}
{"target": -161.46116397552086, "params": {"p_ai": 7.953533147920134, "p_al": 7.020580256606766, "p_ex": 0.7532513187567459, "prior": 1.166823302672875, "rate": 9.138126532938669}, "datetime": {"datetime": "2024-06-12 22:00:24", "elapsed": 134.560754, "delta": 0.11051}}
{"target": -161.49695509684312, "params": {"p_ai": 8.697844167744172, "p_al": 2.920232491930596, "p_ex": 1.0208976946159853, "prior": 8.089104924003614, "rate": 0.2627104683380913}, "datetime": {"datetime": "2024-06-12 22:00:24", "elapsed": 134.671458, "delta": 0.110704}}
{"target": -95.03453637328798, "params": {"p_ai": 6.363840611525337, "p_al": 1.6017100608988064, "p_ex": 6.9165526625765725, "prior": 1.6810289418629691, "rate": 3.491138224246637}, "datetime": {"datetime": "2024-06-12 22:00:24", "elapsed": 134.785154, "delta": 0.113696}}
{"target": -113.21210961340122, "params": {"p_ai": 1.2217470762698304, "p_al": 2.8715832231230745, "p_ex": 1.2918445291131877, "prior": 4.634398325740474, "rate": 6.494427895595687}, "datetime": {"datetime": "2024-06-12 22:00:24", "elapsed": 134.895474, "delta": 0.11032}}
{"target": -79.23444617979163, "params": {"p_ai": 3.945711176055152, "p_al": 9.529632056090795, "p_ex": 7.5488990420267905, "prior": 5.444208932057693, "rate": 5.635665396494203}, "datetime": {"datetime": "2024-06-12 22:00:24", "elapsed": 135.006178, "delta": 0.110704}}
{"target": -230.90036871786077, "params": {"p_ai": 3.2067189291281246, "p_al": 5.1256851497310105, "p_ex": 7.578359160217539, "prior": 0.019094445132394236, "rate": 4.806438381858799}, "datetime": {"datetime": "2024-06-12 22:00:24", "elapsed": 135.116673, "delta": 0.110495}}
{"target": -146.31575589357593, "params": {"p_ai": 9.041661253802573, "p_al": 8.49515263986085, "p_ex": 2.210733350081861, "prior": 7.362628184334368, "rate": 5.849151492900638}, "datetime": {"datetime": "2024-06-12 22:00:24", "elapsed": 135.227379, "delta": 0.110706}}
{"target": -111.35172872638262, "params": {"p_ai": 5.255835607120612, "p_al": 6.614783683990001, "p_ex": 6.321044057567672, "prior": 0.7151025607260231, "rate": 4.169005514761933}, "datetime": {"datetime": "2024-06-12 22:00:24", "elapsed": 135.338083, "delta": 0.110704}}
{"target": -94.9029481893536, "params": {"p_ai": 1.9937729109275177, "p_al": 7.006133824526521, "p_ex": 2.733830011362588, "prior": 4.36475792464087, "rate": 8.216434846465544}, "datetime": {"datetime": "2024-06-12 22:00:24", "elapsed": 135.449816, "delta": 0.111733}}
{"target": -149.09122429055876, "params": {"p_ai": 7.830846811027753, "p_al": 8.541747338132712, "p_ex": 4.791059397936408, "prior": 9.265020905257298, "rate": 0.31651532588659786}, "datetime": {"datetime": "2024-06-12 22:00:25", "elapsed": 135.560028, "delta": 0.110212}}
{"target": -113.34600894352229, "params": {"p_ai": 9.382894180194201, "p_al": 3.486939297026049, "p_ex": 8.128417943848676, "prior": 9.483262648120892, "rate": 8.918248902749156}, "datetime": {"datetime": "2024-06-12 22:00:25", "elapsed": 135.670206, "delta": 0.110178}}
{"target": -108.89032601640395, "params": {"p_ai": 6.980493154617331, "p_al": 6.702161211463432, "p_ex": 9.735806149757353, "prior": 4.651622241751715, "rate": 1.041066599814464}, "datetime": {"datetime": "2024-06-12 22:00:25", "elapsed": 135.780417, "delta": 0.110211}}
{"target": -139.1293956794618, "params": {"p_ai": 0.24245002232675625, "p_al": 8.813120742542266, "p_ex": 0.2628840047433559, "prior": 9.508329064990603, "rate": 5.699606506289468}, "datetime": {"datetime": "2024-06-12 22:00:25", "elapsed": 135.891255, "delta": 0.110838}}
{"target": -95.59654606237741, "params": {"p_ai": 6.576021749131163, "p_al": 9.09179504001318, "p_ex": 9.019620872778102, "prior": 3.9091594587470984, "rate": 6.125782177941578}, "datetime": {"datetime": "2024-06-12 22:00:25", "elapsed": 136.001959, "delta": 0.110704}}
{"target": -138.72846202952516, "params": {"p_ai": 5.218831682013069, "p_al": 8.17059517218126, "p_ex": 0.5627719463722749, "prior": 6.270127500862848, "rate": 4.297954011811012}, "datetime": {"datetime": "2024-06-12 22:00:25", "elapsed": 136.112663, "delta": 0.110704}}
{"target": -145.01809963579677, "params": {"p_ai": 8.609447038019638, "p_al": 6.878977413745697, "p_ex": 2.6109850302264275, "prior": 1.3432532705529092, "rate": 5.413875453092533}, "datetime": {"datetime": "2024-06-12 22:00:25", "elapsed": 136.22237, "delta": 0.109707}}
{"target": -115.48267352485188, "params": {"p_ai": 9.819012120756634, "p_al": 3.499722646397456, "p_ex": 9.954122077242438, "prior": 5.181234164226793, "rate": 1.904182550810897}, "datetime": {"datetime": "2024-06-12 22:00:25", "elapsed": 136.333962, "delta": 0.111592}}
{"target": -137.9730175205281, "params": {"p_ai": 0.30712590686761615, "p_al": 3.0309276516409356, "p_ex": 0.35174656833291573, "prior": 5.900921198720781, "rate": 7.0165037393658105}, "datetime": {"datetime": "2024-06-12 22:00:25", "elapsed": 136.443669, "delta": 0.109707}}
{"target": -143.72491299634686, "params": {"p_ai": 6.700208631568559, "p_al": 3.562742211934341, "p_ex": 1.1173356401792924, "prior": 6.413560588425594, "rate": 0.6329099655243793}, "datetime": {"datetime": "2024-06-12 22:00:26", "elapsed": 136.554917, "delta": 0.111248}}
{"target": -151.67824469852457, "params": {"p_ai": 6.443987648198351, "p_al": 8.353053532336451, "p_ex": 0.5725332547723604, "prior": 3.5593410688867464, "rate": 6.187575523511704}, "datetime": {"datetime": "2024-06-12 22:00:26", "elapsed": 136.666618, "delta": 0.111701}}
{"target": -94.1385500742232, "params": {"p_ai": 6.38636927872118, "p_al": 1.9801894893735854, "p_ex": 6.234005158129913, "prior": 5.575848835909828, "rate": 8.85729191957795}, "datetime": {"datetime": "2024-06-12 22:00:26", "elapsed": 136.777322, "delta": 0.110704}}
{"target": -128.02454191868088, "params": {"p_ai": 6.97055744473302, "p_al": 3.643266741262771, "p_ex": 2.254250283076692, "prior": 6.109480458106601, "rate": 2.556398171689667}, "datetime": {"datetime": "2024-06-12 22:00:26", "elapsed": 136.887686, "delta": 0.110364}}
{"target": -110.07669621125575, "params": {"p_ai": 0.7590572493322048, "p_al": 8.227198340682186, "p_ex": 2.280295035026282, "prior": 3.796148655644795, "rate": 8.465027322047543}, "datetime": {"datetime": "2024-06-12 22:00:26", "elapsed": 136.998393, "delta": 0.110707}}
{"target": -95.01931533067899, "params": {"p_ai": 1.0324033580838927, "p_al": 9.693928441604834, "p_ex": 5.228714566158481, "prior": 6.733691686640446, "rate": 7.315572776262529}, "datetime": {"datetime": "2024-06-12 22:00:26", "elapsed": 137.108902, "delta": 0.110509}}
{"target": -121.02942095675967, "params": {"p_ai": 9.809807071293001, "p_al": 5.528017017073172, "p_ex": 6.9975437198086, "prior": 6.827180526705036, "rate": 6.30270117869245}, "datetime": {"datetime": "2024-06-12 22:00:26", "elapsed": 137.219606, "delta": 0.110704}}
{"target": -122.83571460528576, "params": {"p_ai": 7.993650272269142, "p_al": 3.4571993404763477, "p_ex": 4.819436430599305, "prior": 0.7821472683712241, "rate": 9.101148277456305}, "datetime": {"datetime": "2024-06-12 22:00:26", "elapsed": 137.329855, "delta": 0.110249}}
{"target": -134.3950563313607, "params": {"p_ai": 5.592698182356974, "p_al": 5.250336684538481, "p_ex": 2.6702519463633063, "prior": 9.000028862901125, "rate": 0.14012176821010291}, "datetime": {"datetime": "2024-06-12 22:00:26", "elapsed": 137.440873, "delta": 0.111018}}
{"target": -108.56430774156725, "params": {"p_ai": 0.9709143598672587, "p_al": 0.6016891748121421, "p_ex": 2.4099825032973654, "prior": 4.9689952454095, "rate": 4.635776950064971}, "datetime": {"datetime": "2024-06-12 22:00:27", "elapsed": 137.551087, "delta": 0.110214}}
