{"target": -136.69514300435708, "params": {"gamma": 0.518425063389165, "prior": 8.023345278411995, "rate": 1.8127106900062346}, "datetime": {"datetime": "2024-06-14 18:10:45", "elapsed": 16.974042, "delta": 0.009973}}
{"target": -292.11608018700326, "params": {"gamma": 6.687743802830694, "prior": 8.370179976185053, "rate": 9.648000771149587}, "datetime": {"datetime": "2024-06-14 18:10:45", "elapsed": 16.984015, "delta": 0.009973}}
{"target": -129.75864204719946, "params": {"gamma": 1.2693322409733296, "prior": 5.2807820848604825, "rate": 8.506259835578277}, "datetime": {"datetime": "2024-06-14 18:10:45", "elapsed": 16.993989, "delta": 0.009974}}
{"target": -241.60402034132557, "params": {"gamma": 5.376554931110454, "prior": 7.327460113254701, "rate": 7.854811002586698}, "datetime": {"datetime": "2024-06-14 18:10:45", "elapsed": 17.002965, "delta": 0.008976}}
{"target": -359.83305140663134, "params": {"gamma": 8.36611885215124, "prior": 6.698671028783691, "rate": 8.977494158102747}, "datetime": {"datetime": "2024-06-14 18:10:45", "elapsed": 17.012938, "delta": 0.009973}}
{"target": -277.43275187674743, "params": {"gamma": 6.4782645488662265, "prior": 9.451910164511617, "rate": 6.293354520653859}, "datetime": {"datetime": "2024-06-14 18:10:45", "elapsed": 17.022911, "delta": 0.009973}}
{"target": -360.72364378746363, "params": {"gamma": 8.724413810278625, "prior": 5.996988068238829, "rate": 3.4441454939220204}, "datetime": {"datetime": "2024-06-14 18:10:45", "elapsed": 17.032885, "delta": 0.009974}}
{"target": -321.8960100724519, "params": {"gamma": 8.134761405617539, "prior": 4.380572177078845, "rate": 1.26633005871915}, "datetime": {"datetime": "2024-06-14 18:10:45", "elapsed": 17.042887, "delta": 0.010002}}
{"target": -401.3668146070711, "params": {"gamma": 9.685718757922707, "prior": 8.540378886592336, "rate": 5.613032976457021}, "datetime": {"datetime": "2024-06-14 18:10:45", "elapsed": 17.052831, "delta": 0.009944}}
{"target": -265.9890950633165, "params": {"gamma": 6.70645236332923, "prior": 9.97746979690073, "rate": 1.6139258941379875}, "datetime": {"datetime": "2024-06-14 18:10:45", "elapsed": 17.062805, "delta": 0.009974}}
{"target": -243.03737101154658, "params": {"gamma": 5.345865061083275, "prior": 3.9706892074339746, "rate": 5.411934552410746}, "datetime": {"datetime": "2024-06-14 18:10:45", "elapsed": 17.072778, "delta": 0.009973}}
{"target": -129.53287126321186, "params": {"gamma": 1.0346751548979976, "prior": 4.463348355283198, "rate": 4.615179910338178}, "datetime": {"datetime": "2024-06-14 18:10:45", "elapsed": 17.08278, "delta": 0.010002}}
{"target": -261.4257067238466, "params": {"gamma": 5.959320550265768, "prior": 6.657514292740112, "rate": 5.9019035859365445}, "datetime": {"datetime": "2024-06-14 18:10:45", "elapsed": 17.092725, "delta": 0.009945}}
{"target": -310.4398755996575, "params": {"gamma": 7.294098218201382, "prior": 5.850935976242481, "rate": 4.431587983023527}, "datetime": {"datetime": "2024-06-14 18:10:45", "elapsed": 17.102698, "delta": 0.009973}}
{"target": -219.32114179627754, "params": {"gamma": 4.968387656954369, "prior": 4.3578792885960675, "rate": 2.1015284571954447}, "datetime": {"datetime": "2024-06-14 18:10:45", "elapsed": 17.112671, "delta": 0.009973}}
{"target": -143.50436282723828, "params": {"gamma": 2.268784360438243, "prior": 4.628147893294655, "rate": 4.336093573615487}, "datetime": {"datetime": "2024-06-14 18:10:45", "elapsed": 17.122645, "delta": 0.009974}}
{"target": -339.2872783022207, "params": {"gamma": 7.793058306926475, "prior": 4.266497925247028, "rate": 6.734009957010978}, "datetime": {"datetime": "2024-06-14 18:10:45", "elapsed": 17.132618, "delta": 0.009973}}
{"target": -133.54475517108213, "params": {"gamma": 1.6612208005950855, "prior": 8.258183945490565, "rate": 6.8543823546258436}, "datetime": {"datetime": "2024-06-14 18:10:45", "elapsed": 17.142591, "delta": 0.009973}}
{"target": -344.98297159405035, "params": {"gamma": 7.890734933535461, "prior": 3.6588964274812152, "rate": 6.62582745539401}, "datetime": {"datetime": "2024-06-14 18:10:45", "elapsed": 17.152565, "delta": 0.009974}}
{"target": -141.74472684701107, "params": {"gamma": 2.1716875482551337, "prior": 2.287957296922715, "rate": 2.4253252674042707}, "datetime": {"datetime": "2024-06-14 18:10:45", "elapsed": 17.162538, "delta": 0.009973}}
{"target": -155.4726509097267, "params": {"gamma": 2.646618581923333, "prior": 4.143278360424636, "rate": 8.287125786730796}, "datetime": {"datetime": "2024-06-14 18:10:45", "elapsed": 17.172511, "delta": 0.009973}}
{"target": -360.4767277933358, "params": {"gamma": 9.474248122372826, "prior": 6.361334167652156, "rate": 1.348256625665745}, "datetime": {"datetime": "2024-06-14 18:10:45", "elapsed": 17.182485, "delta": 0.009974}}
{"target": -192.63951149942014, "params": {"gamma": 4.200514533381073, "prior": 9.36823535020746, "rate": 3.206122209008569}, "datetime": {"datetime": "2024-06-14 18:10:45", "elapsed": 17.192458, "delta": 0.009973}}
{"target": -262.55631911670025, "params": {"gamma": 6.1931905794918185, "prior": 9.357823108034191, "rate": 4.607362678122438}, "datetime": {"datetime": "2024-06-14 18:10:45", "elapsed": 17.203171, "delta": 0.010713}}
{"target": -227.42850542391952, "params": {"gamma": 5.004490142114326, "prior": 9.19506772656131, "rate": 9.298305886525743}, "datetime": {"datetime": "2024-06-14 18:10:45", "elapsed": 17.21314, "delta": 0.009969}}
{"target": -385.7749989633432, "params": {"gamma": 9.04496424702233, "prior": 5.184981853710656, "rate": 6.398472694701441}, "datetime": {"datetime": "2024-06-14 18:10:45", "elapsed": 17.223113, "delta": 0.009973}}
{"target": -275.5730073935991, "params": {"gamma": 5.890472752605639, "prior": 1.6690987172854312, "rate": 6.234866594810311}, "datetime": {"datetime": "2024-06-14 18:10:45", "elapsed": 17.233087, "delta": 0.009974}}
{"target": -169.65699194592938, "params": {"gamma": 3.1921240844594263, "prior": 1.3942814559414822, "rate": 2.1508150426858728}, "datetime": {"datetime": "2024-06-14 18:10:45", "elapsed": 17.24306, "delta": 0.009973}}
{"target": -165.63267841860403, "params": {"gamma": 3.1372893115280216, "prior": 9.519372827689537, "rate": 9.907680849822357}, "datetime": {"datetime": "2024-06-14 18:10:45", "elapsed": 17.253606, "delta": 0.010546}}
{"target": -368.1938015876543, "params": {"gamma": 8.668996751551681, "prior": 4.672423692173761, "rate": 4.656706908529602}, "datetime": {"datetime": "2024-06-14 18:10:45", "elapsed": 17.262582, "delta": 0.008976}}
{"target": -347.34089381316625, "params": {"gamma": 7.647520341309665, "prior": 1.074239963450954, "rate": 9.940379659168363}, "datetime": {"datetime": "2024-06-14 18:10:45", "elapsed": 17.272555, "delta": 0.009973}}
{"target": -313.99228028120234, "params": {"gamma": 6.9224566172976845, "prior": 3.0629283412837927, "rate": 9.088573077112654}, "datetime": {"datetime": "2024-06-14 18:10:45", "elapsed": 17.283526, "delta": 0.010971}}
{"target": -247.864457737372, "params": {"gamma": 5.526235888770702, "prior": 0.9433807768511864, "rate": 1.0833491863453326}, "datetime": {"datetime": "2024-06-14 18:10:45", "elapsed": 17.2935, "delta": 0.009974}}
{"target": -139.13536135540932, "params": {"gamma": 0.3176168877888321, "prior": 2.240327888608129, "rate": 0.51508803577319}, "datetime": {"datetime": "2024-06-14 18:10:45", "elapsed": 17.303473, "delta": 0.009973}}
{"target": -246.16948365895317, "params": {"gamma": 5.103214380152735, "prior": 0.9211098493361365, "rate": 4.431779707933526}, "datetime": {"datetime": "2024-06-14 18:10:45", "elapsed": 17.313446, "delta": 0.009973}}
{"target": -145.2226150146131, "params": {"gamma": 2.362771206680796, "prior": 5.6412349065280925, "rate": 4.390238946627599}, "datetime": {"datetime": "2024-06-14 18:10:45", "elapsed": 17.323419, "delta": 0.009973}}
{"target": -350.42764350865434, "params": {"gamma": 8.375567087137503, "prior": 3.4317930698460395, "rate": 2.3030862375648358}, "datetime": {"datetime": "2024-06-14 18:10:45", "elapsed": 17.333393, "delta": 0.009974}}
{"target": -343.25443612151685, "params": {"gamma": 9.401218217622588, "prior": 4.71700059437067, "rate": 0.2825494345653465}, "datetime": {"datetime": "2024-06-14 18:10:45", "elapsed": 17.343366, "delta": 0.009973}}
{"target": -133.14476483102573, "params": {"gamma": 0.7952844018626734, "prior": 5.600160498896482, "rate": 2.1085032523654648}, "datetime": {"datetime": "2024-06-14 18:10:45", "elapsed": 17.35334, "delta": 0.009974}}
{"target": -132.7030810434062, "params": {"gamma": 1.4832079169213832, "prior": 2.03577051385278, "rate": 7.4477447466406055}, "datetime": {"datetime": "2024-06-14 18:10:45", "elapsed": 17.363313, "delta": 0.009973}}
{"target": -424.77024992986554, "params": {"gamma": 9.490190594750429, "prior": 1.3808418827316682, "rate": 8.797922693851072}, "datetime": {"datetime": "2024-06-14 18:10:45", "elapsed": 17.373286, "delta": 0.009973}}
{"target": -277.0158978019072, "params": {"gamma": 7.119486308304545, "prior": 5.612748843111474, "rate": 0.6711193665390025}, "datetime": {"datetime": "2024-06-14 18:10:45", "elapsed": 17.38326, "delta": 0.009974}}
{"target": -336.0053178425549, "params": {"gamma": 7.877623428379662, "prior": 8.141573527504782, "rate": 7.546064084925807}, "datetime": {"datetime": "2024-06-14 18:10:45", "elapsed": 17.39423, "delta": 0.01097}}
{"target": -241.803624353284, "params": {"gamma": 5.5053451266130216, "prior": 6.352887453044348, "rate": 4.367192277935727}, "datetime": {"datetime": "2024-06-14 18:10:45", "elapsed": 17.404204, "delta": 0.009974}}
{"target": -171.64604170239832, "params": {"gamma": 3.079162242084743, "prior": 2.1563415656940617, "rate": 7.70783813326756}, "datetime": {"datetime": "2024-06-14 18:10:45", "elapsed": 17.414177, "delta": 0.009973}}
{"target": -393.0214684883384, "params": {"gamma": 9.347823400996651, "prior": 6.253005567983246, "rate": 5.342940039040913}, "datetime": {"datetime": "2024-06-14 18:10:45", "elapsed": 17.42415, "delta": 0.009973}}
{"target": -397.3558118729858, "params": {"gamma": 8.832821399586447, "prior": 0.543549432321984, "rate": 3.027452733825171}, "datetime": {"datetime": "2024-06-14 18:10:45", "elapsed": 17.434123, "delta": 0.009973}}
{"target": -197.54448512808523, "params": {"gamma": 3.825328639516465, "prior": 0.4078849577947824, "rate": 5.199809613230569}, "datetime": {"datetime": "2024-06-14 18:10:45", "elapsed": 17.445094, "delta": 0.010971}}
{"target": -390.75636966333104, "params": {"gamma": 9.40582357294277, "prior": 7.992725691934161, "rate": 5.351408522523899}, "datetime": {"datetime": "2024-06-14 18:10:45", "elapsed": 17.45407, "delta": 0.008976}}
{"target": -276.6877248873225, "params": {"gamma": 6.7657338580782405, "prior": 7.873824709873373, "rate": 2.611671926966363}, "datetime": {"datetime": "2024-06-14 18:10:45", "elapsed": 17.464044, "delta": 0.009974}}
{"target": -155.44789320644287, "params": {"gamma": 2.757360350509144, "prior": 6.091715488473178, "rate": 6.74213697673649}, "datetime": {"datetime": "2024-06-14 18:10:45", "elapsed": 17.474017, "delta": 0.009973}}
{"target": -144.12881881287376, "params": {"gamma": 0.037131121203666864, "prior": 8.571439691934431, "rate": 1.4499755526920097}, "datetime": {"datetime": "2024-06-14 18:10:45", "elapsed": 17.484987, "delta": 0.01097}}
{"target": -229.097951910184, "params": {"gamma": 5.124009381904939, "prior": 5.6655858482099735, "rate": 0.07290430277148773}, "datetime": {"datetime": "2024-06-14 18:10:45", "elapsed": 17.494961, "delta": 0.009974}}
{"target": -204.1992814867549, "params": {"gamma": 4.289076528699282, "prior": 5.384053388047638, "rate": 6.907376297071434}, "datetime": {"datetime": "2024-06-14 18:10:45", "elapsed": 17.504934, "delta": 0.009973}}
{"target": -402.10934527458744, "params": {"gamma": 9.031835670784622, "prior": 0.7787551523432098, "rate": 2.8317040472904758}, "datetime": {"datetime": "2024-06-14 18:10:45", "elapsed": 17.514908, "delta": 0.009974}}
{"target": -240.98780775054956, "params": {"gamma": 5.279795197202099, "prior": 2.9733261504001245, "rate": 4.201892734282735}, "datetime": {"datetime": "2024-06-14 18:10:45", "elapsed": 17.524732, "delta": 0.009824}}
{"target": -431.92057899488356, "params": {"gamma": 9.820547479625972, "prior": 0.6636402718702625, "rate": 9.289203208835787}, "datetime": {"datetime": "2024-06-14 18:10:45", "elapsed": 17.534706, "delta": 0.009974}}
{"target": -289.33187817025197, "params": {"gamma": 6.680114161371072, "prior": 5.035947408040653, "rate": 4.647506170595227}, "datetime": {"datetime": "2024-06-14 18:10:45", "elapsed": 17.544678, "delta": 0.009972}}
{"target": -242.84174878446885, "params": {"gamma": 5.589785773928347, "prior": 2.9867128566196963, "rate": 1.7188330067587443}, "datetime": {"datetime": "2024-06-14 18:10:45", "elapsed": 17.554652, "delta": 0.009974}}
{"target": -263.57084326462535, "params": {"gamma": 6.197786816831587, "prior": 9.885925228469835, "rate": 5.162690424583267}, "datetime": {"datetime": "2024-06-14 18:10:45", "elapsed": 17.564625, "delta": 0.009973}}
{"target": -277.09453961918473, "params": {"gamma": 6.710412491894106, "prior": 5.243372538798067, "rate": 2.0011085780511912}, "datetime": {"datetime": "2024-06-14 18:10:45", "elapsed": 17.574598, "delta": 0.009973}}
{"target": -252.70214032879267, "params": {"gamma": 5.787379979419437, "prior": 9.583007643759036, "rate": 6.924549114998262}, "datetime": {"datetime": "2024-06-14 18:10:45", "elapsed": 17.58557, "delta": 0.010972}}
{"target": -137.06125669291666, "params": {"gamma": 0.274342053750928, "prior": 3.6948761925389584, "rate": 6.33921964079754}, "datetime": {"datetime": "2024-06-14 18:10:45", "elapsed": 17.595572, "delta": 0.010002}}
{"target": -268.75089343970006, "params": {"gamma": 5.67116400617658, "prior": 1.301203739015265, "rate": 9.364796358912931}, "datetime": {"datetime": "2024-06-14 18:10:45", "elapsed": 17.605516, "delta": 0.009944}}
{"target": -190.80397204965644, "params": {"gamma": 3.938997493293488, "prior": 7.319700947932855, "rate": 7.857086866488291}, "datetime": {"datetime": "2024-06-14 18:10:45", "elapsed": 17.615489, "delta": 0.009973}}
{"target": -140.65588058474603, "params": {"gamma": 2.1307142258890264, "prior": 6.659980991963436, "rate": 5.2341476294898825}, "datetime": {"datetime": "2024-06-14 18:10:45", "elapsed": 17.62549, "delta": 0.010001}}
{"target": -135.17048278477515, "params": {"gamma": 1.783794004691899, "prior": 7.212564495824819, "rate": 5.406224528163018}, "datetime": {"datetime": "2024-06-14 18:10:45", "elapsed": 17.635436, "delta": 0.009946}}
{"target": -142.23272974781884, "params": {"gamma": 2.1417238051544096, "prior": 4.238811933822576, "rate": 6.8079344253726966}, "datetime": {"datetime": "2024-06-14 18:10:45", "elapsed": 17.645409, "delta": 0.009973}}
{"target": -423.4514837083006, "params": {"gamma": 9.937621475494428, "prior": 5.5295345252227435, "rate": 7.939406449739636}, "datetime": {"datetime": "2024-06-14 18:10:45", "elapsed": 17.655382, "delta": 0.009973}}
{"target": -173.50146865411077, "params": {"gamma": 3.3064511453666356, "prior": 5.164454283417241, "rate": 8.350414978664054}, "datetime": {"datetime": "2024-06-14 18:10:45", "elapsed": 17.665356, "delta": 0.009974}}
{"target": -432.37657089459634, "params": {"gamma": 9.704609444607442, "prior": 1.8668728599484044, "rate": 8.513224576444088}, "datetime": {"datetime": "2024-06-14 18:10:45", "elapsed": 17.675376, "delta": 0.01002}}
{"target": -409.810885266262, "params": {"gamma": 9.8839813130555, "prior": 4.559573957621887, "rate": 3.0802934792591}, "datetime": {"datetime": "2024-06-14 18:10:45", "elapsed": 17.685365, "delta": 0.009989}}
{"target": -407.9740760060798, "params": {"gamma": 9.124683586378131, "prior": 2.2765865789701447, "rate": 9.88264881287327}, "datetime": {"datetime": "2024-06-14 18:10:45", "elapsed": 17.695403, "delta": 0.010038}}
{"target": -195.27588066401609, "params": {"gamma": 4.016014561459776, "prior": 1.0131129142505106, "rate": 1.368611993565815}, "datetime": {"datetime": "2024-06-14 18:10:45", "elapsed": 17.705394, "delta": 0.009991}}
{"target": -231.7971626667884, "params": {"gamma": 4.771246207156717, "prior": 0.7033829612030654, "rate": 2.519602463648642}, "datetime": {"datetime": "2024-06-14 18:10:45", "elapsed": 17.715873, "delta": 0.010479}}
{"target": -340.15220349981774, "params": {"gamma": 7.950227595281238, "prior": 7.874786065977949, "rate": 8.108387517165163}, "datetime": {"datetime": "2024-06-14 18:10:45", "elapsed": 17.725882, "delta": 0.010009}}
{"target": -134.09018671515227, "params": {"gamma": 0.4635818527703097, "prior": 7.687845099749461, "rate": 8.068658621836198}, "datetime": {"datetime": "2024-06-14 18:10:45", "elapsed": 17.735858, "delta": 0.009976}}
{"target": -139.76505841443554, "params": {"gamma": 0.1614807233633352, "prior": 3.9741465501415574, "rate": 8.655905140222567}, "datetime": {"datetime": "2024-06-14 18:10:45", "elapsed": 17.745835, "delta": 0.009977}}
{"target": -395.0122787621899, "params": {"gamma": 9.58478787486283, "prior": 9.203960219040058, "rate": 5.470332354994583}, "datetime": {"datetime": "2024-06-14 18:10:45", "elapsed": 17.75581, "delta": 0.009975}}
{"target": -164.39140812432234, "params": {"gamma": 3.0999028075571977, "prior": 5.933723461468355, "rate": 5.960308888277244}, "datetime": {"datetime": "2024-06-14 18:10:45", "elapsed": 17.765786, "delta": 0.009976}}
{"target": -293.39763995127106, "params": {"gamma": 6.645853962048891, "prior": 5.949068744119219, "rate": 8.680686431625688}, "datetime": {"datetime": "2024-06-14 18:10:45", "elapsed": 17.77576, "delta": 0.009974}}
{"target": -183.67095599476548, "params": {"gamma": 3.740404346465307, "prior": 2.51576369972239, "rate": 0.20584523782095557}, "datetime": {"datetime": "2024-06-14 18:10:45", "elapsed": 17.785735, "delta": 0.009975}}
{"target": -145.85378555419845, "params": {"gamma": 2.3276534032092466, "prior": 1.6998563265328037, "rate": 2.382365800220145}, "datetime": {"datetime": "2024-06-14 18:10:46", "elapsed": 17.795711, "delta": 0.009976}}
{"target": -349.52886385556747, "params": {"gamma": 8.809750700685962, "prior": 7.342834380593291, "rate": 2.4346474261497026}, "datetime": {"datetime": "2024-06-14 18:10:46", "elapsed": 17.805686, "delta": 0.009975}}
{"target": -334.8259608157887, "params": {"gamma": 7.93074966579814, "prior": 5.486796446527367, "rate": 4.065455958505244}, "datetime": {"datetime": "2024-06-14 18:10:46", "elapsed": 17.815662, "delta": 0.009976}}
{"target": -142.17419259216032, "params": {"gamma": 2.0588168270783345, "prior": 3.1762456147307865, "rate": 0.7933859337786535}, "datetime": {"datetime": "2024-06-14 18:10:46", "elapsed": 17.826635, "delta": 0.010973}}
{"target": -144.71558518255804, "params": {"gamma": 2.3370014693504007, "prior": 6.690938823288298, "rate": 3.510850519903707}, "datetime": {"datetime": "2024-06-14 18:10:46", "elapsed": 17.83661, "delta": 0.009975}}
{"target": -348.77625524289203, "params": {"gamma": 8.197382234314826, "prior": 6.645433517996546, "rate": 6.243886676338824}, "datetime": {"datetime": "2024-06-14 18:10:46", "elapsed": 17.846586, "delta": 0.009976}}
{"target": -201.6895379740933, "params": {"gamma": 4.203358120025224, "prior": 6.485522600358745, "rate": 8.748431716742354}, "datetime": {"datetime": "2024-06-14 18:10:46", "elapsed": 17.856621, "delta": 0.010035}}
{"target": -170.40828563108258, "params": {"gamma": 3.1134152627298404, "prior": 3.493245069587299, "rate": 8.486942886026812}, "datetime": {"datetime": "2024-06-14 18:10:46", "elapsed": 17.866597, "delta": 0.009976}}
{"target": -224.03797074291182, "params": {"gamma": 5.2994112343421165, "prior": 9.24451206335198, "rate": 1.876341924396167}, "datetime": {"datetime": "2024-06-14 18:10:46", "elapsed": 17.876861, "delta": 0.010264}}
{"target": -147.34398910588814, "params": {"gamma": 2.149517739976633, "prior": 8.638341582747344, "rate": 0.9958043191607387}, "datetime": {"datetime": "2024-06-14 18:10:46", "elapsed": 17.886834, "delta": 0.009973}}
{"target": -215.36598522132877, "params": {"gamma": 4.717152090529902, "prior": 8.410095236823695, "rate": 6.937672299169015}, "datetime": {"datetime": "2024-06-14 18:10:46", "elapsed": 17.92277, "delta": 0.035936}}
{"target": -225.2158042561443, "params": {"gamma": 4.622952603534849, "prior": 1.7354650920880788, "rate": 5.508608102481257}, "datetime": {"datetime": "2024-06-14 18:10:46", "elapsed": 17.932712, "delta": 0.009942}}
{"target": -357.28072583225236, "params": {"gamma": 9.879798710108535, "prior": 8.071059692189767, "rate": 0.5502334117385274}, "datetime": {"datetime": "2024-06-14 18:10:46", "elapsed": 17.942685, "delta": 0.009973}}
{"target": -280.59068031650935, "params": {"gamma": 7.109572833570658, "prior": 9.768501118223332, "rate": 1.9345458616173425}, "datetime": {"datetime": "2024-06-14 18:10:46", "elapsed": 17.953656, "delta": 0.010971}}
{"target": -422.84197987819726, "params": {"gamma": 9.564120655508974, "prior": 2.4101209180042362, "rate": 8.194158826769996}, "datetime": {"datetime": "2024-06-14 18:10:46", "elapsed": 17.963629, "delta": 0.009973}}
{"target": -132.14953291351523, "params": {"gamma": 1.495037423229105, "prior": 5.18963690755791, "rate": 3.64078281665956}, "datetime": {"datetime": "2024-06-14 18:10:46", "elapsed": 17.973602, "delta": 0.009973}}
{"target": -305.96296626225535, "params": {"gamma": 6.707204581969504, "prior": 1.8732591939869123, "rate": 5.7979036601822145}, "datetime": {"datetime": "2024-06-14 18:10:46", "elapsed": 17.983575, "delta": 0.009973}}
{"target": -144.08611943582545, "params": {"gamma": 0.02523445285068334, "prior": 4.313976928799815, "rate": 5.158416296806499}, "datetime": {"datetime": "2024-06-14 18:10:46", "elapsed": 17.993549, "delta": 0.009974}}
{"target": -315.26239679369036, "params": {"gamma": 8.378128201572276, "prior": 7.600612871411063, "rate": 0.9198244994151032}, "datetime": {"datetime": "2024-06-14 18:10:46", "elapsed": 18.003522, "delta": 0.009973}}
