{"target": -144.87983465093868, "params": {"gamma": 0.311939657480023, "prior": 5.754639817943711, "rate": 1.8055046214421606}, "datetime": {"datetime": "2024-06-14 10:30:27", "elapsed": 2.730319, "delta": 0.009973}}
{"target": -327.86394066830474, "params": {"gamma": 6.309961044194965, "prior": 9.811144389930757, "rate": 8.749150609572597}, "datetime": {"datetime": "2024-06-14 10:30:27", "elapsed": 2.739295, "delta": 0.008976}}
{"target": -250.8686263317305, "params": {"gamma": 4.518910657959286, "prior": 7.113762613512001, "rate": 7.77491003128189}, "datetime": {"datetime": "2024-06-14 10:30:27", "elapsed": 2.748271, "delta": 0.008976}}
{"target": -278.20098593757194, "params": {"gamma": 4.9489359987414545, "prior": 5.332481552757894, "rate": 1.5086931993235537}, "datetime": {"datetime": "2024-06-14 10:30:27", "elapsed": 2.757246, "delta": 0.008975}}
{"target": -232.13769466246487, "params": {"gamma": 3.6946298561934507, "prior": 1.5079904054205882, "rate": 7.269210639692282}, "datetime": {"datetime": "2024-06-14 10:30:27", "elapsed": 2.766224, "delta": 0.008978}}
{"target": -265.2389299432937, "params": {"gamma": 4.770652931028231, "prior": 4.543900483396978, "rate": 8.860093713682348}, "datetime": {"datetime": "2024-06-14 10:30:27", "elapsed": 2.775198, "delta": 0.008974}}
{"target": -283.6770662668215, "params": {"gamma": 5.2766601043433035, "prior": 4.149999235976913, "rate": 2.6896513301042457}, "datetime": {"datetime": "2024-06-14 10:30:27", "elapsed": 2.784174, "delta": 0.008976}}
{"target": -149.71561675528892, "params": {"gamma": 0.7210483396625298, "prior": 4.239547723880626, "rate": 0.25850907058342715}, "datetime": {"datetime": "2024-06-14 10:30:27", "elapsed": 2.793151, "delta": 0.008977}}
{"target": -189.6177263544064, "params": {"gamma": 2.912248251583728, "prior": 5.084744147499125, "rate": 9.659364717132203}, "datetime": {"datetime": "2024-06-14 10:30:27", "elapsed": 2.802126, "delta": 0.008975}}
{"target": -147.19689052865132, "params": {"gamma": 1.0947197590216522, "prior": 6.7631064367445575, "rate": 4.999823778620901}, "datetime": {"datetime": "2024-06-14 10:30:27", "elapsed": 2.8121, "delta": 0.009974}}
{"target": -391.56968841210335, "params": {"gamma": 7.771205194528555, "prior": 1.521709278954672, "rate": 0.8329431617223197}, "datetime": {"datetime": "2024-06-14 10:30:27", "elapsed": 2.821075, "delta": 0.008975}}
{"target": -242.3513564538775, "params": {"gamma": 3.9927868349191855, "prior": 7.989926294601011, "rate": 1.917565713359991}, "datetime": {"datetime": "2024-06-14 10:30:27", "elapsed": 2.830052, "delta": 0.008977}}
{"target": -387.9708920894274, "params": {"gamma": 7.678004144280593, "prior": 2.9739501709124956, "rate": 2.1696979846303415}, "datetime": {"datetime": "2024-06-14 10:30:27", "elapsed": 2.839028, "delta": 0.008976}}
{"target": -143.97409277451348, "params": {"gamma": 0.1681391751809873, "prior": 4.046724693231549, "rate": 3.8114338314432303}, "datetime": {"datetime": "2024-06-14 10:30:27", "elapsed": 2.848004, "delta": 0.008976}}
{"target": -349.29573055521433, "params": {"gamma": 6.593790017017453, "prior": 0.8020921646568335, "rate": 1.5268872664356763}, "datetime": {"datetime": "2024-06-14 10:30:27", "elapsed": 2.85698, "delta": 0.008976}}
{"target": -142.13086877252383, "params": {"gamma": 0.16674225312644053, "prior": 1.2265839288293277, "rate": 6.518240970824895}, "datetime": {"datetime": "2024-06-14 10:30:27", "elapsed": 2.865967, "delta": 0.008987}}
{"target": -232.07928056676388, "params": {"gamma": 4.027165864897017, "prior": 3.278160510256427, "rate": 5.579562030443482}, "datetime": {"datetime": "2024-06-14 10:30:27", "elapsed": 2.875933, "delta": 0.009966}}
{"target": -492.00382796543096, "params": {"gamma": 9.9346111705354, "prior": 8.361416488778493, "rate": 6.99653220081344}, "datetime": {"datetime": "2024-06-14 10:30:27", "elapsed": 2.884909, "delta": 0.008976}}
{"target": -467.4074059989838, "params": {"gamma": 9.182667632731448, "prior": 0.4933141961625397, "rate": 0.7042640827136369}, "datetime": {"datetime": "2024-06-14 10:30:27", "elapsed": 2.893884, "delta": 0.008975}}
{"target": -268.05716125146404, "params": {"gamma": 4.740588893590559, "prior": 3.5567573882750656, "rate": 9.37258336922236}, "datetime": {"datetime": "2024-06-14 10:30:27", "elapsed": 2.902861, "delta": 0.008977}}
{"target": -269.0268221140942, "params": {"gamma": 4.896160046490541, "prior": 5.442526189924171, "rate": 8.952708396946477}, "datetime": {"datetime": "2024-06-14 10:30:28", "elapsed": 2.911837, "delta": 0.008976}}
{"target": -258.68803513742336, "params": {"gamma": 4.466903823191082, "prior": 8.782640453776484, "rate": 2.536563911966912}, "datetime": {"datetime": "2024-06-14 10:30:28", "elapsed": 2.92181, "delta": 0.009973}}
{"target": -183.15769830550636, "params": {"gamma": 2.7388232318769274, "prior": 3.3507777618671426, "rate": 5.476095140539054}, "datetime": {"datetime": "2024-06-14 10:30:28", "elapsed": 2.930786, "delta": 0.008976}}
{"target": -180.06559504539206, "params": {"gamma": 2.2020666115957854, "prior": 6.747148793704605, "rate": 1.4287900347472011}, "datetime": {"datetime": "2024-06-14 10:30:28", "elapsed": 2.939762, "delta": 0.008976}}
{"target": -149.85110437075295, "params": {"gamma": 0.9419086447218946, "prior": 8.714898287433238, "rate": 2.3694501668664283}, "datetime": {"datetime": "2024-06-14 10:30:28", "elapsed": 2.949735, "delta": 0.009973}}
{"target": -224.63203662505563, "params": {"gamma": 3.8606541062149327, "prior": 5.758266717980789, "rate": 5.258493897544749}, "datetime": {"datetime": "2024-06-14 10:30:28", "elapsed": 2.958711, "delta": 0.008976}}
{"target": -142.7045002048534, "params": {"gamma": 0.7611627705416266, "prior": 8.75384676242048, "rate": 9.511405048568502}, "datetime": {"datetime": "2024-06-14 10:30:28", "elapsed": 2.968195, "delta": 0.009484}}
{"target": -422.17836853064904, "params": {"gamma": 8.125260534442543, "prior": 2.9096381659740556, "rate": 5.278940114383477}, "datetime": {"datetime": "2024-06-14 10:30:28", "elapsed": 2.97717, "delta": 0.008975}}
{"target": -206.9908271145873, "params": {"gamma": 3.394827823452077, "prior": 5.5912063767979, "rate": 9.744060285661112}, "datetime": {"datetime": "2024-06-14 10:30:28", "elapsed": 2.987145, "delta": 0.009975}}
{"target": -202.15066215174826, "params": {"gamma": 3.1177174742720952, "prior": 6.72108639863641, "rate": 3.26034610588255}, "datetime": {"datetime": "2024-06-14 10:30:28", "elapsed": 2.99612, "delta": 0.008975}}
{"target": -413.6595085886938, "params": {"gamma": 7.744998182884782, "prior": 3.325518669470728, "rate": 8.898383587132303}, "datetime": {"datetime": "2024-06-14 10:30:28", "elapsed": 3.005096, "delta": 0.008976}}
{"target": -380.41132428563077, "params": {"gamma": 7.51732550147175, "prior": 7.650057744906595, "rate": 4.695320806570698}, "datetime": {"datetime": "2024-06-14 10:30:28", "elapsed": 3.014073, "delta": 0.008977}}
{"target": -173.3971773105043, "params": {"gamma": 2.108434260184585, "prior": 0.5106032878073389, "rate": 3.218966170902475}, "datetime": {"datetime": "2024-06-14 10:30:28", "elapsed": 3.024047, "delta": 0.009974}}
{"target": -142.8330127479624, "params": {"gamma": 0.3720895322754502, "prior": 6.969168572601607, "rate": 6.703829969329749}, "datetime": {"datetime": "2024-06-14 10:30:28", "elapsed": 3.033021, "delta": 0.008974}}
{"target": -243.4991158036371, "params": {"gamma": 4.305287355667006, "prior": 7.701110878815912, "rate": 5.360548938900898}, "datetime": {"datetime": "2024-06-14 10:30:28", "elapsed": 3.042996, "delta": 0.009975}}
{"target": -141.9407673202808, "params": {"gamma": 0.3995594064278903, "prior": 1.4344518678107228, "rate": 1.9349705737501688}, "datetime": {"datetime": "2024-06-14 10:30:28", "elapsed": 3.051972, "delta": 0.008976}}
{"target": -231.2767663825035, "params": {"gamma": 3.357302347845333, "prior": 0.6178981697310199, "rate": 6.051562688223163}, "datetime": {"datetime": "2024-06-14 10:30:28", "elapsed": 3.060947, "delta": 0.008975}}
{"target": -276.8412870693911, "params": {"gamma": 5.121098214211664, "prior": 6.212864018969845, "rate": 4.324123592048677}, "datetime": {"datetime": "2024-06-14 10:30:28", "elapsed": 3.070429, "delta": 0.009482}}
{"target": -448.9177161032713, "params": {"gamma": 8.47715698190614, "prior": 4.595184654985598, "rate": 0.15501979439941704}, "datetime": {"datetime": "2024-06-14 10:30:28", "elapsed": 3.079405, "delta": 0.008976}}
{"target": -442.8278896542116, "params": {"gamma": 8.730808416322548, "prior": 6.596395322666579, "rate": 8.23020740344406}, "datetime": {"datetime": "2024-06-14 10:30:28", "elapsed": 3.088381, "delta": 0.008976}}
{"target": -517.1270705273964, "params": {"gamma": 9.517805154645483, "prior": 0.6040325968171834, "rate": 2.3514835690460547}, "datetime": {"datetime": "2024-06-14 10:30:28", "elapsed": 3.097357, "delta": 0.008976}}
{"target": -140.4917742779656, "params": {"gamma": 0.6343710911199417, "prior": 4.274413071721264, "rate": 8.638427625869019}, "datetime": {"datetime": "2024-06-14 10:30:28", "elapsed": 3.107331, "delta": 0.009974}}
{"target": -148.41585836556322, "params": {"gamma": 0.817158203167966, "prior": 4.783808333570197, "rate": 1.2563055549774276}, "datetime": {"datetime": "2024-06-14 10:30:28", "elapsed": 3.116307, "delta": 0.008976}}
{"target": -413.58875224388703, "params": {"gamma": 7.729083136069011, "prior": 8.43007935227885, "rate": 0.4338660909233998}, "datetime": {"datetime": "2024-06-14 10:30:28", "elapsed": 3.126279, "delta": 0.009972}}
{"target": -281.00949755529757, "params": {"gamma": 4.864920990960778, "prior": 2.470169336963784, "rate": 9.5247853431509}, "datetime": {"datetime": "2024-06-14 10:30:28", "elapsed": 3.135258, "delta": 0.008979}}
{"target": -482.43116000877376, "params": {"gamma": 9.438982385210178, "prior": 6.1779466236085385, "rate": 9.734900485854638}, "datetime": {"datetime": "2024-06-14 10:30:28", "elapsed": 3.144232, "delta": 0.008974}}
{"target": -213.98566882911163, "params": {"gamma": 3.4492685758187935, "prior": 8.98872210491005, "rate": 4.346515139111687}, "datetime": {"datetime": "2024-06-14 10:30:28", "elapsed": 3.155202, "delta": 0.01097}}
{"target": -174.20343162926352, "params": {"gamma": 2.35891055683799, "prior": 9.414196835693854, "rate": 6.842496291781293}, "datetime": {"datetime": "2024-06-14 10:30:28", "elapsed": 3.165176, "delta": 0.009974}}
{"target": -143.37724233083273, "params": {"gamma": 0.6500509418059542, "prior": 8.717206082548355, "rate": 7.01410156603883}, "datetime": {"datetime": "2024-06-14 10:30:28", "elapsed": 3.17515, "delta": 0.009974}}
{"target": -321.00898509035966, "params": {"gamma": 6.049663802869843, "prior": 7.350511501875372, "rate": 2.535136985955308}, "datetime": {"datetime": "2024-06-14 10:30:28", "elapsed": 3.184125, "delta": 0.008975}}
{"target": -337.97765466935925, "params": {"gamma": 6.00528906379017, "prior": 8.164729894490387, "rate": 0.542082489579675}, "datetime": {"datetime": "2024-06-14 10:30:28", "elapsed": 3.194099, "delta": 0.009974}}
{"target": -150.15432941960358, "params": {"gamma": 1.3059762027213204, "prior": 8.440213518568495, "rate": 6.183840347409528}, "datetime": {"datetime": "2024-06-14 10:30:28", "elapsed": 3.203075, "delta": 0.008976}}
{"target": -284.94707820627355, "params": {"gamma": 5.3133468170001, "prior": 2.558078217071276, "rate": 2.9514906739197095}, "datetime": {"datetime": "2024-06-14 10:30:28", "elapsed": 3.212051, "delta": 0.008976}}
{"target": -443.71101683059896, "params": {"gamma": 8.726988963029699, "prior": 4.274492755012122, "rate": 0.6452381255404884}, "datetime": {"datetime": "2024-06-14 10:30:28", "elapsed": 3.221027, "delta": 0.008976}}
{"target": -488.6105386885739, "params": {"gamma": 8.969953710006317, "prior": 2.1134702449581058, "rate": 8.262449127388422}, "datetime": {"datetime": "2024-06-14 10:30:28", "elapsed": 3.230003, "delta": 0.008976}}
{"target": -446.45675854266864, "params": {"gamma": 8.81782446020499, "prior": 4.918832373701547, "rate": 5.98504846635326}, "datetime": {"datetime": "2024-06-14 10:30:28", "elapsed": 3.239977, "delta": 0.009974}}
{"target": -284.10209068369363, "params": {"gamma": 5.273147297397685, "prior": 6.28573081243644, "rate": 8.550562171752167}, "datetime": {"datetime": "2024-06-14 10:30:28", "elapsed": 3.248952, "delta": 0.008975}}
{"target": -189.5397266366909, "params": {"gamma": 2.8221123446002014, "prior": 8.849179530987948, "rate": 5.677335610861374}, "datetime": {"datetime": "2024-06-14 10:30:28", "elapsed": 3.257928, "delta": 0.008976}}
{"target": -144.05778903040297, "params": {"gamma": 1.151915306628067, "prior": 2.347311535625114, "rate": 5.960227873744525}, "datetime": {"datetime": "2024-06-14 10:30:28", "elapsed": 3.267903, "delta": 0.009975}}
{"target": -172.63052277120886, "params": {"gamma": 2.395222922809899, "prior": 1.4010150393208598, "rate": 1.6193152935242277}, "datetime": {"datetime": "2024-06-14 10:30:28", "elapsed": 3.277874, "delta": 0.009971}}
{"target": -434.66889436705634, "params": {"gamma": 8.448880309839154, "prior": 6.061618173537837, "rate": 9.635707304796231}, "datetime": {"datetime": "2024-06-14 10:30:28", "elapsed": 3.28685, "delta": 0.008976}}
{"target": -208.97395110293957, "params": {"gamma": 3.4574464537469587, "prior": 5.996688471536002, "rate": 5.9902539044452245}, "datetime": {"datetime": "2024-06-14 10:30:28", "elapsed": 3.295826, "delta": 0.008976}}
{"target": -375.5257511230676, "params": {"gamma": 6.157427167752284, "prior": 0.6858543511386517, "rate": 7.503421528562285}, "datetime": {"datetime": "2024-06-14 10:30:28", "elapsed": 3.304803, "delta": 0.008977}}
{"target": -467.31199926997215, "params": {"gamma": 9.482146772378064, "prior": 5.393322666077928, "rate": 1.926367653529729}, "datetime": {"datetime": "2024-06-14 10:30:28", "elapsed": 3.314369, "delta": 0.009566}}
{"target": -471.3277563262112, "params": {"gamma": 7.529506223884443, "prior": 0.17245779634585162, "rate": 3.2832327804041577}, "datetime": {"datetime": "2024-06-14 10:30:28", "elapsed": 3.324342, "delta": 0.009973}}
{"target": -467.3709261387424, "params": {"gamma": 9.176145870096288, "prior": 5.92483659564938, "rate": 8.55204764875745}, "datetime": {"datetime": "2024-06-14 10:30:28", "elapsed": 3.333319, "delta": 0.008977}}
{"target": -316.99298342066646, "params": {"gamma": 6.047115851439529, "prior": 8.243523709986324, "rate": 8.79495575076974}, "datetime": {"datetime": "2024-06-14 10:30:28", "elapsed": 3.342294, "delta": 0.008975}}
{"target": -213.7329237385016, "params": {"gamma": 3.210542758870008, "prior": 1.3172522383665672, "rate": 7.213312138521522}, "datetime": {"datetime": "2024-06-14 10:30:28", "elapsed": 3.351271, "delta": 0.008977}}
{"target": -262.0664198349117, "params": {"gamma": 4.404030521225552, "prior": 1.3546835205058854, "rate": 5.898646657450783}, "datetime": {"datetime": "2024-06-14 10:30:28", "elapsed": 3.36086, "delta": 0.009589}}
{"target": -140.23149485931592, "params": {"gamma": 0.36164707738402946, "prior": 2.0818029524687707, "rate": 7.883223595490022}, "datetime": {"datetime": "2024-06-14 10:30:28", "elapsed": 3.369836, "delta": 0.008976}}
{"target": -145.46896189553127, "params": {"gamma": 0.12195550339356331, "prior": 3.1031221499148343, "rate": 0.2147382349196191}, "datetime": {"datetime": "2024-06-14 10:30:28", "elapsed": 3.378812, "delta": 0.008976}}
{"target": -488.8275129759971, "params": {"gamma": 9.974852442290567, "prior": 5.862096765800271, "rate": 2.93446940858208}, "datetime": {"datetime": "2024-06-14 10:30:28", "elapsed": 3.387787, "delta": 0.008975}}
{"target": -463.10896195900375, "params": {"gamma": 9.289565669469264, "prior": 5.120482293127225, "rate": 4.547467583296517}, "datetime": {"datetime": "2024-06-14 10:30:28", "elapsed": 3.397761, "delta": 0.009974}}
{"target": -309.8058570091944, "params": {"gamma": 5.879127191455569, "prior": 2.7149626776846394, "rate": 3.0535777051749857}, "datetime": {"datetime": "2024-06-14 10:30:28", "elapsed": 3.406736, "delta": 0.008975}}
{"target": -221.96143998017564, "params": {"gamma": 3.7171741126651003, "prior": 2.520035193778948, "rate": 5.845888113900182}, "datetime": {"datetime": "2024-06-14 10:30:28", "elapsed": 3.415712, "delta": 0.008976}}
{"target": -421.9061385638732, "params": {"gamma": 6.958765493189333, "prior": 0.8122774796236112, "rate": 9.710862112935013}, "datetime": {"datetime": "2024-06-14 10:30:28", "elapsed": 3.424688, "delta": 0.008976}}
{"target": -382.9572715560238, "params": {"gamma": 7.53095348803868, "prior": 8.081015313238742, "rate": 7.516652400408825}, "datetime": {"datetime": "2024-06-14 10:30:28", "elapsed": 3.433665, "delta": 0.008977}}
{"target": -143.58150922995674, "params": {"gamma": 0.8015297117349018, "prior": 4.868793201909653, "rate": 4.457283891060159}, "datetime": {"datetime": "2024-06-14 10:30:28", "elapsed": 3.44264, "delta": 0.008975}}
{"target": -351.97351265817224, "params": {"gamma": 6.725054032598774, "prior": 4.5424988623607865, "rate": 7.043429670440712}, "datetime": {"datetime": "2024-06-14 10:30:28", "elapsed": 3.451646, "delta": 0.009006}}
{"target": -350.37852646248035, "params": {"gamma": 6.816771730688627, "prior": 7.001770434652286, "rate": 6.186388824872803}, "datetime": {"datetime": "2024-06-14 10:30:28", "elapsed": 3.460592, "delta": 0.008946}}
{"target": -151.73302891067254, "params": {"gamma": 1.5106563520631782, "prior": 7.631944317426985, "rate": 7.810677176117377}, "datetime": {"datetime": "2024-06-14 10:30:28", "elapsed": 3.469568, "delta": 0.008976}}
{"target": -449.41062615488954, "params": {"gamma": 9.041125756152136, "prior": 2.414310056780649, "rate": 1.7676122518303419}, "datetime": {"datetime": "2024-06-14 10:30:28", "elapsed": 3.478544, "delta": 0.008976}}
{"target": -230.8530206700121, "params": {"gamma": 3.9116001319445175, "prior": 3.2735900745520863, "rate": 8.154953813127257}, "datetime": {"datetime": "2024-06-14 10:30:28", "elapsed": 3.48752, "delta": 0.008976}}
{"target": -320.7034570341195, "params": {"gamma": 6.135645470784649, "prior": 7.624017348262513, "rate": 4.277223331869946}, "datetime": {"datetime": "2024-06-14 10:30:28", "elapsed": 3.496496, "delta": 0.008976}}
{"target": -142.16093998184445, "params": {"gamma": 0.9953061885929767, "prior": 1.238846619297438, "rate": 3.734697910240216}, "datetime": {"datetime": "2024-06-14 10:30:28", "elapsed": 3.505472, "delta": 0.008976}}
{"target": -162.96145066385068, "params": {"gamma": 1.939283827327562, "prior": 8.225390336367088, "rate": 5.996760448228745}, "datetime": {"datetime": "2024-06-14 10:30:28", "elapsed": 3.514448, "delta": 0.008976}}
{"target": -364.09920456444826, "params": {"gamma": 6.888763744927632, "prior": 4.9619886169125325, "rate": 0.8826486387405684}, "datetime": {"datetime": "2024-06-14 10:30:28", "elapsed": 3.523424, "delta": 0.008976}}
{"target": -178.6264298338233, "params": {"gamma": 2.351541289225017, "prior": 4.669860600827058, "rate": 1.9867164390362086}, "datetime": {"datetime": "2024-06-14 10:30:28", "elapsed": 3.531404, "delta": 0.00798}}
{"target": -143.3117645178344, "params": {"gamma": 0.2557368815524242, "prior": 7.321037212735911, "rate": 7.249442555443973}, "datetime": {"datetime": "2024-06-14 10:30:28", "elapsed": 3.540379, "delta": 0.008975}}
{"target": -208.28825960275583, "params": {"gamma": 3.304587071870666, "prior": 8.45059184803019, "rate": 4.284996317034784}, "datetime": {"datetime": "2024-06-14 10:30:28", "elapsed": 3.549355, "delta": 0.008976}}
{"target": -433.3919704063553, "params": {"gamma": 8.64699676149058, "prior": 6.604947703766606, "rate": 5.810775538523484}, "datetime": {"datetime": "2024-06-14 10:30:28", "elapsed": 3.558331, "delta": 0.008976}}
{"target": -161.295036880359, "params": {"gamma": 2.008074152862875, "prior": 5.342511443736109, "rate": 8.944429751857296}, "datetime": {"datetime": "2024-06-14 10:30:28", "elapsed": 3.567307, "delta": 0.008976}}
{"target": -194.17398760007626, "params": {"gamma": 3.0506347643763254, "prior": 8.722361530694428, "rate": 9.087543983311022}, "datetime": {"datetime": "2024-06-14 10:30:28", "elapsed": 3.576283, "delta": 0.008976}}
{"target": -202.6544108772222, "params": {"gamma": 3.2991157822561417, "prior": 6.862436226731985, "rate": 8.992310274710121}, "datetime": {"datetime": "2024-06-14 10:30:28", "elapsed": 3.585259, "delta": 0.008976}}
{"target": -148.26268833253292, "params": {"gamma": 0.7578931207012753, "prior": 8.798019845727227, "rate": 1.9092027933215376}, "datetime": {"datetime": "2024-06-14 10:30:28", "elapsed": 3.594236, "delta": 0.008977}}
{"target": -423.5017907749663, "params": {"gamma": 8.497839331269288, "prior": 6.704476008122119, "rate": 3.4440476153050885}, "datetime": {"datetime": "2024-06-14 10:30:28", "elapsed": 3.603211, "delta": 0.008975}}
{"target": -150.71017539250792, "params": {"gamma": 1.5146043243579972, "prior": 6.390172518735689, "rate": 8.478032649103701}, "datetime": {"datetime": "2024-06-14 10:30:28", "elapsed": 3.612187, "delta": 0.008976}}
{"target": -422.465465125501, "params": {"gamma": 8.218671898265342, "prior": 6.319572011593512, "rate": 9.563058796042565}, "datetime": {"datetime": "2024-06-14 10:30:28", "elapsed": 3.621163, "delta": 0.008976}}
{"target": -317.99936355504457, "params": {"gamma": 5.899641347630623, "prior": 2.058544568014401, "rate": 4.293877895442307}, "datetime": {"datetime": "2024-06-14 10:30:28", "elapsed": 3.630139, "delta": 0.008976}}
{"target": -213.53258927693594, "params": {"gamma": 3.3681232410129716, "prior": 9.920255617882082, "rate": 3.8029847246765303}, "datetime": {"datetime": "2024-06-14 10:30:28", "elapsed": 3.638118, "delta": 0.007979}}
{"target": -487.0227986286493, "params": {"gamma": 9.927016035774514, "prior": 5.2361620822608, "rate": 1.7236247350697775}, "datetime": {"datetime": "2024-06-14 10:30:28", "elapsed": 3.647093, "delta": 0.008975}}
