{"target": -116.41334852786498, "params": {"gamma": 0.8360084125803933, "prior": 1.2665169851136882, "rate": 8.215906871200115}, "datetime": {"datetime": "2024-06-14 05:43:39", "elapsed": 661.231426, "delta": 35.954011}}
{"target": -116.06862822717534, "params": {"gamma": 0.8166030769050763, "prior": 0.11560175487147312, "rate": 4.887027109177506}, "datetime": {"datetime": "2024-06-14 05:44:01", "elapsed": 683.530719, "delta": 22.299293}}
{"target": -118.33582795688156, "params": {"gamma": 1.0730322069113765, "prior": 3.3196139951459114, "rate": 9.974779561843789}, "datetime": {"datetime": "2024-06-14 05:44:33", "elapsed": 715.012048, "delta": 31.481329}}
{"target": -115.79025564487044, "params": {"gamma": 0.8915646720924706, "prior": 0.14301715102788526, "rate": 3.4939243420611668}, "datetime": {"datetime": "2024-06-14 05:45:10", "elapsed": 752.238921, "delta": 37.226873}}
{"target": -117.57732679982408, "params": {"gamma": 0.8649331963693769, "prior": 0.11076434031447238, "rate": 9.089680987518605}, "datetime": {"datetime": "2024-06-14 05:45:30", "elapsed": 772.473095, "delta": 20.234174}}
