{"target": -133.85796184624147, "params": {"gamma": 0.7466661384435471, "prior": 3.766026368361488, "rate": 1.235065179287484}, "datetime": {"datetime": "2024-06-14 18:10:31", "elapsed": 3.546624, "delta": 0.008976}}
{"target": -288.1235894619059, "params": {"gamma": 6.345552644202125, "prior": 4.1978064727211475, "rate": 9.909165409621975}, "datetime": {"datetime": "2024-06-14 18:10:31", "elapsed": 3.5556, "delta": 0.008976}}
{"target": -406.71520085244913, "params": {"gamma": 9.299626280909525, "prior": 1.5774367198665253, "rate": 3.9494277431054683}, "datetime": {"datetime": "2024-06-14 18:10:31", "elapsed": 3.564577, "delta": 0.008977}}
{"target": -216.47479384856007, "params": {"gamma": 4.6163355299129, "prior": 5.6533926757072575, "rate": 7.803854869369396}, "datetime": {"datetime": "2024-06-14 18:10:31", "elapsed": 3.573552, "delta": 0.008975}}
{"target": -218.2203504788774, "params": {"gamma": 4.872451896825164, "prior": 4.257936164901384, "rate": 2.6207350474886373}, "datetime": {"datetime": "2024-06-14 18:10:31", "elapsed": 3.582528, "delta": 0.008976}}
{"target": -394.0854526696165, "params": {"gamma": 9.108150584728497, "prior": 0.32048796417476116, "rate": 8.211397860291427}, "datetime": {"datetime": "2024-06-14 18:10:31", "elapsed": 3.590507, "delta": 0.007979}}
{"target": -137.1723142603566, "params": {"gamma": 1.8854955282645185, "prior": 6.888993301808218, "rate": 3.552738684007098}, "datetime": {"datetime": "2024-06-14 18:10:31", "elapsed": 3.599483, "delta": 0.008976}}
{"target": -415.5311681168112, "params": {"gamma": 9.742152066323019, "prior": 1.3154440815492576, "rate": 1.8765113562797784}, "datetime": {"datetime": "2024-06-14 18:10:31", "elapsed": 3.608459, "delta": 0.008976}}
{"target": -365.2112244967717, "params": {"gamma": 8.894535312169324, "prior": 5.875722514621456, "rate": 3.0931546002031376}, "datetime": {"datetime": "2024-06-14 18:10:31", "elapsed": 3.617435, "delta": 0.008976}}
{"target": -144.63410268200562, "params": {"gamma": 0.008643090396402046, "prior": 2.353217609390305, "rate": 1.4548909380781856}, "datetime": {"datetime": "2024-06-14 18:10:31", "elapsed": 3.626412, "delta": 0.008977}}
{"target": -139.05878678760496, "params": {"gamma": 2.035134809876536, "prior": 8.973593312359645, "rate": 8.731070688318136}, "datetime": {"datetime": "2024-06-14 18:10:31", "elapsed": 3.635387, "delta": 0.008975}}
{"target": -309.4694813630292, "params": {"gamma": 7.0031940868968645, "prior": 4.757926993906869, "rate": 8.271532887320552}, "datetime": {"datetime": "2024-06-14 18:10:31", "elapsed": 3.644363, "delta": 0.008976}}
{"target": -222.9881106164782, "params": {"gamma": 4.958768144455039, "prior": 3.698537964520562, "rate": 2.7567554245058266}, "datetime": {"datetime": "2024-06-14 18:10:31", "elapsed": 3.653339, "delta": 0.008976}}
{"target": -394.0576777622399, "params": {"gamma": 9.247483394570178, "prior": 3.931193419137293, "rate": 4.929315853439772}, "datetime": {"datetime": "2024-06-14 18:10:31", "elapsed": 3.662315, "delta": 0.008976}}
{"target": -149.18457589429514, "params": {"gamma": 2.5451265850419067, "prior": 8.861168536496827, "rate": 3.833251304596062}, "datetime": {"datetime": "2024-06-14 18:10:31", "elapsed": 3.671291, "delta": 0.008976}}
{"target": -159.81597825919354, "params": {"gamma": 2.9764495784234386, "prior": 7.2041901257280685, "rate": 1.909508561779902}, "datetime": {"datetime": "2024-06-14 18:10:31", "elapsed": 3.67927, "delta": 0.007979}}
{"target": -129.9698081567223, "params": {"gamma": 1.1828081008410374, "prior": 8.386278043913771, "rate": 7.441615077773983}, "datetime": {"datetime": "2024-06-14 18:10:31", "elapsed": 3.688246, "delta": 0.008976}}
{"target": -271.68304632095055, "params": {"gamma": 5.905614955923525, "prior": 2.5046265921522197, "rate": 6.2328482047306535}, "datetime": {"datetime": "2024-06-14 18:10:31", "elapsed": 3.697222, "delta": 0.008976}}
{"target": -257.6186393059937, "params": {"gamma": 6.383914852090989, "prior": 3.342937496712019, "rate": 0.6758259413323553}, "datetime": {"datetime": "2024-06-14 18:10:31", "elapsed": 3.706198, "delta": 0.008976}}
{"target": -379.93353527788605, "params": {"gamma": 8.805505437045703, "prior": 4.6535716376351575, "rate": 7.638963307946233}, "datetime": {"datetime": "2024-06-14 18:10:31", "elapsed": 3.715174, "delta": 0.008976}}
{"target": -149.00144539169497, "params": {"gamma": 2.539632320806454, "prior": 5.954733104448417, "rate": 4.288522808327629}, "datetime": {"datetime": "2024-06-14 18:10:31", "elapsed": 3.72415, "delta": 0.008976}}
{"target": -191.19106717525096, "params": {"gamma": 3.8216243248488464, "prior": 1.3544625000845356, "rate": 2.4434223654265494}, "datetime": {"datetime": "2024-06-14 18:10:31", "elapsed": 3.733126, "delta": 0.008976}}
{"target": -129.2634903133314, "params": {"gamma": 0.7943364880002312, "prior": 3.098297216704028, "rate": 7.417306297515323}, "datetime": {"datetime": "2024-06-14 18:10:31", "elapsed": 3.741104, "delta": 0.007978}}
{"target": -258.02718507575423, "params": {"gamma": 6.150542233985518, "prior": 6.7568698794458655, "rate": 0.08482241217079087}, "datetime": {"datetime": "2024-06-14 18:10:31", "elapsed": 3.75008, "delta": 0.008976}}
{"target": -282.7510146051766, "params": {"gamma": 6.784091345540948, "prior": 5.081488836374581, "rate": 2.309853596391308}, "datetime": {"datetime": "2024-06-14 18:10:31", "elapsed": 3.759059, "delta": 0.008979}}
{"target": -137.25511704317339, "params": {"gamma": 1.7497901933102402, "prior": 1.9313313589532155, "rate": 8.44275579074591}, "datetime": {"datetime": "2024-06-14 18:10:31", "elapsed": 3.768065, "delta": 0.009006}}
{"target": -391.1337072163653, "params": {"gamma": 9.825915303261548, "prior": 9.146022285932153, "rate": 3.4743468343077555}, "datetime": {"datetime": "2024-06-14 18:10:31", "elapsed": 3.778006, "delta": 0.009941}}
{"target": -338.85737487828175, "params": {"gamma": 7.802465572333946, "prior": 5.509900447944164, "rate": 8.16460753316182}, "datetime": {"datetime": "2024-06-14 18:10:31", "elapsed": 3.786982, "delta": 0.008976}}
{"target": -224.03462439083054, "params": {"gamma": 4.8377857849378705, "prior": 5.9405178531640965, "rate": 7.872847211795091}, "datetime": {"datetime": "2024-06-14 18:10:32", "elapsed": 3.795958, "delta": 0.008976}}
{"target": -130.55423807183448, "params": {"gamma": 1.0032461963882202, "prior": 5.416370456721353, "rate": 3.660467483349873}, "datetime": {"datetime": "2024-06-14 18:10:32", "elapsed": 3.803936, "delta": 0.007978}}
{"target": -254.62695596039254, "params": {"gamma": 6.043464129845054, "prior": 9.592144904806304, "rate": 3.9288366270246278}, "datetime": {"datetime": "2024-06-14 18:10:32", "elapsed": 3.812913, "delta": 0.008977}}
{"target": -188.6390692527406, "params": {"gamma": 3.930337006418223, "prior": 7.927306236537028, "rate": 6.451138912455179}, "datetime": {"datetime": "2024-06-14 18:10:32", "elapsed": 3.821889, "delta": 0.008976}}
{"target": -186.9861665400627, "params": {"gamma": 3.9394461945459094, "prior": 6.920654977479489, "rate": 4.040612088934736}, "datetime": {"datetime": "2024-06-14 18:10:32", "elapsed": 3.830864, "delta": 0.008975}}
{"target": -131.1164290217128, "params": {"gamma": 1.3619954293269727, "prior": 4.561368359854131, "rate": 3.3448595075800287}, "datetime": {"datetime": "2024-06-14 18:10:32", "elapsed": 3.839841, "delta": 0.008977}}
{"target": -141.5660348060366, "params": {"gamma": 2.180471331681618, "prior": 9.265170536200754, "rate": 6.896704351396498}, "datetime": {"datetime": "2024-06-14 18:10:32", "elapsed": 3.848817, "delta": 0.008976}}
{"target": -260.18143069042526, "params": {"gamma": 5.988610085343597, "prior": 7.49190897401775, "rate": 5.420168646652644}, "datetime": {"datetime": "2024-06-14 18:10:32", "elapsed": 3.857793, "delta": 0.008976}}
{"target": -301.9479475225056, "params": {"gamma": 7.005630193122407, "prior": 9.312542210573467, "rate": 8.626304328357714}, "datetime": {"datetime": "2024-06-14 18:10:32", "elapsed": 3.866768, "delta": 0.008975}}
{"target": -137.0128104827753, "params": {"gamma": 1.6752511332077065, "prior": 2.705076336846355, "rate": 0.7170311841386036}, "datetime": {"datetime": "2024-06-14 18:10:32", "elapsed": 3.875745, "delta": 0.008977}}
{"target": -427.85179092474596, "params": {"gamma": 9.786749378778312, "prior": 2.4402025767377182, "rate": 6.6063229609300596}, "datetime": {"datetime": "2024-06-14 18:10:32", "elapsed": 3.884721, "delta": 0.008976}}
{"target": -128.88720385190018, "params": {"gamma": 0.8972173585756926, "prior": 2.1866323266614858, "rate": 5.028741010800528}, "datetime": {"datetime": "2024-06-14 18:10:32", "elapsed": 3.892699, "delta": 0.007978}}
{"target": -129.13704891074966, "params": {"gamma": 1.0504317296309502, "prior": 3.9498466866777715, "rate": 5.3803392136766695}, "datetime": {"datetime": "2024-06-14 18:10:32", "elapsed": 3.901675, "delta": 0.008976}}
{"target": -172.74490258725214, "params": {"gamma": 3.3927026446661146, "prior": 5.603412090153097, "rate": 5.368146451102699}, "datetime": {"datetime": "2024-06-14 18:10:32", "elapsed": 3.910651, "delta": 0.008976}}
{"target": -189.03190479446928, "params": {"gamma": 3.906714376870321, "prior": 6.993073822700919, "rate": 6.785146057525243}, "datetime": {"datetime": "2024-06-14 18:10:32", "elapsed": 3.919627, "delta": 0.008976}}
{"target": -291.5923474148245, "params": {"gamma": 6.8733441905945245, "prior": 5.6587634621138045, "rate": 3.5814410602153455}, "datetime": {"datetime": "2024-06-14 18:10:32", "elapsed": 3.928603, "delta": 0.008976}}
{"target": -263.8899973528449, "params": {"gamma": 6.131510241334756, "prior": 9.363789039421178, "rate": 5.969288360934786}, "datetime": {"datetime": "2024-06-14 18:10:32", "elapsed": 3.93758, "delta": 0.008977}}
{"target": -419.615010588229, "params": {"gamma": 9.795922153419893, "prior": 4.465965542047824, "rate": 7.39638001311296}, "datetime": {"datetime": "2024-06-14 18:10:32", "elapsed": 3.946584, "delta": 0.009004}}
{"target": -136.38345386107468, "params": {"gamma": 0.3770011826173517, "prior": 7.6707937261048125, "rate": 5.1832975216877974}, "datetime": {"datetime": "2024-06-14 18:10:32", "elapsed": 3.955531, "delta": 0.008947}}
{"target": -143.07848685116073, "params": {"gamma": 0.05416001307807128, "prior": 2.8442810373477254, "rate": 5.348787492965596}, "datetime": {"datetime": "2024-06-14 18:10:32", "elapsed": 3.964507, "delta": 0.008976}}
{"target": -348.98565615868864, "params": {"gamma": 7.679860819934835, "prior": 0.6256166949799984, "rate": 5.490985385061347}, "datetime": {"datetime": "2024-06-14 18:10:32", "elapsed": 3.973483, "delta": 0.008976}}
{"target": -346.5637169518256, "params": {"gamma": 8.010144563427762, "prior": 6.530872243296941, "rate": 9.314538702914113}, "datetime": {"datetime": "2024-06-14 18:10:32", "elapsed": 3.982459, "delta": 0.008976}}
{"target": -129.39296722773818, "params": {"gamma": 0.7482397187025968, "prior": 2.8403839797458077, "rate": 9.192455805057469}, "datetime": {"datetime": "2024-06-14 18:10:32", "elapsed": 3.991435, "delta": 0.008976}}
{"target": -331.93541714667106, "params": {"gamma": 7.650286477833132, "prior": 6.037429410273777, "rate": 8.329848470226867}, "datetime": {"datetime": "2024-06-14 18:10:32", "elapsed": 3.999414, "delta": 0.007979}}
{"target": -380.1402640380465, "params": {"gamma": 8.960538872258445, "prior": 9.729931493242967, "rate": 9.98520655039097}, "datetime": {"datetime": "2024-06-14 18:10:32", "elapsed": 4.009388, "delta": 0.009974}}
{"target": -130.9468794436875, "params": {"gamma": 1.3973536875073507, "prior": 0.7983662429626219, "rate": 0.7355930769468734}, "datetime": {"datetime": "2024-06-14 18:10:32", "elapsed": 4.017366, "delta": 0.007978}}
{"target": -142.35465679672603, "params": {"gamma": 0.14842316520856935, "prior": 9.721018722481467, "rate": 0.9485743976558341}, "datetime": {"datetime": "2024-06-14 18:10:32", "elapsed": 4.026342, "delta": 0.008976}}
{"target": -353.07317591115, "params": {"gamma": 8.417526525032311, "prior": 6.883212669386226, "rate": 4.876084117661699}, "datetime": {"datetime": "2024-06-14 18:10:32", "elapsed": 4.035318, "delta": 0.008976}}
{"target": -173.4925696370838, "params": {"gamma": 3.4676021187044235, "prior": 3.6011130919633505, "rate": 2.539134984589525}, "datetime": {"datetime": "2024-06-14 18:10:32", "elapsed": 4.044294, "delta": 0.008976}}
{"target": -336.7257050710543, "params": {"gamma": 9.110268719012566, "prior": 7.283861200399203, "rate": 0.2602320020499145}, "datetime": {"datetime": "2024-06-14 18:10:32", "elapsed": 4.05327, "delta": 0.008976}}
{"target": -205.4643433313923, "params": {"gamma": 4.615751011217899, "prior": 2.884882598114433, "rate": 0.2906328955928069}, "datetime": {"datetime": "2024-06-14 18:10:32", "elapsed": 4.062246, "delta": 0.008976}}
{"target": -357.8886847080708, "params": {"gamma": 8.846934261198635, "prior": 7.732953043751355, "rate": 3.298021057363365}, "datetime": {"datetime": "2024-06-14 18:10:32", "elapsed": 4.070224, "delta": 0.007978}}
{"target": -339.50622317474415, "params": {"gamma": 7.965789316779574, "prior": 3.3139193898096666, "rate": 3.0795165557326496}, "datetime": {"datetime": "2024-06-14 18:10:32", "elapsed": 4.079201, "delta": 0.008977}}
{"target": -380.5718823426925, "params": {"gamma": 9.281162675928762, "prior": 9.771470003263916, "rate": 5.236029491864212}, "datetime": {"datetime": "2024-06-14 18:10:32", "elapsed": 4.088176, "delta": 0.008975}}
{"target": -391.9648694393345, "params": {"gamma": 9.519399740511682, "prior": 8.891165289872, "rate": 5.180807583382493}, "datetime": {"datetime": "2024-06-14 18:10:32", "elapsed": 4.097152, "delta": 0.008976}}
{"target": -180.8953940469413, "params": {"gamma": 3.728115272172759, "prior": 7.132510325364133, "rate": 4.5569786029958985}, "datetime": {"datetime": "2024-06-14 18:10:32", "elapsed": 4.106128, "delta": 0.008976}}
{"target": -263.4918270431609, "params": {"gamma": 6.052523738337006, "prior": 9.905021349210472, "rate": 7.739388583314729}, "datetime": {"datetime": "2024-06-14 18:10:32", "elapsed": 4.115104, "delta": 0.008976}}
{"target": -175.80384592120762, "params": {"gamma": 3.343429773533269, "prior": 0.9810823861415419, "rate": 1.8498709971938052}, "datetime": {"datetime": "2024-06-14 18:10:32", "elapsed": 4.124081, "delta": 0.008977}}
{"target": -243.8971017019187, "params": {"gamma": 5.2689919070424525, "prior": 4.229313939257894, "rate": 8.006795921634268}, "datetime": {"datetime": "2024-06-14 18:10:32", "elapsed": 4.133057, "delta": 0.008976}}
{"target": -417.08131291226033, "params": {"gamma": 9.332090179528631, "prior": 1.8608610047183507, "rate": 8.600807641991286}, "datetime": {"datetime": "2024-06-14 18:10:32", "elapsed": 4.142033, "delta": 0.008976}}
{"target": -349.44589425246113, "params": {"gamma": 9.57399186834036, "prior": 9.598759007812843, "rate": 0.37958801461658453}, "datetime": {"datetime": "2024-06-14 18:10:32", "elapsed": 4.151009, "delta": 0.008976}}
{"target": -130.87909814558705, "params": {"gamma": 0.576777472576129, "prior": 0.15739418988512105, "rate": 3.127498880398609}, "datetime": {"datetime": "2024-06-14 18:10:32", "elapsed": 4.158987, "delta": 0.007978}}
{"target": -132.47189565498672, "params": {"gamma": 0.5579284287083343, "prior": 3.0092386061583873, "rate": 3.5608088438258343}, "datetime": {"datetime": "2024-06-14 18:10:32", "elapsed": 4.167963, "delta": 0.008976}}
{"target": -392.40534974791814, "params": {"gamma": 9.536816507720744, "prior": 4.821814132619101, "rate": 2.783106185770882}, "datetime": {"datetime": "2024-06-14 18:10:32", "elapsed": 4.176939, "delta": 0.008976}}
{"target": -215.75582174229805, "params": {"gamma": 5.030548945314497, "prior": 6.469243454026442, "rate": 1.1133454800017826}, "datetime": {"datetime": "2024-06-14 18:10:32", "elapsed": 4.185915, "delta": 0.008976}}
{"target": -325.1626600804145, "params": {"gamma": 7.580858519672953, "prior": 8.534263135744226, "rate": 8.442654345834713}, "datetime": {"datetime": "2024-06-14 18:10:32", "elapsed": 4.194892, "delta": 0.008977}}
{"target": -379.2118383063581, "params": {"gamma": 8.905177817288482, "prior": 3.8802397278820355, "rate": 4.438608178466819}, "datetime": {"datetime": "2024-06-14 18:10:32", "elapsed": 4.204404, "delta": 0.009512}}
{"target": -128.93057019455222, "params": {"gamma": 1.0167131779857155, "prior": 2.335488532069228, "rate": 9.713233372262836}, "datetime": {"datetime": "2024-06-14 18:10:32", "elapsed": 4.212383, "delta": 0.007979}}
{"target": -157.33562241911702, "params": {"gamma": 2.8469550657183857, "prior": 9.083221808185874, "rate": 8.905632311496733}, "datetime": {"datetime": "2024-06-14 18:10:32", "elapsed": 4.222356, "delta": 0.009973}}
{"target": -413.4746581785815, "params": {"gamma": 9.225122468106674, "prior": 1.645880687963868, "rate": 8.797341712870308}, "datetime": {"datetime": "2024-06-14 18:10:32", "elapsed": 4.231332, "delta": 0.008976}}
{"target": -281.77297867839684, "params": {"gamma": 6.320317509680909, "prior": 2.1852189663461443, "rate": 3.4518140318860318}, "datetime": {"datetime": "2024-06-14 18:10:32", "elapsed": 4.239311, "delta": 0.007979}}
{"target": -137.8289404928524, "params": {"gamma": 1.6000279671042428, "prior": 4.499046758716659, "rate": 0.8386657635007598}, "datetime": {"datetime": "2024-06-14 18:10:32", "elapsed": 4.248287, "delta": 0.008976}}
{"target": -135.09803346541682, "params": {"gamma": 1.654019586311918, "prior": 2.052243830020026, "rate": 6.910582388225486}, "datetime": {"datetime": "2024-06-14 18:10:32", "elapsed": 4.257801, "delta": 0.009514}}
{"target": -239.84665679729036, "params": {"gamma": 5.738454888784365, "prior": 8.745899026963649, "rate": 2.447096023126362}, "datetime": {"datetime": "2024-06-14 18:10:32", "elapsed": 4.266778, "delta": 0.008977}}
{"target": -291.29798102222395, "params": {"gamma": 6.296449959232413, "prior": 0.4408695265402466, "rate": 5.162468412309614}, "datetime": {"datetime": "2024-06-14 18:10:32", "elapsed": 4.275753, "delta": 0.008975}}
{"target": -329.37992058410856, "params": {"gamma": 8.632401590656782, "prior": 9.842852784460677, "rate": 0.09971988061382621}, "datetime": {"datetime": "2024-06-14 18:10:32", "elapsed": 4.284729, "delta": 0.008976}}
{"target": -151.24802910112328, "params": {"gamma": 2.5291619792860742, "prior": 2.316111736242501, "rate": 0.4763284046833772}, "datetime": {"datetime": "2024-06-14 18:10:32", "elapsed": 4.294703, "delta": 0.009974}}
{"target": -143.09354060704317, "params": {"gamma": 0.10271439016149476, "prior": 4.952933591217894, "rate": 0.4557759745572704}, "datetime": {"datetime": "2024-06-14 18:10:32", "elapsed": 4.303678, "delta": 0.008975}}
{"target": -154.4350408709347, "params": {"gamma": 2.784002980338173, "prior": 6.435748234178231, "rate": 2.9476257235674814}, "datetime": {"datetime": "2024-06-14 18:10:32", "elapsed": 4.311657, "delta": 0.007979}}
{"target": -152.51800043329987, "params": {"gamma": 2.6972773568893555, "prior": 5.946410570211314, "rate": 3.805960238019191}, "datetime": {"datetime": "2024-06-14 18:10:32", "elapsed": 4.32163, "delta": 0.009973}}
{"target": -306.351387894417, "params": {"gamma": 7.025527816580048, "prior": 5.011627117373624, "rate": 6.33245944879897}, "datetime": {"datetime": "2024-06-14 18:10:32", "elapsed": 4.330606, "delta": 0.008976}}
{"target": -173.9432796639522, "params": {"gamma": 3.5345900756692927, "prior": 2.9417350669395357, "rate": 1.3329379303972684}, "datetime": {"datetime": "2024-06-14 18:10:32", "elapsed": 4.339582, "delta": 0.008976}}
{"target": -398.00129420509603, "params": {"gamma": 9.370866767604843, "prior": 8.067874875556367, "rate": 9.380347403020368}, "datetime": {"datetime": "2024-06-14 18:10:32", "elapsed": 4.348558, "delta": 0.008976}}
{"target": -136.09019390979662, "params": {"gamma": 1.8546198659533752, "prior": 9.338242051949933, "rate": 9.357596323713638}, "datetime": {"datetime": "2024-06-14 18:10:32", "elapsed": 4.356537, "delta": 0.007979}}
{"target": -160.64779203844105, "params": {"gamma": 2.8361615915229414, "prior": 2.8188790593962434, "rate": 5.514764305160052}, "datetime": {"datetime": "2024-06-14 18:10:32", "elapsed": 4.365855, "delta": 0.009318}}
{"target": -137.35374857141088, "params": {"gamma": 1.8537071044461548, "prior": 4.476800995204981, "rate": 1.8539911417309063}, "datetime": {"datetime": "2024-06-14 18:10:32", "elapsed": 4.374831, "delta": 0.008976}}
{"target": -409.08842497354476, "params": {"gamma": 9.473811803621638, "prior": 4.988864109161748, "rate": 9.639213756472554}, "datetime": {"datetime": "2024-06-14 18:10:32", "elapsed": 4.383807, "delta": 0.008976}}
{"target": -289.70363398181064, "params": {"gamma": 6.449771783449607, "prior": 4.894726153020617, "rate": 9.676984764366013}, "datetime": {"datetime": "2024-06-14 18:10:32", "elapsed": 4.391786, "delta": 0.007979}}
{"target": -131.08391194337258, "params": {"gamma": 1.4327546273059197, "prior": 6.360065759198316, "rate": 6.6192217900001395}, "datetime": {"datetime": "2024-06-14 18:10:32", "elapsed": 4.400762, "delta": 0.008976}}
{"target": -217.41152465346642, "params": {"gamma": 4.3389644317001075, "prior": 0.6876365308556791, "rate": 4.927733289059168}, "datetime": {"datetime": "2024-06-14 18:10:32", "elapsed": 4.409738, "delta": 0.008976}}
{"target": -206.10569611354217, "params": {"gamma": 4.651874301237257, "prior": 8.08679342667115, "rate": 2.5673532385398095}, "datetime": {"datetime": "2024-06-14 18:10:32", "elapsed": 4.418714, "delta": 0.008976}}
{"target": -198.24477921873577, "params": {"gamma": 3.914912199479702, "prior": 2.4777048514916347, "rate": 6.864747708308469}, "datetime": {"datetime": "2024-06-14 18:10:32", "elapsed": 4.42769, "delta": 0.008976}}
{"target": -440.1353266348111, "params": {"gamma": 9.898844649917818, "prior": 1.856552414995793, "rate": 8.214645955522746}, "datetime": {"datetime": "2024-06-14 18:10:32", "elapsed": 4.436666, "delta": 0.008976}}
