{"target": -278.54410335831477, "params": {"gamma": 1.0947197590216522, "lr": 0.673041054216622}, "datetime": {"datetime": "2024-06-13 22:59:26", "elapsed": 1.807737, "delta": 0.004987}}
{"target": -1146.5204474191794, "params": {"gamma": 4.999823778620901, "lr": 0.777098229275783}, "datetime": {"datetime": "2024-06-13 22:59:26", "elapsed": 1.811726, "delta": 0.003989}}
{"target": -526.35256925476, "params": {"gamma": 1.4369263717442184, "lr": 0.08320263643587555}, "datetime": {"datetime": "2024-06-13 22:59:26", "elapsed": 1.815716, "delta": 0.00399}}
{"target": -930.9434534839941, "params": {"gamma": 3.9927868349191855, "lr": 0.7969622519799001}, "datetime": {"datetime": "2024-06-13 22:59:26", "elapsed": 1.819705, "delta": 0.003989}}
{"target": -456.6991806255743, "params": {"gamma": 1.917565713359991, "lr": 0.767777192147274}, "datetime": {"datetime": "2024-06-13 22:59:26", "elapsed": 1.822697, "delta": 0.002992}}
{"target": -897.3121035117191, "params": {"gamma": 2.90368967262162, "lr": 0.21689148761179533}, "datetime": {"datetime": "2024-06-13 22:59:26", "elapsed": 1.826687, "delta": 0.00399}}
{"target": -151.65199690083594, "params": {"gamma": 0.1681391751809873, "lr": 0.3986590599223787}, "datetime": {"datetime": "2024-06-13 22:59:26", "elapsed": 1.830676, "delta": 0.003989}}
{"target": -810.5567161473747, "params": {"gamma": 3.8114338314432303, "lr": 0.6593449361953647}, "datetime": {"datetime": "2024-06-13 22:59:26", "elapsed": 1.834665, "delta": 0.003989}}
{"target": -279.93143638547286, "params": {"gamma": 0.7101130863034019, "lr": 0.15260398704227185}, "datetime": {"datetime": "2024-06-13 22:59:26", "elapsed": 1.839652, "delta": 0.004987}}
{"target": -160.01132415741358, "params": {"gamma": 0.16674225312644053, "lr": 0.11379635644740682}, "datetime": {"datetime": "2024-06-13 22:59:26", "elapsed": 1.843641, "delta": 0.003989}}
{"target": -1360.8858882105399, "params": {"gamma": 6.518240970824895, "lr": 0.4026568521749192}, "datetime": {"datetime": "2024-06-13 22:59:26", "elapsed": 1.846634, "delta": 0.002993}}
{"target": -669.5220902366276, "params": {"gamma": 3.2109421153589914, "lr": 0.5579119942437725}, "datetime": {"datetime": "2024-06-13 22:59:26", "elapsed": 1.85162, "delta": 0.004986}}
{"target": -2351.456043564451, "params": {"gamma": 9.9346111705354, "lr": 0.8344865140180296}, "datetime": {"datetime": "2024-06-13 22:59:26", "elapsed": 1.855609, "delta": 0.003989}}
{"target": -1773.1008088831106, "params": {"gamma": 6.99653220081344, "lr": 0.9182585891320579}, "datetime": {"datetime": "2024-06-13 22:59:26", "elapsed": 1.858602, "delta": 0.002993}}
{"target": -202.99647954971724, "params": {"gamma": 0.3982473381241651, "lr": 0.07033344161552524}, "datetime": {"datetime": "2024-06-13 22:59:26", "elapsed": 1.86259, "delta": 0.003988}}
{"target": -1077.7189198331716, "params": {"gamma": 4.740588893590559, "lr": 0.3491674129570773}, "datetime": {"datetime": "2024-06-13 22:59:26", "elapsed": 1.86658, "delta": 0.00399}}
{"target": -1893.7081439721408, "params": {"gamma": 9.37258336922236, "lr": 0.48956496114516856}, "datetime": {"datetime": "2024-06-13 22:59:26", "elapsed": 1.871566, "delta": 0.004986}}
{"target": -1370.575060407471, "params": {"gamma": 5.396951451823413, "lr": 0.8952603657312208}, "datetime": {"datetime": "2024-06-13 22:59:26", "elapsed": 1.875556, "delta": 0.00399}}
{"target": -1105.374904499096, "params": {"gamma": 4.466903823191082, "lr": 0.8770343892703519}, "datetime": {"datetime": "2024-06-13 22:59:26", "elapsed": 1.879545, "delta": 0.003989}}
{"target": -647.4867403873681, "params": {"gamma": 2.536563911966912, "lr": 0.27380970415810857}, "datetime": {"datetime": "2024-06-13 22:59:26", "elapsed": 1.883534, "delta": 0.003989}}
{"target": -693.127812675392, "params": {"gamma": 3.284285539485814, "lr": 0.5475642704809535}, "datetime": {"datetime": "2024-06-13 22:59:26", "elapsed": 1.886527, "delta": 0.002993}}
{"target": -504.13870514264534, "params": {"gamma": 2.2020666115957854, "lr": 0.6714291710812733}, "datetime": {"datetime": "2024-06-13 22:59:26", "elapsed": 1.890516, "delta": 0.003989}}
{"target": -516.065595189242, "params": {"gamma": 1.4287900347472011, "lr": 0.09410027449963942}, "datetime": {"datetime": "2024-06-13 22:59:26", "elapsed": 1.894505, "delta": 0.003989}}
{"target": -2523.0335988257752, "params": {"gamma": 8.70204727030757, "lr": 0.23686870355699852}, "datetime": {"datetime": "2024-06-13 22:59:26", "elapsed": 1.898819, "delta": 0.004314}}
{"target": -818.9451392848985, "params": {"gamma": 3.8606541062149327, "lr": 0.5715420927253323}, "datetime": {"datetime": "2024-06-13 22:59:26", "elapsed": 1.903804, "delta": 0.004985}}
{"target": -1846.9718508972396, "params": {"gamma": 5.258493897544749, "lr": 0.07602387944210687}, "datetime": {"datetime": "2024-06-13 22:59:26", "elapsed": 1.907793, "delta": 0.003989}}
{"target": -2211.7473370659336, "params": {"gamma": 8.741385230044685, "lr": 0.9511356184186921}, "datetime": {"datetime": "2024-06-13 22:59:26", "elapsed": 1.911783, "delta": 0.00399}}
{"target": -2016.298506027015, "params": {"gamma": 8.125260534442543, "lr": 0.2838018349468743}, "datetime": {"datetime": "2024-06-13 22:59:26", "elapsed": 1.915772, "delta": 0.003989}}
{"target": -1198.286266107317, "params": {"gamma": 5.278940114383477, "lr": 0.3394167240176095}, "datetime": {"datetime": "2024-06-13 22:59:26", "elapsed": 1.919761, "delta": 0.003989}}
{"target": -1408.965068446387, "params": {"gamma": 5.54711844056588, "lr": 0.9744034689130026}, "datetime": {"datetime": "2024-06-13 22:59:26", "elapsed": 1.92375, "delta": 0.003989}}
{"target": -700.3179653277869, "params": {"gamma": 3.1177174742720952, "lr": 0.6687966059228697}, "datetime": {"datetime": "2024-06-13 22:59:26", "elapsed": 1.92774, "delta": 0.00399}}
{"target": -754.2137615686712, "params": {"gamma": 3.26034610588255, "lr": 0.7744772660150796}, "datetime": {"datetime": "2024-06-13 22:59:26", "elapsed": 1.932727, "delta": 0.004987}}
{"target": -835.2419416655588, "params": {"gamma": 3.258773856165435, "lr": 0.889827341447375}, "datetime": {"datetime": "2024-06-13 22:59:26", "elapsed": 1.935719, "delta": 0.002992}}
{"target": -1717.1070994385518, "params": {"gamma": 7.51732550147175, "lr": 0.7626320954451107}, "datetime": {"datetime": "2024-06-13 22:59:26", "elapsed": 1.939708, "delta": 0.003989}}
{"target": -1441.7090687512348, "params": {"gamma": 4.695320806570698, "lr": 0.21076450246870537}, "datetime": {"datetime": "2024-06-13 22:59:26", "elapsed": 1.943697, "delta": 0.003989}}
{"target": -174.0410433376374, "params": {"gamma": 0.4157093206854123, "lr": 0.3218287999702445}, "datetime": {"datetime": "2024-06-13 22:59:26", "elapsed": 1.947686, "delta": 0.003989}}
{"target": -163.6452076992522, "params": {"gamma": 0.3720895322754502, "lr": 0.6938554113738997}, "datetime": {"datetime": "2024-06-13 22:59:26", "elapsed": 1.951677, "delta": 0.003991}}
{"target": -1412.0351319127785, "params": {"gamma": 6.703829969329749, "lr": 0.430471782744975}, "datetime": {"datetime": "2024-06-13 22:59:26", "elapsed": 1.955665, "delta": 0.003988}}
{"target": -1614.002928284173, "params": {"gamma": 7.678121987604072, "lr": 0.5360084947395637}, "datetime": {"datetime": "2024-06-13 22:59:26", "elapsed": 1.959655, "delta": 0.00399}}
{"target": -196.96532803941386, "params": {"gamma": 0.3995594064278903, "lr": 0.13479311796067905}, "datetime": {"datetime": "2024-06-13 22:59:26", "elapsed": 1.964641, "delta": 0.004986}}
{"target": -456.4238907531614, "params": {"gamma": 1.9349705737501688, "lr": 0.3356638011646498}, "datetime": {"datetime": "2024-06-13 22:59:26", "elapsed": 1.96863, "delta": 0.003989}}
{"target": -178.3629955283525, "params": {"gamma": 0.52407715142833, "lr": 0.6051167805003662}, "datetime": {"datetime": "2024-06-13 22:59:26", "elapsed": 1.971622, "delta": 0.002992}}
{"target": -1075.8232086290432, "params": {"gamma": 5.121098214211664, "lr": 0.6174610120171561}, "datetime": {"datetime": "2024-06-13 22:59:26", "elapsed": 1.975612, "delta": 0.00399}}
{"target": -1031.8312010721038, "params": {"gamma": 4.324123592048677, "lr": 0.8477004682374377}, "datetime": {"datetime": "2024-06-13 22:59:26", "elapsed": 1.979601, "delta": 0.003989}}
{"target": -1598.1474703822998, "params": {"gamma": 4.541136501535455, "lr": 0.015403519791920894}, "datetime": {"datetime": "2024-06-13 22:59:26", "elapsed": 1.98359, "delta": 0.003989}}
{"target": -1829.1045216550021, "params": {"gamma": 8.730808416322548, "lr": 0.6562015477440989}, "datetime": {"datetime": "2024-06-13 22:59:26", "elapsed": 1.98758, "delta": 0.00399}}
{"target": -2083.222843947349, "params": {"gamma": 8.23020740344406, "lr": 0.9517756930338517}, "datetime": {"datetime": "2024-06-13 22:59:26", "elapsed": 1.991569, "delta": 0.003989}}
{"target": -205.9648162210247, "params": {"gamma": 0.5100729227853552, "lr": 0.23507186409101455}, "datetime": {"datetime": "2024-06-13 22:59:26", "elapsed": 1.996556, "delta": 0.004987}}
{"target": -193.02350446942745, "params": {"gamma": 0.6343710911199417, "lr": 0.4216578860324509}, "datetime": {"datetime": "2024-06-13 22:59:26", "elapsed": 2.000545, "delta": 0.003989}}
{"target": -3019.718285026066, "params": {"gamma": 8.638427625869019, "lr": 0.0816239827150681}, "datetime": {"datetime": "2024-06-13 22:59:26", "elapsed": 2.004535, "delta": 0.00399}}
{"target": -1591.7086154753617, "params": {"gamma": 4.7316464169059, "lr": 0.12554310980872363}, "datetime": {"datetime": "2024-06-13 22:59:26", "elapsed": 2.007526, "delta": 0.002991}}
{"target": -1832.210472621869, "params": {"gamma": 7.729083136069011, "lr": 0.8414221567958434}, "datetime": {"datetime": "2024-06-13 22:59:26", "elapsed": 2.011516, "delta": 0.00399}}
{"target": -167.0388927125695, "params": {"gamma": 0.4338660909233998, "lr": 0.48644074317039476}, "datetime": {"datetime": "2024-06-13 22:59:26", "elapsed": 2.015506, "delta": 0.00399}}
{"target": -621.6660682037336, "params": {"gamma": 2.3948710303334217, "lr": 0.9524737816932592}, "datetime": {"datetime": "2024-06-13 22:59:26", "elapsed": 2.019495, "delta": 0.003989}}
{"target": -1966.5705320754798, "params": {"gamma": 9.438982385210178, "lr": 0.6139340023847009}, "datetime": {"datetime": "2024-06-13 22:59:26", "elapsed": 2.023484, "delta": 0.003989}}
{"target": -2198.0177675060004, "params": {"gamma": 9.734900485854638, "lr": 0.344861343716251}, "datetime": {"datetime": "2024-06-13 22:59:26", "elapsed": 2.029469, "delta": 0.005985}}
{"target": -1887.08856581194, "params": {"gamma": 8.97860932595915, "lr": 0.4345949734085095}, "datetime": {"datetime": "2024-06-13 22:59:26", "elapsed": 2.033458, "delta": 0.003989}}
{"target": -612.8106369388562, "params": {"gamma": 2.35891055683799, "lr": 0.9408279632013994}, "datetime": {"datetime": "2024-06-13 22:59:26", "elapsed": 2.03645, "delta": 0.002992}}
{"target": -2396.5461405858528, "params": {"gamma": 6.842496291781293, "lr": 0.06491158533912933}, "datetime": {"datetime": "2024-06-13 22:59:26", "elapsed": 2.040438, "delta": 0.003988}}
{"target": -1912.219723432959, "params": {"gamma": 8.704378143373837, "lr": 0.7013802946333463}, "datetime": {"datetime": "2024-06-13 22:59:26", "elapsed": 2.044429, "delta": 0.003991}}
{"target": -1350.3705849981234, "params": {"gamma": 6.049663802869843, "lr": 0.7323748991793305}, "datetime": {"datetime": "2024-06-13 22:59:26", "elapsed": 2.048417, "delta": 0.003988}}
{"target": -546.8710179948579, "params": {"gamma": 2.535136985955308, "lr": 0.6004889552745444}, "datetime": {"datetime": "2024-06-13 22:59:26", "elapsed": 2.054402, "delta": 0.005985}}
{"target": -2848.97881226128, "params": {"gamma": 8.146377193435292, "lr": 0.05411366032399989}, "datetime": {"datetime": "2024-06-13 22:59:26", "elapsed": 2.058391, "delta": 0.003989}}
{"target": -338.94787474544006, "params": {"gamma": 1.3059762027213204, "lr": 0.8424458099564136}, "datetime": {"datetime": "2024-06-13 22:59:26", "elapsed": 2.06238, "delta": 0.003989}}
{"target": -1303.5859636151883, "params": {"gamma": 6.183840347409528, "lr": 0.531287810481058}, "datetime": {"datetime": "2024-06-13 22:59:26", "elapsed": 2.066369, "delta": 0.003989}}
{"target": -586.6894273387962, "params": {"gamma": 2.483658999241989, "lr": 0.2950785752494959}, "datetime": {"datetime": "2024-06-13 22:59:26", "elapsed": 2.069361, "delta": 0.002992}}
{"target": -1817.736235495163, "params": {"gamma": 8.726988963029699, "lr": 0.42166593484970927}, "datetime": {"datetime": "2024-06-13 22:59:26", "elapsed": 2.073351, "delta": 0.00399}}
{"target": -214.88756395622664, "params": {"gamma": 0.6452381255404884, "lr": 0.8969850695075825}, "datetime": {"datetime": "2024-06-13 22:59:26", "elapsed": 2.07729, "delta": 0.003939}}
{"target": -488.1774236257237, "params": {"gamma": 2.0346049474076864, "lr": 0.8262275354923914}, "datetime": {"datetime": "2024-06-13 22:59:26", "elapsed": 2.081278, "delta": 0.003988}}
{"target": -1782.2400770565994, "params": {"gamma": 8.81782446020499, "lr": 0.48675074481833813}, "datetime": {"datetime": "2024-06-13 22:59:26", "elapsed": 2.085268, "delta": 0.00399}}
{"target": -1262.320579694128, "params": {"gamma": 5.98504846635326, "lr": 0.527267456485417}, "datetime": {"datetime": "2024-06-13 22:59:26", "elapsed": 2.089257, "delta": 0.003989}}
{"target": -1483.8461771436678, "params": {"gamma": 6.248588120560806, "lr": 0.8550417213473515}, "datetime": {"datetime": "2024-06-13 22:59:26", "elapsed": 2.093247, "delta": 0.00399}}
{"target": -706.5363519309419, "params": {"gamma": 2.8221123446002014, "lr": 0.8837555081806009}, "datetime": {"datetime": "2024-06-13 22:59:26", "elapsed": 2.097236, "delta": 0.003989}}
{"target": -1893.8367609593324, "params": {"gamma": 5.677335610861374, "lr": 0.11510304096690338}, "datetime": {"datetime": "2024-06-13 22:59:26", "elapsed": 2.101225, "delta": 0.003989}}
{"target": -494.7097931825013, "params": {"gamma": 2.270784650981365, "lr": 0.5959823856130138}, "datetime": {"datetime": "2024-06-13 22:59:26", "elapsed": 2.105215, "delta": 0.00399}}
{"target": -813.8597215960133, "params": {"gamma": 2.395222922809899, "lr": 0.13141566053746057}, "datetime": {"datetime": "2024-06-13 22:59:26", "elapsed": 2.109205, "delta": 0.00399}}
{"target": -407.5040609950501, "params": {"gamma": 1.6193152935242277, "lr": 0.8448725182357391}, "datetime": {"datetime": "2024-06-13 22:59:26", "elapsed": 2.113193, "delta": 0.003988}}
{"target": -1528.2872424497905, "params": {"gamma": 6.022234355273215, "lr": 0.9635670871883419}, "datetime": {"datetime": "2024-06-13 22:59:26", "elapsed": 2.116186, "delta": 0.002993}}
{"target": -736.085611327734, "params": {"gamma": 3.4574464537469587, "lr": 0.5956250981349497}, "datetime": {"datetime": "2024-06-13 22:59:26", "elapsed": 2.120719, "delta": 0.004533}}
{"target": -1254.905606987576, "params": {"gamma": 5.9902539044452245, "lr": 0.6157042872039488}, "datetime": {"datetime": "2024-06-13 22:59:26", "elapsed": 2.154629, "delta": 0.03391}}
{"target": -193.4806110925845, "params": {"gamma": 0.5927128946500382, "lr": 0.7503171845746859}, "datetime": {"datetime": "2024-06-13 22:59:26", "elapsed": 2.158619, "delta": 0.00399}}
{"target": -1989.0470251078575, "params": {"gamma": 9.482146772378064, "lr": 0.5346790571795887}, "datetime": {"datetime": "2024-06-13 22:59:26", "elapsed": 2.162607, "delta": 0.003988}}
{"target": -458.60970287421884, "params": {"gamma": 1.926367653529729, "lr": 0.7529259149799422}, "datetime": {"datetime": "2024-06-13 22:59:26", "elapsed": 2.167143, "delta": 0.004536}}
{"target": -150.60292283223248, "params": {"gamma": 0.07418237430931014, "lr": 0.32825610365078084}, "datetime": {"datetime": "2024-06-13 22:59:26", "elapsed": 2.171132, "delta": 0.003989}}
{"target": -1919.4350247817551, "params": {"gamma": 9.176145870096288, "lr": 0.5883673328938768}, "datetime": {"datetime": "2024-06-13 22:59:26", "elapsed": 2.175122, "delta": 0.00399}}
{"target": -1783.4722887434357, "params": {"gamma": 8.55204764875745, "lr": 0.6046720523491877}, "datetime": {"datetime": "2024-06-13 22:59:26", "elapsed": 2.179111, "delta": 0.003989}}
{"target": -2023.1883189082864, "params": {"gamma": 8.225958947086186, "lr": 0.8794835234293169}, "datetime": {"datetime": "2024-06-13 22:59:26", "elapsed": 2.182103, "delta": 0.002992}}
{"target": -1078.2783077768333, "params": {"gamma": 3.210542758870008, "lr": 0.12295477155217849}, "datetime": {"datetime": "2024-06-13 22:59:26", "elapsed": 2.186092, "delta": 0.003989}}
{"target": -1518.3877206331017, "params": {"gamma": 7.213312138521522, "lr": 0.44034708683123824}, "datetime": {"datetime": "2024-06-13 22:59:26", "elapsed": 2.190081, "delta": 0.003989}}
{"target": -299.49370238484454, "params": {"gamma": 1.268230355710944, "lr": 0.5898236481098892}, "datetime": {"datetime": "2024-06-13 22:59:26", "elapsed": 2.194071, "delta": 0.00399}}
{"target": -183.68082729651834, "params": {"gamma": 0.36164707738402946, "lr": 0.20018211641098693}, "datetime": {"datetime": "2024-06-13 22:59:26", "elapsed": 2.19806, "delta": 0.003989}}
{"target": -2757.666084142971, "params": {"gamma": 7.883223595490022, "lr": 0.012096760015357866}, "datetime": {"datetime": "2024-06-13 22:59:26", "elapsed": 2.202049, "delta": 0.003989}}
{"target": -1075.9154053083987, "params": {"gamma": 3.034153371413982, "lr": 0.021375961088070716}, "datetime": {"datetime": "2024-06-13 22:59:26", "elapsed": 2.206039, "delta": 0.00399}}
{"target": -2085.1212931460022, "params": {"gamma": 9.974852442290567, "lr": 0.5820299763434618}, "datetime": {"datetime": "2024-06-13 22:59:26", "elapsed": 2.210028, "delta": 0.003989}}
{"target": -755.2064309383753, "params": {"gamma": 2.93446940858208, "lr": 0.9289494618931157}, "datetime": {"datetime": "2024-06-13 22:59:26", "elapsed": 2.214018, "delta": 0.00399}}
{"target": -1030.3778195359705, "params": {"gamma": 5.071687116058498, "lr": 0.4546922275524069}, "datetime": {"datetime": "2024-06-13 22:59:26", "elapsed": 2.218007, "delta": 0.003989}}
{"target": -1465.0470481679058, "params": {"gamma": 5.879127191455569, "lr": 0.2641376442105696}, "datetime": {"datetime": "2024-06-13 22:59:26", "elapsed": 2.220998, "delta": 0.002991}}
{"target": -693.9737006396034, "params": {"gamma": 3.0535777051749857, "lr": 0.37165457672418245}, "datetime": {"datetime": "2024-06-13 22:59:26", "elapsed": 2.224988, "delta": 0.00399}}
{"target": -529.8192397464402, "params": {"gamma": 2.4452355457167374, "lr": 0.5845472661166298}, "datetime": {"datetime": "2024-06-13 22:59:26", "elapsed": 2.229975, "delta": 0.004987}}
{"target": -2436.8894436886662, "params": {"gamma": 6.958765493189333, "lr": 0.07194722016400112}, "datetime": {"datetime": "2024-06-13 22:59:26", "elapsed": 2.232967, "delta": 0.002992}}
{"target": -2214.8508319793486, "params": {"gamma": 9.710862112935013, "lr": 0.7530706558694549}, "datetime": {"datetime": "2024-06-13 22:59:26", "elapsed": 2.236956, "delta": 0.003989}}
{"target": -1840.638821081094, "params": {"gamma": 8.061825466371129, "lr": 0.7516404040812905}, "datetime": {"datetime": "2024-06-13 22:59:26", "elapsed": 2.240946, "delta": 0.00399}}
{"target": -213.03026827694015, "params": {"gamma": 0.8015297117349018, "lr": 0.48169628302117706}, "datetime": {"datetime": "2024-06-13 22:59:26", "elapsed": 2.244934, "delta": 0.003988}}
{"target": -991.3657540139878, "params": {"gamma": 4.457283891060159, "lr": 0.6724726505249299}, "datetime": {"datetime": "2024-06-13 22:59:26", "elapsed": 2.248924, "delta": 0.00399}}
{"target": -994.2081133413394, "params": {"gamma": 4.487923850984395, "lr": 0.7043133983839096}, "datetime": {"datetime": "2024-06-13 22:59:26", "elapsed": 2.252914, "delta": 0.00399}}
{"target": -1507.0461685018245, "params": {"gamma": 6.816771730688627, "lr": 0.6971485287527562}, "datetime": {"datetime": "2024-06-13 22:59:26", "elapsed": 2.256903, "delta": 0.003989}}
{"target": -2129.2910128398044, "params": {"gamma": 6.186388824872803, "lr": 0.15098073327964578}, "datetime": {"datetime": "2024-06-13 22:59:26", "elapsed": 2.260893, "delta": 0.00399}}
{"target": -1760.561187617914, "params": {"gamma": 7.608263760601256, "lr": 0.781045822193957}, "datetime": {"datetime": "2024-06-13 22:59:26", "elapsed": 2.264882, "delta": 0.003989}}
{"target": -2620.8547469430337, "params": {"gamma": 9.041125756152136, "lr": 0.23376869260410593}, "datetime": {"datetime": "2024-06-13 22:59:26", "elapsed": 2.268871, "delta": 0.003989}}
{"target": -399.0948883011832, "params": {"gamma": 1.7676122518303419, "lr": 0.3910991231067624}, "datetime": {"datetime": "2024-06-13 22:59:26", "elapsed": 2.27286, "delta": 0.003989}}
{"target": -751.3201578363897, "params": {"gamma": 3.206325975297607, "lr": 0.8154769290056262}, "datetime": {"datetime": "2024-06-13 22:59:26", "elapsed": 2.27685, "delta": 0.00399}}
{"target": -1403.7829198839163, "params": {"gamma": 6.135645470784649, "lr": 0.7600017523497489}, "datetime": {"datetime": "2024-06-13 22:59:26", "elapsed": 2.280839, "delta": 0.003989}}
{"target": -1490.6031946092685, "params": {"gamma": 4.277223331869946, "lr": 0.09944056291558923}, "datetime": {"datetime": "2024-06-13 22:59:26", "elapsed": 2.284828, "delta": 0.003989}}
{"target": -291.7322781888241, "params": {"gamma": 1.151235085490412, "lr": 0.3734071317371953}, "datetime": {"datetime": "2024-06-13 22:59:26", "elapsed": 2.288818, "delta": 0.00399}}
{"target": -467.20096625622926, "params": {"gamma": 1.939283827327562, "lr": 0.8207464986229382}, "datetime": {"datetime": "2024-06-13 22:59:26", "elapsed": 2.292808, "delta": 0.00399}}
{"target": -1327.6563172462402, "params": {"gamma": 5.996760448228745, "lr": 0.688845259018665}, "datetime": {"datetime": "2024-06-13 22:59:26", "elapsed": 2.297794, "delta": 0.004986}}
{"target": -1745.7131031451288, "params": {"gamma": 4.911608503081658, "lr": 0.08817368124218106}, "datetime": {"datetime": "2024-06-13 22:59:26", "elapsed": 2.301784, "delta": 0.00399}}
