{"target": -1915.8683198102267, "params": {"gamma": 9.236233847661266, "lr": 0.6780829341239825}, "datetime": {"datetime": "2024-06-13 15:57:58", "elapsed": 4.80581, "delta": 0.004983}}
{"target": -1451.9958822708759, "params": {"gamma": 7.713853709507418, "lr": 0.5716353364349513}, "datetime": {"datetime": "2024-06-13 15:57:58", "elapsed": 4.8098, "delta": 0.00399}}
{"target": -1731.1056532608013, "params": {"gamma": 8.339212870314833, "lr": 0.6982817992918626}, "datetime": {"datetime": "2024-06-13 15:57:58", "elapsed": 4.814789, "delta": 0.004989}}
{"target": -325.1129854374447, "params": {"gamma": 1.466940409067313, "lr": 0.6124611286280749}, "datetime": {"datetime": "2024-06-13 15:57:58", "elapsed": 4.819773, "delta": 0.004984}}
{"target": -687.7638304985795, "params": {"gamma": 2.793924035827702, "lr": 0.9158787230673001}, "datetime": {"datetime": "2024-06-13 15:57:58", "elapsed": 4.823762, "delta": 0.003989}}
{"target": -337.1629852403238, "params": {"gamma": 1.9831246698113274, "lr": 0.28571649537130284}, "datetime": {"datetime": "2024-06-13 15:57:58", "elapsed": 4.828749, "delta": 0.004987}}
{"target": -164.3854219747413, "params": {"gamma": 0.47749939499181976, "lr": 0.44757914405063814}, "datetime": {"datetime": "2024-06-13 15:57:58", "elapsed": 4.833735, "delta": 0.004986}}
{"target": -1053.8448790931486, "params": {"gamma": 5.576320563895948, "lr": 0.5735610825770953}, "datetime": {"datetime": "2024-06-13 15:57:58", "elapsed": 4.838722, "delta": 0.004987}}
{"target": -1466.7760447957335, "params": {"gamma": 9.053868422216771, "lr": 0.34741393280060506}, "datetime": {"datetime": "2024-06-13 15:57:58", "elapsed": 4.843324, "delta": 0.004602}}
{"target": -1032.7705639016347, "params": {"gamma": 4.475836267532962, "lr": 0.8512376625014975}, "datetime": {"datetime": "2024-06-13 15:57:58", "elapsed": 4.848312, "delta": 0.004988}}
{"target": -1152.996693277797, "params": {"gamma": 5.768716203017017, "lr": 0.6539929348777337}, "datetime": {"datetime": "2024-06-13 15:57:58", "elapsed": 4.853297, "delta": 0.004985}}
{"target": -530.5757450768641, "params": {"gamma": 2.784314944612766, "lr": 0.48747130162584906}, "datetime": {"datetime": "2024-06-13 15:57:58", "elapsed": 4.858283, "delta": 0.004986}}
{"target": -1868.7307893884204, "params": {"gamma": 6.209902923417142, "lr": 0.13339403014523998}, "datetime": {"datetime": "2024-06-13 15:57:58", "elapsed": 4.862273, "delta": 0.00399}}
{"target": -186.89396532608473, "params": {"gamma": 0.3300542572087522, "lr": 0.11341100113082614}, "datetime": {"datetime": "2024-06-13 15:57:58", "elapsed": 4.86726, "delta": 0.004987}}
{"target": -1800.6652547530575, "params": {"gamma": 4.775133302320191, "lr": 0.02402673463080851}, "datetime": {"datetime": "2024-06-13 15:57:58", "elapsed": 4.871249, "delta": 0.003989}}
{"target": -2208.9342705494355, "params": {"gamma": 6.26246308244308, "lr": 0.09758261797608447}, "datetime": {"datetime": "2024-06-13 15:57:58", "elapsed": 4.876236, "delta": 0.004987}}
{"target": -484.5581596155805, "params": {"gamma": 2.5103644156247413, "lr": 0.42649294585621844}, "datetime": {"datetime": "2024-06-13 15:57:58", "elapsed": 4.880225, "delta": 0.003989}}
{"target": -238.38905131129349, "params": {"gamma": 1.159151640315784, "lr": 0.2705519937974664}, "datetime": {"datetime": "2024-06-13 15:57:58", "elapsed": 4.885212, "delta": 0.004987}}
{"target": -148.69156513969943, "params": {"gamma": 0.21177564868227716, "lr": 0.9850455536104694}, "datetime": {"datetime": "2024-06-13 15:57:58", "elapsed": 4.889201, "delta": 0.003989}}
{"target": -995.2995643677692, "params": {"gamma": 6.116124507605985, "lr": 0.3783538388352491}, "datetime": {"datetime": "2024-06-13 15:57:58", "elapsed": 4.894188, "delta": 0.004987}}
{"target": -148.29476447861734, "params": {"gamma": 0.2662569827533811, "lr": 0.3898387483749842}, "datetime": {"datetime": "2024-06-13 15:57:58", "elapsed": 4.898176, "delta": 0.003988}}
{"target": -1099.2560235836233, "params": {"gamma": 4.526133705237957, "lr": 0.9310031937645028}, "datetime": {"datetime": "2024-06-13 15:57:58", "elapsed": 4.903164, "delta": 0.004988}}
{"target": -578.0646772140711, "params": {"gamma": 2.7857632142087283, "lr": 0.6147818910832991}, "datetime": {"datetime": "2024-06-13 15:57:58", "elapsed": 4.907153, "delta": 0.003989}}
{"target": -1555.9390753707505, "params": {"gamma": 6.6520183774673525, "lr": 0.18596096979633892}, "datetime": {"datetime": "2024-06-13 15:57:58", "elapsed": 4.911142, "delta": 0.003989}}
{"target": -1097.0600001894543, "params": {"gamma": 5.058127726515332, "lr": 0.7865007628599349}, "datetime": {"datetime": "2024-06-13 15:57:58", "elapsed": 4.916129, "delta": 0.004987}}
{"target": -237.3456689492416, "params": {"gamma": 0.966693765249707, "lr": 0.6060352981689622}, "datetime": {"datetime": "2024-06-13 15:57:58", "elapsed": 4.920119, "delta": 0.00399}}
{"target": -184.25168513159386, "params": {"gamma": 0.261573266951244, "lr": 0.00704672381007565}, "datetime": {"datetime": "2024-06-13 15:57:58", "elapsed": 4.925105, "delta": 0.004986}}
{"target": -176.25384351124234, "params": {"gamma": 0.5962265427935735, "lr": 0.4814004591490364}, "datetime": {"datetime": "2024-06-13 15:57:58", "elapsed": 4.929094, "delta": 0.003989}}
{"target": -1722.58643713279, "params": {"gamma": 9.257115382793618, "lr": 0.4055573841390242}, "datetime": {"datetime": "2024-06-13 15:57:58", "elapsed": 4.934081, "delta": 0.004987}}
{"target": -222.1728720479542, "params": {"gamma": 0.7512513607260716, "lr": 0.8613524744830288}, "datetime": {"datetime": "2024-06-13 15:57:58", "elapsed": 4.93807, "delta": 0.003989}}
{"target": -828.9124220119804, "params": {"gamma": 5.193456557118933, "lr": 0.3189358689174241}, "datetime": {"datetime": "2024-06-13 15:57:58", "elapsed": 4.943057, "delta": 0.004987}}
{"target": -2318.334261494988, "params": {"gamma": 9.630360355507971, "lr": 0.9382617685023783}, "datetime": {"datetime": "2024-06-13 15:57:58", "elapsed": 4.947046, "delta": 0.003989}}
{"target": -537.9797585903646, "params": {"gamma": 2.6009297005949668, "lr": 0.20139185371372026}, "datetime": {"datetime": "2024-06-13 15:57:58", "elapsed": 4.952033, "delta": 0.004987}}
{"target": -1352.3613663711596, "params": {"gamma": 5.889498124357467, "lr": 0.8425182098415589}, "datetime": {"datetime": "2024-06-13 15:57:58", "elapsed": 4.95702, "delta": 0.004987}}
{"target": -644.6223516851719, "params": {"gamma": 3.3678741763608038, "lr": 0.5864294214642616}, "datetime": {"datetime": "2024-06-13 15:57:58", "elapsed": 4.961008, "delta": 0.003988}}
{"target": -402.04997278456506, "params": {"gamma": 1.623287749788599, "lr": 0.19459373523814183}, "datetime": {"datetime": "2024-06-13 15:57:58", "elapsed": 4.965996, "delta": 0.004988}}
{"target": -1996.2448755919827, "params": {"gamma": 7.613590824704965, "lr": 0.15009846135204996}, "datetime": {"datetime": "2024-06-13 15:57:58", "elapsed": 4.969985, "delta": 0.003989}}
{"target": -565.5282556606055, "params": {"gamma": 2.659804503437227, "lr": 0.6894948631776694}, "datetime": {"datetime": "2024-06-13 15:57:58", "elapsed": 4.974972, "delta": 0.004987}}
{"target": -164.50862914401952, "params": {"gamma": 0.15187798702215813, "lr": 0.03219440386857053}, "datetime": {"datetime": "2024-06-13 15:57:58", "elapsed": 4.978961, "delta": 0.003989}}
{"target": -483.8500633890017, "params": {"gamma": 2.8759718743002627, "lr": 0.3366231805122991}, "datetime": {"datetime": "2024-06-13 15:57:58", "elapsed": 4.983948, "delta": 0.004987}}
{"target": -827.2741998586748, "params": {"gamma": 3.622798839194582, "lr": 0.8071905755135196}, "datetime": {"datetime": "2024-06-13 15:57:58", "elapsed": 4.987937, "delta": 0.003989}}
{"target": -151.58718246314115, "params": {"gamma": 0.3607736956187603, "lr": 0.3583952446253251}, "datetime": {"datetime": "2024-06-13 15:57:58", "elapsed": 4.992485, "delta": 0.004548}}
{"target": -1677.6458419557505, "params": {"gamma": 6.383143054534976, "lr": 0.14300410951832265}, "datetime": {"datetime": "2024-06-13 15:57:58", "elapsed": 4.996474, "delta": 0.003989}}
{"target": -1707.3241763383257, "params": {"gamma": 8.577528406499894, "lr": 0.6455644082734328}, "datetime": {"datetime": "2024-06-13 15:57:58", "elapsed": 5.001461, "delta": 0.004987}}
{"target": -267.5453693774855, "params": {"gamma": 1.1538189613747907, "lr": 0.2080974099989472}, "datetime": {"datetime": "2024-06-13 15:57:58", "elapsed": 5.036367, "delta": 0.034906}}
{"target": -1390.2921242946566, "params": {"gamma": 7.455237809150899, "lr": 0.40340662833417285}, "datetime": {"datetime": "2024-06-13 15:57:58", "elapsed": 5.041354, "delta": 0.004987}}
{"target": -1151.572421683347, "params": {"gamma": 4.84521613942412, "lr": 0.8874550780727275}, "datetime": {"datetime": "2024-06-13 15:57:58", "elapsed": 5.045855, "delta": 0.004501}}
{"target": -358.6324592452173, "params": {"gamma": 1.3752980526926846, "lr": 0.9643727973861176}, "datetime": {"datetime": "2024-06-13 15:57:58", "elapsed": 5.049845, "delta": 0.00399}}
{"target": -221.96595532864626, "params": {"gamma": 0.4272541882840023, "lr": 0.09944025725488481}, "datetime": {"datetime": "2024-06-13 15:57:58", "elapsed": 5.054831, "delta": 0.004986}}
{"target": -522.1992500006658, "params": {"gamma": 2.2331610709734946, "lr": 0.8065850822605141}, "datetime": {"datetime": "2024-06-13 15:57:58", "elapsed": 5.058821, "delta": 0.00399}}
{"target": -914.8142302632945, "params": {"gamma": 4.559272200887655, "lr": 0.6532511422613194}, "datetime": {"datetime": "2024-06-13 15:57:58", "elapsed": 5.063808, "delta": 0.004987}}
{"target": -420.04835362180205, "params": {"gamma": 1.7440370540608525, "lr": 0.16672193292652826}, "datetime": {"datetime": "2024-06-13 15:57:58", "elapsed": 5.067797, "delta": 0.003989}}
{"target": -1099.8709794673773, "params": {"gamma": 5.208962557197339, "lr": 0.7402936352802216}, "datetime": {"datetime": "2024-06-13 15:57:58", "elapsed": 5.072783, "delta": 0.004986}}
{"target": -1093.612965872422, "params": {"gamma": 4.62528217768507, "lr": 0.8696140851211128}, "datetime": {"datetime": "2024-06-13 15:57:58", "elapsed": 5.076773, "delta": 0.00399}}
{"target": -1184.0298440838205, "params": {"gamma": 6.604458934771733, "lr": 0.2490900884519328}, "datetime": {"datetime": "2024-06-13 15:57:58", "elapsed": 5.080762, "delta": 0.003989}}
{"target": -401.5776723659592, "params": {"gamma": 2.3497873058002465, "lr": 0.3740467168670696}, "datetime": {"datetime": "2024-06-13 15:57:58", "elapsed": 5.085749, "delta": 0.004987}}
{"target": -1825.1362558965916, "params": {"gamma": 7.566403946905877, "lr": 0.9379376643097822}, "datetime": {"datetime": "2024-06-13 15:57:58", "elapsed": 5.090735, "delta": 0.004986}}
{"target": -1450.492051577565, "params": {"gamma": 8.61919808718901, "lr": 0.26161079268292176}, "datetime": {"datetime": "2024-06-13 15:57:58", "elapsed": 5.094725, "delta": 0.00399}}
{"target": -843.6209811717063, "params": {"gamma": 4.12337700085772, "lr": 0.6115440994503215}, "datetime": {"datetime": "2024-06-13 15:57:58", "elapsed": 5.099711, "delta": 0.004986}}
{"target": -892.673904059263, "params": {"gamma": 5.468797723702268, "lr": 0.3892749454089657}, "datetime": {"datetime": "2024-06-13 15:57:58", "elapsed": 5.103701, "delta": 0.00399}}
{"target": -255.05972086774767, "params": {"gamma": 1.0151063480358857, "lr": 0.7122448043972556}, "datetime": {"datetime": "2024-06-13 15:57:58", "elapsed": 5.108687, "delta": 0.004986}}
{"target": -247.3929057284648, "params": {"gamma": 0.8822635040904132, "lr": 0.8660774293737196}, "datetime": {"datetime": "2024-06-13 15:57:58", "elapsed": 5.112867, "delta": 0.00418}}
{"target": -1861.7195975434834, "params": {"gamma": 8.634620954886014, "lr": 0.7084507915153727}, "datetime": {"datetime": "2024-06-13 15:57:58", "elapsed": 5.116857, "delta": 0.00399}}
{"target": -1015.9556291746933, "params": {"gamma": 4.864759313503054, "lr": 0.6991465654129165}, "datetime": {"datetime": "2024-06-13 15:57:58", "elapsed": 5.121843, "delta": 0.004986}}
{"target": -860.9577715493022, "params": {"gamma": 3.950475613957549, "lr": 0.7974959842933487}, "datetime": {"datetime": "2024-06-13 15:57:58", "elapsed": 5.126258, "delta": 0.004415}}
{"target": -2061.1906792853474, "params": {"gamma": 7.864384405716199, "lr": 0.15552858387362167}, "datetime": {"datetime": "2024-06-13 15:57:58", "elapsed": 5.130247, "delta": 0.003989}}
{"target": -531.1461947310517, "params": {"gamma": 3.1788576859556272, "lr": 0.34398317678599033}, "datetime": {"datetime": "2024-06-13 15:57:58", "elapsed": 5.135234, "delta": 0.004987}}
{"target": -683.2706239838533, "params": {"gamma": 3.6423388162366046, "lr": 0.5666455566878987}, "datetime": {"datetime": "2024-06-13 15:57:58", "elapsed": 5.139223, "delta": 0.003989}}
{"target": -160.07133830928575, "params": {"gamma": 0.4178327377603575, "lr": 0.6599697189638991}, "datetime": {"datetime": "2024-06-13 15:57:58", "elapsed": 5.14421, "delta": 0.004987}}
{"target": -397.26656633774905, "params": {"gamma": 2.0171159588072864, "lr": 0.4164625561731081}, "datetime": {"datetime": "2024-06-13 15:57:58", "elapsed": 5.149197, "delta": 0.004987}}
{"target": -741.3246814982676, "params": {"gamma": 4.5094756723505, "lr": 0.3487267695476459}, "datetime": {"datetime": "2024-06-13 15:57:58", "elapsed": 5.153186, "delta": 0.003989}}
{"target": -879.8414427036965, "params": {"gamma": 3.8334198209699974, "lr": 0.18030606084775935}, "datetime": {"datetime": "2024-06-13 15:57:58", "elapsed": 5.158172, "delta": 0.004986}}
{"target": -182.9154444721825, "params": {"gamma": 0.68223244388335, "lr": 0.5512566489358516}, "datetime": {"datetime": "2024-06-13 15:57:58", "elapsed": 5.162162, "delta": 0.00399}}
{"target": -1567.8680009465945, "params": {"gamma": 5.959073589220895, "lr": 0.1454997892217088}, "datetime": {"datetime": "2024-06-13 15:57:58", "elapsed": 5.16718, "delta": 0.005018}}
{"target": -383.70721997498015, "params": {"gamma": 2.310186141512919, "lr": 0.2863771315373824}, "datetime": {"datetime": "2024-06-13 15:57:58", "elapsed": 5.171166, "delta": 0.003986}}
{"target": -2175.9915531872343, "params": {"gamma": 8.307682917677353, "lr": 0.15342094116241234}, "datetime": {"datetime": "2024-06-13 15:57:58", "elapsed": 5.176243, "delta": 0.005077}}
{"target": -1023.6186878987284, "params": {"gamma": 5.521835936727261, "lr": 0.5681397176921924}, "datetime": {"datetime": "2024-06-13 15:57:58", "elapsed": 5.180232, "delta": 0.003989}}
{"target": -571.3333225703121, "params": {"gamma": 3.434857510993614, "lr": 0.3506171893069536}, "datetime": {"datetime": "2024-06-13 15:57:58", "elapsed": 5.185219, "delta": 0.004987}}
{"target": -1728.0817196650753, "params": {"gamma": 9.591161063174503, "lr": 0.5533439494595207}, "datetime": {"datetime": "2024-06-13 15:57:58", "elapsed": 5.189208, "delta": 0.003989}}
{"target": -1207.157275484048, "params": {"gamma": 6.527659277808647, "lr": 0.4907401164444133}, "datetime": {"datetime": "2024-06-13 15:57:58", "elapsed": 5.194195, "delta": 0.004987}}
{"target": -1313.3281252122113, "params": {"gamma": 6.466853166736234, "lr": 0.605250785507062}, "datetime": {"datetime": "2024-06-13 15:57:58", "elapsed": 5.198772, "delta": 0.004577}}
{"target": -270.0599129014055, "params": {"gamma": 1.452587755908036, "lr": 0.3346805328845932}, "datetime": {"datetime": "2024-06-13 15:57:58", "elapsed": 5.203756, "delta": 0.004984}}
{"target": -1389.3257555738953, "params": {"gamma": 4.604879500595876, "lr": 0.12782166160638486}, "datetime": {"datetime": "2024-06-13 15:57:58", "elapsed": 5.207745, "delta": 0.003989}}
{"target": -661.3875549336883, "params": {"gamma": 3.6313701627213772, "lr": 0.22814163429292222}, "datetime": {"datetime": "2024-06-13 15:57:58", "elapsed": 5.211734, "delta": 0.003989}}
{"target": -1374.2335236471533, "params": {"gamma": 8.47517852010175, "lr": 0.34147408002129864}, "datetime": {"datetime": "2024-06-13 15:57:58", "elapsed": 5.217007, "delta": 0.005273}}
{"target": -441.55076666299306, "params": {"gamma": 2.268666417341983, "lr": 0.4081814028522822}, "datetime": {"datetime": "2024-06-13 15:57:58", "elapsed": 5.220992, "delta": 0.003985}}
{"target": -2566.117413507263, "params": {"gamma": 6.830957412174848, "lr": 0.06562199896142484}, "datetime": {"datetime": "2024-06-13 15:57:58", "elapsed": 5.224981, "delta": 0.003989}}
{"target": -395.94187177803, "params": {"gamma": 1.8081114068162947, "lr": 0.6943069389237286}, "datetime": {"datetime": "2024-06-13 15:57:58", "elapsed": 5.229968, "delta": 0.004987}}
{"target": -1525.424145221678, "params": {"gamma": 7.522813791436128, "lr": 0.6177542796100679}, "datetime": {"datetime": "2024-06-13 15:57:58", "elapsed": 5.233958, "delta": 0.00399}}
{"target": -1989.5404017598623, "params": {"gamma": 8.792106406805418, "lr": 0.16880019007759361}, "datetime": {"datetime": "2024-06-13 15:57:58", "elapsed": 5.238944, "delta": 0.004986}}
{"target": -1698.3617770820392, "params": {"gamma": 7.0357737742820845, "lr": 0.9172601590800086}, "datetime": {"datetime": "2024-06-13 15:57:58", "elapsed": 5.243581, "delta": 0.004637}}
{"target": -300.9000797404135, "params": {"gamma": 1.508245851371479, "lr": 0.24376397739618116}, "datetime": {"datetime": "2024-06-13 15:57:58", "elapsed": 5.24757, "delta": 0.003989}}
{"target": -893.7702155135702, "params": {"gamma": 5.467299036335953, "lr": 0.3441193369759975}, "datetime": {"datetime": "2024-06-13 15:57:58", "elapsed": 5.252557, "delta": 0.004987}}
{"target": -2594.3267729378585, "params": {"gamma": 6.90670016874316, "lr": 0.05756761842510749}, "datetime": {"datetime": "2024-06-13 15:57:58", "elapsed": 5.257544, "delta": 0.004987}}
{"target": -365.26102113734953, "params": {"gamma": 1.6084806590922747, "lr": 0.7162383064796215}, "datetime": {"datetime": "2024-06-13 15:57:58", "elapsed": 5.261533, "delta": 0.003989}}
{"target": -2336.4621877187246, "params": {"gamma": 9.706216365641005, "lr": 0.9295503765123406}, "datetime": {"datetime": "2024-06-13 15:57:58", "elapsed": 5.26652, "delta": 0.004987}}
{"target": -2706.0313547347237, "params": {"gamma": 9.010768867234715, "lr": 0.12774331390359328}, "datetime": {"datetime": "2024-06-13 15:57:58", "elapsed": 5.271506, "delta": 0.004986}}
{"target": -575.4854607878476, "params": {"gamma": 1.4601432517979631, "lr": 0.07226475681487265}, "datetime": {"datetime": "2024-06-13 15:57:58", "elapsed": 5.275938, "delta": 0.004432}}
{"target": -1287.4746043508894, "params": {"gamma": 5.425859791214765, "lr": 0.8824861729023715}, "datetime": {"datetime": "2024-06-13 15:57:58", "elapsed": 5.279927, "delta": 0.003989}}
{"target": -1152.6325559620439, "params": {"gamma": 5.318387208768819, "lr": 0.7817152853959399}, "datetime": {"datetime": "2024-06-13 15:57:58", "elapsed": 5.284914, "delta": 0.004987}}
{"target": -463.6608989673592, "params": {"gamma": 1.8853494153257044, "lr": 0.863111260166335}, "datetime": {"datetime": "2024-06-13 15:57:58", "elapsed": 5.2899, "delta": 0.004986}}
{"target": -726.2739932667058, "params": {"gamma": 1.8750602824827893, "lr": 0.054764126066523255}, "datetime": {"datetime": "2024-06-13 15:57:58", "elapsed": 5.297836, "delta": 0.007936}}
{"target": -772.6181840559401, "params": {"gamma": 4.215488613270554, "lr": 0.5551044300084385}, "datetime": {"datetime": "2024-06-13 15:57:58", "elapsed": 5.305041, "delta": 0.007205}}
{"target": -3405.9341744588114, "params": {"gamma": 9.707449353204424, "lr": 0.09175383344119148}, "datetime": {"datetime": "2024-06-13 15:57:58", "elapsed": 5.310028, "delta": 0.004987}}
{"target": -982.774459829519, "params": {"gamma": 2.7399070142023203, "lr": 0.10510706908204948}, "datetime": {"datetime": "2024-06-13 15:57:58", "elapsed": 5.314017, "delta": 0.003989}}
{"target": -618.212816968339, "params": {"gamma": 3.9050059277394262, "lr": 0.2890110831877697}, "datetime": {"datetime": "2024-06-13 15:57:58", "elapsed": 5.319004, "delta": 0.004987}}
{"target": -840.5827016675104, "params": {"gamma": 5.133490194329599, "lr": 0.348256681750747}, "datetime": {"datetime": "2024-06-13 15:57:58", "elapsed": 5.32343, "delta": 0.004426}}
{"target": -2000.3481511373948, "params": {"gamma": 9.28235195448276, "lr": 0.7899477963830404}, "datetime": {"datetime": "2024-06-13 15:57:58", "elapsed": 5.327924, "delta": 0.004494}}
{"target": -2586.284801688554, "params": {"gamma": 8.610252674771141, "lr": 0.12950094594289585}, "datetime": {"datetime": "2024-06-13 15:57:58", "elapsed": 5.332912, "delta": 0.004988}}
{"target": -1160.7284833005401, "params": {"gamma": 5.751126599720151, "lr": 0.21478253588485874}, "datetime": {"datetime": "2024-06-13 15:57:58", "elapsed": 5.3369, "delta": 0.003988}}
{"target": -3255.7564529734714, "params": {"gamma": 8.682517475837448, "lr": 0.015019421753424078}, "datetime": {"datetime": "2024-06-13 15:57:58", "elapsed": 5.341886, "delta": 0.004986}}
{"target": -218.40095682816144, "params": {"gamma": 1.0583364070853916, "lr": 0.3760570755473156}, "datetime": {"datetime": "2024-06-13 15:57:58", "elapsed": 5.345876, "delta": 0.00399}}
{"target": -683.3947003135876, "params": {"gamma": 4.021536967025843, "lr": 0.2772200829786826}, "datetime": {"datetime": "2024-06-13 15:57:58", "elapsed": 5.350862, "delta": 0.004986}}
{"target": -347.0639045603381, "params": {"gamma": 0.9615339246006319, "lr": 0.11873040511259358}, "datetime": {"datetime": "2024-06-13 15:57:58", "elapsed": 5.354852, "delta": 0.00399}}
{"target": -779.1303178319722, "params": {"gamma": 3.1801295937194918, "lr": 0.9507928340777205}, "datetime": {"datetime": "2024-06-13 15:57:58", "elapsed": 5.359839, "delta": 0.004987}}
{"target": -454.7738251473172, "params": {"gamma": 2.0748582416284203, "lr": 0.7472803210592225}, "datetime": {"datetime": "2024-06-13 15:57:58", "elapsed": 5.363828, "delta": 0.003989}}
{"target": -986.5683650975195, "params": {"gamma": 2.5826284514108324, "lr": 0.03724025561078481}, "datetime": {"datetime": "2024-06-13 15:57:58", "elapsed": 5.368814, "delta": 0.004986}}
