{"target": -769.2295806441772, "params": {"gamma": 1.9867164390362086, "lr": 0.0254762357788203}, "datetime": {"datetime": "2024-06-13 18:28:19", "elapsed": 2.142428, "delta": 0.002991}}
{"target": -1533.2260077488156, "params": {"gamma": 7.294247584863271, "lr": 0.7249167472191191}, "datetime": {"datetime": "2024-06-13 18:28:19", "elapsed": 2.146418, "delta": 0.00399}}
{"target": -801.0663375646664, "params": {"gamma": 3.304587071870666, "lr": 0.8434941260636555}, "datetime": {"datetime": "2024-06-13 18:28:19", "elapsed": 2.151404, "delta": 0.004986}}
{"target": -1056.3317368286253, "params": {"gamma": 4.284996317034784, "lr": 0.8646861447635343}, "datetime": {"datetime": "2024-06-13 18:28:19", "elapsed": 2.155394, "delta": 0.00399}}
{"target": -1159.5494005418007, "params": {"gamma": 6.570997180804273, "lr": 0.5810356574180902}, "datetime": {"datetime": "2024-06-13 18:28:19", "elapsed": 2.159383, "delta": 0.003989}}
{"target": -346.3334975109204, "params": {"gamma": 2.008074152862875, "lr": 0.5295466104783949}, "datetime": {"datetime": "2024-06-13 18:28:19", "elapsed": 2.163372, "delta": 0.003989}}
{"target": -1155.1818785760518, "params": {"gamma": 8.944429751857296, "lr": 0.30499397583521604}, "datetime": {"datetime": "2024-06-13 18:28:19", "elapsed": 2.166365, "delta": 0.002993}}
{"target": -2248.137377348163, "params": {"gamma": 8.709585146001372, "lr": 0.9087452728583881}, "datetime": {"datetime": "2024-06-13 18:28:19", "elapsed": 2.170354, "delta": 0.003989}}
{"target": -675.5436509761143, "params": {"gamma": 3.2991157822561417, "lr": 0.6830743663365642}, "datetime": {"datetime": "2024-06-13 18:28:19", "elapsed": 2.174342, "delta": 0.003988}}
{"target": -3320.3219412559383, "params": {"gamma": 8.992310274710121, "lr": 0.07569688175830336}, "datetime": {"datetime": "2024-06-13 18:28:19", "elapsed": 2.178332, "delta": 0.00399}}
{"target": -1383.823715731038, "params": {"gamma": 8.7860000441845, "lr": 0.1908393632684806}, "datetime": {"datetime": "2024-06-13 18:28:19", "elapsed": 2.182322, "delta": 0.00399}}
{"target": -1710.606139992154, "params": {"gamma": 8.497839331269288, "lr": 0.6671187886992039}, "datetime": {"datetime": "2024-06-13 18:28:19", "elapsed": 2.186311, "delta": 0.003989}}
{"target": -660.1762730091359, "params": {"gamma": 3.4440476153050885, "lr": 0.151375569992799}, "datetime": {"datetime": "2024-06-13 18:28:19", "elapsed": 2.1903, "delta": 0.003989}}
{"target": -1523.260436373908, "params": {"gamma": 6.354074243923046, "lr": 0.8477880437147416}, "datetime": {"datetime": "2024-06-13 18:28:19", "elapsed": 2.19429, "delta": 0.00399}}
{"target": -1481.0538168153769, "params": {"gamma": 8.218671898265342, "lr": 0.6282395971306578}, "datetime": {"datetime": "2024-06-13 18:28:19", "elapsed": 2.198279, "delta": 0.003989}}
{"target": -1681.317200369661, "params": {"gamma": 9.563058796042565, "lr": 0.5899231270757698}, "datetime": {"datetime": "2024-06-13 18:28:19", "elapsed": 2.202269, "delta": 0.00399}}
{"target": -311.1053969493368, "params": {"gamma": 1.979130013694545, "lr": 0.4293307226164923}, "datetime": {"datetime": "2024-06-13 18:28:19", "elapsed": 2.206258, "delta": 0.003989}}
{"target": -896.7251300355074, "params": {"gamma": 3.3681232410129716, "lr": 0.991945011907281}, "datetime": {"datetime": "2024-06-13 18:28:19", "elapsed": 2.20925, "delta": 0.002992}}
{"target": -1010.4030061991324, "params": {"gamma": 3.8029847246765303, "lr": 0.992700873664818}, "datetime": {"datetime": "2024-06-13 18:28:19", "elapsed": 2.213239, "delta": 0.003989}}
{"target": -833.7465837753808, "params": {"gamma": 5.188523703083409, "lr": 0.17227970147712546}, "datetime": {"datetime": "2024-06-13 18:28:19", "elapsed": 2.217229, "delta": 0.00399}}
{"target": -163.87279735421097, "params": {"gamma": 0.7466661384435471, "lr": 0.37030569377388767}, "datetime": {"datetime": "2024-06-13 18:28:19", "elapsed": 2.221218, "delta": 0.003989}}
{"target": -253.9269153585472, "params": {"gamma": 1.235065179287484, "lr": 0.6345187162918416}, "datetime": {"datetime": "2024-06-13 18:28:19", "elapsed": 2.225207, "delta": 0.003989}}
{"target": -1098.5899649904818, "params": {"gamma": 4.13978453744836, "lr": 0.9909156325254501}, "datetime": {"datetime": "2024-06-13 18:28:19", "elapsed": 2.229196, "delta": 0.003989}}
{"target": -1732.1532156930612, "params": {"gamma": 9.299626280909525, "lr": 0.14923603230975002}, "datetime": {"datetime": "2024-06-13 18:28:19", "elapsed": 2.232188, "delta": 0.002992}}
{"target": -568.2159231322089, "params": {"gamma": 3.9494277431054683, "lr": 0.46157971096238615}, "datetime": {"datetime": "2024-06-13 18:28:19", "elapsed": 2.237176, "delta": 0.004988}}
{"target": -1244.9793750995132, "params": {"gamma": 5.609926602464331, "lr": 0.7803635232892685}, "datetime": {"datetime": "2024-06-13 18:28:19", "elapsed": 2.241164, "delta": 0.003988}}
{"target": -696.4084341198973, "params": {"gamma": 4.872451896825164, "lr": 0.4199935520102408}, "datetime": {"datetime": "2024-06-13 18:28:19", "elapsed": 2.244156, "delta": 0.002992}}
{"target": -694.7483388559158, "params": {"gamma": 2.6207350474886373, "lr": 0.9108061390867584}, "datetime": {"datetime": "2024-06-13 18:28:19", "elapsed": 2.248146, "delta": 0.00399}}
{"target": -142.14569123345603, "params": {"gamma": 0.22369284381650878, "lr": 0.8211218982189646}, "datetime": {"datetime": "2024-06-13 18:28:19", "elapsed": 2.252135, "delta": 0.003989}}
{"target": -399.616438604264, "params": {"gamma": 1.8854955282645185, "lr": 0.6857568991725472}, "datetime": {"datetime": "2024-06-13 18:28:19", "elapsed": 2.256124, "delta": 0.003989}}
{"target": -944.9554028298671, "params": {"gamma": 3.552738684007098, "lr": 0.9742126278950913}, "datetime": {"datetime": "2024-06-13 18:28:19", "elapsed": 2.260114, "delta": 0.00399}}
{"target": -238.9726615977925, "params": {"gamma": 1.22859852236475, "lr": 0.18756989261723955}, "datetime": {"datetime": "2024-06-13 18:28:19", "elapsed": 2.264103, "delta": 0.003989}}
{"target": -1564.6959476418112, "params": {"gamma": 8.894535312169324, "lr": 0.5834063146082279}, "datetime": {"datetime": "2024-06-13 18:28:19", "elapsed": 2.268092, "delta": 0.003989}}
{"target": -1169.1358542316093, "params": {"gamma": 3.0931546002031376, "lr": 0.0007643854781880233}, "datetime": {"datetime": "2024-06-13 18:28:19", "elapsed": 2.272082, "delta": 0.00399}}
{"target": -451.22368707150525, "params": {"gamma": 2.2767497854842085, "lr": 0.1454036341712357}, "datetime": {"datetime": "2024-06-13 18:28:19", "elapsed": 2.276071, "delta": 0.003989}}
{"target": -539.5991205817019, "params": {"gamma": 2.035134809876536, "lr": 0.8963225568040046}, "datetime": {"datetime": "2024-06-13 18:28:19", "elapsed": 2.279063, "delta": 0.002992}}
{"target": -1786.9961388906531, "params": {"gamma": 8.731070688318136, "lr": 0.7002894376334498}, "datetime": {"datetime": "2024-06-13 18:28:19", "elapsed": 2.283057, "delta": 0.003994}}
{"target": -1084.6131836080606, "params": {"gamma": 4.705506263845939, "lr": 0.8271360023322883}, "datetime": {"datetime": "2024-06-13 18:28:19", "elapsed": 2.288039, "delta": 0.004982}}
{"target": -716.6197227480574, "params": {"gamma": 4.958768144455039, "lr": 0.36348868328490525}, "datetime": {"datetime": "2024-06-13 18:28:19", "elapsed": 2.292028, "delta": 0.003989}}
{"target": -737.4602980311454, "params": {"gamma": 2.7567554245058266, "lr": 0.9247408135383717}, "datetime": {"datetime": "2024-06-13 18:28:19", "elapsed": 2.296017, "delta": 0.003989}}
{"target": -557.4009439241077, "params": {"gamma": 3.8705053533286655, "lr": 0.49288087343132025}, "datetime": {"datetime": "2024-06-13 18:28:19", "elapsed": 2.299009, "delta": 0.002992}}
{"target": -660.0095255697471, "params": {"gamma": 2.5451265850419067, "lr": 0.8849665188380633}, "datetime": {"datetime": "2024-06-13 18:28:19", "elapsed": 2.303997, "delta": 0.004988}}
{"target": -458.3717573103469, "params": {"gamma": 3.833251304596062, "lr": 0.29757471531387525}, "datetime": {"datetime": "2024-06-13 18:28:19", "elapsed": 2.306989, "delta": 0.002992}}
{"target": -1135.2006142015646, "params": {"gamma": 7.17623202698535, "lr": 0.19086994317230743}, "datetime": {"datetime": "2024-06-13 18:28:19", "elapsed": 2.310977, "delta": 0.003988}}
{"target": -311.0452162924089, "params": {"gamma": 1.1828081008410374, "lr": 0.8369977822135122}, "datetime": {"datetime": "2024-06-13 18:28:19", "elapsed": 2.314967, "delta": 0.00399}}
{"target": -1311.305441298851, "params": {"gamma": 7.441615077773983, "lr": 0.5905205476471171}, "datetime": {"datetime": "2024-06-13 18:28:19", "elapsed": 2.318956, "delta": 0.003989}}
{"target": -447.0595932697956, "params": {"gamma": 2.429672858073742, "lr": 0.6232471451875841}, "datetime": {"datetime": "2024-06-13 18:28:19", "elapsed": 2.322946, "delta": 0.00399}}
{"target": -831.7220929374804, "params": {"gamma": 6.383914852090989, "lr": 0.32756944411232514}, "datetime": {"datetime": "2024-06-13 18:28:19", "elapsed": 2.326935, "delta": 0.003989}}
{"target": -213.84605948088574, "params": {"gamma": 0.6758259413323553, "lr": 0.8805385975643267}, "datetime": {"datetime": "2024-06-13 18:28:19", "elapsed": 2.330924, "delta": 0.003989}}
{"target": -1012.2498580282753, "params": {"gamma": 4.60010735401151, "lr": 0.7638727180664299}, "datetime": {"datetime": "2024-06-13 18:28:19", "elapsed": 2.334914, "delta": 0.00399}}
{"target": -462.1172541617079, "params": {"gamma": 2.539632320806454, "lr": 0.5913871822675169}, "datetime": {"datetime": "2024-06-13 18:28:19", "elapsed": 2.338903, "delta": 0.003989}}
{"target": -609.1210714672466, "params": {"gamma": 4.288522808327629, "lr": 0.38210064254913956}, "datetime": {"datetime": "2024-06-13 18:28:19", "elapsed": 2.342892, "delta": 0.003989}}
{"target": -229.73860304068776, "params": {"gamma": 1.2680071250853806, "lr": 0.24426666320897583}, "datetime": {"datetime": "2024-06-13 18:28:19", "elapsed": 2.345884, "delta": 0.002992}}
{"target": -166.83341639838562, "params": {"gamma": 0.7943364880002312, "lr": 0.3028583047175786}, "datetime": {"datetime": "2024-06-13 18:28:19", "elapsed": 2.349874, "delta": 0.00399}}
{"target": -1315.8907598858482, "params": {"gamma": 7.417306297515323, "lr": 0.6150157249710488}, "datetime": {"datetime": "2024-06-13 18:28:19", "elapsed": 2.353863, "delta": 0.003989}}
{"target": -2492.59720623044, "params": {"gamma": 6.724438578240325, "lr": 0.00838307952503159}, "datetime": {"datetime": "2024-06-13 18:28:19", "elapsed": 2.357853, "delta": 0.00399}}
{"target": -1101.055201358203, "params": {"gamma": 6.784091345540948, "lr": 0.503180690542887}, "datetime": {"datetime": "2024-06-13 18:28:19", "elapsed": 2.361842, "delta": 0.003989}}
{"target": -393.142838565356, "params": {"gamma": 2.309853596391308, "lr": 0.17489650898192222}, "datetime": {"datetime": "2024-06-13 18:28:19", "elapsed": 2.365831, "delta": 0.003989}}
{"target": -461.5513041174456, "params": {"gamma": 1.8506446725427474, "lr": 0.8442600050750985}, "datetime": {"datetime": "2024-06-13 18:28:19", "elapsed": 2.36982, "delta": 0.003989}}
{"target": -2563.8019989376157, "params": {"gamma": 9.825915303261548, "lr": 0.9137396248416316}, "datetime": {"datetime": "2024-06-13 18:28:19", "elapsed": 2.373817, "delta": 0.003997}}
{"target": -777.7904892935203, "params": {"gamma": 3.4743468343077555, "lr": 0.7802245796913637}, "datetime": {"datetime": "2024-06-13 18:28:19", "elapsed": 2.377802, "delta": 0.003985}}
{"target": -1249.5943714468503, "params": {"gamma": 5.464999452423606, "lr": 0.8164423975559377}, "datetime": {"datetime": "2024-06-13 18:28:19", "elapsed": 2.380793, "delta": 0.002991}}
{"target": -857.9030181952595, "params": {"gamma": 4.8377857849378705, "lr": 0.5899512982994037}, "datetime": {"datetime": "2024-06-13 18:28:19", "elapsed": 2.384783, "delta": 0.00399}}
{"target": -2419.4843981629638, "params": {"gamma": 7.872847211795091, "lr": 0.10023464310313235}, "datetime": {"datetime": "2024-06-13 18:28:19", "elapsed": 2.388772, "delta": 0.003989}}
{"target": -753.5566775409112, "params": {"gamma": 5.370534161288567, "lr": 0.36598334666965426}, "datetime": {"datetime": "2024-06-13 18:28:19", "elapsed": 2.392761, "delta": 0.003989}}
{"target": -1598.2109250778358, "params": {"gamma": 6.043464129845054, "lr": 0.9588025156370005}, "datetime": {"datetime": "2024-06-13 18:28:19", "elapsed": 2.396751, "delta": 0.00399}}
{"target": -560.2325819688588, "params": {"gamma": 3.9288366270246278, "lr": 0.39297299794161644}, "datetime": {"datetime": "2024-06-13 18:28:19", "elapsed": 2.40074, "delta": 0.003989}}
{"target": -1424.68083593591, "params": {"gamma": 7.9065792989023995, "lr": 0.6450783990854264}, "datetime": {"datetime": "2024-06-13 18:28:19", "elapsed": 2.40473, "delta": 0.00399}}
{"target": -802.3573417939381, "params": {"gamma": 3.9394461945459094, "lr": 0.6889550482302514}, "datetime": {"datetime": "2024-06-13 18:28:19", "elapsed": 2.408719, "delta": 0.003989}}
{"target": -961.282530500623, "params": {"gamma": 4.040612088934736, "lr": 0.1361131542481221}, "datetime": {"datetime": "2024-06-13 18:28:19", "elapsed": 2.411711, "delta": 0.002992}}
{"target": -653.7028771934152, "params": {"gamma": 4.506982043452673, "lr": 0.3344193926972726}, "datetime": {"datetime": "2024-06-13 18:28:19", "elapsed": 2.4157, "delta": 0.003989}}
{"target": -588.3785389159435, "params": {"gamma": 2.180471331681618, "lr": 0.9257748016364399}, "datetime": {"datetime": "2024-06-13 18:28:19", "elapsed": 2.41969, "delta": 0.00399}}
{"target": -1216.3124382310075, "params": {"gamma": 6.896704351396498, "lr": 0.5988208906234219}, "datetime": {"datetime": "2024-06-13 18:28:19", "elapsed": 2.423679, "delta": 0.003989}}
{"target": -1210.1814044966625, "params": {"gamma": 7.466828063757928, "lr": 0.5419710617714415}, "datetime": {"datetime": "2024-06-13 18:28:19", "elapsed": 2.428665, "delta": 0.004986}}
{"target": -1851.066879641796, "params": {"gamma": 7.005630193122407, "lr": 0.9305598192498451}, "datetime": {"datetime": "2024-06-13 18:28:19", "elapsed": 2.433652, "delta": 0.004987}}
{"target": -1367.7818474401595, "params": {"gamma": 8.626304328357714, "lr": 0.1674418575065213}, "datetime": {"datetime": "2024-06-13 18:28:19", "elapsed": 2.437642, "delta": 0.00399}}
{"target": -1002.0156698150922, "params": {"gamma": 2.6321271002148183, "lr": 0.07161027944180454}, "datetime": {"datetime": "2024-06-13 18:28:19", "elapsed": 2.441631, "delta": 0.003989}}
{"target": -1409.0992152283845, "params": {"gamma": 9.786749378778312, "lr": 0.23638409866037557}, "datetime": {"datetime": "2024-06-13 18:28:19", "elapsed": 2.44562, "delta": 0.003989}}
{"target": -2386.9560447328495, "params": {"gamma": 6.6063229609300596, "lr": 0.089630698927462}, "datetime": {"datetime": "2024-06-13 18:28:19", "elapsed": 2.44961, "delta": 0.00399}}
{"target": -361.5676574973081, "params": {"gamma": 2.1084986499281, "lr": 0.5028243835184045}, "datetime": {"datetime": "2024-06-13 18:28:19", "elapsed": 2.4536, "delta": 0.00399}}
{"target": -191.70776821840406, "params": {"gamma": 1.0504317296309502, "lr": 0.38887340269472437}, "datetime": {"datetime": "2024-06-13 18:28:19", "elapsed": 2.457588, "delta": 0.003988}}
{"target": -775.4179571734767, "params": {"gamma": 5.3803392136766695, "lr": 0.33920418488509996}, "datetime": {"datetime": "2024-06-13 18:28:19", "elapsed": 2.461577, "delta": 0.003989}}
{"target": -905.4859138771985, "params": {"gamma": 5.559446211054629, "lr": 0.536768321942464}, "datetime": {"datetime": "2024-06-13 18:28:19", "elapsed": 2.46457, "delta": 0.002993}}
{"target": -795.8624612304186, "params": {"gamma": 3.906714376870321, "lr": 0.6962700831011029}, "datetime": {"datetime": "2024-06-13 18:28:19", "elapsed": 2.468559, "delta": 0.003989}}
{"target": -1369.0053314801394, "params": {"gamma": 6.785146057525243, "lr": 0.6873031493743899}, "datetime": {"datetime": "2024-06-13 18:28:19", "elapsed": 2.472548, "delta": 0.003989}}
{"target": -808.2231325991671, "params": {"gamma": 5.615351096734943, "lr": 0.3580799140129358}, "datetime": {"datetime": "2024-06-13 18:28:19", "elapsed": 2.476538, "delta": 0.00399}}
{"target": -1621.3441214621284, "params": {"gamma": 6.131510241334756, "lr": 0.9357362666081998}, "datetime": {"datetime": "2024-06-13 18:28:19", "elapsed": 2.480527, "delta": 0.003989}}
{"target": -1578.7230439887828, "params": {"gamma": 5.969288360934786, "lr": 0.9795901743594252}, "datetime": {"datetime": "2024-06-13 18:28:19", "elapsed": 2.484517, "delta": 0.00399}}
{"target": -926.9803674282305, "params": {"gamma": 4.4106251974683035, "lr": 0.7396119625075467}, "datetime": {"datetime": "2024-06-13 18:28:19", "elapsed": 2.488506, "delta": 0.003989}}
{"target": -152.14568752036485, "params": {"gamma": 0.3770011826173517, "lr": 0.7647266390004861}, "datetime": {"datetime": "2024-06-13 18:28:19", "elapsed": 2.492495, "delta": 0.003989}}
{"target": -1930.2786130188458, "params": {"gamma": 5.1832975216877974, "lr": 0.0053165329611032375}, "datetime": {"datetime": "2024-06-13 18:28:19", "elapsed": 2.496484, "delta": 0.003989}}
{"target": -464.01081022012744, "params": {"gamma": 2.772723847721202, "lr": 0.5348322325198115}, "datetime": {"datetime": "2024-06-13 18:28:20", "elapsed": 2.500474, "delta": 0.00399}}
{"target": -2841.2930824735495, "params": {"gamma": 7.679860819934835, "lr": 0.05309259545252509}, "datetime": {"datetime": "2024-06-13 18:28:20", "elapsed": 2.504463, "delta": 0.003989}}
{"target": -1255.4573320228938, "params": {"gamma": 5.490985385061347, "lr": 0.800994555798356}, "datetime": {"datetime": "2024-06-13 18:28:20", "elapsed": 2.508452, "delta": 0.003989}}
{"target": -1717.1700057313383, "params": {"gamma": 6.496180965729911, "lr": 0.9314470149929107}, "datetime": {"datetime": "2024-06-13 18:28:20", "elapsed": 2.512441, "delta": 0.003989}}
{"target": -165.15427927521364, "params": {"gamma": 0.7482397187025968, "lr": 0.2768064626005866}, "datetime": {"datetime": "2024-06-13 18:28:20", "elapsed": 2.516431, "delta": 0.00399}}
{"target": -2007.9866754757331, "params": {"gamma": 9.192455805057469, "lr": 0.7650051482981429}, "datetime": {"datetime": "2024-06-13 18:28:20", "elapsed": 2.520421, "delta": 0.00399}}
{"target": -1378.0934163846819, "params": {"gamma": 5.9978037043765156, "lr": 0.8329681438370704}, "datetime": {"datetime": "2024-06-13 18:28:20", "elapsed": 2.523412, "delta": 0.002991}}
{"target": -2365.033997939046, "params": {"gamma": 8.960538872258445, "lr": 0.9727203528528249}, "datetime": {"datetime": "2024-06-13 18:28:20", "elapsed": 2.527402, "delta": 0.00399}}
{"target": -2342.3576575446164, "params": {"gamma": 9.98520655039097, "lr": 0.13964933368410348}, "datetime": {"datetime": "2024-06-13 18:28:20", "elapsed": 2.531391, "delta": 0.003989}}
{"target": -319.52915931064905, "params": {"gamma": 0.7063499053922482, "lr": 0.07346665436012334}, "datetime": {"datetime": "2024-06-13 18:28:20", "elapsed": 2.53538, "delta": 0.003989}}
{"target": -142.11183597624967, "params": {"gamma": 0.14842316520856935, "lr": 0.971820072977926}, "datetime": {"datetime": "2024-06-13 18:28:20", "elapsed": 2.53937, "delta": 0.00399}}
{"target": -260.74457333248614, "params": {"gamma": 0.9485743976558341, "lr": 0.8417368261858497}, "datetime": {"datetime": "2024-06-13 18:28:20", "elapsed": 2.543359, "delta": 0.003989}}
{"target": -968.663623226222, "params": {"gamma": 6.852044796080089, "lr": 0.4875571674829181}, "datetime": {"datetime": "2024-06-13 18:28:20", "elapsed": 2.547348, "delta": 0.003989}}
{"target": -509.6433124860322, "params": {"gamma": 3.4676021187044235, "lr": 0.35364778706700506}, "datetime": {"datetime": "2024-06-13 18:28:20", "elapsed": 2.551338, "delta": 0.00399}}
{"target": -673.8348667216483, "params": {"gamma": 2.539134984589525, "lr": 0.9110179736986265}, "datetime": {"datetime": "2024-06-13 18:28:20", "elapsed": 2.555327, "delta": 0.003989}}
{"target": -2686.850262771679, "params": {"gamma": 7.256699812403196, "lr": 0.025925792784269874}, "datetime": {"datetime": "2024-06-13 18:28:20", "elapsed": 2.559316, "delta": 0.003989}}
{"target": -589.2057633730194, "params": {"gamma": 4.615751011217899, "lr": 0.28130127253681136}, "datetime": {"datetime": "2024-06-13 18:28:20", "elapsed": 2.563305, "delta": 0.003989}}
{"target": -150.44480805575117, "params": {"gamma": 0.2906328955928069, "lr": 0.8846818943092944}, "datetime": {"datetime": "2024-06-13 18:28:20", "elapsed": 2.568293, "delta": 0.004988}}
{"target": -999.1974129748241, "params": {"gamma": 7.710282574188869, "lr": 0.32973507924426093}, "datetime": {"datetime": "2024-06-13 18:28:20", "elapsed": 2.572281, "delta": 0.003988}}
{"target": -1031.482765774742, "params": {"gamma": 7.965789316779574, "lr": 0.3246383222029966}, "datetime": {"datetime": "2024-06-13 18:28:20", "elapsed": 2.576271, "delta": 0.00399}}
{"target": -821.4406017904404, "params": {"gamma": 3.0795165557326496, "lr": 0.9281090785007262}, "datetime": {"datetime": "2024-06-13 18:28:20", "elapsed": 2.579263, "delta": 0.002992}}
{"target": -1578.3892864210661, "params": {"gamma": 9.769184703296556, "lr": 0.5235553047168928}, "datetime": {"datetime": "2024-06-13 18:28:20", "elapsed": 2.584053, "delta": 0.00479}}
{"target": -2423.610565395695, "params": {"gamma": 9.519399740511682, "lr": 0.8879964939264646}, "datetime": {"datetime": "2024-06-13 18:28:20", "elapsed": 2.588042, "delta": 0.003989}}
{"target": -727.7863540934651, "params": {"gamma": 5.180807583382493, "lr": 0.3727488020974856}, "datetime": {"datetime": "2024-06-13 18:28:20", "elapsed": 2.592031, "delta": 0.003989}}
{"target": -1003.5018900086468, "params": {"gamma": 7.103835428617774, "lr": 0.455643424642054}, "datetime": {"datetime": "2024-06-13 18:28:20", "elapsed": 2.595023, "delta": 0.002992}}
{"target": -1600.5911827195325, "params": {"gamma": 6.052523738337006, "lr": 0.9904061968899467}, "datetime": {"datetime": "2024-06-13 18:28:20", "elapsed": 2.599012, "delta": 0.003989}}
