{"target": -434.34271463103704, "params": {"gamma": 4.170803025021038, "prior": 7.231212485077365, "rate": 0.002143633798631522}, "datetime": {"datetime": "2024-06-14 04:54:04", "elapsed": 0.0, "delta": 0.0}}
{"target": -180.26853411986085, "params": {"gamma": 3.024023393745766, "prior": 1.5528833190894193, "rate": 0.9242936090932092}, "datetime": {"datetime": "2024-06-14 04:54:04", "elapsed": 0.008976, "delta": 0.008976}}
{"target": -121.66993155686718, "params": {"gamma": 1.8634158535653313, "prior": 3.5210511977261727, "rate": 3.968277974832469}, "datetime": {"datetime": "2024-06-14 04:54:04", "elapsed": 0.017953, "delta": 0.008977}}
{"target": -171.06666707809057, "params": {"gamma": 5.388628523299567, "prior": 4.250025692592619, "rate": 6.852509784467199}, "datetime": {"datetime": "2024-06-14 04:54:04", "elapsed": 0.026929, "delta": 0.008976}}
{"target": -242.3213898414796, "params": {"gamma": 2.045318045065443, "prior": 8.79336262027036, "rate": 0.2748485443860637}, "datetime": {"datetime": "2024-06-14 04:54:04", "elapsed": 0.035905, "delta": 0.008976}}
{"target": -211.80914715080644, "params": {"gamma": 6.705004634273845, "prior": 4.231317543434557, "rate": 5.587339594629071}, "datetime": {"datetime": "2024-06-14 04:54:04", "elapsed": 0.043884, "delta": 0.007979}}
{"target": -102.5839667395985, "params": {"gamma": 1.4047289990137424, "prior": 2.0612047419403, "rate": 8.00764494218669}, "datetime": {"datetime": "2024-06-14 04:54:04", "elapsed": 0.052859, "delta": 0.008975}}
{"target": -258.1562686051464, "params": {"gamma": 9.682647495618255, "prior": 3.2028993637765044, "rate": 6.923533834077472}, "datetime": {"datetime": "2024-06-14 04:54:04", "elapsed": 0.061836, "delta": 0.008977}}
{"target": -695.6481061575315, "params": {"gamma": 8.764015133808087, "prior": 8.956605968688088, "rate": 0.8513570694864094}, "datetime": {"datetime": "2024-06-14 04:54:04", "elapsed": 0.070811, "delta": 0.008975}}
{"target": -115.71219771185787, "params": {"gamma": 0.39150877754559077, "prior": 1.7813211536892324, "rate": 8.781546891790702}, "datetime": {"datetime": "2024-06-14 04:54:04", "elapsed": 0.07879, "delta": 0.007979}}
{"target": -105.80787915264331, "params": {"gamma": 0.9843699914966679, "prior": 4.268965487550016, "rate": 9.578937411974868}, "datetime": {"datetime": "2024-06-14 04:54:04", "elapsed": 0.087766, "delta": 0.008976}}
{"target": -308.1902626052201, "params": {"gamma": 5.332119684445198, "prior": 6.949583428109686, "rate": 3.1558407944296234}, "datetime": {"datetime": "2024-06-14 04:54:04", "elapsed": 0.096742, "delta": 0.008976}}
{"target": -612.3758327487559, "params": {"gamma": 6.865322775888155, "prior": 8.362794151783993, "rate": 0.18386448516457388}, "datetime": {"datetime": "2024-06-14 04:54:04", "elapsed": 0.105718, "delta": 0.008976}}
{"target": -323.0734157370151, "params": {"gamma": 7.50169300513473, "prior": 9.889724780174298, "rate": 7.4819083781440145}, "datetime": {"datetime": "2024-06-14 04:54:04", "elapsed": 0.11409, "delta": 0.008372}}
{"target": -251.0708364743771, "params": {"gamma": 2.8051594766519874, "prior": 7.913865351669736, "rate": 1.0331568397698425}, "datetime": {"datetime": "2024-06-14 04:54:04", "elapsed": 0.123065, "delta": 0.008975}}
{"target": -297.38788045149977, "params": {"gamma": 4.479487368232876, "prior": 9.095095480621646, "rate": 2.9368478695884215}, "datetime": {"datetime": "2024-06-14 04:54:04", "elapsed": 0.132042, "delta": 0.008977}}
{"target": -252.62687349008968, "params": {"gamma": 2.878465610524901, "prior": 1.3872828639709491, "rate": 0.19465021174510047}, "datetime": {"datetime": "2024-06-14 04:54:04", "elapsed": 0.141017, "delta": 0.008975}}
{"target": -223.11283289299166, "params": {"gamma": 6.78867649386597, "prior": 2.1951183484005847, "rate": 2.65620104706289}, "datetime": {"datetime": "2024-06-14 04:54:04", "elapsed": 0.148996, "delta": 0.007979}}
{"target": -194.55362941259864, "params": {"gamma": 4.916240019644103, "prior": 0.6282891966590958, "rate": 5.741601937314639}, "datetime": {"datetime": "2024-06-14 04:54:04", "elapsed": 0.157972, "delta": 0.008976}}
{"target": -116.20861425472815, "params": {"gamma": 1.4681390204831957, "prior": 5.934124815342514, "rate": 6.9978838418492915}, "datetime": {"datetime": "2024-06-14 04:54:04", "elapsed": 0.166948, "delta": 0.008976}}
{"target": -109.21052900165331, "params": {"gamma": 1.0242419538494305, "prior": 4.199154279413726, "rate": 6.9443071771197245}, "datetime": {"datetime": "2024-06-14 04:54:04", "elapsed": 0.175924, "delta": 0.008976}}
{"target": -170.18712754804045, "params": {"gamma": 4.1423785159995, "prior": 0.5945392435662629, "rate": 5.359428162749201}, "datetime": {"datetime": "2024-06-14 04:54:04", "elapsed": 0.183903, "delta": 0.007979}}
{"target": -191.9675704224899, "params": {"gamma": 6.638282657552669, "prior": 5.1974022093772545, "rate": 9.446002965152143}, "datetime": {"datetime": "2024-06-14 04:54:04", "elapsed": 0.192879, "delta": 0.008976}}
{"target": -448.31518331036403, "params": {"gamma": 5.865963849979428, "prior": 9.043678961350047, "rate": 1.3756095667582289}, "datetime": {"datetime": "2024-06-14 04:54:04", "elapsed": 0.201855, "delta": 0.008976}}
{"target": -140.47606601643514, "params": {"gamma": 1.3936241961603346, "prior": 8.093173758224285, "rate": 3.9773706930183503}, "datetime": {"datetime": "2024-06-14 04:54:04", "elapsed": 0.210832, "delta": 0.008977}}
{"target": -156.02849052832852, "params": {"gamma": 1.6543766169722107, "prior": 9.282334945920736, "rate": 3.47831083159532}, "datetime": {"datetime": "2024-06-14 04:54:04", "elapsed": 0.21981, "delta": 0.008978}}
{"target": -240.103433589255, "params": {"gamma": 7.50837021925842, "prior": 7.28738005496947, "rate": 8.833177605966892}, "datetime": {"datetime": "2024-06-14 04:54:04", "elapsed": 0.227789, "delta": 0.007979}}
{"target": -352.2864756146345, "params": {"gamma": 6.237098398349034, "prior": 7.534330096870638, "rate": 3.4896345214364475}, "datetime": {"datetime": "2024-06-14 04:54:04", "elapsed": 0.236765, "delta": 0.008976}}
{"target": -181.71649359723725, "params": {"gamma": 2.7000089897584956, "prior": 8.969273560141062, "rate": 4.281483807523078}, "datetime": {"datetime": "2024-06-14 04:54:04", "elapsed": 0.245741, "delta": 0.008976}}
{"target": -350.8541520584158, "params": {"gamma": 9.648435631436707, "prior": 6.6680708284026355, "rate": 6.217335506371009}, "datetime": {"datetime": "2024-06-14 04:54:04", "elapsed": 0.254717, "delta": 0.008976}}
{"target": -137.34646973110821, "params": {"gamma": 1.1483449835607984, "prior": 9.499943661200005, "rate": 4.499671422665926}, "datetime": {"datetime": "2024-06-14 04:54:04", "elapsed": 0.262695, "delta": 0.007978}}
{"target": -299.1631032757635, "params": {"gamma": 5.784317754256931, "prior": 4.140554347336684, "rate": 2.371032775450034}, "datetime": {"datetime": "2024-06-14 04:54:04", "elapsed": 0.271672, "delta": 0.008977}}
{"target": -821.1849268735715, "params": {"gamma": 9.033891826101975, "prior": 5.77942691805563, "rate": 0.029700399984558545}, "datetime": {"datetime": "2024-06-14 04:54:04", "elapsed": 0.280648, "delta": 0.008976}}
{"target": -187.4975669624996, "params": {"gamma": 6.171831991293619, "prior": 3.3337845275437523, "rate": 5.271053964473836}, "datetime": {"datetime": "2024-06-14 04:54:04", "elapsed": 0.289623, "delta": 0.008975}}
{"target": -244.24215814394063, "params": {"gamma": 8.859535051008434, "prior": 3.636970624024748, "rate": 9.085442974047073}, "datetime": {"datetime": "2024-06-14 04:54:04", "elapsed": 0.298599, "delta": 0.008976}}
{"target": -280.63142790974206, "params": {"gamma": 6.233977797802236, "prior": 0.2566303041809072, "rate": 9.294442900203869}, "datetime": {"datetime": "2024-06-14 04:54:04", "elapsed": 0.306578, "delta": 0.007979}}
{"target": -511.4938488464837, "params": {"gamma": 6.9092782782517235, "prior": 9.973496219469657, "rate": 1.7242327429449402}, "datetime": {"datetime": "2024-06-14 04:54:04", "elapsed": 0.315554, "delta": 0.008976}}
{"target": -127.44999958944346, "params": {"gamma": 1.3722203605391488, "prior": 9.33269508406792, "rate": 6.9684847967375125}, "datetime": {"datetime": "2024-06-14 04:54:04", "elapsed": 0.324531, "delta": 0.008977}}
{"target": -121.40870384262024, "params": {"gamma": 0.6609357270479028, "prior": 7.579084220764417, "rate": 7.539008008424004}, "datetime": {"datetime": "2024-06-14 04:54:04", "elapsed": 0.333506, "delta": 0.008975}}
{"target": -675.1323371669148, "params": {"gamma": 9.230322330929287, "prior": 7.14409511042187, "rate": 1.2435853487596746}, "datetime": {"datetime": "2024-06-14 04:54:04", "elapsed": 0.341485, "delta": 0.007979}}
{"target": -138.7672249635292, "params": {"gamma": 0.1997814582641161, "prior": 0.3594887700894208, "rate": 0.2840365737199253}, "datetime": {"datetime": "2024-06-14 04:54:04", "elapsed": 0.350461, "delta": 0.008976}}
{"target": -158.7276389123452, "params": {"gamma": 2.462864464962856, "prior": 8.61427669196059, "rate": 5.3887718123521875}, "datetime": {"datetime": "2024-06-14 04:54:04", "elapsed": 0.359437, "delta": 0.008976}}
{"target": -426.8084202736059, "params": {"gamma": 5.5286669648789735, "prior": 8.436105834360097, "rate": 1.2426089778839915}, "datetime": {"datetime": "2024-06-14 04:54:04", "elapsed": 0.367416, "delta": 0.007979}}
{"target": -124.2127835248871, "params": {"gamma": 2.792557606432384, "prior": 5.89901678743705, "rate": 9.695987887448426}, "datetime": {"datetime": "2024-06-14 04:54:04", "elapsed": 0.376391, "delta": 0.008975}}
{"target": -249.3907051245591, "params": {"gamma": 5.6107411623378445, "prior": 0.2846081647921359, "rate": 8.006526094133482}, "datetime": {"datetime": "2024-06-14 04:54:04", "elapsed": 0.385367, "delta": 0.008976}}
{"target": -167.8575084693862, "params": {"gamma": 2.3305097641363632, "prior": 8.090341436625915, "rate": 3.8792185799976533}, "datetime": {"datetime": "2024-06-14 04:54:04", "elapsed": 0.394344, "delta": 0.008977}}
{"target": -371.47860509364114, "params": {"gamma": 8.635555003739727, "prior": 7.496504263098128, "rate": 5.562846099670199}, "datetime": {"datetime": "2024-06-14 04:54:04", "elapsed": 0.40332, "delta": 0.008976}}
{"target": -108.06307999100177, "params": {"gamma": 1.3654158013811895, "prior": 0.6931851261708954, "rate": 1.2143132139516326}, "datetime": {"datetime": "2024-06-14 04:54:04", "elapsed": 0.411298, "delta": 0.007978}}
{"target": -119.1080725280006, "params": {"gamma": 0.4464742335690725, "prior": 1.16419187815032, "rate": 2.2578676767399393}, "datetime": {"datetime": "2024-06-14 04:54:04", "elapsed": 0.420277, "delta": 0.008979}}
{"target": -632.8673557598815, "params": {"gamma": 7.130176814846385, "prior": 5.64119812233601, "rate": 0.12654724561099942}, "datetime": {"datetime": "2024-06-14 04:54:04", "elapsed": 0.429253, "delta": 0.008976}}
{"target": -130.13391971367113, "params": {"gamma": 0.7206708226151783, "prior": 9.676035667002694, "rate": 5.6814365187375016}, "datetime": {"datetime": "2024-06-14 04:54:05", "elapsed": 0.437231, "delta": 0.007978}}
{"target": -108.16193966470867, "params": {"gamma": 2.033729053375244, "prior": 2.598024871246202, "rate": 7.438514714896855}, "datetime": {"datetime": "2024-06-14 04:54:05", "elapsed": 0.446207, "delta": 0.008976}}
{"target": -113.16575503078138, "params": {"gamma": 1.9550993816120785, "prior": 5.855453380005252, "rate": 9.700229870894034}, "datetime": {"datetime": "2024-06-14 04:54:05", "elapsed": 0.455183, "delta": 0.008976}}
{"target": -229.64461138860958, "params": {"gamma": 8.468441186098863, "prior": 2.4744928155611032, "rate": 4.938203372973032}, "datetime": {"datetime": "2024-06-14 04:54:05", "elapsed": 0.46416, "delta": 0.008977}}
{"target": -454.40710177472727, "params": {"gamma": 6.199937228095417, "prior": 8.306910905546768, "rate": 1.5687571550661965}, "datetime": {"datetime": "2024-06-14 04:54:05", "elapsed": 0.472138, "delta": 0.007978}}
{"target": -129.4948128162295, "params": {"gamma": 0.18674344557191777, "prior": 0.7932192228203011, "rate": 4.863964764259381}, "datetime": {"datetime": "2024-06-14 04:54:05", "elapsed": 0.481114, "delta": 0.008976}}
{"target": -316.9590465051802, "params": {"gamma": 6.063688287071651, "prior": 5.731629227156165, "rate": 3.1743067308122854}, "datetime": {"datetime": "2024-06-14 04:54:05", "elapsed": 0.49009, "delta": 0.008976}}
{"target": -457.7792528879474, "params": {"gamma": 9.886172927970076, "prior": 5.839477670533389, "rate": 3.8020315850628807}, "datetime": {"datetime": "2024-06-14 04:54:05", "elapsed": 0.498069, "delta": 0.007979}}
{"target": -226.56028119836455, "params": {"gamma": 5.509931242959851, "prior": 7.478810865974371, "rate": 6.6926597016383935}, "datetime": {"datetime": "2024-06-14 04:54:05", "elapsed": 0.507045, "delta": 0.008976}}
{"target": -120.54749797886757, "params": {"gamma": 2.6499306570704313, "prior": 0.7567148608415716, "rate": 3.701471894943149}, "datetime": {"datetime": "2024-06-14 04:54:05", "elapsed": 0.516023, "delta": 0.008978}}
{"target": -195.2467895783523, "params": {"gamma": 6.297545352708624, "prior": 2.180722698156912, "rate": 7.5278027818344}, "datetime": {"datetime": "2024-06-14 04:54:05", "elapsed": 0.525028, "delta": 0.009005}}
{"target": -108.12602771139191, "params": {"gamma": 0.6662982770597953, "prior": 2.677119475927556, "rate": 8.04774088286971}, "datetime": {"datetime": "2024-06-14 04:54:05", "elapsed": 0.532978, "delta": 0.00795}}
{"target": -133.69506381656143, "params": {"gamma": 1.935149391950654, "prior": 6.430662720711407, "rate": 5.247178420928214}, "datetime": {"datetime": "2024-06-14 04:54:05", "elapsed": 0.541954, "delta": 0.008976}}
{"target": -631.8437426801863, "params": {"gamma": 9.248154896023108, "prior": 2.706638027822399, "rate": 0.6605449457495538}, "datetime": {"datetime": "2024-06-14 04:54:05", "elapsed": 0.55093, "delta": 0.008976}}
{"target": -240.80290635678776, "params": {"gamma": 7.350924566923407, "prior": 7.744562492478143, "rate": 9.078250709182736}, "datetime": {"datetime": "2024-06-14 04:54:05", "elapsed": 0.559907, "delta": 0.008977}}
{"target": -348.0606504749237, "params": {"gamma": 9.319788719899176, "prior": 0.23812057245841045, "rate": 2.344386499128084}, "datetime": {"datetime": "2024-06-14 04:54:05", "elapsed": 0.568882, "delta": 0.008975}}
{"target": -231.4169505171658, "params": {"gamma": 6.1681667916595755, "prior": 9.495261574807403, "rate": 9.50181101635155}, "datetime": {"datetime": "2024-06-14 04:54:05", "elapsed": 0.577859, "delta": 0.008977}}
{"target": -261.44963788454027, "params": {"gamma": 5.566975228763369, "prior": 9.164502862686119, "rate": 6.41602052325443}, "datetime": {"datetime": "2024-06-14 04:54:05", "elapsed": 0.586835, "delta": 0.008976}}
{"target": -155.9755094580185, "params": {"gamma": 3.9006871336983213, "prior": 4.911307604259406, "rate": 6.043500518716813}, "datetime": {"datetime": "2024-06-14 04:54:05", "elapsed": 0.595811, "delta": 0.008976}}
{"target": -213.68986592158672, "params": {"gamma": 5.495929667164118, "prior": 9.269196124393892, "rate": 9.187415622900428}, "datetime": {"datetime": "2024-06-14 04:54:05", "elapsed": 0.603789, "delta": 0.007978}}
{"target": -307.0996954494741, "params": {"gamma": 3.9493612536226252, "prior": 9.636299031563047, "rate": 1.740382711137963}, "datetime": {"datetime": "2024-06-14 04:54:05", "elapsed": 0.612765, "delta": 0.008976}}
{"target": -102.19689299108767, "params": {"gamma": 1.2641688648769336, "prior": 1.4372836646626401, "rate": 5.057115994603291}, "datetime": {"datetime": "2024-06-14 04:54:05", "elapsed": 0.622247, "delta": 0.009482}}
{"target": -137.25993222860248, "params": {"gamma": 0.2162265279367056, "prior": 9.484905091055042, "rate": 8.271327596236153}, "datetime": {"datetime": "2024-06-14 04:54:05", "elapsed": 0.630226, "delta": 0.007979}}
{"target": -137.02212913635873, "params": {"gamma": 0.15117478844048168, "prior": 1.8443429301930472, "rate": 3.3213036800940032}, "datetime": {"datetime": "2024-06-14 04:54:05", "elapsed": 0.639202, "delta": 0.008976}}
{"target": -143.24098465799142, "params": {"gamma": 1.310837451264358, "prior": 8.113957852053163, "rate": 3.4480217901802512}, "datetime": {"datetime": "2024-06-14 04:54:05", "elapsed": 0.648177, "delta": 0.008975}}
{"target": -258.4033317213776, "params": {"gamma": 9.401134715851338, "prior": 5.861940381476092, "rate": 8.78844101213403}, "datetime": {"datetime": "2024-06-14 04:54:05", "elapsed": 0.657182, "delta": 0.009005}}
{"target": -449.9942280464431, "params": {"gamma": 8.447499719476827, "prior": 9.063383955215627, "rate": 4.599342777902254}, "datetime": {"datetime": "2024-06-14 04:54:05", "elapsed": 0.666158, "delta": 0.008976}}
{"target": -343.72509434212753, "params": {"gamma": 5.463921813387713, "prior": 8.00617555240519, "rate": 2.8579027984897416}, "datetime": {"datetime": "2024-06-14 04:54:05", "elapsed": 0.675106, "delta": 0.008948}}
{"target": -453.47081676350325, "params": {"gamma": 4.903044972676658, "prior": 6.031192045694196, "rate": 0.15631722223280642}, "datetime": {"datetime": "2024-06-14 04:54:05", "elapsed": 0.683084, "delta": 0.007978}}
{"target": -177.6417103786611, "params": {"gamma": 5.935220600558176, "prior": 4.393395854995637, "rate": 8.073797928319529}, "datetime": {"datetime": "2024-06-14 04:54:05", "elapsed": 0.692096, "delta": 0.009012}}
{"target": -179.29606456282653, "params": {"gamma": 3.153132786150634, "prior": 8.939598214398998, "rate": 5.778994295630071}, "datetime": {"datetime": "2024-06-14 04:54:05", "elapsed": 0.701037, "delta": 0.008941}}
{"target": -133.7623573359404, "params": {"gamma": 1.8409180060730232, "prior": 7.900499414872493, "rate": 6.120699739272295}, "datetime": {"datetime": "2024-06-14 04:54:05", "elapsed": 0.710013, "delta": 0.008976}}
{"target": -117.74000503756268, "params": {"gamma": 0.5400388114654558, "prior": 4.259917432011209, "rate": 6.791009296817731}, "datetime": {"datetime": "2024-06-14 04:54:05", "elapsed": 0.718496, "delta": 0.008483}}
{"target": -433.31631484099785, "params": {"gamma": 9.186099177997281, "prior": 0.10398004642443859, "rate": 9.767614731161565}, "datetime": {"datetime": "2024-06-14 04:54:05", "elapsed": 0.727473, "delta": 0.008977}}
{"target": -204.72112131465775, "params": {"gamma": 3.766426567142999, "prior": 9.740457029747393, "rate": 6.047556293639557}, "datetime": {"datetime": "2024-06-14 04:54:05", "elapsed": 0.736448, "delta": 0.008975}}
{"target": -277.3267421421918, "params": {"gamma": 8.288629233998948, "prior": 5.789643896610213, "rate": 6.281133906875198}, "datetime": {"datetime": "2024-06-14 04:54:05", "elapsed": 0.745425, "delta": 0.008977}}
{"target": -133.79626575454125, "params": {"gamma": 2.8564772406752437, "prior": 5.9096500724952215, "rate": 7.500467615262897}, "datetime": {"datetime": "2024-06-14 04:54:05", "elapsed": 0.7544, "delta": 0.008975}}
{"target": -319.2543759493068, "params": {"gamma": 8.583280050453995, "prior": 7.575313665830033, "rate": 6.980874427224584}, "datetime": {"datetime": "2024-06-14 04:54:05", "elapsed": 0.763376, "delta": 0.008976}}
{"target": -233.68396646312885, "params": {"gamma": 8.644929821115943, "prior": 3.29454186868379, "rate": 6.708217119085085}, "datetime": {"datetime": "2024-06-14 04:54:05", "elapsed": 0.772352, "delta": 0.008976}}
{"target": -180.84070947412818, "params": {"gamma": 4.509288490197079, "prior": 3.8828172451120206, "rate": 4.108702687871935}, "datetime": {"datetime": "2024-06-14 04:54:05", "elapsed": 0.781328, "delta": 0.008976}}
{"target": -140.6841546115662, "params": {"gamma": 4.015394355111937, "prior": 3.2421010649869415, "rate": 6.219571759835095}, "datetime": {"datetime": "2024-06-14 04:54:05", "elapsed": 0.790304, "delta": 0.008976}}
{"target": -214.31333424253327, "params": {"gamma": 4.303042460941823, "prior": 9.740640571479798, "rate": 6.778331113451677}, "datetime": {"datetime": "2024-06-14 04:54:05", "elapsed": 0.79928, "delta": 0.008976}}
{"target": -135.7553298070668, "params": {"gamma": 1.9865003143826816, "prior": 4.324339992545524, "rate": 3.4341190515044557}, "datetime": {"datetime": "2024-06-14 04:54:05", "elapsed": 0.808256, "delta": 0.008976}}
{"target": -278.96975491356915, "params": {"gamma": 7.976590400781708, "prior": 8.811983056777974, "rate": 9.038515716307893}, "datetime": {"datetime": "2024-06-14 04:54:05", "elapsed": 0.817232, "delta": 0.008976}}
{"target": -259.2185890777638, "params": {"gamma": 6.627535403940247, "prior": 2.775061794094602, "rate": 2.5244146483443926}, "datetime": {"datetime": "2024-06-14 04:54:05", "elapsed": 0.826208, "delta": 0.008976}}
{"target": -239.79437335813066, "params": {"gamma": 8.549124529031326, "prior": 5.324374998456592, "rate": 8.021808678961976}, "datetime": {"datetime": "2024-06-14 04:54:05", "elapsed": 0.835184, "delta": 0.008976}}
{"target": -266.5254299689509, "params": {"gamma": 5.725312683398872, "prior": 7.35811100034636, "rate": 5.190597263013095}, "datetime": {"datetime": "2024-06-14 04:54:05", "elapsed": 0.844161, "delta": 0.008977}}
{"target": -316.28654380301566, "params": {"gamma": 7.709068221108379, "prior": 5.731694107976684, "rate": 4.6576330760412175}, "datetime": {"datetime": "2024-06-14 04:54:05", "elapsed": 0.852139, "delta": 0.007978}}
{"target": -136.7399913093454, "params": {"gamma": 3.4275463906248644, "prior": 0.7752725493253708, "rate": 3.7798638691016704}, "datetime": {"datetime": "2024-06-14 04:54:05", "elapsed": 0.861115, "delta": 0.008976}}
{"target": -152.55450100974286, "params": {"gamma": 0.7971811509048254, "prior": 9.829889425931405, "rate": 1.816946900456307}, "datetime": {"datetime": "2024-06-14 04:54:05", "elapsed": 0.870091, "delta": 0.008976}}
{"target": -338.44399810638487, "params": {"gamma": 8.118775118507678, "prior": 8.762120285063391, "rate": 6.884444110607048}, "datetime": {"datetime": "2024-06-14 04:54:05", "elapsed": 0.879067, "delta": 0.008976}}
