{"target": -142.51550679416357, "params": {"gamma": 2.3106546042570515, "prior": 0.6739605523903935, "rate": 1.3890263639386906}, "datetime": {"datetime": "2024-06-14 05:32:42", "elapsed": 4.53722, "delta": 0.009974}}
{"target": -521.7387068364354, "params": {"gamma": 9.351596002308344, "prior": 8.896566823226658, "rate": 2.893315694333617}, "datetime": {"datetime": "2024-06-14 05:32:42", "elapsed": 4.546106, "delta": 0.008886}}
{"target": -491.4447102052646, "params": {"gamma": 9.477692896949968, "prior": 8.514312298791047, "rate": 4.347113285922664}, "datetime": {"datetime": "2024-06-14 05:32:42", "elapsed": 4.555082, "delta": 0.008976}}
{"target": -283.4275188125324, "params": {"gamma": 4.681027499109862, "prior": 6.335544913675885, "rate": 1.581160317803163}, "datetime": {"datetime": "2024-06-14 05:32:42", "elapsed": 4.564058, "delta": 0.008976}}
{"target": -152.14870835786422, "params": {"gamma": 0.14880608533418707, "prior": 2.72856897297662, "rate": 0.15542087579566607}, "datetime": {"datetime": "2024-06-14 05:32:42", "elapsed": 4.573033, "delta": 0.008975}}
{"target": -347.530744467459, "params": {"gamma": 6.745313942778413, "prior": 5.559541474546487, "rate": 3.2171598078821737}, "datetime": {"datetime": "2024-06-14 05:32:42", "elapsed": 4.582516, "delta": 0.009483}}
{"target": -341.7286862882112, "params": {"gamma": 7.802243168860467, "prior": 1.543275769026293, "rate": 2.449561506980074}, "datetime": {"datetime": "2024-06-14 05:32:42", "elapsed": 4.591492, "delta": 0.008976}}
{"target": -184.20308748024016, "params": {"gamma": 2.923845306630798, "prior": 2.0397262703400223, "rate": 0.8802988990222627}, "datetime": {"datetime": "2024-06-14 05:32:42", "elapsed": 4.600468, "delta": 0.008976}}
{"target": -372.78126138329947, "params": {"gamma": 8.699891826535803, "prior": 0.9730675911579497, "rate": 6.837419647880558}, "datetime": {"datetime": "2024-06-14 05:32:42", "elapsed": 4.609443, "delta": 0.008975}}
{"target": -119.14380016443387, "params": {"gamma": 1.204888367700376, "prior": 0.20592013112732416, "rate": 5.573125032519063}, "datetime": {"datetime": "2024-06-14 05:32:42", "elapsed": 4.618419, "delta": 0.008976}}
{"target": -492.18095349308277, "params": {"gamma": 9.071183443148486, "prior": 8.618521006635163, "rate": 3.3851753897983823}, "datetime": {"datetime": "2024-06-14 05:32:42", "elapsed": 4.628393, "delta": 0.009974}}
{"target": -136.45440062753303, "params": {"gamma": 0.27256113442929636, "prior": 8.028507615787328, "rate": 8.06004333796437}, "datetime": {"datetime": "2024-06-14 05:32:42", "elapsed": 4.637202, "delta": 0.008809}}
{"target": -389.37196175571705, "params": {"gamma": 8.685012674911418, "prior": 6.729501338767777, "rate": 8.077980844288449}, "datetime": {"datetime": "2024-06-14 05:32:42", "elapsed": 4.646524, "delta": 0.009322}}
{"target": -400.66612554052733, "params": {"gamma": 8.9750853247459, "prior": 4.592916509851121, "rate": 5.578695211845391}, "datetime": {"datetime": "2024-06-14 05:32:42", "elapsed": 4.6555, "delta": 0.008976}}
{"target": -248.75826797956333, "params": {"gamma": 5.06180515715352, "prior": 6.9506406547897654, "rate": 6.829385769431119}, "datetime": {"datetime": "2024-06-14 05:32:42", "elapsed": 4.664476, "delta": 0.008976}}
{"target": -272.63677443760594, "params": {"gamma": 5.203616044997302, "prior": 8.301834666046165, "rate": 5.058288088511875}, "datetime": {"datetime": "2024-06-14 05:32:42", "elapsed": 4.673452, "delta": 0.008976}}
{"target": -415.4173416456067, "params": {"gamma": 8.248760765289934, "prior": 2.8902663726181053, "rate": 1.7857698349419049}, "datetime": {"datetime": "2024-06-14 05:32:42", "elapsed": 4.682428, "delta": 0.008976}}
{"target": -535.033256096968, "params": {"gamma": 9.698735832876796, "prior": 7.44520130201516, "rate": 2.598657141350841}, "datetime": {"datetime": "2024-06-14 05:32:42", "elapsed": 4.691404, "delta": 0.008976}}
{"target": -383.31092833075616, "params": {"gamma": 5.8127721875694265, "prior": 9.557096310028049, "rate": 0.808458324212976}, "datetime": {"datetime": "2024-06-14 05:32:42", "elapsed": 4.701377, "delta": 0.009973}}
{"target": -135.1017013382077, "params": {"gamma": 0.8362585364103492, "prior": 6.229434831057081, "rate": 2.245710294880741}, "datetime": {"datetime": "2024-06-14 05:32:42", "elapsed": 4.710353, "delta": 0.008976}}
{"target": -348.411891518222, "params": {"gamma": 7.652074383378348, "prior": 5.72471017519614, "rate": 6.66221471414473}, "datetime": {"datetime": "2024-06-14 05:32:42", "elapsed": 4.71933, "delta": 0.008977}}
{"target": -117.10779292889012, "params": {"gamma": 1.0790311940451294, "prior": 0.9344022092219122, "rate": 6.251585561986592}, "datetime": {"datetime": "2024-06-14 05:32:42", "elapsed": 4.728305, "delta": 0.008975}}
{"target": -197.23212539496757, "params": {"gamma": 4.097902880079071, "prior": 0.9637999863326198, "rate": 3.711268386216875}, "datetime": {"datetime": "2024-06-14 05:32:42", "elapsed": 4.737281, "delta": 0.008976}}
{"target": -292.3071131390751, "params": {"gamma": 6.72177195215883, "prior": 1.9769152618966988, "rate": 8.957395356178512}, "datetime": {"datetime": "2024-06-14 05:32:42", "elapsed": 4.747257, "delta": 0.009976}}
{"target": -457.91775971387847, "params": {"gamma": 9.498514042411992, "prior": 9.619568170101886, "rate": 7.301095494844863}, "datetime": {"datetime": "2024-06-14 05:32:42", "elapsed": 4.756235, "delta": 0.008978}}
{"target": -237.0697612921991, "params": {"gamma": 4.063477988455463, "prior": 7.463117043877074, "rate": 2.8805808058682407}, "datetime": {"datetime": "2024-06-14 05:32:42", "elapsed": 4.765745, "delta": 0.00951}}
{"target": -175.26083856650857, "params": {"gamma": 3.144857806685071, "prior": 6.098373976056793, "rate": 5.948876486945769}, "datetime": {"datetime": "2024-06-14 05:32:42", "elapsed": 4.774719, "delta": 0.008974}}
{"target": -368.17273288993783, "params": {"gamma": 8.786731102181795, "prior": 2.620547481039712, "rate": 7.662117463663015}, "datetime": {"datetime": "2024-06-14 05:32:42", "elapsed": 4.783695, "delta": 0.008976}}
{"target": -447.02512762265656, "params": {"gamma": 9.410191654922194, "prior": 0.11022603331157285, "rate": 4.761415090903047}, "datetime": {"datetime": "2024-06-14 05:32:42", "elapsed": 4.792671, "delta": 0.008976}}
{"target": -391.77245638473966, "params": {"gamma": 6.570746249918269, "prior": 8.448899817803273, "rate": 1.8382103793481412}, "datetime": {"datetime": "2024-06-14 05:32:42", "elapsed": 4.802645, "delta": 0.009974}}
{"target": -361.2158487279114, "params": {"gamma": 8.56173622063573, "prior": 3.7072182505845768, "rate": 8.922847018832448}, "datetime": {"datetime": "2024-06-14 05:32:43", "elapsed": 4.81162, "delta": 0.008975}}
{"target": -129.40865973810028, "params": {"gamma": 0.2780896894835276, "prior": 0.9453623773193891, "rate": 9.81412324707537}, "datetime": {"datetime": "2024-06-14 05:32:43", "elapsed": 4.820596, "delta": 0.008976}}
{"target": -335.95585948093213, "params": {"gamma": 6.095409755809193, "prior": 4.234560233460414, "rate": 1.6929726327522117}, "datetime": {"datetime": "2024-06-14 05:32:43", "elapsed": 4.829572, "delta": 0.008976}}
{"target": -287.17652630174035, "params": {"gamma": 6.499361629743811, "prior": 0.46605317675764246, "rate": 3.116827520693586}, "datetime": {"datetime": "2024-06-14 05:32:43", "elapsed": 4.839546, "delta": 0.009974}}
{"target": -177.04455940944314, "params": {"gamma": 3.2354684906937643, "prior": 6.11367474579408, "rate": 6.508661735500295}, "datetime": {"datetime": "2024-06-14 05:32:43", "elapsed": 4.848521, "delta": 0.008975}}
{"target": -414.8765462871214, "params": {"gamma": 8.460699937765456, "prior": 9.28305133171568, "rate": 6.604916818383386}, "datetime": {"datetime": "2024-06-14 05:32:43", "elapsed": 4.857498, "delta": 0.008977}}
{"target": -258.23602585384816, "params": {"gamma": 5.782161010166973, "prior": 4.047283881927183, "rate": 9.666158313928777}, "datetime": {"datetime": "2024-06-14 05:32:43", "elapsed": 4.866473, "delta": 0.008975}}
{"target": -144.28386273699144, "params": {"gamma": 1.541637639151742, "prior": 8.96135940562162, "rate": 3.1108196657805305}, "datetime": {"datetime": "2024-06-14 05:32:43", "elapsed": 4.875449, "delta": 0.008976}}
{"target": -311.8218646975116, "params": {"gamma": 5.485342407571374, "prior": 6.852455958484867, "rate": 2.3654600436102275}, "datetime": {"datetime": "2024-06-14 05:32:43", "elapsed": 4.884454, "delta": 0.009005}}
{"target": -129.01239734220604, "params": {"gamma": 1.678199113817666, "prior": 5.133971932953198, "rate": 7.918846891971133}, "datetime": {"datetime": "2024-06-14 05:32:43", "elapsed": 4.894399, "delta": 0.009945}}
{"target": -303.9721670662252, "params": {"gamma": 6.9244522072085894, "prior": 1.277836038012847, "rate": 9.007521408502258}, "datetime": {"datetime": "2024-06-14 05:32:43", "elapsed": 4.903375, "delta": 0.008976}}
{"target": -255.89238830996635, "params": {"gamma": 4.797895932924502, "prior": 9.47209912447251, "rate": 5.53478362877641}, "datetime": {"datetime": "2024-06-14 05:32:43", "elapsed": 4.912351, "delta": 0.008976}}
{"target": -117.20983716276457, "params": {"gamma": 0.8489334147818686, "prior": 2.1043840531779026, "rate": 8.542525491190911}, "datetime": {"datetime": "2024-06-14 05:32:43", "elapsed": 4.921584, "delta": 0.009233}}
{"target": -390.65974680395226, "params": {"gamma": 7.0595677402804276, "prior": 8.95990124951395, "rate": 3.2921308719412035}, "datetime": {"datetime": "2024-06-14 05:32:43", "elapsed": 4.93056, "delta": 0.008976}}
{"target": -260.3347055133155, "params": {"gamma": 5.280485964979625, "prior": 6.538941511592786, "rate": 5.943314245013059}, "datetime": {"datetime": "2024-06-14 05:32:43", "elapsed": 4.939536, "delta": 0.008976}}
{"target": -156.48165616590225, "params": {"gamma": 2.315397892406944, "prior": 4.325531359537532, "rate": 2.481866529137688}, "datetime": {"datetime": "2024-06-14 05:32:43", "elapsed": 4.948512, "delta": 0.008976}}
{"target": -547.1674012565873, "params": {"gamma": 8.456304007349223, "prior": 9.868106705184019, "rate": 0.6666414605206605}, "datetime": {"datetime": "2024-06-14 05:32:43", "elapsed": 4.958485, "delta": 0.009973}}
{"target": -312.1418445880956, "params": {"gamma": 7.139566394637347, "prior": 3.3681439667708357, "rate": 6.254728347736019}, "datetime": {"datetime": "2024-06-14 05:32:43", "elapsed": 4.967461, "delta": 0.008976}}
{"target": -165.51082113324952, "params": {"gamma": 2.582038363169428, "prior": 6.5449753321541015, "rate": 3.7121006974428328}, "datetime": {"datetime": "2024-06-14 05:32:43", "elapsed": 4.976437, "delta": 0.008976}}
{"target": -167.65724685691941, "params": {"gamma": 2.9489139744901, "prior": 9.126455419608208, "rate": 9.425046243387849}, "datetime": {"datetime": "2024-06-14 05:32:43", "elapsed": 4.985414, "delta": 0.008977}}
{"target": -270.2524367745449, "params": {"gamma": 6.135886715574795, "prior": 2.223231030223857, "rate": 9.394249290190688}, "datetime": {"datetime": "2024-06-14 05:32:43", "elapsed": 4.994389, "delta": 0.008975}}
{"target": -430.3627455218729, "params": {"gamma": 7.504785013686519, "prior": 7.53578909249578, "rate": 2.1180016271500137}, "datetime": {"datetime": "2024-06-14 05:32:43", "elapsed": 5.004392, "delta": 0.010003}}
{"target": -350.8720508341773, "params": {"gamma": 8.30173510509683, "prior": 2.47694202619598, "rate": 6.316575831756353}, "datetime": {"datetime": "2024-06-14 05:32:43", "elapsed": 5.014365, "delta": 0.009973}}
{"target": -371.2078271894471, "params": {"gamma": 7.107684959425964, "prior": 7.449595954100307, "rate": 3.9032567812912102}, "datetime": {"datetime": "2024-06-14 05:32:43", "elapsed": 5.023312, "delta": 0.008947}}
{"target": -380.83630531831756, "params": {"gamma": 7.598494141764259, "prior": 9.039065431004929, "rate": 5.8746127723565325}, "datetime": {"datetime": "2024-06-14 05:32:43", "elapsed": 5.032291, "delta": 0.008979}}
{"target": -126.40120917622697, "params": {"gamma": 0.9050067472322914, "prior": 1.376862243008533, "rate": 1.0535200041012063}, "datetime": {"datetime": "2024-06-14 05:32:43", "elapsed": 5.041266, "delta": 0.008975}}
{"target": -127.18912706537118, "params": {"gamma": 1.7281019057654774, "prior": 1.3516658138678819, "rate": 7.783230599786209}, "datetime": {"datetime": "2024-06-14 05:32:43", "elapsed": 5.050245, "delta": 0.008979}}
{"target": -126.01591899179655, "params": {"gamma": 0.39507571033225836, "prior": 2.491428331674554, "rate": 8.790784947183296}, "datetime": {"datetime": "2024-06-14 05:32:43", "elapsed": 5.060218, "delta": 0.009973}}
{"target": -416.93356649783277, "params": {"gamma": 9.7352150895021, "prior": 6.093677876497776, "rate": 9.762406407339324}, "datetime": {"datetime": "2024-06-14 05:32:43", "elapsed": 5.069195, "delta": 0.008977}}
{"target": -139.32360879945904, "params": {"gamma": 0.43547196560805285, "prior": 9.490870406922475, "rate": 3.113649528479215}, "datetime": {"datetime": "2024-06-14 05:32:43", "elapsed": 5.07817, "delta": 0.008975}}
{"target": -367.47376460471344, "params": {"gamma": 7.989929430775569, "prior": 8.125228124124325, "rate": 8.600125917211868}, "datetime": {"datetime": "2024-06-14 05:32:43", "elapsed": 5.087365, "delta": 0.009195}}
{"target": -274.6478856291035, "params": {"gamma": 4.586049558214109, "prior": 9.313379482437938, "rate": 2.579671951285972}, "datetime": {"datetime": "2024-06-14 05:32:43", "elapsed": 5.096341, "delta": 0.008976}}
{"target": -402.130364250619, "params": {"gamma": 9.344520479803316, "prior": 6.229284369191439, "rate": 9.85446370453336}, "datetime": {"datetime": "2024-06-14 05:32:43", "elapsed": 5.10563, "delta": 0.009289}}
{"target": -135.6679607179682, "params": {"gamma": 0.3274060157599613, "prior": 7.279149922443812, "rate": 5.655976799568431}, "datetime": {"datetime": "2024-06-14 05:32:43", "elapsed": 5.114606, "delta": 0.008976}}
{"target": -237.23722809316183, "params": {"gamma": 4.924748049935798, "prior": 2.6662594439422964, "rate": 3.268980017978885}, "datetime": {"datetime": "2024-06-14 05:32:43", "elapsed": 5.12458, "delta": 0.009974}}
{"target": -146.386120956605, "params": {"gamma": 2.495372604807176, "prior": 2.270752312218102, "rate": 7.996808714410864}, "datetime": {"datetime": "2024-06-14 05:32:43", "elapsed": 5.133585, "delta": 0.009005}}
{"target": -233.7009859151361, "params": {"gamma": 5.024447663976686, "prior": 0.9235798981002775, "rate": 7.770064936081777}, "datetime": {"datetime": "2024-06-14 05:32:43", "elapsed": 5.142532, "delta": 0.008947}}
{"target": -273.14255851600797, "params": {"gamma": 5.336957111761226, "prior": 7.419939094729182, "rate": 5.154421537738071}, "datetime": {"datetime": "2024-06-14 05:32:43", "elapsed": 5.151509, "delta": 0.008977}}
{"target": -307.3756969183191, "params": {"gamma": 4.0000592939273325, "prior": 9.86384314611932, "rate": 0.2833979590089639}, "datetime": {"datetime": "2024-06-14 05:32:43", "elapsed": 5.160484, "delta": 0.008975}}
{"target": -500.3319499138732, "params": {"gamma": 9.327706315740619, "prior": 9.315464180823684, "rate": 3.909796196303079}, "datetime": {"datetime": "2024-06-14 05:32:43", "elapsed": 5.170457, "delta": 0.009973}}
{"target": -164.93675962837088, "params": {"gamma": 2.145434246462065, "prior": 6.230211649539066, "rate": 1.7805453823662243}, "datetime": {"datetime": "2024-06-14 05:32:43", "elapsed": 5.179433, "delta": 0.008976}}
{"target": -366.47631439527044, "params": {"gamma": 8.032278735085756, "prior": 2.613945173189579, "rate": 2.9087707441717465}, "datetime": {"datetime": "2024-06-14 05:32:43", "elapsed": 5.188409, "delta": 0.008976}}
{"target": -462.8939968639884, "params": {"gamma": 9.15924198430956, "prior": 9.038876651396649, "rate": 5.354273536413487}, "datetime": {"datetime": "2024-06-14 05:32:43", "elapsed": 5.198382, "delta": 0.009973}}
{"target": -362.4680965885355, "params": {"gamma": 8.628526966805577, "prior": 3.5900724311701118, "rate": 9.978844897970799}, "datetime": {"datetime": "2024-06-14 05:32:43", "elapsed": 5.207358, "delta": 0.008976}}
{"target": -285.23199695926655, "params": {"gamma": 4.337463704310366, "prior": 3.0186389168051044, "rate": 0.4167007652577235}, "datetime": {"datetime": "2024-06-14 05:32:43", "elapsed": 5.215897, "delta": 0.008539}}
{"target": -424.4568423341587, "params": {"gamma": 9.897079830913631, "prior": 4.702387546027041, "rate": 7.346115555489657}, "datetime": {"datetime": "2024-06-14 05:32:43", "elapsed": 5.225866, "delta": 0.009969}}
{"target": -423.62328605028415, "params": {"gamma": 6.408435432834701, "prior": 7.258624656693496, "rate": 0.5120579273573367}, "datetime": {"datetime": "2024-06-14 05:32:43", "elapsed": 5.234842, "delta": 0.008976}}
{"target": -464.51267870166964, "params": {"gamma": 9.200534008691728, "prior": 9.275728057232191, "rate": 5.520398276514817}, "datetime": {"datetime": "2024-06-14 05:32:43", "elapsed": 5.243818, "delta": 0.008976}}
{"target": -404.3369256458608, "params": {"gamma": 9.639194970956826, "prior": 2.881459816204638, "rate": 6.0218641247383164}, "datetime": {"datetime": "2024-06-14 05:32:43", "elapsed": 5.252794, "delta": 0.008976}}
{"target": -225.6012961237301, "params": {"gamma": 3.9652304378361865, "prior": 6.317429994376759, "rate": 3.0070222529489574}, "datetime": {"datetime": "2024-06-14 05:32:43", "elapsed": 5.26177, "delta": 0.008976}}
{"target": -424.06048673027686, "params": {"gamma": 8.193764488175546, "prior": 0.7908811871916644, "rate": 0.4197338254296628}, "datetime": {"datetime": "2024-06-14 05:32:43", "elapsed": 5.271287, "delta": 0.009517}}
{"target": -123.8852519879717, "params": {"gamma": 0.49491444994850975, "prior": 1.5895047808398683, "rate": 3.954109387473109}, "datetime": {"datetime": "2024-06-14 05:32:43", "elapsed": 5.280263, "delta": 0.008976}}
{"target": -401.83718522757573, "params": {"gamma": 9.553944502582489, "prior": 1.1968748529899662, "rate": 6.475882305178456}, "datetime": {"datetime": "2024-06-14 05:32:43", "elapsed": 5.28924, "delta": 0.008977}}
{"target": -280.32076951504973, "params": {"gamma": 5.276687463055037, "prior": 3.5970998192322843, "rate": 1.9827940939725983}, "datetime": {"datetime": "2024-06-14 05:32:43", "elapsed": 5.298215, "delta": 0.008975}}
{"target": -140.3703841458892, "params": {"gamma": 2.20672022439151, "prior": 0.5338329462987547, "rate": 7.131926567624986}, "datetime": {"datetime": "2024-06-14 05:32:43", "elapsed": 5.307191, "delta": 0.008976}}
{"target": -292.7434547650107, "params": {"gamma": 6.538748151763354, "prior": 4.493320947974752, "rate": 7.189675941410347}, "datetime": {"datetime": "2024-06-14 05:32:43", "elapsed": 5.317165, "delta": 0.009974}}
{"target": -125.36500768701241, "params": {"gamma": 1.100649748480759, "prior": 9.393319816352417, "rate": 8.476419465684636}, "datetime": {"datetime": "2024-06-14 05:32:43", "elapsed": 5.326141, "delta": 0.008976}}
{"target": -307.9590493968589, "params": {"gamma": 6.590697560999168, "prior": 3.8504285697511453, "rate": 4.16625072341846}, "datetime": {"datetime": "2024-06-14 05:32:43", "elapsed": 5.335117, "delta": 0.008976}}
{"target": -240.9388941909449, "params": {"gamma": 4.822057067652517, "prior": 9.359309323067325, "rate": 8.636065956226108}, "datetime": {"datetime": "2024-06-14 05:32:43", "elapsed": 5.34509, "delta": 0.009973}}
{"target": -226.85747802012085, "params": {"gamma": 4.779760568316378, "prior": 5.589733132953853, "rate": 8.754163218930938}, "datetime": {"datetime": "2024-06-14 05:32:43", "elapsed": 5.354066, "delta": 0.008976}}
{"target": -424.7660378048837, "params": {"gamma": 9.492695073289129, "prior": 6.427929083095635, "rate": 7.485454680577448}, "datetime": {"datetime": "2024-06-14 05:32:43", "elapsed": 5.363042, "delta": 0.008976}}
{"target": -189.97756357874985, "params": {"gamma": 3.516897438698066, "prior": 9.188480358953182, "rate": 8.367683746488458}, "datetime": {"datetime": "2024-06-14 05:32:43", "elapsed": 5.372018, "delta": 0.008976}}
{"target": -267.7108005731832, "params": {"gamma": 5.521006756366404, "prior": 8.68950937519022, "rate": 8.498868942521883}, "datetime": {"datetime": "2024-06-14 05:32:43", "elapsed": 5.382031, "delta": 0.010013}}
{"target": -342.31387973628705, "params": {"gamma": 8.084305154704811, "prior": 1.393858961534142, "rate": 5.3604897456433}, "datetime": {"datetime": "2024-06-14 05:32:43", "elapsed": 5.390968, "delta": 0.008937}}
{"target": -462.52066664406954, "params": {"gamma": 9.007930363954452, "prior": 7.73123512248292, "rate": 4.207711277052893}, "datetime": {"datetime": "2024-06-14 05:32:43", "elapsed": 5.400941, "delta": 0.009973}}
{"target": -430.00610797705485, "params": {"gamma": 9.778826053206298, "prior": 2.5826542510627224, "rate": 3.336768678250129}, "datetime": {"datetime": "2024-06-14 05:32:43", "elapsed": 5.410914, "delta": 0.009973}}
{"target": -430.0305734738944, "params": {"gamma": 9.54205087378846, "prior": 8.106281947034368, "rate": 9.003499705102108}, "datetime": {"datetime": "2024-06-14 05:32:43", "elapsed": 5.419891, "delta": 0.008977}}
{"target": -145.96869706394153, "params": {"gamma": 0.11688430450954196, "prior": 3.859667887036548, "rate": 2.355984044142083}, "datetime": {"datetime": "2024-06-14 05:32:43", "elapsed": 5.428866, "delta": 0.008975}}
{"target": -168.84073507758293, "params": {"gamma": 2.9600545838222256, "prior": 7.406155414398024, "rate": 7.241124363795878}, "datetime": {"datetime": "2024-06-14 05:32:43", "elapsed": 5.43884, "delta": 0.009974}}
{"target": -220.85449576826463, "params": {"gamma": 4.618532302580416, "prior": 3.716217165950228, "rate": 5.847331438432254}, "datetime": {"datetime": "2024-06-14 05:32:43", "elapsed": 5.447815, "delta": 0.008975}}
{"target": -256.1510177422264, "params": {"gamma": 5.33754383858813, "prior": 5.550737634177834, "rate": 6.155155234075464}, "datetime": {"datetime": "2024-06-14 05:32:43", "elapsed": 5.456791, "delta": 0.008976}}
