{"target": -432.6941422636883, "params": {"p_ai": 8.577528406499894, "p_al": 6.455998518326055, "p_ex": 1.1538189613747907, "prior": 2.081766002579473, "rate": 7.455237809150899}, "datetime": {"datetime": "2024-06-13 13:32:21", "elapsed": 55.056495, "delta": 0.121851}}
{"target": -236.12432774401898, "params": {"p_ai": 4.034662876713395, "p_al": 4.84521613942412, "p_ex": 8.874663325649202, "prior": 1.3752980526926846, "rate": 9.64376360106379}, "datetime": {"datetime": "2024-06-13 13:32:22", "elapsed": 55.172293, "delta": 0.115798}}
{"target": -146.79665747299683, "params": {"p_ai": 0.4272541882840023, "p_al": 0.9953031322915933, "p_ex": 2.2331610709734946, "prior": 8.06604423752288, "rate": 4.559272200887655}, "datetime": {"datetime": "2024-06-13 13:32:22", "elapsed": 55.286987, "delta": 0.114694}}
{"target": -318.25605882114024, "params": {"p_ai": 6.5328581714709335, "p_al": 1.7440370540608525, "p_ex": 1.668052607332356, "prior": 5.208962557197339, "rate": 7.403196059166937}, "datetime": {"datetime": "2024-06-13 13:32:22", "elapsed": 55.399684, "delta": 0.112697}}
{"target": -284.53164285799295, "params": {"p_ai": 4.62528217768507, "p_al": 8.696271237126007, "p_ex": 6.604458934771733, "prior": 2.4916517944308763, "rate": 2.3497873058002465}, "datetime": {"datetime": "2024-06-13 13:32:22", "elapsed": 55.517997, "delta": 0.118313}}
{"target": -181.19575384814175, "params": {"p_ai": 3.741093121953829, "p_al": 7.566403946905877, "p_ex": 9.379438705433513, "prior": 8.61919808718901, "rate": 2.6168463160365345}, "datetime": {"datetime": "2024-06-13 13:32:22", "elapsed": 55.638256, "delta": 0.120259}}
{"target": -241.74817148790993, "params": {"p_ai": 4.12337700085772, "p_al": 6.115829450403766, "p_ex": 5.468797723702268, "prior": 3.893360179144248, "rate": 1.0151063480358857}, "datetime": {"datetime": "2024-06-13 13:32:22", "elapsed": 55.760927, "delta": 0.122671}}
{"target": -286.6357218674019, "params": {"p_ai": 7.122735799168159, "p_al": 0.8822635040904132, "p_ex": 8.660908216307822, "prior": 8.634620954886014, "rate": 7.084799464362212}, "datetime": {"datetime": "2024-06-13 13:32:22", "elapsed": 55.873134, "delta": 0.112207}}
{"target": -249.3536535777657, "params": {"p_ai": 4.864759313503054, "p_al": 6.991766507563753, "p_ex": 3.950475613957549, "prior": 7.975162346949194, "rate": 7.864384405716199}, "datetime": {"datetime": "2024-06-13 13:32:22", "elapsed": 55.984343, "delta": 0.111209}}
{"target": -158.06441652472327, "params": {"p_ai": 1.5561303101523432, "p_al": 3.1788576859556272, "p_ex": 3.4404877846831172, "prior": 3.6423388162366046, "rate": 5.6668889213223}, "datetime": {"datetime": "2024-06-13 13:32:23", "elapsed": 56.096818, "delta": 0.112475}}
{"target": -156.29891206778404, "params": {"p_ai": 0.4178327377603575, "p_al": 6.600037219920028, "p_ex": 2.0171159588072864, "prior": 4.165209099174909, "rate": 4.5094756723505}, "datetime": {"datetime": "2024-06-13 13:32:23", "elapsed": 56.20852, "delta": 0.111702}}
{"target": -255.33675738570253, "params": {"p_ai": 3.4879189687069116, "p_al": 3.8334198209699974, "p_ex": 1.8038803024167458, "prior": 0.68223244388335, "rate": 5.513015232709581}, "datetime": {"datetime": "2024-06-13 13:32:23", "elapsed": 56.320673, "delta": 0.112153}}
{"target": -292.1257694747256, "params": {"p_ai": 5.959073589220895, "p_al": 1.4558523924278663, "p_ex": 2.310186141512919, "prior": 2.864484938242287, "rate": 8.307682917677353}, "datetime": {"datetime": "2024-06-13 13:32:23", "elapsed": 56.433372, "delta": 0.112699}}
{"target": -159.37693115348745, "params": {"p_ai": 1.535055990682961, "p_al": 5.521835936727261, "p_ex": 5.681829037204232, "prior": 3.434857510993614, "rate": 3.5068212758802293}, "datetime": {"datetime": "2024-06-13 13:32:23", "elapsed": 56.545315, "delta": 0.111943}}
{"target": -410.7351886268785, "params": {"p_ai": 9.591161063174503, "p_al": 5.533886150645748, "p_ex": 6.527659277808647, "prior": 4.907910424327689, "rate": 6.466853166736234}, "datetime": {"datetime": "2024-06-13 13:32:23", "elapsed": 56.658013, "delta": 0.112698}}
{"target": -289.6494415251981, "params": {"p_ai": 6.052902604285114, "p_al": 1.452587755908036, "p_ex": 3.3474706483130476, "prior": 4.604879500595876, "rate": 1.2790887944022422}, "datetime": {"datetime": "2024-06-13 13:32:23", "elapsed": 56.769714, "delta": 0.111701}}
{"target": -181.4618671422473, "params": {"p_ai": 3.6313701627213772, "p_al": 2.2821882012949293, "p_ex": 8.47517852010175, "prior": 3.4153993261329654, "rate": 2.268666417341983}, "datetime": {"datetime": "2024-06-13 13:32:23", "elapsed": 56.882412, "delta": 0.112698}}
{"target": -282.41838057896734, "params": {"p_ai": 4.08240584711997, "p_al": 6.830957412174848, "p_ex": 0.657154367615287, "prior": 1.8081114068162947, "rate": 6.943375082298363}, "datetime": {"datetime": "2024-06-13 13:32:23", "elapsed": 56.994115, "delta": 0.111703}}
{"target": -360.2980444545159, "params": {"p_ai": 7.522813791436128, "p_al": 6.177925041821069, "p_ex": 8.792106406805418, "prior": 1.6888331005858586, "rate": 7.0357737742820845}, "datetime": {"datetime": "2024-06-13 13:32:24", "elapsed": 57.105314, "delta": 0.111199}}
{"target": -411.4626773590637, "params": {"p_ai": 9.172684330641006, "p_al": 1.508245851371479, "p_ex": 2.4383960099844155, "prior": 5.467299036335953, "rate": 3.441849250422999}, "datetime": {"datetime": "2024-06-13 13:32:24", "elapsed": 57.217017, "delta": 0.111703}}
{"target": -329.22052188645284, "params": {"p_ai": 6.90670016874316, "p_al": 0.5766186166326498, "p_ex": 1.6084806590922747, "prior": 7.162666826489736, "rate": 9.706216365641005}, "datetime": {"datetime": "2024-06-13 13:32:24", "elapsed": 57.328333, "delta": 0.111316}}
{"target": -620.8147663132766, "params": {"p_ai": 9.295574214746894, "p_al": 9.010768867234715, "p_ex": 1.2783053957220292, "prior": 1.4601432517979631, "rate": 0.7235753033919117}, "datetime": {"datetime": "2024-06-13 13:32:24", "elapsed": 57.441032, "delta": 0.112699}}
{"target": -274.8917583176688, "params": {"p_ai": 5.425859791214765, "p_al": 8.824979242850812, "p_ex": 5.318387208768819, "prior": 7.817371138674004, "rate": 1.8853494153257044}, "datetime": {"datetime": "2024-06-13 13:32:24", "elapsed": 57.553404, "delta": 0.112372}}
{"target": -410.2927698722224, "params": {"p_ai": 8.631249490403183, "p_al": 1.8750602824827893, "p_ex": 0.548586496539166, "prior": 4.215488613270554, "rate": 5.551489195654376}, "datetime": {"datetime": "2024-06-13 13:32:24", "elapsed": 57.66496, "delta": 0.111556}}
{"target": -430.8520323381382, "params": {"p_ai": 9.707449353204424, "p_al": 0.9184465805784736, "p_ex": 2.7399070142023203, "prior": 1.0519655837514126, "rate": 3.9050059277394262}, "datetime": {"datetime": "2024-06-13 13:32:24", "elapsed": 57.776662, "delta": 0.111702}}
{"target": -185.43950759552305, "params": {"p_ai": 2.890821820794509, "p_al": 5.133490194329599, "p_ex": 3.483218560825719, "prior": 9.28235195448276, "rate": 7.8996880160340215}, "datetime": {"datetime": "2024-06-13 13:32:24", "elapsed": 57.888364, "delta": 0.111702}}
{"target": -372.5532189495053, "params": {"p_ai": 8.610252674771141, "p_al": 1.2958799584830156, "p_ex": 5.751126599720151, "prior": 2.1486105763127026, "rate": 8.682517475837448}, "datetime": {"datetime": "2024-06-13 13:32:24", "elapsed": 58.002059, "delta": 0.113695}}
{"target": -144.03271756875745, "params": {"p_ai": 0.15117919811248737, "p_al": 1.0583364070853916, "p_ex": 3.761194698397609, "prior": 4.021536967025843, "rate": 2.7729236097038474}, "datetime": {"datetime": "2024-06-13 13:32:25", "elapsed": 58.114618, "delta": 0.112559}}
{"target": -149.28757385345057, "params": {"p_ai": 0.9615339246006319, "p_al": 1.1881853207208233, "p_ex": 3.1801295937194918, "prior": 9.507977547943128, "rate": 2.0748582416284203}, "datetime": {"datetime": "2024-06-13 13:32:25", "elapsed": 58.227317, "delta": 0.112699}}
{"target": -521.330893784559, "params": {"p_ai": 7.473055930271166, "p_al": 2.5826284514108324, "p_ex": 0.37336531585223737, "prior": 0.16150603946145364, "rate": 1.5279066058805837}, "datetime": {"datetime": "2024-06-13 13:32:25", "elapsed": 58.339018, "delta": 0.111701}}
{"target": -242.4221963287401, "params": {"p_ai": 4.621379845784425, "p_al": 7.559255074280514, "p_ex": 7.2884205045195944, "prior": 3.524542035387884, "rate": 4.7919136483503735}, "datetime": {"datetime": "2024-06-13 13:32:25", "elapsed": 58.450719, "delta": 0.111701}}
{"target": -1007.3571992756043, "params": {"p_ai": 8.140923460003277, "p_al": 8.384190660883412, "p_ex": 3.1998470874794367, "prior": 0.043645919052664246, "rate": 0.4702615014191002}, "datetime": {"datetime": "2024-06-13 13:32:25", "elapsed": 58.563489, "delta": 0.11277}}
{"target": -339.10222598282303, "params": {"p_ai": 7.378335968662237, "p_al": 2.7270501784440078, "p_ex": 4.815376636054336, "prior": 1.9211206290454117, "rate": 8.471282047905861}, "datetime": {"datetime": "2024-06-13 13:32:25", "elapsed": 58.676188, "delta": 0.112699}}
{"target": -289.798932144857, "params": {"p_ai": 5.034272718755895, "p_al": 5.272074597046892, "p_ex": 2.881507801269463, "prior": 5.120480307408566, "rate": 0.020634490179817777}, "datetime": {"datetime": "2024-06-13 13:32:25", "elapsed": 58.791882, "delta": 0.115694}}
{"target": -214.2780682426089, "params": {"p_ai": 2.7736731083917574, "p_al": 3.488281072400821, "p_ex": 2.8402249120040706, "prior": 0.8604363235466009, "rate": 5.2182903111313514}, "datetime": {"datetime": "2024-06-13 13:32:25", "elapsed": 58.906693, "delta": 0.114811}}
{"target": -376.60079525705555, "params": {"p_ai": 7.885002854601779, "p_al": 9.426041757646109, "p_ex": 4.973400631374519, "prior": 5.93794482969608, "rate": 2.9093085181668954}, "datetime": {"datetime": "2024-06-13 13:32:25", "elapsed": 59.020389, "delta": 0.113696}}
{"target": -144.575481880184, "params": {"p_ai": 1.492445929692968, "p_al": 1.3195850355936822, "p_ex": 7.323875397919708, "prior": 7.344959884063995, "rate": 1.7943208163497153}, "datetime": {"datetime": "2024-06-13 13:32:26", "elapsed": 59.131909, "delta": 0.11152}}
{"target": -247.61401913639662, "params": {"p_ai": 4.136190237378143, "p_al": 5.941849134587504, "p_ex": 1.2536941799153012, "prior": 7.85390412973879, "rate": 6.20030204099907}, "datetime": {"datetime": "2024-06-13 13:32:26", "elapsed": 59.243933, "delta": 0.112024}}
{"target": -271.54071331306005, "params": {"p_ai": 6.152601693393037, "p_al": 7.012379711094405, "p_ex": 9.871843637581678, "prior": 5.624382165115826, "rate": 8.644298200721781}, "datetime": {"datetime": "2024-06-13 13:32:26", "elapsed": 59.357632, "delta": 0.113699}}
{"target": -196.61053420037092, "params": {"p_ai": 4.187668041896602, "p_al": 6.545039042923117, "p_ex": 9.252686617399803, "prior": 6.64184400562511, "rate": 3.031503678754719}, "datetime": {"datetime": "2024-06-13 13:32:26", "elapsed": 59.474444, "delta": 0.116812}}
{"target": -304.25381854170075, "params": {"p_ai": 6.199836992922438, "p_al": 3.5138318852615673, "p_ex": 3.224344384669061, "prior": 6.102440382404956, "rate": 1.6040719966518822}, "datetime": {"datetime": "2024-06-13 13:32:26", "elapsed": 59.5973, "delta": 0.122856}}
{"target": -314.5287928010626, "params": {"p_ai": 4.867902618641776, "p_al": 9.456397215578926, "p_ex": 3.839758505543401, "prior": 1.8904369698648686, "rate": 4.688920657472168}, "datetime": {"datetime": "2024-06-13 13:32:26", "elapsed": 59.71615, "delta": 0.11885}}
{"target": -509.34243966761136, "params": {"p_ai": 8.409237406703872, "p_al": 8.426834558227732, "p_ex": 8.278204591352763, "prior": 0.11574365054552785, "rate": 2.6711360589730235}, "datetime": {"datetime": "2024-06-13 13:32:26", "elapsed": 59.828127, "delta": 0.111977}}
{"target": -420.1232282317719, "params": {"p_ai": 9.99875799995505, "p_al": 1.1977130886476726, "p_ex": 4.901404871380246, "prior": 7.900471479876251, "rate": 1.223016887028468}, "datetime": {"datetime": "2024-06-13 13:32:26", "elapsed": 59.940825, "delta": 0.112698}}
{"target": -333.20132105499135, "params": {"p_ai": 6.624429397731788, "p_al": 4.881316374767721, "p_ex": 1.9437055308797813, "prior": 8.786421635800622, "rate": 1.8156924881797458}, "datetime": {"datetime": "2024-06-13 13:32:26", "elapsed": 60.053067, "delta": 0.112242}}
{"target": -310.9637564269862, "params": {"p_ai": 6.390889540088459, "p_al": 7.4085279551010945, "p_ex": 5.6271661930456895, "prior": 6.288786844403314, "rate": 1.1905350008234223}, "datetime": {"datetime": "2024-06-13 13:32:27", "elapsed": 60.164571, "delta": 0.111504}}
{"target": -191.65227901196158, "params": {"p_ai": 3.0810618335582585, "p_al": 5.870035110089563, "p_ex": 3.955241699358807, "prior": 6.639796868246575, "rate": 8.519694493398179}, "datetime": {"datetime": "2024-06-13 13:32:27", "elapsed": 60.276273, "delta": 0.111702}}
{"target": -166.7281180340399, "params": {"p_ai": 1.903030671032523, "p_al": 9.032823736002479, "p_ex": 3.8323753284605018, "prior": 9.431300182951817, "rate": 6.174205747936627}, "datetime": {"datetime": "2024-06-13 13:32:27", "elapsed": 60.395025, "delta": 0.118752}}
{"target": -376.52155718453747, "params": {"p_ai": 7.901165115937855, "p_al": 5.148239508303887, "p_ex": 5.311915799238696, "prior": 3.276611393760953, "rate": 1.2945177075663274}, "datetime": {"datetime": "2024-06-13 13:32:27", "elapsed": 60.506294, "delta": 0.111269}}
{"target": -248.92945555155012, "params": {"p_ai": 3.8388352966923764, "p_al": 2.1505498314359848, "p_ex": 0.32961969356328386, "prior": 2.7495934114227696, "rate": 1.8065799506159026}, "datetime": {"datetime": "2024-06-13 13:32:27", "elapsed": 60.618093, "delta": 0.111799}}
{"target": -396.65571434946287, "params": {"p_ai": 8.75542762006619, "p_al": 0.8132843877516185, "p_ex": 1.8397720952197505, "prior": 7.040602924667807, "rate": 9.192339684311714}, "datetime": {"datetime": "2024-06-13 13:32:27", "elapsed": 60.730791, "delta": 0.112698}}
{"target": -148.7452241341552, "params": {"p_ai": 2.515333063867109, "p_al": 0.21399001348235436, "p_ex": 9.605084223078242, "prior": 6.8225241840990325, "rate": 3.107316297942495}, "datetime": {"datetime": "2024-06-13 13:32:27", "elapsed": 60.842522, "delta": 0.111731}}
{"target": -243.24947975739013, "params": {"p_ai": 4.724262048710183, "p_al": 5.992959482913756, "p_ex": 3.7393118520813564, "prior": 8.74500347841515, "rate": 7.261999710487967}, "datetime": {"datetime": "2024-06-13 13:32:27", "elapsed": 60.955191, "delta": 0.112669}}
{"target": -388.78035285270613, "params": {"p_ai": 9.543452705537488, "p_al": 3.5113041629592687, "p_ex": 9.37180371312909, "prior": 4.791526641683215, "rate": 6.423584063846066}, "datetime": {"datetime": "2024-06-13 13:32:27", "elapsed": 61.066893, "delta": 0.111702}}
{"target": -352.28116756342337, "params": {"p_ai": 7.36673540034412, "p_al": 8.093570352087795, "p_ex": 3.963197413459656, "prior": 4.480011839169197, "rate": 8.172952984101395}, "datetime": {"datetime": "2024-06-13 13:32:28", "elapsed": 61.178437, "delta": 0.111544}}
{"target": -391.96697681311747, "params": {"p_ai": 7.175854473706459, "p_al": 9.408551244537064, "p_ex": 9.795999116306994, "prior": 1.7899544503221003, "rate": 2.2799661987157394}, "datetime": {"datetime": "2024-06-13 13:32:28", "elapsed": 61.29014, "delta": 0.111703}}
{"target": -321.6539451827581, "params": {"p_ai": 7.16014848634319, "p_al": 7.474079963807781, "p_ex": 6.032192362771022, "prior": 8.773120342450891, "rate": 2.5206526306452743}, "datetime": {"datetime": "2024-06-13 13:32:28", "elapsed": 61.404983, "delta": 0.114843}}
{"target": -206.18713121502506, "params": {"p_ai": 3.3955344555736273, "p_al": 4.946973834220983, "p_ex": 3.150955862596707, "prior": 5.454845454328703, "rate": 6.8250983149001465}, "datetime": {"datetime": "2024-06-13 13:32:28", "elapsed": 61.520145, "delta": 0.115162}}
{"target": -162.61653052643464, "params": {"p_ai": 2.2044486446357947, "p_al": 4.853889202229838, "p_ex": 9.929820595017146, "prior": 3.242288870509168, "rate": 0.35458383299364826}, "datetime": {"datetime": "2024-06-13 13:32:28", "elapsed": 61.633467, "delta": 0.113322}}
{"target": -402.68956069409336, "params": {"p_ai": 8.173699941110849, "p_al": 5.033564529213024, "p_ex": 0.5287857773295865, "prior": 8.903159967215188, "rate": 4.045739285423598}, "datetime": {"datetime": "2024-06-13 13:32:28", "elapsed": 61.745723, "delta": 0.112256}}
{"target": -456.1213293023107, "params": {"p_ai": 9.292802548221829, "p_al": 4.0213796598318154, "p_ex": 0.7692460154620339, "prior": 2.4537661400558073, "rate": 3.503254796566321}, "datetime": {"datetime": "2024-06-13 13:32:28", "elapsed": 61.857421, "delta": 0.111698}}
{"target": -331.5543011390476, "params": {"p_ai": 7.507532195259897, "p_al": 1.8482967753404873, "p_ex": 4.310305563605018, "prior": 8.732580952739871, "rate": 5.338077152636459}, "datetime": {"datetime": "2024-06-13 13:32:28", "elapsed": 61.986544, "delta": 0.129123}}
{"target": -143.60591366122023, "params": {"p_ai": 1.0324440427708175, "p_al": 0.24620034805926763, "p_ex": 7.058392201809326, "prior": 9.791295782091213, "rate": 7.851867464260117}, "datetime": {"datetime": "2024-06-13 13:32:29", "elapsed": 62.09875, "delta": 0.112206}}
{"target": -480.25022964713014, "params": {"p_ai": 7.647497242257331, "p_al": 6.754799709264521, "p_ex": 7.9552316002763535, "prior": 0.40113783894076427, "rate": 2.647551635536823}, "datetime": {"datetime": "2024-06-13 13:32:29", "elapsed": 62.210933, "delta": 0.112183}}
{"target": -355.9239146688985, "params": {"p_ai": 6.9542799621795535, "p_al": 8.670016307747831, "p_ex": 6.746394111296426, "prior": 1.7635850037063328, "rate": 9.363148290996985}, "datetime": {"datetime": "2024-06-13 13:32:29", "elapsed": 62.323022, "delta": 0.112089}}
{"target": -406.6260540650525, "params": {"p_ai": 9.033883622408418, "p_al": 0.8677009826349238, "p_ex": 1.9308073757049558, "prior": 2.7526551130746566, "rate": 7.384380294175464}, "datetime": {"datetime": "2024-06-13 13:32:29", "elapsed": 62.436229, "delta": 0.113207}}
{"target": -430.7045410030672, "params": {"p_ai": 8.59387390968027, "p_al": 5.7836455521280605, "p_ex": 1.9972560609459706, "prior": 4.151483786326004, "rate": 1.3794541434408072}, "datetime": {"datetime": "2024-06-13 13:32:29", "elapsed": 62.548111, "delta": 0.111882}}
{"target": -438.0181814619117, "params": {"p_ai": 9.174044472397386, "p_al": 7.645544873164326, "p_ex": 5.10262812422697, "prior": 4.536296856665209, "rate": 0.9793229413773535}, "datetime": {"datetime": "2024-06-13 13:32:29", "elapsed": 62.659812, "delta": 0.111701}}
{"target": -165.59368649584658, "params": {"p_ai": 3.1874348876469725, "p_al": 1.2072073207786072, "p_ex": 7.823598295559239, "prior": 5.44929218305527, "rate": 2.2735465367701733}, "datetime": {"datetime": "2024-06-13 13:32:29", "elapsed": 62.771514, "delta": 0.111702}}
{"target": -173.31977337295993, "params": {"p_ai": 2.242804189720107, "p_al": 2.6047215769603396, "p_ex": 3.0894186504102437, "prior": 3.8776636126823174, "rate": 2.9761917748399953}, "datetime": {"datetime": "2024-06-13 13:32:29", "elapsed": 62.884212, "delta": 0.112698}}
{"target": -310.6677565332778, "params": {"p_ai": 6.795879389436971, "p_al": 0.351701119431484, "p_ex": 3.2817750389987497, "prior": 7.4531734367072975, "rate": 9.428137042767773}, "datetime": {"datetime": "2024-06-13 13:32:29", "elapsed": 62.998906, "delta": 0.114694}}
{"target": -374.11365123084346, "params": {"p_ai": 8.027522769025355, "p_al": 2.4090212695059683, "p_ex": 2.329921768369933, "prior": 1.904177610377174, "rate": 8.825092851051235}, "datetime": {"datetime": "2024-06-13 13:32:30", "elapsed": 63.113599, "delta": 0.114693}}
{"target": -325.62400466521, "params": {"p_ai": 2.3793190167249576, "p_al": 7.582048053507862, "p_ex": 2.611236264315461, "prior": 0.3317853522317488, "rate": 7.334743552987591}, "datetime": {"datetime": "2024-06-13 13:32:30", "elapsed": 63.229336, "delta": 0.115737}}
{"target": -330.73172663711443, "params": {"p_ai": 7.262291896142214, "p_al": 0.8905021504995737, "p_ex": 3.2676858780380864, "prior": 9.483704536600037, "rate": 1.6303270368232625}, "datetime": {"datetime": "2024-06-13 13:32:30", "elapsed": 63.34077, "delta": 0.111434}}
{"target": -176.31734520357955, "params": {"p_ai": 0.8676380540564483, "p_al": 5.946444277228148, "p_ex": 9.309967663594373, "prior": 1.3386492991231709, "rate": 5.130609924306518}, "datetime": {"datetime": "2024-06-13 13:32:30", "elapsed": 63.453469, "delta": 0.112699}}
{"target": -350.14169681379667, "params": {"p_ai": 6.84030814195546, "p_al": 1.7191257663086643, "p_ex": 0.11358767502840258, "prior": 8.876943621666769, "rate": 0.3532774752629418}, "datetime": {"datetime": "2024-06-13 13:32:30", "elapsed": 63.568259, "delta": 0.11479}}
{"target": -360.6129714121564, "params": {"p_ai": 2.575325379792938, "p_al": 6.5171886333749445, "p_ex": 2.8585435506242662, "prior": 0.09806625815159087, "rate": 5.754942892815359}, "datetime": {"datetime": "2024-06-13 13:32:30", "elapsed": 63.680023, "delta": 0.111764}}
{"target": -186.99927727014514, "params": {"p_ai": 3.078614991068771, "p_al": 1.5159891044593792, "p_ex": 9.712861834014069, "prior": 1.6505577067216257, "rate": 7.272627175991628}, "datetime": {"datetime": "2024-06-13 13:32:30", "elapsed": 63.792693, "delta": 0.11267}}
{"target": -552.6499322184205, "params": {"p_ai": 8.907351190743636, "p_al": 8.587292442153725, "p_ex": 1.8433864145173096, "prior": 2.3688485284086984, "rate": 0.1846080023892216}, "datetime": {"datetime": "2024-06-13 13:32:30", "elapsed": 63.905397, "delta": 0.112704}}
{"target": -558.5776510810426, "params": {"p_ai": 9.314123267181278, "p_al": 8.871324645396406, "p_ex": 5.95506622352646, "prior": 1.0945671874130298, "rate": 1.736252925778173}, "datetime": {"datetime": "2024-06-13 13:32:30", "elapsed": 64.017604, "delta": 0.112207}}
{"target": -301.2877899555616, "params": {"p_ai": 5.770026748955153, "p_al": 2.5173180780279494, "p_ex": 3.0024181605272484, "prior": 1.7107025020812408, "rate": 1.8967275990085757}, "datetime": {"datetime": "2024-06-13 13:32:31", "elapsed": 64.129305, "delta": 0.111701}}
