{"target": -170.17679663670327, "params": {"gamma": 2.3106546042570515, "prior": 0.6739605523903935, "rate": 1.3890263639386906}, "datetime": {"datetime": "2024-06-14 10:30:29", "elapsed": 4.566524, "delta": 0.008977}}
{"target": -462.14031678343315, "params": {"gamma": 9.351596002308344, "prior": 8.896566823226658, "rate": 2.893315694333617}, "datetime": {"datetime": "2024-06-14 10:30:29", "elapsed": 4.5755, "delta": 0.008976}}
{"target": -466.80099486930135, "params": {"gamma": 9.477692896949968, "prior": 8.514312298791047, "rate": 4.347113285922664}, "datetime": {"datetime": "2024-06-14 10:30:29", "elapsed": 4.584476, "delta": 0.008976}}
{"target": -268.9963952721967, "params": {"gamma": 4.681027499109862, "prior": 6.335544913675885, "rate": 1.581160317803163}, "datetime": {"datetime": "2024-06-14 10:30:29", "elapsed": 4.594449, "delta": 0.009973}}
{"target": -145.52101867865798, "params": {"gamma": 0.14880608533418707, "prior": 2.72856897297662, "rate": 0.15542087579566607}, "datetime": {"datetime": "2024-06-14 10:30:29", "elapsed": 4.603425, "delta": 0.008976}}
{"target": -346.7764800778247, "params": {"gamma": 6.745313942778413, "prior": 5.559541474546487, "rate": 3.2171598078821737}, "datetime": {"datetime": "2024-06-14 10:30:29", "elapsed": 4.612401, "delta": 0.008976}}
{"target": -403.5277481967299, "params": {"gamma": 7.802243168860467, "prior": 1.543275769026293, "rate": 2.449561506980074}, "datetime": {"datetime": "2024-06-14 10:30:29", "elapsed": 4.621378, "delta": 0.008977}}
{"target": -196.7058336285599, "params": {"gamma": 2.923845306630798, "prior": 2.0397262703400223, "rate": 0.8802988990222627}, "datetime": {"datetime": "2024-06-14 10:30:29", "elapsed": 4.630353, "delta": 0.008975}}
{"target": -496.12116414625604, "params": {"gamma": 8.699891826535803, "prior": 0.9730675911579497, "rate": 6.837419647880558}, "datetime": {"datetime": "2024-06-14 10:30:29", "elapsed": 4.639329, "delta": 0.008976}}
{"target": -154.19943944445052, "params": {"gamma": 1.204888367700376, "prior": 0.20592013112732416, "rate": 5.573125032519063}, "datetime": {"datetime": "2024-06-14 10:30:29", "elapsed": 4.649303, "delta": 0.009974}}
{"target": -449.0572626329225, "params": {"gamma": 9.071183443148486, "prior": 8.618521006635163, "rate": 3.3851753897983823}, "datetime": {"datetime": "2024-06-14 10:30:29", "elapsed": 4.658279, "delta": 0.008976}}
{"target": -143.1908137645593, "params": {"gamma": 0.27256113442929636, "prior": 8.028507615787328, "rate": 8.06004333796437}, "datetime": {"datetime": "2024-06-14 10:30:29", "elapsed": 4.667255, "delta": 0.008976}}
{"target": -439.9268365971671, "params": {"gamma": 8.685012674911418, "prior": 6.729501338767777, "rate": 8.077980844288449}, "datetime": {"datetime": "2024-06-14 10:30:29", "elapsed": 4.676233, "delta": 0.008978}}
{"target": -453.86287756771975, "params": {"gamma": 8.9750853247459, "prior": 4.592916509851121, "rate": 5.578695211845391}, "datetime": {"datetime": "2024-06-14 10:30:29", "elapsed": 4.685209, "delta": 0.008976}}
{"target": -273.6925434488154, "params": {"gamma": 5.06180515715352, "prior": 6.9506406547897654, "rate": 6.829385769431119}, "datetime": {"datetime": "2024-06-14 10:30:29", "elapsed": 4.694185, "delta": 0.008976}}
{"target": -280.9689569674335, "params": {"gamma": 5.203616044997302, "prior": 8.301834666046165, "rate": 5.058288088511875}, "datetime": {"datetime": "2024-06-14 10:30:29", "elapsed": 4.703161, "delta": 0.008976}}
{"target": -412.7766940260246, "params": {"gamma": 8.248760765289934, "prior": 2.8902663726181053, "rate": 1.7857698349419049}, "datetime": {"datetime": "2024-06-14 10:30:29", "elapsed": 4.712166, "delta": 0.009005}}
{"target": -476.83117109523585, "params": {"gamma": 9.698735832876796, "prior": 7.44520130201516, "rate": 2.598657141350841}, "datetime": {"datetime": "2024-06-14 10:30:29", "elapsed": 4.721005, "delta": 0.008839}}
{"target": -327.7195841592264, "params": {"gamma": 5.8127721875694265, "prior": 9.557096310028049, "rate": 0.808458324212976}, "datetime": {"datetime": "2024-06-14 10:30:29", "elapsed": 4.730978, "delta": 0.009973}}
{"target": -147.59090630038597, "params": {"gamma": 0.8362585364103492, "prior": 6.229434831057081, "rate": 2.245710294880741}, "datetime": {"datetime": "2024-06-14 10:30:29", "elapsed": 4.739954, "delta": 0.008976}}
{"target": -391.0442689600087, "params": {"gamma": 7.652074383378348, "prior": 5.72471017519614, "rate": 6.66221471414473}, "datetime": {"datetime": "2024-06-14 10:30:29", "elapsed": 4.74893, "delta": 0.008976}}
{"target": -145.31612613344348, "params": {"gamma": 1.0790311940451294, "prior": 0.9344022092219122, "rate": 6.251585561986592}, "datetime": {"datetime": "2024-06-14 10:30:29", "elapsed": 4.757906, "delta": 0.008976}}
{"target": -245.70522761533155, "params": {"gamma": 4.097902880079071, "prior": 0.9637999863326198, "rate": 3.711268386216875}, "datetime": {"datetime": "2024-06-14 10:30:29", "elapsed": 4.766883, "delta": 0.008977}}
{"target": -376.8919332677366, "params": {"gamma": 6.72177195215883, "prior": 1.9769152618966988, "rate": 8.957395356178512}, "datetime": {"datetime": "2024-06-14 10:30:29", "elapsed": 4.775857, "delta": 0.008974}}
{"target": -470.6210267871457, "params": {"gamma": 9.498514042411992, "prior": 9.619568170101886, "rate": 7.301095494844863}, "datetime": {"datetime": "2024-06-14 10:30:29", "elapsed": 4.784834, "delta": 0.008977}}
{"target": -239.49869620322582, "params": {"gamma": 4.063477988455463, "prior": 7.463117043877074, "rate": 2.8805808058682407}, "datetime": {"datetime": "2024-06-14 10:30:29", "elapsed": 4.79381, "delta": 0.008976}}
{"target": -197.73360126825656, "params": {"gamma": 3.144857806685071, "prior": 6.098373976056793, "rate": 5.948876486945769}, "datetime": {"datetime": "2024-06-14 10:30:29", "elapsed": 4.802786, "delta": 0.008976}}
{"target": -469.10149568546643, "params": {"gamma": 8.786731102181795, "prior": 2.620547481039712, "rate": 7.662117463663015}, "datetime": {"datetime": "2024-06-14 10:30:29", "elapsed": 4.811762, "delta": 0.008976}}
{"target": -614.7410316866968, "params": {"gamma": 9.410191654922194, "prior": 0.11022603331157285, "rate": 4.761415090903047}, "datetime": {"datetime": "2024-06-14 10:30:29", "elapsed": 4.820739, "delta": 0.008977}}
{"target": -348.20785785915695, "params": {"gamma": 6.570746249918269, "prior": 8.448899817803273, "rate": 1.8382103793481412}, "datetime": {"datetime": "2024-06-14 10:30:29", "elapsed": 4.829714, "delta": 0.008975}}
{"target": -451.53796214381896, "params": {"gamma": 8.56173622063573, "prior": 3.7072182505845768, "rate": 8.922847018832448}, "datetime": {"datetime": "2024-06-14 10:30:29", "elapsed": 4.83869, "delta": 0.008976}}
{"target": -140.1463041829177, "params": {"gamma": 0.2780896894835276, "prior": 0.9453623773193891, "rate": 9.81412324707537}, "datetime": {"datetime": "2024-06-14 10:30:29", "elapsed": 4.847666, "delta": 0.008976}}
{"target": -321.4389948296004, "params": {"gamma": 6.095409755809193, "prior": 4.234560233460414, "rate": 1.6929726327522117}, "datetime": {"datetime": "2024-06-14 10:30:29", "elapsed": 4.856642, "delta": 0.008976}}
{"target": -377.379348457888, "params": {"gamma": 6.499361629743811, "prior": 0.46605317675764246, "rate": 3.116827520693586}, "datetime": {"datetime": "2024-06-14 10:30:29", "elapsed": 4.865618, "delta": 0.008976}}
{"target": -200.64756164442068, "params": {"gamma": 3.2354684906937643, "prior": 6.11367474579408, "rate": 6.508661735500295}, "datetime": {"datetime": "2024-06-14 10:30:29", "elapsed": 4.874594, "delta": 0.008976}}
{"target": -422.9423410816055, "params": {"gamma": 8.460699937765456, "prior": 9.28305133171568, "rate": 6.604916818383386}, "datetime": {"datetime": "2024-06-14 10:30:29", "elapsed": 4.883571, "delta": 0.008977}}
{"target": -314.8625585640843, "params": {"gamma": 5.782161010166973, "prior": 4.047283881927183, "rate": 9.666158313928777}, "datetime": {"datetime": "2024-06-14 10:30:29", "elapsed": 4.892547, "delta": 0.008976}}
{"target": -159.256230076635, "params": {"gamma": 1.541637639151742, "prior": 8.96135940562162, "rate": 3.1108196657805305}, "datetime": {"datetime": "2024-06-14 10:30:29", "elapsed": 4.901522, "delta": 0.008975}}
{"target": -297.6569833434154, "params": {"gamma": 5.485342407571374, "prior": 6.852455958484867, "rate": 2.3654600436102275}, "datetime": {"datetime": "2024-06-14 10:30:30", "elapsed": 4.910498, "delta": 0.008976}}
{"target": -153.56689154606082, "params": {"gamma": 1.678199113817666, "prior": 5.133971932953198, "rate": 7.918846891971133}, "datetime": {"datetime": "2024-06-14 10:30:30", "elapsed": 4.919474, "delta": 0.008976}}
{"target": -401.37991575552456, "params": {"gamma": 6.9244522072085894, "prior": 1.277836038012847, "rate": 9.007521408502258}, "datetime": {"datetime": "2024-06-14 10:30:30", "elapsed": 4.92845, "delta": 0.008976}}
{"target": -264.54951323660333, "params": {"gamma": 4.797895932924502, "prior": 9.47209912447251, "rate": 5.53478362877641}, "datetime": {"datetime": "2024-06-14 10:30:30", "elapsed": 4.937426, "delta": 0.008976}}
{"target": -140.857455328446, "params": {"gamma": 0.8489334147818686, "prior": 2.1043840531779026, "rate": 8.542525491190911}, "datetime": {"datetime": "2024-06-14 10:30:30", "elapsed": 4.946402, "delta": 0.008976}}
{"target": -362.87827307953637, "params": {"gamma": 7.0595677402804276, "prior": 8.95990124951395, "rate": 3.2921308719412035}, "datetime": {"datetime": "2024-06-14 10:30:30", "elapsed": 4.956376, "delta": 0.009974}}
{"target": -283.00582405270643, "params": {"gamma": 5.280485964979625, "prior": 6.538941511592786, "rate": 5.943314245013059}, "datetime": {"datetime": "2024-06-14 10:30:30", "elapsed": 4.965351, "delta": 0.008975}}
{"target": -174.87659417970718, "params": {"gamma": 2.315397892406944, "prior": 4.325531359537532, "rate": 2.481866529137688}, "datetime": {"datetime": "2024-06-14 10:30:30", "elapsed": 4.974328, "delta": 0.008977}}
{"target": -442.1352835776605, "params": {"gamma": 8.456304007349223, "prior": 9.868106705184019, "rate": 0.6666414605206605}, "datetime": {"datetime": "2024-06-14 10:30:30", "elapsed": 4.983307, "delta": 0.008979}}
{"target": -374.96074927977565, "params": {"gamma": 7.139566394637347, "prior": 3.3681439667708357, "rate": 6.254728347736019}, "datetime": {"datetime": "2024-06-14 10:30:30", "elapsed": 4.992312, "delta": 0.009005}}
{"target": -182.9603216207199, "params": {"gamma": 2.582038363169428, "prior": 6.5449753321541015, "rate": 3.7121006974428328}, "datetime": {"datetime": "2024-06-14 10:30:30", "elapsed": 5.001258, "delta": 0.008946}}
{"target": -190.7056273488034, "params": {"gamma": 2.9489139744901, "prior": 9.126455419608208, "rate": 9.425046243387849}, "datetime": {"datetime": "2024-06-14 10:30:30", "elapsed": 5.010234, "delta": 0.008976}}
{"target": -345.2521924507716, "params": {"gamma": 6.135886715574795, "prior": 2.223231030223857, "rate": 9.394249290190688}, "datetime": {"datetime": "2024-06-14 10:30:30", "elapsed": 5.01921, "delta": 0.008976}}
{"target": -384.3570345801508, "params": {"gamma": 7.504785013686519, "prior": 7.53578909249578, "rate": 2.1180016271500137}, "datetime": {"datetime": "2024-06-14 10:30:30", "elapsed": 5.028187, "delta": 0.008977}}
{"target": -440.2216123003475, "params": {"gamma": 8.30173510509683, "prior": 2.47694202619598, "rate": 6.316575831756353}, "datetime": {"datetime": "2024-06-14 10:30:30", "elapsed": 5.037162, "delta": 0.008975}}
{"target": -362.76320332239516, "params": {"gamma": 7.107684959425964, "prior": 7.449595954100307, "rate": 3.9032567812912102}, "datetime": {"datetime": "2024-06-14 10:30:30", "elapsed": 5.046138, "delta": 0.008976}}
{"target": -384.0652717784432, "params": {"gamma": 7.598494141764259, "prior": 9.039065431004929, "rate": 5.8746127723565325}, "datetime": {"datetime": "2024-06-14 10:30:30", "elapsed": 5.056112, "delta": 0.009974}}
{"target": -145.09026100566052, "params": {"gamma": 0.9050067472322914, "prior": 1.376862243008533, "rate": 1.0535200041012063}, "datetime": {"datetime": "2024-06-14 10:30:30", "elapsed": 5.065087, "delta": 0.008975}}
{"target": -160.35771365909585, "params": {"gamma": 1.7281019057654774, "prior": 1.3516658138678819, "rate": 7.783230599786209}, "datetime": {"datetime": "2024-06-14 10:30:30", "elapsed": 5.074063, "delta": 0.008976}}
{"target": -140.09804482706417, "params": {"gamma": 0.39507571033225836, "prior": 2.491428331674554, "rate": 8.790784947183296}, "datetime": {"datetime": "2024-06-14 10:30:30", "elapsed": 5.08304, "delta": 0.008977}}
{"target": -497.33942110375807, "params": {"gamma": 9.7352150895021, "prior": 6.093677876497776, "rate": 9.762406407339324}, "datetime": {"datetime": "2024-06-14 10:30:30", "elapsed": 5.092016, "delta": 0.008976}}
{"target": -145.07647691566197, "params": {"gamma": 0.43547196560805285, "prior": 9.490870406922475, "rate": 3.113649528479215}, "datetime": {"datetime": "2024-06-14 10:30:30", "elapsed": 5.100992, "delta": 0.008976}}
{"target": -405.4399559455367, "params": {"gamma": 7.989929430775569, "prior": 8.125228124124325, "rate": 8.600125917211868}, "datetime": {"datetime": "2024-06-14 10:30:30", "elapsed": 5.109967, "delta": 0.008975}}
{"target": -263.9249990220224, "params": {"gamma": 4.586049558214109, "prior": 9.313379482437938, "rate": 2.579671951285972}, "datetime": {"datetime": "2024-06-14 10:30:30", "elapsed": 5.118943, "delta": 0.008976}}
{"target": -477.94744707229063, "params": {"gamma": 9.344520479803316, "prior": 6.229284369191439, "rate": 9.85446370453336}, "datetime": {"datetime": "2024-06-14 10:30:30", "elapsed": 5.127919, "delta": 0.008976}}
{"target": -143.42407688099158, "params": {"gamma": 0.3274060157599613, "prior": 7.279149922443812, "rate": 5.655976799568431}, "datetime": {"datetime": "2024-06-14 10:30:30", "elapsed": 5.136895, "delta": 0.008976}}
{"target": -268.3206580390407, "params": {"gamma": 4.924748049935798, "prior": 2.6662594439422964, "rate": 3.268980017978885}, "datetime": {"datetime": "2024-06-14 10:30:30", "elapsed": 5.145872, "delta": 0.008977}}
{"target": -179.98693307597003, "params": {"gamma": 2.495372604807176, "prior": 2.270752312218102, "rate": 7.996808714410864}, "datetime": {"datetime": "2024-06-14 10:30:30", "elapsed": 5.154848, "delta": 0.008976}}
{"target": -308.5272128033251, "params": {"gamma": 5.024447663976686, "prior": 0.9235798981002775, "rate": 7.770064936081777}, "datetime": {"datetime": "2024-06-14 10:30:30", "elapsed": 5.163824, "delta": 0.008976}}
{"target": -285.90333035685325, "params": {"gamma": 5.336957111761226, "prior": 7.419939094729182, "rate": 5.154421537738071}, "datetime": {"datetime": "2024-06-14 10:30:30", "elapsed": 5.1728, "delta": 0.008976}}
{"target": -257.779399507741, "params": {"gamma": 4.0000592939273325, "prior": 9.86384314611932, "rate": 0.2833979590089639}, "datetime": {"datetime": "2024-06-14 10:30:30", "elapsed": 5.181775, "delta": 0.008975}}
{"target": -460.0885696571801, "params": {"gamma": 9.327706315740619, "prior": 9.315464180823684, "rate": 3.909796196303079}, "datetime": {"datetime": "2024-06-14 10:30:30", "elapsed": 5.190752, "delta": 0.008977}}
{"target": -176.0738692885537, "params": {"gamma": 2.145434246462065, "prior": 6.230211649539066, "rate": 1.7805453823662243}, "datetime": {"datetime": "2024-06-14 10:30:30", "elapsed": 5.199728, "delta": 0.008976}}
{"target": -408.095855362799, "params": {"gamma": 8.032278735085756, "prior": 2.613945173189579, "rate": 2.9087707441717465}, "datetime": {"datetime": "2024-06-14 10:30:30", "elapsed": 5.208703, "delta": 0.008975}}
{"target": -453.1995638935169, "params": {"gamma": 9.15924198430956, "prior": 9.038876651396649, "rate": 5.354273536413487}, "datetime": {"datetime": "2024-06-14 10:30:30", "elapsed": 5.217713, "delta": 0.00901}}
{"target": -459.3976196853845, "params": {"gamma": 8.628526966805577, "prior": 3.5900724311701118, "rate": 9.978844897970799}, "datetime": {"datetime": "2024-06-14 10:30:30", "elapsed": 5.226655, "delta": 0.008942}}
{"target": -262.04823074688693, "params": {"gamma": 4.337463704310366, "prior": 3.0186389168051044, "rate": 0.4167007652577235}, "datetime": {"datetime": "2024-06-14 10:30:30", "elapsed": 5.235631, "delta": 0.008976}}
{"target": -504.4829914399284, "params": {"gamma": 9.897079830913631, "prior": 4.702387546027041, "rate": 7.346115555489657}, "datetime": {"datetime": "2024-06-14 10:30:30", "elapsed": 5.244607, "delta": 0.008976}}
{"target": -354.5357198382534, "params": {"gamma": 6.408435432834701, "prior": 7.258624656693496, "rate": 0.5120579273573367}, "datetime": {"datetime": "2024-06-14 10:30:30", "elapsed": 5.253583, "delta": 0.008976}}
{"target": -455.0707242610353, "params": {"gamma": 9.200534008691728, "prior": 9.275728057232191, "rate": 5.520398276514817}, "datetime": {"datetime": "2024-06-14 10:30:30", "elapsed": 5.262559, "delta": 0.008976}}
{"target": -500.97985817209496, "params": {"gamma": 9.639194970956826, "prior": 2.881459816204638, "rate": 6.0218641247383164}, "datetime": {"datetime": "2024-06-14 10:30:30", "elapsed": 5.271535, "delta": 0.008976}}
{"target": -233.44800308197472, "params": {"gamma": 3.9652304378361865, "prior": 6.317429994376759, "rate": 3.0070222529489574}, "datetime": {"datetime": "2024-06-14 10:30:30", "elapsed": 5.280512, "delta": 0.008977}}
{"target": -410.12842662680725, "params": {"gamma": 8.193764488175546, "prior": 0.7908811871916644, "rate": 0.4197338254296628}, "datetime": {"datetime": "2024-06-14 10:30:30", "elapsed": 5.289487, "delta": 0.008975}}
{"target": -140.20456218976716, "params": {"gamma": 0.49491444994850975, "prior": 1.5895047808398683, "rate": 3.954109387473109}, "datetime": {"datetime": "2024-06-14 10:30:30", "elapsed": 5.299461, "delta": 0.009974}}
{"target": -531.8166692579001, "params": {"gamma": 9.553944502582489, "prior": 1.1968748529899662, "rate": 6.475882305178456}, "datetime": {"datetime": "2024-06-14 10:30:30", "elapsed": 5.308437, "delta": 0.008976}}
{"target": -284.65911995615556, "params": {"gamma": 5.276687463055037, "prior": 3.5970998192322843, "rate": 1.9827940939725983}, "datetime": {"datetime": "2024-06-14 10:30:30", "elapsed": 5.317067, "delta": 0.00863}}
{"target": -186.04121582159786, "params": {"gamma": 2.20672022439151, "prior": 0.5338329462987547, "rate": 7.131926567624986}, "datetime": {"datetime": "2024-06-14 10:30:30", "elapsed": 5.32704, "delta": 0.009973}}
{"target": -343.726451766819, "params": {"gamma": 6.538748151763354, "prior": 4.493320947974752, "rate": 7.189675941410347}, "datetime": {"datetime": "2024-06-14 10:30:30", "elapsed": 5.336016, "delta": 0.008976}}
{"target": -146.25529653766313, "params": {"gamma": 1.100649748480759, "prior": 9.393319816352417, "rate": 8.476419465684636}, "datetime": {"datetime": "2024-06-14 10:30:30", "elapsed": 5.344992, "delta": 0.008976}}
{"target": -341.5272467297032, "params": {"gamma": 6.590697560999168, "prior": 3.8504285697511453, "rate": 4.16625072341846}, "datetime": {"datetime": "2024-06-14 10:30:30", "elapsed": 5.353969, "delta": 0.008977}}
{"target": -263.5649078004694, "params": {"gamma": 4.822057067652517, "prior": 9.359309323067325, "rate": 8.636065956226108}, "datetime": {"datetime": "2024-06-14 10:30:30", "elapsed": 5.362497, "delta": 0.008528}}
{"target": -263.501281264538, "params": {"gamma": 4.779760568316378, "prior": 5.589733132953853, "rate": 8.754163218930938}, "datetime": {"datetime": "2024-06-14 10:30:30", "elapsed": 5.371473, "delta": 0.008976}}
{"target": -477.5018625689046, "params": {"gamma": 9.492695073289129, "prior": 6.427929083095635, "rate": 7.485454680577448}, "datetime": {"datetime": "2024-06-14 10:30:30", "elapsed": 5.380449, "delta": 0.008976}}
{"target": -211.54803949059237, "params": {"gamma": 3.516897438698066, "prior": 9.188480358953182, "rate": 8.367683746488458}, "datetime": {"datetime": "2024-06-14 10:30:30", "elapsed": 5.389424, "delta": 0.008975}}
{"target": -293.474227802548, "params": {"gamma": 5.521006756366404, "prior": 8.68950937519022, "rate": 8.498868942521883}, "datetime": {"datetime": "2024-06-14 10:30:30", "elapsed": 5.398401, "delta": 0.008977}}
{"target": -441.9913121275023, "params": {"gamma": 8.084305154704811, "prior": 1.393858961534142, "rate": 5.3604897456433}, "datetime": {"datetime": "2024-06-14 10:30:30", "elapsed": 5.408374, "delta": 0.009973}}
{"target": -446.1279983134273, "params": {"gamma": 9.007930363954452, "prior": 7.73123512248292, "rate": 4.207711277052893}, "datetime": {"datetime": "2024-06-14 10:30:30", "elapsed": 5.41735, "delta": 0.008976}}
{"target": -493.51478282040006, "params": {"gamma": 9.778826053206298, "prior": 2.5826542510627224, "rate": 3.336768678250129}, "datetime": {"datetime": "2024-06-14 10:30:30", "elapsed": 5.426326, "delta": 0.008976}}
{"target": -478.8429407216837, "params": {"gamma": 9.54205087378846, "prior": 8.106281947034368, "rate": 9.003499705102108}, "datetime": {"datetime": "2024-06-14 10:30:30", "elapsed": 5.435302, "delta": 0.008976}}
{"target": -144.70626153635288, "params": {"gamma": 0.11688430450954196, "prior": 3.859667887036548, "rate": 2.355984044142083}, "datetime": {"datetime": "2024-06-14 10:30:30", "elapsed": 5.444278, "delta": 0.008976}}
{"target": -191.31450059262897, "params": {"gamma": 2.9600545838222256, "prior": 7.406155414398024, "rate": 7.241124363795878}, "datetime": {"datetime": "2024-06-14 10:30:30", "elapsed": 5.453254, "delta": 0.008976}}
{"target": -256.54326041787266, "params": {"gamma": 4.618532302580416, "prior": 3.716217165950228, "rate": 5.847331438432254}, "datetime": {"datetime": "2024-06-14 10:30:30", "elapsed": 5.46223, "delta": 0.008976}}
{"target": -285.84783729071125, "params": {"gamma": 5.33754383858813, "prior": 5.550737634177834, "rate": 6.155155234075464}, "datetime": {"datetime": "2024-06-14 10:30:30", "elapsed": 5.471206, "delta": 0.008976}}
