{"target": -390.0236703026265, "params": {"gamma": 0.9370488703914385, "lr": 0.0655985161350432}, "datetime": {"datetime": "2024-06-13 15:58:00", "elapsed": 7.138518, "delta": 0.004987}}
{"target": -1986.1575923013697, "params": {"gamma": 8.799475826643015, "lr": 0.8213720415432885}, "datetime": {"datetime": "2024-06-13 15:58:00", "elapsed": 7.143505, "delta": 0.004987}}
{"target": -1511.2532419556503, "params": {"gamma": 8.199874253028593, "lr": 0.46781804781537173}, "datetime": {"datetime": "2024-06-13 15:58:00", "elapsed": 7.147494, "delta": 0.003989}}
{"target": -805.1396469915367, "params": {"gamma": 4.275493453510745, "lr": 0.4010683054344961}, "datetime": {"datetime": "2024-06-13 15:58:00", "elapsed": 7.15248, "delta": 0.004986}}
{"target": -1227.330401391425, "params": {"gamma": 5.822568206350932, "lr": 0.7289706693761112}, "datetime": {"datetime": "2024-06-13 15:58:00", "elapsed": 7.157467, "delta": 0.004987}}
{"target": -1562.3292175533536, "params": {"gamma": 7.843135731493912, "lr": 0.6547991875604179}, "datetime": {"datetime": "2024-06-13 15:58:00", "elapsed": 7.162454, "delta": 0.004987}}
{"target": -1053.104712517165, "params": {"gamma": 5.625099180595456, "lr": 0.412392608220297}, "datetime": {"datetime": "2024-06-13 15:58:00", "elapsed": 7.167441, "delta": 0.004987}}
{"target": -513.5835571590628, "params": {"gamma": 3.1998307053765016, "lr": 0.2862477928261852}, "datetime": {"datetime": "2024-06-13 15:58:00", "elapsed": 7.173425, "delta": 0.005984}}
{"target": -626.7809376784232, "params": {"gamma": 2.9624710073123492, "lr": 0.6827528661644432}, "datetime": {"datetime": "2024-06-13 15:58:00", "elapsed": 7.177414, "delta": 0.003989}}
{"target": -1435.369164944242, "params": {"gamma": 7.624649380413635, "lr": 0.5976197869899762}, "datetime": {"datetime": "2024-06-13 15:58:00", "elapsed": 7.182401, "delta": 0.004987}}
{"target": -537.1502989280873, "params": {"gamma": 2.229416058643355, "lr": 0.1943950205047229}, "datetime": {"datetime": "2024-06-13 15:58:00", "elapsed": 7.188007, "delta": 0.005606}}
{"target": -1846.8050646763097, "params": {"gamma": 7.657095501588769, "lr": 0.9786938189750454}, "datetime": {"datetime": "2024-06-13 15:58:00", "elapsed": 7.191996, "delta": 0.003989}}
{"target": -148.643352666469, "params": {"gamma": 0.1600837059640327, "lr": 0.24889814198257976}, "datetime": {"datetime": "2024-06-13 15:58:00", "elapsed": 7.196983, "delta": 0.004987}}
{"target": -1679.9155808736234, "params": {"gamma": 7.923336404835708, "lr": 0.7191652977533548}, "datetime": {"datetime": "2024-06-13 15:58:00", "elapsed": 7.202967, "delta": 0.005984}}
{"target": -464.6569452382204, "params": {"gamma": 2.4605535974366086, "lr": 0.5548923810758453}, "datetime": {"datetime": "2024-06-13 15:58:00", "elapsed": 7.206956, "delta": 0.003989}}
{"target": -1246.0431738898935, "params": {"gamma": 5.856272355196109, "lr": 0.7213842766472296}, "datetime": {"datetime": "2024-06-13 15:58:00", "elapsed": 7.211943, "delta": 0.004987}}
{"target": -871.4994612919304, "params": {"gamma": 4.637273438415798, "lr": 0.40484847152272274}, "datetime": {"datetime": "2024-06-13 15:58:00", "elapsed": 7.21693, "delta": 0.004987}}
{"target": -565.5715708313943, "params": {"gamma": 3.080786698738075, "lr": 0.23830890840682273}, "datetime": {"datetime": "2024-06-13 15:58:00", "elapsed": 7.221916, "delta": 0.004986}}
{"target": -227.33264722442857, "params": {"gamma": 0.925941078147889, "lr": 0.6458833874176423}, "datetime": {"datetime": "2024-06-13 15:58:00", "elapsed": 7.225906, "delta": 0.00399}}
{"target": -1392.7188735841103, "params": {"gamma": 6.696034914953822, "lr": 0.6873434739168471}, "datetime": {"datetime": "2024-06-13 15:58:00", "elapsed": 7.231493, "delta": 0.005587}}
{"target": -150.30299021172007, "params": {"gamma": 0.03245405892326011, "lr": 0.43825303252098613}, "datetime": {"datetime": "2024-06-13 15:58:00", "elapsed": 7.237462, "delta": 0.005969}}
{"target": -258.8253258705989, "params": {"gamma": 1.22641109574872, "lr": 0.5266093357063074}, "datetime": {"datetime": "2024-06-13 15:58:00", "elapsed": 7.273366, "delta": 0.035904}}
{"target": -1801.9142993246246, "params": {"gamma": 9.797416469397842, "lr": 0.4992770109633381}, "datetime": {"datetime": "2024-06-13 15:58:00", "elapsed": 7.27935, "delta": 0.005984}}
{"target": -854.7698082260198, "params": {"gamma": 3.747125142755934, "lr": 0.8138399923945955}, "datetime": {"datetime": "2024-06-13 15:58:00", "elapsed": 7.286332, "delta": 0.006982}}
{"target": -1485.6330494094316, "params": {"gamma": 9.68204618100875, "lr": 0.28712337752879535}, "datetime": {"datetime": "2024-06-13 15:58:00", "elapsed": 7.291318, "delta": 0.004986}}
{"target": -1935.9532328210782, "params": {"gamma": 8.030197397425262, "lr": 0.9961414373632698}, "datetime": {"datetime": "2024-06-13 15:58:00", "elapsed": 7.296305, "delta": 0.004987}}
{"target": -242.503181248664, "params": {"gamma": 1.1191305732763266, "lr": 0.5310473545872221}, "datetime": {"datetime": "2024-06-13 15:58:00", "elapsed": 7.301291, "delta": 0.004986}}
{"target": -1315.9350641026533, "params": {"gamma": 8.135452268270518, "lr": 0.37629418365689815}, "datetime": {"datetime": "2024-06-13 15:58:00", "elapsed": 7.306278, "delta": 0.004987}}
{"target": -969.1093005262078, "params": {"gamma": 4.4582994882209785, "lr": 0.7509025596645666}, "datetime": {"datetime": "2024-06-13 15:58:00", "elapsed": 7.311265, "delta": 0.004987}}
{"target": -208.28934405999226, "params": {"gamma": 0.9843654431052541, "lr": 0.3605263049964609}, "datetime": {"datetime": "2024-06-13 15:58:00", "elapsed": 7.316252, "delta": 0.004987}}
{"target": -1013.6257843216605, "params": {"gamma": 5.637498846609272, "lr": 0.23858559594258377}, "datetime": {"datetime": "2024-06-13 15:58:00", "elapsed": 7.321238, "delta": 0.004986}}
{"target": -1811.4981867204517, "params": {"gamma": 8.399697763448607, "lr": 0.7658509922899394}, "datetime": {"datetime": "2024-06-13 15:58:00", "elapsed": 7.326225, "delta": 0.004987}}
{"target": -1734.6973700859407, "params": {"gamma": 9.655460253343795, "lr": 0.5229880750137287}, "datetime": {"datetime": "2024-06-13 15:58:00", "elapsed": 7.331212, "delta": 0.004987}}
{"target": -290.6622655522044, "params": {"gamma": 1.06614005524794, "lr": 0.936617023061487}, "datetime": {"datetime": "2024-06-13 15:58:00", "elapsed": 7.337196, "delta": 0.005984}}
{"target": -1501.7108993604493, "params": {"gamma": 8.342525658973996, "lr": 0.5444181610032376}, "datetime": {"datetime": "2024-06-13 15:58:00", "elapsed": 7.342182, "delta": 0.004986}}
{"target": -1975.823154413162, "params": {"gamma": 8.363186471576656, "lr": 0.8816909193539424}, "datetime": {"datetime": "2024-06-13 15:58:00", "elapsed": 7.346171, "delta": 0.003989}}
{"target": -1430.6937563902877, "params": {"gamma": 7.76103529253161, "lr": 0.5712539770424174}, "datetime": {"datetime": "2024-06-13 15:58:00", "elapsed": 7.351158, "delta": 0.004987}}
{"target": -1412.0717471508074, "params": {"gamma": 6.153371915939358, "lr": 0.8443906826433587}, "datetime": {"datetime": "2024-06-13 15:58:00", "elapsed": 7.356145, "delta": 0.004987}}
{"target": -1254.451189470874, "params": {"gamma": 6.222544146503024, "lr": 0.20647995918763162}, "datetime": {"datetime": "2024-06-13 15:58:00", "elapsed": 7.362129, "delta": 0.005984}}
{"target": -1248.504097375212, "params": {"gamma": 6.915192747116144, "lr": 0.5320137500773816}, "datetime": {"datetime": "2024-06-13 15:58:00", "elapsed": 7.367115, "delta": 0.004986}}
{"target": -1005.2614543874661, "params": {"gamma": 2.633207341942995, "lr": 0.0007865415296364198}, "datetime": {"datetime": "2024-06-13 15:58:00", "elapsed": 7.372102, "delta": 0.004987}}
{"target": -504.39793694926925, "params": {"gamma": 2.3557421152378364, "lr": 0.673566697976032}, "datetime": {"datetime": "2024-06-13 15:58:00", "elapsed": 7.377089, "delta": 0.004987}}
{"target": -1982.548169840881, "params": {"gamma": 8.783323676609767, "lr": 0.8307025692405677}, "datetime": {"datetime": "2024-06-13 15:58:00", "elapsed": 7.382076, "delta": 0.004987}}
{"target": -440.5828413113169, "params": {"gamma": 1.0819657484995155, "lr": 0.07112497952283825}, "datetime": {"datetime": "2024-06-13 15:58:00", "elapsed": 7.386065, "delta": 0.003989}}
{"target": -1275.9794652827657, "params": {"gamma": 7.616161526478173, "lr": 0.2848333721183067}, "datetime": {"datetime": "2024-06-13 15:58:00", "elapsed": 7.392048, "delta": 0.005983}}
{"target": -1036.89760543509, "params": {"gamma": 2.718758721913716, "lr": 0.0020003006084317043}, "datetime": {"datetime": "2024-06-13 15:58:00", "elapsed": 7.397035, "delta": 0.004987}}
{"target": -330.64815520000286, "params": {"gamma": 0.9862915673948899, "lr": 0.13559704739235312}, "datetime": {"datetime": "2024-06-13 15:58:00", "elapsed": 7.402326, "delta": 0.005291}}
{"target": -323.0425551547648, "params": {"gamma": 1.5944427020857364, "lr": 0.44531360261536523}, "datetime": {"datetime": "2024-06-13 15:58:00", "elapsed": 7.407271, "delta": 0.004945}}
{"target": -1830.9970800232682, "params": {"gamma": 8.141544011423479, "lr": 0.8122981153684475}, "datetime": {"datetime": "2024-06-13 15:58:00", "elapsed": 7.412257, "delta": 0.004986}}
{"target": -1712.4966454969294, "params": {"gamma": 9.099986227202798, "lr": 0.4435920386203337}, "datetime": {"datetime": "2024-06-13 15:58:00", "elapsed": 7.417244, "delta": 0.004987}}
{"target": -1308.917839982239, "params": {"gamma": 7.087396368942189, "lr": 0.4883341181204487}, "datetime": {"datetime": "2024-06-13 15:58:00", "elapsed": 7.422231, "delta": 0.004987}}
{"target": -246.52912302404923, "params": {"gamma": 0.49937573878707536, "lr": 0.0804314339695471}, "datetime": {"datetime": "2024-06-13 15:58:00", "elapsed": 7.427218, "delta": 0.004987}}
{"target": -609.15101121987, "params": {"gamma": 2.4601774098261746, "lr": 0.9816217286230167}, "datetime": {"datetime": "2024-06-13 15:58:00", "elapsed": 7.432205, "delta": 0.004987}}
{"target": -1167.7226246214705, "params": {"gamma": 6.919480375538572, "lr": 0.26800758185732043}, "datetime": {"datetime": "2024-06-13 15:58:00", "elapsed": 7.438188, "delta": 0.005983}}
{"target": -1408.3197303901018, "params": {"gamma": 7.062926182268611, "lr": 0.6613461343815696}, "datetime": {"datetime": "2024-06-13 15:58:00", "elapsed": 7.442177, "delta": 0.003989}}
{"target": -155.44539062194983, "params": {"gamma": 0.4338583185782008, "lr": 0.3614875846417379}, "datetime": {"datetime": "2024-06-13 15:58:00", "elapsed": 7.447164, "delta": 0.004987}}
{"target": -2903.76346227763, "params": {"gamma": 7.737506106039536, "lr": 0.07852291483410356}, "datetime": {"datetime": "2024-06-13 15:58:00", "elapsed": 7.452151, "delta": 0.004987}}
{"target": -2130.405818488274, "params": {"gamma": 8.84395678364194, "lr": 0.9308682962545582}, "datetime": {"datetime": "2024-06-13 15:58:00", "elapsed": 7.457137, "delta": 0.004986}}
{"target": -2743.1289982637113, "params": {"gamma": 8.531002038386509, "lr": 0.117377604100948}, "datetime": {"datetime": "2024-06-13 15:58:00", "elapsed": 7.462124, "delta": 0.004987}}
{"target": -1223.7600747052306, "params": {"gamma": 5.652169643537417, "lr": 0.7075599478322232}, "datetime": {"datetime": "2024-06-13 15:58:00", "elapsed": 7.467111, "delta": 0.004987}}
{"target": -3118.375845006239, "params": {"gamma": 8.879912919311819, "lr": 0.09577602929981288}, "datetime": {"datetime": "2024-06-13 15:58:00", "elapsed": 7.472097, "delta": 0.004986}}
{"target": -1365.5688235339107, "params": {"gamma": 8.157890074908734, "lr": 0.27801633166878204}, "datetime": {"datetime": "2024-06-13 15:58:00", "elapsed": 7.478081, "delta": 0.005984}}
{"target": -1260.101793782214, "params": {"gamma": 5.923281570273373, "lr": 0.7197957093739197}, "datetime": {"datetime": "2024-06-13 15:58:00", "elapsed": 7.483068, "delta": 0.004987}}
{"target": -1198.0502294511286, "params": {"gamma": 7.7704144744548165, "lr": 0.29466484899886947}, "datetime": {"datetime": "2024-06-13 15:58:00", "elapsed": 7.488055, "delta": 0.004987}}
{"target": -943.0702675695551, "params": {"gamma": 6.074158012949801, "lr": 0.2874728742023305}, "datetime": {"datetime": "2024-06-13 15:58:00", "elapsed": 7.492044, "delta": 0.003989}}
{"target": -2240.6988353559, "params": {"gamma": 9.983169186094411, "lr": 0.8145056079423507}, "datetime": {"datetime": "2024-06-13 15:58:00", "elapsed": 7.497031, "delta": 0.004987}}
{"target": -986.8033171140999, "params": {"gamma": 4.140365184777405, "lr": 0.8791421856642359}, "datetime": {"datetime": "2024-06-13 15:58:00", "elapsed": 7.502018, "delta": 0.004987}}
{"target": -1767.5263868704465, "params": {"gamma": 7.325278649969429, "lr": 0.928746930727756}, "datetime": {"datetime": "2024-06-13 15:58:00", "elapsed": 7.507004, "delta": 0.004986}}
{"target": -300.14969333388444, "params": {"gamma": 1.7169353317749951, "lr": 0.2948350049208741}, "datetime": {"datetime": "2024-06-13 15:58:00", "elapsed": 7.51199, "delta": 0.004986}}
{"target": -203.54365630600003, "params": {"gamma": 0.9382730240703474, "lr": 0.3179810316787127}, "datetime": {"datetime": "2024-06-13 15:58:00", "elapsed": 7.517974, "delta": 0.005984}}
{"target": -764.4408240396862, "params": {"gamma": 3.812504948851634, "lr": 0.6327125396187535}, "datetime": {"datetime": "2024-06-13 15:58:00", "elapsed": 7.522961, "delta": 0.004987}}
{"target": -1006.9182221661947, "params": {"gamma": 4.715727863547479, "lr": 0.717668980777047}, "datetime": {"datetime": "2024-06-13 15:58:00", "elapsed": 7.526951, "delta": 0.00399}}
{"target": -626.6999036592981, "params": {"gamma": 2.692966111483643, "lr": 0.17305671918218446}, "datetime": {"datetime": "2024-06-13 15:58:00", "elapsed": 7.532935, "delta": 0.005984}}
{"target": -724.8057216727171, "params": {"gamma": 3.7918469051508774, "lr": 0.43808143742785455}, "datetime": {"datetime": "2024-06-13 15:58:00", "elapsed": 7.538918, "delta": 0.005983}}
{"target": -1026.745616194796, "params": {"gamma": 4.221843551590521, "lr": 0.913569686661525}, "datetime": {"datetime": "2024-06-13 15:58:00", "elapsed": 7.543905, "delta": 0.004987}}
{"target": -455.9750611380271, "params": {"gamma": 2.696400616451196, "lr": 0.3520434026951569}, "datetime": {"datetime": "2024-06-13 15:58:00", "elapsed": 7.548893, "delta": 0.004988}}
{"target": -371.8198448620324, "params": {"gamma": 2.1528813919731067, "lr": 0.37192301140427286}, "datetime": {"datetime": "2024-06-13 15:58:00", "elapsed": 7.553879, "delta": 0.004986}}
{"target": -742.5845669757451, "params": {"gamma": 3.8991640529202587, "lr": 0.5754270571118745}, "datetime": {"datetime": "2024-06-13 15:58:00", "elapsed": 7.558865, "delta": 0.004986}}
{"target": -485.5857729006978, "params": {"gamma": 2.7843714212458077, "lr": 0.2594923085078481}, "datetime": {"datetime": "2024-06-13 15:58:00", "elapsed": 7.563851, "delta": 0.004986}}
{"target": -1735.4206127310986, "params": {"gamma": 7.190894889170183, "lr": 0.9101787075725445}, "datetime": {"datetime": "2024-06-13 15:58:00", "elapsed": 7.568839, "delta": 0.004988}}
{"target": -316.03329677529945, "params": {"gamma": 1.2218460988148518, "lr": 0.18228897074998485}, "datetime": {"datetime": "2024-06-13 15:58:00", "elapsed": 7.573825, "delta": 0.004986}}
{"target": -304.8266887200879, "params": {"gamma": 1.3319633391141557, "lr": 0.6836076828044971}, "datetime": {"datetime": "2024-06-13 15:58:00", "elapsed": 7.579809, "delta": 0.005984}}
{"target": -452.3327996929053, "params": {"gamma": 2.1408837173038955, "lr": 0.6045716033063737}, "datetime": {"datetime": "2024-06-13 15:58:00", "elapsed": 7.584796, "delta": 0.004987}}
{"target": -475.5852224827831, "params": {"gamma": 2.0175856692950274, "lr": 0.8177571936931245}, "datetime": {"datetime": "2024-06-13 15:58:00", "elapsed": 7.589783, "delta": 0.004987}}
{"target": -667.2736517954029, "params": {"gamma": 3.161755215449723, "lr": 0.6696167646858762}, "datetime": {"datetime": "2024-06-13 15:58:00", "elapsed": 7.594769, "delta": 0.004986}}
{"target": -273.2211592130018, "params": {"gamma": 1.4881868944628063, "lr": 0.30594544708616045}, "datetime": {"datetime": "2024-06-13 15:58:00", "elapsed": 7.599757, "delta": 0.004988}}
{"target": -601.6173944490071, "params": {"gamma": 2.9731172115714624, "lr": 0.6350799325450489}, "datetime": {"datetime": "2024-06-13 15:58:00", "elapsed": 7.604743, "delta": 0.004986}}
{"target": -1560.4963226539114, "params": {"gamma": 6.809124390706244, "lr": 0.8452486465038237}, "datetime": {"datetime": "2024-06-13 15:58:00", "elapsed": 7.610728, "delta": 0.005985}}
{"target": -416.94388938872834, "params": {"gamma": 1.8342857207824639, "lr": 0.7604297643064385}, "datetime": {"datetime": "2024-06-13 15:58:00", "elapsed": 7.616712, "delta": 0.005984}}
{"target": -1314.0392516217396, "params": {"gamma": 7.119682083391317, "lr": 0.5575439140774725}, "datetime": {"datetime": "2024-06-13 15:58:00", "elapsed": 7.621697, "delta": 0.004985}}
{"target": -2374.3865209434357, "params": {"gamma": 6.50197970017053, "lr": 0.0899951030326972}, "datetime": {"datetime": "2024-06-13 15:58:00", "elapsed": 7.626684, "delta": 0.004987}}
{"target": -303.6113876033026, "params": {"gamma": 1.4696112814099909, "lr": 0.41557172071663584}, "datetime": {"datetime": "2024-06-13 15:58:00", "elapsed": 7.63267, "delta": 0.005986}}
{"target": -1613.6753946639085, "params": {"gamma": 7.1139955123219485, "lr": 0.16782116362359434}, "datetime": {"datetime": "2024-06-13 15:58:00", "elapsed": 7.637655, "delta": 0.004985}}
{"target": -728.974625237833, "params": {"gamma": 3.8904024131038595, "lr": 0.49794595388742613}, "datetime": {"datetime": "2024-06-13 15:58:00", "elapsed": 7.642641, "delta": 0.004986}}
{"target": -3504.5783462046743, "params": {"gamma": 9.350522223405173, "lr": 0.055196248654505564}, "datetime": {"datetime": "2024-06-13 15:58:00", "elapsed": 7.646631, "delta": 0.00399}}
{"target": -1998.0914585116755, "params": {"gamma": 8.290245901995016, "lr": 0.9841598458987846}, "datetime": {"datetime": "2024-06-13 15:58:00", "elapsed": 7.653612, "delta": 0.006981}}
{"target": -643.4513125597167, "params": {"gamma": 2.6734588625853686, "lr": 0.8900573037740913}, "datetime": {"datetime": "2024-06-13 15:58:00", "elapsed": 7.658599, "delta": 0.004987}}
{"target": -639.1963823385777, "params": {"gamma": 2.9037110876153163, "lr": 0.7990074981966317}, "datetime": {"datetime": "2024-06-13 15:58:00", "elapsed": 7.663586, "delta": 0.004987}}
{"target": -872.2396610438382, "params": {"gamma": 4.599113822624364, "lr": 0.59760864887687}, "datetime": {"datetime": "2024-06-13 15:58:00", "elapsed": 7.669569, "delta": 0.005983}}
{"target": -506.7397919201474, "params": {"gamma": 2.367437100274259, "lr": 0.687614962160815}, "datetime": {"datetime": "2024-06-13 15:58:00", "elapsed": 7.674557, "delta": 0.004988}}
{"target": -304.5252382320762, "params": {"gamma": 1.4876999762661907, "lr": 0.5596864990017729}, "datetime": {"datetime": "2024-06-13 15:58:00", "elapsed": 7.679543, "delta": 0.004986}}
{"target": -1138.486434919269, "params": {"gamma": 4.943794976509587, "lr": 0.8372059959494197}, "datetime": {"datetime": "2024-06-13 15:58:00", "elapsed": 7.685526, "delta": 0.005983}}
{"target": -1045.2139029205828, "params": {"gamma": 4.815203685221957, "lr": 0.7847309599867293}, "datetime": {"datetime": "2024-06-13 15:58:00", "elapsed": 7.690513, "delta": 0.004987}}
{"target": -646.2102169418997, "params": {"gamma": 4.003542773051022, "lr": 0.3079059334309052}, "datetime": {"datetime": "2024-06-13 15:58:00", "elapsed": 7.6955, "delta": 0.004987}}
{"target": -1467.2236722435493, "params": {"gamma": 7.872484136639694, "lr": 0.4184642639114249}, "datetime": {"datetime": "2024-06-13 15:58:00", "elapsed": 7.701485, "delta": 0.005985}}
{"target": -940.7666794954673, "params": {"gamma": 4.968163846072137, "lr": 0.577322531324329}, "datetime": {"datetime": "2024-06-13 15:58:00", "elapsed": 7.707468, "delta": 0.005983}}
{"target": -1542.0271885284599, "params": {"gamma": 8.196837713155396, "lr": 0.5813199746267194}, "datetime": {"datetime": "2024-06-13 15:58:00", "elapsed": 7.712455, "delta": 0.004987}}
{"target": -1077.2990609517026, "params": {"gamma": 4.062022883905419, "lr": 0.16058682850924277}, "datetime": {"datetime": "2024-06-13 15:58:00", "elapsed": 7.719436, "delta": 0.006981}}
{"target": -1661.2876472304724, "params": {"gamma": 7.021410937836175, "lr": 0.8832328216518347}, "datetime": {"datetime": "2024-06-13 15:58:00", "elapsed": 7.724423, "delta": 0.004987}}
{"target": -241.7165203512449, "params": {"gamma": 1.0846805001536175, "lr": 0.46621397581308155}, "datetime": {"datetime": "2024-06-13 15:58:00", "elapsed": 7.728412, "delta": 0.003989}}
{"target": -1718.9576828290246, "params": {"gamma": 9.34542051628517, "lr": 0.5635091674751708}, "datetime": {"datetime": "2024-06-13 15:58:00", "elapsed": 7.73639, "delta": 0.007978}}
{"target": -2052.9867892574416, "params": {"gamma": 5.452989887556196, "lr": 0.06347554987814286}, "datetime": {"datetime": "2024-06-13 15:58:00", "elapsed": 7.742375, "delta": 0.005985}}
{"target": -1071.1503261811258, "params": {"gamma": 5.353466496108746, "lr": 0.654541303819938}, "datetime": {"datetime": "2024-06-13 15:58:00", "elapsed": 7.747362, "delta": 0.004987}}
{"target": -379.21167168824957, "params": {"gamma": 1.466771864485812, "lr": 0.9563647276468465}, "datetime": {"datetime": "2024-06-13 15:58:00", "elapsed": 7.753345, "delta": 0.005983}}
{"target": -426.19751526432253, "params": {"gamma": 1.962311768641484, "lr": 0.673925993557942}, "datetime": {"datetime": "2024-06-13 15:58:00", "elapsed": 7.758332, "delta": 0.004987}}
{"target": -984.2341291613719, "params": {"gamma": 2.744137192928587, "lr": 0.10843083383187457}, "datetime": {"datetime": "2024-06-13 15:58:00", "elapsed": 7.763318, "delta": 0.004986}}
{"target": -442.5775283343856, "params": {"gamma": 2.6097471361451294, "lr": 0.33415183351807476}, "datetime": {"datetime": "2024-06-13 15:58:00", "elapsed": 7.769303, "delta": 0.005985}}
