{"target": -712.0041621168349, "params": {"gamma": 4.647854040432997, "lr": 0.2343564434014873}, "datetime": {"datetime": "2024-06-13 17:15:23", "elapsed": 7.145917, "delta": 0.004987}}
{"target": -1828.3823260703596, "params": {"gamma": 7.27531136269942, "lr": 0.807191102024009}, "datetime": {"datetime": "2024-06-13 17:15:23", "elapsed": 7.150903, "delta": 0.004986}}
{"target": -1733.8773215143506, "params": {"gamma": 7.909964984873447, "lr": 0.7157485483912336}, "datetime": {"datetime": "2024-06-13 17:15:23", "elapsed": 7.15589, "delta": 0.004987}}
{"target": -461.3068984551769, "params": {"gamma": 2.6971628183640655, "lr": 0.21045779104067575}, "datetime": {"datetime": "2024-06-13 17:15:23", "elapsed": 7.159879, "delta": 0.003989}}
{"target": -186.44178308042933, "params": {"gamma": 1.092174154085908, "lr": 0.3966811014027529}, "datetime": {"datetime": "2024-06-13 17:15:23", "elapsed": 7.164867, "delta": 0.004988}}
{"target": -217.20780184226086, "params": {"gamma": 0.8735791351201521, "lr": 0.6553896564824753}, "datetime": {"datetime": "2024-06-13 17:15:23", "elapsed": 7.168855, "delta": 0.003988}}
{"target": -2321.2945929078596, "params": {"gamma": 9.49833931470982, "lr": 0.755633280579152}, "datetime": {"datetime": "2024-06-13 17:15:23", "elapsed": 7.173842, "delta": 0.004987}}
{"target": -433.22350909473704, "params": {"gamma": 1.1698003792568261, "lr": 0.020481248718401956}, "datetime": {"datetime": "2024-06-13 17:15:23", "elapsed": 7.177832, "delta": 0.00399}}
{"target": -930.7928235749058, "params": {"gamma": 3.349553409033682, "lr": 0.9928761567590365}, "datetime": {"datetime": "2024-06-13 17:15:23", "elapsed": 7.182818, "delta": 0.004986}}
{"target": -703.9343703296842, "params": {"gamma": 3.129004648022036, "lr": 0.7375077987941283}, "datetime": {"datetime": "2024-06-13 17:15:23", "elapsed": 7.187805, "delta": 0.004987}}
{"target": -1338.943914778939, "params": {"gamma": 7.165577236537339, "lr": 0.5725575976952813}, "datetime": {"datetime": "2024-06-13 17:15:23", "elapsed": 7.191794, "delta": 0.003989}}
{"target": -621.129569680104, "params": {"gamma": 3.6770929306387004, "lr": 0.2082656940300881}, "datetime": {"datetime": "2024-06-13 17:15:23", "elapsed": 7.196781, "delta": 0.004987}}
{"target": -3497.864440036837, "params": {"gamma": 9.800012165219913, "lr": 0.06589377000512553}, "datetime": {"datetime": "2024-06-13 17:15:23", "elapsed": 7.20077, "delta": 0.003989}}
{"target": -336.5174811889238, "params": {"gamma": 2.363041291619063, "lr": 0.3088994705101167}, "datetime": {"datetime": "2024-06-13 17:15:23", "elapsed": 7.205758, "delta": 0.004988}}
{"target": -1969.664042789486, "params": {"gamma": 9.09512403146957, "lr": 0.7133692630190983}, "datetime": {"datetime": "2024-06-13 17:15:23", "elapsed": 7.209748, "delta": 0.00399}}
{"target": -590.8600311960814, "params": {"gamma": 2.654453130529889, "lr": 0.16450130293866305}, "datetime": {"datetime": "2024-06-13 17:15:23", "elapsed": 7.214735, "delta": 0.004987}}
{"target": -2152.1680503836774, "params": {"gamma": 8.805093637851785, "lr": 0.7937831324318396}, "datetime": {"datetime": "2024-06-13 17:15:23", "elapsed": 7.219722, "delta": 0.004987}}
{"target": -167.10966524460537, "params": {"gamma": 0.38483593233206737, "lr": 0.8793008435965847}, "datetime": {"datetime": "2024-06-13 17:15:23", "elapsed": 7.224708, "delta": 0.004986}}
{"target": -900.6558714528772, "params": {"gamma": 5.879809512359401, "lr": 0.4575371969863721}, "datetime": {"datetime": "2024-06-13 17:15:23", "elapsed": 7.229696, "delta": 0.004988}}
{"target": -2406.5832046311803, "params": {"gamma": 6.73884491695568, "lr": 0.03944279853538757}, "datetime": {"datetime": "2024-06-13 17:15:23", "elapsed": 7.234682, "delta": 0.004986}}
{"target": -1119.1298953997652, "params": {"gamma": 3.303881713493146, "lr": 0.08804841780935202}, "datetime": {"datetime": "2024-06-13 17:15:23", "elapsed": 7.239667, "delta": 0.004985}}
{"target": -924.3724097678867, "params": {"gamma": 6.836691010345723, "lr": 0.3980117152162973}, "datetime": {"datetime": "2024-06-13 17:15:23", "elapsed": 7.243658, "delta": 0.003991}}
{"target": -650.4104571323224, "params": {"gamma": 4.790061963647635, "lr": 0.2898033391923721}, "datetime": {"datetime": "2024-06-13 17:15:23", "elapsed": 7.248673, "delta": 0.005015}}
{"target": -2814.5126213019635, "params": {"gamma": 7.883156906603142, "lr": 0.046512682267751626}, "datetime": {"datetime": "2024-06-13 17:15:23", "elapsed": 7.25366, "delta": 0.004987}}
{"target": -539.7274612591623, "params": {"gamma": 2.811975337992219, "lr": 0.590595861758878}, "datetime": {"datetime": "2024-06-13 17:15:23", "elapsed": 7.257648, "delta": 0.003988}}
{"target": -1554.0617812715766, "params": {"gamma": 7.901544890842957, "lr": 0.6015993359119542}, "datetime": {"datetime": "2024-06-13 17:15:23", "elapsed": 7.262607, "delta": 0.004959}}
{"target": -2608.4618724763222, "params": {"gamma": 7.305156197867701, "lr": 0.023527914877828127}, "datetime": {"datetime": "2024-06-13 17:15:23", "elapsed": 7.267593, "delta": 0.004986}}
{"target": -915.2249387128635, "params": {"gamma": 2.5499809694961213, "lr": 0.04209175984237279}, "datetime": {"datetime": "2024-06-13 17:15:23", "elapsed": 7.271583, "delta": 0.00399}}
{"target": -1382.2724911229031, "params": {"gamma": 5.000623972289424, "lr": 0.9891402961407735}, "datetime": {"datetime": "2024-06-13 17:15:23", "elapsed": 7.276569, "delta": 0.004986}}
{"target": -138.74661309317585, "params": {"gamma": 0.1362915505440842, "lr": 0.4408790383372555}, "datetime": {"datetime": "2024-06-13 17:15:24", "elapsed": 7.281556, "delta": 0.004987}}
{"target": -143.36087834899715, "params": {"gamma": 0.0488593946407395, "lr": 0.6128886193293469}, "datetime": {"datetime": "2024-06-13 17:15:24", "elapsed": 7.286543, "delta": 0.004987}}
{"target": -418.7147235499192, "params": {"gamma": 1.8344039025545689, "lr": 0.7127417837905282}, "datetime": {"datetime": "2024-06-13 17:15:24", "elapsed": 7.29153, "delta": 0.004987}}
{"target": -420.9199401762806, "params": {"gamma": 1.5973254712175065, "lr": 0.8285756552303601}, "datetime": {"datetime": "2024-06-13 17:15:24", "elapsed": 7.295519, "delta": 0.003989}}
{"target": -301.63067336703426, "params": {"gamma": 2.0625754591785816, "lr": 0.35221627383195075}, "datetime": {"datetime": "2024-06-13 17:15:24", "elapsed": 7.300505, "delta": 0.004986}}
{"target": -592.3092684015504, "params": {"gamma": 2.3065541407607677, "lr": 0.8076844924516463}, "datetime": {"datetime": "2024-06-13 17:15:24", "elapsed": 7.305492, "delta": 0.004987}}
{"target": -1324.4355599077649, "params": {"gamma": 4.903209285941475, "lr": 0.8738335058866241}, "datetime": {"datetime": "2024-06-13 17:15:24", "elapsed": 7.309481, "delta": 0.003989}}
{"target": -231.2406756375147, "params": {"gamma": 1.3017296410083459, "lr": 0.4989581103650381}, "datetime": {"datetime": "2024-06-13 17:15:24", "elapsed": 7.314468, "delta": 0.004987}}
{"target": -2139.8166395189596, "params": {"gamma": 7.766359726186858, "lr": 0.9812101687911365}, "datetime": {"datetime": "2024-06-13 17:15:24", "elapsed": 7.319455, "delta": 0.004987}}
{"target": -1198.4876114123385, "params": {"gamma": 6.734103924215217, "lr": 0.18300117978695374}, "datetime": {"datetime": "2024-06-13 17:15:24", "elapsed": 7.323444, "delta": 0.003989}}
{"target": -2712.846153678213, "params": {"gamma": 7.597969782524479, "lr": 0.07463521512286109}, "datetime": {"datetime": "2024-06-13 17:15:24", "elapsed": 7.328431, "delta": 0.004987}}
{"target": -1920.1977441283823, "params": {"gamma": 7.62796186474408, "lr": 0.8278152309219722}, "datetime": {"datetime": "2024-06-13 17:15:24", "elapsed": 7.333417, "delta": 0.004986}}
{"target": -857.6822797198727, "params": {"gamma": 5.592537951402159, "lr": 0.49272082980822784}, "datetime": {"datetime": "2024-06-13 17:15:24", "elapsed": 7.337407, "delta": 0.00399}}
{"target": -3342.9036573343174, "params": {"gamma": 9.36533769934676, "lr": 9.695068767479054e-05}, "datetime": {"datetime": "2024-06-13 17:15:24", "elapsed": 7.342393, "delta": 0.004986}}
{"target": -139.51151846928568, "params": {"gamma": 0.0966593768907281, "lr": 0.25195142314544017}, "datetime": {"datetime": "2024-06-13 17:15:24", "elapsed": 7.34738, "delta": 0.004987}}
{"target": -889.4375302178776, "params": {"gamma": 5.057258956122923, "lr": 0.5404166504960898}, "datetime": {"datetime": "2024-06-13 17:15:24", "elapsed": 7.35137, "delta": 0.00399}}
{"target": -509.3174144918829, "params": {"gamma": 3.7135529478230405, "lr": 0.29271137519518675}, "datetime": {"datetime": "2024-06-13 17:15:24", "elapsed": 7.356356, "delta": 0.004986}}
{"target": -523.277583231369, "params": {"gamma": 2.0244710973929743, "lr": 0.8002818943961242}, "datetime": {"datetime": "2024-06-13 17:15:24", "elapsed": 7.361343, "delta": 0.004987}}
{"target": -495.6109872186574, "params": {"gamma": 3.159913122914842, "lr": 0.492467985547119}, "datetime": {"datetime": "2024-06-13 17:15:24", "elapsed": 7.365332, "delta": 0.003989}}
{"target": -1595.3042077449275, "params": {"gamma": 8.11309762614833, "lr": 0.6123589424601151}, "datetime": {"datetime": "2024-06-13 17:15:24", "elapsed": 7.370319, "delta": 0.004987}}
{"target": -806.7916355413665, "params": {"gamma": 4.086676353275073, "lr": 0.17690422236042747}, "datetime": {"datetime": "2024-06-13 17:15:24", "elapsed": 7.375305, "delta": 0.004986}}
{"target": -616.6610799461397, "params": {"gamma": 3.977123246381154, "lr": 0.48521265373011824}, "datetime": {"datetime": "2024-06-13 17:15:24", "elapsed": 7.379295, "delta": 0.00399}}
{"target": -1410.511160121617, "params": {"gamma": 9.905855341048484, "lr": 0.28419507592058557}, "datetime": {"datetime": "2024-06-13 17:15:24", "elapsed": 7.384281, "delta": 0.004986}}
{"target": -296.0207598944179, "params": {"gamma": 1.6572311251158391, "lr": 0.22057551351544413}, "datetime": {"datetime": "2024-06-13 17:15:24", "elapsed": 7.389268, "delta": 0.004987}}
{"target": -761.6633588811679, "params": {"gamma": 2.115461976224172, "lr": 0.07604769057476157}, "datetime": {"datetime": "2024-06-13 17:15:24", "elapsed": 7.393258, "delta": 0.00399}}
{"target": -533.2455424094456, "params": {"gamma": 3.6497120765361126, "lr": 0.28473402479064247}, "datetime": {"datetime": "2024-06-13 17:15:24", "elapsed": 7.398244, "delta": 0.004986}}
{"target": -2169.396351360862, "params": {"gamma": 8.876000332641663, "lr": 0.780259609956419}, "datetime": {"datetime": "2024-06-13 17:15:24", "elapsed": 7.402233, "delta": 0.003989}}
{"target": -301.313670565232, "params": {"gamma": 1.09154050351661, "lr": 0.8505034953674093}, "datetime": {"datetime": "2024-06-13 17:15:24", "elapsed": 7.40722, "delta": 0.004987}}
{"target": -271.6352154611375, "params": {"gamma": 1.0968764704846565, "lr": 0.7202077467752445}, "datetime": {"datetime": "2024-06-13 17:15:24", "elapsed": 7.412207, "delta": 0.004987}}
{"target": -1934.8574229985259, "params": {"gamma": 5.728670154913063, "lr": 0.08680838426747961}, "datetime": {"datetime": "2024-06-13 17:15:24", "elapsed": 7.416196, "delta": 0.003989}}
{"target": -2434.278806823989, "params": {"gamma": 9.053375032737591, "lr": 0.8745665148853765}, "datetime": {"datetime": "2024-06-13 17:15:24", "elapsed": 7.421183, "delta": 0.004987}}
{"target": -1147.6304225916172, "params": {"gamma": 8.438673461887907, "lr": 0.3695673551173151}, "datetime": {"datetime": "2024-06-13 17:15:24", "elapsed": 7.426169, "delta": 0.004986}}
{"target": -626.5021562065766, "params": {"gamma": 2.2302911723421603, "lr": 0.9971116548587963}, "datetime": {"datetime": "2024-06-13 17:15:24", "elapsed": 7.430159, "delta": 0.00399}}
{"target": -2918.0414825417556, "params": {"gamma": 8.17356631642956, "lr": 0.042128160628106315}, "datetime": {"datetime": "2024-06-13 17:15:24", "elapsed": 7.435145, "delta": 0.004986}}
{"target": -945.463223820701, "params": {"gamma": 3.733405500770418, "lr": 0.8121869757489847}, "datetime": {"datetime": "2024-06-13 17:15:24", "elapsed": 7.440132, "delta": 0.004987}}
{"target": -806.9501430967243, "params": {"gamma": 5.284318582532073, "lr": 0.24713082560012845}, "datetime": {"datetime": "2024-06-13 17:15:24", "elapsed": 7.444121, "delta": 0.003989}}
{"target": -1130.7462736525645, "params": {"gamma": 7.9290864165444885, "lr": 0.2617510439444676}, "datetime": {"datetime": "2024-06-13 17:15:24", "elapsed": 7.449108, "delta": 0.004987}}
{"target": -146.4133047859344, "params": {"gamma": 0.00498340216746315, "lr": 0.23131891895573253}, "datetime": {"datetime": "2024-06-13 17:15:24", "elapsed": 7.454095, "delta": 0.004987}}
{"target": -2041.8706088045924, "params": {"gamma": 9.933709519335848, "lr": 0.6562008343421062}, "datetime": {"datetime": "2024-06-13 17:15:24", "elapsed": 7.459081, "delta": 0.004986}}
{"target": -496.69105010071695, "params": {"gamma": 2.20746055274965, "lr": 0.6861397019787449}, "datetime": {"datetime": "2024-06-13 17:15:24", "elapsed": 7.463072, "delta": 0.003991}}
{"target": -1415.4180497188004, "params": {"gamma": 6.8696820453199665, "lr": 0.640742769936858}, "datetime": {"datetime": "2024-06-13 17:15:24", "elapsed": 7.468057, "delta": 0.004985}}
{"target": -157.0673051654013, "params": {"gamma": 0.7064146187020427, "lr": 0.2429641169892971}, "datetime": {"datetime": "2024-06-13 17:15:24", "elapsed": 7.473044, "delta": 0.004987}}
{"target": -1923.852829100115, "params": {"gamma": 8.708501091076558, "lr": 0.7347408193015217}, "datetime": {"datetime": "2024-06-13 17:15:24", "elapsed": 7.477033, "delta": 0.003989}}
{"target": -250.6062550131322, "params": {"gamma": 1.6789922438348501, "lr": 0.29858946127654595}, "datetime": {"datetime": "2024-06-13 17:15:24", "elapsed": 7.48202, "delta": 0.004987}}
{"target": -1420.2593968570752, "params": {"gamma": 5.627657565327734, "lr": 0.826445766022829}, "datetime": {"datetime": "2024-06-13 17:15:24", "elapsed": 7.487216, "delta": 0.005196}}
{"target": -579.4798402723796, "params": {"gamma": 2.0059625473387035, "lr": 0.10166529365348886}, "datetime": {"datetime": "2024-06-13 17:15:24", "elapsed": 7.491203, "delta": 0.003987}}
{"target": -1051.4528079102577, "params": {"gamma": 3.8193070270168987, "lr": 0.912353469252759}, "datetime": {"datetime": "2024-06-13 17:15:24", "elapsed": 7.49619, "delta": 0.004987}}
{"target": -743.7940567692455, "params": {"gamma": 2.605874679054985, "lr": 0.10830435271308025}, "datetime": {"datetime": "2024-06-13 17:15:24", "elapsed": 7.501176, "delta": 0.004986}}
{"target": -140.9280221591486, "params": {"gamma": 0.56037370979255, "lr": 0.3516705558700568}, "datetime": {"datetime": "2024-06-13 17:15:24", "elapsed": 7.505165, "delta": 0.003989}}
{"target": -145.83300504352192, "params": {"gamma": 0.37723182573995767, "lr": 0.583033921230445}, "datetime": {"datetime": "2024-06-13 17:15:24", "elapsed": 7.510152, "delta": 0.004987}}
{"target": -1027.3216684418785, "params": {"gamma": 6.725895546392632, "lr": 0.46048358998473815}, "datetime": {"datetime": "2024-06-13 17:15:24", "elapsed": 7.515139, "delta": 0.004987}}
{"target": -1296.1880418863661, "params": {"gamma": 7.411427420391562, "lr": 0.5010249644140818}, "datetime": {"datetime": "2024-06-13 17:15:24", "elapsed": 7.520126, "delta": 0.004987}}
{"target": -1066.7856533488002, "params": {"gamma": 7.023823855740785, "lr": 0.2306409059229675}, "datetime": {"datetime": "2024-06-13 17:15:24", "elapsed": 7.525112, "delta": 0.004986}}
{"target": -1302.2317494262022, "params": {"gamma": 7.446379482205204, "lr": 0.5016372020053996}, "datetime": {"datetime": "2024-06-13 17:15:24", "elapsed": 7.530099, "delta": 0.004987}}
{"target": -1070.1057325681998, "params": {"gamma": 7.053982930260369, "lr": 0.44669779031638923}, "datetime": {"datetime": "2024-06-13 17:15:24", "elapsed": 7.535086, "delta": 0.004987}}
{"target": -1808.154646280112, "params": {"gamma": 5.059900155144239, "lr": 0.04153518297857339}, "datetime": {"datetime": "2024-06-13 17:15:24", "elapsed": 7.540072, "delta": 0.004986}}
{"target": -1225.3938797420676, "params": {"gamma": 4.893603596752043, "lr": 0.14228750219732444}, "datetime": {"datetime": "2024-06-13 17:15:24", "elapsed": 7.546057, "delta": 0.005985}}
{"target": -244.44008284009104, "params": {"gamma": 1.425815973998472, "lr": 0.43335040255954493}, "datetime": {"datetime": "2024-06-13 17:15:24", "elapsed": 7.551044, "delta": 0.004987}}
{"target": -788.3238509741271, "params": {"gamma": 5.762571683469249, "lr": 0.343048695191552}, "datetime": {"datetime": "2024-06-13 17:15:24", "elapsed": 7.55603, "delta": 0.004986}}
{"target": -376.9333712422288, "params": {"gamma": 1.6057554110518168, "lr": 0.7414104169799515}, "datetime": {"datetime": "2024-06-13 17:15:24", "elapsed": 7.562014, "delta": 0.005984}}
{"target": -2125.8482197513035, "params": {"gamma": 9.630952636256579, "lr": 0.7336422859505056}, "datetime": {"datetime": "2024-06-13 17:15:24", "elapsed": 7.567001, "delta": 0.004987}}
{"target": -231.29253506230367, "params": {"gamma": 0.7715652507427674, "lr": 0.8409081581252351}, "datetime": {"datetime": "2024-06-13 17:15:24", "elapsed": 7.571987, "delta": 0.004986}}
{"target": -158.91191768479803, "params": {"gamma": 0.6760729900832833, "lr": 0.4363120485992489}, "datetime": {"datetime": "2024-06-13 17:15:24", "elapsed": 7.576974, "delta": 0.004987}}
{"target": -1321.7310076876538, "params": {"gamma": 9.288699130413471, "lr": 0.26318010363654454}, "datetime": {"datetime": "2024-06-13 17:15:24", "elapsed": 7.580963, "delta": 0.003989}}
{"target": -337.65974390858753, "params": {"gamma": 1.2804037657560603, "lr": 0.7622387720608016}, "datetime": {"datetime": "2024-06-13 17:15:24", "elapsed": 7.585949, "delta": 0.004986}}
{"target": -1241.2819620640419, "params": {"gamma": 9.286152605869912, "lr": 0.32576842070431766}, "datetime": {"datetime": "2024-06-13 17:15:24", "elapsed": 7.590936, "delta": 0.004987}}
{"target": -427.26144557496445, "params": {"gamma": 2.3253485203555204, "lr": 0.1824854764117131}, "datetime": {"datetime": "2024-06-13 17:15:24", "elapsed": 7.594925, "delta": 0.003989}}
{"target": -1795.1973332445477, "params": {"gamma": 9.632391991118075, "lr": 0.5766346346502746}, "datetime": {"datetime": "2024-06-13 17:15:24", "elapsed": 7.599912, "delta": 0.004987}}
{"target": -1151.2098195993663, "params": {"gamma": 8.601017631330931, "lr": 0.3083449860518661}, "datetime": {"datetime": "2024-06-13 17:15:24", "elapsed": 7.605494, "delta": 0.005582}}
{"target": -150.1288096620386, "params": {"gamma": 0.5653078671540508, "lr": 0.45380418511530174}, "datetime": {"datetime": "2024-06-13 17:15:24", "elapsed": 7.610481, "delta": 0.004987}}
{"target": -380.07272049009714, "params": {"gamma": 2.0718938489778145, "lr": 0.5189836643290452}, "datetime": {"datetime": "2024-06-13 17:15:24", "elapsed": 7.615467, "delta": 0.004986}}
{"target": -728.0583015030752, "params": {"gamma": 5.3803383685417385, "lr": 0.2942882172433129}, "datetime": {"datetime": "2024-06-13 17:15:24", "elapsed": 7.619456, "delta": 0.003989}}
{"target": -1101.5902457637542, "params": {"gamma": 3.0752313679559293, "lr": 0.024173672214832798}, "datetime": {"datetime": "2024-06-13 17:15:24", "elapsed": 7.624319, "delta": 0.004863}}
{"target": -574.2030700439707, "params": {"gamma": 4.204599737289876, "lr": 0.3236894136587639}, "datetime": {"datetime": "2024-06-13 17:15:24", "elapsed": 7.629304, "delta": 0.004985}}
{"target": -1669.8527098781356, "params": {"gamma": 6.1952817624864025, "lr": 0.8597630666919952}, "datetime": {"datetime": "2024-06-13 17:15:24", "elapsed": 7.63429, "delta": 0.004986}}
{"target": -1760.764677153789, "params": {"gamma": 4.926911767488365, "lr": 0.0827082980318894}, "datetime": {"datetime": "2024-06-13 17:15:24", "elapsed": 7.639277, "delta": 0.004987}}
{"target": -2342.2229702903583, "params": {"gamma": 9.334871102884591, "lr": 0.8083269668547564}, "datetime": {"datetime": "2024-06-13 17:15:24", "elapsed": 7.644264, "delta": 0.004987}}
{"target": -502.6799189154856, "params": {"gamma": 3.6558227125345977, "lr": 0.3307289110251447}, "datetime": {"datetime": "2024-06-13 17:15:24", "elapsed": 7.64925, "delta": 0.004986}}
{"target": -1273.6067898596705, "params": {"gamma": 9.379402853367585, "lr": 0.37489434056111615}, "datetime": {"datetime": "2024-06-13 17:15:24", "elapsed": 7.654237, "delta": 0.004987}}
{"target": -1754.103405495231, "params": {"gamma": 6.358386384013082, "lr": 0.9853443380985734}, "datetime": {"datetime": "2024-06-13 17:15:24", "elapsed": 7.659223, "delta": 0.004986}}
{"target": -134.0283184604846, "params": {"gamma": 0.36836090554034395, "lr": 0.3146309781487783}, "datetime": {"datetime": "2024-06-13 17:15:24", "elapsed": 7.66421, "delta": 0.004987}}
{"target": -648.9006687481202, "params": {"gamma": 2.313125983692789, "lr": 0.9223654191512636}, "datetime": {"datetime": "2024-06-13 17:15:24", "elapsed": 7.669197, "delta": 0.004987}}
{"target": -1969.210904036954, "params": {"gamma": 5.511816168783595, "lr": 0.05371353840991677}, "datetime": {"datetime": "2024-06-13 17:15:24", "elapsed": 7.674183, "delta": 0.004986}}
{"target": -1638.8787759264308, "params": {"gamma": 7.552727246484496, "lr": 0.6840838213346168}, "datetime": {"datetime": "2024-06-13 17:15:24", "elapsed": 7.67917, "delta": 0.004987}}
{"target": -1826.3357989049455, "params": {"gamma": 6.622078860248277, "lr": 0.9557287749268826}, "datetime": {"datetime": "2024-06-13 17:15:24", "elapsed": 7.684157, "delta": 0.004987}}
{"target": -2138.525015623111, "params": {"gamma": 8.746141385554216, "lr": 0.7532514851657419}, "datetime": {"datetime": "2024-06-13 17:15:24", "elapsed": 7.688713, "delta": 0.004556}}
{"target": -567.265152966952, "params": {"gamma": 2.2274368777620133, "lr": 0.13801496204321861}, "datetime": {"datetime": "2024-06-13 17:15:24", "elapsed": 7.693699, "delta": 0.004986}}
{"target": -382.8624556979302, "params": {"gamma": 2.2096624750777165, "lr": 0.2055098610936521}, "datetime": {"datetime": "2024-06-13 17:15:24", "elapsed": 7.698686, "delta": 0.004987}}
