{"target": -756.499087311921, "params": {"gamma": 7.8807074621719, "lr": 0.6028653375383973}, "datetime": {"datetime": "2024-06-13 19:54:35", "elapsed": 3.335808, "delta": 0.003989}}
{"target": -982.2693405608397, "params": {"gamma": 9.80334851848814, "lr": 0.22238319353117575}, "datetime": {"datetime": "2024-06-13 19:54:35", "elapsed": 3.3388, "delta": 0.002992}}
{"target": -653.3341077616891, "params": {"gamma": 4.663198475191569, "lr": 0.8956418025994466}, "datetime": {"datetime": "2024-06-13 19:54:35", "elapsed": 3.342789, "delta": 0.003989}}
{"target": -710.3900356320347, "params": {"gamma": 6.014732663578183, "lr": 0.725958845848815}, "datetime": {"datetime": "2024-06-13 19:54:35", "elapsed": 3.346779, "delta": 0.00399}}
{"target": -470.8888924367045, "params": {"gamma": 4.137287971849402, "lr": 0.6843096218313198}, "datetime": {"datetime": "2024-06-13 19:54:35", "elapsed": 3.350768, "delta": 0.003989}}
{"target": -948.0599530049047, "params": {"gamma": 9.460604243445784, "lr": 0.20018606573932207}, "datetime": {"datetime": "2024-06-13 19:54:35", "elapsed": 3.35376, "delta": 0.002992}}
{"target": -1108.3254197124738, "params": {"gamma": 8.073845273509328, "lr": 0.9695380120998964}, "datetime": {"datetime": "2024-06-13 19:54:35", "elapsed": 3.35775, "delta": 0.00399}}
{"target": -129.0482183548231, "params": {"gamma": 0.146672748901554, "lr": 0.21520958659442757}, "datetime": {"datetime": "2024-06-13 19:54:35", "elapsed": 3.361767, "delta": 0.004017}}
{"target": -192.84127604148648, "params": {"gamma": 1.1746518262109842, "lr": 0.7674235177414532}, "datetime": {"datetime": "2024-06-13 19:54:35", "elapsed": 3.365757, "delta": 0.00399}}
{"target": -170.31661058160014, "params": {"gamma": 0.8130846428413901, "lr": 0.9984135585909075}, "datetime": {"datetime": "2024-06-13 19:54:35", "elapsed": 3.369717, "delta": 0.00396}}
{"target": -551.2068427881137, "params": {"gamma": 3.8967305467771722, "lr": 0.9052027659330404}, "datetime": {"datetime": "2024-06-13 19:54:35", "elapsed": 3.373707, "delta": 0.00399}}
{"target": -212.92707266958982, "params": {"gamma": 1.886587457391179, "lr": 0.44087219982229087}, "datetime": {"datetime": "2024-06-13 19:54:35", "elapsed": 3.376699, "delta": 0.002992}}
{"target": -788.6750796340314, "params": {"gamma": 8.448273378243028, "lr": 0.5952697806732562}, "datetime": {"datetime": "2024-06-13 19:54:35", "elapsed": 3.380688, "delta": 0.003989}}
{"target": -488.26112128648504, "params": {"gamma": 4.6221188088168805, "lr": 0.5126497467571176}, "datetime": {"datetime": "2024-06-13 19:54:35", "elapsed": 3.384677, "delta": 0.003989}}
{"target": -577.0967465026282, "params": {"gamma": 5.739281383396582, "lr": 0.4403192075855932}, "datetime": {"datetime": "2024-06-13 19:54:35", "elapsed": 3.388667, "delta": 0.00399}}
{"target": -286.1182804040531, "params": {"gamma": 1.936396018280381, "lr": 0.11396576145918635}, "datetime": {"datetime": "2024-06-13 19:54:35", "elapsed": 3.392656, "delta": 0.003989}}
{"target": -313.06565240356207, "params": {"gamma": 1.5131280457741099, "lr": 0.0524909638531339}, "datetime": {"datetime": "2024-06-13 19:54:35", "elapsed": 3.396646, "delta": 0.00399}}
{"target": -730.2457901369947, "params": {"gamma": 5.587205434225252, "lr": 0.8477210140360106}, "datetime": {"datetime": "2024-06-13 19:54:35", "elapsed": 3.400635, "delta": 0.003989}}
{"target": -720.0341570403045, "params": {"gamma": 3.5918342699021832, "lr": 0.07531087263581782}, "datetime": {"datetime": "2024-06-13 19:54:35", "elapsed": 3.404624, "delta": 0.003989}}
{"target": -426.11818669731383, "params": {"gamma": 4.257818395439178, "lr": 0.6020078384720013}, "datetime": {"datetime": "2024-06-13 19:54:35", "elapsed": 3.407617, "delta": 0.002993}}
{"target": -553.6272883509738, "params": {"gamma": 4.254609252290801, "lr": 0.81072123360737}, "datetime": {"datetime": "2024-06-13 19:54:35", "elapsed": 3.411605, "delta": 0.003988}}
{"target": -1187.173376178328, "params": {"gamma": 9.418920575620866, "lr": 0.8699107732683544}, "datetime": {"datetime": "2024-06-13 19:54:35", "elapsed": 3.415595, "delta": 0.00399}}
{"target": -678.4925445983113, "params": {"gamma": 7.040290983300606, "lr": 0.4702989247821753}, "datetime": {"datetime": "2024-06-13 19:54:35", "elapsed": 3.419584, "delta": 0.003989}}
{"target": -1360.1433785745403, "params": {"gamma": 6.827297730989611, "lr": 0.013418310556529534}, "datetime": {"datetime": "2024-06-13 19:54:35", "elapsed": 3.426565, "delta": 0.006981}}
{"target": -1215.142617298058, "params": {"gamma": 9.824798706901937, "lr": 0.17207733182889595}, "datetime": {"datetime": "2024-06-13 19:54:35", "elapsed": 3.431553, "delta": 0.004988}}
{"target": -1146.2950782591827, "params": {"gamma": 9.062697699220857, "lr": 0.8071099016661061}, "datetime": {"datetime": "2024-06-13 19:54:35", "elapsed": 3.435542, "delta": 0.003989}}
{"target": -764.0416867612927, "params": {"gamma": 8.00159670418549, "lr": 0.2689360577850649}, "datetime": {"datetime": "2024-06-13 19:54:35", "elapsed": 3.439531, "delta": 0.003989}}
{"target": -239.89232966254173, "params": {"gamma": 2.1923189037668234, "lr": 0.42880069291408873}, "datetime": {"datetime": "2024-06-13 19:54:35", "elapsed": 3.44352, "delta": 0.003989}}
{"target": -814.3211043124795, "params": {"gamma": 8.493861636205818, "lr": 0.45037964247172024}, "datetime": {"datetime": "2024-06-13 19:54:35", "elapsed": 3.447511, "delta": 0.003991}}
{"target": -856.6204555488396, "params": {"gamma": 9.354265719956611, "lr": 0.352679327251738}, "datetime": {"datetime": "2024-06-13 19:54:35", "elapsed": 3.452496, "delta": 0.004985}}
{"target": -856.6876154451428, "params": {"gamma": 6.194302264801901, "lr": 0.9806990363557802}, "datetime": {"datetime": "2024-06-13 19:54:35", "elapsed": 3.456485, "delta": 0.003989}}
{"target": -1282.4747642045827, "params": {"gamma": 6.434981759885809, "lr": 0.04549821604060378}, "datetime": {"datetime": "2024-06-13 19:54:35", "elapsed": 3.460475, "delta": 0.00399}}
{"target": -434.9726308196294, "params": {"gamma": 4.636107352426167, "lr": 0.3347513437136638}, "datetime": {"datetime": "2024-06-13 19:54:35", "elapsed": 3.464466, "delta": 0.003991}}
{"target": -511.0524619435904, "params": {"gamma": 5.322283303668225, "lr": 0.2847462086131314}, "datetime": {"datetime": "2024-06-13 19:54:35", "elapsed": 3.468454, "delta": 0.003988}}
{"target": -180.29117378830094, "params": {"gamma": 1.223490041069798, "lr": 0.6682889887508018}, "datetime": {"datetime": "2024-06-13 19:54:35", "elapsed": 3.472443, "delta": 0.003989}}
{"target": -868.3209712303883, "params": {"gamma": 6.8139161891581725, "lr": 0.8671392999990885}, "datetime": {"datetime": "2024-06-13 19:54:35", "elapsed": 3.476432, "delta": 0.003989}}
{"target": -208.94844467539815, "params": {"gamma": 1.3246825541338114, "lr": 0.798620308278031}, "datetime": {"datetime": "2024-06-13 19:54:35", "elapsed": 3.480422, "delta": 0.00399}}
{"target": -791.9087410286971, "params": {"gamma": 8.267860615312884, "lr": 0.6465499357511519}, "datetime": {"datetime": "2024-06-13 19:54:35", "elapsed": 3.484411, "delta": 0.003989}}
{"target": -224.78338185213119, "params": {"gamma": 2.0500165356605575, "lr": 0.2614207144058379}, "datetime": {"datetime": "2024-06-13 19:54:35", "elapsed": 3.488401, "delta": 0.00399}}
{"target": -445.8005654156061, "params": {"gamma": 4.185549678574218, "lr": 0.5417990727827313}, "datetime": {"datetime": "2024-06-13 19:54:35", "elapsed": 3.49239, "delta": 0.003989}}
{"target": -467.3645285024093, "params": {"gamma": 4.774902117966579, "lr": 0.4674598920453694}, "datetime": {"datetime": "2024-06-13 19:54:35", "elapsed": 3.496379, "delta": 0.003989}}
{"target": -1062.240201783395, "params": {"gamma": 8.398567261266477, "lr": 0.8701023653075677}, "datetime": {"datetime": "2024-06-13 19:54:35", "elapsed": 3.500368, "delta": 0.003989}}
{"target": -1033.9805000022095, "params": {"gamma": 8.16772288980329, "lr": 0.8778014186346996}, "datetime": {"datetime": "2024-06-13 19:54:35", "elapsed": 3.504357, "delta": 0.003989}}
{"target": -791.9912435625816, "params": {"gamma": 5.710516610608794, "lr": 0.9640361333390818}, "datetime": {"datetime": "2024-06-13 19:54:35", "elapsed": 3.508347, "delta": 0.00399}}
{"target": -590.624421789432, "params": {"gamma": 6.065836938156427, "lr": 0.6039477410796814}, "datetime": {"datetime": "2024-06-13 19:54:35", "elapsed": 3.512336, "delta": 0.003989}}
{"target": -372.4367653578532, "params": {"gamma": 3.193658073009114, "lr": 0.681204184117019}, "datetime": {"datetime": "2024-06-13 19:54:35", "elapsed": 3.516326, "delta": 0.00399}}
{"target": -124.07805539343634, "params": {"gamma": 0.5206049193651046, "lr": 0.13454642101194225}, "datetime": {"datetime": "2024-06-13 19:54:35", "elapsed": 3.520315, "delta": 0.003989}}
{"target": -175.17942963220622, "params": {"gamma": 1.303291433560078, "lr": 0.6552012872247357}, "datetime": {"datetime": "2024-06-13 19:54:35", "elapsed": 3.524304, "delta": 0.003989}}
{"target": -188.79048826413174, "params": {"gamma": 1.7541505851216117, "lr": 0.3411468232515472}, "datetime": {"datetime": "2024-06-13 19:54:35", "elapsed": 3.527297, "delta": 0.002993}}
{"target": -120.57037819078717, "params": {"gamma": 0.44407224667521283, "lr": 0.2337343601165106}, "datetime": {"datetime": "2024-06-13 19:54:35", "elapsed": 3.531286, "delta": 0.003989}}
{"target": -979.6122394377654, "params": {"gamma": 9.642279024168092, "lr": 0.5091394025163677}, "datetime": {"datetime": "2024-06-13 19:54:35", "elapsed": 3.535275, "delta": 0.003989}}
{"target": -197.4121098855791, "params": {"gamma": 1.5115941101958479, "lr": 0.5230085317344643}, "datetime": {"datetime": "2024-06-13 19:54:35", "elapsed": 3.539264, "delta": 0.003989}}
{"target": -1189.1608100662072, "params": {"gamma": 9.435150329726897, "lr": 0.865686014006334}, "datetime": {"datetime": "2024-06-13 19:54:35", "elapsed": 3.543254, "delta": 0.00399}}
{"target": -385.4867002353518, "params": {"gamma": 3.9212666234349385, "lr": 0.28386751597340265}, "datetime": {"datetime": "2024-06-13 19:54:35", "elapsed": 3.547243, "delta": 0.003989}}
{"target": -766.998321851535, "params": {"gamma": 7.617536897064726, "lr": 0.2404843248030878}, "datetime": {"datetime": "2024-06-13 19:54:35", "elapsed": 3.551232, "delta": 0.003989}}
{"target": -509.5980026649385, "params": {"gamma": 2.5430693142188665, "lr": 0.08408635417992949}, "datetime": {"datetime": "2024-06-13 19:54:35", "elapsed": 3.555222, "delta": 0.00399}}
{"target": -828.1283532527755, "params": {"gamma": 8.641576803545505, "lr": 0.44789891562027984}, "datetime": {"datetime": "2024-06-13 19:54:35", "elapsed": 3.559211, "delta": 0.003989}}
{"target": -660.066154653005, "params": {"gamma": 5.618300819839127, "lr": 0.7367109576935199}, "datetime": {"datetime": "2024-06-13 19:54:35", "elapsed": 3.562203, "delta": 0.002992}}
{"target": -764.9003861943506, "params": {"gamma": 7.965092182444826, "lr": 0.44750813899031383}, "datetime": {"datetime": "2024-06-13 19:54:35", "elapsed": 3.566192, "delta": 0.003989}}
{"target": -266.385987311526, "params": {"gamma": 1.8420914342018075, "lr": 0.8287328515283018}, "datetime": {"datetime": "2024-06-13 19:54:35", "elapsed": 3.570182, "delta": 0.00399}}
{"target": -137.98848723687368, "params": {"gamma": 0.3109486003227299, "lr": 0.9467282696079524}, "datetime": {"datetime": "2024-06-13 19:54:35", "elapsed": 3.574171, "delta": 0.003989}}
{"target": -740.7538704036865, "params": {"gamma": 5.770201486928539, "lr": 0.875388738450687}, "datetime": {"datetime": "2024-06-13 19:54:35", "elapsed": 3.578161, "delta": 0.00399}}
{"target": -588.8325842755946, "params": {"gamma": 6.086045804298614, "lr": 0.2516595841523237}, "datetime": {"datetime": "2024-06-13 19:54:35", "elapsed": 3.58215, "delta": 0.003989}}
{"target": -328.09568198777106, "params": {"gamma": 2.962003105035548, "lr": 0.5329225590316532}, "datetime": {"datetime": "2024-06-13 19:54:35", "elapsed": 3.586139, "delta": 0.003989}}
{"target": -1132.7368183779206, "params": {"gamma": 9.620820050258088, "lr": 0.18449560449017766}, "datetime": {"datetime": "2024-06-13 19:54:35", "elapsed": 3.590128, "delta": 0.003989}}
{"target": -476.2076019663222, "params": {"gamma": 5.099473883052948, "lr": 0.3437881034368444}, "datetime": {"datetime": "2024-06-13 19:54:35", "elapsed": 3.594118, "delta": 0.00399}}
{"target": -977.7262193478567, "params": {"gamma": 7.697483724226901, "lr": 0.802866486432424}, "datetime": {"datetime": "2024-06-13 19:54:35", "elapsed": 3.598108, "delta": 0.00399}}
{"target": -440.4893110013461, "params": {"gamma": 4.246174543111865, "lr": 0.20412249999433585}, "datetime": {"datetime": "2024-06-13 19:54:35", "elapsed": 3.602096, "delta": 0.003988}}
{"target": -132.45247376335803, "params": {"gamma": 0.6718275138282244, "lr": 0.1986482644205615}, "datetime": {"datetime": "2024-06-13 19:54:35", "elapsed": 3.606086, "delta": 0.00399}}
{"target": -283.8210072215109, "params": {"gamma": 2.7247361004436925, "lr": 0.5987889179092104}, "datetime": {"datetime": "2024-06-13 19:54:35", "elapsed": 3.610075, "delta": 0.003989}}
{"target": -1041.4272283067462, "params": {"gamma": 8.730961889247082, "lr": 0.1282309388454863}, "datetime": {"datetime": "2024-06-13 19:54:35", "elapsed": 3.613068, "delta": 0.002993}}
{"target": -1046.8965275849407, "params": {"gamma": 9.581929228407246, "lr": 0.6831708438541465}, "datetime": {"datetime": "2024-06-13 19:54:35", "elapsed": 3.617056, "delta": 0.003988}}
{"target": -1020.7425411697674, "params": {"gamma": 7.419900392548125, "lr": 0.9828807859209906}, "datetime": {"datetime": "2024-06-13 19:54:35", "elapsed": 3.621045, "delta": 0.003989}}
{"target": -443.47476864604096, "params": {"gamma": 4.161591625408803, "lr": 0.5315834658959018}, "datetime": {"datetime": "2024-06-13 19:54:35", "elapsed": 3.625035, "delta": 0.00399}}
{"target": -700.4113991507662, "params": {"gamma": 6.792450289006991, "lr": 0.5128751425899913}, "datetime": {"datetime": "2024-06-13 19:54:35", "elapsed": 3.629024, "delta": 0.003989}}
{"target": -446.15864959026294, "params": {"gamma": 2.991824334263695, "lr": 0.10538467273003926}, "datetime": {"datetime": "2024-06-13 19:54:35", "elapsed": 3.633014, "delta": 0.00399}}
{"target": -378.71868426725786, "params": {"gamma": 2.8500365250757254, "lr": 0.7688528482877579}, "datetime": {"datetime": "2024-06-13 19:54:35", "elapsed": 3.637003, "delta": 0.003989}}
{"target": -818.6039443331549, "params": {"gamma": 6.40818626181401, "lr": 0.8013307032031926}, "datetime": {"datetime": "2024-06-13 19:54:35", "elapsed": 3.640992, "delta": 0.003989}}
{"target": -526.4553009039153, "params": {"gamma": 5.171688199172296, "lr": 0.23210002184633505}, "datetime": {"datetime": "2024-06-13 19:54:35", "elapsed": 3.643984, "delta": 0.002992}}
{"target": -568.5374439117459, "params": {"gamma": 6.279991307892046, "lr": 0.30400549002230315}, "datetime": {"datetime": "2024-06-13 19:54:35", "elapsed": 3.647974, "delta": 0.00399}}
{"target": -137.45921049685262, "params": {"gamma": 0.29625792067526757, "lr": 0.9033311768168756}, "datetime": {"datetime": "2024-06-13 19:54:35", "elapsed": 3.651963, "delta": 0.003989}}
{"target": -420.55819146737923, "params": {"gamma": 4.2042753184590484, "lr": 0.4261307804247122}, "datetime": {"datetime": "2024-06-13 19:54:35", "elapsed": 3.655952, "delta": 0.003989}}
{"target": -1019.788510104256, "params": {"gamma": 7.412776101583259, "lr": 0.9484584043057936}, "datetime": {"datetime": "2024-06-13 19:54:35", "elapsed": 3.659942, "delta": 0.00399}}
{"target": -139.80428201924488, "params": {"gamma": 0.7260827649265881, "lr": 0.17270108813227492}, "datetime": {"datetime": "2024-06-13 19:54:35", "elapsed": 3.663931, "delta": 0.003989}}
{"target": -337.08596939060993, "params": {"gamma": 3.224252533837974, "lr": 0.248424246330199}, "datetime": {"datetime": "2024-06-13 19:54:35", "elapsed": 3.66792, "delta": 0.003989}}
{"target": -637.5100386470666, "params": {"gamma": 4.9554543186305695, "lr": 0.8244596107976835}, "datetime": {"datetime": "2024-06-13 19:54:35", "elapsed": 3.67191, "delta": 0.00399}}
{"target": -796.8247737335237, "params": {"gamma": 8.539870177006817, "lr": 0.5958299420587015}, "datetime": {"datetime": "2024-06-13 19:54:35", "elapsed": 3.675899, "delta": 0.003989}}
{"target": -306.67775142805726, "params": {"gamma": 2.4024971645768356, "lr": 0.18649268827268528}, "datetime": {"datetime": "2024-06-13 19:54:35", "elapsed": 3.679888, "delta": 0.003989}}
{"target": -748.9429938311807, "params": {"gamma": 7.434161733507989, "lr": 0.23721405764354764}, "datetime": {"datetime": "2024-06-13 19:54:35", "elapsed": 3.683878, "delta": 0.00399}}
{"target": -635.1615658527976, "params": {"gamma": 5.395369418374571, "lr": 0.7492807871271918}, "datetime": {"datetime": "2024-06-13 19:54:35", "elapsed": 3.687868, "delta": 0.00399}}
{"target": -307.1852383395837, "params": {"gamma": 2.283262797049244, "lr": 0.17450118757274402}, "datetime": {"datetime": "2024-06-13 19:54:35", "elapsed": 3.691857, "delta": 0.003989}}
{"target": -118.87776927450366, "params": {"gamma": 0.39831713007193664, "lr": 0.14756883769994755}, "datetime": {"datetime": "2024-06-13 19:54:35", "elapsed": 3.695846, "delta": 0.003989}}
{"target": -1247.192823857752, "params": {"gamma": 8.51453763056296, "lr": 0.10463591174495857}, "datetime": {"datetime": "2024-06-13 19:54:35", "elapsed": 3.699835, "delta": 0.003989}}
{"target": -453.4645630546331, "params": {"gamma": 2.2372268102276505, "lr": 0.03275719974597713}, "datetime": {"datetime": "2024-06-13 19:54:35", "elapsed": 3.703824, "delta": 0.003989}}
{"target": -682.9618323644474, "params": {"gamma": 6.763889997877335, "lr": 0.2317031414647196}, "datetime": {"datetime": "2024-06-13 19:54:35", "elapsed": 3.707816, "delta": 0.003992}}
{"target": -507.15135146264885, "params": {"gamma": 4.136503586299842, "lr": 0.13930117132372677}, "datetime": {"datetime": "2024-06-13 19:54:36", "elapsed": 3.711806, "delta": 0.00399}}
{"target": -380.06956143347384, "params": {"gamma": 3.772795658827454, "lr": 0.4244374662396153}, "datetime": {"datetime": "2024-06-13 19:54:36", "elapsed": 3.715795, "delta": 0.003989}}
{"target": -470.129932456355, "params": {"gamma": 4.730176553648271, "lr": 0.4228418130386131}, "datetime": {"datetime": "2024-06-13 19:54:36", "elapsed": 3.719784, "delta": 0.003989}}
{"target": -179.1758325289716, "params": {"gamma": 1.028462882177769, "lr": 0.772580266631544}, "datetime": {"datetime": "2024-06-13 19:54:36", "elapsed": 3.723774, "delta": 0.00399}}
{"target": -168.00355985333093, "params": {"gamma": 1.3729228288956241, "lr": 0.424292374325812}, "datetime": {"datetime": "2024-06-13 19:54:36", "elapsed": 3.727762, "delta": 0.003988}}
{"target": -268.8945362283269, "params": {"gamma": 2.7202891684153423, "lr": 0.3010079430799063}, "datetime": {"datetime": "2024-06-13 19:54:36", "elapsed": 3.731752, "delta": 0.00399}}
{"target": -693.761147970886, "params": {"gamma": 6.72453530509174, "lr": 0.5177867238134145}, "datetime": {"datetime": "2024-06-13 19:54:36", "elapsed": 3.735741, "delta": 0.003989}}
{"target": -209.99179588213502, "params": {"gamma": 1.9016804177489257, "lr": 0.4691344398333771}, "datetime": {"datetime": "2024-06-13 19:54:36", "elapsed": 3.739731, "delta": 0.00399}}
{"target": -393.4252182615247, "params": {"gamma": 3.396069147094239, "lr": 0.7044971982481261}, "datetime": {"datetime": "2024-06-13 19:54:36", "elapsed": 3.74372, "delta": 0.003989}}
{"target": -319.4374561473329, "params": {"gamma": 2.2617259291230574, "lr": 0.8449881373583452}, "datetime": {"datetime": "2024-06-13 19:54:36", "elapsed": 3.74771, "delta": 0.00399}}
{"target": -550.7620024498519, "params": {"gamma": 5.262770419251413, "lr": 0.5006195729230891}, "datetime": {"datetime": "2024-06-13 19:54:36", "elapsed": 3.751699, "delta": 0.003989}}
{"target": -321.6963738334034, "params": {"gamma": 2.537604383069914, "lr": 0.18615566973666398}, "datetime": {"datetime": "2024-06-13 19:54:36", "elapsed": 3.755688, "delta": 0.003989}}
{"target": -659.5985178743468, "params": {"gamma": 4.7187188083132305, "lr": 0.9818244178252573}, "datetime": {"datetime": "2024-06-13 19:54:36", "elapsed": 3.75868, "delta": 0.002992}}
{"target": -164.70289558007178, "params": {"gamma": 1.3299294703806088, "lr": 0.28346243242805713}, "datetime": {"datetime": "2024-06-13 19:54:36", "elapsed": 3.76267, "delta": 0.00399}}
{"target": -768.0139435138489, "params": {"gamma": 8.006611101660276, "lr": 0.6647768985107549}, "datetime": {"datetime": "2024-06-13 19:54:36", "elapsed": 3.766659, "delta": 0.003989}}
{"target": -274.46681008987457, "params": {"gamma": 2.788305328525677, "lr": 0.31464760677511183}, "datetime": {"datetime": "2024-06-13 19:54:36", "elapsed": 3.770648, "delta": 0.003989}}
{"target": -420.89655601224325, "params": {"gamma": 4.200062595764889, "lr": 0.6027867622422961}, "datetime": {"datetime": "2024-06-13 19:54:36", "elapsed": 3.774637, "delta": 0.003989}}
{"target": -914.7741823175787, "params": {"gamma": 7.193668333443535, "lr": 0.8573003334512307}, "datetime": {"datetime": "2024-06-13 19:54:36", "elapsed": 3.778627, "delta": 0.00399}}
{"target": -687.6410166614534, "params": {"gamma": 6.811433593113639, "lr": 0.23698206447169834}, "datetime": {"datetime": "2024-06-13 19:54:36", "elapsed": 3.782617, "delta": 0.00399}}
{"target": -1171.4865607884703, "params": {"gamma": 9.257279632827263, "lr": 0.7811954006757661}, "datetime": {"datetime": "2024-06-13 19:54:36", "elapsed": 3.787603, "delta": 0.004986}}
{"target": -298.06748064465296, "params": {"gamma": 3.0745074227980154, "lr": 0.3049656416420632}, "datetime": {"datetime": "2024-06-13 19:54:36", "elapsed": 3.790624, "delta": 0.003021}}
{"target": -1050.8443250663645, "params": {"gamma": 8.811802015970617, "lr": 0.1260784803971985}, "datetime": {"datetime": "2024-06-13 19:54:36", "elapsed": 3.794614, "delta": 0.00399}}
{"target": -602.090514414494, "params": {"gamma": 6.334974881523022, "lr": 0.2777127324734242}, "datetime": {"datetime": "2024-06-13 19:54:36", "elapsed": 3.798574, "delta": 0.00396}}
