{"target": -595.3078113094713, "params": {"p_ai": 9.475541865009603, "p_al": 2.2151059105005597, "p_ex": 2.6714531248239735, "prior": 0.8156581748077427, "rate": 4.286759667809202}, "datetime": {"datetime": "2024-06-13 08:06:32", "elapsed": 8.786326, "delta": 0.107715}}
{"target": -116.37306664323776, "params": {"p_ai": 1.091078621426664, "p_al": 6.3382338193585674, "p_ex": 8.029829410500005, "prior": 6.968308160705665, "rate": 7.66234759937663}, "datetime": {"datetime": "2024-06-13 08:06:32", "elapsed": 8.895775, "delta": 0.109449}}
{"target": -246.75729209535953, "params": {"p_ai": 3.4251987443153546, "p_al": 8.45866897879375, "p_ex": 4.2882589812194265, "prior": 8.240274694252776, "rate": 6.265335090084314}, "datetime": {"datetime": "2024-06-13 08:06:32", "elapsed": 9.004485, "delta": 0.10871}}
{"target": -208.185326484302, "params": {"p_ai": 1.435087063653779, "p_al": 0.7847906116496246, "p_ex": 0.1843080964871599, "prior": 0.6681832513959254, "rate": 4.586379553270611}, "datetime": {"datetime": "2024-06-13 08:06:33", "elapsed": 9.112226, "delta": 0.107741}}
{"target": -115.96858743197002, "params": {"p_ai": 1.1343058857531372, "p_al": 0.27880570513785086, "p_ex": 7.5488599524232844, "prior": 3.949109954125934, "rate": 7.469638017579644}, "datetime": {"datetime": "2024-06-13 08:06:33", "elapsed": 9.220907, "delta": 0.108681}}
{"target": -275.3272570772622, "params": {"p_ai": 4.52459586263777, "p_al": 4.501417383260611, "p_ex": 4.7812469946715925, "prior": 4.740565261695378, "rate": 8.031830257799582}, "datetime": {"datetime": "2024-06-13 08:06:33", "elapsed": 9.329672, "delta": 0.108765}}
{"target": -381.2840931895489, "params": {"p_ai": 4.024522806057501, "p_al": 9.046956917275887, "p_ex": 0.3715734184924046, "prior": 7.738969552861467, "rate": 1.2572881699962504}, "datetime": {"datetime": "2024-06-13 08:06:33", "elapsed": 9.438514, "delta": 0.108842}}
{"target": -366.79078250488254, "params": {"p_ai": 6.185517155553943, "p_al": 0.10463224909098416, "p_ex": 5.386734198480894, "prior": 0.031176548239344033, "rate": 9.511986661116556}, "datetime": {"datetime": "2024-06-13 08:06:33", "elapsed": 9.546519, "delta": 0.108005}}
{"target": -648.5355860764599, "params": {"p_ai": 9.054114934994077, "p_al": 7.959873452480752, "p_ex": 9.15282792482796, "prior": 1.4564367533528122, "rate": 1.5781429686354622}, "datetime": {"datetime": "2024-06-13 08:06:33", "elapsed": 9.655228, "delta": 0.108709}}
{"target": -127.6418350572105, "params": {"p_ai": 1.8771290973514374, "p_al": 6.225336527096912, "p_ex": 9.05818915058701, "prior": 9.899561828412377, "rate": 7.111513465199394}, "datetime": {"datetime": "2024-06-13 08:06:33", "elapsed": 9.76291, "delta": 0.107682}}
{"target": -618.342739380981, "params": {"p_ai": 7.318272291013812, "p_al": 9.093022752238, "p_ex": 4.009336449978838, "prior": 2.4992569515701426, "rate": 1.7351282777004415}, "datetime": {"datetime": "2024-06-13 08:06:33", "elapsed": 9.871652, "delta": 0.108742}}
{"target": -224.85928720493135, "params": {"p_ai": 1.1954510462869563, "p_al": 8.126293269740254, "p_ex": 1.4687769417990144, "prior": 2.6437105297862797, "rate": 8.191072697156674}, "datetime": {"datetime": "2024-06-13 08:06:33", "elapsed": 9.979396, "delta": 0.107744}}
{"target": -315.8254013613389, "params": {"p_ai": 3.106561930690306, "p_al": 9.824192075480136, "p_ex": 2.6671203828142005, "prior": 5.336999796367143, "rate": 3.1453556448473106}, "datetime": {"datetime": "2024-06-13 08:06:34", "elapsed": 10.088075, "delta": 0.108679}}
{"target": -532.669929541209, "params": {"p_ai": 9.1078175389072, "p_al": 3.666199881868493, "p_ex": 4.336489680404373, "prior": 5.123414630091336, "rate": 9.388925887219763}, "datetime": {"datetime": "2024-06-13 08:06:34", "elapsed": 10.19576, "delta": 0.107685}}
{"target": -211.29788494522697, "params": {"p_ai": 0.310459113705236, "p_al": 7.1690697576532605, "p_ex": 8.910298523969097, "prior": 0.2738449479511707, "rate": 5.220990421277856}, "datetime": {"datetime": "2024-06-13 08:06:34", "elapsed": 10.304422, "delta": 0.108662}}
{"target": -230.54730715668802, "params": {"p_ai": 3.2605721278884827, "p_al": 8.595033719334992, "p_ex": 5.585606992674257, "prior": 6.902588453759316, "rate": 4.529082146015424}, "datetime": {"datetime": "2024-06-13 08:06:34", "elapsed": 10.412805, "delta": 0.108383}}
{"target": -466.82180436833914, "params": {"p_ai": 6.2834620661760505, "p_al": 2.901678420022571, "p_ex": 0.0944764310871913, "prior": 5.767982593935921, "rate": 3.1151306971104957}, "datetime": {"datetime": "2024-06-13 08:06:34", "elapsed": 10.521166, "delta": 0.108361}}
{"target": -429.0074324277622, "params": {"p_ai": 5.1731587174127975, "p_al": 9.164142124685924, "p_ex": 4.265321410225459, "prior": 2.4747129699872517, "rate": 3.7135663190292654}, "datetime": {"datetime": "2024-06-13 08:06:34", "elapsed": 10.630377, "delta": 0.109211}}
{"target": -531.4377938866104, "params": {"p_ai": 9.31867930524877, "p_al": 9.368746944709628, "p_ex": 8.443455155708566, "prior": 9.202144936542298, "rate": 2.279774999223218}, "datetime": {"datetime": "2024-06-13 08:06:34", "elapsed": 10.739057, "delta": 0.10868}}
{"target": -140.35107070978563, "params": {"p_ai": 0.8757346133263552, "p_al": 2.273870053110603, "p_ex": 3.1444517845243904, "prior": 1.7484839976867594, "rate": 6.071334525562633}, "datetime": {"datetime": "2024-06-13 08:06:34", "elapsed": 10.847766, "delta": 0.108709}}
{"target": -360.04196792065954, "params": {"p_ai": 4.136450563596613, "p_al": 8.163698766760314, "p_ex": 1.8521188522920375, "prior": 7.019063421033349, "rate": 2.4043158928665394}, "datetime": {"datetime": "2024-06-13 08:06:34", "elapsed": 10.956477, "delta": 0.108711}}
{"target": -445.1116524400411, "params": {"p_ai": 5.742616669319757, "p_al": 3.490526984610668, "p_ex": 0.5705870304288444, "prior": 2.288907895932798, "rate": 6.641361450992581}, "datetime": {"datetime": "2024-06-13 08:06:35", "elapsed": 11.064217, "delta": 0.10774}}
{"target": -354.2791000806931, "params": {"p_ai": 4.973003683511953, "p_al": 5.190640824752714, "p_ex": 1.7480267809391161, "prior": 5.7075877996110185, "rate": 9.967537498656892}, "datetime": {"datetime": "2024-06-13 08:06:35", "elapsed": 11.172322, "delta": 0.108105}}
{"target": -405.9230255108746, "params": {"p_ai": 8.168534252807428, "p_al": 5.944131865685947, "p_ex": 9.759914694240718, "prior": 9.015724284108543, "rate": 5.956483728092853}, "datetime": {"datetime": "2024-06-13 08:06:35", "elapsed": 11.280036, "delta": 0.107714}}
{"target": -154.2008767046345, "params": {"p_ai": 0.32523082681925664, "p_al": 0.93667738107899, "p_ex": 0.6546517787072217, "prior": 4.517879753766062, "rate": 3.75497289684541}, "datetime": {"datetime": "2024-06-13 08:06:35", "elapsed": 11.387601, "delta": 0.107565}}
{"target": -489.7001994130704, "params": {"p_ai": 9.753524992668595, "p_al": 1.6806649487029495, "p_ex": 9.72790313173462, "prior": 7.674981213761269, "rate": 8.242554158405353}, "datetime": {"datetime": "2024-06-13 08:06:35", "elapsed": 11.495959, "delta": 0.108358}}
{"target": -615.8408658198789, "params": {"p_ai": 6.326525551963195, "p_al": 6.6876589692971145, "p_ex": 4.769346452878413, "prior": 0.13235043287379938, "rate": 3.530707849332706}, "datetime": {"datetime": "2024-06-13 08:06:35", "elapsed": 11.60367, "delta": 0.107711}}
{"target": -382.1721985752942, "params": {"p_ai": 4.9212259431340915, "p_al": 7.3011820196899535, "p_ex": 4.686814799118347, "prior": 4.574591755978228, "rate": 1.377489746715086}, "datetime": {"datetime": "2024-06-13 08:06:35", "elapsed": 11.710984, "delta": 0.107314}}
{"target": -149.6932094842302, "params": {"p_ai": 0.10987644930098642, "p_al": 7.583024326509486, "p_ex": 3.200208427938706, "prior": 9.843850118484914, "rate": 2.2031220273654006}, "datetime": {"datetime": "2024-06-13 08:06:35", "elapsed": 11.818401, "delta": 0.107417}}
{"target": -230.83283067043328, "params": {"p_ai": 3.387741546791315, "p_al": 5.239437460525651, "p_ex": 7.549159679148268, "prior": 4.639113981219056, "rate": 1.2491006085736511}, "datetime": {"datetime": "2024-06-13 08:06:35", "elapsed": 11.92631, "delta": 0.107909}}
{"target": -215.08125709425687, "params": {"p_ai": 3.125701283542003, "p_al": 5.045687177840246, "p_ex": 6.73881623116066, "prior": 7.70172941316461, "rate": 1.3042274737625883}, "datetime": {"datetime": "2024-06-13 08:06:36", "elapsed": 12.034086, "delta": 0.107776}}
{"target": -210.09672658922935, "params": {"p_ai": 0.23012839809249527, "p_al": 5.191304139797683, "p_ex": 8.1000771179135, "prior": 0.12702506653173326, "rate": 6.725025976692686}, "datetime": {"datetime": "2024-06-13 08:06:36", "elapsed": 12.141796, "delta": 0.10771}}
{"target": -395.1422240155081, "params": {"p_ai": 6.868395458343262, "p_al": 4.49301828911279, "p_ex": 9.1479720787326, "prior": 6.443966486485173, "rate": 0.05339313667700704}, "datetime": {"datetime": "2024-06-13 08:06:36", "elapsed": 12.249513, "delta": 0.107717}}
{"target": -251.56160108667038, "params": {"p_ai": 4.844800026698242, "p_al": 8.593318743169903, "p_ex": 8.304165300803357, "prior": 6.491892816927667, "rate": 6.737310540562419}, "datetime": {"datetime": "2024-06-13 08:06:36", "elapsed": 12.358889, "delta": 0.109376}}
{"target": -333.78533579572576, "params": {"p_ai": 5.7854172983122165, "p_al": 2.741923631893355, "p_ex": 5.605739375370052, "prior": 6.717626118389386, "rate": 3.5249438725338718}, "datetime": {"datetime": "2024-06-13 08:06:36", "elapsed": 12.47069, "delta": 0.111801}}
{"target": -456.97948177848974, "params": {"p_ai": 8.558427844172023, "p_al": 1.9511798226010642, "p_ex": 7.473460782508901, "prior": 2.8967378591225876, "rate": 7.738219073154577}, "datetime": {"datetime": "2024-06-13 08:06:36", "elapsed": 12.582396, "delta": 0.111706}}
{"target": -321.6668071090307, "params": {"p_ai": 4.277945556031427, "p_al": 8.077176392712982, "p_ex": 3.535995091817236, "prior": 2.137718683058182, "rate": 7.673077799709245}, "datetime": {"datetime": "2024-06-13 08:06:36", "elapsed": 12.691105, "delta": 0.108709}}
{"target": -260.2396935381026, "params": {"p_ai": 3.0871108343588807, "p_al": 7.332717432196549, "p_ex": 7.444987057624244, "prior": 2.2147456123811025, "rate": 2.141907256069664}, "datetime": {"datetime": "2024-06-13 08:06:36", "elapsed": 12.801142, "delta": 0.110037}}
{"target": -231.44602521512928, "params": {"p_ai": 1.9902802863472397, "p_al": 1.4260408593206808, "p_ex": 3.7714489094741337, "prior": 0.26725221903152313, "rate": 1.110092769973372}, "datetime": {"datetime": "2024-06-13 08:06:36", "elapsed": 12.908399, "delta": 0.107257}}
{"target": -628.3385536392674, "params": {"p_ai": 6.745965673610343, "p_al": 7.997965592436966, "p_ex": 0.8062147417567307, "prior": 2.3177914025474347, "rate": 2.0770489923763398}, "datetime": {"datetime": "2024-06-13 08:06:36", "elapsed": 13.017079, "delta": 0.10868}}
{"target": -531.1370174870494, "params": {"p_ai": 9.173418297253225, "p_al": 7.113433866846732, "p_ex": 5.539292225903092, "prior": 3.0458753612182816, "rate": 8.348705622270353}, "datetime": {"datetime": "2024-06-13 08:06:37", "elapsed": 13.124819, "delta": 0.10774}}
{"target": -335.66629665748144, "params": {"p_ai": 4.353624270337571, "p_al": 9.234638694972633, "p_ex": 7.0608119915549965, "prior": 4.780835048344869, "rate": 1.2629748273898376}, "datetime": {"datetime": "2024-06-13 08:06:37", "elapsed": 13.251452, "delta": 0.126633}}
{"target": -609.691401410181, "params": {"p_ai": 9.760459461127008, "p_al": 1.5991766697905894, "p_ex": 2.026818650071406, "prior": 4.312386369848549, "rate": 4.042614855845698}, "datetime": {"datetime": "2024-06-13 08:06:37", "elapsed": 13.360239, "delta": 0.108787}}
{"target": -198.24683270994265, "params": {"p_ai": 1.4683680561621768, "p_al": 7.293459874691873, "p_ex": 1.8882619237049822, "prior": 6.439312547472317, "rate": 7.543305199812411}, "datetime": {"datetime": "2024-06-13 08:06:37", "elapsed": 13.48111, "delta": 0.120871}}
{"target": -144.70730997721222, "params": {"p_ai": 2.108113188441124, "p_al": 6.0099415268282925, "p_ex": 7.489534824083119, "prior": 6.382548887492715, "rate": 5.971675902163545}, "datetime": {"datetime": "2024-06-13 08:06:37", "elapsed": 13.594807, "delta": 0.113697}}
{"target": -159.25334358062446, "params": {"p_ai": 2.955527374269315, "p_al": 7.316333105943847, "p_ex": 9.453139091559498, "prior": 4.256188341225208, "rate": 7.822035986497222}, "datetime": {"datetime": "2024-06-13 08:06:37", "elapsed": 13.705075, "delta": 0.110268}}
{"target": -212.8984467954603, "params": {"p_ai": 0.5623542555794911, "p_al": 8.35288075329717, "p_ex": 1.9233079182046549, "prior": 3.951573592030842, "rate": 3.001510378207639}, "datetime": {"datetime": "2024-06-13 08:06:37", "elapsed": 13.81578, "delta": 0.110705}}
{"target": -168.1962708753034, "params": {"p_ai": 0.8019563344166869, "p_al": 9.046405398359493, "p_ex": 3.702171621359829, "prior": 5.30744368732292, "rate": 4.941668542697355}, "datetime": {"datetime": "2024-06-13 08:06:37", "elapsed": 13.932334, "delta": 0.116554}}
{"target": -195.7023334203189, "params": {"p_ai": 1.3224792582874385, "p_al": 2.0653341348354406, "p_ex": 0.7628119015141794, "prior": 5.07970907775293, "rate": 2.616233968778038}, "datetime": {"datetime": "2024-06-13 08:06:38", "elapsed": 14.043512, "delta": 0.111178}}
{"target": -205.39856093579053, "params": {"p_ai": 3.5712590272190368, "p_al": 1.0815452216436712, "p_ex": 7.87573084468542, "prior": 1.0667321840112223, "rate": 9.857102528308165}, "datetime": {"datetime": "2024-06-13 08:06:38", "elapsed": 14.153222, "delta": 0.10971}}
{"target": -237.45725308888345, "params": {"p_ai": 1.772434483219735, "p_al": 5.724478719234059, "p_ex": 0.4494085005562922, "prior": 7.871375780268687, "rate": 1.8968698722351471}, "datetime": {"datetime": "2024-06-13 08:06:38", "elapsed": 14.261031, "delta": 0.107809}}
{"target": -438.19332582166646, "params": {"p_ai": 5.279511880102859, "p_al": 7.401035354047558, "p_ex": 1.5001649176876422, "prior": 5.511320654695531, "rate": 2.1669554660794654}, "datetime": {"datetime": "2024-06-13 08:06:38", "elapsed": 14.368707, "delta": 0.107676}}
{"target": -544.6304458285728, "params": {"p_ai": 7.592201297122131, "p_al": 7.229429020368581, "p_ex": 1.7663137937365532, "prior": 8.619803610113067, "rate": 0.1987312200639263}, "datetime": {"datetime": "2024-06-13 08:06:38", "elapsed": 14.477025, "delta": 0.108318}}
{"target": -516.9086156990047, "params": {"p_ai": 8.60250973723373, "p_al": 5.589479207798223, "p_ex": 4.032801500586387, "prior": 7.587710563292345, "rate": 7.169573087923007}, "datetime": {"datetime": "2024-06-13 08:06:38", "elapsed": 14.584742, "delta": 0.107717}}
{"target": -657.842900984754, "params": {"p_ai": 9.873274421909457, "p_al": 2.7815724010812146, "p_ex": 0.03893293042101652, "prior": 9.339092180540563, "rate": 8.5791131482744}, "datetime": {"datetime": "2024-06-13 08:06:38", "elapsed": 14.691963, "delta": 0.107221}}
{"target": -401.75194913000075, "params": {"p_ai": 7.28877992431504, "p_al": 5.167371140432463, "p_ex": 7.069855496242362, "prior": 7.805515039210552, "rate": 3.749384559425057}, "datetime": {"datetime": "2024-06-13 08:06:38", "elapsed": 14.800212, "delta": 0.108249}}
{"target": -441.2648154996148, "params": {"p_ai": 7.703454930774247, "p_al": 7.506492567432579, "p_ex": 6.132498904231054, "prior": 4.019257373754407, "rate": 6.9733828846241455}, "datetime": {"datetime": "2024-06-13 08:06:38", "elapsed": 14.908405, "delta": 0.108193}}
{"target": -154.98748702695488, "params": {"p_ai": 0.032125465394095866, "p_al": 7.749191570599254, "p_ex": 8.964269607966013, "prior": 2.393917758667609, "rate": 1.208551075907988}, "datetime": {"datetime": "2024-06-13 08:06:38", "elapsed": 15.017113, "delta": 0.108708}}
{"target": -139.21765857348615, "params": {"p_ai": 2.2036195939494823, "p_al": 3.021665216169693, "p_ex": 8.830402057129778, "prior": 5.432121135950708, "rate": 2.8678297844146994}, "datetime": {"datetime": "2024-06-13 08:06:39", "elapsed": 15.124825, "delta": 0.107712}}
{"target": -132.4084196403855, "params": {"p_ai": 1.3844085432396722, "p_al": 2.902154486582312, "p_ex": 6.139097026322785, "prior": 3.242061160444569, "rate": 4.574144456728294}, "datetime": {"datetime": "2024-06-13 08:06:39", "elapsed": 15.233535, "delta": 0.10871}}
{"target": -308.02815032501996, "params": {"p_ai": 4.441726953059129, "p_al": 8.281525471954389, "p_ex": 4.264055194208071, "prior": 3.4576425129338477, "rate": 6.7500410764862435}, "datetime": {"datetime": "2024-06-13 08:06:39", "elapsed": 15.343104, "delta": 0.109569}}
{"target": -190.10913828575758, "params": {"p_ai": 2.215599075279554, "p_al": 4.672990993441612, "p_ex": 3.1483421075528404, "prior": 6.268929166026184, "rate": 8.773727386473432}, "datetime": {"datetime": "2024-06-13 08:06:39", "elapsed": 15.451545, "delta": 0.108441}}
{"target": -343.6309926045269, "params": {"p_ai": 4.47744231245614, "p_al": 7.84478973050044, "p_ex": 4.570200039914943, "prior": 6.562637087839597, "rate": 1.3192779092999938}, "datetime": {"datetime": "2024-06-13 08:06:39", "elapsed": 15.561252, "delta": 0.109707}}
{"target": -270.81213264362617, "params": {"p_ai": 4.3303820881695145, "p_al": 9.093210574560711, "p_ex": 6.055184531308316, "prior": 7.6679790977837845, "rate": 5.047501380350848}, "datetime": {"datetime": "2024-06-13 08:06:39", "elapsed": 15.66999, "delta": 0.108738}}
{"target": -413.8962862618479, "params": {"p_ai": 4.981058192655247, "p_al": 8.429155502088307, "p_ex": 0.6790015364751966, "prior": 5.733149443225297, "rate": 9.42768299175406}, "datetime": {"datetime": "2024-06-13 08:06:39", "elapsed": 15.778183, "delta": 0.108193}}
{"target": -262.51078016037656, "params": {"p_ai": 5.179082621675048, "p_al": 1.945463629469317, "p_ex": 8.479545985042318, "prior": 2.5171397844161723, "rate": 7.007559638788898}, "datetime": {"datetime": "2024-06-13 08:06:39", "elapsed": 15.886401, "delta": 0.108218}}
{"target": -380.79879897424746, "params": {"p_ai": 5.403069143028603, "p_al": 9.488414046513915, "p_ex": 6.2437426873243576, "prior": 8.379941642515245, "rate": 0.08032082906903645}, "datetime": {"datetime": "2024-06-13 08:06:39", "elapsed": 15.993996, "delta": 0.107595}}
{"target": -606.637709544421, "params": {"p_ai": 9.893411221610213, "p_al": 0.7780679887535326, "p_ex": 3.2219730066340815, "prior": 9.461577802172197, "rate": 0.09038208461007943}, "datetime": {"datetime": "2024-06-13 08:06:40", "elapsed": 16.102225, "delta": 0.108229}}
{"target": -515.9092185238674, "params": {"p_ai": 8.227477324213933, "p_al": 8.612255172029577, "p_ex": 4.398868311271517, "prior": 2.558196192865506, "rate": 8.027092506813352}, "datetime": {"datetime": "2024-06-13 08:06:40", "elapsed": 16.209937, "delta": 0.107712}}
{"target": -229.71265830392, "params": {"p_ai": 4.77914218231778, "p_al": 1.3442517479483056, "p_ex": 9.278562079257282, "prior": 8.959803700099478, "rate": 4.915959955019337}, "datetime": {"datetime": "2024-06-13 08:06:40", "elapsed": 16.319672, "delta": 0.109735}}
{"target": -469.88959956859804, "params": {"p_ai": 8.567168262681404, "p_al": 4.1863616796152225, "p_ex": 6.834965536762845, "prior": 3.9805084034398166, "rate": 5.057914432490653}, "datetime": {"datetime": "2024-06-13 08:06:40", "elapsed": 16.428624, "delta": 0.108952}}
{"target": -569.3898711188739, "params": {"p_ai": 1.896327476636439, "p_al": 9.649924252185027, "p_ex": 2.9428626667543027, "prior": 1.035492101607897, "rate": 1.4440096868902519}, "datetime": {"datetime": "2024-06-13 08:06:40", "elapsed": 16.536918, "delta": 0.108294}}
{"target": -121.06108565710507, "params": {"p_ai": 0.14190884963023712, "p_al": 7.1597410489244835, "p_ex": 5.645418704088501, "prior": 7.945988933496338, "rate": 5.0712921529180806}, "datetime": {"datetime": "2024-06-13 08:06:40", "elapsed": 16.646624, "delta": 0.109706}}
{"target": -425.0312298493085, "params": {"p_ai": 7.918418574002035, "p_al": 6.957946378504123, "p_ex": 7.778706920114895, "prior": 4.065422206901887, "rate": 6.478058561241625}, "datetime": {"datetime": "2024-06-13 08:06:40", "elapsed": 16.756331, "delta": 0.109707}}
{"target": -215.0852793823662, "params": {"p_ai": 1.798763182632051, "p_al": 3.2188778139156518, "p_ex": 1.7268735965778053, "prior": 4.086963612907611, "rate": 2.4149460609080227}, "datetime": {"datetime": "2024-06-13 08:06:40", "elapsed": 16.867036, "delta": 0.110705}}
{"target": -305.64436743039147, "params": {"p_ai": 4.069813019299451, "p_al": 9.752248202030684, "p_ex": 3.2038729388944907, "prior": 9.824926958803978, "rate": 6.363424952433981}, "datetime": {"datetime": "2024-06-13 08:06:40", "elapsed": 16.975744, "delta": 0.108708}}
{"target": -240.09617345305702, "params": {"p_ai": 3.7515350929207165, "p_al": 8.574987506336882, "p_ex": 6.19624780694637, "prior": 2.521078768228263, "rate": 7.9287639240909}, "datetime": {"datetime": "2024-06-13 08:06:41", "elapsed": 17.084453, "delta": 0.108709}}
{"target": -303.29463079321863, "params": {"p_ai": 4.329952148832897, "p_al": 3.5757541621370836, "p_ex": 3.3034390883142843, "prior": 6.973991387255782, "rate": 2.6872325889383593}, "datetime": {"datetime": "2024-06-13 08:06:41", "elapsed": 17.193163, "delta": 0.10871}}
{"target": -457.33940712103583, "params": {"p_ai": 8.082971859040095, "p_al": 2.953592655204078, "p_ex": 5.441669714469987, "prior": 4.879726996560219, "rate": 8.553708769541101}, "datetime": {"datetime": "2024-06-13 08:06:41", "elapsed": 17.300902, "delta": 0.107739}}
{"target": -500.9026322702208, "params": {"p_ai": 8.883975957519464, "p_al": 1.8446600392352996, "p_ex": 5.853899240923573, "prior": 8.982152255125355, "rate": 4.461726073125263}, "datetime": {"datetime": "2024-06-13 08:06:41", "elapsed": 17.410065, "delta": 0.109163}}
{"target": -523.538002107767, "params": {"p_ai": 9.218761186532669, "p_al": 2.790629913679252, "p_ex": 6.0887029107637645, "prior": 6.824854643958388, "rate": 2.2828291277714907}, "datetime": {"datetime": "2024-06-13 08:06:41", "elapsed": 17.519348, "delta": 0.109283}}
