{"target": -162.10133049195383, "params": {"p_ai": 6.802265132639049, "p_al": 4.272914190154236, "p_ex": 0.9689860913418493, "prior": 3.920704589637105, "rate": 0.44851341348826507}, "datetime": {"datetime": "2024-06-13 01:26:51", "elapsed": 103.146354, "delta": 0.114333}}
{"target": -103.335418940795, "params": {"p_ai": 2.710990200499908, "p_al": 5.031293904777502, "p_ex": 4.575335383393581, "prior": 7.686577408158113, "rate": 1.6031430865858975}, "datetime": {"datetime": "2024-06-13 01:26:51", "elapsed": 103.261908, "delta": 0.115554}}
{"target": -121.41530602015844, "params": {"p_ai": 5.10093231989354, "p_al": 1.4161287835344174, "p_ex": 1.8945065357360218, "prior": 4.0995761384869995, "rate": 1.4594799700408772}, "datetime": {"datetime": "2024-06-13 01:26:51", "elapsed": 103.376604, "delta": 0.114696}}
{"target": -100.37911031053098, "params": {"p_ai": 5.623712931107031, "p_al": 4.55286296493076, "p_ex": 9.42102448081776, "prior": 6.700279053399254, "rate": 1.0323192196230728}, "datetime": {"datetime": "2024-06-13 01:26:51", "elapsed": 103.491825, "delta": 0.115221}}
{"target": -113.88000312576723, "params": {"p_ai": 6.071461447289983, "p_al": 4.203872166556974, "p_ex": 5.006819099141204, "prior": 6.558399608979977, "rate": 1.857995271651951}, "datetime": {"datetime": "2024-06-13 01:26:51", "elapsed": 103.605521, "delta": 0.113696}}
{"target": -85.91355807955482, "params": {"p_ai": 3.5959854187027576, "p_al": 4.80431758722436, "p_ex": 6.148214863550358, "prior": 2.8562858949564185, "rate": 5.028231781609626}, "datetime": {"datetime": "2024-06-13 01:26:52", "elapsed": 103.720468, "delta": 0.114947}}
{"target": -94.27068494149682, "params": {"p_ai": 2.786182582989594, "p_al": 5.724326152231424, "p_ex": 3.423551750452962, "prior": 8.3917704255985, "rate": 6.859442144947297}, "datetime": {"datetime": "2024-06-13 01:26:52", "elapsed": 103.834898, "delta": 0.11443}}
{"target": -157.58254950842766, "params": {"p_ai": 8.16146205993121, "p_al": 1.5433064281287947, "p_ex": 1.852751322764912, "prior": 5.426405215883123, "rate": 0.6149211908273852}, "datetime": {"datetime": "2024-06-13 01:26:52", "elapsed": 103.973499, "delta": 0.138601}}
{"target": -153.23085872492615, "params": {"p_ai": 5.38104712520555, "p_al": 3.360634014854361, "p_ex": 3.2452188194691933, "prior": 2.2993020381610645, "rate": 0.0478627093242713}, "datetime": {"datetime": "2024-06-13 01:26:52", "elapsed": 104.102549, "delta": 0.12905}}
{"target": -120.77601769283733, "params": {"p_ai": 6.87104638723164, "p_al": 7.528059143696881, "p_ex": 3.383495876309245, "prior": 4.698566381850696, "rate": 7.9740253575338835}, "datetime": {"datetime": "2024-06-13 01:26:52", "elapsed": 104.244171, "delta": 0.141622}}
{"target": -118.55943689973323, "params": {"p_ai": 6.475029921813591, "p_al": 0.23075873965417942, "p_ex": 2.840440882000521, "prior": 9.543993923653835, "rate": 8.831663399364862}, "datetime": {"datetime": "2024-06-13 01:26:52", "elapsed": 104.362824, "delta": 0.118653}}
{"target": -104.96218601738275, "params": {"p_ai": 3.2528542928382116, "p_al": 9.106428259046453, "p_ex": 4.792271643587237, "prior": 2.0214851391453554, "rate": 2.7152226317759873}, "datetime": {"datetime": "2024-06-13 01:26:52", "elapsed": 104.480132, "delta": 0.117308}}
{"target": -91.97552425118539, "params": {"p_ai": 2.4105781820003296, "p_al": 0.556698987691059, "p_ex": 4.371923976318957, "prior": 9.045924292349737, "rate": 5.258048884328453}, "datetime": {"datetime": "2024-06-13 01:26:52", "elapsed": 104.597327, "delta": 0.117195}}
{"target": -141.50527648321165, "params": {"p_ai": 5.45501927258241, "p_al": 2.270769102045196, "p_ex": 0.46496189658185, "prior": 1.2589544199559672, "rate": 2.152041802423628}, "datetime": {"datetime": "2024-06-13 01:26:53", "elapsed": 104.713017, "delta": 0.11569}}
{"target": -191.02318825097265, "params": {"p_ai": 8.734060760678151, "p_al": 9.883297769252295, "p_ex": 0.17864471946155067, "prior": 4.433656242445618, "rate": 3.6926037105639593}, "datetime": {"datetime": "2024-06-13 01:26:53", "elapsed": 104.827614, "delta": 0.114597}}
{"target": -105.56187114613358, "params": {"p_ai": 5.365099171557174, "p_al": 6.165611663572178, "p_ex": 3.9606016122470797, "prior": 1.8394567778102808, "rate": 5.853157183958837}, "datetime": {"datetime": "2024-06-13 01:26:53", "elapsed": 104.942307, "delta": 0.114693}}
{"target": -97.27352231004232, "params": {"p_ai": 0.33393439959498467, "p_al": 8.939882672498515, "p_ex": 6.4444635631791485, "prior": 0.9463480982929026, "rate": 5.514198481896219}, "datetime": {"datetime": "2024-06-13 01:26:53", "elapsed": 105.057116, "delta": 0.114809}}
{"target": -104.43855597579025, "params": {"p_ai": 1.290614237119169, "p_al": 1.189089580581743, "p_ex": 2.656223467019746, "prior": 7.629320107414128, "rate": 6.982511237812883}, "datetime": {"datetime": "2024-06-13 01:26:53", "elapsed": 105.171751, "delta": 0.114635}}
{"target": -109.42849730758812, "params": {"p_ai": 5.5889624922088075, "p_al": 2.553010961299623, "p_ex": 5.1791698014639245, "prior": 9.297580185091476, "rate": 1.8540067116163252}, "datetime": {"datetime": "2024-06-13 01:26:53", "elapsed": 105.285952, "delta": 0.114201}}
{"target": -150.86068672436133, "params": {"p_ai": 7.342339864091912, "p_al": 8.72195678460364, "p_ex": 6.694892627696197, "prior": 2.0377529908899317, "rate": 1.2925307977203897}, "datetime": {"datetime": "2024-06-13 01:26:53", "elapsed": 105.400713, "delta": 0.114761}}
{"target": -89.75954896597804, "params": {"p_ai": 5.150814880735495, "p_al": 1.3039515035572151, "p_ex": 8.257174308347446, "prior": 5.236921642608596, "rate": 2.9149454507613863}, "datetime": {"datetime": "2024-06-13 01:26:53", "elapsed": 105.515406, "delta": 0.114693}}
{"target": -101.00613075172772, "params": {"p_ai": 5.681699207758667, "p_al": 2.607113167075669, "p_ex": 5.845117576613796, "prior": 2.32199215010331, "rate": 2.1913014701633196}, "datetime": {"datetime": "2024-06-13 01:26:53", "elapsed": 105.629646, "delta": 0.11424}}
{"target": -149.6109926234233, "params": {"p_ai": 5.185542309916678, "p_al": 8.35432241661817, "p_ex": 6.448062933841908, "prior": 0.9428132212047013, "rate": 1.3415491851440944}, "datetime": {"datetime": "2024-06-13 01:26:54", "elapsed": 105.74434, "delta": 0.114694}}
{"target": -112.13138125227401, "params": {"p_ai": 3.9036156575502186, "p_al": 3.1963273640149286, "p_ex": 8.912314797811076, "prior": 8.913023588304181, "rate": 0.2992111861366949}, "datetime": {"datetime": "2024-06-13 01:26:54", "elapsed": 105.859033, "delta": 0.114693}}
{"target": -115.76512221836627, "params": {"p_ai": 2.1060088559719117, "p_al": 3.8841387744641738, "p_ex": 1.7645710751045083, "prior": 9.186944713043502, "rate": 1.8967959364001061}, "datetime": {"datetime": "2024-06-13 01:26:54", "elapsed": 105.975721, "delta": 0.116688}}
{"target": -125.22121870713606, "params": {"p_ai": 7.3401256292133965, "p_al": 9.569199419728829, "p_ex": 4.777702734413059, "prior": 8.142378714413438, "rate": 4.282765599393484}, "datetime": {"datetime": "2024-06-13 01:26:54", "elapsed": 106.089084, "delta": 0.113363}}
{"target": -127.6398933214958, "params": {"p_ai": 8.13467909993753, "p_al": 7.6172232645805815, "p_ex": 9.596076873702136, "prior": 3.3666634664476933, "rate": 7.666177450236105}, "datetime": {"datetime": "2024-06-13 01:26:54", "elapsed": 106.204625, "delta": 0.115541}}
{"target": -132.13461307301645, "params": {"p_ai": 9.216256420526488, "p_al": 8.107906057497173, "p_ex": 8.143560581729513, "prior": 9.483034089579148, "rate": 2.9075383441675364}, "datetime": {"datetime": "2024-06-13 01:26:54", "elapsed": 106.321343, "delta": 0.116718}}
{"target": -94.43356275390953, "params": {"p_ai": 4.402025448023279, "p_al": 1.0614689514075122, "p_ex": 8.772943953099569, "prior": 3.4376495800562545, "rate": 9.052543557612724}, "datetime": {"datetime": "2024-06-13 01:26:54", "elapsed": 106.436511, "delta": 0.115168}}
{"target": -86.76978816080252, "params": {"p_ai": 2.0393718583818017, "p_al": 3.49670854682447, "p_ex": 6.905103296395332, "prior": 9.22714253443678, "rate": 6.879772184061891}, "datetime": {"datetime": "2024-06-13 01:26:54", "elapsed": 106.550671, "delta": 0.11416}}
{"target": -91.84255683875168, "params": {"p_ai": 3.4015950863695554, "p_al": 0.40139455562105736, "p_ex": 3.3181754241303745, "prior": 4.762134435981242, "rate": 7.304270953982604}, "datetime": {"datetime": "2024-06-13 01:26:55", "elapsed": 106.665364, "delta": 0.114693}}
{"target": -160.0495390722327, "params": {"p_ai": 8.936392304537144, "p_al": 0.06408410135224346, "p_ex": 0.7682678879967971, "prior": 2.818623672892344, "rate": 5.356653678219738}, "datetime": {"datetime": "2024-06-13 01:26:55", "elapsed": 106.780458, "delta": 0.115094}}
{"target": -97.4319638121781, "params": {"p_ai": 5.358320197017084, "p_al": 4.25320952977812, "p_ex": 8.836490541785956, "prior": 7.273793098297809, "rate": 1.360477671934808}, "datetime": {"datetime": "2024-06-13 01:26:55", "elapsed": 106.895154, "delta": 0.114696}}
{"target": -97.63816005353893, "params": {"p_ai": 2.3521283159904485, "p_al": 5.053553249291305, "p_ex": 3.625823024683793, "prior": 8.086391818387844, "rate": 4.1939360275341455}, "datetime": {"datetime": "2024-06-13 01:26:55", "elapsed": 107.009786, "delta": 0.114632}}
{"target": -156.0896036522375, "params": {"p_ai": 9.41168440870445, "p_al": 1.8253827869110664, "p_ex": 4.828391994098708, "prior": 8.942579468503189, "rate": 0.6582946776379386}, "datetime": {"datetime": "2024-06-13 01:26:55", "elapsed": 107.125657, "delta": 0.115871}}
{"target": -85.57648578530542, "params": {"p_ai": 2.7930374012310466, "p_al": 2.0285264812184285, "p_ex": 9.848142780102968, "prior": 4.685069110924743, "rate": 8.881823309179376}, "datetime": {"datetime": "2024-06-13 01:26:55", "elapsed": 107.239354, "delta": 0.113697}}
{"target": -132.79173970750907, "params": {"p_ai": 8.539400167342631, "p_al": 1.0405818638300903, "p_ex": 3.500085683547541, "prior": 4.967458463909608, "rate": 8.789071546632522}, "datetime": {"datetime": "2024-06-13 01:26:55", "elapsed": 107.35442, "delta": 0.115066}}
{"target": -135.58432260014683, "params": {"p_ai": 9.818558826019503, "p_al": 3.370152344242372, "p_ex": 7.819704001748473, "prior": 8.587314644739731, "rate": 2.8132116645345953}, "datetime": {"datetime": "2024-06-13 01:26:55", "elapsed": 107.46865, "delta": 0.11423}}
{"target": -84.27698308995127, "params": {"p_ai": 1.9900754263415932, "p_al": 6.46649017792085, "p_ex": 5.641829191069348, "prior": 1.5466010079402892, "rate": 7.421983140023526}, "datetime": {"datetime": "2024-06-13 01:26:55", "elapsed": 107.583884, "delta": 0.115234}}
{"target": -131.66270423809212, "params": {"p_ai": 3.6015667876147712, "p_al": 6.0471355297994975, "p_ex": 0.06592323285271869, "prior": 5.905563148843087, "rate": 7.334526684535487}, "datetime": {"datetime": "2024-06-13 01:26:56", "elapsed": 107.69758, "delta": 0.113696}}
{"target": -99.04763114411851, "params": {"p_ai": 3.457397702569941, "p_al": 7.593538905555558, "p_ex": 4.2702742414255, "prior": 4.2325773823623205, "rate": 2.994227023324736}, "datetime": {"datetime": "2024-06-13 01:26:56", "elapsed": 107.811803, "delta": 0.114223}}
{"target": -122.34880451206391, "params": {"p_ai": 7.41084812936265, "p_al": 9.17093155390691, "p_ex": 4.431569286643207, "prior": 9.869859504332707, "rate": 7.995077879366126}, "datetime": {"datetime": "2024-06-13 01:26:56", "elapsed": 107.926468, "delta": 0.114665}}
{"target": -91.01536122961275, "params": {"p_ai": 3.1130412574876014, "p_al": 2.3318198765431166, "p_ex": 3.5900011043724316, "prior": 4.047288190987675, "rate": 4.9594870060932585}, "datetime": {"datetime": "2024-06-13 01:26:56", "elapsed": 108.041725, "delta": 0.115257}}
{"target": -161.15265790327132, "params": {"p_ai": 7.015635889608674, "p_al": 8.410142349236114, "p_ex": 0.591681143437602, "prior": 4.531267048059634, "rate": 4.276131343403098}, "datetime": {"datetime": "2024-06-13 01:26:56", "elapsed": 108.155885, "delta": 0.11416}}
{"target": -94.55484338494112, "params": {"p_ai": 4.240900112591106, "p_al": 5.637207208839824, "p_ex": 9.3980782998847, "prior": 3.3038838395389827, "rate": 9.489732453291571}, "datetime": {"datetime": "2024-06-13 01:26:56", "elapsed": 108.271576, "delta": 0.115691}}
{"target": -83.16286376453154, "params": {"p_ai": 2.4595966948386168, "p_al": 5.484501872174486, "p_ex": 7.134294959360631, "prior": 8.806336338229208, "rate": 7.817205199110037}, "datetime": {"datetime": "2024-06-13 01:26:56", "elapsed": 108.386298, "delta": 0.114722}}
{"target": -134.78676193885903, "params": {"p_ai": 9.657646828616505, "p_al": 5.511879884156932, "p_ex": 9.054357949067327, "prior": 6.547188885206358, "rate": 1.6909319518823145}, "datetime": {"datetime": "2024-06-13 01:26:56", "elapsed": 108.501384, "delta": 0.115086}}
{"target": -128.62365490892466, "params": {"p_ai": 0.3075764907057214, "p_al": 7.608044237084763, "p_ex": 6.776523100769331, "prior": 2.883846336266304, "rate": 1.061060113331068}, "datetime": {"datetime": "2024-06-13 01:26:56", "elapsed": 108.616077, "delta": 0.114693}}
{"target": -115.4195204492821, "params": {"p_ai": 6.894912753981151, "p_al": 7.494775701453469, "p_ex": 5.583261815945312, "prior": 6.6527083965787845, "rate": 4.04120575860372}, "datetime": {"datetime": "2024-06-13 01:26:57", "elapsed": 108.730773, "delta": 0.114696}}
{"target": -121.76004740969282, "params": {"p_ai": 8.661009108350234, "p_al": 5.3244804162311095, "p_ex": 8.94849717759843, "prior": 7.397355841077811, "rate": 5.229495878098283}, "datetime": {"datetime": "2024-06-13 01:26:57", "elapsed": 108.845467, "delta": 0.114694}}
{"target": -135.82868076341484, "params": {"p_ai": 7.196851652491778, "p_al": 8.867573377717738, "p_ex": 1.9459183399439965, "prior": 4.298620712646929, "rate": 8.593650736304962}, "datetime": {"datetime": "2024-06-13 01:26:57", "elapsed": 108.959163, "delta": 0.113696}}
{"target": -99.37022819574456, "params": {"p_ai": 0.30593315470351806, "p_al": 1.3316887393732058, "p_ex": 4.0540634531511355, "prior": 1.1244776218587826, "rate": 7.261793973479709}, "datetime": {"datetime": "2024-06-13 01:26:57", "elapsed": 109.073074, "delta": 0.113911}}
{"target": -152.11012318364808, "params": {"p_ai": 9.74812518591709, "p_al": 4.891176585226112, "p_ex": 9.60271465844587, "prior": 1.3585554114606393, "rate": 7.004733804599716}, "datetime": {"datetime": "2024-06-13 01:26:57", "elapsed": 109.187754, "delta": 0.11468}}
{"target": -106.98554844701712, "params": {"p_ai": 5.82900028491064, "p_al": 7.917543891275795, "p_ex": 5.377468422835572, "prior": 9.798948077818707, "rate": 4.397088163352406}, "datetime": {"datetime": "2024-06-13 01:26:57", "elapsed": 109.301955, "delta": 0.114201}}
{"target": -207.57264199746368, "params": {"p_ai": 9.502773262661462, "p_al": 9.182866943702871, "p_ex": 4.2392728592820275, "prior": 4.105808538326242, "rate": 0.20045070602134657}, "datetime": {"datetime": "2024-06-13 01:26:57", "elapsed": 109.417341, "delta": 0.115386}}
{"target": -97.2792516674785, "params": {"p_ai": 4.485492635920682, "p_al": 1.9949007104567833, "p_ex": 3.3599204150639372, "prior": 2.8258754102309727, "rate": 6.702309477116513}, "datetime": {"datetime": "2024-06-13 01:26:57", "elapsed": 109.531544, "delta": 0.114203}}
{"target": -85.76354392186654, "params": {"p_ai": 4.4022955698242345, "p_al": 6.002889962165791, "p_ex": 8.435340806411245, "prior": 8.327887276650028, "rate": 5.855987869562886}, "datetime": {"datetime": "2024-06-13 01:26:58", "elapsed": 109.645459, "delta": 0.113915}}
{"target": -127.39004759624606, "params": {"p_ai": 4.405923932616606, "p_al": 4.0047021613980025, "p_ex": 0.7122002336399037, "prior": 4.674352425274426, "rate": 4.031025111880172}, "datetime": {"datetime": "2024-06-13 01:26:58", "elapsed": 109.759843, "delta": 0.114384}}
{"target": -94.49592304455201, "params": {"p_ai": 2.0161053969500373, "p_al": 8.027446895117734, "p_ex": 6.981781631247231, "prior": 9.754105729983317, "rate": 3.8557726961887338}, "datetime": {"datetime": "2024-06-13 01:26:58", "elapsed": 109.874442, "delta": 0.114599}}
{"target": -95.74269573044016, "params": {"p_ai": 4.169858916139606, "p_al": 5.197829460123607, "p_ex": 3.5335312774873016, "prior": 5.4529221972087285, "rate": 8.897635664817782}, "datetime": {"datetime": "2024-06-13 01:26:58", "elapsed": 109.989136, "delta": 0.114694}}
{"target": -110.52792081717551, "params": {"p_ai": 7.305463347346481, "p_al": 2.0659129860558227, "p_ex": 8.001728642806308, "prior": 7.953285322327399, "rate": 7.991110513057933}, "datetime": {"datetime": "2024-06-13 01:26:58", "elapsed": 110.102967, "delta": 0.113831}}
{"target": -88.93490224633304, "params": {"p_ai": 3.168709736973412, "p_al": 6.129902255734795, "p_ex": 6.523257528485796, "prior": 1.203129814105274, "rate": 9.1868342285534}, "datetime": {"datetime": "2024-06-13 01:26:58", "elapsed": 110.219605, "delta": 0.116638}}
{"target": -84.63455442335045, "params": {"p_ai": 3.681989599397955, "p_al": 6.884078859625151, "p_ex": 9.283455455258283, "prior": 6.74904675955315, "rate": 9.38483564986149}, "datetime": {"datetime": "2024-06-13 01:26:58", "elapsed": 110.334299, "delta": 0.114694}}
{"target": -107.70784949711944, "params": {"p_ai": 6.991377462572233, "p_al": 1.709408088343812, "p_ex": 7.289326185240949, "prior": 4.05779575275768, "rate": 3.1864143605046094}, "datetime": {"datetime": "2024-06-13 01:26:58", "elapsed": 110.450987, "delta": 0.116688}}
{"target": -126.83131840632939, "params": {"p_ai": 7.806682064739028, "p_al": 7.905100864498175, "p_ex": 9.4901686447983, "prior": 2.032649766796406, "rate": 5.32711064694857}, "datetime": {"datetime": "2024-06-13 01:26:58", "elapsed": 110.567683, "delta": 0.116696}}
{"target": -136.67354721746779, "params": {"p_ai": 7.7214524638532, "p_al": 5.163972338729523, "p_ex": 2.2886357530249133, "prior": 9.952907622859108, "rate": 8.893309115794231}, "datetime": {"datetime": "2024-06-13 01:26:59", "elapsed": 110.682376, "delta": 0.114693}}
{"target": -95.99966677525285, "params": {"p_ai": 5.77185622802849, "p_al": 5.380940020627867, "p_ex": 8.39992120466477, "prior": 9.146425179600218, "rate": 8.196033971462102}, "datetime": {"datetime": "2024-06-13 01:26:59", "elapsed": 110.796578, "delta": 0.114202}}
{"target": -120.16537189582304, "params": {"p_ai": 4.3286649457508, "p_al": 8.556375691660442, "p_ex": 2.25682771258779, "prior": 5.405620154121501, "rate": 3.1521877359098176}, "datetime": {"datetime": "2024-06-13 01:26:59", "elapsed": 110.911834, "delta": 0.115256}}
{"target": -90.91534366810382, "params": {"p_ai": 1.197225322759513, "p_al": 1.455974015579314, "p_ex": 9.366111572060866, "prior": 1.9507292859870247, "rate": 6.499451382283563}, "datetime": {"datetime": "2024-06-13 01:26:59", "elapsed": 111.02607, "delta": 0.114236}}
{"target": -113.32793035673252, "params": {"p_ai": 2.391972458242885, "p_al": 5.255170257750519, "p_ex": 1.307211406941315, "prior": 2.89611392001835, "rate": 4.005844775951111}, "datetime": {"datetime": "2024-06-13 01:26:59", "elapsed": 111.144458, "delta": 0.118388}}
{"target": -141.0956799115746, "params": {"p_ai": 7.067081063453817, "p_al": 9.0107982835773, "p_ex": 4.28634274271159, "prior": 7.138505863828612, "rate": 1.391725519034242}, "datetime": {"datetime": "2024-06-13 01:26:59", "elapsed": 111.259072, "delta": 0.114614}}
{"target": -88.03779517392753, "params": {"p_ai": 1.0066501696519974, "p_al": 4.481647794143768, "p_ex": 7.605301828565939, "prior": 2.316921225452701, "rate": 8.09151910411932}, "datetime": {"datetime": "2024-06-13 01:26:59", "elapsed": 111.373212, "delta": 0.11414}}
{"target": -86.69205224749965, "params": {"p_ai": 2.5248249478764953, "p_al": 0.838928467976868, "p_ex": 5.130493139683857, "prior": 0.010777103781384231, "rate": 7.081422282546556}, "datetime": {"datetime": "2024-06-13 01:26:59", "elapsed": 111.489078, "delta": 0.115866}}
{"target": -151.32627576966655, "params": {"p_ai": 7.390853426863938, "p_al": 9.73322264344219, "p_ex": 6.631982904080714, "prior": 4.942673042576449, "rate": 0.7371595478477164}, "datetime": {"datetime": "2024-06-13 01:26:59", "elapsed": 111.602774, "delta": 0.113696}}
{"target": -92.48197046323807, "params": {"p_ai": 5.343415976199531, "p_al": 1.4191621099841882, "p_ex": 8.024085235114102, "prior": 5.761912356516914, "rate": 2.1299294622685796}, "datetime": {"datetime": "2024-06-13 01:27:00", "elapsed": 111.727247, "delta": 0.124473}}
{"target": -122.884233440152, "params": {"p_ai": 7.070844731569463, "p_al": 3.3307517606829986, "p_ex": 6.691313025057773, "prior": 7.795731330379866, "rate": 0.8666746108424254}, "datetime": {"datetime": "2024-06-13 01:27:00", "elapsed": 111.842938, "delta": 0.115691}}
{"target": -95.55733577353897, "params": {"p_ai": 5.107053969244893, "p_al": 1.0376399462769927, "p_ex": 6.49496559599607, "prior": 3.155663327191296, "rate": 6.435368403054906}, "datetime": {"datetime": "2024-06-13 01:27:00", "elapsed": 111.957971, "delta": 0.115033}}
{"target": -126.57990886271233, "params": {"p_ai": 0.4864892669021125, "p_al": 8.67009697380327, "p_ex": 4.78211439086565, "prior": 7.9357383330868965, "rate": 2.267143144700332}, "datetime": {"datetime": "2024-06-13 01:27:00", "elapsed": 112.072846, "delta": 0.114875}}
{"target": -85.36124435327258, "params": {"p_ai": 3.3504024487870745, "p_al": 7.637985457191093, "p_ex": 8.534375742625368, "prior": 4.371801524592517, "rate": 9.303392967733627}, "datetime": {"datetime": "2024-06-13 01:27:00", "elapsed": 112.186402, "delta": 0.113556}}
{"target": -104.711831334008, "params": {"p_ai": 5.796563374104747, "p_al": 0.4919257168276211, "p_ex": 4.5291605182121115, "prior": 1.6048400632304824, "rate": 7.3285116447675644}, "datetime": {"datetime": "2024-06-13 01:27:00", "elapsed": 112.301095, "delta": 0.114693}}
{"target": -84.08020585035631, "params": {"p_ai": 3.4741793266387537, "p_al": 2.0125752194218203, "p_ex": 8.428037552609165, "prior": 8.178145521691025, "rate": 3.4371232618649366}, "datetime": {"datetime": "2024-06-13 01:27:00", "elapsed": 112.416786, "delta": 0.115691}}
