{"target": -159.78830575675948, "params": {"gamma": 0.7466661384435471, "prior": 3.766026368361488, "rate": 1.235065179287484}, "datetime": {"datetime": "2024-06-14 12:31:12", "elapsed": 3.609045, "delta": 0.008977}}
{"target": -518.3541502090359, "params": {"gamma": 6.345552644202125, "prior": 4.1978064727211475, "rate": 9.909165409621975}, "datetime": {"datetime": "2024-06-14 12:31:12", "elapsed": 3.618052, "delta": 0.009007}}
{"target": -745.7492791312292, "params": {"gamma": 9.299626280909525, "prior": 1.5774367198665253, "rate": 3.9494277431054683}, "datetime": {"datetime": "2024-06-14 12:31:12", "elapsed": 3.626996, "delta": 0.008944}}
{"target": -377.81396800712866, "params": {"gamma": 4.6163355299129, "prior": 5.6533926757072575, "rate": 7.803854869369396}, "datetime": {"datetime": "2024-06-14 12:31:12", "elapsed": 3.635972, "delta": 0.008976}}
{"target": -376.23407903206896, "params": {"gamma": 4.872451896825164, "prior": 4.257936164901384, "rate": 2.6207350474886373}, "datetime": {"datetime": "2024-06-14 12:31:12", "elapsed": 3.644975, "delta": 0.009003}}
{"target": -818.6006179478983, "params": {"gamma": 9.108150584728497, "prior": 0.32048796417476116, "rate": 8.211397860291427}, "datetime": {"datetime": "2024-06-14 12:31:12", "elapsed": 3.654921, "delta": 0.009946}}
{"target": -199.16113670983643, "params": {"gamma": 1.8854955282645185, "prior": 6.888993301808218, "rate": 3.552738684007098}, "datetime": {"datetime": "2024-06-14 12:31:12", "elapsed": 3.663898, "delta": 0.008977}}
{"target": -753.6672114141313, "params": {"gamma": 9.742152066323019, "prior": 1.3154440815492576, "rate": 1.8765113562797784}, "datetime": {"datetime": "2024-06-14 12:31:12", "elapsed": 3.672873, "delta": 0.008975}}
{"target": -646.2546772419055, "params": {"gamma": 8.894535312169324, "prior": 5.875722514621456, "rate": 3.0931546002031376}, "datetime": {"datetime": "2024-06-14 12:31:12", "elapsed": 3.681849, "delta": 0.008976}}
{"target": -150.41963823137746, "params": {"gamma": 0.008643090396402046, "prior": 2.353217609390305, "rate": 1.4548909380781856}, "datetime": {"datetime": "2024-06-14 12:31:12", "elapsed": 3.690825, "delta": 0.008976}}
{"target": -210.6024992908804, "params": {"gamma": 2.035134809876536, "prior": 8.973593312359645, "rate": 8.731070688318136}, "datetime": {"datetime": "2024-06-14 12:31:12", "elapsed": 3.699802, "delta": 0.008977}}
{"target": -557.2875315156249, "params": {"gamma": 7.0031940868968645, "prior": 4.757926993906869, "rate": 8.271532887320552}, "datetime": {"datetime": "2024-06-14 12:31:12", "elapsed": 3.708778, "delta": 0.008976}}
{"target": -386.419715488648, "params": {"gamma": 4.958768144455039, "prior": 3.698537964520562, "rate": 2.7567554245058266}, "datetime": {"datetime": "2024-06-14 12:31:12", "elapsed": 3.717753, "delta": 0.008975}}
{"target": -710.8761628389228, "params": {"gamma": 9.247483394570178, "prior": 3.931193419137293, "rate": 4.929315853439772}, "datetime": {"datetime": "2024-06-14 12:31:12", "elapsed": 3.726729, "delta": 0.008976}}
{"target": -230.3080400580313, "params": {"gamma": 2.5451265850419067, "prior": 8.861168536496827, "rate": 3.833251304596062}, "datetime": {"datetime": "2024-06-14 12:31:12", "elapsed": 3.735705, "delta": 0.008976}}
{"target": -250.1512861023646, "params": {"gamma": 2.9764495784234386, "prior": 7.2041901257280685, "rate": 1.909508561779902}, "datetime": {"datetime": "2024-06-14 12:31:12", "elapsed": 3.744719, "delta": 0.009014}}
{"target": -172.72178273420076, "params": {"gamma": 1.1828081008410374, "prior": 8.386278043913771, "rate": 7.441615077773983}, "datetime": {"datetime": "2024-06-14 12:31:12", "elapsed": 3.753657, "delta": 0.008938}}
{"target": -487.06890416347125, "params": {"gamma": 5.905614955923525, "prior": 2.5046265921522197, "rate": 6.2328482047306535}, "datetime": {"datetime": "2024-06-14 12:31:12", "elapsed": 3.762633, "delta": 0.008976}}
{"target": -448.9528758103115, "params": {"gamma": 6.383914852090989, "prior": 3.342937496712019, "rate": 0.6758259413323553}, "datetime": {"datetime": "2024-06-14 12:31:12", "elapsed": 3.771609, "delta": 0.008976}}
{"target": -689.8189682378286, "params": {"gamma": 8.805505437045703, "prior": 4.6535716376351575, "rate": 7.638963307946233}, "datetime": {"datetime": "2024-06-14 12:31:12", "elapsed": 3.780586, "delta": 0.008977}}
{"target": -234.42062912224003, "params": {"gamma": 2.539632320806454, "prior": 5.954733104448417, "rate": 4.288522808327629}, "datetime": {"datetime": "2024-06-14 12:31:12", "elapsed": 3.789562, "delta": 0.008976}}
{"target": -329.04508401280594, "params": {"gamma": 3.8216243248488464, "prior": 1.3544625000845356, "rate": 2.4434223654265494}, "datetime": {"datetime": "2024-06-14 12:31:12", "elapsed": 3.799535, "delta": 0.009973}}
{"target": -162.33217653136862, "params": {"gamma": 0.7943364880002312, "prior": 3.098297216704028, "rate": 7.417306297515323}, "datetime": {"datetime": "2024-06-14 12:31:12", "elapsed": 3.808511, "delta": 0.008976}}
{"target": -429.6090959431119, "params": {"gamma": 6.150542233985518, "prior": 6.7568698794458655, "rate": 0.08482241217079087}, "datetime": {"datetime": "2024-06-14 12:31:12", "elapsed": 3.817487, "delta": 0.008976}}
{"target": -496.23817025328214, "params": {"gamma": 6.784091345540948, "prior": 5.081488836374581, "rate": 2.309853596391308}, "datetime": {"datetime": "2024-06-14 12:31:12", "elapsed": 3.826463, "delta": 0.008976}}
{"target": -209.41583870888812, "params": {"gamma": 1.7497901933102402, "prior": 1.9313313589532155, "rate": 8.44275579074591}, "datetime": {"datetime": "2024-06-14 12:31:12", "elapsed": 3.835439, "delta": 0.008976}}
{"target": -694.6392146529947, "params": {"gamma": 9.825915303261548, "prior": 9.146022285932153, "rate": 3.4743468343077555}, "datetime": {"datetime": "2024-06-14 12:31:12", "elapsed": 3.847409, "delta": 0.01197}}
{"target": -610.7904638779465, "params": {"gamma": 7.802465572333946, "prior": 5.509900447944164, "rate": 8.16460753316182}, "datetime": {"datetime": "2024-06-14 12:31:12", "elapsed": 3.858379, "delta": 0.01097}}
{"target": -392.26258175314604, "params": {"gamma": 4.8377857849378705, "prior": 5.9405178531640965, "rate": 7.872847211795091}, "datetime": {"datetime": "2024-06-14 12:31:12", "elapsed": 3.872341, "delta": 0.013962}}
{"target": -166.32411480351104, "params": {"gamma": 1.0032461963882202, "prior": 5.416370456721353, "rate": 3.660467483349873}, "datetime": {"datetime": "2024-06-14 12:31:12", "elapsed": 3.883312, "delta": 0.010971}}
{"target": -443.83504278475294, "params": {"gamma": 6.043464129845054, "prior": 9.592144904806304, "rate": 3.9288366270246278}, "datetime": {"datetime": "2024-06-14 12:31:12", "elapsed": 3.892286, "delta": 0.008974}}
{"target": -320.1680061579239, "params": {"gamma": 3.930337006418223, "prior": 7.927306236537028, "rate": 6.451138912455179}, "datetime": {"datetime": "2024-06-14 12:31:12", "elapsed": 3.90226, "delta": 0.009974}}
{"target": -314.82087684629516, "params": {"gamma": 3.9394461945459094, "prior": 6.920654977479489, "rate": 4.040612088934736}, "datetime": {"datetime": "2024-06-14 12:31:12", "elapsed": 3.911236, "delta": 0.008976}}
{"target": -178.72309107095865, "params": {"gamma": 1.3619954293269727, "prior": 4.561368359854131, "rate": 3.3448595075800287}, "datetime": {"datetime": "2024-06-14 12:31:12", "elapsed": 3.920213, "delta": 0.008977}}
{"target": -215.70351559868118, "params": {"gamma": 2.180471331681618, "prior": 9.265170536200754, "rate": 6.896704351396498}, "datetime": {"datetime": "2024-06-14 12:31:12", "elapsed": 3.92979, "delta": 0.009577}}
{"target": -456.06964486774274, "params": {"gamma": 5.988610085343597, "prior": 7.49190897401775, "rate": 5.420168646652644}, "datetime": {"datetime": "2024-06-14 12:31:12", "elapsed": 3.938765, "delta": 0.008975}}
{"target": -535.4724392751898, "params": {"gamma": 7.005630193122407, "prior": 9.312542210573467, "rate": 8.626304328357714}, "datetime": {"datetime": "2024-06-14 12:31:12", "elapsed": 3.947741, "delta": 0.008976}}
{"target": -188.80055458685894, "params": {"gamma": 1.6752511332077065, "prior": 2.705076336846355, "rate": 0.7170311841386036}, "datetime": {"datetime": "2024-06-14 12:31:12", "elapsed": 3.957715, "delta": 0.009974}}
{"target": -786.9646640184774, "params": {"gamma": 9.786749378778312, "prior": 2.4402025767377182, "rate": 6.6063229609300596}, "datetime": {"datetime": "2024-06-14 12:31:12", "elapsed": 3.966691, "delta": 0.008976}}
{"target": -165.6220392238603, "params": {"gamma": 0.8972173585756926, "prior": 2.1866323266614858, "rate": 5.028741010800528}, "datetime": {"datetime": "2024-06-14 12:31:12", "elapsed": 3.975241, "delta": 0.00855}}
{"target": -169.36640263511543, "params": {"gamma": 1.0504317296309502, "prior": 3.9498466866777715, "rate": 5.3803392136766695}, "datetime": {"datetime": "2024-06-14 12:31:12", "elapsed": 3.985214, "delta": 0.009973}}
{"target": -288.7453975555537, "params": {"gamma": 3.3927026446661146, "prior": 5.603412090153097, "rate": 5.368146451102699}, "datetime": {"datetime": "2024-06-14 12:31:12", "elapsed": 3.99419, "delta": 0.008976}}
{"target": -321.9979144326673, "params": {"gamma": 3.906714376870321, "prior": 6.993073822700919, "rate": 6.785146057525243}, "datetime": {"datetime": "2024-06-14 12:31:12", "elapsed": 4.003166, "delta": 0.008976}}
{"target": -513.1777379414988, "params": {"gamma": 6.8733441905945245, "prior": 5.6587634621138045, "rate": 3.5814410602153455}, "datetime": {"datetime": "2024-06-14 12:31:12", "elapsed": 4.012143, "delta": 0.008977}}
{"target": -462.2140402538368, "params": {"gamma": 6.131510241334756, "prior": 9.363789039421178, "rate": 5.969288360934786}, "datetime": {"datetime": "2024-06-14 12:31:12", "elapsed": 4.022115, "delta": 0.009972}}
{"target": -764.7783206223105, "params": {"gamma": 9.795922153419893, "prior": 4.465965542047824, "rate": 7.39638001311296}, "datetime": {"datetime": "2024-06-14 12:31:12", "elapsed": 4.031092, "delta": 0.008977}}
{"target": -152.84171834415517, "params": {"gamma": 0.3770011826173517, "prior": 7.6707937261048125, "rate": 5.1832975216877974}, "datetime": {"datetime": "2024-06-14 12:31:12", "elapsed": 4.040068, "delta": 0.008976}}
{"target": -150.3001815253898, "params": {"gamma": 0.05416001307807128, "prior": 2.8442810373477254, "rate": 5.348787492965596}, "datetime": {"datetime": "2024-06-14 12:31:12", "elapsed": 4.049044, "delta": 0.008976}}
{"target": -665.2250977769028, "params": {"gamma": 7.679860819934835, "prior": 0.6256166949799984, "rate": 5.490985385061347}, "datetime": {"datetime": "2024-06-14 12:31:12", "elapsed": 4.05802, "delta": 0.008976}}
{"target": -624.6965163952295, "params": {"gamma": 8.010144563427762, "prior": 6.530872243296941, "rate": 9.314538702914113}, "datetime": {"datetime": "2024-06-14 12:31:12", "elapsed": 4.067993, "delta": 0.009973}}
{"target": -161.52148088050765, "params": {"gamma": 0.7482397187025968, "prior": 2.8403839797458077, "rate": 9.192455805057469}, "datetime": {"datetime": "2024-06-14 12:31:12", "elapsed": 4.076969, "delta": 0.008976}}
{"target": -596.8093362665063, "params": {"gamma": 7.650286477833132, "prior": 6.037429410273777, "rate": 8.329848470226867}, "datetime": {"datetime": "2024-06-14 12:31:12", "elapsed": 4.086942, "delta": 0.009973}}
{"target": -680.7418896624657, "params": {"gamma": 8.960538872258445, "prior": 9.729931493242967, "rate": 9.98520655039097}, "datetime": {"datetime": "2024-06-14 12:31:12", "elapsed": 4.095919, "delta": 0.008977}}
{"target": -180.98179855903123, "params": {"gamma": 1.3973536875073507, "prior": 0.7983662429626219, "rate": 0.7355930769468734}, "datetime": {"datetime": "2024-06-14 12:31:12", "elapsed": 4.104894, "delta": 0.008975}}
{"target": -151.58630707497315, "params": {"gamma": 0.14842316520856935, "prior": 9.721018722481467, "rate": 0.9485743976558341}, "datetime": {"datetime": "2024-06-14 12:31:12", "elapsed": 4.114868, "delta": 0.009974}}
{"target": -625.7361208683876, "params": {"gamma": 8.417526525032311, "prior": 6.883212669386226, "rate": 4.876084117661699}, "datetime": {"datetime": "2024-06-14 12:31:12", "elapsed": 4.123844, "delta": 0.008976}}
{"target": -288.4598043693078, "params": {"gamma": 3.4676021187044235, "prior": 3.6011130919633505, "rate": 2.539134984589525}, "datetime": {"datetime": "2024-06-14 12:31:12", "elapsed": 4.13282, "delta": 0.008976}}
{"target": -593.1884212971808, "params": {"gamma": 9.110268719012566, "prior": 7.283861200399203, "rate": 0.2602320020499145}, "datetime": {"datetime": "2024-06-14 12:31:12", "elapsed": 4.141827, "delta": 0.009007}}
{"target": -337.73545456618695, "params": {"gamma": 4.615751011217899, "prior": 2.884882598114433, "rate": 0.2906328955928069}, "datetime": {"datetime": "2024-06-14 12:31:12", "elapsed": 4.150772, "delta": 0.008945}}
{"target": -633.6285247061398, "params": {"gamma": 8.846934261198635, "prior": 7.732953043751355, "rate": 3.298021057363365}, "datetime": {"datetime": "2024-06-14 12:31:12", "elapsed": 4.159748, "delta": 0.008976}}
{"target": -604.4846741759516, "params": {"gamma": 7.965789316779574, "prior": 3.3139193898096666, "rate": 3.0795165557326496}, "datetime": {"datetime": "2024-06-14 12:31:12", "elapsed": 4.168723, "delta": 0.008975}}
{"target": -673.9079065129073, "params": {"gamma": 9.281162675928762, "prior": 9.771470003263916, "rate": 5.236029491864212}, "datetime": {"datetime": "2024-06-14 12:31:12", "elapsed": 4.1777, "delta": 0.008977}}
{"target": -694.5389483209567, "params": {"gamma": 9.519399740511682, "prior": 8.891165289872, "rate": 5.180807583382493}, "datetime": {"datetime": "2024-06-14 12:31:12", "elapsed": 4.186676, "delta": 0.008976}}
{"target": -303.06311398810396, "params": {"gamma": 3.728115272172759, "prior": 7.132510325364133, "rate": 4.5569786029958985}, "datetime": {"datetime": "2024-06-14 12:31:12", "elapsed": 4.195652, "delta": 0.008976}}
{"target": -462.759176243025, "params": {"gamma": 6.052523738337006, "prior": 9.905021349210472, "rate": 7.739388583314729}, "datetime": {"datetime": "2024-06-14 12:31:12", "elapsed": 4.204628, "delta": 0.008976}}
{"target": -297.7570899710071, "params": {"gamma": 3.343429773533269, "prior": 0.9810823861415419, "rate": 1.8498709971938052}, "datetime": {"datetime": "2024-06-14 12:31:12", "elapsed": 4.214601, "delta": 0.009973}}
{"target": -432.40486261926173, "params": {"gamma": 5.2689919070424525, "prior": 4.229313939257894, "rate": 8.006795921634268}, "datetime": {"datetime": "2024-06-14 12:31:12", "elapsed": 4.223577, "delta": 0.008976}}
{"target": -774.7341226396103, "params": {"gamma": 9.332090179528631, "prior": 1.8608610047183507, "rate": 8.600807641991286}, "datetime": {"datetime": "2024-06-14 12:31:12", "elapsed": 4.232553, "delta": 0.008976}}
{"target": -619.7052611901177, "params": {"gamma": 9.57399186834036, "prior": 9.598759007812843, "rate": 0.37958801461658453}, "datetime": {"datetime": "2024-06-14 12:31:12", "elapsed": 4.241529, "delta": 0.008976}}
{"target": -158.78265247384257, "params": {"gamma": 0.576777472576129, "prior": 0.15739418988512105, "rate": 3.127498880398609}, "datetime": {"datetime": "2024-06-14 12:31:12", "elapsed": 4.250505, "delta": 0.008976}}
{"target": -155.5351257597068, "params": {"gamma": 0.5579284287083343, "prior": 3.0092386061583873, "rate": 3.5608088438258343}, "datetime": {"datetime": "2024-06-14 12:31:12", "elapsed": 4.259481, "delta": 0.008976}}
{"target": -695.2987927923058, "params": {"gamma": 9.536816507720744, "prior": 4.821814132619101, "rate": 2.783106185770882}, "datetime": {"datetime": "2024-06-14 12:31:12", "elapsed": 4.268457, "delta": 0.008976}}
{"target": -364.4754771194202, "params": {"gamma": 5.030548945314497, "prior": 6.469243454026442, "rate": 1.1133454800017826}, "datetime": {"datetime": "2024-06-14 12:31:12", "elapsed": 4.277433, "delta": 0.008976}}
{"target": -579.1257440982428, "params": {"gamma": 7.580858519672953, "prior": 8.534263135744226, "rate": 8.442654345834713}, "datetime": {"datetime": "2024-06-14 12:31:12", "elapsed": 4.286409, "delta": 0.008976}}
{"target": -681.5210213129524, "params": {"gamma": 8.905177817288482, "prior": 3.8802397278820355, "rate": 4.438608178466819}, "datetime": {"datetime": "2024-06-14 12:31:12", "elapsed": 4.296384, "delta": 0.009975}}
{"target": -172.19850761396904, "params": {"gamma": 1.0167131779857155, "prior": 2.335488532069228, "rate": 9.713233372262836}, "datetime": {"datetime": "2024-06-14 12:31:12", "elapsed": 4.305358, "delta": 0.008974}}
{"target": -255.70265865016287, "params": {"gamma": 2.8469550657183857, "prior": 9.083221808185874, "rate": 8.905632311496733}, "datetime": {"datetime": "2024-06-14 12:31:12", "elapsed": 4.314335, "delta": 0.008977}}
{"target": -772.2015332935873, "params": {"gamma": 9.225122468106674, "prior": 1.645880687963868, "rate": 8.797341712870308}, "datetime": {"datetime": "2024-06-14 12:31:12", "elapsed": 4.32331, "delta": 0.008975}}
{"target": -503.70132389804604, "params": {"gamma": 6.320317509680909, "prior": 2.1852189663461443, "rate": 3.4518140318860318}, "datetime": {"datetime": "2024-06-14 12:31:12", "elapsed": 4.332286, "delta": 0.008976}}
{"target": -186.09435286129533, "params": {"gamma": 1.6000279671042428, "prior": 4.499046758716659, "rate": 0.8386657635007598}, "datetime": {"datetime": "2024-06-14 12:31:12", "elapsed": 4.341262, "delta": 0.008976}}
{"target": -201.92053511677184, "params": {"gamma": 1.654019586311918, "prior": 2.052243830020026, "rate": 6.910582388225486}, "datetime": {"datetime": "2024-06-14 12:31:12", "elapsed": 4.350239, "delta": 0.008977}}
{"target": -415.12528456714745, "params": {"gamma": 5.738454888784365, "prior": 8.745899026963649, "rate": 2.447096023126362}, "datetime": {"datetime": "2024-06-14 12:31:12", "elapsed": 4.360212, "delta": 0.009973}}
{"target": -560.7657978477608, "params": {"gamma": 6.296449959232413, "prior": 0.4408695265402466, "rate": 5.162468412309614}, "datetime": {"datetime": "2024-06-14 12:31:12", "elapsed": 4.369188, "delta": 0.008976}}
{"target": -570.4047437700815, "params": {"gamma": 8.632401590656782, "prior": 9.842852784460677, "rate": 0.09971988061382621}, "datetime": {"datetime": "2024-06-14 12:31:12", "elapsed": 4.378163, "delta": 0.008975}}
{"target": -226.5691991935339, "params": {"gamma": 2.5291619792860742, "prior": 2.316111736242501, "rate": 0.4763284046833772}, "datetime": {"datetime": "2024-06-14 12:31:12", "elapsed": 4.38714, "delta": 0.008977}}
{"target": -151.18259426565794, "params": {"gamma": 0.10271439016149476, "prior": 4.952933591217894, "rate": 0.4557759745572704}, "datetime": {"datetime": "2024-06-14 12:31:12", "elapsed": 4.396116, "delta": 0.008976}}
{"target": -243.46723202769135, "params": {"gamma": 2.784002980338173, "prior": 6.435748234178231, "rate": 2.9476257235674814}, "datetime": {"datetime": "2024-06-14 12:31:12", "elapsed": 4.405092, "delta": 0.008976}}
{"target": -241.89056423275096, "params": {"gamma": 2.6972773568893555, "prior": 5.946410570211314, "rate": 3.805960238019191}, "datetime": {"datetime": "2024-06-14 12:31:12", "elapsed": 4.414069, "delta": 0.008977}}
{"target": -547.7742558157402, "params": {"gamma": 7.025527816580048, "prior": 5.011627117373624, "rate": 6.33245944879897}, "datetime": {"datetime": "2024-06-14 12:31:12", "elapsed": 4.423044, "delta": 0.008975}}
{"target": -286.2880664108987, "params": {"gamma": 3.5345900756692927, "prior": 2.9417350669395357, "rate": 1.3329379303972684}, "datetime": {"datetime": "2024-06-14 12:31:12", "elapsed": 4.432784, "delta": 0.00974}}
{"target": -716.5102061626314, "params": {"gamma": 9.370866767604843, "prior": 8.067874875556367, "rate": 9.380347403020368}, "datetime": {"datetime": "2024-06-14 12:31:12", "elapsed": 4.44176, "delta": 0.008976}}
{"target": -201.86586667570123, "params": {"gamma": 1.8546198659533752, "prior": 9.338242051949933, "rate": 9.357596323713638}, "datetime": {"datetime": "2024-06-14 12:31:12", "elapsed": 4.450736, "delta": 0.008976}}
{"target": -265.51966942412383, "params": {"gamma": 2.8361615915229414, "prior": 2.8188790593962434, "rate": 5.514764305160052}, "datetime": {"datetime": "2024-06-14 12:31:12", "elapsed": 4.459713, "delta": 0.008977}}
{"target": -196.9048864321683, "params": {"gamma": 1.8537071044461548, "prior": 4.476800995204981, "rate": 1.8539911417309063}, "datetime": {"datetime": "2024-06-14 12:31:12", "elapsed": 4.468688, "delta": 0.008975}}
{"target": -747.5149910632472, "params": {"gamma": 9.473811803621638, "prior": 4.988864109161748, "rate": 9.639213756472554}, "datetime": {"datetime": "2024-06-14 12:31:12", "elapsed": 4.478662, "delta": 0.009974}}
{"target": -520.462520795399, "params": {"gamma": 6.449771783449607, "prior": 4.894726153020617, "rate": 9.676984764366013}, "datetime": {"datetime": "2024-06-14 12:31:12", "elapsed": 4.487638, "delta": 0.008976}}
{"target": -183.00414317454684, "params": {"gamma": 1.4327546273059197, "prior": 6.360065759198316, "rate": 6.6192217900001395}, "datetime": {"datetime": "2024-06-14 12:31:12", "elapsed": 4.496614, "delta": 0.008976}}
{"target": -395.1442850875415, "params": {"gamma": 4.3389644317001075, "prior": 0.6876365308556791, "rate": 4.927733289059168}, "datetime": {"datetime": "2024-06-14 12:31:12", "elapsed": 4.50559, "delta": 0.008976}}
{"target": -349.3754332550463, "params": {"gamma": 4.651874301237257, "prior": 8.08679342667115, "rate": 2.5673532385398095}, "datetime": {"datetime": "2024-06-14 12:31:12", "elapsed": 4.514566, "delta": 0.008976}}
{"target": -344.5618387104516, "params": {"gamma": 3.914912199479702, "prior": 2.4777048514916347, "rate": 6.864747708308469}, "datetime": {"datetime": "2024-06-14 12:31:13", "elapsed": 4.523542, "delta": 0.008976}}
{"target": -818.0721496868194, "params": {"gamma": 9.898844649917818, "prior": 1.856552414995793, "rate": 8.214645955522746}, "datetime": {"datetime": "2024-06-14 12:31:13", "elapsed": 4.532518, "delta": 0.008976}}
