{"target": -146.59324443889727, "params": {"gamma": 0.311939657480023, "prior": 5.754639817943711, "rate": 1.8055046214421606}, "datetime": {"datetime": "2024-06-14 19:13:28", "elapsed": 2.773706, "delta": 0.008976}}
{"target": -294.6016501015555, "params": {"gamma": 6.309961044194965, "prior": 9.811144389930757, "rate": 8.749150609572597}, "datetime": {"datetime": "2024-06-14 19:13:28", "elapsed": 2.782682, "delta": 0.008976}}
{"target": -233.1259886384889, "params": {"gamma": 4.518910657959286, "prior": 7.113762613512001, "rate": 7.77491003128189}, "datetime": {"datetime": "2024-06-14 19:13:28", "elapsed": 2.79141, "delta": 0.008728}}
{"target": -222.51859940235383, "params": {"gamma": 4.9489359987414545, "prior": 5.332481552757894, "rate": 1.5086931993235537}, "datetime": {"datetime": "2024-06-14 19:13:28", "elapsed": 2.800386, "delta": 0.008976}}
{"target": -230.57965570109266, "params": {"gamma": 3.6946298561934507, "prior": 1.5079904054205882, "rate": 7.269210639692282}, "datetime": {"datetime": "2024-06-14 19:13:28", "elapsed": 2.809362, "delta": 0.008976}}
{"target": -257.833375077635, "params": {"gamma": 4.770652931028231, "prior": 4.543900483396978, "rate": 8.860093713682348}, "datetime": {"datetime": "2024-06-14 19:13:28", "elapsed": 2.818339, "delta": 0.008977}}
{"target": -247.3747074446345, "params": {"gamma": 5.2766601043433035, "prior": 4.149999235976913, "rate": 2.6896513301042457}, "datetime": {"datetime": "2024-06-14 19:13:28", "elapsed": 2.827314, "delta": 0.008975}}
{"target": -142.2275377667824, "params": {"gamma": 0.7210483396625298, "prior": 4.239547723880626, "rate": 0.25850907058342715}, "datetime": {"datetime": "2024-06-14 19:13:28", "elapsed": 2.83629, "delta": 0.008976}}
{"target": -185.80578190437836, "params": {"gamma": 2.912248251583728, "prior": 5.084744147499125, "rate": 9.659364717132203}, "datetime": {"datetime": "2024-06-14 19:13:28", "elapsed": 2.845266, "delta": 0.008976}}
{"target": -142.7785625859536, "params": {"gamma": 1.0947197590216522, "prior": 6.7631064367445575, "rate": 4.999823778620901}, "datetime": {"datetime": "2024-06-14 19:13:28", "elapsed": 2.854242, "delta": 0.008976}}
{"target": -329.4413575999416, "params": {"gamma": 7.771205194528555, "prior": 1.521709278954672, "rate": 0.8329431617223197}, "datetime": {"datetime": "2024-06-14 19:13:28", "elapsed": 2.863218, "delta": 0.008976}}
{"target": -194.47875651174328, "params": {"gamma": 3.9927868349191855, "prior": 7.989926294601011, "rate": 1.917565713359991}, "datetime": {"datetime": "2024-06-14 19:13:28", "elapsed": 2.872194, "delta": 0.008976}}
{"target": -338.2786246933103, "params": {"gamma": 7.678004144280593, "prior": 2.9739501709124956, "rate": 2.1696979846303415}, "datetime": {"datetime": "2024-06-14 19:13:28", "elapsed": 2.880173, "delta": 0.007979}}
{"target": -149.11238823331612, "params": {"gamma": 0.1681391751809873, "prior": 4.046724693231549, "rate": 3.8114338314432303}, "datetime": {"datetime": "2024-06-14 19:13:28", "elapsed": 2.889149, "delta": 0.008976}}
{"target": -336.3553977414095, "params": {"gamma": 6.593790017017453, "prior": 0.8020921646568335, "rate": 1.5268872664356763}, "datetime": {"datetime": "2024-06-14 19:13:28", "elapsed": 2.898125, "delta": 0.008976}}
{"target": -149.38357315872733, "params": {"gamma": 0.16674225312644053, "prior": 1.2265839288293277, "rate": 6.518240970824895}, "datetime": {"datetime": "2024-06-14 19:13:28", "elapsed": 2.907101, "delta": 0.008976}}
{"target": -224.50763953829767, "params": {"gamma": 4.027165864897017, "prior": 3.278160510256427, "rate": 5.579562030443482}, "datetime": {"datetime": "2024-06-14 19:13:28", "elapsed": 2.916077, "delta": 0.008976}}
{"target": -432.9035291804778, "params": {"gamma": 9.9346111705354, "prior": 8.361416488778493, "rate": 6.99653220081344}, "datetime": {"datetime": "2024-06-14 19:13:28", "elapsed": 2.925053, "delta": 0.008976}}
{"target": -435.9710910137862, "params": {"gamma": 9.182667632731448, "prior": 0.4933141961625397, "rate": 0.7042640827136369}, "datetime": {"datetime": "2024-06-14 19:13:28", "elapsed": 2.934029, "delta": 0.008976}}
{"target": -264.4736086685245, "params": {"gamma": 4.740588893590559, "prior": 3.5567573882750656, "rate": 9.37258336922236}, "datetime": {"datetime": "2024-06-14 19:13:28", "elapsed": 2.943005, "delta": 0.008976}}
{"target": -258.39681332010144, "params": {"gamma": 4.896160046490541, "prior": 5.442526189924171, "rate": 8.952708396946477}, "datetime": {"datetime": "2024-06-14 19:13:28", "elapsed": 2.951981, "delta": 0.008976}}
{"target": -208.86638273056533, "params": {"gamma": 4.466903823191082, "prior": 8.782640453776484, "rate": 2.536563911966912}, "datetime": {"datetime": "2024-06-14 19:13:28", "elapsed": 2.960957, "delta": 0.008976}}
{"target": -178.36856471843203, "params": {"gamma": 2.7388232318769274, "prior": 3.3507777618671426, "rate": 5.476095140539054}, "datetime": {"datetime": "2024-06-14 19:13:28", "elapsed": 2.969933, "delta": 0.008976}}
{"target": -152.97990109304945, "params": {"gamma": 2.2020666115957854, "prior": 6.747148793704605, "rate": 1.4287900347472011}, "datetime": {"datetime": "2024-06-14 19:13:28", "elapsed": 2.978909, "delta": 0.008976}}
{"target": -141.58329582032945, "params": {"gamma": 0.9419086447218946, "prior": 8.714898287433238, "rate": 2.3694501668664283}, "datetime": {"datetime": "2024-06-14 19:13:28", "elapsed": 2.987885, "delta": 0.008976}}
{"target": -206.26879666938387, "params": {"gamma": 3.8606541062149327, "prior": 5.758266717980789, "rate": 5.258493897544749}, "datetime": {"datetime": "2024-06-14 19:13:28", "elapsed": 2.996889, "delta": 0.009004}}
{"target": -143.180450395449, "params": {"gamma": 0.7611627705416266, "prior": 8.75384676242048, "rate": 9.511405048568502}, "datetime": {"datetime": "2024-06-14 19:13:28", "elapsed": 3.005836, "delta": 0.008947}}
{"target": -402.88958756902963, "params": {"gamma": 8.125260534442543, "prior": 2.9096381659740556, "rate": 5.278940114383477}, "datetime": {"datetime": "2024-06-14 19:13:28", "elapsed": 3.014813, "delta": 0.008977}}
{"target": -201.28392412570778, "params": {"gamma": 3.394827823452077, "prior": 5.5912063767979, "rate": 9.744060285661112}, "datetime": {"datetime": "2024-06-14 19:13:28", "elapsed": 3.023789, "delta": 0.008976}}
{"target": -176.13205299617584, "params": {"gamma": 3.1177174742720952, "prior": 6.72108639863641, "rate": 3.26034610588255}, "datetime": {"datetime": "2024-06-14 19:13:28", "elapsed": 3.032765, "delta": 0.008976}}
{"target": -404.9644889892335, "params": {"gamma": 7.744998182884782, "prior": 3.325518669470728, "rate": 8.898383587132303}, "datetime": {"datetime": "2024-06-14 19:13:28", "elapsed": 3.041741, "delta": 0.008976}}
{"target": -324.9845444739052, "params": {"gamma": 7.51732550147175, "prior": 7.650057744906595, "rate": 4.695320806570698}, "datetime": {"datetime": "2024-06-14 19:13:28", "elapsed": 3.050717, "delta": 0.008976}}
{"target": -171.2830716717998, "params": {"gamma": 2.108434260184585, "prior": 0.5106032878073389, "rate": 3.218966170902475}, "datetime": {"datetime": "2024-06-14 19:13:28", "elapsed": 3.059693, "delta": 0.008976}}
{"target": -146.01499549896002, "params": {"gamma": 0.3720895322754502, "prior": 6.969168572601607, "rate": 6.703829969329749}, "datetime": {"datetime": "2024-06-14 19:13:28", "elapsed": 3.068668, "delta": 0.008975}}
{"target": -216.12014361133458, "params": {"gamma": 4.305287355667006, "prior": 7.701110878815912, "rate": 5.360548938900898}, "datetime": {"datetime": "2024-06-14 19:13:28", "elapsed": 3.077645, "delta": 0.008977}}
{"target": -145.83754957896838, "params": {"gamma": 0.3995594064278903, "prior": 1.4344518678107228, "rate": 1.9349705737501688}, "datetime": {"datetime": "2024-06-14 19:13:28", "elapsed": 3.086189, "delta": 0.008544}}
{"target": -226.0436397281192, "params": {"gamma": 3.357302347845333, "prior": 0.6178981697310199, "rate": 6.051562688223163}, "datetime": {"datetime": "2024-06-14 19:13:28", "elapsed": 3.095165, "delta": 0.008976}}
{"target": -243.74374642273824, "params": {"gamma": 5.121098214211664, "prior": 6.212864018969845, "rate": 4.324123592048677}, "datetime": {"datetime": "2024-06-14 19:13:28", "elapsed": 3.104142, "delta": 0.008977}}
{"target": -311.2366435296562, "params": {"gamma": 8.47715698190614, "prior": 4.595184654985598, "rate": 0.15501979439941704}, "datetime": {"datetime": "2024-06-14 19:13:28", "elapsed": 3.113135, "delta": 0.008993}}
{"target": -408.37133297937027, "params": {"gamma": 8.730808416322548, "prior": 6.596395322666579, "rate": 8.23020740344406}, "datetime": {"datetime": "2024-06-14 19:13:28", "elapsed": 3.122093, "delta": 0.008958}}
{"target": -512.9874722173033, "params": {"gamma": 9.517805154645483, "prior": 0.6040325968171834, "rate": 2.3514835690460547}, "datetime": {"datetime": "2024-06-14 19:13:28", "elapsed": 3.131605, "delta": 0.009512}}
{"target": -144.36080936168884, "params": {"gamma": 0.6343710911199417, "prior": 4.274413071721264, "rate": 8.638427625869019}, "datetime": {"datetime": "2024-06-14 19:13:28", "elapsed": 3.139579, "delta": 0.007974}}
{"target": -141.86886445434374, "params": {"gamma": 0.817158203167966, "prior": 4.783808333570197, "rate": 1.2563055549774276}, "datetime": {"datetime": "2024-06-14 19:13:28", "elapsed": 3.149553, "delta": 0.009974}}
{"target": -291.18491367493345, "params": {"gamma": 7.729083136069011, "prior": 8.43007935227885, "rate": 0.4338660909233998}, "datetime": {"datetime": "2024-06-14 19:13:28", "elapsed": 3.158528, "delta": 0.008975}}
{"target": -279.91073634143817, "params": {"gamma": 4.864920990960778, "prior": 2.470169336963784, "rate": 9.5247853431509}, "datetime": {"datetime": "2024-06-14 19:13:28", "elapsed": 3.167504, "delta": 0.008976}}
{"target": -453.5376140687946, "params": {"gamma": 9.438982385210178, "prior": 6.1779466236085385, "rate": 9.734900485854638}, "datetime": {"datetime": "2024-06-14 19:13:28", "elapsed": 3.176481, "delta": 0.008977}}
{"target": -185.0474837250721, "params": {"gamma": 3.4492685758187935, "prior": 8.98872210491005, "rate": 4.346515139111687}, "datetime": {"datetime": "2024-06-14 19:13:28", "elapsed": 3.185456, "delta": 0.008975}}
{"target": -160.5727638008857, "params": {"gamma": 2.35891055683799, "prior": 9.414196835693854, "rate": 6.842496291781293}, "datetime": {"datetime": "2024-06-14 19:13:28", "elapsed": 3.194433, "delta": 0.008977}}
{"target": -143.34639236485023, "params": {"gamma": 0.6500509418059542, "prior": 8.717206082548355, "rate": 7.01410156603883}, "datetime": {"datetime": "2024-06-14 19:13:28", "elapsed": 3.206401, "delta": 0.011968}}
{"target": -258.6286282608161, "params": {"gamma": 6.049663802869843, "prior": 7.350511501875372, "rate": 2.535136985955308}, "datetime": {"datetime": "2024-06-14 19:13:28", "elapsed": 3.215376, "delta": 0.008975}}
{"target": -244.84698406367016, "params": {"gamma": 6.00528906379017, "prior": 8.164729894490387, "rate": 0.542082489579675}, "datetime": {"datetime": "2024-06-14 19:13:28", "elapsed": 3.224353, "delta": 0.008977}}
{"target": -143.96631098415327, "params": {"gamma": 1.3059762027213204, "prior": 8.440213518568495, "rate": 6.183840347409528}, "datetime": {"datetime": "2024-06-14 19:13:28", "elapsed": 3.233358, "delta": 0.009005}}
{"target": -264.7361678530187, "params": {"gamma": 5.3133468170001, "prior": 2.558078217071276, "rate": 2.9514906739197095}, "datetime": {"datetime": "2024-06-14 19:13:28", "elapsed": 3.242334, "delta": 0.008976}}
{"target": -324.73852760618666, "params": {"gamma": 8.726988963029699, "prior": 4.274492755012122, "rate": 0.6452381255404884}, "datetime": {"datetime": "2024-06-14 19:13:28", "elapsed": 3.251281, "delta": 0.008947}}
{"target": -485.12508582462345, "params": {"gamma": 8.969953710006317, "prior": 2.1134702449581058, "rate": 8.262449127388422}, "datetime": {"datetime": "2024-06-14 19:13:28", "elapsed": 3.260257, "delta": 0.008976}}
{"target": -410.5771934148725, "params": {"gamma": 8.81782446020499, "prior": 4.918832373701547, "rate": 5.98504846635326}, "datetime": {"datetime": "2024-06-14 19:13:28", "elapsed": 3.269233, "delta": 0.008976}}
{"target": -268.15404734580625, "params": {"gamma": 5.273147297397685, "prior": 6.28573081243644, "rate": 8.550562171752167}, "datetime": {"datetime": "2024-06-14 19:13:28", "elapsed": 3.278209, "delta": 0.008976}}
{"target": -170.79925078183558, "params": {"gamma": 2.8221123446002014, "prior": 8.849179530987948, "rate": 5.677335610861374}, "datetime": {"datetime": "2024-06-14 19:13:28", "elapsed": 3.287184, "delta": 0.008975}}
{"target": -146.34422877846177, "params": {"gamma": 1.151915306628067, "prior": 2.347311535625114, "rate": 5.960227873744525}, "datetime": {"datetime": "2024-06-14 19:13:28", "elapsed": 3.296161, "delta": 0.008977}}
{"target": -165.11176770612002, "params": {"gamma": 2.395222922809899, "prior": 1.4010150393208598, "rate": 1.6193152935242277}, "datetime": {"datetime": "2024-06-14 19:13:28", "elapsed": 3.305137, "delta": 0.008976}}
{"target": -410.09786315501367, "params": {"gamma": 8.448880309839154, "prior": 6.061618173537837, "rate": 9.635707304796231}, "datetime": {"datetime": "2024-06-14 19:13:28", "elapsed": 3.314113, "delta": 0.008976}}
{"target": -194.48214547575708, "params": {"gamma": 3.4574464537469587, "prior": 5.996688471536002, "rate": 5.9902539044452245}, "datetime": {"datetime": "2024-06-14 19:13:28", "elapsed": 3.323089, "delta": 0.008976}}
{"target": -375.3659216392812, "params": {"gamma": 6.157427167752284, "prior": 0.6858543511386517, "rate": 7.503421528562285}, "datetime": {"datetime": "2024-06-14 19:13:28", "elapsed": 3.332065, "delta": 0.008976}}
{"target": -370.58072499797316, "params": {"gamma": 9.482146772378064, "prior": 5.393322666077928, "rate": 1.926367653529729}, "datetime": {"datetime": "2024-06-14 19:13:28", "elapsed": 3.34104, "delta": 0.008975}}
{"target": -472.3238133107977, "params": {"gamma": 7.529506223884443, "prior": 0.17245779634585162, "rate": 3.2832327804041577}, "datetime": {"datetime": "2024-06-14 19:13:28", "elapsed": 3.350017, "delta": 0.008977}}
{"target": -436.37324408628484, "params": {"gamma": 9.176145870096288, "prior": 5.92483659564938, "rate": 8.55204764875745}, "datetime": {"datetime": "2024-06-14 19:13:28", "elapsed": 3.359989, "delta": 0.009972}}
{"target": -290.89160228163223, "params": {"gamma": 6.047115851439529, "prior": 8.243523709986324, "rate": 8.79495575076974}, "datetime": {"datetime": "2024-06-14 19:13:28", "elapsed": 3.369002, "delta": 0.009013}}
{"target": -211.43877656803264, "params": {"gamma": 3.210542758870008, "prior": 1.3172522383665672, "rate": 7.213312138521522}, "datetime": {"datetime": "2024-06-14 19:13:28", "elapsed": 3.377942, "delta": 0.00894}}
{"target": -261.08937399489594, "params": {"gamma": 4.404030521225552, "prior": 1.3546835205058854, "rate": 5.898646657450783}, "datetime": {"datetime": "2024-06-14 19:13:28", "elapsed": 3.386918, "delta": 0.008976}}
{"target": -146.7527144956916, "params": {"gamma": 0.36164707738402946, "prior": 2.0818029524687707, "rate": 7.883223595490022}, "datetime": {"datetime": "2024-06-14 19:13:28", "elapsed": 3.395894, "delta": 0.008976}}
{"target": -149.8777206351151, "params": {"gamma": 0.12195550339356331, "prior": 3.1031221499148343, "rate": 0.2147382349196191}, "datetime": {"datetime": "2024-06-14 19:13:28", "elapsed": 3.40487, "delta": 0.008976}}
{"target": -403.54748645074994, "params": {"gamma": 9.974852442290567, "prior": 5.862096765800271, "rate": 2.93446940858208}, "datetime": {"datetime": "2024-06-14 19:13:28", "elapsed": 3.413846, "delta": 0.008976}}
{"target": -411.030980750221, "params": {"gamma": 9.289565669469264, "prior": 5.120482293127225, "rate": 4.547467583296517}, "datetime": {"datetime": "2024-06-14 19:13:28", "elapsed": 3.422822, "delta": 0.008976}}
{"target": -286.12461209728656, "params": {"gamma": 5.879127191455569, "prior": 2.7149626776846394, "rate": 3.0535777051749857}, "datetime": {"datetime": "2024-06-14 19:13:28", "elapsed": 3.430801, "delta": 0.007979}}
{"target": -218.511477385827, "params": {"gamma": 3.7171741126651003, "prior": 2.520035193778948, "rate": 5.845888113900182}, "datetime": {"datetime": "2024-06-14 19:13:28", "elapsed": 3.439777, "delta": 0.008976}}
{"target": -423.3054277760497, "params": {"gamma": 6.958765493189333, "prior": 0.8122774796236112, "rate": 9.710862112935013}, "datetime": {"datetime": "2024-06-14 19:13:28", "elapsed": 3.448753, "delta": 0.008976}}
{"target": -343.75400255403537, "params": {"gamma": 7.53095348803868, "prior": 8.081015313238742, "rate": 7.516652400408825}, "datetime": {"datetime": "2024-06-14 19:13:28", "elapsed": 3.458726, "delta": 0.009973}}
{"target": -142.8666287634533, "params": {"gamma": 0.8015297117349018, "prior": 4.868793201909653, "rate": 4.457283891060159}, "datetime": {"datetime": "2024-06-14 19:13:28", "elapsed": 3.467702, "delta": 0.008976}}
{"target": -333.5191045163707, "params": {"gamma": 6.725054032598774, "prior": 4.5424988623607865, "rate": 7.043429670440712}, "datetime": {"datetime": "2024-06-14 19:13:28", "elapsed": 3.476678, "delta": 0.008976}}
{"target": -313.67670686308264, "params": {"gamma": 6.816771730688627, "prior": 7.001770434652286, "rate": 6.186388824872803}, "datetime": {"datetime": "2024-06-14 19:13:28", "elapsed": 3.485654, "delta": 0.008976}}
{"target": -147.10717542096546, "params": {"gamma": 1.5106563520631782, "prior": 7.631944317426985, "rate": 7.810677176117377}, "datetime": {"datetime": "2024-06-14 19:13:28", "elapsed": 3.49463, "delta": 0.008976}}
{"target": -390.1152905873568, "params": {"gamma": 9.041125756152136, "prior": 2.414310056780649, "rate": 1.7676122518303419}, "datetime": {"datetime": "2024-06-14 19:13:28", "elapsed": 3.506777, "delta": 0.012147}}
{"target": -227.73899531515264, "params": {"gamma": 3.9116001319445175, "prior": 3.2735900745520863, "rate": 8.154953813127257}, "datetime": {"datetime": "2024-06-14 19:13:28", "elapsed": 3.517747, "delta": 0.01097}}
{"target": -273.11205404355695, "params": {"gamma": 6.135645470784649, "prior": 7.624017348262513, "rate": 4.277223331869946}, "datetime": {"datetime": "2024-06-14 19:13:28", "elapsed": 3.526723, "delta": 0.008976}}
{"target": -145.52870333910673, "params": {"gamma": 0.9953061885929767, "prior": 1.238846619297438, "rate": 3.734697910240216}, "datetime": {"datetime": "2024-06-14 19:13:28", "elapsed": 3.535699, "delta": 0.008976}}
{"target": -152.15059598029703, "params": {"gamma": 1.939283827327562, "prior": 8.225390336367088, "rate": 5.996760448228745}, "datetime": {"datetime": "2024-06-14 19:13:28", "elapsed": 3.544675, "delta": 0.008976}}
{"target": -273.7257752962935, "params": {"gamma": 6.888763744927632, "prior": 4.9619886169125325, "rate": 0.8826486387405684}, "datetime": {"datetime": "2024-06-14 19:13:28", "elapsed": 3.553651, "delta": 0.008976}}
{"target": -157.47275925738109, "params": {"gamma": 2.351541289225017, "prior": 4.669860600827058, "rate": 1.9867164390362086}, "datetime": {"datetime": "2024-06-14 19:13:28", "elapsed": 3.562627, "delta": 0.008976}}
{"target": -147.65716866988933, "params": {"gamma": 0.2557368815524242, "prior": 7.321037212735911, "rate": 7.249442555443973}, "datetime": {"datetime": "2024-06-14 19:13:28", "elapsed": 3.571603, "delta": 0.008976}}
{"target": -181.51375701844427, "params": {"gamma": 3.304587071870666, "prior": 8.45059184803019, "rate": 4.284996317034784}, "datetime": {"datetime": "2024-06-14 19:13:28", "elapsed": 3.580579, "delta": 0.008976}}
{"target": -384.98846742508505, "params": {"gamma": 8.64699676149058, "prior": 6.604947703766606, "rate": 5.810775538523484}, "datetime": {"datetime": "2024-06-14 19:13:28", "elapsed": 3.589555, "delta": 0.008976}}
{"target": -158.73219327249242, "params": {"gamma": 2.008074152862875, "prior": 5.342511443736109, "rate": 8.944429751857296}, "datetime": {"datetime": "2024-06-14 19:13:28", "elapsed": 3.598531, "delta": 0.008976}}
{"target": -182.33965400322228, "params": {"gamma": 3.0506347643763254, "prior": 8.722361530694428, "rate": 9.087543983311022}, "datetime": {"datetime": "2024-06-14 19:13:28", "elapsed": 3.608504, "delta": 0.009973}}
{"target": -193.43794410275564, "params": {"gamma": 3.2991157822561417, "prior": 6.862436226731985, "rate": 8.992310274710121}, "datetime": {"datetime": "2024-06-14 19:13:28", "elapsed": 3.61748, "delta": 0.008976}}
{"target": -142.08181853582028, "params": {"gamma": 0.7578931207012753, "prior": 8.798019845727227, "rate": 1.9092027933215376}, "datetime": {"datetime": "2024-06-14 19:13:28", "elapsed": 3.626456, "delta": 0.008976}}
{"target": -352.44624841437485, "params": {"gamma": 8.497839331269288, "prior": 6.704476008122119, "rate": 3.4440476153050885}, "datetime": {"datetime": "2024-06-14 19:13:28", "elapsed": 3.634435, "delta": 0.007979}}
{"target": -148.23654982530493, "params": {"gamma": 1.5146043243579972, "prior": 6.390172518735689, "rate": 8.478032649103701}, "datetime": {"datetime": "2024-06-14 19:13:28", "elapsed": 3.644408, "delta": 0.009973}}
{"target": -397.2317970003361, "params": {"gamma": 8.218671898265342, "prior": 6.319572011593512, "rate": 9.563058796042565}, "datetime": {"datetime": "2024-06-14 19:13:28", "elapsed": 3.653384, "delta": 0.008976}}
{"target": -308.90917545357047, "params": {"gamma": 5.899641347630623, "prior": 2.058544568014401, "rate": 4.293877895442307}, "datetime": {"datetime": "2024-06-14 19:13:28", "elapsed": 3.66236, "delta": 0.008976}}
{"target": -180.89221668227196, "params": {"gamma": 3.3681232410129716, "prior": 9.920255617882082, "rate": 3.8029847246765303}, "datetime": {"datetime": "2024-06-14 19:13:28", "elapsed": 3.671338, "delta": 0.008978}}
{"target": -381.9058585769895, "params": {"gamma": 9.927016035774514, "prior": 5.2361620822608, "rate": 1.7236247350697775}, "datetime": {"datetime": "2024-06-14 19:13:29", "elapsed": 3.680818, "delta": 0.00948}}
