{"target": -779.3887231294656, "params": {"gamma": 7.739388583314729, "lr": 0.33427640499382627}, "datetime": {"datetime": "2024-06-13 19:11:57", "elapsed": 2.489896, "delta": 0.002991}}
{"target": -169.7069608193221, "params": {"gamma": 0.8908932100029573, "lr": 0.18490559027840836}, "datetime": {"datetime": "2024-06-13 19:11:57", "elapsed": 2.493885, "delta": 0.003989}}
{"target": -512.7649925286125, "params": {"gamma": 5.2689919070424525, "lr": 0.417102418106858}, "datetime": {"datetime": "2024-06-13 19:11:57", "elapsed": 2.497875, "delta": 0.00399}}
{"target": -1310.5514566917586, "params": {"gamma": 8.006795921634268, "lr": 0.9332023381866817}, "datetime": {"datetime": "2024-06-13 19:11:57", "elapsed": 2.500868, "delta": 0.002993}}
{"target": -306.24897092434867, "params": {"gamma": 1.779469614765534, "lr": 0.8600667708762162}, "datetime": {"datetime": "2024-06-13 19:11:57", "elapsed": 2.504856, "delta": 0.003988}}
{"target": -1563.58166339369, "params": {"gamma": 9.57399186834036, "lr": 0.9594706068497821}, "datetime": {"datetime": "2024-06-13 19:11:57", "elapsed": 2.508846, "delta": 0.00399}}
{"target": -149.73845428484273, "params": {"gamma": 0.37958801461658453, "lr": 0.05758350560817371}, "datetime": {"datetime": "2024-06-13 19:11:57", "elapsed": 2.512835, "delta": 0.003989}}
{"target": -140.1151829628245, "params": {"gamma": 0.05896813178397224, "lr": 0.3126811561554764}, "datetime": {"datetime": "2024-06-13 19:11:57", "elapsed": 2.516825, "delta": 0.00399}}
{"target": -128.02391344418425, "params": {"gamma": 0.5579284287083343, "lr": 0.29386248547054417}, "datetime": {"datetime": "2024-06-13 19:11:57", "elapsed": 2.519817, "delta": 0.002992}}
{"target": -594.7925662011686, "params": {"gamma": 3.5608088438258343, "lr": 0.9536770184739218}, "datetime": {"datetime": "2024-06-13 19:11:57", "elapsed": 2.523806, "delta": 0.003989}}
{"target": -514.1376060271093, "params": {"gamma": 4.770032273945294, "lr": 0.27823844242133033}, "datetime": {"datetime": "2024-06-13 19:11:57", "elapsed": 2.527795, "delta": 0.003989}}
{"target": -552.4151129721652, "params": {"gamma": 5.030548945314497, "lr": 0.6433579246491355}, "datetime": {"datetime": "2024-06-13 19:11:57", "elapsed": 2.530787, "delta": 0.002992}}
{"target": -190.6474780699436, "params": {"gamma": 1.1133454800017826, "lr": 0.7580616581331086}, "datetime": {"datetime": "2024-06-13 19:11:57", "elapsed": 2.534776, "delta": 0.003989}}
{"target": -1309.5576474253985, "params": {"gamma": 8.519605767101668, "lr": 0.8442498595694283}, "datetime": {"datetime": "2024-06-13 19:11:57", "elapsed": 2.538766, "delta": 0.00399}}
{"target": -881.443713774891, "params": {"gamma": 8.905177817288482, "lr": 0.38184239675576115}, "datetime": {"datetime": "2024-06-13 19:11:57", "elapsed": 2.542755, "delta": 0.003989}}
{"target": -761.0051236998654, "params": {"gamma": 4.438608178466819, "lr": 0.10158147594616618}, "datetime": {"datetime": "2024-06-13 19:11:57", "elapsed": 2.545747, "delta": 0.002992}}
{"target": -389.3806209544409, "params": {"gamma": 2.25884341738992, "lr": 0.971320469273211}, "datetime": {"datetime": "2024-06-13 19:11:57", "elapsed": 2.549737, "delta": 0.00399}}
{"target": -472.7428592072671, "params": {"gamma": 2.8469550657183857, "lr": 0.9073961422409973}, "datetime": {"datetime": "2024-06-13 19:11:57", "elapsed": 2.553726, "delta": 0.003989}}
{"target": -1455.6645606718719, "params": {"gamma": 8.905632311496733, "lr": 0.9225044972603934}, "datetime": {"datetime": "2024-06-13 19:11:57", "elapsed": 2.556718, "delta": 0.002992}}
{"target": -275.46661660603434, "params": {"gamma": 1.5623394948435068, "lr": 0.8797221435013809}, "datetime": {"datetime": "2024-06-13 19:11:57", "elapsed": 2.560707, "delta": 0.003989}}
{"target": -754.4937937002634, "params": {"gamma": 6.320317509680909, "lr": 0.21062817841880244}, "datetime": {"datetime": "2024-06-13 19:11:57", "elapsed": 2.564696, "delta": 0.003989}}
{"target": -498.22594164283004, "params": {"gamma": 3.4518140318860318, "lr": 0.1599187885892832}, "datetime": {"datetime": "2024-06-13 19:11:57", "elapsed": 2.567689, "delta": 0.002993}}
{"target": -821.916702055301, "params": {"gamma": 4.444037226303826, "lr": 0.08377495384546052}, "datetime": {"datetime": "2024-06-13 19:11:57", "elapsed": 2.571678, "delta": 0.003989}}
{"target": -253.89578688095233, "params": {"gamma": 1.654019586311918, "lr": 0.19719634646666928}, "datetime": {"datetime": "2024-06-13 19:11:57", "elapsed": 2.575667, "delta": 0.003989}}
{"target": -751.6702594566746, "params": {"gamma": 6.910582388225486, "lr": 0.573802869165353}, "datetime": {"datetime": "2024-06-13 19:11:57", "elapsed": 2.579656, "delta": 0.003989}}
{"target": -1067.8851976315798, "params": {"gamma": 8.733358017233284, "lr": 0.2446340657192081}, "datetime": {"datetime": "2024-06-13 19:11:57", "elapsed": 2.582648, "delta": 0.002992}}
{"target": -1223.687645750498, "params": {"gamma": 6.296449959232413, "lr": 0.034431265307095615}, "datetime": {"datetime": "2024-06-13 19:11:57", "elapsed": 2.586638, "delta": 0.00399}}
{"target": -817.3959745500368, "params": {"gamma": 5.162468412309614, "lr": 0.8632264817138495}, "datetime": {"datetime": "2024-06-13 19:11:57", "elapsed": 2.590627, "delta": 0.003989}}
{"target": -1891.8203498846422, "params": {"gamma": 9.841281312305282, "lr": 0.009872975358918512}, "datetime": {"datetime": "2024-06-13 19:11:57", "elapsed": 2.594616, "delta": 0.003989}}
{"target": -322.43031603109307, "params": {"gamma": 2.5291619792860742, "lr": 0.22384967032752534}, "datetime": {"datetime": "2024-06-13 19:11:57", "elapsed": 2.597608, "delta": 0.002992}}
{"target": -160.47310967818856, "params": {"gamma": 0.4763284046833772, "lr": 0.010172456261775653}, "datetime": {"datetime": "2024-06-13 19:11:57", "elapsed": 2.601598, "delta": 0.00399}}
{"target": -961.1333445222562, "params": {"gamma": 4.902462927130074, "lr": 0.04548214567029407}, "datetime": {"datetime": "2024-06-13 19:11:57", "elapsed": 2.605357, "delta": 0.003759}}
{"target": -321.24439867780507, "params": {"gamma": 2.784002980338173, "lr": 0.6399745691089123}, "datetime": {"datetime": "2024-06-13 19:11:57", "elapsed": 2.608854, "delta": 0.003497}}
{"target": -327.1750350166337, "params": {"gamma": 2.9476257235674814, "lr": 0.26965470115905144}, "datetime": {"datetime": "2024-06-13 19:11:57", "elapsed": 2.612843, "delta": 0.003989}}
{"target": -589.196551601499, "params": {"gamma": 5.905874675913428, "lr": 0.38053407720964005}, "datetime": {"datetime": "2024-06-13 19:11:57", "elapsed": 2.615835, "delta": 0.002992}}
{"target": -669.5768202344036, "params": {"gamma": 7.025527816580048, "lr": 0.4961239512498611}, "datetime": {"datetime": "2024-06-13 19:11:57", "elapsed": 2.619825, "delta": 0.00399}}
{"target": -640.1640125468921, "params": {"gamma": 6.33245944879897, "lr": 0.3533943470016294}, "datetime": {"datetime": "2024-06-13 19:11:57", "elapsed": 2.623813, "delta": 0.003988}}
{"target": -428.21292748825897, "params": {"gamma": 2.871152417608931, "lr": 0.13320711375110195}, "datetime": {"datetime": "2024-06-13 19:11:57", "elapsed": 2.627803, "delta": 0.00399}}
{"target": -1338.8170488655098, "params": {"gamma": 9.370866767604843, "lr": 0.8048358460157946}, "datetime": {"datetime": "2024-06-13 19:11:57", "elapsed": 2.631793, "delta": 0.00399}}
{"target": -1273.8043102468262, "params": {"gamma": 9.380347403020368, "lr": 0.1853805246478023}, "datetime": {"datetime": "2024-06-13 19:11:57", "elapsed": 2.635782, "delta": 0.003989}}
{"target": -1524.4466721065783, "params": {"gamma": 9.331624472469432, "lr": 0.9357532076921331}, "datetime": {"datetime": "2024-06-13 19:11:57", "elapsed": 2.639771, "delta": 0.003989}}
{"target": -315.94003460482423, "params": {"gamma": 2.8361615915229414, "lr": 0.27463424842386297}, "datetime": {"datetime": "2024-06-13 19:11:57", "elapsed": 2.642763, "delta": 0.002992}}
{"target": -758.136429442389, "params": {"gamma": 5.514764305160052, "lr": 0.18528923936855235}, "datetime": {"datetime": "2024-06-13 19:11:57", "elapsed": 2.646752, "delta": 0.003989}}
{"target": -612.7284912733512, "params": {"gamma": 4.421569005157032, "lr": 0.1853176459376844}, "datetime": {"datetime": "2024-06-13 19:11:57", "elapsed": 2.650741, "delta": 0.003989}}
{"target": -897.0726748268828, "params": {"gamma": 9.473811803621638, "lr": 0.4938246574910856}, "datetime": {"datetime": "2024-06-13 19:11:57", "elapsed": 2.654731, "delta": 0.00399}}
{"target": -1035.0989830628862, "params": {"gamma": 9.639213756472554, "lr": 0.6449416725122118}, "datetime": {"datetime": "2024-06-13 19:11:57", "elapsed": 2.657723, "delta": 0.002992}}
{"target": -800.4911784628339, "params": {"gamma": 4.843673414550824, "lr": 0.9676952459611975}, "datetime": {"datetime": "2024-06-13 19:11:57", "elapsed": 2.661712, "delta": 0.003989}}
{"target": -192.4497469930816, "params": {"gamma": 1.4327546273059197, "lr": 0.6323298746664966}, "datetime": {"datetime": "2024-06-13 19:11:57", "elapsed": 2.665702, "delta": 0.00399}}
{"target": -639.8123838438943, "params": {"gamma": 6.6192217900001395, "lr": 0.43383982715272595}, "datetime": {"datetime": "2024-06-13 19:11:57", "elapsed": 2.669691, "delta": 0.003989}}
{"target": -124.36627829590451, "params": {"gamma": 0.594512896164236, "lr": 0.4927226011660333}, "datetime": {"datetime": "2024-06-13 19:11:57", "elapsed": 2.672683, "delta": 0.002992}}
{"target": -675.5695670320623, "params": {"gamma": 4.651874301237257, "lr": 0.8067468107748635}, "datetime": {"datetime": "2024-06-13 19:11:57", "elapsed": 2.676672, "delta": 0.003989}}
{"target": -268.5174326506858, "params": {"gamma": 2.5673532385398095, "lr": 0.3914303629842686}, "datetime": {"datetime": "2024-06-13 19:11:57", "elapsed": 2.680662, "delta": 0.00399}}
{"target": -336.3012665992265, "params": {"gamma": 2.402481900006551, "lr": 0.6864434151723641}, "datetime": {"datetime": "2024-06-13 19:11:57", "elapsed": 2.684651, "delta": 0.003989}}
{"target": -1422.2045910658787, "params": {"gamma": 9.898844649917818, "lr": 0.1774295368682619}, "datetime": {"datetime": "2024-06-13 19:11:57", "elapsed": 2.687643, "delta": 0.002992}}
{"target": -1005.1413485130918, "params": {"gamma": 8.214645955522746, "lr": 0.2309885592816333}, "datetime": {"datetime": "2024-06-13 19:11:57", "elapsed": 2.691632, "delta": 0.003989}}
{"target": -143.20647114224732, "params": {"gamma": 0.5807001579142975, "lr": 0.13881651804567363}, "datetime": {"datetime": "2024-06-13 19:11:57", "elapsed": 2.695622, "delta": 0.00399}}
{"target": -1463.6427523101115, "params": {"gamma": 9.351596002308344, "lr": 0.8885421033562281}, "datetime": {"datetime": "2024-06-13 19:11:57", "elapsed": 2.698614, "delta": 0.002992}}
{"target": -488.7498980503534, "params": {"gamma": 2.893315694333617, "lr": 0.9477640661016069}, "datetime": {"datetime": "2024-06-13 19:11:57", "elapsed": 2.702603, "delta": 0.003989}}
{"target": -817.2143975249406, "params": {"gamma": 8.499455421778958, "lr": 0.4346547940716735}, "datetime": {"datetime": "2024-06-13 19:11:57", "elapsed": 2.706593, "delta": 0.00399}}
{"target": -516.0450003860883, "params": {"gamma": 4.681027499109862, "lr": 0.6298530215834227}, "datetime": {"datetime": "2024-06-13 19:11:57", "elapsed": 2.710582, "delta": 0.003989}}
{"target": -342.7995856961557, "params": {"gamma": 1.581160317803163, "lr": 0.014782086742092915}, "datetime": {"datetime": "2024-06-13 19:11:57", "elapsed": 2.713574, "delta": 0.002992}}
{"target": -540.0415347745428, "params": {"gamma": 2.655854662706386, "lr": 0.015443631942760883}, "datetime": {"datetime": "2024-06-13 19:11:57", "elapsed": 2.717563, "delta": 0.003989}}
{"target": -695.5463128751319, "params": {"gamma": 6.745313942778413, "lr": 0.5514688358127765}, "datetime": {"datetime": "2024-06-13 19:11:57", "elapsed": 2.721552, "delta": 0.003989}}
{"target": -446.50192129394003, "params": {"gamma": 3.2171598078821737, "lr": 0.7802023371197586}, "datetime": {"datetime": "2024-06-13 19:11:57", "elapsed": 2.725541, "delta": 0.003989}}
{"target": -203.71599135763245, "params": {"gamma": 1.4587085267165556, "lr": 0.2448806387618836}, "datetime": {"datetime": "2024-06-13 19:11:57", "elapsed": 2.729531, "delta": 0.00399}}
{"target": -415.1740468765991, "params": {"gamma": 2.923845306630798, "lr": 0.19593194649899215}, "datetime": {"datetime": "2024-06-13 19:11:57", "elapsed": 2.733521, "delta": 0.00399}}
{"target": -186.09986268677127, "params": {"gamma": 0.8802988990222627, "lr": 0.8699761802716075}, "datetime": {"datetime": "2024-06-13 19:11:57", "elapsed": 2.736513, "delta": 0.002992}}
{"target": -165.8307079286575, "params": {"gamma": 0.8827982670695292, "lr": 0.6837103358216379}, "datetime": {"datetime": "2024-06-13 19:11:57", "elapsed": 2.740502, "delta": 0.003989}}
{"target": -275.92461166214986, "params": {"gamma": 1.204888367700376, "lr": 0.010699003144174157}, "datetime": {"datetime": "2024-06-13 19:11:57", "elapsed": 2.744491, "delta": 0.003989}}
{"target": -899.8116100753596, "params": {"gamma": 5.573125032519063, "lr": 0.9071090552203707}, "datetime": {"datetime": "2024-06-13 19:11:57", "elapsed": 2.74848, "delta": 0.003989}}
{"target": -865.0438567721693, "params": {"gamma": 8.604706216701516, "lr": 0.33845138411825004}, "datetime": {"datetime": "2024-06-13 19:11:57", "elapsed": 2.751472, "delta": 0.002992}}
{"target": -134.4395104854121, "params": {"gamma": 0.27256113442929636, "lr": 0.8008593551300331}, "datetime": {"datetime": "2024-06-13 19:11:57", "elapsed": 2.755462, "delta": 0.00399}}
{"target": -1264.2006577183797, "params": {"gamma": 8.06004333796437, "lr": 0.8684881163027721}, "datetime": {"datetime": "2024-06-13 19:11:57", "elapsed": 2.759451, "delta": 0.003989}}
{"target": -962.3494201356099, "params": {"gamma": 6.696796352155456, "lr": 0.8077788623150765}, "datetime": {"datetime": "2024-06-13 19:11:57", "elapsed": 2.76344, "delta": 0.003989}}
{"target": -850.7113620603482, "params": {"gamma": 8.9750853247459, "lr": 0.4538299504900123}, "datetime": {"datetime": "2024-06-13 19:11:57", "elapsed": 2.766433, "delta": 0.002993}}
{"target": -580.853458486281, "params": {"gamma": 5.578695211845391, "lr": 0.5061311288282347}, "datetime": {"datetime": "2024-06-13 19:11:57", "elapsed": 2.770422, "delta": 0.003989}}
{"target": -906.5047950161904, "params": {"gamma": 6.920147061337664, "lr": 0.6829068676298748}, "datetime": {"datetime": "2024-06-13 19:11:57", "elapsed": 2.774411, "delta": 0.003989}}
{"target": -757.9555724611635, "params": {"gamma": 5.203616044997302, "lr": 0.8284681480854713}, "datetime": {"datetime": "2024-06-13 19:11:57", "elapsed": 2.7784, "delta": 0.003989}}
{"target": -737.4613328922039, "params": {"gamma": 5.058288088511875, "lr": 0.8248585623852319}, "datetime": {"datetime": "2024-06-13 19:11:57", "elapsed": 2.781392, "delta": 0.002992}}
{"target": -424.0175489585567, "params": {"gamma": 2.8191690363442863, "lr": 0.17849483297748825}, "datetime": {"datetime": "2024-06-13 19:11:57", "elapsed": 2.785382, "delta": 0.00399}}
{"target": -1268.5952602437453, "params": {"gamma": 9.698735832876796, "lr": 0.7419395254560768}, "datetime": {"datetime": "2024-06-13 19:11:57", "elapsed": 2.789371, "delta": 0.003989}}
{"target": -303.15816784667106, "params": {"gamma": 2.598657141350841, "lr": 0.5812353422911717}, "datetime": {"datetime": "2024-06-13 19:11:57", "elapsed": 2.792925, "delta": 0.003554}}
{"target": -1837.4172799952835, "params": {"gamma": 9.55266727312833, "lr": 0.0807539078120788}, "datetime": {"datetime": "2024-06-13 19:11:57", "elapsed": 2.796912, "delta": 0.003987}}
{"target": -147.03895293707268, "params": {"gamma": 0.8362585364103492, "lr": 0.6191348314199072}, "datetime": {"datetime": "2024-06-13 19:11:57", "elapsed": 2.800901, "delta": 0.003989}}
{"target": -323.43547528126123, "params": {"gamma": 2.245710294880741, "lr": 0.7651839567335081}, "datetime": {"datetime": "2024-06-13 19:11:57", "elapsed": 2.803893, "delta": 0.002992}}
{"target": -620.3847526956839, "params": {"gamma": 5.681957276948102, "lr": 0.6661880902234952}, "datetime": {"datetime": "2024-06-13 19:11:57", "elapsed": 2.807883, "delta": 0.00399}}
{"target": -243.4221017933615, "params": {"gamma": 1.0790311940451294, "lr": 0.08428305143655679}, "datetime": {"datetime": "2024-06-13 19:11:57", "elapsed": 2.811872, "delta": 0.003989}}
{"target": -605.1748299583709, "params": {"gamma": 6.251585561986592, "lr": 0.4097312611340205}, "datetime": {"datetime": "2024-06-13 19:11:57", "elapsed": 2.815861, "delta": 0.003989}}
{"target": -133.13105485188763, "params": {"gamma": 0.8734379861959459, "lr": 0.3710639450161891}, "datetime": {"datetime": "2024-06-13 19:11:57", "elapsed": 2.818854, "delta": 0.002993}}
{"target": -919.0348259265367, "params": {"gamma": 6.72177195215883, "lr": 0.1895874001915857}, "datetime": {"datetime": "2024-06-13 19:11:57", "elapsed": 2.822843, "delta": 0.003989}}
{"target": -1464.0221845146632, "params": {"gamma": 8.957395356178512, "lr": 0.9498463888800873}, "datetime": {"datetime": "2024-06-13 19:11:57", "elapsed": 2.826832, "delta": 0.003989}}
{"target": -1257.9388137294175, "params": {"gamma": 9.615763851802903, "lr": 0.7300825577402602}, "datetime": {"datetime": "2024-06-13 19:11:57", "elapsed": 2.830821, "delta": 0.003989}}
{"target": -546.9302770221324, "params": {"gamma": 4.063477988455463, "lr": 0.7437491963512196}, "datetime": {"datetime": "2024-06-13 19:11:57", "elapsed": 2.834811, "delta": 0.00399}}
{"target": -318.76912948219774, "params": {"gamma": 2.8805808058682407, "lr": 0.3144172223907462}, "datetime": {"datetime": "2024-06-13 19:11:57", "elapsed": 2.8388, "delta": 0.003989}}
{"target": -662.1267811805454, "params": {"gamma": 6.059357715817362, "lr": 0.5948471334079176}, "datetime": {"datetime": "2024-06-13 19:11:57", "elapsed": 2.842346, "delta": 0.003546}}
{"target": -931.2044296830511, "params": {"gamma": 8.786731102181795, "lr": 0.25460075566057694}, "datetime": {"datetime": "2024-06-13 19:11:57", "elapsed": 2.846336, "delta": 0.00399}}
{"target": -1254.9129663291717, "params": {"gamma": 7.662117463663015, "lr": 0.9410132668189013}, "datetime": {"datetime": "2024-06-13 19:11:57", "elapsed": 2.850326, "delta": 0.00399}}
{"target": -144.28420484268128, "params": {"gamma": 0.011328293644688577, "lr": 0.47608911800210485}, "datetime": {"datetime": "2024-06-13 19:11:57", "elapsed": 2.854314, "delta": 0.003988}}
{"target": -1014.5486909277873, "params": {"gamma": 6.570746249918269, "lr": 0.8433232139195225}, "datetime": {"datetime": "2024-06-13 19:11:57", "elapsed": 2.858304, "delta": 0.00399}}
{"target": -308.74959840444427, "params": {"gamma": 1.8382103793481412, "lr": 0.8561592379873718}, "datetime": {"datetime": "2024-06-13 19:11:57", "elapsed": 2.862293, "delta": 0.003989}}
{"target": -596.7010295154042, "params": {"gamma": 3.6442904330904224, "lr": 0.8922739292761724}, "datetime": {"datetime": "2024-06-13 19:11:57", "elapsed": 2.866283, "delta": 0.00399}}
{"target": -139.14827400969793, "params": {"gamma": 0.2780896894835276, "lr": 0.08539013912317062}, "datetime": {"datetime": "2024-06-13 19:11:57", "elapsed": 2.870272, "delta": 0.003989}}
{"target": -1053.4553040028127, "params": {"gamma": 9.81412324707537, "lr": 0.6095019257734966}, "datetime": {"datetime": "2024-06-13 19:11:57", "elapsed": 2.874261, "delta": 0.003989}}
{"target": -613.6801635682971, "params": {"gamma": 4.176905835795019, "lr": 0.16921418469369054}, "datetime": {"datetime": "2024-06-13 19:11:57", "elapsed": 2.87825, "delta": 0.003989}}
{"target": -1261.9236350150093, "params": {"gamma": 6.499361629743811, "lr": 0.03697506835935782}, "datetime": {"datetime": "2024-06-13 19:11:57", "elapsed": 2.88212, "delta": 0.00387}}
{"target": -342.51901303880106, "params": {"gamma": 3.116827520693586, "lr": 0.32347919698907535}, "datetime": {"datetime": "2024-06-13 19:11:57", "elapsed": 2.88611, "delta": 0.00399}}
{"target": -661.4512687114366, "params": {"gamma": 6.074811493252022, "lr": 0.6508312566756971}, "datetime": {"datetime": "2024-06-13 19:11:57", "elapsed": 2.890099, "delta": 0.003989}}
{"target": -1383.8289773171175, "params": {"gamma": 8.460699937765456, "lr": 0.9275809425975434}, "datetime": {"datetime": "2024-06-13 19:11:57", "elapsed": 2.894088, "delta": 0.003989}}
{"target": -719.5009770768856, "params": {"gamma": 6.604916818383386, "lr": 0.5781739184085382}, "datetime": {"datetime": "2024-06-13 19:11:57", "elapsed": 2.898077, "delta": 0.003989}}
{"target": -663.0636293289825, "params": {"gamma": 3.987756720746455, "lr": 0.966612492642142}, "datetime": {"datetime": "2024-06-13 19:11:57", "elapsed": 2.902067, "delta": 0.00399}}
{"target": -276.3858143583667, "params": {"gamma": 1.541637639151742, "lr": 0.8950868086486484}, "datetime": {"datetime": "2024-06-13 19:11:57", "elapsed": 2.905059, "delta": 0.002992}}
{"target": -339.29174706149456, "params": {"gamma": 3.1108196657805305, "lr": 0.548489089666104}, "datetime": {"datetime": "2024-06-13 19:11:57", "elapsed": 2.909048, "delta": 0.003989}}
{"target": -836.6137396890952, "params": {"gamma": 6.8209805180697165, "lr": 0.23646965132615538}, "datetime": {"datetime": "2024-06-13 19:11:57", "elapsed": 2.913037, "delta": 0.003989}}
{"target": -208.0149106476764, "params": {"gamma": 1.678199113817666, "lr": 0.508482013429616}, "datetime": {"datetime": "2024-06-13 19:11:57", "elapsed": 2.917028, "delta": 0.003991}}
{"target": -1034.0861768948, "params": {"gamma": 7.918846891971133, "lr": 0.6924144621670756}, "datetime": {"datetime": "2024-06-13 19:11:57", "elapsed": 2.921016, "delta": 0.003988}}
{"target": -227.38791581096217, "params": {"gamma": 1.1906143983929753, "lr": 0.900742215071733}, "datetime": {"datetime": "2024-06-13 19:11:57", "elapsed": 2.925005, "delta": 0.003989}}
{"target": -793.1282517448926, "params": {"gamma": 4.797895932924502, "lr": 0.9466766792396476}, "datetime": {"datetime": "2024-06-13 19:11:57", "elapsed": 2.927997, "delta": 0.002992}}
