{"target": -215.11843217661902, "params": {"p_ai": 9.955988636673547, "p_al": 0.7864557259570133, "p_ex": 3.3695073241418894, "prior": 9.927443443215722, "rate": 4.268180535075375}, "datetime": {"datetime": "2024-06-12 21:02:17", "elapsed": 236.896147, "delta": 0.119681}}
{"target": -175.12774481442887, "params": {"p_ai": 8.233661132143844, "p_al": 2.881868167285576, "p_ex": 5.121431057426107, "prior": 4.6615764912944275, "rate": 3.3300970409221056}, "datetime": {"datetime": "2024-06-12 21:02:17", "elapsed": 237.013831, "delta": 0.117684}}
{"target": -145.1224528536665, "params": {"p_ai": 5.271290722006996, "p_al": 0.8060343168486149, "p_ex": 2.2127306243676155, "prior": 3.360255085813687, "rate": 9.68877278960717}, "datetime": {"datetime": "2024-06-12 21:02:17", "elapsed": 237.132514, "delta": 0.118683}}
{"target": -141.39948115542444, "params": {"p_ai": 4.408103106386452, "p_al": 9.613169406877505, "p_ex": 5.736607220990137, "prior": 0.4671094025813809, "rate": 6.587481023391573}, "datetime": {"datetime": "2024-06-12 21:02:17", "elapsed": 237.251197, "delta": 0.118683}}
{"target": -123.22551124124297, "params": {"p_ai": 0.1487234155321392, "p_al": 7.424971015947326, "p_ex": 4.207624598002892, "prior": 5.339313074890572, "rate": 7.888526660649675}, "datetime": {"datetime": "2024-06-12 21:02:18", "elapsed": 237.370385, "delta": 0.119188}}
{"target": -210.94788626621025, "params": {"p_ai": 9.05604556125701, "p_al": 9.868796342786228, "p_ex": 8.020962538866408, "prior": 0.026423601686483965, "rate": 6.001253760693126}, "datetime": {"datetime": "2024-06-12 21:02:18", "elapsed": 237.487845, "delta": 0.11746}}
{"target": -116.00857810223049, "params": {"p_ai": 2.8891714248604496, "p_al": 7.097447712852041, "p_ex": 3.0561323897351946, "prior": 5.559116755024119, "rate": 9.180773914005606}, "datetime": {"datetime": "2024-06-12 21:02:18", "elapsed": 237.607332, "delta": 0.119487}}
{"target": -116.45698114385367, "params": {"p_ai": 2.479454855440029, "p_al": 1.11930196523077, "p_ex": 5.135894220893158, "prior": 9.137244761986132, "rate": 1.7932038323176576}, "datetime": {"datetime": "2024-06-12 21:02:18", "elapsed": 237.727648, "delta": 0.120316}}
{"target": -139.9413616780403, "params": {"p_ai": 2.5595284250867927, "p_al": 0.3409243101748873, "p_ex": 0.15470207973635725, "prior": 5.422645236796178, "rate": 8.553747523723965}, "datetime": {"datetime": "2024-06-12 21:02:18", "elapsed": 237.864792, "delta": 0.137144}}
{"target": -109.0890657153789, "params": {"p_ai": 4.4657816155356675, "p_al": 2.357135848615219, "p_ex": 9.36540396422141, "prior": 6.192469585732864, "rate": 8.645897035050032}, "datetime": {"datetime": "2024-06-12 21:02:18", "elapsed": 237.990488, "delta": 0.125696}}
{"target": -106.00765515616125, "params": {"p_ai": 1.282005745817034, "p_al": 4.412942570473553, "p_ex": 8.575682143149248, "prior": 8.982037953044289, "rate": 8.772761648279566}, "datetime": {"datetime": "2024-06-12 21:02:18", "elapsed": 238.12224, "delta": 0.131752}}
{"target": -136.72720284515455, "params": {"p_ai": 6.255094516482575, "p_al": 7.581360105825246, "p_ex": 6.755308180003398, "prior": 8.451789636967945, "rate": 6.32484141935293}, "datetime": {"datetime": "2024-06-12 21:02:18", "elapsed": 238.24841, "delta": 0.12617}}
{"target": -111.68816106739007, "params": {"p_ai": 1.7197256280146134, "p_al": 6.505549393951734, "p_ex": 4.553944860862338, "prior": 0.5894475654255449, "rate": 5.3590922745746745}, "datetime": {"datetime": "2024-06-12 21:02:19", "elapsed": 238.376967, "delta": 0.128557}}
{"target": -142.80643099476256, "params": {"p_ai": 4.393482215124105, "p_al": 8.747389417664913, "p_ex": 6.607572295198009, "prior": 2.608620400961451, "rate": 2.1684377884048662}, "datetime": {"datetime": "2024-06-12 21:02:19", "elapsed": 238.502484, "delta": 0.125517}}
{"target": -135.97246783645357, "params": {"p_ai": 0.9741343125990107, "p_al": 4.6919722422118255, "p_ex": 3.49864716108863, "prior": 5.773912930700538, "rate": 0.5703629844543111}, "datetime": {"datetime": "2024-06-12 21:02:19", "elapsed": 238.62231, "delta": 0.119826}}
{"target": -115.59325970840116, "params": {"p_ai": 2.499922353769078, "p_al": 5.1234334402008574, "p_ex": 3.760205919567236, "prior": 6.269392688573962, "rate": 3.732826110384206}, "datetime": {"datetime": "2024-06-12 21:02:19", "elapsed": 238.74418, "delta": 0.12187}}
{"target": -131.02543918419758, "params": {"p_ai": 4.603671029238606, "p_al": 2.3429211183676726, "p_ex": 2.996592129373345, "prior": 1.1537282156041937, "rate": 7.72462135063049}, "datetime": {"datetime": "2024-06-12 21:02:19", "elapsed": 238.862863, "delta": 0.118683}}
{"target": -193.82304700012602, "params": {"p_ai": 7.939035508710159, "p_al": 0.44031459326531047, "p_ex": 1.6104517992516383, "prior": 8.028774521030188, "rate": 9.104856994771925}, "datetime": {"datetime": "2024-06-12 21:02:19", "elapsed": 238.981546, "delta": 0.118683}}
{"target": -135.45282763443294, "params": {"p_ai": 3.6925387525356554, "p_al": 6.753429509418871, "p_ex": 1.900747060859965, "prior": 8.712451966416536, "rate": 8.247238520857891}, "datetime": {"datetime": "2024-06-12 21:02:19", "elapsed": 239.09926, "delta": 0.117714}}
{"target": -102.01844142994273, "params": {"p_ai": 2.5008789009692247, "p_al": 5.928901706805605, "p_ex": 7.3578939279952476, "prior": 8.838553387439257, "rate": 4.677811991869022}, "datetime": {"datetime": "2024-06-12 21:02:19", "elapsed": 239.217914, "delta": 0.118654}}
{"target": -110.43599329618186, "params": {"p_ai": 1.3470733481294213, "p_al": 1.094841814191649, "p_ex": 5.297243675558832, "prior": 0.49383643442013075, "rate": 6.209338226934207}, "datetime": {"datetime": "2024-06-12 21:02:20", "elapsed": 239.336709, "delta": 0.118795}}
{"target": -142.40138750402755, "params": {"p_ai": 0.3342487213443545, "p_al": 0.2128158500293292, "p_ex": 0.7530176178456772, "prior": 3.6809175726662704, "rate": 3.818141513157325}, "datetime": {"datetime": "2024-06-12 21:02:20", "elapsed": 239.456273, "delta": 0.119564}}
{"target": -156.97707099123056, "params": {"p_ai": 7.669934398787617, "p_al": 8.459621377194617, "p_ex": 7.272280709633233, "prior": 8.844447408912934, "rate": 5.749449999119452}, "datetime": {"datetime": "2024-06-12 21:02:20", "elapsed": 239.573959, "delta": 0.117686}}
{"target": -200.7174256247729, "params": {"p_ai": 9.398903366834306, "p_al": 9.06798682019018, "p_ex": 4.48492000028398, "prior": 4.797781289050013, "rate": 8.566736123057751}, "datetime": {"datetime": "2024-06-12 21:02:20", "elapsed": 239.693209, "delta": 0.11925}}
{"target": -206.73025082097604, "params": {"p_ai": 3.984662715258157, "p_al": 9.420055749190025, "p_ex": 2.933826269617242, "prior": 2.590815299665099, "rate": 1.0901714124352648}, "datetime": {"datetime": "2024-06-12 21:02:20", "elapsed": 239.811961, "delta": 0.118752}}
{"target": -104.88007708804531, "params": {"p_ai": 2.471187095298555, "p_al": 5.3779986604796, "p_ex": 9.802393583495558, "prior": 2.0780894529072613, "rate": 5.470652839172488}, "datetime": {"datetime": "2024-06-12 21:02:20", "elapsed": 239.930656, "delta": 0.118695}}
{"target": -212.7112700358658, "params": {"p_ai": 8.784026964746444, "p_al": 5.897029210758115, "p_ex": 8.352926533735896, "prior": 2.393615931358836, "rate": 0.7317241750859406}, "datetime": {"datetime": "2024-06-12 21:02:20", "elapsed": 240.048846, "delta": 0.11819}}
{"target": -184.97091940508028, "params": {"p_ai": 9.529711071203222, "p_al": 1.12415740911268, "p_ex": 8.024162561181278, "prior": 6.51049956673395, "rate": 8.651276327807269}, "datetime": {"datetime": "2024-06-12 21:02:20", "elapsed": 240.167475, "delta": 0.118629}}
{"target": -131.11363400464094, "params": {"p_ai": 6.297865904193896, "p_al": 2.982484717370885, "p_ex": 9.314887904714922, "prior": 6.923328164237853, "rate": 8.766491081598325}, "datetime": {"datetime": "2024-06-12 21:02:20", "elapsed": 240.286734, "delta": 0.119259}}
{"target": -163.96006753035445, "params": {"p_ai": 8.155107426895412, "p_al": 1.3608872102611669, "p_ex": 6.994424876763647, "prior": 6.810378925463789, "rate": 7.558203771887153}, "datetime": {"datetime": "2024-06-12 21:02:21", "elapsed": 240.405416, "delta": 0.118682}}
{"target": -234.76763375744548, "params": {"p_ai": 7.996706469346298, "p_al": 9.414519270096738, "p_ex": 0.6524073948204284, "prior": 5.086641906303749, "rate": 4.997070133205862}, "datetime": {"datetime": "2024-06-12 21:02:21", "elapsed": 240.523652, "delta": 0.118236}}
{"target": -154.94605595545127, "params": {"p_ai": 7.0079414003989475, "p_al": 9.95603813701815, "p_ex": 9.079903831413358, "prior": 2.9695743927041773, "rate": 3.3582093092894074}, "datetime": {"datetime": "2024-06-12 21:02:21", "elapsed": 240.642436, "delta": 0.118784}}
{"target": -192.15495906098425, "params": {"p_ai": 8.201886874036, "p_al": 3.6167752366875074, "p_ex": 3.254424386140797, "prior": 4.447593325863283, "rate": 2.7719288711687775}, "datetime": {"datetime": "2024-06-12 21:02:21", "elapsed": 240.760625, "delta": 0.118189}}
{"target": -196.68502997431128, "params": {"p_ai": 7.490303509857709, "p_al": 4.527305674218615, "p_ex": 1.6400712810933544, "prior": 9.904617162543863, "rate": 3.380634836004196}, "datetime": {"datetime": "2024-06-12 21:02:21", "elapsed": 240.878816, "delta": 0.118191}}
{"target": -109.0515941588429, "params": {"p_ai": 3.0182894374658042, "p_al": 2.2540360879178154, "p_ex": 4.258012506403847, "prior": 6.951510100013808, "rate": 6.024463090968305}, "datetime": {"datetime": "2024-06-12 21:02:21", "elapsed": 240.997068, "delta": 0.118252}}
{"target": -108.55058586246676, "params": {"p_ai": 1.8154277802533894, "p_al": 2.646352911067262, "p_ex": 5.982902835498565, "prior": 8.580609180581801, "rate": 4.129748274092657}, "datetime": {"datetime": "2024-06-12 21:02:21", "elapsed": 241.14447, "delta": 0.147402}}
{"target": -110.12899424298843, "params": {"p_ai": 2.159265882128531, "p_al": 3.234561011888553, "p_ex": 6.9172126440284645, "prior": 7.009786877455434, "rate": 2.234282424435185}, "datetime": {"datetime": "2024-06-12 21:02:21", "elapsed": 241.262661, "delta": 0.118191}}
{"target": -119.26636502247067, "params": {"p_ai": 3.9655599000973614, "p_al": 6.993599747463365, "p_ex": 7.206028835833273, "prior": 1.3060269515928042, "rate": 6.094130941477607}, "datetime": {"datetime": "2024-06-12 21:02:22", "elapsed": 241.381343, "delta": 0.118682}}
{"target": -197.7536289056142, "params": {"p_ai": 8.860780604176751, "p_al": 5.824031202572268, "p_ex": 3.072782268537545, "prior": 7.451659090914785, "rate": 9.776990621630928}, "datetime": {"datetime": "2024-06-12 21:02:22", "elapsed": 241.49984, "delta": 0.118497}}
{"target": -261.5005811002474, "params": {"p_ai": 9.04633231716986, "p_al": 8.716160144918383, "p_ex": 0.003922193057461108, "prior": 5.826579941183415, "rate": 2.6279371999932573}, "datetime": {"datetime": "2024-06-12 21:02:22", "elapsed": 241.618869, "delta": 0.119029}}
{"target": -164.17026271153912, "params": {"p_ai": 8.130244891969703, "p_al": 5.23526283745264, "p_ex": 8.939108850131829, "prior": 5.237925787644913, "rate": 8.911460302578277}, "datetime": {"datetime": "2024-06-12 21:02:22", "elapsed": 241.738254, "delta": 0.119385}}
{"target": -110.93181434833097, "params": {"p_ai": 4.497764508230413, "p_al": 5.615436937758651, "p_ex": 8.125032960357574, "prior": 4.032314414262975, "rate": 5.687113316080488}, "datetime": {"datetime": "2024-06-12 21:02:22", "elapsed": 241.861598, "delta": 0.123344}}
{"target": -181.67425121170112, "params": {"p_ai": 8.984714318038437, "p_al": 4.8467417158094594, "p_ex": 5.906300764710574, "prior": 9.363857452858312, "rate": 8.83263271940978}, "datetime": {"datetime": "2024-06-12 21:02:22", "elapsed": 241.982047, "delta": 0.120449}}
{"target": -173.95692054124103, "params": {"p_ai": 7.577434997922026, "p_al": 7.112598718301506, "p_ex": 8.192131754208267, "prior": 1.0617119662258163, "rate": 3.810952160479885}, "datetime": {"datetime": "2024-06-12 21:02:22", "elapsed": 242.10073, "delta": 0.118683}}
{"target": -172.60649857843404, "params": {"p_ai": 5.458359106284024, "p_al": 8.585235455408231, "p_ex": 1.4648771670928944, "prior": 7.140681245430711, "rate": 5.910080443703744}, "datetime": {"datetime": "2024-06-12 21:02:22", "elapsed": 242.22041, "delta": 0.11968}}
{"target": -124.79617700248583, "params": {"p_ai": 6.0875909936487345, "p_al": 3.726815752106986, "p_ex": 9.15830642449183, "prior": 7.13933726242808, "rate": 6.683325835506722}, "datetime": {"datetime": "2024-06-12 21:02:23", "elapsed": 242.346106, "delta": 0.125696}}
{"target": -135.21364743417516, "params": {"p_ai": 2.2154321038106217, "p_al": 8.1289389260247, "p_ex": 4.95904725217079, "prior": 5.084200781464436, "rate": 0.8482490698586993}, "datetime": {"datetime": "2024-06-12 21:02:23", "elapsed": 242.466823, "delta": 0.120717}}
{"target": -122.76755021771874, "params": {"p_ai": 4.373244258236222, "p_al": 8.632149255500682, "p_ex": 6.802683723363489, "prior": 1.8950581131297959, "rate": 5.841148942244931}, "datetime": {"datetime": "2024-06-12 21:02:23", "elapsed": 242.586503, "delta": 0.11968}}
{"target": -176.87959333437308, "params": {"p_ai": 9.440120998803936, "p_al": 5.075095122577021, "p_ex": 9.674056937250327, "prior": 3.663304010988193, "rate": 2.9081982683005547}, "datetime": {"datetime": "2024-06-12 21:02:23", "elapsed": 242.705643, "delta": 0.11914}}
{"target": -211.82517819174893, "params": {"p_ai": 8.398665743541141, "p_al": 8.697381609098198, "p_ex": 2.017460785212376, "prior": 7.194800422731128, "rate": 5.921473523245135}, "datetime": {"datetime": "2024-06-12 21:02:23", "elapsed": 242.825962, "delta": 0.120319}}
{"target": -174.98198340276417, "params": {"p_ai": 8.94522136625385, "p_al": 1.4953085457292612, "p_ex": 7.630508798302322, "prior": 6.89986272904379, "rate": 7.950362828454771}, "datetime": {"datetime": "2024-06-12 21:02:23", "elapsed": 242.945981, "delta": 0.120019}}
{"target": -130.7388857486044, "params": {"p_ai": 4.5334216455871585, "p_al": 2.285080750396072, "p_ex": 2.8612639050635336, "prior": 3.0437248840947517, "rate": 8.402831110698429}, "datetime": {"datetime": "2024-06-12 21:02:23", "elapsed": 243.065658, "delta": 0.119677}}
{"target": -147.34968713836258, "params": {"p_ai": 5.372038987196228, "p_al": 5.636276018949885, "p_ex": 2.8423948482288677, "prior": 8.341748975598378, "rate": 7.049602636525978}, "datetime": {"datetime": "2024-06-12 21:02:23", "elapsed": 243.18434, "delta": 0.118682}}
{"target": -209.68252831365925, "params": {"p_ai": 8.781517473429453, "p_al": 1.3161352297481828, "p_ex": 8.496128765204425, "prior": 0.5220714718378262, "rate": 8.771411721092127}, "datetime": {"datetime": "2024-06-12 21:02:23", "elapsed": 243.304021, "delta": 0.119681}}
{"target": -116.48936818435602, "params": {"p_ai": 2.398175280570108, "p_al": 8.856757888094753, "p_ex": 3.7937200294297595, "prior": 8.429330555103737, "rate": 5.396590617151947}, "datetime": {"datetime": "2024-06-12 21:02:24", "elapsed": 243.422927, "delta": 0.118906}}
{"target": -150.5230314915465, "params": {"p_ai": 5.642190342955606, "p_al": 9.84022894951784, "p_ex": 9.63751153551982, "prior": 1.1441289022704242, "rate": 3.6421150962027857}, "datetime": {"datetime": "2024-06-12 21:02:24", "elapsed": 243.542606, "delta": 0.119679}}
{"target": -129.47029060004706, "params": {"p_ai": 2.506212038324754, "p_al": 4.483507611579368, "p_ex": 1.2644028687416509, "prior": 5.116170822812115, "rate": 8.655956316551622}, "datetime": {"datetime": "2024-06-12 21:02:24", "elapsed": 243.660818, "delta": 0.118212}}
{"target": -133.0458493338964, "params": {"p_ai": 3.524182459137863, "p_al": 1.557248674792178, "p_ex": 3.0733042597656954, "prior": 7.429002665405236, "rate": 0.9136723471660736}, "datetime": {"datetime": "2024-06-12 21:02:24", "elapsed": 243.780717, "delta": 0.119899}}
{"target": -182.71149250392256, "params": {"p_ai": 7.356081525521679, "p_al": 6.139605696996387, "p_ex": 7.4028472256456945, "prior": 0.09148820794806983, "rate": 7.205005956911262}, "datetime": {"datetime": "2024-06-12 21:02:24", "elapsed": 243.8994, "delta": 0.118683}}
{"target": -149.006717992935, "params": {"p_ai": 3.20652192916414, "p_al": 6.330086992140342, "p_ex": 0.5393129725551014, "prior": 5.564785932218573, "rate": 9.416039732034474}, "datetime": {"datetime": "2024-06-12 21:02:24", "elapsed": 244.01908, "delta": 0.11968}}
{"target": -136.09714953763938, "params": {"p_ai": 3.2015370071173717, "p_al": 5.227843986477157, "p_ex": 4.077705890820247, "prior": 5.69696279590871, "rate": 0.6841180889586145}, "datetime": {"datetime": "2024-06-12 21:02:24", "elapsed": 244.13767, "delta": 0.11859}}
{"target": -148.13381522433332, "params": {"p_ai": 3.619441042802784, "p_al": 5.207068985721982, "p_ex": 0.8491598305113975, "prior": 4.677000648386591, "rate": 7.722524554423631}, "datetime": {"datetime": "2024-06-12 21:02:24", "elapsed": 244.256857, "delta": 0.119187}}
{"target": -134.47118797897676, "params": {"p_ai": 4.4305910985625685, "p_al": 3.9098719950651493, "p_ex": 2.7294917556221026, "prior": 0.519464887551938, "rate": 7.61845485482411}, "datetime": {"datetime": "2024-06-12 21:02:25", "elapsed": 244.375625, "delta": 0.118768}}
{"target": -160.00996194609374, "params": {"p_ai": 4.858303293752173, "p_al": 1.614305665250888, "p_ex": 0.6617195267770156, "prior": 7.57924671380558, "rate": 5.884534108373207}, "datetime": {"datetime": "2024-06-12 21:02:25", "elapsed": 244.495443, "delta": 0.119818}}
{"target": -128.15353794319685, "params": {"p_ai": 5.588089049819353, "p_al": 2.0640425222684375, "p_ex": 5.943811569671102, "prior": 9.342191524625699, "rate": 7.255065057177155}, "datetime": {"datetime": "2024-06-12 21:02:25", "elapsed": 244.614662, "delta": 0.119219}}
{"target": -129.86067069923706, "params": {"p_ai": 5.866398132628953, "p_al": 8.653086394752902, "p_ex": 9.965692892765754, "prior": 8.651215789322743, "rate": 1.792646185609348}, "datetime": {"datetime": "2024-06-12 21:02:25", "elapsed": 244.734581, "delta": 0.119919}}
{"target": -196.4217962014578, "params": {"p_ai": 6.946946260957495, "p_al": 2.963016051488197, "p_ex": 0.5962774150678829, "prior": 1.0813285195441542, "rate": 7.628174982654579}, "datetime": {"datetime": "2024-06-12 21:02:25", "elapsed": 244.854495, "delta": 0.119914}}
{"target": -95.81451741708355, "params": {"p_ai": 2.8361835924325374, "p_al": 0.001, "p_ex": 10.0, "prior": 10.0, "rate": 6.63449226055563}, "datetime": {"datetime": "2024-06-12 21:02:51", "elapsed": 271.215349, "delta": 26.360854}}
{"target": -95.48111503575421, "params": {"p_ai": 2.8957884309135418, "p_al": 10.0, "p_ex": 10.0, "prior": 10.0, "rate": 10.0}, "datetime": {"datetime": "2024-06-12 21:03:15", "elapsed": 295.216936, "delta": 24.001587}}
{"target": -96.64134800709392, "params": {"p_ai": 2.768400171756708, "p_al": 0.001, "p_ex": 10.0, "prior": 10.0, "rate": 10.0}, "datetime": {"datetime": "2024-06-12 21:03:49", "elapsed": 329.174458, "delta": 33.957522}}
{"target": -96.0464663806616, "params": {"p_ai": 3.2195592249717486, "p_al": 7.276524788945227, "p_ex": 10.0, "prior": 10.0, "rate": 10.0}, "datetime": {"datetime": "2024-06-12 21:04:08", "elapsed": 347.656975, "delta": 18.482517}}
{"target": -95.91315118075232, "params": {"p_ai": 2.935180774502787, "p_al": 10.0, "p_ex": 10.0, "prior": 7.8900353965587975, "rate": 8.557916294149903}, "datetime": {"datetime": "2024-06-12 21:04:26", "elapsed": 365.699297, "delta": 18.042322}}
{"target": -123.38948571941413, "params": {"p_ai": 0.001, "p_al": 10.0, "p_ex": 10.0, "prior": 2.3532412285884967, "rate": 5.855232569519572}, "datetime": {"datetime": "2024-06-12 21:04:44", "elapsed": 384.088943, "delta": 18.389646}}
{"target": -95.14031876087792, "params": {"p_ai": 3.2411457006745428, "p_al": 3.215987909098489, "p_ex": 10.0, "prior": 10.0, "rate": 6.70498675254395}, "datetime": {"datetime": "2024-06-12 21:05:02", "elapsed": 401.395717, "delta": 17.306774}}
{"target": -107.2436732413889, "params": {"p_ai": 3.835661994711676, "p_al": 0.001, "p_ex": 10.0, "prior": 2.481851220068171, "rate": 0.38102368416310056}, "datetime": {"datetime": "2024-06-12 21:05:19", "elapsed": 418.562237, "delta": 17.16652}}
{"target": -99.85848724702737, "params": {"p_ai": 2.217728399163315, "p_al": 0.001, "p_ex": 6.199266595496617, "prior": 10.0, "rate": 10.0}, "datetime": {"datetime": "2024-06-12 21:05:41", "elapsed": 441.206219, "delta": 22.643982}}
{"target": -168.75409252548582, "params": {"p_ai": 0.7315365883464623, "p_al": 0.001, "p_ex": 10.0, "prior": 0.001, "rate": 3.5001223092149534}, "datetime": {"datetime": "2024-06-12 21:05:58", "elapsed": 457.515152, "delta": 16.308933}}
{"target": -138.9105027689643, "params": {"p_ai": 0.001, "p_al": 0.001, "p_ex": 10.0, "prior": 10.0, "rate": 10.0}, "datetime": {"datetime": "2024-06-12 21:06:16", "elapsed": 476.187133, "delta": 18.671981}}
{"target": -97.07843583866266, "params": {"p_ai": 3.4176950238783577, "p_al": 2.4800302660273252, "p_ex": 10.0, "prior": 10.0, "rate": 10.0}, "datetime": {"datetime": "2024-06-12 21:06:36", "elapsed": 495.709317, "delta": 19.522184}}
{"target": -99.73114166155722, "params": {"p_ai": 3.723084472514326, "p_al": 10.0, "p_ex": 10.0, "prior": 10.0, "rate": 4.716717468514635}, "datetime": {"datetime": "2024-06-12 21:07:19", "elapsed": 539.174422, "delta": 43.465105}}
{"target": -127.6027546927442, "params": {"p_ai": 0.001, "p_al": 0.001, "p_ex": 3.50960577720622, "prior": 0.28755907743321707, "rate": 10.0}, "datetime": {"datetime": "2024-06-12 21:07:39", "elapsed": 558.607383, "delta": 19.432961}}
{"target": -96.992373473692, "params": {"p_ai": 3.061353854272022, "p_al": 0.001, "p_ex": 10.0, "prior": 7.078609254593622, "rate": 7.449010750481874}, "datetime": {"datetime": "2024-06-12 21:08:01", "elapsed": 581.28442, "delta": 22.677037}}
{"target": -106.79791146658624, "params": {"p_ai": 1.0143884560388121, "p_al": 0.001, "p_ex": 6.051055242126749, "prior": 5.717654598236781, "rate": 10.0}, "datetime": {"datetime": "2024-06-12 21:08:29", "elapsed": 608.70891, "delta": 27.42449}}
