{"target": -256.5091717303534, "params": {"gamma": 5.5889624922088075, "prior": 2.626743526039231, "rate": 5.1791698014639245}, "datetime": {"datetime": "2024-06-14 18:10:42", "elapsed": 13.946909, "delta": 0.009973}}
{"target": -413.5944816679413, "params": {"gamma": 9.297580185091476, "prior": 1.9346601105112133, "rate": 7.342339864091912}, "datetime": {"datetime": "2024-06-14 18:10:42", "elapsed": 13.955885, "delta": 0.008976}}
{"target": -343.88801031345577, "params": {"gamma": 8.72195678460364, "prior": 6.72761646306554, "rate": 2.0377529908899317}, "datetime": {"datetime": "2024-06-14 18:10:42", "elapsed": 13.965859, "delta": 0.009974}}
{"target": -134.39544853678606, "params": {"gamma": 1.2925307977203897, "prior": 5.198826614589597, "rate": 1.3039515035572151}, "datetime": {"datetime": "2024-06-14 18:10:42", "elapsed": 13.975833, "delta": 0.009974}}
{"target": -341.8239298185849, "params": {"gamma": 8.257174308347446, "prior": 5.284080834265936, "rate": 2.9149454507613863}, "datetime": {"datetime": "2024-06-14 18:10:42", "elapsed": 13.985805, "delta": 0.009972}}
{"target": -261.3436413132906, "params": {"gamma": 5.681699207758667, "prior": 2.6803100664115536, "rate": 5.845117576613796}, "datetime": {"datetime": "2024-06-14 18:10:42", "elapsed": 13.995779, "delta": 0.009974}}
{"target": -147.73779582847104, "params": {"gamma": 2.32199215010331, "prior": 2.268615316993386, "rate": 5.185542309916678}, "datetime": {"datetime": "2024-06-14 18:10:42", "elapsed": 14.004755, "delta": 0.008976}}
{"target": -316.4351522924423, "params": {"gamma": 8.35432241661817, "prior": 6.483230627566245, "rate": 0.9428132212047013}, "datetime": {"datetime": "2024-06-14 18:10:42", "elapsed": 14.014728, "delta": 0.009973}}
{"target": -130.8074162500842, "params": {"gamma": 1.3415491851440944, "prior": 3.963975898564573, "rate": 3.1963273640149286}, "datetime": {"datetime": "2024-06-14 18:10:42", "elapsed": 14.024701, "delta": 0.009973}}
{"target": -331.4374134906737, "params": {"gamma": 8.912314797811076, "prior": 8.92378573099424, "rate": 0.2992111861366949}, "datetime": {"datetime": "2024-06-14 18:10:42", "elapsed": 14.033677, "delta": 0.008976}}
{"target": -140.8508464517365, "params": {"gamma": 2.1060088559719117, "prior": 3.9446918559051225, "rate": 1.7645710751045083}, "datetime": {"datetime": "2024-06-14 18:10:42", "elapsed": 14.043651, "delta": 0.009974}}
{"target": -408.7557970253129, "params": {"gamma": 9.186944713043502, "prior": 1.9770256796040655, "rate": 7.3401256292133965}, "datetime": {"datetime": "2024-06-14 18:10:42", "elapsed": 14.053624, "delta": 0.009973}}
{"target": -410.76715531859884, "params": {"gamma": 9.569199419728829, "prior": 4.829408647933721, "rate": 8.142378714413438}, "datetime": {"datetime": "2024-06-14 18:10:42", "elapsed": 14.063597, "delta": 0.009973}}
{"target": -201.33598827381755, "params": {"gamma": 4.282765599393484, "prior": 8.153147623700525, "rate": 7.6172232645805815}, "datetime": {"datetime": "2024-06-14 18:10:42", "elapsed": 14.073601, "delta": 0.010004}}
{"target": -416.5629288701946, "params": {"gamma": 9.596076873702136, "prior": 3.432340065789796, "rate": 7.666177450236105}, "datetime": {"datetime": "2024-06-14 18:10:42", "elapsed": 14.083545, "delta": 0.009944}}
{"target": -390.0336545366543, "params": {"gamma": 9.216256420526488, "prior": 8.12663966088829, "rate": 8.143560581729513}, "datetime": {"datetime": "2024-06-14 18:10:42", "elapsed": 14.092521, "delta": 0.008976}}
{"target": -405.62748423954093, "params": {"gamma": 9.483034089579148, "prior": 2.9777607367995413, "rate": 4.402025448023279}, "datetime": {"datetime": "2024-06-14 18:10:42", "elapsed": 14.102494, "delta": 0.009973}}
{"target": -132.22564521664253, "params": {"gamma": 1.0614689514075122, "prior": 8.785093022870859, "rate": 3.4376495800562545}, "datetime": {"datetime": "2024-06-14 18:10:42", "elapsed": 14.112467, "delta": 0.009973}}
{"target": -389.8518975351252, "params": {"gamma": 9.052543557612724, "prior": 2.118189958793863, "rate": 3.49670854682447}, "datetime": {"datetime": "2024-06-14 18:10:42", "elapsed": 14.12244, "delta": 0.009973}}
{"target": -295.22796377190645, "params": {"gamma": 6.905103296395332, "prior": 9.234794588551267, "rate": 6.879772184061891}, "datetime": {"datetime": "2024-06-14 18:10:42", "elapsed": 14.131416, "delta": 0.008976}}
{"target": -183.8694274754548, "params": {"gamma": 3.4015950863695554, "prior": 0.49643025309015587, "rate": 3.3181754241303745}, "datetime": {"datetime": "2024-06-14 18:10:42", "elapsed": 14.141389, "delta": 0.009973}}
{"target": -220.4566627039054, "params": {"gamma": 4.762134435981242, "prior": 7.330961340576835, "rate": 8.936392304537144}, "datetime": {"datetime": "2024-06-14 18:10:42", "elapsed": 14.151363, "delta": 0.009974}}
{"target": -142.61148402321325, "params": {"gamma": 0.06408410135224346, "prior": 0.8596711762344525, "rate": 2.818623672892344}, "datetime": {"datetime": "2024-06-14 18:10:42", "elapsed": 14.161336, "delta": 0.009973}}
{"target": -237.82114781344154, "params": {"gamma": 5.356653678219738, "prior": 5.404277422789192, "rate": 4.25320952977812}, "datetime": {"datetime": "2024-06-14 18:10:42", "elapsed": 14.170312, "delta": 0.008976}}
{"target": -336.04210299924114, "params": {"gamma": 8.836490541785956, "prior": 7.300785245839415, "rate": 1.360477671934808}, "datetime": {"datetime": "2024-06-14 18:10:42", "elapsed": 14.180286, "delta": 0.009974}}
{"target": -144.9320818222405, "params": {"gamma": 2.3521283159904485, "prior": 5.10252796959535, "rate": 3.625823024683793}, "datetime": {"datetime": "2024-06-14 18:10:42", "elapsed": 14.190259, "delta": 0.009973}}
{"target": -355.9411755296806, "params": {"gamma": 8.086391818387844, "prior": 4.251421809439748, "rate": 9.41168440870445}, "datetime": {"datetime": "2024-06-14 18:10:42", "elapsed": 14.199802, "delta": 0.009543}}
{"target": -136.52903381228822, "params": {"gamma": 1.8253827869110664, "prior": 4.879596033761096, "rate": 8.942579468503189}, "datetime": {"datetime": "2024-06-14 18:10:42", "elapsed": 14.209775, "delta": 0.009973}}
{"target": -132.4309880192096, "params": {"gamma": 0.6582946776379386, "prior": 2.8643934665653927, "rate": 2.0285264812184285}, "datetime": {"datetime": "2024-06-14 18:10:42", "elapsed": 14.219748, "delta": 0.009973}}
{"target": -423.58511263620215, "params": {"gamma": 9.848142780102968, "prior": 4.737692189034398, "rate": 8.881823309179376}, "datetime": {"datetime": "2024-06-14 18:10:42", "elapsed": 14.230719, "delta": 0.010971}}
{"target": -379.6308767314801, "params": {"gamma": 8.539400167342631, "prior": 1.1292889740891987, "rate": 3.500085683547541}, "datetime": {"datetime": "2024-06-14 18:10:42", "elapsed": 14.239695, "delta": 0.008976}}
{"target": -226.98630813934597, "params": {"gamma": 4.967458463909608, "prior": 8.801060937259923, "rate": 9.818558826019503}, "datetime": {"datetime": "2024-06-14 18:10:42", "elapsed": 14.250271, "delta": 0.010576}}
{"target": -172.80942234977505, "params": {"gamma": 3.370152344242372, "prior": 7.8412910908400715, "rate": 8.587314644739731}, "datetime": {"datetime": "2024-06-14 18:10:42", "elapsed": 14.259247, "delta": 0.008976}}
{"target": -162.72617430837914, "params": {"gamma": 2.8132116645345953, "prior": 2.0693816102392013, "rate": 6.46649017792085}, "datetime": {"datetime": "2024-06-14 18:10:42", "elapsed": 14.26922, "delta": 0.009973}}
{"target": -267.0235437419149, "params": {"gamma": 5.641829191069348, "prior": 1.630298027663653, "rate": 7.421983140023526}, "datetime": {"datetime": "2024-06-14 18:10:42", "elapsed": 14.279194, "delta": 0.009974}}
{"target": -188.07725150391073, "params": {"gamma": 3.6015667876147712, "prior": 6.08627280178168, "rate": 0.06592323285271869}, "datetime": {"datetime": "2024-06-14 18:10:42", "elapsed": 14.289167, "delta": 0.009973}}
{"target": -251.59707422677795, "params": {"gamma": 5.905563148843087, "prior": 7.360917509441076, "rate": 3.457397702569941}, "datetime": {"datetime": "2024-06-14 18:10:42", "elapsed": 14.299141, "delta": 0.009974}}
{"target": -325.524962854798, "params": {"gamma": 7.593538905555558, "prior": 4.327004199431187, "rate": 4.2325773823623205}, "datetime": {"datetime": "2024-06-14 18:10:42", "elapsed": 14.309146, "delta": 0.010005}}
{"target": -162.44024599189214, "params": {"gamma": 2.994227023324736, "prior": 7.436483296398663, "rate": 9.17093155390691}, "datetime": {"datetime": "2024-06-14 18:10:42", "elapsed": 14.320118, "delta": 0.010972}}
{"target": -205.31599552890026, "params": {"gamma": 4.431569286643207, "prior": 9.87114802409179, "rate": 7.995077879366126}, "datetime": {"datetime": "2024-06-14 18:10:42", "elapsed": 14.32906, "delta": 0.008942}}
{"target": -167.05505052713175, "params": {"gamma": 3.1130412574876014, "prior": 2.407742452022888, "rate": 3.5900011043724316}, "datetime": {"datetime": "2024-06-14 18:10:42", "elapsed": 14.339034, "delta": 0.009974}}
{"target": -196.66644386686113, "params": {"gamma": 4.047288190987675, "prior": 5.009393075339859, "rate": 7.015635889608674}, "datetime": {"datetime": "2024-06-14 18:10:42", "elapsed": 14.349007, "delta": 0.009973}}
{"target": -380.0070009168866, "params": {"gamma": 8.410142349236114, "prior": 0.6848328152847544, "rate": 4.531267048059634}, "datetime": {"datetime": "2024-06-14 18:10:42", "elapsed": 14.358682, "delta": 0.009675}}
{"target": -203.95116435441955, "params": {"gamma": 4.276131343403098, "prior": 4.29792090355555, "rate": 5.637207208839824}, "datetime": {"datetime": "2024-06-14 18:10:42", "elapsed": 14.368654, "delta": 0.009972}}
{"target": -412.81725616238964, "params": {"gamma": 9.3980782998847, "prior": 3.3701820193455276, "rate": 9.489732453291571}, "datetime": {"datetime": "2024-06-14 18:10:42", "elapsed": 14.377631, "delta": 0.008977}}
{"target": -148.61808190146894, "params": {"gamma": 2.4595966948386168, "prior": 5.529209774430184, "rate": 7.134294959360631}, "datetime": {"datetime": "2024-06-14 18:10:42", "elapsed": 14.387605, "delta": 0.009974}}
{"target": -376.2497248414523, "params": {"gamma": 8.806336338229208, "prior": 7.838817028821818, "rate": 9.657646828616505}, "datetime": {"datetime": "2024-06-14 18:10:42", "elapsed": 14.397611, "delta": 0.010006}}
{"target": -242.58120855176153, "params": {"gamma": 5.511879884156932, "prior": 9.063720741650819, "rate": 6.547188885206358}, "datetime": {"datetime": "2024-06-14 18:10:42", "elapsed": 14.409546, "delta": 0.011935}}
{"target": -137.17628193815145, "params": {"gamma": 1.6909319518823145, "prior": 0.4035410799066549, "rate": 7.608044237084763}, "datetime": {"datetime": "2024-06-14 18:10:42", "elapsed": 14.419519, "delta": 0.009973}}
{"target": -278.40273677380515, "params": {"gamma": 6.776523100769331, "prior": 2.9543033032339645, "rate": 1.061060113331068}, "datetime": {"datetime": "2024-06-14 18:10:42", "elapsed": 14.429492, "delta": 0.009973}}
{"target": -294.7904402887623, "params": {"gamma": 6.894912753981151, "prior": 7.519579902429176, "rate": 5.583261815945312}, "datetime": {"datetime": "2024-06-14 18:10:42", "elapsed": 14.438468, "delta": 0.008976}}
{"target": -298.55220576899495, "params": {"gamma": 6.6527083965787845, "prior": 4.10020372138982, "rate": 8.661009108350234}, "datetime": {"datetime": "2024-06-14 18:10:42", "elapsed": 14.448442, "delta": 0.009974}}
{"target": -237.13265922916835, "params": {"gamma": 5.3244804162311095, "prior": 8.95890809663211, "rate": 7.397355841077811}, "datetime": {"datetime": "2024-06-14 18:10:42", "elapsed": 14.458417, "delta": 0.009975}}
{"target": -237.57205696969032, "params": {"gamma": 5.229495878098283, "prior": 7.224605596526511, "rate": 8.867573377717738}, "datetime": {"datetime": "2024-06-14 18:10:42", "elapsed": 14.46839, "delta": 0.009973}}
{"target": -138.9187604046511, "params": {"gamma": 1.9459183399439965, "prior": 4.355070012521711, "rate": 8.593650736304962}, "datetime": {"datetime": "2024-06-14 18:10:42", "elapsed": 14.478393, "delta": 0.010003}}
{"target": -135.83934401713861, "params": {"gamma": 0.30593315470351806, "prior": 1.417513603339808, "rate": 4.0540634531511355}, "datetime": {"datetime": "2024-06-14 18:10:42", "elapsed": 14.488178, "delta": 0.009785}}
{"target": -129.2520103257842, "params": {"gamma": 1.1244776218587826, "prior": 7.288904924237335, "rate": 9.74812518591709}, "datetime": {"datetime": "2024-06-14 18:10:42", "elapsed": 14.498151, "delta": 0.009973}}
{"target": -211.91199309752616, "params": {"gamma": 4.891176585226112, "prior": 9.606648176679078, "rate": 1.3585554114606393}, "datetime": {"datetime": "2024-06-14 18:10:42", "elapsed": 14.508124, "delta": 0.009973}}
{"target": -306.3506832359314, "params": {"gamma": 7.004733804599716, "prior": 5.8702973117927115, "rate": 7.917543891275795}, "datetime": {"datetime": "2024-06-14 18:10:42", "elapsed": 14.523085, "delta": 0.014961}}
{"target": -232.58079979729206, "params": {"gamma": 5.377468422835572, "prior": 9.80093869090961, "rate": 4.397088163352406}, "datetime": {"datetime": "2024-06-14 18:10:42", "elapsed": 14.53605, "delta": 0.012965}}
{"target": -384.94709928897026, "params": {"gamma": 9.502773262661462, "prior": 9.190957370002844, "rate": 4.2392728592820275}, "datetime": {"datetime": "2024-06-14 18:10:42", "elapsed": 14.546023, "delta": 0.009973}}
{"target": -206.83471149533608, "params": {"gamma": 4.105808538326242, "prior": 0.2974759465557887, "rate": 4.485492635920682}, "datetime": {"datetime": "2024-06-14 18:10:42", "elapsed": 14.556502, "delta": 0.010479}}
{"target": -138.28692108717064, "params": {"gamma": 1.9949007104567833, "prior": 3.4256637772910272, "rate": 2.8258754102309727}, "datetime": {"datetime": "2024-06-14 18:10:42", "elapsed": 14.565478, "delta": 0.008976}}
{"target": -294.57466791186744, "params": {"gamma": 6.702309477116513, "prior": 4.457718385964588, "rate": 6.002889962165791}, "datetime": {"datetime": "2024-06-14 18:10:42", "elapsed": 14.575451, "delta": 0.009973}}
{"target": -353.59885322493625, "params": {"gamma": 8.435340806411245, "prior": 8.344442848168343, "rate": 5.855987869562886}, "datetime": {"datetime": "2024-06-14 18:10:42", "elapsed": 14.585425, "delta": 0.009974}}
{"target": -197.93048976366703, "params": {"gamma": 4.405923932616606, "prior": 4.064061545938616, "rate": 0.7122002336399037}, "datetime": {"datetime": "2024-06-14 18:10:42", "elapsed": 14.595398, "delta": 0.009973}}
{"target": -209.64998807270058, "params": {"gamma": 4.674352425274426, "prior": 4.090123873148685, "rate": 2.0161053969500373}, "datetime": {"datetime": "2024-06-14 18:10:42", "elapsed": 14.604374, "delta": 0.008976}}
{"target": -346.92011822026234, "params": {"gamma": 8.027446895117734, "prior": 7.011664981432901, "rate": 9.754105729983317}, "datetime": {"datetime": "2024-06-14 18:10:42", "elapsed": 14.614348, "delta": 0.009974}}
{"target": -189.10173530804533, "params": {"gamma": 3.8557726961887338, "prior": 4.227583085286738, "rate": 5.197829460123607}, "datetime": {"datetime": "2024-06-14 18:10:42", "elapsed": 14.624321, "delta": 0.009973}}
{"target": -180.73609168037524, "params": {"gamma": 3.5335312774873016, "prior": 5.497942769513592, "rate": 8.897635664817782}, "datetime": {"datetime": "2024-06-14 18:10:42", "elapsed": 14.634294, "delta": 0.009973}}
{"target": -332.1706866615217, "params": {"gamma": 7.305463347346481, "prior": 2.144468303025567, "rate": 8.001728642806308}, "datetime": {"datetime": "2024-06-14 18:10:42", "elapsed": 14.644268, "delta": 0.009974}}
{"target": -322.7626641966359, "params": {"gamma": 7.953285322327399, "prior": 8.011000507978151, "rate": 3.168709736973412}, "datetime": {"datetime": "2024-06-14 18:10:42", "elapsed": 14.653775, "delta": 0.009507}}
{"target": -248.97432170867708, "params": {"gamma": 6.129902255734795, "prior": 6.557680721273064, "rate": 1.203129814105274}, "datetime": {"datetime": "2024-06-14 18:10:42", "elapsed": 14.663722, "delta": 0.009947}}
{"target": -396.7757875091053, "params": {"gamma": 9.1868342285534, "prior": 3.7445441578197576, "rate": 6.884078859625151}, "datetime": {"datetime": "2024-06-14 18:10:42", "elapsed": 14.673696, "delta": 0.009974}}
{"target": -396.7784233943753, "params": {"gamma": 9.283455455258283, "prior": 6.781234415399158, "rate": 9.38483564986149}, "datetime": {"datetime": "2024-06-14 18:10:42", "elapsed": 14.683669, "delta": 0.009973}}
{"target": -320.2916701988678, "params": {"gamma": 6.991377462572233, "prior": 1.7914931567760517, "rate": 7.289326185240949}, "datetime": {"datetime": "2024-06-14 18:10:42", "elapsed": 14.693643, "delta": 0.009974}}
{"target": -202.04383365038908, "params": {"gamma": 4.05779575275768, "prior": 3.2538756044600095, "rate": 7.806682064739028}, "datetime": {"datetime": "2024-06-14 18:10:42", "elapsed": 14.703616, "delta": 0.009973}}
{"target": -307.80925283791265, "params": {"gamma": 7.905100864498175, "prior": 9.495216479998318, "rate": 2.032649766796406}, "datetime": {"datetime": "2024-06-14 18:10:42", "elapsed": 14.712592, "delta": 0.008976}}
{"target": -235.03930365661398, "params": {"gamma": 5.32711064694857, "prior": 7.744012340448712, "rate": 5.163972338729523}, "datetime": {"datetime": "2024-06-14 18:10:42", "elapsed": 14.722565, "delta": 0.009973}}
{"target": -143.8435301722722, "params": {"gamma": 2.2886357530249133, "prior": 9.95337388401892, "rate": 8.893309115794231}, "datetime": {"datetime": "2024-06-14 18:10:42", "elapsed": 14.732539, "delta": 0.009974}}
{"target": -260.53444864431634, "params": {"gamma": 5.77185622802849, "prior": 5.426673287750362, "rate": 8.39992120466477}, "datetime": {"datetime": "2024-06-14 18:10:42", "elapsed": 14.742512, "delta": 0.009973}}
{"target": -374.93867398786335, "params": {"gamma": 9.146425179600218, "prior": 8.213895021249606, "rate": 4.3286649457508}, "datetime": {"datetime": "2024-06-14 18:10:42", "elapsed": 14.752485, "delta": 0.009973}}
{"target": -375.4783721227858, "params": {"gamma": 8.556375691660442, "prior": 2.333492784740386, "rate": 5.405620154121501}, "datetime": {"datetime": "2024-06-14 18:10:42", "elapsed": 14.762458, "delta": 0.009973}}
{"target": -166.50777592217483, "params": {"gamma": 3.1521877359098176, "prior": 1.2843815076826866, "rate": 1.455974015579314}, "datetime": {"datetime": "2024-06-14 18:10:42", "elapsed": 14.771434, "delta": 0.008976}}
{"target": -413.7515415962761, "params": {"gamma": 9.366111572060866, "prior": 2.0304250356307176, "rate": 6.499451382283563}, "datetime": {"datetime": "2024-06-14 18:10:42", "elapsed": 14.781407, "delta": 0.009973}}
{"target": -147.84212523170535, "params": {"gamma": 2.391972458242885, "prior": 5.302148770050018, "rate": 1.307211406941315}, "datetime": {"datetime": "2024-06-14 18:10:42", "elapsed": 14.791381, "delta": 0.009974}}
{"target": -161.63526258413484, "params": {"gamma": 2.89611392001835, "prior": 4.065192847476347, "rate": 7.067081063453817}, "datetime": {"datetime": "2024-06-14 18:10:43", "elapsed": 14.801354, "delta": 0.009973}}
{"target": -388.1315596891924, "params": {"gamma": 9.0107982835773, "prior": 4.342913606645138, "rate": 7.138505863828612}, "datetime": {"datetime": "2024-06-14 18:10:43", "elapsed": 14.811327, "delta": 0.009973}}
{"target": -131.691346985322, "params": {"gamma": 1.391725519034242, "prior": 1.0956932372792056, "rate": 4.481647794143768}, "datetime": {"datetime": "2024-06-14 18:10:43", "elapsed": 14.821301, "delta": 0.009974}}
{"target": -343.09579311374114, "params": {"gamma": 7.605301828565939, "prior": 2.392991312329407, "rate": 8.09151910411932}, "datetime": {"datetime": "2024-06-14 18:10:43", "elapsed": 14.831274, "delta": 0.009973}}
{"target": -156.12483658968847, "params": {"gamma": 2.5248249478764953, "prior": 0.9296321465117505, "rate": 5.130493139683857}, "datetime": {"datetime": "2024-06-14 18:10:43", "elapsed": 14.841247, "delta": 0.009973}}
{"target": -144.54081918767167, "params": {"gamma": 0.010777103781384231, "prior": 7.110319091630252, "rate": 7.390853426863938}, "datetime": {"datetime": "2024-06-14 18:10:43", "elapsed": 14.851221, "delta": 0.009974}}
{"target": -405.8141631939025, "params": {"gamma": 9.73322264344219, "prior": 6.6653296080007065, "rate": 4.942673042576449}, "datetime": {"datetime": "2024-06-14 18:10:43", "elapsed": 14.861194, "delta": 0.009973}}
{"target": -134.55553083263615, "params": {"gamma": 0.7371595478477164, "prior": 5.389520768514386, "rate": 1.4191621099841882}, "datetime": {"datetime": "2024-06-14 18:10:43", "elapsed": 14.87017, "delta": 0.008976}}
{"target": -323.58497173485495, "params": {"gamma": 8.024085235114102, "prior": 5.803873620313776, "rate": 2.1299294622685796}, "datetime": {"datetime": "2024-06-14 18:10:43", "elapsed": 14.880143, "delta": 0.009973}}
{"target": -313.93073694439556, "params": {"gamma": 7.070844731569463, "prior": 3.3967839214683155, "rate": 6.691313025057773}, "datetime": {"datetime": "2024-06-14 18:10:43", "elapsed": 14.890117, "delta": 0.009974}}
{"target": -354.5365318550377, "params": {"gamma": 7.795731330379866, "prior": 0.9571035750915102, "rate": 5.107053969244893}, "datetime": {"datetime": "2024-06-14 18:10:43", "elapsed": 14.90012, "delta": 0.010003}}
{"target": -131.5235300577403, "params": {"gamma": 1.0376399462769927, "prior": 6.5296689069268, "rate": 3.155663327191296}, "datetime": {"datetime": "2024-06-14 18:10:43", "elapsed": 14.910063, "delta": 0.009943}}
{"target": -294.82026185865413, "params": {"gamma": 6.435368403054906, "prior": 0.5806824424773391, "rate": 8.67009697380327}, "datetime": {"datetime": "2024-06-14 18:10:43", "elapsed": 14.919039, "delta": 0.008976}}
{"target": -209.6210999603229, "params": {"gamma": 4.78211439086565, "prior": 7.956176567412768, "rate": 2.267143144700332}, "datetime": {"datetime": "2024-06-14 18:10:43", "elapsed": 14.929013, "delta": 0.009974}}
{"target": -172.30885074141528, "params": {"gamma": 3.3504024487870745, "prior": 7.661371739793161, "rate": 8.534375742625368}, "datetime": {"datetime": "2024-06-14 18:10:43", "elapsed": 14.938987, "delta": 0.009974}}
