{"target": -395.6287563504747, "params": {"gamma": 7.113433866846732, "prior": 5.583457649409001, "rate": 3.0458753612182816}, "datetime": {"datetime": "2024-06-14 04:07:26", "elapsed": 1.92353, "delta": 0.009972}}
{"target": -368.7546619114473, "params": {"gamma": 8.348705622270353, "prior": 4.409528980532247, "rate": 9.234638694972633}, "datetime": {"datetime": "2024-06-14 04:07:26", "elapsed": 1.932506, "delta": 0.008976}}
{"target": -482.5355893320579, "params": {"gamma": 7.0608119915549965, "prior": 4.8325099488563055, "rate": 1.2629748273898376}, "datetime": {"datetime": "2024-06-14 04:07:26", "elapsed": 1.941482, "delta": 0.008976}}
{"target": -396.7868666298212, "params": {"gamma": 9.760459461127008, "prior": 1.6823531384065245, "rate": 2.026818650071406}, "datetime": {"datetime": "2024-06-14 04:07:26", "elapsed": 1.950459, "delta": 0.008977}}
{"target": -288.4441596974425, "params": {"gamma": 4.312386369848549, "prior": 4.101598867173958, "rate": 1.4683680561621768}, "datetime": {"datetime": "2024-06-14 04:07:26", "elapsed": 1.959435, "delta": 0.008976}}
{"target": -374.6799124381709, "params": {"gamma": 7.293459874691873, "prior": 1.968576162084141, "rate": 6.439312547472317}, "datetime": {"datetime": "2024-06-14 04:07:26", "elapsed": 1.968413, "delta": 0.008978}}
{"target": -365.74062893316705, "params": {"gamma": 7.543305199812411, "prior": 2.1862506816248755, "rate": 6.0099415268282925}, "datetime": {"datetime": "2024-06-14 04:07:26", "elapsed": 1.978387, "delta": 0.009974}}
{"target": -339.365991901967, "params": {"gamma": 7.489534824083119, "prior": 6.418365235141301, "rate": 5.971675902163545}, "datetime": {"datetime": "2024-06-14 04:07:26", "elapsed": 1.987355, "delta": 0.008968}}
{"target": -167.01981994445273, "params": {"gamma": 2.955527374269315, "prior": 7.342904065290937, "rate": 9.453139091559498}, "datetime": {"datetime": "2024-06-14 04:07:26", "elapsed": 1.996129, "delta": 0.008774}}
{"target": -369.3653833399148, "params": {"gamma": 4.256188341225208, "prior": 7.843599986630912, "rate": 0.5623542555794911}, "datetime": {"datetime": "2024-06-14 04:07:26", "elapsed": 2.005104, "delta": 0.008975}}
{"target": -363.0107107546023, "params": {"gamma": 8.35288075329717, "prior": 2.0032751665392623, "rate": 3.951573592030842}, "datetime": {"datetime": "2024-06-14 04:07:26", "elapsed": 2.01408, "delta": 0.008976}}
{"target": -227.89819938262542, "params": {"gamma": 3.001510378207639, "prior": 0.893026073679888, "rate": 9.046405398359493}, "datetime": {"datetime": "2024-06-14 04:07:26", "elapsed": 2.024054, "delta": 0.009974}}
{"target": -199.21665038750524, "params": {"gamma": 3.702171621359829, "prior": 5.353904640913781, "rate": 4.941668542697355}, "datetime": {"datetime": "2024-06-14 04:07:26", "elapsed": 2.032032, "delta": 0.007978}}
{"target": -156.8803925668492, "params": {"gamma": 1.3224792582874385, "prior": 2.143895183005387, "rate": 0.7628119015141794}, "datetime": {"datetime": "2024-06-14 04:07:26", "elapsed": 2.041008, "delta": 0.008976}}
{"target": -233.29693815298538, "params": {"gamma": 5.07970907775293, "prior": 2.6893405631465725, "rate": 3.5712590272190368}, "datetime": {"datetime": "2024-06-14 04:07:26", "elapsed": 2.049984, "delta": 0.008976}}
{"target": -170.78352360947636, "params": {"gamma": 1.0815452216436712, "prior": 7.896763212559821, "rate": 1.0667321840112223}, "datetime": {"datetime": "2024-06-14 04:07:26", "elapsed": 2.059957, "delta": 0.009973}}
{"target": -487.2747432628049, "params": {"gamma": 9.857102528308165, "prior": 1.8538955279403317, "rate": 5.724478719234059}, "datetime": {"datetime": "2024-06-14 04:07:26", "elapsed": 2.068483, "delta": 0.008526}}
{"target": -151.7834014883528, "params": {"gamma": 0.4494085005562922, "prior": 7.892451267592758, "rate": 1.8968698722351471}, "datetime": {"datetime": "2024-06-14 04:07:26", "elapsed": 2.077459, "delta": 0.008976}}
{"target": -388.143576092944, "params": {"gamma": 5.279511880102859, "prior": 7.426767677274809, "rate": 1.5001649176876422}, "datetime": {"datetime": "2024-06-14 04:07:26", "elapsed": 2.086436, "delta": 0.008977}}
{"target": -294.94457028410545, "params": {"gamma": 5.511320654695531, "prior": 2.2445103624549163, "rate": 7.592201297122131}, "datetime": {"datetime": "2024-06-14 04:07:26", "elapsed": 2.095411, "delta": 0.008975}}
{"target": -413.1643345567723, "params": {"gamma": 7.229429020368581, "prior": 1.847835439343122, "rate": 8.619803610113067}, "datetime": {"datetime": "2024-06-14 04:07:26", "elapsed": 2.105384, "delta": 0.009973}}
{"target": -147.4685774419419, "params": {"gamma": 0.1987312200639263, "prior": 8.61634627448884, "rate": 5.589479207798223}, "datetime": {"datetime": "2024-06-14 04:07:26", "elapsed": 2.114361, "delta": 0.008977}}
{"target": -209.68252227654045, "params": {"gamma": 4.032801500586387, "prior": 7.611594617121132, "rate": 7.169573087923007}, "datetime": {"datetime": "2024-06-14 04:07:26", "elapsed": 2.123337, "delta": 0.008976}}
{"target": -845.0278304781965, "params": {"gamma": 9.873274421909457, "prior": 2.8530419812685297, "rate": 0.03893293042101652}, "datetime": {"datetime": "2024-06-14 04:07:26", "elapsed": 2.132313, "delta": 0.008976}}
{"target": -427.8101914759648, "params": {"gamma": 9.339092180540563, "prior": 8.593181334925148, "rate": 7.28877992431504}, "datetime": {"datetime": "2024-06-14 04:07:26", "elapsed": 2.141289, "delta": 0.008976}}
{"target": -241.6134007538584, "params": {"gamma": 5.167371140432463, "prior": 7.098866827962734, "rate": 7.805515039210552}, "datetime": {"datetime": "2024-06-14 04:07:26", "elapsed": 2.150265, "delta": 0.008976}}
{"target": -198.67312068064882, "params": {"gamma": 3.749384559425057, "prior": 7.72619300076658, "rate": 7.506492567432579}, "datetime": {"datetime": "2024-06-14 04:07:26", "elapsed": 2.15924, "delta": 0.008975}}
{"target": -272.06124792251376, "params": {"gamma": 6.132498904231054, "prior": 4.07847264728159, "rate": 6.9733828846241455}, "datetime": {"datetime": "2024-06-14 04:07:26", "elapsed": 2.168723, "delta": 0.009483}}
{"target": -153.7738175238682, "params": {"gamma": 0.032125465394095866, "prior": 7.771476802573518, "rate": 8.964269607966013}, "datetime": {"datetime": "2024-06-14 04:07:26", "elapsed": 2.1777, "delta": 0.008977}}
{"target": -150.55573097297028, "params": {"gamma": 2.393917758667609, "prior": 1.2955951246613744, "rate": 2.2036195939494823}, "datetime": {"datetime": "2024-06-14 04:07:26", "elapsed": 2.186675, "delta": 0.008975}}
{"target": -193.98185024761588, "params": {"gamma": 3.021665216169693, "prior": 8.841982234781959, "rate": 5.432121135950708}, "datetime": {"datetime": "2024-06-14 04:07:26", "elapsed": 2.195681, "delta": 0.009006}}
{"target": -165.7810916060533, "params": {"gamma": 2.8678297844146994, "prior": 1.4697114289501707, "rate": 2.902154486582312}, "datetime": {"datetime": "2024-06-14 04:07:27", "elapsed": 2.204857, "delta": 0.009176}}
{"target": -268.15677315833994, "params": {"gamma": 6.139097026322785, "prior": 3.3089714459847217, "rate": 4.574144456728294}, "datetime": {"datetime": "2024-06-14 04:07:27", "elapsed": 2.21334, "delta": 0.008483}}
{"target": -267.3005440748677, "params": {"gamma": 4.441726953059129, "prior": 8.29854007124197, "rate": 4.264055194208071}, "datetime": {"datetime": "2024-06-14 04:07:27", "elapsed": 2.222316, "delta": 0.008976}}
{"target": -248.45230433894127, "params": {"gamma": 3.4576425129338477, "prior": 6.782218887610141, "rate": 2.215599075279554}, "datetime": {"datetime": "2024-06-14 04:07:27", "elapsed": 2.232289, "delta": 0.009973}}
{"target": -225.98397850123936, "params": {"gamma": 4.672990993441612, "prior": 3.216180304507763, "rate": 6.268929166026184}, "datetime": {"datetime": "2024-06-14 04:07:27", "elapsed": 2.241265, "delta": 0.008976}}
{"target": -367.22334540005477, "params": {"gamma": 8.773727386473432, "prior": 4.532121101441722, "rate": 7.84478973050044}, "datetime": {"datetime": "2024-06-14 04:07:27", "elapsed": 2.250217, "delta": 0.008952}}
{"target": -343.0270758893557, "params": {"gamma": 4.570200039914943, "prior": 6.596670383999601, "rate": 1.3192779092999938}, "datetime": {"datetime": "2024-06-14 04:07:27", "elapsed": 2.259193, "delta": 0.008976}}
{"target": -242.31816060198514, "params": {"gamma": 4.3303820881695145, "prior": 9.102188687683872, "rate": 6.055184531308316}, "datetime": {"datetime": "2024-06-14 04:07:27", "elapsed": 2.268105, "delta": 0.008912}}
{"target": -340.6444200646186, "params": {"gamma": 7.6679790977837845, "prior": 5.096536020149354, "rate": 4.981058192655247}, "datetime": {"datetime": "2024-06-14 04:07:27", "elapsed": 2.277081, "delta": 0.008976}}
{"target": -540.0170732910798, "params": {"gamma": 8.429155502088307, "prior": 0.7712886499754421, "rate": 5.733149443225297}, "datetime": {"datetime": "2024-06-14 04:07:27", "elapsed": 2.287054, "delta": 0.009973}}
{"target": -585.3185621123384, "params": {"gamma": 9.42768299175406, "prior": 5.226814476905987, "rate": 1.945463629469317}, "datetime": {"datetime": "2024-06-14 04:07:27", "elapsed": 2.299022, "delta": 0.011968}}
{"target": -404.79476063118807, "params": {"gamma": 8.479545985042318, "prior": 2.5912275093229433, "rate": 7.007559638788898}, "datetime": {"datetime": "2024-06-14 04:07:27", "elapsed": 2.307998, "delta": 0.008976}}
{"target": -290.2011133809953, "params": {"gamma": 5.403069143028603, "prior": 9.493479253974174, "rate": 6.2437426873243576}, "datetime": {"datetime": "2024-06-14 04:07:27", "elapsed": 2.316974, "delta": 0.008976}}
{"target": -681.165268251199, "params": {"gamma": 8.379941642515245, "prior": 0.17853547432577865, "rate": 9.893411221610213}, "datetime": {"datetime": "2024-06-14 04:07:27", "elapsed": 2.326948, "delta": 0.009974}}
{"target": -122.39792442494971, "params": {"gamma": 0.7780679887535326, "prior": 3.2890821847862193, "rate": 9.461577802172197}, "datetime": {"datetime": "2024-06-14 04:07:27", "elapsed": 2.335953, "delta": 0.009005}}
{"target": -150.36342322693324, "params": {"gamma": 0.09038208461007943, "prior": 8.24502705367716, "rate": 8.612255172029577}, "datetime": {"datetime": "2024-06-14 04:07:27", "elapsed": 2.3449, "delta": 0.008947}}
{"target": -238.3509051544198, "params": {"gamma": 4.398868311271517, "prior": 2.631877418678719, "rate": 8.027092506813352}, "datetime": {"datetime": "2024-06-14 04:07:27", "elapsed": 2.353876, "delta": 0.008976}}
{"target": -308.01756335857516, "params": {"gamma": 4.77914218231778, "prior": 1.429952225691392, "rate": 9.278562079257282}, "datetime": {"datetime": "2024-06-14 04:07:27", "elapsed": 2.363151, "delta": 0.009275}}
{"target": -373.7358756239886, "params": {"gamma": 8.959803700099478, "prior": 4.966296985167659, "rate": 8.567168262681404}, "datetime": {"datetime": "2024-06-14 04:07:27", "elapsed": 2.372127, "delta": 0.008976}}
{"target": -246.13104313041208, "params": {"gamma": 4.1863616796152225, "prior": 6.866302511646381, "rate": 3.9805084034398166}, "datetime": {"datetime": "2024-06-14 04:07:27", "elapsed": 2.381104, "delta": 0.008977}}
{"target": -302.20590714783975, "params": {"gamma": 5.057914432490653, "prior": 1.9765618580558806, "rate": 9.649924252185027}, "datetime": {"datetime": "2024-06-14 04:07:27", "elapsed": 2.39008, "delta": 0.008976}}
{"target": -166.68238689771562, "params": {"gamma": 2.9428626667543027, "prior": 1.1242496055523734, "rate": 1.4440096868902519}, "datetime": {"datetime": "2024-06-14 04:07:27", "elapsed": 2.399055, "delta": 0.008975}}
{"target": -148.76366495055544, "params": {"gamma": 0.14190884963023712, "prior": 7.187862424677705, "rate": 5.645418704088501}, "datetime": {"datetime": "2024-06-14 04:07:27", "elapsed": 2.408031, "delta": 0.008976}}
{"target": -331.4205523620362, "params": {"gamma": 7.945988933496338, "prior": 5.12009124051295, "rate": 7.918418574002035}, "datetime": {"datetime": "2024-06-14 04:07:27", "elapsed": 2.417007, "delta": 0.008976}}
{"target": -393.81817914850643, "params": {"gamma": 6.957946378504123, "prior": 7.800699920905836, "rate": 4.065422206901887}, "datetime": {"datetime": "2024-06-14 04:07:27", "elapsed": 2.426024, "delta": 0.009017}}
{"target": -284.25123809004674, "params": {"gamma": 6.478058561241625, "prior": 1.8799635471604466, "rate": 3.2188778139156518}, "datetime": {"datetime": "2024-06-14 04:07:27", "elapsed": 2.435, "delta": 0.008976}}
{"target": -153.40207900767965, "params": {"gamma": 1.7268735965778053, "prior": 4.145508527631297, "rate": 2.4149460609080227}, "datetime": {"datetime": "2024-06-14 04:07:27", "elapsed": 2.443976, "delta": 0.008976}}
{"target": -281.115053406219, "params": {"gamma": 4.069813019299451, "prior": 9.75470119012939, "rate": 3.2038729388944907}, "datetime": {"datetime": "2024-06-14 04:07:27", "elapsed": 2.453949, "delta": 0.009973}}
{"target": -523.6830119895695, "params": {"gamma": 9.824926958803978, "prior": 6.399430645974237, "rate": 3.7515350929207165}, "datetime": {"datetime": "2024-06-14 04:07:27", "elapsed": 2.463113, "delta": 0.009164}}
{"target": -521.2842627273716, "params": {"gamma": 8.574987506336882, "prior": 6.2339087197488805, "rate": 2.521078768228263}, "datetime": {"datetime": "2024-06-14 04:07:27", "elapsed": 2.472088, "delta": 0.008975}}
{"target": -374.61318278659064, "params": {"gamma": 7.9287639240909, "prior": 4.386091236468214, "rate": 3.5757541621370836}, "datetime": {"datetime": "2024-06-14 04:07:27", "elapsed": 2.481065, "delta": 0.008977}}
{"target": -231.5147468838736, "params": {"gamma": 3.3034390883142843, "prior": 7.003951868570081, "rate": 2.6872325889383593}, "datetime": {"datetime": "2024-06-14 04:07:27", "elapsed": 2.49004, "delta": 0.008975}}
{"target": -344.9747505489885, "params": {"gamma": 8.082971859040095, "prior": 3.0233590645584933, "rate": 5.441669714469987}, "datetime": {"datetime": "2024-06-14 04:07:27", "elapsed": 2.499016, "delta": 0.008976}}
{"target": -234.43818547792105, "params": {"gamma": 4.879726996560219, "prior": 8.56802848469416, "rate": 8.883975957519464}, "datetime": {"datetime": "2024-06-14 04:07:27", "elapsed": 2.507992, "delta": 0.008976}}
{"target": -137.15501396542555, "params": {"gamma": 1.8446600392352996, "prior": 5.894949743488685, "rate": 8.982152255125355}, "datetime": {"datetime": "2024-06-14 04:07:27", "elapsed": 2.517966, "delta": 0.009974}}
{"target": -309.05052607219216, "params": {"gamma": 4.461726073125263, "prior": 9.226496224289772, "rate": 2.790629913679252}, "datetime": {"datetime": "2024-06-14 04:07:27", "elapsed": 2.526942, "delta": 0.008976}}
{"target": -397.4028971307066, "params": {"gamma": 6.0887029107637645, "prior": 6.856291726691472, "rate": 2.2828291277714907}, "datetime": {"datetime": "2024-06-14 04:07:27", "elapsed": 2.535918, "delta": 0.008976}}
{"target": -144.77974127631487, "params": {"gamma": 0.13866135806461027, "prior": 4.225567227469891, "rate": 9.384880436675484}, "datetime": {"datetime": "2024-06-14 04:07:27", "elapsed": 2.544894, "delta": 0.008976}}
{"target": -267.41898850621305, "params": {"gamma": 3.430938070194235, "prior": 7.819468525277739, "rate": 1.7481883919612469}, "datetime": {"datetime": "2024-06-14 04:07:27", "elapsed": 2.55387, "delta": 0.008976}}
{"target": -217.3548328031697, "params": {"gamma": 3.420186410188222, "prior": 1.531517436297158, "rate": 7.167991370649615}, "datetime": {"datetime": "2024-06-14 04:07:27", "elapsed": 2.562846, "delta": 0.008976}}
{"target": -441.03520385349844, "params": {"gamma": 6.993376929344446, "prior": 6.916123447694296, "rate": 2.5347069488285103}, "datetime": {"datetime": "2024-06-14 04:07:27", "elapsed": 2.571822, "delta": 0.008976}}
{"target": -302.98478536455644, "params": {"gamma": 6.923908856112466, "prior": 2.350245655067901, "rate": 4.247066510197466}, "datetime": {"datetime": "2024-06-14 04:07:27", "elapsed": 2.580798, "delta": 0.008976}}
{"target": -301.17595444084463, "params": {"gamma": 3.7198492945552046, "prior": 3.61754832503921, "rate": 0.5774904176053226}, "datetime": {"datetime": "2024-06-14 04:07:27", "elapsed": 2.589774, "delta": 0.008976}}
{"target": -301.2581179858928, "params": {"gamma": 6.316834622032531, "prior": 7.102434366548825, "rate": 6.136273356333854}, "datetime": {"datetime": "2024-06-14 04:07:27", "elapsed": 2.59875, "delta": 0.008976}}
{"target": -310.99129808159194, "params": {"gamma": 6.483479248875083, "prior": 1.7824130707508519, "rate": 1.495318542589686}, "datetime": {"datetime": "2024-06-14 04:07:27", "elapsed": 2.607726, "delta": 0.008976}}
{"target": -376.58862648462434, "params": {"gamma": 5.142236260215303, "prior": 8.765793990909938, "rate": 1.8403504620306732}, "datetime": {"datetime": "2024-06-14 04:07:27", "elapsed": 2.616702, "delta": 0.008976}}
{"target": -221.9231903468223, "params": {"gamma": 4.628928347963892, "prior": 4.3464301068960385, "rate": 4.973394570009244}, "datetime": {"datetime": "2024-06-14 04:07:27", "elapsed": 2.626245, "delta": 0.009543}}
{"target": -144.05046734572642, "params": {"gamma": 1.6159461940896331, "prior": 3.4901623472346244, "rate": 2.6195421606310987}, "datetime": {"datetime": "2024-06-14 04:07:27", "elapsed": 2.635221, "delta": 0.008976}}
{"target": -469.55199386061753, "params": {"gamma": 8.44542490535156, "prior": 8.023289233186377, "rate": 4.266964943523168}, "datetime": {"datetime": "2024-06-14 04:07:27", "elapsed": 2.644197, "delta": 0.008976}}
{"target": -318.82959841616105, "params": {"gamma": 6.070547592429601, "prior": 1.5401095416355777, "rate": 5.096623328881369}, "datetime": {"datetime": "2024-06-14 04:07:27", "elapsed": 2.653769, "delta": 0.009572}}
{"target": -181.38404697485367, "params": {"gamma": 2.9701739107832585, "prior": 8.61054444033509, "rate": 6.716312210682993}, "datetime": {"datetime": "2024-06-14 04:07:27", "elapsed": 2.662746, "delta": 0.008977}}
{"target": -337.34291353780685, "params": {"gamma": 6.335106652211588, "prior": 1.3350378706848745, "rate": 4.706408207109359}, "datetime": {"datetime": "2024-06-14 04:07:27", "elapsed": 2.671721, "delta": 0.008975}}
{"target": -495.00383568206485, "params": {"gamma": 9.865741223089229, "prior": 9.488161823319384, "rate": 6.451211316964176}, "datetime": {"datetime": "2024-06-14 04:07:27", "elapsed": 2.680698, "delta": 0.008977}}
{"target": -138.60457871549264, "params": {"gamma": 1.5180969854487043, "prior": 6.427355802327059, "rate": 5.657055463326731}, "datetime": {"datetime": "2024-06-14 04:07:27", "elapsed": 2.689673, "delta": 0.008975}}
{"target": -220.12491125420794, "params": {"gamma": 4.6871897107748595, "prior": 4.337570947735874, "rate": 5.993098286824644}, "datetime": {"datetime": "2024-06-14 04:07:27", "elapsed": 2.698649, "delta": 0.008976}}
{"target": -408.6316281512902, "params": {"gamma": 8.499848915271139, "prior": 7.53609829968218, "rate": 5.794026042432034}, "datetime": {"datetime": "2024-06-14 04:07:27", "elapsed": 2.707625, "delta": 0.008976}}
{"target": -661.047464033804, "params": {"gamma": 9.247117111178744, "prior": 0.7409258360713337, "rate": 9.913473740809359}, "datetime": {"datetime": "2024-06-14 04:07:27", "elapsed": 2.716601, "delta": 0.008976}}
{"target": -127.26513593501285, "params": {"gamma": 0.5308924321372274, "prior": 2.0750059067717572, "rate": 4.228103863783965}, "datetime": {"datetime": "2024-06-14 04:07:27", "elapsed": 2.726575, "delta": 0.009974}}
{"target": -179.45840769998946, "params": {"gamma": 1.0759812529754917, "prior": 6.274337068877248, "rate": 0.4808776479246243}, "datetime": {"datetime": "2024-06-14 04:07:27", "elapsed": 2.735551, "delta": 0.008976}}
{"target": -218.55100082129218, "params": {"gamma": 2.8469541861884147, "prior": 0.7042631430847438, "rate": 7.035489791719707}, "datetime": {"datetime": "2024-06-14 04:07:27", "elapsed": 2.744528, "delta": 0.008977}}
{"target": -387.60636515859744, "params": {"gamma": 6.684893219727232, "prior": 3.847947873180962, "rate": 1.8827544060381822}, "datetime": {"datetime": "2024-06-14 04:07:27", "elapsed": 2.753503, "delta": 0.008975}}
{"target": -343.00664568936185, "params": {"gamma": 7.4703012854704225, "prior": 3.469754978578126, "rate": 7.953216372889023}, "datetime": {"datetime": "2024-06-14 04:07:27", "elapsed": 2.762479, "delta": 0.008976}}
{"target": -423.60854389239057, "params": {"gamma": 4.879521490857024, "prior": 5.304127499074696, "rate": 0.28588000406618064}, "datetime": {"datetime": "2024-06-14 04:07:27", "elapsed": 2.771455, "delta": 0.008976}}
{"target": -340.82881475548226, "params": {"gamma": 6.442675966770439, "prior": 3.5714993740784573, "rate": 2.292821067893365}, "datetime": {"datetime": "2024-06-14 04:07:27", "elapsed": 2.780431, "delta": 0.008976}}
{"target": -210.8667106056732, "params": {"gamma": 4.339399878740795, "prior": 3.8864278269820844, "rate": 4.698420611823517}, "datetime": {"datetime": "2024-06-14 04:07:27", "elapsed": 2.789407, "delta": 0.008976}}
{"target": -425.6459833529659, "params": {"gamma": 9.794854058443883, "prior": 3.7073428966454816, "rate": 7.744326923227059}, "datetime": {"datetime": "2024-06-14 04:07:27", "elapsed": 2.79938, "delta": 0.009973}}
{"target": -346.92201107288844, "params": {"gamma": 5.528123197902375, "prior": 8.90239778216408, "rate": 3.55017355864457}, "datetime": {"datetime": "2024-06-14 04:07:27", "elapsed": 2.808356, "delta": 0.008976}}
{"target": -258.8705721521666, "params": {"gamma": 2.455941283184888, "prior": 9.119090472603986, "rate": 0.43629910331389593}, "datetime": {"datetime": "2024-06-14 04:07:27", "elapsed": 2.817332, "delta": 0.008976}}
{"target": -480.40438836832647, "params": {"gamma": 9.507583527181962, "prior": 5.60842846514216, "rate": 3.764255803654188}, "datetime": {"datetime": "2024-06-14 04:07:27", "elapsed": 2.826308, "delta": 0.008976}}
{"target": -638.60001321357, "params": {"gamma": 9.950528171068772, "prior": 0.6777901968615533, "rate": 5.167546891316355}, "datetime": {"datetime": "2024-06-14 04:07:27", "elapsed": 2.835284, "delta": 0.008976}}
