{"target": -147.38276690906835, "params": {"gamma": 0.5287857773295865, "prior": 8.914019769519989, "rate": 4.045739285423598}, "datetime": {"datetime": "2024-06-14 11:40:45", "elapsed": 8.2317, "delta": 0.008976}}
{"target": -375.70919139517855, "params": {"gamma": 9.292802548221829, "prior": 4.080573920625559, "rate": 0.7692460154620339}, "datetime": {"datetime": "2024-06-14 11:40:45", "elapsed": 8.240676, "delta": 0.008976}}
{"target": -266.1611042035561, "params": {"gamma": 2.4537661400558073, "prior": 3.5675790065013078, "rate": 7.507532195259897}, "datetime": {"datetime": "2024-06-14 11:40:45", "elapsed": 8.250649, "delta": 0.009973}}
{"target": -227.75985015981584, "params": {"gamma": 1.8482967753404873, "prior": 4.366639171886156, "rate": 8.732580952739871}, "datetime": {"datetime": "2024-06-14 11:40:45", "elapsed": 8.259625, "delta": 0.008976}}
{"target": -246.13542277953204, "params": {"gamma": 5.338077152636459, "prior": 1.121231725515661, "rate": 0.24620034805926763}, "datetime": {"datetime": "2024-06-14 11:40:45", "elapsed": 8.269281, "delta": 0.009656}}
{"target": -361.9230691054185, "params": {"gamma": 7.058392201809326, "prior": 9.79336216048635, "rate": 7.851867464260117}, "datetime": {"datetime": "2024-06-14 11:40:45", "elapsed": 8.279254, "delta": 0.009973}}
{"target": -435.8367902039387, "params": {"gamma": 7.647497242257331, "prior": 6.786930405212397, "rate": 7.9552316002763535}, "datetime": {"datetime": "2024-06-14 11:40:45", "elapsed": 8.288229, "delta": 0.008975}}
{"target": -160.1788885949386, "params": {"gamma": 0.40113783894076427, "prior": 2.720348153996855, "rate": 6.9542799621795535}, "datetime": {"datetime": "2024-06-14 11:40:45", "elapsed": 8.297205, "delta": 0.008976}}
{"target": -363.62219551828906, "params": {"gamma": 8.670016307747831, "prior": 6.778608030986559, "rate": 1.7635850037063328}, "datetime": {"datetime": "2024-06-14 11:40:45", "elapsed": 8.307178, "delta": 0.009973}}
{"target": -366.65908610507114, "params": {"gamma": 9.363148290996985, "prior": 9.043449131097443, "rate": 0.8677009826349238}, "datetime": {"datetime": "2024-06-14 11:40:45", "elapsed": 8.315891, "delta": 0.008713}}
{"target": -250.07894279393142, "params": {"gamma": 1.9308073757049558, "prior": 2.824411003044214, "rate": 7.384380294175464}, "datetime": {"datetime": "2024-06-14 11:40:45", "elapsed": 8.325865, "delta": 0.009974}}
{"target": -371.1411553303824, "params": {"gamma": 8.59387390968027, "prior": 5.825391635770356, "rate": 1.9972560609459706}, "datetime": {"datetime": "2024-06-14 11:40:45", "elapsed": 8.334841, "delta": 0.008976}}
{"target": -537.9611864504708, "params": {"gamma": 4.151483786326004, "prior": 1.4648060826146607, "rate": 9.174044472397386}, "datetime": {"datetime": "2024-06-14 11:40:45", "elapsed": 8.344814, "delta": 0.009973}}
{"target": -394.4661740474923, "params": {"gamma": 7.645544873164326, "prior": 5.151116954680168, "rate": 4.536296856665209}, "datetime": {"datetime": "2024-06-14 11:40:45", "elapsed": 8.35379, "delta": 0.008976}}
{"target": -148.4179565076742, "params": {"gamma": 0.9793229413773535, "prior": 3.2548860273732405, "rate": 1.2072073207786072}, "datetime": {"datetime": "2024-06-14 11:40:45", "elapsed": 8.363763, "delta": 0.009973}}
{"target": -350.6752149607658, "params": {"gamma": 7.823598295559239, "prior": 5.494348696094326, "rate": 2.2735465367701733}, "datetime": {"datetime": "2024-06-14 11:40:45", "elapsed": 8.372805, "delta": 0.009042}}
{"target": -210.7216978706651, "params": {"gamma": 2.242804189720107, "prior": 2.677942155406277, "rate": 3.0894186504102437}, "datetime": {"datetime": "2024-06-14 11:40:45", "elapsed": 8.38178, "delta": 0.008975}}
{"target": -360.711375495478, "params": {"gamma": 3.8776636126823174, "prior": 3.0457344305346488, "rate": 6.795879389436971}, "datetime": {"datetime": "2024-06-14 11:40:45", "elapsed": 8.391754, "delta": 0.009974}}
{"target": -157.11118540890712, "params": {"gamma": 0.351701119431484, "prior": 3.3482921178205443, "rate": 7.4531734367072975}, "datetime": {"datetime": "2024-06-14 11:40:45", "elapsed": 8.401012, "delta": 0.009258}}
{"target": -396.00051524274807, "params": {"gamma": 9.428137042767773, "prior": 8.047052246559756, "rate": 2.4090212695059683}, "datetime": {"datetime": "2024-06-14 11:40:45", "elapsed": 8.409989, "delta": 0.008977}}
{"target": -319.54950203287365, "params": {"gamma": 2.329921768369933, "prior": 1.9843342677001725, "rate": 8.825092851051235}, "datetime": {"datetime": "2024-06-14 11:40:45", "elapsed": 8.419508, "delta": 0.009519}}
{"target": -168.82915472286558, "params": {"gamma": 2.3793190167249576, "prior": 7.605988171789962, "rate": 2.611236264315461}, "datetime": {"datetime": "2024-06-14 11:40:45", "elapsed": 8.429481, "delta": 0.009973}}
{"target": -150.72227967541068, "params": {"gamma": 0.3317853522317488, "prior": 7.3611322306807825, "rate": 7.262291896142214}, "datetime": {"datetime": "2024-06-14 11:40:45", "elapsed": 8.438457, "delta": 0.008976}}
{"target": -187.1046286265772, "params": {"gamma": 0.8905021504995737, "prior": 3.334342453503056, "rate": 9.483704536600037}, "datetime": {"datetime": "2024-06-14 11:40:45", "elapsed": 8.447433, "delta": 0.008976}}
{"target": -273.78421477941896, "params": {"gamma": 1.6303270368232625, "prior": 0.9580574792638101, "rate": 5.946444277228148}, "datetime": {"datetime": "2024-06-14 11:40:45", "elapsed": 8.457406, "delta": 0.009973}}
{"target": -920.9239621433862, "params": {"gamma": 9.309967663594373, "prior": 1.424405246656605, "rate": 5.130609924306518}, "datetime": {"datetime": "2024-06-14 11:40:45", "elapsed": 8.466383, "delta": 0.008977}}
{"target": -287.07713444400787, "params": {"gamma": 6.84030814195546, "prior": 1.8011146201075885, "rate": 0.11358767502840258}, "datetime": {"datetime": "2024-06-14 11:40:45", "elapsed": 8.476356, "delta": 0.009973}}
{"target": -1044.6115915274033, "params": {"gamma": 8.876943621666769, "prior": 0.44878957946825926, "rate": 2.575325379792938}, "datetime": {"datetime": "2024-06-14 11:40:45", "elapsed": 8.485332, "delta": 0.008976}}
{"target": -279.4066669738733, "params": {"gamma": 6.5171886333749445, "prior": 2.929251040222046, "rate": 0.09806625815159087}, "datetime": {"datetime": "2024-06-14 11:40:45", "elapsed": 8.494311, "delta": 0.008979}}
{"target": -281.4734405363574, "params": {"gamma": 5.754942892815359, "prior": 3.147143555513635, "rate": 1.5159891044593792}, "datetime": {"datetime": "2024-06-14 11:40:45", "elapsed": 8.504284, "delta": 0.009973}}
{"target": -1020.6803543210154, "params": {"gamma": 9.712861834014069, "prior": 1.7332254521996295, "rate": 7.272627175991628}, "datetime": {"datetime": "2024-06-14 11:40:45", "elapsed": 8.51326, "delta": 0.008976}}
{"target": -365.9639344633041, "params": {"gamma": 8.907351190743636, "prior": 8.601279645696758, "rate": 1.8433864145173096}, "datetime": {"datetime": "2024-06-14 11:40:45", "elapsed": 8.522236, "delta": 0.008976}}
{"target": -414.83517117609335, "params": {"gamma": 2.3688485284086984, "prior": 0.2817901013754669, "rate": 9.314123267181278}, "datetime": {"datetime": "2024-06-14 11:40:45", "elapsed": 8.532209, "delta": 0.009973}}
{"target": -360.5785060822682, "params": {"gamma": 8.871324645396406, "prior": 5.995115072798474, "rate": 1.0945671874130298}, "datetime": {"datetime": "2024-06-14 11:40:45", "elapsed": 8.541185, "delta": 0.008976}}
{"target": -160.22909885762527, "params": {"gamma": 1.736252925778173, "prior": 5.811907672232824, "rate": 2.5173180780279494}, "datetime": {"datetime": "2024-06-14 11:40:45", "elapsed": 8.557142, "delta": 0.015957}}
{"target": -233.2802338301121, "params": {"gamma": 3.0024181605272484, "prior": 1.792774754535882, "rate": 1.8967275990085757}, "datetime": {"datetime": "2024-06-14 11:40:45", "elapsed": 8.566118, "delta": 0.008976}}
{"target": -289.5766197522623, "params": {"gamma": 4.634748122750124, "prior": 5.1477523290215155, "rate": 5.116287316757662}, "datetime": {"datetime": "2024-06-14 11:40:45", "elapsed": 8.576092, "delta": 0.009974}}
{"target": -1149.3300033296487, "params": {"gamma": 9.971390854869842, "prior": 1.3829985909743843, "rate": 7.561942713988967}, "datetime": {"datetime": "2024-06-14 11:40:45", "elapsed": 8.585068, "delta": 0.008976}}
{"target": -394.7343905539584, "params": {"gamma": 7.937773715501701, "prior": 5.890337727828154, "rate": 4.627919064512984}, "datetime": {"datetime": "2024-06-14 11:40:45", "elapsed": 8.594044, "delta": 0.008976}}
{"target": -351.48875183443016, "params": {"gamma": 8.934372946865443, "prior": 8.298984168823933, "rate": 0.5038590693510084}, "datetime": {"datetime": "2024-06-14 11:40:45", "elapsed": 8.604017, "delta": 0.009973}}
{"target": -1475.007779790397, "params": {"gamma": 9.629874547125452, "prior": 0.17266492836107364, "rate": 5.731748914634736}, "datetime": {"datetime": "2024-06-14 11:40:45", "elapsed": 8.612993, "delta": 0.008976}}
{"target": -278.5182819786501, "params": {"gamma": 5.7247357384538, "prior": 8.360358681426117, "rate": 3.8477759631858306}, "datetime": {"datetime": "2024-06-14 11:40:45", "elapsed": 8.622805, "delta": 0.009812}}
{"target": -142.8853918049554, "params": {"gamma": 0.911317649590776, "prior": 5.858703966752355, "rate": 0.24943375777694893}, "datetime": {"datetime": "2024-06-14 11:40:45", "elapsed": 8.632776, "delta": 0.009971}}
{"target": -241.81707235864152, "params": {"gamma": 3.618595813310707, "prior": 9.854636340644698, "rate": 8.687919916680645}, "datetime": {"datetime": "2024-06-14 11:40:45", "elapsed": 8.642751, "delta": 0.009975}}
{"target": -179.4278721299087, "params": {"gamma": 1.525814920870293, "prior": 8.008378281655215, "rate": 8.110158197295846}, "datetime": {"datetime": "2024-06-14 11:40:45", "elapsed": 8.651726, "delta": 0.008975}}
{"target": -707.1412907777974, "params": {"gamma": 9.282143984052633, "prior": 2.3214042338354473, "rate": 4.990175777525101}, "datetime": {"datetime": "2024-06-14 11:40:45", "elapsed": 8.6617, "delta": 0.009974}}
{"target": -420.43751051159893, "params": {"gamma": 8.274613470019348, "prior": 6.706604471482155, "rate": 5.939767497694312}, "datetime": {"datetime": "2024-06-14 11:40:45", "elapsed": 8.670676, "delta": 0.008976}}
{"target": -277.33615989081187, "params": {"gamma": 6.520106231886649, "prior": 2.461308526710229, "rate": 0.2563753086730316}, "datetime": {"datetime": "2024-06-14 11:40:45", "elapsed": 8.680649, "delta": 0.009973}}
{"target": -417.12164269272455, "params": {"gamma": 7.362836317207894, "prior": 3.3352390707756885, "rate": 3.7681921123145443}, "datetime": {"datetime": "2024-06-14 11:40:45", "elapsed": 8.689625, "delta": 0.008976}}
{"target": -279.29326391158213, "params": {"gamma": 6.126547925441392, "prior": 6.605933919398819, "rate": 2.0297861073278014}, "datetime": {"datetime": "2024-06-14 11:40:45", "elapsed": 8.699598, "delta": 0.009973}}
{"target": -547.7489008782466, "params": {"gamma": 8.260489346916343, "prior": 3.864045391930247, "rate": 6.317812340605414}, "datetime": {"datetime": "2024-06-14 11:40:45", "elapsed": 8.708574, "delta": 0.008976}}
{"target": -446.1346089528261, "params": {"gamma": 9.664147745107453, "prior": 5.691383729139698, "rate": 3.58975250674678}, "datetime": {"datetime": "2024-06-14 11:40:45", "elapsed": 8.718124, "delta": 0.00955}}
{"target": -338.52149738502663, "params": {"gamma": 6.1900821172926825, "prior": 5.067751868825378, "rate": 4.524310101530738}, "datetime": {"datetime": "2024-06-14 11:40:45", "elapsed": 8.7271, "delta": 0.008976}}
{"target": -342.56977023668384, "params": {"gamma": 7.32297507682793, "prior": 9.252650484842617, "rate": 4.793234881420612}, "datetime": {"datetime": "2024-06-14 11:40:45", "elapsed": 8.736076, "delta": 0.008976}}
{"target": -148.9287879745192, "params": {"gamma": 0.8832132798499579, "prior": 5.739570211172332, "rate": 2.450263600293229}, "datetime": {"datetime": "2024-06-14 11:40:45", "elapsed": 8.74556, "delta": 0.009484}}
{"target": -146.0405950573069, "params": {"gamma": 0.3967395368422162, "prior": 7.902588045772463, "rate": 2.728409598411216}, "datetime": {"datetime": "2024-06-14 11:40:45", "elapsed": 8.755534, "delta": 0.009974}}
{"target": -372.68152471763875, "params": {"gamma": 7.7709278589308965, "prior": 4.933268536573228, "rate": 3.1800409748600784}, "datetime": {"datetime": "2024-06-14 11:40:45", "elapsed": 8.764509, "delta": 0.008975}}
{"target": -468.9210807307839, "params": {"gamma": 3.1409404750589167, "prior": 0.516045124852533, "rate": 5.344463969208603}, "datetime": {"datetime": "2024-06-14 11:40:45", "elapsed": 8.773655, "delta": 0.009146}}
{"target": -460.6096822784437, "params": {"gamma": 8.235692008411606, "prior": 0.9305639897438418, "rate": 1.0864784973815673}, "datetime": {"datetime": "2024-06-14 11:40:45", "elapsed": 8.783628, "delta": 0.009973}}
{"target": -321.0009304824784, "params": {"gamma": 5.293030012750302, "prior": 6.635403915273608, "rate": 6.947765177374281}, "datetime": {"datetime": "2024-06-14 11:40:45", "elapsed": 8.792605, "delta": 0.008977}}
{"target": -455.832880741415, "params": {"gamma": 3.1329037297737132, "prior": 0.47399998048085035, "rate": 4.146214234044257}, "datetime": {"datetime": "2024-06-14 11:40:45", "elapsed": 8.802578, "delta": 0.009973}}
{"target": -408.986519870055, "params": {"gamma": 2.2612156645820662, "prior": 0.11103681949882596, "rate": 6.857480005685141}, "datetime": {"datetime": "2024-06-14 11:40:45", "elapsed": 8.811554, "delta": 0.008976}}
{"target": -455.010856248572, "params": {"gamma": 9.520673328006277, "prior": 3.9724024292967792, "rate": 3.0036839952852596}, "datetime": {"datetime": "2024-06-14 11:40:45", "elapsed": 8.82053, "delta": 0.008976}}
{"target": -317.6739028370137, "params": {"gamma": 5.537964374290343, "prior": 8.534564954842326, "rate": 7.9498792795045405}, "datetime": {"datetime": "2024-06-14 11:40:45", "elapsed": 8.830503, "delta": 0.009973}}
{"target": -463.06008186550264, "params": {"gamma": 6.847882293080787, "prior": 4.377860203867094, "rate": 6.904649764523284}, "datetime": {"datetime": "2024-06-14 11:40:45", "elapsed": 8.839479, "delta": 0.008976}}
{"target": -267.0901543817967, "params": {"gamma": 2.161037487164819, "prior": 2.911040034677843, "rate": 7.778428288392944}, "datetime": {"datetime": "2024-06-14 11:40:45", "elapsed": 8.848558, "delta": 0.009079}}
{"target": -573.7257643035787, "params": {"gamma": 9.299871383327218, "prior": 1.9814900858052293, "rate": 2.9613368308929076}, "datetime": {"datetime": "2024-06-14 11:40:45", "elapsed": 8.858529, "delta": 0.009971}}
{"target": -147.42307177574693, "params": {"gamma": 0.06309646163797043, "prior": 4.372466228275976, "rate": 2.103740422454257}, "datetime": {"datetime": "2024-06-14 11:40:45", "elapsed": 8.867535, "delta": 0.009006}}
{"target": -277.36133343117257, "params": {"gamma": 6.414606400753661, "prior": 7.124933235213273, "rate": 1.188658366270452}, "datetime": {"datetime": "2024-06-14 11:40:45", "elapsed": 8.877478, "delta": 0.009943}}
{"target": -148.52508320250158, "params": {"gamma": 0.8223578763172843, "prior": 9.072717188845324, "rate": 3.8929983086548985}, "datetime": {"datetime": "2024-06-14 11:40:45", "elapsed": 8.886454, "delta": 0.008976}}
{"target": -294.8802393344653, "params": {"gamma": 5.334501569162878, "prior": 9.636091492645338, "rate": 7.590781068151137}, "datetime": {"datetime": "2024-06-14 11:40:45", "elapsed": 8.896427, "delta": 0.009973}}
{"target": -430.3978741091041, "params": {"gamma": 3.256077435692296, "prior": 0.9499080810909061, "rate": 5.360704142867423}, "datetime": {"datetime": "2024-06-14 11:40:45", "elapsed": 8.905403, "delta": 0.008976}}
{"target": -542.8868063145123, "params": {"gamma": 3.3619183039303744, "prior": 0.31468550480840884, "rate": 7.711752180204535}, "datetime": {"datetime": "2024-06-14 11:40:45", "elapsed": 8.915376, "delta": 0.009973}}
{"target": -287.935228919999, "params": {"gamma": 3.849706389409975, "prior": 5.756079385581481, "rate": 7.557672815106508}, "datetime": {"datetime": "2024-06-14 11:40:45", "elapsed": 8.929339, "delta": 0.013963}}
{"target": -422.19504887066734, "params": {"gamma": 9.408533351590556, "prior": 6.161991152977763, "rate": 3.1546463916226513}, "datetime": {"datetime": "2024-06-14 11:40:45", "elapsed": 8.938315, "delta": 0.008976}}
{"target": -210.01067006875078, "params": {"gamma": 1.1016550019623323, "prior": 0.8317969903215949, "rate": 3.197588047953422}, "datetime": {"datetime": "2024-06-14 11:40:45", "elapsed": 8.947291, "delta": 0.008976}}
{"target": -295.14434111195555, "params": {"gamma": 6.608730550421095, "prior": 6.982005440804134, "rate": 2.0779726825898135}, "datetime": {"datetime": "2024-06-14 11:40:45", "elapsed": 8.957264, "delta": 0.009973}}
{"target": -171.9653185265435, "params": {"gamma": 0.8288765899448861, "prior": 3.1245555467317083, "rate": 5.476198023985873}, "datetime": {"datetime": "2024-06-14 11:40:46", "elapsed": 8.967238, "delta": 0.009974}}
{"target": -352.9912200068078, "params": {"gamma": 7.546942075074172, "prior": 5.343607473643421, "rate": 2.8705505437179983}, "datetime": {"datetime": "2024-06-14 11:40:46", "elapsed": 8.976214, "delta": 0.008976}}
{"target": -534.46375201018, "params": {"gamma": 6.242173052915846, "prior": 2.7218828862443387, "rate": 6.527276450430897}, "datetime": {"datetime": "2024-06-14 11:40:46", "elapsed": 8.98519, "delta": 0.008976}}
{"target": -425.61515639114344, "params": {"gamma": 8.419138180259552, "prior": 6.425583421647474, "rate": 5.656749058298363}, "datetime": {"datetime": "2024-06-14 11:40:46", "elapsed": 8.995163, "delta": 0.009973}}
{"target": -240.85742323795176, "params": {"gamma": 3.072113950599342, "prior": 8.780092695385816, "rate": 9.888230025288278}, "datetime": {"datetime": "2024-06-14 11:40:46", "elapsed": 9.003902, "delta": 0.008739}}
{"target": -330.3808641462168, "params": {"gamma": 7.775016832668201, "prior": 5.779074189947149, "rate": 1.4136520470773757}, "datetime": {"datetime": "2024-06-14 11:40:46", "elapsed": 9.013875, "delta": 0.009973}}
{"target": -218.10235478704246, "params": {"gamma": 3.1499752949036433, "prior": 3.731907254052719, "rate": 2.9196603150536307}, "datetime": {"datetime": "2024-06-14 11:40:46", "elapsed": 9.022852, "delta": 0.008977}}
{"target": -226.6596384745824, "params": {"gamma": 4.46008219467453, "prior": 6.145261916989693, "rate": 2.129932990561121}, "datetime": {"datetime": "2024-06-14 11:40:46", "elapsed": 9.032825, "delta": 0.009973}}
{"target": -285.6982454374733, "params": {"gamma": 2.4983477831127514, "prior": 1.2102897838888582, "rate": 3.07657830315885}, "datetime": {"datetime": "2024-06-14 11:40:46", "elapsed": 9.041804, "delta": 0.008979}}
{"target": -411.5581716770262, "params": {"gamma": 4.9749853375678486, "prior": 4.949097068629873, "rate": 9.955776541252115}, "datetime": {"datetime": "2024-06-14 11:40:46", "elapsed": 9.051778, "delta": 0.009974}}
{"target": -752.2286476758851, "params": {"gamma": 9.811104522073206, "prior": 4.421971439643317, "rate": 9.720234197281384}, "datetime": {"datetime": "2024-06-14 11:40:46", "elapsed": 9.060782, "delta": 0.009004}}
{"target": -189.82411494931594, "params": {"gamma": 2.1447646438539647, "prior": 5.457096772478638, "rate": 4.534899709382847}, "datetime": {"datetime": "2024-06-14 11:40:46", "elapsed": 9.070727, "delta": 0.009945}}
{"target": -398.7211883861195, "params": {"gamma": 9.67612136622795, "prior": 8.37814460904005, "rate": 2.142255100882632}, "datetime": {"datetime": "2024-06-14 11:40:46", "elapsed": 9.079703, "delta": 0.008976}}
{"target": -445.45762988461286, "params": {"gamma": 4.395951482451757, "prior": 1.7679220192998268, "rate": 5.29134301734205}, "datetime": {"datetime": "2024-06-14 11:40:46", "elapsed": 9.089676, "delta": 0.009973}}
{"target": -845.9568787071786, "params": {"gamma": 7.935053256996167, "prior": 0.45520357476356577, "rate": 1.9143974164796644}, "datetime": {"datetime": "2024-06-14 11:40:46", "elapsed": 9.098652, "delta": 0.008976}}
{"target": -444.5308318922964, "params": {"gamma": 9.77457818836577, "prior": 9.611893329604383, "rate": 5.566359999361917}, "datetime": {"datetime": "2024-06-14 11:40:46", "elapsed": 9.107628, "delta": 0.008976}}
{"target": -646.1498417848686, "params": {"gamma": 6.461261124237896, "prior": 2.7937208415034163, "rate": 9.520958766042686}, "datetime": {"datetime": "2024-06-14 11:40:46", "elapsed": 9.117601, "delta": 0.009973}}
{"target": -287.327528008022, "params": {"gamma": 6.698078288466073, "prior": 6.701399151873741, "rate": 0.11202223036585872}, "datetime": {"datetime": "2024-06-14 11:40:46", "elapsed": 9.126577, "delta": 0.008976}}
{"target": -429.7500956662194, "params": {"gamma": 8.529845528647078, "prior": 7.805429564933998, "rate": 6.849555045051163}, "datetime": {"datetime": "2024-06-14 11:40:46", "elapsed": 9.135553, "delta": 0.008976}}
{"target": -804.6930998464545, "params": {"gamma": 7.4080773483828315, "prior": 1.6500670035239342, "rate": 7.188031753433652}, "datetime": {"datetime": "2024-06-14 11:40:46", "elapsed": 9.145527, "delta": 0.009974}}
{"target": -143.12083706701398, "params": {"gamma": 0.9690872885214075, "prior": 7.098799535582478, "rate": 0.027315329458906884}, "datetime": {"datetime": "2024-06-14 11:40:46", "elapsed": 9.154503, "delta": 0.008976}}
{"target": -348.1735906950285, "params": {"gamma": 7.76228166881635, "prior": 4.96641612933724, "rate": 2.044664276112351}, "datetime": {"datetime": "2024-06-14 11:40:46", "elapsed": 9.164476, "delta": 0.009973}}
{"target": -651.0653113530342, "params": {"gamma": 7.292736897839507, "prior": 3.2249759046532924, "rate": 8.83829208238512}, "datetime": {"datetime": "2024-06-14 11:40:46", "elapsed": 9.173352, "delta": 0.008876}}
{"target": -189.18381641308545, "params": {"gamma": 1.803155018796988, "prior": 9.39165147743165, "rate": 9.707530730383564}, "datetime": {"datetime": "2024-06-14 11:40:46", "elapsed": 9.183328, "delta": 0.009976}}
