{"target": -135.43695256967382, "params": {"gamma": 0.16150603946145364, "lr": 0.15270593118117648}, "datetime": {"datetime": "2024-06-13 17:15:21", "elapsed": 5.000636, "delta": 0.004987}}
{"target": -1136.7805515960345, "params": {"gamma": 4.621379845784425, "lr": 0.7559010975378051}, "datetime": {"datetime": "2024-06-13 17:15:21", "elapsed": 5.004625, "delta": 0.003989}}
{"target": -992.2862568134211, "params": {"gamma": 7.2884205045195944, "lr": 0.3523894424830367}, "datetime": {"datetime": "2024-06-13 17:15:21", "elapsed": 5.008614, "delta": 0.003989}}
{"target": -1209.0260349482064, "params": {"gamma": 4.7919136483503735, "lr": 0.8140737533756652}, "datetime": {"datetime": "2024-06-13 17:15:21", "elapsed": 5.012604, "delta": 0.00399}}
{"target": -1122.70651833473, "params": {"gamma": 8.384190660883412, "lr": 0.3199167004179855}, "datetime": {"datetime": "2024-06-13 17:15:21", "elapsed": 5.01759, "delta": 0.004986}}
{"target": -146.14216038560983, "params": {"gamma": 0.043645919052664246, "lr": 0.046930843226232644}, "datetime": {"datetime": "2024-06-13 17:15:21", "elapsed": 5.02158, "delta": 0.00399}}
{"target": -1053.396533331072, "params": {"gamma": 7.378335968662237, "lr": 0.27263228107250803}, "datetime": {"datetime": "2024-06-13 17:15:21", "elapsed": 5.025569, "delta": 0.003989}}
{"target": -861.1758872461455, "params": {"gamma": 4.815376636054336, "lr": 0.1920312660311443}, "datetime": {"datetime": "2024-06-13 17:15:21", "elapsed": 5.030556, "delta": 0.004987}}
{"target": -1479.475813297634, "params": {"gamma": 8.471282047905861, "lr": 0.5033776096365531}, "datetime": {"datetime": "2024-06-13 17:15:21", "elapsed": 5.034545, "delta": 0.003989}}
{"target": -713.8078522759406, "params": {"gamma": 5.272074597046892, "lr": 0.28807958808575485}, "datetime": {"datetime": "2024-06-13 17:15:21", "elapsed": 5.038534, "delta": 0.003989}}
{"target": -1829.743064437273, "params": {"gamma": 5.120480307408566, "lr": 0.0019636453825200295}, "datetime": {"datetime": "2024-06-13 17:15:21", "elapsed": 5.043521, "delta": 0.004987}}
{"target": -392.69189607826405, "params": {"gamma": 2.7736731083917574, "lr": 0.34876298353843593}, "datetime": {"datetime": "2024-06-13 17:15:21", "elapsed": 5.047511, "delta": 0.00399}}
{"target": -963.8212995443796, "params": {"gamma": 2.8402249120040706, "lr": 0.08595222757741783}, "datetime": {"datetime": "2024-06-13 17:15:21", "elapsed": 5.0515, "delta": 0.003989}}
{"target": -1280.9867430443076, "params": {"gamma": 5.2182903111313514, "lr": 0.7884791333735152}, "datetime": {"datetime": "2024-06-13 17:15:21", "elapsed": 5.055489, "delta": 0.003989}}
{"target": -1432.029146896353, "params": {"gamma": 9.426041757646109, "lr": 0.49728979211666346}, "datetime": {"datetime": "2024-06-13 17:15:21", "elapsed": 5.059479, "delta": 0.00399}}
{"target": -801.4998747660784, "params": {"gamma": 5.93794482969608, "lr": 0.2908599378104706}, "datetime": {"datetime": "2024-06-13 17:15:21", "elapsed": 5.064466, "delta": 0.004987}}
{"target": -390.32448632679854, "params": {"gamma": 1.492445929692968, "lr": 0.13187169072844107}, "datetime": {"datetime": "2024-06-13 17:15:21", "elapsed": 5.068454, "delta": 0.003988}}
{"target": -1620.6836289572836, "params": {"gamma": 7.323875397919708, "lr": 0.7344694353499344}, "datetime": {"datetime": "2024-06-13 17:15:21", "elapsed": 5.072444, "delta": 0.00399}}
{"target": -287.7768294277871, "params": {"gamma": 1.7943208163497153, "lr": 0.41356037977579185}, "datetime": {"datetime": "2024-06-13 17:15:21", "elapsed": 5.076433, "delta": 0.003989}}
{"target": -1485.673416415379, "params": {"gamma": 5.941849134587504, "lr": 0.12528194618614874}, "datetime": {"datetime": "2024-06-13 17:15:21", "elapsed": 5.08142, "delta": 0.004987}}
{"target": -1544.774361999492, "params": {"gamma": 7.85390412973879, "lr": 0.619992203320239}, "datetime": {"datetime": "2024-06-13 17:15:21", "elapsed": 5.085409, "delta": 0.003989}}
{"target": -1338.6824908634853, "params": {"gamma": 6.152601693393037, "lr": 0.7012080919186323}, "datetime": {"datetime": "2024-06-13 17:15:21", "elapsed": 5.089399, "delta": 0.00399}}
{"target": -1776.711086810104, "params": {"gamma": 9.871843637581678, "lr": 0.5623944559571782}, "datetime": {"datetime": "2024-06-13 17:15:21", "elapsed": 5.093388, "delta": 0.003989}}
{"target": -1257.720668513527, "params": {"gamma": 8.644298200721781, "lr": 0.4187086750571659}, "datetime": {"datetime": "2024-06-13 17:15:21", "elapsed": 5.098375, "delta": 0.004987}}
{"target": -1805.232156297727, "params": {"gamma": 6.545039042923117, "lr": 0.9252611878587662}, "datetime": {"datetime": "2024-06-13 17:15:21", "elapsed": 5.102364, "delta": 0.003989}}
{"target": -893.7338293663984, "params": {"gamma": 6.64184400562511, "lr": 0.3030806759430662}, "datetime": {"datetime": "2024-06-13 17:15:21", "elapsed": 5.107351, "delta": 0.004987}}
{"target": -846.7258251479129, "params": {"gamma": 6.199836992922438, "lr": 0.35131832035819255}, "datetime": {"datetime": "2024-06-13 17:15:21", "elapsed": 5.11134, "delta": 0.003989}}
{"target": -644.2939666127752, "params": {"gamma": 3.224344384669061, "lr": 0.6102050587463702}, "datetime": {"datetime": "2024-06-13 17:15:21", "elapsed": 5.115329, "delta": 0.003989}}
{"target": -271.68422482063886, "params": {"gamma": 1.6040719966518822, "lr": 0.4867389357577533}, "datetime": {"datetime": "2024-06-13 17:15:21", "elapsed": 5.120316, "delta": 0.004987}}
{"target": -1271.1204444877972, "params": {"gamma": 9.456397215578926, "lr": 0.38391424197853796}, "datetime": {"datetime": "2024-06-13 17:15:21", "elapsed": 5.124305, "delta": 0.003989}}
{"target": -311.5128324356924, "params": {"gamma": 1.8904369698648686, "lr": 0.468838949642181}, "datetime": {"datetime": "2024-06-13 17:15:21", "elapsed": 5.128294, "delta": 0.003989}}
{"target": -2104.2733397258303, "params": {"gamma": 8.409237406703872, "lr": 0.8426677225950326}, "datetime": {"datetime": "2024-06-13 17:15:21", "elapsed": 5.133281, "delta": 0.004987}}
{"target": -2955.3444105171347, "params": {"gamma": 8.278204591352763, "lr": 0.011475512605813365}, "datetime": {"datetime": "2024-06-13 17:15:21", "elapsed": 5.137271, "delta": 0.00399}}
{"target": -745.994484396398, "params": {"gamma": 2.6711360589730235, "lr": 0.9998757875742624}, "datetime": {"datetime": "2024-06-13 17:15:21", "elapsed": 5.14126, "delta": 0.003989}}
{"target": -217.90162594779068, "params": {"gamma": 1.1977130886476726, "lr": 0.4900894960876333}, "datetime": {"datetime": "2024-06-13 17:15:21", "elapsed": 5.146247, "delta": 0.004987}}
{"target": -2039.6555551463234, "params": {"gamma": 7.900471479876251, "lr": 0.12221391009385618}, "datetime": {"datetime": "2024-06-13 17:15:21", "elapsed": 5.150236, "delta": 0.003989}}
{"target": -1012.1252851223841, "params": {"gamma": 6.624429397731788, "lr": 0.4880804455213241}, "datetime": {"datetime": "2024-06-13 17:15:21", "elapsed": 5.154226, "delta": 0.00399}}
{"target": -537.5466497145807, "params": {"gamma": 1.9437055308797813, "lr": 0.8786300265827204}, "datetime": {"datetime": "2024-06-13 17:15:21", "elapsed": 5.158214, "delta": 0.003988}}
{"target": -391.04642485875615, "params": {"gamma": 1.8156924881797458, "lr": 0.6390528592947753}, "datetime": {"datetime": "2024-06-13 17:15:21", "elapsed": 5.163201, "delta": 0.004987}}
{"target": -1337.1024158961025, "params": {"gamma": 7.4085279551010945, "lr": 0.5626728865932282}, "datetime": {"datetime": "2024-06-13 17:15:21", "elapsed": 5.16719, "delta": 0.003989}}
{"target": -1626.317937323769, "params": {"gamma": 6.288786844403314, "lr": 0.11896539662200445}, "datetime": {"datetime": "2024-06-13 17:15:21", "elapsed": 5.17118, "delta": 0.00399}}
{"target": -589.0265104949746, "params": {"gamma": 3.0810618335582585, "lr": 0.5869622072296792}, "datetime": {"datetime": "2024-06-13 17:15:21", "elapsed": 5.175169, "delta": 0.003989}}
{"target": -820.5976973673003, "params": {"gamma": 3.955241699358807, "lr": 0.6639460814328006}, "datetime": {"datetime": "2024-06-13 17:15:21", "elapsed": 5.180156, "delta": 0.004987}}
{"target": -1512.6720652367662, "params": {"gamma": 8.519694493398179, "lr": 0.19022208931218354}, "datetime": {"datetime": "2024-06-13 17:15:21", "elapsed": 5.184145, "delta": 0.003989}}
{"target": -1215.0273176877001, "params": {"gamma": 9.032823736002479, "lr": 0.38317585043109326}, "datetime": {"datetime": "2024-06-13 17:15:21", "elapsed": 5.188134, "delta": 0.003989}}
{"target": -1852.3121222552409, "params": {"gamma": 9.431300182951817, "lr": 0.6173823130249652}, "datetime": {"datetime": "2024-06-13 17:15:21", "elapsed": 5.193121, "delta": 0.004987}}
{"target": -1380.8761715561393, "params": {"gamma": 7.901165115937855, "lr": 0.514775428373226}, "datetime": {"datetime": "2024-06-13 17:15:21", "elapsed": 5.197112, "delta": 0.003991}}
{"target": -719.1587509868866, "params": {"gamma": 5.311915799238696, "lr": 0.3275938987659719}, "datetime": {"datetime": "2024-06-13 17:15:21", "elapsed": 5.202097, "delta": 0.004985}}
{"target": -208.50986019544177, "params": {"gamma": 1.2945177075663274, "lr": 0.3838219118604237}, "datetime": {"datetime": "2024-06-13 17:15:21", "elapsed": 5.206086, "delta": 0.003989}}
{"target": -774.0320221366092, "params": {"gamma": 2.1505498314359848, "lr": 0.03286525588191658}, "datetime": {"datetime": "2024-06-13 17:15:21", "elapsed": 5.211073, "delta": 0.004987}}
{"target": -549.2745906644172, "params": {"gamma": 2.7495934114227696, "lr": 0.18057605266685695}, "datetime": {"datetime": "2024-06-13 17:15:21", "elapsed": 5.215062, "delta": 0.003989}}
{"target": -3125.4722979840917, "params": {"gamma": 8.75542762006619, "lr": 0.08123656243140498}, "datetime": {"datetime": "2024-06-13 17:15:21", "elapsed": 5.220049, "delta": 0.004987}}
{"target": -419.82941611573824, "params": {"gamma": 1.8397720952197505, "lr": 0.7040306955363342}, "datetime": {"datetime": "2024-06-13 17:15:21", "elapsed": 5.224039, "delta": 0.00399}}
{"target": -1308.1943749478146, "params": {"gamma": 9.192339684311714, "lr": 0.2514584522319341}, "datetime": {"datetime": "2024-06-13 17:15:21", "elapsed": 5.229025, "delta": 0.004986}}
{"target": -147.37520889058467, "params": {"gamma": 0.21399001348235436, "lr": 0.9605044727550998}, "datetime": {"datetime": "2024-06-13 17:15:21", "elapsed": 5.234012, "delta": 0.004987}}
{"target": -917.4694511918838, "params": {"gamma": 6.8225241840990325, "lr": 0.3106626960638559}, "datetime": {"datetime": "2024-06-13 17:15:21", "elapsed": 5.238001, "delta": 0.003989}}
{"target": -892.6152255936748, "params": {"gamma": 4.724262048710183, "lr": 0.5992558738787634}, "datetime": {"datetime": "2024-06-13 17:15:21", "elapsed": 5.24199, "delta": 0.003989}}
{"target": -1013.6458824243884, "params": {"gamma": 3.7393118520813564, "lr": 0.874487796621177}, "datetime": {"datetime": "2024-06-13 17:15:21", "elapsed": 5.246977, "delta": 0.004987}}
{"target": -2001.640011066412, "params": {"gamma": 7.261999710487967, "lr": 0.9543407046242112}, "datetime": {"datetime": "2024-06-13 17:15:21", "elapsed": 5.250967, "delta": 0.00399}}
{"target": -974.947951304002, "params": {"gamma": 3.5113041629592687, "lr": 0.9371740887217811}, "datetime": {"datetime": "2024-06-13 17:15:21", "elapsed": 5.254956, "delta": 0.003989}}
{"target": -990.9700425604362, "params": {"gamma": 4.791526641683215, "lr": 0.6423226386484714}, "datetime": {"datetime": "2024-06-13 17:15:21", "elapsed": 5.259942, "delta": 0.004986}}
{"target": -1851.1906634049294, "params": {"gamma": 7.36673540034412, "lr": 0.8093379690056801}, "datetime": {"datetime": "2024-06-13 17:15:21", "elapsed": 5.263932, "delta": 0.00399}}
{"target": -611.3020797944267, "params": {"gamma": 3.963197413459656, "lr": 0.44794597851477114}, "datetime": {"datetime": "2024-06-13 17:15:21", "elapsed": 5.267921, "delta": 0.003989}}
{"target": -1790.9340477364617, "params": {"gamma": 8.172952984101395, "lr": 0.7175572030909549}, "datetime": {"datetime": "2024-06-13 17:15:21", "elapsed": 5.272908, "delta": 0.004987}}
{"target": -2589.7464670292156, "params": {"gamma": 9.408551244537064, "lr": 0.9795978714178412}, "datetime": {"datetime": "2024-06-13 17:15:21", "elapsed": 5.276897, "delta": 0.003989}}
{"target": -292.20950579557245, "params": {"gamma": 1.7899544503221003, "lr": 0.2279194118127552}, "datetime": {"datetime": "2024-06-13 17:15:22", "elapsed": 5.280887, "delta": 0.00399}}
{"target": -1584.8391786714037, "params": {"gamma": 7.16014848634319, "lr": 0.7473827346542434}, "datetime": {"datetime": "2024-06-13 17:15:22", "elapsed": 5.285873, "delta": 0.004986}}
{"target": -1626.2425576074504, "params": {"gamma": 6.032192362771022, "lr": 0.8772997642215113}, "datetime": {"datetime": "2024-06-13 17:15:22", "elapsed": 5.289863, "delta": 0.00399}}
{"target": -359.9779871084674, "params": {"gamma": 2.5206526306452743, "lr": 0.3394873942967924}, "datetime": {"datetime": "2024-06-13 17:15:22", "elapsed": 5.293852, "delta": 0.003989}}
{"target": -671.3241318647471, "params": {"gamma": 4.946973834220983, "lr": 0.31502708896856757}, "datetime": {"datetime": "2024-06-13 17:15:22", "elapsed": 5.297842, "delta": 0.00399}}
{"target": -1189.142134532062, "params": {"gamma": 5.454845454328703, "lr": 0.6824780792979444}, "datetime": {"datetime": "2024-06-13 17:15:22", "elapsed": 5.302828, "delta": 0.004986}}
{"target": -356.2198754764797, "params": {"gamma": 2.2044486446357947, "lr": 0.48533745396838057}, "datetime": {"datetime": "2024-06-13 17:15:22", "elapsed": 5.306817, "delta": 0.003989}}
{"target": -1325.9093993301494, "params": {"gamma": 9.929820595017146, "lr": 0.3241613031812349}, "datetime": {"datetime": "2024-06-13 17:15:22", "elapsed": 5.311804, "delta": 0.004987}}
{"target": -159.10572931242228, "params": {"gamma": 0.35458383299364826, "lr": 0.8173517292840132}, "datetime": {"datetime": "2024-06-13 17:15:22", "elapsed": 5.315793, "delta": 0.003989}}
{"target": -1798.7698158315482, "params": {"gamma": 5.033564529213024, "lr": 0.052783856118570505}, "datetime": {"datetime": "2024-06-13 17:15:22", "elapsed": 5.32078, "delta": 0.004987}}
{"target": -1294.7253521782238, "params": {"gamma": 8.903159967215188, "lr": 0.4045143799803578}, "datetime": {"datetime": "2024-06-13 17:15:22", "elapsed": 5.324769, "delta": 0.003989}}
{"target": -1350.4284060564653, "params": {"gamma": 9.292802548221829, "lr": 0.40207817380056154}, "datetime": {"datetime": "2024-06-13 17:15:22", "elapsed": 5.328758, "delta": 0.003989}}
{"target": -163.10208791548916, "params": {"gamma": 0.7692460154620339, "lr": 0.2453011441199927}, "datetime": {"datetime": "2024-06-13 17:15:22", "elapsed": 5.333777, "delta": 0.005019}}
{"target": -865.9772121719657, "params": {"gamma": 3.503254796566321, "lr": 0.7507282923552251}, "datetime": {"datetime": "2024-06-13 17:15:22", "elapsed": 5.337763, "delta": 0.003986}}
{"target": -301.01845629170356, "params": {"gamma": 1.8482967753404873, "lr": 0.4309736537258744}, "datetime": {"datetime": "2024-06-13 17:15:22", "elapsed": 5.341753, "delta": 0.00399}}
{"target": -1524.6696535452527, "params": {"gamma": 8.732580952739871, "lr": 0.5337610913727832}, "datetime": {"datetime": "2024-06-13 17:15:22", "elapsed": 5.346711, "delta": 0.004958}}
{"target": -387.1301580406532, "params": {"gamma": 1.0324440427708175, "lr": 0.024522487054632225}, "datetime": {"datetime": "2024-06-13 17:15:22", "elapsed": 5.3507, "delta": 0.003989}}
{"target": -1945.8607800956768, "params": {"gamma": 7.058392201809326, "lr": 0.979127490958217}, "datetime": {"datetime": "2024-06-13 17:15:22", "elapsed": 5.354689, "delta": 0.003989}}
{"target": -1921.2450710101775, "params": {"gamma": 7.851867464260117, "lr": 0.7647261968454175}, "datetime": {"datetime": "2024-06-13 17:15:22", "elapsed": 5.359676, "delta": 0.004987}}
{"target": -1654.065952624179, "params": {"gamma": 6.754799709264521, "lr": 0.7955027102986651}, "datetime": {"datetime": "2024-06-13 17:15:22", "elapsed": 5.363665, "delta": 0.003989}}
{"target": -137.04536120144556, "params": {"gamma": 0.40113783894076427, "lr": 0.264681631716854}, "datetime": {"datetime": "2024-06-13 17:15:22", "elapsed": 5.367655, "delta": 0.00399}}
{"target": -1872.8305896595355, "params": {"gamma": 6.9542799621795535, "lr": 0.8669883296077439}, "datetime": {"datetime": "2024-06-13 17:15:22", "elapsed": 5.372642, "delta": 0.004987}}
{"target": -1322.0765137655449, "params": {"gamma": 6.746394111296426, "lr": 0.17627612798343162}, "datetime": {"datetime": "2024-06-13 17:15:22", "elapsed": 5.376631, "delta": 0.003989}}
{"target": -2531.183964433433, "params": {"gamma": 9.363148290996985, "lr": 0.9033787001108529}, "datetime": {"datetime": "2024-06-13 17:15:22", "elapsed": 5.38062, "delta": 0.003989}}
{"target": -193.40939331087014, "params": {"gamma": 0.8677009826349238, "lr": 0.193000037574253}, "datetime": {"datetime": "2024-06-13 17:15:22", "elapsed": 5.385607, "delta": 0.004987}}
{"target": -622.2907874782932, "params": {"gamma": 2.7526551130746566, "lr": 0.7384118706046068}, "datetime": {"datetime": "2024-06-13 17:15:22", "elapsed": 5.389596, "delta": 0.003989}}
{"target": -1603.098346336776, "params": {"gamma": 8.59387390968027, "lr": 0.5783223874515512}, "datetime": {"datetime": "2024-06-13 17:15:22", "elapsed": 5.393585, "delta": 0.003989}}
{"target": -315.02564995416884, "params": {"gamma": 1.9972560609459706, "lr": 0.41508988762136245}, "datetime": {"datetime": "2024-06-13 17:15:22", "elapsed": 5.397575, "delta": 0.00399}}
{"target": -399.3802330173451, "params": {"gamma": 1.3794541434408072, "lr": 0.9173961868584244}, "datetime": {"datetime": "2024-06-13 17:15:22", "elapsed": 5.402561, "delta": 0.004986}}
{"target": -1336.6715001992816, "params": {"gamma": 7.645544873164326, "lr": 0.5102138338060775}, "datetime": {"datetime": "2024-06-13 17:15:22", "elapsed": 5.40655, "delta": 0.003989}}
{"target": -1393.537148379415, "params": {"gamma": 4.536296856665209, "lr": 0.0978420783455699}, "datetime": {"datetime": "2024-06-13 17:15:22", "elapsed": 5.41054, "delta": 0.00399}}
{"target": -832.4189947864406, "params": {"gamma": 3.1874348876469725, "lr": 0.12063279535739646}, "datetime": {"datetime": "2024-06-13 17:15:22", "elapsed": 5.415527, "delta": 0.004987}}
{"target": -1367.4621657021708, "params": {"gamma": 7.823598295559239, "lr": 0.5448837066761946}, "datetime": {"datetime": "2024-06-13 17:15:22", "elapsed": 5.419516, "delta": 0.003989}}
{"target": -361.1906259804994, "params": {"gamma": 2.2735465367701733, "lr": 0.22420283925593631}, "datetime": {"datetime": "2024-06-13 17:15:22", "elapsed": 5.423505, "delta": 0.003989}}
{"target": -367.1509874671596, "params": {"gamma": 2.6047215769603396, "lr": 0.308872752316256}, "datetime": {"datetime": "2024-06-13 17:15:22", "elapsed": 5.428492, "delta": 0.004987}}
{"target": -530.7593645353168, "params": {"gamma": 3.8776636126823174, "lr": 0.29754893237723723}, "datetime": {"datetime": "2024-06-13 17:15:22", "elapsed": 5.432481, "delta": 0.003989}}
{"target": -2426.914543483251, "params": {"gamma": 6.795879389436971, "lr": 0.03507361930507891}, "datetime": {"datetime": "2024-06-13 17:15:22", "elapsed": 5.436471, "delta": 0.00399}}
{"target": -737.1484854494828, "params": {"gamma": 3.2817750389987497, "lr": 0.7452918728580155}, "datetime": {"datetime": "2024-06-13 17:15:22", "elapsed": 5.441457, "delta": 0.004986}}
{"target": -2365.4925696038495, "params": {"gamma": 9.428137042767773, "lr": 0.8027325501575512}, "datetime": {"datetime": "2024-06-13 17:15:22", "elapsed": 5.445446, "delta": 0.003989}}
{"target": -380.8243210799897, "params": {"gamma": 2.4090212695059683, "lr": 0.2329154683838317}, "datetime": {"datetime": "2024-06-13 17:15:22", "elapsed": 5.449436, "delta": 0.00399}}
{"target": -527.2033804262771, "params": {"gamma": 1.904177610377174, "lr": 0.8824975348586093}, "datetime": {"datetime": "2024-06-13 17:15:22", "elapsed": 5.454423, "delta": 0.004987}}
{"target": -595.5064738201398, "params": {"gamma": 2.3793190167249576, "lr": 0.7581806234131274}, "datetime": {"datetime": "2024-06-13 17:15:22", "elapsed": 5.458412, "delta": 0.003989}}
{"target": -936.927192168054, "params": {"gamma": 2.611236264315461, "lr": 0.03308184340751563}, "datetime": {"datetime": "2024-06-13 17:15:22", "elapsed": 5.462401, "delta": 0.003989}}
{"target": -1609.0873137687538, "params": {"gamma": 7.334743552987591, "lr": 0.7262018097952009}, "datetime": {"datetime": "2024-06-13 17:15:22", "elapsed": 5.467388, "delta": 0.004987}}
{"target": -166.64832036446182, "params": {"gamma": 0.8905021504995737, "lr": 0.3267012579296016}, "datetime": {"datetime": "2024-06-13 17:15:22", "elapsed": 5.471377, "delta": 0.003989}}
{"target": -2083.8822657268033, "params": {"gamma": 9.483704536600037, "lr": 0.16294899858218448}, "datetime": {"datetime": "2024-06-13 17:15:22", "elapsed": 5.475367, "delta": 0.00399}}
{"target": -202.8107540779155, "params": {"gamma": 0.8676380540564483, "lr": 0.5946038881116259}, "datetime": {"datetime": "2024-06-13 17:15:22", "elapsed": 5.479356, "delta": 0.003989}}
{"target": -2322.541770030491, "params": {"gamma": 9.309967663594373, "lr": 0.1337783077430914}, "datetime": {"datetime": "2024-06-13 17:15:22", "elapsed": 5.484342, "delta": 0.004986}}
{"target": -1119.6792322252802, "params": {"gamma": 5.130609924306518, "lr": 0.6839992141169576}, "datetime": {"datetime": "2024-06-13 17:15:22", "elapsed": 5.488332, "delta": 0.00399}}
{"target": -622.557907753374, "params": {"gamma": 1.7191257663086643, "lr": 0.011259893492189477}, "datetime": {"datetime": "2024-06-13 17:15:22", "elapsed": 5.492324, "delta": 0.003992}}
{"target": -3168.7923555873545, "params": {"gamma": 8.876943621666769, "lr": 0.035231270653359514}, "datetime": {"datetime": "2024-06-13 17:15:22", "elapsed": 5.49731, "delta": 0.004986}}
{"target": -541.5151998659057, "params": {"gamma": 2.575325379792938, "lr": 0.6516840317406685}, "datetime": {"datetime": "2024-06-13 17:15:22", "elapsed": 5.5013, "delta": 0.00399}}
