{"target": -123.10822851379585, "params": {"p_ai": 1.2632491786548354, "p_al": 4.822626323487715, "p_ex": 9.944199449798363, "prior": 8.35665184457866, "rate": 8.799448619984492}, "datetime": {"datetime": "2024-06-12 22:28:00", "elapsed": 194.61515, "delta": 0.125172}}
{"target": -151.25867189493505, "params": {"p_ai": 5.133112070016159, "p_al": 0.13203797085632746, "p_ex": 7.892638896050124, "prior": 9.144546347577828, "rate": 0.6325587699788756}, "datetime": {"datetime": "2024-06-12 22:28:00", "elapsed": 194.736898, "delta": 0.121748}}
{"target": -121.31159356056756, "params": {"p_ai": 1.750742067950122, "p_al": 5.096044339245468, "p_ex": 4.309334910195113, "prior": 9.588804383348712, "rate": 9.846121364963434}, "datetime": {"datetime": "2024-06-12 22:28:00", "elapsed": 194.85016, "delta": 0.113262}}
{"target": -117.5155638609149, "params": {"p_ai": 1.5441559215266563, "p_al": 3.5316943927462785, "p_ex": 5.768989117248869, "prior": 4.222840835558754, "rate": 5.079485354107}, "datetime": {"datetime": "2024-06-12 22:28:00", "elapsed": 194.962974, "delta": 0.112814}}
{"target": -200.7915514118508, "params": {"p_ai": 8.770325995338487, "p_al": 0.6055781424620017, "p_ex": 9.153630970485896, "prior": 3.126272695375876, "rate": 7.291643087678667}, "datetime": {"datetime": "2024-06-12 22:28:00", "elapsed": 195.076626, "delta": 0.113652}}
{"target": -139.84659844507684, "params": {"p_ai": 2.7518289522714894, "p_al": 7.298895417256382, "p_ex": 7.843767691102058, "prior": 5.672487747176142, "rate": 1.1105717736698424}, "datetime": {"datetime": "2024-06-12 22:28:00", "elapsed": 195.189185, "delta": 0.112559}}
{"target": -138.2168087886922, "params": {"p_ai": 1.247871409908292, "p_al": 8.557223361607665, "p_ex": 9.338905564922545, "prior": 6.48689413185161, "rate": 1.8505555040416244}, "datetime": {"datetime": "2024-06-12 22:28:00", "elapsed": 195.302118, "delta": 0.112933}}
{"target": -176.60234729614692, "params": {"p_ai": 7.223530679015805, "p_al": 2.24124043974893, "p_ex": 7.527701900619364, "prior": 9.986270401401512, "rate": 9.21315808846653}, "datetime": {"datetime": "2024-06-12 22:28:00", "elapsed": 195.415814, "delta": 0.113696}}
{"target": -169.673919404648, "params": {"p_ai": 5.273141992225733, "p_al": 6.226826610338095, "p_ex": 3.1548595349206674, "prior": 8.80547682526261, "rate": 8.603039096320444}, "datetime": {"datetime": "2024-06-12 22:28:00", "elapsed": 195.528516, "delta": 0.112702}}
{"target": -142.432358648477, "params": {"p_ai": 0.6065850175834976, "p_al": 5.496862853636701, "p_ex": 3.8062741334354793, "prior": 5.568875726002874, "rate": 1.8225452520664278}, "datetime": {"datetime": "2024-06-12 22:28:01", "elapsed": 195.641215, "delta": 0.112699}}
{"target": -264.3607826637869, "params": {"p_ai": 7.922102909519271, "p_al": 1.1798197293564334, "p_ex": 2.03110869407715, "prior": 0.240474371425576, "rate": 0.5859235832070392}, "datetime": {"datetime": "2024-06-12 22:28:01", "elapsed": 195.754215, "delta": 0.113}}
{"target": -116.56034434390823, "params": {"p_ai": 1.1926597295710184, "p_al": 4.514193436178149, "p_ex": 8.956965481922483, "prior": 1.0385871412974723, "rate": 9.97386964902612}, "datetime": {"datetime": "2024-06-12 22:28:01", "elapsed": 195.867911, "delta": 0.113696}}
{"target": -224.3623476708708, "params": {"p_ai": 9.224262281692667, "p_al": 1.260577525518817, "p_ex": 5.616515417818752, "prior": 5.787635942732416, "rate": 7.815082836250449}, "datetime": {"datetime": "2024-06-12 22:28:01", "elapsed": 195.981241, "delta": 0.11333}}
{"target": -124.3559725490258, "params": {"p_ai": 0.9946733715912853, "p_al": 0.8915032303886438, "p_ex": 9.44716286698995, "prior": 4.255373920746752, "rate": 8.191767220881795}, "datetime": {"datetime": "2024-06-12 22:28:01", "elapsed": 196.095935, "delta": 0.114694}}
{"target": -278.5486668108087, "params": {"p_ai": 7.830121494744263, "p_al": 8.379166151578875, "p_ex": 1.3983772214326267, "prior": 0.9182260342043448, "rate": 4.429075722724998}, "datetime": {"datetime": "2024-06-12 22:28:01", "elapsed": 196.213621, "delta": 0.117686}}
{"target": -234.36074277042286, "params": {"p_ai": 8.081224431768419, "p_al": 1.4039906013943886, "p_ex": 1.7982747248411668, "prior": 1.6068167605474208, "rate": 2.3069735255674932}, "datetime": {"datetime": "2024-06-12 22:28:01", "elapsed": 196.328589, "delta": 0.114968}}
{"target": -134.88729249494045, "params": {"p_ai": 3.281120992807415, "p_al": 0.6787294793388832, "p_ex": 3.865854946905693, "prior": 2.805558299035431, "rate": 1.5326903508244825}, "datetime": {"datetime": "2024-06-12 22:28:01", "elapsed": 196.442286, "delta": 0.113697}}
{"target": -120.0727207420765, "params": {"p_ai": 3.1334272363301388, "p_al": 4.993087848316837, "p_ex": 6.709437696219011, "prior": 2.9164717145299424, "rate": 4.868817051590856}, "datetime": {"datetime": "2024-06-12 22:28:02", "elapsed": 196.554985, "delta": 0.112699}}
{"target": -231.18678884436142, "params": {"p_ai": 6.940908597202748, "p_al": 9.423233485024044, "p_ex": 1.1340151517070014, "prior": 3.7711443085018157, "rate": 8.66685935806579}, "datetime": {"datetime": "2024-06-12 22:28:02", "elapsed": 196.66868, "delta": 0.113695}}
{"target": -264.5356368811508, "params": {"p_ai": 7.679523092182005, "p_al": 8.25958993480353, "p_ex": 0.37000277360014155, "prior": 8.040765772392614, "rate": 0.9535397258234063}, "datetime": {"datetime": "2024-06-12 22:28:02", "elapsed": 196.782631, "delta": 0.113951}}
{"target": -116.64725370173188, "params": {"p_ai": 3.527731441558376, "p_al": 2.331016845411896, "p_ex": 9.84381250107112, "prior": 4.823939198601884, "rate": 2.8040028370318577}, "datetime": {"datetime": "2024-06-12 22:28:02", "elapsed": 196.895347, "delta": 0.112716}}
{"target": -149.72973246149897, "params": {"p_ai": 4.20831303644071, "p_al": 1.3909199912438017, "p_ex": 7.8123479058368535, "prior": 8.210723794409088, "rate": 0.060692924712947724}, "datetime": {"datetime": "2024-06-12 22:28:02", "elapsed": 197.016659, "delta": 0.121312}}
{"target": -152.75621091007224, "params": {"p_ai": 3.586736625409582, "p_al": 9.279393194911547, "p_ex": 5.586318850329485, "prior": 1.7037725617162454, "rate": 3.9774673080792806}, "datetime": {"datetime": "2024-06-12 22:28:02", "elapsed": 197.129388, "delta": 0.112729}}
{"target": -155.70222055203845, "params": {"p_ai": 6.307483126500032, "p_al": 7.635259602323334, "p_ex": 9.854815211342656, "prior": 9.776881933179979, "rate": 4.441927905590453}, "datetime": {"datetime": "2024-06-12 22:28:02", "elapsed": 197.243056, "delta": 0.113668}}
{"target": -269.34560710479064, "params": {"p_ai": 9.179882536983376, "p_al": 7.237878515196161, "p_ex": 1.5502361081867004, "prior": 5.6936167436773015, "rate": 5.296019123071802}, "datetime": {"datetime": "2024-06-12 22:28:02", "elapsed": 197.356862, "delta": 0.113806}}
{"target": -259.9492160337625, "params": {"p_ai": 9.3954808270492, "p_al": 6.926539717875964, "p_ex": 5.394686533645217, "prior": 9.187316743334772, "rate": 0.8100829607163762}, "datetime": {"datetime": "2024-06-12 22:28:02", "elapsed": 197.470558, "delta": 0.113696}}
{"target": -164.34636365484303, "params": {"p_ai": 3.094916993572918, "p_al": 3.6642165952533947, "p_ex": 0.11845844310111493, "prior": 5.452034263649911, "rate": 3.856364428548411}, "datetime": {"datetime": "2024-06-12 22:28:03", "elapsed": 197.583975, "delta": 0.113417}}
{"target": -127.32451801120219, "params": {"p_ai": 4.65197580062364, "p_al": 0.5270892060138994, "p_ex": 9.805510777843343, "prior": 8.7538486659174, "rate": 3.1268548644551957}, "datetime": {"datetime": "2024-06-12 22:28:03", "elapsed": 197.697674, "delta": 0.113699}}
{"target": -135.3822190619253, "params": {"p_ai": 0.8186114436392081, "p_al": 1.066901745487618, "p_ex": 1.1136713740479698, "prior": 3.142322315774355, "rate": 7.467461809968642}, "datetime": {"datetime": "2024-06-12 22:28:03", "elapsed": 197.81074, "delta": 0.113066}}
{"target": -223.57849492744882, "params": {"p_ai": 8.67835826934303, "p_al": 4.504354254314959, "p_ex": 7.3542718795900415, "prior": 1.954921454335733, "rate": 1.9398555014637024}, "datetime": {"datetime": "2024-06-12 22:28:03", "elapsed": 197.930012, "delta": 0.119272}}
{"target": -168.0035055232395, "params": {"p_ai": 3.675066216725256, "p_al": 3.4930642409083035, "p_ex": 3.0214884061699934, "prior": 5.498054713306537, "rate": 0.12793941966032618}, "datetime": {"datetime": "2024-06-12 22:28:03", "elapsed": 198.043074, "delta": 0.113062}}
{"target": -182.83802800395716, "params": {"p_ai": 3.592949377328632, "p_al": 6.850240208220651, "p_ex": 2.0762081974303945, "prior": 1.809196226734778, "rate": 2.941861912968554}, "datetime": {"datetime": "2024-06-12 22:28:03", "elapsed": 198.15677, "delta": 0.113696}}
{"target": -279.77084605346374, "params": {"p_ai": 0.0570794264110311, "p_al": 3.4485010399955662, "p_ex": 8.284216693945723, "prior": 0.22387027810913668, "rate": 0.30416112021260816}, "datetime": {"datetime": "2024-06-12 22:28:03", "elapsed": 198.270467, "delta": 0.113697}}
{"target": -118.03013100335265, "params": {"p_ai": 3.7441838512918704, "p_al": 0.6545373626395712, "p_ex": 8.530620095744082, "prior": 3.6361514821744563, "rate": 7.087162602781017}, "datetime": {"datetime": "2024-06-12 22:28:03", "elapsed": 198.38312, "delta": 0.112653}}
{"target": -168.37521109324675, "params": {"p_ai": 3.425736032867562, "p_al": 2.854851210663137, "p_ex": 0.05590843511159711, "prior": 2.7010673520654245, "rate": 5.582512215150337}, "datetime": {"datetime": "2024-06-12 22:28:03", "elapsed": 198.496674, "delta": 0.113554}}
{"target": -174.89797651992572, "params": {"p_ai": 3.952715254018773, "p_al": 8.451666840823487, "p_ex": 2.5363778194337905, "prior": 9.201972385751201, "rate": 1.4504370511416007}, "datetime": {"datetime": "2024-06-12 22:28:04", "elapsed": 198.609372, "delta": 0.112698}}
{"target": -206.28427685671642, "params": {"p_ai": 4.839672515828387, "p_al": 2.020657909509962, "p_ex": 1.1227070742976464, "prior": 0.7902785856182359, "rate": 0.9805149571102284}, "datetime": {"datetime": "2024-06-12 22:28:04", "elapsed": 198.723304, "delta": 0.113932}}
{"target": -181.77133414469256, "params": {"p_ai": 4.434795231200355, "p_al": 4.939871104309284, "p_ex": 2.9452144192316068, "prior": 7.103606491623381, "rate": 0.21598214968952503}, "datetime": {"datetime": "2024-06-12 22:28:04", "elapsed": 198.836249, "delta": 0.112945}}
{"target": -148.16653502316393, "params": {"p_ai": 3.0966072855252476, "p_al": 8.4279922185235, "p_ex": 5.475035998134492, "prior": 0.5526442623327297, "rate": 5.102147829330874}, "datetime": {"datetime": "2024-06-12 22:28:04", "elapsed": 198.948995, "delta": 0.112746}}
{"target": -115.13445816291065, "params": {"p_ai": 2.9432512066981205, "p_al": 1.6641068935056507, "p_ex": 6.79315699912272, "prior": 1.9689723488615207, "rate": 3.9595303293616912}, "datetime": {"datetime": "2024-06-12 22:28:04", "elapsed": 199.062301, "delta": 0.113306}}
{"target": -454.88756139626497, "params": {"p_ai": 7.277921528343489, "p_al": 8.099541411826896, "p_ex": 6.015246650712711, "prior": 1.3089566403392192, "rate": 0.10989390105380556}, "datetime": {"datetime": "2024-06-12 22:28:04", "elapsed": 199.175, "delta": 0.112699}}
{"target": -156.47369107284868, "params": {"p_ai": 2.9264355812037617, "p_al": 4.8393618600855035, "p_ex": 0.7576327747204976, "prior": 0.8358287218164281, "rate": 9.794963867843931}, "datetime": {"datetime": "2024-06-12 22:28:04", "elapsed": 199.288201, "delta": 0.113201}}
{"target": -164.01372646248936, "params": {"p_ai": 6.243085317339162, "p_al": 8.229260310475276, "p_ex": 7.810318538165776, "prior": 5.102871349984904, "rate": 6.070014439084623}, "datetime": {"datetime": "2024-06-12 22:28:04", "elapsed": 199.402491, "delta": 0.11429}}
{"target": -183.16151883090924, "params": {"p_ai": 2.825230053129282, "p_al": 9.360024382024866, "p_ex": 6.169073746264268, "prior": 4.069085998139481, "rate": 0.5027332281108874}, "datetime": {"datetime": "2024-06-12 22:28:04", "elapsed": 199.515542, "delta": 0.113051}}
{"target": -154.48930922470177, "params": {"p_ai": 1.049344743577626, "p_al": 4.439949432686932, "p_ex": 0.23860297366404565, "prior": 2.8864211596602547, "rate": 2.149739736234594}, "datetime": {"datetime": "2024-06-12 22:28:05", "elapsed": 199.62876, "delta": 0.113218}}
{"target": -112.7956090725791, "params": {"p_ai": 2.2158851068296688, "p_al": 1.927645508890136, "p_ex": 8.39168993709635, "prior": 4.660974693206179, "rate": 5.431847982540647}, "datetime": {"datetime": "2024-06-12 22:28:05", "elapsed": 199.741839, "delta": 0.113079}}
{"target": -198.31929968918703, "params": {"p_ai": 5.8085928743625805, "p_al": 0.944366227967611, "p_ex": 0.64104585878172, "prior": 9.868115074039345, "rate": 2.8390302919312274}, "datetime": {"datetime": "2024-06-12 22:28:05", "elapsed": 199.855466, "delta": 0.113627}}
{"target": -120.44349294855516, "params": {"p_ai": 1.4198719573620413, "p_al": 0.18877194032575711, "p_ex": 8.707206755855346, "prior": 1.7382795648924734, "rate": 1.7161810902589858}, "datetime": {"datetime": "2024-06-12 22:28:05", "elapsed": 199.969073, "delta": 0.113607}}
{"target": -132.07362545925946, "params": {"p_ai": 3.7275861586587777, "p_al": 1.8259027452235743, "p_ex": 4.410654513672928, "prior": 5.787178774859332, "rate": 8.361759262901945}, "datetime": {"datetime": "2024-06-12 22:28:05", "elapsed": 200.082282, "delta": 0.113209}}
{"target": -182.26448239407026, "params": {"p_ai": 5.883359694122646, "p_al": 9.240396445238543, "p_ex": 4.8133585954781895, "prior": 6.218810829625913, "rate": 4.417624344923028}, "datetime": {"datetime": "2024-06-12 22:28:05", "elapsed": 200.195813, "delta": 0.113531}}
{"target": -224.25647145948244, "params": {"p_ai": 9.125192472682842, "p_al": 7.104368034825856, "p_ex": 6.028364300611192, "prior": 8.434044408073273, "rate": 9.065053929593057}, "datetime": {"datetime": "2024-06-12 22:28:05", "elapsed": 200.310013, "delta": 0.1142}}
{"target": -176.81035922052007, "params": {"p_ai": 5.780278487109837, "p_al": 2.076747006550658, "p_ex": 3.331566249185239, "prior": 9.200192456243458, "rate": 4.912084820739068}, "datetime": {"datetime": "2024-06-12 22:28:05", "elapsed": 200.423169, "delta": 0.113156}}
{"target": -254.79540314714373, "params": {"p_ai": 8.451666587577435, "p_al": 4.916269488434407, "p_ex": 0.4834385541964983, "prior": 5.884638160158028, "rate": 9.798903067710715}, "datetime": {"datetime": "2024-06-12 22:28:05", "elapsed": 200.537863, "delta": 0.114694}}
{"target": -125.03645349208963, "params": {"p_ai": 1.515503008079487, "p_al": 6.269598335019419, "p_ex": 6.444503803436437, "prior": 1.0631561907006035, "rate": 2.990461280954757}, "datetime": {"datetime": "2024-06-12 22:28:06", "elapsed": 200.650561, "delta": 0.112698}}
{"target": -300.04552420404553, "params": {"p_ai": 3.8959831830687888, "p_al": 9.543671365430777, "p_ex": 5.7679660457770074, "prior": 0.8744967488020646, "rate": 1.072490181520753}, "datetime": {"datetime": "2024-06-12 22:28:06", "elapsed": 200.763289, "delta": 0.112728}}
{"target": -266.7880469685136, "params": {"p_ai": 9.536873374341363, "p_al": 8.053636578774547, "p_ex": 4.283588449105331, "prior": 6.72524282989263, "rate": 2.1200766989315696}, "datetime": {"datetime": "2024-06-12 22:28:06", "elapsed": 200.876745, "delta": 0.113456}}
{"target": -157.6794671960906, "params": {"p_ai": 5.202125476901955, "p_al": 9.755434569703551, "p_ex": 8.304415130244, "prior": 2.1605768686823534, "rate": 4.4847867469510385}, "datetime": {"datetime": "2024-06-12 22:28:06", "elapsed": 200.989695, "delta": 0.11295}}
{"target": -148.3103533869358, "params": {"p_ai": 5.727242202985682, "p_al": 5.708443316833046, "p_ex": 9.305325516899234, "prior": 2.5517056784217282, "rate": 6.563738478113883}, "datetime": {"datetime": "2024-06-12 22:28:06", "elapsed": 201.102394, "delta": 0.112699}}
{"target": -199.1103525415, "params": {"p_ai": 7.812690271993985, "p_al": 1.160601525110093, "p_ex": 5.264365526462768, "prior": 4.1240237657859025, "rate": 5.023421940232455}, "datetime": {"datetime": "2024-06-12 22:28:06", "elapsed": 201.21609, "delta": 0.113696}}
{"target": -147.167499218509, "params": {"p_ai": 0.6540852484869445, "p_al": 2.6960916194395437, "p_ex": 2.500770394588615, "prior": 6.6871079272570775, "rate": 0.5016923042482302}, "datetime": {"datetime": "2024-06-12 22:28:06", "elapsed": 201.328788, "delta": 0.112698}}
{"target": -246.13703180495617, "params": {"p_ai": 9.731373002481384, "p_al": 3.757498753387578, "p_ex": 8.718826986612719, "prior": 6.943229007107121, "rate": 0.296761024531815}, "datetime": {"datetime": "2024-06-12 22:28:06", "elapsed": 201.441487, "delta": 0.112699}}
{"target": -131.04296917509808, "params": {"p_ai": 0.8736192603075104, "p_al": 0.950537411031849, "p_ex": 5.642699732456598, "prior": 5.660857561045755, "rate": 3.1067697447742884}, "datetime": {"datetime": "2024-06-12 22:28:07", "elapsed": 201.555198, "delta": 0.113711}}
{"target": -142.85409971206272, "params": {"p_ai": 1.1328230404335249, "p_al": 7.6862883074548956, "p_ex": 1.3828505939648221, "prior": 5.850733827565691, "rate": 5.087266420902204}, "datetime": {"datetime": "2024-06-12 22:28:07", "elapsed": 201.667928, "delta": 0.11273}}
{"target": -187.9118506031851, "params": {"p_ai": 5.101719491681198, "p_al": 3.5940143066396395, "p_ex": 0.5557328765858107, "prior": 3.362607447052891, "rate": 9.49856917371997}, "datetime": {"datetime": "2024-06-12 22:28:07", "elapsed": 201.782156, "delta": 0.114228}}
{"target": -222.3327919850258, "params": {"p_ai": 9.48337904821076, "p_al": 4.2937613368317145, "p_ex": 7.420744505584506, "prior": 5.576596190715166, "rate": 9.140122463625204}, "datetime": {"datetime": "2024-06-12 22:28:07", "elapsed": 201.894758, "delta": 0.112602}}
{"target": -236.11905985792197, "params": {"p_ai": 7.364367670973599, "p_al": 3.939915265535041, "p_ex": 0.6062933343870917, "prior": 8.106318299713879, "rate": 3.1648914024045944}, "datetime": {"datetime": "2024-06-12 22:28:07", "elapsed": 202.0296, "delta": 0.134842}}
{"target": -161.86199326131955, "params": {"p_ai": 4.942556773417114, "p_al": 5.415751685695423, "p_ex": 5.175770439769287, "prior": 1.4627757268828725, "rate": 3.5940904567909753}, "datetime": {"datetime": "2024-06-12 22:28:07", "elapsed": 202.149283, "delta": 0.119683}}
{"target": -164.57206218457407, "params": {"p_ai": 3.6137307964915024, "p_al": 2.1587353818993296, "p_ex": 0.36945596621601556, "prior": 9.241854257258078, "rate": 3.54382328264327}, "datetime": {"datetime": "2024-06-12 22:28:07", "elapsed": 202.281439, "delta": 0.132156}}
{"target": -121.91501225616844, "params": {"p_ai": 1.9587906202407985, "p_al": 8.641052718885055, "p_ex": 4.9810365006234445, "prior": 8.199431128890511, "rate": 7.633434166521316}, "datetime": {"datetime": "2024-06-12 22:28:07", "elapsed": 202.405139, "delta": 0.1237}}
{"target": -126.09066048534703, "params": {"p_ai": 1.168130717558482, "p_al": 5.161270516651569, "p_ex": 3.3430727719670768, "prior": 6.859749327254686, "rate": 7.872388981522223}, "datetime": {"datetime": "2024-06-12 22:28:07", "elapsed": 202.528807, "delta": 0.123668}}
{"target": -120.33201213323895, "params": {"p_ai": 2.8478120950384707, "p_al": 4.200642296622124, "p_ex": 8.823654541848954, "prior": 7.640276990704428, "rate": 2.8497379449744105}, "datetime": {"datetime": "2024-06-12 22:28:08", "elapsed": 202.642784, "delta": 0.113977}}
{"target": -184.69780205599164, "params": {"p_ai": 7.239099541271242, "p_al": 0.27237542317981583, "p_ex": 5.633388052583022, "prior": 0.4117319370996556, "rate": 1.2616859991783544}, "datetime": {"datetime": "2024-06-12 22:28:08", "elapsed": 202.760526, "delta": 0.117742}}
{"target": -216.67944444626568, "params": {"p_ai": 8.206165134860953, "p_al": 6.816393871648483, "p_ex": 4.388876193891318, "prior": 3.9577011246636613, "rate": 8.758079863717915}, "datetime": {"datetime": "2024-06-12 22:28:08", "elapsed": 202.875492, "delta": 0.114966}}
{"target": -149.40592537356315, "params": {"p_ai": 2.3884335366247096, "p_al": 3.940443508270194, "p_ex": 1.4356388466563614, "prior": 6.724593074749828, "rate": 1.7569187206082415}, "datetime": {"datetime": "2024-06-12 22:28:08", "elapsed": 202.988315, "delta": 0.112823}}
{"target": -403.24007742758806, "params": {"p_ai": 9.997538219439393, "p_al": 9.64435836980209, "p_ex": 0.67846837073078, "prior": 0.7094191982531912, "rate": 2.4716590613240044}, "datetime": {"datetime": "2024-06-12 22:28:08", "elapsed": 203.10201, "delta": 0.113695}}
{"target": -120.24907358031696, "params": {"p_ai": 3.113199216845208, "p_al": 7.979576509476988, "p_ex": 7.528886769872903, "prior": 1.7898699701152085, "rate": 7.40547428623903}, "datetime": {"datetime": "2024-06-12 22:28:08", "elapsed": 203.215706, "delta": 0.113696}}
{"target": -153.30535179533965, "params": {"p_ai": 3.768939080848803, "p_al": 3.154090453024458, "p_ex": 2.0018974713345363, "prior": 5.5689349379506545, "rate": 5.0800663214378}, "datetime": {"datetime": "2024-06-12 22:28:08", "elapsed": 203.329402, "delta": 0.113696}}
{"target": -292.57925431498614, "params": {"p_ai": 9.04527696601336, "p_al": 1.645316780675287, "p_ex": 0.26180135711145114, "prior": 1.392915278638611, "rate": 0.36451297992350945}, "datetime": {"datetime": "2024-06-12 22:28:08", "elapsed": 203.442635, "delta": 0.113233}}
{"target": -156.75462278111837, "params": {"p_ai": 5.687163566769333, "p_al": 7.716013039606546, "p_ex": 9.871777231050503, "prior": 8.472619903469722, "rate": 1.69659327492476}, "datetime": {"datetime": "2024-06-12 22:28:09", "elapsed": 203.556079, "delta": 0.113444}}
{"target": -278.40671877424984, "params": {"p_ai": 9.77961288637034, "p_al": 5.785494040079212, "p_ex": 8.102580535658149, "prior": 0.1151810139076463, "rate": 1.9803693431064198}, "datetime": {"datetime": "2024-06-12 22:28:09", "elapsed": 203.670338, "delta": 0.114259}}
