{"target": -146.98355902801114, "params": {"p_ai": 5.316303075493122, "p_al": 6.792450289006991, "p_ex": 5.129238550757324, "prior": 2.991824334263695, "rate": 1.0547413426276626}, "datetime": {"datetime": "2024-06-13 02:06:34", "elapsed": 44.567982, "delta": 0.109649}}
{"target": -96.50551341411183, "params": {"p_ai": 2.8500365250757254, "p_al": 7.688759630029292, "p_ex": 6.40818626181401, "prior": 8.013505701328722, "rate": 5.171688199172296}, "datetime": {"datetime": "2024-06-13 02:06:34", "elapsed": 44.701653, "delta": 0.133671}}
{"target": -154.94682628010995, "params": {"p_ai": 2.321768118441504, "p_al": 6.279991307892046, "p_ex": 3.040750894733009, "prior": 0.29625792067526757, "rate": 9.03340843699194}, "datetime": {"datetime": "2024-06-13 02:06:34", "elapsed": 44.813354, "delta": 0.111701}}
{"target": -114.99888749803978, "params": {"p_ai": 4.2042753184590484, "p_al": 4.261881673466698, "p_ex": 7.412776101583259, "prior": 9.484635584653631, "rate": 0.7260827649265881}, "datetime": {"datetime": "2024-06-13 02:06:34", "elapsed": 44.927255, "delta": 0.113901}}
{"target": -105.08411820245445, "params": {"p_ai": 1.7278381802346168, "p_al": 3.224252533837974, "p_ex": 2.48499403905566, "prior": 4.9554543186305695, "rate": 8.244771648366036}, "datetime": {"datetime": "2024-06-13 02:06:35", "elapsed": 45.041987, "delta": 0.114732}}
{"target": -173.18586020757033, "params": {"p_ai": 8.539870177006817, "p_al": 5.958703590644958, "p_ex": 2.4024971645768356, "prior": 1.86574039003858, "rate": 7.434161733507989}, "datetime": {"datetime": "2024-06-13 02:06:35", "elapsed": 45.161176, "delta": 0.119189}}
{"target": -102.6846956322916, "params": {"p_ai": 2.372903362377833, "p_al": 5.395369418374571, "p_ex": 7.493058590484791, "prior": 2.283262797049244, "rate": 1.7458373745398674}, "datetime": {"datetime": "2024-06-13 02:06:35", "elapsed": 45.27139, "delta": 0.110214}}
{"target": -102.5420058059225, "params": {"p_ai": 0.39831713007193664, "p_al": 1.4765408081617755, "p_ex": 8.51453763056296, "prior": 1.0472544815378406, "rate": 2.2372268102276505}, "datetime": {"datetime": "2024-06-13 02:06:35", "elapsed": 45.383091, "delta": 0.111701}}
{"target": -131.98542046559206, "params": {"p_ai": 0.32853924026002534, "p_al": 6.763889997877335, "p_ex": 2.317799711505731, "prior": 4.136503586299842, "rate": 1.393872412065944}, "datetime": {"datetime": "2024-06-13 02:06:35", "elapsed": 45.508134, "delta": 0.125043}}
{"target": -117.22319155797665, "params": {"p_ai": 3.772795658827454, "p_al": 4.244950224929914, "p_ex": 4.730176553648271, "prior": 4.228995288573093, "rate": 1.028462882177769}, "datetime": {"datetime": "2024-06-13 02:06:35", "elapsed": 45.620533, "delta": 0.112399}}
{"target": -141.69614855260485, "params": {"p_ai": 7.72603008604881, "p_al": 1.3729228288956241, "p_ex": 4.243499450883795, "prior": 2.7202891684153423, "rate": 3.0107784228559833}, "datetime": {"datetime": "2024-06-13 02:06:35", "elapsed": 45.729243, "delta": 0.10871}}
{"target": -156.4898542232712, "params": {"p_ai": 6.72453530509174, "p_al": 5.178349451410332, "p_ex": 1.9016804177489257, "prior": 4.691875263893938, "rate": 3.396069147094239}, "datetime": {"datetime": "2024-06-13 02:06:35", "elapsed": 45.838298, "delta": 0.109055}}
{"target": -118.9369633442775, "params": {"p_ai": 7.045267485283013, "p_al": 2.2617259291230574, "p_ex": 8.450036385446094, "prior": 5.262770419251413, "rate": 5.006695109657969}, "datetime": {"datetime": "2024-06-13 02:06:35", "elapsed": 45.94781, "delta": 0.109512}}
{"target": -113.22281285899413, "params": {"p_ai": 2.537604383069914, "p_al": 1.8623705416969032, "p_ex": 4.7187188083132305, "prior": 9.818262353834747, "rate": 1.3299294703806088}, "datetime": {"datetime": "2024-06-13 02:06:36", "elapsed": 46.056519, "delta": 0.108709}}
{"target": -103.9211334583924, "params": {"p_ai": 2.8353408618481435, "p_al": 8.006611101660276, "p_ex": 6.648104208209039, "prior": 2.788305328525677, "rate": 3.1471614201443434}, "datetime": {"datetime": "2024-06-13 02:06:36", "elapsed": 46.167223, "delta": 0.110704}}
{"target": -96.44025404543218, "params": {"p_ai": 4.200062595764889, "p_al": 6.028264835660719, "p_ex": 7.193668333443535, "prior": 8.573146034178855, "rate": 6.811433593113639}, "datetime": {"datetime": "2024-06-13 02:06:36", "elapsed": 46.275933, "delta": 0.10871}}
{"target": -102.95788931685112, "params": {"p_ai": 2.370583662652512, "p_al": 9.257279632827263, "p_ex": 7.812172811356986, "prior": 3.0745074227980154, "rate": 3.0503514507789897}, "datetime": {"datetime": "2024-06-13 02:06:36", "elapsed": 46.385151, "delta": 0.109218}}
{"target": -145.95492144366938, "params": {"p_ai": 8.811802015970617, "p_al": 1.2616587254915876, "p_ex": 6.334974881523022, "prior": 2.7778496120017686, "rate": 8.272176051067923}, "datetime": {"datetime": "2024-06-13 02:06:36", "elapsed": 46.49496, "delta": 0.109809}}
{"target": -121.05730679067909, "params": {"p_ai": 3.645869952111327, "p_al": 7.3339275785938725, "p_ex": 1.9249864862469743, "prior": 4.814977529509854, "rate": 8.03614266968384}, "datetime": {"datetime": "2024-06-13 02:06:36", "elapsed": 46.604666, "delta": 0.109706}}
{"target": -99.64793792569311, "params": {"p_ai": 3.9704851285120673, "p_al": 1.6165788245210426, "p_ex": 6.490173244263826, "prior": 7.53350473313803, "rate": 2.8026461610955637}, "datetime": {"datetime": "2024-06-13 02:06:36", "elapsed": 46.71415, "delta": 0.109484}}
{"target": -98.53432979860058, "params": {"p_ai": 4.514167250462784, "p_al": 9.004588674948266, "p_ex": 8.719984326277993, "prior": 7.0721689102320395, "rate": 5.909415094304578}, "datetime": {"datetime": "2024-06-13 02:06:36", "elapsed": 46.823857, "delta": 0.109707}}
{"target": -207.38298324851246, "params": {"p_ai": 8.174005321700859, "p_al": 9.07653881635229, "p_ex": 0.026073089119563617, "prior": 3.972880434571384, "rate": 5.614535427501098}, "datetime": {"datetime": "2024-06-13 02:06:36", "elapsed": 46.933389, "delta": 0.109532}}
{"target": -136.0239596706093, "params": {"p_ai": 7.339497439712482, "p_al": 0.8756401490882502, "p_ex": 3.998150121820964, "prior": 2.796932173319039, "rate": 4.235677020998725}, "datetime": {"datetime": "2024-06-13 02:06:37", "elapsed": 47.041891, "delta": 0.108502}}
{"target": -112.48492523597888, "params": {"p_ai": 4.980288348100211, "p_al": 6.600492220036985, "p_ex": 4.962865153563822, "prior": 6.2050615378513, "rate": 5.824816179030337}, "datetime": {"datetime": "2024-06-13 02:06:37", "elapsed": 47.15094, "delta": 0.109049}}
{"target": -122.66669172643569, "params": {"p_ai": 4.2838956479905255, "p_al": 0.050758670747942644, "p_ex": 1.9459696221821587, "prior": 3.2027463362086017, "rate": 1.470634280423458}, "datetime": {"datetime": "2024-06-13 02:06:37", "elapsed": 47.260107, "delta": 0.109167}}
{"target": -123.80046417935667, "params": {"p_ai": 5.987040152182751, "p_al": 6.115383267119364, "p_ex": 5.001432502709699, "prior": 3.2091681671070447, "rate": 6.53292726219252}, "datetime": {"datetime": "2024-06-13 02:06:37", "elapsed": 47.368816, "delta": 0.108709}}
{"target": -88.38833304502577, "params": {"p_ai": 1.903644543307758, "p_al": 0.05980393346483768, "p_ex": 7.3496852448209316, "prior": 4.435594915197448, "rate": 6.978718718842435}, "datetime": {"datetime": "2024-06-13 02:06:37", "elapsed": 47.477698, "delta": 0.108882}}
{"target": -118.05900817250172, "params": {"p_ai": 1.851248453020123, "p_al": 0.6271354000371709, "p_ex": 3.78170775924343, "prior": 6.960269107944495, "rate": 1.0290808561757039}, "datetime": {"datetime": "2024-06-13 02:06:37", "elapsed": 47.58683, "delta": 0.109132}}
{"target": -115.96202719649519, "params": {"p_ai": 1.959146502516249, "p_al": 4.540072551414793, "p_ex": 6.211870747746768, "prior": 7.501492356441782, "rate": 1.0982404778352803}, "datetime": {"datetime": "2024-06-13 02:06:37", "elapsed": 47.696566, "delta": 0.109736}}
{"target": -121.05469599444888, "params": {"p_ai": 6.246611447949256, "p_al": 3.8742178609226636, "p_ex": 6.701233597109323, "prior": 2.036400216241354, "rate": 5.2796600565097815}, "datetime": {"datetime": "2024-06-13 02:06:37", "elapsed": 47.804999, "delta": 0.108433}}
{"target": -88.93792036554984, "params": {"p_ai": 1.722453387004371, "p_al": 0.18779137895775708, "p_ex": 4.870015513993148, "prior": 1.8425935878323698, "rate": 6.3837949567038725}, "datetime": {"datetime": "2024-06-13 02:06:37", "elapsed": 47.914692, "delta": 0.109693}}
{"target": -124.58046246695761, "params": {"p_ai": 5.366211618584989, "p_al": 7.74967885459746, "p_ex": 3.930206066439398, "prior": 9.894531856231692, "rate": 5.152631746924576}, "datetime": {"datetime": "2024-06-13 02:06:37", "elapsed": 48.028388, "delta": 0.113696}}
{"target": -112.18335648059242, "params": {"p_ai": 4.788755188453533, "p_al": 7.494675265050945, "p_ex": 5.727310244630862, "prior": 3.625290707682954, "rate": 4.892958609815962}, "datetime": {"datetime": "2024-06-13 02:06:38", "elapsed": 48.141088, "delta": 0.1127}}
{"target": -130.36681399669013, "params": {"p_ai": 1.8921946110135588, "p_al": 3.9364405595543226, "p_ex": 0.30058756348796134, "prior": 4.625828074361687, "rate": 2.7454666539229047}, "datetime": {"datetime": "2024-06-13 02:06:38", "elapsed": 48.25179, "delta": 0.110702}}
{"target": -105.3311072718809, "params": {"p_ai": 5.267631887725799, "p_al": 0.2936919419097222, "p_ex": 5.5513125784552235, "prior": 2.9306858383999437, "rate": 5.775329319454461}, "datetime": {"datetime": "2024-06-13 02:06:38", "elapsed": 48.360007, "delta": 0.108217}}
{"target": -134.00115245594637, "params": {"p_ai": 7.327965762760406, "p_al": 4.403937930137581, "p_ex": 6.6319050719967745, "prior": 2.3898606387472503, "rate": 9.985992286776213}, "datetime": {"datetime": "2024-06-13 02:06:38", "elapsed": 48.469638, "delta": 0.109631}}
{"target": -114.83179129173848, "params": {"p_ai": 2.4295423376760557, "p_al": 9.408343315400867, "p_ex": 2.1729802841597885, "prior": 4.97614628166607, "rate": 8.211948471962465}, "datetime": {"datetime": "2024-06-13 02:06:38", "elapsed": 48.57835, "delta": 0.108712}}
{"target": -136.61158021939227, "params": {"p_ai": 7.166163879900548, "p_al": 7.05609854079457, "p_ex": 4.4049651591972045, "prior": 7.541996079526139, "rate": 9.199615816571573}, "datetime": {"datetime": "2024-06-13 02:06:38", "elapsed": 48.688262, "delta": 0.109912}}
{"target": -144.4802758059437, "params": {"p_ai": 4.414076101413063, "p_al": 5.2801268760628535, "p_ex": 0.6612898045823568, "prior": 3.9083399636332565, "rate": 4.672918424766126}, "datetime": {"datetime": "2024-06-13 02:06:38", "elapsed": 48.797971, "delta": 0.109709}}
{"target": -142.99417036707504, "params": {"p_ai": 8.951481970324929, "p_al": 1.1064638451141569, "p_ex": 7.311644894386467, "prior": 5.455166214318647, "rate": 6.0657477697349185}, "datetime": {"datetime": "2024-06-13 02:06:38", "elapsed": 48.907981, "delta": 0.11001}}
{"target": -146.365846245787, "params": {"p_ai": 0.2987996583514733, "p_al": 1.4683270502280348, "p_ex": 2.8405482714363854, "prior": 0.04971560748810713, "rate": 6.6919088201735715}, "datetime": {"datetime": "2024-06-13 02:06:38", "elapsed": 49.017059, "delta": 0.109078}}
{"target": -156.24667721598746, "params": {"p_ai": 8.70270923127706, "p_al": 5.470136124403138, "p_ex": 5.432097311144519, "prior": 6.157643560201761, "rate": 3.022512822657626}, "datetime": {"datetime": "2024-06-13 02:06:39", "elapsed": 49.126273, "delta": 0.109214}}
{"target": -99.61829137758372, "params": {"p_ai": 3.6679530846277557, "p_al": 5.749822333050388, "p_ex": 8.092356620589728, "prior": 2.016764747447303, "rate": 3.275913034427043}, "datetime": {"datetime": "2024-06-13 02:06:39", "elapsed": 49.241964, "delta": 0.115691}}
{"target": -191.32377261591546, "params": {"p_ai": 7.429469582646582, "p_al": 3.4098615710742886, "p_ex": 0.4770616761368438, "prior": 1.5644129298338398, "rate": 1.9394547317358086}, "datetime": {"datetime": "2024-06-13 02:06:39", "elapsed": 49.35566, "delta": 0.113696}}
{"target": -103.7741581367357, "params": {"p_ai": 4.951628513249221, "p_al": 6.351614485952291, "p_ex": 8.802319552208612, "prior": 9.025463027666028, "rate": 3.072300524082465}, "datetime": {"datetime": "2024-06-13 02:06:39", "elapsed": 49.463537, "delta": 0.107877}}
{"target": -144.42769985679664, "params": {"p_ai": 7.534047351182733, "p_al": 2.824997877559167, "p_ex": 3.686400120782994, "prior": 2.927972894369209, "rate": 4.137493671254815}, "datetime": {"datetime": "2024-06-13 02:06:39", "elapsed": 49.573244, "delta": 0.109707}}
{"target": -119.75927555817037, "params": {"p_ai": 2.147942240988137, "p_al": 3.1905410786954205, "p_ex": 1.2200762190869865, "prior": 9.63021937771575, "rate": 5.04032611097843}, "datetime": {"datetime": "2024-06-13 02:06:39", "elapsed": 49.682809, "delta": 0.109565}}
{"target": -163.560678195835, "params": {"p_ai": 9.23108372520405, "p_al": 7.461855247593438, "p_ex": 4.577595171516512, "prior": 7.54646763085601, "rate": 6.280602762990652}, "datetime": {"datetime": "2024-06-13 02:06:39", "elapsed": 49.792516, "delta": 0.109707}}
{"target": -133.13301394495994, "params": {"p_ai": 3.0382805830845347, "p_al": 5.217071474819306, "p_ex": 7.123409644278645, "prior": 3.0538300009516193, "rate": 0.1262158460278462}, "datetime": {"datetime": "2024-06-13 02:06:39", "elapsed": 49.901585, "delta": 0.109069}}
{"target": -109.63811114138824, "params": {"p_ai": 2.6833600285302275, "p_al": 7.967658010425252, "p_ex": 9.300000896546049, "prior": 6.2536862178776484, "rate": 1.3289420383195298}, "datetime": {"datetime": "2024-06-13 02:06:39", "elapsed": 50.010813, "delta": 0.109228}}
{"target": -128.1742363409376, "params": {"p_ai": 7.575946022114966, "p_al": 5.269526555127393, "p_ex": 7.538936847140509, "prior": 8.586258418997055, "rate": 9.475467969467141}, "datetime": {"datetime": "2024-06-13 02:06:40", "elapsed": 50.120484, "delta": 0.109671}}
{"target": -119.80424258491311, "params": {"p_ai": 6.545720808693693, "p_al": 8.542727840216623, "p_ex": 7.426137988907772, "prior": 7.271284782848366, "rate": 8.58804877191338}, "datetime": {"datetime": "2024-06-13 02:06:40", "elapsed": 50.230191, "delta": 0.109707}}
{"target": -200.2279862160865, "params": {"p_ai": 9.2301074044959, "p_al": 9.020857939246921, "p_ex": 3.9581068653902416, "prior": 0.8411287767074533, "rate": 8.295907610863033}, "datetime": {"datetime": "2024-06-13 02:06:40", "elapsed": 50.338807, "delta": 0.108616}}
{"target": -157.34684243670907, "params": {"p_ai": 5.389776601523036, "p_al": 5.421219471236491, "p_ex": 8.25192813033363, "prior": 0.32080985957336305, "rate": 8.779726226832842}, "datetime": {"datetime": "2024-06-13 02:06:40", "elapsed": 50.448187, "delta": 0.10938}}
{"target": -125.04440090166031, "params": {"p_ai": 0.34730537937586553, "p_al": 6.932252389225503, "p_ex": 5.875257309024742, "prior": 6.417850059155134, "rate": 3.7414277971948233}, "datetime": {"datetime": "2024-06-13 02:06:40", "elapsed": 50.557988, "delta": 0.109801}}
{"target": -87.51900884527872, "params": {"p_ai": 2.755344804474391, "p_al": 5.094576405806185, "p_ex": 8.858345348380066, "prior": 5.653331413985319, "rate": 6.631825765751704}, "datetime": {"datetime": "2024-06-13 02:06:40", "elapsed": 50.667697, "delta": 0.109709}}
{"target": -105.70558840379627, "params": {"p_ai": 4.414350930304056, "p_al": 9.7214187321274, "p_ex": 7.425482001064747, "prior": 3.5496702059968834, "rate": 6.5356567956039315}, "datetime": {"datetime": "2024-06-13 02:06:40", "elapsed": 50.777217, "delta": 0.10952}}
{"target": -217.10199141951588, "params": {"p_ai": 5.426621502305332, "p_al": 8.840678067574482, "p_ex": 2.7512654566030514, "prior": 1.0815667842382009, "rate": 1.9135292453599602}, "datetime": {"datetime": "2024-06-13 02:06:40", "elapsed": 50.886923, "delta": 0.109706}}
{"target": -119.08746782381041, "params": {"p_ai": 3.8710752798182537, "p_al": 8.54074388954821, "p_ex": 2.70917829344533, "prior": 6.263961673283628, "rate": 6.235894458654538}, "datetime": {"datetime": "2024-06-13 02:06:40", "elapsed": 50.996435, "delta": 0.109512}}
{"target": -91.23375291347966, "params": {"p_ai": 4.08106330634394, "p_al": 0.504300961464858, "p_ex": 7.448593896451896, "prior": 2.957959618704388, "rate": 3.9851835072938524}, "datetime": {"datetime": "2024-06-13 02:06:41", "elapsed": 51.106142, "delta": 0.109707}}
{"target": -148.13725763470086, "params": {"p_ai": 3.7730184357375642, "p_al": 6.636362714079265, "p_ex": 0.8642465348648255, "prior": 5.49934931479934, "rate": 0.15520280161021519}, "datetime": {"datetime": "2024-06-13 02:06:41", "elapsed": 51.214851, "delta": 0.108709}}
{"target": -182.13395454577676, "params": {"p_ai": 9.830406796410628, "p_al": 5.984673796657761, "p_ex": 3.8417581657342703, "prior": 1.4683325593440997, "rate": 6.9690863860416155}, "datetime": {"datetime": "2024-06-13 02:06:41", "elapsed": 51.325555, "delta": 0.110704}}
{"target": -150.3094391910648, "params": {"p_ai": 9.058178358648817, "p_al": 3.1817694146938234, "p_ex": 7.665154954417642, "prior": 2.8756935223098354, "rate": 9.57229619840156}, "datetime": {"datetime": "2024-06-13 02:06:41", "elapsed": 51.434866, "delta": 0.109311}}
{"target": -130.50777350781829, "params": {"p_ai": 7.023455232193281, "p_al": 6.2505309163400185, "p_ex": 9.307416596768327, "prior": 2.6911548301319335, "rate": 9.236233847661266}, "datetime": {"datetime": "2024-06-13 02:06:41", "elapsed": 51.54414, "delta": 0.109274}}
{"target": -128.16267228893912, "params": {"p_ai": 6.781151258305702, "p_al": 7.713853709507418, "p_ex": 5.716781729013079, "prior": 8.339212870314833, "rate": 6.983119711119335}, "datetime": {"datetime": "2024-06-13 02:06:41", "elapsed": 51.652878, "delta": 0.108738}}
{"target": -120.27861723985498, "params": {"p_ai": 1.466940409067313, "p_al": 6.1249988251521215, "p_ex": 2.793924035827702, "prior": 9.158871351949934, "rate": 1.9831246698113274}, "datetime": {"datetime": "2024-06-13 02:06:41", "elapsed": 51.761677, "delta": 0.108799}}
{"target": -94.54216824794642, "params": {"p_ai": 2.857879237217657, "p_al": 0.47749939499181976, "p_ex": 4.476343861362332, "prior": 5.576320563895948, "rate": 5.736037264688377}, "datetime": {"datetime": "2024-06-13 02:06:41", "elapsed": 51.870386, "delta": 0.108709}}
{"target": -158.55268205169, "params": {"p_ai": 9.053868422216771, "p_al": 3.47479191407325, "p_ex": 4.475836267532962, "prior": 8.512525387352474, "rate": 5.768716203017017}, "datetime": {"datetime": "2024-06-13 02:06:41", "elapsed": 51.979472, "delta": 0.109086}}
{"target": -136.1461784873192, "params": {"p_ai": 6.54027535584246, "p_al": 2.784314944612766, "p_ex": 4.875225544956866, "prior": 6.209902923417142, "rate": 1.3348069074222546}, "datetime": {"datetime": "2024-06-13 02:06:42", "elapsed": 52.088688, "delta": 0.109216}}
{"target": -102.71898796177936, "params": {"p_ai": 0.3300542572087522, "p_al": 1.1349966003071306, "p_ex": 4.775133302320191, "prior": 0.24124331957345432, "rate": 6.26246308244308}, "datetime": {"datetime": "2024-06-13 02:06:42", "elapsed": 52.19871, "delta": 0.110022}}
{"target": -102.01695838745944, "params": {"p_ai": 0.9767285971428687, "p_al": 2.5103644156247413, "p_ex": 4.265502965616329, "prior": 1.159151640315784, "rate": 2.706249385980867}, "datetime": {"datetime": "2024-06-13 02:06:42", "elapsed": 52.307844, "delta": 0.109134}}
{"target": -148.2098538867501, "params": {"p_ai": 0.21177564868227716, "p_al": 9.850470490551084, "p_ex": 6.116124507605985, "prior": 3.784160034513656, "rate": 0.2662569827533811}, "datetime": {"datetime": "2024-06-13 02:06:42", "elapsed": 52.417014, "delta": 0.10917}}
{"target": -93.5469459385049, "params": {"p_ai": 3.8989976450014674, "p_al": 4.526133705237957, "p_ex": 9.310100934451263, "prior": 2.7857632142087283, "rate": 6.148204128941908}, "datetime": {"datetime": "2024-06-13 02:06:42", "elapsed": 52.527522, "delta": 0.110508}}
{"target": -138.76025037969367, "params": {"p_ai": 6.6520183774673525, "p_al": 1.8604237369935928, "p_ex": 5.058127726515332, "prior": 7.86522112783649, "rate": 0.966693765249707}, "datetime": {"datetime": "2024-06-13 02:06:42", "elapsed": 52.637229, "delta": 0.109707}}
{"target": -158.04497869201, "params": {"p_ai": 6.060746946391453, "p_al": 0.261573266951244, "p_ex": 0.07146019137694642, "prior": 0.5962265427935735, "rate": 4.814523191031215}, "datetime": {"datetime": "2024-06-13 02:06:42", "elapsed": 52.746584, "delta": 0.109355}}
{"target": -193.1315303574311, "params": {"p_ai": 9.257115382793618, "p_al": 4.0561682840061035, "p_ex": 0.7512513607260716, "prior": 8.613663392355804, "rate": 5.193456557118933}, "datetime": {"datetime": "2024-06-13 02:06:42", "elapsed": 52.859496, "delta": 0.112912}}
{"target": -113.91963664733993, "params": {"p_ai": 3.1900397533053235, "p_al": 9.630360355507971, "p_ex": 9.382679423255281, "prior": 2.6009297005949668, "rate": 2.014717145283489}, "datetime": {"datetime": "2024-06-13 02:06:42", "elapsed": 52.969144, "delta": 0.109648}}
{"target": -151.25515177435963, "params": {"p_ai": 5.889498124357467, "p_al": 8.425339580205748, "p_ex": 3.3678741763608038, "prior": 5.864707785221152, "rate": 1.623287749788599}, "datetime": {"datetime": "2024-06-13 02:06:43", "elapsed": 53.078851, "delta": 0.109707}}
{"target": -123.46634626363284, "params": {"p_ai": 1.94674275864618, "p_al": 7.613590824704965, "p_ex": 1.5018345150591474, "prior": 2.659804503437227, "rate": 6.895259136913517}, "datetime": {"datetime": "2024-06-13 02:06:43", "elapsed": 53.188067, "delta": 0.109216}}
{"target": -124.63192355788713, "params": {"p_ai": 0.15187798702215813, "p_al": 0.3229118442818368, "p_ex": 2.8759718743002627, "prior": 3.366895181942479, "rate": 3.622798839194582}, "datetime": {"datetime": "2024-06-13 02:06:43", "elapsed": 53.297774, "delta": 0.109707}}
{"target": -157.07519619683407, "params": {"p_ai": 8.072098564559683, "p_al": 0.3607736956187603, "p_ex": 3.584594051008626, "prior": 6.383143054534976, "rate": 1.4308980910737081}, "datetime": {"datetime": "2024-06-13 02:06:43", "elapsed": 53.412063, "delta": 0.114289}}
