{"target": -800.8437811199789, "params": {"gamma": 6.139097026322785, "lr": 0.3241385298974466}, "datetime": {"datetime": "2024-06-13 18:28:18", "elapsed": 1.253983, "delta": 0.00399}}
{"target": -670.758468144395, "params": {"gamma": 4.574144456728294, "lr": 0.44411710701661444}, "datetime": {"datetime": "2024-06-13 18:28:18", "elapsed": 1.257972, "delta": 0.003989}}
{"target": -1169.2946294049527, "params": {"gamma": 8.281525471954389, "lr": 0.4263481542362306}, "datetime": {"datetime": "2024-06-13 18:28:18", "elapsed": 1.260964, "delta": 0.002992}}
{"target": -706.8831616185947, "params": {"gamma": 3.4576425129338477, "lr": 0.6749716048091052}, "datetime": {"datetime": "2024-06-13 18:28:18", "elapsed": 1.264953, "delta": 0.003989}}
{"target": -334.23163731970567, "params": {"gamma": 2.215599075279554, "lr": 0.4672458239265538}, "datetime": {"datetime": "2024-06-13 18:28:18", "elapsed": 1.268943, "delta": 0.00399}}
{"target": -579.454811068896, "params": {"gamma": 3.1483421075528404, "lr": 0.6268556021628346}, "datetime": {"datetime": "2024-06-13 18:28:18", "elapsed": 1.271934, "delta": 0.002991}}
{"target": -1234.651606241397, "params": {"gamma": 8.773727386473432, "lr": 0.4476890001456285}, "datetime": {"datetime": "2024-06-13 18:28:18", "elapsed": 1.275924, "delta": 0.00399}}
{"target": -1106.0495456892208, "params": {"gamma": 7.84478973050044, "lr": 0.4569657005615504}, "datetime": {"datetime": "2024-06-13 18:28:18", "elapsed": 1.279913, "delta": 0.003989}}
{"target": -1546.6909814547269, "params": {"gamma": 6.562637087839597, "lr": 0.13184097502750214}, "datetime": {"datetime": "2024-06-13 18:28:18", "elapsed": 1.282905, "delta": 0.002992}}
{"target": -1136.1303248651252, "params": {"gamma": 4.3303820881695145, "lr": 0.9093119886549367}, "datetime": {"datetime": "2024-06-13 18:28:18", "elapsed": 1.286894, "delta": 0.003989}}
{"target": -1327.4688495371145, "params": {"gamma": 6.055184531308316, "lr": 0.7667745872371021}, "datetime": {"datetime": "2024-06-13 18:28:18", "elapsed": 1.290884, "delta": 0.00399}}
{"target": -719.2891390112694, "params": {"gamma": 5.047501380350848, "lr": 0.49805562482800747}, "datetime": {"datetime": "2024-06-13 18:28:18", "elapsed": 1.293876, "delta": 0.002992}}
{"target": -3114.774680673211, "params": {"gamma": 8.429155502088307, "lr": 0.06780693434095375}, "datetime": {"datetime": "2024-06-13 18:28:18", "elapsed": 1.297866, "delta": 0.00399}}
{"target": -1516.6901811632079, "params": {"gamma": 5.733149443225297, "lr": 0.9427625754329493}, "datetime": {"datetime": "2024-06-13 18:28:18", "elapsed": 1.301854, "delta": 0.003988}}
{"target": -827.104781254514, "params": {"gamma": 5.179082621675048, "lr": 0.1944658095278845}, "datetime": {"datetime": "2024-06-13 18:28:18", "elapsed": 1.305844, "delta": 0.00399}}
{"target": -1050.0979544032361, "params": {"gamma": 8.479545985042318, "lr": 0.25163914235585283}, "datetime": {"datetime": "2024-06-13 18:28:18", "elapsed": 1.308836, "delta": 0.002992}}
{"target": -1136.768348711049, "params": {"gamma": 7.007559638788898, "lr": 0.5402609403968999}, "datetime": {"datetime": "2024-06-13 18:28:18", "elapsed": 1.312825, "delta": 0.003989}}
{"target": -1679.177952525141, "params": {"gamma": 9.488414046513915, "lr": 0.6243367024026759}, "datetime": {"datetime": "2024-06-13 18:28:18", "elapsed": 1.316815, "delta": 0.00399}}
{"target": -3096.8121176346294, "params": {"gamma": 8.379941642515245, "lr": 0.007932876194523097}, "datetime": {"datetime": "2024-06-13 18:28:18", "elapsed": 1.320804, "delta": 0.003989}}
{"target": -3649.2204635628896, "params": {"gamma": 9.893411221610213, "lr": 0.07771457033238649}, "datetime": {"datetime": "2024-06-13 18:28:18", "elapsed": 1.323796, "delta": 0.002992}}
{"target": -858.581937182413, "params": {"gamma": 3.2219730066340815, "lr": 0.9461523954567653}, "datetime": {"datetime": "2024-06-13 18:28:18", "elapsed": 1.327785, "delta": 0.003989}}
{"target": -142.05022066347237, "params": {"gamma": 0.09038208461007943, "lr": 0.8227300054219355}, "datetime": {"datetime": "2024-06-13 18:28:18", "elapsed": 1.331774, "delta": 0.003989}}
{"target": -1243.1313578032964, "params": {"gamma": 8.612255172029577, "lr": 0.4398308142085725}, "datetime": {"datetime": "2024-06-13 18:28:18", "elapsed": 1.334766, "delta": 0.002992}}
{"target": -596.6885713776079, "params": {"gamma": 2.558196192865506, "lr": 0.8026895196332986}, "datetime": {"datetime": "2024-06-13 18:28:18", "elapsed": 1.338756, "delta": 0.00399}}
{"target": -1132.4430550447564, "params": {"gamma": 4.77914218231778, "lr": 0.13433860865569613}, "datetime": {"datetime": "2024-06-13 18:28:18", "elapsed": 1.342745, "delta": 0.003989}}
{"target": -2394.3460675663714, "params": {"gamma": 9.278562079257282, "lr": 0.8959699670066484}, "datetime": {"datetime": "2024-06-13 18:28:18", "elapsed": 1.345737, "delta": 0.002992}}
{"target": -1182.1503524867849, "params": {"gamma": 4.915959955019337, "lr": 0.8567024965177922}, "datetime": {"datetime": "2024-06-13 18:28:18", "elapsed": 1.349726, "delta": 0.003989}}
{"target": -851.3842585148991, "params": {"gamma": 4.1863616796152225, "lr": 0.6834649001663011}, "datetime": {"datetime": "2024-06-13 18:28:18", "elapsed": 1.353716, "delta": 0.00399}}
{"target": -654.1880582289446, "params": {"gamma": 3.9805084034398166, "lr": 0.5057420174508104}, "datetime": {"datetime": "2024-06-13 18:28:18", "elapsed": 1.357705, "delta": 0.003989}}
{"target": -515.5144155070402, "params": {"gamma": 1.896327476636439, "lr": 0.9649889241109139}, "datetime": {"datetime": "2024-06-13 18:28:18", "elapsed": 1.360697, "delta": 0.002992}}
{"target": -921.2643549697215, "params": {"gamma": 2.9428626667543027, "lr": 0.10345955611640134}, "datetime": {"datetime": "2024-06-13 18:28:18", "elapsed": 1.364687, "delta": 0.00399}}
{"target": -575.35868965064, "params": {"gamma": 1.4440096868902519, "lr": 0.014092294192442956}, "datetime": {"datetime": "2024-06-13 18:28:18", "elapsed": 1.368676, "delta": 0.003989}}
{"target": -1203.8789816548215, "params": {"gamma": 7.1597410489244835, "lr": 0.5644983202408741}, "datetime": {"datetime": "2024-06-13 18:28:18", "elapsed": 1.371668, "delta": 0.002992}}
{"target": -1286.7919553890745, "params": {"gamma": 7.945988933496338, "lr": 0.5070799232841364}, "datetime": {"datetime": "2024-06-13 18:28:18", "elapsed": 1.375657, "delta": 0.003989}}
{"target": -1595.0286816723965, "params": {"gamma": 7.918418574002035, "lr": 0.6957642142718394}, "datetime": {"datetime": "2024-06-13 18:28:18", "elapsed": 1.379647, "delta": 0.00399}}
{"target": -1099.4480670211353, "params": {"gamma": 7.778706920114895, "lr": 0.4064828689770863}, "datetime": {"datetime": "2024-06-13 18:28:18", "elapsed": 1.382638, "delta": 0.002991}}
{"target": -1033.8962544587112, "params": {"gamma": 6.478058561241625, "lr": 0.1797942976929744}, "datetime": {"datetime": "2024-06-13 18:28:18", "elapsed": 1.386628, "delta": 0.00399}}
{"target": -530.1320735436725, "params": {"gamma": 3.2188778139156518, "lr": 0.1726046201197925}, "datetime": {"datetime": "2024-06-13 18:28:18", "elapsed": 1.390617, "delta": 0.003989}}
{"target": -607.1738581199473, "params": {"gamma": 4.086963612907611, "lr": 0.2414187479655988}, "datetime": {"datetime": "2024-06-13 18:28:18", "elapsed": 1.393609, "delta": 0.002992}}
{"target": -1080.260505416308, "params": {"gamma": 4.069813019299451, "lr": 0.9752223424373121}, "datetime": {"datetime": "2024-06-13 18:28:18", "elapsed": 1.397599, "delta": 0.00399}}
{"target": -853.8606924453068, "params": {"gamma": 3.2038729388944907, "lr": 0.9824909449748953}, "datetime": {"datetime": "2024-06-13 18:28:18", "elapsed": 1.401589, "delta": 0.00399}}
{"target": -892.9119221159932, "params": {"gamma": 6.363424952433981, "lr": 0.375091018393911}, "datetime": {"datetime": "2024-06-13 18:28:18", "elapsed": 1.405577, "delta": 0.003988}}
{"target": -1518.9309343131793, "params": {"gamma": 8.574987506336882, "lr": 0.6195867393685738}, "datetime": {"datetime": "2024-06-13 18:28:18", "elapsed": 1.408569, "delta": 0.002992}}
{"target": -570.9992372969543, "params": {"gamma": 2.521078768228263, "lr": 0.7928556779768876}, "datetime": {"datetime": "2024-06-13 18:28:18", "elapsed": 1.412559, "delta": 0.00399}}
{"target": -629.0857773941755, "params": {"gamma": 4.329952148832897, "lr": 0.3575111673304414}, "datetime": {"datetime": "2024-06-13 18:28:18", "elapsed": 1.416548, "delta": 0.003989}}
{"target": -676.3977378489234, "params": {"gamma": 3.3034390883142843, "lr": 0.6973688756131394}, "datetime": {"datetime": "2024-06-13 18:28:18", "elapsed": 1.420537, "delta": 0.003989}}
{"target": -625.3935781683214, "params": {"gamma": 2.6872325889383593, "lr": 0.8082780137053801}, "datetime": {"datetime": "2024-06-13 18:28:18", "elapsed": 1.423529, "delta": 0.002992}}
{"target": -492.2608620260876, "params": {"gamma": 2.953592655204078, "lr": 0.5441213835853572}, "datetime": {"datetime": "2024-06-13 18:28:18", "elapsed": 1.427571, "delta": 0.004042}}
{"target": -1173.5631469805812, "params": {"gamma": 4.879726996560219, "lr": 0.8553564125953698}, "datetime": {"datetime": "2024-06-13 18:28:18", "elapsed": 1.430562, "delta": 0.002991}}
{"target": -1398.958284914206, "params": {"gamma": 8.883975957519464, "lr": 0.18438444236776674}, "datetime": {"datetime": "2024-06-13 18:28:18", "elapsed": 1.434552, "delta": 0.00399}}
{"target": -1514.5241601762784, "params": {"gamma": 5.853899240923573, "lr": 0.8982050460171371}, "datetime": {"datetime": "2024-06-13 18:28:18", "elapsed": 1.438541, "delta": 0.003989}}
{"target": -1182.9705187497545, "params": {"gamma": 4.461726073125263, "lr": 0.9218683054838154}, "datetime": {"datetime": "2024-06-13 18:28:18", "elapsed": 1.44253, "delta": 0.003989}}
{"target": -508.72993343027866, "params": {"gamma": 2.790629913679252, "lr": 0.6088311741937957}, "datetime": {"datetime": "2024-06-13 18:28:18", "elapsed": 1.445887, "delta": 0.003357}}
{"target": -991.7037841951473, "params": {"gamma": 6.824854643958388, "lr": 0.2282057333504841}, "datetime": {"datetime": "2024-06-13 18:28:18", "elapsed": 1.449877, "delta": 0.00399}}
{"target": -141.40060308880297, "params": {"gamma": 0.13866135806461027, "lr": 0.4167239623706961}, "datetime": {"datetime": "2024-06-13 18:28:18", "elapsed": 1.453866, "delta": 0.003989}}
{"target": -1335.4387169285724, "params": {"gamma": 9.384880436675484, "lr": 0.34302810983040655}, "datetime": {"datetime": "2024-06-13 18:28:18", "elapsed": 1.456858, "delta": 0.002992}}
{"target": -1238.9639600129306, "params": {"gamma": 7.7976632105305175, "lr": 0.17473631282740743}, "datetime": {"datetime": "2024-06-13 18:28:18", "elapsed": 1.460847, "delta": 0.003989}}
{"target": -655.855272995331, "params": {"gamma": 3.420186410188222, "lr": 0.14459772083809674}, "datetime": {"datetime": "2024-06-13 18:28:18", "elapsed": 1.464837, "delta": 0.00399}}
{"target": -1445.3546245084272, "params": {"gamma": 7.167991370649615, "lr": 0.6993076236968142}, "datetime": {"datetime": "2024-06-13 18:28:18", "elapsed": 1.468826, "delta": 0.003989}}
{"target": -859.6843897416061, "params": {"gamma": 6.88528468217124, "lr": 0.25339603448629966}, "datetime": {"datetime": "2024-06-13 18:28:18", "elapsed": 1.471818, "delta": 0.002992}}
{"target": -1005.6539442558046, "params": {"gamma": 6.923908856112466, "lr": 0.22729754091594956}, "datetime": {"datetime": "2024-06-13 18:28:18", "elapsed": 1.475807, "delta": 0.003989}}
{"target": -601.2678147965876, "params": {"gamma": 4.247066510197466, "lr": 0.37192212166768723}, "datetime": {"datetime": "2024-06-13 18:28:18", "elapsed": 1.479797, "delta": 0.00399}}
{"target": -1336.5077502824347, "params": {"gamma": 3.553723808289602, "lr": 0.05765480724125638}, "datetime": {"datetime": "2024-06-13 18:28:18", "elapsed": 1.483786, "delta": 0.003989}}
{"target": -1297.0403370343465, "params": {"gamma": 6.316834622032531, "lr": 0.7073166026816995}, "datetime": {"datetime": "2024-06-13 18:28:18", "elapsed": 1.486778, "delta": 0.002992}}
{"target": -1108.9957085326178, "params": {"gamma": 6.136273356333854, "lr": 0.6483127561631246}, "datetime": {"datetime": "2024-06-13 18:28:18", "elapsed": 1.490767, "delta": 0.003989}}
{"target": -351.53554141249293, "params": {"gamma": 1.7002372014583604, "lr": 0.14944679893886248}, "datetime": {"datetime": "2024-06-13 18:28:18", "elapsed": 1.494757, "delta": 0.00399}}
{"target": -1314.5519612154792, "params": {"gamma": 5.142236260215303, "lr": 0.8753327263545391}, "datetime": {"datetime": "2024-06-13 18:28:18", "elapsed": 1.498746, "delta": 0.003989}}
{"target": -285.7304299158666, "params": {"gamma": 1.8403504620306732, "lr": 0.4628391187082599}, "datetime": {"datetime": "2024-06-13 18:28:19", "elapsed": 1.501738, "delta": 0.002992}}
{"target": -614.9530939839058, "params": {"gamma": 4.289894407965, "lr": 0.4972891859195163}, "datetime": {"datetime": "2024-06-13 18:28:19", "elapsed": 1.505727, "delta": 0.003989}}
{"target": -261.7345462907564, "params": {"gamma": 1.6159461940896331, "lr": 0.34244064113481054}, "datetime": {"datetime": "2024-06-13 18:28:19", "elapsed": 1.509717, "delta": 0.00399}}
{"target": -640.116538694429, "params": {"gamma": 2.6195421606310987, "lr": 0.844526943229479}, "datetime": {"datetime": "2024-06-13 18:28:19", "elapsed": 1.513706, "delta": 0.003989}}
{"target": -1130.6754767094535, "params": {"gamma": 8.003522125518241, "lr": 0.4266391582681436}, "datetime": {"datetime": "2024-06-13 18:28:19", "elapsed": 1.516699, "delta": 0.002993}}
{"target": -1139.8453486313406, "params": {"gamma": 6.070547592429601, "lr": 0.14546561026621996}, "datetime": {"datetime": "2024-06-13 18:28:19", "elapsed": 1.520687, "delta": 0.003988}}
{"target": -599.9077119276867, "params": {"gamma": 5.096623328881369, "lr": 0.29694708578690454}, "datetime": {"datetime": "2024-06-13 18:28:19", "elapsed": 1.524739, "delta": 0.004052}}
{"target": -1730.316583968982, "params": {"gamma": 8.596649884738442, "lr": 0.6715983809063899}, "datetime": {"datetime": "2024-06-13 18:28:19", "elapsed": 1.528666, "delta": 0.003927}}
{"target": -1694.3337430523668, "params": {"gamma": 6.335106652211588, "lr": 0.12475130006917923}, "datetime": {"datetime": "2024-06-13 18:28:19", "elapsed": 1.531658, "delta": 0.002992}}
{"target": -1247.1436903629772, "params": {"gamma": 4.706408207109359, "lr": 0.9865727795868815}, "datetime": {"datetime": "2024-06-13 18:28:19", "elapsed": 1.535648, "delta": 0.00399}}
{"target": -1705.974443253568, "params": {"gamma": 9.483043441552578, "lr": 0.6450856402604436}, "datetime": {"datetime": "2024-06-13 18:28:19", "elapsed": 1.539636, "delta": 0.003988}}
{"target": -298.82918454893223, "params": {"gamma": 1.5180969854487043, "lr": 0.639126848719905}, "datetime": {"datetime": "2024-06-13 18:28:19", "elapsed": 1.543626, "delta": 0.00399}}
{"target": -803.4384991135703, "params": {"gamma": 5.657055463326731, "lr": 0.468665837661252}, "datetime": {"datetime": "2024-06-13 18:28:19", "elapsed": 1.546618, "delta": 0.002992}}
{"target": -761.2813857480235, "params": {"gamma": 4.280946657213234, "lr": 0.5992697556580301}, "datetime": {"datetime": "2024-06-13 18:28:19", "elapsed": 1.550607, "delta": 0.003989}}
{"target": -1857.7153809638544, "params": {"gamma": 8.499848915271139, "lr": 0.7511210403719374}, "datetime": {"datetime": "2024-06-13 18:28:19", "elapsed": 1.554597, "delta": 0.00399}}
{"target": -1532.681182038482, "params": {"gamma": 5.794026042432034, "lr": 0.9247041815360281}, "datetime": {"datetime": "2024-06-13 18:28:19", "elapsed": 1.558586, "delta": 0.003989}}
{"target": -212.96934558520772, "params": {"gamma": 0.6483350944320471, "lr": 0.9913465087318091}, "datetime": {"datetime": "2024-06-13 18:28:19", "elapsed": 1.561578, "delta": 0.002992}}
{"target": -161.31803638713953, "params": {"gamma": 0.5308924321372274, "lr": 0.19949554613856135}, "datetime": {"datetime": "2024-06-13 18:28:19", "elapsed": 1.565567, "delta": 0.003989}}
{"target": -1310.4672029200776, "params": {"gamma": 4.228103863783965, "lr": 0.10750887618516769}, "datetime": {"datetime": "2024-06-13 18:28:19", "elapsed": 1.569557, "delta": 0.00399}}
{"target": -2314.74539331377, "params": {"gamma": 6.2370804395660215, "lr": 0.047992564048867314}, "datetime": {"datetime": "2024-06-13 18:28:19", "elapsed": 1.573546, "delta": 0.003989}}
{"target": -1079.82494238527, "params": {"gamma": 2.8469541861884147, "lr": 0.06103668111967109}, "datetime": {"datetime": "2024-06-13 18:28:19", "elapsed": 1.576821, "delta": 0.003275}}
{"target": -1418.9294129498257, "params": {"gamma": 7.035489791719707, "lr": 0.668456167589482}, "datetime": {"datetime": "2024-06-13 18:28:19", "elapsed": 1.580811, "delta": 0.00399}}
{"target": -613.3014823943214, "params": {"gamma": 3.7864273519127716, "lr": 0.1881942600298212}, "datetime": {"datetime": "2024-06-13 18:28:19", "elapsed": 1.583803, "delta": 0.002992}}
{"target": -1067.5222917360034, "params": {"gamma": 7.4703012854704225, "lr": 0.34037929076546725}, "datetime": {"datetime": "2024-06-13 18:28:19", "elapsed": 1.587792, "delta": 0.003989}}
{"target": -1121.0583827051644, "params": {"gamma": 7.953216372889023, "lr": 0.4879009391796203}, "datetime": {"datetime": "2024-06-13 18:28:19", "elapsed": 1.591781, "delta": 0.003989}}
{"target": -1957.2237137788063, "params": {"gamma": 5.257168774065444, "lr": 0.028490849491567216}, "datetime": {"datetime": "2024-06-13 18:28:19", "elapsed": 1.59577, "delta": 0.003989}}
{"target": -923.8128902382942, "params": {"gamma": 6.442675966770439, "lr": 0.3506565024321674}, "datetime": {"datetime": "2024-06-13 18:28:19", "elapsed": 1.598762, "delta": 0.002992}}
{"target": -353.0904527457285, "params": {"gamma": 2.292821067893365, "lr": 0.4338833762117006}, "datetime": {"datetime": "2024-06-13 18:28:19", "elapsed": 1.602752, "delta": 0.00399}}
{"target": -551.2089601266036, "params": {"gamma": 3.825292105251905, "lr": 0.46978904008636024}, "datetime": {"datetime": "2024-06-13 18:28:19", "elapsed": 1.606741, "delta": 0.003989}}
{"target": -1356.504906558247, "params": {"gamma": 9.794854058443883, "lr": 0.36437807036823044}, "datetime": {"datetime": "2024-06-13 18:28:19", "elapsed": 1.61073, "delta": 0.003989}}
{"target": -1258.664176307359, "params": {"gamma": 7.744326923227059, "lr": 0.5527675965498925}, "datetime": {"datetime": "2024-06-13 18:28:19", "elapsed": 1.613722, "delta": 0.002992}}
{"target": -1266.374844258902, "params": {"gamma": 8.891421759985722, "lr": 0.354952851149572}, "datetime": {"datetime": "2024-06-13 18:28:19", "elapsed": 1.617712, "delta": 0.00399}}
{"target": -652.5385415269312, "params": {"gamma": 2.455941283184888, "lr": 0.9110192396569683}, "datetime": {"datetime": "2024-06-13 18:28:19", "elapsed": 1.621701, "delta": 0.003989}}
{"target": -172.42374550647844, "params": {"gamma": 0.43629910331389593, "lr": 0.9507534280610023}, "datetime": {"datetime": "2024-06-13 18:28:19", "elapsed": 1.62569, "delta": 0.003989}}
{"target": -783.4166393285886, "params": {"gamma": 5.5645127497935825, "lr": 0.3763632166870875}, "datetime": {"datetime": "2024-06-13 18:28:19", "elapsed": 1.628682, "delta": 0.002992}}
{"target": -3670.0680239428866, "params": {"gamma": 9.950528171068772, "lr": 0.05836264614763165}, "datetime": {"datetime": "2024-06-13 18:28:19", "elapsed": 1.632672, "delta": 0.00399}}
{"target": -1924.5336243163133, "params": {"gamma": 5.167546891316355, "lr": 0.03109707545554785}, "datetime": {"datetime": "2024-06-13 18:28:19", "elapsed": 1.636662, "delta": 0.00399}}
{"target": -914.9744337677827, "params": {"gamma": 5.712186216123149, "lr": 0.18046850899511557}, "datetime": {"datetime": "2024-06-13 18:28:19", "elapsed": 1.64065, "delta": 0.003988}}
{"target": -1668.2339512195108, "params": {"gamma": 6.309961044194965, "lr": 0.9809236757505815}, "datetime": {"datetime": "2024-06-13 18:28:19", "elapsed": 1.64464, "delta": 0.00399}}
{"target": -1231.2488349570403, "params": {"gamma": 8.749150609572597, "lr": 0.45183624942087064}, "datetime": {"datetime": "2024-06-13 18:28:19", "elapsed": 1.647632, "delta": 0.002992}}
{"target": -1550.7669517693987, "params": {"gamma": 7.084900239647121, "lr": 0.7774687500031893}, "datetime": {"datetime": "2024-06-13 18:28:19", "elapsed": 1.651621, "delta": 0.003989}}
{"target": -808.1460447142135, "params": {"gamma": 4.9489359987414545, "lr": 0.5285334901775651}, "datetime": {"datetime": "2024-06-13 18:28:19", "elapsed": 1.655611, "delta": 0.00399}}
{"target": -243.33391236073874, "params": {"gamma": 1.5086931993235537, "lr": 0.36939992561190627}, "datetime": {"datetime": "2024-06-13 18:28:19", "elapsed": 1.6596, "delta": 0.003989}}
{"target": -324.4645441073988, "params": {"gamma": 1.4230703094747938, "lr": 0.7268937533445626}, "datetime": {"datetime": "2024-06-13 18:28:19", "elapsed": 1.662592, "delta": 0.002992}}
{"target": -681.1208383782581, "params": {"gamma": 4.770652931028231, "lr": 0.44887883670676554}, "datetime": {"datetime": "2024-06-13 18:28:19", "elapsed": 1.666581, "delta": 0.003989}}
{"target": -1432.9775120594745, "params": {"gamma": 8.860093713682348, "lr": 0.5276187723115614}, "datetime": {"datetime": "2024-06-13 18:28:19", "elapsed": 1.67057, "delta": 0.003989}}
{"target": -527.057869453172, "params": {"gamma": 4.091499228336683, "lr": 0.26889202221264585}, "datetime": {"datetime": "2024-06-13 18:28:19", "elapsed": 1.67456, "delta": 0.00399}}
{"target": -161.72983572096163, "params": {"gamma": 0.7210483396625298, "lr": 0.4181361337253158}, "datetime": {"datetime": "2024-06-13 18:28:19", "elapsed": 1.677552, "delta": 0.002992}}
{"target": -138.3127014810339, "params": {"gamma": 0.25850907058342715, "lr": 0.29115394055242805}, "datetime": {"datetime": "2024-06-13 18:28:19", "elapsed": 1.681541, "delta": 0.003989}}
{"target": -1333.5239119893206, "params": {"gamma": 5.035591588974117, "lr": 0.9659330650197223}, "datetime": {"datetime": "2024-06-13 18:28:19", "elapsed": 1.68553, "delta": 0.003989}}
