{"target": -159.73778636264637, "params": {"gamma": 0.42223947812043505, "prior": 3.7954509908618, "rate": 8.122057570514098}, "datetime": {"datetime": "2024-06-14 12:57:22", "elapsed": 11.248889, "delta": 0.008975}}
{"target": -579.0905777624649, "params": {"gamma": 5.284318582532073, "prior": 2.546595173441272, "rate": 7.9290864165444885}, "datetime": {"datetime": "2024-06-14 12:57:22", "elapsed": 11.25888, "delta": 0.009991}}
{"target": -386.3987595607501, "params": {"gamma": 2.6182486884007314, "prior": 0.10394396254204273, "rate": 2.3139578706383697}, "datetime": {"datetime": "2024-06-14 12:57:22", "elapsed": 11.268854, "delta": 0.009974}}
{"target": -656.5168240911074, "params": {"gamma": 9.933709519335848, "prior": 6.596388259986851, "rate": 2.20746055274965}, "datetime": {"datetime": "2024-06-14 12:57:22", "elapsed": 11.277846, "delta": 0.008992}}
{"target": -572.8629084205379, "params": {"gamma": 6.861710880085471, "prior": 6.900675292396006, "rate": 6.407786956598644}, "datetime": {"datetime": "2024-06-14 12:57:22", "elapsed": 11.287819, "delta": 0.009973}}
{"target": -174.69298057440372, "params": {"gamma": 0.7064146187020427, "prior": 2.5053447581940413, "rate": 8.708501091076558}, "datetime": {"datetime": "2024-06-14 12:57:22", "elapsed": 11.29785, "delta": 0.010031}}
{"target": -700.5432752116462, "params": {"gamma": 7.347673452195916, "prior": 1.761378459242426, "rate": 2.986596023304183}, "datetime": {"datetime": "2024-06-14 12:57:22", "elapsed": 11.307824, "delta": 0.009974}}
{"target": -375.08241576467714, "params": {"gamma": 5.627657565327734, "prior": 8.281813083626007, "rate": 2.0059625473387035}, "datetime": {"datetime": "2024-06-14 12:57:22", "elapsed": 11.317305, "delta": 0.009481}}
{"target": -189.14377250032882, "params": {"gamma": 1.0175512712412351, "prior": 3.8805020069474243, "rate": 9.123622339058336}, "datetime": {"datetime": "2024-06-14 12:57:22", "elapsed": 11.326281, "delta": 0.008976}}
{"target": -237.66986591337485, "params": {"gamma": 2.605874679054985, "prior": 1.1722130918594946, "rate": 0.56037370979255}, "datetime": {"datetime": "2024-06-14 12:57:22", "elapsed": 11.336254, "delta": 0.009973}}
{"target": -476.13602164164513, "params": {"gamma": 3.517353888144698, "prior": 0.47250675815837395, "rate": 5.830756178383219}, "datetime": {"datetime": "2024-06-14 12:57:22", "elapsed": 11.346227, "delta": 0.009973}}
{"target": -635.4602604146866, "params": {"gamma": 6.725895546392632, "prior": 4.658787540848907, "rate": 7.411427420391562}, "datetime": {"datetime": "2024-06-14 12:57:22", "elapsed": 11.355203, "delta": 0.008976}}
{"target": -354.8161166602106, "params": {"gamma": 5.010748619176405, "prior": 7.053290946278004, "rate": 2.307178418323752}, "datetime": {"datetime": "2024-06-14 12:57:22", "elapsed": 11.365206, "delta": 0.010003}}
{"target": -678.8564035218293, "params": {"gamma": 7.446379482205204, "prior": 5.066208299853456, "rate": 7.053982930260369}, "datetime": {"datetime": "2024-06-14 12:57:22", "elapsed": 11.37515, "delta": 0.009944}}
{"target": -291.94470526557285, "params": {"gamma": 4.467531205373577, "prior": 5.108812034796275, "rate": 0.41631029460275537}, "datetime": {"datetime": "2024-06-14 12:57:22", "elapsed": 11.384126, "delta": 0.008976}}
{"target": -425.4214663385309, "params": {"gamma": 4.893603596752043, "prior": 1.508646271753512, "rate": 1.425815973998472}, "datetime": {"datetime": "2024-06-14 12:57:22", "elapsed": 11.3941, "delta": 0.009974}}
{"target": -349.40286909575025, "params": {"gamma": 4.334070675192891, "prior": 5.804526419276483, "rate": 3.431143903220329}, "datetime": {"datetime": "2024-06-14 12:57:22", "elapsed": 11.404073, "delta": 0.009973}}
{"target": -213.25135270119233, "params": {"gamma": 1.6057554110518168, "prior": 7.439963128101519, "rate": 9.630952636256579}, "datetime": {"datetime": "2024-06-14 12:57:22", "elapsed": 11.413054, "delta": 0.008981}}
{"target": -919.8425097856602, "params": {"gamma": 7.3366892172191065, "prior": 0.8629358918245221, "rate": 8.409240673094226}, "datetime": {"datetime": "2024-06-14 12:57:22", "elapsed": 11.423027, "delta": 0.009973}}
{"target": -169.91463912509275, "params": {"gamma": 0.6760729900832833, "prior": 4.419489281132564, "rate": 9.288699130413471}, "datetime": {"datetime": "2024-06-14 12:57:22", "elapsed": 11.433001, "delta": 0.009974}}
{"target": -347.0961212652248, "params": {"gamma": 2.6325378562618087, "prior": 1.3667364017386738, "rate": 7.622625481835956}, "datetime": {"datetime": "2024-06-14 12:57:22", "elapsed": 11.442974, "delta": 0.009973}}
{"target": -712.5865169359981, "params": {"gamma": 9.286152605869912, "prior": 3.325107364972745, "rate": 2.3253485203555204}, "datetime": {"datetime": "2024-06-14 12:57:22", "elapsed": 11.452947, "delta": 0.009973}}
{"target": -205.37334367229116, "params": {"gamma": 1.8256722786407191, "prior": 9.636031674374332, "rate": 5.766769711868097}, "datetime": {"datetime": "2024-06-14 12:57:22", "elapsed": 11.461924, "delta": 0.008977}}
{"target": -525.0976509191902, "params": {"gamma": 8.601017631330931, "prior": 3.1526153619134747, "rate": 0.5653078671540508}, "datetime": {"datetime": "2024-06-14 12:57:22", "elapsed": 11.471897, "delta": 0.009973}}
{"target": -482.3492229965546, "params": {"gamma": 4.538588046967902, "prior": 2.150389949482985, "rate": 5.190317659626124}, "datetime": {"datetime": "2024-06-14 12:57:22", "elapsed": 11.48187, "delta": 0.009973}}
{"target": -469.7835417769305, "params": {"gamma": 5.3803383685417385, "prior": 3.0134533507087977, "rate": 3.0752313679559293}, "datetime": {"datetime": "2024-06-14 12:57:22", "elapsed": 11.490846, "delta": 0.008976}}
{"target": -153.4951943618785, "params": {"gamma": 0.24271254847611315, "prior": 4.261979937910767, "rate": 3.2375704471739803}, "datetime": {"datetime": "2024-06-14 12:57:22", "elapsed": 11.500819, "delta": 0.009973}}
{"target": -469.69862222554247, "params": {"gamma": 6.1952817624864025, "prior": 8.611654360250752, "rate": 4.926911767488365}, "datetime": {"datetime": "2024-06-14 12:57:22", "elapsed": 11.510677, "delta": 0.009858}}
{"target": -169.11106845747557, "params": {"gamma": 0.8280002720208621, "prior": 9.341456537509496, "rate": 8.083461341580708}, "datetime": {"datetime": "2024-06-14 12:57:22", "elapsed": 11.520614, "delta": 0.009937}}
{"target": -410.32092289381444, "params": {"gamma": 3.6558227125345977, "prior": 3.3742162191489324, "rate": 9.379402853367585}, "datetime": {"datetime": "2024-06-14 12:57:22", "elapsed": 11.530587, "delta": 0.009973}}
{"target": -376.70936848812937, "params": {"gamma": 3.7495685112706005, "prior": 6.3944419643693875, "rate": 9.853458036647636}, "datetime": {"datetime": "2024-06-14 12:57:22", "elapsed": 11.54059, "delta": 0.010003}}
{"target": -155.50513440137053, "params": {"gamma": 0.36836090554034395, "prior": 3.214846683672905, "rate": 2.313125983692789}, "datetime": {"datetime": "2024-06-14 12:57:22", "elapsed": 11.550534, "delta": 0.009944}}
{"target": -530.0948133610153, "params": {"gamma": 9.223731826093484, "prior": 5.556253632459004, "rate": 0.5380816705607578}, "datetime": {"datetime": "2024-06-14 12:57:22", "elapsed": 11.55951, "delta": 0.008976}}
{"target": -631.6012540179662, "params": {"gamma": 7.552727246484496, "prior": 6.872429831212706, "rate": 6.622078860248277}, "datetime": {"datetime": "2024-06-14 12:57:22", "elapsed": 11.569483, "delta": 0.009973}}
{"target": -768.1618056736094, "params": {"gamma": 9.557332020493899, "prior": 8.758555827281402, "rate": 7.532761600172254}, "datetime": {"datetime": "2024-06-14 12:57:22", "elapsed": 11.579457, "delta": 0.009974}}
{"target": -258.65400912781894, "params": {"gamma": 2.2274368777620133, "prior": 1.4663481242278644, "rate": 2.2096624750777165}, "datetime": {"datetime": "2024-06-14 12:57:22", "elapsed": 11.588433, "delta": 0.008976}}
{"target": -237.56547858858934, "params": {"gamma": 2.0558931010754273, "prior": 5.722849003564123, "rate": 6.63077518785403}, "datetime": {"datetime": "2024-06-14 12:57:22", "elapsed": 11.598406, "delta": 0.009973}}
{"target": -630.4719070908916, "params": {"gamma": 5.274647786496121, "prior": 0.6578589781712976, "rate": 3.6322627869363457}, "datetime": {"datetime": "2024-06-14 12:57:22", "elapsed": 11.60838, "delta": 0.009974}}
{"target": -698.05154499217, "params": {"gamma": 9.677306363671502, "prior": 6.98556459651058, "rate": 3.698028055635611}, "datetime": {"datetime": "2024-06-14 12:57:22", "elapsed": 11.617355, "delta": 0.008975}}
{"target": -446.2581359254766, "params": {"gamma": 6.716589859874733, "prior": 2.7245859703372814, "rate": 0.7756981624656162}, "datetime": {"datetime": "2024-06-14 12:57:22", "elapsed": 11.628326, "delta": 0.010971}}
{"target": -510.7950942613187, "params": {"gamma": 5.281143325416827, "prior": 2.9687143459337384, "rate": 4.817037304645983}, "datetime": {"datetime": "2024-06-14 12:57:22", "elapsed": 11.637304, "delta": 0.008978}}
{"target": -771.5326768561875, "params": {"gamma": 9.020043950898684, "prior": 6.552229630812366, "rate": 7.233468037123845}, "datetime": {"datetime": "2024-06-14 12:57:22", "elapsed": 11.647278, "delta": 0.009974}}
{"target": -176.23663494827417, "params": {"gamma": 1.0267626657461268, "prior": 4.8486150493478055, "rate": 4.044014562004185}, "datetime": {"datetime": "2024-06-14 12:57:22", "elapsed": 11.657251, "delta": 0.009973}}
{"target": -585.810971030218, "params": {"gamma": 6.468925570274098, "prior": 2.9485778320940845, "rate": 3.8312640574634482}, "datetime": {"datetime": "2024-06-14 12:57:22", "elapsed": 11.666227, "delta": 0.008976}}
{"target": -915.5966705368555, "params": {"gamma": 9.81018690271792, "prior": 1.23662462107414, "rate": 1.9998787227506973}, "datetime": {"datetime": "2024-06-14 12:57:22", "elapsed": 11.676201, "delta": 0.009974}}
{"target": -254.04898007470922, "params": {"gamma": 2.3912225972933583, "prior": 6.996876584358281, "rate": 7.1371672251136955}, "datetime": {"datetime": "2024-06-14 12:57:22", "elapsed": 11.686174, "delta": 0.009973}}
{"target": -788.5112044769592, "params": {"gamma": 7.847764610820117, "prior": 3.8723393107957245, "rate": 8.524180473287885}, "datetime": {"datetime": "2024-06-14 12:57:22", "elapsed": 11.69515, "delta": 0.008976}}
{"target": -610.6319741645419, "params": {"gamma": 6.973768049350303, "prior": 7.161272986009691, "rate": 8.220064454506392}, "datetime": {"datetime": "2024-06-14 12:57:23", "elapsed": 11.705123, "delta": 0.009973}}
{"target": -377.9958403174119, "params": {"gamma": 6.289615458969785, "prior": 4.280053466198156, "rate": 0.3089573128355685}, "datetime": {"datetime": "2024-06-14 12:57:23", "elapsed": 11.715097, "delta": 0.009974}}
{"target": -518.4603256104659, "params": {"gamma": 5.9549611772267355, "prior": 5.681259338068073, "rate": 6.008479407469643}, "datetime": {"datetime": "2024-06-14 12:57:23", "elapsed": 11.724072, "delta": 0.008975}}
{"target": -255.2586682993022, "params": {"gamma": 3.2292118332970405, "prior": 5.593331570762452, "rate": 1.7173913865365833}, "datetime": {"datetime": "2024-06-14 12:57:23", "elapsed": 11.734553, "delta": 0.010481}}
{"target": -826.8324079005598, "params": {"gamma": 6.49894440266871, "prior": 0.8095673895400698, "rate": 8.750896260863644}, "datetime": {"datetime": "2024-06-14 12:57:23", "elapsed": 11.744526, "delta": 0.009973}}
{"target": -278.8189560274389, "params": {"gamma": 2.1621633635158477, "prior": 3.0090612487247013, "rate": 8.847484449475706}, "datetime": {"datetime": "2024-06-14 12:57:23", "elapsed": 11.754499, "delta": 0.009973}}
{"target": -603.9156573380626, "params": {"gamma": 8.836037308166828, "prior": 8.37904543989899, "rate": 3.2700292334455643}, "datetime": {"datetime": "2024-06-14 12:57:23", "elapsed": 11.764472, "delta": 0.009973}}
{"target": -725.3036879328922, "params": {"gamma": 9.023544047406462, "prior": 7.740842728171373, "rate": 6.581171726876564}, "datetime": {"datetime": "2024-06-14 12:57:23", "elapsed": 11.774446, "delta": 0.009974}}
{"target": -654.4220833059603, "params": {"gamma": 8.99813093515086, "prior": 7.853001575402082, "rate": 4.2480703423217}, "datetime": {"datetime": "2024-06-14 12:57:23", "elapsed": 11.784419, "delta": 0.009973}}
{"target": -241.5478738388324, "params": {"gamma": 3.2432279860467617, "prior": 3.999393563924491, "rate": 0.6150601284275855}, "datetime": {"datetime": "2024-06-14 12:57:23", "elapsed": 11.794421, "delta": 0.010002}}
{"target": -398.56244683664585, "params": {"gamma": 3.634945499368943, "prior": 3.595132489864901, "rate": 8.656379251086715}, "datetime": {"datetime": "2024-06-14 12:57:23", "elapsed": 11.803368, "delta": 0.008947}}
{"target": -592.89407979871, "params": {"gamma": 8.887111795253091, "prior": 9.63421565993784, "rate": 3.282664276898728}, "datetime": {"datetime": "2024-06-14 12:57:23", "elapsed": 11.813342, "delta": 0.009974}}
{"target": -480.9243866099862, "params": {"gamma": 6.933508237753853, "prior": 6.367356052167569, "rate": 2.425195012153892}, "datetime": {"datetime": "2024-06-14 12:57:23", "elapsed": 11.823315, "delta": 0.009973}}
{"target": -943.9329083186146, "params": {"gamma": 8.700006275800442, "prior": 2.219608966119336, "rate": 7.477392312505152}, "datetime": {"datetime": "2024-06-14 12:57:23", "elapsed": 11.832797, "delta": 0.009482}}
{"target": -236.2310704413928, "params": {"gamma": 1.4474946912067754, "prior": 1.1575145967721554, "rate": 7.20350177902532}, "datetime": {"datetime": "2024-06-14 12:57:23", "elapsed": 11.842799, "delta": 0.010002}}
{"target": -516.4099612228537, "params": {"gamma": 5.263654842331062, "prior": 4.484866730228926, "rate": 7.7820274969779515}, "datetime": {"datetime": "2024-06-14 12:57:23", "elapsed": 11.852744, "delta": 0.009945}}
{"target": -342.1995925556942, "params": {"gamma": 3.588074784629776, "prior": 8.548161025287675, "rate": 9.62176279907113}, "datetime": {"datetime": "2024-06-14 12:57:23", "elapsed": 11.862718, "delta": 0.009974}}
{"target": -892.040440925641, "params": {"gamma": 9.791275810251324, "prior": 2.8485172225745474, "rate": 4.1506553568115665}, "datetime": {"datetime": "2024-06-14 12:57:23", "elapsed": 11.871694, "delta": 0.008976}}
{"target": -581.5562160441517, "params": {"gamma": 7.250373833289235, "prior": 8.95917274672825, "rate": 7.113399789936541}, "datetime": {"datetime": "2024-06-14 12:57:23", "elapsed": 11.881667, "delta": 0.009973}}
{"target": -529.6905133690738, "params": {"gamma": 7.5815646955077245, "prior": 8.84569615448094, "rate": 3.670115433263018}, "datetime": {"datetime": "2024-06-14 12:57:23", "elapsed": 11.89164, "delta": 0.009973}}
{"target": -490.53709474023736, "params": {"gamma": 5.425906871529926, "prior": 5.394222758269183, "rate": 6.4761782194627475}, "datetime": {"datetime": "2024-06-14 12:57:23", "elapsed": 11.900616, "delta": 0.008976}}
{"target": -836.1999034514994, "params": {"gamma": 8.951943613361554, "prior": 6.0481920136487215, "rate": 9.699415438622323}, "datetime": {"datetime": "2024-06-14 12:57:23", "elapsed": 11.910589, "delta": 0.009973}}
{"target": -666.7506529850725, "params": {"gamma": 7.3216234120977175, "prior": 4.211385766390366, "rate": 5.81180346318073}, "datetime": {"datetime": "2024-06-14 12:57:23", "elapsed": 11.920562, "delta": 0.009973}}
{"target": -794.4001911128804, "params": {"gamma": 9.223285503388022, "prior": 6.223153800877035, "rate": 7.099576105580202}, "datetime": {"datetime": "2024-06-14 12:57:23", "elapsed": 11.930536, "delta": 0.009974}}
{"target": -501.7662402713938, "params": {"gamma": 6.613259028912707, "prior": 3.42784974510567, "rate": 2.0341452163718596}, "datetime": {"datetime": "2024-06-14 12:57:23", "elapsed": 11.940863, "delta": 0.010327}}
{"target": -495.08401291927674, "params": {"gamma": 4.078721813041604, "prior": 1.592621080704164, "rate": 8.263509143662432}, "datetime": {"datetime": "2024-06-14 12:57:23", "elapsed": 11.950831, "delta": 0.009968}}
{"target": -500.5762337597369, "params": {"gamma": 7.104895674394641, "prior": 4.070456275164108, "rate": 1.7146555781871196}, "datetime": {"datetime": "2024-06-14 12:57:23", "elapsed": 11.959807, "delta": 0.008976}}
{"target": -812.4677667890459, "params": {"gamma": 8.75811759952061, "prior": 6.42673266977647, "rate": 9.966031596995483}, "datetime": {"datetime": "2024-06-14 12:57:23", "elapsed": 11.96978, "delta": 0.009973}}
{"target": -166.4422071041928, "params": {"gamma": 1.0118777980878546, "prior": 2.5239987554093983, "rate": 0.8374656866964549}, "datetime": {"datetime": "2024-06-14 12:57:23", "elapsed": 11.979754, "delta": 0.009974}}
{"target": -868.8118274553527, "params": {"gamma": 7.447673015821188, "prior": 1.6797955636247195, "rate": 8.816713679816221}, "datetime": {"datetime": "2024-06-14 12:57:23", "elapsed": 11.989727, "delta": 0.009973}}
{"target": -312.923793127896, "params": {"gamma": 4.915303785862436, "prior": 5.309075700418279, "rate": 0.42616036762125126}, "datetime": {"datetime": "2024-06-14 12:57:23", "elapsed": 11.9997, "delta": 0.009973}}
{"target": -515.0168230884884, "params": {"gamma": 6.140922303680539, "prior": 2.353386412041166, "rate": 2.135827389380809}, "datetime": {"datetime": "2024-06-14 12:57:23", "elapsed": 12.009673, "delta": 0.009973}}
{"target": -501.8026129557842, "params": {"gamma": 8.953290370672992, "prior": 8.891332155070218, "rate": 0.05364657807886874}, "datetime": {"datetime": "2024-06-14 12:57:23", "elapsed": 12.018649, "delta": 0.008976}}
{"target": -614.0967403160578, "params": {"gamma": 8.323207291901435, "prior": 9.032758516193605, "rate": 5.119964633266645}, "datetime": {"datetime": "2024-06-14 12:57:23", "elapsed": 12.028623, "delta": 0.009974}}
{"target": -544.5937347922448, "params": {"gamma": 6.56208200669582, "prior": 7.701078270941128, "rate": 6.854714307550932}, "datetime": {"datetime": "2024-06-14 12:57:23", "elapsed": 12.038104, "delta": 0.009481}}
{"target": -407.3561793650798, "params": {"gamma": 4.59170508000715, "prior": 5.777177096628812, "rate": 5.74102025787266}, "datetime": {"datetime": "2024-06-14 12:57:23", "elapsed": 12.048078, "delta": 0.009974}}
{"target": -898.8609693048319, "params": {"gamma": 8.421463069722522, "prior": 2.4803729054295243, "rate": 7.572507436190774}, "datetime": {"datetime": "2024-06-14 12:57:23", "elapsed": 12.058051, "delta": 0.009973}}
{"target": -683.9910741777164, "params": {"gamma": 8.12355876007362, "prior": 7.99062037533525, "rate": 8.07727048210085}, "datetime": {"datetime": "2024-06-14 12:57:23", "elapsed": 12.068025, "delta": 0.009974}}
{"target": -760.3264742648932, "params": {"gamma": 8.292970943843157, "prior": 4.23340593789217, "rate": 6.179249469269826}, "datetime": {"datetime": "2024-06-14 12:57:23", "elapsed": 12.077998, "delta": 0.009973}}
{"target": -670.092450421201, "params": {"gamma": 7.552699915952439, "prior": 7.720679136482666, "rate": 9.586087624632432}, "datetime": {"datetime": "2024-06-14 12:57:23", "elapsed": 12.086974, "delta": 0.008976}}
{"target": -773.9272057734349, "params": {"gamma": 9.750777680644457, "prior": 5.690872459899503, "rate": 4.657924948350314}, "datetime": {"datetime": "2024-06-14 12:57:23", "elapsed": 12.096947, "delta": 0.009973}}
{"target": -907.3176931385807, "params": {"gamma": 8.35541774153753, "prior": 2.2776131471709045, "rate": 7.664214496519479}, "datetime": {"datetime": "2024-06-14 12:57:23", "elapsed": 12.10692, "delta": 0.009973}}
{"target": -225.16417621399256, "params": {"gamma": 1.920923979668611, "prior": 5.957112902935368, "rate": 6.068707734799046}, "datetime": {"datetime": "2024-06-14 12:57:23", "elapsed": 12.116453, "delta": 0.009533}}
{"target": -359.0282688130576, "params": {"gamma": 4.418996184218967, "prior": 8.659051462799177, "rate": 5.435278379231555}, "datetime": {"datetime": "2024-06-14 12:57:23", "elapsed": 12.126426, "delta": 0.009973}}
{"target": -321.87781008568373, "params": {"gamma": 4.927804379534841, "prior": 4.2394437931335665, "rate": 0.6231896086801356}, "datetime": {"datetime": "2024-06-14 12:57:23", "elapsed": 12.135402, "delta": 0.008976}}
{"target": -450.2732187907839, "params": {"gamma": 3.622132449809016, "prior": 1.0188720461219751, "rate": 5.656819358260873}, "datetime": {"datetime": "2024-06-14 12:57:23", "elapsed": 12.145376, "delta": 0.009974}}
{"target": -523.1841701124441, "params": {"gamma": 6.4053758139443495, "prior": 7.701044399919781, "rate": 6.325720028185084}, "datetime": {"datetime": "2024-06-14 12:57:23", "elapsed": 12.155935, "delta": 0.010559}}
{"target": -212.715675892792, "params": {"gamma": 1.8714204909994507, "prior": 7.527415112713252, "rate": 5.489045144907434}, "datetime": {"datetime": "2024-06-14 12:57:23", "elapsed": 12.164911, "delta": 0.008976}}
{"target": -203.98744034158804, "params": {"gamma": 1.0226014229845646, "prior": 0.34578758896028944, "rate": 2.988163177641064}, "datetime": {"datetime": "2024-06-14 12:57:23", "elapsed": 12.174884, "delta": 0.009973}}
{"target": -590.4607970048405, "params": {"gamma": 6.900460277619986, "prior": 9.334604669396944, "rate": 9.665005509601515}, "datetime": {"datetime": "2024-06-14 12:57:23", "elapsed": 12.184857, "delta": 0.009973}}
{"target": -759.4344745329801, "params": {"gamma": 7.645716345257133, "prior": 3.003166938498256, "rate": 6.2210691836043965}, "datetime": {"datetime": "2024-06-14 12:57:23", "elapsed": 12.194831, "delta": 0.009974}}
{"target": -206.36028481478667, "params": {"gamma": 2.3117301792407194, "prior": 7.53183467935155, "rate": 1.6595044277657995}, "datetime": {"datetime": "2024-06-14 12:57:23", "elapsed": 12.203807, "delta": 0.008976}}
{"target": -568.1153048611379, "params": {"gamma": 7.564947384855503, "prior": 8.699031089411767, "rate": 5.195544029510985}, "datetime": {"datetime": "2024-06-14 12:57:23", "elapsed": 12.21378, "delta": 0.009973}}
{"target": -168.2450339510158, "params": {"gamma": 0.657282747746784, "prior": 4.544031005383378, "rate": 8.378448285186794}, "datetime": {"datetime": "2024-06-14 12:57:23", "elapsed": 12.223782, "delta": 0.010002}}
