{"target": -264.7742241960375, "params": {"gamma": 5.695374633041013, "prior": 1.693617224474527, "rate": 4.6693333476103005}, "datetime": {"datetime": "2024-06-14 18:10:29", "elapsed": 0.873889, "delta": 0.00798}}
{"target": -181.69325078107607, "params": {"gamma": 3.452375339500995, "prior": 2.327895582359438, "rate": 5.925526175789202}, "datetime": {"datetime": "2024-06-14 18:10:29", "elapsed": 0.882865, "delta": 0.008976}}
{"target": -165.0017487476817, "params": {"gamma": 3.1233861071814677, "prior": 9.171424979336672, "rate": 9.09644561399062}, "datetime": {"datetime": "2024-06-14 18:10:29", "elapsed": 0.891843, "delta": 0.008978}}
{"target": -152.3755259196259, "params": {"gamma": 2.57192581952818, "prior": 1.1978238773658891, "rate": 1.9304343574591094}, "datetime": {"datetime": "2024-06-14 18:10:29", "elapsed": 0.89982, "delta": 0.007977}}
{"target": -216.26746136387038, "params": {"gamma": 4.996342122618183, "prior": 7.312998112948502, "rate": 2.082736189649506}, "datetime": {"datetime": "2024-06-14 18:10:29", "elapsed": 0.908796, "delta": 0.008976}}
{"target": -147.69580179161437, "params": {"gamma": 2.48108755021393, "prior": 8.531551561870033, "rate": 4.159071333957006}, "datetime": {"datetime": "2024-06-14 18:10:29", "elapsed": 0.917772, "delta": 0.008976}}
{"target": -259.43336131881273, "params": {"gamma": 6.167233986485208, "prior": 2.413294778468576, "rate": 1.0205706269985484}, "datetime": {"datetime": "2024-06-14 18:10:29", "elapsed": 0.926747, "delta": 0.008975}}
{"target": -222.1186876176096, "params": {"gamma": 5.159054312668331, "prior": 4.8236957717928455, "rate": 1.5275637692875392}, "datetime": {"datetime": "2024-06-14 18:10:29", "elapsed": 0.934726, "delta": 0.007979}}
{"target": -274.4768678946322, "params": {"gamma": 6.218440511172415, "prior": 5.485700176257987, "rate": 6.541719332360473}, "datetime": {"datetime": "2024-06-14 18:10:29", "elapsed": 0.943702, "delta": 0.008976}}
{"target": -134.60561496640472, "params": {"gamma": 1.4463108557064734, "prior": 7.540125389638914, "rate": 2.221269348859427}, "datetime": {"datetime": "2024-06-14 18:10:29", "elapsed": 0.95168, "delta": 0.007978}}
{"target": -227.97250767007696, "params": {"gamma": 5.193998891835965, "prior": 7.8744306793940275, "rate": 0.22428194949007}, "datetime": {"datetime": "2024-06-14 18:10:29", "elapsed": 0.960657, "delta": 0.008977}}
{"target": -168.37551378987837, "params": {"gamma": 3.2443002348021386, "prior": 8.7419315263611, "rate": 8.447251366413093}, "datetime": {"datetime": "2024-06-14 18:10:29", "elapsed": 0.96917, "delta": 0.008513}}
{"target": -242.11082273186355, "params": {"gamma": 5.384867485352843, "prior": 8.67942191424848, "rate": 9.498110107544912}, "datetime": {"datetime": "2024-06-14 18:10:29", "elapsed": 0.978147, "delta": 0.008977}}
{"target": -311.4197516910448, "params": {"gamma": 8.264243569295784, "prior": 8.555742893981733, "rate": 0.9883352748016633}, "datetime": {"datetime": "2024-06-14 18:10:29", "elapsed": 0.987123, "delta": 0.008976}}
{"target": -282.15263008659844, "params": {"gamma": 6.51339201907757, "prior": 7.064818182711264, "rate": 6.102797885653651}, "datetime": {"datetime": "2024-06-14 18:10:29", "elapsed": 0.995101, "delta": 0.007978}}
{"target": -355.06782764099626, "params": {"gamma": 7.996353002098545, "prior": 0.4422550767291791, "rate": 7.702617106815245}, "datetime": {"datetime": "2024-06-14 18:10:29", "elapsed": 1.004078, "delta": 0.008977}}
{"target": -314.54133890623046, "params": {"gamma": 7.317554278794531, "prior": 2.671014093653696, "rate": 2.571435918922645}, "datetime": {"datetime": "2024-06-14 18:10:29", "elapsed": 1.01804, "delta": 0.013962}}
{"target": -286.6818841287801, "params": {"gamma": 6.323400870983849, "prior": 3.5184448697517077, "rate": 7.966090191394868}, "datetime": {"datetime": "2024-06-14 18:10:29", "elapsed": 1.027016, "delta": 0.008976}}
{"target": -210.1023974991521, "params": {"gamma": 4.46201617380257, "prior": 7.849219206363302, "rate": 9.904727364454784}, "datetime": {"datetime": "2024-06-14 18:10:29", "elapsed": 1.035992, "delta": 0.008976}}
{"target": -170.6416937298207, "params": {"gamma": 3.0031831469994668, "prior": 1.515757699755184, "rate": 9.01318305505639}, "datetime": {"datetime": "2024-06-14 18:10:29", "elapsed": 1.043971, "delta": 0.007979}}
{"target": -238.01394055274838, "params": {"gamma": 5.416052229494846, "prior": 9.749929671465313, "rate": 6.366407395618971}, "datetime": {"datetime": "2024-06-14 18:10:29", "elapsed": 1.052947, "delta": 0.008976}}
{"target": -418.2945706333007, "params": {"gamma": 9.939136333080178, "prior": 5.506100961015221, "rate": 5.264732913121308}, "datetime": {"datetime": "2024-06-14 18:10:29", "elapsed": 1.061923, "delta": 0.008976}}
{"target": -139.2644959032034, "params": {"gamma": 1.3551436028186268, "prior": 3.6214811927404233, "rate": 0.2631594543964365}, "datetime": {"datetime": "2024-06-14 18:10:29", "elapsed": 1.071136, "delta": 0.009213}}
{"target": -143.30503244762096, "params": {"gamma": 1.6047914000169714, "prior": 7.481808207804211, "rate": 0.3049664995979595}, "datetime": {"datetime": "2024-06-14 18:10:29", "elapsed": 1.079115, "delta": 0.007979}}
{"target": -180.15919753579988, "params": {"gamma": 3.6660644293402, "prior": 8.637227903096637, "rate": 6.927084497356036}, "datetime": {"datetime": "2024-06-14 18:10:29", "elapsed": 1.088091, "delta": 0.008976}}
{"target": -309.54782537227396, "params": {"gamma": 6.90973047851962, "prior": 1.9675043294575778, "rate": 4.419600903203486}, "datetime": {"datetime": "2024-06-14 18:10:29", "elapsed": 1.097067, "delta": 0.008976}}
{"target": -239.95109429520525, "params": {"gamma": 5.816192496035568, "prior": 9.898541905870681, "rate": 2.0398583461059854}, "datetime": {"datetime": "2024-06-14 18:10:29", "elapsed": 1.106043, "delta": 0.008976}}
{"target": -152.64988041851453, "params": {"gamma": 2.478081284721786, "prior": 2.695513529351828, "rate": 7.50197396056663}, "datetime": {"datetime": "2024-06-14 18:10:29", "elapsed": 1.115019, "delta": 0.008976}}
{"target": -226.0085856233901, "params": {"gamma": 4.570296299029493, "prior": 0.6636014402698404, "rate": 5.085653889861787}, "datetime": {"datetime": "2024-06-14 18:10:29", "elapsed": 1.123994, "delta": 0.008975}}
{"target": -141.60615963581785, "params": {"gamma": 2.120389686272116, "prior": 8.006182023126081, "rate": 2.9740164836912153}, "datetime": {"datetime": "2024-06-14 18:10:29", "elapsed": 1.131973, "delta": 0.007979}}
{"target": -137.23131934813495, "params": {"gamma": 0.2770325135330818, "prior": 5.9749812496997485, "rate": 8.438560448882956}, "datetime": {"datetime": "2024-06-14 18:10:29", "elapsed": 1.140949, "delta": 0.008976}}
{"target": -183.76881466049807, "params": {"gamma": 3.81078022449808, "prior": 7.52359727618882, "rate": 5.111903641492986}, "datetime": {"datetime": "2024-06-14 18:10:29", "elapsed": 1.149925, "delta": 0.008976}}
{"target": -240.40402997420816, "params": {"gamma": 5.409977097816925, "prior": 9.598399778511348, "rate": 8.039804954094969}, "datetime": {"datetime": "2024-06-14 18:10:29", "elapsed": 1.157904, "delta": 0.007979}}
{"target": -137.3943350166031, "params": {"gamma": 0.3241983431691163, "prior": 7.1229337871898215, "rate": 4.650549814153498}, "datetime": {"datetime": "2024-06-14 18:10:29", "elapsed": 1.167385, "delta": 0.009481}}
{"target": -402.21609800729817, "params": {"gamma": 9.475541865009603, "prior": 2.2921840698025346, "rate": 2.6714531248239735}, "datetime": {"datetime": "2024-06-14 18:10:29", "elapsed": 1.175365, "delta": 0.00798}}
{"target": -134.2895061742624, "params": {"gamma": 0.8156581748077427, "prior": 4.343326403771487, "rate": 1.091078621426664}, "datetime": {"datetime": "2024-06-14 18:10:29", "elapsed": 1.18434, "delta": 0.008975}}
{"target": -275.4974386704648, "params": {"gamma": 6.3382338193585674, "prior": 8.049336050000004, "rate": 6.968308160705665}, "datetime": {"datetime": "2024-06-14 18:10:29", "elapsed": 1.193316, "delta": 0.008976}}
{"target": -340.51416893095535, "params": {"gamma": 7.66234759937663, "prior": 3.4902957864508464, "rate": 8.45866897879375}, "datetime": {"datetime": "2024-06-14 18:10:29", "elapsed": 1.201847, "delta": 0.008531}}
{"target": -199.96689426200405, "params": {"gamma": 4.2882589812194265, "prior": 8.257697717081955, "rate": 6.265335090084314}, "datetime": {"datetime": "2024-06-14 18:10:29", "elapsed": 1.210824, "delta": 0.008977}}
{"target": -135.93777896246212, "params": {"gamma": 1.435087063653779, "prior": 0.8760303085639848, "rate": 0.1843080964871599}, "datetime": {"datetime": "2024-06-14 18:10:29", "elapsed": 1.218803, "delta": 0.007979}}
{"target": -135.2143893567386, "params": {"gamma": 0.6681832513959254, "prior": 4.639979755713475, "rate": 1.1343058857531372}, "datetime": {"datetime": "2024-06-14 18:10:29", "elapsed": 1.227779, "delta": 0.008976}}
{"target": -138.6019578030316, "params": {"gamma": 0.27880570513785086, "prior": 7.573128665765627, "rate": 3.949109954125934}, "datetime": {"datetime": "2024-06-14 18:10:29", "elapsed": 1.236754, "delta": 0.008975}}
{"target": -320.7329913724159, "params": {"gamma": 7.469638017579644, "prior": 4.57880778478987, "rate": 4.501417383260611}, "datetime": {"datetime": "2024-06-14 18:10:29", "elapsed": 1.245402, "delta": 0.008648}}
{"target": -224.4210248853976, "params": {"gamma": 4.7812469946715925, "prior": 4.79263887296572, "rate": 8.031830257799582}, "datetime": {"datetime": "2024-06-14 18:10:29", "elapsed": 1.254372, "delta": 0.00897}}
{"target": -194.7059470384244, "params": {"gamma": 4.024522806057501, "prior": 9.056392987401868, "rate": 0.3715734184924046}, "datetime": {"datetime": "2024-06-14 18:10:29", "elapsed": 1.262352, "delta": 0.00798}}
{"target": -351.54583437863545, "params": {"gamma": 7.738969552861467, "prior": 1.3438496732636145, "rate": 6.185517155553943}, "datetime": {"datetime": "2024-06-14 18:10:29", "elapsed": 1.272329, "delta": 0.009977}}
{"target": -143.34582970742457, "params": {"gamma": 0.10463224909098416, "prior": 5.4324100975058345, "rate": 0.031176548239344033}, "datetime": {"datetime": "2024-06-14 18:10:29", "elapsed": 1.281304, "delta": 0.008975}}
{"target": -399.9869440443624, "params": {"gamma": 9.511986661116556, "prior": 9.063480133657503, "rate": 7.959873452480752}, "datetime": {"datetime": "2024-06-14 18:10:29", "elapsed": 1.290281, "delta": 0.008977}}
{"target": -387.7737768317646, "params": {"gamma": 9.15282792482796, "prior": 1.541026488468131, "rate": 1.5781429686354622}, "datetime": {"datetime": "2024-06-14 18:10:29", "elapsed": 1.299257, "delta": 0.008976}}
{"target": -136.91995195690114, "params": {"gamma": 1.8771290973514374, "prior": 6.262709432769219, "rate": 9.05818915058701}, "datetime": {"datetime": "2024-06-14 18:10:29", "elapsed": 1.308262, "delta": 0.009005}}
{"target": -417.62204354534424, "params": {"gamma": 9.899561828412377, "prior": 7.1401123417815775, "rate": 7.318272291013812}, "datetime": {"datetime": "2024-06-14 18:10:29", "elapsed": 1.317209, "delta": 0.008947}}
{"target": -376.58316114491373, "params": {"gamma": 9.093022752238, "prior": 4.0686499504740965, "rate": 2.4992569515701426}, "datetime": {"datetime": "2024-06-14 18:10:29", "elapsed": 1.326063, "delta": 0.008854}}
{"target": -137.41532545524836, "params": {"gamma": 1.7351282777004415, "prior": 1.2826247983039172, "rate": 8.126293269740254}, "datetime": {"datetime": "2024-06-14 18:10:29", "elapsed": 1.335039, "delta": 0.008976}}
{"target": -132.2104963296516, "params": {"gamma": 1.4687769417990144, "prior": 2.716545078996317, "rate": 8.191072697156674}, "datetime": {"datetime": "2024-06-14 18:10:29", "elapsed": 1.344015, "delta": 0.008976}}
{"target": -162.8235682979509, "params": {"gamma": 3.106561930690306, "prior": 9.825932748000135, "rate": 2.6671203828142005}, "datetime": {"datetime": "2024-06-14 18:10:29", "elapsed": 1.351993, "delta": 0.007978}}
{"target": -251.24613685942887, "params": {"gamma": 5.336999796367143, "prior": 3.2132234107399116, "rate": 9.1078175389072}, "datetime": {"datetime": "2024-06-14 18:10:29", "elapsed": 1.36097, "delta": 0.008977}}
{"target": -182.5018757069287, "params": {"gamma": 3.666199881868493, "prior": 4.392564040004329, "rate": 5.123414630091336}, "datetime": {"datetime": "2024-06-14 18:10:29", "elapsed": 1.369453, "delta": 0.008483}}
{"target": -410.84779794183345, "params": {"gamma": 9.388925887219763, "prior": 0.4063951620843921, "rate": 7.1690697576532605}, "datetime": {"datetime": "2024-06-14 18:10:29", "elapsed": 1.378429, "delta": 0.008976}}
{"target": -394.65016097053507, "params": {"gamma": 8.910298523969097, "prior": 0.37014351282294133, "rate": 5.220990421277856}, "datetime": {"datetime": "2024-06-14 18:10:29", "elapsed": 1.386408, "delta": 0.007979}}
{"target": -167.20265518206622, "params": {"gamma": 3.2605721278884827, "prior": 8.6089442765693, "rate": 5.585606992674257}, "datetime": {"datetime": "2024-06-14 18:10:29", "elapsed": 1.395384, "delta": 0.008976}}
{"target": -302.58181109500816, "params": {"gamma": 6.902588453759316, "prior": 4.58324964952022, "rate": 6.2834620661760505}, "datetime": {"datetime": "2024-06-14 18:10:29", "elapsed": 1.40436, "delta": 0.008976}}
{"target": -166.30985756361525, "params": {"gamma": 2.901678420022571, "prior": 0.19255092186850625, "rate": 5.767982593935921}, "datetime": {"datetime": "2024-06-14 18:10:29", "elapsed": 1.412368, "delta": 0.008008}}
{"target": -168.16811984101017, "params": {"gamma": 3.1151306971104957, "prior": 5.220949225161185, "rate": 9.164142124685924}, "datetime": {"datetime": "2024-06-14 18:10:29", "elapsed": 1.421315, "delta": 0.008947}}
{"target": -204.57469431826118, "params": {"gamma": 4.265321410225459, "prior": 2.549220762363616, "rate": 3.7135663190292654}, "datetime": {"datetime": "2024-06-14 18:10:29", "elapsed": 1.430291, "delta": 0.008976}}
{"target": -392.6647728106006, "params": {"gamma": 9.31867930524877, "prior": 9.374996974960027, "rate": 8.443455155708566}, "datetime": {"datetime": "2024-06-14 18:10:29", "elapsed": 1.438269, "delta": 0.007978}}
{"target": -367.22015708243583, "params": {"gamma": 9.202144936542298, "prior": 2.356212870518038, "rate": 0.8757346133263552}, "datetime": {"datetime": "2024-06-14 18:10:29", "elapsed": 1.447246, "delta": 0.008977}}
{"target": -143.46428959065645, "params": {"gamma": 2.273870053110603, "prior": 3.2123284995290997, "rate": 1.7484839976867594}, "datetime": {"datetime": "2024-06-14 18:10:29", "elapsed": 1.456221, "delta": 0.008975}}
{"target": -274.833579688078, "params": {"gamma": 6.071334525562633, "prior": 4.194505508511497, "rate": 8.163698766760314}, "datetime": {"datetime": "2024-06-14 18:10:29", "elapsed": 1.4642, "delta": 0.007979}}
{"target": -138.0116163757612, "params": {"gamma": 1.8521188522920375, "prior": 7.048577644587473, "rate": 2.4043158928665394}, "datetime": {"datetime": "2024-06-14 18:10:29", "elapsed": 1.473177, "delta": 0.008977}}
{"target": -236.66521382034838, "params": {"gamma": 5.742616669319757, "prior": 3.55497721248581, "rate": 0.5705870304288444}, "datetime": {"datetime": "2024-06-14 18:10:29", "elapsed": 1.482152, "delta": 0.008975}}
{"target": -143.67126385074744, "params": {"gamma": 2.288907895932798, "prior": 6.674615298012455, "rate": 4.973003683511953}, "datetime": {"datetime": "2024-06-14 18:10:29", "elapsed": 1.490131, "delta": 0.007979}}
{"target": -246.60676493527973, "params": {"gamma": 5.190640824752714, "prior": 1.8297294860783329, "rate": 5.7075877996110185}, "datetime": {"datetime": "2024-06-14 18:10:29", "elapsed": 1.499107, "delta": 0.008976}}
{"target": -414.6816215152394, "params": {"gamma": 9.967537498656892, "prior": 8.186667577037056, "rate": 5.944131865685947}, "datetime": {"datetime": "2024-06-14 18:10:29", "elapsed": 1.508083, "delta": 0.008976}}
{"target": -404.3850281842218, "params": {"gamma": 9.759914694240718, "prior": 9.025469588226281, "rate": 5.956483728092853}, "datetime": {"datetime": "2024-06-14 18:10:29", "elapsed": 1.516062, "delta": 0.007979}}
{"target": -137.41433043492012, "params": {"gamma": 0.32523082681925664, "prior": 1.0264132485930595, "rate": 0.6546517787072217}, "datetime": {"datetime": "2024-06-14 18:10:29", "elapsed": 1.525037, "delta": 0.008975}}
{"target": -219.29439351718707, "params": {"gamma": 4.517879753766062, "prior": 3.816804848361792, "rate": 9.753524992668595}, "datetime": {"datetime": "2024-06-14 18:10:29", "elapsed": 1.534013, "delta": 0.008976}}
{"target": -133.8247959170439, "params": {"gamma": 1.6806649487029495, "prior": 9.730597160133286, "rate": 7.674981213761269}, "datetime": {"datetime": "2024-06-14 18:10:29", "elapsed": 1.541993, "delta": 0.00798}}
{"target": -351.9314523385146, "params": {"gamma": 8.242554158405353, "prior": 6.362896586102173, "rate": 6.6876589692971145}, "datetime": {"datetime": "2024-06-14 18:10:29", "elapsed": 1.550968, "delta": 0.008975}}
{"target": -230.8219782591547, "params": {"gamma": 4.769346452878413, "prior": 0.23004993353841524, "rate": 3.530707849332706}, "datetime": {"datetime": "2024-06-14 18:10:29", "elapsed": 1.559944, "delta": 0.008976}}
{"target": -220.26131770123058, "params": {"gamma": 4.9212259431340915, "prior": 7.327902989792033, "rate": 4.686814799118347}, "datetime": {"datetime": "2024-06-14 18:10:29", "elapsed": 1.56892, "delta": 0.008976}}
{"target": -205.87078303384357, "params": {"gamma": 4.574591755978228, "prior": 1.4628611353614713, "rate": 0.10987644930098642}, "datetime": {"datetime": "2024-06-14 18:10:29", "elapsed": 1.576899, "delta": 0.007979}}
{"target": -340.6240815890524, "params": {"gamma": 7.583024326509486, "prior": 3.267533096969016, "rate": 9.843850118484914}, "datetime": {"datetime": "2024-06-14 18:10:29", "elapsed": 1.585875, "delta": 0.008976}}
{"target": -143.36306504218373, "params": {"gamma": 2.2031220273654006, "prior": 3.453209452268629, "rate": 5.239437460525651}, "datetime": {"datetime": "2024-06-14 18:10:29", "elapsed": 1.594851, "delta": 0.008976}}
{"target": -299.82800222822624, "params": {"gamma": 7.549159679148268, "prior": 4.692192060612927, "rate": 1.2491006085736511}, "datetime": {"datetime": "2024-06-14 18:10:29", "elapsed": 1.60283, "delta": 0.007979}}
{"target": -166.6581966903932, "params": {"gamma": 3.125701283542003, "prior": 5.094739780039847, "rate": 6.73881623116066}, "datetime": {"datetime": "2024-06-14 18:10:29", "elapsed": 1.611806, "delta": 0.008976}}
{"target": -297.37313958299006, "params": {"gamma": 7.70172941316461, "prior": 1.3903242314481075, "rate": 0.23012839809249527}, "datetime": {"datetime": "2024-06-14 18:10:29", "elapsed": 1.620781, "delta": 0.008975}}
{"target": -230.36478400473362, "params": {"gamma": 5.191304139797683, "prior": 8.118888235557922, "rate": 0.12702506653173326}, "datetime": {"datetime": "2024-06-14 18:10:29", "elapsed": 1.629757, "delta": 0.008976}}
{"target": -286.41730992818873, "params": {"gamma": 6.725025976692686, "prior": 6.899401443904219, "rate": 4.49301828911279}, "datetime": {"datetime": "2024-06-14 18:10:29", "elapsed": 1.637736, "delta": 0.007979}}
{"target": -344.8297572793174, "params": {"gamma": 9.1479720787326, "prior": 6.47917473909423, "rate": 0.05339313667700704}, "datetime": {"datetime": "2024-06-14 18:10:29", "elapsed": 1.646712, "delta": 0.008976}}
{"target": -221.257315667493, "params": {"gamma": 4.844800026698242, "prior": 8.60724628036624, "rate": 8.304165300803357}, "datetime": {"datetime": "2024-06-14 18:10:29", "elapsed": 1.655688, "delta": 0.008976}}
{"target": -281.2022005829, "params": {"gamma": 6.491892816927667, "prior": 6.769614396596453, "rate": 5.7854172983122165}, "datetime": {"datetime": "2024-06-14 18:10:29", "elapsed": 1.664664, "delta": 0.008976}}
{"target": -155.3593873813614, "params": {"gamma": 2.741923631893355, "prior": 5.649246906306982, "rate": 6.717626118389386}, "datetime": {"datetime": "2024-06-14 18:10:29", "elapsed": 1.673669, "delta": 0.009005}}
{"target": -173.67820482567947, "params": {"gamma": 3.5249438725338718, "prior": 8.572700835813885, "rate": 1.9511798226010642}, "datetime": {"datetime": "2024-06-14 18:10:29", "elapsed": 1.681619, "delta": 0.00795}}
{"target": -334.1191915124693, "params": {"gamma": 7.473460782508901, "prior": 2.9670671872500867, "rate": 7.738219073154577}, "datetime": {"datetime": "2024-06-14 18:10:29", "elapsed": 1.690595, "delta": 0.008976}}
{"target": -196.06863529457726, "params": {"gamma": 4.277945556031427, "prior": 8.096214250210874, "rate": 3.535995091817236}, "datetime": {"datetime": "2024-06-14 18:10:29", "elapsed": 1.699571, "delta": 0.008976}}
{"target": -141.66006274865452, "params": {"gamma": 2.137718683058182, "prior": 7.696116633375489, "rate": 3.0871108343588807}, "datetime": {"datetime": "2024-06-14 18:10:29", "elapsed": 1.70755, "delta": 0.007979}}
{"target": -294.40738687630846, "params": {"gamma": 7.332717432196549, "prior": 7.4702842154695475, "rate": 2.2147456123811025}, "datetime": {"datetime": "2024-06-14 18:10:29", "elapsed": 1.716525, "delta": 0.008975}}
{"target": -140.86274433311962, "params": {"gamma": 2.141907256069664, "prior": 2.0695844419279603, "rate": 1.4260408593206808}, "datetime": {"datetime": "2024-06-14 18:10:29", "elapsed": 1.725502, "delta": 0.008977}}
{"target": -193.95176258290272, "params": {"gamma": 3.7714489094741337, "prior": 0.3636160584470526, "rate": 1.110092769973372}, "datetime": {"datetime": "2024-06-14 18:10:29", "elapsed": 1.734477, "delta": 0.008975}}
{"target": -265.72224822297346, "params": {"gamma": 6.745965673610343, "prior": 8.017787715284124, "rate": 0.8062147417567307}, "datetime": {"datetime": "2024-06-14 18:10:29", "elapsed": 1.742457, "delta": 0.00798}}
{"target": -149.99534608199033, "params": {"gamma": 2.3177914025474347, "prior": 2.1554940518577625, "rate": 9.173418297253225}, "datetime": {"datetime": "2024-06-14 18:10:29", "elapsed": 1.751432, "delta": 0.008975}}
