{"target": -329.45966723359606, "params": {"gamma": 4.4582994882209785, "prior": 7.53393534067921, "rate": 0.9843654431052541}, "datetime": {"datetime": "2024-06-14 12:31:18", "elapsed": 10.282377, "delta": 0.009973}}
{"target": -289.5942895586443, "params": {"gamma": 3.6059025236596125, "prior": 5.680691927335912, "rate": 2.3866173738298953}, "datetime": {"datetime": "2024-06-14 12:31:18", "elapsed": 10.291858, "delta": 0.009481}}
{"target": -648.3687864081298, "params": {"gamma": 8.399697763448607, "prior": 7.6819248236704, "rate": 9.655460253343795}, "datetime": {"datetime": "2024-06-14 12:31:18", "elapsed": 10.301832, "delta": 0.009974}}
{"target": -466.696281270644, "params": {"gamma": 5.230357762062273, "prior": 1.1545941141068716, "rate": 9.366233613591808}, "datetime": {"datetime": "2024-06-14 12:31:18", "elapsed": 10.311805, "delta": 0.009973}}
{"target": -652.0516403286315, "params": {"gamma": 8.342525658973996, "prior": 5.489739793932052, "rate": 8.363186471576656}, "datetime": {"datetime": "2024-06-14 12:31:18", "elapsed": 10.320781, "delta": 0.008976}}
{"target": -655.6255946682703, "params": {"gamma": 8.81702750262007, "prior": 7.783203259932287, "rate": 5.712968516447132}, "datetime": {"datetime": "2024-06-14 12:31:18", "elapsed": 10.330755, "delta": 0.009974}}
{"target": -467.97461283352686, "params": {"gamma": 6.153371915939358, "prior": 8.459467758169252, "rate": 6.222544146503024}, "datetime": {"datetime": "2024-06-14 12:31:18", "elapsed": 10.339731, "delta": 0.008976}}
{"target": -210.14526243705558, "params": {"gamma": 2.0655931119171287, "prior": 6.945735393184301, "rate": 5.320605487023739}, "datetime": {"datetime": "2024-06-14 12:31:18", "elapsed": 10.349704, "delta": 0.009973}}
{"target": -281.8578897560717, "params": {"gamma": 2.633207341942995, "prior": 0.10778676114340056, "rate": 2.3557421152378364}, "datetime": {"datetime": "2024-06-14 12:31:18", "elapsed": 10.359677, "delta": 0.009973}}
{"target": -516.8875615506015, "params": {"gamma": 6.735993413062344, "prior": 8.795369976841354, "rate": 8.307194989836436}, "datetime": {"datetime": "2024-06-14 12:31:18", "elapsed": 10.368653, "delta": 0.008976}}
{"target": -178.2228889376951, "params": {"gamma": 1.0819657484995155, "prior": 0.8041372972760987, "rate": 7.616161526478173}, "datetime": {"datetime": "2024-06-14 12:31:18", "elapsed": 10.378626, "delta": 0.009973}}
{"target": -249.73420594683043, "params": {"gamma": 2.849048887810949, "prior": 2.790850219716551, "rate": 0.021001005783708615}, "datetime": {"datetime": "2024-06-14 12:31:18", "elapsed": 10.3886, "delta": 0.009974}}
{"target": -166.64618537460302, "params": {"gamma": 0.9862915673948899, "prior": 1.442410769184296, "rate": 1.5944427020857364}, "datetime": {"datetime": "2024-06-14 12:31:18", "elapsed": 10.397606, "delta": 0.009006}}
{"target": -358.95330059210164, "params": {"gamma": 4.453690712551038, "prior": 8.159944565765821, "rate": 8.123168855569107}, "datetime": {"datetime": "2024-06-14 12:31:18", "elapsed": 10.407549, "delta": 0.009943}}
{"target": -710.2033984381285, "params": {"gamma": 9.099986227202798, "prior": 4.491561182341304, "rate": 7.087396368942189}, "datetime": {"datetime": "2024-06-14 12:31:18", "elapsed": 10.417522, "delta": 0.009973}}
{"target": -396.09036168390355, "params": {"gamma": 4.883852847086367, "prior": 0.5934413255317578, "rate": 0.8052339082615015}, "datetime": {"datetime": "2024-06-14 12:31:18", "elapsed": 10.427496, "delta": 0.009974}}
{"target": -229.8881251854534, "params": {"gamma": 2.4601774098261746, "prior": 9.818055113367866, "rate": 6.919480375538572}, "datetime": {"datetime": "2024-06-14 12:31:18", "elapsed": 10.436472, "delta": 0.008976}}
{"target": -245.32506367046565, "params": {"gamma": 2.680807810991347, "prior": 7.09200612105803, "rate": 6.6137999976813155}, "datetime": {"datetime": "2024-06-14 12:31:18", "elapsed": 10.446445, "delta": 0.009973}}
{"target": -153.3829749320544, "params": {"gamma": 0.4338583185782008, "prior": 3.6787270879532055, "rate": 7.737506106039536}, "datetime": {"datetime": "2024-06-14 12:31:18", "elapsed": 10.456418, "delta": 0.009973}}
{"target": -160.7167961987955, "params": {"gamma": 0.7861506254262016, "prior": 8.855402756081128, "rate": 9.308752094249328}, "datetime": {"datetime": "2024-06-14 12:31:18", "elapsed": 10.465395, "delta": 0.008977}}
{"target": -709.7434767372832, "params": {"gamma": 8.531002038386509, "prior": 1.2620382805993853, "rate": 5.652169643537417}, "datetime": {"datetime": "2024-06-14 12:31:18", "elapsed": 10.47537, "delta": 0.009975}}
{"target": -480.961995977929, "params": {"gamma": 7.075891918374401, "prior": 8.89100289040774, "rate": 0.958664516968829}, "datetime": {"datetime": "2024-06-14 12:31:18", "elapsed": 10.485346, "delta": 0.009976}}
{"target": -650.6027014615421, "params": {"gamma": 8.157890074908734, "prior": 2.852361683520942, "rate": 5.923281570273373}, "datetime": {"datetime": "2024-06-14 12:31:18", "elapsed": 10.494324, "delta": 0.008978}}
{"target": -518.0016414066539, "params": {"gamma": 7.198237298029824, "prior": 7.7924895786681345, "rate": 2.947353825139696}, "datetime": {"datetime": "2024-06-14 12:31:18", "elapsed": 10.504213, "delta": 0.009889}}
{"target": -508.96072890585594, "params": {"gamma": 6.074158012949801, "prior": 2.945981454603072, "rate": 9.983169186094411}, "datetime": {"datetime": "2024-06-14 12:31:18", "elapsed": 10.514189, "delta": 0.009976}}
{"target": -649.9723800216657, "params": {"gamma": 8.145241573815564, "prior": 4.198381371066737, "rate": 8.791542714456694}, "datetime": {"datetime": "2024-06-14 12:31:19", "elapsed": 10.523167, "delta": 0.008978}}
{"target": -505.45501868910156, "params": {"gamma": 7.325278649969429, "prior": 9.294594614204785, "rate": 1.7169353317749951}, "datetime": {"datetime": "2024-06-14 12:31:19", "elapsed": 10.533141, "delta": 0.009974}}
{"target": -280.199582790677, "params": {"gamma": 2.9490552142038204, "prior": 1.0279930931389578, "rate": 3.1804923357554484}, "datetime": {"datetime": "2024-06-14 12:31:19", "elapsed": 10.543117, "delta": 0.009976}}
{"target": -310.9002245826766, "params": {"gamma": 3.812504948851634, "prior": 6.36385414222566, "rate": 4.715727863547479}, "datetime": {"datetime": "2024-06-14 12:31:19", "elapsed": 10.552095, "delta": 0.008978}}
{"target": -533.8838282098983, "params": {"gamma": 7.176972138789694, "prior": 2.7653129816669733, "rate": 1.7313941351026625}, "datetime": {"datetime": "2024-06-14 12:31:19", "elapsed": 10.562071, "delta": 0.009976}}
{"target": -314.1368680173108, "params": {"gamma": 3.7918469051508774, "prior": 4.43700623053576, "rate": 4.221843551590521}, "datetime": {"datetime": "2024-06-14 12:31:19", "elapsed": 10.571049, "delta": 0.008978}}
{"target": -703.2495366881756, "params": {"gamma": 9.135783296928588, "prior": 2.7687134816348475, "rate": 3.5210819835488736}, "datetime": {"datetime": "2024-06-14 12:31:19", "elapsed": 10.581023, "delta": 0.009974}}
{"target": -217.24752588903635, "params": {"gamma": 2.1528813919731067, "prior": 3.7820378129023013, "rate": 3.8991640529202587}, "datetime": {"datetime": "2024-06-14 12:31:19", "elapsed": 10.590998, "delta": 0.009975}}
{"target": -446.345802374516, "params": {"gamma": 5.754695144061634, "prior": 2.855813288362186, "rate": 2.595663592769973}, "datetime": {"datetime": "2024-06-14 12:31:19", "elapsed": 10.600976, "delta": 0.009978}}
{"target": -490.8523882889625, "params": {"gamma": 7.190894889170183, "prior": 9.110769204968191, "rate": 1.2218460988148518}, "datetime": {"datetime": "2024-06-14 12:31:19", "elapsed": 10.610034, "delta": 0.009058}}
{"target": -214.5355759608958, "params": {"gamma": 1.8237074185290985, "prior": 1.4177854842714415, "rate": 6.836393220362168}, "datetime": {"datetime": "2024-06-14 12:31:19", "elapsed": 10.619966, "delta": 0.009932}}
{"target": -209.1150816549845, "params": {"gamma": 2.1408837173038955, "prior": 6.0852588727331, "rate": 2.0175856692950274}, "datetime": {"datetime": "2024-06-14 12:31:19", "elapsed": 10.629833, "delta": 0.009867}}
{"target": -652.0508871825432, "params": {"gamma": 8.177754179737551, "prior": 3.229460609356161, "rate": 6.696498030094077}, "datetime": {"datetime": "2024-06-14 12:31:19", "elapsed": 10.63981, "delta": 0.009977}}
{"target": -184.86631954953532, "params": {"gamma": 1.4881868944628063, "prior": 3.128859926152989, "rate": 2.9731172115714624}, "datetime": {"datetime": "2024-06-14 12:31:19", "elapsed": 10.649817, "delta": 0.010007}}
{"target": -498.0853034333556, "params": {"gamma": 6.3511642455179445, "prior": 6.840717218521033, "rate": 8.452641216391733}, "datetime": {"datetime": "2024-06-14 12:31:19", "elapsed": 10.658756, "delta": 0.008939}}
{"target": -200.35297896186975, "params": {"gamma": 1.8342857207824639, "prior": 7.628254666633741, "rate": 7.119682083391317}, "datetime": {"datetime": "2024-06-14 12:31:19", "elapsed": 10.668841, "delta": 0.010085}}
{"target": -394.6610179520955, "params": {"gamma": 5.575881596860648, "prior": 6.536613564525276, "rate": 0.9008610352239393}, "datetime": {"datetime": "2024-06-14 12:31:19", "elapsed": 10.678786, "delta": 0.009945}}
{"target": -187.47310354584195, "params": {"gamma": 1.4696112814099909, "prior": 4.214160035094695, "rate": 7.1139955123219485}, "datetime": {"datetime": "2024-06-14 12:31:19", "elapsed": 10.688758, "delta": 0.009972}}
{"target": -195.19371152335958, "params": {"gamma": 1.6790438150723197, "prior": 3.950893478320653, "rate": 4.979961592920374}, "datetime": {"datetime": "2024-06-14 12:31:19", "elapsed": 10.697735, "delta": 0.008977}}
{"target": -816.336533465784, "params": {"gamma": 9.350522223405173, "prior": 0.6464428616796051, "rate": 8.290245901995016}, "datetime": {"datetime": "2024-06-14 12:31:19", "elapsed": 10.707708, "delta": 0.009973}}
{"target": -799.4865277488254, "params": {"gamma": 9.841614299141947, "prior": 2.7459988738469, "rate": 8.90068298043714}, "datetime": {"datetime": "2024-06-14 12:31:19", "elapsed": 10.71771, "delta": 0.010002}}
{"target": -252.3192098323072, "params": {"gamma": 2.9037110876153163, "prior": 8.010174232146655, "rate": 4.599113822624364}, "datetime": {"datetime": "2024-06-14 12:31:19", "elapsed": 10.727654, "delta": 0.009944}}
{"target": -496.0471273798856, "params": {"gamma": 5.976488880119824, "prior": 2.443007029974514, "rate": 6.87646200664599}, "datetime": {"datetime": "2024-06-14 12:31:19", "elapsed": 10.73663, "delta": 0.008976}}
{"target": -184.44927539995766, "params": {"gamma": 1.4876999762661907, "prior": 5.640896340117552, "rate": 4.943794976509587}, "datetime": {"datetime": "2024-06-14 12:31:19", "elapsed": 10.746604, "delta": 0.009974}}
{"target": -656.5933269956859, "params": {"gamma": 8.372222753498248, "prior": 4.866538302199957, "rate": 7.847524868907307}, "datetime": {"datetime": "2024-06-14 12:31:19", "elapsed": 10.756577, "delta": 0.009973}}
{"target": -348.6223928088069, "params": {"gamma": 4.003542773051022, "prior": 3.1482687409659618, "rate": 7.872484136639694}, "datetime": {"datetime": "2024-06-14 12:31:19", "elapsed": 10.766058, "delta": 0.009481}}
{"target": -344.05397227790445, "params": {"gamma": 4.185224174850338, "prior": 5.017984006012016, "rate": 5.773647990711966}, "datetime": {"datetime": "2024-06-14 12:31:19", "elapsed": 10.775034, "delta": 0.008976}}
{"target": -609.2634972187367, "params": {"gamma": 8.196837713155396, "prior": 5.8550677488045215, "rate": 4.062022883905419}, "datetime": {"datetime": "2024-06-14 12:31:19", "elapsed": 10.785007, "delta": 0.009973}}
{"target": -191.76303582916816, "params": {"gamma": 1.6067076982639186, "prior": 7.050901918649678, "rate": 8.832444983696695}, "datetime": {"datetime": "2024-06-14 12:31:19", "elapsed": 10.794981, "delta": 0.009974}}
{"target": -171.976004632138, "params": {"gamma": 1.0846805001536175, "prior": 4.715518360549507, "rate": 9.34542051628517}, "datetime": {"datetime": "2024-06-14 12:31:19", "elapsed": 10.804954, "delta": 0.009973}}
{"target": -396.79702763171326, "params": {"gamma": 5.635528165584233, "prior": 5.4980097896596, "rate": 0.6356920232315505}, "datetime": {"datetime": "2024-06-14 12:31:19", "elapsed": 10.81393, "delta": 0.008976}}
{"target": -387.1241663005758, "params": {"gamma": 5.353466496108746, "prior": 6.579958907817386, "rate": 1.466771864485812}, "datetime": {"datetime": "2024-06-14 12:31:19", "elapsed": 10.823903, "delta": 0.009973}}
{"target": -778.5001901023224, "params": {"gamma": 9.563690911740819, "prior": 2.0418928402390932, "rate": 6.739586009585863}, "datetime": {"datetime": "2024-06-14 12:31:19", "elapsed": 10.833877, "delta": 0.009974}}
{"target": -261.69330897800785, "params": {"gamma": 2.744137192928587, "prior": 1.1734652549355584, "rate": 2.6097471361451294}, "datetime": {"datetime": "2024-06-14 12:31:19", "elapsed": 10.842853, "delta": 0.008976}}
{"target": -276.0742901531049, "params": {"gamma": 3.3421841833472294, "prior": 4.700845584587125, "rate": 2.3443300775714717}, "datetime": {"datetime": "2024-06-14 12:31:19", "elapsed": 10.852826, "delta": 0.009973}}
{"target": -556.6898104103523, "params": {"gamma": 7.27531136269942, "prior": 8.09119191003769, "rate": 7.909964984873447}, "datetime": {"datetime": "2024-06-14 12:31:19", "elapsed": 10.862308, "delta": 0.009482}}
{"target": -539.3810678999066, "params": {"gamma": 7.157769735363946, "prior": 2.7694681369941243, "rate": 2.1053674526157167}, "datetime": {"datetime": "2024-06-14 12:31:19", "elapsed": 10.872283, "delta": 0.009975}}
{"target": -168.98330108011513, "params": {"gamma": 1.092174154085908, "prior": 4.027142903887254, "rate": 0.8735791351201521}, "datetime": {"datetime": "2024-06-14 12:31:19", "elapsed": 10.881259, "delta": 0.008976}}
{"target": -498.39789014879966, "params": {"gamma": 6.554241175168271, "prior": 9.503306252187942, "rate": 7.556577172510941}, "datetime": {"datetime": "2024-06-14 12:31:19", "elapsed": 10.891235, "delta": 0.009976}}
{"target": -183.16849190176896, "params": {"gamma": 1.1698003792568261, "prior": 0.3027643623121794, "rate": 3.349553409033682}, "datetime": {"datetime": "2024-06-14 12:31:19", "elapsed": 10.901211, "delta": 0.009976}}
{"target": -790.5150485387256, "params": {"gamma": 9.928768691433605, "prior": 3.197034304972313, "rate": 7.37534048014249}, "datetime": {"datetime": "2024-06-14 12:31:19", "elapsed": 10.910227, "delta": 0.009016}}
{"target": -533.7236497229395, "params": {"gamma": 7.165577236537339, "prior": 5.768320217183284, "rate": 3.6770929306387004}, "datetime": {"datetime": "2024-06-14 12:31:19", "elapsed": 10.920168, "delta": 0.009941}}
{"target": -208.02908856714865, "params": {"gamma": 2.083448674606851, "prior": 9.801992242791993, "rate": 0.6598718062812502}, "datetime": {"datetime": "2024-06-14 12:31:19", "elapsed": 10.929705, "delta": 0.009537}}
{"target": -241.5183459471224, "params": {"gamma": 2.363041291619063, "prior": 3.1581047580501553, "rate": 9.09512403146957}, "datetime": {"datetime": "2024-06-14 12:31:19", "elapsed": 10.939678, "delta": 0.009973}}
{"target": -529.6115668750631, "params": {"gamma": 7.133979260927965, "prior": 2.727181317356326, "rate": 1.6458485280836919}, "datetime": {"datetime": "2024-06-14 12:31:19", "elapsed": 10.949652, "delta": 0.009974}}
{"target": -576.0393377616834, "params": {"gamma": 8.805093637851785, "prior": 7.958453011075212, "rate": 0.38483593233206737}, "datetime": {"datetime": "2024-06-14 12:31:19", "elapsed": 10.959625, "delta": 0.009973}}
{"target": -656.192215744119, "params": {"gamma": 8.79312913512225, "prior": 5.9206034775835645, "rate": 4.575914432666735}, "datetime": {"datetime": "2024-06-14 12:31:19", "elapsed": 10.968601, "delta": 0.008976}}
{"target": -581.2043993415322, "params": {"gamma": 6.73884491695568, "prior": 0.49048370550033693, "rate": 3.303881713493146}, "datetime": {"datetime": "2024-06-14 12:31:19", "elapsed": 10.978577, "delta": 0.009976}}
{"target": -162.80031890903496, "params": {"gamma": 0.8813961296757109, "prior": 6.868010901332397, "rate": 3.9807191404477567}, "datetime": {"datetime": "2024-06-14 12:31:19", "elapsed": 10.987553, "delta": 0.008976}}
{"target": -406.4548465576761, "params": {"gamma": 4.790061963647635, "prior": 2.969053058004484, "rate": 7.883156906603142}, "datetime": {"datetime": "2024-06-14 12:31:19", "elapsed": 10.997527, "delta": 0.009974}}
{"target": -153.94183628435843, "params": {"gamma": 0.4660803099952485, "prior": 2.883143899002197, "rate": 5.906368021727022}, "datetime": {"datetime": "2024-06-14 12:31:19", "elapsed": 11.0075, "delta": 0.009973}}
{"target": -610.0995715440188, "params": {"gamma": 7.901544890842957, "prior": 6.055833425528347, "rate": 7.305156197867701}, "datetime": {"datetime": "2024-06-14 12:31:19", "elapsed": 11.016476, "delta": 0.008976}}
{"target": -152.2685831703654, "params": {"gamma": 0.23625562086340346, "prior": 2.623743534154576, "rate": 0.42187550666388557}, "datetime": {"datetime": "2024-06-14 12:31:19", "elapsed": 11.026449, "delta": 0.009973}}
{"target": -364.92956064708517, "params": {"gamma": 5.000623972289424, "prior": 9.892488931793658, "rate": 0.1362915505440842}, "datetime": {"datetime": "2024-06-14 12:31:19", "elapsed": 11.036422, "delta": 0.009973}}
{"target": -428.94281508467054, "params": {"gamma": 4.409349504334219, "prior": 0.14738553924825692, "rate": 6.1292733046741406}, "datetime": {"datetime": "2024-06-14 12:31:19", "elapsed": 11.046425, "delta": 0.010003}}
{"target": -195.18480033556446, "params": {"gamma": 1.8344039025545689, "prior": 7.156143659526229, "rate": 1.5973254712175065}, "datetime": {"datetime": "2024-06-14 12:31:19", "elapsed": 11.055372, "delta": 0.008947}}
{"target": -650.9507092237964, "params": {"gamma": 8.28592797664837, "prior": 2.141163820968893, "rate": 3.522810522045676}, "datetime": {"datetime": "2024-06-14 12:31:19", "elapsed": 11.065348, "delta": 0.009976}}
{"target": -220.47450328341165, "params": {"gamma": 2.3065541407607677, "prior": 8.0960764752713, "rate": 4.903209285941475}, "datetime": {"datetime": "2024-06-14 12:31:19", "elapsed": 11.075321, "delta": 0.009973}}
{"target": -717.3871265675557, "params": {"gamma": 8.738461225360355, "prior": 1.3878511297112337, "rate": 4.990082145540017}, "datetime": {"datetime": "2024-06-14 12:31:19", "elapsed": 11.0843, "delta": 0.008979}}
{"target": -578.4822739943436, "params": {"gamma": 7.766359726186858, "prior": 9.813980671032251, "rate": 6.734103924215217}, "datetime": {"datetime": "2024-06-14 12:31:19", "elapsed": 11.094276, "delta": 0.009976}}
{"target": -196.33190762946697, "params": {"gamma": 1.8308287966897505, "prior": 7.621752259925226, "rate": 0.747277516013488}, "datetime": {"datetime": "2024-06-14 12:31:19", "elapsed": 11.104252, "delta": 0.009976}}
{"target": -568.0838819078574, "params": {"gamma": 7.62796186474408, "prior": 8.295370786127524, "rate": 5.592537951402159}, "datetime": {"datetime": "2024-06-14 12:31:19", "elapsed": 11.113288, "delta": 0.009036}}
{"target": -364.68662456335613, "params": {"gamma": 4.927715577252471, "prior": 9.371621484501743, "rate": 0.0019694099260602308}, "datetime": {"datetime": "2024-06-14 12:31:19", "elapsed": 11.123235, "delta": 0.009947}}
{"target": -150.30211706918786, "params": {"gamma": 0.0966593768907281, "prior": 2.5943190891398578, "rate": 5.057258956122923}, "datetime": {"datetime": "2024-06-14 12:31:19", "elapsed": 11.133209, "delta": 0.009974}}
{"target": -417.75102594082404, "params": {"gamma": 5.404626088310402, "prior": 3.775794997844595, "rate": 2.9278210405766725}, "datetime": {"datetime": "2024-06-14 12:31:19", "elapsed": 11.143185, "delta": 0.009976}}
{"target": -204.34167047303902, "params": {"gamma": 2.0244710973929743, "prior": 8.02279075452163, "rate": 3.159913122914842}, "datetime": {"datetime": "2024-06-14 12:31:19", "elapsed": 11.153158, "delta": 0.009973}}
{"target": -384.3982787761759, "params": {"gamma": 4.925187387485644, "prior": 8.131779827869634, "rate": 6.123977065658692}, "datetime": {"datetime": "2024-06-14 12:31:19", "elapsed": 11.162136, "delta": 0.008978}}
{"target": -351.1335492729118, "params": {"gamma": 4.086676353275073, "prior": 1.851351801368232, "rate": 3.977123246381154}, "datetime": {"datetime": "2024-06-14 12:31:19", "elapsed": 11.172112, "delta": 0.009976}}
{"target": -360.2086574839616, "params": {"gamma": 4.852641324647453, "prior": 9.906787466384639, "rate": 2.842666564129935}, "datetime": {"datetime": "2024-06-14 12:31:19", "elapsed": 11.182086, "delta": 0.009974}}
{"target": -192.08866841893874, "params": {"gamma": 1.6572311251158391, "prior": 2.2836975838028972, "rate": 2.115461976224172}, "datetime": {"datetime": "2024-06-14 12:31:19", "elapsed": 11.192061, "delta": 0.009975}}
{"target": -159.8757665777973, "params": {"gamma": 0.761400858057041, "prior": 3.712586214392191, "rate": 2.848055513881634}, "datetime": {"datetime": "2024-06-14 12:31:19", "elapsed": 11.20104, "delta": 0.008979}}
{"target": -594.2784611454621, "params": {"gamma": 8.876000332641663, "prior": 7.824570138568547, "rate": 1.09154050351661}, "datetime": {"datetime": "2024-06-14 12:31:19", "elapsed": 11.211074, "delta": 0.010034}}
{"target": -719.3146671855657, "params": {"gamma": 8.505184450178726, "prior": 1.1850262084006502, "rate": 7.2023572600056704}, "datetime": {"datetime": "2024-06-14 12:31:19", "elapsed": 11.22006, "delta": 0.008986}}
{"target": -509.6758362076587, "params": {"gamma": 5.728670154913063, "prior": 0.9594030042480481, "rate": 9.053375032737591}, "datetime": {"datetime": "2024-06-14 12:31:19", "elapsed": 11.230026, "delta": 0.009966}}
{"target": -627.8260884769888, "params": {"gamma": 8.745790582338879, "prior": 8.454132140483077, "rate": 3.6963039838180336}, "datetime": {"datetime": "2024-06-14 12:31:19", "elapsed": 11.240044, "delta": 0.010018}}
{"target": -219.1227190000916, "params": {"gamma": 2.2302911723421603, "prior": 9.971405383102082, "rate": 8.17356631642956}, "datetime": {"datetime": "2024-06-14 12:31:19", "elapsed": 11.249981, "delta": 0.009937}}
