{"target": -228.83694418499448, "params": {"gamma": 3.0455479552792557, "prior": 8.63861535707258, "rate": 8.421949009551232}, "datetime": {"datetime": "2024-06-14 11:40:46", "elapsed": 9.192254, "delta": 0.008926}}
{"target": -253.5256386244243, "params": {"gamma": 4.246702488235933, "prior": 3.7004756377425694, "rate": 2.825092294877215}, "datetime": {"datetime": "2024-06-14 11:40:46", "elapsed": 9.202225, "delta": 0.009971}}
{"target": -965.7079245949485, "params": {"gamma": 9.93237460787099, "prior": 2.6319351668238067, "rate": 9.206835301993463}, "datetime": {"datetime": "2024-06-14 11:40:46", "elapsed": 9.211207, "delta": 0.008982}}
{"target": -266.96196346125015, "params": {"gamma": 4.283923802383466, "prior": 9.360727422179947, "rate": 8.38860949714763}, "datetime": {"datetime": "2024-06-14 11:40:46", "elapsed": 9.221207, "delta": 0.01}}
{"target": -186.12769525210015, "params": {"gamma": 1.5586174788295128, "prior": 5.785405208073743, "rate": 6.7353566438421755}, "datetime": {"datetime": "2024-06-14 11:40:46", "elapsed": 9.230813, "delta": 0.009606}}
{"target": -634.620945330693, "params": {"gamma": 4.058798239584453, "prior": 0.14828274037404324, "rate": 3.2539879663598352}, "datetime": {"datetime": "2024-06-14 11:40:46", "elapsed": 9.239789, "delta": 0.008976}}
{"target": -521.1957356893122, "params": {"gamma": 8.389610534784513, "prior": 0.7219574041509673, "rate": 1.0550920446467325}, "datetime": {"datetime": "2024-06-14 11:40:46", "elapsed": 9.249763, "delta": 0.009974}}
{"target": -379.35253232820276, "params": {"gamma": 7.0181716777726475, "prior": 5.190166850786258, "rate": 4.9821700831201285}, "datetime": {"datetime": "2024-06-14 11:40:46", "elapsed": 9.258738, "delta": 0.008975}}
{"target": -290.4369984352007, "params": {"gamma": 3.736723579545134, "prior": 6.074784805046058, "rate": 8.514836200003508}, "datetime": {"datetime": "2024-06-14 11:40:46", "elapsed": 9.267715, "delta": 0.008977}}
{"target": -186.66531897740202, "params": {"gamma": 2.7699536416334585, "prior": 8.463137492151986, "rate": 4.166774866572612}, "datetime": {"datetime": "2024-06-14 11:40:46", "elapsed": 9.277688, "delta": 0.009973}}
{"target": -245.11629608893654, "params": {"gamma": 5.010339139927012, "prior": 7.323271447824984, "rate": 2.5879583533585664}, "datetime": {"datetime": "2024-06-14 11:40:46", "elapsed": 9.286664, "delta": 0.008976}}
{"target": -457.8679206108793, "params": {"gamma": 9.216447549642744, "prior": 7.050487695865598, "rate": 6.189685300551793}, "datetime": {"datetime": "2024-06-14 11:40:46", "elapsed": 9.296626, "delta": 0.009962}}
{"target": -178.2652605711459, "params": {"gamma": 2.7308153642818653, "prior": 6.988899717958515, "rate": 2.5728902697861002}, "datetime": {"datetime": "2024-06-14 11:40:46", "elapsed": 9.305603, "delta": 0.008977}}
{"target": -1045.3841153580972, "params": {"gamma": 8.164710250604447, "prior": 0.21357730472677, "rate": 1.6662098984717895}, "datetime": {"datetime": "2024-06-14 11:40:46", "elapsed": 9.315576, "delta": 0.009973}}
{"target": -294.1016930314593, "params": {"gamma": 5.578732058631829, "prior": 7.151581896064771, "rate": 4.925314058477191}, "datetime": {"datetime": "2024-06-14 11:40:46", "elapsed": 9.324309, "delta": 0.008733}}
{"target": -393.5864844141971, "params": {"gamma": 8.77821720529802, "prior": 9.761112381872845, "rate": 4.643306398374889}, "datetime": {"datetime": "2024-06-14 11:40:46", "elapsed": 9.334282, "delta": 0.009973}}
{"target": -463.4265375853767, "params": {"gamma": 7.680101807848576, "prior": 4.99824412495192, "rate": 6.651322684579871}, "datetime": {"datetime": "2024-06-14 11:40:46", "elapsed": 9.343258, "delta": 0.008976}}
{"target": -351.761722152644, "params": {"gamma": 2.2495249246936897, "prior": 1.1844630004410581, "rate": 9.790110366804328}, "datetime": {"datetime": "2024-06-14 11:40:46", "elapsed": 9.353231, "delta": 0.009973}}
{"target": -607.3598855143482, "params": {"gamma": 8.150131602400142, "prior": 2.925296971250357, "rate": 5.858698015894784}, "datetime": {"datetime": "2024-06-14 11:40:46", "elapsed": 9.362786, "delta": 0.009555}}
{"target": -358.29307655128736, "params": {"gamma": 3.8013319815826336, "prior": 1.8457466036216705, "rate": 4.188932595381877}, "datetime": {"datetime": "2024-06-14 11:40:46", "elapsed": 9.37176, "delta": 0.008974}}
{"target": -468.2539933369258, "params": {"gamma": 2.9725807541730793, "prior": 0.2645786546757686, "rate": 3.8742957016810964}, "datetime": {"datetime": "2024-06-14 11:40:46", "elapsed": 9.381733, "delta": 0.009973}}
{"target": -434.85769249266707, "params": {"gamma": 9.209209125043717, "prior": 8.299182561203743, "rate": 5.741173477210314}, "datetime": {"datetime": "2024-06-14 11:40:46", "elapsed": 9.390571, "delta": 0.008838}}
{"target": -386.027672613401, "params": {"gamma": 3.1871500009390448, "prior": 2.3895165193658316, "rate": 9.560239816725709}, "datetime": {"datetime": "2024-06-14 11:40:46", "elapsed": 9.400544, "delta": 0.009973}}
{"target": -342.28972547978503, "params": {"gamma": 5.646536380588049, "prior": 2.254292505235319, "rate": 2.4955710289351303}, "datetime": {"datetime": "2024-06-14 11:40:46", "elapsed": 9.410116, "delta": 0.009572}}
{"target": -419.9168166757872, "params": {"gamma": 9.59600242910666, "prior": 2.464259919634281, "rate": 1.068034169467023}, "datetime": {"datetime": "2024-06-14 11:40:46", "elapsed": 9.419598, "delta": 0.009482}}
{"target": -185.28438610437567, "params": {"gamma": 1.840435435586939, "prior": 7.685625588487398, "rate": 7.087933795056683}, "datetime": {"datetime": "2024-06-14 11:40:46", "elapsed": 9.429571, "delta": 0.009973}}
{"target": -248.1817826670908, "params": {"gamma": 4.379981305846461, "prior": 7.958664620452609, "rate": 5.1756094087340525}, "datetime": {"datetime": "2024-06-14 11:40:46", "elapsed": 9.438548, "delta": 0.008977}}
{"target": -550.1423165483451, "params": {"gamma": 4.136568013129941, "prior": 1.262675168653137, "rate": 8.839226748297556}, "datetime": {"datetime": "2024-06-14 11:40:46", "elapsed": 9.44852, "delta": 0.009972}}
{"target": -257.24421687730916, "params": {"gamma": 2.7566565508887577, "prior": 6.200981160965617, "rate": 9.8458132098281}, "datetime": {"datetime": "2024-06-14 11:40:46", "elapsed": 9.45799, "delta": 0.00947}}
{"target": -174.87452684598117, "params": {"gamma": 1.8949908024154942, "prior": 9.655361118751124, "rate": 6.527500968888528}, "datetime": {"datetime": "2024-06-14 11:40:46", "elapsed": 9.466966, "delta": 0.008976}}
{"target": -178.80482413234262, "params": {"gamma": 1.28818731436088, "prior": 7.742078746123179, "rate": 9.51780600679268}, "datetime": {"datetime": "2024-06-14 11:40:46", "elapsed": 9.476939, "delta": 0.009973}}
{"target": -252.19668530758253, "params": {"gamma": 5.628242716344561, "prior": 6.916696477605665, "rate": 0.26445244082095803}, "datetime": {"datetime": "2024-06-14 11:40:46", "elapsed": 9.485915, "delta": 0.008976}}
{"target": -381.69882162334966, "params": {"gamma": 9.890767779393961, "prior": 3.252725486155457, "rate": 0.24001388988282726}, "datetime": {"datetime": "2024-06-14 11:40:46", "elapsed": 9.495888, "delta": 0.009973}}
{"target": -397.40685084515565, "params": {"gamma": 8.08583294059341, "prior": 9.735200262493974, "rate": 7.376147510656895}, "datetime": {"datetime": "2024-06-14 11:40:46", "elapsed": 9.504865, "delta": 0.008977}}
{"target": -148.65654294101532, "params": {"gamma": 0.028355324647958178, "prior": 0.7272690626029495, "rate": 5.843109782870581}, "datetime": {"datetime": "2024-06-14 11:40:46", "elapsed": 9.515008, "delta": 0.010143}}
{"target": -241.23634246356994, "params": {"gamma": 3.3578153624482754, "prior": 8.830151459442787, "rate": 8.736820024200027}, "datetime": {"datetime": "2024-06-14 11:40:46", "elapsed": 9.523984, "delta": 0.008976}}
{"target": -542.8148503081449, "params": {"gamma": 9.875201568135711, "prior": 7.186736493818677, "rate": 8.768960114386706}, "datetime": {"datetime": "2024-06-14 11:40:46", "elapsed": 9.533957, "delta": 0.009973}}
{"target": -447.4794411213632, "params": {"gamma": 3.197181468508664, "prior": 1.20065182400608, "rate": 8.653775693718016}, "datetime": {"datetime": "2024-06-14 11:40:46", "elapsed": 9.542933, "delta": 0.008976}}
{"target": -266.4932098824627, "params": {"gamma": 3.035422507017289, "prior": 4.251389751852173, "rate": 6.460656540458656}, "datetime": {"datetime": "2024-06-14 11:40:46", "elapsed": 9.552909, "delta": 0.009976}}
{"target": -334.54918834383056, "params": {"gamma": 6.051386242420971, "prior": 4.267138536697311, "rate": 3.862118968194065}, "datetime": {"datetime": "2024-06-14 11:40:46", "elapsed": 9.561884, "delta": 0.008975}}
{"target": -152.53450595968454, "params": {"gamma": 1.227687737548204, "prior": 5.385232654603825, "rate": 2.329308118342716}, "datetime": {"datetime": "2024-06-14 11:40:46", "elapsed": 9.571859, "delta": 0.009975}}
{"target": -309.6895425068943, "params": {"gamma": 7.548323703153514, "prior": 6.78121878322855, "rate": 0.7201977211273354}, "datetime": {"datetime": "2024-06-14 11:40:46", "elapsed": 9.580863, "delta": 0.009004}}
{"target": -411.700364050191, "params": {"gamma": 9.892657582673268, "prior": 7.826523662185978, "rate": 2.279031043019085}, "datetime": {"datetime": "2024-06-14 11:40:46", "elapsed": 9.590808, "delta": 0.009945}}
{"target": -148.856191896343, "params": {"gamma": 0.30839744067862085, "prior": 4.835881127609816, "rate": 3.5280716325732393}, "datetime": {"datetime": "2024-06-14 11:40:46", "elapsed": 9.600781, "delta": 0.009973}}
{"target": -346.22958137975996, "params": {"gamma": 5.465568482142916, "prior": 6.630673158706719, "rate": 7.972400853780025}, "datetime": {"datetime": "2024-06-14 11:40:46", "elapsed": 9.610623, "delta": 0.009842}}
{"target": -147.03538647786962, "params": {"gamma": 0.1364299240444373, "prior": 7.171525587400897, "rate": 2.95384434705289}, "datetime": {"datetime": "2024-06-14 11:40:46", "elapsed": 9.619594, "delta": 0.008971}}
{"target": -457.7280148271791, "params": {"gamma": 9.864039353798532, "prior": 8.47779313281904, "rate": 5.604451409666734}, "datetime": {"datetime": "2024-06-14 11:40:46", "elapsed": 9.629568, "delta": 0.009974}}
{"target": -358.9515332931177, "params": {"gamma": 5.9780590880830164, "prior": 2.001549162745117, "rate": 2.263289634282068}, "datetime": {"datetime": "2024-06-14 11:40:46", "elapsed": 9.639542, "delta": 0.009974}}
{"target": -152.03946021925657, "params": {"gamma": 1.5409777702011733, "prior": 3.8403541198979734, "rate": 1.1204424879714694}, "datetime": {"datetime": "2024-06-14 11:40:46", "elapsed": 9.648518, "delta": 0.008976}}
{"target": -237.23355984944203, "params": {"gamma": 5.113217663448985, "prior": 6.420931758475319, "rate": 1.2230015699915957}, "datetime": {"datetime": "2024-06-14 11:40:46", "elapsed": 9.658001, "delta": 0.009483}}
{"target": -466.4259514744825, "params": {"gamma": 3.442619392943751, "prior": 0.7964440088835576, "rate": 5.25808611153342}, "datetime": {"datetime": "2024-06-14 11:40:46", "elapsed": 9.667974, "delta": 0.009973}}
{"target": -406.74649021289196, "params": {"gamma": 6.503247402260852, "prior": 6.193174199613517, "rate": 8.138881758532042}, "datetime": {"datetime": "2024-06-14 11:40:46", "elapsed": 9.676842, "delta": 0.008868}}
{"target": -175.8983140938207, "params": {"gamma": 2.3564267987877012, "prior": 6.220000234220411, "rate": 3.028982363807174}, "datetime": {"datetime": "2024-06-14 11:40:46", "elapsed": 9.686815, "delta": 0.009973}}
{"target": -145.01888792483194, "params": {"gamma": 0.8885882930853439, "prior": 3.1220885685015505, "rate": 0.7144933929712171}, "datetime": {"datetime": "2024-06-14 11:40:46", "elapsed": 9.695791, "delta": 0.008976}}
{"target": -378.7875086356374, "params": {"gamma": 9.585783535985689, "prior": 7.2989378057766, "rate": 1.0155071173822163}, "datetime": {"datetime": "2024-06-14 11:40:46", "elapsed": 9.705765, "delta": 0.009974}}
{"target": -669.4318748164795, "params": {"gamma": 7.862906954163588, "prior": 3.5863380649556653, "rate": 9.1144399680976}, "datetime": {"datetime": "2024-06-14 11:40:46", "elapsed": 9.71474, "delta": 0.008975}}
{"target": -236.0201334262742, "params": {"gamma": 4.955478850036387, "prior": 8.739657957550234, "rate": 2.206077417642493}, "datetime": {"datetime": "2024-06-14 11:40:46", "elapsed": 9.724714, "delta": 0.009974}}
{"target": -197.4853442367216, "params": {"gamma": 3.6725560667067523, "prior": 3.731685727367989, "rate": 0.9722296833512493}, "datetime": {"datetime": "2024-06-14 11:40:46", "elapsed": 9.73369, "delta": 0.008976}}
{"target": -217.31762119149428, "params": {"gamma": 3.310813326223882, "prior": 6.6311270580041155, "rate": 4.665968370246033}, "datetime": {"datetime": "2024-06-14 11:40:46", "elapsed": 9.743852, "delta": 0.010162}}
{"target": -505.7667084591028, "params": {"gamma": 8.792436465874568, "prior": 2.769735637264448, "rate": 3.5488386678677664}, "datetime": {"datetime": "2024-06-14 11:40:46", "elapsed": 9.75283, "delta": 0.008978}}
{"target": -188.81821950034714, "params": {"gamma": 3.2042225472159718, "prior": 5.562205909154905, "rate": 1.8830059366472722}, "datetime": {"datetime": "2024-06-14 11:40:46", "elapsed": 9.762803, "delta": 0.009973}}
{"target": -158.83572141883008, "params": {"gamma": 1.7332694708102208, "prior": 9.4008710496637, "rate": 3.767100489749554}, "datetime": {"datetime": "2024-06-14 11:40:46", "elapsed": 9.77178, "delta": 0.008977}}
{"target": -485.58978447862637, "params": {"gamma": 5.871394250695616, "prior": 0.6460056416863561, "rate": 1.409439110996769}, "datetime": {"datetime": "2024-06-14 11:40:46", "elapsed": 9.781753, "delta": 0.009973}}
{"target": -143.75378433760844, "params": {"gamma": 0.964489160060572, "prior": 8.139944122785648, "rate": 1.0323646790520586}, "datetime": {"datetime": "2024-06-14 11:40:46", "elapsed": 9.790729, "delta": 0.008976}}
{"target": -390.29174008740773, "params": {"gamma": 5.163644140749812, "prior": 1.6402211901215338, "rate": 2.7888887375330564}, "datetime": {"datetime": "2024-06-14 11:40:46", "elapsed": 9.800702, "delta": 0.009973}}
{"target": -554.2572423426758, "params": {"gamma": 8.826137423028198, "prior": 6.352778274796015, "rate": 9.636663439420486}, "datetime": {"datetime": "2024-06-14 11:40:46", "elapsed": 9.809678, "delta": 0.008976}}
{"target": -905.9543569132085, "params": {"gamma": 5.997543941794315, "prior": 0.19424519054392425, "rate": 4.156994414198696}, "datetime": {"datetime": "2024-06-14 11:40:46", "elapsed": 9.819651, "delta": 0.009973}}
{"target": -151.2496170093764, "params": {"gamma": 0.22539510183243922, "prior": 3.20844484766477, "rate": 4.816767682276697}, "datetime": {"datetime": "2024-06-14 11:40:46", "elapsed": 9.828627, "delta": 0.008976}}
{"target": -487.00884916874577, "params": {"gamma": 5.755017951896957, "prior": 2.4626370089964063, "rate": 5.583307497898072}, "datetime": {"datetime": "2024-06-14 11:40:46", "elapsed": 9.838602, "delta": 0.009975}}
{"target": -213.25461576194598, "params": {"gamma": 3.949806420938232, "prior": 5.115163656318577, "rate": 1.9604741784106727}, "datetime": {"datetime": "2024-06-14 11:40:46", "elapsed": 9.847876, "delta": 0.009274}}
{"target": -157.50062894457727, "params": {"gamma": 1.5683593484243095, "prior": 7.5697183752636255, "rate": 3.3004023148263886}, "datetime": {"datetime": "2024-06-14 11:40:46", "elapsed": 9.856854, "delta": 0.008978}}
{"target": -442.29336817601603, "params": {"gamma": 6.442312729689626, "prior": 5.698010406246365, "rate": 8.995409627944824}, "datetime": {"datetime": "2024-06-14 11:40:46", "elapsed": 9.866827, "delta": 0.009973}}
{"target": -392.4951198890746, "params": {"gamma": 8.806955495452243, "prior": 4.486802863235155, "rate": 2.048146129836078}, "datetime": {"datetime": "2024-06-14 11:40:46", "elapsed": 9.875803, "delta": 0.008976}}
{"target": -366.82170659548444, "params": {"gamma": 6.322291560542967, "prior": 6.404676155930846, "rate": 6.92448261628265}, "datetime": {"datetime": "2024-06-14 11:40:46", "elapsed": 9.885777, "delta": 0.009974}}
{"target": -441.78563793296667, "params": {"gamma": 9.074824554145266, "prior": 7.847551682641525, "rate": 6.253284067622613}, "datetime": {"datetime": "2024-06-14 11:40:46", "elapsed": 9.89575, "delta": 0.009973}}
{"target": -570.8134512145136, "params": {"gamma": 6.010054988385501, "prior": 2.2063144570746065, "rate": 6.514002254616683}, "datetime": {"datetime": "2024-06-14 11:40:46", "elapsed": 9.904842, "delta": 0.009092}}
{"target": -429.70747818666405, "params": {"gamma": 8.145187207595269, "prior": 9.230992560443674, "rate": 9.166584470697245}, "datetime": {"datetime": "2024-06-14 11:40:46", "elapsed": 9.914815, "delta": 0.009973}}
{"target": -358.2837967518015, "params": {"gamma": 5.611426959920494, "prior": 2.6723563598308284, "rate": 3.338640770780343}, "datetime": {"datetime": "2024-06-14 11:40:46", "elapsed": 9.923791, "delta": 0.008976}}
{"target": -618.5984163060508, "params": {"gamma": 9.977625893322635, "prior": 5.303418103356411, "rate": 8.159250821705387}, "datetime": {"datetime": "2024-06-14 11:40:46", "elapsed": 9.933794, "delta": 0.010003}}
{"target": -307.7899556393452, "params": {"gamma": 5.970564861657937, "prior": 5.1186108345504335, "rate": 3.4860476134416722}, "datetime": {"datetime": "2024-06-14 11:40:46", "elapsed": 9.943738, "delta": 0.009944}}
{"target": -862.5694734139657, "params": {"gamma": 5.378167511784794, "prior": 0.16667359924261277, "rate": 8.766981380159143}, "datetime": {"datetime": "2024-06-14 11:40:46", "elapsed": 9.952717, "delta": 0.008979}}
{"target": -860.046546762575, "params": {"gamma": 5.615303328845261, "prior": 0.340386110714318, "rate": 8.181929278566322}, "datetime": {"datetime": "2024-06-14 11:40:47", "elapsed": 9.961693, "delta": 0.008976}}
{"target": -264.94616094541135, "params": {"gamma": 1.3544085542298703, "prior": 0.4033231110996103, "rate": 4.623891705947023}, "datetime": {"datetime": "2024-06-14 11:40:47", "elapsed": 9.971666, "delta": 0.009973}}
{"target": -444.8708250292157, "params": {"gamma": 9.606606296174677, "prior": 1.0267810597935034, "rate": 0.656919562834297}, "datetime": {"datetime": "2024-06-14 11:40:47", "elapsed": 9.980642, "delta": 0.008976}}
{"target": -457.27149732309937, "params": {"gamma": 8.799475826643015, "prior": 8.231583211278556, "rate": 8.199874253028593}, "datetime": {"datetime": "2024-06-14 11:40:47", "elapsed": 9.990616, "delta": 0.009974}}
{"target": -284.43430120299047, "params": {"gamma": 4.678712660105902, "prior": 4.3321717361492516, "rate": 4.011281986039528}, "datetime": {"datetime": "2024-06-14 11:40:47", "elapsed": 9.999591, "delta": 0.008975}}
{"target": -345.22551581908624, "params": {"gamma": 5.822568206350932, "prior": 7.316809626823501, "rate": 7.843135731493912}, "datetime": {"datetime": "2024-06-14 11:40:47", "elapsed": 10.009564, "delta": 0.009973}}
{"target": -334.2244157564815, "params": {"gamma": 6.548337076416619, "prior": 5.668415030292531, "rate": 4.1245136895947505}, "datetime": {"datetime": "2024-06-14 11:40:47", "elapsed": 10.019538, "delta": 0.009974}}
{"target": -237.02378490422296, "params": {"gamma": 3.1998307053765016, "prior": 2.9338531489792334, "rate": 2.9624710073123492}, "datetime": {"datetime": "2024-06-14 11:40:47", "elapsed": 10.028514, "delta": 0.008976}}
{"target": -350.7048222039816, "params": {"gamma": 6.827845908778269, "prior": 7.648167703379835, "rate": 5.976600250112773}, "datetime": {"datetime": "2024-06-14 11:40:47", "elapsed": 10.038487, "delta": 0.009973}}
{"target": -298.57947891855395, "params": {"gamma": 2.229416058643355, "prior": 2.0245107029967566, "rate": 7.657095501588769}, "datetime": {"datetime": "2024-06-14 11:40:47", "elapsed": 10.047463, "delta": 0.008976}}
{"target": -1299.7687212614064, "params": {"gamma": 9.786959495931479, "prior": 0.257508619766369, "rate": 2.489732521683815}, "datetime": {"datetime": "2024-06-14 11:40:47", "elapsed": 10.056944, "delta": 0.009481}}
{"target": -346.4131399462484, "params": {"gamma": 7.923336404835708, "prior": 7.219736447758213, "rate": 2.4605535974366086}, "datetime": {"datetime": "2024-06-14 11:40:47", "elapsed": 10.066917, "delta": 0.009973}}
{"target": -352.3713870289603, "params": {"gamma": 5.549368918377377, "prior": 5.897299361580305, "rate": 7.21412138219565}, "datetime": {"datetime": "2024-06-14 11:40:47", "elapsed": 10.075894, "delta": 0.008977}}
{"target": -266.01649968451056, "params": {"gamma": 4.637273438415798, "prior": 4.1079998680749545, "rate": 3.080786698738075}, "datetime": {"datetime": "2024-06-14 11:40:47", "elapsed": 10.085867, "delta": 0.009973}}
{"target": -350.56327177389306, "params": {"gamma": 2.3838507751598206, "prior": 1.0157832456909792, "rate": 6.4591879907890055}, "datetime": {"datetime": "2024-06-14 11:40:47", "elapsed": 10.094843, "delta": 0.008976}}
{"target": -289.72843006680444, "params": {"gamma": 6.696034914953822, "prior": 6.904700391776786, "rate": 0.03245405892326011}, "datetime": {"datetime": "2024-06-14 11:40:47", "elapsed": 10.104817, "delta": 0.009974}}
{"target": -494.57392331776316, "params": {"gamma": 4.383092072177341, "prior": 1.3132783126224954, "rate": 5.266566747727368}, "datetime": {"datetime": "2024-06-14 11:40:47", "elapsed": 10.113792, "delta": 0.008975}}
{"target": -464.7296835012449, "params": {"gamma": 9.797416469397842, "prior": 5.042842408537047, "rate": 3.747125142755934}, "datetime": {"datetime": "2024-06-14 11:40:47", "elapsed": 10.123766, "delta": 0.009974}}
{"target": -349.13746738988743, "params": {"gamma": 8.13858608395356, "prior": 9.685194238622525, "rate": 2.8719466519104246}, "datetime": {"datetime": "2024-06-14 11:40:47", "elapsed": 10.133739, "delta": 0.009973}}
{"target": -325.40480759248607, "params": {"gamma": 8.030197397425262, "prior": 9.96180022989637, "rate": 1.1191305732763266}, "datetime": {"datetime": "2024-06-14 11:40:47", "elapsed": 10.143712, "delta": 0.009973}}
