{"target": -1980.7444890657391, "params": {"gamma": 9.236233847661266, "lr": 0.6780829341239825}, "datetime": {"datetime": "2024-06-13 17:05:01", "elapsed": 4.480475, "delta": 0.00399}}
{"target": -1452.2084403013178, "params": {"gamma": 7.713853709507418, "lr": 0.5716353364349513}, "datetime": {"datetime": "2024-06-13 17:05:01", "elapsed": 4.484464, "delta": 0.003989}}
{"target": -1790.143407944857, "params": {"gamma": 8.339212870314833, "lr": 0.6982817992918626}, "datetime": {"datetime": "2024-06-13 17:05:01", "elapsed": 4.488453, "delta": 0.003989}}
{"target": -318.1192164717624, "params": {"gamma": 1.466940409067313, "lr": 0.6124611286280749}, "datetime": {"datetime": "2024-06-13 17:05:01", "elapsed": 4.493439, "delta": 0.004986}}
{"target": -697.2571494345415, "params": {"gamma": 2.793924035827702, "lr": 0.9158787230673001}, "datetime": {"datetime": "2024-06-13 17:05:01", "elapsed": 4.49731, "delta": 0.003871}}
{"target": -337.3932494326027, "params": {"gamma": 1.9831246698113274, "lr": 0.28571649537130284}, "datetime": {"datetime": "2024-06-13 17:05:01", "elapsed": 4.501299, "delta": 0.003989}}
{"target": -156.03003597973935, "params": {"gamma": 0.47749939499181976, "lr": 0.44757914405063814}, "datetime": {"datetime": "2024-06-13 17:05:01", "elapsed": 4.505289, "delta": 0.00399}}
{"target": -1054.9290236626202, "params": {"gamma": 5.576320563895948, "lr": 0.5735610825770953}, "datetime": {"datetime": "2024-06-13 17:05:01", "elapsed": 4.510276, "delta": 0.004987}}
{"target": -1386.9163484585756, "params": {"gamma": 9.053868422216771, "lr": 0.34741393280060506}, "datetime": {"datetime": "2024-06-13 17:05:01", "elapsed": 4.514265, "delta": 0.003989}}
{"target": -1037.2716572387544, "params": {"gamma": 4.475836267532962, "lr": 0.8512376625014975}, "datetime": {"datetime": "2024-06-13 17:05:01", "elapsed": 4.518254, "delta": 0.003989}}
{"target": -1155.096500412056, "params": {"gamma": 5.768716203017017, "lr": 0.6539929348777337}, "datetime": {"datetime": "2024-06-13 17:05:01", "elapsed": 4.522243, "delta": 0.003989}}
{"target": -484.28156628993816, "params": {"gamma": 2.784314944612766, "lr": 0.48747130162584906}, "datetime": {"datetime": "2024-06-13 17:05:01", "elapsed": 4.526233, "delta": 0.00399}}
{"target": -1554.3805882492197, "params": {"gamma": 6.209902923417142, "lr": 0.13339403014523998}, "datetime": {"datetime": "2024-06-13 17:05:01", "elapsed": 4.53122, "delta": 0.004987}}
{"target": -179.52272873967095, "params": {"gamma": 0.3300542572087522, "lr": 0.11341100113082614}, "datetime": {"datetime": "2024-06-13 17:05:01", "elapsed": 4.535209, "delta": 0.003989}}
{"target": -1863.167074755396, "params": {"gamma": 4.775133302320191, "lr": 0.02402673463080851}, "datetime": {"datetime": "2024-06-13 17:05:01", "elapsed": 4.539198, "delta": 0.003989}}
{"target": -2220.0778838127167, "params": {"gamma": 6.26246308244308, "lr": 0.09758261797608447}, "datetime": {"datetime": "2024-06-13 17:05:01", "elapsed": 4.543188, "delta": 0.00399}}
{"target": -443.25710017333535, "params": {"gamma": 2.5103644156247413, "lr": 0.42649294585621844}, "datetime": {"datetime": "2024-06-13 17:05:01", "elapsed": 4.547177, "delta": 0.003989}}
{"target": -219.38844175215428, "params": {"gamma": 1.159151640315784, "lr": 0.2705519937974664}, "datetime": {"datetime": "2024-06-13 17:05:01", "elapsed": 4.551166, "delta": 0.003989}}
{"target": -143.40472044041022, "params": {"gamma": 0.21177564868227716, "lr": 0.9850455536104694}, "datetime": {"datetime": "2024-06-13 17:05:01", "elapsed": 4.556153, "delta": 0.004987}}
{"target": -955.3140494269544, "params": {"gamma": 6.116124507605985, "lr": 0.3783538388352491}, "datetime": {"datetime": "2024-06-13 17:05:01", "elapsed": 4.560142, "delta": 0.003989}}
{"target": -142.69475944566068, "params": {"gamma": 0.2662569827533811, "lr": 0.3898387483749842}, "datetime": {"datetime": "2024-06-13 17:05:01", "elapsed": 4.564132, "delta": 0.00399}}
{"target": -1120.9076827690615, "params": {"gamma": 4.526133705237957, "lr": 0.9310031937645028}, "datetime": {"datetime": "2024-06-13 17:05:01", "elapsed": 4.568121, "delta": 0.003989}}
{"target": -568.4318301910945, "params": {"gamma": 2.7857632142087283, "lr": 0.6147818910832991}, "datetime": {"datetime": "2024-06-13 17:05:01", "elapsed": 4.57211, "delta": 0.003989}}
{"target": -1296.8028602098548, "params": {"gamma": 6.6520183774673525, "lr": 0.18596096979633892}, "datetime": {"datetime": "2024-06-13 17:05:01", "elapsed": 4.577097, "delta": 0.004987}}
{"target": -1111.7079066037684, "params": {"gamma": 5.058127726515332, "lr": 0.7865007628599349}, "datetime": {"datetime": "2024-06-13 17:05:01", "elapsed": 4.581086, "delta": 0.003989}}
{"target": -230.93503865070892, "params": {"gamma": 0.966693765249707, "lr": 0.6060352981689622}, "datetime": {"datetime": "2024-06-13 17:05:01", "elapsed": 4.585076, "delta": 0.00399}}
{"target": -190.43339530373802, "params": {"gamma": 0.261573266951244, "lr": 0.00704672381007565}, "datetime": {"datetime": "2024-06-13 17:05:01", "elapsed": 4.590062, "delta": 0.004986}}
{"target": -166.08110349103248, "params": {"gamma": 0.5962265427935735, "lr": 0.4814004591490364}, "datetime": {"datetime": "2024-06-13 17:05:01", "elapsed": 4.594068, "delta": 0.004006}}
{"target": -1557.5289616789507, "params": {"gamma": 9.257115382793618, "lr": 0.4055573841390242}, "datetime": {"datetime": "2024-06-13 17:05:01", "elapsed": 4.598057, "delta": 0.003989}}
{"target": -217.74462774055021, "params": {"gamma": 0.7512513607260716, "lr": 0.8613524744830288}, "datetime": {"datetime": "2024-06-13 17:05:01", "elapsed": 4.603043, "delta": 0.004986}}
{"target": -812.20807327861, "params": {"gamma": 5.193456557118933, "lr": 0.3189358689174241}, "datetime": {"datetime": "2024-06-13 17:05:01", "elapsed": 4.607033, "delta": 0.00399}}
{"target": -2367.8518481261754, "params": {"gamma": 9.630360355507971, "lr": 0.9382617685023783}, "datetime": {"datetime": "2024-06-13 17:05:01", "elapsed": 4.611022, "delta": 0.003989}}
{"target": -500.88282931847755, "params": {"gamma": 2.6009297005949668, "lr": 0.20139185371372026}, "datetime": {"datetime": "2024-06-13 17:05:01", "elapsed": 4.615012, "delta": 0.00399}}
{"target": -1359.8305488579915, "params": {"gamma": 5.889498124357467, "lr": 0.8425182098415589}, "datetime": {"datetime": "2024-06-13 17:05:01", "elapsed": 4.619999, "delta": 0.004987}}
{"target": -646.015384316539, "params": {"gamma": 3.3678741763608038, "lr": 0.5864294214642616}, "datetime": {"datetime": "2024-06-13 17:05:01", "elapsed": 4.623988, "delta": 0.003989}}
{"target": -345.2326968762821, "params": {"gamma": 1.623287749788599, "lr": 0.19459373523814183}, "datetime": {"datetime": "2024-06-13 17:05:01", "elapsed": 4.627977, "delta": 0.003989}}
{"target": -1669.8517543761238, "params": {"gamma": 7.613590824704965, "lr": 0.15009846135204996}, "datetime": {"datetime": "2024-06-13 17:05:01", "elapsed": 4.631966, "delta": 0.003989}}
{"target": -586.3775378803892, "params": {"gamma": 2.659804503437227, "lr": 0.6894948631776694}, "datetime": {"datetime": "2024-06-13 17:05:01", "elapsed": 4.636953, "delta": 0.004987}}
{"target": -166.5572653737201, "params": {"gamma": 0.15187798702215813, "lr": 0.03219440386857053}, "datetime": {"datetime": "2024-06-13 17:05:01", "elapsed": 4.640942, "delta": 0.003989}}
{"target": -461.0160442449591, "params": {"gamma": 2.8759718743002627, "lr": 0.3366231805122991}, "datetime": {"datetime": "2024-06-13 17:05:01", "elapsed": 4.644932, "delta": 0.00399}}
{"target": -820.6504328499302, "params": {"gamma": 3.622798839194582, "lr": 0.8071905755135196}, "datetime": {"datetime": "2024-06-13 17:05:01", "elapsed": 4.648921, "delta": 0.003989}}
{"target": -145.49587752976427, "params": {"gamma": 0.3607736956187603, "lr": 0.3583952446253251}, "datetime": {"datetime": "2024-06-13 17:05:01", "elapsed": 4.652911, "delta": 0.00399}}
{"target": -1403.5127419101202, "params": {"gamma": 6.383143054534976, "lr": 0.14300410951832265}, "datetime": {"datetime": "2024-06-13 17:05:01", "elapsed": 4.6569, "delta": 0.003989}}
{"target": -1710.903910896591, "params": {"gamma": 8.577528406499894, "lr": 0.6455644082734328}, "datetime": {"datetime": "2024-06-13 17:05:01", "elapsed": 4.661887, "delta": 0.004987}}
{"target": -255.12903171445586, "params": {"gamma": 1.1538189613747907, "lr": 0.2080974099989472}, "datetime": {"datetime": "2024-06-13 17:05:01", "elapsed": 4.665876, "delta": 0.003989}}
{"target": -1258.5118499275688, "params": {"gamma": 7.455237809150899, "lr": 0.40340662833417285}, "datetime": {"datetime": "2024-06-13 17:05:01", "elapsed": 4.669865, "delta": 0.003989}}
{"target": -1143.3725851288118, "params": {"gamma": 4.84521613942412, "lr": 0.8874550780727275}, "datetime": {"datetime": "2024-06-13 17:05:01", "elapsed": 4.673854, "delta": 0.003989}}
{"target": -363.05955765576937, "params": {"gamma": 1.3752980526926846, "lr": 0.9643727973861176}, "datetime": {"datetime": "2024-06-13 17:05:01", "elapsed": 4.677844, "delta": 0.00399}}
{"target": -219.86181647020047, "params": {"gamma": 0.4272541882840023, "lr": 0.09944025725488481}, "datetime": {"datetime": "2024-06-13 17:05:01", "elapsed": 4.682831, "delta": 0.004987}}
{"target": -516.2935492591328, "params": {"gamma": 2.2331610709734946, "lr": 0.8065850822605141}, "datetime": {"datetime": "2024-06-13 17:05:01", "elapsed": 4.68682, "delta": 0.003989}}
{"target": -916.1811133367223, "params": {"gamma": 4.559272200887655, "lr": 0.6532511422613194}, "datetime": {"datetime": "2024-06-13 17:05:01", "elapsed": 4.690809, "delta": 0.003989}}
{"target": -389.78461750414783, "params": {"gamma": 1.7440370540608525, "lr": 0.16672193292652826}, "datetime": {"datetime": "2024-06-13 17:05:01", "elapsed": 4.695797, "delta": 0.004988}}
{"target": -1151.9039133325687, "params": {"gamma": 5.208962557197339, "lr": 0.7402936352802216}, "datetime": {"datetime": "2024-06-13 17:05:01", "elapsed": 4.699785, "delta": 0.003988}}
{"target": -1089.8479650970057, "params": {"gamma": 4.62528217768507, "lr": 0.8696140851211128}, "datetime": {"datetime": "2024-06-13 17:05:01", "elapsed": 4.703774, "delta": 0.003989}}
{"target": -1124.0816413825687, "params": {"gamma": 6.604458934771733, "lr": 0.2490900884519328}, "datetime": {"datetime": "2024-06-13 17:05:01", "elapsed": 4.707764, "delta": 0.00399}}
{"target": -375.11856533442773, "params": {"gamma": 2.3497873058002465, "lr": 0.3740467168670696}, "datetime": {"datetime": "2024-06-13 17:05:01", "elapsed": 4.712751, "delta": 0.004987}}
{"target": -1863.332222565938, "params": {"gamma": 7.566403946905877, "lr": 0.9379376643097822}, "datetime": {"datetime": "2024-06-13 17:05:01", "elapsed": 4.71674, "delta": 0.003989}}
{"target": -1326.6527371630514, "params": {"gamma": 8.61919808718901, "lr": 0.26161079268292176}, "datetime": {"datetime": "2024-06-13 17:05:01", "elapsed": 4.720729, "delta": 0.003989}}
{"target": -830.1030442967377, "params": {"gamma": 4.12337700085772, "lr": 0.6115440994503215}, "datetime": {"datetime": "2024-06-13 17:05:01", "elapsed": 4.724718, "delta": 0.003989}}
{"target": -856.8107061573742, "params": {"gamma": 5.468797723702268, "lr": 0.3892749454089657}, "datetime": {"datetime": "2024-06-13 17:05:01", "elapsed": 4.729705, "delta": 0.004987}}
{"target": -255.73438328498347, "params": {"gamma": 1.0151063480358857, "lr": 0.7122448043972556}, "datetime": {"datetime": "2024-06-13 17:05:01", "elapsed": 4.733694, "delta": 0.003989}}
{"target": -243.24784863303847, "params": {"gamma": 0.8822635040904132, "lr": 0.8660774293737196}, "datetime": {"datetime": "2024-06-13 17:05:01", "elapsed": 4.737684, "delta": 0.00399}}
{"target": -1870.1804143188187, "params": {"gamma": 8.634620954886014, "lr": 0.7084507915153727}, "datetime": {"datetime": "2024-06-13 17:05:01", "elapsed": 4.741673, "delta": 0.003989}}
{"target": -1052.2222101700963, "params": {"gamma": 4.864759313503054, "lr": 0.6991465654129165}, "datetime": {"datetime": "2024-06-13 17:05:01", "elapsed": 4.74666, "delta": 0.004987}}
{"target": -873.0462503886358, "params": {"gamma": 3.950475613957549, "lr": 0.7974959842933487}, "datetime": {"datetime": "2024-06-13 17:05:01", "elapsed": 4.750649, "delta": 0.003989}}
{"target": -1724.1437287186864, "params": {"gamma": 7.864384405716199, "lr": 0.15552858387362167}, "datetime": {"datetime": "2024-06-13 17:05:01", "elapsed": 4.754639, "delta": 0.00399}}
{"target": -505.66156030484547, "params": {"gamma": 3.1788576859556272, "lr": 0.34398317678599033}, "datetime": {"datetime": "2024-06-13 17:05:01", "elapsed": 4.758628, "delta": 0.003989}}
{"target": -694.2834655818887, "params": {"gamma": 3.6423388162366046, "lr": 0.5666455566878987}, "datetime": {"datetime": "2024-06-13 17:05:01", "elapsed": 4.763615, "delta": 0.004987}}
{"target": -154.68579539155994, "params": {"gamma": 0.4178327377603575, "lr": 0.6599697189638991}, "datetime": {"datetime": "2024-06-13 17:05:01", "elapsed": 4.767604, "delta": 0.003989}}
{"target": -364.827700176538, "params": {"gamma": 2.0171159588072864, "lr": 0.4164625561731081}, "datetime": {"datetime": "2024-06-13 17:05:01", "elapsed": 4.771593, "delta": 0.003989}}
{"target": -703.9100502174255, "params": {"gamma": 4.5094756723505, "lr": 0.3487267695476459}, "datetime": {"datetime": "2024-06-13 17:05:01", "elapsed": 4.776579, "delta": 0.004986}}
{"target": -811.600377717327, "params": {"gamma": 3.8334198209699974, "lr": 0.18030606084775935}, "datetime": {"datetime": "2024-06-13 17:05:01", "elapsed": 4.780569, "delta": 0.00399}}
{"target": -181.47186766910244, "params": {"gamma": 0.68223244388335, "lr": 0.5512566489358516}, "datetime": {"datetime": "2024-06-13 17:05:01", "elapsed": 4.785555, "delta": 0.004986}}
{"target": -1311.7412944783744, "params": {"gamma": 5.959073589220895, "lr": 0.1454997892217088}, "datetime": {"datetime": "2024-06-13 17:05:01", "elapsed": 4.789545, "delta": 0.00399}}
{"target": -385.54457490773825, "params": {"gamma": 2.310186141512919, "lr": 0.2863771315373824}, "datetime": {"datetime": "2024-06-13 17:05:01", "elapsed": 4.793534, "delta": 0.003989}}
{"target": -1820.1117848780557, "params": {"gamma": 8.307682917677353, "lr": 0.15342094116241234}, "datetime": {"datetime": "2024-06-13 17:05:01", "elapsed": 4.798521, "delta": 0.004987}}
{"target": -1040.6669376091747, "params": {"gamma": 5.521835936727261, "lr": 0.5681397176921924}, "datetime": {"datetime": "2024-06-13 17:05:01", "elapsed": 4.80251, "delta": 0.003989}}
{"target": -543.587079465296, "params": {"gamma": 3.434857510993614, "lr": 0.3506171893069536}, "datetime": {"datetime": "2024-06-13 17:05:01", "elapsed": 4.807526, "delta": 0.005016}}
{"target": -1760.9326679225849, "params": {"gamma": 9.591161063174503, "lr": 0.5533439494595207}, "datetime": {"datetime": "2024-06-13 17:05:01", "elapsed": 4.811486, "delta": 0.00396}}
{"target": -1096.2003752375383, "params": {"gamma": 6.527659277808647, "lr": 0.4907401164444133}, "datetime": {"datetime": "2024-06-13 17:05:01", "elapsed": 4.815476, "delta": 0.00399}}
{"target": -1291.9800108124364, "params": {"gamma": 6.466853166736234, "lr": 0.605250785507062}, "datetime": {"datetime": "2024-06-13 17:05:01", "elapsed": 4.820462, "delta": 0.004986}}
{"target": -259.0303487022768, "params": {"gamma": 1.452587755908036, "lr": 0.3346805328845932}, "datetime": {"datetime": "2024-06-13 17:05:01", "elapsed": 4.824452, "delta": 0.00399}}
{"target": -1157.5418866178713, "params": {"gamma": 4.604879500595876, "lr": 0.12782166160638486}, "datetime": {"datetime": "2024-06-13 17:05:01", "elapsed": 4.828441, "delta": 0.003989}}
{"target": -630.7438828807725, "params": {"gamma": 3.6313701627213772, "lr": 0.22814163429292222}, "datetime": {"datetime": "2024-06-13 17:05:01", "elapsed": 4.83243, "delta": 0.003989}}
{"target": -1299.8425433549785, "params": {"gamma": 8.47517852010175, "lr": 0.34147408002129864}, "datetime": {"datetime": "2024-06-13 17:05:01", "elapsed": 4.837417, "delta": 0.004987}}
{"target": -404.59909070513373, "params": {"gamma": 2.268666417341983, "lr": 0.4081814028522822}, "datetime": {"datetime": "2024-06-13 17:05:01", "elapsed": 4.841406, "delta": 0.003989}}
{"target": -2646.2848263541873, "params": {"gamma": 6.830957412174848, "lr": 0.06562199896142484}, "datetime": {"datetime": "2024-06-13 17:05:01", "elapsed": 4.845396, "delta": 0.00399}}
{"target": -409.8828776651635, "params": {"gamma": 1.8081114068162947, "lr": 0.6943069389237286}, "datetime": {"datetime": "2024-06-13 17:05:01", "elapsed": 4.850382, "delta": 0.004986}}
{"target": -1500.426554487858, "params": {"gamma": 7.522813791436128, "lr": 0.6177542796100679}, "datetime": {"datetime": "2024-06-13 17:05:01", "elapsed": 4.854372, "delta": 0.00399}}
{"target": -1831.9760929498636, "params": {"gamma": 8.792106406805418, "lr": 0.16880019007759361}, "datetime": {"datetime": "2024-06-13 17:05:01", "elapsed": 4.85836, "delta": 0.003988}}
{"target": -1733.653759885024, "params": {"gamma": 7.0357737742820845, "lr": 0.9172601590800086}, "datetime": {"datetime": "2024-06-13 17:05:01", "elapsed": 4.863348, "delta": 0.004988}}
{"target": -289.94894905574114, "params": {"gamma": 1.508245851371479, "lr": 0.24376397739618116}, "datetime": {"datetime": "2024-06-13 17:05:01", "elapsed": 4.867337, "delta": 0.003989}}
{"target": -847.5588728509297, "params": {"gamma": 5.467299036335953, "lr": 0.3441193369759975}, "datetime": {"datetime": "2024-06-13 17:05:01", "elapsed": 4.872324, "delta": 0.004987}}
{"target": -2675.141221332471, "params": {"gamma": 6.90670016874316, "lr": 0.05756761842510749}, "datetime": {"datetime": "2024-06-13 17:05:01", "elapsed": 4.879305, "delta": 0.006981}}
{"target": -368.9302421021093, "params": {"gamma": 1.6084806590922747, "lr": 0.7162383064796215}, "datetime": {"datetime": "2024-06-13 17:05:01", "elapsed": 4.885289, "delta": 0.005984}}
{"target": -2386.396369704269, "params": {"gamma": 9.706216365641005, "lr": 0.9295503765123406}, "datetime": {"datetime": "2024-06-13 17:05:01", "elapsed": 4.890275, "delta": 0.004986}}
{"target": -2247.500085342526, "params": {"gamma": 9.010768867234715, "lr": 0.12774331390359328}, "datetime": {"datetime": "2024-06-13 17:05:01", "elapsed": 4.894265, "delta": 0.00399}}
{"target": -605.8465319528032, "params": {"gamma": 1.4601432517979631, "lr": 0.07226475681487265}, "datetime": {"datetime": "2024-06-13 17:05:01", "elapsed": 4.898254, "delta": 0.003989}}
{"target": -1278.4589440908278, "params": {"gamma": 5.425859791214765, "lr": 0.8824861729023715}, "datetime": {"datetime": "2024-06-13 17:05:01", "elapsed": 4.903241, "delta": 0.004987}}
{"target": -1167.848904569933, "params": {"gamma": 5.318387208768819, "lr": 0.7817152853959399}, "datetime": {"datetime": "2024-06-13 17:05:01", "elapsed": 4.911219, "delta": 0.007978}}
{"target": -459.8813817479763, "params": {"gamma": 1.8853494153257044, "lr": 0.863111260166335}, "datetime": {"datetime": "2024-06-13 17:05:01", "elapsed": 4.918841, "delta": 0.007622}}
{"target": -761.6691868581636, "params": {"gamma": 1.8750602824827893, "lr": 0.054764126066523255}, "datetime": {"datetime": "2024-06-13 17:05:01", "elapsed": 4.922826, "delta": 0.003985}}
{"target": -786.2818360433349, "params": {"gamma": 4.215488613270554, "lr": 0.5551044300084385}, "datetime": {"datetime": "2024-06-13 17:05:01", "elapsed": 4.927813, "delta": 0.004987}}
{"target": -3430.886830256076, "params": {"gamma": 9.707449353204424, "lr": 0.09175383344119148}, "datetime": {"datetime": "2024-06-13 17:05:01", "elapsed": 4.931803, "delta": 0.00399}}
{"target": -940.0363664601471, "params": {"gamma": 2.7399070142023203, "lr": 0.10510706908204948}, "datetime": {"datetime": "2024-06-13 17:05:01", "elapsed": 4.935792, "delta": 0.003989}}
{"target": -626.9016598690584, "params": {"gamma": 3.9050059277394262, "lr": 0.2890110831877697}, "datetime": {"datetime": "2024-06-13 17:05:01", "elapsed": 4.940778, "delta": 0.004986}}
{"target": -797.4521330550631, "params": {"gamma": 5.133490194329599, "lr": 0.348256681750747}, "datetime": {"datetime": "2024-06-13 17:05:01", "elapsed": 4.944768, "delta": 0.00399}}
{"target": -2023.7347795956955, "params": {"gamma": 9.28235195448276, "lr": 0.7899477963830404}, "datetime": {"datetime": "2024-06-13 17:05:01", "elapsed": 4.948757, "delta": 0.003989}}
{"target": -2148.37534031417, "params": {"gamma": 8.610252674771141, "lr": 0.12950094594289585}, "datetime": {"datetime": "2024-06-13 17:05:01", "elapsed": 4.953744, "delta": 0.004987}}
{"target": -1069.8156532887183, "params": {"gamma": 5.751126599720151, "lr": 0.21478253588485874}, "datetime": {"datetime": "2024-06-13 17:05:01", "elapsed": 4.957733, "delta": 0.003989}}
{"target": -3351.710832326266, "params": {"gamma": 8.682517475837448, "lr": 0.015019421753424078}, "datetime": {"datetime": "2024-06-13 17:05:01", "elapsed": 4.961723, "delta": 0.00399}}
{"target": -209.990687743705, "params": {"gamma": 1.0583364070853916, "lr": 0.3760570755473156}, "datetime": {"datetime": "2024-06-13 17:05:02", "elapsed": 4.966747, "delta": 0.005024}}
{"target": -631.420621726124, "params": {"gamma": 4.021536967025843, "lr": 0.2772200829786826}, "datetime": {"datetime": "2024-06-13 17:05:02", "elapsed": 4.970699, "delta": 0.003952}}
{"target": -328.885142857244, "params": {"gamma": 0.9615339246006319, "lr": 0.11873040511259358}, "datetime": {"datetime": "2024-06-13 17:05:02", "elapsed": 4.975685, "delta": 0.004986}}
{"target": -793.5923006735813, "params": {"gamma": 3.1801295937194918, "lr": 0.9507928340777205}, "datetime": {"datetime": "2024-06-13 17:05:02", "elapsed": 4.979675, "delta": 0.00399}}
{"target": -474.8785891623453, "params": {"gamma": 2.0748582416284203, "lr": 0.7472803210592225}, "datetime": {"datetime": "2024-06-13 17:05:02", "elapsed": 4.983664, "delta": 0.003989}}
{"target": -1029.3099722901147, "params": {"gamma": 2.5826284514108324, "lr": 0.03724025561078481}, "datetime": {"datetime": "2024-06-13 17:05:02", "elapsed": 4.98865, "delta": 0.004986}}
