{"target": -529.4175391577918, "params": {"gamma": 5.695374633041013, "prior": 1.693617224474527, "rate": 4.6693333476103005}, "datetime": {"datetime": "2024-06-14 11:40:37", "elapsed": 0.885348, "delta": 0.008976}}
{"target": -350.8825836402544, "params": {"gamma": 3.452375339500995, "prior": 2.327895582359438, "rate": 5.925526175789202}, "datetime": {"datetime": "2024-06-14 11:40:37", "elapsed": 0.894324, "delta": 0.008976}}
{"target": -232.88610566865816, "params": {"gamma": 3.1233861071814677, "prior": 9.171424979336672, "rate": 9.09644561399062}, "datetime": {"datetime": "2024-06-14 11:40:37", "elapsed": 0.9033, "delta": 0.008976}}
{"target": -249.52219559511906, "params": {"gamma": 2.57192581952818, "prior": 1.1978238773658891, "rate": 1.9304343574591094}, "datetime": {"datetime": "2024-06-14 11:40:37", "elapsed": 0.911278, "delta": 0.007978}}
{"target": -239.56382698505115, "params": {"gamma": 4.996342122618183, "prior": 7.312998112948502, "rate": 2.082736189649506}, "datetime": {"datetime": "2024-06-14 11:40:37", "elapsed": 0.920255, "delta": 0.008977}}
{"target": -178.95946933676177, "params": {"gamma": 2.48108755021393, "prior": 8.531551561870033, "rate": 4.159071333957006}, "datetime": {"datetime": "2024-06-14 11:40:37", "elapsed": 0.92923, "delta": 0.008975}}
{"target": -290.981337974198, "params": {"gamma": 6.167233986485208, "prior": 2.413294778468576, "rate": 1.0205706269985484}, "datetime": {"datetime": "2024-06-14 11:40:37", "elapsed": 0.937209, "delta": 0.007979}}
{"target": -247.25538807087617, "params": {"gamma": 5.159054312668331, "prior": 4.8236957717928455, "rate": 1.5275637692875392}, "datetime": {"datetime": "2024-06-14 11:40:37", "elapsed": 0.946185, "delta": 0.008976}}
{"target": -377.196540407045, "params": {"gamma": 6.218440511172415, "prior": 5.485700176257987, "rate": 6.541719332360473}, "datetime": {"datetime": "2024-06-14 11:40:37", "elapsed": 0.955162, "delta": 0.008977}}
{"target": -150.94785406026762, "params": {"gamma": 1.4463108557064734, "prior": 7.540125389638914, "rate": 2.221269348859427}, "datetime": {"datetime": "2024-06-14 11:40:38", "elapsed": 0.96314, "delta": 0.007978}}
{"target": -240.31802283719315, "params": {"gamma": 5.193998891835965, "prior": 7.8744306793940275, "rate": 0.22428194949007}, "datetime": {"datetime": "2024-06-14 11:40:38", "elapsed": 0.972116, "delta": 0.008976}}
{"target": -235.31297339725535, "params": {"gamma": 3.2443002348021386, "prior": 8.7419315263611, "rate": 8.447251366413093}, "datetime": {"datetime": "2024-06-14 11:40:38", "elapsed": 0.981092, "delta": 0.008976}}
{"target": -330.09294598683726, "params": {"gamma": 5.384867485352843, "prior": 8.67942191424848, "rate": 9.498110107544912}, "datetime": {"datetime": "2024-06-14 11:40:38", "elapsed": 0.990068, "delta": 0.008976}}
{"target": -333.1506365657244, "params": {"gamma": 8.264243569295784, "prior": 8.555742893981733, "rate": 0.9883352748016633}, "datetime": {"datetime": "2024-06-14 11:40:38", "elapsed": 0.999044, "delta": 0.008976}}
{"target": -347.76281925077234, "params": {"gamma": 6.51339201907757, "prior": 7.064818182711264, "rate": 6.102797885653651}, "datetime": {"datetime": "2024-06-14 11:40:38", "elapsed": 1.00802, "delta": 0.008976}}
{"target": -1166.9004348528954, "params": {"gamma": 7.996353002098545, "prior": 0.4422550767291791, "rate": 7.702617106815245}, "datetime": {"datetime": "2024-06-14 11:40:38", "elapsed": 1.016996, "delta": 0.008976}}
{"target": -391.77383479807486, "params": {"gamma": 7.317554278794531, "prior": 2.671014093653696, "rate": 2.571435918922645}, "datetime": {"datetime": "2024-06-14 11:40:38", "elapsed": 1.025851, "delta": 0.008855}}
{"target": -524.9420240834843, "params": {"gamma": 6.323400870983849, "prior": 3.5184448697517077, "rate": 7.966090191394868}, "datetime": {"datetime": "2024-06-14 11:40:38", "elapsed": 1.033832, "delta": 0.007981}}
{"target": -309.765951033272, "params": {"gamma": 4.46201617380257, "prior": 7.849219206363302, "rate": 9.904727364454784}, "datetime": {"datetime": "2024-06-14 11:40:38", "elapsed": 1.042808, "delta": 0.008976}}
{"target": -409.3638966882012, "params": {"gamma": 3.0031831469994668, "prior": 1.515757699755184, "rate": 9.01318305505639}, "datetime": {"datetime": "2024-06-14 11:40:38", "elapsed": 1.051792, "delta": 0.008984}}
{"target": -284.802098366726, "params": {"gamma": 5.416052229494846, "prior": 9.749929671465313, "rate": 6.366407395618971}, "datetime": {"datetime": "2024-06-14 11:40:38", "elapsed": 1.059765, "delta": 0.007973}}
{"target": -498.89031804881387, "params": {"gamma": 9.939136333080178, "prior": 5.506100961015221, "rate": 5.264732913121308}, "datetime": {"datetime": "2024-06-14 11:40:38", "elapsed": 1.068741, "delta": 0.008976}}
{"target": -146.01074999690155, "params": {"gamma": 1.3551436028186268, "prior": 3.6214811927404233, "rate": 0.2631594543964365}, "datetime": {"datetime": "2024-06-14 11:40:38", "elapsed": 1.077853, "delta": 0.009112}}
{"target": -149.14483843882445, "params": {"gamma": 1.6047914000169714, "prior": 7.481808207804211, "rate": 0.3049664995979595}, "datetime": {"datetime": "2024-06-14 11:40:38", "elapsed": 1.086832, "delta": 0.008979}}
{"target": -236.84815917703543, "params": {"gamma": 3.6660644293402, "prior": 8.637227903096637, "rate": 6.927084497356036}, "datetime": {"datetime": "2024-06-14 11:40:38", "elapsed": 1.095815, "delta": 0.008983}}
{"target": -562.4138155840996, "params": {"gamma": 6.90973047851962, "prior": 1.9675043294575778, "rate": 4.419600903203486}, "datetime": {"datetime": "2024-06-14 11:40:38", "elapsed": 1.104791, "delta": 0.008976}}
{"target": -260.7021183864155, "params": {"gamma": 5.816192496035568, "prior": 9.898541905870681, "rate": 2.0398583461059854}, "datetime": {"datetime": "2024-06-14 11:40:38", "elapsed": 1.113766, "delta": 0.008975}}
{"target": -292.4411844724521, "params": {"gamma": 2.478081284721786, "prior": 2.695513529351828, "rate": 7.50197396056663}, "datetime": {"datetime": "2024-06-14 11:40:38", "elapsed": 1.122743, "delta": 0.008977}}
{"target": -611.2721409941939, "params": {"gamma": 4.570296299029493, "prior": 0.6636014402698404, "rate": 5.085653889861787}, "datetime": {"datetime": "2024-06-14 11:40:38", "elapsed": 1.131719, "delta": 0.008976}}
{"target": -164.74785275827324, "params": {"gamma": 2.120389686272116, "prior": 8.006182023126081, "rate": 2.9740164836912153}, "datetime": {"datetime": "2024-06-14 11:40:38", "elapsed": 1.139697, "delta": 0.007978}}
{"target": -151.96694642372836, "params": {"gamma": 0.2770325135330818, "prior": 5.9749812496997485, "rate": 8.438560448882956}, "datetime": {"datetime": "2024-06-14 11:40:38", "elapsed": 1.148673, "delta": 0.008976}}
{"target": -231.57789175097062, "params": {"gamma": 3.81078022449808, "prior": 7.52359727618882, "rate": 5.111903641492986}, "datetime": {"datetime": "2024-06-14 11:40:38", "elapsed": 1.157649, "delta": 0.008976}}
{"target": -302.77001070051983, "params": {"gamma": 5.409977097816925, "prior": 9.598399778511348, "rate": 8.039804954094969}, "datetime": {"datetime": "2024-06-14 11:40:38", "elapsed": 1.166625, "delta": 0.008976}}
{"target": -148.4335074170741, "params": {"gamma": 0.3241983431691163, "prior": 7.1229337871898215, "rate": 4.650549814153498}, "datetime": {"datetime": "2024-06-14 11:40:38", "elapsed": 1.175601, "delta": 0.008976}}
{"target": -514.4219515293828, "params": {"gamma": 9.475541865009603, "prior": 2.2921840698025346, "rate": 2.6714531248239735}, "datetime": {"datetime": "2024-06-14 11:40:38", "elapsed": 1.184577, "delta": 0.008976}}
{"target": -145.15911124304364, "params": {"gamma": 0.8156581748077427, "prior": 4.343326403771487, "rate": 1.091078621426664}, "datetime": {"datetime": "2024-06-14 11:40:38", "elapsed": 1.193062, "delta": 0.008485}}
{"target": -341.178805330879, "params": {"gamma": 6.3382338193585674, "prior": 8.049336050000004, "rate": 6.968308160705665}, "datetime": {"datetime": "2024-06-14 11:40:38", "elapsed": 1.202038, "delta": 0.008976}}
{"target": -638.6359573429783, "params": {"gamma": 7.66234759937663, "prior": 3.4902957864508464, "rate": 8.45866897879375}, "datetime": {"datetime": "2024-06-14 11:40:38", "elapsed": 1.210017, "delta": 0.007979}}
{"target": -254.5523797459931, "params": {"gamma": 4.2882589812194265, "prior": 8.257697717081955, "rate": 6.265335090084314}, "datetime": {"datetime": "2024-06-14 11:40:38", "elapsed": 1.218992, "delta": 0.008975}}
{"target": -148.61508371986508, "params": {"gamma": 1.435087063653779, "prior": 0.8760303085639848, "rate": 0.1843080964871599}, "datetime": {"datetime": "2024-06-14 11:40:38", "elapsed": 1.227968, "delta": 0.008976}}
{"target": -144.7764451248212, "params": {"gamma": 0.6681832513959254, "prior": 4.639979755713475, "rate": 1.1343058857531372}, "datetime": {"datetime": "2024-06-14 11:40:38", "elapsed": 1.236945, "delta": 0.008977}}
{"target": -147.40491157695197, "params": {"gamma": 0.27880570513785086, "prior": 7.573128665765627, "rate": 3.949109954125934}, "datetime": {"datetime": "2024-06-14 11:40:38", "elapsed": 1.244885, "delta": 0.00794}}
{"target": -400.65198019271867, "params": {"gamma": 7.469638017579644, "prior": 4.57880778478987, "rate": 4.501417383260611}, "datetime": {"datetime": "2024-06-14 11:40:38", "elapsed": 1.253861, "delta": 0.008976}}
{"target": -367.3264494438673, "params": {"gamma": 4.7812469946715925, "prior": 4.79263887296572, "rate": 8.031830257799582}, "datetime": {"datetime": "2024-06-14 11:40:38", "elapsed": 1.262624, "delta": 0.008763}}
{"target": -205.14279944660203, "params": {"gamma": 4.024522806057501, "prior": 9.056392987401868, "rate": 0.3715734184924046}, "datetime": {"datetime": "2024-06-14 11:40:38", "elapsed": 1.2716, "delta": 0.008976}}
{"target": -854.5614924472156, "params": {"gamma": 7.738969552861467, "prior": 1.3438496732636145, "rate": 6.185517155553943}, "datetime": {"datetime": "2024-06-14 11:40:38", "elapsed": 1.280576, "delta": 0.008976}}
{"target": -146.1581592190753, "params": {"gamma": 0.10463224909098416, "prior": 5.4324100975058345, "rate": 0.031176548239344033}, "datetime": {"datetime": "2024-06-14 11:40:38", "elapsed": 1.288555, "delta": 0.007979}}
{"target": -470.0839906912907, "params": {"gamma": 9.511986661116556, "prior": 9.063480133657503, "rate": 7.959873452480752}, "datetime": {"datetime": "2024-06-14 11:40:38", "elapsed": 1.298038, "delta": 0.009483}}
{"target": -476.3235439213295, "params": {"gamma": 9.15282792482796, "prior": 1.541026488468131, "rate": 1.5781429686354622}, "datetime": {"datetime": "2024-06-14 11:40:38", "elapsed": 1.306016, "delta": 0.007978}}
{"target": -209.54534696534498, "params": {"gamma": 1.8771290973514374, "prior": 6.262709432769219, "rate": 9.05818915058701}, "datetime": {"datetime": "2024-06-14 11:40:38", "elapsed": 1.314992, "delta": 0.008976}}
{"target": -507.9976051175615, "params": {"gamma": 9.899561828412377, "prior": 7.1401123417815775, "rate": 7.318272291013812}, "datetime": {"datetime": "2024-06-14 11:40:38", "elapsed": 1.32397, "delta": 0.008978}}
{"target": -421.445385487933, "params": {"gamma": 9.093022752238, "prior": 4.0686499504740965, "rate": 2.4992569515701426}, "datetime": {"datetime": "2024-06-14 11:40:38", "elapsed": 1.332944, "delta": 0.008974}}
{"target": -284.92680579234036, "params": {"gamma": 1.7351282777004415, "prior": 1.2826247983039172, "rate": 8.126293269740254}, "datetime": {"datetime": "2024-06-14 11:40:38", "elapsed": 1.34192, "delta": 0.008976}}
{"target": -226.8369342276501, "params": {"gamma": 1.4687769417990144, "prior": 2.716545078996317, "rate": 8.191072697156674}, "datetime": {"datetime": "2024-06-14 11:40:38", "elapsed": 1.350896, "delta": 0.008976}}
{"target": -182.6795937276923, "params": {"gamma": 3.106561930690306, "prior": 9.825932748000135, "rate": 2.6671203828142005}, "datetime": {"datetime": "2024-06-14 11:40:38", "elapsed": 1.358875, "delta": 0.007979}}
{"target": -508.1658696850103, "params": {"gamma": 5.336999796367143, "prior": 3.2132234107399116, "rate": 9.1078175389072}, "datetime": {"datetime": "2024-06-14 11:40:38", "elapsed": 1.367851, "delta": 0.008976}}
{"target": -267.60800209820536, "params": {"gamma": 3.666199881868493, "prior": 4.392564040004329, "rate": 5.123414630091336}, "datetime": {"datetime": "2024-06-14 11:40:38", "elapsed": 1.376885, "delta": 0.009034}}
{"target": -1364.5404567550452, "params": {"gamma": 9.388925887219763, "prior": 0.4063951620843921, "rate": 7.1690697576532605}, "datetime": {"datetime": "2024-06-14 11:40:38", "elapsed": 1.384893, "delta": 0.008008}}
{"target": -1261.9138869024214, "params": {"gamma": 8.910298523969097, "prior": 0.37014351282294133, "rate": 5.220990421277856}, "datetime": {"datetime": "2024-06-14 11:40:38", "elapsed": 1.394346, "delta": 0.009453}}
{"target": -211.61049224606197, "params": {"gamma": 3.2605721278884827, "prior": 8.6089442765693, "rate": 5.585606992674257}, "datetime": {"datetime": "2024-06-14 11:40:38", "elapsed": 1.402325, "delta": 0.007979}}
{"target": -433.6823316888453, "params": {"gamma": 6.902588453759316, "prior": 4.58324964952022, "rate": 6.2834620661760505}, "datetime": {"datetime": "2024-06-14 11:40:38", "elapsed": 1.4113, "delta": 0.008975}}
{"target": -485.68364696295015, "params": {"gamma": 2.901678420022571, "prior": 0.19255092186850625, "rate": 5.767982593935921}, "datetime": {"datetime": "2024-06-14 11:40:38", "elapsed": 1.41981, "delta": 0.00851}}
{"target": -285.4689404797395, "params": {"gamma": 3.1151306971104957, "prior": 5.220949225161185, "rate": 9.164142124685924}, "datetime": {"datetime": "2024-06-14 11:40:38", "elapsed": 1.428786, "delta": 0.008976}}
{"target": -319.92110614963326, "params": {"gamma": 4.265321410225459, "prior": 2.549220762363616, "rate": 3.7135663190292654}, "datetime": {"datetime": "2024-06-14 11:40:38", "elapsed": 1.437763, "delta": 0.008977}}
{"target": -465.1383837122589, "params": {"gamma": 9.31867930524877, "prior": 9.374996974960027, "rate": 8.443455155708566}, "datetime": {"datetime": "2024-06-14 11:40:38", "elapsed": 1.446738, "delta": 0.008975}}
{"target": -397.22405390855886, "params": {"gamma": 9.202144936542298, "prior": 2.356212870518038, "rate": 0.8757346133263552}, "datetime": {"datetime": "2024-06-14 11:40:38", "elapsed": 1.455715, "delta": 0.008977}}
{"target": -177.13924458997033, "params": {"gamma": 2.273870053110603, "prior": 3.2123284995290997, "rate": 1.7484839976867594}, "datetime": {"datetime": "2024-06-14 11:40:38", "elapsed": 1.464691, "delta": 0.008976}}
{"target": -470.8411353807157, "params": {"gamma": 6.071334525562633, "prior": 4.194505508511497, "rate": 8.163698766760314}, "datetime": {"datetime": "2024-06-14 11:40:38", "elapsed": 1.473667, "delta": 0.008976}}
{"target": -158.45709514515323, "params": {"gamma": 1.8521188522920375, "prior": 7.048577644587473, "rate": 2.4043158928665394}, "datetime": {"datetime": "2024-06-14 11:40:38", "elapsed": 1.482624, "delta": 0.008957}}
{"target": -255.44023433579991, "params": {"gamma": 5.742616669319757, "prior": 3.55497721248581, "rate": 0.5705870304288444}, "datetime": {"datetime": "2024-06-14 11:40:38", "elapsed": 1.4916, "delta": 0.008976}}
{"target": -189.1513281093905, "params": {"gamma": 2.288907895932798, "prior": 6.674615298012455, "rate": 4.973003683511953}, "datetime": {"datetime": "2024-06-14 11:40:38", "elapsed": 1.500576, "delta": 0.008976}}
{"target": -517.1706635853764, "params": {"gamma": 5.190640824752714, "prior": 1.8297294860783329, "rate": 5.7075877996110185}, "datetime": {"datetime": "2024-06-14 11:40:38", "elapsed": 1.509552, "delta": 0.008976}}
{"target": -469.6386139138974, "params": {"gamma": 9.967537498656892, "prior": 8.186667577037056, "rate": 5.944131865685947}, "datetime": {"datetime": "2024-06-14 11:40:38", "elapsed": 1.518362, "delta": 0.00881}}
{"target": -453.38971188640176, "params": {"gamma": 9.759914694240718, "prior": 9.025469588226281, "rate": 5.956483728092853}, "datetime": {"datetime": "2024-06-14 11:40:38", "elapsed": 1.526338, "delta": 0.007976}}
{"target": -148.33175914109242, "params": {"gamma": 0.32523082681925664, "prior": 1.0264132485930595, "rate": 0.6546517787072217}, "datetime": {"datetime": "2024-06-14 11:40:38", "elapsed": 1.535317, "delta": 0.008979}}
{"target": -426.40534735504934, "params": {"gamma": 4.517879753766062, "prior": 3.816804848361792, "rate": 9.753524992668595}, "datetime": {"datetime": "2024-06-14 11:40:38", "elapsed": 1.544296, "delta": 0.008979}}
{"target": -174.70549372024848, "params": {"gamma": 1.6806649487029495, "prior": 9.730597160133286, "rate": 7.674981213761269}, "datetime": {"datetime": "2024-06-14 11:40:38", "elapsed": 1.553274, "delta": 0.008978}}
{"target": -442.28946532608154, "params": {"gamma": 8.242554158405353, "prior": 6.362896586102173, "rate": 6.6876589692971145}, "datetime": {"datetime": "2024-06-14 11:40:38", "elapsed": 1.562256, "delta": 0.008982}}
{"target": -708.4548742701556, "params": {"gamma": 4.769346452878413, "prior": 0.23004993353841524, "rate": 3.530707849332706}, "datetime": {"datetime": "2024-06-14 11:40:38", "elapsed": 1.570231, "delta": 0.007975}}
{"target": -265.9556546840663, "params": {"gamma": 4.9212259431340915, "prior": 7.327902989792033, "rate": 4.686814799118347}, "datetime": {"datetime": "2024-06-14 11:40:38", "elapsed": 1.579207, "delta": 0.008976}}
{"target": -218.937876575228, "params": {"gamma": 4.574591755978228, "prior": 1.4628611353614713, "rate": 0.10987644930098642}, "datetime": {"datetime": "2024-06-14 11:40:38", "elapsed": 1.588186, "delta": 0.008979}}
{"target": -704.7574099915296, "params": {"gamma": 7.583024326509486, "prior": 3.267533096969016, "rate": 9.843850118484914}, "datetime": {"datetime": "2024-06-14 11:40:38", "elapsed": 1.597164, "delta": 0.008978}}
{"target": -227.25824453800433, "params": {"gamma": 2.2031220273654006, "prior": 3.453209452268629, "rate": 5.239437460525651}, "datetime": {"datetime": "2024-06-14 11:40:38", "elapsed": 1.606143, "delta": 0.008979}}
{"target": -324.86751939055654, "params": {"gamma": 7.549159679148268, "prior": 4.692192060612927, "rate": 1.2491006085736511}, "datetime": {"datetime": "2024-06-14 11:40:38", "elapsed": 1.615121, "delta": 0.008978}}
{"target": -257.17062953519826, "params": {"gamma": 3.125701283542003, "prior": 5.094739780039847, "rate": 6.73881623116066}, "datetime": {"datetime": "2024-06-14 11:40:38", "elapsed": 1.624099, "delta": 0.008978}}
{"target": -319.44329617658883, "params": {"gamma": 7.70172941316461, "prior": 1.3903242314481075, "rate": 0.23012839809249527}, "datetime": {"datetime": "2024-06-14 11:40:38", "elapsed": 1.633076, "delta": 0.008977}}
{"target": -241.94367060981133, "params": {"gamma": 5.191304139797683, "prior": 8.118888235557922, "rate": 0.12702506653173326}, "datetime": {"datetime": "2024-06-14 11:40:38", "elapsed": 1.64206, "delta": 0.008984}}
{"target": -333.1387243247291, "params": {"gamma": 6.725025976692686, "prior": 6.899401443904219, "rate": 4.49301828911279}, "datetime": {"datetime": "2024-06-14 11:40:38", "elapsed": 1.651031, "delta": 0.008971}}
{"target": -364.18946903216033, "params": {"gamma": 9.1479720787326, "prior": 6.47917473909423, "rate": 0.05339313667700704}, "datetime": {"datetime": "2024-06-14 11:40:38", "elapsed": 1.660011, "delta": 0.00898}}
{"target": -294.65008657412415, "params": {"gamma": 4.844800026698242, "prior": 8.60724628036624, "rate": 8.304165300803357}, "datetime": {"datetime": "2024-06-14 11:40:38", "elapsed": 1.669018, "delta": 0.009007}}
{"target": -345.8749354268449, "params": {"gamma": 6.491892816927667, "prior": 6.769614396596453, "rate": 5.7854172983122165}, "datetime": {"datetime": "2024-06-14 11:40:38", "elapsed": 1.677965, "delta": 0.008947}}
{"target": -232.1909078929888, "params": {"gamma": 2.741923631893355, "prior": 5.649246906306982, "rate": 6.717626118389386}, "datetime": {"datetime": "2024-06-14 11:40:38", "elapsed": 1.686944, "delta": 0.008979}}
{"target": -191.80228757573732, "params": {"gamma": 3.5249438725338718, "prior": 8.572700835813885, "rate": 1.9511798226010642}, "datetime": {"datetime": "2024-06-14 11:40:38", "elapsed": 1.694925, "delta": 0.007981}}
{"target": -648.94664453577, "params": {"gamma": 7.473460782508901, "prior": 2.9670671872500867, "rate": 7.738219073154577}, "datetime": {"datetime": "2024-06-14 11:40:38", "elapsed": 1.704194, "delta": 0.009269}}
{"target": -227.45580761263895, "params": {"gamma": 4.277945556031427, "prior": 8.096214250210874, "rate": 3.535995091817236}, "datetime": {"datetime": "2024-06-14 11:40:38", "elapsed": 1.713173, "delta": 0.008979}}
{"target": -166.5067888770127, "params": {"gamma": 2.137718683058182, "prior": 7.696116633375489, "rate": 3.0871108343588807}, "datetime": {"datetime": "2024-06-14 11:40:38", "elapsed": 1.721151, "delta": 0.007978}}
{"target": -320.45418091429843, "params": {"gamma": 7.332717432196549, "prior": 7.4702842154695475, "rate": 2.2147456123811025}, "datetime": {"datetime": "2024-06-14 11:40:38", "elapsed": 1.730127, "delta": 0.008976}}
{"target": -181.90056296469638, "params": {"gamma": 2.141907256069664, "prior": 2.0695844419279603, "rate": 1.4260408593206808}, "datetime": {"datetime": "2024-06-14 11:40:38", "elapsed": 1.739282, "delta": 0.009155}}
{"target": -399.661991953716, "params": {"gamma": 3.7714489094741337, "prior": 0.3636160584470526, "rate": 1.110092769973372}, "datetime": {"datetime": "2024-06-14 11:40:38", "elapsed": 1.748283, "delta": 0.009001}}
{"target": -284.26028763598845, "params": {"gamma": 6.745965673610343, "prior": 8.017787715284124, "rate": 0.8062147417567307}, "datetime": {"datetime": "2024-06-14 11:40:38", "elapsed": 1.757233, "delta": 0.00895}}
{"target": -315.0982692277643, "params": {"gamma": 2.3177914025474347, "prior": 2.1554940518577625, "rate": 9.173418297253225}, "datetime": {"datetime": "2024-06-14 11:40:38", "elapsed": 1.766212, "delta": 0.008979}}
