{"target": -190.95222807942545, "params": {"gamma": 0.9168564269132811, "lr": 0.27367730380496647}, "datetime": {"datetime": "2024-06-13 21:42:40", "elapsed": 8.190329, "delta": 0.004987}}
{"target": -1418.9743682644205, "params": {"gamma": 8.866591497643999, "lr": 0.2459443412735529}, "datetime": {"datetime": "2024-06-13 21:42:40", "elapsed": 8.195315, "delta": 0.004986}}
{"target": -818.2841881548903, "params": {"gamma": 6.212272679321877, "lr": 0.49500739584280073}, "datetime": {"datetime": "2024-06-13 21:42:40", "elapsed": 8.200303, "delta": 0.004988}}
{"target": -209.7560205895379, "params": {"gamma": 0.9446309868062094, "lr": 0.8993685313928761}, "datetime": {"datetime": "2024-06-13 21:42:40", "elapsed": 8.204291, "delta": 0.003988}}
{"target": -163.78095144316757, "params": {"gamma": 0.6786405537486796, "lr": 0.680702325466581}, "datetime": {"datetime": "2024-06-13 21:42:40", "elapsed": 8.209278, "delta": 0.004987}}
{"target": -1552.4693890684434, "params": {"gamma": 9.720009401703859, "lr": 0.709373790820744}, "datetime": {"datetime": "2024-06-13 21:42:40", "elapsed": 8.214265, "delta": 0.004987}}
{"target": -812.3747120250944, "params": {"gamma": 3.2597612958632975, "lr": 0.07344016636799866}, "datetime": {"datetime": "2024-06-13 21:42:40", "elapsed": 8.219251, "delta": 0.004986}}
{"target": -963.0979324415042, "params": {"gamma": 5.797790733426387, "lr": 0.7335170182530933}, "datetime": {"datetime": "2024-06-13 21:42:40", "elapsed": 8.224237, "delta": 0.004986}}
{"target": -336.9098626723394, "params": {"gamma": 1.7569187206082415, "lr": 0.9997537973236718}, "datetime": {"datetime": "2024-06-13 21:43:11", "elapsed": 39.56105, "delta": 31.336813}}
{"target": -155.5098201279978, "params": {"gamma": 0.5377099991436616, "lr": 0.8480245360431088}, "datetime": {"datetime": "2024-06-13 21:43:39", "elapsed": 67.860318, "delta": 28.299268}}
{"target": -146.2540550981487, "params": {"gamma": 0.001, "lr": 0.0}, "datetime": {"datetime": "2024-06-13 21:43:56", "elapsed": 84.426254, "delta": 16.565936}}
{"target": -207.94094523057558, "params": {"gamma": 0.9254224820487047, "lr": 0.9872254773367676}, "datetime": {"datetime": "2024-06-13 21:44:33", "elapsed": 121.289512, "delta": 36.863258}}
{"target": -141.39064119807267, "params": {"gamma": 0.06015614373944889, "lr": 0.9327220747026002}, "datetime": {"datetime": "2024-06-13 21:45:00", "elapsed": 148.413976, "delta": 27.124464}}
{"target": -198.06075987620144, "params": {"gamma": 0.5831838001744246, "lr": 0.004366867254289697}, "datetime": {"datetime": "2024-06-13 21:45:32", "elapsed": 180.146429, "delta": 31.732453}}
{"target": -153.30812273993686, "params": {"gamma": 0.6135011071994, "lr": 0.6043570156549147}, "datetime": {"datetime": "2024-06-13 21:45:55", "elapsed": 203.535084, "delta": 23.388655}}
{"target": -317.62559584311686, "params": {"gamma": 1.6380465426115112, "lr": 0.9989729317783835}, "datetime": {"datetime": "2024-06-13 21:46:31", "elapsed": 238.938637, "delta": 35.403553}}
{"target": -891.5047525190791, "params": {"gamma": 5.532459911594318, "lr": 0.7020481994531945}, "datetime": {"datetime": "2024-06-13 21:46:41", "elapsed": 248.906427, "delta": 9.96779}}
{"target": -224.65489876800933, "params": {"gamma": 1.4853000029868202, "lr": 0.4066836824442297}, "datetime": {"datetime": "2024-06-13 21:46:50", "elapsed": 258.450715, "delta": 9.544288}}
{"target": -141.44142667061462, "params": {"gamma": 0.05936622517852653, "lr": 0.9993214888081977}, "datetime": {"datetime": "2024-06-13 21:47:29", "elapsed": 297.736052, "delta": 39.285337}}
{"target": -150.89984998848277, "params": {"gamma": 0.5387136518463909, "lr": 0.6820040167385889}, "datetime": {"datetime": "2024-06-13 21:48:04", "elapsed": 332.407675, "delta": 34.671623}}
{"target": -173.07237203499287, "params": {"gamma": 0.7668525214244757, "lr": 0.6984550291447513}, "datetime": {"datetime": "2024-06-13 21:48:33", "elapsed": 361.177584, "delta": 28.769909}}
{"target": -145.76362365611962, "params": {"gamma": 0.005037915889515567, "lr": 0.8833896177220927}, "datetime": {"datetime": "2024-06-13 21:48:53", "elapsed": 381.698072, "delta": 20.520488}}
{"target": -150.2960411288898, "params": {"gamma": 0.5069512261896792, "lr": 0.7822202806511188}, "datetime": {"datetime": "2024-06-13 21:49:17", "elapsed": 405.818936, "delta": 24.120864}}
{"target": -169.28736913678682, "params": {"gamma": 0.5652191350647511, "lr": 1.0}, "datetime": {"datetime": "2024-06-13 21:50:12", "elapsed": 460.090198, "delta": 54.271262}}
{"target": -146.12656307421122, "params": {"gamma": 0.0014975711123226352, "lr": 0.16733157137288224}, "datetime": {"datetime": "2024-06-13 21:50:36", "elapsed": 484.065322, "delta": 23.975124}}
{"target": -146.2540550981487, "params": {"gamma": 0.3801684689960826, "lr": 0.0}, "datetime": {"datetime": "2024-06-13 21:51:11", "elapsed": 519.038204, "delta": 34.972882}}
{"target": -381.4019559233224, "params": {"gamma": 2.195616609602122, "lr": 0.832826239704753}, "datetime": {"datetime": "2024-06-13 21:51:20", "elapsed": 528.336394, "delta": 9.29819}}
{"target": -233.19712160272942, "params": {"gamma": 0.7610591845341541, "lr": 0.0020139326830685977}, "datetime": {"datetime": "2024-06-13 21:51:38", "elapsed": 545.953525, "delta": 17.617131}}
{"target": -149.21503829969305, "params": {"gamma": 0.4671814055887829, "lr": 0.8508736273117463}, "datetime": {"datetime": "2024-06-13 21:52:10", "elapsed": 577.931538, "delta": 31.978013}}
{"target": -164.2188491160624, "params": {"gamma": 0.73871343454262, "lr": 0.6145985045526104}, "datetime": {"datetime": "2024-06-13 21:52:55", "elapsed": 623.193543, "delta": 45.262005}}
{"target": -218.5825985262933, "params": {"gamma": 0.9994383381122975, "lr": 0.9938516465266554}, "datetime": {"datetime": "2024-06-13 21:53:12", "elapsed": 640.138386, "delta": 16.944843}}
{"target": -613.5817906486329, "params": {"gamma": 4.614963540072418, "lr": 0.487979895010642}, "datetime": {"datetime": "2024-06-13 21:53:21", "elapsed": 649.46893, "delta": 9.330544}}
{"target": -186.14335742896296, "params": {"gamma": 1.0210164479418897, "lr": 0.5380801754314235}, "datetime": {"datetime": "2024-06-13 21:53:54", "elapsed": 682.851742, "delta": 33.382812}}
