{"target": -363.1311426659313, "params": {"gamma": 6.864927298504364, "prior": 3.8399250110933036, "rate": 7.6314509854431005}, "datetime": {"datetime": "2024-06-14 10:30:41", "elapsed": 16.457207, "delta": 0.01097}}
{"target": -444.1816985864355, "params": {"gamma": 8.963993959368008, "prior": 9.110902413045697, "rate": 4.965364995168459}, "datetime": {"datetime": "2024-06-14 10:30:41", "elapsed": 16.46818, "delta": 0.010973}}
{"target": -391.90739838235385, "params": {"gamma": 7.626339709379889, "prior": 7.118724128793965, "rate": 9.513017241338671}, "datetime": {"datetime": "2024-06-14 10:30:41", "elapsed": 16.478151, "delta": 0.009971}}
{"target": -192.72982555221833, "params": {"gamma": 2.416303346981715, "prior": 5.657263107051882, "rate": 0.4386889024105297}, "datetime": {"datetime": "2024-06-14 10:30:41", "elapsed": 16.488125, "delta": 0.009974}}
{"target": -455.9923967951119, "params": {"gamma": 9.231856412216342, "prior": 9.458040129710191, "rate": 5.0095625425504435}, "datetime": {"datetime": "2024-06-14 10:30:41", "elapsed": 16.498098, "delta": 0.009973}}
{"target": -313.9569690842121, "params": {"gamma": 5.861588364410452, "prior": 7.742224266063105, "rate": 2.494062511590284}, "datetime": {"datetime": "2024-06-14 10:30:41", "elapsed": 16.508071, "delta": 0.009973}}
{"target": -222.8552745819205, "params": {"gamma": 3.7905257699858756, "prior": 2.9571954023700533, "rate": 5.388500848183928}, "datetime": {"datetime": "2024-06-14 10:30:41", "elapsed": 16.519044, "delta": 0.010973}}
{"target": -479.6724584150951, "params": {"gamma": 9.489619281316324, "prior": 3.915466925543566, "rate": 0.4510526483715768}, "datetime": {"datetime": "2024-06-14 10:30:41", "elapsed": 16.530012, "delta": 0.010968}}
{"target": -350.1926373226389, "params": {"gamma": 6.8255038084621535, "prior": 5.0008035357807925, "rate": 2.96582349698632}, "datetime": {"datetime": "2024-06-14 10:30:41", "elapsed": 16.539986, "delta": 0.009974}}
{"target": -236.30724507146604, "params": {"gamma": 4.159470178485402, "prior": 8.638851939129534, "rate": 8.210356117785}, "datetime": {"datetime": "2024-06-14 10:30:41", "elapsed": 16.550958, "delta": 0.010972}}
{"target": -154.3499834411325, "params": {"gamma": 1.7092925546648687, "prior": 6.882819454636019, "rate": 9.976635949364582}, "datetime": {"datetime": "2024-06-14 10:30:41", "elapsed": 16.561991, "delta": 0.011033}}
{"target": -395.45590872731674, "params": {"gamma": 7.843808621110356, "prior": 7.277958918810155, "rate": 3.1008897721241295}, "datetime": {"datetime": "2024-06-14 10:30:41", "elapsed": 16.571935, "delta": 0.009944}}
{"target": -155.54683817442734, "params": {"gamma": 1.5955484350535305, "prior": 8.656789324831875, "rate": 6.103851837947851}, "datetime": {"datetime": "2024-06-14 10:30:41", "elapsed": 16.582907, "delta": 0.010972}}
{"target": -226.09740315727294, "params": {"gamma": 3.90151389493923, "prior": 7.580348274726708, "rate": 7.18656022932733}, "datetime": {"datetime": "2024-06-14 10:30:41", "elapsed": 16.594037, "delta": 0.01113}}
{"target": -361.53286477687624, "params": {"gamma": 6.473683921648569, "prior": 2.1519072794770633, "rate": 8.8553926501292}, "datetime": {"datetime": "2024-06-14 10:30:41", "elapsed": 16.604012, "delta": 0.009975}}
{"target": -374.84817190751505, "params": {"gamma": 7.190340618322544, "prior": 3.096042577804754, "rate": 0.636921390268151}, "datetime": {"datetime": "2024-06-14 10:30:41", "elapsed": 16.614981, "delta": 0.010969}}
{"target": -452.11796324730614, "params": {"gamma": 9.128051358543207, "prior": 7.959115578671122, "rate": 4.986337846072983}, "datetime": {"datetime": "2024-06-14 10:30:41", "elapsed": 16.624955, "delta": 0.009974}}
{"target": -237.50026137942004, "params": {"gamma": 4.139838016887461, "prior": 6.194068492491998, "rate": 3.9857532458547134}, "datetime": {"datetime": "2024-06-14 10:30:41", "elapsed": 16.635926, "delta": 0.010971}}
{"target": -143.21278659745485, "params": {"gamma": 0.3901414822148927, "prior": 3.089486487843047, "rate": 2.4635393026772414}, "datetime": {"datetime": "2024-06-14 10:30:41", "elapsed": 16.646896, "delta": 0.01097}}
{"target": -477.802057808845, "params": {"gamma": 9.723053574133592, "prior": 7.698230686083612, "rate": 4.03756244174214}, "datetime": {"datetime": "2024-06-14 10:30:41", "elapsed": 16.6571, "delta": 0.010204}}
{"target": -384.09598553447773, "params": {"gamma": 7.36653545986381, "prior": 3.096284649891858, "rate": 5.273430978494289}, "datetime": {"datetime": "2024-06-14 10:30:41", "elapsed": 16.66807, "delta": 0.01097}}
{"target": -162.9832934916302, "params": {"gamma": 2.0722252550467415, "prior": 2.617176807498664, "rate": 4.340796665124917}, "datetime": {"datetime": "2024-06-14 10:30:41", "elapsed": 16.679042, "delta": 0.010972}}
{"target": -143.08814724946419, "params": {"gamma": 0.8251761637855287, "prior": 8.547550771616626, "rate": 9.163375833703464}, "datetime": {"datetime": "2024-06-14 10:30:41", "elapsed": 16.689016, "delta": 0.009974}}
{"target": -164.63881868706508, "params": {"gamma": 2.131865517652924, "prior": 4.789847916431056, "rate": 8.414755557056594}, "datetime": {"datetime": "2024-06-14 10:30:41", "elapsed": 16.699985, "delta": 0.010969}}
{"target": -190.6382857615207, "params": {"gamma": 2.8835014556151, "prior": 6.146017338301501, "rate": 4.421038071544468}, "datetime": {"datetime": "2024-06-14 10:30:41", "elapsed": 16.710205, "delta": 0.01022}}
{"target": -231.85455500197438, "params": {"gamma": 3.9755172922412867, "prior": 7.914804790958176, "rate": 4.645661627447652}, "datetime": {"datetime": "2024-06-14 10:30:41", "elapsed": 16.721172, "delta": 0.010967}}
{"target": -256.27214252142494, "params": {"gamma": 4.648560381634333, "prior": 9.92108219282192, "rate": 9.622335724671418}, "datetime": {"datetime": "2024-06-14 10:30:41", "elapsed": 16.732141, "delta": 0.010969}}
{"target": -173.21468426790486, "params": {"gamma": 2.3515737989342904, "prior": 2.3468422945017595, "rate": 6.627717437420285}, "datetime": {"datetime": "2024-06-14 10:30:41", "elapsed": 16.742115, "delta": 0.009974}}
{"target": -234.59214746210498, "params": {"gamma": 4.12005240559699, "prior": 7.21566500145903, "rate": 7.33480011223453}, "datetime": {"datetime": "2024-06-14 10:30:41", "elapsed": 16.752088, "delta": 0.009973}}
{"target": -427.69839250732923, "params": {"gamma": 7.833165317126014, "prior": 2.706813429208478, "rate": 9.983583794835354}, "datetime": {"datetime": "2024-06-14 10:30:41", "elapsed": 16.763059, "delta": 0.010971}}
{"target": -268.8037823519696, "params": {"gamma": 4.937510667267648, "prior": 0.9308724921413128, "rate": 1.1210448167623643}, "datetime": {"datetime": "2024-06-14 10:30:41", "elapsed": 16.77403, "delta": 0.010971}}
{"target": -302.61180041206046, "params": {"gamma": 5.615435741740323, "prior": 5.150078530019021, "rate": 9.348420230005587}, "datetime": {"datetime": "2024-06-14 10:30:41", "elapsed": 16.785001, "delta": 0.010971}}
{"target": -446.0297349772164, "params": {"gamma": 9.008359782293162, "prior": 4.707496113752034, "rate": 2.0655648551479264}, "datetime": {"datetime": "2024-06-14 10:30:41", "elapsed": 16.795972, "delta": 0.010971}}
{"target": -305.84554473815086, "params": {"gamma": 5.644611641557381, "prior": 3.156460479596483, "rate": 6.506205753925493}, "datetime": {"datetime": "2024-06-14 10:30:41", "elapsed": 16.806942, "delta": 0.01097}}
{"target": -293.7494866975315, "params": {"gamma": 5.151524964800736, "prior": 8.447482905263575, "rate": 1.318272408917089}, "datetime": {"datetime": "2024-06-14 10:30:41", "elapsed": 16.817913, "delta": 0.010971}}
{"target": -176.51259149443072, "params": {"gamma": 2.510816765750457, "prior": 6.015561199030471, "rate": 6.252522597888486}, "datetime": {"datetime": "2024-06-14 10:30:41", "elapsed": 16.827886, "delta": 0.009973}}
{"target": -235.15144265487461, "params": {"gamma": 4.126528259704839, "prior": 9.015862526250485, "rate": 8.102939975399439}, "datetime": {"datetime": "2024-06-14 10:30:41", "elapsed": 16.838857, "delta": 0.010971}}
{"target": -288.59062573652335, "params": {"gamma": 5.408957978271053, "prior": 4.109790667839894, "rate": 3.9723842641831384}, "datetime": {"datetime": "2024-06-14 10:30:41", "elapsed": 16.850273, "delta": 0.011416}}
{"target": -153.19971452014292, "params": {"gamma": 1.1407744850837678, "prior": 9.378724974180852, "rate": 2.3461206012549862}, "datetime": {"datetime": "2024-06-14 10:30:41", "elapsed": 16.860754, "delta": 0.010481}}
{"target": -152.86038238277868, "params": {"gamma": 1.5290154598338772, "prior": 5.149156483909666, "rate": 4.550990310069778}, "datetime": {"datetime": "2024-06-14 10:30:41", "elapsed": 16.870727, "delta": 0.009973}}
{"target": -142.24489577938755, "params": {"gamma": 0.741195677957228, "prior": 5.798171437543058, "rate": 6.98565427848021}, "datetime": {"datetime": "2024-06-14 10:30:41", "elapsed": 16.881696, "delta": 0.010969}}
{"target": -272.7666954634129, "params": {"gamma": 4.905996798082162, "prior": 0.8216471576437056, "rate": 1.7974602213999658}, "datetime": {"datetime": "2024-06-14 10:30:41", "elapsed": 16.892667, "delta": 0.010971}}
{"target": -155.45303588931282, "params": {"gamma": 1.1602386580615005, "prior": 5.876279483963145, "rate": 0.8517929419359279}, "datetime": {"datetime": "2024-06-14 10:30:41", "elapsed": 16.902641, "delta": 0.009974}}
{"target": -228.62607647209344, "params": {"gamma": 3.8411646857898374, "prior": 1.5568483148669632, "rate": 4.115450872320082}, "datetime": {"datetime": "2024-06-14 10:30:42", "elapsed": 16.913612, "delta": 0.010971}}
{"target": -337.9178506239682, "params": {"gamma": 6.253124313642986, "prior": 3.6594426508543156, "rate": 8.959947493135243}, "datetime": {"datetime": "2024-06-14 10:30:42", "elapsed": 16.923585, "delta": 0.009973}}
{"target": -237.17895768535917, "params": {"gamma": 4.175385995901437, "prior": 9.343186839462406, "rate": 8.204747872100748}, "datetime": {"datetime": "2024-06-14 10:30:42", "elapsed": 16.934558, "delta": 0.010973}}
{"target": -145.8266017457603, "params": {"gamma": 1.1673082330925828, "prior": 1.1292596538179704, "rate": 1.3289685737075208}, "datetime": {"datetime": "2024-06-14 10:30:42", "elapsed": 16.944531, "delta": 0.009973}}
{"target": -332.69556991482943, "params": {"gamma": 6.3850452068779955, "prior": 6.877462138363933, "rate": 7.900310828063816}, "datetime": {"datetime": "2024-06-14 10:30:42", "elapsed": 16.956496, "delta": 0.011965}}
{"target": -289.3228167426386, "params": {"gamma": 5.423716313506835, "prior": 6.7860429050825894, "rate": 6.86782996092407}, "datetime": {"datetime": "2024-06-14 10:30:42", "elapsed": 16.969463, "delta": 0.012967}}
{"target": -209.24364916767908, "params": {"gamma": 3.3829604515267047, "prior": 6.540111495995206, "rate": 4.041556089281965}, "datetime": {"datetime": "2024-06-14 10:30:42", "elapsed": 16.980434, "delta": 0.010971}}
{"target": -333.21416080219603, "params": {"gamma": 6.402004807053291, "prior": 9.352740161515133, "rate": 4.300276952021971}, "datetime": {"datetime": "2024-06-14 10:30:42", "elapsed": 16.990868, "delta": 0.010434}}
{"target": -276.7680349790218, "params": {"gamma": 5.062169284611167, "prior": 3.387441539928508, "rate": 5.787626649270162}, "datetime": {"datetime": "2024-06-14 10:30:42", "elapsed": 17.000946, "delta": 0.010078}}
{"target": -460.71517442828247, "params": {"gamma": 8.63433961200101, "prior": 2.9081286245045184, "rate": 8.3440688316731}, "datetime": {"datetime": "2024-06-14 10:30:42", "elapsed": 17.01092, "delta": 0.009974}}
{"target": -283.29061079129804, "params": {"gamma": 5.19525257002433, "prior": 2.338154974562283, "rate": 4.195052837461809}, "datetime": {"datetime": "2024-06-14 10:30:42", "elapsed": 17.021891, "delta": 0.010971}}
{"target": -169.7857747785943, "params": {"gamma": 1.6707797438122824, "prior": 9.132705794826414, "rate": 0.5804135275146948}, "datetime": {"datetime": "2024-06-14 10:30:42", "elapsed": 17.031864, "delta": 0.009973}}
{"target": -330.30347526513276, "params": {"gamma": 6.0404303253472555, "prior": 1.1291215126301983, "rate": 3.135467231273893}, "datetime": {"datetime": "2024-06-14 10:30:42", "elapsed": 17.042834, "delta": 0.01097}}
{"target": -149.40424775941727, "params": {"gamma": 1.430273657454418, "prior": 5.045153826684863, "rate": 6.361341648049341}, "datetime": {"datetime": "2024-06-14 10:30:42", "elapsed": 17.052808, "delta": 0.009974}}
{"target": -428.5738224791313, "params": {"gamma": 8.292725454727396, "prior": 4.5551280553231495, "rate": 7.694721722549676}, "datetime": {"datetime": "2024-06-14 10:30:42", "elapsed": 17.063508, "delta": 0.0107}}
{"target": -329.6699217538232, "params": {"gamma": 5.953782798974832, "prior": 9.725416897155455, "rate": 1.1980382373790506}, "datetime": {"datetime": "2024-06-14 10:30:42", "elapsed": 17.074479, "delta": 0.010971}}
{"target": -412.041434312464, "params": {"gamma": 8.163360508295652, "prior": 8.36804642863598, "rate": 7.915926255491784}, "datetime": {"datetime": "2024-06-14 10:30:42", "elapsed": 17.08545, "delta": 0.010971}}
{"target": -254.9337648868202, "params": {"gamma": 4.548793901755333, "prior": 5.319373120578599, "rate": 9.853860789595378}, "datetime": {"datetime": "2024-06-14 10:30:42", "elapsed": 17.096419, "delta": 0.010969}}
{"target": -466.1486153294417, "params": {"gamma": 9.446413498524006, "prior": 7.653717361291417, "rate": 4.603153079254813}, "datetime": {"datetime": "2024-06-14 10:30:42", "elapsed": 17.107391, "delta": 0.010972}}
{"target": -294.3316188493309, "params": {"gamma": 5.4028153672728605, "prior": 8.065147279335433, "rate": 2.7694190259593214}, "datetime": {"datetime": "2024-06-14 10:30:42", "elapsed": 17.118362, "delta": 0.010971}}
{"target": -179.29863704273023, "params": {"gamma": 2.5660746449201204, "prior": 2.2172273194191625, "rate": 5.5125104016000455}, "datetime": {"datetime": "2024-06-14 10:30:42", "elapsed": 17.129331, "delta": 0.010969}}
{"target": -510.37523516858795, "params": {"gamma": 9.51400463278507, "prior": 2.453593275447689, "rate": 8.016191948242625}, "datetime": {"datetime": "2024-06-14 10:30:42", "elapsed": 17.139306, "delta": 0.009975}}
{"target": -144.07459801776756, "params": {"gamma": 0.3050697728019885, "prior": 5.111578112737991, "rate": 2.840969561694019}, "datetime": {"datetime": "2024-06-14 10:30:42", "elapsed": 17.150276, "delta": 0.01097}}
{"target": -185.99947904383154, "params": {"gamma": 2.8279345769967326, "prior": 3.9805415181824153, "rate": 5.35503815277569}, "datetime": {"datetime": "2024-06-14 10:30:42", "elapsed": 17.161007, "delta": 0.010731}}
{"target": -401.0748075617269, "params": {"gamma": 7.729080748891848, "prior": 9.620416719522808, "rate": 1.5047059924704762}, "datetime": {"datetime": "2024-06-14 10:30:42", "elapsed": 17.171978, "delta": 0.010971}}
{"target": -243.69534500835306, "params": {"gamma": 3.948506624298461, "prior": 1.711128575734629, "rate": 8.366584905960446}, "datetime": {"datetime": "2024-06-14 10:30:42", "elapsed": 17.182948, "delta": 0.01097}}
{"target": -144.12649386670896, "params": {"gamma": 0.848939363998362, "prior": 8.577228644378229, "rate": 7.408710726097538}, "datetime": {"datetime": "2024-06-14 10:30:42", "elapsed": 17.193919, "delta": 0.010971}}
{"target": -436.12554748533074, "params": {"gamma": 8.583506747549555, "prior": 8.910210077238986, "rate": 1.5086156837021263}, "datetime": {"datetime": "2024-06-14 10:30:42", "elapsed": 17.203892, "delta": 0.009973}}
{"target": -295.33366698273085, "params": {"gamma": 5.5673037568750585, "prior": 3.0949243389652152, "rate": 2.7129607380351044}, "datetime": {"datetime": "2024-06-14 10:30:42", "elapsed": 17.214863, "delta": 0.010971}}
{"target": -145.6004802522736, "params": {"gamma": 0.16532732155215554, "prior": 5.200289634664171, "rate": 0.19147494677606597}, "datetime": {"datetime": "2024-06-14 10:30:42", "elapsed": 17.225386, "delta": 0.010523}}
{"target": -463.8563459430229, "params": {"gamma": 8.982387549518384, "prior": 2.743118745199252, "rate": 4.934240682090825}, "datetime": {"datetime": "2024-06-14 10:30:42", "elapsed": 17.236358, "delta": 0.010972}}
{"target": -383.11384176693, "params": {"gamma": 6.364538822186757, "prior": 0.11484759273546576, "rate": 1.1332762215360346}, "datetime": {"datetime": "2024-06-14 10:30:42", "elapsed": 17.246331, "delta": 0.009973}}
{"target": -257.4780970396609, "params": {"gamma": 4.6659477575289365, "prior": 6.27045023526184, "rate": 8.196890952415792}, "datetime": {"datetime": "2024-06-14 10:30:42", "elapsed": 17.256933, "delta": 0.010602}}
{"target": -237.83866402773282, "params": {"gamma": 4.148641338539144, "prior": 9.27585593466577, "rate": 5.974235073828673}, "datetime": {"datetime": "2024-06-14 10:30:42", "elapsed": 17.266906, "delta": 0.009973}}
{"target": -145.4616095106519, "params": {"gamma": 0.019306140396848814, "prior": 6.83237546346491, "rate": 2.128523676734889}, "datetime": {"datetime": "2024-06-14 10:30:42", "elapsed": 17.277877, "delta": 0.010971}}
{"target": -144.31341939423734, "params": {"gamma": 0.1535430664843777, "prior": 7.383907493191389, "rate": 5.519551912752578}, "datetime": {"datetime": "2024-06-14 10:30:42", "elapsed": 17.287851, "delta": 0.009974}}
{"target": -427.59739037767525, "params": {"gamma": 7.836427271615353, "prior": 0.9728738222321646, "rate": 3.557641134340776}, "datetime": {"datetime": "2024-06-14 10:30:42", "elapsed": 17.298821, "delta": 0.01097}}
{"target": -193.07171958731695, "params": {"gamma": 2.997716685977381, "prior": 5.733129677407973, "rate": 5.102021899170938}, "datetime": {"datetime": "2024-06-14 10:30:42", "elapsed": 17.308794, "delta": 0.009973}}
{"target": -420.3496665502101, "params": {"gamma": 7.821480373966176, "prior": 1.951873292249901, "rate": 5.765378570105822}, "datetime": {"datetime": "2024-06-14 10:30:42", "elapsed": 17.319764, "delta": 0.01097}}
{"target": -335.75607322548166, "params": {"gamma": 6.444129706059222, "prior": 4.652693074134186, "rate": 5.580214322469496}, "datetime": {"datetime": "2024-06-14 10:30:42", "elapsed": 17.330292, "delta": 0.010528}}
{"target": -478.5640582840472, "params": {"gamma": 9.743286307322958, "prior": 7.541556933766897, "rate": 3.8104826236472786}, "datetime": {"datetime": "2024-06-14 10:30:42", "elapsed": 17.340266, "delta": 0.009974}}
{"target": -262.69774805612934, "params": {"gamma": 4.340728838399114, "prior": 7.1570316925553605, "rate": 0.9380272253159303}, "datetime": {"datetime": "2024-06-14 10:30:42", "elapsed": 17.350239, "delta": 0.009973}}
{"target": -330.6749686843697, "params": {"gamma": 6.378444418173399, "prior": 1.2321491091836958, "rate": 1.0193780310022393}, "datetime": {"datetime": "2024-06-14 10:30:42", "elapsed": 17.361296, "delta": 0.011057}}
{"target": -372.9717240622328, "params": {"gamma": 6.667021122891057, "prior": 1.7542887876159898, "rate": 7.647419971523622}, "datetime": {"datetime": "2024-06-14 10:30:42", "elapsed": 17.372266, "delta": 0.01097}}
{"target": -391.8529683372992, "params": {"gamma": 7.506153520363204, "prior": 3.18900068961921, "rate": 5.7090751316208}, "datetime": {"datetime": "2024-06-14 10:30:42", "elapsed": 17.38224, "delta": 0.009974}}
{"target": -341.6056325649324, "params": {"gamma": 6.451761309420609, "prior": 8.133499632738395, "rate": 2.0154617304835343}, "datetime": {"datetime": "2024-06-14 10:30:42", "elapsed": 17.393212, "delta": 0.010972}}
{"target": -348.07102946696574, "params": {"gamma": 6.762750921175965, "prior": 8.246616776474657, "rate": 4.144442403173417}, "datetime": {"datetime": "2024-06-14 10:30:42", "elapsed": 17.403185, "delta": 0.009973}}
{"target": -271.82038176027817, "params": {"gamma": 4.93747435337824, "prior": 5.191069021280379, "rate": 9.393346948548995}, "datetime": {"datetime": "2024-06-14 10:30:42", "elapsed": 17.414156, "delta": 0.010971}}
{"target": -142.9481304965979, "params": {"gamma": 0.5174559628579339, "prior": 5.75837295853161, "rate": 4.89811116337683}, "datetime": {"datetime": "2024-06-14 10:30:42", "elapsed": 17.424129, "delta": 0.009973}}
{"target": -207.9503732099994, "params": {"gamma": 3.43893717379704, "prior": 6.732175526529206, "rate": 7.6946306666071145}, "datetime": {"datetime": "2024-06-14 10:30:42", "elapsed": 17.435099, "delta": 0.01097}}
{"target": -310.9267354864361, "params": {"gamma": 5.401055710011223, "prior": 0.5122166664564219, "rate": 2.351573570535765}, "datetime": {"datetime": "2024-06-14 10:30:42", "elapsed": 17.446071, "delta": 0.010972}}
{"target": -143.16196482821655, "params": {"gamma": 0.20537707355366863, "prior": 3.3450050943537124, "rate": 4.6810927226785255}, "datetime": {"datetime": "2024-06-14 10:30:42", "elapsed": 17.457472, "delta": 0.011401}}
{"target": -396.88480344630347, "params": {"gamma": 7.845906561782468, "prior": 5.369502262702111, "rate": 4.774787580289247}, "datetime": {"datetime": "2024-06-14 10:30:42", "elapsed": 17.468444, "delta": 0.010972}}
{"target": -450.3718128832426, "params": {"gamma": 6.97979925706494, "prior": 0.27243013449192005, "rate": 6.950212658575371}, "datetime": {"datetime": "2024-06-14 10:30:42", "elapsed": 17.478416, "delta": 0.009972}}
{"target": -196.5085675033465, "params": {"gamma": 3.120283908366149, "prior": 5.641930498717792, "rate": 6.068459647449929}, "datetime": {"datetime": "2024-06-14 10:30:42", "elapsed": 17.489386, "delta": 0.01097}}
{"target": -157.0059706817621, "params": {"gamma": 1.8222444288432162, "prior": 2.5776986435657308, "rate": 5.788601767479563}, "datetime": {"datetime": "2024-06-14 10:30:42", "elapsed": 17.499359, "delta": 0.009973}}
{"target": -179.36907430899996, "params": {"gamma": 2.626964094789226, "prior": 2.4702287887304846, "rate": 3.5909544712195682}, "datetime": {"datetime": "2024-06-14 10:30:42", "elapsed": 17.510331, "delta": 0.010972}}
{"target": -448.0444605663799, "params": {"gamma": 9.044205571519699, "prior": 8.705182024603866, "rate": 5.140843749597316}, "datetime": {"datetime": "2024-06-14 10:30:42", "elapsed": 17.520304, "delta": 0.009973}}
