{"target": -147.02527255037597, "params": {"gamma": 0.7466661384435471, "prior": 3.766026368361488, "rate": 1.235065179287484}, "datetime": {"datetime": "2024-06-14 10:30:28", "elapsed": 3.65607, "delta": 0.008977}}
{"target": -341.6213342906022, "params": {"gamma": 6.345552644202125, "prior": 4.1978064727211475, "rate": 9.909165409621975}, "datetime": {"datetime": "2024-06-14 10:30:28", "elapsed": 3.665045, "delta": 0.008975}}
{"target": -489.9758160761479, "params": {"gamma": 9.299626280909525, "prior": 1.5774367198665253, "rate": 3.9494277431054683}, "datetime": {"datetime": "2024-06-14 10:30:28", "elapsed": 3.674021, "delta": 0.008976}}
{"target": -255.61932362649694, "params": {"gamma": 4.6163355299129, "prior": 5.6533926757072575, "rate": 7.803854869369396}, "datetime": {"datetime": "2024-06-14 10:30:28", "elapsed": 3.682998, "delta": 0.008977}}
{"target": -267.23239359403107, "params": {"gamma": 4.872451896825164, "prior": 4.257936164901384, "rate": 2.6207350474886373}, "datetime": {"datetime": "2024-06-14 10:30:28", "elapsed": 3.691974, "delta": 0.008976}}
{"target": -575.1165100528265, "params": {"gamma": 9.108150584728497, "prior": 0.32048796417476116, "rate": 8.211397860291427}, "datetime": {"datetime": "2024-06-14 10:30:28", "elapsed": 3.70095, "delta": 0.008976}}
{"target": -164.29391656394546, "params": {"gamma": 1.8854955282645185, "prior": 6.888993301808218, "rate": 3.552738684007098}, "datetime": {"datetime": "2024-06-14 10:30:28", "elapsed": 3.709719, "delta": 0.008769}}
{"target": -494.35803152361734, "params": {"gamma": 9.742152066323019, "prior": 1.3154440815492576, "rate": 1.8765113562797784}, "datetime": {"datetime": "2024-06-14 10:30:28", "elapsed": 3.718695, "delta": 0.008976}}
{"target": -441.0280427560029, "params": {"gamma": 8.894535312169324, "prior": 5.875722514621456, "rate": 3.0931546002031376}, "datetime": {"datetime": "2024-06-14 10:30:28", "elapsed": 3.726674, "delta": 0.007979}}
{"target": -145.48742184084492, "params": {"gamma": 0.008643090396402046, "prior": 2.353217609390305, "rate": 1.4548909380781856}, "datetime": {"datetime": "2024-06-14 10:30:28", "elapsed": 3.736649, "delta": 0.009975}}
{"target": -163.5088294409513, "params": {"gamma": 2.035134809876536, "prior": 8.973593312359645, "rate": 8.731070688318136}, "datetime": {"datetime": "2024-06-14 10:30:28", "elapsed": 3.751197, "delta": 0.014548}}
{"target": -367.1224227855897, "params": {"gamma": 7.0031940868968645, "prior": 4.757926993906869, "rate": 8.271532887320552}, "datetime": {"datetime": "2024-06-14 10:30:28", "elapsed": 3.76117, "delta": 0.009973}}
{"target": -269.7938294074496, "params": {"gamma": 4.958768144455039, "prior": 3.698537964520562, "rate": 2.7567554245058266}, "datetime": {"datetime": "2024-06-14 10:30:28", "elapsed": 3.770146, "delta": 0.008976}}
{"target": -467.45723197385115, "params": {"gamma": 9.247483394570178, "prior": 3.931193419137293, "rate": 4.929315853439772}, "datetime": {"datetime": "2024-06-14 10:30:28", "elapsed": 3.779122, "delta": 0.008976}}
{"target": -184.36247007968709, "params": {"gamma": 2.5451265850419067, "prior": 8.861168536496827, "rate": 3.833251304596062}, "datetime": {"datetime": "2024-06-14 10:30:28", "elapsed": 3.788098, "delta": 0.008976}}
{"target": -203.57787356623524, "params": {"gamma": 2.9764495784234386, "prior": 7.2041901257280685, "rate": 1.909508561779902}, "datetime": {"datetime": "2024-06-14 10:30:28", "elapsed": 3.797074, "delta": 0.008976}}
{"target": -147.3463899277951, "params": {"gamma": 1.1828081008410374, "prior": 8.386278043913771, "rate": 7.441615077773983}, "datetime": {"datetime": "2024-06-14 10:30:28", "elapsed": 3.80605, "delta": 0.008976}}
{"target": -321.5357024763176, "params": {"gamma": 5.905614955923525, "prior": 2.5046265921522197, "rate": 6.2328482047306535}, "datetime": {"datetime": "2024-06-14 10:30:28", "elapsed": 3.815026, "delta": 0.008976}}
{"target": -341.37300087831557, "params": {"gamma": 6.383914852090989, "prior": 3.342937496712019, "rate": 0.6758259413323553}, "datetime": {"datetime": "2024-06-14 10:30:28", "elapsed": 3.823005, "delta": 0.007979}}
{"target": -452.74133968478037, "params": {"gamma": 8.805505437045703, "prior": 4.6535716376351575, "rate": 7.638963307946233}, "datetime": {"datetime": "2024-06-14 10:30:28", "elapsed": 3.832977, "delta": 0.009972}}
{"target": -179.64841327153397, "params": {"gamma": 2.539632320806454, "prior": 5.954733104448417, "rate": 4.288522808327629}, "datetime": {"datetime": "2024-06-14 10:30:28", "elapsed": 3.840957, "delta": 0.00798}}
{"target": -224.04766880203147, "params": {"gamma": 3.8216243248488464, "prior": 1.3544625000845356, "rate": 2.4434223654265494}, "datetime": {"datetime": "2024-06-14 10:30:28", "elapsed": 3.849933, "delta": 0.008976}}
{"target": -140.64411551614998, "params": {"gamma": 0.7943364880002312, "prior": 3.098297216704028, "rate": 7.417306297515323}, "datetime": {"datetime": "2024-06-14 10:30:28", "elapsed": 3.858909, "delta": 0.008976}}
{"target": -351.88782527135726, "params": {"gamma": 6.150542233985518, "prior": 6.7568698794458655, "rate": 0.08482241217079087}, "datetime": {"datetime": "2024-06-14 10:30:28", "elapsed": 3.867885, "delta": 0.008976}}
{"target": -349.5522678921948, "params": {"gamma": 6.784091345540948, "prior": 5.081488836374581, "rate": 2.309853596391308}, "datetime": {"datetime": "2024-06-14 10:30:28", "elapsed": 3.876861, "delta": 0.008976}}
{"target": -158.7143219503302, "params": {"gamma": 1.7497901933102402, "prior": 1.9313313589532155, "rate": 8.44275579074591}, "datetime": {"datetime": "2024-06-14 10:30:28", "elapsed": 3.885837, "delta": 0.008976}}
{"target": -482.0950802134683, "params": {"gamma": 9.825915303261548, "prior": 9.146022285932153, "rate": 3.4743468343077555}, "datetime": {"datetime": "2024-06-14 10:30:28", "elapsed": 3.894813, "delta": 0.008976}}
{"target": -402.14091298201686, "params": {"gamma": 7.802465572333946, "prior": 5.509900447944164, "rate": 8.16460753316182}, "datetime": {"datetime": "2024-06-14 10:30:28", "elapsed": 3.903789, "delta": 0.008976}}
{"target": -264.9079235172698, "params": {"gamma": 4.8377857849378705, "prior": 5.9405178531640965, "rate": 7.872847211795091}, "datetime": {"datetime": "2024-06-14 10:30:29", "elapsed": 3.912765, "delta": 0.008976}}
{"target": -146.61611499892268, "params": {"gamma": 1.0032461963882202, "prior": 5.416370456721353, "rate": 3.660467483349873}, "datetime": {"datetime": "2024-06-14 10:30:29", "elapsed": 3.921741, "delta": 0.008976}}
{"target": -319.04179104600513, "params": {"gamma": 6.043464129845054, "prior": 9.592144904806304, "rate": 3.9288366270246278}, "datetime": {"datetime": "2024-06-14 10:30:29", "elapsed": 3.929719, "delta": 0.007978}}
{"target": -227.84609349085025, "params": {"gamma": 3.930337006418223, "prior": 7.927306236537028, "rate": 6.451138912455179}, "datetime": {"datetime": "2024-06-14 10:30:29", "elapsed": 3.938695, "delta": 0.008976}}
{"target": -230.51317681029352, "params": {"gamma": 3.9394461945459094, "prior": 6.920654977479489, "rate": 4.040612088934736}, "datetime": {"datetime": "2024-06-14 10:30:29", "elapsed": 3.947673, "delta": 0.008978}}
{"target": -151.04339037406314, "params": {"gamma": 1.3619954293269727, "prior": 4.561368359854131, "rate": 3.3448595075800287}, "datetime": {"datetime": "2024-06-14 10:30:29", "elapsed": 3.957645, "delta": 0.009972}}
{"target": -169.02736052303177, "params": {"gamma": 2.180471331681618, "prior": 9.265170536200754, "rate": 6.896704351396498}, "datetime": {"datetime": "2024-06-14 10:30:29", "elapsed": 3.966621, "delta": 0.008976}}
{"target": -313.60730275284413, "params": {"gamma": 5.988610085343597, "prior": 7.49190897401775, "rate": 5.420168646652644}, "datetime": {"datetime": "2024-06-14 10:30:29", "elapsed": 3.975597, "delta": 0.008976}}
{"target": -359.1361496353096, "params": {"gamma": 7.005630193122407, "prior": 9.312542210573467, "rate": 8.626304328357714}, "datetime": {"datetime": "2024-06-14 10:30:29", "elapsed": 3.984573, "delta": 0.008976}}
{"target": -164.03359517631978, "params": {"gamma": 1.6752511332077065, "prior": 2.705076336846355, "rate": 0.7170311841386036}, "datetime": {"datetime": "2024-06-14 10:30:29", "elapsed": 3.993549, "delta": 0.008976}}
{"target": -517.4894544901648, "params": {"gamma": 9.786749378778312, "prior": 2.4402025767377182, "rate": 6.6063229609300596}, "datetime": {"datetime": "2024-06-14 10:30:29", "elapsed": 4.002525, "delta": 0.008976}}
{"target": -141.36677389681716, "params": {"gamma": 0.8972173585756926, "prior": 2.1866323266614858, "rate": 5.028741010800528}, "datetime": {"datetime": "2024-06-14 10:30:29", "elapsed": 4.011501, "delta": 0.008976}}
{"target": -143.9567848692241, "params": {"gamma": 1.0504317296309502, "prior": 3.9498466866777715, "rate": 5.3803392136766695}, "datetime": {"datetime": "2024-06-14 10:30:29", "elapsed": 4.020477, "delta": 0.008976}}
{"target": -206.73715764099134, "params": {"gamma": 3.3927026446661146, "prior": 5.603412090153097, "rate": 5.368146451102699}, "datetime": {"datetime": "2024-06-14 10:30:29", "elapsed": 4.029453, "delta": 0.008976}}
{"target": -226.23303983705816, "params": {"gamma": 3.906714376870321, "prior": 6.993073822700919, "rate": 6.785146057525243}, "datetime": {"datetime": "2024-06-14 10:30:29", "elapsed": 4.038429, "delta": 0.008976}}
{"target": -352.17934331212683, "params": {"gamma": 6.8733441905945245, "prior": 5.6587634621138045, "rate": 3.5814410602153455}, "datetime": {"datetime": "2024-06-14 10:30:29", "elapsed": 4.047405, "delta": 0.008976}}
{"target": -320.0284082044454, "params": {"gamma": 6.131510241334756, "prior": 9.363789039421178, "rate": 5.969288360934786}, "datetime": {"datetime": "2024-06-14 10:30:29", "elapsed": 4.056381, "delta": 0.008976}}
{"target": -501.3044972163634, "params": {"gamma": 9.795922153419893, "prior": 4.465965542047824, "rate": 7.39638001311296}, "datetime": {"datetime": "2024-06-14 10:30:29", "elapsed": 4.065386, "delta": 0.009005}}
{"target": -143.59887020652118, "params": {"gamma": 0.3770011826173517, "prior": 7.6707937261048125, "rate": 5.1832975216877974}, "datetime": {"datetime": "2024-06-14 10:30:29", "elapsed": 4.074333, "delta": 0.008947}}
{"target": -144.70244232906828, "params": {"gamma": 0.05416001307807128, "prior": 2.8442810373477254, "rate": 5.348787492965596}, "datetime": {"datetime": "2024-06-14 10:30:29", "elapsed": 4.083309, "delta": 0.008976}}
{"target": -449.52974014674663, "params": {"gamma": 7.679860819934835, "prior": 0.6256166949799984, "rate": 5.490985385061347}, "datetime": {"datetime": "2024-06-14 10:30:29", "elapsed": 4.092629, "delta": 0.00932}}
{"target": -411.26669483208906, "params": {"gamma": 8.010144563427762, "prior": 6.530872243296941, "rate": 9.314538702914113}, "datetime": {"datetime": "2024-06-14 10:30:29", "elapsed": 4.101605, "delta": 0.008976}}
{"target": -140.10552724935798, "params": {"gamma": 0.7482397187025968, "prior": 2.8403839797458077, "rate": 9.192455805057469}, "datetime": {"datetime": "2024-06-14 10:30:29", "elapsed": 4.110581, "delta": 0.008976}}
{"target": -393.5903136104913, "params": {"gamma": 7.650286477833132, "prior": 6.037429410273777, "rate": 8.329848470226867}, "datetime": {"datetime": "2024-06-14 10:30:29", "elapsed": 4.119557, "delta": 0.008976}}
{"target": -450.09425767627863, "params": {"gamma": 8.960538872258445, "prior": 9.729931493242967, "rate": 9.98520655039097}, "datetime": {"datetime": "2024-06-14 10:30:29", "elapsed": 4.127535, "delta": 0.007978}}
{"target": -150.3162055216988, "params": {"gamma": 1.3973536875073507, "prior": 0.7983662429626219, "rate": 0.7355930769468734}, "datetime": {"datetime": "2024-06-14 10:30:29", "elapsed": 4.136512, "delta": 0.008977}}
{"target": -145.42638992029296, "params": {"gamma": 0.14842316520856935, "prior": 9.721018722481467, "rate": 0.9485743976558341}, "datetime": {"datetime": "2024-06-14 10:30:29", "elapsed": 4.145487, "delta": 0.008975}}
{"target": -420.97060638679545, "params": {"gamma": 8.417526525032311, "prior": 6.883212669386226, "rate": 4.876084117661699}, "datetime": {"datetime": "2024-06-14 10:30:29", "elapsed": 4.154463, "delta": 0.008976}}
{"target": -211.25865819101136, "params": {"gamma": 3.4676021187044235, "prior": 3.6011130919633505, "rate": 2.539134984589525}, "datetime": {"datetime": "2024-06-14 10:30:29", "elapsed": 4.163439, "delta": 0.008976}}
{"target": -475.86608305940615, "params": {"gamma": 9.110268719012566, "prior": 7.283861200399203, "rate": 0.2602320020499145}, "datetime": {"datetime": "2024-06-14 10:30:29", "elapsed": 4.172415, "delta": 0.008976}}
{"target": -276.3434631592886, "params": {"gamma": 4.615751011217899, "prior": 2.884882598114433, "rate": 0.2906328955928069}, "datetime": {"datetime": "2024-06-14 10:30:29", "elapsed": 4.181392, "delta": 0.008977}}
{"target": -439.03009138699184, "params": {"gamma": 8.846934261198635, "prior": 7.732953043751355, "rate": 3.298021057363365}, "datetime": {"datetime": "2024-06-14 10:30:29", "elapsed": 4.190397, "delta": 0.009005}}
{"target": -402.7866828346233, "params": {"gamma": 7.965789316779574, "prior": 3.3139193898096666, "rate": 3.0795165557326496}, "datetime": {"datetime": "2024-06-14 10:30:29", "elapsed": 4.199343, "delta": 0.008946}}
{"target": -458.2180831875185, "params": {"gamma": 9.281162675928762, "prior": 9.771470003263916, "rate": 5.236029491864212}, "datetime": {"datetime": "2024-06-14 10:30:29", "elapsed": 4.20832, "delta": 0.008977}}
{"target": -469.22818066962446, "params": {"gamma": 9.519399740511682, "prior": 8.891165289872, "rate": 5.180807583382493}, "datetime": {"datetime": "2024-06-14 10:30:29", "elapsed": 4.217296, "delta": 0.008976}}
{"target": -221.71344296977068, "params": {"gamma": 3.728115272172759, "prior": 7.132510325364133, "rate": 4.5569786029958985}, "datetime": {"datetime": "2024-06-14 10:30:29", "elapsed": 4.226272, "delta": 0.008976}}
{"target": -316.3343797316738, "params": {"gamma": 6.052523738337006, "prior": 9.905021349210472, "rate": 7.739388583314729}, "datetime": {"datetime": "2024-06-14 10:30:29", "elapsed": 4.23425, "delta": 0.007978}}
{"target": -205.45404947527254, "params": {"gamma": 3.343429773533269, "prior": 0.9810823861415419, "rate": 1.8498709971938052}, "datetime": {"datetime": "2024-06-14 10:30:29", "elapsed": 4.243226, "delta": 0.008976}}
{"target": -287.3014706047642, "params": {"gamma": 5.2689919070424525, "prior": 4.229313939257894, "rate": 8.006795921634268}, "datetime": {"datetime": "2024-06-14 10:30:29", "elapsed": 4.252202, "delta": 0.008976}}
{"target": -513.8623555423516, "params": {"gamma": 9.332090179528631, "prior": 1.8608610047183507, "rate": 8.600807641991286}, "datetime": {"datetime": "2024-06-14 10:30:29", "elapsed": 4.261178, "delta": 0.008976}}
{"target": -495.0996391616503, "params": {"gamma": 9.57399186834036, "prior": 9.598759007812843, "rate": 0.37958801461658453}, "datetime": {"datetime": "2024-06-14 10:30:29", "elapsed": 4.270154, "delta": 0.008976}}
{"target": -140.02648213398615, "params": {"gamma": 0.576777472576129, "prior": 0.15739418988512105, "rate": 3.127498880398609}, "datetime": {"datetime": "2024-06-14 10:30:29", "elapsed": 4.27913, "delta": 0.008976}}
{"target": -141.95879191820254, "params": {"gamma": 0.5579284287083343, "prior": 3.0092386061583873, "rate": 3.5608088438258343}, "datetime": {"datetime": "2024-06-14 10:30:29", "elapsed": 4.288106, "delta": 0.008976}}
{"target": -469.9535046494819, "params": {"gamma": 9.536816507720744, "prior": 4.821814132619101, "rate": 2.783106185770882}, "datetime": {"datetime": "2024-06-14 10:30:29", "elapsed": 4.297112, "delta": 0.009006}}
{"target": -287.6502968545413, "params": {"gamma": 5.030548945314497, "prior": 6.469243454026442, "rate": 1.1133454800017826}, "datetime": {"datetime": "2024-06-14 10:30:29", "elapsed": 4.307056, "delta": 0.009944}}
{"target": -385.8195319840256, "params": {"gamma": 7.580858519672953, "prior": 8.534263135744226, "rate": 8.442654345834713}, "datetime": {"datetime": "2024-06-14 10:30:29", "elapsed": 4.316032, "delta": 0.008976}}
{"target": -449.4053224343648, "params": {"gamma": 8.905177817288482, "prior": 3.8802397278820355, "rate": 4.438608178466819}, "datetime": {"datetime": "2024-06-14 10:30:29", "elapsed": 4.324548, "delta": 0.008516}}
{"target": -142.8386910467331, "params": {"gamma": 1.0167131779857155, "prior": 2.335488532069228, "rate": 9.713233372262836}, "datetime": {"datetime": "2024-06-14 10:30:29", "elapsed": 4.332977, "delta": 0.008429}}
{"target": -187.49707130929457, "params": {"gamma": 2.8469550657183857, "prior": 9.083221808185874, "rate": 8.905632311496733}, "datetime": {"datetime": "2024-06-14 10:30:29", "elapsed": 4.341953, "delta": 0.008976}}
{"target": -513.7465879845297, "params": {"gamma": 9.225122468106674, "prior": 1.645880687963868, "rate": 8.797341712870308}, "datetime": {"datetime": "2024-06-14 10:30:29", "elapsed": 4.350958, "delta": 0.009005}}
{"target": -333.3303775624554, "params": {"gamma": 6.320317509680909, "prior": 2.1852189663461443, "rate": 3.4518140318860318}, "datetime": {"datetime": "2024-06-14 10:30:29", "elapsed": 4.360485, "delta": 0.009527}}
{"target": -164.1575475938072, "params": {"gamma": 1.6000279671042428, "prior": 4.499046758716659, "rate": 0.8386657635007598}, "datetime": {"datetime": "2024-06-14 10:30:29", "elapsed": 4.369462, "delta": 0.008977}}
{"target": -154.5312285016664, "params": {"gamma": 1.654019586311918, "prior": 2.052243830020026, "rate": 6.910582388225486}, "datetime": {"datetime": "2024-06-14 10:30:29", "elapsed": 4.377945, "delta": 0.008483}}
{"target": -310.54271970063604, "params": {"gamma": 5.738454888784365, "prior": 8.745899026963649, "rate": 2.447096023126362}, "datetime": {"datetime": "2024-06-14 10:30:29", "elapsed": 4.386921, "delta": 0.008976}}
{"target": -385.26059666997156, "params": {"gamma": 6.296449959232413, "prior": 0.4408695265402466, "rate": 5.162468412309614}, "datetime": {"datetime": "2024-06-14 10:30:29", "elapsed": 4.395475, "delta": 0.008554}}
{"target": -460.6352493659736, "params": {"gamma": 8.632401590656782, "prior": 9.842852784460677, "rate": 0.09971988061382621}, "datetime": {"datetime": "2024-06-14 10:30:29", "elapsed": 4.404451, "delta": 0.008976}}
{"target": -190.6843456557801, "params": {"gamma": 2.5291619792860742, "prior": 2.316111736242501, "rate": 0.4763284046833772}, "datetime": {"datetime": "2024-06-14 10:30:29", "elapsed": 4.413427, "delta": 0.008976}}
{"target": -145.42599702179686, "params": {"gamma": 0.10271439016149476, "prior": 4.952933591217894, "rate": 0.4557759745572704}, "datetime": {"datetime": "2024-06-14 10:30:29", "elapsed": 4.422403, "delta": 0.008976}}
{"target": -191.44851839669812, "params": {"gamma": 2.784002980338173, "prior": 6.435748234178231, "rate": 2.9476257235674814}, "datetime": {"datetime": "2024-06-14 10:30:29", "elapsed": 4.431379, "delta": 0.008976}}
{"target": -185.52384076813846, "params": {"gamma": 2.6972773568893555, "prior": 5.946410570211314, "rate": 3.805960238019191}, "datetime": {"datetime": "2024-06-14 10:30:29", "elapsed": 4.440355, "delta": 0.008976}}
{"target": -363.041508331383, "params": {"gamma": 7.025527816580048, "prior": 5.011627117373624, "rate": 6.33245944879897}, "datetime": {"datetime": "2024-06-14 10:30:29", "elapsed": 4.449331, "delta": 0.008976}}
{"target": -217.7852885864651, "params": {"gamma": 3.5345900756692927, "prior": 2.9417350669395357, "rate": 1.3329379303972684}, "datetime": {"datetime": "2024-06-14 10:30:29", "elapsed": 4.458336, "delta": 0.009005}}
{"target": -471.7016856180273, "params": {"gamma": 9.370866767604843, "prior": 8.067874875556367, "rate": 9.380347403020368}, "datetime": {"datetime": "2024-06-14 10:30:29", "elapsed": 4.467283, "delta": 0.008947}}
{"target": -158.971070641044, "params": {"gamma": 1.8546198659533752, "prior": 9.338242051949933, "rate": 9.357596323713638}, "datetime": {"datetime": "2024-06-14 10:30:29", "elapsed": 4.476764, "delta": 0.009481}}
{"target": -187.08913657536567, "params": {"gamma": 2.8361615915229414, "prior": 2.8188790593962434, "rate": 5.514764305160052}, "datetime": {"datetime": "2024-06-14 10:30:29", "elapsed": 4.48574, "delta": 0.008976}}
{"target": -165.24413426079093, "params": {"gamma": 1.8537071044461548, "prior": 4.476800995204981, "rate": 1.8539911417309063}, "datetime": {"datetime": "2024-06-14 10:30:29", "elapsed": 4.494716, "delta": 0.008976}}
{"target": -490.21755197750554, "params": {"gamma": 9.473811803621638, "prior": 4.988864109161748, "rate": 9.639213756472554}, "datetime": {"datetime": "2024-06-14 10:30:29", "elapsed": 4.503692, "delta": 0.008976}}
{"target": -343.13191098724116, "params": {"gamma": 6.449771783449607, "prior": 4.894726153020617, "rate": 9.676984764366013}, "datetime": {"datetime": "2024-06-14 10:30:29", "elapsed": 4.512668, "delta": 0.008976}}
{"target": -150.28057257731513, "params": {"gamma": 1.4327546273059197, "prior": 6.360065759198316, "rate": 6.6192217900001395}, "datetime": {"datetime": "2024-06-14 10:30:29", "elapsed": 4.521644, "delta": 0.008976}}
{"target": -270.5056060333301, "params": {"gamma": 4.3389644317001075, "prior": 0.6876365308556791, "rate": 4.927733289059168}, "datetime": {"datetime": "2024-06-14 10:30:29", "elapsed": 4.53062, "delta": 0.008976}}
{"target": -264.88530986855267, "params": {"gamma": 4.651874301237257, "prior": 8.08679342667115, "rate": 2.5673532385398095}, "datetime": {"datetime": "2024-06-14 10:30:29", "elapsed": 4.539596, "delta": 0.008976}}
{"target": -232.37063714180812, "params": {"gamma": 3.914912199479702, "prior": 2.4777048514916347, "rate": 6.864747708308469}, "datetime": {"datetime": "2024-06-14 10:30:29", "elapsed": 4.548572, "delta": 0.008976}}
{"target": -542.1960666398923, "params": {"gamma": 9.898844649917818, "prior": 1.856552414995793, "rate": 8.214645955522746}, "datetime": {"datetime": "2024-06-14 10:30:29", "elapsed": 4.557547, "delta": 0.008975}}
