{"target": -759.7842844452508, "params": {"gamma": 8.272176051067923, "lr": 0.3645234475558883}, "datetime": {"datetime": "2024-06-13 19:54:36", "elapsed": 3.802563, "delta": 0.003989}}
{"target": -869.7700295530512, "params": {"gamma": 7.3339275785938725, "lr": 0.1924178904137388}, "datetime": {"datetime": "2024-06-13 19:54:36", "elapsed": 3.806591, "delta": 0.004028}}
{"target": -622.3612554200679, "params": {"gamma": 4.814977529509854, "lr": 0.8035946264310272}, "datetime": {"datetime": "2024-06-13 19:54:36", "elapsed": 3.810573, "delta": 0.003982}}
{"target": -487.98785758846026, "params": {"gamma": 3.9704851285120673, "lr": 0.16157403985608987}, "datetime": {"datetime": "2024-06-13 19:54:36", "elapsed": 3.814531, "delta": 0.003958}}
{"target": -822.010729436976, "params": {"gamma": 6.490173244263826, "lr": 0.7533258058943924}, "datetime": {"datetime": "2024-06-13 19:54:36", "elapsed": 3.81852, "delta": 0.003989}}
{"target": -287.1647150908398, "params": {"gamma": 2.8026461610955637, "lr": 0.45136186123240163}, "datetime": {"datetime": "2024-06-13 19:54:36", "elapsed": 3.822509, "delta": 0.003989}}
{"target": -1136.4381582230683, "params": {"gamma": 9.004588674948266, "lr": 0.8719856311909184}, "datetime": {"datetime": "2024-06-13 19:54:36", "elapsed": 3.826499, "delta": 0.00399}}
{"target": -666.268385345894, "params": {"gamma": 7.0721689102320395, "lr": 0.5909005994904067}, "datetime": {"datetime": "2024-06-13 19:54:36", "elapsed": 3.830488, "delta": 0.003989}}
{"target": -1124.4755324622704, "params": {"gamma": 8.174005321700859, "lr": 0.907644646099839}, "datetime": {"datetime": "2024-06-13 19:54:36", "elapsed": 3.834478, "delta": 0.00399}}
{"target": -142.95752928819985, "params": {"gamma": 0.026073089119563617, "lr": 0.39722776623376177}, "datetime": {"datetime": "2024-06-13 19:54:36", "elapsed": 3.838467, "delta": 0.003989}}
{"target": -659.645405377995, "params": {"gamma": 5.614535427501098, "lr": 0.7339231362848766}, "datetime": {"datetime": "2024-06-13 19:54:36", "elapsed": 3.842456, "delta": 0.003989}}
{"target": -134.58637619965546, "params": {"gamma": 0.8756401490882502, "lr": 0.3997549876808645}, "datetime": {"datetime": "2024-06-13 19:54:36", "elapsed": 3.846468, "delta": 0.004012}}
{"target": -289.71186082158914, "params": {"gamma": 2.796932173319039, "lr": 0.42351005310518297}, "datetime": {"datetime": "2024-06-13 19:54:36", "elapsed": 3.850435, "delta": 0.003967}}
{"target": -491.66791235196007, "params": {"gamma": 4.980288348100211, "lr": 0.660015223526051}, "datetime": {"datetime": "2024-06-13 19:54:36", "elapsed": 3.854424, "delta": 0.003989}}
{"target": -490.08315850803257, "params": {"gamma": 4.962865153563822, "lr": 0.6204682006051905}, "datetime": {"datetime": "2024-06-13 19:54:36", "elapsed": 3.858414, "delta": 0.00399}}
{"target": -573.7251052314039, "params": {"gamma": 5.824816179030337, "lr": 0.42833239803885637}, "datetime": {"datetime": "2024-06-13 19:54:36", "elapsed": 3.862403, "delta": 0.003989}}
{"target": -137.36536134337467, "params": {"gamma": 0.050758670747942644, "lr": 0.19451641385960183}, "datetime": {"datetime": "2024-06-13 19:54:36", "elapsed": 3.866392, "delta": 0.003989}}
{"target": -399.87821351830047, "params": {"gamma": 3.2027463362086017, "lr": 0.1469781258549313}, "datetime": {"datetime": "2024-06-13 19:54:36", "elapsed": 3.869384, "delta": 0.002992}}
{"target": -583.4309855290194, "params": {"gamma": 5.987040152182751, "lr": 0.6114994766596024}, "datetime": {"datetime": "2024-06-13 19:54:36", "elapsed": 3.873374, "delta": 0.00399}}
{"target": -460.0709112491128, "params": {"gamma": 5.001432502709699, "lr": 0.32084890160086454}, "datetime": {"datetime": "2024-06-13 19:54:36", "elapsed": 3.877363, "delta": 0.003989}}
{"target": -777.6903457835591, "params": {"gamma": 6.53292726219252, "lr": 0.19028348267904371}, "datetime": {"datetime": "2024-06-13 19:54:36", "elapsed": 3.881353, "delta": 0.00399}}
{"target": -140.48341069848962, "params": {"gamma": 0.05980393346483768, "lr": 0.7349420186839615}, "datetime": {"datetime": "2024-06-13 19:54:36", "elapsed": 3.885342, "delta": 0.003989}}
{"target": -502.2430028226472, "params": {"gamma": 4.435594915197448, "lr": 0.6978416560498484}, "datetime": {"datetime": "2024-06-13 19:54:36", "elapsed": 3.889331, "delta": 0.003989}}
{"target": -378.2358947492086, "params": {"gamma": 1.851248453020123, "lr": 0.06261980198391548}, "datetime": {"datetime": "2024-06-13 19:54:36", "elapsed": 3.893321, "delta": 0.00399}}
{"target": -433.6310457134989, "params": {"gamma": 3.78170775924343, "lr": 0.695996510445494}, "datetime": {"datetime": "2024-06-13 19:54:36", "elapsed": 3.89731, "delta": 0.003989}}
{"target": -162.34286561523254, "params": {"gamma": 1.0290808561757039, "lr": 0.19583423367499242}, "datetime": {"datetime": "2024-06-13 19:54:36", "elapsed": 3.901299, "delta": 0.003989}}
{"target": -451.68149748349816, "params": {"gamma": 4.540072551414793, "lr": 0.6211491896936461}, "datetime": {"datetime": "2024-06-13 19:54:36", "elapsed": 3.905288, "delta": 0.003989}}
{"target": -1099.8119960676033, "params": {"gamma": 7.501492356441782, "lr": 0.1097350212856566}, "datetime": {"datetime": "2024-06-13 19:54:36", "elapsed": 3.909959, "delta": 0.004671}}
{"target": -597.3389502185224, "params": {"gamma": 6.246611447949256, "lr": 0.3873605221444808}, "datetime": {"datetime": "2024-06-13 19:54:36", "elapsed": 3.913949, "delta": 0.00399}}
{"target": -679.0892249445513, "params": {"gamma": 6.701233597109323, "lr": 0.2035603776619016}, "datetime": {"datetime": "2024-06-13 19:54:36", "elapsed": 3.917937, "delta": 0.003988}}
{"target": -665.4033122119081, "params": {"gamma": 5.2796600565097815, "lr": 0.1721625549559327}, "datetime": {"datetime": "2024-06-13 19:54:36", "elapsed": 3.921927, "delta": 0.00399}}
{"target": -131.97341006927033, "params": {"gamma": 0.18779137895775708, "lr": 0.4869502464239571}, "datetime": {"datetime": "2024-06-13 19:54:36", "elapsed": 3.925916, "delta": 0.003989}}
{"target": -215.65954729576112, "params": {"gamma": 1.8425935878323698, "lr": 0.6383433300033875}, "datetime": {"datetime": "2024-06-13 19:54:36", "elapsed": 3.929907, "delta": 0.003991}}
{"target": -684.0291199684029, "params": {"gamma": 5.366211618584989, "lr": 0.7749453799977457}, "datetime": {"datetime": "2024-06-13 19:54:36", "elapsed": 3.933895, "delta": 0.003988}}
{"target": -554.8085368546369, "params": {"gamma": 3.930206066439398, "lr": 0.9894521308362529}, "datetime": {"datetime": "2024-06-13 19:54:36", "elapsed": 3.937885, "delta": 0.00399}}
{"target": -502.4534674098884, "params": {"gamma": 5.152631746924576, "lr": 0.47882340118547173}, "datetime": {"datetime": "2024-06-13 19:54:36", "elapsed": 3.941874, "delta": 0.003989}}
{"target": -703.8429944729681, "params": {"gamma": 7.494675265050945, "lr": 0.5726882932924154}, "datetime": {"datetime": "2024-06-13 19:54:36", "elapsed": 3.946861, "delta": 0.004987}}
{"target": -361.3728636538114, "params": {"gamma": 3.625290707682954, "lr": 0.48924478546014216}, "datetime": {"datetime": "2024-06-13 19:54:36", "elapsed": 3.950849, "delta": 0.003988}}
{"target": -204.70260557963027, "params": {"gamma": 1.8921946110135588, "lr": 0.39358341429686194}, "datetime": {"datetime": "2024-06-13 19:54:36", "elapsed": 3.954838, "delta": 0.003989}}
{"target": -127.82463573482552, "params": {"gamma": 0.30058756348796134, "lr": 0.46252906034220287}, "datetime": {"datetime": "2024-06-13 19:54:36", "elapsed": 3.958828, "delta": 0.00399}}
{"target": -307.64611076099607, "params": {"gamma": 2.7454666539229047, "lr": 0.5267158603586157}, "datetime": {"datetime": "2024-06-13 19:54:36", "elapsed": 3.962818, "delta": 0.00399}}
{"target": -134.4797525558183, "params": {"gamma": 0.2936919419097222, "lr": 0.5550867665221745}, "datetime": {"datetime": "2024-06-13 19:54:36", "elapsed": 3.966807, "delta": 0.003989}}
{"target": -301.32203686092805, "params": {"gamma": 2.9306858383999437, "lr": 0.5774906810135474}, "datetime": {"datetime": "2024-06-13 19:54:36", "elapsed": 3.970796, "delta": 0.003989}}
{"target": -731.0001277179157, "params": {"gamma": 7.327965762760406, "lr": 0.44033782679643774}, "datetime": {"datetime": "2024-06-13 19:54:36", "elapsed": 3.974786, "delta": 0.00399}}
{"target": -669.973045987295, "params": {"gamma": 6.6319050719967745, "lr": 0.23890995487021205}, "datetime": {"datetime": "2024-06-13 19:54:36", "elapsed": 3.978775, "delta": 0.003989}}
{"target": -1000.2590874779189, "params": {"gamma": 9.985992286776213, "lr": 0.24287852161976753}, "datetime": {"datetime": "2024-06-13 19:54:36", "elapsed": 3.982764, "delta": 0.003989}}
{"target": -942.9647589624376, "params": {"gamma": 9.408343315400867, "lr": 0.21721975039101793}, "datetime": {"datetime": "2024-06-13 19:54:36", "elapsed": 3.986792, "delta": 0.004028}}
{"target": -640.0406775561207, "params": {"gamma": 4.97614628166607, "lr": 0.8211769648927358}, "datetime": {"datetime": "2024-06-13 19:54:36", "elapsed": 3.990743, "delta": 0.003951}}
{"target": -790.9032097602044, "params": {"gamma": 7.166163879900548, "lr": 0.705580412120669}, "datetime": {"datetime": "2024-06-13 19:54:36", "elapsed": 3.994732, "delta": 0.003989}}
{"target": -566.4047141284614, "params": {"gamma": 4.4049651591972045, "lr": 0.7541750254551594}, "datetime": {"datetime": "2024-06-13 19:54:36", "elapsed": 3.998721, "delta": 0.003989}}
{"target": -912.4894730816176, "params": {"gamma": 9.199615816571573, "lr": 0.4413517453158379}, "datetime": {"datetime": "2024-06-13 19:54:36", "elapsed": 4.002712, "delta": 0.003991}}
{"target": -1053.8803337597024, "params": {"gamma": 5.2801268760628535, "lr": 0.06603558401663734}, "datetime": {"datetime": "2024-06-13 19:54:36", "elapsed": 4.0067, "delta": 0.003988}}
{"target": -387.30579562394854, "params": {"gamma": 3.9083399636332565, "lr": 0.4672385663332459}, "datetime": {"datetime": "2024-06-13 19:54:36", "elapsed": 4.010241, "delta": 0.003541}}
{"target": -1310.7647437989617, "params": {"gamma": 8.951481970324929, "lr": 0.11055744025544123}, "datetime": {"datetime": "2024-06-13 19:54:36", "elapsed": 4.01423, "delta": 0.003989}}
{"target": -751.2602909164042, "params": {"gamma": 7.311644894386467, "lr": 0.5454711685487195}, "datetime": {"datetime": "2024-06-13 19:54:36", "elapsed": 4.01822, "delta": 0.00399}}
{"target": -1209.3801411677366, "params": {"gamma": 6.0657477697349185, "lr": 0.029782944129560285}, "datetime": {"datetime": "2024-06-13 19:54:36", "elapsed": 4.022209, "delta": 0.003989}}
{"target": -174.97299788899974, "params": {"gamma": 1.4683270502280348, "lr": 0.28398322546618515}, "datetime": {"datetime": "2024-06-13 19:54:36", "elapsed": 4.026198, "delta": 0.003989}}
{"target": -141.21804363059906, "params": {"gamma": 0.04971560748810713, "lr": 0.6691577977971368}, "datetime": {"datetime": "2024-06-13 19:54:36", "elapsed": 4.030188, "delta": 0.00399}}
{"target": -887.5446617422692, "params": {"gamma": 8.70270923127706, "lr": 0.5469683092712408}, "datetime": {"datetime": "2024-06-13 19:54:36", "elapsed": 4.034327, "delta": 0.004139}}
{"target": -532.8091863808677, "params": {"gamma": 5.432097311144519, "lr": 0.6157259286130373}, "datetime": {"datetime": "2024-06-13 19:54:36", "elapsed": 4.038398, "delta": 0.004071}}
{"target": -293.18649658218516, "params": {"gamma": 3.022512822657626, "lr": 0.3667319816609417}, "datetime": {"datetime": "2024-06-13 19:54:36", "elapsed": 4.042478, "delta": 0.00408}}
{"target": -737.4233139039488, "params": {"gamma": 5.749822333050388, "lr": 0.8092165837173445}, "datetime": {"datetime": "2024-06-13 19:54:36", "elapsed": 4.04654, "delta": 0.004062}}
{"target": -212.56595085951565, "params": {"gamma": 2.016764747447303, "lr": 0.32752405584828914}, "datetime": {"datetime": "2024-06-13 19:54:36", "elapsed": 4.07646, "delta": 0.02992}}
{"target": -684.3838202366481, "params": {"gamma": 7.429469582646582, "lr": 0.3409202491323421}, "datetime": {"datetime": "2024-06-13 19:54:36", "elapsed": 4.080449, "delta": 0.003989}}
{"target": -121.84425656797576, "params": {"gamma": 0.4770616761368438, "lr": 0.15635692867625162}, "datetime": {"datetime": "2024-06-13 19:54:36", "elapsed": 4.084438, "delta": 0.003989}}
{"target": -213.0757767029774, "params": {"gamma": 1.9394547317358086, "lr": 0.4951123625611782}, "datetime": {"datetime": "2024-06-13 19:54:36", "elapsed": 4.088428, "delta": 0.00399}}
{"target": -811.7924897336827, "params": {"gamma": 6.351614485952291, "lr": 0.880219977218583}, "datetime": {"datetime": "2024-06-13 19:54:36", "elapsed": 4.092417, "delta": 0.003989}}
{"target": -801.8268926513601, "params": {"gamma": 9.025463027666028, "lr": 0.307160768485095}, "datetime": {"datetime": "2024-06-13 19:54:36", "elapsed": 4.096407, "delta": 0.00399}}
{"target": -709.9663420126345, "params": {"gamma": 7.534047351182733, "lr": 0.2824280305589726}, "datetime": {"datetime": "2024-06-13 19:54:36", "elapsed": 4.100396, "delta": 0.003989}}
{"target": -349.10675355581515, "params": {"gamma": 3.686400120782994, "lr": 0.2927265620931302}, "datetime": {"datetime": "2024-06-13 19:54:36", "elapsed": 4.105382, "delta": 0.004986}}
{"target": -429.9889812065618, "params": {"gamma": 4.137493671254815, "lr": 0.21471569566838056}, "datetime": {"datetime": "2024-06-13 19:54:36", "elapsed": 4.109372, "delta": 0.00399}}
{"target": -450.2262396173754, "params": {"gamma": 3.1905410786954205, "lr": 0.12191981389008766}, "datetime": {"datetime": "2024-06-13 19:54:36", "elapsed": 4.113361, "delta": 0.003989}}
{"target": -978.430485051665, "params": {"gamma": 9.63021937771575, "lr": 0.5039830093987828}, "datetime": {"datetime": "2024-06-13 19:54:36", "elapsed": 4.11735, "delta": 0.003989}}
{"target": -1064.4049423700665, "params": {"gamma": 9.23108372520405, "lr": 0.7461601407734211}, "datetime": {"datetime": "2024-06-13 19:54:36", "elapsed": 4.121339, "delta": 0.003989}}
{"target": -587.4834462073975, "params": {"gamma": 4.577595171516512, "lr": 0.7546222253081317}, "datetime": {"datetime": "2024-06-13 19:54:36", "elapsed": 4.124332, "delta": 0.002993}}
{"target": -568.589368076285, "params": {"gamma": 6.280602762990652, "lr": 0.30375843415186865}, "datetime": {"datetime": "2024-06-13 19:54:36", "elapsed": 4.128944, "delta": 0.004612}}
{"target": -584.6496171004501, "params": {"gamma": 5.217071474819306, "lr": 0.7123121956474292}, "datetime": {"datetime": "2024-06-13 19:54:36", "elapsed": 4.132933, "delta": 0.003989}}
{"target": -613.8982214782934, "params": {"gamma": 3.0538300009516193, "lr": 0.012522836886473265}, "datetime": {"datetime": "2024-06-13 19:54:36", "elapsed": 4.136922, "delta": 0.003989}}
{"target": -361.714975600624, "params": {"gamma": 2.6833600285302275, "lr": 0.7967454755900841}, "datetime": {"datetime": "2024-06-13 19:54:36", "elapsed": 4.140912, "delta": 0.00399}}
{"target": -886.3257477804242, "params": {"gamma": 9.300000896546049, "lr": 0.6253311549032551}, "datetime": {"datetime": "2024-06-13 19:54:36", "elapsed": 4.144901, "delta": 0.003989}}
{"target": -208.06047984043155, "params": {"gamma": 1.3289420383195298, "lr": 0.7575703592474212}, "datetime": {"datetime": "2024-06-13 19:54:36", "elapsed": 4.14889, "delta": 0.003989}}
{"target": -672.1758192375469, "params": {"gamma": 5.269526555127393, "lr": 0.753869071621213}, "datetime": {"datetime": "2024-06-13 19:54:36", "elapsed": 4.15288, "delta": 0.00399}}
{"target": -1176.9648209083716, "params": {"gamma": 8.586258418997055, "lr": 0.9475415511018243}, "datetime": {"datetime": "2024-06-13 19:54:36", "elapsed": 4.156869, "delta": 0.003989}}
{"target": -850.7282113821615, "params": {"gamma": 6.545720808693693, "lr": 0.8542582098426466}, "datetime": {"datetime": "2024-06-13 19:54:36", "elapsed": 4.161455, "delta": 0.004586}}
{"target": -869.7319495707407, "params": {"gamma": 7.426137988907772, "lr": 0.7271011884036769}, "datetime": {"datetime": "2024-06-13 19:54:36", "elapsed": 4.165444, "delta": 0.003989}}
{"target": -1177.2046579180321, "params": {"gamma": 8.58804877191338, "lr": 0.9230030407536653}, "datetime": {"datetime": "2024-06-13 19:54:36", "elapsed": 4.169434, "delta": 0.00399}}
{"target": -853.8448703248933, "params": {"gamma": 9.020857939246921, "lr": 0.39575026156518067}, "datetime": {"datetime": "2024-06-13 19:54:36", "elapsed": 4.173423, "delta": 0.003989}}
{"target": -165.72623626686644, "params": {"gamma": 0.8411287767074533, "lr": 0.8295737184581491}, "datetime": {"datetime": "2024-06-13 19:54:36", "elapsed": 4.177414, "delta": 0.003991}}
{"target": -563.1704017633336, "params": {"gamma": 5.389776601523036, "lr": 0.542076154739123}, "datetime": {"datetime": "2024-06-13 19:54:36", "elapsed": 4.181402, "delta": 0.003988}}
{"target": -1642.204498647326, "params": {"gamma": 8.25192813033363, "lr": 0.03198418437577388}, "datetime": {"datetime": "2024-06-13 19:54:36", "elapsed": 4.185391, "delta": 0.003989}}
{"target": -1746.7064854443772, "params": {"gamma": 8.779726226832842, "lr": 0.03463400133772032}, "datetime": {"datetime": "2024-06-13 19:54:36", "elapsed": 4.18938, "delta": 0.003989}}
{"target": -653.8276103873845, "params": {"gamma": 6.932252389225503, "lr": 0.5874844793504092}, "datetime": {"datetime": "2024-06-13 19:54:36", "elapsed": 4.19337, "delta": 0.00399}}
{"target": -593.911013298529, "params": {"gamma": 6.417850059155134, "lr": 0.37408018773825613}, "datetime": {"datetime": "2024-06-13 19:54:36", "elapsed": 4.197359, "delta": 0.003989}}
{"target": -308.574996006913, "params": {"gamma": 2.755344804474391, "lr": 0.5094085814387623}, "datetime": {"datetime": "2024-06-13 19:54:36", "elapsed": 4.201349, "delta": 0.00399}}
{"target": -911.6530962280593, "params": {"gamma": 8.858345348380066, "lr": 0.5652896703655683}, "datetime": {"datetime": "2024-06-13 19:54:36", "elapsed": 4.205338, "delta": 0.003989}}
{"target": -663.531115653953, "params": {"gamma": 6.631825765751704, "lr": 0.44137923095350085}, "datetime": {"datetime": "2024-06-13 19:54:36", "elapsed": 4.209327, "delta": 0.003989}}
{"target": -1119.316106182889, "params": {"gamma": 9.7214187321274, "lr": 0.7425224523517098}, "datetime": {"datetime": "2024-06-13 19:54:36", "elapsed": 4.213317, "delta": 0.00399}}
{"target": -362.39782012108265, "params": {"gamma": 3.5496702059968834, "lr": 0.6535310326636594}, "datetime": {"datetime": "2024-06-13 19:54:36", "elapsed": 4.217306, "delta": 0.003989}}
{"target": -698.8133011720744, "params": {"gamma": 5.426621502305332, "lr": 0.884056212378686}, "datetime": {"datetime": "2024-06-13 19:54:36", "elapsed": 4.221295, "delta": 0.003989}}
{"target": -411.8673165379302, "params": {"gamma": 2.7512654566030514, "lr": 0.10806748517233733}, "datetime": {"datetime": "2024-06-13 19:54:36", "elapsed": 4.225285, "delta": 0.00399}}
{"target": -206.44025343925009, "params": {"gamma": 1.9135292453599602, "lr": 0.38704623260508586}, "datetime": {"datetime": "2024-06-13 19:54:36", "elapsed": 4.229274, "delta": 0.003989}}
{"target": -813.3691316907777, "params": {"gamma": 8.54074388954821, "lr": 0.2708449138359166}, "datetime": {"datetime": "2024-06-13 19:54:36", "elapsed": 4.233263, "delta": 0.003989}}
{"target": -608.7161361339193, "params": {"gamma": 6.263961673283628, "lr": 0.6235518010455583}, "datetime": {"datetime": "2024-06-13 19:54:36", "elapsed": 4.237252, "delta": 0.003989}}
{"target": -816.693599791678, "params": {"gamma": 4.08106330634394, "lr": 0.05033512965945175}, "datetime": {"datetime": "2024-06-13 19:54:36", "elapsed": 4.241242, "delta": 0.00399}}
{"target": -667.8129155474916, "params": {"gamma": 7.448593896451896, "lr": 0.29572553442388116}, "datetime": {"datetime": "2024-06-13 19:54:36", "elapsed": 4.245231, "delta": 0.003989}}
{"target": -389.2056391461913, "params": {"gamma": 3.9851835072938524, "lr": 0.37723956753050947}, "datetime": {"datetime": "2024-06-13 19:54:36", "elapsed": 4.24922, "delta": 0.003989}}
{"target": -1312.3880562723098, "params": {"gamma": 6.636362714079265, "lr": 0.08633328681516406}, "datetime": {"datetime": "2024-06-13 19:54:36", "elapsed": 4.25321, "delta": 0.00399}}
{"target": -1097.2671354538984, "params": {"gamma": 5.49934931479934, "lr": 0.015421822343255842}, "datetime": {"datetime": "2024-06-13 19:54:36", "elapsed": 4.257199, "delta": 0.003989}}
{"target": -911.6608513904596, "params": {"gamma": 9.830406796410628, "lr": 0.5984272223880148}, "datetime": {"datetime": "2024-06-13 19:54:36", "elapsed": 4.261188, "delta": 0.003989}}
{"target": -473.1504712518593, "params": {"gamma": 3.8417581657342703, "lr": 0.1467479307274827}, "datetime": {"datetime": "2024-06-13 19:54:36", "elapsed": 4.265178, "delta": 0.00399}}
{"target": -962.5388069221704, "params": {"gamma": 6.9690863860416155, "lr": 0.9058084167065523}, "datetime": {"datetime": "2024-06-13 19:54:36", "elapsed": 4.269998, "delta": 0.00482}}
{"target": -418.2520487138685, "params": {"gamma": 3.1817694146938234, "lr": 0.7664921446562297}, "datetime": {"datetime": "2024-06-13 19:54:36", "elapsed": 4.273987, "delta": 0.003989}}
{"target": -416.2572968123997, "params": {"gamma": 2.8756935223098354, "lr": 0.9572253423743934}, "datetime": {"datetime": "2024-06-13 19:54:36", "elapsed": 4.277976, "delta": 0.003989}}
{"target": -678.1152123451353, "params": {"gamma": 7.023455232193281, "lr": 0.6250155931933211}, "datetime": {"datetime": "2024-06-13 19:54:36", "elapsed": 4.281965, "delta": 0.003989}}
{"target": -883.5163068655888, "params": {"gamma": 9.307416596768327, "lr": 0.26904238725191854}, "datetime": {"datetime": "2024-06-13 19:54:36", "elapsed": 4.285955, "delta": 0.00399}}
{"target": -1010.2575204291308, "params": {"gamma": 9.236233847661266, "lr": 0.6780829341239825}, "datetime": {"datetime": "2024-06-13 19:54:36", "elapsed": 4.289944, "delta": 0.003989}}
{"target": -723.3384878178115, "params": {"gamma": 7.713853709507418, "lr": 0.5716353364349513}, "datetime": {"datetime": "2024-06-13 19:54:36", "elapsed": 4.293934, "delta": 0.00399}}
