{"target": -653.0803869791897, "params": {"gamma": 8.963993959368008, "prior": 9.110902413045697, "rate": 4.965364995168459}, "datetime": {"datetime": "2024-06-14 12:57:27", "elapsed": 16.250709, "delta": 0.010003}}
{"target": -687.8652224343431, "params": {"gamma": 7.626339709379889, "prior": 7.118724128793965, "rate": 9.513017241338671}, "datetime": {"datetime": "2024-06-14 12:57:27", "elapsed": 16.260185, "delta": 0.009476}}
{"target": -203.2288503646993, "params": {"gamma": 2.416303346981715, "prior": 5.657263107051882, "rate": 0.4386889024105297}, "datetime": {"datetime": "2024-06-14 12:57:27", "elapsed": 16.271156, "delta": 0.010971}}
{"target": -667.5878206116206, "params": {"gamma": 9.231856412216342, "prior": 9.458040129710191, "rate": 5.0095625425504435}, "datetime": {"datetime": "2024-06-14 12:57:27", "elapsed": 16.281129, "delta": 0.009973}}
{"target": -403.6398867998201, "params": {"gamma": 5.861588364410452, "prior": 7.742224266063105, "rate": 2.494062511590284}, "datetime": {"datetime": "2024-06-14 12:57:27", "elapsed": 16.291131, "delta": 0.010002}}
{"target": -392.38139454470854, "params": {"gamma": 3.7905257699858756, "prior": 2.9571954023700533, "rate": 5.388500848183928}, "datetime": {"datetime": "2024-06-14 12:57:27", "elapsed": 16.301076, "delta": 0.009945}}
{"target": -550.3676626900909, "params": {"gamma": 9.489619281316324, "prior": 3.915466925543566, "rate": 0.4510526483715768}, "datetime": {"datetime": "2024-06-14 12:57:27", "elapsed": 16.311049, "delta": 0.009973}}
{"target": -516.2586014776219, "params": {"gamma": 6.8255038084621535, "prior": 5.0008035357807925, "rate": 2.96582349698632}, "datetime": {"datetime": "2024-06-14 12:57:27", "elapsed": 16.321022, "delta": 0.009973}}
{"target": -371.87914919719304, "params": {"gamma": 4.159470178485402, "prior": 8.638851939129534, "rate": 8.210356117785}, "datetime": {"datetime": "2024-06-14 12:57:27", "elapsed": 16.330996, "delta": 0.009974}}
{"target": -222.5772833100727, "params": {"gamma": 1.7092925546648687, "prior": 6.882819454636019, "rate": 9.976635949364582}, "datetime": {"datetime": "2024-06-14 12:57:27", "elapsed": 16.340969, "delta": 0.009973}}
{"target": -549.2349178865863, "params": {"gamma": 7.843808621110356, "prior": 7.277958918810155, "rate": 3.1008897721241295}, "datetime": {"datetime": "2024-06-14 12:57:27", "elapsed": 16.350943, "delta": 0.009974}}
{"target": -198.2908593988894, "params": {"gamma": 1.5955484350535305, "prior": 8.656789324831875, "rate": 6.103851837947851}, "datetime": {"datetime": "2024-06-14 12:57:27", "elapsed": 16.361913, "delta": 0.01097}}
{"target": -353.1089545768441, "params": {"gamma": 3.90151389493923, "prior": 7.580348274726708, "rate": 7.18656022932733}, "datetime": {"datetime": "2024-06-14 12:57:27", "elapsed": 16.371887, "delta": 0.009974}}
{"target": -733.1578607096887, "params": {"gamma": 6.473683921648569, "prior": 2.1519072794770633, "rate": 8.8553926501292}, "datetime": {"datetime": "2024-06-14 12:57:27", "elapsed": 16.382861, "delta": 0.010974}}
{"target": -454.281495066866, "params": {"gamma": 7.190340618322544, "prior": 3.096042577804754, "rate": 0.636921390268151}, "datetime": {"datetime": "2024-06-14 12:57:27", "elapsed": 16.393835, "delta": 0.010974}}
{"target": -684.2713034182079, "params": {"gamma": 9.128051358543207, "prior": 7.959115578671122, "rate": 4.986337846072983}, "datetime": {"datetime": "2024-06-14 12:57:27", "elapsed": 16.40381, "delta": 0.009975}}
{"target": -342.52150695320074, "params": {"gamma": 4.139838016887461, "prior": 6.194068492491998, "rate": 3.9857532458547134}, "datetime": {"datetime": "2024-06-14 12:57:27", "elapsed": 16.413783, "delta": 0.009973}}
{"target": -156.18853655346183, "params": {"gamma": 0.3901414822148927, "prior": 3.089486487843047, "rate": 2.4635393026772414}, "datetime": {"datetime": "2024-06-14 12:57:27", "elapsed": 16.427749, "delta": 0.013966}}
{"target": -699.8598800202685, "params": {"gamma": 9.723053574133592, "prior": 7.698230686083612, "rate": 4.03756244174214}, "datetime": {"datetime": "2024-06-14 12:57:27", "elapsed": 16.437724, "delta": 0.009975}}
{"target": -702.9358487498951, "params": {"gamma": 7.36653545986381, "prior": 3.096284649891858, "rate": 5.273430978494289}, "datetime": {"datetime": "2024-06-14 12:57:27", "elapsed": 16.447698, "delta": 0.009974}}
{"target": -251.232869504415, "params": {"gamma": 2.0722252550467415, "prior": 2.617176807498664, "rate": 4.340796665124917}, "datetime": {"datetime": "2024-06-14 12:57:27", "elapsed": 16.458668, "delta": 0.01097}}
{"target": -170.95916465639303, "params": {"gamma": 0.8251761637855287, "prior": 8.547550771616626, "rate": 9.163375833703464}, "datetime": {"datetime": "2024-06-14 12:57:27", "elapsed": 16.468642, "delta": 0.009974}}
{"target": -257.6055718779479, "params": {"gamma": 2.131865517652924, "prior": 4.789847916431056, "rate": 8.414755557056594}, "datetime": {"datetime": "2024-06-14 12:57:27", "elapsed": 16.478618, "delta": 0.009976}}
{"target": -269.42435095257235, "params": {"gamma": 2.8835014556151, "prior": 6.146017338301501, "rate": 4.421038071544468}, "datetime": {"datetime": "2024-06-14 12:57:27", "elapsed": 16.489591, "delta": 0.010973}}
{"target": -326.19168362504996, "params": {"gamma": 3.9755172922412867, "prior": 7.914804790958176, "rate": 4.645661627447652}, "datetime": {"datetime": "2024-06-14 12:57:27", "elapsed": 16.499566, "delta": 0.009975}}
{"target": -409.49071449938384, "params": {"gamma": 4.648560381634333, "prior": 9.92108219282192, "rate": 9.622335724671418}, "datetime": {"datetime": "2024-06-14 12:57:27", "elapsed": 16.509542, "delta": 0.009976}}
{"target": -293.4003024098426, "params": {"gamma": 2.3515737989342904, "prior": 2.3468422945017595, "rate": 6.627717437420285}, "datetime": {"datetime": "2024-06-14 12:57:27", "elapsed": 16.519515, "delta": 0.009973}}
{"target": -374.15413355123206, "params": {"gamma": 4.12005240559699, "prior": 7.21566500145903, "rate": 7.33480011223453}, "datetime": {"datetime": "2024-06-14 12:57:27", "elapsed": 16.529489, "delta": 0.009974}}
{"target": -865.3735387184684, "params": {"gamma": 7.833165317126014, "prior": 2.706813429208478, "rate": 9.983583794835354}, "datetime": {"datetime": "2024-06-14 12:57:27", "elapsed": 16.539462, "delta": 0.009973}}
{"target": -451.6889871972385, "params": {"gamma": 4.937510667267648, "prior": 0.9308724921413128, "rate": 1.1210448167623643}, "datetime": {"datetime": "2024-06-14 12:57:27", "elapsed": 16.549435, "delta": 0.009973}}
{"target": -552.8140956750685, "params": {"gamma": 5.615435741740323, "prior": 5.150078530019021, "rate": 9.348420230005587}, "datetime": {"datetime": "2024-06-14 12:57:27", "elapsed": 16.559408, "delta": 0.009973}}
{"target": -628.509699323204, "params": {"gamma": 9.008359782293162, "prior": 4.707496113752034, "rate": 2.0655648551479264}, "datetime": {"datetime": "2024-06-14 12:57:27", "elapsed": 16.569382, "delta": 0.009974}}
{"target": -569.9783027960839, "params": {"gamma": 5.644611641557381, "prior": 3.156460479596483, "rate": 6.506205753925493}, "datetime": {"datetime": "2024-06-14 12:57:27", "elapsed": 16.579355, "delta": 0.009973}}
{"target": -334.5966129176131, "params": {"gamma": 5.151524964800736, "prior": 8.447482905263575, "rate": 1.318272408917089}, "datetime": {"datetime": "2024-06-14 12:57:27", "elapsed": 16.589328, "delta": 0.009973}}
{"target": -262.5477803782443, "params": {"gamma": 2.510816765750457, "prior": 6.015561199030471, "rate": 6.252522597888486}, "datetime": {"datetime": "2024-06-14 12:57:27", "elapsed": 16.599331, "delta": 0.010003}}
{"target": -365.28285671720806, "params": {"gamma": 4.126528259704839, "prior": 9.015862526250485, "rate": 8.102939975399439}, "datetime": {"datetime": "2024-06-14 12:57:27", "elapsed": 16.610273, "delta": 0.010942}}
{"target": -466.3751253499135, "params": {"gamma": 5.408957978271053, "prior": 4.109790667839894, "rate": 3.9723842641831384}, "datetime": {"datetime": "2024-06-14 12:57:27", "elapsed": 16.620246, "delta": 0.009973}}
{"target": -167.82731437468087, "params": {"gamma": 1.1407744850837678, "prior": 9.378724974180852, "rate": 2.3461206012549862}, "datetime": {"datetime": "2024-06-14 12:57:27", "elapsed": 16.630219, "delta": 0.009973}}
{"target": -200.01721125150843, "params": {"gamma": 1.5290154598338772, "prior": 5.149156483909666, "rate": 4.550990310069778}, "datetime": {"datetime": "2024-06-14 12:57:27", "elapsed": 16.640193, "delta": 0.009974}}
{"target": -168.67491221397802, "params": {"gamma": 0.741195677957228, "prior": 5.798171437543058, "rate": 6.98565427848021}, "datetime": {"datetime": "2024-06-14 12:57:27", "elapsed": 16.650166, "delta": 0.009973}}
{"target": -507.57417558321123, "params": {"gamma": 4.905996798082162, "prior": 0.8216471576437056, "rate": 1.7974602213999658}, "datetime": {"datetime": "2024-06-14 12:57:27", "elapsed": 16.66014, "delta": 0.009974}}
{"target": -165.67984805017315, "params": {"gamma": 1.1602386580615005, "prior": 5.876279483963145, "rate": 0.8517929419359279}, "datetime": {"datetime": "2024-06-14 12:57:27", "elapsed": 16.670112, "delta": 0.009972}}
{"target": -424.16990143714446, "params": {"gamma": 3.8411646857898374, "prior": 1.5568483148669632, "rate": 4.115450872320082}, "datetime": {"datetime": "2024-06-14 12:57:27", "elapsed": 16.681083, "delta": 0.010971}}
{"target": -648.5207592177844, "params": {"gamma": 6.253124313642986, "prior": 3.6594426508543156, "rate": 8.959947493135243}, "datetime": {"datetime": "2024-06-14 12:57:27", "elapsed": 16.691057, "delta": 0.009974}}
{"target": -367.0201284368682, "params": {"gamma": 4.175385995901437, "prior": 9.343186839462406, "rate": 8.204747872100748}, "datetime": {"datetime": "2024-06-14 12:57:28", "elapsed": 16.70103, "delta": 0.009973}}
{"target": -187.361888718834, "params": {"gamma": 1.1673082330925828, "prior": 1.1292596538179704, "rate": 1.3289685737075208}, "datetime": {"datetime": "2024-06-14 12:57:28", "elapsed": 16.711003, "delta": 0.009973}}
{"target": -562.8911661466092, "params": {"gamma": 6.3850452068779955, "prior": 6.877462138363933, "rate": 7.900310828063816}, "datetime": {"datetime": "2024-06-14 12:57:28", "elapsed": 16.720977, "delta": 0.009974}}
{"target": -472.26030615992636, "params": {"gamma": 5.423716313506835, "prior": 6.7860429050825894, "rate": 6.86782996092407}, "datetime": {"datetime": "2024-06-14 12:57:28", "elapsed": 16.731947, "delta": 0.01097}}
{"target": -292.3815201116149, "params": {"gamma": 3.3829604515267047, "prior": 6.540111495995206, "rate": 4.041556089281965}, "datetime": {"datetime": "2024-06-14 12:57:28", "elapsed": 16.74192, "delta": 0.009973}}
{"target": -463.2817908085378, "params": {"gamma": 6.402004807053291, "prior": 9.352740161515133, "rate": 4.300276952021971}, "datetime": {"datetime": "2024-06-14 12:57:28", "elapsed": 16.751894, "delta": 0.009974}}
{"target": -497.039841470224, "params": {"gamma": 5.062169284611167, "prior": 3.387441539928508, "rate": 5.787626649270162}, "datetime": {"datetime": "2024-06-14 12:57:28", "elapsed": 16.762865, "delta": 0.010971}}
{"target": -910.6510752479448, "params": {"gamma": 8.63433961200101, "prior": 2.9081286245045184, "rate": 8.3440688316731}, "datetime": {"datetime": "2024-06-14 12:57:28", "elapsed": 16.772838, "delta": 0.009973}}
{"target": -513.8639532988032, "params": {"gamma": 5.19525257002433, "prior": 2.338154974562283, "rate": 4.195052837461809}, "datetime": {"datetime": "2024-06-14 12:57:28", "elapsed": 16.782811, "delta": 0.009973}}
{"target": -177.71083332359473, "params": {"gamma": 1.6707797438122824, "prior": 9.132705794826414, "rate": 0.5804135275146948}, "datetime": {"datetime": "2024-06-14 12:57:28", "elapsed": 16.793782, "delta": 0.010971}}
{"target": -642.7012779651411, "params": {"gamma": 6.0404303253472555, "prior": 1.1291215126301983, "rate": 3.135467231273893}, "datetime": {"datetime": "2024-06-14 12:57:28", "elapsed": 16.803755, "delta": 0.009973}}
{"target": -202.51843467170406, "params": {"gamma": 1.430273657454418, "prior": 5.045153826684863, "rate": 6.361341648049341}, "datetime": {"datetime": "2024-06-14 12:57:28", "elapsed": 16.813729, "delta": 0.009974}}
{"target": -785.8630205975771, "params": {"gamma": 8.292725454727396, "prior": 4.5551280553231495, "rate": 7.694721722549676}, "datetime": {"datetime": "2024-06-14 12:57:28", "elapsed": 16.823702, "delta": 0.009973}}
{"target": -369.8881607205409, "params": {"gamma": 5.953782798974832, "prior": 9.725416897155455, "rate": 1.1980382373790506}, "datetime": {"datetime": "2024-06-14 12:57:28", "elapsed": 16.833675, "delta": 0.009973}}
{"target": -676.4945344894284, "params": {"gamma": 8.163360508295652, "prior": 8.36804642863598, "rate": 7.915926255491784}, "datetime": {"datetime": "2024-06-14 12:57:28", "elapsed": 16.843649, "delta": 0.009974}}
{"target": -459.6090527421813, "params": {"gamma": 4.548793901755333, "prior": 5.319373120578599, "rate": 9.853860789595378}, "datetime": {"datetime": "2024-06-14 12:57:28", "elapsed": 16.853622, "delta": 0.009973}}
{"target": -700.6842022320757, "params": {"gamma": 9.446413498524006, "prior": 7.653717361291417, "rate": 4.603153079254813}, "datetime": {"datetime": "2024-06-14 12:57:28", "elapsed": 16.863595, "delta": 0.009973}}
{"target": -380.3818517765968, "params": {"gamma": 5.4028153672728605, "prior": 8.065147279335433, "rate": 2.7694190259593214}, "datetime": {"datetime": "2024-06-14 12:57:28", "elapsed": 16.873568, "delta": 0.009973}}
{"target": -306.2256051611716, "params": {"gamma": 2.5660746449201204, "prior": 2.2172273194191625, "rate": 5.5125104016000455}, "datetime": {"datetime": "2024-06-14 12:57:28", "elapsed": 16.883542, "delta": 0.009974}}
{"target": -1024.7902767624078, "params": {"gamma": 9.51400463278507, "prior": 2.453593275447689, "rate": 8.016191948242625}, "datetime": {"datetime": "2024-06-14 12:57:28", "elapsed": 16.894512, "delta": 0.01097}}
{"target": -153.95015840092245, "params": {"gamma": 0.3050697728019885, "prior": 5.111578112737991, "rate": 2.840969561694019}, "datetime": {"datetime": "2024-06-14 12:57:28", "elapsed": 16.904486, "delta": 0.009974}}
{"target": -296.7890689942646, "params": {"gamma": 2.8279345769967326, "prior": 3.9805415181824153, "rate": 5.35503815277569}, "datetime": {"datetime": "2024-06-14 12:57:28", "elapsed": 16.914459, "delta": 0.009973}}
{"target": -470.4552188717925, "params": {"gamma": 7.729080748891848, "prior": 9.620416719522808, "rate": 1.5047059924704762}, "datetime": {"datetime": "2024-06-14 12:57:28", "elapsed": 16.924432, "delta": 0.009973}}
{"target": -477.3470225984292, "params": {"gamma": 3.948506624298461, "prior": 1.711128575734629, "rate": 8.366584905960446}, "datetime": {"datetime": "2024-06-14 12:57:28", "elapsed": 16.934406, "delta": 0.009974}}
{"target": -169.84632498055663, "params": {"gamma": 0.848939363998362, "prior": 8.577228644378229, "rate": 7.408710726097538}, "datetime": {"datetime": "2024-06-14 12:57:28", "elapsed": 16.945376, "delta": 0.01097}}
{"target": -520.8401001740333, "params": {"gamma": 8.583506747549555, "prior": 8.910210077238986, "rate": 1.5086156837021263}, "datetime": {"datetime": "2024-06-14 12:57:28", "elapsed": 16.95535, "delta": 0.009974}}
{"target": -468.2025059533681, "params": {"gamma": 5.5673037568750585, "prior": 3.0949243389652152, "rate": 2.7129607380351044}, "datetime": {"datetime": "2024-06-14 12:57:28", "elapsed": 16.965323, "delta": 0.009973}}
{"target": -151.22629416504137, "params": {"gamma": 0.16532732155215554, "prior": 5.200289634664171, "rate": 0.19147494677606597}, "datetime": {"datetime": "2024-06-14 12:57:28", "elapsed": 16.975297, "delta": 0.009974}}
{"target": -860.8075746037501, "params": {"gamma": 8.982387549518384, "prior": 2.743118745199252, "rate": 4.934240682090825}, "datetime": {"datetime": "2024-06-14 12:57:28", "elapsed": 16.98527, "delta": 0.009973}}
{"target": -803.6310150940623, "params": {"gamma": 6.364538822186757, "prior": 0.11484759273546576, "rate": 1.1332762215360346}, "datetime": {"datetime": "2024-06-14 12:57:28", "elapsed": 16.995243, "delta": 0.009973}}
{"target": -437.6296178059972, "params": {"gamma": 4.6659477575289365, "prior": 6.27045023526184, "rate": 8.196890952415792}, "datetime": {"datetime": "2024-06-14 12:57:28", "elapsed": 17.006251, "delta": 0.011008}}
{"target": -343.15389743465715, "params": {"gamma": 4.148641338539144, "prior": 9.27585593466577, "rate": 5.974235073828673}, "datetime": {"datetime": "2024-06-14 12:57:28", "elapsed": 17.016227, "delta": 0.009976}}
{"target": -151.16352121151112, "params": {"gamma": 0.019306140396848814, "prior": 6.83237546346491, "rate": 2.128523676734889}, "datetime": {"datetime": "2024-06-14 12:57:28", "elapsed": 17.02616, "delta": 0.009933}}
{"target": -152.33490696862552, "params": {"gamma": 0.1535430664843777, "prior": 7.383907493191389, "rate": 5.519551912752578}, "datetime": {"datetime": "2024-06-14 12:57:28", "elapsed": 17.036134, "delta": 0.009974}}
{"target": -864.5091689794776, "params": {"gamma": 7.836427271615353, "prior": 0.9728738222321646, "rate": 3.557641134340776}, "datetime": {"datetime": "2024-06-14 12:57:28", "elapsed": 17.046107, "delta": 0.009973}}
{"target": -287.04834625870217, "params": {"gamma": 2.997716685977381, "prior": 5.733129677407973, "rate": 5.102021899170938}, "datetime": {"datetime": "2024-06-14 12:57:28", "elapsed": 17.05608, "delta": 0.009973}}
{"target": -831.7149247096584, "params": {"gamma": 7.821480373966176, "prior": 1.951873292249901, "rate": 5.765378570105822}, "datetime": {"datetime": "2024-06-14 12:57:28", "elapsed": 17.066054, "delta": 0.009974}}
{"target": -573.2649237034035, "params": {"gamma": 6.444129706059222, "prior": 4.652693074134186, "rate": 5.580214322469496}, "datetime": {"datetime": "2024-06-14 12:57:28", "elapsed": 17.076056, "delta": 0.010002}}
{"target": -695.9623507003694, "params": {"gamma": 9.743286307322958, "prior": 7.541556933766897, "rate": 3.8104826236472786}, "datetime": {"datetime": "2024-06-14 12:57:28", "elapsed": 17.086998, "delta": 0.010942}}
{"target": -290.8371936749885, "params": {"gamma": 4.340728838399114, "prior": 7.1570316925553605, "rate": 0.9380272253159303}, "datetime": {"datetime": "2024-06-14 12:57:28", "elapsed": 17.096971, "delta": 0.009973}}
{"target": -522.028284294429, "params": {"gamma": 6.378444418173399, "prior": 1.2321491091836958, "rate": 1.0193780310022393}, "datetime": {"datetime": "2024-06-14 12:57:28", "elapsed": 17.107541, "delta": 0.01057}}
{"target": -760.6528232030805, "params": {"gamma": 6.667021122891057, "prior": 1.7542887876159898, "rate": 7.647419971523622}, "datetime": {"datetime": "2024-06-14 12:57:28", "elapsed": 17.117515, "delta": 0.009974}}
{"target": -723.430484928082, "params": {"gamma": 7.506153520363204, "prior": 3.18900068961921, "rate": 5.7090751316208}, "datetime": {"datetime": "2024-06-14 12:57:28", "elapsed": 17.128485, "delta": 0.01097}}
{"target": -422.64376656656833, "params": {"gamma": 6.451761309420609, "prior": 8.133499632738395, "rate": 2.0154617304835343}, "datetime": {"datetime": "2024-06-14 12:57:28", "elapsed": 17.138458, "delta": 0.009973}}
{"target": -495.02390189474494, "params": {"gamma": 6.762750921175965, "prior": 8.246616776474657, "rate": 4.144442403173417}, "datetime": {"datetime": "2024-06-14 12:57:28", "elapsed": 17.148998, "delta": 0.01054}}
{"target": -491.80225802376754, "params": {"gamma": 4.93747435337824, "prior": 5.191069021280379, "rate": 9.393346948548995}, "datetime": {"datetime": "2024-06-14 12:57:28", "elapsed": 17.158972, "delta": 0.009974}}
{"target": -159.37419487634295, "params": {"gamma": 0.5174559628579339, "prior": 5.75837295853161, "rate": 4.89811116337683}, "datetime": {"datetime": "2024-06-14 12:57:28", "elapsed": 17.168945, "delta": 0.009973}}
{"target": -332.22086707245785, "params": {"gamma": 3.43893717379704, "prior": 6.732175526529206, "rate": 7.6946306666071145}, "datetime": {"datetime": "2024-06-14 12:57:28", "elapsed": 17.178918, "delta": 0.009973}}
{"target": -628.3211051223068, "params": {"gamma": 5.401055710011223, "prior": 0.5122166664564219, "rate": 2.351573570535765}, "datetime": {"datetime": "2024-06-14 12:57:28", "elapsed": 17.188892, "delta": 0.009974}}
{"target": -153.49882213794612, "params": {"gamma": 0.20537707355366863, "prior": 3.3450050943537124, "rate": 4.6810927226785255}, "datetime": {"datetime": "2024-06-14 12:57:28", "elapsed": 17.199863, "delta": 0.010971}}
{"target": -642.3845754288844, "params": {"gamma": 7.845906561782468, "prior": 5.369502262702111, "rate": 4.774787580289247}, "datetime": {"datetime": "2024-06-14 12:57:28", "elapsed": 17.209836, "delta": 0.009973}}
{"target": -941.7726757422915, "params": {"gamma": 6.97979925706494, "prior": 0.27243013449192005, "rate": 6.950212658575371}, "datetime": {"datetime": "2024-06-14 12:57:28", "elapsed": 17.219809, "delta": 0.009973}}
{"target": -305.6453592143174, "params": {"gamma": 3.120283908366149, "prior": 5.641930498717792, "rate": 6.068459647449929}, "datetime": {"datetime": "2024-06-14 12:57:28", "elapsed": 17.229783, "delta": 0.009974}}
{"target": -242.91858123525353, "params": {"gamma": 1.8222444288432162, "prior": 2.5776986435657308, "rate": 5.788601767479563}, "datetime": {"datetime": "2024-06-14 12:57:28", "elapsed": 17.240753, "delta": 0.01097}}
{"target": -285.89600530968113, "params": {"gamma": 2.626964094789226, "prior": 2.4702287887304846, "rate": 3.5909544712195682}, "datetime": {"datetime": "2024-06-14 12:57:28", "elapsed": 17.250727, "delta": 0.009974}}
{"target": -669.7738701696568, "params": {"gamma": 9.044205571519699, "prior": 8.705182024603866, "rate": 5.140843749597316}, "datetime": {"datetime": "2024-06-14 12:57:28", "elapsed": 17.2607, "delta": 0.009973}}
{"target": -155.0653633237468, "params": {"gamma": 0.518425063389165, "prior": 8.023345278411995, "rate": 1.8127106900062346}, "datetime": {"datetime": "2024-06-14 12:57:28", "elapsed": 17.270673, "delta": 0.009973}}
