{"target": -234.69323312927125, "params": {"gamma": 4.371801524592517, "prior": 9.310290067062997, "rate": 5.796563374104747}, "datetime": {"datetime": "2024-06-14 05:32:53", "elapsed": 15.319323, "delta": 0.009973}}
{"target": -137.80563529914318, "params": {"gamma": 0.4919257168276211, "prior": 4.583327245754565, "rate": 1.6048400632304824}, "datetime": {"datetime": "2024-06-14 05:32:53", "elapsed": 15.330293, "delta": 0.01097}}
{"target": -376.7448481936152, "params": {"gamma": 7.3285116447675644, "prior": 3.5387914125136177, "rate": 2.0125752194218203}, "datetime": {"datetime": "2024-06-14 05:32:53", "elapsed": 15.33927, "delta": 0.008977}}
{"target": -453.4896246770657, "params": {"gamma": 8.428037552609165, "prior": 8.196183684842598, "rate": 3.4371232618649366}, "datetime": {"datetime": "2024-06-14 05:32:53", "elapsed": 15.349243, "delta": 0.009973}}
{"target": -195.839472127488, "params": {"gamma": 4.036824289622301, "prior": 0.6999381207727932, "rate": 1.789668289049935}, "datetime": {"datetime": "2024-06-14 05:32:53", "elapsed": 15.359217, "delta": 0.009974}}
{"target": -327.66004185894246, "params": {"gamma": 7.359452519624915, "prior": 5.704690450059553, "rate": 8.232546464042965}, "datetime": {"datetime": "2024-06-14 05:32:53", "elapsed": 15.36919, "delta": 0.009973}}
{"target": -260.63999613240014, "params": {"gamma": 5.011999831149711, "prior": 7.70183791518716, "rate": 5.099670086770199}, "datetime": {"datetime": "2024-06-14 05:32:53", "elapsed": 15.379163, "delta": 0.009973}}
{"target": -253.57240095472415, "params": {"gamma": 5.681122236748865, "prior": 1.9277178465421385, "rate": 5.444465844143353}, "datetime": {"datetime": "2024-06-14 05:32:53", "elapsed": 15.390134, "delta": 0.010971}}
{"target": -163.14528111199488, "params": {"gamma": 2.0111304539680037, "prior": 5.606569803760094, "rate": 1.4152709353449207}, "datetime": {"datetime": "2024-06-14 05:32:53", "elapsed": 15.39911, "delta": 0.008976}}
{"target": -178.83367456525394, "params": {"gamma": 1.860913882924621, "prior": 7.671361205911481, "rate": 0.7097917708485983}, "datetime": {"datetime": "2024-06-14 05:32:53", "elapsed": 15.410045, "delta": 0.010935}}
{"target": -255.63814005296894, "params": {"gamma": 3.693767142270499, "prior": 8.790992387293622, "rate": 1.0442696607468924}, "datetime": {"datetime": "2024-06-14 05:32:53", "elapsed": 15.420412, "delta": 0.010367}}
{"target": -181.63467994613052, "params": {"gamma": 3.592172999392244, "prior": 1.2282076392222137, "rate": 8.765531034947044}, "datetime": {"datetime": "2024-06-14 05:32:53", "elapsed": 15.429388, "delta": 0.008976}}
{"target": -122.37220656001, "params": {"gamma": 1.2632448916905008, "prior": 2.6200995276429606, "rate": 4.219641618837235}, "datetime": {"datetime": "2024-06-14 05:32:53", "elapsed": 15.439361, "delta": 0.009973}}
{"target": -340.2436980548667, "params": {"gamma": 6.652894921984129, "prior": 3.5125825645272064, "rate": 2.135803151301911}, "datetime": {"datetime": "2024-06-14 05:32:53", "elapsed": 15.449851, "delta": 0.01049}}
{"target": -188.23739978208255, "params": {"gamma": 3.734477672558837, "prior": 5.753143799030497, "rate": 9.907522742580955}, "datetime": {"datetime": "2024-06-14 05:32:53", "elapsed": 15.459824, "delta": 0.009973}}
{"target": -171.8559673340772, "params": {"gamma": 3.2723245929378826, "prior": 3.685813030171733, "rate": 7.062646301466503}, "datetime": {"datetime": "2024-06-14 05:32:53", "elapsed": 15.469797, "delta": 0.009973}}
{"target": -161.30400936806078, "params": {"gamma": 2.9900579784113206, "prior": 3.5620371383838085, "rate": 9.947082647057805}, "datetime": {"datetime": "2024-06-14 05:32:53", "elapsed": 15.479771, "delta": 0.009974}}
{"target": -418.9900034876332, "params": {"gamma": 6.043069520448973, "prior": 8.305226870877545, "rate": 0.3176252391757072}, "datetime": {"datetime": "2024-06-14 05:32:53", "elapsed": 15.489744, "delta": 0.009973}}
{"target": -131.57654912234273, "params": {"gamma": 1.4557567070423627, "prior": 7.304510112747834, "rate": 5.397899711964559}, "datetime": {"datetime": "2024-06-14 05:32:53", "elapsed": 15.499717, "delta": 0.009973}}
{"target": -477.9766199526017, "params": {"gamma": 9.952649800093342, "prior": 5.00673362856301, "rate": 3.8416545812104723}, "datetime": {"datetime": "2024-06-14 05:32:53", "elapsed": 15.509719, "delta": 0.010002}}
{"target": -135.98630319547183, "params": {"gamma": 1.9445456383363844, "prior": 5.942647801204246, "rate": 7.666485240265026}, "datetime": {"datetime": "2024-06-14 05:32:53", "elapsed": 15.520661, "delta": 0.010942}}
{"target": -600.6526311697022, "params": {"gamma": 9.244467433023058, "prior": 1.462495679977994, "rate": 0.08189114312752561}, "datetime": {"datetime": "2024-06-14 05:32:53", "elapsed": 15.530634, "delta": 0.009973}}
{"target": -221.0248313295898, "params": {"gamma": 4.780126931726139, "prior": 1.9111811039435311, "rate": 6.103775776452777}, "datetime": {"datetime": "2024-06-14 05:32:53", "elapsed": 15.540608, "delta": 0.009974}}
{"target": -279.5049360335071, "params": {"gamma": 6.203072776459787, "prior": 4.1553388322066995, "rate": 6.772375433611433}, "datetime": {"datetime": "2024-06-14 05:32:53", "elapsed": 15.550581, "delta": 0.009973}}
{"target": -191.61096355814476, "params": {"gamma": 1.997506020536704, "prior": 8.104961606799353, "rate": 0.5043465023721727}, "datetime": {"datetime": "2024-06-14 05:32:53", "elapsed": 15.56028, "delta": 0.009699}}
{"target": -134.09321958729834, "params": {"gamma": 1.7194467246754197, "prior": 9.807962958788716, "rate": 9.003871416888757}, "datetime": {"datetime": "2024-06-14 05:32:53", "elapsed": 15.570249, "delta": 0.009969}}
{"target": -491.71632886995394, "params": {"gamma": 9.397350482215943, "prior": 9.093598504119935, "rate": 4.414730582333611}, "datetime": {"datetime": "2024-06-14 05:32:53", "elapsed": 15.580222, "delta": 0.009973}}
{"target": -555.7270032476854, "params": {"gamma": 9.38810223223617, "prior": 2.450393284380015, "rate": 0.4960936050759842}, "datetime": {"datetime": "2024-06-14 05:32:53", "elapsed": 15.590195, "delta": 0.009973}}
{"target": -255.33539136677268, "params": {"gamma": 5.573083480654817, "prior": 3.2018703277326415, "rate": 5.321241086655658}, "datetime": {"datetime": "2024-06-14 05:32:53", "elapsed": 15.600198, "delta": 0.010003}}
{"target": -230.36225355689865, "params": {"gamma": 4.716614085966288, "prior": 4.883010854206279, "rate": 5.701205216020305}, "datetime": {"datetime": "2024-06-14 05:32:53", "elapsed": 15.611139, "delta": 0.010941}}
{"target": -385.2091957212717, "params": {"gamma": 9.234499334273318, "prior": 2.4383056862365993, "rate": 8.76092541084365}, "datetime": {"datetime": "2024-06-14 05:32:53", "elapsed": 15.621113, "delta": 0.009974}}
{"target": -323.7971095950567, "params": {"gamma": 7.338620497153172, "prior": 0.8841865537306981, "rate": 8.35403947254459}, "datetime": {"datetime": "2024-06-14 05:32:53", "elapsed": 15.631086, "delta": 0.009973}}
{"target": -337.0077417689718, "params": {"gamma": 3.977042541433784, "prior": 3.4238072872295295, "rate": 0.004929638918432948}, "datetime": {"datetime": "2024-06-14 05:32:53", "elapsed": 15.641059, "delta": 0.009973}}
{"target": -150.1089819291825, "params": {"gamma": 2.4588060546759145, "prior": 6.91066886368868, "rate": 8.511875178501727}, "datetime": {"datetime": "2024-06-14 05:32:53", "elapsed": 15.650541, "delta": 0.009482}}
{"target": -166.87276611002378, "params": {"gamma": 2.411253644225826, "prior": 3.772303728049094, "rate": 1.5050829543145978}, "datetime": {"datetime": "2024-06-14 05:32:53", "elapsed": 15.661511, "delta": 0.01097}}
{"target": -374.3310663550542, "params": {"gamma": 8.035198140908488, "prior": 7.198534861704508, "rate": 7.005081395607865}, "datetime": {"datetime": "2024-06-14 05:32:53", "elapsed": 15.672482, "delta": 0.010971}}
{"target": -320.26666848740643, "params": {"gamma": 6.788866386536979, "prior": 8.931245540448607, "rate": 8.830426892992689}, "datetime": {"datetime": "2024-06-14 05:32:53", "elapsed": 15.685447, "delta": 0.012965}}
{"target": -286.1549629663222, "params": {"gamma": 6.254053116944359, "prior": 2.9589059326949623, "rate": 4.031624750430216}, "datetime": {"datetime": "2024-06-14 05:32:53", "elapsed": 15.696418, "delta": 0.010971}}
{"target": -137.26694865967204, "params": {"gamma": 0.29054354730172277, "prior": 9.173191738621183, "rate": 6.874789890986447}, "datetime": {"datetime": "2024-06-14 05:32:53", "elapsed": 15.706391, "delta": 0.009973}}
{"target": -379.1304823522031, "params": {"gamma": 9.08180006447146, "prior": 3.0906626574741516, "rate": 9.448319713154849}, "datetime": {"datetime": "2024-06-14 05:32:53", "elapsed": 15.716364, "delta": 0.009973}}
{"target": -635.1120744850764, "params": {"gamma": 8.640447686233587, "prior": 8.871526314972696, "rate": 0.0024131607540603924}, "datetime": {"datetime": "2024-06-14 05:32:53", "elapsed": 15.726338, "delta": 0.009974}}
{"target": -187.78733662126658, "params": {"gamma": 3.773024949034168, "prior": 1.311020393599276, "rate": 9.328146256783993}, "datetime": {"datetime": "2024-06-14 05:32:53", "elapsed": 15.737309, "delta": 0.010971}}
{"target": -251.76301930052531, "params": {"gamma": 5.137558817898313, "prior": 4.94443049292636, "rate": 4.869724747174828}, "datetime": {"datetime": "2024-06-14 05:32:53", "elapsed": 15.747283, "delta": 0.009974}}
{"target": -260.12388940699896, "params": {"gamma": 5.703348718331128, "prior": 5.490624347569382, "rate": 9.171191497772435}, "datetime": {"datetime": "2024-06-14 05:32:53", "elapsed": 15.756734, "delta": 0.009451}}
{"target": -476.76047064106933, "params": {"gamma": 8.843961080725371, "prior": 7.858820667021336, "rate": 3.227950630409935}, "datetime": {"datetime": "2024-06-14 05:32:53", "elapsed": 15.767705, "delta": 0.010971}}
{"target": -336.5639566634713, "params": {"gamma": 7.8445897782918435, "prior": 1.537336203606739, "rate": 8.602401775503456}, "datetime": {"datetime": "2024-06-14 05:32:53", "elapsed": 15.777678, "delta": 0.009973}}
{"target": -384.03361632458456, "params": {"gamma": 7.730224416470844, "prior": 7.782074642130607, "rate": 5.287458244919481}, "datetime": {"datetime": "2024-06-14 05:32:53", "elapsed": 15.791641, "delta": 0.013963}}
{"target": -211.20748043043523, "params": {"gamma": 4.502403481540989, "prior": 2.3436517776557912, "rate": 8.086973092518448}, "datetime": {"datetime": "2024-06-14 05:32:53", "elapsed": 15.802612, "delta": 0.010971}}
{"target": -412.7999320139018, "params": {"gamma": 9.659325036522198, "prior": 5.480966524783521, "rate": 9.022172363016855}, "datetime": {"datetime": "2024-06-14 05:32:54", "elapsed": 15.812585, "delta": 0.009973}}
{"target": -171.99900604227827, "params": {"gamma": 2.824222069304223, "prior": 5.225776988360308, "rate": 3.282297731662208}, "datetime": {"datetime": "2024-06-14 05:32:54", "elapsed": 15.822558, "delta": 0.009973}}
{"target": -411.22090430150223, "params": {"gamma": 9.918019790908655, "prior": 2.5781348530454977, "rate": 6.7878761196273985}, "datetime": {"datetime": "2024-06-14 05:32:54", "elapsed": 15.833529, "delta": 0.010971}}
{"target": -351.1660475156439, "params": {"gamma": 7.642256587918056, "prior": 0.41904372335207496, "rate": 9.822730012274928}, "datetime": {"datetime": "2024-06-14 05:32:54", "elapsed": 15.843502, "delta": 0.009973}}
{"target": -140.75686123938206, "params": {"gamma": 0.914136075297375, "prior": 6.179340836196217, "rate": 1.4943587574456791}, "datetime": {"datetime": "2024-06-14 05:32:54", "elapsed": 15.853478, "delta": 0.009976}}
{"target": -239.7658122878727, "params": {"gamma": 5.208444170554118, "prior": 1.0241164266430445, "rate": 7.812223199457574}, "datetime": {"datetime": "2024-06-14 05:32:54", "elapsed": 15.863451, "delta": 0.009973}}
{"target": -531.6154911187863, "params": {"gamma": 7.729537241828221, "prior": 6.02167277279802, "rate": 0.1464186524360543}, "datetime": {"datetime": "2024-06-14 05:32:54", "elapsed": 15.873425, "delta": 0.009974}}
{"target": -124.03480508928911, "params": {"gamma": 0.42120018122586705, "prior": 1.891609508368085, "rate": 9.720334679149751}, "datetime": {"datetime": "2024-06-14 05:32:54", "elapsed": 15.883398, "delta": 0.009973}}
{"target": -173.21059420596652, "params": {"gamma": 2.5467472891170426, "prior": 7.534987376045962, "rate": 2.8130708604490677}, "datetime": {"datetime": "2024-06-14 05:32:54", "elapsed": 15.893371, "delta": 0.009973}}
{"target": -154.00826636334452, "params": {"gamma": 2.555930656746099, "prior": 2.6528509861883998, "rate": 2.971232902105741}, "datetime": {"datetime": "2024-06-14 05:32:54", "elapsed": 15.903345, "delta": 0.009974}}
{"target": -147.47876252194592, "params": {"gamma": 0.0904371047664351, "prior": 9.873044202472457, "rate": 5.6650398975873095}, "datetime": {"datetime": "2024-06-14 05:32:54", "elapsed": 15.913318, "delta": 0.009973}}
{"target": -396.6474424853318, "params": {"gamma": 6.018822270456636, "prior": 5.428774701508513, "rate": 0.4393316428380598}, "datetime": {"datetime": "2024-06-14 05:32:54", "elapsed": 15.924289, "delta": 0.010971}}
{"target": -229.01149040687255, "params": {"gamma": 4.715733368498675, "prior": 5.44279736196503, "rate": 6.729884951727836}, "datetime": {"datetime": "2024-06-14 05:32:54", "elapsed": 15.934262, "delta": 0.009973}}
{"target": -246.75151235744224, "params": {"gamma": 5.342145859164941, "prior": 0.6452158589676233, "rate": 6.20136980037383}, "datetime": {"datetime": "2024-06-14 05:32:54", "elapsed": 15.944235, "delta": 0.009973}}
{"target": -266.0207885319103, "params": {"gamma": 5.812170852564193, "prior": 5.501403625658926, "rate": 8.432969520852312}, "datetime": {"datetime": "2024-06-14 05:32:54", "elapsed": 15.954211, "delta": 0.009976}}
{"target": -279.87178724704086, "params": {"gamma": 4.4744202102791135, "prior": 6.075297918451513, "rate": 1.2370052511020126}, "datetime": {"datetime": "2024-06-14 05:32:54", "elapsed": 15.964184, "delta": 0.009973}}
{"target": -235.11649669361947, "params": {"gamma": 2.524540150676985, "prior": 8.518507824967577, "rate": 0.16322740050218212}, "datetime": {"datetime": "2024-06-14 05:32:54", "elapsed": 15.974158, "delta": 0.009974}}
{"target": -148.68664241444912, "params": {"gamma": 1.563353530050915, "prior": 8.251511250120657, "rate": 2.2941474771120194}, "datetime": {"datetime": "2024-06-14 05:32:54", "elapsed": 15.984132, "delta": 0.009974}}
{"target": -153.0685962896088, "params": {"gamma": 2.5926903584258394, "prior": 7.0378270060594685, "rate": 9.665286266010238}, "datetime": {"datetime": "2024-06-14 05:32:54", "elapsed": 15.994104, "delta": 0.009972}}
{"target": -168.52659610910936, "params": {"gamma": 1.9835999198248373, "prior": 7.500223150149078, "rate": 1.4059219435725394}, "datetime": {"datetime": "2024-06-14 05:32:54", "elapsed": 16.005075, "delta": 0.010971}}
{"target": -188.4942896787939, "params": {"gamma": 3.8255932152218004, "prior": 3.3005635888934934, "rate": 8.837971404321385}, "datetime": {"datetime": "2024-06-14 05:32:54", "elapsed": 16.015048, "delta": 0.009973}}
{"target": -435.1909390260297, "params": {"gamma": 6.554158581010341, "prior": 3.4023960640121804, "rate": 0.2170579835200867}, "datetime": {"datetime": "2024-06-14 05:32:54", "elapsed": 16.025022, "delta": 0.009974}}
{"target": -209.57320200765585, "params": {"gamma": 3.690717582622661, "prior": 9.724588651254853, "rate": 5.291461768734136}, "datetime": {"datetime": "2024-06-14 05:32:54", "elapsed": 16.034996, "delta": 0.009974}}
{"target": -333.8218881780664, "params": {"gamma": 7.42170608723287, "prior": 3.5193494852507885, "rate": 4.606438063386967}, "datetime": {"datetime": "2024-06-14 05:32:54", "elapsed": 16.045966, "delta": 0.01097}}
{"target": -155.72234087179842, "params": {"gamma": 2.1171453464815797, "prior": 8.385901328359125, "rate": 3.5987287851418053}, "datetime": {"datetime": "2024-06-14 05:32:54", "elapsed": 16.055939, "delta": 0.009973}}
{"target": -143.52449567397542, "params": {"gamma": 0.37184424137389627, "prior": 6.920992980908198, "rate": 1.5587330522055973}, "datetime": {"datetime": "2024-06-14 05:32:54", "elapsed": 16.065913, "delta": 0.009974}}
{"target": -365.47245711073913, "params": {"gamma": 7.98771294193551, "prior": 0.2510982809907867, "rate": 5.856645849985007}, "datetime": {"datetime": "2024-06-14 05:32:54", "elapsed": 16.075886, "delta": 0.009973}}
{"target": -319.8165612355871, "params": {"gamma": 4.955667253979119, "prior": 9.974871164209066, "rate": 1.344572993526239}, "datetime": {"datetime": "2024-06-14 05:32:54", "elapsed": 16.085859, "delta": 0.009973}}
{"target": -300.65498999231517, "params": {"gamma": 6.725864268561899, "prior": 1.0399602054672268, "rate": 1.6185223747759032}, "datetime": {"datetime": "2024-06-14 05:32:54", "elapsed": 16.095832, "delta": 0.009973}}
{"target": -556.3136686483404, "params": {"gamma": 9.883324584988317, "prior": 8.085984167867757, "rate": 2.447158246382357}, "datetime": {"datetime": "2024-06-14 05:32:54", "elapsed": 16.105806, "delta": 0.009974}}
{"target": -372.1876200657399, "params": {"gamma": 8.46315815656222, "prior": 0.45244256444577213, "rate": 5.356534904767137}, "datetime": {"datetime": "2024-06-14 05:32:54", "elapsed": 16.115779, "delta": 0.009973}}
{"target": -128.9697481908228, "params": {"gamma": 0.9156560813263981, "prior": 9.711966099756669, "rate": 5.8314262663101335}, "datetime": {"datetime": "2024-06-14 05:32:54", "elapsed": 16.125752, "delta": 0.009973}}
{"target": -249.4718135556008, "params": {"gamma": 5.557857005100962, "prior": 3.2479334229382575, "rate": 8.499195516950698}, "datetime": {"datetime": "2024-06-14 05:32:54", "elapsed": 16.135726, "delta": 0.009974}}
{"target": -242.4411176989914, "params": {"gamma": 5.302014980143714, "prior": 0.26927241910209526, "rate": 1.849764010582726}, "datetime": {"datetime": "2024-06-14 05:32:54", "elapsed": 16.146697, "delta": 0.010971}}
{"target": -205.49138479204598, "params": {"gamma": 4.335249630012873, "prior": 0.8917664699406374, "rate": 2.807294876301211}, "datetime": {"datetime": "2024-06-14 05:32:54", "elapsed": 16.156703, "delta": 0.010006}}
{"target": -160.79349963515767, "params": {"gamma": 2.50470246829456, "prior": 0.10602555886107112, "rate": 6.929160306974375}, "datetime": {"datetime": "2024-06-14 05:32:54", "elapsed": 16.166647, "delta": 0.009944}}
{"target": -358.0748861354988, "params": {"gamma": 7.739122475175086, "prior": 8.221458050411275, "rate": 8.516444514251624}, "datetime": {"datetime": "2024-06-14 05:32:54", "elapsed": 16.17662, "delta": 0.009973}}
{"target": -132.60999680373186, "params": {"gamma": 1.516097284927453, "prior": 8.911362720684613, "rate": 6.582470685255508}, "datetime": {"datetime": "2024-06-14 05:32:54", "elapsed": 16.187591, "delta": 0.010971}}
{"target": -308.10847267602486, "params": {"gamma": 6.961640494479081, "prior": 5.684309475667977, "rate": 9.396880301472725}, "datetime": {"datetime": "2024-06-14 05:32:54", "elapsed": 16.197564, "delta": 0.009973}}
{"target": -161.45647263358214, "params": {"gamma": 2.5192185879677065, "prior": 7.8901544088551026, "rate": 4.953089405221723}, "datetime": {"datetime": "2024-06-14 05:32:54", "elapsed": 16.207538, "delta": 0.009974}}
{"target": -581.3176561752421, "params": {"gamma": 8.909111167255265, "prior": 2.834367028962495, "rate": 0.15345384499933612}, "datetime": {"datetime": "2024-06-14 05:32:54", "elapsed": 16.217511, "delta": 0.009973}}
{"target": -128.72204469553114, "params": {"gamma": 0.6498451553396644, "prior": 9.006387353591512, "rate": 6.411861082231753}, "datetime": {"datetime": "2024-06-14 05:32:54", "elapsed": 16.227128, "delta": 0.009617}}
{"target": -336.9283971172029, "params": {"gamma": 7.302956948346961, "prior": 5.093180874926231, "rate": 5.5761884295247635}, "datetime": {"datetime": "2024-06-14 05:32:54", "elapsed": 16.238099, "delta": 0.010971}}
{"target": -193.41498675755412, "params": {"gamma": 3.6395809320717802, "prior": 7.848092917900229, "rate": 7.568895646824035}, "datetime": {"datetime": "2024-06-14 05:32:54", "elapsed": 16.248072, "delta": 0.009973}}
{"target": -340.55293639924565, "params": {"gamma": 7.000361363341032, "prior": 9.622734907924354, "rate": 7.688614872456184}, "datetime": {"datetime": "2024-06-14 05:32:54", "elapsed": 16.258048, "delta": 0.009976}}
{"target": -444.7520451232742, "params": {"gamma": 9.779247988847397, "prior": 5.943736851967249, "rate": 6.192971647774601}, "datetime": {"datetime": "2024-06-14 05:32:54", "elapsed": 16.268622, "delta": 0.010574}}
{"target": -411.8722375434445, "params": {"gamma": 6.390893117652819, "prior": 3.331076730816897, "rate": 0.33125715159731645}, "datetime": {"datetime": "2024-06-14 05:32:54", "elapsed": 16.278592, "delta": 0.00997}}
{"target": -495.83326371867815, "params": {"gamma": 7.881975609758543, "prior": 7.130859720793782, "rate": 0.7912378849771072}, "datetime": {"datetime": "2024-06-14 05:32:54", "elapsed": 16.288565, "delta": 0.009973}}
{"target": -131.52113283309095, "params": {"gamma": 1.486669782533265, "prior": 6.894768417542823, "rate": 5.350838735760061}, "datetime": {"datetime": "2024-06-14 05:32:54", "elapsed": 16.298539, "delta": 0.009974}}
{"target": -131.80478938106995, "params": {"gamma": 1.9129532131472144, "prior": 0.6539381737611052, "rate": 6.114511590773306}, "datetime": {"datetime": "2024-06-14 05:32:54", "elapsed": 16.308512, "delta": 0.009973}}
{"target": -123.15932039419164, "params": {"gamma": 0.5370626571610718, "prior": 2.2143955883275006, "rate": 5.027124040449976}, "datetime": {"datetime": "2024-06-14 05:32:54", "elapsed": 16.319483, "delta": 0.010971}}
{"target": -162.10400074026194, "params": {"gamma": 0.941217065094407, "prior": 4.1481704960787145, "rate": 0.2021378650325921}, "datetime": {"datetime": "2024-06-14 05:32:54", "elapsed": 16.329485, "delta": 0.010002}}
{"target": -130.71762559457324, "params": {"gamma": 1.1955179943126049, "prior": 9.40661888678996, "rate": 5.589052028891483}, "datetime": {"datetime": "2024-06-14 05:32:54", "elapsed": 16.339429, "delta": 0.009944}}
