{"target": -142.4567145099689, "params": {"gamma": 0.04976556777778367, "lr": 0.3253313297689604}, "datetime": {"datetime": "2024-06-13 17:15:22", "elapsed": 6.025612, "delta": 0.004986}}
{"target": -2995.060039701031, "params": {"gamma": 8.389610534784513, "lr": 0.06282398021726943}, "datetime": {"datetime": "2024-06-13 17:15:22", "elapsed": 6.029603, "delta": 0.003991}}
{"target": -261.67161485943996, "params": {"gamma": 1.0550920446467325, "lr": 0.7017873465119159}, "datetime": {"datetime": "2024-06-13 17:15:22", "elapsed": 6.034588, "delta": 0.004985}}
{"target": -790.344209588901, "params": {"gamma": 5.142068519294122, "lr": 0.49816682499451226}, "datetime": {"datetime": "2024-06-13 17:15:22", "elapsed": 6.038578, "delta": 0.00399}}
{"target": -743.3767670186721, "params": {"gamma": 3.736723579545134, "lr": 0.603513616671319}, "datetime": {"datetime": "2024-06-13 17:15:22", "elapsed": 6.043564, "delta": 0.004986}}
{"target": -1215.101284760674, "params": {"gamma": 8.514836200003508, "lr": 0.27692305646899273}, "datetime": {"datetime": "2024-06-13 17:15:22", "elapsed": 6.047554, "delta": 0.00399}}
{"target": -1229.6277765517425, "params": {"gamma": 8.447768867073506, "lr": 0.41661914857211835}, "datetime": {"datetime": "2024-06-13 17:15:22", "elapsed": 6.051543, "delta": 0.003989}}
{"target": -1114.398848376368, "params": {"gamma": 5.010339139927012, "lr": 0.7296233785681803}, "datetime": {"datetime": "2024-06-13 17:15:22", "elapsed": 6.05653, "delta": 0.004987}}
{"target": -723.4010378460317, "params": {"gamma": 2.5879583533585664, "lr": 0.9216369186561401}, "datetime": {"datetime": "2024-06-13 17:15:22", "elapsed": 6.060519, "delta": 0.003989}}
{"target": -1382.416201775569, "params": {"gamma": 7.020992572824255, "lr": 0.618930423097489}, "datetime": {"datetime": "2024-06-13 17:15:22", "elapsed": 6.065506, "delta": 0.004987}}
{"target": -607.2384717919108, "params": {"gamma": 2.7308153642818653, "lr": 0.6958484563594459}, "datetime": {"datetime": "2024-06-13 17:15:22", "elapsed": 6.069495, "delta": 0.003989}}
{"target": -657.8416613846966, "params": {"gamma": 2.5728902697861002, "lr": 0.8164526703274775}, "datetime": {"datetime": "2024-06-13 17:15:22", "elapsed": 6.074482, "delta": 0.004987}}
{"target": -136.82666644160366, "params": {"gamma": 0.11571307777403769, "lr": 0.1665376436115401}, "datetime": {"datetime": "2024-06-13 17:15:22", "elapsed": 6.078471, "delta": 0.003989}}
{"target": -1215.6881311500574, "params": {"gamma": 5.578732058631829, "lr": 0.7122809996025021}, "datetime": {"datetime": "2024-06-13 17:15:22", "elapsed": 6.083458, "delta": 0.004987}}
{"target": -1330.3427058047062, "params": {"gamma": 4.925314058477191, "lr": 0.8778095014799501}, "datetime": {"datetime": "2024-06-13 17:15:22", "elapsed": 6.087447, "delta": 0.003989}}
{"target": -1481.915623493, "params": {"gamma": 9.758723505691574, "lr": 0.46427706754424325}, "datetime": {"datetime": "2024-06-13 17:15:22", "elapsed": 6.091436, "delta": 0.003989}}
{"target": -1170.2867629979728, "params": {"gamma": 7.680101807848576, "lr": 0.49477213383352725}, "datetime": {"datetime": "2024-06-13 17:15:22", "elapsed": 6.096423, "delta": 0.004987}}
{"target": -1011.1220267363789, "params": {"gamma": 6.651322684579871, "lr": 0.22487497996736572}, "datetime": {"datetime": "2024-06-13 17:15:22", "elapsed": 6.100412, "delta": 0.003989}}
{"target": -326.32610118534296, "params": {"gamma": 1.0963076304454686, "lr": 0.9790089375741902}, "datetime": {"datetime": "2024-06-13 17:15:22", "elapsed": 6.105399, "delta": 0.004987}}
{"target": -1163.8729076570762, "params": {"gamma": 8.150131602400142, "lr": 0.28538353244953096}, "datetime": {"datetime": "2024-06-13 17:15:22", "elapsed": 6.109388, "delta": 0.003989}}
{"target": -795.1283775367807, "params": {"gamma": 5.858698015894784, "lr": 0.38007120527879124}, "datetime": {"datetime": "2024-06-13 17:15:22", "elapsed": 6.114376, "delta": 0.004988}}
{"target": -283.773833045496, "params": {"gamma": 1.7642040696578871, "lr": 0.4188351430524928}, "datetime": {"datetime": "2024-06-13 17:15:22", "elapsed": 6.118365, "delta": 0.003989}}
{"target": -1065.1273657232998, "params": {"gamma": 2.9725807541730793, "lr": 0.016624106532905913}, "datetime": {"datetime": "2024-06-13 17:15:22", "elapsed": 6.122354, "delta": 0.003989}}
{"target": -1074.1210988034557, "params": {"gamma": 3.8742957016810964, "lr": 0.9209130038047522}, "datetime": {"datetime": "2024-06-13 17:15:22", "elapsed": 6.127341, "delta": 0.004987}}
{"target": -1545.4458418736374, "params": {"gamma": 8.28217438681578, "lr": 0.5740747551965509}, "datetime": {"datetime": "2024-06-13 17:15:22", "elapsed": 6.13133, "delta": 0.003989}}
{"target": -494.98238514656293, "params": {"gamma": 3.1871500009390448, "lr": 0.23126429488543754}, "datetime": {"datetime": "2024-06-13 17:15:22", "elapsed": 6.136317, "delta": 0.004987}}
{"target": -1721.0954441877068, "params": {"gamma": 9.560239816725709, "lr": 0.5646100990687117}, "datetime": {"datetime": "2024-06-13 17:15:22", "elapsed": 6.140306, "delta": 0.003989}}
{"target": -347.24186373255156, "params": {"gamma": 2.176835430287672, "lr": 0.24948205109862287}, "datetime": {"datetime": "2024-06-13 17:15:22", "elapsed": 6.145293, "delta": 0.004987}}
{"target": -1451.2565694761056, "params": {"gamma": 9.59600242910666, "lr": 0.238814133296392}, "datetime": {"datetime": "2024-06-13 17:15:22", "elapsed": 6.149282, "delta": 0.003989}}
{"target": -221.8095245038808, "params": {"gamma": 1.068034169467023, "lr": 0.18396193975266917}, "datetime": {"datetime": "2024-06-13 17:15:22", "elapsed": 6.154269, "delta": 0.004987}}
{"target": -1662.4149722938876, "params": {"gamma": 7.662481844372273, "lr": 0.7087642559312614}, "datetime": {"datetime": "2024-06-13 17:15:22", "elapsed": 6.158258, "delta": 0.003989}}
{"target": -1077.6601334029172, "params": {"gamma": 4.379981305846461, "lr": 0.7938045071164251}, "datetime": {"datetime": "2024-06-13 17:15:22", "elapsed": 6.162247, "delta": 0.003989}}
{"target": -762.3078551780193, "params": {"gamma": 5.1756094087340525, "lr": 0.41359816112910697}, "datetime": {"datetime": "2024-06-13 17:15:22", "elapsed": 6.167234, "delta": 0.004987}}
{"target": -340.00786009741296, "params": {"gamma": 1.1753019203396682, "lr": 0.8839110659363493}, "datetime": {"datetime": "2024-06-13 17:15:22", "elapsed": 6.172221, "delta": 0.004987}}
{"target": -554.310473735347, "params": {"gamma": 2.7566565508887577, "lr": 0.6162607233298604}, "datetime": {"datetime": "2024-06-13 17:15:22", "elapsed": 6.17621, "delta": 0.003989}}
{"target": -1746.049544123429, "params": {"gamma": 9.8458132098281, "lr": 0.1894180220437538}, "datetime": {"datetime": "2024-06-13 17:15:22", "elapsed": 6.181196, "delta": 0.004986}}
{"target": -1984.2484234479246, "params": {"gamma": 9.651914729938635, "lr": 0.6527153684256953}, "datetime": {"datetime": "2024-06-13 17:15:22", "elapsed": 6.185186, "delta": 0.00399}}
{"target": -339.424641160521, "params": {"gamma": 1.28818731436088, "lr": 0.7719271460730484}, "datetime": {"datetime": "2024-06-13 17:15:22", "elapsed": 6.190172, "delta": 0.004986}}
{"target": -1713.5218579014504, "params": {"gamma": 9.51780600679268, "lr": 0.5627805496894249}, "datetime": {"datetime": "2024-06-13 17:15:22", "elapsed": 6.194162, "delta": 0.00399}}
{"target": -2458.9917321888997, "params": {"gamma": 6.885863442381723, "lr": 0.0263478788699828}, "datetime": {"datetime": "2024-06-13 17:15:22", "elapsed": 6.199149, "delta": 0.004987}}
{"target": -1320.7747150602465, "params": {"gamma": 9.890767779393961, "lr": 0.3184571198136825}, "datetime": {"datetime": "2024-06-13 17:15:22", "elapsed": 6.203138, "delta": 0.003989}}
{"target": -147.63466346139558, "params": {"gamma": 0.24001388988282726, "lr": 0.8085641504743885}, "datetime": {"datetime": "2024-06-13 17:15:22", "elapsed": 6.207127, "delta": 0.003989}}
{"target": -2148.096773693073, "params": {"gamma": 9.732552265118914, "lr": 0.7375885099166811}, "datetime": {"datetime": "2024-06-13 17:15:22", "elapsed": 6.212114, "delta": 0.004987}}
{"target": -146.2180581223109, "params": {"gamma": 0.028355324647958178, "lr": 0.06336051137403531}, "datetime": {"datetime": "2024-06-13 17:15:22", "elapsed": 6.217101, "delta": 0.004987}}
{"target": -799.0767831026051, "params": {"gamma": 5.843109782870581, "lr": 0.3357151077556031}, "datetime": {"datetime": "2024-06-13 17:15:22", "elapsed": 6.221089, "delta": 0.003988}}
{"target": -2371.440570319374, "params": {"gamma": 8.818452974037214, "lr": 0.8736693693569384}, "datetime": {"datetime": "2024-06-13 17:15:22", "elapsed": 6.226076, "delta": 0.004987}}
{"target": -2160.2774473450227, "params": {"gamma": 9.875201568135711, "lr": 0.7158319690725937}, "datetime": {"datetime": "2024-06-13 17:15:22", "elapsed": 6.230066, "delta": 0.00399}}
{"target": -1173.2877222226296, "params": {"gamma": 8.768960114386706, "lr": 0.3196501118620526}, "datetime": {"datetime": "2024-06-13 17:15:22", "elapsed": 6.235053, "delta": 0.004987}}
{"target": -324.4633727384019, "params": {"gamma": 1.1126583422461405, "lr": 0.8653641057823798}, "datetime": {"datetime": "2024-06-13 17:15:22", "elapsed": 6.240039, "delta": 0.004986}}
{"target": -458.7531100684597, "params": {"gamma": 3.035422507017289, "lr": 0.4193322981668862}, "datetime": {"datetime": "2024-06-13 17:15:22", "elapsed": 6.244028, "delta": 0.003989}}
{"target": -1273.2145317873142, "params": {"gamma": 6.460656540458656, "lr": 0.6050991341555126}, "datetime": {"datetime": "2024-06-13 17:15:22", "elapsed": 6.249015, "delta": 0.004987}}
{"target": -577.9596940358346, "params": {"gamma": 4.209809922064285, "lr": 0.38615051187059357}, "datetime": {"datetime": "2024-06-13 17:15:22", "elapsed": 6.253005, "delta": 0.00399}}
{"target": -245.18943512354014, "params": {"gamma": 1.227687737548204, "lr": 0.5338618843034166}, "datetime": {"datetime": "2024-06-13 17:15:22", "elapsed": 6.256994, "delta": 0.003989}}
{"target": -583.5583507810591, "params": {"gamma": 2.329308118342716, "lr": 0.7548078511004613}, "datetime": {"datetime": "2024-06-13 17:15:22", "elapsed": 6.261981, "delta": 0.004987}}
{"target": -2410.2142677193983, "params": {"gamma": 6.749030971060837, "lr": 0.07192696480921446}, "datetime": {"datetime": "2024-06-13 17:15:22", "elapsed": 6.266967, "delta": 0.004986}}
{"target": -2416.422449225008, "params": {"gamma": 9.892657582673268, "lr": 0.7804569355743413}, "datetime": {"datetime": "2024-06-13 17:15:22", "elapsed": 6.270957, "delta": 0.00399}}
{"target": -819.3763815733588, "params": {"gamma": 2.279031043019085, "lr": 0.030742818349697054}, "datetime": {"datetime": "2024-06-13 17:15:23", "elapsed": 6.302872, "delta": 0.031915}}
{"target": -657.9001822417174, "params": {"gamma": 4.784239938885914, "lr": 0.35274243750107404}, "datetime": {"datetime": "2024-06-13 17:15:23", "elapsed": 6.307858, "delta": 0.004986}}
{"target": -1128.538597161169, "params": {"gamma": 5.465568482142916, "lr": 0.6596639554249211}, "datetime": {"datetime": "2024-06-13 17:15:23", "elapsed": 6.311847, "delta": 0.003989}}
{"target": -2846.3273792723867, "params": {"gamma": 7.972400853780025, "lr": 0.013544346839127641}, "datetime": {"datetime": "2024-06-13 17:15:23", "elapsed": 6.316834, "delta": 0.004987}}
{"target": -960.4084679308162, "params": {"gamma": 7.143240843274906, "lr": 0.2953139661018992}, "datetime": {"datetime": "2024-06-13 17:15:23", "elapsed": 6.320823, "delta": 0.003989}}
{"target": -2465.7786720204126, "params": {"gamma": 9.864039353798532, "lr": 0.8462417305877817}, "datetime": {"datetime": "2024-06-13 17:15:23", "elapsed": 6.32581, "delta": 0.004987}}
{"target": -1055.9865022741494, "params": {"gamma": 5.604451409666734, "lr": 0.5977656853768393}, "datetime": {"datetime": "2024-06-13 17:15:23", "elapsed": 6.3298, "delta": 0.00399}}
{"target": -310.76624011223157, "params": {"gamma": 1.9215646543725684, "lr": 0.2262515885870655}, "datetime": {"datetime": "2024-06-13 17:15:23", "elapsed": 6.334786, "delta": 0.004986}}
{"target": -237.0126977367698, "params": {"gamma": 1.5409777702011733, "lr": 0.37781354746444173}, "datetime": {"datetime": "2024-06-13 17:15:23", "elapsed": 6.338775, "delta": 0.003989}}
{"target": -229.23195698882213, "params": {"gamma": 1.1204424879714694, "lr": 0.5112728936342619}, "datetime": {"datetime": "2024-06-13 17:15:23", "elapsed": 6.343762, "delta": 0.004987}}
{"target": -1651.0259683740062, "params": {"gamma": 6.385141076060073, "lr": 0.12221237823698328}, "datetime": {"datetime": "2024-06-13 17:15:23", "elapsed": 6.347752, "delta": 0.00399}}
{"target": -1232.2015053812388, "params": {"gamma": 3.442619392943751, "lr": 0.07034787968520784}, "datetime": {"datetime": "2024-06-13 17:15:23", "elapsed": 6.352738, "delta": 0.004986}}
{"target": -1086.1771296253598, "params": {"gamma": 5.25808611153342, "lr": 0.6502897692030054}, "datetime": {"datetime": "2024-06-13 17:15:23", "elapsed": 6.356727, "delta": 0.003989}}
{"target": -1548.9376767717588, "params": {"gamma": 6.155105941609653, "lr": 0.8138695628094851}, "datetime": {"datetime": "2024-06-13 17:15:23", "elapsed": 6.361714, "delta": 0.004987}}
{"target": -477.88202441177157, "params": {"gamma": 2.3564267987877012, "lr": 0.6181818418404456}, "datetime": {"datetime": "2024-06-13 17:15:23", "elapsed": 6.365704, "delta": 0.00399}}
{"target": -1026.9927574851786, "params": {"gamma": 3.028982363807174, "lr": 0.0887677060791423}, "datetime": {"datetime": "2024-06-13 17:15:23", "elapsed": 6.37069, "delta": 0.004986}}
{"target": -1093.8019632871308, "params": {"gamma": 3.053309454186566, "lr": 0.07135647494461617}, "datetime": {"datetime": "2024-06-13 17:15:23", "elapsed": 6.374679, "delta": 0.003989}}
{"target": -2097.4786516123263, "params": {"gamma": 9.585783535985689, "lr": 0.7271654349269293}, "datetime": {"datetime": "2024-06-13 17:15:23", "elapsed": 6.379667, "delta": 0.004988}}
{"target": -278.5431921785829, "params": {"gamma": 1.0155071173822163, "lr": 0.7862693223485936}, "datetime": {"datetime": "2024-06-13 17:15:23", "elapsed": 6.384653, "delta": 0.004986}}
{"target": -970.8792425184445, "params": {"gamma": 3.5222014456052215, "lr": 0.9114351403237924}, "datetime": {"datetime": "2024-06-13 17:15:23", "elapsed": 6.388642, "delta": 0.003989}}
{"target": -1338.4039416216888, "params": {"gamma": 4.955478850036387, "lr": 0.8726927229848721}, "datetime": {"datetime": "2024-06-13 17:15:23", "elapsed": 6.393628, "delta": 0.004986}}
{"target": -320.9342917889855, "params": {"gamma": 2.206077417642493, "lr": 0.36719232590326556}, "datetime": {"datetime": "2024-06-13 17:15:23", "elapsed": 6.397619, "delta": 0.003991}}
{"target": -1130.0736295629297, "params": {"gamma": 3.6690025846416687, "lr": 0.09713268160328525}, "datetime": {"datetime": "2024-06-13 17:15:23", "elapsed": 6.402605, "delta": 0.004986}}
{"target": -689.7759566112995, "params": {"gamma": 3.310813326223882, "lr": 0.6597098038387995}, "datetime": {"datetime": "2024-06-13 17:15:23", "elapsed": 6.406594, "delta": 0.003989}}
{"target": -1261.0444125180813, "params": {"gamma": 4.665968370246033, "lr": 0.8792315697444312}, "datetime": {"datetime": "2024-06-13 17:15:23", "elapsed": 6.411581, "delta": 0.004987}}
{"target": -382.80656961140954, "params": {"gamma": 2.6974329936370927, "lr": 0.3548193487216488}, "datetime": {"datetime": "2024-06-13 17:15:23", "elapsed": 6.41557, "delta": 0.003989}}
{"target": -568.6373838829832, "params": {"gamma": 3.2042225472159718, "lr": 0.5517379706217076}, "datetime": {"datetime": "2024-06-13 17:15:23", "elapsed": 6.420558, "delta": 0.004988}}
{"target": -384.9289403221341, "params": {"gamma": 1.8830059366472722, "lr": 0.1732442715081729}, "datetime": {"datetime": "2024-06-13 17:15:23", "elapsed": 6.424546, "delta": 0.003988}}
{"target": -1262.973387843548, "params": {"gamma": 9.394879760160336, "lr": 0.37664771374633}, "datetime": {"datetime": "2024-06-13 17:15:23", "elapsed": 6.429533, "delta": 0.004987}}
{"target": -2097.373292701541, "params": {"gamma": 5.871394250695616, "lr": 0.05515208501882385}, "datetime": {"datetime": "2024-06-13 17:15:23", "elapsed": 6.433522, "delta": 0.003989}}
{"target": -452.4448559341187, "params": {"gamma": 1.409439110996769, "lr": 0.09635855186124331}, "datetime": {"datetime": "2024-06-13 17:15:23", "elapsed": 6.438508, "delta": 0.004986}}
{"target": -2279.0389133454296, "params": {"gamma": 8.121343564013504, "lr": 0.10314678258346421}, "datetime": {"datetime": "2024-06-13 17:15:23", "elapsed": 6.442498, "delta": 0.00399}}
{"target": -1138.0768412091143, "params": {"gamma": 5.163644140749812, "lr": 0.1555778979920741}, "datetime": {"datetime": "2024-06-13 17:15:23", "elapsed": 6.447485, "delta": 0.004987}}
{"target": -760.6530205258312, "params": {"gamma": 2.7888887375330564, "lr": 0.8826020025030701}, "datetime": {"datetime": "2024-06-13 17:15:23", "elapsed": 6.451474, "delta": 0.003989}}
{"target": -1742.5768500368413, "params": {"gamma": 6.316306057543976, "lr": 0.9636627102130699}, "datetime": {"datetime": "2024-06-13 17:15:23", "elapsed": 6.456461, "delta": 0.004987}}
{"target": -2142.338231073546, "params": {"gamma": 5.997543941794315, "lr": 0.009519716216558005}, "datetime": {"datetime": "2024-06-13 17:15:23", "elapsed": 6.46045, "delta": 0.003989}}
{"target": -1486.4824770125738, "params": {"gamma": 4.156994414198696, "lr": 0.02244175435867979}, "datetime": {"datetime": "2024-06-13 17:15:23", "elapsed": 6.465437, "delta": 0.004987}}
{"target": -492.7535939384694, "params": {"gamma": 3.1405292961414175, "lr": 0.48162493072074175}, "datetime": {"datetime": "2024-06-13 17:15:23", "elapsed": 6.469426, "delta": 0.003989}}
{"target": -877.2266459959573, "params": {"gamma": 5.755017951896957, "lr": 0.2386502029289299}, "datetime": {"datetime": "2024-06-13 17:15:23", "elapsed": 6.474413, "delta": 0.004987}}
{"target": -758.7755101907404, "params": {"gamma": 5.583307497898072, "lr": 0.3949201341072339}, "datetime": {"datetime": "2024-06-13 17:15:23", "elapsed": 6.478402, "delta": 0.003989}}
{"target": -905.2484095662644, "params": {"gamma": 5.066315292881764, "lr": 0.19596701454252152}, "datetime": {"datetime": "2024-06-13 17:15:23", "elapsed": 6.483389, "delta": 0.004987}}
{"target": -403.82559029085274, "params": {"gamma": 1.5683593484243095, "lr": 0.7545170076023864}, "datetime": {"datetime": "2024-06-13 17:15:23", "elapsed": 6.488375, "delta": 0.004986}}
{"target": -687.6677511752276, "params": {"gamma": 3.3004023148263886, "lr": 0.6441956925382164}, "datetime": {"datetime": "2024-06-13 17:15:23", "elapsed": 6.492365, "delta": 0.00399}}
{"target": -1533.866644282146, "params": {"gamma": 5.654990510308829, "lr": 0.899530915886071}, "datetime": {"datetime": "2024-06-13 17:15:23", "elapsed": 6.497352, "delta": 0.004987}}
{"target": -1311.1040671502883, "params": {"gamma": 8.806955495452243, "lr": 0.4431114003267834}, "datetime": {"datetime": "2024-06-13 17:15:23", "elapsed": 6.501341, "delta": 0.003989}}
{"target": -437.7310457185778, "params": {"gamma": 2.048146129836078, "lr": 0.6321923752918258}, "datetime": {"datetime": "2024-06-13 17:15:23", "elapsed": 6.506327, "delta": 0.004986}}
{"target": -1385.0118004822048, "params": {"gamma": 6.368722917490155, "lr": 0.6924175033786027}, "datetime": {"datetime": "2024-06-13 17:15:23", "elapsed": 6.510317, "delta": 0.00399}}
{"target": -2217.7053791750654, "params": {"gamma": 9.074824554145266, "lr": 0.7825809780445985}, "datetime": {"datetime": "2024-06-13 17:15:23", "elapsed": 6.515303, "delta": 0.004986}}
{"target": -1232.807764546555, "params": {"gamma": 6.253284067622613, "lr": 0.6009655953980898}, "datetime": {"datetime": "2024-06-13 17:15:23", "elapsed": 6.52029, "delta": 0.004987}}
{"target": -452.4774212399893, "params": {"gamma": 2.1283776016453526, "lr": 0.651365361997868}, "datetime": {"datetime": "2024-06-13 17:15:23", "elapsed": 6.524279, "delta": 0.003989}}
{"target": -2243.6052906825525, "params": {"gamma": 8.145187207595269, "lr": 0.9223224808528965}, "datetime": {"datetime": "2024-06-13 17:15:23", "elapsed": 6.529266, "delta": 0.004987}}
{"target": -1650.8367025494479, "params": {"gamma": 9.166584470697245, "lr": 0.5610988058726366}, "datetime": {"datetime": "2024-06-13 17:15:23", "elapsed": 6.533256, "delta": 0.00399}}
{"target": -370.0886428122192, "params": {"gamma": 2.599079923429137, "lr": 0.33379745682371664}, "datetime": {"datetime": "2024-06-13 17:15:23", "elapsed": 6.538242, "delta": 0.004986}}
{"target": -1740.0282220206973, "params": {"gamma": 9.977625893322635, "lr": 0.5255977882178193}, "datetime": {"datetime": "2024-06-13 17:15:23", "elapsed": 6.542231, "delta": 0.003989}}
{"target": -1530.8693124015936, "params": {"gamma": 8.159250821705387, "lr": 0.5970161877845721}, "datetime": {"datetime": "2024-06-13 17:15:23", "elapsed": 6.547218, "delta": 0.004987}}
{"target": -695.9234426455757, "params": {"gamma": 5.069796942895938, "lr": 0.34853961530569777}, "datetime": {"datetime": "2024-06-13 17:15:23", "elapsed": 6.551207, "delta": 0.003989}}
{"target": -1921.57807917029, "params": {"gamma": 5.378167511784794, "lr": 0.00673470699420331}, "datetime": {"datetime": "2024-06-13 17:15:23", "elapsed": 6.556194, "delta": 0.004987}}
{"target": -1579.5187576035744, "params": {"gamma": 8.766981380159143, "lr": 0.5614864815326793}, "datetime": {"datetime": "2024-06-13 17:15:23", "elapsed": 6.560183, "delta": 0.003989}}
{"target": -147.91884859479765, "params": {"gamma": 0.2437899718214612, "lr": 0.8181747453311654}, "datetime": {"datetime": "2024-06-13 17:15:23", "elapsed": 6.56517, "delta": 0.004987}}
{"target": -496.1549150025843, "params": {"gamma": 1.3544085542298703, "lr": 0.03063869809086972}, "datetime": {"datetime": "2024-06-13 17:15:23", "elapsed": 6.569159, "delta": 0.003989}}
{"target": -1279.1543873946187, "params": {"gamma": 4.623891705947023, "lr": 0.9606566952869964}, "datetime": {"datetime": "2024-06-13 17:15:23", "elapsed": 6.574146, "delta": 0.004987}}
