{"target": -2303.720639229242, "params": {"gamma": 9.257279632827263, "lr": 0.7811954006757661}, "datetime": {"datetime": "2024-06-13 22:26:37", "elapsed": 4.19133, "delta": 0.004987}}
{"target": -722.028648499984, "params": {"gamma": 3.0745074227980154, "lr": 0.3049656416420632}, "datetime": {"datetime": "2024-06-13 22:26:37", "elapsed": 4.195319, "delta": 0.003989}}
{"target": -2816.0695765514083, "params": {"gamma": 8.811802015970617, "lr": 0.1260784803971985}, "datetime": {"datetime": "2024-06-13 22:26:37", "elapsed": 4.199308, "delta": 0.003989}}
{"target": -1455.3115589391612, "params": {"gamma": 6.334974881523022, "lr": 0.2777127324734242}, "datetime": {"datetime": "2024-06-13 22:26:37", "elapsed": 4.203297, "delta": 0.003989}}
{"target": -1909.6560215480827, "params": {"gamma": 8.272176051067923, "lr": 0.3645234475558883}, "datetime": {"datetime": "2024-06-13 22:26:37", "elapsed": 4.208284, "delta": 0.004987}}
{"target": -1943.5074257042995, "params": {"gamma": 7.3339275785938725, "lr": 0.1924178904137388}, "datetime": {"datetime": "2024-06-13 22:26:37", "elapsed": 4.212274, "delta": 0.00399}}
{"target": -1228.8542905927877, "params": {"gamma": 4.814977529509854, "lr": 0.8035946264310272}, "datetime": {"datetime": "2024-06-13 22:26:37", "elapsed": 4.216264, "delta": 0.00399}}
{"target": -1286.2159274744572, "params": {"gamma": 3.9704851285120673, "lr": 0.16157403985608987}, "datetime": {"datetime": "2024-06-13 22:26:37", "elapsed": 4.220252, "delta": 0.003988}}
{"target": -1623.3105569242182, "params": {"gamma": 6.490173244263826, "lr": 0.7533258058943924}, "datetime": {"datetime": "2024-06-13 22:26:37", "elapsed": 4.225239, "delta": 0.004987}}
{"target": -629.2597670377265, "params": {"gamma": 2.8026461610955637, "lr": 0.45136186123240163}, "datetime": {"datetime": "2024-06-13 22:26:37", "elapsed": 4.229228, "delta": 0.003989}}
{"target": -2411.2829710999044, "params": {"gamma": 9.004588674948266, "lr": 0.8719856311909184}, "datetime": {"datetime": "2024-06-13 22:26:37", "elapsed": 4.233218, "delta": 0.00399}}
{"target": -1597.6415623251798, "params": {"gamma": 7.0721689102320395, "lr": 0.5909005994904067}, "datetime": {"datetime": "2024-06-13 22:26:37", "elapsed": 4.238204, "delta": 0.004986}}
{"target": -2230.0466542026384, "params": {"gamma": 8.174005321700859, "lr": 0.907644646099839}, "datetime": {"datetime": "2024-06-13 22:26:37", "elapsed": 4.242194, "delta": 0.00399}}
{"target": -146.62872607718728, "params": {"gamma": 0.026073089119563617, "lr": 0.39722776623376177}, "datetime": {"datetime": "2024-06-13 22:26:37", "elapsed": 4.246183, "delta": 0.003989}}
{"target": -1383.829964435526, "params": {"gamma": 5.614535427501098, "lr": 0.7339231362848766}, "datetime": {"datetime": "2024-06-13 22:26:37", "elapsed": 4.250173, "delta": 0.00399}}
{"target": -248.37030384369632, "params": {"gamma": 0.8756401490882502, "lr": 0.3997549876808645}, "datetime": {"datetime": "2024-06-13 22:26:37", "elapsed": 4.255715, "delta": 0.005542}}
{"target": -619.3928563755428, "params": {"gamma": 2.796932173319039, "lr": 0.42351005310518297}, "datetime": {"datetime": "2024-06-13 22:26:37", "elapsed": 4.260702, "delta": 0.004987}}
{"target": -1165.3012186570609, "params": {"gamma": 4.980288348100211, "lr": 0.660015223526051}, "datetime": {"datetime": "2024-06-13 22:26:37", "elapsed": 4.264691, "delta": 0.003989}}
{"target": -1148.2328566359774, "params": {"gamma": 4.962865153563822, "lr": 0.6204682006051905}, "datetime": {"datetime": "2024-06-13 22:26:37", "elapsed": 4.268681, "delta": 0.00399}}
{"target": -1267.5539135468828, "params": {"gamma": 5.824816179030337, "lr": 0.42833239803885637}, "datetime": {"datetime": "2024-06-13 22:26:37", "elapsed": 4.27267, "delta": 0.003989}}
{"target": -146.80366489346326, "params": {"gamma": 0.050758670747942644, "lr": 0.19451641385960183}, "datetime": {"datetime": "2024-06-13 22:26:37", "elapsed": 4.27666, "delta": 0.00399}}
{"target": -1041.1758100811512, "params": {"gamma": 3.2027463362086017, "lr": 0.1469781258549313}, "datetime": {"datetime": "2024-06-13 22:26:37", "elapsed": 4.281647, "delta": 0.004987}}
{"target": -1380.3038453969616, "params": {"gamma": 5.987040152182751, "lr": 0.6114994766596024}, "datetime": {"datetime": "2024-06-13 22:26:37", "elapsed": 4.285636, "delta": 0.003989}}
{"target": -1158.47615777034, "params": {"gamma": 5.001432502709699, "lr": 0.32084890160086454}, "datetime": {"datetime": "2024-06-13 22:26:37", "elapsed": 4.289625, "delta": 0.003989}}
{"target": -1732.9268785823647, "params": {"gamma": 6.53292726219252, "lr": 0.19028348267904371}, "datetime": {"datetime": "2024-06-13 22:26:37", "elapsed": 4.294612, "delta": 0.004987}}
{"target": -146.83069964494842, "params": {"gamma": 0.05980393346483768, "lr": 0.7349420186839615}, "datetime": {"datetime": "2024-06-13 22:26:37", "elapsed": 4.298601, "delta": 0.003989}}
{"target": -1062.6968359514967, "params": {"gamma": 4.435594915197448, "lr": 0.6978416560498484}, "datetime": {"datetime": "2024-06-13 22:26:37", "elapsed": 4.302158, "delta": 0.003557}}
{"target": -643.4546419910067, "params": {"gamma": 1.851248453020123, "lr": 0.06261980198391548}, "datetime": {"datetime": "2024-06-13 22:26:37", "elapsed": 4.30714, "delta": 0.004982}}
{"target": -910.6886510328388, "params": {"gamma": 3.78170775924343, "lr": 0.695996510445494}, "datetime": {"datetime": "2024-06-13 22:26:37", "elapsed": 4.311129, "delta": 0.003989}}
{"target": -307.07992500335143, "params": {"gamma": 1.0290808561757039, "lr": 0.19583423367499242}, "datetime": {"datetime": "2024-06-13 22:26:37", "elapsed": 4.315119, "delta": 0.00399}}
{"target": -1052.5480371530903, "params": {"gamma": 4.540072551414793, "lr": 0.6211491896936461}, "datetime": {"datetime": "2024-06-13 22:26:37", "elapsed": 4.320105, "delta": 0.004986}}
{"target": -2425.423847154965, "params": {"gamma": 7.501492356441782, "lr": 0.1097350212856566}, "datetime": {"datetime": "2024-06-13 22:26:37", "elapsed": 4.324094, "delta": 0.003989}}
{"target": -1480.1184593038574, "params": {"gamma": 6.246611447949256, "lr": 0.3873605221444808}, "datetime": {"datetime": "2024-06-13 22:26:37", "elapsed": 4.328084, "delta": 0.00399}}
{"target": -1702.9923639942147, "params": {"gamma": 6.701233597109323, "lr": 0.2035603776619016}, "datetime": {"datetime": "2024-06-13 22:26:37", "elapsed": 4.332073, "delta": 0.003989}}
{"target": -1547.9414641814633, "params": {"gamma": 5.2796600565097815, "lr": 0.1721625549559327}, "datetime": {"datetime": "2024-06-13 22:26:37", "elapsed": 4.33706, "delta": 0.004987}}
{"target": -149.75265685975162, "params": {"gamma": 0.18779137895775708, "lr": 0.4869502464239571}, "datetime": {"datetime": "2024-06-13 22:26:37", "elapsed": 4.342047, "delta": 0.004987}}
{"target": -454.0624390955667, "params": {"gamma": 1.8425935878323698, "lr": 0.6383433300033875}, "datetime": {"datetime": "2024-06-13 22:26:37", "elapsed": 4.346036, "delta": 0.003989}}
{"target": -1347.1599514166946, "params": {"gamma": 5.366211618584989, "lr": 0.7749453799977457}, "datetime": {"datetime": "2024-06-13 22:26:37", "elapsed": 4.350026, "delta": 0.00399}}
{"target": -1102.625559575453, "params": {"gamma": 3.930206066439398, "lr": 0.9894521308362529}, "datetime": {"datetime": "2024-06-13 22:26:37", "elapsed": 4.354014, "delta": 0.003988}}
{"target": -1135.5799863075094, "params": {"gamma": 5.152631746924576, "lr": 0.47882340118547173}, "datetime": {"datetime": "2024-06-13 22:26:37", "elapsed": 4.359001, "delta": 0.004987}}
{"target": -1691.9958958704278, "params": {"gamma": 7.494675265050945, "lr": 0.5726882932924154}, "datetime": {"datetime": "2024-06-13 22:26:37", "elapsed": 4.36299, "delta": 0.003989}}
{"target": -805.6636292358256, "params": {"gamma": 3.625290707682954, "lr": 0.48924478546014216}, "datetime": {"datetime": "2024-06-13 22:26:37", "elapsed": 4.36698, "delta": 0.00399}}
{"target": -465.95379539447316, "params": {"gamma": 1.8921946110135588, "lr": 0.39358341429686194}, "datetime": {"datetime": "2024-06-13 22:26:37", "elapsed": 4.370969, "delta": 0.003989}}
{"target": -157.43349746870916, "params": {"gamma": 0.30058756348796134, "lr": 0.46252906034220287}, "datetime": {"datetime": "2024-06-13 22:26:37", "elapsed": 4.374959, "delta": 0.00399}}
{"target": -618.9166494589922, "params": {"gamma": 2.7454666539229047, "lr": 0.5267158603586157}, "datetime": {"datetime": "2024-06-13 22:26:37", "elapsed": 4.378948, "delta": 0.003989}}
{"target": -156.73846121994674, "params": {"gamma": 0.2936919419097222, "lr": 0.5550867665221745}, "datetime": {"datetime": "2024-06-13 22:26:37", "elapsed": 4.383935, "delta": 0.004987}}
{"target": -676.3343681850031, "params": {"gamma": 2.9306858383999437, "lr": 0.5774906810135474}, "datetime": {"datetime": "2024-06-13 22:26:37", "elapsed": 4.387924, "delta": 0.003989}}
{"target": -1618.4020320288373, "params": {"gamma": 7.327965762760406, "lr": 0.44033782679643774}, "datetime": {"datetime": "2024-06-13 22:26:37", "elapsed": 4.391913, "delta": 0.003989}}
{"target": -1566.7762788163022, "params": {"gamma": 6.6319050719967745, "lr": 0.23890995487021205}, "datetime": {"datetime": "2024-06-13 22:26:37", "elapsed": 4.3969, "delta": 0.004987}}
{"target": -2349.780239434835, "params": {"gamma": 9.985992286776213, "lr": 0.24287852161976753}, "datetime": {"datetime": "2024-06-13 22:26:37", "elapsed": 4.400889, "delta": 0.003989}}
{"target": -2382.3280184820783, "params": {"gamma": 9.408343315400867, "lr": 0.21721975039101793}, "datetime": {"datetime": "2024-06-13 22:26:37", "elapsed": 4.404879, "delta": 0.00399}}
{"target": -1286.3252047026, "params": {"gamma": 4.97614628166607, "lr": 0.8211769648927358}, "datetime": {"datetime": "2024-06-13 22:26:37", "elapsed": 4.408868, "delta": 0.003989}}
{"target": -1713.571767033708, "params": {"gamma": 7.166163879900548, "lr": 0.705580412120669}, "datetime": {"datetime": "2024-06-13 22:26:37", "elapsed": 4.413854, "delta": 0.004986}}
{"target": -1111.2676849797012, "params": {"gamma": 4.4049651591972045, "lr": 0.7541750254551594}, "datetime": {"datetime": "2024-06-13 22:26:37", "elapsed": 4.417844, "delta": 0.00399}}
{"target": -2029.094718467572, "params": {"gamma": 9.199615816571573, "lr": 0.4413517453158379}, "datetime": {"datetime": "2024-06-13 22:26:37", "elapsed": 4.421833, "delta": 0.003989}}
{"target": -1748.6913120757315, "params": {"gamma": 5.2801268760628535, "lr": 0.06603558401663734}, "datetime": {"datetime": "2024-06-13 22:26:37", "elapsed": 4.425823, "delta": 0.00399}}
{"target": -866.64904685671, "params": {"gamma": 3.9083399636332565, "lr": 0.4672385663332459}, "datetime": {"datetime": "2024-06-13 22:26:37", "elapsed": 4.429812, "delta": 0.003989}}
{"target": -2890.8051043555756, "params": {"gamma": 8.951481970324929, "lr": 0.11055744025544123}, "datetime": {"datetime": "2024-06-13 22:26:37", "elapsed": 4.434799, "delta": 0.004987}}
{"target": -1602.2353586479655, "params": {"gamma": 7.311644894386467, "lr": 0.5454711685487195}, "datetime": {"datetime": "2024-06-13 22:26:37", "elapsed": 4.438788, "delta": 0.003989}}
{"target": -2002.7020415871636, "params": {"gamma": 6.0657477697349185, "lr": 0.029782944129560285}, "datetime": {"datetime": "2024-06-13 22:26:37", "elapsed": 4.442777, "delta": 0.003989}}
{"target": -362.24345732833024, "params": {"gamma": 1.4683270502280348, "lr": 0.28398322546618515}, "datetime": {"datetime": "2024-06-13 22:26:37", "elapsed": 4.446766, "delta": 0.003989}}
{"target": -146.69351412321672, "params": {"gamma": 0.04971560748810713, "lr": 0.6691577977971368}, "datetime": {"datetime": "2024-06-13 22:26:37", "elapsed": 4.451753, "delta": 0.004987}}
{"target": -1903.9104610553657, "params": {"gamma": 8.70270923127706, "lr": 0.5469683092712408}, "datetime": {"datetime": "2024-06-13 22:26:37", "elapsed": 4.455742, "delta": 0.003989}}
{"target": -1254.5193749726832, "params": {"gamma": 5.432097311144519, "lr": 0.6157259286130373}, "datetime": {"datetime": "2024-06-13 22:26:37", "elapsed": 4.459731, "delta": 0.003989}}
{"target": -706.0978683210722, "params": {"gamma": 3.022512822657626, "lr": 0.3667319816609417}, "datetime": {"datetime": "2024-06-13 22:26:37", "elapsed": 4.463721, "delta": 0.00399}}
{"target": -1461.2832041568643, "params": {"gamma": 5.749822333050388, "lr": 0.8092165837173445}, "datetime": {"datetime": "2024-06-13 22:26:37", "elapsed": 4.46771, "delta": 0.003989}}
{"target": -485.61759681438264, "params": {"gamma": 2.016764747447303, "lr": 0.32752405584828914}, "datetime": {"datetime": "2024-06-13 22:26:37", "elapsed": 4.503667, "delta": 0.035957}}
{"target": -1772.2526046464134, "params": {"gamma": 7.429469582646582, "lr": 0.3409202491323421}, "datetime": {"datetime": "2024-06-13 22:26:37", "elapsed": 4.507626, "delta": 0.003959}}
{"target": -208.88995934419526, "params": {"gamma": 0.4770616761368438, "lr": 0.15635692867625162}, "datetime": {"datetime": "2024-06-13 22:26:37", "elapsed": 4.511616, "delta": 0.00399}}
{"target": -447.04192488683896, "params": {"gamma": 1.9394547317358086, "lr": 0.4951123625611782}, "datetime": {"datetime": "2024-06-13 22:26:37", "elapsed": 4.516603, "delta": 0.004987}}
{"target": -1726.261610369775, "params": {"gamma": 6.351614485952291, "lr": 0.880219977218583}, "datetime": {"datetime": "2024-06-13 22:26:37", "elapsed": 4.520592, "delta": 0.003989}}
{"target": -2073.441841980837, "params": {"gamma": 9.025463027666028, "lr": 0.307160768485095}, "datetime": {"datetime": "2024-06-13 22:26:37", "elapsed": 4.524581, "delta": 0.003989}}
{"target": -1727.973225729589, "params": {"gamma": 7.534047351182733, "lr": 0.2824280305589726}, "datetime": {"datetime": "2024-06-13 22:26:37", "elapsed": 4.529568, "delta": 0.004987}}
{"target": -873.1156857584323, "params": {"gamma": 3.686400120782994, "lr": 0.2927265620931302}, "datetime": {"datetime": "2024-06-13 22:26:37", "elapsed": 4.533557, "delta": 0.003989}}
{"target": -1060.4412862533745, "params": {"gamma": 4.137493671254815, "lr": 0.21471569566838056}, "datetime": {"datetime": "2024-06-13 22:26:37", "elapsed": 4.537547, "delta": 0.00399}}
{"target": -1014.771597137277, "params": {"gamma": 3.1905410786954205, "lr": 0.12191981389008766}, "datetime": {"datetime": "2024-06-13 22:26:37", "elapsed": 4.542533, "delta": 0.004986}}
{"target": -2114.051636884511, "params": {"gamma": 9.63021937771575, "lr": 0.5039830093987828}, "datetime": {"datetime": "2024-06-13 22:26:37", "elapsed": 4.546552, "delta": 0.004019}}
{"target": -2258.3128006052243, "params": {"gamma": 9.23108372520405, "lr": 0.7461601407734211}, "datetime": {"datetime": "2024-06-13 22:26:37", "elapsed": 4.550541, "delta": 0.003989}}
{"target": -1153.601864649627, "params": {"gamma": 4.577595171516512, "lr": 0.7546222253081317}, "datetime": {"datetime": "2024-06-13 22:26:37", "elapsed": 4.554501, "delta": 0.00396}}
{"target": -1449.1721367455239, "params": {"gamma": 6.280602762990652, "lr": 0.30375843415186865}, "datetime": {"datetime": "2024-06-13 22:26:37", "elapsed": 4.559488, "delta": 0.004987}}
{"target": -1255.1191350590243, "params": {"gamma": 5.217071474819306, "lr": 0.7123121956474292}, "datetime": {"datetime": "2024-06-13 22:26:37", "elapsed": 4.563477, "delta": 0.003989}}
{"target": -1029.7672494654798, "params": {"gamma": 3.0538300009516193, "lr": 0.012522836886473265}, "datetime": {"datetime": "2024-06-13 22:26:37", "elapsed": 4.567466, "delta": 0.003989}}
{"target": -690.7088430793024, "params": {"gamma": 2.6833600285302275, "lr": 0.7967454755900841}, "datetime": {"datetime": "2024-06-13 22:26:37", "elapsed": 4.571456, "delta": 0.00399}}
{"target": -2150.564989421797, "params": {"gamma": 9.300000896546049, "lr": 0.6253311549032551}, "datetime": {"datetime": "2024-06-13 22:26:37", "elapsed": 4.575445, "delta": 0.003989}}
{"target": -367.59679018011315, "params": {"gamma": 1.3289420383195298, "lr": 0.7575703592474212}, "datetime": {"datetime": "2024-06-13 22:26:37", "elapsed": 4.579434, "delta": 0.003989}}
{"target": -1323.4179595251308, "params": {"gamma": 5.269526555127393, "lr": 0.753869071621213}, "datetime": {"datetime": "2024-06-13 22:26:37", "elapsed": 4.584422, "delta": 0.004988}}
{"target": -2383.039208237681, "params": {"gamma": 8.586258418997055, "lr": 0.9475415511018243}, "datetime": {"datetime": "2024-06-13 22:26:37", "elapsed": 4.589172, "delta": 0.00475}}
{"target": -1733.8431209897888, "params": {"gamma": 6.545720808693693, "lr": 0.8542582098426466}, "datetime": {"datetime": "2024-06-13 22:26:37", "elapsed": 4.593161, "delta": 0.003989}}
{"target": -1797.035954582756, "params": {"gamma": 7.426137988907772, "lr": 0.7271011884036769}, "datetime": {"datetime": "2024-06-13 22:26:37", "elapsed": 4.597151, "delta": 0.00399}}
{"target": -2383.5322702402073, "params": {"gamma": 8.58804877191338, "lr": 0.9230030407536653}, "datetime": {"datetime": "2024-06-13 22:26:37", "elapsed": 4.602138, "delta": 0.004987}}
{"target": -2131.7666137838, "params": {"gamma": 9.020857939246921, "lr": 0.39575026156518067}, "datetime": {"datetime": "2024-06-13 22:26:37", "elapsed": 4.606127, "delta": 0.003989}}
{"target": -265.2733845030172, "params": {"gamma": 0.8411287767074533, "lr": 0.8295737184581491}, "datetime": {"datetime": "2024-06-13 22:26:37", "elapsed": 4.610116, "delta": 0.003989}}
{"target": -1190.5716076408053, "params": {"gamma": 5.389776601523036, "lr": 0.542076154739123}, "datetime": {"datetime": "2024-06-13 22:26:37", "elapsed": 4.615103, "delta": 0.004987}}
{"target": -2709.770060161625, "params": {"gamma": 8.25192813033363, "lr": 0.03198418437577388}, "datetime": {"datetime": "2024-06-13 22:26:37", "elapsed": 4.620089, "delta": 0.004986}}
{"target": -2880.496046112809, "params": {"gamma": 8.779726226832842, "lr": 0.03463400133772032}, "datetime": {"datetime": "2024-06-13 22:26:37", "elapsed": 4.624079, "delta": 0.00399}}
{"target": -1566.3996038251655, "params": {"gamma": 6.932252389225503, "lr": 0.5874844793504092}, "datetime": {"datetime": "2024-06-13 22:26:37", "elapsed": 4.628068, "delta": 0.003989}}
{"target": -1483.3977374793983, "params": {"gamma": 6.417850059155134, "lr": 0.37408018773825613}, "datetime": {"datetime": "2024-06-13 22:26:37", "elapsed": 4.632089, "delta": 0.004021}}
{"target": -621.0268782563094, "params": {"gamma": 2.755344804474391, "lr": 0.5094085814387623}, "datetime": {"datetime": "2024-06-13 22:26:37", "elapsed": 4.637044, "delta": 0.004955}}
{"target": -1938.3632690545871, "params": {"gamma": 8.858345348380066, "lr": 0.5652896703655683}, "datetime": {"datetime": "2024-06-13 22:26:37", "elapsed": 4.641033, "delta": 0.003989}}
{"target": -1465.7044217143468, "params": {"gamma": 6.631825765751704, "lr": 0.44137923095350085}, "datetime": {"datetime": "2024-06-13 22:26:37", "elapsed": 4.645023, "delta": 0.00399}}
{"target": -2376.945226270309, "params": {"gamma": 9.7214187321274, "lr": 0.7425224523517098}, "datetime": {"datetime": "2024-06-13 22:26:37", "elapsed": 4.649012, "delta": 0.003989}}
{"target": -838.432186837953, "params": {"gamma": 3.5496702059968834, "lr": 0.6535310326636594}, "datetime": {"datetime": "2024-06-13 22:26:37", "elapsed": 4.653998, "delta": 0.004986}}
{"target": -1478.6776801002584, "params": {"gamma": 5.426621502305332, "lr": 0.884056212378686}, "datetime": {"datetime": "2024-06-13 22:26:37", "elapsed": 4.657988, "delta": 0.00399}}
{"target": -904.0966356703184, "params": {"gamma": 2.7512654566030514, "lr": 0.10806748517233733}, "datetime": {"datetime": "2024-06-13 22:26:37", "elapsed": 4.661977, "delta": 0.003989}}
{"target": -470.7705044666581, "params": {"gamma": 1.9135292453599602, "lr": 0.38704623260508586}, "datetime": {"datetime": "2024-06-13 22:26:37", "elapsed": 4.666827, "delta": 0.00485}}
{"target": -1956.9461175388687, "params": {"gamma": 8.54074388954821, "lr": 0.2708449138359166}, "datetime": {"datetime": "2024-06-13 22:26:37", "elapsed": 4.670815, "delta": 0.003988}}
{"target": -1443.0952179500966, "params": {"gamma": 6.263961673283628, "lr": 0.6235518010455583}, "datetime": {"datetime": "2024-06-13 22:26:37", "elapsed": 4.674805, "delta": 0.00399}}
{"target": -1361.221752449281, "params": {"gamma": 4.08106330634394, "lr": 0.05033512965945175}, "datetime": {"datetime": "2024-06-13 22:26:37", "elapsed": 4.678794, "delta": 0.003989}}
{"target": -1740.8411514220654, "params": {"gamma": 7.448593896451896, "lr": 0.29572553442388116}, "datetime": {"datetime": "2024-06-13 22:26:37", "elapsed": 4.685776, "delta": 0.006982}}
{"target": -949.9758815719838, "params": {"gamma": 3.9851835072938524, "lr": 0.37723956753050947}, "datetime": {"datetime": "2024-06-13 22:26:37", "elapsed": 4.690762, "delta": 0.004986}}
{"target": -2204.5014322009265, "params": {"gamma": 6.636362714079265, "lr": 0.08633328681516406}, "datetime": {"datetime": "2024-06-13 22:26:37", "elapsed": 4.694751, "delta": 0.003989}}
{"target": -1819.5638666409334, "params": {"gamma": 5.49934931479934, "lr": 0.015421822343255842}, "datetime": {"datetime": "2024-06-13 22:26:37", "elapsed": 4.698741, "delta": 0.00399}}
{"target": -2213.8211366917362, "params": {"gamma": 9.830406796410628, "lr": 0.5984272223880148}, "datetime": {"datetime": "2024-06-13 22:26:37", "elapsed": 4.703727, "delta": 0.004986}}
{"target": -1245.0855123619099, "params": {"gamma": 3.8417581657342703, "lr": 0.1467479307274827}, "datetime": {"datetime": "2024-06-13 22:26:37", "elapsed": 4.707716, "delta": 0.003989}}
{"target": -1904.8869504649053, "params": {"gamma": 6.9690863860416155, "lr": 0.9058084167065523}, "datetime": {"datetime": "2024-06-13 22:26:37", "elapsed": 4.711706, "delta": 0.00399}}
{"target": -812.0036515831044, "params": {"gamma": 3.1817694146938234, "lr": 0.7664921446562297}, "datetime": {"datetime": "2024-06-13 22:26:37", "elapsed": 4.716693, "delta": 0.004987}}
{"target": -814.6151368062704, "params": {"gamma": 2.8756935223098354, "lr": 0.9572253423743934}, "datetime": {"datetime": "2024-06-13 22:26:37", "elapsed": 4.720682, "delta": 0.003989}}
