{"target": -339.5309487487658, "params": {"gamma": 4.246702488235933, "prior": 3.7004756377425694, "rate": 2.825092294877215}, "datetime": {"datetime": "2024-06-14 12:31:17", "elapsed": 9.283387, "delta": 0.009974}}
{"target": -810.1063522414971, "params": {"gamma": 9.93237460787099, "prior": 2.6319351668238067, "rate": 9.206835301993463}, "datetime": {"datetime": "2024-06-14 12:31:17", "elapsed": 9.292362, "delta": 0.008975}}
{"target": -345.2904433863852, "params": {"gamma": 4.283923802383466, "prior": 9.360727422179947, "rate": 8.38860949714763}, "datetime": {"datetime": "2024-06-14 12:31:17", "elapsed": 9.302336, "delta": 0.009974}}
{"target": -189.09038309986352, "params": {"gamma": 1.5586174788295128, "prior": 5.785405208073743, "rate": 6.7353566438421755}, "datetime": {"datetime": "2024-06-14 12:31:17", "elapsed": 9.311311, "delta": 0.008975}}
{"target": -391.90387035472355, "params": {"gamma": 4.058798239584453, "prior": 0.14828274037404324, "rate": 3.2539879663598352}, "datetime": {"datetime": "2024-06-14 12:31:17", "elapsed": 9.321285, "delta": 0.009974}}
{"target": -653.8550044575376, "params": {"gamma": 8.389610534784513, "prior": 0.7219574041509673, "rate": 1.0550920446467325}, "datetime": {"datetime": "2024-06-14 12:31:17", "elapsed": 9.331001, "delta": 0.009716}}
{"target": -537.5991159939349, "params": {"gamma": 7.0181716777726475, "prior": 5.190166850786258, "rate": 4.9821700831201285}, "datetime": {"datetime": "2024-06-14 12:31:17", "elapsed": 9.339976, "delta": 0.008975}}
{"target": -318.1321797127192, "params": {"gamma": 3.736723579545134, "prior": 6.074784805046058, "rate": 8.514836200003508}, "datetime": {"datetime": "2024-06-14 12:31:17", "elapsed": 9.34995, "delta": 0.009974}}
{"target": -243.33408197743339, "params": {"gamma": 2.7699536416334585, "prior": 8.463137492151986, "rate": 4.166774866572612}, "datetime": {"datetime": "2024-06-14 12:31:17", "elapsed": 9.358925, "delta": 0.008975}}
{"target": -373.6442575940621, "params": {"gamma": 5.010339139927012, "prior": 7.323271447824984, "rate": 2.5879583533585664}, "datetime": {"datetime": "2024-06-14 12:31:17", "elapsed": 9.368899, "delta": 0.009974}}
{"target": -692.3007540399632, "params": {"gamma": 9.216447549642744, "prior": 7.050487695865598, "rate": 6.189685300551793}, "datetime": {"datetime": "2024-06-14 12:31:17", "elapsed": 9.377875, "delta": 0.008976}}
{"target": -238.97192076730295, "params": {"gamma": 2.7308153642818653, "prior": 6.988899717958515, "rate": 2.5728902697861002}, "datetime": {"datetime": "2024-06-14 12:31:17", "elapsed": 9.387848, "delta": 0.009973}}
{"target": -700.7607125410152, "params": {"gamma": 8.164710250604447, "prior": 0.21357730472677, "rate": 1.6662098984717895}, "datetime": {"datetime": "2024-06-14 12:31:17", "elapsed": 9.397822, "delta": 0.009974}}
{"target": -426.5307267410976, "params": {"gamma": 5.578732058631829, "prior": 7.151581896064771, "rate": 4.925314058477191}, "datetime": {"datetime": "2024-06-14 12:31:17", "elapsed": 9.406797, "delta": 0.008975}}
{"target": -633.7300312162785, "params": {"gamma": 8.77821720529802, "prior": 9.761112381872845, "rate": 4.643306398374889}, "datetime": {"datetime": "2024-06-14 12:31:17", "elapsed": 9.416772, "delta": 0.009975}}
{"target": -597.6331922211975, "params": {"gamma": 7.680101807848576, "prior": 4.99824412495192, "rate": 6.651322684579871}, "datetime": {"datetime": "2024-06-14 12:31:17", "elapsed": 9.425747, "delta": 0.008975}}
{"target": -246.18745670285298, "params": {"gamma": 2.2495249246936897, "prior": 1.1844630004410581, "rate": 9.790110366804328}, "datetime": {"datetime": "2024-06-14 12:31:17", "elapsed": 9.43572, "delta": 0.009973}}
{"target": -648.5857705017308, "params": {"gamma": 8.150131602400142, "prior": 2.925296971250357, "rate": 5.858698015894784}, "datetime": {"datetime": "2024-06-14 12:31:17", "elapsed": 9.445694, "delta": 0.009974}}
{"target": -332.4435893386238, "params": {"gamma": 3.8013319815826336, "prior": 1.8457466036216705, "rate": 4.188932595381877}, "datetime": {"datetime": "2024-06-14 12:31:17", "elapsed": 9.454669, "delta": 0.008975}}
{"target": -302.99953687021366, "params": {"gamma": 2.9725807541730793, "prior": 0.2645786546757686, "rate": 3.8742957016810964}, "datetime": {"datetime": "2024-06-14 12:31:17", "elapsed": 9.464643, "delta": 0.009974}}
{"target": -680.8075543664289, "params": {"gamma": 9.209209125043717, "prior": 8.299182561203743, "rate": 5.741173477210314}, "datetime": {"datetime": "2024-06-14 12:31:17", "elapsed": 9.473619, "delta": 0.008976}}
{"target": -300.56992749671076, "params": {"gamma": 3.1871500009390448, "prior": 2.3895165193658316, "rate": 9.560239816725709}, "datetime": {"datetime": "2024-06-14 12:31:17", "elapsed": 9.483592, "delta": 0.009973}}
{"target": -444.3650069107158, "params": {"gamma": 5.646536380588049, "prior": 2.254292505235319, "rate": 2.4955710289351303}, "datetime": {"datetime": "2024-06-14 12:31:17", "elapsed": 9.493387, "delta": 0.009795}}
{"target": -685.4572366389928, "params": {"gamma": 9.59600242910666, "prior": 2.464259919634281, "rate": 1.068034169467023}, "datetime": {"datetime": "2024-06-14 12:31:17", "elapsed": 9.502632, "delta": 0.009245}}
{"target": -200.55985690082565, "params": {"gamma": 1.840435435586939, "prior": 7.685625588487398, "rate": 7.087933795056683}, "datetime": {"datetime": "2024-06-14 12:31:17", "elapsed": 9.511768, "delta": 0.009136}}
{"target": -345.0272894237963, "params": {"gamma": 4.379981305846461, "prior": 7.958664620452609, "rate": 5.1756094087340525}, "datetime": {"datetime": "2024-06-14 12:31:18", "elapsed": 9.521741, "delta": 0.009973}}
{"target": -379.3638536304337, "params": {"gamma": 4.136568013129941, "prior": 1.262675168653137, "rate": 8.839226748297556}, "datetime": {"datetime": "2024-06-14 12:31:18", "elapsed": 9.530718, "delta": 0.008977}}
{"target": -257.3296686163071, "params": {"gamma": 2.7566565508887577, "prior": 6.200981160965617, "rate": 9.8458132098281}, "datetime": {"datetime": "2024-06-14 12:31:18", "elapsed": 9.54069, "delta": 0.009972}}
{"target": -201.04715491739347, "params": {"gamma": 1.8949908024154942, "prior": 9.655361118751124, "rate": 6.527500968888528}, "datetime": {"datetime": "2024-06-14 12:31:18", "elapsed": 9.550664, "delta": 0.009974}}
{"target": -177.90728263020628, "params": {"gamma": 1.28818731436088, "prior": 7.742078746123179, "rate": 9.51780600679268}, "datetime": {"datetime": "2024-06-14 12:31:18", "elapsed": 9.55964, "delta": 0.008976}}
{"target": -395.9779074508771, "params": {"gamma": 5.628242716344561, "prior": 6.916696477605665, "rate": 0.26445244082095803}, "datetime": {"datetime": "2024-06-14 12:31:18", "elapsed": 9.569613, "delta": 0.009973}}
{"target": -642.41506632151, "params": {"gamma": 9.890767779393961, "prior": 3.252725486155457, "rate": 0.24001388988282726}, "datetime": {"datetime": "2024-06-14 12:31:18", "elapsed": 9.578589, "delta": 0.008976}}
{"target": -604.97119993903, "params": {"gamma": 8.08583294059341, "prior": 9.735200262493974, "rate": 7.376147510656895}, "datetime": {"datetime": "2024-06-14 12:31:18", "elapsed": 9.588562, "delta": 0.009973}}
{"target": -150.25312010969571, "params": {"gamma": 0.028355324647958178, "prior": 0.7272690626029495, "rate": 5.843109782870581}, "datetime": {"datetime": "2024-06-14 12:31:18", "elapsed": 9.598536, "delta": 0.009974}}
{"target": -287.0917546426076, "params": {"gamma": 3.3578153624482754, "prior": 8.830151459442787, "rate": 8.736820024200027}, "datetime": {"datetime": "2024-06-14 12:31:18", "elapsed": 9.607511, "delta": 0.008975}}
{"target": -756.0466334265586, "params": {"gamma": 9.875201568135711, "prior": 7.186736493818677, "rate": 8.768960114386706}, "datetime": {"datetime": "2024-06-14 12:31:18", "elapsed": 9.617485, "delta": 0.009974}}
{"target": -310.4346216671393, "params": {"gamma": 3.197181468508664, "prior": 1.20065182400608, "rate": 8.653775693718016}, "datetime": {"datetime": "2024-06-14 12:31:18", "elapsed": 9.626461, "delta": 0.008976}}
{"target": -274.0132952706686, "params": {"gamma": 3.035422507017289, "prior": 4.251389751852173, "rate": 6.460656540458656}, "datetime": {"datetime": "2024-06-14 12:31:18", "elapsed": 9.636436, "delta": 0.009975}}
{"target": -467.0419828610448, "params": {"gamma": 6.051386242420971, "prior": 4.267138536697311, "rate": 3.862118968194065}, "datetime": {"datetime": "2024-06-14 12:31:18", "elapsed": 9.646436, "delta": 0.01}}
{"target": -172.90828712267086, "params": {"gamma": 1.227687737548204, "prior": 5.385232654603825, "rate": 2.329308118342716}, "datetime": {"datetime": "2024-06-14 12:31:18", "elapsed": 9.656381, "delta": 0.009945}}
{"target": -508.8191732509699, "params": {"gamma": 7.548323703153514, "prior": 6.78121878322855, "rate": 0.7201977211273354}, "datetime": {"datetime": "2024-06-14 12:31:18", "elapsed": 9.666354, "delta": 0.009973}}
{"target": -686.2716892580348, "params": {"gamma": 9.892657582673268, "prior": 7.826523662185978, "rate": 2.279031043019085}, "datetime": {"datetime": "2024-06-14 12:31:18", "elapsed": 9.67533, "delta": 0.008976}}
{"target": -152.01282468475512, "params": {"gamma": 0.30839744067862085, "prior": 4.835881127609816, "rate": 3.5280716325732393}, "datetime": {"datetime": "2024-06-14 12:31:18", "elapsed": 9.685304, "delta": 0.009974}}
{"target": -433.89581534286805, "params": {"gamma": 5.465568482142916, "prior": 6.630673158706719, "rate": 7.972400853780025}, "datetime": {"datetime": "2024-06-14 12:31:18", "elapsed": 9.695277, "delta": 0.009973}}
{"target": -150.96583840469225, "params": {"gamma": 0.1364299240444373, "prior": 7.171525587400897, "rate": 2.95384434705289}, "datetime": {"datetime": "2024-06-14 12:31:18", "elapsed": 9.704253, "delta": 0.008976}}
{"target": -725.0426693186164, "params": {"gamma": 9.864039353798532, "prior": 8.47779313281904, "rate": 5.604451409666734}, "datetime": {"datetime": "2024-06-14 12:31:18", "elapsed": 9.714226, "delta": 0.009973}}
{"target": -468.5437256561568, "params": {"gamma": 5.9780590880830164, "prior": 2.001549162745117, "rate": 2.263289634282068}, "datetime": {"datetime": "2024-06-14 12:31:18", "elapsed": 9.723202, "delta": 0.008976}}
{"target": -183.68636354200277, "params": {"gamma": 1.5409777702011733, "prior": 3.8403541198979734, "rate": 1.1204424879714694}, "datetime": {"datetime": "2024-06-14 12:31:18", "elapsed": 9.733176, "delta": 0.009974}}
{"target": -370.4763065102774, "params": {"gamma": 5.113217663448985, "prior": 6.420931758475319, "rate": 1.2230015699915957}, "datetime": {"datetime": "2024-06-14 12:31:18", "elapsed": 9.742152, "delta": 0.008976}}
{"target": -326.87482879838564, "params": {"gamma": 3.442619392943751, "prior": 0.7964440088835576, "rate": 5.25808611153342}, "datetime": {"datetime": "2024-06-14 12:31:18", "elapsed": 9.752125, "delta": 0.009973}}
{"target": -511.094536943954, "params": {"gamma": 6.503247402260852, "prior": 6.193174199613517, "rate": 8.138881758532042}, "datetime": {"datetime": "2024-06-14 12:31:18", "elapsed": 9.761101, "delta": 0.008976}}
{"target": -221.42298909044123, "params": {"gamma": 2.3564267987877012, "prior": 6.220000234220411, "rate": 3.028982363807174}, "datetime": {"datetime": "2024-06-14 12:31:18", "elapsed": 9.771074, "delta": 0.009973}}
{"target": -163.4606518133174, "params": {"gamma": 0.8885882930853439, "prior": 3.1220885685015505, "rate": 0.7144933929712171}, "datetime": {"datetime": "2024-06-14 12:31:18", "elapsed": 9.781048, "delta": 0.009974}}
{"target": -637.8392453453331, "params": {"gamma": 9.585783535985689, "prior": 7.2989378057766, "rate": 1.0155071173822163}, "datetime": {"datetime": "2024-06-14 12:31:18", "elapsed": 9.790034, "delta": 0.008986}}
{"target": -635.9322938298158, "params": {"gamma": 7.862906954163588, "prior": 3.5863380649556653, "rate": 9.1144399680976}, "datetime": {"datetime": "2024-06-14 12:31:18", "elapsed": 9.8, "delta": 0.009966}}
{"target": -364.602792818776, "params": {"gamma": 4.955478850036387, "prior": 8.739657957550234, "rate": 2.206077417642493}, "datetime": {"datetime": "2024-06-14 12:31:18", "elapsed": 9.808976, "delta": 0.008976}}
{"target": -288.62928116357955, "params": {"gamma": 3.6725560667067523, "prior": 3.731685727367989, "rate": 0.9722296833512493}, "datetime": {"datetime": "2024-06-14 12:31:18", "elapsed": 9.818949, "delta": 0.009973}}
{"target": -278.8370300175651, "params": {"gamma": 3.310813326223882, "prior": 6.6311270580041155, "rate": 4.665968370246033}, "datetime": {"datetime": "2024-06-14 12:31:18", "elapsed": 9.827925, "delta": 0.008976}}
{"target": -678.1776493895891, "params": {"gamma": 8.792436465874568, "prior": 2.769735637264448, "rate": 3.5488386678677664}, "datetime": {"datetime": "2024-06-14 12:31:18", "elapsed": 9.837898, "delta": 0.009973}}
{"target": -264.17967058434004, "params": {"gamma": 3.2042225472159718, "prior": 5.562205909154905, "rate": 1.8830059366472722}, "datetime": {"datetime": "2024-06-14 12:31:18", "elapsed": 9.846874, "delta": 0.008976}}
{"target": -191.69284305108056, "params": {"gamma": 1.7332694708102208, "prior": 9.4008710496637, "rate": 3.767100489749554}, "datetime": {"datetime": "2024-06-14 12:31:18", "elapsed": 9.856847, "delta": 0.009973}}
{"target": -480.60755372662743, "params": {"gamma": 5.871394250695616, "prior": 0.6460056416863561, "rate": 1.409439110996769}, "datetime": {"datetime": "2024-06-14 12:31:18", "elapsed": 9.86685, "delta": 0.010003}}
{"target": -166.26702922018183, "params": {"gamma": 0.964489160060572, "prior": 8.139944122785648, "rate": 1.0323646790520586}, "datetime": {"datetime": "2024-06-14 12:31:18", "elapsed": 9.875797, "delta": 0.008947}}
{"target": -421.8856835616826, "params": {"gamma": 5.163644140749812, "prior": 1.6402211901215338, "rate": 2.7888887375330564}, "datetime": {"datetime": "2024-06-14 12:31:18", "elapsed": 9.88577, "delta": 0.009973}}
{"target": -687.9762692055891, "params": {"gamma": 8.826137423028198, "prior": 6.352778274796015, "rate": 9.636663439420486}, "datetime": {"datetime": "2024-06-14 12:31:18", "elapsed": 9.895251, "delta": 0.009481}}
{"target": -550.0688231978293, "params": {"gamma": 5.997543941794315, "prior": 0.19424519054392425, "rate": 4.156994414198696}, "datetime": {"datetime": "2024-06-14 12:31:18", "elapsed": 9.905225, "delta": 0.009974}}
{"target": -150.93770519359092, "params": {"gamma": 0.22539510183243922, "prior": 3.20844484766477, "rate": 4.816767682276697}, "datetime": {"datetime": "2024-06-14 12:31:18", "elapsed": 9.914201, "delta": 0.008976}}
{"target": -473.12629571322475, "params": {"gamma": 5.755017951896957, "prior": 2.4626370089964063, "rate": 5.583307497898072}, "datetime": {"datetime": "2024-06-14 12:31:18", "elapsed": 9.924174, "delta": 0.009973}}
{"target": -309.071703487237, "params": {"gamma": 3.949806420938232, "prior": 5.115163656318577, "rate": 1.9604741784106727}, "datetime": {"datetime": "2024-06-14 12:31:18", "elapsed": 9.933711, "delta": 0.009537}}
{"target": -185.22961577626953, "params": {"gamma": 1.5683593484243095, "prior": 7.5697183752636255, "rate": 3.3004023148263886}, "datetime": {"datetime": "2024-06-14 12:31:18", "elapsed": 9.942687, "delta": 0.008976}}
{"target": -512.6253110843496, "params": {"gamma": 6.442312729689626, "prior": 5.698010406246365, "rate": 8.995409627944824}, "datetime": {"datetime": "2024-06-14 12:31:18", "elapsed": 9.952661, "delta": 0.009974}}
{"target": -633.8879570814163, "params": {"gamma": 8.806955495452243, "prior": 4.486802863235155, "rate": 2.048146129836078}, "datetime": {"datetime": "2024-06-14 12:31:18", "elapsed": 9.962665, "delta": 0.010004}}
{"target": -491.7399174160966, "params": {"gamma": 6.322291560542967, "prior": 6.404676155930846, "rate": 6.92448261628265}, "datetime": {"datetime": "2024-06-14 12:31:18", "elapsed": 9.97219, "delta": 0.009525}}
{"target": -677.7064547237533, "params": {"gamma": 9.074824554145266, "prior": 7.847551682641525, "rate": 6.253284067622613}, "datetime": {"datetime": "2024-06-14 12:31:18", "elapsed": 9.981166, "delta": 0.008976}}
{"target": -499.9996314479703, "params": {"gamma": 6.010054988385501, "prior": 2.2063144570746065, "rate": 6.514002254616683}, "datetime": {"datetime": "2024-06-14 12:31:18", "elapsed": 9.991142, "delta": 0.009976}}
{"target": -620.0712766369754, "params": {"gamma": 8.145187207595269, "prior": 9.230992560443674, "rate": 9.166584470697245}, "datetime": {"datetime": "2024-06-14 12:31:18", "elapsed": 10.000118, "delta": 0.008976}}
{"target": -445.34461729612406, "params": {"gamma": 5.611426959920494, "prior": 2.6723563598308284, "rate": 3.338640770780343}, "datetime": {"datetime": "2024-06-14 12:31:18", "elapsed": 10.010123, "delta": 0.010005}}
{"target": -774.937134176919, "params": {"gamma": 9.977625893322635, "prior": 5.303418103356411, "rate": 8.159250821705387}, "datetime": {"datetime": "2024-06-14 12:31:18", "elapsed": 10.020065, "delta": 0.009942}}
{"target": -453.07876813030686, "params": {"gamma": 5.970564861657937, "prior": 5.1186108345504335, "rate": 3.4860476134416722}, "datetime": {"datetime": "2024-06-14 12:31:18", "elapsed": 10.029041, "delta": 0.008976}}
{"target": -513.549665965741, "params": {"gamma": 5.378167511784794, "prior": 0.16667359924261277, "rate": 8.766981380159143}, "datetime": {"datetime": "2024-06-14 12:31:18", "elapsed": 10.039014, "delta": 0.009973}}
{"target": -520.5782946358718, "params": {"gamma": 5.615303328845261, "prior": 0.340386110714318, "rate": 8.181929278566322}, "datetime": {"datetime": "2024-06-14 12:31:18", "elapsed": 10.04799, "delta": 0.008976}}
{"target": -193.1960056449451, "params": {"gamma": 1.3544085542298703, "prior": 0.4033231110996103, "rate": 4.623891705947023}, "datetime": {"datetime": "2024-06-14 12:31:18", "elapsed": 10.057963, "delta": 0.009973}}
{"target": -705.2168289673261, "params": {"gamma": 9.606606296174677, "prior": 1.0267810597935034, "rate": 0.656919562834297}, "datetime": {"datetime": "2024-06-14 12:31:18", "elapsed": 10.066941, "delta": 0.008978}}
{"target": -667.6949116856497, "params": {"gamma": 8.799475826643015, "prior": 8.231583211278556, "rate": 8.199874253028593}, "datetime": {"datetime": "2024-06-14 12:31:18", "elapsed": 10.076913, "delta": 0.009972}}
{"target": -372.5486788887545, "params": {"gamma": 4.678712660105902, "prior": 4.3321717361492516, "rate": 4.011281986039528}, "datetime": {"datetime": "2024-06-14 12:31:18", "elapsed": 10.086886, "delta": 0.009973}}
{"target": -455.8913472390552, "params": {"gamma": 5.822568206350932, "prior": 7.316809626823501, "rate": 7.843135731493912}, "datetime": {"datetime": "2024-06-14 12:31:18", "elapsed": 10.096368, "delta": 0.009482}}
{"target": -495.1370282986867, "params": {"gamma": 6.548337076416619, "prior": 5.668415030292531, "rate": 4.1245136895947505}, "datetime": {"datetime": "2024-06-14 12:31:18", "elapsed": 10.106341, "delta": 0.009973}}
{"target": -277.56303822593014, "params": {"gamma": 3.1998307053765016, "prior": 2.9338531489792334, "rate": 2.9624710073123492}, "datetime": {"datetime": "2024-06-14 12:31:18", "elapsed": 10.115317, "delta": 0.008976}}
{"target": -517.0745218026274, "params": {"gamma": 6.827845908778269, "prior": 7.648167703379835, "rate": 5.976600250112773}, "datetime": {"datetime": "2024-06-14 12:31:18", "elapsed": 10.12529, "delta": 0.009973}}
{"target": -236.59823747997115, "params": {"gamma": 2.229416058643355, "prior": 2.0245107029967566, "rate": 7.657095501588769}, "datetime": {"datetime": "2024-06-14 12:31:18", "elapsed": 10.134266, "delta": 0.008976}}
{"target": -842.0440691104204, "params": {"gamma": 9.786959495931479, "prior": 0.257508619766369, "rate": 2.489732521683815}, "datetime": {"datetime": "2024-06-14 12:31:18", "elapsed": 10.144239, "delta": 0.009973}}
{"target": -562.5321766161624, "params": {"gamma": 7.923336404835708, "prior": 7.219736447758213, "rate": 2.4605535974366086}, "datetime": {"datetime": "2024-06-14 12:31:18", "elapsed": 10.153215, "delta": 0.008976}}
{"target": -440.3277720112263, "params": {"gamma": 5.549368918377377, "prior": 5.897299361580305, "rate": 7.21412138219565}, "datetime": {"datetime": "2024-06-14 12:31:18", "elapsed": 10.164216, "delta": 0.011001}}
{"target": -364.9890788236461, "params": {"gamma": 4.637273438415798, "prior": 4.1079998680749545, "rate": 3.080786698738075}, "datetime": {"datetime": "2024-06-14 12:31:18", "elapsed": 10.173162, "delta": 0.008946}}
{"target": -252.39937128676792, "params": {"gamma": 2.3838507751598206, "prior": 1.0157832456909792, "rate": 6.4591879907890055}, "datetime": {"datetime": "2024-06-14 12:31:18", "elapsed": 10.183136, "delta": 0.009974}}
{"target": -462.9643685571093, "params": {"gamma": 6.696034914953822, "prior": 6.904700391776786, "rate": 0.03245405892326011}, "datetime": {"datetime": "2024-06-14 12:31:18", "elapsed": 10.192617, "delta": 0.009481}}
{"target": -386.35344758266035, "params": {"gamma": 4.383092072177341, "prior": 1.3132783126224954, "rate": 5.266566747727368}, "datetime": {"datetime": "2024-06-14 12:31:18", "elapsed": 10.202591, "delta": 0.009974}}
{"target": -726.1176775531567, "params": {"gamma": 9.797416469397842, "prior": 5.042842408537047, "rate": 3.747125142755934}, "datetime": {"datetime": "2024-06-14 12:31:18", "elapsed": 10.212564, "delta": 0.009973}}
{"target": -571.6402138654345, "params": {"gamma": 8.13858608395356, "prior": 9.685194238622525, "rate": 2.8719466519104246}, "datetime": {"datetime": "2024-06-14 12:31:18", "elapsed": 10.253454, "delta": 0.04089}}
{"target": -538.4170773739119, "params": {"gamma": 8.030197397425262, "prior": 9.96180022989637, "rate": 1.1191305732763266}, "datetime": {"datetime": "2024-06-14 12:31:18", "elapsed": 10.263429, "delta": 0.009975}}
{"target": -398.60885191671196, "params": {"gamma": 5.310942498517634, "prior": 8.153913136901503, "rate": 3.763565542385325}, "datetime": {"datetime": "2024-06-14 12:31:18", "elapsed": 10.272404, "delta": 0.008975}}
