{"target": -491.29754636590764, "params": {"gamma": 2.351541289225017, "lr": 0.461602080891622}, "datetime": {"datetime": "2024-06-13 22:59:26", "elapsed": 2.305772, "delta": 0.003988}}
{"target": -714.3135973950405, "params": {"gamma": 1.9867164390362086, "lr": 0.0254762357788203}, "datetime": {"datetime": "2024-06-13 22:59:26", "elapsed": 2.309761, "delta": 0.003989}}
{"target": -1638.4525454709274, "params": {"gamma": 7.294247584863271, "lr": 0.7249167472191191}, "datetime": {"datetime": "2024-06-13 22:59:26", "elapsed": 2.313751, "delta": 0.00399}}
{"target": -793.5440149800357, "params": {"gamma": 3.304587071870666, "lr": 0.8434941260636555}, "datetime": {"datetime": "2024-06-13 22:59:26", "elapsed": 2.31774, "delta": 0.003989}}
{"target": -1046.76831620864, "params": {"gamma": 4.284996317034784, "lr": 0.8646861447635343}, "datetime": {"datetime": "2024-06-13 22:59:26", "elapsed": 2.32173, "delta": 0.00399}}
{"target": -1379.2626516102184, "params": {"gamma": 6.570997180804273, "lr": 0.5810356574180902}, "datetime": {"datetime": "2024-06-13 22:59:26", "elapsed": 2.32572, "delta": 0.00399}}
{"target": -445.35505506164594, "params": {"gamma": 2.008074152862875, "lr": 0.5295466104783949}, "datetime": {"datetime": "2024-06-13 22:59:26", "elapsed": 2.329708, "delta": 0.003988}}
{"target": -2006.1628743915624, "params": {"gamma": 8.944429751857296, "lr": 0.30499397583521604}, "datetime": {"datetime": "2024-06-13 22:59:26", "elapsed": 2.333697, "delta": 0.003989}}
{"target": -2211.768216400201, "params": {"gamma": 8.709585146001372, "lr": 0.9087452728583881}, "datetime": {"datetime": "2024-06-13 22:59:26", "elapsed": 2.337687, "delta": 0.00399}}
{"target": -739.5518425932811, "params": {"gamma": 3.2991157822561417, "lr": 0.6830743663365642}, "datetime": {"datetime": "2024-06-13 22:59:26", "elapsed": 2.341676, "delta": 0.003989}}
{"target": -3142.5146136739822, "params": {"gamma": 8.992310274710121, "lr": 0.07569688175830336}, "datetime": {"datetime": "2024-06-13 22:59:26", "elapsed": 2.345666, "delta": 0.00399}}
{"target": -2736.834558523829, "params": {"gamma": 8.7860000441845, "lr": 0.1908393632684806}, "datetime": {"datetime": "2024-06-13 22:59:26", "elapsed": 2.349655, "delta": 0.003989}}
{"target": -1875.0123981021861, "params": {"gamma": 8.497839331269288, "lr": 0.6671187886992039}, "datetime": {"datetime": "2024-06-13 22:59:26", "elapsed": 2.353644, "delta": 0.003989}}
{"target": -1190.867939892776, "params": {"gamma": 3.4440476153050885, "lr": 0.151375569992799}, "datetime": {"datetime": "2024-06-13 22:59:26", "elapsed": 2.357634, "delta": 0.00399}}
{"target": -1508.657454009514, "params": {"gamma": 6.354074243923046, "lr": 0.8477880437147416}, "datetime": {"datetime": "2024-06-13 22:59:26", "elapsed": 2.361623, "delta": 0.003989}}
{"target": -1731.0959831112425, "params": {"gamma": 8.218671898265342, "lr": 0.6282395971306578}, "datetime": {"datetime": "2024-06-13 22:59:26", "elapsed": 2.365613, "delta": 0.00399}}
{"target": -1999.6951428113264, "params": {"gamma": 9.563058796042565, "lr": 0.5899231270757698}, "datetime": {"datetime": "2024-06-13 22:59:26", "elapsed": 2.369602, "delta": 0.003989}}
{"target": -435.8427403356168, "params": {"gamma": 1.979130013694545, "lr": 0.4293307226164923}, "datetime": {"datetime": "2024-06-13 22:59:26", "elapsed": 2.373591, "delta": 0.003989}}
{"target": -863.1556072389442, "params": {"gamma": 3.3681232410129716, "lr": 0.991945011907281}, "datetime": {"datetime": "2024-06-13 22:59:26", "elapsed": 2.377581, "delta": 0.00399}}
{"target": -971.7499837300128, "params": {"gamma": 3.8029847246765303, "lr": 0.992700873664818}, "datetime": {"datetime": "2024-06-13 22:59:26", "elapsed": 2.38157, "delta": 0.003989}}
{"target": -1727.4250961671548, "params": {"gamma": 5.188523703083409, "lr": 0.17227970147712546}, "datetime": {"datetime": "2024-06-13 22:59:26", "elapsed": 2.385559, "delta": 0.003989}}
{"target": -218.86582942132296, "params": {"gamma": 0.7466661384435471, "lr": 0.37030569377388767}, "datetime": {"datetime": "2024-06-13 22:59:26", "elapsed": 2.389548, "delta": 0.003989}}
{"target": -295.9572463141125, "params": {"gamma": 1.235065179287484, "lr": 0.6345187162918416}, "datetime": {"datetime": "2024-06-13 22:59:26", "elapsed": 2.393538, "delta": 0.00399}}
{"target": -1056.0171337664679, "params": {"gamma": 4.13978453744836, "lr": 0.9909156325254501}, "datetime": {"datetime": "2024-06-13 22:59:26", "elapsed": 2.397527, "delta": 0.003989}}
{"target": -3195.5216784683416, "params": {"gamma": 9.299626280909525, "lr": 0.14923603230975002}, "datetime": {"datetime": "2024-06-13 22:59:26", "elapsed": 2.401517, "delta": 0.00399}}
{"target": -806.1889152097823, "params": {"gamma": 3.9494277431054683, "lr": 0.46157971096238615}, "datetime": {"datetime": "2024-06-13 22:59:26", "elapsed": 2.405506, "delta": 0.003989}}
{"target": -1301.482478022077, "params": {"gamma": 5.609926602464331, "lr": 0.7803635232892685}, "datetime": {"datetime": "2024-06-13 22:59:26", "elapsed": 2.409495, "delta": 0.003989}}
{"target": -1021.0490192341887, "params": {"gamma": 4.872451896825164, "lr": 0.4199935520102408}, "datetime": {"datetime": "2024-06-13 22:59:26", "elapsed": 2.413484, "delta": 0.003989}}
{"target": -677.4270190466253, "params": {"gamma": 2.6207350474886373, "lr": 0.9108061390867584}, "datetime": {"datetime": "2024-06-13 22:59:26", "elapsed": 2.417474, "delta": 0.00399}}
{"target": -150.93496325289667, "params": {"gamma": 0.22369284381650878, "lr": 0.8211218982189646}, "datetime": {"datetime": "2024-06-13 22:59:26", "elapsed": 2.421463, "delta": 0.003989}}
{"target": -437.57906855303673, "params": {"gamma": 1.8854955282645185, "lr": 0.6857568991725472}, "datetime": {"datetime": "2024-06-13 22:59:26", "elapsed": 2.425452, "delta": 0.003989}}
{"target": -909.2240186708493, "params": {"gamma": 3.552738684007098, "lr": 0.9742126278950913}, "datetime": {"datetime": "2024-06-13 22:59:26", "elapsed": 2.429442, "delta": 0.00399}}
{"target": -407.06230354127996, "params": {"gamma": 1.22859852236475, "lr": 0.18756989261723955}, "datetime": {"datetime": "2024-06-13 22:59:26", "elapsed": 2.433431, "delta": 0.003989}}
{"target": -1861.0218984659018, "params": {"gamma": 8.894535312169324, "lr": 0.5834063146082279}, "datetime": {"datetime": "2024-06-13 22:59:26", "elapsed": 2.437421, "delta": 0.00399}}
{"target": -1096.3368145498866, "params": {"gamma": 3.0931546002031376, "lr": 0.0007643854781880233}, "datetime": {"datetime": "2024-06-13 22:59:26", "elapsed": 2.44141, "delta": 0.003989}}
{"target": -793.2178629803778, "params": {"gamma": 2.2767497854842085, "lr": 0.1454036341712357}, "datetime": {"datetime": "2024-06-13 22:59:26", "elapsed": 2.4454, "delta": 0.00399}}
{"target": -532.8740710620382, "params": {"gamma": 2.035134809876536, "lr": 0.8963225568040046}, "datetime": {"datetime": "2024-06-13 22:59:26", "elapsed": 2.449388, "delta": 0.003988}}
{"target": -1918.0371694177509, "params": {"gamma": 8.731070688318136, "lr": 0.7002894376334498}, "datetime": {"datetime": "2024-06-13 22:59:26", "elapsed": 2.453378, "delta": 0.00399}}
{"target": -1091.9909873896488, "params": {"gamma": 4.705506263845939, "lr": 0.8271360023322883}, "datetime": {"datetime": "2024-06-13 22:59:26", "elapsed": 2.457367, "delta": 0.003989}}
{"target": -1126.5671588895939, "params": {"gamma": 4.958768144455039, "lr": 0.36348868328490525}, "datetime": {"datetime": "2024-06-13 22:59:26", "elapsed": 2.460359, "delta": 0.002992}}
{"target": -711.108156202904, "params": {"gamma": 2.7567554245058266, "lr": 0.9247408135383717}, "datetime": {"datetime": "2024-06-13 22:59:26", "elapsed": 2.464348, "delta": 0.003989}}
{"target": -790.4754428629523, "params": {"gamma": 3.8705053533286655, "lr": 0.49288087343132025}, "datetime": {"datetime": "2024-06-13 22:59:26", "elapsed": 2.468338, "delta": 0.00399}}
{"target": -640.0057544989445, "params": {"gamma": 2.5451265850419067, "lr": 0.8849665188380633}, "datetime": {"datetime": "2024-06-13 22:59:26", "elapsed": 2.472327, "delta": 0.003989}}
{"target": -889.9080864084536, "params": {"gamma": 3.833251304596062, "lr": 0.29757471531387525}, "datetime": {"datetime": "2024-06-13 22:59:26", "elapsed": 2.476317, "delta": 0.00399}}
{"target": -2237.825540070764, "params": {"gamma": 7.17623202698535, "lr": 0.19086994317230743}, "datetime": {"datetime": "2024-06-13 22:59:26", "elapsed": 2.480464, "delta": 0.004147}}
{"target": -312.666712618336, "params": {"gamma": 1.1828081008410374, "lr": 0.8369977822135122}, "datetime": {"datetime": "2024-06-13 22:59:26", "elapsed": 2.485452, "delta": 0.004988}}
{"target": -1559.7178632818504, "params": {"gamma": 7.441615077773983, "lr": 0.5905205476471171}, "datetime": {"datetime": "2024-06-13 22:59:26", "elapsed": 2.48944, "delta": 0.003988}}
{"target": -525.6459276153806, "params": {"gamma": 2.429672858073742, "lr": 0.6232471451875841}, "datetime": {"datetime": "2024-06-13 22:59:26", "elapsed": 2.492434, "delta": 0.002994}}
{"target": -1436.7155228063134, "params": {"gamma": 6.383914852090989, "lr": 0.32756944411232514}, "datetime": {"datetime": "2024-06-13 22:59:26", "elapsed": 2.49742, "delta": 0.004986}}
{"target": -216.61721533164743, "params": {"gamma": 0.6758259413323553, "lr": 0.8805385975643267}, "datetime": {"datetime": "2024-06-13 22:59:26", "elapsed": 2.501408, "delta": 0.003988}}
{"target": -1056.115389184065, "params": {"gamma": 4.60010735401151, "lr": 0.7638727180664299}, "datetime": {"datetime": "2024-06-13 22:59:26", "elapsed": 2.505398, "delta": 0.00399}}
{"target": -548.8909972998179, "params": {"gamma": 2.539632320806454, "lr": 0.5913871822675169}, "datetime": {"datetime": "2024-06-13 22:59:26", "elapsed": 2.509388, "delta": 0.00399}}
{"target": -917.9493308407732, "params": {"gamma": 4.288522808327629, "lr": 0.38210064254913956}, "datetime": {"datetime": "2024-06-13 22:59:26", "elapsed": 2.513377, "delta": 0.003989}}
{"target": -390.16309633478005, "params": {"gamma": 1.2680071250853806, "lr": 0.24426666320897583}, "datetime": {"datetime": "2024-06-13 22:59:26", "elapsed": 2.517366, "delta": 0.003989}}
{"target": -229.2960415176941, "params": {"gamma": 0.7943364880002312, "lr": 0.3028583047175786}, "datetime": {"datetime": "2024-06-13 22:59:26", "elapsed": 2.521355, "delta": 0.003989}}
{"target": -1549.2687383665977, "params": {"gamma": 7.417306297515323, "lr": 0.6150157249710488}, "datetime": {"datetime": "2024-06-13 22:59:26", "elapsed": 2.525345, "delta": 0.00399}}
{"target": -2355.5825226761735, "params": {"gamma": 6.724438578240325, "lr": 0.00838307952503159}, "datetime": {"datetime": "2024-06-13 22:59:26", "elapsed": 2.529373, "delta": 0.004028}}
{"target": -1428.2388693465853, "params": {"gamma": 6.784091345540948, "lr": 0.503180690542887}, "datetime": {"datetime": "2024-06-13 22:59:26", "elapsed": 2.533323, "delta": 0.00395}}
{"target": -778.715985280918, "params": {"gamma": 2.309853596391308, "lr": 0.17489650898192222}, "datetime": {"datetime": "2024-06-13 22:59:26", "elapsed": 2.536315, "delta": 0.002992}}
{"target": -459.2007787380231, "params": {"gamma": 1.8506446725427474, "lr": 0.8442600050750985}, "datetime": {"datetime": "2024-06-13 22:59:26", "elapsed": 2.540304, "delta": 0.003989}}
{"target": -2484.455465362441, "params": {"gamma": 9.825915303261548, "lr": 0.9137396248416316}, "datetime": {"datetime": "2024-06-13 22:59:26", "elapsed": 2.545292, "delta": 0.004988}}
{"target": -812.6524630646223, "params": {"gamma": 3.4743468343077555, "lr": 0.7802245796913637}, "datetime": {"datetime": "2024-06-13 22:59:26", "elapsed": 2.549281, "delta": 0.003989}}
{"target": -1266.3710912246304, "params": {"gamma": 5.464999452423606, "lr": 0.8164423975559377}, "datetime": {"datetime": "2024-06-13 22:59:26", "elapsed": 2.553299, "delta": 0.004018}}
{"target": -1020.5096710742984, "params": {"gamma": 4.8377857849378705, "lr": 0.5899512982994037}, "datetime": {"datetime": "2024-06-13 22:59:26", "elapsed": 2.557259, "delta": 0.00396}}
{"target": -2722.828865218434, "params": {"gamma": 7.872847211795091, "lr": 0.10023464310313235}, "datetime": {"datetime": "2024-06-13 22:59:26", "elapsed": 2.561249, "delta": 0.00399}}
{"target": -1205.4015612201051, "params": {"gamma": 5.370534161288567, "lr": 0.36598334666965426}, "datetime": {"datetime": "2024-06-13 22:59:26", "elapsed": 2.565238, "delta": 0.003989}}
{"target": -1533.6201084965498, "params": {"gamma": 6.043464129845054, "lr": 0.9588025156370005}, "datetime": {"datetime": "2024-06-13 22:59:26", "elapsed": 2.569227, "delta": 0.003989}}
{"target": -842.8447164071687, "params": {"gamma": 3.9288366270246278, "lr": 0.39297299794161644}, "datetime": {"datetime": "2024-06-13 22:59:26", "elapsed": 2.573217, "delta": 0.00399}}
{"target": -1658.1495096857925, "params": {"gamma": 7.9065792989023995, "lr": 0.6450783990854264}, "datetime": {"datetime": "2024-06-13 22:59:26", "elapsed": 2.577206, "delta": 0.003989}}
{"target": -878.5626895927604, "params": {"gamma": 3.9394461945459094, "lr": 0.6889550482302514}, "datetime": {"datetime": "2024-06-13 22:59:26", "elapsed": 2.581195, "delta": 0.003989}}
{"target": -1361.153860928276, "params": {"gamma": 4.040612088934736, "lr": 0.1361131542481221}, "datetime": {"datetime": "2024-06-13 22:59:26", "elapsed": 2.585184, "delta": 0.003989}}
{"target": -1025.44394043889, "params": {"gamma": 4.506982043452673, "lr": 0.3344193926972726}, "datetime": {"datetime": "2024-06-13 22:59:26", "elapsed": 2.589174, "delta": 0.00399}}
{"target": -568.9780027348025, "params": {"gamma": 2.180471331681618, "lr": 0.9257748016364399}, "datetime": {"datetime": "2024-06-13 22:59:26", "elapsed": 2.593163, "delta": 0.003989}}
{"target": -1446.7611633897463, "params": {"gamma": 6.896704351396498, "lr": 0.5988208906234219}, "datetime": {"datetime": "2024-06-13 22:59:26", "elapsed": 2.597152, "delta": 0.003989}}
{"target": -1570.0913366195737, "params": {"gamma": 7.466828063757928, "lr": 0.5419710617714415}, "datetime": {"datetime": "2024-06-13 22:59:26", "elapsed": 2.601142, "delta": 0.00399}}
{"target": -1775.3874370749784, "params": {"gamma": 7.005630193122407, "lr": 0.9305598192498451}, "datetime": {"datetime": "2024-06-13 22:59:26", "elapsed": 2.605131, "delta": 0.003989}}
{"target": -2863.4747207297964, "params": {"gamma": 8.626304328357714, "lr": 0.1674418575065213}, "datetime": {"datetime": "2024-06-13 22:59:26", "elapsed": 2.610118, "delta": 0.004987}}
{"target": -936.8721814676948, "params": {"gamma": 2.6321271002148183, "lr": 0.07161027944180454}, "datetime": {"datetime": "2024-06-13 22:59:26", "elapsed": 2.614107, "delta": 0.003989}}
{"target": -2835.9624949900754, "params": {"gamma": 9.786749378778312, "lr": 0.23638409866037557}, "datetime": {"datetime": "2024-06-13 22:59:26", "elapsed": 2.618096, "delta": 0.003989}}
{"target": -2342.09635996034, "params": {"gamma": 6.6063229609300596, "lr": 0.089630698927462}, "datetime": {"datetime": "2024-06-13 22:59:26", "elapsed": 2.622086, "delta": 0.00399}}
{"target": -465.35707521599517, "params": {"gamma": 2.1084986499281, "lr": 0.5028243835184045}, "datetime": {"datetime": "2024-06-13 22:59:26", "elapsed": 2.626075, "delta": 0.003989}}
{"target": -263.36043506742124, "params": {"gamma": 1.0504317296309502, "lr": 0.38887340269472437}, "datetime": {"datetime": "2024-06-13 22:59:26", "elapsed": 2.630064, "delta": 0.003989}}
{"target": -1221.0072094800614, "params": {"gamma": 5.3803392136766695, "lr": 0.33920418488509996}, "datetime": {"datetime": "2024-06-13 22:59:26", "elapsed": 2.634054, "delta": 0.00399}}
{"target": -1174.0118219289393, "params": {"gamma": 5.559446211054629, "lr": 0.536768321942464}, "datetime": {"datetime": "2024-06-13 22:59:26", "elapsed": 2.638043, "delta": 0.003989}}
{"target": -871.4419009647887, "params": {"gamma": 3.906714376870321, "lr": 0.6962700831011029}, "datetime": {"datetime": "2024-06-13 22:59:26", "elapsed": 2.642033, "delta": 0.00399}}
{"target": -1500.1258360530528, "params": {"gamma": 6.785146057525243, "lr": 0.6873031493743899}, "datetime": {"datetime": "2024-06-13 22:59:26", "elapsed": 2.647019, "delta": 0.004986}}
{"target": -1273.6786809290822, "params": {"gamma": 5.615351096734943, "lr": 0.3580799140129358}, "datetime": {"datetime": "2024-06-13 22:59:26", "elapsed": 2.651009, "delta": 0.00399}}
{"target": -1555.7379787171267, "params": {"gamma": 6.131510241334756, "lr": 0.9357362666081998}, "datetime": {"datetime": "2024-06-13 22:59:26", "elapsed": 2.654998, "delta": 0.003989}}
{"target": -1514.9877271045405, "params": {"gamma": 5.969288360934786, "lr": 0.9795901743594252}, "datetime": {"datetime": "2024-06-13 22:59:26", "elapsed": 2.658988, "delta": 0.00399}}
{"target": -989.835668872, "params": {"gamma": 4.4106251974683035, "lr": 0.7396119625075467}, "datetime": {"datetime": "2024-06-13 22:59:26", "elapsed": 2.662976, "delta": 0.003988}}
{"target": -164.29911017264507, "params": {"gamma": 0.3770011826173517, "lr": 0.7647266390004861}, "datetime": {"datetime": "2024-06-13 22:59:26", "elapsed": 2.666966, "delta": 0.00399}}
{"target": -1820.8860406116396, "params": {"gamma": 5.1832975216877974, "lr": 0.0053165329611032375}, "datetime": {"datetime": "2024-06-13 22:59:26", "elapsed": 2.670955, "delta": 0.003989}}
{"target": -599.4101052852935, "params": {"gamma": 2.772723847721202, "lr": 0.5348322325198115}, "datetime": {"datetime": "2024-06-13 22:59:26", "elapsed": 2.674944, "delta": 0.003989}}
{"target": -2687.10073167541, "params": {"gamma": 7.679860819934835, "lr": 0.05309259545252509}, "datetime": {"datetime": "2024-06-13 22:59:26", "elapsed": 2.678934, "delta": 0.00399}}
{"target": -1272.3191342494547, "params": {"gamma": 5.490985385061347, "lr": 0.800994555798356}, "datetime": {"datetime": "2024-06-13 22:59:26", "elapsed": 2.68392, "delta": 0.004986}}
{"target": -1647.3600641591024, "params": {"gamma": 6.496180965729911, "lr": 0.9314470149929107}, "datetime": {"datetime": "2024-06-13 22:59:26", "elapsed": 2.68791, "delta": 0.00399}}
{"target": -235.08087310367, "params": {"gamma": 0.7482397187025968, "lr": 0.2768064626005866}, "datetime": {"datetime": "2024-06-13 22:59:26", "elapsed": 2.6919, "delta": 0.00399}}
{"target": -2097.1994934092972, "params": {"gamma": 9.192455805057469, "lr": 0.7650051482981429}, "datetime": {"datetime": "2024-06-13 22:59:26", "elapsed": 2.695889, "delta": 0.003989}}
{"target": -1387.6848280486447, "params": {"gamma": 5.9978037043765156, "lr": 0.8329681438370704}, "datetime": {"datetime": "2024-06-13 22:59:26", "elapsed": 2.699878, "delta": 0.003989}}
{"target": -2266.8516100100674, "params": {"gamma": 8.960538872258445, "lr": 0.9727203528528249}, "datetime": {"datetime": "2024-06-13 22:59:26", "elapsed": 2.703867, "delta": 0.003989}}
{"target": -3346.1506329053213, "params": {"gamma": 9.98520655039097, "lr": 0.13964933368410348}, "datetime": {"datetime": "2024-06-13 22:59:27", "elapsed": 2.707856, "delta": 0.003989}}
{"target": -287.5367912509363, "params": {"gamma": 0.7063499053922482, "lr": 0.07346665436012334}, "datetime": {"datetime": "2024-06-13 22:59:27", "elapsed": 2.711846, "delta": 0.00399}}
{"target": -148.4137091450471, "params": {"gamma": 0.14842316520856935, "lr": 0.971820072977926}, "datetime": {"datetime": "2024-06-13 22:59:27", "elapsed": 2.715835, "delta": 0.003989}}
{"target": -264.27549359413194, "params": {"gamma": 0.9485743976558341, "lr": 0.8417368261858497}, "datetime": {"datetime": "2024-06-13 22:59:27", "elapsed": 2.719824, "delta": 0.003989}}
{"target": -1387.4075253611406, "params": {"gamma": 6.852044796080089, "lr": 0.4875571674829181}, "datetime": {"datetime": "2024-06-13 22:59:27", "elapsed": 2.723814, "delta": 0.00399}}
{"target": -793.4207427833747, "params": {"gamma": 3.4676021187044235, "lr": 0.35364778706700506}, "datetime": {"datetime": "2024-06-13 22:59:27", "elapsed": 2.727804, "delta": 0.00399}}
{"target": -657.2556191393608, "params": {"gamma": 2.539134984589525, "lr": 0.9110179736986265}, "datetime": {"datetime": "2024-06-13 22:59:27", "elapsed": 2.731792, "delta": 0.003988}}
{"target": -2540.268244057836, "params": {"gamma": 7.256699812403196, "lr": 0.025925792784269874}, "datetime": {"datetime": "2024-06-13 22:59:27", "elapsed": 2.735782, "delta": 0.00399}}
{"target": -1155.2229190434468, "params": {"gamma": 4.615751011217899, "lr": 0.28130127253681136}, "datetime": {"datetime": "2024-06-13 22:59:27", "elapsed": 2.739771, "delta": 0.003989}}
{"target": -157.83582079597616, "params": {"gamma": 0.2906328955928069, "lr": 0.8846818943092944}, "datetime": {"datetime": "2024-06-13 22:59:27", "elapsed": 2.74376, "delta": 0.003989}}
{"target": -1731.6454092194735, "params": {"gamma": 7.710282574188869, "lr": 0.32973507924426093}, "datetime": {"datetime": "2024-06-13 22:59:27", "elapsed": 2.74775, "delta": 0.00399}}
{"target": -1788.4740489037272, "params": {"gamma": 7.965789316779574, "lr": 0.3246383222029966}, "datetime": {"datetime": "2024-06-13 22:59:27", "elapsed": 2.751739, "delta": 0.003989}}
{"target": -791.2649283171836, "params": {"gamma": 3.0795165557326496, "lr": 0.9281090785007262}, "datetime": {"datetime": "2024-06-13 22:59:27", "elapsed": 2.755729, "delta": 0.00399}}
{"target": -2048.7338874557167, "params": {"gamma": 9.769184703296556, "lr": 0.5235553047168928}, "datetime": {"datetime": "2024-06-13 22:59:27", "elapsed": 2.759719, "delta": 0.00399}}
{"target": -2339.35675966055, "params": {"gamma": 9.519399740511682, "lr": 0.8879964939264646}, "datetime": {"datetime": "2024-06-13 22:59:27", "elapsed": 2.763707, "delta": 0.003988}}
{"target": -1163.3699418390506, "params": {"gamma": 5.180807583382493, "lr": 0.3727488020974856}, "datetime": {"datetime": "2024-06-13 22:59:27", "elapsed": 2.767697, "delta": 0.00399}}
{"target": -1437.95960733094, "params": {"gamma": 7.103835428617774, "lr": 0.455643424642054}, "datetime": {"datetime": "2024-06-13 22:59:27", "elapsed": 2.772683, "delta": 0.004986}}
{"target": -1535.8958857882778, "params": {"gamma": 6.052523738337006, "lr": 0.9904061968899467}, "datetime": {"datetime": "2024-06-13 22:59:27", "elapsed": 2.776673, "delta": 0.00399}}
