{"target": -1448.7262447482758, "params": {"gamma": 9.307416596768327, "lr": 0.26904238725191854}, "datetime": {"datetime": "2024-06-13 18:39:26", "elapsed": 4.598015, "delta": 0.004987}}
{"target": -2119.0825113614956, "params": {"gamma": 9.236233847661266, "lr": 0.6780829341239825}, "datetime": {"datetime": "2024-06-13 18:39:26", "elapsed": 4.602004, "delta": 0.003989}}
{"target": -1342.1316300812316, "params": {"gamma": 7.713853709507418, "lr": 0.5716353364349513}, "datetime": {"datetime": "2024-06-13 18:39:26", "elapsed": 4.605994, "delta": 0.00399}}
{"target": -1915.934437621781, "params": {"gamma": 8.339212870314833, "lr": 0.6982817992918626}, "datetime": {"datetime": "2024-06-13 18:39:26", "elapsed": 4.609983, "delta": 0.003989}}
{"target": -307.7113224474507, "params": {"gamma": 1.466940409067313, "lr": 0.6124611286280749}, "datetime": {"datetime": "2024-06-13 18:39:26", "elapsed": 4.613973, "delta": 0.00399}}
{"target": -868.898403126239, "params": {"gamma": 2.793924035827702, "lr": 0.9158787230673001}, "datetime": {"datetime": "2024-06-13 18:39:26", "elapsed": 4.618959, "delta": 0.004986}}
{"target": -356.9198315885397, "params": {"gamma": 1.9831246698113274, "lr": 0.28571649537130284}, "datetime": {"datetime": "2024-06-13 18:39:26", "elapsed": 4.622948, "delta": 0.003989}}
{"target": -157.5477422949495, "params": {"gamma": 0.47749939499181976, "lr": 0.44757914405063814}, "datetime": {"datetime": "2024-06-13 18:39:26", "elapsed": 4.626938, "delta": 0.00399}}
{"target": -977.0855895124644, "params": {"gamma": 5.576320563895948, "lr": 0.5735610825770953}, "datetime": {"datetime": "2024-06-13 18:39:26", "elapsed": 4.631925, "delta": 0.004987}}
{"target": -1293.271156235929, "params": {"gamma": 9.053868422216771, "lr": 0.34741393280060506}, "datetime": {"datetime": "2024-06-13 18:39:26", "elapsed": 4.635914, "delta": 0.003989}}
{"target": -1260.31621752628, "params": {"gamma": 4.475836267532962, "lr": 0.8512376625014975}, "datetime": {"datetime": "2024-06-13 18:39:26", "elapsed": 4.639903, "delta": 0.003989}}
{"target": -1136.7487664397286, "params": {"gamma": 5.768716203017017, "lr": 0.6539929348777337}, "datetime": {"datetime": "2024-06-13 18:39:26", "elapsed": 4.64489, "delta": 0.004987}}
{"target": -452.80848622980363, "params": {"gamma": 2.784314944612766, "lr": 0.48747130162584906}, "datetime": {"datetime": "2024-06-13 18:39:26", "elapsed": 4.648879, "delta": 0.003989}}
{"target": -1747.9832191279636, "params": {"gamma": 6.209902923417142, "lr": 0.13339403014523998}, "datetime": {"datetime": "2024-06-13 18:39:26", "elapsed": 4.653866, "delta": 0.004987}}
{"target": -193.07338041095522, "params": {"gamma": 0.3300542572087522, "lr": 0.11341100113082614}, "datetime": {"datetime": "2024-06-13 18:39:26", "elapsed": 4.657855, "delta": 0.003989}}
{"target": -2279.112210192053, "params": {"gamma": 4.775133302320191, "lr": 0.02402673463080851}, "datetime": {"datetime": "2024-06-13 18:39:26", "elapsed": 4.661845, "delta": 0.00399}}
{"target": -2780.913218808999, "params": {"gamma": 6.26246308244308, "lr": 0.09758261797608447}, "datetime": {"datetime": "2024-06-13 18:39:26", "elapsed": 4.666831, "delta": 0.004986}}
{"target": -432.93019290686146, "params": {"gamma": 2.5103644156247413, "lr": 0.42649294585621844}, "datetime": {"datetime": "2024-06-13 18:39:26", "elapsed": 4.67082, "delta": 0.003989}}
{"target": -235.56544348214896, "params": {"gamma": 1.159151640315784, "lr": 0.2705519937974664}, "datetime": {"datetime": "2024-06-13 18:39:26", "elapsed": 4.67481, "delta": 0.00399}}
{"target": -161.62058480554012, "params": {"gamma": 0.21177564868227716, "lr": 0.9850455536104694}, "datetime": {"datetime": "2024-06-13 18:39:26", "elapsed": 4.678799, "delta": 0.003989}}
{"target": -968.11494985784, "params": {"gamma": 6.116124507605985, "lr": 0.3783538388352491}, "datetime": {"datetime": "2024-06-13 18:39:26", "elapsed": 4.683786, "delta": 0.004987}}
{"target": -149.91197591752476, "params": {"gamma": 0.2662569827533811, "lr": 0.3898387483749842}, "datetime": {"datetime": "2024-06-13 18:39:26", "elapsed": 4.687775, "delta": 0.003989}}
{"target": -1431.5052051581533, "params": {"gamma": 4.526133705237957, "lr": 0.9310031937645028}, "datetime": {"datetime": "2024-06-13 18:39:26", "elapsed": 4.691764, "delta": 0.003989}}
{"target": -536.8100148597874, "params": {"gamma": 2.7857632142087283, "lr": 0.6147818910832991}, "datetime": {"datetime": "2024-06-13 18:39:26", "elapsed": 4.696751, "delta": 0.004987}}
{"target": -1318.733217119886, "params": {"gamma": 6.6520183774673525, "lr": 0.18596096979633892}, "datetime": {"datetime": "2024-06-13 18:39:26", "elapsed": 4.70074, "delta": 0.003989}}
{"target": -1295.2275864928838, "params": {"gamma": 5.058127726515332, "lr": 0.7865007628599349}, "datetime": {"datetime": "2024-06-13 18:39:26", "elapsed": 4.70473, "delta": 0.00399}}
{"target": -228.55959741059073, "params": {"gamma": 0.966693765249707, "lr": 0.6060352981689622}, "datetime": {"datetime": "2024-06-13 18:39:26", "elapsed": 4.709716, "delta": 0.004986}}
{"target": -206.92252835253834, "params": {"gamma": 0.261573266951244, "lr": 0.00704672381007565}, "datetime": {"datetime": "2024-06-13 18:39:26", "elapsed": 4.713706, "delta": 0.00399}}
{"target": -167.9952438324943, "params": {"gamma": 0.5962265427935735, "lr": 0.4814004591490364}, "datetime": {"datetime": "2024-06-13 18:39:26", "elapsed": 4.717695, "delta": 0.003989}}
{"target": -1508.7243752941388, "params": {"gamma": 9.257115382793618, "lr": 0.4055573841390242}, "datetime": {"datetime": "2024-06-13 18:39:26", "elapsed": 4.721684, "delta": 0.003989}}
{"target": -267.45932546685407, "params": {"gamma": 0.7512513607260716, "lr": 0.8613524744830288}, "datetime": {"datetime": "2024-06-13 18:39:26", "elapsed": 4.726671, "delta": 0.004987}}
{"target": -870.9008250025146, "params": {"gamma": 5.193456557118933, "lr": 0.3189358689174241}, "datetime": {"datetime": "2024-06-13 18:39:26", "elapsed": 4.73066, "delta": 0.003989}}
{"target": -3028.2014459055285, "params": {"gamma": 9.630360355507971, "lr": 0.9382617685023783}, "datetime": {"datetime": "2024-06-13 18:39:26", "elapsed": 4.73465, "delta": 0.00399}}
{"target": -485.1992734803024, "params": {"gamma": 2.6009297005949668, "lr": 0.20139185371372026}, "datetime": {"datetime": "2024-06-13 18:39:26", "elapsed": 4.738639, "delta": 0.003989}}
{"target": -1651.1998305696738, "params": {"gamma": 5.889498124357467, "lr": 0.8425182098415589}, "datetime": {"datetime": "2024-06-13 18:39:26", "elapsed": 4.743626, "delta": 0.004987}}
{"target": -609.1837519160908, "params": {"gamma": 3.3678741763608038, "lr": 0.5864294214642616}, "datetime": {"datetime": "2024-06-13 18:39:26", "elapsed": 4.747615, "delta": 0.003989}}
{"target": -354.1542895933999, "params": {"gamma": 1.623287749788599, "lr": 0.19459373523814183}, "datetime": {"datetime": "2024-06-13 18:39:26", "elapsed": 4.751605, "delta": 0.00399}}
{"target": -1858.8336492852886, "params": {"gamma": 7.613590824704965, "lr": 0.15009846135204996}, "datetime": {"datetime": "2024-06-13 18:39:26", "elapsed": 4.756592, "delta": 0.004987}}
{"target": -633.1449511779277, "params": {"gamma": 2.659804503437227, "lr": 0.6894948631776694}, "datetime": {"datetime": "2024-06-13 18:39:26", "elapsed": 4.76058, "delta": 0.003988}}
{"target": -176.33896005001736, "params": {"gamma": 0.15187798702215813, "lr": 0.03219440386857053}, "datetime": {"datetime": "2024-06-13 18:39:26", "elapsed": 4.76457, "delta": 0.00399}}
{"target": -433.6726016278859, "params": {"gamma": 2.8759718743002627, "lr": 0.3366231805122991}, "datetime": {"datetime": "2024-06-13 18:39:26", "elapsed": 4.769556, "delta": 0.004986}}
{"target": -1004.2083121049632, "params": {"gamma": 3.622798839194582, "lr": 0.8071905755135196}, "datetime": {"datetime": "2024-06-13 18:39:26", "elapsed": 4.773546, "delta": 0.00399}}
{"target": -149.77318909084295, "params": {"gamma": 0.3607736956187603, "lr": 0.3583952446253251}, "datetime": {"datetime": "2024-06-13 18:39:26", "elapsed": 4.777535, "delta": 0.003989}}
{"target": -1564.2095855682894, "params": {"gamma": 6.383143054534976, "lr": 0.14300410951832265}, "datetime": {"datetime": "2024-06-13 18:39:26", "elapsed": 4.781524, "delta": 0.003989}}
{"target": -1676.9514258774861, "params": {"gamma": 8.577528406499894, "lr": 0.6455644082734328}, "datetime": {"datetime": "2024-06-13 18:39:26", "elapsed": 4.786511, "delta": 0.004987}}
{"target": -253.53958612190135, "params": {"gamma": 1.1538189613747907, "lr": 0.2080974099989472}, "datetime": {"datetime": "2024-06-13 18:39:26", "elapsed": 4.7905, "delta": 0.003989}}
{"target": -1219.6643901999355, "params": {"gamma": 7.455237809150899, "lr": 0.40340662833417285}, "datetime": {"datetime": "2024-06-13 18:39:26", "elapsed": 4.79449, "delta": 0.00399}}
{"target": -1424.0159072615775, "params": {"gamma": 4.84521613942412, "lr": 0.8874550780727275}, "datetime": {"datetime": "2024-06-13 18:39:26", "elapsed": 4.799387, "delta": 0.004897}}
{"target": -459.9870522104999, "params": {"gamma": 1.3752980526926846, "lr": 0.9643727973861176}, "datetime": {"datetime": "2024-06-13 18:39:26", "elapsed": 4.803376, "delta": 0.003989}}
{"target": -252.07406965310057, "params": {"gamma": 0.4272541882840023, "lr": 0.09944025725488481}, "datetime": {"datetime": "2024-06-13 18:39:26", "elapsed": 4.807368, "delta": 0.003992}}
{"target": -631.7505694493408, "params": {"gamma": 2.2331610709734946, "lr": 0.8065850822605141}, "datetime": {"datetime": "2024-06-13 18:39:26", "elapsed": 4.812355, "delta": 0.004987}}
{"target": -904.6381962860016, "params": {"gamma": 4.559272200887655, "lr": 0.6532511422613194}, "datetime": {"datetime": "2024-06-13 18:39:26", "elapsed": 4.816877, "delta": 0.004522}}
{"target": -395.5454197496055, "params": {"gamma": 1.7440370540608525, "lr": 0.16672193292652826}, "datetime": {"datetime": "2024-06-13 18:39:26", "elapsed": 4.820866, "delta": 0.003989}}
{"target": -1231.972706160129, "params": {"gamma": 5.208962557197339, "lr": 0.7402936352802216}, "datetime": {"datetime": "2024-06-13 18:39:26", "elapsed": 4.824855, "delta": 0.003989}}
{"target": -1359.0454335192012, "params": {"gamma": 4.62528217768507, "lr": 0.8696140851211128}, "datetime": {"datetime": "2024-06-13 18:39:26", "elapsed": 4.829871, "delta": 0.005016}}
{"target": -873.7907161048114, "params": {"gamma": 6.604458934771733, "lr": 0.2490900884519328}, "datetime": {"datetime": "2024-06-13 18:39:26", "elapsed": 4.83386, "delta": 0.003989}}
{"target": -355.0779844779937, "params": {"gamma": 2.3497873058002465, "lr": 0.3740467168670696}, "datetime": {"datetime": "2024-06-13 18:39:26", "elapsed": 4.837821, "delta": 0.003961}}
{"target": -2382.2643161088326, "params": {"gamma": 7.566403946905877, "lr": 0.9379376643097822}, "datetime": {"datetime": "2024-06-13 18:39:26", "elapsed": 4.842807, "delta": 0.004986}}
{"target": -1344.134845636087, "params": {"gamma": 8.61919808718901, "lr": 0.26161079268292176}, "datetime": {"datetime": "2024-06-13 18:39:26", "elapsed": 4.846797, "delta": 0.00399}}
{"target": -777.209953346772, "params": {"gamma": 4.12337700085772, "lr": 0.6115440994503215}, "datetime": {"datetime": "2024-06-13 18:39:26", "elapsed": 4.850786, "delta": 0.003989}}
{"target": -868.7120600471487, "params": {"gamma": 5.468797723702268, "lr": 0.3892749454089657}, "datetime": {"datetime": "2024-06-13 18:39:26", "elapsed": 4.855773, "delta": 0.004987}}
{"target": -278.4584885567879, "params": {"gamma": 1.0151063480358857, "lr": 0.7122448043972556}, "datetime": {"datetime": "2024-06-13 18:39:26", "elapsed": 4.859762, "delta": 0.003989}}
{"target": -300.3693606299741, "params": {"gamma": 0.8822635040904132, "lr": 0.8660774293737196}, "datetime": {"datetime": "2024-06-13 18:39:26", "elapsed": 4.863752, "delta": 0.00399}}
{"target": -1982.834146904055, "params": {"gamma": 8.634620954886014, "lr": 0.7084507915153727}, "datetime": {"datetime": "2024-06-13 18:39:26", "elapsed": 4.868811, "delta": 0.005059}}
{"target": -1129.5197218805927, "params": {"gamma": 4.864759313503054, "lr": 0.6991465654129165}, "datetime": {"datetime": "2024-06-13 18:39:26", "elapsed": 4.873307, "delta": 0.004496}}
{"target": -1016.5001389254695, "params": {"gamma": 3.950475613957549, "lr": 0.7974959842933487}, "datetime": {"datetime": "2024-06-13 18:39:26", "elapsed": 4.877296, "delta": 0.003989}}
{"target": -1918.89246989944, "params": {"gamma": 7.864384405716199, "lr": 0.15552858387362167}, "datetime": {"datetime": "2024-06-13 18:39:26", "elapsed": 4.881285, "delta": 0.003989}}
{"target": -474.84746245634796, "params": {"gamma": 3.1788576859556272, "lr": 0.34398317678599033}, "datetime": {"datetime": "2024-06-13 18:39:26", "elapsed": 4.886272, "delta": 0.004987}}
{"target": -677.3040602512356, "params": {"gamma": 3.6423388162366046, "lr": 0.5666455566878987}, "datetime": {"datetime": "2024-06-13 18:39:26", "elapsed": 4.890261, "delta": 0.003989}}
{"target": -164.18391405070508, "params": {"gamma": 0.4178327377603575, "lr": 0.6599697189638991}, "datetime": {"datetime": "2024-06-13 18:39:26", "elapsed": 4.894251, "delta": 0.00399}}
{"target": -357.80504128656065, "params": {"gamma": 2.0171159588072864, "lr": 0.4164625561731081}, "datetime": {"datetime": "2024-06-13 18:39:26", "elapsed": 4.89824, "delta": 0.003989}}
{"target": -658.4162363901404, "params": {"gamma": 4.5094756723505, "lr": 0.3487267695476459}, "datetime": {"datetime": "2024-06-13 18:39:26", "elapsed": 4.903227, "delta": 0.004987}}
{"target": -814.7952065391414, "params": {"gamma": 3.8334198209699974, "lr": 0.18030606084775935}, "datetime": {"datetime": "2024-06-13 18:39:26", "elapsed": 4.907216, "delta": 0.003989}}
{"target": -187.85994967105898, "params": {"gamma": 0.68223244388335, "lr": 0.5512566489358516}, "datetime": {"datetime": "2024-06-13 18:39:26", "elapsed": 4.911205, "delta": 0.003989}}
{"target": -1462.6958201448042, "params": {"gamma": 5.959073589220895, "lr": 0.1454997892217088}, "datetime": {"datetime": "2024-06-13 18:39:26", "elapsed": 4.916234, "delta": 0.005029}}
{"target": -406.4690440301793, "params": {"gamma": 2.310186141512919, "lr": 0.2863771315373824}, "datetime": {"datetime": "2024-06-13 18:39:26", "elapsed": 4.92024, "delta": 0.004006}}
{"target": -2025.05462200848, "params": {"gamma": 8.307682917677353, "lr": 0.15342094116241234}, "datetime": {"datetime": "2024-06-13 18:39:26", "elapsed": 4.92423, "delta": 0.00399}}
{"target": -1010.7674404389359, "params": {"gamma": 5.521835936727261, "lr": 0.5681397176921924}, "datetime": {"datetime": "2024-06-13 18:39:26", "elapsed": 4.92922, "delta": 0.00499}}
{"target": -509.8876795813494, "params": {"gamma": 3.434857510993614, "lr": 0.3506171893069536}, "datetime": {"datetime": "2024-06-13 18:39:26", "elapsed": 4.933205, "delta": 0.003985}}
{"target": -1726.0917922878284, "params": {"gamma": 9.591161063174503, "lr": 0.5533439494595207}, "datetime": {"datetime": "2024-06-13 18:39:26", "elapsed": 4.937195, "delta": 0.00399}}
{"target": -1014.3555717668354, "params": {"gamma": 6.527659277808647, "lr": 0.4907401164444133}, "datetime": {"datetime": "2024-06-13 18:39:26", "elapsed": 4.942182, "delta": 0.004987}}
{"target": -1202.337172911379, "params": {"gamma": 6.466853166736234, "lr": 0.605250785507062}, "datetime": {"datetime": "2024-06-13 18:39:26", "elapsed": 4.946171, "delta": 0.003989}}
{"target": -249.38673813633025, "params": {"gamma": 1.452587755908036, "lr": 0.3346805328845932}, "datetime": {"datetime": "2024-06-13 18:39:26", "elapsed": 4.95016, "delta": 0.003989}}
{"target": -1302.353664247467, "params": {"gamma": 4.604879500595876, "lr": 0.12782166160638486}, "datetime": {"datetime": "2024-06-13 18:39:26", "elapsed": 4.955147, "delta": 0.004987}}
{"target": -499.8266313666882, "params": {"gamma": 3.6313701627213772, "lr": 0.22814163429292222}, "datetime": {"datetime": "2024-06-13 18:39:26", "elapsed": 4.959137, "delta": 0.00399}}
{"target": -1212.2858026649692, "params": {"gamma": 8.47517852010175, "lr": 0.34147408002129864}, "datetime": {"datetime": "2024-06-13 18:39:26", "elapsed": 4.963126, "delta": 0.003989}}
{"target": -395.8595326688593, "params": {"gamma": 2.268666417341983, "lr": 0.4081814028522822}, "datetime": {"datetime": "2024-06-13 18:39:26", "elapsed": 4.968112, "delta": 0.004986}}
{"target": -3247.2143406940377, "params": {"gamma": 6.830957412174848, "lr": 0.06562199896142484}, "datetime": {"datetime": "2024-06-13 18:39:26", "elapsed": 4.972102, "delta": 0.00399}}
{"target": -444.9387123579628, "params": {"gamma": 1.8081114068162947, "lr": 0.6943069389237286}, "datetime": {"datetime": "2024-06-13 18:39:26", "elapsed": 4.977088, "delta": 0.004986}}
{"target": -1394.3361023046782, "params": {"gamma": 7.522813791436128, "lr": 0.6177542796100679}, "datetime": {"datetime": "2024-06-13 18:39:26", "elapsed": 4.981078, "delta": 0.00399}}
{"target": -1837.0695376911438, "params": {"gamma": 8.792106406805418, "lr": 0.16880019007759361}, "datetime": {"datetime": "2024-06-13 18:39:26", "elapsed": 4.986065, "delta": 0.004987}}
{"target": -2216.222908120048, "params": {"gamma": 7.0357737742820845, "lr": 0.9172601590800086}, "datetime": {"datetime": "2024-06-13 18:39:26", "elapsed": 4.990054, "delta": 0.003989}}
{"target": -246.71207507671096, "params": {"gamma": 1.508245851371479, "lr": 0.24376397739618116}, "datetime": {"datetime": "2024-06-13 18:39:26", "elapsed": 4.994633, "delta": 0.004579}}
{"target": -791.793566992945, "params": {"gamma": 5.467299036335953, "lr": 0.3441193369759975}, "datetime": {"datetime": "2024-06-13 18:39:26", "elapsed": 4.999128, "delta": 0.004495}}
{"target": -3282.8871317138583, "params": {"gamma": 6.90670016874316, "lr": 0.05756761842510749}, "datetime": {"datetime": "2024-06-13 18:39:26", "elapsed": 5.003116, "delta": 0.003988}}
{"target": -403.8346400839839, "params": {"gamma": 1.6084806590922747, "lr": 0.7162383064796215}, "datetime": {"datetime": "2024-06-13 18:39:26", "elapsed": 5.008103, "delta": 0.004987}}
{"target": -3051.9429300811908, "params": {"gamma": 9.706216365641005, "lr": 0.9295503765123406}, "datetime": {"datetime": "2024-06-13 18:39:26", "elapsed": 5.012093, "delta": 0.00399}}
{"target": -2526.489975836289, "params": {"gamma": 9.010768867234715, "lr": 0.12774331390359328}, "datetime": {"datetime": "2024-06-13 18:39:26", "elapsed": 5.01708, "delta": 0.004987}}
{"target": -723.8520489006373, "params": {"gamma": 1.4601432517979631, "lr": 0.07226475681487265}, "datetime": {"datetime": "2024-06-13 18:39:26", "elapsed": 5.021068, "delta": 0.003988}}
{"target": -1592.1142279376513, "params": {"gamma": 5.425859791214765, "lr": 0.8824861729023715}, "datetime": {"datetime": "2024-06-13 18:39:26", "elapsed": 5.025058, "delta": 0.00399}}
{"target": -1360.820257391342, "params": {"gamma": 5.318387208768819, "lr": 0.7817152853959399}, "datetime": {"datetime": "2024-06-13 18:39:26", "elapsed": 5.030044, "delta": 0.004986}}
{"target": -573.3981039528164, "params": {"gamma": 1.8853494153257044, "lr": 0.863111260166335}, "datetime": {"datetime": "2024-06-13 18:39:26", "elapsed": 5.034034, "delta": 0.00399}}
{"target": -916.9849675317523, "params": {"gamma": 1.8750602824827893, "lr": 0.054764126066523255}, "datetime": {"datetime": "2024-06-13 18:39:26", "elapsed": 5.038023, "delta": 0.003989}}
{"target": -773.7685735032583, "params": {"gamma": 4.215488613270554, "lr": 0.5551044300084385}, "datetime": {"datetime": "2024-06-13 18:39:26", "elapsed": 5.04301, "delta": 0.004987}}
{"target": -4301.784255158566, "params": {"gamma": 9.707449353204424, "lr": 0.09175383344119148}, "datetime": {"datetime": "2024-06-13 18:39:26", "elapsed": 5.046999, "delta": 0.003989}}
{"target": -1068.95882214554, "params": {"gamma": 2.7399070142023203, "lr": 0.10510706908204948}, "datetime": {"datetime": "2024-06-13 18:39:26", "elapsed": 5.051986, "delta": 0.004987}}
{"target": -656.8990930651372, "params": {"gamma": 3.9050059277394262, "lr": 0.2890110831877697}, "datetime": {"datetime": "2024-06-13 18:39:26", "elapsed": 5.055976, "delta": 0.00399}}
{"target": -745.2507444439801, "params": {"gamma": 5.133490194329599, "lr": 0.348256681750747}, "datetime": {"datetime": "2024-06-13 18:39:26", "elapsed": 5.059965, "delta": 0.003989}}
{"target": -2361.1754821853633, "params": {"gamma": 9.28235195448276, "lr": 0.7899477963830404}, "datetime": {"datetime": "2024-06-13 18:39:26", "elapsed": 5.063954, "delta": 0.003989}}
{"target": -2415.15074414623, "params": {"gamma": 8.610252674771141, "lr": 0.12950094594289585}, "datetime": {"datetime": "2024-06-13 18:39:26", "elapsed": 5.06894, "delta": 0.004986}}
{"target": -1029.4548885680638, "params": {"gamma": 5.751126599720151, "lr": 0.21478253588485874}, "datetime": {"datetime": "2024-06-13 18:39:26", "elapsed": 5.07293, "delta": 0.00399}}
{"target": -4119.2754673864365, "params": {"gamma": 8.682517475837448, "lr": 0.015019421753424078}, "datetime": {"datetime": "2024-06-13 18:39:26", "elapsed": 5.077916, "delta": 0.004986}}
{"target": -218.66153591808563, "params": {"gamma": 1.0583364070853916, "lr": 0.3760570755473156}, "datetime": {"datetime": "2024-06-13 18:39:26", "elapsed": 5.081906, "delta": 0.00399}}
{"target": -646.8656427065297, "params": {"gamma": 4.021536967025843, "lr": 0.2772200829786826}, "datetime": {"datetime": "2024-06-13 18:39:26", "elapsed": 5.086893, "delta": 0.004987}}
{"target": -358.74455131898935, "params": {"gamma": 0.9615339246006319, "lr": 0.11873040511259358}, "datetime": {"datetime": "2024-06-13 18:39:26", "elapsed": 5.090881, "delta": 0.003988}}
{"target": -1012.1738859340664, "params": {"gamma": 3.1801295937194918, "lr": 0.9507928340777205}, "datetime": {"datetime": "2024-06-13 18:39:26", "elapsed": 5.095388, "delta": 0.004507}}
{"target": -512.784441545621, "params": {"gamma": 2.0748582416284203, "lr": 0.7472803210592225}, "datetime": {"datetime": "2024-06-13 18:39:26", "elapsed": 5.099372, "delta": 0.003984}}
