{"target": -342.0569864907028, "params": {"gamma": 3.622798839194582, "prior": 8.091186697583844, "rate": 0.3607736956187603}, "datetime": {"datetime": "2024-06-14 04:54:11", "elapsed": 7.361481, "delta": 0.008976}}
{"target": -272.03356327974296, "params": {"gamma": 3.584594051008626, "prior": 6.41895351934156, "rate": 1.4308980910737081}, "datetime": {"datetime": "2024-06-14 04:54:11", "elapsed": 7.371454, "delta": 0.009973}}
{"target": -626.448840400651, "params": {"gamma": 8.577528406499894, "prior": 6.491087641906984, "rate": 1.1538189613747907}, "datetime": {"datetime": "2024-06-14 04:54:11", "elapsed": 7.38043, "delta": 0.008976}}
{"target": -154.32378692318994, "params": {"gamma": 2.081766002579473, "prior": 7.48043347440683, "rate": 4.034662876713395}, "datetime": {"datetime": "2024-06-14 04:54:11", "elapsed": 7.390403, "delta": 0.009973}}
{"target": -376.06619175824915, "params": {"gamma": 4.84521613942412, "prior": 8.885805272920003, "rate": 1.3752980526926846}, "datetime": {"datetime": "2024-06-14 04:54:11", "elapsed": 7.399379, "delta": 0.008976}}
{"target": -255.01483041049036, "params": {"gamma": 9.64376360106379, "prior": 0.5220338497861409, "rate": 0.9953031322915933}, "datetime": {"datetime": "2024-06-14 04:54:11", "elapsed": 7.408355, "delta": 0.008976}}
{"target": -156.83986700448327, "params": {"gamma": 2.2331610709734946, "prior": 8.08519231437909, "rate": 4.559272200887655}, "datetime": {"datetime": "2024-06-14 04:54:11", "elapsed": 7.418329, "delta": 0.009974}}
{"target": -255.56121443675025, "params": {"gamma": 6.5328581714709335, "prior": 1.8257792614463888, "rate": 1.668052607332356}, "datetime": {"datetime": "2024-06-14 04:54:11", "elapsed": 7.427306, "delta": 0.008977}}
{"target": -262.64742893122053, "params": {"gamma": 5.208962557197339, "prior": 7.428906989274194, "rate": 4.62528217768507}, "datetime": {"datetime": "2024-06-14 04:54:12", "elapsed": 7.437278, "delta": 0.009972}}
{"target": -524.4360387633144, "params": {"gamma": 8.696271237126007, "prior": 6.638078153239339, "rate": 2.4916517944308763}, "datetime": {"datetime": "2024-06-14 04:54:12", "elapsed": 7.446254, "delta": 0.008976}}
{"target": -114.57372813393097, "params": {"gamma": 2.3497873058002465, "prior": 3.8030624969839892, "rate": 7.566403946905877}, "datetime": {"datetime": "2024-06-14 04:54:12", "elapsed": 7.456228, "delta": 0.009974}}
{"target": -605.069230634258, "params": {"gamma": 9.379438705433513, "prior": 8.632869393256446, "rate": 2.6168463160365345}, "datetime": {"datetime": "2024-06-14 04:54:12", "elapsed": 7.465204, "delta": 0.008976}}
{"target": -185.46987850026557, "params": {"gamma": 4.12337700085772, "prior": 6.154286584558183, "rate": 5.468797723702268}, "datetime": {"datetime": "2024-06-14 04:54:12", "elapsed": 7.475177, "delta": 0.009973}}
{"target": -155.13921231517068, "params": {"gamma": 3.893360179144248, "prior": 1.1040656911246396, "rate": 7.122735799168159}, "datetime": {"datetime": "2024-06-14 04:54:12", "elapsed": 7.484153, "delta": 0.008976}}
{"target": -118.85736809827286, "params": {"gamma": 0.8822635040904132, "prior": 8.674166550799823, "rate": 8.634620954886014}, "datetime": {"datetime": "2024-06-14 04:54:12", "elapsed": 7.494127, "delta": 0.009974}}
{"target": -213.33414039393884, "params": {"gamma": 7.084799464362212, "prior": 4.915603280696092, "rate": 6.991766507563753}, "datetime": {"datetime": "2024-06-14 04:54:12", "elapsed": 7.503102, "delta": 0.008975}}
{"target": -172.4276336817178, "params": {"gamma": 3.950475613957549, "prior": 7.995210244504152, "rate": 7.864384405716199}, "datetime": {"datetime": "2024-06-14 04:54:12", "elapsed": 7.513076, "delta": 0.009974}}
{"target": -119.68313765857366, "params": {"gamma": 1.5561303101523432, "prior": 3.246393748470918, "rate": 3.4404877846831172}, "datetime": {"datetime": "2024-06-14 04:54:12", "elapsed": 7.522051, "delta": 0.008975}}
{"target": -327.7479519896761, "params": {"gamma": 3.6423388162366046, "prior": 5.709791011210197, "rate": 0.4178327377603575}, "datetime": {"datetime": "2024-06-14 04:54:12", "elapsed": 7.531027, "delta": 0.008976}}
{"target": -190.0309003116693, "params": {"gamma": 6.600037219920028, "prior": 2.09615441466068, "rate": 4.165209099174909}, "datetime": {"datetime": "2024-06-14 04:54:12", "elapsed": 7.540004, "delta": 0.008977}}
{"target": -179.1921628117668, "params": {"gamma": 4.5094756723505, "prior": 3.552395018521695, "rate": 3.8334198209699974}, "datetime": {"datetime": "2024-06-14 04:54:12", "elapsed": 7.549977, "delta": 0.009973}}
{"target": -109.59783652052947, "params": {"gamma": 1.8038803024167458, "prior": 0.7744875682013366, "rate": 5.513015232709581}, "datetime": {"datetime": "2024-06-14 04:54:12", "elapsed": 7.558953, "delta": 0.008976}}
{"target": -186.1207373387266, "params": {"gamma": 5.959073589220895, "prior": 1.5404479132949174, "rate": 2.310186141512919}, "datetime": {"datetime": "2024-06-14 04:54:12", "elapsed": 7.567929, "delta": 0.008976}}
{"target": -239.97147297746704, "params": {"gamma": 2.864484938242287, "prior": 8.324438532353815, "rate": 1.535055990682961}, "datetime": {"datetime": "2024-06-14 04:54:12", "elapsed": 7.576905, "delta": 0.008976}}
{"target": -280.927055164083, "params": {"gamma": 5.521835936727261, "prior": 5.724583205152705, "rate": 3.434857510993614}, "datetime": {"datetime": "2024-06-14 04:54:12", "elapsed": 7.586878, "delta": 0.009973}}
{"target": -200.6540089883738, "params": {"gamma": 3.5068212758802293, "prior": 9.595208973440103, "rate": 5.533886150645748}, "datetime": {"datetime": "2024-06-14 04:54:12", "elapsed": 7.595886, "delta": 0.009008}}
{"target": -209.06611151165114, "params": {"gamma": 6.527659277808647, "prior": 4.958327152799692, "rate": 6.466853166736234}, "datetime": {"datetime": "2024-06-14 04:54:12", "elapsed": 7.60483, "delta": 0.008944}}
{"target": -178.73558590369404, "params": {"gamma": 6.052902604285114, "prior": 1.5372155999089467, "rate": 3.3474706483130476}, "datetime": {"datetime": "2024-06-14 04:54:12", "elapsed": 7.614803, "delta": 0.009973}}
{"target": -150.50952219196637, "params": {"gamma": 4.604879500595876, "prior": 1.3654344499032103, "rate": 3.6313701627213772}, "datetime": {"datetime": "2024-06-14 04:54:12", "elapsed": 7.62378, "delta": 0.008977}}
{"target": -174.61291701843098, "params": {"gamma": 2.2821882012949293, "prior": 8.49027576247698, "rate": 3.4153993261329654}, "datetime": {"datetime": "2024-06-14 04:54:12", "elapsed": 7.633785, "delta": 0.010005}}
{"target": -116.8674373567781, "params": {"gamma": 2.268666417341983, "prior": 4.140995888237594, "rate": 6.830957412174848}, "datetime": {"datetime": "2024-06-14 04:54:12", "elapsed": 7.642729, "delta": 0.008944}}
{"target": -107.12899145574814, "params": {"gamma": 0.657154367615287, "prior": 1.889219214669599, "rate": 6.943375082298363}, "datetime": {"datetime": "2024-06-14 04:54:12", "elapsed": 7.652702, "delta": 0.009973}}
{"target": -223.18686217233326, "params": {"gamma": 7.522813791436128, "prior": 6.215767368139672, "rate": 8.792106406805418}, "datetime": {"datetime": "2024-06-14 04:54:12", "elapsed": 7.661678, "delta": 0.008976}}
{"target": -115.85461587350026, "params": {"gamma": 1.6888331005858586, "prior": 7.065122548794142, "rate": 9.172684330641006}, "datetime": {"datetime": "2024-06-14 04:54:12", "elapsed": 7.671652, "delta": 0.009974}}
{"target": -105.8816014744858, "params": {"gamma": 1.508245851371479, "prior": 2.5132633762221936, "rate": 5.467299036335953}, "datetime": {"datetime": "2024-06-14 04:54:12", "elapsed": 7.680627, "delta": 0.008975}}
{"target": -309.2921211568527, "params": {"gamma": 3.441849250422999, "prior": 6.937326899745702, "rate": 0.5766186166326498}, "datetime": {"datetime": "2024-06-14 04:54:12", "elapsed": 7.689603, "delta": 0.008976}}
{"target": -114.21895632653755, "params": {"gamma": 1.6084806590922747, "prior": 7.190759234148253, "rate": 9.706216365641005}, "datetime": {"datetime": "2024-06-14 04:54:12", "elapsed": 7.699577, "delta": 0.009974}}
{"target": -701.8601717449727, "params": {"gamma": 9.295574214746894, "prior": 9.020563234885856, "rate": 1.2783053957220292}, "datetime": {"datetime": "2024-06-14 04:54:12", "elapsed": 7.708553, "delta": 0.008976}}
{"target": -104.63576967256272, "params": {"gamma": 1.4601432517979631, "prior": 0.8154210924672393, "rate": 5.425859791214765}, "datetime": {"datetime": "2024-06-14 04:54:12", "elapsed": 7.717529, "delta": 0.008976}}
{"target": -248.50741691451805, "params": {"gamma": 8.824979242850812, "prior": 5.364739810662196, "rate": 7.817371138674004}, "datetime": {"datetime": "2024-06-14 04:54:12", "elapsed": 7.727502, "delta": 0.009973}}
{"target": -183.84343538325112, "params": {"gamma": 1.8853494153257044, "prior": 8.644801475646716, "rate": 1.8750602824827893}, "datetime": {"datetime": "2024-06-14 04:54:12", "elapsed": 7.736478, "delta": 0.008976}}
{"target": -120.03629000533056, "params": {"gamma": 0.548586496539166, "prior": 4.2727610032381715, "rate": 5.551489195654376}, "datetime": {"datetime": "2024-06-14 04:54:12", "elapsed": 7.746452, "delta": 0.009974}}
{"target": -268.58983901357345, "params": {"gamma": 9.707449353204424, "prior": 1.0083629510677956, "rate": 2.7399070142023203}, "datetime": {"datetime": "2024-06-14 04:54:12", "elapsed": 7.755427, "delta": 0.008975}}
{"target": -125.40764357700513, "params": {"gamma": 1.0519655837514126, "prior": 3.9653524037024024, "rate": 2.890821820794509}, "datetime": {"datetime": "2024-06-14 04:54:12", "elapsed": 7.764404, "delta": 0.008977}}
{"target": -161.19325211577305, "params": {"gamma": 5.133490194329599, "prior": 3.547741149332395, "rate": 9.28235195448276}, "datetime": {"datetime": "2024-06-14 04:54:12", "elapsed": 7.77338, "delta": 0.008976}}
{"target": -594.7403395593295, "params": {"gamma": 7.8996880160340215, "prior": 8.624012549278358, "rate": 1.2958799584830156}, "datetime": {"datetime": "2024-06-14 04:54:12", "elapsed": 7.783353, "delta": 0.009973}}
{"target": -186.40861359336887, "params": {"gamma": 5.751126599720151, "prior": 2.2263471052601016, "rate": 8.682517475837448}, "datetime": {"datetime": "2024-06-14 04:54:12", "elapsed": 7.792329, "delta": 0.008976}}
{"target": -134.57843673617552, "params": {"gamma": 0.15117919811248737, "prior": 1.1468677297875165, "rate": 3.761194698397609}, "datetime": {"datetime": "2024-06-14 04:54:12", "elapsed": 7.802302, "delta": 0.009973}}
{"target": -268.0140495645123, "params": {"gamma": 4.021536967025843, "prior": 2.8444788214889583, "rate": 0.9615339246006319}, "datetime": {"datetime": "2024-06-14 04:54:12", "elapsed": 7.811279, "delta": 0.008977}}
{"target": -102.9100279397128, "params": {"gamma": 1.1881853207208233, "prior": 3.2476530630886056, "rate": 9.507977547943128}, "datetime": {"datetime": "2024-06-14 04:54:12", "elapsed": 7.820254, "delta": 0.008975}}
{"target": -173.6915169072522, "params": {"gamma": 2.0748582416284203, "prior": 7.498075178486302, "rate": 2.5826284514108324}, "datetime": {"datetime": "2024-06-14 04:54:12", "elapsed": 7.830228, "delta": 0.009974}}
{"target": -116.09197393890273, "params": {"gamma": 0.37336531585223737, "prior": 0.2589168707539145, "rate": 1.5279066058805837}, "datetime": {"datetime": "2024-06-14 04:54:12", "elapsed": 7.839203, "delta": 0.008975}}
{"target": -192.5168344701738, "params": {"gamma": 4.621379845784425, "prior": 7.58342086562427, "rate": 7.2884205045195944}, "datetime": {"datetime": "2024-06-14 04:54:12", "elapsed": 7.848727, "delta": 0.009524}}
{"target": -135.33826345324994, "params": {"gamma": 3.524542035387884, "prior": 4.843478859752845, "rate": 8.140923460003277}, "datetime": {"datetime": "2024-06-14 04:54:12", "elapsed": 7.857703, "delta": 0.008976}}
{"target": -747.8026592286952, "params": {"gamma": 8.384190660883412, "prior": 3.2671753341380563, "rate": 0.043645919052664246}, "datetime": {"datetime": "2024-06-14 04:54:12", "elapsed": 7.867676, "delta": 0.009973}}
{"target": -139.5244837503306, "params": {"gamma": 0.4702615014191002, "prior": 7.404293038279442, "rate": 2.7270501784440078}, "datetime": {"datetime": "2024-06-14 04:54:12", "elapsed": 7.876652, "delta": 0.008976}}
{"target": -165.9047734811636, "params": {"gamma": 4.815376636054336, "prior": 2.0011095337083287, "rate": 8.471282047905861}, "datetime": {"datetime": "2024-06-14 04:54:12", "elapsed": 7.886625, "delta": 0.009973}}
{"target": -272.2283239195891, "params": {"gamma": 5.034272718755895, "prior": 5.318885739650387, "rate": 2.881507801269463}, "datetime": {"datetime": "2024-06-14 04:54:12", "elapsed": 7.895147, "delta": 0.008522}}
{"target": -225.89077038450785, "params": {"gamma": 5.120480307408566, "prior": 0.1194400892869483, "rate": 2.7736731083917574}, "datetime": {"datetime": "2024-06-14 04:54:12", "elapsed": 7.905121, "delta": 0.009974}}
{"target": -248.74719243334476, "params": {"gamma": 3.488281072400821, "prior": 2.9111137742614566, "rate": 0.8604363235466009}, "datetime": {"datetime": "2024-06-14 04:54:12", "elapsed": 7.914097, "delta": 0.008976}}
{"target": -187.6334175960976, "params": {"gamma": 5.2182903111313514, "prior": 7.9059434203978, "rate": 9.426041757646109}, "datetime": {"datetime": "2024-06-14 04:54:12", "elapsed": 7.923073, "delta": 0.008976}}
{"target": -282.0241714791743, "params": {"gamma": 4.973400631374519, "prior": 5.9781631977188905, "rate": 2.9093085181668954}, "datetime": {"datetime": "2024-06-14 04:54:12", "elapsed": 7.933046, "delta": 0.009973}}
{"target": -103.84407434795544, "params": {"gamma": 1.492445929692968, "prior": 1.4055297382115668, "rate": 7.323875397919708}, "datetime": {"datetime": "2024-06-14 04:54:12", "elapsed": 7.942022, "delta": 0.008976}}
{"target": -206.37331327739875, "params": {"gamma": 7.344959884063995, "prior": 1.8755651647026885, "rate": 4.136190237378143}, "datetime": {"datetime": "2024-06-14 04:54:12", "elapsed": 7.951995, "delta": 0.009973}}
{"target": -209.7239411387406, "params": {"gamma": 5.941849134587504, "prior": 1.3402912672428726, "rate": 7.85390412973879}, "datetime": {"datetime": "2024-06-14 04:54:12", "elapsed": 7.960971, "delta": 0.008976}}
{"target": -216.5530107660524, "params": {"gamma": 6.20030204099907, "prior": 6.190694745933699, "rate": 7.012379711094405}, "datetime": {"datetime": "2024-06-14 04:54:12", "elapsed": 7.969947, "delta": 0.008976}}
{"target": -267.1302233510024, "params": {"gamma": 9.871843637581678, "prior": 5.667705113976064, "rate": 8.644298200721781}, "datetime": {"datetime": "2024-06-14 04:54:12", "elapsed": 7.979921, "delta": 0.009974}}
{"target": -154.35099781082096, "params": {"gamma": 4.187668041896602, "prior": 6.5792465771516, "rate": 9.252686617399803}, "datetime": {"datetime": "2024-06-14 04:54:12", "elapsed": 7.988897, "delta": 0.008976}}
{"target": -190.86483107085564, "params": {"gamma": 6.64184400562511, "prior": 3.1004986918363557, "rate": 6.199836992922438}, "datetime": {"datetime": "2024-06-14 04:54:12", "elapsed": 7.99887, "delta": 0.009973}}
{"target": -132.80768247379288, "params": {"gamma": 3.5138318852615673, "prior": 3.2914300838307535, "rate": 6.102440382404956}, "datetime": {"datetime": "2024-06-14 04:54:12", "elapsed": 8.007846, "delta": 0.008976}}
{"target": -107.86194616380438, "params": {"gamma": 1.6040719966518822, "prior": 4.918715464001758, "rate": 9.456397215578926}, "datetime": {"datetime": "2024-06-14 04:54:12", "elapsed": 8.016822, "delta": 0.008976}}
{"target": -135.59473990622263, "params": {"gamma": 3.839758505543401, "prior": 1.9707296731335333, "rate": 4.688920657472168}, "datetime": {"datetime": "2024-06-14 04:54:12", "elapsed": 8.026795, "delta": 0.009973}}
{"target": -300.50342417917057, "params": {"gamma": 8.409237406703872, "prior": 8.442410453690822, "rate": 8.278204591352763}, "datetime": {"datetime": "2024-06-14 04:54:12", "elapsed": 8.035771, "delta": 0.008976}}
{"target": -137.61454399030097, "params": {"gamma": 0.11574365054552785, "prior": 2.7436990682901228, "rate": 9.99875799995505}, "datetime": {"datetime": "2024-06-14 04:54:12", "elapsed": 8.045745, "delta": 0.009974}}
{"target": -109.2619508824935, "params": {"gamma": 1.1977130886476726, "prior": 4.951886011267569, "rate": 7.900471479876251}, "datetime": {"datetime": "2024-06-14 04:54:12", "elapsed": 8.054721, "delta": 0.008976}}
{"target": -126.38875043517669, "params": {"gamma": 1.223016887028468, "prior": 6.657850888843354, "rate": 4.881316374767721}, "datetime": {"datetime": "2024-06-14 04:54:12", "elapsed": 8.063697, "delta": 0.008976}}
{"target": -188.13409466829273, "params": {"gamma": 1.9437055308797813, "prior": 8.798437263168932, "rate": 1.8156924881797458}, "datetime": {"datetime": "2024-06-14 04:54:12", "elapsed": 8.07367, "delta": 0.009973}}
{"target": -280.98293757926797, "params": {"gamma": 6.390889540088459, "prior": 7.434186094159498, "rate": 5.6271661930456895}, "datetime": {"datetime": "2024-06-14 04:54:12", "elapsed": 8.082646, "delta": 0.008976}}
{"target": -184.72315565498187, "params": {"gamma": 6.288786844403314, "prior": 1.2777574265578442, "rate": 3.0810618335582585}, "datetime": {"datetime": "2024-06-14 04:54:12", "elapsed": 8.092619, "delta": 0.009973}}
{"target": -179.48880624909688, "params": {"gamma": 5.870035110089563, "prior": 4.015090791444363, "rate": 6.639796868246575}, "datetime": {"datetime": "2024-06-14 04:54:12", "elapsed": 8.101596, "delta": 0.008977}}
{"target": -270.51629229788165, "params": {"gamma": 8.519694493398179, "prior": 1.9831986841906173, "rate": 9.032823736002479}, "datetime": {"datetime": "2024-06-14 04:54:12", "elapsed": 8.110572, "delta": 0.008976}}
{"target": -202.7090940831712, "params": {"gamma": 3.8323753284605018, "prior": 9.43693087420972, "rate": 6.174205747936627}, "datetime": {"datetime": "2024-06-14 04:54:12", "elapsed": 8.120545, "delta": 0.009973}}
{"target": -277.4340490897097, "params": {"gamma": 7.901165115937855, "prior": 5.1962767408949375, "rate": 5.311915799238696}, "datetime": {"datetime": "2024-06-14 04:54:12", "elapsed": 8.129521, "delta": 0.008976}}
{"target": -125.89831949053564, "params": {"gamma": 3.276611393760953, "prior": 1.3807106015508195, "rate": 3.8388352966923764}, "datetime": {"datetime": "2024-06-14 04:54:12", "elapsed": 8.139494, "delta": 0.009973}}
{"target": -114.66315037899231, "params": {"gamma": 2.1505498314359848, "prior": 0.4253660332309741, "rate": 2.7495934114227696}, "datetime": {"datetime": "2024-06-14 04:54:12", "elapsed": 8.14847, "delta": 0.008976}}
{"target": -205.30862639864603, "params": {"gamma": 1.8065799506159026, "prior": 8.767750118877416, "rate": 0.8132843877516185}, "datetime": {"datetime": "2024-06-14 04:54:12", "elapsed": 8.158444, "delta": 0.009974}}
{"target": -117.43142143175979, "params": {"gamma": 1.8397720952197505, "prior": 7.069903885809709, "rate": 9.192339684311714}, "datetime": {"datetime": "2024-06-14 04:54:12", "elapsed": 8.167419, "delta": 0.008975}}
{"target": -137.66987060364622, "params": {"gamma": 2.515333063867109, "prior": 0.3108812014676776, "rate": 9.605084223078242}, "datetime": {"datetime": "2024-06-14 04:54:12", "elapsed": 8.177394, "delta": 0.009975}}
{"target": -204.40070167956782, "params": {"gamma": 6.8225241840990325, "prior": 3.175560691032173, "rate": 4.724262048710183}, "datetime": {"datetime": "2024-06-14 04:54:12", "elapsed": 8.187366, "delta": 0.009972}}
{"target": -177.81335797694405, "params": {"gamma": 5.992959482913756, "prior": 3.801298863446888, "rate": 8.74500347841515}, "datetime": {"datetime": "2024-06-14 04:54:12", "elapsed": 8.196225, "delta": 0.008859}}
{"target": -444.0091356830448, "params": {"gamma": 7.261999710487967, "prior": 9.547972975779691, "rate": 3.5113041629592687}, "datetime": {"datetime": "2024-06-14 04:54:12", "elapsed": 8.205197, "delta": 0.008972}}
{"target": -271.2716465040004, "params": {"gamma": 9.37180371312909, "prior": 4.843095684834866, "rate": 6.423584063846066}, "datetime": {"datetime": "2024-06-14 04:54:12", "elapsed": 8.21517, "delta": 0.009973}}
{"target": -402.05726500060774, "params": {"gamma": 7.36673540034412, "prior": 8.112445893156233, "rate": 3.963197413459656}, "datetime": {"datetime": "2024-06-14 04:54:12", "elapsed": 8.224147, "delta": 0.008977}}
{"target": -197.34736775507798, "params": {"gamma": 4.480011839169197, "prior": 8.191042558516232, "rate": 7.175854473706459}, "datetime": {"datetime": "2024-06-14 04:54:12", "elapsed": 8.234149, "delta": 0.010002}}
{"target": -682.0436129276973, "params": {"gamma": 9.408551244537064, "prior": 9.798018927036628, "rate": 1.7899544503221003}, "datetime": {"datetime": "2024-06-14 04:54:12", "elapsed": 8.244093, "delta": 0.009944}}
{"target": -131.08093685493085, "params": {"gamma": 2.2799661987157394, "prior": 7.188265828062564, "rate": 7.474079963807781}, "datetime": {"datetime": "2024-06-14 04:54:12", "elapsed": 8.253069, "delta": 0.008976}}
{"target": -402.2279524395503, "params": {"gamma": 6.032192362771022, "prior": 8.785267665792963, "rate": 2.5206526306452743}, "datetime": {"datetime": "2024-06-14 04:54:12", "elapsed": 8.263043, "delta": 0.009974}}
{"target": -189.6452915131214, "params": {"gamma": 3.3955344555736273, "prior": 4.997003796258398, "rate": 3.150955862596707}, "datetime": {"datetime": "2024-06-14 04:54:12", "elapsed": 8.272019, "delta": 0.008976}}
{"target": -354.6813186454181, "params": {"gamma": 5.454845454328703, "prior": 6.856532985049649, "rate": 2.2044486446357947}, "datetime": {"datetime": "2024-06-14 04:54:12", "elapsed": 8.281993, "delta": 0.009974}}
{"target": -317.88063250037777, "params": {"gamma": 4.853889202229838, "prior": 9.930515440611035, "rate": 3.242288870509168}, "datetime": {"datetime": "2024-06-14 04:54:12", "elapsed": 8.290968, "delta": 0.008975}}
{"target": -135.19950955146302, "params": {"gamma": 0.35458383299364826, "prior": 8.19178211991173, "rate": 5.033564529213024}, "datetime": {"datetime": "2024-06-14 04:54:12", "elapsed": 8.300942, "delta": 0.009974}}
