{"target": -197.31395948857133, "params": {"gamma": 4.170803025021038, "prior": 7.231212485077365, "rate": 0.002143633798631522}, "datetime": {"datetime": "2024-06-14 19:13:25", "elapsed": 0.0, "delta": 0.0}}
{"target": -175.42060430108242, "params": {"gamma": 3.024023393745766, "prior": 1.5528833190894193, "rate": 0.9242936090932092}, "datetime": {"datetime": "2024-06-14 19:13:25", "elapsed": 0.010013, "delta": 0.010013}}
{"target": -153.12571505029143, "params": {"gamma": 1.8634158535653313, "prior": 3.5210511977261727, "rate": 3.968277974832469}, "datetime": {"datetime": "2024-06-14 19:13:25", "elapsed": 0.018949, "delta": 0.008936}}
{"target": -278.18427232494264, "params": {"gamma": 5.388628523299567, "prior": 4.250025692592619, "rate": 6.852509784467199}, "datetime": {"datetime": "2024-06-14 19:13:25", "elapsed": 0.026927, "delta": 0.007978}}
{"target": -150.32336570256047, "params": {"gamma": 2.045318045065443, "prior": 8.79336262027036, "rate": 0.2748485443860637}, "datetime": {"datetime": "2024-06-14 19:13:25", "elapsed": 0.036901, "delta": 0.009974}}
{"target": -325.8688567817842, "params": {"gamma": 6.705004634273845, "prior": 4.231317543434557, "rate": 5.587339594629071}, "datetime": {"datetime": "2024-06-14 19:13:25", "elapsed": 0.045877, "delta": 0.008976}}
{"target": -151.20537035665905, "params": {"gamma": 1.4047289990137424, "prior": 2.0612047419403, "rate": 8.00764494218669}, "datetime": {"datetime": "2024-06-14 19:13:25", "elapsed": 0.054853, "delta": 0.008976}}
{"target": -485.15406359788716, "params": {"gamma": 9.682647495618255, "prior": 3.2028993637765044, "rate": 6.923533834077472}, "datetime": {"datetime": "2024-06-14 19:13:25", "elapsed": 0.063831, "delta": 0.008978}}
{"target": -321.3159778701741, "params": {"gamma": 8.764015133808087, "prior": 8.956605968688088, "rate": 0.8513570694864094}, "datetime": {"datetime": "2024-06-14 19:13:25", "elapsed": 0.072837, "delta": 0.009006}}
{"target": -146.58758391950897, "params": {"gamma": 0.39150877754559077, "prior": 1.7813211536892324, "rate": 8.781546891790702}, "datetime": {"datetime": "2024-06-14 19:13:25", "elapsed": 0.081783, "delta": 0.008946}}
{"target": -144.77156154122875, "params": {"gamma": 0.9843699914966679, "prior": 4.268965487550016, "rate": 9.578937411974868}, "datetime": {"datetime": "2024-06-14 19:13:25", "elapsed": 0.090759, "delta": 0.008976}}
{"target": -241.31163282982598, "params": {"gamma": 5.332119684445198, "prior": 6.949583428109686, "rate": 3.1558407944296234}, "datetime": {"datetime": "2024-06-14 19:13:25", "elapsed": 0.100312, "delta": 0.009553}}
{"target": -267.9746685537477, "params": {"gamma": 6.865322775888155, "prior": 8.362794151783993, "rate": 0.18386448516457388}, "datetime": {"datetime": "2024-06-14 19:13:25", "elapsed": 0.109288, "delta": 0.008976}}
{"target": -333.25006219978656, "params": {"gamma": 7.50169300513473, "prior": 9.889724780174298, "rate": 7.4819083781440145}, "datetime": {"datetime": "2024-06-14 19:13:25", "elapsed": 0.117266, "delta": 0.007978}}
{"target": -164.259160260845, "params": {"gamma": 2.8051594766519874, "prior": 7.913865351669736, "rate": 1.0331568397698425}, "datetime": {"datetime": "2024-06-14 19:13:25", "elapsed": 0.126297, "delta": 0.009031}}
{"target": -210.30141238502782, "params": {"gamma": 4.479487368232876, "prior": 9.095095480621646, "rate": 2.9368478695884215}, "datetime": {"datetime": "2024-06-14 19:13:25", "elapsed": 0.135779, "delta": 0.009482}}
{"target": -165.8805904279504, "params": {"gamma": 2.878465610524901, "prior": 1.3872828639709491, "rate": 0.19465021174510047}, "datetime": {"datetime": "2024-06-14 19:13:25", "elapsed": 0.144755, "delta": 0.008976}}
{"target": -325.63689101277294, "params": {"gamma": 6.78867649386597, "prior": 2.1951183484005847, "rate": 2.65620104706289}, "datetime": {"datetime": "2024-06-14 19:13:25", "elapsed": 0.153731, "delta": 0.008976}}
{"target": -303.17539486203117, "params": {"gamma": 4.916240019644103, "prior": 0.6282891966590958, "rate": 5.741601937314639}, "datetime": {"datetime": "2024-06-14 19:13:25", "elapsed": 0.163214, "delta": 0.009483}}
{"target": -147.1315732798209, "params": {"gamma": 1.4681390204831957, "prior": 5.934124815342514, "rate": 6.9978838418492915}, "datetime": {"datetime": "2024-06-14 19:13:25", "elapsed": 0.17219, "delta": 0.008976}}
{"target": -144.24806086864496, "params": {"gamma": 1.0242419538494305, "prior": 4.199154279413726, "rate": 6.9443071771197245}, "datetime": {"datetime": "2024-06-14 19:13:25", "elapsed": 0.181166, "delta": 0.008976}}
{"target": -262.9418844482343, "params": {"gamma": 4.1423785159995, "prior": 0.5945392435662629, "rate": 5.359428162749201}, "datetime": {"datetime": "2024-06-14 19:13:25", "elapsed": 0.190142, "delta": 0.008976}}
{"target": -336.414424874815, "params": {"gamma": 6.638282657552669, "prior": 5.1974022093772545, "rate": 9.446002965152143}, "datetime": {"datetime": "2024-06-14 19:13:25", "elapsed": 0.199118, "delta": 0.008976}}
{"target": -243.4223206081801, "params": {"gamma": 5.865963849979428, "prior": 9.043678961350047, "rate": 1.3756095667582289}, "datetime": {"datetime": "2024-06-14 19:13:25", "elapsed": 0.208093, "delta": 0.008975}}
{"target": -143.7845287508222, "params": {"gamma": 1.3936241961603346, "prior": 8.093173758224285, "rate": 3.9773706930183503}, "datetime": {"datetime": "2024-06-14 19:13:25", "elapsed": 0.217069, "delta": 0.008976}}
{"target": -145.8655993140601, "params": {"gamma": 1.6543766169722107, "prior": 9.282334945920736, "rate": 3.47831083159532}, "datetime": {"datetime": "2024-06-14 19:13:25", "elapsed": 0.226046, "delta": 0.008977}}
{"target": -355.4637224286768, "params": {"gamma": 7.50837021925842, "prior": 7.28738005496947, "rate": 8.833177605966892}, "datetime": {"datetime": "2024-06-14 19:13:25", "elapsed": 0.235021, "delta": 0.008975}}
{"target": -271.3039475163316, "params": {"gamma": 6.237098398349034, "prior": 7.534330096870638, "rate": 3.4896345214364475}, "datetime": {"datetime": "2024-06-14 19:13:25", "elapsed": 0.243997, "delta": 0.008976}}
{"target": -165.6470401770764, "params": {"gamma": 2.7000089897584956, "prior": 8.969273560141062, "rate": 4.281483807523078}, "datetime": {"datetime": "2024-06-14 19:13:25", "elapsed": 0.251976, "delta": 0.007979}}
{"target": -428.446044188645, "params": {"gamma": 9.648435631436707, "prior": 6.6680708284026355, "rate": 6.217335506371009}, "datetime": {"datetime": "2024-06-14 19:13:25", "elapsed": 0.261952, "delta": 0.009976}}
{"target": -142.27330484910883, "params": {"gamma": 1.1483449835607984, "prior": 9.499943661200005, "rate": 4.499671422665926}, "datetime": {"datetime": "2024-06-14 19:13:25", "elapsed": 0.270928, "delta": 0.008976}}
{"target": -261.62805601925146, "params": {"gamma": 5.784317754256931, "prior": 4.140554347336684, "rate": 2.371032775450034}, "datetime": {"datetime": "2024-06-14 19:13:25", "elapsed": 0.278907, "delta": 0.007979}}
{"target": -326.837158104874, "params": {"gamma": 9.033891826101975, "prior": 5.77942691805563, "rate": 0.029700399984558545}, "datetime": {"datetime": "2024-06-14 19:13:25", "elapsed": 0.28888, "delta": 0.009973}}
{"target": -310.59160925764553, "params": {"gamma": 6.171831991293619, "prior": 3.3337845275437523, "rate": 5.271053964473836}, "datetime": {"datetime": "2024-06-14 19:13:25", "elapsed": 0.297856, "delta": 0.008976}}
{"target": -454.8356247551421, "params": {"gamma": 8.859535051008434, "prior": 3.636970624024748, "rate": 9.085442974047073}, "datetime": {"datetime": "2024-06-14 19:13:25", "elapsed": 0.306832, "delta": 0.008976}}
{"target": -412.96370557052927, "params": {"gamma": 6.233977797802236, "prior": 0.2566303041809072, "rate": 9.294442900203869}, "datetime": {"datetime": "2024-06-14 19:13:25", "elapsed": 0.315808, "delta": 0.008976}}
{"target": -274.0103419729607, "params": {"gamma": 6.9092782782517235, "prior": 9.973496219469657, "rate": 1.7242327429449402}, "datetime": {"datetime": "2024-06-14 19:13:25", "elapsed": 0.324784, "delta": 0.008976}}
{"target": -144.56846841412067, "params": {"gamma": 1.3722203605391488, "prior": 9.33269508406792, "rate": 6.9684847967375125}, "datetime": {"datetime": "2024-06-14 19:13:25", "elapsed": 0.33376, "delta": 0.008976}}
{"target": -143.47541233626356, "params": {"gamma": 0.6609357270479028, "prior": 7.579084220764417, "rate": 7.539008008424004}, "datetime": {"datetime": "2024-06-14 19:13:25", "elapsed": 0.342736, "delta": 0.008976}}
{"target": -341.6976224128489, "params": {"gamma": 9.230322330929287, "prior": 7.14409511042187, "rate": 1.2435853487596746}, "datetime": {"datetime": "2024-06-14 19:13:25", "elapsed": 0.351712, "delta": 0.008976}}
{"target": -148.53324604718057, "params": {"gamma": 0.1997814582641161, "prior": 0.3594887700894208, "rate": 0.2840365737199253}, "datetime": {"datetime": "2024-06-14 19:13:25", "elapsed": 0.360691, "delta": 0.008979}}
{"target": -161.90534138004014, "params": {"gamma": 2.462864464962856, "prior": 8.61427669196059, "rate": 5.3887718123521875}, "datetime": {"datetime": "2024-06-14 19:13:25", "elapsed": 0.370664, "delta": 0.009973}}
{"target": -233.88618575926841, "params": {"gamma": 5.5286669648789735, "prior": 8.436105834360097, "rate": 1.2426089778839915}, "datetime": {"datetime": "2024-06-14 19:13:25", "elapsed": 0.37964, "delta": 0.008976}}
{"target": -180.1079653168692, "params": {"gamma": 2.792557606432384, "prior": 5.89901678743705, "rate": 9.695987887448426}, "datetime": {"datetime": "2024-06-14 19:13:25", "elapsed": 0.388616, "delta": 0.008976}}
{"target": -368.93343999929147, "params": {"gamma": 5.6107411623378445, "prior": 0.2846081647921359, "rate": 8.006526094133482}, "datetime": {"datetime": "2024-06-14 19:13:25", "elapsed": 0.397592, "delta": 0.008976}}
{"target": -157.57405718651503, "params": {"gamma": 2.3305097641363632, "prior": 8.090341436625915, "rate": 3.8792185799976533}, "datetime": {"datetime": "2024-06-14 19:13:25", "elapsed": 0.406568, "delta": 0.008976}}
{"target": -375.3606665186988, "params": {"gamma": 8.635555003739727, "prior": 7.496504263098128, "rate": 5.562846099670199}, "datetime": {"datetime": "2024-06-14 19:13:25", "elapsed": 0.415544, "delta": 0.008976}}
{"target": -147.42127824106996, "params": {"gamma": 1.3654158013811895, "prior": 0.6931851261708954, "rate": 1.2143132139516326}, "datetime": {"datetime": "2024-06-14 19:13:25", "elapsed": 0.423522, "delta": 0.007978}}
{"target": -145.5642648048796, "params": {"gamma": 0.4464742335690725, "prior": 1.16419187815032, "rate": 2.2578676767399393}, "datetime": {"datetime": "2024-06-14 19:13:25", "elapsed": 0.432498, "delta": 0.008976}}
{"target": -275.0772644204333, "params": {"gamma": 7.130176814846385, "prior": 5.64119812233601, "rate": 0.12654724561099942}, "datetime": {"datetime": "2024-06-14 19:13:25", "elapsed": 0.441474, "delta": 0.008976}}
{"target": -142.7114773480309, "params": {"gamma": 0.7206708226151783, "prior": 9.676035667002694, "rate": 5.6814365187375016}, "datetime": {"datetime": "2024-06-14 19:13:25", "elapsed": 0.451448, "delta": 0.009974}}
{"target": -163.3429791025501, "params": {"gamma": 2.033729053375244, "prior": 2.598024871246202, "rate": 7.438514714896855}, "datetime": {"datetime": "2024-06-14 19:13:25", "elapsed": 0.459427, "delta": 0.007979}}
{"target": -157.46514883769618, "params": {"gamma": 1.9550993816120785, "prior": 5.855453380005252, "rate": 9.700229870894034}, "datetime": {"datetime": "2024-06-14 19:13:25", "elapsed": 0.468402, "delta": 0.008975}}
{"target": -423.75286964582415, "params": {"gamma": 8.468441186098863, "prior": 2.4744928155611032, "rate": 4.938203372973032}, "datetime": {"datetime": "2024-06-14 19:13:25", "elapsed": 0.478376, "delta": 0.009974}}
{"target": -254.53328828091318, "params": {"gamma": 6.199937228095417, "prior": 8.306910905546768, "rate": 1.5687571550661965}, "datetime": {"datetime": "2024-06-14 19:13:25", "elapsed": 0.486354, "delta": 0.007978}}
{"target": -149.09212076224767, "params": {"gamma": 0.18674344557191777, "prior": 0.7932192228203011, "rate": 4.863964764259381}, "datetime": {"datetime": "2024-06-14 19:13:25", "elapsed": 0.495331, "delta": 0.008977}}
{"target": -270.2776529470462, "params": {"gamma": 6.063688287071651, "prior": 5.731629227156165, "rate": 3.1743067308122854}, "datetime": {"datetime": "2024-06-14 19:13:25", "elapsed": 0.504307, "delta": 0.008976}}
{"target": -415.3403262630627, "params": {"gamma": 9.886172927970076, "prior": 5.839477670533389, "rate": 3.8020315850628807}, "datetime": {"datetime": "2024-06-14 19:13:25", "elapsed": 0.51428, "delta": 0.009973}}
{"target": -264.5494330683787, "params": {"gamma": 5.509931242959851, "prior": 7.478810865974371, "rate": 6.6926597016383935}, "datetime": {"datetime": "2024-06-14 19:13:25", "elapsed": 0.523256, "delta": 0.008976}}
{"target": -187.75873002660938, "params": {"gamma": 2.6499306570704313, "prior": 0.7567148608415716, "rate": 3.701471894943149}, "datetime": {"datetime": "2024-06-14 19:13:25", "elapsed": 0.531235, "delta": 0.007979}}
{"target": -345.5273210538786, "params": {"gamma": 6.297545352708624, "prior": 2.180722698156912, "rate": 7.5278027818344}, "datetime": {"datetime": "2024-06-14 19:13:25", "elapsed": 0.541208, "delta": 0.009973}}
{"target": -144.73259877891914, "params": {"gamma": 0.6662982770597953, "prior": 2.677119475927556, "rate": 8.04774088286971}, "datetime": {"datetime": "2024-06-14 19:13:25", "elapsed": 0.550184, "delta": 0.008976}}
{"target": -152.64736670371664, "params": {"gamma": 1.935149391950654, "prior": 6.430662720711407, "rate": 5.247178420928214}, "datetime": {"datetime": "2024-06-14 19:13:25", "elapsed": 0.559166, "delta": 0.008982}}
{"target": -350.04612481977466, "params": {"gamma": 9.248154896023108, "prior": 2.706638027822399, "rate": 0.6605449457495538}, "datetime": {"datetime": "2024-06-14 19:13:25", "elapsed": 0.567141, "delta": 0.007975}}
{"target": -347.34968557798567, "params": {"gamma": 7.350924566923407, "prior": 7.744562492478143, "rate": 9.078250709182736}, "datetime": {"datetime": "2024-06-14 19:13:25", "elapsed": 0.578112, "delta": 0.010971}}
{"target": -550.1541092326681, "params": {"gamma": 9.319788719899176, "prior": 0.23812057245841045, "rate": 2.344386499128084}, "datetime": {"datetime": "2024-06-14 19:13:25", "elapsed": 0.587088, "delta": 0.008976}}
{"target": -293.32279019597337, "params": {"gamma": 6.1681667916595755, "prior": 9.495261574807403, "rate": 9.50181101635155}, "datetime": {"datetime": "2024-06-14 19:13:25", "elapsed": 0.596064, "delta": 0.008976}}
{"target": -259.5207406880347, "params": {"gamma": 5.566975228763369, "prior": 9.164502862686119, "rate": 6.41602052325443}, "datetime": {"datetime": "2024-06-14 19:13:25", "elapsed": 0.606037, "delta": 0.009973}}
{"target": -213.19281368011806, "params": {"gamma": 3.9006871336983213, "prior": 4.911307604259406, "rate": 6.043500518716813}, "datetime": {"datetime": "2024-06-14 19:13:25", "elapsed": 0.615013, "delta": 0.008976}}
{"target": -267.12659208687535, "params": {"gamma": 5.495929667164118, "prior": 9.269196124393892, "rate": 9.187415622900428}, "datetime": {"datetime": "2024-06-14 19:13:25", "elapsed": 0.623989, "delta": 0.008976}}
{"target": -192.11189418591954, "params": {"gamma": 3.9493612536226252, "prior": 9.636299031563047, "rate": 1.740382711137963}, "datetime": {"datetime": "2024-06-14 19:13:25", "elapsed": 0.631968, "delta": 0.007979}}
{"target": -148.69300491767456, "params": {"gamma": 1.2641688648769336, "prior": 1.4372836646626401, "rate": 5.057115994603291}, "datetime": {"datetime": "2024-06-14 19:13:25", "elapsed": 0.641941, "delta": 0.009973}}
{"target": -148.2693457038643, "params": {"gamma": 0.2162265279367056, "prior": 9.484905091055042, "rate": 8.271327596236153}, "datetime": {"datetime": "2024-06-14 19:13:25", "elapsed": 0.650917, "delta": 0.008976}}
{"target": -149.4989492627067, "params": {"gamma": 0.15117478844048168, "prior": 1.8443429301930472, "rate": 3.3213036800940032}, "datetime": {"datetime": "2024-06-14 19:13:25", "elapsed": 0.659405, "delta": 0.008488}}
{"target": -142.94473331605732, "params": {"gamma": 1.310837451264358, "prior": 8.113957852053163, "rate": 3.4480217901802512}, "datetime": {"datetime": "2024-06-14 19:13:25", "elapsed": 0.669375, "delta": 0.00997}}
{"target": -448.65955037218515, "params": {"gamma": 9.401134715851338, "prior": 5.861940381476092, "rate": 8.78844101213403}, "datetime": {"datetime": "2024-06-14 19:13:25", "elapsed": 0.677353, "delta": 0.007978}}
{"target": -350.1397712554189, "params": {"gamma": 8.447499719476827, "prior": 9.063383955215627, "rate": 4.599342777902254}, "datetime": {"datetime": "2024-06-14 19:13:26", "elapsed": 0.687326, "delta": 0.009973}}
{"target": -241.07461372745377, "params": {"gamma": 5.463921813387713, "prior": 8.00617555240519, "rate": 2.8579027984897416}, "datetime": {"datetime": "2024-06-14 19:13:26", "elapsed": 0.696302, "delta": 0.008976}}
{"target": -215.71470965671102, "params": {"gamma": 4.903044972676658, "prior": 6.031192045694196, "rate": 0.15631722223280642}, "datetime": {"datetime": "2024-06-14 19:13:26", "elapsed": 0.705279, "delta": 0.008977}}
{"target": -305.953791369168, "params": {"gamma": 5.935220600558176, "prior": 4.393395854995637, "rate": 8.073797928319529}, "datetime": {"datetime": "2024-06-14 19:13:26", "elapsed": 0.714254, "delta": 0.008975}}
{"target": -179.74317647671236, "params": {"gamma": 3.153132786150634, "prior": 8.939598214398998, "rate": 5.778994295630071}, "datetime": {"datetime": "2024-06-14 19:13:26", "elapsed": 0.72323, "delta": 0.008976}}
{"target": -150.7588719963589, "params": {"gamma": 1.8409180060730232, "prior": 7.900499414872493, "rate": 6.120699739272295}, "datetime": {"datetime": "2024-06-14 19:13:26", "elapsed": 0.733204, "delta": 0.009974}}
{"target": -144.6553151993999, "params": {"gamma": 0.5400388114654558, "prior": 4.259917432011209, "rate": 6.791009296817731}, "datetime": {"datetime": "2024-06-14 19:13:26", "elapsed": 0.74218, "delta": 0.008976}}
{"target": -628.2233845241186, "params": {"gamma": 9.186099177997281, "prior": 0.10398004642443859, "rate": 9.767614731161565}, "datetime": {"datetime": "2024-06-14 19:13:26", "elapsed": 0.751156, "delta": 0.008976}}
{"target": -197.19167137394314, "params": {"gamma": 3.766426567142999, "prior": 9.740457029747393, "rate": 6.047556293639557}, "datetime": {"datetime": "2024-06-14 19:13:26", "elapsed": 0.760496, "delta": 0.00934}}
{"target": -382.02695827512423, "params": {"gamma": 8.288629233998948, "prior": 5.789643896610213, "rate": 6.281133906875198}, "datetime": {"datetime": "2024-06-14 19:13:26", "elapsed": 0.769472, "delta": 0.008976}}
{"target": -178.92753786621822, "params": {"gamma": 2.8564772406752437, "prior": 5.9096500724952215, "rate": 7.500467615262897}, "datetime": {"datetime": "2024-06-14 19:13:26", "elapsed": 0.778448, "delta": 0.008976}}
{"target": -385.0181317026836, "params": {"gamma": 8.583280050453995, "prior": 7.575313665830033, "rate": 6.980874427224584}, "datetime": {"datetime": "2024-06-14 19:13:26", "elapsed": 0.786427, "delta": 0.007979}}
{"target": -433.03872647814376, "params": {"gamma": 8.644929821115943, "prior": 3.29454186868379, "rate": 6.708217119085085}, "datetime": {"datetime": "2024-06-14 19:13:26", "elapsed": 0.7964, "delta": 0.009973}}
{"target": -232.0130581112848, "params": {"gamma": 4.509288490197079, "prior": 3.8828172451120206, "rate": 4.108702687871935}, "datetime": {"datetime": "2024-06-14 19:13:26", "elapsed": 0.805376, "delta": 0.008976}}
{"target": -226.56821121545784, "params": {"gamma": 4.015394355111937, "prior": 3.2421010649869415, "rate": 6.219571759835095}, "datetime": {"datetime": "2024-06-14 19:13:26", "elapsed": 0.814352, "delta": 0.008976}}
{"target": -216.04113880707783, "params": {"gamma": 4.303042460941823, "prior": 9.740640571479798, "rate": 6.778331113451677}, "datetime": {"datetime": "2024-06-14 19:13:26", "elapsed": 0.823328, "delta": 0.008976}}
{"target": -153.444935676923, "params": {"gamma": 1.9865003143826816, "prior": 4.324339992545524, "rate": 3.4341190515044557}, "datetime": {"datetime": "2024-06-14 19:13:26", "elapsed": 0.832304, "delta": 0.008976}}
{"target": -366.3461924870738, "params": {"gamma": 7.976590400781708, "prior": 8.811983056777974, "rate": 9.038515716307893}, "datetime": {"datetime": "2024-06-14 19:13:26", "elapsed": 0.84128, "delta": 0.008976}}
{"target": -307.53869129200854, "params": {"gamma": 6.627535403940247, "prior": 2.775061794094602, "rate": 2.5244146483443926}, "datetime": {"datetime": "2024-06-14 19:13:26", "elapsed": 0.850256, "delta": 0.008976}}
{"target": -411.4660522615088, "params": {"gamma": 8.549124529031326, "prior": 5.324374998456592, "rate": 8.021808678961976}, "datetime": {"datetime": "2024-06-14 19:13:26", "elapsed": 0.859742, "delta": 0.009486}}
{"target": -265.35985488557304, "params": {"gamma": 5.725312683398872, "prior": 7.35811100034636, "rate": 5.190597263013095}, "datetime": {"datetime": "2024-06-14 19:13:26", "elapsed": 0.867716, "delta": 0.007974}}
{"target": -344.38259819318637, "params": {"gamma": 7.709068221108379, "prior": 5.731694107976684, "rate": 4.6576330760412175}, "datetime": {"datetime": "2024-06-14 19:13:26", "elapsed": 0.876692, "delta": 0.008976}}
{"target": -219.04922357307848, "params": {"gamma": 3.4275463906248644, "prior": 0.7752725493253708, "rate": 3.7798638691016704}, "datetime": {"datetime": "2024-06-14 19:13:26", "elapsed": 0.885668, "delta": 0.008976}}
{"target": -141.87315762225776, "params": {"gamma": 0.7971811509048254, "prior": 9.829889425931405, "rate": 1.816946900456307}, "datetime": {"datetime": "2024-06-14 19:13:26", "elapsed": 0.894644, "delta": 0.008976}}
{"target": -358.5021731189798, "params": {"gamma": 8.118775118507678, "prior": 8.762120285063391, "rate": 6.884444110607048}, "datetime": {"datetime": "2024-06-14 19:13:26", "elapsed": 0.90362, "delta": 0.008976}}
