{"target": -275.2105665039283, "params": {"gamma": 1.0947197590216522, "lr": 0.673041054216622}, "datetime": {"datetime": "2024-06-14 01:34:32", "elapsed": 1.778662, "delta": 0.003989}}
{"target": -1129.0287436454, "params": {"gamma": 4.999823778620901, "lr": 0.777098229275783}, "datetime": {"datetime": "2024-06-14 01:34:32", "elapsed": 1.781654, "delta": 0.002992}}
{"target": -706.4391650928603, "params": {"gamma": 1.4369263717442184, "lr": 0.08320263643587555}, "datetime": {"datetime": "2024-06-14 01:34:32", "elapsed": 1.785643, "delta": 0.003989}}
{"target": -911.5523504770428, "params": {"gamma": 3.9927868349191855, "lr": 0.7969622519799001}, "datetime": {"datetime": "2024-06-14 01:34:32", "elapsed": 1.789638, "delta": 0.003995}}
{"target": -451.42432223897896, "params": {"gamma": 1.917565713359991, "lr": 0.767777192147274}, "datetime": {"datetime": "2024-06-14 01:34:32", "elapsed": 1.793622, "delta": 0.003984}}
{"target": -881.3613217842632, "params": {"gamma": 2.90368967262162, "lr": 0.21689148761179533}, "datetime": {"datetime": "2024-06-14 01:34:32", "elapsed": 1.797611, "delta": 0.003989}}
{"target": -148.66429874055567, "params": {"gamma": 0.1681391751809873, "lr": 0.3986590599223787}, "datetime": {"datetime": "2024-06-14 01:34:32", "elapsed": 1.8016, "delta": 0.003989}}
{"target": -776.9760158282828, "params": {"gamma": 3.8114338314432303, "lr": 0.6593449361953647}, "datetime": {"datetime": "2024-06-14 01:34:32", "elapsed": 1.80559, "delta": 0.00399}}
{"target": -306.8642165506049, "params": {"gamma": 0.7101130863034019, "lr": 0.15260398704227185}, "datetime": {"datetime": "2024-06-14 01:34:32", "elapsed": 1.809579, "delta": 0.003989}}
{"target": -171.08051517140794, "params": {"gamma": 0.16674225312644053, "lr": 0.11379635644740682}, "datetime": {"datetime": "2024-06-14 01:34:32", "elapsed": 1.813569, "delta": 0.00399}}
{"target": -1176.0963006724494, "params": {"gamma": 6.518240970824895, "lr": 0.4026568521749192}, "datetime": {"datetime": "2024-06-14 01:34:32", "elapsed": 1.818555, "delta": 0.004986}}
{"target": -654.5445165694133, "params": {"gamma": 3.2109421153589914, "lr": 0.5579119942437725}, "datetime": {"datetime": "2024-06-14 01:34:32", "elapsed": 1.822545, "delta": 0.00399}}
{"target": -2346.338723702177, "params": {"gamma": 9.9346111705354, "lr": 0.8344865140180296}, "datetime": {"datetime": "2024-06-14 01:34:32", "elapsed": 1.828528, "delta": 0.005983}}
{"target": -1785.6787098604807, "params": {"gamma": 6.99653220081344, "lr": 0.9182585891320579}, "datetime": {"datetime": "2024-06-14 01:34:32", "elapsed": 1.832518, "delta": 0.00399}}
{"target": -249.32541790364084, "params": {"gamma": 0.3982473381241651, "lr": 0.07033344161552524}, "datetime": {"datetime": "2024-06-14 01:34:32", "elapsed": 1.836507, "delta": 0.003989}}
{"target": -941.0871043857401, "params": {"gamma": 4.740588893590559, "lr": 0.3491674129570773}, "datetime": {"datetime": "2024-06-14 01:34:32", "elapsed": 1.840497, "delta": 0.00399}}
{"target": -1720.7931057620783, "params": {"gamma": 9.37258336922236, "lr": 0.48956496114516856}, "datetime": {"datetime": "2024-06-14 01:34:32", "elapsed": 1.844486, "delta": 0.003989}}
{"target": -1350.355525981522, "params": {"gamma": 5.396951451823413, "lr": 0.8952603657312208}, "datetime": {"datetime": "2024-06-14 01:34:32", "elapsed": 1.847478, "delta": 0.002992}}
{"target": -1106.342409708415, "params": {"gamma": 4.466903823191082, "lr": 0.8770343892703519}, "datetime": {"datetime": "2024-06-14 01:34:32", "elapsed": 1.851467, "delta": 0.003989}}
{"target": -559.4572306891233, "params": {"gamma": 2.536563911966912, "lr": 0.27380970415810857}, "datetime": {"datetime": "2024-06-14 01:34:32", "elapsed": 1.856455, "delta": 0.004988}}
{"target": -668.7463750697407, "params": {"gamma": 3.284285539485814, "lr": 0.5475642704809535}, "datetime": {"datetime": "2024-06-14 01:34:32", "elapsed": 1.860443, "delta": 0.003988}}
{"target": -498.6687918705869, "params": {"gamma": 2.2020666115957854, "lr": 0.6714291710812733}, "datetime": {"datetime": "2024-06-14 01:34:32", "elapsed": 1.864433, "delta": 0.00399}}
{"target": -673.7125714791339, "params": {"gamma": 1.4287900347472011, "lr": 0.09410027449963942}, "datetime": {"datetime": "2024-06-14 01:34:32", "elapsed": 1.868422, "delta": 0.003989}}
{"target": -2315.0616123372893, "params": {"gamma": 8.70204727030757, "lr": 0.23686870355699852}, "datetime": {"datetime": "2024-06-14 01:34:32", "elapsed": 1.872412, "delta": 0.00399}}
{"target": -793.587984896461, "params": {"gamma": 3.8606541062149327, "lr": 0.5715420927253323}, "datetime": {"datetime": "2024-06-14 01:34:32", "elapsed": 1.876401, "delta": 0.003989}}
{"target": -2529.9426122762397, "params": {"gamma": 5.258493897544749, "lr": 0.07602387944210687}, "datetime": {"datetime": "2024-06-14 01:34:32", "elapsed": 1.88039, "delta": 0.003989}}
{"target": -2227.8314114657533, "params": {"gamma": 8.741385230044685, "lr": 0.9511356184186921}, "datetime": {"datetime": "2024-06-14 01:34:32", "elapsed": 1.884379, "delta": 0.003989}}
{"target": -1731.286233243541, "params": {"gamma": 8.125260534442543, "lr": 0.2838018349468743}, "datetime": {"datetime": "2024-06-14 01:34:32", "elapsed": 1.888369, "delta": 0.00399}}
{"target": -1044.808876809164, "params": {"gamma": 5.278940114383477, "lr": 0.3394167240176095}, "datetime": {"datetime": "2024-06-14 01:34:32", "elapsed": 1.892358, "delta": 0.003989}}
{"target": -1418.616394367508, "params": {"gamma": 5.54711844056588, "lr": 0.9744034689130026}, "datetime": {"datetime": "2024-06-14 01:34:32", "elapsed": 1.896347, "delta": 0.003989}}
{"target": -692.5218011296887, "params": {"gamma": 3.1177174742720952, "lr": 0.6687966059228697}, "datetime": {"datetime": "2024-06-14 01:34:32", "elapsed": 1.900337, "delta": 0.00399}}
{"target": -743.9086102818771, "params": {"gamma": 3.26034610588255, "lr": 0.7744772660150796}, "datetime": {"datetime": "2024-06-14 01:34:32", "elapsed": 1.904326, "delta": 0.003989}}
{"target": -823.4319975988186, "params": {"gamma": 3.258773856165435, "lr": 0.889827341447375}, "datetime": {"datetime": "2024-06-14 01:34:32", "elapsed": 1.908316, "delta": 0.00399}}
{"target": -1688.6641118852551, "params": {"gamma": 7.51732550147175, "lr": 0.7626320954451107}, "datetime": {"datetime": "2024-06-14 01:34:32", "elapsed": 1.912304, "delta": 0.003988}}
{"target": -1416.644962682445, "params": {"gamma": 4.695320806570698, "lr": 0.21076450246870537}, "datetime": {"datetime": "2024-06-14 01:34:32", "elapsed": 1.916294, "delta": 0.00399}}
{"target": -164.34824131302526, "params": {"gamma": 0.4157093206854123, "lr": 0.3218287999702445}, "datetime": {"datetime": "2024-06-14 01:34:33", "elapsed": 1.920284, "delta": 0.00399}}
{"target": -159.68835363823595, "params": {"gamma": 0.3720895322754502, "lr": 0.6938554113738997}, "datetime": {"datetime": "2024-06-14 01:34:33", "elapsed": 1.924272, "delta": 0.003988}}
{"target": -1241.5397444295006, "params": {"gamma": 6.703829969329749, "lr": 0.430471782744975}, "datetime": {"datetime": "2024-06-14 01:34:33", "elapsed": 1.928262, "delta": 0.00399}}
{"target": -1538.5442162101883, "params": {"gamma": 7.678121987604072, "lr": 0.5360084947395637}, "datetime": {"datetime": "2024-06-14 01:34:33", "elapsed": 1.932251, "delta": 0.003989}}
{"target": -215.27447664393685, "params": {"gamma": 0.3995594064278903, "lr": 0.13479311796067905}, "datetime": {"datetime": "2024-06-14 01:34:33", "elapsed": 1.93624, "delta": 0.003989}}
{"target": -408.6751779945081, "params": {"gamma": 1.9349705737501688, "lr": 0.3356638011646498}, "datetime": {"datetime": "2024-06-14 01:34:33", "elapsed": 1.94023, "delta": 0.00399}}
{"target": -173.76605807094612, "params": {"gamma": 0.52407715142833, "lr": 0.6051167805003662}, "datetime": {"datetime": "2024-06-14 01:34:33", "elapsed": 1.944219, "delta": 0.003989}}
{"target": -1033.575896117722, "params": {"gamma": 5.121098214211664, "lr": 0.6174610120171561}, "datetime": {"datetime": "2024-06-14 01:34:33", "elapsed": 1.947211, "delta": 0.002992}}
{"target": -1031.7931767394355, "params": {"gamma": 4.324123592048677, "lr": 0.8477004682374377}, "datetime": {"datetime": "2024-06-14 01:34:33", "elapsed": 1.9512, "delta": 0.003989}}
{"target": -2186.1557205925565, "params": {"gamma": 4.541136501535455, "lr": 0.015403519791920894}, "datetime": {"datetime": "2024-06-14 01:34:33", "elapsed": 1.95519, "delta": 0.00399}}
{"target": -1753.5193243325955, "params": {"gamma": 8.730808416322548, "lr": 0.6562015477440989}, "datetime": {"datetime": "2024-06-14 01:34:33", "elapsed": 1.960177, "delta": 0.004987}}
{"target": -2098.281041895095, "params": {"gamma": 8.23020740344406, "lr": 0.9517756930338517}, "datetime": {"datetime": "2024-06-14 01:34:33", "elapsed": 1.963169, "delta": 0.002992}}
{"target": -200.20068366590542, "params": {"gamma": 0.5100729227853552, "lr": 0.23507186409101455}, "datetime": {"datetime": "2024-06-14 01:34:33", "elapsed": 1.967158, "delta": 0.003989}}
{"target": -181.44798649174808, "params": {"gamma": 0.6343710911199417, "lr": 0.4216578860324509}, "datetime": {"datetime": "2024-06-14 01:34:33", "elapsed": 1.971147, "delta": 0.003989}}
{"target": -4150.449836515365, "params": {"gamma": 8.638427625869019, "lr": 0.0816239827150681}, "datetime": {"datetime": "2024-06-14 01:34:33", "elapsed": 1.975137, "delta": 0.00399}}
{"target": -1698.9246552599432, "params": {"gamma": 4.7316464169059, "lr": 0.12554310980872363}, "datetime": {"datetime": "2024-06-14 01:34:33", "elapsed": 1.979126, "delta": 0.003989}}
{"target": -1829.229155111194, "params": {"gamma": 7.729083136069011, "lr": 0.8414221567958434}, "datetime": {"datetime": "2024-06-14 01:34:33", "elapsed": 1.983116, "delta": 0.00399}}
{"target": -162.10732776492503, "params": {"gamma": 0.4338660909233998, "lr": 0.48644074317039476}, "datetime": {"datetime": "2024-06-14 01:34:33", "elapsed": 1.987105, "delta": 0.003989}}
{"target": -624.8243017232852, "params": {"gamma": 2.3948710303334217, "lr": 0.9524737816932592}, "datetime": {"datetime": "2024-06-14 01:34:33", "elapsed": 1.991094, "delta": 0.003989}}
{"target": -1889.6816628794975, "params": {"gamma": 9.438982385210178, "lr": 0.6139340023847009}, "datetime": {"datetime": "2024-06-14 01:34:33", "elapsed": 1.995083, "delta": 0.003989}}
{"target": -1905.9865404383768, "params": {"gamma": 9.734900485854638, "lr": 0.344861343716251}, "datetime": {"datetime": "2024-06-14 01:34:33", "elapsed": 1.999072, "delta": 0.003989}}
{"target": -1652.9812968836086, "params": {"gamma": 8.97860932595915, "lr": 0.4345949734085095}, "datetime": {"datetime": "2024-06-14 01:34:33", "elapsed": 2.003062, "delta": 0.00399}}
{"target": -615.8903884221519, "params": {"gamma": 2.35891055683799, "lr": 0.9408279632013994}, "datetime": {"datetime": "2024-06-14 01:34:33", "elapsed": 2.007052, "delta": 0.00399}}
{"target": -3289.3310355013864, "params": {"gamma": 6.842496291781293, "lr": 0.06491158533912933}, "datetime": {"datetime": "2024-06-14 01:34:33", "elapsed": 2.01104, "delta": 0.003988}}
{"target": -1923.8790110652556, "params": {"gamma": 8.704378143373837, "lr": 0.7013802946333463}, "datetime": {"datetime": "2024-06-14 01:34:33", "elapsed": 2.01503, "delta": 0.00399}}
{"target": -1342.910261161511, "params": {"gamma": 6.049663802869843, "lr": 0.7323748991793305}, "datetime": {"datetime": "2024-06-14 01:34:33", "elapsed": 2.019019, "delta": 0.003989}}
{"target": -525.9325004811071, "params": {"gamma": 2.535136985955308, "lr": 0.6004889552745444}, "datetime": {"datetime": "2024-06-14 01:34:33", "elapsed": 2.023009, "delta": 0.00399}}
{"target": -3914.5154833879265, "params": {"gamma": 8.146377193435292, "lr": 0.05411366032399989}, "datetime": {"datetime": "2024-06-14 01:34:33", "elapsed": 2.026998, "delta": 0.003989}}
{"target": -339.28124882905547, "params": {"gamma": 1.3059762027213204, "lr": 0.8424458099564136}, "datetime": {"datetime": "2024-06-14 01:34:33", "elapsed": 2.030987, "delta": 0.003989}}
{"target": -1243.0012823794923, "params": {"gamma": 6.183840347409528, "lr": 0.531287810481058}, "datetime": {"datetime": "2024-06-14 01:34:33", "elapsed": 2.034977, "delta": 0.00399}}
{"target": -475.0693220666169, "params": {"gamma": 2.483658999241989, "lr": 0.2950785752494959}, "datetime": {"datetime": "2024-06-14 01:34:33", "elapsed": 2.038967, "delta": 0.00399}}
{"target": -1564.5139699525078, "params": {"gamma": 8.726988963029699, "lr": 0.42166593484970927}, "datetime": {"datetime": "2024-06-14 01:34:33", "elapsed": 2.042956, "delta": 0.003989}}
{"target": -209.88720166838777, "params": {"gamma": 0.6452381255404884, "lr": 0.8969850695075825}, "datetime": {"datetime": "2024-06-14 01:34:33", "elapsed": 2.046944, "delta": 0.003988}}
{"target": -493.3321182548312, "params": {"gamma": 2.0346049474076864, "lr": 0.8262275354923914}, "datetime": {"datetime": "2024-06-14 01:34:33", "elapsed": 2.050934, "delta": 0.00399}}
{"target": -1620.4135656964372, "params": {"gamma": 8.81782446020499, "lr": 0.48675074481833813}, "datetime": {"datetime": "2024-06-14 01:34:33", "elapsed": 2.054923, "delta": 0.003989}}
{"target": -1203.7104627959347, "params": {"gamma": 5.98504846635326, "lr": 0.527267456485417}, "datetime": {"datetime": "2024-06-14 01:34:33", "elapsed": 2.058913, "delta": 0.00399}}
{"target": -1482.2321080967472, "params": {"gamma": 6.248588120560806, "lr": 0.8550417213473515}, "datetime": {"datetime": "2024-06-14 01:34:33", "elapsed": 2.0639, "delta": 0.004987}}
{"target": -707.8108527638211, "params": {"gamma": 2.8221123446002014, "lr": 0.8837555081806009}, "datetime": {"datetime": "2024-06-14 01:34:33", "elapsed": 2.067577, "delta": 0.003677}}
{"target": -2254.245927724679, "params": {"gamma": 5.677335610861374, "lr": 0.11510304096690338}, "datetime": {"datetime": "2024-06-14 01:34:33", "elapsed": 2.071566, "delta": 0.003989}}
{"target": -480.3622417532313, "params": {"gamma": 2.270784650981365, "lr": 0.5959823856130138}, "datetime": {"datetime": "2024-06-14 01:34:33", "elapsed": 2.075556, "delta": 0.00399}}
{"target": -873.9102423827085, "params": {"gamma": 2.395222922809899, "lr": 0.13141566053746057}, "datetime": {"datetime": "2024-06-14 01:34:33", "elapsed": 2.079546, "delta": 0.00399}}
{"target": -408.18156391845935, "params": {"gamma": 1.6193152935242277, "lr": 0.8448725182357391}, "datetime": {"datetime": "2024-06-14 01:34:33", "elapsed": 2.083534, "delta": 0.003988}}
{"target": -1538.8998236555399, "params": {"gamma": 6.022234355273215, "lr": 0.9635670871883419}, "datetime": {"datetime": "2024-06-14 01:34:33", "elapsed": 2.087523, "delta": 0.003989}}
{"target": -713.5027736866602, "params": {"gamma": 3.4574464537469587, "lr": 0.5956250981349497}, "datetime": {"datetime": "2024-06-14 01:34:33", "elapsed": 2.091513, "delta": 0.00399}}
{"target": -1205.6596274139035, "params": {"gamma": 5.9902539044452245, "lr": 0.6157042872039488}, "datetime": {"datetime": "2024-06-14 01:34:33", "elapsed": 2.0965, "delta": 0.004987}}
{"target": -190.53206641862408, "params": {"gamma": 0.5927128946500382, "lr": 0.7503171845746859}, "datetime": {"datetime": "2024-06-14 01:34:33", "elapsed": 2.099492, "delta": 0.002992}}
{"target": -1895.5857822445487, "params": {"gamma": 9.482146772378064, "lr": 0.5346790571795887}, "datetime": {"datetime": "2024-06-14 01:34:33", "elapsed": 2.103481, "delta": 0.003989}}
{"target": -453.30543313443, "params": {"gamma": 1.926367653529729, "lr": 0.7529259149799422}, "datetime": {"datetime": "2024-06-14 01:34:33", "elapsed": 2.107471, "delta": 0.00399}}
{"target": -148.27343856266188, "params": {"gamma": 0.07418237430931014, "lr": 0.32825610365078084}, "datetime": {"datetime": "2024-06-14 01:34:33", "elapsed": 2.11146, "delta": 0.003989}}
{"target": -1857.2415849180647, "params": {"gamma": 9.176145870096288, "lr": 0.5883673328938768}, "datetime": {"datetime": "2024-06-14 01:34:33", "elapsed": 2.115449, "delta": 0.003989}}
{"target": -1713.684404532149, "params": {"gamma": 8.55204764875745, "lr": 0.6046720523491877}, "datetime": {"datetime": "2024-06-14 01:34:33", "elapsed": 2.119438, "delta": 0.003989}}
{"target": -2022.5072708996654, "params": {"gamma": 8.225958947086186, "lr": 0.8794835234293169}, "datetime": {"datetime": "2024-06-14 01:34:33", "elapsed": 2.123428, "delta": 0.00399}}
{"target": -1284.8048871693422, "params": {"gamma": 3.210542758870008, "lr": 0.12295477155217849}, "datetime": {"datetime": "2024-06-14 01:34:33", "elapsed": 2.127417, "delta": 0.003989}}
{"target": -1333.655174739514, "params": {"gamma": 7.213312138521522, "lr": 0.44034708683123824}, "datetime": {"datetime": "2024-06-14 01:34:33", "elapsed": 2.132404, "delta": 0.004987}}
{"target": -292.0283112185036, "params": {"gamma": 1.268230355710944, "lr": 0.5898236481098892}, "datetime": {"datetime": "2024-06-14 01:34:33", "elapsed": 2.136393, "delta": 0.003989}}
{"target": -184.6211508203583, "params": {"gamma": 0.36164707738402946, "lr": 0.20018211641098693}, "datetime": {"datetime": "2024-06-14 01:34:33", "elapsed": 2.140383, "delta": 0.00399}}
{"target": -3788.336299310996, "params": {"gamma": 7.883223595490022, "lr": 0.012096760015357866}, "datetime": {"datetime": "2024-06-14 01:34:33", "elapsed": 2.144372, "delta": 0.003989}}
{"target": -1464.8455206898248, "params": {"gamma": 3.034153371413982, "lr": 0.021375961088070716}, "datetime": {"datetime": "2024-06-14 01:34:33", "elapsed": 2.147363, "delta": 0.002991}}
{"target": -2017.349847730666, "params": {"gamma": 9.974852442290567, "lr": 0.5820299763434618}, "datetime": {"datetime": "2024-06-14 01:34:33", "elapsed": 2.151353, "delta": 0.00399}}
{"target": -759.5121975642452, "params": {"gamma": 2.93446940858208, "lr": 0.9289494618931157}, "datetime": {"datetime": "2024-06-14 01:34:33", "elapsed": 2.155342, "delta": 0.003989}}
{"target": -943.2668624284403, "params": {"gamma": 5.071687116058498, "lr": 0.4546922275524069}, "datetime": {"datetime": "2024-06-14 01:34:33", "elapsed": 2.16033, "delta": 0.004988}}
{"target": -1263.778940139742, "params": {"gamma": 5.879127191455569, "lr": 0.2641376442105696}, "datetime": {"datetime": "2024-06-14 01:34:33", "elapsed": 2.164318, "delta": 0.003988}}
{"target": -604.3825914552391, "params": {"gamma": 3.0535777051749857, "lr": 0.37165457672418245}, "datetime": {"datetime": "2024-06-14 01:34:33", "elapsed": 2.16731, "delta": 0.002992}}
{"target": -514.2513002191831, "params": {"gamma": 2.4452355457167374, "lr": 0.5845472661166298}, "datetime": {"datetime": "2024-06-14 01:34:33", "elapsed": 2.1713, "delta": 0.00399}}
{"target": -3345.0781329521783, "params": {"gamma": 6.958765493189333, "lr": 0.07194722016400112}, "datetime": {"datetime": "2024-06-14 01:34:33", "elapsed": 2.176287, "delta": 0.004987}}
{"target": -2176.6429621999637, "params": {"gamma": 9.710862112935013, "lr": 0.7530706558694549}, "datetime": {"datetime": "2024-06-14 01:34:33", "elapsed": 2.180275, "delta": 0.003988}}
{"target": -1809.783218596403, "params": {"gamma": 8.061825466371129, "lr": 0.7516404040812905}, "datetime": {"datetime": "2024-06-14 01:34:33", "elapsed": 2.184265, "delta": 0.00399}}
{"target": -204.46942164222187, "params": {"gamma": 0.8015297117349018, "lr": 0.48169628302117706}, "datetime": {"datetime": "2024-06-14 01:34:33", "elapsed": 2.188255, "delta": 0.00399}}
{"target": -980.1808493487785, "params": {"gamma": 4.457283891060159, "lr": 0.6724726505249299}, "datetime": {"datetime": "2024-06-14 01:34:33", "elapsed": 2.192244, "delta": 0.003989}}
{"target": -999.5673424138647, "params": {"gamma": 4.487923850984395, "lr": 0.7043133983839096}, "datetime": {"datetime": "2024-06-14 01:34:33", "elapsed": 2.196233, "delta": 0.003989}}
{"target": -1489.9780203749715, "params": {"gamma": 6.816771730688627, "lr": 0.6971485287527562}, "datetime": {"datetime": "2024-06-14 01:34:33", "elapsed": 2.200223, "delta": 0.00399}}
{"target": -2290.5548434642305, "params": {"gamma": 6.186388824872803, "lr": 0.15098073327964578}, "datetime": {"datetime": "2024-06-14 01:34:33", "elapsed": 2.204211, "delta": 0.003988}}
{"target": -1720.2815416434573, "params": {"gamma": 7.608263760601256, "lr": 0.781045822193957}, "datetime": {"datetime": "2024-06-14 01:34:33", "elapsed": 2.208201, "delta": 0.00399}}
{"target": -2404.915057946321, "params": {"gamma": 9.041125756152136, "lr": 0.23376869260410593}, "datetime": {"datetime": "2024-06-14 01:34:33", "elapsed": 2.213187, "delta": 0.004986}}
{"target": -368.12295074722897, "params": {"gamma": 1.7676122518303419, "lr": 0.3910991231067624}, "datetime": {"datetime": "2024-06-14 01:34:33", "elapsed": 2.217177, "delta": 0.00399}}
{"target": -749.6278258449481, "params": {"gamma": 3.206325975297607, "lr": 0.8154769290056262}, "datetime": {"datetime": "2024-06-14 01:34:33", "elapsed": 2.221166, "delta": 0.003989}}
{"target": -1381.4040013931588, "params": {"gamma": 6.135645470784649, "lr": 0.7600017523497489}, "datetime": {"datetime": "2024-06-14 01:34:33", "elapsed": 2.225156, "delta": 0.00399}}
{"target": -1972.0373154264457, "params": {"gamma": 4.277223331869946, "lr": 0.09944056291558923}, "datetime": {"datetime": "2024-06-14 01:34:33", "elapsed": 2.229145, "delta": 0.003989}}
{"target": -265.4925979955144, "params": {"gamma": 1.151235085490412, "lr": 0.3734071317371953}, "datetime": {"datetime": "2024-06-14 01:34:33", "elapsed": 2.233134, "delta": 0.003989}}
{"target": -472.06290655421117, "params": {"gamma": 1.939283827327562, "lr": 0.8207464986229382}, "datetime": {"datetime": "2024-06-14 01:34:33", "elapsed": 2.236126, "delta": 0.002992}}
{"target": -1312.6298567824792, "params": {"gamma": 5.996760448228745, "lr": 0.688845259018665}, "datetime": {"datetime": "2024-06-14 01:34:33", "elapsed": 2.241113, "delta": 0.004987}}
{"target": -2312.1127087882023, "params": {"gamma": 4.911608503081658, "lr": 0.08817368124218106}, "datetime": {"datetime": "2024-06-14 01:34:33", "elapsed": 2.245102, "delta": 0.003989}}
{"target": -457.09711241846213, "params": {"gamma": 2.351541289225017, "lr": 0.461602080891622}, "datetime": {"datetime": "2024-06-14 01:34:33", "elapsed": 2.249091, "delta": 0.003989}}
