{"target": -127.45372891992636, "params": {"p_ai": 7.143193457138365, "p_al": 6.6391352779985064, "p_ex": 3.5573604088930924, "prior": 0.7667124991441476, "rate": 8.33688654222292}, "datetime": {"datetime": "2024-06-12 22:01:39", "elapsed": 210.047527, "delta": 0.112206}}
{"target": -167.4908459158351, "params": {"p_ai": 9.262519396206374, "p_al": 2.342397665262998, "p_ex": 0.016235863133468375, "prior": 4.796890155913763, "rate": 6.153802061312725}, "datetime": {"datetime": "2024-06-12 22:01:39", "elapsed": 210.159439, "delta": 0.111912}}
{"target": -93.97602490689023, "params": {"p_ai": 6.528810886094876, "p_al": 6.035992321926878, "p_ex": 6.786976733212628, "prior": 7.332718450648246, "rate": 8.434264878500423}, "datetime": {"datetime": "2024-06-12 22:01:39", "elapsed": 210.270143, "delta": 0.110704}}
{"target": -83.12748270969266, "params": {"p_ai": 5.751636056415177, "p_al": 0.3342193504114132, "p_ex": 9.326432692222614, "prior": 4.172868879497032, "rate": 4.672617279678853}, "datetime": {"datetime": "2024-06-12 22:01:39", "elapsed": 210.380847, "delta": 0.110704}}
{"target": -92.63090245521961, "params": {"p_ai": 6.191020124914681, "p_al": 2.7652990433810527, "p_ex": 9.094310930273682, "prior": 6.579376577046878, "rate": 1.335769006689386}, "datetime": {"datetime": "2024-06-12 22:01:40", "elapsed": 210.492075, "delta": 0.111228}}
{"target": -95.09537700106098, "params": {"p_ai": 3.735756407129941, "p_al": 2.133213359637376, "p_ex": 4.433811854596573, "prior": 2.063523910296588, "rate": 0.9800510293910022}, "datetime": {"datetime": "2024-06-12 22:01:40", "elapsed": 210.602779, "delta": 0.110704}}
{"target": -117.41035085231672, "params": {"p_ai": 3.205278298461178, "p_al": 1.345699436872602, "p_ex": 0.351215070109687, "prior": 4.984437931401855, "rate": 6.046721227106048}, "datetime": {"datetime": "2024-06-12 22:01:40", "elapsed": 210.713483, "delta": 0.110704}}
{"target": -86.02844319870712, "params": {"p_ai": 1.9655098381327298, "p_al": 3.50590068321703, "p_ex": 4.53618988575595, "prior": 2.529128270705221, "rate": 3.380951687634526}, "datetime": {"datetime": "2024-06-12 22:01:40", "elapsed": 210.824217, "delta": 0.110734}}
{"target": -99.15366991533439, "params": {"p_ai": 2.6092045014035166, "p_al": 6.626499466487988, "p_ex": 3.8949639409484886, "prior": 4.658404582768081, "rate": 2.59049498310502}, "datetime": {"datetime": "2024-06-12 22:01:40", "elapsed": 210.935953, "delta": 0.111736}}
{"target": -98.19566528761769, "params": {"p_ai": 5.789364895032299, "p_al": 4.157123156697752, "p_ex": 4.572376709276866, "prior": 2.0964281602528154, "rate": 5.117392235543662}, "datetime": {"datetime": "2024-06-12 22:01:40", "elapsed": 211.046318, "delta": 0.110365}}
{"target": -90.3403881318871, "params": {"p_ai": 4.210910739976361, "p_al": 5.382094417316383, "p_ex": 5.155764332257101, "prior": 7.123449429744482, "rate": 3.454964521457407}, "datetime": {"datetime": "2024-06-12 22:01:40", "elapsed": 211.15902, "delta": 0.112702}}
{"target": -88.82256105812402, "params": {"p_ai": 2.2931827515641436, "p_al": 9.189542918200015, "p_ex": 3.9414414192874383, "prior": 8.151637524869336, "rate": 8.805022160226608}, "datetime": {"datetime": "2024-06-12 22:01:40", "elapsed": 211.269911, "delta": 0.110891}}
{"target": -91.48634149656219, "params": {"p_ai": 6.519273078273664, "p_al": 7.674987535528136, "p_ex": 8.975433780197474, "prior": 4.985360996917634, "rate": 4.21816112291727}, "datetime": {"datetime": "2024-06-12 22:01:40", "elapsed": 211.381614, "delta": 0.111703}}
{"target": -150.7793766313987, "params": {"p_ai": 7.285694043946162, "p_al": 5.784859461247112, "p_ex": 0.7020548163678142, "prior": 8.070796085153564, "rate": 2.0212435104253297}, "datetime": {"datetime": "2024-06-12 22:01:41", "elapsed": 211.492538, "delta": 0.110924}}
{"target": -76.39234259208507, "params": {"p_ai": 2.1508720684393, "p_al": 8.743025188211874, "p_ex": 8.102518908881354, "prior": 7.871767281004917, "rate": 9.784790514439791}, "datetime": {"datetime": "2024-06-12 22:01:41", "elapsed": 211.603242, "delta": 0.110704}}
{"target": -124.39650712724973, "params": {"p_ai": 9.357524229079237, "p_al": 1.2940300412025754, "p_ex": 4.683039243930658, "prior": 3.042344666650908, "rate": 8.904985985717063}, "datetime": {"datetime": "2024-06-12 22:01:41", "elapsed": 211.713986, "delta": 0.110744}}
{"target": -101.94504804273808, "params": {"p_ai": 1.3739923924996749, "p_al": 0.48067656559418387, "p_ex": 9.774627317478625, "prior": 5.649060566233409, "rate": 2.849552957820775}, "datetime": {"datetime": "2024-06-12 22:01:41", "elapsed": 211.825074, "delta": 0.111088}}
{"target": -83.06396653308519, "params": {"p_ai": 3.318719730075621, "p_al": 1.3846937437864795, "p_ex": 9.912674284735528, "prior": 8.707272454980922, "rate": 2.4172314834019453}, "datetime": {"datetime": "2024-06-12 22:01:41", "elapsed": 211.935957, "delta": 0.110883}}
{"target": -83.40720845364542, "params": {"p_ai": 3.325069900137527, "p_al": 1.65498168172433, "p_ex": 5.130820869824733, "prior": 9.797205555727889, "rate": 5.963172963914687}, "datetime": {"datetime": "2024-06-12 22:01:41", "elapsed": 212.048147, "delta": 0.11219}}
{"target": -133.15960977395181, "params": {"p_ai": 6.6449548260810465, "p_al": 6.712068693529449, "p_ex": 1.911991019045263, "prior": 2.409604742830703, "rate": 5.0096121267023355}, "datetime": {"datetime": "2024-06-12 22:01:41", "elapsed": 212.159672, "delta": 0.111525}}
{"target": -86.57261301065977, "params": {"p_ai": 4.669993169085791, "p_al": 3.241618802545425, "p_ex": 7.200616627397563, "prior": 2.7603972166988378, "rate": 8.955953644994121}, "datetime": {"datetime": "2024-06-12 22:01:41", "elapsed": 212.270376, "delta": 0.110704}}
{"target": -139.31374848322017, "params": {"p_ai": 1.2282998236556748, "p_al": 9.216407877116538, "p_ex": 1.03606386651808, "prior": 1.9306266363481848, "rate": 4.523999081153517}, "datetime": {"datetime": "2024-06-12 22:01:41", "elapsed": 212.413993, "delta": 0.143617}}
{"target": -148.29918695530816, "params": {"p_ai": 8.823606472437586, "p_al": 3.0759972260702058, "p_ex": 6.574586452950764, "prior": 3.389996508078041, "rate": 0.16236839486127655}, "datetime": {"datetime": "2024-06-12 22:01:42", "elapsed": 212.525723, "delta": 0.11173}}
{"target": -117.9516228836712, "params": {"p_ai": 6.244663189633926, "p_al": 2.3814540024306106, "p_ex": 1.9461666065538248, "prior": 8.088718911721868, "rate": 6.173886159941831}, "datetime": {"datetime": "2024-06-12 22:01:42", "elapsed": 212.637395, "delta": 0.111672}}
{"target": -148.47339008270694, "params": {"p_ai": 7.954580786861178, "p_al": 2.6541820806830834, "p_ex": 0.472724809441966, "prior": 8.53466944259079, "rate": 7.643530081357011}, "datetime": {"datetime": "2024-06-12 22:01:42", "elapsed": 212.761065, "delta": 0.12367}}
{"target": -120.38153122355823, "params": {"p_ai": 0.04600092811038332, "p_al": 6.998787795565987, "p_ex": 2.4173561208956085, "prior": 3.597382740540309, "rate": 7.807647124553472}, "datetime": {"datetime": "2024-06-12 22:01:42", "elapsed": 212.892112, "delta": 0.131047}}
{"target": -128.26037335306137, "params": {"p_ai": 9.86517804059674, "p_al": 2.4563841824271306, "p_ex": 4.675528614457568, "prior": 4.003953125442614, "rate": 5.583047951545892}, "datetime": {"datetime": "2024-06-12 22:01:42", "elapsed": 213.017293, "delta": 0.125181}}
{"target": -99.62343926190569, "params": {"p_ai": 5.293116937019591, "p_al": 6.580610506722293, "p_ex": 4.9677971345550285, "prior": 6.854154820690401, "rate": 3.1292609440339083}, "datetime": {"datetime": "2024-06-12 22:01:42", "elapsed": 213.141539, "delta": 0.124246}}
{"target": -289.1465826690651, "params": {"p_ai": 2.144550241074914, "p_al": 9.071862729316408, "p_ex": 5.576470548836427, "prior": 0.2911437618879527, "rate": 1.2205386305587063}, "datetime": {"datetime": "2024-06-12 22:01:42", "elapsed": 213.255235, "delta": 0.113696}}
{"target": -96.55233444891203, "params": {"p_ai": 6.814301578299707, "p_al": 8.087294770067228, "p_ex": 8.234982814168754, "prior": 4.33152015672816, "rate": 5.804720928438853}, "datetime": {"datetime": "2024-06-12 22:01:42", "elapsed": 213.367197, "delta": 0.111962}}
{"target": -112.34308131749263, "params": {"p_ai": 8.075836711183172, "p_al": 9.575877062312697, "p_ex": 8.797628214779126, "prior": 3.8857195541901555, "rate": 9.61487729711488}, "datetime": {"datetime": "2024-06-12 22:01:43", "elapsed": 213.478057, "delta": 0.11086}}
{"target": -90.07653199400052, "params": {"p_ai": 1.371343819883932, "p_al": 9.08747589789655, "p_ex": 5.213594276828904, "prior": 7.149162469428894, "rate": 7.846922750186959}, "datetime": {"datetime": "2024-06-12 22:01:43", "elapsed": 213.589767, "delta": 0.11171}}
{"target": -117.82882334916303, "params": {"p_ai": 3.3474678803751616, "p_al": 8.776975629787078, "p_ex": 2.5808522025136105, "prior": 0.83666265678653, "rate": 7.593948195149002}, "datetime": {"datetime": "2024-06-12 22:01:43", "elapsed": 213.700935, "delta": 0.111168}}
{"target": -156.15728558696532, "params": {"p_ai": 8.95092837417597, "p_al": 9.264551677562867, "p_ex": 3.7413412629632474, "prior": 3.415268176059033, "rate": 2.5576120050528046}, "datetime": {"datetime": "2024-06-12 22:01:43", "elapsed": 213.843516, "delta": 0.142581}}
{"target": -129.16085171892766, "params": {"p_ai": 4.708453993935255, "p_al": 9.671773539413003, "p_ex": 4.989160667334907, "prior": 2.3915018485082684, "rate": 2.079940128729959}, "datetime": {"datetime": "2024-06-12 22:01:43", "elapsed": 213.955697, "delta": 0.112181}}
{"target": -117.35166779351839, "params": {"p_ai": 9.267164088336514, "p_al": 6.879645509464755, "p_ex": 7.048112442802709, "prior": 5.889378773110729, "rate": 6.1876438425471845}, "datetime": {"datetime": "2024-06-12 22:01:43", "elapsed": 214.070382, "delta": 0.114685}}
{"target": -129.05683584664058, "params": {"p_ai": 0.4609310094392283, "p_al": 3.562257950280492, "p_ex": 0.7985109091827932, "prior": 3.258387412465708, "rate": 7.1059762053863995}, "datetime": {"datetime": "2024-06-12 22:01:43", "elapsed": 214.186287, "delta": 0.115905}}
{"target": -229.47018733693872, "params": {"p_ai": 0.7257040600535904, "p_al": 8.990183690119414, "p_ex": 3.5437477900667638, "prior": 0.8986519230958506, "rate": 1.0056681597844719}, "datetime": {"datetime": "2024-06-12 22:01:43", "elapsed": 214.298986, "delta": 0.112699}}
{"target": -97.20149813643556, "params": {"p_ai": 1.4705867983363237, "p_al": 7.048346327370851, "p_ex": 9.43145928351281, "prior": 7.605646111189302, "rate": 3.9226853739576355}, "datetime": {"datetime": "2024-06-12 22:01:43", "elapsed": 214.40969, "delta": 0.110704}}
{"target": -159.7693705908272, "params": {"p_ai": 7.678372885914446, "p_al": 8.359465444265473, "p_ex": 0.6157150873045676, "prior": 3.106160641600712, "rate": 7.423046238536325}, "datetime": {"datetime": "2024-06-12 22:01:44", "elapsed": 214.52116, "delta": 0.11147}}
{"target": -107.1890307622664, "params": {"p_ai": 2.6050085717251688, "p_al": 9.105379825933609, "p_ex": 2.4232546015906373, "prior": 7.872672760072909, "rate": 3.99003222258113}, "datetime": {"datetime": "2024-06-12 22:01:44", "elapsed": 214.632321, "delta": 0.111161}}
{"target": -156.1243976931649, "params": {"p_ai": 8.879709895547814, "p_al": 2.881998583476861, "p_ex": 5.764361978570896, "prior": 0.1547226888798665, "rate": 8.052070134855622}, "datetime": {"datetime": "2024-06-12 22:01:44", "elapsed": 214.744022, "delta": 0.111701}}
{"target": -108.14770698339447, "params": {"p_ai": 0.33660797646871526, "p_al": 6.40946215137833, "p_ex": 5.636914467179616, "prior": 9.284192361657906, "rate": 9.191217031886074}, "datetime": {"datetime": "2024-06-12 22:01:44", "elapsed": 214.854729, "delta": 0.110707}}
{"target": -83.68038101614401, "params": {"p_ai": 2.4895491973250445, "p_al": 2.655888130607594, "p_ex": 6.574608379561944, "prior": 2.823404858297573, "rate": 1.7590508186307083}, "datetime": {"datetime": "2024-06-12 22:01:44", "elapsed": 214.967356, "delta": 0.112627}}
{"target": -89.11809901034012, "params": {"p_ai": 1.7271278257277167, "p_al": 0.2796921341580634, "p_ex": 4.67140222508191, "prior": 4.886139370753203, "rate": 4.2376971216011015}, "datetime": {"datetime": "2024-06-12 22:01:44", "elapsed": 215.078058, "delta": 0.110702}}
{"target": -145.15349673227897, "params": {"p_ai": 9.883673534153298, "p_al": 6.435712304622834, "p_ex": 5.622975505044778, "prior": 0.8654799214045155, "rate": 4.524079090921107}, "datetime": {"datetime": "2024-06-12 22:01:44", "elapsed": 215.18987, "delta": 0.111812}}
{"target": -140.1147830731226, "params": {"p_ai": 0.6981670968888053, "p_al": 4.87207411892542, "p_ex": 0.15688767405900336, "prior": 1.4161247847363267, "rate": 6.18967416332968}, "datetime": {"datetime": "2024-06-12 22:01:44", "elapsed": 215.301541, "delta": 0.111671}}
{"target": -133.5275021866232, "params": {"p_ai": 6.761841567540195, "p_al": 6.037644365737643, "p_ex": 2.510495077291836, "prior": 0.6627915410597356, "rate": 6.773071964217088}, "datetime": {"datetime": "2024-06-12 22:01:44", "elapsed": 215.413112, "delta": 0.111571}}
{"target": -111.01308200247766, "params": {"p_ai": 7.683627944622056, "p_al": 1.193630873788052, "p_ex": 7.395875370552233, "prior": 7.732109943460374, "rate": 1.1006153943531465}, "datetime": {"datetime": "2024-06-12 22:01:45", "elapsed": 215.524814, "delta": 0.111702}}
{"target": -82.18310223807339, "params": {"p_ai": 4.865207615109933, "p_al": 0.058244204271695785, "p_ex": 6.259494576122178, "prior": 8.589985562318814, "rate": 8.601869196225135}, "datetime": {"datetime": "2024-06-12 22:01:45", "elapsed": 215.635593, "delta": 0.110779}}
{"target": -127.46856249381273, "params": {"p_ai": 9.372836835270283, "p_al": 7.838598966904821, "p_ex": 4.32095503171597, "prior": 7.740408081831658, "rate": 9.835569322189354}, "datetime": {"datetime": "2024-06-12 22:01:45", "elapsed": 215.747293, "delta": 0.1117}}
{"target": -85.26570907120382, "params": {"p_ai": 3.6731485703528572, "p_al": 0.3599139619079784, "p_ex": 5.07790279342019, "prior": 3.5256412227906653, "rate": 1.7614437496880826}, "datetime": {"datetime": "2024-06-12 22:01:45", "elapsed": 215.85804, "delta": 0.110747}}
{"target": -126.36009063089216, "params": {"p_ai": 9.343086501575788, "p_al": 1.1970610915354551, "p_ex": 6.5429530555272635, "prior": 1.6881259931486678, "rate": 7.964580244936878}, "datetime": {"datetime": "2024-06-12 22:01:45", "elapsed": 215.969177, "delta": 0.111137}}
{"target": -92.7377998527315, "params": {"p_ai": 2.581797390048383, "p_al": 6.980372818587215, "p_ex": 6.279309106625949, "prior": 7.1582611729380785, "rate": 2.509045645020982}, "datetime": {"datetime": "2024-06-12 22:01:45", "elapsed": 216.081497, "delta": 0.11232}}
{"target": -108.01124048210623, "params": {"p_ai": 5.040739675586524, "p_al": 3.4219991979294457, "p_ex": 1.8038144159290055, "prior": 4.755592956498562, "rate": 9.121320206261762}, "datetime": {"datetime": "2024-06-12 22:01:45", "elapsed": 216.193261, "delta": 0.111764}}
{"target": -124.33136387684326, "params": {"p_ai": 5.679851593329904, "p_al": 6.3092680345791186, "p_ex": 5.492947356708023, "prior": 0.45125465964832556, "rate": 8.686803585738467}, "datetime": {"datetime": "2024-06-12 22:01:45", "elapsed": 216.312334, "delta": 0.119073}}
{"target": -92.2231667833494, "params": {"p_ai": 1.2488091352044703, "p_al": 7.364341651650799, "p_ex": 4.518124677923766, "prior": 7.10303533404568, "rate": 8.611423430034481}, "datetime": {"datetime": "2024-06-12 22:01:45", "elapsed": 216.422784, "delta": 0.11045}}
{"target": -137.18159296378494, "params": {"p_ai": 6.966020702292478, "p_al": 8.539175558401974, "p_ex": 4.871212886985774, "prior": 0.918884195524545, "rate": 3.7865239272439655}, "datetime": {"datetime": "2024-06-12 22:01:46", "elapsed": 216.534032, "delta": 0.111248}}
{"target": -78.95159829690112, "params": {"p_ai": 1.9149858840908718, "p_al": 7.635396338424311, "p_ex": 6.954013909748106, "prior": 5.795719129348575, "rate": 7.688642700710957}, "datetime": {"datetime": "2024-06-12 22:01:46", "elapsed": 216.646043, "delta": 0.112011}}
{"target": -77.0879898036808, "params": {"p_ai": 3.694271653183792, "p_al": 3.6923996638210648, "p_ex": 7.002394412067741, "prior": 4.523578447246285, "rate": 8.119345489453556}, "datetime": {"datetime": "2024-06-12 22:01:46", "elapsed": 216.757315, "delta": 0.111272}}
{"target": -102.983169100073, "params": {"p_ai": 1.5469574316809762, "p_al": 5.898974533155622, "p_ex": 3.736309787079538, "prior": 2.4715388646961878, "rate": 2.544044252328794}, "datetime": {"datetime": "2024-06-12 22:01:46", "elapsed": 216.868566, "delta": 0.111251}}
{"target": -128.43464077050803, "params": {"p_ai": 7.437727992572913, "p_al": 3.2893167926474636, "p_ex": 2.279929885191457, "prior": 9.053660900901122, "rate": 4.163527066834268}, "datetime": {"datetime": "2024-06-12 22:01:46", "elapsed": 216.980148, "delta": 0.111582}}
{"target": -169.47853271736855, "params": {"p_ai": 5.344429334800736, "p_al": 3.721233388098805, "p_ex": 2.339332965914614, "prior": 1.0243329283321738, "rate": 0.552765917581405}, "datetime": {"datetime": "2024-06-12 22:01:46", "elapsed": 217.091284, "delta": 0.111136}}
{"target": -126.97874220721846, "params": {"p_ai": 8.728846271820581, "p_al": 1.7305261188770236, "p_ex": 5.389977736100399, "prior": 9.787262915137529, "rate": 1.6741303440042716}, "datetime": {"datetime": "2024-06-12 22:01:46", "elapsed": 217.202985, "delta": 0.111701}}
{"target": -136.01536255782784, "params": {"p_ai": 5.9580397526432485, "p_al": 7.513905802989992, "p_ex": 0.7997906390307579, "prior": 4.52781951549999, "rate": 7.918482157482571}, "datetime": {"datetime": "2024-06-12 22:01:46", "elapsed": 217.314398, "delta": 0.111413}}
{"target": -100.17526591926224, "params": {"p_ai": 7.218066620682272, "p_al": 6.785967564695583, "p_ex": 7.667126257505545, "prior": 5.821443127018461, "rate": 3.7495945385656966}, "datetime": {"datetime": "2024-06-12 22:01:46", "elapsed": 217.426099, "delta": 0.111701}}
{"target": -96.19858423784783, "params": {"p_ai": 4.471487619513789, "p_al": 2.8049829823986183, "p_ex": 3.3932177776488177, "prior": 8.801774626422448, "rate": 5.363962031098822}, "datetime": {"datetime": "2024-06-12 22:01:47", "elapsed": 217.538198, "delta": 0.112099}}
{"target": -100.2972018505915, "params": {"p_ai": 0.7383672180412829, "p_al": 6.72300831011704, "p_ex": 7.297835753188504, "prior": 3.9566998705923595, "rate": 3.4759925510493996}, "datetime": {"datetime": "2024-06-12 22:01:47", "elapsed": 217.649076, "delta": 0.110878}}
{"target": -106.48887136173379, "params": {"p_ai": 1.0762177778688427, "p_al": 5.466748475884789, "p_ex": 2.628961332513215, "prior": 9.180248732872576, "rate": 8.506602449242905}, "datetime": {"datetime": "2024-06-12 22:01:47", "elapsed": 217.761283, "delta": 0.112207}}
{"target": -93.57694438777351, "params": {"p_ai": 6.536425024163568, "p_al": 8.758501047052498, "p_ex": 9.689135799507397, "prior": 5.908278161390933, "rate": 9.801337037343496}, "datetime": {"datetime": "2024-06-12 22:01:47", "elapsed": 217.877561, "delta": 0.116278}}
{"target": -91.71449852456212, "params": {"p_ai": 5.493073404549781, "p_al": 2.936662168246929, "p_ex": 4.912876181602172, "prior": 4.051458022152253, "rate": 5.998158171162226}, "datetime": {"datetime": "2024-06-12 22:01:47", "elapsed": 218.004688, "delta": 0.127127}}
{"target": -102.76561657959661, "params": {"p_ai": 4.807494200542663, "p_al": 2.8677411327358473, "p_ex": 6.252256280872256, "prior": 8.054201911055628, "rate": 0.7883984302275981}, "datetime": {"datetime": "2024-06-12 22:01:47", "elapsed": 218.11634, "delta": 0.111652}}
{"target": -131.07465354327329, "params": {"p_ai": 4.236810197958907, "p_al": 6.450375344994171, "p_ex": 0.07383112556481046, "prior": 8.757015198397594, "rate": 6.94051629998809}, "datetime": {"datetime": "2024-06-12 22:01:47", "elapsed": 218.229889, "delta": 0.113549}}
{"target": -122.2897504652011, "params": {"p_ai": 7.4979379751671615, "p_al": 5.2334304933340325, "p_ex": 9.754692363709557, "prior": 1.5317071824174862, "rate": 9.558208085259503}, "datetime": {"datetime": "2024-06-12 22:01:47", "elapsed": 218.359745, "delta": 0.129856}}
{"target": -140.39004603206814, "params": {"p_ai": 9.955988636673547, "p_al": 0.7864557259570133, "p_ex": 3.3695073241418894, "prior": 9.927443443215722, "rate": 4.268180535075375}, "datetime": {"datetime": "2024-06-12 22:01:48", "elapsed": 218.471447, "delta": 0.111702}}
{"target": -114.92056466873173, "params": {"p_ai": 8.233661132143844, "p_al": 2.881868167285576, "p_ex": 5.121431057426107, "prior": 4.6615764912944275, "rate": 3.3300970409221056}, "datetime": {"datetime": "2024-06-12 22:01:48", "elapsed": 218.583153, "delta": 0.111706}}
{"target": -103.14825089157911, "params": {"p_ai": 5.271290722006996, "p_al": 0.8060343168486149, "p_ex": 2.2127306243676155, "prior": 3.360255085813687, "rate": 9.68877278960717}, "datetime": {"datetime": "2024-06-12 22:01:48", "elapsed": 218.694728, "delta": 0.111575}}
{"target": -128.5621482593885, "params": {"p_ai": 4.408103106386452, "p_al": 9.613169406877505, "p_ex": 5.736607220990137, "prior": 0.4671094025813809, "rate": 6.587481023391573}, "datetime": {"datetime": "2024-06-12 22:01:48", "elapsed": 218.806432, "delta": 0.111704}}
{"target": -110.04427875470917, "params": {"p_ai": 0.1487234155321392, "p_al": 7.424971015947326, "p_ex": 4.207624598002892, "prior": 5.339313074890572, "rate": 7.888526660649675}, "datetime": {"datetime": "2024-06-12 22:01:48", "elapsed": 218.917603, "delta": 0.111171}}
{"target": -235.08987772857378, "params": {"p_ai": 9.05604556125701, "p_al": 9.868796342786228, "p_ex": 8.020962538866408, "prior": 0.026423601686483965, "rate": 6.001253760693126}, "datetime": {"datetime": "2024-06-12 22:01:48", "elapsed": 219.029229, "delta": 0.111626}}
{"target": -90.8362815360851, "params": {"p_ai": 2.8891714248604496, "p_al": 7.097447712852041, "p_ex": 3.0561323897351946, "prior": 5.559116755024119, "rate": 9.180773914005606}, "datetime": {"datetime": "2024-06-12 22:01:48", "elapsed": 219.140377, "delta": 0.111148}}
