{"target": -142.25400594692323, "params": {"gamma": 0.7466661384435471, "prior": 3.766026368361488, "rate": 1.235065179287484}, "datetime": {"datetime": "2024-06-14 19:13:29", "elapsed": 3.689794, "delta": 0.008976}}
{"target": -333.67000007119015, "params": {"gamma": 6.345552644202125, "prior": 4.1978064727211475, "rate": 9.909165409621975}, "datetime": {"datetime": "2024-06-14 19:13:29", "elapsed": 3.698771, "delta": 0.008977}}
{"target": -476.108807828392, "params": {"gamma": 9.299626280909525, "prior": 1.5774367198665253, "rate": 3.9494277431054683}, "datetime": {"datetime": "2024-06-14 19:13:29", "elapsed": 3.707746, "delta": 0.008975}}
{"target": -242.54812802955317, "params": {"gamma": 4.6163355299129, "prior": 5.6533926757072575, "rate": 7.803854869369396}, "datetime": {"datetime": "2024-06-14 19:13:29", "elapsed": 3.716722, "delta": 0.008976}}
{"target": -232.5042862348617, "params": {"gamma": 4.872451896825164, "prior": 4.257936164901384, "rate": 2.6207350474886373}, "datetime": {"datetime": "2024-06-14 19:13:29", "elapsed": 3.725698, "delta": 0.008976}}
{"target": -579.1779659140531, "params": {"gamma": 9.108150584728497, "prior": 0.32048796417476116, "rate": 8.211397860291427}, "datetime": {"datetime": "2024-06-14 19:13:29", "elapsed": 3.734675, "delta": 0.008977}}
{"target": -149.82531658249542, "params": {"gamma": 1.8854955282645185, "prior": 6.888993301808218, "rate": 3.552738684007098}, "datetime": {"datetime": "2024-06-14 19:13:29", "elapsed": 3.74365, "delta": 0.008975}}
{"target": -460.3950996268296, "params": {"gamma": 9.742152066323019, "prior": 1.3154440815492576, "rate": 1.8765113562797784}, "datetime": {"datetime": "2024-06-14 19:13:29", "elapsed": 3.752627, "delta": 0.008977}}
{"target": -367.6291592469311, "params": {"gamma": 8.894535312169324, "prior": 5.875722514621456, "rate": 3.0931546002031376}, "datetime": {"datetime": "2024-06-14 19:13:29", "elapsed": 3.761635, "delta": 0.009008}}
{"target": -152.29874046005364, "params": {"gamma": 0.008643090396402046, "prior": 2.353217609390305, "rate": 1.4548909380781856}, "datetime": {"datetime": "2024-06-14 19:13:29", "elapsed": 3.770578, "delta": 0.008943}}
{"target": -155.57896614156647, "params": {"gamma": 2.035134809876536, "prior": 8.973593312359645, "rate": 8.731070688318136}, "datetime": {"datetime": "2024-06-14 19:13:29", "elapsed": 3.780033, "delta": 0.009455}}
{"target": -350.6335464520558, "params": {"gamma": 7.0031940868968645, "prior": 4.757926993906869, "rate": 8.271532887320552}, "datetime": {"datetime": "2024-06-14 19:13:29", "elapsed": 3.789008, "delta": 0.008975}}
{"target": -239.74852711484886, "params": {"gamma": 4.958768144455039, "prior": 3.698537964520562, "rate": 2.7567554245058266}, "datetime": {"datetime": "2024-06-14 19:13:29", "elapsed": 3.798838, "delta": 0.00983}}
{"target": -430.6409869642171, "params": {"gamma": 9.247483394570178, "prior": 3.931193419137293, "rate": 4.929315853439772}, "datetime": {"datetime": "2024-06-14 19:13:29", "elapsed": 3.807814, "delta": 0.008976}}
{"target": -161.60606656723434, "params": {"gamma": 2.5451265850419067, "prior": 8.861168536496827, "rate": 3.833251304596062}, "datetime": {"datetime": "2024-06-14 19:13:29", "elapsed": 3.81679, "delta": 0.008976}}
{"target": -169.28057507264725, "params": {"gamma": 2.9764495784234386, "prior": 7.2041901257280685, "rate": 1.909508561779902}, "datetime": {"datetime": "2024-06-14 19:13:29", "elapsed": 3.825766, "delta": 0.008976}}
{"target": -143.58732059345277, "params": {"gamma": 1.1828081008410374, "prior": 8.386278043913771, "rate": 7.441615077773983}, "datetime": {"datetime": "2024-06-14 19:13:29", "elapsed": 3.834742, "delta": 0.008976}}
{"target": -315.3777196914034, "params": {"gamma": 5.905614955923525, "prior": 2.5046265921522197, "rate": 6.2328482047306535}, "datetime": {"datetime": "2024-06-14 19:13:29", "elapsed": 3.843718, "delta": 0.008976}}
{"target": -260.550987707821, "params": {"gamma": 6.383914852090989, "prior": 3.342937496712019, "rate": 0.6758259413323553}, "datetime": {"datetime": "2024-06-14 19:13:29", "elapsed": 3.852694, "delta": 0.008976}}
{"target": -427.81142457177555, "params": {"gamma": 8.805505437045703, "prior": 4.6535716376351575, "rate": 7.638963307946233}, "datetime": {"datetime": "2024-06-14 19:13:29", "elapsed": 3.86167, "delta": 0.008976}}
{"target": -164.705846071511, "params": {"gamma": 2.539632320806454, "prior": 5.954733104448417, "rate": 4.288522808327629}, "datetime": {"datetime": "2024-06-14 19:13:29", "elapsed": 3.870646, "delta": 0.008976}}
{"target": -217.77224157342323, "params": {"gamma": 3.8216243248488464, "prior": 1.3544625000845356, "rate": 2.4434223654265494}, "datetime": {"datetime": "2024-06-14 19:13:29", "elapsed": 3.879623, "delta": 0.008977}}
{"target": -144.33104479865167, "params": {"gamma": 0.7943364880002312, "prior": 3.098297216704028, "rate": 7.417306297515323}, "datetime": {"datetime": "2024-06-14 19:13:29", "elapsed": 3.888598, "delta": 0.008975}}
{"target": -249.04455328178557, "params": {"gamma": 6.150542233985518, "prior": 6.7568698794458655, "rate": 0.08482241217079087}, "datetime": {"datetime": "2024-06-14 19:13:29", "elapsed": 3.897574, "delta": 0.008976}}
{"target": -289.0154958971848, "params": {"gamma": 6.784091345540948, "prior": 5.081488836374581, "rate": 2.309853596391308}, "datetime": {"datetime": "2024-06-14 19:13:29", "elapsed": 3.907547, "delta": 0.009973}}
{"target": -158.89364887368166, "params": {"gamma": 1.7497901933102402, "prior": 1.9313313589532155, "rate": 8.44275579074591}, "datetime": {"datetime": "2024-06-14 19:13:29", "elapsed": 3.916523, "delta": 0.008976}}
{"target": -384.70348854317234, "params": {"gamma": 9.825915303261548, "prior": 9.146022285932153, "rate": 3.4743468343077555}, "datetime": {"datetime": "2024-06-14 19:13:29", "elapsed": 3.925499, "delta": 0.008976}}
{"target": -377.9825196335939, "params": {"gamma": 7.802465572333946, "prior": 5.509900447944164, "rate": 8.16460753316182}, "datetime": {"datetime": "2024-06-14 19:13:29", "elapsed": 3.934475, "delta": 0.008976}}
{"target": -250.12681698126283, "params": {"gamma": 4.8377857849378705, "prior": 5.9405178531640965, "rate": 7.872847211795091}, "datetime": {"datetime": "2024-06-14 19:13:29", "elapsed": 3.943451, "delta": 0.008976}}
{"target": -142.39339886528387, "params": {"gamma": 1.0032461963882202, "prior": 5.416370456721353, "rate": 3.660467483349873}, "datetime": {"datetime": "2024-06-14 19:13:29", "elapsed": 3.95143, "delta": 0.007979}}
{"target": -262.0085510355092, "params": {"gamma": 6.043464129845054, "prior": 9.592144904806304, "rate": 3.9288366270246278}, "datetime": {"datetime": "2024-06-14 19:13:29", "elapsed": 3.960406, "delta": 0.008976}}
{"target": -206.5716310380919, "params": {"gamma": 3.930337006418223, "prior": 7.927306236537028, "rate": 6.451138912455179}, "datetime": {"datetime": "2024-06-14 19:13:29", "elapsed": 3.969382, "delta": 0.008976}}
{"target": -201.6185950435979, "params": {"gamma": 3.9394461945459094, "prior": 6.920654977479489, "rate": 4.040612088934736}, "datetime": {"datetime": "2024-06-14 19:13:29", "elapsed": 3.979034, "delta": 0.009652}}
{"target": -144.42928815397926, "params": {"gamma": 1.3619954293269727, "prior": 4.561368359854131, "rate": 3.3448595075800287}, "datetime": {"datetime": "2024-06-14 19:13:29", "elapsed": 3.988009, "delta": 0.008975}}
{"target": -156.88446896185368, "params": {"gamma": 2.180471331681618, "prior": 9.265170536200754, "rate": 6.896704351396498}, "datetime": {"datetime": "2024-06-14 19:13:29", "elapsed": 3.996985, "delta": 0.008976}}
{"target": -275.5753720876508, "params": {"gamma": 5.988610085343597, "prior": 7.49190897401775, "rate": 5.420168646652644}, "datetime": {"datetime": "2024-06-14 19:13:29", "elapsed": 4.005961, "delta": 0.008976}}
{"target": -322.9557830713786, "params": {"gamma": 7.005630193122407, "prior": 9.312542210573467, "rate": 8.626304328357714}, "datetime": {"datetime": "2024-06-14 19:13:29", "elapsed": 4.014937, "delta": 0.008976}}
{"target": -145.61569741103335, "params": {"gamma": 1.6752511332077065, "prior": 2.705076336846355, "rate": 0.7170311841386036}, "datetime": {"datetime": "2024-06-14 19:13:29", "elapsed": 4.023913, "delta": 0.008976}}
{"target": -504.56197425183177, "params": {"gamma": 9.786749378778312, "prior": 2.4402025767377182, "rate": 6.6063229609300596}, "datetime": {"datetime": "2024-06-14 19:13:29", "elapsed": 4.032889, "delta": 0.008976}}
{"target": -144.4591575565829, "params": {"gamma": 0.8972173585756926, "prior": 2.1866323266614858, "rate": 5.028741010800528}, "datetime": {"datetime": "2024-06-14 19:13:29", "elapsed": 4.041865, "delta": 0.008976}}
{"target": -143.90921002702993, "params": {"gamma": 1.0504317296309502, "prior": 3.9498466866777715, "rate": 5.3803392136766695}, "datetime": {"datetime": "2024-06-14 19:13:29", "elapsed": 4.050841, "delta": 0.008976}}
{"target": -191.7897802875433, "params": {"gamma": 3.3927026446661146, "prior": 5.603412090153097, "rate": 5.368146451102699}, "datetime": {"datetime": "2024-06-14 19:13:29", "elapsed": 4.059817, "delta": 0.008976}}
{"target": -208.90824559508007, "params": {"gamma": 3.906714376870321, "prior": 6.993073822700919, "rate": 6.785146057525243}, "datetime": {"datetime": "2024-06-14 19:13:29", "elapsed": 4.068793, "delta": 0.008976}}
{"target": -302.960591195711, "params": {"gamma": 6.8733441905945245, "prior": 5.6587634621138045, "rate": 3.5814410602153455}, "datetime": {"datetime": "2024-06-14 19:13:29", "elapsed": 4.077769, "delta": 0.008976}}
{"target": -276.7572034579383, "params": {"gamma": 6.131510241334756, "prior": 9.363789039421178, "rate": 5.969288360934786}, "datetime": {"datetime": "2024-06-14 19:13:29", "elapsed": 4.086307, "delta": 0.008538}}
{"target": -472.7974601349753, "params": {"gamma": 9.795922153419893, "prior": 4.465965542047824, "rate": 7.39638001311296}, "datetime": {"datetime": "2024-06-14 19:13:29", "elapsed": 4.096281, "delta": 0.009974}}
{"target": -145.8289468222352, "params": {"gamma": 0.3770011826173517, "prior": 7.6707937261048125, "rate": 5.1832975216877974}, "datetime": {"datetime": "2024-06-14 19:13:29", "elapsed": 4.105256, "delta": 0.008975}}
{"target": -151.3465269517925, "params": {"gamma": 0.05416001307807128, "prior": 2.8442810373477254, "rate": 5.348787492965596}, "datetime": {"datetime": "2024-06-14 19:13:29", "elapsed": 4.114233, "delta": 0.008977}}
{"target": -452.8470542750154, "params": {"gamma": 7.679860819934835, "prior": 0.6256166949799984, "rate": 5.490985385061347}, "datetime": {"datetime": "2024-06-14 19:13:29", "elapsed": 4.123238, "delta": 0.009005}}
{"target": -384.981907518622, "params": {"gamma": 8.010144563427762, "prior": 6.530872243296941, "rate": 9.314538702914113}, "datetime": {"datetime": "2024-06-14 19:13:29", "elapsed": 4.132799, "delta": 0.009561}}
{"target": -144.7705347347176, "params": {"gamma": 0.7482397187025968, "prior": 2.8403839797458077, "rate": 9.192455805057469}, "datetime": {"datetime": "2024-06-14 19:13:29", "elapsed": 4.141775, "delta": 0.008976}}
{"target": -367.8175507999417, "params": {"gamma": 7.650286477833132, "prior": 6.037429410273777, "rate": 8.329848470226867}, "datetime": {"datetime": "2024-06-14 19:13:29", "elapsed": 4.150752, "delta": 0.008977}}
{"target": -406.41432797397783, "params": {"gamma": 8.960538872258445, "prior": 9.729931493242967, "rate": 9.98520655039097}, "datetime": {"datetime": "2024-06-14 19:13:29", "elapsed": 4.159728, "delta": 0.008976}}
{"target": -145.4370180208712, "params": {"gamma": 1.3973536875073507, "prior": 0.7983662429626219, "rate": 0.7355930769468734}, "datetime": {"datetime": "2024-06-14 19:13:29", "elapsed": 4.168703, "delta": 0.008975}}
{"target": -149.36130301558384, "params": {"gamma": 0.14842316520856935, "prior": 9.721018722481467, "rate": 0.9485743976558341}, "datetime": {"datetime": "2024-06-14 19:13:29", "elapsed": 4.17768, "delta": 0.008977}}
{"target": -364.70876184760715, "params": {"gamma": 8.417526525032311, "prior": 6.883212669386226, "rate": 4.876084117661699}, "datetime": {"datetime": "2024-06-14 19:13:29", "elapsed": 4.187689, "delta": 0.010009}}
{"target": -189.8581451198755, "params": {"gamma": 3.4676021187044235, "prior": 3.6011130919633505, "rate": 2.539134984589525}, "datetime": {"datetime": "2024-06-14 19:13:29", "elapsed": 4.196637, "delta": 0.008948}}
{"target": -328.3395669479134, "params": {"gamma": 9.110268719012566, "prior": 7.283861200399203, "rate": 0.2602320020499145}, "datetime": {"datetime": "2024-06-14 19:13:29", "elapsed": 4.205644, "delta": 0.009007}}
{"target": -208.2412995848511, "params": {"gamma": 4.615751011217899, "prior": 2.884882598114433, "rate": 0.2906328955928069}, "datetime": {"datetime": "2024-06-14 19:13:29", "elapsed": 4.214587, "delta": 0.008943}}
{"target": -356.5580494028508, "params": {"gamma": 8.846934261198635, "prior": 7.732953043751355, "rate": 3.298021057363365}, "datetime": {"datetime": "2024-06-14 19:13:29", "elapsed": 4.223563, "delta": 0.008976}}
{"target": -360.9022005842715, "params": {"gamma": 7.965789316779574, "prior": 3.3139193898096666, "rate": 3.0795165557326496}, "datetime": {"datetime": "2024-06-14 19:13:29", "elapsed": 4.232568, "delta": 0.009005}}
{"target": -382.32414701074214, "params": {"gamma": 9.281162675928762, "prior": 9.771470003263916, "rate": 5.236029491864212}, "datetime": {"datetime": "2024-06-14 19:13:29", "elapsed": 4.241515, "delta": 0.008947}}
{"target": -395.3793855343546, "params": {"gamma": 9.519399740511682, "prior": 8.891165289872, "rate": 5.180807583382493}, "datetime": {"datetime": "2024-06-14 19:13:29", "elapsed": 4.250491, "delta": 0.008976}}
{"target": -196.4190078381001, "params": {"gamma": 3.728115272172759, "prior": 7.132510325364133, "rate": 4.5569786029958985}, "datetime": {"datetime": "2024-06-14 19:13:29", "elapsed": 4.259468, "delta": 0.008977}}
{"target": -280.37839201806526, "params": {"gamma": 6.052523738337006, "prior": 9.905021349210472, "rate": 7.739388583314729}, "datetime": {"datetime": "2024-06-14 19:13:29", "elapsed": 4.268472, "delta": 0.009004}}
{"target": -200.7108208398801, "params": {"gamma": 3.343429773533269, "prior": 0.9810823861415419, "rate": 1.8498709971938052}, "datetime": {"datetime": "2024-06-14 19:13:29", "elapsed": 4.277419, "delta": 0.008947}}
{"target": -278.13761012119767, "params": {"gamma": 5.2689919070424525, "prior": 4.229313939257894, "rate": 8.006795921634268}, "datetime": {"datetime": "2024-06-14 19:13:29", "elapsed": 4.286395, "delta": 0.008976}}
{"target": -512.8948653006221, "params": {"gamma": 9.332090179528631, "prior": 1.8608610047183507, "rate": 8.600807641991286}, "datetime": {"datetime": "2024-06-14 19:13:29", "elapsed": 4.295372, "delta": 0.008977}}
{"target": -340.92820410022085, "params": {"gamma": 9.57399186834036, "prior": 9.598759007812843, "rate": 0.37958801461658453}, "datetime": {"datetime": "2024-06-14 19:13:29", "elapsed": 4.305345, "delta": 0.009973}}
{"target": -146.6520357224802, "params": {"gamma": 0.576777472576129, "prior": 0.15739418988512105, "rate": 3.127498880398609}, "datetime": {"datetime": "2024-06-14 19:13:29", "elapsed": 4.31432, "delta": 0.008975}}
{"target": -144.27969690570623, "params": {"gamma": 0.5579284287083343, "prior": 3.0092386061583873, "rate": 3.5608088438258343}, "datetime": {"datetime": "2024-06-14 19:13:29", "elapsed": 4.323296, "delta": 0.008976}}
{"target": -395.4981076701047, "params": {"gamma": 9.536816507720744, "prior": 4.821814132619101, "rate": 2.783106185770882}, "datetime": {"datetime": "2024-06-14 19:13:29", "elapsed": 4.332272, "delta": 0.008976}}
{"target": -220.94017867934417, "params": {"gamma": 5.030548945314497, "prior": 6.469243454026442, "rate": 1.1133454800017826}, "datetime": {"datetime": "2024-06-14 19:13:29", "elapsed": 4.341248, "delta": 0.008976}}
{"target": -348.6424106160517, "params": {"gamma": 7.580858519672953, "prior": 8.534263135744226, "rate": 8.442654345834713}, "datetime": {"datetime": "2024-06-14 19:13:29", "elapsed": 4.351222, "delta": 0.009974}}
{"target": -410.5797621060997, "params": {"gamma": 8.905177817288482, "prior": 3.8802397278820355, "rate": 4.438608178466819}, "datetime": {"datetime": "2024-06-14 19:13:29", "elapsed": 4.360198, "delta": 0.008976}}
{"target": -146.44371116787963, "params": {"gamma": 1.0167131779857155, "prior": 2.335488532069228, "rate": 9.713233372262836}, "datetime": {"datetime": "2024-06-14 19:13:29", "elapsed": 4.369174, "delta": 0.008976}}
{"target": -175.65350664877803, "params": {"gamma": 2.8469550657183857, "prior": 9.083221808185874, "rate": 8.905632311496733}, "datetime": {"datetime": "2024-06-14 19:13:29", "elapsed": 4.37815, "delta": 0.008976}}
{"target": -514.9215009868776, "params": {"gamma": 9.225122468106674, "prior": 1.645880687963868, "rate": 8.797341712870308}, "datetime": {"datetime": "2024-06-14 19:13:29", "elapsed": 4.387169, "delta": 0.009019}}
{"target": -316.90157923444747, "params": {"gamma": 6.320317509680909, "prior": 2.1852189663461443, "rate": 3.4518140318860318}, "datetime": {"datetime": "2024-06-14 19:13:29", "elapsed": 4.396146, "delta": 0.008977}}
{"target": -144.56474617409134, "params": {"gamma": 1.6000279671042428, "prior": 4.499046758716659, "rate": 0.8386657635007598}, "datetime": {"datetime": "2024-06-14 19:13:29", "elapsed": 4.405121, "delta": 0.008975}}
{"target": -155.30852826586352, "params": {"gamma": 1.654019586311918, "prior": 2.052243830020026, "rate": 6.910582388225486}, "datetime": {"datetime": "2024-06-14 19:13:29", "elapsed": 4.414098, "delta": 0.008977}}
{"target": -245.67236476039267, "params": {"gamma": 5.738454888784365, "prior": 8.745899026963649, "rate": 2.447096023126362}, "datetime": {"datetime": "2024-06-14 19:13:29", "elapsed": 4.423111, "delta": 0.009013}}
{"target": -385.1607149225059, "params": {"gamma": 6.296449959232413, "prior": 0.4408695265402466, "rate": 5.162468412309614}, "datetime": {"datetime": "2024-06-14 19:13:29", "elapsed": 4.432049, "delta": 0.008938}}
{"target": -315.81155945650846, "params": {"gamma": 8.632401590656782, "prior": 9.842852784460677, "rate": 0.09971988061382621}, "datetime": {"datetime": "2024-06-14 19:13:29", "elapsed": 4.441025, "delta": 0.008976}}
{"target": -159.02292234555736, "params": {"gamma": 2.5291619792860742, "prior": 2.316111736242501, "rate": 0.4763284046833772}, "datetime": {"datetime": "2024-06-14 19:13:29", "elapsed": 4.450001, "delta": 0.008976}}
{"target": -150.26758758999208, "params": {"gamma": 0.10271439016149476, "prior": 4.952933591217894, "rate": 0.4557759745572704}, "datetime": {"datetime": "2024-06-14 19:13:29", "elapsed": 4.458977, "delta": 0.008976}}
{"target": -167.3766345683909, "params": {"gamma": 2.784002980338173, "prior": 6.435748234178231, "rate": 2.9476257235674814}, "datetime": {"datetime": "2024-06-14 19:13:29", "elapsed": 4.46856, "delta": 0.009583}}
{"target": -167.63158164719394, "params": {"gamma": 2.6972773568893555, "prior": 5.946410570211314, "rate": 3.805960238019191}, "datetime": {"datetime": "2024-06-14 19:13:29", "elapsed": 4.477536, "delta": 0.008976}}
{"target": -337.3113898180949, "params": {"gamma": 7.025527816580048, "prior": 5.011627117373624, "rate": 6.33245944879897}, "datetime": {"datetime": "2024-06-14 19:13:29", "elapsed": 4.486515, "delta": 0.008979}}
{"target": -186.79320316053185, "params": {"gamma": 3.5345900756692927, "prior": 2.9417350669395357, "rate": 1.3329379303972684}, "datetime": {"datetime": "2024-06-14 19:13:29", "elapsed": 4.495492, "delta": 0.008977}}
{"target": -431.0971888184203, "params": {"gamma": 9.370866767604843, "prior": 8.067874875556367, "rate": 9.380347403020368}, "datetime": {"datetime": "2024-06-14 19:13:29", "elapsed": 4.504467, "delta": 0.008975}}
{"target": -152.3013003809676, "params": {"gamma": 1.8546198659533752, "prior": 9.338242051949933, "rate": 9.357596323713638}, "datetime": {"datetime": "2024-06-14 19:13:29", "elapsed": 4.513444, "delta": 0.008977}}
{"target": -183.66539363312435, "params": {"gamma": 2.8361615915229414, "prior": 2.8188790593962434, "rate": 5.514764305160052}, "datetime": {"datetime": "2024-06-14 19:13:29", "elapsed": 4.523417, "delta": 0.009973}}
{"target": -148.69323466328294, "params": {"gamma": 1.8537071044461548, "prior": 4.476800995204981, "rate": 1.8539911417309063}, "datetime": {"datetime": "2024-06-14 19:13:29", "elapsed": 4.532393, "delta": 0.008976}}
{"target": -468.20257434619725, "params": {"gamma": 9.473811803621638, "prior": 4.988864109161748, "rate": 9.639213756472554}, "datetime": {"datetime": "2024-06-14 19:13:29", "elapsed": 4.541085, "delta": 0.008692}}
{"target": -331.456993841768, "params": {"gamma": 6.449771783449607, "prior": 4.894726153020617, "rate": 9.676984764366013}, "datetime": {"datetime": "2024-06-14 19:13:29", "elapsed": 4.550061, "delta": 0.008976}}
{"target": -146.2355894713617, "params": {"gamma": 1.4327546273059197, "prior": 6.360065759198316, "rate": 6.6192217900001395}, "datetime": {"datetime": "2024-06-14 19:13:29", "elapsed": 4.559038, "delta": 0.008977}}
{"target": -268.34198429563094, "params": {"gamma": 4.3389644317001075, "prior": 0.6876365308556791, "rate": 4.927733289059168}, "datetime": {"datetime": "2024-06-14 19:13:29", "elapsed": 4.568014, "delta": 0.008976}}
{"target": -215.1197969669003, "params": {"gamma": 4.651874301237257, "prior": 8.08679342667115, "rate": 2.5673532385398095}, "datetime": {"datetime": "2024-06-14 19:13:29", "elapsed": 4.576989, "delta": 0.008975}}
{"target": -229.98465430756772, "params": {"gamma": 3.914912199479702, "prior": 2.4777048514916347, "rate": 6.864747708308469}, "datetime": {"datetime": "2024-06-14 19:13:29", "elapsed": 4.586963, "delta": 0.009974}}
{"target": -540.1281067490595, "params": {"gamma": 9.898844649917818, "prior": 1.856552414995793, "rate": 8.214645955522746}, "datetime": {"datetime": "2024-06-14 19:13:29", "elapsed": 4.595939, "delta": 0.008976}}
