{"target": -1234.7033522774573, "params": {"gamma": 5.336999796367143, "lr": 0.31446701118584963}, "datetime": {"datetime": "2024-06-13 22:26:34", "elapsed": 0.896801, "delta": 0.00399}}
{"target": -2101.8084569880057, "params": {"gamma": 9.1078175389072, "lr": 0.36655664385123443}, "datetime": {"datetime": "2024-06-13 22:26:34", "elapsed": 0.90079, "delta": 0.003989}}
{"target": -961.8830806508236, "params": {"gamma": 4.336489680404373, "lr": 0.5122926922783614}, "datetime": {"datetime": "2024-06-13 22:26:34", "elapsed": 0.90478, "delta": 0.00399}}
{"target": -3077.5579842018938, "params": {"gamma": 9.388925887219763, "lr": 0.030949006271150714}, "datetime": {"datetime": "2024-06-13 22:26:34", "elapsed": 0.908769, "delta": 0.003989}}
{"target": -1951.6772003786, "params": {"gamma": 7.1690697576532605, "lr": 0.8910189542923389}, "datetime": {"datetime": "2024-06-13 22:26:34", "elapsed": 0.911761, "delta": 0.002992}}
{"target": -155.38653905491842, "params": {"gamma": 0.2738449479511707, "lr": 0.5220512472525107}, "datetime": {"datetime": "2024-06-13 22:26:34", "elapsed": 0.915751, "delta": 0.00399}}
{"target": -891.9416269330106, "params": {"gamma": 3.2605721278884827, "lr": 0.8594893208655858}, "datetime": {"datetime": "2024-06-13 22:26:34", "elapsed": 0.919739, "delta": 0.003988}}
{"target": -1330.5737272666202, "params": {"gamma": 5.585606992674257, "lr": 0.6902278681627478}, "datetime": {"datetime": "2024-06-13 22:26:34", "elapsed": 0.922732, "delta": 0.002993}}
{"target": -1059.0987746655212, "params": {"gamma": 4.529082146015424, "lr": 0.6283090375213571}, "datetime": {"datetime": "2024-06-13 22:26:34", "elapsed": 0.926721, "delta": 0.003989}}
{"target": -980.7470659879094, "params": {"gamma": 2.901678420022571, "lr": 0.009348577966515781}, "datetime": {"datetime": "2024-06-13 22:26:34", "elapsed": 0.929713, "delta": 0.002992}}
{"target": -1332.6426499154263, "params": {"gamma": 5.767982593935921, "lr": 0.3114442141324628}, "datetime": {"datetime": "2024-06-13 22:26:34", "elapsed": 0.933702, "delta": 0.003989}}
{"target": -1437.847367844109, "params": {"gamma": 5.1731587174127975, "lr": 0.9164058530538978}, "datetime": {"datetime": "2024-06-13 22:26:34", "elapsed": 0.937691, "delta": 0.003989}}
{"target": -1015.086447175086, "params": {"gamma": 4.265321410225459, "lr": 0.2473960366023854}, "datetime": {"datetime": "2024-06-13 22:26:34", "elapsed": 0.941681, "delta": 0.00399}}
{"target": -1043.3077991173577, "params": {"gamma": 3.7135663190292654, "lr": 0.9318611166365406}, "datetime": {"datetime": "2024-06-13 22:26:34", "elapsed": 0.944673, "delta": 0.002992}}
{"target": -2469.0351855925037, "params": {"gamma": 9.368746944709628, "lr": 0.8443299485657132}, "datetime": {"datetime": "2024-06-13 22:26:34", "elapsed": 0.948663, "delta": 0.00399}}
{"target": -2166.767373093264, "params": {"gamma": 9.202144936542298, "lr": 0.22790028995131695}, "datetime": {"datetime": "2024-06-13 22:26:34", "elapsed": 0.954649, "delta": 0.005986}}
{"target": -251.20043576670201, "params": {"gamma": 0.8757346133263552, "lr": 0.22730973628468876}, "datetime": {"datetime": "2024-06-13 22:26:34", "elapsed": 0.96063, "delta": 0.005981}}
{"target": -928.5540484762909, "params": {"gamma": 3.1444517845243904, "lr": 0.17476587635631158}, "datetime": {"datetime": "2024-06-13 22:26:34", "elapsed": 0.965621, "delta": 0.004991}}
{"target": -1320.6032736767197, "params": {"gamma": 6.071334525562633, "lr": 0.41358641500116133}, "datetime": {"datetime": "2024-06-13 22:26:34", "elapsed": 0.969607, "delta": 0.003986}}
{"target": -2161.687776156458, "params": {"gamma": 8.163698766760314, "lr": 0.18513039826903066}, "datetime": {"datetime": "2024-06-13 22:26:34", "elapsed": 0.973596, "delta": 0.003989}}
{"target": -1657.1331078663432, "params": {"gamma": 7.019063421033349, "lr": 0.24035562484913886}, "datetime": {"datetime": "2024-06-13 22:26:34", "elapsed": 0.976588, "delta": 0.002992}}
{"target": -1371.8933679401337, "params": {"gamma": 5.742616669319757, "lr": 0.34898759722078887}, "datetime": {"datetime": "2024-06-13 22:26:34", "elapsed": 0.980578, "delta": 0.00399}}
{"target": -196.4683881053329, "params": {"gamma": 0.5705870304288444, "lr": 0.22881367096037586}, "datetime": {"datetime": "2024-06-13 22:26:34", "elapsed": 0.984566, "delta": 0.003988}}
{"target": -1458.1476610389473, "params": {"gamma": 6.641361450992581, "lr": 0.4972500933605313}, "datetime": {"datetime": "2024-06-13 22:26:34", "elapsed": 0.987559, "delta": 0.002993}}
{"target": -1522.0671168799418, "params": {"gamma": 5.190640824752714, "lr": 0.1747201501089225}, "datetime": {"datetime": "2024-06-13 22:26:34", "elapsed": 0.992545, "delta": 0.004986}}
{"target": -1590.6675465313735, "params": {"gamma": 5.7075877996110185, "lr": 0.99675342520821}, "datetime": {"datetime": "2024-06-13 22:26:34", "elapsed": 0.996534, "delta": 0.003989}}
{"target": -1842.5138366900608, "params": {"gamma": 8.168534252807428, "lr": 0.5943726238309778}, "datetime": {"datetime": "2024-06-13 22:26:34", "elapsed": 1.000523, "delta": 0.003989}}
{"target": -2658.1357562617272, "params": {"gamma": 9.759914694240718, "lr": 0.9015625846693213}, "datetime": {"datetime": "2024-06-13 22:26:34", "elapsed": 1.004513, "delta": 0.00399}}
{"target": -1967.370278414847, "params": {"gamma": 5.956483728092853, "lr": 0.032426325314457105}, "datetime": {"datetime": "2024-06-13 22:26:34", "elapsed": 1.008502, "delta": 0.003989}}
{"target": -354.7960941757338, "params": {"gamma": 0.93667738107899, "lr": 0.06537171504222639}, "datetime": {"datetime": "2024-06-13 22:26:34", "elapsed": 1.012491, "delta": 0.003989}}
{"target": -1074.6348679063349, "params": {"gamma": 4.517879753766062, "lr": 0.37543483316785775}, "datetime": {"datetime": "2024-06-13 22:26:34", "elapsed": 1.016481, "delta": 0.00399}}
{"target": -2849.3987066461714, "params": {"gamma": 9.753524992668595, "lr": 0.1679832931996149}, "datetime": {"datetime": "2024-06-13 22:26:34", "elapsed": 1.019473, "delta": 0.002992}}
{"target": -2419.474705950296, "params": {"gamma": 9.72790313173462, "lr": 0.7674748688630131}, "datetime": {"datetime": "2024-06-13 22:26:34", "elapsed": 1.023462, "delta": 0.003989}}
{"target": -1908.4627993258491, "params": {"gamma": 8.242554158405353, "lr": 0.6326158167779973}, "datetime": {"datetime": "2024-06-13 22:26:34", "elapsed": 1.028449, "delta": 0.004987}}
{"target": -1468.1854365792533, "params": {"gamma": 6.6876589692971145, "lr": 0.47688233352119336}, "datetime": {"datetime": "2024-06-13 22:26:34", "elapsed": 1.034433, "delta": 0.005984}}
{"target": -148.63092232706376, "params": {"gamma": 0.13235043287379938, "lr": 0.3530060855418248}, "datetime": {"datetime": "2024-06-13 22:26:34", "elapsed": 1.038424, "delta": 0.003991}}
{"target": -1216.4450630687736, "params": {"gamma": 4.9212259431340915, "lr": 0.7300912110901043}, "datetime": {"datetime": "2024-06-13 22:26:34", "elapsed": 1.042412, "delta": 0.003988}}
{"target": -1034.7879942030345, "params": {"gamma": 4.686814799118347, "lr": 0.4574049160894317}, "datetime": {"datetime": "2024-06-13 22:26:34", "elapsed": 1.04643, "delta": 0.004018}}
{"target": -492.70878692262795, "params": {"gamma": 1.377489746715086, "lr": 0.01088873380347899}, "datetime": {"datetime": "2024-06-13 22:26:34", "elapsed": 1.050419, "delta": 0.003989}}
{"target": -1745.3459379712326, "params": {"gamma": 7.583024326509486, "lr": 0.3199528380776784}, "datetime": {"datetime": "2024-06-13 22:26:34", "elapsed": 1.05438, "delta": 0.003961}}
{"target": -2491.6320062943196, "params": {"gamma": 9.843850118484914, "lr": 0.220234226159156}, "datetime": {"datetime": "2024-06-13 22:26:34", "elapsed": 1.058369, "delta": 0.003989}}
{"target": -756.7672912733425, "params": {"gamma": 3.387741546791315, "lr": 0.5238961356661317}, "datetime": {"datetime": "2024-06-13 22:26:34", "elapsed": 1.064354, "delta": 0.005985}}
{"target": -1655.0058831573556, "params": {"gamma": 7.549159679148268, "lr": 0.46385778390029564}, "datetime": {"datetime": "2024-06-13 22:26:34", "elapsed": 1.06934, "delta": 0.004986}}
{"target": -320.41000681141213, "params": {"gamma": 1.2491006085736511, "lr": 0.3125013784920495}, "datetime": {"datetime": "2024-06-13 22:26:34", "elapsed": 1.073329, "delta": 0.003989}}
{"target": -1204.7488469342818, "params": {"gamma": 5.045687177840246, "lr": 0.6738490080168676}, "datetime": {"datetime": "2024-06-13 22:26:34", "elapsed": 1.076322, "delta": 0.002993}}
{"target": -2463.1124333226235, "params": {"gamma": 7.70172941316461, "lr": 0.13033578095435427}, "datetime": {"datetime": "2024-06-13 22:26:34", "elapsed": 1.08031, "delta": 0.003988}}
{"target": -152.25027621445764, "params": {"gamma": 0.23012839809249527, "lr": 0.5190823222119895}, "datetime": {"datetime": "2024-06-13 22:26:34", "elapsed": 1.0843, "delta": 0.00399}}
{"target": -2660.6520394365766, "params": {"gamma": 8.1000771179135, "lr": 0.012603767029876312}, "datetime": {"datetime": "2024-06-13 22:26:34", "elapsed": 1.088289, "delta": 0.003989}}
{"target": -1596.3100522048826, "params": {"gamma": 6.725025976692686, "lr": 0.6868082266569918}, "datetime": {"datetime": "2024-06-13 22:26:34", "elapsed": 1.092279, "delta": 0.00399}}
{"target": -1251.9897085880345, "params": {"gamma": 4.49301828911279, "lr": 0.9147886867419343}, "datetime": {"datetime": "2024-06-13 22:26:34", "elapsed": 1.098262, "delta": 0.005983}}
{"target": -2125.0107859259015, "params": {"gamma": 6.443966486485173, "lr": 0.005239837651465851}, "datetime": {"datetime": "2024-06-13 22:26:34", "elapsed": 1.105244, "delta": 0.006982}}
{"target": -1309.9008537472944, "params": {"gamma": 4.844800026698242, "lr": 0.8593178060976}, "datetime": {"datetime": "2024-06-13 22:26:34", "elapsed": 1.109234, "delta": 0.00399}}
{"target": -1927.4126944281636, "params": {"gamma": 8.304165300803357, "lr": 0.6491541971124779}, "datetime": {"datetime": "2024-06-13 22:26:34", "elapsed": 1.113222, "delta": 0.003988}}
{"target": -1522.8751802670681, "params": {"gamma": 6.737310540562419, "lr": 0.5784995797892005}, "datetime": {"datetime": "2024-06-13 22:26:34", "elapsed": 1.117212, "delta": 0.00399}}
{"target": -616.740726531553, "params": {"gamma": 2.741923631893355, "lr": 0.5605299905360588}, "datetime": {"datetime": "2024-06-13 22:26:34", "elapsed": 1.120204, "delta": 0.002992}}
{"target": -1603.2642017520297, "params": {"gamma": 6.717626118389386, "lr": 0.35242963021640883}, "datetime": {"datetime": "2024-06-13 22:26:34", "elapsed": 1.124193, "delta": 0.003989}}
{"target": -2265.4857116279213, "params": {"gamma": 8.558427844172023, "lr": 0.1950374860087073}, "datetime": {"datetime": "2024-06-13 22:26:34", "elapsed": 1.128182, "delta": 0.003989}}
{"target": -1746.5837615715493, "params": {"gamma": 7.473460782508901, "lr": 0.2896027461868774}, "datetime": {"datetime": "2024-06-13 22:26:34", "elapsed": 1.132174, "delta": 0.003992}}
{"target": -1679.5366513615036, "params": {"gamma": 7.738219073154577, "lr": 0.4277373293360762}, "datetime": {"datetime": "2024-06-13 22:26:34", "elapsed": 1.137159, "delta": 0.004985}}
{"target": -1926.0409810894591, "params": {"gamma": 8.077176392712982, "lr": 0.3535348626679904}, "datetime": {"datetime": "2024-06-13 22:26:34", "elapsed": 1.142146, "delta": 0.004987}}
{"target": -558.8416747772237, "params": {"gamma": 2.137718683058182, "lr": 0.7672845084217665}, "datetime": {"datetime": "2024-06-13 22:26:34", "elapsed": 1.146135, "delta": 0.003989}}
{"target": -775.1146946674345, "params": {"gamma": 3.0871108343588807, "lr": 0.7332450677264275}, "datetime": {"datetime": "2024-06-13 22:26:34", "elapsed": 1.149127, "delta": 0.002992}}
{"target": -1889.6056884827524, "params": {"gamma": 7.444987057624244, "lr": 0.22139670090820107}, "datetime": {"datetime": "2024-06-13 22:26:34", "elapsed": 1.153116, "delta": 0.003989}}
{"target": -584.3552739687641, "params": {"gamma": 2.141907256069664, "lr": 0.1989479234270667}, "datetime": {"datetime": "2024-06-13 22:26:34", "elapsed": 1.157134, "delta": 0.004018}}
{"target": -362.39738346972007, "params": {"gamma": 1.4260408593206808, "lr": 0.3770825992073341}, "datetime": {"datetime": "2024-06-13 22:26:34", "elapsed": 1.160126, "delta": 0.002992}}
{"target": -169.02778846517347, "params": {"gamma": 0.26725221903152313, "lr": 0.11092036903424063}, "datetime": {"datetime": "2024-06-13 22:26:34", "elapsed": 1.164086, "delta": 0.00396}}
{"target": -1686.184846372163, "params": {"gamma": 6.745965673610343, "lr": 0.7997765368973863}, "datetime": {"datetime": "2024-06-13 22:26:34", "elapsed": 1.169073, "delta": 0.004987}}
{"target": -237.90123372532798, "params": {"gamma": 0.8062147417567307, "lr": 0.23170231048579204}, "datetime": {"datetime": "2024-06-13 22:26:34", "elapsed": 1.173103, "delta": 0.00403}}
{"target": -598.6500877143752, "params": {"gamma": 2.0770489923763398, "lr": 0.9173335630816306}, "datetime": {"datetime": "2024-06-13 22:26:34", "elapsed": 1.177085, "delta": 0.003982}}
{"target": -1559.263689918813, "params": {"gamma": 7.113433866846732, "lr": 0.5538846110514143}, "datetime": {"datetime": "2024-06-13 22:26:34", "elapsed": 1.18207, "delta": 0.004985}}
{"target": -824.5019459501433, "params": {"gamma": 3.0458753612182816, "lr": 0.8348540476317985}, "datetime": {"datetime": "2024-06-13 22:26:34", "elapsed": 1.186088, "delta": 0.004018}}
{"target": -1218.703735853022, "params": {"gamma": 4.353624270337571, "lr": 0.9234562151187752}, "datetime": {"datetime": "2024-06-13 22:26:34", "elapsed": 1.190049, "delta": 0.003961}}
{"target": -1549.0973279991676, "params": {"gamma": 7.0608119915549965, "lr": 0.47803130796528337}, "datetime": {"datetime": "2024-06-13 22:26:34", "elapsed": 1.194068, "delta": 0.004019}}
{"target": -383.985505874466, "params": {"gamma": 1.2629748273898376, "lr": 0.9760435504677476}, "datetime": {"datetime": "2024-06-13 22:26:34", "elapsed": 1.198028, "delta": 0.00396}}
{"target": -433.0412532317592, "params": {"gamma": 1.5991766697905894, "lr": 0.2026021252196626}, "datetime": {"datetime": "2024-06-13 22:26:34", "elapsed": 1.203045, "delta": 0.005017}}
{"target": -942.5694041285295, "params": {"gamma": 4.312386369848549, "lr": 0.40420190577514725}, "datetime": {"datetime": "2024-06-13 22:26:34", "elapsed": 1.207033, "delta": 0.003988}}
{"target": -393.2288923443862, "params": {"gamma": 1.4683680561621768, "lr": 0.7293189193611234}, "datetime": {"datetime": "2024-06-13 22:26:34", "elapsed": 1.210025, "delta": 0.002992}}
{"target": -464.1282247784532, "params": {"gamma": 1.8882619237049822, "lr": 0.6438956443116628}, "datetime": {"datetime": "2024-06-13 22:26:34", "elapsed": 1.213986, "delta": 0.003961}}
{"target": -1914.2767644099977, "params": {"gamma": 7.543305199812411, "lr": 0.21073239208332073}, "datetime": {"datetime": "2024-06-13 22:26:34", "elapsed": 1.218003, "delta": 0.004017}}
{"target": -1479.3549636427715, "params": {"gamma": 6.0099415268282925, "lr": 0.7489283752458364}, "datetime": {"datetime": "2024-06-13 22:26:34", "elapsed": 1.222961, "delta": 0.004958}}
{"target": -1443.6823397955611, "params": {"gamma": 6.382548887492715, "lr": 0.5971273029466491}, "datetime": {"datetime": "2024-06-13 22:26:34", "elapsed": 1.227947, "delta": 0.004986}}
{"target": -743.6206995383931, "params": {"gamma": 2.955527374269315, "lr": 0.7316064712415088}, "datetime": {"datetime": "2024-06-13 22:26:34", "elapsed": 1.233931, "delta": 0.005984}}
{"target": -2049.0007072481367, "params": {"gamma": 9.453139091559498, "lr": 0.42556139026154693}, "datetime": {"datetime": "2024-06-13 22:26:34", "elapsed": 1.237921, "delta": 0.00399}}
{"target": -2570.717690005331, "params": {"gamma": 7.822035986497222, "lr": 0.056141039661915304}, "datetime": {"datetime": "2024-06-13 22:26:34", "elapsed": 1.240913, "delta": 0.002992}}
{"target": -2211.434579153646, "params": {"gamma": 8.35288075329717, "lr": 0.1922500168221477}, "datetime": {"datetime": "2024-06-13 22:26:34", "elapsed": 1.244903, "delta": 0.00399}}
{"target": -920.2848952916949, "params": {"gamma": 3.951573592030842, "lr": 0.30008104592535645}, "datetime": {"datetime": "2024-06-13 22:26:34", "elapsed": 1.248892, "delta": 0.003989}}
{"target": -267.8252086796177, "params": {"gamma": 0.8019563344166869, "lr": 0.9046310029362429}, "datetime": {"datetime": "2024-06-13 22:26:34", "elapsed": 1.252463, "delta": 0.003571}}
{"target": -824.6041866815383, "params": {"gamma": 3.702171621359829, "lr": 0.5306974384761395}, "datetime": {"datetime": "2024-06-13 22:26:34", "elapsed": 1.256452, "delta": 0.003989}}
{"target": -1585.8823725900313, "params": {"gamma": 4.941668542697355, "lr": 0.13216114194293815}, "datetime": {"datetime": "2024-06-13 22:26:34", "elapsed": 1.259444, "delta": 0.002992}}
{"target": -711.9643092348765, "params": {"gamma": 2.0653341348354406, "lr": 0.07618880903232117}, "datetime": {"datetime": "2024-06-13 22:26:34", "elapsed": 1.263434, "delta": 0.00399}}
{"target": -1170.0723356146511, "params": {"gamma": 5.07970907775293, "lr": 0.2615495518329871}, "datetime": {"datetime": "2024-06-13 22:26:34", "elapsed": 1.267423, "delta": 0.003989}}
{"target": -1165.5100336910655, "params": {"gamma": 3.5712590272190368, "lr": 0.10806532869723684}, "datetime": {"datetime": "2024-06-13 22:26:34", "elapsed": 1.270414, "delta": 0.002991}}
{"target": -2545.5314509467435, "params": {"gamma": 7.87573084468542, "lr": 0.1065838767888011}, "datetime": {"datetime": "2024-06-13 22:26:34", "elapsed": 1.274406, "delta": 0.003992}}
{"target": -2879.5380249217274, "params": {"gamma": 9.857102528308165, "lr": 0.17716116443841734}, "datetime": {"datetime": "2024-06-13 22:26:34", "elapsed": 1.278395, "delta": 0.003989}}
{"target": -1892.352634663049, "params": {"gamma": 5.724478719234059, "lr": 0.044845334589088126}, "datetime": {"datetime": "2024-06-13 22:26:34", "elapsed": 1.281388, "delta": 0.002993}}
{"target": -2084.8213301368487, "params": {"gamma": 7.871375780268687, "lr": 0.18960594781829654}, "datetime": {"datetime": "2024-06-13 22:26:34", "elapsed": 1.287371, "delta": 0.005983}}
{"target": -1302.9252382937098, "params": {"gamma": 5.279511880102859, "lr": 0.7400775431590716}, "datetime": {"datetime": "2024-06-13 22:26:34", "elapsed": 1.292359, "delta": 0.004988}}
{"target": -357.34870844383914, "params": {"gamma": 1.5001649176876422, "lr": 0.5510871741869717}, "datetime": {"datetime": "2024-06-13 22:26:34", "elapsed": 1.297345, "delta": 0.004986}}
{"target": -565.8712865181182, "params": {"gamma": 2.1669554660794654, "lr": 0.7591960493171447}, "datetime": {"datetime": "2024-06-13 22:26:34", "elapsed": 1.301955, "delta": 0.00461}}
{"target": -2114.988047327497, "params": {"gamma": 7.229429020368581, "lr": 0.17654903427708302}, "datetime": {"datetime": "2024-06-13 22:26:34", "elapsed": 1.305944, "delta": 0.003989}}
{"target": -2828.7656373785762, "params": {"gamma": 8.619803610113067, "lr": 0.019775099516344263}, "datetime": {"datetime": "2024-06-13 22:26:34", "elapsed": 1.309934, "delta": 0.00399}}
{"target": -1882.869535063743, "params": {"gamma": 8.60250973723373, "lr": 0.5589038111609383}, "datetime": {"datetime": "2024-06-13 22:26:34", "elapsed": 1.312926, "delta": 0.002992}}
{"target": -1020.0644579613912, "params": {"gamma": 4.032801500586387, "lr": 0.7587469310223366}, "datetime": {"datetime": "2024-06-13 22:26:34", "elapsed": 1.316916, "delta": 0.00399}}
{"target": -1992.9554572121026, "params": {"gamma": 7.169573087923007, "lr": 0.9873261748084265}, "datetime": {"datetime": "2024-06-13 22:26:34", "elapsed": 1.320905, "delta": 0.003989}}
{"target": -942.0712754760015, "params": {"gamma": 2.7815724010812146, "lr": 0.0037936724093425855}, "datetime": {"datetime": "2024-06-13 22:26:34", "elapsed": 1.324895, "delta": 0.00399}}
{"target": -2499.9085215387786, "params": {"gamma": 9.339092180540563, "lr": 0.8578971045378938}, "datetime": {"datetime": "2024-06-13 22:26:34", "elapsed": 1.328883, "delta": 0.003988}}
{"target": -1603.8743783401765, "params": {"gamma": 7.28877992431504, "lr": 0.5166887829215384}, "datetime": {"datetime": "2024-06-13 22:26:34", "elapsed": 1.331875, "delta": 0.002992}}
{"target": -1765.8075147575323, "params": {"gamma": 7.069855496242362, "lr": 0.7805295568767427}, "datetime": {"datetime": "2024-06-13 22:26:34", "elapsed": 1.335864, "delta": 0.003989}}
{"target": -950.6826288448292, "params": {"gamma": 3.749384559425057, "lr": 0.7703225253299576}, "datetime": {"datetime": "2024-06-13 22:26:34", "elapsed": 1.339854, "delta": 0.00399}}
{"target": -1724.9541598570218, "params": {"gamma": 7.506492567432579, "lr": 0.6132112115442597}, "datetime": {"datetime": "2024-06-13 22:26:34", "elapsed": 1.343843, "delta": 0.003989}}
{"target": -965.87360173338, "params": {"gamma": 4.019257373754407, "lr": 0.6973080192643409}, "datetime": {"datetime": "2024-06-13 22:26:34", "elapsed": 1.346836, "delta": 0.002993}}
{"target": -146.65451135830568, "params": {"gamma": 0.032125465394095866, "lr": 0.7748966467245978}, "datetime": {"datetime": "2024-06-13 22:26:34", "elapsed": 1.351822, "delta": 0.004986}}
{"target": -2111.2297760880797, "params": {"gamma": 8.964269607966013, "lr": 0.23931570743750463}, "datetime": {"datetime": "2024-06-13 22:26:34", "elapsed": 1.354814, "delta": 0.002992}}
{"target": -340.9606241919954, "params": {"gamma": 1.208551075907988, "lr": 0.2202839877937276}, "datetime": {"datetime": "2024-06-13 22:26:34", "elapsed": 1.358803, "delta": 0.003989}}
{"target": -836.9389403716096, "params": {"gamma": 3.021665216169693, "lr": 0.8830285085638342}, "datetime": {"datetime": "2024-06-13 22:26:34", "elapsed": 1.362792, "delta": 0.003989}}
{"target": -1275.324128320162, "params": {"gamma": 5.432121135950708, "lr": 0.2867116496064306}, "datetime": {"datetime": "2024-06-13 22:26:34", "elapsed": 1.366782, "delta": 0.00399}}
{"target": -353.07951168565523, "params": {"gamma": 1.3844085432396722, "lr": 0.29014446310454167}, "datetime": {"datetime": "2024-06-13 22:26:34", "elapsed": 1.370771, "delta": 0.003989}}
