{"target": -123.33063954231272, "params": {"p_ai": 1.7855415885478882, "p_al": 8.513224576444088, "p_ex": 9.8839813130555, "prior": 4.505169697198107, "rate": 3.0802934792591}, "datetime": {"datetime": "2024-06-13 01:52:35", "elapsed": 123.591484, "delta": 0.109753}}
{"target": -260.62323315989136, "params": {"p_ai": 9.124683586378131, "p_al": 2.199352444759846, "p_ex": 9.88264881287327, "prior": 4.016014561459776, "rate": 0.9232440433930157}, "datetime": {"datetime": "2024-06-13 01:52:35", "elapsed": 123.698198, "delta": 0.106714}}
{"target": -158.83343731971055, "params": {"p_ai": 1.368611993565815, "p_al": 4.771246207156717, "p_ex": 0.610416790815096, "prior": 2.519602463648642, "rate": 7.950227595281238}, "datetime": {"datetime": "2024-06-13 01:52:36", "elapsed": 123.806908, "delta": 0.10871}}
{"target": -309.69691302651734, "params": {"p_ai": 7.853533926637729, "p_al": 8.108387517165163, "p_ex": 0.4635818527703097, "prior": 7.664723550746957, "rate": 8.068658621836198}, "datetime": {"datetime": "2024-06-13 01:52:36", "elapsed": 123.913622, "delta": 0.106714}}
{"target": -130.50710392013224, "params": {"p_ai": 0.1614807233633352, "p_al": 3.9138880156429727, "p_ex": 8.655905140222567, "prior": 9.58478787486283, "rate": 9.195999821230458}, "datetime": {"datetime": "2024-06-13 01:52:36", "elapsed": 124.02184, "delta": 0.108218}}
{"target": -185.1134019972187, "params": {"p_ai": 5.470332354994583, "p_al": 3.0999028075571977, "p_ex": 5.8930606960830385, "prior": 5.960308888277244, "rate": 6.645853962048891}, "datetime": {"datetime": "2024-06-13 01:52:36", "elapsed": 124.129552, "delta": 0.107712}}
{"target": -340.58082030394655, "params": {"p_ai": 5.908559431560412, "p_al": 8.680686431625688, "p_ex": 3.740404346465307, "prior": 2.440921336719614, "rate": 0.20584523782095557}, "datetime": {"datetime": "2024-06-13 01:52:36", "elapsed": 124.236506, "delta": 0.106954}}
{"target": -143.01239450243924, "params": {"p_ai": 2.3276534032092466, "p_al": 1.6168548897981316, "p_ex": 2.382365800220145, "prior": 8.809750700685962, "rate": 7.316262724399225}, "datetime": {"datetime": "2024-06-13 01:52:36", "elapsed": 124.34371, "delta": 0.107204}}
{"target": -153.23701571438656, "params": {"p_ai": 2.4346474261497026, "p_al": 7.93074966579814, "p_ex": 5.441664410992642, "prior": 4.065455958505244, "rate": 2.0588168270783345}, "datetime": {"datetime": "2024-06-13 01:52:36", "elapsed": 124.452422, "delta": 0.108712}}
{"target": -157.5896097621541, "params": {"p_ai": 3.108008070878094, "p_al": 0.7933859337786535, "p_ex": 2.3370014693504007, "prior": 6.6578482115211814, "rate": 3.510850519903707}, "datetime": {"datetime": "2024-06-13 01:52:36", "elapsed": 124.559838, "delta": 0.107416}}
{"target": -268.46666471115395, "params": {"p_ai": 8.197382234314826, "p_al": 6.611887853176512, "p_ex": 6.243886676338824, "prior": 4.203358120025224, "rate": 6.450377826362334}, "datetime": {"datetime": "2024-06-13 01:52:36", "elapsed": 124.666555, "delta": 0.106717}}
{"target": -291.7769993940035, "params": {"p_ai": 8.748431716742354, "p_al": 3.1134152627298404, "p_ex": 3.4281775202831715, "prior": 8.486942886026812, "rate": 5.2994112343421165}, "datetime": {"datetime": "2024-06-13 01:52:36", "elapsed": 124.77379, "delta": 0.107235}}
{"target": -324.8111483410903, "params": {"p_ai": 9.2369571839855, "p_al": 1.876341924396167, "p_ex": 2.149517739976633, "prior": 8.624724998574818, "rate": 0.9958043191607387}, "datetime": {"datetime": "2024-06-13 01:52:37", "elapsed": 124.880862, "delta": 0.107072}}
{"target": -193.63059037014415, "params": {"p_ai": 4.717152090529902, "p_al": 8.394196189191932, "p_ex": 6.937672299169015, "prior": 4.622952603534849, "rate": 1.6528197430089593}, "datetime": {"datetime": "2024-06-13 01:52:37", "elapsed": 124.990599, "delta": 0.109737}}
{"target": -314.0970303199332, "params": {"p_ai": 5.508608102481257, "p_al": 9.879798710108535, "p_ex": 8.051770289111666, "prior": 0.5502334117385274, "rate": 7.109572833570658}, "datetime": {"datetime": "2024-06-13 01:52:37", "elapsed": 125.097284, "delta": 0.106685}}
{"target": -282.9702313299304, "params": {"p_ai": 9.766186129405565, "p_al": 1.9345458616173425, "p_ex": 9.564120655508974, "prior": 2.3342221271842782, "rate": 8.194158826769996}, "datetime": {"datetime": "2024-06-13 01:52:37", "elapsed": 125.204135, "delta": 0.106851}}
{"target": -138.3839173340299, "params": {"p_ai": 1.495037423229105, "p_al": 5.141533276633489, "p_ex": 3.64078281665956, "prior": 6.707204581969504, "rate": 1.7919917859267813}, "datetime": {"datetime": "2024-06-13 01:52:37", "elapsed": 125.311368, "delta": 0.107233}}
{"target": -198.65782114818663, "params": {"p_ai": 5.7979036601822145, "p_al": 0.02523445285068334, "p_ex": 4.257116698087814, "prior": 5.158416296806499, "rate": 8.378128201572276}, "datetime": {"datetime": "2024-06-13 01:52:37", "elapsed": 125.418083, "delta": 0.106715}}
{"target": -232.5428786897046, "params": {"p_ai": 7.5766190001251745, "p_al": 0.9198244994151032, "p_ex": 6.250711640076693, "prior": 6.600368859135195, "rate": 7.340553331594224}, "datetime": {"datetime": "2024-06-13 01:52:37", "elapsed": 125.525312, "delta": 0.107229}}
{"target": -182.25321606569787, "params": {"p_ai": 5.54904548691878, "p_al": 1.0744477434963486, "p_ex": 6.403837458691426, "prior": 6.705637999047665, "rate": 2.501819808528308}, "datetime": {"datetime": "2024-06-13 01:52:37", "elapsed": 125.632928, "delta": 0.107616}}
{"target": -276.41668653437654, "params": {"p_ai": 9.48280432589309, "p_al": 4.527038501594155, "p_ex": 8.667289673190226, "prior": 6.5311578451151915, "rate": 6.165734558182161}, "datetime": {"datetime": "2024-06-13 01:52:37", "elapsed": 125.74064, "delta": 0.107712}}
{"target": -175.2046798530126, "params": {"p_ai": 5.494459397091557, "p_al": 6.4760270347112066, "p_ex": 8.443508165581074, "prior": 7.76901135554614, "rate": 6.726602036977152}, "datetime": {"datetime": "2024-06-13 01:52:38", "elapsed": 125.847989, "delta": 0.107349}}
{"target": -122.25288183500503, "params": {"p_ai": 0.31942149138614195, "p_al": 0.08793902853284469, "p_ex": 3.5860179122930487, "prior": 0.30730757815686666, "rate": 5.178956684935004}, "datetime": {"datetime": "2024-06-13 01:52:38", "elapsed": 125.955701, "delta": 0.107712}}
{"target": -145.39380773391497, "params": {"p_ai": 0.036535454134401193, "p_al": 4.80782326402619, "p_ex": 3.7767085158141884, "prior": 9.57468291548391, "rate": 0.5594796463757505}, "datetime": {"datetime": "2024-06-13 01:52:38", "elapsed": 126.062921, "delta": 0.10722}}
{"target": -140.06223119712547, "params": {"p_ai": 0.6528445415627977, "p_al": 8.492816205896958, "p_ex": 7.95278352446082, "prior": 9.35852567556453, "rate": 0.7832882493134576}, "datetime": {"datetime": "2024-06-13 01:52:38", "elapsed": 126.170187, "delta": 0.107266}}
{"target": -227.6247938980556, "params": {"p_ai": 6.201377645038051, "p_al": 5.144534332910894, "p_ex": 3.2164188746044267, "prior": 6.108503694482293, "rate": 9.180859807063097}, "datetime": {"datetime": "2024-06-13 01:52:38", "elapsed": 126.280147, "delta": 0.10996}}
{"target": -132.83289730877405, "params": {"p_ai": 0.6265924993176286, "p_al": 6.597601675698143, "p_ex": 2.8524298927798304, "prior": 4.05507146708443, "rate": 8.497095650065528}, "datetime": {"datetime": "2024-06-13 01:52:38", "elapsed": 126.387409, "delta": 0.107262}}
{"target": -127.10603185503824, "params": {"p_ai": 1.2181733242743553, "p_al": 8.429867764940202, "p_ex": 4.043023200888809, "prior": 9.838890899842271, "rate": 9.180238599391384}, "datetime": {"datetime": "2024-06-13 01:52:38", "elapsed": 126.495122, "delta": 0.107713}}
{"target": -185.79966675912053, "params": {"p_ai": 4.077336153001339, "p_al": 2.9799051606075775, "p_ex": 2.210242885260159, "prior": 2.178141660255354, "rate": 7.687611904401776}, "datetime": {"datetime": "2024-06-13 01:52:38", "elapsed": 126.602478, "delta": 0.107356}}
{"target": -330.58393683045506, "params": {"p_ai": 7.554669376147851, "p_al": 9.782554060479685, "p_ex": 0.8340144091003872, "prior": 2.20261362016969, "rate": 9.837125648386799}, "datetime": {"datetime": "2024-06-13 01:52:38", "elapsed": 126.709703, "delta": 0.107225}}
{"target": -210.05988034985407, "params": {"p_ai": 5.464197414132971, "p_al": 5.537150485250019, "p_ex": 3.4883611819824956, "prior": 7.038160573017834, "rate": 4.998138049601288}, "datetime": {"datetime": "2024-06-13 01:52:39", "elapsed": 126.816776, "delta": 0.107073}}
{"target": -237.6639400397442, "params": {"p_ai": 4.695463118034527, "p_al": 5.4981786729584625, "p_ex": 0.25277683452447997, "prior": 5.313075133078175, "rate": 1.3305126437765193}, "datetime": {"datetime": "2024-06-13 01:52:39", "elapsed": 126.924934, "delta": 0.108158}}
{"target": -145.58354332135335, "params": {"p_ai": 4.589832013123402, "p_al": 0.8236297527845414, "p_ex": 8.88972752955972, "prior": 3.7848776219177442, "rate": 4.304116749507192}, "datetime": {"datetime": "2024-06-13 01:52:39", "elapsed": 127.032882, "delta": 0.107948}}
{"target": -234.88670030866712, "params": {"p_ai": 7.42086975507282, "p_al": 1.5585894193146912, "p_ex": 5.750661895522346, "prior": 5.110966459574796, "rate": 3.6836674731700536}, "datetime": {"datetime": "2024-06-13 01:52:39", "elapsed": 127.139673, "delta": 0.106791}}
{"target": -238.6262674619226, "params": {"p_ai": 6.833671828543643, "p_al": 7.9450675417095376, "p_ex": 4.677377247445764, "prior": 6.273883706867163, "rate": 9.125478629073205}, "datetime": {"datetime": "2024-06-13 01:52:39", "elapsed": 127.247455, "delta": 0.107782}}
{"target": -163.3928931970529, "params": {"p_ai": 4.570261651531608, "p_al": 1.3510644515976318, "p_ex": 5.432787710600775, "prior": 4.300850527874765, "rate": 7.6833624868607115}, "datetime": {"datetime": "2024-06-13 01:52:39", "elapsed": 127.355527, "delta": 0.108072}}
{"target": -259.0875982116093, "params": {"p_ai": 7.9769484337322085, "p_al": 1.719287872743418, "p_ex": 4.379951424269699, "prior": 2.6689431273447055, "rate": 9.54693755681465}, "datetime": {"datetime": "2024-06-13 01:52:39", "elapsed": 127.463745, "delta": 0.108218}}
{"target": -302.8835017195204, "params": {"p_ai": 9.368784466603346, "p_al": 4.344053171062984, "p_ex": 4.310675867474359, "prior": 7.465025027815888, "rate": 5.960163519806027}, "datetime": {"datetime": "2024-06-13 01:52:39", "elapsed": 127.570797, "delta": 0.107052}}
{"target": -119.58136324682319, "params": {"p_ai": 2.5914507949566294, "p_al": 4.832217482249796, "p_ex": 8.901193658424264, "prior": 6.815859364103486, "rate": 5.631702156360547}, "datetime": {"datetime": "2024-06-13 01:52:39", "elapsed": 127.678771, "delta": 0.107974}}
{"target": -259.4301363799099, "params": {"p_ai": 8.767662490335308, "p_al": 2.763487550262558, "p_ex": 9.968477906522146, "prior": 1.9991984933975355, "rate": 8.398095485642296}, "datetime": {"datetime": "2024-06-13 01:52:39", "elapsed": 127.786702, "delta": 0.107931}}
{"target": -282.48486865735833, "params": {"p_ai": 7.423677265955892, "p_al": 8.640675120134116, "p_ex": 5.849590827242212, "prior": 2.324580257505538, "rate": 4.835715793215803}, "datetime": {"datetime": "2024-06-13 01:52:40", "elapsed": 127.894415, "delta": 0.107713}}
{"target": -332.79348843241496, "params": {"p_ai": 8.623889760611993, "p_al": 7.9782472422770105, "p_ex": 1.7359318579858802, "prior": 9.922107078907667, "rate": 0.30509199963247896}, "datetime": {"datetime": "2024-06-13 01:52:40", "elapsed": 128.001129, "delta": 0.106714}}
{"target": -175.12045928831452, "params": {"p_ai": 3.9270919843333023, "p_al": 7.544258751962611, "p_ex": 9.737423089296351, "prior": 1.4221242946982606, "rate": 9.240481445983646}, "datetime": {"datetime": "2024-06-13 01:52:40", "elapsed": 128.107844, "delta": 0.106715}}
{"target": -144.51225865523008, "params": {"p_ai": 2.1910205215764544, "p_al": 5.526832829595483, "p_ex": 4.328641890073879, "prior": 8.080742990009732, "rate": 1.3865572395397008}, "datetime": {"datetime": "2024-06-13 01:52:40", "elapsed": 128.215709, "delta": 0.107865}}
{"target": -145.2549889186011, "params": {"p_ai": 1.909508341737192, "p_al": 5.6755575331194175, "p_ex": 2.1003068821380864, "prior": 8.800046492896152, "rate": 5.783951692141619}, "datetime": {"datetime": "2024-06-13 01:52:40", "elapsed": 128.323421, "delta": 0.107712}}
{"target": -327.54216664513154, "params": {"p_ai": 9.11763929464358, "p_al": 7.643651482024123, "p_ex": 4.749956447996781, "prior": 6.924390576051481, "rate": 0.5989622103785784}, "datetime": {"datetime": "2024-06-13 01:52:40", "elapsed": 128.430904, "delta": 0.107483}}
{"target": -321.8211156032906, "params": {"p_ai": 6.3129540540322955, "p_al": 9.840488596571019, "p_ex": 1.1947254178184115, "prior": 4.516215172846799, "rate": 0.186320913059088}, "datetime": {"datetime": "2024-06-13 01:52:40", "elapsed": 128.543603, "delta": 0.112699}}
{"target": -224.74155646028086, "params": {"p_ai": 6.881590456377558, "p_al": 0.19520689181535128, "p_ex": 4.553266930065085, "prior": 2.192284951246659, "rate": 8.072347745473287}, "datetime": {"datetime": "2024-06-13 01:52:40", "elapsed": 128.650692, "delta": 0.107089}}
{"target": -236.31799685340658, "params": {"p_ai": 6.45672843017831, "p_al": 6.663022020111727, "p_ex": 5.49936117147423, "prior": 2.505213584343981, "rate": 8.157094551477481}, "datetime": {"datetime": "2024-06-13 01:52:40", "elapsed": 128.758404, "delta": 0.107712}}
{"target": -275.5128590056596, "params": {"p_ai": 8.801319434535824, "p_al": 4.383732672865362, "p_ex": 5.863711820741532, "prior": 6.243379942629359, "rate": 7.2763279918173565}, "datetime": {"datetime": "2024-06-13 01:52:41", "elapsed": 128.866117, "delta": 0.107713}}
{"target": -194.38197820466561, "params": {"p_ai": 5.909446588136741, "p_al": 8.066169168171944, "p_ex": 8.241056701548581, "prior": 5.56594710415588, "rate": 8.829655088096155}, "datetime": {"datetime": "2024-06-13 01:52:41", "elapsed": 128.973859, "delta": 0.107742}}
{"target": -140.0464937645233, "params": {"p_ai": 2.030183481832614, "p_al": 4.136740721638024, "p_ex": 6.301468383632087, "prior": 1.026624399024025, "rate": 7.186717564230962}, "datetime": {"datetime": "2024-06-13 01:52:41", "elapsed": 129.080619, "delta": 0.10676}}
{"target": -189.59183745104605, "params": {"p_ai": 4.797353694402805, "p_al": 3.7905593772416504, "p_ex": 4.519015226631978, "prior": 3.6764939669400882, "rate": 2.396140900867299}, "datetime": {"datetime": "2024-06-13 01:52:41", "elapsed": 129.187368, "delta": 0.106749}}
{"target": -411.6285584807864, "params": {"p_ai": 9.158808384961374, "p_al": 7.993823586812164, "p_ex": 3.3400662738532176, "prior": 1.691347664222673, "rate": 1.1671456351759943}, "datetime": {"datetime": "2024-06-13 01:52:41", "elapsed": 129.294613, "delta": 0.107245}}
{"target": -347.65152227613606, "params": {"p_ai": 7.953533147920134, "p_al": 7.020580256606766, "p_ex": 0.7532513187567459, "prior": 1.166823302672875, "rate": 9.138126532938669}, "datetime": {"datetime": "2024-06-13 01:52:41", "elapsed": 129.401327, "delta": 0.106714}}
{"target": -326.6171880034958, "params": {"p_ai": 8.697844167744172, "p_al": 2.920232491930596, "p_ex": 1.0208976946159853, "prior": 8.089104924003614, "rate": 0.2627104683380913}, "datetime": {"datetime": "2024-06-13 01:52:41", "elapsed": 129.508559, "delta": 0.107232}}
{"target": -205.82672120157298, "params": {"p_ai": 6.363840611525337, "p_al": 1.6017100608988064, "p_ex": 6.9165526625765725, "prior": 1.6810289418629691, "rate": 3.491138224246637}, "datetime": {"datetime": "2024-06-13 01:52:41", "elapsed": 129.615788, "delta": 0.107229}}
{"target": -141.2546989554334, "params": {"p_ai": 1.2217470762698304, "p_al": 2.8715832231230745, "p_ex": 1.2918445291131877, "prior": 4.634398325740474, "rate": 6.494427895595687}, "datetime": {"datetime": "2024-06-13 01:52:41", "elapsed": 129.724001, "delta": 0.108213}}
{"target": -157.8970039362225, "params": {"p_ai": 3.945711176055152, "p_al": 9.529632056090795, "p_ex": 7.5488990420267905, "prior": 5.444208932057693, "rate": 5.635665396494203}, "datetime": {"datetime": "2024-06-13 01:52:42", "elapsed": 129.831714, "delta": 0.107713}}
{"target": -287.4231921966912, "params": {"p_ai": 3.2067189291281246, "p_al": 5.1256851497310105, "p_ex": 7.578359160217539, "prior": 0.019094445132394236, "rate": 4.806438381858799}, "datetime": {"datetime": "2024-06-13 01:52:42", "elapsed": 129.939428, "delta": 0.107714}}
{"target": -324.7791600860407, "params": {"p_ai": 9.041661253802573, "p_al": 8.49515263986085, "p_ex": 2.210733350081861, "prior": 7.362628184334368, "rate": 5.849151492900638}, "datetime": {"datetime": "2024-06-13 01:52:42", "elapsed": 130.047138, "delta": 0.10771}}
{"target": -273.7785888527738, "params": {"p_ai": 5.255835607120612, "p_al": 6.614783683990001, "p_ex": 6.321044057567672, "prior": 0.7151025607260231, "rate": 4.169005514761933}, "datetime": {"datetime": "2024-06-13 01:52:42", "elapsed": 130.155426, "delta": 0.108288}}
{"target": -146.65909910654784, "params": {"p_ai": 1.9937729109275177, "p_al": 7.006133824526521, "p_ex": 2.733830011362588, "prior": 4.36475792464087, "rate": 8.216434846465544}, "datetime": {"datetime": "2024-06-13 01:52:42", "elapsed": 130.262555, "delta": 0.107129}}
{"target": -291.9093270570801, "params": {"p_ai": 7.830846811027753, "p_al": 8.541747338132712, "p_ex": 4.791059397936408, "prior": 9.265020905257298, "rate": 0.31651532588659786}, "datetime": {"datetime": "2024-06-13 01:52:42", "elapsed": 130.371335, "delta": 0.10878}}
{"target": -272.0934007374117, "params": {"p_ai": 9.382894180194201, "p_al": 3.486939297026049, "p_ex": 8.128417943848676, "prior": 9.483262648120892, "rate": 8.918248902749156}, "datetime": {"datetime": "2024-06-13 01:52:42", "elapsed": 130.485058, "delta": 0.113723}}
{"target": -227.07735774972352, "params": {"p_ai": 6.980493154617331, "p_al": 6.702161211463432, "p_ex": 9.735806149757353, "prior": 4.651622241751715, "rate": 1.041066599814464}, "datetime": {"datetime": "2024-06-13 01:52:42", "elapsed": 130.591772, "delta": 0.106714}}
{"target": -148.36383217328532, "params": {"p_ai": 0.24245002232675625, "p_al": 8.813120742542266, "p_ex": 0.2628840047433559, "prior": 9.508329064990603, "rate": 5.699606506289468}, "datetime": {"datetime": "2024-06-13 01:52:42", "elapsed": 130.698765, "delta": 0.106993}}
{"target": -220.66400335273903, "params": {"p_ai": 6.576021749131163, "p_al": 9.09179504001318, "p_ex": 9.019620872778102, "prior": 3.9091594587470984, "rate": 6.125782177941578}, "datetime": {"datetime": "2024-06-13 01:52:43", "elapsed": 130.806478, "delta": 0.107713}}
{"target": -246.68244433224402, "params": {"p_ai": 5.218831682013069, "p_al": 8.17059517218126, "p_ex": 0.5627719463722749, "prior": 6.270127500862848, "rate": 4.297954011811012}, "datetime": {"datetime": "2024-06-13 01:52:43", "elapsed": 130.913065, "delta": 0.106587}}
{"target": -348.9077482516931, "params": {"p_ai": 8.609447038019638, "p_al": 6.878977413745697, "p_ex": 2.6109850302264275, "prior": 1.3432532705529092, "rate": 5.413875453092533}, "datetime": {"datetime": "2024-06-13 01:52:43", "elapsed": 131.020777, "delta": 0.107712}}
{"target": -279.0024170653519, "params": {"p_ai": 9.819012120756634, "p_al": 3.499722646397456, "p_ex": 9.954122077242438, "prior": 5.181234164226793, "rate": 1.904182550810897}, "datetime": {"datetime": "2024-06-13 01:52:43", "elapsed": 131.127541, "delta": 0.106764}}
{"target": -145.01933532511623, "params": {"p_ai": 0.30712590686761615, "p_al": 3.0309276516409356, "p_ex": 0.35174656833291573, "prior": 5.900921198720781, "rate": 7.0165037393658105}, "datetime": {"datetime": "2024-06-13 01:52:43", "elapsed": 131.234383, "delta": 0.106842}}
{"target": -274.16669584026505, "params": {"p_ai": 6.700208631568559, "p_al": 3.562742211934341, "p_ex": 1.1173356401792924, "prior": 6.413560588425594, "rate": 0.6329099655243793}, "datetime": {"datetime": "2024-06-13 01:52:43", "elapsed": 131.342095, "delta": 0.107712}}
{"target": -288.82012333421073, "params": {"p_ai": 6.443987648198351, "p_al": 8.353053532336451, "p_ex": 0.5725332547723604, "prior": 3.5593410688867464, "rate": 6.187575523511704}, "datetime": {"datetime": "2024-06-13 01:52:43", "elapsed": 131.448697, "delta": 0.106602}}
{"target": -203.4745940350633, "params": {"p_ai": 6.38636927872118, "p_al": 1.9801894893735854, "p_ex": 6.234005158129913, "prior": 5.575848835909828, "rate": 8.85729191957795}, "datetime": {"datetime": "2024-06-13 01:52:43", "elapsed": 131.555414, "delta": 0.106717}}
{"target": -262.30166092719213, "params": {"p_ai": 6.97055744473302, "p_al": 3.643266741262771, "p_ex": 2.254250283076692, "prior": 6.109480458106601, "rate": 2.556398171689667}, "datetime": {"datetime": "2024-06-13 01:52:43", "elapsed": 131.662682, "delta": 0.107268}}
{"target": -141.7230145430327, "params": {"p_ai": 0.7590572493322048, "p_al": 8.227198340682186, "p_ex": 2.280295035026282, "prior": 3.796148655644795, "rate": 8.465027322047543}, "datetime": {"datetime": "2024-06-13 01:52:43", "elapsed": 131.770958, "delta": 0.108276}}
{"target": -125.39853137325167, "params": {"p_ai": 1.0324033580838927, "p_al": 9.693928441604834, "p_ex": 5.228714566158481, "prior": 6.733691686640446, "rate": 7.315572776262529}, "datetime": {"datetime": "2024-06-13 01:52:44", "elapsed": 131.878472, "delta": 0.107514}}
{"target": -297.725846497659, "params": {"p_ai": 9.809807071293001, "p_al": 5.528017017073172, "p_ex": 6.9975437198086, "prior": 6.827180526705036, "rate": 6.30270117869245}, "datetime": {"datetime": "2024-06-13 01:52:44", "elapsed": 131.986212, "delta": 0.10774}}
{"target": -282.02445385743675, "params": {"p_ai": 7.993650272269142, "p_al": 3.4571993404763477, "p_ex": 4.819436430599305, "prior": 0.7821472683712241, "rate": 9.101148277456305}, "datetime": {"datetime": "2024-06-13 01:52:44", "elapsed": 132.092929, "delta": 0.106717}}
