{"target": -237.39744058166687, "params": {"p_ai": 5.316303075493122, "p_al": 6.792450289006991, "p_ex": 5.129238550757324, "prior": 2.991824334263695, "rate": 1.0547413426276626}, "datetime": {"datetime": "2024-06-13 01:51:17", "elapsed": 44.885301, "delta": 0.10732}}
{"target": -135.2265584858878, "params": {"p_ai": 2.8500365250757254, "p_al": 7.688759630029292, "p_ex": 6.40818626181401, "prior": 8.013505701328722, "rate": 5.171688199172296}, "datetime": {"datetime": "2024-06-13 01:51:17", "elapsed": 44.994979, "delta": 0.109678}}
{"target": -233.71211356157974, "params": {"p_ai": 2.321768118441504, "p_al": 6.279991307892046, "p_ex": 3.040750894733009, "prior": 0.29625792067526757, "rate": 9.03340843699194}, "datetime": {"datetime": "2024-06-13 01:51:17", "elapsed": 45.102392, "delta": 0.107413}}
{"target": -162.6807335204054, "params": {"p_ai": 4.2042753184590484, "p_al": 4.261881673466698, "p_ex": 7.412776101583259, "prior": 9.484635584653631, "rate": 0.7260827649265881}, "datetime": {"datetime": "2024-06-13 01:51:17", "elapsed": 45.209747, "delta": 0.107355}}
{"target": -136.13142512774294, "params": {"p_ai": 1.7278381802346168, "p_al": 3.224252533837974, "p_ex": 2.48499403905566, "prior": 4.9554543186305695, "rate": 8.244771648366036}, "datetime": {"datetime": "2024-06-13 01:51:17", "elapsed": 45.316121, "delta": 0.106374}}
{"target": -321.82245527102765, "params": {"p_ai": 8.539870177006817, "p_al": 5.958703590644958, "p_ex": 2.4024971645768356, "prior": 1.86574039003858, "rate": 7.434161733507989}, "datetime": {"datetime": "2024-06-13 01:51:17", "elapsed": 45.423241, "delta": 0.10712}}
{"target": -142.53381609317816, "params": {"p_ai": 2.372903362377833, "p_al": 5.395369418374571, "p_ex": 7.493058590484791, "prior": 2.283262797049244, "rate": 1.7458373745398674}, "datetime": {"datetime": "2024-06-13 01:51:17", "elapsed": 45.537934, "delta": 0.114693}}
{"target": -123.1796125886137, "params": {"p_ai": 0.39831713007193664, "p_al": 1.4765408081617755, "p_ex": 8.51453763056296, "prior": 1.0472544815378406, "rate": 2.2372268102276505}, "datetime": {"datetime": "2024-06-13 01:51:17", "elapsed": 45.644648, "delta": 0.106714}}
{"target": -145.79915011558566, "params": {"p_ai": 0.32853924026002534, "p_al": 6.763889997877335, "p_ex": 2.317799711505731, "prior": 4.136503586299842, "rate": 1.393872412065944}, "datetime": {"datetime": "2024-06-13 01:51:17", "elapsed": 45.751363, "delta": 0.106715}}
{"target": -173.54029425320968, "params": {"p_ai": 3.772795658827454, "p_al": 4.244950224929914, "p_ex": 4.730176553648271, "prior": 4.228995288573093, "rate": 1.028462882177769}, "datetime": {"datetime": "2024-06-13 01:51:18", "elapsed": 45.858567, "delta": 0.107204}}
{"target": -256.0555463707603, "params": {"p_ai": 7.72603008604881, "p_al": 1.3729228288956241, "p_ex": 4.243499450883795, "prior": 2.7202891684153423, "rate": 3.0107784228559833}, "datetime": {"datetime": "2024-06-13 01:51:18", "elapsed": 45.966279, "delta": 0.107712}}
{"target": -265.5203570517608, "params": {"p_ai": 6.72453530509174, "p_al": 5.178349451410332, "p_ex": 1.9016804177489257, "prior": 4.691875263893938, "rate": 3.396069147094239}, "datetime": {"datetime": "2024-06-13 01:51:18", "elapsed": 46.072994, "delta": 0.106715}}
{"target": -208.4941490853102, "params": {"p_ai": 7.045267485283013, "p_al": 2.2617259291230574, "p_ex": 8.450036385446094, "prior": 5.262770419251413, "rate": 5.006695109657969}, "datetime": {"datetime": "2024-06-13 01:51:18", "elapsed": 46.179296, "delta": 0.106302}}
{"target": -141.9039907700702, "params": {"p_ai": 2.537604383069914, "p_al": 1.8623705416969032, "p_ex": 4.7187188083132305, "prior": 9.818262353834747, "rate": 1.3299294703806088}, "datetime": {"datetime": "2024-06-13 01:51:18", "elapsed": 46.286726, "delta": 0.10743}}
{"target": -158.83841743878585, "params": {"p_ai": 2.8353408618481435, "p_al": 8.006611101660276, "p_ex": 6.648104208209039, "prior": 2.788305328525677, "rate": 3.1471614201443434}, "datetime": {"datetime": "2024-06-13 01:51:18", "elapsed": 46.393441, "delta": 0.106715}}
{"target": -151.22921285657284, "params": {"p_ai": 4.200062595764889, "p_al": 6.028264835660719, "p_ex": 7.193668333443535, "prior": 8.573146034178855, "rate": 6.811433593113639}, "datetime": {"datetime": "2024-06-13 01:51:18", "elapsed": 46.500021, "delta": 0.10658}}
{"target": -148.69015344491825, "params": {"p_ai": 2.370583662652512, "p_al": 9.257279632827263, "p_ex": 7.812172811356986, "prior": 3.0745074227980154, "rate": 3.0503514507789897}, "datetime": {"datetime": "2024-06-13 01:51:18", "elapsed": 46.606739, "delta": 0.106718}}
{"target": -268.19510788383593, "params": {"p_ai": 8.811802015970617, "p_al": 1.2616587254915876, "p_ex": 6.334974881523022, "prior": 2.7778496120017686, "rate": 8.272176051067923}, "datetime": {"datetime": "2024-06-13 01:51:18", "elapsed": 46.712874, "delta": 0.106135}}
{"target": -186.15340343409886, "params": {"p_ai": 3.645869952111327, "p_al": 7.3339275785938725, "p_ex": 1.9249864862469743, "prior": 4.814977529509854, "rate": 8.03614266968384}, "datetime": {"datetime": "2024-06-13 01:51:19", "elapsed": 46.819961, "delta": 0.107087}}
{"target": -147.4879304973757, "params": {"p_ai": 3.9704851285120673, "p_al": 1.6165788245210426, "p_ex": 6.490173244263826, "prior": 7.53350473313803, "rate": 2.8026461610955637}, "datetime": {"datetime": "2024-06-13 01:51:19", "elapsed": 46.935174, "delta": 0.115213}}
{"target": -157.61594810114212, "params": {"p_ai": 4.514167250462784, "p_al": 9.004588674948266, "p_ex": 8.719984326277993, "prior": 7.0721689102320395, "rate": 5.909415094304578}, "datetime": {"datetime": "2024-06-13 01:51:19", "elapsed": 47.041844, "delta": 0.10667}}
{"target": -345.37033564646316, "params": {"p_ai": 8.174005321700859, "p_al": 9.07653881635229, "p_ex": 0.026073089119563617, "prior": 3.972880434571384, "rate": 5.614535427501098}, "datetime": {"datetime": "2024-06-13 01:51:19", "elapsed": 47.149562, "delta": 0.107718}}
{"target": -243.8450975299708, "params": {"p_ai": 7.339497439712482, "p_al": 0.8756401490882502, "p_ex": 3.998150121820964, "prior": 2.796932173319039, "rate": 4.235677020998725}, "datetime": {"datetime": "2024-06-13 01:51:19", "elapsed": 47.25764, "delta": 0.108078}}
{"target": -188.27002611854044, "params": {"p_ai": 4.980288348100211, "p_al": 6.600492220036985, "p_ex": 4.962865153563822, "prior": 6.2050615378513, "rate": 5.824816179030337}, "datetime": {"datetime": "2024-06-13 01:51:19", "elapsed": 47.368941, "delta": 0.111301}}
{"target": -185.6309237950471, "params": {"p_ai": 4.2838956479905255, "p_al": 0.050758670747942644, "p_ex": 1.9459696221821587, "prior": 3.2027463362086017, "rate": 1.470634280423458}, "datetime": {"datetime": "2024-06-13 01:51:19", "elapsed": 47.476045, "delta": 0.107104}}
{"target": -221.11093429977183, "params": {"p_ai": 5.987040152182751, "p_al": 6.115383267119364, "p_ex": 5.001432502709699, "prior": 3.2091681671070447, "rate": 6.53292726219252}, "datetime": {"datetime": "2024-06-13 01:51:19", "elapsed": 47.583757, "delta": 0.107712}}
{"target": -115.36645465707497, "params": {"p_ai": 1.903644543307758, "p_al": 0.05980393346483768, "p_ex": 7.3496852448209316, "prior": 4.435594915197448, "rate": 6.978718718842435}, "datetime": {"datetime": "2024-06-13 01:51:19", "elapsed": 47.69147, "delta": 0.107713}}
{"target": -138.2443382389557, "params": {"p_ai": 1.851248453020123, "p_al": 0.6271354000371709, "p_ex": 3.78170775924343, "prior": 6.960269107944495, "rate": 1.0290808561757039}, "datetime": {"datetime": "2024-06-13 01:51:20", "elapsed": 47.79921, "delta": 0.10774}}
{"target": -134.4228713522213, "params": {"p_ai": 1.959146502516249, "p_al": 4.540072551414793, "p_ex": 6.211870747746768, "prior": 7.501492356441782, "rate": 1.0982404778352803}, "datetime": {"datetime": "2024-06-13 01:51:20", "elapsed": 47.905896, "delta": 0.106686}}
{"target": -215.42069455561347, "params": {"p_ai": 6.246611447949256, "p_al": 3.8742178609226636, "p_ex": 6.701233597109323, "prior": 2.036400216241354, "rate": 5.2796600565097815}, "datetime": {"datetime": "2024-06-13 01:51:20", "elapsed": 48.012717, "delta": 0.106821}}
{"target": -119.57547685362675, "params": {"p_ai": 1.722453387004371, "p_al": 0.18779137895775708, "p_ex": 4.870015513993148, "prior": 1.8425935878323698, "rate": 6.3837949567038725}, "datetime": {"datetime": "2024-06-13 01:51:20", "elapsed": 48.120614, "delta": 0.107897}}
{"target": -205.96435455768486, "params": {"p_ai": 5.366211618584989, "p_al": 7.74967885459746, "p_ex": 3.930206066439398, "prior": 9.894531856231692, "rate": 5.152631746924576}, "datetime": {"datetime": "2024-06-13 01:51:20", "elapsed": 48.228469, "delta": 0.107855}}
{"target": -191.9649821589442, "params": {"p_ai": 4.788755188453533, "p_al": 7.494675265050945, "p_ex": 5.727310244630862, "prior": 3.625290707682954, "rate": 4.892958609815962}, "datetime": {"datetime": "2024-06-13 01:51:20", "elapsed": 48.335184, "delta": 0.106715}}
{"target": -165.08219737998564, "params": {"p_ai": 1.8921946110135588, "p_al": 3.9364405595543226, "p_ex": 0.30058756348796134, "prior": 4.625828074361687, "rate": 2.7454666539229047}, "datetime": {"datetime": "2024-06-13 01:51:20", "elapsed": 48.441859, "delta": 0.106675}}
{"target": -177.41331248643436, "params": {"p_ai": 5.267631887725799, "p_al": 0.2936919419097222, "p_ex": 5.5513125784552235, "prior": 2.9306858383999437, "rate": 5.775329319454461}, "datetime": {"datetime": "2024-06-13 01:51:20", "elapsed": 48.54937, "delta": 0.107511}}
{"target": -240.43643627330303, "params": {"p_ai": 7.327965762760406, "p_al": 4.403937930137581, "p_ex": 6.6319050719967745, "prior": 2.3898606387472503, "rate": 9.985992286776213}, "datetime": {"datetime": "2024-06-13 01:51:20", "elapsed": 48.656085, "delta": 0.106715}}
{"target": -163.763883515728, "params": {"p_ai": 2.4295423376760557, "p_al": 9.408343315400867, "p_ex": 2.1729802841597885, "prior": 4.97614628166607, "rate": 8.211948471962465}, "datetime": {"datetime": "2024-06-13 01:51:20", "elapsed": 48.762757, "delta": 0.106672}}
{"target": -245.64862756028467, "params": {"p_ai": 7.166163879900548, "p_al": 7.05609854079457, "p_ex": 4.4049651591972045, "prior": 7.541996079526139, "rate": 9.199615816571573}, "datetime": {"datetime": "2024-06-13 01:51:21", "elapsed": 48.87002, "delta": 0.107263}}
{"target": -220.5183618509794, "params": {"p_ai": 4.414076101413063, "p_al": 5.2801268760628535, "p_ex": 0.6612898045823568, "prior": 3.9083399636332565, "rate": 4.672918424766126}, "datetime": {"datetime": "2024-06-13 01:51:21", "elapsed": 48.977983, "delta": 0.107963}}
{"target": -263.4429040513113, "params": {"p_ai": 8.951481970324929, "p_al": 1.1064638451141569, "p_ex": 7.311644894386467, "prior": 5.455166214318647, "rate": 6.0657477697349185}, "datetime": {"datetime": "2024-06-13 01:51:21", "elapsed": 49.084761, "delta": 0.106778}}
{"target": -156.25020796268106, "params": {"p_ai": 0.2987996583514733, "p_al": 1.4683270502280348, "p_ex": 2.8405482714363854, "prior": 0.04971560748810713, "rate": 6.6919088201735715}, "datetime": {"datetime": "2024-06-13 01:51:21", "elapsed": 49.192009, "delta": 0.107248}}
{"target": -284.71755013192546, "params": {"p_ai": 8.70270923127706, "p_al": 5.470136124403138, "p_ex": 5.432097311144519, "prior": 6.157643560201761, "rate": 3.022512822657626}, "datetime": {"datetime": "2024-06-13 01:51:21", "elapsed": 49.299348, "delta": 0.107339}}
{"target": -162.78988360290504, "params": {"p_ai": 3.6679530846277557, "p_al": 5.749822333050388, "p_ex": 8.092356620589728, "prior": 2.016764747447303, "rate": 3.275913034427043}, "datetime": {"datetime": "2024-06-13 01:51:21", "elapsed": 49.406034, "delta": 0.106686}}
{"target": -318.5027790884955, "params": {"p_ai": 7.429469582646582, "p_al": 3.4098615710742886, "p_ex": 0.4770616761368438, "prior": 1.5644129298338398, "rate": 1.9394547317358086}, "datetime": {"datetime": "2024-06-13 01:51:21", "elapsed": 49.513628, "delta": 0.107594}}
{"target": -161.5992073753098, "params": {"p_ai": 4.951628513249221, "p_al": 6.351614485952291, "p_ex": 8.802319552208612, "prior": 9.025463027666028, "rate": 3.072300524082465}, "datetime": {"datetime": "2024-06-13 01:51:21", "elapsed": 49.631312, "delta": 0.117684}}
{"target": -261.00770015779995, "params": {"p_ai": 7.534047351182733, "p_al": 2.824997877559167, "p_ex": 3.686400120782994, "prior": 2.927972894369209, "rate": 4.137493671254815}, "datetime": {"datetime": "2024-06-13 01:51:21", "elapsed": 49.739671, "delta": 0.108359}}
{"target": -153.34194914571023, "params": {"p_ai": 2.147942240988137, "p_al": 3.1905410786954205, "p_ex": 1.2200762190869865, "prior": 9.63021937771575, "rate": 5.04032611097843}, "datetime": {"datetime": "2024-06-13 01:51:22", "elapsed": 49.847299, "delta": 0.107628}}
{"target": -303.6227996263489, "params": {"p_ai": 9.23108372520405, "p_al": 7.461855247593438, "p_ex": 4.577595171516512, "prior": 7.54646763085601, "rate": 6.280602762990652}, "datetime": {"datetime": "2024-06-13 01:51:22", "elapsed": 49.955011, "delta": 0.107712}}
{"target": -179.15023595367947, "params": {"p_ai": 3.0382805830845347, "p_al": 5.217071474819306, "p_ex": 7.123409644278645, "prior": 3.0538300009516193, "rate": 0.1262158460278462}, "datetime": {"datetime": "2024-06-13 01:51:22", "elapsed": 50.061726, "delta": 0.106715}}
{"target": -134.4600730459115, "params": {"p_ai": 2.6833600285302275, "p_al": 7.967658010425252, "p_ex": 9.300000896546049, "prior": 6.2536862178776484, "rate": 1.3289420383195298}, "datetime": {"datetime": "2024-06-13 01:51:22", "elapsed": 50.169117, "delta": 0.107391}}
{"target": -230.45177544311298, "params": {"p_ai": 7.575946022114966, "p_al": 5.269526555127393, "p_ex": 7.538936847140509, "prior": 8.586258418997055, "rate": 9.475467969467141}, "datetime": {"datetime": "2024-06-13 01:51:22", "elapsed": 50.27694, "delta": 0.107823}}
{"target": -212.153427170071, "params": {"p_ai": 6.545720808693693, "p_al": 8.542727840216623, "p_ex": 7.426137988907772, "prior": 7.271284782848366, "rate": 8.58804877191338}, "datetime": {"datetime": "2024-06-13 01:51:22", "elapsed": 50.383654, "delta": 0.106714}}
{"target": -388.89770579745306, "params": {"p_ai": 9.2301074044959, "p_al": 9.020857939246921, "p_ex": 3.9581068653902416, "prior": 0.8411287767074533, "rate": 8.295907610863033}, "datetime": {"datetime": "2024-06-13 01:51:22", "elapsed": 50.491538, "delta": 0.107884}}
{"target": -251.43573423747924, "params": {"p_ai": 5.389776601523036, "p_al": 5.421219471236491, "p_ex": 8.25192813033363, "prior": 0.32080985957336305, "rate": 8.779726226832842}, "datetime": {"datetime": "2024-06-13 01:51:22", "elapsed": 50.599783, "delta": 0.108245}}
{"target": -127.42341982650382, "params": {"p_ai": 0.34730537937586553, "p_al": 6.932252389225503, "p_ex": 5.875257309024742, "prior": 6.417850059155134, "rate": 3.7414277971948233}, "datetime": {"datetime": "2024-06-13 01:51:22", "elapsed": 50.706498, "delta": 0.106715}}
{"target": -122.31430862478298, "params": {"p_ai": 2.755344804474391, "p_al": 5.094576405806185, "p_ex": 8.858345348380066, "prior": 5.653331413985319, "rate": 6.631825765751704}, "datetime": {"datetime": "2024-06-13 01:51:23", "elapsed": 50.814572, "delta": 0.108074}}
{"target": -180.06483612940306, "params": {"p_ai": 4.414350930304056, "p_al": 9.7214187321274, "p_ex": 7.425482001064747, "prior": 3.5496702059968834, "rate": 6.5356567956039315}, "datetime": {"datetime": "2024-06-13 01:51:23", "elapsed": 50.922248, "delta": 0.107676}}
{"target": -355.18742077470813, "params": {"p_ai": 5.426621502305332, "p_al": 8.840678067574482, "p_ex": 2.7512654566030514, "prior": 1.0815667842382009, "rate": 1.9135292453599602}, "datetime": {"datetime": "2024-06-13 01:51:23", "elapsed": 51.028867, "delta": 0.106619}}
{"target": -185.47403769336177, "params": {"p_ai": 3.8710752798182537, "p_al": 8.54074388954821, "p_ex": 2.70917829344533, "prior": 6.263961673283628, "rate": 6.235894458654538}, "datetime": {"datetime": "2024-06-13 01:51:23", "elapsed": 51.136581, "delta": 0.107714}}
{"target": -141.5850154211655, "params": {"p_ai": 4.08106330634394, "p_al": 0.504300961464858, "p_ex": 7.448593896451896, "prior": 2.957959618704388, "rate": 3.9851835072938524}, "datetime": {"datetime": "2024-06-13 01:51:23", "elapsed": 51.244907, "delta": 0.108326}}
{"target": -221.62806950462635, "params": {"p_ai": 3.7730184357375642, "p_al": 6.636362714079265, "p_ex": 0.8642465348648255, "prior": 5.49934931479934, "rate": 0.15520280161021519}, "datetime": {"datetime": "2024-06-13 01:51:23", "elapsed": 51.352126, "delta": 0.107219}}
{"target": -351.7819594861884, "params": {"p_ai": 9.830406796410628, "p_al": 5.984673796657761, "p_ex": 3.8417581657342703, "prior": 1.4683325593440997, "rate": 6.9690863860416155}, "datetime": {"datetime": "2024-06-13 01:51:23", "elapsed": 51.462994, "delta": 0.110868}}
{"target": -274.1091443816723, "params": {"p_ai": 9.058178358648817, "p_al": 3.1817694146938234, "p_ex": 7.665154954417642, "prior": 2.8756935223098354, "rate": 9.57229619840156}, "datetime": {"datetime": "2024-06-13 01:51:23", "elapsed": 51.573663, "delta": 0.110669}}
{"target": -226.62746595714674, "params": {"p_ai": 7.023455232193281, "p_al": 6.2505309163400185, "p_ex": 9.307416596768327, "prior": 2.6911548301319335, "rate": 9.236233847661266}, "datetime": {"datetime": "2024-06-13 01:51:23", "elapsed": 51.680883, "delta": 0.10722}}
{"target": -227.28404859638803, "params": {"p_ai": 6.781151258305702, "p_al": 7.713853709507418, "p_ex": 5.716781729013079, "prior": 8.339212870314833, "rate": 6.983119711119335}, "datetime": {"datetime": "2024-06-13 01:51:24", "elapsed": 51.788103, "delta": 0.10722}}
{"target": -142.74223035588687, "params": {"p_ai": 1.466940409067313, "p_al": 6.1249988251521215, "p_ex": 2.793924035827702, "prior": 9.158871351949934, "rate": 1.9831246698113274}, "datetime": {"datetime": "2024-06-13 01:51:24", "elapsed": 51.893821, "delta": 0.105718}}
{"target": -135.03478362161894, "params": {"p_ai": 2.857879237217657, "p_al": 0.47749939499181976, "p_ex": 4.476343861362332, "prior": 5.576320563895948, "rate": 5.736037264688377}, "datetime": {"datetime": "2024-06-13 01:51:24", "elapsed": 52.001532, "delta": 0.107711}}
{"target": -291.07288492690276, "params": {"p_ai": 9.053868422216771, "p_al": 3.47479191407325, "p_ex": 4.475836267532962, "prior": 8.512525387352474, "rate": 5.768716203017017}, "datetime": {"datetime": "2024-06-13 01:51:24", "elapsed": 52.108247, "delta": 0.106715}}
{"target": -228.73193856264373, "params": {"p_ai": 6.54027535584246, "p_al": 2.784314944612766, "p_ex": 4.875225544956866, "prior": 6.209902923417142, "rate": 1.3348069074222546}, "datetime": {"datetime": "2024-06-13 01:51:24", "elapsed": 52.214061, "delta": 0.105814}}
{"target": -127.32787873658556, "params": {"p_ai": 0.3300542572087522, "p_al": 1.1349966003071306, "p_ex": 4.775133302320191, "prior": 0.24124331957345432, "rate": 6.26246308244308}, "datetime": {"datetime": "2024-06-13 01:51:24", "elapsed": 52.320864, "delta": 0.106803}}
{"target": -130.86642078084537, "params": {"p_ai": 0.9767285971428687, "p_al": 2.5103644156247413, "p_ex": 4.265502965616329, "prior": 1.159151640315784, "rate": 2.706249385980867}, "datetime": {"datetime": "2024-06-13 01:51:24", "elapsed": 52.42736, "delta": 0.106496}}
{"target": -161.03745525021012, "params": {"p_ai": 0.21177564868227716, "p_al": 9.850470490551084, "p_ex": 6.116124507605985, "prior": 3.784160034513656, "rate": 0.2662569827533811}, "datetime": {"datetime": "2024-06-13 01:51:24", "elapsed": 52.535017, "delta": 0.107657}}
{"target": -145.2440289447766, "params": {"p_ai": 3.8989976450014674, "p_al": 4.526133705237957, "p_ex": 9.310100934451263, "prior": 2.7857632142087283, "rate": 6.148204128941908}, "datetime": {"datetime": "2024-06-13 01:51:24", "elapsed": 52.641933, "delta": 0.106916}}
{"target": -229.85968418424918, "params": {"p_ai": 6.6520183774673525, "p_al": 1.8604237369935928, "p_ex": 5.058127726515332, "prior": 7.86522112783649, "rate": 0.966693765249707}, "datetime": {"datetime": "2024-06-13 01:51:24", "elapsed": 52.749645, "delta": 0.107712}}
{"target": -249.66926138873745, "params": {"p_ai": 6.060746946391453, "p_al": 0.261573266951244, "p_ex": 0.07146019137694642, "prior": 0.5962265427935735, "rate": 4.814523191031215}, "datetime": {"datetime": "2024-06-13 01:51:25", "elapsed": 52.856933, "delta": 0.107288}}
{"target": -336.43793179467565, "params": {"p_ai": 9.257115382793618, "p_al": 4.0561682840061035, "p_ex": 0.7512513607260716, "prior": 8.613663392355804, "rate": 5.193456557118933}, "datetime": {"datetime": "2024-06-13 01:51:25", "elapsed": 52.963647, "delta": 0.106714}}
{"target": -172.62316446267167, "params": {"p_ai": 3.1900397533053235, "p_al": 9.630360355507971, "p_ex": 9.382679423255281, "prior": 2.6009297005949668, "rate": 2.014717145283489}, "datetime": {"datetime": "2024-06-13 01:51:25", "elapsed": 53.070872, "delta": 0.107225}}
{"target": -248.48770342644497, "params": {"p_ai": 5.889498124357467, "p_al": 8.425339580205748, "p_ex": 3.3678741763608038, "prior": 5.864707785221152, "rate": 1.623287749788599}, "datetime": {"datetime": "2024-06-13 01:51:25", "elapsed": 53.178954, "delta": 0.108082}}
{"target": -171.11961750268142, "params": {"p_ai": 1.94674275864618, "p_al": 7.613590824704965, "p_ex": 1.5018345150591474, "prior": 2.659804503437227, "rate": 6.895259136913517}, "datetime": {"datetime": "2024-06-13 01:51:25", "elapsed": 53.285937, "delta": 0.106983}}
{"target": -130.8052138268541, "params": {"p_ai": 0.15187798702215813, "p_al": 0.3229118442818368, "p_ex": 2.8759718743002627, "prior": 3.366895181942479, "rate": 3.622798839194582}, "datetime": {"datetime": "2024-06-13 01:51:25", "elapsed": 53.39365, "delta": 0.107713}}
{"target": -273.0653910137817, "params": {"p_ai": 8.072098564559683, "p_al": 0.3607736956187603, "p_ex": 3.584594051008626, "prior": 6.383143054534976, "rate": 1.4308980910737081}, "datetime": {"datetime": "2024-06-13 01:51:25", "elapsed": 53.500308, "delta": 0.106658}}
