{"target": -149.60786717198903, "params": {"p_ai": 1.197526918966492, "p_al": 6.372755436211631, "p_ex": 10.0, "prior": 10.0, "rate": 0.001}, "datetime": {"datetime": "2024-06-13 13:44:36", "elapsed": 789.957719, "delta": 31.240878}}
{"target": -166.66378254314097, "params": {"p_ai": 0.001, "p_al": 0.001, "p_ex": 10.0, "prior": 1.2376814165163834, "rate": 3.1766666815711355}, "datetime": {"datetime": "2024-06-13 13:45:07", "elapsed": 820.278319, "delta": 30.3206}}
{"target": -157.4180668127971, "params": {"p_ai": 0.001, "p_al": 7.648955308546825, "p_ex": 10.0, "prior": 10.0, "rate": 2.6720569906614564}, "datetime": {"datetime": "2024-06-13 13:45:48", "elapsed": 861.237672, "delta": 40.959353}}
{"target": -147.20699601564144, "params": {"p_ai": 0.001, "p_al": 4.564577945609612, "p_ex": 3.6733990258975284, "prior": 2.398189391608646, "rate": 7.530357869128986}, "datetime": {"datetime": "2024-06-13 13:46:12", "elapsed": 885.147824, "delta": 23.910152}}
{"target": -146.07344907525052, "params": {"p_ai": 0.001, "p_al": 10.0, "p_ex": 5.822765446922869, "prior": 10.0, "rate": 10.0}, "datetime": {"datetime": "2024-06-13 13:46:38", "elapsed": 911.49968, "delta": 26.351856}}
