{"target": -311.6824276392242, "params": {"p_ai": 4.575196798892289, "p_al": 0.5449506917293981, "p_ex": 2.8915708616785403, "prior": 6.780062412777943, "rate": 0.4872420194260412}, "datetime": {"datetime": "2024-06-13 08:09:22", "elapsed": 178.946631, "delta": 0.10871}}
{"target": -483.4415795819804, "params": {"p_ai": 4.580263368659907, "p_al": 5.7280078225612625, "p_ex": 1.9934675865697684, "prior": 1.8624992522897637, "rate": 1.0277738220705694}, "datetime": {"datetime": "2024-06-13 08:09:23", "elapsed": 179.055343, "delta": 0.108712}}
{"target": -164.90487436552905, "params": {"p_ai": 0.6889337842575394, "p_al": 1.690679991165036, "p_ex": 0.6091045481301652, "prior": 5.517234505887774, "rate": 8.07924628628006}, "datetime": {"datetime": "2024-06-13 08:09:23", "elapsed": 179.165089, "delta": 0.109746}}
{"target": -461.042859361382, "params": {"p_ai": 8.04361162047646, "p_al": 6.312186105526708, "p_ex": 5.417917742704281, "prior": 4.671885069314529, "rate": 9.601410810266273}, "datetime": {"datetime": "2024-06-13 08:09:23", "elapsed": 179.273609, "delta": 0.10852}}
{"target": -186.0140733790437, "params": {"p_ai": 2.899666465766964, "p_al": 3.6649742833844705, "p_ex": 5.753838978747263, "prior": 5.126292271375944, "rate": 6.742698777688343}, "datetime": {"datetime": "2024-06-13 08:09:23", "elapsed": 179.382656, "delta": 0.109047}}
{"target": -432.6176190033468, "params": {"p_ai": 7.746950246599201, "p_al": 1.8252204250854207, "p_ex": 6.289342599217495, "prior": 6.940552564785615, "rate": 2.723807908290237}, "datetime": {"datetime": "2024-06-13 08:09:23", "elapsed": 179.492534, "delta": 0.109878}}
{"target": -511.82948650806605, "params": {"p_ai": 9.280851876533486, "p_al": 3.453158292491887, "p_ex": 6.3811672470486185, "prior": 9.258038482267157, "rate": 9.806327002899451}, "datetime": {"datetime": "2024-06-13 08:09:23", "elapsed": 179.600753, "delta": 0.108219}}
{"target": -292.59204652643626, "params": {"p_ai": 2.488033276356721, "p_al": 9.419583104728655, "p_ex": 9.090876254878841, "prior": 2.510513216728998, "rate": 1.0114238665846065}, "datetime": {"datetime": "2024-06-13 08:09:23", "elapsed": 179.710999, "delta": 0.110246}}
{"target": -268.550095149171, "params": {"p_ai": 3.6242096308085094, "p_al": 9.236352129889687, "p_ex": 8.452847344989038, "prior": 2.5819418071612645, "rate": 2.7569133446474443}, "datetime": {"datetime": "2024-06-13 08:09:23", "elapsed": 179.820181, "delta": 0.109182}}
{"target": -240.82547476127235, "params": {"p_ai": 2.983478933893634, "p_al": 0.815092332631713, "p_ex": 1.6841738316116204, "prior": 6.144757668943531, "rate": 4.924474139119181}, "datetime": {"datetime": "2024-06-13 08:09:23", "elapsed": 179.929364, "delta": 0.109183}}
{"target": -216.6927359927403, "params": {"p_ai": 4.119648233556923, "p_al": 5.157526210873938, "p_ex": 8.873752637817338, "prior": 9.551032719281542, "rate": 2.557511976036215}, "datetime": {"datetime": "2024-06-13 08:09:24", "elapsed": 180.038073, "delta": 0.108709}}
{"target": -220.8594503887997, "params": {"p_ai": 2.3374184214694047, "p_al": 0.7024695973517413, "p_ex": 2.597737426928631, "prior": 1.742954822679143, "rate": 0.27659701209470605}, "datetime": {"datetime": "2024-06-13 08:09:24", "elapsed": 180.146783, "delta": 0.10871}}
{"target": -136.85205692783106, "params": {"p_ai": 1.7455169686425378, "p_al": 7.804777260302928, "p_ex": 9.202721815908367, "prior": 7.216154921249683, "rate": 2.9848905772616017}, "datetime": {"datetime": "2024-06-13 08:09:24", "elapsed": 180.256325, "delta": 0.109542}}
{"target": -399.3810679339506, "params": {"p_ai": 6.314933171275992, "p_al": 7.70207834202647, "p_ex": 4.425585001974533, "prior": 6.194837427032435, "rate": 5.737911250071134}, "datetime": {"datetime": "2024-06-13 08:09:24", "elapsed": 180.365037, "delta": 0.108712}}
{"target": -616.62120594659, "params": {"p_ai": 9.027517363622623, "p_al": 7.524156469967862, "p_ex": 2.650279263669324, "prior": 2.294425031913794, "rate": 6.936331072476213}, "datetime": {"datetime": "2024-06-13 08:09:24", "elapsed": 180.474908, "delta": 0.109871}}
{"target": -228.56878038437404, "params": {"p_ai": 2.330890584603332, "p_al": 6.219640169611046, "p_ex": 2.550112078805856, "prior": 9.204272349259435, "rate": 3.026260557106861}, "datetime": {"datetime": "2024-06-13 08:09:24", "elapsed": 180.583647, "delta": 0.108739}}
{"target": -480.04814739446675, "params": {"p_ai": 8.485581047039222, "p_al": 2.2978576554546923, "p_ex": 5.721402282386218, "prior": 1.8898334598694706, "rate": 4.200660187762735}, "datetime": {"datetime": "2024-06-13 08:09:24", "elapsed": 180.693355, "delta": 0.109708}}
{"target": -285.6232177356704, "params": {"p_ai": 3.76302106016871, "p_al": 0.3913307159931245, "p_ex": 1.2803727816045252, "prior": 7.537854970575956, "rate": 4.126702850670521}, "datetime": {"datetime": "2024-06-13 08:09:24", "elapsed": 180.80242, "delta": 0.109065}}
{"target": -489.4875121761064, "params": {"p_ai": 8.041060104654699, "p_al": 6.699318907664212, "p_ex": 3.82882692285017, "prior": 4.948823437152265, "rate": 9.505603950205815}, "datetime": {"datetime": "2024-06-13 08:09:24", "elapsed": 180.912126, "delta": 0.109706}}
{"target": -517.7198818990801, "params": {"p_ai": 9.479515679525079, "p_al": 4.850347023938101, "p_ex": 7.124627387193672, "prior": 7.498550901462174, "rate": 5.106472249549986}, "datetime": {"datetime": "2024-06-13 08:09:25", "elapsed": 181.021834, "delta": 0.109708}}
{"target": -374.3741436754851, "params": {"p_ai": 4.470678189805164, "p_al": 7.690445038313525, "p_ex": 4.15685591920379, "prior": 5.0013860821199065, "rate": 0.8757079215781739}, "datetime": {"datetime": "2024-06-13 08:09:25", "elapsed": 181.131111, "delta": 0.109277}}
{"target": -545.5833418270169, "params": {"p_ai": 9.043453626436962, "p_al": 4.547823239458292, "p_ex": 5.990952779586459, "prior": 0.7064880265711557, "rate": 5.294873696381461}, "datetime": {"datetime": "2024-06-13 08:09:25", "elapsed": 181.239739, "delta": 0.108628}}
{"target": -173.34345601956778, "params": {"p_ai": 2.213899082241034, "p_al": 3.8525113167868463, "p_ex": 5.600417352620946, "prior": 8.150516120112895, "rate": 2.629157343536145}, "datetime": {"datetime": "2024-06-13 08:09:25", "elapsed": 181.35247, "delta": 0.112731}}
{"target": -516.418873180654, "params": {"p_ai": 7.278426163069587, "p_al": 4.920939100401539, "p_ex": 3.043144370570753, "prior": 2.9047883728407697, "rate": 2.411781076608564}, "datetime": {"datetime": "2024-06-13 08:09:25", "elapsed": 181.462853, "delta": 0.110383}}
{"target": -123.59836535581287, "params": {"p_ai": 0.732560642072465, "p_al": 5.811609090857796, "p_ex": 6.249768022395998, "prior": 2.3531837448581268, "rate": 5.64338133383105}, "datetime": {"datetime": "2024-06-13 08:09:25", "elapsed": 181.571636, "delta": 0.108783}}
{"target": -539.3297711493123, "params": {"p_ai": 8.72610673200219, "p_al": 8.076776527375475, "p_ex": 4.074080880677032, "prior": 4.962748728988028, "rate": 7.06418290631513}, "datetime": {"datetime": "2024-06-13 08:09:25", "elapsed": 181.681665, "delta": 0.110029}}
{"target": -313.963341686955, "params": {"p_ai": 5.7796367210911095, "p_al": 7.547135996385271, "p_ex": 9.501634005191843, "prior": 1.7710569653228112, "rate": 7.892795765490131}, "datetime": {"datetime": "2024-06-13 08:09:25", "elapsed": 181.789942, "delta": 0.108277}}
{"target": -261.8588303959842, "params": {"p_ai": 3.350327787614538, "p_al": 5.638272068632206, "p_ex": 2.069692619300037, "prior": 7.409975365768698, "rate": 9.800048385721796}, "datetime": {"datetime": "2024-06-13 08:09:25", "elapsed": 181.89962, "delta": 0.109678}}
{"target": -484.25507259110816, "params": {"p_ai": 8.333474362025548, "p_al": 6.205488852808189, "p_ex": 4.9215798293724795, "prior": 5.236239896835978, "rate": 9.315406168367097}, "datetime": {"datetime": "2024-06-13 08:09:25", "elapsed": 182.008418, "delta": 0.108798}}
{"target": -152.82217501295233, "params": {"p_ai": 1.584313104928292, "p_al": 5.905500350197389, "p_ex": 6.380421522824684, "prior": 9.07933360455422, "rate": 2.6947089311919763}, "datetime": {"datetime": "2024-06-13 08:09:26", "elapsed": 182.122113, "delta": 0.113695}}
{"target": -479.98811040546735, "params": {"p_ai": 7.107790759861978, "p_al": 3.5039040153633705, "p_ex": 3.6444929289724874, "prior": 0.8149712240346794, "rate": 3.2837150966339146}, "datetime": {"datetime": "2024-06-13 08:09:26", "elapsed": 182.231206, "delta": 0.109093}}
{"target": -203.1650747232341, "params": {"p_ai": 3.2449742753201236, "p_al": 0.29677720020456433, "p_ex": 5.496123591759751, "prior": 7.067732881504137, "rate": 4.985509690185362}, "datetime": {"datetime": "2024-06-13 08:09:26", "elapsed": 182.344409, "delta": 0.113203}}
{"target": -287.78138779487836, "params": {"p_ai": 5.273517292877108, "p_al": 1.0590396472394281, "p_ex": 6.847758027787718, "prior": 4.711955831419998, "rate": 2.293467234035674}, "datetime": {"datetime": "2024-06-13 08:09:26", "elapsed": 182.456262, "delta": 0.111853}}
{"target": -488.31800055468585, "params": {"p_ai": 8.557359380941355, "p_al": 5.652361417021194, "p_ex": 9.99162624589046, "prior": 0.7718933581025254, "rate": 5.150501931009348}, "datetime": {"datetime": "2024-06-13 08:09:26", "elapsed": 182.56597, "delta": 0.109708}}
{"target": -661.975591211972, "params": {"p_ai": 3.0402516850303876, "p_al": 8.61623710656735, "p_ex": 1.6185883408724118, "prior": 0.014841431595337792, "rate": 4.43042510468964}, "datetime": {"datetime": "2024-06-13 08:09:26", "elapsed": 182.675691, "delta": 0.109721}}
{"target": -498.5202886064902, "params": {"p_ai": 6.771891528676204, "p_al": 9.679112055957647, "p_ex": 6.201497666645441, "prior": 1.9043523479075273, "rate": 3.622359827606554}, "datetime": {"datetime": "2024-06-13 08:09:26", "elapsed": 182.785114, "delta": 0.109423}}
{"target": -574.8417455525657, "params": {"p_ai": 7.800787350813593, "p_al": 3.298106482244817, "p_ex": 1.643256724240895, "prior": 2.851417962251561, "rate": 0.40436442485331264}, "datetime": {"datetime": "2024-06-13 08:09:26", "elapsed": 182.894421, "delta": 0.109307}}
{"target": -400.3692514090963, "params": {"p_ai": 7.551430827944837, "p_al": 2.8535841669468316, "p_ex": 7.645198600284396, "prior": 8.425860356452237, "rate": 4.550724361859158}, "datetime": {"datetime": "2024-06-13 08:09:26", "elapsed": 183.00416, "delta": 0.109739}}
{"target": -435.1161969021123, "params": {"p_ai": 8.584031121670003, "p_al": 9.914315302337107, "p_ex": 9.417574054951071, "prior": 9.79275829645966, "rate": 9.506596416847177}, "datetime": {"datetime": "2024-06-13 08:09:27", "elapsed": 183.113441, "delta": 0.109281}}
{"target": -634.1257685096281, "params": {"p_ai": 9.638902522726527, "p_al": 6.979656260534678, "p_ex": 1.5626819619917718, "prior": 6.467942975152434, "rate": 9.90726897754078}, "datetime": {"datetime": "2024-06-13 08:09:27", "elapsed": 183.222213, "delta": 0.108772}}
{"target": -251.56452715580076, "params": {"p_ai": 2.443655121467737, "p_al": 6.817954210641722, "p_ex": 1.2934890603136207, "prior": 9.981837986321688, "rate": 4.199157374196024}, "datetime": {"datetime": "2024-06-13 08:09:27", "elapsed": 183.33083, "delta": 0.108617}}
{"target": -180.5174836322501, "params": {"p_ai": 3.507450949066828, "p_al": 2.0667003756867732, "p_ex": 8.501725846732565, "prior": 6.124428678521591, "rate": 5.753785011925935}, "datetime": {"datetime": "2024-06-13 08:09:27", "elapsed": 183.439868, "delta": 0.109038}}
{"target": -233.4931037645085, "params": {"p_ai": 2.4812280107112086, "p_al": 1.335940382246636, "p_ex": 0.6506004700631061, "prior": 6.072919898685649, "rate": 7.296207122272258}, "datetime": {"datetime": "2024-06-13 08:09:27", "elapsed": 183.549151, "delta": 0.109283}}
{"target": -320.66951539054526, "params": {"p_ai": 4.249572307409615, "p_al": 0.990897645515006, "p_ex": 0.8936663047663312, "prior": 5.295666254267205, "rate": 3.360372051868152}, "datetime": {"datetime": "2024-06-13 08:09:27", "elapsed": 183.658828, "delta": 0.109677}}
{"target": -658.9379652497593, "params": {"p_ai": 6.614304942311136, "p_al": 9.539010728106696, "p_ex": 0.49084386976243943, "prior": 1.2133762959420262, "rate": 6.0827088619345275}, "datetime": {"datetime": "2024-06-13 08:09:27", "elapsed": 183.768146, "delta": 0.109318}}
{"target": -223.30107741739369, "params": {"p_ai": 2.9626503968377715, "p_al": 7.187706273352412, "p_ex": 4.848659104496383, "prior": 9.541663720087032, "rate": 3.588414503228683}, "datetime": {"datetime": "2024-06-13 08:09:27", "elapsed": 183.878199, "delta": 0.110053}}
{"target": -401.6911042264143, "params": {"p_ai": 7.251502004729873, "p_al": 5.930065160011045, "p_ex": 7.01756870007301, "prior": 2.8615783514537116, "rate": 5.504094375399402}, "datetime": {"datetime": "2024-06-13 08:09:27", "elapsed": 183.986475, "delta": 0.108276}}
{"target": -209.8671382973092, "params": {"p_ai": 0.07306053496914365, "p_al": 9.508937330591468, "p_ex": 4.382916290356903, "prior": 3.5620945623483387, "rate": 1.0202895014145021}, "datetime": {"datetime": "2024-06-13 08:09:28", "elapsed": 184.096184, "delta": 0.109709}}
{"target": -213.01378641552228, "params": {"p_ai": 2.374565025823152, "p_al": 2.97156779622816, "p_ex": 4.786153318299789, "prior": 4.15075140466473, "rate": 0.5627854356062384}, "datetime": {"datetime": "2024-06-13 08:09:28", "elapsed": 184.20589, "delta": 0.109706}}
{"target": -375.9937836659871, "params": {"p_ai": 5.889777746955821, "p_al": 0.6709807895322334, "p_ex": 2.7890247717388683, "prior": 9.313561001154257, "rate": 7.01683446365458}, "datetime": {"datetime": "2024-06-13 08:09:28", "elapsed": 184.314344, "delta": 0.108454}}
{"target": -382.1919875727999, "params": {"p_ai": 6.837257739598291, "p_al": 3.5629262163169773, "p_ex": 5.959775210784463, "prior": 8.207283515582828, "rate": 7.790346437199047}, "datetime": {"datetime": "2024-06-13 08:09:28", "elapsed": 184.423654, "delta": 0.10931}}
{"target": -412.08323136467703, "params": {"p_ai": 7.509403072762147, "p_al": 5.315861369525106, "p_ex": 7.452162922469339, "prior": 2.1779757943706612, "rate": 5.186003901738992}, "datetime": {"datetime": "2024-06-13 08:09:28", "elapsed": 184.532882, "delta": 0.109228}}
{"target": -495.0113250566474, "params": {"p_ai": 8.126653970812322, "p_al": 2.7701277738552506, "p_ex": 5.037251829445728, "prior": 6.524227454930324, "rate": 0.8133145274169739}, "datetime": {"datetime": "2024-06-13 08:09:28", "elapsed": 184.6416, "delta": 0.108718}}
{"target": -168.86287780531015, "params": {"p_ai": 1.456108432480609, "p_al": 5.93521207325329, "p_ex": 4.139846895534521, "prior": 1.3123211937372736, "rate": 8.087910396377715}, "datetime": {"datetime": "2024-06-13 08:09:28", "elapsed": 184.749994, "delta": 0.108394}}
{"target": -548.7048734999372, "params": {"p_ai": 7.15666445775387, "p_al": 9.75832709127169, "p_ex": 0.4012972541700555, "prior": 8.031116500864554, "rate": 4.91604439710838}, "datetime": {"datetime": "2024-06-13 08:09:28", "elapsed": 184.8597, "delta": 0.109706}}
{"target": -381.6257619086751, "params": {"p_ai": 1.9485743980245502, "p_al": 1.422191058887923, "p_ex": 1.9901255379738303, "prior": 0.07454570097024037, "rate": 1.2111008288412504}, "datetime": {"datetime": "2024-06-13 08:09:28", "elapsed": 184.969435, "delta": 0.109735}}
{"target": -403.7612109143715, "params": {"p_ai": 6.905693207416068, "p_al": 2.922677914767441, "p_ex": 4.926195476514194, "prior": 8.809573305064752, "rate": 5.238445618617438}, "datetime": {"datetime": "2024-06-13 08:09:29", "elapsed": 185.078625, "delta": 0.10919}}
{"target": -426.03589402275713, "params": {"p_ai": 7.060434216606494, "p_al": 1.511380624593779, "p_ex": 4.364968221973802, "prior": 8.908740760094714, "rate": 1.5985363315057326}, "datetime": {"datetime": "2024-06-13 08:09:29", "elapsed": 185.188364, "delta": 0.109739}}
{"target": -277.89918858690925, "params": {"p_ai": 1.187441672946208, "p_al": 8.222248780764598, "p_ex": 0.5816733273737174, "prior": 2.3232283243682574, "rate": 5.94996418804808}, "datetime": {"datetime": "2024-06-13 08:09:29", "elapsed": 185.297083, "delta": 0.108719}}
{"target": -440.7432095421392, "params": {"p_ai": 7.11487552917943, "p_al": 4.330121853970135, "p_ex": 4.799727628904235, "prior": 0.8702040620727345, "rate": 6.100764652984943}, "datetime": {"datetime": "2024-06-13 08:09:29", "elapsed": 185.405961, "delta": 0.108878}}
{"target": -258.63676272802275, "params": {"p_ai": 2.8039217164251187, "p_al": 9.18924267029231, "p_ex": 2.3829429513440425, "prior": 7.50679086373387, "rate": 7.05174475032335}, "datetime": {"datetime": "2024-06-13 08:09:29", "elapsed": 185.521311, "delta": 0.11535}}
{"target": -167.59362731247666, "params": {"p_ai": 1.2286968177957374, "p_al": 2.088065445573939, "p_ex": 1.9725104926464483, "prior": 7.843519728229327, "rate": 5.511961217946381}, "datetime": {"datetime": "2024-06-13 08:09:29", "elapsed": 185.630189, "delta": 0.108878}}
{"target": -356.835298877066, "params": {"p_ai": 5.080344277870362, "p_al": 7.426018877944845, "p_ex": 8.775002091926067, "prior": 0.7013862280913841, "rate": 3.763847028518945}, "datetime": {"datetime": "2024-06-13 08:09:29", "elapsed": 185.77196, "delta": 0.141771}}
{"target": -268.7968220179849, "params": {"p_ai": 3.4184030124581692, "p_al": 8.44295527667838, "p_ex": 7.688749752982329, "prior": 5.32544129586932, "rate": 0.8963898348332164}, "datetime": {"datetime": "2024-06-13 08:09:29", "elapsed": 185.891663, "delta": 0.119703}}
{"target": -653.8918790417976, "params": {"p_ai": 9.251155196837031, "p_al": 5.579875490126793, "p_ex": 0.24006991860018745, "prior": 6.460984603796024, "rate": 2.7378187048138867}, "datetime": {"datetime": "2024-06-13 08:09:29", "elapsed": 186.010346, "delta": 0.118683}}
{"target": -471.0970765178527, "params": {"p_ai": 4.537311016985545, "p_al": 8.95627473016752, "p_ex": 2.0412265350303183, "prior": 1.1372698316505385, "rate": 6.182071171578938}, "datetime": {"datetime": "2024-06-13 08:09:30", "elapsed": 186.12803, "delta": 0.117684}}
{"target": -458.2186765543958, "params": {"p_ai": 6.755198655813324, "p_al": 9.888521515950188, "p_ex": 3.2163676406564847, "prior": 9.072346315423873, "rate": 5.905120394910402}, "datetime": {"datetime": "2024-06-13 08:09:30", "elapsed": 186.248709, "delta": 0.120679}}
{"target": -141.98597017650374, "params": {"p_ai": 0.769290087186245, "p_al": 9.305950805476073, "p_ex": 5.425094109659468, "prior": 4.73913782493237, "rate": 5.445216283022927}, "datetime": {"datetime": "2024-06-13 08:09:30", "elapsed": 186.363703, "delta": 0.114994}}
{"target": -324.3998026439882, "params": {"p_ai": 5.273861776892938, "p_al": 6.615123901650437, "p_ex": 6.444840203055383, "prior": 1.730158065941843, "rate": 5.075866711739027}, "datetime": {"datetime": "2024-06-13 08:09:30", "elapsed": 186.475744, "delta": 0.112041}}
{"target": -210.34266147019673, "params": {"p_ai": 1.7826928265391595, "p_al": 4.6571761029266625, "p_ex": 0.9569547039738163, "prior": 9.089426385606528, "rate": 8.43030871872956}, "datetime": {"datetime": "2024-06-13 08:09:30", "elapsed": 186.590437, "delta": 0.114693}}
{"target": -178.67928182999887, "params": {"p_ai": 2.0474012618232695, "p_al": 2.2208593604798703, "p_ex": 5.6485213602705695, "prior": 0.4137194483334112, "rate": 9.79161533551747}, "datetime": {"datetime": "2024-06-13 08:09:30", "elapsed": 186.701142, "delta": 0.110705}}
{"target": -175.17775285968244, "params": {"p_ai": 3.444782316476931, "p_al": 2.963140369217386, "p_ex": 9.279514132962925, "prior": 2.445334822313911, "rate": 4.052450579783661}, "datetime": {"datetime": "2024-06-13 08:09:30", "elapsed": 186.817941, "delta": 0.116799}}
{"target": -126.91174427829883, "params": {"p_ai": 1.8388276880810064, "p_al": 0.8610830815796905, "p_ex": 9.132634516942428, "prior": 2.773826333934965, "rate": 7.783255361089439}, "datetime": {"datetime": "2024-06-13 08:09:30", "elapsed": 186.928762, "delta": 0.110821}}
{"target": -217.37272797366825, "params": {"p_ai": 1.6223885625292012, "p_al": 6.65798432103171, "p_ex": 2.744335622875774, "prior": 7.252818469952089, "rate": 0.5732855079268295}, "datetime": {"datetime": "2024-06-13 08:09:31", "elapsed": 187.038272, "delta": 0.10951}}
{"target": -356.1406222738204, "params": {"p_ai": 6.621526831612565, "p_al": 0.5619114103131689, "p_ex": 6.57555480826815, "prior": 3.497759683500485, "rate": 7.358410473675813}, "datetime": {"datetime": "2024-06-13 08:09:31", "elapsed": 187.15547, "delta": 0.117198}}
{"target": -353.7754135511945, "params": {"p_ai": 4.179667187970029, "p_al": 5.554809905644186, "p_ex": 1.8973938876873702, "prior": 2.7774679893079055, "rate": 4.8614271035865135}, "datetime": {"datetime": "2024-06-13 08:09:31", "elapsed": 187.265237, "delta": 0.109767}}
{"target": -270.8782418512532, "params": {"p_ai": 0.46625787078469727, "p_al": 8.48948381830922, "p_ex": 4.386706570290287, "prior": 1.9038019279142966, "rate": 1.4968111357691487}, "datetime": {"datetime": "2024-06-13 08:09:31", "elapsed": 187.373326, "delta": 0.108089}}
{"target": -110.34548712860959, "params": {"p_ai": 1.2632491786548354, "p_al": 4.822626323487715, "p_ex": 9.944199449798363, "prior": 8.35665184457866, "rate": 8.799448619984492}, "datetime": {"datetime": "2024-06-13 08:09:31", "elapsed": 187.483511, "delta": 0.110185}}
{"target": -274.14265422601676, "params": {"p_ai": 5.133112070016159, "p_al": 0.13203797085632746, "p_ex": 7.892638896050124, "prior": 9.144546347577828, "rate": 0.6325587699788756}, "datetime": {"datetime": "2024-06-13 08:09:31", "elapsed": 187.59214, "delta": 0.108629}}
{"target": -159.427200437754, "params": {"p_ai": 1.750742067950122, "p_al": 5.096044339245468, "p_ex": 4.309334910195113, "prior": 9.588804383348712, "rate": 9.846121364963434}, "datetime": {"datetime": "2024-06-13 08:09:31", "elapsed": 187.701912, "delta": 0.109772}}
{"target": -140.29437093458836, "params": {"p_ai": 1.5441559215266563, "p_al": 3.5316943927462785, "p_ex": 5.768989117248869, "prior": 4.222840835558754, "rate": 5.079485354107}, "datetime": {"datetime": "2024-06-13 08:09:31", "elapsed": 187.811114, "delta": 0.109202}}
