{"target": -141.34303124595593, "params": {"gamma": 0.7466661384435471, "prior": 3.766026368361488, "rate": 1.235065179287484}, "datetime": {"datetime": "2024-06-14 04:54:08", "elapsed": 3.612895, "delta": 0.008976}}
{"target": -185.62472392983148, "params": {"gamma": 6.345552644202125, "prior": 4.1978064727211475, "rate": 9.909165409621975}, "datetime": {"datetime": "2024-06-14 04:54:08", "elapsed": 3.621871, "delta": 0.008976}}
{"target": -254.76009398050212, "params": {"gamma": 9.299626280909525, "prior": 1.5774367198665253, "rate": 3.9494277431054683}, "datetime": {"datetime": "2024-06-14 04:54:08", "elapsed": 3.630847, "delta": 0.008976}}
{"target": -163.9103760915415, "params": {"gamma": 4.6163355299129, "prior": 5.6533926757072575, "rate": 7.803854869369396}, "datetime": {"datetime": "2024-06-14 04:54:08", "elapsed": 3.639823, "delta": 0.008976}}
{"target": -249.97948477476947, "params": {"gamma": 4.872451896825164, "prior": 4.257936164901384, "rate": 2.6207350474886373}, "datetime": {"datetime": "2024-06-14 04:54:08", "elapsed": 3.648799, "delta": 0.008976}}
{"target": -389.0918125040776, "params": {"gamma": 9.108150584728497, "prior": 0.32048796417476116, "rate": 8.211397860291427}, "datetime": {"datetime": "2024-06-14 04:54:08", "elapsed": 3.658772, "delta": 0.009973}}
{"target": -150.58721470027294, "params": {"gamma": 1.8854955282645185, "prior": 6.888993301808218, "rate": 3.552738684007098}, "datetime": {"datetime": "2024-06-14 04:54:08", "elapsed": 3.667748, "delta": 0.008976}}
{"target": -270.5677938206875, "params": {"gamma": 9.742152066323019, "prior": 1.3154440815492576, "rate": 1.8765113562797784}, "datetime": {"datetime": "2024-06-14 04:54:08", "elapsed": 3.676725, "delta": 0.008977}}
{"target": -464.4884733117669, "params": {"gamma": 8.894535312169324, "prior": 5.875722514621456, "rate": 3.0931546002031376}, "datetime": {"datetime": "2024-06-14 04:54:08", "elapsed": 3.6857, "delta": 0.008975}}
{"target": -149.90750732636582, "params": {"gamma": 0.008643090396402046, "prior": 2.353217609390305, "rate": 1.4548909380781856}, "datetime": {"datetime": "2024-06-14 04:54:08", "elapsed": 3.695674, "delta": 0.009974}}
{"target": -129.12373503389193, "params": {"gamma": 2.035134809876536, "prior": 8.973593312359645, "rate": 8.731070688318136}, "datetime": {"datetime": "2024-06-14 04:54:08", "elapsed": 3.703652, "delta": 0.007978}}
{"target": -200.5073951288457, "params": {"gamma": 7.0031940868968645, "prior": 4.757926993906869, "rate": 8.271532887320552}, "datetime": {"datetime": "2024-06-14 04:54:08", "elapsed": 3.713626, "delta": 0.009974}}
{"target": -230.61116000808906, "params": {"gamma": 4.958768144455039, "prior": 3.698537964520562, "rate": 2.7567554245058266}, "datetime": {"datetime": "2024-06-14 04:54:08", "elapsed": 3.722602, "delta": 0.008976}}
{"target": -276.6822591308102, "params": {"gamma": 9.247483394570178, "prior": 3.931193419137293, "rate": 4.929315853439772}, "datetime": {"datetime": "2024-06-14 04:54:08", "elapsed": 3.731577, "delta": 0.008975}}
{"target": -181.12484098538047, "params": {"gamma": 2.5451265850419067, "prior": 8.861168536496827, "rate": 3.833251304596062}, "datetime": {"datetime": "2024-06-14 04:54:08", "elapsed": 3.740553, "delta": 0.008976}}
{"target": -227.89095906915202, "params": {"gamma": 2.9764495784234386, "prior": 7.2041901257280685, "rate": 1.909508561779902}, "datetime": {"datetime": "2024-06-14 04:54:08", "elapsed": 3.749529, "delta": 0.008976}}
{"target": -121.25017288015056, "params": {"gamma": 1.1828081008410374, "prior": 8.386278043913771, "rate": 7.441615077773983}, "datetime": {"datetime": "2024-06-14 04:54:08", "elapsed": 3.758505, "delta": 0.008976}}
{"target": -176.94338179076334, "params": {"gamma": 5.905614955923525, "prior": 2.5046265921522197, "rate": 6.2328482047306535}, "datetime": {"datetime": "2024-06-14 04:54:08", "elapsed": 3.767481, "delta": 0.008976}}
{"target": -460.850321862091, "params": {"gamma": 6.383914852090989, "prior": 3.342937496712019, "rate": 0.6758259413323553}, "datetime": {"datetime": "2024-06-14 04:54:08", "elapsed": 3.776457, "delta": 0.008976}}
{"target": -240.02992800094012, "params": {"gamma": 8.805505437045703, "prior": 4.6535716376351575, "rate": 7.638963307946233}, "datetime": {"datetime": "2024-06-14 04:54:08", "elapsed": 3.785433, "delta": 0.008976}}
{"target": -153.66755833440993, "params": {"gamma": 2.539632320806454, "prior": 5.954733104448417, "rate": 4.288522808327629}, "datetime": {"datetime": "2024-06-14 04:54:08", "elapsed": 3.79441, "delta": 0.008977}}
{"target": -138.5869438607607, "params": {"gamma": 3.8216243248488464, "prior": 1.3544625000845356, "rate": 2.4434223654265494}, "datetime": {"datetime": "2024-06-14 04:54:08", "elapsed": 3.803386, "delta": 0.008976}}
{"target": -107.38641396737471, "params": {"gamma": 0.7943364880002312, "prior": 3.098297216704028, "rate": 7.417306297515323}, "datetime": {"datetime": "2024-06-14 04:54:08", "elapsed": 3.812362, "delta": 0.008976}}
{"target": -569.505080587212, "params": {"gamma": 6.150542233985518, "prior": 6.7568698794458655, "rate": 0.08482241217079087}, "datetime": {"datetime": "2024-06-14 04:54:08", "elapsed": 3.849335, "delta": 0.036973}}
{"target": -383.8963163425097, "params": {"gamma": 6.784091345540948, "prior": 5.081488836374581, "rate": 2.309853596391308}, "datetime": {"datetime": "2024-06-14 04:54:08", "elapsed": 3.857827, "delta": 0.008492}}
{"target": -105.6974679283157, "params": {"gamma": 1.7497901933102402, "prior": 1.9313313589532155, "rate": 8.44275579074591}, "datetime": {"datetime": "2024-06-14 04:54:08", "elapsed": 3.866803, "delta": 0.008976}}
{"target": -588.15322136339, "params": {"gamma": 9.825915303261548, "prior": 9.146022285932153, "rate": 3.4743468343077555}, "datetime": {"datetime": "2024-06-14 04:54:08", "elapsed": 3.875779, "delta": 0.008976}}
{"target": -225.2511455819593, "params": {"gamma": 7.802465572333946, "prior": 5.509900447944164, "rate": 8.16460753316182}, "datetime": {"datetime": "2024-06-14 04:54:08", "elapsed": 3.885752, "delta": 0.009973}}
{"target": -171.05118636826387, "params": {"gamma": 4.8377857849378705, "prior": 5.9405178531640965, "rate": 7.872847211795091}, "datetime": {"datetime": "2024-06-14 04:54:08", "elapsed": 3.894238, "delta": 0.008486}}
{"target": -127.02260159806976, "params": {"gamma": 1.0032461963882202, "prior": 5.416370456721353, "rate": 3.660467483349873}, "datetime": {"datetime": "2024-06-14 04:54:08", "elapsed": 3.903262, "delta": 0.009024}}
{"target": -359.25401514422174, "params": {"gamma": 6.043464129845054, "prior": 9.592144904806304, "rate": 3.9288366270246278}, "datetime": {"datetime": "2024-06-14 04:54:08", "elapsed": 3.912238, "delta": 0.008976}}
{"target": -187.19615205630234, "params": {"gamma": 3.930337006418223, "prior": 7.927306236537028, "rate": 6.451138912455179}, "datetime": {"datetime": "2024-06-14 04:54:08", "elapsed": 3.921214, "delta": 0.008976}}
{"target": -216.91998933060586, "params": {"gamma": 3.9394461945459094, "prior": 6.920654977479489, "rate": 4.040612088934736}, "datetime": {"datetime": "2024-06-14 04:54:08", "elapsed": 3.930697, "delta": 0.009483}}
{"target": -127.84930959404308, "params": {"gamma": 1.3619954293269727, "prior": 4.561368359854131, "rate": 3.3448595075800287}, "datetime": {"datetime": "2024-06-14 04:54:08", "elapsed": 3.939704, "delta": 0.009007}}
{"target": -142.7536265356543, "params": {"gamma": 2.180471331681618, "prior": 9.265170536200754, "rate": 6.896704351396498}, "datetime": {"datetime": "2024-06-14 04:54:08", "elapsed": 3.948679, "delta": 0.008975}}
{"target": -272.9392525219611, "params": {"gamma": 5.988610085343597, "prior": 7.49190897401775, "rate": 5.420168646652644}, "datetime": {"datetime": "2024-06-14 04:54:08", "elapsed": 3.957657, "delta": 0.008978}}
{"target": -268.10435360315915, "params": {"gamma": 7.005630193122407, "prior": 9.312542210573467, "rate": 8.626304328357714}, "datetime": {"datetime": "2024-06-14 04:54:08", "elapsed": 3.966633, "delta": 0.008976}}
{"target": -168.66899378007167, "params": {"gamma": 1.6752511332077065, "prior": 2.705076336846355, "rate": 0.7170311841386036}, "datetime": {"datetime": "2024-06-14 04:54:08", "elapsed": 3.975612, "delta": 0.008979}}
{"target": -270.3411926335215, "params": {"gamma": 9.786749378778312, "prior": 2.4402025767377182, "rate": 6.6063229609300596}, "datetime": {"datetime": "2024-06-14 04:54:08", "elapsed": 3.984588, "delta": 0.008976}}
{"target": -106.3745121988611, "params": {"gamma": 0.8972173585756926, "prior": 2.1866323266614858, "rate": 5.028741010800528}, "datetime": {"datetime": "2024-06-14 04:54:08", "elapsed": 3.993564, "delta": 0.008976}}
{"target": -112.20325629730029, "params": {"gamma": 1.0504317296309502, "prior": 3.9498466866777715, "rate": 5.3803392136766695}, "datetime": {"datetime": "2024-06-14 04:54:08", "elapsed": 4.002546, "delta": 0.008982}}
{"target": -159.92537656772706, "params": {"gamma": 3.3927026446661146, "prior": 5.603412090153097, "rate": 5.368146451102699}, "datetime": {"datetime": "2024-06-14 04:54:08", "elapsed": 4.012515, "delta": 0.009969}}
{"target": -172.32659924797753, "params": {"gamma": 3.906714376870321, "prior": 6.993073822700919, "rate": 6.785146057525243}, "datetime": {"datetime": "2024-06-14 04:54:08", "elapsed": 4.021491, "delta": 0.008976}}
{"target": -331.5037728544049, "params": {"gamma": 6.8733441905945245, "prior": 5.6587634621138045, "rate": 3.5814410602153455}, "datetime": {"datetime": "2024-06-14 04:54:08", "elapsed": 4.03047, "delta": 0.008979}}
{"target": -298.32911657975404, "params": {"gamma": 6.131510241334756, "prior": 9.363789039421178, "rate": 5.969288360934786}, "datetime": {"datetime": "2024-06-14 04:54:08", "elapsed": 4.039446, "delta": 0.008976}}
{"target": -260.7080819680729, "params": {"gamma": 9.795922153419893, "prior": 4.465965542047824, "rate": 7.39638001311296}, "datetime": {"datetime": "2024-06-14 04:54:08", "elapsed": 4.048422, "delta": 0.008976}}
{"target": -133.46701330614044, "params": {"gamma": 0.3770011826173517, "prior": 7.6707937261048125, "rate": 5.1832975216877974}, "datetime": {"datetime": "2024-06-14 04:54:08", "elapsed": 4.057398, "delta": 0.008976}}
{"target": -145.1453249314836, "params": {"gamma": 0.05416001307807128, "prior": 2.8442810373477254, "rate": 5.348787492965596}, "datetime": {"datetime": "2024-06-14 04:54:08", "elapsed": 4.066374, "delta": 0.008976}}
{"target": -284.7117792238941, "params": {"gamma": 7.679860819934835, "prior": 0.6256166949799984, "rate": 5.490985385061347}, "datetime": {"datetime": "2024-06-14 04:54:08", "elapsed": 4.07535, "delta": 0.008976}}
{"target": -232.92455578100163, "params": {"gamma": 8.010144563427762, "prior": 6.530872243296941, "rate": 9.314538702914113}, "datetime": {"datetime": "2024-06-14 04:54:08", "elapsed": 4.084326, "delta": 0.008976}}
{"target": -105.9105548352793, "params": {"gamma": 0.7482397187025968, "prior": 2.8403839797458077, "rate": 9.192455805057469}, "datetime": {"datetime": "2024-06-14 04:54:08", "elapsed": 4.093303, "delta": 0.008977}}
{"target": -228.2856131648131, "params": {"gamma": 7.650286477833132, "prior": 6.037429410273777, "rate": 8.329848470226867}, "datetime": {"datetime": "2024-06-14 04:54:08", "elapsed": 4.102278, "delta": 0.008975}}
{"target": -307.16471123726825, "params": {"gamma": 8.960538872258445, "prior": 9.729931493242967, "rate": 9.98520655039097}, "datetime": {"datetime": "2024-06-14 04:54:08", "elapsed": 4.111255, "delta": 0.008977}}
{"target": -121.86348340067121, "params": {"gamma": 1.3973536875073507, "prior": 0.7983662429626219, "rate": 0.7355930769468734}, "datetime": {"datetime": "2024-06-14 04:54:08", "elapsed": 4.12023, "delta": 0.008975}}
{"target": -151.11651000686535, "params": {"gamma": 0.14842316520856935, "prior": 9.721018722481467, "rate": 0.9485743976558341}, "datetime": {"datetime": "2024-06-14 04:54:08", "elapsed": 4.129206, "delta": 0.008976}}
{"target": -373.6526569774118, "params": {"gamma": 8.417526525032311, "prior": 6.883212669386226, "rate": 4.876084117661699}, "datetime": {"datetime": "2024-06-14 04:54:08", "elapsed": 4.138182, "delta": 0.008976}}
{"target": -183.75235986570956, "params": {"gamma": 3.4676021187044235, "prior": 3.6011130919633505, "rate": 2.539134984589525}, "datetime": {"datetime": "2024-06-14 04:54:08", "elapsed": 4.147158, "delta": 0.008976}}
{"target": -774.5894724265323, "params": {"gamma": 9.110268719012566, "prior": 7.283861200399203, "rate": 0.2602320020499145}, "datetime": {"datetime": "2024-06-14 04:54:08", "elapsed": 4.156959, "delta": 0.009801}}
{"target": -383.6832799024992, "params": {"gamma": 4.615751011217899, "prior": 2.884882598114433, "rate": 0.2906328955928069}, "datetime": {"datetime": "2024-06-14 04:54:08", "elapsed": 4.165935, "delta": 0.008976}}
{"target": -507.87599957580176, "params": {"gamma": 8.846934261198635, "prior": 7.732953043751355, "rate": 3.298021057363365}, "datetime": {"datetime": "2024-06-14 04:54:08", "elapsed": 4.174911, "delta": 0.008976}}
{"target": -297.73842536909547, "params": {"gamma": 7.965789316779574, "prior": 3.3139193898096666, "rate": 3.0795165557326496}, "datetime": {"datetime": "2024-06-14 04:54:08", "elapsed": 4.183888, "delta": 0.008977}}
{"target": -479.6402061793338, "params": {"gamma": 9.281162675928762, "prior": 9.771470003263916, "rate": 5.236029491864212}, "datetime": {"datetime": "2024-06-14 04:54:08", "elapsed": 4.193861, "delta": 0.009973}}
{"target": -470.416819935587, "params": {"gamma": 9.519399740511682, "prior": 8.891165289872, "rate": 5.180807583382493}, "datetime": {"datetime": "2024-06-14 04:54:08", "elapsed": 4.202836, "delta": 0.008975}}
{"target": -200.85663922802516, "params": {"gamma": 3.728115272172759, "prior": 7.132510325364133, "rate": 4.5569786029958985}, "datetime": {"datetime": "2024-06-14 04:54:08", "elapsed": 4.211812, "delta": 0.008976}}
{"target": -263.57087327075584, "params": {"gamma": 6.052523738337006, "prior": 9.905021349210472, "rate": 7.739388583314729}, "datetime": {"datetime": "2024-06-14 04:54:08", "elapsed": 4.220788, "delta": 0.008976}}
{"target": -129.7075705756361, "params": {"gamma": 3.343429773533269, "prior": 0.9810823861415419, "rate": 1.8498709971938052}, "datetime": {"datetime": "2024-06-14 04:54:08", "elapsed": 4.229764, "delta": 0.008976}}
{"target": -164.0563174755564, "params": {"gamma": 5.2689919070424525, "prior": 4.229313939257894, "rate": 8.006795921634268}, "datetime": {"datetime": "2024-06-14 04:54:08", "elapsed": 4.23874, "delta": 0.008976}}
{"target": -295.1853852161767, "params": {"gamma": 9.332090179528631, "prior": 1.8608610047183507, "rate": 8.600807641991286}, "datetime": {"datetime": "2024-06-14 04:54:08", "elapsed": 4.248222, "delta": 0.009482}}
{"target": -807.2360583426749, "params": {"gamma": 9.57399186834036, "prior": 9.598759007812843, "rate": 0.37958801461658453}, "datetime": {"datetime": "2024-06-14 04:54:08", "elapsed": 4.257198, "delta": 0.008976}}
{"target": -106.75373513959545, "params": {"gamma": 0.576777472576129, "prior": 0.15739418988512105, "rate": 3.127498880398609}, "datetime": {"datetime": "2024-06-14 04:54:08", "elapsed": 4.266174, "delta": 0.008976}}
{"target": -121.0379461347153, "params": {"gamma": 0.5579284287083343, "prior": 3.0092386061583873, "rate": 3.5608088438258343}, "datetime": {"datetime": "2024-06-14 04:54:08", "elapsed": 4.27515, "delta": 0.008976}}
{"target": -473.6681946151956, "params": {"gamma": 9.536816507720744, "prior": 4.821814132619101, "rate": 2.783106185770882}, "datetime": {"datetime": "2024-06-14 04:54:08", "elapsed": 4.284126, "delta": 0.008976}}
{"target": -381.68542922194035, "params": {"gamma": 5.030548945314497, "prior": 6.469243454026442, "rate": 1.1133454800017826}, "datetime": {"datetime": "2024-06-14 04:54:08", "elapsed": 4.2941, "delta": 0.009974}}
{"target": -274.078402475655, "params": {"gamma": 7.580858519672953, "prior": 8.534263135744226, "rate": 8.442654345834713}, "datetime": {"datetime": "2024-06-14 04:54:08", "elapsed": 4.303075, "delta": 0.008975}}
{"target": -283.957950497196, "params": {"gamma": 8.905177817288482, "prior": 3.8802397278820355, "rate": 4.438608178466819}, "datetime": {"datetime": "2024-06-14 04:54:08", "elapsed": 4.312051, "delta": 0.008976}}
{"target": -102.06241058767489, "params": {"gamma": 1.0167131779857155, "prior": 2.335488532069228, "rate": 9.713233372262836}, "datetime": {"datetime": "2024-06-14 04:54:08", "elapsed": 4.321027, "delta": 0.008976}}
{"target": -145.43497988587777, "params": {"gamma": 2.8469550657183857, "prior": 9.083221808185874, "rate": 8.905632311496733}, "datetime": {"datetime": "2024-06-14 04:54:08", "elapsed": 4.330003, "delta": 0.008976}}
{"target": -303.0128591291315, "params": {"gamma": 9.225122468106674, "prior": 1.645880687963868, "rate": 8.797341712870308}, "datetime": {"datetime": "2024-06-14 04:54:08", "elapsed": 4.338979, "delta": 0.008976}}
{"target": -190.5369254373976, "params": {"gamma": 6.320317509680909, "prior": 2.1852189663461443, "rate": 3.4518140318860318}, "datetime": {"datetime": "2024-06-14 04:54:08", "elapsed": 4.347955, "delta": 0.008976}}
{"target": -176.81663458278362, "params": {"gamma": 1.6000279671042428, "prior": 4.499046758716659, "rate": 0.8386657635007598}, "datetime": {"datetime": "2024-06-14 04:54:08", "elapsed": 4.356931, "delta": 0.008976}}
{"target": -104.3007570952296, "params": {"gamma": 1.654019586311918, "prior": 2.052243830020026, "rate": 6.910582388225486}, "datetime": {"datetime": "2024-06-14 04:54:08", "elapsed": 4.365907, "delta": 0.008976}}
{"target": -386.59427531980396, "params": {"gamma": 5.738454888784365, "prior": 8.745899026963649, "rate": 2.447096023126362}, "datetime": {"datetime": "2024-06-14 04:54:08", "elapsed": 4.374883, "delta": 0.008976}}
{"target": -249.16517020609334, "params": {"gamma": 6.296449959232413, "prior": 0.4408695265402466, "rate": 5.162468412309614}, "datetime": {"datetime": "2024-06-14 04:54:08", "elapsed": 4.383859, "delta": 0.008976}}
{"target": -774.70634123666, "params": {"gamma": 8.632401590656782, "prior": 9.842852784460677, "rate": 0.09971988061382621}, "datetime": {"datetime": "2024-06-14 04:54:08", "elapsed": 4.392835, "delta": 0.008976}}
{"target": -216.76205293920728, "params": {"gamma": 2.5291619792860742, "prior": 2.316111736242501, "rate": 0.4763284046833772}, "datetime": {"datetime": "2024-06-14 04:54:08", "elapsed": 4.401811, "delta": 0.008976}}
{"target": -150.95618911508578, "params": {"gamma": 0.10271439016149476, "prior": 4.952933591217894, "rate": 0.4557759745572704}, "datetime": {"datetime": "2024-06-14 04:54:08", "elapsed": 4.410787, "delta": 0.008976}}
{"target": -187.43902345507024, "params": {"gamma": 2.784002980338173, "prior": 6.435748234178231, "rate": 2.9476257235674814}, "datetime": {"datetime": "2024-06-14 04:54:08", "elapsed": 4.419763, "delta": 0.008976}}
{"target": -164.78915877843556, "params": {"gamma": 2.6972773568893555, "prior": 5.946410570211314, "rate": 3.805960238019191}, "datetime": {"datetime": "2024-06-14 04:54:08", "elapsed": 4.42874, "delta": 0.008977}}
{"target": -223.65568350331208, "params": {"gamma": 7.025527816580048, "prior": 5.011627117373624, "rate": 6.33245944879897}, "datetime": {"datetime": "2024-06-14 04:54:09", "elapsed": 4.438713, "delta": 0.009973}}
{"target": -220.524391009608, "params": {"gamma": 3.5345900756692927, "prior": 2.9417350669395357, "rate": 1.3329379303972684}, "datetime": {"datetime": "2024-06-14 04:54:09", "elapsed": 4.447749, "delta": 0.009036}}
{"target": -292.8593817052196, "params": {"gamma": 9.370866767604843, "prior": 8.067874875556367, "rate": 9.380347403020368}, "datetime": {"datetime": "2024-06-14 04:54:09", "elapsed": 4.456726, "delta": 0.008977}}
{"target": -125.16904190959265, "params": {"gamma": 1.8546198659533752, "prior": 9.338242051949933, "rate": 9.357596323713638}, "datetime": {"datetime": "2024-06-14 04:54:09", "elapsed": 4.465702, "delta": 0.008976}}
{"target": -121.33119941843302, "params": {"gamma": 2.8361615915229414, "prior": 2.8188790593962434, "rate": 5.514764305160052}, "datetime": {"datetime": "2024-06-14 04:54:09", "elapsed": 4.474648, "delta": 0.008946}}
{"target": -158.4154440102282, "params": {"gamma": 1.8537071044461548, "prior": 4.476800995204981, "rate": 1.8539911417309063}, "datetime": {"datetime": "2024-06-14 04:54:09", "elapsed": 4.483624, "delta": 0.008976}}
{"target": -251.35685049630092, "params": {"gamma": 9.473811803621638, "prior": 4.988864109161748, "rate": 9.639213756472554}, "datetime": {"datetime": "2024-06-14 04:54:09", "elapsed": 4.4926, "delta": 0.008976}}
{"target": -186.97519363957556, "params": {"gamma": 6.449771783449607, "prior": 4.894726153020617, "rate": 9.676984764366013}, "datetime": {"datetime": "2024-06-14 04:54:09", "elapsed": 4.501576, "delta": 0.008976}}
{"target": -118.99179347785187, "params": {"gamma": 1.4327546273059197, "prior": 6.360065759198316, "rate": 6.6192217900001395}, "datetime": {"datetime": "2024-06-14 04:54:09", "elapsed": 4.510552, "delta": 0.008976}}
{"target": -170.4485943582548, "params": {"gamma": 4.3389644317001075, "prior": 0.6876365308556791, "rate": 4.927733289059168}, "datetime": {"datetime": "2024-06-14 04:54:09", "elapsed": 4.519528, "delta": 0.008976}}
{"target": -308.797084913965, "params": {"gamma": 4.651874301237257, "prior": 8.08679342667115, "rate": 2.5673532385398095}, "datetime": {"datetime": "2024-06-14 04:54:09", "elapsed": 4.529501, "delta": 0.009973}}
{"target": -137.35410781414862, "params": {"gamma": 3.914912199479702, "prior": 2.4777048514916347, "rate": 6.864747708308469}, "datetime": {"datetime": "2024-06-14 04:54:09", "elapsed": 4.538477, "delta": 0.008976}}
{"target": -308.24985473587816, "params": {"gamma": 9.898844649917818, "prior": 1.856552414995793, "rate": 8.214645955522746}, "datetime": {"datetime": "2024-06-14 04:54:09", "elapsed": 4.547454, "delta": 0.008977}}
