{"target": -194.1253488475472, "params": {"p_ai": 1.5683593484243095, "p_al": 7.545415559016262, "p_ex": 3.3004023148263886, "prior": 6.442312729689626, "rate": 5.654990510308829}, "datetime": {"datetime": "2024-06-13 03:31:09", "elapsed": 70.776318, "delta": 0.1295}}
{"target": -561.6548031770207, "params": {"p_ai": 8.995409627944824, "p_al": 8.806955495452243, "p_ex": 4.431670891867508, "prior": 2.048146129836078, "rate": 6.322291560542967}, "datetime": {"datetime": "2024-06-13 03:31:09", "elapsed": 70.886026, "delta": 0.109708}}
{"target": -361.8486268633829, "params": {"p_ai": 6.368722917490155, "p_al": 6.92448261628265, "p_ex": 9.074824554145266, "prior": 7.826027199467941, "rate": 6.253284067622613}, "datetime": {"datetime": "2024-06-13 03:31:10", "elapsed": 71.005705, "delta": 0.119679}}
{"target": -352.591138447022, "params": {"p_ai": 6.010054988385501, "p_al": 2.1283776016453526, "p_ex": 6.514002254616683, "prior": 8.145187207595269, "rate": 9.223302486048112}, "datetime": {"datetime": "2024-06-13 03:31:10", "elapsed": 71.117408, "delta": 0.111703}}
{"target": -531.25548694951, "params": {"p_ai": 9.166584470697245, "p_al": 5.611426959920494, "p_ex": 2.599079923429137, "prior": 3.338640770780343, "rate": 9.977625893322635}, "datetime": {"datetime": "2024-06-13 03:31:10", "elapsed": 71.241077, "delta": 0.123669}}
{"target": -339.88728582018643, "params": {"p_ai": 5.256452284389976, "p_al": 8.159250821705387, "p_ex": 5.970564861657937, "prior": 5.069796942895938, "rate": 3.4860476134416722}, "datetime": {"datetime": "2024-06-13 03:31:10", "elapsed": 71.359419, "delta": 0.118342}}
{"target": -250.69338647366058, "params": {"p_ai": 5.378167511784794, "p_al": 0.06834033523503891, "p_ex": 8.766981380159143, "prior": 5.615303328845261, "rate": 0.2437899718214612}, "datetime": {"datetime": "2024-06-13 03:31:10", "elapsed": 71.478204, "delta": 0.118785}}
{"target": -469.35568848336766, "params": {"p_ai": 8.181929278566322, "p_al": 1.3544085542298703, "p_ex": 0.30735634221060637, "prior": 4.623891705947023, "rate": 9.606606296174677}, "datetime": {"datetime": "2024-06-13 03:31:10", "elapsed": 71.5929, "delta": 0.114696}}
{"target": -161.9400419811115, "params": {"p_ai": 0.9370488703914385, "p_al": 0.656919562834297, "p_ex": 8.799475826643015, "prior": 8.213899043391342, "rate": 8.199874253028593}, "datetime": {"datetime": "2024-06-13 03:31:10", "elapsed": 71.700644, "delta": 0.107744}}
{"target": -307.40105998252136, "params": {"p_ai": 4.678712660105902, "p_al": 4.275493453510745, "p_ex": 4.011281986039528, "prior": 5.822568206350932, "rate": 7.289977723091737}, "datetime": {"datetime": "2024-06-13 03:31:10", "elapsed": 71.809059, "delta": 0.108415}}
{"target": -460.84983122440735, "params": {"p_ai": 7.843135731493912, "p_al": 6.548337076416619, "p_ex": 5.625099180595456, "prior": 4.1245136895947505, "rate": 3.1998307053765016}, "datetime": {"datetime": "2024-06-13 03:31:10", "elapsed": 71.916771, "delta": 0.107712}}
{"target": -212.11575200350657, "params": {"p_ai": 2.8631916804690256, "p_al": 2.9624710073123492, "p_ex": 6.827845908778269, "prior": 7.624649380413635, "rate": 5.976600250112773}, "datetime": {"datetime": "2024-06-13 03:31:11", "elapsed": 72.025527, "delta": 0.108756}}
{"target": -161.07750727854295, "params": {"p_ai": 2.229416058643355, "p_al": 1.9447558100267244, "p_ex": 7.657095501588769, "prior": 9.786959495931479, "rate": 0.1600837059640327}, "datetime": {"datetime": "2024-06-13 03:31:11", "elapsed": 72.133238, "delta": 0.107711}}
{"target": -258.12192200165816, "params": {"p_ai": 2.489732521683815, "p_al": 7.923336404835708, "p_ex": 7.191933812235796, "prior": 2.4605535974366086, "rate": 5.549368918377377}, "datetime": {"datetime": "2024-06-13 03:31:11", "elapsed": 72.240951, "delta": 0.107713}}
{"target": -381.3058262544177, "params": {"p_ai": 5.856272355196109, "p_al": 7.21412138219565, "p_ex": 4.637273438415798, "prior": 4.049079866755705, "rate": 3.080786698738075}, "datetime": {"datetime": "2024-06-13 03:31:11", "elapsed": 72.349401, "delta": 0.10845}}
{"target": -199.08041542579542, "params": {"p_ai": 2.3838507751598206, "p_al": 0.925941078147889, "p_ex": 6.4591879907890055, "prior": 6.696034914953822, "rate": 6.873747395694555}, "datetime": {"datetime": "2024-06-13 03:31:11", "elapsed": 72.457663, "delta": 0.108262}}
{"target": -154.50740471763137, "params": {"p_ai": 0.03245405892326011, "p_al": 4.383092072177341, "p_ex": 1.22641109574872, "prior": 5.266566747727368, "rate": 9.797416469397842}, "datetime": {"datetime": "2024-06-13 03:31:11", "elapsed": 72.566372, "delta": 0.108709}}
{"target": -268.0764197502051, "params": {"p_ai": 4.993270832622418, "p_al": 3.747125142755934, "p_ex": 8.13858608395356, "prior": 9.68204618100875, "rate": 2.8719466519104246}, "datetime": {"datetime": "2024-06-13 03:31:11", "elapsed": 72.674362, "delta": 0.10799}}
{"target": -504.44450399167226, "params": {"p_ai": 8.030197397425262, "p_al": 9.961418232195335, "p_ex": 1.1191305732763266, "prior": 5.310942498517634, "rate": 8.135452268270518}, "datetime": {"datetime": "2024-06-13 03:31:11", "elapsed": 72.782734, "delta": 0.108372}}
{"target": -332.5988141316161, "params": {"p_ai": 3.763565542385325, "p_al": 4.4582994882209785, "p_ex": 7.5092746940860025, "prior": 0.9843654431052541, "rate": 3.6059025236596125}, "datetime": {"datetime": "2024-06-13 03:31:11", "elapsed": 72.890829, "delta": 0.108095}}
{"target": -337.5793797693311, "params": {"p_ai": 5.637498846609272, "p_al": 2.3866173738298953, "p_ex": 8.399697763448607, "prior": 7.658744071907105, "rate": 9.655460253343795}, "datetime": {"datetime": "2024-06-13 03:31:12", "elapsed": 72.998536, "delta": 0.107707}}
{"target": -287.3201936462601, "params": {"p_ai": 5.230357762062273, "p_al": 1.06614005524794, "p_ex": 9.366233613591808, "prior": 8.342525658973996, "rate": 5.444637191871373}, "datetime": {"datetime": "2024-06-13 03:31:12", "elapsed": 73.106248, "delta": 0.107712}}
{"target": -480.4245963635998, "params": {"p_ai": 8.363186471576656, "p_al": 8.81702750262007, "p_ex": 7.76103529253161, "prior": 5.712968516447132, "rate": 6.153371915939358}, "datetime": {"datetime": "2024-06-13 03:31:12", "elapsed": 73.21396, "delta": 0.107712}}
{"target": -492.28865178950355, "params": {"p_ai": 8.444062435750944, "p_al": 6.222544146503024, "p_ex": 2.0655931119171287, "prior": 6.915192747116144, "rate": 5.320605487023739}, "datetime": {"datetime": "2024-06-13 03:31:12", "elapsed": 73.322669, "delta": 0.108709}}
{"target": -215.72985975152346, "params": {"p_ai": 2.633207341942995, "p_al": 0.008864628754834562, "p_ex": 2.3557421152378364, "prior": 6.735993413062344, "rate": 8.783323676609767}, "datetime": {"datetime": "2024-06-13 03:31:12", "elapsed": 73.431111, "delta": 0.108442}}
{"target": -473.04370572969924, "params": {"p_ai": 8.307194989836436, "p_al": 1.0819657484995155, "p_ex": 0.7121786702488597, "prior": 7.616161526478173, "rate": 2.849048887810949}, "datetime": {"datetime": "2024-06-13 03:31:12", "elapsed": 73.54082, "delta": 0.109709}}
{"target": -221.67761013688536, "params": {"p_ai": 2.718758721913716, "p_al": 0.021001005783708615, "p_ex": 0.9862915673948899, "prior": 1.356834876876139, "rate": 1.5944427020857364}, "datetime": {"datetime": "2024-06-13 03:31:12", "elapsed": 73.649529, "delta": 0.108709}}
{"target": -267.3763303453458, "params": {"p_ai": 4.453690712551038, "p_al": 8.141544011423479, "p_ex": 8.123168855569107, "prior": 9.099986227202798, "rate": 4.436476794164717}, "datetime": {"datetime": "2024-06-13 03:31:12", "elapsed": 73.75824, "delta": 0.108711}}
{"target": -547.7917676813788, "params": {"p_ai": 7.087396368942189, "p_al": 4.883852847086367, "p_ex": 0.49937573878707536, "prior": 0.8052339082615015, "rate": 2.4601774098261746}, "datetime": {"datetime": "2024-06-13 03:31:12", "elapsed": 73.866494, "delta": 0.108254}}
{"target": -553.0557425685148, "params": {"p_ai": 9.816235664501544, "p_al": 6.919480375538572, "p_ex": 2.680807810991347, "prior": 7.062926182268611, "rate": 6.6137999976813155}, "datetime": {"datetime": "2024-06-13 03:31:13", "elapsed": 73.974813, "delta": 0.108319}}
{"target": -209.43495860435067, "params": {"p_ai": 0.4338583185782008, "p_al": 3.6155143588327374, "p_ex": 7.737506106039536, "prior": 0.7861506254262016, "rate": 8.84395678364194}, "datetime": {"datetime": "2024-06-13 03:31:13", "elapsed": 74.083591, "delta": 0.108778}}
{"target": -556.7035076307327, "params": {"p_ai": 9.308752094249328, "p_al": 8.531002038386509, "p_ex": 1.174658663405379, "prior": 5.652169643537417, "rate": 7.075891918374401}, "datetime": {"datetime": "2024-06-13 03:31:13", "elapsed": 74.192538, "delta": 0.108947}}
{"target": -510.04233576551155, "params": {"p_ai": 8.879912919311819, "p_al": 0.958664516968829, "p_ex": 8.157890074908734, "prior": 2.7808853003561516, "rate": 5.923281570273373}, "datetime": {"datetime": "2024-06-13 03:31:13", "elapsed": 74.299252, "delta": 0.106714}}
{"target": -447.7573763818633, "params": {"p_ai": 7.198237298029824, "p_al": 7.7704144744548165, "p_ex": 2.947353825139696, "prior": 6.074158012949801, "rate": 2.8754412691491025}, "datetime": {"datetime": "2024-06-13 03:31:13", "elapsed": 74.407094, "delta": 0.107842}}
{"target": -550.8414560196968, "params": {"p_ai": 9.983169186094411, "p_al": 8.145241573815564, "p_ex": 4.140365184777405, "prior": 8.791542714456694, "rate": 7.325278649969429}, "datetime": {"datetime": "2024-06-13 03:31:13", "elapsed": 74.515802, "delta": 0.108708}}
{"target": -539.474694853018, "params": {"p_ai": 9.287540560346832, "p_al": 1.7169353317749951, "p_ex": 2.9490552142038204, "prior": 0.9382730240703474, "rate": 3.1804923357554484}, "datetime": {"datetime": "2024-06-13 03:31:13", "elapsed": 74.629228, "delta": 0.113426}}
{"target": -260.5819856984147, "params": {"p_ai": 3.812504948851634, "p_al": 6.327492683647917, "p_ex": 4.715727863547479, "prior": 7.176972138789694, "rate": 2.692966111483643}, "datetime": {"datetime": "2024-06-13 03:31:13", "elapsed": 74.73694, "delta": 0.107712}}
{"target": -198.90676374416202, "params": {"p_ai": 1.7313941351026625, "p_al": 3.7918469051508774, "p_ex": 4.381376292841118, "prior": 4.221843551590521, "rate": 9.135783296928588}, "datetime": {"datetime": "2024-06-13 03:31:13", "elapsed": 74.844583, "delta": 0.107643}}
{"target": -233.36795083240315, "params": {"p_ai": 2.696400616451196, "p_al": 3.5210819835488736, "p_ex": 2.1528813919731067, "prior": 3.7198581910313244, "rate": 3.8991640529202587}, "datetime": {"datetime": "2024-06-13 03:31:13", "elapsed": 74.952886, "delta": 0.108303}}
{"target": -353.37672941898205, "params": {"p_ai": 5.754695144061634, "p_al": 2.7843714212458077, "p_ex": 2.595663592769973, "prior": 7.190894889170183, "rate": 9.101876897017872}, "datetime": {"datetime": "2024-06-13 03:31:14", "elapsed": 75.059601, "delta": 0.106715}}
{"target": -174.12841664569632, "params": {"p_ai": 1.2218460988148518, "p_al": 1.8237074185290985, "p_ex": 1.3319633391141557, "prior": 6.836393220362168, "rate": 2.1408837173038955}, "datetime": {"datetime": "2024-06-13 03:31:14", "elapsed": 75.167918, "delta": 0.108317}}
{"target": -381.75942364327085, "params": {"p_ai": 6.046111461460431, "p_al": 2.0175856692950274, "p_ex": 8.177754179737551, "prior": 3.161755215449723, "rate": 6.696498030094077}, "datetime": {"datetime": "2024-06-13 03:31:14", "elapsed": 75.280617, "delta": 0.112699}}
{"target": -181.54238872892367, "params": {"p_ai": 1.4881868944628063, "p_al": 3.0601485254145184, "p_ex": 2.9731172115714624, "prior": 6.3511642455179445, "rate": 6.809124390706244}, "datetime": {"datetime": "2024-06-13 03:31:14", "elapsed": 75.38807, "delta": 0.107453}}
{"target": -450.641959667701, "params": {"p_ai": 8.452641216391733, "p_al": 1.8342857207824639, "p_ex": 7.6045372133000795, "prior": 7.119682083391317, "rate": 5.575881596860648}, "datetime": {"datetime": "2024-06-13 03:31:14", "elapsed": 75.496782, "delta": 0.108712}}
{"target": -388.8130549714891, "params": {"p_ai": 6.50197970017053, "p_al": 0.9008610352239393, "p_ex": 1.4696112814099909, "prior": 4.156301635445642, "rate": 7.1139955123219485}, "datetime": {"datetime": "2024-06-13 03:31:14", "elapsed": 75.606012, "delta": 0.10923}}
{"target": -169.96276381881776, "params": {"p_ai": 1.6790438150723197, "p_al": 3.8904024131038595, "p_ex": 4.979961592920374, "prior": 9.350522223405173, "rate": 0.5529072902964012}, "datetime": {"datetime": "2024-06-13 03:31:14", "elapsed": 75.714722, "delta": 0.10871}}
{"target": -497.8421423942904, "params": {"p_ai": 8.290245901995016, "p_al": 9.841614299141947, "p_ex": 2.6734588625853686, "prior": 8.90068298043714, "rate": 2.9037110876153163}, "datetime": {"datetime": "2024-06-13 03:31:14", "elapsed": 75.822401, "delta": 0.107679}}
{"target": -489.8820873899149, "params": {"p_ai": 7.990275974468122, "p_al": 4.599113822624364, "p_ex": 5.976488880119824, "prior": 2.367437100274259, "rate": 6.87646200664599}, "datetime": {"datetime": "2024-06-13 03:31:14", "elapsed": 75.931043, "delta": 0.108642}}
{"target": -175.174952225045, "params": {"p_ai": 1.4876999762661907, "p_al": 5.597305303518728, "p_ex": 4.943794976509587, "prior": 8.372222753498248, "rate": 4.815203685221957}, "datetime": {"datetime": "2024-06-13 03:31:15", "elapsed": 76.039979, "delta": 0.108936}}
{"target": -444.12869299901575, "params": {"p_ai": 7.847524868907307, "p_al": 4.003542773051022, "p_ex": 3.0797514283756215, "prior": 7.872484136639694, "rate": 4.185224174850338}, "datetime": {"datetime": "2024-06-13 03:31:15", "elapsed": 76.147693, "delta": 0.107714}}
{"target": -300.3287711229016, "params": {"p_ai": 4.968163846072137, "p_al": 5.773647990711966, "p_ex": 8.196837713155396, "prior": 5.813618426292567, "rate": 4.062022883905419}, "datetime": {"datetime": "2024-06-13 03:31:15", "elapsed": 76.256908, "delta": 0.109215}}
{"target": -266.88040106013347, "params": {"p_ai": 1.6067076982639186, "p_al": 7.021410937836175, "p_ex": 8.832444983696695, "prior": 1.0846805001536175, "rate": 4.662673544155003}, "datetime": {"datetime": "2024-06-13 03:31:15", "elapsed": 76.365199, "delta": 0.108291}}
{"target": -605.5790790782987, "params": {"p_ai": 9.34542051628517, "p_al": 5.635528165584233, "p_ex": 5.452989887556196, "prior": 0.6356920232315505, "rate": 5.353466496108746}, "datetime": {"datetime": "2024-06-13 03:31:15", "elapsed": 76.474005, "delta": 0.108806}}
{"target": -430.2436200015602, "params": {"p_ai": 6.545758496895561, "p_al": 1.466771864485812, "p_ex": 9.563690911740819, "prior": 1.962311768641484, "rate": 6.739586009585863}, "datetime": {"datetime": "2024-06-13 03:31:15", "elapsed": 76.582757, "delta": 0.108752}}
{"target": -224.17228578269652, "params": {"p_ai": 2.744137192928587, "p_al": 1.085199907484914, "p_ex": 2.6097471361451294, "prior": 3.3421841833472294, "rate": 4.647854040432997}, "datetime": {"datetime": "2024-06-13 03:31:15", "elapsed": 76.692056, "delta": 0.109299}}
{"target": -203.57885019305883, "params": {"p_ai": 2.3443300775714717, "p_al": 7.27531136269942, "p_ex": 8.072103829138065, "prior": 7.909964984873447, "rate": 7.157769735363946}, "datetime": {"datetime": "2024-06-13 03:31:15", "elapsed": 76.800765, "delta": 0.108709}}
{"target": -236.66477171043138, "params": {"p_ai": 2.6971628183640655, "p_al": 2.1053674526157167, "p_ex": 1.092174154085908, "prior": 3.9674143329261264, "rate": 0.8735791351201521}, "datetime": {"datetime": "2024-06-13 03:31:15", "elapsed": 76.908352, "delta": 0.107587}}
{"target": -788.4876666337344, "params": {"p_ai": 6.554241175168271, "p_al": 9.49833931470982, "p_ex": 7.556577172510941, "prior": 1.1698003792568261, "rate": 0.20579200593530117}, "datetime": {"datetime": "2024-06-13 03:31:16", "elapsed": 77.018059, "delta": 0.109707}}
{"target": -264.9690670856623, "params": {"p_ai": 3.349553409033682, "p_al": 9.928768691433605, "p_ex": 3.129004648022036, "prior": 7.37534048014249, "rate": 7.165577236537339}, "datetime": {"datetime": "2024-06-13 03:31:16", "elapsed": 77.12976, "delta": 0.111701}}
{"target": -352.1468905065123, "params": {"p_ai": 5.726003419355118, "p_al": 3.6770929306387004, "p_ex": 2.083448674606851, "prior": 9.800012165219913, "rate": 0.6598718062812502}, "datetime": {"datetime": "2024-06-13 03:31:16", "elapsed": 77.241462, "delta": 0.111702}}
{"target": -175.3287138917525, "params": {"p_ai": 2.363041291619063, "p_al": 3.0896858056306566, "p_ex": 9.09512403146957, "prior": 7.133979260927965, "rate": 2.654453130529889}, "datetime": {"datetime": "2024-06-13 03:31:16", "elapsed": 77.352696, "delta": 0.111234}}
{"target": -307.2610749507683, "params": {"p_ai": 1.6458485280836919, "p_al": 8.805093637851785, "p_ex": 7.938037541185965, "prior": 0.38483593233206737, "rate": 8.79312913512225}, "datetime": {"datetime": "2024-06-13 03:31:16", "elapsed": 77.464841, "delta": 0.112145}}
{"target": -472.32846474758594, "params": {"p_ai": 5.879809512359401, "p_al": 4.575914432666735, "p_ex": 6.73884491695568, "prior": 0.39538854255534034, "rate": 3.303881713493146}, "datetime": {"datetime": "2024-06-13 03:31:16", "elapsed": 77.577049, "delta": 0.112208}}
{"target": -180.06476915611714, "params": {"p_ai": 0.8813961296757109, "p_al": 6.836691010345723, "p_ex": 3.9807191404477567, "prior": 4.790061963647635, "rate": 2.8987435885845287}, "datetime": {"datetime": "2024-06-13 03:31:16", "elapsed": 77.687189, "delta": 0.11014}}
{"target": -447.0676540538298, "params": {"p_ai": 7.883156906603142, "p_al": 0.4660803099952485, "p_ex": 2.811975337992219, "prior": 5.906368021727022, "rate": 7.901544890842957}, "datetime": {"datetime": "2024-06-13 03:31:16", "elapsed": 77.794904, "delta": 0.107715}}
{"target": -524.8297571394279, "params": {"p_ai": 6.016391759783631, "p_al": 7.305156197867701, "p_ex": 0.23625562086340346, "prior": 2.5499809694961213, "rate": 0.42187550666388557}, "datetime": {"datetime": "2024-06-13 03:31:16", "elapsed": 77.903807, "delta": 0.108903}}
{"target": -454.4640063358927, "params": {"p_ai": 5.000623972289424, "p_al": 9.891413821111595, "p_ex": 0.1362915505440842, "prior": 4.409349504334219, "rate": 0.0488593946407395}, "datetime": {"datetime": "2024-06-13 03:31:17", "elapsed": 78.013223, "delta": 0.109416}}
{"target": -413.63223655697954, "params": {"p_ai": 6.1292733046741406, "p_al": 1.8344039025545689, "p_ex": 7.127705096121493, "prior": 1.5973254712175065, "rate": 8.28592797664837}, "datetime": {"datetime": "2024-06-13 03:31:17", "elapsed": 78.121029, "delta": 0.107806}}
{"target": -198.0815961010924, "params": {"p_ai": 2.0625754591785816, "p_al": 3.522810522045676, "p_ex": 2.3065541407607677, "prior": 8.077037240024012, "rate": 4.903209285941475}, "datetime": {"datetime": "2024-06-13 03:31:17", "elapsed": 78.229739, "delta": 0.10871}}
{"target": -483.34828344932413, "params": {"p_ai": 8.738461225360355, "p_al": 1.3017296410083459, "p_ex": 4.990082145540017, "prior": 7.766359726186858, "rate": 9.812120477742575}, "datetime": {"datetime": "2024-06-13 03:31:17", "elapsed": 78.33803, "delta": 0.108291}}
{"target": -465.55765095060633, "params": {"p_ai": 6.734103924215217, "p_al": 1.8308287966897505, "p_ex": 7.597969782524479, "prior": 0.747277516013488, "rate": 7.62796186474408}, "datetime": {"datetime": "2024-06-13 03:31:17", "elapsed": 78.446313, "delta": 0.108283}}
{"target": -452.58906612819516, "params": {"p_ai": 8.2783244939888, "p_al": 5.592537951402159, "p_ex": 4.927715577252471, "prior": 9.36533769934676, "rate": 0.0019694099260602308}, "datetime": {"datetime": "2024-06-13 03:31:17", "elapsed": 78.554559, "delta": 0.108246}}
{"target": -149.1948465466441, "params": {"p_ai": 0.0966593768907281, "p_al": 2.520262280031256, "p_ex": 5.057258956122923, "prior": 5.404626088310402, "rate": 3.7135529478230405}, "datetime": {"datetime": "2024-06-13 03:31:17", "elapsed": 78.663521, "delta": 0.108962}}
{"target": -235.79234662475616, "params": {"p_ai": 2.9278210405766725, "p_al": 2.0244710973929743, "p_ex": 8.003018662066845, "prior": 3.159913122914842, "rate": 4.925187387485644}, "datetime": {"datetime": "2024-06-13 03:31:17", "elapsed": 78.778559, "delta": 0.115038}}
{"target": -515.0557907062715, "params": {"p_ai": 8.11309762614833, "p_al": 6.123977065658692, "p_ex": 4.086676353275073, "prior": 1.7698653193819143, "rate": 3.977123246381154}, "datetime": {"datetime": "2024-06-13 03:31:17", "elapsed": 78.887661, "delta": 0.109102}}
{"target": -491.16877564903746, "params": {"p_ai": 4.852641324647453, "p_al": 9.905855341048484, "p_ex": 2.842666564129935, "prior": 1.6572311251158391, "rate": 2.206534559640926}, "datetime": {"datetime": "2024-06-13 03:31:18", "elapsed": 78.996876, "delta": 0.109215}}
{"target": -208.88381734363972, "params": {"p_ai": 2.115461976224172, "p_al": 0.761400858057041, "p_ex": 3.6497120765361126, "prior": 2.848055513881634, "rate": 8.876000332641663}, "datetime": {"datetime": "2024-06-13 03:31:18", "elapsed": 79.105092, "delta": 0.108216}}
{"target": -506.4657992692085, "params": {"p_ai": 7.802815839954234, "p_al": 1.09154050351661, "p_ex": 8.505184450178726, "prior": 1.0968764704846565, "rate": 7.2023572600056704}, "datetime": {"datetime": "2024-06-13 03:31:18", "elapsed": 79.213802, "delta": 0.10871}}
{"target": -325.7298304102551, "params": {"p_ai": 5.728670154913063, "p_al": 0.8689970342905287, "p_ex": 9.053375032737591, "prior": 8.745790582338879, "rate": 8.438673461887907}, "datetime": {"datetime": "2024-06-13 03:31:18", "elapsed": 79.322511, "delta": 0.108709}}
{"target": -187.3439557835243, "params": {"p_ai": 3.6963039838180336, "p_al": 2.2302911723421603, "p_ex": 9.971119436933105, "prior": 8.17356631642956, "rate": 0.42223947812043505}, "datetime": {"datetime": "2024-06-13 03:31:18", "elapsed": 79.430383, "delta": 0.107872}}
{"target": -308.3477101107168, "params": {"p_ai": 3.733405500770418, "p_al": 8.122057570514098, "p_ex": 5.284318582532073, "prior": 2.4720611251756845, "rate": 7.9290864165444885}, "datetime": {"datetime": "2024-06-13 03:31:18", "elapsed": 79.539123, "delta": 0.10874}}
