{"target": -1084.2876490874, "params": {"gamma": 5.131976926404618, "lr": 0.42942202968065213}, "datetime": {"datetime": "2024-06-13 22:59:32", "elapsed": 8.676253, "delta": 0.004987}}
{"target": -269.2640062598687, "params": {"gamma": 0.9168564269132811, "lr": 0.27367730380496647}, "datetime": {"datetime": "2024-06-13 22:59:32", "elapsed": 8.68124, "delta": 0.004987}}
{"target": -2570.5030706671246, "params": {"gamma": 8.866591497643999, "lr": 0.2459443412735529}, "datetime": {"datetime": "2024-06-13 22:59:32", "elapsed": 8.686226, "delta": 0.004986}}
{"target": -1259.0076007132327, "params": {"gamma": 6.212272679321877, "lr": 0.49500739584280073}, "datetime": {"datetime": "2024-06-13 22:59:32", "elapsed": 8.691213, "delta": 0.004987}}
{"target": -276.61450746729054, "params": {"gamma": 0.9446309868062094, "lr": 0.8993685313928761}, "datetime": {"datetime": "2024-06-13 22:59:32", "elapsed": 8.6962, "delta": 0.004987}}
{"target": -205.08702473823564, "params": {"gamma": 0.6786405537486796, "lr": 0.680702325466581}, "datetime": {"datetime": "2024-06-13 22:59:32", "elapsed": 8.701186, "delta": 0.004986}}
{"target": -2133.5823734179294, "params": {"gamma": 9.720009401703859, "lr": 0.709373790820744}, "datetime": {"datetime": "2024-06-13 22:59:33", "elapsed": 8.706172, "delta": 0.004986}}
{"target": -1154.0189493580933, "params": {"gamma": 3.2597612958632975, "lr": 0.07344016636799866}, "datetime": {"datetime": "2024-06-13 22:59:33", "elapsed": 8.71116, "delta": 0.004988}}
{"target": -1294.910435109271, "params": {"gamma": 5.797790733426387, "lr": 0.7335170182530933}, "datetime": {"datetime": "2024-06-13 22:59:33", "elapsed": 8.716146, "delta": 0.004986}}
{"target": -465.90396047367454, "params": {"gamma": 1.7569187206082415, "lr": 0.9997537973236718}, "datetime": {"datetime": "2024-06-13 23:00:01", "elapsed": 37.131628, "delta": 28.415482}}
{"target": -188.85815614614503, "params": {"gamma": 0.5377099991436616, "lr": 0.8480245360431088}, "datetime": {"datetime": "2024-06-13 23:00:27", "elapsed": 62.843125, "delta": 25.711497}}
{"target": -150.4129381815084, "params": {"gamma": 0.001, "lr": 0.0}, "datetime": {"datetime": "2024-06-13 23:00:44", "elapsed": 80.391298, "delta": 17.548173}}
{"target": -272.56285958659817, "params": {"gamma": 0.9254224820487047, "lr": 0.9872254773367676}, "datetime": {"datetime": "2024-06-13 23:01:22", "elapsed": 117.888686, "delta": 37.497388}}
{"target": -147.74443155063653, "params": {"gamma": 0.06015614373944889, "lr": 0.9327220747026002}, "datetime": {"datetime": "2024-06-13 23:01:43", "elapsed": 139.214745, "delta": 21.326059}}
{"target": -251.37755549098068, "params": {"gamma": 0.5831838001744246, "lr": 0.004366867254289697}, "datetime": {"datetime": "2024-06-13 23:02:10", "elapsed": 165.769516, "delta": 26.554771}}
{"target": -147.36131874934526, "params": {"gamma": 0.06558466141964464, "lr": 1.0}, "datetime": {"datetime": "2024-06-13 23:02:34", "elapsed": 190.617891, "delta": 24.848375}}
{"target": -437.3184359592965, "params": {"gamma": 1.6380465426115112, "lr": 0.9989729317783835}, "datetime": {"datetime": "2024-06-13 23:03:13", "elapsed": 229.075916, "delta": 38.458025}}
{"target": -1221.285913309261, "params": {"gamma": 5.532459911594318, "lr": 0.7020481994531945}, "datetime": {"datetime": "2024-06-13 23:03:23", "elapsed": 239.38538, "delta": 10.309464}}
{"target": -336.7582573737678, "params": {"gamma": 1.4853000029868202, "lr": 0.4066836824442297}, "datetime": {"datetime": "2024-06-13 23:03:33", "elapsed": 249.215368, "delta": 9.829988}}
{"target": -190.01158024416847, "params": {"gamma": 0.6124666171426212, "lr": 0.6229771796683728}, "datetime": {"datetime": "2024-06-13 23:04:22", "elapsed": 298.1302, "delta": 48.914832}}
{"target": -184.14408489030168, "params": {"gamma": 0.5387136518463909, "lr": 0.6820040167385889}, "datetime": {"datetime": "2024-06-13 23:04:48", "elapsed": 324.664919, "delta": 26.534719}}
{"target": -150.30948274608397, "params": {"gamma": 0.0015745689865474533, "lr": 0.8692443224384971}, "datetime": {"datetime": "2024-06-13 23:05:14", "elapsed": 349.817059, "delta": 25.15214}}
{"target": -215.48746812088436, "params": {"gamma": 0.7388268689086767, "lr": 0.7352626469794834}, "datetime": {"datetime": "2024-06-13 23:05:33", "elapsed": 369.31786, "delta": 19.500801}}
{"target": -209.74620717326414, "params": {"gamma": 0.5651288663390392, "lr": 1.0}, "datetime": {"datetime": "2024-06-13 23:05:52", "elapsed": 387.725067, "delta": 18.407207}}
{"target": -180.92076952982111, "params": {"gamma": 0.5080653043024984, "lr": 0.7723210268276243}, "datetime": {"datetime": "2024-06-13 23:06:45", "elapsed": 441.20134, "delta": 53.476273}}
{"target": -150.40956731574678, "params": {"gamma": 0.0014975711123226352, "lr": 0.16733157137288224}, "datetime": {"datetime": "2024-06-13 23:07:23", "elapsed": 478.818044, "delta": 37.616704}}
{"target": -150.4129381815084, "params": {"gamma": 0.3803410267783915, "lr": 0.0}, "datetime": {"datetime": "2024-06-13 23:08:00", "elapsed": 515.957297, "delta": 37.139253}}
{"target": -523.7932631112895, "params": {"gamma": 2.195616609602122, "lr": 0.832826239704753}, "datetime": {"datetime": "2024-06-13 23:08:09", "elapsed": 525.506951, "delta": 9.549654}}
{"target": -304.2640099275719, "params": {"gamma": 0.7610591845341541, "lr": 0.0020139326830685977}, "datetime": {"datetime": "2024-06-13 23:08:29", "elapsed": 545.185591, "delta": 19.67864}}
{"target": -150.4129381815084, "params": {"gamma": 0.09022034121260337, "lr": 0.0}, "datetime": {"datetime": "2024-06-13 23:09:11", "elapsed": 587.023706, "delta": 41.838115}}
{"target": -208.44609318177325, "params": {"gamma": 0.73871343454262, "lr": 0.6145985045526104}, "datetime": {"datetime": "2024-06-13 23:10:14", "elapsed": 650.214115, "delta": 63.190409}}
{"target": -288.8248519238826, "params": {"gamma": 0.9994383381122975, "lr": 0.9938516465266554}, "datetime": {"datetime": "2024-06-13 23:10:31", "elapsed": 667.308756, "delta": 17.094641}}
{"target": -939.0052716500422, "params": {"gamma": 4.614963540072418, "lr": 0.487979895010642}, "datetime": {"datetime": "2024-06-13 23:10:41", "elapsed": 676.710811, "delta": 9.402055}}
{"target": -175.86653177439592, "params": {"gamma": 0.451189306542098, "lr": 0.8438027088667635}, "datetime": {"datetime": "2024-06-13 23:11:16", "elapsed": 711.954725, "delta": 35.243914}}
