{"target": -955.2516940787866, "params": {"gamma": 6.139097026322785, "lr": 0.3241385298974466}, "datetime": {"datetime": "2024-06-13 17:04:58", "elapsed": 1.225694, "delta": 0.00399}}
{"target": -779.5223504363817, "params": {"gamma": 4.574144456728294, "lr": 0.44411710701661444}, "datetime": {"datetime": "2024-06-13 17:04:58", "elapsed": 1.228686, "delta": 0.002992}}
{"target": -1395.6192894833682, "params": {"gamma": 8.281525471954389, "lr": 0.4263481542362306}, "datetime": {"datetime": "2024-06-13 17:04:58", "elapsed": 1.232675, "delta": 0.003989}}
{"target": -754.2475940538578, "params": {"gamma": 3.4576425129338477, "lr": 0.6749716048091052}, "datetime": {"datetime": "2024-06-13 17:04:58", "elapsed": 1.235667, "delta": 0.002992}}
{"target": -393.666499752649, "params": {"gamma": 2.215599075279554, "lr": 0.4672458239265538}, "datetime": {"datetime": "2024-06-13 17:04:58", "elapsed": 1.239657, "delta": 0.00399}}
{"target": -642.7101915115255, "params": {"gamma": 3.1483421075528404, "lr": 0.6268556021628346}, "datetime": {"datetime": "2024-06-13 17:04:58", "elapsed": 1.242649, "delta": 0.002992}}
{"target": -1478.676207966229, "params": {"gamma": 8.773727386473432, "lr": 0.4476890001456285}, "datetime": {"datetime": "2024-06-13 17:04:58", "elapsed": 1.246638, "delta": 0.003989}}
{"target": -1312.7455538862887, "params": {"gamma": 7.84478973050044, "lr": 0.4569657005615504}, "datetime": {"datetime": "2024-06-13 17:04:58", "elapsed": 1.250627, "delta": 0.003989}}
{"target": -1641.6522383317401, "params": {"gamma": 6.562637087839597, "lr": 0.13184097502750214}, "datetime": {"datetime": "2024-06-13 17:04:58", "elapsed": 1.253619, "delta": 0.002992}}
{"target": -1068.7803720636737, "params": {"gamma": 4.3303820881695145, "lr": 0.9093119886549367}, "datetime": {"datetime": "2024-06-13 17:04:58", "elapsed": 1.257609, "delta": 0.00399}}
{"target": -1317.7677692859352, "params": {"gamma": 6.055184531308316, "lr": 0.7667745872371021}, "datetime": {"datetime": "2024-06-13 17:04:58", "elapsed": 1.260601, "delta": 0.002992}}
{"target": -853.1133717768588, "params": {"gamma": 5.047501380350848, "lr": 0.49805562482800747}, "datetime": {"datetime": "2024-06-13 17:04:58", "elapsed": 1.264591, "delta": 0.00399}}
{"target": -3255.1809031688945, "params": {"gamma": 8.429155502088307, "lr": 0.06780693434095375}, "datetime": {"datetime": "2024-06-13 17:04:58", "elapsed": 1.268088, "delta": 0.003497}}
{"target": -1415.4327129100548, "params": {"gamma": 5.733149443225297, "lr": 0.9427625754329493}, "datetime": {"datetime": "2024-06-13 17:04:58", "elapsed": 1.27108, "delta": 0.002992}}
{"target": -1014.9641878544171, "params": {"gamma": 5.179082621675048, "lr": 0.1944658095278845}, "datetime": {"datetime": "2024-06-13 17:04:58", "elapsed": 1.275069, "delta": 0.003989}}
{"target": -1305.4997836272182, "params": {"gamma": 8.479545985042318, "lr": 0.25163914235585283}, "datetime": {"datetime": "2024-06-13 17:04:58", "elapsed": 1.279059, "delta": 0.00399}}
{"target": -1302.6361181434727, "params": {"gamma": 7.007559638788898, "lr": 0.5402609403968999}, "datetime": {"datetime": "2024-06-13 17:04:58", "elapsed": 1.28205, "delta": 0.002991}}
{"target": -1888.55570740454, "params": {"gamma": 9.488414046513915, "lr": 0.6243367024026759}, "datetime": {"datetime": "2024-06-13 17:04:58", "elapsed": 1.28604, "delta": 0.00399}}
{"target": -3236.43064428272, "params": {"gamma": 8.379941642515245, "lr": 0.007932876194523097}, "datetime": {"datetime": "2024-06-13 17:04:58", "elapsed": 1.289032, "delta": 0.002992}}
{"target": -3813.0589597435796, "params": {"gamma": 9.893411221610213, "lr": 0.07771457033238649}, "datetime": {"datetime": "2024-06-13 17:04:58", "elapsed": 1.293021, "delta": 0.003989}}
{"target": -803.7324514244573, "params": {"gamma": 3.2219730066340815, "lr": 0.9461523954567653}, "datetime": {"datetime": "2024-06-13 17:04:58", "elapsed": 1.296014, "delta": 0.002993}}
{"target": -141.41146582133038, "params": {"gamma": 0.09038208461007943, "lr": 0.8227300054219355}, "datetime": {"datetime": "2024-06-13 17:04:58", "elapsed": 1.300003, "delta": 0.003989}}
{"target": -1446.891896593497, "params": {"gamma": 8.612255172029577, "lr": 0.4398308142085725}, "datetime": {"datetime": "2024-06-13 17:04:58", "elapsed": 1.303993, "delta": 0.00399}}
{"target": -586.9343552276556, "params": {"gamma": 2.558196192865506, "lr": 0.8026895196332986}, "datetime": {"datetime": "2024-06-13 17:04:58", "elapsed": 1.307981, "delta": 0.003988}}
{"target": -1200.5906445809549, "params": {"gamma": 4.77914218231778, "lr": 0.13433860865569613}, "datetime": {"datetime": "2024-06-13 17:04:58", "elapsed": 1.310973, "delta": 0.002992}}
{"target": -2213.598468513372, "params": {"gamma": 9.278562079257282, "lr": 0.8959699670066484}, "datetime": {"datetime": "2024-06-13 17:04:58", "elapsed": 1.314963, "delta": 0.00399}}
{"target": -1137.6300031872827, "params": {"gamma": 4.915959955019337, "lr": 0.8567024965177922}, "datetime": {"datetime": "2024-06-13 17:04:58", "elapsed": 1.318952, "delta": 0.003989}}
{"target": -908.3974820739522, "params": {"gamma": 4.1863616796152225, "lr": 0.6834649001663011}, "datetime": {"datetime": "2024-06-13 17:04:58", "elapsed": 1.322941, "delta": 0.003989}}
{"target": -749.7551533515635, "params": {"gamma": 3.9805084034398166, "lr": 0.5057420174508104}, "datetime": {"datetime": "2024-06-13 17:04:58", "elapsed": 1.325964, "delta": 0.003023}}
{"target": -485.12172493688826, "params": {"gamma": 1.896327476636439, "lr": 0.9649889241109139}, "datetime": {"datetime": "2024-06-13 17:04:58", "elapsed": 1.329923, "delta": 0.003959}}
{"target": -1007.7761903278847, "params": {"gamma": 2.9428626667543027, "lr": 0.10345955611640134}, "datetime": {"datetime": "2024-06-13 17:04:58", "elapsed": 1.333912, "delta": 0.003989}}
{"target": -599.8166851535311, "params": {"gamma": 1.4440096868902519, "lr": 0.014092294192442956}, "datetime": {"datetime": "2024-06-13 17:04:58", "elapsed": 1.336904, "delta": 0.002992}}
{"target": -1343.4091772992442, "params": {"gamma": 7.1597410489244835, "lr": 0.5644983202408741}, "datetime": {"datetime": "2024-06-13 17:04:58", "elapsed": 1.340893, "delta": 0.003989}}
{"target": -1474.304628816791, "params": {"gamma": 7.945988933496338, "lr": 0.5070799232841364}, "datetime": {"datetime": "2024-06-13 17:04:58", "elapsed": 1.343886, "delta": 0.002993}}
{"target": -1700.7360242692585, "params": {"gamma": 7.918418574002035, "lr": 0.6957642142718394}, "datetime": {"datetime": "2024-06-13 17:04:58", "elapsed": 1.347875, "delta": 0.003989}}
{"target": -1312.182082022751, "params": {"gamma": 7.778706920114895, "lr": 0.4064828689770863}, "datetime": {"datetime": "2024-06-13 17:04:58", "elapsed": 1.351864, "delta": 0.003989}}
{"target": -1355.3531633509133, "params": {"gamma": 6.478058561241625, "lr": 0.1797942976929744}, "datetime": {"datetime": "2024-06-13 17:04:58", "elapsed": 1.354856, "delta": 0.002992}}
{"target": -685.9726765139677, "params": {"gamma": 3.2188778139156518, "lr": 0.1726046201197925}, "datetime": {"datetime": "2024-06-13 17:04:58", "elapsed": 1.358845, "delta": 0.003989}}
{"target": -705.9924088703441, "params": {"gamma": 4.086963612907611, "lr": 0.2414187479655988}, "datetime": {"datetime": "2024-06-13 17:04:58", "elapsed": 1.361838, "delta": 0.002993}}
{"target": -1009.7410948628803, "params": {"gamma": 4.069813019299451, "lr": 0.9752223424373121}, "datetime": {"datetime": "2024-06-13 17:04:58", "elapsed": 1.365827, "delta": 0.003989}}
{"target": -799.3457573167597, "params": {"gamma": 3.2038729388944907, "lr": 0.9824909449748953}, "datetime": {"datetime": "2024-06-13 17:04:58", "elapsed": 1.369816, "delta": 0.003989}}
{"target": -992.968030271031, "params": {"gamma": 6.363424952433981, "lr": 0.375091018393911}, "datetime": {"datetime": "2024-06-13 17:04:58", "elapsed": 1.372808, "delta": 0.002992}}
{"target": -1708.178653745148, "params": {"gamma": 8.574987506336882, "lr": 0.6195867393685738}, "datetime": {"datetime": "2024-06-13 17:04:58", "elapsed": 1.376858, "delta": 0.00405}}
{"target": -566.8665790148647, "params": {"gamma": 2.521078768228263, "lr": 0.7928556779768876}, "datetime": {"datetime": "2024-06-13 17:04:58", "elapsed": 1.380356, "delta": 0.003498}}
{"target": -677.0420992973214, "params": {"gamma": 4.329952148832897, "lr": 0.3575111673304414}, "datetime": {"datetime": "2024-06-13 17:04:58", "elapsed": 1.384346, "delta": 0.00399}}
{"target": -721.7046428515935, "params": {"gamma": 3.3034390883142843, "lr": 0.6973688756131394}, "datetime": {"datetime": "2024-06-13 17:04:58", "elapsed": 1.387338, "delta": 0.002992}}
{"target": -615.1034531341919, "params": {"gamma": 2.6872325889383593, "lr": 0.8082780137053801}, "datetime": {"datetime": "2024-06-13 17:04:58", "elapsed": 1.391327, "delta": 0.003989}}
{"target": -563.5150745547592, "params": {"gamma": 2.953592655204078, "lr": 0.5441213835853572}, "datetime": {"datetime": "2024-06-13 17:04:58", "elapsed": 1.394319, "delta": 0.002992}}
{"target": -1129.3650539843902, "params": {"gamma": 4.879726996560219, "lr": 0.8553564125953698}, "datetime": {"datetime": "2024-06-13 17:04:58", "elapsed": 1.398308, "delta": 0.003989}}
{"target": -1724.1624710899555, "params": {"gamma": 8.883975957519464, "lr": 0.18438444236776674}, "datetime": {"datetime": "2024-06-13 17:04:58", "elapsed": 1.402297, "delta": 0.003989}}
{"target": -1402.155986380125, "params": {"gamma": 5.853899240923573, "lr": 0.8982050460171371}, "datetime": {"datetime": "2024-06-13 17:04:58", "elapsed": 1.40529, "delta": 0.002993}}
{"target": -1105.2087382221969, "params": {"gamma": 4.461726073125263, "lr": 0.9218683054838154}, "datetime": {"datetime": "2024-06-13 17:04:58", "elapsed": 1.408854, "delta": 0.003564}}
{"target": -569.3766721956426, "params": {"gamma": 2.790629913679252, "lr": 0.6088311741937957}, "datetime": {"datetime": "2024-06-13 17:04:58", "elapsed": 1.412841, "delta": 0.003987}}
{"target": -1160.752397457929, "params": {"gamma": 6.824854643958388, "lr": 0.2282057333504841}, "datetime": {"datetime": "2024-06-13 17:04:58", "elapsed": 1.41683, "delta": 0.003989}}
{"target": -142.47427277476316, "params": {"gamma": 0.13866135806461027, "lr": 0.4167239623706961}, "datetime": {"datetime": "2024-06-13 17:04:58", "elapsed": 1.42082, "delta": 0.00399}}
{"target": -1436.7254382804733, "params": {"gamma": 9.384880436675484, "lr": 0.34302810983040655}, "datetime": {"datetime": "2024-06-13 17:04:58", "elapsed": 1.424457, "delta": 0.003637}}
{"target": -1627.1340242215335, "params": {"gamma": 7.7976632105305175, "lr": 0.17473631282740743}, "datetime": {"datetime": "2024-06-13 17:04:58", "elapsed": 1.427447, "delta": 0.00299}}
{"target": -763.4321241459398, "params": {"gamma": 3.420186410188222, "lr": 0.14459772083809674}, "datetime": {"datetime": "2024-06-13 17:04:58", "elapsed": 1.431436, "delta": 0.003989}}
{"target": -1541.3012191848368, "params": {"gamma": 7.167991370649615, "lr": 0.6993076236968142}, "datetime": {"datetime": "2024-06-13 17:04:58", "elapsed": 1.435426, "delta": 0.00399}}
{"target": -1064.0648682460703, "params": {"gamma": 6.88528468217124, "lr": 0.25339603448629966}, "datetime": {"datetime": "2024-06-13 17:04:58", "elapsed": 1.439414, "delta": 0.003988}}
{"target": -1177.2349431153386, "params": {"gamma": 6.923908856112466, "lr": 0.22729754091594956}, "datetime": {"datetime": "2024-06-13 17:04:58", "elapsed": 1.442407, "delta": 0.002993}}
{"target": -645.7723585359813, "params": {"gamma": 4.247066510197466, "lr": 0.37192212166768723}, "datetime": {"datetime": "2024-06-13 17:04:58", "elapsed": 1.446396, "delta": 0.003989}}
{"target": -1398.2388503992327, "params": {"gamma": 3.553723808289602, "lr": 0.05765480724125638}, "datetime": {"datetime": "2024-06-13 17:04:58", "elapsed": 1.450385, "delta": 0.003989}}
{"target": -1373.1266385706326, "params": {"gamma": 6.316834622032531, "lr": 0.7073166026816995}, "datetime": {"datetime": "2024-06-13 17:04:58", "elapsed": 1.453377, "delta": 0.002992}}
{"target": -1227.7842788264427, "params": {"gamma": 6.136273356333854, "lr": 0.6483127561631246}, "datetime": {"datetime": "2024-06-13 17:04:58", "elapsed": 1.457367, "delta": 0.00399}}
{"target": -398.4483130990069, "params": {"gamma": 1.7002372014583604, "lr": 0.14944679893886248}, "datetime": {"datetime": "2024-06-13 17:04:58", "elapsed": 1.461356, "delta": 0.003989}}
{"target": -1212.4617538927566, "params": {"gamma": 5.142236260215303, "lr": 0.8753327263545391}, "datetime": {"datetime": "2024-06-13 17:04:58", "elapsed": 1.464349, "delta": 0.002993}}
{"target": -335.1704839470721, "params": {"gamma": 1.8403504620306732, "lr": 0.4628391187082599}, "datetime": {"datetime": "2024-06-13 17:04:58", "elapsed": 1.468337, "delta": 0.003988}}
{"target": -728.9819743453708, "params": {"gamma": 4.289894407965, "lr": 0.4972891859195163}, "datetime": {"datetime": "2024-06-13 17:04:58", "elapsed": 1.472327, "delta": 0.00399}}
{"target": -280.9859100711178, "params": {"gamma": 1.6159461940896331, "lr": 0.34244064113481054}, "datetime": {"datetime": "2024-06-13 17:04:58", "elapsed": 1.475319, "delta": 0.002992}}
{"target": -616.106460046707, "params": {"gamma": 2.6195421606310987, "lr": 0.844526943229479}, "datetime": {"datetime": "2024-06-13 17:04:58", "elapsed": 1.479308, "delta": 0.003989}}
{"target": -1349.486486286829, "params": {"gamma": 8.003522125518241, "lr": 0.4266391582681436}, "datetime": {"datetime": "2024-06-13 17:04:58", "elapsed": 1.483297, "delta": 0.003989}}
{"target": -1335.8633251598287, "params": {"gamma": 6.070547592429601, "lr": 0.14546561026621996}, "datetime": {"datetime": "2024-06-13 17:04:58", "elapsed": 1.486289, "delta": 0.002992}}
{"target": -809.6262708977033, "params": {"gamma": 5.096623328881369, "lr": 0.29694708578690454}, "datetime": {"datetime": "2024-06-13 17:04:58", "elapsed": 1.490279, "delta": 0.00399}}
{"target": -1844.8432354819413, "params": {"gamma": 8.596649884738442, "lr": 0.6715983809063899}, "datetime": {"datetime": "2024-06-13 17:04:58", "elapsed": 1.493271, "delta": 0.002992}}
{"target": -1942.9725093902975, "params": {"gamma": 6.335106652211588, "lr": 0.12475130006917923}, "datetime": {"datetime": "2024-06-13 17:04:58", "elapsed": 1.49726, "delta": 0.003989}}
{"target": -1164.8604373231565, "params": {"gamma": 4.706408207109359, "lr": 0.9865727795868815}, "datetime": {"datetime": "2024-06-13 17:04:58", "elapsed": 1.501249, "delta": 0.003989}}
{"target": -1890.1661195791542, "params": {"gamma": 9.483043441552578, "lr": 0.6450856402604436}, "datetime": {"datetime": "2024-06-13 17:04:58", "elapsed": 1.504241, "delta": 0.002992}}
{"target": -326.91462326519087, "params": {"gamma": 1.5180969854487043, "lr": 0.639126848719905}, "datetime": {"datetime": "2024-06-13 17:04:58", "elapsed": 1.508231, "delta": 0.00399}}
{"target": -953.1634243006514, "params": {"gamma": 5.657055463326731, "lr": 0.468665837661252}, "datetime": {"datetime": "2024-06-13 17:04:58", "elapsed": 1.51222, "delta": 0.003989}}
{"target": -814.6470556900927, "params": {"gamma": 4.280946657213234, "lr": 0.5992697556580301}, "datetime": {"datetime": "2024-06-13 17:04:58", "elapsed": 1.515212, "delta": 0.002992}}
{"target": -1841.981395005027, "params": {"gamma": 8.499848915271139, "lr": 0.7511210403719374}, "datetime": {"datetime": "2024-06-13 17:04:58", "elapsed": 1.519201, "delta": 0.003989}}
{"target": -1430.2985931950554, "params": {"gamma": 5.794026042432034, "lr": 0.9247041815360281}, "datetime": {"datetime": "2024-06-13 17:04:58", "elapsed": 1.523191, "delta": 0.00399}}
{"target": -205.01622577451315, "params": {"gamma": 0.6483350944320471, "lr": 0.9913465087318091}, "datetime": {"datetime": "2024-06-13 17:04:58", "elapsed": 1.526183, "delta": 0.002992}}
{"target": -172.5238079174222, "params": {"gamma": 0.5308924321372274, "lr": 0.19949554613856135}, "datetime": {"datetime": "2024-06-13 17:04:58", "elapsed": 1.530173, "delta": 0.00399}}
{"target": -1438.8224793101467, "params": {"gamma": 4.228103863783965, "lr": 0.10750887618516769}, "datetime": {"datetime": "2024-06-13 17:04:58", "elapsed": 1.534162, "delta": 0.003989}}
{"target": -2420.0354834816408, "params": {"gamma": 6.2370804395660215, "lr": 0.047992564048867314}, "datetime": {"datetime": "2024-06-13 17:04:58", "elapsed": 1.538151, "delta": 0.003989}}
{"target": -1129.6128175015128, "params": {"gamma": 2.8469541861884147, "lr": 0.06103668111967109}, "datetime": {"datetime": "2024-06-13 17:04:58", "elapsed": 1.541143, "delta": 0.002992}}
{"target": -1513.152098856974, "params": {"gamma": 7.035489791719707, "lr": 0.668456167589482}, "datetime": {"datetime": "2024-06-13 17:04:58", "elapsed": 1.545133, "delta": 0.00399}}
{"target": -749.1805226758934, "params": {"gamma": 3.7864273519127716, "lr": 0.1881942600298212}, "datetime": {"datetime": "2024-06-13 17:04:58", "elapsed": 1.549122, "delta": 0.003989}}
{"target": -1148.6640500705016, "params": {"gamma": 7.4703012854704225, "lr": 0.34037929076546725}, "datetime": {"datetime": "2024-06-13 17:04:58", "elapsed": 1.552113, "delta": 0.002991}}
{"target": -1330.5757275374465, "params": {"gamma": 7.953216372889023, "lr": 0.4879009391796203}, "datetime": {"datetime": "2024-06-13 17:04:58", "elapsed": 1.556103, "delta": 0.00399}}
{"target": -2046.7558045515152, "params": {"gamma": 5.257168774065444, "lr": 0.028490849491567216}, "datetime": {"datetime": "2024-06-13 17:04:58", "elapsed": 1.560092, "delta": 0.003989}}
{"target": -994.1212635289718, "params": {"gamma": 6.442675966770439, "lr": 0.3506565024321674}, "datetime": {"datetime": "2024-06-13 17:04:58", "elapsed": 1.563084, "delta": 0.002992}}
{"target": -407.9268943700721, "params": {"gamma": 2.292821067893365, "lr": 0.4338833762117006}, "datetime": {"datetime": "2024-06-13 17:04:58", "elapsed": 1.567073, "delta": 0.003989}}
{"target": -653.0723074152098, "params": {"gamma": 3.825292105251905, "lr": 0.46978904008636024}, "datetime": {"datetime": "2024-06-13 17:04:58", "elapsed": 1.571063, "delta": 0.00399}}
{"target": -1451.5455485147795, "params": {"gamma": 9.794854058443883, "lr": 0.36437807036823044}, "datetime": {"datetime": "2024-06-13 17:04:58", "elapsed": 1.574055, "delta": 0.002992}}
{"target": -1425.796407992161, "params": {"gamma": 7.744326923227059, "lr": 0.5527675965498925}, "datetime": {"datetime": "2024-06-13 17:04:58", "elapsed": 1.578044, "delta": 0.003989}}
{"target": -1362.4728004538688, "params": {"gamma": 8.891421759985722, "lr": 0.354952851149572}, "datetime": {"datetime": "2024-06-13 17:04:58", "elapsed": 1.581036, "delta": 0.002992}}
{"target": -616.194936667245, "params": {"gamma": 2.455941283184888, "lr": 0.9110192396569683}, "datetime": {"datetime": "2024-06-13 17:04:58", "elapsed": 1.585026, "delta": 0.00399}}
{"target": -168.10143888921263, "params": {"gamma": 0.43629910331389593, "lr": 0.9507534280610023}, "datetime": {"datetime": "2024-06-13 17:04:58", "elapsed": 1.589015, "delta": 0.003989}}
{"target": -871.3690157182738, "params": {"gamma": 5.5645127497935825, "lr": 0.3763632166870875}, "datetime": {"datetime": "2024-06-13 17:04:58", "elapsed": 1.592007, "delta": 0.002992}}
{"target": -3834.820461259913, "params": {"gamma": 9.950528171068772, "lr": 0.05836264614763165}, "datetime": {"datetime": "2024-06-13 17:04:58", "elapsed": 1.595996, "delta": 0.003989}}
{"target": -2012.6199376491272, "params": {"gamma": 5.167546891316355, "lr": 0.03109707545554785}, "datetime": {"datetime": "2024-06-13 17:04:58", "elapsed": 1.599986, "delta": 0.00399}}
{"target": -1197.6743369902301, "params": {"gamma": 5.712186216123149, "lr": 0.18046850899511557}, "datetime": {"datetime": "2024-06-13 17:04:58", "elapsed": 1.602977, "delta": 0.002991}}
{"target": -1556.3151504013074, "params": {"gamma": 6.309961044194965, "lr": 0.9809236757505815}, "datetime": {"datetime": "2024-06-13 17:04:58", "elapsed": 1.606967, "delta": 0.00399}}
{"target": -1474.5972526098305, "params": {"gamma": 8.749150609572597, "lr": 0.45183624942087064}, "datetime": {"datetime": "2024-06-13 17:04:58", "elapsed": 1.610956, "delta": 0.003989}}
{"target": -1538.5378661634643, "params": {"gamma": 7.084900239647121, "lr": 0.7774687500031893}, "datetime": {"datetime": "2024-06-13 17:04:58", "elapsed": 1.614945, "delta": 0.003989}}
{"target": -926.3426942392106, "params": {"gamma": 4.9489359987414545, "lr": 0.5285334901775651}, "datetime": {"datetime": "2024-06-13 17:04:58", "elapsed": 1.617937, "delta": 0.002992}}
{"target": -261.4315648973355, "params": {"gamma": 1.5086931993235537, "lr": 0.36939992561190627}, "datetime": {"datetime": "2024-06-13 17:04:58", "elapsed": 1.621927, "delta": 0.00399}}
{"target": -331.84415825099484, "params": {"gamma": 1.4230703094747938, "lr": 0.7268937533445626}, "datetime": {"datetime": "2024-06-13 17:04:58", "elapsed": 1.625916, "delta": 0.003989}}
{"target": -814.8714074300584, "params": {"gamma": 4.770652931028231, "lr": 0.44887883670676554}, "datetime": {"datetime": "2024-06-13 17:04:58", "elapsed": 1.628908, "delta": 0.002992}}
{"target": -1641.5509193171167, "params": {"gamma": 8.860093713682348, "lr": 0.5276187723115614}, "datetime": {"datetime": "2024-06-13 17:04:58", "elapsed": 1.632897, "delta": 0.003989}}
{"target": -641.9401650889142, "params": {"gamma": 4.091499228336683, "lr": 0.26889202221264585}, "datetime": {"datetime": "2024-06-13 17:04:58", "elapsed": 1.636887, "delta": 0.00399}}
{"target": -180.08699224738572, "params": {"gamma": 0.7210483396625298, "lr": 0.4181361337253158}, "datetime": {"datetime": "2024-06-13 17:04:58", "elapsed": 1.639879, "delta": 0.002992}}
{"target": -141.18696144337528, "params": {"gamma": 0.25850907058342715, "lr": 0.29115394055242805}, "datetime": {"datetime": "2024-06-13 17:04:58", "elapsed": 1.643868, "delta": 0.003989}}
{"target": -1245.1576466815732, "params": {"gamma": 5.035591588974117, "lr": 0.9659330650197223}, "datetime": {"datetime": "2024-06-13 17:04:58", "elapsed": 1.647858, "delta": 0.00399}}
