{"target": -767.1501403057565, "params": {"gamma": 1.9867164390362086, "lr": 0.0254762357788203}, "datetime": {"datetime": "2024-06-13 15:57:55", "elapsed": 2.284578, "delta": 0.00399}}
{"target": -1547.8416166543793, "params": {"gamma": 7.294247584863271, "lr": 0.7249167472191191}, "datetime": {"datetime": "2024-06-13 15:57:55", "elapsed": 2.288567, "delta": 0.003989}}
{"target": -768.9200300565682, "params": {"gamma": 3.304587071870666, "lr": 0.8434941260636555}, "datetime": {"datetime": "2024-06-13 15:57:55", "elapsed": 2.292556, "delta": 0.003989}}
{"target": -1014.7359218047667, "params": {"gamma": 4.284996317034784, "lr": 0.8646861447635343}, "datetime": {"datetime": "2024-06-13 15:57:55", "elapsed": 2.296546, "delta": 0.00399}}
{"target": -1239.033435225974, "params": {"gamma": 6.570997180804273, "lr": 0.5810356574180902}, "datetime": {"datetime": "2024-06-13 15:57:55", "elapsed": 2.300535, "delta": 0.003989}}
{"target": -386.3128881270212, "params": {"gamma": 2.008074152862875, "lr": 0.5295466104783949}, "datetime": {"datetime": "2024-06-13 15:57:55", "elapsed": 2.304524, "delta": 0.003989}}
{"target": -1407.6587502385273, "params": {"gamma": 8.944429751857296, "lr": 0.30499397583521604}, "datetime": {"datetime": "2024-06-13 15:57:55", "elapsed": 2.308514, "delta": 0.00399}}
{"target": -2075.136065766401, "params": {"gamma": 8.709585146001372, "lr": 0.9087452728583881}, "datetime": {"datetime": "2024-06-13 15:57:55", "elapsed": 2.312503, "delta": 0.003989}}
{"target": -695.243441870394, "params": {"gamma": 3.2991157822561417, "lr": 0.6830743663365642}, "datetime": {"datetime": "2024-06-13 15:57:55", "elapsed": 2.316492, "delta": 0.003989}}
{"target": -3371.1491772203844, "params": {"gamma": 8.992310274710121, "lr": 0.07569688175830336}, "datetime": {"datetime": "2024-06-13 15:57:55", "elapsed": 2.320482, "delta": 0.00399}}
{"target": -2049.907821891337, "params": {"gamma": 8.7860000441845, "lr": 0.1908393632684806}, "datetime": {"datetime": "2024-06-13 15:57:55", "elapsed": 2.323474, "delta": 0.002992}}
{"target": -1763.7774594418497, "params": {"gamma": 8.497839331269288, "lr": 0.6671187886992039}, "datetime": {"datetime": "2024-06-13 15:57:55", "elapsed": 2.327463, "delta": 0.003989}}
{"target": -917.9558094118249, "params": {"gamma": 3.4440476153050885, "lr": 0.151375569992799}, "datetime": {"datetime": "2024-06-13 15:57:55", "elapsed": 2.331453, "delta": 0.00399}}
{"target": -1457.4940779880847, "params": {"gamma": 6.354074243923046, "lr": 0.8477880437147416}, "datetime": {"datetime": "2024-06-13 15:57:55", "elapsed": 2.335442, "delta": 0.003989}}
{"target": -1628.2519291196554, "params": {"gamma": 8.218671898265342, "lr": 0.6282395971306578}, "datetime": {"datetime": "2024-06-13 15:57:55", "elapsed": 2.339431, "delta": 0.003989}}
{"target": -1796.750986807229, "params": {"gamma": 9.563058796042565, "lr": 0.5899231270757698}, "datetime": {"datetime": "2024-06-13 15:57:55", "elapsed": 2.343421, "delta": 0.00399}}
{"target": -394.711855308167, "params": {"gamma": 1.979130013694545, "lr": 0.4293307226164923}, "datetime": {"datetime": "2024-06-13 15:57:55", "elapsed": 2.34741, "delta": 0.003989}}
{"target": -823.7147427176477, "params": {"gamma": 3.3681232410129716, "lr": 0.991945011907281}, "datetime": {"datetime": "2024-06-13 15:57:55", "elapsed": 2.351399, "delta": 0.003989}}
{"target": -927.0402142937959, "params": {"gamma": 3.8029847246765303, "lr": 0.992700873664818}, "datetime": {"datetime": "2024-06-13 15:57:55", "elapsed": 2.355389, "delta": 0.00399}}
{"target": -1182.6000462261475, "params": {"gamma": 5.188523703083409, "lr": 0.17227970147712546}, "datetime": {"datetime": "2024-06-13 15:57:55", "elapsed": 2.359378, "delta": 0.003989}}
{"target": -181.58678572197192, "params": {"gamma": 0.7466661384435471, "lr": 0.37030569377388767}, "datetime": {"datetime": "2024-06-13 15:57:55", "elapsed": 2.363367, "delta": 0.003989}}
{"target": -277.8169383296207, "params": {"gamma": 1.235065179287484, "lr": 0.6345187162918416}, "datetime": {"datetime": "2024-06-13 15:57:55", "elapsed": 2.367357, "delta": 0.00399}}
{"target": -1007.2013865118744, "params": {"gamma": 4.13978453744836, "lr": 0.9909156325254501}, "datetime": {"datetime": "2024-06-13 15:57:55", "elapsed": 2.371346, "delta": 0.003989}}
{"target": -2432.8862361845872, "params": {"gamma": 9.299626280909525, "lr": 0.14923603230975002}, "datetime": {"datetime": "2024-06-13 15:57:55", "elapsed": 2.375335, "delta": 0.003989}}
{"target": -739.6261000258334, "params": {"gamma": 3.9494277431054683, "lr": 0.46157971096238615}, "datetime": {"datetime": "2024-06-13 15:57:55", "elapsed": 2.379324, "delta": 0.003989}}
{"target": -1214.9102863692444, "params": {"gamma": 5.609926602464331, "lr": 0.7803635232892685}, "datetime": {"datetime": "2024-06-13 15:57:55", "elapsed": 2.383314, "delta": 0.00399}}
{"target": -914.6898522035866, "params": {"gamma": 4.872451896825164, "lr": 0.4199935520102408}, "datetime": {"datetime": "2024-06-13 15:57:55", "elapsed": 2.387303, "delta": 0.003989}}
{"target": -646.9211730058895, "params": {"gamma": 2.6207350474886373, "lr": 0.9108061390867584}, "datetime": {"datetime": "2024-06-13 15:57:55", "elapsed": 2.391709, "delta": 0.004406}}
{"target": -149.49877534011233, "params": {"gamma": 0.22369284381650878, "lr": 0.8211218982189646}, "datetime": {"datetime": "2024-06-13 15:57:55", "elapsed": 2.395699, "delta": 0.00399}}
{"target": -411.0914841874432, "params": {"gamma": 1.8854955282645185, "lr": 0.6857568991725472}, "datetime": {"datetime": "2024-06-13 15:57:55", "elapsed": 2.399688, "delta": 0.003989}}
{"target": -867.5513499747041, "params": {"gamma": 3.552738684007098, "lr": 0.9742126278950913}, "datetime": {"datetime": "2024-06-13 15:57:55", "elapsed": 2.403677, "delta": 0.003989}}
{"target": -317.440954034136, "params": {"gamma": 1.22859852236475, "lr": 0.18756989261723955}, "datetime": {"datetime": "2024-06-13 15:57:55", "elapsed": 2.407667, "delta": 0.00399}}
{"target": -1672.101461451911, "params": {"gamma": 8.894535312169324, "lr": 0.5834063146082279}, "datetime": {"datetime": "2024-06-13 15:57:55", "elapsed": 2.411656, "delta": 0.003989}}
{"target": -1175.5617616451411, "params": {"gamma": 3.0931546002031376, "lr": 0.0007643854781880233}, "datetime": {"datetime": "2024-06-13 15:57:55", "elapsed": 2.415646, "delta": 0.00399}}
{"target": -618.9873216830882, "params": {"gamma": 2.2767497854842085, "lr": 0.1454036341712357}, "datetime": {"datetime": "2024-06-13 15:57:55", "elapsed": 2.419635, "delta": 0.003989}}
{"target": -497.54159978702876, "params": {"gamma": 2.035134809876536, "lr": 0.8963225568040046}, "datetime": {"datetime": "2024-06-13 15:57:55", "elapsed": 2.423624, "delta": 0.003989}}
{"target": -1882.3572420842197, "params": {"gamma": 8.731070688318136, "lr": 0.7002894376334498}, "datetime": {"datetime": "2024-06-13 15:57:55", "elapsed": 2.427613, "delta": 0.003989}}
{"target": -1071.885742900027, "params": {"gamma": 4.705506263845939, "lr": 0.8271360023322883}, "datetime": {"datetime": "2024-06-13 15:57:55", "elapsed": 2.431636, "delta": 0.004023}}
{"target": -812.7654619739786, "params": {"gamma": 4.958768144455039, "lr": 0.36348868328490525}, "datetime": {"datetime": "2024-06-13 15:57:55", "elapsed": 2.435592, "delta": 0.003956}}
{"target": -678.9906053445281, "params": {"gamma": 2.7567554245058266, "lr": 0.9247408135383717}, "datetime": {"datetime": "2024-06-13 15:57:55", "elapsed": 2.439581, "delta": 0.003989}}
{"target": -725.3850833450795, "params": {"gamma": 3.8705053533286655, "lr": 0.49288087343132025}, "datetime": {"datetime": "2024-06-13 15:57:55", "elapsed": 2.443571, "delta": 0.00399}}
{"target": -616.0725783264359, "params": {"gamma": 2.5451265850419067, "lr": 0.8849665188380633}, "datetime": {"datetime": "2024-06-13 15:57:55", "elapsed": 2.44756, "delta": 0.003989}}
{"target": -607.5279327836804, "params": {"gamma": 3.833251304596062, "lr": 0.29757471531387525}, "datetime": {"datetime": "2024-06-13 15:57:55", "elapsed": 2.451549, "delta": 0.003989}}
{"target": -1677.272293654566, "params": {"gamma": 7.17623202698535, "lr": 0.19086994317230743}, "datetime": {"datetime": "2024-06-13 15:57:55", "elapsed": 2.455539, "delta": 0.00399}}
{"target": -303.80183788299723, "params": {"gamma": 1.1828081008410374, "lr": 0.8369977822135122}, "datetime": {"datetime": "2024-06-13 15:57:55", "elapsed": 2.459528, "delta": 0.003989}}
{"target": -1401.2553387324856, "params": {"gamma": 7.441615077773983, "lr": 0.5905205476471171}, "datetime": {"datetime": "2024-06-13 15:57:55", "elapsed": 2.463518, "delta": 0.00399}}
{"target": -508.32646937914706, "params": {"gamma": 2.429672858073742, "lr": 0.6232471451875841}, "datetime": {"datetime": "2024-06-13 15:57:55", "elapsed": 2.467507, "delta": 0.003989}}
{"target": -1012.3749141522468, "params": {"gamma": 6.383914852090989, "lr": 0.32756944411232514}, "datetime": {"datetime": "2024-06-13 15:57:55", "elapsed": 2.472494, "delta": 0.004987}}
{"target": -208.3336036887489, "params": {"gamma": 0.6758259413323553, "lr": 0.8805385975643267}, "datetime": {"datetime": "2024-06-13 15:57:55", "elapsed": 2.476483, "delta": 0.003989}}
{"target": -999.34166839612, "params": {"gamma": 4.60010735401151, "lr": 0.7638727180664299}, "datetime": {"datetime": "2024-06-13 15:57:55", "elapsed": 2.479475, "delta": 0.002992}}
{"target": -493.4292445814459, "params": {"gamma": 2.539632320806454, "lr": 0.5913871822675169}, "datetime": {"datetime": "2024-06-13 15:57:55", "elapsed": 2.484461, "delta": 0.004986}}
{"target": -706.039816530136, "params": {"gamma": 4.288522808327629, "lr": 0.38210064254913956}, "datetime": {"datetime": "2024-06-13 15:57:55", "elapsed": 2.488451, "delta": 0.00399}}
{"target": -263.6671864222657, "params": {"gamma": 1.2680071250853806, "lr": 0.24426666320897583}, "datetime": {"datetime": "2024-06-13 15:57:55", "elapsed": 2.49244, "delta": 0.003989}}
{"target": -187.8721038124039, "params": {"gamma": 0.7943364880002312, "lr": 0.3028583047175786}, "datetime": {"datetime": "2024-06-13 15:57:55", "elapsed": 2.496429, "delta": 0.003989}}
{"target": -1504.227957900348, "params": {"gamma": 7.417306297515323, "lr": 0.6150157249710488}, "datetime": {"datetime": "2024-06-13 15:57:55", "elapsed": 2.500419, "delta": 0.00399}}
{"target": -2526.446403835011, "params": {"gamma": 6.724438578240325, "lr": 0.00838307952503159}, "datetime": {"datetime": "2024-06-13 15:57:55", "elapsed": 2.504408, "delta": 0.003989}}
{"target": -1225.2545037664875, "params": {"gamma": 6.784091345540948, "lr": 0.503180690542887}, "datetime": {"datetime": "2024-06-13 15:57:55", "elapsed": 2.508398, "delta": 0.00399}}
{"target": -542.5422896595, "params": {"gamma": 2.309853596391308, "lr": 0.17489650898192222}, "datetime": {"datetime": "2024-06-13 15:57:55", "elapsed": 2.512387, "delta": 0.003989}}
{"target": -445.988631691715, "params": {"gamma": 1.8506446725427474, "lr": 0.8442600050750985}, "datetime": {"datetime": "2024-06-13 15:57:55", "elapsed": 2.516377, "delta": 0.00399}}
{"target": -2365.0677497003944, "params": {"gamma": 9.825915303261548, "lr": 0.9137396248416316}, "datetime": {"datetime": "2024-06-13 15:57:55", "elapsed": 2.520365, "delta": 0.003988}}
{"target": -759.8318297945302, "params": {"gamma": 3.4743468343077555, "lr": 0.7802245796913637}, "datetime": {"datetime": "2024-06-13 15:57:55", "elapsed": 2.524355, "delta": 0.00399}}
{"target": -1235.8447568654083, "params": {"gamma": 5.464999452423606, "lr": 0.8164423975559377}, "datetime": {"datetime": "2024-06-13 15:57:55", "elapsed": 2.528344, "delta": 0.003989}}
{"target": -916.547688397859, "params": {"gamma": 4.8377857849378705, "lr": 0.5899512982994037}, "datetime": {"datetime": "2024-06-13 15:57:55", "elapsed": 2.532869, "delta": 0.004525}}
{"target": -2768.004738760634, "params": {"gamma": 7.872847211795091, "lr": 0.10023464310313235}, "datetime": {"datetime": "2024-06-13 15:57:55", "elapsed": 2.536857, "delta": 0.003988}}
{"target": -874.3581345341601, "params": {"gamma": 5.370534161288567, "lr": 0.36598334666965426}, "datetime": {"datetime": "2024-06-13 15:57:55", "elapsed": 2.540847, "delta": 0.00399}}
{"target": -1461.3431038546887, "params": {"gamma": 6.043464129845054, "lr": 0.9588025156370005}, "datetime": {"datetime": "2024-06-13 15:57:55", "elapsed": 2.544836, "delta": 0.003989}}
{"target": -649.3828987187627, "params": {"gamma": 3.9288366270246278, "lr": 0.39297299794161644}, "datetime": {"datetime": "2024-06-13 15:57:55", "elapsed": 2.548826, "delta": 0.00399}}
{"target": -1574.8543024463731, "params": {"gamma": 7.9065792989023995, "lr": 0.6450783990854264}, "datetime": {"datetime": "2024-06-13 15:57:55", "elapsed": 2.552815, "delta": 0.003989}}
{"target": -826.0904561711528, "params": {"gamma": 3.9394461945459094, "lr": 0.6889550482302514}, "datetime": {"datetime": "2024-06-13 15:57:55", "elapsed": 2.556804, "delta": 0.003989}}
{"target": -1221.0443707417762, "params": {"gamma": 4.040612088934736, "lr": 0.1361131542481221}, "datetime": {"datetime": "2024-06-13 15:57:55", "elapsed": 2.559796, "delta": 0.002992}}
{"target": -740.9286065442876, "params": {"gamma": 4.506982043452673, "lr": 0.3344193926972726}, "datetime": {"datetime": "2024-06-13 15:57:55", "elapsed": 2.564785, "delta": 0.004989}}
{"target": -543.6283362626376, "params": {"gamma": 2.180471331681618, "lr": 0.9257748016364399}, "datetime": {"datetime": "2024-06-13 15:57:55", "elapsed": 2.568773, "delta": 0.003988}}
{"target": -1299.712405729132, "params": {"gamma": 6.896704351396498, "lr": 0.5988208906234219}, "datetime": {"datetime": "2024-06-13 15:57:55", "elapsed": 2.572762, "delta": 0.003989}}
{"target": -1346.3481790091018, "params": {"gamma": 7.466828063757928, "lr": 0.5419710617714415}, "datetime": {"datetime": "2024-06-13 15:57:55", "elapsed": 2.576751, "delta": 0.003989}}
{"target": -1691.1605750101533, "params": {"gamma": 7.005630193122407, "lr": 0.9305598192498451}, "datetime": {"datetime": "2024-06-13 15:57:55", "elapsed": 2.580741, "delta": 0.00399}}
{"target": -1952.4020530049088, "params": {"gamma": 8.626304328357714, "lr": 0.1674418575065213}, "datetime": {"datetime": "2024-06-13 15:57:55", "elapsed": 2.58473, "delta": 0.003989}}
{"target": -1004.862130795512, "params": {"gamma": 2.6321271002148183, "lr": 0.07161027944180454}, "datetime": {"datetime": "2024-06-13 15:57:55", "elapsed": 2.588719, "delta": 0.003989}}
{"target": -1745.438180725452, "params": {"gamma": 9.786749378778312, "lr": 0.23638409866037557}, "datetime": {"datetime": "2024-06-13 15:57:55", "elapsed": 2.592708, "delta": 0.003989}}
{"target": -2412.044386232368, "params": {"gamma": 6.6063229609300596, "lr": 0.089630698927462}, "datetime": {"datetime": "2024-06-13 15:57:55", "elapsed": 2.596698, "delta": 0.00399}}
{"target": -403.3239964270202, "params": {"gamma": 2.1084986499281, "lr": 0.5028243835184045}, "datetime": {"datetime": "2024-06-13 15:57:55", "elapsed": 2.600687, "delta": 0.003989}}
{"target": -217.40422661649572, "params": {"gamma": 1.0504317296309502, "lr": 0.38887340269472437}, "datetime": {"datetime": "2024-06-13 15:57:55", "elapsed": 2.604676, "delta": 0.003989}}
{"target": -879.9096679787506, "params": {"gamma": 5.3803392136766695, "lr": 0.33920418488509996}, "datetime": {"datetime": "2024-06-13 15:57:55", "elapsed": 2.609664, "delta": 0.004988}}
{"target": -1008.1961855359589, "params": {"gamma": 5.559446211054629, "lr": 0.536768321942464}, "datetime": {"datetime": "2024-06-13 15:57:55", "elapsed": 2.613652, "delta": 0.003988}}
{"target": -819.3877070779971, "params": {"gamma": 3.906714376870321, "lr": 0.6962700831011029}, "datetime": {"datetime": "2024-06-13 15:57:55", "elapsed": 2.617642, "delta": 0.00399}}
{"target": -1411.066002047663, "params": {"gamma": 6.785146057525243, "lr": 0.6873031493743899}, "datetime": {"datetime": "2024-06-13 15:57:55", "elapsed": 2.621631, "delta": 0.003989}}
{"target": -917.3751141843932, "params": {"gamma": 5.615351096734943, "lr": 0.3580799140129358}, "datetime": {"datetime": "2024-06-13 15:57:55", "elapsed": 2.62562, "delta": 0.003989}}
{"target": -1482.3691693786177, "params": {"gamma": 6.131510241334756, "lr": 0.9357362666081998}, "datetime": {"datetime": "2024-06-13 15:57:55", "elapsed": 2.62961, "delta": 0.00399}}
{"target": -1443.6302109704222, "params": {"gamma": 5.969288360934786, "lr": 0.9795901743594252}, "datetime": {"datetime": "2024-06-13 15:57:55", "elapsed": 2.6336, "delta": 0.00399}}
{"target": -934.2276810033511, "params": {"gamma": 4.4106251974683035, "lr": 0.7396119625075467}, "datetime": {"datetime": "2024-06-13 15:57:55", "elapsed": 2.637588, "delta": 0.003988}}
{"target": -159.23849009457183, "params": {"gamma": 0.3770011826173517, "lr": 0.7647266390004861}, "datetime": {"datetime": "2024-06-13 15:57:55", "elapsed": 2.641577, "delta": 0.003989}}
{"target": -1952.5857400601947, "params": {"gamma": 5.1832975216877974, "lr": 0.0053165329611032375}, "datetime": {"datetime": "2024-06-13 15:57:55", "elapsed": 2.645567, "delta": 0.00399}}
{"target": -517.5561077426538, "params": {"gamma": 2.772723847721202, "lr": 0.5348322325198115}, "datetime": {"datetime": "2024-06-13 15:57:55", "elapsed": 2.649558, "delta": 0.003991}}
{"target": -2882.29259320751, "params": {"gamma": 7.679860819934835, "lr": 0.05309259545252509}, "datetime": {"datetime": "2024-06-13 15:57:55", "elapsed": 2.653546, "delta": 0.003988}}
{"target": -1241.618565406088, "params": {"gamma": 5.490985385061347, "lr": 0.800994555798356}, "datetime": {"datetime": "2024-06-13 15:57:55", "elapsed": 2.657535, "delta": 0.003989}}
{"target": -1569.465216884948, "params": {"gamma": 6.496180965729911, "lr": 0.9314470149929107}, "datetime": {"datetime": "2024-06-13 15:57:55", "elapsed": 2.661524, "delta": 0.003989}}
{"target": -187.2865071987562, "params": {"gamma": 0.7482397187025968, "lr": 0.2768064626005866}, "datetime": {"datetime": "2024-06-13 15:57:55", "elapsed": 2.665514, "delta": 0.00399}}
{"target": -1981.1135156193895, "params": {"gamma": 9.192455805057469, "lr": 0.7650051482981429}, "datetime": {"datetime": "2024-06-13 15:57:55", "elapsed": 2.669503, "delta": 0.003989}}
{"target": -1360.2534370337057, "params": {"gamma": 5.9978037043765156, "lr": 0.8329681438370704}, "datetime": {"datetime": "2024-06-13 15:57:55", "elapsed": 2.673492, "delta": 0.003989}}
{"target": -2158.2650341899007, "params": {"gamma": 8.960538872258445, "lr": 0.9727203528528249}, "datetime": {"datetime": "2024-06-13 15:57:55", "elapsed": 2.677482, "delta": 0.00399}}
{"target": -2997.3760488025605, "params": {"gamma": 9.98520655039097, "lr": 0.13964933368410348}, "datetime": {"datetime": "2024-06-13 15:57:55", "elapsed": 2.681472, "delta": 0.00399}}
{"target": -311.9144787492997, "params": {"gamma": 0.7063499053922482, "lr": 0.07346665436012334}, "datetime": {"datetime": "2024-06-13 15:57:55", "elapsed": 2.685461, "delta": 0.003989}}
{"target": -146.48431010232602, "params": {"gamma": 0.14842316520856935, "lr": 0.971820072977926}, "datetime": {"datetime": "2024-06-13 15:57:55", "elapsed": 2.689449, "delta": 0.003988}}
{"target": -256.72583269224754, "params": {"gamma": 0.9485743976558341, "lr": 0.8417368261858497}, "datetime": {"datetime": "2024-06-13 15:57:55", "elapsed": 2.693439, "delta": 0.00399}}
{"target": -1266.126082532459, "params": {"gamma": 6.852044796080089, "lr": 0.4875571674829181}, "datetime": {"datetime": "2024-06-13 15:57:55", "elapsed": 2.697429, "delta": 0.00399}}
{"target": -576.4850926006937, "params": {"gamma": 3.4676021187044235, "lr": 0.35364778706700506}, "datetime": {"datetime": "2024-06-13 15:57:55", "elapsed": 2.701418, "delta": 0.003989}}
{"target": -627.7128575348605, "params": {"gamma": 2.539134984589525, "lr": 0.9110179736986265}, "datetime": {"datetime": "2024-06-13 15:57:55", "elapsed": 2.705407, "delta": 0.003989}}
{"target": -2724.682573791412, "params": {"gamma": 7.256699812403196, "lr": 0.025925792784269874}, "datetime": {"datetime": "2024-06-13 15:57:55", "elapsed": 2.709396, "delta": 0.003989}}
{"target": -780.8329977623349, "params": {"gamma": 4.615751011217899, "lr": 0.28130127253681136}, "datetime": {"datetime": "2024-06-13 15:57:55", "elapsed": 2.713386, "delta": 0.00399}}
{"target": -153.5981142181229, "params": {"gamma": 0.2906328955928069, "lr": 0.8846818943092944}, "datetime": {"datetime": "2024-06-13 15:57:55", "elapsed": 2.718372, "delta": 0.004986}}
{"target": -1217.07693704042, "params": {"gamma": 7.710282574188869, "lr": 0.32973507924426093}, "datetime": {"datetime": "2024-06-13 15:57:55", "elapsed": 2.722362, "delta": 0.00399}}
{"target": -1256.5273448290166, "params": {"gamma": 7.965789316779574, "lr": 0.3246383222029966}, "datetime": {"datetime": "2024-06-13 15:57:55", "elapsed": 2.726351, "delta": 0.003989}}
{"target": -755.2955272286976, "params": {"gamma": 3.0795165557326496, "lr": 0.9281090785007262}, "datetime": {"datetime": "2024-06-13 15:57:55", "elapsed": 2.73034, "delta": 0.003989}}
{"target": -1754.8800693664837, "params": {"gamma": 9.769184703296556, "lr": 0.5235553047168928}, "datetime": {"datetime": "2024-06-13 15:57:55", "elapsed": 2.73433, "delta": 0.00399}}
{"target": -2246.90931297609, "params": {"gamma": 9.519399740511682, "lr": 0.8879964939264646}, "datetime": {"datetime": "2024-06-13 15:57:55", "elapsed": 2.738319, "delta": 0.003989}}
{"target": -844.3186955925739, "params": {"gamma": 5.180807583382493, "lr": 0.3727488020974856}, "datetime": {"datetime": "2024-06-13 15:57:55", "elapsed": 2.742308, "delta": 0.003989}}
{"target": -1311.9070211186236, "params": {"gamma": 7.103835428617774, "lr": 0.455643424642054}, "datetime": {"datetime": "2024-06-13 15:57:55", "elapsed": 2.746298, "delta": 0.00399}}
{"target": -1463.5065572873893, "params": {"gamma": 6.052523738337006, "lr": 0.9904061968899467}, "datetime": {"datetime": "2024-06-13 15:57:55", "elapsed": 2.750287, "delta": 0.003989}}
{"target": -1256.5949053607285, "params": {"gamma": 7.739388583314729, "lr": 0.33427640499382627}, "datetime": {"datetime": "2024-06-13 15:57:55", "elapsed": 2.754276, "delta": 0.003989}}
