{"target": -300.28652384093743, "params": {"gamma": 6.250711640076693, "prior": 6.634028573401182, "rate": 7.340553331594224}, "datetime": {"datetime": "2024-06-14 19:13:43", "elapsed": 18.533638, "delta": 0.009944}}
{"target": -323.1099116543911, "params": {"gamma": 5.54904548691878, "prior": 1.162819548016187, "rate": 6.403837458691426}, "datetime": {"datetime": "2024-06-14 19:13:43", "elapsed": 18.543611, "delta": 0.009973}}
{"target": -367.9905405907285, "params": {"gamma": 6.705637999047665, "prior": 2.5760592163646616, "rate": 9.48280432589309}, "datetime": {"datetime": "2024-06-14 19:13:43", "elapsed": 18.554582, "delta": 0.010971}}
{"target": -225.07029123737217, "params": {"gamma": 4.527038501594155, "prior": 8.680484824940818, "rate": 6.5311578451151915}, "datetime": {"datetime": "2024-06-14 19:13:43", "elapsed": 18.564555, "delta": 0.009973}}
{"target": -298.94685345722365, "params": {"gamma": 6.165734558182161, "prior": 5.53906870999164, "rate": 6.4760270347112066}, "datetime": {"datetime": "2024-06-14 19:13:43", "elapsed": 18.574528, "delta": 0.009973}}
{"target": -375.9509631202647, "params": {"gamma": 8.443508165581074, "prior": 7.79110035202588, "rate": 6.726602036977152}, "datetime": {"datetime": "2024-06-14 19:13:43", "elapsed": 18.584502, "delta": 0.009974}}
{"target": -147.69785961680586, "params": {"gamma": 0.31942149138614195, "prior": 0.18607824607212345, "rate": 3.5860179122930487}, "datetime": {"datetime": "2024-06-14 19:13:43", "elapsed": 18.595473, "delta": 0.010971}}
{"target": -146.59967953815405, "params": {"gamma": 0.30730757815686666, "prior": 5.226689787064359, "rate": 0.036535454134401193}, "datetime": {"datetime": "2024-06-14 19:13:43", "elapsed": 18.605446, "delta": 0.009973}}
{"target": -266.0023887071786, "params": {"gamma": 4.80782326402619, "prior": 3.8383252631823646, "rate": 9.57468291548391}, "datetime": {"datetime": "2024-06-14 19:13:43", "elapsed": 18.615419, "delta": 0.009973}}
{"target": -146.20003888851127, "params": {"gamma": 0.5594796463757505, "prior": 0.7453906352106907, "rate": 8.492816205896958}, "datetime": {"datetime": "2024-06-14 19:13:43", "elapsed": 18.62639, "delta": 0.010971}}
{"target": -298.2754961922643, "params": {"gamma": 7.95278352446082, "prior": 9.364876906499536, "rate": 0.7832882493134576}, "datetime": {"datetime": "2024-06-14 19:13:43", "elapsed": 18.636363, "delta": 0.009973}}
{"target": -278.3388682175386, "params": {"gamma": 6.201377645038051, "prior": 5.192608250406824, "rate": 3.2164188746044267}, "datetime": {"datetime": "2024-06-14 19:13:43", "elapsed": 18.646337, "delta": 0.009974}}
{"target": -247.64545035276223, "params": {"gamma": 6.108503694482293, "prior": 9.188970106003065, "rate": 0.6265924993176286}, "datetime": {"datetime": "2024-06-14 19:13:43", "elapsed": 18.65631, "delta": 0.009973}}
{"target": -323.4296821530448, "params": {"gamma": 6.597601675698143, "prior": 2.9231979136433965, "rate": 4.05507146708443}, "datetime": {"datetime": "2024-06-14 19:13:43", "elapsed": 18.666284, "delta": 0.009974}}
{"target": -484.93662376300273, "params": {"gamma": 8.497095650065528, "prior": 1.3051221032419362, "rate": 8.429867764940202}, "datetime": {"datetime": "2024-06-14 19:13:43", "elapsed": 18.677254, "delta": 0.01097}}
{"target": -212.82684018485895, "params": {"gamma": 4.043023200888809, "prior": 9.840486039447793, "rate": 9.180238599391384}, "datetime": {"datetime": "2024-06-14 19:13:44", "elapsed": 18.687832, "delta": 0.010578}}
{"target": -209.38054657196335, "params": {"gamma": 4.077336153001339, "prior": 3.0494110501065124, "rate": 2.210242885260159}, "datetime": {"datetime": "2024-06-14 19:13:44", "elapsed": 18.697805, "delta": 0.009973}}
{"target": -158.64877256839713, "params": {"gamma": 2.178141660255354, "prior": 7.710506836041361, "rate": 7.554669376147851}, "datetime": {"datetime": "2024-06-14 19:13:44", "elapsed": 18.708776, "delta": 0.010971}}
{"target": -496.1664129262113, "params": {"gamma": 9.782554060479685, "prior": 0.9247667416835517, "rate": 2.20261362016969}, "datetime": {"datetime": "2024-06-14 19:13:44", "elapsed": 18.718778, "delta": 0.010002}}
{"target": -441.00721519645407, "params": {"gamma": 9.837125648386799, "prior": 5.509106350626703, "rate": 5.537150485250019}, "datetime": {"datetime": "2024-06-14 19:13:44", "elapsed": 18.728723, "delta": 0.009945}}
{"target": -190.52083668304746, "params": {"gamma": 3.4883611819824956, "prior": 7.06748571585924, "rate": 4.998138049601288}, "datetime": {"datetime": "2024-06-14 19:13:44", "elapsed": 18.739693, "delta": 0.01097}}
{"target": -210.100792798632, "params": {"gamma": 4.695463118034527, "prior": 5.542751161345011, "rate": 0.25277683452447997}, "datetime": {"datetime": "2024-06-14 19:13:44", "elapsed": 18.749667, "delta": 0.009974}}
{"target": -296.291120191955, "params": {"gamma": 5.313075133078175, "prior": 1.4163491522539797, "rate": 4.589832013123402}, "datetime": {"datetime": "2024-06-14 19:13:44", "elapsed": 18.759642, "delta": 0.009975}}
{"target": -142.06981770194133, "params": {"gamma": 0.8236297527845414, "prior": 8.900720326296751, "rate": 3.7848776219177442}, "datetime": {"datetime": "2024-06-14 19:13:44", "elapsed": 18.770611, "delta": 0.010969}}
{"target": -202.11979747820055, "params": {"gamma": 4.304116749507192, "prior": 7.4464056980919, "rate": 1.5585894193146912}, "datetime": {"datetime": "2024-06-14 19:13:44", "elapsed": 18.780813, "delta": 0.010202}}
{"target": -266.6166777077418, "params": {"gamma": 5.750661895522346, "prior": 5.159372732252272, "rate": 3.6836674731700536}, "datetime": {"datetime": "2024-06-14 19:13:44", "elapsed": 18.791784, "delta": 0.010971}}
{"target": -298.8979578896457, "params": {"gamma": 6.833671828543643, "prior": 7.965413407633205, "rate": 4.677377247445764}, "datetime": {"datetime": "2024-06-14 19:13:44", "elapsed": 18.802754, "delta": 0.01097}}
{"target": -274.60075503338936, "params": {"gamma": 6.273883706867163, "prior": 9.134137256508124, "rate": 4.570261651531608}, "datetime": {"datetime": "2024-06-14 19:13:44", "elapsed": 18.812729, "delta": 0.009975}}
{"target": -144.51837517336926, "params": {"gamma": 1.3510644515976318, "prior": 5.4780076342581925, "rate": 4.300850527874765}, "datetime": {"datetime": "2024-06-14 19:13:44", "elapsed": 18.823698, "delta": 0.010969}}
{"target": -299.67223000467, "params": {"gamma": 7.6833624868607115, "prior": 7.996978647259612, "rate": 1.719287872743418}, "datetime": {"datetime": "2024-06-14 19:13:44", "elapsed": 18.833672, "delta": 0.009974}}
{"target": -255.0550195573261, "params": {"gamma": 4.379951424269699, "prior": 2.741527848856144, "rate": 9.54693755681465}, "datetime": {"datetime": "2024-06-14 19:13:44", "elapsed": 18.844643, "delta": 0.010971}}
{"target": -420.2410464472236, "params": {"gamma": 9.368784466603346, "prior": 4.400052644616815, "rate": 4.310675867474359}, "datetime": {"datetime": "2024-06-14 19:13:44", "elapsed": 18.854616, "delta": 0.009973}}
{"target": -310.2555329964316, "params": {"gamma": 7.465025027815888, "prior": 6.000161900798046, "rate": 2.5914507949566294}, "datetime": {"datetime": "2024-06-14 19:13:44", "elapsed": 18.865586, "delta": 0.01097}}
{"target": -235.94200468693515, "params": {"gamma": 4.832217482249796, "prior": 8.912072929132934, "rate": 6.815859364103486}, "datetime": {"datetime": "2024-06-14 19:13:44", "elapsed": 18.87556, "delta": 0.009974}}
{"target": -244.18842756730905, "params": {"gamma": 5.631702156360547, "prior": 8.779863851817137, "rate": 2.763487550262558}, "datetime": {"datetime": "2024-06-14 19:13:44", "elapsed": 18.885533, "delta": 0.009973}}
{"target": -538.389238537182, "params": {"gamma": 9.968477906522146, "prior": 2.07841434989855, "rate": 8.398095485642296}, "datetime": {"datetime": "2024-06-14 19:13:44", "elapsed": 18.896504, "delta": 0.010971}}
{"target": -325.5292660631596, "params": {"gamma": 7.423677265955892, "prior": 8.654133782311007, "rate": 5.849590827242212}, "datetime": {"datetime": "2024-06-14 19:13:44", "elapsed": 18.906477, "delta": 0.009973}}
{"target": -167.11249868588305, "params": {"gamma": 2.324580257505538, "prior": 4.8868473200156455, "rate": 8.623889760611993}, "datetime": {"datetime": "2024-06-14 19:13:44", "elapsed": 18.917448, "delta": 0.010971}}
{"target": -449.5912347312578, "params": {"gamma": 7.9782472422770105, "prior": 1.8177543148375053, "rate": 9.922107078907667}, "datetime": {"datetime": "2024-06-14 19:13:44", "elapsed": 18.928419, "delta": 0.010971}}
{"target": -147.136299980089, "params": {"gamma": 0.30509199963247896, "prior": 3.987219786468616, "rate": 7.544258751962611}, "datetime": {"datetime": "2024-06-14 19:13:44", "elapsed": 18.938415, "delta": 0.009996}}
{"target": -549.7198395853271, "params": {"gamma": 9.737423089296351, "prior": 1.5070537571269909, "rate": 9.240481445983646}, "datetime": {"datetime": "2024-06-14 19:13:44", "elapsed": 18.95036, "delta": 0.011945}}
{"target": -157.36888482362957, "params": {"gamma": 2.1910205215764544, "prior": 5.571121613460873, "rate": 4.328641890073879}, "datetime": {"datetime": "2024-06-14 19:13:44", "elapsed": 18.96133, "delta": 0.01097}}
{"target": -382.97246262480303, "params": {"gamma": 8.080742990009732, "prior": 1.471838851029407, "rate": 1.909508341737192}, "datetime": {"datetime": "2024-06-14 19:13:44", "elapsed": 18.971333, "delta": 0.010003}}
{"target": -320.3049929189664, "params": {"gamma": 5.6755575331194175, "prior": 2.178521665483254, "rate": 8.800046492896152}, "datetime": {"datetime": "2024-06-14 19:13:44", "elapsed": 18.981922, "delta": 0.010589}}
{"target": -272.6900846851267, "params": {"gamma": 5.783951692141619, "prior": 9.126375539251068, "rate": 7.643651482024123}, "datetime": {"datetime": "2024-06-14 19:13:44", "elapsed": 18.991894, "delta": 0.009972}}
{"target": -211.6097116352752, "params": {"gamma": 4.749956447996781, "prior": 6.954842154506416, "rate": 0.5989622103785784}, "datetime": {"datetime": "2024-06-14 19:13:44", "elapsed": 19.001896, "delta": 0.010002}}
{"target": -254.6351915770623, "params": {"gamma": 6.3129540540322955, "prior": 9.842067917397047, "rate": 1.1947254178184115}, "datetime": {"datetime": "2024-06-14 19:13:44", "elapsed": 19.012838, "delta": 0.010942}}
{"target": -301.92385789350925, "params": {"gamma": 4.516215172846799, "prior": 0.2834860525337505, "rate": 6.881590456377558}, "datetime": {"datetime": "2024-06-14 19:13:44", "elapsed": 19.022811, "delta": 0.009973}}
{"target": -148.55399949765575, "params": {"gamma": 0.19520689181535128, "prior": 4.607194980262459, "rate": 2.192284951246659}, "datetime": {"datetime": "2024-06-14 19:13:44", "elapsed": 19.032785, "delta": 0.009974}}
{"target": -370.257420905572, "params": {"gamma": 8.072347745473287, "prior": 6.491810326909217, "rate": 6.663022020111727}, "datetime": {"datetime": "2024-06-14 19:13:44", "elapsed": 19.043755, "delta": 0.01097}}
{"target": -304.3197948629725, "params": {"gamma": 5.49936117147423, "prior": 2.5794193904395852, "rate": 8.157094551477481}, "datetime": {"datetime": "2024-06-14 19:13:44", "elapsed": 19.054726, "delta": 0.010971}}
{"target": -414.73537011056044, "params": {"gamma": 8.801319434535824, "prior": 4.439339280064714, "rate": 5.863711820741532}, "datetime": {"datetime": "2024-06-14 19:13:44", "elapsed": 19.064699, "delta": 0.009973}}
{"target": -288.6327167414155, "params": {"gamma": 6.243379942629359, "prior": 7.303295041403323, "rate": 5.909446588136741}, "datetime": {"datetime": "2024-06-14 19:13:44", "elapsed": 19.074672, "delta": 0.009973}}
{"target": -349.1571627763775, "params": {"gamma": 8.066169168171944, "prior": 8.258471981731269, "rate": 5.56594710415588}, "datetime": {"datetime": "2024-06-14 19:13:44", "elapsed": 19.085205, "delta": 0.010533}}
{"target": -439.4080871129199, "params": {"gamma": 8.829655088096155, "prior": 2.109092556269915, "rate": 4.136740721638024}, "datetime": {"datetime": "2024-06-14 19:13:44", "elapsed": 19.095177, "delta": 0.009972}}
{"target": -366.95254013983606, "params": {"gamma": 6.301468383632087, "prior": 1.1154697020039852, "rate": 7.186717564230962}, "datetime": {"datetime": "2024-06-14 19:13:44", "elapsed": 19.106147, "delta": 0.01097}}
{"target": -245.3225911618692, "params": {"gamma": 4.797353694402805, "prior": 3.852038987367971, "rate": 4.519015226631978}, "datetime": {"datetime": "2024-06-14 19:13:44", "elapsed": 19.116121, "delta": 0.009974}}
{"target": -225.28681367198206, "params": {"gamma": 3.6764939669400882, "prior": 2.471426634522078, "rate": 9.158808384961374}, "datetime": {"datetime": "2024-06-14 19:13:44", "elapsed": 19.126094, "delta": 0.009973}}
{"target": -333.3686099455582, "params": {"gamma": 7.993823586812164, "prior": 3.406006211735859, "rate": 1.691347664222673}, "datetime": {"datetime": "2024-06-14 19:13:44", "elapsed": 19.136712, "delta": 0.010618}}
{"target": -143.47774898796112, "params": {"gamma": 1.1671456351759943, "prior": 7.973795195960528, "rate": 7.020580256606766}, "datetime": {"datetime": "2024-06-14 19:13:44", "elapsed": 19.147711, "delta": 0.010999}}
{"target": -145.8994495192861, "params": {"gamma": 0.7532513187567459, "prior": 1.2542804976959159, "rate": 9.138126532938669}, "datetime": {"datetime": "2024-06-14 19:13:44", "elapsed": 19.157654, "delta": 0.009943}}
{"target": -343.0929612688756, "params": {"gamma": 8.697844167744172, "prior": 2.990329199931283, "rate": 1.0208976946159853}, "datetime": {"datetime": "2024-06-14 19:13:44", "elapsed": 19.167627, "delta": 0.009973}}
{"target": -503.0940440112593, "params": {"gamma": 8.089104924003614, "prior": 0.35911927558226864, "rate": 6.363840611525337}, "datetime": {"datetime": "2024-06-14 19:13:44", "elapsed": 19.178599, "delta": 0.010972}}
{"target": -144.7387125519215, "params": {"gamma": 1.6017100608988064, "prior": 6.947081844135219, "rate": 1.6810289418629691}, "datetime": {"datetime": "2024-06-14 19:13:44", "elapsed": 19.189569, "delta": 0.01097}}
{"target": -208.7198336135704, "params": {"gamma": 3.491138224246637, "prior": 1.3086604715542876, "rate": 2.8715832231230745}, "datetime": {"datetime": "2024-06-14 19:13:44", "elapsed": 19.199542, "delta": 0.009973}}
{"target": -145.74197392073023, "params": {"gamma": 1.2918445291131877, "prior": 4.687523094792548, "rate": 6.494427895595687}, "datetime": {"datetime": "2024-06-14 19:13:44", "elapsed": 19.209516, "delta": 0.009974}}
{"target": -206.6048241533483, "params": {"gamma": 3.945711176055152, "prior": 9.534289164446331, "rate": 7.5488990420267905}, "datetime": {"datetime": "2024-06-14 19:13:44", "elapsed": 19.220486, "delta": 0.01097}}
{"target": -249.73959966955647, "params": {"gamma": 5.444208932057693, "prior": 5.67887663019228, "rate": 3.2067189291281246}, "datetime": {"datetime": "2024-06-14 19:13:44", "elapsed": 19.23046, "delta": 0.009974}}
{"target": -222.08510851039162, "params": {"gamma": 5.1256851497310105, "prior": 7.602335802195582, "rate": 0.019094445132394236}, "datetime": {"datetime": "2024-06-14 19:13:44", "elapsed": 19.240433, "delta": 0.009973}}
{"target": -239.95436206560518, "params": {"gamma": 4.806438381858799, "prior": 9.051149756240171, "rate": 8.49515263986085}, "datetime": {"datetime": "2024-06-14 19:13:44", "elapsed": 19.251404, "delta": 0.010971}}
{"target": -157.90432670384212, "params": {"gamma": 2.210733350081861, "prior": 7.388740776568681, "rate": 5.849151492900638}, "datetime": {"datetime": "2024-06-14 19:13:44", "elapsed": 19.261377, "delta": 0.009973}}
{"target": -256.8534317708426, "params": {"gamma": 5.255835607120612, "prior": 6.648300677217822, "rate": 6.321044057567672}, "datetime": {"datetime": "2024-06-14 19:13:44", "elapsed": 19.27135, "delta": 0.009973}}
{"target": -142.59463166684438, "params": {"gamma": 0.7151025607260231, "prior": 4.226738133427656, "rate": 1.9937729109275177}, "datetime": {"datetime": "2024-06-14 19:13:44", "elapsed": 19.282321, "delta": 0.010971}}
{"target": -345.7941054757201, "params": {"gamma": 7.006133824526521, "prior": 2.8057722884778102, "rate": 4.36475792464087}, "datetime": {"datetime": "2024-06-14 19:13:44", "elapsed": 19.292294, "delta": 0.009973}}
{"target": -379.20611189136497, "params": {"gamma": 8.216434846465544, "prior": 7.852323575275002, "rate": 8.541747338132712}, "datetime": {"datetime": "2024-06-14 19:13:44", "elapsed": 19.302268, "delta": 0.009974}}
{"target": -212.6839319079175, "params": {"gamma": 4.791059397936408, "prior": 9.272297925997325, "rate": 0.31651532588659786}, "datetime": {"datetime": "2024-06-14 19:13:44", "elapsed": 19.313238, "delta": 0.01097}}
{"target": -474.5972847654229, "params": {"gamma": 9.382894180194201, "prior": 3.551425046560445, "rate": 8.128417943848676}, "datetime": {"datetime": "2024-06-14 19:13:44", "elapsed": 19.323213, "delta": 0.009975}}
{"target": -410.9538580507639, "params": {"gamma": 9.483262648120892, "prior": 8.928959309652628, "rate": 6.980493154617331}, "datetime": {"datetime": "2024-06-14 19:13:44", "elapsed": 19.334183, "delta": 0.01097}}
{"target": -287.72138084654455, "params": {"gamma": 6.702161211463432, "prior": 9.738421930452827, "rate": 4.651622241751715}, "datetime": {"datetime": "2024-06-14 19:13:44", "elapsed": 19.345153, "delta": 0.01097}}
{"target": -151.16841660272596, "params": {"gamma": 1.041066599814464, "prior": 0.3390594280462933, "rate": 8.813120742542266}, "datetime": {"datetime": "2024-06-14 19:13:44", "elapsed": 19.355126, "delta": 0.009973}}
{"target": -147.44483985380884, "params": {"gamma": 0.2628840047433559, "prior": 9.513197094050101, "rate": 5.699606506289468}, "datetime": {"datetime": "2024-06-14 19:13:44", "elapsed": 19.366129, "delta": 0.011003}}
{"target": -141.94684980826108, "params": {"gamma": 0.7852303223253676, "prior": 8.262796504824733, "rate": 0.013391566282307865}, "datetime": {"datetime": "2024-06-14 19:14:18", "elapsed": 53.367109, "delta": 34.00098}}
{"target": -143.4106540396131, "params": {"gamma": 0.6690905485479546, "prior": 9.943276602953526, "rate": 9.663878575739037}, "datetime": {"datetime": "2024-06-14 19:14:42", "elapsed": 77.482359, "delta": 24.11525}}
{"target": -141.54709572550547, "params": {"gamma": 0.9254224820487047, "prior": 9.873532225634, "rate": 0.019669474377006124}, "datetime": {"datetime": "2024-06-14 19:15:13", "elapsed": 108.310339, "delta": 30.82798}}
{"target": -141.41423756549503, "params": {"gamma": 0.9591107378879361, "prior": 9.925197224000488, "rate": 0.9311660964389552}, "datetime": {"datetime": "2024-06-14 19:15:52", "elapsed": 147.047396, "delta": 38.737057}}
{"target": -141.51986322289727, "params": {"gamma": 0.8968120584352803, "prior": 1.3051722152074228, "rate": 0.08940355838565886}, "datetime": {"datetime": "2024-06-14 19:16:21", "elapsed": 176.381009, "delta": 29.333613}}
{"target": -141.7992945495874, "params": {"gamma": 0.8464634176649843, "prior": 9.940878102557788, "rate": 2.8445468764526676}, "datetime": {"datetime": "2024-06-14 19:16:48", "elapsed": 203.500909, "delta": 27.1199}}
{"target": -141.70566384498497, "params": {"gamma": 1.162851538755453, "prior": 4.6576513080800845, "rate": 0.11180210748463985}, "datetime": {"datetime": "2024-06-14 19:17:54", "elapsed": 269.24494, "delta": 65.744031}}
{"target": -141.40250597179423, "params": {"gamma": 0.976623515196654, "prior": 7.263547801697363, "rate": 0.8856176549777831}, "datetime": {"datetime": "2024-06-14 19:18:31", "elapsed": 306.409443, "delta": 37.164503}}
{"target": -142.51059594738058, "params": {"gamma": 0.9387062052013498, "prior": 9.883209518705186, "rate": 7.561882144646961}, "datetime": {"datetime": "2024-06-14 19:19:03", "elapsed": 338.256988, "delta": 31.847545}}
{"target": -141.59788118145067, "params": {"gamma": 1.1412938565800126, "prior": 0.5513490410044168, "rate": 0.026644148461529776}, "datetime": {"datetime": "2024-06-14 19:19:28", "elapsed": 363.364636, "delta": 25.107648}}
{"target": -142.3876000694384, "params": {"gamma": 1.1686676612652875, "prior": 9.999435217055613, "rate": 4.866258163875684}, "datetime": {"datetime": "2024-06-14 19:19:53", "elapsed": 388.6499, "delta": 25.285264}}
{"target": -141.50316253086362, "params": {"gamma": 0.9817209082931335, "prior": 9.16729141679367, "rate": 0.007804268379763864}, "datetime": {"datetime": "2024-06-14 19:20:19", "elapsed": 414.461535, "delta": 25.811635}}
{"target": -141.4362313355755, "params": {"gamma": 1.0649150276611412, "prior": 9.33561148972002, "rate": 1.3935068032449331}, "datetime": {"datetime": "2024-06-14 19:20:40", "elapsed": 435.052378, "delta": 20.590843}}
{"target": -141.40947034682353, "params": {"gamma": 0.9925496367209449, "prior": 2.280544442798916, "rate": 0.13585566126110474}, "datetime": {"datetime": "2024-06-14 19:21:08", "elapsed": 463.65158, "delta": 28.599202}}
{"target": -142.64316317130326, "params": {"gamma": 1.3762614655899428, "prior": 9.94719020468871, "rate": 1.4492817218253569}, "datetime": {"datetime": "2024-06-14 19:21:41", "elapsed": 496.336706, "delta": 32.685126}}
{"target": -141.4158734658878, "params": {"gamma": 1.0401092133024423, "prior": 8.182784449134942, "rate": 0.5193943762132467}, "datetime": {"datetime": "2024-06-14 19:22:02", "elapsed": 517.623515, "delta": 21.286809}}
{"target": -141.94055457054054, "params": {"gamma": 1.1526985122725635, "prior": 9.963167114670457, "rate": 3.386168326257552}, "datetime": {"datetime": "2024-06-14 19:22:45", "elapsed": 560.153434, "delta": 42.529919}}
{"target": -143.84550730012265, "params": {"gamma": 0.7053907479948861, "prior": 6.140576035829869, "rate": 9.908234627121795}, "datetime": {"datetime": "2024-06-14 19:23:14", "elapsed": 588.793549, "delta": 28.640115}}
{"target": -141.55932930802862, "params": {"gamma": 1.1022208599646584, "prior": 0.9820356537670288, "rate": 0.020993924217580187}, "datetime": {"datetime": "2024-06-14 19:23:47", "elapsed": 622.577384, "delta": 33.783835}}
{"target": -141.42669210149882, "params": {"gamma": 0.9986380575132097, "prior": 5.2472743580696575, "rate": 0.21985299336617636}, "datetime": {"datetime": "2024-06-14 19:24:17", "elapsed": 652.29825, "delta": 29.720866}}
