{"target": -629.4735355829662, "params": {"gamma": 9.292802548221829, "prior": 4.080573920625559, "rate": 0.7692460154620339}, "datetime": {"datetime": "2024-06-14 12:31:16", "elapsed": 8.322224, "delta": 0.008976}}
{"target": -242.89993498614868, "params": {"gamma": 2.4537661400558073, "prior": 3.5675790065013078, "rate": 7.507532195259897}, "datetime": {"datetime": "2024-06-14 12:31:16", "elapsed": 8.332197, "delta": 0.009973}}
{"target": -207.68688641709397, "params": {"gamma": 1.8482967753404873, "prior": 4.366639171886156, "rate": 8.732580952739871}, "datetime": {"datetime": "2024-06-14 12:31:16", "elapsed": 8.341173, "delta": 0.008976}}
{"target": -385.95720745167205, "params": {"gamma": 5.338077152636459, "prior": 1.121231725515661, "rate": 0.24620034805926763}, "datetime": {"datetime": "2024-06-14 12:31:16", "elapsed": 8.350169, "delta": 0.008996}}
{"target": -534.2240144904944, "params": {"gamma": 7.058392201809326, "prior": 9.79336216048635, "rate": 7.851867464260117}, "datetime": {"datetime": "2024-06-14 12:31:16", "elapsed": 8.360122, "delta": 0.009953}}
{"target": -590.4086336940596, "params": {"gamma": 7.647497242257331, "prior": 6.786930405212397, "rate": 7.9552316002763535}, "datetime": {"datetime": "2024-06-14 12:31:16", "elapsed": 8.369098, "delta": 0.008976}}
{"target": -152.88111801064048, "params": {"gamma": 0.40113783894076427, "prior": 2.720348153996855, "rate": 6.9542799621795535}, "datetime": {"datetime": "2024-06-14 12:31:16", "elapsed": 8.379073, "delta": 0.009975}}
{"target": -601.4465281209153, "params": {"gamma": 8.670016307747831, "prior": 6.778608030986559, "rate": 1.7635850037063328}, "datetime": {"datetime": "2024-06-14 12:31:16", "elapsed": 8.389045, "delta": 0.009972}}
{"target": -615.4064187075671, "params": {"gamma": 9.363148290996985, "prior": 9.043449131097443, "rate": 0.8677009826349238}, "datetime": {"datetime": "2024-06-14 12:31:16", "elapsed": 8.398021, "delta": 0.008976}}
{"target": -214.86611546547115, "params": {"gamma": 1.9308073757049558, "prior": 2.824411003044214, "rate": 7.384380294175464}, "datetime": {"datetime": "2024-06-14 12:31:16", "elapsed": 8.407994, "delta": 0.009973}}
{"target": -607.3233903147271, "params": {"gamma": 8.59387390968027, "prior": 5.825391635770356, "rate": 1.9972560609459706}, "datetime": {"datetime": "2024-06-14 12:31:16", "elapsed": 8.416971, "delta": 0.008977}}
{"target": -378.3659901052328, "params": {"gamma": 4.151483786326004, "prior": 1.4648060826146607, "rate": 9.174044472397386}, "datetime": {"datetime": "2024-06-14 12:31:16", "elapsed": 8.426943, "delta": 0.009972}}
{"target": -579.4183545303342, "params": {"gamma": 7.645544873164326, "prior": 5.151116954680168, "rate": 4.536296856665209}, "datetime": {"datetime": "2024-06-14 12:31:16", "elapsed": 8.435919, "delta": 0.008976}}
{"target": -165.41163809957843, "params": {"gamma": 0.9793229413773535, "prior": 3.2548860273732405, "rate": 1.2072073207786072}, "datetime": {"datetime": "2024-06-14 12:31:16", "elapsed": 8.445894, "delta": 0.009975}}
{"target": -563.0615454943375, "params": {"gamma": 7.823598295559239, "prior": 5.494348696094326, "rate": 2.2735465367701733}, "datetime": {"datetime": "2024-06-14 12:31:16", "elapsed": 8.455866, "delta": 0.009972}}
{"target": -223.2507647425979, "params": {"gamma": 2.242804189720107, "prior": 2.677942155406277, "rate": 3.0894186504102437}, "datetime": {"datetime": "2024-06-14 12:31:16", "elapsed": 8.464842, "delta": 0.008976}}
{"target": -337.3796492192511, "params": {"gamma": 3.8776636126823174, "prior": 3.0457344305346488, "rate": 6.795879389436971}, "datetime": {"datetime": "2024-06-14 12:31:16", "elapsed": 8.473818, "delta": 0.008976}}
{"target": -152.1396104144437, "params": {"gamma": 0.351701119431484, "prior": 3.3482921178205443, "rate": 7.4531734367072975}, "datetime": {"datetime": "2024-06-14 12:31:16", "elapsed": 8.483718, "delta": 0.0099}}
{"target": -656.8719795930372, "params": {"gamma": 9.428137042767773, "prior": 8.047052246559756, "rate": 2.4090212695059683}, "datetime": {"datetime": "2024-06-14 12:31:16", "elapsed": 8.493721, "delta": 0.010003}}
{"target": -244.8162804697006, "params": {"gamma": 2.329921768369933, "prior": 1.9843342677001725, "rate": 8.825092851051235}, "datetime": {"datetime": "2024-06-14 12:31:16", "elapsed": 8.502667, "delta": 0.008946}}
{"target": -220.63780342854272, "params": {"gamma": 2.3793190167249576, "prior": 7.605988171789962, "rate": 2.611236264315461}, "datetime": {"datetime": "2024-06-14 12:31:16", "elapsed": 8.512641, "delta": 0.009974}}
{"target": -152.09914608945968, "params": {"gamma": 0.3317853522317488, "prior": 7.3611322306807825, "rate": 7.262291896142214}, "datetime": {"datetime": "2024-06-14 12:31:17", "elapsed": 8.521617, "delta": 0.008976}}
{"target": -166.00140691704183, "params": {"gamma": 0.8905021504995737, "prior": 3.334342453503056, "rate": 9.483704536600037}, "datetime": {"datetime": "2024-06-14 12:31:17", "elapsed": 8.53159, "delta": 0.009973}}
{"target": -205.2884944103514, "params": {"gamma": 1.6303270368232625, "prior": 0.9580574792638101, "rate": 5.946444277228148}, "datetime": {"datetime": "2024-06-14 12:31:17", "elapsed": 8.540566, "delta": 0.008976}}
{"target": -762.3763059865609, "params": {"gamma": 9.309967663594373, "prior": 1.424405246656605, "rate": 5.130609924306518}, "datetime": {"datetime": "2024-06-14 12:31:17", "elapsed": 8.549542, "delta": 0.008976}}
{"target": -463.8668470404439, "params": {"gamma": 6.84030814195546, "prior": 1.8011146201075885, "rate": 0.11358767502840258}, "datetime": {"datetime": "2024-06-14 12:31:17", "elapsed": 8.559515, "delta": 0.009973}}
{"target": -747.045194244734, "params": {"gamma": 8.876943621666769, "prior": 0.44878957946825926, "rate": 2.575325379792938}, "datetime": {"datetime": "2024-06-14 12:31:17", "elapsed": 8.568491, "delta": 0.008976}}
{"target": -446.36022620409705, "params": {"gamma": 6.5171886333749445, "prior": 2.929251040222046, "rate": 0.09806625815159087}, "datetime": {"datetime": "2024-06-14 12:31:17", "elapsed": 8.578282, "delta": 0.009791}}
{"target": -428.9769224850418, "params": {"gamma": 5.754942892815359, "prior": 3.147143555513635, "rate": 1.5159891044593792}, "datetime": {"datetime": "2024-06-14 12:31:17", "elapsed": 8.588255, "delta": 0.009973}}
{"target": -800.9000785394827, "params": {"gamma": 9.712861834014069, "prior": 1.7332254521996295, "rate": 7.272627175991628}, "datetime": {"datetime": "2024-06-14 12:31:17", "elapsed": 8.597232, "delta": 0.008977}}
{"target": -609.5712528059458, "params": {"gamma": 8.907351190743636, "prior": 8.601279645696758, "rate": 1.8433864145173096}, "datetime": {"datetime": "2024-06-14 12:31:17", "elapsed": 8.607205, "delta": 0.009973}}
{"target": -265.6298146519291, "params": {"gamma": 2.3688485284086984, "prior": 0.2817901013754669, "rate": 9.314123267181278}, "datetime": {"datetime": "2024-06-14 12:31:17", "elapsed": 8.61618, "delta": 0.008975}}
{"target": -601.8271740413317, "params": {"gamma": 8.871324645396406, "prior": 5.995115072798474, "rate": 1.0945671874130298}, "datetime": {"datetime": "2024-06-14 12:31:17", "elapsed": 8.626155, "delta": 0.009975}}
{"target": -192.0261405663082, "params": {"gamma": 1.736252925778173, "prior": 5.811907672232824, "rate": 2.5173180780279494}, "datetime": {"datetime": "2024-06-14 12:31:17", "elapsed": 8.635159, "delta": 0.009004}}
{"target": -266.16219427364643, "params": {"gamma": 3.0024181605272484, "prior": 1.792774754535882, "rate": 1.8967275990085757}, "datetime": {"datetime": "2024-06-14 12:31:17", "elapsed": 8.645133, "delta": 0.009974}}
{"target": -371.20011843207817, "params": {"gamma": 4.634748122750124, "prior": 5.1477523290215155, "rate": 5.116287316757662}, "datetime": {"datetime": "2024-06-14 12:31:17", "elapsed": 8.654079, "delta": 0.008946}}
{"target": -833.2732807891703, "params": {"gamma": 9.971390854869842, "prior": 1.3829985909743843, "rate": 7.561942713988967}, "datetime": {"datetime": "2024-06-14 12:31:17", "elapsed": 8.664052, "delta": 0.009973}}
{"target": -595.8858667511241, "params": {"gamma": 7.937773715501701, "prior": 5.890337727828154, "rate": 4.627919064512984}, "datetime": {"datetime": "2024-06-14 12:31:17", "elapsed": 8.673029, "delta": 0.008977}}
{"target": -584.5524253836697, "params": {"gamma": 8.934372946865443, "prior": 8.298984168823933, "rate": 0.5038590693510084}, "datetime": {"datetime": "2024-06-14 12:31:17", "elapsed": 8.683002, "delta": 0.009973}}
{"target": -871.4338988336592, "params": {"gamma": 9.629874547125452, "prior": 0.17266492836107364, "rate": 5.731748914634736}, "datetime": {"datetime": "2024-06-14 12:31:17", "elapsed": 8.691978, "delta": 0.008976}}
{"target": -425.8015802797743, "params": {"gamma": 5.7247357384538, "prior": 8.360358681426117, "rate": 3.8477759631858306}, "datetime": {"datetime": "2024-06-14 12:31:17", "elapsed": 8.701951, "delta": 0.009973}}
{"target": -166.46079152628968, "params": {"gamma": 0.911317649590776, "prior": 5.858703966752355, "rate": 0.24943375777694893}, "datetime": {"datetime": "2024-06-14 12:31:17", "elapsed": 8.710927, "delta": 0.008976}}
{"target": -301.6141831067674, "params": {"gamma": 3.618595813310707, "prior": 9.854636340644698, "rate": 8.687919916680645}, "datetime": {"datetime": "2024-06-14 12:31:17", "elapsed": 8.7209, "delta": 0.009973}}
{"target": -186.81117299928607, "params": {"gamma": 1.525814920870293, "prior": 8.008378281655215, "rate": 8.110158197295846}, "datetime": {"datetime": "2024-06-14 12:31:17", "elapsed": 8.729877, "delta": 0.008977}}
{"target": -737.6788474649845, "params": {"gamma": 9.282143984052633, "prior": 2.3214042338354473, "rate": 4.990175777525101}, "datetime": {"datetime": "2024-06-14 12:31:17", "elapsed": 8.73985, "delta": 0.009973}}
{"target": -624.7920065925252, "params": {"gamma": 8.274613470019348, "prior": 6.706604471482155, "rate": 5.939767497694312}, "datetime": {"datetime": "2024-06-14 12:31:17", "elapsed": 8.748854, "delta": 0.009004}}
{"target": -447.8251478981965, "params": {"gamma": 6.520106231886649, "prior": 2.461308526710229, "rate": 0.2563753086730316}, "datetime": {"datetime": "2024-06-14 12:31:17", "elapsed": 8.7588, "delta": 0.009946}}
{"target": -568.3018090702665, "params": {"gamma": 7.362836317207894, "prior": 3.3352390707756885, "rate": 3.7681921123145443}, "datetime": {"datetime": "2024-06-14 12:31:17", "elapsed": 8.767775, "delta": 0.008975}}
{"target": -441.9441438887632, "params": {"gamma": 6.126547925441392, "prior": 6.605933919398819, "rate": 2.0297861073278014}, "datetime": {"datetime": "2024-06-14 12:31:17", "elapsed": 8.777749, "delta": 0.009974}}
{"target": -648.7938260892871, "params": {"gamma": 8.260489346916343, "prior": 3.864045391930247, "rate": 6.317812340605414}, "datetime": {"datetime": "2024-06-14 12:31:17", "elapsed": 8.786724, "delta": 0.008975}}
{"target": -708.5803635776322, "params": {"gamma": 9.664147745107453, "prior": 5.691383729139698, "rate": 3.58975250674678}, "datetime": {"datetime": "2024-06-14 12:31:17", "elapsed": 8.796699, "delta": 0.009975}}
{"target": -476.394778120133, "params": {"gamma": 6.1900821172926825, "prior": 5.067751868825378, "rate": 4.524310101530738}, "datetime": {"datetime": "2024-06-14 12:31:17", "elapsed": 8.806671, "delta": 0.009972}}
{"target": -537.2483053307537, "params": {"gamma": 7.32297507682793, "prior": 9.252650484842617, "rate": 4.793234881420612}, "datetime": {"datetime": "2024-06-14 12:31:17", "elapsed": 8.815647, "delta": 0.008976}}
{"target": -162.84213158489717, "params": {"gamma": 0.8832132798499579, "prior": 5.739570211172332, "rate": 2.450263600293229}, "datetime": {"datetime": "2024-06-14 12:31:17", "elapsed": 8.825621, "delta": 0.009974}}
{"target": -153.59482004317985, "params": {"gamma": 0.3967395368422162, "prior": 7.902588045772463, "rate": 2.728409598411216}, "datetime": {"datetime": "2024-06-14 12:31:17", "elapsed": 8.834596, "delta": 0.008975}}
{"target": -576.3950951645448, "params": {"gamma": 7.7709278589308965, "prior": 4.933268536573228, "rate": 3.1800409748600784}, "datetime": {"datetime": "2024-06-14 12:31:17", "elapsed": 8.84457, "delta": 0.009974}}
{"target": -311.28858875237455, "params": {"gamma": 3.1409404750589167, "prior": 0.516045124852533, "rate": 5.344463969208603}, "datetime": {"datetime": "2024-06-14 12:31:17", "elapsed": 8.853546, "delta": 0.008976}}
{"target": -633.2756783451789, "params": {"gamma": 8.235692008411606, "prior": 0.9305639897438418, "rate": 1.0864784973815673}, "datetime": {"datetime": "2024-06-14 12:31:17", "elapsed": 8.86352, "delta": 0.009974}}
{"target": -417.95708994506316, "params": {"gamma": 5.293030012750302, "prior": 6.635403915273608, "rate": 6.947765177374281}, "datetime": {"datetime": "2024-06-14 12:31:17", "elapsed": 8.872495, "delta": 0.008975}}
{"target": -308.4844457739403, "params": {"gamma": 3.1329037297737132, "prior": 0.47399998048085035, "rate": 4.146214234044257}, "datetime": {"datetime": "2024-06-14 12:31:17", "elapsed": 8.881471, "delta": 0.008976}}
{"target": -261.39833493766236, "params": {"gamma": 2.2612156645820662, "prior": 0.11103681949882596, "rate": 6.857480005685141}, "datetime": {"datetime": "2024-06-14 12:31:17", "elapsed": 8.891445, "delta": 0.009974}}
{"target": -707.1823657054222, "params": {"gamma": 9.520673328006277, "prior": 3.9724024292967792, "rate": 3.0036839952852596}, "datetime": {"datetime": "2024-06-14 12:31:17", "elapsed": 8.900421, "delta": 0.008976}}
{"target": -431.8881814563642, "params": {"gamma": 5.537964374290343, "prior": 8.534564954842326, "rate": 7.9498792795045405}, "datetime": {"datetime": "2024-06-14 12:31:17", "elapsed": 8.910394, "delta": 0.009973}}
{"target": -542.4309133917535, "params": {"gamma": 6.847882293080787, "prior": 4.377860203867094, "rate": 6.904649764523284}, "datetime": {"datetime": "2024-06-14 12:31:17", "elapsed": 8.91937, "delta": 0.008976}}
{"target": -228.39553222303888, "params": {"gamma": 2.161037487164819, "prior": 2.911040034677843, "rate": 7.778428288392944}, "datetime": {"datetime": "2024-06-14 12:31:17", "elapsed": 8.929881, "delta": 0.010511}}
{"target": -722.7491883915995, "params": {"gamma": 9.299871383327218, "prior": 1.9814900858052293, "rate": 2.9613368308929076}, "datetime": {"datetime": "2024-06-14 12:31:17", "elapsed": 8.939853, "delta": 0.009972}}
{"target": -150.5709187003554, "params": {"gamma": 0.06309646163797043, "prior": 4.372466228275976, "rate": 2.103740422454257}, "datetime": {"datetime": "2024-06-14 12:31:17", "elapsed": 8.948828, "delta": 0.008975}}
{"target": -447.3728612881428, "params": {"gamma": 6.414606400753661, "prior": 7.124933235213273, "rate": 1.188658366270452}, "datetime": {"datetime": "2024-06-14 12:31:17", "elapsed": 8.957804, "delta": 0.008976}}
{"target": -161.33975147235617, "params": {"gamma": 0.8223578763172843, "prior": 9.072717188845324, "rate": 3.8929983086548985}, "datetime": {"datetime": "2024-06-14 12:31:17", "elapsed": 8.967778, "delta": 0.009974}}
{"target": -413.35285015293186, "params": {"gamma": 5.334501569162878, "prior": 9.636091492645338, "rate": 7.590781068151137}, "datetime": {"datetime": "2024-06-14 12:31:17", "elapsed": 8.977313, "delta": 0.009535}}
{"target": -310.9645979067115, "params": {"gamma": 3.256077435692296, "prior": 0.9499080810909061, "rate": 5.360704142867423}, "datetime": {"datetime": "2024-06-14 12:31:17", "elapsed": 8.986289, "delta": 0.008976}}
{"target": -338.2724143914386, "params": {"gamma": 3.3619183039303744, "prior": 0.31468550480840884, "rate": 7.711752180204535}, "datetime": {"datetime": "2024-06-14 12:31:17", "elapsed": 8.996262, "delta": 0.009973}}
{"target": -324.337267660409, "params": {"gamma": 3.849706389409975, "prior": 5.756079385581481, "rate": 7.557672815106508}, "datetime": {"datetime": "2024-06-14 12:31:17", "elapsed": 9.006235, "delta": 0.009973}}
{"target": -680.5832688936727, "params": {"gamma": 9.408533351590556, "prior": 6.161991152977763, "rate": 3.1546463916226513}, "datetime": {"datetime": "2024-06-14 12:31:17", "elapsed": 9.01621, "delta": 0.009975}}
{"target": -175.51476913154323, "params": {"gamma": 1.1016550019623323, "prior": 0.8317969903215949, "rate": 3.197588047953422}, "datetime": {"datetime": "2024-06-14 12:31:17", "elapsed": 9.026183, "delta": 0.009973}}
{"target": -472.1867952651542, "params": {"gamma": 6.608730550421095, "prior": 6.982005440804134, "rate": 2.0779726825898135}, "datetime": {"datetime": "2024-06-14 12:31:17", "elapsed": 9.035158, "delta": 0.008975}}
{"target": -162.73348384689393, "params": {"gamma": 0.8288765899448861, "prior": 3.1245555467317083, "rate": 5.476198023985873}, "datetime": {"datetime": "2024-06-14 12:31:17", "elapsed": 9.045131, "delta": 0.009973}}
{"target": -553.9486037070102, "params": {"gamma": 7.546942075074172, "prior": 5.343607473643421, "rate": 2.8705505437179983}, "datetime": {"datetime": "2024-06-14 12:31:17", "elapsed": 9.054107, "delta": 0.008976}}
{"target": -511.1038423729081, "params": {"gamma": 6.242173052915846, "prior": 2.7218828862443387, "rate": 6.527276450430897}, "datetime": {"datetime": "2024-06-14 12:31:17", "elapsed": 9.064081, "delta": 0.009974}}
{"target": -634.9422028733542, "params": {"gamma": 8.419138180259552, "prior": 6.425583421647474, "rate": 5.656749058298363}, "datetime": {"datetime": "2024-06-14 12:31:17", "elapsed": 9.073057, "delta": 0.008976}}
{"target": -271.41380617425807, "params": {"gamma": 3.072113950599342, "prior": 8.780092695385816, "rate": 9.888230025288278}, "datetime": {"datetime": "2024-06-14 12:31:17", "elapsed": 9.083048, "delta": 0.009991}}
{"target": -541.5570883775507, "params": {"gamma": 7.775016832668201, "prior": 5.779074189947149, "rate": 1.4136520470773757}, "datetime": {"datetime": "2024-06-14 12:31:17", "elapsed": 9.092529, "delta": 0.009481}}
{"target": -270.642765061285, "params": {"gamma": 3.1499752949036433, "prior": 3.731907254052719, "rate": 2.9196603150536307}, "datetime": {"datetime": "2024-06-14 12:31:17", "elapsed": 9.101505, "delta": 0.008976}}
{"target": -338.8730118608449, "params": {"gamma": 4.46008219467453, "prior": 6.145261916989693, "rate": 2.129932990561121}, "datetime": {"datetime": "2024-06-14 12:31:17", "elapsed": 9.111481, "delta": 0.009976}}
{"target": -248.2247110268444, "params": {"gamma": 2.4983477831127514, "prior": 1.2102897838888582, "rate": 3.07657830315885}, "datetime": {"datetime": "2024-06-14 12:31:17", "elapsed": 9.120459, "delta": 0.008978}}
{"target": -412.76759352702965, "params": {"gamma": 4.9749853375678486, "prior": 4.949097068629873, "rate": 9.955776541252115}, "datetime": {"datetime": "2024-06-14 12:31:17", "elapsed": 9.130348, "delta": 0.009889}}
{"target": -779.2131696841597, "params": {"gamma": 9.811104522073206, "prior": 4.421971439643317, "rate": 9.720234197281384}, "datetime": {"datetime": "2024-06-14 12:31:17", "elapsed": 9.139343, "delta": 0.008995}}
{"target": -214.81931347911976, "params": {"gamma": 2.1447646438539647, "prior": 5.457096772478638, "rate": 4.534899709382847}, "datetime": {"datetime": "2024-06-14 12:31:17", "elapsed": 9.149313, "delta": 0.00997}}
{"target": -666.1744767917484, "params": {"gamma": 9.67612136622795, "prior": 8.37814460904005, "rate": 2.142255100882632}, "datetime": {"datetime": "2024-06-14 12:31:17", "elapsed": 9.159309, "delta": 0.009996}}
{"target": -380.6831425165365, "params": {"gamma": 4.395951482451757, "prior": 1.7679220192998268, "rate": 5.29134301734205}, "datetime": {"datetime": "2024-06-14 12:31:17", "elapsed": 9.16879, "delta": 0.009481}}
{"target": -660.3047983556706, "params": {"gamma": 7.935053256996167, "prior": 0.45520357476356577, "rate": 1.9143974164796644}, "datetime": {"datetime": "2024-06-14 12:31:17", "elapsed": 9.177275, "delta": 0.008485}}
{"target": -712.1167796275136, "params": {"gamma": 9.77457818836577, "prior": 9.611893329604383, "rate": 5.566359999361917}, "datetime": {"datetime": "2024-06-14 12:31:17", "elapsed": 9.187124, "delta": 0.009849}}
{"target": -538.6886715289047, "params": {"gamma": 6.461261124237896, "prior": 2.7937208415034163, "rate": 9.520958766042686}, "datetime": {"datetime": "2024-06-14 12:31:17", "elapsed": 9.197146, "delta": 0.010022}}
{"target": -459.3155643635123, "params": {"gamma": 6.698078288466073, "prior": 6.701399151873741, "rate": 0.11202223036585872}, "datetime": {"datetime": "2024-06-14 12:31:17", "elapsed": 9.20712, "delta": 0.009974}}
{"target": -642.7763175984999, "params": {"gamma": 8.529845528647078, "prior": 7.805429564933998, "rate": 6.849555045051163}, "datetime": {"datetime": "2024-06-14 12:31:17", "elapsed": 9.216096, "delta": 0.008976}}
{"target": -620.1525179116333, "params": {"gamma": 7.4080773483828315, "prior": 1.6500670035239342, "rate": 7.188031753433652}, "datetime": {"datetime": "2024-06-14 12:31:17", "elapsed": 9.225539, "delta": 0.009443}}
{"target": -169.4469509745911, "params": {"gamma": 0.9690872885214075, "prior": 7.098799535582478, "rate": 0.027315329458906884}, "datetime": {"datetime": "2024-06-14 12:31:17", "elapsed": 9.235514, "delta": 0.009975}}
{"target": -558.7385881497627, "params": {"gamma": 7.76228166881635, "prior": 4.96641612933724, "rate": 2.044664276112351}, "datetime": {"datetime": "2024-06-14 12:31:17", "elapsed": 9.24449, "delta": 0.008976}}
{"target": -595.0742850857225, "params": {"gamma": 7.292736897839507, "prior": 3.2249759046532924, "rate": 8.83829208238512}, "datetime": {"datetime": "2024-06-14 12:31:17", "elapsed": 9.254463, "delta": 0.009973}}
{"target": -199.62058832698153, "params": {"gamma": 1.803155018796988, "prior": 9.39165147743165, "rate": 9.707530730383564}, "datetime": {"datetime": "2024-06-14 12:31:17", "elapsed": 9.26344, "delta": 0.008977}}
{"target": -267.5474390348694, "params": {"gamma": 3.0455479552792557, "prior": 8.63861535707258, "rate": 8.421949009551232}, "datetime": {"datetime": "2024-06-14 12:31:17", "elapsed": 9.273413, "delta": 0.009973}}
