{"target": -116.15930498929417, "params": {"p_ai": 5.133112070016159, "p_al": 0.13203797085632746, "p_ex": 7.892638896050124, "prior": 9.144546347577828, "rate": 0.6325587699788756}, "datetime": {"datetime": "2024-06-13 02:08:57", "elapsed": 187.535488, "delta": 0.110344}}
{"target": -98.58943640603697, "params": {"p_ai": 1.750742067950122, "p_al": 5.096044339245468, "p_ex": 4.309334910195113, "prior": 9.588804383348712, "rate": 9.846121364963434}, "datetime": {"datetime": "2024-06-13 02:08:57", "elapsed": 187.645195, "delta": 0.109707}}
{"target": -95.24431013089571, "params": {"p_ai": 1.5441559215266563, "p_al": 3.5316943927462785, "p_ex": 5.768989117248869, "prior": 4.222840835558754, "rate": 5.079485354107}, "datetime": {"datetime": "2024-06-13 02:08:57", "elapsed": 187.754854, "delta": 0.109659}}
{"target": -141.00282405967891, "params": {"p_ai": 8.770325995338487, "p_al": 0.6055781424620017, "p_ex": 9.153630970485896, "prior": 3.126272695375876, "rate": 7.291643087678667}, "datetime": {"datetime": "2024-06-13 02:08:57", "elapsed": 187.864561, "delta": 0.109707}}
{"target": -111.5000096217231, "params": {"p_ai": 2.7518289522714894, "p_al": 7.298895417256382, "p_ex": 7.843767691102058, "prior": 5.672487747176142, "rate": 1.1105717736698424}, "datetime": {"datetime": "2024-06-13 02:08:57", "elapsed": 187.97427, "delta": 0.109709}}
{"target": -123.76508725869631, "params": {"p_ai": 1.247871409908292, "p_al": 8.557223361607665, "p_ex": 9.338905564922545, "prior": 6.48689413185161, "rate": 1.8505555040416244}, "datetime": {"datetime": "2024-06-13 02:08:58", "elapsed": 188.084974, "delta": 0.110704}}
{"target": -122.06984593795625, "params": {"p_ai": 7.223530679015805, "p_al": 2.24124043974893, "p_ex": 7.527701900619364, "prior": 9.986270401401512, "rate": 9.21315808846653}, "datetime": {"datetime": "2024-06-13 02:08:58", "elapsed": 188.19425, "delta": 0.109276}}
{"target": -122.9529656292813, "params": {"p_ai": 5.273141992225733, "p_al": 6.226826610338095, "p_ex": 3.1548595349206674, "prior": 8.80547682526261, "rate": 8.603039096320444}, "datetime": {"datetime": "2024-06-13 02:08:58", "elapsed": 188.303959, "delta": 0.109709}}
{"target": -126.24830952817013, "params": {"p_ai": 0.6065850175834976, "p_al": 5.496862853636701, "p_ex": 3.8062741334354793, "prior": 5.568875726002874, "rate": 1.8225452520664278}, "datetime": {"datetime": "2024-06-13 02:08:58", "elapsed": 188.413931, "delta": 0.109972}}
{"target": -195.5503555981202, "params": {"p_ai": 7.922102909519271, "p_al": 1.1798197293564334, "p_ex": 2.03110869407715, "prior": 0.240474371425576, "rate": 0.5859235832070392}, "datetime": {"datetime": "2024-06-13 02:08:58", "elapsed": 188.524755, "delta": 0.110824}}
{"target": -94.77112852421006, "params": {"p_ai": 1.1926597295710184, "p_al": 4.514193436178149, "p_ex": 8.956965481922483, "prior": 1.0385871412974723, "rate": 9.97386964902612}, "datetime": {"datetime": "2024-06-13 02:08:58", "elapsed": 188.634919, "delta": 0.110164}}
{"target": -151.2804312100497, "params": {"p_ai": 9.224262281692667, "p_al": 1.260577525518817, "p_ex": 5.616515417818752, "prior": 5.787635942732416, "rate": 7.815082836250449}, "datetime": {"datetime": "2024-06-13 02:08:58", "elapsed": 188.744625, "delta": 0.109706}}
{"target": -97.41539363136012, "params": {"p_ai": 0.9946733715912853, "p_al": 0.8915032303886438, "p_ex": 9.44716286698995, "prior": 4.255373920746752, "rate": 8.191767220881795}, "datetime": {"datetime": "2024-06-13 02:08:58", "elapsed": 188.854021, "delta": 0.109396}}
{"target": -222.93331220731247, "params": {"p_ai": 7.830121494744263, "p_al": 8.379166151578875, "p_ex": 1.3983772214326267, "prior": 0.9182260342043448, "rate": 4.429075722724998}, "datetime": {"datetime": "2024-06-13 02:08:58", "elapsed": 188.964725, "delta": 0.110704}}
{"target": -165.55450598791944, "params": {"p_ai": 8.081224431768419, "p_al": 1.4039906013943886, "p_ex": 1.7982747248411668, "prior": 1.6068167605474208, "rate": 2.3069735255674932}, "datetime": {"datetime": "2024-06-13 02:08:59", "elapsed": 189.075429, "delta": 0.110704}}
{"target": -103.90247758831694, "params": {"p_ai": 3.281120992807415, "p_al": 0.6787294793388832, "p_ex": 3.865854946905693, "prior": 2.805558299035431, "rate": 1.5326903508244825}, "datetime": {"datetime": "2024-06-13 02:08:59", "elapsed": 189.185135, "delta": 0.109706}}
{"target": -92.73841664102224, "params": {"p_ai": 3.1334272363301388, "p_al": 4.993087848316837, "p_ex": 6.709437696219011, "prior": 2.9164717145299424, "rate": 4.868817051590856}, "datetime": {"datetime": "2024-06-13 02:08:59", "elapsed": 189.295839, "delta": 0.110704}}
{"target": -171.1095787050654, "params": {"p_ai": 6.940908597202748, "p_al": 9.423233485024044, "p_ex": 1.1340151517070014, "prior": 3.7711443085018157, "rate": 8.66685935806579}, "datetime": {"datetime": "2024-06-13 02:08:59", "elapsed": 189.412527, "delta": 0.116688}}
{"target": -190.80242502468892, "params": {"p_ai": 7.679523092182005, "p_al": 8.25958993480353, "p_ex": 0.37000277360014155, "prior": 8.040765772392614, "rate": 0.9535397258234063}, "datetime": {"datetime": "2024-06-13 02:08:59", "elapsed": 189.533736, "delta": 0.121209}}
{"target": -90.22724718346647, "params": {"p_ai": 3.527731441558376, "p_al": 2.331016845411896, "p_ex": 9.84381250107112, "prior": 4.823939198601884, "rate": 2.8040028370318577}, "datetime": {"datetime": "2024-06-13 02:08:59", "elapsed": 189.644977, "delta": 0.111241}}
{"target": -126.46042532076214, "params": {"p_ai": 4.20831303644071, "p_al": 1.3909199912438017, "p_ex": 7.8123479058368535, "prior": 8.210723794409088, "rate": 0.060692924712947724}, "datetime": {"datetime": "2024-06-13 02:08:59", "elapsed": 189.754797, "delta": 0.10982}}
{"target": -123.07029987997595, "params": {"p_ai": 3.586736625409582, "p_al": 9.279393194911547, "p_ex": 5.586318850329485, "prior": 1.7037725617162454, "rate": 3.9774673080792806}, "datetime": {"datetime": "2024-06-13 02:08:59", "elapsed": 189.869492, "delta": 0.114695}}
{"target": -111.87836839187393, "params": {"p_ai": 6.307483126500032, "p_al": 7.635259602323334, "p_ex": 9.854815211342656, "prior": 9.776881933179979, "rate": 4.441927905590453}, "datetime": {"datetime": "2024-06-13 02:08:59", "elapsed": 189.978202, "delta": 0.10871}}
{"target": -189.50928138983397, "params": {"p_ai": 9.179882536983376, "p_al": 7.237878515196161, "p_ex": 1.5502361081867004, "prior": 5.6936167436773015, "rate": 5.296019123071802}, "datetime": {"datetime": "2024-06-13 02:09:00", "elapsed": 190.091901, "delta": 0.113699}}
{"target": -180.74474476715187, "params": {"p_ai": 9.3954808270492, "p_al": 6.926539717875964, "p_ex": 5.394686533645217, "prior": 9.187316743334772, "rate": 0.8100829607163762}, "datetime": {"datetime": "2024-06-13 02:09:00", "elapsed": 190.208135, "delta": 0.116234}}
{"target": -135.63854478878523, "params": {"p_ai": 3.094916993572918, "p_al": 3.6642165952533947, "p_ex": 0.11845844310111493, "prior": 5.452034263649911, "rate": 3.856364428548411}, "datetime": {"datetime": "2024-06-13 02:09:00", "elapsed": 190.317856, "delta": 0.109721}}
{"target": -94.64016273956341, "params": {"p_ai": 4.65197580062364, "p_al": 0.5270892060138994, "p_ex": 9.805510777843343, "prior": 8.7538486659174, "rate": 3.1268548644551957}, "datetime": {"datetime": "2024-06-13 02:09:00", "elapsed": 190.428095, "delta": 0.110239}}
{"target": -121.9702681578323, "params": {"p_ai": 0.8186114436392081, "p_al": 1.066901745487618, "p_ex": 1.1136713740479698, "prior": 3.142322315774355, "rate": 7.467461809968642}, "datetime": {"datetime": "2024-06-13 02:09:00", "elapsed": 190.538892, "delta": 0.110797}}
{"target": -155.32456226626627, "params": {"p_ai": 8.67835826934303, "p_al": 4.504354254314959, "p_ex": 7.3542718795900415, "prior": 1.954921454335733, "rate": 1.9398555014637024}, "datetime": {"datetime": "2024-06-13 02:09:00", "elapsed": 190.648106, "delta": 0.109214}}
{"target": -132.30293244878135, "params": {"p_ai": 3.675066216725256, "p_al": 3.4930642409083035, "p_ex": 3.0214884061699934, "prior": 5.498054713306537, "rate": 0.12793941966032618}, "datetime": {"datetime": "2024-06-13 02:09:00", "elapsed": 190.758212, "delta": 0.110106}}
{"target": -143.6445574412293, "params": {"p_ai": 3.592949377328632, "p_al": 6.850240208220651, "p_ex": 2.0762081974303945, "prior": 1.809196226734778, "rate": 2.941861912968554}, "datetime": {"datetime": "2024-06-13 02:09:00", "elapsed": 190.867919, "delta": 0.109707}}
{"target": -259.54477249963526, "params": {"p_ai": 0.0570794264110311, "p_al": 3.4485010399955662, "p_ex": 8.284216693945723, "prior": 0.22387027810913668, "rate": 0.30416112021260816}, "datetime": {"datetime": "2024-06-13 02:09:00", "elapsed": 190.977668, "delta": 0.109749}}
{"target": -88.68825710080418, "params": {"p_ai": 3.7441838512918704, "p_al": 0.6545373626395712, "p_ex": 8.530620095744082, "prior": 3.6361514821744563, "rate": 7.087162602781017}, "datetime": {"datetime": "2024-06-13 02:09:01", "elapsed": 191.087345, "delta": 0.109677}}
{"target": -139.58489952811482, "params": {"p_ai": 3.425736032867562, "p_al": 2.854851210663137, "p_ex": 0.05590843511159711, "prior": 2.7010673520654245, "rate": 5.582512215150337}, "datetime": {"datetime": "2024-06-13 02:09:01", "elapsed": 191.198049, "delta": 0.110704}}
{"target": -132.31304957445488, "params": {"p_ai": 3.952715254018773, "p_al": 8.451666840823487, "p_ex": 2.5363778194337905, "prior": 9.201972385751201, "rate": 1.4504370511416007}, "datetime": {"datetime": "2024-06-13 02:09:01", "elapsed": 191.306758, "delta": 0.108709}}
{"target": -157.21960714116017, "params": {"p_ai": 4.839672515828387, "p_al": 2.020657909509962, "p_ex": 1.1227070742976464, "prior": 0.7902785856182359, "rate": 0.9805149571102284}, "datetime": {"datetime": "2024-06-13 02:09:01", "elapsed": 191.416037, "delta": 0.109279}}
{"target": -139.07237290600747, "params": {"p_ai": 4.434795231200355, "p_al": 4.939871104309284, "p_ex": 2.9452144192316068, "prior": 7.103606491623381, "rate": 0.21598214968952503}, "datetime": {"datetime": "2024-06-13 02:09:01", "elapsed": 191.527191, "delta": 0.111154}}
{"target": -149.47230741286637, "params": {"p_ai": 3.0966072855252476, "p_al": 8.4279922185235, "p_ex": 5.475035998134492, "prior": 0.5526442623327297, "rate": 5.102147829330874}, "datetime": {"datetime": "2024-06-13 02:09:01", "elapsed": 191.636897, "delta": 0.109706}}
{"target": -87.89243655713364, "params": {"p_ai": 2.9432512066981205, "p_al": 1.6641068935056507, "p_ex": 6.79315699912272, "prior": 1.9689723488615207, "rate": 3.9595303293616912}, "datetime": {"datetime": "2024-06-13 02:09:01", "elapsed": 191.747139, "delta": 0.110242}}
{"target": -318.54574781198414, "params": {"p_ai": 7.277921528343489, "p_al": 8.099541411826896, "p_ex": 6.015246650712711, "prior": 1.3089566403392192, "rate": 0.10989390105380556}, "datetime": {"datetime": "2024-06-13 02:09:01", "elapsed": 191.857092, "delta": 0.109953}}
{"target": -139.5818777652681, "params": {"p_ai": 2.9264355812037617, "p_al": 4.8393618600855035, "p_ex": 0.7576327747204976, "prior": 0.8358287218164281, "rate": 9.794963867843931}, "datetime": {"datetime": "2024-06-13 02:09:01", "elapsed": 191.967011, "delta": 0.109919}}
{"target": -118.27841954451543, "params": {"p_ai": 6.243085317339162, "p_al": 8.229260310475276, "p_ex": 7.810318538165776, "prior": 5.102871349984904, "rate": 6.070014439084623}, "datetime": {"datetime": "2024-06-13 02:09:02", "elapsed": 192.07726, "delta": 0.110249}}
{"target": -137.5665157579948, "params": {"p_ai": 2.825230053129282, "p_al": 9.360024382024866, "p_ex": 6.169073746264268, "prior": 4.069085998139481, "rate": 0.5027332281108874}, "datetime": {"datetime": "2024-06-13 02:09:02", "elapsed": 192.186967, "delta": 0.109707}}
{"target": -136.11743796747496, "params": {"p_ai": 1.049344743577626, "p_al": 4.439949432686932, "p_ex": 0.23860297366404565, "prior": 2.8864211596602547, "rate": 2.149739736234594}, "datetime": {"datetime": "2024-06-13 02:09:02", "elapsed": 192.297586, "delta": 0.110619}}
{"target": -88.33490432420332, "params": {"p_ai": 2.2158851068296688, "p_al": 1.927645508890136, "p_ex": 8.39168993709635, "prior": 4.660974693206179, "rate": 5.431847982540647}, "datetime": {"datetime": "2024-06-13 02:09:02", "elapsed": 192.408042, "delta": 0.110456}}
{"target": -151.66429943457103, "params": {"p_ai": 5.8085928743625805, "p_al": 0.944366227967611, "p_ex": 0.64104585878172, "prior": 9.868115074039345, "rate": 2.8390302919312274}, "datetime": {"datetime": "2024-06-13 02:09:02", "elapsed": 192.518565, "delta": 0.110523}}
{"target": -98.07454462022677, "params": {"p_ai": 1.4198719573620413, "p_al": 0.18877194032575711, "p_ex": 8.707206755855346, "prior": 1.7382795648924734, "rate": 1.7161810902589858}, "datetime": {"datetime": "2024-06-13 02:09:02", "elapsed": 192.63616, "delta": 0.117595}}
{"target": -97.71042928964806, "params": {"p_ai": 3.7275861586587777, "p_al": 1.8259027452235743, "p_ex": 4.410654513672928, "prior": 5.787178774859332, "rate": 8.361759262901945}, "datetime": {"datetime": "2024-06-13 02:09:02", "elapsed": 192.746287, "delta": 0.110127}}
{"target": -129.81101857672388, "params": {"p_ai": 5.883359694122646, "p_al": 9.240396445238543, "p_ex": 4.8133585954781895, "prior": 6.218810829625913, "rate": 4.417624344923028}, "datetime": {"datetime": "2024-06-13 02:09:02", "elapsed": 192.856991, "delta": 0.110704}}
{"target": -152.8979635192737, "params": {"p_ai": 9.125192472682842, "p_al": 7.104368034825856, "p_ex": 6.028364300611192, "prior": 8.434044408073273, "rate": 9.065053929593057}, "datetime": {"datetime": "2024-06-13 02:09:02", "elapsed": 192.968592, "delta": 0.111601}}
{"target": -127.47664662287724, "params": {"p_ai": 5.780278487109837, "p_al": 2.076747006550658, "p_ex": 3.331566249185239, "prior": 9.200192456243458, "rate": 4.912084820739068}, "datetime": {"datetime": "2024-06-13 02:09:03", "elapsed": 193.078298, "delta": 0.109706}}
{"target": -185.81140758941234, "params": {"p_ai": 8.451666587577435, "p_al": 4.916269488434407, "p_ex": 0.4834385541964983, "prior": 5.884638160158028, "rate": 9.798903067710715}, "datetime": {"datetime": "2024-06-13 02:09:03", "elapsed": 193.188636, "delta": 0.110338}}
{"target": -109.48109208394943, "params": {"p_ai": 1.515503008079487, "p_al": 6.269598335019419, "p_ex": 6.444503803436437, "prior": 1.0631561907006035, "rate": 2.990461280954757}, "datetime": {"datetime": "2024-06-13 02:09:03", "elapsed": 193.29934, "delta": 0.110704}}
{"target": -246.50509754735873, "params": {"p_ai": 3.8959831830687888, "p_al": 9.543671365430777, "p_ex": 5.7679660457770074, "prior": 0.8744967488020646, "rate": 1.072490181520753}, "datetime": {"datetime": "2024-06-13 02:09:03", "elapsed": 193.409049, "delta": 0.109709}}
{"target": -182.99201103225857, "params": {"p_ai": 9.536873374341363, "p_al": 8.053636578774547, "p_ex": 4.283588449105331, "prior": 6.72524282989263, "rate": 2.1200766989315696}, "datetime": {"datetime": "2024-06-13 02:09:03", "elapsed": 193.518983, "delta": 0.109934}}
{"target": -122.57338105987343, "params": {"p_ai": 5.202125476901955, "p_al": 9.755434569703551, "p_ex": 8.304415130244, "prior": 2.1605768686823534, "rate": 4.4847867469510385}, "datetime": {"datetime": "2024-06-13 02:09:03", "elapsed": 193.629436, "delta": 0.110453}}
{"target": -113.95424275912896, "params": {"p_ai": 5.727242202985682, "p_al": 5.708443316833046, "p_ex": 9.305325516899234, "prior": 2.5517056784217282, "rate": 6.563738478113883}, "datetime": {"datetime": "2024-06-13 02:09:03", "elapsed": 193.74114, "delta": 0.111704}}
{"target": -136.17065661195758, "params": {"p_ai": 7.812690271993985, "p_al": 1.160601525110093, "p_ex": 5.264365526462768, "prior": 4.1240237657859025, "rate": 5.023421940232455}, "datetime": {"datetime": "2024-06-13 02:09:03", "elapsed": 193.85135, "delta": 0.11021}}
{"target": -135.3933513502729, "params": {"p_ai": 0.6540852484869445, "p_al": 2.6960916194395437, "p_ex": 2.500770394588615, "prior": 6.6871079272570775, "rate": 0.5016923042482302}, "datetime": {"datetime": "2024-06-13 02:09:03", "elapsed": 193.962056, "delta": 0.110706}}
{"target": -172.75059726059632, "params": {"p_ai": 9.731373002481384, "p_al": 3.757498753387578, "p_ex": 8.718826986612719, "prior": 6.943229007107121, "rate": 0.296761024531815}, "datetime": {"datetime": "2024-06-13 02:09:04", "elapsed": 194.071794, "delta": 0.109738}}
{"target": -114.31758195484757, "params": {"p_ai": 0.8736192603075104, "p_al": 0.950537411031849, "p_ex": 5.642699732456598, "prior": 5.660857561045755, "rate": 3.1067697447742884}, "datetime": {"datetime": "2024-06-13 02:09:04", "elapsed": 194.18247, "delta": 0.110676}}
{"target": -123.83140497956197, "params": {"p_ai": 1.1328230404335249, "p_al": 7.6862883074548956, "p_ex": 1.3828505939648221, "prior": 5.850733827565691, "rate": 5.087266420902204}, "datetime": {"datetime": "2024-06-13 02:09:04", "elapsed": 194.292335, "delta": 0.109865}}
{"target": -145.36809225127996, "params": {"p_ai": 5.101719491681198, "p_al": 3.5940143066396395, "p_ex": 0.5557328765858107, "prior": 3.362607447052891, "rate": 9.49856917371997}, "datetime": {"datetime": "2024-06-13 02:09:04", "elapsed": 194.402401, "delta": 0.110066}}
{"target": -152.29845649620654, "params": {"p_ai": 9.48337904821076, "p_al": 4.2937613368317145, "p_ex": 7.420744505584506, "prior": 5.576596190715166, "rate": 9.140122463625204}, "datetime": {"datetime": "2024-06-13 02:09:04", "elapsed": 194.512883, "delta": 0.110482}}
{"target": -173.7145442611639, "params": {"p_ai": 7.364367670973599, "p_al": 3.939915265535041, "p_ex": 0.6062933343870917, "prior": 8.106318299713879, "rate": 3.1648914024045944}, "datetime": {"datetime": "2024-06-13 02:09:04", "elapsed": 194.623449, "delta": 0.110566}}
{"target": -122.38564538233653, "params": {"p_ai": 4.942556773417114, "p_al": 5.415751685695423, "p_ex": 5.175770439769287, "prior": 1.4627757268828725, "rate": 3.5940904567909753}, "datetime": {"datetime": "2024-06-13 02:09:04", "elapsed": 194.734658, "delta": 0.111209}}
{"target": -133.6029537813158, "params": {"p_ai": 3.6137307964915024, "p_al": 2.1587353818993296, "p_ex": 0.36945596621601556, "prior": 9.241854257258078, "rate": 3.54382328264327}, "datetime": {"datetime": "2024-06-13 02:09:04", "elapsed": 194.844379, "delta": 0.109721}}
{"target": -98.43012698459853, "params": {"p_ai": 1.9587906202407985, "p_al": 8.641052718885055, "p_ex": 4.9810365006234445, "prior": 8.199431128890511, "rate": 7.633434166521316}, "datetime": {"datetime": "2024-06-13 02:09:04", "elapsed": 194.954086, "delta": 0.109707}}
{"target": -106.7482875342308, "params": {"p_ai": 1.168130717558482, "p_al": 5.161270516651569, "p_ex": 3.3430727719670768, "prior": 6.859749327254686, "rate": 7.872388981522223}, "datetime": {"datetime": "2024-06-13 02:09:05", "elapsed": 195.06465, "delta": 0.110564}}
{"target": -97.02362682133698, "params": {"p_ai": 2.8478120950384707, "p_al": 4.200642296622124, "p_ex": 8.823654541848954, "prior": 7.640276990704428, "rate": 2.8497379449744105}, "datetime": {"datetime": "2024-06-13 02:09:05", "elapsed": 195.175354, "delta": 0.110704}}
{"target": -129.3829999842225, "params": {"p_ai": 7.239099541271242, "p_al": 0.27237542317981583, "p_ex": 5.633388052583022, "prior": 0.4117319370996556, "rate": 1.2616859991783544}, "datetime": {"datetime": "2024-06-13 02:09:05", "elapsed": 195.285061, "delta": 0.109707}}
{"target": -150.93565450692807, "params": {"p_ai": 8.206165134860953, "p_al": 6.816393871648483, "p_ex": 4.388876193891318, "prior": 3.9577011246636613, "rate": 8.758079863717915}, "datetime": {"datetime": "2024-06-13 02:09:05", "elapsed": 195.394768, "delta": 0.109707}}
{"target": -122.83733000819343, "params": {"p_ai": 2.3884335366247096, "p_al": 3.940443508270194, "p_ex": 1.4356388466563614, "prior": 6.724593074749828, "rate": 1.7569187206082415}, "datetime": {"datetime": "2024-06-13 02:09:05", "elapsed": 195.504636, "delta": 0.109868}}
{"target": -330.24688801312595, "params": {"p_ai": 9.997538219439393, "p_al": 9.64435836980209, "p_ex": 0.67846837073078, "prior": 0.7094191982531912, "rate": 2.4716590613240044}, "datetime": {"datetime": "2024-06-13 02:09:05", "elapsed": 195.615154, "delta": 0.110518}}
{"target": -101.01348807582393, "params": {"p_ai": 3.113199216845208, "p_al": 7.979576509476988, "p_ex": 7.528886769872903, "prior": 1.7898699701152085, "rate": 7.40547428623903}, "datetime": {"datetime": "2024-06-13 02:09:05", "elapsed": 195.724865, "delta": 0.109711}}
{"target": -117.92653157414664, "params": {"p_ai": 3.768939080848803, "p_al": 3.154090453024458, "p_ex": 2.0018974713345363, "prior": 5.5689349379506545, "rate": 5.0800663214378}, "datetime": {"datetime": "2024-06-13 02:09:05", "elapsed": 195.835568, "delta": 0.110703}}
{"target": -209.40716657413063, "params": {"p_ai": 9.04527696601336, "p_al": 1.645316780675287, "p_ex": 0.26180135711145114, "prior": 1.392915278638611, "rate": 0.36451297992350945}, "datetime": {"datetime": "2024-06-13 02:09:05", "elapsed": 195.945295, "delta": 0.109727}}
{"target": -114.32048602994246, "params": {"p_ai": 5.687163566769333, "p_al": 7.716013039606546, "p_ex": 9.871777231050503, "prior": 8.472619903469722, "rate": 1.69659327492476}, "datetime": {"datetime": "2024-06-13 02:09:06", "elapsed": 196.055996, "delta": 0.110701}}
{"target": -206.022426379155, "params": {"p_ai": 9.77961288637034, "p_al": 5.785494040079212, "p_ex": 8.102580535658149, "prior": 0.1151810139076463, "rate": 1.9803693431064198}, "datetime": {"datetime": "2024-06-13 02:09:06", "elapsed": 196.166252, "delta": 0.110256}}
{"target": -168.01013191114254, "params": {"p_ai": 9.250464838932725, "p_al": 2.426362024183873, "p_ex": 5.396154540001887, "prior": 7.260620274186737, "rate": 1.0100096424153542}, "datetime": {"datetime": "2024-06-13 02:09:06", "elapsed": 196.275959, "delta": 0.109707}}
