{"target": -170.13003132754207, "params": {"gamma": 3.0455479552792557, "prior": 8.63861535707258, "rate": 8.421949009551232}, "datetime": {"datetime": "2024-06-14 08:53:19", "elapsed": 9.258693, "delta": 0.008976}}
{"target": -222.80894586871054, "params": {"gamma": 4.246702488235933, "prior": 3.7004756377425694, "rate": 2.825092294877215}, "datetime": {"datetime": "2024-06-14 08:53:19", "elapsed": 9.268666, "delta": 0.009973}}
{"target": -305.78995829077365, "params": {"gamma": 9.93237460787099, "prior": 2.6319351668238067, "rate": 9.206835301993463}, "datetime": {"datetime": "2024-06-14 08:53:19", "elapsed": 9.277642, "delta": 0.008976}}
{"target": -213.91925089644246, "params": {"gamma": 4.283923802383466, "prior": 9.360727422179947, "rate": 8.38860949714763}, "datetime": {"datetime": "2024-06-14 08:53:19", "elapsed": 9.287615, "delta": 0.009973}}
{"target": -130.39800189810143, "params": {"gamma": 1.5586174788295128, "prior": 5.785405208073743, "rate": 6.7353566438421755}, "datetime": {"datetime": "2024-06-14 08:53:19", "elapsed": 9.296591, "delta": 0.008976}}
{"target": -177.48276417039327, "params": {"gamma": 4.058798239584453, "prior": 0.14828274037404324, "rate": 3.2539879663598352}, "datetime": {"datetime": "2024-06-14 08:53:19", "elapsed": 9.306565, "delta": 0.009974}}
{"target": -305.2646102947756, "params": {"gamma": 8.389610534784513, "prior": 0.7219574041509673, "rate": 1.0550920446467325}, "datetime": {"datetime": "2024-06-14 08:53:19", "elapsed": 9.315541, "delta": 0.008976}}
{"target": -306.4059604454789, "params": {"gamma": 7.0181716777726475, "prior": 5.190166850786258, "rate": 4.9821700831201285}, "datetime": {"datetime": "2024-06-14 08:53:19", "elapsed": 9.325514, "delta": 0.009973}}
{"target": -176.3419419206435, "params": {"gamma": 3.736723579545134, "prior": 6.074784805046058, "rate": 8.514836200003508}, "datetime": {"datetime": "2024-06-14 08:53:19", "elapsed": 9.335488, "delta": 0.009974}}
{"target": -188.8440038685073, "params": {"gamma": 2.7699536416334585, "prior": 8.463137492151986, "rate": 4.166774866572612}, "datetime": {"datetime": "2024-06-14 08:53:19", "elapsed": 9.345461, "delta": 0.009973}}
{"target": -319.6469760404273, "params": {"gamma": 5.010339139927012, "prior": 7.323271447824984, "rate": 2.5879583533585664}, "datetime": {"datetime": "2024-06-14 08:53:19", "elapsed": 9.355434, "delta": 0.009973}}
{"target": -404.40925348182884, "params": {"gamma": 9.216447549642744, "prior": 7.050487695865598, "rate": 6.189685300551793}, "datetime": {"datetime": "2024-06-14 08:53:19", "elapsed": 9.365407, "delta": 0.009973}}
{"target": -200.05332904106902, "params": {"gamma": 2.7308153642818653, "prior": 6.988899717958515, "rate": 2.5728902697861002}, "datetime": {"datetime": "2024-06-14 08:53:19", "elapsed": 9.374384, "delta": 0.008977}}
{"target": -274.0956706172248, "params": {"gamma": 8.164710250604447, "prior": 0.21357730472677, "rate": 1.6662098984717895}, "datetime": {"datetime": "2024-06-14 08:53:19", "elapsed": 9.384356, "delta": 0.009972}}
{"target": -285.09342170614013, "params": {"gamma": 5.578732058631829, "prior": 7.151581896064771, "rate": 4.925314058477191}, "datetime": {"datetime": "2024-06-14 08:53:19", "elapsed": 9.393333, "delta": 0.008977}}
{"target": -492.20222709880017, "params": {"gamma": 8.77821720529802, "prior": 9.761112381872845, "rate": 4.643306398374889}, "datetime": {"datetime": "2024-06-14 08:53:19", "elapsed": 9.403306, "delta": 0.009973}}
{"target": -293.1339958364393, "params": {"gamma": 7.680101807848576, "prior": 4.99824412495192, "rate": 6.651322684579871}, "datetime": {"datetime": "2024-06-14 08:53:19", "elapsed": 9.412282, "delta": 0.008976}}
{"target": -132.09462596952008, "params": {"gamma": 2.2495249246936897, "prior": 1.1844630004410581, "rate": 9.790110366804328}, "datetime": {"datetime": "2024-06-14 08:53:19", "elapsed": 9.42226, "delta": 0.009978}}
{"target": -274.92205919600224, "params": {"gamma": 8.150131602400142, "prior": 2.925296971250357, "rate": 5.858698015894784}, "datetime": {"datetime": "2024-06-14 08:53:19", "elapsed": 9.432229, "delta": 0.009969}}
{"target": -166.17342357697862, "params": {"gamma": 3.8013319815826336, "prior": 1.8457466036216705, "rate": 4.188932595381877}, "datetime": {"datetime": "2024-06-14 08:53:19", "elapsed": 9.442202, "delta": 0.009973}}
{"target": -148.89742875583752, "params": {"gamma": 2.9725807541730793, "prior": 0.2645786546757686, "rate": 3.8742957016810964}, "datetime": {"datetime": "2024-06-14 08:53:19", "elapsed": 9.451178, "delta": 0.008976}}
{"target": -446.91647397584114, "params": {"gamma": 9.209209125043717, "prior": 8.299182561203743, "rate": 5.741173477210314}, "datetime": {"datetime": "2024-06-14 08:53:19", "elapsed": 9.461151, "delta": 0.009973}}
{"target": -149.51326405678253, "params": {"gamma": 3.1871500009390448, "prior": 2.3895165193658316, "rate": 9.560239816725709}, "datetime": {"datetime": "2024-06-14 08:53:19", "elapsed": 9.470127, "delta": 0.008976}}
{"target": -244.9868516704516, "params": {"gamma": 5.646536380588049, "prior": 2.254292505235319, "rate": 2.4955710289351303}, "datetime": {"datetime": "2024-06-14 08:53:19", "elapsed": 9.480101, "delta": 0.009974}}
{"target": -553.7657446108224, "params": {"gamma": 9.59600242910666, "prior": 2.464259919634281, "rate": 1.068034169467023}, "datetime": {"datetime": "2024-06-14 08:53:19", "elapsed": 9.489858, "delta": 0.009757}}
{"target": -140.03229155624973, "params": {"gamma": 1.840435435586939, "prior": 7.685625588487398, "rate": 7.087933795056683}, "datetime": {"datetime": "2024-06-14 08:53:19", "elapsed": 9.498834, "delta": 0.008976}}
{"target": -239.2498786287995, "params": {"gamma": 4.379981305846461, "prior": 7.958664620452609, "rate": 5.1756094087340525}, "datetime": {"datetime": "2024-06-14 08:53:19", "elapsed": 9.508808, "delta": 0.009974}}
{"target": -171.3391450137876, "params": {"gamma": 4.136568013129941, "prior": 1.262675168653137, "rate": 8.839226748297556}, "datetime": {"datetime": "2024-06-14 08:53:19", "elapsed": 9.517785, "delta": 0.008977}}
{"target": -149.30890338121657, "params": {"gamma": 2.7566565508887577, "prior": 6.200981160965617, "rate": 9.8458132098281}, "datetime": {"datetime": "2024-06-14 08:53:19", "elapsed": 9.527776, "delta": 0.009991}}
{"target": -148.86301116716675, "params": {"gamma": 1.8949908024154942, "prior": 9.655361118751124, "rate": 6.527500968888528}, "datetime": {"datetime": "2024-06-14 08:53:19", "elapsed": 9.536733, "delta": 0.008957}}
{"target": -125.97953474968415, "params": {"gamma": 1.28818731436088, "prior": 7.742078746123179, "rate": 9.51780600679268}, "datetime": {"datetime": "2024-06-14 08:53:19", "elapsed": 9.546706, "delta": 0.009973}}
{"target": -487.8256012654421, "params": {"gamma": 5.628242716344561, "prior": 6.916696477605665, "rate": 0.26445244082095803}, "datetime": {"datetime": "2024-06-14 08:53:19", "elapsed": 9.55671, "delta": 0.010004}}
{"target": -781.9250000565427, "params": {"gamma": 9.890767779393961, "prior": 3.252725486155457, "rate": 0.24001388988282726}, "datetime": {"datetime": "2024-06-14 08:53:19", "elapsed": 9.565657, "delta": 0.008947}}
{"target": -381.37859279000924, "params": {"gamma": 8.08583294059341, "prior": 9.735200262493974, "rate": 7.376147510656895}, "datetime": {"datetime": "2024-06-14 08:53:19", "elapsed": 9.575629, "delta": 0.009972}}
{"target": -146.3723081579576, "params": {"gamma": 0.028355324647958178, "prior": 0.7272690626029495, "rate": 5.843109782870581}, "datetime": {"datetime": "2024-06-14 08:53:19", "elapsed": 9.584605, "delta": 0.008976}}
{"target": -178.85950215692418, "params": {"gamma": 3.3578153624482754, "prior": 8.830151459442787, "rate": 8.736820024200027}, "datetime": {"datetime": "2024-06-14 08:53:19", "elapsed": 9.593581, "delta": 0.008976}}
{"target": -374.4029912071875, "params": {"gamma": 9.875201568135711, "prior": 7.186736493818677, "rate": 8.768960114386706}, "datetime": {"datetime": "2024-06-14 08:53:19", "elapsed": 9.603554, "delta": 0.009973}}
{"target": -150.795282204012, "params": {"gamma": 3.197181468508664, "prior": 1.20065182400608, "rate": 8.653775693718016}, "datetime": {"datetime": "2024-06-14 08:53:19", "elapsed": 9.612531, "delta": 0.008977}}
{"target": -156.64456824272412, "params": {"gamma": 3.035422507017289, "prior": 4.251389751852173, "rate": 6.460656540458656}, "datetime": {"datetime": "2024-06-14 08:53:19", "elapsed": 9.622504, "delta": 0.009973}}
{"target": -276.855318075802, "params": {"gamma": 6.051386242420971, "prior": 4.267138536697311, "rate": 3.862118968194065}, "datetime": {"datetime": "2024-06-14 08:53:19", "elapsed": 9.632477, "delta": 0.009973}}
{"target": -144.53561212760022, "params": {"gamma": 1.227687737548204, "prior": 5.385232654603825, "rate": 2.329308118342716}, "datetime": {"datetime": "2024-06-14 08:53:19", "elapsed": 9.641454, "delta": 0.008977}}
{"target": -583.5685834067746, "params": {"gamma": 7.548323703153514, "prior": 6.78121878322855, "rate": 0.7201977211273354}, "datetime": {"datetime": "2024-06-14 08:53:19", "elapsed": 9.651426, "delta": 0.009972}}
{"target": -639.7605448157567, "params": {"gamma": 9.892657582673268, "prior": 7.826523662185978, "rate": 2.279031043019085}, "datetime": {"datetime": "2024-06-14 08:53:19", "elapsed": 9.6614, "delta": 0.009974}}
{"target": -137.42470650078062, "params": {"gamma": 0.30839744067862085, "prior": 4.835881127609816, "rate": 3.5280716325732393}, "datetime": {"datetime": "2024-06-14 08:53:19", "elapsed": 9.670376, "delta": 0.008976}}
{"target": -233.22409528996224, "params": {"gamma": 5.465568482142916, "prior": 6.630673158706719, "rate": 7.972400853780025}, "datetime": {"datetime": "2024-06-14 08:53:19", "elapsed": 9.680349, "delta": 0.009973}}
{"target": -145.29829221630962, "params": {"gamma": 0.1364299240444373, "prior": 7.171525587400897, "rate": 2.95384434705289}, "datetime": {"datetime": "2024-06-14 08:53:19", "elapsed": 9.689325, "delta": 0.008976}}
{"target": -486.1486899869034, "params": {"gamma": 9.864039353798532, "prior": 8.47779313281904, "rate": 5.604451409666734}, "datetime": {"datetime": "2024-06-14 08:53:19", "elapsed": 9.70229, "delta": 0.012965}}
{"target": -254.0788025674644, "params": {"gamma": 5.9780590880830164, "prior": 2.001549162745117, "rate": 2.263289634282068}, "datetime": {"datetime": "2024-06-14 08:53:19", "elapsed": 9.712264, "delta": 0.009974}}
{"target": -162.18928687680278, "params": {"gamma": 1.5409777702011733, "prior": 3.8403541198979734, "rate": 1.1204424879714694}, "datetime": {"datetime": "2024-06-14 08:53:19", "elapsed": 9.72124, "delta": 0.008976}}
{"target": -373.4417955599884, "params": {"gamma": 5.113217663448985, "prior": 6.420931758475319, "rate": 1.2230015699915957}, "datetime": {"datetime": "2024-06-14 08:53:19", "elapsed": 9.731213, "delta": 0.009973}}
{"target": -155.69170764554556, "params": {"gamma": 3.442619392943751, "prior": 0.7964440088835576, "rate": 5.25808611153342}, "datetime": {"datetime": "2024-06-14 08:53:19", "elapsed": 9.741187, "delta": 0.009974}}
{"target": -258.32813611508385, "params": {"gamma": 6.503247402260852, "prior": 6.193174199613517, "rate": 8.138881758532042}, "datetime": {"datetime": "2024-06-14 08:53:19", "elapsed": 9.750162, "delta": 0.008975}}
{"target": -173.6281343477575, "params": {"gamma": 2.3564267987877012, "prior": 6.220000234220411, "rate": 3.028982363807174}, "datetime": {"datetime": "2024-06-14 08:53:19", "elapsed": 9.760136, "delta": 0.009974}}
{"target": -151.5260087477316, "params": {"gamma": 0.8885882930853439, "prior": 3.1220885685015505, "rate": 0.7144933929712171}, "datetime": {"datetime": "2024-06-14 08:53:19", "elapsed": 9.770109, "delta": 0.009973}}
{"target": -711.199355787061, "params": {"gamma": 9.585783535985689, "prior": 7.2989378057766, "rate": 1.0155071173822163}, "datetime": {"datetime": "2024-06-14 08:53:19", "elapsed": 9.780083, "delta": 0.009974}}
{"target": -258.67959471300344, "params": {"gamma": 7.862906954163588, "prior": 3.5863380649556653, "rate": 9.1144399680976}, "datetime": {"datetime": "2024-06-14 08:53:19", "elapsed": 9.790056, "delta": 0.009973}}
{"target": -343.3184632930567, "params": {"gamma": 4.955478850036387, "prior": 8.739657957550234, "rate": 2.206077417642493}, "datetime": {"datetime": "2024-06-14 08:53:20", "elapsed": 9.80003, "delta": 0.009974}}
{"target": -265.27341906196375, "params": {"gamma": 3.6725560667067523, "prior": 3.731685727367989, "rate": 0.9722296833512493}, "datetime": {"datetime": "2024-06-14 08:53:20", "elapsed": 9.809006, "delta": 0.008976}}
{"target": -192.7486376061022, "params": {"gamma": 3.310813326223882, "prior": 6.6311270580041155, "rate": 4.665968370246033}, "datetime": {"datetime": "2024-06-14 08:53:20", "elapsed": 9.818978, "delta": 0.009972}}
{"target": -332.26660944318917, "params": {"gamma": 8.792436465874568, "prior": 2.769735637264448, "rate": 3.5488386678677664}, "datetime": {"datetime": "2024-06-14 08:53:20", "elapsed": 9.827955, "delta": 0.008977}}
{"target": -226.22988236346205, "params": {"gamma": 3.2042225472159718, "prior": 5.562205909154905, "rate": 1.8830059366472722}, "datetime": {"datetime": "2024-06-14 08:53:20", "elapsed": 9.837929, "delta": 0.009974}}
{"target": -159.10862728861815, "params": {"gamma": 1.7332694708102208, "prior": 9.4008710496637, "rate": 3.767100489749554}, "datetime": {"datetime": "2024-06-14 08:53:20", "elapsed": 9.847902, "delta": 0.009973}}
{"target": -214.8618164421187, "params": {"gamma": 5.871394250695616, "prior": 0.6460056416863561, "rate": 1.409439110996769}, "datetime": {"datetime": "2024-06-14 08:53:20", "elapsed": 9.857875, "delta": 0.009973}}
{"target": -163.86413363540422, "params": {"gamma": 0.964489160060572, "prior": 8.139944122785648, "rate": 1.0323646790520586}, "datetime": {"datetime": "2024-06-14 08:53:20", "elapsed": 9.867848, "delta": 0.009973}}
{"target": -206.04311918018823, "params": {"gamma": 5.163644140749812, "prior": 1.6402211901215338, "rate": 2.7888887375330564}, "datetime": {"datetime": "2024-06-14 08:53:20", "elapsed": 9.876825, "delta": 0.008977}}
{"target": -314.37090329821046, "params": {"gamma": 8.826137423028198, "prior": 6.352778274796015, "rate": 9.636663439420486}, "datetime": {"datetime": "2024-06-14 08:53:20", "elapsed": 9.886797, "delta": 0.009972}}
{"target": -230.50768459690744, "params": {"gamma": 5.997543941794315, "prior": 0.19424519054392425, "rate": 4.156994414198696}, "datetime": {"datetime": "2024-06-14 08:53:20", "elapsed": 9.89677, "delta": 0.009973}}
{"target": -136.1107742946544, "params": {"gamma": 0.22539510183243922, "prior": 3.20844484766477, "rate": 4.816767682276697}, "datetime": {"datetime": "2024-06-14 08:53:20", "elapsed": 9.906743, "delta": 0.009973}}
{"target": -211.05020468226283, "params": {"gamma": 5.755017951896957, "prior": 2.4626370089964063, "rate": 5.583307497898072}, "datetime": {"datetime": "2024-06-14 08:53:20", "elapsed": 9.91572, "delta": 0.008977}}
{"target": -256.4856607362875, "params": {"gamma": 3.949806420938232, "prior": 5.115163656318577, "rate": 1.9604741784106727}, "datetime": {"datetime": "2024-06-14 08:53:20", "elapsed": 9.925693, "delta": 0.009973}}
{"target": -152.07712118553246, "params": {"gamma": 1.5683593484243095, "prior": 7.5697183752636255, "rate": 3.3004023148263886}, "datetime": {"datetime": "2024-06-14 08:53:20", "elapsed": 9.934669, "delta": 0.008976}}
{"target": -243.65944125647928, "params": {"gamma": 6.442312729689626, "prior": 5.698010406246365, "rate": 8.995409627944824}, "datetime": {"datetime": "2024-06-14 08:53:20", "elapsed": 9.944643, "delta": 0.009974}}
{"target": -500.7504982192394, "params": {"gamma": 8.806955495452243, "prior": 4.486802863235155, "rate": 2.048146129836078}, "datetime": {"datetime": "2024-06-14 08:53:20", "elapsed": 9.954616, "delta": 0.009973}}
{"target": -269.40728692774434, "params": {"gamma": 6.322291560542967, "prior": 6.404676155930846, "rate": 6.92448261628265}, "datetime": {"datetime": "2024-06-14 08:53:20", "elapsed": 9.965616, "delta": 0.011}}
{"target": -415.4746248970408, "params": {"gamma": 9.074824554145266, "prior": 7.847551682641525, "rate": 6.253284067622613}, "datetime": {"datetime": "2024-06-14 08:53:20", "elapsed": 9.976451, "delta": 0.010835}}
{"target": -212.36556237801122, "params": {"gamma": 6.010054988385501, "prior": 2.2063144570746065, "rate": 6.514002254616683}, "datetime": {"datetime": "2024-06-14 08:53:20", "elapsed": 9.986424, "delta": 0.009973}}
{"target": -343.7396963886585, "params": {"gamma": 8.145187207595269, "prior": 9.230992560443674, "rate": 9.166584470697245}, "datetime": {"datetime": "2024-06-14 08:53:20", "elapsed": 9.9954, "delta": 0.008976}}
{"target": -235.0599278266959, "params": {"gamma": 5.611426959920494, "prior": 2.6723563598308284, "rate": 3.338640770780343}, "datetime": {"datetime": "2024-06-14 08:53:20", "elapsed": 10.005373, "delta": 0.009973}}
{"target": -346.52490151421944, "params": {"gamma": 9.977625893322635, "prior": 5.303418103356411, "rate": 8.159250821705387}, "datetime": {"datetime": "2024-06-14 08:53:20", "elapsed": 10.015346, "delta": 0.009973}}
{"target": -303.20811545342764, "params": {"gamma": 5.970564861657937, "prior": 5.1186108345504335, "rate": 3.4860476134416722}, "datetime": {"datetime": "2024-06-14 08:53:20", "elapsed": 10.025319, "delta": 0.009973}}
{"target": -222.06793428118058, "params": {"gamma": 5.378167511784794, "prior": 0.16667359924261277, "rate": 8.766981380159143}, "datetime": {"datetime": "2024-06-14 08:53:20", "elapsed": 10.034295, "delta": 0.008976}}
{"target": -220.9236689772245, "params": {"gamma": 5.615303328845261, "prior": 0.340386110714318, "rate": 8.181929278566322}, "datetime": {"datetime": "2024-06-14 08:53:20", "elapsed": 10.044269, "delta": 0.009974}}
{"target": -117.94248118696571, "params": {"gamma": 1.3544085542298703, "prior": 0.4033231110996103, "rate": 4.623891705947023}, "datetime": {"datetime": "2024-06-14 08:53:20", "elapsed": 10.053244, "delta": 0.008975}}
{"target": -480.34326381500017, "params": {"gamma": 9.606606296174677, "prior": 1.0267810597935034, "rate": 0.656919562834297}, "datetime": {"datetime": "2024-06-14 08:53:20", "elapsed": 10.063218, "delta": 0.009974}}
{"target": -367.5685282823846, "params": {"gamma": 8.799475826643015, "prior": 8.231583211278556, "rate": 8.199874253028593}, "datetime": {"datetime": "2024-06-14 08:53:20", "elapsed": 10.073192, "delta": 0.009974}}
{"target": -225.47537731144268, "params": {"gamma": 4.678712660105902, "prior": 4.3321717361492516, "rate": 4.011281986039528}, "datetime": {"datetime": "2024-06-14 08:53:20", "elapsed": 10.083164, "delta": 0.009972}}
{"target": -253.38039446928673, "params": {"gamma": 5.822568206350932, "prior": 7.316809626823501, "rate": 7.843135731493912}, "datetime": {"datetime": "2024-06-14 08:53:20", "elapsed": 10.09214, "delta": 0.008976}}
{"target": -320.6770423669934, "params": {"gamma": 6.548337076416619, "prior": 5.668415030292531, "rate": 4.1245136895947505}, "datetime": {"datetime": "2024-06-14 08:53:20", "elapsed": 10.102114, "delta": 0.009974}}
{"target": -173.35478670313944, "params": {"gamma": 3.1998307053765016, "prior": 2.9338531489792334, "rate": 2.9624710073123492}, "datetime": {"datetime": "2024-06-14 08:53:20", "elapsed": 10.11109, "delta": 0.008976}}
{"target": -323.7655576461207, "params": {"gamma": 6.827845908778269, "prior": 7.648167703379835, "rate": 5.976600250112773}, "datetime": {"datetime": "2024-06-14 08:53:20", "elapsed": 10.121063, "delta": 0.009973}}
{"target": -131.30306856389848, "params": {"gamma": 2.229416058643355, "prior": 2.0245107029967566, "rate": 7.657095501588769}, "datetime": {"datetime": "2024-06-14 08:53:20", "elapsed": 10.130039, "delta": 0.008976}}
{"target": -324.719434783777, "params": {"gamma": 9.786959495931479, "prior": 0.257508619766369, "rate": 2.489732521683815}, "datetime": {"datetime": "2024-06-14 08:53:20", "elapsed": 10.140013, "delta": 0.009974}}
{"target": -494.44087367517034, "params": {"gamma": 7.923336404835708, "prior": 7.219736447758213, "rate": 2.4605535974366086}, "datetime": {"datetime": "2024-06-14 08:53:20", "elapsed": 10.148989, "delta": 0.008976}}
{"target": -234.61320124593774, "params": {"gamma": 5.549368918377377, "prior": 5.897299361580305, "rate": 7.21412138219565}, "datetime": {"datetime": "2024-06-14 08:53:20", "elapsed": 10.158962, "delta": 0.009973}}
{"target": -239.08028242753687, "params": {"gamma": 4.637273438415798, "prior": 4.1079998680749545, "rate": 3.080786698738075}, "datetime": {"datetime": "2024-06-14 08:53:20", "elapsed": 10.167938, "delta": 0.008976}}
{"target": -134.12252571358374, "params": {"gamma": 2.3838507751598206, "prior": 1.0157832456909792, "rate": 6.4591879907890055}, "datetime": {"datetime": "2024-06-14 08:53:20", "elapsed": 10.177913, "delta": 0.009975}}
{"target": -618.9780001204754, "params": {"gamma": 6.696034914953822, "prior": 6.904700391776786, "rate": 0.03245405892326011}, "datetime": {"datetime": "2024-06-14 08:53:20", "elapsed": 10.187885, "delta": 0.009972}}
{"target": -174.7137626441168, "params": {"gamma": 4.383092072177341, "prior": 1.3132783126224954, "rate": 5.266566747727368}, "datetime": {"datetime": "2024-06-14 08:53:20", "elapsed": 10.198041, "delta": 0.010156}}
{"target": -459.94085957760706, "params": {"gamma": 9.797416469397842, "prior": 5.042842408537047, "rate": 3.747125142755934}, "datetime": {"datetime": "2024-06-14 08:53:20", "elapsed": 10.207941, "delta": 0.0099}}
{"target": -526.3739807601994, "params": {"gamma": 8.13858608395356, "prior": 9.685194238622525, "rate": 2.8719466519104246}, "datetime": {"datetime": "2024-06-14 08:53:20", "elapsed": 10.252374, "delta": 0.044433}}
{"target": -615.1447012187828, "params": {"gamma": 8.030197397425262, "prior": 9.96180022989637, "rate": 1.1191305732763266}, "datetime": {"datetime": "2024-06-14 08:53:20", "elapsed": 10.262208, "delta": 0.009834}}
