{"target": -1083.6690318642347, "params": {"gamma": 5.53478362877641, "lr": 0.08480182166035288}, "datetime": {"datetime": "2024-06-13 19:33:52", "elapsed": 2.954611, "delta": 0.002992}}
{"target": -172.8397464284423, "params": {"gamma": 2.0254278937096815, "lr": 0.8542379729163827}, "datetime": {"datetime": "2024-06-13 19:33:52", "elapsed": 2.958601, "delta": 0.00399}}
{"target": -589.5054371197712, "params": {"gamma": 7.0595677402804276, "lr": 0.8949395201529242}, "datetime": {"datetime": "2024-06-13 19:33:52", "elapsed": 2.96259, "delta": 0.003989}}
{"target": -262.4483276301935, "params": {"gamma": 3.2921308719412035, "lr": 0.5280013966376261}, "datetime": {"datetime": "2024-06-13 19:33:52", "elapsed": 2.966579, "delta": 0.003989}}
{"target": -513.9042471187495, "params": {"gamma": 6.504330926708715, "lr": 0.5942908535866644}, "datetime": {"datetime": "2024-06-13 19:33:52", "elapsed": 2.970569, "delta": 0.00399}}
{"target": -194.83898915198267, "params": {"gamma": 2.315397892406944, "lr": 0.4268213494482356}, "datetime": {"datetime": "2024-06-13 19:33:52", "elapsed": 2.974558, "delta": 0.003989}}
{"target": -207.14183810393234, "params": {"gamma": 2.481866529137688, "lr": 0.8456149622311454}, "datetime": {"datetime": "2024-06-13 19:33:52", "elapsed": 2.978547, "delta": 0.003989}}
{"target": -1923.86374144587, "params": {"gamma": 9.866787772235858, "lr": 0.06657080313237929}, "datetime": {"datetime": "2024-06-13 19:33:52", "elapsed": 2.982537, "delta": 0.00399}}
{"target": -642.6543102600873, "params": {"gamma": 7.139566394637347, "lr": 0.3301155521990743}, "datetime": {"datetime": "2024-06-13 19:33:52", "elapsed": 2.985528, "delta": 0.002991}}
{"target": -624.8256279066153, "params": {"gamma": 6.254728347736019, "lr": 0.258129649281871}, "datetime": {"datetime": "2024-06-13 19:33:52", "elapsed": 2.989518, "delta": 0.00399}}
{"target": -524.9202100336585, "params": {"gamma": 6.510425085475643, "lr": 0.37114718446272954}, "datetime": {"datetime": "2024-06-13 19:33:52", "elapsed": 2.993507, "delta": 0.003989}}
{"target": -256.83323081870736, "params": {"gamma": 2.9489139744901, "lr": 0.9117631736977988}, "datetime": {"datetime": "2024-06-13 19:33:52", "elapsed": 2.997497, "delta": 0.00399}}
{"target": -787.8458556787723, "params": {"gamma": 9.425046243387849, "lr": 0.6135500265601355}, "datetime": {"datetime": "2024-06-13 19:33:52", "elapsed": 3.001486, "delta": 0.003989}}
{"target": -191.5654942185163, "params": {"gamma": 2.1454633405260957, "lr": 0.9394188709061594}, "datetime": {"datetime": "2024-06-13 19:33:52", "elapsed": 3.005475, "delta": 0.003989}}
{"target": -619.6434065977884, "params": {"gamma": 7.504785013686519, "lr": 0.7510898073228061}, "datetime": {"datetime": "2024-06-13 19:33:52", "elapsed": 3.008467, "delta": 0.002992}}
{"target": -180.86007084332329, "params": {"gamma": 2.1180016271500137, "lr": 0.8301565261622993}, "datetime": {"datetime": "2024-06-13 19:33:52", "elapsed": 3.012457, "delta": 0.00399}}
{"target": -208.7367919830552, "params": {"gamma": 2.4017114464579397, "lr": 0.6316207452501602}, "datetime": {"datetime": "2024-06-13 19:33:52", "elapsed": 3.016446, "delta": 0.003989}}
{"target": -592.7107152305244, "params": {"gamma": 7.107684959425964, "lr": 0.7423834297071017}, "datetime": {"datetime": "2024-06-13 19:33:52", "elapsed": 3.020436, "delta": 0.00399}}
{"target": -325.4545830919089, "params": {"gamma": 3.9032567812912102, "lr": 0.7598253967160974}, "datetime": {"datetime": "2024-06-13 19:33:52", "elapsed": 3.024425, "delta": 0.003989}}
{"target": -709.5039107199378, "params": {"gamma": 9.029456085314978, "lr": 0.5874200192375769}, "datetime": {"datetime": "2024-06-13 19:33:52", "elapsed": 3.028414, "delta": 0.003989}}
{"target": -186.21589102003867, "params": {"gamma": 0.9050067472322914, "lr": 0.12897598414227607}, "datetime": {"datetime": "2024-06-13 19:33:52", "elapsed": 3.032403, "delta": 0.003989}}
{"target": -173.2550318505951, "params": {"gamma": 1.0535200041012063, "lr": 0.17272746332288003}, "datetime": {"datetime": "2024-06-13 19:33:52", "elapsed": 3.036393, "delta": 0.00399}}
{"target": -122.11484717836295, "params": {"gamma": 1.2651824720065605, "lr": 0.7783008900676276}, "datetime": {"datetime": "2024-06-13 19:33:52", "elapsed": 3.040382, "delta": 0.003989}}
{"target": -129.28655871506453, "params": {"gamma": 0.39507571033225836, "lr": 0.24155841734086403}, "datetime": {"datetime": "2024-06-13 19:33:52", "elapsed": 3.043374, "delta": 0.002992}}
{"target": -750.7136671402749, "params": {"gamma": 8.790784947183296, "lr": 0.9735188608362936}, "datetime": {"datetime": "2024-06-13 19:33:52", "elapsed": 3.047363, "delta": 0.003989}}
{"target": -518.3058408202753, "params": {"gamma": 6.054614655262755, "lr": 0.9762382645603884}, "datetime": {"datetime": "2024-06-13 19:33:52", "elapsed": 3.051353, "delta": 0.00399}}
{"target": -88.63828066895248, "params": {"gamma": 0.43547196560805285, "lr": 0.9485727683760076}, "datetime": {"datetime": "2024-06-13 19:33:52", "elapsed": 3.055342, "delta": 0.003989}}
{"target": -261.88663462350087, "params": {"gamma": 3.113649528479215, "lr": 0.798972840361593}, "datetime": {"datetime": "2024-06-13 19:33:52", "elapsed": 3.059331, "delta": 0.003989}}
{"target": -676.3516138903765, "params": {"gamma": 8.106480405365568, "lr": 0.8599985915803449}, "datetime": {"datetime": "2024-06-13 19:33:52", "elapsed": 3.063321, "delta": 0.00399}}
{"target": -393.92033149559796, "params": {"gamma": 4.586049558214109, "lr": 0.9306443921654484}, "datetime": {"datetime": "2024-06-13 19:33:52", "elapsed": 3.06731, "delta": 0.003989}}
{"target": -226.54848904796128, "params": {"gamma": 2.579671951285972, "lr": 0.9344454925295846}, "datetime": {"datetime": "2024-06-13 19:33:52", "elapsed": 3.070302, "delta": 0.002992}}
{"target": -529.9283203851988, "params": {"gamma": 6.191577212883354, "lr": 0.9854449149448306}, "datetime": {"datetime": "2024-06-13 19:33:52", "elapsed": 3.074291, "delta": 0.003989}}
{"target": -96.5583726238042, "params": {"gamma": 0.3274060157599613, "lr": 0.7251666588327084}, "datetime": {"datetime": "2024-06-13 19:33:52", "elapsed": 3.078281, "delta": 0.00399}}
{"target": -428.74469084424913, "params": {"gamma": 5.655976799568431, "lr": 0.4924240473983196}, "datetime": {"datetime": "2024-06-13 19:33:52", "elapsed": 3.08227, "delta": 0.003989}}
{"target": -254.19997856563862, "params": {"gamma": 2.5929220383817193, "lr": 0.3268306848663751}, "datetime": {"datetime": "2024-06-13 19:33:52", "elapsed": 3.086259, "delta": 0.003989}}
{"target": -418.26539881078423, "params": {"gamma": 2.495372604807176, "lr": 0.21926791032506077}, "datetime": {"datetime": "2024-06-13 19:33:52", "elapsed": 3.090277, "delta": 0.004018}}
{"target": -617.5504343193318, "params": {"gamma": 7.996808714410864, "lr": 0.5023950058982584}, "datetime": {"datetime": "2024-06-13 19:33:52", "elapsed": 3.094238, "delta": 0.003961}}
{"target": -97.21153902724771, "params": {"gamma": 0.8328156970812803, "lr": 0.7769841920273803}, "datetime": {"datetime": "2024-06-13 19:33:52", "elapsed": 3.098227, "delta": 0.003989}}
{"target": -446.8593492373056, "params": {"gamma": 5.336957111761226, "lr": 0.739387787346382}, "datetime": {"datetime": "2024-06-13 19:33:52", "elapsed": 3.101219, "delta": 0.002992}}
{"target": -420.2149088493227, "params": {"gamma": 5.154421537738071, "lr": 0.39994592398513173}, "datetime": {"datetime": "2024-06-13 19:33:52", "elapsed": 3.105209, "delta": 0.00399}}
{"target": -1923.028351995758, "params": {"gamma": 9.862481577580514, "lr": 0.02824262016291268}, "datetime": {"datetime": "2024-06-13 19:33:52", "elapsed": 3.109198, "delta": 0.003989}}
{"target": -796.3434571867623, "params": {"gamma": 9.327706315740619, "lr": 0.930854967759968}, "datetime": {"datetime": "2024-06-13 19:33:52", "elapsed": 3.113187, "delta": 0.003989}}
{"target": -645.3471330135063, "params": {"gamma": 3.909796196303079, "lr": 0.2144648711333198}, "datetime": {"datetime": "2024-06-13 19:33:52", "elapsed": 3.117176, "delta": 0.003989}}
{"target": -824.8862116201881, "params": {"gamma": 6.192513766034457, "lr": 0.17797233547016944}, "datetime": {"datetime": "2024-06-13 19:33:52", "elapsed": 3.120169, "delta": 0.002993}}
{"target": -795.3777589382618, "params": {"gamma": 8.032278735085756, "lr": 0.2539338558777352}, "datetime": {"datetime": "2024-06-13 19:33:52", "elapsed": 3.124158, "delta": 0.003989}}
{"target": -253.52263024922092, "params": {"gamma": 2.9087707441717465, "lr": 0.915915790009957}, "datetime": {"datetime": "2024-06-13 19:33:52", "elapsed": 3.128147, "delta": 0.003989}}
{"target": -695.9775468336215, "params": {"gamma": 9.029265417910615, "lr": 0.5353808917305217}, "datetime": {"datetime": "2024-06-13 19:33:52", "elapsed": 3.132137, "delta": 0.00399}}
{"target": -688.887149688032, "params": {"gamma": 8.628526966805577, "lr": 0.3525325688050618}, "datetime": {"datetime": "2024-06-13 19:33:52", "elapsed": 3.136126, "delta": 0.003989}}
{"target": -738.600641755366, "params": {"gamma": 9.978844897970799, "lr": 0.433689739404977}, "datetime": {"datetime": "2024-06-13 19:33:52", "elapsed": 3.140115, "delta": 0.003989}}
{"target": -584.6118764592893, "params": {"gamma": 2.948825305973155, "lr": 0.04157423394916726}, "datetime": {"datetime": "2024-06-13 19:33:52", "elapsed": 3.144105, "delta": 0.00399}}
{"target": -742.1263333513931, "params": {"gamma": 9.897079830913631, "lr": 0.4648876309118224}, "datetime": {"datetime": "2024-06-13 19:33:52", "elapsed": 3.148124, "delta": 0.004019}}
{"target": -609.3934921703498, "params": {"gamma": 7.346115555489657, "lr": 0.6408076240458747}, "datetime": {"datetime": "2024-06-13 19:33:52", "elapsed": 3.152112, "delta": 0.003988}}
{"target": -1412.5987823877276, "params": {"gamma": 7.231210903260432, "lr": 0.05111090382611627}, "datetime": {"datetime": "2024-06-13 19:33:52", "elapsed": 3.156073, "delta": 0.003961}}
{"target": -785.5355679413655, "params": {"gamma": 9.200534008691728, "lr": 0.9268412179022415}, "datetime": {"datetime": "2024-06-13 19:33:52", "elapsed": 3.160062, "delta": 0.003989}}
{"target": -472.998414296118, "params": {"gamma": 5.520398276514817, "lr": 0.963915888684551}, "datetime": {"datetime": "2024-06-13 19:33:52", "elapsed": 3.164051, "delta": 0.003989}}
{"target": -242.22414558655112, "params": {"gamma": 2.8102744143666842, "lr": 0.6021466271365452}, "datetime": {"datetime": "2024-06-13 19:33:52", "elapsed": 3.167043, "delta": 0.002992}}
{"target": -333.2377237208146, "params": {"gamma": 3.9652304378361865, "lr": 0.6280232317552282}, "datetime": {"datetime": "2024-06-13 19:33:52", "elapsed": 3.17203, "delta": 0.004987}}
{"target": -248.9754132168969, "params": {"gamma": 3.0070222529489574, "lr": 0.8193583846560202}, "datetime": {"datetime": "2024-06-13 19:33:52", "elapsed": 3.176019, "delta": 0.003989}}
{"target": -177.49367342895061, "params": {"gamma": 0.6987899990635812, "lr": 0.04187757029999628}, "datetime": {"datetime": "2024-06-13 19:33:52", "elapsed": 3.179011, "delta": 0.002992}}
{"target": -130.8932959354347, "params": {"gamma": 0.49491444994850975, "lr": 0.15045502836766345}, "datetime": {"datetime": "2024-06-13 19:33:52", "elapsed": 3.183001, "delta": 0.00399}}
{"target": -340.66659321467154, "params": {"gamma": 3.954109387473109, "lr": 0.9553899892571747}, "datetime": {"datetime": "2024-06-13 19:33:52", "elapsed": 3.18699, "delta": 0.003989}}
{"target": -116.41272116436144, "params": {"gamma": 1.1088436015198657, "lr": 0.6475529858164272}, "datetime": {"datetime": "2024-06-13 19:33:52", "elapsed": 3.190979, "delta": 0.003989}}
{"target": -429.6371950547797, "params": {"gamma": 5.276687463055037, "lr": 0.353242405983059}, "datetime": {"datetime": "2024-06-13 19:33:52", "elapsed": 3.194969, "delta": 0.00399}}
{"target": -337.8285354382632, "params": {"gamma": 1.9827940939725983, "lr": 0.22059408184733575}, "datetime": {"datetime": "2024-06-13 19:33:52", "elapsed": 3.198958, "delta": 0.003989}}
{"target": -91.73417253053032, "params": {"gamma": 0.4391712757617422, "lr": 0.7131639731598145}, "datetime": {"datetime": "2024-06-13 19:33:52", "elapsed": 3.202947, "delta": 0.003989}}
{"target": -491.07142130958727, "params": {"gamma": 6.538748151763354, "lr": 0.4437697927247224}, "datetime": {"datetime": "2024-06-13 19:33:52", "elapsed": 3.206937, "delta": 0.00399}}
{"target": -1404.5426878142107, "params": {"gamma": 7.189675941410347, "lr": 0.10997597244532042}, "datetime": {"datetime": "2024-06-13 19:33:52", "elapsed": 3.210926, "delta": 0.003989}}
{"target": -758.4775636153123, "params": {"gamma": 9.387253014515942, "lr": 0.8476267092393875}, "datetime": {"datetime": "2024-06-13 19:33:52", "elapsed": 3.214915, "delta": 0.003989}}
{"target": -531.1284679902564, "params": {"gamma": 6.590697560999168, "lr": 0.37883116866173183}, "datetime": {"datetime": "2024-06-13 19:33:52", "elapsed": 3.218904, "delta": 0.003989}}
{"target": -319.5350804641359, "params": {"gamma": 4.16625072341846, "lr": 0.48215392215746744}, "datetime": {"datetime": "2024-06-13 19:33:52", "elapsed": 3.221897, "delta": 0.002993}}
{"target": -779.7790763334085, "params": {"gamma": 9.352902416297999, "lr": 0.8635929549181026}, "datetime": {"datetime": "2024-06-13 19:33:52", "elapsed": 3.225886, "delta": 0.003989}}
{"target": -373.72511723394996, "params": {"gamma": 4.779760568316378, "lr": 0.554518498278167}, "datetime": {"datetime": "2024-06-13 19:33:52", "elapsed": 3.229875, "delta": 0.003989}}
{"target": -747.6015201570477, "params": {"gamma": 8.754163218930938, "lr": 0.9492644337722901}, "datetime": {"datetime": "2024-06-13 19:33:52", "elapsed": 3.233865, "delta": 0.00399}}
{"target": -533.7411035929897, "params": {"gamma": 6.392208373926592, "lr": 0.7485203200897537}, "datetime": {"datetime": "2024-06-13 19:33:52", "elapsed": 3.237854, "delta": 0.003989}}
{"target": -304.0230437500493, "params": {"gamma": 3.516897438698066, "lr": 0.91802831908618}, "datetime": {"datetime": "2024-06-13 19:33:52", "elapsed": 3.241843, "delta": 0.003989}}
{"target": -645.7196977200089, "params": {"gamma": 8.367683746488458, "lr": 0.5520558812247628}, "datetime": {"datetime": "2024-06-13 19:33:52", "elapsed": 3.245833, "delta": 0.00399}}
{"target": -701.2697544920605, "params": {"gamma": 8.676404468942122, "lr": 0.8498718814403323}, "datetime": {"datetime": "2024-06-13 19:33:52", "elapsed": 3.249822, "delta": 0.003989}}
{"target": -1320.9945147049154, "params": {"gamma": 8.084305154704811, "lr": 0.13069282439738805}, "datetime": {"datetime": "2024-06-13 19:33:52", "elapsed": 3.253813, "delta": 0.003991}}
{"target": -448.72562164876103, "params": {"gamma": 5.3604897456433, "lr": 0.900783114706916}, "datetime": {"datetime": "2024-06-13 19:33:52", "elapsed": 3.257801, "delta": 0.003988}}
{"target": -582.9092960105949, "params": {"gamma": 7.70854747370775, "lr": 0.4207131990251918}, "datetime": {"datetime": "2024-06-13 19:33:52", "elapsed": 3.26179, "delta": 0.003989}}
{"target": -963.0307382533432, "params": {"gamma": 9.778826053206298, "lr": 0.25077315667300226}, "datetime": {"datetime": "2024-06-13 19:33:52", "elapsed": 3.265779, "delta": 0.003989}}
{"target": -288.99631250750747, "params": {"gamma": 3.336768678250129, "lr": 0.954200507429589}, "datetime": {"datetime": "2024-06-13 19:33:52", "elapsed": 3.269769, "delta": 0.00399}}
{"target": -674.7636389480712, "params": {"gamma": 8.087344766504712, "lr": 0.9003400045106619}, "datetime": {"datetime": "2024-06-13 19:33:52", "elapsed": 3.273758, "delta": 0.003989}}
{"target": -129.93378709552502, "params": {"gamma": 0.11688430450954196, "lr": 0.37976443303399476}, "datetime": {"datetime": "2024-06-13 19:33:52", "elapsed": 3.277747, "delta": 0.003989}}
{"target": -234.91669392627583, "params": {"gamma": 2.355984044142083, "lr": 0.2959350518874113}, "datetime": {"datetime": "2024-06-13 19:33:52", "elapsed": 3.281737, "delta": 0.00399}}
{"target": -599.7294145700334, "params": {"gamma": 7.380216968542006, "lr": 0.7240848448640741}, "datetime": {"datetime": "2024-06-13 19:33:52", "elapsed": 3.285726, "delta": 0.003989}}
{"target": -378.99060248383745, "params": {"gamma": 4.618532302580416, "lr": 0.3652744612070937}, "datetime": {"datetime": "2024-06-13 19:33:52", "elapsed": 3.289715, "delta": 0.003989}}
{"target": -454.45031142473346, "params": {"gamma": 5.847331438432254, "lr": 0.5337077546342763}, "datetime": {"datetime": "2024-06-13 19:33:52", "elapsed": 3.293705, "delta": 0.00399}}
{"target": -462.8869766926096, "params": {"gamma": 5.5062450105196135, "lr": 0.6154770711146578}, "datetime": {"datetime": "2024-06-13 19:33:52", "elapsed": 3.297694, "delta": 0.003989}}
{"target": -329.81513256371727, "params": {"gamma": 3.957087074403221, "lr": 0.7717184824154584}, "datetime": {"datetime": "2024-06-13 19:33:52", "elapsed": 3.301684, "delta": 0.00399}}
{"target": -217.35718006612575, "params": {"gamma": 2.512780630310517, "lr": 0.655760767903366}, "datetime": {"datetime": "2024-06-13 19:33:52", "elapsed": 3.305673, "delta": 0.003989}}
{"target": -1872.885921634947, "params": {"gamma": 9.604011085051962, "lr": 0.0035547604644260433}, "datetime": {"datetime": "2024-06-13 19:33:52", "elapsed": 3.308665, "delta": 0.002992}}
{"target": -1413.1178548595242, "params": {"gamma": 7.233887082898668, "lr": 0.10899503392964371}, "datetime": {"datetime": "2024-06-13 19:33:52", "elapsed": 3.312654, "delta": 0.003989}}
{"target": -453.20762345149745, "params": {"gamma": 5.438331129146589, "lr": 0.6269160166803346}, "datetime": {"datetime": "2024-06-13 19:33:52", "elapsed": 3.316643, "delta": 0.003989}}
{"target": -214.4167994955189, "params": {"gamma": 2.4302283105822404, "lr": 0.9138438752466082}, "datetime": {"datetime": "2024-06-13 19:33:52", "elapsed": 3.321214, "delta": 0.004571}}
{"target": -1002.1097859298021, "params": {"gamma": 6.223502974387487, "lr": 0.23169469139485988}, "datetime": {"datetime": "2024-06-13 19:33:52", "elapsed": 3.325203, "delta": 0.003989}}
{"target": -1503.8299701327435, "params": {"gamma": 7.701551743810476, "lr": 0.10550707999733477}, "datetime": {"datetime": "2024-06-13 19:33:52", "elapsed": 3.329194, "delta": 0.003991}}
{"target": -1087.1405647718605, "params": {"gamma": 5.552697959994914, "lr": 0.0949560698024915}, "datetime": {"datetime": "2024-06-13 19:33:52", "elapsed": 3.332186, "delta": 0.002992}}
{"target": -582.2190958216296, "params": {"gamma": 5.810259742677521, "lr": 0.2529801127201884}, "datetime": {"datetime": "2024-06-13 19:33:52", "elapsed": 3.336206, "delta": 0.00402}}
{"target": -528.5369726100611, "params": {"gamma": 6.495018612739509, "lr": 0.71582695285818}, "datetime": {"datetime": "2024-06-13 19:33:52", "elapsed": 3.340192, "delta": 0.003986}}
{"target": -437.19294987849145, "params": {"gamma": 5.242331960072044, "lr": 0.6575214077031101}, "datetime": {"datetime": "2024-06-13 19:33:52", "elapsed": 3.34453, "delta": 0.004338}}
{"target": -658.2462149371221, "params": {"gamma": 8.133125159405232, "lr": 0.8075122716430321}, "datetime": {"datetime": "2024-06-13 19:33:52", "elapsed": 3.348028, "delta": 0.003498}}
{"target": -468.6402016223599, "params": {"gamma": 6.197200238546574, "lr": 0.45110246212077487}, "datetime": {"datetime": "2024-06-13 19:33:52", "elapsed": 3.352017, "delta": 0.003989}}
{"target": -343.1170925322481, "params": {"gamma": 4.080091940484627, "lr": 0.8747476199043634}, "datetime": {"datetime": "2024-06-13 19:33:52", "elapsed": 3.356006, "delta": 0.003989}}
{"target": -934.8767121201456, "params": {"gamma": 7.029614389411599, "lr": 0.18493502237340165}, "datetime": {"datetime": "2024-06-13 19:33:52", "elapsed": 3.359996, "delta": 0.00399}}
{"target": -473.3277800868129, "params": {"gamma": 5.657755734146004, "lr": 0.9088080323000569}, "datetime": {"datetime": "2024-06-13 19:33:52", "elapsed": 3.363985, "delta": 0.003989}}
{"target": -135.85837862766186, "params": {"gamma": 1.5077492324904636, "lr": 0.8455176755307064}, "datetime": {"datetime": "2024-06-13 19:33:52", "elapsed": 3.367974, "delta": 0.003989}}
{"target": -616.7657588486586, "params": {"gamma": 8.202204460687183, "lr": 0.4993411012978345}, "datetime": {"datetime": "2024-06-13 19:33:52", "elapsed": 3.371964, "delta": 0.00399}}
{"target": -125.88182027538764, "params": {"gamma": 0.37680093100554635, "lr": 0.14750250539693543}, "datetime": {"datetime": "2024-06-13 19:33:52", "elapsed": 3.375953, "delta": 0.003989}}
{"target": -1799.6435490762917, "params": {"gamma": 9.226464308192023, "lr": 0.04415479603186245}, "datetime": {"datetime": "2024-06-13 19:33:52", "elapsed": 3.379942, "delta": 0.003989}}
{"target": -316.25128351893505, "params": {"gamma": 3.7256151652871896, "lr": 0.6190396347254709}, "datetime": {"datetime": "2024-06-13 19:33:52", "elapsed": 3.383932, "delta": 0.00399}}
{"target": -177.72594665094763, "params": {"gamma": 1.9702834411012529, "lr": 0.9810797572402973}, "datetime": {"datetime": "2024-06-13 19:33:52", "elapsed": 3.387921, "delta": 0.003989}}
{"target": -141.04196079195978, "params": {"gamma": 1.5605963552011808, "lr": 0.5396791951612744}, "datetime": {"datetime": "2024-06-13 19:33:52", "elapsed": 3.391911, "delta": 0.00399}}
{"target": -995.2334235164385, "params": {"gamma": 6.180495232142101, "lr": 0.2309899486697039}, "datetime": {"datetime": "2024-06-13 19:33:52", "elapsed": 3.3959, "delta": 0.003989}}
{"target": -355.8470129292229, "params": {"gamma": 4.663623583104205, "lr": 0.49100852913292925}, "datetime": {"datetime": "2024-06-13 19:33:52", "elapsed": 3.399889, "delta": 0.003989}}
{"target": -635.8424994034712, "params": {"gamma": 7.668856900889094, "lr": 0.6342807527738734}, "datetime": {"datetime": "2024-06-13 19:33:52", "elapsed": 3.40388, "delta": 0.003991}}
{"target": -382.56053011615154, "params": {"gamma": 4.676032980600331, "lr": 0.6669425431939752}, "datetime": {"datetime": "2024-06-13 19:33:52", "elapsed": 3.407867, "delta": 0.003987}}
{"target": -355.22987600333613, "params": {"gamma": 4.534320887795462, "lr": 0.5257115913414097}, "datetime": {"datetime": "2024-06-13 19:33:52", "elapsed": 3.411858, "delta": 0.003991}}
