{"target": -1135.5215825062612, "params": {"gamma": 5.680077493599765, "lr": 0.6630438231677197}, "datetime": {"datetime": "2024-06-13 15:58:01", "elapsed": 8.387969, "delta": 0.004986}}
{"target": -1986.5920651546721, "params": {"gamma": 5.274647786496121, "lr": 0.05634939173447451}, "datetime": {"datetime": "2024-06-13 15:58:01", "elapsed": 8.392955, "delta": 0.004986}}
{"target": -886.4481492297598, "params": {"gamma": 3.6322627869363457, "lr": 0.9677274091080609}, "datetime": {"datetime": "2024-06-13 15:58:01", "elapsed": 8.399939, "delta": 0.006984}}
{"target": -1125.7345594261942, "params": {"gamma": 6.955420242475687, "lr": 0.36973977954151527}, "datetime": {"datetime": "2024-06-13 15:58:01", "elapsed": 8.404923, "delta": 0.004984}}
{"target": -1133.9896980045185, "params": {"gamma": 6.716589859874733, "lr": 0.26510969397346273}, "datetime": {"datetime": "2024-06-13 15:58:01", "elapsed": 8.40991, "delta": 0.004987}}
{"target": -194.29594129569082, "params": {"gamma": 0.7756981624656162, "lr": 0.5280671392556082}, "datetime": {"datetime": "2024-06-13 15:58:01", "elapsed": 8.414898, "delta": 0.004988}}
{"target": -550.8915719122905, "params": {"gamma": 2.8984014893930756, "lr": 0.48165189565416366}, "datetime": {"datetime": "2024-06-13 15:58:01", "elapsed": 8.419884, "delta": 0.004986}}
{"target": -1794.7010086004454, "params": {"gamma": 9.020043950898684, "lr": 0.6517403667487239}, "datetime": {"datetime": "2024-06-13 15:58:01", "elapsed": 8.425869, "delta": 0.005985}}
{"target": -2545.212193358296, "params": {"gamma": 7.233468037123845, "lr": 0.1025865252271354}, "datetime": {"datetime": "2024-06-13 15:58:01", "elapsed": 8.431854, "delta": 0.005985}}
{"target": -900.8478789253567, "params": {"gamma": 4.7971011998412845, "lr": 0.40434189038945745}, "datetime": {"datetime": "2024-06-13 15:58:01", "elapsed": 8.437835, "delta": 0.005981}}
{"target": -1002.379140940975, "params": {"gamma": 6.468925570274098, "lr": 0.287735134554958}, "datetime": {"datetime": "2024-06-13 15:58:01", "elapsed": 8.442365, "delta": 0.00453}}
{"target": -933.7670543172716, "params": {"gamma": 3.8312640574634482, "lr": 0.981016791950987}, "datetime": {"datetime": "2024-06-13 15:58:01", "elapsed": 8.448843, "delta": 0.006478}}
{"target": -300.9596217979423, "params": {"gamma": 1.1489908672848812, "lr": 0.19990786306137587}, "datetime": {"datetime": "2024-06-13 15:58:01", "elapsed": 8.454825, "delta": 0.005982}}
{"target": -511.50526598755164, "params": {"gamma": 2.3912225972933583, "lr": 0.6966542004402304}, "datetime": {"datetime": "2024-06-13 15:58:01", "elapsed": 8.46081, "delta": 0.005985}}
{"target": -1541.420341485194, "params": {"gamma": 7.1371672251136955, "lr": 0.7847549365756692}, "datetime": {"datetime": "2024-06-13 15:58:01", "elapsed": 8.467318, "delta": 0.006508}}
{"target": -882.833966395263, "params": {"gamma": 3.8110627039036813, "lr": 0.8524032876575542}, "datetime": {"datetime": "2024-06-13 15:58:01", "elapsed": 8.472399, "delta": 0.005081}}
{"target": -1506.3821393356347, "params": {"gamma": 6.973768049350303, "lr": 0.7132598975767365}, "datetime": {"datetime": "2024-06-13 15:58:01", "elapsed": 8.477386, "delta": 0.004987}}
{"target": -1628.525477521165, "params": {"gamma": 8.220064454506392, "lr": 0.6289244383408126}, "datetime": {"datetime": "2024-06-13 15:58:01", "elapsed": 8.482373, "delta": 0.004987}}
{"target": -1595.192823925437, "params": {"gamma": 4.2228540008601385, "lr": 0.030798811164673312}, "datetime": {"datetime": "2024-06-13 15:58:01", "elapsed": 8.488561, "delta": 0.006188}}
{"target": -1102.2976863837825, "params": {"gamma": 5.9549611772267355, "lr": 0.5637635695018256}, "datetime": {"datetime": "2024-06-13 15:58:01", "elapsed": 8.494056, "delta": 0.005495}}
{"target": -954.4768661161111, "params": {"gamma": 6.008479407469643, "lr": 0.3228534686765717}, "datetime": {"datetime": "2024-06-13 15:58:01", "elapsed": 8.499042, "delta": 0.004986}}
{"target": -1263.3242416020107, "params": {"gamma": 5.549264886470077, "lr": 0.17165630428408674}, "datetime": {"datetime": "2024-06-13 15:58:01", "elapsed": 8.504737, "delta": 0.005695}}
{"target": -2442.4672671660264, "params": {"gamma": 6.49894440266871, "lr": 0.07167347369091615}, "datetime": {"datetime": "2024-06-13 15:58:01", "elapsed": 8.509722, "delta": 0.004985}}
{"target": -1757.4155446795476, "params": {"gamma": 8.750896260863644, "lr": 0.21613795014659942}, "datetime": {"datetime": "2024-06-13 15:58:01", "elapsed": 8.514709, "delta": 0.004987}}
{"target": -707.1480133636184, "params": {"gamma": 2.9391518612119483, "lr": 0.8847369186394346}, "datetime": {"datetime": "2024-06-13 15:58:01", "elapsed": 8.521215, "delta": 0.006506}}
{"target": -2019.450035270129, "params": {"gamma": 8.836037308166828, "lr": 0.8362672161514131}, "datetime": {"datetime": "2024-06-13 15:58:01", "elapsed": 8.526199, "delta": 0.004984}}
{"target": -790.992670879829, "params": {"gamma": 3.2700292334455643, "lr": 0.9023446392045666}, "datetime": {"datetime": "2024-06-13 15:58:01", "elapsed": 8.532183, "delta": 0.005984}}
{"target": -1537.675004058177, "params": {"gamma": 7.718251155453087, "lr": 0.6580829809857549}, "datetime": {"datetime": "2024-06-13 15:58:01", "elapsed": 8.538058, "delta": 0.005875}}
{"target": -1939.5350118355157, "params": {"gamma": 8.99813093515086, "lr": 0.7831314722628366}, "datetime": {"datetime": "2024-06-13 15:58:01", "elapsed": 8.543045, "delta": 0.004987}}
{"target": -683.6595179642989, "params": {"gamma": 4.2480703423217, "lr": 0.32425522412708885}, "datetime": {"datetime": "2024-06-13 15:58:01", "elapsed": 8.548033, "delta": 0.004988}}
{"target": -1489.7897270060912, "params": {"gamma": 3.9393874995637357, "lr": 0.06141215405816436}, "datetime": {"datetime": "2024-06-13 15:58:01", "elapsed": 8.55405, "delta": 0.006017}}
{"target": -602.8486460254788, "params": {"gamma": 3.634945499368943, "lr": 0.3530436858449395}, "datetime": {"datetime": "2024-06-13 15:58:01", "elapsed": 8.559036, "delta": 0.004986}}
{"target": -2044.5622805268804, "params": {"gamma": 8.656379251086715, "lr": 0.8887000495302622}, "datetime": {"datetime": "2024-06-13 15:58:01", "elapsed": 8.563026, "delta": 0.00399}}
{"target": -1513.6357556746857, "params": {"gamma": 9.630557816537218, "lr": 0.32819924761463426}, "datetime": {"datetime": "2024-06-13 15:58:01", "elapsed": 8.568987, "delta": 0.005961}}
{"target": -1375.844348759804, "params": {"gamma": 6.933508237753853, "lr": 0.6330662678957141}, "datetime": {"datetime": "2024-06-13 15:58:01", "elapsed": 8.573975, "delta": 0.004988}}
{"target": -586.0551025480809, "params": {"gamma": 2.425195012153892, "lr": 0.8699876263426785}, "datetime": {"datetime": "2024-06-13 15:58:01", "elapsed": 8.578872, "delta": 0.004897}}
{"target": -468.22713624504615, "params": {"gamma": 2.1418050557805293, "lr": 0.7477140026507801}, "datetime": {"datetime": "2024-06-13 15:58:01", "elapsed": 8.584856, "delta": 0.005984}}
{"target": -541.7479846542886, "params": {"gamma": 1.4474946912067754, "lr": 0.10681965623961165}, "datetime": {"datetime": "2024-06-13 15:58:01", "elapsed": 8.590031, "delta": 0.005175}}
{"target": -1299.638690070609, "params": {"gamma": 7.20350177902532, "lr": 0.5263181160447106}, "datetime": {"datetime": "2024-06-13 15:58:01", "elapsed": 8.594525, "delta": 0.004494}}
{"target": -963.0052071277272, "params": {"gamma": 4.429715397531216, "lr": 0.7781805677545706}, "datetime": {"datetime": "2024-06-13 15:58:01", "elapsed": 8.60051, "delta": 0.005985}}
{"target": -832.6362628764034, "params": {"gamma": 3.588074784629776, "lr": 0.8533495985139066}, "datetime": {"datetime": "2024-06-13 15:58:01", "elapsed": 8.643394, "delta": 0.042884}}
{"target": -2316.2796380512673, "params": {"gamma": 9.62176279907113, "lr": 0.97912549357449}, "datetime": {"datetime": "2024-06-13 15:58:01", "elapsed": 8.650377, "delta": 0.006983}}
{"target": -532.3878382762051, "params": {"gamma": 2.777002394800293, "lr": 0.4150070363847951}, "datetime": {"datetime": "2024-06-13 15:58:01", "elapsed": 8.655362, "delta": 0.004985}}
{"target": -1708.3694469750096, "params": {"gamma": 7.250373833289235, "lr": 0.8948659340129544}, "datetime": {"datetime": "2024-06-13 15:58:01", "elapsed": 8.660349, "delta": 0.004987}}
{"target": -1536.3377780067342, "params": {"gamma": 7.113399789936541, "lr": 0.7581322827790503}, "datetime": {"datetime": "2024-06-13 15:58:01", "elapsed": 8.666334, "delta": 0.005985}}
{"target": -1424.1900137307014, "params": {"gamma": 8.83415311602575, "lr": 0.3669482381501168}, "datetime": {"datetime": "2024-06-13 15:58:01", "elapsed": 8.67132, "delta": 0.004986}}
{"target": -984.5467986639763, "params": {"gamma": 5.425906871529926, "lr": 0.5347699755827457}, "datetime": {"datetime": "2024-06-13 15:58:01", "elapsed": 8.676306, "delta": 0.004986}}
{"target": -1527.6868321965028, "params": {"gamma": 6.4761782194627475, "lr": 0.8951838797241277}, "datetime": {"datetime": "2024-06-13 15:58:01", "elapsed": 8.681296, "delta": 0.00499}}
{"target": -1453.0352388877384, "params": {"gamma": 6.00867393378521, "lr": 0.9699385377160038}, "datetime": {"datetime": "2024-06-13 15:58:01", "elapsed": 8.686611, "delta": 0.005315}}
{"target": -1365.6592671352907, "params": {"gamma": 7.3216234120977175, "lr": 0.41529149155458245}, "datetime": {"datetime": "2024-06-13 15:58:01", "elapsed": 8.691598, "delta": 0.004987}}
{"target": -1406.0261598902307, "params": {"gamma": 5.81180346318073, "lr": 0.9223207824170438}, "datetime": {"datetime": "2024-06-13 15:58:01", "elapsed": 8.696585, "delta": 0.004987}}
{"target": -1337.762195729094, "params": {"gamma": 6.185385338885807, "lr": 0.709928603418362}, "datetime": {"datetime": "2024-06-13 15:58:01", "elapsed": 8.701572, "delta": 0.004987}}
{"target": -1076.6464218540111, "params": {"gamma": 6.613259028912707, "lr": 0.33614643889956264}, "datetime": {"datetime": "2024-06-13 15:58:01", "elapsed": 8.706558, "delta": 0.004986}}
{"target": -400.2458380948218, "params": {"gamma": 2.0341452163718596, "lr": 0.4078129626004203}, "datetime": {"datetime": "2024-06-13 15:58:01", "elapsed": 8.711545, "delta": 0.004987}}
{"target": -368.64857583968035, "params": {"gamma": 1.5085472915112057, "lr": 0.8263335477210154}, "datetime": {"datetime": "2024-06-13 15:58:01", "elapsed": 8.716532, "delta": 0.004987}}
{"target": -1325.707317037608, "params": {"gamma": 7.104895674394641, "lr": 0.4010561894105159}, "datetime": {"datetime": "2024-06-13 15:58:01", "elapsed": 8.721518, "delta": 0.004986}}
{"target": -426.7277661050157, "params": {"gamma": 1.7146555781871196, "lr": 0.8757993398860495}, "datetime": {"datetime": "2024-06-13 15:58:01", "elapsed": 8.726505, "delta": 0.004987}}
{"target": -1544.3428398537842, "params": {"gamma": 6.3909999964742354, "lr": 0.9966028199815464}, "datetime": {"datetime": "2024-06-13 15:58:01", "elapsed": 8.731492, "delta": 0.004987}}
{"target": -226.35137612368874, "params": {"gamma": 1.0118777980878546, "lr": 0.24484835913226244}, "datetime": {"datetime": "2024-06-13 15:58:01", "elapsed": 8.736478, "delta": 0.004986}}
{"target": -220.1238496127854, "params": {"gamma": 0.8374656866964549, "lr": 0.7447417757596947}, "datetime": {"datetime": "2024-06-13 15:58:01", "elapsed": 8.741465, "delta": 0.004987}}
{"target": -400.32319171445886, "params": {"gamma": 1.5965935192609664, "lr": 0.8816595339350156}, "datetime": {"datetime": "2024-06-13 15:58:01", "elapsed": 8.746451, "delta": 0.004986}}
{"target": -894.1775297310993, "params": {"gamma": 4.915303785862436, "lr": 0.526169262668513}, "datetime": {"datetime": "2024-06-13 15:58:01", "elapsed": 8.751438, "delta": 0.004987}}
{"target": -162.5423874788452, "params": {"gamma": 0.42616036762125126, "lr": 0.614053635731627}, "datetime": {"datetime": "2024-06-13 15:58:01", "elapsed": 8.757422, "delta": 0.005984}}
{"target": -475.20004154281946, "params": {"gamma": 2.2769202761615777, "lr": 0.2135040893470156}, "datetime": {"datetime": "2024-06-13 15:58:01", "elapsed": 8.762409, "delta": 0.004987}}
{"target": -2114.1754480929585, "params": {"gamma": 8.953290370672992, "lr": 0.8880133489969917}, "datetime": {"datetime": "2024-06-13 15:58:01", "elapsed": 8.767396, "delta": 0.004987}}
{"target": -148.50341081703806, "params": {"gamma": 0.05364657807886874, "lr": 0.832303959586102}, "datetime": {"datetime": "2024-06-13 15:58:01", "elapsed": 8.772382, "delta": 0.004986}}
{"target": -1622.4742041039663, "params": {"gamma": 9.02308610135554, "lr": 0.5119476580924737}, "datetime": {"datetime": "2024-06-13 15:58:01", "elapsed": 8.777369, "delta": 0.004987}}
{"target": -1418.4367979025847, "params": {"gamma": 6.56208200669582, "lr": 0.7677856839334473}, "datetime": {"datetime": "2024-06-13 15:58:02", "elapsed": 8.783354, "delta": 0.005985}}
{"target": -1266.6114193691608, "params": {"gamma": 6.854714307550932, "lr": 0.45911641964267924}, "datetime": {"datetime": "2024-06-13 15:58:02", "elapsed": 8.788339, "delta": 0.004985}}
{"target": -1083.3621823472429, "params": {"gamma": 5.7349488675951, "lr": 0.5740594317304389}, "datetime": {"datetime": "2024-06-13 15:58:02", "elapsed": 8.793326, "delta": 0.004987}}
{"target": -1504.5241670848875, "params": {"gamma": 8.421463069722522, "lr": 0.24044170761914385}, "datetime": {"datetime": "2024-06-13 15:58:02", "elapsed": 8.798313, "delta": 0.004987}}
{"target": -1704.4222916001993, "params": {"gamma": 7.572507436190774, "lr": 0.8123371097183338}, "datetime": {"datetime": "2024-06-13 15:58:02", "elapsed": 8.8033, "delta": 0.004987}}
{"target": -1792.955206326995, "params": {"gamma": 7.970526579088603, "lr": 0.8077078189919843}, "datetime": {"datetime": "2024-06-13 15:58:02", "elapsed": 8.808286, "delta": 0.004986}}
{"target": -1544.7637911685079, "params": {"gamma": 8.292970943843157, "lr": 0.4175157513022394}, "datetime": {"datetime": "2024-06-13 15:58:02", "elapsed": 8.813273, "delta": 0.004987}}
{"target": -1336.5876849478418, "params": {"gamma": 6.179249469269826, "lr": 0.7552455161468585}, "datetime": {"datetime": "2024-06-13 15:58:02", "elapsed": 8.818097, "delta": 0.004824}}
{"target": -1856.5511800922368, "params": {"gamma": 7.697885927847493, "lr": 0.9586046229255358}, "datetime": {"datetime": "2024-06-13 15:58:02", "elapsed": 8.823083, "delta": 0.004986}}
{"target": -1792.7193848716693, "params": {"gamma": 9.750777680644457, "lr": 0.5647345919090407}, "datetime": {"datetime": "2024-06-13 15:58:02", "elapsed": 8.82807, "delta": 0.004987}}
{"target": -1073.8933180559861, "params": {"gamma": 4.657924948350314, "lr": 0.8355253266864215}, "datetime": {"datetime": "2024-06-13 15:58:02", "elapsed": 8.834054, "delta": 0.005984}}
{"target": -492.19445077017843, "params": {"gamma": 2.2003892786426134, "lr": 0.7663980894608939}, "datetime": {"datetime": "2024-06-13 15:58:02", "elapsed": 8.839041, "delta": 0.004987}}
{"target": -382.93394414134184, "params": {"gamma": 1.920923979668611, "lr": 0.5916275659530674}, "datetime": {"datetime": "2024-06-13 15:58:02", "elapsed": 8.844594, "delta": 0.005553}}
{"target": -1147.5981375059514, "params": {"gamma": 6.068707734799046, "lr": 0.44184380280217683}, "datetime": {"datetime": "2024-06-13 15:58:02", "elapsed": 8.85116, "delta": 0.006566}}
{"target": -1555.4961963735504, "params": {"gamma": 8.645641977427168, "lr": 0.5434821861417696}, "datetime": {"datetime": "2024-06-13 15:58:02", "elapsed": 8.855923, "delta": 0.004763}}
{"target": -924.8602737670562, "params": {"gamma": 4.927804379534841, "lr": 0.4181256356700572}, "datetime": {"datetime": "2024-06-13 15:58:02", "elapsed": 8.860907, "delta": 0.004984}}
{"target": -169.68774023450436, "params": {"gamma": 0.6231896086801356, "lr": 0.3621494599268943}, "datetime": {"datetime": "2024-06-13 15:58:02", "elapsed": 8.867765, "delta": 0.006858}}
{"target": -217.18385216376205, "params": {"gamma": 0.9290607665831948, "lr": 0.5656384996760548}, "datetime": {"datetime": "2024-06-13 15:58:02", "elapsed": 8.873419, "delta": 0.005654}}
{"target": -1384.9307628919926, "params": {"gamma": 6.4053758139443495, "lr": 0.7677822626181597}, "datetime": {"datetime": "2024-06-13 15:58:02", "elapsed": 8.878637, "delta": 0.005218}}
{"target": -1480.4220754595513, "params": {"gamma": 6.325720028185084, "lr": 0.1870607551754626}, "datetime": {"datetime": "2024-06-13 15:58:02", "elapsed": 8.884614, "delta": 0.005977}}
{"target": -1356.4599489476598, "params": {"gamma": 7.502689263840385, "lr": 0.5488594004307864}, "datetime": {"datetime": "2024-06-13 15:58:02", "elapsed": 8.889719, "delta": 0.005105}}
{"target": -419.7690967233403, "params": {"gamma": 1.0226014229845646, "lr": 0.024827029187908023}, "datetime": {"datetime": "2024-06-13 15:58:02", "elapsed": 8.895675, "delta": 0.005956}}
{"target": -631.994962589625, "params": {"gamma": 2.988163177641064, "lr": 0.6900150292649251}, "datetime": {"datetime": "2024-06-13 15:58:02", "elapsed": 8.904679, "delta": 0.009004}}
{"target": -2246.065707520113, "params": {"gamma": 9.327950716090912, "lr": 0.9664972006802195}, "datetime": {"datetime": "2024-06-13 15:58:02", "elapsed": 8.911631, "delta": 0.006952}}
{"target": -1179.2963240226122, "params": {"gamma": 7.645716345257133, "lr": 0.2932491857068945}, "datetime": {"datetime": "2024-06-13 15:58:02", "elapsed": 8.916617, "delta": 0.004986}}
{"target": -1116.44577265343, "params": {"gamma": 6.2210691836043965, "lr": 0.23109612753682562}, "datetime": {"datetime": "2024-06-13 15:58:02", "elapsed": 8.921604, "delta": 0.004987}}
{"target": -1968.6821918143712, "params": {"gamma": 7.507153026145066, "lr": 0.16586702947952792}, "datetime": {"datetime": "2024-06-13 15:58:02", "elapsed": 8.927588, "delta": 0.005984}}
{"target": -1776.331698559843, "params": {"gamma": 7.564947384855503, "lr": 0.8685889989304815}, "datetime": {"datetime": "2024-06-13 15:58:02", "elapsed": 8.933573, "delta": 0.005985}}
{"target": -1957.1445627347425, "params": {"gamma": 5.195544029510985, "lr": 0.06563483825850425}, "datetime": {"datetime": "2024-06-13 15:58:02", "elapsed": 8.938918, "delta": 0.005345}}
{"target": -1035.8492541911771, "params": {"gamma": 4.4894713154372115, "lr": 0.8378286113798175}, "datetime": {"datetime": "2024-06-13 15:58:02", "elapsed": 8.944411, "delta": 0.005493}}
{"target": -698.251025919325, "params": {"gamma": 1.7983467816471097, "lr": 0.03855906126279496}, "datetime": {"datetime": "2024-06-13 15:58:02", "elapsed": 8.949397, "delta": 0.004986}}
{"target": -1351.781648311109, "params": {"gamma": 7.327203051217345, "lr": 0.5630407235733951}, "datetime": {"datetime": "2024-06-13 15:58:02", "elapsed": 8.955381, "delta": 0.005984}}
{"target": -169.6137840896547, "params": {"gamma": 0.42156420386587773, "lr": 0.9848852640583016}, "datetime": {"datetime": "2024-06-13 15:58:02", "elapsed": 8.960367, "delta": 0.004986}}
{"target": -1075.6960781823955, "params": {"gamma": 5.693754542449788, "lr": 0.585156672962654}, "datetime": {"datetime": "2024-06-13 15:58:02", "elapsed": 8.966352, "delta": 0.005985}}
{"target": -1883.537318829613, "params": {"gamma": 7.899276512022575, "lr": 0.9026346706863088}, "datetime": {"datetime": "2024-06-13 15:58:02", "elapsed": 8.971338, "delta": 0.004986}}
{"target": -168.39223061047966, "params": {"gamma": 0.6084466125606112, "lr": 0.34851320938881547}, "datetime": {"datetime": "2024-06-13 15:58:02", "elapsed": 8.976325, "delta": 0.004987}}
{"target": -393.01539783587333, "params": {"gamma": 2.001718538820858, "lr": 0.4651515316549586}, "datetime": {"datetime": "2024-06-13 15:58:02", "elapsed": 8.982311, "delta": 0.005986}}
{"target": -382.6153128390287, "params": {"gamma": 0.9155879517141836, "lr": 0.06808577423972362}, "datetime": {"datetime": "2024-06-13 15:58:02", "elapsed": 8.988293, "delta": 0.005982}}
{"target": -729.9756467723461, "params": {"gamma": 3.009593441869708, "lr": 0.9043452577718513}, "datetime": {"datetime": "2024-06-13 15:58:02", "elapsed": 8.993279, "delta": 0.004986}}
{"target": -2101.576252262345, "params": {"gamma": 9.755444236897075, "lr": 0.7637200317833946}, "datetime": {"datetime": "2024-06-13 15:58:02", "elapsed": 8.999264, "delta": 0.005985}}
{"target": -151.13223142058368, "params": {"gamma": 0.008408388692528457, "lr": 0.735215554236234}, "datetime": {"datetime": "2024-06-13 15:58:02", "elapsed": 9.005247, "delta": 0.005983}}
{"target": -152.3682571947496, "params": {"gamma": 0.22090310734026275, "lr": 0.16856568225506097}, "datetime": {"datetime": "2024-06-13 15:58:02", "elapsed": 9.010234, "delta": 0.004987}}
{"target": -151.22458862959084, "params": {"gamma": 0.10612956883701744, "lr": 0.1491269987672621}, "datetime": {"datetime": "2024-06-13 15:58:02", "elapsed": 9.016218, "delta": 0.005984}}
{"target": -1485.3333661441004, "params": {"gamma": 6.87536774608507, "lr": 0.7020168753413566}, "datetime": {"datetime": "2024-06-13 15:58:02", "elapsed": 9.021204, "delta": 0.004986}}
{"target": -789.4948959794228, "params": {"gamma": 3.7114029888119466, "lr": 0.7311908242003646}, "datetime": {"datetime": "2024-06-13 15:58:02", "elapsed": 9.026191, "delta": 0.004987}}
{"target": -2545.3076831924877, "params": {"gamma": 8.47319475004096, "lr": 0.13035751444155008}, "datetime": {"datetime": "2024-06-13 15:58:02", "elapsed": 9.032177, "delta": 0.005986}}
{"target": -195.44137279411063, "params": {"gamma": 0.8749857543012785, "lr": 0.37192145651390274}, "datetime": {"datetime": "2024-06-13 15:58:02", "elapsed": 9.038159, "delta": 0.005982}}
{"target": -686.3222312181913, "params": {"gamma": 4.039432491874189, "lr": 0.27640421986037034}, "datetime": {"datetime": "2024-06-13 15:58:02", "elapsed": 9.043245, "delta": 0.005086}}
{"target": -1191.0851080947916, "params": {"gamma": 7.5419276912585245, "lr": 0.32178620055239215}, "datetime": {"datetime": "2024-06-13 15:58:02", "elapsed": 9.048225, "delta": 0.00498}}
{"target": -1929.130322750587, "params": {"gamma": 8.001642974863078, "lr": 0.9113083542736461}, "datetime": {"datetime": "2024-06-13 15:58:02", "elapsed": 9.054209, "delta": 0.005984}}
