{"target": -337.3784625758419, "params": {"gamma": 7.113433866846732, "prior": 5.583457649409001, "rate": 3.0458753612182816}, "datetime": {"datetime": "2024-06-14 11:40:38", "elapsed": 1.77419, "delta": 0.007978}}
{"target": -635.5271558116006, "params": {"gamma": 8.348705622270353, "prior": 4.409528980532247, "rate": 9.234638694972633}, "datetime": {"datetime": "2024-06-14 11:40:38", "elapsed": 1.783508, "delta": 0.009318}}
{"target": -307.361210273973, "params": {"gamma": 7.0608119915549965, "prior": 4.8325099488563055, "rate": 1.2629748273898376}, "datetime": {"datetime": "2024-06-14 11:40:38", "elapsed": 1.792484, "delta": 0.008976}}
{"target": -534.5882750084623, "params": {"gamma": 9.760459461127008, "prior": 1.6823531384065245, "rate": 2.026818650071406}, "datetime": {"datetime": "2024-06-14 11:40:38", "elapsed": 1.80146, "delta": 0.008976}}
{"target": -222.7774939153154, "params": {"gamma": 4.312386369848549, "prior": 4.101598867173958, "rate": 1.4683680561621768}, "datetime": {"datetime": "2024-06-14 11:40:38", "elapsed": 1.810436, "delta": 0.008976}}
{"target": -706.6076907289521, "params": {"gamma": 7.293459874691873, "prior": 1.968576162084141, "rate": 6.439312547472317}, "datetime": {"datetime": "2024-06-14 11:40:38", "elapsed": 1.818414, "delta": 0.007978}}
{"target": -671.5714679923867, "params": {"gamma": 7.543305199812411, "prior": 2.1862506816248755, "rate": 6.0099415268282925}, "datetime": {"datetime": "2024-06-14 11:40:38", "elapsed": 1.827391, "delta": 0.008977}}
{"target": -394.50608617919914, "params": {"gamma": 7.489534824083119, "prior": 6.418365235141301, "rate": 5.971675902163545}, "datetime": {"datetime": "2024-06-14 11:40:38", "elapsed": 1.836395, "delta": 0.009004}}
{"target": -247.44884212225463, "params": {"gamma": 2.955527374269315, "prior": 7.342904065290937, "rate": 9.453139091559498}, "datetime": {"datetime": "2024-06-14 11:40:38", "elapsed": 1.845343, "delta": 0.008948}}
{"target": -209.94743140990346, "params": {"gamma": 4.256188341225208, "prior": 7.843599986630912, "rate": 0.5623542555794911}, "datetime": {"datetime": "2024-06-14 11:40:38", "elapsed": 1.854318, "delta": 0.008975}}
{"target": -614.9015302812852, "params": {"gamma": 8.35288075329717, "prior": 2.0032751665392623, "rate": 3.951573592030842}, "datetime": {"datetime": "2024-06-14 11:40:38", "elapsed": 1.863295, "delta": 0.008977}}
{"target": -450.6149868542064, "params": {"gamma": 3.001510378207639, "prior": 0.893026073679888, "rate": 9.046405398359493}, "datetime": {"datetime": "2024-06-14 11:40:38", "elapsed": 1.872271, "delta": 0.008976}}
{"target": -248.27044513959834, "params": {"gamma": 3.702171621359829, "prior": 5.353904640913781, "rate": 4.941668542697355}, "datetime": {"datetime": "2024-06-14 11:40:38", "elapsed": 1.880249, "delta": 0.007978}}
{"target": -151.33339183954382, "params": {"gamma": 1.3224792582874385, "prior": 2.143895183005387, "rate": 0.7628119015141794}, "datetime": {"datetime": "2024-06-14 11:40:38", "elapsed": 1.889226, "delta": 0.008977}}
{"target": -344.0740806719112, "params": {"gamma": 5.07970907775293, "prior": 2.6893405631465725, "rate": 3.5712590272190368}, "datetime": {"datetime": "2024-06-14 11:40:38", "elapsed": 1.898201, "delta": 0.008975}}
{"target": -144.41449980199064, "params": {"gamma": 1.0815452216436712, "prior": 7.896763212559821, "rate": 1.0667321840112223}, "datetime": {"datetime": "2024-06-14 11:40:38", "elapsed": 1.907177, "delta": 0.008976}}
{"target": -904.8636155010537, "params": {"gamma": 9.857102528308165, "prior": 1.8538955279403317, "rate": 5.724478719234059}, "datetime": {"datetime": "2024-06-14 11:40:38", "elapsed": 1.916153, "delta": 0.008976}}
{"target": -144.92478466633932, "params": {"gamma": 0.4494085005562922, "prior": 7.892451267592758, "rate": 1.8968698722351471}, "datetime": {"datetime": "2024-06-14 11:40:38", "elapsed": 1.924922, "delta": 0.008769}}
{"target": -243.14771043035435, "params": {"gamma": 5.279511880102859, "prior": 7.426767677274809, "rate": 1.5001649176876422}, "datetime": {"datetime": "2024-06-14 11:40:38", "elapsed": 1.933898, "delta": 0.008976}}
{"target": -561.7956778628605, "params": {"gamma": 5.511320654695531, "prior": 2.2445103624549163, "rate": 7.592201297122131}, "datetime": {"datetime": "2024-06-14 11:40:38", "elapsed": 1.942874, "delta": 0.008976}}
{"target": -806.3624295002915, "params": {"gamma": 7.229429020368581, "prior": 1.847835439343122, "rate": 8.619803610113067}, "datetime": {"datetime": "2024-06-14 11:40:38", "elapsed": 1.95185, "delta": 0.008976}}
{"target": -147.89043926996865, "params": {"gamma": 0.1987312200639263, "prior": 8.61634627448884, "rate": 5.589479207798223}, "datetime": {"datetime": "2024-06-14 11:40:39", "elapsed": 1.960826, "delta": 0.008976}}
{"target": -261.96770859814967, "params": {"gamma": 4.032801500586387, "prior": 7.611594617121132, "rate": 7.169573087923007}, "datetime": {"datetime": "2024-06-14 11:40:39", "elapsed": 1.968805, "delta": 0.007979}}
{"target": -385.0080781162365, "params": {"gamma": 9.873274421909457, "prior": 2.8530419812685297, "rate": 0.03893293042101652}, "datetime": {"datetime": "2024-06-14 11:40:39", "elapsed": 1.977781, "delta": 0.008976}}
{"target": -459.01679836943737, "params": {"gamma": 9.339092180540563, "prior": 8.593181334925148, "rate": 7.28877992431504}, "datetime": {"datetime": "2024-06-14 11:40:39", "elapsed": 1.986757, "delta": 0.008976}}
{"target": -321.8522215979278, "params": {"gamma": 5.167371140432463, "prior": 7.098866827962734, "rate": 7.805515039210552}, "datetime": {"datetime": "2024-06-14 11:40:39", "elapsed": 1.995733, "delta": 0.008976}}
{"target": -254.14415416260204, "params": {"gamma": 3.749384559425057, "prior": 7.72619300076658, "rate": 7.506492567432579}, "datetime": {"datetime": "2024-06-14 11:40:39", "elapsed": 2.004708, "delta": 0.008975}}
{"target": -443.97061573549155, "params": {"gamma": 6.132498904231054, "prior": 4.07847264728159, "rate": 6.9733828846241455}, "datetime": {"datetime": "2024-06-14 11:40:39", "elapsed": 2.013685, "delta": 0.008977}}
{"target": -147.9054158635958, "params": {"gamma": 0.032125465394095866, "prior": 7.771476802573518, "rate": 8.964269607966013}, "datetime": {"datetime": "2024-06-14 11:40:39", "elapsed": 2.021663, "delta": 0.007978}}
{"target": -245.10210084717085, "params": {"gamma": 2.393917758667609, "prior": 1.2955951246613744, "rate": 2.2036195939494823}, "datetime": {"datetime": "2024-06-14 11:40:39", "elapsed": 2.03064, "delta": 0.008977}}
{"target": -201.8977071384002, "params": {"gamma": 3.021665216169693, "prior": 8.841982234781959, "rate": 5.432121135950708}, "datetime": {"datetime": "2024-06-14 11:40:39", "elapsed": 2.039615, "delta": 0.008975}}
{"target": -284.26079503901207, "params": {"gamma": 2.8678297844146994, "prior": 1.4697114289501707, "rate": 2.902154486582312}, "datetime": {"datetime": "2024-06-14 11:40:39", "elapsed": 2.048591, "delta": 0.008976}}
{"target": -399.5513434832635, "params": {"gamma": 6.139097026322785, "prior": 3.3089714459847217, "rate": 4.574144456728294}, "datetime": {"datetime": "2024-06-14 11:40:39", "elapsed": 2.056856, "delta": 0.008265}}
{"target": -238.84669168134567, "params": {"gamma": 4.441726953059129, "prior": 8.29854007124197, "rate": 4.264055194208071}, "datetime": {"datetime": "2024-06-14 11:40:39", "elapsed": 2.065833, "delta": 0.008977}}
{"target": -195.1106861754531, "params": {"gamma": 3.4576425129338477, "prior": 6.782218887610141, "rate": 2.215599075279554}, "datetime": {"datetime": "2024-06-14 11:40:39", "elapsed": 2.074808, "delta": 0.008975}}
{"target": -387.65380859862, "params": {"gamma": 4.672990993441612, "prior": 3.216180304507763, "rate": 6.268929166026184}, "datetime": {"datetime": "2024-06-14 11:40:39", "elapsed": 2.083784, "delta": 0.008976}}
{"target": -594.6806774187419, "params": {"gamma": 8.773727386473432, "prior": 4.532121101441722, "rate": 7.84478973050044}, "datetime": {"datetime": "2024-06-14 11:40:39", "elapsed": 2.092761, "delta": 0.008977}}
{"target": -220.93784008993086, "params": {"gamma": 4.570200039914943, "prior": 6.596670383999601, "rate": 1.3192779092999938}, "datetime": {"datetime": "2024-06-14 11:40:39", "elapsed": 2.101737, "delta": 0.008976}}
{"target": -247.78245926771902, "params": {"gamma": 4.3303820881695145, "prior": 9.102188687683872, "rate": 6.055184531308316}, "datetime": {"datetime": "2024-06-14 11:40:39", "elapsed": 2.110712, "delta": 0.008975}}
{"target": -407.95317595795115, "params": {"gamma": 7.6679790977837845, "prior": 5.096536020149354, "rate": 4.981058192655247}, "datetime": {"datetime": "2024-06-14 11:40:39", "elapsed": 2.118691, "delta": 0.007979}}
{"target": -1065.6903931404606, "params": {"gamma": 8.429155502088307, "prior": 0.7712886499754421, "rate": 5.733149443225297}, "datetime": {"datetime": "2024-06-14 11:40:39", "elapsed": 2.127667, "delta": 0.008976}}
{"target": -405.72444297160325, "params": {"gamma": 9.42768299175406, "prior": 5.226814476905987, "rate": 1.945463629469317}, "datetime": {"datetime": "2024-06-14 11:40:39", "elapsed": 2.136643, "delta": 0.008976}}
{"target": -738.8710813643289, "params": {"gamma": 8.479545985042318, "prior": 2.5912275093229433, "rate": 7.007559638788898}, "datetime": {"datetime": "2024-06-14 11:40:39", "elapsed": 2.145619, "delta": 0.008976}}
{"target": -284.77482855010345, "params": {"gamma": 5.403069143028603, "prior": 9.493479253974174, "rate": 6.2437426873243576}, "datetime": {"datetime": "2024-06-14 11:40:39", "elapsed": 2.154624, "delta": 0.009005}}
{"target": -1320.2463397156737, "params": {"gamma": 8.379941642515245, "prior": 0.17853547432577865, "rate": 9.893411221610213}, "datetime": {"datetime": "2024-06-14 11:40:39", "elapsed": 2.162574, "delta": 0.00795}}
{"target": -180.77154591129147, "params": {"gamma": 0.7780679887535326, "prior": 3.2890821847862193, "rate": 9.461577802172197}, "datetime": {"datetime": "2024-06-14 11:40:39", "elapsed": 2.17155, "delta": 0.008976}}
{"target": -148.3075034820663, "params": {"gamma": 0.09038208461007943, "prior": 8.24502705367716, "rate": 8.612255172029577}, "datetime": {"datetime": "2024-06-14 11:40:39", "elapsed": 2.180526, "delta": 0.008976}}
{"target": -448.97856852206087, "params": {"gamma": 4.398868311271517, "prior": 2.631877418678719, "rate": 8.027092506813352}, "datetime": {"datetime": "2024-06-14 11:40:39", "elapsed": 2.189502, "delta": 0.008976}}
{"target": -612.6452169545831, "params": {"gamma": 4.77914218231778, "prior": 1.429952225691392, "rate": 9.278562079257282}, "datetime": {"datetime": "2024-06-14 11:40:39", "elapsed": 2.198478, "delta": 0.008976}}
{"target": -604.0508703440424, "params": {"gamma": 8.959803700099478, "prior": 4.966296985167659, "rate": 8.567168262681404}, "datetime": {"datetime": "2024-06-14 11:40:39", "elapsed": 2.207454, "delta": 0.008976}}
{"target": -235.76015873688002, "params": {"gamma": 4.1863616796152225, "prior": 6.866302511646381, "rate": 3.9805084034398166}, "datetime": {"datetime": "2024-06-14 11:40:39", "elapsed": 2.21643, "delta": 0.008976}}
{"target": -594.8495434957068, "params": {"gamma": 5.057914432490653, "prior": 1.9765618580558806, "rate": 9.649924252185027}, "datetime": {"datetime": "2024-06-14 11:40:39", "elapsed": 2.225406, "delta": 0.008976}}
{"target": -246.7142935474813, "params": {"gamma": 2.9428626667543027, "prior": 1.1242496055523734, "rate": 1.4440096868902519}, "datetime": {"datetime": "2024-06-14 11:40:39", "elapsed": 2.233385, "delta": 0.007979}}
{"target": -148.13067517781047, "params": {"gamma": 0.14190884963023712, "prior": 7.187862424677705, "rate": 5.645418704088501}, "datetime": {"datetime": "2024-06-14 11:40:39", "elapsed": 2.242361, "delta": 0.008976}}
{"target": -514.7166081688719, "params": {"gamma": 7.945988933496338, "prior": 5.12009124051295, "rate": 7.918418574002035}, "datetime": {"datetime": "2024-06-14 11:40:39", "elapsed": 2.251336, "delta": 0.008975}}
{"target": -329.1502845812657, "params": {"gamma": 6.957946378504123, "prior": 7.800699920905836, "rate": 4.065422206901887}, "datetime": {"datetime": "2024-06-14 11:40:39", "elapsed": 2.260312, "delta": 0.008976}}
{"target": -463.24287303073794, "params": {"gamma": 6.478058561241625, "prior": 1.8799635471604466, "rate": 3.2188778139156518}, "datetime": {"datetime": "2024-06-14 11:40:39", "elapsed": 2.269111, "delta": 0.008799}}
{"target": -166.59210811972622, "params": {"gamma": 1.7268735965778053, "prior": 4.145508527631297, "rate": 2.4149460609080227}, "datetime": {"datetime": "2024-06-14 11:40:39", "elapsed": 2.278087, "delta": 0.008976}}
{"target": -213.2198961269048, "params": {"gamma": 4.069813019299451, "prior": 9.75470119012939, "rate": 3.2038729388944907}, "datetime": {"datetime": "2024-06-14 11:40:39", "elapsed": 2.287063, "delta": 0.008976}}
{"target": -447.3760831748067, "params": {"gamma": 9.824926958803978, "prior": 6.399430645974237, "rate": 3.7515350929207165}, "datetime": {"datetime": "2024-06-14 11:40:39", "elapsed": 2.296039, "delta": 0.008976}}
{"target": -377.7093658220687, "params": {"gamma": 8.574987506336882, "prior": 6.2339087197488805, "rate": 2.521078768228263}, "datetime": {"datetime": "2024-06-14 11:40:39", "elapsed": 2.304284, "delta": 0.008245}}
{"target": -397.83875012655346, "params": {"gamma": 7.9287639240909, "prior": 4.386091236468214, "rate": 3.5757541621370836}, "datetime": {"datetime": "2024-06-14 11:40:39", "elapsed": 2.313257, "delta": 0.008973}}
{"target": -194.282640071426, "params": {"gamma": 3.3034390883142843, "prior": 7.003951868570081, "rate": 2.6872325889383593}, "datetime": {"datetime": "2024-06-14 11:40:39", "elapsed": 2.322234, "delta": 0.008977}}
{"target": -568.0109563392001, "params": {"gamma": 8.082971859040095, "prior": 3.0233590645584933, "rate": 5.441669714469987}, "datetime": {"datetime": "2024-06-14 11:40:39", "elapsed": 2.331209, "delta": 0.008975}}
{"target": -303.5313921459472, "params": {"gamma": 4.879726996560219, "prior": 8.56802848469416, "rate": 8.883975957519464}, "datetime": {"datetime": "2024-06-14 11:40:39", "elapsed": 2.340185, "delta": 0.008976}}
{"target": -211.13921931498064, "params": {"gamma": 1.8446600392352996, "prior": 5.894949743488685, "rate": 8.982152255125355}, "datetime": {"datetime": "2024-06-14 11:40:39", "elapsed": 2.349161, "delta": 0.008976}}
{"target": -223.66170634303754, "params": {"gamma": 4.461726073125263, "prior": 9.226496224289772, "rate": 2.790629913679252}, "datetime": {"datetime": "2024-06-14 11:40:39", "elapsed": 2.358137, "delta": 0.008976}}
{"target": -280.2247385939876, "params": {"gamma": 6.0887029107637645, "prior": 6.856291726691472, "rate": 2.2828291277714907}, "datetime": {"datetime": "2024-06-14 11:40:39", "elapsed": 2.366691, "delta": 0.008554}}
{"target": -150.67215881881037, "params": {"gamma": 0.13866135806461027, "prior": 4.225567227469891, "rate": 9.384880436675484}, "datetime": {"datetime": "2024-06-14 11:40:39", "elapsed": 2.375667, "delta": 0.008976}}
{"target": -189.08091158657862, "params": {"gamma": 3.430938070194235, "prior": 7.819468525277739, "rate": 1.7481883919612469}, "datetime": {"datetime": "2024-06-14 11:40:39", "elapsed": 2.384643, "delta": 0.008976}}
{"target": -425.9425437175429, "params": {"gamma": 3.420186410188222, "prior": 1.531517436297158, "rate": 7.167991370649615}, "datetime": {"datetime": "2024-06-14 11:40:39", "elapsed": 2.392622, "delta": 0.007979}}
{"target": -315.4060156776165, "params": {"gamma": 6.993376929344446, "prior": 6.916123447694296, "rate": 2.5347069488285103}, "datetime": {"datetime": "2024-06-14 11:40:39", "elapsed": 2.401597, "delta": 0.008975}}
{"target": -502.1348064693289, "params": {"gamma": 6.923908856112466, "prior": 2.350245655067901, "rate": 4.247066510197466}, "datetime": {"datetime": "2024-06-14 11:40:39", "elapsed": 2.411168, "delta": 0.009571}}
{"target": -194.8149669356708, "params": {"gamma": 3.7198492945552046, "prior": 3.61754832503921, "rate": 0.5774904176053226}, "datetime": {"datetime": "2024-06-14 11:40:39", "elapsed": 2.420144, "delta": 0.008976}}
{"target": -340.1541263473218, "params": {"gamma": 6.316834622032531, "prior": 7.102434366548825, "rate": 6.136273356333854}, "datetime": {"datetime": "2024-06-14 11:40:39", "elapsed": 2.428122, "delta": 0.007978}}
{"target": -343.7749082908159, "params": {"gamma": 6.483479248875083, "prior": 1.7824130707508519, "rate": 1.495318542589686}, "datetime": {"datetime": "2024-06-14 11:40:39", "elapsed": 2.437353, "delta": 0.009231}}
{"target": -239.26998321973775, "params": {"gamma": 5.142236260215303, "prior": 8.765793990909938, "rate": 1.8403504620306732}, "datetime": {"datetime": "2024-06-14 11:40:39", "elapsed": 2.446329, "delta": 0.008976}}
{"target": -304.73679373229885, "params": {"gamma": 4.628928347963892, "prior": 4.3464301068960385, "rate": 4.973394570009244}, "datetime": {"datetime": "2024-06-14 11:40:39", "elapsed": 2.455306, "delta": 0.008977}}
{"target": -171.4225096198406, "params": {"gamma": 1.6159461940896331, "prior": 3.4901623472346244, "rate": 2.6195421606310987}, "datetime": {"datetime": "2024-06-14 11:40:39", "elapsed": 2.464281, "delta": 0.008975}}
{"target": -386.95691564704714, "params": {"gamma": 8.44542490535156, "prior": 8.023289233186377, "rate": 4.266964943523168}, "datetime": {"datetime": "2024-06-14 11:40:39", "elapsed": 2.473258, "delta": 0.008977}}
{"target": -604.6185491881074, "params": {"gamma": 6.070547592429601, "prior": 1.5401095416355777, "rate": 5.096623328881369}, "datetime": {"datetime": "2024-06-14 11:40:39", "elapsed": 2.482233, "delta": 0.008975}}
{"target": -212.1378588953804, "params": {"gamma": 2.9701739107832585, "prior": 8.61054444033509, "rate": 6.716312210682993}, "datetime": {"datetime": "2024-06-14 11:40:39", "elapsed": 2.491209, "delta": 0.008976}}
{"target": -644.0210575353303, "params": {"gamma": 6.335106652211588, "prior": 1.3350378706848745, "rate": 4.706408207109359}, "datetime": {"datetime": "2024-06-14 11:40:39", "elapsed": 2.499188, "delta": 0.007979}}
{"target": -460.0118417683081, "params": {"gamma": 9.865741223089229, "prior": 9.488161823319384, "rate": 6.451211316964176}, "datetime": {"datetime": "2024-06-14 11:40:39", "elapsed": 2.508164, "delta": 0.008976}}
{"target": -174.14379055293455, "params": {"gamma": 1.5180969854487043, "prior": 6.427355802327059, "rate": 5.657055463326731}, "datetime": {"datetime": "2024-06-14 11:40:39", "elapsed": 2.51714, "delta": 0.008976}}
{"target": -332.1027885158376, "params": {"gamma": 4.6871897107748595, "prior": 4.337570947735874, "rate": 5.993098286824644}, "datetime": {"datetime": "2024-06-14 11:40:39", "elapsed": 2.526116, "delta": 0.008976}}
{"target": -415.2260252489795, "params": {"gamma": 8.499848915271139, "prior": 7.53609829968218, "rate": 5.794026042432034}, "datetime": {"datetime": "2024-06-14 11:40:39", "elapsed": 2.535095, "delta": 0.008979}}
{"target": -1298.3756616945698, "params": {"gamma": 9.247117111178744, "prior": 0.7409258360713337, "rate": 9.913473740809359}, "datetime": {"datetime": "2024-06-14 11:40:39", "elapsed": 2.54323, "delta": 0.008135}}
{"target": -162.79009186939646, "params": {"gamma": 0.5308924321372274, "prior": 2.0750059067717572, "rate": 4.228103863783965}, "datetime": {"datetime": "2024-06-14 11:40:39", "elapsed": 2.552203, "delta": 0.008973}}
{"target": -143.81714060056498, "params": {"gamma": 1.0759812529754917, "prior": 6.274337068877248, "rate": 0.4808776479246243}, "datetime": {"datetime": "2024-06-14 11:40:39", "elapsed": 2.561179, "delta": 0.008976}}
{"target": -431.25183751801154, "params": {"gamma": 2.8469541861884147, "prior": 0.7042631430847438, "rate": 7.035489791719707}, "datetime": {"datetime": "2024-06-14 11:40:39", "elapsed": 2.570185, "delta": 0.009006}}
{"target": -315.93973855760714, "params": {"gamma": 6.684893219727232, "prior": 3.847947873180962, "rate": 1.8827544060381822}, "datetime": {"datetime": "2024-06-14 11:40:39", "elapsed": 2.579131, "delta": 0.008946}}
{"target": -606.9166438159258, "params": {"gamma": 7.4703012854704225, "prior": 3.469754978578126, "rate": 7.953216372889023}, "datetime": {"datetime": "2024-06-14 11:40:39", "elapsed": 2.587109, "delta": 0.007978}}
{"target": -228.80881929392675, "params": {"gamma": 4.879521490857024, "prior": 5.304127499074696, "rate": 0.28588000406618064}, "datetime": {"datetime": "2024-06-14 11:40:39", "elapsed": 2.596116, "delta": 0.009007}}
{"target": -321.5698253335175, "params": {"gamma": 6.442675966770439, "prior": 3.5714993740784573, "rate": 2.292821067893365}, "datetime": {"datetime": "2024-06-14 11:40:39", "elapsed": 2.605062, "delta": 0.008946}}
{"target": -299.2696323613053, "params": {"gamma": 4.339399878740795, "prior": 3.8864278269820844, "rate": 4.698420611823517}, "datetime": {"datetime": "2024-06-14 11:40:39", "elapsed": 2.614038, "delta": 0.008976}}
{"target": -729.4332565479574, "params": {"gamma": 9.794854058443883, "prior": 3.7073428966454816, "rate": 7.744326923227059}, "datetime": {"datetime": "2024-06-14 11:40:39", "elapsed": 2.623013, "delta": 0.008975}}
{"target": -266.3684866367335, "params": {"gamma": 5.528123197902375, "prior": 8.90239778216408, "rate": 3.55017355864457}, "datetime": {"datetime": "2024-06-14 11:40:39", "elapsed": 2.63199, "delta": 0.008977}}
{"target": -164.5330081767548, "params": {"gamma": 2.455941283184888, "prior": 9.119090472603986, "rate": 0.43629910331389593}, "datetime": {"datetime": "2024-06-14 11:40:39", "elapsed": 2.640965, "delta": 0.008975}}
{"target": -444.5092988548003, "params": {"gamma": 9.507583527181962, "prior": 5.60842846514216, "rate": 3.764255803654188}, "datetime": {"datetime": "2024-06-14 11:40:39", "elapsed": 2.649941, "delta": 0.008976}}
{"target": -1256.3282246615552, "params": {"gamma": 9.950528171068772, "prior": 0.6777901968615533, "rate": 5.167546891316355}, "datetime": {"datetime": "2024-06-14 11:40:39", "elapsed": 2.657949, "delta": 0.008008}}
