{"target": -221.36744074381411, "params": {"gamma": 1.7983467816471097, "prior": 0.48173470650167005, "rate": 7.327203051217345}, "datetime": {"datetime": "2024-06-14 12:31:20", "elapsed": 12.270603, "delta": 0.010971}}
{"target": -517.3176545573438, "params": {"gamma": 5.630844195010378, "prior": 0.5164002018474038, "rate": 9.848867755318958}, "datetime": {"datetime": "2024-06-14 12:31:20", "elapsed": 12.280577, "delta": 0.009974}}
{"target": -453.2652314160088, "params": {"gamma": 5.693754542449788, "prior": 5.893051062330274, "rate": 7.899276512022575}, "datetime": {"datetime": "2024-06-14 12:31:20", "elapsed": 12.290549, "delta": 0.009972}}
{"target": -753.313139087376, "params": {"gamma": 9.026444072192401, "prior": 0.7014322896639713, "rate": 3.485783580678766}, "datetime": {"datetime": "2024-06-14 12:31:20", "elapsed": 12.30152, "delta": 0.010971}}
{"target": -202.2671848579753, "params": {"gamma": 2.001718538820858, "prior": 4.70500016338409, "rate": 0.9155879517141836}, "datetime": {"datetime": "2024-06-14 12:31:20", "elapsed": 12.311494, "delta": 0.009974}}
{"target": -159.33432709885628, "params": {"gamma": 0.6817896566229965, "prior": 3.07880538798981, "rate": 9.04354823246074}, "datetime": {"datetime": "2024-06-14 12:31:20", "elapsed": 12.323461, "delta": 0.011967}}
{"target": -638.5217237244167, "params": {"gamma": 9.755444236897075, "prior": 7.660828314655607, "rate": 0.008408388692528457}, "datetime": {"datetime": "2024-06-14 12:31:20", "elapsed": 12.334432, "delta": 0.010971}}
{"target": -622.4417076390372, "params": {"gamma": 7.3524203268081045, "prior": 0.3177258488517453, "rate": 1.6864882568683546}, "datetime": {"datetime": "2024-06-14 12:31:20", "elapsed": 12.344405, "delta": 0.009973}}
{"target": -150.16757989370896, "params": {"gamma": 0.10612956883701744, "prior": 1.576357287795895, "rate": 6.87536774608507}, "datetime": {"datetime": "2024-06-14 12:31:20", "elapsed": 12.353381, "delta": 0.008976}}
{"target": -562.3451809343029, "params": {"gamma": 7.020466736538225, "prior": 3.773666325556383, "rate": 7.312177051179447}, "datetime": {"datetime": "2024-06-14 12:31:20", "elapsed": 12.364353, "delta": 0.010972}}
{"target": -624.6538394317676, "params": {"gamma": 8.47319475004096, "prior": 1.3905393929713459, "rate": 0.8749857543012785}, "datetime": {"datetime": "2024-06-14 12:31:20", "elapsed": 12.374325, "delta": 0.009972}}
{"target": -303.4378332939399, "params": {"gamma": 3.7198426436825134, "prior": 4.098448011756622, "rate": 2.764765794383843}, "datetime": {"datetime": "2024-06-14 12:31:20", "elapsed": 12.384299, "delta": 0.009974}}
{"target": -609.8462178784819, "params": {"gamma": 7.5419276912585245, "prior": 3.2856833854686824, "rate": 8.001642974863078}, "datetime": {"datetime": "2024-06-14 12:31:20", "elapsed": 12.394274, "delta": 0.009975}}
{"target": -682.2557275863898, "params": {"gamma": 9.113172234382187, "prior": 5.180175174658037, "rate": 4.294790874776841}, "datetime": {"datetime": "2024-06-14 12:31:20", "elapsed": 12.404245, "delta": 0.009971}}
{"target": -167.2787072392825, "params": {"gamma": 0.9168564269132811, "prior": 2.8094053076691683, "rate": 8.866591497643999}, "datetime": {"datetime": "2024-06-14 12:31:20", "elapsed": 12.414219, "delta": 0.009974}}
{"target": -231.06658223500517, "params": {"gamma": 2.460197468394256, "prior": 6.24977493002166, "rate": 4.950578951032165}, "datetime": {"datetime": "2024-06-14 12:31:20", "elapsed": 12.425192, "delta": 0.010973}}
{"target": -166.5852359675639, "params": {"gamma": 0.9446309868062094, "prior": 9.003748460789474, "rate": 0.6786405537486796}, "datetime": {"datetime": "2024-06-14 12:31:20", "elapsed": 12.435163, "delta": 0.009971}}
{"target": -513.3380392182588, "params": {"gamma": 6.807342552340344, "prior": 9.722781585845405, "rate": 7.09402853441662}, "datetime": {"datetime": "2024-06-14 12:31:20", "elapsed": 12.445136, "delta": 0.009973}}
{"target": -314.54183856051947, "params": {"gamma": 3.2597612958632975, "prior": 0.8270576470431867, "rate": 5.797790733426387}, "datetime": {"datetime": "2024-06-14 12:31:20", "elapsed": 12.455109, "delta": 0.009973}}
{"target": -583.0751577732018, "params": {"gamma": 7.335436665512681, "prior": 3.6525757331700546, "rate": 6.537860973630521}, "datetime": {"datetime": "2024-06-14 12:31:20", "elapsed": 12.46608, "delta": 0.010971}}
{"target": -522.2191244872351, "params": {"gamma": 5.6663474905763875, "prior": 0.4376535322434657, "rate": 9.207023836034617}, "datetime": {"datetime": "2024-06-14 12:31:20", "elapsed": 12.476053, "delta": 0.009973}}
{"target": -331.7030634002118, "params": {"gamma": 3.80067802872134, "prior": 3.8560792455691626, "rate": 8.463712402100912}, "datetime": {"datetime": "2024-06-14 12:31:20", "elapsed": 12.485029, "delta": 0.008976}}
{"target": -394.06603805923186, "params": {"gamma": 4.843294742066144, "prior": 4.565581063206701, "rate": 6.398927296728125}, "datetime": {"datetime": "2024-06-14 12:31:20", "elapsed": 12.496001, "delta": 0.010972}}
{"target": -217.4247647398925, "params": {"gamma": 2.118501136597562, "prior": 5.330176857702819, "rate": 6.68601667563293}, "datetime": {"datetime": "2024-06-14 12:31:20", "elapsed": 12.505973, "delta": 0.009972}}
{"target": -418.75895337337477, "params": {"gamma": 5.388228223129067, "prior": 7.116735261329858, "rate": 5.985766383139416}, "datetime": {"datetime": "2024-06-14 12:31:20", "elapsed": 12.515947, "delta": 0.009974}}
{"target": -561.2858988639211, "params": {"gamma": 8.414213931463882, "prior": 8.803790551734272, "rate": 0.979294191124055}, "datetime": {"datetime": "2024-06-14 12:31:21", "elapsed": 12.525709, "delta": 0.009762}}
{"target": -258.5342116408857, "params": {"gamma": 2.5866813512262476, "prior": 0.6410959386512911, "rate": 2.289689785820543}, "datetime": {"datetime": "2024-06-14 12:31:21", "elapsed": 12.535682, "delta": 0.009973}}
{"target": -573.2416821052926, "params": {"gamma": 7.209446154413992, "prior": 0.8775978709769626, "rate": 1.5520400109873145}, "datetime": {"datetime": "2024-06-14 12:31:21", "elapsed": 12.545656, "delta": 0.009974}}
{"target": -572.009464488858, "params": {"gamma": 7.707912505930211, "prior": 4.498819255990509, "rate": 2.9019172561855204}, "datetime": {"datetime": "2024-06-14 12:31:21", "elapsed": 12.556626, "delta": 0.01097}}
{"target": -441.31120069342796, "params": {"gamma": 6.440202978033387, "prior": 8.880690205028927, "rate": 0.3770167983173472}, "datetime": {"datetime": "2024-06-14 12:31:21", "elapsed": 12.5666, "delta": 0.009974}}
{"target": -541.6748830727646, "params": {"gamma": 6.931250350669296, "prior": 6.718652167826616, "rate": 8.680252973877208}, "datetime": {"datetime": "2024-06-14 12:31:21", "elapsed": 12.576573, "delta": 0.009973}}
{"target": -200.9972149508756, "params": {"gamma": 1.964524028194986, "prior": 7.156647032386309, "rate": 1.0399071814446177}, "datetime": {"datetime": "2024-06-14 12:31:21", "elapsed": 12.586546, "delta": 0.009973}}
{"target": -158.43403722108275, "params": {"gamma": 0.5672069415832846, "prior": 6.839880739152903, "rate": 0.22732450662229567}, "datetime": {"datetime": "2024-06-14 12:31:21", "elapsed": 12.59652, "delta": 0.009974}}
{"target": -154.42470138618208, "params": {"gamma": 0.4439465889324353, "prior": 0.46583492545602645, "rate": 4.65463967682463}, "datetime": {"datetime": "2024-06-14 12:31:21", "elapsed": 12.606493, "delta": 0.009973}}
{"target": -526.9771236887079, "params": {"gamma": 7.5789365730024665, "prior": 9.92277231453038, "rate": 2.2668503578440693}, "datetime": {"datetime": "2024-06-14 12:31:21", "elapsed": 12.616466, "delta": 0.009973}}
{"target": -607.8909584214714, "params": {"gamma": 7.924009872480004, "prior": 7.972934055378927, "rate": 8.72255485071234}, "datetime": {"datetime": "2024-06-14 12:31:21", "elapsed": 12.62644, "delta": 0.009974}}
{"target": -302.9169317530761, "params": {"gamma": 3.1432456469635857, "prior": 1.4159580458583867, "rate": 7.967219098261448}, "datetime": {"datetime": "2024-06-14 12:31:21", "elapsed": 12.636413, "delta": 0.009973}}
{"target": -400.6501941436738, "params": {"gamma": 5.675065913341395, "prior": 4.2050738753286225, "rate": 0.587358130182522}, "datetime": {"datetime": "2024-06-14 12:31:21", "elapsed": 12.646389, "delta": 0.009976}}
{"target": -150.45633815035075, "params": {"gamma": 0.06656219698395709, "prior": 3.2286322867153814, "rate": 2.715316394543481}, "datetime": {"datetime": "2024-06-14 12:31:21", "elapsed": 12.657357, "delta": 0.010968}}
{"target": -362.21588451191855, "params": {"gamma": 4.757760549476385, "prior": 9.243757460551764, "rate": 4.167428176120559}, "datetime": {"datetime": "2024-06-14 12:31:21", "elapsed": 12.666333, "delta": 0.008976}}
{"target": -246.8220244701159, "params": {"gamma": 2.8795508249232378, "prior": 8.467940679140908, "rate": 3.0701917238377807}, "datetime": {"datetime": "2024-06-14 12:31:21", "elapsed": 12.677304, "delta": 0.010971}}
{"target": -680.0510852694631, "params": {"gamma": 9.155924640477402, "prior": 8.647777248513803, "rate": 6.388553062492898}, "datetime": {"datetime": "2024-06-14 12:31:21", "elapsed": 12.687307, "delta": 0.010003}}
{"target": -619.265767487289, "params": {"gamma": 7.477004260543885, "prior": 1.6574956757483044, "rate": 6.029139826844452}, "datetime": {"datetime": "2024-06-14 12:31:21", "elapsed": 12.697251, "delta": 0.009944}}
{"target": -270.87902389729345, "params": {"gamma": 3.2710458013785924, "prior": 4.937912730263073, "rate": 2.2546291955209634}, "datetime": {"datetime": "2024-06-14 12:31:21", "elapsed": 12.707224, "delta": 0.009973}}
{"target": -689.8659540154755, "params": {"gamma": 9.019674819004562, "prior": 4.174184394127804, "rate": 4.767863797915282}, "datetime": {"datetime": "2024-06-14 12:31:21", "elapsed": 12.717197, "delta": 0.009973}}
{"target": -600.7230644418654, "params": {"gamma": 7.214306126589714, "prior": 1.3097484479347787, "rate": 5.031147420462448}, "datetime": {"datetime": "2024-06-14 12:31:21", "elapsed": 12.727171, "delta": 0.009974}}
{"target": -589.1526794150025, "params": {"gamma": 8.131663485200999, "prior": 6.805684413213499, "rate": 3.2171856095203215}, "datetime": {"datetime": "2024-06-14 12:31:21", "elapsed": 12.737144, "delta": 0.009973}}
{"target": -543.8484424126235, "params": {"gamma": 7.106943301265306, "prior": 9.350952026926866, "rate": 8.947867607275063}, "datetime": {"datetime": "2024-06-14 12:31:21", "elapsed": 12.748114, "delta": 0.01097}}
{"target": -579.5699845728604, "params": {"gamma": 7.422605646963092, "prior": 2.7344015716166092, "rate": 3.725501581962508}, "datetime": {"datetime": "2024-06-14 12:31:21", "elapsed": 12.758088, "delta": 0.009974}}
{"target": -441.73397894978626, "params": {"gamma": 5.584620793314178, "prior": 3.872384078878505, "rate": 4.558012873762793}, "datetime": {"datetime": "2024-06-14 12:31:21", "elapsed": 12.768061, "delta": 0.009973}}
{"target": -685.4679004174338, "params": {"gamma": 7.935465915232807, "prior": 1.1290073078901408, "rate": 9.7299927856935}, "datetime": {"datetime": "2024-06-14 12:31:21", "elapsed": 12.778034, "delta": 0.009973}}
{"target": -537.4910456681574, "params": {"gamma": 7.046486043044176, "prior": 8.660805896925622, "rate": 7.817018859374792}, "datetime": {"datetime": "2024-06-14 12:31:21", "elapsed": 12.788008, "delta": 0.009974}}
{"target": -327.0429307656744, "params": {"gamma": 4.322404951375301, "prior": 9.430860319493826, "rate": 2.5316090848682102}, "datetime": {"datetime": "2024-06-14 12:31:21", "elapsed": 12.797982, "delta": 0.009974}}
{"target": -153.87339421563175, "params": {"gamma": 0.46343798347233406, "prior": 1.0590944796215522, "rate": 2.0081654825988586}, "datetime": {"datetime": "2024-06-14 12:31:21", "elapsed": 12.808952, "delta": 0.01097}}
{"target": -459.00903905913054, "params": {"gamma": 5.3912662829380675, "prior": 2.3136652704027774, "rate": 8.353372877694195}, "datetime": {"datetime": "2024-06-14 12:31:21", "elapsed": 12.817928, "delta": 0.008976}}
{"target": -150.3992579596064, "params": {"gamma": 0.09437753374081341, "prior": 7.484419195067273, "rate": 9.69010921459811}, "datetime": {"datetime": "2024-06-14 12:31:21", "elapsed": 12.827901, "delta": 0.009973}}
{"target": -247.47954517226347, "params": {"gamma": 2.6725649276388403, "prior": 6.275773513641307, "rate": 7.148081569821106}, "datetime": {"datetime": "2024-06-14 12:31:21", "elapsed": 12.838872, "delta": 0.010971}}
{"target": -290.7674527499807, "params": {"gamma": 3.270247221878411, "prior": 4.387953061937092, "rate": 7.344354052301767}, "datetime": {"datetime": "2024-06-14 12:31:21", "elapsed": 12.848846, "delta": 0.009974}}
{"target": -182.65513799331973, "params": {"gamma": 1.3123707216933747, "prior": 1.5224911326883348, "rate": 3.7546878211627708}, "datetime": {"datetime": "2024-06-14 12:31:21", "elapsed": 12.858818, "delta": 0.009972}}
{"target": -217.71438148111537, "params": {"gamma": 2.2848621090646066, "prior": 3.139165298421994, "rate": 1.5015067831741629}, "datetime": {"datetime": "2024-06-14 12:31:21", "elapsed": 12.867795, "delta": 0.008977}}
{"target": -165.07920349928986, "params": {"gamma": 0.9672639623300204, "prior": 9.168241908051757, "rate": 3.4595881913084976}, "datetime": {"datetime": "2024-06-14 12:31:21", "elapsed": 12.878765, "delta": 0.01097}}
{"target": -436.75155599925336, "params": {"gamma": 5.660096601094165, "prior": 5.51726777421675, "rate": 4.5041251239749585}, "datetime": {"datetime": "2024-06-14 12:31:21", "elapsed": 12.888739, "delta": 0.009974}}
{"target": -607.9152368893052, "params": {"gamma": 7.478457982844058, "prior": 3.3826069277300896, "rate": 8.924882091116567}, "datetime": {"datetime": "2024-06-14 12:31:21", "elapsed": 12.898749, "delta": 0.01001}}
{"target": -158.057907194427, "params": {"gamma": 0.6812641898485671, "prior": 5.7914069679783005, "rate": 3.391186716940452}, "datetime": {"datetime": "2024-06-14 12:31:21", "elapsed": 12.909683, "delta": 0.010934}}
{"target": -318.10053961215186, "params": {"gamma": 3.6396395485330513, "prior": 3.120469153051323, "rate": 6.036259408805832}, "datetime": {"datetime": "2024-06-14 12:31:21", "elapsed": 12.918659, "delta": 0.008976}}
{"target": -226.67046585064034, "params": {"gamma": 2.34484488740895, "prior": 3.013631376935151, "rate": 2.8556604108589827}, "datetime": {"datetime": "2024-06-14 12:31:21", "elapsed": 12.928632, "delta": 0.009973}}
{"target": -150.85514425274368, "params": {"gamma": 0.06894765796633268, "prior": 3.779023243593732, "rate": 0.4899246143734417}, "datetime": {"datetime": "2024-06-14 12:31:21", "elapsed": 12.940166, "delta": 0.011534}}
{"target": -655.3378966539811, "params": {"gamma": 8.743887748991542, "prior": 7.246044050893931, "rate": 5.953475738168867}, "datetime": {"datetime": "2024-06-14 12:31:21", "elapsed": 12.95014, "delta": 0.009974}}
{"target": -559.6920774673204, "params": {"gamma": 7.439039471551036, "prior": 9.020831429535983, "rate": 6.941211543141177}, "datetime": {"datetime": "2024-06-14 12:31:21", "elapsed": 12.959117, "delta": 0.008977}}
{"target": -493.1809757972596, "params": {"gamma": 5.90797241496815, "prior": 1.3301665118919654, "rate": 4.046421932570356}, "datetime": {"datetime": "2024-06-14 12:31:21", "elapsed": 12.970087, "delta": 0.01097}}
{"target": -465.09822526323404, "params": {"gamma": 5.789933531360811, "prior": 6.068159221609412, "rate": 9.607817590001783}, "datetime": {"datetime": "2024-06-14 12:31:21", "elapsed": 12.979625, "delta": 0.009538}}
{"target": -205.69041540901054, "params": {"gamma": 2.0557977104341765, "prior": 6.665198142873705, "rate": 2.5650349774738426}, "datetime": {"datetime": "2024-06-14 12:31:21", "elapsed": 12.989598, "delta": 0.009973}}
{"target": -321.34457461270114, "params": {"gamma": 4.1781946638619605, "prior": 9.722309574884378, "rate": 3.31144322847995}, "datetime": {"datetime": "2024-06-14 12:31:21", "elapsed": 13.000569, "delta": 0.010971}}
{"target": -283.0015511660385, "params": {"gamma": 3.620869630590026, "prior": 4.451727639802938, "rate": 0.4076372311016773}, "datetime": {"datetime": "2024-06-14 12:31:21", "elapsed": 13.010542, "delta": 0.009973}}
{"target": -326.3467979879138, "params": {"gamma": 3.9863038148057774, "prior": 6.227952485750611, "rate": 5.7812217885154835}, "datetime": {"datetime": "2024-06-14 12:31:21", "elapsed": 13.020515, "delta": 0.009973}}
{"target": -656.8197294092237, "params": {"gamma": 8.734253865159978, "prior": 6.447746922370251, "rate": 5.570002490848631}, "datetime": {"datetime": "2024-06-14 12:31:21", "elapsed": 13.03049, "delta": 0.009975}}
{"target": -579.5338612301467, "params": {"gamma": 6.406830923563959, "prior": 0.5714061557653263, "rate": 9.961217364236495}, "datetime": {"datetime": "2024-06-14 12:31:21", "elapsed": 13.040462, "delta": 0.009972}}
{"target": -184.6785302799754, "params": {"gamma": 1.517902470777048, "prior": 4.242624178680719, "rate": 2.953219449966769}, "datetime": {"datetime": "2024-06-14 12:31:21", "elapsed": 13.050435, "delta": 0.009973}}
{"target": -437.0972992959575, "params": {"gamma": 5.7725917240622495, "prior": 5.6396541321313896, "rate": 3.5217911282734677}, "datetime": {"datetime": "2024-06-14 12:31:21", "elapsed": 13.060409, "delta": 0.009974}}
{"target": -744.1814955967981, "params": {"gamma": 9.73632101034662, "prior": 7.537589226886725, "rate": 8.898523787979325}, "datetime": {"datetime": "2024-06-14 12:31:21", "elapsed": 13.070382, "delta": 0.009973}}
{"target": -357.5571168691281, "params": {"gamma": 4.554646543417618, "prior": 6.0341202774811045, "rate": 4.135119304282028}, "datetime": {"datetime": "2024-06-14 12:31:21", "elapsed": 13.081353, "delta": 0.010971}}
{"target": -255.7221775122507, "params": {"gamma": 3.043247399234573, "prior": 5.302158650435817, "rate": 1.9104821219709982}, "datetime": {"datetime": "2024-06-14 12:31:21", "elapsed": 13.091326, "delta": 0.009973}}
{"target": -213.15403518072893, "params": {"gamma": 2.141803137630578, "prior": 5.156795441297785, "rate": 0.13950689289069168}, "datetime": {"datetime": "2024-06-14 12:31:21", "elapsed": 13.1013, "delta": 0.009974}}
{"target": -354.9567476392521, "params": {"gamma": 4.4554255996411385, "prior": 9.967336646400456, "rate": 8.227007128517913}, "datetime": {"datetime": "2024-06-14 12:31:21", "elapsed": 13.111273, "delta": 0.009973}}
{"target": -161.78243583936012, "params": {"gamma": 0.8355220043224125, "prior": 6.5933141384600535, "rate": 2.25470390737774}, "datetime": {"datetime": "2024-06-14 12:31:21", "elapsed": 13.121248, "delta": 0.009975}}
{"target": -175.6070951948762, "params": {"gamma": 1.1804405667721274, "prior": 3.551904901646867, "rate": 6.771991012506975}, "datetime": {"datetime": "2024-06-14 12:31:21", "elapsed": 13.13122, "delta": 0.009972}}
{"target": -503.66876146955906, "params": {"gamma": 5.508094840668205, "prior": 0.5352303689625977, "rate": 8.567685939201464}, "datetime": {"datetime": "2024-06-14 12:31:21", "elapsed": 13.141698, "delta": 0.010478}}
{"target": -351.8856968670148, "params": {"gamma": 4.776472641076445, "prior": 8.582084626197144, "rate": 1.8773524615382258}, "datetime": {"datetime": "2024-06-14 12:31:21", "elapsed": 13.151671, "delta": 0.009973}}
{"target": -161.91619817115537, "params": {"gamma": 0.8382489282379628, "prior": 5.208099654210848, "rate": 4.545992085303224}, "datetime": {"datetime": "2024-06-14 12:31:21", "elapsed": 13.161645, "delta": 0.009974}}
{"target": -150.40421016524238, "params": {"gamma": 0.13993009549948474, "prior": 0.4896104379385867, "rate": 0.9372347244778493}, "datetime": {"datetime": "2024-06-14 12:31:21", "elapsed": 13.171618, "delta": 0.009973}}
{"target": -153.04318393077668, "params": {"gamma": 0.4077341217427622, "prior": 1.839816766707203, "rate": 5.7557859749589015}, "datetime": {"datetime": "2024-06-14 12:31:21", "elapsed": 13.18162, "delta": 0.010002}}
{"target": -346.28361219439273, "params": {"gamma": 4.768049447045129, "prior": 9.79972035532993, "rate": 0.7083006030293989}, "datetime": {"datetime": "2024-06-14 12:31:21", "elapsed": 13.192562, "delta": 0.010942}}
{"target": -676.2713660999868, "params": {"gamma": 8.67428890537549, "prior": 5.827345843187369, "rate": 8.764878981579999}, "datetime": {"datetime": "2024-06-14 12:31:21", "elapsed": 13.202536, "delta": 0.009974}}
{"target": -157.19328063773196, "params": {"gamma": 0.5580803899209963, "prior": 1.0816198620738768, "rate": 8.631084082751796}, "datetime": {"datetime": "2024-06-14 12:31:21", "elapsed": 13.213506, "delta": 0.01097}}
{"target": -402.20675610265977, "params": {"gamma": 5.7042698804473675, "prior": 5.629088630789569, "rate": 0.13111366674830982}, "datetime": {"datetime": "2024-06-14 12:31:21", "elapsed": 13.222482, "delta": 0.008976}}
{"target": -501.58139028450205, "params": {"gamma": 6.422885788360278, "prior": 8.491878366232083, "rate": 9.96126578479924}, "datetime": {"datetime": "2024-06-14 12:31:21", "elapsed": 13.233453, "delta": 0.010971}}
{"target": -356.13129005472643, "params": {"gamma": 4.3301149523829, "prior": 3.182949555977844, "rate": 4.0482984794974595}, "datetime": {"datetime": "2024-06-14 12:31:21", "elapsed": 13.243428, "delta": 0.009975}}
{"target": -231.0080618440916, "params": {"gamma": 2.2810229380137588, "prior": 2.3383759888621203, "rate": 4.337002443043325}, "datetime": {"datetime": "2024-06-14 12:31:21", "elapsed": 13.253737, "delta": 0.010309}}
{"target": -531.8338519064671, "params": {"gamma": 6.845710542660374, "prior": 6.641299157065754, "rate": 7.725129192452083}, "datetime": {"datetime": "2024-06-14 12:31:21", "elapsed": 13.263712, "delta": 0.009975}}
{"target": -218.63685684042397, "params": {"gamma": 2.1689300660171678, "prior": 7.314193149454935, "rate": 7.952743020363484}, "datetime": {"datetime": "2024-06-14 12:31:21", "elapsed": 13.274685, "delta": 0.010973}}
{"target": -411.39545953719704, "params": {"gamma": 5.618566827974954, "prior": 4.710139830525047, "rate": 1.5828405185913081}, "datetime": {"datetime": "2024-06-14 12:31:21", "elapsed": 13.28466, "delta": 0.009975}}
