{"target": -237.86462163175273, "params": {"gamma": 3.957087074403221, "prior": 7.740012975913038, "rate": 2.512780630310517}, "datetime": {"datetime": "2024-06-14 05:32:43", "elapsed": 5.466765, "delta": 0.009974}}
{"target": -492.6517401968466, "params": {"gamma": 6.557951918265758, "prior": 9.60793176737818, "rate": 0.03654404988379601}, "datetime": {"datetime": "2024-06-14 05:32:43", "elapsed": 5.475522, "delta": 0.008757}}
{"target": -311.5864239480801, "params": {"gamma": 7.233887082898668, "prior": 1.1790508359034728, "rate": 5.438331129146589}, "datetime": {"datetime": "2024-06-14 05:32:43", "elapsed": 5.485497, "delta": 0.009975}}
{"target": -274.7271656523352, "params": {"gamma": 6.269533250786666, "prior": 2.5051765451309316, "rate": 9.138524908590835}, "datetime": {"datetime": "2024-06-14 05:32:43", "elapsed": 5.494472, "delta": 0.008975}}
{"target": -272.9871798384316, "params": {"gamma": 6.223502974387487, "prior": 2.393777444809113, "rate": 7.701551743810476}, "datetime": {"datetime": "2024-06-14 05:32:43", "elapsed": 5.504445, "delta": 0.009973}}
{"target": -147.43330969156153, "params": {"gamma": 1.0559652928933503, "prior": 5.596730653460311, "rate": 0.9504657419551125}, "datetime": {"datetime": "2024-06-14 05:32:43", "elapsed": 5.513421, "delta": 0.008976}}
{"target": -258.93128885101, "params": {"gamma": 5.810259742677521, "prior": 2.604503115929865, "rate": 6.495018612739509}, "datetime": {"datetime": "2024-06-14 05:32:43", "elapsed": 5.523394, "delta": 0.009973}}
{"target": -325.3449744254513, "params": {"gamma": 7.158553701628942, "prior": 5.289437584229746, "rate": 6.575556555623399}, "datetime": {"datetime": "2024-06-14 05:32:43", "elapsed": 5.53237, "delta": 0.008976}}
{"target": -394.43355717564566, "params": {"gamma": 8.133125159405232, "prior": 8.094371489266019, "rate": 6.197200238546574}, "datetime": {"datetime": "2024-06-14 05:32:43", "elapsed": 5.541346, "delta": 0.008976}}
{"target": -213.53515352043993, "params": {"gamma": 4.511573518745629, "prior": 4.1387048915689375, "rate": 8.74760145142373}, "datetime": {"datetime": "2024-06-14 05:32:43", "elapsed": 5.55132, "delta": 0.009974}}
{"target": -302.7988698114691, "params": {"gamma": 7.029614389411599, "prior": 1.9308567214966765, "rate": 5.657755734146004}, "datetime": {"datetime": "2024-06-14 05:32:43", "elapsed": 5.560296, "delta": 0.008976}}
{"target": -383.609229752686, "params": {"gamma": 9.08817151496827, "prior": 1.5918309232578849, "rate": 8.455331237631533}, "datetime": {"datetime": "2024-06-14 05:32:43", "elapsed": 5.570269, "delta": 0.009973}}
{"target": -528.6725593001782, "params": {"gamma": 8.202204460687183, "prior": 5.043476902848561, "rate": 0.37680093100554635}, "datetime": {"datetime": "2024-06-14 05:32:43", "elapsed": 5.579245, "delta": 0.008976}}
{"target": -177.0598086975863, "params": {"gamma": 1.4758775514639575, "prior": 9.234123077417845, "rate": 0.4425038055225927}, "datetime": {"datetime": "2024-06-14 05:32:43", "elapsed": 5.588221, "delta": 0.008976}}
{"target": -227.74464767648965, "params": {"gamma": 3.7256151652871896, "prior": 6.228492383782162, "rate": 1.9702834411012529}, "datetime": {"datetime": "2024-06-14 05:32:43", "elapsed": 5.597197, "delta": 0.008976}}
{"target": -406.57278416740684, "params": {"gamma": 9.810816492645733, "prior": 1.6441548071298822, "rate": 5.3972522724175835}, "datetime": {"datetime": "2024-06-14 05:32:43", "elapsed": 5.60717, "delta": 0.009973}}
{"target": -275.22639057654584, "params": {"gamma": 6.180495232142101, "prior": 2.3868004918300687, "rate": 4.663623583104205}, "datetime": {"datetime": "2024-06-14 05:32:43", "elapsed": 5.616146, "delta": 0.008976}}
{"target": -248.22824754997978, "params": {"gamma": 4.91059428280016, "prior": 7.691937525632765, "rate": 6.343173246985961}, "datetime": {"datetime": "2024-06-14 05:32:43", "elapsed": 5.625122, "delta": 0.008976}}
{"target": -245.07859633306737, "params": {"gamma": 4.676032980600331, "prior": 6.702731177620354, "rate": 4.534320887795462}, "datetime": {"datetime": "2024-06-14 05:32:43", "elapsed": 5.634099, "delta": 0.008977}}
{"target": -310.0435901332172, "params": {"gamma": 5.257590201822755, "prior": 6.619823611427782, "rate": 1.8127726241566626}, "datetime": {"datetime": "2024-06-14 05:32:43", "elapsed": 5.643838, "delta": 0.009739}}
{"target": -344.2017824236807, "params": {"gamma": 7.8807074621719, "prior": 6.068366841630134, "rate": 9.80334851848814}, "datetime": {"datetime": "2024-06-14 05:32:43", "elapsed": 5.652815, "delta": 0.008977}}
{"target": -140.5873902588202, "params": {"gamma": 2.2246095521182263, "prior": 4.716038094249078, "rate": 8.956522384191866}, "datetime": {"datetime": "2024-06-14 05:32:43", "elapsed": 5.66179, "delta": 0.008975}}
{"target": -313.70913739013605, "params": {"gamma": 6.014732663578183, "prior": 7.286992573903269, "rate": 4.137287971849402}, "datetime": {"datetime": "2024-06-14 05:32:43", "elapsed": 5.671764, "delta": 0.009974}}
{"target": -408.3677470036699, "params": {"gamma": 6.843411908691368, "prior": 9.465944795490875, "rate": 2.0026604713274816}, "datetime": {"datetime": "2024-06-14 05:32:43", "elapsed": 5.68074, "delta": 0.008976}}
{"target": -563.8750377146484, "params": {"gamma": 8.073845273509328, "prior": 9.698426319788975, "rate": 0.146672748901554}, "datetime": {"datetime": "2024-06-14 05:32:43", "elapsed": 5.689716, "delta": 0.008976}}
{"target": -137.29884043686496, "params": {"gamma": 2.152880656357681, "prior": 1.2620315110999845, "rate": 7.674467753896792}, "datetime": {"datetime": "2024-06-14 05:32:43", "elapsed": 5.698692, "delta": 0.008976}}
{"target": -134.10950205212848, "params": {"gamma": 0.8130846428413901, "prior": 9.984294230049985, "rate": 3.8967305467771722}, "datetime": {"datetime": "2024-06-14 05:32:43", "elapsed": 5.707668, "delta": 0.008976}}
{"target": -380.69509610461853, "params": {"gamma": 9.05212245656447, "prior": 1.9669182746447318, "rate": 4.409281126023087}, "datetime": {"datetime": "2024-06-14 05:32:43", "elapsed": 5.716644, "delta": 0.008976}}
{"target": -408.321259496629, "params": {"gamma": 8.448273378243028, "prior": 5.993170828665236, "rate": 4.6221188088168805}, "datetime": {"datetime": "2024-06-14 05:32:43", "elapsed": 5.726617, "delta": 0.009973}}
{"target": -260.2887528855782, "params": {"gamma": 5.12698481782442, "prior": 5.781466716234239, "rate": 4.403751756648346}, "datetime": {"datetime": "2024-06-14 05:32:43", "elapsed": 5.735593, "delta": 0.008976}}
{"target": -136.1642036862892, "params": {"gamma": 1.936396018280381, "prior": 1.2282610384459451, "rate": 1.5131280457741099}, "datetime": {"datetime": "2024-06-14 05:32:43", "elapsed": 5.744569, "delta": 0.008976}}
{"target": -125.49025363124025, "params": {"gamma": 0.5258571475674859, "prior": 5.630896469529952, "rate": 8.47736241934607}, "datetime": {"datetime": "2024-06-14 05:32:43", "elapsed": 5.753545, "delta": 0.008976}}
{"target": -180.5387911944017, "params": {"gamma": 3.5918342699021832, "prior": 0.8455776390945964, "rate": 4.257818395439178}, "datetime": {"datetime": "2024-06-14 05:32:43", "elapsed": 5.763518, "delta": 0.009973}}
{"target": -269.8810231179259, "params": {"gamma": 6.020476376881542, "prior": 4.311494309198812, "rate": 8.107401614840093}, "datetime": {"datetime": "2024-06-14 05:32:43", "elapsed": 5.772494, "delta": 0.008976}}
{"target": -449.0072964287373, "params": {"gamma": 9.418920575620866, "prior": 8.71211665535671, "rate": 7.040290983300606}, "datetime": {"datetime": "2024-06-14 05:32:43", "elapsed": 5.781471, "delta": 0.008977}}
{"target": -355.60188369927164, "params": {"gamma": 4.7035189488969715, "prior": 6.858710624742188, "rate": 0.13516968725473882}, "datetime": {"datetime": "2024-06-14 05:32:43", "elapsed": 5.791444, "delta": 0.009973}}
{"target": -411.15883960309435, "params": {"gamma": 9.824798706901937, "prior": 1.8035655851060701, "rate": 9.062697699220857}, "datetime": {"datetime": "2024-06-14 05:32:43", "elapsed": 5.80042, "delta": 0.008976}}
{"target": -450.2619814100451, "params": {"gamma": 8.071291906759395, "prior": 8.02138287543118, "rate": 2.690091641792864}, "datetime": {"datetime": "2024-06-14 05:32:43", "elapsed": 5.810392, "delta": 0.009972}}
{"target": -139.61607454664423, "params": {"gamma": 2.1923189037668234, "prior": 4.345126859849478, "rate": 8.493861636205818}, "datetime": {"datetime": "2024-06-14 05:32:44", "elapsed": 5.819369, "delta": 0.008977}}
{"target": -258.981619608508, "params": {"gamma": 4.5043460450747315, "prior": 9.360659128669912, "rate": 3.5274405931901285}, "datetime": {"datetime": "2024-06-14 05:32:44", "elapsed": 5.829343, "delta": 0.009974}}
{"target": -314.66040607830644, "params": {"gamma": 6.194302264801901, "prior": 9.808920459922224, "rate": 6.434981759885809}, "datetime": {"datetime": "2024-06-14 05:32:44", "elapsed": 5.838318, "delta": 0.008975}}
{"target": -132.32942857736788, "params": {"gamma": 0.45593666218999723, "prior": 4.6892152004219465, "rate": 3.348178685792924}, "datetime": {"datetime": "2024-06-14 05:32:44", "elapsed": 5.847294, "delta": 0.008976}}
{"target": -294.76458752601167, "params": {"gamma": 5.322283303668225, "prior": 2.9189874652700007, "rate": 1.223490041069798}, "datetime": {"datetime": "2024-06-14 05:32:44", "elapsed": 5.856271, "delta": 0.008977}}
{"target": -305.5318049020756, "params": {"gamma": 6.683221598519268, "prior": 6.845461573423933, "rate": 8.671525860690885}, "datetime": {"datetime": "2024-06-14 05:32:44", "elapsed": 5.866244, "delta": 0.009973}}
{"target": -126.2512244935579, "params": {"gamma": 1.3246825541338114, "prior": 8.006341051952507, "rate": 8.267860615312884}, "datetime": {"datetime": "2024-06-14 05:32:44", "elapsed": 5.87522, "delta": 0.008976}}
{"target": -297.9437596308037, "params": {"gamma": 6.465852807575769, "prior": 2.128729243228275, "rate": 2.6149457233439732}, "datetime": {"datetime": "2024-06-14 05:32:44", "elapsed": 5.884196, "delta": 0.008976}}
{"target": -216.77377153898107, "params": {"gamma": 4.185549678574218, "prior": 5.46381082054904, "rate": 4.774902117966579}, "datetime": {"datetime": "2024-06-14 05:32:44", "elapsed": 5.894169, "delta": 0.009973}}
{"target": -231.7907164558026, "params": {"gamma": 4.67513146056165, "prior": 8.414423030956907, "rate": 8.70115355071037}, "datetime": {"datetime": "2024-06-14 05:32:44", "elapsed": 5.903145, "delta": 0.008976}}
{"target": -407.8355469544051, "params": {"gamma": 8.16772288980329, "prior": 8.790234044483526, "rate": 5.710516610608794}, "datetime": {"datetime": "2024-06-14 05:32:44", "elapsed": 5.912121, "delta": 0.008976}}
{"target": -442.6855365620966, "params": {"gamma": 9.64039729725748, "prior": 6.104789047679629, "rate": 6.039873463055735}, "datetime": {"datetime": "2024-06-14 05:32:44", "elapsed": 5.922095, "delta": 0.009974}}
{"target": -241.74248477900372, "params": {"gamma": 3.193658073009114, "prior": 6.843921422758488, "rate": 0.5206049193651046}, "datetime": {"datetime": "2024-06-14 05:32:44", "elapsed": 5.93107, "delta": 0.008975}}
{"target": -120.38387385137764, "params": {"gamma": 1.3463296636984106, "prior": 1.3893974589703744, "rate": 6.5523576709601326}, "datetime": {"datetime": "2024-06-14 05:32:44", "elapsed": 5.940047, "delta": 0.008977}}
{"target": -168.89453085288554, "params": {"gamma": 1.7541505851216117, "prior": 3.4773535501903177, "rate": 0.44407224667521283}, "datetime": {"datetime": "2024-06-14 05:32:44", "elapsed": 5.949023, "delta": 0.008976}}
{"target": -158.74286867404612, "params": {"gamma": 2.33810986680499, "prior": 9.645820816008012, "rate": 5.091884885761161}, "datetime": {"datetime": "2024-06-14 05:32:44", "elapsed": 5.958996, "delta": 0.009973}}
{"target": -125.23413513588142, "params": {"gamma": 1.5115941101958479, "prior": 5.277784464171196, "rate": 9.435150329726897}, "datetime": {"datetime": "2024-06-14 05:32:44", "elapsed": 5.967972, "delta": 0.008976}}
{"target": -423.85901290206937, "params": {"gamma": 8.656994454049334, "prior": 3.98145210241083, "rate": 2.8393912922180533}, "datetime": {"datetime": "2024-06-14 05:32:44", "elapsed": 5.976948, "delta": 0.008976}}
{"target": -353.49833439315404, "params": {"gamma": 7.617536897064726, "prior": 2.4807948155505692, "rate": 2.5430693142188665}, "datetime": {"datetime": "2024-06-14 05:32:44", "elapsed": 5.986921, "delta": 0.009973}}
{"target": -130.693184917922, "params": {"gamma": 0.841779455445115, "prior": 8.655026538163867, "rate": 4.4795412572871784}, "datetime": {"datetime": "2024-06-14 05:32:44", "elapsed": 5.995897, "delta": 0.008976}}
{"target": -268.35485450449727, "params": {"gamma": 5.618300819839127, "prior": 7.393438481165847, "rate": 7.965092182444826}, "datetime": {"datetime": "2024-06-14 05:32:44", "elapsed": 6.004873, "delta": 0.008976}}
{"target": -210.4617515705924, "params": {"gamma": 4.475633881764149, "prior": 1.9228628061404038, "rate": 8.287499782431489}, "datetime": {"datetime": "2024-06-14 05:32:44", "elapsed": 6.014847, "delta": 0.009974}}
{"target": -137.77180429459025, "params": {"gamma": 0.3109486003227299, "prior": 9.47260986911873, "rate": 5.770201486928539}, "datetime": {"datetime": "2024-06-14 05:32:44", "elapsed": 6.023822, "delta": 0.008975}}
{"target": -472.0051978886926, "params": {"gamma": 8.754011995768419, "prior": 6.124797826038231, "rate": 2.5173441819390847}, "datetime": {"datetime": "2024-06-14 05:32:44", "elapsed": 6.033796, "delta": 0.009974}}
{"target": -162.36708460146934, "params": {"gamma": 2.962003105035548, "prior": 5.375933334413366, "rate": 9.620820050258088}, "datetime": {"datetime": "2024-06-14 05:32:44", "elapsed": 6.042772, "delta": 0.008976}}
{"target": -140.87824935646339, "params": {"gamma": 1.8457715492972864, "prior": 5.147993943616779, "rate": 3.4385372462650072}, "datetime": {"datetime": "2024-06-14 05:32:44", "elapsed": 6.052746, "delta": 0.009974}}
{"target": -399.8779633329746, "params": {"gamma": 7.697483724226901, "prior": 8.048378215680998, "rate": 4.246174543111865}, "datetime": {"datetime": "2024-06-14 05:32:44", "elapsed": 6.061721, "delta": 0.008975}}
{"target": -134.92014166753847, "params": {"gamma": 2.042020877443364, "prior": 0.7641856572556677, "rate": 1.9872839959411943}, "datetime": {"datetime": "2024-06-14 05:32:44", "elapsed": 6.070697, "delta": 0.008976}}
{"target": -156.61350390501178, "params": {"gamma": 2.7247361004436925, "prior": 6.028010287301183, "rate": 8.730961889247082}, "datetime": {"datetime": "2024-06-14 05:32:44", "elapsed": 6.08067, "delta": 0.009973}}
{"target": -129.52260768173744, "params": {"gamma": 1.2831811575160175, "prior": 9.58606854297747, "rate": 6.832025267697611}, "datetime": {"datetime": "2024-06-14 05:32:44", "elapsed": 6.089647, "delta": 0.008977}}
{"target": -400.6208693337268, "params": {"gamma": 7.419900392548125, "prior": 9.830519780617808, "rate": 4.161591625408803}, "datetime": {"datetime": "2024-06-14 05:32:44", "elapsed": 6.098623, "delta": 0.008976}}
{"target": -269.0185223590212, "params": {"gamma": 5.316303075493122, "prior": 6.824208206937614, "rate": 5.129238550757324}, "datetime": {"datetime": "2024-06-14 05:32:44", "elapsed": 6.107598, "delta": 0.008975}}
{"target": -161.66936374845815, "params": {"gamma": 2.991824334263695, "prior": 1.143308260027389, "rate": 2.8500365250757254}, "datetime": {"datetime": "2024-06-14 05:32:44", "elapsed": 6.117601, "delta": 0.010003}}
{"target": -346.790699173761, "params": {"gamma": 7.688759630029292, "prior": 6.443748774073277, "rate": 8.013505701328722}, "datetime": {"datetime": "2024-06-14 05:32:44", "elapsed": 6.126548, "delta": 0.008947}}
{"target": -235.56698119766364, "params": {"gamma": 5.171688199172296, "prior": 2.3977902162787172, "rate": 6.279991307892046}, "datetime": {"datetime": "2024-06-14 05:32:44", "elapsed": 6.135524, "delta": 0.008976}}
{"target": -169.8106672076922, "params": {"gamma": 3.040750894733009, "prior": 0.39233457492600754, "rate": 9.03340843699194}, "datetime": {"datetime": "2024-06-14 05:32:44", "elapsed": 6.145497, "delta": 0.009973}}
{"target": -204.7283278262323, "params": {"gamma": 4.2042753184590484, "prior": 4.318694726204651, "rate": 7.412776101583259}, "datetime": {"datetime": "2024-06-14 05:32:44", "elapsed": 6.154473, "delta": 0.008976}}
{"target": -398.2209172961299, "params": {"gamma": 9.484635584653631, "prior": 0.8179037276500872, "rate": 1.7278381802346168}, "datetime": {"datetime": "2024-06-14 05:32:44", "elapsed": 6.163449, "delta": 0.008976}}
{"target": -170.22506474287528, "params": {"gamma": 3.224252533837974, "prior": 2.5594000386689704, "rate": 4.9554543186305695}, "datetime": {"datetime": "2024-06-14 05:32:44", "elapsed": 6.172425, "delta": 0.008976}}
{"target": -406.3622239720484, "params": {"gamma": 8.244771648366036, "prior": 8.55432690792754, "rate": 5.958703590644958}, "datetime": {"datetime": "2024-06-14 05:32:44", "elapsed": 6.182399, "delta": 0.009974}}
{"target": -143.769550216074, "params": {"gamma": 2.4024971645768356, "prior": 1.9462776138995845, "rate": 7.434161733507989}, "datetime": {"datetime": "2024-06-14 05:32:44", "elapsed": 6.191374, "delta": 0.008975}}
{"target": -146.6441396436204, "params": {"gamma": 2.372903362377833, "prior": 5.440959820172842, "rate": 7.493058590484791}, "datetime": {"datetime": "2024-06-14 05:32:44", "elapsed": 6.20035, "delta": 0.008976}}
{"target": -175.80724499057314, "params": {"gamma": 2.283262797049244, "prior": 1.8275617569701659, "rate": 0.39831713007193664}, "datetime": {"datetime": "2024-06-14 05:32:44", "elapsed": 6.210324, "delta": 0.009974}}
{"target": -161.50880566775209, "params": {"gamma": 1.4765408081617755, "prior": 8.52924517877521, "rate": 1.0472544815378406}, "datetime": {"datetime": "2024-06-14 05:32:44", "elapsed": 6.219872, "delta": 0.009548}}
{"target": -141.88603143112155, "params": {"gamma": 2.2372268102276505, "prior": 0.4242962774851736, "rate": 6.763889997877335}, "datetime": {"datetime": "2024-06-14 05:32:44", "elapsed": 6.228848, "delta": 0.008976}}
{"target": -167.578806753563, "params": {"gamma": 2.317799711505731, "prior": 4.194558006237466, "rate": 1.393872412065944}, "datetime": {"datetime": "2024-06-14 05:32:44", "elapsed": 6.237824, "delta": 0.008976}}
{"target": -195.85499322221685, "params": {"gamma": 3.772795658827454, "prior": 4.301930915772191, "rate": 4.730176553648271}, "datetime": {"datetime": "2024-06-14 05:32:44", "elapsed": 6.247797, "delta": 0.009973}}
{"target": -203.55785622399398, "params": {"gamma": 4.228995288573093, "prior": 1.1172899823542268, "rate": 7.72603008604881}, "datetime": {"datetime": "2024-06-14 05:32:44", "elapsed": 6.256773, "delta": 0.008976}}
{"target": -132.18606033580917, "params": {"gamma": 1.3729228288956241, "prior": 4.300494505825538, "rate": 2.7202891684153423}, "datetime": {"datetime": "2024-06-14 05:32:44", "elapsed": 6.266305, "delta": 0.009532}}
{"target": -174.7805065374818, "params": {"gamma": 3.0107784228559833, "prior": 6.756965648605682, "rate": 5.178349451410332}, "datetime": {"datetime": "2024-06-14 05:32:44", "elapsed": 6.275281, "delta": 0.008976}}
{"target": -141.2893510930635, "params": {"gamma": 1.9016804177489257, "prior": 4.744430954350433, "rate": 3.396069147094239}, "datetime": {"datetime": "2024-06-14 05:32:44", "elapsed": 6.284258, "delta": 0.008977}}
{"target": -303.3216747251493, "params": {"gamma": 7.045267485283013, "prior": 2.338342504082235, "rate": 8.450036385446094}, "datetime": {"datetime": "2024-06-14 05:32:44", "elapsed": 6.294231, "delta": 0.009973}}
{"target": -283.80009629614517, "params": {"gamma": 5.262770419251413, "prior": 5.056133771938582, "rate": 2.537604383069914}, "datetime": {"datetime": "2024-06-14 05:32:44", "elapsed": 6.303207, "delta": 0.008976}}
{"target": -131.46121772333785, "params": {"gamma": 1.8623705416969032, "prior": 4.771008721102208, "rate": 9.818262353834747}, "datetime": {"datetime": "2024-06-14 05:32:44", "elapsed": 6.312183, "delta": 0.008976}}
{"target": -121.02588302293873, "params": {"gamma": 1.3299294703806088, "prior": 2.9062780810377657, "rate": 8.006611101660276}, "datetime": {"datetime": "2024-06-14 05:32:44", "elapsed": 6.321159, "delta": 0.008976}}
{"target": -309.61251103762606, "params": {"gamma": 6.648104208209039, "prior": 2.859708246065027, "rate": 3.1471614201443434}, "datetime": {"datetime": "2024-06-14 05:32:44", "elapsed": 6.331132, "delta": 0.009973}}
{"target": -210.33933890951454, "params": {"gamma": 4.200062595764889, "prior": 6.067588946198732, "rate": 7.193668333443535}, "datetime": {"datetime": "2024-06-14 05:32:44", "elapsed": 6.340108, "delta": 0.008976}}
{"target": -475.0273991751153, "params": {"gamma": 8.573146034178855, "prior": 6.843003557538256, "rate": 2.370583662652512}, "datetime": {"datetime": "2024-06-14 05:32:44", "elapsed": 6.349084, "delta": 0.008976}}
{"target": -502.07009437334335, "params": {"gamma": 9.257279632827263, "prior": 7.833834466690084, "rate": 3.0745074227980154}, "datetime": {"datetime": "2024-06-14 05:32:44", "elapsed": 6.359058, "delta": 0.009974}}
{"target": -218.75842669693014, "params": {"gamma": 3.0503514507789897, "prior": 8.823566352446155, "rate": 1.2616587254915876}, "datetime": {"datetime": "2024-06-14 05:32:44", "elapsed": 6.368033, "delta": 0.008975}}
{"target": -277.28282490516233, "params": {"gamma": 6.334974881523022, "prior": 2.8493560514869, "rate": 8.272176051067923}, "datetime": {"datetime": "2024-06-14 05:32:44", "elapsed": 6.377518, "delta": 0.009485}}
{"target": -229.9143973683411, "params": {"gamma": 3.645869952111327, "prior": 7.360324335241457, "rate": 1.9249864862469743}, "datetime": {"datetime": "2024-06-14 05:32:44", "elapsed": 6.387488, "delta": 0.00997}}
{"target": -263.3686002547164, "params": {"gamma": 4.814977529509854, "prior": 8.05558680166717, "rate": 3.9704851285120673}, "datetime": {"datetime": "2024-06-14 05:32:44", "elapsed": 6.396464, "delta": 0.008976}}
