{"target": -169.73573074813666, "params": {"gamma": 1.0947197590216522, "lr": 0.673041054216622}, "datetime": {"datetime": "2024-06-13 19:54:33", "elapsed": 1.59496, "delta": 0.003998}}
{"target": -639.1322998152467, "params": {"gamma": 4.999823778620901, "lr": 0.777098229275783}, "datetime": {"datetime": "2024-06-13 19:54:33", "elapsed": 1.597943, "delta": 0.002983}}
{"target": -298.53877503298037, "params": {"gamma": 1.4369263717442184, "lr": 0.08320263643587555}, "datetime": {"datetime": "2024-06-13 19:54:33", "elapsed": 1.601932, "delta": 0.003989}}
{"target": -520.1937363499919, "params": {"gamma": 3.9927868349191855, "lr": 0.7969622519799001}, "datetime": {"datetime": "2024-06-13 19:54:33", "elapsed": 1.604924, "delta": 0.002992}}
{"target": -270.9598142120094, "params": {"gamma": 1.917565713359991, "lr": 0.767777192147274}, "datetime": {"datetime": "2024-06-13 19:54:33", "elapsed": 1.608913, "delta": 0.003989}}
{"target": -311.94033392012517, "params": {"gamma": 2.90368967262162, "lr": 0.21689148761179533}, "datetime": {"datetime": "2024-06-13 19:54:33", "elapsed": 1.611906, "delta": 0.002993}}
{"target": -131.84570216796357, "params": {"gamma": 0.1681391751809873, "lr": 0.3986590599223787}, "datetime": {"datetime": "2024-06-13 19:54:33", "elapsed": 1.615895, "delta": 0.003989}}
{"target": -385.86475360655834, "params": {"gamma": 3.8114338314432303, "lr": 0.6593449361953647}, "datetime": {"datetime": "2024-06-13 19:54:33", "elapsed": 1.619884, "delta": 0.003989}}
{"target": -137.06372429822736, "params": {"gamma": 0.7101130863034019, "lr": 0.15260398704227185}, "datetime": {"datetime": "2024-06-13 19:54:33", "elapsed": 1.622876, "delta": 0.002992}}
{"target": -123.43403535699247, "params": {"gamma": 0.16674225312644053, "lr": 0.11379635644740682}, "datetime": {"datetime": "2024-06-13 19:54:33", "elapsed": 1.626865, "delta": 0.003989}}
{"target": -639.4896112646667, "params": {"gamma": 6.518240970824895, "lr": 0.4026568521749192}, "datetime": {"datetime": "2024-06-13 19:54:33", "elapsed": 1.629858, "delta": 0.002993}}
{"target": -355.0082547571985, "params": {"gamma": 3.2109421153589914, "lr": 0.5579119942437725}, "datetime": {"datetime": "2024-06-13 19:54:33", "elapsed": 1.633847, "delta": 0.003989}}
{"target": -1277.45237618997, "params": {"gamma": 9.9346111705354, "lr": 0.8344865140180296}, "datetime": {"datetime": "2024-06-13 19:54:33", "elapsed": 1.636839, "delta": 0.002992}}
{"target": -964.0545280563609, "params": {"gamma": 6.99653220081344, "lr": 0.9182585891320579}, "datetime": {"datetime": "2024-06-13 19:54:33", "elapsed": 1.640829, "delta": 0.00399}}
{"target": -130.18759775828434, "params": {"gamma": 0.3982473381241651, "lr": 0.07033344161552524}, "datetime": {"datetime": "2024-06-13 19:54:33", "elapsed": 1.644818, "delta": 0.003989}}
{"target": -444.26036246514474, "params": {"gamma": 4.740588893590559, "lr": 0.3491674129570773}, "datetime": {"datetime": "2024-06-13 19:54:33", "elapsed": 1.64781, "delta": 0.002992}}
{"target": -896.4625486750257, "params": {"gamma": 9.37258336922236, "lr": 0.48956496114516856}, "datetime": {"datetime": "2024-06-13 19:54:33", "elapsed": 1.651799, "delta": 0.003989}}
{"target": -751.5337482719792, "params": {"gamma": 5.396951451823413, "lr": 0.8952603657312208}, "datetime": {"datetime": "2024-06-13 19:54:33", "elapsed": 1.654791, "delta": 0.002992}}
{"target": -581.9151072041761, "params": {"gamma": 4.466903823191082, "lr": 0.8770343892703519}, "datetime": {"datetime": "2024-06-13 19:54:33", "elapsed": 1.658781, "delta": 0.00399}}
{"target": -263.23219469470274, "params": {"gamma": 2.536563911966912, "lr": 0.27380970415810857}, "datetime": {"datetime": "2024-06-13 19:54:33", "elapsed": 1.661772, "delta": 0.002991}}
{"target": -358.8125471072947, "params": {"gamma": 3.284285539485814, "lr": 0.5475642704809535}, "datetime": {"datetime": "2024-06-13 19:54:33", "elapsed": 1.665762, "delta": 0.00399}}
{"target": -271.6367468809502, "params": {"gamma": 2.2020666115957854, "lr": 0.6714291710812733}, "datetime": {"datetime": "2024-06-13 19:54:33", "elapsed": 1.669751, "delta": 0.003989}}
{"target": -273.12733818234767, "params": {"gamma": 1.4287900347472011, "lr": 0.09410027449963942}, "datetime": {"datetime": "2024-06-13 19:54:33", "elapsed": 1.672743, "delta": 0.002992}}
{"target": -873.7991579969454, "params": {"gamma": 8.70204727030757, "lr": 0.23686870355699852}, "datetime": {"datetime": "2024-06-13 19:54:33", "elapsed": 1.676732, "delta": 0.003989}}
{"target": -381.8999751511248, "params": {"gamma": 3.8606541062149327, "lr": 0.5715420927253323}, "datetime": {"datetime": "2024-06-13 19:54:33", "elapsed": 1.679726, "delta": 0.002994}}
{"target": -1049.599142825783, "params": {"gamma": 5.258493897544749, "lr": 0.07602387944210687}, "datetime": {"datetime": "2024-06-13 19:54:33", "elapsed": 1.683714, "delta": 0.003988}}
{"target": -1197.7460173920763, "params": {"gamma": 8.741385230044685, "lr": 0.9511356184186921}, "datetime": {"datetime": "2024-06-13 19:54:33", "elapsed": 1.686706, "delta": 0.002992}}
{"target": -763.1677726981138, "params": {"gamma": 8.125260534442543, "lr": 0.2838018349468743}, "datetime": {"datetime": "2024-06-13 19:54:33", "elapsed": 1.690695, "delta": 0.003989}}
{"target": -492.2042349590804, "params": {"gamma": 5.278940114383477, "lr": 0.3394167240176095}, "datetime": {"datetime": "2024-06-13 19:54:33", "elapsed": 1.694684, "delta": 0.003989}}
{"target": -770.1531873201934, "params": {"gamma": 5.54711844056588, "lr": 0.9744034689130026}, "datetime": {"datetime": "2024-06-13 19:54:33", "elapsed": 1.698363, "delta": 0.003679}}
{"target": -364.5875979920346, "params": {"gamma": 3.1177174742720952, "lr": 0.6687966059228697}, "datetime": {"datetime": "2024-06-13 19:54:33", "elapsed": 1.701355, "delta": 0.002992}}
{"target": -427.67248010609757, "params": {"gamma": 3.26034610588255, "lr": 0.7744772660150796}, "datetime": {"datetime": "2024-06-13 19:54:33", "elapsed": 1.705344, "delta": 0.003989}}
{"target": -466.87550411142763, "params": {"gamma": 3.258773856165435, "lr": 0.889827341447375}, "datetime": {"datetime": "2024-06-13 19:54:33", "elapsed": 1.709333, "delta": 0.003989}}
{"target": -948.2619283943154, "params": {"gamma": 7.51732550147175, "lr": 0.7626320954451107}, "datetime": {"datetime": "2024-06-13 19:54:34", "elapsed": 1.712325, "delta": 0.002992}}
{"target": -483.9777165409412, "params": {"gamma": 4.695320806570698, "lr": 0.21076450246870537}, "datetime": {"datetime": "2024-06-13 19:54:34", "elapsed": 1.716315, "delta": 0.00399}}
{"target": -125.31794611166725, "params": {"gamma": 0.4157093206854123, "lr": 0.3218287999702445}, "datetime": {"datetime": "2024-06-13 19:54:34", "elapsed": 1.720304, "delta": 0.003989}}
{"target": -130.93702699475202, "params": {"gamma": 0.3720895322754502, "lr": 0.6938554113738997}, "datetime": {"datetime": "2024-06-13 19:54:34", "elapsed": 1.723296, "delta": 0.002992}}
{"target": -670.5080716463609, "params": {"gamma": 6.703829969329749, "lr": 0.430471782744975}, "datetime": {"datetime": "2024-06-13 19:54:34", "elapsed": 1.727286, "delta": 0.00399}}
{"target": -787.1596865214772, "params": {"gamma": 7.678121987604072, "lr": 0.5360084947395637}, "datetime": {"datetime": "2024-06-13 19:54:34", "elapsed": 1.730279, "delta": 0.002993}}
{"target": -118.91195942544933, "params": {"gamma": 0.3995594064278903, "lr": 0.13479311796067905}, "datetime": {"datetime": "2024-06-13 19:54:34", "elapsed": 1.734267, "delta": 0.003988}}
{"target": -202.76565355981447, "params": {"gamma": 1.9349705737501688, "lr": 0.3356638011646498}, "datetime": {"datetime": "2024-06-13 19:54:34", "elapsed": 1.737259, "delta": 0.002992}}
{"target": -135.42618259990928, "params": {"gamma": 0.52407715142833, "lr": 0.6051167805003662}, "datetime": {"datetime": "2024-06-13 19:54:34", "elapsed": 1.741248, "delta": 0.003989}}
{"target": -504.48084158766187, "params": {"gamma": 5.121098214211664, "lr": 0.6174610120171561}, "datetime": {"datetime": "2024-06-13 19:54:34", "elapsed": 1.74424, "delta": 0.002992}}
{"target": -572.0422356589517, "params": {"gamma": 4.324123592048677, "lr": 0.8477004682374377}, "datetime": {"datetime": "2024-06-13 19:54:34", "elapsed": 1.74823, "delta": 0.00399}}
{"target": -907.667505924325, "params": {"gamma": 4.541136501535455, "lr": 0.015403519791920894}, "datetime": {"datetime": "2024-06-13 19:54:34", "elapsed": 1.751221, "delta": 0.002991}}
{"target": -834.2555619665304, "params": {"gamma": 8.730808416322548, "lr": 0.6562015477440989}, "datetime": {"datetime": "2024-06-13 19:54:34", "elapsed": 1.755211, "delta": 0.00399}}
{"target": -1129.269746284406, "params": {"gamma": 8.23020740344406, "lr": 0.9517756930338517}, "datetime": {"datetime": "2024-06-13 19:54:34", "elapsed": 1.758203, "delta": 0.002992}}
{"target": -121.32981130244708, "params": {"gamma": 0.5100729227853552, "lr": 0.23507186409101455}, "datetime": {"datetime": "2024-06-13 19:54:34", "elapsed": 1.762192, "delta": 0.003989}}
{"target": -126.4758619767648, "params": {"gamma": 0.6343710911199417, "lr": 0.4216578860324509}, "datetime": {"datetime": "2024-06-13 19:54:34", "elapsed": 1.765184, "delta": 0.002992}}
{"target": -1718.7298068994046, "params": {"gamma": 8.638427625869019, "lr": 0.0816239827150681}, "datetime": {"datetime": "2024-06-13 19:54:34", "elapsed": 1.769173, "delta": 0.003989}}
{"target": -576.0430523638768, "params": {"gamma": 4.7316464169059, "lr": 0.12554310980872363}, "datetime": {"datetime": "2024-06-13 19:54:34", "elapsed": 1.772165, "delta": 0.002992}}
{"target": -999.6653813664055, "params": {"gamma": 7.729083136069011, "lr": 0.8414221567958434}, "datetime": {"datetime": "2024-06-13 19:54:34", "elapsed": 1.776155, "delta": 0.00399}}
{"target": -126.23135560233685, "params": {"gamma": 0.4338660909233998, "lr": 0.48644074317039476}, "datetime": {"datetime": "2024-06-13 19:54:34", "elapsed": 1.779147, "delta": 0.002992}}
{"target": -354.3394800281071, "params": {"gamma": 2.3948710303334217, "lr": 0.9524737816932592}, "datetime": {"datetime": "2024-06-13 19:54:34", "elapsed": 1.783136, "delta": 0.003989}}
{"target": -899.0404868404595, "params": {"gamma": 9.438982385210178, "lr": 0.6139340023847009}, "datetime": {"datetime": "2024-06-13 19:54:34", "elapsed": 1.787127, "delta": 0.003991}}
{"target": -890.6855080717949, "params": {"gamma": 9.734900485854638, "lr": 0.344861343716251}, "datetime": {"datetime": "2024-06-13 19:54:34", "elapsed": 1.791115, "delta": 0.003988}}
{"target": -891.0555202216569, "params": {"gamma": 8.97860932595915, "lr": 0.4345949734085095}, "datetime": {"datetime": "2024-06-13 19:54:34", "elapsed": 1.794107, "delta": 0.002992}}
{"target": -349.7600841672199, "params": {"gamma": 2.35891055683799, "lr": 0.9408279632013994}, "datetime": {"datetime": "2024-06-13 19:54:34", "elapsed": 1.7981, "delta": 0.003993}}
{"target": -1363.1523814469604, "params": {"gamma": 6.842496291781293, "lr": 0.06491158533912933}, "datetime": {"datetime": "2024-06-13 19:54:34", "elapsed": 1.801091, "delta": 0.002991}}
{"target": -953.8906018669737, "params": {"gamma": 8.704378143373837, "lr": 0.7013802946333463}, "datetime": {"datetime": "2024-06-13 19:54:34", "elapsed": 1.805081, "delta": 0.00399}}
{"target": -708.286064239791, "params": {"gamma": 6.049663802869843, "lr": 0.7323748991793305}, "datetime": {"datetime": "2024-06-13 19:54:34", "elapsed": 1.808073, "delta": 0.002992}}
{"target": -273.21760198317435, "params": {"gamma": 2.535136985955308, "lr": 0.6004889552745444}, "datetime": {"datetime": "2024-06-13 19:54:34", "elapsed": 1.812062, "delta": 0.003989}}
{"target": -1621.3059660953406, "params": {"gamma": 8.146377193435292, "lr": 0.05411366032399989}, "datetime": {"datetime": "2024-06-13 19:54:34", "elapsed": 1.815055, "delta": 0.002993}}
{"target": -211.92892893318918, "params": {"gamma": 1.3059762027213204, "lr": 0.8424458099564136}, "datetime": {"datetime": "2024-06-13 19:54:34", "elapsed": 1.819044, "delta": 0.003989}}
{"target": -640.8304233562302, "params": {"gamma": 6.183840347409528, "lr": 0.531287810481058}, "datetime": {"datetime": "2024-06-13 19:54:34", "elapsed": 1.823033, "delta": 0.003989}}
{"target": -249.647102290726, "params": {"gamma": 2.483658999241989, "lr": 0.2950785752494959}, "datetime": {"datetime": "2024-06-13 19:54:34", "elapsed": 1.826025, "delta": 0.002992}}
{"target": -849.1992935103884, "params": {"gamma": 8.726988963029699, "lr": 0.42166593484970927}, "datetime": {"datetime": "2024-06-13 19:54:34", "elapsed": 1.830014, "delta": 0.003989}}
{"target": -155.80229826518462, "params": {"gamma": 0.6452381255404884, "lr": 0.8969850695075825}, "datetime": {"datetime": "2024-06-13 19:54:34", "elapsed": 1.834004, "delta": 0.00399}}
{"target": -287.9844567950873, "params": {"gamma": 2.0346049474076864, "lr": 0.8262275354923914}, "datetime": {"datetime": "2024-06-13 19:54:34", "elapsed": 1.836996, "delta": 0.002992}}
{"target": -844.6031539456427, "params": {"gamma": 8.81782446020499, "lr": 0.48675074481833813}, "datetime": {"datetime": "2024-06-13 19:54:34", "elapsed": 1.840985, "delta": 0.003989}}
{"target": -621.3781748647838, "params": {"gamma": 5.98504846635326, "lr": 0.527267456485417}, "datetime": {"datetime": "2024-06-13 19:54:34", "elapsed": 1.843977, "delta": 0.002992}}
{"target": -813.3583222638315, "params": {"gamma": 6.248588120560806, "lr": 0.8550417213473515}, "datetime": {"datetime": "2024-06-13 19:54:34", "elapsed": 1.847967, "delta": 0.00399}}
{"target": -383.74100765359, "params": {"gamma": 2.8221123446002014, "lr": 0.8837555081806009}, "datetime": {"datetime": "2024-06-13 19:54:34", "elapsed": 1.850958, "delta": 0.002991}}
{"target": -783.1472463259513, "params": {"gamma": 5.677335610861374, "lr": 0.11510304096690338}, "datetime": {"datetime": "2024-06-13 19:54:34", "elapsed": 1.854948, "delta": 0.00399}}
{"target": -246.00843917296078, "params": {"gamma": 2.270784650981365, "lr": 0.5959823856130138}, "datetime": {"datetime": "2024-06-13 19:54:34", "elapsed": 1.85794, "delta": 0.002992}}
{"target": -308.8291293388248, "params": {"gamma": 2.395222922809899, "lr": 0.13141566053746057}, "datetime": {"datetime": "2024-06-13 19:54:34", "elapsed": 1.861929, "delta": 0.003989}}
{"target": -245.66173889923093, "params": {"gamma": 1.6193152935242277, "lr": 0.8448725182357391}, "datetime": {"datetime": "2024-06-13 19:54:34", "elapsed": 1.865918, "delta": 0.003989}}
{"target": -833.6713274163205, "params": {"gamma": 6.022234355273215, "lr": 0.9635670871883419}, "datetime": {"datetime": "2024-06-13 19:54:34", "elapsed": 1.86891, "delta": 0.002992}}
{"target": -346.72516286913145, "params": {"gamma": 3.4574464537469587, "lr": 0.5956250981349497}, "datetime": {"datetime": "2024-06-13 19:54:34", "elapsed": 1.8729, "delta": 0.00399}}
{"target": -583.7243494530552, "params": {"gamma": 5.9902539044452245, "lr": 0.6157042872039488}, "datetime": {"datetime": "2024-06-13 19:54:34", "elapsed": 1.875892, "delta": 0.002992}}
{"target": -145.6627929746318, "params": {"gamma": 0.5927128946500382, "lr": 0.7503171845746859}, "datetime": {"datetime": "2024-06-13 19:54:34", "elapsed": 1.879881, "delta": 0.003989}}
{"target": -963.9205550137565, "params": {"gamma": 9.482146772378064, "lr": 0.5346790571795887}, "datetime": {"datetime": "2024-06-13 19:54:34", "elapsed": 1.88387, "delta": 0.003989}}
{"target": -271.94140807713285, "params": {"gamma": 1.926367653529729, "lr": 0.7529259149799422}, "datetime": {"datetime": "2024-06-13 19:54:34", "elapsed": 1.886862, "delta": 0.002992}}
{"target": -138.97690403492857, "params": {"gamma": 0.07418237430931014, "lr": 0.32825610365078084}, "datetime": {"datetime": "2024-06-13 19:54:34", "elapsed": 1.890852, "delta": 0.00399}}
{"target": -853.4402433546867, "params": {"gamma": 9.176145870096288, "lr": 0.5883673328938768}, "datetime": {"datetime": "2024-06-13 19:54:34", "elapsed": 1.893844, "delta": 0.002992}}
{"target": -817.9034167806375, "params": {"gamma": 8.55204764875745, "lr": 0.6046720523491877}, "datetime": {"datetime": "2024-06-13 19:54:34", "elapsed": 1.897833, "delta": 0.003989}}
{"target": -1041.1093985635753, "params": {"gamma": 8.225958947086186, "lr": 0.8794835234293169}, "datetime": {"datetime": "2024-06-13 19:54:34", "elapsed": 1.901822, "delta": 0.003989}}
{"target": -452.8822592895099, "params": {"gamma": 3.210542758870008, "lr": 0.12295477155217849}, "datetime": {"datetime": "2024-06-13 19:54:34", "elapsed": 1.904815, "delta": 0.002993}}
{"target": -719.8860003607945, "params": {"gamma": 7.213312138521522, "lr": 0.44034708683123824}, "datetime": {"datetime": "2024-06-13 19:54:34", "elapsed": 1.908803, "delta": 0.003988}}
{"target": -170.14670119232676, "params": {"gamma": 1.268230355710944, "lr": 0.5898236481098892}, "datetime": {"datetime": "2024-06-13 19:54:34", "elapsed": 1.912793, "delta": 0.00399}}
{"target": -119.53510745512773, "params": {"gamma": 0.36164707738402946, "lr": 0.20018211641098693}, "datetime": {"datetime": "2024-06-13 19:54:34", "elapsed": 1.915785, "delta": 0.002992}}
{"target": -1569.2032158126126, "params": {"gamma": 7.883223595490022, "lr": 0.012096760015357866}, "datetime": {"datetime": "2024-06-13 19:54:34", "elapsed": 1.919774, "delta": 0.003989}}
{"target": -610.0210491652094, "params": {"gamma": 3.034153371413982, "lr": 0.021375961088070716}, "datetime": {"datetime": "2024-06-13 19:54:34", "elapsed": 1.923764, "delta": 0.00399}}
{"target": -924.5150642309787, "params": {"gamma": 9.974852442290567, "lr": 0.5820299763434618}, "datetime": {"datetime": "2024-06-13 19:54:34", "elapsed": 1.926756, "delta": 0.002992}}
{"target": -423.89822049422696, "params": {"gamma": 2.93446940858208, "lr": 0.9289494618931157}, "datetime": {"datetime": "2024-06-13 19:54:34", "elapsed": 1.930745, "delta": 0.003989}}
{"target": -494.9276361972018, "params": {"gamma": 5.071687116058498, "lr": 0.4546922275524069}, "datetime": {"datetime": "2024-06-13 19:54:34", "elapsed": 1.933737, "delta": 0.002992}}
{"target": -569.9169492672191, "params": {"gamma": 5.879127191455569, "lr": 0.2641376442105696}, "datetime": {"datetime": "2024-06-13 19:54:34", "elapsed": 1.937727, "delta": 0.00399}}
{"target": -295.86437370884966, "params": {"gamma": 3.0535777051749857, "lr": 0.37165457672418245}, "datetime": {"datetime": "2024-06-13 19:54:34", "elapsed": 1.940718, "delta": 0.002991}}
{"target": -260.3917275825319, "params": {"gamma": 2.4452355457167374, "lr": 0.5845472661166298}, "datetime": {"datetime": "2024-06-13 19:54:34", "elapsed": 1.944708, "delta": 0.00399}}
{"target": -1386.171446302113, "params": {"gamma": 6.958765493189333, "lr": 0.07194722016400112}, "datetime": {"datetime": "2024-06-13 19:54:34", "elapsed": 1.948697, "delta": 0.003989}}
{"target": -1218.0153492344496, "params": {"gamma": 9.710862112935013, "lr": 0.7530706558694549}, "datetime": {"datetime": "2024-06-13 19:54:34", "elapsed": 1.951689, "delta": 0.002992}}
{"target": -1015.2128221440038, "params": {"gamma": 8.061825466371129, "lr": 0.7516404040812905}, "datetime": {"datetime": "2024-06-13 19:54:34", "elapsed": 1.955678, "delta": 0.003989}}
{"target": -135.16381009039657, "params": {"gamma": 0.8015297117349018, "lr": 0.48169628302117706}, "datetime": {"datetime": "2024-06-13 19:54:34", "elapsed": 1.959667, "delta": 0.003989}}
{"target": -504.52542447501713, "params": {"gamma": 4.457283891060159, "lr": 0.6724726505249299}, "datetime": {"datetime": "2024-06-13 19:54:34", "elapsed": 1.96266, "delta": 0.002993}}
{"target": -507.75036327184455, "params": {"gamma": 4.487923850984395, "lr": 0.7043133983839096}, "datetime": {"datetime": "2024-06-13 19:54:34", "elapsed": 1.966649, "delta": 0.003989}}
{"target": -753.8961236406985, "params": {"gamma": 6.816771730688627, "lr": 0.6971485287527562}, "datetime": {"datetime": "2024-06-13 19:54:34", "elapsed": 1.970638, "delta": 0.003989}}
{"target": -745.1020800602836, "params": {"gamma": 6.186388824872803, "lr": 0.15098073327964578}, "datetime": {"datetime": "2024-06-13 19:54:34", "elapsed": 1.97363, "delta": 0.002992}}
{"target": -967.0510319510814, "params": {"gamma": 7.608263760601256, "lr": 0.781045822193957}, "datetime": {"datetime": "2024-06-13 19:54:34", "elapsed": 1.97762, "delta": 0.00399}}
{"target": -907.1949467534853, "params": {"gamma": 9.041125756152136, "lr": 0.23376869260410593}, "datetime": {"datetime": "2024-06-13 19:54:34", "elapsed": 1.981609, "delta": 0.003989}}
{"target": -194.68266052411497, "params": {"gamma": 1.7676122518303419, "lr": 0.3910991231067624}, "datetime": {"datetime": "2024-06-13 19:54:34", "elapsed": 1.984601, "delta": 0.002992}}
{"target": -426.1554269932944, "params": {"gamma": 3.206325975297607, "lr": 0.8154769290056262}, "datetime": {"datetime": "2024-06-13 19:54:34", "elapsed": 1.98859, "delta": 0.003989}}
{"target": -778.4597267475392, "params": {"gamma": 6.135645470784649, "lr": 0.7600017523497489}, "datetime": {"datetime": "2024-06-13 19:54:34", "elapsed": 1.991583, "delta": 0.002993}}
{"target": -780.6283208657754, "params": {"gamma": 4.277223331869946, "lr": 0.09944056291558923}, "datetime": {"datetime": "2024-06-13 19:54:34", "elapsed": 1.995572, "delta": 0.003989}}
{"target": -147.15318349683406, "params": {"gamma": 1.151235085490412, "lr": 0.3734071317371953}, "datetime": {"datetime": "2024-06-13 19:54:34", "elapsed": 1.999565, "delta": 0.003993}}
{"target": -277.2394294292098, "params": {"gamma": 1.939283827327562, "lr": 0.8207464986229382}, "datetime": {"datetime": "2024-06-13 19:54:34", "elapsed": 2.002556, "delta": 0.002991}}
{"target": -667.0856462227754, "params": {"gamma": 5.996760448228745, "lr": 0.688845259018665}, "datetime": {"datetime": "2024-06-13 19:54:34", "elapsed": 2.006546, "delta": 0.00399}}
{"target": -973.5899117259058, "params": {"gamma": 4.911608503081658, "lr": 0.08817368124218106}, "datetime": {"datetime": "2024-06-13 19:54:34", "elapsed": 2.009538, "delta": 0.002992}}
{"target": -247.72310607921665, "params": {"gamma": 2.351541289225017, "lr": 0.461602080891622}, "datetime": {"datetime": "2024-06-13 19:54:34", "elapsed": 2.013527, "delta": 0.003989}}
