{"target": -77.03240342738798, "params": {"p_ai": 4.505063552462051, "p_al": 10.0, "p_ex": 10.0, "prior": 10.0, "rate": 5.233146047261603}, "datetime": {"datetime": "2024-06-12 22:10:44", "elapsed": 754.89685, "delta": 28.589424}}
{"target": -106.05748788610791, "params": {"p_ai": 0.001, "p_al": 0.746975428142185, "p_ex": 3.239512642090221, "prior": 0.5296701409231388, "rate": 6.342763291512817}, "datetime": {"datetime": "2024-06-12 22:11:02", "elapsed": 773.294427, "delta": 18.397577}}
{"target": -73.24648535789316, "params": {"p_ai": 2.8570017137725014, "p_al": 10.0, "p_ex": 10.0, "prior": 10.0, "rate": 10.0}, "datetime": {"datetime": "2024-06-12 22:11:30", "elapsed": 801.43961, "delta": 28.145183}}
