{"target": -676.018222191019, "params": {"gamma": 2.2096624750777165, "lr": 0.2055098610936521}, "datetime": {"datetime": "2024-06-14 01:34:39", "elapsed": 8.094689, "delta": 0.004987}}
{"target": -1147.0559338447829, "params": {"gamma": 5.680077493599765, "lr": 0.6630438231677197}, "datetime": {"datetime": "2024-06-14 01:34:39", "elapsed": 8.099676, "delta": 0.004987}}
{"target": -2537.685563465605, "params": {"gamma": 5.274647786496121, "lr": 0.05634939173447451}, "datetime": {"datetime": "2024-06-14 01:34:39", "elapsed": 8.103665, "delta": 0.003989}}
{"target": -934.8340935648371, "params": {"gamma": 3.6322627869363457, "lr": 0.9677274091080609}, "datetime": {"datetime": "2024-06-14 01:34:39", "elapsed": 8.109649, "delta": 0.005984}}
{"target": -1337.2001564449236, "params": {"gamma": 6.955420242475687, "lr": 0.36973977954151527}, "datetime": {"datetime": "2024-06-14 01:34:39", "elapsed": 8.114636, "delta": 0.004987}}
{"target": -1441.0276661058967, "params": {"gamma": 6.716589859874733, "lr": 0.26510969397346273}, "datetime": {"datetime": "2024-06-14 01:34:39", "elapsed": 8.119622, "delta": 0.004986}}
{"target": -209.12610042721357, "params": {"gamma": 0.7756981624656162, "lr": 0.5280671392556082}, "datetime": {"datetime": "2024-06-14 01:34:39", "elapsed": 8.124609, "delta": 0.004987}}
{"target": -553.4934566650842, "params": {"gamma": 2.8984014893930756, "lr": 0.48165189565416366}, "datetime": {"datetime": "2024-06-14 01:34:39", "elapsed": 8.129596, "delta": 0.004987}}
{"target": -1811.0567951054659, "params": {"gamma": 9.020043950898684, "lr": 0.6517403667487239}, "datetime": {"datetime": "2024-06-14 01:34:39", "elapsed": 8.134582, "delta": 0.004986}}
{"target": -3256.177402034677, "params": {"gamma": 7.233468037123845, "lr": 0.1025865252271354}, "datetime": {"datetime": "2024-06-14 01:34:39", "elapsed": 8.13957, "delta": 0.004988}}
{"target": -873.9614768686647, "params": {"gamma": 4.7971011998412845, "lr": 0.40434189038945745}, "datetime": {"datetime": "2024-06-14 01:34:39", "elapsed": 8.144555, "delta": 0.004985}}
{"target": -1170.1494196970318, "params": {"gamma": 6.468925570274098, "lr": 0.287735134554958}, "datetime": {"datetime": "2024-06-14 01:34:39", "elapsed": 8.149542, "delta": 0.004987}}
{"target": -984.9786675823485, "params": {"gamma": 3.8312640574634482, "lr": 0.981016791950987}, "datetime": {"datetime": "2024-06-14 01:34:39", "elapsed": 8.154529, "delta": 0.004987}}
{"target": -425.3427287209595, "params": {"gamma": 1.1489908672848812, "lr": 0.19990786306137587}, "datetime": {"datetime": "2024-06-14 01:34:39", "elapsed": 8.159516, "delta": 0.004987}}
{"target": -538.3677496863779, "params": {"gamma": 2.3912225972933583, "lr": 0.6966542004402304}, "datetime": {"datetime": "2024-06-14 01:34:39", "elapsed": 8.164502, "delta": 0.004986}}
{"target": -1614.7865114897916, "params": {"gamma": 7.1371672251136955, "lr": 0.7847549365756692}, "datetime": {"datetime": "2024-06-14 01:34:39", "elapsed": 8.169489, "delta": 0.004987}}
{"target": -912.0409780703477, "params": {"gamma": 3.8110627039036813, "lr": 0.8524032876575542}, "datetime": {"datetime": "2024-06-14 01:34:39", "elapsed": 8.174476, "delta": 0.004987}}
{"target": -1544.17170016602, "params": {"gamma": 6.973768049350303, "lr": 0.7132598975767365}, "datetime": {"datetime": "2024-06-14 01:34:39", "elapsed": 8.179463, "delta": 0.004987}}
{"target": -1664.2559748961767, "params": {"gamma": 8.220064454506392, "lr": 0.6289244383408126}, "datetime": {"datetime": "2024-06-14 01:34:39", "elapsed": 8.184449, "delta": 0.004986}}
{"target": -2033.675614627954, "params": {"gamma": 4.2228540008601385, "lr": 0.030798811164673312}, "datetime": {"datetime": "2024-06-14 01:34:39", "elapsed": 8.189436, "delta": 0.004987}}
{"target": -1191.8123079186846, "params": {"gamma": 5.9549611772267355, "lr": 0.5637635695018256}, "datetime": {"datetime": "2024-06-14 01:34:39", "elapsed": 8.194422, "delta": 0.004986}}
{"target": -1080.2324721595614, "params": {"gamma": 6.008479407469643, "lr": 0.3228534686765717}, "datetime": {"datetime": "2024-06-14 01:34:39", "elapsed": 8.199409, "delta": 0.004987}}
{"target": -2111.631221247003, "params": {"gamma": 5.549264886470077, "lr": 0.17165630428408674}, "datetime": {"datetime": "2024-06-14 01:34:39", "elapsed": 8.205395, "delta": 0.005986}}
{"target": -3124.612787403226, "params": {"gamma": 6.49894440266871, "lr": 0.07167347369091615}, "datetime": {"datetime": "2024-06-14 01:34:39", "elapsed": 8.21038, "delta": 0.004985}}
{"target": -2632.9007844988005, "params": {"gamma": 8.750896260863644, "lr": 0.21613795014659942}, "datetime": {"datetime": "2024-06-14 01:34:39", "elapsed": 8.215366, "delta": 0.004986}}
{"target": -736.0122854584338, "params": {"gamma": 2.9391518612119483, "lr": 0.8847369186394346}, "datetime": {"datetime": "2024-06-14 01:34:39", "elapsed": 8.219356, "delta": 0.00399}}
{"target": -2088.7527644942325, "params": {"gamma": 8.836037308166828, "lr": 0.8362672161514131}, "datetime": {"datetime": "2024-06-14 01:34:39", "elapsed": 8.253265, "delta": 0.033909}}
{"target": -827.6873635558467, "params": {"gamma": 3.2700292334455643, "lr": 0.9023446392045666}, "datetime": {"datetime": "2024-06-14 01:34:39", "elapsed": 8.258252, "delta": 0.004987}}
{"target": -1552.123621005251, "params": {"gamma": 7.718251155453087, "lr": 0.6580829809857549}, "datetime": {"datetime": "2024-06-14 01:34:39", "elapsed": 8.263238, "delta": 0.004986}}
{"target": -2031.5623454142055, "params": {"gamma": 8.99813093515086, "lr": 0.7831314722628366}, "datetime": {"datetime": "2024-06-14 01:34:39", "elapsed": 8.268225, "delta": 0.004987}}
{"target": -774.2327236023326, "params": {"gamma": 4.2480703423217, "lr": 0.32425522412708885}, "datetime": {"datetime": "2024-06-14 01:34:39", "elapsed": 8.273212, "delta": 0.004987}}
{"target": -1897.9176220033605, "params": {"gamma": 3.9393874995637357, "lr": 0.06141215405816436}, "datetime": {"datetime": "2024-06-14 01:34:39", "elapsed": 8.278198, "delta": 0.004986}}
{"target": -728.8464622464511, "params": {"gamma": 3.634945499368943, "lr": 0.3530436858449395}, "datetime": {"datetime": "2024-06-14 01:34:39", "elapsed": 8.283185, "delta": 0.004987}}
{"target": -2127.504311803195, "params": {"gamma": 8.656379251086715, "lr": 0.8887000495302622}, "datetime": {"datetime": "2024-06-14 01:34:39", "elapsed": 8.288172, "delta": 0.004987}}
{"target": -1711.7999641021136, "params": {"gamma": 9.630557816537218, "lr": 0.32819924761463426}, "datetime": {"datetime": "2024-06-14 01:34:39", "elapsed": 8.293159, "delta": 0.004987}}
{"target": -1406.4913718821629, "params": {"gamma": 6.933508237753853, "lr": 0.6330662678957141}, "datetime": {"datetime": "2024-06-14 01:34:39", "elapsed": 8.298145, "delta": 0.004986}}
{"target": -610.0905366552969, "params": {"gamma": 2.425195012153892, "lr": 0.8699876263426785}, "datetime": {"datetime": "2024-06-14 01:34:39", "elapsed": 8.303132, "delta": 0.004987}}
{"target": -493.13194258644126, "params": {"gamma": 2.1418050557805293, "lr": 0.7477140026507801}, "datetime": {"datetime": "2024-06-14 01:34:39", "elapsed": 8.308118, "delta": 0.004986}}
{"target": -669.3436615385798, "params": {"gamma": 1.4474946912067754, "lr": 0.10681965623961165}, "datetime": {"datetime": "2024-06-14 01:34:39", "elapsed": 8.313105, "delta": 0.004987}}
{"target": -1444.6435781419157, "params": {"gamma": 7.20350177902532, "lr": 0.5263181160447106}, "datetime": {"datetime": "2024-06-14 01:34:39", "elapsed": 8.318092, "delta": 0.004987}}
{"target": -1009.050155603465, "params": {"gamma": 4.429715397531216, "lr": 0.7781805677545706}, "datetime": {"datetime": "2024-06-14 01:34:39", "elapsed": 8.323079, "delta": 0.004987}}
{"target": -860.0843101493298, "params": {"gamma": 3.588074784629776, "lr": 0.8533495985139066}, "datetime": {"datetime": "2024-06-14 01:34:39", "elapsed": 8.327068, "delta": 0.003989}}
{"target": -2450.9678217852784, "params": {"gamma": 9.62176279907113, "lr": 0.97912549357449}, "datetime": {"datetime": "2024-06-14 01:34:39", "elapsed": 8.332693, "delta": 0.005625}}
{"target": -522.0296415286342, "params": {"gamma": 2.777002394800293, "lr": 0.4150070363847951}, "datetime": {"datetime": "2024-06-14 01:34:39", "elapsed": 8.337679, "delta": 0.004986}}
{"target": -1808.5921080187584, "params": {"gamma": 7.250373833289235, "lr": 0.8948659340129544}, "datetime": {"datetime": "2024-06-14 01:34:39", "elapsed": 8.342666, "delta": 0.004987}}
{"target": -1598.8232866735375, "params": {"gamma": 7.113399789936541, "lr": 0.7581322827790503}, "datetime": {"datetime": "2024-06-14 01:34:39", "elapsed": 8.347653, "delta": 0.004987}}
{"target": -1691.9991929114499, "params": {"gamma": 8.83415311602575, "lr": 0.3669482381501168}, "datetime": {"datetime": "2024-06-14 01:34:39", "elapsed": 8.352639, "delta": 0.004986}}
{"target": -1093.2529737279165, "params": {"gamma": 5.425906871529926, "lr": 0.5347699755827457}, "datetime": {"datetime": "2024-06-14 01:34:39", "elapsed": 8.356629, "delta": 0.00399}}
{"target": -1617.1177775239084, "params": {"gamma": 6.4761782194627475, "lr": 0.8951838797241277}, "datetime": {"datetime": "2024-06-14 01:34:39", "elapsed": 8.361615, "delta": 0.004986}}
{"target": -1535.466119175941, "params": {"gamma": 6.00867393378521, "lr": 0.9699385377160038}, "datetime": {"datetime": "2024-06-14 01:34:39", "elapsed": 8.366602, "delta": 0.004987}}
{"target": -1317.3272776357721, "params": {"gamma": 7.3216234120977175, "lr": 0.41529149155458245}, "datetime": {"datetime": "2024-06-14 01:34:39", "elapsed": 8.371589, "delta": 0.004987}}
{"target": -1485.619604887625, "params": {"gamma": 5.81180346318073, "lr": 0.9223207824170438}, "datetime": {"datetime": "2024-06-14 01:34:39", "elapsed": 8.377124, "delta": 0.005535}}
{"target": -1371.2802110349671, "params": {"gamma": 6.185385338885807, "lr": 0.709928603418362}, "datetime": {"datetime": "2024-06-14 01:34:39", "elapsed": 8.38211, "delta": 0.004986}}
{"target": -1302.3814696530208, "params": {"gamma": 6.613259028912707, "lr": 0.33614643889956264}, "datetime": {"datetime": "2024-06-14 01:34:39", "elapsed": 8.387097, "delta": 0.004987}}
{"target": -395.31909169618524, "params": {"gamma": 2.0341452163718596, "lr": 0.4078129626004203}, "datetime": {"datetime": "2024-06-14 01:34:39", "elapsed": 8.392085, "delta": 0.004988}}
{"target": -377.26510786347654, "params": {"gamma": 1.5085472915112057, "lr": 0.8263335477210154}, "datetime": {"datetime": "2024-06-14 01:34:39", "elapsed": 8.397071, "delta": 0.004986}}
{"target": -1279.2203617941793, "params": {"gamma": 7.104895674394641, "lr": 0.4010561894105159}, "datetime": {"datetime": "2024-06-14 01:34:39", "elapsed": 8.402057, "delta": 0.004986}}
{"target": -444.0590537628298, "params": {"gamma": 1.7146555781871196, "lr": 0.8757993398860495}, "datetime": {"datetime": "2024-06-14 01:34:39", "elapsed": 8.407044, "delta": 0.004987}}
{"target": -1632.2889212927805, "params": {"gamma": 6.3909999964742354, "lr": 0.9966028199815464}, "datetime": {"datetime": "2024-06-14 01:34:39", "elapsed": 8.41203, "delta": 0.004986}}
{"target": -303.525433676067, "params": {"gamma": 1.0118777980878546, "lr": 0.24484835913226244}, "datetime": {"datetime": "2024-06-14 01:34:39", "elapsed": 8.417017, "delta": 0.004987}}
{"target": -230.96655661885123, "params": {"gamma": 0.8374656866964549, "lr": 0.7447417757596947}, "datetime": {"datetime": "2024-06-14 01:34:39", "elapsed": 8.422004, "delta": 0.004987}}
{"target": -416.51935688970303, "params": {"gamma": 1.5965935192609664, "lr": 0.8816595339350156}, "datetime": {"datetime": "2024-06-14 01:34:39", "elapsed": 8.426991, "delta": 0.004987}}
{"target": -992.4837274727325, "params": {"gamma": 4.915303785862436, "lr": 0.526169262668513}, "datetime": {"datetime": "2024-06-14 01:34:39", "elapsed": 8.431977, "delta": 0.004986}}
{"target": -162.87372907093913, "params": {"gamma": 0.42616036762125126, "lr": 0.614053635731627}, "datetime": {"datetime": "2024-06-14 01:34:39", "elapsed": 8.435966, "delta": 0.003989}}
{"target": -695.8081974447375, "params": {"gamma": 2.2769202761615777, "lr": 0.2135040893470156}, "datetime": {"datetime": "2024-06-14 01:34:39", "elapsed": 8.44195, "delta": 0.005984}}
{"target": -2199.9362917636154, "params": {"gamma": 8.953290370672992, "lr": 0.8880133489969917}, "datetime": {"datetime": "2024-06-14 01:34:39", "elapsed": 8.44594, "delta": 0.00399}}
{"target": -145.9802216680792, "params": {"gamma": 0.05364657807886874, "lr": 0.832303959586102}, "datetime": {"datetime": "2024-06-14 01:34:39", "elapsed": 8.450927, "delta": 0.004987}}
{"target": -1804.7182236838846, "params": {"gamma": 9.02308610135554, "lr": 0.5119476580924737}, "datetime": {"datetime": "2024-06-14 01:34:39", "elapsed": 8.456911, "delta": 0.005984}}
{"target": -1476.2174528118517, "params": {"gamma": 6.56208200669582, "lr": 0.7677856839334473}, "datetime": {"datetime": "2024-06-14 01:34:39", "elapsed": 8.461897, "delta": 0.004986}}
{"target": -1265.3276591985086, "params": {"gamma": 6.854714307550932, "lr": 0.45911641964267924}, "datetime": {"datetime": "2024-06-14 01:34:39", "elapsed": 8.465886, "delta": 0.003989}}
{"target": -1167.8285593136561, "params": {"gamma": 5.7349488675951, "lr": 0.5740594317304389}, "datetime": {"datetime": "2024-06-14 01:34:39", "elapsed": 8.470873, "delta": 0.004987}}
{"target": -2240.709451632116, "params": {"gamma": 8.421463069722522, "lr": 0.24044170761914385}, "datetime": {"datetime": "2024-06-14 01:34:39", "elapsed": 8.47586, "delta": 0.004987}}
{"target": -1744.9243253060702, "params": {"gamma": 7.572507436190774, "lr": 0.8123371097183338}, "datetime": {"datetime": "2024-06-14 01:34:39", "elapsed": 8.480847, "delta": 0.004987}}
{"target": -1835.858532357736, "params": {"gamma": 7.970526579088603, "lr": 0.8077078189919843}, "datetime": {"datetime": "2024-06-14 01:34:39", "elapsed": 8.485833, "delta": 0.004986}}
{"target": -1488.1633664324336, "params": {"gamma": 8.292970943843157, "lr": 0.4175157513022394}, "datetime": {"datetime": "2024-06-14 01:34:39", "elapsed": 8.491696, "delta": 0.005863}}
{"target": -1391.0978218327357, "params": {"gamma": 6.179249469269826, "lr": 0.7552455161468585}, "datetime": {"datetime": "2024-06-14 01:34:39", "elapsed": 8.496681, "delta": 0.004985}}
{"target": -1963.3839791933524, "params": {"gamma": 7.697885927847493, "lr": 0.9586046229255358}, "datetime": {"datetime": "2024-06-14 01:34:39", "elapsed": 8.501668, "delta": 0.004987}}
{"target": -1939.0112363098162, "params": {"gamma": 9.750777680644457, "lr": 0.5647345919090407}, "datetime": {"datetime": "2024-06-14 01:34:39", "elapsed": 8.507653, "delta": 0.005985}}
{"target": -1109.8164542269665, "params": {"gamma": 4.657924948350314, "lr": 0.8355253266864215}, "datetime": {"datetime": "2024-06-14 01:34:39", "elapsed": 8.512639, "delta": 0.004986}}
{"target": -512.2138854267473, "params": {"gamma": 2.2003892786426134, "lr": 0.7663980894608939}, "datetime": {"datetime": "2024-06-14 01:34:39", "elapsed": 8.517625, "delta": 0.004986}}
{"target": -413.10172966798893, "params": {"gamma": 1.920923979668611, "lr": 0.5916275659530674}, "datetime": {"datetime": "2024-06-14 01:34:39", "elapsed": 8.522614, "delta": 0.004989}}
{"target": -1126.7584283940935, "params": {"gamma": 6.068707734799046, "lr": 0.44184380280217683}, "datetime": {"datetime": "2024-06-14 01:34:39", "elapsed": 8.527599, "delta": 0.004985}}
{"target": -1730.0114739079963, "params": {"gamma": 8.645641977427168, "lr": 0.5434821861417696}, "datetime": {"datetime": "2024-06-14 01:34:39", "elapsed": 8.532585, "delta": 0.004986}}
{"target": -896.8703413454339, "params": {"gamma": 4.927804379534841, "lr": 0.4181256356700572}, "datetime": {"datetime": "2024-06-14 01:34:39", "elapsed": 8.537572, "delta": 0.004987}}
{"target": -189.7686400709736, "params": {"gamma": 0.6231896086801356, "lr": 0.3621494599268943}, "datetime": {"datetime": "2024-06-14 01:34:39", "elapsed": 8.542559, "delta": 0.004987}}
{"target": -232.4522998979341, "params": {"gamma": 0.9290607665831948, "lr": 0.5656384996760548}, "datetime": {"datetime": "2024-06-14 01:34:39", "elapsed": 8.547545, "delta": 0.004986}}
{"target": -1441.3730749314193, "params": {"gamma": 6.4053758139443495, "lr": 0.7677822626181597}, "datetime": {"datetime": "2024-06-14 01:34:39", "elapsed": 8.552532, "delta": 0.004987}}
{"target": -2206.1832485092095, "params": {"gamma": 6.325720028185084, "lr": 0.1870607551754626}, "datetime": {"datetime": "2024-06-14 01:34:39", "elapsed": 8.557519, "delta": 0.004987}}
{"target": -1496.3309532482904, "params": {"gamma": 7.502689263840385, "lr": 0.5488594004307864}, "datetime": {"datetime": "2024-06-14 01:34:39", "elapsed": 8.562505, "delta": 0.004986}}
{"target": -514.434295103145, "params": {"gamma": 1.0226014229845646, "lr": 0.024827029187908023}, "datetime": {"datetime": "2024-06-14 01:34:39", "elapsed": 8.567492, "delta": 0.004987}}
{"target": -664.8862662975478, "params": {"gamma": 2.988163177641064, "lr": 0.6900150292649251}, "datetime": {"datetime": "2024-06-14 01:34:39", "elapsed": 8.572479, "delta": 0.004987}}
{"target": -2376.4975596066784, "params": {"gamma": 9.327950716090912, "lr": 0.9664972006802195}, "datetime": {"datetime": "2024-06-14 01:34:39", "elapsed": 8.577465, "delta": 0.004986}}
{"target": -1377.0567741649022, "params": {"gamma": 7.645716345257133, "lr": 0.2932491857068945}, "datetime": {"datetime": "2024-06-14 01:34:39", "elapsed": 8.582452, "delta": 0.004987}}
{"target": -1657.6927699111664, "params": {"gamma": 6.2210691836043965, "lr": 0.23109612753682562}, "datetime": {"datetime": "2024-06-14 01:34:39", "elapsed": 8.587439, "delta": 0.004987}}
{"target": -2776.5221656896215, "params": {"gamma": 7.507153026145066, "lr": 0.16586702947952792}, "datetime": {"datetime": "2024-06-14 01:34:39", "elapsed": 8.592426, "delta": 0.004987}}
{"target": -1853.7093160933684, "params": {"gamma": 7.564947384855503, "lr": 0.8685889989304815}, "datetime": {"datetime": "2024-06-14 01:34:39", "elapsed": 8.597412, "delta": 0.004986}}
{"target": -2499.7696608468855, "params": {"gamma": 5.195544029510985, "lr": 0.06563483825850425}, "datetime": {"datetime": "2024-06-14 01:34:39", "elapsed": 8.602399, "delta": 0.004987}}
{"target": -1070.4330098941716, "params": {"gamma": 4.4894713154372115, "lr": 0.8378286113798175}, "datetime": {"datetime": "2024-06-14 01:34:39", "elapsed": 8.607386, "delta": 0.004987}}
{"target": -876.6266916249463, "params": {"gamma": 1.7983467816471097, "lr": 0.03855906126279496}, "datetime": {"datetime": "2024-06-14 01:34:39", "elapsed": 8.612373, "delta": 0.004987}}
{"target": -1461.7885798281568, "params": {"gamma": 7.327203051217345, "lr": 0.5630407235733951}, "datetime": {"datetime": "2024-06-14 01:34:39", "elapsed": 8.618357, "delta": 0.005984}}
{"target": -173.0614407821414, "params": {"gamma": 0.42156420386587773, "lr": 0.9848852640583016}, "datetime": {"datetime": "2024-06-14 01:34:39", "elapsed": 8.623343, "delta": 0.004986}}
{"target": -1159.5853318670165, "params": {"gamma": 5.693754542449788, "lr": 0.585156672962654}, "datetime": {"datetime": "2024-06-14 01:34:39", "elapsed": 8.62833, "delta": 0.004987}}
{"target": -1973.0495539699975, "params": {"gamma": 7.899276512022575, "lr": 0.9026346706863088}, "datetime": {"datetime": "2024-06-14 01:34:39", "elapsed": 8.633317, "delta": 0.004987}}
{"target": -187.85067160266533, "params": {"gamma": 0.6084466125606112, "lr": 0.34851320938881547}, "datetime": {"datetime": "2024-06-14 01:34:39", "elapsed": 8.639301, "delta": 0.005984}}
{"target": -396.358911581519, "params": {"gamma": 2.001718538820858, "lr": 0.4651515316549586}, "datetime": {"datetime": "2024-06-14 01:34:39", "elapsed": 8.644288, "delta": 0.004987}}
{"target": -465.8981873111218, "params": {"gamma": 0.9155879517141836, "lr": 0.06808577423972362}, "datetime": {"datetime": "2024-06-14 01:34:39", "elapsed": 8.649305, "delta": 0.005017}}
{"target": -763.7204435377274, "params": {"gamma": 3.009593441869708, "lr": 0.9043452577718513}, "datetime": {"datetime": "2024-06-14 01:34:39", "elapsed": 8.65429, "delta": 0.004985}}
{"target": -2186.561684163474, "params": {"gamma": 9.755444236897075, "lr": 0.7637200317833946}, "datetime": {"datetime": "2024-06-14 01:34:39", "elapsed": 8.660275, "delta": 0.005985}}
{"target": -148.45045286305617, "params": {"gamma": 0.008408388692528457, "lr": 0.735215554236234}, "datetime": {"datetime": "2024-06-14 01:34:39", "elapsed": 8.665231, "delta": 0.004956}}
{"target": -175.45960308865781, "params": {"gamma": 0.22090310734026275, "lr": 0.16856568225506097}, "datetime": {"datetime": "2024-06-14 01:34:39", "elapsed": 8.670218, "delta": 0.004987}}
{"target": -158.03092986957645, "params": {"gamma": 0.10612956883701744, "lr": 0.1491269987672621}, "datetime": {"datetime": "2024-06-14 01:34:39", "elapsed": 8.675204, "delta": 0.004986}}
{"target": -1522.5883680401505, "params": {"gamma": 6.87536774608507, "lr": 0.7020168753413566}, "datetime": {"datetime": "2024-06-14 01:34:39", "elapsed": 8.680191, "delta": 0.004987}}
{"target": -831.4989359073788, "params": {"gamma": 3.7114029888119466, "lr": 0.7311908242003646}, "datetime": {"datetime": "2024-06-14 01:34:39", "elapsed": 8.685178, "delta": 0.004987}}
{"target": -3026.7103955412726, "params": {"gamma": 8.47319475004096, "lr": 0.13035751444155008}, "datetime": {"datetime": "2024-06-14 01:34:39", "elapsed": 8.690165, "delta": 0.004987}}
{"target": -222.4565353371825, "params": {"gamma": 0.8749857543012785, "lr": 0.37192145651390274}, "datetime": {"datetime": "2024-06-14 01:34:39", "elapsed": 8.695151, "delta": 0.004986}}
{"target": -871.4318735773963, "params": {"gamma": 4.039432491874189, "lr": 0.27640421986037034}, "datetime": {"datetime": "2024-06-14 01:34:39", "elapsed": 8.700138, "delta": 0.004987}}
{"target": -1347.490002318181, "params": {"gamma": 7.5419276912585245, "lr": 0.32178620055239215}, "datetime": {"datetime": "2024-06-14 01:34:39", "elapsed": 8.705124, "delta": 0.004986}}
