{"target": -253.03479815728423, "params": {"gamma": 1.0947197590216522, "lr": 0.673041054216622}, "datetime": {"datetime": "2024-06-13 18:28:19", "elapsed": 1.68952, "delta": 0.00399}}
{"target": -1098.7792090685032, "params": {"gamma": 4.999823778620901, "lr": 0.777098229275783}, "datetime": {"datetime": "2024-06-13 18:28:19", "elapsed": 1.692512, "delta": 0.002992}}
{"target": -572.8460230486529, "params": {"gamma": 1.4369263717442184, "lr": 0.08320263643587555}, "datetime": {"datetime": "2024-06-13 18:28:19", "elapsed": 1.696504, "delta": 0.003992}}
{"target": -890.9249056885302, "params": {"gamma": 3.9927868349191855, "lr": 0.7969622519799001}, "datetime": {"datetime": "2024-06-13 18:28:19", "elapsed": 1.700493, "delta": 0.003989}}
{"target": -437.06134234531777, "params": {"gamma": 1.917565713359991, "lr": 0.767777192147274}, "datetime": {"datetime": "2024-06-13 18:28:19", "elapsed": 1.704587, "delta": 0.004094}}
{"target": -524.2092120672262, "params": {"gamma": 2.90368967262162, "lr": 0.21689148761179533}, "datetime": {"datetime": "2024-06-13 18:28:19", "elapsed": 1.70758, "delta": 0.002993}}
{"target": -140.70383002698105, "params": {"gamma": 0.1681391751809873, "lr": 0.3986590599223787}, "datetime": {"datetime": "2024-06-13 18:28:19", "elapsed": 1.71157, "delta": 0.00399}}
{"target": -695.728270775859, "params": {"gamma": 3.8114338314432303, "lr": 0.6593449361953647}, "datetime": {"datetime": "2024-06-13 18:28:19", "elapsed": 1.715559, "delta": 0.003989}}
{"target": -198.02290003023546, "params": {"gamma": 0.7101130863034019, "lr": 0.15260398704227185}, "datetime": {"datetime": "2024-06-13 18:28:19", "elapsed": 1.719549, "delta": 0.00399}}
{"target": -156.7348401337668, "params": {"gamma": 0.16674225312644053, "lr": 0.11379635644740682}, "datetime": {"datetime": "2024-06-13 18:28:19", "elapsed": 1.723538, "delta": 0.003989}}
{"target": -924.4437852786785, "params": {"gamma": 6.518240970824895, "lr": 0.4026568521749192}, "datetime": {"datetime": "2024-06-13 18:28:19", "elapsed": 1.72702, "delta": 0.003482}}
{"target": -553.2682110103688, "params": {"gamma": 3.2109421153589914, "lr": 0.5579119942437725}, "datetime": {"datetime": "2024-06-13 18:28:19", "elapsed": 1.731009, "delta": 0.003989}}
{"target": -2373.376373455182, "params": {"gamma": 9.9346111705354, "lr": 0.8344865140180296}, "datetime": {"datetime": "2024-06-13 18:28:19", "elapsed": 1.734002, "delta": 0.002993}}
{"target": -1848.675458370705, "params": {"gamma": 6.99653220081344, "lr": 0.9182585891320579}, "datetime": {"datetime": "2024-06-13 18:28:19", "elapsed": 1.737991, "delta": 0.003989}}
{"target": -223.75344898189374, "params": {"gamma": 0.3982473381241651, "lr": 0.07033344161552524}, "datetime": {"datetime": "2024-06-13 18:28:19", "elapsed": 1.74198, "delta": 0.003989}}
{"target": -686.2207981502221, "params": {"gamma": 4.740588893590559, "lr": 0.3491674129570773}, "datetime": {"datetime": "2024-06-13 18:28:19", "elapsed": 1.745969, "delta": 0.003989}}
{"target": -1317.5704174704063, "params": {"gamma": 9.37258336922236, "lr": 0.48956496114516856}, "datetime": {"datetime": "2024-06-13 18:28:19", "elapsed": 1.748962, "delta": 0.002993}}
{"target": -1397.2158766534583, "params": {"gamma": 5.396951451823413, "lr": 0.8952603657312208}, "datetime": {"datetime": "2024-06-13 18:28:19", "elapsed": 1.752951, "delta": 0.003989}}
{"target": -1143.7187885707697, "params": {"gamma": 4.466903823191082, "lr": 0.8770343892703519}, "datetime": {"datetime": "2024-06-13 18:28:19", "elapsed": 1.75694, "delta": 0.003989}}
{"target": -345.59395994526136, "params": {"gamma": 2.536563911966912, "lr": 0.27380970415810857}, "datetime": {"datetime": "2024-06-13 18:28:19", "elapsed": 1.760929, "delta": 0.003989}}
{"target": -547.8807652236716, "params": {"gamma": 3.284285539485814, "lr": 0.5475642704809535}, "datetime": {"datetime": "2024-06-13 18:28:19", "elapsed": 1.763922, "delta": 0.002993}}
{"target": -460.55569630013196, "params": {"gamma": 2.2020666115957854, "lr": 0.6714291710812733}, "datetime": {"datetime": "2024-06-13 18:28:19", "elapsed": 1.767911, "delta": 0.003989}}
{"target": -541.361926088187, "params": {"gamma": 1.4287900347472011, "lr": 0.09410027449963942}, "datetime": {"datetime": "2024-06-13 18:28:19", "elapsed": 1.7719, "delta": 0.003989}}
{"target": -1256.199688164755, "params": {"gamma": 8.70204727030757, "lr": 0.23686870355699852}, "datetime": {"datetime": "2024-06-13 18:28:19", "elapsed": 1.77589, "delta": 0.00399}}
{"target": -688.5394012498923, "params": {"gamma": 3.8606541062149327, "lr": 0.5715420927253323}, "datetime": {"datetime": "2024-06-13 18:28:19", "elapsed": 1.778882, "delta": 0.002992}}
{"target": -1957.7070745189717, "params": {"gamma": 5.258493897544749, "lr": 0.07602387944210687}, "datetime": {"datetime": "2024-06-13 18:28:19", "elapsed": 1.782871, "delta": 0.003989}}
{"target": -2307.408036201611, "params": {"gamma": 8.741385230044685, "lr": 0.9511356184186921}, "datetime": {"datetime": "2024-06-13 18:28:19", "elapsed": 1.78686, "delta": 0.003989}}
{"target": -1007.7744059606706, "params": {"gamma": 8.125260534442543, "lr": 0.2838018349468743}, "datetime": {"datetime": "2024-06-13 18:28:19", "elapsed": 1.790849, "delta": 0.003989}}
{"target": -761.2691666509853, "params": {"gamma": 5.278940114383477, "lr": 0.3394167240176095}, "datetime": {"datetime": "2024-06-13 18:28:19", "elapsed": 1.793842, "delta": 0.002993}}
{"target": -1467.8288575771085, "params": {"gamma": 5.54711844056588, "lr": 0.9744034689130026}, "datetime": {"datetime": "2024-06-13 18:28:19", "elapsed": 1.797831, "delta": 0.003989}}
{"target": -639.7415500468701, "params": {"gamma": 3.1177174742720952, "lr": 0.6687966059228697}, "datetime": {"datetime": "2024-06-13 18:28:19", "elapsed": 1.80182, "delta": 0.003989}}
{"target": -723.043097758394, "params": {"gamma": 3.26034610588255, "lr": 0.7744772660150796}, "datetime": {"datetime": "2024-06-13 18:28:19", "elapsed": 1.805809, "delta": 0.003989}}
{"target": -849.5838208120775, "params": {"gamma": 3.258773856165435, "lr": 0.889827341447375}, "datetime": {"datetime": "2024-06-13 18:28:19", "elapsed": 1.808801, "delta": 0.002992}}
{"target": -1644.5648583379254, "params": {"gamma": 7.51732550147175, "lr": 0.7626320954451107}, "datetime": {"datetime": "2024-06-13 18:28:19", "elapsed": 1.812791, "delta": 0.00399}}
{"target": -827.3103631979577, "params": {"gamma": 4.695320806570698, "lr": 0.21076450246870537}, "datetime": {"datetime": "2024-06-13 18:28:19", "elapsed": 1.816781, "delta": 0.00399}}
{"target": -145.28952628000096, "params": {"gamma": 0.4157093206854123, "lr": 0.3218287999702445}, "datetime": {"datetime": "2024-06-13 18:28:19", "elapsed": 1.82077, "delta": 0.003989}}
{"target": -147.38068670940123, "params": {"gamma": 0.3720895322754502, "lr": 0.6938554113738997}, "datetime": {"datetime": "2024-06-13 18:28:19", "elapsed": 1.823762, "delta": 0.002992}}
{"target": -972.315844142684, "params": {"gamma": 6.703829969329749, "lr": 0.430471782744975}, "datetime": {"datetime": "2024-06-13 18:28:19", "elapsed": 1.827751, "delta": 0.003989}}
{"target": -1243.9621804984868, "params": {"gamma": 7.678121987604072, "lr": 0.5360084947395637}, "datetime": {"datetime": "2024-06-13 18:28:19", "elapsed": 1.83174, "delta": 0.003989}}
{"target": -176.09856169527865, "params": {"gamma": 0.3995594064278903, "lr": 0.13479311796067905}, "datetime": {"datetime": "2024-06-13 18:28:19", "elapsed": 1.83573, "delta": 0.00399}}
{"target": -302.5631684045463, "params": {"gamma": 1.9349705737501688, "lr": 0.3356638011646498}, "datetime": {"datetime": "2024-06-13 18:28:19", "elapsed": 1.838722, "delta": 0.002992}}
{"target": -156.03092139542758, "params": {"gamma": 0.52407715142833, "lr": 0.6051167805003662}, "datetime": {"datetime": "2024-06-13 18:28:19", "elapsed": 1.842711, "delta": 0.003989}}
{"target": -913.6785971722084, "params": {"gamma": 5.121098214211664, "lr": 0.6174610120171561}, "datetime": {"datetime": "2024-06-13 18:28:19", "elapsed": 1.8467, "delta": 0.003989}}
{"target": -1041.9586270254722, "params": {"gamma": 4.324123592048677, "lr": 0.8477004682374377}, "datetime": {"datetime": "2024-06-13 18:28:19", "elapsed": 1.85069, "delta": 0.00399}}
{"target": -1696.1158834516857, "params": {"gamma": 4.541136501535455, "lr": 0.015403519791920894}, "datetime": {"datetime": "2024-06-13 18:28:19", "elapsed": 1.854679, "delta": 0.003989}}
{"target": -1571.7395707333349, "params": {"gamma": 8.730808416322548, "lr": 0.6562015477440989}, "datetime": {"datetime": "2024-06-13 18:28:19", "elapsed": 1.857671, "delta": 0.002992}}
{"target": -2173.000944238939, "params": {"gamma": 8.23020740344406, "lr": 0.9517756930338517}, "datetime": {"datetime": "2024-06-13 18:28:19", "elapsed": 1.86166, "delta": 0.003989}}
{"target": -156.16615486359322, "params": {"gamma": 0.5100729227853552, "lr": 0.23507186409101455}, "datetime": {"datetime": "2024-06-13 18:28:19", "elapsed": 1.865649, "delta": 0.003989}}
{"target": -154.987695502664, "params": {"gamma": 0.6343710911199417, "lr": 0.4216578860324509}, "datetime": {"datetime": "2024-06-13 18:28:19", "elapsed": 1.869639, "delta": 0.00399}}
{"target": -3191.157150293704, "params": {"gamma": 8.638427625869019, "lr": 0.0816239827150681}, "datetime": {"datetime": "2024-06-13 18:28:19", "elapsed": 1.872631, "delta": 0.002992}}
{"target": -1121.424597202875, "params": {"gamma": 4.7316464169059, "lr": 0.12554310980872363}, "datetime": {"datetime": "2024-06-13 18:28:19", "elapsed": 1.87662, "delta": 0.003989}}
{"target": -1849.6597433963134, "params": {"gamma": 7.729083136069011, "lr": 0.8414221567958434}, "datetime": {"datetime": "2024-06-13 18:28:19", "elapsed": 1.88061, "delta": 0.00399}}
{"target": -141.87185304544298, "params": {"gamma": 0.4338660909233998, "lr": 0.48644074317039476}, "datetime": {"datetime": "2024-06-13 18:28:19", "elapsed": 1.884599, "delta": 0.003989}}
{"target": -643.6779963176908, "params": {"gamma": 2.3948710303334217, "lr": 0.9524737816932592}, "datetime": {"datetime": "2024-06-13 18:28:19", "elapsed": 1.888588, "delta": 0.003989}}
{"target": -1670.5052244164563, "params": {"gamma": 9.438982385210178, "lr": 0.6139340023847009}, "datetime": {"datetime": "2024-06-13 18:28:19", "elapsed": 1.89158, "delta": 0.002992}}
{"target": -1384.430118312208, "params": {"gamma": 9.734900485854638, "lr": 0.344861343716251}, "datetime": {"datetime": "2024-06-13 18:28:19", "elapsed": 1.895569, "delta": 0.003989}}
{"target": -1295.1373582104563, "params": {"gamma": 8.97860932595915, "lr": 0.4345949734085095}, "datetime": {"datetime": "2024-06-13 18:28:19", "elapsed": 1.899559, "delta": 0.00399}}
{"target": -634.3870580226941, "params": {"gamma": 2.35891055683799, "lr": 0.9408279632013994}, "datetime": {"datetime": "2024-06-13 18:28:19", "elapsed": 1.903548, "delta": 0.003989}}
{"target": -2535.6822574358816, "params": {"gamma": 6.842496291781293, "lr": 0.06491158533912933}, "datetime": {"datetime": "2024-06-13 18:28:19", "elapsed": 1.907111, "delta": 0.003563}}
{"target": -1781.578090970794, "params": {"gamma": 8.704378143373837, "lr": 0.7013802946333463}, "datetime": {"datetime": "2024-06-13 18:28:19", "elapsed": 1.9111, "delta": 0.003989}}
{"target": -1264.7942763470019, "params": {"gamma": 6.049663802869843, "lr": 0.7323748991793305}, "datetime": {"datetime": "2024-06-13 18:28:19", "elapsed": 1.915089, "delta": 0.003989}}
{"target": -465.01849019891364, "params": {"gamma": 2.535136985955308, "lr": 0.6004889552745444}, "datetime": {"datetime": "2024-06-13 18:28:19", "elapsed": 1.919079, "delta": 0.00399}}
{"target": -3011.5638094047513, "params": {"gamma": 8.146377193435292, "lr": 0.05411366032399989}, "datetime": {"datetime": "2024-06-13 18:28:19", "elapsed": 1.922071, "delta": 0.002992}}
{"target": -338.20327993626074, "params": {"gamma": 1.3059762027213204, "lr": 0.8424458099564136}, "datetime": {"datetime": "2024-06-13 18:28:19", "elapsed": 1.92606, "delta": 0.003989}}
{"target": -1005.1613015291999, "params": {"gamma": 6.183840347409528, "lr": 0.531287810481058}, "datetime": {"datetime": "2024-06-13 18:28:19", "elapsed": 1.93005, "delta": 0.00399}}
{"target": -311.1145461714268, "params": {"gamma": 2.483658999241989, "lr": 0.2950785752494959}, "datetime": {"datetime": "2024-06-13 18:28:19", "elapsed": 1.934039, "delta": 0.003989}}
{"target": -1231.1837874267794, "params": {"gamma": 8.726988963029699, "lr": 0.42166593484970927}, "datetime": {"datetime": "2024-06-13 18:28:19", "elapsed": 1.938028, "delta": 0.003989}}
{"target": -209.18061758102334, "params": {"gamma": 0.6452381255404884, "lr": 0.8969850695075825}, "datetime": {"datetime": "2024-06-13 18:28:19", "elapsed": 1.942017, "delta": 0.003989}}
{"target": -483.1171631812009, "params": {"gamma": 2.0346049474076864, "lr": 0.8262275354923914}, "datetime": {"datetime": "2024-06-13 18:28:19", "elapsed": 1.94501, "delta": 0.002993}}
{"target": -1240.7570948146183, "params": {"gamma": 8.81782446020499, "lr": 0.48675074481833813}, "datetime": {"datetime": "2024-06-13 18:28:19", "elapsed": 1.948999, "delta": 0.003989}}
{"target": -973.4170169696504, "params": {"gamma": 5.98504846635326, "lr": 0.527267456485417}, "datetime": {"datetime": "2024-06-13 18:28:19", "elapsed": 1.952594, "delta": 0.003595}}
{"target": -1498.2271527108255, "params": {"gamma": 6.248588120560806, "lr": 0.8550417213473515}, "datetime": {"datetime": "2024-06-13 18:28:19", "elapsed": 1.95658, "delta": 0.003986}}
{"target": -729.2900883729643, "params": {"gamma": 2.8221123446002014, "lr": 0.8837555081806009}, "datetime": {"datetime": "2024-06-13 18:28:19", "elapsed": 1.960569, "delta": 0.003989}}
{"target": -1521.0854716214596, "params": {"gamma": 5.677335610861374, "lr": 0.11510304096690338}, "datetime": {"datetime": "2024-06-13 18:28:19", "elapsed": 1.964559, "delta": 0.00399}}
{"target": -416.8305134395791, "params": {"gamma": 2.270784650981365, "lr": 0.5959823856130138}, "datetime": {"datetime": "2024-06-13 18:28:19", "elapsed": 1.968548, "delta": 0.003989}}
{"target": -583.2492243345243, "params": {"gamma": 2.395222922809899, "lr": 0.13141566053746057}, "datetime": {"datetime": "2024-06-13 18:28:19", "elapsed": 1.972537, "delta": 0.003989}}
{"target": -408.67107104982546, "params": {"gamma": 1.6193152935242277, "lr": 0.8448725182357391}, "datetime": {"datetime": "2024-06-13 18:28:19", "elapsed": 1.975529, "delta": 0.002992}}
{"target": -1592.6332190758574, "params": {"gamma": 6.022234355273215, "lr": 0.9635670871883419}, "datetime": {"datetime": "2024-06-13 18:28:19", "elapsed": 1.979519, "delta": 0.00399}}
{"target": -618.9806150585144, "params": {"gamma": 3.4574464537469587, "lr": 0.5956250981349497}, "datetime": {"datetime": "2024-06-13 18:28:19", "elapsed": 1.983557, "delta": 0.004038}}
{"target": -1065.7910824637738, "params": {"gamma": 5.9902539044452245, "lr": 0.6157042872039488}, "datetime": {"datetime": "2024-06-13 18:28:19", "elapsed": 1.987497, "delta": 0.00394}}
{"target": -180.22178601040747, "params": {"gamma": 0.5927128946500382, "lr": 0.7503171845746859}, "datetime": {"datetime": "2024-06-13 18:28:19", "elapsed": 1.991487, "delta": 0.00399}}
{"target": -1532.4745321507626, "params": {"gamma": 9.482146772378064, "lr": 0.5346790571795887}, "datetime": {"datetime": "2024-06-13 18:28:19", "elapsed": 1.995476, "delta": 0.003989}}
{"target": -438.9052939762143, "params": {"gamma": 1.926367653529729, "lr": 0.7529259149799422}, "datetime": {"datetime": "2024-06-13 18:28:19", "elapsed": 1.999465, "delta": 0.003989}}
{"target": -145.91777420473008, "params": {"gamma": 0.07418237430931014, "lr": 0.32825610365078084}, "datetime": {"datetime": "2024-06-13 18:28:19", "elapsed": 2.002458, "delta": 0.002993}}
{"target": -1613.820188185721, "params": {"gamma": 9.176145870096288, "lr": 0.5883673328938768}, "datetime": {"datetime": "2024-06-13 18:28:19", "elapsed": 2.006447, "delta": 0.003989}}
{"target": -1514.90688523515, "params": {"gamma": 8.55204764875745, "lr": 0.6046720523491877}, "datetime": {"datetime": "2024-06-13 18:28:19", "elapsed": 2.010436, "delta": 0.003989}}
{"target": -2095.7693843804595, "params": {"gamma": 8.225958947086186, "lr": 0.8794835234293169}, "datetime": {"datetime": "2024-06-13 18:28:19", "elapsed": 2.014425, "delta": 0.003989}}
{"target": -872.7798125124975, "params": {"gamma": 3.210542758870008, "lr": 0.12295477155217849}, "datetime": {"datetime": "2024-06-13 18:28:19", "elapsed": 2.018415, "delta": 0.00399}}
{"target": -1044.5907918360767, "params": {"gamma": 7.213312138521522, "lr": 0.44034708683123824}, "datetime": {"datetime": "2024-06-13 18:28:19", "elapsed": 2.022404, "delta": 0.003989}}
{"target": -254.46204358049746, "params": {"gamma": 1.268230355710944, "lr": 0.5898236481098892}, "datetime": {"datetime": "2024-06-13 18:28:19", "elapsed": 2.026394, "delta": 0.00399}}
{"target": -154.92067244953523, "params": {"gamma": 0.36164707738402946, "lr": 0.20018211641098693}, "datetime": {"datetime": "2024-06-13 18:28:19", "elapsed": 2.030383, "delta": 0.003989}}
{"target": -2915.5166706629357, "params": {"gamma": 7.883223595490022, "lr": 0.012096760015357866}, "datetime": {"datetime": "2024-06-13 18:28:19", "elapsed": 2.03537, "delta": 0.004987}}
{"target": -1147.7209387595085, "params": {"gamma": 3.034153371413982, "lr": 0.021375961088070716}, "datetime": {"datetime": "2024-06-13 18:28:19", "elapsed": 2.03936, "delta": 0.00399}}
{"target": -1753.1585920636865, "params": {"gamma": 9.974852442290567, "lr": 0.5820299763434618}, "datetime": {"datetime": "2024-06-13 18:28:19", "elapsed": 2.043348, "delta": 0.003988}}
{"target": -783.6681540354076, "params": {"gamma": 2.93446940858208, "lr": 0.9289494618931157}, "datetime": {"datetime": "2024-06-13 18:28:19", "elapsed": 2.047338, "delta": 0.00399}}
{"target": -722.6253276128738, "params": {"gamma": 5.071687116058498, "lr": 0.4546922275524069}, "datetime": {"datetime": "2024-06-13 18:28:19", "elapsed": 2.051328, "delta": 0.00399}}
{"target": -739.6161792347549, "params": {"gamma": 5.879127191455569, "lr": 0.2641376442105696}, "datetime": {"datetime": "2024-06-13 18:28:19", "elapsed": 2.056314, "delta": 0.004986}}
{"target": -441.0742617284602, "params": {"gamma": 3.0535777051749857, "lr": 0.37165457672418245}, "datetime": {"datetime": "2024-06-13 18:28:19", "elapsed": 2.060303, "delta": 0.003989}}
{"target": -446.16868108096173, "params": {"gamma": 2.4452355457167374, "lr": 0.5845472661166298}, "datetime": {"datetime": "2024-06-13 18:28:19", "elapsed": 2.064293, "delta": 0.00399}}
{"target": -2578.1152473049724, "params": {"gamma": 6.958765493189333, "lr": 0.07194722016400112}, "datetime": {"datetime": "2024-06-13 18:28:19", "elapsed": 2.068282, "delta": 0.003989}}
{"target": -2120.467899911797, "params": {"gamma": 9.710862112935013, "lr": 0.7530706558694549}, "datetime": {"datetime": "2024-06-13 18:28:19", "elapsed": 2.072271, "delta": 0.003989}}
{"target": -1762.6856366635832, "params": {"gamma": 8.061825466371129, "lr": 0.7516404040812905}, "datetime": {"datetime": "2024-06-13 18:28:19", "elapsed": 2.07626, "delta": 0.003989}}
{"target": -167.16519852253208, "params": {"gamma": 0.8015297117349018, "lr": 0.48169628302117706}, "datetime": {"datetime": "2024-06-13 18:28:19", "elapsed": 2.08025, "delta": 0.00399}}
{"target": -905.2327231761186, "params": {"gamma": 4.457283891060159, "lr": 0.6724726505249299}, "datetime": {"datetime": "2024-06-13 18:28:19", "elapsed": 2.084583, "delta": 0.004333}}
{"target": -926.3315187102822, "params": {"gamma": 4.487923850984395, "lr": 0.7043133983839096}, "datetime": {"datetime": "2024-06-13 18:28:19", "elapsed": 2.088572, "delta": 0.003989}}
{"target": -1375.3119698167957, "params": {"gamma": 6.816771730688627, "lr": 0.6971485287527562}, "datetime": {"datetime": "2024-06-13 18:28:19", "elapsed": 2.092562, "delta": 0.00399}}
{"target": -1161.0795867784245, "params": {"gamma": 6.186388824872803, "lr": 0.15098073327964578}, "datetime": {"datetime": "2024-06-13 18:28:19", "elapsed": 2.096551, "delta": 0.003989}}
{"target": -1683.3122950975858, "params": {"gamma": 7.608263760601256, "lr": 0.781045822193957}, "datetime": {"datetime": "2024-06-13 18:28:19", "elapsed": 2.100541, "delta": 0.00399}}
{"target": -1303.9932077617007, "params": {"gamma": 9.041125756152136, "lr": 0.23376869260410593}, "datetime": {"datetime": "2024-06-13 18:28:19", "elapsed": 2.10453, "delta": 0.003989}}
{"target": -274.7872705155914, "params": {"gamma": 1.7676122518303419, "lr": 0.3910991231067624}, "datetime": {"datetime": "2024-06-13 18:28:19", "elapsed": 2.107522, "delta": 0.002992}}
{"target": -741.3298876327335, "params": {"gamma": 3.206325975297607, "lr": 0.8154769290056262}, "datetime": {"datetime": "2024-06-13 18:28:19", "elapsed": 2.111511, "delta": 0.003989}}
{"target": -1344.9129613228101, "params": {"gamma": 6.135645470784649, "lr": 0.7600017523497489}, "datetime": {"datetime": "2024-06-13 18:28:19", "elapsed": 2.1155, "delta": 0.003989}}
{"target": -1532.2998957489833, "params": {"gamma": 4.277223331869946, "lr": 0.09944056291558923}, "datetime": {"datetime": "2024-06-13 18:28:19", "elapsed": 2.11949, "delta": 0.00399}}
{"target": -202.76332431204503, "params": {"gamma": 1.151235085490412, "lr": 0.3734071317371953}, "datetime": {"datetime": "2024-06-13 18:28:19", "elapsed": 2.123479, "delta": 0.003989}}
{"target": -462.074079497019, "params": {"gamma": 1.939283827327562, "lr": 0.8207464986229382}, "datetime": {"datetime": "2024-06-13 18:28:19", "elapsed": 2.127468, "delta": 0.003989}}
{"target": -1211.8177558780933, "params": {"gamma": 5.996760448228745, "lr": 0.688845259018665}, "datetime": {"datetime": "2024-06-13 18:28:19", "elapsed": 2.131458, "delta": 0.00399}}
{"target": -1782.2963076322255, "params": {"gamma": 4.911608503081658, "lr": 0.08817368124218106}, "datetime": {"datetime": "2024-06-13 18:28:19", "elapsed": 2.135448, "delta": 0.00399}}
{"target": -352.1137265439456, "params": {"gamma": 2.351541289225017, "lr": 0.461602080891622}, "datetime": {"datetime": "2024-06-13 18:28:19", "elapsed": 2.139437, "delta": 0.003989}}
