{"target": -229.30385235823377, "params": {"gamma": 4.371801524592517, "prior": 9.310290067062997, "rate": 5.796563374104747}, "datetime": {"datetime": "2024-06-14 06:59:19", "elapsed": 15.236732, "delta": 0.009974}}
{"target": -142.86824284217838, "params": {"gamma": 0.4919257168276211, "prior": 4.583327245754565, "rate": 1.6048400632304824}, "datetime": {"datetime": "2024-06-14 06:59:19", "elapsed": 15.246704, "delta": 0.009972}}
{"target": -362.3122833355127, "params": {"gamma": 7.3285116447675644, "prior": 3.5387914125136177, "rate": 2.0125752194218203}, "datetime": {"datetime": "2024-06-14 06:59:19", "elapsed": 15.256678, "delta": 0.009974}}
{"target": -454.5962014417491, "params": {"gamma": 8.428037552609165, "prior": 8.196183684842598, "rate": 3.4371232618649366}, "datetime": {"datetime": "2024-06-14 06:59:19", "elapsed": 15.266651, "delta": 0.009973}}
{"target": -172.8068406342892, "params": {"gamma": 4.036824289622301, "prior": 0.6999381207727932, "rate": 1.789668289049935}, "datetime": {"datetime": "2024-06-14 06:59:19", "elapsed": 15.276624, "delta": 0.009973}}
{"target": -264.06398226806556, "params": {"gamma": 7.359452519624915, "prior": 5.704690450059553, "rate": 8.232546464042965}, "datetime": {"datetime": "2024-06-14 06:59:19", "elapsed": 15.2856, "delta": 0.008976}}
{"target": -249.51502137801342, "params": {"gamma": 5.011999831149711, "prior": 7.70183791518716, "rate": 5.099670086770199}, "datetime": {"datetime": "2024-06-14 06:59:19", "elapsed": 15.295574, "delta": 0.009974}}
{"target": -211.90561631533987, "params": {"gamma": 5.681122236748865, "prior": 1.9277178465421385, "rate": 5.444465844143353}, "datetime": {"datetime": "2024-06-14 06:59:19", "elapsed": 15.306545, "delta": 0.010971}}
{"target": -179.1765437360841, "params": {"gamma": 2.0111304539680037, "prior": 5.606569803760094, "rate": 1.4152709353449207}, "datetime": {"datetime": "2024-06-14 06:59:19", "elapsed": 15.315521, "delta": 0.008976}}
{"target": -198.87313302100674, "params": {"gamma": 1.860913882924621, "prior": 7.671361205911481, "rate": 0.7097917708485983}, "datetime": {"datetime": "2024-06-14 06:59:19", "elapsed": 15.325494, "delta": 0.009973}}
{"target": -286.24212158264305, "params": {"gamma": 3.693767142270499, "prior": 8.790992387293622, "rate": 1.0442696607468924}, "datetime": {"datetime": "2024-06-14 06:59:19", "elapsed": 15.335467, "delta": 0.009973}}
{"target": -179.17025925216822, "params": {"gamma": 3.592172999392244, "prior": 1.2282076392222137, "rate": 8.765531034947044}, "datetime": {"datetime": "2024-06-14 06:59:19", "elapsed": 15.346438, "delta": 0.010971}}
{"target": -124.18478092840174, "params": {"gamma": 1.2632448916905008, "prior": 2.6200995276429606, "rate": 4.219641618837235}, "datetime": {"datetime": "2024-06-14 06:59:19", "elapsed": 15.356411, "delta": 0.009973}}
{"target": -324.7523970657558, "params": {"gamma": 6.652894921984129, "prior": 3.5125825645272064, "rate": 2.135803151301911}, "datetime": {"datetime": "2024-06-14 06:59:19", "elapsed": 15.365387, "delta": 0.008976}}
{"target": -167.65164863796815, "params": {"gamma": 3.734477672558837, "prior": 5.753143799030497, "rate": 9.907522742580955}, "datetime": {"datetime": "2024-06-14 06:59:19", "elapsed": 15.375361, "delta": 0.009974}}
{"target": -156.5446762855893, "params": {"gamma": 3.2723245929378826, "prior": 3.685813030171733, "rate": 7.062646301466503}, "datetime": {"datetime": "2024-06-14 06:59:19", "elapsed": 15.385334, "delta": 0.009973}}
{"target": -150.5211971335743, "params": {"gamma": 2.9900579784113206, "prior": 3.5620371383838085, "rate": 9.947082647057805}, "datetime": {"datetime": "2024-06-14 06:59:19", "elapsed": 15.395307, "delta": 0.009973}}
{"target": -472.791304735559, "params": {"gamma": 6.043069520448973, "prior": 8.305226870877545, "rate": 0.3176252391757072}, "datetime": {"datetime": "2024-06-14 06:59:19", "elapsed": 15.405281, "delta": 0.009974}}
{"target": -137.45478330591055, "params": {"gamma": 1.4557567070423627, "prior": 7.304510112747834, "rate": 5.397899711964559}, "datetime": {"datetime": "2024-06-14 06:59:19", "elapsed": 15.415254, "delta": 0.009973}}
{"target": -429.07059552079073, "params": {"gamma": 9.952649800093342, "prior": 5.00673362856301, "rate": 3.8416545812104723}, "datetime": {"datetime": "2024-06-14 06:59:19", "elapsed": 15.425227, "delta": 0.009973}}
{"target": -135.09887947902072, "params": {"gamma": 1.9445456383363844, "prior": 5.942647801204246, "rate": 7.666485240265026}, "datetime": {"datetime": "2024-06-14 06:59:19", "elapsed": 15.435201, "delta": 0.009974}}
{"target": -672.4696024214682, "params": {"gamma": 9.244467433023058, "prior": 1.462495679977994, "rate": 0.08189114312752561}, "datetime": {"datetime": "2024-06-14 06:59:19", "elapsed": 15.445203, "delta": 0.010002}}
{"target": -192.64395076092396, "params": {"gamma": 4.780126931726139, "prior": 1.9111811039435311, "rate": 6.103775776452777}, "datetime": {"datetime": "2024-06-14 06:59:19", "elapsed": 15.455147, "delta": 0.009944}}
{"target": -227.90561370541351, "params": {"gamma": 6.203072776459787, "prior": 4.1553388322066995, "rate": 6.772375433611433}, "datetime": {"datetime": "2024-06-14 06:59:19", "elapsed": 15.46512, "delta": 0.009973}}
{"target": -212.97284361637762, "params": {"gamma": 1.997506020536704, "prior": 8.104961606799353, "rate": 0.5043465023721727}, "datetime": {"datetime": "2024-06-14 06:59:19", "elapsed": 15.475094, "delta": 0.009974}}
{"target": -137.15653704362174, "params": {"gamma": 1.7194467246754197, "prior": 9.807962958788716, "rate": 9.003871416888757}, "datetime": {"datetime": "2024-06-14 06:59:19", "elapsed": 15.485067, "delta": 0.009973}}
{"target": -481.79556372016094, "params": {"gamma": 9.397350482215943, "prior": 9.093598504119935, "rate": 4.414730582333611}, "datetime": {"datetime": "2024-06-14 06:59:19", "elapsed": 15.49504, "delta": 0.009973}}
{"target": -595.3382496981372, "params": {"gamma": 9.38810223223617, "prior": 2.450393284380015, "rate": 0.4960936050759842}, "datetime": {"datetime": "2024-06-14 06:59:19", "elapsed": 15.505014, "delta": 0.009974}}
{"target": -211.65113995084215, "params": {"gamma": 5.573083480654817, "prior": 3.2018703277326415, "rate": 5.321241086655658}, "datetime": {"datetime": "2024-06-14 06:59:19", "elapsed": 15.51555, "delta": 0.010536}}
{"target": -203.2755178605935, "params": {"gamma": 4.716614085966288, "prior": 4.883010854206279, "rate": 5.701205216020305}, "datetime": {"datetime": "2024-06-14 06:59:19", "elapsed": 15.525523, "delta": 0.009973}}
{"target": -309.0955897269007, "params": {"gamma": 9.234499334273318, "prior": 2.4383056862365993, "rate": 8.76092541084365}, "datetime": {"datetime": "2024-06-14 06:59:19", "elapsed": 15.535496, "delta": 0.009973}}
{"target": -308.0247238378525, "params": {"gamma": 7.338620497153172, "prior": 0.8841865537306981, "rate": 8.35403947254459}, "datetime": {"datetime": "2024-06-14 06:59:19", "elapsed": 15.545022, "delta": 0.009526}}
{"target": -369.46842217653654, "params": {"gamma": 3.977042541433784, "prior": 3.4238072872295295, "rate": 0.004929638918432948}, "datetime": {"datetime": "2024-06-14 06:59:19", "elapsed": 15.554996, "delta": 0.009974}}
{"target": -145.59151794097139, "params": {"gamma": 2.4588060546759145, "prior": 6.91066886368868, "rate": 8.511875178501727}, "datetime": {"datetime": "2024-06-14 06:59:19", "elapsed": 15.565563, "delta": 0.010567}}
{"target": -177.921602659441, "params": {"gamma": 2.411253644225826, "prior": 3.772303728049094, "rate": 1.5050829543145978}, "datetime": {"datetime": "2024-06-14 06:59:19", "elapsed": 15.575536, "delta": 0.009973}}
{"target": -321.57170577049726, "params": {"gamma": 8.035198140908488, "prior": 7.198534861704508, "rate": 7.005081395607865}, "datetime": {"datetime": "2024-06-14 06:59:19", "elapsed": 15.58551, "delta": 0.009974}}
{"target": -277.79543238743344, "params": {"gamma": 6.788866386536979, "prior": 8.931245540448607, "rate": 8.830426892992689}, "datetime": {"datetime": "2024-06-14 06:59:19", "elapsed": 15.595483, "delta": 0.009973}}
{"target": -237.4424449194786, "params": {"gamma": 6.254053116944359, "prior": 2.9589059326949623, "rate": 4.031624750430216}, "datetime": {"datetime": "2024-06-14 06:59:19", "elapsed": 15.605456, "delta": 0.009973}}
{"target": -138.79960537358778, "params": {"gamma": 0.29054354730172277, "prior": 9.173191738621183, "rate": 6.874789890986447}, "datetime": {"datetime": "2024-06-14 06:59:19", "elapsed": 15.61543, "delta": 0.009974}}
{"target": -297.4893504344337, "params": {"gamma": 9.08180006447146, "prior": 3.0906626574741516, "rate": 9.448319713154849}, "datetime": {"datetime": "2024-06-14 06:59:19", "elapsed": 15.625403, "delta": 0.009973}}
{"target": -704.569280027746, "params": {"gamma": 8.640447686233587, "prior": 8.871526314972696, "rate": 0.0024131607540603924}, "datetime": {"datetime": "2024-06-14 06:59:19", "elapsed": 15.635376, "delta": 0.009973}}
{"target": -184.32295278957207, "params": {"gamma": 3.773024949034168, "prior": 1.311020393599276, "rate": 9.328146256783993}, "datetime": {"datetime": "2024-06-14 06:59:19", "elapsed": 15.645349, "delta": 0.009973}}
{"target": -225.0238253686044, "params": {"gamma": 5.137558817898313, "prior": 4.94443049292636, "rate": 4.869724747174828}, "datetime": {"datetime": "2024-06-14 06:59:19", "elapsed": 15.655323, "delta": 0.009974}}
{"target": -214.70307217229066, "params": {"gamma": 5.703348718331128, "prior": 5.490624347569382, "rate": 9.171191497772435}, "datetime": {"datetime": "2024-06-14 06:59:19", "elapsed": 15.665296, "delta": 0.009973}}
{"target": -478.73576536753717, "params": {"gamma": 8.843961080725371, "prior": 7.858820667021336, "rate": 3.227950630409935}, "datetime": {"datetime": "2024-06-14 06:59:19", "elapsed": 15.67527, "delta": 0.009974}}
{"target": -296.1024235288354, "params": {"gamma": 7.8445897782918435, "prior": 1.537336203606739, "rate": 8.602401775503456}, "datetime": {"datetime": "2024-06-14 06:59:19", "elapsed": 15.685243, "delta": 0.009973}}
{"target": -356.76047187296933, "params": {"gamma": 7.730224416470844, "prior": 7.782074642130607, "rate": 5.287458244919481}, "datetime": {"datetime": "2024-06-14 06:59:19", "elapsed": 15.695217, "delta": 0.009974}}
{"target": -187.42360757117564, "params": {"gamma": 4.502403481540989, "prior": 2.3436517776557912, "rate": 8.086973092518448}, "datetime": {"datetime": "2024-06-14 06:59:19", "elapsed": 15.70519, "delta": 0.009973}}
{"target": -317.2061448574305, "params": {"gamma": 9.659325036522198, "prior": 5.480966524783521, "rate": 9.022172363016855}, "datetime": {"datetime": "2024-06-14 06:59:19", "elapsed": 15.716162, "delta": 0.010972}}
{"target": -174.46055878899207, "params": {"gamma": 2.824222069304223, "prior": 5.225776988360308, "rate": 3.282297731662208}, "datetime": {"datetime": "2024-06-14 06:59:19", "elapsed": 15.726133, "delta": 0.009971}}
{"target": -313.6034308221361, "params": {"gamma": 9.918019790908655, "prior": 2.5781348530454977, "rate": 6.7878761196273985}, "datetime": {"datetime": "2024-06-14 06:59:19", "elapsed": 15.736107, "delta": 0.009974}}
{"target": -357.1806937882975, "params": {"gamma": 7.642256587918056, "prior": 0.41904372335207496, "rate": 9.822730012274928}, "datetime": {"datetime": "2024-06-14 06:59:19", "elapsed": 15.74608, "delta": 0.009973}}
{"target": -150.9850935614687, "params": {"gamma": 0.914136075297375, "prior": 6.179340836196217, "rate": 1.4943587574456791}, "datetime": {"datetime": "2024-06-14 06:59:19", "elapsed": 15.756053, "delta": 0.009973}}
{"target": -229.4665032350458, "params": {"gamma": 5.208444170554118, "prior": 1.0241164266430445, "rate": 7.812223199457574}, "datetime": {"datetime": "2024-06-14 06:59:19", "elapsed": 15.766027, "delta": 0.009974}}
{"target": -599.6048461001454, "params": {"gamma": 7.729537241828221, "prior": 6.02167277279802, "rate": 0.1464186524360543}, "datetime": {"datetime": "2024-06-14 06:59:19", "elapsed": 15.776, "delta": 0.009973}}
{"target": -124.64429014630814, "params": {"gamma": 0.42120018122586705, "prior": 1.891609508368085, "rate": 9.720334679149751}, "datetime": {"datetime": "2024-06-14 06:59:19", "elapsed": 15.785974, "delta": 0.009974}}
{"target": -185.16717129871043, "params": {"gamma": 2.5467472891170426, "prior": 7.534987376045962, "rate": 2.8130708604490677}, "datetime": {"datetime": "2024-06-14 06:59:19", "elapsed": 15.795949, "delta": 0.009975}}
{"target": -149.61265484418016, "params": {"gamma": 2.555930656746099, "prior": 2.6528509861883998, "rate": 2.971232902105741}, "datetime": {"datetime": "2024-06-14 06:59:19", "elapsed": 15.805962, "delta": 0.010013}}
{"target": -144.59259117709084, "params": {"gamma": 0.0904371047664351, "prior": 9.873044202472457, "rate": 5.6650398975873095}, "datetime": {"datetime": "2024-06-14 06:59:19", "elapsed": 15.815896, "delta": 0.009934}}
{"target": -444.11444286124635, "params": {"gamma": 6.018822270456636, "prior": 5.428774701508513, "rate": 0.4393316428380598}, "datetime": {"datetime": "2024-06-14 06:59:19", "elapsed": 15.82587, "delta": 0.009974}}
{"target": -200.67184124347145, "params": {"gamma": 4.715733368498675, "prior": 5.44279736196503, "rate": 6.729884951727836}, "datetime": {"datetime": "2024-06-14 06:59:19", "elapsed": 15.835843, "delta": 0.009973}}
{"target": -241.48958664421164, "params": {"gamma": 5.342145859164941, "prior": 0.6452158589676233, "rate": 6.20136980037383}, "datetime": {"datetime": "2024-06-14 06:59:19", "elapsed": 15.845816, "delta": 0.009973}}
{"target": -220.31009553831055, "params": {"gamma": 5.812170852564193, "prior": 5.501403625658926, "rate": 8.432969520852312}, "datetime": {"datetime": "2024-06-14 06:59:19", "elapsed": 15.855789, "delta": 0.009973}}
{"target": -305.3187311287541, "params": {"gamma": 4.4744202102791135, "prior": 6.075297918451513, "rate": 1.2370052511020126}, "datetime": {"datetime": "2024-06-14 06:59:19", "elapsed": 15.865762, "delta": 0.009973}}
{"target": -259.3083496364945, "params": {"gamma": 2.524540150676985, "prior": 8.518507824967577, "rate": 0.16322740050218212}, "datetime": {"datetime": "2024-06-14 06:59:19", "elapsed": 15.876733, "delta": 0.010971}}
{"target": -162.44523280061864, "params": {"gamma": 1.563353530050915, "prior": 8.251511250120657, "rate": 2.2941474771120194}, "datetime": {"datetime": "2024-06-14 06:59:19", "elapsed": 15.886708, "delta": 0.009975}}
{"target": -146.42969099829213, "params": {"gamma": 2.5926903584258394, "prior": 7.0378270060594685, "rate": 9.665286266010238}, "datetime": {"datetime": "2024-06-14 06:59:19", "elapsed": 15.897408, "delta": 0.0107}}
{"target": -186.81716913943345, "params": {"gamma": 1.9835999198248373, "prior": 7.500223150149078, "rate": 1.4059219435725394}, "datetime": {"datetime": "2024-06-14 06:59:19", "elapsed": 15.908379, "delta": 0.010971}}
{"target": -168.39647978649919, "params": {"gamma": 3.8255932152218004, "prior": 3.3005635888934934, "rate": 8.837971404321385}, "datetime": {"datetime": "2024-06-14 06:59:19", "elapsed": 15.918352, "delta": 0.009973}}
{"target": -488.6120683709078, "params": {"gamma": 6.554158581010341, "prior": 3.4023960640121804, "rate": 0.2170579835200867}, "datetime": {"datetime": "2024-06-14 06:59:19", "elapsed": 15.929321, "delta": 0.010969}}
{"target": -211.28193853883468, "params": {"gamma": 3.690717582622661, "prior": 9.724588651254853, "rate": 5.291461768734136}, "datetime": {"datetime": "2024-06-14 06:59:19", "elapsed": 15.940292, "delta": 0.010971}}
{"target": -272.680922470867, "params": {"gamma": 7.42170608723287, "prior": 3.5193494852507885, "rate": 4.606438063386967}, "datetime": {"datetime": "2024-06-14 06:59:19", "elapsed": 15.950266, "delta": 0.009974}}
{"target": -166.03232864193086, "params": {"gamma": 2.1171453464815797, "prior": 8.385901328359125, "rate": 3.5987287851418053}, "datetime": {"datetime": "2024-06-14 06:59:19", "elapsed": 15.96024, "delta": 0.009974}}
{"target": -146.3932206323997, "params": {"gamma": 0.37184424137389627, "prior": 6.920992980908198, "rate": 1.5587330522055973}, "datetime": {"datetime": "2024-06-14 06:59:19", "elapsed": 15.97121, "delta": 0.01097}}
{"target": -370.9087738055627, "params": {"gamma": 7.98771294193551, "prior": 0.2510982809907867, "rate": 5.856645849985007}, "datetime": {"datetime": "2024-06-14 06:59:19", "elapsed": 15.981183, "delta": 0.009973}}
{"target": -354.57351398642055, "params": {"gamma": 4.955667253979119, "prior": 9.974871164209066, "rate": 1.344572993526239}, "datetime": {"datetime": "2024-06-14 06:59:19", "elapsed": 15.991156, "delta": 0.009973}}
{"target": -243.12580895919373, "params": {"gamma": 6.725864268561899, "prior": 1.0399602054672268, "rate": 1.6185223747759032}, "datetime": {"datetime": "2024-06-14 06:59:19", "elapsed": 16.00113, "delta": 0.009974}}
{"target": -577.0716325304163, "params": {"gamma": 9.883324584988317, "prior": 8.085984167867757, "rate": 2.447158246382357}, "datetime": {"datetime": "2024-06-14 06:59:19", "elapsed": 16.011103, "delta": 0.009973}}
{"target": -359.24902948414353, "params": {"gamma": 8.46315815656222, "prior": 0.45244256444577213, "rate": 5.356534904767137}, "datetime": {"datetime": "2024-06-14 06:59:19", "elapsed": 16.021076, "delta": 0.009973}}
{"target": -136.29220819356746, "params": {"gamma": 0.9156560813263981, "prior": 9.711966099756669, "rate": 5.8314262663101335}, "datetime": {"datetime": "2024-06-14 06:59:19", "elapsed": 16.031049, "delta": 0.009973}}
{"target": -207.90279140319763, "params": {"gamma": 5.557857005100962, "prior": 3.2479334229382575, "rate": 8.499195516950698}, "datetime": {"datetime": "2024-06-14 06:59:19", "elapsed": 16.04202, "delta": 0.010971}}
{"target": -228.77163097644436, "params": {"gamma": 5.302014980143714, "prior": 0.26927241910209526, "rate": 1.849764010582726}, "datetime": {"datetime": "2024-06-14 06:59:19", "elapsed": 16.051993, "delta": 0.009973}}
{"target": -181.8787229019094, "params": {"gamma": 4.335249630012873, "prior": 0.8917664699406374, "rate": 2.807294876301211}, "datetime": {"datetime": "2024-06-14 06:59:19", "elapsed": 16.061967, "delta": 0.009974}}
{"target": -169.58722092532227, "params": {"gamma": 2.50470246829456, "prior": 0.10602555886107112, "rate": 6.929160306974375}, "datetime": {"datetime": "2024-06-14 06:59:19", "elapsed": 16.071941, "delta": 0.009974}}
{"target": -304.4633043400158, "params": {"gamma": 7.739122475175086, "prior": 8.221458050411275, "rate": 8.516444514251624}, "datetime": {"datetime": "2024-06-14 06:59:19", "elapsed": 16.081914, "delta": 0.009973}}
{"target": -138.33478479852502, "params": {"gamma": 1.516097284927453, "prior": 8.911362720684613, "rate": 6.582470685255508}, "datetime": {"datetime": "2024-06-14 06:59:19", "elapsed": 16.091887, "delta": 0.009973}}
{"target": -246.5534832352785, "params": {"gamma": 6.961640494479081, "prior": 5.684309475667977, "rate": 9.396880301472725}, "datetime": {"datetime": "2024-06-14 06:59:20", "elapsed": 16.101863, "delta": 0.009976}}
{"target": -165.33094874478863, "params": {"gamma": 2.5192185879677065, "prior": 7.8901544088551026, "rate": 4.953089405221723}, "datetime": {"datetime": "2024-06-14 06:59:20", "elapsed": 16.112833, "delta": 0.01097}}
{"target": -651.4730743600763, "params": {"gamma": 8.909111167255265, "prior": 2.834367028962495, "rate": 0.15345384499933612}, "datetime": {"datetime": "2024-06-14 06:59:20", "elapsed": 16.122807, "delta": 0.009974}}
{"target": -134.28011128157527, "params": {"gamma": 0.6498451553396644, "prior": 9.006387353591512, "rate": 6.411861082231753}, "datetime": {"datetime": "2024-06-14 06:59:20", "elapsed": 16.132566, "delta": 0.009759}}
{"target": -284.7051591005652, "params": {"gamma": 7.302956948346961, "prior": 5.093180874926231, "rate": 5.5761884295247635}, "datetime": {"datetime": "2024-06-14 06:59:20", "elapsed": 16.142542, "delta": 0.009976}}
{"target": -181.49189860598432, "params": {"gamma": 3.6395809320717802, "prior": 7.848092917900229, "rate": 7.568895646824035}, "datetime": {"datetime": "2024-06-14 06:59:20", "elapsed": 16.152515, "delta": 0.009973}}
{"target": -307.5767736445925, "params": {"gamma": 7.000361363341032, "prior": 9.622734907924354, "rate": 7.688614872456184}, "datetime": {"datetime": "2024-06-14 06:59:20", "elapsed": 16.162488, "delta": 0.009973}}
{"target": -372.17252805742294, "params": {"gamma": 9.779247988847397, "prior": 5.943736851967249, "rate": 6.192971647774601}, "datetime": {"datetime": "2024-06-14 06:59:20", "elapsed": 16.172465, "delta": 0.009977}}
{"target": -458.3789083127848, "params": {"gamma": 6.390893117652819, "prior": 3.331076730816897, "rate": 0.33125715159731645}, "datetime": {"datetime": "2024-06-14 06:59:20", "elapsed": 16.182441, "delta": 0.009976}}
{"target": -547.6916951247873, "params": {"gamma": 7.881975609758543, "prior": 7.130859720793782, "rate": 0.7912378849771072}, "datetime": {"datetime": "2024-06-14 06:59:20", "elapsed": 16.192416, "delta": 0.009975}}
{"target": -136.9104091798272, "params": {"gamma": 1.486669782533265, "prior": 6.894768417542823, "rate": 5.350838735760061}, "datetime": {"datetime": "2024-06-14 06:59:20", "elapsed": 16.202393, "delta": 0.009977}}
{"target": -136.69951988749725, "params": {"gamma": 1.9129532131472144, "prior": 0.6539381737611052, "rate": 6.114511590773306}, "datetime": {"datetime": "2024-06-14 06:59:20", "elapsed": 16.212366, "delta": 0.009973}}
{"target": -125.15283642958629, "params": {"gamma": 0.5370626571610718, "prior": 2.2143955883275006, "rate": 5.027124040449976}, "datetime": {"datetime": "2024-06-14 06:59:20", "elapsed": 16.222342, "delta": 0.009976}}
{"target": -171.049488371281, "params": {"gamma": 0.941217065094407, "prior": 4.1481704960787145, "rate": 0.2021378650325921}, "datetime": {"datetime": "2024-06-14 06:59:20", "elapsed": 16.232315, "delta": 0.009973}}
{"target": -138.51703360715592, "params": {"gamma": 1.1955179943126049, "prior": 9.40661888678996, "rate": 5.589052028891483}, "datetime": {"datetime": "2024-06-14 06:59:20", "elapsed": 16.242291, "delta": 0.009976}}
