{"target": -87.70082486456694, "params": {"p_ai": 2.8998204222562323, "p_al": 10.0, "p_ex": 10.0, "prior": 3.527244721419276, "rate": 10.0}, "datetime": {"datetime": "2024-06-13 01:36:47", "elapsed": 699.582024, "delta": 24.678598}}
{"target": -98.67204189426475, "params": {"p_ai": 0.6432407812036153, "p_al": 0.1289417391791939, "p_ex": 3.164170908135512, "prior": 0.6621679667232712, "rate": 6.66028685742523}, "datetime": {"datetime": "2024-06-13 01:37:16", "elapsed": 727.898919, "delta": 28.316895}}
{"target": -85.95625846741703, "params": {"p_ai": 1.9088917363035687, "p_al": 4.3588740426971, "p_ex": 10.0, "prior": 5.897900314471009, "rate": 10.0}, "datetime": {"datetime": "2024-06-13 01:37:33", "elapsed": 745.316241, "delta": 17.417322}}
{"target": -81.65382398051742, "params": {"p_ai": 2.815428038359969, "p_al": 10.0, "p_ex": 8.006755619989198, "prior": 10.0, "rate": 10.0}, "datetime": {"datetime": "2024-06-13 01:38:08", "elapsed": 780.346144, "delta": 35.029903}}
