{"target": -145.1383462140885, "params": {"gamma": 2.3106546042570515, "prior": 0.6739605523903935, "rate": 1.3890263639386906}, "datetime": {"datetime": "2024-06-14 05:06:42", "elapsed": 4.450709, "delta": 0.008977}}
{"target": -573.2695678155228, "params": {"gamma": 9.351596002308344, "prior": 8.896566823226658, "rate": 2.893315694333617}, "datetime": {"datetime": "2024-06-14 05:06:42", "elapsed": 4.459684, "delta": 0.008975}}
{"target": -538.7478531151046, "params": {"gamma": 9.477692896949968, "prior": 8.514312298791047, "rate": 4.347113285922664}, "datetime": {"datetime": "2024-06-14 05:06:42", "elapsed": 4.46866, "delta": 0.008976}}
{"target": -314.1254026807514, "params": {"gamma": 4.681027499109862, "prior": 6.335544913675885, "rate": 1.581160317803163}, "datetime": {"datetime": "2024-06-14 05:06:42", "elapsed": 4.477203, "delta": 0.008543}}
{"target": -145.39784360417235, "params": {"gamma": 0.14880608533418707, "prior": 2.72856897297662, "rate": 0.15542087579566607}, "datetime": {"datetime": "2024-06-14 05:06:42", "elapsed": 4.486179, "delta": 0.008976}}
{"target": -380.3242467171742, "params": {"gamma": 6.745313942778413, "prior": 5.559541474546487, "rate": 3.2171598078821737}, "datetime": {"datetime": "2024-06-14 05:06:42", "elapsed": 4.495154, "delta": 0.008975}}
{"target": -340.68753480436703, "params": {"gamma": 7.802243168860467, "prior": 1.543275769026293, "rate": 2.449561506980074}, "datetime": {"datetime": "2024-06-14 05:06:42", "elapsed": 4.50413, "delta": 0.008976}}
{"target": -203.57704139535258, "params": {"gamma": 2.923845306630798, "prior": 2.0397262703400223, "rate": 0.8802988990222627}, "datetime": {"datetime": "2024-06-14 05:06:42", "elapsed": 4.513107, "delta": 0.008977}}
{"target": -335.4745922501428, "params": {"gamma": 8.699891826535803, "prior": 0.9730675911579497, "rate": 6.837419647880558}, "datetime": {"datetime": "2024-06-14 05:06:42", "elapsed": 4.522112, "delta": 0.009005}}
{"target": -120.80998824780595, "params": {"gamma": 1.204888367700376, "prior": 0.20592013112732416, "rate": 5.573125032519063}, "datetime": {"datetime": "2024-06-14 05:06:42", "elapsed": 4.531059, "delta": 0.008947}}
{"target": -541.0370032309112, "params": {"gamma": 9.071183443148486, "prior": 8.618521006635163, "rate": 3.3851753897983823}, "datetime": {"datetime": "2024-06-14 05:06:42", "elapsed": 4.540035, "delta": 0.008976}}
{"target": -133.72848799563604, "params": {"gamma": 0.27256113442929636, "prior": 8.028507615787328, "rate": 8.06004333796437}, "datetime": {"datetime": "2024-06-14 05:06:42", "elapsed": 4.549011, "delta": 0.008976}}
{"target": -403.8162867206812, "params": {"gamma": 8.685012674911418, "prior": 6.729501338767777, "rate": 8.077980844288449}, "datetime": {"datetime": "2024-06-14 05:06:42", "elapsed": 4.557987, "delta": 0.008976}}
{"target": -415.0384665696733, "params": {"gamma": 8.9750853247459, "prior": 4.592916509851121, "rate": 5.578695211845391}, "datetime": {"datetime": "2024-06-14 05:06:42", "elapsed": 4.56796, "delta": 0.009973}}
{"target": -263.2049869655708, "params": {"gamma": 5.06180515715352, "prior": 6.9506406547897654, "rate": 6.829385769431119}, "datetime": {"datetime": "2024-06-14 05:06:42", "elapsed": 4.576944, "delta": 0.008984}}
{"target": -297.96773270411774, "params": {"gamma": 5.203616044997302, "prior": 8.301834666046165, "rate": 5.058288088511875}, "datetime": {"datetime": "2024-06-14 05:06:42", "elapsed": 4.584917, "delta": 0.007973}}
{"target": -453.3790469094668, "params": {"gamma": 8.248760765289934, "prior": 2.8902663726181053, "rate": 1.7857698349419049}, "datetime": {"datetime": "2024-06-14 05:06:42", "elapsed": 4.593893, "delta": 0.008976}}
{"target": -587.8000118021223, "params": {"gamma": 9.698735832876796, "prior": 7.44520130201516, "rate": 2.598657141350841}, "datetime": {"datetime": "2024-06-14 05:06:42", "elapsed": 4.602869, "delta": 0.008976}}
{"target": -419.20280029207345, "params": {"gamma": 5.8127721875694265, "prior": 9.557096310028049, "rate": 0.808458324212976}, "datetime": {"datetime": "2024-06-14 05:06:42", "elapsed": 4.611845, "delta": 0.008976}}
{"target": -140.4960102840049, "params": {"gamma": 0.8362585364103492, "prior": 6.229434831057081, "rate": 2.245710294880741}, "datetime": {"datetime": "2024-06-14 05:06:42", "elapsed": 4.620821, "delta": 0.008976}}
{"target": -362.3475745224337, "params": {"gamma": 7.652074383378348, "prior": 5.72471017519614, "rate": 6.66221471414473}, "datetime": {"datetime": "2024-06-14 05:06:42", "elapsed": 4.629797, "delta": 0.008976}}
{"target": -117.98150000608548, "params": {"gamma": 1.0790311940451294, "prior": 0.9344022092219122, "rate": 6.251585561986592}, "datetime": {"datetime": "2024-06-14 05:06:42", "elapsed": 4.638773, "delta": 0.008976}}
{"target": -187.22045158338236, "params": {"gamma": 4.097902880079071, "prior": 0.9637999863326198, "rate": 3.711268386216875}, "datetime": {"datetime": "2024-06-14 05:06:43", "elapsed": 4.647749, "delta": 0.008976}}
{"target": -264.8009872169075, "params": {"gamma": 6.72177195215883, "prior": 1.9769152618966988, "rate": 8.957395356178512}, "datetime": {"datetime": "2024-06-14 05:06:43", "elapsed": 4.656725, "delta": 0.008976}}
{"target": -495.1200961949963, "params": {"gamma": 9.498514042411992, "prior": 9.619568170101886, "rate": 7.301095494844863}, "datetime": {"datetime": "2024-06-14 05:06:43", "elapsed": 4.665732, "delta": 0.009007}}
{"target": -262.6541460518507, "params": {"gamma": 4.063477988455463, "prior": 7.463117043877074, "rate": 2.8805808058682407}, "datetime": {"datetime": "2024-06-14 05:06:43", "elapsed": 4.674677, "delta": 0.008945}}
{"target": -186.4437503176677, "params": {"gamma": 3.144857806685071, "prior": 6.098373976056793, "rate": 5.948876486945769}, "datetime": {"datetime": "2024-06-14 05:06:43", "elapsed": 4.683161, "delta": 0.008484}}
{"target": -335.87088655434843, "params": {"gamma": 8.786731102181795, "prior": 2.620547481039712, "rate": 7.662117463663015}, "datetime": {"datetime": "2024-06-14 05:06:43", "elapsed": 4.692137, "delta": 0.008976}}
{"target": -426.848539902255, "params": {"gamma": 9.410191654922194, "prior": 0.11022603331157285, "rate": 4.761415090903047}, "datetime": {"datetime": "2024-06-14 05:06:43", "elapsed": 4.701113, "delta": 0.008976}}
{"target": -431.4928393864607, "params": {"gamma": 6.570746249918269, "prior": 8.448899817803273, "rate": 1.8382103793481412}, "datetime": {"datetime": "2024-06-14 05:06:43", "elapsed": 4.710089, "delta": 0.008976}}
{"target": -337.99356872771324, "params": {"gamma": 8.56173622063573, "prior": 3.7072182505845768, "rate": 8.922847018832448}, "datetime": {"datetime": "2024-06-14 05:06:43", "elapsed": 4.719065, "delta": 0.008976}}
{"target": -125.9311890670133, "params": {"gamma": 0.2780896894835276, "prior": 0.9453623773193891, "rate": 9.81412324707537}, "datetime": {"datetime": "2024-06-14 05:06:43", "elapsed": 4.728072, "delta": 0.009007}}
{"target": -370.70765852264657, "params": {"gamma": 6.095409755809193, "prior": 4.234560233460414, "rate": 1.6929726327522117}, "datetime": {"datetime": "2024-06-14 05:06:43", "elapsed": 4.737017, "delta": 0.008945}}
{"target": -263.40402708130347, "params": {"gamma": 6.499361629743811, "prior": 0.46605317675764246, "rate": 3.116827520693586}, "datetime": {"datetime": "2024-06-14 05:06:43", "elapsed": 4.745994, "delta": 0.008977}}
{"target": -187.0053465073655, "params": {"gamma": 3.2354684906937643, "prior": 6.11367474579408, "rate": 6.508661735500295}, "datetime": {"datetime": "2024-06-14 05:06:43", "elapsed": 4.755967, "delta": 0.009973}}
{"target": -450.0415257571192, "params": {"gamma": 8.460699937765456, "prior": 9.28305133171568, "rate": 6.604916818383386}, "datetime": {"datetime": "2024-06-14 05:06:43", "elapsed": 4.764943, "delta": 0.008976}}
{"target": -245.66606685718955, "params": {"gamma": 5.782161010166973, "prior": 4.047283881927183, "rate": 9.666158313928777}, "datetime": {"datetime": "2024-06-14 05:06:43", "elapsed": 4.773189, "delta": 0.008246}}
{"target": -156.33683461861295, "params": {"gamma": 1.541637639151742, "prior": 8.96135940562162, "rate": 3.1108196657805305}, "datetime": {"datetime": "2024-06-14 05:06:43", "elapsed": 4.782163, "delta": 0.008974}}
{"target": -344.8467397466734, "params": {"gamma": 5.485342407571374, "prior": 6.852455958484867, "rate": 2.3654600436102275}, "datetime": {"datetime": "2024-06-14 05:06:43", "elapsed": 4.791928, "delta": 0.009765}}
{"target": -134.300800042077, "params": {"gamma": 1.678199113817666, "prior": 5.133971932953198, "rate": 7.918846891971133}, "datetime": {"datetime": "2024-06-14 05:06:43", "elapsed": 4.800903, "delta": 0.008975}}
{"target": -278.1417256137135, "params": {"gamma": 6.9244522072085894, "prior": 1.277836038012847, "rate": 9.007521408502258}, "datetime": {"datetime": "2024-06-14 05:06:43", "elapsed": 4.809879, "delta": 0.008976}}
{"target": -280.22809158169395, "params": {"gamma": 4.797895932924502, "prior": 9.47209912447251, "rate": 5.53478362877641}, "datetime": {"datetime": "2024-06-14 05:06:43", "elapsed": 4.818856, "delta": 0.008977}}
{"target": -118.04942010178584, "params": {"gamma": 0.8489334147818686, "prior": 2.1043840531779026, "rate": 8.542525491190911}, "datetime": {"datetime": "2024-06-14 05:06:43", "elapsed": 4.827832, "delta": 0.008976}}
{"target": -430.60844455572493, "params": {"gamma": 7.0595677402804276, "prior": 8.95990124951395, "rate": 3.2921308719412035}, "datetime": {"datetime": "2024-06-14 05:06:43", "elapsed": 4.836808, "delta": 0.008976}}
{"target": -277.34159373876287, "params": {"gamma": 5.280485964979625, "prior": 6.538941511592786, "rate": 5.943314245013059}, "datetime": {"datetime": "2024-06-14 05:06:43", "elapsed": 4.845785, "delta": 0.008977}}
{"target": -171.00192594829227, "params": {"gamma": 2.315397892406944, "prior": 4.325531359537532, "rate": 2.481866529137688}, "datetime": {"datetime": "2024-06-14 05:06:43", "elapsed": 4.85476, "delta": 0.008975}}
{"target": -594.1597147514303, "params": {"gamma": 8.456304007349223, "prior": 9.868106705184019, "rate": 0.6666414605206605}, "datetime": {"datetime": "2024-06-14 05:06:43", "elapsed": 4.863736, "delta": 0.008976}}
{"target": -304.34537974362513, "params": {"gamma": 7.139566394637347, "prior": 3.3681439667708357, "rate": 6.254728347736019}, "datetime": {"datetime": "2024-06-14 05:06:43", "elapsed": 4.872742, "delta": 0.009006}}
{"target": -181.27117171557774, "params": {"gamma": 2.582038363169428, "prior": 6.5449753321541015, "rate": 3.7121006974428328}, "datetime": {"datetime": "2024-06-14 05:06:43", "elapsed": 4.882195, "delta": 0.009453}}
{"target": -177.7619997407966, "params": {"gamma": 2.9489139744901, "prior": 9.126455419608208, "rate": 9.425046243387849}, "datetime": {"datetime": "2024-06-14 05:06:43", "elapsed": 4.891171, "delta": 0.008976}}
{"target": -246.83597585853073, "params": {"gamma": 6.135886715574795, "prior": 2.223231030223857, "rate": 9.394249290190688}, "datetime": {"datetime": "2024-06-14 05:06:43", "elapsed": 4.900147, "delta": 0.008976}}
{"target": -473.8090183958677, "params": {"gamma": 7.504785013686519, "prior": 7.53578909249578, "rate": 2.1180016271500137}, "datetime": {"datetime": "2024-06-14 05:06:43", "elapsed": 4.909123, "delta": 0.008976}}
{"target": -326.0536225012433, "params": {"gamma": 8.30173510509683, "prior": 2.47694202619598, "rate": 6.316575831756353}, "datetime": {"datetime": "2024-06-14 05:06:43", "elapsed": 4.918099, "delta": 0.008976}}
{"target": -407.3205505978183, "params": {"gamma": 7.107684959425964, "prior": 7.449595954100307, "rate": 3.9032567812912102}, "datetime": {"datetime": "2024-06-14 05:06:43", "elapsed": 4.927075, "delta": 0.008976}}
{"target": -414.8459167589434, "params": {"gamma": 7.598494141764259, "prior": 9.039065431004929, "rate": 5.8746127723565325}, "datetime": {"datetime": "2024-06-14 05:06:43", "elapsed": 4.936051, "delta": 0.008976}}
{"target": -131.69031540673598, "params": {"gamma": 0.9050067472322914, "prior": 1.376862243008533, "rate": 1.0535200041012063}, "datetime": {"datetime": "2024-06-14 05:06:43", "elapsed": 4.945027, "delta": 0.008976}}
{"target": -127.923206323906, "params": {"gamma": 1.7281019057654774, "prior": 1.3516658138678819, "rate": 7.783230599786209}, "datetime": {"datetime": "2024-06-14 05:06:43", "elapsed": 4.954003, "delta": 0.008976}}
{"target": -124.346544189849, "params": {"gamma": 0.39507571033225836, "prior": 2.491428331674554, "rate": 8.790784947183296}, "datetime": {"datetime": "2024-06-14 05:06:43", "elapsed": 4.962979, "delta": 0.008976}}
{"target": -415.2793852202975, "params": {"gamma": 9.7352150895021, "prior": 6.093677876497776, "rate": 9.762406407339324}, "datetime": {"datetime": "2024-06-14 05:06:43", "elapsed": 4.971955, "delta": 0.008976}}
{"target": -139.0887220923982, "params": {"gamma": 0.43547196560805285, "prior": 9.490870406922475, "rate": 3.113649528479215}, "datetime": {"datetime": "2024-06-14 05:06:43", "elapsed": 4.980931, "delta": 0.008976}}
{"target": -386.39639976981437, "params": {"gamma": 7.989929430775569, "prior": 8.125228124124325, "rate": 8.600125917211868}, "datetime": {"datetime": "2024-06-14 05:06:43", "elapsed": 4.989907, "delta": 0.008976}}
{"target": -304.54635797515465, "params": {"gamma": 4.586049558214109, "prior": 9.313379482437938, "rate": 2.579671951285972}, "datetime": {"datetime": "2024-06-14 05:06:43", "elapsed": 4.998883, "delta": 0.008976}}
{"target": -401.24696112688974, "params": {"gamma": 9.344520479803316, "prior": 6.229284369191439, "rate": 9.85446370453336}, "datetime": {"datetime": "2024-06-14 05:06:43", "elapsed": 5.007859, "delta": 0.008976}}
{"target": -133.94391231558205, "params": {"gamma": 0.3274060157599613, "prior": 7.279149922443812, "rate": 5.655976799568431}, "datetime": {"datetime": "2024-06-14 05:06:43", "elapsed": 5.016835, "delta": 0.008976}}
{"target": -245.47199452820743, "params": {"gamma": 4.924748049935798, "prior": 2.6662594439422964, "rate": 3.268980017978885}, "datetime": {"datetime": "2024-06-14 05:06:43", "elapsed": 5.025811, "delta": 0.008976}}
{"target": -145.23174498486546, "params": {"gamma": 2.495372604807176, "prior": 2.270752312218102, "rate": 7.996808714410864}, "datetime": {"datetime": "2024-06-14 05:06:43", "elapsed": 5.034787, "delta": 0.008976}}
{"target": -221.48234635845617, "params": {"gamma": 5.024447663976686, "prior": 0.9235798981002775, "rate": 7.770064936081777}, "datetime": {"datetime": "2024-06-14 05:06:43", "elapsed": 5.043763, "delta": 0.008976}}
{"target": -296.56573189302355, "params": {"gamma": 5.336957111761226, "prior": 7.419939094729182, "rate": 5.154421537738071}, "datetime": {"datetime": "2024-06-14 05:06:43", "elapsed": 5.052305, "delta": 0.008542}}
{"target": -331.0474456321675, "params": {"gamma": 4.0000592939273325, "prior": 9.86384314611932, "rate": 0.2833979590089639}, "datetime": {"datetime": "2024-06-14 05:06:43", "elapsed": 5.061281, "delta": 0.008976}}
{"target": -549.7214396206732, "params": {"gamma": 9.327706315740619, "prior": 9.315464180823684, "rate": 3.909796196303079}, "datetime": {"datetime": "2024-06-14 05:06:43", "elapsed": 5.070257, "delta": 0.008976}}
{"target": -181.6522371251375, "params": {"gamma": 2.145434246462065, "prior": 6.230211649539066, "rate": 1.7805453823662243}, "datetime": {"datetime": "2024-06-14 05:06:43", "elapsed": 5.079234, "delta": 0.008977}}
{"target": -383.2543101184853, "params": {"gamma": 8.032278735085756, "prior": 2.613945173189579, "rate": 2.9087707441717465}, "datetime": {"datetime": "2024-06-14 05:06:43", "elapsed": 5.088209, "delta": 0.008975}}
{"target": -505.77707174432066, "params": {"gamma": 9.15924198430956, "prior": 9.038876651396649, "rate": 5.354273536413487}, "datetime": {"datetime": "2024-06-14 05:06:43", "elapsed": 5.097731, "delta": 0.009522}}
{"target": -332.8057219289672, "params": {"gamma": 8.628526966805577, "prior": 3.5900724311701118, "rate": 9.978844897970799}, "datetime": {"datetime": "2024-06-14 05:06:43", "elapsed": 5.106707, "delta": 0.008976}}
{"target": -314.8481944425599, "params": {"gamma": 4.337463704310366, "prior": 3.0186389168051044, "rate": 0.4167007652577235}, "datetime": {"datetime": "2024-06-14 05:06:43", "elapsed": 5.115683, "delta": 0.008976}}
{"target": -424.51757743631106, "params": {"gamma": 9.897079830913631, "prior": 4.702387546027041, "rate": 7.346115555489657}, "datetime": {"datetime": "2024-06-14 05:06:43", "elapsed": 5.124659, "delta": 0.008976}}
{"target": -461.8286591413814, "params": {"gamma": 6.408435432834701, "prior": 7.258624656693496, "rate": 0.5120579273573367}, "datetime": {"datetime": "2024-06-14 05:06:43", "elapsed": 5.133635, "delta": 0.008976}}
{"target": -507.46846197038127, "params": {"gamma": 9.200534008691728, "prior": 9.275728057232191, "rate": 5.520398276514817}, "datetime": {"datetime": "2024-06-14 05:06:43", "elapsed": 5.142611, "delta": 0.008976}}
{"target": -385.8081070667189, "params": {"gamma": 9.639194970956826, "prior": 2.881459816204638, "rate": 6.0218641247383164}, "datetime": {"datetime": "2024-06-14 05:06:43", "elapsed": 5.151587, "delta": 0.008976}}
{"target": -248.92875839682588, "params": {"gamma": 3.9652304378361865, "prior": 6.317429994376759, "rate": 3.0070222529489574}, "datetime": {"datetime": "2024-06-14 05:06:43", "elapsed": 5.160563, "delta": 0.008976}}
{"target": -464.85778849502134, "params": {"gamma": 8.193764488175546, "prior": 0.7908811871916644, "rate": 0.4197338254296628}, "datetime": {"datetime": "2024-06-14 05:06:43", "elapsed": 5.169539, "delta": 0.008976}}
{"target": -123.56547839929489, "params": {"gamma": 0.49491444994850975, "prior": 1.5895047808398683, "rate": 3.954109387473109}, "datetime": {"datetime": "2024-06-14 05:06:43", "elapsed": 5.178515, "delta": 0.008976}}
{"target": -355.431353038827, "params": {"gamma": 9.553944502582489, "prior": 1.1968748529899662, "rate": 6.475882305178456}, "datetime": {"datetime": "2024-06-14 05:06:43", "elapsed": 5.187491, "delta": 0.008976}}
{"target": -307.54810735343904, "params": {"gamma": 5.276687463055037, "prior": 3.5970998192322843, "rate": 1.9827940939725983}, "datetime": {"datetime": "2024-06-14 05:06:43", "elapsed": 5.196468, "delta": 0.008977}}
{"target": -142.1367886215569, "params": {"gamma": 2.20672022439151, "prior": 0.5338329462987547, "rate": 7.131926567624986}, "datetime": {"datetime": "2024-06-14 05:06:43", "elapsed": 5.205443, "delta": 0.008975}}
{"target": -291.87663888906957, "params": {"gamma": 6.538748151763354, "prior": 4.493320947974752, "rate": 7.189675941410347}, "datetime": {"datetime": "2024-06-14 05:06:43", "elapsed": 5.214419, "delta": 0.008976}}
{"target": -131.57823819876668, "params": {"gamma": 1.100649748480759, "prior": 9.393319816352417, "rate": 8.476419465684636}, "datetime": {"datetime": "2024-06-14 05:06:43", "elapsed": 5.223395, "delta": 0.008976}}
{"target": -322.6921457855938, "params": {"gamma": 6.590697560999168, "prior": 3.8504285697511453, "rate": 4.16625072341846}, "datetime": {"datetime": "2024-06-14 05:06:43", "elapsed": 5.232371, "delta": 0.008976}}
{"target": -256.4071945526208, "params": {"gamma": 4.822057067652517, "prior": 9.359309323067325, "rate": 8.636065956226108}, "datetime": {"datetime": "2024-06-14 05:06:43", "elapsed": 5.241347, "delta": 0.008976}}
{"target": -228.38687470546466, "params": {"gamma": 4.779760568316378, "prior": 5.589733132953853, "rate": 8.754163218930938}, "datetime": {"datetime": "2024-06-14 05:06:43", "elapsed": 5.250323, "delta": 0.008976}}
{"target": -442.5133169166014, "params": {"gamma": 9.492695073289129, "prior": 6.427929083095635, "rate": 7.485454680577448}, "datetime": {"datetime": "2024-06-14 05:06:43", "elapsed": 5.259232, "delta": 0.008909}}
{"target": -202.87963708668366, "params": {"gamma": 3.516897438698066, "prior": 9.188480358953182, "rate": 8.367683746488458}, "datetime": {"datetime": "2024-06-14 05:06:43", "elapsed": 5.268208, "delta": 0.008976}}
{"target": -283.3232941645012, "params": {"gamma": 5.521006756366404, "prior": 8.68950937519022, "rate": 8.498868942521883}, "datetime": {"datetime": "2024-06-14 05:06:43", "elapsed": 5.277184, "delta": 0.008976}}
{"target": -307.1528804996194, "params": {"gamma": 8.084305154704811, "prior": 1.393858961534142, "rate": 5.3604897456433}, "datetime": {"datetime": "2024-06-14 05:06:43", "elapsed": 5.28616, "delta": 0.008976}}
{"target": -506.5188027346668, "params": {"gamma": 9.007930363954452, "prior": 7.73123512248292, "rate": 4.207711277052893}, "datetime": {"datetime": "2024-06-14 05:06:43", "elapsed": 5.295136, "delta": 0.008976}}
{"target": -442.2201248172789, "params": {"gamma": 9.778826053206298, "prior": 2.5826542510627224, "rate": 3.336768678250129}, "datetime": {"datetime": "2024-06-14 05:06:43", "elapsed": 5.304112, "delta": 0.008976}}
{"target": -450.48128123960447, "params": {"gamma": 9.54205087378846, "prior": 8.106281947034368, "rate": 9.003499705102108}, "datetime": {"datetime": "2024-06-14 05:06:43", "elapsed": 5.313089, "delta": 0.008977}}
{"target": -139.8809659021968, "params": {"gamma": 0.11688430450954196, "prior": 3.859667887036548, "rate": 2.355984044142083}, "datetime": {"datetime": "2024-06-14 05:06:43", "elapsed": 5.322064, "delta": 0.008975}}
{"target": -179.71474764454103, "params": {"gamma": 2.9600545838222256, "prior": 7.406155414398024, "rate": 7.241124363795878}, "datetime": {"datetime": "2024-06-14 05:06:43", "elapsed": 5.331041, "delta": 0.008977}}
{"target": -222.47092570236865, "params": {"gamma": 4.618532302580416, "prior": 3.716217165950228, "rate": 5.847331438432254}, "datetime": {"datetime": "2024-06-14 05:06:43", "elapsed": 5.340016, "delta": 0.008975}}
{"target": -267.7374950333673, "params": {"gamma": 5.33754383858813, "prior": 5.550737634177834, "rate": 6.155155234075464}, "datetime": {"datetime": "2024-06-14 05:06:43", "elapsed": 5.348993, "delta": 0.008977}}
