{"target": -152.6403625399423, "params": {"gamma": 0.311939657480023, "prior": 5.754639817943711, "rate": 1.8055046214421606}, "datetime": {"datetime": "2024-06-14 12:31:11", "elapsed": 2.698967, "delta": 0.008977}}
{"target": -484.81473343443724, "params": {"gamma": 6.309961044194965, "prior": 9.811144389930757, "rate": 8.749150609572597}, "datetime": {"datetime": "2024-06-14 12:31:11", "elapsed": 2.707942, "delta": 0.008975}}
{"target": -365.52996041614307, "params": {"gamma": 4.518910657959286, "prior": 7.113762613512001, "rate": 7.77491003128189}, "datetime": {"datetime": "2024-06-14 12:31:11", "elapsed": 2.717423, "delta": 0.009481}}
{"target": -365.93645982945543, "params": {"gamma": 4.9489359987414545, "prior": 5.332481552757894, "rate": 1.5086931993235537}, "datetime": {"datetime": "2024-06-14 12:31:11", "elapsed": 2.726399, "delta": 0.008976}}
{"target": -339.7732417295801, "params": {"gamma": 3.6946298561934507, "prior": 1.5079904054205882, "rate": 7.269210639692282}, "datetime": {"datetime": "2024-06-14 12:31:11", "elapsed": 2.735375, "delta": 0.008976}}
{"target": -397.2862575256683, "params": {"gamma": 4.770652931028231, "prior": 4.543900483396978, "rate": 8.860093713682348}, "datetime": {"datetime": "2024-06-14 12:31:11", "elapsed": 2.744351, "delta": 0.008976}}
{"target": -404.46994878086196, "params": {"gamma": 5.2766601043433035, "prior": 4.149999235976913, "rate": 2.6896513301042457}, "datetime": {"datetime": "2024-06-14 12:31:11", "elapsed": 2.753327, "delta": 0.008976}}
{"target": -161.2859664340188, "params": {"gamma": 0.7210483396625298, "prior": 4.239547723880626, "rate": 0.25850907058342715}, "datetime": {"datetime": "2024-06-14 12:31:11", "elapsed": 2.762303, "delta": 0.008976}}
{"target": -269.87476614212176, "params": {"gamma": 2.912248251583728, "prior": 5.084744147499125, "rate": 9.659364717132203}, "datetime": {"datetime": "2024-06-14 12:31:11", "elapsed": 2.771279, "delta": 0.008976}}
{"target": -169.30438026870723, "params": {"gamma": 1.0947197590216522, "prior": 6.7631064367445575, "rate": 4.999823778620901}, "datetime": {"datetime": "2024-06-14 12:31:11", "elapsed": 2.779259, "delta": 0.00798}}
{"target": -570.1238140367034, "params": {"gamma": 7.771205194528555, "prior": 1.521709278954672, "rate": 0.8329431617223197}, "datetime": {"datetime": "2024-06-14 12:31:11", "elapsed": 2.789231, "delta": 0.009972}}
{"target": -306.44243876345826, "params": {"gamma": 3.9927868349191855, "prior": 7.989926294601011, "rate": 1.917565713359991}, "datetime": {"datetime": "2024-06-14 12:31:11", "elapsed": 2.798207, "delta": 0.008976}}
{"target": -574.6002121668647, "params": {"gamma": 7.678004144280593, "prior": 2.9739501709124956, "rate": 2.1696979846303415}, "datetime": {"datetime": "2024-06-14 12:31:11", "elapsed": 2.807183, "delta": 0.008976}}
{"target": -150.77560006050223, "params": {"gamma": 0.1681391751809873, "prior": 4.046724693231549, "rate": 3.8114338314432303}, "datetime": {"datetime": "2024-06-14 12:31:11", "elapsed": 2.815668, "delta": 0.008485}}
{"target": -529.9327178859464, "params": {"gamma": 6.593790017017453, "prior": 0.8020921646568335, "rate": 1.5268872664356763}, "datetime": {"datetime": "2024-06-14 12:31:11", "elapsed": 2.824643, "delta": 0.008975}}
{"target": -150.3224125081725, "params": {"gamma": 0.16674225312644053, "prior": 1.2265839288293277, "rate": 6.518240970824895}, "datetime": {"datetime": "2024-06-14 12:31:11", "elapsed": 2.83362, "delta": 0.008977}}
{"target": -341.87554738870864, "params": {"gamma": 4.027165864897017, "prior": 3.278160510256427, "rate": 5.579562030443482}, "datetime": {"datetime": "2024-06-14 12:31:11", "elapsed": 2.842595, "delta": 0.008975}}
{"target": -741.8455708729717, "params": {"gamma": 9.9346111705354, "prior": 8.361416488778493, "rate": 6.99653220081344}, "datetime": {"datetime": "2024-06-14 12:31:11", "elapsed": 2.851572, "delta": 0.008977}}
{"target": -711.9289515421348, "params": {"gamma": 9.182667632731448, "prior": 0.4933141961625397, "rate": 0.7042640827136369}, "datetime": {"datetime": "2024-06-14 12:31:11", "elapsed": 2.860548, "delta": 0.008976}}
{"target": -402.66328404555037, "params": {"gamma": 4.740588893590559, "prior": 3.5567573882750656, "rate": 9.37258336922236}, "datetime": {"datetime": "2024-06-14 12:31:11", "elapsed": 2.869524, "delta": 0.008976}}
{"target": -401.8989415492243, "params": {"gamma": 4.896160046490541, "prior": 5.442526189924171, "rate": 8.952708396946477}, "datetime": {"datetime": "2024-06-14 12:31:11", "elapsed": 2.878499, "delta": 0.008975}}
{"target": -336.6755099419584, "params": {"gamma": 4.466903823191082, "prior": 8.782640453776484, "rate": 2.536563911966912}, "datetime": {"datetime": "2024-06-14 12:31:11", "elapsed": 2.887476, "delta": 0.008977}}
{"target": -256.6691569299959, "params": {"gamma": 2.7388232318769274, "prior": 3.3507777618671426, "rate": 5.476095140539054}, "datetime": {"datetime": "2024-06-14 12:31:11", "elapsed": 2.895455, "delta": 0.007979}}
{"target": -211.1463028742974, "params": {"gamma": 2.2020666115957854, "prior": 6.747148793704605, "rate": 1.4287900347472011}, "datetime": {"datetime": "2024-06-14 12:31:11", "elapsed": 2.905427, "delta": 0.009972}}
{"target": -164.62347182907894, "params": {"gamma": 0.9419086447218946, "prior": 8.714898287433238, "rate": 2.3694501668664283}, "datetime": {"datetime": "2024-06-14 12:31:11", "elapsed": 2.914404, "delta": 0.008977}}
{"target": -317.8279650978654, "params": {"gamma": 3.8606541062149327, "prior": 5.758266717980789, "rate": 5.258493897544749}, "datetime": {"datetime": "2024-06-14 12:31:11", "elapsed": 2.923379, "delta": 0.008975}}
{"target": -160.10138033337645, "params": {"gamma": 0.7611627705416266, "prior": 8.75384676242048, "rate": 9.511405048568502}, "datetime": {"datetime": "2024-06-14 12:31:11", "elapsed": 2.93246, "delta": 0.009081}}
{"target": -642.8030409290025, "params": {"gamma": 8.125260534442543, "prior": 2.9096381659740556, "rate": 5.278940114383477}, "datetime": {"datetime": "2024-06-14 12:31:11", "elapsed": 2.941435, "delta": 0.008975}}
{"target": -299.6868656911775, "params": {"gamma": 3.394827823452077, "prior": 5.5912063767979, "rate": 9.744060285661112}, "datetime": {"datetime": "2024-06-14 12:31:11", "elapsed": 2.950411, "delta": 0.008976}}
{"target": -262.69531203081795, "params": {"gamma": 3.1177174742720952, "prior": 6.72108639863641, "rate": 3.26034610588255}, "datetime": {"datetime": "2024-06-14 12:31:11", "elapsed": 2.959387, "delta": 0.008976}}
{"target": -628.8326697161217, "params": {"gamma": 7.744998182884782, "prior": 3.325518669470728, "rate": 8.898383587132303}, "datetime": {"datetime": "2024-06-14 12:31:11", "elapsed": 2.968363, "delta": 0.008976}}
{"target": -556.8363921489203, "params": {"gamma": 7.51732550147175, "prior": 7.650057744906595, "rate": 4.695320806570698}, "datetime": {"datetime": "2024-06-14 12:31:11", "elapsed": 2.976892, "delta": 0.008529}}
{"target": -234.424928521759, "params": {"gamma": 2.108434260184585, "prior": 0.5106032878073389, "rate": 3.218966170902475}, "datetime": {"datetime": "2024-06-14 12:31:11", "elapsed": 2.985867, "delta": 0.008975}}
{"target": -152.59011897296128, "params": {"gamma": 0.3720895322754502, "prior": 6.969168572601607, "rate": 6.703829969329749}, "datetime": {"datetime": "2024-06-14 12:31:11", "elapsed": 2.994843, "delta": 0.008976}}
{"target": -341.5128079157735, "params": {"gamma": 4.305287355667006, "prior": 7.701110878815912, "rate": 5.360548938900898}, "datetime": {"datetime": "2024-06-14 12:31:11", "elapsed": 3.003819, "delta": 0.008976}}
{"target": -152.84993058279034, "params": {"gamma": 0.3995594064278903, "prior": 1.4344518678107228, "rate": 1.9349705737501688}, "datetime": {"datetime": "2024-06-14 12:31:11", "elapsed": 3.012795, "delta": 0.008976}}
{"target": -326.50403229586533, "params": {"gamma": 3.357302347845333, "prior": 0.6178981697310199, "rate": 6.051562688223163}, "datetime": {"datetime": "2024-06-14 12:31:11", "elapsed": 3.021771, "delta": 0.008976}}
{"target": -395.7283388072379, "params": {"gamma": 5.121098214211664, "prior": 6.212864018969845, "rate": 4.324123592048677}, "datetime": {"datetime": "2024-06-14 12:31:11", "elapsed": 3.030748, "delta": 0.008977}}
{"target": -557.234143872294, "params": {"gamma": 8.47715698190614, "prior": 4.595184654985598, "rate": 0.15501979439941704}, "datetime": {"datetime": "2024-06-14 12:31:11", "elapsed": 3.039723, "delta": 0.008975}}
{"target": -672.4760291918842, "params": {"gamma": 8.730808416322548, "prior": 6.596395322666579, "rate": 8.23020740344406}, "datetime": {"datetime": "2024-06-14 12:31:11", "elapsed": 3.048699, "delta": 0.008976}}
{"target": -782.1412618926709, "params": {"gamma": 9.517805154645483, "prior": 0.6040325968171834, "rate": 2.3514835690460547}, "datetime": {"datetime": "2024-06-14 12:31:11", "elapsed": 3.057676, "delta": 0.008977}}
{"target": -157.5582932306862, "params": {"gamma": 0.6343710911199417, "prior": 4.274413071721264, "rate": 8.638427625869019}, "datetime": {"datetime": "2024-06-14 12:31:11", "elapsed": 3.066651, "delta": 0.008975}}
{"target": -161.59056742422848, "params": {"gamma": 0.817158203167966, "prior": 4.783808333570197, "rate": 1.2563055549774276}, "datetime": {"datetime": "2024-06-14 12:31:11", "elapsed": 3.075627, "delta": 0.008976}}
{"target": -514.4603307427337, "params": {"gamma": 7.729083136069011, "prior": 8.43007935227885, "rate": 0.4338660909233998}, "datetime": {"datetime": "2024-06-14 12:31:11", "elapsed": 3.084603, "delta": 0.008976}}
{"target": -421.1915658064939, "params": {"gamma": 4.864920990960778, "prior": 2.470169336963784, "rate": 9.5247853431509}, "datetime": {"datetime": "2024-06-14 12:31:11", "elapsed": 3.093579, "delta": 0.008976}}
{"target": -735.5898518633453, "params": {"gamma": 9.438982385210178, "prior": 6.1779466236085385, "rate": 9.734900485854638}, "datetime": {"datetime": "2024-06-14 12:31:11", "elapsed": 3.102555, "delta": 0.008976}}
{"target": -282.0304102635977, "params": {"gamma": 3.4492685758187935, "prior": 8.98872210491005, "rate": 4.346515139111687}, "datetime": {"datetime": "2024-06-14 12:31:11", "elapsed": 3.111531, "delta": 0.008976}}
{"target": -224.77345774350587, "params": {"gamma": 2.35891055683799, "prior": 9.414196835693854, "rate": 6.842496291781293}, "datetime": {"datetime": "2024-06-14 12:31:11", "elapsed": 3.120507, "delta": 0.008976}}
{"target": -157.363113734296, "params": {"gamma": 0.6500509418059542, "prior": 8.717206082548355, "rate": 7.01410156603883}, "datetime": {"datetime": "2024-06-14 12:31:11", "elapsed": 3.129483, "delta": 0.008976}}
{"target": -439.81519307932336, "params": {"gamma": 6.049663802869843, "prior": 7.350511501875372, "rate": 2.535136985955308}, "datetime": {"datetime": "2024-06-14 12:31:11", "elapsed": 3.140454, "delta": 0.010971}}
{"target": -416.19317856168595, "params": {"gamma": 6.00528906379017, "prior": 8.164729894490387, "rate": 0.542082489579675}, "datetime": {"datetime": "2024-06-14 12:31:11", "elapsed": 3.14943, "delta": 0.008976}}
{"target": -176.61861640644273, "params": {"gamma": 1.3059762027213204, "prior": 8.440213518568495, "rate": 6.183840347409528}, "datetime": {"datetime": "2024-06-14 12:31:11", "elapsed": 3.158406, "delta": 0.008976}}
{"target": -422.0104516413324, "params": {"gamma": 5.3133468170001, "prior": 2.558078217071276, "rate": 2.9514906739197095}, "datetime": {"datetime": "2024-06-14 12:31:11", "elapsed": 3.167382, "delta": 0.008976}}
{"target": -587.1953193199615, "params": {"gamma": 8.726988963029699, "prior": 4.274492755012122, "rate": 0.6452381255404884}, "datetime": {"datetime": "2024-06-14 12:31:11", "elapsed": 3.176358, "delta": 0.008976}}
{"target": -739.0243071145437, "params": {"gamma": 8.969953710006317, "prior": 2.1134702449581058, "rate": 8.262449127388422}, "datetime": {"datetime": "2024-06-14 12:31:11", "elapsed": 3.185334, "delta": 0.008976}}
{"target": -677.8053185270293, "params": {"gamma": 8.81782446020499, "prior": 4.918832373701547, "rate": 5.98504846635326}, "datetime": {"datetime": "2024-06-14 12:31:11", "elapsed": 3.19431, "delta": 0.008976}}
{"target": -423.6563825782025, "params": {"gamma": 5.273147297397685, "prior": 6.28573081243644, "rate": 8.550562171752167}, "datetime": {"datetime": "2024-06-14 12:31:11", "elapsed": 3.203286, "delta": 0.008976}}
{"target": -248.92259637043412, "params": {"gamma": 2.8221123446002014, "prior": 8.849179530987948, "rate": 5.677335610861374}, "datetime": {"datetime": "2024-06-14 12:31:11", "elapsed": 3.212262, "delta": 0.008976}}
{"target": -175.7722456696384, "params": {"gamma": 1.151915306628067, "prior": 2.347311535625114, "rate": 5.960227873744525}, "datetime": {"datetime": "2024-06-14 12:31:11", "elapsed": 3.221238, "delta": 0.008976}}
{"target": -231.7151467875872, "params": {"gamma": 2.395222922809899, "prior": 1.4010150393208598, "rate": 1.6193152935242277}, "datetime": {"datetime": "2024-06-14 12:31:11", "elapsed": 3.230214, "delta": 0.008976}}
{"target": -661.7407136577602, "params": {"gamma": 8.448880309839154, "prior": 6.061618173537837, "rate": 9.635707304796231}, "datetime": {"datetime": "2024-06-14 12:31:11", "elapsed": 3.23919, "delta": 0.008976}}
{"target": -293.54679716839263, "params": {"gamma": 3.4574464537469587, "prior": 5.996688471536002, "rate": 5.9902539044452245}, "datetime": {"datetime": "2024-06-14 12:31:11", "elapsed": 3.248166, "delta": 0.008976}}
{"target": -547.7752832933409, "params": {"gamma": 6.157427167752284, "prior": 0.6858543511386517, "rate": 7.503421528562285}, "datetime": {"datetime": "2024-06-14 12:31:11", "elapsed": 3.257142, "delta": 0.008976}}
{"target": -668.5248336203642, "params": {"gamma": 9.482146772378064, "prior": 5.393322666077928, "rate": 1.926367653529729}, "datetime": {"datetime": "2024-06-14 12:31:11", "elapsed": 3.266118, "delta": 0.008976}}
{"target": -675.6539855908144, "params": {"gamma": 7.529506223884443, "prior": 0.17245779634585162, "rate": 3.2832327804041577}, "datetime": {"datetime": "2024-06-14 12:31:11", "elapsed": 3.275094, "delta": 0.008976}}
{"target": -711.9361349756447, "params": {"gamma": 9.176145870096288, "prior": 5.92483659564938, "rate": 8.55204764875745}, "datetime": {"datetime": "2024-06-14 12:31:11", "elapsed": 3.28407, "delta": 0.008976}}
{"target": -471.6936693601818, "params": {"gamma": 6.047115851439529, "prior": 8.243523709986324, "rate": 8.79495575076974}, "datetime": {"datetime": "2024-06-14 12:31:11", "elapsed": 3.293046, "delta": 0.008976}}
{"target": -307.2603964879915, "params": {"gamma": 3.210542758870008, "prior": 1.3172522383665672, "rate": 7.213312138521522}, "datetime": {"datetime": "2024-06-14 12:31:11", "elapsed": 3.302022, "delta": 0.008976}}
{"target": -389.7097510120567, "params": {"gamma": 4.404030521225552, "prior": 1.3546835205058854, "rate": 5.898646657450783}, "datetime": {"datetime": "2024-06-14 12:31:11", "elapsed": 3.310998, "delta": 0.008976}}
{"target": -152.34273589838787, "params": {"gamma": 0.36164707738402946, "prior": 2.0818029524687707, "rate": 7.883223595490022}, "datetime": {"datetime": "2024-06-14 12:31:11", "elapsed": 3.319974, "delta": 0.008976}}
{"target": -151.41132775282307, "params": {"gamma": 0.12195550339356331, "prior": 3.1031221499148343, "rate": 0.2147382349196191}, "datetime": {"datetime": "2024-06-14 12:31:11", "elapsed": 3.328996, "delta": 0.009022}}
{"target": -718.7108519897835, "params": {"gamma": 9.974852442290567, "prior": 5.862096765800271, "rate": 2.93446940858208}, "datetime": {"datetime": "2024-06-14 12:31:11", "elapsed": 3.337926, "delta": 0.00893}}
{"target": -698.1121133618019, "params": {"gamma": 9.289565669469264, "prior": 5.120482293127225, "rate": 4.547467583296517}, "datetime": {"datetime": "2024-06-14 12:31:11", "elapsed": 3.346902, "delta": 0.008976}}
{"target": -461.333916387876, "params": {"gamma": 5.879127191455569, "prior": 2.7149626776846394, "rate": 3.0535777051749857}, "datetime": {"datetime": "2024-06-14 12:31:11", "elapsed": 3.355878, "delta": 0.008976}}
{"target": -327.0783123128905, "params": {"gamma": 3.7171741126651003, "prior": 2.520035193778948, "rate": 5.845888113900182}, "datetime": {"datetime": "2024-06-14 12:31:11", "elapsed": 3.364854, "delta": 0.008976}}
{"target": -615.4621466628618, "params": {"gamma": 6.958765493189333, "prior": 0.8122774796236112, "rate": 9.710862112935013}, "datetime": {"datetime": "2024-06-14 12:31:11", "elapsed": 3.37383, "delta": 0.008976}}
{"target": -573.2461718828498, "params": {"gamma": 7.53095348803868, "prior": 8.081015313238742, "rate": 7.516652400408825}, "datetime": {"datetime": "2024-06-14 12:31:11", "elapsed": 3.382806, "delta": 0.008976}}
{"target": -160.98843273799713, "params": {"gamma": 0.8015297117349018, "prior": 4.868793201909653, "rate": 4.457283891060159}, "datetime": {"datetime": "2024-06-14 12:31:11", "elapsed": 3.391782, "delta": 0.008976}}
{"target": -532.8052310982151, "params": {"gamma": 6.725054032598774, "prior": 4.5424988623607865, "rate": 7.043429670440712}, "datetime": {"datetime": "2024-06-14 12:31:11", "elapsed": 3.400758, "delta": 0.008976}}
{"target": -520.411682451916, "params": {"gamma": 6.816771730688627, "prior": 7.001770434652286, "rate": 6.186388824872803}, "datetime": {"datetime": "2024-06-14 12:31:11", "elapsed": 3.409734, "delta": 0.008976}}
{"target": -186.21602892928928, "params": {"gamma": 1.5106563520631782, "prior": 7.631944317426985, "rate": 7.810677176117377}, "datetime": {"datetime": "2024-06-14 12:31:11", "elapsed": 3.419551, "delta": 0.009817}}
{"target": -671.4621035778094, "params": {"gamma": 9.041125756152136, "prior": 2.414310056780649, "rate": 1.7676122518303419}, "datetime": {"datetime": "2024-06-14 12:31:11", "elapsed": 3.428526, "delta": 0.008975}}
{"target": -342.08180465965035, "params": {"gamma": 3.9116001319445175, "prior": 3.2735900745520863, "rate": 8.154953813127257}, "datetime": {"datetime": "2024-06-14 12:31:11", "elapsed": 3.437503, "delta": 0.008977}}
{"target": -458.76239866033853, "params": {"gamma": 6.135645470784649, "prior": 7.624017348262513, "rate": 4.277223331869946}, "datetime": {"datetime": "2024-06-14 12:31:11", "elapsed": 3.446479, "delta": 0.008976}}
{"target": -170.11884490197025, "params": {"gamma": 0.9953061885929767, "prior": 1.238846619297438, "rate": 3.734697910240216}, "datetime": {"datetime": "2024-06-14 12:31:11", "elapsed": 3.456452, "delta": 0.009973}}
{"target": -203.62488210764886, "params": {"gamma": 1.939283827327562, "prior": 8.225390336367088, "rate": 5.996760448228745}, "datetime": {"datetime": "2024-06-14 12:31:11", "elapsed": 3.465428, "delta": 0.008976}}
{"target": -477.60410953212903, "params": {"gamma": 6.888763744927632, "prior": 4.9619886169125325, "rate": 0.8826486387405684}, "datetime": {"datetime": "2024-06-14 12:31:11", "elapsed": 3.474404, "delta": 0.008976}}
{"target": -220.33768072399852, "params": {"gamma": 2.351541289225017, "prior": 4.669860600827058, "rate": 1.9867164390362086}, "datetime": {"datetime": "2024-06-14 12:31:11", "elapsed": 3.48338, "delta": 0.008976}}
{"target": -151.35100537846787, "params": {"gamma": 0.2557368815524242, "prior": 7.321037212735911, "rate": 7.249442555443973}, "datetime": {"datetime": "2024-06-14 12:31:11", "elapsed": 3.492356, "delta": 0.008976}}
{"target": -274.0630350063953, "params": {"gamma": 3.304587071870666, "prior": 8.45059184803019, "rate": 4.284996317034784}, "datetime": {"datetime": "2024-06-14 12:31:11", "elapsed": 3.501332, "delta": 0.008976}}
{"target": -651.3203830906075, "params": {"gamma": 8.64699676149058, "prior": 6.604947703766606, "rate": 5.810775538523484}, "datetime": {"datetime": "2024-06-14 12:31:11", "elapsed": 3.510308, "delta": 0.008976}}
{"target": -214.4984225411323, "params": {"gamma": 2.008074152862875, "prior": 5.342511443736109, "rate": 8.944429751857296}, "datetime": {"datetime": "2024-06-14 12:31:12", "elapsed": 3.519284, "delta": 0.008976}}
{"target": -268.8696165343231, "params": {"gamma": 3.0506347643763254, "prior": 8.722361530694428, "rate": 9.087543983311022}, "datetime": {"datetime": "2024-06-14 12:31:12", "elapsed": 3.52826, "delta": 0.008976}}
{"target": -288.2478597693729, "params": {"gamma": 3.2991157822561417, "prior": 6.862436226731985, "rate": 8.992310274710121}, "datetime": {"datetime": "2024-06-14 12:31:12", "elapsed": 3.537236, "delta": 0.008976}}
{"target": -160.47428001903594, "params": {"gamma": 0.7578931207012753, "prior": 8.798019845727227, "rate": 1.9092027933215376}, "datetime": {"datetime": "2024-06-14 12:31:12", "elapsed": 3.546212, "delta": 0.008976}}
{"target": -617.7453777575361, "params": {"gamma": 8.497839331269288, "prior": 6.704476008122119, "rate": 3.4440476153050885}, "datetime": {"datetime": "2024-06-14 12:31:12", "elapsed": 3.555188, "delta": 0.008976}}
{"target": -187.94722338582645, "params": {"gamma": 1.5146043243579972, "prior": 6.390172518735689, "rate": 8.478032649103701}, "datetime": {"datetime": "2024-06-14 12:31:12", "elapsed": 3.564164, "delta": 0.008976}}
{"target": -642.5503084777672, "params": {"gamma": 8.218671898265342, "prior": 6.319572011593512, "rate": 9.563058796042565}, "datetime": {"datetime": "2024-06-14 12:31:12", "elapsed": 3.57314, "delta": 0.008976}}
{"target": -481.3536245863683, "params": {"gamma": 5.899641347630623, "prior": 2.058544568014401, "rate": 4.293877895442307}, "datetime": {"datetime": "2024-06-14 12:31:12", "elapsed": 3.582116, "delta": 0.008976}}
{"target": -274.63342880298404, "params": {"gamma": 3.3681232410129716, "prior": 9.920255617882082, "rate": 3.8029847246765303}, "datetime": {"datetime": "2024-06-14 12:31:12", "elapsed": 3.591092, "delta": 0.008976}}
{"target": -694.4172836483734, "params": {"gamma": 9.927016035774514, "prior": 5.2361620822608, "rate": 1.7236247350697775}, "datetime": {"datetime": "2024-06-14 12:31:12", "elapsed": 3.600068, "delta": 0.008976}}
