{"target": -336.39063136718204, "params": {"gamma": 3.622798839194582, "prior": 8.091186697583844, "rate": 0.3607736956187603}, "datetime": {"datetime": "2024-06-14 08:53:17", "elapsed": 7.350292, "delta": 0.008974}}
{"target": -268.7978130004356, "params": {"gamma": 3.584594051008626, "prior": 6.41895351934156, "rate": 1.4308980910737081}, "datetime": {"datetime": "2024-06-14 08:53:17", "elapsed": 7.359268, "delta": 0.008976}}
{"target": -615.481448044387, "params": {"gamma": 8.577528406499894, "prior": 6.491087641906984, "rate": 1.1538189613747907}, "datetime": {"datetime": "2024-06-14 08:53:17", "elapsed": 7.368244, "delta": 0.008976}}
{"target": -160.8463247901929, "params": {"gamma": 2.081766002579473, "prior": 7.48043347440683, "rate": 4.034662876713395}, "datetime": {"datetime": "2024-06-14 08:53:17", "elapsed": 7.378218, "delta": 0.009974}}
{"target": -368.7528596743928, "params": {"gamma": 4.84521613942412, "prior": 8.885805272920003, "rate": 1.3752980526926846}, "datetime": {"datetime": "2024-06-14 08:53:17", "elapsed": 7.387194, "delta": 0.008976}}
{"target": -317.01368920583377, "params": {"gamma": 9.64376360106379, "prior": 0.5220338497861409, "rate": 0.9953031322915933}, "datetime": {"datetime": "2024-06-14 08:53:17", "elapsed": 7.397101, "delta": 0.009907}}
{"target": -164.22430814969508, "params": {"gamma": 2.2331610709734946, "prior": 8.08519231437909, "rate": 4.559272200887655}, "datetime": {"datetime": "2024-06-14 08:53:17", "elapsed": 7.406449, "delta": 0.009348}}
{"target": -293.89928850082254, "params": {"gamma": 6.5328581714709335, "prior": 1.8257792614463888, "rate": 1.668052607332356}, "datetime": {"datetime": "2024-06-14 08:53:17", "elapsed": 7.415847, "delta": 0.009398}}
{"target": -278.578912953682, "params": {"gamma": 5.208962557197339, "prior": 7.428906989274194, "rate": 4.62528217768507}, "datetime": {"datetime": "2024-06-14 08:53:17", "elapsed": 7.424771, "delta": 0.008924}}
{"target": -526.3174004481905, "params": {"gamma": 8.696271237126007, "prior": 6.638078153239339, "rate": 2.4916517944308763}, "datetime": {"datetime": "2024-06-14 08:53:17", "elapsed": 7.434033, "delta": 0.009262}}
{"target": -137.41796096232557, "params": {"gamma": 2.3497873058002465, "prior": 3.8030624969839892, "rate": 7.566403946905877}, "datetime": {"datetime": "2024-06-14 08:53:17", "elapsed": 7.443103, "delta": 0.00907}}
{"target": -601.097453178766, "params": {"gamma": 9.379438705433513, "prior": 8.632869393256446, "rate": 2.6168463160365345}, "datetime": {"datetime": "2024-06-14 08:53:17", "elapsed": 7.453014, "delta": 0.009911}}
{"target": -208.89718621571436, "params": {"gamma": 4.12337700085772, "prior": 6.154286584558183, "rate": 5.468797723702268}, "datetime": {"datetime": "2024-06-14 08:53:17", "elapsed": 7.46199, "delta": 0.008976}}
{"target": -165.42866369896745, "params": {"gamma": 3.893360179144248, "prior": 1.1040656911246396, "rate": 7.122735799168159}, "datetime": {"datetime": "2024-06-14 08:53:17", "elapsed": 7.470903, "delta": 0.008913}}
{"target": -126.52052762585018, "params": {"gamma": 0.8822635040904132, "prior": 8.674166550799823, "rate": 8.634620954886014}, "datetime": {"datetime": "2024-06-14 08:53:17", "elapsed": 7.480876, "delta": 0.009973}}
{"target": -269.2724922267492, "params": {"gamma": 7.084799464362212, "prior": 4.915603280696092, "rate": 6.991766507563753}, "datetime": {"datetime": "2024-06-14 08:53:17", "elapsed": 7.489852, "delta": 0.008976}}
{"target": -197.5799410653288, "params": {"gamma": 3.950475613957549, "prior": 7.995210244504152, "rate": 7.864384405716199}, "datetime": {"datetime": "2024-06-14 08:53:17", "elapsed": 7.499826, "delta": 0.009974}}
{"target": -131.89583329327925, "params": {"gamma": 1.5561303101523432, "prior": 3.246393748470918, "rate": 3.4404877846831172}, "datetime": {"datetime": "2024-06-14 08:53:17", "elapsed": 7.508802, "delta": 0.008976}}
{"target": -321.57598117073314, "params": {"gamma": 3.6423388162366046, "prior": 5.709791011210197, "rate": 0.4178327377603575}, "datetime": {"datetime": "2024-06-14 08:53:17", "elapsed": 7.518775, "delta": 0.009973}}
{"target": -235.96908741548245, "params": {"gamma": 6.600037219920028, "prior": 2.09615441466068, "rate": 4.165209099174909}, "datetime": {"datetime": "2024-06-14 08:53:17", "elapsed": 7.527752, "delta": 0.008977}}
{"target": -210.25836922314585, "params": {"gamma": 4.5094756723505, "prior": 3.552395018521695, "rate": 3.8334198209699974}, "datetime": {"datetime": "2024-06-14 08:53:17", "elapsed": 7.536726, "delta": 0.008974}}
{"target": -124.01691248980362, "params": {"gamma": 1.8038803024167458, "prior": 0.7744875682013366, "rate": 5.513015232709581}, "datetime": {"datetime": "2024-06-14 08:53:17", "elapsed": 7.546729, "delta": 0.010003}}
{"target": -233.43000564601985, "params": {"gamma": 5.959073589220895, "prior": 1.5404479132949174, "rate": 2.310186141512919}, "datetime": {"datetime": "2024-06-14 08:53:17", "elapsed": 7.555677, "delta": 0.008948}}
{"target": -236.92834520449898, "params": {"gamma": 2.864484938242287, "prior": 8.324438532353815, "rate": 1.535055990682961}, "datetime": {"datetime": "2024-06-14 08:53:17", "elapsed": 7.56565, "delta": 0.009973}}
{"target": -296.2841422574181, "params": {"gamma": 5.521835936727261, "prior": 5.724583205152705, "rate": 3.434857510993614}, "datetime": {"datetime": "2024-06-14 08:53:17", "elapsed": 7.574626, "delta": 0.008976}}
{"target": -210.79375486289305, "params": {"gamma": 3.5068212758802293, "prior": 9.595208973440103, "rate": 5.533886150645748}, "datetime": {"datetime": "2024-06-14 08:53:17", "elapsed": 7.583602, "delta": 0.008976}}
{"target": -259.6750981058252, "params": {"gamma": 6.527659277808647, "prior": 4.958327152799692, "rate": 6.466853166736234}, "datetime": {"datetime": "2024-06-14 08:53:17", "elapsed": 7.592578, "delta": 0.008976}}
{"target": -219.28391572541517, "params": {"gamma": 6.052902604285114, "prior": 1.5372155999089467, "rate": 3.3474706483130476}, "datetime": {"datetime": "2024-06-14 08:53:17", "elapsed": 7.602551, "delta": 0.009973}}
{"target": -181.72088240416025, "params": {"gamma": 4.604879500595876, "prior": 1.3654344499032103, "rate": 3.6313701627213772}, "datetime": {"datetime": "2024-06-14 08:53:17", "elapsed": 7.611556, "delta": 0.009005}}
{"target": -177.94791235450887, "params": {"gamma": 2.2821882012949293, "prior": 8.49027576247698, "rate": 3.4153993261329654}, "datetime": {"datetime": "2024-06-14 08:53:17", "elapsed": 7.620503, "delta": 0.008947}}
{"target": -138.2592685673503, "params": {"gamma": 2.268666417341983, "prior": 4.140995888237594, "rate": 6.830957412174848}, "datetime": {"datetime": "2024-06-14 08:53:17", "elapsed": 7.630476, "delta": 0.009973}}
{"target": -118.23639776608793, "params": {"gamma": 0.657154367615287, "prior": 1.889219214669599, "rate": 6.943375082298363}, "datetime": {"datetime": "2024-06-14 08:53:17", "elapsed": 7.639453, "delta": 0.008977}}
{"target": -282.661269453649, "params": {"gamma": 7.522813791436128, "prior": 6.215767368139672, "rate": 8.792106406805418}, "datetime": {"datetime": "2024-06-14 08:53:17", "elapsed": 7.648429, "delta": 0.008976}}
{"target": -130.87057891975957, "params": {"gamma": 1.6888331005858586, "prior": 7.065122548794142, "rate": 9.172684330641006}, "datetime": {"datetime": "2024-06-14 08:53:17", "elapsed": 7.658402, "delta": 0.009973}}
{"target": -122.6106394379125, "params": {"gamma": 1.508245851371479, "prior": 2.5132633762221936, "rate": 5.467299036335953}, "datetime": {"datetime": "2024-06-14 08:53:17", "elapsed": 7.667378, "delta": 0.008976}}
{"target": -303.5808261742603, "params": {"gamma": 3.441849250422999, "prior": 6.937326899745702, "rate": 0.5766186166326498}, "datetime": {"datetime": "2024-06-14 08:53:17", "elapsed": 7.677351, "delta": 0.009973}}
{"target": -128.99411360448346, "params": {"gamma": 1.6084806590922747, "prior": 7.190759234148253, "rate": 9.706216365641005}, "datetime": {"datetime": "2024-06-14 08:53:17", "elapsed": 7.686327, "delta": 0.008976}}
{"target": -688.5156499491076, "params": {"gamma": 9.295574214746894, "prior": 9.020563234885856, "rate": 1.2783053957220292}, "datetime": {"datetime": "2024-06-14 08:53:17", "elapsed": 7.695303, "delta": 0.008976}}
{"target": -118.95848121873965, "params": {"gamma": 1.4601432517979631, "prior": 0.8154210924672393, "rate": 5.425859791214765}, "datetime": {"datetime": "2024-06-14 08:53:17", "elapsed": 7.704279, "delta": 0.008976}}
{"target": -318.4792564655556, "params": {"gamma": 8.824979242850812, "prior": 5.364739810662196, "rate": 7.817371138674004}, "datetime": {"datetime": "2024-06-14 08:53:17", "elapsed": 7.714281, "delta": 0.010002}}
{"target": -183.34721602157265, "params": {"gamma": 1.8853494153257044, "prior": 8.644801475646716, "rate": 1.8750602824827893}, "datetime": {"datetime": "2024-06-14 08:53:17", "elapsed": 7.724227, "delta": 0.009946}}
{"target": -126.70226584316481, "params": {"gamma": 0.548586496539166, "prior": 4.2727610032381715, "rate": 5.551489195654376}, "datetime": {"datetime": "2024-06-14 08:53:17", "elapsed": 7.733202, "delta": 0.008975}}
{"target": -302.20698147207634, "params": {"gamma": 9.707449353204424, "prior": 1.0083629510677956, "rate": 2.7399070142023203}, "datetime": {"datetime": "2024-06-14 08:53:17", "elapsed": 7.742178, "delta": 0.008976}}
{"target": -131.85228179008797, "params": {"gamma": 1.0519655837514126, "prior": 3.9653524037024024, "rate": 2.890821820794509}, "datetime": {"datetime": "2024-06-14 08:53:17", "elapsed": 7.752151, "delta": 0.009973}}
{"target": -193.82610722926404, "params": {"gamma": 5.133490194329599, "prior": 3.547741149332395, "rate": 9.28235195448276}, "datetime": {"datetime": "2024-06-14 08:53:17", "elapsed": 7.761127, "delta": 0.008976}}
{"target": -583.3122529357006, "params": {"gamma": 7.8996880160340215, "prior": 8.624012549278358, "rate": 1.2958799584830156}, "datetime": {"datetime": "2024-06-14 08:53:17", "elapsed": 7.7711, "delta": 0.009973}}
{"target": -205.41489752408071, "params": {"gamma": 5.751126599720151, "prior": 2.2263471052601016, "rate": 8.682517475837448}, "datetime": {"datetime": "2024-06-14 08:53:17", "elapsed": 7.780076, "delta": 0.008976}}
{"target": -137.72419704684566, "params": {"gamma": 0.15117919811248737, "prior": 1.1468677297875165, "rate": 3.761194698397609}, "datetime": {"datetime": "2024-06-14 08:53:17", "elapsed": 7.789053, "delta": 0.008977}}
{"target": -268.5407860626857, "params": {"gamma": 4.021536967025843, "prior": 2.8444788214889583, "rate": 0.9615339246006319}, "datetime": {"datetime": "2024-06-14 08:53:18", "elapsed": 7.798029, "delta": 0.008976}}
{"target": -117.77897475670238, "params": {"gamma": 1.1881853207208233, "prior": 3.2476530630886056, "rate": 9.507977547943128}, "datetime": {"datetime": "2024-06-14 08:53:18", "elapsed": 7.808002, "delta": 0.009973}}
{"target": -175.59598040457527, "params": {"gamma": 2.0748582416284203, "prior": 7.498075178486302, "rate": 2.5826284514108324}, "datetime": {"datetime": "2024-06-14 08:53:18", "elapsed": 7.816978, "delta": 0.008976}}
{"target": -124.54922259025237, "params": {"gamma": 0.37336531585223737, "prior": 0.2589168707539145, "rate": 1.5279066058805837}, "datetime": {"datetime": "2024-06-14 08:53:18", "elapsed": 7.826952, "delta": 0.009974}}
{"target": -221.02569104084444, "params": {"gamma": 4.621379845784425, "prior": 7.58342086562427, "rate": 7.2884205045195944}, "datetime": {"datetime": "2024-06-14 08:53:18", "elapsed": 7.835927, "delta": 0.008975}}
{"target": -165.83519479135214, "params": {"gamma": 3.524542035387884, "prior": 4.843478859752845, "rate": 8.140923460003277}, "datetime": {"datetime": "2024-06-14 08:53:18", "elapsed": 7.844903, "delta": 0.008976}}
{"target": -732.8068159389888, "params": {"gamma": 8.384190660883412, "prior": 3.2671753341380563, "rate": 0.043645919052664246}, "datetime": {"datetime": "2024-06-14 08:53:18", "elapsed": 7.854876, "delta": 0.009973}}
{"target": -141.43326536598866, "params": {"gamma": 0.4702615014191002, "prior": 7.404293038279442, "rate": 2.7270501784440078}, "datetime": {"datetime": "2024-06-14 08:53:18", "elapsed": 7.863853, "delta": 0.008977}}
{"target": -184.32794206871344, "params": {"gamma": 4.815376636054336, "prior": 2.0011095337083287, "rate": 8.471282047905861}, "datetime": {"datetime": "2024-06-14 08:53:18", "elapsed": 7.873826, "delta": 0.009973}}
{"target": -283.22597844859314, "params": {"gamma": 5.034272718755895, "prior": 5.318885739650387, "rate": 2.881507801269463}, "datetime": {"datetime": "2024-06-14 08:53:18", "elapsed": 7.882802, "delta": 0.008976}}
{"target": -206.5712347116374, "params": {"gamma": 5.120480307408566, "prior": 0.1194400892869483, "rate": 2.7736731083917574}, "datetime": {"datetime": "2024-06-14 08:53:18", "elapsed": 7.891778, "delta": 0.008976}}
{"target": -248.09780865705974, "params": {"gamma": 3.488281072400821, "prior": 2.9111137742614566, "rate": 0.8604363235466009}, "datetime": {"datetime": "2024-06-14 08:53:18", "elapsed": 7.901751, "delta": 0.009973}}
{"target": -226.17887487748143, "params": {"gamma": 5.2182903111313514, "prior": 7.9059434203978, "rate": 9.426041757646109}, "datetime": {"datetime": "2024-06-14 08:53:18", "elapsed": 7.910727, "delta": 0.008976}}
{"target": -289.83060085255005, "params": {"gamma": 4.973400631374519, "prior": 5.9781631977188905, "rate": 2.9093085181668954}, "datetime": {"datetime": "2024-06-14 08:53:18", "elapsed": 7.919703, "delta": 0.008976}}
{"target": -119.42779181325163, "params": {"gamma": 1.492445929692968, "prior": 1.4055297382115668, "rate": 7.323875397919708}, "datetime": {"datetime": "2024-06-14 08:53:18", "elapsed": 7.929677, "delta": 0.009974}}
{"target": -250.39554740311442, "params": {"gamma": 7.344959884063995, "prior": 1.8755651647026885, "rate": 4.136190237378143}, "datetime": {"datetime": "2024-06-14 08:53:18", "elapsed": 7.938653, "delta": 0.008976}}
{"target": -212.50846666801144, "params": {"gamma": 5.941849134587504, "prior": 1.3402912672428726, "rate": 7.85390412973879}, "datetime": {"datetime": "2024-06-14 08:53:18", "elapsed": 7.948627, "delta": 0.009974}}
{"target": -261.1792328936993, "params": {"gamma": 6.20030204099907, "prior": 6.190694745933699, "rate": 7.012379711094405}, "datetime": {"datetime": "2024-06-14 08:53:18", "elapsed": 7.957602, "delta": 0.008975}}
{"target": -344.4189194087948, "params": {"gamma": 9.871843637581678, "prior": 5.667705113976064, "rate": 8.644298200721781}, "datetime": {"datetime": "2024-06-14 08:53:18", "elapsed": 7.966578, "delta": 0.008976}}
{"target": -188.12936472916806, "params": {"gamma": 4.187668041896602, "prior": 6.5792465771516, "rate": 9.252686617399803}, "datetime": {"datetime": "2024-06-14 08:53:18", "elapsed": 7.976551, "delta": 0.009973}}
{"target": -236.75616643961104, "params": {"gamma": 6.64184400562511, "prior": 3.1004986918363557, "rate": 6.199836992922438}, "datetime": {"datetime": "2024-06-14 08:53:18", "elapsed": 7.985527, "delta": 0.008976}}
{"target": -163.38361874417663, "params": {"gamma": 3.5138318852615673, "prior": 3.2914300838307535, "rate": 6.102440382404956}, "datetime": {"datetime": "2024-06-14 08:53:18", "elapsed": 7.994503, "delta": 0.008976}}
{"target": -124.89473710287672, "params": {"gamma": 1.6040719966518822, "prior": 4.918715464001758, "rate": 9.456397215578926}, "datetime": {"datetime": "2024-06-14 08:53:18", "elapsed": 8.004476, "delta": 0.009973}}
{"target": -166.32688893644726, "params": {"gamma": 3.839758505543401, "prior": 1.9707296731335333, "rate": 4.688920657472168}, "datetime": {"datetime": "2024-06-14 08:53:18", "elapsed": 8.013452, "delta": 0.008976}}
{"target": -355.35888955472154, "params": {"gamma": 8.409237406703872, "prior": 8.442410453690822, "rate": 8.278204591352763}, "datetime": {"datetime": "2024-06-14 08:53:18", "elapsed": 8.023427, "delta": 0.009975}}
{"target": -139.937609936985, "params": {"gamma": 0.11574365054552785, "prior": 2.7436990682901228, "rate": 9.99875799995505}, "datetime": {"datetime": "2024-06-14 08:53:18", "elapsed": 8.032402, "delta": 0.008975}}
{"target": -122.12672401980123, "params": {"gamma": 1.1977130886476726, "prior": 4.951886011267569, "rate": 7.900471479876251}, "datetime": {"datetime": "2024-06-14 08:53:18", "elapsed": 8.042376, "delta": 0.009974}}
{"target": -133.54853457687997, "params": {"gamma": 1.223016887028468, "prior": 6.657850888843354, "rate": 4.881316374767721}, "datetime": {"datetime": "2024-06-14 08:53:18", "elapsed": 8.05138, "delta": 0.009004}}
{"target": -187.35491518169562, "params": {"gamma": 1.9437055308797813, "prior": 8.798437263168932, "rate": 1.8156924881797458}, "datetime": {"datetime": "2024-06-14 08:53:18", "elapsed": 8.060327, "delta": 0.008947}}
{"target": -309.38182319629567, "params": {"gamma": 6.390889540088459, "prior": 7.434186094159498, "rate": 5.6271661930456895}, "datetime": {"datetime": "2024-06-14 08:53:18", "elapsed": 8.070301, "delta": 0.009974}}
{"target": -222.1972288630677, "params": {"gamma": 6.288786844403314, "prior": 1.2777574265578442, "rate": 3.0810618335582585}, "datetime": {"datetime": "2024-06-14 08:53:18", "elapsed": 8.079277, "delta": 0.008976}}
{"target": -225.67143943501293, "params": {"gamma": 5.870035110089563, "prior": 4.015090791444363, "rate": 6.639796868246575}, "datetime": {"datetime": "2024-06-14 08:53:18", "elapsed": 8.088253, "delta": 0.008976}}
{"target": -273.2611276709986, "params": {"gamma": 8.519694493398179, "prior": 1.9831986841906173, "rate": 9.032823736002479}, "datetime": {"datetime": "2024-06-14 08:53:18", "elapsed": 8.098226, "delta": 0.009973}}
{"target": -216.55607018049287, "params": {"gamma": 3.8323753284605018, "prior": 9.43693087420972, "rate": 6.174205747936627}, "datetime": {"datetime": "2024-06-14 08:53:18", "elapsed": 8.107202, "delta": 0.008976}}
{"target": -330.90329772819865, "params": {"gamma": 7.901165115937855, "prior": 5.1962767408949375, "rate": 5.311915799238696}, "datetime": {"datetime": "2024-06-14 08:53:18", "elapsed": 8.117175, "delta": 0.009973}}
{"target": -152.75040595809136, "params": {"gamma": 3.276611393760953, "prior": 1.3807106015508195, "rate": 3.8388352966923764}, "datetime": {"datetime": "2024-06-14 08:53:18", "elapsed": 8.126151, "delta": 0.008976}}
{"target": -129.85190457944285, "params": {"gamma": 2.1505498314359848, "prior": 0.4253660332309741, "rate": 2.7495934114227696}, "datetime": {"datetime": "2024-06-14 08:53:18", "elapsed": 8.135127, "delta": 0.008976}}
{"target": -203.88367659765802, "params": {"gamma": 1.8065799506159026, "prior": 8.767750118877416, "rate": 0.8132843877516185}, "datetime": {"datetime": "2024-06-14 08:53:18", "elapsed": 8.145101, "delta": 0.009974}}
{"target": -133.54327006414647, "params": {"gamma": 1.8397720952197505, "prior": 7.069903885809709, "rate": 9.192339684311714}, "datetime": {"datetime": "2024-06-14 08:53:18", "elapsed": 8.154076, "delta": 0.008975}}
{"target": -141.38098799261473, "params": {"gamma": 2.515333063867109, "prior": 0.3108812014676776, "rate": 9.605084223078242}, "datetime": {"datetime": "2024-06-14 08:53:18", "elapsed": 8.163052, "delta": 0.008976}}
{"target": -258.24608779441684, "params": {"gamma": 6.8225241840990325, "prior": 3.175560691032173, "rate": 4.724262048710183}, "datetime": {"datetime": "2024-06-14 08:53:18", "elapsed": 8.173026, "delta": 0.009974}}
{"target": -216.32827910479784, "params": {"gamma": 5.992959482913756, "prior": 3.801298863446888, "rate": 8.74500347841515}, "datetime": {"datetime": "2024-06-14 08:53:18", "elapsed": 8.182002, "delta": 0.008976}}
{"target": -445.07964085381553, "params": {"gamma": 7.261999710487967, "prior": 9.547972975779691, "rate": 3.5113041629592687}, "datetime": {"datetime": "2024-06-14 08:53:18", "elapsed": 8.191975, "delta": 0.009973}}
{"target": -346.3235390035587, "params": {"gamma": 9.37180371312909, "prior": 4.843095684834866, "rate": 6.423584063846066}, "datetime": {"datetime": "2024-06-14 08:53:18", "elapsed": 8.200904, "delta": 0.008929}}
{"target": -412.55954627349314, "params": {"gamma": 7.36673540034412, "prior": 8.112445893156233, "rate": 3.963197413459656}, "datetime": {"datetime": "2024-06-14 08:53:18", "elapsed": 8.20988, "delta": 0.008976}}
{"target": -222.2272251141284, "params": {"gamma": 4.480011839169197, "prior": 8.191042558516232, "rate": 7.175854473706459}, "datetime": {"datetime": "2024-06-14 08:53:18", "elapsed": 8.219854, "delta": 0.009974}}
{"target": -670.4937282648389, "params": {"gamma": 9.408551244537064, "prior": 9.798018927036628, "rate": 1.7899544503221003}, "datetime": {"datetime": "2024-06-14 08:53:18", "elapsed": 8.22883, "delta": 0.008976}}
{"target": -147.4968407056436, "params": {"gamma": 2.2799661987157394, "prior": 7.188265828062564, "rate": 7.474079963807781}, "datetime": {"datetime": "2024-06-14 08:53:18", "elapsed": 8.237806, "delta": 0.008976}}
{"target": -398.85730312876996, "params": {"gamma": 6.032192362771022, "prior": 8.785267665792963, "rate": 2.5206526306452743}, "datetime": {"datetime": "2024-06-14 08:53:18", "elapsed": 8.247353, "delta": 0.009547}}
{"target": -201.4996245898251, "params": {"gamma": 3.3955344555736273, "prior": 4.997003796258398, "rate": 3.150955862596707}, "datetime": {"datetime": "2024-06-14 08:53:18", "elapsed": 8.257326, "delta": 0.009973}}
{"target": -353.4747433243592, "params": {"gamma": 5.454845454328703, "prior": 6.856532985049649, "rate": 2.2044486446357947}, "datetime": {"datetime": "2024-06-14 08:53:18", "elapsed": 8.266302, "delta": 0.008976}}
{"target": -317.31152878282916, "params": {"gamma": 4.853889202229838, "prior": 9.930515440611035, "rate": 3.242288870509168}, "datetime": {"datetime": "2024-06-14 08:53:18", "elapsed": 8.276275, "delta": 0.009973}}
{"target": -137.71464811751957, "params": {"gamma": 0.35458383299364826, "prior": 8.19178211991173, "rate": 5.033564529213024}, "datetime": {"datetime": "2024-06-14 08:53:18", "elapsed": 8.286248, "delta": 0.009973}}
