{"target": -135.0001838598313, "params": {"gamma": 0.5287857773295865, "prior": 8.914019769519989, "rate": 4.045739285423598}, "datetime": {"datetime": "2024-06-14 18:10:36", "elapsed": 8.142883, "delta": 0.008976}}
{"target": -351.441238590373, "params": {"gamma": 9.292802548221829, "prior": 4.080573920625559, "rate": 0.7692460154620339}, "datetime": {"datetime": "2024-06-14 18:10:36", "elapsed": 8.151858, "delta": 0.008975}}
{"target": -150.6426500087632, "params": {"gamma": 2.4537661400558073, "prior": 3.5675790065013078, "rate": 7.507532195259897}, "datetime": {"datetime": "2024-06-14 18:10:36", "elapsed": 8.161832, "delta": 0.009974}}
{"target": -137.1484406191863, "params": {"gamma": 1.8482967753404873, "prior": 4.366639171886156, "rate": 8.732580952739871}, "datetime": {"datetime": "2024-06-14 18:10:36", "elapsed": 8.170808, "delta": 0.008976}}
{"target": -225.52510542104977, "params": {"gamma": 5.338077152636459, "prior": 1.121231725515661, "rate": 0.24620034805926763}, "datetime": {"datetime": "2024-06-14 18:10:36", "elapsed": 8.179784, "delta": 0.008976}}
{"target": -302.14053981201096, "params": {"gamma": 7.058392201809326, "prior": 9.79336216048635, "rate": 7.851867464260117}, "datetime": {"datetime": "2024-06-14 18:10:36", "elapsed": 8.18876, "delta": 0.008976}}
{"target": -329.7598804292032, "params": {"gamma": 7.647497242257331, "prior": 6.786930405212397, "rate": 7.9552316002763535}, "datetime": {"datetime": "2024-06-14 18:10:36", "elapsed": 8.197736, "delta": 0.008976}}
{"target": -133.93013265588098, "params": {"gamma": 0.40113783894076427, "prior": 2.720348153996855, "rate": 6.9542799621795535}, "datetime": {"datetime": "2024-06-14 18:10:36", "elapsed": 8.207252, "delta": 0.009516}}
{"target": -338.08004041607876, "params": {"gamma": 8.670016307747831, "prior": 6.778608030986559, "rate": 1.7635850037063328}, "datetime": {"datetime": "2024-06-14 18:10:36", "elapsed": 8.216229, "delta": 0.008977}}
{"target": -343.4240379016794, "params": {"gamma": 9.363148290996985, "prior": 9.043449131097443, "rate": 0.8677009826349238}, "datetime": {"datetime": "2024-06-14 18:10:36", "elapsed": 8.226203, "delta": 0.009974}}
{"target": -139.5016047145317, "params": {"gamma": 1.9308073757049558, "prior": 2.824411003044214, "rate": 7.384380294175464}, "datetime": {"datetime": "2024-06-14 18:10:36", "elapsed": 8.235179, "delta": 0.008976}}
{"target": -342.5984474034206, "params": {"gamma": 8.59387390968027, "prior": 5.825391635770356, "rate": 1.9972560609459706}, "datetime": {"datetime": "2024-06-14 18:10:36", "elapsed": 8.244155, "delta": 0.008976}}
{"target": -210.49051437655467, "params": {"gamma": 4.151483786326004, "prior": 1.4648060826146607, "rate": 9.174044472397386}, "datetime": {"datetime": "2024-06-14 18:10:36", "elapsed": 8.253683, "delta": 0.009528}}
{"target": -326.2328607679194, "params": {"gamma": 7.645544873164326, "prior": 5.151116954680168, "rate": 4.536296856665209}, "datetime": {"datetime": "2024-06-14 18:10:36", "elapsed": 8.262659, "delta": 0.008976}}
{"target": -132.5005283909909, "params": {"gamma": 0.9793229413773535, "prior": 3.2548860273732405, "rate": 1.2072073207786072}, "datetime": {"datetime": "2024-06-14 18:10:36", "elapsed": 8.272633, "delta": 0.009974}}
{"target": -319.02587320950624, "params": {"gamma": 7.823598295559239, "prior": 5.494348696094326, "rate": 2.2735465367701733}, "datetime": {"datetime": "2024-06-14 18:10:36", "elapsed": 8.281608, "delta": 0.008975}}
{"target": -143.38069251171368, "params": {"gamma": 2.242804189720107, "prior": 2.677942155406277, "rate": 3.0894186504102437}, "datetime": {"datetime": "2024-06-14 18:10:36", "elapsed": 8.290584, "delta": 0.008976}}
{"target": -195.05584229024245, "params": {"gamma": 3.8776636126823174, "prior": 3.0457344305346488, "rate": 6.795879389436971}, "datetime": {"datetime": "2024-06-14 18:10:36", "elapsed": 8.300558, "delta": 0.009974}}
{"target": -135.05840168180436, "params": {"gamma": 0.351701119431484, "prior": 3.3482921178205443, "rate": 7.4531734367072975}, "datetime": {"datetime": "2024-06-14 18:10:36", "elapsed": 8.309565, "delta": 0.009007}}
{"target": -368.8997580110243, "params": {"gamma": 9.428137042767773, "prior": 8.047052246559756, "rate": 2.4090212695059683}, "datetime": {"datetime": "2024-06-14 18:10:36", "elapsed": 8.31851, "delta": 0.008945}}
{"target": -150.41708791636177, "params": {"gamma": 2.329921768369933, "prior": 1.9843342677001725, "rate": 8.825092851051235}, "datetime": {"datetime": "2024-06-14 18:10:36", "elapsed": 8.328512, "delta": 0.010002}}
{"target": -146.40105501202254, "params": {"gamma": 2.3793190167249576, "prior": 7.605988171789962, "rate": 2.611236264315461}, "datetime": {"datetime": "2024-06-14 18:10:36", "elapsed": 8.337459, "delta": 0.008947}}
{"target": -136.5698530898438, "params": {"gamma": 0.3317853522317488, "prior": 7.3611322306807825, "rate": 7.262291896142214}, "datetime": {"datetime": "2024-06-14 18:10:36", "elapsed": 8.346435, "delta": 0.008976}}
{"target": -128.84422436721778, "params": {"gamma": 0.8905021504995737, "prior": 3.334342453503056, "rate": 9.483704536600037}, "datetime": {"datetime": "2024-06-14 18:10:36", "elapsed": 8.356408, "delta": 0.009973}}
{"target": -135.53291229747612, "params": {"gamma": 1.6303270368232625, "prior": 0.9580574792638101, "rate": 5.946444277228148}, "datetime": {"datetime": "2024-06-14 18:10:36", "elapsed": 8.365384, "delta": 0.008976}}
{"target": -413.35571583937417, "params": {"gamma": 9.309967663594373, "prior": 1.424405246656605, "rate": 5.130609924306518}, "datetime": {"datetime": "2024-06-14 18:10:36", "elapsed": 8.37436, "delta": 0.008976}}
{"target": -269.58668306262416, "params": {"gamma": 6.84030814195546, "prior": 1.8011146201075885, "rate": 0.11358767502840258}, "datetime": {"datetime": "2024-06-14 18:10:36", "elapsed": 8.384334, "delta": 0.009974}}
{"target": -399.2477541453374, "params": {"gamma": 8.876943621666769, "prior": 0.44878957946825926, "rate": 2.575325379792938}, "datetime": {"datetime": "2024-06-14 18:10:36", "elapsed": 8.39331, "delta": 0.008976}}
{"target": -263.8789019452365, "params": {"gamma": 6.5171886333749445, "prior": 2.929251040222046, "rate": 0.09806625815159087}, "datetime": {"datetime": "2024-06-14 18:10:36", "elapsed": 8.402286, "delta": 0.008976}}
{"target": -246.57909763876248, "params": {"gamma": 5.754942892815359, "prior": 3.147143555513635, "rate": 1.5159891044593792}, "datetime": {"datetime": "2024-06-14 18:10:36", "elapsed": 8.411349, "delta": 0.009063}}
{"target": -431.901822259532, "params": {"gamma": 9.712861834014069, "prior": 1.7332254521996295, "rate": 7.272627175991628}, "datetime": {"datetime": "2024-06-14 18:10:36", "elapsed": 8.421323, "delta": 0.009974}}
{"target": -341.48992234790273, "params": {"gamma": 8.907351190743636, "prior": 8.601279645696758, "rate": 1.8433864145173096}, "datetime": {"datetime": "2024-06-14 18:10:36", "elapsed": 8.430803, "delta": 0.00948}}
{"target": -151.97916894089875, "params": {"gamma": 2.3688485284086984, "prior": 0.2817901013754669, "rate": 9.314123267181278}, "datetime": {"datetime": "2024-06-14 18:10:36", "elapsed": 8.439779, "delta": 0.008976}}
{"target": -336.7777583350557, "params": {"gamma": 8.871324645396406, "prior": 5.995115072798474, "rate": 1.0945671874130298}, "datetime": {"datetime": "2024-06-14 18:10:36", "elapsed": 8.448756, "delta": 0.008977}}
{"target": -135.77860970065808, "params": {"gamma": 1.736252925778173, "prior": 5.811907672232824, "rate": 2.5173180780279494}, "datetime": {"datetime": "2024-06-14 18:10:36", "elapsed": 8.458729, "delta": 0.009973}}
{"target": -161.88303408631612, "params": {"gamma": 3.0024181605272484, "prior": 1.792774754535882, "rate": 1.8967275990085757}, "datetime": {"datetime": "2024-06-14 18:10:36", "elapsed": 8.467705, "delta": 0.008976}}
{"target": -214.0528723319139, "params": {"gamma": 4.634748122750124, "prior": 5.1477523290215155, "rate": 5.116287316757662}, "datetime": {"datetime": "2024-06-14 18:10:36", "elapsed": 8.476681, "delta": 0.008976}}
{"target": -444.53959156916665, "params": {"gamma": 9.971390854869842, "prior": 1.3829985909743843, "rate": 7.561942713988967}, "datetime": {"datetime": "2024-06-14 18:10:36", "elapsed": 8.485657, "delta": 0.008976}}
{"target": -336.031191342286, "params": {"gamma": 7.937773715501701, "prior": 5.890337727828154, "rate": 4.627919064512984}, "datetime": {"datetime": "2024-06-14 18:10:36", "elapsed": 8.49563, "delta": 0.009973}}
{"target": -329.7122516883002, "params": {"gamma": 8.934372946865443, "prior": 8.298984168823933, "rate": 0.5038590693510084}, "datetime": {"datetime": "2024-06-14 18:10:36", "elapsed": 8.504606, "delta": 0.008976}}
{"target": -411.41228799456076, "params": {"gamma": 9.629874547125452, "prior": 0.17266492836107364, "rate": 5.731748914634736}, "datetime": {"datetime": "2024-06-14 18:10:36", "elapsed": 8.513582, "delta": 0.008976}}
{"target": -244.94890806847442, "params": {"gamma": 5.7247357384538, "prior": 8.360358681426117, "rate": 3.8477759631858306}, "datetime": {"datetime": "2024-06-14 18:10:36", "elapsed": 8.522558, "delta": 0.008976}}
{"target": -138.17793048995108, "params": {"gamma": 0.911317649590776, "prior": 5.858703966752355, "rate": 0.24943375777694893}, "datetime": {"datetime": "2024-06-14 18:10:36", "elapsed": 8.531541, "delta": 0.008983}}
{"target": -179.21386297125386, "params": {"gamma": 3.618595813310707, "prior": 9.854636340644698, "rate": 8.687919916680645}, "datetime": {"datetime": "2024-06-14 18:10:36", "elapsed": 8.541515, "delta": 0.009974}}
{"target": -131.93752427443698, "params": {"gamma": 1.525814920870293, "prior": 8.008378281655215, "rate": 8.110158197295846}, "datetime": {"datetime": "2024-06-14 18:10:36", "elapsed": 8.550488, "delta": 0.008973}}
{"target": -403.2496883291834, "params": {"gamma": 9.282143984052633, "prior": 2.3214042338354473, "rate": 4.990175777525101}, "datetime": {"datetime": "2024-06-14 18:10:36", "elapsed": 8.559466, "delta": 0.008978}}
{"target": -351.0282488228742, "params": {"gamma": 8.274613470019348, "prior": 6.706604471482155, "rate": 5.939767497694312}, "datetime": {"datetime": "2024-06-14 18:10:36", "elapsed": 8.569442, "delta": 0.009976}}
{"target": -259.1299836676468, "params": {"gamma": 6.520106231886649, "prior": 2.461308526710229, "rate": 0.2563753086730316}, "datetime": {"datetime": "2024-06-14 18:10:36", "elapsed": 8.578436, "delta": 0.008994}}
{"target": -318.1355479127998, "params": {"gamma": 7.362836317207894, "prior": 3.3352390707756885, "rate": 3.7681921123145443}, "datetime": {"datetime": "2024-06-14 18:10:36", "elapsed": 8.587429, "delta": 0.008993}}
{"target": -253.7034100485176, "params": {"gamma": 6.126547925441392, "prior": 6.605933919398819, "rate": 2.0297861073278014}, "datetime": {"datetime": "2024-06-14 18:10:36", "elapsed": 8.596474, "delta": 0.009045}}
{"target": -358.2255631499776, "params": {"gamma": 8.260489346916343, "prior": 3.864045391930247, "rate": 6.317812340605414}, "datetime": {"datetime": "2024-06-14 18:10:36", "elapsed": 8.60645, "delta": 0.009976}}
{"target": -399.5633332141117, "params": {"gamma": 9.664147745107453, "prior": 5.691383729139698, "rate": 3.58975250674678}, "datetime": {"datetime": "2024-06-14 18:10:36", "elapsed": 8.615443, "delta": 0.008993}}
{"target": -270.2227926613744, "params": {"gamma": 6.1900821172926825, "prior": 5.067751868825378, "rate": 4.524310101530738}, "datetime": {"datetime": "2024-06-14 18:10:36", "elapsed": 8.624434, "delta": 0.008991}}
{"target": -305.0795705667869, "params": {"gamma": 7.32297507682793, "prior": 9.252650484842617, "rate": 4.793234881420612}, "datetime": {"datetime": "2024-06-14 18:10:36", "elapsed": 8.634426, "delta": 0.009992}}
{"target": -132.31716360716823, "params": {"gamma": 0.8832132798499579, "prior": 5.739570211172332, "rate": 2.450263600293229}, "datetime": {"datetime": "2024-06-14 18:10:36", "elapsed": 8.64342, "delta": 0.008994}}
{"target": -137.34152893283996, "params": {"gamma": 0.3967395368422162, "prior": 7.902588045772463, "rate": 2.728409598411216}, "datetime": {"datetime": "2024-06-14 18:10:36", "elapsed": 8.652418, "delta": 0.008998}}
{"target": -326.22377582995415, "params": {"gamma": 7.7709278589308965, "prior": 4.933268536573228, "rate": 3.1800409748600784}, "datetime": {"datetime": "2024-06-14 18:10:36", "elapsed": 8.661897, "delta": 0.009479}}
{"target": -174.95563355403533, "params": {"gamma": 3.1409404750589167, "prior": 0.516045124852533, "rate": 5.344463969208603}, "datetime": {"datetime": "2024-06-14 18:10:36", "elapsed": 8.67141, "delta": 0.009513}}
{"target": -352.90875900589083, "params": {"gamma": 8.235692008411606, "prior": 0.9305639897438418, "rate": 1.0864784973815673}, "datetime": {"datetime": "2024-06-14 18:10:36", "elapsed": 8.680437, "delta": 0.009027}}
{"target": -238.2946769785154, "params": {"gamma": 5.293030012750302, "prior": 6.635403915273608, "rate": 6.947765177374281}, "datetime": {"datetime": "2024-06-14 18:10:36", "elapsed": 8.689413, "delta": 0.008976}}
{"target": -174.8725923754095, "params": {"gamma": 3.1329037297737132, "prior": 0.47399998048085035, "rate": 4.146214234044257}, "datetime": {"datetime": "2024-06-14 18:10:36", "elapsed": 8.699404, "delta": 0.009991}}
{"target": -149.96944679954575, "params": {"gamma": 2.2612156645820662, "prior": 0.11103681949882596, "rate": 6.857480005685141}, "datetime": {"datetime": "2024-06-14 18:10:36", "elapsed": 8.708397, "delta": 0.008993}}
{"target": -397.7631029405092, "params": {"gamma": 9.520673328006277, "prior": 3.9724024292967792, "rate": 3.0036839952852596}, "datetime": {"datetime": "2024-06-14 18:10:36", "elapsed": 8.717391, "delta": 0.008994}}
{"target": -246.2011139162567, "params": {"gamma": 5.537964374290343, "prior": 8.534564954842326, "rate": 7.9498792795045405}, "datetime": {"datetime": "2024-06-14 18:10:36", "elapsed": 8.726872, "delta": 0.009481}}
{"target": -302.20498745093107, "params": {"gamma": 6.847882293080787, "prior": 4.377860203867094, "rate": 6.904649764523284}, "datetime": {"datetime": "2024-06-14 18:10:36", "elapsed": 8.73585, "delta": 0.008978}}
{"target": -144.5527061312561, "params": {"gamma": 2.161037487164819, "prior": 2.911040034677843, "rate": 7.778428288392944}, "datetime": {"datetime": "2024-06-14 18:10:36", "elapsed": 8.745823, "delta": 0.009973}}
{"target": -398.4465187360164, "params": {"gamma": 9.299871383327218, "prior": 1.9814900858052293, "rate": 2.9613368308929076}, "datetime": {"datetime": "2024-06-14 18:10:36", "elapsed": 8.754799, "delta": 0.008976}}
{"target": -143.30411512534806, "params": {"gamma": 0.06309646163797043, "prior": 4.372466228275976, "rate": 2.103740422454257}, "datetime": {"datetime": "2024-06-14 18:10:36", "elapsed": 8.764566, "delta": 0.009767}}
{"target": -257.18991724806534, "params": {"gamma": 6.414606400753661, "prior": 7.124933235213273, "rate": 1.188658366270452}, "datetime": {"datetime": "2024-06-14 18:10:36", "elapsed": 8.773166, "delta": 0.0086}}
{"target": -132.5887298723358, "params": {"gamma": 0.8223578763172843, "prior": 9.072717188845324, "rate": 3.8929983086548985}, "datetime": {"datetime": "2024-06-14 18:10:36", "elapsed": 8.783139, "delta": 0.009973}}
{"target": -237.02414259609867, "params": {"gamma": 5.334501569162878, "prior": 9.636091492645338, "rate": 7.590781068151137}, "datetime": {"datetime": "2024-06-14 18:10:36", "elapsed": 8.792115, "delta": 0.008976}}
{"target": -178.8224988229232, "params": {"gamma": 3.256077435692296, "prior": 0.9499080810909061, "rate": 5.360704142867423}, "datetime": {"datetime": "2024-06-14 18:10:37", "elapsed": 8.802088, "delta": 0.009973}}
{"target": -180.442965304019, "params": {"gamma": 3.3619183039303744, "prior": 0.31468550480840884, "rate": 7.711752180204535}, "datetime": {"datetime": "2024-06-14 18:10:37", "elapsed": 8.811065, "delta": 0.008977}}
{"target": -189.43495406008967, "params": {"gamma": 3.849706389409975, "prior": 5.756079385581481, "rate": 7.557672815106508}, "datetime": {"datetime": "2024-06-14 18:10:37", "elapsed": 8.82007, "delta": 0.009005}}
{"target": -384.27695748091645, "params": {"gamma": 9.408533351590556, "prior": 6.161991152977763, "rate": 3.1546463916226513}, "datetime": {"datetime": "2024-06-14 18:10:37", "elapsed": 8.830014, "delta": 0.009944}}
{"target": -129.2160975571114, "params": {"gamma": 1.1016550019623323, "prior": 0.8317969903215949, "rate": 3.197588047953422}, "datetime": {"datetime": "2024-06-14 18:10:37", "elapsed": 8.838992, "delta": 0.008978}}
{"target": -269.5833032343474, "params": {"gamma": 6.608730550421095, "prior": 6.982005440804134, "rate": 2.0779726825898135}, "datetime": {"datetime": "2024-06-14 18:10:37", "elapsed": 8.848965, "delta": 0.009973}}
{"target": -129.33876599496543, "params": {"gamma": 0.8288765899448861, "prior": 3.1245555467317083, "rate": 5.476198023985873}, "datetime": {"datetime": "2024-06-14 18:10:37", "elapsed": 8.857942, "delta": 0.008977}}
{"target": -314.2173478454396, "params": {"gamma": 7.546942075074172, "prior": 5.343607473643421, "rate": 2.8705505437179983}, "datetime": {"datetime": "2024-06-14 18:10:37", "elapsed": 8.866918, "delta": 0.008976}}
{"target": -284.30012940301054, "params": {"gamma": 6.242173052915846, "prior": 2.7218828862443387, "rate": 6.527276450430897}, "datetime": {"datetime": "2024-06-14 18:10:37", "elapsed": 8.876891, "delta": 0.009973}}
{"target": -356.6482986410353, "params": {"gamma": 8.419138180259552, "prior": 6.425583421647474, "rate": 5.656749058298363}, "datetime": {"datetime": "2024-06-14 18:10:37", "elapsed": 8.885867, "delta": 0.008976}}
{"target": -164.15779881012023, "params": {"gamma": 3.072113950599342, "prior": 8.780092695385816, "rate": 9.888230025288278}, "datetime": {"datetime": "2024-06-14 18:10:37", "elapsed": 8.894844, "delta": 0.008977}}
{"target": -305.9123585011709, "params": {"gamma": 7.775016832668201, "prior": 5.779074189947149, "rate": 1.4136520470773757}, "datetime": {"datetime": "2024-06-14 18:10:37", "elapsed": 8.904816, "delta": 0.009972}}
{"target": -164.75193494339447, "params": {"gamma": 3.1499752949036433, "prior": 3.731907254052719, "rate": 2.9196603150536307}, "datetime": {"datetime": "2024-06-14 18:10:37", "elapsed": 8.913793, "delta": 0.008977}}
{"target": -200.58802607964762, "params": {"gamma": 4.46008219467453, "prior": 6.145261916989693, "rate": 2.129932990561121}, "datetime": {"datetime": "2024-06-14 18:10:37", "elapsed": 8.923766, "delta": 0.009973}}
{"target": -152.7547731117904, "params": {"gamma": 2.4983477831127514, "prior": 1.2102897838888582, "rate": 3.07657830315885}, "datetime": {"datetime": "2024-06-14 18:10:37", "elapsed": 8.932742, "delta": 0.008976}}
{"target": -233.60945338662367, "params": {"gamma": 4.9749853375678486, "prior": 4.949097068629873, "rate": 9.955776541252115}, "datetime": {"datetime": "2024-06-14 18:10:37", "elapsed": 8.942715, "delta": 0.009973}}
{"target": -424.91924191275825, "params": {"gamma": 9.811104522073206, "prior": 4.421971439643317, "rate": 9.720234197281384}, "datetime": {"datetime": "2024-06-14 18:10:37", "elapsed": 8.951691, "delta": 0.008976}}
{"target": -140.93931466323565, "params": {"gamma": 2.1447646438539647, "prior": 5.457096772478638, "rate": 4.534899709382847}, "datetime": {"datetime": "2024-06-14 18:10:37", "elapsed": 8.960667, "delta": 0.008976}}
{"target": -372.8766938020862, "params": {"gamma": 9.67612136622795, "prior": 8.37814460904005, "rate": 2.142255100882632}, "datetime": {"datetime": "2024-06-14 18:10:37", "elapsed": 8.97064, "delta": 0.009973}}
{"target": -216.2734240043585, "params": {"gamma": 4.395951482451757, "prior": 1.7679220192998268, "rate": 5.29134301734205}, "datetime": {"datetime": "2024-06-14 18:10:37", "elapsed": 8.979617, "delta": 0.008977}}
{"target": -358.8847023162645, "params": {"gamma": 7.935053256996167, "prior": 0.45520357476356577, "rate": 1.9143974164796644}, "datetime": {"datetime": "2024-06-14 18:10:37", "elapsed": 8.98959, "delta": 0.009973}}
{"target": -401.7702421443046, "params": {"gamma": 9.77457818836577, "prior": 9.611893329604383, "rate": 5.566359999361917}, "datetime": {"datetime": "2024-06-14 18:10:37", "elapsed": 8.998566, "delta": 0.008976}}
{"target": -297.3030723757268, "params": {"gamma": 6.461261124237896, "prior": 2.7937208415034163, "rate": 9.520958766042686}, "datetime": {"datetime": "2024-06-14 18:10:37", "elapsed": 9.008539, "delta": 0.009973}}
{"target": -272.43060078125677, "params": {"gamma": 6.698078288466073, "prior": 6.701399151873741, "rate": 0.11202223036585872}, "datetime": {"datetime": "2024-06-14 18:10:37", "elapsed": 9.017515, "delta": 0.008976}}
{"target": -360.97768775693015, "params": {"gamma": 8.529845528647078, "prior": 7.805429564933998, "rate": 6.849555045051163}, "datetime": {"datetime": "2024-06-14 18:10:37", "elapsed": 9.026491, "delta": 0.008976}}
{"target": -337.6828034337566, "params": {"gamma": 7.4080773483828315, "prior": 1.6500670035239342, "rate": 7.188031753433652}, "datetime": {"datetime": "2024-06-14 18:10:37", "elapsed": 9.035469, "delta": 0.008978}}
{"target": -139.74733636925063, "params": {"gamma": 0.9690872885214075, "prior": 7.098799535582478, "rate": 0.027315329458906884}, "datetime": {"datetime": "2024-06-14 18:10:37", "elapsed": 9.045442, "delta": 0.009973}}
{"target": -316.6531780335793, "params": {"gamma": 7.76228166881635, "prior": 4.96641612933724, "rate": 2.044664276112351}, "datetime": {"datetime": "2024-06-14 18:10:37", "elapsed": 9.054419, "delta": 0.008977}}
{"target": -327.6475364817578, "params": {"gamma": 7.292736897839507, "prior": 3.2249759046532924, "rate": 8.83829208238512}, "datetime": {"datetime": "2024-06-14 18:10:37", "elapsed": 9.063395, "delta": 0.008976}}
{"target": -135.33318969333072, "params": {"gamma": 1.803155018796988, "prior": 9.39165147743165, "rate": 9.707530730383564}, "datetime": {"datetime": "2024-06-14 18:10:37", "elapsed": 9.073368, "delta": 0.009973}}
