{"target": -540.8189767804184, "params": {"gamma": 4.903044972676658, "lr": 0.5991103076458784}, "datetime": {"datetime": "2024-06-13 19:11:55", "elapsed": 0.381798, "delta": 0.002992}}
{"target": -134.0373547828539, "params": {"gamma": 0.15631722223280642, "lr": 0.5934814081966372}, "datetime": {"datetime": "2024-06-13 19:11:55", "elapsed": 0.385788, "delta": 0.00399}}
{"target": -631.6732603281129, "params": {"gamma": 4.337329813545594, "lr": 0.8073605288848414}, "datetime": {"datetime": "2024-06-13 19:11:55", "elapsed": 0.389777, "delta": 0.003989}}
{"target": -520.1644074057969, "params": {"gamma": 3.153132786150634, "lr": 0.8928887085251513}, "datetime": {"datetime": "2024-06-13 19:11:55", "elapsed": 0.392769, "delta": 0.002992}}
{"target": -793.3391921504475, "params": {"gamma": 5.778994295630071, "lr": 0.18401020162746506}, "datetime": {"datetime": "2024-06-13 19:11:55", "elapsed": 0.395761, "delta": 0.002992}}
{"target": -850.4912335730368, "params": {"gamma": 7.8795044090212185, "lr": 0.6120311770449339}, "datetime": {"datetime": "2024-06-13 19:11:55", "elapsed": 0.399751, "delta": 0.00399}}
{"target": -122.65071038919272, "params": {"gamma": 0.5400388114654558, "lr": 0.4201936800011322}, "datetime": {"datetime": "2024-06-13 19:11:55", "elapsed": 0.403739, "delta": 0.003988}}
{"target": -1114.3309833309302, "params": {"gamma": 6.791009296817731, "lr": 0.9186017779775258}, "datetime": {"datetime": "2024-06-13 19:11:55", "elapsed": 0.406734, "delta": 0.002995}}
{"target": -145.0915588506846, "params": {"gamma": 0.005019846888682974, "lr": 0.9767591490310596}, "datetime": {"datetime": "2024-06-13 19:11:55", "elapsed": 0.410721, "delta": 0.003987}}
{"target": -627.640056112599, "params": {"gamma": 3.766426567142999, "lr": 0.9737835383583225}, "datetime": {"datetime": "2024-06-13 19:11:55", "elapsed": 0.413714, "delta": 0.002993}}
{"target": -877.1690924076154, "params": {"gamma": 6.047556293639557, "lr": 0.828845807980693}, "datetime": {"datetime": "2024-06-13 19:11:55", "elapsed": 0.417702, "delta": 0.003988}}
{"target": -627.2403066238597, "params": {"gamma": 5.747540335576315, "lr": 0.6280761983073504}, "datetime": {"datetime": "2024-06-13 19:11:55", "elapsed": 0.420695, "delta": 0.002993}}
{"target": -329.1198785132009, "params": {"gamma": 2.8564772406752437, "lr": 0.586833340656083}, "datetime": {"datetime": "2024-06-13 19:11:55", "elapsed": 0.424683, "delta": 0.003988}}
{"target": -1177.8194622237677, "params": {"gamma": 7.500467615262897, "lr": 0.8583138364290424}, "datetime": {"datetime": "2024-06-13 19:11:55", "elapsed": 0.427675, "delta": 0.002992}}
{"target": -987.0880062238116, "params": {"gamma": 7.551066802488335, "lr": 0.698057248447303}, "datetime": {"datetime": "2024-06-13 19:11:55", "elapsed": 0.431664, "delta": 0.003989}}
{"target": -911.4972359631873, "params": {"gamma": 8.644929821115943, "lr": 0.32268099683674645}, "datetime": {"datetime": "2024-06-13 19:11:55", "elapsed": 0.434656, "delta": 0.002992}}
{"target": -640.1222204637093, "params": {"gamma": 6.708217119085085, "lr": 0.45087393641334916}, "datetime": {"datetime": "2024-06-13 19:11:55", "elapsed": 0.438645, "delta": 0.003989}}
{"target": -377.64909724533214, "params": {"gamma": 3.8216454175631407, "lr": 0.4108113499221856}, "datetime": {"datetime": "2024-06-13 19:11:55", "elapsed": 0.441638, "delta": 0.002993}}
{"target": -433.9081111518671, "params": {"gamma": 4.015394355111937, "lr": 0.3173839459582769}, "datetime": {"datetime": "2024-06-13 19:11:55", "elapsed": 0.44463, "delta": 0.002992}}
{"target": -602.1598267323881, "params": {"gamma": 6.219571759835095, "lr": 0.43024727082126435}, "datetime": {"datetime": "2024-06-13 19:11:55", "elapsed": 0.448619, "delta": 0.003989}}
{"target": -1266.718846139059, "params": {"gamma": 9.738046977194596, "lr": 0.6778008914343111}, "datetime": {"datetime": "2024-06-13 19:11:55", "elapsed": 0.451611, "delta": 0.002992}}
{"target": -213.40567181572226, "params": {"gamma": 1.9865003143826816, "lr": 0.4267010093480328}, "datetime": {"datetime": "2024-06-13 19:11:55", "elapsed": 0.454603, "delta": 0.002992}}
{"target": -474.4182194631295, "params": {"gamma": 3.4341190515044557, "lr": 0.7976388039585666}, "datetime": {"datetime": "2024-06-13 19:11:55", "elapsed": 0.458593, "delta": 0.00399}}
{"target": -1409.2116893088883, "params": {"gamma": 8.800102887345755, "lr": 0.903841955826372}, "datetime": {"datetime": "2024-06-13 19:11:55", "elapsed": 0.461584, "delta": 0.002991}}
{"target": -706.7926102860382, "params": {"gamma": 6.627535403940247, "lr": 0.2702082620297578}, "datetime": {"datetime": "2024-06-13 19:11:55", "elapsed": 0.464577, "delta": 0.002993}}
{"target": -407.4386125561881, "params": {"gamma": 2.5244146483443926, "lr": 0.8548979426974024}, "datetime": {"datetime": "2024-06-13 19:11:55", "elapsed": 0.468566, "delta": 0.003989}}
{"target": -763.1184507472794, "params": {"gamma": 5.277618748441158, "lr": 0.8021610840045981}, "datetime": {"datetime": "2024-06-13 19:11:55", "elapsed": 0.471558, "delta": 0.002992}}
{"target": -758.8877310084571, "params": {"gamma": 5.725312683398872, "lr": 0.7331425252875111}, "datetime": {"datetime": "2024-06-13 19:11:55", "elapsed": 0.475547, "delta": 0.003989}}
{"target": -703.0283817195401, "params": {"gamma": 5.190597263013095, "lr": 0.770883910501888}, "datetime": {"datetime": "2024-06-13 19:11:55", "elapsed": 0.478539, "delta": 0.002992}}
{"target": -545.6260314413399, "params": {"gamma": 5.689011049056451, "lr": 0.4657098785919809}, "datetime": {"datetime": "2024-06-13 19:11:55", "elapsed": 0.481531, "delta": 0.002992}}
{"target": -684.0637070061787, "params": {"gamma": 3.4275463906248644, "lr": 0.06820934841670412}, "datetime": {"datetime": "2024-06-13 19:11:55", "elapsed": 0.485521, "delta": 0.00399}}
{"target": -750.1087571843194, "params": {"gamma": 3.7798638691016704, "lr": 0.07962607769825236}, "datetime": {"datetime": "2024-06-13 19:11:55", "elapsed": 0.488513, "delta": 0.002992}}
{"target": -1412.2078980596687, "params": {"gamma": 9.82818832019072, "lr": 0.18161285133076377}, "datetime": {"datetime": "2024-06-13 19:11:55", "elapsed": 0.492502, "delta": 0.003989}}
{"target": -1273.268289949554, "params": {"gamma": 8.118775118507678, "lr": 0.8749616449558981}, "datetime": {"datetime": "2024-06-13 19:11:55", "elapsed": 0.495494, "delta": 0.002992}}
{"target": -715.5249214713486, "params": {"gamma": 6.884444110607048, "lr": 0.5694944127453757}, "datetime": {"datetime": "2024-06-13 19:11:55", "elapsed": 0.498486, "delta": 0.002992}}
{"target": -182.45895747345682, "params": {"gamma": 1.610553396719272, "lr": 0.4668800227633063}, "datetime": {"datetime": "2024-06-13 19:11:55", "elapsed": 0.502475, "delta": 0.003989}}
{"target": -431.127110027898, "params": {"gamma": 3.452375339500995, "lr": 0.2250399578140846}, "datetime": {"datetime": "2024-06-13 19:11:55", "elapsed": 0.505467, "delta": 0.002992}}
{"target": -630.4241534622159, "params": {"gamma": 5.925526175789202, "lr": 0.31226983770191696}, "datetime": {"datetime": "2024-06-13 19:11:55", "elapsed": 0.508459, "delta": 0.002992}}
{"target": -1497.2420347265884, "params": {"gamma": 9.163139229130039, "lr": 0.9096355249515571}, "datetime": {"datetime": "2024-06-13 19:11:55", "elapsed": 0.512449, "delta": 0.00399}}
{"target": -457.5649538133618, "params": {"gamma": 2.57192581952818, "lr": 0.1108913007440292}, "datetime": {"datetime": "2024-06-13 19:11:55", "elapsed": 0.515441, "delta": 0.002992}}
{"target": -207.7049098669109, "params": {"gamma": 1.9304343574591094, "lr": 0.49958417067888605}, "datetime": {"datetime": "2024-06-13 19:11:55", "elapsed": 0.51943, "delta": 0.003989}}
{"target": -865.9381394232489, "params": {"gamma": 7.286128094077989, "lr": 0.20819443840879148}, "datetime": {"datetime": "2024-06-13 19:11:55", "elapsed": 0.522422, "delta": 0.002992}}
{"target": -401.1104511300623, "params": {"gamma": 2.48108755021393, "lr": 0.851671874936367}, "datetime": {"datetime": "2024-06-13 19:11:55", "elapsed": 0.525413, "delta": 0.002991}}
{"target": -461.9002031918324, "params": {"gamma": 4.159071333957006, "lr": 0.6166850671552362}, "datetime": {"datetime": "2024-06-13 19:11:55", "elapsed": 0.529403, "delta": 0.00399}}
{"target": -419.9503137837686, "params": {"gamma": 2.3374277262532615, "lr": 0.10196725942579743}, "datetime": {"datetime": "2024-06-13 19:11:55", "elapsed": 0.532396, "delta": 0.002993}}
{"target": -496.6043102758457, "params": {"gamma": 5.159054312668331, "lr": 0.47714098704978236}, "datetime": {"datetime": "2024-06-13 19:11:55", "elapsed": 0.536385, "delta": 0.003989}}
{"target": -200.7800226013421, "params": {"gamma": 1.5275637692875392, "lr": 0.6218062317404155}, "datetime": {"datetime": "2024-06-13 19:11:55", "elapsed": 0.539377, "delta": 0.002992}}
{"target": -595.175430924655, "params": {"gamma": 5.440557178020568, "lr": 0.6541373469707443}, "datetime": {"datetime": "2024-06-13 19:11:55", "elapsed": 0.542369, "delta": 0.002992}}
{"target": -227.28179669521472, "params": {"gamma": 1.4463108557064734, "lr": 0.7515278171352439}, "datetime": {"datetime": "2024-06-13 19:11:55", "elapsed": 0.546357, "delta": 0.003988}}
{"target": -256.37650614844415, "params": {"gamma": 2.221269348859427, "lr": 0.519351824366033}, "datetime": {"datetime": "2024-06-13 19:11:55", "elapsed": 0.54935, "delta": 0.002993}}
{"target": -1517.0750490932553, "params": {"gamma": 7.853174986187969, "lr": 0.02233042799180618}, "datetime": {"datetime": "2024-06-13 19:11:55", "elapsed": 0.553339, "delta": 0.003989}}
{"target": -523.8595256697957, "params": {"gamma": 3.2443002348021386, "lr": 0.872922376400111}, "datetime": {"datetime": "2024-06-13 19:11:55", "elapsed": 0.556331, "delta": 0.002992}}
{"target": -865.1040176368439, "params": {"gamma": 8.447251366413093, "lr": 0.5384405925945437}, "datetime": {"datetime": "2024-06-13 19:11:55", "elapsed": 0.559323, "delta": 0.002992}}
{"target": -1417.0094641106095, "params": {"gamma": 8.666216133390963, "lr": 0.9498059913536265}, "datetime": {"datetime": "2024-06-13 19:11:55", "elapsed": 0.563313, "delta": 0.00399}}
{"target": -1270.8884024465588, "params": {"gamma": 8.264243569295784, "lr": 0.8541154438365387}, "datetime": {"datetime": "2024-06-13 19:11:55", "elapsed": 0.566305, "delta": 0.002992}}
{"target": -156.85805520808375, "params": {"gamma": 0.9883352748016633, "lr": 0.651304332340991}, "datetime": {"datetime": "2024-06-13 19:11:55", "elapsed": 0.570294, "delta": 0.003989}}
{"target": -762.0220020637876, "params": {"gamma": 7.035466364538378, "lr": 0.6102408126466297}, "datetime": {"datetime": "2024-06-13 19:11:55", "elapsed": 0.573285, "delta": 0.002991}}
{"target": -1544.0621356211393, "params": {"gamma": 7.996353002098545, "lr": 0.03457121987163425}, "datetime": {"datetime": "2024-06-13 19:11:55", "elapsed": 0.576278, "delta": 0.002993}}
{"target": -1012.3193529077441, "params": {"gamma": 7.702617106815245, "lr": 0.731728600739527}, "datetime": {"datetime": "2024-06-13 19:11:55", "elapsed": 0.580267, "delta": 0.003989}}
{"target": -292.06635864749353, "params": {"gamma": 2.5977242345902325, "lr": 0.2570692988221467}, "datetime": {"datetime": "2024-06-13 19:11:55", "elapsed": 0.58326, "delta": 0.002993}}
{"target": -639.2679596846548, "params": {"gamma": 6.323400870983849, "lr": 0.34529746159108154}, "datetime": {"datetime": "2024-06-13 19:11:55", "elapsed": 0.586251, "delta": 0.002991}}
{"target": -756.9392601019847, "params": {"gamma": 7.966090191394868, "lr": 0.44614623200345727}, "datetime": {"datetime": "2024-06-13 19:11:55", "elapsed": 0.590241, "delta": 0.00399}}
{"target": -1281.6426535896992, "params": {"gamma": 7.827711398426936, "lr": 0.9904717836238407}, "datetime": {"datetime": "2024-06-13 19:11:55", "elapsed": 0.593232, "delta": 0.002991}}
{"target": -437.673089801611, "params": {"gamma": 3.0031831469994668, "lr": 0.14300582825809938}, "datetime": {"datetime": "2024-06-13 19:11:55", "elapsed": 0.597223, "delta": 0.003991}}
{"target": -921.3288165885459, "params": {"gamma": 9.01318305505639, "lr": 0.5415593788873733}, "datetime": {"datetime": "2024-06-13 19:11:55", "elapsed": 0.600214, "delta": 0.002991}}
{"target": -1046.4557701830868, "params": {"gamma": 9.747428968179968, "lr": 0.6366044000018972}, "datetime": {"datetime": "2024-06-13 19:11:55", "elapsed": 0.604203, "delta": 0.003989}}
{"target": -1012.6721135414031, "params": {"gamma": 9.939136333080178, "lr": 0.5460708041429516}, "datetime": {"datetime": "2024-06-13 19:11:55", "elapsed": 0.607195, "delta": 0.002992}}
{"target": -760.8727647225063, "params": {"gamma": 5.264732913121308, "lr": 0.1354279030721699}, "datetime": {"datetime": "2024-06-13 19:11:55", "elapsed": 0.610187, "delta": 0.002992}}
{"target": -708.446128095196, "params": {"gamma": 3.5576960046678274, "lr": 0.026218567296373285}, "datetime": {"datetime": "2024-06-13 19:11:55", "elapsed": 0.613179, "delta": 0.002992}}
{"target": -243.00587689055394, "params": {"gamma": 1.6047914000169714, "lr": 0.7456371927074961}, "datetime": {"datetime": "2024-06-13 19:11:55", "elapsed": 0.61717, "delta": 0.003991}}
{"target": -123.38819754563241, "params": {"gamma": 0.3049664995979595, "lr": 0.36654309724374434}, "datetime": {"datetime": "2024-06-13 19:11:55", "elapsed": 0.620161, "delta": 0.002991}}
{"target": -1124.1818471184308, "params": {"gamma": 8.623600182127603, "lr": 0.6926777175073543}, "datetime": {"datetime": "2024-06-13 19:11:55", "elapsed": 0.62415, "delta": 0.003989}}
{"target": -944.1059355760182, "params": {"gamma": 6.90973047851962, "lr": 0.18863680095531088}, "datetime": {"datetime": "2024-06-13 19:11:55", "elapsed": 0.627142, "delta": 0.002992}}
{"target": -490.3086868022953, "params": {"gamma": 4.419600903203486, "lr": 0.5815774073442912}, "datetime": {"datetime": "2024-06-13 19:11:55", "elapsed": 0.631131, "delta": 0.003989}}
{"target": -1167.4547901305446, "params": {"gamma": 9.897527324929388, "lr": 0.20390622523312185}, "datetime": {"datetime": "2024-06-13 19:11:55", "elapsed": 0.634124, "delta": 0.002993}}
{"target": -280.1868567570628, "params": {"gamma": 2.478081284721786, "lr": 0.26217308377291193}, "datetime": {"datetime": "2024-06-13 19:11:55", "elapsed": 0.637115, "delta": 0.002991}}
{"target": -713.8224274071996, "params": {"gamma": 7.50197396056663, "lr": 0.4569753274356928}, "datetime": {"datetime": "2024-06-13 19:11:55", "elapsed": 0.641105, "delta": 0.00399}}
{"target": -132.99022923311833, "params": {"gamma": 0.5702374546725388, "lr": 0.5085162406102396}, "datetime": {"datetime": "2024-06-13 19:11:55", "elapsed": 0.644097, "delta": 0.002992}}
{"target": -307.9148777417807, "params": {"gamma": 2.120389686272116, "lr": 0.7986042447602102}, "datetime": {"datetime": "2024-06-13 19:11:55", "elapsed": 0.647089, "delta": 0.002992}}
{"target": -599.2833105903724, "params": {"gamma": 2.9740164836912153, "lr": 0.02760601195450363}, "datetime": {"datetime": "2024-06-13 19:11:55", "elapsed": 0.650081, "delta": 0.002992}}
{"target": -918.3636786886753, "params": {"gamma": 5.934731062196747, "lr": 0.8438404289311888}, "datetime": {"datetime": "2024-06-13 19:11:55", "elapsed": 0.65407, "delta": 0.003989}}
{"target": -514.8895881623738, "params": {"gamma": 3.81078022449808, "lr": 0.7498583107261434}, "datetime": {"datetime": "2024-06-13 19:11:55", "elapsed": 0.657063, "delta": 0.002993}}
{"target": -534.8400022856233, "params": {"gamma": 5.111903641492986, "lr": 0.5409518049621886}, "datetime": {"datetime": "2024-06-13 19:11:55", "elapsed": 0.660054, "delta": 0.002991}}
{"target": -1370.31198249707, "params": {"gamma": 9.594383776296462, "lr": 0.8039608914986468}, "datetime": {"datetime": "2024-06-13 19:11:55", "elapsed": 0.664043, "delta": 0.003989}}
{"target": -132.65529373929502, "params": {"gamma": 0.3241983431691163, "lr": 0.7093872512312951}, "datetime": {"datetime": "2024-06-13 19:11:55", "elapsed": 0.667036, "delta": 0.002993}}
{"target": -769.4367780692503, "params": {"gamma": 4.650549814153498, "lr": 0.9475489413950998}, "datetime": {"datetime": "2024-06-13 19:11:55", "elapsed": 0.670027, "delta": 0.002991}}
{"target": -254.3838284768558, "params": {"gamma": 2.2151059105005597, "lr": 0.2670720196843658}, "datetime": {"datetime": "2024-06-13 19:11:55", "elapsed": 0.673019, "delta": 0.002992}}
{"target": -131.21079181751915, "params": {"gamma": 0.8156581748077427, "lr": 0.42861882866378653}, "datetime": {"datetime": "2024-06-13 19:11:55", "elapsed": 0.677009, "delta": 0.00399}}
{"target": -164.5755337005055, "params": {"gamma": 1.091078621426664, "lr": 0.6337867606119179}, "datetime": {"datetime": "2024-06-13 19:11:55", "elapsed": 0.680001, "delta": 0.002992}}
{"target": -1048.2713112424624, "params": {"gamma": 8.029829410500005, "lr": 0.6968004961201785}, "datetime": {"datetime": "2024-06-13 19:11:55", "elapsed": 0.682993, "delta": 0.002992}}
{"target": -771.7632368764704, "params": {"gamma": 7.66234759937663, "lr": 0.3424541198435198}, "datetime": {"datetime": "2024-06-13 19:11:55", "elapsed": 0.686982, "delta": 0.003989}}
{"target": -813.3634455749675, "params": {"gamma": 8.45866897879375, "lr": 0.42876877499944255}, "datetime": {"datetime": "2024-06-13 19:11:55", "elapsed": 0.689974, "delta": 0.002992}}
{"target": -888.3253617542268, "params": {"gamma": 8.240274694252776, "lr": 0.6264961586242938}, "datetime": {"datetime": "2024-06-13 19:11:55", "elapsed": 0.692966, "delta": 0.002992}}
{"target": -316.6127929321737, "params": {"gamma": 1.435087063653779, "lr": 0.07838689985494796}, "datetime": {"datetime": "2024-06-13 19:11:55", "elapsed": 0.696956, "delta": 0.00399}}
{"target": -137.81524813713668, "params": {"gamma": 0.1843080964871599, "lr": 0.06672499763935646}, "datetime": {"datetime": "2024-06-13 19:11:55", "elapsed": 0.699948, "delta": 0.002992}}
{"target": -715.337707341277, "params": {"gamma": 4.586379553270611, "lr": 0.11334192276759048}, "datetime": {"datetime": "2024-06-13 19:11:55", "elapsed": 0.70294, "delta": 0.002992}}
{"target": -132.57758307258342, "params": {"gamma": 0.27880570513785086, "lr": 0.7548614813904674}, "datetime": {"datetime": "2024-06-13 19:11:55", "elapsed": 0.706929, "delta": 0.003989}}
{"target": -532.4197242663831, "params": {"gamma": 3.949109954125934, "lr": 0.7469384956075251}, "datetime": {"datetime": "2024-06-13 19:11:55", "elapsed": 0.709921, "delta": 0.002992}}
{"target": -438.1044148777782, "params": {"gamma": 4.52459586263777, "lr": 0.4500867470007611}, "datetime": {"datetime": "2024-06-13 19:11:55", "elapsed": 0.71391, "delta": 0.003989}}
{"target": -461.736918968317, "params": {"gamma": 4.7812469946715925, "lr": 0.47400392656219403}, "datetime": {"datetime": "2024-06-13 19:11:55", "elapsed": 0.716902, "delta": 0.002992}}
{"target": -773.0675290237855, "params": {"gamma": 8.031830257799582, "lr": 0.40239251985773583}, "datetime": {"datetime": "2024-06-13 19:11:55", "elapsed": 0.720891, "delta": 0.003989}}
{"target": -1742.0926539310567, "params": {"gamma": 9.046956917275887, "lr": 0.037061047954035864}, "datetime": {"datetime": "2024-06-13 19:11:55", "elapsed": 0.723883, "delta": 0.002992}}
{"target": -1107.0432118425938, "params": {"gamma": 7.738969552861467, "lr": 0.12564138113773882}, "datetime": {"datetime": "2024-06-13 19:11:55", "elapsed": 0.726875, "delta": 0.002992}}
{"target": -1202.78502794828, "params": {"gamma": 6.185517155553943, "lr": 0.010364261335231939}, "datetime": {"datetime": "2024-06-13 19:11:55", "elapsed": 0.730865, "delta": 0.00399}}
{"target": -1052.3101209323968, "params": {"gamma": 5.386734198480894, "lr": 0.0030179566195963625}, "datetime": {"datetime": "2024-06-13 19:11:55", "elapsed": 0.733857, "delta": 0.002992}}
{"target": -1521.6638002503555, "params": {"gamma": 9.511986661116556, "lr": 0.905402033702778}, "datetime": {"datetime": "2024-06-13 19:11:55", "elapsed": 0.736848, "delta": 0.002991}}
{"target": -1302.9768341184604, "params": {"gamma": 7.959873452480752, "lr": 0.9152743199147875}, "datetime": {"datetime": "2024-06-13 19:11:55", "elapsed": 0.740838, "delta": 0.00399}}
{"target": -235.9862966472736, "params": {"gamma": 1.4564367533528122, "lr": 0.15773006987053328}, "datetime": {"datetime": "2024-06-13 19:11:55", "elapsed": 0.74383, "delta": 0.002992}}
{"target": -232.7187380768291, "params": {"gamma": 1.8771290973514374, "lr": 0.6224959022999211}, "datetime": {"datetime": "2024-06-13 19:11:55", "elapsed": 0.746822, "delta": 0.002992}}
{"target": -1480.296453680272, "params": {"gamma": 9.05818915058701, "lr": 0.9899551783590737}, "datetime": {"datetime": "2024-06-13 19:11:55", "elapsed": 0.749814, "delta": 0.002992}}
{"target": -936.4894615614578, "params": {"gamma": 7.111513465199394, "lr": 0.7318004091422953}, "datetime": {"datetime": "2024-06-13 19:11:55", "elapsed": 0.753803, "delta": 0.003989}}
{"target": -873.2652805482322, "params": {"gamma": 9.093022752238, "lr": 0.4008737323711209}, "datetime": {"datetime": "2024-06-13 19:11:55", "elapsed": 0.756796, "delta": 0.002993}}
{"target": -379.96261852279486, "params": {"gamma": 2.4992569515701426, "lr": 0.17343017078712286}, "datetime": {"datetime": "2024-06-13 19:11:55", "elapsed": 0.759787, "delta": 0.002991}}
{"target": -210.42716524418316, "params": {"gamma": 1.1954510462869563, "lr": 0.8126105880328287}, "datetime": {"datetime": "2024-06-13 19:11:55", "elapsed": 0.763777, "delta": 0.00399}}
{"target": -185.30723354285797, "params": {"gamma": 1.4687769417990144, "lr": 0.2642974827269007}, "datetime": {"datetime": "2024-06-13 19:11:55", "elapsed": 0.766769, "delta": 0.002992}}
{"target": -864.5531429322217, "params": {"gamma": 8.191072697156674, "lr": 0.31058725179421}, "datetime": {"datetime": "2024-06-13 19:11:55", "elapsed": 0.769761, "delta": 0.002992}}
{"target": -1039.076306181781, "params": {"gamma": 9.824192075480136, "lr": 0.2666387021516352}, "datetime": {"datetime": "2024-06-13 19:11:55", "elapsed": 0.77375, "delta": 0.003989}}
