{"target": -607.5184268705159, "params": {"gamma": 5.695374633041013, "prior": 1.693617224474527, "rate": 4.6693333476103005}, "datetime": {"datetime": "2024-06-14 12:57:12", "elapsed": 0.885983, "delta": 0.008975}}
{"target": -385.6701753148353, "params": {"gamma": 3.452375339500995, "prior": 2.327895582359438, "rate": 5.925526175789202}, "datetime": {"datetime": "2024-06-14 12:57:12", "elapsed": 0.89496, "delta": 0.008977}}
{"target": -301.31036016939373, "params": {"gamma": 3.1233861071814677, "prior": 9.171424979336672, "rate": 9.09644561399062}, "datetime": {"datetime": "2024-06-14 12:57:12", "elapsed": 0.903965, "delta": 0.009005}}
{"target": -286.66093215991094, "params": {"gamma": 2.57192581952818, "prior": 1.1978238773658891, "rate": 1.9304343574591094}, "datetime": {"datetime": "2024-06-14 12:57:12", "elapsed": 0.911914, "delta": 0.007949}}
{"target": -347.21980588825664, "params": {"gamma": 4.996342122618183, "prior": 7.312998112948502, "rate": 2.082736189649506}, "datetime": {"datetime": "2024-06-14 12:57:12", "elapsed": 0.92089, "delta": 0.008976}}
{"target": -231.90387668117884, "params": {"gamma": 2.48108755021393, "prior": 8.531551561870033, "rate": 4.159071333957006}, "datetime": {"datetime": "2024-06-14 12:57:12", "elapsed": 0.929866, "delta": 0.008976}}
{"target": -441.37213666918217, "params": {"gamma": 6.167233986485208, "prior": 2.413294778468576, "rate": 1.0205706269985484}, "datetime": {"datetime": "2024-06-14 12:57:12", "elapsed": 0.938842, "delta": 0.008976}}
{"target": -361.66830037071315, "params": {"gamma": 5.159054312668331, "prior": 4.8236957717928455, "rate": 1.5275637692875392}, "datetime": {"datetime": "2024-06-14 12:57:12", "elapsed": 0.947818, "delta": 0.008976}}
{"target": -554.071778654705, "params": {"gamma": 6.218440511172415, "prior": 5.485700176257987, "rate": 6.541719332360473}, "datetime": {"datetime": "2024-06-14 12:57:12", "elapsed": 0.955797, "delta": 0.007979}}
{"target": -178.1750097716157, "params": {"gamma": 1.4463108557064734, "prior": 7.540125389638914, "rate": 2.221269348859427}, "datetime": {"datetime": "2024-06-14 12:57:12", "elapsed": 0.965329, "delta": 0.009532}}
{"target": -323.8684010931834, "params": {"gamma": 5.193998891835965, "prior": 7.8744306793940275, "rate": 0.22428194949007}, "datetime": {"datetime": "2024-06-14 12:57:12", "elapsed": 0.974307, "delta": 0.008978}}
{"target": -308.1431291192776, "params": {"gamma": 3.2443002348021386, "prior": 8.7419315263611, "rate": 8.447251366413093}, "datetime": {"datetime": "2024-06-14 12:57:12", "elapsed": 0.982388, "delta": 0.008081}}
{"target": -477.41796326344934, "params": {"gamma": 5.384867485352843, "prior": 8.67942191424848, "rate": 9.498110107544912}, "datetime": {"datetime": "2024-06-14 12:57:12", "elapsed": 0.991371, "delta": 0.008983}}
{"target": -486.7233100992071, "params": {"gamma": 8.264243569295784, "prior": 8.555742893981733, "rate": 0.9883352748016633}, "datetime": {"datetime": "2024-06-14 12:57:12", "elapsed": 1.000342, "delta": 0.008971}}
{"target": -537.2490925223215, "params": {"gamma": 6.51339201907757, "prior": 7.064818182711264, "rate": 6.102797885653651}, "datetime": {"datetime": "2024-06-14 12:57:12", "elapsed": 1.009584, "delta": 0.009242}}
{"target": -1048.6452456328452, "params": {"gamma": 7.996353002098545, "prior": 0.4422550767291791, "rate": 7.702617106815245}, "datetime": {"datetime": "2024-06-14 12:57:12", "elapsed": 1.017562, "delta": 0.007978}}
{"target": -613.1105582177247, "params": {"gamma": 7.317554278794531, "prior": 2.671014093653696, "rate": 2.571435918922645}, "datetime": {"datetime": "2024-06-14 12:57:12", "elapsed": 1.026541, "delta": 0.008979}}
{"target": -645.4817018038985, "params": {"gamma": 6.323400870983849, "prior": 3.5184448697517077, "rate": 7.966090191394868}, "datetime": {"datetime": "2024-06-14 12:57:12", "elapsed": 1.03552, "delta": 0.008979}}
{"target": -418.11519188747326, "params": {"gamma": 4.46201617380257, "prior": 7.849219206363302, "rate": 9.904727364454784}, "datetime": {"datetime": "2024-06-14 12:57:12", "elapsed": 1.044498, "delta": 0.008978}}
{"target": -388.08281988614686, "params": {"gamma": 3.0031831469994668, "prior": 1.515757699755184, "rate": 9.01318305505639}, "datetime": {"datetime": "2024-06-14 12:57:12", "elapsed": 1.053477, "delta": 0.008979}}
{"target": -429.02597799976104, "params": {"gamma": 5.416052229494846, "prior": 9.749929671465313, "rate": 6.366407395618971}, "datetime": {"datetime": "2024-06-14 12:57:12", "elapsed": 1.062453, "delta": 0.008976}}
{"target": -817.9004559254693, "params": {"gamma": 9.939136333080178, "prior": 5.506100961015221, "rate": 5.264732913121308}, "datetime": {"datetime": "2024-06-14 12:57:12", "elapsed": 1.07144, "delta": 0.008987}}
{"target": -169.0686401480722, "params": {"gamma": 1.3551436028186268, "prior": 3.6214811927404233, "rate": 0.2631594543964365}, "datetime": {"datetime": "2024-06-14 12:57:12", "elapsed": 1.081406, "delta": 0.009966}}
{"target": -175.72421789482414, "params": {"gamma": 1.6047914000169714, "prior": 7.481808207804211, "rate": 0.3049664995979595}, "datetime": {"datetime": "2024-06-14 12:57:12", "elapsed": 1.089414, "delta": 0.008008}}
{"target": -325.52949559517174, "params": {"gamma": 3.6660644293402, "prior": 8.637227903096637, "rate": 6.927084497356036}, "datetime": {"datetime": "2024-06-14 12:57:12", "elapsed": 1.098399, "delta": 0.008985}}
{"target": -700.8745828899578, "params": {"gamma": 6.90973047851962, "prior": 1.9675043294575778, "rate": 4.419600903203486}, "datetime": {"datetime": "2024-06-14 12:57:12", "elapsed": 1.107378, "delta": 0.008979}}
{"target": -378.54242656540924, "params": {"gamma": 5.816192496035568, "prior": 9.898541905870681, "rate": 2.0398583461059854}, "datetime": {"datetime": "2024-06-14 12:57:12", "elapsed": 1.116455, "delta": 0.009077}}
{"target": -303.677239412288, "params": {"gamma": 2.478081284721786, "prior": 2.695513529351828, "rate": 7.50197396056663}, "datetime": {"datetime": "2024-06-14 12:57:12", "elapsed": 1.125433, "delta": 0.008978}}
{"target": -574.766693042508, "params": {"gamma": 4.570296299029493, "prior": 0.6636014402698404, "rate": 5.085653889861787}, "datetime": {"datetime": "2024-06-14 12:57:12", "elapsed": 1.134411, "delta": 0.008978}}
{"target": -207.66102351347914, "params": {"gamma": 2.120389686272116, "prior": 8.006182023126081, "rate": 2.9740164836912153}, "datetime": {"datetime": "2024-06-14 12:57:12", "elapsed": 1.142451, "delta": 0.00804}}
{"target": -154.90981421715514, "params": {"gamma": 0.2770325135330818, "prior": 5.9749812496997485, "rate": 8.438560448882956}, "datetime": {"datetime": "2024-06-14 12:57:12", "elapsed": 1.151503, "delta": 0.009052}}
{"target": -324.6750440397086, "params": {"gamma": 3.81078022449808, "prior": 7.52359727618882, "rate": 5.111903641492986}, "datetime": {"datetime": "2024-06-14 12:57:12", "elapsed": 1.160474, "delta": 0.008971}}
{"target": -452.03214591251736, "params": {"gamma": 5.409977097816925, "prior": 9.598399778511348, "rate": 8.039804954094969}, "datetime": {"datetime": "2024-06-14 12:57:12", "elapsed": 1.169449, "delta": 0.008975}}
{"target": -154.5266391423229, "params": {"gamma": 0.3241983431691163, "prior": 7.1229337871898215, "rate": 4.650549814153498}, "datetime": {"datetime": "2024-06-14 12:57:12", "elapsed": 1.178428, "delta": 0.008979}}
{"target": -819.4435617085245, "params": {"gamma": 9.475541865009603, "prior": 2.2921840698025346, "rate": 2.6714531248239735}, "datetime": {"datetime": "2024-06-14 12:57:12", "elapsed": 1.187406, "delta": 0.008978}}
{"target": -160.34038652296357, "params": {"gamma": 0.8156581748077427, "prior": 4.343326403771487, "rate": 1.091078621426664}, "datetime": {"datetime": "2024-06-14 12:57:12", "elapsed": 1.196384, "delta": 0.008978}}
{"target": -524.3612469207932, "params": {"gamma": 6.3382338193585674, "prior": 8.049336050000004, "rate": 6.968308160705665}, "datetime": {"datetime": "2024-06-14 12:57:12", "elapsed": 1.205362, "delta": 0.008978}}
{"target": -785.5104147088231, "params": {"gamma": 7.66234759937663, "prior": 3.4902957864508464, "rate": 8.45866897879375}, "datetime": {"datetime": "2024-06-14 12:57:12", "elapsed": 1.213344, "delta": 0.007982}}
{"target": -363.97886821319554, "params": {"gamma": 4.2882589812194265, "prior": 8.257697717081955, "rate": 6.265335090084314}, "datetime": {"datetime": "2024-06-14 12:57:12", "elapsed": 1.222322, "delta": 0.008978}}
{"target": -174.81250621829443, "params": {"gamma": 1.435087063653779, "prior": 0.8760303085639848, "rate": 0.1843080964871599}, "datetime": {"datetime": "2024-06-14 12:57:12", "elapsed": 1.231304, "delta": 0.008982}}
{"target": -157.52115484767734, "params": {"gamma": 0.6681832513959254, "prior": 4.639979755713475, "rate": 1.1343058857531372}, "datetime": {"datetime": "2024-06-14 12:57:12", "elapsed": 1.240277, "delta": 0.008973}}
{"target": -153.49494076159766, "params": {"gamma": 0.27880570513785086, "prior": 7.573128665765627, "rate": 3.949109954125934}, "datetime": {"datetime": "2024-06-14 12:57:12", "elapsed": 1.249256, "delta": 0.008979}}
{"target": -628.0364935945837, "params": {"gamma": 7.469638017579644, "prior": 4.57880778478987, "rate": 4.501417383260611}, "datetime": {"datetime": "2024-06-14 12:57:12", "elapsed": 1.258234, "delta": 0.008978}}
{"target": -470.628542701527, "params": {"gamma": 4.7812469946715925, "prior": 4.79263887296572, "rate": 8.031830257799582}, "datetime": {"datetime": "2024-06-14 12:57:12", "elapsed": 1.266213, "delta": 0.007979}}
{"target": -270.3215099130869, "params": {"gamma": 4.024522806057501, "prior": 9.056392987401868, "rate": 0.3715734184924046}, "datetime": {"datetime": "2024-06-14 12:57:12", "elapsed": 1.275191, "delta": 0.008978}}
{"target": -885.094416320938, "params": {"gamma": 7.738969552861467, "prior": 1.3438496732636145, "rate": 6.185517155553943}, "datetime": {"datetime": "2024-06-14 12:57:12", "elapsed": 1.28417, "delta": 0.008979}}
{"target": -151.04389067207262, "params": {"gamma": 0.10463224909098416, "prior": 5.4324100975058345, "rate": 0.031176548239344033}, "datetime": {"datetime": "2024-06-14 12:57:12", "elapsed": 1.293148, "delta": 0.008978}}
{"target": -768.478469923032, "params": {"gamma": 9.511986661116556, "prior": 9.063480133657503, "rate": 7.959873452480752}, "datetime": {"datetime": "2024-06-14 12:57:12", "elapsed": 1.302124, "delta": 0.008976}}
{"target": -768.4235317743322, "params": {"gamma": 9.15282792482796, "prior": 1.541026488468131, "rate": 1.5781429686354622}, "datetime": {"datetime": "2024-06-14 12:57:12", "elapsed": 1.310102, "delta": 0.007978}}
{"target": -233.34057144997868, "params": {"gamma": 1.8771290973514374, "prior": 6.262709432769219, "rate": 9.05818915058701}, "datetime": {"datetime": "2024-06-14 12:57:12", "elapsed": 1.319079, "delta": 0.008977}}
{"target": -828.5467040239091, "params": {"gamma": 9.899561828412377, "prior": 7.1401123417815775, "rate": 7.318272291013812}, "datetime": {"datetime": "2024-06-14 12:57:12", "elapsed": 1.328054, "delta": 0.008975}}
{"target": -678.8893374896774, "params": {"gamma": 9.093022752238, "prior": 4.0686499504740965, "rate": 2.4992569515701426}, "datetime": {"datetime": "2024-06-14 12:57:12", "elapsed": 1.337033, "delta": 0.008979}}
{"target": -262.8297580451917, "params": {"gamma": 1.7351282777004415, "prior": 1.2826247983039172, "rate": 8.126293269740254}, "datetime": {"datetime": "2024-06-14 12:57:12", "elapsed": 1.346011, "delta": 0.008978}}
{"target": -223.90607147521393, "params": {"gamma": 1.4687769417990144, "prior": 2.716545078996317, "rate": 8.191072697156674}, "datetime": {"datetime": "2024-06-14 12:57:12", "elapsed": 1.354989, "delta": 0.008978}}
{"target": -245.82824977209617, "params": {"gamma": 3.106561930690306, "prior": 9.825932748000135, "rate": 2.6671203828142005}, "datetime": {"datetime": "2024-06-14 12:57:12", "elapsed": 1.363967, "delta": 0.008978}}
{"target": -574.8956245357151, "params": {"gamma": 5.336999796367143, "prior": 3.2132234107399116, "rate": 9.1078175389072}, "datetime": {"datetime": "2024-06-14 12:57:12", "elapsed": 1.372946, "delta": 0.008979}}
{"target": -350.43116419058157, "params": {"gamma": 3.666199881868493, "prior": 4.392564040004329, "rate": 5.123414630091336}, "datetime": {"datetime": "2024-06-14 12:57:12", "elapsed": 1.381924, "delta": 0.008978}}
{"target": -1227.228576345013, "params": {"gamma": 9.388925887219763, "prior": 0.4063951620843921, "rate": 7.1690697576532605}, "datetime": {"datetime": "2024-06-14 12:57:12", "elapsed": 1.3909, "delta": 0.008976}}
{"target": -1147.0923961418364, "params": {"gamma": 8.910298523969097, "prior": 0.37014351282294133, "rate": 5.220990421277856}, "datetime": {"datetime": "2024-06-14 12:57:12", "elapsed": 1.399876, "delta": 0.008976}}
{"target": -287.408902003778, "params": {"gamma": 3.2605721278884827, "prior": 8.6089442765693, "rate": 5.585606992674257}, "datetime": {"datetime": "2024-06-14 12:57:12", "elapsed": 1.408852, "delta": 0.008976}}
{"target": -629.8707508376232, "params": {"gamma": 6.902588453759316, "prior": 4.58324964952022, "rate": 6.2834620661760505}, "datetime": {"datetime": "2024-06-14 12:57:12", "elapsed": 1.417828, "delta": 0.008976}}
{"target": -426.88079189034437, "params": {"gamma": 2.901678420022571, "prior": 0.19255092186850625, "rate": 5.767982593935921}, "datetime": {"datetime": "2024-06-14 12:57:12", "elapsed": 1.426803, "delta": 0.008975}}
{"target": -333.6617044374093, "params": {"gamma": 3.1151306971104957, "prior": 5.220949225161185, "rate": 9.164142124685924}, "datetime": {"datetime": "2024-06-14 12:57:12", "elapsed": 1.43578, "delta": 0.008977}}
{"target": -414.5003161901473, "params": {"gamma": 4.265321410225459, "prior": 2.549220762363616, "rate": 3.7135663190292654}, "datetime": {"datetime": "2024-06-14 12:57:12", "elapsed": 1.444756, "delta": 0.008976}}
{"target": -758.0915964533566, "params": {"gamma": 9.31867930524877, "prior": 9.374996974960027, "rate": 8.443455155708566}, "datetime": {"datetime": "2024-06-14 12:57:12", "elapsed": 1.453732, "delta": 0.008976}}
{"target": -621.9657118350796, "params": {"gamma": 9.202144936542298, "prior": 2.356212870518038, "rate": 0.8757346133263552}, "datetime": {"datetime": "2024-06-14 12:57:12", "elapsed": 1.466697, "delta": 0.012965}}
{"target": -224.79557336183834, "params": {"gamma": 2.273870053110603, "prior": 3.2123284995290997, "rate": 1.7484839976867594}, "datetime": {"datetime": "2024-06-14 12:57:12", "elapsed": 1.475674, "delta": 0.008977}}
{"target": -602.7321403938539, "params": {"gamma": 6.071334525562633, "prior": 4.194505508511497, "rate": 8.163698766760314}, "datetime": {"datetime": "2024-06-14 12:57:12", "elapsed": 1.484649, "delta": 0.008975}}
{"target": -194.8448492306102, "params": {"gamma": 1.8521188522920375, "prior": 7.048577644587473, "rate": 2.4043158928665394}, "datetime": {"datetime": "2024-06-14 12:57:12", "elapsed": 1.492628, "delta": 0.007979}}
{"target": -365.9109833112932, "params": {"gamma": 5.742616669319757, "prior": 3.55497721248581, "rate": 0.5705870304288444}, "datetime": {"datetime": "2024-06-14 12:57:12", "elapsed": 1.501604, "delta": 0.008976}}
{"target": -235.94433897065937, "params": {"gamma": 2.288907895932798, "prior": 6.674615298012455, "rate": 4.973003683511953}, "datetime": {"datetime": "2024-06-14 12:57:12", "elapsed": 1.51058, "delta": 0.008976}}
{"target": -569.8188744305669, "params": {"gamma": 5.190640824752714, "prior": 1.8297294860783329, "rate": 5.7075877996110185}, "datetime": {"datetime": "2024-06-14 12:57:12", "elapsed": 1.519556, "delta": 0.008976}}
{"target": -768.7736735748025, "params": {"gamma": 9.967537498656892, "prior": 8.186667577037056, "rate": 5.944131865685947}, "datetime": {"datetime": "2024-06-14 12:57:12", "elapsed": 1.528532, "delta": 0.008976}}
{"target": -737.5341041665716, "params": {"gamma": 9.759914694240718, "prior": 9.025469588226281, "rate": 5.956483728092853}, "datetime": {"datetime": "2024-06-14 12:57:12", "elapsed": 1.537508, "delta": 0.008976}}
{"target": -154.49938204014623, "params": {"gamma": 0.32523082681925664, "prior": 1.0264132485930595, "rate": 0.6546517787072217}, "datetime": {"datetime": "2024-06-14 12:57:12", "elapsed": 1.546484, "delta": 0.008976}}
{"target": -485.3928154466622, "params": {"gamma": 4.517879753766062, "prior": 3.816804848361792, "rate": 9.753524992668595}, "datetime": {"datetime": "2024-06-14 12:57:12", "elapsed": 1.55546, "delta": 0.008976}}
{"target": -205.0196461103143, "params": {"gamma": 1.6806649487029495, "prior": 9.730597160133286, "rate": 7.674981213761269}, "datetime": {"datetime": "2024-06-14 12:57:12", "elapsed": 1.564436, "delta": 0.008976}}
{"target": -699.8803532390477, "params": {"gamma": 8.242554158405353, "prior": 6.362896586102173, "rate": 6.6876589692971145}, "datetime": {"datetime": "2024-06-14 12:57:12", "elapsed": 1.572415, "delta": 0.007979}}
{"target": -636.3783972529728, "params": {"gamma": 4.769346452878413, "prior": 0.23004993353841524, "rate": 3.530707849332706}, "datetime": {"datetime": "2024-06-14 12:57:12", "elapsed": 1.581391, "delta": 0.008976}}
{"target": -393.73090673536336, "params": {"gamma": 4.9212259431340915, "prior": 7.327902989792033, "rate": 4.686814799118347}, "datetime": {"datetime": "2024-06-14 12:57:12", "elapsed": 1.590366, "delta": 0.008975}}
{"target": -296.4627871515368, "params": {"gamma": 4.574591755978228, "prior": 1.4628611353614713, "rate": 0.10987644930098642}, "datetime": {"datetime": "2024-06-14 12:57:12", "elapsed": 1.599343, "delta": 0.008977}}
{"target": -810.0817752316391, "params": {"gamma": 7.583024326509486, "prior": 3.267533096969016, "rate": 9.843850118484914}, "datetime": {"datetime": "2024-06-14 12:57:12", "elapsed": 1.608319, "delta": 0.008976}}
{"target": -257.20361323462805, "params": {"gamma": 2.2031220273654006, "prior": 3.453209452268629, "rate": 5.239437460525651}, "datetime": {"datetime": "2024-06-14 12:57:12", "elapsed": 1.617294, "delta": 0.008975}}
{"target": -490.6821766538021, "params": {"gamma": 7.549159679148268, "prior": 4.692192060612927, "rate": 1.2491006085736511}, "datetime": {"datetime": "2024-06-14 12:57:12", "elapsed": 1.626271, "delta": 0.008977}}
{"target": -317.91901103393815, "params": {"gamma": 3.125701283542003, "prior": 5.094739780039847, "rate": 6.73881623116066}, "datetime": {"datetime": "2024-06-14 12:57:12", "elapsed": 1.634249, "delta": 0.007978}}
{"target": -471.5624852308547, "params": {"gamma": 7.70172941316461, "prior": 1.3903242314481075, "rate": 0.23012839809249527}, "datetime": {"datetime": "2024-06-14 12:57:12", "elapsed": 1.643225, "delta": 0.008976}}
{"target": -324.82726961569153, "params": {"gamma": 5.191304139797683, "prior": 8.118888235557922, "rate": 0.12702506653173326}, "datetime": {"datetime": "2024-06-14 12:57:12", "elapsed": 1.652202, "delta": 0.008977}}
{"target": -519.5634232918856, "params": {"gamma": 6.725025976692686, "prior": 6.899401443904219, "rate": 4.49301828911279}, "datetime": {"datetime": "2024-06-14 12:57:12", "elapsed": 1.661178, "delta": 0.008976}}
{"target": -510.312863575792, "params": {"gamma": 9.1479720787326, "prior": 6.47917473909423, "rate": 0.05339313667700704}, "datetime": {"datetime": "2024-06-14 12:57:12", "elapsed": 1.670153, "delta": 0.008975}}
{"target": -423.6610756041529, "params": {"gamma": 4.844800026698242, "prior": 8.60724628036624, "rate": 8.304165300803357}, "datetime": {"datetime": "2024-06-14 12:57:12", "elapsed": 1.67913, "delta": 0.008977}}
{"target": -534.3386392352219, "params": {"gamma": 6.491892816927667, "prior": 6.769614396596453, "rate": 5.7854172983122165}, "datetime": {"datetime": "2024-06-14 12:57:12", "elapsed": 1.688105, "delta": 0.008975}}
{"target": -284.3956210792579, "params": {"gamma": 2.741923631893355, "prior": 5.649246906306982, "rate": 6.717626118389386}, "datetime": {"datetime": "2024-06-14 12:57:12", "elapsed": 1.696084, "delta": 0.007979}}
{"target": -261.85526504909143, "params": {"gamma": 3.5249438725338718, "prior": 8.572700835813885, "rate": 1.9511798226010642}, "datetime": {"datetime": "2024-06-14 12:57:13", "elapsed": 1.70506, "delta": 0.008976}}
{"target": -777.8124605175325, "params": {"gamma": 7.473460782508901, "prior": 2.9670671872500867, "rate": 7.738219073154577}, "datetime": {"datetime": "2024-06-14 12:57:13", "elapsed": 1.714036, "delta": 0.008976}}
{"target": -327.502969675645, "params": {"gamma": 4.277945556031427, "prior": 8.096214250210874, "rate": 3.535995091817236}, "datetime": {"datetime": "2024-06-14 12:57:13", "elapsed": 1.723012, "delta": 0.008976}}
{"target": -210.1419108072875, "params": {"gamma": 2.137718683058182, "prior": 7.696116633375489, "rate": 3.0871108343588807}, "datetime": {"datetime": "2024-06-14 12:57:13", "elapsed": 1.731989, "delta": 0.008977}}
{"target": -485.6139832093495, "params": {"gamma": 7.332717432196549, "prior": 7.4702842154695475, "rate": 2.2147456123811025}, "datetime": {"datetime": "2024-06-14 12:57:13", "elapsed": 1.740964, "delta": 0.008975}}
{"target": -225.25097925023422, "params": {"gamma": 2.141907256069664, "prior": 2.0695844419279603, "rate": 1.4260408593206808}, "datetime": {"datetime": "2024-06-14 12:57:13", "elapsed": 1.74994, "delta": 0.008976}}
{"target": -427.7555241195991, "params": {"gamma": 3.7714489094741337, "prior": 0.3636160584470526, "rate": 1.110092769973372}, "datetime": {"datetime": "2024-06-14 12:57:13", "elapsed": 1.759914, "delta": 0.009974}}
{"target": -405.48455030295116, "params": {"gamma": 6.745965673610343, "prior": 8.017787715284124, "rate": 0.8062147417567307}, "datetime": {"datetime": "2024-06-14 12:57:13", "elapsed": 1.76889, "delta": 0.008976}}
{"target": -306.09728421754215, "params": {"gamma": 2.3177914025474347, "prior": 2.1554940518577625, "rate": 9.173418297253225}, "datetime": {"datetime": "2024-06-14 12:57:13", "elapsed": 1.778865, "delta": 0.009975}}
