{"target": -402.44105650706155, "params": {"gamma": 1.9867164390362086, "lr": 0.0254762357788203}, "datetime": {"datetime": "2024-06-13 19:33:51", "elapsed": 2.066985, "delta": 0.003989}}
{"target": -592.8134824367454, "params": {"gamma": 7.294247584863271, "lr": 0.7249167472191191}, "datetime": {"datetime": "2024-06-13 19:33:51", "elapsed": 2.069977, "delta": 0.002992}}
{"target": -270.98243125039676, "params": {"gamma": 3.304587071870666, "lr": 0.8434941260636555}, "datetime": {"datetime": "2024-06-13 19:33:51", "elapsed": 2.073966, "delta": 0.003989}}
{"target": -359.96114567790045, "params": {"gamma": 4.284996317034784, "lr": 0.8646861447635343}, "datetime": {"datetime": "2024-06-13 19:33:51", "elapsed": 2.078429, "delta": 0.004463}}
{"target": -519.0647137928576, "params": {"gamma": 6.570997180804273, "lr": 0.5810356574180902}, "datetime": {"datetime": "2024-06-13 19:33:51", "elapsed": 2.081928, "delta": 0.003499}}
{"target": -170.4721682877217, "params": {"gamma": 2.008074152862875, "lr": 0.5295466104783949}, "datetime": {"datetime": "2024-06-13 19:33:51", "elapsed": 2.085943, "delta": 0.004015}}
{"target": -798.6879799526743, "params": {"gamma": 8.944429751857296, "lr": 0.30499397583521604}, "datetime": {"datetime": "2024-06-13 19:33:51", "elapsed": 2.08891, "delta": 0.002967}}
{"target": -726.3940893509546, "params": {"gamma": 8.709585146001372, "lr": 0.9087452728583881}, "datetime": {"datetime": "2024-06-13 19:33:51", "elapsed": 2.092898, "delta": 0.003988}}
{"target": -273.1042326739979, "params": {"gamma": 3.2991157822561417, "lr": 0.6830743663365642}, "datetime": {"datetime": "2024-06-13 19:33:51", "elapsed": 2.096888, "delta": 0.00399}}
{"target": -1754.2190947497766, "params": {"gamma": 8.992310274710121, "lr": 0.07569688175830336}, "datetime": {"datetime": "2024-06-13 19:33:51", "elapsed": 2.09988, "delta": 0.002992}}
{"target": -1165.77814047359, "params": {"gamma": 8.7860000441845, "lr": 0.1908393632684806}, "datetime": {"datetime": "2024-06-13 19:33:51", "elapsed": 2.10387, "delta": 0.00399}}
{"target": -689.658575571113, "params": {"gamma": 8.497839331269288, "lr": 0.6671187886992039}, "datetime": {"datetime": "2024-06-13 19:33:51", "elapsed": 2.107859, "delta": 0.003989}}
{"target": -495.75636472776364, "params": {"gamma": 3.4440476153050885, "lr": 0.151375569992799}, "datetime": {"datetime": "2024-06-13 19:33:51", "elapsed": 2.110851, "delta": 0.002992}}
{"target": -514.476572880245, "params": {"gamma": 6.354074243923046, "lr": 0.8477880437147416}, "datetime": {"datetime": "2024-06-13 19:33:51", "elapsed": 2.115346, "delta": 0.004495}}
{"target": -680.9078252364851, "params": {"gamma": 8.218671898265342, "lr": 0.6282395971306578}, "datetime": {"datetime": "2024-06-13 19:33:51", "elapsed": 2.118338, "delta": 0.002992}}
{"target": -750.853051962264, "params": {"gamma": 9.563058796042565, "lr": 0.5899231270757698}, "datetime": {"datetime": "2024-06-13 19:33:51", "elapsed": 2.122328, "delta": 0.00399}}
{"target": -170.51867331924575, "params": {"gamma": 1.979130013694545, "lr": 0.4293307226164923}, "datetime": {"datetime": "2024-06-13 19:33:51", "elapsed": 2.126317, "delta": 0.003989}}
{"target": -291.6084434513722, "params": {"gamma": 3.3681232410129716, "lr": 0.991945011907281}, "datetime": {"datetime": "2024-06-13 19:33:51", "elapsed": 2.129309, "delta": 0.002992}}
{"target": -327.97716252668283, "params": {"gamma": 3.8029847246765303, "lr": 0.992700873664818}, "datetime": {"datetime": "2024-06-13 19:33:51", "elapsed": 2.133298, "delta": 0.003989}}
{"target": -693.1133270602493, "params": {"gamma": 5.188523703083409, "lr": 0.17227970147712546}, "datetime": {"datetime": "2024-06-13 19:33:51", "elapsed": 2.137288, "delta": 0.00399}}
{"target": -111.18311432296001, "params": {"gamma": 0.7466661384435471, "lr": 0.37030569377388767}, "datetime": {"datetime": "2024-06-13 19:33:51", "elapsed": 2.140279, "delta": 0.002991}}
{"target": -124.17827843418898, "params": {"gamma": 1.235065179287484, "lr": 0.6345187162918416}, "datetime": {"datetime": "2024-06-13 19:33:51", "elapsed": 2.144269, "delta": 0.00399}}
{"target": -356.2847691883975, "params": {"gamma": 4.13978453744836, "lr": 0.9909156325254501}, "datetime": {"datetime": "2024-06-13 19:33:51", "elapsed": 2.148258, "delta": 0.003989}}
{"target": -1316.3077720918993, "params": {"gamma": 9.299626280909525, "lr": 0.14923603230975002}, "datetime": {"datetime": "2024-06-13 19:33:51", "elapsed": 2.15125, "delta": 0.002992}}
{"target": -303.78242125029055, "params": {"gamma": 3.9494277431054683, "lr": 0.46157971096238615}, "datetime": {"datetime": "2024-06-13 19:33:51", "elapsed": 2.15524, "delta": 0.00399}}
{"target": -464.49943521286815, "params": {"gamma": 5.609926602464331, "lr": 0.7803635232892685}, "datetime": {"datetime": "2024-06-13 19:33:51", "elapsed": 2.159229, "delta": 0.003989}}
{"target": -376.4058265992377, "params": {"gamma": 4.872451896825164, "lr": 0.4199935520102408}, "datetime": {"datetime": "2024-06-13 19:33:51", "elapsed": 2.163218, "delta": 0.003989}}
{"target": -229.8960615419599, "params": {"gamma": 2.6207350474886373, "lr": 0.9108061390867584}, "datetime": {"datetime": "2024-06-13 19:33:51", "elapsed": 2.16621, "delta": 0.002992}}
{"target": -104.05947862225213, "params": {"gamma": 0.22369284381650878, "lr": 0.8211218982189646}, "datetime": {"datetime": "2024-06-13 19:33:51", "elapsed": 2.1702, "delta": 0.00399}}
{"target": -164.86252770101038, "params": {"gamma": 1.8854955282645185, "lr": 0.6857568991725472}, "datetime": {"datetime": "2024-06-13 19:33:51", "elapsed": 2.174189, "delta": 0.003989}}
{"target": -307.0185239653785, "params": {"gamma": 3.552738684007098, "lr": 0.9742126278950913}, "datetime": {"datetime": "2024-06-13 19:33:51", "elapsed": 2.178178, "delta": 0.003989}}
{"target": -191.92460060137796, "params": {"gamma": 1.22859852236475, "lr": 0.18756989261723955}, "datetime": {"datetime": "2024-06-13 19:33:51", "elapsed": 2.18117, "delta": 0.002992}}
{"target": -699.0491901067195, "params": {"gamma": 8.894535312169324, "lr": 0.5834063146082279}, "datetime": {"datetime": "2024-06-13 19:33:51", "elapsed": 2.185159, "delta": 0.003989}}
{"target": -612.2356441584378, "params": {"gamma": 3.0931546002031376, "lr": 0.0007643854781880233}, "datetime": {"datetime": "2024-06-13 19:33:51", "elapsed": 2.189149, "delta": 0.00399}}
{"target": -336.51349749067555, "params": {"gamma": 2.2767497854842085, "lr": 0.1454036341712357}, "datetime": {"datetime": "2024-06-13 19:33:51", "elapsed": 2.193138, "delta": 0.003989}}
{"target": -178.78069160334252, "params": {"gamma": 2.035134809876536, "lr": 0.8963225568040046}, "datetime": {"datetime": "2024-06-13 19:33:51", "elapsed": 2.196131, "delta": 0.002993}}
{"target": -708.4287308564782, "params": {"gamma": 8.731070688318136, "lr": 0.7002894376334498}, "datetime": {"datetime": "2024-06-13 19:33:51", "elapsed": 2.200119, "delta": 0.003988}}
{"target": -383.61522883913324, "params": {"gamma": 4.705506263845939, "lr": 0.8271360023322883}, "datetime": {"datetime": "2024-06-13 19:33:51", "elapsed": 2.20411, "delta": 0.003991}}
{"target": -405.1487259653208, "params": {"gamma": 4.958768144455039, "lr": 0.36348868328490525}, "datetime": {"datetime": "2024-06-13 19:33:51", "elapsed": 2.208098, "delta": 0.003988}}
{"target": -241.0235725514027, "params": {"gamma": 2.7567554245058266, "lr": 0.9247408135383717}, "datetime": {"datetime": "2024-06-13 19:33:51", "elapsed": 2.212087, "delta": 0.003989}}
{"target": -298.06330175821387, "params": {"gamma": 3.8705053533286655, "lr": 0.49288087343132025}, "datetime": {"datetime": "2024-06-13 19:33:51", "elapsed": 2.21508, "delta": 0.002993}}
{"target": -218.65340787217772, "params": {"gamma": 2.5451265850419067, "lr": 0.8849665188380633}, "datetime": {"datetime": "2024-06-13 19:33:51", "elapsed": 2.219069, "delta": 0.003989}}
{"target": -358.17078681678754, "params": {"gamma": 3.833251304596062, "lr": 0.29757471531387525}, "datetime": {"datetime": "2024-06-13 19:33:51", "elapsed": 2.223058, "delta": 0.003989}}
{"target": -954.1472578266935, "params": {"gamma": 7.17623202698535, "lr": 0.19086994317230743}, "datetime": {"datetime": "2024-06-13 19:33:51", "elapsed": 2.227047, "delta": 0.003989}}
{"target": -114.64521059941573, "params": {"gamma": 1.1828081008410374, "lr": 0.8369977822135122}, "datetime": {"datetime": "2024-06-13 19:33:51", "elapsed": 2.23004, "delta": 0.002993}}
{"target": -586.4831154620988, "params": {"gamma": 7.441615077773983, "lr": 0.5905205476471171}, "datetime": {"datetime": "2024-06-13 19:33:51", "elapsed": 2.234029, "delta": 0.003989}}
{"target": -212.1137420024507, "params": {"gamma": 2.429672858073742, "lr": 0.6232471451875841}, "datetime": {"datetime": "2024-06-13 19:33:51", "elapsed": 2.238019, "delta": 0.00399}}
{"target": -577.3789595047695, "params": {"gamma": 6.383914852090989, "lr": 0.32756944411232514}, "datetime": {"datetime": "2024-06-13 19:33:51", "elapsed": 2.242008, "delta": 0.003989}}
{"target": -90.53387082180443, "params": {"gamma": 0.6758259413323553, "lr": 0.8805385975643267}, "datetime": {"datetime": "2024-06-13 19:33:51", "elapsed": 2.244999, "delta": 0.002991}}
{"target": -382.06735384728046, "params": {"gamma": 4.60010735401151, "lr": 0.7638727180664299}, "datetime": {"datetime": "2024-06-13 19:33:51", "elapsed": 2.248989, "delta": 0.00399}}
{"target": -210.90907573776244, "params": {"gamma": 2.539632320806454, "lr": 0.5913871822675169}, "datetime": {"datetime": "2024-06-13 19:33:51", "elapsed": 2.252978, "delta": 0.003989}}
{"target": -353.6842917551981, "params": {"gamma": 4.288522808327629, "lr": 0.38210064254913956}, "datetime": {"datetime": "2024-06-13 19:33:51", "elapsed": 2.256967, "delta": 0.003989}}
{"target": -225.89700779914952, "params": {"gamma": 1.2680071250853806, "lr": 0.24426666320897583}, "datetime": {"datetime": "2024-06-13 19:33:51", "elapsed": 2.25996, "delta": 0.002993}}
{"target": -124.82198398278227, "params": {"gamma": 0.7943364880002312, "lr": 0.3028583047175786}, "datetime": {"datetime": "2024-06-13 19:33:51", "elapsed": 2.263949, "delta": 0.003989}}
{"target": -621.2595233770274, "params": {"gamma": 7.417306297515323, "lr": 0.6150157249710488}, "datetime": {"datetime": "2024-06-13 19:33:51", "elapsed": 2.267938, "delta": 0.003989}}
{"target": -1314.31121559866, "params": {"gamma": 6.724438578240325, "lr": 0.00838307952503159}, "datetime": {"datetime": "2024-06-13 19:33:51", "elapsed": 2.271928, "delta": 0.00399}}
{"target": -525.4819333083947, "params": {"gamma": 6.784091345540948, "lr": 0.503180690542887}, "datetime": {"datetime": "2024-06-13 19:33:51", "elapsed": 2.27492, "delta": 0.002992}}
{"target": -320.7505896736492, "params": {"gamma": 2.309853596391308, "lr": 0.17489650898192222}, "datetime": {"datetime": "2024-06-13 19:33:51", "elapsed": 2.278909, "delta": 0.003989}}
{"target": -160.05850840090028, "params": {"gamma": 1.8506446725427474, "lr": 0.8442600050750985}, "datetime": {"datetime": "2024-06-13 19:33:51", "elapsed": 2.282898, "delta": 0.003989}}
{"target": -838.6855617790225, "params": {"gamma": 9.825915303261548, "lr": 0.9137396248416316}, "datetime": {"datetime": "2024-06-13 19:33:51", "elapsed": 2.286888, "delta": 0.00399}}
{"target": -290.8183087075117, "params": {"gamma": 3.4743468343077555, "lr": 0.7802245796913637}, "datetime": {"datetime": "2024-06-13 19:33:51", "elapsed": 2.290877, "delta": 0.003989}}
{"target": -443.774058311167, "params": {"gamma": 5.464999452423606, "lr": 0.8164423975559377}, "datetime": {"datetime": "2024-06-13 19:33:51", "elapsed": 2.293869, "delta": 0.002992}}
{"target": -385.1248184183062, "params": {"gamma": 4.8377857849378705, "lr": 0.5899512982994037}, "datetime": {"datetime": "2024-06-13 19:33:51", "elapsed": 2.297858, "delta": 0.003989}}
{"target": -1537.0573755175637, "params": {"gamma": 7.872847211795091, "lr": 0.10023464310313235}, "datetime": {"datetime": "2024-06-13 19:33:51", "elapsed": 2.301848, "delta": 0.00399}}
{"target": -436.8727425950293, "params": {"gamma": 5.370534161288567, "lr": 0.36598334666965426}, "datetime": {"datetime": "2024-06-13 19:33:51", "elapsed": 2.30484, "delta": 0.002992}}
{"target": -517.3597201041122, "params": {"gamma": 6.043464129845054, "lr": 0.9588025156370005}, "datetime": {"datetime": "2024-06-13 19:33:51", "elapsed": 2.308829, "delta": 0.003989}}
{"target": -326.20318923194685, "params": {"gamma": 3.9288366270246278, "lr": 0.39297299794161644}, "datetime": {"datetime": "2024-06-13 19:33:51", "elapsed": 2.312818, "delta": 0.003989}}
{"target": -655.3263315151323, "params": {"gamma": 7.9065792989023995, "lr": 0.6450783990854264}, "datetime": {"datetime": "2024-06-13 19:33:51", "elapsed": 2.316808, "delta": 0.00399}}
{"target": -323.78938836891996, "params": {"gamma": 3.9394461945459094, "lr": 0.6889550482302514}, "datetime": {"datetime": "2024-06-13 19:33:51", "elapsed": 2.3198, "delta": 0.002992}}
{"target": -670.7045356828276, "params": {"gamma": 4.040612088934736, "lr": 0.1361131542481221}, "datetime": {"datetime": "2024-06-13 19:33:51", "elapsed": 2.323789, "delta": 0.003989}}
{"target": -370.4282875826803, "params": {"gamma": 4.506982043452673, "lr": 0.3344193926972726}, "datetime": {"datetime": "2024-06-13 19:33:51", "elapsed": 2.327778, "delta": 0.003989}}
{"target": -194.35303201018417, "params": {"gamma": 2.180471331681618, "lr": 0.9257748016364399}, "datetime": {"datetime": "2024-06-13 19:33:51", "elapsed": 2.331608, "delta": 0.00383}}
{"target": -544.2816475479083, "params": {"gamma": 6.896704351396498, "lr": 0.5988208906234219}, "datetime": {"datetime": "2024-06-13 19:33:51", "elapsed": 2.335594, "delta": 0.003986}}
{"target": -577.305051243252, "params": {"gamma": 7.466828063757928, "lr": 0.5419710617714415}, "datetime": {"datetime": "2024-06-13 19:33:51", "elapsed": 2.338586, "delta": 0.002992}}
{"target": -599.043531807174, "params": {"gamma": 7.005630193122407, "lr": 0.9305598192498451}, "datetime": {"datetime": "2024-06-13 19:33:51", "elapsed": 2.342575, "delta": 0.003989}}
{"target": -1144.780838379592, "params": {"gamma": 8.626304328357714, "lr": 0.1674418575065213}, "datetime": {"datetime": "2024-06-13 19:33:51", "elapsed": 2.346565, "delta": 0.00399}}
{"target": -524.2094289482466, "params": {"gamma": 2.6321271002148183, "lr": 0.07161027944180454}, "datetime": {"datetime": "2024-06-13 19:33:51", "elapsed": 2.349556, "delta": 0.002991}}
{"target": -1572.1213719210887, "params": {"gamma": 9.786749378778312, "lr": 0.23638409866037557}, "datetime": {"datetime": "2024-06-13 19:33:51", "elapsed": 2.353546, "delta": 0.00399}}
{"target": -1291.4050671680493, "params": {"gamma": 6.6063229609300596, "lr": 0.089630698927462}, "datetime": {"datetime": "2024-06-13 19:33:51", "elapsed": 2.357535, "delta": 0.003989}}
{"target": -177.3566908928098, "params": {"gamma": 2.1084986499281, "lr": 0.5028243835184045}, "datetime": {"datetime": "2024-06-13 19:33:51", "elapsed": 2.361525, "delta": 0.00399}}
{"target": -124.03012425579767, "params": {"gamma": 1.0504317296309502, "lr": 0.38887340269472437}, "datetime": {"datetime": "2024-06-13 19:33:51", "elapsed": 2.364517, "delta": 0.002992}}
{"target": -437.6288661440071, "params": {"gamma": 5.3803392136766695, "lr": 0.33920418488509996}, "datetime": {"datetime": "2024-06-13 19:33:51", "elapsed": 2.368506, "delta": 0.003989}}
{"target": -432.64931832554987, "params": {"gamma": 5.559446211054629, "lr": 0.536768321942464}, "datetime": {"datetime": "2024-06-13 19:33:51", "elapsed": 2.372495, "delta": 0.003989}}
{"target": -321.18707446409246, "params": {"gamma": 3.906714376870321, "lr": 0.6962700831011029}, "datetime": {"datetime": "2024-06-13 19:33:51", "elapsed": 2.375487, "delta": 0.002992}}
{"target": -551.865343856785, "params": {"gamma": 6.785146057525243, "lr": 0.6873031493743899}, "datetime": {"datetime": "2024-06-13 19:33:51", "elapsed": 2.379476, "delta": 0.003989}}
{"target": -455.7600650115383, "params": {"gamma": 5.615351096734943, "lr": 0.3580799140129358}, "datetime": {"datetime": "2024-06-13 19:33:51", "elapsed": 2.383466, "delta": 0.00399}}
{"target": -524.8308374684897, "params": {"gamma": 6.131510241334756, "lr": 0.9357362666081998}, "datetime": {"datetime": "2024-06-13 19:33:51", "elapsed": 2.387455, "delta": 0.003989}}
{"target": -511.06632314249873, "params": {"gamma": 5.969288360934786, "lr": 0.9795901743594252}, "datetime": {"datetime": "2024-06-13 19:33:51", "elapsed": 2.391445, "delta": 0.00399}}
{"target": -370.7992168077244, "params": {"gamma": 4.4106251974683035, "lr": 0.7396119625075467}, "datetime": {"datetime": "2024-06-13 19:33:51", "elapsed": 2.394437, "delta": 0.002992}}
{"target": -91.92616581045677, "params": {"gamma": 0.3770011826173517, "lr": 0.7647266390004861}, "datetime": {"datetime": "2024-06-13 19:33:51", "elapsed": 2.398426, "delta": 0.003989}}
{"target": -1015.5719401581375, "params": {"gamma": 5.1832975216877974, "lr": 0.0053165329611032375}, "datetime": {"datetime": "2024-06-13 19:33:51", "elapsed": 2.402415, "delta": 0.003989}}
{"target": -224.4442870194936, "params": {"gamma": 2.772723847721202, "lr": 0.5348322325198115}, "datetime": {"datetime": "2024-06-13 19:33:51", "elapsed": 2.406544, "delta": 0.004129}}
{"target": -1499.622476267208, "params": {"gamma": 7.679860819934835, "lr": 0.05309259545252509}, "datetime": {"datetime": "2024-06-13 19:33:51", "elapsed": 2.409536, "delta": 0.002992}}
{"target": -445.85876091352213, "params": {"gamma": 5.490985385061347, "lr": 0.800994555798356}, "datetime": {"datetime": "2024-06-13 19:33:51", "elapsed": 2.413525, "delta": 0.003989}}
{"target": -555.7837366073295, "params": {"gamma": 6.496180965729911, "lr": 0.9314470149929107}, "datetime": {"datetime": "2024-06-13 19:33:51", "elapsed": 2.417515, "delta": 0.00399}}
{"target": -126.98061491163281, "params": {"gamma": 0.7482397187025968, "lr": 0.2768064626005866}, "datetime": {"datetime": "2024-06-13 19:33:51", "elapsed": 2.421504, "delta": 0.003989}}
{"target": -757.9745518810605, "params": {"gamma": 9.192455805057469, "lr": 0.7650051482981429}, "datetime": {"datetime": "2024-06-13 19:33:51", "elapsed": 2.425493, "delta": 0.003989}}
{"target": -487.23505489308593, "params": {"gamma": 5.9978037043765156, "lr": 0.8329681438370704}, "datetime": {"datetime": "2024-06-13 19:33:51", "elapsed": 2.429483, "delta": 0.00399}}
{"target": -765.1397218572754, "params": {"gamma": 8.960538872258445, "lr": 0.9727203528528249}, "datetime": {"datetime": "2024-06-13 19:33:51", "elapsed": 2.432475, "delta": 0.002992}}
{"target": -1627.028357265415, "params": {"gamma": 9.98520655039097, "lr": 0.13964933368410348}, "datetime": {"datetime": "2024-06-13 19:33:52", "elapsed": 2.436464, "delta": 0.003989}}
{"target": -178.58154206919752, "params": {"gamma": 0.7063499053922482, "lr": 0.07346665436012334}, "datetime": {"datetime": "2024-06-13 19:33:52", "elapsed": 2.440453, "delta": 0.003989}}
{"target": -113.62022708273922, "params": {"gamma": 0.14842316520856935, "lr": 0.971820072977926}, "datetime": {"datetime": "2024-06-13 19:33:52", "elapsed": 2.444442, "delta": 0.003989}}
{"target": -101.28665235040326, "params": {"gamma": 0.9485743976558341, "lr": 0.8417368261858497}, "datetime": {"datetime": "2024-06-13 19:33:52", "elapsed": 2.448432, "delta": 0.00399}}
{"target": -516.9790332422297, "params": {"gamma": 6.852044796080089, "lr": 0.4875571674829181}, "datetime": {"datetime": "2024-06-13 19:33:52", "elapsed": 2.452421, "delta": 0.003989}}
{"target": -291.18527623585896, "params": {"gamma": 3.4676021187044235, "lr": 0.35364778706700506}, "datetime": {"datetime": "2024-06-13 19:33:52", "elapsed": 2.455413, "delta": 0.002992}}
{"target": -223.2495457848372, "params": {"gamma": 2.539134984589525, "lr": 0.9110179736986265}, "datetime": {"datetime": "2024-06-13 19:33:52", "elapsed": 2.459402, "delta": 0.003989}}
{"target": -1417.5426290393666, "params": {"gamma": 7.256699812403196, "lr": 0.025925792784269874}, "datetime": {"datetime": "2024-06-13 19:33:52", "elapsed": 2.463392, "delta": 0.00399}}
{"target": -467.9467798624665, "params": {"gamma": 4.615751011217899, "lr": 0.28130127253681136}, "datetime": {"datetime": "2024-06-13 19:33:52", "elapsed": 2.467382, "delta": 0.00399}}
{"target": -95.75736823701601, "params": {"gamma": 0.2906328955928069, "lr": 0.8846818943092944}, "datetime": {"datetime": "2024-06-13 19:33:52", "elapsed": 2.470373, "delta": 0.002991}}
{"target": -691.9811352522464, "params": {"gamma": 7.710282574188869, "lr": 0.32973507924426093}, "datetime": {"datetime": "2024-06-13 19:33:52", "elapsed": 2.474363, "delta": 0.00399}}
{"target": -714.0692406614812, "params": {"gamma": 7.965789316779574, "lr": 0.3246383222029966}, "datetime": {"datetime": "2024-06-13 19:33:52", "elapsed": 2.478352, "delta": 0.003989}}
{"target": -267.6297509085219, "params": {"gamma": 3.0795165557326496, "lr": 0.9281090785007262}, "datetime": {"datetime": "2024-06-13 19:33:52", "elapsed": 2.482341, "delta": 0.003989}}
{"target": -752.194981002469, "params": {"gamma": 9.769184703296556, "lr": 0.5235553047168928}, "datetime": {"datetime": "2024-06-13 19:33:52", "elapsed": 2.485333, "delta": 0.002992}}
{"target": -793.5962079062407, "params": {"gamma": 9.519399740511682, "lr": 0.8879964939264646}, "datetime": {"datetime": "2024-06-13 19:33:52", "elapsed": 2.489322, "delta": 0.003989}}
{"target": -422.2478774348606, "params": {"gamma": 5.180807583382493, "lr": 0.3727488020974856}, "datetime": {"datetime": "2024-06-13 19:33:52", "elapsed": 2.493312, "delta": 0.00399}}
{"target": -535.5786876309422, "params": {"gamma": 7.103835428617774, "lr": 0.455643424642054}, "datetime": {"datetime": "2024-06-13 19:33:52", "elapsed": 2.497301, "delta": 0.003989}}
{"target": -518.1284255846322, "params": {"gamma": 6.052523738337006, "lr": 0.9904061968899467}, "datetime": {"datetime": "2024-06-13 19:33:52", "elapsed": 2.500293, "delta": 0.002992}}
