{"target": -108.79464782752372, "params": {"p_ai": 5.851577204928747, "p_al": 1.6055163944341313, "p_ex": 7.034313758009502, "prior": 4.175120101548917, "rate": 4.668222528264901}, "datetime": {"datetime": "2024-06-13 02:08:30", "elapsed": 160.627077, "delta": 0.109706}}
{"target": -99.26154571537262, "params": {"p_ai": 3.0503783593494265, "p_al": 8.691784983397337, "p_ex": 4.694730841191128, "prior": 8.06176824468246, "rate": 8.068186441818202}, "datetime": {"datetime": "2024-06-13 02:08:30", "elapsed": 160.736819, "delta": 0.109742}}
{"target": -116.10572724000878, "params": {"p_ai": 5.570707065746649, "p_al": 3.8618893998999058, "p_ex": 6.87097682961531, "prior": 6.809352847294272, "rate": 1.8202456075422737}, "datetime": {"datetime": "2024-06-13 02:08:30", "elapsed": 160.860777, "delta": 0.123958}}
{"target": -147.7856273405533, "params": {"p_ai": 7.641746500371065, "p_al": 1.6526003053425689, "p_ex": 3.2417494592425355, "prior": 8.702238530429504, "rate": 5.717108934550803}, "datetime": {"datetime": "2024-06-13 02:08:30", "elapsed": 160.975045, "delta": 0.114268}}
{"target": -90.46588992310974, "params": {"p_ai": 2.5667353379030313, "p_al": 9.23932009155619, "p_ex": 6.606113728339876, "prior": 5.545550824057651, "rate": 9.933210616589482}, "datetime": {"datetime": "2024-06-13 02:08:31", "elapsed": 161.086807, "delta": 0.111762}}
{"target": -193.2906998012137, "params": {"p_ai": 8.455687753580412, "p_al": 6.772250851531259, "p_ex": 0.8182235485602576, "prior": 3.6450932454243863, "rate": 5.022181600633578}, "datetime": {"datetime": "2024-06-13 02:08:31", "elapsed": 161.195546, "delta": 0.108739}}
{"target": -115.6378545974165, "params": {"p_ai": 6.1769374633694545, "p_al": 6.399141051907529, "p_ex": 7.251423345425811, "prior": 9.102478473258811, "rate": 5.68320259597498}, "datetime": {"datetime": "2024-06-13 02:08:31", "elapsed": 161.305749, "delta": 0.110203}}
{"target": -164.52926775998253, "params": {"p_ai": 9.802709051425852, "p_al": 1.132867148596149, "p_ex": 4.657323807567154, "prior": 1.0176245468442442, "rate": 7.424757290371788}, "datetime": {"datetime": "2024-06-13 02:08:31", "elapsed": 161.415115, "delta": 0.109366}}
{"target": -172.68617863815894, "params": {"p_ai": 8.068449360272416, "p_al": 5.2320457837101975, "p_ex": 4.325879597688983, "prior": 0.6708823978417238, "rate": 5.646563656382959}, "datetime": {"datetime": "2024-06-13 02:08:31", "elapsed": 161.525307, "delta": 0.110192}}
{"target": -94.5836656017674, "params": {"p_ai": 2.549022595029336, "p_al": 0.8242363640196037, "p_ex": 7.337359610523183, "prior": 7.43468597913671, "rate": 3.7114298106728287}, "datetime": {"datetime": "2024-06-13 02:08:31", "elapsed": 161.633847, "delta": 0.10854}}
{"target": -123.29874126517774, "params": {"p_ai": 1.845560863914552, "p_al": 5.129381674275744, "p_ex": 0.9354702702971923, "prior": 7.784640160871572, "rate": 4.760067048122293}, "datetime": {"datetime": "2024-06-13 02:08:31", "elapsed": 161.744076, "delta": 0.110229}}
{"target": -151.67731820042962, "params": {"p_ai": 9.609669775653595, "p_al": 1.0910953604333562, "p_ex": 6.979897988792099, "prior": 8.035812360308835, "rate": 7.269009336494058}, "datetime": {"datetime": "2024-06-13 02:08:31", "elapsed": 161.853604, "delta": 0.109528}}
{"target": -131.01420086047145, "params": {"p_ai": 4.6150821682690095, "p_al": 5.461554103867576, "p_ex": 6.152271588669034, "prior": 0.5919952593190889, "rate": 9.956734917533865}, "datetime": {"datetime": "2024-06-13 02:08:31", "elapsed": 161.964308, "delta": 0.110704}}
{"target": -134.866223084674, "params": {"p_ai": 2.549821268966647, "p_al": 6.434430472061677, "p_ex": 1.2652046007720967, "prior": 1.679464516635827, "rate": 4.911557570716647}, "datetime": {"datetime": "2024-06-13 02:08:32", "elapsed": 162.072885, "delta": 0.108577}}
{"target": -129.90156372658961, "params": {"p_ai": 2.8857188289562163, "p_al": 5.042897344255423, "p_ex": 1.0227116003946706, "prior": 4.193530323359763, "rate": 2.6867470652735372}, "datetime": {"datetime": "2024-06-13 02:08:32", "elapsed": 162.183483, "delta": 0.110598}}
{"target": -103.91524973719117, "params": {"p_ai": 5.819440487578645, "p_al": 1.7178834329509671, "p_ex": 9.623255002566271, "prior": 5.442570978471566, "rate": 7.019820788358971}, "datetime": {"datetime": "2024-06-13 02:08:32", "elapsed": 162.292365, "delta": 0.108882}}
{"target": -175.57026563867697, "params": {"p_ai": 9.323729947047374, "p_al": 3.454332308812005, "p_ex": 5.157651729646913, "prior": 7.866126970289994, "rate": 0.6950313988201535}, "datetime": {"datetime": "2024-06-13 02:08:32", "elapsed": 162.402072, "delta": 0.109707}}
{"target": -156.8572472602355, "params": {"p_ai": 7.532460476975046, "p_al": 1.1756767278394176, "p_ex": 3.8919114159978747, "prior": 6.97023169596312, "rate": 0.5996583880118789}, "datetime": {"datetime": "2024-06-13 02:08:32", "elapsed": 162.511231, "delta": 0.109159}}
{"target": -216.77680638234327, "params": {"p_ai": 6.650163606858123, "p_al": 9.719171641644328, "p_ex": 2.4949528876446143, "prior": 2.5921151685676955, "rate": 0.8732224909576163}, "datetime": {"datetime": "2024-06-13 02:08:32", "elapsed": 162.621288, "delta": 0.110057}}
{"target": -109.64393462753807, "params": {"p_ai": 0.9311546173432517, "p_al": 3.144738983084279, "p_ex": 8.325478322610477, "prior": 5.124685126834491, "rate": 3.857018291271997}, "datetime": {"datetime": "2024-06-13 02:08:32", "elapsed": 162.730997, "delta": 0.109709}}
{"target": -91.21224532306465, "params": {"p_ai": 1.825860476246027, "p_al": 9.760200540550123, "p_ex": 7.414637711366844, "prior": 3.4022965841828734, "rate": 9.223420470499212}, "datetime": {"datetime": "2024-06-13 02:08:32", "elapsed": 162.840748, "delta": 0.109751}}
{"target": -120.84599470355963, "params": {"p_ai": 5.863722456927596, "p_al": 2.6527101212907347, "p_ex": 4.816182444659119, "prior": 4.344425040422925, "rate": 3.025705323209395}, "datetime": {"datetime": "2024-06-13 02:08:32", "elapsed": 162.950455, "delta": 0.109707}}
{"target": -136.9545556841292, "params": {"p_ai": 6.567963904475069, "p_al": 7.922147393430575, "p_ex": 3.533286895679186, "prior": 4.379301965349058, "rate": 9.63039754689752}, "datetime": {"datetime": "2024-06-13 02:08:33", "elapsed": 163.059945, "delta": 0.10949}}
{"target": -104.11307094479741, "params": {"p_ai": 2.595870119091476, "p_al": 7.1928850233868555, "p_ex": 8.51152805591894, "prior": 7.418586210097494, "rate": 2.1663143590325595}, "datetime": {"datetime": "2024-06-13 02:08:33", "elapsed": 163.169654, "delta": 0.109709}}
{"target": -107.14891966212016, "params": {"p_ai": 4.353639765707252, "p_al": 6.087989214150046, "p_ex": 5.91597437659046, "prior": 9.518904172044687, "rate": 3.584674882177731}, "datetime": {"datetime": "2024-06-13 02:08:33", "elapsed": 163.279684, "delta": 0.11003}}
{"target": -107.26936248465825, "params": {"p_ai": 5.3184013885853965, "p_al": 3.9843758336063404, "p_ex": 6.1476783430983035, "prior": 4.6489963534302525, "rate": 9.554909499707458}, "datetime": {"datetime": "2024-06-13 02:08:33", "elapsed": 163.389111, "delta": 0.109427}}
{"target": -146.71754957535236, "params": {"p_ai": 7.085161850979339, "p_al": 4.98898575822155, "p_ex": 4.9295913692550375, "prior": 2.485717918581682, "rate": 2.154647890609912}, "datetime": {"datetime": "2024-06-13 02:08:33", "elapsed": 163.49815, "delta": 0.109039}}
{"target": -109.90556221685792, "params": {"p_ai": 3.839213345484957, "p_al": 2.6948981495554443, "p_ex": 2.9837535145475824, "prior": 2.15053359947619, "rate": 4.307723323043663}, "datetime": {"datetime": "2024-06-13 02:08:33", "elapsed": 163.6081, "delta": 0.10995}}
{"target": -89.22346879855625, "params": {"p_ai": 2.3742519356894274, "p_al": 4.291053292961831, "p_ex": 7.382547600181749, "prior": 1.9039327426028603, "rate": 9.804812350553577}, "datetime": {"datetime": "2024-06-13 02:08:33", "elapsed": 163.718562, "delta": 0.110462}}
{"target": -86.4341592192701, "params": {"p_ai": 2.510149272471791, "p_al": 0.9201850394391212, "p_ex": 6.622377220843448, "prior": 1.2422326310329728, "rate": 4.585985552074093}, "datetime": {"datetime": "2024-06-13 02:08:33", "elapsed": 163.828242, "delta": 0.10968}}
{"target": -110.58499717222627, "params": {"p_ai": 5.549552121286815, "p_al": 9.122267296699032, "p_ex": 8.40796832527321, "prior": 4.765261881514484, "rate": 8.806117671423612}, "datetime": {"datetime": "2024-06-13 02:08:33", "elapsed": 163.937254, "delta": 0.109012}}
{"target": -135.42128176262858, "params": {"p_ai": 8.135497423493536, "p_al": 1.9471917037767061, "p_ex": 6.724817912877283, "prior": 7.192553425857825, "rate": 6.526073980659255}, "datetime": {"datetime": "2024-06-13 02:08:34", "elapsed": 164.047169, "delta": 0.109915}}
{"target": -103.32184673020322, "params": {"p_ai": 4.057167300283953, "p_al": 0.43706055846466224, "p_ex": 3.790552867999634, "prior": 0.33257894683759875, "rate": 2.4427912670623453}, "datetime": {"datetime": "2024-06-13 02:08:34", "elapsed": 164.156876, "delta": 0.109707}}
{"target": -178.76135690812035, "params": {"p_ai": 8.427994479486472, "p_al": 4.747672284544124, "p_ex": 1.9562151115667903, "prior": 9.33445475081842, "rate": 1.7592635009829212}, "datetime": {"datetime": "2024-06-13 02:08:34", "elapsed": 164.267142, "delta": 0.110266}}
{"target": -161.69108671763493, "params": {"p_ai": 7.102185784940643, "p_al": 2.5223293312259516, "p_ex": 1.2584243859027127, "prior": 4.235788430787851, "rate": 3.069439271607996}, "datetime": {"datetime": "2024-06-13 02:08:34", "elapsed": 164.378053, "delta": 0.110911}}
{"target": -118.2333449485824, "params": {"p_ai": 5.5627939162736055, "p_al": 0.057950088725271263, "p_ex": 4.0193390792164285, "prior": 3.244414864326125, "rate": 2.0895692938485664}, "datetime": {"datetime": "2024-06-13 02:08:34", "elapsed": 164.491922, "delta": 0.113869}}
{"target": -149.78199022989932, "params": {"p_ai": 7.647203244653368, "p_al": 2.158057811143895, "p_ex": 3.672919163743425, "prior": 0.6155566824563551, "rate": 7.990938077660049}, "datetime": {"datetime": "2024-06-13 02:08:34", "elapsed": 164.607369, "delta": 0.115447}}
{"target": -149.44429529774635, "params": {"p_ai": 8.577774053116217, "p_al": 9.790052219653413, "p_ex": 9.506482093495103, "prior": 4.8714088622083676, "rate": 2.963844578804496}, "datetime": {"datetime": "2024-06-13 02:08:34", "elapsed": 164.718833, "delta": 0.111464}}
{"target": -135.11863052670142, "params": {"p_ai": 6.941959592334977, "p_al": 7.246334888135901, "p_ex": 8.683682540763046, "prior": 2.0640130834583252, "rate": 3.9901377594360703}, "datetime": {"datetime": "2024-06-13 02:08:34", "elapsed": 164.828845, "delta": 0.110012}}
{"target": -140.94149749117224, "params": {"p_ai": 7.888644250363198, "p_al": 2.227648655419227, "p_ex": 4.82232740498444, "prior": 7.809873960783892, "rate": 6.046992979618699}, "datetime": {"datetime": "2024-06-13 02:08:34", "elapsed": 164.93825, "delta": 0.109405}}
{"target": -93.94886564744617, "params": {"p_ai": 1.991212741788793, "p_al": 4.923909201502932, "p_ex": 9.802765005727752, "prior": 1.9199717037804547, "rate": 2.427832758701525}, "datetime": {"datetime": "2024-06-13 02:08:35", "elapsed": 165.047959, "delta": 0.109709}}
{"target": -97.7568293828613, "params": {"p_ai": 4.155134299366303, "p_al": 7.950636379009953, "p_ex": 8.599370987311648, "prior": 7.688080461729196, "rate": 4.227157523440218}, "datetime": {"datetime": "2024-06-13 02:08:35", "elapsed": 165.157669, "delta": 0.10971}}
{"target": -103.86098595250357, "params": {"p_ai": 2.626669492861092, "p_al": 5.911498217644846, "p_ex": 5.563710236157524, "prior": 3.230864751305254, "rate": 2.4487955235744954}, "datetime": {"datetime": "2024-06-13 02:08:35", "elapsed": 165.268523, "delta": 0.110854}}
{"target": -124.8463167990188, "params": {"p_ai": 6.292076079141393, "p_al": 3.6150392336227193, "p_ex": 4.466163623909623, "prior": 4.237468544878544, "rate": 6.050216734749668}, "datetime": {"datetime": "2024-06-13 02:08:35", "elapsed": 165.385337, "delta": 0.116814}}
{"target": -94.71857617704183, "params": {"p_ai": 0.6720996143698694, "p_al": 4.6483715961135195, "p_ex": 9.363241142865018, "prior": 1.4816917977329311, "rate": 8.81601186201042}, "datetime": {"datetime": "2024-06-13 02:08:35", "elapsed": 165.495292, "delta": 0.109955}}
{"target": -94.03789675656617, "params": {"p_ai": 1.9867116676457621, "p_al": 4.828800929418997, "p_ex": 4.910182450155894, "prior": 2.3487670795262607, "rate": 5.966237893981851}, "datetime": {"datetime": "2024-06-13 02:08:35", "elapsed": 165.608127, "delta": 0.112835}}
{"target": -144.12955489751883, "params": {"p_ai": 8.370755177596735, "p_al": 2.428470066784845, "p_ex": 5.057751716277262, "prior": 4.6844784297828275, "rate": 8.049214381625918}, "datetime": {"datetime": "2024-06-13 02:08:35", "elapsed": 165.718833, "delta": 0.110706}}
{"target": -117.24228292771247, "params": {"p_ai": 4.8551720373679625, "p_al": 0.4808923524723822, "p_ex": 2.989784086816148, "prior": 7.216616729239001, "rate": 5.408084708481691}, "datetime": {"datetime": "2024-06-13 02:08:35", "elapsed": 165.85647, "delta": 0.137637}}
{"target": -241.65188254783214, "params": {"p_ai": 7.130408516250978, "p_al": 8.904361093565882, "p_ex": 0.37043952512420786, "prior": 1.6165813179834319, "rate": 2.062616153311377}, "datetime": {"datetime": "2024-06-13 02:08:35", "elapsed": 165.967968, "delta": 0.111498}}
{"target": -123.678956698613, "params": {"p_ai": 5.482373770995407, "p_al": 6.875285638033866, "p_ex": 3.4239746509233417, "prior": 8.69815134313035, "rate": 8.792097795595758}, "datetime": {"datetime": "2024-06-13 02:08:36", "elapsed": 166.078646, "delta": 0.110678}}
{"target": -152.58369312875587, "params": {"p_ai": 1.9020281611260257, "p_al": 5.318731289606638, "p_ex": 9.89533223269701, "prior": 0.5766681566686965, "rate": 0.8352246167464471}, "datetime": {"datetime": "2024-06-13 02:08:36", "elapsed": 166.189856, "delta": 0.11121}}
{"target": -186.49710476429098, "params": {"p_ai": 4.17687548119399, "p_al": 8.546270166610421, "p_ex": 3.986491570183943, "prior": 0.10047872209267601, "rate": 6.455776471782982}, "datetime": {"datetime": "2024-06-13 02:08:36", "elapsed": 166.300562, "delta": 0.110706}}
{"target": -130.30203672510208, "params": {"p_ai": 2.938740758027726, "p_al": 1.5001546469653306, "p_ex": 1.0787439610589478, "prior": 8.689114300105738, "rate": 0.033649190010560236}, "datetime": {"datetime": "2024-06-13 02:08:36", "elapsed": 166.411395, "delta": 0.110833}}
{"target": -145.72002144020945, "params": {"p_ai": 5.1863463087416415, "p_al": 5.508657930632633, "p_ex": 1.160383142892338, "prior": 2.0012109061146504, "rate": 8.622359909234016}, "datetime": {"datetime": "2024-06-13 02:08:36", "elapsed": 166.522549, "delta": 0.111154}}
{"target": -121.36535319651807, "params": {"p_ai": 1.1706045030374341, "p_al": 8.247211703646046, "p_ex": 1.9317000898235421, "prior": 9.95546289182723, "rate": 4.714645365285202}, "datetime": {"datetime": "2024-06-13 02:08:36", "elapsed": 166.632811, "delta": 0.110262}}
{"target": -149.54088540064345, "params": {"p_ai": 5.47316235739433, "p_al": 0.8236566490081167, "p_ex": 0.5138813084825806, "prior": 2.0750373843877523, "rate": 1.6087283408450508}, "datetime": {"datetime": "2024-06-13 02:08:36", "elapsed": 166.744541, "delta": 0.11173}}
{"target": -103.04069529408329, "params": {"p_ai": 4.5111904649630885, "p_al": 6.299850282915464, "p_ex": 7.263567878118075, "prior": 4.561033003776881, "rate": 3.769926324961166}, "datetime": {"datetime": "2024-06-13 02:08:36", "elapsed": 166.856214, "delta": 0.111673}}
{"target": -129.2136747897866, "params": {"p_ai": 0.6450811413443532, "p_al": 5.3838314013031106, "p_ex": 4.510915596950936, "prior": 4.024173450925323, "rate": 0.739297377549636}, "datetime": {"datetime": "2024-06-13 02:08:36", "elapsed": 166.966947, "delta": 0.110733}}
{"target": -93.18816045106529, "params": {"p_ai": 1.9389589620400425, "p_al": 6.084710003782394, "p_ex": 9.150926960614223, "prior": 6.315562232208938, "rate": 5.777179416959185}, "datetime": {"datetime": "2024-06-13 02:08:37", "elapsed": 167.077621, "delta": 0.110674}}
{"target": -92.78459708667735, "params": {"p_ai": 3.424458668570204, "p_al": 1.3555854633492914, "p_ex": 5.08436213366298, "prior": 6.462997600713831, "rate": 9.67519299616602}, "datetime": {"datetime": "2024-06-13 02:08:37", "elapsed": 167.188326, "delta": 0.110705}}
{"target": -152.92816471005256, "params": {"p_ai": 7.619765598704901, "p_al": 1.8308008482704898, "p_ex": 2.397370725640492, "prior": 9.57009458791186, "rate": 7.580236326081433}, "datetime": {"datetime": "2024-06-13 02:08:37", "elapsed": 167.299805, "delta": 0.111479}}
{"target": -132.96625604577875, "params": {"p_ai": 1.9300095784021698, "p_al": 7.01981330459048, "p_ex": 8.334912290375726, "prior": 4.363068671345741, "rate": 0.09575780663839235}, "datetime": {"datetime": "2024-06-13 02:08:37", "elapsed": 167.410089, "delta": 0.110284}}
{"target": -136.55521384009018, "params": {"p_ai": 6.681434519852933, "p_al": 0.6982839964459406, "p_ex": 2.378790532340036, "prior": 0.9712126349750136, "rate": 8.704808021732656}, "datetime": {"datetime": "2024-06-13 02:08:37", "elapsed": 167.521837, "delta": 0.111748}}
{"target": -136.76160581555254, "params": {"p_ai": 8.34054282055566, "p_al": 2.3523727837850754, "p_ex": 7.544077071128042, "prior": 5.084126551345622, "rate": 4.212130083272633}, "datetime": {"datetime": "2024-06-13 02:08:37", "elapsed": 167.632545, "delta": 0.110708}}
{"target": -119.73850680058523, "params": {"p_ai": 2.1879858666385315, "p_al": 2.2173554367748403, "p_ex": 0.908931616755804, "prior": 2.4889238271796565, "rate": 5.896920756142721}, "datetime": {"datetime": "2024-06-13 02:08:37", "elapsed": 167.743097, "delta": 0.110552}}
{"target": -176.49296780780216, "params": {"p_ai": 8.822265306848173, "p_al": 1.5513240228977372, "p_ex": 2.6195303249388067, "prior": 6.336155320254513, "rate": 1.0128605823073944}, "datetime": {"datetime": "2024-06-13 02:08:37", "elapsed": 167.854642, "delta": 0.111545}}
{"target": -152.88949965494155, "params": {"p_ai": 5.153921282646919, "p_al": 4.46909154508257, "p_ex": 0.5052938192735241, "prior": 7.6579931162870505, "rate": 0.9528564523206144}, "datetime": {"datetime": "2024-06-13 02:08:37", "elapsed": 167.96478, "delta": 0.110138}}
{"target": -93.1172220682337, "params": {"p_ai": 3.3843657437612205, "p_al": 5.790074844308275, "p_ex": 8.508682332431707, "prior": 2.6092797416438254, "rate": 8.103007595133162}, "datetime": {"datetime": "2024-06-13 02:08:38", "elapsed": 168.075439, "delta": 0.110659}}
{"target": -104.64590645891128, "params": {"p_ai": 4.367210182917103, "p_al": 8.27634847928233, "p_ex": 9.215999806660857, "prior": 4.382605484176173, "rate": 2.6213106647344735}, "datetime": {"datetime": "2024-06-13 02:08:38", "elapsed": 168.186649, "delta": 0.11121}}
{"target": -98.16343283059625, "params": {"p_ai": 4.614951273141985, "p_al": 0.9490248493347024, "p_ex": 6.5881187182673475, "prior": 6.323835312579325, "rate": 4.968501963004823}, "datetime": {"datetime": "2024-06-13 02:08:38", "elapsed": 168.298199, "delta": 0.11155}}
{"target": -110.92925132184882, "params": {"p_ai": 4.7020856765161065, "p_al": 1.2859370672436552, "p_ex": 3.344550147403386, "prior": 2.6866939699212384, "rate": 5.358561014717092}, "datetime": {"datetime": "2024-06-13 02:08:38", "elapsed": 168.408903, "delta": 0.110704}}
{"target": -100.62990604209392, "params": {"p_ai": 4.198659544982929, "p_al": 8.360489112107674, "p_ex": 7.012377753383944, "prior": 4.959488359464544, "rate": 5.995609167902584}, "datetime": {"datetime": "2024-06-13 02:08:38", "elapsed": 168.519715, "delta": 0.110812}}
{"target": -99.66428307899562, "params": {"p_ai": 3.967775618698588, "p_al": 2.17528315801882, "p_ex": 7.422640148841071, "prior": 9.226456982114145, "rate": 2.613604563077292}, "datetime": {"datetime": "2024-06-13 02:08:38", "elapsed": 168.645672, "delta": 0.125957}}
{"target": -152.1013578345275, "params": {"p_ai": 6.323284870025931, "p_al": 7.09607452720982, "p_ex": 7.3710671943071, "prior": 2.7029262942568364, "rate": 1.024334263146277}, "datetime": {"datetime": "2024-06-13 02:08:38", "elapsed": 168.763357, "delta": 0.117685}}
{"target": -155.5828288250632, "params": {"p_ai": 7.185838421507484, "p_al": 4.432502126422837, "p_ex": 6.827359618129039, "prior": 0.5852331553316763, "rate": 6.543172400849333}, "datetime": {"datetime": "2024-06-13 02:08:38", "elapsed": 168.875059, "delta": 0.111702}}
{"target": -120.17221975155898, "params": {"p_ai": 2.884487893175923, "p_al": 8.778583385115077, "p_ex": 1.653832432604621, "prior": 4.456248424711869, "rate": 9.691567095079847}, "datetime": {"datetime": "2024-06-13 02:08:38", "elapsed": 168.985762, "delta": 0.110703}}
{"target": -111.96010688901593, "params": {"p_ai": 0.8621946199190262, "p_al": 4.00523582405112, "p_ex": 2.8553005975311763, "prior": 0.8277057437039895, "rate": 7.0980192589693125}, "datetime": {"datetime": "2024-06-13 02:08:39", "elapsed": 169.097464, "delta": 0.111702}}
{"target": -189.4389991064589, "params": {"p_ai": 5.624844106177818, "p_al": 9.88043777704123, "p_ex": 2.2768642495507527, "prior": 1.0475183180092338, "rate": 4.699600102098296}, "datetime": {"datetime": "2024-06-13 02:08:39", "elapsed": 169.243075, "delta": 0.145611}}
{"target": -179.5856395914556, "params": {"p_ai": 7.252886102412543, "p_al": 2.031980046884213, "p_ex": 1.9353061132368568, "prior": 0.16547877208318693, "rate": 6.134148945872518}, "datetime": {"datetime": "2024-06-13 02:08:39", "elapsed": 169.35622, "delta": 0.113145}}
{"target": -140.8149139418455, "params": {"p_ai": 5.867117373471412, "p_al": 4.601979168445047, "p_ex": 7.062314912212693, "prior": 0.5940881024687412, "rate": 6.650141696408433}, "datetime": {"datetime": "2024-06-13 02:08:39", "elapsed": 169.486277, "delta": 0.130057}}
