{"target": -973.3168109727468, "params": {"gamma": 5.131976926404618, "lr": 0.42942202968065213}, "datetime": {"datetime": "2024-06-13 15:58:02", "elapsed": 9.059196, "delta": 0.004987}}
{"target": -206.65169713880164, "params": {"gamma": 0.9168564269132811, "lr": 0.27367730380496647}, "datetime": {"datetime": "2024-06-13 15:58:02", "elapsed": 9.064182, "delta": 0.004986}}
{"target": -1583.0649235859528, "params": {"gamma": 8.866591497643999, "lr": 0.2459443412735529}, "datetime": {"datetime": "2024-06-13 15:58:02", "elapsed": 9.070166, "delta": 0.005984}}
{"target": -1149.839611652945, "params": {"gamma": 6.212272679321877, "lr": 0.49500739584280073}, "datetime": {"datetime": "2024-06-13 15:58:02", "elapsed": 9.075153, "delta": 0.004987}}
{"target": -259.3804879454646, "params": {"gamma": 0.9446309868062094, "lr": 0.8993685313928761}, "datetime": {"datetime": "2024-06-13 15:58:02", "elapsed": 9.080139, "delta": 0.004986}}
{"target": -193.09576556366133, "params": {"gamma": 0.6786405537486796, "lr": 0.680702325466581}, "datetime": {"datetime": "2024-06-13 15:58:02", "elapsed": 9.086124, "delta": 0.005985}}
{"target": -2093.970825095242, "params": {"gamma": 9.720009401703859, "lr": 0.709373790820744}, "datetime": {"datetime": "2024-06-13 15:58:02", "elapsed": 9.092108, "delta": 0.005984}}
{"target": -1237.3559815353894, "params": {"gamma": 3.2597612958632975, "lr": 0.07344016636799866}, "datetime": {"datetime": "2024-06-13 15:58:02", "elapsed": 9.096097, "delta": 0.003989}}
{"target": -1222.1820230918895, "params": {"gamma": 5.797790733426387, "lr": 0.7335170182530933}, "datetime": {"datetime": "2024-06-13 15:58:02", "elapsed": 9.102082, "delta": 0.005985}}
{"target": -445.3939269926984, "params": {"gamma": 1.7569187206082415, "lr": 0.9997537973236718}, "datetime": {"datetime": "2024-06-13 15:59:00", "elapsed": 67.063712, "delta": 57.96163}}
{"target": -183.62942827410254, "params": {"gamma": 0.5377099991436616, "lr": 0.8480245360431088}, "datetime": {"datetime": "2024-06-13 15:59:26", "elapsed": 93.765288, "delta": 26.701576}}
{"target": -151.7992325426283, "params": {"gamma": 0.001, "lr": 0.0}, "datetime": {"datetime": "2024-06-13 15:59:46", "elapsed": 113.333764, "delta": 19.568476}}
{"target": -260.9304498947653, "params": {"gamma": 0.9254224820487047, "lr": 0.9872254773367676}, "datetime": {"datetime": "2024-06-13 16:00:23", "elapsed": 149.82705, "delta": 36.493286}}
{"target": -147.72312451257275, "params": {"gamma": 0.06015614373944889, "lr": 0.9327220747026002}, "datetime": {"datetime": "2024-06-13 16:00:50", "elapsed": 177.515638, "delta": 27.688588}}
{"target": -272.2191347546534, "params": {"gamma": 0.5831838001744246, "lr": 0.004366867254289697}, "datetime": {"datetime": "2024-06-13 16:01:17", "elapsed": 204.308762, "delta": 26.793124}}
{"target": -147.11876548270948, "params": {"gamma": 0.06592205003993716, "lr": 1.0}, "datetime": {"datetime": "2024-06-13 16:01:42", "elapsed": 229.582808, "delta": 25.274046}}
{"target": -418.13687461066695, "params": {"gamma": 1.6380465426115112, "lr": 0.9989729317783835}, "datetime": {"datetime": "2024-06-13 16:02:20", "elapsed": 267.362313, "delta": 37.779505}}
{"target": -1198.173056195147, "params": {"gamma": 5.532459911594318, "lr": 0.7020481994531945}, "datetime": {"datetime": "2024-06-13 16:02:30", "elapsed": 277.756653, "delta": 10.39434}}
{"target": -306.21911719655867, "params": {"gamma": 1.4853000029868202, "lr": 0.4066836824442297}, "datetime": {"datetime": "2024-06-13 16:02:40", "elapsed": 287.290446, "delta": 9.533793}}
{"target": -180.92552447023016, "params": {"gamma": 0.6060527571046148, "lr": 0.636620863957495}, "datetime": {"datetime": "2024-06-13 16:03:14", "elapsed": 321.218732, "delta": 33.928286}}
{"target": -205.00250826539641, "params": {"gamma": 0.7441327376236585, "lr": 0.7280594499971311}, "datetime": {"datetime": "2024-06-13 16:03:43", "elapsed": 350.409807, "delta": 29.191075}}
{"target": -151.66626579331148, "params": {"gamma": 0.0015745689865474533, "lr": 0.8692443224384971}, "datetime": {"datetime": "2024-06-13 16:04:10", "elapsed": 377.525837, "delta": 27.11603}}
{"target": -172.4278360612219, "params": {"gamma": 0.5253701830405523, "lr": 0.6905766303348563}, "datetime": {"datetime": "2024-06-13 16:04:29", "elapsed": 396.11718, "delta": 18.591343}}
{"target": -173.84828418326222, "params": {"gamma": 0.5069512261896792, "lr": 0.7822202806511188}, "datetime": {"datetime": "2024-06-13 16:04:47", "elapsed": 413.991232, "delta": 17.874052}}
{"target": -151.7992325426283, "params": {"gamma": 0.08960253542860129, "lr": 0.0}, "datetime": {"datetime": "2024-06-13 16:05:44", "elapsed": 471.682474, "delta": 57.691242}}
{"target": -151.7182200294035, "params": {"gamma": 0.0014975711123226352, "lr": 0.16733157137288224}, "datetime": {"datetime": "2024-06-13 16:06:09", "elapsed": 496.084984, "delta": 24.40251}}
{"target": -199.98388233104558, "params": {"gamma": 0.7460365328055619, "lr": 0.6364517903027553}, "datetime": {"datetime": "2024-06-13 16:06:43", "elapsed": 530.167526, "delta": 34.082542}}
{"target": -516.2101832238286, "params": {"gamma": 2.195616609602122, "lr": 0.832826239704753}, "datetime": {"datetime": "2024-06-13 16:06:52", "elapsed": 539.399287, "delta": 9.231761}}
{"target": -330.081092875795, "params": {"gamma": 0.7610591845341541, "lr": 0.0020139326830685977}, "datetime": {"datetime": "2024-06-13 16:07:12", "elapsed": 559.097623, "delta": 19.698336}}
{"target": -189.41772611264273, "params": {"gamma": 0.5508912766490873, "lr": 0.9911074634786285}, "datetime": {"datetime": "2024-06-13 16:07:39", "elapsed": 586.446751, "delta": 27.349128}}
{"target": -172.28500153112574, "params": {"gamma": 0.458833800776811, "lr": 0.8535796642764195}, "datetime": {"datetime": "2024-06-13 16:08:39", "elapsed": 646.359588, "delta": 59.912837}}
{"target": -276.4451945352917, "params": {"gamma": 0.9994383381122975, "lr": 0.9938516465266554}, "datetime": {"datetime": "2024-06-13 16:08:56", "elapsed": 663.750414, "delta": 17.390826}}
{"target": -859.9745341490336, "params": {"gamma": 4.614963540072418, "lr": 0.487979895010642}, "datetime": {"datetime": "2024-06-13 16:09:06", "elapsed": 673.121556, "delta": 9.371142}}
{"target": -151.7992325426283, "params": {"gamma": 0.3786132468792567, "lr": 0.0}, "datetime": {"datetime": "2024-06-13 16:09:39", "elapsed": 706.740321, "delta": 33.618765}}
