{"target": -146.9933664648877, "params": {"gamma": 2.3106546042570515, "prior": 0.6739605523903935, "rate": 1.3890263639386906}, "datetime": {"datetime": "2024-06-14 18:10:32", "elapsed": 4.445643, "delta": 0.008977}}
{"target": -368.67173660975345, "params": {"gamma": 9.351596002308344, "prior": 8.896566823226658, "rate": 2.893315694333617}, "datetime": {"datetime": "2024-06-14 18:10:32", "elapsed": 4.454647, "delta": 0.009004}}
{"target": -386.86882832195505, "params": {"gamma": 9.477692896949968, "prior": 8.514312298791047, "rate": 4.347113285922664}, "datetime": {"datetime": "2024-06-14 18:10:32", "elapsed": 4.463594, "delta": 0.008947}}
{"target": -206.06681308935387, "params": {"gamma": 4.681027499109862, "prior": 6.335544913675885, "rate": 1.581160317803163}, "datetime": {"datetime": "2024-06-14 18:10:32", "elapsed": 4.47257, "delta": 0.008976}}
{"target": -142.52209425655695, "params": {"gamma": 0.14880608533418707, "prior": 2.72856897297662, "rate": 0.15542087579566607}, "datetime": {"datetime": "2024-06-14 18:10:32", "elapsed": 4.481546, "delta": 0.008976}}
{"target": -285.3561645051873, "params": {"gamma": 6.745313942778413, "prior": 5.559541474546487, "rate": 3.2171598078821737}, "datetime": {"datetime": "2024-06-14 18:10:32", "elapsed": 4.490522, "delta": 0.008976}}
{"target": -339.72097047238515, "params": {"gamma": 7.802243168860467, "prior": 1.543275769026293, "rate": 2.449561506980074}, "datetime": {"datetime": "2024-06-14 18:10:32", "elapsed": 4.499498, "delta": 0.008976}}
{"target": -157.78355897972352, "params": {"gamma": 2.923845306630798, "prior": 2.0397262703400223, "rate": 0.8802988990222627}, "datetime": {"datetime": "2024-06-14 18:10:32", "elapsed": 4.508474, "delta": 0.008976}}
{"target": -391.86970137468074, "params": {"gamma": 8.699891826535803, "prior": 0.9730675911579497, "rate": 6.837419647880558}, "datetime": {"datetime": "2024-06-14 18:10:32", "elapsed": 4.51745, "delta": 0.008976}}
{"target": -131.0180449821599, "params": {"gamma": 1.204888367700376, "prior": 0.20592013112732416, "rate": 5.573125032519063}, "datetime": {"datetime": "2024-06-14 18:10:32", "elapsed": 4.526456, "delta": 0.009006}}
{"target": -363.971471233653, "params": {"gamma": 9.071183443148486, "prior": 8.618521006635163, "rate": 3.3851753897983823}, "datetime": {"datetime": "2024-06-14 18:10:32", "elapsed": 4.535442, "delta": 0.008986}}
{"target": -137.77775705921547, "params": {"gamma": 0.27256113442929636, "prior": 8.028507615787328, "rate": 8.06004333796437}, "datetime": {"datetime": "2024-06-14 18:10:32", "elapsed": 4.544379, "delta": 0.008937}}
{"target": -371.09041189984777, "params": {"gamma": 8.685012674911418, "prior": 6.729501338767777, "rate": 8.077980844288449}, "datetime": {"datetime": "2024-06-14 18:10:32", "elapsed": 4.553354, "delta": 0.008975}}
{"target": -382.78655323953814, "params": {"gamma": 8.9750853247459, "prior": 4.592916509851121, "rate": 5.578695211845391}, "datetime": {"datetime": "2024-06-14 18:10:32", "elapsed": 4.56233, "delta": 0.008976}}
{"target": -229.24116520893992, "params": {"gamma": 5.06180515715352, "prior": 6.9506406547897654, "rate": 6.829385769431119}, "datetime": {"datetime": "2024-06-14 18:10:32", "elapsed": 4.571306, "delta": 0.008976}}
{"target": -229.70829757104798, "params": {"gamma": 5.203616044997302, "prior": 8.301834666046165, "rate": 5.058288088511875}, "datetime": {"datetime": "2024-06-14 18:10:32", "elapsed": 4.580282, "delta": 0.008976}}
{"target": -343.88092942963965, "params": {"gamma": 8.248760765289934, "prior": 2.8902663726181053, "rate": 1.7857698349419049}, "datetime": {"datetime": "2024-06-14 18:10:32", "elapsed": 4.589466, "delta": 0.009184}}
{"target": -383.6440133562086, "params": {"gamma": 9.698735832876796, "prior": 7.44520130201516, "rate": 2.598657141350841}, "datetime": {"datetime": "2024-06-14 18:10:32", "elapsed": 4.598442, "delta": 0.008976}}
{"target": -239.36217586325546, "params": {"gamma": 5.8127721875694265, "prior": 9.557096310028049, "rate": 0.808458324212976}, "datetime": {"datetime": "2024-06-14 18:10:32", "elapsed": 4.607418, "delta": 0.008976}}
{"target": -133.06659871066816, "params": {"gamma": 0.8362585364103492, "prior": 6.229434831057081, "rate": 2.245710294880741}, "datetime": {"datetime": "2024-06-14 18:10:32", "elapsed": 4.616394, "delta": 0.008976}}
{"target": -329.84794119790627, "params": {"gamma": 7.652074383378348, "prior": 5.72471017519614, "rate": 6.66221471414473}, "datetime": {"datetime": "2024-06-14 18:10:32", "elapsed": 4.625371, "delta": 0.008977}}
{"target": -129.30477589651386, "params": {"gamma": 1.0790311940451294, "prior": 0.9344022092219122, "rate": 6.251585561986592}, "datetime": {"datetime": "2024-06-14 18:10:32", "elapsed": 4.634346, "delta": 0.008975}}
{"target": -207.1810972716258, "params": {"gamma": 4.097902880079071, "prior": 0.9637999863326198, "rate": 3.711268386216875}, "datetime": {"datetime": "2024-06-14 18:10:32", "elapsed": 4.643322, "delta": 0.008976}}
{"target": -310.133842919314, "params": {"gamma": 6.72177195215883, "prior": 1.9769152618966988, "rate": 8.957395356178512}, "datetime": {"datetime": "2024-06-14 18:10:32", "elapsed": 4.652298, "delta": 0.008976}}
{"target": -396.9555384018378, "params": {"gamma": 9.498514042411992, "prior": 9.619568170101886, "rate": 7.301095494844863}, "datetime": {"datetime": "2024-06-14 18:10:32", "elapsed": 4.661274, "delta": 0.008976}}
{"target": -188.93984484599738, "params": {"gamma": 4.063477988455463, "prior": 7.463117043877074, "rate": 2.8805808058682407}, "datetime": {"datetime": "2024-06-14 18:10:32", "elapsed": 4.67025, "delta": 0.008976}}
{"target": -165.53848116292187, "params": {"gamma": 3.144857806685071, "prior": 6.098373976056793, "rate": 5.948876486945769}, "datetime": {"datetime": "2024-06-14 18:10:32", "elapsed": 4.679226, "delta": 0.008976}}
{"target": -388.70549696563063, "params": {"gamma": 8.786731102181795, "prior": 2.620547481039712, "rate": 7.662117463663015}, "datetime": {"datetime": "2024-06-14 18:10:32", "elapsed": 4.68771, "delta": 0.008484}}
{"target": -400.6779038995663, "params": {"gamma": 9.410191654922194, "prior": 0.11022603331157285, "rate": 4.761415090903047}, "datetime": {"datetime": "2024-06-14 18:10:32", "elapsed": 4.696686, "delta": 0.008976}}
{"target": -264.29274584066934, "params": {"gamma": 6.570746249918269, "prior": 8.448899817803273, "rate": 1.8382103793481412}, "datetime": {"datetime": "2024-06-14 18:10:32", "elapsed": 4.705662, "delta": 0.008976}}
{"target": -376.347672799824, "params": {"gamma": 8.56173622063573, "prior": 3.7072182505845768, "rate": 8.922847018832448}, "datetime": {"datetime": "2024-06-14 18:10:32", "elapsed": 4.714639, "delta": 0.008977}}
{"target": -135.98465931266043, "params": {"gamma": 0.2780896894835276, "prior": 0.9453623773193891, "rate": 9.81412324707537}, "datetime": {"datetime": "2024-06-14 18:10:32", "elapsed": 4.723614, "delta": 0.008975}}
{"target": -256.1145982869144, "params": {"gamma": 6.095409755809193, "prior": 4.234560233460414, "rate": 1.6929726327522117}, "datetime": {"datetime": "2024-06-14 18:10:32", "elapsed": 4.732591, "delta": 0.008977}}
{"target": -301.94237112738926, "params": {"gamma": 6.499361629743811, "prior": 0.46605317675764246, "rate": 3.116827520693586}, "datetime": {"datetime": "2024-06-14 18:10:32", "elapsed": 4.741566, "delta": 0.008975}}
{"target": -168.61353706856457, "params": {"gamma": 3.2354684906937643, "prior": 6.11367474579408, "rate": 6.508661735500295}, "datetime": {"datetime": "2024-06-14 18:10:32", "elapsed": 4.750571, "delta": 0.009005}}
{"target": -354.84291621467224, "params": {"gamma": 8.460699937765456, "prior": 9.28305133171568, "rate": 6.604916818383386}, "datetime": {"datetime": "2024-06-14 18:10:32", "elapsed": 4.760516, "delta": 0.009945}}
{"target": -266.38024560666173, "params": {"gamma": 5.782161010166973, "prior": 4.047283881927183, "rate": 9.666158313928777}, "datetime": {"datetime": "2024-06-14 18:10:32", "elapsed": 4.769492, "delta": 0.008976}}
{"target": -134.66498952072195, "params": {"gamma": 1.541637639151742, "prior": 8.96135940562162, "rate": 3.1108196657805305}, "datetime": {"datetime": "2024-06-14 18:10:32", "elapsed": 4.778468, "delta": 0.008976}}
{"target": -233.53624517313887, "params": {"gamma": 5.485342407571374, "prior": 6.852455958484867, "rate": 2.3654600436102275}, "datetime": {"datetime": "2024-06-14 18:10:32", "elapsed": 4.787507, "delta": 0.009039}}
{"target": -133.92734471566254, "params": {"gamma": 1.678199113817666, "prior": 5.133971932953198, "rate": 7.918846891971133}, "datetime": {"datetime": "2024-06-14 18:10:33", "elapsed": 4.796452, "delta": 0.008945}}
{"target": -319.0590548487059, "params": {"gamma": 6.9244522072085894, "prior": 1.277836038012847, "rate": 9.007521408502258}, "datetime": {"datetime": "2024-06-14 18:10:33", "elapsed": 4.805427, "delta": 0.008975}}
{"target": -215.19937461918775, "params": {"gamma": 4.797895932924502, "prior": 9.47209912447251, "rate": 5.53478362877641}, "datetime": {"datetime": "2024-06-14 18:10:33", "elapsed": 4.814403, "delta": 0.008976}}
{"target": -128.91405343674364, "params": {"gamma": 0.8489334147818686, "prior": 2.1043840531779026, "rate": 8.542525491190911}, "datetime": {"datetime": "2024-06-14 18:10:33", "elapsed": 4.82338, "delta": 0.008977}}
{"target": -288.84476432426516, "params": {"gamma": 7.0595677402804276, "prior": 8.95990124951395, "rate": 3.2921308719412035}, "datetime": {"datetime": "2024-06-14 18:10:33", "elapsed": 4.832355, "delta": 0.008975}}
{"target": -236.47150805017006, "params": {"gamma": 5.280485964979625, "prior": 6.538941511592786, "rate": 5.943314245013059}, "datetime": {"datetime": "2024-06-14 18:10:33", "elapsed": 4.841331, "delta": 0.008976}}
{"target": -144.21490441866843, "params": {"gamma": 2.315397892406944, "prior": 4.325531359537532, "rate": 2.481866529137688}, "datetime": {"datetime": "2024-06-14 18:10:33", "elapsed": 4.850308, "delta": 0.008977}}
{"target": -315.72036021059085, "params": {"gamma": 8.456304007349223, "prior": 9.868106705184019, "rate": 0.6666414605206605}, "datetime": {"datetime": "2024-06-14 18:10:33", "elapsed": 4.859284, "delta": 0.008976}}
{"target": -315.7637983353349, "params": {"gamma": 7.139566394637347, "prior": 3.3681439667708357, "rate": 6.254728347736019}, "datetime": {"datetime": "2024-06-14 18:10:33", "elapsed": 4.868259, "delta": 0.008975}}
{"target": -149.7951005574085, "params": {"gamma": 2.582038363169428, "prior": 6.5449753321541015, "rate": 3.7121006974428328}, "datetime": {"datetime": "2024-06-14 18:10:33", "elapsed": 4.877236, "delta": 0.008977}}
{"target": -160.29431696365904, "params": {"gamma": 2.9489139744901, "prior": 9.126455419608208, "rate": 9.425046243387849}, "datetime": {"datetime": "2024-06-14 18:10:33", "elapsed": 4.886214, "delta": 0.008978}}
{"target": -286.21510911851635, "params": {"gamma": 6.135886715574795, "prior": 2.223231030223857, "rate": 9.394249290190688}, "datetime": {"datetime": "2024-06-14 18:10:33", "elapsed": 4.89519, "delta": 0.008976}}
{"target": -299.34296042514484, "params": {"gamma": 7.504785013686519, "prior": 7.53578909249578, "rate": 2.1180016271500137}, "datetime": {"datetime": "2024-06-14 18:10:33", "elapsed": 4.904166, "delta": 0.008976}}
{"target": -366.8923101364968, "params": {"gamma": 8.30173510509683, "prior": 2.47694202619598, "rate": 6.316575831756353}, "datetime": {"datetime": "2024-06-14 18:10:33", "elapsed": 4.913142, "delta": 0.008976}}
{"target": -297.2270255979772, "params": {"gamma": 7.107684959425964, "prior": 7.449595954100307, "rate": 3.9032567812912102}, "datetime": {"datetime": "2024-06-14 18:10:33", "elapsed": 4.922118, "delta": 0.008976}}
{"target": -319.7251076676912, "params": {"gamma": 7.598494141764259, "prior": 9.039065431004929, "rate": 5.8746127723565325}, "datetime": {"datetime": "2024-06-14 18:10:33", "elapsed": 4.931094, "delta": 0.008976}}
{"target": -130.50386118280662, "params": {"gamma": 0.9050067472322914, "prior": 1.376862243008533, "rate": 1.0535200041012063}, "datetime": {"datetime": "2024-06-14 18:10:33", "elapsed": 4.94007, "delta": 0.008976}}
{"target": -137.19474123913488, "params": {"gamma": 1.7281019057654774, "prior": 1.3516658138678819, "rate": 7.783230599786209}, "datetime": {"datetime": "2024-06-14 18:10:33", "elapsed": 4.949049, "delta": 0.008979}}
{"target": -133.79239725378454, "params": {"gamma": 0.39507571033225836, "prior": 2.491428331674554, "rate": 8.790784947183296}, "datetime": {"datetime": "2024-06-14 18:10:33", "elapsed": 4.958051, "delta": 0.009002}}
{"target": -416.7558313461209, "params": {"gamma": 9.7352150895021, "prior": 6.093677876497776, "rate": 9.762406407339324}, "datetime": {"datetime": "2024-06-14 18:10:33", "elapsed": 4.967034, "delta": 0.008983}}
{"target": -136.90533232105483, "params": {"gamma": 0.43547196560805285, "prior": 9.490870406922475, "rate": 3.113649528479215}, "datetime": {"datetime": "2024-06-14 18:10:33", "elapsed": 4.976003, "delta": 0.008969}}
{"target": -342.03467678183335, "params": {"gamma": 7.989929430775569, "prior": 8.125228124124325, "rate": 8.600125917211868}, "datetime": {"datetime": "2024-06-14 18:10:33", "elapsed": 4.98495, "delta": 0.008947}}
{"target": -203.53413200645488, "params": {"gamma": 4.586049558214109, "prior": 9.313379482437938, "rate": 2.579671951285972}, "datetime": {"datetime": "2024-06-14 18:10:33", "elapsed": 4.993926, "delta": 0.008976}}
{"target": -400.962086606181, "params": {"gamma": 9.344520479803316, "prior": 6.229284369191439, "rate": 9.85446370453336}, "datetime": {"datetime": "2024-06-14 18:10:33", "elapsed": 5.002902, "delta": 0.008976}}
{"target": -137.04366765552345, "params": {"gamma": 0.3274060157599613, "prior": 7.279149922443812, "rate": 5.655976799568431}, "datetime": {"datetime": "2024-06-14 18:10:33", "elapsed": 5.011878, "delta": 0.008976}}
{"target": -226.39405757999805, "params": {"gamma": 4.924748049935798, "prior": 2.6662594439422964, "rate": 3.268980017978885}, "datetime": {"datetime": "2024-06-14 18:10:33", "elapsed": 5.020854, "delta": 0.008976}}
{"target": -154.1430594033458, "params": {"gamma": 2.495372604807176, "prior": 2.270752312218102, "rate": 7.996808714410864}, "datetime": {"datetime": "2024-06-14 18:10:33", "elapsed": 5.02983, "delta": 0.008976}}
{"target": -243.13261029548556, "params": {"gamma": 5.024447663976686, "prior": 0.9235798981002775, "rate": 7.770064936081777}, "datetime": {"datetime": "2024-06-14 18:10:33", "elapsed": 5.038806, "delta": 0.008976}}
{"target": -235.82073577153903, "params": {"gamma": 5.336957111761226, "prior": 7.419939094729182, "rate": 5.154421537738071}, "datetime": {"datetime": "2024-06-14 18:10:33", "elapsed": 5.047782, "delta": 0.008976}}
{"target": -195.7035587534065, "params": {"gamma": 4.0000592939273325, "prior": 9.86384314611932, "rate": 0.2833979590089639}, "datetime": {"datetime": "2024-06-14 18:10:33", "elapsed": 5.05576, "delta": 0.007978}}
{"target": -375.5286185389738, "params": {"gamma": 9.327706315740619, "prior": 9.315464180823684, "rate": 3.909796196303079}, "datetime": {"datetime": "2024-06-14 18:10:33", "elapsed": 5.065734, "delta": 0.009974}}
{"target": -142.95691478422415, "params": {"gamma": 2.145434246462065, "prior": 6.230211649539066, "rate": 1.7805453823662243}, "datetime": {"datetime": "2024-06-14 18:10:33", "elapsed": 5.07471, "delta": 0.008976}}
{"target": -344.26458504087424, "params": {"gamma": 8.032278735085756, "prior": 2.613945173189579, "rate": 2.9087707441717465}, "datetime": {"datetime": "2024-06-14 18:10:33", "elapsed": 5.083688, "delta": 0.008978}}
{"target": -378.3247023195816, "params": {"gamma": 9.15924198430956, "prior": 9.038876651396649, "rate": 5.354273536413487}, "datetime": {"datetime": "2024-06-14 18:10:33", "elapsed": 5.092664, "delta": 0.008976}}
{"target": -381.4700490307005, "params": {"gamma": 8.628526966805577, "prior": 3.5900724311701118, "rate": 9.978844897970799}, "datetime": {"datetime": "2024-06-14 18:10:33", "elapsed": 5.10164, "delta": 0.008976}}
{"target": -196.65136681855785, "params": {"gamma": 4.337463704310366, "prior": 3.0186389168051044, "rate": 0.4167007652577235}, "datetime": {"datetime": "2024-06-14 18:10:33", "elapsed": 5.110617, "delta": 0.008977}}
{"target": -422.91875517598703, "params": {"gamma": 9.897079830913631, "prior": 4.702387546027041, "rate": 7.346115555489657}, "datetime": {"datetime": "2024-06-14 18:10:33", "elapsed": 5.119592, "delta": 0.008975}}
{"target": -256.8929964789041, "params": {"gamma": 6.408435432834701, "prior": 7.258624656693496, "rate": 0.5120579273573367}, "datetime": {"datetime": "2024-06-14 18:10:33", "elapsed": 5.128568, "delta": 0.008976}}
{"target": -380.044433216817, "params": {"gamma": 9.200534008691728, "prior": 9.275728057232191, "rate": 5.520398276514817}, "datetime": {"datetime": "2024-06-14 18:10:33", "elapsed": 5.137544, "delta": 0.008976}}
{"target": -417.0668455872886, "params": {"gamma": 9.639194970956826, "prior": 2.881459816204638, "rate": 6.0218641247383164}, "datetime": {"datetime": "2024-06-14 18:10:33", "elapsed": 5.14652, "delta": 0.008976}}
{"target": -186.7965890811621, "params": {"gamma": 3.9652304378361865, "prior": 6.317429994376759, "rate": 3.0070222529489574}, "datetime": {"datetime": "2024-06-14 18:10:33", "elapsed": 5.155497, "delta": 0.008977}}
{"target": -338.54670011166786, "params": {"gamma": 8.193764488175546, "prior": 0.7908811871916644, "rate": 0.4197338254296628}, "datetime": {"datetime": "2024-06-14 18:10:33", "elapsed": 5.164472, "delta": 0.008975}}
{"target": -132.32835356012268, "params": {"gamma": 0.49491444994850975, "prior": 1.5895047808398683, "rate": 3.954109387473109}, "datetime": {"datetime": "2024-06-14 18:10:33", "elapsed": 5.173448, "delta": 0.008976}}
{"target": -427.1532023385899, "params": {"gamma": 9.553944502582489, "prior": 1.1968748529899662, "rate": 6.475882305178456}, "datetime": {"datetime": "2024-06-14 18:10:33", "elapsed": 5.182424, "delta": 0.008976}}
{"target": -231.2504931181179, "params": {"gamma": 5.276687463055037, "prior": 3.5970998192322843, "rate": 1.9827940939725983}, "datetime": {"datetime": "2024-06-14 18:10:33", "elapsed": 5.191376, "delta": 0.008952}}
{"target": -147.9991983484758, "params": {"gamma": 2.20672022439151, "prior": 0.5338329462987547, "rate": 7.131926567624986}, "datetime": {"datetime": "2024-06-14 18:10:33", "elapsed": 5.200352, "delta": 0.008976}}
{"target": -290.37108452694474, "params": {"gamma": 6.538748151763354, "prior": 4.493320947974752, "rate": 7.189675941410347}, "datetime": {"datetime": "2024-06-14 18:10:33", "elapsed": 5.209329, "delta": 0.008977}}
{"target": -129.80101080266613, "params": {"gamma": 1.100649748480759, "prior": 9.393319816352417, "rate": 8.476419465684636}, "datetime": {"datetime": "2024-06-14 18:10:33", "elapsed": 5.218304, "delta": 0.008975}}
{"target": -287.65869141466004, "params": {"gamma": 6.590697560999168, "prior": 3.8504285697511453, "rate": 4.16625072341846}, "datetime": {"datetime": "2024-06-14 18:10:33", "elapsed": 5.22728, "delta": 0.008976}}
{"target": -220.05098822457765, "params": {"gamma": 4.822057067652517, "prior": 9.359309323067325, "rate": 8.636065956226108}, "datetime": {"datetime": "2024-06-14 18:10:33", "elapsed": 5.236256, "delta": 0.008976}}
{"target": -223.6730560810898, "params": {"gamma": 4.779760568316378, "prior": 5.589733132953853, "rate": 8.754163218930938}, "datetime": {"datetime": "2024-06-14 18:10:33", "elapsed": 5.245232, "delta": 0.008976}}
{"target": -402.8909190207218, "params": {"gamma": 9.492695073289129, "prior": 6.427929083095635, "rate": 7.485454680577448}, "datetime": {"datetime": "2024-06-14 18:10:33", "elapsed": 5.253753, "delta": 0.008521}}
{"target": -176.25005705343895, "params": {"gamma": 3.516897438698066, "prior": 9.188480358953182, "rate": 8.367683746488458}, "datetime": {"datetime": "2024-06-14 18:10:33", "elapsed": 5.262729, "delta": 0.008976}}
{"target": -246.06132194505685, "params": {"gamma": 5.521006756366404, "prior": 8.68950937519022, "rate": 8.498868942521883}, "datetime": {"datetime": "2024-06-14 18:10:33", "elapsed": 5.271705, "delta": 0.008976}}
{"target": -364.1161162266079, "params": {"gamma": 8.084305154704811, "prior": 1.393858961534142, "rate": 5.3604897456433}, "datetime": {"datetime": "2024-06-14 18:10:33", "elapsed": 5.280682, "delta": 0.008977}}
{"target": -370.40675594718994, "params": {"gamma": 9.007930363954452, "prior": 7.73123512248292, "rate": 4.207711277052893}, "datetime": {"datetime": "2024-06-14 18:10:33", "elapsed": 5.289686, "delta": 0.009004}}
{"target": -415.68365908738025, "params": {"gamma": 9.778826053206298, "prior": 2.5826542510627224, "rate": 3.336768678250129}, "datetime": {"datetime": "2024-06-14 18:10:33", "elapsed": 5.29963, "delta": 0.009944}}
{"target": -404.252262802891, "params": {"gamma": 9.54205087378846, "prior": 8.106281947034368, "rate": 9.003499705102108}, "datetime": {"datetime": "2024-06-14 18:10:33", "elapsed": 5.308606, "delta": 0.008976}}
{"target": -141.88829551328934, "params": {"gamma": 0.11688430450954196, "prior": 3.859667887036548, "rate": 2.355984044142083}, "datetime": {"datetime": "2024-06-14 18:10:33", "elapsed": 5.317582, "delta": 0.008976}}
{"target": -160.36907165753396, "params": {"gamma": 2.9600545838222256, "prior": 7.406155414398024, "rate": 7.241124363795878}, "datetime": {"datetime": "2024-06-14 18:10:33", "elapsed": 5.326587, "delta": 0.009005}}
{"target": -217.87579159694596, "params": {"gamma": 4.618532302580416, "prior": 3.716217165950228, "rate": 5.847331438432254}, "datetime": {"datetime": "2024-06-14 18:10:33", "elapsed": 5.335534, "delta": 0.008947}}
{"target": -240.48635276907186, "params": {"gamma": 5.33754383858813, "prior": 5.550737634177834, "rate": 6.155155234075464}, "datetime": {"datetime": "2024-06-14 18:10:33", "elapsed": 5.34451, "delta": 0.008976}}
