{"target": -305.98212146992887, "params": {"gamma": 6.864927298504364, "prior": 3.8399250110933036, "rate": 7.6314509854431005}, "datetime": {"datetime": "2024-06-14 18:10:44", "elapsed": 15.966216, "delta": 0.008976}}
{"target": -368.743687971923, "params": {"gamma": 8.963993959368008, "prior": 9.110902413045697, "rate": 4.965364995168459}, "datetime": {"datetime": "2024-06-14 18:10:44", "elapsed": 15.976189, "delta": 0.009973}}
{"target": -330.574011437551, "params": {"gamma": 7.626339709379889, "prior": 7.118724128793965, "rate": 9.513017241338671}, "datetime": {"datetime": "2024-06-14 18:10:44", "elapsed": 15.986162, "delta": 0.009973}}
{"target": -154.0201630402543, "params": {"gamma": 2.416303346981715, "prior": 5.657263107051882, "rate": 0.4386889024105297}, "datetime": {"datetime": "2024-06-14 18:10:44", "elapsed": 15.996136, "delta": 0.009974}}
{"target": -378.36550650876654, "params": {"gamma": 9.231856412216342, "prior": 9.458040129710191, "rate": 5.0095625425504435}, "datetime": {"datetime": "2024-06-14 18:10:44", "elapsed": 16.006109, "delta": 0.009973}}
{"target": -245.3693864668392, "params": {"gamma": 5.861588364410452, "prior": 7.742224266063105, "rate": 2.494062511590284}, "datetime": {"datetime": "2024-06-14 18:10:44", "elapsed": 16.01708, "delta": 0.010971}}
{"target": -190.2286427025775, "params": {"gamma": 3.7905257699858756, "prior": 2.9571954023700533, "rate": 5.388500848183928}, "datetime": {"datetime": "2024-06-14 18:10:44", "elapsed": 16.026056, "delta": 0.008976}}
{"target": -349.0343446232951, "params": {"gamma": 9.489619281316324, "prior": 3.915466925543566, "rate": 0.4510526483715768}, "datetime": {"datetime": "2024-06-14 18:10:44", "elapsed": 16.036029, "delta": 0.009973}}
{"target": -288.7575631085291, "params": {"gamma": 6.8255038084621535, "prior": 5.0008035357807925, "rate": 2.96582349698632}, "datetime": {"datetime": "2024-06-14 18:10:44", "elapsed": 16.046002, "delta": 0.009973}}
{"target": -197.2860276203752, "params": {"gamma": 4.159470178485402, "prior": 8.638851939129534, "rate": 8.210356117785}, "datetime": {"datetime": "2024-06-14 18:10:44", "elapsed": 16.055976, "delta": 0.009974}}
{"target": -134.29073944588933, "params": {"gamma": 1.7092925546648687, "prior": 6.882819454636019, "rate": 9.976635949364582}, "datetime": {"datetime": "2024-06-14 18:10:44", "elapsed": 16.065567, "delta": 0.009591}}
{"target": -320.4319458609143, "params": {"gamma": 7.843808621110356, "prior": 7.277958918810155, "rate": 3.1008897721241295}, "datetime": {"datetime": "2024-06-14 18:10:44", "elapsed": 16.075541, "delta": 0.009974}}
{"target": -133.0597589267916, "params": {"gamma": 1.5955484350535305, "prior": 8.656789324831875, "rate": 6.103851837947851}, "datetime": {"datetime": "2024-06-14 18:10:44", "elapsed": 16.085514, "delta": 0.009973}}
{"target": -188.70447822880638, "params": {"gamma": 3.90151389493923, "prior": 7.580348274726708, "rate": 7.18656022932733}, "datetime": {"datetime": "2024-06-14 18:10:44", "elapsed": 16.095487, "delta": 0.009973}}
{"target": -299.54419904919433, "params": {"gamma": 6.473683921648569, "prior": 2.1519072794770633, "rate": 8.8553926501292}, "datetime": {"datetime": "2024-06-14 18:10:44", "elapsed": 16.10546, "delta": 0.009973}}
{"target": -283.6849561437636, "params": {"gamma": 7.190340618322544, "prior": 3.096042577804754, "rate": 0.636921390268151}, "datetime": {"datetime": "2024-06-14 18:10:44", "elapsed": 16.115433, "delta": 0.009973}}
{"target": -378.39547884542924, "params": {"gamma": 9.128051358543207, "prior": 7.959115578671122, "rate": 4.986337846072983}, "datetime": {"datetime": "2024-06-14 18:10:44", "elapsed": 16.125407, "delta": 0.009974}}
{"target": -193.93949528886586, "params": {"gamma": 4.139838016887461, "prior": 6.194068492491998, "rate": 3.9857532458547134}, "datetime": {"datetime": "2024-06-14 18:10:44", "elapsed": 16.13538, "delta": 0.009973}}
{"target": -135.84563253980008, "params": {"gamma": 0.3901414822148927, "prior": 3.089486487843047, "rate": 2.4635393026772414}, "datetime": {"datetime": "2024-06-14 18:10:44", "elapsed": 16.145353, "delta": 0.009973}}
{"target": -397.09506362878165, "params": {"gamma": 9.723053574133592, "prior": 7.698230686083612, "rate": 4.03756244174214}, "datetime": {"datetime": "2024-06-14 18:10:44", "elapsed": 16.155327, "delta": 0.009974}}
{"target": -323.4540927119248, "params": {"gamma": 7.36653545986381, "prior": 3.096284649891858, "rate": 5.273430978494289}, "datetime": {"datetime": "2024-06-14 18:10:44", "elapsed": 16.165211, "delta": 0.009884}}
{"target": -140.89198359780494, "params": {"gamma": 2.0722252550467415, "prior": 2.617176807498664, "rate": 4.340796665124917}, "datetime": {"datetime": "2024-06-14 18:10:44", "elapsed": 16.175184, "delta": 0.009973}}
{"target": -130.1226424321277, "params": {"gamma": 0.8251761637855287, "prior": 8.547550771616626, "rate": 9.163375833703464}, "datetime": {"datetime": "2024-06-14 18:10:44", "elapsed": 16.185158, "delta": 0.009974}}
{"target": -142.3080758914065, "params": {"gamma": 2.131865517652924, "prior": 4.789847916431056, "rate": 8.414755557056594}, "datetime": {"datetime": "2024-06-14 18:10:44", "elapsed": 16.195131, "delta": 0.009973}}
{"target": -157.3305033076445, "params": {"gamma": 2.8835014556151, "prior": 6.146017338301501, "rate": 4.421038071544468}, "datetime": {"datetime": "2024-06-14 18:10:44", "elapsed": 16.205763, "delta": 0.010632}}
{"target": -188.14572872857394, "params": {"gamma": 3.9755172922412867, "prior": 7.914804790958176, "rate": 4.645661627447652}, "datetime": {"datetime": "2024-06-14 18:10:44", "elapsed": 16.21474, "delta": 0.008977}}
{"target": -214.33236568272721, "params": {"gamma": 4.648560381634333, "prior": 9.92108219282192, "rate": 9.622335724671418}, "datetime": {"datetime": "2024-06-14 18:10:44", "elapsed": 16.22571, "delta": 0.01097}}
{"target": -149.41317657537294, "params": {"gamma": 2.3515737989342904, "prior": 2.3468422945017595, "rate": 6.627717437420285}, "datetime": {"datetime": "2024-06-14 18:10:44", "elapsed": 16.236681, "delta": 0.010971}}
{"target": -196.45726203139446, "params": {"gamma": 4.12005240559699, "prior": 7.21566500145903, "rate": 7.33480011223453}, "datetime": {"datetime": "2024-06-14 18:10:44", "elapsed": 16.246654, "delta": 0.009973}}
{"target": -353.4195404227607, "params": {"gamma": 7.833165317126014, "prior": 2.706813429208478, "rate": 9.983583794835354}, "datetime": {"datetime": "2024-06-14 18:10:44", "elapsed": 16.256169, "delta": 0.009515}}
{"target": -226.67400518409733, "params": {"gamma": 4.937510667267648, "prior": 0.9308724921413128, "rate": 1.1210448167623643}, "datetime": {"datetime": "2024-06-14 18:10:44", "elapsed": 16.267143, "delta": 0.010974}}
{"target": -256.46645127375575, "params": {"gamma": 5.615435741740323, "prior": 5.150078530019021, "rate": 9.348420230005587}, "datetime": {"datetime": "2024-06-14 18:10:44", "elapsed": 16.277116, "delta": 0.009973}}
{"target": -364.75061140735653, "params": {"gamma": 9.008359782293162, "prior": 4.707496113752034, "rate": 2.0655648551479264}, "datetime": {"datetime": "2024-06-14 18:10:44", "elapsed": 16.287089, "delta": 0.009973}}
{"target": -259.1873369969061, "params": {"gamma": 5.644611641557381, "prior": 3.156460479596483, "rate": 6.506205753925493}, "datetime": {"datetime": "2024-06-14 18:10:44", "elapsed": 16.297063, "delta": 0.009974}}
{"target": -219.25009959312544, "params": {"gamma": 5.151524964800736, "prior": 8.447482905263575, "rate": 1.318272408917089}, "datetime": {"datetime": "2024-06-14 18:10:44", "elapsed": 16.307036, "delta": 0.009973}}
{"target": -149.09409151338605, "params": {"gamma": 2.510816765750457, "prior": 6.015561199030471, "rate": 6.252522597888486}, "datetime": {"datetime": "2024-06-14 18:10:44", "elapsed": 16.317009, "delta": 0.009973}}
{"target": -195.77245516383263, "params": {"gamma": 4.126528259704839, "prior": 9.015862526250485, "rate": 8.102939975399439}, "datetime": {"datetime": "2024-06-14 18:10:44", "elapsed": 16.326983, "delta": 0.009974}}
{"target": -241.79531278127766, "params": {"gamma": 5.408957978271053, "prior": 4.109790667839894, "rate": 3.9723842641831384}, "datetime": {"datetime": "2024-06-14 18:10:44", "elapsed": 16.336956, "delta": 0.009973}}
{"target": -133.92506513920875, "params": {"gamma": 1.1407744850837678, "prior": 9.378724974180852, "rate": 2.3461206012549862}, "datetime": {"datetime": "2024-06-14 18:10:44", "elapsed": 16.346929, "delta": 0.009973}}
{"target": -132.08734415364407, "params": {"gamma": 1.5290154598338772, "prior": 5.149156483909666, "rate": 4.550990310069778}, "datetime": {"datetime": "2024-06-14 18:10:44", "elapsed": 16.356902, "delta": 0.009973}}
{"target": -130.47892218150332, "params": {"gamma": 0.741195677957228, "prior": 5.798171437543058, "rate": 6.98565427848021}, "datetime": {"datetime": "2024-06-14 18:10:44", "elapsed": 16.366384, "delta": 0.009482}}
{"target": -232.0108086726626, "params": {"gamma": 4.905996798082162, "prior": 0.8216471576437056, "rate": 1.7974602213999658}, "datetime": {"datetime": "2024-06-14 18:10:44", "elapsed": 16.376357, "delta": 0.009973}}
{"target": -135.96115469583435, "params": {"gamma": 1.1602386580615005, "prior": 5.876279483963145, "rate": 0.8517929419359279}, "datetime": {"datetime": "2024-06-14 18:10:44", "elapsed": 16.38633, "delta": 0.009973}}
{"target": -195.26600236925685, "params": {"gamma": 3.8411646857898374, "prior": 1.5568483148669632, "rate": 4.115450872320082}, "datetime": {"datetime": "2024-06-14 18:10:44", "elapsed": 16.396304, "delta": 0.009974}}
{"target": -285.00726835144303, "params": {"gamma": 6.253124313642986, "prior": 3.6594426508543156, "rate": 8.959947493135243}, "datetime": {"datetime": "2024-06-14 18:10:44", "elapsed": 16.406277, "delta": 0.009973}}
{"target": -197.24143555180603, "params": {"gamma": 4.175385995901437, "prior": 9.343186839462406, "rate": 8.204747872100748}, "datetime": {"datetime": "2024-06-14 18:10:44", "elapsed": 16.416279, "delta": 0.010002}}
{"target": -129.48989958227546, "params": {"gamma": 1.1673082330925828, "prior": 1.1292596538179704, "rate": 1.3289685737075208}, "datetime": {"datetime": "2024-06-14 18:10:44", "elapsed": 16.426224, "delta": 0.009945}}
{"target": -280.4136851408249, "params": {"gamma": 6.3850452068779955, "prior": 6.877462138363933, "rate": 7.900310828063816}, "datetime": {"datetime": "2024-06-14 18:10:44", "elapsed": 16.436197, "delta": 0.009973}}
{"target": -242.79143123858262, "params": {"gamma": 5.423716313506835, "prior": 6.7860429050825894, "rate": 6.86782996092407}, "datetime": {"datetime": "2024-06-14 18:10:44", "elapsed": 16.44617, "delta": 0.009973}}
{"target": -170.51346040545005, "params": {"gamma": 3.3829604515267047, "prior": 6.540111495995206, "rate": 4.041556089281965}, "datetime": {"datetime": "2024-06-14 18:10:44", "elapsed": 16.455146, "delta": 0.008976}}
{"target": -269.0747786260184, "params": {"gamma": 6.402004807053291, "prior": 9.352740161515133, "rate": 4.300276952021971}, "datetime": {"datetime": "2024-06-14 18:10:44", "elapsed": 16.465625, "delta": 0.010479}}
{"target": -234.96739967184797, "params": {"gamma": 5.062169284611167, "prior": 3.387441539928508, "rate": 5.787626649270162}, "datetime": {"datetime": "2024-06-14 18:10:44", "elapsed": 16.475599, "delta": 0.009974}}
{"target": -382.23165214263554, "params": {"gamma": 8.63433961200101, "prior": 2.9081286245045184, "rate": 8.3440688316731}, "datetime": {"datetime": "2024-06-14 18:10:44", "elapsed": 16.485572, "delta": 0.009973}}
{"target": -240.47911121658143, "params": {"gamma": 5.19525257002433, "prior": 2.338154974562283, "rate": 4.195052837461809}, "datetime": {"datetime": "2024-06-14 18:10:44", "elapsed": 16.495545, "delta": 0.009973}}
{"target": -142.88814578735364, "params": {"gamma": 1.6707797438122824, "prior": 9.132705794826414, "rate": 0.5804135275146948}, "datetime": {"datetime": "2024-06-14 18:10:44", "elapsed": 16.505282, "delta": 0.009737}}
{"target": -278.3054462765393, "params": {"gamma": 6.0404303253472555, "prior": 1.1291215126301983, "rate": 3.135467231273893}, "datetime": {"datetime": "2024-06-14 18:10:44", "elapsed": 16.515255, "delta": 0.009973}}
{"target": -130.97597489405712, "params": {"gamma": 1.430273657454418, "prior": 5.045153826684863, "rate": 6.361341648049341}, "datetime": {"datetime": "2024-06-14 18:10:44", "elapsed": 16.525228, "delta": 0.009973}}
{"target": -359.9214530131363, "params": {"gamma": 8.292725454727396, "prior": 4.5551280553231495, "rate": 7.694721722549676}, "datetime": {"datetime": "2024-06-14 18:10:44", "elapsed": 16.535202, "delta": 0.009974}}
{"target": -242.59090865143102, "params": {"gamma": 5.953782798974832, "prior": 9.725416897155455, "rate": 1.1980382373790506}, "datetime": {"datetime": "2024-06-14 18:10:44", "elapsed": 16.545175, "delta": 0.009973}}
{"target": -347.5212784404849, "params": {"gamma": 8.163360508295652, "prior": 8.36804642863598, "rate": 7.915926255491784}, "datetime": {"datetime": "2024-06-14 18:10:44", "elapsed": 16.555148, "delta": 0.009973}}
{"target": -217.0300439165681, "params": {"gamma": 4.548793901755333, "prior": 5.319373120578599, "rate": 9.853860789595378}, "datetime": {"datetime": "2024-06-14 18:10:44", "elapsed": 16.56463, "delta": 0.009482}}
{"target": -389.8930788751417, "params": {"gamma": 9.446413498524006, "prior": 7.653717361291417, "rate": 4.603153079254813}, "datetime": {"datetime": "2024-06-14 18:10:44", "elapsed": 16.574603, "delta": 0.009973}}
{"target": -230.7486368710782, "params": {"gamma": 5.4028153672728605, "prior": 8.065147279335433, "rate": 2.7694190259593214}, "datetime": {"datetime": "2024-06-14 18:10:44", "elapsed": 16.584577, "delta": 0.009974}}
{"target": -154.46630868981177, "params": {"gamma": 2.5660746449201204, "prior": 2.2172273194191625, "rate": 5.5125104016000455}, "datetime": {"datetime": "2024-06-14 18:10:44", "elapsed": 16.59455, "delta": 0.009973}}
{"target": -420.1287639413865, "params": {"gamma": 9.51400463278507, "prior": 2.453593275447689, "rate": 8.016191948242625}, "datetime": {"datetime": "2024-06-14 18:10:44", "elapsed": 16.604523, "delta": 0.009973}}
{"target": -138.01307401115557, "params": {"gamma": 0.3050697728019885, "prior": 5.111578112737991, "rate": 2.840969561694019}, "datetime": {"datetime": "2024-06-14 18:10:44", "elapsed": 16.614497, "delta": 0.009974}}
{"target": -158.2781818649428, "params": {"gamma": 2.8279345769967326, "prior": 3.9805415181824153, "rate": 5.35503815277569}, "datetime": {"datetime": "2024-06-14 18:10:44", "elapsed": 16.62447, "delta": 0.009973}}
{"target": -297.59340919099225, "params": {"gamma": 7.729080748891848, "prior": 9.620416719522808, "rate": 1.5047059924704762}, "datetime": {"datetime": "2024-06-14 18:10:44", "elapsed": 16.634443, "delta": 0.009973}}
{"target": -202.72235424146496, "params": {"gamma": 3.948506624298461, "prior": 1.711128575734629, "rate": 8.366584905960446}, "datetime": {"datetime": "2024-06-14 18:10:44", "elapsed": 16.644417, "delta": 0.009974}}
{"target": -130.46490108927858, "params": {"gamma": 0.848939363998362, "prior": 8.577228644378229, "rate": 7.408710726097538}, "datetime": {"datetime": "2024-06-14 18:10:44", "elapsed": 16.65439, "delta": 0.009973}}
{"target": -325.97880672475947, "params": {"gamma": 8.583506747549555, "prior": 8.910210077238986, "rate": 1.5086156837021263}, "datetime": {"datetime": "2024-06-14 18:10:44", "elapsed": 16.664868, "delta": 0.010478}}
{"target": -246.66775116473576, "params": {"gamma": 5.5673037568750585, "prior": 3.0949243389652152, "rate": 2.7129607380351044}, "datetime": {"datetime": "2024-06-14 18:10:44", "elapsed": 16.674842, "delta": 0.009974}}
{"target": -142.39634456663578, "params": {"gamma": 0.16532732155215554, "prior": 5.200289634664171, "rate": 0.19147494677606597}, "datetime": {"datetime": "2024-06-14 18:10:44", "elapsed": 16.684815, "delta": 0.009973}}
{"target": -388.2526335471337, "params": {"gamma": 8.982387549518384, "prior": 2.743118745199252, "rate": 4.934240682090825}, "datetime": {"datetime": "2024-06-14 18:10:44", "elapsed": 16.694789, "delta": 0.009974}}
{"target": -295.12515182823313, "params": {"gamma": 6.364538822186757, "prior": 0.11484759273546576, "rate": 1.1332762215360346}, "datetime": {"datetime": "2024-06-14 18:10:44", "elapsed": 16.704762, "delta": 0.009973}}
{"target": -217.69631821035412, "params": {"gamma": 4.6659477575289365, "prior": 6.27045023526184, "rate": 8.196890952415792}, "datetime": {"datetime": "2024-06-14 18:10:44", "elapsed": 16.714735, "delta": 0.009973}}
{"target": -194.2311567858193, "params": {"gamma": 4.148641338539144, "prior": 9.27585593466577, "rate": 5.974235073828673}, "datetime": {"datetime": "2024-06-14 18:10:44", "elapsed": 16.723745, "delta": 0.00901}}
{"target": -144.42612883894478, "params": {"gamma": 0.019306140396848814, "prior": 6.83237546346491, "rate": 2.128523676734889}, "datetime": {"datetime": "2024-06-14 18:10:44", "elapsed": 16.733684, "delta": 0.009939}}
{"target": -140.84872015936682, "params": {"gamma": 0.1535430664843777, "prior": 7.383907493191389, "rate": 5.519551912752578}, "datetime": {"datetime": "2024-06-14 18:10:44", "elapsed": 16.743657, "delta": 0.009973}}
{"target": -353.450494083754, "params": {"gamma": 7.836427271615353, "prior": 0.9728738222321646, "rate": 3.557641134340776}, "datetime": {"datetime": "2024-06-14 18:10:44", "elapsed": 16.753631, "delta": 0.009974}}
{"target": -161.0255216560775, "params": {"gamma": 2.997716685977381, "prior": 5.733129677407973, "rate": 5.102021899170938}, "datetime": {"datetime": "2024-06-14 18:10:44", "elapsed": 16.763604, "delta": 0.009973}}
{"target": -349.91971777602805, "params": {"gamma": 7.821480373966176, "prior": 1.951873292249901, "rate": 5.765378570105822}, "datetime": {"datetime": "2024-06-14 18:10:44", "elapsed": 16.773578, "delta": 0.009974}}
{"target": -283.2029726907488, "params": {"gamma": 6.444129706059222, "prior": 4.652693074134186, "rate": 5.580214322469496}, "datetime": {"datetime": "2024-06-14 18:10:44", "elapsed": 16.783551, "delta": 0.009973}}
{"target": -396.82171752353076, "params": {"gamma": 9.743286307322958, "prior": 7.541556933766897, "rate": 3.8104826236472786}, "datetime": {"datetime": "2024-06-14 18:10:45", "elapsed": 16.794522, "delta": 0.010971}}
{"target": -196.92556019514313, "params": {"gamma": 4.340728838399114, "prior": 7.1570316925553605, "rate": 0.9380272253159303}, "datetime": {"datetime": "2024-06-14 18:10:45", "elapsed": 16.804494, "delta": 0.009972}}
{"target": -276.4872149157992, "params": {"gamma": 6.378444418173399, "prior": 1.2321491091836958, "rate": 1.0193780310022393}, "datetime": {"datetime": "2024-06-14 18:10:45", "elapsed": 16.813471, "delta": 0.008977}}
{"target": -307.6934006960073, "params": {"gamma": 6.667021122891057, "prior": 1.7542887876159898, "rate": 7.647419971523622}, "datetime": {"datetime": "2024-06-14 18:10:45", "elapsed": 16.823444, "delta": 0.009973}}
{"target": -329.62674686633204, "params": {"gamma": 7.506153520363204, "prior": 3.18900068961921, "rate": 5.7090751316208}, "datetime": {"datetime": "2024-06-14 18:10:45", "elapsed": 16.833418, "delta": 0.009974}}
{"target": -261.89001617640525, "params": {"gamma": 6.451761309420609, "prior": 8.133499632738395, "rate": 2.0154617304835343}, "datetime": {"datetime": "2024-06-14 18:10:45", "elapsed": 16.843391, "delta": 0.009973}}
{"target": -283.6859675631026, "params": {"gamma": 6.762750921175965, "prior": 8.246616776474657, "rate": 4.144442403173417}, "datetime": {"datetime": "2024-06-14 18:10:45", "elapsed": 16.854362, "delta": 0.010971}}
{"target": -230.9947593087371, "params": {"gamma": 4.93747435337824, "prior": 5.191069021280379, "rate": 9.393346948548995}, "datetime": {"datetime": "2024-06-14 18:10:45", "elapsed": 16.863337, "delta": 0.008975}}
{"target": -133.70022357606555, "params": {"gamma": 0.5174559628579339, "prior": 5.75837295853161, "rate": 4.89811116337683}, "datetime": {"datetime": "2024-06-14 18:10:45", "elapsed": 16.874308, "delta": 0.010971}}
{"target": -175.18522269412452, "params": {"gamma": 3.43893717379704, "prior": 6.732175526529206, "rate": 7.6946306666071145}, "datetime": {"datetime": "2024-06-14 18:10:45", "elapsed": 16.884282, "delta": 0.009974}}
{"target": -257.5940617650178, "params": {"gamma": 5.401055710011223, "prior": 0.5122166664564219, "rate": 2.351573570535765}, "datetime": {"datetime": "2024-06-14 18:10:45", "elapsed": 16.893258, "delta": 0.008976}}
{"target": -138.95937036456013, "params": {"gamma": 0.20537707355366863, "prior": 3.3450050943537124, "rate": 4.6810927226785255}, "datetime": {"datetime": "2024-06-14 18:10:45", "elapsed": 16.904228, "delta": 0.01097}}
{"target": -334.21435538250836, "params": {"gamma": 7.845906561782468, "prior": 5.369502262702111, "rate": 4.774787580289247}, "datetime": {"datetime": "2024-06-14 18:10:45", "elapsed": 16.914202, "delta": 0.009974}}
{"target": -310.9715750239117, "params": {"gamma": 6.97979925706494, "prior": 0.27243013449192005, "rate": 6.950212658575371}, "datetime": {"datetime": "2024-06-14 18:10:45", "elapsed": 16.924175, "delta": 0.009973}}
{"target": -165.3061318585357, "params": {"gamma": 3.120283908366149, "prior": 5.641930498717792, "rate": 6.068459647449929}, "datetime": {"datetime": "2024-06-14 18:10:45", "elapsed": 16.934148, "delta": 0.009973}}
{"target": -136.99920027187176, "params": {"gamma": 1.8222444288432162, "prior": 2.5776986435657308, "rate": 5.788601767479563}, "datetime": {"datetime": "2024-06-14 18:10:45", "elapsed": 16.944122, "delta": 0.009974}}
{"target": -153.3156111360285, "params": {"gamma": 2.626964094789226, "prior": 2.4702287887304846, "rate": 3.5909544712195682}, "datetime": {"datetime": "2024-06-14 18:10:45", "elapsed": 16.954095, "delta": 0.009973}}
{"target": -373.7748397154038, "params": {"gamma": 9.044205571519699, "prior": 8.705182024603866, "rate": 5.140843749597316}, "datetime": {"datetime": "2024-06-14 18:10:45", "elapsed": 16.964069, "delta": 0.009974}}
