{"target": -291.539362484515, "params": {"gamma": 5.310942498517634, "prior": 8.153913136901503, "rate": 3.763565542385325}, "datetime": {"datetime": "2024-06-14 06:59:14", "elapsed": 10.230014, "delta": 0.009973}}
{"target": -326.5317930805723, "params": {"gamma": 4.4582994882209785, "prior": 7.53393534067921, "rate": 0.9843654431052541}, "datetime": {"datetime": "2024-06-14 06:59:14", "elapsed": 10.239988, "delta": 0.009974}}
{"target": -221.8418232007594, "params": {"gamma": 3.6059025236596125, "prior": 5.680691927335912, "rate": 2.3866173738298953}, "datetime": {"datetime": "2024-06-14 06:59:14", "elapsed": 10.248963, "delta": 0.008975}}
{"target": -304.8498860155051, "params": {"gamma": 8.399697763448607, "prior": 7.6819248236704, "rate": 9.655460253343795}, "datetime": {"datetime": "2024-06-14 06:59:14", "elapsed": 10.258937, "delta": 0.009974}}
{"target": -232.21935298353043, "params": {"gamma": 5.230357762062273, "prior": 1.1545941141068716, "rate": 9.366233613591808}, "datetime": {"datetime": "2024-06-14 06:59:14", "elapsed": 10.267913, "delta": 0.008976}}
{"target": -287.1571375235135, "params": {"gamma": 8.342525658973996, "prior": 5.489739793932052, "rate": 8.363186471576656}, "datetime": {"datetime": "2024-06-14 06:59:14", "elapsed": 10.277886, "delta": 0.009973}}
{"target": -390.4070881312535, "params": {"gamma": 8.81702750262007, "prior": 7.783203259932287, "rate": 5.712968516447132}, "datetime": {"datetime": "2024-06-14 06:59:14", "elapsed": 10.28786, "delta": 0.009974}}
{"target": -284.2444146796079, "params": {"gamma": 6.153371915939358, "prior": 8.459467758169252, "rate": 6.222544146503024}, "datetime": {"datetime": "2024-06-14 06:59:14", "elapsed": 10.296835, "delta": 0.008975}}
{"target": -147.8486239091566, "params": {"gamma": 2.0655931119171287, "prior": 6.945735393184301, "rate": 5.320605487023739}, "datetime": {"datetime": "2024-06-14 06:59:14", "elapsed": 10.333369, "delta": 0.036534}}
{"target": -165.7872589680848, "params": {"gamma": 2.633207341942995, "prior": 0.10778676114340056, "rate": 2.3557421152378364}, "datetime": {"datetime": "2024-06-14 06:59:14", "elapsed": 10.343342, "delta": 0.009973}}
{"target": -280.3693034503191, "params": {"gamma": 6.735993413062344, "prior": 8.795369976841354, "rate": 8.307194989836436}, "datetime": {"datetime": "2024-06-14 06:59:14", "elapsed": 10.353316, "delta": 0.009974}}
{"target": -120.39506348371035, "params": {"gamma": 1.0819657484995155, "prior": 0.8041372972760987, "rate": 7.616161526478173}, "datetime": {"datetime": "2024-06-14 06:59:14", "elapsed": 10.363318, "delta": 0.010002}}
{"target": -287.295937522028, "params": {"gamma": 2.849048887810949, "prior": 2.790850219716551, "rate": 0.021001005783708615}, "datetime": {"datetime": "2024-06-14 06:59:14", "elapsed": 10.372265, "delta": 0.008947}}
{"target": -127.48742102559419, "params": {"gamma": 0.9862915673948899, "prior": 1.442410769184296, "rate": 1.5944427020857364}, "datetime": {"datetime": "2024-06-14 06:59:14", "elapsed": 10.382238, "delta": 0.009973}}
{"target": -203.64254678824716, "params": {"gamma": 4.453690712551038, "prior": 8.159944565765821, "rate": 8.123168855569107}, "datetime": {"datetime": "2024-06-14 06:59:14", "elapsed": 10.391214, "delta": 0.008976}}
{"target": -305.1540667067214, "params": {"gamma": 9.099986227202798, "prior": 4.491561182341304, "rate": 7.087396368942189}, "datetime": {"datetime": "2024-06-14 06:59:14", "elapsed": 10.401187, "delta": 0.009973}}
{"target": -201.2630498548627, "params": {"gamma": 4.883852847086367, "prior": 0.5934413255317578, "rate": 0.8052339082615015}, "datetime": {"datetime": "2024-06-14 06:59:14", "elapsed": 10.410164, "delta": 0.008977}}
{"target": -159.88644190034893, "params": {"gamma": 2.4601774098261746, "prior": 9.818055113367866, "rate": 6.919480375538572}, "datetime": {"datetime": "2024-06-14 06:59:14", "elapsed": 10.420137, "delta": 0.009973}}
{"target": -157.08144920395378, "params": {"gamma": 2.680807810991347, "prior": 7.09200612105803, "rate": 6.6137999976813155}, "datetime": {"datetime": "2024-06-14 06:59:14", "elapsed": 10.43011, "delta": 0.009973}}
{"target": -128.13053022969498, "params": {"gamma": 0.4338583185782008, "prior": 3.6787270879532055, "rate": 7.737506106039536}, "datetime": {"datetime": "2024-06-14 06:59:14", "elapsed": 10.439086, "delta": 0.008976}}
{"target": -128.65013735452226, "params": {"gamma": 0.7861506254262016, "prior": 8.855402756081128, "rate": 9.308752094249328}, "datetime": {"datetime": "2024-06-14 06:59:14", "elapsed": 10.448062, "delta": 0.008976}}
{"target": -302.90105862505294, "params": {"gamma": 8.531002038386509, "prior": 1.2620382805993853, "rate": 5.652169643537417}, "datetime": {"datetime": "2024-06-14 06:59:14", "elapsed": 10.458035, "delta": 0.009973}}
{"target": -497.78288461117864, "params": {"gamma": 7.075891918374401, "prior": 8.89100289040774, "rate": 0.958664516968829}, "datetime": {"datetime": "2024-06-14 06:59:14", "elapsed": 10.467012, "delta": 0.008977}}
{"target": -269.99814619006486, "params": {"gamma": 8.157890074908734, "prior": 2.852361683520942, "rate": 5.923281570273373}, "datetime": {"datetime": "2024-06-14 06:59:14", "elapsed": 10.476985, "delta": 0.009973}}
{"target": -403.9356424856046, "params": {"gamma": 7.198237298029824, "prior": 7.7924895786681345, "rate": 2.947353825139696}, "datetime": {"datetime": "2024-06-14 06:59:14", "elapsed": 10.486959, "delta": 0.009974}}
{"target": -225.5544122207014, "params": {"gamma": 6.074158012949801, "prior": 2.945981454603072, "rate": 9.983169186094411}, "datetime": {"datetime": "2024-06-14 06:59:14", "elapsed": 10.496932, "delta": 0.009973}}
{"target": -269.5654678453991, "params": {"gamma": 8.145241573815564, "prior": 4.198381371066737, "rate": 8.791542714456694}, "datetime": {"datetime": "2024-06-14 06:59:14", "elapsed": 10.5065, "delta": 0.009568}}
{"target": -478.37546520370086, "params": {"gamma": 7.325278649969429, "prior": 9.294594614204785, "rate": 1.7169353317749951}, "datetime": {"datetime": "2024-06-14 06:59:14", "elapsed": 10.515471, "delta": 0.008971}}
{"target": -150.3321131250808, "params": {"gamma": 2.9490552142038204, "prior": 1.0279930931389578, "rate": 3.1804923357554484}, "datetime": {"datetime": "2024-06-14 06:59:14", "elapsed": 10.525444, "delta": 0.009973}}
{"target": -199.0196906154487, "params": {"gamma": 3.812504948851634, "prior": 6.36385414222566, "rate": 4.715727863547479}, "datetime": {"datetime": "2024-06-14 06:59:14", "elapsed": 10.535417, "delta": 0.009973}}
{"target": -343.8209268252987, "params": {"gamma": 7.176972138789694, "prior": 2.7653129816669733, "rate": 1.7313941351026625}, "datetime": {"datetime": "2024-06-14 06:59:14", "elapsed": 10.544394, "delta": 0.008977}}
{"target": -186.37867176088125, "params": {"gamma": 3.7918469051508774, "prior": 4.43700623053576, "rate": 4.221843551590521}, "datetime": {"datetime": "2024-06-14 06:59:14", "elapsed": 10.554012, "delta": 0.009618}}
{"target": -325.67695257264893, "params": {"gamma": 9.135783296928588, "prior": 2.7687134816348475, "rate": 3.5210819835488736}, "datetime": {"datetime": "2024-06-14 06:59:14", "elapsed": 10.563985, "delta": 0.009973}}
{"target": -142.8476803077868, "params": {"gamma": 2.1528813919731067, "prior": 3.7820378129023013, "rate": 3.8991640529202587}, "datetime": {"datetime": "2024-06-14 06:59:14", "elapsed": 10.572962, "delta": 0.008977}}
{"target": -250.64152686940415, "params": {"gamma": 5.754695144061634, "prior": 2.855813288362186, "rate": 2.595663592769973}, "datetime": {"datetime": "2024-06-14 06:59:14", "elapsed": 10.582935, "delta": 0.009973}}
{"target": -492.31235094418923, "params": {"gamma": 7.190894889170183, "prior": 9.110769204968191, "rate": 1.2218460988148518}, "datetime": {"datetime": "2024-06-14 06:59:14", "elapsed": 10.592908, "delta": 0.009973}}
{"target": -130.07831592577418, "params": {"gamma": 1.8237074185290985, "prior": 1.4177854842714415, "rate": 6.836393220362168}, "datetime": {"datetime": "2024-06-14 06:59:14", "elapsed": 10.602882, "delta": 0.009974}}
{"target": -175.1108392181229, "params": {"gamma": 2.1408837173038955, "prior": 6.0852588727331, "rate": 2.0175856692950274}, "datetime": {"datetime": "2024-06-14 06:59:14", "elapsed": 10.611857, "delta": 0.008975}}
{"target": -270.508529492493, "params": {"gamma": 8.177754179737551, "prior": 3.229460609356161, "rate": 6.696498030094077}, "datetime": {"datetime": "2024-06-14 06:59:14", "elapsed": 10.62196, "delta": 0.010103}}
{"target": -133.1953420038182, "params": {"gamma": 1.4881868944628063, "prior": 3.128859926152989, "rate": 2.9731172115714624}, "datetime": {"datetime": "2024-06-14 06:59:14", "elapsed": 10.630936, "delta": 0.008976}}
{"target": -246.18982655413114, "params": {"gamma": 6.3511642455179445, "prior": 6.840717218521033, "rate": 8.452641216391733}, "datetime": {"datetime": "2024-06-14 06:59:14", "elapsed": 10.640826, "delta": 0.00989}}
{"target": -138.78811727664416, "params": {"gamma": 1.8342857207824639, "prior": 7.628254666633741, "rate": 7.119682083391317}, "datetime": {"datetime": "2024-06-14 06:59:14", "elapsed": 10.650799, "delta": 0.009973}}
{"target": -390.8534397985348, "params": {"gamma": 5.575881596860648, "prior": 6.536613564525276, "rate": 0.9008610352239393}, "datetime": {"datetime": "2024-06-14 06:59:14", "elapsed": 10.659775, "delta": 0.008976}}
{"target": -125.53291178940343, "params": {"gamma": 1.4696112814099909, "prior": 4.214160035094695, "rate": 7.1139955123219485}, "datetime": {"datetime": "2024-06-14 06:59:14", "elapsed": 10.669749, "delta": 0.009974}}
{"target": -131.32836298049102, "params": {"gamma": 1.6790438150723197, "prior": 3.950893478320653, "rate": 4.979961592920374}, "datetime": {"datetime": "2024-06-14 06:59:14", "elapsed": 10.679722, "delta": 0.009973}}
{"target": -396.3305000944706, "params": {"gamma": 9.350522223405173, "prior": 0.6464428616796051, "rate": 8.290245901995016}, "datetime": {"datetime": "2024-06-14 06:59:14", "elapsed": 10.689695, "delta": 0.009973}}
{"target": -319.4826364055901, "params": {"gamma": 9.841614299141947, "prior": 2.7459988738469, "rate": 8.90068298043714}, "datetime": {"datetime": "2024-06-14 06:59:14", "elapsed": 10.698671, "delta": 0.008976}}
{"target": -180.57081588433923, "params": {"gamma": 2.9037110876153163, "prior": 8.010174232146655, "rate": 4.599113822624364}, "datetime": {"datetime": "2024-06-14 06:59:14", "elapsed": 10.708645, "delta": 0.009974}}
{"target": -218.88121079799808, "params": {"gamma": 5.976488880119824, "prior": 2.443007029974514, "rate": 6.87646200664599}, "datetime": {"datetime": "2024-06-14 06:59:14", "elapsed": 10.71762, "delta": 0.008975}}
{"target": -134.59647931272073, "params": {"gamma": 1.4876999762661907, "prior": 5.640896340117552, "rate": 4.943794976509587}, "datetime": {"datetime": "2024-06-14 06:59:14", "elapsed": 10.727594, "delta": 0.009974}}
{"target": -284.35002891079085, "params": {"gamma": 8.372222753498248, "prior": 4.866538302199957, "rate": 7.847524868907307}, "datetime": {"datetime": "2024-06-14 06:59:14", "elapsed": 10.73657, "delta": 0.008976}}
{"target": -171.9552831278184, "params": {"gamma": 4.003542773051022, "prior": 3.1482687409659618, "rate": 7.872484136639694}, "datetime": {"datetime": "2024-06-14 06:59:14", "elapsed": 10.746543, "delta": 0.009973}}
{"target": -189.42423799018673, "params": {"gamma": 4.185224174850338, "prior": 5.017984006012016, "rate": 5.773647990711966}, "datetime": {"datetime": "2024-06-14 06:59:14", "elapsed": 10.756517, "delta": 0.009974}}
{"target": -373.29432241448495, "params": {"gamma": 8.196837713155396, "prior": 5.8550677488045215, "rate": 4.062022883905419}, "datetime": {"datetime": "2024-06-14 06:59:14", "elapsed": 10.765493, "delta": 0.008976}}
{"target": -130.43855661790332, "params": {"gamma": 1.6067076982639186, "prior": 7.050901918649678, "rate": 8.832444983696695}, "datetime": {"datetime": "2024-06-14 06:59:14", "elapsed": 10.774469, "delta": 0.008976}}
{"target": -121.74833595589494, "params": {"gamma": 1.0846805001536175, "prior": 4.715518360549507, "rate": 9.34542051628517}, "datetime": {"datetime": "2024-06-14 06:59:14", "elapsed": 10.784442, "delta": 0.009973}}
{"target": -403.53701201789863, "params": {"gamma": 5.635528165584233, "prior": 5.4980097896596, "rate": 0.6356920232315505}, "datetime": {"datetime": "2024-06-14 06:59:14", "elapsed": 10.793418, "delta": 0.008976}}
{"target": -349.01367313757197, "params": {"gamma": 5.353466496108746, "prior": 6.579958907817386, "rate": 1.466771864485812}, "datetime": {"datetime": "2024-06-14 06:59:14", "elapsed": 10.803392, "delta": 0.009974}}
{"target": -313.21370839147414, "params": {"gamma": 9.563690911740819, "prior": 2.0418928402390932, "rate": 6.739586009585863}, "datetime": {"datetime": "2024-06-14 06:59:14", "elapsed": 10.813364, "delta": 0.009972}}
{"target": -145.0480524482609, "params": {"gamma": 2.744137192928587, "prior": 1.1734652549355584, "rate": 2.6097471361451294}, "datetime": {"datetime": "2024-06-14 06:59:14", "elapsed": 10.82234, "delta": 0.008976}}
{"target": -202.4769797027621, "params": {"gamma": 3.3421841833472294, "prior": 4.700845584587125, "rate": 2.3443300775714717}, "datetime": {"datetime": "2024-06-14 06:59:14", "elapsed": 10.832314, "delta": 0.009974}}
{"target": -295.16074305652893, "params": {"gamma": 7.27531136269942, "prior": 8.09119191003769, "rate": 7.909964984873447}, "datetime": {"datetime": "2024-06-14 06:59:14", "elapsed": 10.842287, "delta": 0.009973}}
{"target": -319.4495299381981, "params": {"gamma": 7.157769735363946, "prior": 2.7694681369941243, "rate": 2.1053674526157167}, "datetime": {"datetime": "2024-06-14 06:59:14", "elapsed": 10.851263, "delta": 0.008976}}
{"target": -156.1522033647135, "params": {"gamma": 1.092174154085908, "prior": 4.027142903887254, "rate": 0.8735791351201521}, "datetime": {"datetime": "2024-06-14 06:59:14", "elapsed": 10.861237, "delta": 0.009974}}
{"target": -291.4067112888286, "params": {"gamma": 6.554241175168271, "prior": 9.503306252187942, "rate": 7.556577172510941}, "datetime": {"datetime": "2024-06-14 06:59:14", "elapsed": 10.870213, "delta": 0.008976}}
{"target": -121.97077361605109, "params": {"gamma": 1.1698003792568261, "prior": 0.3027643623121794, "rate": 3.349553409033682}, "datetime": {"datetime": "2024-06-14 06:59:14", "elapsed": 10.880186, "delta": 0.009973}}
{"target": -312.57765465820876, "params": {"gamma": 9.928768691433605, "prior": 3.197034304972313, "rate": 7.37534048014249}, "datetime": {"datetime": "2024-06-14 06:59:14", "elapsed": 10.889162, "delta": 0.008976}}
{"target": -341.1416338149163, "params": {"gamma": 7.165577236537339, "prior": 5.768320217183284, "rate": 3.6770929306387004}, "datetime": {"datetime": "2024-06-14 06:59:14", "elapsed": 10.899135, "delta": 0.009973}}
{"target": -215.70762051437706, "params": {"gamma": 2.083448674606851, "prior": 9.801992242791993, "rate": 0.6598718062812502}, "datetime": {"datetime": "2024-06-14 06:59:14", "elapsed": 10.908111, "delta": 0.008976}}
{"target": -137.9007752492592, "params": {"gamma": 2.363041291619063, "prior": 3.1581047580501553, "rate": 9.09512403146957}, "datetime": {"datetime": "2024-06-14 06:59:14", "elapsed": 10.918085, "delta": 0.009974}}
{"target": -346.43482060240683, "params": {"gamma": 7.133979260927965, "prior": 2.727181317356326, "rate": 1.6458485280836919}, "datetime": {"datetime": "2024-06-14 06:59:14", "elapsed": 10.928058, "delta": 0.009973}}
{"target": -649.21362675929, "params": {"gamma": 8.805093637851785, "prior": 7.958453011075212, "rate": 0.38483593233206737}, "datetime": {"datetime": "2024-06-14 06:59:14", "elapsed": 10.937034, "delta": 0.008976}}
{"target": -381.4590335814782, "params": {"gamma": 8.79312913512225, "prior": 5.9206034775835645, "rate": 4.575914432666735}, "datetime": {"datetime": "2024-06-14 06:59:14", "elapsed": 10.947007, "delta": 0.009973}}
{"target": -272.0889918193375, "params": {"gamma": 6.73884491695568, "prior": 0.49048370550033693, "rate": 3.303881713493146}, "datetime": {"datetime": "2024-06-14 06:59:14", "elapsed": 10.955983, "delta": 0.008976}}
{"target": -136.73115307904678, "params": {"gamma": 0.8813961296757109, "prior": 6.868010901332397, "rate": 3.9807191404477567}, "datetime": {"datetime": "2024-06-14 06:59:14", "elapsed": 10.965957, "delta": 0.009974}}
{"target": -190.19499093218957, "params": {"gamma": 4.790061963647635, "prior": 2.969053058004484, "rate": 7.883156906603142}, "datetime": {"datetime": "2024-06-14 06:59:14", "elapsed": 10.97593, "delta": 0.009973}}
{"target": -127.44541155767844, "params": {"gamma": 0.4660803099952485, "prior": 2.883143899002197, "rate": 5.906368021727022}, "datetime": {"datetime": "2024-06-14 06:59:14", "elapsed": 10.984907, "delta": 0.008977}}
{"target": -293.8731649581122, "params": {"gamma": 7.901544890842957, "prior": 6.055833425528347, "rate": 7.305156197867701}, "datetime": {"datetime": "2024-06-14 06:59:14", "elapsed": 10.994879, "delta": 0.009972}}
{"target": -147.59448721820488, "params": {"gamma": 0.23625562086340346, "prior": 2.623743534154576, "rate": 0.42187550666388557}, "datetime": {"datetime": "2024-06-14 06:59:14", "elapsed": 11.004853, "delta": 0.009974}}
{"target": -425.6177495425624, "params": {"gamma": 5.000623972289424, "prior": 9.892488931793658, "rate": 0.1362915505440842}, "datetime": {"datetime": "2024-06-14 06:59:14", "elapsed": 11.013829, "delta": 0.008976}}
{"target": -239.9216408814561, "params": {"gamma": 4.409349504334219, "prior": 0.14738553924825692, "rate": 6.1292733046741406}, "datetime": {"datetime": "2024-06-14 06:59:14", "elapsed": 11.023802, "delta": 0.009973}}
{"target": -176.54695781588728, "params": {"gamma": 1.8344039025545689, "prior": 7.156143659526229, "rate": 1.5973254712175065}, "datetime": {"datetime": "2024-06-14 06:59:14", "elapsed": 11.033776, "delta": 0.009974}}
{"target": -280.9604318585482, "params": {"gamma": 8.28592797664837, "prior": 2.141163820968893, "rate": 3.522810522045676}, "datetime": {"datetime": "2024-06-14 06:59:14", "elapsed": 11.042751, "delta": 0.008975}}
{"target": -160.52506846718688, "params": {"gamma": 2.3065541407607677, "prior": 8.0960764752713, "rate": 4.903209285941475}, "datetime": {"datetime": "2024-06-14 06:59:14", "elapsed": 11.052725, "delta": 0.009974}}
{"target": -296.07785737377566, "params": {"gamma": 8.738461225360355, "prior": 1.3878511297112337, "rate": 4.990082145540017}, "datetime": {"datetime": "2024-06-14 06:59:14", "elapsed": 11.061701, "delta": 0.008976}}
{"target": -356.9429281075117, "params": {"gamma": 7.766359726186858, "prior": 9.813980671032251, "rate": 6.734103924215217}, "datetime": {"datetime": "2024-06-14 06:59:14", "elapsed": 11.071674, "delta": 0.009973}}
{"target": -196.35714882411168, "params": {"gamma": 1.8308287966897505, "prior": 7.621752259925226, "rate": 0.747277516013488}, "datetime": {"datetime": "2024-06-14 06:59:14", "elapsed": 11.081411, "delta": 0.009737}}
{"target": -353.5260692380093, "params": {"gamma": 7.62796186474408, "prior": 8.295370786127524, "rate": 5.592537951402159}, "datetime": {"datetime": "2024-06-14 06:59:14", "elapsed": 11.091385, "delta": 0.009974}}
{"target": -438.312383520013, "params": {"gamma": 4.927715577252471, "prior": 9.371621484501743, "rate": 0.0019694099260602308}, "datetime": {"datetime": "2024-06-14 06:59:15", "elapsed": 11.100391, "delta": 0.009006}}
{"target": -141.64179134794833, "params": {"gamma": 0.0966593768907281, "prior": 2.5943190891398578, "rate": 5.057258956122923}, "datetime": {"datetime": "2024-06-14 06:59:15", "elapsed": 11.110333, "delta": 0.009942}}
{"target": -251.51331416017715, "params": {"gamma": 5.404626088310402, "prior": 3.775794997844595, "rate": 2.9278210405766725}, "datetime": {"datetime": "2024-06-14 06:59:15", "elapsed": 11.120307, "delta": 0.009974}}
{"target": -165.95493200834008, "params": {"gamma": 2.0244710973929743, "prior": 8.02279075452163, "rate": 3.159913122914842}, "datetime": {"datetime": "2024-06-14 06:59:15", "elapsed": 11.129282, "delta": 0.008975}}
{"target": -236.5260607179249, "params": {"gamma": 4.925187387485644, "prior": 8.131779827869634, "rate": 6.123977065658692}, "datetime": {"datetime": "2024-06-14 06:59:15", "elapsed": 11.139256, "delta": 0.009974}}
{"target": -173.6812403174372, "params": {"gamma": 4.086676353275073, "prior": 1.851351801368232, "rate": 3.977123246381154}, "datetime": {"datetime": "2024-06-14 06:59:15", "elapsed": 11.149229, "delta": 0.009973}}
{"target": -304.8053464018067, "params": {"gamma": 4.852641324647453, "prior": 9.906787466384639, "rate": 2.842666564129935}, "datetime": {"datetime": "2024-06-14 06:59:15", "elapsed": 11.159202, "delta": 0.009973}}
{"target": -136.00473628453636, "params": {"gamma": 1.6572311251158391, "prior": 2.2836975838028972, "rate": 2.115461976224172}, "datetime": {"datetime": "2024-06-14 06:59:15", "elapsed": 11.168179, "delta": 0.008977}}
{"target": -132.7371928934645, "params": {"gamma": 0.761400858057041, "prior": 3.712586214392191, "rate": 2.848055513881634}, "datetime": {"datetime": "2024-06-14 06:59:15", "elapsed": 11.178152, "delta": 0.009973}}
{"target": -595.8686457336995, "params": {"gamma": 8.876000332641663, "prior": 7.824570138568547, "rate": 1.09154050351661}, "datetime": {"datetime": "2024-06-14 06:59:15", "elapsed": 11.187129, "delta": 0.008977}}
{"target": -321.20671183188995, "params": {"gamma": 8.505184450178726, "prior": 1.1850262084006502, "rate": 7.2023572600056704}, "datetime": {"datetime": "2024-06-14 06:59:15", "elapsed": 11.197101, "delta": 0.009972}}
{"target": -253.6602264332813, "params": {"gamma": 5.728670154913063, "prior": 0.9594030042480481, "rate": 9.053375032737591}, "datetime": {"datetime": "2024-06-14 06:59:15", "elapsed": 11.207074, "delta": 0.009973}}
{"target": -464.9621935212772, "params": {"gamma": 8.745790582338879, "prior": 8.454132140483077, "rate": 3.6963039838180336}, "datetime": {"datetime": "2024-06-14 06:59:15", "elapsed": 11.216051, "delta": 0.008977}}
