{"target": -1989.9264436152503, "params": {"gamma": 9.307416596768327, "lr": 0.26904238725191854}, "datetime": {"datetime": "2024-06-14 01:34:35", "elapsed": 4.763532, "delta": 0.004987}}
{"target": -2013.5813078652832, "params": {"gamma": 9.236233847661266, "lr": 0.6780829341239825}, "datetime": {"datetime": "2024-06-14 01:34:35", "elapsed": 4.767521, "delta": 0.003989}}
{"target": -1564.1643565220277, "params": {"gamma": 7.713853709507418, "lr": 0.5716353364349513}, "datetime": {"datetime": "2024-06-14 01:34:35", "elapsed": 4.772509, "delta": 0.004988}}
{"target": -1819.4221202289043, "params": {"gamma": 8.339212870314833, "lr": 0.6982817992918626}, "datetime": {"datetime": "2024-06-14 01:34:35", "elapsed": 4.776498, "delta": 0.003989}}
{"target": -324.7999405175293, "params": {"gamma": 1.466940409067313, "lr": 0.6124611286280749}, "datetime": {"datetime": "2024-06-14 01:34:35", "elapsed": 4.781484, "delta": 0.004986}}
{"target": -725.7309812719777, "params": {"gamma": 2.793924035827702, "lr": 0.9158787230673001}, "datetime": {"datetime": "2024-06-14 01:34:35", "elapsed": 4.785473, "delta": 0.003989}}
{"target": -390.68046411694297, "params": {"gamma": 1.9831246698113274, "lr": 0.28571649537130284}, "datetime": {"datetime": "2024-06-14 01:34:35", "elapsed": 4.790461, "delta": 0.004988}}
{"target": -166.14475776021027, "params": {"gamma": 0.47749939499181976, "lr": 0.44757914405063814}, "datetime": {"datetime": "2024-06-14 01:34:35", "elapsed": 4.794449, "delta": 0.003988}}
{"target": -1136.0886850875297, "params": {"gamma": 5.576320563895948, "lr": 0.5735610825770953}, "datetime": {"datetime": "2024-06-14 01:34:35", "elapsed": 4.798439, "delta": 0.00399}}
{"target": -1774.2499260586221, "params": {"gamma": 9.053868422216771, "lr": 0.34741393280060506}, "datetime": {"datetime": "2024-06-14 01:34:35", "elapsed": 4.803426, "delta": 0.004987}}
{"target": -1067.2459671284585, "params": {"gamma": 4.475836267532962, "lr": 0.8512376625014975}, "datetime": {"datetime": "2024-06-14 01:34:35", "elapsed": 4.808413, "delta": 0.004987}}
{"target": -1164.6555192868518, "params": {"gamma": 5.768716203017017, "lr": 0.6539929348777337}, "datetime": {"datetime": "2024-06-14 01:34:35", "elapsed": 4.8134, "delta": 0.004987}}
{"target": -533.2777554968425, "params": {"gamma": 2.784314944612766, "lr": 0.48747130162584906}, "datetime": {"datetime": "2024-06-14 01:34:35", "elapsed": 4.818386, "delta": 0.004986}}
{"target": -2223.3389857503958, "params": {"gamma": 6.209902923417142, "lr": 0.13339403014523998}, "datetime": {"datetime": "2024-06-14 01:34:35", "elapsed": 4.823373, "delta": 0.004987}}
{"target": -207.87186024855512, "params": {"gamma": 0.3300542572087522, "lr": 0.11341100113082614}, "datetime": {"datetime": "2024-06-14 01:34:35", "elapsed": 4.827362, "delta": 0.003989}}
{"target": -2298.281357442668, "params": {"gamma": 4.775133302320191, "lr": 0.02402673463080851}, "datetime": {"datetime": "2024-06-14 01:34:35", "elapsed": 4.83235, "delta": 0.004988}}
{"target": -2882.8531802479533, "params": {"gamma": 6.26246308244308, "lr": 0.09758261797608447}, "datetime": {"datetime": "2024-06-14 01:34:35", "elapsed": 4.837337, "delta": 0.004987}}
{"target": -476.22017350325837, "params": {"gamma": 2.5103644156247413, "lr": 0.42649294585621844}, "datetime": {"datetime": "2024-06-14 01:34:35", "elapsed": 4.845315, "delta": 0.007978}}
{"target": -289.3420525017539, "params": {"gamma": 1.159151640315784, "lr": 0.2705519937974664}, "datetime": {"datetime": "2024-06-14 01:34:35", "elapsed": 4.851299, "delta": 0.005984}}
{"target": -148.76242728628293, "params": {"gamma": 0.21177564868227716, "lr": 0.9850455536104694}, "datetime": {"datetime": "2024-06-14 01:34:35", "elapsed": 4.856285, "delta": 0.004986}}
{"target": -1171.3487923096689, "params": {"gamma": 6.116124507605985, "lr": 0.3783538388352491}, "datetime": {"datetime": "2024-06-14 01:34:35", "elapsed": 4.861271, "delta": 0.004986}}
{"target": -152.9724278641573, "params": {"gamma": 0.2662569827533811, "lr": 0.3898387483749842}, "datetime": {"datetime": "2024-06-14 01:34:35", "elapsed": 4.86595, "delta": 0.004679}}
{"target": -1160.3807276167277, "params": {"gamma": 4.526133705237957, "lr": 0.9310031937645028}, "datetime": {"datetime": "2024-06-14 01:34:35", "elapsed": 4.870446, "delta": 0.004496}}
{"target": -574.4452009465833, "params": {"gamma": 2.7857632142087283, "lr": 0.6147818910832991}, "datetime": {"datetime": "2024-06-14 01:34:35", "elapsed": 4.874436, "delta": 0.00399}}
{"target": -2319.38982427088, "params": {"gamma": 6.6520183774673525, "lr": 0.18596096979633892}, "datetime": {"datetime": "2024-06-14 01:34:35", "elapsed": 4.879422, "delta": 0.004986}}
{"target": -1149.4791220470836, "params": {"gamma": 5.058127726515332, "lr": 0.7865007628599349}, "datetime": {"datetime": "2024-06-14 01:34:35", "elapsed": 4.88381, "delta": 0.004388}}
{"target": -238.10494685873257, "params": {"gamma": 0.966693765249707, "lr": 0.6060352981689622}, "datetime": {"datetime": "2024-06-14 01:34:35", "elapsed": 4.888306, "delta": 0.004496}}
{"target": -203.78705354256283, "params": {"gamma": 0.261573266951244, "lr": 0.00704672381007565}, "datetime": {"datetime": "2024-06-14 01:34:35", "elapsed": 4.893292, "delta": 0.004986}}
{"target": -178.6978675854565, "params": {"gamma": 0.5962265427935735, "lr": 0.4814004591490364}, "datetime": {"datetime": "2024-06-14 01:34:35", "elapsed": 4.897281, "delta": 0.003989}}
{"target": -1657.7816243695784, "params": {"gamma": 9.257115382793618, "lr": 0.4055573841390242}, "datetime": {"datetime": "2024-06-14 01:34:35", "elapsed": 4.902268, "delta": 0.004987}}
{"target": -228.99177787593214, "params": {"gamma": 0.7512513607260716, "lr": 0.8613524744830288}, "datetime": {"datetime": "2024-06-14 01:34:35", "elapsed": 4.907255, "delta": 0.004987}}
{"target": -938.3812702933379, "params": {"gamma": 5.193456557118933, "lr": 0.3189358689174241}, "datetime": {"datetime": "2024-06-14 01:34:35", "elapsed": 4.911245, "delta": 0.00399}}
{"target": -2453.147003059683, "params": {"gamma": 9.630360355507971, "lr": 0.9382617685023783}, "datetime": {"datetime": "2024-06-14 01:34:35", "elapsed": 4.916231, "delta": 0.004986}}
{"target": -791.5155234776547, "params": {"gamma": 2.6009297005949668, "lr": 0.20139185371372026}, "datetime": {"datetime": "2024-06-14 01:34:36", "elapsed": 4.921217, "delta": 0.004986}}
{"target": -1398.1047118738788, "params": {"gamma": 5.889498124357467, "lr": 0.8425182098415589}, "datetime": {"datetime": "2024-06-14 01:34:36", "elapsed": 4.925207, "delta": 0.00399}}
{"target": -695.7505781009105, "params": {"gamma": 3.3678741763608038, "lr": 0.5864294214642616}, "datetime": {"datetime": "2024-06-14 01:34:36", "elapsed": 4.930194, "delta": 0.004987}}
{"target": -582.8593682308125, "params": {"gamma": 1.623287749788599, "lr": 0.19459373523814183}, "datetime": {"datetime": "2024-06-14 01:34:36", "elapsed": 4.934183, "delta": 0.003989}}
{"target": -2815.68855859299, "params": {"gamma": 7.613590824704965, "lr": 0.15009846135204996}, "datetime": {"datetime": "2024-06-14 01:34:36", "elapsed": 4.93917, "delta": 0.004987}}
{"target": -595.0980211038124, "params": {"gamma": 2.659804503437227, "lr": 0.6894948631776694}, "datetime": {"datetime": "2024-06-14 01:34:36", "elapsed": 4.94316, "delta": 0.00399}}
{"target": -174.6475345001766, "params": {"gamma": 0.15187798702215813, "lr": 0.03219440386857053}, "datetime": {"datetime": "2024-06-14 01:34:36", "elapsed": 4.948145, "delta": 0.004985}}
{"target": -584.3762518352329, "params": {"gamma": 2.8759718743002627, "lr": 0.3366231805122991}, "datetime": {"datetime": "2024-06-14 01:34:36", "elapsed": 4.952135, "delta": 0.00399}}
{"target": -843.988530032386, "params": {"gamma": 3.622798839194582, "lr": 0.8071905755135196}, "datetime": {"datetime": "2024-06-14 01:34:36", "elapsed": 4.957122, "delta": 0.004987}}
{"target": -160.5263356273204, "params": {"gamma": 0.3607736956187603, "lr": 0.3583952446253251}, "datetime": {"datetime": "2024-06-14 01:34:36", "elapsed": 4.962108, "delta": 0.004986}}
{"target": -2362.942392970906, "params": {"gamma": 6.383143054534976, "lr": 0.14300410951832265}, "datetime": {"datetime": "2024-06-14 01:34:36", "elapsed": 4.966098, "delta": 0.00399}}
{"target": -1723.0287790123675, "params": {"gamma": 8.577528406499894, "lr": 0.6455644082734328}, "datetime": {"datetime": "2024-06-14 01:34:36", "elapsed": 4.971084, "delta": 0.004986}}
{"target": -373.0767717118465, "params": {"gamma": 1.1538189613747907, "lr": 0.2080974099989472}, "datetime": {"datetime": "2024-06-14 01:34:36", "elapsed": 4.975074, "delta": 0.00399}}
{"target": -1340.8226591421299, "params": {"gamma": 7.455237809150899, "lr": 0.40340662833417285}, "datetime": {"datetime": "2024-06-14 01:34:36", "elapsed": 4.98006, "delta": 0.004986}}
{"target": -1198.3881444165418, "params": {"gamma": 4.84521613942412, "lr": 0.8874550780727275}, "datetime": {"datetime": "2024-06-14 01:34:36", "elapsed": 4.98405, "delta": 0.00399}}
{"target": -375.5921625727788, "params": {"gamma": 1.3752980526926846, "lr": 0.9643727973861176}, "datetime": {"datetime": "2024-06-14 01:34:36", "elapsed": 4.989037, "delta": 0.004987}}
{"target": -253.1388029091544, "params": {"gamma": 0.4272541882840023, "lr": 0.09944025725488481}, "datetime": {"datetime": "2024-06-14 01:34:36", "elapsed": 4.994023, "delta": 0.004986}}
{"target": -531.183057569823, "params": {"gamma": 2.2331610709734946, "lr": 0.8065850822605141}, "datetime": {"datetime": "2024-06-14 01:34:36", "elapsed": 4.998012, "delta": 0.003989}}
{"target": -924.7885740611158, "params": {"gamma": 4.559272200887655, "lr": 0.6532511422613194}, "datetime": {"datetime": "2024-06-14 01:34:36", "elapsed": 5.003072, "delta": 0.00506}}
{"target": -678.3152036803972, "params": {"gamma": 1.7440370540608525, "lr": 0.16672193292652826}, "datetime": {"datetime": "2024-06-14 01:34:36", "elapsed": 5.007709, "delta": 0.004637}}
{"target": -1158.7041117897152, "params": {"gamma": 5.208962557197339, "lr": 0.7402936352802216}, "datetime": {"datetime": "2024-06-14 01:34:36", "elapsed": 5.011799, "delta": 0.00409}}
{"target": -1140.2423707977393, "params": {"gamma": 4.62528217768507, "lr": 0.8696140851211128}, "datetime": {"datetime": "2024-06-14 01:34:36", "elapsed": 5.016786, "delta": 0.004987}}
{"target": -1759.2595327261104, "params": {"gamma": 6.604458934771733, "lr": 0.2490900884519328}, "datetime": {"datetime": "2024-06-14 01:34:36", "elapsed": 5.020775, "delta": 0.003989}}
{"target": -475.0082443780028, "params": {"gamma": 2.3497873058002465, "lr": 0.3740467168670696}, "datetime": {"datetime": "2024-06-14 01:34:36", "elapsed": 5.025761, "delta": 0.004986}}
{"target": -1930.0671292400739, "params": {"gamma": 7.566403946905877, "lr": 0.9379376643097822}, "datetime": {"datetime": "2024-06-14 01:34:36", "elapsed": 5.029751, "delta": 0.00399}}
{"target": -1844.075319253128, "params": {"gamma": 8.61919808718901, "lr": 0.26161079268292176}, "datetime": {"datetime": "2024-06-14 01:34:36", "elapsed": 5.034738, "delta": 0.004987}}
{"target": -836.5168374246455, "params": {"gamma": 4.12337700085772, "lr": 0.6115440994503215}, "datetime": {"datetime": "2024-06-14 01:34:36", "elapsed": 5.039725, "delta": 0.004987}}
{"target": -1049.9875758073879, "params": {"gamma": 5.468797723702268, "lr": 0.3892749454089657}, "datetime": {"datetime": "2024-06-14 01:34:36", "elapsed": 5.044711, "delta": 0.004986}}
{"target": -262.82924561248075, "params": {"gamma": 1.0151063480358857, "lr": 0.7122448043972556}, "datetime": {"datetime": "2024-06-14 01:34:36", "elapsed": 5.0487, "delta": 0.003989}}
{"target": -255.7225743534187, "params": {"gamma": 0.8822635040904132, "lr": 0.8660774293737196}, "datetime": {"datetime": "2024-06-14 01:34:36", "elapsed": 5.053687, "delta": 0.004987}}
{"target": -1908.5710911309259, "params": {"gamma": 8.634620954886014, "lr": 0.7084507915153727}, "datetime": {"datetime": "2024-06-14 01:34:36", "elapsed": 5.057676, "delta": 0.003989}}
{"target": -1068.0706457576534, "params": {"gamma": 4.864759313503054, "lr": 0.6991465654129165}, "datetime": {"datetime": "2024-06-14 01:34:36", "elapsed": 5.062663, "delta": 0.004987}}
{"target": -902.1195374611668, "params": {"gamma": 3.950475613957549, "lr": 0.7974959842933487}, "datetime": {"datetime": "2024-06-14 01:34:36", "elapsed": 5.066652, "delta": 0.003989}}
{"target": -2907.9752302513075, "params": {"gamma": 7.864384405716199, "lr": 0.15552858387362167}, "datetime": {"datetime": "2024-06-14 01:34:36", "elapsed": 5.071639, "delta": 0.004987}}
{"target": -641.8473305976321, "params": {"gamma": 3.1788576859556272, "lr": 0.34398317678599033}, "datetime": {"datetime": "2024-06-14 01:34:36", "elapsed": 5.076625, "delta": 0.004986}}
{"target": -738.4571118657542, "params": {"gamma": 3.6423388162366046, "lr": 0.5666455566878987}, "datetime": {"datetime": "2024-06-14 01:34:36", "elapsed": 5.081612, "delta": 0.004987}}
{"target": -161.95938433635482, "params": {"gamma": 0.4178327377603575, "lr": 0.6599697189638991}, "datetime": {"datetime": "2024-06-14 01:34:36", "elapsed": 5.085601, "delta": 0.003989}}
{"target": -392.45594695176106, "params": {"gamma": 2.0171159588072864, "lr": 0.4164625561731081}, "datetime": {"datetime": "2024-06-14 01:34:36", "elapsed": 5.090589, "delta": 0.004988}}
{"target": -896.6176329338113, "params": {"gamma": 4.5094756723505, "lr": 0.3487267695476459}, "datetime": {"datetime": "2024-06-14 01:34:36", "elapsed": 5.094577, "delta": 0.003988}}
{"target": -1462.845899117122, "params": {"gamma": 3.8334198209699974, "lr": 0.18030606084775935}, "datetime": {"datetime": "2024-06-14 01:34:36", "elapsed": 5.100562, "delta": 0.005985}}
{"target": -194.8896551662729, "params": {"gamma": 0.68223244388335, "lr": 0.5512566489358516}, "datetime": {"datetime": "2024-06-14 01:34:36", "elapsed": 5.108541, "delta": 0.007979}}
{"target": -2206.928569261015, "params": {"gamma": 5.959073589220895, "lr": 0.1454997892217088}, "datetime": {"datetime": "2024-06-14 01:34:36", "elapsed": 5.113527, "delta": 0.004986}}
{"target": -445.6153522816264, "params": {"gamma": 2.310186141512919, "lr": 0.2863771315373824}, "datetime": {"datetime": "2024-06-14 01:34:36", "elapsed": 5.122504, "delta": 0.008977}}
{"target": -3071.102341537655, "params": {"gamma": 8.307682917677353, "lr": 0.15342094116241234}, "datetime": {"datetime": "2024-06-14 01:34:36", "elapsed": 5.130482, "delta": 0.007978}}
{"target": -1106.6791135130738, "params": {"gamma": 5.521835936727261, "lr": 0.5681397176921924}, "datetime": {"datetime": "2024-06-14 01:34:36", "elapsed": 5.134471, "delta": 0.003989}}
{"target": -690.6230367698256, "params": {"gamma": 3.434857510993614, "lr": 0.3506171893069536}, "datetime": {"datetime": "2024-06-14 01:34:36", "elapsed": 5.139458, "delta": 0.004987}}
{"target": -1907.5740601057164, "params": {"gamma": 9.591161063174503, "lr": 0.5533439494595207}, "datetime": {"datetime": "2024-06-14 01:34:36", "elapsed": 5.143447, "delta": 0.003989}}
{"target": -1206.2037906181736, "params": {"gamma": 6.527659277808647, "lr": 0.4907401164444133}, "datetime": {"datetime": "2024-06-14 01:34:36", "elapsed": 5.148434, "delta": 0.004987}}
{"target": -1300.109055830405, "params": {"gamma": 6.466853166736234, "lr": 0.605250785507062}, "datetime": {"datetime": "2024-06-14 01:34:36", "elapsed": 5.152424, "delta": 0.00399}}
{"target": -321.9454222647889, "params": {"gamma": 1.452587755908036, "lr": 0.3346805328845932}, "datetime": {"datetime": "2024-06-14 01:34:36", "elapsed": 5.157439, "delta": 0.005015}}
{"target": -1653.9865337486276, "params": {"gamma": 4.604879500595876, "lr": 0.12782166160638486}, "datetime": {"datetime": "2024-06-14 01:34:36", "elapsed": 5.162425, "delta": 0.004986}}
{"target": -972.691017350662, "params": {"gamma": 3.6313701627213772, "lr": 0.22814163429292222}, "datetime": {"datetime": "2024-06-14 01:34:36", "elapsed": 5.166386, "delta": 0.003961}}
{"target": -1662.3246030344346, "params": {"gamma": 8.47517852010175, "lr": 0.34147408002129864}, "datetime": {"datetime": "2024-06-14 01:34:36", "elapsed": 5.171372, "delta": 0.004986}}
{"target": -434.9805724807905, "params": {"gamma": 2.268666417341983, "lr": 0.4081814028522822}, "datetime": {"datetime": "2024-06-14 01:34:36", "elapsed": 5.175361, "delta": 0.003989}}
{"target": -3283.7985640424627, "params": {"gamma": 6.830957412174848, "lr": 0.06562199896142484}, "datetime": {"datetime": "2024-06-14 01:34:36", "elapsed": 5.180349, "delta": 0.004988}}
{"target": -416.9439108203615, "params": {"gamma": 1.8081114068162947, "lr": 0.6943069389237286}, "datetime": {"datetime": "2024-06-14 01:34:36", "elapsed": 5.184337, "delta": 0.003988}}
{"target": -1509.4982999794893, "params": {"gamma": 7.522813791436128, "lr": 0.6177542796100679}, "datetime": {"datetime": "2024-06-14 01:34:36", "elapsed": 5.188327, "delta": 0.00399}}
{"target": -3338.9082514299826, "params": {"gamma": 8.792106406805418, "lr": 0.16880019007759361}, "datetime": {"datetime": "2024-06-14 01:34:36", "elapsed": 5.193313, "delta": 0.004986}}
{"target": -1795.6204989058285, "params": {"gamma": 7.0357737742820845, "lr": 0.9172601590800086}, "datetime": {"datetime": "2024-06-14 01:34:36", "elapsed": 5.1983, "delta": 0.004987}}
{"target": -422.6013565893087, "params": {"gamma": 1.508245851371479, "lr": 0.24376397739618116}, "datetime": {"datetime": "2024-06-14 01:34:36", "elapsed": 5.202289, "delta": 0.003989}}
{"target": -1081.1339949655535, "params": {"gamma": 5.467299036335953, "lr": 0.3441193369759975}, "datetime": {"datetime": "2024-06-14 01:34:36", "elapsed": 5.206279, "delta": 0.00399}}
{"target": -3320.1145370320455, "params": {"gamma": 6.90670016874316, "lr": 0.05756761842510749}, "datetime": {"datetime": "2024-06-14 01:34:36", "elapsed": 5.211266, "delta": 0.004987}}
{"target": -382.40900297691655, "params": {"gamma": 1.6084806590922747, "lr": 0.7162383064796215}, "datetime": {"datetime": "2024-06-14 01:34:36", "elapsed": 5.215255, "delta": 0.003989}}
{"target": -2472.3739196599336, "params": {"gamma": 9.706216365641005, "lr": 0.9295503765123406}, "datetime": {"datetime": "2024-06-14 01:34:36", "elapsed": 5.220242, "delta": 0.004987}}
{"target": -3217.5445143593474, "params": {"gamma": 9.010768867234715, "lr": 0.12774331390359328}, "datetime": {"datetime": "2024-06-14 01:34:36", "elapsed": 5.224231, "delta": 0.003989}}
{"target": -717.3191119356127, "params": {"gamma": 1.4601432517979631, "lr": 0.07226475681487265}, "datetime": {"datetime": "2024-06-14 01:34:36", "elapsed": 5.229218, "delta": 0.004987}}
{"target": -1339.782184702257, "params": {"gamma": 5.425859791214765, "lr": 0.8824861729023715}, "datetime": {"datetime": "2024-06-14 01:34:36", "elapsed": 5.233207, "delta": 0.003989}}
{"target": -1207.6839524931515, "params": {"gamma": 5.318387208768819, "lr": 0.7817152853959399}, "datetime": {"datetime": "2024-06-14 01:34:36", "elapsed": 5.238193, "delta": 0.004986}}
{"target": -482.2951730820541, "params": {"gamma": 1.8853494153257044, "lr": 0.863111260166335}, "datetime": {"datetime": "2024-06-14 01:34:36", "elapsed": 5.242183, "delta": 0.00399}}
{"target": -912.9241457573871, "params": {"gamma": 1.8750602824827893, "lr": 0.054764126066523255}, "datetime": {"datetime": "2024-06-14 01:34:36", "elapsed": 5.24717, "delta": 0.004987}}
{"target": -850.4078619665078, "params": {"gamma": 4.215488613270554, "lr": 0.5551044300084385}, "datetime": {"datetime": "2024-06-14 01:34:36", "elapsed": 5.251159, "delta": 0.003989}}
{"target": -4464.0390874993, "params": {"gamma": 9.707449353204424, "lr": 0.09175383344119148}, "datetime": {"datetime": "2024-06-14 01:34:36", "elapsed": 5.256146, "delta": 0.004987}}
{"target": -1241.431987029012, "params": {"gamma": 2.7399070142023203, "lr": 0.10510706908204948}, "datetime": {"datetime": "2024-06-14 01:34:36", "elapsed": 5.260135, "delta": 0.003989}}
{"target": -720.7084182766215, "params": {"gamma": 3.9050059277394262, "lr": 0.2890110831877697}, "datetime": {"datetime": "2024-06-14 01:34:36", "elapsed": 5.265121, "delta": 0.004986}}
{"target": -1016.7698892013829, "params": {"gamma": 5.133490194329599, "lr": 0.348256681750747}, "datetime": {"datetime": "2024-06-14 01:34:36", "elapsed": 5.269111, "delta": 0.00399}}
{"target": -2095.22212839833, "params": {"gamma": 9.28235195448276, "lr": 0.7899477963830404}, "datetime": {"datetime": "2024-06-14 01:34:36", "elapsed": 5.2731, "delta": 0.003989}}
{"target": -3075.364513426491, "params": {"gamma": 8.610252674771141, "lr": 0.12950094594289585}, "datetime": {"datetime": "2024-06-14 01:34:36", "elapsed": 5.278087, "delta": 0.004987}}
{"target": -1733.1094380972045, "params": {"gamma": 5.751126599720151, "lr": 0.21478253588485874}, "datetime": {"datetime": "2024-06-14 01:34:36", "elapsed": 5.282076, "delta": 0.003989}}
{"target": -4171.5906597537505, "params": {"gamma": 8.682517475837448, "lr": 0.015019421753424078}, "datetime": {"datetime": "2024-06-14 01:34:36", "elapsed": 5.286065, "delta": 0.003989}}
{"target": -249.53332452442157, "params": {"gamma": 1.0583364070853916, "lr": 0.3760570755473156}, "datetime": {"datetime": "2024-06-14 01:34:36", "elapsed": 5.291052, "delta": 0.004987}}
{"target": -867.6865824358078, "params": {"gamma": 4.021536967025843, "lr": 0.2772200829786826}, "datetime": {"datetime": "2024-06-14 01:34:36", "elapsed": 5.296039, "delta": 0.004987}}
{"target": -416.3266556019292, "params": {"gamma": 0.9615339246006319, "lr": 0.11873040511259358}, "datetime": {"datetime": "2024-06-14 01:34:36", "elapsed": 5.300028, "delta": 0.003989}}
{"target": -821.1242997930811, "params": {"gamma": 3.1801295937194918, "lr": 0.9507928340777205}, "datetime": {"datetime": "2024-06-14 01:34:36", "elapsed": 5.305015, "delta": 0.004987}}
{"target": -478.9670374859859, "params": {"gamma": 2.0748582416284203, "lr": 0.7472803210592225}, "datetime": {"datetime": "2024-06-14 01:34:36", "elapsed": 5.309004, "delta": 0.003989}}
