{"target": -129.6615696138141, "params": {"p_ai": 3.26041099352799, "p_al": 4.8283595940468755, "p_ex": 3.8237242223799583, "prior": 3.2704496320762626, "rate": 9.876809150457492}, "datetime": {"datetime": "2024-06-12 22:27:11", "elapsed": 146.485332, "delta": 0.122863}}
{"target": -260.09285289450725, "params": {"p_ai": 8.790099776507047, "p_al": 3.0236342900834936, "p_ex": 1.6073098980554605, "prior": 5.293610676011789, "rate": 1.3814569869325048}, "datetime": {"datetime": "2024-06-12 22:27:12", "elapsed": 146.608004, "delta": 0.122672}}
{"target": -209.75145165467697, "params": {"p_ai": 6.498254970280009, "p_al": 2.330305548399601, "p_ex": 0.9664694644135687, "prior": 0.22090350813201842, "rate": 8.59077256052087}, "datetime": {"datetime": "2024-06-12 22:27:12", "elapsed": 146.723695, "delta": 0.115691}}
{"target": -148.8197516423655, "params": {"p_ai": 1.4279566540748827, "p_al": 4.029886990464706, "p_ex": 0.9365508000919157, "prior": 1.1798186144028775, "rate": 3.7487938794307722}, "datetime": {"datetime": "2024-06-12 22:27:12", "elapsed": 146.839385, "delta": 0.11569}}
{"target": -140.13691037630616, "params": {"p_ai": 1.6546967791248957, "p_al": 7.189803640791438, "p_ex": 1.2593877715931971, "prior": 7.3885980982763915, "rate": 8.414001455172476}, "datetime": {"datetime": "2024-06-12 22:27:12", "elapsed": 146.955637, "delta": 0.116252}}
{"target": -125.13228454998924, "params": {"p_ai": 0.8277240020145509, "p_al": 0.40174085176928154, "p_ex": 4.935835222553207, "prior": 6.007983741691986, "rate": 6.840309611765913}, "datetime": {"datetime": "2024-06-12 22:27:12", "elapsed": 147.075869, "delta": 0.120232}}
{"target": -162.26381062181375, "params": {"p_ai": 4.783269121725012, "p_al": 5.43204650511011, "p_ex": 5.496552402245287, "prior": 7.138106637477267, "rate": 1.5624524636119834}, "datetime": {"datetime": "2024-06-12 22:27:12", "elapsed": 147.188215, "delta": 0.112346}}
{"target": -135.66634188000933, "params": {"p_ai": 0.21840247284079448, "p_al": 5.0810198285396355, "p_ex": 9.536924746726761, "prior": 0.2525090092699558, "rate": 6.128403575008314}, "datetime": {"datetime": "2024-06-12 22:27:12", "elapsed": 147.300913, "delta": 0.112698}}
{"target": -202.6638068225696, "params": {"p_ai": 4.939320683010433, "p_al": 9.002060207394416, "p_ex": 0.23704776287753082, "prior": 6.595399054482834, "rate": 6.562552010470135}, "datetime": {"datetime": "2024-06-12 22:27:12", "elapsed": 147.41312, "delta": 0.112207}}
{"target": -213.3373841057895, "params": {"p_ai": 8.837644098733263, "p_al": 5.364682726700318, "p_ex": 6.906781308399074, "prior": 4.127253846938141, "rate": 8.266081764202346}, "datetime": {"datetime": "2024-06-12 22:27:12", "elapsed": 147.524821, "delta": 0.111701}}
{"target": -217.24763764496157, "params": {"p_ai": 6.8504352216905025, "p_al": 1.0810222412253256, "p_ex": 1.3998087495288447, "prior": 1.5815613030149898, "rate": 1.2062726776522048}, "datetime": {"datetime": "2024-06-12 22:27:13", "elapsed": 147.637258, "delta": 0.112437}}
{"target": -114.17094420629373, "params": {"p_ai": 2.3035455339210555, "p_al": 4.234200487143697, "p_ex": 6.707944311433513, "prior": 3.3668765115423156, "rate": 5.198024236880238}, "datetime": {"datetime": "2024-06-12 22:27:13", "elapsed": 147.749957, "delta": 0.112699}}
{"target": -214.49990482775, "params": {"p_ai": 8.211382294641277, "p_al": 8.846034811358733, "p_ex": 7.045232769327324, "prior": 8.345070705454033, "rate": 3.0914422049730192}, "datetime": {"datetime": "2024-06-12 22:27:13", "elapsed": 147.862655, "delta": 0.112698}}
{"target": -283.10171772153217, "params": {"p_ai": 7.906380261917968, "p_al": 9.166710416312725, "p_ex": 0.38501668004467343, "prior": 4.456841648918111, "rate": 2.400051758658205}, "datetime": {"datetime": "2024-06-12 22:27:13", "elapsed": 147.974591, "delta": 0.111936}}
{"target": -184.12149817150348, "params": {"p_ai": 4.940660386293297, "p_al": 6.175140602793566, "p_ex": 2.091272826194304, "prior": 8.744398930353034, "rate": 2.5596605190716057}, "datetime": {"datetime": "2024-06-12 22:27:13", "elapsed": 148.088441, "delta": 0.11385}}
{"target": -171.2524624088222, "params": {"p_ai": 7.136377798802829, "p_al": 8.522447753288162, "p_ex": 9.324182212105026, "prior": 9.557336945828917, "rate": 6.802327869110957}, "datetime": {"datetime": "2024-06-12 22:27:13", "elapsed": 148.205216, "delta": 0.116775}}
{"target": -237.0525599886943, "params": {"p_ai": 6.285568395410022, "p_al": 5.960060465580838, "p_ex": 4.851726446735362, "prior": 3.6049594608485735, "rate": 0.20863241585354705}, "datetime": {"datetime": "2024-06-12 22:27:13", "elapsed": 148.32144, "delta": 0.116224}}
{"target": -213.51660576584823, "params": {"p_ai": 7.486975885448935, "p_al": 3.937358788422066, "p_ex": 2.79410515735981, "prior": 7.775533086066571, "rate": 6.602998827874746}, "datetime": {"datetime": "2024-06-12 22:27:13", "elapsed": 148.438605, "delta": 0.117165}}
{"target": -236.78036998282576, "params": {"p_ai": 9.098056643649587, "p_al": 1.2770187303406033, "p_ex": 3.824203127550404, "prior": 5.774271922004235, "rate": 3.5456217583267438}, "datetime": {"datetime": "2024-06-12 22:27:14", "elapsed": 148.555798, "delta": 0.117193}}
{"target": -170.80703045967473, "params": {"p_ai": 3.4811350231133904, "p_al": 4.8414028576161146, "p_ex": 0.7153129490863941, "prior": 0.387818224896804, "rate": 8.406255835018216}, "datetime": {"datetime": "2024-06-12 22:27:14", "elapsed": 148.671, "delta": 0.115202}}
{"target": -139.42962701099972, "params": {"p_ai": 0.07468152752854851, "p_al": 7.037874280718394, "p_ex": 4.456185466685769, "prior": 9.695126199772558, "rate": 8.099409010025607}, "datetime": {"datetime": "2024-06-12 22:27:14", "elapsed": 148.788686, "delta": 0.117686}}
{"target": -176.28923387863296, "params": {"p_ai": 3.996718434730743, "p_al": 3.938902959796732, "p_ex": 1.286813012611449, "prior": 3.6465500824313426, "rate": 2.0426073909631612}, "datetime": {"datetime": "2024-06-12 22:27:14", "elapsed": 148.905374, "delta": 0.116688}}
{"target": -118.38219699760073, "params": {"p_ai": 3.1614000068530106, "p_al": 5.623594945544146, "p_ex": 8.619255993738198, "prior": 0.9829189309028393, "rate": 8.300738150352977}, "datetime": {"datetime": "2024-06-12 22:27:14", "elapsed": 149.020401, "delta": 0.115027}}
{"target": -265.8862630263194, "params": {"p_ai": 9.206746670882922, "p_al": 2.2370564954994667, "p_ex": 2.0092749988734764, "prior": 7.68458337573151, "rate": 0.2062614705948202}, "datetime": {"datetime": "2024-06-12 22:27:14", "elapsed": 149.136935, "delta": 0.116534}}
{"target": -135.04050512188465, "params": {"p_ai": 4.899945500231934, "p_al": 0.22473218478826035, "p_ex": 8.073172073706955, "prior": 0.2445885062795086, "rate": 1.606378549398885}, "datetime": {"datetime": "2024-06-12 22:27:14", "elapsed": 149.25452, "delta": 0.117585}}
{"target": -207.23023954574137, "params": {"p_ai": 2.4620681009293874, "p_al": 9.97118086318404, "p_ex": 4.2080717220070545, "prior": 0.723555571610517, "rate": 2.5034633033992453}, "datetime": {"datetime": "2024-06-12 22:27:14", "elapsed": 149.370211, "delta": 0.115691}}
{"target": -170.6612584369031, "params": {"p_ai": 4.116278798256325, "p_al": 4.203178877087594, "p_ex": 1.2225962712638043, "prior": 0.09602835634617231, "rate": 8.154738679164394}, "datetime": {"datetime": "2024-06-12 22:27:14", "elapsed": 149.486899, "delta": 0.116688}}
{"target": -122.62471979123423, "params": {"p_ai": 2.420309422756816, "p_al": 0.8351610320295642, "p_ex": 3.902842935821451, "prior": 4.325960177896798, "rate": 5.241434014055874}, "datetime": {"datetime": "2024-06-12 22:27:15", "elapsed": 149.603096, "delta": 0.116197}}
{"target": -233.013881366503, "params": {"p_ai": 7.603376815898056, "p_al": 7.881595226853473, "p_ex": 4.69433737684428, "prior": 8.84778674480025, "rate": 0.7923520325099378}, "datetime": {"datetime": "2024-06-12 22:27:15", "elapsed": 149.716299, "delta": 0.113203}}
{"target": -121.67315429199677, "params": {"p_ai": 3.5574531720980214, "p_al": 3.5994139100209117, "p_ex": 7.109371396496036, "prior": 8.454594325305903, "rate": 7.232506818121953}, "datetime": {"datetime": "2024-06-12 22:27:15", "elapsed": 149.828003, "delta": 0.111704}}
{"target": -153.2276214651902, "params": {"p_ai": 1.1093004471254597, "p_al": 5.993923463011581, "p_ex": 5.096712967465722, "prior": 6.054228201320038, "rate": 0.1226722842462226}, "datetime": {"datetime": "2024-06-12 22:27:15", "elapsed": 149.940382, "delta": 0.112379}}
{"target": -132.84322099531903, "params": {"p_ai": 2.8847318994074884, "p_al": 0.5195115021213401, "p_ex": 3.8593275631561745, "prior": 7.591105253188898, "rate": 2.760741862083189}, "datetime": {"datetime": "2024-06-12 22:27:15", "elapsed": 150.05372, "delta": 0.113338}}
{"target": -218.68775425192325, "params": {"p_ai": 6.141529398043521, "p_al": 6.274707164228254, "p_ex": 2.5170584045891635, "prior": 4.750942300769668, "rate": 1.4358112359468298}, "datetime": {"datetime": "2024-06-12 22:27:15", "elapsed": 150.168046, "delta": 0.114326}}
{"target": -137.5662257237296, "params": {"p_ai": 0.7011116324724777, "p_al": 7.929860841730195, "p_ex": 1.795562784233606, "prior": 1.262946483912148, "rate": 9.671184251007993}, "datetime": {"datetime": "2024-06-12 22:27:15", "elapsed": 150.281172, "delta": 0.113126}}
{"target": -140.42798882755858, "params": {"p_ai": 0.5573731780335549, "p_al": 6.819790241413085, "p_ex": 3.7501223484584494, "prior": 1.7357003045831663, "rate": 2.729343170863875}, "datetime": {"datetime": "2024-06-12 22:27:15", "elapsed": 150.393871, "delta": 0.112699}}
{"target": -234.67374075704015, "params": {"p_ai": 7.317227227933917, "p_al": 8.554888420670306, "p_ex": 2.689038141484899, "prior": 3.472099394055825, "rate": 4.096110345006913}, "datetime": {"datetime": "2024-06-12 22:27:15", "elapsed": 150.50757, "delta": 0.113699}}
{"target": -240.95296534799914, "params": {"p_ai": 8.27463349798043, "p_al": 7.499462592816369, "p_ex": 2.0949993417644017, "prior": 5.4290024784475, "rate": 7.667626272976248}, "datetime": {"datetime": "2024-06-12 22:27:16", "elapsed": 150.626254, "delta": 0.118684}}
{"target": -192.1712382954896, "params": {"p_ai": 4.7879383529564326, "p_al": 5.555441020744501, "p_ex": 2.1259267050941175, "prior": 6.5937001865309925, "rate": 0.7216957676120941}, "datetime": {"datetime": "2024-06-12 22:27:16", "elapsed": 150.738354, "delta": 0.1121}}
{"target": -136.83066926419255, "params": {"p_ai": 3.6179707035344424, "p_al": 4.004629392388292, "p_ex": 6.088185685201007, "prior": 9.486748635275, "rate": 2.1920032707429677}, "datetime": {"datetime": "2024-06-12 22:27:16", "elapsed": 150.851053, "delta": 0.112699}}
{"target": -183.03691847029518, "params": {"p_ai": 5.442028448956808, "p_al": 8.022602169272844, "p_ex": 6.029957106555403, "prior": 7.3885446090964555, "rate": 1.165421009227606}, "datetime": {"datetime": "2024-06-12 22:27:16", "elapsed": 150.964451, "delta": 0.113398}}
{"target": -216.64332608790264, "params": {"p_ai": 8.358036825075693, "p_al": 3.113679458977735, "p_ex": 4.371665866048249, "prior": 0.8497142025282297, "rate": 6.8720980563405405}, "datetime": {"datetime": "2024-06-12 22:27:16", "elapsed": 151.076331, "delta": 0.11188}}
{"target": -323.4267496417164, "params": {"p_ai": 8.473226850336655, "p_al": 4.8374026461852715, "p_ex": 1.0144159817281404, "prior": 1.0304774415742601, "rate": 1.1571614255769536}, "datetime": {"datetime": "2024-06-12 22:27:16", "elapsed": 151.188873, "delta": 0.112542}}
{"target": -201.05533676528853, "params": {"p_ai": 4.949616547462121, "p_al": 6.220627804926973, "p_ex": 0.3335849123921304, "prior": 0.6267721727276038, "rate": 9.865505216902308}, "datetime": {"datetime": "2024-06-12 22:27:16", "elapsed": 151.301571, "delta": 0.112698}}
{"target": -138.30519092050392, "params": {"p_ai": 2.911746387509673, "p_al": 4.767839668205347, "p_ex": 6.3067125618904285, "prior": 7.149275299157485, "rate": 1.0953535294440504}, "datetime": {"datetime": "2024-06-12 22:27:16", "elapsed": 151.41427, "delta": 0.112699}}
{"target": -130.35797689563552, "params": {"p_ai": 1.0974360729101045, "p_al": 9.120713340531383, "p_ex": 3.241590644593953, "prior": 7.238884009716445, "rate": 7.096501104751053}, "datetime": {"datetime": "2024-06-12 22:27:16", "elapsed": 151.526651, "delta": 0.112381}}
{"target": -129.36416196751273, "params": {"p_ai": 4.688619507465229, "p_al": 0.914017224130388, "p_ex": 8.898432826656682, "prior": 8.345353289055549, "rate": 4.317297116530302}, "datetime": {"datetime": "2024-06-12 22:27:17", "elapsed": 151.639349, "delta": 0.112698}}
{"target": -156.99301678169684, "params": {"p_ai": 4.559525834561577, "p_al": 5.459471626378892, "p_ex": 3.785573297339121, "prior": 5.047292825654079, "rate": 4.727269672018876}, "datetime": {"datetime": "2024-06-12 22:27:17", "elapsed": 151.750309, "delta": 0.11096}}
{"target": -167.58905603620107, "params": {"p_ai": 2.859396758603877, "p_al": 8.724991808089245, "p_ex": 0.4725551221123667, "prior": 3.6437422620890763, "rate": 7.740580109571957}, "datetime": {"datetime": "2024-06-12 22:27:17", "elapsed": 151.863011, "delta": 0.112702}}
{"target": -152.20877286889376, "params": {"p_ai": 4.855653301753838, "p_al": 7.863005357249527, "p_ex": 4.826582597220067, "prior": 9.894652497502703, "rate": 8.840545168003166}, "datetime": {"datetime": "2024-06-12 22:27:17", "elapsed": 151.974134, "delta": 0.111123}}
{"target": -135.36352867508305, "params": {"p_ai": 0.07831212778797367, "p_al": 4.751032356732131, "p_ex": 8.57428103860396, "prior": 3.4359136145118434, "rate": 7.290202296376493}, "datetime": {"datetime": "2024-06-12 22:27:17", "elapsed": 152.086833, "delta": 0.112699}}
{"target": -144.70136973942945, "params": {"p_ai": 4.183744766266581, "p_al": 0.9585392958462935, "p_ex": 3.1532433917757894, "prior": 3.1308531715362826, "rate": 6.545849893132512}, "datetime": {"datetime": "2024-06-12 22:27:17", "elapsed": 152.19992, "delta": 0.113087}}
{"target": -277.23227982954444, "params": {"p_ai": 9.2687875185922, "p_al": 7.037200604701104, "p_ex": 3.231017446456585, "prior": 6.831512703701488, "rate": 0.8419392132049751}, "datetime": {"datetime": "2024-06-12 22:27:17", "elapsed": 152.317848, "delta": 0.117928}}
{"target": -126.471885149576, "params": {"p_ai": 3.7556365905474465, "p_al": 1.9013971065648507, "p_ex": 6.930796694970291, "prior": 6.6213941581181786, "rate": 3.5313711432227763}, "datetime": {"datetime": "2024-06-12 22:27:17", "elapsed": 152.448499, "delta": 0.130651}}
{"target": -125.29788958159604, "params": {"p_ai": 1.8068468119614796, "p_al": 1.5674501046743812, "p_ex": 2.370658744353432, "prior": 3.2852652761803105, "rate": 8.696087149900197}, "datetime": {"datetime": "2024-06-12 22:27:18", "elapsed": 152.567794, "delta": 0.119295}}
{"target": -142.60339934489883, "params": {"p_ai": 1.2200175486361586, "p_al": 1.6822606829827977, "p_ex": 3.705180601429274, "prior": 6.043855836461611, "rate": 0.5590941737040515}, "datetime": {"datetime": "2024-06-12 22:27:18", "elapsed": 152.691467, "delta": 0.123673}}
{"target": -154.40928075185192, "params": {"p_ai": 2.4530157395110272, "p_al": 8.339880336832202, "p_ex": 6.6291727017770885, "prior": 3.514955268114378, "rate": 1.1430089325855246}, "datetime": {"datetime": "2024-06-12 22:27:18", "elapsed": 152.807616, "delta": 0.116149}}
{"target": -116.50206018356741, "params": {"p_ai": 3.2497116180828423, "p_al": 2.4459159076333763, "p_ex": 7.105940711956388, "prior": 3.0061649444424168, "rate": 6.772681332069404}, "datetime": {"datetime": "2024-06-12 22:27:18", "elapsed": 152.92929, "delta": 0.121674}}
{"target": -126.56881985816617, "params": {"p_ai": 4.127147676669158, "p_al": 3.5000338791625603, "p_ex": 7.858439735785224, "prior": 1.8548504645300572, "rate": 4.568772154035324}, "datetime": {"datetime": "2024-06-12 22:27:18", "elapsed": 153.056135, "delta": 0.126845}}
{"target": -171.25102811806798, "params": {"p_ai": 5.835530117986011, "p_al": 3.212684807280133, "p_ex": 7.062774790669378, "prior": 9.178333561636288, "rate": 0.7316329870406574}, "datetime": {"datetime": "2024-06-12 22:27:18", "elapsed": 153.17083, "delta": 0.114695}}
{"target": -148.99747316698782, "params": {"p_ai": 1.8150914190678362, "p_al": 5.0916122463155125, "p_ex": 7.999007220987372, "prior": 6.3099451378100975, "rate": 0.19788728779717554}, "datetime": {"datetime": "2024-06-12 22:27:18", "elapsed": 153.283493, "delta": 0.112663}}
{"target": -158.24912604634764, "params": {"p_ai": 3.3004827361213245, "p_al": 6.538626611010611, "p_ex": 6.871688718445077, "prior": 4.823006920556168, "rate": 0.5382932557142641}, "datetime": {"datetime": "2024-06-12 22:27:18", "elapsed": 153.396192, "delta": 0.112699}}
{"target": -162.3055484119102, "params": {"p_ai": 6.278247599644344, "p_al": 5.040797331247155, "p_ex": 7.254407536263888, "prior": 3.9055515518702113, "rate": 8.357418355008}, "datetime": {"datetime": "2024-06-12 22:27:18", "elapsed": 153.507893, "delta": 0.111701}}
{"target": -167.78720235341578, "params": {"p_ai": 3.0757148001887096, "p_al": 8.638004395565735, "p_ex": 0.14579244295210492, "prior": 7.627665696023684, "rate": 8.273847648386488}, "datetime": {"datetime": "2024-06-12 22:27:19", "elapsed": 153.623443, "delta": 0.11555}}
{"target": -252.23047596007822, "params": {"p_ai": 6.809289540861383, "p_al": 9.027438680748295, "p_ex": 2.018139331359617, "prior": 3.5201397919808, "rate": 2.2921758844190845}, "datetime": {"datetime": "2024-06-12 22:27:19", "elapsed": 153.735128, "delta": 0.111685}}
{"target": -226.58264198133523, "params": {"p_ai": 8.449338509914456, "p_al": 7.464354945562864, "p_ex": 8.690659271861168, "prior": 3.476881366525707, "rate": 1.5403536798332855}, "datetime": {"datetime": "2024-06-12 22:27:19", "elapsed": 153.847827, "delta": 0.112699}}
{"target": -241.4365608714855, "params": {"p_ai": 9.682858797805498, "p_al": 4.48978706650765, "p_ex": 7.299294135688072, "prior": 6.542015507469736, "rate": 1.4293254770000592}, "datetime": {"datetime": "2024-06-12 22:27:19", "elapsed": 153.960183, "delta": 0.112356}}
{"target": -200.04844310742357, "params": {"p_ai": 8.441932253993109, "p_al": 9.784654514150654, "p_ex": 9.662519410868244, "prior": 3.364703644014265, "rate": 9.259563218013493}, "datetime": {"datetime": "2024-06-12 22:27:19", "elapsed": 154.07339, "delta": 0.113207}}
{"target": -151.5497869377031, "params": {"p_ai": 1.3333118419790204, "p_al": 9.397284729643939, "p_ex": 0.44195907415044206, "prior": 4.091368046213268, "rate": 8.430225045191426}, "datetime": {"datetime": "2024-06-12 22:27:19", "elapsed": 154.187088, "delta": 0.113698}}
{"target": -218.10695815032793, "params": {"p_ai": 7.262581148720565, "p_al": 7.209549890498004, "p_ex": 2.7741757864966834, "prior": 4.212717575922968, "rate": 5.8959097870267625}, "datetime": {"datetime": "2024-06-12 22:27:19", "elapsed": 154.30128, "delta": 0.114192}}
{"target": -133.16176571331002, "params": {"p_ai": 3.891986952147379, "p_al": 5.060246349315631, "p_ex": 5.403954487123307, "prior": 8.24287578176365, "rate": 7.250054232337262}, "datetime": {"datetime": "2024-06-12 22:27:19", "elapsed": 154.425629, "delta": 0.124349}}
{"target": -202.56376949683366, "params": {"p_ai": 6.605222133006148, "p_al": 0.3598033746243215, "p_ex": 1.5546967280502506, "prior": 8.865381830553787, "rate": 7.657785349882481}, "datetime": {"datetime": "2024-06-12 22:27:19", "elapsed": 154.537835, "delta": 0.112206}}
{"target": -132.4168125055209, "params": {"p_ai": 1.8046637957872491, "p_al": 0.6524949715348244, "p_ex": 1.6281542566356162, "prior": 8.374218512150179, "rate": 9.731091914278464}, "datetime": {"datetime": "2024-06-12 22:27:20", "elapsed": 154.652037, "delta": 0.114202}}
{"target": -246.59613897632318, "params": {"p_ai": 7.551294251085085, "p_al": 7.846261256321505, "p_ex": 0.2948143897467438, "prior": 8.746507176043488, "rate": 6.811814507289089}, "datetime": {"datetime": "2024-06-12 22:27:20", "elapsed": 154.765383, "delta": 0.113346}}
{"target": -141.56042298300014, "params": {"p_ai": 3.491117394447596, "p_al": 4.996307812122189, "p_ex": 9.500625939679805, "prior": 0.5418231030837052, "rate": 1.9178056358084192}, "datetime": {"datetime": "2024-06-12 22:27:20", "elapsed": 154.878082, "delta": 0.112699}}
{"target": -137.67286026271464, "params": {"p_ai": 1.5023582570289036, "p_al": 5.382930850808608, "p_ex": 2.3570269485381226, "prior": 0.7682631345285783, "rate": 5.150477461127861}, "datetime": {"datetime": "2024-06-12 22:27:20", "elapsed": 154.990919, "delta": 0.112837}}
{"target": -291.500959178722, "params": {"p_ai": 8.362708321759683, "p_al": 6.819784382074199, "p_ex": 0.3682001150492693, "prior": 0.45365509155135486, "rate": 5.381313363958052}, "datetime": {"datetime": "2024-06-12 22:27:20", "elapsed": 155.103618, "delta": 0.112699}}
{"target": -132.78531334529066, "params": {"p_ai": 1.4150273701349951, "p_al": 7.072618884594694, "p_ex": 2.475208355841432, "prior": 4.4001635851432885, "rate": 6.20328470504274}, "datetime": {"datetime": "2024-06-12 22:27:20", "elapsed": 155.215319, "delta": 0.111701}}
{"target": -222.2454060683027, "params": {"p_ai": 9.727401234811984, "p_al": 1.9708617551910437, "p_ex": 9.11847912589639, "prior": 3.5084000862768674, "rate": 1.620079386052706}, "datetime": {"datetime": "2024-06-12 22:27:20", "elapsed": 155.327098, "delta": 0.111779}}
{"target": -205.76381806242333, "params": {"p_ai": 4.209214604363843, "p_al": 8.414948403855572, "p_ex": 0.4388179602825087, "prior": 1.3705759290135842, "rate": 5.899809868120774}, "datetime": {"datetime": "2024-06-12 22:27:20", "elapsed": 155.439799, "delta": 0.112701}}
{"target": -130.46193976632395, "params": {"p_ai": 4.086392620197625, "p_al": 4.783302797395642, "p_ex": 8.220717104784246, "prior": 1.6735483806311797, "rate": 3.22090203722221}, "datetime": {"datetime": "2024-06-12 22:27:20", "elapsed": 155.552498, "delta": 0.112699}}
