{"target": -137.1279527983494, "params": {"p_ai": 3.3307736556222323, "p_al": 5.011600389259751, "p_ex": 2.171900960239031, "prior": 4.226542048262939, "rate": 0.2962973203527067}, "datetime": {"datetime": "2024-06-13 02:08:21", "elapsed": 151.759029, "delta": 0.109707}}
{"target": -158.08602788746964, "params": {"p_ai": 5.872255317999027, "p_al": 9.297403698742512, "p_ex": 0.7590081579617658, "prior": 8.418390613411091, "rate": 7.4780521531022766}, "datetime": {"datetime": "2024-06-13 02:08:21", "elapsed": 151.867739, "delta": 0.10871}}
{"target": -113.92495917824154, "params": {"p_ai": 2.3006310614234695, "p_al": 5.181658884888734, "p_ex": 3.138270543109958, "prior": 6.158246453687983, "rate": 2.1325167369125833}, "datetime": {"datetime": "2024-06-13 02:08:21", "elapsed": 151.978442, "delta": 0.110703}}
{"target": -106.54643795779853, "params": {"p_ai": 4.359448858877968, "p_al": 7.890962946486213, "p_ex": 4.665210568130128, "prior": 6.735875652050375, "rate": 8.848479686219505}, "datetime": {"datetime": "2024-06-13 02:08:22", "elapsed": 152.089997, "delta": 0.111555}}
{"target": -168.93512154588876, "params": {"p_ai": 9.381446348042989, "p_al": 9.847391744765389, "p_ex": 8.835685613139463, "prior": 2.4365576352302862, "rate": 4.0836389886417725}, "datetime": {"datetime": "2024-06-13 02:08:22", "elapsed": 152.200701, "delta": 0.110704}}
{"target": -127.29260039820893, "params": {"p_ai": 3.748683184308519, "p_al": 1.5231348534117821, "p_ex": 0.7054881796361647, "prior": 2.9581396518596472, "rate": 8.599757434392542}, "datetime": {"datetime": "2024-06-13 02:08:22", "elapsed": 152.309984, "delta": 0.109283}}
{"target": -119.97124315904652, "params": {"p_ai": 0.390795181927564, "p_al": 2.1554424388419346, "p_ex": 3.4661312344210558, "prior": 6.48195109939891, "rate": 5.632101113959296}, "datetime": {"datetime": "2024-06-13 02:08:22", "elapsed": 152.420287, "delta": 0.110303}}
{"target": -134.5767113311967, "params": {"p_ai": 7.962033343657571, "p_al": 6.869950064493667, "p_ex": 8.89514615735082, "prior": 4.869532826993671, "rate": 5.359664452923338}, "datetime": {"datetime": "2024-06-13 02:08:22", "elapsed": 152.529542, "delta": 0.109255}}
{"target": -155.96313438332922, "params": {"p_ai": 8.376624080146625, "p_al": 0.057926066118149384, "p_ex": 2.4264704752358455, "prior": 2.215848232817908, "rate": 5.615901403001188}, "datetime": {"datetime": "2024-06-13 02:08:22", "elapsed": 152.647241, "delta": 0.117699}}
{"target": -130.65288468115682, "params": {"p_ai": 7.1764059218745455, "p_al": 2.5256977959463165, "p_ex": 5.060703510986309, "prior": 7.392961690832119, "rate": 7.223300187934845}, "datetime": {"datetime": "2024-06-13 02:08:22", "elapsed": 152.757948, "delta": 0.110707}}
{"target": -133.12051939225287, "params": {"p_ai": 4.683654747636425, "p_al": 7.062229406736143, "p_ex": 5.591106515017654, "prior": 0.7850295801987324, "rate": 9.528083390609376}, "datetime": {"datetime": "2024-06-13 02:08:22", "elapsed": 152.885801, "delta": 0.127853}}
{"target": -165.96905881057157, "params": {"p_ai": 9.756566302852098, "p_al": 1.620977555940097, "p_ex": 4.178851453108906, "prior": 6.196287433481734, "rate": 5.681633101033839}, "datetime": {"datetime": "2024-06-13 02:08:22", "elapsed": 152.9995, "delta": 0.113699}}
{"target": -122.35463018880883, "params": {"p_ai": 3.747944142023713, "p_al": 9.03564329203637, "p_ex": 6.772125448142913, "prior": 1.1271803419327922, "rate": 6.695964632134947}, "datetime": {"datetime": "2024-06-13 02:08:23", "elapsed": 153.113083, "delta": 0.113583}}
{"target": -97.8191810488707, "params": {"p_ai": 2.18068963528753, "p_al": 0.8618604729833367, "p_ex": 3.599962226962259, "prior": 0.49702327008777214, "rate": 1.4670171019764853}, "datetime": {"datetime": "2024-06-13 02:08:23", "elapsed": 153.224107, "delta": 0.111024}}
{"target": -155.54070000898076, "params": {"p_ai": 4.5312087777237045, "p_al": 9.832040614902116, "p_ex": 8.41883222121433, "prior": 0.13303637727585385, "rate": 8.689075551096517}, "datetime": {"datetime": "2024-06-13 02:08:23", "elapsed": 153.339528, "delta": 0.115421}}
{"target": -103.5856401016856, "params": {"p_ai": 2.8348631641518267, "p_al": 1.9771804243319206, "p_ex": 3.09701893341332, "prior": 5.292810531405799, "rate": 4.8273698313983395}, "datetime": {"datetime": "2024-06-13 02:08:23", "elapsed": 153.453782, "delta": 0.114254}}
{"target": -125.6346982564478, "params": {"p_ai": 6.299088073481109, "p_al": 1.6685445249045965, "p_ex": 3.7435840670055476, "prior": 5.8252943868723, "rate": 8.108005443266556}, "datetime": {"datetime": "2024-06-13 02:08:23", "elapsed": 153.579049, "delta": 0.125267}}
{"target": -115.12112884401456, "params": {"p_ai": 3.6850872876640413, "p_al": 8.393983370820937, "p_ex": 4.1686750633831595, "prior": 9.42493847348532, "rate": 2.964330973099551}, "datetime": {"datetime": "2024-06-13 02:08:23", "elapsed": 153.688755, "delta": 0.109706}}
{"target": -100.6486651612443, "params": {"p_ai": 3.686656960153546, "p_al": 6.527647985772258, "p_ex": 5.834576969942827, "prior": 3.542343487882648, "rate": 4.843569399172687}, "datetime": {"datetime": "2024-06-13 02:08:23", "elapsed": 153.803829, "delta": 0.115074}}
{"target": -118.83321819947686, "params": {"p_ai": 6.643548383227865, "p_al": 0.5643409207938824, "p_ex": 6.0644173203711365, "prior": 7.468080985734469, "rate": 7.9399106854738335}, "datetime": {"datetime": "2024-06-13 02:08:23", "elapsed": 153.913536, "delta": 0.109707}}
{"target": -171.59726880696525, "params": {"p_ai": 2.1386283609698182, "p_al": 6.411409241241745, "p_ex": 7.31161622706472, "prior": 0.9515248299512967, "rate": 0.7016591649364254}, "datetime": {"datetime": "2024-06-13 02:08:23", "elapsed": 154.022245, "delta": 0.108709}}
{"target": -147.30922314659725, "params": {"p_ai": 8.85966378915354, "p_al": 3.6138840128491796, "p_ex": 7.0346181633871465, "prior": 5.601918467378615, "rate": 3.3781264160570954}, "datetime": {"datetime": "2024-06-13 02:08:24", "elapsed": 154.132013, "delta": 0.109768}}
{"target": -101.5778205991297, "params": {"p_ai": 3.457181993467776, "p_al": 9.05472094319778, "p_ex": 4.535377941842694, "prior": 4.82581626909371, "rate": 9.791487159136903}, "datetime": {"datetime": "2024-06-13 02:08:24", "elapsed": 154.24172, "delta": 0.109707}}
{"target": -140.87691577409498, "params": {"p_ai": 4.117478747487042, "p_al": 3.695097354988469, "p_ex": 0.80055092712391, "prior": 3.878436053681967, "rate": 1.780136676686786}, "datetime": {"datetime": "2024-06-13 02:08:24", "elapsed": 154.351427, "delta": 0.109707}}
{"target": -115.38069008927202, "params": {"p_ai": 1.3142866430943358, "p_al": 3.67736858024043, "p_ex": 1.5889414577993433, "prior": 3.0763272222271136, "rate": 6.880101164833305}, "datetime": {"datetime": "2024-06-13 02:08:24", "elapsed": 154.460352, "delta": 0.108925}}
{"target": -153.48779713334596, "params": {"p_ai": 8.384561972759963, "p_al": 3.04892010422055, "p_ex": 3.5316239823002844, "prior": 7.306682867503822, "rate": 7.778549164423028}, "datetime": {"datetime": "2024-06-13 02:08:24", "elapsed": 154.570059, "delta": 0.109707}}
{"target": -132.7709163775027, "params": {"p_ai": 1.7711335149414804, "p_al": 4.01816254564012, "p_ex": 0.03041149271902403, "prior": 4.006570284990276, "rate": 8.932131769503012}, "datetime": {"datetime": "2024-06-13 02:08:24", "elapsed": 154.679274, "delta": 0.109215}}
{"target": -138.28587342315197, "params": {"p_ai": 0.5755763757839906, "p_al": 3.8969058047189162, "p_ex": 2.6541743643407223, "prior": 0.36872947752671464, "rate": 4.005635126169413}, "datetime": {"datetime": "2024-06-13 02:08:24", "elapsed": 154.788912, "delta": 0.109638}}
{"target": -92.28507136794744, "params": {"p_ai": 2.378848800846906, "p_al": 8.309864574884987, "p_ex": 6.436609939453869, "prior": 4.766209595915574, "rate": 7.088357892627507}, "datetime": {"datetime": "2024-06-13 02:08:24", "elapsed": 154.8985, "delta": 0.109588}}
{"target": -127.46814843386451, "params": {"p_ai": 0.9947367634478994, "p_al": 7.57002535083619, "p_ex": 2.9866225634417494, "prior": 5.02823423459667, "rate": 0.9426824650897777}, "datetime": {"datetime": "2024-06-13 02:08:24", "elapsed": 155.008029, "delta": 0.109529}}
{"target": -157.63763967835516, "params": {"p_ai": 8.145739832737526, "p_al": 5.105157423875881, "p_ex": 4.420267083745346, "prior": 1.3497803047479748, "rate": 6.349121354391908}, "datetime": {"datetime": "2024-06-13 02:08:25", "elapsed": 155.118156, "delta": 0.110127}}
{"target": -155.1257092613394, "params": {"p_ai": 3.5237463002571756, "p_al": 6.827405946697661, "p_ex": 7.624808497867999, "prior": 0.0684713650751335, "rate": 2.5913364785668547}, "datetime": {"datetime": "2024-06-13 02:08:25", "elapsed": 155.227419, "delta": 0.109263}}
{"target": -119.07602322667094, "params": {"p_ai": 6.779463714448853, "p_al": 3.361662606702258, "p_ex": 7.501503664948246, "prior": 5.570225707626225, "rate": 8.582544507369946}, "datetime": {"datetime": "2024-06-13 02:08:25", "elapsed": 155.337631, "delta": 0.110212}}
{"target": -161.58677534809834, "params": {"p_ai": 5.7062493337935365, "p_al": 8.894102889818864, "p_ex": 2.275558269388311, "prior": 7.940005019907525, "rate": 0.34043222035471227}, "datetime": {"datetime": "2024-06-13 02:08:25", "elapsed": 155.447825, "delta": 0.110194}}
{"target": -121.89659865114223, "params": {"p_ai": 0.7735953898149317, "p_al": 3.9596290498361615, "p_ex": 1.858481245602828, "prior": 9.44198930356615, "rate": 7.7970552024926905}, "datetime": {"datetime": "2024-06-13 02:08:25", "elapsed": 155.556534, "delta": 0.108709}}
{"target": -137.66093672067515, "params": {"p_ai": 7.436912104917503, "p_al": 4.920486026132645, "p_ex": 4.900995627237186, "prior": 5.811525545692184, "rate": 5.9666670497750935}, "datetime": {"datetime": "2024-06-13 02:08:25", "elapsed": 155.666242, "delta": 0.109708}}
{"target": -154.25314063929142, "params": {"p_ai": 8.980365692933121, "p_al": 1.2092260058543152, "p_ex": 5.09663154025606, "prior": 9.955224741731815, "rate": 4.814813735576268}, "datetime": {"datetime": "2024-06-13 02:08:25", "elapsed": 155.774951, "delta": 0.108709}}
{"target": -147.77712159900435, "params": {"p_ai": 8.378289726275693, "p_al": 6.03695086264971, "p_ex": 6.644085065236975, "prior": 2.725341460214868, "rate": 8.309501550148768}, "datetime": {"datetime": "2024-06-13 02:08:25", "elapsed": 155.884657, "delta": 0.109706}}
{"target": -222.41815782727411, "params": {"p_ai": 2.4454184617260206, "p_al": 6.733951031559131, "p_ex": 0.882212553052717, "prior": 0.18950161050769068, "rate": 4.723989780544485}, "datetime": {"datetime": "2024-06-13 02:08:25", "elapsed": 155.995361, "delta": 0.110704}}
{"target": -183.32183651512324, "params": {"p_ai": 9.39001230944057, "p_al": 3.256422619578878, "p_ex": 3.222208033992586, "prior": 0.5212552071808798, "rate": 6.753180779354503}, "datetime": {"datetime": "2024-06-13 02:08:26", "elapsed": 156.104935, "delta": 0.109574}}
{"target": -339.0053200338478, "params": {"p_ai": 7.217684871269275, "p_al": 9.037273786916757, "p_ex": 4.372048963561963, "prior": 1.0960571047111918, "rate": 0.37703297289000987}, "datetime": {"datetime": "2024-06-13 02:08:26", "elapsed": 156.221623, "delta": 0.116688}}
{"target": -141.24119743926775, "params": {"p_ai": 8.807808295944852, "p_al": 6.522904180784222, "p_ex": 9.155052172669194, "prior": 8.806088422417087, "rate": 4.702935754687456}, "datetime": {"datetime": "2024-06-13 02:08:26", "elapsed": 156.336318, "delta": 0.114695}}
{"target": -165.96768717267597, "params": {"p_ai": 6.703733658621222, "p_al": 7.450913844206583, "p_ex": 4.22269932112063, "prior": 1.5400257385527027, "rate": 2.8415420690724544}, "datetime": {"datetime": "2024-06-13 02:08:26", "elapsed": 156.446585, "delta": 0.110267}}
{"target": -101.76358844793478, "params": {"p_ai": 5.485222884070994, "p_al": 2.55810290007105, "p_ex": 8.917456231268647, "prior": 5.807922888107249, "rate": 7.187017429062295}, "datetime": {"datetime": "2024-06-13 02:08:26", "elapsed": 156.556889, "delta": 0.110304}}
{"target": -141.81717300551998, "params": {"p_ai": 8.620448537861462, "p_al": 8.965731642615792, "p_ex": 9.5761348250341, "prior": 6.275455992647012, "rate": 9.989806763568094}, "datetime": {"datetime": "2024-06-13 02:08:26", "elapsed": 156.666595, "delta": 0.109706}}
{"target": -127.12029870159087, "params": {"p_ai": 7.905283274373116, "p_al": 2.7089703697996903, "p_ex": 9.90551474523876, "prior": 8.015254629452599, "rate": 2.531895219296102}, "datetime": {"datetime": "2024-06-13 02:08:26", "elapsed": 156.77686, "delta": 0.110265}}
{"target": -139.69487154520988, "params": {"p_ai": 0.319940729328112, "p_al": 9.52814514193915, "p_ex": 5.568763239301098, "prior": 5.527546519872178, "rate": 0.47473086453618707}, "datetime": {"datetime": "2024-06-13 02:08:26", "elapsed": 156.886116, "delta": 0.109256}}
{"target": -145.4301623165463, "params": {"p_ai": 6.390744167617777, "p_al": 5.001536614475041, "p_ex": 8.04314525588731, "prior": 0.6964276216856988, "rate": 5.629746909341975}, "datetime": {"datetime": "2024-06-13 02:08:26", "elapsed": 156.995708, "delta": 0.109592}}
{"target": -113.94225595934495, "params": {"p_ai": 4.087392623862128, "p_al": 5.518135216934039, "p_ex": 3.585276007828329, "prior": 9.993754323035986, "rate": 4.503788133315129}, "datetime": {"datetime": "2024-06-13 02:08:27", "elapsed": 157.10491, "delta": 0.109202}}
{"target": -93.70431660280498, "params": {"p_ai": 3.4588912664741214, "p_al": 1.8980664054295406, "p_ex": 9.235353228748629, "prior": 1.0438367019956678, "rate": 4.403997122483987}, "datetime": {"datetime": "2024-06-13 02:08:27", "elapsed": 157.214264, "delta": 0.109354}}
{"target": -129.42118467179844, "params": {"p_ai": 6.8623192636499555, "p_al": 1.4249131073648498, "p_ex": 9.315030248562637, "prior": 0.5896900810170312, "rate": 2.181778079663362}, "datetime": {"datetime": "2024-06-13 02:08:27", "elapsed": 157.324968, "delta": 0.110704}}
{"target": -104.01657803582303, "params": {"p_ai": 0.7728756763117778, "p_al": 4.11570732769188, "p_ex": 5.972988403638313, "prior": 7.311686632534911, "rate": 8.784454289590984}, "datetime": {"datetime": "2024-06-13 02:08:27", "elapsed": 157.434449, "delta": 0.109481}}
{"target": -138.1763974264491, "params": {"p_ai": 3.533130909542927, "p_al": 7.024924910904777, "p_ex": 0.48711513063939865, "prior": 8.192799182413792, "rate": 3.1834381339588895}, "datetime": {"datetime": "2024-06-13 02:08:27", "elapsed": 157.544872, "delta": 0.110423}}
{"target": -134.83430914711033, "params": {"p_ai": 2.2172018137272484, "p_al": 3.6110032767813616, "p_ex": 1.141585201956885, "prior": 2.937757248346579, "rate": 0.08888170871388551}, "datetime": {"datetime": "2024-06-13 02:08:27", "elapsed": 157.654607, "delta": 0.109735}}
{"target": -94.3098813165875, "params": {"p_ai": 2.533383695780048, "p_al": 8.377290099980405, "p_ex": 8.077752516395089, "prior": 3.8262940165913872, "rate": 4.307366462305053}, "datetime": {"datetime": "2024-06-13 02:08:27", "elapsed": 157.764285, "delta": 0.109678}}
{"target": -104.76481498116328, "params": {"p_ai": 1.8266915489467377, "p_al": 3.169424477157168, "p_ex": 4.174267239128969, "prior": 0.6656172331886133, "rate": 3.3795361726642934}, "datetime": {"datetime": "2024-06-13 02:08:27", "elapsed": 157.873992, "delta": 0.109707}}
{"target": -108.19616297378016, "params": {"p_ai": 4.95721719801526, "p_al": 0.06820653721901922, "p_ex": 4.381313907962638, "prior": 2.187672233884425, "rate": 2.1347759862135067}, "datetime": {"datetime": "2024-06-13 02:08:27", "elapsed": 157.983698, "delta": 0.109706}}
{"target": -86.89175012877001, "params": {"p_ai": 2.49314021139705, "p_al": 1.2841289587836024, "p_ex": 9.448188075410462, "prior": 1.691578168855795, "rate": 5.67655780442632}, "datetime": {"datetime": "2024-06-13 02:08:28", "elapsed": 158.092914, "delta": 0.109216}}
{"target": -109.68038659370822, "params": {"p_ai": 1.7159024798604, "p_al": 2.609918671652933, "p_ex": 6.768073771020467, "prior": 5.0331536140100654, "rate": 1.5737215349730902}, "datetime": {"datetime": "2024-06-13 02:08:28", "elapsed": 158.203131, "delta": 0.110217}}
{"target": -117.97405978345564, "params": {"p_ai": 0.8259847780523347, "p_al": 8.819057239287222, "p_ex": 2.4196701627500965, "prior": 9.589776781191212, "rate": 8.92374863045554}, "datetime": {"datetime": "2024-06-13 02:08:28", "elapsed": 158.311777, "delta": 0.108646}}
{"target": -128.79967157170802, "params": {"p_ai": 1.6006163084713398, "p_al": 5.037551411379846, "p_ex": 1.1900847898410376, "prior": 1.1092699567215725, "rate": 6.963261437513524}, "datetime": {"datetime": "2024-06-13 02:08:28", "elapsed": 158.421058, "delta": 0.109281}}
{"target": -128.13781841262337, "params": {"p_ai": 2.7162334808394535, "p_al": 9.663915427539312, "p_ex": 8.392620059816272, "prior": 0.9261097373446263, "rate": 3.906183017534992}, "datetime": {"datetime": "2024-06-13 02:08:28", "elapsed": 158.530773, "delta": 0.109715}}
{"target": -123.72659710164666, "params": {"p_ai": 1.243049163248632, "p_al": 5.554366994832198, "p_ex": 1.621888059253872, "prior": 8.317838000950376, "rate": 2.577690773878029}, "datetime": {"datetime": "2024-06-13 02:08:28", "elapsed": 158.641505, "delta": 0.110732}}
{"target": -111.32951270249876, "params": {"p_ai": 5.106155004863554, "p_al": 7.824755517687508, "p_ex": 5.383850258576215, "prior": 5.288705375476819, "rate": 8.548546065159313}, "datetime": {"datetime": "2024-06-13 02:08:28", "elapsed": 158.750758, "delta": 0.109253}}
{"target": -88.60435616810021, "params": {"p_ai": 2.4517590330340826, "p_al": 1.2718727136191073, "p_ex": 5.602886965645464, "prior": 1.2846707440219591, "rate": 3.3122432327982927}, "datetime": {"datetime": "2024-06-13 02:08:28", "elapsed": 158.860467, "delta": 0.109709}}
{"target": -105.3818337030156, "params": {"p_ai": 3.265071842219258, "p_al": 9.48049701044885, "p_ex": 3.7597670096434608, "prior": 4.691636256683498, "rate": 9.473475192340146}, "datetime": {"datetime": "2024-06-13 02:08:28", "elapsed": 158.969176, "delta": 0.108709}}
{"target": -192.67880699888372, "params": {"p_ai": 8.283975476109763, "p_al": 6.720327358482428, "p_ex": 2.6738455539050126, "prior": 1.3335156881039736, "rate": 3.3402929930453955}, "datetime": {"datetime": "2024-06-13 02:08:29", "elapsed": 159.079163, "delta": 0.109987}}
{"target": -121.68085556846597, "params": {"p_ai": 1.5990411930530612, "p_al": 9.604039822179217, "p_ex": 2.010175989567496, "prior": 3.107359184254481, "rate": 6.614538646758534}, "datetime": {"datetime": "2024-06-13 02:08:29", "elapsed": 159.188807, "delta": 0.109644}}
{"target": -96.20049346326688, "params": {"p_ai": 4.37678808370781, "p_al": 5.89872859819017, "p_ex": 8.488612171761474, "prior": 5.881892936139609, "rate": 4.970284017491149}, "datetime": {"datetime": "2024-06-13 02:08:29", "elapsed": 159.299103, "delta": 0.110296}}
{"target": -133.99868247588878, "params": {"p_ai": 8.355940839879088, "p_al": 7.979860191460579, "p_ex": 9.811625590279693, "prior": 9.486111970792946, "rate": 9.17197316118671}, "datetime": {"datetime": "2024-06-13 02:08:29", "elapsed": 159.40881, "delta": 0.109707}}
{"target": -112.33370176887013, "params": {"p_ai": 4.948755710293945, "p_al": 7.37178729631658, "p_ex": 6.005614192626915, "prior": 7.380255671368934, "rate": 3.758232523153045}, "datetime": {"datetime": "2024-06-13 02:08:29", "elapsed": 159.519339, "delta": 0.110529}}
{"target": -163.86117233648432, "params": {"p_ai": 9.11115592778481, "p_al": 8.723213633193073, "p_ex": 7.046952341405632, "prior": 2.6130258749117306, "rate": 5.011192894046693}, "datetime": {"datetime": "2024-06-13 02:08:29", "elapsed": 159.629046, "delta": 0.109707}}
{"target": -98.56306630438841, "params": {"p_ai": 2.17783981095381, "p_al": 1.0260979254877194, "p_ex": 5.780032861824755, "prior": 4.796479676205616, "rate": 2.475670454206242}, "datetime": {"datetime": "2024-06-13 02:08:29", "elapsed": 159.737755, "delta": 0.108709}}
{"target": -101.29500134330993, "params": {"p_ai": 4.467313442321816, "p_al": 1.3847932899081115, "p_ex": 5.228500992493444, "prior": 9.703747416749897, "rate": 8.237998191683403}, "datetime": {"datetime": "2024-06-13 02:08:29", "elapsed": 159.848883, "delta": 0.111128}}
{"target": -144.75814416526586, "params": {"p_ai": 0.04539181368461302, "p_al": 0.9171034740261821, "p_ex": 0.256731315853256, "prior": 3.0849617630196033, "rate": 9.806449056410758}, "datetime": {"datetime": "2024-06-13 02:08:29", "elapsed": 159.957593, "delta": 0.10871}}
{"target": -111.31727167925973, "params": {"p_ai": 4.604577213484676, "p_al": 4.098043027245584, "p_ex": 4.082781044934731, "prior": 8.24831868985997, "rate": 5.817468351338353}, "datetime": {"datetime": "2024-06-13 02:08:30", "elapsed": 160.067263, "delta": 0.10967}}
{"target": -126.28085268483699, "params": {"p_ai": 1.194398932848572, "p_al": 4.447888804875501, "p_ex": 1.464898722112708, "prior": 6.661061324152497, "rate": 1.2245706894526878}, "datetime": {"datetime": "2024-06-13 02:08:30", "elapsed": 160.177201, "delta": 0.109938}}
{"target": -116.67242372799232, "params": {"p_ai": 0.8678033866291002, "p_al": 7.033904856031638, "p_ex": 4.113172644181687, "prior": 9.961111769859151, "rate": 5.340957501885814}, "datetime": {"datetime": "2024-06-13 02:08:30", "elapsed": 160.293889, "delta": 0.116688}}
{"target": -148.11108400955658, "params": {"p_ai": 7.790366706899352, "p_al": 8.686423277767584, "p_ex": 7.987675177701189, "prior": 2.1416545662349087, "rate": 6.803995167925384}, "datetime": {"datetime": "2024-06-13 02:08:30", "elapsed": 160.407278, "delta": 0.113389}}
{"target": -131.65925108853224, "params": {"p_ai": 0.04723985982973837, "p_al": 7.958190982824141, "p_ex": 2.159110276007062, "prior": 9.867241781530184, "rate": 9.441516513225706}, "datetime": {"datetime": "2024-06-13 02:08:30", "elapsed": 160.517371, "delta": 0.110093}}
