{"target": -1196.6578357918968, "params": {"gamma": 5.680077493599765, "lr": 0.6630438231677197}, "datetime": {"datetime": "2024-06-13 22:59:32", "elapsed": 8.045011, "delta": 0.004987}}
{"target": -1852.575746116024, "params": {"gamma": 5.274647786496121, "lr": 0.05634939173447451}, "datetime": {"datetime": "2024-06-13 22:59:32", "elapsed": 8.049997, "delta": 0.004986}}
{"target": -929.0845576155326, "params": {"gamma": 3.6322627869363457, "lr": 0.9677274091080609}, "datetime": {"datetime": "2024-06-13 22:59:32", "elapsed": 8.054984, "delta": 0.004987}}
{"target": -1556.8341982786314, "params": {"gamma": 6.955420242475687, "lr": 0.36973977954151527}, "datetime": {"datetime": "2024-06-13 22:59:32", "elapsed": 8.05997, "delta": 0.004986}}
{"target": -1670.547092070656, "params": {"gamma": 6.716589859874733, "lr": 0.26510969397346273}, "datetime": {"datetime": "2024-06-13 22:59:32", "elapsed": 8.06396, "delta": 0.00399}}
{"target": -216.60409239892533, "params": {"gamma": 0.7756981624656162, "lr": 0.5280671392556082}, "datetime": {"datetime": "2024-06-13 22:59:32", "elapsed": 8.068946, "delta": 0.004986}}
{"target": -598.0215511000115, "params": {"gamma": 2.8984014893930756, "lr": 0.48165189565416366}, "datetime": {"datetime": "2024-06-13 22:59:32", "elapsed": 8.073933, "delta": 0.004987}}
{"target": -1889.1022724969478, "params": {"gamma": 9.020043950898684, "lr": 0.6517403667487239}, "datetime": {"datetime": "2024-06-13 22:59:32", "elapsed": 8.07892, "delta": 0.004987}}
{"target": -2502.8943674106094, "params": {"gamma": 7.233468037123845, "lr": 0.1025865252271354}, "datetime": {"datetime": "2024-06-13 22:59:32", "elapsed": 8.083906, "delta": 0.004986}}
{"target": -1005.5166791689746, "params": {"gamma": 4.7971011998412845, "lr": 0.40434189038945745}, "datetime": {"datetime": "2024-06-13 22:59:32", "elapsed": 8.088893, "delta": 0.004987}}
{"target": -1487.9577681231317, "params": {"gamma": 6.468925570274098, "lr": 0.287735134554958}, "datetime": {"datetime": "2024-06-13 22:59:32", "elapsed": 8.09388, "delta": 0.004987}}
{"target": -978.8208148603595, "params": {"gamma": 3.8312640574634482, "lr": 0.981016791950987}, "datetime": {"datetime": "2024-06-13 22:59:32", "elapsed": 8.098867, "delta": 0.004987}}
{"target": -383.9620588115696, "params": {"gamma": 1.1489908672848812, "lr": 0.19990786306137587}, "datetime": {"datetime": "2024-06-13 22:59:32", "elapsed": 8.103853, "delta": 0.004986}}
{"target": -544.3109468615374, "params": {"gamma": 2.3912225972933583, "lr": 0.6966542004402304}, "datetime": {"datetime": "2024-06-13 22:59:32", "elapsed": 8.109408, "delta": 0.005555}}
{"target": -1652.285117313184, "params": {"gamma": 7.1371672251136955, "lr": 0.7847549365756692}, "datetime": {"datetime": "2024-06-13 22:59:32", "elapsed": 8.114394, "delta": 0.004986}}
{"target": -911.733018775517, "params": {"gamma": 3.8110627039036813, "lr": 0.8524032876575542}, "datetime": {"datetime": "2024-06-13 22:59:32", "elapsed": 8.119381, "delta": 0.004987}}
{"target": -1535.1173694516226, "params": {"gamma": 6.973768049350303, "lr": 0.7132598975767365}, "datetime": {"datetime": "2024-06-13 22:59:32", "elapsed": 8.124368, "delta": 0.004987}}
{"target": -1731.3862028182523, "params": {"gamma": 8.220064454506392, "lr": 0.6289244383408126}, "datetime": {"datetime": "2024-06-13 22:59:32", "elapsed": 8.129354, "delta": 0.004986}}
{"target": -1487.775878315371, "params": {"gamma": 4.2228540008601385, "lr": 0.030798811164673312}, "datetime": {"datetime": "2024-06-13 22:59:32", "elapsed": 8.16302, "delta": 0.033666}}
{"target": -1221.3411021135373, "params": {"gamma": 5.9549611772267355, "lr": 0.5637635695018256}, "datetime": {"datetime": "2024-06-13 22:59:32", "elapsed": 8.168007, "delta": 0.004987}}
{"target": -1353.2702550785802, "params": {"gamma": 6.008479407469643, "lr": 0.3228534686765717}, "datetime": {"datetime": "2024-06-13 22:59:32", "elapsed": 8.172994, "delta": 0.004987}}
{"target": -1846.6069719349807, "params": {"gamma": 5.549264886470077, "lr": 0.17165630428408674}, "datetime": {"datetime": "2024-06-13 22:59:32", "elapsed": 8.177981, "delta": 0.004987}}
{"target": -2277.341515538582, "params": {"gamma": 6.49894440266871, "lr": 0.07167347369091615}, "datetime": {"datetime": "2024-06-13 22:59:32", "elapsed": 8.18197, "delta": 0.003989}}
{"target": -2676.4347511047686, "params": {"gamma": 8.750896260863644, "lr": 0.21613795014659942}, "datetime": {"datetime": "2024-06-13 22:59:32", "elapsed": 8.186957, "delta": 0.004987}}
{"target": -734.733400874149, "params": {"gamma": 2.9391518612119483, "lr": 0.8847369186394346}, "datetime": {"datetime": "2024-06-13 22:59:32", "elapsed": 8.191989, "delta": 0.005032}}
{"target": -2092.796855655621, "params": {"gamma": 8.836037308166828, "lr": 0.8362672161514131}, "datetime": {"datetime": "2024-06-13 22:59:32", "elapsed": 8.196976, "delta": 0.004987}}
{"target": -841.3161312535166, "params": {"gamma": 3.2700292334455643, "lr": 0.9023446392045666}, "datetime": {"datetime": "2024-06-13 22:59:32", "elapsed": 8.201962, "delta": 0.004986}}
{"target": -1619.0932212853522, "params": {"gamma": 7.718251155453087, "lr": 0.6580829809857549}, "datetime": {"datetime": "2024-06-13 22:59:32", "elapsed": 8.206949, "delta": 0.004987}}
{"target": -2080.094165302878, "params": {"gamma": 8.99813093515086, "lr": 0.7831314722628366}, "datetime": {"datetime": "2024-06-13 22:59:32", "elapsed": 8.211936, "delta": 0.004987}}
{"target": -962.5417081760561, "params": {"gamma": 4.2480703423217, "lr": 0.32425522412708885}, "datetime": {"datetime": "2024-06-13 22:59:32", "elapsed": 8.216922, "delta": 0.004986}}
{"target": -1389.5003950750602, "params": {"gamma": 3.9393874995637357, "lr": 0.06141215405816436}, "datetime": {"datetime": "2024-06-13 22:59:32", "elapsed": 8.221909, "delta": 0.004987}}
{"target": -830.6896379820269, "params": {"gamma": 3.634945499368943, "lr": 0.3530436858449395}, "datetime": {"datetime": "2024-06-13 22:59:32", "elapsed": 8.226896, "delta": 0.004987}}
{"target": -2128.3938528107037, "params": {"gamma": 8.656379251086715, "lr": 0.8887000495302622}, "datetime": {"datetime": "2024-06-13 22:59:32", "elapsed": 8.231882, "delta": 0.004986}}
{"target": -2158.800705704595, "params": {"gamma": 9.630557816537218, "lr": 0.32819924761463426}, "datetime": {"datetime": "2024-06-13 22:59:32", "elapsed": 8.236869, "delta": 0.004987}}
{"target": -1463.3137556773127, "params": {"gamma": 6.933508237753853, "lr": 0.6330662678957141}, "datetime": {"datetime": "2024-06-13 22:59:32", "elapsed": 8.241856, "delta": 0.004987}}
{"target": -603.4446502967589, "params": {"gamma": 2.425195012153892, "lr": 0.8699876263426785}, "datetime": {"datetime": "2024-06-13 22:59:32", "elapsed": 8.246843, "delta": 0.004987}}
{"target": -496.09815070002287, "params": {"gamma": 2.1418050557805293, "lr": 0.7477140026507801}, "datetime": {"datetime": "2024-06-13 22:59:32", "elapsed": 8.251829, "delta": 0.004986}}
{"target": -521.8098838192152, "params": {"gamma": 1.4474946912067754, "lr": 0.10681965623961165}, "datetime": {"datetime": "2024-06-13 22:59:32", "elapsed": 8.256816, "delta": 0.004987}}
{"target": -1515.372889523029, "params": {"gamma": 7.20350177902532, "lr": 0.5263181160447106}, "datetime": {"datetime": "2024-06-13 22:59:32", "elapsed": 8.261803, "delta": 0.004987}}
{"target": -1030.8863413851263, "params": {"gamma": 4.429715397531216, "lr": 0.7781805677545706}, "datetime": {"datetime": "2024-06-13 22:59:32", "elapsed": 8.266789, "delta": 0.004986}}
{"target": -859.6417970729674, "params": {"gamma": 3.588074784629776, "lr": 0.8533495985139066}, "datetime": {"datetime": "2024-06-13 22:59:32", "elapsed": 8.270778, "delta": 0.003989}}
{"target": -2433.118631517774, "params": {"gamma": 9.62176279907113, "lr": 0.97912549357449}, "datetime": {"datetime": "2024-06-13 22:59:32", "elapsed": 8.275765, "delta": 0.004987}}
{"target": -591.7162698851947, "params": {"gamma": 2.777002394800293, "lr": 0.4150070363847951}, "datetime": {"datetime": "2024-06-13 22:59:32", "elapsed": 8.280753, "delta": 0.004988}}
{"target": -1836.2101347640737, "params": {"gamma": 7.250373833289235, "lr": 0.8948659340129544}, "datetime": {"datetime": "2024-06-13 22:59:32", "elapsed": 8.285739, "delta": 0.004986}}
{"target": -1625.4836369195466, "params": {"gamma": 7.113399789936541, "lr": 0.7581322827790503}, "datetime": {"datetime": "2024-06-13 22:59:32", "elapsed": 8.290726, "delta": 0.004987}}
{"target": -1973.7489070996103, "params": {"gamma": 8.83415311602575, "lr": 0.3669482381501168}, "datetime": {"datetime": "2024-06-13 22:59:32", "elapsed": 8.297707, "delta": 0.006981}}
{"target": -1146.3163434169576, "params": {"gamma": 5.425906871529926, "lr": 0.5347699755827457}, "datetime": {"datetime": "2024-06-13 22:59:32", "elapsed": 8.306684, "delta": 0.008977}}
{"target": -1641.6423181519017, "params": {"gamma": 6.4761782194627475, "lr": 0.8951838797241277}, "datetime": {"datetime": "2024-06-13 22:59:32", "elapsed": 8.314582, "delta": 0.007898}}
{"target": -1524.8809444941369, "params": {"gamma": 6.00867393378521, "lr": 0.9699385377160038}, "datetime": {"datetime": "2024-06-13 22:59:32", "elapsed": 8.320566, "delta": 0.005984}}
{"target": -1527.0010217015074, "params": {"gamma": 7.3216234120977175, "lr": 0.41529149155458245}, "datetime": {"datetime": "2024-06-13 22:59:32", "elapsed": 8.326555, "delta": 0.005989}}
{"target": -1475.4325050133768, "params": {"gamma": 5.81180346318073, "lr": 0.9223207824170438}, "datetime": {"datetime": "2024-06-13 22:59:32", "elapsed": 8.332533, "delta": 0.005978}}
{"target": -1363.4107884687603, "params": {"gamma": 6.185385338885807, "lr": 0.709928603418362}, "datetime": {"datetime": "2024-06-13 22:59:32", "elapsed": 8.337523, "delta": 0.00499}}
{"target": -1497.4582958034791, "params": {"gamma": 6.613259028912707, "lr": 0.33614643889956264}, "datetime": {"datetime": "2024-06-13 22:59:32", "elapsed": 8.343508, "delta": 0.005985}}
{"target": -442.9253256974351, "params": {"gamma": 2.0341452163718596, "lr": 0.4078129626004203}, "datetime": {"datetime": "2024-06-13 22:59:32", "elapsed": 8.34949, "delta": 0.005982}}
{"target": -373.8004428904672, "params": {"gamma": 1.5085472915112057, "lr": 0.8263335477210154}, "datetime": {"datetime": "2024-06-13 22:59:32", "elapsed": 8.354478, "delta": 0.004988}}
{"target": -1482.1800490244939, "params": {"gamma": 7.104895674394641, "lr": 0.4010561894105159}, "datetime": {"datetime": "2024-06-13 22:59:32", "elapsed": 8.359467, "delta": 0.004989}}
{"target": -443.3214712432333, "params": {"gamma": 1.7146555781871196, "lr": 0.8757993398860495}, "datetime": {"datetime": "2024-06-13 22:59:32", "elapsed": 8.366446, "delta": 0.006979}}
{"target": -1620.9316357001908, "params": {"gamma": 6.3909999964742354, "lr": 0.9966028199815464}, "datetime": {"datetime": "2024-06-13 22:59:32", "elapsed": 8.371432, "delta": 0.004986}}
{"target": -322.40889401057007, "params": {"gamma": 1.0118777980878546, "lr": 0.24484835913226244}, "datetime": {"datetime": "2024-06-13 22:59:32", "elapsed": 8.37642, "delta": 0.004988}}
{"target": -232.58438157225527, "params": {"gamma": 0.8374656866964549, "lr": 0.7447417757596947}, "datetime": {"datetime": "2024-06-13 22:59:32", "elapsed": 8.381406, "delta": 0.004986}}
{"target": -415.9263965534539, "params": {"gamma": 1.5965935192609664, "lr": 0.8816595339350156}, "datetime": {"datetime": "2024-06-13 22:59:32", "elapsed": 8.386392, "delta": 0.004986}}
{"target": -1040.4924099697269, "params": {"gamma": 4.915303785862436, "lr": 0.526169262668513}, "datetime": {"datetime": "2024-06-13 22:59:32", "elapsed": 8.391379, "delta": 0.004987}}
{"target": -167.03067226745134, "params": {"gamma": 0.42616036762125126, "lr": 0.614053635731627}, "datetime": {"datetime": "2024-06-13 22:59:32", "elapsed": 8.396366, "delta": 0.004987}}
{"target": -707.9339019415453, "params": {"gamma": 2.2769202761615777, "lr": 0.2135040893470156}, "datetime": {"datetime": "2024-06-13 22:59:32", "elapsed": 8.40235, "delta": 0.005984}}
{"target": -2200.9704666790253, "params": {"gamma": 8.953290370672992, "lr": 0.8880133489969917}, "datetime": {"datetime": "2024-06-13 22:59:32", "elapsed": 8.407336, "delta": 0.004986}}
{"target": -147.91633019189155, "params": {"gamma": 0.05364657807886874, "lr": 0.832303959586102}, "datetime": {"datetime": "2024-06-13 22:59:32", "elapsed": 8.412323, "delta": 0.004987}}
{"target": -1893.5955459518407, "params": {"gamma": 9.02308610135554, "lr": 0.5119476580924737}, "datetime": {"datetime": "2024-06-13 22:59:32", "elapsed": 8.41731, "delta": 0.004987}}
{"target": -1500.4569540622012, "params": {"gamma": 6.56208200669582, "lr": 0.7677856839334473}, "datetime": {"datetime": "2024-06-13 22:59:32", "elapsed": 8.422296, "delta": 0.004986}}
{"target": -1387.9434367239905, "params": {"gamma": 6.854714307550932, "lr": 0.45911641964267924}, "datetime": {"datetime": "2024-06-13 22:59:32", "elapsed": 8.427283, "delta": 0.004987}}
{"target": -1206.0950973382999, "params": {"gamma": 5.7349488675951, "lr": 0.5740594317304389}, "datetime": {"datetime": "2024-06-13 22:59:32", "elapsed": 8.433267, "delta": 0.005984}}
{"target": -2442.0881084738635, "params": {"gamma": 8.421463069722522, "lr": 0.24044170761914385}, "datetime": {"datetime": "2024-06-13 22:59:32", "elapsed": 8.438254, "delta": 0.004987}}
{"target": -1749.3165258109962, "params": {"gamma": 7.572507436190774, "lr": 0.8123371097183338}, "datetime": {"datetime": "2024-06-13 22:59:32", "elapsed": 8.443241, "delta": 0.004987}}
{"target": -1840.598624282427, "params": {"gamma": 7.970526579088603, "lr": 0.8077078189919843}, "datetime": {"datetime": "2024-06-13 22:59:32", "elapsed": 8.449224, "delta": 0.005983}}
{"target": -1727.9350084716882, "params": {"gamma": 8.292970943843157, "lr": 0.4175157513022394}, "datetime": {"datetime": "2024-06-13 22:59:32", "elapsed": 8.454218, "delta": 0.004994}}
{"target": -1413.6664448642157, "params": {"gamma": 6.179249469269826, "lr": 0.7552455161468585}, "datetime": {"datetime": "2024-06-13 22:59:32", "elapsed": 8.460195, "delta": 0.005977}}
{"target": -1949.3951193488458, "params": {"gamma": 7.697885927847493, "lr": 0.9586046229255358}, "datetime": {"datetime": "2024-06-13 22:59:32", "elapsed": 8.465182, "delta": 0.004987}}
{"target": -1989.2126737931628, "params": {"gamma": 9.750777680644457, "lr": 0.5647345919090407}, "datetime": {"datetime": "2024-06-13 22:59:32", "elapsed": 8.470168, "delta": 0.004986}}
{"target": -1110.1013662933576, "params": {"gamma": 4.657924948350314, "lr": 0.8355253266864215}, "datetime": {"datetime": "2024-06-13 22:59:32", "elapsed": 8.475155, "delta": 0.004987}}
{"target": -518.46942365244, "params": {"gamma": 2.2003892786426134, "lr": 0.7663980894608939}, "datetime": {"datetime": "2024-06-13 22:59:32", "elapsed": 8.480142, "delta": 0.004987}}
{"target": -424.9975136500358, "params": {"gamma": 1.920923979668611, "lr": 0.5916275659530674}, "datetime": {"datetime": "2024-06-13 22:59:32", "elapsed": 8.485129, "delta": 0.004987}}
{"target": -1279.5201957880336, "params": {"gamma": 6.068707734799046, "lr": 0.44184380280217683}, "datetime": {"datetime": "2024-06-13 22:59:32", "elapsed": 8.490115, "delta": 0.004986}}
{"target": -1815.1211086230173, "params": {"gamma": 8.645641977427168, "lr": 0.5434821861417696}, "datetime": {"datetime": "2024-06-13 22:59:32", "elapsed": 8.495103, "delta": 0.004988}}
{"target": -1032.4612015913758, "params": {"gamma": 4.927804379534841, "lr": 0.4181256356700572}, "datetime": {"datetime": "2024-06-13 22:59:32", "elapsed": 8.500088, "delta": 0.004985}}
{"target": -200.51690574811158, "params": {"gamma": 0.6231896086801356, "lr": 0.3621494599268943}, "datetime": {"datetime": "2024-06-13 22:59:32", "elapsed": 8.505075, "delta": 0.004987}}
{"target": -235.739899272279, "params": {"gamma": 0.9290607665831948, "lr": 0.5656384996760548}, "datetime": {"datetime": "2024-06-13 22:59:32", "elapsed": 8.510062, "delta": 0.004987}}
{"target": -1464.927518924707, "params": {"gamma": 6.4053758139443495, "lr": 0.7677822626181597}, "datetime": {"datetime": "2024-06-13 22:59:32", "elapsed": 8.515048, "delta": 0.004986}}
{"target": -1974.1989124229412, "params": {"gamma": 6.325720028185084, "lr": 0.1870607551754626}, "datetime": {"datetime": "2024-06-13 22:59:32", "elapsed": 8.520619, "delta": 0.005571}}
{"target": -1551.9769768531987, "params": {"gamma": 7.502689263840385, "lr": 0.5488594004307864}, "datetime": {"datetime": "2024-06-13 22:59:32", "elapsed": 8.525605, "delta": 0.004986}}
{"target": -387.81370678381273, "params": {"gamma": 1.0226014229845646, "lr": 0.024827029187908023}, "datetime": {"datetime": "2024-06-13 22:59:32", "elapsed": 8.530592, "delta": 0.004987}}
{"target": -672.3512476147773, "params": {"gamma": 2.988163177641064, "lr": 0.6900150292649251}, "datetime": {"datetime": "2024-06-13 22:59:32", "elapsed": 8.536111, "delta": 0.005519}}
{"target": -2359.2372476219134, "params": {"gamma": 9.327950716090912, "lr": 0.9664972006802195}, "datetime": {"datetime": "2024-06-13 22:59:32", "elapsed": 8.541071, "delta": 0.00496}}
{"target": -1755.5140036074872, "params": {"gamma": 7.645716345257133, "lr": 0.2932491857068945}, "datetime": {"datetime": "2024-06-13 22:59:32", "elapsed": 8.546064, "delta": 0.004993}}
{"target": -1807.3409744306846, "params": {"gamma": 6.2210691836043965, "lr": 0.23109612753682562}, "datetime": {"datetime": "2024-06-13 22:59:32", "elapsed": 8.552042, "delta": 0.005978}}
{"target": -2581.611952191727, "params": {"gamma": 7.507153026145066, "lr": 0.16586702947952792}, "datetime": {"datetime": "2024-06-13 22:59:32", "elapsed": 8.557029, "delta": 0.004987}}
{"target": -1835.853964065302, "params": {"gamma": 7.564947384855503, "lr": 0.8685889989304815}, "datetime": {"datetime": "2024-06-13 22:59:32", "elapsed": 8.562015, "delta": 0.004986}}
{"target": -1825.134346698766, "params": {"gamma": 5.195544029510985, "lr": 0.06563483825850425}, "datetime": {"datetime": "2024-06-13 22:59:32", "elapsed": 8.567002, "delta": 0.004987}}
{"target": -1070.5914626381448, "params": {"gamma": 4.4894713154372115, "lr": 0.8378286113798175}, "datetime": {"datetime": "2024-06-13 22:59:32", "elapsed": 8.570991, "delta": 0.003989}}
{"target": -649.648062037184, "params": {"gamma": 1.7983467816471097, "lr": 0.03855906126279496}, "datetime": {"datetime": "2024-06-13 22:59:32", "elapsed": 8.57652, "delta": 0.005529}}
{"target": -1498.7476132114125, "params": {"gamma": 7.327203051217345, "lr": 0.5630407235733951}, "datetime": {"datetime": "2024-06-13 22:59:32", "elapsed": 8.581506, "delta": 0.004986}}
{"target": -175.9324317037518, "params": {"gamma": 0.42156420386587773, "lr": 0.9848852640583016}, "datetime": {"datetime": "2024-06-13 22:59:32", "elapsed": 8.586493, "delta": 0.004987}}
{"target": -1197.5671452833592, "params": {"gamma": 5.693754542449788, "lr": 0.585156672962654}, "datetime": {"datetime": "2024-06-13 22:59:32", "elapsed": 8.591479, "delta": 0.004986}}
{"target": -2007.2301897606053, "params": {"gamma": 7.899276512022575, "lr": 0.9026346706863088}, "datetime": {"datetime": "2024-06-13 22:59:32", "elapsed": 8.596466, "delta": 0.004987}}
{"target": -198.312929967618, "params": {"gamma": 0.6084466125606112, "lr": 0.34851320938881547}, "datetime": {"datetime": "2024-06-13 22:59:32", "elapsed": 8.601453, "delta": 0.004987}}
{"target": -424.1402475164413, "params": {"gamma": 2.001718538820858, "lr": 0.4651515316549586}, "datetime": {"datetime": "2024-06-13 22:59:32", "elapsed": 8.606439, "delta": 0.004986}}
{"target": -353.05767882740037, "params": {"gamma": 0.9155879517141836, "lr": 0.06808577423972362}, "datetime": {"datetime": "2024-06-13 22:59:32", "elapsed": 8.611426, "delta": 0.004987}}
{"target": -776.2404191731287, "params": {"gamma": 3.009593441869708, "lr": 0.9043452577718513}, "datetime": {"datetime": "2024-06-13 22:59:32", "elapsed": 8.616413, "delta": 0.004987}}
{"target": -2224.968986619232, "params": {"gamma": 9.755444236897075, "lr": 0.7637200317833946}, "datetime": {"datetime": "2024-06-13 22:59:32", "elapsed": 8.621399, "delta": 0.004986}}
{"target": -149.95157106090346, "params": {"gamma": 0.008408388692528457, "lr": 0.735215554236234}, "datetime": {"datetime": "2024-06-13 22:59:32", "elapsed": 8.626387, "delta": 0.004988}}
{"target": -165.42407582343682, "params": {"gamma": 0.22090310734026275, "lr": 0.16856568225506097}, "datetime": {"datetime": "2024-06-13 22:59:32", "elapsed": 8.631372, "delta": 0.004985}}
{"target": -153.87502116898213, "params": {"gamma": 0.10612956883701744, "lr": 0.1491269987672621}, "datetime": {"datetime": "2024-06-13 22:59:32", "elapsed": 8.636359, "delta": 0.004987}}
{"target": -1513.6820996524714, "params": {"gamma": 6.87536774608507, "lr": 0.7020168753413566}, "datetime": {"datetime": "2024-06-13 22:59:32", "elapsed": 8.641346, "delta": 0.004987}}
{"target": -836.519958964429, "params": {"gamma": 3.7114029888119466, "lr": 0.7311908242003646}, "datetime": {"datetime": "2024-06-13 22:59:32", "elapsed": 8.646333, "delta": 0.004987}}
{"target": -2841.143254172426, "params": {"gamma": 8.47319475004096, "lr": 0.13035751444155008}, "datetime": {"datetime": "2024-06-13 22:59:32", "elapsed": 8.651319, "delta": 0.004986}}
{"target": -240.6552234986689, "params": {"gamma": 0.8749857543012785, "lr": 0.37192145651390274}, "datetime": {"datetime": "2024-06-13 22:59:32", "elapsed": 8.656306, "delta": 0.004987}}
{"target": -1014.0541191832959, "params": {"gamma": 4.039432491874189, "lr": 0.27640421986037034}, "datetime": {"datetime": "2024-06-13 22:59:32", "elapsed": 8.661293, "delta": 0.004987}}
{"target": -1694.2025876977452, "params": {"gamma": 7.5419276912585245, "lr": 0.32178620055239215}, "datetime": {"datetime": "2024-06-13 22:59:32", "elapsed": 8.666279, "delta": 0.004986}}
{"target": -2025.7589863825065, "params": {"gamma": 8.001642974863078, "lr": 0.9113083542736461}, "datetime": {"datetime": "2024-06-13 22:59:32", "elapsed": 8.671266, "delta": 0.004987}}
