{"target": -389.8944079700395, "params": {"gamma": 2.351541289225017, "lr": 0.461602080891622}, "datetime": {"datetime": "2024-06-13 18:39:23", "elapsed": 2.167612, "delta": 0.002992}}
{"target": -969.1333872091034, "params": {"gamma": 1.9867164390362086, "lr": 0.0254762357788203}, "datetime": {"datetime": "2024-06-13 18:39:23", "elapsed": 2.171601, "delta": 0.003989}}
{"target": -1687.2940189458513, "params": {"gamma": 7.294247584863271, "lr": 0.7249167472191191}, "datetime": {"datetime": "2024-06-13 18:39:23", "elapsed": 2.175591, "delta": 0.00399}}
{"target": -937.5788316415216, "params": {"gamma": 3.304587071870666, "lr": 0.8434941260636555}, "datetime": {"datetime": "2024-06-13 18:39:23", "elapsed": 2.17958, "delta": 0.003989}}
{"target": -1260.669655220984, "params": {"gamma": 4.284996317034784, "lr": 0.8646861447635343}, "datetime": {"datetime": "2024-06-13 18:39:23", "elapsed": 2.183569, "delta": 0.003989}}
{"target": -1146.8758034567006, "params": {"gamma": 6.570997180804273, "lr": 0.5810356574180902}, "datetime": {"datetime": "2024-06-13 18:39:23", "elapsed": 2.186562, "delta": 0.002993}}
{"target": -384.2235839948108, "params": {"gamma": 2.008074152862875, "lr": 0.5295466104783949}, "datetime": {"datetime": "2024-06-13 18:39:23", "elapsed": 2.190551, "delta": 0.003989}}
{"target": -1479.8530363247207, "params": {"gamma": 8.944429751857296, "lr": 0.30499397583521604}, "datetime": {"datetime": "2024-06-13 18:39:23", "elapsed": 2.19454, "delta": 0.003989}}
{"target": -2626.823653238695, "params": {"gamma": 8.709585146001372, "lr": 0.9087452728583881}, "datetime": {"datetime": "2024-06-13 18:39:23", "elapsed": 2.198379, "delta": 0.003839}}
{"target": -776.379747927334, "params": {"gamma": 3.2991157822561417, "lr": 0.6830743663365642}, "datetime": {"datetime": "2024-06-13 18:39:23", "elapsed": 2.202368, "delta": 0.003989}}
{"target": -4265.186701514435, "params": {"gamma": 8.992310274710121, "lr": 0.07569688175830336}, "datetime": {"datetime": "2024-06-13 18:39:23", "elapsed": 2.206358, "delta": 0.00399}}
{"target": -1734.7696489354687, "params": {"gamma": 8.7860000441845, "lr": 0.1908393632684806}, "datetime": {"datetime": "2024-06-13 18:39:23", "elapsed": 2.209349, "delta": 0.002991}}
{"target": -1951.8574192663248, "params": {"gamma": 8.497839331269288, "lr": 0.6671187886992039}, "datetime": {"datetime": "2024-06-13 18:39:23", "elapsed": 2.213339, "delta": 0.00399}}
{"target": -862.0214107536557, "params": {"gamma": 3.4440476153050885, "lr": 0.151375569992799}, "datetime": {"datetime": "2024-06-13 18:39:23", "elapsed": 2.217328, "delta": 0.003989}}
{"target": -1779.7816585537819, "params": {"gamma": 6.354074243923046, "lr": 0.8477880437147416}, "datetime": {"datetime": "2024-06-13 18:39:23", "elapsed": 2.221317, "delta": 0.003989}}
{"target": -1600.357150178497, "params": {"gamma": 8.218671898265342, "lr": 0.6282395971306578}, "datetime": {"datetime": "2024-06-13 18:39:23", "elapsed": 2.225306, "delta": 0.003989}}
{"target": -1678.0461271940253, "params": {"gamma": 9.563058796042565, "lr": 0.5899231270757698}, "datetime": {"datetime": "2024-06-13 18:39:23", "elapsed": 2.229296, "delta": 0.00399}}
{"target": -357.1641254155422, "params": {"gamma": 1.979130013694545, "lr": 0.4293307226164923}, "datetime": {"datetime": "2024-06-13 18:39:23", "elapsed": 2.233286, "delta": 0.00399}}
{"target": -1070.5778503632482, "params": {"gamma": 3.3681232410129716, "lr": 0.991945011907281}, "datetime": {"datetime": "2024-06-13 18:39:23", "elapsed": 2.237274, "delta": 0.003988}}
{"target": -1205.9242765781182, "params": {"gamma": 3.8029847246765303, "lr": 0.992700873664818}, "datetime": {"datetime": "2024-06-13 18:39:23", "elapsed": 2.240267, "delta": 0.002993}}
{"target": -1093.358316161245, "params": {"gamma": 5.188523703083409, "lr": 0.17227970147712546}, "datetime": {"datetime": "2024-06-13 18:39:23", "elapsed": 2.244256, "delta": 0.003989}}
{"target": -172.83247968895625, "params": {"gamma": 0.7466661384435471, "lr": 0.37030569377388767}, "datetime": {"datetime": "2024-06-13 18:39:23", "elapsed": 2.248245, "delta": 0.003989}}
{"target": -282.03835255388987, "params": {"gamma": 1.235065179287484, "lr": 0.6345187162918416}, "datetime": {"datetime": "2024-06-13 18:39:23", "elapsed": 2.252234, "delta": 0.003989}}
{"target": -1310.9255940095557, "params": {"gamma": 4.13978453744836, "lr": 0.9909156325254501}, "datetime": {"datetime": "2024-06-13 18:39:23", "elapsed": 2.256224, "delta": 0.00399}}
{"target": -2262.616213611473, "params": {"gamma": 9.299626280909525, "lr": 0.14923603230975002}, "datetime": {"datetime": "2024-06-13 18:39:23", "elapsed": 2.260213, "delta": 0.003989}}
{"target": -625.7494643413695, "params": {"gamma": 3.9494277431054683, "lr": 0.46157971096238615}, "datetime": {"datetime": "2024-06-13 18:39:23", "elapsed": 2.264203, "delta": 0.00399}}
{"target": -1434.3234244697596, "params": {"gamma": 5.609926602464331, "lr": 0.7803635232892685}, "datetime": {"datetime": "2024-06-13 18:39:23", "elapsed": 2.267195, "delta": 0.002992}}
{"target": -806.0357056856351, "params": {"gamma": 4.872451896825164, "lr": 0.4199935520102408}, "datetime": {"datetime": "2024-06-13 18:39:23", "elapsed": 2.271184, "delta": 0.003989}}
{"target": -816.8603685182535, "params": {"gamma": 2.6207350474886373, "lr": 0.9108061390867584}, "datetime": {"datetime": "2024-06-13 18:39:23", "elapsed": 2.275173, "delta": 0.003989}}
{"target": -159.57604847480027, "params": {"gamma": 0.22369284381650878, "lr": 0.8211218982189646}, "datetime": {"datetime": "2024-06-13 18:39:23", "elapsed": 2.279163, "delta": 0.00399}}
{"target": -461.82084139174253, "params": {"gamma": 1.8854955282645185, "lr": 0.6857568991725472}, "datetime": {"datetime": "2024-06-13 18:39:23", "elapsed": 2.283152, "delta": 0.003989}}
{"target": -1128.0002567801196, "params": {"gamma": 3.552738684007098, "lr": 0.9742126278950913}, "datetime": {"datetime": "2024-06-13 18:39:23", "elapsed": 2.287142, "delta": 0.00399}}
{"target": -285.7225897918946, "params": {"gamma": 1.22859852236475, "lr": 0.18756989261723955}, "datetime": {"datetime": "2024-06-13 18:39:23", "elapsed": 2.291131, "delta": 0.003989}}
{"target": -1562.4209325947859, "params": {"gamma": 8.894535312169324, "lr": 0.5834063146082279}, "datetime": {"datetime": "2024-06-13 18:39:23", "elapsed": 2.29512, "delta": 0.003989}}
{"target": -1487.8554104302116, "params": {"gamma": 3.0931546002031376, "lr": 0.0007643854781880233}, "datetime": {"datetime": "2024-06-13 18:39:23", "elapsed": 2.299353, "delta": 0.004233}}
{"target": -586.5281223426097, "params": {"gamma": 2.2767497854842085, "lr": 0.1454036341712357}, "datetime": {"datetime": "2024-06-13 18:39:23", "elapsed": 2.303342, "delta": 0.003989}}
{"target": -633.1856018759538, "params": {"gamma": 2.035134809876536, "lr": 0.8963225568040046}, "datetime": {"datetime": "2024-06-13 18:39:23", "elapsed": 2.306726, "delta": 0.003384}}
{"target": -2004.6769093586443, "params": {"gamma": 8.731070688318136, "lr": 0.7002894376334498}, "datetime": {"datetime": "2024-06-13 18:39:23", "elapsed": 2.310704, "delta": 0.003978}}
{"target": -1304.3988093622756, "params": {"gamma": 4.705506263845939, "lr": 0.8271360023322883}, "datetime": {"datetime": "2024-06-13 18:39:23", "elapsed": 2.314693, "delta": 0.003989}}
{"target": -720.9113954612172, "params": {"gamma": 4.958768144455039, "lr": 0.36348868328490525}, "datetime": {"datetime": "2024-06-13 18:39:23", "elapsed": 2.318683, "delta": 0.00399}}
{"target": -880.977850118897, "params": {"gamma": 2.7567554245058266, "lr": 0.9247408135383717}, "datetime": {"datetime": "2024-06-13 18:39:23", "elapsed": 2.322672, "delta": 0.003989}}
{"target": -613.9380975448632, "params": {"gamma": 3.8705053533286655, "lr": 0.49288087343132025}, "datetime": {"datetime": "2024-06-13 18:39:23", "elapsed": 2.326661, "delta": 0.003989}}
{"target": -761.3420210936421, "params": {"gamma": 2.5451265850419067, "lr": 0.8849665188380633}, "datetime": {"datetime": "2024-06-13 18:39:23", "elapsed": 2.33065, "delta": 0.003989}}
{"target": -645.4694912599647, "params": {"gamma": 3.833251304596062, "lr": 0.29757471531387525}, "datetime": {"datetime": "2024-06-13 18:39:23", "elapsed": 2.33464, "delta": 0.00399}}
{"target": -1420.9132288876829, "params": {"gamma": 7.17623202698535, "lr": 0.19086994317230743}, "datetime": {"datetime": "2024-06-13 18:39:23", "elapsed": 2.338629, "delta": 0.003989}}
{"target": -366.55815403211574, "params": {"gamma": 1.1828081008410374, "lr": 0.8369977822135122}, "datetime": {"datetime": "2024-06-13 18:39:23", "elapsed": 2.341621, "delta": 0.002992}}
{"target": -1311.1842836222884, "params": {"gamma": 7.441615077773983, "lr": 0.5905205476471171}, "datetime": {"datetime": "2024-06-13 18:39:23", "elapsed": 2.346601, "delta": 0.00498}}
{"target": -473.6438296490531, "params": {"gamma": 2.429672858073742, "lr": 0.6232471451875841}, "datetime": {"datetime": "2024-06-13 18:39:23", "elapsed": 2.350582, "delta": 0.003981}}
{"target": -1063.9704350533773, "params": {"gamma": 6.383914852090989, "lr": 0.32756944411232514}, "datetime": {"datetime": "2024-06-13 18:39:23", "elapsed": 2.354571, "delta": 0.003989}}
{"target": -248.82517858477965, "params": {"gamma": 0.6758259413323553, "lr": 0.8805385975643267}, "datetime": {"datetime": "2024-06-13 18:39:23", "elapsed": 2.357563, "delta": 0.002992}}
{"target": -1140.5369060719663, "params": {"gamma": 4.60010735401151, "lr": 0.7638727180664299}, "datetime": {"datetime": "2024-06-13 18:39:23", "elapsed": 2.361552, "delta": 0.003989}}
{"target": -468.73435399731, "params": {"gamma": 2.539632320806454, "lr": 0.5913871822675169}, "datetime": {"datetime": "2024-06-13 18:39:23", "elapsed": 2.365542, "delta": 0.00399}}
{"target": -687.9793198325438, "params": {"gamma": 4.288522808327629, "lr": 0.38210064254913956}, "datetime": {"datetime": "2024-06-13 18:39:23", "elapsed": 2.369531, "delta": 0.003989}}
{"target": -221.43617061666777, "params": {"gamma": 1.2680071250853806, "lr": 0.24426666320897583}, "datetime": {"datetime": "2024-06-13 18:39:23", "elapsed": 2.373521, "delta": 0.00399}}
{"target": -196.75100976022784, "params": {"gamma": 0.7943364880002312, "lr": 0.3028583047175786}, "datetime": {"datetime": "2024-06-13 18:39:23", "elapsed": 2.37751, "delta": 0.003989}}
{"target": -1375.1474643035242, "params": {"gamma": 7.417306297515323, "lr": 0.6150157249710488}, "datetime": {"datetime": "2024-06-13 18:39:23", "elapsed": 2.381499, "delta": 0.003989}}
{"target": -3197.0471244645214, "params": {"gamma": 6.724438578240325, "lr": 0.00838307952503159}, "datetime": {"datetime": "2024-06-13 18:39:23", "elapsed": 2.385488, "delta": 0.003989}}
{"target": -1207.1196018734295, "params": {"gamma": 6.784091345540948, "lr": 0.503180690542887}, "datetime": {"datetime": "2024-06-13 18:39:23", "elapsed": 2.389478, "delta": 0.00399}}
{"target": -506.3072917940565, "params": {"gamma": 2.309853596391308, "lr": 0.17489650898192222}, "datetime": {"datetime": "2024-06-13 18:39:23", "elapsed": 2.393467, "delta": 0.003989}}
{"target": -542.0908096675838, "params": {"gamma": 1.8506446725427474, "lr": 0.8442600050750985}, "datetime": {"datetime": "2024-06-13 18:39:23", "elapsed": 2.397457, "delta": 0.00399}}
{"target": -3005.8935302544755, "params": {"gamma": 9.825915303261548, "lr": 0.9137396248416316}, "datetime": {"datetime": "2024-06-13 18:39:23", "elapsed": 2.401446, "delta": 0.003989}}
{"target": -897.0692961863098, "params": {"gamma": 3.4743468343077555, "lr": 0.7802245796913637}, "datetime": {"datetime": "2024-06-13 18:39:23", "elapsed": 2.405435, "delta": 0.003989}}
{"target": -1502.8804412897234, "params": {"gamma": 5.464999452423606, "lr": 0.8164423975559377}, "datetime": {"datetime": "2024-06-13 18:39:23", "elapsed": 2.409697, "delta": 0.004262}}
{"target": -861.5477596777339, "params": {"gamma": 4.8377857849378705, "lr": 0.5899512982994037}, "datetime": {"datetime": "2024-06-13 18:39:23", "elapsed": 2.413687, "delta": 0.00399}}
{"target": -3033.814708895494, "params": {"gamma": 7.872847211795091, "lr": 0.10023464310313235}, "datetime": {"datetime": "2024-06-13 18:39:23", "elapsed": 2.417676, "delta": 0.003989}}
{"target": -757.6956696578252, "params": {"gamma": 5.370534161288567, "lr": 0.36598334666965426}, "datetime": {"datetime": "2024-06-13 18:39:23", "elapsed": 2.421665, "delta": 0.003989}}
{"target": -1905.7813226409414, "params": {"gamma": 6.043464129845054, "lr": 0.9588025156370005}, "datetime": {"datetime": "2024-06-13 18:39:23", "elapsed": 2.425655, "delta": 0.00399}}
{"target": -633.140030866293, "params": {"gamma": 3.9288366270246278, "lr": 0.39297299794161644}, "datetime": {"datetime": "2024-06-13 18:39:23", "elapsed": 2.429645, "delta": 0.00399}}
{"target": -1547.849908010321, "params": {"gamma": 7.9065792989023995, "lr": 0.6450783990854264}, "datetime": {"datetime": "2024-06-13 18:39:23", "elapsed": 2.433634, "delta": 0.003989}}
{"target": -920.5616193873982, "params": {"gamma": 3.9394461945459094, "lr": 0.6889550482302514}, "datetime": {"datetime": "2024-06-13 18:39:23", "elapsed": 2.437647, "delta": 0.004013}}
{"target": -1146.024611475409, "params": {"gamma": 4.040612088934736, "lr": 0.1361131542481221}, "datetime": {"datetime": "2024-06-13 18:39:23", "elapsed": 2.441653, "delta": 0.004006}}
{"target": -658.0698293138256, "params": {"gamma": 4.506982043452673, "lr": 0.3344193926972726}, "datetime": {"datetime": "2024-06-13 18:39:23", "elapsed": 2.445643, "delta": 0.00399}}
{"target": -703.5221467510546, "params": {"gamma": 2.180471331681618, "lr": 0.9257748016364399}, "datetime": {"datetime": "2024-06-13 18:39:23", "elapsed": 2.449632, "delta": 0.003989}}
{"target": -1216.9929641093875, "params": {"gamma": 6.896704351396498, "lr": 0.5988208906234219}, "datetime": {"datetime": "2024-06-13 18:39:23", "elapsed": 2.453621, "delta": 0.003989}}
{"target": -1326.124487203958, "params": {"gamma": 7.466828063757928, "lr": 0.5419710617714415}, "datetime": {"datetime": "2024-06-13 18:39:23", "elapsed": 2.456613, "delta": 0.002992}}
{"target": -2206.7911213249413, "params": {"gamma": 7.005630193122407, "lr": 0.9305598192498451}, "datetime": {"datetime": "2024-06-13 18:39:23", "elapsed": 2.460602, "delta": 0.003989}}
{"target": -1802.833572901329, "params": {"gamma": 8.626304328357714, "lr": 0.1674418575065213}, "datetime": {"datetime": "2024-06-13 18:39:24", "elapsed": 2.464592, "delta": 0.00399}}
{"target": -1271.3994504007985, "params": {"gamma": 2.6321271002148183, "lr": 0.07161027944180454}, "datetime": {"datetime": "2024-06-13 18:39:24", "elapsed": 2.468581, "delta": 0.003989}}
{"target": -1276.173232053714, "params": {"gamma": 9.786749378778312, "lr": 0.23638409866037557}, "datetime": {"datetime": "2024-06-13 18:39:24", "elapsed": 2.47257, "delta": 0.003989}}
{"target": -3187.5755397016737, "params": {"gamma": 6.6063229609300596, "lr": 0.089630698927462}, "datetime": {"datetime": "2024-06-13 18:39:24", "elapsed": 2.47656, "delta": 0.00399}}
{"target": -400.8249843221917, "params": {"gamma": 2.1084986499281, "lr": 0.5028243835184045}, "datetime": {"datetime": "2024-06-13 18:39:24", "elapsed": 2.480549, "delta": 0.003989}}
{"target": -217.71411490459548, "params": {"gamma": 1.0504317296309502, "lr": 0.38887340269472437}, "datetime": {"datetime": "2024-06-13 18:39:24", "elapsed": 2.483541, "delta": 0.002992}}
{"target": -779.6640925675026, "params": {"gamma": 5.3803392136766695, "lr": 0.33920418488509996}, "datetime": {"datetime": "2024-06-13 18:39:24", "elapsed": 2.48753, "delta": 0.003989}}
{"target": -993.8569266593206, "params": {"gamma": 5.559446211054629, "lr": 0.536768321942464}, "datetime": {"datetime": "2024-06-13 18:39:24", "elapsed": 2.49152, "delta": 0.00399}}
{"target": -913.1804768786844, "params": {"gamma": 3.906714376870321, "lr": 0.6962700831011029}, "datetime": {"datetime": "2024-06-13 18:39:24", "elapsed": 2.495509, "delta": 0.003989}}
{"target": -1564.041509453024, "params": {"gamma": 6.785146057525243, "lr": 0.6873031493743899}, "datetime": {"datetime": "2024-06-13 18:39:24", "elapsed": 2.499498, "delta": 0.003989}}
{"target": -812.4510382335837, "params": {"gamma": 5.615351096734943, "lr": 0.3580799140129358}, "datetime": {"datetime": "2024-06-13 18:39:24", "elapsed": 2.503488, "delta": 0.00399}}
{"target": -1933.321292289844, "params": {"gamma": 6.131510241334756, "lr": 0.9357362666081998}, "datetime": {"datetime": "2024-06-13 18:39:24", "elapsed": 2.50757, "delta": 0.004082}}
{"target": -1882.5808724177264, "params": {"gamma": 5.969288360934786, "lr": 0.9795901743594252}, "datetime": {"datetime": "2024-06-13 18:39:24", "elapsed": 2.511559, "delta": 0.003989}}
{"target": -1047.5504667346759, "params": {"gamma": 4.4106251974683035, "lr": 0.7396119625075467}, "datetime": {"datetime": "2024-06-13 18:39:24", "elapsed": 2.515549, "delta": 0.00399}}
{"target": -172.3964072923895, "params": {"gamma": 0.3770011826173517, "lr": 0.7647266390004861}, "datetime": {"datetime": "2024-06-13 18:39:24", "elapsed": 2.519538, "delta": 0.003989}}
{"target": -2471.2841878656163, "params": {"gamma": 5.1832975216877974, "lr": 0.0053165329611032375}, "datetime": {"datetime": "2024-06-13 18:39:24", "elapsed": 2.523527, "delta": 0.003989}}
{"target": -512.4997311114837, "params": {"gamma": 2.772723847721202, "lr": 0.5348322325198115}, "datetime": {"datetime": "2024-06-13 18:39:24", "elapsed": 2.527727, "delta": 0.0042}}
{"target": -3647.0317871219213, "params": {"gamma": 7.679860819934835, "lr": 0.05309259545252509}, "datetime": {"datetime": "2024-06-13 18:39:24", "elapsed": 2.531716, "delta": 0.003989}}
{"target": -1509.9273751296587, "params": {"gamma": 5.490985385061347, "lr": 0.800994555798356}, "datetime": {"datetime": "2024-06-13 18:39:24", "elapsed": 2.535705, "delta": 0.003989}}
{"target": -2047.3987336982814, "params": {"gamma": 6.496180965729911, "lr": 0.9314470149929107}, "datetime": {"datetime": "2024-06-13 18:39:24", "elapsed": 2.539695, "delta": 0.00399}}
{"target": -188.6437249650792, "params": {"gamma": 0.7482397187025968, "lr": 0.2768064626005866}, "datetime": {"datetime": "2024-06-13 18:39:24", "elapsed": 2.542687, "delta": 0.002992}}
{"target": -2257.826601806128, "params": {"gamma": 9.192455805057469, "lr": 0.7650051482981429}, "datetime": {"datetime": "2024-06-13 18:39:24", "elapsed": 2.546676, "delta": 0.003989}}
{"target": -1657.3275286078217, "params": {"gamma": 5.9978037043765156, "lr": 0.8329681438370704}, "datetime": {"datetime": "2024-06-13 18:39:24", "elapsed": 2.550666, "delta": 0.00399}}
{"target": -2818.5633585472387, "params": {"gamma": 8.960538872258445, "lr": 0.9727203528528249}, "datetime": {"datetime": "2024-06-13 18:39:24", "elapsed": 2.554655, "delta": 0.003989}}
{"target": -2797.3782550268606, "params": {"gamma": 9.98520655039097, "lr": 0.13964933368410348}, "datetime": {"datetime": "2024-06-13 18:39:24", "elapsed": 2.558644, "delta": 0.003989}}
{"target": -380.89259642784407, "params": {"gamma": 0.7063499053922482, "lr": 0.07346665436012334}, "datetime": {"datetime": "2024-06-13 18:39:24", "elapsed": 2.562634, "delta": 0.00399}}
{"target": -154.39452081267012, "params": {"gamma": 0.14842316520856935, "lr": 0.971820072977926}, "datetime": {"datetime": "2024-06-13 18:39:24", "elapsed": 2.566622, "delta": 0.003988}}
{"target": -307.5806674407598, "params": {"gamma": 0.9485743976558341, "lr": 0.8417368261858497}, "datetime": {"datetime": "2024-06-13 18:39:24", "elapsed": 2.570612, "delta": 0.00399}}
{"target": -1063.4206458869107, "params": {"gamma": 6.852044796080089, "lr": 0.4875571674829181}, "datetime": {"datetime": "2024-06-13 18:39:24", "elapsed": 2.574602, "delta": 0.00399}}
{"target": -514.3825198400355, "params": {"gamma": 3.4676021187044235, "lr": 0.35364778706700506}, "datetime": {"datetime": "2024-06-13 18:39:24", "elapsed": 2.578591, "delta": 0.003989}}
{"target": -792.3839993865804, "params": {"gamma": 2.539134984589525, "lr": 0.9110179736986265}, "datetime": {"datetime": "2024-06-13 18:39:24", "elapsed": 2.58258, "delta": 0.003989}}
{"target": -3447.72927966563, "params": {"gamma": 7.256699812403196, "lr": 0.025925792784269874}, "datetime": {"datetime": "2024-06-13 18:39:24", "elapsed": 2.586569, "delta": 0.003989}}
{"target": -736.5313320173768, "params": {"gamma": 4.615751011217899, "lr": 0.28130127253681136}, "datetime": {"datetime": "2024-06-13 18:39:24", "elapsed": 2.589561, "delta": 0.002992}}
{"target": -169.81067597135169, "params": {"gamma": 0.2906328955928069, "lr": 0.8846818943092944}, "datetime": {"datetime": "2024-06-13 18:39:24", "elapsed": 2.593551, "delta": 0.00399}}
{"target": -1279.3561625904679, "params": {"gamma": 7.710282574188869, "lr": 0.32973507924426093}, "datetime": {"datetime": "2024-06-13 18:39:24", "elapsed": 2.59754, "delta": 0.003989}}
{"target": -1320.861136002321, "params": {"gamma": 7.965789316779574, "lr": 0.3246383222029966}, "datetime": {"datetime": "2024-06-13 18:39:24", "elapsed": 2.601529, "delta": 0.003989}}
{"target": -980.9498716294121, "params": {"gamma": 3.0795165557326496, "lr": 0.9281090785007262}, "datetime": {"datetime": "2024-06-13 18:39:24", "elapsed": 2.605519, "delta": 0.00399}}
{"target": -1727.6823768991574, "params": {"gamma": 9.769184703296556, "lr": 0.5235553047168928}, "datetime": {"datetime": "2024-06-13 18:39:24", "elapsed": 2.609535, "delta": 0.004016}}
{"target": -2778.7023938430034, "params": {"gamma": 9.519399740511682, "lr": 0.8879964939264646}, "datetime": {"datetime": "2024-06-13 18:39:24", "elapsed": 2.613524, "delta": 0.003989}}
{"target": -732.0198310222985, "params": {"gamma": 5.180807583382493, "lr": 0.3727488020974856}, "datetime": {"datetime": "2024-06-13 18:39:24", "elapsed": 2.617514, "delta": 0.00399}}
{"target": -1101.5156557602095, "params": {"gamma": 7.103835428617774, "lr": 0.455643424642054}, "datetime": {"datetime": "2024-06-13 18:39:24", "elapsed": 2.621503, "delta": 0.003989}}
