{"target": -463.7539564043055, "params": {"gamma": 2.6097471361451294, "lr": 0.33415183351807476}, "datetime": {"datetime": "2024-06-13 20:37:18", "elapsed": 7.17312, "delta": 0.004989}}
{"target": -1098.6826193595011, "params": {"gamma": 4.647854040432997, "lr": 0.2343564434014873}, "datetime": {"datetime": "2024-06-13 20:37:18", "elapsed": 7.177109, "delta": 0.003989}}
{"target": -1386.51214427251, "params": {"gamma": 7.27531136269942, "lr": 0.807191102024009}, "datetime": {"datetime": "2024-06-13 20:37:18", "elapsed": 7.1821, "delta": 0.004991}}
{"target": -1470.7722985834303, "params": {"gamma": 7.909964984873447, "lr": 0.7157485483912336}, "datetime": {"datetime": "2024-06-13 20:37:18", "elapsed": 7.187086, "delta": 0.004986}}
{"target": -645.7019395271948, "params": {"gamma": 2.6971628183640655, "lr": 0.21045779104067575}, "datetime": {"datetime": "2024-06-13 20:37:18", "elapsed": 7.192075, "delta": 0.004989}}
{"target": -216.68756068955236, "params": {"gamma": 1.092174154085908, "lr": 0.3966811014027529}, "datetime": {"datetime": "2024-06-13 20:37:18", "elapsed": 7.196064, "delta": 0.003989}}
{"target": -194.97770885097236, "params": {"gamma": 0.8735791351201521, "lr": 0.6553896564824753}, "datetime": {"datetime": "2024-06-13 20:37:18", "elapsed": 7.201056, "delta": 0.004992}}
{"target": -1815.1791408799393, "params": {"gamma": 9.49833931470982, "lr": 0.755633280579152}, "datetime": {"datetime": "2024-06-13 20:37:18", "elapsed": 7.206072, "delta": 0.005016}}
{"target": -313.48374418766383, "params": {"gamma": 1.1698003792568261, "lr": 0.020481248718401956}, "datetime": {"datetime": "2024-06-13 20:37:18", "elapsed": 7.21006, "delta": 0.003988}}
{"target": -680.0164852323977, "params": {"gamma": 3.349553409033682, "lr": 0.9928761567590365}, "datetime": {"datetime": "2024-06-13 20:37:18", "elapsed": 7.21505, "delta": 0.00499}}
{"target": -592.3859637596146, "params": {"gamma": 3.129004648022036, "lr": 0.7375077987941283}, "datetime": {"datetime": "2024-06-13 20:37:18", "elapsed": 7.220037, "delta": 0.004987}}
{"target": -1231.5675323954933, "params": {"gamma": 7.165577236537339, "lr": 0.5725575976952813}, "datetime": {"datetime": "2024-06-13 20:37:18", "elapsed": 7.224128, "delta": 0.004091}}
{"target": -876.4147713762089, "params": {"gamma": 3.6770929306387004, "lr": 0.2082656940300881}, "datetime": {"datetime": "2024-06-13 20:37:18", "elapsed": 7.229143, "delta": 0.005015}}
{"target": -2433.081262193133, "params": {"gamma": 9.800012165219913, "lr": 0.06589377000512553}, "datetime": {"datetime": "2024-06-13 20:37:18", "elapsed": 7.234102, "delta": 0.004959}}
{"target": -441.18825750166707, "params": {"gamma": 2.363041291619063, "lr": 0.3088994705101167}, "datetime": {"datetime": "2024-06-13 20:37:18", "elapsed": 7.239088, "delta": 0.004986}}
{"target": -1666.7426070303723, "params": {"gamma": 9.09512403146957, "lr": 0.7133692630190983}, "datetime": {"datetime": "2024-06-13 20:37:18", "elapsed": 7.243078, "delta": 0.00399}}
{"target": -639.8271829016254, "params": {"gamma": 2.654453130529889, "lr": 0.16450130293866305}, "datetime": {"datetime": "2024-06-13 20:37:18", "elapsed": 7.248065, "delta": 0.004987}}
{"target": -1683.5041413538206, "params": {"gamma": 8.805093637851785, "lr": 0.7937831324318396}, "datetime": {"datetime": "2024-06-13 20:37:18", "elapsed": 7.253051, "delta": 0.004986}}
{"target": -152.2669357535948, "params": {"gamma": 0.38483593233206737, "lr": 0.8793008435965847}, "datetime": {"datetime": "2024-06-13 20:37:18", "elapsed": 7.25704, "delta": 0.003989}}
{"target": -965.3571516150656, "params": {"gamma": 5.879809512359401, "lr": 0.4575371969863721}, "datetime": {"datetime": "2024-06-13 20:37:18", "elapsed": 7.262027, "delta": 0.004987}}
{"target": -1677.0057061787327, "params": {"gamma": 6.73884491695568, "lr": 0.03944279853538757}, "datetime": {"datetime": "2024-06-13 20:37:18", "elapsed": 7.267014, "delta": 0.004987}}
{"target": -828.9706738260801, "params": {"gamma": 3.303881713493146, "lr": 0.08804841780935202}, "datetime": {"datetime": "2024-06-13 20:37:18", "elapsed": 7.271003, "delta": 0.003989}}
{"target": -1152.9374110483318, "params": {"gamma": 6.836691010345723, "lr": 0.3980117152162973}, "datetime": {"datetime": "2024-06-13 20:37:18", "elapsed": 7.275989, "delta": 0.004986}}
{"target": -901.1069899669928, "params": {"gamma": 4.790061963647635, "lr": 0.2898033391923721}, "datetime": {"datetime": "2024-06-13 20:37:18", "elapsed": 7.280977, "delta": 0.004988}}
{"target": -1959.6273420013251, "params": {"gamma": 7.883156906603142, "lr": 0.046512682267751626}, "datetime": {"datetime": "2024-06-13 20:37:18", "elapsed": 7.285963, "delta": 0.004986}}
{"target": -495.4763760225343, "params": {"gamma": 2.811975337992219, "lr": 0.590595861758878}, "datetime": {"datetime": "2024-06-13 20:37:18", "elapsed": 7.29095, "delta": 0.004987}}
{"target": -1384.255122169228, "params": {"gamma": 7.901544890842957, "lr": 0.6015993359119542}, "datetime": {"datetime": "2024-06-13 20:37:18", "elapsed": 7.294712, "delta": 0.003762}}
{"target": -1816.8697283717097, "params": {"gamma": 7.305156197867701, "lr": 0.023527914877828127}, "datetime": {"datetime": "2024-06-13 20:37:18", "elapsed": 7.299699, "delta": 0.004987}}
{"target": -644.7168020295275, "params": {"gamma": 2.5499809694961213, "lr": 0.04209175984237279}, "datetime": {"datetime": "2024-06-13 20:37:18", "elapsed": 7.304685, "delta": 0.004986}}
{"target": -1005.000374770918, "params": {"gamma": 5.000623972289424, "lr": 0.9891402961407735}, "datetime": {"datetime": "2024-06-13 20:37:18", "elapsed": 7.309672, "delta": 0.004987}}
{"target": -141.728217095148, "params": {"gamma": 0.1362915505440842, "lr": 0.4408790383372555}, "datetime": {"datetime": "2024-06-13 20:37:18", "elapsed": 7.314659, "delta": 0.004987}}
{"target": -147.10575528597892, "params": {"gamma": 0.0488593946407395, "lr": 0.6128886193293469}, "datetime": {"datetime": "2024-06-13 20:37:18", "elapsed": 7.319645, "delta": 0.004986}}
{"target": -356.54053492169766, "params": {"gamma": 1.8344039025545689, "lr": 0.7127417837905282}, "datetime": {"datetime": "2024-06-13 20:37:18", "elapsed": 7.323634, "delta": 0.003989}}
{"target": -327.59112034385583, "params": {"gamma": 1.5973254712175065, "lr": 0.8285756552303601}, "datetime": {"datetime": "2024-06-13 20:37:18", "elapsed": 7.328621, "delta": 0.004987}}
{"target": -372.63856955278754, "params": {"gamma": 2.0625754591785816, "lr": 0.35221627383195075}, "datetime": {"datetime": "2024-06-13 20:37:18", "elapsed": 7.332613, "delta": 0.003992}}
{"target": -454.91663782954396, "params": {"gamma": 2.3065541407607677, "lr": 0.8076844924516463}, "datetime": {"datetime": "2024-06-13 20:37:18", "elapsed": 7.3376, "delta": 0.004987}}
{"target": -959.3402306694363, "params": {"gamma": 4.903209285941475, "lr": 0.8738335058866241}, "datetime": {"datetime": "2024-06-13 20:37:18", "elapsed": 7.343102, "delta": 0.005502}}
{"target": -238.53800048330078, "params": {"gamma": 1.3017296410083459, "lr": 0.4989581103650381}, "datetime": {"datetime": "2024-06-13 20:37:18", "elapsed": 7.348091, "delta": 0.004989}}
{"target": -1551.8199406584222, "params": {"gamma": 7.766359726186858, "lr": 0.9812101687911365}, "datetime": {"datetime": "2024-06-13 20:37:18", "elapsed": 7.353075, "delta": 0.004984}}
{"target": -1595.5108573926648, "params": {"gamma": 6.734103924215217, "lr": 0.18300117978695374}, "datetime": {"datetime": "2024-06-13 20:37:18", "elapsed": 7.358061, "delta": 0.004986}}
{"target": -1889.189732781583, "params": {"gamma": 7.597969782524479, "lr": 0.07463521512286109}, "datetime": {"datetime": "2024-06-13 20:37:18", "elapsed": 7.362051, "delta": 0.00399}}
{"target": -1453.0977075017422, "params": {"gamma": 7.62796186474408, "lr": 0.8278152309219722}, "datetime": {"datetime": "2024-06-13 20:37:18", "elapsed": 7.367038, "delta": 0.004987}}
{"target": -918.7276177411569, "params": {"gamma": 5.592537951402159, "lr": 0.49272082980822784}, "datetime": {"datetime": "2024-06-13 20:37:18", "elapsed": 7.372024, "delta": 0.004986}}
{"target": -2325.71754473516, "params": {"gamma": 9.36533769934676, "lr": 9.695068767479054e-05}, "datetime": {"datetime": "2024-06-13 20:37:18", "elapsed": 7.377011, "delta": 0.004987}}
{"target": -143.3136417972344, "params": {"gamma": 0.0966593768907281, "lr": 0.25195142314544017}, "datetime": {"datetime": "2024-06-13 20:37:18", "elapsed": 7.381, "delta": 0.003989}}
{"target": -856.5177828975723, "params": {"gamma": 5.057258956122923, "lr": 0.5404166504960898}, "datetime": {"datetime": "2024-06-13 20:37:18", "elapsed": 7.385987, "delta": 0.004987}}
{"target": -702.5065560919413, "params": {"gamma": 3.7135529478230405, "lr": 0.29271137519518675}, "datetime": {"datetime": "2024-06-13 20:37:18", "elapsed": 7.390973, "delta": 0.004986}}
{"target": -403.66281964909825, "params": {"gamma": 2.0244710973929743, "lr": 0.8002818943961242}, "datetime": {"datetime": "2024-06-13 20:37:18", "elapsed": 7.39596, "delta": 0.004987}}
{"target": -525.4695235246119, "params": {"gamma": 3.159913122914842, "lr": 0.492467985547119}, "datetime": {"datetime": "2024-06-13 20:37:18", "elapsed": 7.399949, "delta": 0.003989}}
{"target": -1420.941519676295, "params": {"gamma": 8.11309762614833, "lr": 0.6123589424601151}, "datetime": {"datetime": "2024-06-13 20:37:18", "elapsed": 7.404936, "delta": 0.004987}}
{"target": -991.4820976744757, "params": {"gamma": 4.086676353275073, "lr": 0.17690422236042747}, "datetime": {"datetime": "2024-06-13 20:37:18", "elapsed": 7.409923, "delta": 0.004987}}
{"target": -657.0196787808898, "params": {"gamma": 3.977123246381154, "lr": 0.48521265373011824}, "datetime": {"datetime": "2024-06-13 20:37:18", "elapsed": 7.414909, "delta": 0.004986}}
{"target": -1970.9637688130574, "params": {"gamma": 9.905855341048484, "lr": 0.28419507592058557}, "datetime": {"datetime": "2024-06-13 20:37:18", "elapsed": 7.420025, "delta": 0.005116}}
{"target": -403.892885343339, "params": {"gamma": 1.6572311251158391, "lr": 0.22057551351544413}, "datetime": {"datetime": "2024-06-13 20:37:18", "elapsed": 7.424603, "delta": 0.004578}}
{"target": -538.8271006740433, "params": {"gamma": 2.115461976224172, "lr": 0.07604769057476157}, "datetime": {"datetime": "2024-06-13 20:37:18", "elapsed": 7.429706, "delta": 0.005103}}
{"target": -736.0552899102747, "params": {"gamma": 3.6497120765361126, "lr": 0.28473402479064247}, "datetime": {"datetime": "2024-06-13 20:37:18", "elapsed": 7.434201, "delta": 0.004495}}
{"target": -1696.971417225031, "params": {"gamma": 8.876000332641663, "lr": 0.780259609956419}, "datetime": {"datetime": "2024-06-13 20:37:18", "elapsed": 7.439187, "delta": 0.004986}}
{"target": -245.15629950903204, "params": {"gamma": 1.09154050351661, "lr": 0.8505034953674093}, "datetime": {"datetime": "2024-06-13 20:37:18", "elapsed": 7.443176, "delta": 0.003989}}
{"target": -237.30076611776497, "params": {"gamma": 1.0968764704846565, "lr": 0.7202077467752445}, "datetime": {"datetime": "2024-06-13 20:37:18", "elapsed": 7.448163, "delta": 0.004987}}
{"target": -1426.8627642527388, "params": {"gamma": 5.728670154913063, "lr": 0.08680838426747961}, "datetime": {"datetime": "2024-06-13 20:37:18", "elapsed": 7.45315, "delta": 0.004987}}
{"target": -1756.8236928650833, "params": {"gamma": 9.053375032737591, "lr": 0.8745665148853765}, "datetime": {"datetime": "2024-06-13 20:37:18", "elapsed": 7.458136, "delta": 0.004986}}
{"target": -1440.6999177095852, "params": {"gamma": 8.438673461887907, "lr": 0.3695673551173151}, "datetime": {"datetime": "2024-06-13 20:37:18", "elapsed": 7.462126, "delta": 0.00399}}
{"target": -462.4438806088686, "params": {"gamma": 2.2302911723421603, "lr": 0.9971116548587963}, "datetime": {"datetime": "2024-06-13 20:37:18", "elapsed": 7.467112, "delta": 0.004986}}
{"target": -2031.3557091854966, "params": {"gamma": 8.17356631642956, "lr": 0.042128160628106315}, "datetime": {"datetime": "2024-06-13 20:37:18", "elapsed": 7.472099, "delta": 0.004987}}
{"target": -719.5901236866163, "params": {"gamma": 3.733405500770418, "lr": 0.8121869757489847}, "datetime": {"datetime": "2024-06-13 20:37:18", "elapsed": 7.476088, "delta": 0.003989}}
{"target": -1248.1569342292632, "params": {"gamma": 5.284318582532073, "lr": 0.24713082560012845}, "datetime": {"datetime": "2024-06-13 20:37:18", "elapsed": 7.481078, "delta": 0.00499}}
{"target": -1580.5596847653744, "params": {"gamma": 7.9290864165444885, "lr": 0.2617510439444676}, "datetime": {"datetime": "2024-06-13 20:37:18", "elapsed": 7.486062, "delta": 0.004984}}
{"target": -150.5057789948735, "params": {"gamma": 0.00498340216746315, "lr": 0.23131891895573253}, "datetime": {"datetime": "2024-06-13 20:37:18", "elapsed": 7.491048, "delta": 0.004986}}
{"target": -1736.032767889709, "params": {"gamma": 9.933709519335848, "lr": 0.6562008343421062}, "datetime": {"datetime": "2024-06-13 20:37:18", "elapsed": 7.495038, "delta": 0.00399}}
{"target": -421.69981150932074, "params": {"gamma": 2.20746055274965, "lr": 0.6861397019787449}, "datetime": {"datetime": "2024-06-13 20:37:18", "elapsed": 7.500613, "delta": 0.005575}}
{"target": -1204.6629693933628, "params": {"gamma": 6.8696820453199665, "lr": 0.640742769936858}, "datetime": {"datetime": "2024-06-13 20:37:18", "elapsed": 7.504603, "delta": 0.00399}}
{"target": -199.185839443338, "params": {"gamma": 0.7064146187020427, "lr": 0.2429641169892971}, "datetime": {"datetime": "2024-06-13 20:37:18", "elapsed": 7.509589, "delta": 0.004986}}
{"target": -1613.3664751884228, "params": {"gamma": 8.708501091076558, "lr": 0.7347408193015217}, "datetime": {"datetime": "2024-06-13 20:37:18", "elapsed": 7.51458, "delta": 0.004991}}
{"target": -332.47495219892977, "params": {"gamma": 1.6789922438348501, "lr": 0.29858946127654595}, "datetime": {"datetime": "2024-06-13 20:37:18", "elapsed": 7.519563, "delta": 0.004983}}
{"target": -1075.6601529389836, "params": {"gamma": 5.627657565327734, "lr": 0.826445766022829}, "datetime": {"datetime": "2024-06-13 20:37:18", "elapsed": 7.523552, "delta": 0.003989}}
{"target": -506.43931292179724, "params": {"gamma": 2.0059625473387035, "lr": 0.10166529365348886}, "datetime": {"datetime": "2024-06-13 20:37:18", "elapsed": 7.528539, "delta": 0.004987}}
{"target": -772.2182812609111, "params": {"gamma": 3.8193070270168987, "lr": 0.912353469252759}, "datetime": {"datetime": "2024-06-13 20:37:18", "elapsed": 7.533526, "delta": 0.004987}}
{"target": -652.3286894859257, "params": {"gamma": 2.605874679054985, "lr": 0.10830435271308025}, "datetime": {"datetime": "2024-06-13 20:37:18", "elapsed": 7.538512, "delta": 0.004986}}
{"target": -156.3043409228883, "params": {"gamma": 0.56037370979255, "lr": 0.3516705558700568}, "datetime": {"datetime": "2024-06-13 20:37:18", "elapsed": 7.542502, "delta": 0.00399}}
{"target": -145.43799646574396, "params": {"gamma": 0.37723182573995767, "lr": 0.583033921230445}, "datetime": {"datetime": "2024-06-13 20:37:18", "elapsed": 7.54808, "delta": 0.005578}}
{"target": -1102.7528178180726, "params": {"gamma": 6.725895546392632, "lr": 0.46048358998473815}, "datetime": {"datetime": "2024-06-13 20:37:18", "elapsed": 7.553065, "delta": 0.004985}}
{"target": -1247.0018015284638, "params": {"gamma": 7.411427420391562, "lr": 0.5010249644140818}, "datetime": {"datetime": "2024-06-13 20:37:18", "elapsed": 7.558052, "delta": 0.004987}}
{"target": -1656.8548724044897, "params": {"gamma": 7.023823855740785, "lr": 0.2306409059229675}, "datetime": {"datetime": "2024-06-13 20:37:18", "elapsed": 7.563039, "delta": 0.004987}}
{"target": -1252.8022962213777, "params": {"gamma": 7.446379482205204, "lr": 0.5016372020053996}, "datetime": {"datetime": "2024-06-13 20:37:18", "elapsed": 7.568025, "delta": 0.004986}}
{"target": -1156.0460501176124, "params": {"gamma": 7.053982930260369, "lr": 0.44669779031638923}, "datetime": {"datetime": "2024-06-13 20:37:18", "elapsed": 7.572015, "delta": 0.00399}}
{"target": -1262.4567834611598, "params": {"gamma": 5.059900155144239, "lr": 0.04153518297857339}, "datetime": {"datetime": "2024-06-13 20:37:18", "elapsed": 7.577001, "delta": 0.004986}}
{"target": -1146.6397867884675, "params": {"gamma": 4.893603596752043, "lr": 0.14228750219732444}, "datetime": {"datetime": "2024-06-13 20:37:18", "elapsed": 7.581988, "delta": 0.004987}}
{"target": -256.88256162355, "params": {"gamma": 1.425815973998472, "lr": 0.43335040255954493}, "datetime": {"datetime": "2024-06-13 20:37:18", "elapsed": 7.586975, "delta": 0.004987}}
{"target": -1000.072718452016, "params": {"gamma": 5.762571683469249, "lr": 0.343048695191552}, "datetime": {"datetime": "2024-06-13 20:37:18", "elapsed": 7.591961, "delta": 0.004986}}
{"target": -321.1821140939751, "params": {"gamma": 1.6057554110518168, "lr": 0.7414104169799515}, "datetime": {"datetime": "2024-06-13 20:37:18", "elapsed": 7.597945, "delta": 0.005984}}
{"target": -1782.5956491678905, "params": {"gamma": 9.630952636256579, "lr": 0.7336422859505056}, "datetime": {"datetime": "2024-06-13 20:37:18", "elapsed": 7.601935, "delta": 0.00399}}
{"target": -195.95074181776013, "params": {"gamma": 0.7715652507427674, "lr": 0.8409081581252351}, "datetime": {"datetime": "2024-06-13 20:37:18", "elapsed": 7.606921, "delta": 0.004986}}
{"target": -161.94732889221248, "params": {"gamma": 0.6760729900832833, "lr": 0.4363120485992489}, "datetime": {"datetime": "2024-06-13 20:37:18", "elapsed": 7.611908, "delta": 0.004987}}
{"target": -1849.0764835158875, "params": {"gamma": 9.288699130413471, "lr": 0.26318010363654454}, "datetime": {"datetime": "2024-06-13 20:37:18", "elapsed": 7.616894, "delta": 0.004986}}
{"target": -272.5113896940326, "params": {"gamma": 1.2804037657560603, "lr": 0.7622387720608016}, "datetime": {"datetime": "2024-06-13 20:37:18", "elapsed": 7.620884, "delta": 0.00399}}
{"target": -1676.799173227851, "params": {"gamma": 9.286152605869912, "lr": 0.32576842070431766}, "datetime": {"datetime": "2024-06-13 20:37:18", "elapsed": 7.62587, "delta": 0.004986}}
{"target": -557.4822954749342, "params": {"gamma": 2.3253485203555204, "lr": 0.1824854764117131}, "datetime": {"datetime": "2024-06-13 20:37:18", "elapsed": 7.630859, "delta": 0.004989}}
{"target": -1650.7435142714567, "params": {"gamma": 9.632391991118075, "lr": 0.5766346346502746}, "datetime": {"datetime": "2024-06-13 20:37:18", "elapsed": 7.634921, "delta": 0.004062}}
{"target": -1554.1703558353265, "params": {"gamma": 8.601017631330931, "lr": 0.3083449860518661}, "datetime": {"datetime": "2024-06-13 20:37:18", "elapsed": 7.639905, "delta": 0.004984}}
{"target": -152.65817321888537, "params": {"gamma": 0.5653078671540508, "lr": 0.45380418511530174}, "datetime": {"datetime": "2024-06-13 20:37:18", "elapsed": 7.644807, "delta": 0.004902}}
{"target": -366.5337919318626, "params": {"gamma": 2.0718938489778145, "lr": 0.5189836643290452}, "datetime": {"datetime": "2024-06-13 20:37:18", "elapsed": 7.649793, "delta": 0.004986}}
{"target": -1010.1679204551882, "params": {"gamma": 5.3803383685417385, "lr": 0.2942882172433129}, "datetime": {"datetime": "2024-06-13 20:37:18", "elapsed": 7.65478, "delta": 0.004987}}
{"target": -773.4411145377773, "params": {"gamma": 3.0752313679559293, "lr": 0.024173672214832798}, "datetime": {"datetime": "2024-06-13 20:37:18", "elapsed": 7.658769, "delta": 0.003989}}
{"target": -767.8463881754569, "params": {"gamma": 4.204599737289876, "lr": 0.3236894136587639}, "datetime": {"datetime": "2024-06-13 20:37:18", "elapsed": 7.663756, "delta": 0.004987}}
{"target": -1207.2609967122296, "params": {"gamma": 6.1952817624864025, "lr": 0.8597630666919952}, "datetime": {"datetime": "2024-06-13 20:37:18", "elapsed": 7.668742, "delta": 0.004986}}
{"target": -1229.6350611398755, "params": {"gamma": 4.926911767488365, "lr": 0.0827082980318894}, "datetime": {"datetime": "2024-06-13 20:37:18", "elapsed": 7.672732, "delta": 0.00399}}
{"target": -1775.515020841388, "params": {"gamma": 9.334871102884591, "lr": 0.8083269668547564}, "datetime": {"datetime": "2024-06-13 20:37:18", "elapsed": 7.677719, "delta": 0.004987}}
{"target": -670.0166802982995, "params": {"gamma": 3.6558227125345977, "lr": 0.3307289110251447}, "datetime": {"datetime": "2024-06-13 20:37:18", "elapsed": 7.682706, "delta": 0.004987}}
{"target": -1599.6782992059864, "params": {"gamma": 9.379402853367585, "lr": 0.37489434056111615}, "datetime": {"datetime": "2024-06-13 20:37:18", "elapsed": 7.687692, "delta": 0.004986}}
{"target": -1273.2886427025514, "params": {"gamma": 6.358386384013082, "lr": 0.9853443380985734}, "datetime": {"datetime": "2024-06-13 20:37:18", "elapsed": 7.692679, "delta": 0.004987}}
{"target": -143.72131199175658, "params": {"gamma": 0.36836090554034395, "lr": 0.3146309781487783}, "datetime": {"datetime": "2024-06-13 20:37:18", "elapsed": 7.697163, "delta": 0.004484}}
{"target": -478.37052291285687, "params": {"gamma": 2.313125983692789, "lr": 0.9223654191512636}, "datetime": {"datetime": "2024-06-13 20:37:18", "elapsed": 7.70215, "delta": 0.004987}}
{"target": -1374.012672000072, "params": {"gamma": 5.511816168783595, "lr": 0.05371353840991677}, "datetime": {"datetime": "2024-06-13 20:37:18", "elapsed": 7.707137, "delta": 0.004987}}
{"target": -1386.8471933720598, "params": {"gamma": 7.552727246484496, "lr": 0.6840838213346168}, "datetime": {"datetime": "2024-06-13 20:37:18", "elapsed": 7.711125, "delta": 0.003988}}
{"target": -1325.436927232445, "params": {"gamma": 6.622078860248277, "lr": 0.9557287749268826}, "datetime": {"datetime": "2024-06-13 20:37:18", "elapsed": 7.716112, "delta": 0.004987}}
{"target": -1672.3075128717344, "params": {"gamma": 8.746141385554216, "lr": 0.7532514851657419}, "datetime": {"datetime": "2024-06-13 20:37:18", "elapsed": 7.721099, "delta": 0.004987}}
{"target": -531.4889276954221, "params": {"gamma": 2.2274368777620133, "lr": 0.13801496204321861}, "datetime": {"datetime": "2024-06-13 20:37:18", "elapsed": 7.726086, "delta": 0.004987}}
