{"target": -159.56129368500675, "params": {"gamma": 2.2302911723421603, "prior": 9.971405383102082, "rate": 8.17356631642956}, "datetime": {"datetime": "2024-06-14 05:06:49", "elapsed": 11.008978, "delta": 0.008976}}
{"target": -125.90225214109257, "params": {"gamma": 0.42223947812043505, "prior": 3.7954509908618, "rate": 8.122057570514098}, "datetime": {"datetime": "2024-06-14 05:06:49", "elapsed": 11.018951, "delta": 0.009973}}
{"target": -223.65950003659037, "params": {"gamma": 5.284318582532073, "prior": 2.546595173441272, "rate": 7.9290864165444885}, "datetime": {"datetime": "2024-06-14 05:06:49", "elapsed": 11.02793, "delta": 0.008979}}
{"target": -157.1749996583189, "params": {"gamma": 2.6182486884007314, "prior": 0.10394396254204273, "rate": 2.3139578706383697}, "datetime": {"datetime": "2024-06-14 05:06:49", "elapsed": 11.041401, "delta": 0.013471}}
{"target": -605.278972961508, "params": {"gamma": 9.933709519335848, "prior": 6.596388259986851, "rate": 2.20746055274965}, "datetime": {"datetime": "2024-06-14 05:06:49", "elapsed": 11.051005, "delta": 0.009604}}
{"target": -347.3130672130209, "params": {"gamma": 6.861710880085471, "prior": 6.900675292396006, "rate": 6.407786956598644}, "datetime": {"datetime": "2024-06-14 05:06:49", "elapsed": 11.060978, "delta": 0.009973}}
{"target": -119.1833967336611, "params": {"gamma": 0.7064146187020427, "prior": 2.5053447581940413, "rate": 8.708501091076558}, "datetime": {"datetime": "2024-06-14 05:06:49", "elapsed": 11.069954, "delta": 0.008976}}
{"target": -318.22068206798576, "params": {"gamma": 7.347673452195916, "prior": 1.761378459242426, "rate": 2.986596023304183}, "datetime": {"datetime": "2024-06-14 05:06:49", "elapsed": 11.079928, "delta": 0.009974}}
{"target": -370.22956758469525, "params": {"gamma": 5.627657565327734, "prior": 8.281813083626007, "rate": 2.0059625473387035}, "datetime": {"datetime": "2024-06-14 05:06:49", "elapsed": 11.089901, "delta": 0.009973}}
{"target": -121.35527457436412, "params": {"gamma": 1.0175512712412351, "prior": 3.8805020069474243, "rate": 9.123622339058336}, "datetime": {"datetime": "2024-06-14 05:06:49", "elapsed": 11.099598, "delta": 0.009697}}
{"target": -187.02414076617467, "params": {"gamma": 2.605874679054985, "prior": 1.1722130918594946, "rate": 0.56037370979255}, "datetime": {"datetime": "2024-06-14 05:06:49", "elapsed": 11.108573, "delta": 0.008975}}
{"target": -179.77266030721543, "params": {"gamma": 3.517353888144698, "prior": 0.47250675815837395, "rate": 5.830756178383219}, "datetime": {"datetime": "2024-06-14 05:06:49", "elapsed": 11.11755, "delta": 0.008977}}
{"target": -299.3263437726602, "params": {"gamma": 6.725895546392632, "prior": 4.658787540848907, "rate": 7.411427420391562}, "datetime": {"datetime": "2024-06-14 05:06:49", "elapsed": 11.127522, "delta": 0.009972}}
{"target": -320.95532274124355, "params": {"gamma": 5.010748619176405, "prior": 7.053290946278004, "rate": 2.307178418323752}, "datetime": {"datetime": "2024-06-14 05:06:49", "elapsed": 11.136499, "delta": 0.008977}}
{"target": -337.71874229346736, "params": {"gamma": 7.446379482205204, "prior": 5.066208299853456, "rate": 7.053982930260369}, "datetime": {"datetime": "2024-06-14 05:06:49", "elapsed": 11.146472, "delta": 0.009973}}
{"target": -337.2695500559363, "params": {"gamma": 4.467531205373577, "prior": 5.108812034796275, "rate": 0.41631029460275537}, "datetime": {"datetime": "2024-06-14 05:06:49", "elapsed": 11.156446, "delta": 0.009974}}
{"target": -258.1780101300596, "params": {"gamma": 4.893603596752043, "prior": 1.508646271753512, "rate": 1.425815973998472}, "datetime": {"datetime": "2024-06-14 05:06:49", "elapsed": 11.165421, "delta": 0.008975}}
{"target": -257.0740215296755, "params": {"gamma": 4.334070675192891, "prior": 5.804526419276483, "rate": 3.431143903220329}, "datetime": {"datetime": "2024-06-14 05:06:49", "elapsed": 11.175394, "delta": 0.009973}}
{"target": -135.1261930186818, "params": {"gamma": 1.6057554110518168, "prior": 7.439963128101519, "rate": 9.630952636256579}, "datetime": {"datetime": "2024-06-14 05:06:49", "elapsed": 11.18437, "delta": 0.008976}}
{"target": -300.9909705894689, "params": {"gamma": 7.3366892172191065, "prior": 0.8629358918245221, "rate": 8.409240673094226}, "datetime": {"datetime": "2024-06-14 05:06:49", "elapsed": 11.194344, "delta": 0.009974}}
{"target": -122.21354142959957, "params": {"gamma": 0.6760729900832833, "prior": 4.419489281132564, "rate": 9.288699130413471}, "datetime": {"datetime": "2024-06-14 05:06:49", "elapsed": 11.20332, "delta": 0.008976}}
{"target": -148.40806223470133, "params": {"gamma": 2.6325378562618087, "prior": 1.3667364017386738, "rate": 7.622625481835956}, "datetime": {"datetime": "2024-06-14 05:06:49", "elapsed": 11.213294, "delta": 0.009974}}
{"target": -493.9626961024341, "params": {"gamma": 9.286152605869912, "prior": 3.325107364972745, "rate": 2.3253485203555204}, "datetime": {"datetime": "2024-06-14 05:06:49", "elapsed": 11.222269, "delta": 0.008975}}
{"target": -153.94465795829234, "params": {"gamma": 1.8256722786407191, "prior": 9.636031674374332, "rate": 5.766769711868097}, "datetime": {"datetime": "2024-06-14 05:06:49", "elapsed": 11.232243, "delta": 0.009974}}
{"target": -565.9300561647303, "params": {"gamma": 8.601017631330931, "prior": 3.1526153619134747, "rate": 0.5653078671540508}, "datetime": {"datetime": "2024-06-14 05:06:49", "elapsed": 11.241219, "delta": 0.008976}}
{"target": -206.0429355240519, "params": {"gamma": 4.538588046967902, "prior": 2.150389949482985, "rate": 5.190317659626124}, "datetime": {"datetime": "2024-06-14 05:06:49", "elapsed": 11.250195, "delta": 0.008976}}
{"target": -274.57832572992476, "params": {"gamma": 5.3803383685417385, "prior": 3.0134533507087977, "rate": 3.0752313679559293}, "datetime": {"datetime": "2024-06-14 05:06:49", "elapsed": 11.260168, "delta": 0.009973}}
{"target": -135.8527453995136, "params": {"gamma": 0.24271254847611315, "prior": 4.261979937910767, "rate": 3.2375704471739803}, "datetime": {"datetime": "2024-06-14 05:06:49", "elapsed": 11.269144, "delta": 0.008976}}
{"target": -352.4934633020553, "params": {"gamma": 6.1952817624864025, "prior": 8.611654360250752, "rate": 4.926911767488365}, "datetime": {"datetime": "2024-06-14 05:06:49", "elapsed": 11.279117, "delta": 0.009973}}
{"target": -129.80820103684022, "params": {"gamma": 0.8280002720208621, "prior": 9.341456537509496, "rate": 8.083461341580708}, "datetime": {"datetime": "2024-06-14 05:06:49", "elapsed": 11.288093, "delta": 0.008976}}
{"target": -177.48081419369908, "params": {"gamma": 3.6558227125345977, "prior": 3.3742162191489324, "rate": 9.379402853367585}, "datetime": {"datetime": "2024-06-14 05:06:49", "elapsed": 11.298067, "delta": 0.009974}}
{"target": -193.27549697778687, "params": {"gamma": 3.7495685112706005, "prior": 6.3944419643693875, "rate": 9.853458036647636}, "datetime": {"datetime": "2024-06-14 05:06:49", "elapsed": 11.307043, "delta": 0.008976}}
{"target": -133.74840090102012, "params": {"gamma": 0.36836090554034395, "prior": 3.214846683672905, "rate": 2.313125983692789}, "datetime": {"datetime": "2024-06-14 05:06:49", "elapsed": 11.317016, "delta": 0.009973}}
{"target": -631.8443582616449, "params": {"gamma": 9.223731826093484, "prior": 5.556253632459004, "rate": 0.5380816705607578}, "datetime": {"datetime": "2024-06-14 05:06:49", "elapsed": 11.325992, "delta": 0.008976}}
{"target": -375.7371325803176, "params": {"gamma": 7.552727246484496, "prior": 6.872429831212706, "rate": 6.622078860248277}, "datetime": {"datetime": "2024-06-14 05:06:49", "elapsed": 11.338941, "delta": 0.012949}}
{"target": -482.8206429482391, "params": {"gamma": 9.557332020493899, "prior": 8.758555827281402, "rate": 7.532761600172254}, "datetime": {"datetime": "2024-06-14 05:06:49", "elapsed": 11.348915, "delta": 0.009974}}
{"target": -147.47162855117705, "params": {"gamma": 2.2274368777620133, "prior": 1.4663481242278644, "rate": 2.2096624750777165}, "datetime": {"datetime": "2024-06-14 05:06:49", "elapsed": 11.358887, "delta": 0.009972}}
{"target": -147.45811527330454, "params": {"gamma": 2.0558931010754273, "prior": 5.722849003564123, "rate": 6.63077518785403}, "datetime": {"datetime": "2024-06-14 05:06:49", "elapsed": 11.367863, "delta": 0.008976}}
{"target": -222.56856525463797, "params": {"gamma": 5.274647786496121, "prior": 0.6578589781712976, "rate": 3.6322627869363457}, "datetime": {"datetime": "2024-06-14 05:06:49", "elapsed": 11.377837, "delta": 0.009974}}
{"target": -545.8367360654455, "params": {"gamma": 9.677306363671502, "prior": 6.98556459651058, "rate": 3.698028055635611}, "datetime": {"datetime": "2024-06-14 05:06:49", "elapsed": 11.386813, "delta": 0.008976}}
{"target": -426.32027197090866, "params": {"gamma": 6.716589859874733, "prior": 2.7245859703372814, "rate": 0.7756981624656162}, "datetime": {"datetime": "2024-06-14 05:06:49", "elapsed": 11.396786, "delta": 0.009973}}
{"target": -244.73421148174234, "params": {"gamma": 5.281143325416827, "prior": 2.9687143459337384, "rate": 4.817037304645983}, "datetime": {"datetime": "2024-06-14 05:06:49", "elapsed": 11.40676, "delta": 0.009974}}
{"target": -427.8925005873161, "params": {"gamma": 9.020043950898684, "prior": 6.552229630812366, "rate": 7.233468037123845}, "datetime": {"datetime": "2024-06-14 05:06:49", "elapsed": 11.415735, "delta": 0.008975}}
{"target": -131.7409598325379, "params": {"gamma": 1.0267626657461268, "prior": 4.8486150493478055, "rate": 4.044014562004185}, "datetime": {"datetime": "2024-06-14 05:06:49", "elapsed": 11.425709, "delta": 0.009974}}
{"target": -303.65269184944776, "params": {"gamma": 6.468925570274098, "prior": 2.9485778320940845, "rate": 3.8312640574634482}, "datetime": {"datetime": "2024-06-14 05:06:49", "elapsed": 11.434685, "delta": 0.008976}}
{"target": -417.18760824410316, "params": {"gamma": 9.81018690271792, "prior": 1.23662462107414, "rate": 1.9998787227506973}, "datetime": {"datetime": "2024-06-14 05:06:49", "elapsed": 11.444658, "delta": 0.009973}}
{"target": -159.67530593174618, "params": {"gamma": 2.3912225972933583, "prior": 6.996876584358281, "rate": 7.1371672251136955}, "datetime": {"datetime": "2024-06-14 05:06:49", "elapsed": 11.453634, "delta": 0.008976}}
{"target": -318.7746410782673, "params": {"gamma": 7.847764610820117, "prior": 3.8723393107957245, "rate": 8.524180473287885}, "datetime": {"datetime": "2024-06-14 05:06:49", "elapsed": 11.463607, "delta": 0.009973}}
{"target": -334.4092796319467, "params": {"gamma": 6.973768049350303, "prior": 7.161272986009691, "rate": 8.220064454506392}, "datetime": {"datetime": "2024-06-14 05:06:49", "elapsed": 11.476573, "delta": 0.012966}}
{"target": -453.66913391163575, "params": {"gamma": 6.289615458969785, "prior": 4.280053466198156, "rate": 0.3089573128355685}, "datetime": {"datetime": "2024-06-14 05:06:49", "elapsed": 11.489538, "delta": 0.012965}}
{"target": -296.90157571881093, "params": {"gamma": 5.9549611772267355, "prior": 5.681259338068073, "rate": 6.008479407469643}, "datetime": {"datetime": "2024-06-14 05:06:49", "elapsed": 11.499512, "delta": 0.009974}}
{"target": -228.75861068789567, "params": {"gamma": 3.2292118332970405, "prior": 5.593331570762452, "rate": 1.7173913865365833}, "datetime": {"datetime": "2024-06-14 05:06:49", "elapsed": 11.508488, "delta": 0.008976}}
{"target": -275.5297486415749, "params": {"gamma": 6.49894440266871, "prior": 0.8095673895400698, "rate": 8.750896260863644}, "datetime": {"datetime": "2024-06-14 05:06:49", "elapsed": 11.518461, "delta": 0.009973}}
{"target": -138.43767008036775, "params": {"gamma": 2.1621633635158477, "prior": 3.0090612487247013, "rate": 8.847484449475706}, "datetime": {"datetime": "2024-06-14 05:06:49", "elapsed": 11.528434, "delta": 0.009973}}
{"target": -528.0716705276197, "params": {"gamma": 8.836037308166828, "prior": 8.37904543989899, "rate": 3.2700292334455643}, "datetime": {"datetime": "2024-06-14 05:06:49", "elapsed": 11.538408, "delta": 0.009974}}
{"target": -458.3442018727431, "params": {"gamma": 9.023544047406462, "prior": 7.740842728171373, "rate": 6.581171726876564}, "datetime": {"datetime": "2024-06-14 05:06:49", "elapsed": 11.548381, "delta": 0.009973}}
{"target": -506.6071358111797, "params": {"gamma": 8.99813093515086, "prior": 7.853001575402082, "rate": 4.2480703423217}, "datetime": {"datetime": "2024-06-14 05:06:49", "elapsed": 11.557358, "delta": 0.008977}}
{"target": -249.928825944455, "params": {"gamma": 3.2432279860467617, "prior": 3.999393563924491, "rate": 0.6150601284275855}, "datetime": {"datetime": "2024-06-14 05:06:49", "elapsed": 11.567331, "delta": 0.009973}}
{"target": -179.0224550193164, "params": {"gamma": 3.634945499368943, "prior": 3.595132489864901, "rate": 8.656379251086715}, "datetime": {"datetime": "2024-06-14 05:06:49", "elapsed": 11.577304, "delta": 0.009973}}
{"target": -542.1874901202382, "params": {"gamma": 8.887111795253091, "prior": 9.63421565993784, "rate": 3.282664276898728}, "datetime": {"datetime": "2024-06-14 05:06:49", "elapsed": 11.58628, "delta": 0.008976}}
{"target": -421.0025298826798, "params": {"gamma": 6.933508237753853, "prior": 6.367356052167569, "rate": 2.425195012153892}, "datetime": {"datetime": "2024-06-14 05:06:49", "elapsed": 11.596253, "delta": 0.009973}}
{"target": -328.6364927040592, "params": {"gamma": 8.700006275800442, "prior": 2.219608966119336, "rate": 7.477392312505152}, "datetime": {"datetime": "2024-06-14 05:06:49", "elapsed": 11.605229, "delta": 0.008976}}
{"target": -122.877006032813, "params": {"gamma": 1.4474946912067754, "prior": 1.1575145967721554, "rate": 7.20350177902532}, "datetime": {"datetime": "2024-06-14 05:06:49", "elapsed": 11.615202, "delta": 0.009973}}
{"target": -241.0003669308876, "params": {"gamma": 5.263654842331062, "prior": 4.484866730228926, "rate": 7.7820274969779515}, "datetime": {"datetime": "2024-06-14 05:06:49", "elapsed": 11.624178, "delta": 0.008976}}
{"target": -198.00764809086144, "params": {"gamma": 3.588074784629776, "prior": 8.548161025287675, "rate": 9.62176279907113}, "datetime": {"datetime": "2024-06-14 05:06:49", "elapsed": 11.634152, "delta": 0.009974}}
{"target": -428.31609073907396, "params": {"gamma": 9.791275810251324, "prior": 2.8485172225745474, "rate": 4.1506553568115665}, "datetime": {"datetime": "2024-06-14 05:06:50", "elapsed": 11.643128, "delta": 0.008976}}
{"target": -379.3253966623863, "params": {"gamma": 7.250373833289235, "prior": 8.95917274672825, "rate": 7.113399789936541}, "datetime": {"datetime": "2024-06-14 05:06:50", "elapsed": 11.653101, "delta": 0.009973}}
{"target": -451.61358822346915, "params": {"gamma": 7.5815646955077245, "prior": 8.84569615448094, "rate": 3.670115433263018}, "datetime": {"datetime": "2024-06-14 05:06:50", "elapsed": 11.662077, "delta": 0.008976}}
{"target": -266.61952817473815, "params": {"gamma": 5.425906871529926, "prior": 5.394222758269183, "rate": 6.4761782194627475}, "datetime": {"datetime": "2024-06-14 05:06:50", "elapsed": 11.67205, "delta": 0.009973}}
{"target": -384.43916110132375, "params": {"gamma": 8.951943613361554, "prior": 6.0481920136487215, "rate": 9.699415438622323}, "datetime": {"datetime": "2024-06-14 05:06:50", "elapsed": 11.682024, "delta": 0.009974}}
{"target": -333.43744301763076, "params": {"gamma": 7.3216234120977175, "prior": 4.211385766390366, "rate": 5.81180346318073}, "datetime": {"datetime": "2024-06-14 05:06:50", "elapsed": 11.690999, "delta": 0.008975}}
{"target": -433.09131747203423, "params": {"gamma": 9.223285503388022, "prior": 6.223153800877035, "rate": 7.099576105580202}, "datetime": {"datetime": "2024-06-14 05:06:50", "elapsed": 11.700973, "delta": 0.009974}}
{"target": -371.51088452481196, "params": {"gamma": 6.613259028912707, "prior": 3.42784974510567, "rate": 2.0341452163718596}, "datetime": {"datetime": "2024-06-14 05:06:50", "elapsed": 11.709949, "delta": 0.008976}}
{"target": -187.05897448854097, "params": {"gamma": 4.078721813041604, "prior": 1.592621080704164, "rate": 8.263509143662432}, "datetime": {"datetime": "2024-06-14 05:06:50", "elapsed": 11.719922, "delta": 0.009973}}
{"target": -423.6707071130239, "params": {"gamma": 7.104895674394641, "prior": 4.070456275164108, "rate": 1.7146555781871196}, "datetime": {"datetime": "2024-06-14 05:06:50", "elapsed": 11.729896, "delta": 0.009974}}
{"target": -380.1526001125652, "params": {"gamma": 8.75811759952061, "prior": 6.42673266977647, "rate": 9.966031596995483}, "datetime": {"datetime": "2024-06-14 05:06:50", "elapsed": 11.739869, "delta": 0.009973}}
{"target": -144.29325938159673, "params": {"gamma": 1.0118777980878546, "prior": 2.5239987554093983, "rate": 0.8374656866964549}, "datetime": {"datetime": "2024-06-14 05:06:50", "elapsed": 11.748845, "delta": 0.008976}}
{"target": -288.5235798144388, "params": {"gamma": 7.447673015821188, "prior": 1.6797955636247195, "rate": 8.816713679816221}, "datetime": {"datetime": "2024-06-14 05:06:50", "elapsed": 11.758818, "delta": 0.009973}}
{"target": -364.9702158921454, "params": {"gamma": 4.915303785862436, "prior": 5.309075700418279, "rate": 0.42616036762125126}, "datetime": {"datetime": "2024-06-14 05:06:50", "elapsed": 11.767794, "delta": 0.008976}}
{"target": -316.1384740906502, "params": {"gamma": 6.140922303680539, "prior": 2.353386412041166, "rate": 2.135827389380809}, "datetime": {"datetime": "2024-06-14 05:06:50", "elapsed": 11.777767, "delta": 0.009973}}
{"target": -677.0729731618343, "params": {"gamma": 8.953290370672992, "prior": 8.891332155070218, "rate": 0.05364657807886874}, "datetime": {"datetime": "2024-06-14 05:06:50", "elapsed": 11.786744, "delta": 0.008977}}
{"target": -465.65505935279356, "params": {"gamma": 8.323207291901435, "prior": 9.032758516193605, "rate": 5.119964633266645}, "datetime": {"datetime": "2024-06-14 05:06:50", "elapsed": 11.796718, "delta": 0.009974}}
{"target": -336.97720340367897, "params": {"gamma": 6.56208200669582, "prior": 7.701078270941128, "rate": 6.854714307550932}, "datetime": {"datetime": "2024-06-14 05:06:50", "elapsed": 11.807688, "delta": 0.01097}}
{"target": -242.75772591370225, "params": {"gamma": 4.59170508000715, "prior": 5.777177096628812, "rate": 5.74102025787266}, "datetime": {"datetime": "2024-06-14 05:06:50", "elapsed": 11.819656, "delta": 0.011968}}
{"target": -322.47014901128165, "params": {"gamma": 8.421463069722522, "prior": 2.4803729054295243, "rate": 7.572507436190774}, "datetime": {"datetime": "2024-06-14 05:06:50", "elapsed": 11.82963, "delta": 0.009974}}
{"target": -397.10206041409333, "params": {"gamma": 8.12355876007362, "prior": 7.99062037533525, "rate": 8.07727048210085}, "datetime": {"datetime": "2024-06-14 05:06:50", "elapsed": 11.839602, "delta": 0.009972}}
{"target": -367.51388925925806, "params": {"gamma": 8.292970943843157, "prior": 4.23340593789217, "rate": 6.179249469269826}, "datetime": {"datetime": "2024-06-14 05:06:50", "elapsed": 11.849575, "delta": 0.009973}}
{"target": -352.15504548085534, "params": {"gamma": 7.552699915952439, "prior": 7.720679136482666, "rate": 9.586087624632432}, "datetime": {"datetime": "2024-06-14 05:06:50", "elapsed": 11.859549, "delta": 0.009974}}
{"target": -498.4071654518605, "params": {"gamma": 9.750777680644457, "prior": 5.690872459899503, "rate": 4.657924948350314}, "datetime": {"datetime": "2024-06-14 05:06:50", "elapsed": 11.868525, "delta": 0.008976}}
{"target": -317.701871778096, "params": {"gamma": 8.35541774153753, "prior": 2.2776131471709045, "rate": 7.664214496519479}, "datetime": {"datetime": "2024-06-14 05:06:50", "elapsed": 11.878498, "delta": 0.009973}}
{"target": -146.21619956240582, "params": {"gamma": 1.920923979668611, "prior": 5.957112902935368, "rate": 6.068707734799046}, "datetime": {"datetime": "2024-06-14 05:06:50", "elapsed": 11.890466, "delta": 0.011968}}
{"target": -258.20447094091446, "params": {"gamma": 4.418996184218967, "prior": 8.659051462799177, "rate": 5.435278379231555}, "datetime": {"datetime": "2024-06-14 05:06:50", "elapsed": 11.90044, "delta": 0.009974}}
{"target": -347.8729943548735, "params": {"gamma": 4.927804379534841, "prior": 4.2394437931335665, "rate": 0.6231896086801356}, "datetime": {"datetime": "2024-06-14 05:06:50", "elapsed": 11.910413, "delta": 0.009973}}
{"target": -174.64366800023043, "params": {"gamma": 3.622132449809016, "prior": 1.0188720461219751, "rate": 5.656819358260873}, "datetime": {"datetime": "2024-06-14 05:06:50", "elapsed": 11.919389, "delta": 0.008976}}
{"target": -335.9822496166935, "params": {"gamma": 6.4053758139443495, "prior": 7.701044399919781, "rate": 6.325720028185084}, "datetime": {"datetime": "2024-06-14 05:06:50", "elapsed": 11.929362, "delta": 0.009973}}
{"target": -151.26081226456228, "params": {"gamma": 1.8714204909994507, "prior": 7.527415112713252, "rate": 5.489045144907434}, "datetime": {"datetime": "2024-06-14 05:06:50", "elapsed": 11.939336, "delta": 0.009974}}
{"target": -117.3644796371308, "params": {"gamma": 1.0226014229845646, "prior": 0.34578758896028944, "rate": 2.988163177641064}, "datetime": {"datetime": "2024-06-14 05:06:50", "elapsed": 11.948312, "delta": 0.008976}}
{"target": -339.87320747216216, "params": {"gamma": 6.900460277619986, "prior": 9.334604669396944, "rate": 9.665005509601515}, "datetime": {"datetime": "2024-06-14 05:06:50", "elapsed": 11.958285, "delta": 0.009973}}
{"target": -315.44522967363326, "params": {"gamma": 7.645716345257133, "prior": 3.003166938498256, "rate": 6.2210691836043965}, "datetime": {"datetime": "2024-06-14 05:06:50", "elapsed": 11.968258, "delta": 0.009973}}
{"target": -194.7907778312415, "params": {"gamma": 2.3117301792407194, "prior": 7.53183467935155, "rate": 1.6595044277657995}, "datetime": {"datetime": "2024-06-14 05:06:50", "elapsed": 11.977234, "delta": 0.008976}}
{"target": -420.6687849220351, "params": {"gamma": 7.564947384855503, "prior": 8.699031089411767, "rate": 5.195544029510985}, "datetime": {"datetime": "2024-06-14 05:06:50", "elapsed": 11.987208, "delta": 0.009974}}
