{"target": -144.16697627946323, "params": {"gamma": 0.657282747746784, "prior": 4.544031005383378, "rate": 8.378448285186794}, "datetime": {"datetime": "2024-06-14 19:13:37", "elapsed": 12.326134, "delta": 0.009974}}
{"target": -167.29719584892777, "params": {"gamma": 1.7983467816471097, "prior": 0.48173470650167005, "rate": 7.327203051217345}, "datetime": {"datetime": "2024-06-14 19:13:37", "elapsed": 12.336108, "delta": 0.009974}}
{"target": -360.5477928140983, "params": {"gamma": 5.630844195010378, "prior": 0.5164002018474038, "rate": 9.848867755318958}, "datetime": {"datetime": "2024-06-14 19:13:37", "elapsed": 12.346081, "delta": 0.009973}}
{"target": -284.70614011172023, "params": {"gamma": 5.693754542449788, "prior": 5.893051062330274, "rate": 7.899276512022575}, "datetime": {"datetime": "2024-06-14 19:13:37", "elapsed": 12.356054, "delta": 0.009973}}
{"target": -500.62406879611393, "params": {"gamma": 9.026444072192401, "prior": 0.7014322896639713, "rate": 3.485783580678766}, "datetime": {"datetime": "2024-06-14 19:13:37", "elapsed": 12.36503, "delta": 0.008976}}
{"target": -149.66686821097187, "params": {"gamma": 2.001718538820858, "prior": 4.70500016338409, "rate": 0.9155879517141836}, "datetime": {"datetime": "2024-06-14 19:13:37", "elapsed": 12.375003, "delta": 0.009973}}
{"target": -144.67609686454992, "params": {"gamma": 0.6817896566229965, "prior": 3.07880538798981, "rate": 9.04354823246074}, "datetime": {"datetime": "2024-06-14 19:13:37", "elapsed": 12.384977, "delta": 0.009974}}
{"target": -346.51384275892315, "params": {"gamma": 9.755444236897075, "prior": 7.660828314655607, "rate": 0.008408388692528457}, "datetime": {"datetime": "2024-06-14 19:13:37", "elapsed": 12.393955, "delta": 0.008978}}
{"target": -415.392748439961, "params": {"gamma": 7.3524203268081045, "prior": 0.3177258488517453, "rate": 1.6864882568683546}, "datetime": {"datetime": "2024-06-14 19:13:37", "elapsed": 12.403928, "delta": 0.009973}}
{"target": -150.39444617500652, "params": {"gamma": 0.10612956883701744, "prior": 1.576357287795895, "rate": 6.87536774608507}, "datetime": {"datetime": "2024-06-14 19:13:37", "elapsed": 12.413902, "delta": 0.009974}}
{"target": -356.2371161724288, "params": {"gamma": 7.020466736538225, "prior": 3.773666325556383, "rate": 7.312177051179447}, "datetime": {"datetime": "2024-06-14 19:13:37", "elapsed": 12.423875, "delta": 0.009973}}
{"target": -360.94513162338455, "params": {"gamma": 8.47319475004096, "prior": 1.3905393929713459, "rate": 0.8749857543012785}, "datetime": {"datetime": "2024-06-14 19:13:37", "elapsed": 12.433848, "delta": 0.009973}}
{"target": -196.9266597717978, "params": {"gamma": 3.7198426436825134, "prior": 4.098448011756622, "rate": 2.764765794383843}, "datetime": {"datetime": "2024-06-14 19:13:37", "elapsed": 12.442824, "delta": 0.008976}}
{"target": -390.79929920814857, "params": {"gamma": 7.5419276912585245, "prior": 3.2856833854686824, "rate": 8.001642974863078}, "datetime": {"datetime": "2024-06-14 19:13:37", "elapsed": 12.452797, "delta": 0.009973}}
{"target": -399.980640276511, "params": {"gamma": 9.113172234382187, "prior": 5.180175174658037, "rate": 4.294790874776841}, "datetime": {"datetime": "2024-06-14 19:13:37", "elapsed": 12.462771, "delta": 0.009974}}
{"target": -145.17964151949406, "params": {"gamma": 0.9168564269132811, "prior": 2.8094053076691683, "rate": 8.866591497643999}, "datetime": {"datetime": "2024-06-14 19:13:37", "elapsed": 12.472744, "delta": 0.009973}}
{"target": -163.54238861276718, "params": {"gamma": 2.460197468394256, "prior": 6.24977493002166, "rate": 4.950578951032165}, "datetime": {"datetime": "2024-06-14 19:13:37", "elapsed": 12.48172, "delta": 0.008976}}
{"target": -141.43523705445273, "params": {"gamma": 0.9446309868062094, "prior": 9.003748460789474, "rate": 0.6786405537486796}, "datetime": {"datetime": "2024-06-14 19:13:37", "elapsed": 12.491696, "delta": 0.009976}}
{"target": -305.82336589062226, "params": {"gamma": 6.807342552340344, "prior": 9.722781585845405, "rate": 7.09402853441662}, "datetime": {"datetime": "2024-06-14 19:13:37", "elapsed": 12.501669, "delta": 0.009973}}
{"target": -216.94822350109177, "params": {"gamma": 3.2597612958632975, "prior": 0.8270576470431867, "rate": 5.797790733426387}, "datetime": {"datetime": "2024-06-14 19:13:37", "elapsed": 12.511643, "delta": 0.009974}}
{"target": -366.72874359611103, "params": {"gamma": 7.335436665512681, "prior": 3.6525757331700546, "rate": 6.537860973630521}, "datetime": {"datetime": "2024-06-14 19:13:37", "elapsed": 12.521616, "delta": 0.009973}}
{"target": -365.08175296636966, "params": {"gamma": 5.6663474905763875, "prior": 0.4376535322434657, "rate": 9.207023836034617}, "datetime": {"datetime": "2024-06-14 19:13:37", "elapsed": 12.530592, "delta": 0.008976}}
{"target": -220.7747762387968, "params": {"gamma": 3.80067802872134, "prior": 3.8560792455691626, "rate": 8.463712402100912}, "datetime": {"datetime": "2024-06-14 19:13:37", "elapsed": 12.540565, "delta": 0.009973}}
{"target": -251.8593832341063, "params": {"gamma": 4.843294742066144, "prior": 4.565581063206701, "rate": 6.398927296728125}, "datetime": {"datetime": "2024-06-14 19:13:37", "elapsed": 12.550539, "delta": 0.009974}}
{"target": -159.11822318019998, "params": {"gamma": 2.118501136597562, "prior": 5.330176857702819, "rate": 6.68601667563293}, "datetime": {"datetime": "2024-06-14 19:13:37", "elapsed": 12.560512, "delta": 0.009973}}
{"target": -258.25032346215033, "params": {"gamma": 5.388228223129067, "prior": 7.116735261329858, "rate": 5.985766383139416}, "datetime": {"datetime": "2024-06-14 19:13:37", "elapsed": 12.569488, "delta": 0.008976}}
{"target": -312.6507691181968, "params": {"gamma": 8.414213931463882, "prior": 8.803790551734272, "rate": 0.979294191124055}, "datetime": {"datetime": "2024-06-14 19:13:37", "elapsed": 12.579462, "delta": 0.009974}}
{"target": -182.21808255523038, "params": {"gamma": 2.5866813512262476, "prior": 0.6410959386512911, "rate": 2.289689785820543}, "datetime": {"datetime": "2024-06-14 19:13:37", "elapsed": 12.589435, "delta": 0.009973}}
{"target": -360.5530944168365, "params": {"gamma": 7.209446154413992, "prior": 0.8775978709769626, "rate": 1.5520400109873145}, "datetime": {"datetime": "2024-06-14 19:13:37", "elapsed": 12.599409, "delta": 0.009974}}
{"target": -333.9875006044999, "params": {"gamma": 7.707912505930211, "prior": 4.498819255990509, "rate": 2.9019172561855204}, "datetime": {"datetime": "2024-06-14 19:13:37", "elapsed": 12.60842, "delta": 0.009011}}
{"target": -256.3859886298586, "params": {"gamma": 6.440202978033387, "prior": 8.880690205028927, "rate": 0.3770167983173472}, "datetime": {"datetime": "2024-06-14 19:13:37", "elapsed": 12.618358, "delta": 0.009938}}
{"target": -334.36787079365706, "params": {"gamma": 6.931250350669296, "prior": 6.718652167826616, "rate": 8.680252973877208}, "datetime": {"datetime": "2024-06-14 19:13:37", "elapsed": 12.629328, "delta": 0.01097}}
{"target": -148.97014642292802, "params": {"gamma": 1.964524028194986, "prior": 7.156647032386309, "rate": 1.0399071814446177}, "datetime": {"datetime": "2024-06-14 19:13:37", "elapsed": 12.638304, "delta": 0.008976}}
{"target": -143.39941650685859, "params": {"gamma": 0.5672069415832846, "prior": 6.839880739152903, "rate": 0.22732450662229567}, "datetime": {"datetime": "2024-06-14 19:13:37", "elapsed": 12.648277, "delta": 0.009973}}
{"target": -146.5438701093467, "params": {"gamma": 0.4439465889324353, "prior": 0.46583492545602645, "rate": 4.65463967682463}, "datetime": {"datetime": "2024-06-14 19:13:37", "elapsed": 12.65825, "delta": 0.009973}}
{"target": -297.6333784149381, "params": {"gamma": 7.5789365730024665, "prior": 9.92277231453038, "rate": 2.2668503578440693}, "datetime": {"datetime": "2024-06-14 19:13:37", "elapsed": 12.668224, "delta": 0.009974}}
{"target": -367.5101070612189, "params": {"gamma": 7.924009872480004, "prior": 7.972934055378927, "rate": 8.72255485071234}, "datetime": {"datetime": "2024-06-14 19:13:37", "elapsed": 12.678197, "delta": 0.009973}}
{"target": -208.96058655632228, "params": {"gamma": 3.1432456469635857, "prior": 1.4159580458583867, "rate": 7.967219098261448}, "datetime": {"datetime": "2024-06-14 19:13:38", "elapsed": 12.688171, "delta": 0.009974}}
{"target": -237.67081188266397, "params": {"gamma": 5.675065913341395, "prior": 4.2050738753286225, "rate": 0.587358130182522}, "datetime": {"datetime": "2024-06-14 19:13:38", "elapsed": 12.698146, "delta": 0.009975}}
{"target": -151.06076204390826, "params": {"gamma": 0.06656219698395709, "prior": 3.2286322867153814, "rate": 2.715316394543481}, "datetime": {"datetime": "2024-06-14 19:13:38", "elapsed": 12.708119, "delta": 0.009973}}
{"target": -223.02534585727042, "params": {"gamma": 4.757760549476385, "prior": 9.243757460551764, "rate": 4.167428176120559}, "datetime": {"datetime": "2024-06-14 19:13:38", "elapsed": 12.718093, "delta": 0.009974}}
{"target": -168.33154111749317, "params": {"gamma": 2.8795508249232378, "prior": 8.467940679140908, "rate": 3.0701917238377807}, "datetime": {"datetime": "2024-06-14 19:13:38", "elapsed": 12.727069, "delta": 0.008976}}
{"target": -395.01172974329586, "params": {"gamma": 9.155924640477402, "prior": 8.647777248513803, "rate": 6.388553062492898}, "datetime": {"datetime": "2024-06-14 19:13:38", "elapsed": 12.737043, "delta": 0.009974}}
{"target": -405.9572456193084, "params": {"gamma": 7.477004260543885, "prior": 1.6574956757483044, "rate": 6.029139826844452}, "datetime": {"datetime": "2024-06-14 19:13:38", "elapsed": 12.747016, "delta": 0.009973}}
{"target": -179.68441611826515, "params": {"gamma": 3.2710458013785924, "prior": 4.937912730263073, "rate": 2.2546291955209634}, "datetime": {"datetime": "2024-06-14 19:13:38", "elapsed": 12.756989, "delta": 0.009973}}
{"target": -415.27492881652944, "params": {"gamma": 9.019674819004562, "prior": 4.174184394127804, "rate": 4.767863797915282}, "datetime": {"datetime": "2024-06-14 19:13:38", "elapsed": 12.766962, "delta": 0.009973}}
{"target": -395.10326148132214, "params": {"gamma": 7.214306126589714, "prior": 1.3097484479347787, "rate": 5.031147420462448}, "datetime": {"datetime": "2024-06-14 19:13:38", "elapsed": 12.776936, "delta": 0.009974}}
{"target": -336.1993904138933, "params": {"gamma": 8.131663485200999, "prior": 6.805684413213499, "rate": 3.2171856095203215}, "datetime": {"datetime": "2024-06-14 19:13:38", "elapsed": 12.785911, "delta": 0.008975}}
{"target": -328.3234111939306, "params": {"gamma": 7.106943301265306, "prior": 9.350952026926866, "rate": 8.947867607275063}, "datetime": {"datetime": "2024-06-14 19:13:38", "elapsed": 12.79639, "delta": 0.010479}}
{"target": -357.5003641863358, "params": {"gamma": 7.422605646963092, "prior": 2.7344015716166092, "rate": 3.725501581962508}, "datetime": {"datetime": "2024-06-14 19:13:38", "elapsed": 12.805366, "delta": 0.008976}}
{"target": -276.00686219303594, "params": {"gamma": 5.584620793314178, "prior": 3.872384078878505, "rate": 4.558012873762793}, "datetime": {"datetime": "2024-06-14 19:13:38", "elapsed": 12.81534, "delta": 0.009974}}
{"target": -466.3661848241363, "params": {"gamma": 7.935465915232807, "prior": 1.1290073078901408, "rate": 9.7299927856935}, "datetime": {"datetime": "2024-06-14 19:13:38", "elapsed": 12.825342, "delta": 0.010002}}
{"target": -323.4463214088077, "params": {"gamma": 7.046486043044176, "prior": 8.660805896925622, "rate": 7.817018859374792}, "datetime": {"datetime": "2024-06-14 19:13:38", "elapsed": 12.835286, "delta": 0.009944}}
{"target": -204.20055022907795, "params": {"gamma": 4.322404951375301, "prior": 9.430860319493826, "rate": 2.5316090848682102}, "datetime": {"datetime": "2024-06-14 19:13:38", "elapsed": 12.845259, "delta": 0.009973}}
{"target": -145.39666502304456, "params": {"gamma": 0.46343798347233406, "prior": 1.0590944796215522, "rate": 2.0081654825988586}, "datetime": {"datetime": "2024-06-14 19:13:38", "elapsed": 12.855233, "delta": 0.009974}}
{"target": -303.15748297250184, "params": {"gamma": 5.3912662829380675, "prior": 2.3136652704027774, "rate": 8.353372877694195}, "datetime": {"datetime": "2024-06-14 19:13:38", "elapsed": 12.865206, "delta": 0.009973}}
{"target": -150.52382822594413, "params": {"gamma": 0.09437753374081341, "prior": 7.484419195067273, "rate": 9.69010921459811}, "datetime": {"datetime": "2024-06-14 19:13:38", "elapsed": 12.874182, "delta": 0.008976}}
{"target": -172.36619532887062, "params": {"gamma": 2.6725649276388403, "prior": 6.275773513641307, "rate": 7.148081569821106}, "datetime": {"datetime": "2024-06-14 19:13:38", "elapsed": 12.884155, "delta": 0.009973}}
{"target": -196.22497187372846, "params": {"gamma": 3.270247221878411, "prior": 4.387953061937092, "rate": 7.344354052301767}, "datetime": {"datetime": "2024-06-14 19:13:38", "elapsed": 12.893637, "delta": 0.009482}}
{"target": -148.05974486441107, "params": {"gamma": 1.3123707216933747, "prior": 1.5224911326883348, "rate": 3.7546878211627708}, "datetime": {"datetime": "2024-06-14 19:13:38", "elapsed": 12.90361, "delta": 0.009973}}
{"target": -156.6464879848476, "params": {"gamma": 2.2848621090646066, "prior": 3.139165298421994, "rate": 1.5015067831741629}, "datetime": {"datetime": "2024-06-14 19:13:38", "elapsed": 12.913936, "delta": 0.010326}}
{"target": -141.7456222361111, "params": {"gamma": 0.9672639623300204, "prior": 9.168241908051757, "rate": 3.4595881913084976}, "datetime": {"datetime": "2024-06-14 19:13:38", "elapsed": 12.923909, "delta": 0.009973}}
{"target": -267.33243850342114, "params": {"gamma": 5.660096601094165, "prior": 5.51726777421675, "rate": 4.5041251239749585}, "datetime": {"datetime": "2024-06-14 19:13:38", "elapsed": 12.932884, "delta": 0.008975}}
{"target": -391.54082945658786, "params": {"gamma": 7.478457982844058, "prior": 3.3826069277300896, "rate": 8.924882091116567}, "datetime": {"datetime": "2024-06-14 19:13:38", "elapsed": 12.942858, "delta": 0.009974}}
{"target": -142.9215056769318, "params": {"gamma": 0.6812641898485671, "prior": 5.7914069679783005, "rate": 3.391186716940452}, "datetime": {"datetime": "2024-06-14 19:13:38", "elapsed": 12.952831, "delta": 0.009973}}
{"target": -212.14658427883595, "params": {"gamma": 3.6396395485330513, "prior": 3.120469153051323, "rate": 6.036259408805832}, "datetime": {"datetime": "2024-06-14 19:13:38", "elapsed": 12.962805, "delta": 0.009974}}
{"target": -162.20936607968537, "params": {"gamma": 2.34484488740895, "prior": 3.013631376935151, "rate": 2.8556604108589827}, "datetime": {"datetime": "2024-06-14 19:13:38", "elapsed": 12.972778, "delta": 0.009973}}
{"target": -150.9724568440332, "params": {"gamma": 0.06894765796633268, "prior": 3.779023243593732, "rate": 0.4899246143734417}, "datetime": {"datetime": "2024-06-14 19:13:38", "elapsed": 12.982752, "delta": 0.009974}}
{"target": -385.0246397918578, "params": {"gamma": 8.743887748991542, "prior": 7.246044050893931, "rate": 5.953475738168867}, "datetime": {"datetime": "2024-06-14 19:13:38", "elapsed": 12.991729, "delta": 0.008977}}
{"target": -331.6244047242107, "params": {"gamma": 7.439039471551036, "prior": 9.020831429535983, "rate": 6.941211543141177}, "datetime": {"datetime": "2024-06-14 19:13:38", "elapsed": 13.001703, "delta": 0.009974}}
{"target": -322.3807351250755, "params": {"gamma": 5.90797241496815, "prior": 1.3301665118919654, "rate": 4.046421932570356}, "datetime": {"datetime": "2024-06-14 19:13:38", "elapsed": 13.011677, "delta": 0.009974}}
{"target": -294.4326379178972, "params": {"gamma": 5.789933531360811, "prior": 6.068159221609412, "rate": 9.607817590001783}, "datetime": {"datetime": "2024-06-14 19:13:38", "elapsed": 13.021649, "delta": 0.009972}}
{"target": -151.66537709701964, "params": {"gamma": 2.0557977104341765, "prior": 6.665198142873705, "rate": 2.5650349774738426}, "datetime": {"datetime": "2024-06-14 19:13:38", "elapsed": 13.031623, "delta": 0.009974}}
{"target": -202.19247285981794, "params": {"gamma": 4.1781946638619605, "prior": 9.722309574884378, "rate": 3.31144322847995}, "datetime": {"datetime": "2024-06-14 19:13:38", "elapsed": 13.040599, "delta": 0.008976}}
{"target": -182.87360919941733, "params": {"gamma": 3.620869630590026, "prior": 4.451727639802938, "rate": 0.4076372311016773}, "datetime": {"datetime": "2024-06-14 19:13:38", "elapsed": 13.050572, "delta": 0.009973}}
{"target": -210.7988055848791, "params": {"gamma": 3.9863038148057774, "prior": 6.227952485750611, "rate": 5.7812217885154835}, "datetime": {"datetime": "2024-06-14 19:13:38", "elapsed": 13.060545, "delta": 0.009973}}
{"target": -387.4221401189063, "params": {"gamma": 8.734253865159978, "prior": 6.447746922370251, "rate": 5.570002490848631}, "datetime": {"datetime": "2024-06-14 19:13:38", "elapsed": 13.070519, "delta": 0.009974}}
{"target": -403.24172230819585, "params": {"gamma": 6.406830923563959, "prior": 0.5714061557653263, "rate": 9.961217364236495}, "datetime": {"datetime": "2024-06-14 19:13:38", "elapsed": 13.080555, "delta": 0.010036}}
{"target": -145.83981147759664, "params": {"gamma": 1.517902470777048, "prior": 4.242624178680719, "rate": 2.953219449966769}, "datetime": {"datetime": "2024-06-14 19:13:38", "elapsed": 13.089614, "delta": 0.009059}}
{"target": -263.5685486612972, "params": {"gamma": 5.7725917240622495, "prior": 5.6396541321313896, "rate": 3.5217911282734677}, "datetime": {"datetime": "2024-06-14 19:13:38", "elapsed": 13.099582, "delta": 0.009968}}
{"target": -447.49891645276205, "params": {"gamma": 9.73632101034662, "prior": 7.537589226886725, "rate": 8.898523787979325}, "datetime": {"datetime": "2024-06-14 19:13:38", "elapsed": 13.109555, "delta": 0.009973}}
{"target": -224.09466958932524, "params": {"gamma": 4.554646543417618, "prior": 6.0341202774811045, "rate": 4.135119304282028}, "datetime": {"datetime": "2024-06-14 19:13:38", "elapsed": 13.119528, "delta": 0.009973}}
{"target": -172.23351521001177, "params": {"gamma": 3.043247399234573, "prior": 5.302158650435817, "rate": 1.9104821219709982}, "datetime": {"datetime": "2024-06-14 19:13:38", "elapsed": 13.129131, "delta": 0.009603}}
{"target": -151.8792946857572, "params": {"gamma": 2.141803137630578, "prior": 5.156795441297785, "rate": 0.13950689289069168}, "datetime": {"datetime": "2024-06-14 19:13:38", "elapsed": 13.145087, "delta": 0.015956}}
{"target": -224.5563663801055, "params": {"gamma": 4.4554255996411385, "prior": 9.967336646400456, "rate": 8.227007128517913}, "datetime": {"datetime": "2024-06-14 19:13:38", "elapsed": 13.165033, "delta": 0.019946}}
{"target": -141.9094067304266, "params": {"gamma": 0.8355220043224125, "prior": 6.5933141384600535, "rate": 2.25470390737774}, "datetime": {"datetime": "2024-06-14 19:13:38", "elapsed": 13.182021, "delta": 0.016988}}
{"target": -145.72970509184105, "params": {"gamma": 1.1804405667721274, "prior": 3.551904901646867, "rate": 6.771991012506975}, "datetime": {"datetime": "2024-06-14 19:13:38", "elapsed": 13.196517, "delta": 0.014496}}
{"target": -349.1040655112292, "params": {"gamma": 5.508094840668205, "prior": 0.5352303689625977, "rate": 8.567685939201464}, "datetime": {"datetime": "2024-06-14 19:13:38", "elapsed": 13.207488, "delta": 0.010971}}
{"target": -215.3623188028205, "params": {"gamma": 4.776472641076445, "prior": 8.582084626197144, "rate": 1.8773524615382258}, "datetime": {"datetime": "2024-06-14 19:13:38", "elapsed": 13.217461, "delta": 0.009973}}
{"target": -142.74009653442153, "params": {"gamma": 0.8382489282379628, "prior": 5.208099654210848, "rate": 4.545992085303224}, "datetime": {"datetime": "2024-06-14 19:13:38", "elapsed": 13.228432, "delta": 0.010971}}
{"target": -149.70646521728895, "params": {"gamma": 0.13993009549948474, "prior": 0.4896104379385867, "rate": 0.9372347244778493}, "datetime": {"datetime": "2024-06-14 19:13:38", "elapsed": 13.238405, "delta": 0.009973}}
{"target": -146.20850845247915, "params": {"gamma": 0.4077341217427622, "prior": 1.839816766707203, "rate": 5.7557859749589015}, "datetime": {"datetime": "2024-06-14 19:13:38", "elapsed": 13.249405, "delta": 0.011}}
{"target": -211.9868983860679, "params": {"gamma": 4.768049447045129, "prior": 9.79972035532993, "rate": 0.7083006030293989}, "datetime": {"datetime": "2024-06-14 19:13:38", "elapsed": 13.25935, "delta": 0.009945}}
{"target": -416.86216754441847, "params": {"gamma": 8.67428890537549, "prior": 5.827345843187369, "rate": 8.764878981579999}, "datetime": {"datetime": "2024-06-14 19:13:38", "elapsed": 13.269324, "delta": 0.009974}}
{"target": -145.92936097260224, "params": {"gamma": 0.5580803899209963, "prior": 1.0816198620738768, "rate": 8.631084082751796}, "datetime": {"datetime": "2024-06-14 19:13:38", "elapsed": 13.280293, "delta": 0.010969}}
{"target": -236.91326472032097, "params": {"gamma": 5.7042698804473675, "prior": 5.629088630789569, "rate": 0.13111366674830982}, "datetime": {"datetime": "2024-06-14 19:13:38", "elapsed": 13.29077, "delta": 0.010477}}
{"target": -309.44863750789597, "params": {"gamma": 6.422885788360278, "prior": 8.491878366232083, "rate": 9.96126578479924}, "datetime": {"datetime": "2024-06-14 19:13:38", "elapsed": 13.300773, "delta": 0.010003}}
{"target": -229.6351009588844, "params": {"gamma": 4.3301149523829, "prior": 3.182949555977844, "rate": 4.0482984794974595}, "datetime": {"datetime": "2024-06-14 19:13:38", "elapsed": 13.310718, "delta": 0.009945}}
{"target": -166.38410774584764, "params": {"gamma": 2.2810229380137588, "prior": 2.3383759888621203, "rate": 4.337002443043325}, "datetime": {"datetime": "2024-06-14 19:13:38", "elapsed": 13.321689, "delta": 0.010971}}
{"target": -326.287564158822, "params": {"gamma": 6.845710542660374, "prior": 6.641299157065754, "rate": 7.725129192452083}, "datetime": {"datetime": "2024-06-14 19:13:38", "elapsed": 13.331662, "delta": 0.009973}}
{"target": -159.19713858004872, "params": {"gamma": 2.1689300660171678, "prior": 7.314193149454935, "rate": 7.952743020363484}, "datetime": {"datetime": "2024-06-14 19:13:38", "elapsed": 13.341634, "delta": 0.009972}}
