{"target": -426.06105408307013, "params": {"gamma": 4.170803025021038, "prior": 7.231212485077365, "rate": 0.002143633798631522}, "datetime": {"datetime": "2024-06-14 08:53:10", "elapsed": 0.0, "delta": 0.0}}
{"target": -190.1198302912454, "params": {"gamma": 3.024023393745766, "prior": 1.5528833190894193, "rate": 0.9242936090932092}, "datetime": {"datetime": "2024-06-14 08:53:10", "elapsed": 0.008976, "delta": 0.008976}}
{"target": -136.47302435741582, "params": {"gamma": 1.8634158535653313, "prior": 3.5210511977261727, "rate": 3.968277974832469}, "datetime": {"datetime": "2024-06-14 08:53:10", "elapsed": 0.017953, "delta": 0.008977}}
{"target": -214.17898011123643, "params": {"gamma": 5.388628523299567, "prior": 4.250025692592619, "rate": 6.852509784467199}, "datetime": {"datetime": "2024-06-14 08:53:10", "elapsed": 0.026928, "delta": 0.008975}}
{"target": -240.22072651236968, "params": {"gamma": 2.045318045065443, "prior": 8.79336262027036, "rate": 0.2748485443860637}, "datetime": {"datetime": "2024-06-14 08:53:10", "elapsed": 0.034907, "delta": 0.007979}}
{"target": -264.04642401177995, "params": {"gamma": 6.705004634273845, "prior": 4.231317543434557, "rate": 5.587339594629071}, "datetime": {"datetime": "2024-06-14 08:53:10", "elapsed": 0.043883, "delta": 0.008976}}
{"target": -118.79912083031232, "params": {"gamma": 1.4047289990137424, "prior": 2.0612047419403, "rate": 8.00764494218669}, "datetime": {"datetime": "2024-06-14 08:53:10", "elapsed": 0.052859, "delta": 0.008976}}
{"target": -310.03757395661677, "params": {"gamma": 9.682647495618255, "prior": 3.2028993637765044, "rate": 6.923533834077472}, "datetime": {"datetime": "2024-06-14 08:53:10", "elapsed": 0.061835, "delta": 0.008976}}
{"target": -680.8648577380972, "params": {"gamma": 8.764015133808087, "prior": 8.956605968688088, "rate": 0.8513570694864094}, "datetime": {"datetime": "2024-06-14 08:53:10", "elapsed": 0.071295, "delta": 0.00946}}
{"target": -124.24664851269826, "params": {"gamma": 0.39150877754559077, "prior": 1.7813211536892324, "rate": 8.781546891790702}, "datetime": {"datetime": "2024-06-14 08:53:10", "elapsed": 0.079591, "delta": 0.008296}}
{"target": -118.47148315226381, "params": {"gamma": 0.9843699914966679, "prior": 4.268965487550016, "rate": 9.578937411974868}, "datetime": {"datetime": "2024-06-14 08:53:10", "elapsed": 0.0881, "delta": 0.008509}}
{"target": -314.37880017093744, "params": {"gamma": 5.332119684445198, "prior": 6.949583428109686, "rate": 3.1558407944296234}, "datetime": {"datetime": "2024-06-14 08:53:10", "elapsed": 0.097403, "delta": 0.009303}}
{"target": -600.056585258667, "params": {"gamma": 6.865322775888155, "prior": 8.362794151783993, "rate": 0.18386448516457388}, "datetime": {"datetime": "2024-06-14 08:53:10", "elapsed": 0.105912, "delta": 0.008509}}
{"target": -356.4671840154704, "params": {"gamma": 7.50169300513473, "prior": 9.889724780174298, "rate": 7.4819083781440145}, "datetime": {"datetime": "2024-06-14 08:53:10", "elapsed": 0.114839, "delta": 0.008927}}
{"target": -247.2174038355164, "params": {"gamma": 2.8051594766519874, "prior": 7.913865351669736, "rate": 1.0331568397698425}, "datetime": {"datetime": "2024-06-14 08:53:10", "elapsed": 0.123324, "delta": 0.008485}}
{"target": -296.92693625472333, "params": {"gamma": 4.479487368232876, "prior": 9.095095480621646, "rate": 2.9368478695884215}, "datetime": {"datetime": "2024-06-14 08:53:10", "elapsed": 0.1323, "delta": 0.008976}}
{"target": -248.72757854087143, "params": {"gamma": 2.878465610524901, "prior": 1.3872828639709491, "rate": 0.19465021174510047}, "datetime": {"datetime": "2024-06-14 08:53:10", "elapsed": 0.140278, "delta": 0.007978}}
{"target": -274.2823478216724, "params": {"gamma": 6.78867649386597, "prior": 2.1951183484005847, "rate": 2.65620104706289}, "datetime": {"datetime": "2024-06-14 08:53:10", "elapsed": 0.149254, "delta": 0.008976}}
{"target": -191.95283656998143, "params": {"gamma": 4.916240019644103, "prior": 0.6282891966590958, "rate": 5.741601937314639}, "datetime": {"datetime": "2024-06-14 08:53:10", "elapsed": 0.157233, "delta": 0.007979}}
{"target": -128.82834790391718, "params": {"gamma": 1.4681390204831957, "prior": 5.934124815342514, "rate": 6.9978838418492915}, "datetime": {"datetime": "2024-06-14 08:53:10", "elapsed": 0.166209, "delta": 0.008976}}
{"target": -120.9149524983848, "params": {"gamma": 1.0242419538494305, "prior": 4.199154279413726, "rate": 6.9443071771197245}, "datetime": {"datetime": "2024-06-14 08:53:10", "elapsed": 0.175185, "delta": 0.008976}}
{"target": -173.17372532754072, "params": {"gamma": 4.1423785159995, "prior": 0.5945392435662629, "rate": 5.359428162749201}, "datetime": {"datetime": "2024-06-14 08:53:10", "elapsed": 0.184161, "delta": 0.008976}}
{"target": -241.01876182072527, "params": {"gamma": 6.638282657552669, "prior": 5.1974022093772545, "rate": 9.446002965152143}, "datetime": {"datetime": "2024-06-14 08:53:10", "elapsed": 0.19214, "delta": 0.007979}}
{"target": -439.44203685494676, "params": {"gamma": 5.865963849979428, "prior": 9.043678961350047, "rate": 1.3756095667582289}, "datetime": {"datetime": "2024-06-14 08:53:10", "elapsed": 0.201621, "delta": 0.009481}}
{"target": -144.91550537256427, "params": {"gamma": 1.3936241961603346, "prior": 8.093173758224285, "rate": 3.9773706930183503}, "datetime": {"datetime": "2024-06-14 08:53:10", "elapsed": 0.210175, "delta": 0.008554}}
{"target": -158.65695609028785, "params": {"gamma": 1.6543766169722107, "prior": 9.282334945920736, "rate": 3.47831083159532}, "datetime": {"datetime": "2024-06-14 08:53:10", "elapsed": 0.21915, "delta": 0.008975}}
{"target": -297.2672401375413, "params": {"gamma": 7.50837021925842, "prior": 7.28738005496947, "rate": 8.833177605966892}, "datetime": {"datetime": "2024-06-14 08:53:10", "elapsed": 0.228126, "delta": 0.008976}}
{"target": -359.68091555689386, "params": {"gamma": 6.237098398349034, "prior": 7.534330096870638, "rate": 3.4896345214364475}, "datetime": {"datetime": "2024-06-14 08:53:10", "elapsed": 0.237102, "delta": 0.008976}}
{"target": -187.4180417494667, "params": {"gamma": 2.7000089897584956, "prior": 8.969273560141062, "rate": 4.281483807523078}, "datetime": {"datetime": "2024-06-14 08:53:10", "elapsed": 0.246078, "delta": 0.008976}}
{"target": -410.9796121035013, "params": {"gamma": 9.648435631436707, "prior": 6.6680708284026355, "rate": 6.217335506371009}, "datetime": {"datetime": "2024-06-14 08:53:10", "elapsed": 0.254057, "delta": 0.007979}}
{"target": -141.20889674071927, "params": {"gamma": 1.1483449835607984, "prior": 9.499943661200005, "rate": 4.499671422665926}, "datetime": {"datetime": "2024-06-14 08:53:10", "elapsed": 0.263572, "delta": 0.009515}}
{"target": -313.36217197806263, "params": {"gamma": 5.784317754256931, "prior": 4.140554347336684, "rate": 2.371032775450034}, "datetime": {"datetime": "2024-06-14 08:53:10", "elapsed": 0.273546, "delta": 0.009974}}
{"target": -805.0188842235284, "params": {"gamma": 9.033891826101975, "prior": 5.77942691805563, "rate": 0.029700399984558545}, "datetime": {"datetime": "2024-06-14 08:53:10", "elapsed": 0.282521, "delta": 0.008975}}
{"target": -236.1824249352971, "params": {"gamma": 6.171831991293619, "prior": 3.3337845275437523, "rate": 5.271053964473836}, "datetime": {"datetime": "2024-06-14 08:53:10", "elapsed": 0.290501, "delta": 0.00798}}
{"target": -283.49335431234346, "params": {"gamma": 8.859535051008434, "prior": 3.636970624024748, "rate": 9.085442974047073}, "datetime": {"datetime": "2024-06-14 08:53:10", "elapsed": 0.299981, "delta": 0.00948}}
{"target": -244.03758956047577, "params": {"gamma": 6.233977797802236, "prior": 0.2566303041809072, "rate": 9.294442900203869}, "datetime": {"datetime": "2024-06-14 08:53:10", "elapsed": 0.308958, "delta": 0.008977}}
{"target": -502.09620459751784, "params": {"gamma": 6.9092782782517235, "prior": 9.973496219469657, "rate": 1.7242327429449402}, "datetime": {"datetime": "2024-06-14 08:53:10", "elapsed": 0.317934, "delta": 0.008976}}
{"target": -135.36890307351266, "params": {"gamma": 1.3722203605391488, "prior": 9.33269508406792, "rate": 6.9684847967375125}, "datetime": {"datetime": "2024-06-14 08:53:10", "elapsed": 0.326909, "delta": 0.008975}}
{"target": -127.70946319942809, "params": {"gamma": 0.6609357270479028, "prior": 7.579084220764417, "rate": 7.539008008424004}, "datetime": {"datetime": "2024-06-14 08:53:10", "elapsed": 0.335886, "delta": 0.008977}}
{"target": -663.3383136180154, "params": {"gamma": 9.230322330929287, "prior": 7.14409511042187, "rate": 1.2435853487596746}, "datetime": {"datetime": "2024-06-14 08:53:10", "elapsed": 0.344861, "delta": 0.008975}}
{"target": -140.35469850411616, "params": {"gamma": 0.1997814582641161, "prior": 0.3594887700894208, "rate": 0.2840365737199253}, "datetime": {"datetime": "2024-06-14 08:53:10", "elapsed": 0.353837, "delta": 0.008976}}
{"target": -168.1394165924546, "params": {"gamma": 2.462864464962856, "prior": 8.61427669196059, "rate": 5.3887718123521875}, "datetime": {"datetime": "2024-06-14 08:53:10", "elapsed": 0.361816, "delta": 0.007979}}
{"target": -418.24539186727924, "params": {"gamma": 5.5286669648789735, "prior": 8.436105834360097, "rate": 1.2426089778839915}, "datetime": {"datetime": "2024-06-14 08:53:10", "elapsed": 0.370792, "delta": 0.008976}}
{"target": -149.45487695508544, "params": {"gamma": 2.792557606432384, "prior": 5.89901678743705, "rate": 9.695987887448426}, "datetime": {"datetime": "2024-06-14 08:53:10", "elapsed": 0.379768, "delta": 0.008976}}
{"target": -222.55287903570624, "params": {"gamma": 5.6107411623378445, "prior": 0.2846081647921359, "rate": 8.006526094133482}, "datetime": {"datetime": "2024-06-14 08:53:10", "elapsed": 0.388744, "delta": 0.008976}}
{"target": -173.26577743079795, "params": {"gamma": 2.3305097641363632, "prior": 8.090341436625915, "rate": 3.8792185799976533}, "datetime": {"datetime": "2024-06-14 08:53:10", "elapsed": 0.398614, "delta": 0.00987}}
{"target": -408.7288480107991, "params": {"gamma": 8.635555003739727, "prior": 7.496504263098128, "rate": 5.562846099670199}, "datetime": {"datetime": "2024-06-14 08:53:10", "elapsed": 0.407099, "delta": 0.008485}}
{"target": -122.75382707712184, "params": {"gamma": 1.3654158013811895, "prior": 0.6931851261708954, "rate": 1.2143132139516326}, "datetime": {"datetime": "2024-06-14 08:53:10", "elapsed": 0.416174, "delta": 0.009075}}
{"target": -126.2357906728613, "params": {"gamma": 0.4464742335690725, "prior": 1.16419187815032, "rate": 2.2578676767399393}, "datetime": {"datetime": "2024-06-14 08:53:10", "elapsed": 0.425151, "delta": 0.008977}}
{"target": -619.9249062423222, "params": {"gamma": 7.130176814846385, "prior": 5.64119812233601, "rate": 0.12654724561099942}, "datetime": {"datetime": "2024-06-14 08:53:10", "elapsed": 0.434156, "delta": 0.009005}}
{"target": -134.22733012279227, "params": {"gamma": 0.7206708226151783, "prior": 9.676035667002694, "rate": 5.6814365187375016}, "datetime": {"datetime": "2024-06-14 08:53:10", "elapsed": 0.44313, "delta": 0.008974}}
{"target": -128.84898147021445, "params": {"gamma": 2.033729053375244, "prior": 2.598024871246202, "rate": 7.438514714896855}, "datetime": {"datetime": "2024-06-14 08:53:10", "elapsed": 0.452078, "delta": 0.008948}}
{"target": -132.18460483774598, "params": {"gamma": 1.9550993816120785, "prior": 5.855453380005252, "rate": 9.700229870894034}, "datetime": {"datetime": "2024-06-14 08:53:10", "elapsed": 0.460057, "delta": 0.007979}}
{"target": -283.3025209368733, "params": {"gamma": 8.468441186098863, "prior": 2.4744928155611032, "rate": 4.938203372973032}, "datetime": {"datetime": "2024-06-14 08:53:10", "elapsed": 0.469033, "delta": 0.008976}}
{"target": -446.456522700787, "params": {"gamma": 6.199937228095417, "prior": 8.306910905546768, "rate": 1.5687571550661965}, "datetime": {"datetime": "2024-06-14 08:53:10", "elapsed": 0.47801, "delta": 0.008977}}
{"target": -134.27566796232733, "params": {"gamma": 0.18674344557191777, "prior": 0.7932192228203011, "rate": 4.863964764259381}, "datetime": {"datetime": "2024-06-14 08:53:10", "elapsed": 0.485988, "delta": 0.007978}}
{"target": -330.44629298811407, "params": {"gamma": 6.063688287071651, "prior": 5.731629227156165, "rate": 3.1743067308122854}, "datetime": {"datetime": "2024-06-14 08:53:10", "elapsed": 0.494964, "delta": 0.008976}}
{"target": -490.24220148587546, "params": {"gamma": 9.886172927970076, "prior": 5.839477670533389, "rate": 3.8020315850628807}, "datetime": {"datetime": "2024-06-14 08:53:10", "elapsed": 0.503943, "delta": 0.008979}}
{"target": -257.8559397366297, "params": {"gamma": 5.509931242959851, "prior": 7.478810865974371, "rate": 6.6926597016383935}, "datetime": {"datetime": "2024-06-14 08:53:10", "elapsed": 0.512919, "delta": 0.008976}}
{"target": -138.89518351419258, "params": {"gamma": 2.6499306570704313, "prior": 0.7567148608415716, "rate": 3.701471894943149}, "datetime": {"datetime": "2024-06-14 08:53:10", "elapsed": 0.520897, "delta": 0.007978}}
{"target": -218.06523934399337, "params": {"gamma": 6.297545352708624, "prior": 2.180722698156912, "rate": 7.5278027818344}, "datetime": {"datetime": "2024-06-14 08:53:10", "elapsed": 0.529874, "delta": 0.008977}}
{"target": -118.91543854837718, "params": {"gamma": 0.6662982770597953, "prior": 2.677119475927556, "rate": 8.04774088286971}, "datetime": {"datetime": "2024-06-14 08:53:10", "elapsed": 0.538851, "delta": 0.008977}}
{"target": -145.03266351549897, "params": {"gamma": 1.935149391950654, "prior": 6.430662720711407, "rate": 5.247178420928214}, "datetime": {"datetime": "2024-06-14 08:53:10", "elapsed": 0.547855, "delta": 0.009004}}
{"target": -623.842028470016, "params": {"gamma": 9.248154896023108, "prior": 2.706638027822399, "rate": 0.6605449457495538}, "datetime": {"datetime": "2024-06-14 08:53:10", "elapsed": 0.556802, "delta": 0.008947}}
{"target": -295.6738600736141, "params": {"gamma": 7.350924566923407, "prior": 7.744562492478143, "rate": 9.078250709182736}, "datetime": {"datetime": "2024-06-14 08:53:10", "elapsed": 0.565778, "delta": 0.008976}}
{"target": -311.82369827997246, "params": {"gamma": 9.319788719899176, "prior": 0.23812057245841045, "rate": 2.344386499128084}, "datetime": {"datetime": "2024-06-14 08:53:10", "elapsed": 0.574754, "delta": 0.008976}}
{"target": -271.3553882852669, "params": {"gamma": 6.1681667916595755, "prior": 9.495261574807403, "rate": 9.50181101635155}, "datetime": {"datetime": "2024-06-14 08:53:10", "elapsed": 0.58373, "delta": 0.008976}}
{"target": -282.9774486267163, "params": {"gamma": 5.566975228763369, "prior": 9.164502862686119, "rate": 6.41602052325443}, "datetime": {"datetime": "2024-06-14 08:53:10", "elapsed": 0.592706, "delta": 0.008976}}
{"target": -185.66505036685444, "params": {"gamma": 3.9006871336983213, "prior": 4.911307604259406, "rate": 6.043500518716813}, "datetime": {"datetime": "2024-06-14 08:53:10", "elapsed": 0.600684, "delta": 0.007978}}
{"target": -248.7282072091974, "params": {"gamma": 5.495929667164118, "prior": 9.269196124393892, "rate": 9.187415622900428}, "datetime": {"datetime": "2024-06-14 08:53:10", "elapsed": 0.60966, "delta": 0.008976}}
{"target": -301.9920821271883, "params": {"gamma": 3.9493612536226252, "prior": 9.636299031563047, "rate": 1.740382711137963}, "datetime": {"datetime": "2024-06-14 08:53:10", "elapsed": 0.618636, "delta": 0.008976}}
{"target": -117.67750567697921, "params": {"gamma": 1.2641688648769336, "prior": 1.4372836646626401, "rate": 5.057115994603291}, "datetime": {"datetime": "2024-06-14 08:53:10", "elapsed": 0.627198, "delta": 0.008562}}
{"target": -139.22702237891465, "params": {"gamma": 0.2162265279367056, "prior": 9.484905091055042, "rate": 8.271327596236153}, "datetime": {"datetime": "2024-06-14 08:53:10", "elapsed": 0.636075, "delta": 0.008877}}
{"target": -139.25054278245335, "params": {"gamma": 0.15117478844048168, "prior": 1.8443429301930472, "rate": 3.3213036800940032}, "datetime": {"datetime": "2024-06-14 08:53:10", "elapsed": 0.644468, "delta": 0.008393}}
{"target": -146.59647191786706, "params": {"gamma": 1.310837451264358, "prior": 8.113957852053163, "rate": 3.4480217901802512}, "datetime": {"datetime": "2024-06-14 08:53:10", "elapsed": 0.653769, "delta": 0.009301}}
{"target": -332.4809806798707, "params": {"gamma": 9.401134715851338, "prior": 5.861940381476092, "rate": 8.78844101213403}, "datetime": {"datetime": "2024-06-14 08:53:10", "elapsed": 0.661986, "delta": 0.008217}}
{"target": -463.726464050148, "params": {"gamma": 8.447499719476827, "prior": 9.063383955215627, "rate": 4.599342777902254}, "datetime": {"datetime": "2024-06-14 08:53:10", "elapsed": 0.671206, "delta": 0.00922}}
{"target": -344.38304088260065, "params": {"gamma": 5.463921813387713, "prior": 8.00617555240519, "rate": 2.8579027984897416}, "datetime": {"datetime": "2024-06-14 08:53:10", "elapsed": 0.680707, "delta": 0.009501}}
{"target": -445.38711028925854, "params": {"gamma": 4.903044972676658, "prior": 6.031192045694196, "rate": 0.15631722223280642}, "datetime": {"datetime": "2024-06-14 08:53:10", "elapsed": 0.689675, "delta": 0.008968}}
{"target": -222.48887501826522, "params": {"gamma": 5.935220600558176, "prior": 4.393395854995637, "rate": 8.073797928319529}, "datetime": {"datetime": "2024-06-14 08:53:10", "elapsed": 0.698651, "delta": 0.008976}}
{"target": -191.07274810534057, "params": {"gamma": 3.153132786150634, "prior": 8.939598214398998, "rate": 5.778994295630071}, "datetime": {"datetime": "2024-06-14 08:53:10", "elapsed": 0.70663, "delta": 0.007979}}
{"target": -144.04667883013684, "params": {"gamma": 1.8409180060730232, "prior": 7.900499414872493, "rate": 6.120699739272295}, "datetime": {"datetime": "2024-06-14 08:53:10", "elapsed": 0.715605, "delta": 0.008975}}
{"target": -125.18777101358432, "params": {"gamma": 0.5400388114654558, "prior": 4.259917432011209, "rate": 6.791009296817731}, "datetime": {"datetime": "2024-06-14 08:53:10", "elapsed": 0.724582, "delta": 0.008977}}
{"target": -353.46712780429954, "params": {"gamma": 9.186099177997281, "prior": 0.10398004642443859, "rate": 9.767614731161565}, "datetime": {"datetime": "2024-06-14 08:53:10", "elapsed": 0.733558, "delta": 0.008976}}
{"target": -217.08763649844178, "params": {"gamma": 3.766426567142999, "prior": 9.740457029747393, "rate": 6.047556293639557}, "datetime": {"datetime": "2024-06-14 08:53:10", "elapsed": 0.741537, "delta": 0.007979}}
{"target": -336.8507790132962, "params": {"gamma": 8.288629233998948, "prior": 5.789643896610213, "rate": 6.281133906875198}, "datetime": {"datetime": "2024-06-14 08:53:10", "elapsed": 0.750512, "delta": 0.008975}}
{"target": -156.75638419302746, "params": {"gamma": 2.8564772406752437, "prior": 5.9096500724952215, "rate": 7.500467615262897}, "datetime": {"datetime": "2024-06-14 08:53:10", "elapsed": 0.75997, "delta": 0.009458}}
{"target": -371.34396387863836, "params": {"gamma": 8.583280050453995, "prior": 7.575313665830033, "rate": 6.980874427224584}, "datetime": {"datetime": "2024-06-14 08:53:10", "elapsed": 0.768946, "delta": 0.008976}}
{"target": -286.7254581256316, "params": {"gamma": 8.644929821115943, "prior": 3.29454186868379, "rate": 6.708217119085085}, "datetime": {"datetime": "2024-06-14 08:53:10", "elapsed": 0.776924, "delta": 0.007978}}
{"target": -211.39053996928092, "params": {"gamma": 4.509288490197079, "prior": 3.8828172451120206, "rate": 4.108702687871935}, "datetime": {"datetime": "2024-06-14 08:53:10", "elapsed": 0.7859, "delta": 0.008976}}
{"target": -174.2215621807122, "params": {"gamma": 4.015394355111937, "prior": 3.2421010649869415, "rate": 6.219571759835095}, "datetime": {"datetime": "2024-06-14 08:53:10", "elapsed": 0.794876, "delta": 0.008976}}
{"target": -231.28781245415837, "params": {"gamma": 4.303042460941823, "prior": 9.740640571479798, "rate": 6.778331113451677}, "datetime": {"datetime": "2024-06-14 08:53:11", "elapsed": 0.803852, "delta": 0.008976}}
{"target": -146.9771860759298, "params": {"gamma": 1.9865003143826816, "prior": 4.324339992545524, "rate": 3.4341190515044557}, "datetime": {"datetime": "2024-06-14 08:53:11", "elapsed": 0.812828, "delta": 0.008976}}
{"target": -333.1873185080221, "params": {"gamma": 7.976590400781708, "prior": 8.811983056777974, "rate": 9.038515716307893}, "datetime": {"datetime": "2024-06-14 08:53:11", "elapsed": 0.820807, "delta": 0.007979}}
{"target": -297.94023931580693, "params": {"gamma": 6.627535403940247, "prior": 2.775061794094602, "rate": 2.5244146483443926}, "datetime": {"datetime": "2024-06-14 08:53:11", "elapsed": 0.829783, "delta": 0.008976}}
{"target": -306.9678614369753, "params": {"gamma": 8.549124529031326, "prior": 5.324374998456592, "rate": 8.021808678961976}, "datetime": {"datetime": "2024-06-14 08:53:11", "elapsed": 0.838759, "delta": 0.008976}}
{"target": -288.94780140758786, "params": {"gamma": 5.725312683398872, "prior": 7.35811100034636, "rate": 5.190597263013095}, "datetime": {"datetime": "2024-06-14 08:53:11", "elapsed": 0.848733, "delta": 0.009974}}
{"target": -355.0400652110799, "params": {"gamma": 7.709068221108379, "prior": 5.731694107976684, "rate": 4.6576330760412175}, "datetime": {"datetime": "2024-06-14 08:53:11", "elapsed": 0.857708, "delta": 0.008975}}
{"target": -154.51237643701148, "params": {"gamma": 3.4275463906248644, "prior": 0.7752725493253708, "rate": 3.7798638691016704}, "datetime": {"datetime": "2024-06-14 08:53:11", "elapsed": 0.866684, "delta": 0.008976}}
{"target": -153.56020361273664, "params": {"gamma": 0.7971811509048254, "prior": 9.829889425931405, "rate": 1.816946900456307}, "datetime": {"datetime": "2024-06-14 08:53:11", "elapsed": 0.87566, "delta": 0.008976}}
{"target": -377.1787051386263, "params": {"gamma": 8.118775118507678, "prior": 8.762120285063391, "rate": 6.884444110607048}, "datetime": {"datetime": "2024-06-14 08:53:11", "elapsed": 0.884636, "delta": 0.008976}}
