{"target": -671.7657257415414, "params": {"gamma": 7.2884205045195944, "lr": 0.3523894424830367}, "datetime": {"datetime": "2024-06-13 19:54:37", "elapsed": 4.775565, "delta": 0.003989}}
{"target": -619.5276503862809, "params": {"gamma": 4.7919136483503735, "lr": 0.8140737533756652}, "datetime": {"datetime": "2024-06-13 19:54:37", "elapsed": 4.779555, "delta": 0.00399}}
{"target": -747.3233970279157, "params": {"gamma": 8.384190660883412, "lr": 0.3199167004179855}, "datetime": {"datetime": "2024-06-13 19:54:37", "elapsed": 4.783544, "delta": 0.003989}}
{"target": -137.83069475909952, "params": {"gamma": 0.043645919052664246, "lr": 0.046930843226232644}, "datetime": {"datetime": "2024-06-13 19:54:37", "elapsed": 4.787534, "delta": 0.00399}}
{"target": -707.0227576281338, "params": {"gamma": 7.378335968662237, "lr": 0.27263228107250803}, "datetime": {"datetime": "2024-06-13 19:54:37", "elapsed": 4.791523, "delta": 0.003989}}
{"target": -580.4659111608005, "params": {"gamma": 4.815376636054336, "lr": 0.1920312660311443}, "datetime": {"datetime": "2024-06-13 19:54:37", "elapsed": 4.795512, "delta": 0.003989}}
{"target": -864.868702021698, "params": {"gamma": 8.471282047905861, "lr": 0.5033776096365531}, "datetime": {"datetime": "2024-06-13 19:54:37", "elapsed": 4.799501, "delta": 0.003989}}
{"target": -483.00594535898244, "params": {"gamma": 5.272074597046892, "lr": 0.28807958808575485}, "datetime": {"datetime": "2024-06-13 19:54:37", "elapsed": 4.803491, "delta": 0.00399}}
{"target": -1022.2872493473667, "params": {"gamma": 5.120480307408566, "lr": 0.0019636453825200295}, "datetime": {"datetime": "2024-06-13 19:54:37", "elapsed": 4.808477, "delta": 0.004986}}
{"target": -271.8684629244614, "params": {"gamma": 2.7736731083917574, "lr": 0.34876298353843593}, "datetime": {"datetime": "2024-06-13 19:54:37", "elapsed": 4.812467, "delta": 0.00399}}
{"target": -567.5709537708098, "params": {"gamma": 2.8402249120040706, "lr": 0.08595222757741783}, "datetime": {"datetime": "2024-06-13 19:54:37", "elapsed": 4.816456, "delta": 0.003989}}
{"target": -671.1142114660394, "params": {"gamma": 5.2182903111313514, "lr": 0.7884791333735152}, "datetime": {"datetime": "2024-06-13 19:54:37", "elapsed": 4.820445, "delta": 0.003989}}
{"target": -901.4600939215385, "params": {"gamma": 9.426041757646109, "lr": 0.49728979211666346}, "datetime": {"datetime": "2024-06-13 19:54:37", "elapsed": 4.824435, "delta": 0.00399}}
{"target": -539.4965584398511, "params": {"gamma": 5.93794482969608, "lr": 0.2908599378104706}, "datetime": {"datetime": "2024-06-13 19:54:37", "elapsed": 4.828424, "delta": 0.003989}}
{"target": -211.39307981505618, "params": {"gamma": 1.492445929692968, "lr": 0.13187169072844107}, "datetime": {"datetime": "2024-06-13 19:54:37", "elapsed": 4.832413, "delta": 0.003989}}
{"target": -850.8596156145821, "params": {"gamma": 7.323875397919708, "lr": 0.7344694353499344}, "datetime": {"datetime": "2024-06-13 19:54:37", "elapsed": 4.836403, "delta": 0.00399}}
{"target": -201.42485484870423, "params": {"gamma": 1.7943208163497153, "lr": 0.41356037977579185}, "datetime": {"datetime": "2024-06-13 19:54:37", "elapsed": 4.840391, "delta": 0.003988}}
{"target": -716.6485581554535, "params": {"gamma": 5.941849134587504, "lr": 0.12528194618614874}, "datetime": {"datetime": "2024-06-13 19:54:37", "elapsed": 4.844381, "delta": 0.00399}}
{"target": -754.0477854862118, "params": {"gamma": 7.85390412973879, "lr": 0.619992203320239}, "datetime": {"datetime": "2024-06-13 19:54:37", "elapsed": 4.848371, "delta": 0.00399}}
{"target": -683.5774182597081, "params": {"gamma": 6.152601693393037, "lr": 0.7012080919186323}, "datetime": {"datetime": "2024-06-13 19:54:37", "elapsed": 4.853357, "delta": 0.004986}}
{"target": -1011.9798274930297, "params": {"gamma": 9.871843637581678, "lr": 0.5623944559571782}, "datetime": {"datetime": "2024-06-13 19:54:37", "elapsed": 4.857347, "delta": 0.00399}}
{"target": -841.3454886169768, "params": {"gamma": 8.644298200721781, "lr": 0.4187086750571659}, "datetime": {"datetime": "2024-06-13 19:54:37", "elapsed": 4.861336, "delta": 0.003989}}
{"target": -903.6185612115779, "params": {"gamma": 6.545039042923117, "lr": 0.9252611878587662}, "datetime": {"datetime": "2024-06-13 19:54:37", "elapsed": 4.865326, "delta": 0.00399}}
{"target": -599.2703430050093, "params": {"gamma": 6.64184400562511, "lr": 0.3030806759430662}, "datetime": {"datetime": "2024-06-13 19:54:37", "elapsed": 4.869315, "delta": 0.003989}}
{"target": -574.4246202460123, "params": {"gamma": 6.199836992922438, "lr": 0.35131832035819255}, "datetime": {"datetime": "2024-06-13 19:54:37", "elapsed": 4.873304, "delta": 0.003989}}
{"target": -333.4325176932982, "params": {"gamma": 3.224344384669061, "lr": 0.6102050587463702}, "datetime": {"datetime": "2024-06-13 19:54:37", "elapsed": 4.877293, "delta": 0.003989}}
{"target": -186.4305691312369, "params": {"gamma": 1.6040719966518822, "lr": 0.4867389357577533}, "datetime": {"datetime": "2024-06-13 19:54:37", "elapsed": 4.881283, "delta": 0.00399}}
{"target": -894.1296419427803, "params": {"gamma": 9.456397215578926, "lr": 0.38391424197853796}, "datetime": {"datetime": "2024-06-13 19:54:37", "elapsed": 4.885272, "delta": 0.003989}}
{"target": -209.07742716096348, "params": {"gamma": 1.8904369698648686, "lr": 0.468838949642181}, "datetime": {"datetime": "2024-06-13 19:54:37", "elapsed": 4.889262, "delta": 0.00399}}
{"target": -1085.3144126461652, "params": {"gamma": 8.409237406703872, "lr": 0.8426677225950326}, "datetime": {"datetime": "2024-06-13 19:54:37", "elapsed": 4.894248, "delta": 0.004986}}
{"target": -1647.407109121252, "params": {"gamma": 8.278204591352763, "lr": 0.011475512605813365}, "datetime": {"datetime": "2024-06-13 19:54:37", "elapsed": 4.898238, "delta": 0.00399}}
{"target": -389.77540576884917, "params": {"gamma": 2.6711360589730235, "lr": 0.9998757875742624}, "datetime": {"datetime": "2024-06-13 19:54:37", "elapsed": 4.902227, "delta": 0.003989}}
{"target": -157.30539025869075, "params": {"gamma": 1.1977130886476726, "lr": 0.4900894960876333}, "datetime": {"datetime": "2024-06-13 19:54:37", "elapsed": 4.906216, "delta": 0.003989}}
{"target": -1082.0363741860763, "params": {"gamma": 7.900471479876251, "lr": 0.12221391009385618}, "datetime": {"datetime": "2024-06-13 19:54:37", "elapsed": 4.910205, "delta": 0.003989}}
{"target": -639.6566443342203, "params": {"gamma": 6.624429397731788, "lr": 0.4880804455213241}, "datetime": {"datetime": "2024-06-13 19:54:37", "elapsed": 4.914195, "delta": 0.00399}}
{"target": -281.2091689277843, "params": {"gamma": 1.9437055308797813, "lr": 0.8786300265827204}, "datetime": {"datetime": "2024-06-13 19:54:37", "elapsed": 4.918185, "delta": 0.00399}}
{"target": -213.52232267568485, "params": {"gamma": 1.8156924881797458, "lr": 0.6390528592947753}, "datetime": {"datetime": "2024-06-13 19:54:37", "elapsed": 4.922174, "delta": 0.003989}}
{"target": -768.1588151308708, "params": {"gamma": 7.4085279551010945, "lr": 0.5626728865932282}, "datetime": {"datetime": "2024-06-13 19:54:37", "elapsed": 4.926192, "delta": 0.004018}}
{"target": -865.3244444239031, "params": {"gamma": 6.288786844403314, "lr": 0.11896539662200445}, "datetime": {"datetime": "2024-06-13 19:54:37", "elapsed": 4.930183, "delta": 0.003991}}
{"target": -314.2011628738234, "params": {"gamma": 3.0810618335582585, "lr": 0.5869622072296792}, "datetime": {"datetime": "2024-06-13 19:54:37", "elapsed": 4.935168, "delta": 0.004985}}
{"target": -398.80469748565423, "params": {"gamma": 3.955241699358807, "lr": 0.6639460814328006}, "datetime": {"datetime": "2024-06-13 19:54:37", "elapsed": 4.939128, "delta": 0.00396}}
{"target": -1006.1132432158265, "params": {"gamma": 8.519694493398179, "lr": 0.19022208931218354}, "datetime": {"datetime": "2024-06-13 19:54:37", "elapsed": 4.943117, "delta": 0.003989}}
{"target": -854.9516185238729, "params": {"gamma": 9.032823736002479, "lr": 0.38317585043109326}, "datetime": {"datetime": "2024-06-13 19:54:37", "elapsed": 4.947107, "delta": 0.00399}}
{"target": -898.3376745057499, "params": {"gamma": 9.431300182951817, "lr": 0.6173823130249652}, "datetime": {"datetime": "2024-06-13 19:54:37", "elapsed": 4.951096, "delta": 0.003989}}
{"target": -809.0106645386602, "params": {"gamma": 7.901165115937855, "lr": 0.514775428373226}, "datetime": {"datetime": "2024-06-13 19:54:37", "elapsed": 4.955085, "delta": 0.003989}}
{"target": -486.3837229646585, "params": {"gamma": 5.311915799238696, "lr": 0.3275938987659719}, "datetime": {"datetime": "2024-06-13 19:54:37", "elapsed": 4.959075, "delta": 0.00399}}
{"target": -159.36591983739044, "params": {"gamma": 1.2945177075663274, "lr": 0.3838219118604237}, "datetime": {"datetime": "2024-06-13 19:54:37", "elapsed": 4.963064, "delta": 0.003989}}
{"target": -436.52046750595616, "params": {"gamma": 2.1505498314359848, "lr": 0.03286525588191658}, "datetime": {"datetime": "2024-06-13 19:54:37", "elapsed": 4.96805, "delta": 0.004986}}
{"target": -361.89075971200793, "params": {"gamma": 2.7495934114227696, "lr": 0.18057605266685695}, "datetime": {"datetime": "2024-06-13 19:54:37", "elapsed": 4.97204, "delta": 0.00399}}
{"target": -1741.8954333290374, "params": {"gamma": 8.75542762006619, "lr": 0.08123656243140498}, "datetime": {"datetime": "2024-06-13 19:54:37", "elapsed": 4.976029, "delta": 0.003989}}
{"target": -236.2944254362291, "params": {"gamma": 1.8397720952197505, "lr": 0.7040306955363342}, "datetime": {"datetime": "2024-06-13 19:54:37", "elapsed": 4.980019, "delta": 0.00399}}
{"target": -872.9871261907566, "params": {"gamma": 9.192339684311714, "lr": 0.2514584522319341}, "datetime": {"datetime": "2024-06-13 19:54:37", "elapsed": 4.984008, "delta": 0.003989}}
{"target": -137.04917770773253, "params": {"gamma": 0.21399001348235436, "lr": 0.9605044727550998}, "datetime": {"datetime": "2024-06-13 19:54:37", "elapsed": 4.987998, "delta": 0.00399}}
{"target": -614.6188474418157, "params": {"gamma": 6.8225241840990325, "lr": 0.3106626960638559}, "datetime": {"datetime": "2024-06-13 19:54:37", "elapsed": 4.991987, "delta": 0.003989}}
{"target": -457.91686942770326, "params": {"gamma": 4.724262048710183, "lr": 0.5992558738787634}, "datetime": {"datetime": "2024-06-13 19:54:37", "elapsed": 4.995976, "delta": 0.003989}}
{"target": -493.7561709867258, "params": {"gamma": 3.7393118520813564, "lr": 0.874487796621177}, "datetime": {"datetime": "2024-06-13 19:54:37", "elapsed": 5.000963, "delta": 0.004987}}
{"target": -999.5984612910839, "params": {"gamma": 7.261999710487967, "lr": 0.9543407046242112}, "datetime": {"datetime": "2024-06-13 19:54:37", "elapsed": 5.004952, "delta": 0.003989}}
{"target": -499.46304048694907, "params": {"gamma": 3.5113041629592687, "lr": 0.9371740887217811}, "datetime": {"datetime": "2024-06-13 19:54:37", "elapsed": 5.008942, "delta": 0.00399}}
{"target": -474.5074299543124, "params": {"gamma": 4.791526641683215, "lr": 0.6423226386484714}, "datetime": {"datetime": "2024-06-13 19:54:37", "elapsed": 5.012931, "delta": 0.003989}}
{"target": -936.8955473150723, "params": {"gamma": 7.36673540034412, "lr": 0.8093379690056801}, "datetime": {"datetime": "2024-06-13 19:54:37", "elapsed": 5.017918, "delta": 0.004987}}
{"target": -392.3475511080328, "params": {"gamma": 3.963197413459656, "lr": 0.44794597851477114}, "datetime": {"datetime": "2024-06-13 19:54:37", "elapsed": 5.021907, "delta": 0.003989}}
{"target": -954.0904695150765, "params": {"gamma": 8.172952984101395, "lr": 0.7175572030909549}, "datetime": {"datetime": "2024-06-13 19:54:37", "elapsed": 5.025896, "delta": 0.003989}}
{"target": -1287.1269364573423, "params": {"gamma": 9.408551244537064, "lr": 0.9795978714178412}, "datetime": {"datetime": "2024-06-13 19:54:37", "elapsed": 5.029886, "delta": 0.00399}}
{"target": -205.0942566899362, "params": {"gamma": 1.7899544503221003, "lr": 0.2279194118127552}, "datetime": {"datetime": "2024-06-13 19:54:37", "elapsed": 5.033875, "delta": 0.003989}}
{"target": -832.5329504303731, "params": {"gamma": 7.16014848634319, "lr": 0.7473827346542434}, "datetime": {"datetime": "2024-06-13 19:54:37", "elapsed": 5.037864, "delta": 0.003989}}
{"target": -772.755867847013, "params": {"gamma": 6.032192362771022, "lr": 0.8772997642215113}, "datetime": {"datetime": "2024-06-13 19:54:37", "elapsed": 5.041853, "delta": 0.003989}}
{"target": -250.4879675558799, "params": {"gamma": 2.5206526306452743, "lr": 0.3394873942967924}, "datetime": {"datetime": "2024-06-13 19:54:37", "elapsed": 5.045843, "delta": 0.00399}}
{"target": -455.45837009694384, "params": {"gamma": 4.946973834220983, "lr": 0.31502708896856757}, "datetime": {"datetime": "2024-06-13 19:54:37", "elapsed": 5.049832, "delta": 0.003989}}
{"target": -609.7731857838887, "params": {"gamma": 5.454845454328703, "lr": 0.6824780792979444}, "datetime": {"datetime": "2024-06-13 19:54:37", "elapsed": 5.053821, "delta": 0.003989}}
{"target": -235.1690750157534, "params": {"gamma": 2.2044486446357947, "lr": 0.48533745396838057}, "datetime": {"datetime": "2024-06-13 19:54:37", "elapsed": 5.058808, "delta": 0.004987}}
{"target": -878.6942044771231, "params": {"gamma": 9.929820595017146, "lr": 0.3241613031812349}, "datetime": {"datetime": "2024-06-13 19:54:37", "elapsed": 5.062798, "delta": 0.00399}}
{"target": -137.18745608697725, "params": {"gamma": 0.35458383299364826, "lr": 0.8173517292840132}, "datetime": {"datetime": "2024-06-13 19:54:37", "elapsed": 5.066787, "delta": 0.003989}}
{"target": -1005.088355392598, "params": {"gamma": 5.033564529213024, "lr": 0.052783856118570505}, "datetime": {"datetime": "2024-06-13 19:54:37", "elapsed": 5.070777, "delta": 0.00399}}
{"target": -865.932000532735, "params": {"gamma": 8.903159967215188, "lr": 0.4045143799803578}, "datetime": {"datetime": "2024-06-13 19:54:37", "elapsed": 5.074766, "delta": 0.003989}}
{"target": -902.941588122647, "params": {"gamma": 9.292802548221829, "lr": 0.40207817380056154}, "datetime": {"datetime": "2024-06-13 19:54:37", "elapsed": 5.079753, "delta": 0.004987}}
{"target": -130.4265046417427, "params": {"gamma": 0.7692460154620339, "lr": 0.2453011441199927}, "datetime": {"datetime": "2024-06-13 19:54:37", "elapsed": 5.083741, "delta": 0.003988}}
{"target": -456.90383615729945, "params": {"gamma": 3.503254796566321, "lr": 0.7507282923552251}, "datetime": {"datetime": "2024-06-13 19:54:37", "elapsed": 5.087731, "delta": 0.00399}}
{"target": -209.6241551337394, "params": {"gamma": 1.8482967753404873, "lr": 0.4309736537258744}, "datetime": {"datetime": "2024-06-13 19:54:37", "elapsed": 5.09172, "delta": 0.003989}}
{"target": -890.4716368779846, "params": {"gamma": 8.732580952739871, "lr": 0.5337610913727832}, "datetime": {"datetime": "2024-06-13 19:54:37", "elapsed": 5.096708, "delta": 0.004988}}
{"target": -223.40419431625259, "params": {"gamma": 1.0324440427708175, "lr": 0.024522487054632225}, "datetime": {"datetime": "2024-06-13 19:54:37", "elapsed": 5.100697, "delta": 0.003989}}
{"target": -972.3365650743026, "params": {"gamma": 7.058392201809326, "lr": 0.979127490958217}, "datetime": {"datetime": "2024-06-13 19:54:37", "elapsed": 5.104686, "delta": 0.003989}}
{"target": -989.395454524083, "params": {"gamma": 7.851867464260117, "lr": 0.7647261968454175}, "datetime": {"datetime": "2024-06-13 19:54:37", "elapsed": 5.108675, "delta": 0.003989}}
{"target": -861.2833477672527, "params": {"gamma": 6.754799709264521, "lr": 0.7955027102986651}, "datetime": {"datetime": "2024-06-13 19:54:37", "elapsed": 5.112665, "delta": 0.00399}}
{"target": -122.93134519634678, "params": {"gamma": 0.40113783894076427, "lr": 0.264681631716854}, "datetime": {"datetime": "2024-06-13 19:54:37", "elapsed": 5.117651, "delta": 0.004986}}
{"target": -885.4891634718199, "params": {"gamma": 6.9542799621795535, "lr": 0.8669883296077439}, "datetime": {"datetime": "2024-06-13 19:54:37", "elapsed": 5.12164, "delta": 0.003989}}
{"target": -842.7050644957102, "params": {"gamma": 6.746394111296426, "lr": 0.17627612798343162}, "datetime": {"datetime": "2024-06-13 19:54:37", "elapsed": 5.125629, "delta": 0.003989}}
{"target": -1284.357741270129, "params": {"gamma": 9.363148290996985, "lr": 0.9033787001108529}, "datetime": {"datetime": "2024-06-13 19:54:37", "elapsed": 5.129745, "delta": 0.004116}}
{"target": -147.85405192649603, "params": {"gamma": 0.8677009826349238, "lr": 0.193000037574253}, "datetime": {"datetime": "2024-06-13 19:54:37", "elapsed": 5.133734, "delta": 0.003989}}
{"target": -342.85213113420485, "params": {"gamma": 2.7526551130746566, "lr": 0.7384118706046068}, "datetime": {"datetime": "2024-06-13 19:54:37", "elapsed": 5.137724, "delta": 0.00399}}
{"target": -801.6297524191373, "params": {"gamma": 8.59387390968027, "lr": 0.5783223874515512}, "datetime": {"datetime": "2024-06-13 19:54:37", "elapsed": 5.141713, "delta": 0.003989}}
{"target": -218.58661807444327, "params": {"gamma": 1.9972560609459706, "lr": 0.41508988762136245}, "datetime": {"datetime": "2024-06-13 19:54:37", "elapsed": 5.145702, "delta": 0.003989}}
{"target": -229.9982818446869, "params": {"gamma": 1.3794541434408072, "lr": 0.9173961868584244}, "datetime": {"datetime": "2024-06-13 19:54:37", "elapsed": 5.150689, "delta": 0.004987}}
{"target": -783.9683074815975, "params": {"gamma": 7.645544873164326, "lr": 0.5102138338060775}, "datetime": {"datetime": "2024-06-13 19:54:37", "elapsed": 5.154678, "delta": 0.003989}}
{"target": -827.3279080115866, "params": {"gamma": 4.536296856665209, "lr": 0.0978420783455699}, "datetime": {"datetime": "2024-06-13 19:54:37", "elapsed": 5.158734, "delta": 0.004056}}
{"target": -449.81383333703957, "params": {"gamma": 3.1874348876469725, "lr": 0.12063279535739646}, "datetime": {"datetime": "2024-06-13 19:54:37", "elapsed": 5.162233, "delta": 0.003499}}
{"target": -801.4114836536603, "params": {"gamma": 7.823598295559239, "lr": 0.5448837066761946}, "datetime": {"datetime": "2024-06-13 19:54:37", "elapsed": 5.16722, "delta": 0.004987}}
{"target": -248.00559683676116, "params": {"gamma": 2.2735465367701733, "lr": 0.22420283925593631}, "datetime": {"datetime": "2024-06-13 19:54:37", "elapsed": 5.171208, "delta": 0.003988}}
{"target": -259.4652879132808, "params": {"gamma": 2.6047215769603396, "lr": 0.308872752316256}, "datetime": {"datetime": "2024-06-13 19:54:37", "elapsed": 5.175198, "delta": 0.00399}}
{"target": -365.1681578871329, "params": {"gamma": 3.8776636126823174, "lr": 0.29754893237723723}, "datetime": {"datetime": "2024-06-13 19:54:37", "elapsed": 5.179187, "delta": 0.003989}}
{"target": -1353.9232075272923, "params": {"gamma": 6.795879389436971, "lr": 0.03507361930507891}, "datetime": {"datetime": "2024-06-13 19:54:37", "elapsed": 5.183176, "delta": 0.003989}}
{"target": -400.5198687055472, "params": {"gamma": 3.2817750389987497, "lr": 0.7452918728580155}, "datetime": {"datetime": "2024-06-13 19:54:37", "elapsed": 5.188163, "delta": 0.004987}}
{"target": -1191.4224657415748, "params": {"gamma": 9.428137042767773, "lr": 0.8027325501575512}, "datetime": {"datetime": "2024-06-13 19:54:37", "elapsed": 5.192153, "delta": 0.00399}}
{"target": -260.4022243398724, "params": {"gamma": 2.4090212695059683, "lr": 0.2329154683838317}, "datetime": {"datetime": "2024-06-13 19:54:37", "elapsed": 5.196142, "delta": 0.003989}}
{"target": -276.7148844043693, "params": {"gamma": 1.904177610377174, "lr": 0.8824975348586093}, "datetime": {"datetime": "2024-06-13 19:54:37", "elapsed": 5.200131, "delta": 0.003989}}
{"target": -323.51819278616506, "params": {"gamma": 2.3793190167249576, "lr": 0.7581806234131274}, "datetime": {"datetime": "2024-06-13 19:54:37", "elapsed": 5.20412, "delta": 0.003989}}
{"target": -526.8011228057212, "params": {"gamma": 2.611236264315461, "lr": 0.03308184340751563}, "datetime": {"datetime": "2024-06-13 19:54:37", "elapsed": 5.20811, "delta": 0.00399}}
{"target": -859.4096399425437, "params": {"gamma": 7.334743552987591, "lr": 0.7262018097952009}, "datetime": {"datetime": "2024-06-13 19:54:37", "elapsed": 5.213097, "delta": 0.004987}}
{"target": -136.98772976833556, "params": {"gamma": 0.8905021504995737, "lr": 0.3267012579296016}, "datetime": {"datetime": "2024-06-13 19:54:37", "elapsed": 5.217086, "delta": 0.003989}}
{"target": -1129.1164480733803, "params": {"gamma": 9.483704536600037, "lr": 0.16294899858218448}, "datetime": {"datetime": "2024-06-13 19:54:37", "elapsed": 5.221075, "delta": 0.003989}}
{"target": -146.7447116144837, "params": {"gamma": 0.8676380540564483, "lr": 0.5946038881116259}, "datetime": {"datetime": "2024-06-13 19:54:37", "elapsed": 5.225065, "delta": 0.00399}}
{"target": -1108.876997729411, "params": {"gamma": 9.309967663594373, "lr": 0.1337783077430914}, "datetime": {"datetime": "2024-06-13 19:54:37", "elapsed": 5.229054, "delta": 0.003989}}
{"target": -575.5185235084458, "params": {"gamma": 5.130609924306518, "lr": 0.6839992141169576}, "datetime": {"datetime": "2024-06-13 19:54:37", "elapsed": 5.233043, "delta": 0.003989}}
{"target": -352.65903864831523, "params": {"gamma": 1.7191257663086643, "lr": 0.011259893492189477}, "datetime": {"datetime": "2024-06-13 19:54:37", "elapsed": 5.237033, "delta": 0.00399}}
{"target": -1765.9552583579227, "params": {"gamma": 8.876943621666769, "lr": 0.035231270653359514}, "datetime": {"datetime": "2024-06-13 19:54:37", "elapsed": 5.242019, "delta": 0.004986}}
{"target": -276.66938063081443, "params": {"gamma": 2.575325379792938, "lr": 0.6516840317406685}, "datetime": {"datetime": "2024-06-13 19:54:37", "elapsed": 5.246009, "delta": 0.00399}}
{"target": -575.4368146215335, "params": {"gamma": 2.8585435506242662, "lr": 0.009707596574816568}, "datetime": {"datetime": "2024-06-13 19:54:37", "elapsed": 5.249998, "delta": 0.003989}}
{"target": -523.9643464002726, "params": {"gamma": 5.754942892815359, "lr": 0.30779227833471057}, "datetime": {"datetime": "2024-06-13 19:54:37", "elapsed": 5.253987, "delta": 0.003989}}
