{"target": -1172.345649134091, "params": {"gamma": 5.680077493599765, "lr": 0.6630438231677197}, "datetime": {"datetime": "2024-06-13 17:15:24", "elapsed": 7.703672, "delta": 0.004986}}
{"target": -1884.6845859660837, "params": {"gamma": 5.274647786496121, "lr": 0.05634939173447451}, "datetime": {"datetime": "2024-06-13 17:15:24", "elapsed": 7.708659, "delta": 0.004987}}
{"target": -1007.9836998543295, "params": {"gamma": 3.6322627869363457, "lr": 0.9677274091080609}, "datetime": {"datetime": "2024-06-13 17:15:24", "elapsed": 7.712649, "delta": 0.00399}}
{"target": -949.1239131129472, "params": {"gamma": 6.955420242475687, "lr": 0.36973977954151527}, "datetime": {"datetime": "2024-06-13 17:15:24", "elapsed": 7.717635, "delta": 0.004986}}
{"target": -960.4787074768598, "params": {"gamma": 6.716589859874733, "lr": 0.26510969397346273}, "datetime": {"datetime": "2024-06-13 17:15:24", "elapsed": 7.722623, "delta": 0.004988}}
{"target": -181.95718233062823, "params": {"gamma": 0.7756981624656162, "lr": 0.5280671392556082}, "datetime": {"datetime": "2024-06-13 17:15:24", "elapsed": 7.727609, "delta": 0.004986}}
{"target": -457.1379292826159, "params": {"gamma": 2.8984014893930756, "lr": 0.48165189565416366}, "datetime": {"datetime": "2024-06-13 17:15:24", "elapsed": 7.732596, "delta": 0.004987}}
{"target": -1855.0450421830546, "params": {"gamma": 9.020043950898684, "lr": 0.6517403667487239}, "datetime": {"datetime": "2024-06-13 17:15:24", "elapsed": 7.737124, "delta": 0.004528}}
{"target": -2031.3420374935301, "params": {"gamma": 7.233468037123845, "lr": 0.1025865252271354}, "datetime": {"datetime": "2024-06-13 17:15:24", "elapsed": 7.74211, "delta": 0.004986}}
{"target": -708.3760749832724, "params": {"gamma": 4.7971011998412845, "lr": 0.40434189038945745}, "datetime": {"datetime": "2024-06-13 17:15:24", "elapsed": 7.7461, "delta": 0.00399}}
{"target": -871.4856842463212, "params": {"gamma": 6.468925570274098, "lr": 0.287735134554958}, "datetime": {"datetime": "2024-06-13 17:15:24", "elapsed": 7.751086, "delta": 0.004986}}
{"target": -1062.3593876107377, "params": {"gamma": 3.8312640574634482, "lr": 0.981016791950987}, "datetime": {"datetime": "2024-06-13 17:15:24", "elapsed": 7.756073, "delta": 0.004987}}
{"target": -233.91531459301893, "params": {"gamma": 1.1489908672848812, "lr": 0.19990786306137587}, "datetime": {"datetime": "2024-06-13 17:15:24", "elapsed": 7.760062, "delta": 0.003989}}
{"target": -535.3912518603462, "params": {"gamma": 2.3912225972933583, "lr": 0.6966542004402304}, "datetime": {"datetime": "2024-06-13 17:15:24", "elapsed": 7.765049, "delta": 0.004987}}
{"target": -1746.9458841183286, "params": {"gamma": 7.1371672251136955, "lr": 0.7847549365756692}, "datetime": {"datetime": "2024-06-13 17:15:24", "elapsed": 7.770036, "delta": 0.004987}}
{"target": -962.4645642005058, "params": {"gamma": 3.8110627039036813, "lr": 0.8524032876575542}, "datetime": {"datetime": "2024-06-13 17:15:24", "elapsed": 7.775022, "delta": 0.004986}}
{"target": -1514.732417455159, "params": {"gamma": 6.973768049350303, "lr": 0.7132598975767365}, "datetime": {"datetime": "2024-06-13 17:15:24", "elapsed": 7.78001, "delta": 0.004988}}
{"target": -1695.5871332318836, "params": {"gamma": 8.220064454506392, "lr": 0.6289244383408126}, "datetime": {"datetime": "2024-06-13 17:15:24", "elapsed": 7.784997, "delta": 0.004987}}
{"target": -1509.9381414721042, "params": {"gamma": 4.2228540008601385, "lr": 0.030798811164673312}, "datetime": {"datetime": "2024-06-13 17:15:24", "elapsed": 7.790013, "delta": 0.005016}}
{"target": -1077.8306696884515, "params": {"gamma": 5.9549611772267355, "lr": 0.5637635695018256}, "datetime": {"datetime": "2024-06-13 17:15:24", "elapsed": 7.795006, "delta": 0.004993}}
{"target": -810.5578420033346, "params": {"gamma": 6.008479407469643, "lr": 0.3228534686765717}, "datetime": {"datetime": "2024-06-13 17:15:24", "elapsed": 7.799955, "delta": 0.004949}}
{"target": -1089.9771502117883, "params": {"gamma": 5.549264886470077, "lr": 0.17165630428408674}, "datetime": {"datetime": "2024-06-13 17:15:24", "elapsed": 7.804945, "delta": 0.00499}}
{"target": -2321.065770760775, "params": {"gamma": 6.49894440266871, "lr": 0.07167347369091615}, "datetime": {"datetime": "2024-06-13 17:15:24", "elapsed": 7.808934, "delta": 0.003989}}
{"target": -1457.098393727821, "params": {"gamma": 8.750896260863644, "lr": 0.21613795014659942}, "datetime": {"datetime": "2024-06-13 17:15:24", "elapsed": 7.814931, "delta": 0.005997}}
{"target": -800.5609435083611, "params": {"gamma": 2.9391518612119483, "lr": 0.8847369186394346}, "datetime": {"datetime": "2024-06-13 17:15:24", "elapsed": 7.821899, "delta": 0.006968}}
{"target": -2210.3278711630605, "params": {"gamma": 8.836037308166828, "lr": 0.8362672161514131}, "datetime": {"datetime": "2024-06-13 17:15:24", "elapsed": 7.825889, "delta": 0.00399}}
{"target": -893.4408885347599, "params": {"gamma": 3.2700292334455643, "lr": 0.9023446392045666}, "datetime": {"datetime": "2024-06-13 17:15:24", "elapsed": 7.83287, "delta": 0.006981}}
{"target": -1588.8818082734915, "params": {"gamma": 7.718251155453087, "lr": 0.6580829809857549}, "datetime": {"datetime": "2024-06-13 17:15:24", "elapsed": 7.837857, "delta": 0.004987}}
{"target": -2199.0707871282693, "params": {"gamma": 8.99813093515086, "lr": 0.7831314722628366}, "datetime": {"datetime": "2024-06-13 17:15:24", "elapsed": 7.842844, "delta": 0.004987}}
{"target": -579.8807033032358, "params": {"gamma": 4.2480703423217, "lr": 0.32425522412708885}, "datetime": {"datetime": "2024-06-13 17:15:24", "elapsed": 7.847831, "delta": 0.004987}}
{"target": -1408.9952168201496, "params": {"gamma": 3.9393874995637357, "lr": 0.06141215405816436}, "datetime": {"datetime": "2024-06-13 17:15:24", "elapsed": 7.851819, "delta": 0.003988}}
{"target": -505.52311983625344, "params": {"gamma": 3.634945499368943, "lr": 0.3530436858449395}, "datetime": {"datetime": "2024-06-13 17:15:24", "elapsed": 7.856806, "delta": 0.004987}}
{"target": -2328.088506876678, "params": {"gamma": 8.656379251086715, "lr": 0.8887000495302622}, "datetime": {"datetime": "2024-06-13 17:15:24", "elapsed": 7.861793, "delta": 0.004987}}
{"target": -1286.5626151145113, "params": {"gamma": 9.630557816537218, "lr": 0.32819924761463426}, "datetime": {"datetime": "2024-06-13 17:15:24", "elapsed": 7.866779, "delta": 0.004986}}
{"target": -1431.9315494299235, "params": {"gamma": 6.933508237753853, "lr": 0.6330662678957141}, "datetime": {"datetime": "2024-06-13 17:15:24", "elapsed": 7.871589, "delta": 0.00481}}
{"target": -664.2962536825586, "params": {"gamma": 2.425195012153892, "lr": 0.8699876263426785}, "datetime": {"datetime": "2024-06-13 17:15:24", "elapsed": 7.87657, "delta": 0.004981}}
{"target": -490.64946901933246, "params": {"gamma": 2.1418050557805293, "lr": 0.7477140026507801}, "datetime": {"datetime": "2024-06-13 17:15:24", "elapsed": 7.88056, "delta": 0.00399}}
{"target": -429.1668110421817, "params": {"gamma": 1.4474946912067754, "lr": 0.10681965623961165}, "datetime": {"datetime": "2024-06-13 17:15:24", "elapsed": 7.885546, "delta": 0.004986}}
{"target": -1260.2362285312854, "params": {"gamma": 7.20350177902532, "lr": 0.5263181160447106}, "datetime": {"datetime": "2024-06-13 17:15:24", "elapsed": 7.890533, "delta": 0.004987}}
{"target": -1089.7147710273603, "params": {"gamma": 4.429715397531216, "lr": 0.7781805677545706}, "datetime": {"datetime": "2024-06-13 17:15:24", "elapsed": 7.894522, "delta": 0.003989}}
{"target": -907.2534527038156, "params": {"gamma": 3.588074784629776, "lr": 0.8533495985139066}, "datetime": {"datetime": "2024-06-13 17:15:24", "elapsed": 7.926944, "delta": 0.032422}}
{"target": -2648.164253100822, "params": {"gamma": 9.62176279907113, "lr": 0.97912549357449}, "datetime": {"datetime": "2024-06-13 17:15:24", "elapsed": 7.931931, "delta": 0.004987}}
{"target": -422.54918174753834, "params": {"gamma": 2.777002394800293, "lr": 0.4150070363847951}, "datetime": {"datetime": "2024-06-13 17:15:24", "elapsed": 7.936917, "delta": 0.004986}}
{"target": -1962.896308607338, "params": {"gamma": 7.250373833289235, "lr": 0.8948659340129544}, "datetime": {"datetime": "2024-06-13 17:15:24", "elapsed": 7.941904, "delta": 0.004987}}
{"target": -1741.8373585367633, "params": {"gamma": 7.113399789936541, "lr": 0.7581322827790503}, "datetime": {"datetime": "2024-06-13 17:15:24", "elapsed": 7.94689, "delta": 0.004986}}
{"target": -1200.5855504669971, "params": {"gamma": 8.83415311602575, "lr": 0.3669482381501168}, "datetime": {"datetime": "2024-06-13 17:15:24", "elapsed": 7.951877, "delta": 0.004987}}
{"target": -953.062514858731, "params": {"gamma": 5.425906871529926, "lr": 0.5347699755827457}, "datetime": {"datetime": "2024-06-13 17:15:24", "elapsed": 7.956864, "delta": 0.004987}}
{"target": -1754.681568054091, "params": {"gamma": 6.4761782194627475, "lr": 0.8951838797241277}, "datetime": {"datetime": "2024-06-13 17:15:24", "elapsed": 7.960853, "delta": 0.003989}}
{"target": -1658.3145484395739, "params": {"gamma": 6.00867393378521, "lr": 0.9699385377160038}, "datetime": {"datetime": "2024-06-13 17:15:24", "elapsed": 7.96584, "delta": 0.004987}}
{"target": -1068.6806387151466, "params": {"gamma": 7.3216234120977175, "lr": 0.41529149155458245}, "datetime": {"datetime": "2024-06-13 17:15:24", "elapsed": 7.970826, "delta": 0.004986}}
{"target": -1604.394482913526, "params": {"gamma": 5.81180346318073, "lr": 0.9223207824170438}, "datetime": {"datetime": "2024-06-13 17:15:24", "elapsed": 7.975813, "delta": 0.004987}}
{"target": -1345.7099555195246, "params": {"gamma": 6.185385338885807, "lr": 0.709928603418362}, "datetime": {"datetime": "2024-06-13 17:15:24", "elapsed": 7.9808, "delta": 0.004987}}
{"target": -901.9835718106573, "params": {"gamma": 6.613259028912707, "lr": 0.33614643889956264}, "datetime": {"datetime": "2024-06-13 17:15:24", "elapsed": 7.985787, "delta": 0.004987}}
{"target": -320.0236682226859, "params": {"gamma": 2.0341452163718596, "lr": 0.4078129626004203}, "datetime": {"datetime": "2024-06-13 17:15:24", "elapsed": 7.990773, "delta": 0.004986}}
{"target": -399.6573523065695, "params": {"gamma": 1.5085472915112057, "lr": 0.8263335477210154}, "datetime": {"datetime": "2024-06-13 17:15:24", "elapsed": 7.99576, "delta": 0.004987}}
{"target": -1037.71426068304, "params": {"gamma": 7.104895674394641, "lr": 0.4010561894105159}, "datetime": {"datetime": "2024-06-13 17:15:24", "elapsed": 8.000746, "delta": 0.004986}}
{"target": -477.79922837128515, "params": {"gamma": 1.7146555781871196, "lr": 0.8757993398860495}, "datetime": {"datetime": "2024-06-13 17:15:24", "elapsed": 8.005733, "delta": 0.004987}}
{"target": -1763.0369323416353, "params": {"gamma": 6.3909999964742354, "lr": 0.9966028199815464}, "datetime": {"datetime": "2024-06-13 17:15:24", "elapsed": 8.01072, "delta": 0.004987}}
{"target": -189.67497265425678, "params": {"gamma": 1.0118777980878546, "lr": 0.24484835913226244}, "datetime": {"datetime": "2024-06-13 17:15:24", "elapsed": 8.01471, "delta": 0.00399}}
{"target": -223.45532647109627, "params": {"gamma": 0.8374656866964549, "lr": 0.7447417757596947}, "datetime": {"datetime": "2024-06-13 17:15:24", "elapsed": 8.019696, "delta": 0.004986}}
{"target": -447.21508047400766, "params": {"gamma": 1.5965935192609664, "lr": 0.8816595339350156}, "datetime": {"datetime": "2024-06-13 17:15:24", "elapsed": 8.024682, "delta": 0.004986}}
{"target": -864.9503425221144, "params": {"gamma": 4.915303785862436, "lr": 0.526169262668513}, "datetime": {"datetime": "2024-06-13 17:15:24", "elapsed": 8.029669, "delta": 0.004987}}
{"target": -152.70839479918152, "params": {"gamma": 0.42616036762125126, "lr": 0.614053635731627}, "datetime": {"datetime": "2024-06-13 17:15:24", "elapsed": 8.034655, "delta": 0.004986}}
{"target": -393.6130950897561, "params": {"gamma": 2.2769202761615777, "lr": 0.2135040893470156}, "datetime": {"datetime": "2024-06-13 17:15:24", "elapsed": 8.038645, "delta": 0.00399}}
{"target": -2407.507555129269, "params": {"gamma": 8.953290370672992, "lr": 0.8880133489969917}, "datetime": {"datetime": "2024-06-13 17:15:24", "elapsed": 8.043632, "delta": 0.004987}}
{"target": -143.65808743712756, "params": {"gamma": 0.05364657807886874, "lr": 0.832303959586102}, "datetime": {"datetime": "2024-06-13 17:15:24", "elapsed": 8.048618, "delta": 0.004986}}
{"target": -1574.9167655650692, "params": {"gamma": 9.02308610135554, "lr": 0.5119476580924737}, "datetime": {"datetime": "2024-06-13 17:15:24", "elapsed": 8.053605, "delta": 0.004987}}
{"target": -1607.9133925716105, "params": {"gamma": 6.56208200669582, "lr": 0.7677856839334473}, "datetime": {"datetime": "2024-06-13 17:15:24", "elapsed": 8.057594, "delta": 0.003989}}
{"target": -1046.6165208566115, "params": {"gamma": 6.854714307550932, "lr": 0.45911641964267924}, "datetime": {"datetime": "2024-06-13 17:15:24", "elapsed": 8.062581, "delta": 0.004987}}
{"target": -1074.493953061168, "params": {"gamma": 5.7349488675951, "lr": 0.5740594317304389}, "datetime": {"datetime": "2024-06-13 17:15:24", "elapsed": 8.067568, "delta": 0.004987}}
{"target": -1275.6810083109629, "params": {"gamma": 8.421463069722522, "lr": 0.24044170761914385}, "datetime": {"datetime": "2024-06-13 17:15:24", "elapsed": 8.072555, "delta": 0.004987}}
{"target": -1902.5269819360717, "params": {"gamma": 7.572507436190774, "lr": 0.8123371097183338}, "datetime": {"datetime": "2024-06-13 17:15:24", "elapsed": 8.076544, "delta": 0.003989}}
{"target": -2001.8272992410725, "params": {"gamma": 7.970526579088603, "lr": 0.8077078189919843}, "datetime": {"datetime": "2024-06-13 17:15:24", "elapsed": 8.081531, "delta": 0.004987}}
{"target": -1207.501057690506, "params": {"gamma": 8.292970943843157, "lr": 0.4175157513022394}, "datetime": {"datetime": "2024-06-13 17:15:24", "elapsed": 8.086517, "delta": 0.004986}}
{"target": -1514.9299492552886, "params": {"gamma": 6.179249469269826, "lr": 0.7552455161468585}, "datetime": {"datetime": "2024-06-13 17:15:24", "elapsed": 8.091504, "delta": 0.004987}}
{"target": -2121.0569221797423, "params": {"gamma": 7.697885927847493, "lr": 0.9586046229255358}, "datetime": {"datetime": "2024-06-13 17:15:24", "elapsed": 8.096491, "delta": 0.004987}}
{"target": -1755.102886384392, "params": {"gamma": 9.750777680644457, "lr": 0.5647345919090407}, "datetime": {"datetime": "2024-06-13 17:15:24", "elapsed": 8.101477, "delta": 0.004986}}
{"target": -1172.4466766835405, "params": {"gamma": 4.657924948350314, "lr": 0.8355253266864215}, "datetime": {"datetime": "2024-06-13 17:15:24", "elapsed": 8.106464, "delta": 0.004987}}
{"target": -552.8135204433127, "params": {"gamma": 2.2003892786426134, "lr": 0.7663980894608939}, "datetime": {"datetime": "2024-06-13 17:15:24", "elapsed": 8.110453, "delta": 0.003989}}
{"target": -378.7091581469881, "params": {"gamma": 1.920923979668611, "lr": 0.5916275659530674}, "datetime": {"datetime": "2024-06-13 17:15:24", "elapsed": 8.115441, "delta": 0.004988}}
{"target": -910.2753354010106, "params": {"gamma": 6.068707734799046, "lr": 0.44184380280217683}, "datetime": {"datetime": "2024-06-13 17:15:24", "elapsed": 8.120426, "delta": 0.004985}}
{"target": -1509.632642518786, "params": {"gamma": 8.645641977427168, "lr": 0.5434821861417696}, "datetime": {"datetime": "2024-06-13 17:15:24", "elapsed": 8.125413, "delta": 0.004987}}
{"target": -726.9931529506848, "params": {"gamma": 4.927804379534841, "lr": 0.4181256356700572}, "datetime": {"datetime": "2024-06-13 17:15:24", "elapsed": 8.1304, "delta": 0.004987}}
{"target": -144.8745756789842, "params": {"gamma": 0.6231896086801356, "lr": 0.3621494599268943}, "datetime": {"datetime": "2024-06-13 17:15:24", "elapsed": 8.135386, "delta": 0.004986}}
{"target": -207.10872527876535, "params": {"gamma": 0.9290607665831948, "lr": 0.5656384996760548}, "datetime": {"datetime": "2024-06-13 17:15:24", "elapsed": 8.139376, "delta": 0.00399}}
{"target": -1569.8506361611528, "params": {"gamma": 6.4053758139443495, "lr": 0.7677822626181597}, "datetime": {"datetime": "2024-06-13 17:15:24", "elapsed": 8.144362, "delta": 0.004986}}
{"target": -1126.651212922158, "params": {"gamma": 6.325720028185084, "lr": 0.1870607551754626}, "datetime": {"datetime": "2024-06-13 17:15:24", "elapsed": 8.149349, "delta": 0.004987}}
{"target": -1307.5025980923406, "params": {"gamma": 7.502689263840385, "lr": 0.5488594004307864}, "datetime": {"datetime": "2024-06-13 17:15:24", "elapsed": 8.154336, "delta": 0.004987}}
{"target": -383.8578739670313, "params": {"gamma": 1.0226014229845646, "lr": 0.024827029187908023}, "datetime": {"datetime": "2024-06-13 17:15:24", "elapsed": 8.158325, "delta": 0.003989}}
{"target": -661.8889374349266, "params": {"gamma": 2.988163177641064, "lr": 0.6900150292649251}, "datetime": {"datetime": "2024-06-13 17:15:24", "elapsed": 8.163311, "delta": 0.004986}}
{"target": -2567.6628194119626, "params": {"gamma": 9.327950716090912, "lr": 0.9664972006802195}, "datetime": {"datetime": "2024-06-13 17:15:24", "elapsed": 8.168298, "delta": 0.004987}}
{"target": -1026.6915555115886, "params": {"gamma": 7.645716345257133, "lr": 0.2932491857068945}, "datetime": {"datetime": "2024-06-13 17:15:24", "elapsed": 8.173285, "delta": 0.004987}}
{"target": -946.839098292178, "params": {"gamma": 6.2210691836043965, "lr": 0.23109612753682562}, "datetime": {"datetime": "2024-06-13 17:15:24", "elapsed": 8.178272, "delta": 0.004987}}
{"target": -1651.0597081015496, "params": {"gamma": 7.507153026145066, "lr": 0.16586702947952792}, "datetime": {"datetime": "2024-06-13 17:15:24", "elapsed": 8.183259, "delta": 0.004987}}
{"target": -2036.15764818108, "params": {"gamma": 7.564947384855503, "lr": 0.8685889989304815}, "datetime": {"datetime": "2024-06-13 17:15:24", "elapsed": 8.188245, "delta": 0.004986}}
{"target": -1856.4935628920564, "params": {"gamma": 5.195544029510985, "lr": 0.06563483825850425}, "datetime": {"datetime": "2024-06-13 17:15:24", "elapsed": 8.193231, "delta": 0.004986}}
{"target": -1130.6504376514088, "params": {"gamma": 4.4894713154372115, "lr": 0.8378286113798175}, "datetime": {"datetime": "2024-06-13 17:15:24", "elapsed": 8.197222, "delta": 0.003991}}
{"target": -650.254591010806, "params": {"gamma": 1.7983467816471097, "lr": 0.03855906126279496}, "datetime": {"datetime": "2024-06-13 17:15:24", "elapsed": 8.202208, "delta": 0.004986}}
{"target": -1322.5921843801761, "params": {"gamma": 7.327203051217345, "lr": 0.5630407235733951}, "datetime": {"datetime": "2024-06-13 17:15:24", "elapsed": 8.207194, "delta": 0.004986}}
{"target": -174.1405024825776, "params": {"gamma": 0.42156420386587773, "lr": 0.9848852640583016}, "datetime": {"datetime": "2024-06-13 17:15:24", "elapsed": 8.212181, "delta": 0.004987}}
{"target": -1072.5737047286502, "params": {"gamma": 5.693754542449788, "lr": 0.585156672962654}, "datetime": {"datetime": "2024-06-13 17:15:24", "elapsed": 8.217167, "delta": 0.004986}}
{"target": -2137.4287881510863, "params": {"gamma": 7.899276512022575, "lr": 0.9026346706863088}, "datetime": {"datetime": "2024-06-13 17:15:24", "elapsed": 8.222154, "delta": 0.004987}}
{"target": -143.8978355232174, "params": {"gamma": 0.6084466125606112, "lr": 0.34851320938881547}, "datetime": {"datetime": "2024-06-13 17:15:24", "elapsed": 8.227141, "delta": 0.004987}}
{"target": -327.2569284358596, "params": {"gamma": 2.001718538820858, "lr": 0.4651515316549586}, "datetime": {"datetime": "2024-06-13 17:15:24", "elapsed": 8.232128, "delta": 0.004987}}
{"target": -348.60668203378236, "params": {"gamma": 0.9155879517141836, "lr": 0.06808577423972362}, "datetime": {"datetime": "2024-06-13 17:15:24", "elapsed": 8.237115, "delta": 0.004987}}
{"target": -823.7416511587545, "params": {"gamma": 3.009593441869708, "lr": 0.9043452577718513}, "datetime": {"datetime": "2024-06-13 17:15:24", "elapsed": 8.241104, "delta": 0.003989}}
{"target": -2383.767418451563, "params": {"gamma": 9.755444236897075, "lr": 0.7637200317833946}, "datetime": {"datetime": "2024-06-13 17:15:24", "elapsed": 8.246091, "delta": 0.004987}}
{"target": -146.19903778870446, "params": {"gamma": 0.008408388692528457, "lr": 0.735215554236234}, "datetime": {"datetime": "2024-06-13 17:15:24", "elapsed": 8.251077, "delta": 0.004986}}
{"target": -136.75847099171497, "params": {"gamma": 0.22090310734026275, "lr": 0.16856568225506097}, "datetime": {"datetime": "2024-06-13 17:15:24", "elapsed": 8.256064, "delta": 0.004987}}
{"target": -137.29764009573725, "params": {"gamma": 0.10612956883701744, "lr": 0.1491269987672621}, "datetime": {"datetime": "2024-06-13 17:15:24", "elapsed": 8.260803, "delta": 0.004739}}
{"target": -1493.6339964154004, "params": {"gamma": 6.87536774608507, "lr": 0.7020168753413566}, "datetime": {"datetime": "2024-06-13 17:15:24", "elapsed": 8.26579, "delta": 0.004987}}
{"target": -830.7137362574318, "params": {"gamma": 3.7114029888119466, "lr": 0.7311908242003646}, "datetime": {"datetime": "2024-06-13 17:15:24", "elapsed": 8.270776, "delta": 0.004986}}
{"target": -2114.6087957199684, "params": {"gamma": 8.47319475004096, "lr": 0.13035751444155008}, "datetime": {"datetime": "2024-06-13 17:15:24", "elapsed": 8.274766, "delta": 0.00399}}
{"target": -165.99506577126957, "params": {"gamma": 0.8749857543012785, "lr": 0.37192145651390274}, "datetime": {"datetime": "2024-06-13 17:15:24", "elapsed": 8.279753, "delta": 0.004987}}
{"target": -587.5001165553693, "params": {"gamma": 4.039432491874189, "lr": 0.27640421986037034}, "datetime": {"datetime": "2024-06-13 17:15:25", "elapsed": 8.284739, "delta": 0.004986}}
{"target": -1011.9999366345678, "params": {"gamma": 7.5419276912585245, "lr": 0.32178620055239215}, "datetime": {"datetime": "2024-06-13 17:15:25", "elapsed": 8.289726, "delta": 0.004987}}
{"target": -2188.274415972923, "params": {"gamma": 8.001642974863078, "lr": 0.9113083542736461}, "datetime": {"datetime": "2024-06-13 17:15:25", "elapsed": 8.294712, "delta": 0.004986}}
