{"target": -701.1155754493242, "params": {"gamma": 4.170803025021038, "lr": 0.7203244934421581}, "datetime": {"datetime": "2024-06-13 21:42:32", "elapsed": 0.0, "delta": 0.0}}
{"target": -146.04493391575522, "params": {"gamma": 0.002143633798631522, "lr": 0.30233257263183977}, "datetime": {"datetime": "2024-06-13 21:42:32", "elapsed": 0.00399, "delta": 0.00399}}
{"target": -358.34952132606026, "params": {"gamma": 1.4684121522803133, "lr": 0.0923385947687978}, "datetime": {"datetime": "2024-06-13 21:42:32", "elapsed": 0.006982, "delta": 0.002992}}
{"target": -295.6153450442684, "params": {"gamma": 1.8634158535653313, "lr": 0.34556072704304774}, "datetime": {"datetime": "2024-06-13 21:42:32", "elapsed": 0.009974, "delta": 0.002992}}
{"target": -569.4017201244037, "params": {"gamma": 3.968277974832469, "lr": 0.538816734003357}, "datetime": {"datetime": "2024-06-13 21:42:32", "elapsed": 0.013963, "delta": 0.003989}}
{"target": -675.9809509860601, "params": {"gamma": 4.192525949518545, "lr": 0.6852195003967595}, "datetime": {"datetime": "2024-06-13 21:42:32", "elapsed": 0.016956, "delta": 0.002993}}
{"target": -378.87114065263677, "params": {"gamma": 2.045318045065443, "lr": 0.8781174363909454}, "datetime": {"datetime": "2024-06-13 21:42:32", "elapsed": 0.020944, "delta": 0.003988}}
{"target": -136.56244807649827, "params": {"gamma": 0.2748485443860637, "lr": 0.6704675101784022}, "datetime": {"datetime": "2024-06-13 21:42:32", "elapsed": 0.023937, "delta": 0.002993}}
{"target": -602.4826202926316, "params": {"gamma": 4.173630718868903, "lr": 0.5586898284457517}, "datetime": {"datetime": "2024-06-13 21:42:32", "elapsed": 0.026929, "delta": 0.002992}}
{"target": -266.38534701005756, "params": {"gamma": 1.4047289990137424, "lr": 0.1981014890848788}, "datetime": {"datetime": "2024-06-13 21:42:32", "elapsed": 0.030918, "delta": 0.003989}}
{"target": -1410.997704335469, "params": {"gamma": 8.00764494218669, "lr": 0.9682615757193975}, "datetime": {"datetime": "2024-06-13 21:42:32", "elapsed": 0.03391, "delta": 0.002992}}
{"target": -512.0811129050512, "params": {"gamma": 3.1349283574142692, "lr": 0.6923226156693141}, "datetime": {"datetime": "2024-06-13 21:42:32", "elapsed": 0.036902, "delta": 0.002992}}
{"target": -1544.775682350046, "params": {"gamma": 8.764015133808087, "lr": 0.8946066635038473}, "datetime": {"datetime": "2024-06-13 21:42:32", "elapsed": 0.040891, "delta": 0.003989}}
{"target": -252.0579014897178, "params": {"gamma": 0.8513570694864094, "lr": 0.03905478323288236}, "datetime": {"datetime": "2024-06-13 21:42:32", "elapsed": 0.043884, "delta": 0.002993}}
{"target": -322.91290806972546, "params": {"gamma": 1.6991343652261244, "lr": 0.8781425034294131}, "datetime": {"datetime": "2024-06-13 21:42:32", "elapsed": 0.047873, "delta": 0.003989}}
{"target": -173.05025766269358, "params": {"gamma": 0.9843699914966679, "lr": 0.42110762500505217}, "datetime": {"datetime": "2024-06-13 21:42:32", "elapsed": 0.050865, "delta": 0.002992}}
{"target": -1344.7656861220282, "params": {"gamma": 9.578937411974868, "lr": 0.5331652849730171}, "datetime": {"datetime": "2024-06-13 21:42:32", "elapsed": 0.053857, "delta": 0.002992}}
{"target": -1055.9860534193735, "params": {"gamma": 6.919079262390784, "lr": 0.31551563100606295}, "datetime": {"datetime": "2024-06-13 21:42:32", "elapsed": 0.057846, "delta": 0.003989}}
{"target": -1160.8981822572282, "params": {"gamma": 6.865322775888155, "lr": 0.8346256718973729}, "datetime": {"datetime": "2024-06-13 21:42:32", "elapsed": 0.060839, "delta": 0.002993}}
{"target": -136.410307033956, "params": {"gamma": 0.18386448516457388, "lr": 0.7501443149449675}, "datetime": {"datetime": "2024-06-13 21:42:32", "elapsed": 0.06383, "delta": 0.002991}}
{"target": -1631.405476103927, "params": {"gamma": 9.88862202797604, "lr": 0.7481656543798394}, "datetime": {"datetime": "2024-06-13 21:42:32", "elapsed": 0.06782, "delta": 0.00399}}
{"target": -475.78966907379885, "params": {"gamma": 2.8051594766519874, "lr": 0.7892793284514885}, "datetime": {"datetime": "2024-06-13 21:42:32", "elapsed": 0.070812, "delta": 0.002992}}
{"target": -179.58924379228753, "params": {"gamma": 1.0331568397698425, "lr": 0.44789352617590517}, "datetime": {"datetime": "2024-06-13 21:42:32", "elapsed": 0.074802, "delta": 0.00399}}
{"target": -1399.5115220607704, "params": {"gamma": 9.086046435427862, "lr": 0.2936141483736795}, "datetime": {"datetime": "2024-06-13 21:42:32", "elapsed": 0.077793, "delta": 0.002991}}
{"target": -669.720332729881, "params": {"gamma": 2.878465610524901, "lr": 0.13002857211827767}, "datetime": {"datetime": "2024-06-13 21:42:32", "elapsed": 0.080785, "delta": 0.002992}}
{"target": -136.1558170896888, "params": {"gamma": 0.19465021174510047, "lr": 0.678835532939891}, "datetime": {"datetime": "2024-06-13 21:42:32", "elapsed": 0.084774, "delta": 0.003989}}
{"target": -364.1464394751696, "params": {"gamma": 2.1170695318845905, "lr": 0.2655466593722262}, "datetime": {"datetime": "2024-06-13 21:42:32", "elapsed": 0.087767, "delta": 0.002993}}
{"target": -1210.204957293312, "params": {"gamma": 4.916240019644103, "lr": 0.053362545117080384}, "datetime": {"datetime": "2024-06-13 21:42:32", "elapsed": 0.090758, "delta": 0.002991}}
{"target": -1142.779322632883, "params": {"gamma": 5.741601937314639, "lr": 0.14672857490581015}, "datetime": {"datetime": "2024-06-13 21:42:32", "elapsed": 0.094747, "delta": 0.003989}}
{"target": -941.8159678538873, "params": {"gamma": 5.89346606349594, "lr": 0.6997583600209312}, "datetime": {"datetime": "2024-06-13 21:42:32", "elapsed": 0.097739, "delta": 0.002992}}
{"target": -176.78094513232455, "params": {"gamma": 1.0242419538494305, "lr": 0.4140559878195683}, "datetime": {"datetime": "2024-06-13 21:42:32", "elapsed": 0.100732, "delta": 0.002993}}
{"target": -904.4653634933585, "params": {"gamma": 6.9443071771197245, "lr": 0.41417926952690265}, "datetime": {"datetime": "2024-06-13 21:42:32", "elapsed": 0.104721, "delta": 0.003989}}
{"target": -141.7458693856589, "params": {"gamma": 0.5004846360019255, "lr": 0.5358964059155116}, "datetime": {"datetime": "2024-06-13 21:42:32", "elapsed": 0.107713, "delta": 0.002992}}
{"target": -937.7310020334618, "params": {"gamma": 6.638282657552669, "lr": 0.5148891120583086}, "datetime": {"datetime": "2024-06-13 21:42:32", "elapsed": 0.111702, "delta": 0.003989}}
{"target": -1420.02362069848, "params": {"gamma": 9.446002965152143, "lr": 0.5865550405019929}, "datetime": {"datetime": "2024-06-13 21:42:32", "elapsed": 0.114694, "delta": 0.002992}}
{"target": -2058.371713748917, "params": {"gamma": 9.034115750963547, "lr": 0.13747470414623753}, "datetime": {"datetime": "2024-06-13 21:42:32", "elapsed": 0.117686, "delta": 0.002992}}
{"target": -260.59923312583464, "params": {"gamma": 1.3936241961603346, "lr": 0.8073912887095238}, "datetime": {"datetime": "2024-06-13 21:42:32", "elapsed": 0.121676, "delta": 0.00399}}
{"target": -799.7833424234567, "params": {"gamma": 3.9773706930183503, "lr": 0.16535419711693278}, "datetime": {"datetime": "2024-06-13 21:42:32", "elapsed": 0.124667, "delta": 0.002991}}
{"target": -1356.938946723728, "params": {"gamma": 9.275158295379942, "lr": 0.34776585974550656}, "datetime": {"datetime": "2024-06-13 21:42:32", "elapsed": 0.127659, "delta": 0.002992}}
{"target": -1246.8583503589189, "params": {"gamma": 7.50837021925842, "lr": 0.7259979853504515}, "datetime": {"datetime": "2024-06-13 21:42:32", "elapsed": 0.131649, "delta": 0.00399}}
{"target": -1303.671089713937, "params": {"gamma": 8.833177605966892, "lr": 0.6236722070556089}, "datetime": {"datetime": "2024-06-13 21:42:32", "elapsed": 0.134641, "delta": 0.002992}}
{"target": -1101.9022259185444, "params": {"gamma": 7.509673397839345, "lr": 0.34889834197784253}, "datetime": {"datetime": "2024-06-13 21:42:32", "elapsed": 0.137633, "delta": 0.002992}}
{"target": -493.2178159713264, "params": {"gamma": 2.7000089897584956, "lr": 0.8958862181960668}, "datetime": {"datetime": "2024-06-13 21:42:32", "elapsed": 0.141623, "delta": 0.00399}}
{"target": -764.868514969102, "params": {"gamma": 4.281483807523078, "lr": 0.9648400471483856}, "datetime": {"datetime": "2024-06-13 21:42:32", "elapsed": 0.144614, "delta": 0.002991}}
{"target": -983.0734240205346, "params": {"gamma": 6.634751536686663, "lr": 0.6216957202091218}, "datetime": {"datetime": "2024-06-13 21:42:32", "elapsed": 0.147606, "delta": 0.002992}}
{"target": -240.70097713473575, "params": {"gamma": 1.1483449835607984, "lr": 0.9494892587070712}, "datetime": {"datetime": "2024-06-13 21:42:32", "elapsed": 0.151596, "delta": 0.00399}}
{"target": -682.9443741596109, "params": {"gamma": 4.499671422665926, "lr": 0.5783896143871318}, "datetime": {"datetime": "2024-06-13 21:42:32", "elapsed": 0.154587, "delta": 0.002991}}
{"target": -664.1122705863551, "params": {"gamma": 4.081959890810051, "lr": 0.2370269802430277}, "datetime": {"datetime": "2024-06-13 21:42:32", "elapsed": 0.15758, "delta": 0.002993}}
{"target": -1354.8173443794374, "params": {"gamma": 9.033891826101975, "lr": 0.5736794866722859}, "datetime": {"datetime": "2024-06-13 21:42:32", "elapsed": 0.161569, "delta": 0.003989}}
{"target": -143.7691214643348, "params": {"gamma": 0.029700399984558545, "lr": 0.6171449136207239}, "datetime": {"datetime": "2024-06-13 21:42:32", "elapsed": 0.164561, "delta": 0.002992}}
{"target": -473.5692725748345, "params": {"gamma": 3.2671223728191894, "lr": 0.5270581022576093}, "datetime": {"datetime": "2024-06-13 21:42:32", "elapsed": 0.16855, "delta": 0.003989}}
{"target": -1296.8925585851985, "params": {"gamma": 8.859535051008434, "lr": 0.35726976000249977}, "datetime": {"datetime": "2024-06-13 21:42:32", "elapsed": 0.171542, "delta": 0.002992}}
{"target": -1340.4816159985844, "params": {"gamma": 9.085442974047073, "lr": 0.6233601157918027}, "datetime": {"datetime": "2024-06-13 21:42:32", "elapsed": 0.174534, "delta": 0.002992}}
{"target": -137.65532132733884, "params": {"gamma": 0.15919660722271628, "lr": 0.9294372337437613}, "datetime": {"datetime": "2024-06-13 21:42:32", "elapsed": 0.178555, "delta": 0.004021}}
{"target": -1220.1431476546052, "params": {"gamma": 6.9092782782517235, "lr": 0.9973228504514805}, "datetime": {"datetime": "2024-06-13 21:42:32", "elapsed": 0.181544, "delta": 0.002989}}
{"target": -414.43374744614084, "params": {"gamma": 1.7242327429449402, "lr": 0.13713574962887776}, "datetime": {"datetime": "2024-06-13 21:42:32", "elapsed": 0.184508, "delta": 0.002964}}
{"target": -1480.2168472124545, "params": {"gamma": 9.326022034908599, "lr": 0.6968181614899002}, "datetime": {"datetime": "2024-06-13 21:42:32", "elapsed": 0.188497, "delta": 0.003989}}
{"target": -164.96234590469217, "params": {"gamma": 0.6609357270479028, "lr": 0.7554630526024664}, "datetime": {"datetime": "2024-06-13 21:42:32", "elapsed": 0.19149, "delta": 0.002993}}
{"target": -1329.5478290827589, "params": {"gamma": 7.539008008424004, "lr": 0.9230245355464833}, "datetime": {"datetime": "2024-06-13 21:42:32", "elapsed": 0.194481, "delta": 0.002991}}
{"target": -1551.420651828163, "params": {"gamma": 7.11553606152609, "lr": 0.1242709619721647}, "datetime": {"datetime": "2024-06-13 21:42:32", "elapsed": 0.19847, "delta": 0.003989}}
{"target": -144.74879072118122, "params": {"gamma": 0.1997814582641161, "lr": 0.026210986877719278}, "datetime": {"datetime": "2024-06-13 21:42:32", "elapsed": 0.201462, "delta": 0.002992}}
{"target": -137.5944637129158, "params": {"gamma": 0.2840365737199253, "lr": 0.2462110676030459}, "datetime": {"datetime": "2024-06-13 21:42:32", "elapsed": 0.204454, "delta": 0.002992}}
{"target": -1209.2823713758767, "params": {"gamma": 8.600419458880197, "lr": 0.5388310643416528}, "datetime": {"datetime": "2024-06-13 21:42:32", "elapsed": 0.208444, "delta": 0.00399}}
{"target": -938.8915143303577, "params": {"gamma": 5.5286669648789735, "lr": 0.8420308923596057}, "datetime": {"datetime": "2024-06-13 21:42:32", "elapsed": 0.211435, "delta": 0.002991}}
{"target": -234.2020625224234, "params": {"gamma": 1.2426089778839915, "lr": 0.2791836790111395}, "datetime": {"datetime": "2024-06-13 21:42:32", "elapsed": 0.214427, "delta": 0.002992}}
{"target": -1037.674110334469, "params": {"gamma": 5.858006955311422, "lr": 0.9695957483196745}, "datetime": {"datetime": "2024-06-13 21:42:32", "elapsed": 0.218417, "delta": 0.00399}}
{"target": -1377.3955378437354, "params": {"gamma": 5.6107411623378445, "lr": 0.01864728937294302}, "datetime": {"datetime": "2024-06-13 21:42:32", "elapsed": 0.221409, "delta": 0.002992}}
{"target": -1283.1067966377498, "params": {"gamma": 8.006526094133482, "lr": 0.23297427384102043}, "datetime": {"datetime": "2024-06-13 21:42:32", "elapsed": 0.224401, "delta": 0.002992}}
{"target": -1150.746864723375, "params": {"gamma": 8.071244850992173, "lr": 0.38786064406417176}, "datetime": {"datetime": "2024-06-13 21:42:32", "elapsed": 0.22839, "delta": 0.003989}}
{"target": -1426.585409199371, "params": {"gamma": 8.635555003739727, "lr": 0.7471216427371846}, "datetime": {"datetime": "2024-06-13 21:42:32", "elapsed": 0.231382, "delta": 0.002992}}
{"target": -1274.098096196665, "params": {"gamma": 5.562846099670199, "lr": 0.13645522566068502}, "datetime": {"datetime": "2024-06-13 21:42:32", "elapsed": 0.234374, "delta": 0.002992}}
{"target": -186.2437699403259, "params": {"gamma": 0.6001169774326044, "lr": 0.12134345574073735}, "datetime": {"datetime": "2024-06-13 21:42:32", "elapsed": 0.238363, "delta": 0.003989}}
{"target": -163.17086187443576, "params": {"gamma": 0.4464742335690725, "lr": 0.1074941291060929}, "datetime": {"datetime": "2024-06-13 21:42:32", "elapsed": 0.241356, "delta": 0.002993}}
{"target": -381.2960651528678, "params": {"gamma": 2.2578676767399393, "lr": 0.7129889803826767}, "datetime": {"datetime": "2024-06-13 21:42:32", "elapsed": 0.244347, "delta": 0.002991}}
{"target": -1374.2335101472029, "params": {"gamma": 5.597610103559371, "lr": 0.012555980159115854}, "datetime": {"datetime": "2024-06-13 21:42:32", "elapsed": 0.248337, "delta": 0.00399}}
{"target": -180.25250068268207, "params": {"gamma": 0.7206708226151783, "lr": 0.967276330000272}, "datetime": {"datetime": "2024-06-13 21:42:32", "elapsed": 0.251329, "delta": 0.002992}}
{"target": -910.9914067249841, "params": {"gamma": 5.6814365187375016, "lr": 0.20329323466099047}, "datetime": {"datetime": "2024-06-13 21:42:32", "elapsed": 0.254321, "delta": 0.002992}}
{"target": -433.960601709311, "params": {"gamma": 2.5240051199586637, "lr": 0.7438258540750929}, "datetime": {"datetime": "2024-06-13 21:42:32", "elapsed": 0.25831, "delta": 0.003989}}
{"target": -314.80440654923655, "params": {"gamma": 1.9550993816120785, "lr": 0.5813589272732578}, "datetime": {"datetime": "2024-06-13 21:42:32", "elapsed": 0.261302, "delta": 0.002992}}
{"target": -1632.5289323246825, "params": {"gamma": 9.700229870894034, "lr": 0.8468288014900353}, "datetime": {"datetime": "2024-06-13 21:42:32", "elapsed": 0.2651, "delta": 0.003798}}
{"target": -334.7443540140013, "params": {"gamma": 2.399237743716714, "lr": 0.49376971426872995}, "datetime": {"datetime": "2024-06-13 21:42:32", "elapsed": 0.268092, "delta": 0.002992}}
{"target": -1018.171274580852, "params": {"gamma": 6.199937228095417, "lr": 0.8289808995501787}, "datetime": {"datetime": "2024-06-13 21:42:32", "elapsed": 0.272081, "delta": 0.003989}}
{"target": -412.48787687688105, "params": {"gamma": 1.5687571550661965, "lr": 0.018576202177409518}, "datetime": {"datetime": "2024-06-13 21:42:32", "elapsed": 0.275073, "delta": 0.002992}}
{"target": -150.5877411855431, "params": {"gamma": 0.7011514150485041, "lr": 0.4863451109370318}, "datetime": {"datetime": "2024-06-13 21:42:32", "elapsed": 0.27864, "delta": 0.003567}}
{"target": -865.9876215064438, "params": {"gamma": 6.063688287071651, "lr": 0.5688514370864813}, "datetime": {"datetime": "2024-06-13 21:42:32", "elapsed": 0.282138, "delta": 0.003498}}
{"target": -574.7302666841266, "params": {"gamma": 3.1743067308122854, "lr": 0.9886161544124489}, "datetime": {"datetime": "2024-06-13 21:42:32", "elapsed": 0.285129, "delta": 0.002991}}
{"target": -831.6408213875003, "params": {"gamma": 5.797872447238724, "lr": 0.3801411726235504}, "datetime": {"datetime": "2024-06-13 21:42:32", "elapsed": 0.289125, "delta": 0.003996}}
{"target": -916.1556040997572, "params": {"gamma": 5.509931242959851, "lr": 0.7453344309065021}, "datetime": {"datetime": "2024-06-13 21:42:32", "elapsed": 0.292113, "delta": 0.002988}}
{"target": -1094.2813068943174, "params": {"gamma": 6.6926597016383935, "lr": 0.2649195576628094}, "datetime": {"datetime": "2024-06-13 21:42:32", "elapsed": 0.295105, "delta": 0.002992}}
{"target": -150.61153713087126, "params": {"gamma": 0.6642820094499873, "lr": 0.3700841979141063}, "datetime": {"datetime": "2024-06-13 21:42:32", "elapsed": 0.299094, "delta": 0.003989}}
{"target": -1007.6093830726193, "params": {"gamma": 6.297545352708624, "lr": 0.2101740099148396}, "datetime": {"datetime": "2024-06-13 21:42:32", "elapsed": 0.302086, "delta": 0.002992}}
{"target": -1839.2195688301501, "params": {"gamma": 7.5278027818344, "lr": 0.06653648135411494}, "datetime": {"datetime": "2024-06-13 21:42:32", "elapsed": 0.305078, "delta": 0.002992}}
{"target": -444.2405886923267, "params": {"gamma": 2.603890670686831, "lr": 0.8047545637433454}, "datetime": {"datetime": "2024-06-13 21:42:32", "elapsed": 0.309068, "delta": 0.00399}}
{"target": -318.32546931272157, "params": {"gamma": 1.935149391950654, "lr": 0.6394608808799401}, "datetime": {"datetime": "2024-06-13 21:42:32", "elapsed": 0.31206, "delta": 0.002992}}
{"target": -931.8105171500621, "params": {"gamma": 5.247178420928214, "lr": 0.9248079703993507}, "datetime": {"datetime": "2024-06-13 21:42:32", "elapsed": 0.316049, "delta": 0.003989}}
{"target": -662.9328365572723, "params": {"gamma": 2.633704408100623, "lr": 0.06596109068402378}, "datetime": {"datetime": "2024-06-13 21:42:32", "elapsed": 0.319041, "delta": 0.002992}}
{"target": -1207.075256604462, "params": {"gamma": 7.350924566923407, "lr": 0.7721780295432468}, "datetime": {"datetime": "2024-06-13 21:42:32", "elapsed": 0.322033, "delta": 0.002992}}
{"target": -1597.1401423189295, "params": {"gamma": 9.078250709182736, "lr": 0.9319720691968373}, "datetime": {"datetime": "2024-06-13 21:42:32", "elapsed": 0.325025, "delta": 0.002992}}
{"target": -138.0713372633474, "params": {"gamma": 0.14050177818299456, "lr": 0.2343620861214205}, "datetime": {"datetime": "2024-06-13 21:42:32", "elapsed": 0.328585, "delta": 0.00356}}
{"target": -1091.479515371459, "params": {"gamma": 6.1681667916595755, "lr": 0.9490163206876164}, "datetime": {"datetime": "2024-06-13 21:42:32", "elapsed": 0.332574, "delta": 0.003989}}
{"target": -1346.952691143706, "params": {"gamma": 9.50181101635155, "lr": 0.5566531881951564}, "datetime": {"datetime": "2024-06-13 21:42:32", "elapsed": 0.335566, "delta": 0.002992}}
{"target": -1395.8870410899488, "params": {"gamma": 9.15614789131298, "lr": 0.6415662089463375}, "datetime": {"datetime": "2024-06-13 21:42:32", "elapsed": 0.338558, "delta": 0.002992}}
{"target": -522.6394855338937, "params": {"gamma": 3.9006871336983213, "lr": 0.48599066709690975}, "datetime": {"datetime": "2024-06-13 21:42:32", "elapsed": 0.34255, "delta": 0.003992}}
{"target": -851.7729188447146, "params": {"gamma": 6.043500518716813, "lr": 0.5495479215085626}, "datetime": {"datetime": "2024-06-13 21:42:32", "elapsed": 0.34554, "delta": 0.00299}}
{"target": -1629.0755799264812, "params": {"gamma": 9.26188808563783, "lr": 0.9187334356336061}, "datetime": {"datetime": "2024-06-13 21:42:32", "elapsed": 0.349529, "delta": 0.003989}}
{"target": -707.6415375030176, "params": {"gamma": 3.9493612536226252, "lr": 0.9632625284407118}, "datetime": {"datetime": "2024-06-13 21:42:32", "elapsed": 0.352521, "delta": 0.002992}}
{"target": -417.94268090047433, "params": {"gamma": 1.740382711137963, "lr": 0.12632951943963733}, "datetime": {"datetime": "2024-06-13 21:42:32", "elapsed": 0.356511, "delta": 0.00399}}
{"target": -223.37257540194443, "params": {"gamma": 1.3516565013092665, "lr": 0.5056621656768967}, "datetime": {"datetime": "2024-06-13 21:42:32", "elapsed": 0.359503, "delta": 0.002992}}
{"target": -137.6982277291237, "params": {"gamma": 0.2162265279367056, "lr": 0.947970211217681}, "datetime": {"datetime": "2024-06-13 21:42:32", "elapsed": 0.363492, "delta": 0.003989}}
{"target": -2018.3844557799566, "params": {"gamma": 8.271327596236153, "lr": 0.015018980742122379}, "datetime": {"datetime": "2024-06-13 21:42:32", "elapsed": 0.366484, "delta": 0.002992}}
{"target": -289.8058592770772, "params": {"gamma": 1.7627863594949775, "lr": 0.332063574366837}, "datetime": {"datetime": "2024-06-13 21:42:32", "elapsed": 0.370474, "delta": 0.00399}}
{"target": -248.7498681728547, "params": {"gamma": 1.310837451264358, "lr": 0.8094906921265821}, "datetime": {"datetime": "2024-06-13 21:42:32", "elapsed": 0.373465, "delta": 0.002991}}
{"target": -621.542267440685, "params": {"gamma": 3.4480217901802512, "lr": 0.9401074823333672}, "datetime": {"datetime": "2024-06-13 21:42:32", "elapsed": 0.377454, "delta": 0.003989}}
{"target": -1018.0614524034793, "params": {"gamma": 5.820559785290854, "lr": 0.8788319844118441}, "datetime": {"datetime": "2024-06-13 21:42:32", "elapsed": 0.380447, "delta": 0.002993}}
{"target": -1489.5802005616197, "params": {"gamma": 8.447499719476827, "lr": 0.9053923187086492}, "datetime": {"datetime": "2024-06-13 21:42:32", "elapsed": 0.384436, "delta": 0.003989}}
{"target": -653.1732372825632, "params": {"gamma": 4.599342777902254, "lr": 0.5463468160203733}, "datetime": {"datetime": "2024-06-13 21:42:32", "elapsed": 0.387428, "delta": 0.002992}}
{"target": -1231.8166939118978, "params": {"gamma": 7.986237307929242, "lr": 0.28571885173414757}, "datetime": {"datetime": "2024-06-13 21:42:32", "elapsed": 0.391028, "delta": 0.0036}}
