{"target": -1033.9967741311882, "params": {"gamma": 4.903044972676658, "lr": 0.5991103076458784}, "datetime": {"datetime": "2024-06-13 22:59:24", "elapsed": 0.441999, "delta": 0.003989}}
{"target": -148.59163793762812, "params": {"gamma": 0.15631722223280642, "lr": 0.5934814081966372}, "datetime": {"datetime": "2024-06-13 22:59:24", "elapsed": 0.446986, "delta": 0.004987}}
{"target": -1008.5903833346141, "params": {"gamma": 4.337329813545594, "lr": 0.8073605288848414}, "datetime": {"datetime": "2024-06-13 22:59:24", "elapsed": 0.450976, "delta": 0.00399}}
{"target": -808.934721329837, "params": {"gamma": 3.153132786150634, "lr": 0.8928887085251513}, "datetime": {"datetime": "2024-06-13 22:59:24", "elapsed": 0.454965, "delta": 0.003989}}
{"target": -1804.7548819614296, "params": {"gamma": 5.778994295630071, "lr": 0.18401020162746506}, "datetime": {"datetime": "2024-06-13 22:59:24", "elapsed": 0.458954, "delta": 0.003989}}
{"target": -1644.6542022818821, "params": {"gamma": 7.8795044090212185, "lr": 0.6120311770449339}, "datetime": {"datetime": "2024-06-13 22:59:24", "elapsed": 0.461946, "delta": 0.002992}}
{"target": -180.91892719347155, "params": {"gamma": 0.5400388114654558, "lr": 0.4201936800011322}, "datetime": {"datetime": "2024-06-13 22:59:24", "elapsed": 0.465935, "delta": 0.003989}}
{"target": -1721.4483537831393, "params": {"gamma": 6.791009296817731, "lr": 0.9186017779775258}, "datetime": {"datetime": "2024-06-13 22:59:24", "elapsed": 0.469924, "delta": 0.003989}}
{"target": -150.08845097682905, "params": {"gamma": 0.005019846888682974, "lr": 0.9767591490310596}, "datetime": {"datetime": "2024-06-13 22:59:24", "elapsed": 0.472916, "delta": 0.002992}}
{"target": -962.6105644011476, "params": {"gamma": 3.766426567142999, "lr": 0.9737835383583225}, "datetime": {"datetime": "2024-06-13 22:59:24", "elapsed": 0.477903, "delta": 0.004987}}
{"target": -1399.081299564124, "params": {"gamma": 6.047556293639557, "lr": 0.828845807980693}, "datetime": {"datetime": "2024-06-13 22:59:24", "elapsed": 0.481892, "delta": 0.003989}}
{"target": -1216.3760339858006, "params": {"gamma": 5.747540335576315, "lr": 0.6280761983073504}, "datetime": {"datetime": "2024-06-13 22:59:24", "elapsed": 0.484884, "delta": 0.002992}}
{"target": -613.2065707241477, "params": {"gamma": 2.8564772406752437, "lr": 0.586833340656083}, "datetime": {"datetime": "2024-06-13 22:59:24", "elapsed": 0.488873, "delta": 0.003989}}
{"target": -1820.3223968011043, "params": {"gamma": 7.500467615262897, "lr": 0.8583138364290424}, "datetime": {"datetime": "2024-06-13 22:59:24", "elapsed": 0.491867, "delta": 0.002994}}
{"target": -1667.7517015840278, "params": {"gamma": 7.551066802488335, "lr": 0.698057248447303}, "datetime": {"datetime": "2024-06-13 22:59:24", "elapsed": 0.495855, "delta": 0.003988}}
{"target": -1939.5387774316084, "params": {"gamma": 8.644929821115943, "lr": 0.32268099683674645}, "datetime": {"datetime": "2024-06-13 22:59:24", "elapsed": 0.499844, "delta": 0.003989}}
{"target": -1358.5353823571722, "params": {"gamma": 6.708217119085085, "lr": 0.45087393641334916}, "datetime": {"datetime": "2024-06-13 22:59:24", "elapsed": 0.502836, "delta": 0.002992}}
{"target": -804.8666822009245, "params": {"gamma": 3.8216454175631407, "lr": 0.4108113499221856}, "datetime": {"datetime": "2024-06-13 22:59:24", "elapsed": 0.506825, "delta": 0.003989}}
{"target": -911.0287901365289, "params": {"gamma": 4.015394355111937, "lr": 0.3173839459582769}, "datetime": {"datetime": "2024-06-13 22:59:24", "elapsed": 0.510815, "delta": 0.00399}}
{"target": -1310.9891867634738, "params": {"gamma": 6.219571759835095, "lr": 0.43024727082126435}, "datetime": {"datetime": "2024-06-13 22:59:24", "elapsed": 0.514804, "delta": 0.003989}}
{"target": -2146.5591040452387, "params": {"gamma": 9.738046977194596, "lr": 0.6778008914343111}, "datetime": {"datetime": "2024-06-13 22:59:24", "elapsed": 0.518794, "delta": 0.00399}}
{"target": -433.53499427481484, "params": {"gamma": 1.9865003143826816, "lr": 0.4267010093480328}, "datetime": {"datetime": "2024-06-13 22:59:24", "elapsed": 0.521786, "delta": 0.002992}}
{"target": -803.491924777043, "params": {"gamma": 3.4341190515044557, "lr": 0.7976388039585666}, "datetime": {"datetime": "2024-06-13 22:59:24", "elapsed": 0.525775, "delta": 0.003989}}
{"target": -2234.6183354147383, "params": {"gamma": 8.800102887345755, "lr": 0.903841955826372}, "datetime": {"datetime": "2024-06-13 22:59:24", "elapsed": 0.529764, "delta": 0.003989}}
{"target": -1648.6920026179744, "params": {"gamma": 6.627535403940247, "lr": 0.2702082620297578}, "datetime": {"datetime": "2024-06-13 22:59:24", "elapsed": 0.533753, "delta": 0.003989}}
{"target": -612.7748142082787, "params": {"gamma": 2.5244146483443926, "lr": 0.8548979426974024}, "datetime": {"datetime": "2024-06-13 22:59:24", "elapsed": 0.536745, "delta": 0.002992}}
{"target": -1223.4886641185506, "params": {"gamma": 5.277618748441158, "lr": 0.8021610840045981}, "datetime": {"datetime": "2024-06-13 22:59:24", "elapsed": 0.541732, "delta": 0.004987}}
{"target": -1278.9539911778127, "params": {"gamma": 5.725312683398872, "lr": 0.7331425252875111}, "datetime": {"datetime": "2024-06-13 22:59:24", "elapsed": 0.544724, "delta": 0.002992}}
{"target": -1189.6980382478926, "params": {"gamma": 5.190597263013095, "lr": 0.770883910501888}, "datetime": {"datetime": "2024-06-13 22:59:24", "elapsed": 0.548714, "delta": 0.00399}}
{"target": -1154.0617106828106, "params": {"gamma": 5.689011049056451, "lr": 0.4657098785919809}, "datetime": {"datetime": "2024-06-13 22:59:24", "elapsed": 0.552703, "delta": 0.003989}}
{"target": -1212.1302749924728, "params": {"gamma": 3.4275463906248644, "lr": 0.06820934841670412}, "datetime": {"datetime": "2024-06-13 22:59:24", "elapsed": 0.555695, "delta": 0.002992}}
{"target": -1334.2071592642458, "params": {"gamma": 3.7798638691016704, "lr": 0.07962607769825236}, "datetime": {"datetime": "2024-06-13 22:59:24", "elapsed": 0.559687, "delta": 0.003992}}
{"target": -3260.6942380730106, "params": {"gamma": 9.82818832019072, "lr": 0.18161285133076377}, "datetime": {"datetime": "2024-06-13 22:59:24", "elapsed": 0.562676, "delta": 0.002989}}
{"target": -1969.2683203333488, "params": {"gamma": 8.118775118507678, "lr": 0.8749616449558981}, "datetime": {"datetime": "2024-06-13 22:59:24", "elapsed": 0.566666, "delta": 0.00399}}
{"target": -1409.2033303419796, "params": {"gamma": 6.884444110607048, "lr": 0.5694944127453757}, "datetime": {"datetime": "2024-06-13 22:59:24", "elapsed": 0.570655, "delta": 0.003989}}
{"target": -350.8028710766176, "params": {"gamma": 1.610553396719272, "lr": 0.4668800227633063}, "datetime": {"datetime": "2024-06-13 22:59:24", "elapsed": 0.574644, "delta": 0.003989}}
{"target": -1009.3840263705051, "params": {"gamma": 3.452375339500995, "lr": 0.2250399578140846}, "datetime": {"datetime": "2024-06-13 22:59:24", "elapsed": 0.578634, "delta": 0.00399}}
{"target": -1334.8361005684653, "params": {"gamma": 5.925526175789202, "lr": 0.31226983770191696}, "datetime": {"datetime": "2024-06-13 22:59:24", "elapsed": 0.582623, "delta": 0.003989}}
{"target": -2317.7949836094176, "params": {"gamma": 9.163139229130039, "lr": 0.9096355249515571}, "datetime": {"datetime": "2024-06-13 22:59:24", "elapsed": 0.585615, "delta": 0.002992}}
{"target": -902.0222650727826, "params": {"gamma": 2.57192581952818, "lr": 0.1108913007440292}, "datetime": {"datetime": "2024-06-13 22:59:24", "elapsed": 0.589604, "delta": 0.003989}}
{"target": -410.61073570674813, "params": {"gamma": 1.9304343574591094, "lr": 0.49958417067888605}, "datetime": {"datetime": "2024-06-13 22:59:24", "elapsed": 0.593594, "delta": 0.00399}}
{"target": -2230.424016487113, "params": {"gamma": 7.286128094077989, "lr": 0.20819443840879148}, "datetime": {"datetime": "2024-06-13 22:59:24", "elapsed": 0.596586, "delta": 0.002992}}
{"target": -602.8064261696492, "params": {"gamma": 2.48108755021393, "lr": 0.851671874936367}, "datetime": {"datetime": "2024-06-13 22:59:24", "elapsed": 0.601572, "delta": 0.004986}}
{"target": -878.002464453856, "params": {"gamma": 4.159071333957006, "lr": 0.6166850671552362}, "datetime": {"datetime": "2024-06-13 22:59:24", "elapsed": 0.604564, "delta": 0.002992}}
{"target": -822.1044692429747, "params": {"gamma": 2.3374277262532615, "lr": 0.10196725942579743}, "datetime": {"datetime": "2024-06-13 22:59:24", "elapsed": 0.608555, "delta": 0.003991}}
{"target": -1047.8714148136696, "params": {"gamma": 5.159054312668331, "lr": 0.47714098704978236}, "datetime": {"datetime": "2024-06-13 22:59:24", "elapsed": 0.612543, "delta": 0.003988}}
{"target": -347.9266416518603, "params": {"gamma": 1.5275637692875392, "lr": 0.6218062317404155}, "datetime": {"datetime": "2024-06-13 22:59:24", "elapsed": 0.615535, "delta": 0.002992}}
{"target": -1147.0670367692403, "params": {"gamma": 5.440557178020568, "lr": 0.6541373469707443}, "datetime": {"datetime": "2024-06-13 22:59:24", "elapsed": 0.619524, "delta": 0.003989}}
{"target": -356.02503275610866, "params": {"gamma": 1.4463108557064734, "lr": 0.7515278171352439}, "datetime": {"datetime": "2024-06-13 22:59:24", "elapsed": 0.622516, "delta": 0.002992}}
{"target": -487.9203033544107, "params": {"gamma": 2.221269348859427, "lr": 0.519351824366033}, "datetime": {"datetime": "2024-06-13 22:59:24", "elapsed": 0.626509, "delta": 0.003993}}
{"target": -2747.2394237562307, "params": {"gamma": 7.853174986187969, "lr": 0.02233042799180618}, "datetime": {"datetime": "2024-06-13 22:59:24", "elapsed": 0.630495, "delta": 0.003986}}
{"target": -797.7391965199414, "params": {"gamma": 3.2443002348021386, "lr": 0.872922376400111}, "datetime": {"datetime": "2024-06-13 22:59:24", "elapsed": 0.633487, "delta": 0.002992}}
{"target": -1773.8766270235303, "params": {"gamma": 8.447251366413093, "lr": 0.5384405925945437}, "datetime": {"datetime": "2024-06-13 22:59:24", "elapsed": 0.638473, "delta": 0.004986}}
{"target": -2192.847087325622, "params": {"gamma": 8.666216133390963, "lr": 0.9498059913536265}, "datetime": {"datetime": "2024-06-13 22:59:24", "elapsed": 0.641465, "delta": 0.002992}}
{"target": -1958.1839701426945, "params": {"gamma": 8.264243569295784, "lr": 0.8541154438365387}, "datetime": {"datetime": "2024-06-13 22:59:24", "elapsed": 0.645455, "delta": 0.00399}}
{"target": -250.66824423753812, "params": {"gamma": 0.9883352748016633, "lr": 0.651304332340991}, "datetime": {"datetime": "2024-06-13 22:59:24", "elapsed": 0.649444, "delta": 0.003989}}
{"target": -1470.4802702155182, "params": {"gamma": 7.035466364538378, "lr": 0.6102408126466297}, "datetime": {"datetime": "2024-06-13 22:59:24", "elapsed": 0.652436, "delta": 0.002992}}
{"target": -2796.921262250471, "params": {"gamma": 7.996353002098545, "lr": 0.03457121987163425}, "datetime": {"datetime": "2024-06-13 22:59:24", "elapsed": 0.656426, "delta": 0.00399}}
{"target": -1714.556307847819, "params": {"gamma": 7.702617106815245, "lr": 0.731728600739527}, "datetime": {"datetime": "2024-06-13 22:59:24", "elapsed": 0.660415, "delta": 0.003989}}
{"target": -662.3149247321028, "params": {"gamma": 2.5977242345902325, "lr": 0.2570692988221467}, "datetime": {"datetime": "2024-06-13 22:59:24", "elapsed": 0.663407, "delta": 0.002992}}
{"target": -1432.441646196415, "params": {"gamma": 6.323400870983849, "lr": 0.34529746159108154}, "datetime": {"datetime": "2024-06-13 22:59:24", "elapsed": 0.667398, "delta": 0.003991}}
{"target": -1611.128825110656, "params": {"gamma": 7.966090191394868, "lr": 0.44614623200345727}, "datetime": {"datetime": "2024-06-13 22:59:24", "elapsed": 0.671386, "delta": 0.003988}}
{"target": -1982.0323085005232, "params": {"gamma": 7.827711398426936, "lr": 0.9904717836238407}, "datetime": {"datetime": "2024-06-13 22:59:24", "elapsed": 0.675375, "delta": 0.003989}}
{"target": -1040.3828337477387, "params": {"gamma": 3.0031831469994668, "lr": 0.14300582825809938}, "datetime": {"datetime": "2024-06-13 22:59:24", "elapsed": 0.679364, "delta": 0.003989}}
{"target": -1891.536518999758, "params": {"gamma": 9.01318305505639, "lr": 0.5415593788873733}, "datetime": {"datetime": "2024-06-13 22:59:24", "elapsed": 0.682356, "delta": 0.002992}}
{"target": -2039.9988071697703, "params": {"gamma": 9.747428968179968, "lr": 0.6366044000018972}, "datetime": {"datetime": "2024-06-13 22:59:24", "elapsed": 0.686346, "delta": 0.00399}}
{"target": -2049.981000336047, "params": {"gamma": 9.939136333080178, "lr": 0.5460708041429516}, "datetime": {"datetime": "2024-06-13 22:59:24", "elapsed": 0.690335, "delta": 0.003989}}
{"target": -1769.6564810345774, "params": {"gamma": 5.264732913121308, "lr": 0.1354279030721699}, "datetime": {"datetime": "2024-06-13 22:59:24", "elapsed": 0.693327, "delta": 0.002992}}
{"target": -1257.2190979725485, "params": {"gamma": 3.5576960046678274, "lr": 0.026218567296373285}, "datetime": {"datetime": "2024-06-13 22:59:24", "elapsed": 0.697316, "delta": 0.003989}}
{"target": -382.98430828516763, "params": {"gamma": 1.6047914000169714, "lr": 0.7456371927074961}, "datetime": {"datetime": "2024-06-13 22:59:24", "elapsed": 0.702303, "delta": 0.004987}}
{"target": -161.45619662886554, "params": {"gamma": 0.3049664995979595, "lr": 0.36654309724374434}, "datetime": {"datetime": "2024-06-13 22:59:24", "elapsed": 0.705295, "delta": 0.002992}}
{"target": -1902.5460668593303, "params": {"gamma": 8.623600182127603, "lr": 0.6926777175073543}, "datetime": {"datetime": "2024-06-13 22:59:25", "elapsed": 0.709285, "delta": 0.00399}}
{"target": -2155.217356201713, "params": {"gamma": 6.90973047851962, "lr": 0.18863680095531088}, "datetime": {"datetime": "2024-06-13 22:59:25", "elapsed": 0.713274, "delta": 0.003989}}
{"target": -934.1470648991777, "params": {"gamma": 4.419600903203486, "lr": 0.5815774073442912}, "datetime": {"datetime": "2024-06-13 22:59:25", "elapsed": 0.716267, "delta": 0.002993}}
{"target": -3025.5816310228747, "params": {"gamma": 9.897527324929388, "lr": 0.20390622523312185}, "datetime": {"datetime": "2024-06-13 22:59:25", "elapsed": 0.720255, "delta": 0.003988}}
{"target": -633.3203398496131, "params": {"gamma": 2.478081284721786, "lr": 0.26217308377291193}, "datetime": {"datetime": "2024-06-13 22:59:25", "elapsed": 0.723247, "delta": 0.002992}}
{"target": -1517.9099813204584, "params": {"gamma": 7.50197396056663, "lr": 0.4569753274356928}, "datetime": {"datetime": "2024-06-13 22:59:25", "elapsed": 0.727237, "delta": 0.00399}}
{"target": -186.45737665673113, "params": {"gamma": 0.5702374546725388, "lr": 0.5085162406102396}, "datetime": {"datetime": "2024-06-13 22:59:25", "elapsed": 0.731228, "delta": 0.003991}}
{"target": -507.18605671347876, "params": {"gamma": 2.120389686272116, "lr": 0.7986042447602102}, "datetime": {"datetime": "2024-06-13 22:59:25", "elapsed": 0.735216, "delta": 0.003988}}
{"target": -1055.104438002793, "params": {"gamma": 2.9740164836912153, "lr": 0.02760601195450363}, "datetime": {"datetime": "2024-06-13 22:59:25", "elapsed": 0.739233, "delta": 0.004017}}
{"target": -1410.0375150953068, "params": {"gamma": 5.934731062196747, "lr": 0.8438404289311888}, "datetime": {"datetime": "2024-06-13 22:59:25", "elapsed": 0.743225, "delta": 0.003992}}
{"target": -858.2779446827857, "params": {"gamma": 3.81078022449808, "lr": 0.7498583107261434}, "datetime": {"datetime": "2024-06-13 22:59:25", "elapsed": 0.746186, "delta": 0.002961}}
{"target": -1081.2230350321634, "params": {"gamma": 5.111903641492986, "lr": 0.5409518049621886}, "datetime": {"datetime": "2024-06-13 22:59:25", "elapsed": 0.750174, "delta": 0.003988}}
{"target": -2213.1193646963166, "params": {"gamma": 9.594383776296462, "lr": 0.8039608914986468}, "datetime": {"datetime": "2024-06-13 22:59:25", "elapsed": 0.754194, "delta": 0.00402}}
{"target": -158.11911956634142, "params": {"gamma": 0.3241983431691163, "lr": 0.7093872512312951}, "datetime": {"datetime": "2024-06-13 22:59:25", "elapsed": 0.757186, "delta": 0.002992}}
{"target": -1183.992871859077, "params": {"gamma": 4.650549814153498, "lr": 0.9475489413950998}, "datetime": {"datetime": "2024-06-13 22:59:25", "elapsed": 0.761146, "delta": 0.00396}}
{"target": -569.8018002274025, "params": {"gamma": 2.2151059105005597, "lr": 0.2670720196843658}, "datetime": {"datetime": "2024-06-13 22:59:25", "elapsed": 0.766132, "delta": 0.004986}}
{"target": -220.94820842601519, "params": {"gamma": 0.8156581748077427, "lr": 0.42861882866378653}, "datetime": {"datetime": "2024-06-13 22:59:25", "elapsed": 0.770121, "delta": 0.003989}}
{"target": -269.7274141647261, "params": {"gamma": 1.091078621426664, "lr": 0.6337867606119179}, "datetime": {"datetime": "2024-06-13 22:59:25", "elapsed": 0.773114, "delta": 0.002993}}
{"target": -1772.5533783526257, "params": {"gamma": 8.029829410500005, "lr": 0.6968004961201785}, "datetime": {"datetime": "2024-06-13 22:59:25", "elapsed": 0.777103, "delta": 0.003989}}
{"target": -1732.8423401325413, "params": {"gamma": 7.66234759937663, "lr": 0.3424541198435198}, "datetime": {"datetime": "2024-06-13 22:59:25", "elapsed": 0.781092, "delta": 0.003989}}
{"target": -1778.470994720911, "params": {"gamma": 8.45866897879375, "lr": 0.42876877499944255}, "datetime": {"datetime": "2024-06-13 22:59:25", "elapsed": 0.784085, "delta": 0.002993}}
{"target": -1735.5981873400171, "params": {"gamma": 8.240274694252776, "lr": 0.6264961586242938}, "datetime": {"datetime": "2024-06-13 22:59:25", "elapsed": 0.788073, "delta": 0.003988}}
{"target": -525.7289905093364, "params": {"gamma": 1.435087063653779, "lr": 0.07838689985494796}, "datetime": {"datetime": "2024-06-13 22:59:25", "elapsed": 0.792063, "delta": 0.00399}}
{"target": -162.7511834820738, "params": {"gamma": 0.1843080964871599, "lr": 0.06672499763935646}, "datetime": {"datetime": "2024-06-13 22:59:25", "elapsed": 0.79705, "delta": 0.004987}}
{"target": -1532.8962180211158, "params": {"gamma": 4.586379553270611, "lr": 0.11334192276759048}, "datetime": {"datetime": "2024-06-13 22:59:25", "elapsed": 0.800041, "delta": 0.002991}}
{"target": -154.87677456195624, "params": {"gamma": 0.27880570513785086, "lr": 0.7548614813904674}, "datetime": {"datetime": "2024-06-13 22:59:25", "elapsed": 0.804031, "delta": 0.00399}}
{"target": -888.584557790854, "params": {"gamma": 3.949109954125934, "lr": 0.7469384956075251}, "datetime": {"datetime": "2024-06-13 22:59:25", "elapsed": 0.80802, "delta": 0.003989}}
{"target": -920.9445935911996, "params": {"gamma": 4.52459586263777, "lr": 0.4500867470007611}, "datetime": {"datetime": "2024-06-13 22:59:25", "elapsed": 0.811013, "delta": 0.002993}}
{"target": -972.2554200802413, "params": {"gamma": 4.7812469946715925, "lr": 0.47400392656219403}, "datetime": {"datetime": "2024-06-13 22:59:25", "elapsed": 0.815002, "delta": 0.003989}}
{"target": -1673.9083106924593, "params": {"gamma": 8.031830257799582, "lr": 0.40239251985773583}, "datetime": {"datetime": "2024-06-13 22:59:25", "elapsed": 0.819988, "delta": 0.004986}}
{"target": -3161.4768795938644, "params": {"gamma": 9.046956917275887, "lr": 0.037061047954035864}, "datetime": {"datetime": "2024-06-13 22:59:25", "elapsed": 0.82298, "delta": 0.002992}}
{"target": -2595.9183839285697, "params": {"gamma": 7.738969552861467, "lr": 0.12564138113773882}, "datetime": {"datetime": "2024-06-13 22:59:25", "elapsed": 0.82697, "delta": 0.00399}}
{"target": -2168.592239860396, "params": {"gamma": 6.185517155553943, "lr": 0.010364261335231939}, "datetime": {"datetime": "2024-06-13 22:59:25", "elapsed": 0.830959, "delta": 0.003989}}
{"target": -1891.4599384598534, "params": {"gamma": 5.386734198480894, "lr": 0.0030179566195963625}, "datetime": {"datetime": "2024-06-13 22:59:25", "elapsed": 0.833951, "delta": 0.002992}}
{"target": -2414.3332385838144, "params": {"gamma": 9.511986661116556, "lr": 0.905402033702778}, "datetime": {"datetime": "2024-06-13 22:59:25", "elapsed": 0.83794, "delta": 0.003989}}
{"target": -2015.2579097805342, "params": {"gamma": 7.959873452480752, "lr": 0.9152743199147875}, "datetime": {"datetime": "2024-06-13 22:59:25", "elapsed": 0.841929, "delta": 0.003989}}
{"target": -517.2847609775959, "params": {"gamma": 1.4564367533528122, "lr": 0.15773006987053328}, "datetime": {"datetime": "2024-06-13 22:59:25", "elapsed": 0.844922, "delta": 0.002993}}
{"target": -415.70752703036027, "params": {"gamma": 1.8771290973514374, "lr": 0.6224959022999211}, "datetime": {"datetime": "2024-06-13 22:59:25", "elapsed": 0.848911, "delta": 0.003989}}
{"target": -2291.4053938125953, "params": {"gamma": 9.05818915058701, "lr": 0.9899551783590737}, "datetime": {"datetime": "2024-06-13 22:59:25", "elapsed": 0.8529, "delta": 0.003989}}
{"target": -1584.2900664814777, "params": {"gamma": 7.111513465199394, "lr": 0.7318004091422953}, "datetime": {"datetime": "2024-06-13 22:59:25", "elapsed": 0.856889, "delta": 0.003989}}
{"target": -1893.4777202098742, "params": {"gamma": 9.093022752238, "lr": 0.4008737323711209}, "datetime": {"datetime": "2024-06-13 22:59:25", "elapsed": 0.860879, "delta": 0.00399}}
{"target": -840.773936925211, "params": {"gamma": 2.4992569515701426, "lr": 0.17343017078712286}, "datetime": {"datetime": "2024-06-13 22:59:25", "elapsed": 0.864868, "delta": 0.003989}}
{"target": -308.3837169207855, "params": {"gamma": 1.1954510462869563, "lr": 0.8126105880328287}, "datetime": {"datetime": "2024-06-13 22:59:25", "elapsed": 0.86786, "delta": 0.002992}}
{"target": -392.534205085138, "params": {"gamma": 1.4687769417990144, "lr": 0.2642974827269007}, "datetime": {"datetime": "2024-06-13 22:59:25", "elapsed": 0.871849, "delta": 0.003989}}
{"target": -1838.5830521911726, "params": {"gamma": 8.191072697156674, "lr": 0.31058725179421}, "datetime": {"datetime": "2024-06-13 22:59:25", "elapsed": 0.874842, "delta": 0.002993}}
{"target": -2433.3502247008246, "params": {"gamma": 9.824192075480136, "lr": 0.2666387021516352}, "datetime": {"datetime": "2024-06-13 22:59:25", "elapsed": 0.878831, "delta": 0.003989}}
