{"target": -165.02248392133453, "params": {"gamma": 3.0455479552792557, "prior": 8.63861535707258, "rate": 8.421949009551232}, "datetime": {"datetime": "2024-06-14 06:59:13", "elapsed": 9.263931, "delta": 0.009972}}
{"target": -211.9234513611539, "params": {"gamma": 4.246702488235933, "prior": 3.7004756377425694, "rate": 2.825092294877215}, "datetime": {"datetime": "2024-06-14 06:59:13", "elapsed": 9.272907, "delta": 0.008976}}
{"target": -325.97380666869105, "params": {"gamma": 9.93237460787099, "prior": 2.6319351668238067, "rate": 9.206835301993463}, "datetime": {"datetime": "2024-06-14 06:59:13", "elapsed": 9.282881, "delta": 0.009974}}
{"target": -203.94274427257662, "params": {"gamma": 4.283923802383466, "prior": 9.360727422179947, "rate": 8.38860949714763}, "datetime": {"datetime": "2024-06-14 06:59:13", "elapsed": 9.291856, "delta": 0.008975}}
{"target": -130.85979779763835, "params": {"gamma": 1.5586174788295128, "prior": 5.785405208073743, "rate": 6.7353566438421755}, "datetime": {"datetime": "2024-06-14 06:59:13", "elapsed": 9.300832, "delta": 0.008976}}
{"target": -216.47133241126997, "params": {"gamma": 4.058798239584453, "prior": 0.14828274037404324, "rate": 3.2539879663598352}, "datetime": {"datetime": "2024-06-14 06:59:13", "elapsed": 9.310836, "delta": 0.010004}}
{"target": -291.4055735336553, "params": {"gamma": 8.389610534784513, "prior": 0.7219574041509673, "rate": 1.0550920446467325}, "datetime": {"datetime": "2024-06-14 06:59:13", "elapsed": 9.320779, "delta": 0.009943}}
{"target": -288.33838011969624, "params": {"gamma": 7.0181716777726475, "prior": 5.190166850786258, "rate": 4.9821700831201285}, "datetime": {"datetime": "2024-06-14 06:59:13", "elapsed": 9.329755, "delta": 0.008976}}
{"target": -171.71174409209758, "params": {"gamma": 3.736723579545134, "prior": 6.074784805046058, "rate": 8.514836200003508}, "datetime": {"datetime": "2024-06-14 06:59:13", "elapsed": 9.339728, "delta": 0.009973}}
{"target": -182.27030995362924, "params": {"gamma": 2.7699536416334585, "prior": 8.463137492151986, "rate": 4.166774866572612}, "datetime": {"datetime": "2024-06-14 06:59:13", "elapsed": 9.348737, "delta": 0.009009}}
{"target": -298.1543221982168, "params": {"gamma": 5.010339139927012, "prior": 7.323271447824984, "rate": 2.5879583533585664}, "datetime": {"datetime": "2024-06-14 06:59:13", "elapsed": 9.358715, "delta": 0.009978}}
{"target": -377.8314415544602, "params": {"gamma": 9.216447549642744, "prior": 7.050487695865598, "rate": 6.189685300551793}, "datetime": {"datetime": "2024-06-14 06:59:13", "elapsed": 9.367693, "delta": 0.008978}}
{"target": -192.5971977395513, "params": {"gamma": 2.7308153642818653, "prior": 6.988899717958515, "rate": 2.5728902697861002}, "datetime": {"datetime": "2024-06-14 06:59:13", "elapsed": 9.376671, "delta": 0.008978}}
{"target": -325.53128202319357, "params": {"gamma": 8.164710250604447, "prior": 0.21357730472677, "rate": 1.6662098984717895}, "datetime": {"datetime": "2024-06-14 06:59:13", "elapsed": 9.387256, "delta": 0.010585}}
{"target": -268.2233608726753, "params": {"gamma": 5.578732058631829, "prior": 7.151581896064771, "rate": 4.925314058477191}, "datetime": {"datetime": "2024-06-14 06:59:13", "elapsed": 9.396231, "delta": 0.008975}}
{"target": -454.56959680358443, "params": {"gamma": 8.77821720529802, "prior": 9.761112381872845, "rate": 4.643306398374889}, "datetime": {"datetime": "2024-06-14 06:59:13", "elapsed": 9.406204, "delta": 0.009973}}
{"target": -278.7567650584263, "params": {"gamma": 7.680101807848576, "prior": 4.99824412495192, "rate": 6.651322684579871}, "datetime": {"datetime": "2024-06-14 06:59:13", "elapsed": 9.418172, "delta": 0.011968}}
{"target": -144.16585737725546, "params": {"gamma": 2.2495249246936897, "prior": 1.1844630004410581, "rate": 9.790110366804328}, "datetime": {"datetime": "2024-06-14 06:59:13", "elapsed": 9.428145, "delta": 0.009973}}
{"target": -270.449501517487, "params": {"gamma": 8.150131602400142, "prior": 2.925296971250357, "rate": 5.858698015894784}, "datetime": {"datetime": "2024-06-14 06:59:13", "elapsed": 9.438119, "delta": 0.009974}}
{"target": -167.2912356431855, "params": {"gamma": 3.8013319815826336, "prior": 1.8457466036216705, "rate": 4.188932595381877}, "datetime": {"datetime": "2024-06-14 06:59:13", "elapsed": 9.447095, "delta": 0.008976}}
{"target": -172.4168051218304, "params": {"gamma": 2.9725807541730793, "prior": 0.2645786546757686, "rate": 3.8742957016810964}, "datetime": {"datetime": "2024-06-14 06:59:13", "elapsed": 9.457068, "delta": 0.009973}}
{"target": -416.1212038745867, "params": {"gamma": 9.209209125043717, "prior": 8.299182561203743, "rate": 5.741173477210314}, "datetime": {"datetime": "2024-06-14 06:59:13", "elapsed": 9.466044, "delta": 0.008976}}
{"target": -158.43953027600162, "params": {"gamma": 3.1871500009390448, "prior": 2.3895165193658316, "rate": 9.560239816725709}, "datetime": {"datetime": "2024-06-14 06:59:13", "elapsed": 9.476017, "delta": 0.009973}}
{"target": -232.942624991803, "params": {"gamma": 5.646536380588049, "prior": 2.254292505235319, "rate": 2.4955710289351303}, "datetime": {"datetime": "2024-06-14 06:59:13", "elapsed": 9.484993, "delta": 0.008976}}
{"target": -509.274065390857, "params": {"gamma": 9.59600242910666, "prior": 2.464259919634281, "rate": 1.068034169467023}, "datetime": {"datetime": "2024-06-14 06:59:13", "elapsed": 9.494966, "delta": 0.009973}}
{"target": -139.13140307115933, "params": {"gamma": 1.840435435586939, "prior": 7.685625588487398, "rate": 7.087933795056683}, "datetime": {"datetime": "2024-06-14 06:59:13", "elapsed": 9.504941, "delta": 0.009975}}
{"target": -226.75090975986282, "params": {"gamma": 4.379981305846461, "prior": 7.958664620452609, "rate": 5.1756094087340525}, "datetime": {"datetime": "2024-06-14 06:59:13", "elapsed": 9.514474, "delta": 0.009533}}
{"target": -194.5422455659921, "params": {"gamma": 4.136568013129941, "prior": 1.262675168653137, "rate": 8.839226748297556}, "datetime": {"datetime": "2024-06-14 06:59:13", "elapsed": 9.523449, "delta": 0.008975}}
{"target": -147.65062628887762, "params": {"gamma": 2.7566565508887577, "prior": 6.200981160965617, "rate": 9.8458132098281}, "datetime": {"datetime": "2024-06-14 06:59:13", "elapsed": 9.533423, "delta": 0.009974}}
{"target": -147.3138094787672, "params": {"gamma": 1.8949908024154942, "prior": 9.655361118751124, "rate": 6.527500968888528}, "datetime": {"datetime": "2024-06-14 06:59:13", "elapsed": 9.542399, "delta": 0.008976}}
{"target": -127.36066773204347, "params": {"gamma": 1.28818731436088, "prior": 7.742078746123179, "rate": 9.51780600679268}, "datetime": {"datetime": "2024-06-14 06:59:13", "elapsed": 9.551375, "delta": 0.008976}}
{"target": -445.3261042257768, "params": {"gamma": 5.628242716344561, "prior": 6.916696477605665, "rate": 0.26445244082095803}, "datetime": {"datetime": "2024-06-14 06:59:13", "elapsed": 9.561408, "delta": 0.010033}}
{"target": -702.1539387880666, "params": {"gamma": 9.890767779393961, "prior": 3.252725486155457, "rate": 0.24001388988282726}, "datetime": {"datetime": "2024-06-14 06:59:13", "elapsed": 9.571382, "delta": 0.009974}}
{"target": -356.3202307883793, "params": {"gamma": 8.08583294059341, "prior": 9.735200262493974, "rate": 7.376147510656895}, "datetime": {"datetime": "2024-06-14 06:59:13", "elapsed": 9.581355, "delta": 0.009973}}
{"target": -144.5959322051993, "params": {"gamma": 0.028355324647958178, "prior": 0.7272690626029495, "rate": 5.843109782870581}, "datetime": {"datetime": "2024-06-14 06:59:13", "elapsed": 9.590331, "delta": 0.008976}}
{"target": -172.78856199384163, "params": {"gamma": 3.3578153624482754, "prior": 8.830151459442787, "rate": 8.736820024200027}, "datetime": {"datetime": "2024-06-14 06:59:13", "elapsed": 9.600304, "delta": 0.009973}}
{"target": -353.21331896891456, "params": {"gamma": 9.875201568135711, "prior": 7.186736493818677, "rate": 8.768960114386706}, "datetime": {"datetime": "2024-06-14 06:59:13", "elapsed": 9.610277, "delta": 0.009973}}
{"target": -168.13477535353908, "params": {"gamma": 3.197181468508664, "prior": 1.20065182400608, "rate": 8.653775693718016}, "datetime": {"datetime": "2024-06-14 06:59:13", "elapsed": 9.619255, "delta": 0.008978}}
{"target": -154.15204325781158, "params": {"gamma": 3.035422507017289, "prior": 4.251389751852173, "rate": 6.460656540458656}, "datetime": {"datetime": "2024-06-14 06:59:13", "elapsed": 9.629226, "delta": 0.009971}}
{"target": -260.98968847401005, "params": {"gamma": 6.051386242420971, "prior": 4.267138536697311, "rate": 3.862118968194065}, "datetime": {"datetime": "2024-06-14 06:59:13", "elapsed": 9.638203, "delta": 0.008977}}
{"target": -145.21049401721842, "params": {"gamma": 1.227687737548204, "prior": 5.385232654603825, "rate": 2.329308118342716}, "datetime": {"datetime": "2024-06-14 06:59:13", "elapsed": 9.648176, "delta": 0.009973}}
{"target": -528.8280866313206, "params": {"gamma": 7.548323703153514, "prior": 6.78121878322855, "rate": 0.7201977211273354}, "datetime": {"datetime": "2024-06-14 06:59:13", "elapsed": 9.657152, "delta": 0.008976}}
{"target": -582.7515399634452, "params": {"gamma": 9.892657582673268, "prior": 7.826523662185978, "rate": 2.279031043019085}, "datetime": {"datetime": "2024-06-14 06:59:13", "elapsed": 9.668123, "delta": 0.010971}}
{"target": -138.60240501440072, "params": {"gamma": 0.30839744067862085, "prior": 4.835881127609816, "rate": 3.5280716325732393}, "datetime": {"datetime": "2024-06-14 06:59:13", "elapsed": 9.677098, "delta": 0.008975}}
{"target": -222.6790192184023, "params": {"gamma": 5.465568482142916, "prior": 6.630673158706719, "rate": 7.972400853780025}, "datetime": {"datetime": "2024-06-14 06:59:13", "elapsed": 9.686075, "delta": 0.008977}}
{"target": -144.56181720404533, "params": {"gamma": 0.1364299240444373, "prior": 7.171525587400897, "rate": 2.95384434705289}, "datetime": {"datetime": "2024-06-14 06:59:13", "elapsed": 9.696048, "delta": 0.009973}}
{"target": -451.8157630790623, "params": {"gamma": 9.864039353798532, "prior": 8.47779313281904, "rate": 5.604451409666734}, "datetime": {"datetime": "2024-06-14 06:59:13", "elapsed": 9.706021, "delta": 0.009973}}
{"target": -241.36956977715448, "params": {"gamma": 5.9780590880830164, "prior": 2.001549162745117, "rate": 2.263289634282068}, "datetime": {"datetime": "2024-06-14 06:59:13", "elapsed": 9.715036, "delta": 0.009015}}
{"target": -160.65965362895304, "params": {"gamma": 1.5409777702011733, "prior": 3.8403541198979734, "rate": 1.1204424879714694}, "datetime": {"datetime": "2024-06-14 06:59:13", "elapsed": 9.72497, "delta": 0.009934}}
{"target": -345.18402937469284, "params": {"gamma": 5.113217663448985, "prior": 6.420931758475319, "rate": 1.2230015699915957}, "datetime": {"datetime": "2024-06-14 06:59:13", "elapsed": 9.734501, "delta": 0.009531}}
{"target": -173.39545059649097, "params": {"gamma": 3.442619392943751, "prior": 0.7964440088835576, "rate": 5.25808611153342}, "datetime": {"datetime": "2024-06-14 06:59:13", "elapsed": 9.743477, "delta": 0.008976}}
{"target": -246.45007144931418, "params": {"gamma": 6.503247402260852, "prior": 6.193174199613517, "rate": 8.138881758532042}, "datetime": {"datetime": "2024-06-14 06:59:13", "elapsed": 9.75345, "delta": 0.009973}}
{"target": -169.15502102001227, "params": {"gamma": 2.3564267987877012, "prior": 6.220000234220411, "rate": 3.028982363807174}, "datetime": {"datetime": "2024-06-14 06:59:13", "elapsed": 9.762426, "delta": 0.008976}}
{"target": -151.41944422431487, "params": {"gamma": 0.8885882930853439, "prior": 3.1220885685015505, "rate": 0.7144933929712171}, "datetime": {"datetime": "2024-06-14 06:59:13", "elapsed": 9.771402, "delta": 0.008976}}
{"target": -641.1183267983052, "params": {"gamma": 9.585783535985689, "prior": 7.2989378057766, "rate": 1.0155071173822163}, "datetime": {"datetime": "2024-06-14 06:59:13", "elapsed": 9.781376, "delta": 0.009974}}
{"target": -262.60341322015086, "params": {"gamma": 7.862906954163588, "prior": 3.5863380649556653, "rate": 9.1144399680976}, "datetime": {"datetime": "2024-06-14 06:59:13", "elapsed": 9.790352, "delta": 0.008976}}
{"target": -318.7513489778379, "params": {"gamma": 4.955478850036387, "prior": 8.739657957550234, "rate": 2.206077417642493}, "datetime": {"datetime": "2024-06-14 06:59:13", "elapsed": 9.800325, "delta": 0.009973}}
{"target": -250.11432158653685, "params": {"gamma": 3.6725560667067523, "prior": 3.731685727367989, "rate": 0.9722296833512493}, "datetime": {"datetime": "2024-06-14 06:59:13", "elapsed": 9.810299, "delta": 0.009974}}
{"target": -185.14909034331853, "params": {"gamma": 3.310813326223882, "prior": 6.6311270580041155, "rate": 4.665968370246033}, "datetime": {"datetime": "2024-06-14 06:59:13", "elapsed": 9.819275, "delta": 0.008976}}
{"target": -314.61770820838086, "params": {"gamma": 8.792436465874568, "prior": 2.769735637264448, "rate": 3.5488386678677664}, "datetime": {"datetime": "2024-06-14 06:59:13", "elapsed": 9.829248, "delta": 0.009973}}
{"target": -215.57415150877847, "params": {"gamma": 3.2042225472159718, "prior": 5.562205909154905, "rate": 1.8830059366472722}, "datetime": {"datetime": "2024-06-14 06:59:13", "elapsed": 9.838224, "delta": 0.008976}}
{"target": -157.40008676291814, "params": {"gamma": 1.7332694708102208, "prior": 9.4008710496637, "rate": 3.767100489749554}, "datetime": {"datetime": "2024-06-14 06:59:13", "elapsed": 9.848197, "delta": 0.009973}}
{"target": -214.5654993917636, "params": {"gamma": 5.871394250695616, "prior": 0.6460056416863561, "rate": 1.409439110996769}, "datetime": {"datetime": "2024-06-14 06:59:13", "elapsed": 9.85817, "delta": 0.009973}}
{"target": -161.48764408246979, "params": {"gamma": 0.964489160060572, "prior": 8.139944122785648, "rate": 1.0323646790520586}, "datetime": {"datetime": "2024-06-14 06:59:13", "elapsed": 9.867147, "delta": 0.008977}}
{"target": -201.1275597701787, "params": {"gamma": 5.163644140749812, "prior": 1.6402211901215338, "rate": 2.7888887375330564}, "datetime": {"datetime": "2024-06-14 06:59:13", "elapsed": 9.87712, "delta": 0.009973}}
{"target": -300.5971567150088, "params": {"gamma": 8.826137423028198, "prior": 6.352778274796015, "rate": 9.636663439420486}, "datetime": {"datetime": "2024-06-14 06:59:13", "elapsed": 9.886096, "delta": 0.008976}}
{"target": -289.4078486817384, "params": {"gamma": 5.997543941794315, "prior": 0.19424519054392425, "rate": 4.156994414198696}, "datetime": {"datetime": "2024-06-14 06:59:13", "elapsed": 9.896069, "delta": 0.009973}}
{"target": -136.84815635743846, "params": {"gamma": 0.22539510183243922, "prior": 3.20844484766477, "rate": 4.816767682276697}, "datetime": {"datetime": "2024-06-14 06:59:13", "elapsed": 9.906043, "delta": 0.009974}}
{"target": -211.74735867872997, "params": {"gamma": 5.755017951896957, "prior": 2.4626370089964063, "rate": 5.583307497898072}, "datetime": {"datetime": "2024-06-14 06:59:13", "elapsed": 9.915019, "delta": 0.008976}}
{"target": -242.08162386738329, "params": {"gamma": 3.949806420938232, "prior": 5.115163656318577, "rate": 1.9604741784106727}, "datetime": {"datetime": "2024-06-14 06:59:13", "elapsed": 9.924992, "delta": 0.009973}}
{"target": -151.33780896514943, "params": {"gamma": 1.5683593484243095, "prior": 7.5697183752636255, "rate": 3.3004023148263886}, "datetime": {"datetime": "2024-06-14 06:59:13", "elapsed": 9.933968, "delta": 0.008976}}
{"target": -235.197241335191, "params": {"gamma": 6.442312729689626, "prior": 5.698010406246365, "rate": 8.995409627944824}, "datetime": {"datetime": "2024-06-14 06:59:13", "elapsed": 9.942944, "delta": 0.008976}}
{"target": -461.9134469246261, "params": {"gamma": 8.806955495452243, "prior": 4.486802863235155, "rate": 2.048146129836078}, "datetime": {"datetime": "2024-06-14 06:59:13", "elapsed": 9.95292, "delta": 0.009976}}
{"target": -255.14661245931524, "params": {"gamma": 6.322291560542967, "prior": 6.404676155930846, "rate": 6.92448261628265}, "datetime": {"datetime": "2024-06-14 06:59:13", "elapsed": 9.961896, "delta": 0.008976}}
{"target": -387.77874697151225, "params": {"gamma": 9.074824554145266, "prior": 7.847551682641525, "rate": 6.253284067622613}, "datetime": {"datetime": "2024-06-14 06:59:13", "elapsed": 9.971869, "delta": 0.009973}}
{"target": -220.59412183488652, "params": {"gamma": 6.010054988385501, "prior": 2.2063144570746065, "rate": 6.514002254616683}, "datetime": {"datetime": "2024-06-14 06:59:13", "elapsed": 9.981843, "delta": 0.009974}}
{"target": -322.9119409178831, "params": {"gamma": 8.145187207595269, "prior": 9.230992560443674, "rate": 9.166584470697245}, "datetime": {"datetime": "2024-06-14 06:59:13", "elapsed": 9.990818, "delta": 0.008975}}
{"target": -224.63057035400527, "params": {"gamma": 5.611426959920494, "prior": 2.6723563598308284, "rate": 3.338640770780343}, "datetime": {"datetime": "2024-06-14 06:59:13", "elapsed": 10.000792, "delta": 0.009974}}
{"target": -331.056794470051, "params": {"gamma": 9.977625893322635, "prior": 5.303418103356411, "rate": 8.159250821705387}, "datetime": {"datetime": "2024-06-14 06:59:13", "elapsed": 10.009768, "delta": 0.008976}}
{"target": -284.6755903396521, "params": {"gamma": 5.970564861657937, "prior": 5.1186108345504335, "rate": 3.4860476134416722}, "datetime": {"datetime": "2024-06-14 06:59:13", "elapsed": 10.019741, "delta": 0.009973}}
{"target": -283.2190045026926, "params": {"gamma": 5.378167511784794, "prior": 0.16667359924261277, "rate": 8.766981380159143}, "datetime": {"datetime": "2024-06-14 06:59:13", "elapsed": 10.028717, "delta": 0.008976}}
{"target": -277.5343084602114, "params": {"gamma": 5.615303328845261, "prior": 0.340386110714318, "rate": 8.181929278566322}, "datetime": {"datetime": "2024-06-14 06:59:13", "elapsed": 10.03869, "delta": 0.009973}}
{"target": -125.28963047396303, "params": {"gamma": 1.3544085542298703, "prior": 0.4033231110996103, "rate": 4.623891705947023}, "datetime": {"datetime": "2024-06-14 06:59:13", "elapsed": 10.047669, "delta": 0.008979}}
{"target": -446.2666470218772, "params": {"gamma": 9.606606296174677, "prior": 1.0267810597935034, "rate": 0.656919562834297}, "datetime": {"datetime": "2024-06-14 06:59:13", "elapsed": 10.057642, "delta": 0.009973}}
{"target": -344.93486071559647, "params": {"gamma": 8.799475826643015, "prior": 8.231583211278556, "rate": 8.199874253028593}, "datetime": {"datetime": "2024-06-14 06:59:13", "elapsed": 10.066618, "delta": 0.008976}}
{"target": -214.45368379365982, "params": {"gamma": 4.678712660105902, "prior": 4.3321717361492516, "rate": 4.011281986039528}, "datetime": {"datetime": "2024-06-14 06:59:13", "elapsed": 10.076591, "delta": 0.009973}}
{"target": -240.44098652667307, "params": {"gamma": 5.822568206350932, "prior": 7.316809626823501, "rate": 7.843135731493912}, "datetime": {"datetime": "2024-06-14 06:59:13", "elapsed": 10.086598, "delta": 0.010007}}
{"target": -300.6828459761283, "params": {"gamma": 6.548337076416619, "prior": 5.668415030292531, "rate": 4.1245136895947505}, "datetime": {"datetime": "2024-06-14 06:59:14", "elapsed": 10.095541, "delta": 0.008943}}
{"target": -167.93036836295983, "params": {"gamma": 3.1998307053765016, "prior": 2.9338531489792334, "rate": 2.9624710073123492}, "datetime": {"datetime": "2024-06-14 06:59:14", "elapsed": 10.105514, "delta": 0.009973}}
{"target": -303.58749939956425, "params": {"gamma": 6.827845908778269, "prior": 7.648167703379835, "rate": 5.976600250112773}, "datetime": {"datetime": "2024-06-14 06:59:14", "elapsed": 10.114491, "delta": 0.008977}}
{"target": -136.67504098064677, "params": {"gamma": 2.229416058643355, "prior": 2.0245107029967566, "rate": 7.657095501588769}, "datetime": {"datetime": "2024-06-14 06:59:14", "elapsed": 10.124464, "delta": 0.009973}}
{"target": -394.61777585340576, "params": {"gamma": 9.786959495931479, "prior": 0.257508619766369, "rate": 2.489732521683815}, "datetime": {"datetime": "2024-06-14 06:59:14", "elapsed": 10.134438, "delta": 0.009974}}
{"target": -454.0863628444764, "params": {"gamma": 7.923336404835708, "prior": 7.219736447758213, "rate": 2.4605535974366086}, "datetime": {"datetime": "2024-06-14 06:59:14", "elapsed": 10.143412, "delta": 0.008974}}
{"target": -224.06853554980654, "params": {"gamma": 5.549368918377377, "prior": 5.897299361580305, "rate": 7.21412138219565}, "datetime": {"datetime": "2024-06-14 06:59:14", "elapsed": 10.153387, "delta": 0.009975}}
{"target": -226.58176153664357, "params": {"gamma": 4.637273438415798, "prior": 4.1079998680749545, "rate": 3.080786698738075}, "datetime": {"datetime": "2024-06-14 06:59:14", "elapsed": 10.163193, "delta": 0.009806}}
{"target": -144.79100725164614, "params": {"gamma": 2.3838507751598206, "prior": 1.0157832456909792, "rate": 6.4591879907890055}, "datetime": {"datetime": "2024-06-14 06:59:14", "elapsed": 10.172169, "delta": 0.008976}}
{"target": -556.2224340362733, "params": {"gamma": 6.696034914953822, "prior": 6.904700391776786, "rate": 0.03245405892326011}, "datetime": {"datetime": "2024-06-14 06:59:14", "elapsed": 10.182142, "delta": 0.009973}}
{"target": -187.62212292640442, "params": {"gamma": 4.383092072177341, "prior": 1.3132783126224954, "rate": 5.266566747727368}, "datetime": {"datetime": "2024-06-14 06:59:14", "elapsed": 10.192115, "delta": 0.009973}}
{"target": -428.4389772345497, "params": {"gamma": 9.797416469397842, "prior": 5.042842408537047, "rate": 3.747125142755934}, "datetime": {"datetime": "2024-06-14 06:59:14", "elapsed": 10.201091, "delta": 0.008976}}
{"target": -481.7352937774852, "params": {"gamma": 8.13858608395356, "prior": 9.685194238622525, "rate": 2.8719466519104246}, "datetime": {"datetime": "2024-06-14 06:59:14", "elapsed": 10.211065, "delta": 0.009974}}
{"target": -556.4550491250361, "params": {"gamma": 8.030197397425262, "prior": 9.96180022989637, "rate": 1.1191305732763266}, "datetime": {"datetime": "2024-06-14 06:59:14", "elapsed": 10.220041, "delta": 0.008976}}
