{"target": -125.17233036563563, "params": {"p_ai": 9.05604556125701, "p_al": 9.868796342786228, "p_ex": 8.020962538866408, "prior": 0.026423601686483965, "rate": 6.001253760693126}, "datetime": {"datetime": "2024-06-13 01:28:52", "elapsed": 224.452266, "delta": 0.11517}}
{"target": -93.5705368111971, "params": {"p_ai": 2.8891714248604496, "p_al": 7.097447712852041, "p_ex": 3.0561323897351946, "prior": 5.559116755024119, "rate": 9.180773914005606}, "datetime": {"datetime": "2024-06-13 01:28:52", "elapsed": 224.574361, "delta": 0.122095}}
{"target": -101.53037661473513, "params": {"p_ai": 2.479454855440029, "p_al": 1.11930196523077, "p_ex": 5.135894220893158, "prior": 9.137244761986132, "rate": 1.7932038323176576}, "datetime": {"datetime": "2024-06-13 01:28:53", "elapsed": 224.689054, "delta": 0.114693}}
{"target": -122.79341128790831, "params": {"p_ai": 2.5595284250867927, "p_al": 0.3409243101748873, "p_ex": 0.15470207973635725, "prior": 5.422645236796178, "rate": 8.553747523723965}, "datetime": {"datetime": "2024-06-13 01:28:53", "elapsed": 224.803748, "delta": 0.114694}}
{"target": -89.32055691087687, "params": {"p_ai": 4.4657816155356675, "p_al": 2.357135848615219, "p_ex": 9.36540396422141, "prior": 6.192469585732864, "rate": 8.645897035050032}, "datetime": {"datetime": "2024-06-13 01:28:53", "elapsed": 224.918348, "delta": 0.1146}}
{"target": -92.52775715431964, "params": {"p_ai": 1.282005745817034, "p_al": 4.412942570473553, "p_ex": 8.575682143149248, "prior": 8.982037953044289, "rate": 8.772761648279566}, "datetime": {"datetime": "2024-06-13 01:28:53", "elapsed": 225.033604, "delta": 0.115256}}
{"target": -103.40461488317268, "params": {"p_ai": 6.255094516482575, "p_al": 7.581360105825246, "p_ex": 6.755308180003398, "prior": 8.451789636967945, "rate": 6.32484141935293}, "datetime": {"datetime": "2024-06-13 01:28:53", "elapsed": 225.147905, "delta": 0.114301}}
{"target": -92.12324218621703, "params": {"p_ai": 1.7197256280146134, "p_al": 6.505549393951734, "p_ex": 4.553944860862338, "prior": 0.5894475654255449, "rate": 5.3590922745746745}, "datetime": {"datetime": "2024-06-13 01:28:53", "elapsed": 225.262599, "delta": 0.114694}}
{"target": -103.75529576884901, "params": {"p_ai": 4.393482215124105, "p_al": 8.747389417664913, "p_ex": 6.607572295198009, "prior": 2.608620400961451, "rate": 2.1684377884048662}, "datetime": {"datetime": "2024-06-13 01:28:53", "elapsed": 225.377292, "delta": 0.114693}}
{"target": -126.71830483616868, "params": {"p_ai": 0.9741343125990107, "p_al": 4.6919722422118255, "p_ex": 3.49864716108863, "prior": 5.773912930700538, "rate": 0.5703629844543111}, "datetime": {"datetime": "2024-06-13 01:28:53", "elapsed": 225.49284, "delta": 0.115548}}
{"target": -95.98650341602323, "params": {"p_ai": 2.499922353769078, "p_al": 5.1234334402008574, "p_ex": 3.760205919567236, "prior": 6.269392688573962, "rate": 3.732826110384206}, "datetime": {"datetime": "2024-06-13 01:28:53", "elapsed": 225.607507, "delta": 0.114667}}
{"target": -99.21697578104872, "params": {"p_ai": 4.603671029238606, "p_al": 2.3429211183676726, "p_ex": 2.996592129373345, "prior": 1.1537282156041937, "rate": 7.72462135063049}, "datetime": {"datetime": "2024-06-13 01:28:54", "elapsed": 225.722708, "delta": 0.115201}}
{"target": -142.25385674582742, "params": {"p_ai": 7.939035508710159, "p_al": 0.44031459326531047, "p_ex": 1.6104517992516383, "prior": 8.028774521030188, "rate": 9.104856994771925}, "datetime": {"datetime": "2024-06-13 01:28:54", "elapsed": 225.838168, "delta": 0.11546}}
{"target": -107.69374986847376, "params": {"p_ai": 3.6925387525356554, "p_al": 6.753429509418871, "p_ex": 1.900747060859965, "prior": 8.712451966416536, "rate": 8.247238520857891}, "datetime": {"datetime": "2024-06-13 01:28:54", "elapsed": 225.955028, "delta": 0.11686}}
{"target": -86.53190144073979, "params": {"p_ai": 2.5008789009692247, "p_al": 5.928901706805605, "p_ex": 7.3578939279952476, "prior": 8.838553387439257, "rate": 4.677811991869022}, "datetime": {"datetime": "2024-06-13 01:28:54", "elapsed": 226.070575, "delta": 0.115547}}
{"target": -86.34392951669923, "params": {"p_ai": 1.3470733481294213, "p_al": 1.094841814191649, "p_ex": 5.297243675558832, "prior": 0.49383643442013075, "rate": 6.209338226934207}, "datetime": {"datetime": "2024-06-13 01:28:54", "elapsed": 226.185267, "delta": 0.114692}}
{"target": -135.69993261077838, "params": {"p_ai": 0.3342487213443545, "p_al": 0.2128158500293292, "p_ex": 0.7530176178456772, "prior": 3.6809175726662704, "rate": 3.818141513157325}, "datetime": {"datetime": "2024-06-13 01:28:54", "elapsed": 226.300635, "delta": 0.115368}}
{"target": -115.98422642305879, "params": {"p_ai": 7.669934398787617, "p_al": 8.459621377194617, "p_ex": 7.272280709633233, "prior": 8.844447408912934, "rate": 5.749449999119452}, "datetime": {"datetime": "2024-06-13 01:28:54", "elapsed": 226.414837, "delta": 0.114202}}
{"target": -141.04017858644383, "params": {"p_ai": 9.398903366834306, "p_al": 9.06798682019018, "p_ex": 4.48492000028398, "prior": 4.797781289050013, "rate": 8.566736123057751}, "datetime": {"datetime": "2024-06-13 01:28:54", "elapsed": 226.529497, "delta": 0.11466}}
{"target": -153.80213494662354, "params": {"p_ai": 3.984662715258157, "p_al": 9.420055749190025, "p_ex": 2.933826269617242, "prior": 2.590815299665099, "rate": 1.0901714124352648}, "datetime": {"datetime": "2024-06-13 01:28:55", "elapsed": 226.645188, "delta": 0.115691}}
{"target": -85.53503429532566, "params": {"p_ai": 2.471187095298555, "p_al": 5.3779986604796, "p_ex": 9.802393583495558, "prior": 2.0780894529072613, "rate": 5.470652839172488}, "datetime": {"datetime": "2024-06-13 01:28:55", "elapsed": 226.76786, "delta": 0.122672}}
{"target": -149.38368292395944, "params": {"p_ai": 8.784026964746444, "p_al": 5.897029210758115, "p_ex": 8.352926533735896, "prior": 2.393615931358836, "rate": 0.7317241750859406}, "datetime": {"datetime": "2024-06-13 01:28:55", "elapsed": 226.883551, "delta": 0.115691}}
{"target": -134.3644244783861, "params": {"p_ai": 9.529711071203222, "p_al": 1.12415740911268, "p_ex": 8.024162561181278, "prior": 6.51049956673395, "rate": 8.651276327807269}, "datetime": {"datetime": "2024-06-13 01:28:55", "elapsed": 226.998247, "delta": 0.114696}}
{"target": -102.89543106535992, "params": {"p_ai": 6.297865904193896, "p_al": 2.982484717370885, "p_ex": 9.314887904714922, "prior": 6.923328164237853, "rate": 8.766491081598325}, "datetime": {"datetime": "2024-06-13 01:28:55", "elapsed": 227.113131, "delta": 0.114884}}
{"target": -120.1477810716897, "params": {"p_ai": 8.155107426895412, "p_al": 1.3608872102611669, "p_ex": 6.994424876763647, "prior": 6.810378925463789, "rate": 7.558203771887153}, "datetime": {"datetime": "2024-06-13 01:28:55", "elapsed": 227.228821, "delta": 0.11569}}
{"target": -169.25857360838103, "params": {"p_ai": 7.996706469346298, "p_al": 9.414519270096738, "p_ex": 0.6524073948204284, "prior": 5.086641906303749, "rate": 4.997070133205862}, "datetime": {"datetime": "2024-06-13 01:28:55", "elapsed": 227.343515, "delta": 0.114694}}
{"target": -114.90178707836442, "params": {"p_ai": 7.0079414003989475, "p_al": 9.95603813701815, "p_ex": 9.079903831413358, "prior": 2.9695743927041773, "rate": 3.3582093092894074}, "datetime": {"datetime": "2024-06-13 01:28:55", "elapsed": 227.459206, "delta": 0.115691}}
{"target": -138.3649706289418, "params": {"p_ai": 8.201886874036, "p_al": 3.6167752366875074, "p_ex": 3.254424386140797, "prior": 4.447593325863283, "rate": 2.7719288711687775}, "datetime": {"datetime": "2024-06-13 01:28:55", "elapsed": 227.576804, "delta": 0.117598}}
{"target": -146.93419093423785, "params": {"p_ai": 7.490303509857709, "p_al": 4.527305674218615, "p_ex": 1.6400712810933544, "prior": 9.904617162543863, "rate": 3.380634836004196}, "datetime": {"datetime": "2024-06-13 01:28:56", "elapsed": 227.694298, "delta": 0.117494}}
{"target": -89.16015244039791, "params": {"p_ai": 3.0182894374658042, "p_al": 2.2540360879178154, "p_ex": 4.258012506403847, "prior": 6.951510100013808, "rate": 6.024463090968305}, "datetime": {"datetime": "2024-06-13 01:28:56", "elapsed": 227.808991, "delta": 0.114693}}
{"target": -94.54760972354379, "params": {"p_ai": 1.8154277802533894, "p_al": 2.646352911067262, "p_ex": 5.982902835498565, "prior": 8.580609180581801, "rate": 4.129748274092657}, "datetime": {"datetime": "2024-06-13 01:28:56", "elapsed": 227.924567, "delta": 0.115576}}
{"target": -95.6571902719257, "params": {"p_ai": 2.159265882128531, "p_al": 3.234561011888553, "p_ex": 6.9172126440284645, "prior": 7.009786877455434, "rate": 2.234282424435185}, "datetime": {"datetime": "2024-06-13 01:28:56", "elapsed": 228.038341, "delta": 0.113774}}
{"target": -93.63563457870241, "params": {"p_ai": 3.9655599000973614, "p_al": 6.993599747463365, "p_ex": 7.206028835833273, "prior": 1.3060269515928042, "rate": 6.094130941477607}, "datetime": {"datetime": "2024-06-13 01:28:56", "elapsed": 228.154241, "delta": 0.1159}}
{"target": -140.68263413155708, "params": {"p_ai": 8.860780604176751, "p_al": 5.824031202572268, "p_ex": 3.072782268537545, "prior": 7.451659090914785, "rate": 9.776990621630928}, "datetime": {"datetime": "2024-06-13 01:28:56", "elapsed": 228.268609, "delta": 0.114368}}
{"target": -193.02598825040675, "params": {"p_ai": 9.04633231716986, "p_al": 8.716160144918383, "p_ex": 0.003922193057461108, "prior": 5.826579941183415, "rate": 2.6279371999932573}, "datetime": {"datetime": "2024-06-13 01:28:56", "elapsed": 228.384313, "delta": 0.115704}}
{"target": -123.2572621558995, "params": {"p_ai": 8.130244891969703, "p_al": 5.23526283745264, "p_ex": 8.939108850131829, "prior": 5.237925787644913, "rate": 8.911460302578277}, "datetime": {"datetime": "2024-06-13 01:28:56", "elapsed": 228.498455, "delta": 0.114142}}
{"target": -89.3194806019853, "params": {"p_ai": 4.497764508230413, "p_al": 5.615436937758651, "p_ex": 8.125032960357574, "prior": 4.032314414262975, "rate": 5.687113316080488}, "datetime": {"datetime": "2024-06-13 01:28:56", "elapsed": 228.61354, "delta": 0.115085}}
{"target": -130.50035391301245, "params": {"p_ai": 8.984714318038437, "p_al": 4.8467417158094594, "p_ex": 5.906300764710574, "prior": 9.363857452858312, "rate": 8.83263271940978}, "datetime": {"datetime": "2024-06-13 01:28:57", "elapsed": 228.729231, "delta": 0.115691}}
{"target": -128.00362838921782, "params": {"p_ai": 7.577434997922026, "p_al": 7.112598718301506, "p_ex": 8.192131754208267, "prior": 1.0617119662258163, "rate": 3.810952160479885}, "datetime": {"datetime": "2024-06-13 01:28:57", "elapsed": 228.843925, "delta": 0.114694}}
{"target": -129.31439956477104, "params": {"p_ai": 5.458359106284024, "p_al": 8.585235455408231, "p_ex": 1.4648771670928944, "prior": 7.140681245430711, "rate": 5.910080443703744}, "datetime": {"datetime": "2024-06-13 01:28:57", "elapsed": 228.958618, "delta": 0.114693}}
{"target": -98.42250083383018, "params": {"p_ai": 6.0875909936487345, "p_al": 3.726815752106986, "p_ex": 9.15830642449183, "prior": 7.13933726242808, "rate": 6.683325835506722}, "datetime": {"datetime": "2024-06-13 01:28:57", "elapsed": 229.07444, "delta": 0.115822}}
{"target": -114.71352832271387, "params": {"p_ai": 2.2154321038106217, "p_al": 8.1289389260247, "p_ex": 4.95904725217079, "prior": 5.084200781464436, "rate": 0.8482490698586993}, "datetime": {"datetime": "2024-06-13 01:28:57", "elapsed": 229.19013, "delta": 0.11569}}
{"target": -95.05742393303234, "params": {"p_ai": 4.373244258236222, "p_al": 8.632149255500682, "p_ex": 6.802683723363489, "prior": 1.8950581131297959, "rate": 5.841148942244931}, "datetime": {"datetime": "2024-06-13 01:28:57", "elapsed": 229.303831, "delta": 0.113701}}
{"target": -130.9532687353366, "params": {"p_ai": 9.440120998803936, "p_al": 5.075095122577021, "p_ex": 9.674056937250327, "prior": 3.663304010988193, "rate": 2.9081982683005547}, "datetime": {"datetime": "2024-06-13 01:28:57", "elapsed": 229.419521, "delta": 0.11569}}
{"target": -151.1352214822684, "params": {"p_ai": 8.398665743541141, "p_al": 8.697381609098198, "p_ex": 2.017460785212376, "prior": 7.194800422731128, "rate": 5.921473523245135}, "datetime": {"datetime": "2024-06-13 01:28:57", "elapsed": 229.534076, "delta": 0.114555}}
{"target": -127.66017300501693, "params": {"p_ai": 8.94522136625385, "p_al": 1.4953085457292612, "p_ex": 7.630508798302322, "prior": 6.89986272904379, "rate": 7.950362828454771}, "datetime": {"datetime": "2024-06-13 01:28:58", "elapsed": 229.649275, "delta": 0.115199}}
{"target": -100.00593681477201, "params": {"p_ai": 4.5334216455871585, "p_al": 2.285080750396072, "p_ex": 2.8612639050635336, "prior": 3.0437248840947517, "rate": 8.402831110698429}, "datetime": {"datetime": "2024-06-13 01:28:58", "elapsed": 229.764972, "delta": 0.115697}}
{"target": -111.68190614050775, "params": {"p_ai": 5.372038987196228, "p_al": 5.636276018949885, "p_ex": 2.8423948482288677, "prior": 8.341748975598378, "rate": 7.049602636525978}, "datetime": {"datetime": "2024-06-13 01:28:58", "elapsed": 229.879667, "delta": 0.114695}}
{"target": -145.48566777250792, "params": {"p_ai": 8.781517473429453, "p_al": 1.3161352297481828, "p_ex": 8.496128765204425, "prior": 0.5220714718378262, "rate": 8.771411721092127}, "datetime": {"datetime": "2024-06-13 01:28:58", "elapsed": 229.99395, "delta": 0.114283}}
{"target": -96.3309874592343, "params": {"p_ai": 2.398175280570108, "p_al": 8.856757888094753, "p_ex": 3.7937200294297595, "prior": 8.429330555103737, "rate": 5.396590617151947}, "datetime": {"datetime": "2024-06-13 01:28:58", "elapsed": 230.10982, "delta": 0.11587}}
{"target": -114.1720118235332, "params": {"p_ai": 5.642190342955606, "p_al": 9.84022894951784, "p_ex": 9.63751153551982, "prior": 1.1441289022704242, "rate": 3.6421150962027857}, "datetime": {"datetime": "2024-06-13 01:28:58", "elapsed": 230.224519, "delta": 0.114699}}
{"target": -108.39175275070473, "params": {"p_ai": 2.506212038324754, "p_al": 4.483507611579368, "p_ex": 1.2644028687416509, "prior": 5.116170822812115, "rate": 8.655956316551622}, "datetime": {"datetime": "2024-06-13 01:28:58", "elapsed": 230.339721, "delta": 0.115202}}
{"target": -111.82830573886865, "params": {"p_ai": 3.524182459137863, "p_al": 1.557248674792178, "p_ex": 3.0733042597656954, "prior": 7.429002665405236, "rate": 0.9136723471660736}, "datetime": {"datetime": "2024-06-13 01:28:58", "elapsed": 230.454922, "delta": 0.115201}}
{"target": -126.317927145905, "params": {"p_ai": 7.356081525521679, "p_al": 6.139605696996387, "p_ex": 7.4028472256456945, "prior": 0.09148820794806983, "rate": 7.205005956911262}, "datetime": {"datetime": "2024-06-13 01:28:58", "elapsed": 230.569, "delta": 0.114078}}
{"target": -121.0526513962044, "params": {"p_ai": 3.20652192916414, "p_al": 6.330086992140342, "p_ex": 0.5393129725551014, "prior": 5.564785932218573, "rate": 9.416039732034474}, "datetime": {"datetime": "2024-06-13 01:28:59", "elapsed": 230.683957, "delta": 0.114957}}
{"target": -113.46332299673155, "params": {"p_ai": 3.2015370071173717, "p_al": 5.227843986477157, "p_ex": 4.077705890820247, "prior": 5.69696279590871, "rate": 0.6841180889586145}, "datetime": {"datetime": "2024-06-13 01:28:59", "elapsed": 230.800647, "delta": 0.11669}}
{"target": -118.03960829882256, "params": {"p_ai": 3.619441042802784, "p_al": 5.207068985721982, "p_ex": 0.8491598305113975, "prior": 4.677000648386591, "rate": 7.722524554423631}, "datetime": {"datetime": "2024-06-13 01:28:59", "elapsed": 230.921323, "delta": 0.120676}}
{"target": -101.81003908798449, "params": {"p_ai": 4.4305910985625685, "p_al": 3.9098719950651493, "p_ex": 2.7294917556221026, "prior": 0.519464887551938, "rate": 7.61845485482411}, "datetime": {"datetime": "2024-06-13 01:28:59", "elapsed": 231.037144, "delta": 0.115821}}
{"target": -127.64546400702288, "params": {"p_ai": 4.858303293752173, "p_al": 1.614305665250888, "p_ex": 0.6617195267770156, "prior": 7.57924671380558, "rate": 5.884534108373207}, "datetime": {"datetime": "2024-06-13 01:28:59", "elapsed": 231.152396, "delta": 0.115252}}
{"target": -97.80375693465722, "params": {"p_ai": 5.588089049819353, "p_al": 2.0640425222684375, "p_ex": 5.943811569671102, "prior": 9.342191524625699, "rate": 7.255065057177155}, "datetime": {"datetime": "2024-06-13 01:28:59", "elapsed": 231.268088, "delta": 0.115692}}
{"target": -100.41981343555153, "params": {"p_ai": 5.866398132628953, "p_al": 8.653086394752902, "p_ex": 9.965692892765754, "prior": 8.651215789322743, "rate": 1.792646185609348}, "datetime": {"datetime": "2024-06-13 01:28:59", "elapsed": 231.382856, "delta": 0.114768}}
{"target": -143.8184339997528, "params": {"p_ai": 6.946946260957495, "p_al": 2.963016051488197, "p_ex": 0.5962774150678829, "prior": 1.0813285195441542, "rate": 7.628174982654579}, "datetime": {"datetime": "2024-06-13 01:28:59", "elapsed": 231.498547, "delta": 0.115691}}
{"target": -101.01394981562748, "params": {"p_ai": 0.8300466458626525, "p_al": 5.146000639936082, "p_ex": 2.7448211735055996, "prior": 1.7585883064841497, "rate": 7.439143560347198}, "datetime": {"datetime": "2024-06-13 01:29:20", "elapsed": 252.029135, "delta": 20.530588}}
{"target": -82.28108260892972, "params": {"p_ai": 3.1513916540667273, "p_al": 0.001, "p_ex": 10.0, "prior": 10.0, "rate": 6.7853189899157265}, "datetime": {"datetime": "2024-06-13 01:29:41", "elapsed": 273.435109, "delta": 21.405974}}
{"target": -85.95632638350932, "params": {"p_ai": 1.9949107334132636, "p_al": 4.176538148883978, "p_ex": 4.021417522885332, "prior": 1.7357514003112855, "rate": 8.882494290414055}, "datetime": {"datetime": "2024-06-13 01:30:09", "elapsed": 301.458476, "delta": 28.023367}}
{"target": -83.02296738798502, "params": {"p_ai": 3.3269820755736434, "p_al": 0.001, "p_ex": 10.0, "prior": 10.0, "rate": 10.0}, "datetime": {"datetime": "2024-06-13 01:30:25", "elapsed": 317.575605, "delta": 16.117129}}
{"target": -126.34417164127404, "params": {"p_ai": 0.001, "p_al": 0.001, "p_ex": 10.0, "prior": 0.001, "rate": 10.0}, "datetime": {"datetime": "2024-06-13 01:30:42", "elapsed": 334.392998, "delta": 16.817393}}
{"target": -121.47694549400528, "params": {"p_ai": 0.821354399291211, "p_al": 0.001, "p_ex": 10.0, "prior": 0.001, "rate": 3.805258151908624}, "datetime": {"datetime": "2024-06-13 01:30:58", "elapsed": 350.513568, "delta": 16.12057}}
{"target": -81.7038776035054, "params": {"p_ai": 3.5693588769598166, "p_al": 3.2376564921562356, "p_ex": 10.0, "prior": 10.0, "rate": 6.883553443802789}, "datetime": {"datetime": "2024-06-13 01:31:15", "elapsed": 366.991502, "delta": 16.477934}}
{"target": -89.79340674397763, "params": {"p_ai": 1.2866753169512, "p_al": 4.338316397024344, "p_ex": 3.8436144268117665, "prior": 1.2636269648949814, "rate": 6.8236457486823285}, "datetime": {"datetime": "2024-06-13 01:31:33", "elapsed": 384.805504, "delta": 17.814002}}
{"target": -86.14113328518246, "params": {"p_ai": 2.4349511721918597, "p_al": 1.3744635388665774, "p_ex": 3.7875968556237516, "prior": 0.9222111856055127, "rate": 5.314836894836358}, "datetime": {"datetime": "2024-06-13 01:31:54", "elapsed": 405.870576, "delta": 21.065072}}
{"target": -99.22792011508021, "params": {"p_ai": 0.001, "p_al": 10.0, "p_ex": 10.0, "prior": 2.065300540752074, "rate": 10.0}, "datetime": {"datetime": "2024-06-13 01:32:09", "elapsed": 421.559357, "delta": 15.688781}}
{"target": -87.26507256781808, "params": {"p_ai": 3.8046132892616478, "p_al": 0.001, "p_ex": 10.0, "prior": 2.351483491194038, "rate": 0.5218294070638034}, "datetime": {"datetime": "2024-06-13 01:32:26", "elapsed": 438.112259, "delta": 16.552902}}
{"target": -100.41254316717234, "params": {"p_ai": 0.001, "p_al": 10.0, "p_ex": 10.0, "prior": 2.387686917326603, "rate": 5.856503948536407}, "datetime": {"datetime": "2024-06-13 01:32:43", "elapsed": 455.013096, "delta": 16.900837}}
{"target": -83.2802775908298, "params": {"p_ai": 3.221029501645511, "p_al": 0.001, "p_ex": 10.0, "prior": 7.041185805114796, "rate": 7.560521046923573}, "datetime": {"datetime": "2024-06-13 01:33:09", "elapsed": 481.110277, "delta": 26.097181}}
{"target": -81.83736976317324, "params": {"p_ai": 3.1178973617913557, "p_al": 10.0, "p_ex": 10.0, "prior": 8.07766724695877, "rate": 8.562670068577134}, "datetime": {"datetime": "2024-06-13 01:33:26", "elapsed": 497.810756, "delta": 16.700479}}
{"target": -83.97921923440255, "params": {"p_ai": 4.055119443369079, "p_al": 10.0, "p_ex": 10.0, "prior": 10.0, "rate": 4.666187258763945}, "datetime": {"datetime": "2024-06-13 01:33:48", "elapsed": 520.172508, "delta": 22.361752}}
{"target": -87.36419202541158, "params": {"p_ai": 3.0209317789074475, "p_al": 10.0, "p_ex": 6.176868915833934, "prior": 1.91857288855257, "rate": 10.0}, "datetime": {"datetime": "2024-06-13 01:34:12", "elapsed": 544.392209, "delta": 24.219701}}
{"target": -84.96612865753924, "params": {"p_ai": 1.8465098991108309, "p_al": 0.001, "p_ex": 6.212999598804748, "prior": 5.101514138820812, "rate": 10.0}, "datetime": {"datetime": "2024-06-13 01:34:35", "elapsed": 566.742985, "delta": 22.350776}}
{"target": -82.40033053565769, "params": {"p_ai": 3.476490448253786, "p_al": 7.707182533882202, "p_ex": 10.0, "prior": 10.0, "rate": 10.0}, "datetime": {"datetime": "2024-06-13 01:35:12", "elapsed": 604.546125, "delta": 37.80314}}
{"target": -81.60779221113125, "params": {"p_ai": 3.5291336647738283, "p_al": 3.169735781639546, "p_ex": 10.0, "prior": 7.788545684759477, "rate": 4.95026305949166}, "datetime": {"datetime": "2024-06-13 01:35:34", "elapsed": 626.601427, "delta": 22.055302}}
{"target": -98.07775945865588, "params": {"p_ai": 0.001, "p_al": 7.811706549945794, "p_ex": 6.936797310870028, "prior": 1.8241671024142232, "rate": 10.0}, "datetime": {"datetime": "2024-06-13 01:35:53", "elapsed": 644.909373, "delta": 18.307946}}
{"target": -101.95888120464112, "params": {"p_ai": 0.001, "p_al": 10.0, "p_ex": 8.282420102527134, "prior": 1.3288003040403522, "rate": 3.6232183051761284}, "datetime": {"datetime": "2024-06-13 01:36:23", "elapsed": 674.903426, "delta": 29.994053}}
