{"target": -126.6862199868011, "params": {"p_ai": 6.345552644202125, "p_al": 4.13978453744836, "p_ex": 9.909165409621975, "prior": 9.299626280909525, "rate": 1.4932110870651905}, "datetime": {"datetime": "2024-06-13 00:14:41", "elapsed": 25.959256, "delta": 0.107715}}
{"target": -112.67104691178535, "params": {"p_ai": 3.9494277431054683, "p_al": 4.6163355299129, "p_ex": 5.609926602464331, "prior": 7.803854869369396, "rate": 4.872451896825164}, "datetime": {"datetime": "2024-06-13 00:14:41", "elapsed": 26.064484, "delta": 0.105228}}
{"target": -163.93243931427105, "params": {"p_ai": 4.200515526550398, "p_al": 2.6207350474886373, "p_ex": 9.108150584728497, "prior": 0.22369284381650878, "rate": 8.211397860291427}, "datetime": {"datetime": "2024-06-13 00:14:41", "elapsed": 26.170202, "delta": 0.105718}}
{"target": -123.82192670944964, "params": {"p_ai": 1.8854955282645185, "p_al": 6.857883234826301, "p_ex": 3.552738684007098, "prior": 9.742152066323019, "rate": 1.22859852236475}, "datetime": {"datetime": "2024-06-13 00:14:41", "elapsed": 26.276916, "delta": 0.106714}}
{"target": -164.72484281064723, "params": {"p_ai": 1.8765113562797784, "p_al": 8.894535312169324, "p_ex": 5.834479739767671, "prior": 3.0931546002031376, "rate": 0.008643090396402046}, "datetime": {"datetime": "2024-06-13 00:14:42", "elapsed": 26.384041, "delta": 0.107125}}
{"target": -117.14595325002844, "params": {"p_ai": 2.2767497854842085, "p_al": 1.4548909380781856, "p_ex": 2.035134809876536, "prior": 8.963329245483243, "rate": 8.731070688318136}, "datetime": {"datetime": "2024-06-13 00:14:42", "elapsed": 26.489758, "delta": 0.105717}}
{"target": -139.25074697520432, "params": {"p_ai": 7.0031940868968645, "p_al": 4.705506263845939, "p_ex": 8.271532887320552, "prior": 4.958768144455039, "rate": 3.6355233441657675}, "datetime": {"datetime": "2024-06-13 00:14:42", "elapsed": 26.595476, "delta": 0.105718}}
{"target": -126.64979582245098, "params": {"p_ai": 2.7567554245058266, "p_al": 9.247483394570178, "p_ex": 3.8705053533286655, "prior": 4.929315853439772, "rate": 2.5451265850419067}, "datetime": {"datetime": "2024-06-13 00:14:42", "elapsed": 26.701397, "delta": 0.105921}}
{"target": -190.23099787505964, "params": {"p_ai": 8.849780221861796, "p_al": 3.833251304596062, "p_ex": 2.9764495784234386, "prior": 7.17623202698535, "rate": 1.909508561779902}, "datetime": {"datetime": "2024-06-13 00:14:42", "elapsed": 26.807175, "delta": 0.105778}}
{"target": -118.43495810055877, "params": {"p_ai": 1.1828081008410374, "p_al": 8.370140824352909, "p_ex": 7.441615077773983, "prior": 5.905614955923525, "rate": 2.429672858073742}, "datetime": {"datetime": "2024-06-13 00:14:42", "elapsed": 26.912894, "delta": 0.105719}}
{"target": -179.1307516017974, "params": {"p_ai": 6.2328482047306535, "p_al": 6.383914852090989, "p_ex": 3.276366871679139, "prior": 0.6758259413323553, "rate": 8.805505437045703}, "datetime": {"datetime": "2024-06-13 00:14:42", "elapsed": 27.017951, "delta": 0.105057}}
{"target": -140.955134428093, "params": {"p_ai": 4.60010735401151, "p_al": 7.638963307946233, "p_ex": 2.539632320806454, "prior": 5.914280435492902, "rate": 4.288522808327629}, "datetime": {"datetime": "2024-06-13 00:14:42", "elapsed": 27.123668, "delta": 0.105717}}
{"target": -125.63941215890785, "params": {"p_ai": 3.8216243248488464, "p_al": 1.2680071250853806, "p_ex": 2.4434223654265494, "prior": 0.7943364880002312, "rate": 3.029280188871068}, "datetime": {"datetime": "2024-06-13 00:14:42", "elapsed": 27.229518, "delta": 0.10585}}
{"target": -233.65897534613265, "params": {"p_ai": 7.417306297515323, "p_al": 6.150542233985518, "p_ex": 6.724438578240325, "prior": 0.08482241217079087, "rate": 6.784091345540948}, "datetime": {"datetime": "2024-06-13 00:14:42", "elapsed": 27.335173, "delta": 0.105655}}
{"target": -141.63085876464035, "params": {"p_ai": 5.032303724738329, "p_al": 2.309853596391308, "p_ex": 1.7497901933102402, "prior": 1.8506446725427474, "rate": 8.44275579074591}, "datetime": {"datetime": "2024-06-13 00:14:43", "elapsed": 27.441131, "delta": 0.105958}}
{"target": -200.84913331248924, "params": {"p_ai": 9.825915303261548, "p_al": 9.137482508791475, "p_ex": 3.4743468343077555, "prior": 7.802465572333946, "rate": 5.464999452423606}, "datetime": {"datetime": "2024-06-13 00:14:43", "elapsed": 27.547328, "delta": 0.106197}}
{"target": -171.27803837832664, "params": {"p_ai": 8.16460753316182, "p_al": 4.8377857849378705, "p_ex": 5.899923031695739, "prior": 7.872847211795091, "rate": 1.0032461963882202}, "datetime": {"datetime": "2024-06-13 00:14:43", "elapsed": 27.655176, "delta": 0.107848}}
{"target": -125.28665631015485, "params": {"p_ai": 5.370534161288567, "p_al": 3.660467483349873, "p_ex": 6.043464129845054, "prior": 9.588066353854368, "rate": 3.9288366270246278}, "datetime": {"datetime": "2024-06-13 00:14:43", "elapsed": 27.761603, "delta": 0.106427}}
{"target": -114.83312890251666, "params": {"p_ai": 3.930337006418223, "p_al": 7.9065792989023995, "p_ex": 6.451138912455179, "prior": 3.9394461945459094, "rate": 6.8898615272542845}, "datetime": {"datetime": "2024-06-13 00:14:43", "elapsed": 27.867318, "delta": 0.105715}}
{"target": -116.9086994992497, "params": {"p_ai": 4.040612088934736, "p_al": 1.3619954293269727, "p_ex": 4.506982043452673, "prior": 3.3448595075800287, "rate": 2.180471331681618}, "datetime": {"datetime": "2024-06-13 00:14:43", "elapsed": 27.972627, "delta": 0.105309}}
{"target": -177.27983756393377, "params": {"p_ai": 9.257822241562762, "p_al": 6.896704351396498, "p_ex": 5.988610085343597, "prior": 7.466828063757928, "rate": 5.420168646652644}, "datetime": {"datetime": "2024-06-13 00:14:43", "elapsed": 28.077348, "delta": 0.104721}}
{"target": -174.44341570303692, "params": {"p_ai": 7.005630193122407, "p_al": 9.305667632679201, "p_ex": 8.626304328357714, "prior": 1.6752511332077065, "rate": 2.6321271002148183}, "datetime": {"datetime": "2024-06-13 00:14:43", "elapsed": 28.182804, "delta": 0.105456}}
{"target": -132.97917509128382, "params": {"p_ai": 0.7170311841386036, "p_al": 9.786749378778312, "p_ex": 2.3646046025050955, "prior": 6.6063229609300596, "rate": 0.8972173585756926}, "datetime": {"datetime": "2024-06-13 00:14:43", "elapsed": 28.288521, "delta": 0.105717}}
{"target": -128.82134638977217, "params": {"p_ai": 2.1084986499281, "p_al": 5.028741010800528, "p_ex": 1.0504317296309502, "prior": 3.889345153544549, "rate": 5.3803392136766695}, "datetime": {"datetime": "2024-06-13 00:14:44", "elapsed": 28.393181, "delta": 0.10466}}
{"target": -110.1564049779828, "params": {"p_ai": 3.3927026446661146, "p_al": 5.559446211054629, "p_ex": 5.368146451102699, "prior": 3.906714376870321, "rate": 6.963004560927929}, "datetime": {"datetime": "2024-06-13 00:14:44", "elapsed": 28.498869, "delta": 0.105688}}
{"target": -150.4007549447558, "params": {"p_ai": 6.785146057525243, "p_al": 6.8733441905945245, "p_ex": 5.615351096734943, "prior": 3.5814410602153455, "rate": 6.131510241334756}, "datetime": {"datetime": "2024-06-13 00:14:44", "elapsed": 28.604586, "delta": 0.105717}}
{"target": -174.88246353786676, "params": {"p_ai": 9.35742692981539, "p_al": 5.969288360934786, "p_ex": 9.795922153419893, "prior": 4.4106251974683035, "rate": 7.39638001311296}, "datetime": {"datetime": "2024-06-13 00:14:44", "elapsed": 28.710303, "delta": 0.105717}}
{"target": -256.29980388152416, "params": {"p_ai": 0.3770011826173517, "p_al": 7.647501663365861, "p_ex": 5.1832975216877974, "prior": 0.05416001307807128, "rate": 2.772723847721202}, "datetime": {"datetime": "2024-06-13 00:14:44", "elapsed": 28.816969, "delta": 0.106666}}
{"target": -165.1487658315814, "params": {"p_ai": 5.348787492965596, "p_al": 7.679860819934835, "p_ex": 0.5318728619297984, "prior": 5.490985385061347, "rate": 8.010144563427762}, "datetime": {"datetime": "2024-06-13 00:14:44", "elapsed": 28.922044, "delta": 0.105075}}
{"target": -189.14021436080762, "params": {"p_ai": 6.496180965729911, "p_al": 9.314538702914113, "p_ex": 0.7482397187025968, "prior": 2.7687878195432654, "rate": 9.192455805057469}, "datetime": {"datetime": "2024-06-13 00:14:44", "elapsed": 29.026893, "delta": 0.104849}}
{"target": -147.48964589938592, "params": {"p_ai": 7.650286477833132, "p_al": 5.9978037043765156, "p_ex": 8.329848470226867, "prior": 8.960538872258445, "rate": 9.727230808175396}, "datetime": {"datetime": "2024-06-13 00:14:44", "elapsed": 29.133487, "delta": 0.106594}}
{"target": -248.55688582296784, "params": {"p_ai": 9.98520655039097, "p_al": 1.3973536875073507, "p_ex": 0.7063499053922482, "prior": 0.7355930769468734, "rate": 0.14842316520856935}, "datetime": {"datetime": "2024-06-13 00:14:44", "elapsed": 29.238477, "delta": 0.10499}}
{"target": -170.5839698723518, "params": {"p_ai": 9.718228909706282, "p_al": 0.9485743976558341, "p_ex": 8.417526525032311, "prior": 6.852044796080089, "rate": 4.876084117661699}, "datetime": {"datetime": "2024-06-13 00:14:44", "elapsed": 29.344592, "delta": 0.106115}}
{"target": -121.63153246124189, "params": {"p_ai": 3.4676021187044235, "p_al": 3.5371242228829836, "p_ex": 2.539134984589525, "prior": 9.110268719012566, "rate": 7.256699812403196}, "datetime": {"datetime": "2024-06-13 00:14:45", "elapsed": 29.449216, "delta": 0.104624}}
{"target": -155.7080755330377, "params": {"p_ai": 0.2602320020499145, "p_al": 4.615751011217899, "p_ex": 2.813731424095577, "prior": 0.2906328955928069, "rate": 8.846934261198635}, "datetime": {"datetime": "2024-06-13 00:14:45", "elapsed": 29.554933, "delta": 0.105717}}
{"target": -150.22117392562703, "params": {"p_ai": 7.710282574188869, "p_al": 3.298021057363365, "p_ex": 7.965789316779574, "prior": 3.247058583707763, "rate": 3.0795165557326496}, "datetime": {"datetime": "2024-06-13 00:14:45", "elapsed": 29.661155, "delta": 0.106222}}
{"target": -180.82210353627428, "params": {"p_ai": 9.281162675928762, "p_al": 9.769184703296556, "p_ex": 5.236029491864212, "prior": 9.519399740511682, "rate": 8.88007694277072}, "datetime": {"datetime": "2024-06-13 00:14:45", "elapsed": 29.768464, "delta": 0.107309}}
{"target": -120.75720602761187, "params": {"p_ai": 5.180807583382493, "p_al": 3.728115272172759, "p_ex": 7.103835428617774, "prior": 4.5569786029958985, "rate": 6.052523738337006}, "datetime": {"datetime": "2024-06-13 00:14:45", "elapsed": 29.874299, "delta": 0.105835}}
{"target": -286.62329240712677, "params": {"p_ai": 9.904071562702576, "p_al": 7.739388583314729, "p_ex": 3.343429773533269, "prior": 0.8908932100029573, "rate": 1.8498709971938052}, "datetime": {"datetime": "2024-06-13 00:14:45", "elapsed": 29.981018, "delta": 0.106719}}
{"target": -121.29239077502888, "params": {"p_ai": 5.2689919070424525, "p_al": 4.1716070786504735, "p_ex": 8.006795921634268, "prior": 9.332090179528631, "rate": 1.779469614765534}, "datetime": {"datetime": "2024-06-13 00:14:45", "elapsed": 30.085907, "delta": 0.104889}}
{"target": -426.11392506657126, "params": {"p_ai": 8.600807641991286, "p_al": 9.57399186834036, "p_ex": 9.594746597890971, "prior": 0.37958801461658453, "rate": 0.576777472576129}, "datetime": {"datetime": "2024-06-13 00:14:45", "elapsed": 30.192648, "delta": 0.106741}}
{"target": -140.25136971995923, "params": {"p_ai": 0.05896813178397224, "p_al": 3.127498880398609, "p_ex": 0.5579284287083343, "prior": 2.939330992219971, "rate": 3.5608088438258343}, "datetime": {"datetime": "2024-06-13 00:14:45", "elapsed": 30.302894, "delta": 0.110246}}
{"target": -195.69267901686663, "params": {"p_ai": 9.536816507720744, "p_al": 4.770032273945294, "p_ex": 2.783106185770882, "prior": 5.030548945314497, "rate": 6.433935888566707}, "datetime": {"datetime": "2024-06-13 00:14:46", "elapsed": 30.419204, "delta": 0.11631}}
{"target": -106.84528738231785, "params": {"p_ai": 1.1133454800017826, "p_al": 7.580858519672953, "p_ex": 8.519605767101668, "prior": 8.442654345834713, "rate": 8.905177817288482}, "datetime": {"datetime": "2024-06-13 00:14:46", "elapsed": 30.529121, "delta": 0.109917}}
{"target": -139.60401222984376, "params": {"p_ai": 3.819042125160856, "p_al": 4.438608178466819, "p_ex": 1.0167131779857155, "prior": 2.25884341738992, "rate": 9.713233372262836}, "datetime": {"datetime": "2024-06-13 00:14:46", "elapsed": 30.634452, "delta": 0.105331}}
{"target": -113.53963399631976, "params": {"p_ai": 2.8469550657183857, "p_al": 9.074054026267731, "p_ex": 8.905632311496733, "prior": 9.225122468106674, "rate": 1.5623394948435068}, "datetime": {"datetime": "2024-06-13 00:14:46", "elapsed": 30.739307, "delta": 0.104855}}
{"target": -212.7549893478255, "params": {"p_ai": 8.797341712870308, "p_al": 6.320317509680909, "p_ex": 2.1070711560096056, "prior": 3.4518140318860318, "rate": 1.6000279671042428}, "datetime": {"datetime": "2024-06-13 00:14:46", "elapsed": 30.84504, "delta": 0.105733}}
{"target": -132.88962784326378, "params": {"p_ai": 4.444037226303826, "p_al": 0.8386657635007598, "p_ex": 1.654019586311918, "prior": 1.972766268320226, "rate": 6.910582388225486}, "datetime": {"datetime": "2024-06-13 00:14:46", "elapsed": 30.950265, "delta": 0.105225}}
{"target": -175.617616379364, "params": {"p_ai": 5.738454888784365, "p_al": 8.733358017233284, "p_ex": 2.447096023126362, "prior": 6.296449959232413, "rate": 0.3452782218056491}, "datetime": {"datetime": "2024-06-13 00:14:46", "elapsed": 31.055415, "delta": 0.10515}}
{"target": -205.4484823035602, "params": {"p_ai": 5.162468412309614, "p_al": 8.632401590656782, "p_ex": 9.841281312305282, "prior": 0.09971988061382621, "rate": 2.5291619792860742}, "datetime": {"datetime": "2024-06-13 00:14:46", "elapsed": 31.161161, "delta": 0.105746}}
{"target": -131.66846317602608, "params": {"p_ai": 2.239272853604926, "p_al": 0.4763284046833772, "p_ex": 0.10271439016149476, "prior": 4.902462927130074, "rate": 0.4557759745572704}, "datetime": {"datetime": "2024-06-13 00:14:46", "elapsed": 31.266849, "delta": 0.105688}}
{"target": -121.57484027871949, "params": {"p_ai": 2.784002980338173, "p_al": 6.400105716520015, "p_ex": 2.9476257235674814, "prior": 2.6972773568893555, "rate": 5.905874675913428}, "datetime": {"datetime": "2024-06-13 00:14:47", "elapsed": 31.372471, "delta": 0.105622}}
{"target": -118.71641940729015, "params": {"p_ai": 3.805960238019191, "p_al": 7.025527816580048, "p_ex": 4.961743388547362, "prior": 6.33245944879897, "rate": 3.5345900756692927}, "datetime": {"datetime": "2024-06-13 00:14:47", "elapsed": 31.479185, "delta": 0.106714}}
{"target": -98.42572698584185, "params": {"p_ai": 2.871152417608931, "p_al": 1.3329379303972684, "p_ex": 9.370866767604843, "prior": 8.04855362431193, "rate": 9.380347403020368}, "datetime": {"datetime": "2024-06-13 00:14:47", "elapsed": 31.585049, "delta": 0.105864}}
{"target": -109.6038556812876, "params": {"p_ai": 1.8546198659533752, "p_al": 9.331624472469432, "p_ex": 9.357596323713638, "prior": 2.8361615915229414, "rate": 2.7470678499902057}, "datetime": {"datetime": "2024-06-13 00:14:47", "elapsed": 31.690766, "delta": 0.105717}}
{"target": -134.15255534645684, "params": {"p_ai": 5.514764305160052, "p_al": 1.8537071044461548, "p_ex": 4.421569005157032, "prior": 1.8539911417309063, "rate": 9.473811803621638}, "datetime": {"datetime": "2024-06-13 00:14:47", "elapsed": 31.801737, "delta": 0.110971}}
{"target": -125.54049755258585, "params": {"p_ai": 4.938752750253366, "p_al": 9.639213756472554, "p_ex": 6.449771783449607, "prior": 4.843673414550824, "rate": 9.676984764366013}, "datetime": {"datetime": "2024-06-13 00:14:47", "elapsed": 31.907454, "delta": 0.105717}}
{"target": -125.8930226820555, "params": {"p_ai": 1.4327546273059197, "p_al": 6.3236664167903, "p_ex": 6.6192217900001395, "prior": 4.3389644317001075, "rate": 0.594512896164236}, "datetime": {"datetime": "2024-06-13 00:14:47", "elapsed": 32.013203, "delta": 0.105749}}
{"target": -121.04528057285368, "params": {"p_ai": 4.927733289059168, "p_al": 4.651874301237257, "p_ex": 8.06766136093786, "prior": 2.5673532385398095, "rate": 3.914912199479702}, "datetime": {"datetime": "2024-06-13 00:14:47", "elapsed": 32.118889, "delta": 0.105686}}
{"target": -115.67672137192723, "params": {"p_ai": 2.402481900006551, "p_al": 6.864747708308469, "p_ex": 9.898844649917818, "prior": 1.7751179391457508, "rate": 8.214645955522746}, "datetime": {"datetime": "2024-06-13 00:14:47", "elapsed": 32.223638, "delta": 0.104749}}
{"target": -121.22186612016654, "params": {"p_ai": 2.3106546042570515, "p_al": 0.5807001579142975, "p_ex": 1.3890263639386906, "prior": 9.351596002308344, "rate": 8.885532491458925}, "datetime": {"datetime": "2024-06-13 00:14:47", "elapsed": 32.331356, "delta": 0.107718}}
{"target": -104.62734997861006, "params": {"p_ai": 2.893315694333617, "p_al": 9.477692896949968, "p_ex": 8.499455421778958, "prior": 4.347113285922664, "rate": 4.681027499109862}, "datetime": {"datetime": "2024-06-13 00:14:48", "elapsed": 32.440068, "delta": 0.108712}}
{"target": -178.3271422654568, "params": {"p_ai": 6.2989003628126445, "p_al": 1.581160317803163, "p_ex": 0.14880608533418707, "prior": 2.655854662706386, "rate": 0.15542087579566607}, "datetime": {"datetime": "2024-06-13 00:14:48", "elapsed": 32.548338, "delta": 0.10827}}
{"target": -165.65762638301734, "params": {"p_ai": 6.745313942778413, "p_al": 5.515136889291953, "p_ex": 3.2171598078821737, "prior": 7.802243168860467, "rate": 1.4587085267165556}, "datetime": {"datetime": "2024-06-13 00:14:48", "elapsed": 32.656524, "delta": 0.108186}}
{"target": -122.71346635044372, "params": {"p_ai": 2.449561506980074, "p_al": 2.923845306630798, "p_ex": 1.9601235330434226, "prior": 0.8802988990222627, "rate": 8.699891826535803}, "datetime": {"datetime": "2024-06-13 00:14:48", "elapsed": 32.767049, "delta": 0.110525}}
{"target": -253.44719587032347, "params": {"p_ai": 0.8827982670695292, "p_al": 6.837419647880558, "p_ex": 1.204888367700376, "prior": 0.1079793324385974, "rate": 5.573125032519063}, "datetime": {"datetime": "2024-06-13 00:14:48", "elapsed": 32.874718, "delta": 0.107669}}
{"target": -266.0706956672705, "params": {"p_ai": 9.071183443148486, "p_al": 8.604706216701516, "p_ex": 3.3851753897983823, "prior": 0.27256113442929636, "rate": 8.008792691945201}, "datetime": {"datetime": "2024-06-13 00:14:48", "elapsed": 32.985031, "delta": 0.110313}}
{"target": -159.06873361736956, "params": {"p_ai": 8.06004333796437, "p_al": 8.685012674911418, "p_ex": 6.696796352155456, "prior": 8.077980844288449, "rate": 8.9750853247459}, "datetime": {"datetime": "2024-06-13 00:14:48", "elapsed": 33.09374, "delta": 0.108709}}
{"target": -119.95574290984715, "params": {"p_ai": 4.538845674949633, "p_al": 5.578695211845391, "p_ex": 5.06180515715352, "prior": 6.920147061337664, "rate": 6.829385769431119}, "datetime": {"datetime": "2024-06-13 00:14:48", "elapsed": 33.201453, "delta": 0.107713}}
{"target": -135.02177650279808, "params": {"p_ai": 5.203616044997302, "p_al": 8.284853012706627, "p_ex": 5.058288088511875, "prior": 8.248760765289934, "rate": 2.8191690363442863}, "datetime": {"datetime": "2024-06-13 00:14:48", "elapsed": 33.312298, "delta": 0.110845}}
{"target": -108.33457293388919, "params": {"p_ai": 1.7857698349419049, "p_al": 9.698735832876796, "p_ex": 7.419653315035313, "prior": 2.598657141350841, "rate": 5.8127721875694265}, "datetime": {"datetime": "2024-06-13 00:14:49", "elapsed": 33.420481, "delta": 0.108183}}
{"target": -209.10743541013568, "params": {"p_ai": 9.55266727312833, "p_al": 0.808458324212976, "p_ex": 0.8362585364103492, "prior": 6.191729179367653, "rate": 2.245710294880741}, "datetime": {"datetime": "2024-06-13 00:14:49", "elapsed": 33.530189, "delta": 0.109708}}
{"target": -217.45845025521032, "params": {"p_ai": 7.652074383378348, "p_al": 5.681957276948102, "p_ex": 6.66221471414473, "prior": 1.0790311940451294, "rate": 0.8437462313141314}, "datetime": {"datetime": "2024-06-13 00:14:49", "elapsed": 33.634908, "delta": 0.104719}}
{"target": -167.90141283994433, "params": {"p_ai": 6.251585561986592, "p_al": 4.097902880079071, "p_ex": 0.8734379861959459, "prior": 3.711268386216875, "rate": 6.72177195215883}, "datetime": {"datetime": "2024-06-13 00:14:49", "elapsed": 33.741266, "delta": 0.106358}}
{"target": -101.86517106009768, "params": {"p_ai": 1.8966844145156656, "p_al": 8.957395356178512, "p_ex": 9.498514042411992, "prior": 9.615763851802903, "rate": 7.301095494844863}, "datetime": {"datetime": "2024-06-13 00:14:49", "elapsed": 33.846552, "delta": 0.105286}}
{"target": -134.25410318274515, "params": {"p_ai": 4.063477988455463, "p_al": 7.437748214315846, "p_ex": 2.8805808058682407, "prior": 3.144857806685071, "rate": 6.059357715817362}, "datetime": {"datetime": "2024-06-13 00:14:49", "elapsed": 33.952269, "delta": 0.105717}}
{"target": -151.72056794771265, "params": {"p_ai": 5.948876486945769, "p_al": 8.786731102181795, "p_ex": 2.546752955850109, "prior": 7.662117463663015, "rate": 9.410191654922194}, "datetime": {"datetime": "2024-06-13 00:14:49", "elapsed": 34.057989, "delta": 0.10572}}
{"target": -151.98430468952247, "params": {"p_ai": 0.011328293644688577, "p_al": 4.761415090903047, "p_ex": 6.570746249918269, "prior": 8.433388815981305, "rate": 1.8382103793481412}, "datetime": {"datetime": "2024-06-13 00:14:49", "elapsed": 34.163709, "delta": 0.10572}}
{"target": -239.19212444850325, "params": {"p_ai": 8.56173622063573, "p_al": 3.6442904330904224, "p_ex": 8.922847018832448, "prior": 0.2780896894835276, "rate": 0.854816001092583}, "datetime": {"datetime": "2024-06-13 00:14:49", "elapsed": 34.269426, "delta": 0.105717}}
{"target": -203.08932878698567, "params": {"p_ai": 9.81412324707537, "p_al": 6.095409755809193, "p_ex": 4.176905835795019, "prior": 1.6929726327522117, "rate": 6.499361629743811}, "datetime": {"datetime": "2024-06-13 00:14:50", "elapsed": 34.374684, "delta": 0.105258}}
{"target": -123.58092998861548, "params": {"p_ai": 0.3707137085252189, "p_al": 3.116827520693586, "p_ex": 3.2354684906937643, "prior": 6.074811493252022, "rate": 6.508661735500295}, "datetime": {"datetime": "2024-06-13 00:14:50", "elapsed": 34.481252, "delta": 0.106568}}
