{"target": -2044.359003935426, "params": {"gamma": 8.001642974863078, "lr": 0.9113083542736461}, "datetime": {"datetime": "2024-06-14 01:34:39", "elapsed": 8.711109, "delta": 0.005985}}
{"target": -957.6330167068925, "params": {"gamma": 5.131976926404618, "lr": 0.42942202968065213}, "datetime": {"datetime": "2024-06-14 01:34:39", "elapsed": 8.716095, "delta": 0.004986}}
{"target": -245.73897791860932, "params": {"gamma": 0.9168564269132811, "lr": 0.27367730380496647}, "datetime": {"datetime": "2024-06-14 01:34:39", "elapsed": 8.721082, "delta": 0.004987}}
{"target": -2358.6645908690894, "params": {"gamma": 8.866591497643999, "lr": 0.2459443412735529}, "datetime": {"datetime": "2024-06-14 01:34:39", "elapsed": 8.726068, "delta": 0.004986}}
{"target": -1149.2046837232347, "params": {"gamma": 6.212272679321877, "lr": 0.49500739584280073}, "datetime": {"datetime": "2024-06-14 01:34:39", "elapsed": 8.731058, "delta": 0.00499}}
{"target": -271.5810746630239, "params": {"gamma": 0.9446309868062094, "lr": 0.8993685313928761}, "datetime": {"datetime": "2024-06-14 01:34:39", "elapsed": 8.736044, "delta": 0.004986}}
{"target": -201.6479398657259, "params": {"gamma": 0.6786405537486796, "lr": 0.680702325466581}, "datetime": {"datetime": "2024-06-14 01:34:39", "elapsed": 8.741032, "delta": 0.004988}}
{"target": -2146.769030499816, "params": {"gamma": 9.720009401703859, "lr": 0.709373790820744}, "datetime": {"datetime": "2024-06-14 01:34:39", "elapsed": 8.746018, "delta": 0.004986}}
{"target": -1572.687766765221, "params": {"gamma": 3.2597612958632975, "lr": 0.07344016636799866}, "datetime": {"datetime": "2024-06-14 01:34:39", "elapsed": 8.751005, "delta": 0.004987}}
{"target": -1287.7022872291564, "params": {"gamma": 5.797790733426387, "lr": 0.7335170182530933}, "datetime": {"datetime": "2024-06-14 01:34:39", "elapsed": 8.755992, "delta": 0.004987}}
{"target": -467.5895213481651, "params": {"gamma": 1.7569187206082415, "lr": 0.9997537973236718}, "datetime": {"datetime": "2024-06-14 01:35:17", "elapsed": 46.771529, "delta": 38.015537}}
{"target": -187.01981841459892, "params": {"gamma": 0.5377099991436616, "lr": 0.8480245360431088}, "datetime": {"datetime": "2024-06-14 01:35:47", "elapsed": 76.624417, "delta": 29.852888}}
{"target": -325.2601312118736, "params": {"gamma": 0.5924933855176809, "lr": 0.01018243214229364}, "datetime": {"datetime": "2024-06-14 01:36:03", "elapsed": 92.235192, "delta": 15.610775}}
{"target": -271.69656521933956, "params": {"gamma": 0.9254224820487047, "lr": 0.9872254773367676}, "datetime": {"datetime": "2024-06-14 01:36:41", "elapsed": 130.709075, "delta": 38.473883}}
{"target": -149.0266438203885, "params": {"gamma": 0.001, "lr": 0.0}, "datetime": {"datetime": "2024-06-14 01:36:57", "elapsed": 146.837432, "delta": 16.128357}}
{"target": -148.14787288371522, "params": {"gamma": 0.011592683091553226, "lr": 0.9114614297590502}, "datetime": {"datetime": "2024-06-14 01:37:21", "elapsed": 170.732942, "delta": 23.89551}}
{"target": -440.435908321291, "params": {"gamma": 1.6452100365756248, "lr": 0.9871000706096534}, "datetime": {"datetime": "2024-06-14 01:37:38", "elapsed": 187.171928, "delta": 16.438986}}
{"target": -183.78309894522786, "params": {"gamma": 0.6035947077067949, "lr": 0.6520322127134777}, "datetime": {"datetime": "2024-06-14 01:38:15", "elapsed": 224.839648, "delta": 37.66772}}
{"target": -1228.1790684949865, "params": {"gamma": 5.532459911594318, "lr": 0.7020481994531945}, "datetime": {"datetime": "2024-06-14 01:38:26", "elapsed": 234.981542, "delta": 10.141894}}
{"target": -304.73852324469726, "params": {"gamma": 1.4853000029868202, "lr": 0.4066836824442297}, "datetime": {"datetime": "2024-06-14 01:38:35", "elapsed": 244.769224, "delta": 9.787682}}
{"target": -145.61217279859656, "params": {"gamma": 0.05936622517852653, "lr": 0.9993214888081977}, "datetime": {"datetime": "2024-06-14 01:39:15", "elapsed": 284.249198, "delta": 39.479974}}
{"target": -214.67846526817667, "params": {"gamma": 0.7441327376236585, "lr": 0.7280594499971311}, "datetime": {"datetime": "2024-06-14 01:39:43", "elapsed": 312.420782, "delta": 28.171584}}
{"target": -179.3240867538666, "params": {"gamma": 0.5197282012876859, "lr": 0.7280106516606782}, "datetime": {"datetime": "2024-06-14 01:40:08", "elapsed": 337.021223, "delta": 24.600441}}
{"target": -203.6935386644571, "params": {"gamma": 0.7458727252049698, "lr": 0.6193986902273345}, "datetime": {"datetime": "2024-06-14 01:40:26", "elapsed": 355.309804, "delta": 18.288581}}
{"target": -145.15909805478213, "params": {"gamma": 0.07590201254568493, "lr": 0.9178135524718569}, "datetime": {"datetime": "2024-06-14 01:41:00", "elapsed": 389.23129, "delta": 33.921486}}
{"target": -662.3020835402492, "params": {"gamma": 3.508939326288651, "lr": 0.47208982898677165}, "datetime": {"datetime": "2024-06-14 01:41:42", "elapsed": 431.740168, "delta": 42.508878}}
{"target": -290.3986788447352, "params": {"gamma": 1.0090180649222638, "lr": 0.9878901436675217}, "datetime": {"datetime": "2024-06-14 01:42:21", "elapsed": 470.780463, "delta": 39.040295}}
{"target": -149.07648063254356, "params": {"gamma": 0.001, "lr": 0.1439265524584059}, "datetime": {"datetime": "2024-06-14 01:42:58", "elapsed": 507.154504, "delta": 36.374041}}
{"target": -529.4340314352876, "params": {"gamma": 2.195616609602122, "lr": 0.832826239704753}, "datetime": {"datetime": "2024-06-14 01:43:07", "elapsed": 516.334907, "delta": 9.180403}}
{"target": -505.79932433316253, "params": {"gamma": 2.62879004296692, "lr": 0.4797681666969731}, "datetime": {"datetime": "2024-06-14 01:43:29", "elapsed": 538.317625, "delta": 21.982718}}
{"target": -176.02074805684245, "params": {"gamma": 0.4671814055887829, "lr": 0.8508736273117463}, "datetime": {"datetime": "2024-06-14 01:43:55", "elapsed": 564.10605, "delta": 25.788425}}
{"target": -149.0266438203885, "params": {"gamma": 0.7698245988344802, "lr": 0.0}, "datetime": {"datetime": "2024-06-14 01:44:40", "elapsed": 609.642808, "delta": 45.536758}}
{"target": -196.8345429413457, "params": {"gamma": 0.5618159525677511, "lr": 0.9882519683216346}, "datetime": {"datetime": "2024-06-14 01:44:58", "elapsed": 627.429897, "delta": 17.787089}}
{"target": -860.9450044557211, "params": {"gamma": 4.614963540072418, "lr": 0.487979895010642}, "datetime": {"datetime": "2024-06-14 01:45:07", "elapsed": 636.486432, "delta": 9.056535}}
{"target": -372.3511521486876, "params": {"gamma": 1.709492287804332, "lr": 0.6302356645783321}, "datetime": {"datetime": "2024-06-14 01:45:44", "elapsed": 673.713009, "delta": 37.226577}}
