{"target": -259.3728363660934, "params": {"gamma": 5.5889624922088075, "prior": 2.626743526039231, "rate": 5.1791698014639245}, "datetime": {"datetime": "2024-06-14 04:07:39", "elapsed": 14.573296, "delta": 0.009973}}
{"target": -492.84449304153804, "params": {"gamma": 9.297580185091476, "prior": 1.9346601105112133, "rate": 7.342339864091912}, "datetime": {"datetime": "2024-06-14 04:07:39", "elapsed": 14.583269, "delta": 0.009973}}
{"target": -571.8439562457394, "params": {"gamma": 8.72195678460364, "prior": 6.72761646306554, "rate": 2.0377529908899317}, "datetime": {"datetime": "2024-06-14 04:07:39", "elapsed": 14.593242, "delta": 0.009973}}
{"target": -164.5486078961549, "params": {"gamma": 1.2925307977203897, "prior": 5.198826614589597, "rate": 1.3039515035572151}, "datetime": {"datetime": "2024-06-14 04:07:39", "elapsed": 14.603216, "delta": 0.009974}}
{"target": -453.45894716286506, "params": {"gamma": 8.257174308347446, "prior": 5.284080834265936, "rate": 2.9149454507613863}, "datetime": {"datetime": "2024-06-14 04:07:39", "elapsed": 14.613775, "delta": 0.010559}}
{"target": -268.6231848535206, "params": {"gamma": 5.681699207758667, "prior": 2.6803100664115536, "rate": 5.845117576613796}, "datetime": {"datetime": "2024-06-14 04:07:39", "elapsed": 14.623748, "delta": 0.009973}}
{"target": -151.47685772561582, "params": {"gamma": 2.32199215010331, "prior": 2.268615316993386, "rate": 5.185542309916678}, "datetime": {"datetime": "2024-06-14 04:07:39", "elapsed": 14.633721, "delta": 0.009973}}
{"target": -623.7540083973092, "params": {"gamma": 8.35432241661817, "prior": 6.483230627566245, "rate": 0.9428132212047013}, "datetime": {"datetime": "2024-06-14 04:07:39", "elapsed": 14.643694, "delta": 0.009973}}
{"target": -137.59252461855453, "params": {"gamma": 1.3415491851440944, "prior": 3.963975898564573, "rate": 3.1963273640149286}, "datetime": {"datetime": "2024-06-14 04:07:39", "elapsed": 14.653668, "delta": 0.009974}}
{"target": -744.103426812828, "params": {"gamma": 8.912314797811076, "prior": 8.92378573099424, "rate": 0.2992111861366949}, "datetime": {"datetime": "2024-06-14 04:07:39", "elapsed": 14.664304, "delta": 0.010636}}
{"target": -173.5755067979033, "params": {"gamma": 2.1060088559719117, "prior": 3.9446918559051225, "rate": 1.7645710751045083}, "datetime": {"datetime": "2024-06-14 04:07:39", "elapsed": 14.674278, "delta": 0.009974}}
{"target": -483.8790996404824, "params": {"gamma": 9.186944713043502, "prior": 1.9770256796040655, "rate": 7.3401256292133965}, "datetime": {"datetime": "2024-06-14 04:07:39", "elapsed": 14.684251, "delta": 0.009973}}
{"target": -394.0770915720815, "params": {"gamma": 9.569199419728829, "prior": 4.829408647933721, "rate": 8.142378714413438}, "datetime": {"datetime": "2024-06-14 04:07:39", "elapsed": 14.694224, "delta": 0.009973}}
{"target": -218.83594545977274, "params": {"gamma": 4.282765599393484, "prior": 8.153147623700525, "rate": 7.6172232645805815}, "datetime": {"datetime": "2024-06-14 04:07:39", "elapsed": 14.705195, "delta": 0.010971}}
{"target": -426.4334345880682, "params": {"gamma": 9.596076873702136, "prior": 3.432340065789796, "rate": 7.666177450236105}, "datetime": {"datetime": "2024-06-14 04:07:39", "elapsed": 14.715168, "delta": 0.009973}}
{"target": -396.40284845569573, "params": {"gamma": 9.216256420526488, "prior": 8.12663966088829, "rate": 8.143560581729513}, "datetime": {"datetime": "2024-06-14 04:07:39", "elapsed": 14.725142, "delta": 0.009974}}
{"target": -383.4746098163592, "params": {"gamma": 9.483034089579148, "prior": 2.9777607367995413, "rate": 4.402025448023279}, "datetime": {"datetime": "2024-06-14 04:07:39", "elapsed": 14.735115, "delta": 0.009973}}
{"target": -149.42446147144122, "params": {"gamma": 1.0614689514075122, "prior": 8.785093022870859, "rate": 3.4376495800562545}, "datetime": {"datetime": "2024-06-14 04:07:39", "elapsed": 14.745089, "delta": 0.009974}}
{"target": -373.8313181440226, "params": {"gamma": 9.052543557612724, "prior": 2.118189958793863, "rate": 3.49670854682447}, "datetime": {"datetime": "2024-06-14 04:07:39", "elapsed": 14.756059, "delta": 0.01097}}
{"target": -342.95106299168856, "params": {"gamma": 6.905103296395332, "prior": 9.234794588551267, "rate": 6.879772184061891}, "datetime": {"datetime": "2024-06-14 04:07:39", "elapsed": 14.765035, "delta": 0.008976}}
{"target": -233.34683952712382, "params": {"gamma": 3.4015950863695554, "prior": 0.49643025309015587, "rate": 3.3181754241303745}, "datetime": {"datetime": "2024-06-14 04:07:39", "elapsed": 14.775008, "delta": 0.009973}}
{"target": -224.48012626305555, "params": {"gamma": 4.762134435981242, "prior": 7.330961340576835, "rate": 8.936392304537144}, "datetime": {"datetime": "2024-06-14 04:07:39", "elapsed": 14.785979, "delta": 0.010971}}
{"target": -149.83925383384323, "params": {"gamma": 0.06408410135224346, "prior": 0.8596711762344525, "rate": 2.818623672892344}, "datetime": {"datetime": "2024-06-14 04:07:39", "elapsed": 14.795953, "delta": 0.009974}}
{"target": -271.4108285154651, "params": {"gamma": 5.356653678219738, "prior": 5.404277422789192, "rate": 4.25320952977812}, "datetime": {"datetime": "2024-06-14 04:07:39", "elapsed": 14.805926, "delta": 0.009973}}
{"target": -635.50963825332, "params": {"gamma": 8.836490541785956, "prior": 7.300785245839415, "rate": 1.360477671934808}, "datetime": {"datetime": "2024-06-14 04:07:39", "elapsed": 14.815899, "delta": 0.009973}}
{"target": -164.86140642599358, "params": {"gamma": 2.3521283159904485, "prior": 5.10252796959535, "rate": 3.625823024683793}, "datetime": {"datetime": "2024-06-14 04:07:39", "elapsed": 14.825872, "delta": 0.009973}}
{"target": -364.1843512793748, "params": {"gamma": 8.086391818387844, "prior": 4.251421809439748, "rate": 9.41168440870445}, "datetime": {"datetime": "2024-06-14 04:07:39", "elapsed": 14.835846, "delta": 0.009974}}
{"target": -136.4739665179458, "params": {"gamma": 1.8253827869110664, "prior": 4.879596033761096, "rate": 8.942579468503189}, "datetime": {"datetime": "2024-06-14 04:07:39", "elapsed": 14.846816, "delta": 0.01097}}
{"target": -136.8514075934192, "params": {"gamma": 0.6582946776379386, "prior": 2.8643934665653927, "rate": 2.0285264812184285}, "datetime": {"datetime": "2024-06-14 04:07:39", "elapsed": 14.85679, "delta": 0.009974}}
{"target": -414.74529340628277, "params": {"gamma": 9.848142780102968, "prior": 4.737692189034398, "rate": 8.881823309179376}, "datetime": {"datetime": "2024-06-14 04:07:39", "elapsed": 14.866763, "delta": 0.009973}}
{"target": -426.16373246259997, "params": {"gamma": 8.539400167342631, "prior": 1.1292889740891987, "rate": 3.500085683547541}, "datetime": {"datetime": "2024-06-14 04:07:39", "elapsed": 14.876736, "delta": 0.009973}}
{"target": -234.19948555078008, "params": {"gamma": 4.967458463909608, "prior": 8.801060937259923, "rate": 9.818558826019503}, "datetime": {"datetime": "2024-06-14 04:07:39", "elapsed": 14.88671, "delta": 0.009974}}
{"target": -182.47338268884712, "params": {"gamma": 3.370152344242372, "prior": 7.8412910908400715, "rate": 8.587314644739731}, "datetime": {"datetime": "2024-06-14 04:07:39", "elapsed": 14.896683, "delta": 0.009973}}
{"target": -175.42602693020672, "params": {"gamma": 2.8132116645345953, "prior": 2.0693816102392013, "rate": 6.46649017792085}, "datetime": {"datetime": "2024-06-14 04:07:39", "elapsed": 14.907654, "delta": 0.010971}}
{"target": -326.818475805227, "params": {"gamma": 5.641829191069348, "prior": 1.630298027663653, "rate": 7.421983140023526}, "datetime": {"datetime": "2024-06-14 04:07:39", "elapsed": 14.917627, "delta": 0.009973}}
{"target": -363.01767699670575, "params": {"gamma": 3.6015667876147712, "prior": 6.08627280178168, "rate": 0.06592323285271869}, "datetime": {"datetime": "2024-06-14 04:07:39", "elapsed": 14.927601, "delta": 0.009974}}
{"target": -350.649118589637, "params": {"gamma": 5.905563148843087, "prior": 7.360917509441076, "rate": 3.457397702569941}, "datetime": {"datetime": "2024-06-14 04:07:39", "elapsed": 14.937574, "delta": 0.009973}}
{"target": -337.72968349593754, "params": {"gamma": 7.593538905555558, "prior": 4.327004199431187, "rate": 4.2325773823623205}, "datetime": {"datetime": "2024-06-14 04:07:39", "elapsed": 14.947547, "delta": 0.009973}}
{"target": -168.72467405790488, "params": {"gamma": 2.994227023324736, "prior": 7.436483296398663, "rate": 9.17093155390691}, "datetime": {"datetime": "2024-06-14 04:07:39", "elapsed": 14.95752, "delta": 0.009973}}
{"target": -232.6337313137567, "params": {"gamma": 4.431569286643207, "prior": 9.87114802409179, "rate": 7.995077879366126}, "datetime": {"datetime": "2024-06-14 04:07:39", "elapsed": 14.968518, "delta": 0.010998}}
{"target": -170.73677086982678, "params": {"gamma": 3.1130412574876014, "prior": 2.407742452022888, "rate": 3.5900011043724316}, "datetime": {"datetime": "2024-06-14 04:07:39", "elapsed": 14.978465, "delta": 0.009947}}
{"target": -199.53789752310843, "params": {"gamma": 4.047288190987675, "prior": 5.009393075339859, "rate": 7.015635889608674}, "datetime": {"datetime": "2024-06-14 04:07:39", "elapsed": 14.988438, "delta": 0.009973}}
{"target": -524.0983372276161, "params": {"gamma": 8.410142349236114, "prior": 0.6848328152847544, "rate": 4.531267048059634}, "datetime": {"datetime": "2024-06-14 04:07:39", "elapsed": 14.998411, "delta": 0.009973}}
{"target": -207.34628714518968, "params": {"gamma": 4.276131343403098, "prior": 4.29792090355555, "rate": 5.637207208839824}, "datetime": {"datetime": "2024-06-14 04:07:39", "elapsed": 15.008384, "delta": 0.009973}}
{"target": -451.53903290557724, "params": {"gamma": 9.3980782998847, "prior": 3.3701820193455276, "rate": 9.489732453291571}, "datetime": {"datetime": "2024-06-14 04:07:39", "elapsed": 15.018358, "delta": 0.009974}}
{"target": -153.23297940753542, "params": {"gamma": 2.4595966948386168, "prior": 5.529209774430184, "rate": 7.134294959360631}, "datetime": {"datetime": "2024-06-14 04:07:39", "elapsed": 15.029329, "delta": 0.010971}}
{"target": -362.04216119481276, "params": {"gamma": 8.806336338229208, "prior": 7.838817028821818, "rate": 9.657646828616505}, "datetime": {"datetime": "2024-06-14 04:07:39", "elapsed": 15.039302, "delta": 0.009973}}
{"target": -285.82962873886754, "params": {"gamma": 5.511879884156932, "prior": 9.063720741650819, "rate": 6.547188885206358}, "datetime": {"datetime": "2024-06-14 04:07:39", "elapsed": 15.049275, "delta": 0.009973}}
{"target": -167.61935060847063, "params": {"gamma": 1.6909319518823145, "prior": 0.4035410799066549, "rate": 7.608044237084763}, "datetime": {"datetime": "2024-06-14 04:07:39", "elapsed": 15.059248, "delta": 0.009973}}
{"target": -430.4823112982997, "params": {"gamma": 6.776523100769331, "prior": 2.9543033032339645, "rate": 1.061060113331068}, "datetime": {"datetime": "2024-06-14 04:07:39", "elapsed": 15.069222, "delta": 0.009974}}
{"target": -342.9364513345659, "params": {"gamma": 6.894912753981151, "prior": 7.519579902429176, "rate": 5.583261815945312}, "datetime": {"datetime": "2024-06-14 04:07:39", "elapsed": 15.079195, "delta": 0.009973}}
{"target": -303.5836782311056, "params": {"gamma": 6.6527083965787845, "prior": 4.10020372138982, "rate": 8.661009108350234}, "datetime": {"datetime": "2024-06-14 04:07:39", "elapsed": 15.089168, "delta": 0.009973}}
{"target": -266.0156532737434, "params": {"gamma": 5.3244804162311095, "prior": 8.95890809663211, "rate": 7.397355841077811}, "datetime": {"datetime": "2024-06-14 04:07:39", "elapsed": 15.099142, "delta": 0.009974}}
{"target": -239.78137091221774, "params": {"gamma": 5.229495878098283, "prior": 7.224605596526511, "rate": 8.867573377717738}, "datetime": {"datetime": "2024-06-14 04:07:39", "elapsed": 15.110113, "delta": 0.010971}}
{"target": -139.6152950386879, "params": {"gamma": 1.9459183399439965, "prior": 4.355070012521711, "rate": 8.593650736304962}, "datetime": {"datetime": "2024-06-14 04:07:39", "elapsed": 15.120086, "delta": 0.009973}}
{"target": -133.57932055430078, "params": {"gamma": 0.30593315470351806, "prior": 1.417513603339808, "rate": 4.0540634531511355}, "datetime": {"datetime": "2024-06-14 04:07:39", "elapsed": 15.130059, "delta": 0.009973}}
{"target": -127.20965902231237, "params": {"gamma": 1.1244776218587826, "prior": 7.288904924237335, "rate": 9.74812518591709}, "datetime": {"datetime": "2024-06-14 04:07:39", "elapsed": 15.139859, "delta": 0.0098}}
{"target": -383.97025241943754, "params": {"gamma": 4.891176585226112, "prior": 9.606648176679078, "rate": 1.3585554114606393}, "datetime": {"datetime": "2024-06-14 04:07:39", "elapsed": 15.149832, "delta": 0.009973}}
{"target": -297.56203313710785, "params": {"gamma": 7.004733804599716, "prior": 5.8702973117927115, "rate": 7.917543891275795}, "datetime": {"datetime": "2024-06-14 04:07:39", "elapsed": 15.160803, "delta": 0.010971}}
{"target": -327.1362612497861, "params": {"gamma": 5.377468422835572, "prior": 9.80093869090961, "rate": 4.397088163352406}, "datetime": {"datetime": "2024-06-14 04:07:39", "elapsed": 15.170777, "delta": 0.009974}}
{"target": -552.8282326684557, "params": {"gamma": 9.502773262661462, "prior": 9.190957370002844, "rate": 4.2392728592820275}, "datetime": {"datetime": "2024-06-14 04:07:39", "elapsed": 15.18075, "delta": 0.009973}}
{"target": -312.2625635318528, "params": {"gamma": 4.105808538326242, "prior": 0.2974759465557887, "rate": 4.485492635920682}, "datetime": {"datetime": "2024-06-14 04:07:39", "elapsed": 15.191433, "delta": 0.010683}}
{"target": -150.37771323124775, "params": {"gamma": 1.9949007104567833, "prior": 3.4256637772910272, "rate": 2.8258754102309727}, "datetime": {"datetime": "2024-06-14 04:07:39", "elapsed": 15.201406, "delta": 0.009973}}
{"target": -287.3348312082871, "params": {"gamma": 6.702309477116513, "prior": 4.457718385964588, "rate": 6.002889962165791}, "datetime": {"datetime": "2024-06-14 04:07:40", "elapsed": 15.21138, "delta": 0.009974}}
{"target": -421.25685718931436, "params": {"gamma": 8.435340806411245, "prior": 8.344442848168343, "rate": 5.855987869562886}, "datetime": {"datetime": "2024-06-14 04:07:40", "elapsed": 15.222351, "delta": 0.010971}}
{"target": -340.16042729051634, "params": {"gamma": 4.405923932616606, "prior": 4.064061545938616, "rate": 0.7122002336399037}, "datetime": {"datetime": "2024-06-14 04:07:40", "elapsed": 15.232324, "delta": 0.009973}}
{"target": -282.13811624476756, "params": {"gamma": 4.674352425274426, "prior": 4.090123873148685, "rate": 2.0161053969500373}, "datetime": {"datetime": "2024-06-14 04:07:40", "elapsed": 15.242297, "delta": 0.009973}}
{"target": -332.2527804308112, "params": {"gamma": 8.027446895117734, "prior": 7.011664981432901, "rate": 9.754105729983317}, "datetime": {"datetime": "2024-06-14 04:07:40", "elapsed": 15.252271, "delta": 0.009974}}
{"target": -195.027551348098, "params": {"gamma": 3.8557726961887338, "prior": 4.227583085286738, "rate": 5.197829460123607}, "datetime": {"datetime": "2024-06-14 04:07:40", "elapsed": 15.262244, "delta": 0.009973}}
{"target": -183.86668026585733, "params": {"gamma": 3.5335312774873016, "prior": 5.497942769513592, "rate": 8.897635664817782}, "datetime": {"datetime": "2024-06-14 04:07:40", "elapsed": 15.272217, "delta": 0.009973}}
{"target": -390.66784607666995, "params": {"gamma": 7.305463347346481, "prior": 2.144468303025567, "rate": 8.001728642806308}, "datetime": {"datetime": "2024-06-14 04:07:40", "elapsed": 15.28219, "delta": 0.009973}}
{"target": -487.96112247020756, "params": {"gamma": 7.953285322327399, "prior": 8.011000507978151, "rate": 3.168709736973412}, "datetime": {"datetime": "2024-06-14 04:07:40", "elapsed": 15.292164, "delta": 0.009974}}
{"target": -451.45225838929616, "params": {"gamma": 6.129902255734795, "prior": 6.557680721273064, "rate": 1.203129814105274}, "datetime": {"datetime": "2024-06-14 04:07:40", "elapsed": 15.302137, "delta": 0.009973}}
{"target": -387.76556637964933, "params": {"gamma": 9.1868342285534, "prior": 3.7445441578197576, "rate": 6.884078859625151}, "datetime": {"datetime": "2024-06-14 04:07:40", "elapsed": 15.313108, "delta": 0.010971}}
{"target": -375.4802513106941, "params": {"gamma": 9.283455455258283, "prior": 6.781234415399158, "rate": 9.38483564986149}, "datetime": {"datetime": "2024-06-14 04:07:40", "elapsed": 15.323082, "delta": 0.009974}}
{"target": -384.90450688429877, "params": {"gamma": 6.991377462572233, "prior": 1.7914931567760517, "rate": 7.289326185240949}, "datetime": {"datetime": "2024-06-14 04:07:40", "elapsed": 15.333054, "delta": 0.009972}}
{"target": -212.27371782370545, "params": {"gamma": 4.05779575275768, "prior": 3.2538756044600095, "rate": 7.806682064739028}, "datetime": {"datetime": "2024-06-14 04:07:40", "elapsed": 15.343028, "delta": 0.009974}}
{"target": -558.2099440371403, "params": {"gamma": 7.905100864498175, "prior": 9.495216479998318, "rate": 2.032649766796406}, "datetime": {"datetime": "2024-06-14 04:07:40", "elapsed": 15.353001, "delta": 0.009973}}
{"target": -285.4615610099876, "params": {"gamma": 5.32711064694857, "prior": 7.744012340448712, "rate": 5.163972338729523}, "datetime": {"datetime": "2024-06-14 04:07:40", "elapsed": 15.362976, "delta": 0.009975}}
{"target": -155.99074696848274, "params": {"gamma": 2.2886357530249133, "prior": 9.95337388401892, "rate": 8.893309115794231}, "datetime": {"datetime": "2024-06-14 04:07:40", "elapsed": 15.373945, "delta": 0.010969}}
{"target": -256.7301355291528, "params": {"gamma": 5.77185622802849, "prior": 5.426673287750362, "rate": 8.39992120466477}, "datetime": {"datetime": "2024-06-14 04:07:40", "elapsed": 15.383919, "delta": 0.009974}}
{"target": -508.6895445275474, "params": {"gamma": 9.146425179600218, "prior": 8.213895021249606, "rate": 4.3286649457508}, "datetime": {"datetime": "2024-06-14 04:07:40", "elapsed": 15.393892, "delta": 0.009973}}
{"target": -388.47599043614264, "params": {"gamma": 8.556375691660442, "prior": 2.333492784740386, "rate": 5.405620154121501}, "datetime": {"datetime": "2024-06-14 04:07:40", "elapsed": 15.403865, "delta": 0.009973}}
{"target": -174.97314775874227, "params": {"gamma": 3.1521877359098176, "prior": 1.2843815076826866, "rate": 1.455974015579314}, "datetime": {"datetime": "2024-06-14 04:07:40", "elapsed": 15.41384, "delta": 0.009975}}
{"target": -469.78101627004156, "params": {"gamma": 9.366111572060866, "prior": 2.0304250356307176, "rate": 6.499451382283563}, "datetime": {"datetime": "2024-06-14 04:07:40", "elapsed": 15.423812, "delta": 0.009972}}
{"target": -208.03530791155455, "params": {"gamma": 2.391972458242885, "prior": 5.302148770050018, "rate": 1.307211406941315}, "datetime": {"datetime": "2024-06-14 04:07:40", "elapsed": 15.434783, "delta": 0.010971}}
{"target": -165.0302238039122, "params": {"gamma": 2.89611392001835, "prior": 4.065192847476347, "rate": 7.067081063453817}, "datetime": {"datetime": "2024-06-14 04:07:40", "elapsed": 15.445267, "delta": 0.010484}}
{"target": -372.0455838211961, "params": {"gamma": 9.0107982835773, "prior": 4.342913606645138, "rate": 7.138505863828612}, "datetime": {"datetime": "2024-06-14 04:07:40", "elapsed": 15.456235, "delta": 0.010968}}
{"target": -132.6370025065335, "params": {"gamma": 1.391725519034242, "prior": 1.0956932372792056, "rate": 4.481647794143768}, "datetime": {"datetime": "2024-06-14 04:07:40", "elapsed": 15.467205, "delta": 0.01097}}
{"target": -393.44493852333284, "params": {"gamma": 7.605301828565939, "prior": 2.392991312329407, "rate": 8.09151910411932}, "datetime": {"datetime": "2024-06-14 04:07:40", "elapsed": 15.478178, "delta": 0.010973}}
{"target": -182.02043097680274, "params": {"gamma": 2.5248249478764953, "prior": 0.9296321465117505, "rate": 5.130493139683857}, "datetime": {"datetime": "2024-06-14 04:07:40", "elapsed": 15.490143, "delta": 0.011965}}
{"target": -155.25148282860465, "params": {"gamma": 0.010777103781384231, "prior": 7.110319091630252, "rate": 7.390853426863938}, "datetime": {"datetime": "2024-06-14 04:07:40", "elapsed": 15.501114, "delta": 0.010971}}
{"target": -470.8857485740754, "params": {"gamma": 9.73322264344219, "prior": 6.6653296080007065, "rate": 4.942673042576449}, "datetime": {"datetime": "2024-06-14 04:07:40", "elapsed": 15.512414, "delta": 0.0113}}
{"target": -152.35479686769003, "params": {"gamma": 0.7371595478477164, "prior": 5.389520768514386, "rate": 1.4191621099841882}, "datetime": {"datetime": "2024-06-14 04:07:40", "elapsed": 15.522894, "delta": 0.01048}}
{"target": -502.61401246268747, "params": {"gamma": 8.024085235114102, "prior": 5.803873620313776, "rate": 2.1299294622685796}, "datetime": {"datetime": "2024-06-14 04:07:40", "elapsed": 15.532868, "delta": 0.009974}}
{"target": -314.2456986498318, "params": {"gamma": 7.070844731569463, "prior": 3.3967839214683155, "rate": 6.691313025057773}, "datetime": {"datetime": "2024-06-14 04:07:40", "elapsed": 15.543237, "delta": 0.010369}}
{"target": -460.71687712832744, "params": {"gamma": 7.795731330379866, "prior": 0.9571035750915102, "rate": 5.107053969244893}, "datetime": {"datetime": "2024-06-14 04:07:40", "elapsed": 15.554208, "delta": 0.010971}}
{"target": -144.6223424936226, "params": {"gamma": 1.0376399462769927, "prior": 6.5296689069268, "rate": 3.155663327191296}, "datetime": {"datetime": "2024-06-14 04:07:40", "elapsed": 15.564181, "delta": 0.009973}}
{"target": -472.30114595205697, "params": {"gamma": 6.435368403054906, "prior": 0.5806824424773391, "rate": 8.67009697380327}, "datetime": {"datetime": "2024-06-14 04:07:40", "elapsed": 15.575152, "delta": 0.010971}}
{"target": -332.2900877913499, "params": {"gamma": 4.78211439086565, "prior": 7.956176567412768, "rate": 2.267143144700332}, "datetime": {"datetime": "2024-06-14 04:07:40", "elapsed": 15.585125, "delta": 0.009973}}
{"target": -181.43104019564058, "params": {"gamma": 3.3504024487870745, "prior": 7.661371739793161, "rate": 8.534375742625368}, "datetime": {"datetime": "2024-06-14 04:07:40", "elapsed": 15.595098, "delta": 0.009973}}
