{"target": -136.9720060311099, "params": {"gamma": 1.6165788245210426, "prior": 6.524924004221608, "rate": 7.53350473313803}, "datetime": {"datetime": "2024-06-14 05:06:44", "elapsed": 6.288276, "delta": 0.008976}}
{"target": -158.66896760427213, "params": {"gamma": 2.8026461610955637, "prior": 4.5684824262007755, "rate": 9.004588674948266}, "datetime": {"datetime": "2024-06-14 05:06:44", "elapsed": 6.297252, "delta": 0.008976}}
{"target": -446.03854976418216, "params": {"gamma": 8.719984326277993, "prior": 7.1011573368634044, "rate": 5.909415094304578}, "datetime": {"datetime": "2024-06-14 05:06:44", "elapsed": 6.306228, "delta": 0.008976}}
{"target": -631.884820184163, "params": {"gamma": 8.174005321700859, "prior": 9.085681996388406, "rate": 0.026073089119563617}, "datetime": {"datetime": "2024-06-14 05:06:44", "elapsed": 6.315204, "delta": 0.008976}}
{"target": -206.93983846410006, "params": {"gamma": 3.972880434571384, "prior": 5.657955868812967, "rate": 7.339497439712482}, "datetime": {"datetime": "2024-06-14 05:06:44", "elapsed": 6.32418, "delta": 0.008976}}
{"target": -132.73617876454998, "params": {"gamma": 0.8756401490882502, "prior": 4.057574378040559, "rate": 2.796932173319039}, "datetime": {"datetime": "2024-06-14 05:06:44", "elapsed": 6.334153, "delta": 0.009973}}
{"target": -216.09575543589773, "params": {"gamma": 4.235677020998725, "prior": 5.029988463465554, "rate": 6.600492220036985}, "datetime": {"datetime": "2024-06-14 05:06:44", "elapsed": 6.343129, "delta": 0.008976}}
{"target": -261.88161334709554, "params": {"gamma": 4.962865153563822, "prior": 6.242635185991386, "rate": 5.824816179030337}, "datetime": {"datetime": "2024-06-14 05:06:44", "elapsed": 6.352106, "delta": 0.008977}}
{"target": -205.0301247200698, "params": {"gamma": 4.2838956479905255, "prior": 0.1492660106415274, "rate": 1.9459696221821587}, "datetime": {"datetime": "2024-06-14 05:06:44", "elapsed": 6.361082, "delta": 0.008976}}
{"target": -162.7720047862192, "params": {"gamma": 3.2027463362086017, "prior": 1.55508344596382, "rate": 5.987040152182751}, "datetime": {"datetime": "2024-06-14 05:06:44", "elapsed": 6.370057, "delta": 0.008975}}
{"target": -340.970216881895, "params": {"gamma": 6.115383267119364, "prior": 5.050923270009602, "rate": 3.2091681671070447}, "datetime": {"datetime": "2024-06-14 05:06:44", "elapsed": 6.380032, "delta": 0.009975}}
{"target": -490.50812842452166, "params": {"gamma": 6.53292726219252, "prior": 1.983806478522533, "rate": 0.05980393346483768}, "datetime": {"datetime": "2024-06-14 05:06:44", "elapsed": 6.389007, "delta": 0.008975}}
{"target": -324.9131656023422, "params": {"gamma": 7.3496852448209316, "prior": 4.490688034848957, "rate": 6.978718718842435}, "datetime": {"datetime": "2024-06-14 05:06:44", "elapsed": 6.39898, "delta": 0.009973}}
{"target": -130.32347034587033, "params": {"gamma": 1.851248453020123, "prior": 0.7199360396407632, "rate": 3.78170775924343}, "datetime": {"datetime": "2024-06-14 05:06:44", "elapsed": 6.407956, "delta": 0.008976}}
{"target": -301.5710237719403, "params": {"gamma": 6.960269107944495, "prior": 1.1179018377977268, "rate": 1.959146502516249}, "datetime": {"datetime": "2024-06-14 05:06:44", "elapsed": 6.416932, "delta": 0.008976}}
{"target": -231.4954470466863, "params": {"gamma": 4.540072551414793, "prior": 6.249376977967096, "rate": 7.501492356441782}, "datetime": {"datetime": "2024-06-14 05:06:44", "elapsed": 6.425908, "delta": 0.008976}}
{"target": -136.75439661082237, "params": {"gamma": 1.0982404778352803, "prior": 6.283773710840847, "rate": 3.8742178609226636}, "datetime": {"datetime": "2024-06-14 05:06:44", "elapsed": 6.434884, "delta": 0.008976}}
{"target": -273.9889809554322, "params": {"gamma": 6.701233597109323, "prior": 2.115247738852826, "rate": 5.2796600565097815}, "datetime": {"datetime": "2024-06-14 05:06:44", "elapsed": 6.44386, "delta": 0.008976}}
{"target": -130.8690203807599, "params": {"gamma": 1.722453387004371, "prior": 0.2849419593641159, "rate": 4.870015513993148}, "datetime": {"datetime": "2024-06-14 05:06:44", "elapsed": 6.452836, "delta": 0.008976}}
{"target": -147.80698712216048, "params": {"gamma": 1.8425935878323698, "prior": 6.4195989670335365, "rate": 5.366211618584989}, "datetime": {"datetime": "2024-06-14 05:06:44", "elapsed": 6.462318, "delta": 0.009482}}
{"target": -308.98077245057954, "params": {"gamma": 7.74967885459746, "prior": 3.990303036078612, "rate": 9.894531856231692}, "datetime": {"datetime": "2024-06-14 05:06:44", "elapsed": 6.471296, "delta": 0.008978}}
{"target": -242.34703756708683, "params": {"gamma": 5.152631746924576, "prior": 4.84035167173617, "rate": 7.494675265050945}, "datetime": {"datetime": "2024-06-14 05:06:44", "elapsed": 6.480273, "delta": 0.008977}}
{"target": -272.6134848805277, "params": {"gamma": 5.727310244630862, "prior": 3.6884066412702516, "rate": 4.892958609815962}, "datetime": {"datetime": "2024-06-14 05:06:44", "elapsed": 6.489251, "delta": 0.008978}}
{"target": -197.40387717748632, "params": {"gamma": 1.8921946110135588, "prior": 3.9964758015389337, "rate": 0.30058756348796134}, "datetime": {"datetime": "2024-06-14 05:06:44", "elapsed": 6.498229, "delta": 0.008978}}
{"target": -216.23250570162963, "params": {"gamma": 4.625828074361687, "prior": 2.8172937167553513, "rate": 5.267631887725799}, "datetime": {"datetime": "2024-06-14 05:06:44", "elapsed": 6.508204, "delta": 0.009975}}
{"target": -136.88201200363577, "params": {"gamma": 0.2936919419097222, "prior": 5.595358988569528, "rate": 2.9306858383999437}, "datetime": {"datetime": "2024-06-14 05:06:44", "elapsed": 6.51718, "delta": 0.008976}}
{"target": -327.8002279129341, "params": {"gamma": 5.775329319454461, "prior": 7.35442154728753, "rate": 4.403937930137581}, "datetime": {"datetime": "2024-06-14 05:06:44", "elapsed": 6.526158, "delta": 0.008978}}
{"target": -261.96232655008504, "params": {"gamma": 6.6319050719967745, "prior": 2.4652085532150996, "rate": 9.985992286776213}, "datetime": {"datetime": "2024-06-14 05:06:44", "elapsed": 6.535142, "delta": 0.008984}}
{"target": -198.90799358749484, "params": {"gamma": 2.4295423376760557, "prior": 9.414201302377094, "rate": 2.1729802841597885}, "datetime": {"datetime": "2024-06-14 05:06:44", "elapsed": 6.545073, "delta": 0.009931}}
{"target": -266.379093722068, "params": {"gamma": 4.97614628166607, "prior": 8.229651952438084, "rate": 7.166163879900548}, "datetime": {"datetime": "2024-06-14 05:06:44", "elapsed": 6.55404, "delta": 0.008967}}
{"target": -307.52112870473513, "params": {"gamma": 7.05609854079457, "prior": 4.460361543759608, "rate": 7.541996079526139}, "datetime": {"datetime": "2024-06-14 05:06:44", "elapsed": 6.563017, "delta": 0.008977}}
{"target": -427.9599745641499, "params": {"gamma": 9.199615816571573, "prior": 4.469382278626795, "rate": 5.2801268760628535}, "datetime": {"datetime": "2024-06-14 05:06:44", "elapsed": 6.572253, "delta": 0.009236}}
{"target": -126.80166629858425, "params": {"gamma": 0.6612898045823568, "prior": 3.968653429339858, "rate": 4.672918424766126}, "datetime": {"datetime": "2024-06-14 05:06:44", "elapsed": 6.581629, "delta": 0.009376}}
{"target": -339.3300816951576, "params": {"gamma": 8.951481970324929, "prior": 1.1945186585288683, "rate": 7.311644894386467}, "datetime": {"datetime": "2024-06-14 05:06:44", "elapsed": 6.590231, "delta": 0.008602}}
{"target": -410.88705100057956, "params": {"gamma": 5.455166214318647, "prior": 6.10470076211378, "rate": 0.2987996583514733}, "datetime": {"datetime": "2024-06-14 05:06:44", "elapsed": 6.600205, "delta": 0.009974}}
{"target": -194.17582235519532, "params": {"gamma": 1.4683270502280348, "prior": 2.911433932115233, "rate": 0.04971560748810713}, "datetime": {"datetime": "2024-06-14 05:06:44", "elapsed": 6.609181, "delta": 0.008976}}
{"target": -371.2297404735651, "params": {"gamma": 6.6919088201735715, "prior": 8.715553694333723, "rate": 5.470136124403138}, "datetime": {"datetime": "2024-06-14 05:06:44", "elapsed": 6.618157, "delta": 0.008976}}
{"target": -322.7823084727467, "params": {"gamma": 5.432097311144519, "prior": 6.195686693269069, "rate": 3.022512822657626}, "datetime": {"datetime": "2024-06-14 05:06:44", "elapsed": 6.627162, "delta": 0.009005}}
{"target": -193.58992922375077, "params": {"gamma": 3.6679530846277557, "prior": 5.7919033000498885, "rate": 8.092356620589728}, "datetime": {"datetime": "2024-06-14 05:06:44", "elapsed": 6.636109, "delta": 0.008947}}
{"target": -137.43685490071314, "params": {"gamma": 2.016764747447303, "prior": 3.3424881528980626, "rate": 7.429469582646582}, "datetime": {"datetime": "2024-06-14 05:06:45", "elapsed": 6.645086, "delta": 0.008977}}
{"target": -170.78234858907612, "params": {"gamma": 3.4098615710742886, "prior": 0.5713481941948949, "rate": 1.5644129298338398}, "datetime": {"datetime": "2024-06-14 05:06:45", "elapsed": 6.654061, "delta": 0.008975}}
{"target": -142.9163308655753, "params": {"gamma": 1.9394547317358086, "prior": 5.001612389355664, "rate": 6.351614485952291}, "datetime": {"datetime": "2024-06-14 05:06:45", "elapsed": 6.663036, "delta": 0.008975}}
{"target": -537.3727936582911, "params": {"gamma": 8.802319552208612, "prior": 9.035111908580227, "rate": 3.072300524082465}, "datetime": {"datetime": "2024-06-14 05:06:45", "elapsed": 6.672013, "delta": 0.008977}}
{"target": -349.1351503220733, "params": {"gamma": 7.534047351182733, "prior": 2.896037502533829, "rate": 3.686400120782994}, "datetime": {"datetime": "2024-06-14 05:06:45", "elapsed": 6.681986, "delta": 0.009973}}
{"target": -198.3894884104286, "params": {"gamma": 2.927972894369209, "prior": 4.195538288371103, "rate": 2.147942240988137}, "datetime": {"datetime": "2024-06-14 05:06:45", "elapsed": 6.690962, "delta": 0.008976}}
{"target": -164.826978184152, "params": {"gamma": 3.1905410786954205, "prior": 1.3070061575118679, "rate": 9.63021937771575}, "datetime": {"datetime": "2024-06-14 05:06:45", "elapsed": 6.699938, "delta": 0.008976}}
{"target": -273.5949075739889, "params": {"gamma": 5.04032611097843, "prior": 9.238696757627771, "rate": 7.461855247593438}, "datetime": {"datetime": "2024-06-14 05:06:45", "elapsed": 6.708916, "delta": 0.008978}}
{"target": -251.3670439070733, "params": {"gamma": 4.577595171516512, "prior": 7.570760030550504, "rate": 6.280602762990652}, "datetime": {"datetime": "2024-06-14 05:06:45", "elapsed": 6.717895, "delta": 0.008979}}
{"target": -173.48705019099765, "params": {"gamma": 3.0382805830845347, "prior": 5.264427202791391, "rate": 7.123409644278645}, "datetime": {"datetime": "2024-06-14 05:06:45", "elapsed": 6.726873, "delta": 0.008978}}
{"target": -165.3654964802774, "params": {"gamma": 3.0538300009516193, "prior": 0.22397608517608533, "rate": 2.6833600285302275}, "datetime": {"datetime": "2024-06-14 05:06:45", "elapsed": 6.735855, "delta": 0.008982}}
{"target": -430.67124000267256, "params": {"gamma": 7.967658010425252, "prior": 9.306931580738663, "rate": 6.2536862178776484}, "datetime": {"datetime": "2024-06-14 05:06:45", "elapsed": 6.744827, "delta": 0.008972}}
{"target": -138.98999231138478, "params": {"gamma": 1.3289420383195298, "prior": 7.59994655654947, "rate": 5.269526555127393}, "datetime": {"datetime": "2024-06-14 05:06:45", "elapsed": 6.754229, "delta": 0.009402}}
{"target": -362.5338698015109, "params": {"gamma": 7.538936847140509, "prior": 8.600255860393125, "rate": 9.475467969467141}, "datetime": {"datetime": "2024-06-14 05:06:45", "elapsed": 6.764203, "delta": 0.009974}}
{"target": -338.2435294038021, "params": {"gamma": 6.545720808693693, "prior": 8.557156277442202, "rate": 7.426137988907772}, "datetime": {"datetime": "2024-06-14 05:06:45", "elapsed": 6.773178, "delta": 0.008975}}
{"target": -353.1723333467758, "params": {"gamma": 7.271284782848366, "prior": 8.60202848704295, "rate": 9.2301074044959}, "datetime": {"datetime": "2024-06-14 05:06:45", "elapsed": 6.782154, "delta": 0.008976}}
{"target": -583.5894122646313, "params": {"gamma": 9.020857939246921, "prior": 4.017927589495288, "rate": 0.8411287767074533}, "datetime": {"datetime": "2024-06-14 05:06:45", "elapsed": 6.791131, "delta": 0.008977}}
{"target": -406.3662782234282, "params": {"gamma": 8.295907610863033, "prior": 5.43542237774558, "rate": 5.421219471236491}, "datetime": {"datetime": "2024-06-14 05:06:45", "elapsed": 6.800106, "delta": 0.008975}}
{"target": -359.9935602247163, "params": {"gamma": 8.25192813033363, "prior": 0.4166434253201614, "rate": 8.779726226832842}, "datetime": {"datetime": "2024-06-14 05:06:45", "elapsed": 6.812075, "delta": 0.011969}}
{"target": -133.05819687191993, "params": {"gamma": 0.34730537937586553, "prior": 6.9626261279460415, "rate": 5.875257309024742}, "datetime": {"datetime": "2024-06-14 05:06:45", "elapsed": 6.822048, "delta": 0.009973}}
{"target": -346.3098730328688, "params": {"gamma": 6.417850059155134, "prior": 3.803393858608736, "rate": 2.755344804474391}, "datetime": {"datetime": "2024-06-14 05:06:45", "elapsed": 6.832021, "delta": 0.009973}}
{"target": -289.9559452185887, "params": {"gamma": 5.094576405806185, "prior": 8.869648859782243, "rate": 5.653331413985319}, "datetime": {"datetime": "2024-06-14 05:06:45", "elapsed": 6.840567, "delta": 0.008546}}
{"target": -277.6776553622716, "params": {"gamma": 6.631825765751704, "prior": 4.469654386439658, "rate": 9.7214187321274}, "datetime": {"datetime": "2024-06-14 05:06:45", "elapsed": 6.850541, "delta": 0.009974}}
{"target": -316.5206791113978, "params": {"gamma": 7.425482001064747, "prior": 3.613534857422657, "rate": 6.5356567956039315}, "datetime": {"datetime": "2024-06-14 05:06:45", "elapsed": 6.859516, "delta": 0.008975}}
{"target": -346.8367046166046, "params": {"gamma": 5.426621502305332, "prior": 8.852156502548992, "rate": 2.7512654566030514}, "datetime": {"datetime": "2024-06-14 05:06:45", "elapsed": 6.868492, "delta": 0.008976}}
{"target": -123.22162180528484, "params": {"gamma": 1.0815667842382009, "prior": 1.9935933122375844, "rate": 3.8710752798182537}, "datetime": {"datetime": "2024-06-14 05:06:45", "elapsed": 6.878481, "delta": 0.009989}}
{"target": -341.3888995957667, "params": {"gamma": 8.54074388954821, "prior": 2.7813646469755744, "rate": 6.263961673283628}, "datetime": {"datetime": "2024-06-14 05:06:45", "elapsed": 6.887477, "delta": 0.008996}}
{"target": -434.235560336989, "params": {"gamma": 6.235894458654538, "prior": 4.139666639944494, "rate": 0.504300961464858}, "datetime": {"datetime": "2024-06-14 05:06:45", "elapsed": 6.89747, "delta": 0.009993}}
{"target": -342.64286237640886, "params": {"gamma": 7.448593896451896, "prior": 3.027682790796424, "rate": 3.9851835072938524}, "datetime": {"datetime": "2024-06-14 05:06:45", "elapsed": 6.906951, "delta": 0.009481}}
{"target": -283.99206802911044, "params": {"gamma": 3.7730184357375642, "prior": 6.669666053543827, "rate": 0.8642465348648255}, "datetime": {"datetime": "2024-06-14 05:06:45", "elapsed": 6.915989, "delta": 0.009038}}
{"target": -265.4115508698386, "params": {"gamma": 5.49934931479934, "prior": 0.25267604119823284, "rate": 9.830406796410628}, "datetime": {"datetime": "2024-06-14 05:06:45", "elapsed": 6.92543, "delta": 0.009441}}
{"target": -368.1397562223887, "params": {"gamma": 5.984673796657761, "prior": 3.902730857162644, "rate": 1.4683325593440997}, "datetime": {"datetime": "2024-06-14 05:06:45", "elapsed": 6.934911, "delta": 0.009481}}
{"target": -428.4430091419492, "params": {"gamma": 6.9690863860416155, "prior": 9.067503325394869, "rate": 3.1817694146938234}, "datetime": {"datetime": "2024-06-14 05:06:45", "elapsed": 6.943907, "delta": 0.008996}}
{"target": -296.6235427543403, "params": {"gamma": 7.665154954417642, "prior": 2.946231210207758, "rate": 9.57229619840156}, "datetime": {"datetime": "2024-06-14 05:06:45", "elapsed": 6.952883, "delta": 0.008976}}
{"target": -315.99517315338267, "params": {"gamma": 7.023455232193281, "prior": 6.287654372613879, "rate": 9.307416596768327}, "datetime": {"datetime": "2024-06-14 05:06:45", "elapsed": 6.961879, "delta": 0.008996}}
{"target": -178.1789940223388, "params": {"gamma": 2.6911548301319335, "prior": 9.243795888773532, "rate": 6.781151258305702}, "datetime": {"datetime": "2024-06-14 05:06:45", "elapsed": 6.970854, "delta": 0.008975}}
{"target": -345.0739269499547, "params": {"gamma": 7.713853709507418, "prior": 5.759189830706018, "rate": 8.339212870314833}, "datetime": {"datetime": "2024-06-14 05:06:45", "elapsed": 6.980846, "delta": 0.009992}}
{"target": -272.8218175755967, "params": {"gamma": 6.983119711119335, "prior": 1.551426147591399, "rate": 6.1249988251521215}, "datetime": {"datetime": "2024-06-14 05:06:45", "elapsed": 6.989821, "delta": 0.008975}}
{"target": -217.6685865370566, "params": {"gamma": 2.793924035827702, "prior": 9.167199358366272, "rate": 1.9831246698113274}, "datetime": {"datetime": "2024-06-14 05:06:45", "elapsed": 6.998815, "delta": 0.008994}}
{"target": -156.16591807961981, "params": {"gamma": 2.857879237217657, "prior": 0.5717815791998215, "rate": 4.476343861362332}, "datetime": {"datetime": "2024-06-14 05:06:45", "elapsed": 7.007931, "delta": 0.009116}}
{"target": -257.2673893786592, "params": {"gamma": 5.576320563895948, "prior": 5.778254717513243, "rate": 9.053868422216771}, "datetime": {"datetime": "2024-06-14 05:06:45", "elapsed": 7.017384, "delta": 0.009453}}
{"target": -179.2059079575009, "params": {"gamma": 3.47479191407325, "prior": 4.5305309579534265, "rate": 8.512525387352474}, "datetime": {"datetime": "2024-06-14 05:06:45", "elapsed": 7.026362, "delta": 0.008978}}
{"target": -349.212860115905, "params": {"gamma": 5.768716203017017, "prior": 6.574530055289563, "rate": 2.784314944612766}, "datetime": {"datetime": "2024-06-14 05:06:45", "elapsed": 7.035344, "delta": 0.008982}}
{"target": -331.399956535882, "params": {"gamma": 4.875225544956866, "prior": 6.247428637046675, "rate": 1.3348069074222546}, "datetime": {"datetime": "2024-06-14 05:06:45", "elapsed": 7.044905, "delta": 0.009561}}
{"target": -126.0457844770459, "params": {"gamma": 0.3300542572087522, "prior": 1.222768911195179, "rate": 4.775133302320191}, "datetime": {"datetime": "2024-06-14 05:06:45", "elapsed": 7.053792, "delta": 0.008887}}
{"target": -143.4622956787711, "params": {"gamma": 0.24124331957345432, "prior": 6.299468398458495, "rate": 0.9767285971428687}, "datetime": {"datetime": "2024-06-14 05:06:45", "elapsed": 7.062771, "delta": 0.008979}}
{"target": -198.73100463383344, "params": {"gamma": 2.5103644156247413, "prior": 4.322280163976562, "rate": 1.159151640315784}, "datetime": {"datetime": "2024-06-14 05:06:45", "elapsed": 7.072746, "delta": 0.009975}}
{"target": -162.1579549374989, "params": {"gamma": 2.706249385980867, "prior": 0.3086887610715615, "rate": 9.850470490551084}, "datetime": {"datetime": "2024-06-14 05:06:45", "elapsed": 7.081273, "delta": 0.008527}}
{"target": -443.847625858488, "params": {"gamma": 6.116124507605985, "prior": 3.8457030044689664, "rate": 0.2662569827533811}, "datetime": {"datetime": "2024-06-14 05:06:45", "elapsed": 7.090824, "delta": 0.009551}}
{"target": -190.4239629058332, "params": {"gamma": 3.8989976450014674, "prior": 4.580330401225699, "rate": 9.310100934451263}, "datetime": {"datetime": "2024-06-14 05:06:45", "elapsed": 7.0998, "delta": 0.008976}}
{"target": -171.11424460724328, "params": {"gamma": 2.7857632142087283, "prior": 6.186340721724661, "rate": 6.6520183774673525}, "datetime": {"datetime": "2024-06-14 05:06:45", "elapsed": 7.108776, "delta": 0.008976}}
{"target": -138.20972195528117, "params": {"gamma": 1.8604237369935928, "prior": 5.107057154965675, "rate": 7.86522112783649}, "datetime": {"datetime": "2024-06-14 05:06:45", "elapsed": 7.117752, "delta": 0.008976}}
{"target": -167.11690272840792, "params": {"gamma": 0.966693765249707, "prior": 6.099749451872725, "rate": 0.261573266951244}, "datetime": {"datetime": "2024-06-14 05:06:45", "elapsed": 7.127725, "delta": 0.009973}}
{"target": -138.15421154485986, "params": {"gamma": 0.07146019137694642, "prior": 0.6893332106867064, "rate": 4.814523191031215}, "datetime": {"datetime": "2024-06-14 05:06:45", "elapsed": 7.136701, "delta": 0.008976}}
{"target": -605.9664275691119, "params": {"gamma": 9.257115382793618, "prior": 4.1150181029763395, "rate": 0.7512513607260716}, "datetime": {"datetime": "2024-06-14 05:06:45", "elapsed": 7.145677, "delta": 0.008976}}
{"target": -474.04813968541856, "params": {"gamma": 8.613663392355804, "prior": 5.241046096157358, "rate": 3.1900397533053235}, "datetime": {"datetime": "2024-06-14 05:06:45", "elapsed": 7.15565, "delta": 0.009973}}
{"target": -602.3568252317601, "params": {"gamma": 9.630360355507971, "prior": 9.388791508173545, "rate": 2.6009297005949668}, "datetime": {"datetime": "2024-06-14 05:06:45", "elapsed": 7.164627, "delta": 0.008977}}
{"target": -143.0012101087298, "params": {"gamma": 2.014717145283489, "prior": 5.930196162730165, "rate": 8.425339580205748}, "datetime": {"datetime": "2024-06-14 05:06:45", "elapsed": 7.173602, "delta": 0.008975}}
{"target": -239.30181425007967, "params": {"gamma": 3.3678741763608038, "prior": 5.90565127249619, "rate": 1.623287749788599}, "datetime": {"datetime": "2024-06-14 05:06:45", "elapsed": 7.182579, "delta": 0.008977}}
{"target": -181.89910173456605, "params": {"gamma": 1.94674275864618, "prior": 7.637218638321746, "rate": 1.5018345150591474}, "datetime": {"datetime": "2024-06-14 05:06:45", "elapsed": 7.192552, "delta": 0.009973}}
{"target": -254.9210503412174, "params": {"gamma": 2.659804503437227, "prior": 6.925999145458927, "rate": 0.15187798702215813}, "datetime": {"datetime": "2024-06-14 05:06:45", "elapsed": 7.201528, "delta": 0.008976}}
{"target": -131.7732064039335, "params": {"gamma": 0.3229118442818368, "prior": 2.946506806237884, "rate": 3.366895181942479}, "datetime": {"datetime": "2024-06-14 05:06:45", "elapsed": 7.210532, "delta": 0.009004}}
