{"target": -118.49326475726257, "params": {"p_ai": 1.0942611693829698, "p_al": 0.001, "p_ex": 6.590409819805448, "prior": 5.080863675670727, "rate": 10.0}, "datetime": {"datetime": "2024-06-12 22:35:57", "elapsed": 672.455869, "delta": 43.218146}}
{"target": -455.77541634586527, "params": {"p_ai": 1.4672043892035986, "p_al": 2.5193167570707304, "p_ex": 10.0, "prior": 0.001, "rate": 3.396704240703207}, "datetime": {"datetime": "2024-06-12 22:36:23", "elapsed": 698.463478, "delta": 26.007609}}
{"target": -134.36754936937675, "params": {"p_ai": 0.001, "p_al": 0.001, "p_ex": 7.46663530670819, "prior": 0.3290021440184527, "rate": 2.681204376245354}, "datetime": {"datetime": "2024-06-12 22:36:42", "elapsed": 717.173526, "delta": 18.710048}}
{"target": -113.57771825961778, "params": {"p_ai": 2.9283904537072662, "p_al": 0.2501069888409336, "p_ex": 8.633596794630916, "prior": 0.5947207209393865, "rate": 5.800422122343191}, "datetime": {"datetime": "2024-06-12 22:37:12", "elapsed": 746.575037, "delta": 29.401511}}
{"target": -152.3945292235578, "params": {"p_ai": 0.001, "p_al": 0.001, "p_ex": 10.0, "prior": 2.066964278758185, "rate": 2.47938827391598}, "datetime": {"datetime": "2024-06-12 22:37:38", "elapsed": 772.715513, "delta": 26.140476}}
{"target": -116.12959776310139, "params": {"p_ai": 3.509003145922511, "p_al": 0.001, "p_ex": 10.0, "prior": 1.2140735084774343, "rate": 3.9039242236048586}, "datetime": {"datetime": "2024-06-12 22:38:18", "elapsed": 813.422413, "delta": 40.7069}}
{"target": -136.62774793034205, "params": {"p_ai": 0.17053324768167322, "p_al": 2.0037111184731353, "p_ex": 7.414011380317021, "prior": 2.152096956076219, "rate": 2.382811692404136}, "datetime": {"datetime": "2024-06-12 22:38:37", "elapsed": 831.73184, "delta": 18.309427}}
{"target": -120.12729281507296, "params": {"p_ai": 1.223091797134043, "p_al": 10.0, "p_ex": 4.437957945838893, "prior": 2.5330013185869, "rate": 10.0}, "datetime": {"datetime": "2024-06-12 22:39:19", "elapsed": 873.816885, "delta": 42.085045}}
