{"target": -533.4538203093214, "params": {"gamma": 2.351541289225017, "lr": 0.461602080891622}, "datetime": {"datetime": "2024-06-13 22:26:35", "elapsed": 2.301986, "delta": 0.003989}}
{"target": -686.7859739096075, "params": {"gamma": 1.9867164390362086, "lr": 0.0254762357788203}, "datetime": {"datetime": "2024-06-13 22:26:35", "elapsed": 2.305978, "delta": 0.003992}}
{"target": -1765.598380397969, "params": {"gamma": 7.294247584863271, "lr": 0.7249167472191191}, "datetime": {"datetime": "2024-06-13 22:26:35", "elapsed": 2.309999, "delta": 0.004021}}
{"target": -891.4190006999074, "params": {"gamma": 3.304587071870666, "lr": 0.8434941260636555}, "datetime": {"datetime": "2024-06-13 22:26:35", "elapsed": 2.313957, "delta": 0.003958}}
{"target": -1161.9858271319922, "params": {"gamma": 4.284996317034784, "lr": 0.8646861447635343}, "datetime": {"datetime": "2024-06-13 22:26:35", "elapsed": 2.317945, "delta": 0.003988}}
{"target": -1485.7468424759215, "params": {"gamma": 6.570997180804273, "lr": 0.5810356574180902}, "datetime": {"datetime": "2024-06-13 22:26:35", "elapsed": 2.321935, "delta": 0.00399}}
{"target": -462.8550794561631, "params": {"gamma": 2.008074152862875, "lr": 0.5295466104783949}, "datetime": {"datetime": "2024-06-13 22:26:35", "elapsed": 2.325925, "delta": 0.00399}}
{"target": -2055.008912282647, "params": {"gamma": 8.944429751857296, "lr": 0.30499397583521604}, "datetime": {"datetime": "2024-06-13 22:26:35", "elapsed": 2.329914, "delta": 0.003989}}
{"target": -2374.6070429807705, "params": {"gamma": 8.709585146001372, "lr": 0.9087452728583881}, "datetime": {"datetime": "2024-06-13 22:26:35", "elapsed": 2.333904, "delta": 0.00399}}
{"target": -798.7668956336937, "params": {"gamma": 3.2991157822561417, "lr": 0.6830743663365642}, "datetime": {"datetime": "2024-06-13 22:26:35", "elapsed": 2.337892, "delta": 0.003988}}
{"target": -2949.2615105272753, "params": {"gamma": 8.992310274710121, "lr": 0.07569688175830336}, "datetime": {"datetime": "2024-06-13 22:26:35", "elapsed": 2.341882, "delta": 0.00399}}
{"target": -2325.3296758545703, "params": {"gamma": 8.7860000441845, "lr": 0.1908393632684806}, "datetime": {"datetime": "2024-06-13 22:26:35", "elapsed": 2.345874, "delta": 0.003992}}
{"target": -2010.0386516432482, "params": {"gamma": 8.497839331269288, "lr": 0.6671187886992039}, "datetime": {"datetime": "2024-06-13 22:26:35", "elapsed": 2.348866, "delta": 0.002992}}
{"target": -1118.114280164647, "params": {"gamma": 3.4440476153050885, "lr": 0.151375569992799}, "datetime": {"datetime": "2024-06-13 22:26:35", "elapsed": 2.352855, "delta": 0.003989}}
{"target": -1683.949821375093, "params": {"gamma": 6.354074243923046, "lr": 0.8477880437147416}, "datetime": {"datetime": "2024-06-13 22:26:35", "elapsed": 2.356844, "delta": 0.003989}}
{"target": -1902.9953661998754, "params": {"gamma": 8.218671898265342, "lr": 0.6282395971306578}, "datetime": {"datetime": "2024-06-13 22:26:35", "elapsed": 2.360833, "delta": 0.003989}}
{"target": -2154.0819605240667, "params": {"gamma": 9.563058796042565, "lr": 0.5899231270757698}, "datetime": {"datetime": "2024-06-13 22:26:35", "elapsed": 2.364823, "delta": 0.00399}}
{"target": -454.2244428578247, "params": {"gamma": 1.979130013694545, "lr": 0.4293307226164923}, "datetime": {"datetime": "2024-06-13 22:26:35", "elapsed": 2.368813, "delta": 0.00399}}
{"target": -948.857534137787, "params": {"gamma": 3.3681232410129716, "lr": 0.991945011907281}, "datetime": {"datetime": "2024-06-13 22:26:35", "elapsed": 2.372802, "delta": 0.003989}}
{"target": -1067.7843573599284, "params": {"gamma": 3.8029847246765303, "lr": 0.992700873664818}, "datetime": {"datetime": "2024-06-13 22:26:35", "elapsed": 2.376791, "delta": 0.003989}}
{"target": -1521.4517801076934, "params": {"gamma": 5.188523703083409, "lr": 0.17227970147712546}, "datetime": {"datetime": "2024-06-13 22:26:35", "elapsed": 2.38078, "delta": 0.003989}}
{"target": -220.39470848344, "params": {"gamma": 0.7466661384435471, "lr": 0.37030569377388767}, "datetime": {"datetime": "2024-06-13 22:26:35", "elapsed": 2.384778, "delta": 0.003998}}
{"target": -322.1834944191531, "params": {"gamma": 1.235065179287484, "lr": 0.6345187162918416}, "datetime": {"datetime": "2024-06-13 22:26:35", "elapsed": 2.388762, "delta": 0.003984}}
{"target": -1160.0596069285718, "params": {"gamma": 4.13978453744836, "lr": 0.9909156325254501}, "datetime": {"datetime": "2024-06-13 22:26:35", "elapsed": 2.392751, "delta": 0.003989}}
{"target": -2993.04823749725, "params": {"gamma": 9.299626280909525, "lr": 0.14923603230975002}, "datetime": {"datetime": "2024-06-13 22:26:35", "elapsed": 2.395746, "delta": 0.002995}}
{"target": -875.509922710757, "params": {"gamma": 3.9494277431054683, "lr": 0.46157971096238615}, "datetime": {"datetime": "2024-06-13 22:26:35", "elapsed": 2.399736, "delta": 0.00399}}
{"target": -1407.0176478704996, "params": {"gamma": 5.609926602464331, "lr": 0.7803635232892685}, "datetime": {"datetime": "2024-06-13 22:26:35", "elapsed": 2.403724, "delta": 0.003988}}
{"target": -1062.781001122838, "params": {"gamma": 4.872451896825164, "lr": 0.4199935520102408}, "datetime": {"datetime": "2024-06-13 22:26:35", "elapsed": 2.407714, "delta": 0.00399}}
{"target": -742.8020927311704, "params": {"gamma": 2.6207350474886373, "lr": 0.9108061390867584}, "datetime": {"datetime": "2024-06-13 22:26:35", "elapsed": 2.411703, "delta": 0.003989}}
{"target": -157.05859770723282, "params": {"gamma": 0.22369284381650878, "lr": 0.8211218982189646}, "datetime": {"datetime": "2024-06-13 22:26:35", "elapsed": 2.415692, "delta": 0.003989}}
{"target": -474.3610126824901, "params": {"gamma": 1.8854955282645185, "lr": 0.6857568991725472}, "datetime": {"datetime": "2024-06-13 22:26:35", "elapsed": 2.419681, "delta": 0.003989}}
{"target": -999.3117164172775, "params": {"gamma": 3.552738684007098, "lr": 0.9742126278950913}, "datetime": {"datetime": "2024-06-13 22:26:35", "elapsed": 2.422674, "delta": 0.002993}}
{"target": -354.7244307351576, "params": {"gamma": 1.22859852236475, "lr": 0.18756989261723955}, "datetime": {"datetime": "2024-06-13 22:26:35", "elapsed": 2.426666, "delta": 0.003992}}
{"target": -2004.70898118057, "params": {"gamma": 8.894535312169324, "lr": 0.5834063146082279}, "datetime": {"datetime": "2024-06-13 22:26:35", "elapsed": 2.430655, "delta": 0.003989}}
{"target": -1042.440983075158, "params": {"gamma": 3.0931546002031376, "lr": 0.0007643854781880233}, "datetime": {"datetime": "2024-06-13 22:26:35", "elapsed": 2.434719, "delta": 0.004064}}
{"target": -747.1281074577988, "params": {"gamma": 2.2767497854842085, "lr": 0.1454036341712357}, "datetime": {"datetime": "2024-06-13 22:26:35", "elapsed": 2.438953, "delta": 0.004234}}
{"target": -578.2581094072148, "params": {"gamma": 2.035134809876536, "lr": 0.8963225568040046}, "datetime": {"datetime": "2024-06-13 22:26:35", "elapsed": 2.442942, "delta": 0.003989}}
{"target": -2081.943937114356, "params": {"gamma": 8.731070688318136, "lr": 0.7002894376334498}, "datetime": {"datetime": "2024-06-13 22:26:35", "elapsed": 2.445936, "delta": 0.002994}}
{"target": -1218.1222986945872, "params": {"gamma": 4.705506263845939, "lr": 0.8271360023322883}, "datetime": {"datetime": "2024-06-13 22:26:35", "elapsed": 2.449926, "delta": 0.00399}}
{"target": -1186.0425471824833, "params": {"gamma": 4.958768144455039, "lr": 0.36348868328490525}, "datetime": {"datetime": "2024-06-13 22:26:35", "elapsed": 2.453915, "delta": 0.003989}}
{"target": -782.2854987751201, "params": {"gamma": 2.7567554245058266, "lr": 0.9247408135383717}, "datetime": {"datetime": "2024-06-13 22:26:35", "elapsed": 2.457904, "delta": 0.003989}}
{"target": -858.4914274852727, "params": {"gamma": 3.8705053533286655, "lr": 0.49288087343132025}, "datetime": {"datetime": "2024-06-13 22:26:35", "elapsed": 2.461894, "delta": 0.00399}}
{"target": -710.7415746948749, "params": {"gamma": 2.5451265850419067, "lr": 0.8849665188380633}, "datetime": {"datetime": "2024-06-13 22:26:35", "elapsed": 2.466246, "delta": 0.004352}}
{"target": -906.8774164715996, "params": {"gamma": 3.833251304596062, "lr": 0.29757471531387525}, "datetime": {"datetime": "2024-06-13 22:26:35", "elapsed": 2.470222, "delta": 0.003976}}
{"target": -1902.046355903005, "params": {"gamma": 7.17623202698535, "lr": 0.19086994317230743}, "datetime": {"datetime": "2024-06-13 22:26:35", "elapsed": 2.473214, "delta": 0.002992}}
{"target": -351.81859234272713, "params": {"gamma": 1.1828081008410374, "lr": 0.8369977822135122}, "datetime": {"datetime": "2024-06-13 22:26:35", "elapsed": 2.477203, "delta": 0.003989}}
{"target": -1680.1455108118107, "params": {"gamma": 7.441615077773983, "lr": 0.5905205476471171}, "datetime": {"datetime": "2024-06-13 22:26:35", "elapsed": 2.481193, "delta": 0.00399}}
{"target": -578.2641699967902, "params": {"gamma": 2.429672858073742, "lr": 0.6232471451875841}, "datetime": {"datetime": "2024-06-13 22:26:35", "elapsed": 2.485183, "delta": 0.00399}}
{"target": -1472.660932029909, "params": {"gamma": 6.383914852090989, "lr": 0.32756944411232514}, "datetime": {"datetime": "2024-06-13 22:26:35", "elapsed": 2.489171, "delta": 0.003988}}
{"target": -238.21386567059645, "params": {"gamma": 0.6758259413323553, "lr": 0.8805385975643267}, "datetime": {"datetime": "2024-06-13 22:26:35", "elapsed": 2.493161, "delta": 0.00399}}
{"target": -1159.1237004347058, "params": {"gamma": 4.60010735401151, "lr": 0.7638727180664299}, "datetime": {"datetime": "2024-06-13 22:26:35", "elapsed": 2.49715, "delta": 0.003989}}
{"target": -590.5609863993631, "params": {"gamma": 2.539632320806454, "lr": 0.5913871822675169}, "datetime": {"datetime": "2024-06-13 22:26:35", "elapsed": 2.501139, "delta": 0.003989}}
{"target": -1020.9346830925379, "params": {"gamma": 4.288522808327629, "lr": 0.38210064254913956}, "datetime": {"datetime": "2024-06-13 22:26:35", "elapsed": 2.505129, "delta": 0.00399}}
{"target": -331.5758177545767, "params": {"gamma": 1.2680071250853806, "lr": 0.24426666320897583}, "datetime": {"datetime": "2024-06-13 22:26:35", "elapsed": 2.509118, "delta": 0.003989}}
{"target": -231.40317963879974, "params": {"gamma": 0.7943364880002312, "lr": 0.3028583047175786}, "datetime": {"datetime": "2024-06-13 22:26:35", "elapsed": 2.513108, "delta": 0.00399}}
{"target": -1704.7184038108207, "params": {"gamma": 7.417306297515323, "lr": 0.6150157249710488}, "datetime": {"datetime": "2024-06-13 22:26:35", "elapsed": 2.517097, "delta": 0.003989}}
{"target": -2215.7163647038346, "params": {"gamma": 6.724438578240325, "lr": 0.00838307952503159}, "datetime": {"datetime": "2024-06-13 22:26:35", "elapsed": 2.520089, "delta": 0.002992}}
{"target": -1493.9659806887123, "params": {"gamma": 6.784091345540948, "lr": 0.503180690542887}, "datetime": {"datetime": "2024-06-13 22:26:35", "elapsed": 2.524078, "delta": 0.003989}}
{"target": -688.3313367255855, "params": {"gamma": 2.309853596391308, "lr": 0.17489650898192222}, "datetime": {"datetime": "2024-06-13 22:26:35", "elapsed": 2.528068, "delta": 0.00399}}
{"target": -517.9500366150953, "params": {"gamma": 1.8506446725427474, "lr": 0.8442600050750985}, "datetime": {"datetime": "2024-06-13 22:26:35", "elapsed": 2.532057, "delta": 0.003989}}
{"target": -2711.791315445449, "params": {"gamma": 9.825915303261548, "lr": 0.9137396248416316}, "datetime": {"datetime": "2024-06-13 22:26:35", "elapsed": 2.536049, "delta": 0.003992}}
{"target": -883.4314575522375, "params": {"gamma": 3.4743468343077555, "lr": 0.7802245796913637}, "datetime": {"datetime": "2024-06-13 22:26:35", "elapsed": 2.540038, "delta": 0.003989}}
{"target": -1390.4463526882587, "params": {"gamma": 5.464999452423606, "lr": 0.8164423975559377}, "datetime": {"datetime": "2024-06-13 22:26:35", "elapsed": 2.544028, "delta": 0.00399}}
{"target": -1099.2079927464963, "params": {"gamma": 4.8377857849378705, "lr": 0.5899512982994037}, "datetime": {"datetime": "2024-06-13 22:26:35", "elapsed": 2.547164, "delta": 0.003136}}
{"target": -2544.6059612241907, "params": {"gamma": 7.872847211795091, "lr": 0.10023464310313235}, "datetime": {"datetime": "2024-06-13 22:26:35", "elapsed": 2.551154, "delta": 0.00399}}
{"target": -1242.854993958484, "params": {"gamma": 5.370534161288567, "lr": 0.36598334666965426}, "datetime": {"datetime": "2024-06-13 22:26:35", "elapsed": 2.556141, "delta": 0.004987}}
{"target": -1683.0503637894208, "params": {"gamma": 6.043464129845054, "lr": 0.9588025156370005}, "datetime": {"datetime": "2024-06-13 22:26:35", "elapsed": 2.560129, "delta": 0.003988}}
{"target": -936.8043731444944, "params": {"gamma": 3.9288366270246278, "lr": 0.39297299794161644}, "datetime": {"datetime": "2024-06-13 22:26:35", "elapsed": 2.564119, "delta": 0.00399}}
{"target": -1836.1953696616831, "params": {"gamma": 7.9065792989023995, "lr": 0.6450783990854264}, "datetime": {"datetime": "2024-06-13 22:26:35", "elapsed": 2.568108, "delta": 0.003989}}
{"target": -947.3271873543302, "params": {"gamma": 3.9394461945459094, "lr": 0.6889550482302514}, "datetime": {"datetime": "2024-06-13 22:26:35", "elapsed": 2.572097, "delta": 0.003989}}
{"target": -1299.8813043563841, "params": {"gamma": 4.040612088934736, "lr": 0.1361131542481221}, "datetime": {"datetime": "2024-06-13 22:26:35", "elapsed": 2.57509, "delta": 0.002993}}
{"target": -1079.0445556369345, "params": {"gamma": 4.506982043452673, "lr": 0.3344193926972726}, "datetime": {"datetime": "2024-06-13 22:26:35", "elapsed": 2.579079, "delta": 0.003989}}
{"target": -626.4318574698328, "params": {"gamma": 2.180471331681618, "lr": 0.9257748016364399}, "datetime": {"datetime": "2024-06-13 22:26:35", "elapsed": 2.583069, "delta": 0.00399}}
{"target": -1558.462465072672, "params": {"gamma": 6.896704351396498, "lr": 0.5988208906234219}, "datetime": {"datetime": "2024-06-13 22:26:35", "elapsed": 2.587057, "delta": 0.003988}}
{"target": -1642.6559220891631, "params": {"gamma": 7.466828063757928, "lr": 0.5419710617714415}, "datetime": {"datetime": "2024-06-13 22:26:35", "elapsed": 2.591047, "delta": 0.00399}}
{"target": -1947.8261313284836, "params": {"gamma": 7.005630193122407, "lr": 0.9305598192498451}, "datetime": {"datetime": "2024-06-13 22:26:35", "elapsed": 2.595045, "delta": 0.003998}}
{"target": -2521.404941228304, "params": {"gamma": 8.626304328357714, "lr": 0.1674418575065213}, "datetime": {"datetime": "2024-06-13 22:26:35", "elapsed": 2.59903, "delta": 0.003985}}
{"target": -893.9762474386148, "params": {"gamma": 2.6321271002148183, "lr": 0.07161027944180454}, "datetime": {"datetime": "2024-06-13 22:26:35", "elapsed": 2.603017, "delta": 0.003987}}
{"target": -2303.260320583931, "params": {"gamma": 9.786749378778312, "lr": 0.23638409866037557}, "datetime": {"datetime": "2024-06-13 22:26:35", "elapsed": 2.607009, "delta": 0.003992}}
{"target": -2194.637129988438, "params": {"gamma": 6.6063229609300596, "lr": 0.089630698927462}, "datetime": {"datetime": "2024-06-13 22:26:35", "elapsed": 2.610998, "delta": 0.003989}}
{"target": -483.88912797704256, "params": {"gamma": 2.1084986499281, "lr": 0.5028243835184045}, "datetime": {"datetime": "2024-06-13 22:26:35", "elapsed": 2.614928, "delta": 0.00393}}
{"target": -282.9910212842336, "params": {"gamma": 1.0504317296309502, "lr": 0.38887340269472437}, "datetime": {"datetime": "2024-06-13 22:26:35", "elapsed": 2.618912, "delta": 0.003984}}
{"target": -1285.9723492893675, "params": {"gamma": 5.3803392136766695, "lr": 0.33920418488509996}, "datetime": {"datetime": "2024-06-13 22:26:35", "elapsed": 2.621904, "delta": 0.002992}}
{"target": -1227.4619422382307, "params": {"gamma": 5.559446211054629, "lr": 0.536768321942464}, "datetime": {"datetime": "2024-06-13 22:26:35", "elapsed": 2.625895, "delta": 0.003991}}
{"target": -939.7225730943799, "params": {"gamma": 3.906714376870321, "lr": 0.6962700831011029}, "datetime": {"datetime": "2024-06-13 22:26:35", "elapsed": 2.629885, "delta": 0.00399}}
{"target": -1610.3364343769097, "params": {"gamma": 6.785146057525243, "lr": 0.6873031493743899}, "datetime": {"datetime": "2024-06-13 22:26:35", "elapsed": 2.633875, "delta": 0.00399}}
{"target": -1341.7059392535573, "params": {"gamma": 5.615351096734943, "lr": 0.3580799140129358}, "datetime": {"datetime": "2024-06-13 22:26:35", "elapsed": 2.638257, "delta": 0.004382}}
{"target": -1707.2721408211237, "params": {"gamma": 6.131510241334756, "lr": 0.9357362666081998}, "datetime": {"datetime": "2024-06-13 22:26:35", "elapsed": 2.642246, "delta": 0.003989}}
{"target": -1662.6457886641315, "params": {"gamma": 5.969288360934786, "lr": 0.9795901743594252}, "datetime": {"datetime": "2024-06-13 22:26:35", "elapsed": 2.645238, "delta": 0.002992}}
{"target": -1093.300569037712, "params": {"gamma": 4.4106251974683035, "lr": 0.7396119625075467}, "datetime": {"datetime": "2024-06-13 22:26:35", "elapsed": 2.649256, "delta": 0.004018}}
{"target": -173.99920613550938, "params": {"gamma": 0.3770011826173517, "lr": 0.7647266390004861}, "datetime": {"datetime": "2024-06-13 22:26:35", "elapsed": 2.653246, "delta": 0.00399}}
{"target": -1717.3895888435648, "params": {"gamma": 5.1832975216877974, "lr": 0.0053165329611032375}, "datetime": {"datetime": "2024-06-13 22:26:35", "elapsed": 2.657206, "delta": 0.00396}}
{"target": -624.7404119172645, "params": {"gamma": 2.772723847721202, "lr": 0.5348322325198115}, "datetime": {"datetime": "2024-06-13 22:26:35", "elapsed": 2.661195, "delta": 0.003989}}
{"target": -2524.7309077262453, "params": {"gamma": 7.679860819934835, "lr": 0.05309259545252509}, "datetime": {"datetime": "2024-06-13 22:26:35", "elapsed": 2.665185, "delta": 0.00399}}
{"target": -1396.9085211305164, "params": {"gamma": 5.490985385061347, "lr": 0.800994555798356}, "datetime": {"datetime": "2024-06-13 22:26:35", "elapsed": 2.669174, "delta": 0.003989}}
{"target": -1807.6117608517154, "params": {"gamma": 6.496180965729911, "lr": 0.9314470149929107}, "datetime": {"datetime": "2024-06-13 22:26:35", "elapsed": 2.673163, "delta": 0.003989}}
{"target": -220.7931269536957, "params": {"gamma": 0.7482397187025968, "lr": 0.2768064626005866}, "datetime": {"datetime": "2024-06-13 22:26:35", "elapsed": 2.677152, "delta": 0.003989}}
{"target": -2287.7770309320754, "params": {"gamma": 9.192455805057469, "lr": 0.7650051482981429}, "datetime": {"datetime": "2024-06-13 22:26:35", "elapsed": 2.680144, "delta": 0.002992}}
{"target": -1543.9611876058052, "params": {"gamma": 5.9978037043765156, "lr": 0.8329681438370704}, "datetime": {"datetime": "2024-06-13 22:26:35", "elapsed": 2.684171, "delta": 0.004027}}
{"target": -2486.119244342202, "params": {"gamma": 8.960538872258445, "lr": 0.9727203528528249}, "datetime": {"datetime": "2024-06-13 22:26:35", "elapsed": 2.688123, "delta": 0.003952}}
{"target": -3189.187253728711, "params": {"gamma": 9.98520655039097, "lr": 0.13964933368410348}, "datetime": {"datetime": "2024-06-13 22:26:35", "elapsed": 2.692113, "delta": 0.00399}}
{"target": -285.1912403205317, "params": {"gamma": 0.7063499053922482, "lr": 0.07346665436012334}, "datetime": {"datetime": "2024-06-13 22:26:35", "elapsed": 2.696102, "delta": 0.003989}}
{"target": -151.7687445402301, "params": {"gamma": 0.14842316520856935, "lr": 0.971820072977926}, "datetime": {"datetime": "2024-06-13 22:26:35", "elapsed": 2.700091, "delta": 0.003989}}
{"target": -296.1159892616641, "params": {"gamma": 0.9485743976558341, "lr": 0.8417368261858497}, "datetime": {"datetime": "2024-06-13 22:26:35", "elapsed": 2.70408, "delta": 0.003989}}
{"target": -1503.8279362238163, "params": {"gamma": 6.852044796080089, "lr": 0.4875571674829181}, "datetime": {"datetime": "2024-06-13 22:26:35", "elapsed": 2.70807, "delta": 0.00399}}
{"target": -833.5838123159175, "params": {"gamma": 3.4676021187044235, "lr": 0.35364778706700506}, "datetime": {"datetime": "2024-06-13 22:26:35", "elapsed": 2.712059, "delta": 0.003989}}
{"target": -720.7853641405334, "params": {"gamma": 2.539134984589525, "lr": 0.9110179736986265}, "datetime": {"datetime": "2024-06-13 22:26:35", "elapsed": 2.716049, "delta": 0.00399}}
{"target": -2387.862495904969, "params": {"gamma": 7.256699812403196, "lr": 0.025925792784269874}, "datetime": {"datetime": "2024-06-13 22:26:35", "elapsed": 2.720038, "delta": 0.003989}}
{"target": -1064.7603580077034, "params": {"gamma": 4.615751011217899, "lr": 0.28130127253681136}, "datetime": {"datetime": "2024-06-13 22:26:35", "elapsed": 2.72303, "delta": 0.002992}}
{"target": -166.88877675016076, "params": {"gamma": 0.2906328955928069, "lr": 0.8846818943092944}, "datetime": {"datetime": "2024-06-13 22:26:35", "elapsed": 2.727019, "delta": 0.003989}}
{"target": -1774.289661714688, "params": {"gamma": 7.710282574188869, "lr": 0.32973507924426093}, "datetime": {"datetime": "2024-06-13 22:26:35", "elapsed": 2.731009, "delta": 0.00399}}
{"target": -1832.4040290725595, "params": {"gamma": 7.965789316779574, "lr": 0.3246383222029966}, "datetime": {"datetime": "2024-06-13 22:26:35", "elapsed": 2.734998, "delta": 0.003989}}
{"target": -870.1114126115631, "params": {"gamma": 3.0795165557326496, "lr": 0.9281090785007262}, "datetime": {"datetime": "2024-06-13 22:26:35", "elapsed": 2.738987, "delta": 0.003989}}
{"target": -2144.3387002990667, "params": {"gamma": 9.769184703296556, "lr": 0.5235553047168928}, "datetime": {"datetime": "2024-06-13 22:26:35", "elapsed": 2.742944, "delta": 0.003957}}
{"target": -2574.853657688918, "params": {"gamma": 9.519399740511682, "lr": 0.8879964939264646}, "datetime": {"datetime": "2024-06-13 22:26:35", "elapsed": 2.746933, "delta": 0.003989}}
{"target": -1199.3123870113511, "params": {"gamma": 5.180807583382493, "lr": 0.3727488020974856}, "datetime": {"datetime": "2024-06-13 22:26:35", "elapsed": 2.750923, "delta": 0.00399}}
{"target": -1558.4271029811912, "params": {"gamma": 7.103835428617774, "lr": 0.455643424642054}, "datetime": {"datetime": "2024-06-13 22:26:35", "elapsed": 2.754913, "delta": 0.00399}}
