{"target": -1185.0858377133804, "params": {"gamma": 4.623891705947023, "lr": 0.9606566952869964}, "datetime": {"datetime": "2024-06-14 01:34:38", "elapsed": 6.953458, "delta": 0.004987}}
{"target": -475.5792647951272, "params": {"gamma": 0.9370488703914385, "lr": 0.0655985161350432}, "datetime": {"datetime": "2024-06-14 01:34:38", "elapsed": 6.958445, "delta": 0.004987}}
{"target": -2051.655107152575, "params": {"gamma": 8.799475826643015, "lr": 0.8213720415432885}, "datetime": {"datetime": "2024-06-14 01:34:38", "elapsed": 6.963431, "delta": 0.004986}}
{"target": -1508.6133537808703, "params": {"gamma": 8.199874253028593, "lr": 0.46781804781537173}, "datetime": {"datetime": "2024-06-14 01:34:38", "elapsed": 6.968419, "delta": 0.004988}}
{"target": -782.6358886954719, "params": {"gamma": 4.275493453510745, "lr": 0.4010683054344961}, "datetime": {"datetime": "2024-06-14 01:34:38", "elapsed": 6.973405, "delta": 0.004986}}
{"target": -1293.1326158414106, "params": {"gamma": 5.822568206350932, "lr": 0.7289706693761112}, "datetime": {"datetime": "2024-06-14 01:34:38", "elapsed": 6.978391, "delta": 0.004986}}
{"target": -1576.9595692922812, "params": {"gamma": 7.843135731493912, "lr": 0.6547991875604179}, "datetime": {"datetime": "2024-06-14 01:34:38", "elapsed": 6.982381, "delta": 0.00399}}
{"target": -1019.2060923493041, "params": {"gamma": 5.625099180595456, "lr": 0.412392608220297}, "datetime": {"datetime": "2024-06-14 01:34:38", "elapsed": 6.987367, "delta": 0.004986}}
{"target": -598.1491807229673, "params": {"gamma": 3.1998307053765016, "lr": 0.2862477928261852}, "datetime": {"datetime": "2024-06-14 01:34:38", "elapsed": 6.992354, "delta": 0.004987}}
{"target": -659.4118615527337, "params": {"gamma": 2.9624710073123492, "lr": 0.6827528661644432}, "datetime": {"datetime": "2024-06-14 01:34:38", "elapsed": 6.996343, "delta": 0.003989}}
{"target": -1546.289234391074, "params": {"gamma": 7.624649380413635, "lr": 0.5976197869899762}, "datetime": {"datetime": "2024-06-14 01:34:38", "elapsed": 7.00133, "delta": 0.004987}}
{"target": -789.0059525512416, "params": {"gamma": 2.229416058643355, "lr": 0.1943950205047229}, "datetime": {"datetime": "2024-06-14 01:34:38", "elapsed": 7.006317, "delta": 0.004987}}
{"target": -1953.0477847241295, "params": {"gamma": 7.657095501588769, "lr": 0.9786938189750454}, "datetime": {"datetime": "2024-06-14 01:34:38", "elapsed": 7.011303, "delta": 0.004986}}
{"target": -155.2652736009506, "params": {"gamma": 0.1600837059640327, "lr": 0.24889814198257976}, "datetime": {"datetime": "2024-06-14 01:34:38", "elapsed": 7.016291, "delta": 0.004988}}
{"target": -1761.1087403360252, "params": {"gamma": 7.923336404835708, "lr": 0.7191652977533548}, "datetime": {"datetime": "2024-06-14 01:34:38", "elapsed": 7.020279, "delta": 0.003988}}
{"target": -509.84634596377293, "params": {"gamma": 2.4605535974366086, "lr": 0.5548923810758453}, "datetime": {"datetime": "2024-06-14 01:34:38", "elapsed": 7.025266, "delta": 0.004987}}
{"target": -1305.6798767209425, "params": {"gamma": 5.856272355196109, "lr": 0.7213842766472296}, "datetime": {"datetime": "2024-06-14 01:34:38", "elapsed": 7.029893, "delta": 0.004627}}
{"target": -845.9599831580427, "params": {"gamma": 4.637273438415798, "lr": 0.40484847152272274}, "datetime": {"datetime": "2024-06-14 01:34:38", "elapsed": 7.034874, "delta": 0.004981}}
{"target": -827.8441168939689, "params": {"gamma": 3.080786698738075, "lr": 0.23830890840682273}, "datetime": {"datetime": "2024-06-14 01:34:38", "elapsed": 7.039861, "delta": 0.004987}}
{"target": -231.68641126195155, "params": {"gamma": 0.925941078147889, "lr": 0.6458833874176423}, "datetime": {"datetime": "2024-06-14 01:34:38", "elapsed": 7.044847, "delta": 0.004986}}
{"target": -1463.8596541223526, "params": {"gamma": 6.696034914953822, "lr": 0.6873434739168471}, "datetime": {"datetime": "2024-06-14 01:34:38", "elapsed": 7.049834, "delta": 0.004987}}
{"target": -147.6715433067192, "params": {"gamma": 0.03245405892326011, "lr": 0.43825303252098613}, "datetime": {"datetime": "2024-06-14 01:34:38", "elapsed": 7.05482, "delta": 0.004986}}
{"target": -283.147375356816, "params": {"gamma": 1.22641109574872, "lr": 0.5266093357063074}, "datetime": {"datetime": "2024-06-14 01:34:38", "elapsed": 7.05881, "delta": 0.00399}}
{"target": -1797.669156963789, "params": {"gamma": 9.797416469397842, "lr": 0.4992770109633381}, "datetime": {"datetime": "2024-06-14 01:34:38", "elapsed": 7.063797, "delta": 0.004987}}
{"target": -872.2149438029397, "params": {"gamma": 3.747125142755934, "lr": 0.8138399923945955}, "datetime": {"datetime": "2024-06-14 01:34:38", "elapsed": 7.068783, "delta": 0.004986}}
{"target": -1735.3057455385633, "params": {"gamma": 9.68204618100875, "lr": 0.28712337752879535}, "datetime": {"datetime": "2024-06-14 01:34:38", "elapsed": 7.07377, "delta": 0.004987}}
{"target": -2047.5943206865145, "params": {"gamma": 8.030197397425262, "lr": 0.9961414373632698}, "datetime": {"datetime": "2024-06-14 01:34:38", "elapsed": 7.078756, "delta": 0.004986}}
{"target": -264.6553658300559, "params": {"gamma": 1.1191305732763266, "lr": 0.5310473545872221}, "datetime": {"datetime": "2024-06-14 01:34:38", "elapsed": 7.082746, "delta": 0.00399}}
{"target": -1550.4967854259053, "params": {"gamma": 8.135452268270518, "lr": 0.37629418365689815}, "datetime": {"datetime": "2024-06-14 01:34:38", "elapsed": 7.087733, "delta": 0.004987}}
{"target": -1008.8593356445505, "params": {"gamma": 4.4582994882209785, "lr": 0.7509025596645666}, "datetime": {"datetime": "2024-06-14 01:34:38", "elapsed": 7.092719, "delta": 0.004986}}
{"target": -242.94388234137404, "params": {"gamma": 0.9843654431052541, "lr": 0.3605263049964609}, "datetime": {"datetime": "2024-06-14 01:34:38", "elapsed": 7.097706, "delta": 0.004987}}
{"target": -1503.125480613365, "params": {"gamma": 5.637498846609272, "lr": 0.23858559594258377}, "datetime": {"datetime": "2024-06-14 01:34:38", "elapsed": 7.102692, "delta": 0.004986}}
{"target": -1884.9448460765454, "params": {"gamma": 8.399697763448607, "lr": 0.7658509922899394}, "datetime": {"datetime": "2024-06-14 01:34:38", "elapsed": 7.106682, "delta": 0.00399}}
{"target": -1929.8934226941892, "params": {"gamma": 9.655460253343795, "lr": 0.5229880750137287}, "datetime": {"datetime": "2024-06-14 01:34:38", "elapsed": 7.112323, "delta": 0.005641}}
{"target": -303.37512156972434, "params": {"gamma": 1.06614005524794, "lr": 0.936617023061487}, "datetime": {"datetime": "2024-06-14 01:34:38", "elapsed": 7.117306, "delta": 0.004983}}
{"target": -1670.020682713599, "params": {"gamma": 8.342525658973996, "lr": 0.5444181610032376}, "datetime": {"datetime": "2024-06-14 01:34:38", "elapsed": 7.122293, "delta": 0.004987}}
{"target": -2055.981968153227, "params": {"gamma": 8.363186471576656, "lr": 0.8816909193539424}, "datetime": {"datetime": "2024-06-14 01:34:38", "elapsed": 7.12728, "delta": 0.004987}}
{"target": -1547.189431703438, "params": {"gamma": 7.76103529253161, "lr": 0.5712539770424174}, "datetime": {"datetime": "2024-06-14 01:34:38", "elapsed": 7.131271, "delta": 0.003991}}
{"target": -1459.9229371398876, "params": {"gamma": 6.153371915939358, "lr": 0.8443906826433587}, "datetime": {"datetime": "2024-06-14 01:34:38", "elapsed": 7.136258, "delta": 0.004987}}
{"target": -1874.4794045015162, "params": {"gamma": 6.222544146503024, "lr": 0.20647995918763162}, "datetime": {"datetime": "2024-06-14 01:34:38", "elapsed": 7.141245, "delta": 0.004987}}
{"target": -1387.6144898610146, "params": {"gamma": 6.915192747116144, "lr": 0.5320137500773816}, "datetime": {"datetime": "2024-06-14 01:34:38", "elapsed": 7.146231, "delta": 0.004986}}
{"target": -1273.424523583841, "params": {"gamma": 2.633207341942995, "lr": 0.0007865415296364198}, "datetime": {"datetime": "2024-06-14 01:34:38", "elapsed": 7.150221, "delta": 0.00399}}
{"target": -530.9033525298265, "params": {"gamma": 2.3557421152378364, "lr": 0.673566697976032}, "datetime": {"datetime": "2024-06-14 01:34:38", "elapsed": 7.155207, "delta": 0.004986}}
{"target": -2047.9161157111157, "params": {"gamma": 8.783323676609767, "lr": 0.8307025692405677}, "datetime": {"datetime": "2024-06-14 01:34:38", "elapsed": 7.160194, "delta": 0.004987}}
{"target": -541.6058361125333, "params": {"gamma": 1.0819657484995155, "lr": 0.07112497952283825}, "datetime": {"datetime": "2024-06-14 01:34:38", "elapsed": 7.165181, "delta": 0.004987}}
{"target": -1623.9357058850367, "params": {"gamma": 7.616161526478173, "lr": 0.2848333721183067}, "datetime": {"datetime": "2024-06-14 01:34:38", "elapsed": 7.16917, "delta": 0.003989}}
{"target": -1314.2382011729655, "params": {"gamma": 2.718758721913716, "lr": 0.0020003006084317043}, "datetime": {"datetime": "2024-06-14 01:34:38", "elapsed": 7.175154, "delta": 0.005984}}
{"target": -390.93633165005167, "params": {"gamma": 0.9862915673948899, "lr": 0.13559704739235312}, "datetime": {"datetime": "2024-06-14 01:34:38", "elapsed": 7.180141, "delta": 0.004987}}
{"target": -327.2376611447632, "params": {"gamma": 1.5944427020857364, "lr": 0.44531360261536523}, "datetime": {"datetime": "2024-06-14 01:34:38", "elapsed": 7.18413, "delta": 0.003989}}
{"target": -1874.9315762194312, "params": {"gamma": 8.141544011423479, "lr": 0.8122981153684475}, "datetime": {"datetime": "2024-06-14 01:34:38", "elapsed": 7.189116, "delta": 0.004986}}
{"target": -1674.9428298166433, "params": {"gamma": 9.099986227202798, "lr": 0.4435920386203337}, "datetime": {"datetime": "2024-06-14 01:34:38", "elapsed": 7.194103, "delta": 0.004987}}
{"target": -1307.3992068610423, "params": {"gamma": 7.087396368942189, "lr": 0.4883341181204487}, "datetime": {"datetime": "2024-06-14 01:34:38", "elapsed": 7.19909, "delta": 0.004987}}
{"target": -287.62671245734276, "params": {"gamma": 0.49937573878707536, "lr": 0.0804314339695471}, "datetime": {"datetime": "2024-06-14 01:34:38", "elapsed": 7.203079, "delta": 0.003989}}
{"target": -641.0647345941329, "params": {"gamma": 2.4601774098261746, "lr": 0.9816217286230167}, "datetime": {"datetime": "2024-06-14 01:34:38", "elapsed": 7.208066, "delta": 0.004987}}
{"target": -1483.9895560353632, "params": {"gamma": 6.919480375538572, "lr": 0.26800758185732043}, "datetime": {"datetime": "2024-06-14 01:34:38", "elapsed": 7.213052, "delta": 0.004986}}
{"target": -1421.820045730511, "params": {"gamma": 7.062926182268611, "lr": 0.6613461343815696}, "datetime": {"datetime": "2024-06-14 01:34:38", "elapsed": 7.218039, "delta": 0.004987}}
{"target": -167.46253931902632, "params": {"gamma": 0.4338583185782008, "lr": 0.3614875846417379}, "datetime": {"datetime": "2024-06-14 01:34:38", "elapsed": 7.223027, "delta": 0.004988}}
{"target": -3718.4667741482344, "params": {"gamma": 7.737506106039536, "lr": 0.07852291483410356}, "datetime": {"datetime": "2024-06-14 01:34:38", "elapsed": 7.227015, "delta": 0.003988}}
{"target": -2253.8276958827437, "params": {"gamma": 8.84395678364194, "lr": 0.9308682962545582}, "datetime": {"datetime": "2024-06-14 01:34:38", "elapsed": 7.232509, "delta": 0.005494}}
{"target": -3377.057080316114, "params": {"gamma": 8.531002038386509, "lr": 0.117377604100948}, "datetime": {"datetime": "2024-06-14 01:34:38", "elapsed": 7.237495, "delta": 0.004986}}
{"target": -1254.407767883912, "params": {"gamma": 5.652169643537417, "lr": 0.7075599478322232}, "datetime": {"datetime": "2024-06-14 01:34:38", "elapsed": 7.241485, "delta": 0.00399}}
{"target": -4084.202527638258, "params": {"gamma": 8.879912919311819, "lr": 0.09577602929981288}, "datetime": {"datetime": "2024-06-14 01:34:38", "elapsed": 7.246471, "delta": 0.004986}}
{"target": -1738.1672657447748, "params": {"gamma": 8.157890074908734, "lr": 0.27801633166878204}, "datetime": {"datetime": "2024-06-14 01:34:38", "elapsed": 7.251458, "delta": 0.004987}}
{"target": -1320.4343163204087, "params": {"gamma": 5.923281570273373, "lr": 0.7197957093739197}, "datetime": {"datetime": "2024-06-14 01:34:38", "elapsed": 7.256447, "delta": 0.004989}}
{"target": -1398.9891339963397, "params": {"gamma": 7.7704144744548165, "lr": 0.29466484899886947}, "datetime": {"datetime": "2024-06-14 01:34:38", "elapsed": 7.261431, "delta": 0.004984}}
{"target": -1100.782875811641, "params": {"gamma": 6.074158012949801, "lr": 0.2874728742023305}, "datetime": {"datetime": "2024-06-14 01:34:38", "elapsed": 7.266418, "delta": 0.004987}}
{"target": -2295.719517117346, "params": {"gamma": 9.983169186094411, "lr": 0.8145056079423507}, "datetime": {"datetime": "2024-06-14 01:34:38", "elapsed": 7.270408, "delta": 0.00399}}
{"target": -1026.9645728189691, "params": {"gamma": 4.140365184777405, "lr": 0.8791421856642359}, "datetime": {"datetime": "2024-06-14 01:34:38", "elapsed": 7.275394, "delta": 0.004986}}
{"target": -1868.9701755579918, "params": {"gamma": 7.325278649969429, "lr": 0.928746930727756}, "datetime": {"datetime": "2024-06-14 01:34:38", "elapsed": 7.280382, "delta": 0.004988}}
{"target": -346.7680775838884, "params": {"gamma": 1.7169353317749951, "lr": 0.2948350049208741}, "datetime": {"datetime": "2024-06-14 01:34:38", "elapsed": 7.285367, "delta": 0.004985}}
{"target": -225.34768402517574, "params": {"gamma": 0.9382730240703474, "lr": 0.3179810316787127}, "datetime": {"datetime": "2024-06-14 01:34:38", "elapsed": 7.290355, "delta": 0.004988}}
{"target": -782.886605151104, "params": {"gamma": 3.812504948851634, "lr": 0.6327125396187535}, "datetime": {"datetime": "2024-06-14 01:34:38", "elapsed": 7.295341, "delta": 0.004986}}
{"target": -1054.7672082837669, "params": {"gamma": 4.715727863547479, "lr": 0.717668980777047}, "datetime": {"datetime": "2024-06-14 01:34:38", "elapsed": 7.300327, "delta": 0.004986}}
{"target": -1032.9492020948067, "params": {"gamma": 2.692966111483643, "lr": 0.17305671918218446}, "datetime": {"datetime": "2024-06-14 01:34:38", "elapsed": 7.305314, "delta": 0.004987}}
{"target": -716.3947264612733, "params": {"gamma": 3.7918469051508774, "lr": 0.43808143742785455}, "datetime": {"datetime": "2024-06-14 01:34:38", "elapsed": 7.310301, "delta": 0.004987}}
{"target": -1085.6322766936457, "params": {"gamma": 4.221843551590521, "lr": 0.913569686661525}, "datetime": {"datetime": "2024-06-14 01:34:38", "elapsed": 7.315287, "delta": 0.004986}}
{"target": -550.4584430963821, "params": {"gamma": 2.696400616451196, "lr": 0.3520434026951569}, "datetime": {"datetime": "2024-06-14 01:34:38", "elapsed": 7.319884, "delta": 0.004597}}
{"target": -439.3134236133434, "params": {"gamma": 2.1528813919731067, "lr": 0.37192301140427286}, "datetime": {"datetime": "2024-06-14 01:34:38", "elapsed": 7.324539, "delta": 0.004655}}
{"target": -801.2493849222683, "params": {"gamma": 3.8991640529202587, "lr": 0.5754270571118745}, "datetime": {"datetime": "2024-06-14 01:34:38", "elapsed": 7.329688, "delta": 0.005149}}
{"target": -613.0995499642564, "params": {"gamma": 2.7843714212458077, "lr": 0.2594923085078481}, "datetime": {"datetime": "2024-06-14 01:34:38", "elapsed": 7.333803, "delta": 0.004115}}
{"target": -1838.5169620512524, "params": {"gamma": 7.190894889170183, "lr": 0.9101787075725445}, "datetime": {"datetime": "2024-06-14 01:34:38", "elapsed": 7.33879, "delta": 0.004987}}
{"target": -449.14334517173774, "params": {"gamma": 1.2218460988148518, "lr": 0.18228897074998485}, "datetime": {"datetime": "2024-06-14 01:34:38", "elapsed": 7.344056, "delta": 0.005266}}
{"target": -320.99183413727144, "params": {"gamma": 1.3319633391141557, "lr": 0.6836076828044971}, "datetime": {"datetime": "2024-06-14 01:34:38", "elapsed": 7.349043, "delta": 0.004987}}
{"target": -450.3479526604415, "params": {"gamma": 2.1408837173038955, "lr": 0.6045716033063737}, "datetime": {"datetime": "2024-06-14 01:34:38", "elapsed": 7.354029, "delta": 0.004986}}
{"target": -483.4800792067551, "params": {"gamma": 2.0175856692950274, "lr": 0.8177571936931245}, "datetime": {"datetime": "2024-06-14 01:34:38", "elapsed": 7.359016, "delta": 0.004987}}
{"target": -701.9264342290177, "params": {"gamma": 3.161755215449723, "lr": 0.6696167646858762}, "datetime": {"datetime": "2024-06-14 01:34:38", "elapsed": 7.364002, "delta": 0.004986}}
{"target": -307.6422308229325, "params": {"gamma": 1.4881868944628063, "lr": 0.30594544708616045}, "datetime": {"datetime": "2024-06-14 01:34:38", "elapsed": 7.367992, "delta": 0.00399}}
{"target": -616.730842560731, "params": {"gamma": 2.9731172115714624, "lr": 0.6350799325450489}, "datetime": {"datetime": "2024-06-14 01:34:38", "elapsed": 7.372979, "delta": 0.004987}}
{"target": -1613.5884984320478, "params": {"gamma": 6.809124390706244, "lr": 0.8452486465038237}, "datetime": {"datetime": "2024-06-14 01:34:38", "elapsed": 7.378517, "delta": 0.005538}}
{"target": -433.66636275346093, "params": {"gamma": 1.8342857207824639, "lr": 0.7604297643064385}, "datetime": {"datetime": "2024-06-14 01:34:38", "elapsed": 7.382506, "delta": 0.003989}}
{"target": -1420.9437702199634, "params": {"gamma": 7.119682083391317, "lr": 0.5575439140774725}, "datetime": {"datetime": "2024-06-14 01:34:38", "elapsed": 7.387493, "delta": 0.004987}}
{"target": -3057.79727282514, "params": {"gamma": 6.50197970017053, "lr": 0.0899951030326972}, "datetime": {"datetime": "2024-06-14 01:34:38", "elapsed": 7.39248, "delta": 0.004987}}
{"target": -302.2177503918149, "params": {"gamma": 1.4696112814099909, "lr": 0.41557172071663584}, "datetime": {"datetime": "2024-06-14 01:34:38", "elapsed": 7.397466, "delta": 0.004986}}
{"target": -2703.7677679422727, "params": {"gamma": 7.1139955123219485, "lr": 0.16782116362359434}, "datetime": {"datetime": "2024-06-14 01:34:38", "elapsed": 7.402453, "delta": 0.004987}}
{"target": -730.6556536673236, "params": {"gamma": 3.8904024131038595, "lr": 0.49794595388742613}, "datetime": {"datetime": "2024-06-14 01:34:38", "elapsed": 7.406443, "delta": 0.00399}}
{"target": -4491.896127600286, "params": {"gamma": 9.350522223405173, "lr": 0.055196248654505564}, "datetime": {"datetime": "2024-06-14 01:34:38", "elapsed": 7.411429, "delta": 0.004986}}
{"target": -2113.4963920693754, "params": {"gamma": 8.290245901995016, "lr": 0.9841598458987846}, "datetime": {"datetime": "2024-06-14 01:34:38", "elapsed": 7.416416, "delta": 0.004987}}
{"target": -680.2361483242117, "params": {"gamma": 2.6734588625853686, "lr": 0.8900573037740913}, "datetime": {"datetime": "2024-06-14 01:34:38", "elapsed": 7.421402, "delta": 0.004986}}
{"target": -669.5949687133472, "params": {"gamma": 2.9037110876153163, "lr": 0.7990074981966317}, "datetime": {"datetime": "2024-06-14 01:34:38", "elapsed": 7.426389, "delta": 0.004987}}
{"target": -940.7705061249197, "params": {"gamma": 4.599113822624364, "lr": 0.59760864887687}, "datetime": {"datetime": "2024-06-14 01:34:38", "elapsed": 7.430888, "delta": 0.004499}}
{"target": -533.3628901038979, "params": {"gamma": 2.367437100274259, "lr": 0.687614962160815}, "datetime": {"datetime": "2024-06-14 01:34:38", "elapsed": 7.435871, "delta": 0.004983}}
{"target": -328.35832769466714, "params": {"gamma": 1.4876999762661907, "lr": 0.5596864990017729}, "datetime": {"datetime": "2024-06-14 01:34:38", "elapsed": 7.440857, "delta": 0.004986}}
{"target": -1176.6852660033435, "params": {"gamma": 4.943794976509587, "lr": 0.8372059959494197}, "datetime": {"datetime": "2024-06-14 01:34:38", "elapsed": 7.445844, "delta": 0.004987}}
{"target": -1095.17232415037, "params": {"gamma": 4.815203685221957, "lr": 0.7847309599867293}, "datetime": {"datetime": "2024-06-14 01:34:38", "elapsed": 7.450831, "delta": 0.004987}}
{"target": -731.8929396350604, "params": {"gamma": 4.003542773051022, "lr": 0.3079059334309052}, "datetime": {"datetime": "2024-06-14 01:34:38", "elapsed": 7.455819, "delta": 0.004988}}
{"target": -1414.2023034234433, "params": {"gamma": 7.872484136639694, "lr": 0.4184642639114249}, "datetime": {"datetime": "2024-06-14 01:34:38", "elapsed": 7.460804, "delta": 0.004985}}
{"target": -1014.4819180082404, "params": {"gamma": 4.968163846072137, "lr": 0.577322531324329}, "datetime": {"datetime": "2024-06-14 01:34:38", "elapsed": 7.465791, "delta": 0.004987}}
{"target": -1660.9549974280574, "params": {"gamma": 8.196837713155396, "lr": 0.5813199746267194}, "datetime": {"datetime": "2024-06-14 01:34:38", "elapsed": 7.470777, "delta": 0.004986}}
{"target": -1509.5316441922266, "params": {"gamma": 4.062022883905419, "lr": 0.16058682850924277}, "datetime": {"datetime": "2024-06-14 01:34:38", "elapsed": 7.475781, "delta": 0.005004}}
{"target": -1728.7145490675825, "params": {"gamma": 7.021410937836175, "lr": 0.8832328216518347}, "datetime": {"datetime": "2024-06-14 01:34:38", "elapsed": 7.480767, "delta": 0.004986}}
{"target": -245.3951074494475, "params": {"gamma": 1.0846805001536175, "lr": 0.46621397581308155}, "datetime": {"datetime": "2024-06-14 01:34:38", "elapsed": 7.485754, "delta": 0.004987}}
{"target": -1859.1758672428427, "params": {"gamma": 9.34542051628517, "lr": 0.5635091674751708}, "datetime": {"datetime": "2024-06-14 01:34:38", "elapsed": 7.490742, "delta": 0.004988}}
{"target": -2623.172133001519, "params": {"gamma": 5.452989887556196, "lr": 0.06347554987814286}, "datetime": {"datetime": "2024-06-14 01:34:38", "elapsed": 7.495727, "delta": 0.004985}}
{"target": -1082.227717080926, "params": {"gamma": 5.353466496108746, "lr": 0.654541303819938}, "datetime": {"datetime": "2024-06-14 01:34:38", "elapsed": 7.500714, "delta": 0.004987}}
{"target": -397.425576676888, "params": {"gamma": 1.466771864485812, "lr": 0.9563647276468465}, "datetime": {"datetime": "2024-06-14 01:34:38", "elapsed": 7.505701, "delta": 0.004987}}
{"target": -448.74921448126804, "params": {"gamma": 1.962311768641484, "lr": 0.673925993557942}, "datetime": {"datetime": "2024-06-14 01:34:38", "elapsed": 7.510688, "delta": 0.004987}}
{"target": -1243.3190811936333, "params": {"gamma": 2.744137192928587, "lr": 0.10843083383187457}, "datetime": {"datetime": "2024-06-14 01:34:38", "elapsed": 7.515674, "delta": 0.004986}}
