{"target": -333.0697051546083, "params": {"gamma": 5.618566827974954, "prior": 4.710139830525047, "rate": 1.5828405185913081}, "datetime": {"datetime": "2024-06-14 06:59:17", "elapsed": 13.205941, "delta": 0.009973}}
{"target": -130.20649498065993, "params": {"gamma": 0.46548205758633604, "prior": 4.691938262951814, "rate": 6.54336650017196}, "datetime": {"datetime": "2024-06-14 06:59:17", "elapsed": 13.214917, "delta": 0.008976}}
{"target": -139.11024809337997, "params": {"gamma": 2.1262506191650012, "prior": 4.059501088269441, "rate": 4.976881207213625}, "datetime": {"datetime": "2024-06-14 06:59:17", "elapsed": 13.224891, "delta": 0.009974}}
{"target": -371.10588669564925, "params": {"gamma": 9.549084662565308, "prior": 8.786706772952215, "rate": 8.740622431637016}, "datetime": {"datetime": "2024-06-14 06:59:17", "elapsed": 13.234864, "delta": 0.009973}}
{"target": -600.5793279479626, "params": {"gamma": 9.966008787860254, "prior": 7.7571875030905035, "rate": 2.031395720720704}, "datetime": {"datetime": "2024-06-14 06:59:17", "elapsed": 13.244837, "delta": 0.009973}}
{"target": -306.9119863047908, "params": {"gamma": 8.399033519310658, "prior": 1.7458576605066427, "rate": 8.890981709818412}, "datetime": {"datetime": "2024-06-14 06:59:17", "elapsed": 13.254811, "delta": 0.009974}}
{"target": -158.5775283971934, "params": {"gamma": 3.3864593795504314, "prior": 2.950652172676902, "rate": 6.06262377611874}, "datetime": {"datetime": "2024-06-14 06:59:17", "elapsed": 13.264784, "delta": 0.009973}}
{"target": -140.8360014172119, "params": {"gamma": 0.6070548531937172, "prior": 9.080172928574301, "rate": 3.8113259129552914}, "datetime": {"datetime": "2024-06-14 06:59:17", "elapsed": 13.27376, "delta": 0.008976}}
{"target": -315.2778431066541, "params": {"gamma": 7.900041725850161, "prior": 7.134419608014303, "rate": 7.0417771519431795}, "datetime": {"datetime": "2024-06-14 06:59:17", "elapsed": 13.283733, "delta": 0.009973}}
{"target": -212.48486688785064, "params": {"gamma": 5.326729042736205, "prior": 4.720087553406988, "rate": 6.454333923418758}, "datetime": {"datetime": "2024-06-14 06:59:17", "elapsed": 13.293707, "delta": 0.009974}}
{"target": -243.84467977425592, "params": {"gamma": 6.916080494254339, "prior": 2.434600133254994, "rate": 7.538328274742676}, "datetime": {"datetime": "2024-06-14 06:59:17", "elapsed": 13.303719, "delta": 0.010012}}
{"target": -380.54090695896997, "params": {"gamma": 9.366235064689338, "prior": 8.169466711621713, "rate": 7.306366078682459}, "datetime": {"datetime": "2024-06-14 06:59:17", "elapsed": 13.313653, "delta": 0.009934}}
{"target": -343.31821273550537, "params": {"gamma": 8.217287677383837, "prior": 0.1688536836406846, "rate": 1.7490656420010366}, "datetime": {"datetime": "2024-06-14 06:59:17", "elapsed": 13.323627, "delta": 0.009974}}
{"target": -165.5205086615136, "params": {"gamma": 3.4204500359621868, "prior": 7.36182952566306, "rate": 9.783754518567227}, "datetime": {"datetime": "2024-06-14 06:59:17", "elapsed": 13.3336, "delta": 0.009973}}
{"target": -251.31565041544152, "params": {"gamma": 7.329045588922614, "prior": 4.842030034998996, "rate": 9.210597067436987}, "datetime": {"datetime": "2024-06-14 06:59:17", "elapsed": 13.342576, "delta": 0.008976}}
{"target": -354.3879810997396, "params": {"gamma": 3.7776137015044906, "prior": 6.452737261640754, "rate": 0.01604319738412774}, "datetime": {"datetime": "2024-06-14 06:59:17", "elapsed": 13.35255, "delta": 0.009974}}
{"target": -132.77858958323083, "params": {"gamma": 1.794416084834932, "prior": 3.0189038120395777, "rate": 3.8705109944468274}, "datetime": {"datetime": "2024-06-14 06:59:17", "elapsed": 13.362522, "delta": 0.009972}}
{"target": -278.3861952308553, "params": {"gamma": 4.598745249224747, "prior": 7.987515713645756, "rate": 2.7991759941470526}, "datetime": {"datetime": "2024-06-14 06:59:17", "elapsed": 13.372496, "delta": 0.009974}}
{"target": -122.65274472569422, "params": {"gamma": 0.8275331899589359, "prior": 5.261564230524021, "rate": 9.81153872947284}, "datetime": {"datetime": "2024-06-14 06:59:17", "elapsed": 13.382469, "delta": 0.009973}}
{"target": -173.38739092545782, "params": {"gamma": 4.00818395641571, "prior": 2.6461917102343175, "rate": 7.763638646345232}, "datetime": {"datetime": "2024-06-14 06:59:17", "elapsed": 13.391445, "delta": 0.008976}}
{"target": -317.3614077434856, "params": {"gamma": 6.156219784190765, "prior": 0.17472852864200794, "rate": 9.862064844626225}, "datetime": {"datetime": "2024-06-14 06:59:17", "elapsed": 13.401419, "delta": 0.009974}}
{"target": -191.84314746857336, "params": {"gamma": 4.889696405678729, "prior": 3.109816521594326, "rate": 6.651105432765965}, "datetime": {"datetime": "2024-06-14 06:59:17", "elapsed": 13.411392, "delta": 0.009973}}
{"target": -151.79780551139612, "params": {"gamma": 2.8563222513640976, "prior": 4.689084919733314, "rate": 6.518558892191261}, "datetime": {"datetime": "2024-06-14 06:59:17", "elapsed": 13.421366, "delta": 0.009974}}
{"target": -124.24985677192653, "params": {"gamma": 1.2196983897335782, "prior": 4.725508951667924, "rate": 7.35232222858189}, "datetime": {"datetime": "2024-06-14 06:59:17", "elapsed": 13.431342, "delta": 0.009976}}
{"target": -442.48063341770813, "params": {"gamma": 9.605219885684939, "prior": 0.3117559709580553, "rate": 8.324959625901556}, "datetime": {"datetime": "2024-06-14 06:59:17", "elapsed": 13.441315, "delta": 0.009973}}
{"target": -372.19039371390187, "params": {"gamma": 9.391521053346748, "prior": 9.859596421590911, "rate": 9.378378518554022}, "datetime": {"datetime": "2024-06-14 06:59:17", "elapsed": 13.450291, "delta": 0.008976}}
{"target": -165.44023314023755, "params": {"gamma": 1.2933848293668193, "prior": 8.871599920049611, "rate": 1.529468431828893}, "datetime": {"datetime": "2024-06-14 06:59:17", "elapsed": 13.460264, "delta": 0.009973}}
{"target": -190.93150470954066, "params": {"gamma": 3.6058030535750842, "prior": 3.6755031909663085, "rate": 2.7985741373137722}, "datetime": {"datetime": "2024-06-14 06:59:17", "elapsed": 13.470238, "delta": 0.009974}}
{"target": -270.7670492638622, "params": {"gamma": 3.548687634297447, "prior": 5.475715491805219, "rate": 0.7860916495607814}, "datetime": {"datetime": "2024-06-14 06:59:17", "elapsed": 13.480211, "delta": 0.009973}}
{"target": -259.50203594666715, "params": {"gamma": 3.7293238414408294, "prior": 5.873866921901378, "rate": 1.3433598503872748}, "datetime": {"datetime": "2024-06-14 06:59:17", "elapsed": 13.490184, "delta": 0.009973}}
{"target": -197.83509928424112, "params": {"gamma": 2.430636464974349, "prior": 3.1965129173207756, "rate": 0.7462639779838585}, "datetime": {"datetime": "2024-06-14 06:59:17", "elapsed": 13.500158, "delta": 0.009974}}
{"target": -280.2877777995917, "params": {"gamma": 8.077100262224654, "prior": 2.7076349809785905, "rate": 4.106599490946104}, "datetime": {"datetime": "2024-06-14 06:59:17", "elapsed": 13.51168, "delta": 0.011522}}
{"target": -242.72705874382285, "params": {"gamma": 4.054723246527664, "prior": 3.1168827992527173, "rate": 1.2782527317471344}, "datetime": {"datetime": "2024-06-14 06:59:17", "elapsed": 13.521653, "delta": 0.009973}}
{"target": -490.7416728245983, "params": {"gamma": 8.935700181344412, "prior": 6.8458089939758615, "rate": 2.669647727792136}, "datetime": {"datetime": "2024-06-14 06:59:17", "elapsed": 13.531627, "delta": 0.009974}}
{"target": -121.39554903888079, "params": {"gamma": 0.9252168378068174, "prior": 1.3226006592467376, "rate": 2.765087577252426}, "datetime": {"datetime": "2024-06-14 06:59:17", "elapsed": 13.5416, "delta": 0.009973}}
{"target": -124.57694152909616, "params": {"gamma": 0.49138574517622646, "prior": 1.536953953174493, "rate": 4.75082044615585}, "datetime": {"datetime": "2024-06-14 06:59:17", "elapsed": 13.551573, "delta": 0.009973}}
{"target": -310.60301851954864, "params": {"gamma": 9.359858045746865, "prior": 4.39728295824498, "rate": 7.091695404396912}, "datetime": {"datetime": "2024-06-14 06:59:17", "elapsed": 13.561105, "delta": 0.009532}}
{"target": -382.152176605518, "params": {"gamma": 5.703480436122253, "prior": 9.764817437319463, "rate": 1.7829338600348927}, "datetime": {"datetime": "2024-06-14 06:59:17", "elapsed": 13.571078, "delta": 0.009973}}
{"target": -252.7361246232891, "params": {"gamma": 7.391311728201115, "prior": 3.56902627908651, "rate": 9.912129823702113}, "datetime": {"datetime": "2024-06-14 06:59:17", "elapsed": 13.581051, "delta": 0.009973}}
{"target": -182.0575836813825, "params": {"gamma": 3.5287645393308957, "prior": 9.789953507003169, "rate": 8.603854098454429}, "datetime": {"datetime": "2024-06-14 06:59:17", "elapsed": 13.591025, "delta": 0.009974}}
{"target": -236.56429408281988, "params": {"gamma": 5.97776886311117, "prior": 0.3717347713456658, "rate": 1.8561349624416226}, "datetime": {"datetime": "2024-06-14 06:59:17", "elapsed": 13.600001, "delta": 0.008976}}
{"target": -155.28140832252598, "params": {"gamma": 0.5660612431019523, "prior": 7.945371439682299, "rate": 0.7404368885098506}, "datetime": {"datetime": "2024-06-14 06:59:17", "elapsed": 13.609974, "delta": 0.009973}}
{"target": -307.7189399532545, "params": {"gamma": 7.864807897266238, "prior": 0.37672330549397026, "rate": 2.552807324311116}, "datetime": {"datetime": "2024-06-14 06:59:17", "elapsed": 13.61995, "delta": 0.009976}}
{"target": -162.84821340500537, "params": {"gamma": 2.9765362830187123, "prior": 5.689604254646701, "rate": 5.621050378621821}, "datetime": {"datetime": "2024-06-14 06:59:17", "elapsed": 13.630918, "delta": 0.010968}}
{"target": -541.6265090151771, "params": {"gamma": 8.874122245059352, "prior": 6.41003665642897, "rate": 1.615458841587833}, "datetime": {"datetime": "2024-06-14 06:59:17", "elapsed": 13.640892, "delta": 0.009974}}
{"target": -139.64028624628457, "params": {"gamma": 0.27092093445094007, "prior": 7.6436267297477904, "rate": 5.3561524093705035}, "datetime": {"datetime": "2024-06-14 06:59:17", "elapsed": 13.649868, "delta": 0.008976}}
{"target": -223.38215904993925, "params": {"gamma": 5.786712866351162, "prior": 4.199639973876964, "rate": 5.898561065889926}, "datetime": {"datetime": "2024-06-14 06:59:17", "elapsed": 13.659841, "delta": 0.009973}}
{"target": -181.34049211166442, "params": {"gamma": 4.056908149188704, "prior": 4.512354814204365, "rate": 5.927803620451909}, "datetime": {"datetime": "2024-06-14 06:59:17", "elapsed": 13.669815, "delta": 0.009974}}
{"target": -238.68639761946454, "params": {"gamma": 4.923952760842727, "prior": 0.685123570453242, "rate": 9.767920289447702}, "datetime": {"datetime": "2024-06-14 06:59:17", "elapsed": 13.679788, "delta": 0.009973}}
{"target": -298.2547331808907, "params": {"gamma": 8.55152126248045, "prior": 3.8529477154984746, "rate": 5.465701902352132}, "datetime": {"datetime": "2024-06-14 06:59:17", "elapsed": 13.689761, "delta": 0.009973}}
{"target": -297.7715109105936, "params": {"gamma": 9.328810392069327, "prior": 4.039856882837672, "rate": 9.447782220977258}, "datetime": {"datetime": "2024-06-14 06:59:17", "elapsed": 13.699734, "delta": 0.009973}}
{"target": -136.1620261591912, "params": {"gamma": 0.3058322755797807, "prior": 7.483415270128151, "rate": 7.9702691040219795}, "datetime": {"datetime": "2024-06-14 06:59:17", "elapsed": 13.70871, "delta": 0.008976}}
{"target": -130.6243260126771, "params": {"gamma": 1.93915729117472, "prior": 1.7123810753953614, "rate": 5.911191778228094}, "datetime": {"datetime": "2024-06-14 06:59:17", "elapsed": 13.72367, "delta": 0.01496}}
{"target": -317.6175416920908, "params": {"gamma": 4.797437426866516, "prior": 5.906771763997412, "rate": 1.3235786977154271}, "datetime": {"datetime": "2024-06-14 06:59:17", "elapsed": 13.733644, "delta": 0.009974}}
{"target": -150.39379019463814, "params": {"gamma": 2.7780929606304388, "prior": 0.789756371223281, "rate": 1.0808592298701158}, "datetime": {"datetime": "2024-06-14 06:59:17", "elapsed": 13.74262, "delta": 0.008976}}
{"target": -321.9131867650917, "params": {"gamma": 7.164060397933428, "prior": 0.3613793596910616, "rate": 5.396963570672858}, "datetime": {"datetime": "2024-06-14 06:59:17", "elapsed": 13.752593, "delta": 0.009973}}
{"target": -179.71398683369074, "params": {"gamma": 2.9873312333774114, "prior": 8.698123271650664, "rate": 5.4508437359806505}, "datetime": {"datetime": "2024-06-14 06:59:17", "elapsed": 13.762567, "delta": 0.009974}}
{"target": -386.1085456597106, "params": {"gamma": 9.975479797714407, "prior": 5.654651317130731, "rate": 5.621416031788874}, "datetime": {"datetime": "2024-06-14 06:59:17", "elapsed": 13.77254, "delta": 0.009973}}
{"target": -159.8294745577309, "params": {"gamma": 3.351731873456963, "prior": 2.598016846624347, "rate": 4.27426940599577}, "datetime": {"datetime": "2024-06-14 06:59:17", "elapsed": 13.782513, "delta": 0.009973}}
{"target": -140.3007076252719, "params": {"gamma": 2.2725263696062235, "prior": 0.8016724751186088, "rate": 4.2510872816074885}, "datetime": {"datetime": "2024-06-14 06:59:17", "elapsed": 13.792905, "delta": 0.010392}}
{"target": -143.97119845888682, "params": {"gamma": 1.0650645144221098, "prior": 7.2588960645487015, "rate": 2.984641891979689}, "datetime": {"datetime": "2024-06-14 06:59:17", "elapsed": 13.802879, "delta": 0.009974}}
{"target": -196.50052327821624, "params": {"gamma": 4.904126225336482, "prior": 2.036274494273748, "rate": 6.808584262587829}, "datetime": {"datetime": "2024-06-14 06:59:17", "elapsed": 13.812852, "delta": 0.009973}}
{"target": -628.0504972552844, "params": {"gamma": 8.308430641906321, "prior": 2.282027181056831, "rate": 0.07907888226929988}, "datetime": {"datetime": "2024-06-14 06:59:17", "elapsed": 13.822825, "delta": 0.009973}}
{"target": -173.59897319517162, "params": {"gamma": 2.5097921802793786, "prior": 6.31359939215205, "rate": 3.1088574555471813}, "datetime": {"datetime": "2024-06-14 06:59:17", "elapsed": 13.833796, "delta": 0.010971}}
{"target": -446.2697984193377, "params": {"gamma": 8.36222517696091, "prior": 8.542118072949869, "rate": 3.7180338874028376}, "datetime": {"datetime": "2024-06-14 06:59:17", "elapsed": 13.84377, "delta": 0.009974}}
{"target": -200.87743442416598, "params": {"gamma": 3.6539795857073187, "prior": 0.2639694600704467, "rate": 5.497237804999031}, "datetime": {"datetime": "2024-06-14 06:59:17", "elapsed": 13.853743, "delta": 0.009973}}
{"target": -150.60754428784173, "params": {"gamma": 1.5435516702923755, "prior": 1.2155274275217443, "rate": 0.5343279544192256}, "datetime": {"datetime": "2024-06-14 06:59:17", "elapsed": 13.863716, "delta": 0.009973}}
{"target": -175.97417670656887, "params": {"gamma": 1.7936587903460857, "prior": 1.6437150285544317, "rate": 0.3558683019833646}, "datetime": {"datetime": "2024-06-14 06:59:17", "elapsed": 13.87369, "delta": 0.009974}}
{"target": -471.3676581540024, "params": {"gamma": 9.82434211273752, "prior": 6.617214564837837, "rate": 3.8705537217530446}, "datetime": {"datetime": "2024-06-14 06:59:17", "elapsed": 13.883671, "delta": 0.009981}}
{"target": -119.34157488844185, "params": {"gamma": 0.6257922981876658, "prior": 0.5677285559900357, "rate": 8.049719394631913}, "datetime": {"datetime": "2024-06-14 06:59:17", "elapsed": 13.892641, "delta": 0.00897}}
{"target": -183.11498092119692, "params": {"gamma": 4.228375279460253, "prior": 1.1717762927933444, "rate": 1.6711743461337876}, "datetime": {"datetime": "2024-06-14 06:59:17", "elapsed": 13.90282, "delta": 0.010179}}
{"target": -432.0658400402276, "params": {"gamma": 6.802265132639049, "prior": 4.329618010053698, "rate": 0.9689860913418493}, "datetime": {"datetime": "2024-06-14 06:59:17", "elapsed": 13.913791, "delta": 0.010971}}
{"target": -180.57959098103174, "params": {"gamma": 3.920704589637105, "prior": 0.5430825876121436, "rate": 2.710990200499908}, "datetime": {"datetime": "2024-06-14 06:59:17", "elapsed": 13.922767, "delta": 0.008976}}
{"target": -198.51170549943163, "params": {"gamma": 5.031293904777502, "prior": 4.6290449340530495, "rate": 7.686577408158113}, "datetime": {"datetime": "2024-06-14 06:59:17", "elapsed": 13.93274, "delta": 0.009973}}
{"target": -163.82019775093437, "params": {"gamma": 1.6031430865858975, "prior": 5.149437940488653, "rate": 1.4161287835344174}, "datetime": {"datetime": "2024-06-14 06:59:17", "elapsed": 13.942717, "delta": 0.009977}}
{"target": -165.56876620619892, "params": {"gamma": 1.8945065357360218, "prior": 4.157996176719801, "rate": 1.4594799700408772}, "datetime": {"datetime": "2024-06-14 06:59:17", "elapsed": 13.952906, "delta": 0.010189}}
{"target": -209.16718823793, "params": {"gamma": 5.623712931107031, "prior": 4.6067950147829295, "rate": 9.42102448081776}, "datetime": {"datetime": "2024-06-14 06:59:17", "elapsed": 13.961882, "delta": 0.008976}}
{"target": -260.64051988663954, "params": {"gamma": 6.700279053399254, "prior": 1.1211081382406665, "rate": 6.071461447289983}, "datetime": {"datetime": "2024-06-14 06:59:17", "elapsed": 13.971855, "delta": 0.009973}}
{"target": -185.46399486855307, "params": {"gamma": 4.203872166556974, "prior": 5.056256533803172, "rate": 6.558399608979977}, "datetime": {"datetime": "2024-06-14 06:59:17", "elapsed": 13.981828, "delta": 0.009973}}
{"target": -133.43635603577783, "params": {"gamma": 1.857995271651951, "prior": 3.659391503666097, "rate": 4.80431758722436}, "datetime": {"datetime": "2024-06-14 06:59:17", "elapsed": 13.991802, "delta": 0.009974}}
{"target": -224.83097600926465, "params": {"gamma": 6.148214863550358, "prior": 2.9270157375806125, "rate": 5.028231781609626}, "datetime": {"datetime": "2024-06-14 06:59:17", "elapsed": 14.001775, "delta": 0.009973}}
{"target": -175.44013467694532, "params": {"gamma": 2.786182582989594, "prior": 5.766659556664776, "rate": 3.423551750452962}, "datetime": {"datetime": "2024-06-14 06:59:17", "elapsed": 14.011748, "delta": 0.009973}}
{"target": -310.7077054620416, "params": {"gamma": 8.3917704255985, "prior": 6.890536777175542, "rate": 8.16146205993121}, "datetime": {"datetime": "2024-06-14 06:59:17", "elapsed": 14.021722, "delta": 0.009974}}
{"target": -124.1066777367655, "params": {"gamma": 1.5433064281287947, "prior": 1.933417151252388, "rate": 5.426405215883123}, "datetime": {"datetime": "2024-06-14 06:59:17", "elapsed": 14.031695, "delta": 0.009973}}
{"target": -136.1801637643264, "params": {"gamma": 0.6149211908273852, "prior": 5.426779331886682, "rate": 3.360634014854361}, "datetime": {"datetime": "2024-06-14 06:59:17", "elapsed": 14.041668, "delta": 0.009973}}
{"target": -303.4484110499242, "params": {"gamma": 3.2452188194691933, "prior": 2.3755465724366975, "rate": 0.0478627093242713}, "datetime": {"datetime": "2024-06-14 06:59:17", "elapsed": 14.050644, "delta": 0.008976}}
{"target": -368.7432689931198, "params": {"gamma": 6.87104638723164, "prior": 7.552533805640476, "rate": 3.383495876309245}, "datetime": {"datetime": "2024-06-14 06:59:17", "elapsed": 14.060617, "delta": 0.009973}}
{"target": -223.5126259637154, "params": {"gamma": 4.698566381850696, "prior": 7.994084512409785, "rate": 6.475029921813591}, "datetime": {"datetime": "2024-06-14 06:59:18", "elapsed": 14.096522, "delta": 0.035905}}
{"target": -133.5024976982637, "params": {"gamma": 0.23075873965417942, "prior": 2.91132760594111, "rate": 9.543993923653835}, "datetime": {"datetime": "2024-06-14 06:59:18", "elapsed": 14.106495, "delta": 0.009973}}
{"target": -287.74288624166775, "params": {"gamma": 8.831663399364862, "prior": 3.3196577156813976, "rate": 9.106428259046453}, "datetime": {"datetime": "2024-06-14 06:59:18", "elapsed": 14.116233, "delta": 0.009738}}
{"target": -200.82265391839664, "params": {"gamma": 4.792271643587237, "prior": 2.1004803357874806, "rate": 2.7152226317759873}, "datetime": {"datetime": "2024-06-14 06:59:18", "elapsed": 14.126207, "delta": 0.009974}}
{"target": -146.0765015004259, "params": {"gamma": 2.4105781820003296, "prior": 0.6501970175159, "rate": 4.371923976318957}, "datetime": {"datetime": "2024-06-14 06:59:18", "elapsed": 14.13618, "delta": 0.009973}}
{"target": -349.1090075721512, "params": {"gamma": 9.045924292349737, "prior": 5.304998895374705, "rate": 5.45501927258241}, "datetime": {"datetime": "2024-06-14 06:59:18", "elapsed": 14.146154, "delta": 0.009974}}
{"target": -135.96354831585538, "params": {"gamma": 2.270769102045196, "prior": 0.5593682144374752, "rate": 1.2589544199559672}, "datetime": {"datetime": "2024-06-14 06:59:18", "elapsed": 14.156127, "delta": 0.009973}}
{"target": -141.03636152714122, "params": {"gamma": 2.152041802423628, "prior": 8.746594812552626, "rate": 9.883297769252295}, "datetime": {"datetime": "2024-06-14 06:59:18", "elapsed": 14.1661, "delta": 0.009973}}
{"target": -141.10246979043447, "params": {"gamma": 0.17864471946155067, "prior": 4.488768556876849, "rate": 3.6926037105639593}, "datetime": {"datetime": "2024-06-14 06:59:18", "elapsed": 14.176073, "delta": 0.009973}}
{"target": -266.38781222987126, "params": {"gamma": 5.365099171557174, "prior": 6.203575904526908, "rate": 3.9606016122470797}, "datetime": {"datetime": "2024-06-14 06:59:18", "elapsed": 14.18605, "delta": 0.009977}}
{"target": -206.93876959178667, "params": {"gamma": 1.8394567778102808, "prior": 5.8942150336226105, "rate": 0.33393439959498467}, "datetime": {"datetime": "2024-06-14 06:59:18", "elapsed": 14.196022, "delta": 0.009972}}
{"target": -596.4328461725809, "params": {"gamma": 8.939882672498515, "prior": 6.47966689423678, "rate": 0.9463480982929026}, "datetime": {"datetime": "2024-06-14 06:59:18", "elapsed": 14.205774, "delta": 0.009752}}
{"target": -246.55323682829862, "params": {"gamma": 5.514198481896219, "prior": 1.37684577932591, "rate": 1.189089580581743}, "datetime": {"datetime": "2024-06-14 06:59:18", "elapsed": 14.215747, "delta": 0.009973}}
{"target": -157.079922353997, "params": {"gamma": 2.656223467019746, "prior": 7.652792185558542, "rate": 6.982511237812883}, "datetime": {"datetime": "2024-06-14 06:59:18", "elapsed": 14.22572, "delta": 0.009973}}
