{"target": -216.2726802082271, "params": {"gamma": 4.371801524592517, "prior": 9.310290067062997, "rate": 5.796563374104747}, "datetime": {"datetime": "2024-06-14 19:13:40", "elapsed": 15.419494, "delta": 0.009974}}
{"target": -144.28239965576847, "params": {"gamma": 0.4919257168276211, "prior": 4.583327245754565, "rate": 1.6048400632304824}, "datetime": {"datetime": "2024-06-14 19:13:40", "elapsed": 15.429467, "delta": 0.009973}}
{"target": -315.2518224935599, "params": {"gamma": 7.3285116447675644, "prior": 3.5387914125136177, "rate": 2.0125752194218203}, "datetime": {"datetime": "2024-06-14 19:13:40", "elapsed": 15.43944, "delta": 0.009973}}
{"target": -341.65598395704643, "params": {"gamma": 8.428037552609165, "prior": 8.196183684842598, "rate": 3.4371232618649366}, "datetime": {"datetime": "2024-06-14 19:13:40", "elapsed": 15.449413, "delta": 0.009973}}
{"target": -233.4568301276227, "params": {"gamma": 4.036824289622301, "prior": 0.6999381207727932, "rate": 1.789668289049935}, "datetime": {"datetime": "2024-06-14 19:13:40", "elapsed": 15.459387, "delta": 0.009974}}
{"target": -357.5554018061265, "params": {"gamma": 7.359452519624915, "prior": 5.704690450059553, "rate": 8.232546464042965}, "datetime": {"datetime": "2024-06-14 19:13:40", "elapsed": 15.46936, "delta": 0.009973}}
{"target": -238.81456536744042, "params": {"gamma": 5.011999831149711, "prior": 7.70183791518716, "rate": 5.099670086770199}, "datetime": {"datetime": "2024-06-14 19:13:40", "elapsed": 15.479333, "delta": 0.009973}}
{"target": -309.25879562586425, "params": {"gamma": 5.681122236748865, "prior": 1.9277178465421385, "rate": 5.444465844143353}, "datetime": {"datetime": "2024-06-14 19:13:40", "elapsed": 15.489307, "delta": 0.009974}}
{"target": -150.08318545657323, "params": {"gamma": 2.0111304539680037, "prior": 5.606569803760094, "rate": 1.4152709353449207}, "datetime": {"datetime": "2024-06-14 19:13:40", "elapsed": 15.499281, "delta": 0.009974}}
{"target": -147.5010885955282, "params": {"gamma": 1.860913882924621, "prior": 7.671361205911481, "rate": 0.7097917708485983}, "datetime": {"datetime": "2024-06-14 19:13:40", "elapsed": 15.509253, "delta": 0.009972}}
{"target": -184.8187757852795, "params": {"gamma": 3.693767142270499, "prior": 8.790992387293622, "rate": 1.0442696607468924}, "datetime": {"datetime": "2024-06-14 19:13:40", "elapsed": 15.519266, "delta": 0.010013}}
{"target": -232.28614381227752, "params": {"gamma": 3.592172999392244, "prior": 1.2282076392222137, "rate": 8.765531034947044}, "datetime": {"datetime": "2024-06-14 19:13:40", "elapsed": 15.5292, "delta": 0.009934}}
{"target": -145.96796620593992, "params": {"gamma": 1.2632448916905008, "prior": 2.6200995276429606, "rate": 4.219641618837235}, "datetime": {"datetime": "2024-06-14 19:13:40", "elapsed": 15.539173, "delta": 0.009973}}
{"target": -293.69163151002385, "params": {"gamma": 6.652894921984129, "prior": 3.5125825645272064, "rate": 2.135803151301911}, "datetime": {"datetime": "2024-06-14 19:13:40", "elapsed": 15.549147, "delta": 0.009974}}
{"target": -213.57070596276017, "params": {"gamma": 3.734477672558837, "prior": 5.753143799030497, "rate": 9.907522742580955}, "datetime": {"datetime": "2024-06-14 19:13:40", "elapsed": 15.55912, "delta": 0.009973}}
{"target": -198.40286835440654, "params": {"gamma": 3.2723245929378826, "prior": 3.685813030171733, "rate": 7.062646301466503}, "datetime": {"datetime": "2024-06-14 19:13:40", "elapsed": 15.569093, "delta": 0.009973}}
{"target": -193.63539934193463, "params": {"gamma": 2.9900579784113206, "prior": 3.5620371383838085, "rate": 9.947082647057805}, "datetime": {"datetime": "2024-06-14 19:13:40", "elapsed": 15.579067, "delta": 0.009974}}
{"target": -245.76873326239163, "params": {"gamma": 6.043069520448973, "prior": 8.305226870877545, "rate": 0.3176252391757072}, "datetime": {"datetime": "2024-06-14 19:13:40", "elapsed": 15.58904, "delta": 0.009973}}
{"target": -145.34880070095085, "params": {"gamma": 1.4557567070423627, "prior": 7.304510112747834, "rate": 5.397899711964559}, "datetime": {"datetime": "2024-06-14 19:13:40", "elapsed": 15.599014, "delta": 0.009974}}
{"target": -428.04027703437157, "params": {"gamma": 9.952649800093342, "prior": 5.00673362856301, "rate": 3.8416545812104723}, "datetime": {"datetime": "2024-06-14 19:13:40", "elapsed": 15.608987, "delta": 0.009973}}
{"target": -155.55058714768393, "params": {"gamma": 1.9445456383363844, "prior": 5.942647801204246, "rate": 7.666485240265026}, "datetime": {"datetime": "2024-06-14 19:13:40", "elapsed": 15.61896, "delta": 0.009973}}
{"target": -332.44181947054796, "params": {"gamma": 9.244467433023058, "prior": 1.462495679977994, "rate": 0.08189114312752561}, "datetime": {"datetime": "2024-06-14 19:13:40", "elapsed": 15.628933, "delta": 0.009973}}
{"target": -271.1850194760856, "params": {"gamma": 4.780126931726139, "prior": 1.9111811039435311, "rate": 6.103775776452777}, "datetime": {"datetime": "2024-06-14 19:13:40", "elapsed": 15.638907, "delta": 0.009974}}
{"target": -313.0857592585275, "params": {"gamma": 6.203072776459787, "prior": 4.1553388322066995, "rate": 6.772375433611433}, "datetime": {"datetime": "2024-06-14 19:13:40", "elapsed": 15.64888, "delta": 0.009973}}
{"target": -149.46817668613906, "params": {"gamma": 1.997506020536704, "prior": 8.104961606799353, "rate": 0.5043465023721727}, "datetime": {"datetime": "2024-06-14 19:13:40", "elapsed": 15.658853, "delta": 0.009973}}
{"target": -149.59489848570144, "params": {"gamma": 1.7194467246754197, "prior": 9.807962958788716, "rate": 9.003871416888757}, "datetime": {"datetime": "2024-06-14 19:13:40", "elapsed": 15.668827, "delta": 0.009974}}
{"target": -381.51651956965503, "params": {"gamma": 9.397350482215943, "prior": 9.093598504119935, "rate": 4.414730582333611}, "datetime": {"datetime": "2024-06-14 19:13:41", "elapsed": 15.679798, "delta": 0.010971}}
{"target": -349.54460060903205, "params": {"gamma": 9.38810223223617, "prior": 2.450393284380015, "rate": 0.4960936050759842}, "datetime": {"datetime": "2024-06-14 19:13:41", "elapsed": 15.689771, "delta": 0.009973}}
{"target": -286.9198505916473, "params": {"gamma": 5.573083480654817, "prior": 3.2018703277326415, "rate": 5.321241086655658}, "datetime": {"datetime": "2024-06-14 19:13:41", "elapsed": 15.699744, "delta": 0.009973}}
{"target": -242.13392972398827, "params": {"gamma": 4.716614085966288, "prior": 4.883010854206279, "rate": 5.701205216020305}, "datetime": {"datetime": "2024-06-14 19:13:41", "elapsed": 15.709717, "delta": 0.009973}}
{"target": -493.981393870303, "params": {"gamma": 9.234499334273318, "prior": 2.4383056862365993, "rate": 8.76092541084365}, "datetime": {"datetime": "2024-06-14 19:13:41", "elapsed": 15.719691, "delta": 0.009974}}
{"target": -436.56411744810356, "params": {"gamma": 7.338620497153172, "prior": 0.8841865537306981, "rate": 8.35403947254459}, "datetime": {"datetime": "2024-06-14 19:13:41", "elapsed": 15.729664, "delta": 0.009973}}
{"target": -192.38012869727376, "params": {"gamma": 3.977042541433784, "prior": 3.4238072872295295, "rate": 0.004929638918432948}, "datetime": {"datetime": "2024-06-14 19:13:41", "elapsed": 15.739637, "delta": 0.009973}}
{"target": -167.33903019807076, "params": {"gamma": 2.4588060546759145, "prior": 6.91066886368868, "rate": 8.511875178501727}, "datetime": {"datetime": "2024-06-14 19:13:41", "elapsed": 15.749611, "delta": 0.009974}}
{"target": -158.41992409372108, "params": {"gamma": 2.411253644225826, "prior": 3.772303728049094, "rate": 1.5050829543145978}, "datetime": {"datetime": "2024-06-14 19:13:41", "elapsed": 15.759584, "delta": 0.009973}}
{"target": -366.0093037955425, "params": {"gamma": 8.035198140908488, "prior": 7.198534861704508, "rate": 7.005081395607865}, "datetime": {"datetime": "2024-06-14 19:13:41", "elapsed": 15.769558, "delta": 0.009974}}
{"target": -317.17765101648575, "params": {"gamma": 6.788866386536979, "prior": 8.931245540448607, "rate": 8.830426892992689}, "datetime": {"datetime": "2024-06-14 19:13:41", "elapsed": 15.779531, "delta": 0.009973}}
{"target": -308.3574518317429, "params": {"gamma": 6.254053116944359, "prior": 2.9589059326949623, "rate": 4.031624750430216}, "datetime": {"datetime": "2024-06-14 19:13:41", "elapsed": 15.790502, "delta": 0.010971}}
{"target": -147.0622586357468, "params": {"gamma": 0.29054354730172277, "prior": 9.173191738621183, "rate": 6.874789890986447}, "datetime": {"datetime": "2024-06-14 19:13:41", "elapsed": 15.799477, "delta": 0.008975}}
{"target": -477.1910387226494, "params": {"gamma": 9.08180006447146, "prior": 3.0906626574741516, "rate": 9.448319713154849}, "datetime": {"datetime": "2024-06-14 19:13:41", "elapsed": 15.809451, "delta": 0.009974}}
{"target": -316.47255857576346, "params": {"gamma": 8.640447686233587, "prior": 8.871526314972696, "rate": 0.0024131607540603924}, "datetime": {"datetime": "2024-06-14 19:13:41", "elapsed": 15.819424, "delta": 0.009973}}
{"target": -240.71414216488694, "params": {"gamma": 3.773024949034168, "prior": 1.311020393599276, "rate": 9.328146256783993}, "datetime": {"datetime": "2024-06-14 19:13:41", "elapsed": 15.829398, "delta": 0.009974}}
{"target": -253.43016950685134, "params": {"gamma": 5.137558817898313, "prior": 4.94443049292636, "rate": 4.869724747174828}, "datetime": {"datetime": "2024-06-14 19:13:41", "elapsed": 15.839371, "delta": 0.009973}}
{"target": -292.6147943076341, "params": {"gamma": 5.703348718331128, "prior": 5.490624347569382, "rate": 9.171191497772435}, "datetime": {"datetime": "2024-06-14 19:13:41", "elapsed": 15.850343, "delta": 0.010972}}
{"target": -354.9058365139822, "params": {"gamma": 8.843961080725371, "prior": 7.858820667021336, "rate": 3.227950630409935}, "datetime": {"datetime": "2024-06-14 19:13:41", "elapsed": 15.860347, "delta": 0.010004}}
{"target": -443.5706015744036, "params": {"gamma": 7.8445897782918435, "prior": 1.537336203606739, "rate": 8.602401775503456}, "datetime": {"datetime": "2024-06-14 19:13:41", "elapsed": 15.870317, "delta": 0.00997}}
{"target": -337.0665408197633, "params": {"gamma": 7.730224416470844, "prior": 7.782074642130607, "rate": 5.287458244919481}, "datetime": {"datetime": "2024-06-14 19:13:41", "elapsed": 15.880262, "delta": 0.009945}}
{"target": -260.39870455983447, "params": {"gamma": 4.502403481540989, "prior": 2.3436517776557912, "rate": 8.086973092518448}, "datetime": {"datetime": "2024-06-14 19:13:41", "elapsed": 15.890235, "delta": 0.009973}}
{"target": -466.24530202813884, "params": {"gamma": 9.659325036522198, "prior": 5.480966524783521, "rate": 9.022172363016855}, "datetime": {"datetime": "2024-06-14 19:13:41", "elapsed": 15.900208, "delta": 0.009973}}
{"target": -170.67326895251972, "params": {"gamma": 2.824222069304223, "prior": 5.225776988360308, "rate": 3.282297731662208}, "datetime": {"datetime": "2024-06-14 19:13:41", "elapsed": 15.910181, "delta": 0.009973}}
{"target": -509.1779935336117, "params": {"gamma": 9.918019790908655, "prior": 2.5781348530454977, "rate": 6.7878761196273985}, "datetime": {"datetime": "2024-06-14 19:13:41", "elapsed": 15.920155, "delta": 0.009974}}
{"target": -486.21468079738725, "params": {"gamma": 7.642256587918056, "prior": 0.41904372335207496, "rate": 9.822730012274928}, "datetime": {"datetime": "2024-06-14 19:13:41", "elapsed": 15.930129, "delta": 0.009974}}
{"target": -141.58123056858187, "params": {"gamma": 0.914136075297375, "prior": 6.179340836196217, "rate": 1.4943587574456791}, "datetime": {"datetime": "2024-06-14 19:13:41", "elapsed": 15.940101, "delta": 0.009972}}
{"target": -314.1957006430752, "params": {"gamma": 5.208444170554118, "prior": 1.0241164266430445, "rate": 7.812223199457574}, "datetime": {"datetime": "2024-06-14 19:13:41", "elapsed": 15.949934, "delta": 0.009833}}
{"target": -291.1610321577413, "params": {"gamma": 7.729537241828221, "prior": 6.02167277279802, "rate": 0.1464186524360543}, "datetime": {"datetime": "2024-06-14 19:13:41", "elapsed": 15.959907, "delta": 0.009973}}
{"target": -146.36070184033082, "params": {"gamma": 0.42120018122586705, "prior": 1.891609508368085, "rate": 9.720334679149751}, "datetime": {"datetime": "2024-06-14 19:13:41", "elapsed": 15.970877, "delta": 0.01097}}
{"target": -160.97897011634637, "params": {"gamma": 2.5467472891170426, "prior": 7.534987376045962, "rate": 2.8130708604490677}, "datetime": {"datetime": "2024-06-14 19:13:41", "elapsed": 15.98085, "delta": 0.009973}}
{"target": -169.00810256025176, "params": {"gamma": 2.555930656746099, "prior": 2.6528509861883998, "rate": 2.971232902105741}, "datetime": {"datetime": "2024-06-14 19:13:41", "elapsed": 15.989826, "delta": 0.008976}}
{"target": -150.556986686403, "params": {"gamma": 0.0904371047664351, "prior": 9.873044202472457, "rate": 5.6650398975873095}, "datetime": {"datetime": "2024-06-14 19:13:41", "elapsed": 15.9998, "delta": 0.009974}}
{"target": -245.43209241418094, "params": {"gamma": 6.018822270456636, "prior": 5.428774701508513, "rate": 0.4393316428380598}, "datetime": {"datetime": "2024-06-14 19:13:41", "elapsed": 16.01077, "delta": 0.01097}}
{"target": -243.57135370571785, "params": {"gamma": 4.715733368498675, "prior": 5.44279736196503, "rate": 6.729884951727836}, "datetime": {"datetime": "2024-06-14 19:13:41", "elapsed": 16.020744, "delta": 0.009974}}
{"target": -327.104420973179, "params": {"gamma": 5.342145859164941, "prior": 0.6452158589676233, "rate": 6.20136980037383}, "datetime": {"datetime": "2024-06-14 19:13:41", "elapsed": 16.030718, "delta": 0.009974}}
{"target": -294.23504199377663, "params": {"gamma": 5.812170852564193, "prior": 5.501403625658926, "rate": 8.432969520852312}, "datetime": {"datetime": "2024-06-14 19:13:41", "elapsed": 16.040691, "delta": 0.009973}}
{"target": -206.5942273600101, "params": {"gamma": 4.4744202102791135, "prior": 6.075297918451513, "rate": 1.2370052511020126}, "datetime": {"datetime": "2024-06-14 19:13:41", "elapsed": 16.050665, "delta": 0.009974}}
{"target": -158.82345301415853, "params": {"gamma": 2.524540150676985, "prior": 8.518507824967577, "rate": 0.16322740050218212}, "datetime": {"datetime": "2024-06-14 19:13:41", "elapsed": 16.060637, "delta": 0.009972}}
{"target": -144.47964182579156, "params": {"gamma": 1.563353530050915, "prior": 8.251511250120657, "rate": 2.2941474771120194}, "datetime": {"datetime": "2024-06-14 19:13:41", "elapsed": 16.070611, "delta": 0.009974}}
{"target": -172.09438383442185, "params": {"gamma": 2.5926903584258394, "prior": 7.0378270060594685, "rate": 9.665286266010238}, "datetime": {"datetime": "2024-06-14 19:13:41", "elapsed": 16.080584, "delta": 0.009973}}
{"target": -149.36922214295052, "params": {"gamma": 1.9835999198248373, "prior": 7.500223150149078, "rate": 1.4059219435725394}, "datetime": {"datetime": "2024-06-14 19:13:41", "elapsed": 16.091095, "delta": 0.010511}}
{"target": -225.6117847063341, "params": {"gamma": 3.8255932152218004, "prior": 3.3005635888934934, "rate": 8.837971404321385}, "datetime": {"datetime": "2024-06-14 19:13:41", "elapsed": 16.101069, "delta": 0.009974}}
{"target": -259.6013644123082, "params": {"gamma": 6.554158581010341, "prior": 3.4023960640121804, "rate": 0.2170579835200867}, "datetime": {"datetime": "2024-06-14 19:13:41", "elapsed": 16.111042, "delta": 0.009973}}
{"target": -193.2243166674449, "params": {"gamma": 3.690717582622661, "prior": 9.724588651254853, "rate": 5.291461768734136}, "datetime": {"datetime": "2024-06-14 19:13:41", "elapsed": 16.121015, "delta": 0.009973}}
{"target": -355.53656763639356, "params": {"gamma": 7.42170608723287, "prior": 3.5193494852507885, "rate": 4.606438063386967}, "datetime": {"datetime": "2024-06-14 19:13:41", "elapsed": 16.130989, "delta": 0.009974}}
{"target": -153.0643903345316, "params": {"gamma": 2.1171453464815797, "prior": 8.385901328359125, "rate": 3.5987287851418053}, "datetime": {"datetime": "2024-06-14 19:13:41", "elapsed": 16.140506, "delta": 0.009517}}
{"target": -145.6954498770988, "params": {"gamma": 0.37184424137389627, "prior": 6.920992980908198, "rate": 1.5587330522055973}, "datetime": {"datetime": "2024-06-14 19:13:41", "elapsed": 16.15048, "delta": 0.009974}}
{"target": -507.0203918492253, "params": {"gamma": 7.98771294193551, "prior": 0.2510982809907867, "rate": 5.856645849985007}, "datetime": {"datetime": "2024-06-14 19:13:41", "elapsed": 16.160453, "delta": 0.009973}}
{"target": -217.88905562793065, "params": {"gamma": 4.955667253979119, "prior": 9.974871164209066, "rate": 1.344572993526239}, "datetime": {"datetime": "2024-06-14 19:13:41", "elapsed": 16.170456, "delta": 0.010003}}
{"target": -333.7117711154676, "params": {"gamma": 6.725864268561899, "prior": 1.0399602054672268, "rate": 1.6185223747759032}, "datetime": {"datetime": "2024-06-14 19:13:41", "elapsed": 16.181397, "delta": 0.010941}}
{"target": -377.16639360414797, "params": {"gamma": 9.883324584988317, "prior": 8.085984167867757, "rate": 2.447158246382357}, "datetime": {"datetime": "2024-06-14 19:13:41", "elapsed": 16.19137, "delta": 0.009973}}
{"target": -509.1869939226847, "params": {"gamma": 8.46315815656222, "prior": 0.45244256444577213, "rate": 5.356534904767137}, "datetime": {"datetime": "2024-06-14 19:13:41", "elapsed": 16.201344, "delta": 0.009974}}
{"target": -142.19878825522795, "params": {"gamma": 0.9156560813263981, "prior": 9.711966099756669, "rate": 5.8314262663101335}, "datetime": {"datetime": "2024-06-14 19:13:41", "elapsed": 16.21135, "delta": 0.010006}}
{"target": -301.1065522673585, "params": {"gamma": 5.557857005100962, "prior": 3.2479334229382575, "rate": 8.499195516950698}, "datetime": {"datetime": "2024-06-14 19:13:41", "elapsed": 16.221291, "delta": 0.009941}}
{"target": -316.39967391391605, "params": {"gamma": 5.302014980143714, "prior": 0.26927241910209526, "rate": 1.849764010582726}, "datetime": {"datetime": "2024-06-14 19:13:41", "elapsed": 16.230806, "delta": 0.009515}}
{"target": -250.79892511979378, "params": {"gamma": 4.335249630012873, "prior": 0.8917664699406374, "rate": 2.807294876301211}, "datetime": {"datetime": "2024-06-14 19:13:41", "elapsed": 16.240779, "delta": 0.009973}}
{"target": -207.051415238029, "params": {"gamma": 2.50470246829456, "prior": 0.10602555886107112, "rate": 6.929160306974375}, "datetime": {"datetime": "2024-06-14 19:13:41", "elapsed": 16.25175, "delta": 0.010971}}
{"target": -357.2376234257191, "params": {"gamma": 7.739122475175086, "prior": 8.221458050411275, "rate": 8.516444514251624}, "datetime": {"datetime": "2024-06-14 19:13:41", "elapsed": 16.261723, "delta": 0.009973}}
{"target": -146.00599677217934, "params": {"gamma": 1.516097284927453, "prior": 8.911362720684613, "rate": 6.582470685255508}, "datetime": {"datetime": "2024-06-14 19:13:41", "elapsed": 16.271697, "delta": 0.009974}}
{"target": -346.5670682125074, "params": {"gamma": 6.961640494479081, "prior": 5.684309475667977, "rate": 9.396880301472725}, "datetime": {"datetime": "2024-06-14 19:13:41", "elapsed": 16.282667, "delta": 0.01097}}
{"target": -163.22031587672765, "params": {"gamma": 2.5192185879677065, "prior": 7.8901544088551026, "rate": 4.953089405221723}, "datetime": {"datetime": "2024-06-14 19:13:41", "elapsed": 16.292641, "delta": 0.009974}}
{"target": -323.25544006977293, "params": {"gamma": 8.909111167255265, "prior": 2.834367028962495, "rate": 0.15345384499933612}, "datetime": {"datetime": "2024-06-14 19:13:41", "elapsed": 16.302644, "delta": 0.010003}}
{"target": -143.25120988390606, "params": {"gamma": 0.6498451553396644, "prior": 9.006387353591512, "rate": 6.411861082231753}, "datetime": {"datetime": "2024-06-14 19:13:41", "elapsed": 16.313585, "delta": 0.010941}}
{"target": -342.2067426867231, "params": {"gamma": 7.302956948346961, "prior": 5.093180874926231, "rate": 5.5761884295247635}, "datetime": {"datetime": "2024-06-14 19:13:41", "elapsed": 16.323559, "delta": 0.009974}}
{"target": -199.86293686096184, "params": {"gamma": 3.6395809320717802, "prior": 7.848092917900229, "rate": 7.568895646824035}, "datetime": {"datetime": "2024-06-14 19:13:41", "elapsed": 16.334529, "delta": 0.01097}}
{"target": -316.61090609679763, "params": {"gamma": 7.000361363341032, "prior": 9.622734907924354, "rate": 7.688614872456184}, "datetime": {"datetime": "2024-06-14 19:13:41", "elapsed": 16.344502, "delta": 0.009973}}
{"target": -441.00770872858044, "params": {"gamma": 9.779247988847397, "prior": 5.943736851967249, "rate": 6.192971647774601}, "datetime": {"datetime": "2024-06-14 19:13:41", "elapsed": 16.354475, "delta": 0.009973}}
{"target": -256.0109449508831, "params": {"gamma": 6.390893117652819, "prior": 3.331076730816897, "rate": 0.33125715159731645}, "datetime": {"datetime": "2024-06-14 19:13:41", "elapsed": 16.364448, "delta": 0.009973}}
{"target": -297.7507893877256, "params": {"gamma": 7.881975609758543, "prior": 7.130859720793782, "rate": 0.7912378849771072}, "datetime": {"datetime": "2024-06-14 19:13:41", "elapsed": 16.375419, "delta": 0.010971}}
{"target": -145.83352094168885, "params": {"gamma": 1.486669782533265, "prior": 6.894768417542823, "rate": 5.350838735760061}, "datetime": {"datetime": "2024-06-14 19:13:41", "elapsed": 16.385392, "delta": 0.009973}}
{"target": -167.8271875289394, "params": {"gamma": 1.9129532131472144, "prior": 0.6539381737611052, "rate": 6.114511590773306}, "datetime": {"datetime": "2024-06-14 19:13:41", "elapsed": 16.395366, "delta": 0.009974}}
{"target": -144.97830549242423, "params": {"gamma": 0.5370626571610718, "prior": 2.2143955883275006, "rate": 5.027124040449976}, "datetime": {"datetime": "2024-06-14 19:13:41", "elapsed": 16.405339, "delta": 0.009973}}
{"target": -141.457492331109, "params": {"gamma": 0.941217065094407, "prior": 4.1481704960787145, "rate": 0.2021378650325921}, "datetime": {"datetime": "2024-06-14 19:13:41", "elapsed": 16.415312, "delta": 0.009973}}
{"target": -142.82173253616077, "params": {"gamma": 1.1955179943126049, "prior": 9.40661888678996, "rate": 5.589052028891483}, "datetime": {"datetime": "2024-06-14 19:13:41", "elapsed": 16.425286, "delta": 0.009974}}
