{"target": -143.97885983617283, "params": {"gamma": 0.5287857773295865, "prior": 8.914019769519989, "rate": 4.045739285423598}, "datetime": {"datetime": "2024-06-14 19:13:33", "elapsed": 8.420884, "delta": 0.009038}}
{"target": -345.1207010769529, "params": {"gamma": 9.292802548221829, "prior": 4.080573920625559, "rate": 0.7692460154620339}, "datetime": {"datetime": "2024-06-14 19:13:33", "elapsed": 8.430857, "delta": 0.009973}}
{"target": -172.48970021747343, "params": {"gamma": 2.4537661400558073, "prior": 3.5675790065013078, "rate": 7.507532195259897}, "datetime": {"datetime": "2024-06-14 19:13:33", "elapsed": 8.439804, "delta": 0.008947}}
{"target": -156.39490408455904, "params": {"gamma": 1.8482967753404873, "prior": 4.366639171886156, "rate": 8.732580952739871}, "datetime": {"datetime": "2024-06-14 19:13:33", "elapsed": 8.449777, "delta": 0.009973}}
{"target": -231.24952739566356, "params": {"gamma": 5.338077152636459, "prior": 1.121231725515661, "rate": 0.24620034805926763}, "datetime": {"datetime": "2024-06-14 19:13:33", "elapsed": 8.458753, "delta": 0.008976}}
{"target": -318.9495101535804, "params": {"gamma": 7.058392201809326, "prior": 9.79336216048635, "rate": 7.851867464260117}, "datetime": {"datetime": "2024-06-14 19:13:33", "elapsed": 8.467729, "delta": 0.008976}}
{"target": -359.5952697962185, "params": {"gamma": 7.647497242257331, "prior": 6.786930405212397, "rate": 7.9552316002763535}, "datetime": {"datetime": "2024-06-14 19:13:33", "elapsed": 8.477703, "delta": 0.009974}}
{"target": -146.16096895529168, "params": {"gamma": 0.40113783894076427, "prior": 2.720348153996855, "rate": 6.9542799621795535}, "datetime": {"datetime": "2024-06-14 19:13:33", "elapsed": 8.486679, "delta": 0.008976}}
{"target": -333.87955093224014, "params": {"gamma": 8.670016307747831, "prior": 6.778608030986559, "rate": 1.7635850037063328}, "datetime": {"datetime": "2024-06-14 19:13:33", "elapsed": 8.496653, "delta": 0.009974}}
{"target": -338.05221807745244, "params": {"gamma": 9.363148290996985, "prior": 9.043449131097443, "rate": 0.8677009826349238}, "datetime": {"datetime": "2024-06-14 19:13:33", "elapsed": 8.505628, "delta": 0.008975}}
{"target": -160.0830505926426, "params": {"gamma": 1.9308073757049558, "prior": 2.824411003044214, "rate": 7.384380294175464}, "datetime": {"datetime": "2024-06-14 19:13:33", "elapsed": 8.515602, "delta": 0.009974}}
{"target": -339.85006064618784, "params": {"gamma": 8.59387390968027, "prior": 5.825391635770356, "rate": 1.9972560609459706}, "datetime": {"datetime": "2024-06-14 19:13:33", "elapsed": 8.52458, "delta": 0.008978}}
{"target": -256.5166738467448, "params": {"gamma": 4.151483786326004, "prior": 1.4648060826146607, "rate": 9.174044472397386}, "datetime": {"datetime": "2024-06-14 19:13:33", "elapsed": 8.534553, "delta": 0.009973}}
{"target": -345.68564746542677, "params": {"gamma": 7.645544873164326, "prior": 5.151116954680168, "rate": 4.536296856665209}, "datetime": {"datetime": "2024-06-14 19:13:33", "elapsed": 8.543529, "delta": 0.008976}}
{"target": -141.73130980650132, "params": {"gamma": 0.9793229413773535, "prior": 3.2548860273732405, "rate": 1.2072073207786072}, "datetime": {"datetime": "2024-06-14 19:13:33", "elapsed": 8.552505, "delta": 0.008976}}
{"target": -320.8394963380474, "params": {"gamma": 7.823598295559239, "prior": 5.494348696094326, "rate": 2.2735465367701733}, "datetime": {"datetime": "2024-06-14 19:13:33", "elapsed": 8.562478, "delta": 0.009973}}
{"target": -161.3565083651005, "params": {"gamma": 2.242804189720107, "prior": 2.677942155406277, "rate": 3.0894186504102437}, "datetime": {"datetime": "2024-06-14 19:13:33", "elapsed": 8.571454, "delta": 0.008976}}
{"target": -224.16873490814083, "params": {"gamma": 3.8776636126823174, "prior": 3.0457344305346488, "rate": 6.795879389436971}, "datetime": {"datetime": "2024-06-14 19:13:33", "elapsed": 8.581428, "delta": 0.009974}}
{"target": -146.6233640255591, "params": {"gamma": 0.351701119431484, "prior": 3.3482921178205443, "rate": 7.4531734367072975}, "datetime": {"datetime": "2024-06-14 19:13:33", "elapsed": 8.590404, "delta": 0.008976}}
{"target": -362.12779856380297, "params": {"gamma": 9.428137042767773, "prior": 8.047052246559756, "rate": 2.4090212695059683}, "datetime": {"datetime": "2024-06-14 19:13:33", "elapsed": 8.600377, "delta": 0.009973}}
{"target": -175.6715957552588, "params": {"gamma": 2.329921768369933, "prior": 1.9843342677001725, "rate": 8.825092851051235}, "datetime": {"datetime": "2024-06-14 19:13:33", "elapsed": 8.609353, "delta": 0.008976}}
{"target": -157.23912517427323, "params": {"gamma": 2.3793190167249576, "prior": 7.605988171789962, "rate": 2.611236264315461}, "datetime": {"datetime": "2024-06-14 19:13:33", "elapsed": 8.61833, "delta": 0.008977}}
{"target": -146.55015783439993, "params": {"gamma": 0.3317853522317488, "prior": 7.3611322306807825, "rate": 7.262291896142214}, "datetime": {"datetime": "2024-06-14 19:13:33", "elapsed": 8.628809, "delta": 0.010479}}
{"target": -144.8577316967514, "params": {"gamma": 0.8905021504995737, "prior": 3.334342453503056, "rate": 9.483704536600037}, "datetime": {"datetime": "2024-06-14 19:13:33", "elapsed": 8.637785, "delta": 0.008976}}
{"target": -157.856704031005, "params": {"gamma": 1.6303270368232625, "prior": 0.9580574792638101, "rate": 5.946444277228148}, "datetime": {"datetime": "2024-06-14 19:13:33", "elapsed": 8.647758, "delta": 0.009973}}
{"target": -497.9498570949638, "params": {"gamma": 9.309967663594373, "prior": 1.424405246656605, "rate": 5.130609924306518}, "datetime": {"datetime": "2024-06-14 19:13:33", "elapsed": 8.656734, "delta": 0.008976}}
{"target": -267.3238564634856, "params": {"gamma": 6.84030814195546, "prior": 1.8011146201075885, "rate": 0.11358767502840258}, "datetime": {"datetime": "2024-06-14 19:13:33", "elapsed": 8.666708, "delta": 0.009974}}
{"target": -499.86123077839096, "params": {"gamma": 8.876943621666769, "prior": 0.44878957946825926, "rate": 2.575325379792938}, "datetime": {"datetime": "2024-06-14 19:13:33", "elapsed": 8.675683, "delta": 0.008975}}
{"target": -258.490418569953, "params": {"gamma": 6.5171886333749445, "prior": 2.929251040222046, "rate": 0.09806625815159087}, "datetime": {"datetime": "2024-06-14 19:13:34", "elapsed": 8.685656, "delta": 0.009973}}
{"target": -256.32918659849224, "params": {"gamma": 5.754942892815359, "prior": 3.147143555513635, "rate": 1.5159891044593792}, "datetime": {"datetime": "2024-06-14 19:13:34", "elapsed": 8.69563, "delta": 0.009974}}
{"target": -527.3635495569878, "params": {"gamma": 9.712861834014069, "prior": 1.7332254521996295, "rate": 7.272627175991628}, "datetime": {"datetime": "2024-06-14 19:13:34", "elapsed": 8.704606, "delta": 0.008976}}
{"target": -336.3567979565218, "params": {"gamma": 8.907351190743636, "prior": 8.601279645696758, "rate": 1.8433864145173096}, "datetime": {"datetime": "2024-06-14 19:13:34", "elapsed": 8.714579, "delta": 0.009973}}
{"target": -194.88834966497228, "params": {"gamma": 2.3688485284086984, "prior": 0.2817901013754669, "rate": 9.314123267181278}, "datetime": {"datetime": "2024-06-14 19:13:34", "elapsed": 8.724061, "delta": 0.009482}}
{"target": -331.9938944003696, "params": {"gamma": 8.871324645396406, "prior": 5.995115072798474, "rate": 1.0945671874130298}, "datetime": {"datetime": "2024-06-14 19:13:34", "elapsed": 8.733037, "delta": 0.008976}}
{"target": -147.18049252006406, "params": {"gamma": 1.736252925778173, "prior": 5.811907672232824, "rate": 2.5173180780279494}, "datetime": {"datetime": "2024-06-14 19:13:34", "elapsed": 8.743011, "delta": 0.009974}}
{"target": -181.08139489180732, "params": {"gamma": 3.0024181605272484, "prior": 1.792774754535882, "rate": 1.8967275990085757}, "datetime": {"datetime": "2024-06-14 19:13:34", "elapsed": 8.751987, "delta": 0.008976}}
{"target": -235.1071740767235, "params": {"gamma": 4.634748122750124, "prior": 5.1477523290215155, "rate": 5.116287316757662}, "datetime": {"datetime": "2024-06-14 19:13:34", "elapsed": 8.761961, "delta": 0.009974}}
{"target": -556.076824834544, "params": {"gamma": 9.971390854869842, "prior": 1.3829985909743843, "rate": 7.561942713988967}, "datetime": {"datetime": "2024-06-14 19:13:34", "elapsed": 8.770936, "delta": 0.008975}}
{"target": -351.56293256868577, "params": {"gamma": 7.937773715501701, "prior": 5.890337727828154, "rate": 4.627919064512984}, "datetime": {"datetime": "2024-06-14 19:13:34", "elapsed": 8.780909, "delta": 0.009973}}
{"target": -324.1709862796066, "params": {"gamma": 8.934372946865443, "prior": 8.298984168823933, "rate": 0.5038590693510084}, "datetime": {"datetime": "2024-06-14 19:13:34", "elapsed": 8.789885, "delta": 0.008976}}
{"target": -622.1086156323787, "params": {"gamma": 9.629874547125452, "prior": 0.17266492836107364, "rate": 5.731748914634736}, "datetime": {"datetime": "2024-06-14 19:13:34", "elapsed": 8.799859, "delta": 0.009974}}
{"target": -254.29386538090478, "params": {"gamma": 5.7247357384538, "prior": 8.360358681426117, "rate": 3.8477759631858306}, "datetime": {"datetime": "2024-06-14 19:13:34", "elapsed": 8.808867, "delta": 0.009008}}
{"target": -141.50945126898333, "params": {"gamma": 0.911317649590776, "prior": 5.858703966752355, "rate": 0.24943375777694893}, "datetime": {"datetime": "2024-06-14 19:13:34", "elapsed": 8.818808, "delta": 0.009941}}
{"target": -197.74614721058433, "params": {"gamma": 3.618595813310707, "prior": 9.854636340644698, "rate": 8.687919916680645}, "datetime": {"datetime": "2024-06-14 19:13:34", "elapsed": 8.827784, "delta": 0.008976}}
{"target": -147.25905828005074, "params": {"gamma": 1.525814920870293, "prior": 8.008378281655215, "rate": 8.110158197295846}, "datetime": {"datetime": "2024-06-14 19:13:34", "elapsed": 8.837758, "delta": 0.009974}}
{"target": -465.96904084056206, "params": {"gamma": 9.282143984052633, "prior": 2.3214042338354473, "rate": 4.990175777525101}, "datetime": {"datetime": "2024-06-14 19:13:34", "elapsed": 8.846734, "delta": 0.008976}}
{"target": -370.64962219772696, "params": {"gamma": 8.274613470019348, "prior": 6.706604471482155, "rate": 5.939767497694312}, "datetime": {"datetime": "2024-06-14 19:13:34", "elapsed": 8.85655, "delta": 0.009816}}
{"target": -259.70991589875496, "params": {"gamma": 6.520106231886649, "prior": 2.461308526710229, "rate": 0.2563753086730316}, "datetime": {"datetime": "2024-06-14 19:13:34", "elapsed": 8.866519, "delta": 0.009969}}
{"target": -346.1106583569704, "params": {"gamma": 7.362836317207894, "prior": 3.3352390707756885, "rate": 3.7681921123145443}, "datetime": {"datetime": "2024-06-14 19:13:34", "elapsed": 8.875495, "delta": 0.008976}}
{"target": -258.8855494146328, "params": {"gamma": 6.126547925441392, "prior": 6.605933919398819, "rate": 2.0297861073278014}, "datetime": {"datetime": "2024-06-14 19:13:34", "elapsed": 8.884471, "delta": 0.008976}}
{"target": -403.3119978203439, "params": {"gamma": 8.260489346916343, "prior": 3.864045391930247, "rate": 6.317812340605414}, "datetime": {"datetime": "2024-06-14 19:13:34", "elapsed": 8.894445, "delta": 0.009974}}
{"target": -405.1697063236324, "params": {"gamma": 9.664147745107453, "prior": 5.691383729139698, "rate": 3.58975250674678}, "datetime": {"datetime": "2024-06-14 19:13:34", "elapsed": 8.903421, "delta": 0.008976}}
{"target": -290.0763169638251, "params": {"gamma": 6.1900821172926825, "prior": 5.067751868825378, "rate": 4.524310101530738}, "datetime": {"datetime": "2024-06-14 19:13:34", "elapsed": 8.913394, "delta": 0.009973}}
{"target": -311.6338370856928, "params": {"gamma": 7.32297507682793, "prior": 9.252650484842617, "rate": 4.793234881420612}, "datetime": {"datetime": "2024-06-14 19:13:34", "elapsed": 8.92237, "delta": 0.008976}}
{"target": -141.9241249316008, "params": {"gamma": 0.8832132798499579, "prior": 5.739570211172332, "rate": 2.450263600293229}, "datetime": {"datetime": "2024-06-14 19:13:34", "elapsed": 8.932344, "delta": 0.009974}}
{"target": -145.41268084375866, "params": {"gamma": 0.3967395368422162, "prior": 7.902588045772463, "rate": 2.728409598411216}, "datetime": {"datetime": "2024-06-14 19:13:34", "elapsed": 8.942317, "delta": 0.009973}}
{"target": -336.26644542122517, "params": {"gamma": 7.7709278589308965, "prior": 4.933268536573228, "rate": 3.1800409748600784}, "datetime": {"datetime": "2024-06-14 19:13:34", "elapsed": 8.951293, "delta": 0.008976}}
{"target": -216.805326996326, "params": {"gamma": 3.1409404750589167, "prior": 0.516045124852533, "rate": 5.344463969208603}, "datetime": {"datetime": "2024-06-14 19:13:34", "elapsed": 8.961266, "delta": 0.009973}}
{"target": -383.8177367585933, "params": {"gamma": 8.235692008411606, "prior": 0.9305639897438418, "rate": 1.0864784973815673}, "datetime": {"datetime": "2024-06-14 19:13:34", "elapsed": 8.970242, "delta": 0.008976}}
{"target": -261.05416428680644, "params": {"gamma": 5.293030012750302, "prior": 6.635403915273608, "rate": 6.947765177374281}, "datetime": {"datetime": "2024-06-14 19:13:34", "elapsed": 8.979218, "delta": 0.008976}}
{"target": -214.25833052708006, "params": {"gamma": 3.1329037297737132, "prior": 0.47399998048085035, "rate": 4.146214234044257}, "datetime": {"datetime": "2024-06-14 19:13:34", "elapsed": 8.989192, "delta": 0.009974}}
{"target": -195.2818403278667, "params": {"gamma": 2.2612156645820662, "prior": 0.11103681949882596, "rate": 6.857480005685141}, "datetime": {"datetime": "2024-06-14 19:13:34", "elapsed": 8.998167, "delta": 0.008975}}
{"target": -410.3989906749948, "params": {"gamma": 9.520673328006277, "prior": 3.9724024292967792, "rate": 3.0036839952852596}, "datetime": {"datetime": "2024-06-14 19:13:34", "elapsed": 9.008141, "delta": 0.009974}}
{"target": -266.8114762320914, "params": {"gamma": 5.537964374290343, "prior": 8.534564954842326, "rate": 7.9498792795045405}, "datetime": {"datetime": "2024-06-14 19:13:34", "elapsed": 9.017118, "delta": 0.008977}}
{"target": -339.5515074532575, "params": {"gamma": 6.847882293080787, "prior": 4.377860203867094, "rate": 6.904649764523284}, "datetime": {"datetime": "2024-06-14 19:13:34", "elapsed": 9.027119, "delta": 0.010001}}
{"target": -166.24636993459245, "params": {"gamma": 2.161037487164819, "prior": 2.911040034677843, "rate": 7.778428288392944}, "datetime": {"datetime": "2024-06-14 19:13:34", "elapsed": 9.036066, "delta": 0.008947}}
{"target": -443.99232877794844, "params": {"gamma": 9.299871383327218, "prior": 1.9814900858052293, "rate": 2.9613368308929076}, "datetime": {"datetime": "2024-06-14 19:13:34", "elapsed": 9.04604, "delta": 0.009974}}
{"target": -151.11565243273196, "params": {"gamma": 0.06309646163797043, "prior": 4.372466228275976, "rate": 2.103740422454257}, "datetime": {"datetime": "2024-06-14 19:13:34", "elapsed": 9.055015, "delta": 0.008975}}
{"target": -259.53572295048747, "params": {"gamma": 6.414606400753661, "prior": 7.124933235213273, "rate": 1.188658366270452}, "datetime": {"datetime": "2024-06-14 19:13:34", "elapsed": 9.064989, "delta": 0.009974}}
{"target": -142.07966362927996, "params": {"gamma": 0.8223578763172843, "prior": 9.072717188845324, "rate": 3.8929983086548985}, "datetime": {"datetime": "2024-06-14 19:13:34", "elapsed": 9.073965, "delta": 0.008976}}
{"target": -254.47626192034758, "params": {"gamma": 5.334501569162878, "prior": 9.636091492645338, "rate": 7.590781068151137}, "datetime": {"datetime": "2024-06-14 19:13:34", "elapsed": 9.083938, "delta": 0.009973}}
{"target": -213.79597716935896, "params": {"gamma": 3.256077435692296, "prior": 0.9499080810909061, "rate": 5.360704142867423}, "datetime": {"datetime": "2024-06-14 19:13:34", "elapsed": 9.092914, "delta": 0.008976}}
{"target": -239.2587583747908, "params": {"gamma": 3.3619183039303744, "prior": 0.31468550480840884, "rate": 7.711752180204535}, "datetime": {"datetime": "2024-06-14 19:13:34", "elapsed": 9.102424, "delta": 0.00951}}
{"target": -212.6183754048121, "params": {"gamma": 3.849706389409975, "prior": 5.756079385581481, "rate": 7.557672815106508}, "datetime": {"datetime": "2024-06-14 19:13:34", "elapsed": 9.111401, "delta": 0.008977}}
{"target": -384.5614471822683, "params": {"gamma": 9.408533351590556, "prior": 6.161991152977763, "rate": 3.1546463916226513}, "datetime": {"datetime": "2024-06-14 19:13:34", "elapsed": 9.121403, "delta": 0.010002}}
{"target": -147.03395297207047, "params": {"gamma": 1.1016550019623323, "prior": 0.8317969903215949, "rate": 3.197588047953422}, "datetime": {"datetime": "2024-06-14 19:13:34", "elapsed": 9.130934, "delta": 0.009531}}
{"target": -273.1192121661082, "params": {"gamma": 6.608730550421095, "prior": 6.982005440804134, "rate": 2.0779726825898135}, "datetime": {"datetime": "2024-06-14 19:13:34", "elapsed": 9.140515, "delta": 0.009581}}
{"target": -143.82750761451373, "params": {"gamma": 0.8288765899448861, "prior": 3.1245555467317083, "rate": 5.476198023985873}, "datetime": {"datetime": "2024-06-14 19:13:34", "elapsed": 9.14949, "delta": 0.008975}}
{"target": -320.79821021253474, "params": {"gamma": 7.546942075074172, "prior": 5.343607473643421, "rate": 2.8705505437179983}, "datetime": {"datetime": "2024-06-14 19:13:34", "elapsed": 9.159463, "delta": 0.009973}}
{"target": -329.5112075021076, "params": {"gamma": 6.242173052915846, "prior": 2.7218828862443387, "rate": 6.527276450430897}, "datetime": {"datetime": "2024-06-14 19:13:34", "elapsed": 9.168439, "delta": 0.008976}}
{"target": -376.02972489935706, "params": {"gamma": 8.419138180259552, "prior": 6.425583421647474, "rate": 5.656749058298363}, "datetime": {"datetime": "2024-06-14 19:13:34", "elapsed": 9.178413, "delta": 0.009974}}
{"target": -183.99950914423852, "params": {"gamma": 3.072113950599342, "prior": 8.780092695385816, "rate": 9.888230025288278}, "datetime": {"datetime": "2024-06-14 19:13:34", "elapsed": 9.188386, "delta": 0.009973}}
{"target": -304.89860974524254, "params": {"gamma": 7.775016832668201, "prior": 5.779074189947149, "rate": 1.4136520470773757}, "datetime": {"datetime": "2024-06-14 19:13:34", "elapsed": 9.197362, "delta": 0.008976}}
{"target": -181.76984472844805, "params": {"gamma": 3.1499752949036433, "prior": 3.731907254052719, "rate": 2.9196603150536307}, "datetime": {"datetime": "2024-06-14 19:13:34", "elapsed": 9.207335, "delta": 0.009973}}
{"target": -210.49684994677702, "params": {"gamma": 4.46008219467453, "prior": 6.145261916989693, "rate": 2.129932990561121}, "datetime": {"datetime": "2024-06-14 19:13:34", "elapsed": 9.216311, "delta": 0.008976}}
{"target": -175.7782706280036, "params": {"gamma": 2.4983477831127514, "prior": 1.2102897838888582, "rate": 3.07657830315885}, "datetime": {"datetime": "2024-06-14 19:13:34", "elapsed": 9.226284, "delta": 0.009973}}
{"target": -267.3495831255026, "params": {"gamma": 4.9749853375678486, "prior": 4.949097068629873, "rate": 9.955776541252115}, "datetime": {"datetime": "2024-06-14 19:13:34", "elapsed": 9.23526, "delta": 0.008976}}
{"target": -492.30538708112135, "params": {"gamma": 9.811104522073206, "prior": 4.421971439643317, "rate": 9.720234197281384}, "datetime": {"datetime": "2024-06-14 19:13:34", "elapsed": 9.244236, "delta": 0.008976}}
{"target": -156.8285796548381, "params": {"gamma": 2.1447646438539647, "prior": 5.457096772478638, "rate": 4.534899709382847}, "datetime": {"datetime": "2024-06-14 19:13:34", "elapsed": 9.25421, "delta": 0.009974}}
{"target": -364.7365118846721, "params": {"gamma": 9.67612136622795, "prior": 8.37814460904005, "rate": 2.142255100882632}, "datetime": {"datetime": "2024-06-14 19:13:34", "elapsed": 9.263186, "delta": 0.008976}}
{"target": -252.34133099812, "params": {"gamma": 4.395951482451757, "prior": 1.7679220192998268, "rate": 5.29134301734205}, "datetime": {"datetime": "2024-06-14 19:13:34", "elapsed": 9.273159, "delta": 0.009973}}
{"target": -435.6798252540404, "params": {"gamma": 7.935053256996167, "prior": 0.45520357476356577, "rate": 1.9143974164796644}, "datetime": {"datetime": "2024-06-14 19:13:34", "elapsed": 9.282135, "delta": 0.008976}}
{"target": -404.37937905516543, "params": {"gamma": 9.77457818836577, "prior": 9.611893329604383, "rate": 5.566359999361917}, "datetime": {"datetime": "2024-06-14 19:13:34", "elapsed": 9.292108, "delta": 0.009973}}
{"target": -353.04937758682036, "params": {"gamma": 6.461261124237896, "prior": 2.7937208415034163, "rate": 9.520958766042686}, "datetime": {"datetime": "2024-06-14 19:13:34", "elapsed": 9.301084, "delta": 0.008976}}
{"target": -263.59940984430153, "params": {"gamma": 6.698078288466073, "prior": 6.701399151873741, "rate": 0.11202223036585872}, "datetime": {"datetime": "2024-06-14 19:13:34", "elapsed": 9.31006, "delta": 0.008976}}
{"target": -380.22425927488536, "params": {"gamma": 8.529845528647078, "prior": 7.805429564933998, "rate": 6.849555045051163}, "datetime": {"datetime": "2024-06-14 19:13:34", "elapsed": 9.320034, "delta": 0.009974}}
{"target": -410.1927755691018, "params": {"gamma": 7.4080773483828315, "prior": 1.6500670035239342, "rate": 7.188031753433652}, "datetime": {"datetime": "2024-06-14 19:13:34", "elapsed": 9.330036, "delta": 0.010002}}
{"target": -141.5012711330997, "params": {"gamma": 0.9690872885214075, "prior": 7.098799535582478, "rate": 0.027315329458906884}, "datetime": {"datetime": "2024-06-14 19:13:34", "elapsed": 9.339012, "delta": 0.008976}}
{"target": -318.6182990670777, "params": {"gamma": 7.76228166881635, "prior": 4.96641612933724, "rate": 2.044664276112351}, "datetime": {"datetime": "2024-06-14 19:13:34", "elapsed": 9.348957, "delta": 0.009945}}
{"target": -384.3863393640565, "params": {"gamma": 7.292736897839507, "prior": 3.2249759046532924, "rate": 8.83829208238512}, "datetime": {"datetime": "2024-06-14 19:13:34", "elapsed": 9.357932, "delta": 0.008975}}
{"target": -151.5594246699846, "params": {"gamma": 1.803155018796988, "prior": 9.39165147743165, "rate": 9.707530730383564}, "datetime": {"datetime": "2024-06-14 19:13:34", "elapsed": 9.367906, "delta": 0.009974}}
