{"target": -154.45709875535803, "params": {"p_ai": 6.802265132639049, "p_al": 4.272914190154236, "p_ex": 0.9689860913418493, "prior": 3.920704589637105, "rate": 0.44851341348826507}, "datetime": {"datetime": "2024-06-12 21:59:51", "elapsed": 101.534383, "delta": 0.116689}}
{"target": -101.19175967059115, "params": {"p_ai": 2.710990200499908, "p_al": 5.031293904777502, "p_ex": 4.575335383393581, "prior": 7.686577408158113, "rate": 1.6031430865858975}, "datetime": {"datetime": "2024-06-12 21:59:51", "elapsed": 101.652068, "delta": 0.117685}}
{"target": -115.27171172127218, "params": {"p_ai": 5.10093231989354, "p_al": 1.4161287835344174, "p_ex": 1.8945065357360218, "prior": 4.0995761384869995, "rate": 1.4594799700408772}, "datetime": {"datetime": "2024-06-12 21:59:51", "elapsed": 101.77202, "delta": 0.119952}}
{"target": -94.53441151758335, "params": {"p_ai": 5.623712931107031, "p_al": 4.55286296493076, "p_ex": 9.42102448081776, "prior": 6.700279053399254, "rate": 1.0323192196230728}, "datetime": {"datetime": "2024-06-12 21:59:51", "elapsed": 101.901933, "delta": 0.129913}}
{"target": -106.81869288582607, "params": {"p_ai": 6.071461447289983, "p_al": 4.203872166556974, "p_ex": 5.006819099141204, "prior": 6.558399608979977, "rate": 1.857995271651951}, "datetime": {"datetime": "2024-06-12 21:59:51", "elapsed": 102.015629, "delta": 0.113696}}
{"target": -79.44147116692655, "params": {"p_ai": 3.5959854187027576, "p_al": 4.80431758722436, "p_ex": 6.148214863550358, "prior": 2.8562858949564185, "rate": 5.028231781609626}, "datetime": {"datetime": "2024-06-12 21:59:51", "elapsed": 102.126365, "delta": 0.110736}}
{"target": -91.36958307020446, "params": {"p_ai": 2.786182582989594, "p_al": 5.724326152231424, "p_ex": 3.423551750452962, "prior": 8.3917704255985, "rate": 6.859442144947297}, "datetime": {"datetime": "2024-06-12 21:59:51", "elapsed": 102.236576, "delta": 0.110211}}
{"target": -147.10150624518772, "params": {"p_ai": 8.16146205993121, "p_al": 1.5433064281287947, "p_ex": 1.852751322764912, "prior": 5.426405215883123, "rate": 0.6149211908273852}, "datetime": {"datetime": "2024-06-12 21:59:51", "elapsed": 102.347251, "delta": 0.110675}}
{"target": -147.9043490432494, "params": {"p_ai": 5.38104712520555, "p_al": 3.360634014854361, "p_ex": 3.2452188194691933, "prior": 2.2993020381610645, "rate": 0.0478627093242713}, "datetime": {"datetime": "2024-06-12 21:59:51", "elapsed": 102.456961, "delta": 0.10971}}
{"target": -113.26446918482156, "params": {"p_ai": 6.87104638723164, "p_al": 7.528059143696881, "p_ex": 3.383495876309245, "prior": 4.698566381850696, "rate": 7.9740253575338835}, "datetime": {"datetime": "2024-06-12 21:59:52", "elapsed": 102.566669, "delta": 0.109708}}
{"target": -109.8888394506246, "params": {"p_ai": 6.475029921813591, "p_al": 0.23075873965417942, "p_ex": 2.840440882000521, "prior": 9.543993923653835, "rate": 8.831663399364862}, "datetime": {"datetime": "2024-06-12 21:59:52", "elapsed": 102.676863, "delta": 0.110194}}
{"target": -111.45338677856097, "params": {"p_ai": 3.2528542928382116, "p_al": 9.106428259046453, "p_ex": 4.792271643587237, "prior": 2.0214851391453554, "rate": 2.7152226317759873}, "datetime": {"datetime": "2024-06-12 21:59:52", "elapsed": 102.786572, "delta": 0.109709}}
{"target": -88.81704020789756, "params": {"p_ai": 2.4105781820003296, "p_al": 0.556698987691059, "p_ex": 4.371923976318957, "prior": 9.045924292349737, "rate": 5.258048884328453}, "datetime": {"datetime": "2024-06-12 21:59:52", "elapsed": 102.901432, "delta": 0.11486}}
{"target": -139.83986030873928, "params": {"p_ai": 5.45501927258241, "p_al": 2.270769102045196, "p_ex": 0.46496189658185, "prior": 1.2589544199559672, "rate": 2.152041802423628}, "datetime": {"datetime": "2024-06-12 21:59:52", "elapsed": 103.011967, "delta": 0.110535}}
{"target": -186.94748008708046, "params": {"p_ai": 8.734060760678151, "p_al": 9.883297769252295, "p_ex": 0.17864471946155067, "prior": 4.433656242445618, "rate": 3.6926037105639593}, "datetime": {"datetime": "2024-06-12 21:59:52", "elapsed": 103.122211, "delta": 0.110244}}
{"target": -101.87235522778654, "params": {"p_ai": 5.365099171557174, "p_al": 6.165611663572178, "p_ex": 3.9606016122470797, "prior": 1.8394567778102808, "rate": 5.853157183958837}, "datetime": {"datetime": "2024-06-12 21:59:52", "elapsed": 103.230891, "delta": 0.10868}}
{"target": -102.37643223932503, "params": {"p_ai": 0.33393439959498467, "p_al": 8.939882672498515, "p_ex": 6.4444635631791485, "prior": 0.9463480982929026, "rate": 5.514198481896219}, "datetime": {"datetime": "2024-06-12 21:59:52", "elapsed": 103.340598, "delta": 0.109707}}
{"target": -102.71445639681548, "params": {"p_ai": 1.290614237119169, "p_al": 1.189089580581743, "p_ex": 2.656223467019746, "prior": 7.629320107414128, "rate": 6.982511237812883}, "datetime": {"datetime": "2024-06-12 21:59:52", "elapsed": 103.450305, "delta": 0.109707}}
{"target": -102.620061625155, "params": {"p_ai": 5.5889624922088075, "p_al": 2.553010961299623, "p_ex": 5.1791698014639245, "prior": 9.297580185091476, "rate": 1.8540067116163252}, "datetime": {"datetime": "2024-06-12 21:59:53", "elapsed": 103.561009, "delta": 0.110704}}
{"target": -155.83108033461667, "params": {"p_ai": 7.342339864091912, "p_al": 8.72195678460364, "p_ex": 6.694892627696197, "prior": 2.0377529908899317, "rate": 1.2925307977203897}, "datetime": {"datetime": "2024-06-12 21:59:53", "elapsed": 103.670716, "delta": 0.109707}}
{"target": -80.1436243680015, "params": {"p_ai": 5.150814880735495, "p_al": 1.3039515035572151, "p_ex": 8.257174308347446, "prior": 5.236921642608596, "rate": 2.9149454507613863}, "datetime": {"datetime": "2024-06-12 21:59:53", "elapsed": 103.781258, "delta": 0.110542}}
{"target": -92.34143397978796, "params": {"p_ai": 5.681699207758667, "p_al": 2.607113167075669, "p_ex": 5.845117576613796, "prior": 2.32199215010331, "rate": 2.1913014701633196}, "datetime": {"datetime": "2024-06-12 21:59:53", "elapsed": 103.891343, "delta": 0.110085}}
{"target": -174.9322543927728, "params": {"p_ai": 5.185542309916678, "p_al": 8.35432241661817, "p_ex": 6.448062933841908, "prior": 0.9428132212047013, "rate": 1.3415491851440944}, "datetime": {"datetime": "2024-06-12 21:59:53", "elapsed": 104.002047, "delta": 0.110704}}
{"target": -108.74974530794361, "params": {"p_ai": 3.9036156575502186, "p_al": 3.1963273640149286, "p_ex": 8.912314797811076, "prior": 8.913023588304181, "rate": 0.2992111861366949}, "datetime": {"datetime": "2024-06-12 21:59:53", "elapsed": 104.111754, "delta": 0.109707}}
{"target": -113.08682770853419, "params": {"p_ai": 2.1060088559719117, "p_al": 3.8841387744641738, "p_ex": 1.7645710751045083, "prior": 9.186944713043502, "rate": 1.8967959364001061}, "datetime": {"datetime": "2024-06-12 21:59:53", "elapsed": 104.22181, "delta": 0.110056}}
{"target": -116.87761490408967, "params": {"p_ai": 7.3401256292133965, "p_al": 9.569199419728829, "p_ex": 4.777702734413059, "prior": 8.142378714413438, "rate": 4.282765599393484}, "datetime": {"datetime": "2024-06-12 21:59:53", "elapsed": 104.332369, "delta": 0.110559}}
{"target": -111.77914910050465, "params": {"p_ai": 8.13467909993753, "p_al": 7.6172232645805815, "p_ex": 9.596076873702136, "prior": 3.3666634664476933, "rate": 7.666177450236105}, "datetime": {"datetime": "2024-06-12 21:59:53", "elapsed": 104.442581, "delta": 0.110212}}
{"target": -119.94138210233534, "params": {"p_ai": 9.216256420526488, "p_al": 8.107906057497173, "p_ex": 8.143560581729513, "prior": 9.483034089579148, "rate": 2.9075383441675364}, "datetime": {"datetime": "2024-06-12 21:59:54", "elapsed": 104.551766, "delta": 0.109185}}
{"target": -83.9446368218622, "params": {"p_ai": 4.402025448023279, "p_al": 1.0614689514075122, "p_ex": 8.772943953099569, "prior": 3.4376495800562545, "rate": 9.052543557612724}, "datetime": {"datetime": "2024-06-12 21:59:54", "elapsed": 104.663467, "delta": 0.111701}}
{"target": -82.978488923963, "params": {"p_ai": 2.0393718583818017, "p_al": 3.49670854682447, "p_ex": 6.905103296395332, "prior": 9.22714253443678, "rate": 6.879772184061891}, "datetime": {"datetime": "2024-06-12 21:59:54", "elapsed": 104.777428, "delta": 0.113961}}
{"target": -86.96525781866679, "params": {"p_ai": 3.4015950863695554, "p_al": 0.40139455562105736, "p_ex": 3.3181754241303745, "prior": 4.762134435981242, "rate": 7.304270953982604}, "datetime": {"datetime": "2024-06-12 21:59:54", "elapsed": 104.888382, "delta": 0.110954}}
{"target": -148.53784950209928, "params": {"p_ai": 8.936392304537144, "p_al": 0.06408410135224346, "p_ex": 0.7682678879967971, "prior": 2.818623672892344, "rate": 5.356653678219738}, "datetime": {"datetime": "2024-06-12 21:59:54", "elapsed": 104.998706, "delta": 0.110324}}
{"target": -91.47810782015867, "params": {"p_ai": 5.358320197017084, "p_al": 4.25320952977812, "p_ex": 8.836490541785956, "prior": 7.273793098297809, "rate": 1.360477671934808}, "datetime": {"datetime": "2024-06-12 21:59:54", "elapsed": 105.108398, "delta": 0.109692}}
{"target": -95.70992008683857, "params": {"p_ai": 2.3521283159904485, "p_al": 5.053553249291305, "p_ex": 3.625823024683793, "prior": 8.086391818387844, "rate": 4.1939360275341455}, "datetime": {"datetime": "2024-06-12 21:59:54", "elapsed": 105.21861, "delta": 0.110212}}
{"target": -144.28999703876832, "params": {"p_ai": 9.41168440870445, "p_al": 1.8253827869110664, "p_ex": 4.828391994098708, "prior": 8.942579468503189, "rate": 0.6582946776379386}, "datetime": {"datetime": "2024-06-12 21:59:54", "elapsed": 105.328823, "delta": 0.110213}}
{"target": -76.13647577010104, "params": {"p_ai": 2.7930374012310466, "p_al": 2.0285264812184285, "p_ex": 9.848142780102968, "prior": 4.685069110924743, "rate": 8.881823309179376}, "datetime": {"datetime": "2024-06-12 21:59:54", "elapsed": 105.439374, "delta": 0.110551}}
{"target": -121.1457523550584, "params": {"p_ai": 8.539400167342631, "p_al": 1.0405818638300903, "p_ex": 3.500085683547541, "prior": 4.967458463909608, "rate": 8.789071546632522}, "datetime": {"datetime": "2024-06-12 21:59:55", "elapsed": 105.553576, "delta": 0.114202}}
{"target": -121.4718866586765, "params": {"p_ai": 9.818558826019503, "p_al": 3.370152344242372, "p_ex": 7.819704001748473, "prior": 8.587314644739731, "rate": 2.8132116645345953}, "datetime": {"datetime": "2024-06-12 21:59:55", "elapsed": 105.665277, "delta": 0.111701}}
{"target": -83.27287215786687, "params": {"p_ai": 1.9900754263415932, "p_al": 6.46649017792085, "p_ex": 5.641829191069348, "prior": 1.5466010079402892, "rate": 7.421983140023526}, "datetime": {"datetime": "2024-06-12 21:59:55", "elapsed": 105.775989, "delta": 0.110712}}
{"target": -129.2589252942015, "params": {"p_ai": 3.6015667876147712, "p_al": 6.0471355297994975, "p_ex": 0.06592323285271869, "prior": 5.905563148843087, "rate": 7.334526684535487}, "datetime": {"datetime": "2024-06-12 21:59:55", "elapsed": 105.885983, "delta": 0.109994}}
{"target": -97.90815216442057, "params": {"p_ai": 3.457397702569941, "p_al": 7.593538905555558, "p_ex": 4.2702742414255, "prior": 4.2325773823623205, "rate": 2.994227023324736}, "datetime": {"datetime": "2024-06-12 21:59:55", "elapsed": 105.995689, "delta": 0.109706}}
{"target": -112.66573819571398, "params": {"p_ai": 7.41084812936265, "p_al": 9.17093155390691, "p_ex": 4.431569286643207, "prior": 9.869859504332707, "rate": 7.995077879366126}, "datetime": {"datetime": "2024-06-12 21:59:55", "elapsed": 106.106394, "delta": 0.110705}}
{"target": -86.90692399072844, "params": {"p_ai": 3.1130412574876014, "p_al": 2.3318198765431166, "p_ex": 3.5900011043724316, "prior": 4.047288190987675, "rate": 4.9594870060932585}, "datetime": {"datetime": "2024-06-12 21:59:55", "elapsed": 106.220091, "delta": 0.113697}}
{"target": -157.9312425669708, "params": {"p_ai": 7.015635889608674, "p_al": 8.410142349236114, "p_ex": 0.591681143437602, "prior": 4.531267048059634, "rate": 4.276131343403098}, "datetime": {"datetime": "2024-06-12 21:59:55", "elapsed": 106.329796, "delta": 0.109705}}
{"target": -84.46030267527037, "params": {"p_ai": 4.240900112591106, "p_al": 5.637207208839824, "p_ex": 9.3980782998847, "prior": 3.3038838395389827, "rate": 9.489732453291571}, "datetime": {"datetime": "2024-06-12 21:59:55", "elapsed": 106.439916, "delta": 0.11012}}
{"target": -77.96503468646104, "params": {"p_ai": 2.4595966948386168, "p_al": 5.484501872174486, "p_ex": 7.134294959360631, "prior": 8.806336338229208, "rate": 7.817205199110037}, "datetime": {"datetime": "2024-06-12 21:59:56", "elapsed": 106.549625, "delta": 0.109709}}
{"target": -122.1805968346118, "params": {"p_ai": 9.657646828616505, "p_al": 5.511879884156932, "p_ex": 9.054357949067327, "prior": 6.547188885206358, "rate": 1.6909319518823145}, "datetime": {"datetime": "2024-06-12 21:59:56", "elapsed": 106.659333, "delta": 0.109708}}
{"target": -131.2253733627072, "params": {"p_ai": 0.3075764907057214, "p_al": 7.608044237084763, "p_ex": 6.776523100769331, "prior": 2.883846336266304, "rate": 1.061060113331068}, "datetime": {"datetime": "2024-06-12 21:59:56", "elapsed": 106.769923, "delta": 0.11059}}
{"target": -106.6366582991785, "params": {"p_ai": 6.894912753981151, "p_al": 7.494775701453469, "p_ex": 5.583261815945312, "prior": 6.6527083965787845, "rate": 4.04120575860372}, "datetime": {"datetime": "2024-06-12 21:59:56", "elapsed": 106.879772, "delta": 0.109849}}
{"target": -105.87732298732578, "params": {"p_ai": 8.661009108350234, "p_al": 5.3244804162311095, "p_ex": 8.94849717759843, "prior": 7.397355841077811, "rate": 5.229495878098283}, "datetime": {"datetime": "2024-06-12 21:59:56", "elapsed": 106.990477, "delta": 0.110705}}
{"target": -130.70022466176886, "params": {"p_ai": 7.196851652491778, "p_al": 8.867573377717738, "p_ex": 1.9459183399439965, "prior": 4.298620712646929, "rate": 8.593650736304962}, "datetime": {"datetime": "2024-06-12 21:59:56", "elapsed": 107.100186, "delta": 0.109709}}
{"target": -97.42509731875114, "params": {"p_ai": 0.30593315470351806, "p_al": 1.3316887393732058, "p_ex": 4.0540634531511355, "prior": 1.1244776218587826, "rate": 7.261793973479709}, "datetime": {"datetime": "2024-06-12 21:59:56", "elapsed": 107.212886, "delta": 0.1127}}
{"target": -138.66763096868527, "params": {"p_ai": 9.74812518591709, "p_al": 4.891176585226112, "p_ex": 9.60271465844587, "prior": 1.3585554114606393, "rate": 7.004733804599716}, "datetime": {"datetime": "2024-06-12 21:59:56", "elapsed": 107.322744, "delta": 0.109858}}
{"target": -99.85153570266425, "params": {"p_ai": 5.82900028491064, "p_al": 7.917543891275795, "p_ex": 5.377468422835572, "prior": 9.798948077818707, "rate": 4.397088163352406}, "datetime": {"datetime": "2024-06-12 21:59:56", "elapsed": 107.433954, "delta": 0.11121}}
{"target": -197.9859004712358, "params": {"p_ai": 9.502773262661462, "p_al": 9.182866943702871, "p_ex": 4.2392728592820275, "prior": 4.105808538326242, "rate": 0.20045070602134657}, "datetime": {"datetime": "2024-06-12 21:59:57", "elapsed": 107.543057, "delta": 0.109103}}
{"target": -91.5335061004997, "params": {"p_ai": 4.485492635920682, "p_al": 1.9949007104567833, "p_ex": 3.3599204150639372, "prior": 2.8258754102309727, "rate": 6.702309477116513}, "datetime": {"datetime": "2024-06-12 21:59:57", "elapsed": 107.653761, "delta": 0.110704}}
{"target": -76.89475577078974, "params": {"p_ai": 4.4022955698242345, "p_al": 6.002889962165791, "p_ex": 8.435340806411245, "prior": 8.327887276650028, "rate": 5.855987869562886}, "datetime": {"datetime": "2024-06-12 21:59:57", "elapsed": 107.764408, "delta": 0.110647}}
{"target": -123.73821950706801, "params": {"p_ai": 4.405923932616606, "p_al": 4.0047021613980025, "p_ex": 0.7122002336399037, "prior": 4.674352425274426, "rate": 4.031025111880172}, "datetime": {"datetime": "2024-06-12 21:59:57", "elapsed": 107.874196, "delta": 0.109788}}
{"target": -93.666843148978, "params": {"p_ai": 2.0161053969500373, "p_al": 8.027446895117734, "p_ex": 6.981781631247231, "prior": 9.754105729983317, "rate": 3.8557726961887338}, "datetime": {"datetime": "2024-06-12 21:59:57", "elapsed": 107.985446, "delta": 0.11125}}
{"target": -90.57128635621464, "params": {"p_ai": 4.169858916139606, "p_al": 5.197829460123607, "p_ex": 3.5335312774873016, "prior": 5.4529221972087285, "rate": 8.897635664817782}, "datetime": {"datetime": "2024-06-12 21:59:57", "elapsed": 108.09615, "delta": 0.110704}}
{"target": -96.09783661478517, "params": {"p_ai": 7.305463347346481, "p_al": 2.0659129860558227, "p_ex": 8.001728642806308, "prior": 7.953285322327399, "rate": 7.991110513057933}, "datetime": {"datetime": "2024-06-12 21:59:57", "elapsed": 108.205446, "delta": 0.109296}}
{"target": -89.26911298804208, "params": {"p_ai": 3.168709736973412, "p_al": 6.129902255734795, "p_ex": 6.523257528485796, "prior": 1.203129814105274, "rate": 9.1868342285534}, "datetime": {"datetime": "2024-06-12 21:59:57", "elapsed": 108.315153, "delta": 0.109707}}
{"target": -74.25256483092906, "params": {"p_ai": 3.681989599397955, "p_al": 6.884078859625151, "p_ex": 9.283455455258283, "prior": 6.74904675955315, "rate": 9.38483564986149}, "datetime": {"datetime": "2024-06-12 21:59:57", "elapsed": 108.424538, "delta": 0.109385}}
{"target": -95.19044507296302, "params": {"p_ai": 6.991377462572233, "p_al": 1.709408088343812, "p_ex": 7.289326185240949, "prior": 4.05779575275768, "rate": 3.1864143605046094}, "datetime": {"datetime": "2024-06-12 21:59:58", "elapsed": 108.535243, "delta": 0.110705}}
{"target": -113.9603739044287, "params": {"p_ai": 7.806682064739028, "p_al": 7.905100864498175, "p_ex": 9.4901686447983, "prior": 2.032649766796406, "rate": 5.32711064694857}, "datetime": {"datetime": "2024-06-12 21:59:58", "elapsed": 108.645455, "delta": 0.110212}}
{"target": -127.20972035182255, "params": {"p_ai": 7.7214524638532, "p_al": 5.163972338729523, "p_ex": 2.2886357530249133, "prior": 9.952907622859108, "rate": 8.893309115794231}, "datetime": {"datetime": "2024-06-12 21:59:58", "elapsed": 108.757749, "delta": 0.112294}}
{"target": -83.88906601244597, "params": {"p_ai": 5.77185622802849, "p_al": 5.380940020627867, "p_ex": 8.39992120466477, "prior": 9.146425179600218, "rate": 8.196033971462102}, "datetime": {"datetime": "2024-06-12 21:59:58", "elapsed": 108.870945, "delta": 0.113196}}
{"target": -118.92114539806856, "params": {"p_ai": 4.3286649457508, "p_al": 8.556375691660442, "p_ex": 2.25682771258779, "prior": 5.405620154121501, "rate": 3.1521877359098176}, "datetime": {"datetime": "2024-06-12 21:59:58", "elapsed": 108.983225, "delta": 0.11228}}
{"target": -85.57718611548077, "params": {"p_ai": 1.197225322759513, "p_al": 1.455974015579314, "p_ex": 9.366111572060866, "prior": 1.9507292859870247, "rate": 6.499451382283563}, "datetime": {"datetime": "2024-06-12 21:59:58", "elapsed": 109.093957, "delta": 0.110732}}
{"target": -114.07294776443581, "params": {"p_ai": 2.391972458242885, "p_al": 5.255170257750519, "p_ex": 1.307211406941315, "prior": 2.89611392001835, "rate": 4.005844775951111}, "datetime": {"datetime": "2024-06-12 21:59:58", "elapsed": 109.204268, "delta": 0.110311}}
{"target": -134.76969994761177, "params": {"p_ai": 7.067081063453817, "p_al": 9.0107982835773, "p_ex": 4.28634274271159, "prior": 7.138505863828612, "rate": 1.391725519034242}, "datetime": {"datetime": "2024-06-12 21:59:58", "elapsed": 109.314592, "delta": 0.110324}}
{"target": -83.62565521187206, "params": {"p_ai": 1.0066501696519974, "p_al": 4.481647794143768, "p_ex": 7.605301828565939, "prior": 2.316921225452701, "rate": 8.09151910411932}, "datetime": {"datetime": "2024-06-12 21:59:58", "elapsed": 109.425713, "delta": 0.111121}}
{"target": -116.22073647101796, "params": {"p_ai": 2.5248249478764953, "p_al": 0.838928467976868, "p_ex": 5.130493139683857, "prior": 0.010777103781384231, "rate": 7.081422282546556}, "datetime": {"datetime": "2024-06-12 21:59:59", "elapsed": 109.536791, "delta": 0.111078}}
{"target": -146.51176548206118, "params": {"p_ai": 7.390853426863938, "p_al": 9.73322264344219, "p_ex": 6.631982904080714, "prior": 4.942673042576449, "rate": 0.7371595478477164}, "datetime": {"datetime": "2024-06-12 21:59:59", "elapsed": 109.652479, "delta": 0.115688}}
{"target": -84.21231300332832, "params": {"p_ai": 5.343415976199531, "p_al": 1.4191621099841882, "p_ex": 8.024085235114102, "prior": 5.761912356516914, "rate": 2.1299294622685796}, "datetime": {"datetime": "2024-06-12 21:59:59", "elapsed": 109.771229, "delta": 0.11875}}
{"target": -114.76556744800833, "params": {"p_ai": 7.070844731569463, "p_al": 3.3307517606829986, "p_ex": 6.691313025057773, "prior": 7.795731330379866, "rate": 0.8666746108424254}, "datetime": {"datetime": "2024-06-12 21:59:59", "elapsed": 109.884614, "delta": 0.113385}}
{"target": -85.76857436825222, "params": {"p_ai": 5.107053969244893, "p_al": 1.0376399462769927, "p_ex": 6.49496559599607, "prior": 3.155663327191296, "rate": 6.435368403054906}, "datetime": {"datetime": "2024-06-12 21:59:59", "elapsed": 109.995967, "delta": 0.111353}}
{"target": -127.03215704084641, "params": {"p_ai": 0.4864892669021125, "p_al": 8.67009697380327, "p_ex": 4.78211439086565, "prior": 7.9357383330868965, "rate": 2.267143144700332}, "datetime": {"datetime": "2024-06-12 21:59:59", "elapsed": 110.106671, "delta": 0.110704}}
{"target": -76.6699172803763, "params": {"p_ai": 3.3504024487870745, "p_al": 7.637985457191093, "p_ex": 8.534375742625368, "prior": 4.371801524592517, "rate": 9.303392967733627}, "datetime": {"datetime": "2024-06-12 21:59:59", "elapsed": 110.217375, "delta": 0.110704}}
{"target": -97.21605353239504, "params": {"p_ai": 5.796563374104747, "p_al": 0.4919257168276211, "p_ex": 4.5291605182121115, "prior": 1.6048400632304824, "rate": 7.3285116447675644}, "datetime": {"datetime": "2024-06-12 21:59:59", "elapsed": 110.328078, "delta": 0.110703}}
{"target": -78.6186741788431, "params": {"p_ai": 3.4741793266387537, "p_al": 2.0125752194218203, "p_ex": 8.428037552609165, "prior": 8.178145521691025, "rate": 3.4371232618649366}, "datetime": {"datetime": "2024-06-12 21:59:59", "elapsed": 110.43829, "delta": 0.110212}}
