{"target": -1598.3806732342068, "params": {"gamma": 8.001642974863078, "lr": 0.9113083542736461}, "datetime": {"datetime": "2024-06-13 20:37:19", "elapsed": 8.33104, "delta": 0.003991}}
{"target": -849.0606183428877, "params": {"gamma": 5.131976926404618, "lr": 0.42942202968065213}, "datetime": {"datetime": "2024-06-13 20:37:19", "elapsed": 8.336025, "delta": 0.004985}}
{"target": -214.9130986972922, "params": {"gamma": 0.9168564269132811, "lr": 0.27367730380496647}, "datetime": {"datetime": "2024-06-13 20:37:19", "elapsed": 8.342009, "delta": 0.005984}}
{"target": -2089.8901543966654, "params": {"gamma": 8.866591497643999, "lr": 0.2459443412735529}, "datetime": {"datetime": "2024-06-13 20:37:19", "elapsed": 8.345998, "delta": 0.003989}}
{"target": -1019.337074909983, "params": {"gamma": 6.212272679321877, "lr": 0.49500739584280073}, "datetime": {"datetime": "2024-06-13 20:37:19", "elapsed": 8.350985, "delta": 0.004987}}
{"target": -227.5463159270961, "params": {"gamma": 0.9446309868062094, "lr": 0.8993685313928761}, "datetime": {"datetime": "2024-06-13 20:37:19", "elapsed": 8.355972, "delta": 0.004987}}
{"target": -176.17608454707226, "params": {"gamma": 0.6786405537486796, "lr": 0.680702325466581}, "datetime": {"datetime": "2024-06-13 20:37:19", "elapsed": 8.360958, "delta": 0.004986}}
{"target": -1780.1491783944007, "params": {"gamma": 9.720009401703859, "lr": 0.709373790820744}, "datetime": {"datetime": "2024-06-13 20:37:19", "elapsed": 8.365945, "delta": 0.004987}}
{"target": -818.7806218509247, "params": {"gamma": 3.2597612958632975, "lr": 0.07344016636799866}, "datetime": {"datetime": "2024-06-13 20:37:19", "elapsed": 8.370932, "delta": 0.004987}}
{"target": -1079.6674949863007, "params": {"gamma": 5.797790733426387, "lr": 0.7335170182530933}, "datetime": {"datetime": "2024-06-13 20:37:19", "elapsed": 8.375918, "delta": 0.004986}}
{"target": -372.4756460533864, "params": {"gamma": 1.7569187206082415, "lr": 0.9997537973236718}, "datetime": {"datetime": "2024-06-13 20:37:49", "elapsed": 38.114565, "delta": 29.738647}}
{"target": -166.061976685478, "params": {"gamma": 0.5377099991436616, "lr": 0.8480245360431088}, "datetime": {"datetime": "2024-06-13 20:38:16", "elapsed": 65.278392, "delta": 27.163827}}
{"target": -151.10608536206834, "params": {"gamma": 0.001, "lr": 0.0}, "datetime": {"datetime": "2024-06-13 20:38:32", "elapsed": 81.74913, "delta": 16.470738}}
{"target": -224.3739953117946, "params": {"gamma": 0.9254224820487047, "lr": 0.9872254773367676}, "datetime": {"datetime": "2024-06-13 20:39:09", "elapsed": 118.657701, "delta": 36.908571}}
{"target": -144.9769136670493, "params": {"gamma": 0.08387097299524811, "lr": 0.9988907349950841}, "datetime": {"datetime": "2024-06-13 20:39:32", "elapsed": 141.791536, "delta": 23.133835}}
{"target": -188.52756510665026, "params": {"gamma": 0.5831838001744246, "lr": 0.004366867254289697}, "datetime": {"datetime": "2024-06-13 20:40:00", "elapsed": 169.509084, "delta": 27.717548}}
{"target": -147.92554120805613, "params": {"gamma": 0.036326871269630065, "lr": 0.9167988421466087}, "datetime": {"datetime": "2024-06-13 20:40:38", "elapsed": 207.223014, "delta": 37.71393}}
{"target": -350.2752388826292, "params": {"gamma": 1.6380465426115112, "lr": 0.9989729317783835}, "datetime": {"datetime": "2024-06-13 20:41:18", "elapsed": 247.851419, "delta": 40.628405}}
{"target": -1020.395468177396, "params": {"gamma": 5.532459911594318, "lr": 0.7020481994531945}, "datetime": {"datetime": "2024-06-13 20:41:28", "elapsed": 257.897431, "delta": 10.046012}}
{"target": -265.89213863599144, "params": {"gamma": 1.4853000029868202, "lr": 0.4066836824442297}, "datetime": {"datetime": "2024-06-13 20:41:38", "elapsed": 267.549976, "delta": 9.652545}}
{"target": -163.67272058121793, "params": {"gamma": 0.6054344265025935, "lr": 0.6369283033650487}, "datetime": {"datetime": "2024-06-13 20:42:12", "elapsed": 301.212836, "delta": 33.66286}}
{"target": -160.01333505089843, "params": {"gamma": 0.5185688684934145, "lr": 0.7146360451108877}, "datetime": {"datetime": "2024-06-13 20:42:39", "elapsed": 328.487718, "delta": 27.274882}}
{"target": -187.18144095714706, "params": {"gamma": 0.7668525214244757, "lr": 0.6984550291447513}, "datetime": {"datetime": "2024-06-13 20:43:04", "elapsed": 353.880579, "delta": 25.392861}}
{"target": -229.92249187366252, "params": {"gamma": 0.7930118933315057, "lr": 0.0017283113780878212}, "datetime": {"datetime": "2024-06-13 20:43:29", "elapsed": 378.841111, "delta": 24.960532}}
{"target": -151.10608536206834, "params": {"gamma": 0.3819669992071455, "lr": 0.0}, "datetime": {"datetime": "2024-06-13 20:43:45", "elapsed": 394.839086, "delta": 15.997975}}
{"target": -151.10608536206834, "params": {"gamma": 0.0913056574129153, "lr": 0.0}, "datetime": {"datetime": "2024-06-13 20:44:22", "elapsed": 432.074402, "delta": 37.235316}}
{"target": -159.02199099774242, "params": {"gamma": 0.4897403360273256, "lr": 0.7927354936237867}, "datetime": {"datetime": "2024-06-13 20:45:00", "elapsed": 469.569271, "delta": 37.494869}}
{"target": -148.14329301550129, "params": {"gamma": 0.3226633919860215, "lr": 0.9975215898254293}, "datetime": {"datetime": "2024-06-13 20:45:29", "elapsed": 498.94808, "delta": 29.378809}}
{"target": -434.6761406553448, "params": {"gamma": 2.195616609602122, "lr": 0.832826239704753}, "datetime": {"datetime": "2024-06-13 20:45:38", "elapsed": 507.904046, "delta": 8.955966}}
{"target": -151.00938017421745, "params": {"gamma": 0.001, "lr": 0.8734880126071989}, "datetime": {"datetime": "2024-06-13 20:45:56", "elapsed": 525.52904, "delta": 17.624994}}
{"target": -149.86205722912504, "params": {"gamma": 0.01039573133267395, "lr": 0.14455055869389044}, "datetime": {"datetime": "2024-06-13 20:46:23", "elapsed": 552.428382, "delta": 26.899342}}
{"target": -174.48877781993576, "params": {"gamma": 0.5865003526398848, "lr": 0.9901198382089295}, "datetime": {"datetime": "2024-06-13 20:47:00", "elapsed": 589.95211, "delta": 37.523728}}
{"target": -236.53394456111124, "params": {"gamma": 0.9994383381122975, "lr": 0.9938516465266554}, "datetime": {"datetime": "2024-06-13 20:47:17", "elapsed": 606.138373, "delta": 16.186263}}
{"target": -760.2043688604458, "params": {"gamma": 4.614963540072418, "lr": 0.487979895010642}, "datetime": {"datetime": "2024-06-13 20:47:26", "elapsed": 615.322951, "delta": 9.184578}}
{"target": -160.5444969813912, "params": {"gamma": 0.47362392817868565, "lr": 0.8841476873124642}, "datetime": {"datetime": "2024-06-13 20:47:55", "elapsed": 644.742322, "delta": 29.419371}}
