{"target": -251.15356529144512, "params": {"gamma": 6.250711640076693, "prior": 6.634028573401182, "rate": 7.340553331594224}, "datetime": {"datetime": "2024-06-14 06:59:22", "elapsed": 18.327415, "delta": 0.010971}}
{"target": -228.14517985758846, "params": {"gamma": 5.54904548691878, "prior": 1.162819548016187, "rate": 6.403837458691426}, "datetime": {"datetime": "2024-06-14 06:59:22", "elapsed": 18.337389, "delta": 0.009974}}
{"target": -244.23519306062545, "params": {"gamma": 6.705637999047665, "prior": 2.5760592163646616, "rate": 9.48280432589309}, "datetime": {"datetime": "2024-06-14 06:59:22", "elapsed": 18.347362, "delta": 0.009973}}
{"target": -222.49344510943843, "params": {"gamma": 4.527038501594155, "prior": 8.680484824940818, "rate": 6.5311578451151915}, "datetime": {"datetime": "2024-06-14 06:59:22", "elapsed": 18.357335, "delta": 0.009973}}
{"target": -244.58664448587288, "params": {"gamma": 6.165734558182161, "prior": 5.53906870999164, "rate": 6.4760270347112066}, "datetime": {"datetime": "2024-06-14 06:59:22", "elapsed": 18.368306, "delta": 0.010971}}
{"target": -351.56797778594193, "params": {"gamma": 8.443508165581074, "prior": 7.79110035202588, "rate": 6.726602036977152}, "datetime": {"datetime": "2024-06-14 06:59:22", "elapsed": 18.378279, "delta": 0.009973}}
{"target": -126.07389334412926, "params": {"gamma": 0.31942149138614195, "prior": 0.18607824607212345, "rate": 3.5860179122930487}, "datetime": {"datetime": "2024-06-14 06:59:22", "elapsed": 18.388252, "delta": 0.009973}}
{"target": -155.46202063819206, "params": {"gamma": 0.30730757815686666, "prior": 5.226689787064359, "rate": 0.036535454134401193}, "datetime": {"datetime": "2024-06-14 06:59:22", "elapsed": 18.398226, "delta": 0.009974}}
{"target": -190.1202664737381, "params": {"gamma": 4.80782326402619, "prior": 3.8383252631823646, "rate": 9.57468291548391}, "datetime": {"datetime": "2024-06-14 06:59:22", "elapsed": 18.408199, "delta": 0.009973}}
{"target": -120.18681119705225, "params": {"gamma": 0.5594796463757505, "prior": 0.7453906352106907, "rate": 8.492816205896958}, "datetime": {"datetime": "2024-06-14 06:59:22", "elapsed": 18.41917, "delta": 0.010971}}
{"target": -567.7960750486658, "params": {"gamma": 7.95278352446082, "prior": 9.364876906499536, "rate": 0.7832882493134576}, "datetime": {"datetime": "2024-06-14 06:59:22", "elapsed": 18.429143, "delta": 0.009973}}
{"target": -303.5866355420687, "params": {"gamma": 6.201377645038051, "prior": 5.192608250406824, "rate": 3.2164188746044267}, "datetime": {"datetime": "2024-06-14 06:59:22", "elapsed": 18.439116, "delta": 0.009973}}
{"target": -456.96540190192246, "params": {"gamma": 6.108503694482293, "prior": 9.188970106003065, "rate": 0.6265924993176286}, "datetime": {"datetime": "2024-06-14 06:59:22", "elapsed": 18.44909, "delta": 0.009974}}
{"target": -245.7575243814514, "params": {"gamma": 6.597601675698143, "prior": 2.9231979136433965, "rate": 4.05507146708443}, "datetime": {"datetime": "2024-06-14 06:59:22", "elapsed": 18.46006, "delta": 0.01097}}
{"target": -324.8181631194383, "params": {"gamma": 8.497095650065528, "prior": 1.3051221032419362, "rate": 8.429867764940202}, "datetime": {"datetime": "2024-06-14 06:59:22", "elapsed": 18.470036, "delta": 0.009976}}
{"target": -194.61668686300274, "params": {"gamma": 4.043023200888809, "prior": 9.840486039447793, "rate": 9.180238599391384}, "datetime": {"datetime": "2024-06-14 06:59:22", "elapsed": 18.480007, "delta": 0.009971}}
{"target": -209.18675399221027, "params": {"gamma": 4.077336153001339, "prior": 3.0494110501065124, "rate": 2.210242885260159}, "datetime": {"datetime": "2024-06-14 06:59:22", "elapsed": 18.490979, "delta": 0.010972}}
{"target": -144.42248718332948, "params": {"gamma": 2.178141660255354, "prior": 7.710506836041361, "rate": 7.554669376147851}, "datetime": {"datetime": "2024-06-14 06:59:22", "elapsed": 18.50098, "delta": 0.010001}}
{"target": -308.98637439211586, "params": {"gamma": 9.782554060479685, "prior": 0.9247667416835517, "rate": 2.20261362016969}, "datetime": {"datetime": "2024-06-14 06:59:22", "elapsed": 18.511796, "delta": 0.010816}}
{"target": -379.5806764330754, "params": {"gamma": 9.837125648386799, "prior": 5.509106350626703, "rate": 5.537150485250019}, "datetime": {"datetime": "2024-06-14 06:59:22", "elapsed": 18.521769, "delta": 0.009973}}
{"target": -190.66771645495027, "params": {"gamma": 3.4883611819824956, "prior": 7.06748571585924, "rate": 4.998138049601288}, "datetime": {"datetime": "2024-06-14 06:59:22", "elapsed": 18.531743, "delta": 0.009974}}
{"target": -379.3434345720015, "params": {"gamma": 4.695463118034527, "prior": 5.542751161345011, "rate": 0.25277683452447997}, "datetime": {"datetime": "2024-06-14 06:59:22", "elapsed": 18.541716, "delta": 0.009973}}
{"target": -205.74833079102092, "params": {"gamma": 5.313075133078175, "prior": 1.4163491522539797, "rate": 4.589832013123402}, "datetime": {"datetime": "2024-06-14 06:59:22", "elapsed": 18.552761, "delta": 0.011045}}
{"target": -141.24107495682188, "params": {"gamma": 0.8236297527845414, "prior": 8.900720326296751, "rate": 3.7848776219177442}, "datetime": {"datetime": "2024-06-14 06:59:22", "elapsed": 18.562734, "delta": 0.009973}}
{"target": -294.47563145096797, "params": {"gamma": 4.304116749507192, "prior": 7.4464056980919, "rate": 1.5585894193146912}, "datetime": {"datetime": "2024-06-14 06:59:22", "elapsed": 18.572707, "delta": 0.009973}}
{"target": -271.61905876112695, "params": {"gamma": 5.750661895522346, "prior": 5.159372732252272, "rate": 3.6836674731700536}, "datetime": {"datetime": "2024-06-14 06:59:22", "elapsed": 18.583678, "delta": 0.010971}}
{"target": -336.53893297807997, "params": {"gamma": 6.833671828543643, "prior": 7.965413407633205, "rate": 4.677377247445764}, "datetime": {"datetime": "2024-06-14 06:59:22", "elapsed": 18.593651, "delta": 0.009973}}
{"target": -328.6540600392145, "params": {"gamma": 6.273883706867163, "prior": 9.134137256508124, "rate": 4.570261651531608}, "datetime": {"datetime": "2024-06-14 06:59:22", "elapsed": 18.604622, "delta": 0.010971}}
{"target": -134.96293120877368, "params": {"gamma": 1.3510644515976318, "prior": 5.4780076342581925, "rate": 4.300850527874765}, "datetime": {"datetime": "2024-06-14 06:59:22", "elapsed": 18.614596, "delta": 0.009974}}
{"target": -487.33749735071376, "params": {"gamma": 7.6833624868607115, "prior": 7.996978647259612, "rate": 1.719287872743418}, "datetime": {"datetime": "2024-06-14 06:59:22", "elapsed": 18.624569, "delta": 0.009973}}
{"target": -184.64962621565832, "params": {"gamma": 4.379951424269699, "prior": 2.741527848856144, "rate": 9.54693755681465}, "datetime": {"datetime": "2024-06-14 06:59:22", "elapsed": 18.634542, "delta": 0.009973}}
{"target": -367.0433539960951, "params": {"gamma": 9.368784466603346, "prior": 4.400052644616815, "rate": 4.310675867474359}, "datetime": {"datetime": "2024-06-14 06:59:22", "elapsed": 18.647016, "delta": 0.012474}}
{"target": -402.2720798691674, "params": {"gamma": 7.465025027815888, "prior": 6.000161900798046, "rate": 2.5914507949566294}, "datetime": {"datetime": "2024-06-14 06:59:22", "elapsed": 18.658984, "delta": 0.011968}}
{"target": -232.10229961899307, "params": {"gamma": 4.832217482249796, "prior": 8.912072929132934, "rate": 6.815859364103486}, "datetime": {"datetime": "2024-06-14 06:59:22", "elapsed": 18.669958, "delta": 0.010974}}
{"target": -339.0766922539207, "params": {"gamma": 5.631702156360547, "prior": 8.779863851817137, "rate": 2.763487550262558}, "datetime": {"datetime": "2024-06-14 06:59:22", "elapsed": 18.679928, "delta": 0.00997}}
{"target": -336.2479042870526, "params": {"gamma": 9.968477906522146, "prior": 2.07841434989855, "rate": 8.398095485642296}, "datetime": {"datetime": "2024-06-14 06:59:22", "elapsed": 18.690899, "delta": 0.010971}}
{"target": -344.6844687115568, "params": {"gamma": 7.423677265955892, "prior": 8.654133782311007, "rate": 5.849590827242212}, "datetime": {"datetime": "2024-06-14 06:59:22", "elapsed": 18.700872, "delta": 0.009973}}
{"target": -138.1357414541361, "params": {"gamma": 2.324580257505538, "prior": 4.8868473200156455, "rate": 8.623889760611993}, "datetime": {"datetime": "2024-06-14 06:59:22", "elapsed": 18.711843, "delta": 0.010971}}
{"target": -298.65348361979915, "params": {"gamma": 7.9782472422770105, "prior": 1.8177543148375053, "rate": 9.922107078907667}, "datetime": {"datetime": "2024-06-14 06:59:22", "elapsed": 18.721816, "delta": 0.009973}}
{"target": -132.77893912187398, "params": {"gamma": 0.30509199963247896, "prior": 3.987219786468616, "rate": 7.544258751962611}, "datetime": {"datetime": "2024-06-14 06:59:22", "elapsed": 18.73179, "delta": 0.009974}}
{"target": -360.27180438848694, "params": {"gamma": 9.737423089296351, "prior": 1.5070537571269909, "rate": 9.240481445983646}, "datetime": {"datetime": "2024-06-14 06:59:22", "elapsed": 18.742762, "delta": 0.010972}}
{"target": -150.3171923170475, "params": {"gamma": 2.1910205215764544, "prior": 5.571121613460873, "rate": 4.328641890073879}, "datetime": {"datetime": "2024-06-14 06:59:22", "elapsed": 18.752736, "delta": 0.009974}}
{"target": -292.45712507716104, "params": {"gamma": 8.080742990009732, "prior": 1.471838851029407, "rate": 1.909508341737192}, "datetime": {"datetime": "2024-06-14 06:59:22", "elapsed": 18.762709, "delta": 0.009973}}
{"target": -220.8229708257029, "params": {"gamma": 5.6755575331194175, "prior": 2.178521665483254, "rate": 8.800046492896152}, "datetime": {"datetime": "2024-06-14 06:59:22", "elapsed": 18.772682, "delta": 0.009973}}
{"target": -258.4812533145767, "params": {"gamma": 5.783951692141619, "prior": 9.126375539251068, "rate": 7.643651482024123}, "datetime": {"datetime": "2024-06-14 06:59:22", "elapsed": 18.783653, "delta": 0.010971}}
{"target": -361.56051690969775, "params": {"gamma": 4.749956447996781, "prior": 6.954842154506416, "rate": 0.5989622103785784}, "datetime": {"datetime": "2024-06-14 06:59:22", "elapsed": 18.793627, "delta": 0.009974}}
{"target": -443.16051606449537, "params": {"gamma": 6.3129540540322955, "prior": 9.842067917397047, "rate": 1.1947254178184115}, "datetime": {"datetime": "2024-06-14 06:59:22", "elapsed": 18.804598, "delta": 0.010971}}
{"target": -235.39245963753785, "params": {"gamma": 4.516215172846799, "prior": 0.2834860525337505, "rate": 6.881590456377558}, "datetime": {"datetime": "2024-06-14 06:59:22", "elapsed": 18.814571, "delta": 0.009973}}
{"target": -143.1000014979913, "params": {"gamma": 0.19520689181535128, "prior": 4.607194980262459, "rate": 2.192284951246659}, "datetime": {"datetime": "2024-06-14 06:59:22", "elapsed": 18.824544, "delta": 0.009973}}
{"target": -316.5543967814465, "params": {"gamma": 8.072347745473287, "prior": 6.491810326909217, "rate": 6.663022020111727}, "datetime": {"datetime": "2024-06-14 06:59:22", "elapsed": 18.835515, "delta": 0.010971}}
{"target": -209.72671687183077, "params": {"gamma": 5.49936117147423, "prior": 2.5794193904395852, "rate": 8.157094551477481}, "datetime": {"datetime": "2024-06-14 06:59:22", "elapsed": 18.845491, "delta": 0.009976}}
{"target": -311.8213372882732, "params": {"gamma": 8.801319434535824, "prior": 4.439339280064714, "rate": 5.863711820741532}, "datetime": {"datetime": "2024-06-14 06:59:22", "elapsed": 18.855464, "delta": 0.009973}}
{"target": -278.15778184335556, "params": {"gamma": 6.243379942629359, "prior": 7.303295041403323, "rate": 5.909446588136741}, "datetime": {"datetime": "2024-06-14 06:59:22", "elapsed": 18.865437, "delta": 0.009973}}
{"target": -371.931757673661, "params": {"gamma": 8.066169168171944, "prior": 8.258471981731269, "rate": 5.56594710415588}, "datetime": {"datetime": "2024-06-14 06:59:22", "elapsed": 18.875411, "delta": 0.009974}}
{"target": -287.8240745792483, "params": {"gamma": 8.829655088096155, "prior": 2.109092556269915, "rate": 4.136740721638024}, "datetime": {"datetime": "2024-06-14 06:59:22", "elapsed": 18.886382, "delta": 0.010971}}
{"target": -256.63216489863873, "params": {"gamma": 6.301468383632087, "prior": 1.1154697020039852, "rate": 7.186717564230962}, "datetime": {"datetime": "2024-06-14 06:59:22", "elapsed": 18.896355, "delta": 0.009973}}
{"target": -205.2816645903276, "params": {"gamma": 4.797353694402805, "prior": 3.852038987367971, "rate": 4.519015226631978}, "datetime": {"datetime": "2024-06-14 06:59:22", "elapsed": 18.906328, "delta": 0.009973}}
{"target": -168.89425306111585, "params": {"gamma": 3.6764939669400882, "prior": 2.471426634522078, "rate": 9.158808384961374}, "datetime": {"datetime": "2024-06-14 06:59:22", "elapsed": 18.917299, "delta": 0.010971}}
{"target": -410.62467564259015, "params": {"gamma": 7.993823586812164, "prior": 3.406006211735859, "rate": 1.691347664222673}, "datetime": {"datetime": "2024-06-14 06:59:22", "elapsed": 18.927272, "delta": 0.009973}}
{"target": -131.33228380064674, "params": {"gamma": 1.1671456351759943, "prior": 7.973795195960528, "rate": 7.020580256606766}, "datetime": {"datetime": "2024-06-14 06:59:22", "elapsed": 18.937245, "delta": 0.009973}}
{"target": -118.65961012713056, "params": {"gamma": 0.7532513187567459, "prior": 1.2542804976959159, "rate": 9.138126532938669}, "datetime": {"datetime": "2024-06-14 06:59:22", "elapsed": 18.947219, "delta": 0.009974}}
{"target": -495.7469529560214, "params": {"gamma": 8.697844167744172, "prior": 2.990329199931283, "rate": 1.0208976946159853}, "datetime": {"datetime": "2024-06-14 06:59:22", "elapsed": 18.958189, "delta": 0.01097}}
{"target": -364.1579182716059, "params": {"gamma": 8.089104924003614, "prior": 0.35911927558226864, "rate": 6.363840611525337}, "datetime": {"datetime": "2024-06-14 06:59:22", "elapsed": 18.968163, "delta": 0.009974}}
{"target": -166.96940998256102, "params": {"gamma": 1.6017100608988064, "prior": 6.947081844135219, "rate": 1.6810289418629691}, "datetime": {"datetime": "2024-06-14 06:59:22", "elapsed": 18.978136, "delta": 0.009973}}
{"target": -160.60305614880096, "params": {"gamma": 3.491138224246637, "prior": 1.3086604715542876, "rate": 2.8715832231230745}, "datetime": {"datetime": "2024-06-14 06:59:22", "elapsed": 18.98811, "delta": 0.009974}}
{"target": -125.93693974381368, "params": {"gamma": 1.2918445291131877, "prior": 4.687523094792548, "rate": 6.494427895595687}, "datetime": {"datetime": "2024-06-14 06:59:22", "elapsed": 18.99908, "delta": 0.01097}}
{"target": -199.8865359638983, "params": {"gamma": 3.945711176055152, "prior": 9.534289164446331, "rate": 7.5488990420267905}, "datetime": {"datetime": "2024-06-14 06:59:22", "elapsed": 19.009053, "delta": 0.009973}}
{"target": -280.27376992888696, "params": {"gamma": 5.444208932057693, "prior": 5.67887663019228, "rate": 3.2067189291281246}, "datetime": {"datetime": "2024-06-14 06:59:22", "elapsed": 19.020025, "delta": 0.010972}}
{"target": -448.85646530109057, "params": {"gamma": 5.1256851497310105, "prior": 7.602335802195582, "rate": 0.019094445132394236}, "datetime": {"datetime": "2024-06-14 06:59:22", "elapsed": 19.029997, "delta": 0.009972}}
{"target": -217.65687404439439, "params": {"gamma": 4.806438381858799, "prior": 9.051149756240171, "rate": 8.49515263986085}, "datetime": {"datetime": "2024-06-14 06:59:22", "elapsed": 19.039972, "delta": 0.009975}}
{"target": -150.27421371163496, "params": {"gamma": 2.210733350081861, "prior": 7.388740776568681, "rate": 5.849151492900638}, "datetime": {"datetime": "2024-06-14 06:59:22", "elapsed": 19.049946, "delta": 0.009974}}
{"target": -231.04673583065946, "params": {"gamma": 5.255835607120612, "prior": 6.648300677217822, "rate": 6.321044057567672}, "datetime": {"datetime": "2024-06-14 06:59:22", "elapsed": 19.060917, "delta": 0.010971}}
{"target": -139.39416704502753, "params": {"gamma": 0.7151025607260231, "prior": 4.226738133427656, "rate": 1.9937729109275177}, "datetime": {"datetime": "2024-06-14 06:59:22", "elapsed": 19.07089, "delta": 0.009973}}
{"target": -250.43308136633055, "params": {"gamma": 7.006133824526521, "prior": 2.8057722884778102, "rate": 4.36475792464087}, "datetime": {"datetime": "2024-06-14 06:59:22", "elapsed": 19.080864, "delta": 0.009974}}
{"target": -314.59470922030005, "params": {"gamma": 8.216434846465544, "prior": 7.852323575275002, "rate": 8.541747338132712}, "datetime": {"datetime": "2024-06-14 06:59:22", "elapsed": 19.090837, "delta": 0.009973}}
{"target": -393.34290276932325, "params": {"gamma": 4.791059397936408, "prior": 9.272297925997325, "rate": 0.31651532588659786}, "datetime": {"datetime": "2024-06-14 06:59:23", "elapsed": 19.10081, "delta": 0.009973}}
{"target": -299.1360890959526, "params": {"gamma": 9.382894180194201, "prior": 3.551425046560445, "rate": 8.128417943848676}, "datetime": {"datetime": "2024-06-14 06:59:23", "elapsed": 19.111781, "delta": 0.010971}}
{"target": -407.02729254937015, "params": {"gamma": 9.483262648120892, "prior": 8.928959309652628, "rate": 6.980493154617331}, "datetime": {"datetime": "2024-06-14 06:59:23", "elapsed": 19.121754, "delta": 0.009973}}
{"target": -353.6206891603988, "params": {"gamma": 6.702161211463432, "prior": 9.738421930452827, "rate": 4.651622241751715}, "datetime": {"datetime": "2024-06-14 06:59:23", "elapsed": 19.131728, "delta": 0.009974}}
{"target": -122.06600137241328, "params": {"gamma": 1.041066599814464, "prior": 0.3390594280462933, "rate": 8.813120742542266}, "datetime": {"datetime": "2024-06-14 06:59:23", "elapsed": 19.141701, "delta": 0.009973}}
{"target": -140.7373322755391, "params": {"gamma": 0.2628840047433559, "prior": 9.513197094050101, "rate": 5.699606506289468}, "datetime": {"datetime": "2024-06-14 06:59:23", "elapsed": 19.152675, "delta": 0.010974}}
{"target": -146.9052734298165, "params": {"gamma": 0.0010000013127121805, "prior": 9.999999999467883, "rate": 9.99999999800172}, "datetime": {"datetime": "2024-06-14 06:59:57", "elapsed": 53.294394, "delta": 34.141719}}
{"target": -119.4959757297155, "params": {"gamma": 0.8261411067664496, "prior": 0.42093084215577115, "rate": 9.951519578371041}, "datetime": {"datetime": "2024-06-14 07:00:22", "elapsed": 78.218071, "delta": 24.923677}}
{"target": -146.84719315549142, "params": {"gamma": 0.001, "prior": 0.1, "rate": 10.0}, "datetime": {"datetime": "2024-06-14 07:01:04", "elapsed": 120.713298, "delta": 42.495227}}
{"target": -118.70452252509745, "params": {"gamma": 0.9279820164360713, "prior": 1.4433879869330972, "rate": 9.950670671753839}, "datetime": {"datetime": "2024-06-14 07:01:29", "elapsed": 145.364725, "delta": 24.651427}}
{"target": -120.9203866319877, "params": {"gamma": 0.8529482374574044, "prior": 0.10000000422223473, "rate": 6.916058596927032}, "datetime": {"datetime": "2024-06-14 07:01:51", "elapsed": 167.940278, "delta": 22.575553}}
{"target": -118.67074342408937, "params": {"gamma": 0.9269372891387991, "prior": 0.3200929063908288, "rate": 2.0784533380030137}, "datetime": {"datetime": "2024-06-14 07:02:23", "elapsed": 199.19383, "delta": 31.253552}}
{"target": -120.15147381141291, "params": {"gamma": 1.0662484822206735, "prior": 0.10897708305422965, "rate": 1.0011141506338852}, "datetime": {"datetime": "2024-06-14 07:02:50", "elapsed": 226.401304, "delta": 27.207474}}
{"target": -119.26017597212949, "params": {"gamma": 0.8663740212418362, "prior": 0.6110795168810452, "rate": 9.568074969774917}, "datetime": {"datetime": "2024-06-14 07:03:14", "elapsed": 250.364227, "delta": 23.962923}}
{"target": -118.73760710780054, "params": {"gamma": 0.8071820900136801, "prior": 1.0301483696358, "rate": 5.28385219516563}, "datetime": {"datetime": "2024-06-14 07:03:47", "elapsed": 283.92276, "delta": 33.558533}}
{"target": -119.32348267859685, "params": {"gamma": 1.012359397313973, "prior": 2.9164191203172005, "rate": 9.996697640740363}, "datetime": {"datetime": "2024-06-14 07:04:13", "elapsed": 309.437765, "delta": 25.515005}}
{"target": -123.38861911075034, "params": {"gamma": 0.9779637705061834, "prior": 6.248152470652842, "rate": 9.997128357503499}, "datetime": {"datetime": "2024-06-14 07:04:32", "elapsed": 328.980987, "delta": 19.543222}}
{"target": -118.99880489033697, "params": {"gamma": 0.7513361140831605, "prior": 0.7910727396419381, "rate": 4.063999322027964}, "datetime": {"datetime": "2024-06-14 07:04:57", "elapsed": 354.007782, "delta": 25.026795}}
{"target": -119.97470585990324, "params": {"gamma": 0.5662607647446085, "prior": 0.27554225619878137, "rate": 7.4029218553876195}, "datetime": {"datetime": "2024-06-14 07:05:16", "elapsed": 372.711016, "delta": 18.703234}}
{"target": -118.88433527601157, "params": {"gamma": 0.8704879943806725, "prior": 0.6223902565122511, "rate": 6.90081520548415}, "datetime": {"datetime": "2024-06-14 07:05:43", "elapsed": 399.427926, "delta": 26.71691}}
{"target": -118.72191122073328, "params": {"gamma": 0.7695403723519075, "prior": 1.3475510413898188, "rate": 8.02379523997646}, "datetime": {"datetime": "2024-06-14 07:06:02", "elapsed": 418.958905, "delta": 19.530979}}
{"target": -118.55907422451622, "params": {"gamma": 0.8525863564403824, "prior": 0.6152181842273517, "rate": 4.912667346273116}, "datetime": {"datetime": "2024-06-14 07:06:24", "elapsed": 440.192323, "delta": 21.233418}}
{"target": -119.15157071129424, "params": {"gamma": 0.906517049990831, "prior": 1.6801032566463199, "rate": 6.009315105114978}, "datetime": {"datetime": "2024-06-14 07:07:03", "elapsed": 479.864839, "delta": 39.672516}}
{"target": -118.73267228090172, "params": {"gamma": 0.9045977558304109, "prior": 1.045804310751778, "rate": 8.56636656916924}, "datetime": {"datetime": "2024-06-14 07:07:45", "elapsed": 521.848945, "delta": 41.984106}}
{"target": -118.77292140969398, "params": {"gamma": 0.9637234558098517, "prior": 1.6514347431095202, "rate": 9.422924175678952}, "datetime": {"datetime": "2024-06-14 07:08:19", "elapsed": 555.719148, "delta": 33.870203}}
{"target": -121.26736007023993, "params": {"gamma": 0.9478134335319778, "prior": 0.12295023690515397, "rate": 4.418082513760156}, "datetime": {"datetime": "2024-06-14 07:08:50", "elapsed": 586.75126, "delta": 31.032112}}
