{"target": -1908.6150216197273, "params": {"gamma": 6.052523738337006, "lr": 0.9904061968899467}, "datetime": {"datetime": "2024-06-13 18:39:24", "elapsed": 2.624495, "delta": 0.002992}}
{"target": -1109.3346135628585, "params": {"gamma": 7.739388583314729, "lr": 0.33427640499382627}, "datetime": {"datetime": "2024-06-13 18:39:24", "elapsed": 2.629481, "delta": 0.004986}}
{"target": -231.50686604056455, "params": {"gamma": 0.8908932100029573, "lr": 0.18490559027840836}, "datetime": {"datetime": "2024-06-13 18:39:24", "elapsed": 2.633471, "delta": 0.00399}}
{"target": -869.4118824420628, "params": {"gamma": 5.2689919070424525, "lr": 0.417102418106858}, "datetime": {"datetime": "2024-06-13 18:39:24", "elapsed": 2.637464, "delta": 0.003993}}
{"target": -2520.079772204287, "params": {"gamma": 8.006795921634268, "lr": 0.9332023381866817}, "datetime": {"datetime": "2024-06-13 18:39:24", "elapsed": 2.641453, "delta": 0.003989}}
{"target": -543.7150742924151, "params": {"gamma": 1.779469614765534, "lr": 0.8600667708762162}, "datetime": {"datetime": "2024-06-13 18:39:24", "elapsed": 2.645442, "delta": 0.003989}}
{"target": -3010.559226985687, "params": {"gamma": 9.57399186834036, "lr": 0.9594706068497821}, "datetime": {"datetime": "2024-06-13 18:39:24", "elapsed": 2.649432, "delta": 0.00399}}
{"target": -247.28468500036985, "params": {"gamma": 0.37958801461658453, "lr": 0.05758350560817371}, "datetime": {"datetime": "2024-06-13 18:39:24", "elapsed": 2.653421, "delta": 0.003989}}
{"target": -148.48140419258723, "params": {"gamma": 0.05896813178397224, "lr": 0.3126811561554764}, "datetime": {"datetime": "2024-06-13 18:39:24", "elapsed": 2.656465, "delta": 0.003044}}
{"target": -171.51612761013, "params": {"gamma": 0.5579284287083343, "lr": 0.29386248547054417}, "datetime": {"datetime": "2024-06-13 18:39:24", "elapsed": 2.660405, "delta": 0.00394}}
{"target": -1130.5117382049375, "params": {"gamma": 3.5608088438258343, "lr": 0.9536770184739218}, "datetime": {"datetime": "2024-06-13 18:39:24", "elapsed": 2.664394, "delta": 0.003989}}
{"target": -759.8630733467927, "params": {"gamma": 4.770032273945294, "lr": 0.27823844242133033}, "datetime": {"datetime": "2024-06-13 18:39:24", "elapsed": 2.668386, "delta": 0.003992}}
{"target": -995.0100118146134, "params": {"gamma": 5.030548945314497, "lr": 0.6433579246491355}, "datetime": {"datetime": "2024-06-13 18:39:24", "elapsed": 2.672375, "delta": 0.003989}}
{"target": -312.4073252349256, "params": {"gamma": 1.1133454800017826, "lr": 0.7580616581331086}, "datetime": {"datetime": "2024-06-13 18:39:24", "elapsed": 2.676404, "delta": 0.004029}}
{"target": -2379.4194329445154, "params": {"gamma": 8.519605767101668, "lr": 0.8442498595694283}, "datetime": {"datetime": "2024-06-13 18:39:24", "elapsed": 2.680356, "delta": 0.003952}}
{"target": -1397.1673793245852, "params": {"gamma": 8.905177817288482, "lr": 0.38184239675576115}, "datetime": {"datetime": "2024-06-13 18:39:24", "elapsed": 2.683348, "delta": 0.002992}}
{"target": -1717.4341218162754, "params": {"gamma": 4.438608178466819, "lr": 0.10158147594616618}, "datetime": {"datetime": "2024-06-13 18:39:24", "elapsed": 2.687693, "delta": 0.004345}}
{"target": -727.5516577404219, "params": {"gamma": 2.25884341738992, "lr": 0.971320469273211}, "datetime": {"datetime": "2024-06-13 18:39:24", "elapsed": 2.691682, "delta": 0.003989}}
{"target": -872.2901837767353, "params": {"gamma": 2.8469550657183857, "lr": 0.9073961422409973}, "datetime": {"datetime": "2024-06-13 18:39:24", "elapsed": 2.695672, "delta": 0.00399}}
{"target": -2801.3792294303894, "params": {"gamma": 8.905632311496733, "lr": 0.9225044972603934}, "datetime": {"datetime": "2024-06-13 18:39:24", "elapsed": 2.699661, "delta": 0.003989}}
{"target": -483.78047580056733, "params": {"gamma": 1.5623394948435068, "lr": 0.8797221435013809}, "datetime": {"datetime": "2024-06-13 18:39:24", "elapsed": 2.702653, "delta": 0.002992}}
{"target": -1128.675683653039, "params": {"gamma": 6.320317509680909, "lr": 0.21062817841880244}, "datetime": {"datetime": "2024-06-13 18:39:24", "elapsed": 2.706642, "delta": 0.003989}}
{"target": -863.8673548610878, "params": {"gamma": 3.4518140318860318, "lr": 0.1599187885892832}, "datetime": {"datetime": "2024-06-13 18:39:24", "elapsed": 2.710631, "delta": 0.003989}}
{"target": -2149.114962383461, "params": {"gamma": 4.444037226303826, "lr": 0.08377495384546052}, "datetime": {"datetime": "2024-06-13 18:39:24", "elapsed": 2.714621, "delta": 0.00399}}
{"target": -359.634264048234, "params": {"gamma": 1.654019586311918, "lr": 0.19719634646666928}, "datetime": {"datetime": "2024-06-13 18:39:24", "elapsed": 2.71861, "delta": 0.003989}}
{"target": -1204.8802045028635, "params": {"gamma": 6.910582388225486, "lr": 0.573802869165353}, "datetime": {"datetime": "2024-06-13 18:39:24", "elapsed": 2.722599, "delta": 0.003989}}
{"target": -1142.9420171056472, "params": {"gamma": 8.733358017233284, "lr": 0.2446340657192081}, "datetime": {"datetime": "2024-06-13 18:39:24", "elapsed": 2.726589, "delta": 0.00399}}
{"target": -2995.4811599018544, "params": {"gamma": 6.296449959232413, "lr": 0.034431265307095615}, "datetime": {"datetime": "2024-06-13 18:39:24", "elapsed": 2.729581, "delta": 0.002992}}
{"target": -1514.4879138173867, "params": {"gamma": 5.162468412309614, "lr": 0.8632264817138495}, "datetime": {"datetime": "2024-06-13 18:39:24", "elapsed": 2.73357, "delta": 0.003989}}
{"target": -4665.050210284891, "params": {"gamma": 9.841281312305282, "lr": 0.009872975358918512}, "datetime": {"datetime": "2024-06-13 18:39:24", "elapsed": 2.73756, "delta": 0.00399}}
{"target": -364.5573429445667, "params": {"gamma": 2.5291619792860742, "lr": 0.22384967032752534}, "datetime": {"datetime": "2024-06-13 18:39:24", "elapsed": 2.741549, "delta": 0.003989}}
{"target": -284.36938852015913, "params": {"gamma": 0.4763284046833772, "lr": 0.010172456261775653}, "datetime": {"datetime": "2024-06-13 18:39:24", "elapsed": 2.745539, "delta": 0.00399}}
{"target": -2339.0582951380475, "params": {"gamma": 4.902462927130074, "lr": 0.04548214567029407}, "datetime": {"datetime": "2024-06-13 18:39:24", "elapsed": 2.74953, "delta": 0.003991}}
{"target": -566.3386248827452, "params": {"gamma": 2.784002980338173, "lr": 0.6399745691089123}, "datetime": {"datetime": "2024-06-13 18:39:24", "elapsed": 2.75352, "delta": 0.00399}}
{"target": -486.31624540338737, "params": {"gamma": 2.9476257235674814, "lr": 0.26965470115905144}, "datetime": {"datetime": "2024-06-13 18:39:24", "elapsed": 2.757509, "delta": 0.003989}}
{"target": -935.8157127040905, "params": {"gamma": 5.905874675913428, "lr": 0.38053407720964005}, "datetime": {"datetime": "2024-06-13 18:39:24", "elapsed": 2.761498, "delta": 0.003989}}
{"target": -1089.6671423956682, "params": {"gamma": 7.025527816580048, "lr": 0.4961239512498611}, "datetime": {"datetime": "2024-06-13 18:39:24", "elapsed": 2.765487, "delta": 0.003989}}
{"target": -912.599376268651, "params": {"gamma": 6.33245944879897, "lr": 0.3533943470016294}, "datetime": {"datetime": "2024-06-13 18:39:24", "elapsed": 2.769775, "delta": 0.004288}}
{"target": -823.6762554466949, "params": {"gamma": 2.871152417608931, "lr": 0.13320711375110195}, "datetime": {"datetime": "2024-06-13 18:39:24", "elapsed": 2.773761, "delta": 0.003986}}
{"target": -2562.9374612067, "params": {"gamma": 9.370866767604843, "lr": 0.8048358460157946}, "datetime": {"datetime": "2024-06-13 18:39:24", "elapsed": 2.776753, "delta": 0.002992}}
{"target": -1850.661971877458, "params": {"gamma": 9.380347403020368, "lr": 0.1853805246478023}, "datetime": {"datetime": "2024-06-13 18:39:24", "elapsed": 2.780742, "delta": 0.003989}}
{"target": -2934.703483191944, "params": {"gamma": 9.331624472469432, "lr": 0.9357532076921331}, "datetime": {"datetime": "2024-06-13 18:39:24", "elapsed": 2.785728, "delta": 0.004986}}
{"target": -469.84722723305435, "params": {"gamma": 2.8361615915229414, "lr": 0.27463424842386297}, "datetime": {"datetime": "2024-06-13 18:39:24", "elapsed": 2.789718, "delta": 0.00399}}
{"target": -1097.1850129682823, "params": {"gamma": 5.514764305160052, "lr": 0.18528923936855235}, "datetime": {"datetime": "2024-06-13 18:39:24", "elapsed": 2.793707, "delta": 0.003989}}
{"target": -884.6444154062402, "params": {"gamma": 4.421569005157032, "lr": 0.1853176459376844}, "datetime": {"datetime": "2024-06-13 18:39:24", "elapsed": 2.797697, "delta": 0.00399}}
{"target": -1460.3275989807928, "params": {"gamma": 9.473811803621638, "lr": 0.4938246574910856}, "datetime": {"datetime": "2024-06-13 18:39:24", "elapsed": 2.801686, "delta": 0.003989}}
{"target": -1881.2702339211778, "params": {"gamma": 9.639213756472554, "lr": 0.6449416725122118}, "datetime": {"datetime": "2024-06-13 18:39:24", "elapsed": 2.805675, "delta": 0.003989}}
{"target": -1530.6849330386922, "params": {"gamma": 4.843673414550824, "lr": 0.9676952459611975}, "datetime": {"datetime": "2024-06-13 18:39:24", "elapsed": 2.809664, "delta": 0.003989}}
{"target": -316.19912581619684, "params": {"gamma": 1.4327546273059197, "lr": 0.6323298746664966}, "datetime": {"datetime": "2024-06-13 18:39:24", "elapsed": 2.813654, "delta": 0.00399}}
{"target": -1103.5471730839304, "params": {"gamma": 6.6192217900001395, "lr": 0.43383982715272595}, "datetime": {"datetime": "2024-06-13 18:39:24", "elapsed": 2.817643, "delta": 0.003989}}
{"target": -167.8530326426092, "params": {"gamma": 0.594512896164236, "lr": 0.4927226011660333}, "datetime": {"datetime": "2024-06-13 18:39:24", "elapsed": 2.821633, "delta": 0.00399}}
{"target": -1282.4954032905362, "params": {"gamma": 4.651874301237257, "lr": 0.8067468107748635}, "datetime": {"datetime": "2024-06-13 18:39:24", "elapsed": 2.825623, "delta": 0.00399}}
{"target": -428.0869252582176, "params": {"gamma": 2.5673532385398095, "lr": 0.3914303629842686}, "datetime": {"datetime": "2024-06-13 18:39:24", "elapsed": 2.829612, "delta": 0.003989}}
{"target": -575.8450487633797, "params": {"gamma": 2.402481900006551, "lr": 0.6864434151723641}, "datetime": {"datetime": "2024-06-13 18:39:24", "elapsed": 2.834598, "delta": 0.004986}}
{"target": -2065.6029511662646, "params": {"gamma": 9.898844649917818, "lr": 0.1774295368682619}, "datetime": {"datetime": "2024-06-13 18:39:24", "elapsed": 2.838587, "delta": 0.003989}}
{"target": -1077.3437391616849, "params": {"gamma": 8.214645955522746, "lr": 0.2309885592816333}, "datetime": {"datetime": "2024-06-13 18:39:24", "elapsed": 2.842577, "delta": 0.00399}}
{"target": -229.85602974063877, "params": {"gamma": 0.5807001579142975, "lr": 0.13881651804567363}, "datetime": {"datetime": "2024-06-13 18:39:24", "elapsed": 2.846567, "delta": 0.00399}}
{"target": -2730.0444002585623, "params": {"gamma": 9.351596002308344, "lr": 0.8885421033562281}, "datetime": {"datetime": "2024-06-13 18:39:24", "elapsed": 2.850557, "delta": 0.00399}}
{"target": -923.2366059456424, "params": {"gamma": 2.893315694333617, "lr": 0.9477640661016069}, "datetime": {"datetime": "2024-06-13 18:39:24", "elapsed": 2.855544, "delta": 0.004987}}
{"target": -1409.7949067633697, "params": {"gamma": 8.499455421778958, "lr": 0.4346547940716735}, "datetime": {"datetime": "2024-06-13 18:39:24", "elapsed": 2.859532, "delta": 0.003988}}
{"target": -923.8943927431532, "params": {"gamma": 4.681027499109862, "lr": 0.6298530215834227}, "datetime": {"datetime": "2024-06-13 18:39:24", "elapsed": 2.864644, "delta": 0.005112}}
{"target": -780.0490931773382, "params": {"gamma": 1.581160317803163, "lr": 0.014782086742092915}, "datetime": {"datetime": "2024-06-13 18:39:24", "elapsed": 2.868621, "delta": 0.003977}}
{"target": -1282.5313407097472, "params": {"gamma": 2.655854662706386, "lr": 0.015443631942760883}, "datetime": {"datetime": "2024-06-13 18:39:24", "elapsed": 2.872609, "delta": 0.003988}}
{"target": -1221.2854587968554, "params": {"gamma": 6.745313942778413, "lr": 0.5514688358127765}, "datetime": {"datetime": "2024-06-13 18:39:24", "elapsed": 2.876598, "delta": 0.003989}}
{"target": -832.7217423247953, "params": {"gamma": 3.2171598078821737, "lr": 0.7802023371197586}, "datetime": {"datetime": "2024-06-13 18:39:24", "elapsed": 2.881585, "delta": 0.004987}}
{"target": -241.3838466552914, "params": {"gamma": 1.4587085267165556, "lr": 0.2448806387618836}, "datetime": {"datetime": "2024-06-13 18:39:24", "elapsed": 2.885574, "delta": 0.003989}}
{"target": -595.9082449793698, "params": {"gamma": 2.923845306630798, "lr": 0.19593194649899215}, "datetime": {"datetime": "2024-06-13 18:39:24", "elapsed": 2.889563, "delta": 0.003989}}
{"target": -299.8669003021274, "params": {"gamma": 0.8802988990222627, "lr": 0.8699761802716075}, "datetime": {"datetime": "2024-06-13 18:39:24", "elapsed": 2.892555, "delta": 0.002992}}
{"target": -252.32090843270805, "params": {"gamma": 0.8827982670695292, "lr": 0.6837103358216379}, "datetime": {"datetime": "2024-06-13 18:39:24", "elapsed": 2.897542, "delta": 0.004987}}
{"target": -605.8899823830144, "params": {"gamma": 1.204888367700376, "lr": 0.010699003144174157}, "datetime": {"datetime": "2024-06-13 18:39:24", "elapsed": 2.901531, "delta": 0.003989}}
{"target": -1686.3574337530954, "params": {"gamma": 5.573125032519063, "lr": 0.9071090552203707}, "datetime": {"datetime": "2024-06-13 18:39:24", "elapsed": 2.905521, "delta": 0.00399}}
{"target": -1230.4117271453874, "params": {"gamma": 8.604706216701516, "lr": 0.33845138411825004}, "datetime": {"datetime": "2024-06-13 18:39:24", "elapsed": 2.909579, "delta": 0.004058}}
{"target": -165.3833579324519, "params": {"gamma": 0.27256113442929636, "lr": 0.8008593551300331}, "datetime": {"datetime": "2024-06-13 18:39:24", "elapsed": 2.913077, "delta": 0.003498}}
{"target": -2354.170250690792, "params": {"gamma": 8.06004333796437, "lr": 0.8684881163027721}, "datetime": {"datetime": "2024-06-13 18:39:24", "elapsed": 2.917066, "delta": 0.003989}}
{"target": -1837.065558734103, "params": {"gamma": 6.696796352155456, "lr": 0.8077788623150765}, "datetime": {"datetime": "2024-06-13 18:39:24", "elapsed": 2.921055, "delta": 0.003989}}
{"target": -1354.0892065937624, "params": {"gamma": 8.9750853247459, "lr": 0.4538299504900123}, "datetime": {"datetime": "2024-06-13 18:39:24", "elapsed": 2.925044, "delta": 0.003989}}
{"target": -997.2059423807914, "params": {"gamma": 5.578695211845391, "lr": 0.5061311288282347}, "datetime": {"datetime": "2024-06-13 18:39:24", "elapsed": 2.929035, "delta": 0.003991}}
{"target": -1594.605554946295, "params": {"gamma": 6.920147061337664, "lr": 0.6829068676298748}, "datetime": {"datetime": "2024-06-13 18:39:24", "elapsed": 2.933023, "delta": 0.003988}}
{"target": -1440.3639552149464, "params": {"gamma": 5.203616044997302, "lr": 0.8284681480854713}, "datetime": {"datetime": "2024-06-13 18:39:24", "elapsed": 2.937013, "delta": 0.00399}}
{"target": -1400.6831711640762, "params": {"gamma": 5.058288088511875, "lr": 0.8248585623852319}, "datetime": {"datetime": "2024-06-13 18:39:24", "elapsed": 2.941002, "delta": 0.003989}}
{"target": -608.3473367191381, "params": {"gamma": 2.8191690363442863, "lr": 0.17849483297748825}, "datetime": {"datetime": "2024-06-13 18:39:24", "elapsed": 2.944991, "delta": 0.003989}}
{"target": -2270.929840372908, "params": {"gamma": 9.698735832876796, "lr": 0.7419395254560768}, "datetime": {"datetime": "2024-06-13 18:39:24", "elapsed": 2.948981, "delta": 0.00399}}
{"target": -472.9750979187432, "params": {"gamma": 2.598657141350841, "lr": 0.5812353422911717}, "datetime": {"datetime": "2024-06-13 18:39:24", "elapsed": 2.953967, "delta": 0.004986}}
{"target": -4529.113460689043, "params": {"gamma": 9.55266727312833, "lr": 0.0807539078120788}, "datetime": {"datetime": "2024-06-13 18:39:24", "elapsed": 2.957957, "delta": 0.00399}}
{"target": -209.7960287146108, "params": {"gamma": 0.8362585364103492, "lr": 0.6191348314199072}, "datetime": {"datetime": "2024-06-13 18:39:24", "elapsed": 2.962943, "delta": 0.004986}}
{"target": -573.3101702130334, "params": {"gamma": 2.245710294880741, "lr": 0.7651839567335081}, "datetime": {"datetime": "2024-06-13 18:39:24", "elapsed": 2.966933, "delta": 0.00399}}
{"target": -1120.0810432383828, "params": {"gamma": 5.681957276948102, "lr": 0.6661880902234952}, "datetime": {"datetime": "2024-06-13 18:39:24", "elapsed": 2.970922, "delta": 0.003989}}
{"target": -548.8336491764944, "params": {"gamma": 1.0790311940451294, "lr": 0.08428305143655679}, "datetime": {"datetime": "2024-06-13 18:39:24", "elapsed": 2.974911, "delta": 0.003989}}
{"target": -1026.7129866467283, "params": {"gamma": 6.251585561986592, "lr": 0.4097312611340205}, "datetime": {"datetime": "2024-06-13 18:39:24", "elapsed": 2.9789, "delta": 0.003989}}
{"target": -183.87098631878524, "params": {"gamma": 0.8734379861959459, "lr": 0.3710639450161891}, "datetime": {"datetime": "2024-06-13 18:39:24", "elapsed": 2.983887, "delta": 0.004987}}
{"target": -1332.3282853362664, "params": {"gamma": 6.72177195215883, "lr": 0.1895874001915857}, "datetime": {"datetime": "2024-06-13 18:39:24", "elapsed": 2.987876, "delta": 0.003989}}
{"target": -2817.5795295499256, "params": {"gamma": 8.957395356178512, "lr": 0.9498463888800873}, "datetime": {"datetime": "2024-06-13 18:39:24", "elapsed": 2.991866, "delta": 0.00399}}
{"target": -2251.723042867538, "params": {"gamma": 9.615763851802903, "lr": 0.7300825577402602}, "datetime": {"datetime": "2024-06-13 18:39:24", "elapsed": 2.995855, "delta": 0.003989}}
{"target": -967.464869842951, "params": {"gamma": 4.063477988455463, "lr": 0.7437491963512196}, "datetime": {"datetime": "2024-06-13 18:39:24", "elapsed": 2.999844, "delta": 0.003989}}
{"target": -499.2824215766225, "params": {"gamma": 2.8805808058682407, "lr": 0.3144172223907462}, "datetime": {"datetime": "2024-06-13 18:39:24", "elapsed": 3.004831, "delta": 0.004987}}
{"target": -1072.3192893980458, "params": {"gamma": 6.059357715817362, "lr": 0.5948471334079176}, "datetime": {"datetime": "2024-06-13 18:39:24", "elapsed": 3.00882, "delta": 0.003989}}
{"target": -1369.5947400977207, "params": {"gamma": 8.786731102181795, "lr": 0.25460075566057694}, "datetime": {"datetime": "2024-06-13 18:39:24", "elapsed": 3.014805, "delta": 0.005985}}
{"target": -2412.2160244847964, "params": {"gamma": 7.662117463663015, "lr": 0.9410132668189013}, "datetime": {"datetime": "2024-06-13 18:39:24", "elapsed": 3.018794, "delta": 0.003989}}
{"target": -148.62497250438523, "params": {"gamma": 0.011328293644688577, "lr": 0.47608911800210485}, "datetime": {"datetime": "2024-06-13 18:39:24", "elapsed": 3.022783, "delta": 0.003989}}
{"target": -1839.7615313870597, "params": {"gamma": 6.570746249918269, "lr": 0.8433232139195225}, "datetime": {"datetime": "2024-06-13 18:39:24", "elapsed": 3.026773, "delta": 0.00399}}
{"target": -538.7643306401095, "params": {"gamma": 1.8382103793481412, "lr": 0.8561592379873718}, "datetime": {"datetime": "2024-06-13 18:39:24", "elapsed": 3.030762, "delta": 0.003989}}
{"target": -1109.4174586177242, "params": {"gamma": 3.6442904330904224, "lr": 0.8922739292761724}, "datetime": {"datetime": "2024-06-13 18:39:24", "elapsed": 3.034751, "delta": 0.003989}}
{"target": -212.37664867399457, "params": {"gamma": 0.2780896894835276, "lr": 0.08539013912317062}, "datetime": {"datetime": "2024-06-13 18:39:24", "elapsed": 3.03874, "delta": 0.003989}}
{"target": -1811.1924392176034, "params": {"gamma": 9.81412324707537, "lr": 0.6095019257734966}, "datetime": {"datetime": "2024-06-13 18:39:24", "elapsed": 3.04273, "delta": 0.00399}}
{"target": -885.229435516803, "params": {"gamma": 4.176905835795019, "lr": 0.16921418469369054}, "datetime": {"datetime": "2024-06-13 18:39:24", "elapsed": 3.046719, "delta": 0.003989}}
{"target": -3091.0437618126366, "params": {"gamma": 6.499361629743811, "lr": 0.03697506835935782}, "datetime": {"datetime": "2024-06-13 18:39:24", "elapsed": 3.050708, "delta": 0.003989}}
{"target": -536.7105541081489, "params": {"gamma": 3.116827520693586, "lr": 0.32347919698907535}, "datetime": {"datetime": "2024-06-13 18:39:24", "elapsed": 3.054698, "delta": 0.00399}}
{"target": -1195.5685718229197, "params": {"gamma": 6.074811493252022, "lr": 0.6508312566756971}, "datetime": {"datetime": "2024-06-13 18:39:24", "elapsed": 3.058687, "delta": 0.003989}}
{"target": -2662.130810584326, "params": {"gamma": 8.460699937765456, "lr": 0.9275809425975434}, "datetime": {"datetime": "2024-06-13 18:39:24", "elapsed": 3.062677, "delta": 0.00399}}
{"target": -1152.6689497877217, "params": {"gamma": 6.604916818383386, "lr": 0.5781739184085382}, "datetime": {"datetime": "2024-06-13 18:39:24", "elapsed": 3.067663, "delta": 0.004986}}
{"target": -1263.5136813759336, "params": {"gamma": 3.987756720746455, "lr": 0.966612492642142}, "datetime": {"datetime": "2024-06-13 18:39:24", "elapsed": 3.071653, "delta": 0.00399}}
{"target": -490.24441498943736, "params": {"gamma": 1.541637639151742, "lr": 0.8950868086486484}, "datetime": {"datetime": "2024-06-13 18:39:24", "elapsed": 3.075642, "delta": 0.003989}}
{"target": -579.9831247450606, "params": {"gamma": 3.1108196657805305, "lr": 0.548489089666104}, "datetime": {"datetime": "2024-06-13 18:39:24", "elapsed": 3.079631, "delta": 0.003989}}
{"target": -901.1511989713115, "params": {"gamma": 6.8209805180697165, "lr": 0.23646965132615538}, "datetime": {"datetime": "2024-06-13 18:39:24", "elapsed": 3.08362, "delta": 0.003989}}
{"target": -330.51312177418646, "params": {"gamma": 1.678199113817666, "lr": 0.508482013429616}, "datetime": {"datetime": "2024-06-13 18:39:24", "elapsed": 3.08761, "delta": 0.00399}}
{"target": -1820.7402737964812, "params": {"gamma": 7.918846891971133, "lr": 0.6924144621670756}, "datetime": {"datetime": "2024-06-13 18:39:24", "elapsed": 3.091599, "delta": 0.003989}}
{"target": -390.82608082260606, "params": {"gamma": 1.1906143983929753, "lr": 0.900742215071733}, "datetime": {"datetime": "2024-06-13 18:39:24", "elapsed": 3.095589, "delta": 0.00399}}
