{"target": -2046.8877775835465, "params": {"gamma": 8.389610534784513, "lr": 0.06282398021726943}, "datetime": {"datetime": "2024-06-13 21:42:38", "elapsed": 5.9801, "delta": 0.004999}}
{"target": -208.79552913030946, "params": {"gamma": 1.0550920446467325, "lr": 0.7017873465119159}, "datetime": {"datetime": "2024-06-13 21:42:38", "elapsed": 5.984079, "delta": 0.003979}}
{"target": -680.984800958329, "params": {"gamma": 5.142068519294122, "lr": 0.49816682499451226}, "datetime": {"datetime": "2024-06-13 21:42:38", "elapsed": 5.988068, "delta": 0.003989}}
{"target": -562.6516529273837, "params": {"gamma": 3.736723579545134, "lr": 0.603513616671319}, "datetime": {"datetime": "2024-06-13 21:42:38", "elapsed": 5.994015, "delta": 0.005947}}
{"target": -1387.561705210861, "params": {"gamma": 8.514836200003508, "lr": 0.27692305646899273}, "datetime": {"datetime": "2024-06-13 21:42:38", "elapsed": 5.998005, "delta": 0.00399}}
{"target": -1095.9609484833559, "params": {"gamma": 8.447768867073506, "lr": 0.41661914857211835}, "datetime": {"datetime": "2024-06-13 21:42:38", "elapsed": 6.002992, "delta": 0.004987}}
{"target": -834.758325800289, "params": {"gamma": 5.010339139927012, "lr": 0.7296233785681803}, "datetime": {"datetime": "2024-06-13 21:42:38", "elapsed": 6.006981, "delta": 0.003989}}
{"target": -475.14340364314575, "params": {"gamma": 2.5879583533585664, "lr": 0.9216369186561401}, "datetime": {"datetime": "2024-06-13 21:42:38", "elapsed": 6.011968, "delta": 0.004987}}
{"target": -1039.360804179007, "params": {"gamma": 7.020992572824255, "lr": 0.618930423097489}, "datetime": {"datetime": "2024-06-13 21:42:38", "elapsed": 6.015957, "delta": 0.003989}}
{"target": -450.1354112150543, "params": {"gamma": 2.7308153642818653, "lr": 0.6958484563594459}, "datetime": {"datetime": "2024-06-13 21:42:38", "elapsed": 6.020944, "delta": 0.004987}}
{"target": -439.3971164554744, "params": {"gamma": 2.5728902697861002, "lr": 0.8164526703274775}, "datetime": {"datetime": "2024-06-13 21:42:38", "elapsed": 6.024933, "delta": 0.003989}}
{"target": -140.8047564535813, "params": {"gamma": 0.11571307777403769, "lr": 0.1665376436115401}, "datetime": {"datetime": "2024-06-13 21:42:38", "elapsed": 6.029919, "delta": 0.004986}}
{"target": -898.7948613177101, "params": {"gamma": 5.578732058631829, "lr": 0.7122809996025021}, "datetime": {"datetime": "2024-06-13 21:42:38", "elapsed": 6.034906, "delta": 0.004987}}
{"target": -864.7348237666495, "params": {"gamma": 4.925314058477191, "lr": 0.8778095014799501}, "datetime": {"datetime": "2024-06-13 21:42:38", "elapsed": 6.038896, "delta": 0.00399}}
{"target": -1274.9715508405498, "params": {"gamma": 9.758723505691574, "lr": 0.46427706754424325}, "datetime": {"datetime": "2024-06-13 21:42:38", "elapsed": 6.043391, "delta": 0.004495}}
{"target": -1007.1197968999217, "params": {"gamma": 7.680101807848576, "lr": 0.49477213383352725}, "datetime": {"datetime": "2024-06-13 21:42:38", "elapsed": 6.04738, "delta": 0.003989}}
{"target": -1069.0699474389983, "params": {"gamma": 6.651322684579871, "lr": 0.22487497996736572}, "datetime": {"datetime": "2024-06-13 21:42:38", "elapsed": 6.052366, "delta": 0.004986}}
{"target": -232.87729519758204, "params": {"gamma": 1.0963076304454686, "lr": 0.9790089375741902}, "datetime": {"datetime": "2024-06-13 21:42:38", "elapsed": 6.056355, "delta": 0.003989}}
{"target": -1328.8539920414953, "params": {"gamma": 8.150131602400142, "lr": 0.28538353244953096}, "datetime": {"datetime": "2024-06-13 21:42:38", "elapsed": 6.061306, "delta": 0.004951}}
{"target": -840.1708784881923, "params": {"gamma": 5.858698015894784, "lr": 0.38007120527879124}, "datetime": {"datetime": "2024-06-13 21:42:38", "elapsed": 6.066292, "delta": 0.004986}}
{"target": -256.2649038473703, "params": {"gamma": 1.7642040696578871, "lr": 0.4188351430524928}, "datetime": {"datetime": "2024-06-13 21:42:38", "elapsed": 6.070043, "delta": 0.003751}}
{"target": -743.7137345047216, "params": {"gamma": 2.9725807541730793, "lr": 0.016624106532905913}, "datetime": {"datetime": "2024-06-13 21:42:38", "elapsed": 6.07503, "delta": 0.004987}}
{"target": -694.7257130270193, "params": {"gamma": 3.8742957016810964, "lr": 0.9209130038047522}, "datetime": {"datetime": "2024-06-13 21:42:38", "elapsed": 6.079019, "delta": 0.003989}}
{"target": -1243.2431949591123, "params": {"gamma": 8.28217438681578, "lr": 0.5740747551965509}, "datetime": {"datetime": "2024-06-13 21:42:38", "elapsed": 6.084007, "delta": 0.004988}}
{"target": -524.1669710874556, "params": {"gamma": 3.1871500009390448, "lr": 0.23126429488543754}, "datetime": {"datetime": "2024-06-13 21:42:38", "elapsed": 6.088993, "delta": 0.004986}}
{"target": -1355.1308043726694, "params": {"gamma": 9.560239816725709, "lr": 0.5646100990687117}, "datetime": {"datetime": "2024-06-13 21:42:38", "elapsed": 6.092982, "delta": 0.003989}}
{"target": -368.7534552803998, "params": {"gamma": 2.176835430287672, "lr": 0.24948205109862287}, "datetime": {"datetime": "2024-06-13 21:42:38", "elapsed": 6.097969, "delta": 0.004987}}
{"target": -1534.2102393139824, "params": {"gamma": 9.59600242910666, "lr": 0.238814133296392}, "datetime": {"datetime": "2024-06-13 21:42:38", "elapsed": 6.101958, "delta": 0.003989}}
{"target": -218.54598279116573, "params": {"gamma": 1.068034169467023, "lr": 0.18396193975266917}, "datetime": {"datetime": "2024-06-13 21:42:38", "elapsed": 6.105947, "delta": 0.003989}}
{"target": -1227.5233525190595, "params": {"gamma": 7.662481844372273, "lr": 0.7087642559312614}, "datetime": {"datetime": "2024-06-13 21:42:38", "elapsed": 6.110938, "delta": 0.004991}}
{"target": -727.2101624098832, "params": {"gamma": 4.379981305846461, "lr": 0.7938045071164251}, "datetime": {"datetime": "2024-06-13 21:42:38", "elapsed": 6.115924, "delta": 0.004986}}
{"target": -679.5979794311795, "params": {"gamma": 5.1756094087340525, "lr": 0.41359816112910697}, "datetime": {"datetime": "2024-06-13 21:42:38", "elapsed": 6.120466, "delta": 0.004542}}
{"target": -241.5979457088471, "params": {"gamma": 1.1753019203396682, "lr": 0.8839110659363493}, "datetime": {"datetime": "2024-06-13 21:42:38", "elapsed": 6.124456, "delta": 0.00399}}
{"target": -422.9471471781427, "params": {"gamma": 2.7566565508887577, "lr": 0.6162607233298604}, "datetime": {"datetime": "2024-06-13 21:42:38", "elapsed": 6.129442, "delta": 0.004986}}
{"target": -1630.602503531632, "params": {"gamma": 9.8458132098281, "lr": 0.1894180220437538}, "datetime": {"datetime": "2024-06-13 21:42:38", "elapsed": 6.133431, "delta": 0.003989}}
{"target": -1470.7164185878137, "params": {"gamma": 9.651914729938635, "lr": 0.6527153684256953}, "datetime": {"datetime": "2024-06-13 21:42:38", "elapsed": 6.138418, "delta": 0.004987}}
{"target": -245.06625486277676, "params": {"gamma": 1.28818731436088, "lr": 0.7719271460730484}, "datetime": {"datetime": "2024-06-13 21:42:38", "elapsed": 6.142408, "delta": 0.00399}}
{"target": -1349.1914584206927, "params": {"gamma": 9.51780600679268, "lr": 0.5627805496894249}, "datetime": {"datetime": "2024-06-13 21:42:38", "elapsed": 6.147394, "delta": 0.004986}}
{"target": -1684.5472569822043, "params": {"gamma": 6.885863442381723, "lr": 0.0263478788699828}, "datetime": {"datetime": "2024-06-13 21:42:38", "elapsed": 6.151383, "delta": 0.003989}}
{"target": -1503.1332051256088, "params": {"gamma": 9.890767779393961, "lr": 0.3184571198136825}, "datetime": {"datetime": "2024-06-13 21:42:38", "elapsed": 6.155373, "delta": 0.00399}}
{"target": -136.16861172236136, "params": {"gamma": 0.24001388988282726, "lr": 0.8085641504743885}, "datetime": {"datetime": "2024-06-13 21:42:38", "elapsed": 6.16036, "delta": 0.004987}}
{"target": -1605.8931504783359, "params": {"gamma": 9.732552265118914, "lr": 0.7375885099166811}, "datetime": {"datetime": "2024-06-13 21:42:38", "elapsed": 6.165346, "delta": 0.004986}}
{"target": -144.20134175700716, "params": {"gamma": 0.028355324647958178, "lr": 0.06336051137403531}, "datetime": {"datetime": "2024-06-13 21:42:38", "elapsed": 6.169336, "delta": 0.00399}}
{"target": -861.3146681953302, "params": {"gamma": 5.843109782870581, "lr": 0.3357151077556031}, "datetime": {"datetime": "2024-06-13 21:42:38", "elapsed": 6.173325, "delta": 0.003989}}
{"target": -1512.2324033453783, "params": {"gamma": 8.818452974037214, "lr": 0.8736693693569384}, "datetime": {"datetime": "2024-06-13 21:42:38", "elapsed": 6.178312, "delta": 0.004987}}
{"target": -1634.849236238705, "params": {"gamma": 9.875201568135711, "lr": 0.7158319690725937}, "datetime": {"datetime": "2024-06-13 21:42:38", "elapsed": 6.183298, "delta": 0.004986}}
{"target": -1334.3166885521007, "params": {"gamma": 8.768960114386706, "lr": 0.3196501118620526}, "datetime": {"datetime": "2024-06-13 21:42:38", "elapsed": 6.187287, "delta": 0.003989}}
{"target": -230.04445656807064, "params": {"gamma": 1.1126583422461405, "lr": 0.8653641057823798}, "datetime": {"datetime": "2024-06-13 21:42:38", "elapsed": 6.192275, "delta": 0.004988}}
{"target": -410.0588622867798, "params": {"gamma": 3.035422507017289, "lr": 0.4193322981668862}, "datetime": {"datetime": "2024-06-13 21:42:38", "elapsed": 6.196263, "delta": 0.003988}}
{"target": -957.7109282957626, "params": {"gamma": 6.460656540458656, "lr": 0.6050991341555126}, "datetime": {"datetime": "2024-06-13 21:42:38", "elapsed": 6.20125, "delta": 0.004987}}
{"target": -609.3722835100752, "params": {"gamma": 4.209809922064285, "lr": 0.38615051187059357}, "datetime": {"datetime": "2024-06-13 21:42:38", "elapsed": 6.205239, "delta": 0.003989}}
{"target": -208.94026990868966, "params": {"gamma": 1.227687737548204, "lr": 0.5338618843034166}, "datetime": {"datetime": "2024-06-13 21:42:38", "elapsed": 6.210226, "delta": 0.004987}}
{"target": -401.25325027107095, "params": {"gamma": 2.329308118342716, "lr": 0.7548078511004613}, "datetime": {"datetime": "2024-06-13 21:42:38", "elapsed": 6.214215, "delta": 0.003989}}
{"target": -1651.5805855543447, "params": {"gamma": 6.749030971060837, "lr": 0.07192696480921446}, "datetime": {"datetime": "2024-06-13 21:42:38", "elapsed": 6.219202, "delta": 0.004987}}
{"target": -1618.626337266648, "params": {"gamma": 9.892657582673268, "lr": 0.7804569355743413}, "datetime": {"datetime": "2024-06-13 21:42:38", "elapsed": 6.223192, "delta": 0.00399}}
{"target": -578.7866613699484, "params": {"gamma": 2.279031043019085, "lr": 0.030742818349697054}, "datetime": {"datetime": "2024-06-13 21:42:38", "elapsed": 6.227181, "delta": 0.003989}}
{"target": -708.7138837779067, "params": {"gamma": 4.784239938885914, "lr": 0.35274243750107404}, "datetime": {"datetime": "2024-06-13 21:42:38", "elapsed": 6.232168, "delta": 0.004987}}
{"target": -839.532552280789, "params": {"gamma": 5.465568482142916, "lr": 0.6596639554249211}, "datetime": {"datetime": "2024-06-13 21:42:38", "elapsed": 6.236157, "delta": 0.003989}}
{"target": -1946.3514838215854, "params": {"gamma": 7.972400853780025, "lr": 0.013544346839127641}, "datetime": {"datetime": "2024-06-13 21:42:38", "elapsed": 6.241144, "delta": 0.004987}}
{"target": -1103.299857106709, "params": {"gamma": 7.143240843274906, "lr": 0.2953139661018992}, "datetime": {"datetime": "2024-06-13 21:42:38", "elapsed": 6.245133, "delta": 0.003989}}
{"target": -1659.794231299311, "params": {"gamma": 9.864039353798532, "lr": 0.8462417305877817}, "datetime": {"datetime": "2024-06-13 21:42:38", "elapsed": 6.25012, "delta": 0.004987}}
{"target": -848.3195641713168, "params": {"gamma": 5.604451409666734, "lr": 0.5977656853768393}, "datetime": {"datetime": "2024-06-13 21:42:38", "elapsed": 6.254109, "delta": 0.003989}}
{"target": -330.4188274648514, "params": {"gamma": 1.9215646543725684, "lr": 0.2262515885870655}, "datetime": {"datetime": "2024-06-13 21:42:38", "elapsed": 6.259096, "delta": 0.004987}}
{"target": -247.15249911551712, "params": {"gamma": 1.5409777702011733, "lr": 0.37781354746444173}, "datetime": {"datetime": "2024-06-13 21:42:38", "elapsed": 6.263085, "delta": 0.003989}}
{"target": -196.8840178210572, "params": {"gamma": 1.1204424879714694, "lr": 0.5112728936342619}, "datetime": {"datetime": "2024-06-13 21:42:38", "elapsed": 6.267074, "delta": 0.003989}}
{"target": -1394.4494895015555, "params": {"gamma": 6.385141076060073, "lr": 0.12221237823698328}, "datetime": {"datetime": "2024-06-13 21:42:38", "elapsed": 6.272061, "delta": 0.004987}}
{"target": -856.1661926662082, "params": {"gamma": 3.442619392943751, "lr": 0.07034787968520784}, "datetime": {"datetime": "2024-06-13 21:42:38", "elapsed": 6.276051, "delta": 0.00399}}
{"target": -808.3454159260538, "params": {"gamma": 5.25808611153342, "lr": 0.6502897692030054}, "datetime": {"datetime": "2024-06-13 21:42:38", "elapsed": 6.281037, "delta": 0.004986}}
{"target": -1010.8395061658127, "params": {"gamma": 6.155105941609653, "lr": 0.8138695628094851}, "datetime": {"datetime": "2024-06-13 21:42:38", "elapsed": 6.285581, "delta": 0.004544}}
{"target": -366.9717634952508, "params": {"gamma": 2.3564267987877012, "lr": 0.6181818418404456}, "datetime": {"datetime": "2024-06-13 21:42:38", "elapsed": 6.290568, "delta": 0.004987}}
{"target": -728.4547225760824, "params": {"gamma": 3.028982363807174, "lr": 0.0887677060791423}, "datetime": {"datetime": "2024-06-13 21:42:38", "elapsed": 6.294557, "delta": 0.003989}}
{"target": -762.99878717172, "params": {"gamma": 3.053309454186566, "lr": 0.07135647494461617}, "datetime": {"datetime": "2024-06-13 21:42:38", "elapsed": 6.299544, "delta": 0.004987}}
{"target": -1587.3955335829944, "params": {"gamma": 9.585783535985689, "lr": 0.7271654349269293}, "datetime": {"datetime": "2024-06-13 21:42:38", "elapsed": 6.303533, "delta": 0.003989}}
{"target": -207.708221548827, "params": {"gamma": 1.0155071173822163, "lr": 0.7862693223485936}, "datetime": {"datetime": "2024-06-13 21:42:38", "elapsed": 6.30852, "delta": 0.004987}}
{"target": -634.2554129396426, "params": {"gamma": 3.5222014456052215, "lr": 0.9114351403237924}, "datetime": {"datetime": "2024-06-13 21:42:38", "elapsed": 6.312509, "delta": 0.003989}}
{"target": -858.7308964469879, "params": {"gamma": 4.955478850036387, "lr": 0.8726927229848721}, "datetime": {"datetime": "2024-06-13 21:42:38", "elapsed": 6.317308, "delta": 0.004799}}
{"target": -324.7754343525387, "params": {"gamma": 2.206077417642493, "lr": 0.36719232590326556}, "datetime": {"datetime": "2024-06-13 21:42:38", "elapsed": 6.3213, "delta": 0.003992}}
{"target": -835.5572212701442, "params": {"gamma": 3.6690025846416687, "lr": 0.09713268160328525}, "datetime": {"datetime": "2024-06-13 21:42:38", "elapsed": 6.326287, "delta": 0.004987}}
{"target": -517.5014826619795, "params": {"gamma": 3.310813326223882, "lr": 0.6597098038387995}, "datetime": {"datetime": "2024-06-13 21:42:38", "elapsed": 6.330419, "delta": 0.004132}}
{"target": -820.3987567954566, "params": {"gamma": 4.665968370246033, "lr": 0.8792315697444312}, "datetime": {"datetime": "2024-06-13 21:42:38", "elapsed": 6.3354, "delta": 0.004981}}
{"target": -410.7488833154418, "params": {"gamma": 2.6974329936370927, "lr": 0.3548193487216488}, "datetime": {"datetime": "2024-06-13 21:42:38", "elapsed": 6.339389, "delta": 0.003989}}
{"target": -462.75647737291956, "params": {"gamma": 3.2042225472159718, "lr": 0.5517379706217076}, "datetime": {"datetime": "2024-06-13 21:42:38", "elapsed": 6.343733, "delta": 0.004344}}
{"target": -354.237644656242, "params": {"gamma": 1.8830059366472722, "lr": 0.1732442715081729}, "datetime": {"datetime": "2024-06-13 21:42:38", "elapsed": 6.34872, "delta": 0.004987}}
{"target": -1336.6651949790369, "params": {"gamma": 9.394879760160336, "lr": 0.37664771374633}, "datetime": {"datetime": "2024-06-13 21:42:38", "elapsed": 6.353707, "delta": 0.004987}}
{"target": -1440.1676126833886, "params": {"gamma": 5.871394250695616, "lr": 0.05515208501882385}, "datetime": {"datetime": "2024-06-13 21:42:38", "elapsed": 6.358694, "delta": 0.004987}}
{"target": -346.0547987394683, "params": {"gamma": 1.409439110996769, "lr": 0.09635855186124331}, "datetime": {"datetime": "2024-06-13 21:42:38", "elapsed": 6.363681, "delta": 0.004987}}
{"target": -1772.9727516618775, "params": {"gamma": 8.121343564013504, "lr": 0.10314678258346421}, "datetime": {"datetime": "2024-06-13 21:42:38", "elapsed": 6.36767, "delta": 0.003989}}
{"target": -1030.2561438648304, "params": {"gamma": 5.163644140749812, "lr": 0.1555778979920741}, "datetime": {"datetime": "2024-06-13 21:42:38", "elapsed": 6.372659, "delta": 0.004989}}
{"target": -502.04585553477443, "params": {"gamma": 2.7888887375330564, "lr": 0.8826020025030701}, "datetime": {"datetime": "2024-06-13 21:42:38", "elapsed": 6.376648, "delta": 0.003989}}
{"target": -1117.1877904125843, "params": {"gamma": 6.316306057543976, "lr": 0.9636627102130699}, "datetime": {"datetime": "2024-06-13 21:42:38", "elapsed": 6.381638, "delta": 0.00499}}
{"target": -1470.551057041275, "params": {"gamma": 5.997543941794315, "lr": 0.009519716216558005}, "datetime": {"datetime": "2024-06-13 21:42:38", "elapsed": 6.385628, "delta": 0.00399}}
{"target": -1027.6125939644235, "params": {"gamma": 4.156994414198696, "lr": 0.02244175435867979}, "datetime": {"datetime": "2024-06-13 21:42:38", "elapsed": 6.390652, "delta": 0.005024}}
{"target": -426.6993589858774, "params": {"gamma": 3.1405292961414175, "lr": 0.48162493072074175}, "datetime": {"datetime": "2024-06-13 21:42:38", "elapsed": 6.395604, "delta": 0.004952}}
{"target": -927.5920599604272, "params": {"gamma": 5.755017951896957, "lr": 0.2386502029289299}, "datetime": {"datetime": "2024-06-13 21:42:38", "elapsed": 6.399593, "delta": 0.003989}}
{"target": -801.556884083826, "params": {"gamma": 5.583307497898072, "lr": 0.3949201341072339}, "datetime": {"datetime": "2024-06-13 21:42:38", "elapsed": 6.403755, "delta": 0.004162}}
{"target": -849.6616812955884, "params": {"gamma": 5.066315292881764, "lr": 0.19596701454252152}, "datetime": {"datetime": "2024-06-13 21:42:38", "elapsed": 6.408741, "delta": 0.004986}}
{"target": -285.58385812747554, "params": {"gamma": 1.5683593484243095, "lr": 0.7545170076023864}, "datetime": {"datetime": "2024-06-13 21:42:38", "elapsed": 6.413728, "delta": 0.004987}}
{"target": -515.9628549540877, "params": {"gamma": 3.3004023148263886, "lr": 0.6441956925382164}, "datetime": {"datetime": "2024-06-13 21:42:38", "elapsed": 6.417717, "delta": 0.003989}}
{"target": -1003.1231000041373, "params": {"gamma": 5.654990510308829, "lr": 0.899530915886071}, "datetime": {"datetime": "2024-06-13 21:42:38", "elapsed": 6.422704, "delta": 0.004987}}
{"target": -1162.385862631779, "params": {"gamma": 8.806955495452243, "lr": 0.4431114003267834}, "datetime": {"datetime": "2024-06-13 21:42:38", "elapsed": 6.426694, "delta": 0.00399}}
{"target": -334.20498703016233, "params": {"gamma": 2.048146129836078, "lr": 0.6321923752918258}, "datetime": {"datetime": "2024-06-13 21:42:38", "elapsed": 6.43168, "delta": 0.004986}}
{"target": -1016.2831847451366, "params": {"gamma": 6.368722917490155, "lr": 0.6924175033786027}, "datetime": {"datetime": "2024-06-13 21:42:38", "elapsed": 6.435669, "delta": 0.003989}}
{"target": -1486.176254967837, "params": {"gamma": 9.074824554145266, "lr": 0.7825809780445985}, "datetime": {"datetime": "2024-06-13 21:42:38", "elapsed": 6.440657, "delta": 0.004988}}
{"target": -927.5087854216623, "params": {"gamma": 6.253284067622613, "lr": 0.6009655953980898}, "datetime": {"datetime": "2024-06-13 21:42:38", "elapsed": 6.444645, "delta": 0.003988}}
{"target": -345.5566762777465, "params": {"gamma": 2.1283776016453526, "lr": 0.651365361997868}, "datetime": {"datetime": "2024-06-13 21:42:38", "elapsed": 6.449632, "delta": 0.004987}}
{"target": -1434.9068940217248, "params": {"gamma": 8.145187207595269, "lr": 0.9223224808528965}, "datetime": {"datetime": "2024-06-13 21:42:38", "elapsed": 6.453621, "delta": 0.003989}}
{"target": -1300.0332566686347, "params": {"gamma": 9.166584470697245, "lr": 0.5610988058726366}, "datetime": {"datetime": "2024-06-13 21:42:38", "elapsed": 6.458608, "delta": 0.004987}}
{"target": -396.9493457546525, "params": {"gamma": 2.599079923429137, "lr": 0.33379745682371664}, "datetime": {"datetime": "2024-06-13 21:42:38", "elapsed": 6.462598, "delta": 0.00399}}
{"target": -1399.9725940336675, "params": {"gamma": 9.977625893322635, "lr": 0.5255977882178193}, "datetime": {"datetime": "2024-06-13 21:42:38", "elapsed": 6.467584, "delta": 0.004986}}
{"target": -1228.3873941605555, "params": {"gamma": 8.159250821705387, "lr": 0.5970161877845721}, "datetime": {"datetime": "2024-06-13 21:42:38", "elapsed": 6.471573, "delta": 0.003989}}
{"target": -749.8306899899264, "params": {"gamma": 5.069796942895938, "lr": 0.34853961530569777}, "datetime": {"datetime": "2024-06-13 21:42:38", "elapsed": 6.476561, "delta": 0.004988}}
{"target": -1321.3951123901602, "params": {"gamma": 5.378167511784794, "lr": 0.00673470699420331}, "datetime": {"datetime": "2024-06-13 21:42:38", "elapsed": 6.481547, "delta": 0.004986}}
{"target": -1244.1067894433716, "params": {"gamma": 8.766981380159143, "lr": 0.5614864815326793}, "datetime": {"datetime": "2024-06-13 21:42:38", "elapsed": 6.485536, "delta": 0.003989}}
{"target": -136.21517924281375, "params": {"gamma": 0.2437899718214612, "lr": 0.8181747453311654}, "datetime": {"datetime": "2024-06-13 21:42:38", "elapsed": 6.490523, "delta": 0.004987}}
{"target": -363.3234432024731, "params": {"gamma": 1.3544085542298703, "lr": 0.03063869809086972}, "datetime": {"datetime": "2024-06-13 21:42:38", "elapsed": 6.494512, "delta": 0.003989}}
{"target": -823.9833677387553, "params": {"gamma": 4.623891705947023, "lr": 0.9606566952869964}, "datetime": {"datetime": "2024-06-13 21:42:38", "elapsed": 6.499498, "delta": 0.004986}}
{"target": -270.3862824251698, "params": {"gamma": 0.9370488703914385, "lr": 0.0655985161350432}, "datetime": {"datetime": "2024-06-13 21:42:38", "elapsed": 6.503488, "delta": 0.00399}}
