{"target": -811.0439826362256, "params": {"gamma": 5.336999796367143, "lr": 0.31446701118584963}, "datetime": {"datetime": "2024-06-13 14:28:14", "elapsed": 0.850773, "delta": 0.00399}}
{"target": -1411.5959796016807, "params": {"gamma": 9.1078175389072, "lr": 0.36655664385123443}, "datetime": {"datetime": "2024-06-13 14:28:14", "elapsed": 0.853765, "delta": 0.002992}}
{"target": -941.4099447639775, "params": {"gamma": 4.336489680404373, "lr": 0.5122926922783614}, "datetime": {"datetime": "2024-06-13 14:28:14", "elapsed": 0.857754, "delta": 0.003989}}
{"target": -3924.4573805247996, "params": {"gamma": 9.388925887219763, "lr": 0.030949006271150714}, "datetime": {"datetime": "2024-06-13 14:28:14", "elapsed": 0.861744, "delta": 0.00399}}
{"target": -2204.9544085389334, "params": {"gamma": 7.1690697576532605, "lr": 0.8910189542923389}, "datetime": {"datetime": "2024-06-13 14:28:14", "elapsed": 0.864736, "delta": 0.002992}}
{"target": -152.85884804308873, "params": {"gamma": 0.2738449479511707, "lr": 0.5220512472525107}, "datetime": {"datetime": "2024-06-13 14:28:14", "elapsed": 0.868725, "delta": 0.003989}}
{"target": -1013.9090530532812, "params": {"gamma": 3.2605721278884827, "lr": 0.8594893208655858}, "datetime": {"datetime": "2024-06-13 14:28:14", "elapsed": 0.871718, "delta": 0.002993}}
{"target": -1419.0501694647155, "params": {"gamma": 5.585606992674257, "lr": 0.6902278681627478}, "datetime": {"datetime": "2024-06-13 14:28:14", "elapsed": 0.875706, "delta": 0.003988}}
{"target": -1075.382618311158, "params": {"gamma": 4.529082146015424, "lr": 0.6283090375213571}, "datetime": {"datetime": "2024-06-13 14:28:14", "elapsed": 0.879696, "delta": 0.00399}}
{"target": -1240.9279864580994, "params": {"gamma": 2.901678420022571, "lr": 0.009348577966515781}, "datetime": {"datetime": "2024-06-13 14:28:14", "elapsed": 0.882688, "delta": 0.002992}}
{"target": -874.7197579136727, "params": {"gamma": 5.767982593935921, "lr": 0.3114442141324628}, "datetime": {"datetime": "2024-06-13 14:28:14", "elapsed": 0.886677, "delta": 0.003989}}
{"target": -1611.9785237329502, "params": {"gamma": 5.1731587174127975, "lr": 0.9164058530538978}, "datetime": {"datetime": "2024-06-13 14:28:14", "elapsed": 0.890667, "delta": 0.00399}}
{"target": -657.8000688110275, "params": {"gamma": 4.265321410225459, "lr": 0.2473960366023854}, "datetime": {"datetime": "2024-06-13 14:28:14", "elapsed": 0.894656, "delta": 0.003989}}
{"target": -1205.3755129932913, "params": {"gamma": 3.7135663190292654, "lr": 0.9318611166365406}, "datetime": {"datetime": "2024-06-13 14:28:14", "elapsed": 0.897647, "delta": 0.002991}}
{"target": -2797.816903392233, "params": {"gamma": 9.368746944709628, "lr": 0.8443299485657132}, "datetime": {"datetime": "2024-06-13 14:28:14", "elapsed": 0.901637, "delta": 0.00399}}
{"target": -1392.6217973389357, "params": {"gamma": 9.202144936542298, "lr": 0.22790028995131695}, "datetime": {"datetime": "2024-06-13 14:28:14", "elapsed": 0.905627, "delta": 0.00399}}
{"target": -182.05216027730785, "params": {"gamma": 0.8757346133263552, "lr": 0.22730973628468876}, "datetime": {"datetime": "2024-06-13 14:28:14", "elapsed": 0.909616, "delta": 0.003989}}
{"target": -529.1311425253041, "params": {"gamma": 3.1444517845243904, "lr": 0.17476587635631158}, "datetime": {"datetime": "2024-06-13 14:28:14", "elapsed": 0.912608, "delta": 0.002992}}
{"target": -987.4277877058437, "params": {"gamma": 6.071334525562633, "lr": 0.41358641500116133}, "datetime": {"datetime": "2024-06-13 14:28:14", "elapsed": 0.916598, "delta": 0.00399}}
{"target": -1317.622142151193, "params": {"gamma": 8.163698766760314, "lr": 0.18513039826903066}, "datetime": {"datetime": "2024-06-13 14:28:14", "elapsed": 0.920586, "delta": 0.003988}}
{"target": -1067.3989253230372, "params": {"gamma": 7.019063421033349, "lr": 0.24035562484913886}, "datetime": {"datetime": "2024-06-13 14:28:14", "elapsed": 0.924575, "delta": 0.003989}}
{"target": -905.0910321883395, "params": {"gamma": 5.742616669319757, "lr": 0.34898759722078887}, "datetime": {"datetime": "2024-06-13 14:28:14", "elapsed": 0.928565, "delta": 0.00399}}
{"target": -154.3337954210872, "params": {"gamma": 0.5705870304288444, "lr": 0.22881367096037586}, "datetime": {"datetime": "2024-06-13 14:28:14", "elapsed": 0.931557, "delta": 0.002992}}
{"target": -1197.7931319998354, "params": {"gamma": 6.641361450992581, "lr": 0.4972500933605313}, "datetime": {"datetime": "2024-06-13 14:28:14", "elapsed": 0.935546, "delta": 0.003989}}
{"target": -852.6633355548086, "params": {"gamma": 5.190640824752714, "lr": 0.1747201501089225}, "datetime": {"datetime": "2024-06-13 14:28:14", "elapsed": 0.938538, "delta": 0.002992}}
{"target": -1842.1369274280307, "params": {"gamma": 5.7075877996110185, "lr": 0.99675342520821}, "datetime": {"datetime": "2024-06-13 14:28:14", "elapsed": 0.942446, "delta": 0.003908}}
{"target": -1762.132119033379, "params": {"gamma": 8.168534252807428, "lr": 0.5943726238309778}, "datetime": {"datetime": "2024-06-13 14:28:14", "elapsed": 0.946433, "delta": 0.003987}}
{"target": -2996.965747556697, "params": {"gamma": 9.759914694240718, "lr": 0.9015625846693213}, "datetime": {"datetime": "2024-06-13 14:28:14", "elapsed": 0.950423, "delta": 0.00399}}
{"target": -2503.557072305231, "params": {"gamma": 5.956483728092853, "lr": 0.032426325314457105}, "datetime": {"datetime": "2024-06-13 14:28:14", "elapsed": 0.954412, "delta": 0.003989}}
{"target": -442.048803955799, "params": {"gamma": 0.93667738107899, "lr": 0.06537171504222639}, "datetime": {"datetime": "2024-06-13 14:28:14", "elapsed": 0.958474, "delta": 0.004062}}
{"target": -736.6672291747851, "params": {"gamma": 4.517879753766062, "lr": 0.37543483316785775}, "datetime": {"datetime": "2024-06-13 14:28:14", "elapsed": 0.963459, "delta": 0.004985}}
{"target": -1577.8533643415674, "params": {"gamma": 9.753524992668595, "lr": 0.1679832931996149}, "datetime": {"datetime": "2024-06-13 14:28:14", "elapsed": 0.966451, "delta": 0.002992}}
{"target": -2813.475702948583, "params": {"gamma": 9.72790313173462, "lr": 0.7674748688630131}, "datetime": {"datetime": "2024-06-13 14:28:14", "elapsed": 0.970441, "delta": 0.00399}}
{"target": -1941.4106967835758, "params": {"gamma": 8.242554158405353, "lr": 0.6326158167779973}, "datetime": {"datetime": "2024-06-13 14:28:14", "elapsed": 0.975428, "delta": 0.004987}}
{"target": -1206.0042717255803, "params": {"gamma": 6.6876589692971145, "lr": 0.47688233352119336}, "datetime": {"datetime": "2024-06-13 14:28:14", "elapsed": 0.979417, "delta": 0.003989}}
{"target": -144.97381027541937, "params": {"gamma": 0.13235043287379938, "lr": 0.3530060855418248}, "datetime": {"datetime": "2024-06-13 14:28:14", "elapsed": 0.983407, "delta": 0.00399}}
{"target": -1282.246371011563, "params": {"gamma": 4.9212259431340915, "lr": 0.7300912110901043}, "datetime": {"datetime": "2024-06-13 14:28:14", "elapsed": 0.987395, "delta": 0.003988}}
{"target": -851.5043665661356, "params": {"gamma": 4.686814799118347, "lr": 0.4574049160894317}, "datetime": {"datetime": "2024-06-13 14:28:14", "elapsed": 0.995261, "delta": 0.007866}}
{"target": -617.7966284772194, "params": {"gamma": 1.377489746715086, "lr": 0.01088873380347899}, "datetime": {"datetime": "2024-06-13 14:28:14", "elapsed": 1.00224, "delta": 0.006979}}
{"target": -1143.1516988034755, "params": {"gamma": 7.583024326509486, "lr": 0.3199528380776784}, "datetime": {"datetime": "2024-06-13 14:28:14", "elapsed": 1.008225, "delta": 0.005985}}
{"target": -1531.8348460631485, "params": {"gamma": 9.843850118484914, "lr": 0.220234226159156}, "datetime": {"datetime": "2024-06-13 14:28:14", "elapsed": 1.012214, "delta": 0.003989}}
{"target": -740.5403065394962, "params": {"gamma": 3.387741546791315, "lr": 0.5238961356661317}, "datetime": {"datetime": "2024-06-13 14:28:14", "elapsed": 1.016203, "delta": 0.003989}}
{"target": -1358.8280256869282, "params": {"gamma": 7.549159679148268, "lr": 0.46385778390029564}, "datetime": {"datetime": "2024-06-13 14:28:14", "elapsed": 1.02119, "delta": 0.004987}}
{"target": -224.93015493997368, "params": {"gamma": 1.2491006085736511, "lr": 0.3125013784920495}, "datetime": {"datetime": "2024-06-13 14:28:14", "elapsed": 1.025209, "delta": 0.004019}}
{"target": -1283.7135077512874, "params": {"gamma": 5.045687177840246, "lr": 0.6738490080168676}, "datetime": {"datetime": "2024-06-13 14:28:14", "elapsed": 1.029197, "delta": 0.003988}}
{"target": -1502.043263575762, "params": {"gamma": 7.70172941316461, "lr": 0.13033578095435427}, "datetime": {"datetime": "2024-06-13 14:28:14", "elapsed": 1.033157, "delta": 0.00396}}
{"target": -150.83576123403594, "params": {"gamma": 0.23012839809249527, "lr": 0.5190823222119895}, "datetime": {"datetime": "2024-06-13 14:28:14", "elapsed": 1.037147, "delta": 0.00399}}
{"target": -3390.890073186592, "params": {"gamma": 8.1000771179135, "lr": 0.012603767029876312}, "datetime": {"datetime": "2024-06-13 14:28:14", "elapsed": 1.041137, "delta": 0.00399}}
{"target": -1704.8286121423105, "params": {"gamma": 6.725025976692686, "lr": 0.6868082266569918}, "datetime": {"datetime": "2024-06-13 14:28:14", "elapsed": 1.045126, "delta": 0.003989}}
{"target": -1402.8476936837928, "params": {"gamma": 4.49301828911279, "lr": 0.9147886867419343}, "datetime": {"datetime": "2024-06-13 14:28:14", "elapsed": 1.049115, "delta": 0.003989}}
{"target": -2705.328427851913, "params": {"gamma": 6.443966486485173, "lr": 0.005239837651465851}, "datetime": {"datetime": "2024-06-13 14:28:14", "elapsed": 1.053076, "delta": 0.003961}}
{"target": -1496.1466959554693, "params": {"gamma": 4.844800026698242, "lr": 0.8593178060976}, "datetime": {"datetime": "2024-06-13 14:28:14", "elapsed": 1.058064, "delta": 0.004988}}
{"target": -2014.6139856648606, "params": {"gamma": 8.304165300803357, "lr": 0.6491541971124779}, "datetime": {"datetime": "2024-06-13 14:28:14", "elapsed": 1.062053, "delta": 0.003989}}
{"target": -1450.6757405118678, "params": {"gamma": 6.737310540562419, "lr": 0.5784995797892005}, "datetime": {"datetime": "2024-06-13 14:28:14", "elapsed": 1.066042, "delta": 0.003989}}
{"target": -596.4820339215837, "params": {"gamma": 2.741923631893355, "lr": 0.5605299905360588}, "datetime": {"datetime": "2024-06-13 14:28:14", "elapsed": 1.070031, "delta": 0.003989}}
{"target": -1055.4947450792906, "params": {"gamma": 6.717626118389386, "lr": 0.35242963021640883}, "datetime": {"datetime": "2024-06-13 14:28:14", "elapsed": 1.075018, "delta": 0.004987}}
{"target": -1379.9814276736022, "params": {"gamma": 8.558427844172023, "lr": 0.1950374860087073}, "datetime": {"datetime": "2024-06-13 14:28:14", "elapsed": 1.07801, "delta": 0.002992}}
{"target": -1163.195960608769, "params": {"gamma": 7.473460782508901, "lr": 0.2896027461868774}, "datetime": {"datetime": "2024-06-13 14:28:14", "elapsed": 1.081999, "delta": 0.003989}}
{"target": -1253.0830527830612, "params": {"gamma": 7.738219073154577, "lr": 0.4277373293360762}, "datetime": {"datetime": "2024-06-13 14:28:14", "elapsed": 1.086198, "delta": 0.004199}}
{"target": -1265.3884181289657, "params": {"gamma": 8.077176392712982, "lr": 0.3535348626679904}, "datetime": {"datetime": "2024-06-13 14:28:14", "elapsed": 1.089697, "delta": 0.003499}}
{"target": -634.4397270756754, "params": {"gamma": 2.137718683058182, "lr": 0.7672845084217665}, "datetime": {"datetime": "2024-06-13 14:28:14", "elapsed": 1.093685, "delta": 0.003988}}
{"target": -813.2026761965417, "params": {"gamma": 3.0871108343588807, "lr": 0.7332450677264275}, "datetime": {"datetime": "2024-06-13 14:28:14", "elapsed": 1.097675, "delta": 0.00399}}
{"target": -1163.647883744903, "params": {"gamma": 7.444987057624244, "lr": 0.22139670090820107}, "datetime": {"datetime": "2024-06-13 14:28:14", "elapsed": 1.101664, "delta": 0.003989}}
{"target": -373.01604893394176, "params": {"gamma": 2.141907256069664, "lr": 0.1989479234270667}, "datetime": {"datetime": "2024-06-13 14:28:14", "elapsed": 1.105654, "delta": 0.00399}}
{"target": -261.34579733547946, "params": {"gamma": 1.4260408593206808, "lr": 0.3770825992073341}, "datetime": {"datetime": "2024-06-13 14:28:14", "elapsed": 1.109644, "delta": 0.00399}}
{"target": -180.21342202700026, "params": {"gamma": 0.26725221903152313, "lr": 0.11092036903424063}, "datetime": {"datetime": "2024-06-13 14:28:14", "elapsed": 1.113632, "delta": 0.003988}}
{"target": -1965.021406214373, "params": {"gamma": 6.745965673610343, "lr": 0.7997765368973863}, "datetime": {"datetime": "2024-06-13 14:28:14", "elapsed": 1.117622, "delta": 0.00399}}
{"target": -174.87194161558892, "params": {"gamma": 0.8062147417567307, "lr": 0.23170231048579204}, "datetime": {"datetime": "2024-06-13 14:28:14", "elapsed": 1.121611, "delta": 0.003989}}
{"target": -686.5655401456854, "params": {"gamma": 2.0770489923763398, "lr": 0.9173335630816306}, "datetime": {"datetime": "2024-06-13 14:28:14", "elapsed": 1.1256, "delta": 0.003989}}
{"target": -1528.3475033647069, "params": {"gamma": 7.113433866846732, "lr": 0.5538846110514143}, "datetime": {"datetime": "2024-06-13 14:28:14", "elapsed": 1.128592, "delta": 0.002992}}
{"target": -923.0165604841696, "params": {"gamma": 3.0458753612182816, "lr": 0.8348540476317985}, "datetime": {"datetime": "2024-06-13 14:28:14", "elapsed": 1.132581, "delta": 0.003989}}
{"target": -1409.5337795929036, "params": {"gamma": 4.353624270337571, "lr": 0.9234562151187752}, "datetime": {"datetime": "2024-06-13 14:28:14", "elapsed": 1.136571, "delta": 0.00399}}
{"target": -1272.1922393037319, "params": {"gamma": 7.0608119915549965, "lr": 0.47803130796528337}, "datetime": {"datetime": "2024-06-13 14:28:14", "elapsed": 1.14056, "delta": 0.003989}}
{"target": -433.8078486017587, "params": {"gamma": 1.2629748273898376, "lr": 0.9760435504677476}, "datetime": {"datetime": "2024-06-13 14:28:14", "elapsed": 1.143552, "delta": 0.002992}}
{"target": -277.3011720829708, "params": {"gamma": 1.5991766697905894, "lr": 0.2026021252196626}, "datetime": {"datetime": "2024-06-13 14:28:14", "elapsed": 1.147542, "delta": 0.00399}}
{"target": -707.6817228702704, "params": {"gamma": 4.312386369848549, "lr": 0.40420190577514725}, "datetime": {"datetime": "2024-06-13 14:28:14", "elapsed": 1.151531, "delta": 0.003989}}
{"target": -407.10412369750713, "params": {"gamma": 1.4683680561621768, "lr": 0.7293189193611234}, "datetime": {"datetime": "2024-06-13 14:28:14", "elapsed": 1.15552, "delta": 0.003989}}
{"target": -480.0132532624956, "params": {"gamma": 1.8882619237049822, "lr": 0.6438956443116628}, "datetime": {"datetime": "2024-06-13 14:28:14", "elapsed": 1.158512, "delta": 0.002992}}
{"target": -1178.7363266361428, "params": {"gamma": 7.543305199812411, "lr": 0.21073239208332073}, "datetime": {"datetime": "2024-06-13 14:28:14", "elapsed": 1.162501, "delta": 0.003989}}
{"target": -1561.6232287444282, "params": {"gamma": 6.0099415268282925, "lr": 0.7489283752458364}, "datetime": {"datetime": "2024-06-13 14:28:14", "elapsed": 1.16649, "delta": 0.003989}}
{"target": -1381.0461017374955, "params": {"gamma": 6.382548887492715, "lr": 0.5971273029466491}, "datetime": {"datetime": "2024-06-13 14:28:14", "elapsed": 1.17048, "delta": 0.00399}}
{"target": -779.7342562007087, "params": {"gamma": 2.955527374269315, "lr": 0.7316064712415088}, "datetime": {"datetime": "2024-06-13 14:28:14", "elapsed": 1.17447, "delta": 0.00399}}
{"target": -1526.5381274381712, "params": {"gamma": 9.453139091559498, "lr": 0.42556139026154693}, "datetime": {"datetime": "2024-06-13 14:28:14", "elapsed": 1.177462, "delta": 0.002992}}
{"target": -3275.787098120415, "params": {"gamma": 7.822035986497222, "lr": 0.056141039661915304}, "datetime": {"datetime": "2024-06-13 14:28:14", "elapsed": 1.181451, "delta": 0.003989}}
{"target": -1347.508790347883, "params": {"gamma": 8.35288075329717, "lr": 0.1922500168221477}, "datetime": {"datetime": "2024-06-13 14:28:14", "elapsed": 1.18544, "delta": 0.003989}}
{"target": -606.8631346327588, "params": {"gamma": 3.951573592030842, "lr": 0.30008104592535645}, "datetime": {"datetime": "2024-06-13 14:28:14", "elapsed": 1.18943, "delta": 0.00399}}
{"target": -285.8636141890438, "params": {"gamma": 0.8019563344166869, "lr": 0.9046310029362429}, "datetime": {"datetime": "2024-06-13 14:28:15", "elapsed": 1.193419, "delta": 0.003989}}
{"target": -806.9950946256641, "params": {"gamma": 3.702171621359829, "lr": 0.5306974384761395}, "datetime": {"datetime": "2024-06-13 14:28:15", "elapsed": 1.197408, "delta": 0.003989}}
{"target": -971.2535412664377, "params": {"gamma": 4.941668542697355, "lr": 0.13216114194293815}, "datetime": {"datetime": "2024-06-13 14:28:15", "elapsed": 1.201397, "delta": 0.003989}}
{"target": -897.4497100265131, "params": {"gamma": 2.0653341348354406, "lr": 0.07618880903232117}, "datetime": {"datetime": "2024-06-13 14:28:15", "elapsed": 1.205388, "delta": 0.003991}}
{"target": -800.6585025415509, "params": {"gamma": 5.07970907775293, "lr": 0.2615495518329871}, "datetime": {"datetime": "2024-06-13 14:28:15", "elapsed": 1.208379, "delta": 0.002991}}
{"target": -1079.8392273498773, "params": {"gamma": 3.5712590272190368, "lr": 0.10806532869723684}, "datetime": {"datetime": "2024-06-13 14:28:15", "elapsed": 1.212368, "delta": 0.003989}}
{"target": -2333.2415035590006, "params": {"gamma": 7.87573084468542, "lr": 0.1065838767888011}, "datetime": {"datetime": "2024-06-13 14:28:15", "elapsed": 1.216357, "delta": 0.003989}}
{"target": -1594.3215589315678, "params": {"gamma": 9.857102528308165, "lr": 0.17716116443841734}, "datetime": {"datetime": "2024-06-13 14:28:15", "elapsed": 1.220347, "delta": 0.00399}}
{"target": -2407.53729052788, "params": {"gamma": 5.724478719234059, "lr": 0.044845334589088126}, "datetime": {"datetime": "2024-06-13 14:28:15", "elapsed": 1.223339, "delta": 0.002992}}
{"target": -1271.4428549310899, "params": {"gamma": 7.871375780268687, "lr": 0.18960594781829654}, "datetime": {"datetime": "2024-06-13 14:28:15", "elapsed": 1.227328, "delta": 0.003989}}
{"target": -1374.1493388581725, "params": {"gamma": 5.279511880102859, "lr": 0.7400775431590716}, "datetime": {"datetime": "2024-06-13 14:28:15", "elapsed": 1.231318, "delta": 0.00399}}
{"target": -350.5618710880532, "params": {"gamma": 1.5001649176876422, "lr": 0.5510871741869717}, "datetime": {"datetime": "2024-06-13 14:28:15", "elapsed": 1.235307, "delta": 0.003989}}
{"target": -642.6806867426027, "params": {"gamma": 2.1669554660794654, "lr": 0.7591960493171447}, "datetime": {"datetime": "2024-06-13 14:28:15", "elapsed": 1.239295, "delta": 0.003988}}
{"target": -1176.5704986765647, "params": {"gamma": 7.229429020368581, "lr": 0.17654903427708302}, "datetime": {"datetime": "2024-06-13 14:28:15", "elapsed": 1.244282, "delta": 0.004987}}
{"target": -3606.0484857337956, "params": {"gamma": 8.619803610113067, "lr": 0.019775099516344263}, "datetime": {"datetime": "2024-06-13 14:28:15", "elapsed": 1.249269, "delta": 0.004987}}
{"target": -1814.518357554777, "params": {"gamma": 8.60250973723373, "lr": 0.5589038111609383}, "datetime": {"datetime": "2024-06-13 14:28:15", "elapsed": 1.253288, "delta": 0.004019}}
{"target": -1174.794960856136, "params": {"gamma": 4.032801500586387, "lr": 0.7587469310223366}, "datetime": {"datetime": "2024-06-13 14:28:15", "elapsed": 1.257248, "delta": 0.00396}}
{"target": -2309.7053554561594, "params": {"gamma": 7.169573087923007, "lr": 0.9873261748084265}, "datetime": {"datetime": "2024-06-13 14:28:15", "elapsed": 1.261237, "delta": 0.003989}}
{"target": -1191.4727423434347, "params": {"gamma": 2.7815724010812146, "lr": 0.0037936724093425855}, "datetime": {"datetime": "2024-06-13 14:28:15", "elapsed": 1.264229, "delta": 0.002992}}
{"target": -2868.401239550868, "params": {"gamma": 9.339092180540563, "lr": 0.8578971045378938}, "datetime": {"datetime": "2024-06-13 14:28:15", "elapsed": 1.268219, "delta": 0.00399}}
{"target": -1569.303469776931, "params": {"gamma": 7.28877992431504, "lr": 0.5166887829215384}, "datetime": {"datetime": "2024-06-13 14:28:15", "elapsed": 1.272208, "delta": 0.003989}}
{"target": -2058.7402975940704, "params": {"gamma": 7.069855496242362, "lr": 0.7805295568767427}, "datetime": {"datetime": "2024-06-13 14:28:15", "elapsed": 1.2752, "delta": 0.002992}}
{"target": -1093.5253908454197, "params": {"gamma": 3.749384559425057, "lr": 0.7703225253299576}, "datetime": {"datetime": "2024-06-13 14:28:15", "elapsed": 1.279189, "delta": 0.003989}}
{"target": -1767.2397882147582, "params": {"gamma": 7.506492567432579, "lr": 0.6132112115442597}, "datetime": {"datetime": "2024-06-13 14:28:15", "elapsed": 1.283179, "delta": 0.00399}}
{"target": -1026.7377787722965, "params": {"gamma": 4.019257373754407, "lr": 0.6973080192643409}, "datetime": {"datetime": "2024-06-13 14:28:15", "elapsed": 1.286171, "delta": 0.002992}}
{"target": -154.29032174663845, "params": {"gamma": 0.032125465394095866, "lr": 0.7748966467245978}, "datetime": {"datetime": "2024-06-13 14:28:15", "elapsed": 1.29016, "delta": 0.003989}}
{"target": -1357.1808781534196, "params": {"gamma": 8.964269607966013, "lr": 0.23931570743750463}, "datetime": {"datetime": "2024-06-13 14:28:15", "elapsed": 1.294149, "delta": 0.003989}}
{"target": -224.3665944215153, "params": {"gamma": 1.208551075907988, "lr": 0.2202839877937276}, "datetime": {"datetime": "2024-06-13 14:28:15", "elapsed": 1.298138, "delta": 0.003989}}
{"target": -940.9577202974996, "params": {"gamma": 3.021665216169693, "lr": 0.8830285085638342}, "datetime": {"datetime": "2024-06-13 14:28:15", "elapsed": 1.302128, "delta": 0.00399}}
{"target": -850.1359760286795, "params": {"gamma": 5.432121135950708, "lr": 0.2867116496064306}, "datetime": {"datetime": "2024-06-13 14:28:15", "elapsed": 1.306118, "delta": 0.00399}}
{"target": -245.44372379454745, "params": {"gamma": 1.3844085432396722, "lr": 0.29014446310454167}, "datetime": {"datetime": "2024-06-13 14:28:15", "elapsed": 1.309109, "delta": 0.002991}}
