{"target": -616.5934568710577, "params": {"gamma": 8.199874253028593, "lr": 0.46781804781537173}, "datetime": {"datetime": "2024-06-13 19:33:56", "elapsed": 6.440942, "delta": 0.004986}}
{"target": -333.21069216138574, "params": {"gamma": 4.275493453510745, "lr": 0.4010683054344961}, "datetime": {"datetime": "2024-06-13 19:33:56", "elapsed": 6.445929, "delta": 0.004987}}
{"target": -486.82175720716475, "params": {"gamma": 5.822568206350932, "lr": 0.7289706693761112}, "datetime": {"datetime": "2024-06-13 19:33:56", "elapsed": 6.449918, "delta": 0.003989}}
{"target": -650.1263089414645, "params": {"gamma": 7.843135731493912, "lr": 0.6547991875604179}, "datetime": {"datetime": "2024-06-13 19:33:56", "elapsed": 6.453908, "delta": 0.00399}}
{"target": -431.0792874981446, "params": {"gamma": 5.625099180595456, "lr": 0.412392608220297}, "datetime": {"datetime": "2024-06-13 19:33:56", "elapsed": 6.458895, "delta": 0.004987}}
{"target": -304.6021538298913, "params": {"gamma": 3.1998307053765016, "lr": 0.2862477928261852}, "datetime": {"datetime": "2024-06-13 19:33:56", "elapsed": 6.463881, "delta": 0.004986}}
{"target": -246.7178130862625, "params": {"gamma": 2.9624710073123492, "lr": 0.6827528661644432}, "datetime": {"datetime": "2024-06-13 19:33:56", "elapsed": 6.46787, "delta": 0.003989}}
{"target": -600.6611887689892, "params": {"gamma": 7.624649380413635, "lr": 0.5976197869899762}, "datetime": {"datetime": "2024-06-13 19:33:56", "elapsed": 6.47186, "delta": 0.00399}}
{"target": -310.71894192910145, "params": {"gamma": 2.229416058643355, "lr": 0.1943950205047229}, "datetime": {"datetime": "2024-06-13 19:33:56", "elapsed": 6.476846, "delta": 0.004986}}
{"target": -654.3826666662121, "params": {"gamma": 7.657095501588769, "lr": 0.9786938189750454}, "datetime": {"datetime": "2024-06-13 19:33:56", "elapsed": 6.480836, "delta": 0.00399}}
{"target": -130.42459353998987, "params": {"gamma": 0.1600837059640327, "lr": 0.24889814198257976}, "datetime": {"datetime": "2024-06-13 19:33:56", "elapsed": 6.485822, "delta": 0.004986}}
{"target": -643.427405633167, "params": {"gamma": 7.923336404835708, "lr": 0.7191652977533548}, "datetime": {"datetime": "2024-06-13 19:33:56", "elapsed": 6.489812, "delta": 0.00399}}
{"target": -202.03468679547484, "params": {"gamma": 2.4605535974366086, "lr": 0.5548923810758453}, "datetime": {"datetime": "2024-06-13 19:33:56", "elapsed": 6.494798, "delta": 0.004986}}
{"target": -477.2053651634254, "params": {"gamma": 5.856272355196109, "lr": 0.7213842766472296}, "datetime": {"datetime": "2024-06-13 19:33:56", "elapsed": 6.498787, "delta": 0.003989}}
{"target": -359.3649612696816, "params": {"gamma": 4.637273438415798, "lr": 0.40484847152272274}, "datetime": {"datetime": "2024-06-13 19:33:56", "elapsed": 6.503775, "delta": 0.004988}}
{"target": -501.72977747061674, "params": {"gamma": 3.080786698738075, "lr": 0.23830890840682273}, "datetime": {"datetime": "2024-06-13 19:33:56", "elapsed": 6.507764, "delta": 0.003989}}
{"target": -106.34103697590795, "params": {"gamma": 0.925941078147889, "lr": 0.6458833874176423}, "datetime": {"datetime": "2024-06-13 19:33:56", "elapsed": 6.512751, "delta": 0.004987}}
{"target": -544.6994987871832, "params": {"gamma": 6.696034914953822, "lr": 0.6873434739168471}, "datetime": {"datetime": "2024-06-13 19:33:56", "elapsed": 6.517737, "delta": 0.004986}}
{"target": -142.82421477447477, "params": {"gamma": 0.03245405892326011, "lr": 0.43825303252098613}, "datetime": {"datetime": "2024-06-13 19:33:56", "elapsed": 6.521727, "delta": 0.00399}}
{"target": -121.19196532579777, "params": {"gamma": 1.22641109574872, "lr": 0.5266093357063074}, "datetime": {"datetime": "2024-06-13 19:33:56", "elapsed": 6.526713, "delta": 0.004986}}
{"target": -734.753360572812, "params": {"gamma": 9.797416469397842, "lr": 0.4992770109633381}, "datetime": {"datetime": "2024-06-13 19:33:56", "elapsed": 6.530702, "delta": 0.003989}}
{"target": -306.58382488546096, "params": {"gamma": 3.747125142755934, "lr": 0.8138399923945955}, "datetime": {"datetime": "2024-06-13 19:33:56", "elapsed": 6.535689, "delta": 0.004987}}
{"target": -862.4774533666431, "params": {"gamma": 9.68204618100875, "lr": 0.28712337752879535}, "datetime": {"datetime": "2024-06-13 19:33:56", "elapsed": 6.539678, "delta": 0.003989}}
{"target": -686.0825961757629, "params": {"gamma": 8.030197397425262, "lr": 0.9961414373632698}, "datetime": {"datetime": "2024-06-13 19:33:56", "elapsed": 6.544665, "delta": 0.004987}}
{"target": -115.46777384344455, "params": {"gamma": 1.1191305732763266, "lr": 0.5310473545872221}, "datetime": {"datetime": "2024-06-13 19:33:56", "elapsed": 6.548654, "delta": 0.003989}}
{"target": -650.6977686661993, "params": {"gamma": 8.135452268270518, "lr": 0.37629418365689815}, "datetime": {"datetime": "2024-06-13 19:33:56", "elapsed": 6.553641, "delta": 0.004987}}
{"target": -370.5221497541874, "params": {"gamma": 4.4582994882209785, "lr": 0.7509025596645666}, "datetime": {"datetime": "2024-06-13 19:33:56", "elapsed": 6.55763, "delta": 0.003989}}
{"target": -120.76638873529951, "params": {"gamma": 0.9843654431052541, "lr": 0.3605263049964609}, "datetime": {"datetime": "2024-06-13 19:33:56", "elapsed": 6.562617, "delta": 0.004987}}
{"target": -908.4375269151931, "params": {"gamma": 5.637498846609272, "lr": 0.23858559594258377}, "datetime": {"datetime": "2024-06-13 19:33:56", "elapsed": 6.566606, "delta": 0.003989}}
{"target": -692.987984799124, "params": {"gamma": 8.399697763448607, "lr": 0.7658509922899394}, "datetime": {"datetime": "2024-06-13 19:33:56", "elapsed": 6.571593, "delta": 0.004987}}
{"target": -743.5540101714032, "params": {"gamma": 9.655460253343795, "lr": 0.5229880750137287}, "datetime": {"datetime": "2024-06-13 19:33:56", "elapsed": 6.575582, "delta": 0.003989}}
{"target": -111.64318859884426, "params": {"gamma": 1.06614005524794, "lr": 0.936617023061487}, "datetime": {"datetime": "2024-06-13 19:33:56", "elapsed": 6.580569, "delta": 0.004987}}
{"target": -643.80872804385, "params": {"gamma": 8.342525658973996, "lr": 0.5444181610032376}, "datetime": {"datetime": "2024-06-13 19:33:56", "elapsed": 6.584558, "delta": 0.003989}}
{"target": -697.6507953188379, "params": {"gamma": 8.363186471576656, "lr": 0.8816909193539424}, "datetime": {"datetime": "2024-06-13 19:33:56", "elapsed": 6.589545, "delta": 0.004987}}
{"target": -599.6449731234696, "params": {"gamma": 7.76103529253161, "lr": 0.5712539770424174}, "datetime": {"datetime": "2024-06-13 19:33:56", "elapsed": 6.593534, "delta": 0.003989}}
{"target": -498.3501340718767, "params": {"gamma": 6.153371915939358, "lr": 0.8443906826433587}, "datetime": {"datetime": "2024-06-13 19:33:56", "elapsed": 6.597524, "delta": 0.00399}}
{"target": -1021.3172405504567, "params": {"gamma": 6.222544146503024, "lr": 0.20647995918763162}, "datetime": {"datetime": "2024-06-13 19:33:56", "elapsed": 6.602511, "delta": 0.004987}}
{"target": -535.4306497832279, "params": {"gamma": 6.915192747116144, "lr": 0.5320137500773816}, "datetime": {"datetime": "2024-06-13 19:33:56", "elapsed": 6.6065, "delta": 0.003989}}
{"target": -524.4148849973766, "params": {"gamma": 2.633207341942995, "lr": 0.0007865415296364198}, "datetime": {"datetime": "2024-06-13 19:33:56", "elapsed": 6.611487, "delta": 0.004987}}
{"target": -199.9410073623408, "params": {"gamma": 2.3557421152378364, "lr": 0.673566697976032}, "datetime": {"datetime": "2024-06-13 19:33:56", "elapsed": 6.616473, "delta": 0.004986}}
{"target": -711.2599456982822, "params": {"gamma": 8.783323676609767, "lr": 0.8307025692405677}, "datetime": {"datetime": "2024-06-13 19:33:56", "elapsed": 6.620465, "delta": 0.003992}}
{"target": -238.69832929763584, "params": {"gamma": 1.0819657484995155, "lr": 0.07112497952283825}, "datetime": {"datetime": "2024-06-13 19:33:56", "elapsed": 6.625449, "delta": 0.004984}}
{"target": -755.4402371721136, "params": {"gamma": 7.616161526478173, "lr": 0.2848333721183067}, "datetime": {"datetime": "2024-06-13 19:33:56", "elapsed": 6.629438, "delta": 0.003989}}
{"target": -540.6997092383782, "params": {"gamma": 2.718758721913716, "lr": 0.0020003006084317043}, "datetime": {"datetime": "2024-06-13 19:33:56", "elapsed": 6.633428, "delta": 0.00399}}
{"target": -197.0690689963309, "params": {"gamma": 0.9862915673948899, "lr": 0.13559704739235312}, "datetime": {"datetime": "2024-06-13 19:33:56", "elapsed": 6.638415, "delta": 0.004987}}
{"target": -142.39363569758987, "params": {"gamma": 1.5944427020857364, "lr": 0.44531360261536523}, "datetime": {"datetime": "2024-06-13 19:33:56", "elapsed": 6.642404, "delta": 0.003989}}
{"target": -658.9236117632872, "params": {"gamma": 8.141544011423479, "lr": 0.8122981153684475}, "datetime": {"datetime": "2024-06-13 19:33:56", "elapsed": 6.64739, "delta": 0.004986}}
{"target": -675.3370675727863, "params": {"gamma": 9.099986227202798, "lr": 0.4435920386203337}, "datetime": {"datetime": "2024-06-13 19:33:56", "elapsed": 6.65138, "delta": 0.00399}}
{"target": -534.3641684929698, "params": {"gamma": 7.087396368942189, "lr": 0.4883341181204487}, "datetime": {"datetime": "2024-06-13 19:33:56", "elapsed": 6.656366, "delta": 0.004986}}
{"target": -151.9408836773408, "params": {"gamma": 0.49937573878707536, "lr": 0.0804314339695471}, "datetime": {"datetime": "2024-06-13 19:33:56", "elapsed": 6.660356, "delta": 0.00399}}
{"target": -216.84120921123446, "params": {"gamma": 2.4601774098261746, "lr": 0.9816217286230167}, "datetime": {"datetime": "2024-06-13 19:33:56", "elapsed": 6.665342, "delta": 0.004986}}
{"target": -688.5876397917608, "params": {"gamma": 6.919480375538572, "lr": 0.26800758185732043}, "datetime": {"datetime": "2024-06-13 19:33:56", "elapsed": 6.669332, "delta": 0.00399}}
{"target": -586.1894423563754, "params": {"gamma": 7.062926182268611, "lr": 0.6613461343815696}, "datetime": {"datetime": "2024-06-13 19:33:56", "elapsed": 6.674319, "delta": 0.004987}}
{"target": -107.98827691451832, "params": {"gamma": 0.4338583185782008, "lr": 0.3614875846417379}, "datetime": {"datetime": "2024-06-13 19:33:56", "elapsed": 6.678308, "delta": 0.003989}}
{"target": -1510.8042380690008, "params": {"gamma": 7.737506106039536, "lr": 0.07852291483410356}, "datetime": {"datetime": "2024-06-13 19:33:56", "elapsed": 6.683295, "delta": 0.004987}}
{"target": -755.2322872343397, "params": {"gamma": 8.84395678364194, "lr": 0.9308682962545582}, "datetime": {"datetime": "2024-06-13 19:33:56", "elapsed": 6.688281, "delta": 0.004986}}
{"target": -1609.86294223372, "params": {"gamma": 8.531002038386509, "lr": 0.117377604100948}, "datetime": {"datetime": "2024-06-13 19:33:56", "elapsed": 6.69227, "delta": 0.003989}}
{"target": -460.81452543898223, "params": {"gamma": 5.652169643537417, "lr": 0.7075599478322232}, "datetime": {"datetime": "2024-06-13 19:33:56", "elapsed": 6.697257, "delta": 0.004987}}
{"target": -1732.4148216189287, "params": {"gamma": 8.879912919311819, "lr": 0.09577602929981288}, "datetime": {"datetime": "2024-06-13 19:33:56", "elapsed": 6.701246, "delta": 0.003989}}
{"target": -807.4342220983465, "params": {"gamma": 8.157890074908734, "lr": 0.27801633166878204}, "datetime": {"datetime": "2024-06-13 19:33:56", "elapsed": 6.706233, "delta": 0.004987}}
{"target": -482.58808680740503, "params": {"gamma": 5.923281570273373, "lr": 0.7197957093739197}, "datetime": {"datetime": "2024-06-13 19:33:56", "elapsed": 6.710222, "delta": 0.003989}}
{"target": -697.1792112299278, "params": {"gamma": 7.7704144744548165, "lr": 0.29466484899886947}, "datetime": {"datetime": "2024-06-13 19:33:56", "elapsed": 6.714212, "delta": 0.00399}}
{"target": -550.6396858687555, "params": {"gamma": 6.074158012949801, "lr": 0.2874728742023305}, "datetime": {"datetime": "2024-06-13 19:33:56", "elapsed": 6.719198, "delta": 0.004986}}
{"target": -807.1332032363905, "params": {"gamma": 9.983169186094411, "lr": 0.8145056079423507}, "datetime": {"datetime": "2024-06-13 19:33:56", "elapsed": 6.723188, "delta": 0.00399}}
{"target": -348.0530528629972, "params": {"gamma": 4.140365184777405, "lr": 0.8791421856642359}, "datetime": {"datetime": "2024-06-13 19:33:56", "elapsed": 6.728174, "delta": 0.004986}}
{"target": -626.1940824933683, "params": {"gamma": 7.325278649969429, "lr": 0.928746930727756}, "datetime": {"datetime": "2024-06-13 19:33:56", "elapsed": 6.733161, "delta": 0.004987}}
{"target": -184.7885447128976, "params": {"gamma": 1.7169353317749951, "lr": 0.2948350049208741}, "datetime": {"datetime": "2024-06-13 19:33:56", "elapsed": 6.737151, "delta": 0.00399}}
{"target": -132.08652928024117, "params": {"gamma": 0.9382730240703474, "lr": 0.3179810316787127}, "datetime": {"datetime": "2024-06-13 19:33:56", "elapsed": 6.742137, "delta": 0.004986}}
{"target": -320.88231333535555, "params": {"gamma": 3.812504948851634, "lr": 0.6327125396187535}, "datetime": {"datetime": "2024-06-13 19:33:56", "elapsed": 6.746126, "delta": 0.003989}}
{"target": -385.7365273461642, "params": {"gamma": 4.715727863547479, "lr": 0.717668980777047}, "datetime": {"datetime": "2024-06-13 19:33:56", "elapsed": 6.750116, "delta": 0.00399}}
{"target": -369.0609804595687, "params": {"gamma": 2.692966111483643, "lr": 0.17305671918218446}, "datetime": {"datetime": "2024-06-13 19:33:56", "elapsed": 6.755103, "delta": 0.004987}}
{"target": -294.61615234179953, "params": {"gamma": 3.7918469051508774, "lr": 0.43808143742785455}, "datetime": {"datetime": "2024-06-13 19:33:56", "elapsed": 6.760089, "delta": 0.004986}}
{"target": -363.19570499506204, "params": {"gamma": 4.221843551590521, "lr": 0.913569686661525}, "datetime": {"datetime": "2024-06-13 19:33:56", "elapsed": 6.764078, "delta": 0.003989}}
{"target": -233.58307949837936, "params": {"gamma": 2.696400616451196, "lr": 0.3520434026951569}, "datetime": {"datetime": "2024-06-13 19:33:56", "elapsed": 6.768068, "delta": 0.00399}}
{"target": -194.2991292424208, "params": {"gamma": 2.1528813919731067, "lr": 0.37192301140427286}, "datetime": {"datetime": "2024-06-13 19:33:56", "elapsed": 6.773055, "delta": 0.004987}}
{"target": -313.067904502854, "params": {"gamma": 3.8991640529202587, "lr": 0.5754270571118745}, "datetime": {"datetime": "2024-06-13 19:33:56", "elapsed": 6.777044, "delta": 0.003989}}
{"target": -295.1293799318289, "params": {"gamma": 2.7843714212458077, "lr": 0.2594923085078481}, "datetime": {"datetime": "2024-06-13 19:33:56", "elapsed": 6.78203, "delta": 0.004986}}
{"target": -614.7791057952923, "params": {"gamma": 7.190894889170183, "lr": 0.9101787075725445}, "datetime": {"datetime": "2024-06-13 19:33:56", "elapsed": 6.78602, "delta": 0.00399}}
{"target": -191.18552245815977, "params": {"gamma": 1.2218460988148518, "lr": 0.18228897074998485}, "datetime": {"datetime": "2024-06-13 19:33:56", "elapsed": 6.791006, "delta": 0.004986}}
{"target": -126.3120574753394, "params": {"gamma": 1.3319633391141557, "lr": 0.6836076828044971}, "datetime": {"datetime": "2024-06-13 19:33:56", "elapsed": 6.795993, "delta": 0.004987}}
{"target": -189.71115795327665, "params": {"gamma": 2.1408837173038955, "lr": 0.6045716033063737}, "datetime": {"datetime": "2024-06-13 19:33:56", "elapsed": 6.799982, "delta": 0.003989}}
{"target": -172.88129860034277, "params": {"gamma": 2.0175856692950274, "lr": 0.8177571936931245}, "datetime": {"datetime": "2024-06-13 19:33:56", "elapsed": 6.804972, "delta": 0.00499}}
{"target": -262.31020403354745, "params": {"gamma": 3.161755215449723, "lr": 0.6696167646858762}, "datetime": {"datetime": "2024-06-13 19:33:56", "elapsed": 6.808961, "delta": 0.003989}}
{"target": -167.89493406607355, "params": {"gamma": 1.4881868944628063, "lr": 0.30594544708616045}, "datetime": {"datetime": "2024-06-13 19:33:56", "elapsed": 6.813947, "delta": 0.004986}}
{"target": -253.5711553898316, "params": {"gamma": 2.9731172115714624, "lr": 0.6350799325450489}, "datetime": {"datetime": "2024-06-13 19:33:56", "elapsed": 6.817937, "delta": 0.00399}}
{"target": -551.0548805460851, "params": {"gamma": 6.809124390706244, "lr": 0.8452486465038237}, "datetime": {"datetime": "2024-06-13 19:33:56", "elapsed": 6.822924, "delta": 0.004987}}
{"target": -162.39208268384178, "params": {"gamma": 1.8342857207824639, "lr": 0.7604297643064385}, "datetime": {"datetime": "2024-06-13 19:33:56", "elapsed": 6.826913, "delta": 0.003989}}
{"target": -550.9510785257202, "params": {"gamma": 7.119682083391317, "lr": 0.5575439140774725}, "datetime": {"datetime": "2024-06-13 19:33:56", "elapsed": 6.831907, "delta": 0.004994}}
{"target": -1271.1706493053487, "params": {"gamma": 6.50197970017053, "lr": 0.0899951030326972}, "datetime": {"datetime": "2024-06-13 19:33:56", "elapsed": 6.835891, "delta": 0.003984}}
{"target": -140.74640798504547, "params": {"gamma": 1.4696112814099909, "lr": 0.41557172071663584}, "datetime": {"datetime": "2024-06-13 19:33:56", "elapsed": 6.841448, "delta": 0.005557}}
{"target": -945.9671084174836, "params": {"gamma": 7.1139955123219485, "lr": 0.16782116362359434}, "datetime": {"datetime": "2024-06-13 19:33:56", "elapsed": 6.845942, "delta": 0.004494}}
{"target": -299.50433536860197, "params": {"gamma": 3.8904024131038595, "lr": 0.49794595388742613}, "datetime": {"datetime": "2024-06-13 19:33:56", "elapsed": 6.849931, "delta": 0.003989}}
{"target": -1823.7101530873972, "params": {"gamma": 9.350522223405173, "lr": 0.055196248654505564}, "datetime": {"datetime": "2024-06-13 19:33:56", "elapsed": 6.853925, "delta": 0.003994}}
{"target": -708.1791138215945, "params": {"gamma": 8.290245901995016, "lr": 0.9841598458987846}, "datetime": {"datetime": "2024-06-13 19:33:56", "elapsed": 6.85891, "delta": 0.004985}}
{"target": -228.86052383900167, "params": {"gamma": 2.6734588625853686, "lr": 0.8900573037740913}, "datetime": {"datetime": "2024-06-13 19:33:56", "elapsed": 6.863898, "delta": 0.004988}}
{"target": -245.1614528261062, "params": {"gamma": 2.9037110876153163, "lr": 0.7990074981966317}, "datetime": {"datetime": "2024-06-13 19:33:56", "elapsed": 6.867888, "delta": 0.00399}}
{"target": -366.74827813590286, "params": {"gamma": 4.599113822624364, "lr": 0.59760864887687}, "datetime": {"datetime": "2024-06-13 19:33:56", "elapsed": 6.872875, "delta": 0.004987}}
{"target": -200.82955351933956, "params": {"gamma": 2.367437100274259, "lr": 0.687614962160815}, "datetime": {"datetime": "2024-06-13 19:33:56", "elapsed": 6.876864, "delta": 0.003989}}
{"target": -136.50922015684517, "params": {"gamma": 1.4876999762661907, "lr": 0.5596864990017729}, "datetime": {"datetime": "2024-06-13 19:33:56", "elapsed": 6.880853, "delta": 0.003989}}
{"target": -401.3130331321185, "params": {"gamma": 4.943794976509587, "lr": 0.8372059959494197}, "datetime": {"datetime": "2024-06-13 19:33:56", "elapsed": 6.88587, "delta": 0.005017}}
{"target": -399.597224455499, "params": {"gamma": 4.815203685221957, "lr": 0.7847309599867293}, "datetime": {"datetime": "2024-06-13 19:33:56", "elapsed": 6.890391, "delta": 0.004521}}
{"target": -372.67736378138267, "params": {"gamma": 4.003542773051022, "lr": 0.3079059334309052}, "datetime": {"datetime": "2024-06-13 19:33:56", "elapsed": 6.89481, "delta": 0.004419}}
{"target": -594.8685662954535, "params": {"gamma": 7.872484136639694, "lr": 0.4184642639114249}, "datetime": {"datetime": "2024-06-13 19:33:56", "elapsed": 6.899797, "delta": 0.004987}}
{"target": -395.17401702330994, "params": {"gamma": 4.968163846072137, "lr": 0.577322531324329}, "datetime": {"datetime": "2024-06-13 19:33:56", "elapsed": 6.903788, "delta": 0.003991}}
{"target": -644.9895160465262, "params": {"gamma": 8.196837713155396, "lr": 0.5813199746267194}, "datetime": {"datetime": "2024-06-13 19:33:56", "elapsed": 6.908774, "delta": 0.004986}}
{"target": -581.5863548023441, "params": {"gamma": 4.062022883905419, "lr": 0.16058682850924277}, "datetime": {"datetime": "2024-06-13 19:33:56", "elapsed": 6.912764, "delta": 0.00399}}
{"target": -586.3409892391356, "params": {"gamma": 7.021410937836175, "lr": 0.8832328216518347}, "datetime": {"datetime": "2024-06-13 19:33:56", "elapsed": 6.917779, "delta": 0.005015}}
{"target": -114.97993868593572, "params": {"gamma": 1.0846805001536175, "lr": 0.46621397581308155}, "datetime": {"datetime": "2024-06-13 19:33:56", "elapsed": 6.922738, "delta": 0.004959}}
{"target": -719.9974329446969, "params": {"gamma": 9.34542051628517, "lr": 0.5635091674751708}, "datetime": {"datetime": "2024-06-13 19:33:56", "elapsed": 6.926727, "delta": 0.003989}}
{"target": -1067.8195127399504, "params": {"gamma": 5.452989887556196, "lr": 0.06347554987814286}, "datetime": {"datetime": "2024-06-13 19:33:56", "elapsed": 6.931723, "delta": 0.004996}}
{"target": -446.27230317845067, "params": {"gamma": 5.353466496108746, "lr": 0.654541303819938}, "datetime": {"datetime": "2024-06-13 19:33:56", "elapsed": 6.936703, "delta": 0.00498}}
{"target": -139.3633956166918, "params": {"gamma": 1.466771864485812, "lr": 0.9563647276468465}, "datetime": {"datetime": "2024-06-13 19:33:56", "elapsed": 6.940692, "delta": 0.003989}}
{"target": -170.48990433337704, "params": {"gamma": 1.962311768641484, "lr": 0.673925993557942}, "datetime": {"datetime": "2024-06-13 19:33:56", "elapsed": 6.945681, "delta": 0.004989}}
{"target": -545.5354489321918, "params": {"gamma": 2.744137192928587, "lr": 0.10843083383187457}, "datetime": {"datetime": "2024-06-13 19:33:56", "elapsed": 6.949671, "delta": 0.00399}}
{"target": -227.2245888994771, "params": {"gamma": 2.6097471361451294, "lr": 0.33415183351807476}, "datetime": {"datetime": "2024-06-13 19:33:56", "elapsed": 6.954658, "delta": 0.004987}}
{"target": -750.431088232714, "params": {"gamma": 4.647854040432997, "lr": 0.2343564434014873}, "datetime": {"datetime": "2024-06-13 19:33:56", "elapsed": 6.959644, "delta": 0.004986}}
{"target": -589.2367249157453, "params": {"gamma": 7.27531136269942, "lr": 0.807191102024009}, "datetime": {"datetime": "2024-06-13 19:33:56", "elapsed": 6.963633, "delta": 0.003989}}
