{"target": -783.7258177561271, "params": {"gamma": 4.170803025021038, "lr": 0.7203244934421581}, "datetime": {"datetime": "2024-06-13 20:37:10", "elapsed": 0.0, "delta": 0.0}}
{"target": -150.89598828708804, "params": {"gamma": 0.002143633798631522, "lr": 0.30233257263183977}, "datetime": {"datetime": "2024-06-13 20:37:10", "elapsed": 0.00399, "delta": 0.00399}}
{"target": -382.8356399200714, "params": {"gamma": 1.4684121522803133, "lr": 0.0923385947687978}, "datetime": {"datetime": "2024-06-13 20:37:10", "elapsed": 0.006982, "delta": 0.002992}}
{"target": -339.99813205517864, "params": {"gamma": 1.8634158535653313, "lr": 0.34556072704304774}, "datetime": {"datetime": "2024-06-13 20:37:10", "elapsed": 0.010971, "delta": 0.003989}}
{"target": -676.3118257543892, "params": {"gamma": 3.968277974832469, "lr": 0.538816734003357}, "datetime": {"datetime": "2024-06-13 20:37:10", "elapsed": 0.013963, "delta": 0.002992}}
{"target": -777.7360733885287, "params": {"gamma": 4.192525949518545, "lr": 0.6852195003967595}, "datetime": {"datetime": "2024-06-13 20:37:10", "elapsed": 0.017952, "delta": 0.003989}}
{"target": -422.0423460844599, "params": {"gamma": 2.045318045065443, "lr": 0.8781174363909454}, "datetime": {"datetime": "2024-06-13 20:37:10", "elapsed": 0.020944, "delta": 0.002992}}
{"target": -143.2060248429917, "params": {"gamma": 0.2748485443860637, "lr": 0.6704675101784022}, "datetime": {"datetime": "2024-06-13 20:37:10", "elapsed": 0.024933, "delta": 0.003989}}
{"target": -709.018303659212, "params": {"gamma": 4.173630718868903, "lr": 0.5586898284457517}, "datetime": {"datetime": "2024-06-13 20:37:10", "elapsed": 0.027925, "delta": 0.002992}}
{"target": -346.0584327590614, "params": {"gamma": 1.4047289990137424, "lr": 0.1981014890848788}, "datetime": {"datetime": "2024-06-13 20:37:10", "elapsed": 0.030918, "delta": 0.002993}}
{"target": -1599.56845792909, "params": {"gamma": 8.00764494218669, "lr": 0.9682615757193975}, "datetime": {"datetime": "2024-06-13 20:37:10", "elapsed": 0.034907, "delta": 0.003989}}
{"target": -587.0166031631843, "params": {"gamma": 3.1349283574142692, "lr": 0.6923226156693141}, "datetime": {"datetime": "2024-06-13 20:37:10", "elapsed": 0.037899, "delta": 0.002992}}
{"target": -1749.2673290269577, "params": {"gamma": 8.764015133808087, "lr": 0.8946066635038473}, "datetime": {"datetime": "2024-06-13 20:37:10", "elapsed": 0.041889, "delta": 0.00399}}
{"target": -242.30134191787906, "params": {"gamma": 0.8513570694864094, "lr": 0.03905478323288236}, "datetime": {"datetime": "2024-06-13 20:37:10", "elapsed": 0.04488, "delta": 0.002991}}
{"target": -357.67601798490466, "params": {"gamma": 1.6991343652261244, "lr": 0.8781425034294131}, "datetime": {"datetime": "2024-06-13 20:37:10", "elapsed": 0.047873, "delta": 0.002993}}
{"target": -196.63789372090162, "params": {"gamma": 0.9843699914966679, "lr": 0.42110762500505217}, "datetime": {"datetime": "2024-06-13 20:37:10", "elapsed": 0.051862, "delta": 0.003989}}
{"target": -1606.758067045896, "params": {"gamma": 9.578937411974868, "lr": 0.5331652849730171}, "datetime": {"datetime": "2024-06-13 20:37:10", "elapsed": 0.055851, "delta": 0.003989}}
{"target": -1253.161124807804, "params": {"gamma": 6.919079262390784, "lr": 0.31551563100606295}, "datetime": {"datetime": "2024-06-13 20:37:10", "elapsed": 0.058843, "delta": 0.002992}}
{"target": -1325.5238603485495, "params": {"gamma": 6.865322775888155, "lr": 0.8346256718973729}, "datetime": {"datetime": "2024-06-13 20:37:10", "elapsed": 0.061835, "delta": 0.002992}}
{"target": -142.42481509722595, "params": {"gamma": 0.18386448516457388, "lr": 0.7501443149449675}, "datetime": {"datetime": "2024-06-13 20:37:10", "elapsed": 0.065824, "delta": 0.003989}}
{"target": -1829.86974265715, "params": {"gamma": 9.88862202797604, "lr": 0.7481656543798394}, "datetime": {"datetime": "2024-06-13 20:37:10", "elapsed": 0.068817, "delta": 0.002993}}
{"target": -548.1003756431892, "params": {"gamma": 2.8051594766519874, "lr": 0.7892793284514885}, "datetime": {"datetime": "2024-06-13 20:37:10", "elapsed": 0.071809, "delta": 0.002992}}
{"target": -202.4359828583359, "params": {"gamma": 1.0331568397698425, "lr": 0.44789352617590517}, "datetime": {"datetime": "2024-06-13 20:37:10", "elapsed": 0.075798, "delta": 0.003989}}
{"target": -1695.4986909167992, "params": {"gamma": 9.086046435427862, "lr": 0.2936141483736795}, "datetime": {"datetime": "2024-06-13 20:37:10", "elapsed": 0.07879, "delta": 0.002992}}
{"target": -680.7069693660798, "params": {"gamma": 2.878465610524901, "lr": 0.13002857211827767}, "datetime": {"datetime": "2024-06-13 20:37:10", "elapsed": 0.082779, "delta": 0.003989}}
{"target": -142.08888069393166, "params": {"gamma": 0.19465021174510047, "lr": 0.678835532939891}, "datetime": {"datetime": "2024-06-13 20:37:10", "elapsed": 0.085771, "delta": 0.002992}}
{"target": -436.2859835192375, "params": {"gamma": 2.1170695318845905, "lr": 0.2655466593722262}, "datetime": {"datetime": "2024-06-13 20:37:10", "elapsed": 0.089761, "delta": 0.00399}}
{"target": -1227.0014162985383, "params": {"gamma": 4.916240019644103, "lr": 0.053362545117080384}, "datetime": {"datetime": "2024-06-13 20:37:10", "elapsed": 0.092753, "delta": 0.002992}}
{"target": -1366.2080933741374, "params": {"gamma": 5.741601937314639, "lr": 0.14672857490581015}, "datetime": {"datetime": "2024-06-13 20:37:11", "elapsed": 0.095744, "delta": 0.002991}}
{"target": -1085.8493670403445, "params": {"gamma": 5.89346606349594, "lr": 0.6997583600209312}, "datetime": {"datetime": "2024-06-13 20:37:11", "elapsed": 0.099734, "delta": 0.00399}}
{"target": -201.7021193038848, "params": {"gamma": 1.0242419538494305, "lr": 0.4140559878195683}, "datetime": {"datetime": "2024-06-13 20:37:11", "elapsed": 0.103723, "delta": 0.003989}}
{"target": -1145.201994071458, "params": {"gamma": 6.9443071771197245, "lr": 0.41417926952690265}, "datetime": {"datetime": "2024-06-13 20:37:11", "elapsed": 0.106715, "delta": 0.002992}}
{"target": -151.34486162634832, "params": {"gamma": 0.5004846360019255, "lr": 0.5358964059155116}, "datetime": {"datetime": "2024-06-13 20:37:11", "elapsed": 0.109707, "delta": 0.002992}}
{"target": -1118.7067075382593, "params": {"gamma": 6.638282657552669, "lr": 0.5148891120583086}, "datetime": {"datetime": "2024-06-13 20:37:11", "elapsed": 0.113697, "delta": 0.00399}}
{"target": -1619.0641788452683, "params": {"gamma": 9.446002965152143, "lr": 0.5865550405019929}, "datetime": {"datetime": "2024-06-13 20:37:11", "elapsed": 0.116689, "delta": 0.002992}}
{"target": -2107.0089067644753, "params": {"gamma": 9.034115750963547, "lr": 0.13747470414623753}, "datetime": {"datetime": "2024-06-13 20:37:11", "elapsed": 0.120678, "delta": 0.003989}}
{"target": -292.4242291813493, "params": {"gamma": 1.3936241961603346, "lr": 0.8073912887095238}, "datetime": {"datetime": "2024-06-13 20:37:11", "elapsed": 0.12367, "delta": 0.002992}}
{"target": -950.337162131807, "params": {"gamma": 3.9773706930183503, "lr": 0.16535419711693278}, "datetime": {"datetime": "2024-06-13 20:37:11", "elapsed": 0.126662, "delta": 0.002992}}
{"target": -1600.6116290880775, "params": {"gamma": 9.275158295379942, "lr": 0.34776585974550656}, "datetime": {"datetime": "2024-06-13 20:37:11", "elapsed": 0.130651, "delta": 0.003989}}
{"target": -1396.902271073003, "params": {"gamma": 7.50837021925842, "lr": 0.7259979853504515}, "datetime": {"datetime": "2024-06-13 20:37:11", "elapsed": 0.133643, "delta": 0.002992}}
{"target": -1545.8279734851474, "params": {"gamma": 8.833177605966892, "lr": 0.6236722070556089}, "datetime": {"datetime": "2024-06-13 20:37:11", "elapsed": 0.137633, "delta": 0.00399}}
{"target": -1298.7305411877808, "params": {"gamma": 7.509673397839345, "lr": 0.34889834197784253}, "datetime": {"datetime": "2024-06-13 20:37:11", "elapsed": 0.140624, "delta": 0.002991}}
{"target": -553.2233862821864, "params": {"gamma": 2.7000089897584956, "lr": 0.8958862181960668}, "datetime": {"datetime": "2024-06-13 20:37:11", "elapsed": 0.144614, "delta": 0.00399}}
{"target": -863.175756508198, "params": {"gamma": 4.281483807523078, "lr": 0.9648400471483856}, "datetime": {"datetime": "2024-06-13 20:37:11", "elapsed": 0.147607, "delta": 0.002993}}
{"target": -1164.6367668519338, "params": {"gamma": 6.634751536686663, "lr": 0.6216957202091218}, "datetime": {"datetime": "2024-06-13 20:37:11", "elapsed": 0.151595, "delta": 0.003988}}
{"target": -261.8591894118563, "params": {"gamma": 1.1483449835607984, "lr": 0.9494892587070712}, "datetime": {"datetime": "2024-06-13 20:37:11", "elapsed": 0.154587, "delta": 0.002992}}
{"target": -779.3577166525716, "params": {"gamma": 4.499671422665926, "lr": 0.5783896143871318}, "datetime": {"datetime": "2024-06-13 20:37:11", "elapsed": 0.158576, "delta": 0.003989}}
{"target": -965.8551935852757, "params": {"gamma": 4.081959890810051, "lr": 0.2370269802430277}, "datetime": {"datetime": "2024-06-13 20:37:11", "elapsed": 0.161569, "delta": 0.002993}}
{"target": -1549.0229711602046, "params": {"gamma": 9.033891826101975, "lr": 0.5736794866722859}, "datetime": {"datetime": "2024-06-13 20:37:11", "elapsed": 0.164561, "delta": 0.002992}}
{"target": -148.5421544207474, "params": {"gamma": 0.029700399984558545, "lr": 0.6171449136207239}, "datetime": {"datetime": "2024-06-13 20:37:11", "elapsed": 0.16855, "delta": 0.003989}}
{"target": -560.7620285861923, "params": {"gamma": 3.2671223728191894, "lr": 0.5270581022576093}, "datetime": {"datetime": "2024-06-13 20:37:11", "elapsed": 0.171542, "delta": 0.002992}}
{"target": -1529.5418431180708, "params": {"gamma": 8.859535051008434, "lr": 0.35726976000249977}, "datetime": {"datetime": "2024-06-13 20:37:11", "elapsed": 0.175531, "delta": 0.003989}}
{"target": -1589.5833935489018, "params": {"gamma": 9.085442974047073, "lr": 0.6233601157918027}, "datetime": {"datetime": "2024-06-13 20:37:11", "elapsed": 0.178523, "delta": 0.002992}}
{"target": -142.98050994652937, "params": {"gamma": 0.15919660722271628, "lr": 0.9294372337437613}, "datetime": {"datetime": "2024-06-13 20:37:11", "elapsed": 0.181515, "delta": 0.002992}}
{"target": -1382.2441945105966, "params": {"gamma": 6.9092782782517235, "lr": 0.9973228504514805}, "datetime": {"datetime": "2024-06-13 20:37:11", "elapsed": 0.185505, "delta": 0.00399}}
{"target": -417.5666103133907, "params": {"gamma": 1.7242327429449402, "lr": 0.13713574962887776}, "datetime": {"datetime": "2024-06-13 20:37:11", "elapsed": 0.188497, "delta": 0.002992}}
{"target": -1708.6464214415994, "params": {"gamma": 9.326022034908599, "lr": 0.6968181614899002}, "datetime": {"datetime": "2024-06-13 20:37:11", "elapsed": 0.192486, "delta": 0.003989}}
{"target": -178.29761100395373, "params": {"gamma": 0.6609357270479028, "lr": 0.7554630526024664}, "datetime": {"datetime": "2024-06-13 20:37:11", "elapsed": 0.195478, "delta": 0.002992}}
{"target": -1506.83213468593, "params": {"gamma": 7.539008008424004, "lr": 0.9230245355464833}, "datetime": {"datetime": "2024-06-13 20:37:11", "elapsed": 0.199467, "delta": 0.003989}}
{"target": -1742.4543231308944, "params": {"gamma": 7.11553606152609, "lr": 0.1242709619721647}, "datetime": {"datetime": "2024-06-13 20:37:11", "elapsed": 0.202459, "delta": 0.002992}}
{"target": -141.98899645119437, "params": {"gamma": 0.1997814582641161, "lr": 0.026210986877719278}, "datetime": {"datetime": "2024-06-13 20:37:11", "elapsed": 0.205451, "delta": 0.002992}}
{"target": -143.57041995327987, "params": {"gamma": 0.2840365737199253, "lr": 0.2462110676030459}, "datetime": {"datetime": "2024-06-13 20:37:11", "elapsed": 0.209441, "delta": 0.00399}}
{"target": -1444.3384016305067, "params": {"gamma": 8.600419458880197, "lr": 0.5388310643416528}, "datetime": {"datetime": "2024-06-13 20:37:11", "elapsed": 0.212433, "delta": 0.002992}}
{"target": -1070.643002785037, "params": {"gamma": 5.5286669648789735, "lr": 0.8420308923596057}, "datetime": {"datetime": "2024-06-13 20:37:11", "elapsed": 0.216422, "delta": 0.003989}}
{"target": -271.3231281507077, "params": {"gamma": 1.2426089778839915, "lr": 0.2791836790111395}, "datetime": {"datetime": "2024-06-13 20:37:11", "elapsed": 0.219414, "delta": 0.002992}}
{"target": -1174.3639535970774, "params": {"gamma": 5.858006955311422, "lr": 0.9695957483196745}, "datetime": {"datetime": "2024-06-13 20:37:11", "elapsed": 0.223403, "delta": 0.003989}}
{"target": -1398.4360586298808, "params": {"gamma": 5.6107411623378445, "lr": 0.01864728937294302}, "datetime": {"datetime": "2024-06-13 20:37:11", "elapsed": 0.226214, "delta": 0.002811}}
{"target": -1887.7786504835265, "params": {"gamma": 8.006526094133482, "lr": 0.23297427384102043}, "datetime": {"datetime": "2024-06-13 20:37:11", "elapsed": 0.230201, "delta": 0.003987}}
{"target": -1358.4474831099453, "params": {"gamma": 8.071244850992173, "lr": 0.38786064406417176}, "datetime": {"datetime": "2024-06-13 20:37:11", "elapsed": 0.233194, "delta": 0.002993}}
{"target": -1599.985026174098, "params": {"gamma": 8.635555003739727, "lr": 0.7471216427371846}, "datetime": {"datetime": "2024-06-13 20:37:11", "elapsed": 0.237182, "delta": 0.003988}}
{"target": -1301.7899004294236, "params": {"gamma": 5.562846099670199, "lr": 0.13645522566068502}, "datetime": {"datetime": "2024-06-13 20:37:11", "elapsed": 0.240174, "delta": 0.002992}}
{"target": -187.65850679695055, "params": {"gamma": 0.6001169774326044, "lr": 0.12134345574073735}, "datetime": {"datetime": "2024-06-13 20:37:11", "elapsed": 0.243166, "delta": 0.002992}}
{"target": -164.25413604126362, "params": {"gamma": 0.4464742335690725, "lr": 0.1074941291060929}, "datetime": {"datetime": "2024-06-13 20:37:11", "elapsed": 0.247156, "delta": 0.00399}}
{"target": -430.58850366833695, "params": {"gamma": 2.2578676767399393, "lr": 0.7129889803826767}, "datetime": {"datetime": "2024-06-13 20:37:11", "elapsed": 0.250148, "delta": 0.002992}}
{"target": -1395.194096080175, "params": {"gamma": 5.597610103559371, "lr": 0.012555980159115854}, "datetime": {"datetime": "2024-06-13 20:37:11", "elapsed": 0.254137, "delta": 0.003989}}
{"target": -192.81128287015073, "params": {"gamma": 0.7206708226151783, "lr": 0.967276330000272}, "datetime": {"datetime": "2024-06-13 20:37:11", "elapsed": 0.257129, "delta": 0.002992}}
{"target": -1349.9674097641794, "params": {"gamma": 5.6814365187375016, "lr": 0.20329323466099047}, "datetime": {"datetime": "2024-06-13 20:37:11", "elapsed": 0.261118, "delta": 0.003989}}
{"target": -483.1802535223288, "params": {"gamma": 2.5240051199586637, "lr": 0.7438258540750929}, "datetime": {"datetime": "2024-06-13 20:37:11", "elapsed": 0.264111, "delta": 0.002993}}
{"target": -354.56962923606784, "params": {"gamma": 1.9550993816120785, "lr": 0.5813589272732578}, "datetime": {"datetime": "2024-06-13 20:37:11", "elapsed": 0.267102, "delta": 0.002991}}
{"target": -1866.6946394524844, "params": {"gamma": 9.700229870894034, "lr": 0.8468288014900353}, "datetime": {"datetime": "2024-06-13 20:37:11", "elapsed": 0.271092, "delta": 0.00399}}
{"target": -404.51458830843364, "params": {"gamma": 2.399237743716714, "lr": 0.49376971426872995}, "datetime": {"datetime": "2024-06-13 20:37:11", "elapsed": 0.274084, "delta": 0.002992}}
{"target": -1183.5668866003657, "params": {"gamma": 6.199937228095417, "lr": 0.8289808995501787}, "datetime": {"datetime": "2024-06-13 20:37:11", "elapsed": 0.278073, "delta": 0.003989}}
{"target": -407.1582210709777, "params": {"gamma": 1.5687571550661965, "lr": 0.018576202177409518}, "datetime": {"datetime": "2024-06-13 20:37:11", "elapsed": 0.281065, "delta": 0.002992}}
{"target": -164.53059208772686, "params": {"gamma": 0.7011514150485041, "lr": 0.4863451109370318}, "datetime": {"datetime": "2024-06-13 20:37:11", "elapsed": 0.285055, "delta": 0.00399}}
{"target": -1022.0501809784248, "params": {"gamma": 6.063688287071651, "lr": 0.5688514370864813}, "datetime": {"datetime": "2024-06-13 20:37:11", "elapsed": 0.288047, "delta": 0.002992}}
{"target": -645.709736382974, "params": {"gamma": 3.1743067308122854, "lr": 0.9886161544124489}, "datetime": {"datetime": "2024-06-13 20:37:11", "elapsed": 0.292036, "delta": 0.003989}}
{"target": -980.0692291443535, "params": {"gamma": 5.797872447238724, "lr": 0.3801411726235504}, "datetime": {"datetime": "2024-06-13 20:37:11", "elapsed": 0.295028, "delta": 0.002992}}
{"target": -1026.941465843104, "params": {"gamma": 5.509931242959851, "lr": 0.7453344309065021}, "datetime": {"datetime": "2024-06-13 20:37:11", "elapsed": 0.299017, "delta": 0.003989}}
{"target": -1336.387551963114, "params": {"gamma": 6.6926597016383935, "lr": 0.2649195576628094}, "datetime": {"datetime": "2024-06-13 20:37:11", "elapsed": 0.302009, "delta": 0.002992}}
{"target": -165.6168792385854, "params": {"gamma": 0.6642820094499873, "lr": 0.3700841979141063}, "datetime": {"datetime": "2024-06-13 20:37:11", "elapsed": 0.305999, "delta": 0.00399}}
{"target": -1495.6450427704822, "params": {"gamma": 6.297545352708624, "lr": 0.2101740099148396}, "datetime": {"datetime": "2024-06-13 20:37:11", "elapsed": 0.30899, "delta": 0.002991}}
{"target": -1871.8595413754333, "params": {"gamma": 7.5278027818344, "lr": 0.06653648135411494}, "datetime": {"datetime": "2024-06-13 20:37:11", "elapsed": 0.31298, "delta": 0.00399}}
{"target": -509.4962598571115, "params": {"gamma": 2.603890670686831, "lr": 0.8047545637433454}, "datetime": {"datetime": "2024-06-13 20:37:11", "elapsed": 0.315972, "delta": 0.002992}}
{"target": -357.5393566249039, "params": {"gamma": 1.935149391950654, "lr": 0.6394608808799401}, "datetime": {"datetime": "2024-06-13 20:37:11", "elapsed": 0.319961, "delta": 0.003989}}
{"target": -1053.6801687835748, "params": {"gamma": 5.247178420928214, "lr": 0.9248079703993507}, "datetime": {"datetime": "2024-06-13 20:37:11", "elapsed": 0.322953, "delta": 0.002992}}
{"target": -665.1933155449275, "params": {"gamma": 2.633704408100623, "lr": 0.06596109068402378}, "datetime": {"datetime": "2024-06-13 20:37:11", "elapsed": 0.325945, "delta": 0.002992}}
{"target": -1407.3706356431899, "params": {"gamma": 7.350924566923407, "lr": 0.7721780295432468}, "datetime": {"datetime": "2024-06-13 20:37:11", "elapsed": 0.329934, "delta": 0.003989}}
{"target": -1811.4666138908012, "params": {"gamma": 9.078250709182736, "lr": 0.9319720691968373}, "datetime": {"datetime": "2024-06-13 20:37:11", "elapsed": 0.332926, "delta": 0.002992}}
{"target": -140.90032214725923, "params": {"gamma": 0.14050177818299456, "lr": 0.2343620861214205}, "datetime": {"datetime": "2024-06-13 20:37:11", "elapsed": 0.336916, "delta": 0.00399}}
{"target": -1235.6770341804738, "params": {"gamma": 6.1681667916595755, "lr": 0.9490163206876164}, "datetime": {"datetime": "2024-06-13 20:37:11", "elapsed": 0.339908, "delta": 0.002992}}
{"target": -1592.5784585567337, "params": {"gamma": 9.50181101635155, "lr": 0.5566531881951564}, "datetime": {"datetime": "2024-06-13 20:37:11", "elapsed": 0.343897, "delta": 0.003989}}
{"target": -1601.1544180718583, "params": {"gamma": 9.15614789131298, "lr": 0.6415662089463375}, "datetime": {"datetime": "2024-06-13 20:37:11", "elapsed": 0.346889, "delta": 0.002992}}
{"target": -644.6767307351181, "params": {"gamma": 3.9006871336983213, "lr": 0.48599066709690975}, "datetime": {"datetime": "2024-06-13 20:37:11", "elapsed": 0.350878, "delta": 0.003989}}
{"target": -1018.7022083421656, "params": {"gamma": 6.043500518716813, "lr": 0.5495479215085626}, "datetime": {"datetime": "2024-06-13 20:37:11", "elapsed": 0.353871, "delta": 0.002993}}
{"target": -1847.8169047250306, "params": {"gamma": 9.26188808563783, "lr": 0.9187334356336061}, "datetime": {"datetime": "2024-06-13 20:37:11", "elapsed": 0.35786, "delta": 0.003989}}
{"target": -797.793245885963, "params": {"gamma": 3.9493612536226252, "lr": 0.9632625284407118}, "datetime": {"datetime": "2024-06-13 20:37:11", "elapsed": 0.360852, "delta": 0.002992}}
{"target": -421.19025938979786, "params": {"gamma": 1.740382711137963, "lr": 0.12632951943963733}, "datetime": {"datetime": "2024-06-13 20:37:11", "elapsed": 0.363844, "delta": 0.002992}}
{"target": -255.06850884910781, "params": {"gamma": 1.3516565013092665, "lr": 0.5056621656768967}, "datetime": {"datetime": "2024-06-13 20:37:11", "elapsed": 0.367833, "delta": 0.003989}}
{"target": -143.4488082541892, "params": {"gamma": 0.2162265279367056, "lr": 0.947970211217681}, "datetime": {"datetime": "2024-06-13 20:37:11", "elapsed": 0.370825, "delta": 0.002992}}
{"target": -2055.501983352609, "params": {"gamma": 8.271327596236153, "lr": 0.015018980742122379}, "datetime": {"datetime": "2024-06-13 20:37:11", "elapsed": 0.374814, "delta": 0.003989}}
{"target": -337.1621539890841, "params": {"gamma": 1.7627863594949775, "lr": 0.332063574366837}, "datetime": {"datetime": "2024-06-13 20:37:11", "elapsed": 0.377806, "delta": 0.002992}}
{"target": -278.40725771776835, "params": {"gamma": 1.310837451264358, "lr": 0.8094906921265821}, "datetime": {"datetime": "2024-06-13 20:37:11", "elapsed": 0.381796, "delta": 0.00399}}
{"target": -699.317051528752, "params": {"gamma": 3.4480217901802512, "lr": 0.9401074823333672}, "datetime": {"datetime": "2024-06-13 20:37:11", "elapsed": 0.384788, "delta": 0.002992}}
{"target": -1151.8343669021224, "params": {"gamma": 5.820559785290854, "lr": 0.8788319844118441}, "datetime": {"datetime": "2024-06-13 20:37:11", "elapsed": 0.388777, "delta": 0.003989}}
{"target": -1686.6203471162573, "params": {"gamma": 8.447499719476827, "lr": 0.9053923187086492}, "datetime": {"datetime": "2024-06-13 20:37:11", "elapsed": 0.391769, "delta": 0.002992}}
{"target": -779.4121032630817, "params": {"gamma": 4.599342777902254, "lr": 0.5463468160203733}, "datetime": {"datetime": "2024-06-13 20:37:11", "elapsed": 0.395758, "delta": 0.003989}}
{"target": -1492.0550906497408, "params": {"gamma": 7.986237307929242, "lr": 0.28571885173414757}, "datetime": {"datetime": "2024-06-13 20:37:11", "elapsed": 0.398751, "delta": 0.002993}}
