{"target": -153.86861183651186, "params": {"gamma": 0.46548205758633604, "prior": 4.691938262951814, "rate": 6.54336650017196}, "datetime": {"datetime": "2024-06-14 12:31:21", "elapsed": 13.29364, "delta": 0.00898}}
{"target": -217.60087922743267, "params": {"gamma": 2.1262506191650012, "prior": 4.059501088269441, "rate": 4.976881207213625}, "datetime": {"datetime": "2024-06-14 12:31:21", "elapsed": 13.303615, "delta": 0.009975}}
{"target": -722.2231816837458, "params": {"gamma": 9.549084662565308, "prior": 8.786706772952215, "rate": 8.740622431637016}, "datetime": {"datetime": "2024-06-14 12:31:21", "elapsed": 13.314587, "delta": 0.010972}}
{"target": -686.1587329479362, "params": {"gamma": 9.966008787860254, "prior": 7.7571875030905035, "rate": 2.031395720720704}, "datetime": {"datetime": "2024-06-14 12:31:21", "elapsed": 13.324562, "delta": 0.009975}}
{"target": -704.1704963898001, "params": {"gamma": 8.399033519310658, "prior": 1.7458576605066427, "rate": 8.890981709818412}, "datetime": {"datetime": "2024-06-14 12:31:21", "elapsed": 13.335536, "delta": 0.010974}}
{"target": -302.22456146326584, "params": {"gamma": 3.3864593795504314, "prior": 2.950652172676902, "rate": 6.06262377611874}, "datetime": {"datetime": "2024-06-14 12:31:21", "elapsed": 13.345511, "delta": 0.009975}}
{"target": -156.76780250657484, "params": {"gamma": 0.6070548531937172, "prior": 9.080172928574301, "rate": 3.8113259129552914}, "datetime": {"datetime": "2024-06-14 12:31:21", "elapsed": 13.355627, "delta": 0.010116}}
{"target": -602.0904060063466, "params": {"gamma": 7.900041725850161, "prior": 7.134419608014303, "rate": 7.0417771519431795}, "datetime": {"datetime": "2024-06-14 12:31:21", "elapsed": 13.364636, "delta": 0.009009}}
{"target": -427.60902984660447, "params": {"gamma": 5.326729042736205, "prior": 4.720087553406988, "rate": 6.454333923418758}, "datetime": {"datetime": "2024-06-14 12:31:21", "elapsed": 13.375607, "delta": 0.010971}}
{"target": -570.4332579077645, "params": {"gamma": 6.916080494254339, "prior": 2.434600133254994, "rate": 7.538328274742676}, "datetime": {"datetime": "2024-06-14 12:31:21", "elapsed": 13.385582, "delta": 0.009975}}
{"target": -703.9807055142792, "params": {"gamma": 9.366235064689338, "prior": 8.169466711621713, "rate": 7.306366078682459}, "datetime": {"datetime": "2024-06-14 12:31:21", "elapsed": 13.395557, "delta": 0.009975}}
{"target": -714.6953136230575, "params": {"gamma": 8.217287677383837, "prior": 0.1688536836406846, "rate": 1.7490656420010366}, "datetime": {"datetime": "2024-06-14 12:31:21", "elapsed": 13.406526, "delta": 0.010969}}
{"target": -296.3182508610625, "params": {"gamma": 3.4204500359621868, "prior": 7.36182952566306, "rate": 9.783754518567227}, "datetime": {"datetime": "2024-06-14 12:31:21", "elapsed": 13.415502, "delta": 0.008976}}
{"target": -584.7939972436263, "params": {"gamma": 7.329045588922614, "prior": 4.842030034998996, "rate": 9.210597067436987}, "datetime": {"datetime": "2024-06-14 12:31:21", "elapsed": 13.425477, "delta": 0.009975}}
{"target": -300.07939175600535, "params": {"gamma": 3.7776137015044906, "prior": 6.452737261640754, "rate": 0.01604319738412774}, "datetime": {"datetime": "2024-06-14 12:31:21", "elapsed": 13.436447, "delta": 0.01097}}
{"target": -200.9134713797582, "params": {"gamma": 1.794416084834932, "prior": 3.0189038120395777, "rate": 3.8705109944468274}, "datetime": {"datetime": "2024-06-14 12:31:21", "elapsed": 13.44642, "delta": 0.009973}}
{"target": -347.6475512133108, "params": {"gamma": 4.598745249224747, "prior": 7.987515713645756, "rate": 2.7991759941470526}, "datetime": {"datetime": "2024-06-14 12:31:21", "elapsed": 13.456393, "delta": 0.009973}}
{"target": -162.82330392025474, "params": {"gamma": 0.8275331899589359, "prior": 5.261564230524021, "rate": 9.81153872947284}, "datetime": {"datetime": "2024-06-14 12:31:21", "elapsed": 13.467364, "delta": 0.010971}}
{"target": -352.3873245294678, "params": {"gamma": 4.00818395641571, "prior": 2.6461917102343175, "rate": 7.763638646345232}, "datetime": {"datetime": "2024-06-14 12:31:21", "elapsed": 13.477337, "delta": 0.009973}}
{"target": -581.3496711541119, "params": {"gamma": 6.156219784190765, "prior": 0.17472852864200794, "rate": 9.862064844626225}, "datetime": {"datetime": "2024-06-14 12:31:21", "elapsed": 13.48731, "delta": 0.009973}}
{"target": -408.19882792554057, "params": {"gamma": 4.889696405678729, "prior": 3.109816521594326, "rate": 6.651105432765965}, "datetime": {"datetime": "2024-06-14 12:31:21", "elapsed": 13.496316, "delta": 0.009006}}
{"target": -261.42365030304927, "params": {"gamma": 2.8563222513640976, "prior": 4.689084919733314, "rate": 6.518558892191261}, "datetime": {"datetime": "2024-06-14 12:31:21", "elapsed": 13.507836, "delta": 0.01152}}
{"target": -176.25047354287582, "params": {"gamma": 1.2196983897335782, "prior": 4.725508951667924, "rate": 7.35232222858189}, "datetime": {"datetime": "2024-06-14 12:31:21", "elapsed": 13.516812, "delta": 0.008976}}
{"target": -862.7243182923678, "params": {"gamma": 9.605219885684939, "prior": 0.3117559709580553, "rate": 8.324959625901556}, "datetime": {"datetime": "2024-06-14 12:31:22", "elapsed": 13.527782, "delta": 0.01097}}
{"target": -708.6682804113498, "params": {"gamma": 9.391521053346748, "prior": 9.859596421590911, "rate": 9.378378518554022}, "datetime": {"datetime": "2024-06-14 12:31:22", "elapsed": 13.537691, "delta": 0.009909}}
{"target": -175.46736774326135, "params": {"gamma": 1.2933848293668193, "prior": 8.871599920049611, "rate": 1.529468431828893}, "datetime": {"datetime": "2024-06-14 12:31:22", "elapsed": 13.547665, "delta": 0.009974}}
{"target": -298.295058241713, "params": {"gamma": 3.6058030535750842, "prior": 3.6755031909663085, "rate": 2.7985741373137722}, "datetime": {"datetime": "2024-06-14 12:31:22", "elapsed": 13.557638, "delta": 0.009973}}
{"target": -279.01400325454705, "params": {"gamma": 3.548687634297447, "prior": 5.475715491805219, "rate": 0.7860916495607814}, "datetime": {"datetime": "2024-06-14 12:31:22", "elapsed": 13.568608, "delta": 0.01097}}
{"target": -290.91060980482285, "params": {"gamma": 3.7293238414408294, "prior": 5.873866921901378, "rate": 1.3433598503872748}, "datetime": {"datetime": "2024-06-14 12:31:22", "elapsed": 13.578582, "delta": 0.009974}}
{"target": -221.9749044883581, "params": {"gamma": 2.430636464974349, "prior": 3.1965129173207756, "rate": 0.7462639779838585}, "datetime": {"datetime": "2024-06-14 12:31:22", "elapsed": 13.588555, "delta": 0.009973}}
{"target": -632.1016377622601, "params": {"gamma": 8.077100262224654, "prior": 2.7076349809785905, "rate": 4.106599490946104}, "datetime": {"datetime": "2024-06-14 12:31:22", "elapsed": 13.598528, "delta": 0.009973}}
{"target": -316.4150892559393, "params": {"gamma": 4.054723246527664, "prior": 3.1168827992527173, "rate": 1.2782527317471344}, "datetime": {"datetime": "2024-06-14 12:31:22", "elapsed": 13.608502, "delta": 0.009974}}
{"target": -635.7103922130124, "params": {"gamma": 8.935700181344412, "prior": 6.8458089939758615, "rate": 2.669647727792136}, "datetime": {"datetime": "2024-06-14 12:31:22", "elapsed": 13.618475, "delta": 0.009973}}
{"target": -166.3138432773486, "params": {"gamma": 0.9252168378068174, "prior": 1.3226006592467376, "rate": 2.765087577252426}, "datetime": {"datetime": "2024-06-14 12:31:22", "elapsed": 13.628727, "delta": 0.010252}}
{"target": -154.63641570803685, "params": {"gamma": 0.49138574517622646, "prior": 1.536953953174493, "rate": 4.75082044615585}, "datetime": {"datetime": "2024-06-14 12:31:22", "elapsed": 13.638663, "delta": 0.009936}}
{"target": -730.7000054596623, "params": {"gamma": 9.359858045746865, "prior": 4.39728295824498, "rate": 7.091695404396912}, "datetime": {"datetime": "2024-06-14 12:31:22", "elapsed": 13.648637, "delta": 0.009974}}
{"target": -405.5278590180408, "params": {"gamma": 5.703480436122253, "prior": 9.764817437319463, "rate": 1.7829338600348927}, "datetime": {"datetime": "2024-06-14 12:31:22", "elapsed": 13.65861, "delta": 0.009973}}
{"target": -603.0875887805115, "params": {"gamma": 7.391311728201115, "prior": 3.56902627908651, "rate": 9.912129823702113}, "datetime": {"datetime": "2024-06-14 12:31:22", "elapsed": 13.669581, "delta": 0.010971}}
{"target": -295.86353431720033, "params": {"gamma": 3.5287645393308957, "prior": 9.789953507003169, "rate": 8.603854098454429}, "datetime": {"datetime": "2024-06-14 12:31:22", "elapsed": 13.679554, "delta": 0.009973}}
{"target": -512.7332454778569, "params": {"gamma": 5.97776886311117, "prior": 0.3717347713456658, "rate": 1.8561349624416226}, "datetime": {"datetime": "2024-06-14 12:31:22", "elapsed": 13.689527, "delta": 0.009973}}
{"target": -157.59539878940913, "params": {"gamma": 0.5660612431019523, "prior": 7.945371439682299, "rate": 0.7404368885098506}, "datetime": {"datetime": "2024-06-14 12:31:22", "elapsed": 13.700498, "delta": 0.010971}}
{"target": -671.6266964606307, "params": {"gamma": 7.864807897266238, "prior": 0.37672330549397026, "rate": 2.552807324311116}, "datetime": {"datetime": "2024-06-14 12:31:22", "elapsed": 13.710471, "delta": 0.009973}}
{"target": -263.56427069033714, "params": {"gamma": 2.9765362830187123, "prior": 5.689604254646701, "rate": 5.621050378621821}, "datetime": {"datetime": "2024-06-14 12:31:22", "elapsed": 13.720445, "delta": 0.009974}}
{"target": -613.4697327122433, "params": {"gamma": 8.874122245059352, "prior": 6.41003665642897, "rate": 1.615458841587833}, "datetime": {"datetime": "2024-06-14 12:31:22", "elapsed": 13.730418, "delta": 0.009973}}
{"target": -151.67354637549136, "params": {"gamma": 0.27092093445094007, "prior": 7.6436267297477904, "rate": 5.3561524093705035}, "datetime": {"datetime": "2024-06-14 12:31:22", "elapsed": 13.740392, "delta": 0.009974}}
{"target": -461.3177982073706, "params": {"gamma": 5.786712866351162, "prior": 4.199639973876964, "rate": 5.898561065889926}, "datetime": {"datetime": "2024-06-14 12:31:22", "elapsed": 13.750394, "delta": 0.010002}}
{"target": -338.2707929106334, "params": {"gamma": 4.056908149188704, "prior": 4.512354814204365, "rate": 5.927803620451909}, "datetime": {"datetime": "2024-06-14 12:31:22", "elapsed": 13.761335, "delta": 0.010941}}
{"target": -454.11508259396675, "params": {"gamma": 4.923952760842727, "prior": 0.685123570453242, "rate": 9.767920289447702}, "datetime": {"datetime": "2024-06-14 12:31:22", "elapsed": 13.771309, "delta": 0.009974}}
{"target": -664.6579094942574, "params": {"gamma": 8.55152126248045, "prior": 3.8529477154984746, "rate": 5.465701902352132}, "datetime": {"datetime": "2024-06-14 12:31:22", "elapsed": 13.781282, "delta": 0.009973}}
{"target": -744.987111409145, "params": {"gamma": 9.328810392069327, "prior": 4.039856882837672, "rate": 9.447782220977258}, "datetime": {"datetime": "2024-06-14 12:31:22", "elapsed": 13.792252, "delta": 0.01097}}
{"target": -151.78540201821622, "params": {"gamma": 0.3058322755797807, "prior": 7.483415270128151, "rate": 7.9702691040219795}, "datetime": {"datetime": "2024-06-14 12:31:22", "elapsed": 13.802226, "delta": 0.009974}}
{"target": -218.15827977704475, "params": {"gamma": 1.93915729117472, "prior": 1.7123810753953614, "rate": 5.911191778228094}, "datetime": {"datetime": "2024-06-14 12:31:22", "elapsed": 13.812199, "delta": 0.009973}}
{"target": -353.4302162502243, "params": {"gamma": 4.797437426866516, "prior": 5.906771763997412, "rate": 1.3235786977154271}, "datetime": {"datetime": "2024-06-14 12:31:22", "elapsed": 13.822173, "delta": 0.009974}}
{"target": -256.40880939539386, "params": {"gamma": 2.7780929606304388, "prior": 0.789756371223281, "rate": 1.0808592298701158}, "datetime": {"datetime": "2024-06-14 12:31:22", "elapsed": 13.833143, "delta": 0.01097}}
{"target": -638.5123407985246, "params": {"gamma": 7.164060397933428, "prior": 0.3613793596910616, "rate": 5.396963570672858}, "datetime": {"datetime": "2024-06-14 12:31:22", "elapsed": 13.843116, "delta": 0.009973}}
{"target": -258.1106824583303, "params": {"gamma": 2.9873312333774114, "prior": 8.698123271650664, "rate": 5.4508437359806505}, "datetime": {"datetime": "2024-06-14 12:31:22", "elapsed": 13.85309, "delta": 0.009974}}
{"target": -753.3075171404308, "params": {"gamma": 9.975479797714407, "prior": 5.654651317130731, "rate": 5.621416031788874}, "datetime": {"datetime": "2024-06-14 12:31:22", "elapsed": 13.864061, "delta": 0.010971}}
{"target": -295.7788770217367, "params": {"gamma": 3.351731873456963, "prior": 2.598016846624347, "rate": 4.27426940599577}, "datetime": {"datetime": "2024-06-14 12:31:22", "elapsed": 13.874034, "delta": 0.009973}}
{"target": -243.13946629764305, "params": {"gamma": 2.2725263696062235, "prior": 0.8016724751186088, "rate": 4.2510872816074885}, "datetime": {"datetime": "2024-06-14 12:31:22", "elapsed": 13.885004, "delta": 0.01097}}
{"target": -167.82427831113296, "params": {"gamma": 1.0650645144221098, "prior": 7.2588960645487015, "rate": 2.984641891979689}, "datetime": {"datetime": "2024-06-14 12:31:22", "elapsed": 13.894978, "delta": 0.009974}}
{"target": -420.6006011015303, "params": {"gamma": 4.904126225336482, "prior": 2.036274494273748, "rate": 6.808584262587829}, "datetime": {"datetime": "2024-06-14 12:31:22", "elapsed": 13.903956, "delta": 0.008978}}
{"target": -547.6034309586172, "params": {"gamma": 8.308430641906321, "prior": 2.282027181056831, "rate": 0.07907888226929988}, "datetime": {"datetime": "2024-06-14 12:31:22", "elapsed": 13.914927, "delta": 0.010971}}
{"target": -229.40028251355744, "params": {"gamma": 2.5097921802793786, "prior": 6.31359939215205, "rate": 3.1088574555471813}, "datetime": {"datetime": "2024-06-14 12:31:22", "elapsed": 13.92445, "delta": 0.009523}}
{"target": -601.5249181767557, "params": {"gamma": 8.36222517696091, "prior": 8.542118072949869, "rate": 3.7180338874028376}, "datetime": {"datetime": "2024-06-14 12:31:22", "elapsed": 13.934423, "delta": 0.009973}}
{"target": -359.17134426815034, "params": {"gamma": 3.6539795857073187, "prior": 0.2639694600704467, "rate": 5.497237804999031}, "datetime": {"datetime": "2024-06-14 12:31:22", "elapsed": 13.945393, "delta": 0.01097}}
{"target": -184.2792622475271, "params": {"gamma": 1.5435516702923755, "prior": 1.2155274275217443, "rate": 0.5343279544192256}, "datetime": {"datetime": "2024-06-14 12:31:22", "elapsed": 13.955367, "delta": 0.009974}}
{"target": -193.528419541532, "params": {"gamma": 1.7936587903460857, "prior": 1.6437150285544317, "rate": 0.3558683019833646}, "datetime": {"datetime": "2024-06-14 12:31:22", "elapsed": 13.965341, "delta": 0.009974}}
{"target": -716.1054681786878, "params": {"gamma": 9.82434211273752, "prior": 6.617214564837837, "rate": 3.8705537217530446}, "datetime": {"datetime": "2024-06-14 12:31:22", "elapsed": 13.975926, "delta": 0.010585}}
{"target": -160.02620946822918, "params": {"gamma": 0.6257922981876658, "prior": 0.5677285559900357, "rate": 8.049719394631913}, "datetime": {"datetime": "2024-06-14 12:31:22", "elapsed": 13.9859, "delta": 0.009974}}
{"target": -351.76219643399287, "params": {"gamma": 4.228375279460253, "prior": 1.1717762927933444, "rate": 1.6711743461337876}, "datetime": {"datetime": "2024-06-14 12:31:22", "elapsed": 13.995873, "delta": 0.009973}}
{"target": -477.28661999600195, "params": {"gamma": 6.802265132639049, "prior": 4.329618010053698, "rate": 0.9689860913418493}, "datetime": {"datetime": "2024-06-14 12:31:22", "elapsed": 14.006846, "delta": 0.010973}}
{"target": -356.8897508178116, "params": {"gamma": 3.920704589637105, "prior": 0.5430825876121436, "rate": 2.710990200499908}, "datetime": {"datetime": "2024-06-14 12:31:22", "elapsed": 14.015822, "delta": 0.008976}}
{"target": -411.7748933020146, "params": {"gamma": 5.031293904777502, "prior": 4.6290449340530495, "rate": 7.686577408158113}, "datetime": {"datetime": "2024-06-14 12:31:22", "elapsed": 14.025795, "delta": 0.009973}}
{"target": -186.01786974628942, "params": {"gamma": 1.6031430865858975, "prior": 5.149437940488653, "rate": 1.4161287835344174}, "datetime": {"datetime": "2024-06-14 12:31:22", "elapsed": 14.036766, "delta": 0.010971}}
{"target": -198.21298405097494, "params": {"gamma": 1.8945065357360218, "prior": 4.157996176719801, "rate": 1.4594799700408772}, "datetime": {"datetime": "2024-06-14 12:31:22", "elapsed": 14.046739, "delta": 0.009973}}
{"target": -460.45006782201176, "params": {"gamma": 5.623712931107031, "prior": 4.6067950147829295, "rate": 9.42102448081776}, "datetime": {"datetime": "2024-06-14 12:31:22", "elapsed": 14.055715, "delta": 0.008976}}
{"target": -571.5784242383144, "params": {"gamma": 6.700279053399254, "prior": 1.1211081382406665, "rate": 6.071461447289983}, "datetime": {"datetime": "2024-06-14 12:31:22", "elapsed": 14.06572, "delta": 0.010005}}
{"target": -347.9608754132603, "params": {"gamma": 4.203872166556974, "prior": 5.056256533803172, "rate": 6.558399608979977}, "datetime": {"datetime": "2024-06-14 12:31:22", "elapsed": 14.076659, "delta": 0.010939}}
{"target": -204.29109446354184, "params": {"gamma": 1.857995271651951, "prior": 3.659391503666097, "rate": 4.80431758722436}, "datetime": {"datetime": "2024-06-14 12:31:22", "elapsed": 14.086632, "delta": 0.009973}}
{"target": -493.72812165180244, "params": {"gamma": 6.148214863550358, "prior": 2.9270157375806125, "rate": 5.028231781609626}, "datetime": {"datetime": "2024-06-14 12:31:22", "elapsed": 14.097603, "delta": 0.010971}}
{"target": -246.05807646246885, "params": {"gamma": 2.786182582989594, "prior": 5.766659556664776, "rate": 3.423551750452962}, "datetime": {"datetime": "2024-06-14 12:31:22", "elapsed": 14.107084, "delta": 0.009481}}
{"target": -645.3164488627385, "params": {"gamma": 8.3917704255985, "prior": 6.890536777175542, "rate": 8.16146205993121}, "datetime": {"datetime": "2024-06-14 12:31:22", "elapsed": 14.117058, "delta": 0.009974}}
{"target": -194.67710933741802, "params": {"gamma": 1.5433064281287947, "prior": 1.933417151252388, "rate": 5.426405215883123}, "datetime": {"datetime": "2024-06-14 12:31:22", "elapsed": 14.127031, "delta": 0.009973}}
{"target": -156.6964760215214, "params": {"gamma": 0.6149211908273852, "prior": 5.426779331886682, "rate": 3.360634014854361}, "datetime": {"datetime": "2024-06-14 12:31:22", "elapsed": 14.138002, "delta": 0.010971}}
{"target": -268.2926930930543, "params": {"gamma": 3.2452188194691933, "prior": 2.3755465724366975, "rate": 0.0478627093242713}, "datetime": {"datetime": "2024-06-14 12:31:22", "elapsed": 14.146978, "delta": 0.008976}}
{"target": -501.62690633901195, "params": {"gamma": 6.87104638723164, "prior": 7.552533805640476, "rate": 3.383495876309245}, "datetime": {"datetime": "2024-06-14 12:31:22", "elapsed": 14.156951, "delta": 0.009973}}
{"target": -370.8198009671936, "params": {"gamma": 4.698566381850696, "prior": 7.994084512409785, "rate": 6.475029921813591}, "datetime": {"datetime": "2024-06-14 12:31:22", "elapsed": 14.166924, "delta": 0.009973}}
{"target": -150.79070801134378, "params": {"gamma": 0.23075873965417942, "prior": 2.91132760594111, "rate": 9.543993923653835}, "datetime": {"datetime": "2024-06-14 12:31:22", "elapsed": 14.177895, "delta": 0.010971}}
{"target": -713.5140993736476, "params": {"gamma": 8.831663399364862, "prior": 3.3196577156813976, "rate": 9.106428259046453}, "datetime": {"datetime": "2024-06-14 12:31:22", "elapsed": 14.187869, "delta": 0.009974}}
{"target": -388.45570970818545, "params": {"gamma": 4.792271643587237, "prior": 2.1004803357874806, "rate": 2.7152226317759873}, "datetime": {"datetime": "2024-06-14 12:31:22", "elapsed": 14.198839, "delta": 0.01097}}
{"target": -254.78993245784451, "params": {"gamma": 2.4105781820003296, "prior": 0.6501970175159, "rate": 4.371923976318957}, "datetime": {"datetime": "2024-06-14 12:31:22", "elapsed": 14.208813, "delta": 0.009974}}
{"target": -687.0591169270981, "params": {"gamma": 9.045924292349737, "prior": 5.304998895374705, "rate": 5.45501927258241}, "datetime": {"datetime": "2024-06-14 12:31:22", "elapsed": 14.218786, "delta": 0.009973}}
{"target": -232.81475275065134, "params": {"gamma": 2.270769102045196, "prior": 0.5593682144374752, "rate": 1.2589544199559672}, "datetime": {"datetime": "2024-06-14 12:31:22", "elapsed": 14.228759, "delta": 0.009973}}
{"target": -218.13277233729434, "params": {"gamma": 2.152041802423628, "prior": 8.746594812552626, "rate": 9.883297769252295}, "datetime": {"datetime": "2024-06-14 12:31:22", "elapsed": 14.23973, "delta": 0.010971}}
{"target": -150.89529862670759, "params": {"gamma": 0.17864471946155067, "prior": 4.488768556876849, "rate": 3.6926037105639593}, "datetime": {"datetime": "2024-06-14 12:31:22", "elapsed": 14.249703, "delta": 0.009973}}
{"target": -410.05911190390003, "params": {"gamma": 5.365099171557174, "prior": 6.203575904526908, "rate": 3.9606016122470797}, "datetime": {"datetime": "2024-06-14 12:31:22", "elapsed": 14.259677, "delta": 0.009974}}
{"target": -198.1720173901179, "params": {"gamma": 1.8394567778102808, "prior": 5.8942150336226105, "rate": 0.33393439959498467}, "datetime": {"datetime": "2024-06-14 12:31:22", "elapsed": 14.26965, "delta": 0.009973}}
{"target": -599.428007282763, "params": {"gamma": 8.939882672498515, "prior": 6.47966689423678, "rate": 0.9463480982929026}, "datetime": {"datetime": "2024-06-14 12:31:22", "elapsed": 14.279623, "delta": 0.009973}}
{"target": -428.17772299597374, "params": {"gamma": 5.514198481896219, "prior": 1.37684577932591, "rate": 1.189089580581743}, "datetime": {"datetime": "2024-06-14 12:31:22", "elapsed": 14.290594, "delta": 0.010971}}
{"target": -243.6401755466825, "params": {"gamma": 2.656223467019746, "prior": 7.652792185558542, "rate": 6.982511237812883}, "datetime": {"datetime": "2024-06-14 12:31:22", "elapsed": 14.301564, "delta": 0.01097}}
{"target": -456.8522658343659, "params": {"gamma": 5.5889624922088075, "prior": 2.626743526039231, "rate": 5.1791698014639245}, "datetime": {"datetime": "2024-06-14 12:31:22", "elapsed": 14.311538, "delta": 0.009974}}
