{"target": -123.25546838367835, "params": {"gamma": 0.657282747746784, "prior": 4.544031005383378, "rate": 8.378448285186794}, "datetime": {"datetime": "2024-06-14 05:06:50", "elapsed": 11.997182, "delta": 0.009974}}
{"target": -132.2818605765125, "params": {"gamma": 1.7983467816471097, "prior": 0.48173470650167005, "rate": 7.327203051217345}, "datetime": {"datetime": "2024-06-14 05:06:50", "elapsed": 12.006157, "delta": 0.008975}}
{"target": -258.598152623574, "params": {"gamma": 5.630844195010378, "prior": 0.5164002018474038, "rate": 9.848867755318958}, "datetime": {"datetime": "2024-06-14 05:06:50", "elapsed": 12.016131, "delta": 0.009974}}
{"target": -270.6611696834289, "params": {"gamma": 5.693754542449788, "prior": 5.893051062330274, "rate": 7.899276512022575}, "datetime": {"datetime": "2024-06-14 05:06:50", "elapsed": 12.025106, "delta": 0.008975}}
{"target": -337.2724388079826, "params": {"gamma": 9.026444072192401, "prior": 0.7014322896639713, "rate": 3.485783580678766}, "datetime": {"datetime": "2024-06-14 05:06:50", "elapsed": 12.03508, "delta": 0.009974}}
{"target": -184.35454224568545, "params": {"gamma": 2.001718538820858, "prior": 4.70500016338409, "rate": 0.9155879517141836}, "datetime": {"datetime": "2024-06-14 05:06:50", "elapsed": 12.044646, "delta": 0.009566}}
{"target": -120.18911449561084, "params": {"gamma": 0.6817896566229965, "prior": 3.07880538798981, "rate": 9.04354823246074}, "datetime": {"datetime": "2024-06-14 05:06:50", "elapsed": 12.054619, "delta": 0.009973}}
{"target": -743.1476101123812, "params": {"gamma": 9.755444236897075, "prior": 7.660828314655607, "rate": 0.008408388692528457}, "datetime": {"datetime": "2024-06-14 05:06:50", "elapsed": 12.064593, "delta": 0.009974}}
{"target": -285.71613140492275, "params": {"gamma": 7.3524203268081045, "prior": 0.3177258488517453, "rate": 1.6864882568683546}, "datetime": {"datetime": "2024-06-14 05:06:50", "elapsed": 12.073568, "delta": 0.008975}}
{"target": -136.36369356405137, "params": {"gamma": 0.10612956883701744, "prior": 1.576357287795895, "rate": 6.87536774608507}, "datetime": {"datetime": "2024-06-14 05:06:50", "elapsed": 12.083542, "delta": 0.009974}}
{"target": -297.4316633589496, "params": {"gamma": 7.020466736538225, "prior": 3.773666325556383, "rate": 7.312177051179447}, "datetime": {"datetime": "2024-06-14 05:06:50", "elapsed": 12.093079, "delta": 0.009537}}
{"target": -463.3073023735801, "params": {"gamma": 8.47319475004096, "prior": 1.3905393929713459, "rate": 0.8749857543012785}, "datetime": {"datetime": "2024-06-14 05:06:50", "elapsed": 12.102055, "delta": 0.008976}}
{"target": -222.94944372312645, "params": {"gamma": 3.7198426436825134, "prior": 4.098448011756622, "rate": 2.764765794383843}, "datetime": {"datetime": "2024-06-14 05:06:50", "elapsed": 12.111771, "delta": 0.009716}}
{"target": -302.90311054960796, "params": {"gamma": 7.5419276912585245, "prior": 3.2856833854686824, "rate": 8.001642974863078}, "datetime": {"datetime": "2024-06-14 05:06:50", "elapsed": 12.121745, "delta": 0.009974}}
{"target": -465.6153352743057, "params": {"gamma": 9.113172234382187, "prior": 5.180175174658037, "rate": 4.294790874776841}, "datetime": {"datetime": "2024-06-14 05:06:50", "elapsed": 12.130721, "delta": 0.008976}}
{"target": -119.22316695252958, "params": {"gamma": 0.9168564269132811, "prior": 2.8094053076691683, "rate": 8.866591497643999}, "datetime": {"datetime": "2024-06-14 05:06:50", "elapsed": 12.140694, "delta": 0.009973}}
{"target": -167.93308856877817, "params": {"gamma": 2.460197468394256, "prior": 6.24977493002166, "rate": 4.950578951032165}, "datetime": {"datetime": "2024-06-14 05:06:50", "elapsed": 12.149669, "delta": 0.008975}}
{"target": -161.40155285597552, "params": {"gamma": 0.9446309868062094, "prior": 9.003748460789474, "rate": 0.6786405537486796}, "datetime": {"datetime": "2024-06-14 05:06:50", "elapsed": 12.159643, "delta": 0.009974}}
{"target": -364.91370742285, "params": {"gamma": 6.807342552340344, "prior": 9.722781585845405, "rate": 7.09402853441662}, "datetime": {"datetime": "2024-06-14 05:06:50", "elapsed": 12.169616, "delta": 0.009973}}
{"target": -166.33325292788524, "params": {"gamma": 3.2597612958632975, "prior": 0.8270576470431867, "rate": 5.797790733426387}, "datetime": {"datetime": "2024-06-14 05:06:50", "elapsed": 12.178592, "delta": 0.008976}}
{"target": -313.9363813410001, "params": {"gamma": 7.335436665512681, "prior": 3.6525757331700546, "rate": 6.537860973630521}, "datetime": {"datetime": "2024-06-14 05:06:50", "elapsed": 12.188566, "delta": 0.009974}}
{"target": -261.84532095141816, "params": {"gamma": 5.6663474905763875, "prior": 0.4376535322434657, "rate": 9.207023836034617}, "datetime": {"datetime": "2024-06-14 05:06:50", "elapsed": 12.197542, "delta": 0.008976}}
{"target": -185.6802590523114, "params": {"gamma": 3.80067802872134, "prior": 3.8560792455691626, "rate": 8.463712402100912}, "datetime": {"datetime": "2024-06-14 05:06:50", "elapsed": 12.207516, "delta": 0.009974}}
{"target": -235.72395746443613, "params": {"gamma": 4.843294742066144, "prior": 4.565581063206701, "rate": 6.398927296728125}, "datetime": {"datetime": "2024-06-14 05:06:50", "elapsed": 12.216491, "delta": 0.008975}}
{"target": -147.71104609078697, "params": {"gamma": 2.118501136597562, "prior": 5.330176857702819, "rate": 6.68601667563293}, "datetime": {"datetime": "2024-06-14 05:06:50", "elapsed": 12.226464, "delta": 0.009973}}
{"target": -287.0036562681967, "params": {"gamma": 5.388228223129067, "prior": 7.116735261329858, "rate": 5.985766383139416}, "datetime": {"datetime": "2024-06-14 05:06:50", "elapsed": 12.23544, "delta": 0.008976}}
{"target": -574.9146186307875, "params": {"gamma": 8.414213931463882, "prior": 8.803790551734272, "rate": 0.979294191124055}, "datetime": {"datetime": "2024-06-14 05:06:50", "elapsed": 12.245414, "delta": 0.009974}}
{"target": -147.37961879664311, "params": {"gamma": 2.5866813512262476, "prior": 0.6410959386512911, "rate": 2.289689785820543}, "datetime": {"datetime": "2024-06-14 05:06:50", "elapsed": 12.25439, "delta": 0.008976}}
{"target": -310.12869525571017, "params": {"gamma": 7.209446154413992, "prior": 0.8775978709769626, "rate": 1.5520400109873145}, "datetime": {"datetime": "2024-06-14 05:06:50", "elapsed": 12.264363, "delta": 0.009973}}
{"target": -421.1710097384441, "params": {"gamma": 7.707912505930211, "prior": 4.498819255990509, "rate": 2.9019172561855204}, "datetime": {"datetime": "2024-06-14 05:06:50", "elapsed": 12.274336, "delta": 0.009973}}
{"target": -476.8226044241516, "params": {"gamma": 6.440202978033387, "prior": 8.880690205028927, "rate": 0.3770167983173472}, "datetime": {"datetime": "2024-06-14 05:06:50", "elapsed": 12.283313, "delta": 0.008977}}
{"target": -322.94289124548607, "params": {"gamma": 6.931250350669296, "prior": 6.718652167826616, "rate": 8.680252973877208}, "datetime": {"datetime": "2024-06-14 05:06:50", "elapsed": 12.293286, "delta": 0.009973}}
{"target": -188.74197286522005, "params": {"gamma": 1.964524028194986, "prior": 7.156647032386309, "rate": 1.0399071814446177}, "datetime": {"datetime": "2024-06-14 05:06:50", "elapsed": 12.303259, "delta": 0.009973}}
{"target": -156.09614650835775, "params": {"gamma": 0.5672069415832846, "prior": 6.839880739152903, "rate": 0.22732450662229567}, "datetime": {"datetime": "2024-06-14 05:06:50", "elapsed": 12.313233, "delta": 0.009974}}
{"target": -120.27626495820387, "params": {"gamma": 0.4439465889324353, "prior": 0.46583492545602645, "rate": 4.65463967682463}, "datetime": {"datetime": "2024-06-14 05:06:50", "elapsed": 12.322208, "delta": 0.008975}}
{"target": -490.1859061621306, "params": {"gamma": 7.5789365730024665, "prior": 9.92277231453038, "rate": 2.2668503578440693}, "datetime": {"datetime": "2024-06-14 05:06:50", "elapsed": 12.332182, "delta": 0.009974}}
{"target": -380.17121900146947, "params": {"gamma": 7.924009872480004, "prior": 7.972934055378927, "rate": 8.72255485071234}, "datetime": {"datetime": "2024-06-14 05:06:50", "elapsed": 12.342155, "delta": 0.009973}}
{"target": -161.6711414716896, "params": {"gamma": 3.1432456469635857, "prior": 1.4159580458583867, "rate": 7.967219098261448}, "datetime": {"datetime": "2024-06-14 05:06:50", "elapsed": 12.351971, "delta": 0.009816}}
{"target": -394.88768778164314, "params": {"gamma": 5.675065913341395, "prior": 4.2050738753286225, "rate": 0.587358130182522}, "datetime": {"datetime": "2024-06-14 05:06:50", "elapsed": 12.360948, "delta": 0.008977}}
{"target": -140.84690373289953, "params": {"gamma": 0.06656219698395709, "prior": 3.2286322867153814, "rate": 2.715316394543481}, "datetime": {"datetime": "2024-06-14 05:06:50", "elapsed": 12.37092, "delta": 0.009972}}
{"target": -291.65327771152096, "params": {"gamma": 4.757760549476385, "prior": 9.243757460551764, "rate": 4.167428176120559}, "datetime": {"datetime": "2024-06-14 05:06:50", "elapsed": 12.380894, "delta": 0.009974}}
{"target": -206.94789653235347, "params": {"gamma": 2.8795508249232378, "prior": 8.467940679140908, "rate": 3.0701917238377807}, "datetime": {"datetime": "2024-06-14 05:06:50", "elapsed": 12.38987, "delta": 0.008976}}
{"target": -481.0636367396644, "params": {"gamma": 9.155924640477402, "prior": 8.647777248513803, "rate": 6.388553062492898}, "datetime": {"datetime": "2024-06-14 05:06:50", "elapsed": 12.399843, "delta": 0.009973}}
{"target": -288.7777618002569, "params": {"gamma": 7.477004260543885, "prior": 1.6574956757483044, "rate": 6.029139826844452}, "datetime": {"datetime": "2024-06-14 05:06:50", "elapsed": 12.409817, "delta": 0.009974}}
{"target": -217.41301735901547, "params": {"gamma": 3.2710458013785924, "prior": 4.937912730263073, "rate": 2.2546291955209634}, "datetime": {"datetime": "2024-06-14 05:06:50", "elapsed": 12.418792, "delta": 0.008975}}
{"target": -423.9619549581594, "params": {"gamma": 9.019674819004562, "prior": 4.174184394127804, "rate": 4.767863797915282}, "datetime": {"datetime": "2024-06-14 05:06:50", "elapsed": 12.428766, "delta": 0.009974}}
{"target": -280.11098860502403, "params": {"gamma": 7.214306126589714, "prior": 1.3097484479347787, "rate": 5.031147420462448}, "datetime": {"datetime": "2024-06-14 05:06:50", "elapsed": 12.437742, "delta": 0.008976}}
{"target": -471.7826408554191, "params": {"gamma": 8.131663485200999, "prior": 6.805684413213499, "rate": 3.2171856095203215}, "datetime": {"datetime": "2024-06-14 05:06:50", "elapsed": 12.44822, "delta": 0.010478}}
{"target": -355.9577680068118, "params": {"gamma": 7.106943301265306, "prior": 9.350952026926866, "rate": 8.947867607275063}, "datetime": {"datetime": "2024-06-14 05:06:50", "elapsed": 12.457196, "delta": 0.008976}}
{"target": -338.60588168111326, "params": {"gamma": 7.422605646963092, "prior": 2.7344015716166092, "rate": 3.725501581962508}, "datetime": {"datetime": "2024-06-14 05:06:50", "elapsed": 12.46717, "delta": 0.009974}}
{"target": -274.28212920589135, "params": {"gamma": 5.584620793314178, "prior": 3.872384078878505, "rate": 4.558012873762793}, "datetime": {"datetime": "2024-06-14 05:06:50", "elapsed": 12.477143, "delta": 0.009973}}
{"target": -317.2084047786406, "params": {"gamma": 7.935465915232807, "prior": 1.1290073078901408, "rate": 9.7299927856935}, "datetime": {"datetime": "2024-06-14 05:06:50", "elapsed": 12.486119, "delta": 0.008976}}
{"target": -358.2909980204881, "params": {"gamma": 7.046486043044176, "prior": 8.660805896925622, "rate": 7.817018859374792}, "datetime": {"datetime": "2024-06-14 05:06:50", "elapsed": 12.496092, "delta": 0.009973}}
{"target": -291.1257962732727, "params": {"gamma": 4.322404951375301, "prior": 9.430860319493826, "rate": 2.5316090848682102}, "datetime": {"datetime": "2024-06-14 05:06:50", "elapsed": 12.505068, "delta": 0.008976}}
{"target": -125.69020688700836, "params": {"gamma": 0.46343798347233406, "prior": 1.0590944796215522, "rate": 2.0081654825988586}, "datetime": {"datetime": "2024-06-14 05:06:50", "elapsed": 12.515042, "delta": 0.009974}}
{"target": -225.13479201568563, "params": {"gamma": 5.3912662829380675, "prior": 2.3136652704027774, "rate": 8.353372877694195}, "datetime": {"datetime": "2024-06-14 05:06:50", "elapsed": 12.524678, "delta": 0.009636}}
{"target": -138.98246196601792, "params": {"gamma": 0.09437753374081341, "prior": 7.484419195067273, "rate": 9.69010921459811}, "datetime": {"datetime": "2024-06-14 05:06:50", "elapsed": 12.534653, "delta": 0.009975}}
{"target": -165.98581915229724, "params": {"gamma": 2.6725649276388403, "prior": 6.275773513641307, "rate": 7.148081569821106}, "datetime": {"datetime": "2024-06-14 05:06:50", "elapsed": 12.544626, "delta": 0.009973}}
{"target": -175.57565443581714, "params": {"gamma": 3.270247221878411, "prior": 4.387953061937092, "rate": 7.344354052301767}, "datetime": {"datetime": "2024-06-14 05:06:50", "elapsed": 12.554136, "delta": 0.00951}}
{"target": -123.86094882673217, "params": {"gamma": 1.3123707216933747, "prior": 1.5224911326883348, "rate": 3.7546878211627708}, "datetime": {"datetime": "2024-06-14 05:06:50", "elapsed": 12.564081, "delta": 0.009945}}
{"target": -174.47474949722783, "params": {"gamma": 2.2848621090646066, "prior": 3.139165298421994, "rate": 1.5015067831741629}, "datetime": {"datetime": "2024-06-14 05:06:50", "elapsed": 12.574053, "delta": 0.009972}}
{"target": -141.72613972240688, "params": {"gamma": 0.9672639623300204, "prior": 9.168241908051757, "rate": 3.4595881913084976}, "datetime": {"datetime": "2024-06-14 05:06:50", "elapsed": 12.583029, "delta": 0.008976}}
{"target": -301.4621246785815, "params": {"gamma": 5.660096601094165, "prior": 5.51726777421675, "rate": 4.5041251239749585}, "datetime": {"datetime": "2024-06-14 05:06:50", "elapsed": 12.593003, "delta": 0.009974}}
{"target": -297.23934056407006, "params": {"gamma": 7.478457982844058, "prior": 3.3826069277300896, "rate": 8.924882091116567}, "datetime": {"datetime": "2024-06-14 05:06:50", "elapsed": 12.602976, "delta": 0.009973}}
{"target": -133.66800295760544, "params": {"gamma": 0.6812641898485671, "prior": 5.7914069679783005, "rate": 3.391186716940452}, "datetime": {"datetime": "2024-06-14 05:06:50", "elapsed": 12.611952, "delta": 0.008976}}
{"target": -183.5937864405448, "params": {"gamma": 3.6396395485330513, "prior": 3.120469153051323, "rate": 6.036259408805832}, "datetime": {"datetime": "2024-06-14 05:06:50", "elapsed": 12.621925, "delta": 0.009973}}
{"target": -159.88601450940007, "params": {"gamma": 2.34484488740895, "prior": 3.013631376935151, "rate": 2.8556604108589827}, "datetime": {"datetime": "2024-06-14 05:06:50", "elapsed": 12.631899, "delta": 0.009974}}
{"target": -143.50991843736884, "params": {"gamma": 0.06894765796633268, "prior": 3.779023243593732, "rate": 0.4899246143734417}, "datetime": {"datetime": "2024-06-14 05:06:51", "elapsed": 12.641872, "delta": 0.009973}}
{"target": -448.6197767735432, "params": {"gamma": 8.743887748991542, "prior": 7.246044050893931, "rate": 5.953475738168867}, "datetime": {"datetime": "2024-06-14 05:06:51", "elapsed": 12.650848, "delta": 0.008976}}
{"target": -391.37644142702675, "params": {"gamma": 7.439039471551036, "prior": 9.020831429535983, "rate": 6.941211543141177}, "datetime": {"datetime": "2024-06-14 05:06:51", "elapsed": 12.660821, "delta": 0.009973}}
{"target": -243.09465634736222, "params": {"gamma": 5.90797241496815, "prior": 1.3301665118919654, "rate": 4.046421932570356}, "datetime": {"datetime": "2024-06-14 05:06:51", "elapsed": 12.669797, "delta": 0.008976}}
{"target": -264.58132623162453, "params": {"gamma": 5.789933531360811, "prior": 6.068159221609412, "rate": 9.607817590001783}, "datetime": {"datetime": "2024-06-14 05:06:51", "elapsed": 12.679771, "delta": 0.009974}}
{"target": -171.2622556040487, "params": {"gamma": 2.0557977104341765, "prior": 6.665198142873705, "rate": 2.5650349774738426}, "datetime": {"datetime": "2024-06-14 05:06:51", "elapsed": 12.689744, "delta": 0.009973}}
{"target": -273.803261186063, "params": {"gamma": 4.1781946638619605, "prior": 9.722309574884378, "rate": 3.31144322847995}, "datetime": {"datetime": "2024-06-14 05:06:51", "elapsed": 12.69872, "delta": 0.008976}}
{"target": -284.24822533306536, "params": {"gamma": 3.620869630590026, "prior": 4.451727639802938, "rate": 0.4076372311016773}, "datetime": {"datetime": "2024-06-14 05:06:51", "elapsed": 12.708693, "delta": 0.009973}}
{"target": -220.93927100503345, "params": {"gamma": 3.9863038148057774, "prior": 6.227952485750611, "rate": 5.7812217885154835}, "datetime": {"datetime": "2024-06-14 05:06:51", "elapsed": 12.717669, "delta": 0.008976}}
{"target": -442.57180969893074, "params": {"gamma": 8.734253865159978, "prior": 6.447746922370251, "rate": 5.570002490848631}, "datetime": {"datetime": "2024-06-14 05:06:51", "elapsed": 12.727643, "delta": 0.009974}}
{"target": -284.9339314982701, "params": {"gamma": 6.406830923563959, "prior": 0.5714061557653263, "rate": 9.961217364236495}, "datetime": {"datetime": "2024-06-14 05:06:51", "elapsed": 12.737616, "delta": 0.009973}}
{"target": -142.96916204922223, "params": {"gamma": 1.517902470777048, "prior": 4.242624178680719, "rate": 2.953219449966769}, "datetime": {"datetime": "2024-06-14 05:06:51", "elapsed": 12.746595, "delta": 0.008979}}
{"target": -324.88082781030437, "params": {"gamma": 5.7725917240622495, "prior": 5.6396541321313896, "rate": 3.5217911282734677}, "datetime": {"datetime": "2024-06-14 05:06:51", "elapsed": 12.756568, "delta": 0.009973}}
{"target": -451.5325083236555, "params": {"gamma": 9.73632101034662, "prior": 7.537589226886725, "rate": 8.898523787979325}, "datetime": {"datetime": "2024-06-14 05:06:51", "elapsed": 12.766542, "delta": 0.009974}}
{"target": -260.171735385682, "params": {"gamma": 4.554646543417618, "prior": 6.0341202774811045, "rate": 4.135119304282028}, "datetime": {"datetime": "2024-06-14 05:06:51", "elapsed": 12.775517, "delta": 0.008975}}
{"target": -214.69632408729404, "params": {"gamma": 3.043247399234573, "prior": 5.302158650435817, "rate": 1.9104821219709982}, "datetime": {"datetime": "2024-06-14 05:06:51", "elapsed": 12.785491, "delta": 0.009974}}
{"target": -223.93943518610516, "params": {"gamma": 2.141803137630578, "prior": 5.156795441297785, "rate": 0.13950689289069168}, "datetime": {"datetime": "2024-06-14 05:06:51", "elapsed": 12.794467, "delta": 0.008976}}
{"target": -246.2473786052575, "params": {"gamma": 4.4554255996411385, "prior": 9.967336646400456, "rate": 8.227007128517913}, "datetime": {"datetime": "2024-06-14 05:06:51", "elapsed": 12.80444, "delta": 0.009973}}
{"target": -141.15415459336262, "params": {"gamma": 0.8355220043224125, "prior": 6.5933141384600535, "rate": 2.25470390737774}, "datetime": {"datetime": "2024-06-14 05:06:51", "elapsed": 12.814413, "delta": 0.009973}}
{"target": -124.29253458925791, "params": {"gamma": 1.1804405667721274, "prior": 3.551904901646867, "rate": 6.771991012506975}, "datetime": {"datetime": "2024-06-14 05:06:51", "elapsed": 12.824387, "delta": 0.009974}}
{"target": -250.5881190566617, "params": {"gamma": 5.508094840668205, "prior": 0.5352303689625977, "rate": 8.567685939201464}, "datetime": {"datetime": "2024-06-14 05:06:51", "elapsed": 12.833363, "delta": 0.008976}}
{"target": -324.7654096498896, "params": {"gamma": 4.776472641076445, "prior": 8.582084626197144, "rate": 1.8773524615382258}, "datetime": {"datetime": "2024-06-14 05:06:51", "elapsed": 12.843336, "delta": 0.009973}}
{"target": -129.75488525185926, "params": {"gamma": 0.8382489282379628, "prior": 5.208099654210848, "rate": 4.545992085303224}, "datetime": {"datetime": "2024-06-14 05:06:51", "elapsed": 12.852312, "delta": 0.008976}}
{"target": -136.07295067334118, "params": {"gamma": 0.13993009549948474, "prior": 0.4896104379385867, "rate": 0.9372347244778493}, "datetime": {"datetime": "2024-06-14 05:06:51", "elapsed": 12.862285, "delta": 0.009973}}
{"target": -124.47739910370996, "params": {"gamma": 0.4077341217427622, "prior": 1.839816766707203, "rate": 5.7557859749589015}, "datetime": {"datetime": "2024-06-14 05:06:51", "elapsed": 12.872259, "delta": 0.009974}}
{"target": -358.6348702079498, "params": {"gamma": 4.768049447045129, "prior": 9.79972035532993, "rate": 0.7083006030293989}, "datetime": {"datetime": "2024-06-14 05:06:51", "elapsed": 12.882232, "delta": 0.009973}}
{"target": -379.8466402514754, "params": {"gamma": 8.67428890537549, "prior": 5.827345843187369, "rate": 8.764878981579999}, "datetime": {"datetime": "2024-06-14 05:06:51", "elapsed": 12.891208, "delta": 0.008976}}
{"target": -118.3199762676008, "params": {"gamma": 0.5580803899209963, "prior": 1.0816198620738768, "rate": 8.631084082751796}, "datetime": {"datetime": "2024-06-14 05:06:51", "elapsed": 12.901181, "delta": 0.009973}}
{"target": -442.4611519373226, "params": {"gamma": 5.7042698804473675, "prior": 5.629088630789569, "rate": 0.13111366674830982}, "datetime": {"datetime": "2024-06-14 05:06:51", "elapsed": 12.911155, "delta": 0.009974}}
{"target": -309.314321914679, "params": {"gamma": 6.422885788360278, "prior": 8.491878366232083, "rate": 9.96126578479924}, "datetime": {"datetime": "2024-06-14 05:06:51", "elapsed": 12.920131, "delta": 0.008976}}
{"target": -220.90519075299466, "params": {"gamma": 4.3301149523829, "prior": 3.182949555977844, "rate": 4.0482984794974595}, "datetime": {"datetime": "2024-06-14 05:06:51", "elapsed": 12.930945, "delta": 0.010814}}
{"target": -145.75139090850126, "params": {"gamma": 2.2810229380137588, "prior": 2.3383759888621203, "rate": 4.337002443043325}, "datetime": {"datetime": "2024-06-14 05:06:51", "elapsed": 12.940118, "delta": 0.009173}}
{"target": -327.8474416048456, "params": {"gamma": 6.845710542660374, "prior": 6.641299157065754, "rate": 7.725129192452083}, "datetime": {"datetime": "2024-06-14 05:06:51", "elapsed": 12.950091, "delta": 0.009973}}
{"target": -151.75274421965415, "params": {"gamma": 2.1689300660171678, "prior": 7.314193149454935, "rate": 7.952743020363484}, "datetime": {"datetime": "2024-06-14 05:06:51", "elapsed": 12.959067, "delta": 0.008976}}
