{"target": -147.23335502204176, "params": {"gamma": 0.518425063389165, "prior": 8.023345278411995, "rate": 1.8127106900062346}, "datetime": {"datetime": "2024-06-14 08:53:27", "elapsed": 17.320442, "delta": 0.010003}}
{"target": -275.5606054485274, "params": {"gamma": 6.687743802830694, "prior": 8.370179976185053, "rate": 9.648000771149587}, "datetime": {"datetime": "2024-06-14 08:53:27", "elapsed": 17.330416, "delta": 0.009974}}
{"target": -122.6216890928318, "params": {"gamma": 1.2693322409733296, "prior": 5.2807820848604825, "rate": 8.506259835578277}, "datetime": {"datetime": "2024-06-14 08:53:27", "elapsed": 17.34036, "delta": 0.009944}}
{"target": -238.5983602736711, "params": {"gamma": 5.376554931110454, "prior": 7.327460113254701, "rate": 7.854811002586698}, "datetime": {"datetime": "2024-06-14 08:53:27", "elapsed": 17.35133, "delta": 0.01097}}
{"target": -313.58886985728634, "params": {"gamma": 8.36611885215124, "prior": 6.698671028783691, "rate": 8.977494158102747}, "datetime": {"datetime": "2024-06-14 08:53:27", "elapsed": 17.361303, "delta": 0.009973}}
{"target": -328.2835818978461, "params": {"gamma": 6.4782645488662265, "prior": 9.451910164511617, "rate": 6.293354520653859}, "datetime": {"datetime": "2024-06-14 08:53:27", "elapsed": 17.371277, "delta": 0.009974}}
{"target": -456.9849107858917, "params": {"gamma": 8.724413810278625, "prior": 5.996988068238829, "rate": 3.4441454939220204}, "datetime": {"datetime": "2024-06-14 08:53:27", "elapsed": 17.38125, "delta": 0.009973}}
{"target": -529.4639293549676, "params": {"gamma": 8.134761405617539, "prior": 4.380572177078845, "rate": 1.26633005871915}, "datetime": {"datetime": "2024-06-14 08:53:27", "elapsed": 17.391223, "delta": 0.009973}}
{"target": -478.86784808612487, "params": {"gamma": 9.685718757922707, "prior": 8.540378886592336, "rate": 5.613032976457021}, "datetime": {"datetime": "2024-06-14 08:53:27", "elapsed": 17.401197, "delta": 0.009974}}
{"target": -493.35028715127424, "params": {"gamma": 6.70645236332923, "prior": 9.97746979690073, "rate": 1.6139258941379875}, "datetime": {"datetime": "2024-06-14 08:53:27", "elapsed": 17.41117, "delta": 0.009973}}
{"target": -221.75479542763037, "params": {"gamma": 5.345865061083275, "prior": 3.9706892074339746, "rate": 5.411934552410746}, "datetime": {"datetime": "2024-06-14 08:53:27", "elapsed": 17.421143, "delta": 0.009973}}
{"target": -126.34523961573208, "params": {"gamma": 1.0346751548979976, "prior": 4.463348355283198, "rate": 4.615179910338178}, "datetime": {"datetime": "2024-06-14 08:53:27", "elapsed": 17.432114, "delta": 0.010971}}
{"target": -275.44559703262274, "params": {"gamma": 5.959320550265768, "prior": 6.657514292740112, "rate": 5.9019035859365445}, "datetime": {"datetime": "2024-06-14 08:53:27", "elapsed": 17.442088, "delta": 0.009974}}
{"target": -347.4343143665138, "params": {"gamma": 7.294098218201382, "prior": 5.850935976242481, "rate": 4.431587983023527}, "datetime": {"datetime": "2024-06-14 08:53:27", "elapsed": 17.452061, "delta": 0.009973}}
{"target": -290.38720440620114, "params": {"gamma": 4.968387656954369, "prior": 4.3578792885960675, "rate": 2.1015284571954447}, "datetime": {"datetime": "2024-06-14 08:53:27", "elapsed": 17.462034, "delta": 0.009973}}
{"target": -149.85400073771785, "params": {"gamma": 2.268784360438243, "prior": 4.628147893294655, "rate": 4.336093573615487}, "datetime": {"datetime": "2024-06-14 08:53:27", "elapsed": 17.473006, "delta": 0.010972}}
{"target": -281.2161142128098, "params": {"gamma": 7.793058306926475, "prior": 4.266497925247028, "rate": 6.734009957010978}, "datetime": {"datetime": "2024-06-14 08:53:27", "elapsed": 17.482978, "delta": 0.009972}}
{"target": -138.51822773003573, "params": {"gamma": 1.6612208005950855, "prior": 8.258183945490565, "rate": 6.8543823546258436}, "datetime": {"datetime": "2024-06-14 08:53:27", "elapsed": 17.492952, "delta": 0.009974}}
{"target": -274.0431370979075, "params": {"gamma": 7.890734933535461, "prior": 3.6588964274812152, "rate": 6.62582745539401}, "datetime": {"datetime": "2024-06-14 08:53:27", "elapsed": 17.502925, "delta": 0.009973}}
{"target": -144.4522241529586, "params": {"gamma": 2.1716875482551337, "prior": 2.287957296922715, "rate": 2.4253252674042707}, "datetime": {"datetime": "2024-06-14 08:53:27", "elapsed": 17.512898, "delta": 0.009973}}
{"target": -143.2801652058803, "params": {"gamma": 2.646618581923333, "prior": 4.143278360424636, "rate": 8.287125786730796}, "datetime": {"datetime": "2024-06-14 08:53:27", "elapsed": 17.522874, "delta": 0.009976}}
{"target": -657.3175130440483, "params": {"gamma": 9.474248122372826, "prior": 6.361334167652156, "rate": 1.348256625665745}, "datetime": {"datetime": "2024-06-14 08:53:27", "elapsed": 17.533842, "delta": 0.010968}}
{"target": -277.3661916741898, "params": {"gamma": 4.200514533381073, "prior": 9.36823535020746, "rate": 3.206122209008569}, "datetime": {"datetime": "2024-06-14 08:53:27", "elapsed": 17.543815, "delta": 0.009973}}
{"target": -350.3529516393677, "params": {"gamma": 6.1931905794918185, "prior": 9.357823108034191, "rate": 4.607362678122438}, "datetime": {"datetime": "2024-06-14 08:53:27", "elapsed": 17.554786, "delta": 0.010971}}
{"target": -230.477008141981, "params": {"gamma": 5.004490142114326, "prior": 9.19506772656131, "rate": 9.298305886525743}, "datetime": {"datetime": "2024-06-14 08:53:27", "elapsed": 17.567753, "delta": 0.012967}}
{"target": -345.2887004237378, "params": {"gamma": 9.04496424702233, "prior": 5.184981853710656, "rate": 6.398472694701441}, "datetime": {"datetime": "2024-06-14 08:53:27", "elapsed": 17.577608, "delta": 0.009855}}
{"target": -208.579202765937, "params": {"gamma": 5.890472752605639, "prior": 1.6690987172854312, "rate": 6.234866594810311}, "datetime": {"datetime": "2024-06-14 08:53:27", "elapsed": 17.588837, "delta": 0.011229}}
{"target": -160.0093271618911, "params": {"gamma": 3.1921240844594263, "prior": 1.3942814559414822, "rate": 2.1508150426858728}, "datetime": {"datetime": "2024-06-14 08:53:27", "elapsed": 17.5988, "delta": 0.009963}}
{"target": -170.4258339549464, "params": {"gamma": 3.1372893115280216, "prior": 9.519372827689537, "rate": 9.907680849822357}, "datetime": {"datetime": "2024-06-14 08:53:27", "elapsed": 17.611765, "delta": 0.012965}}
{"target": -362.63744101966785, "params": {"gamma": 8.668996751551681, "prior": 4.672423692173761, "rate": 4.656706908529602}, "datetime": {"datetime": "2024-06-14 08:53:27", "elapsed": 17.622737, "delta": 0.010972}}
{"target": -263.5794918838279, "params": {"gamma": 7.647520341309665, "prior": 1.074239963450954, "rate": 9.940379659168363}, "datetime": {"datetime": "2024-06-14 08:53:27", "elapsed": 17.632709, "delta": 0.009972}}
{"target": -233.58459829949274, "params": {"gamma": 6.9224566172976845, "prior": 3.0629283412837927, "rate": 9.088573077112654}, "datetime": {"datetime": "2024-06-14 08:53:27", "elapsed": 17.64368, "delta": 0.010971}}
{"target": -238.36565785621758, "params": {"gamma": 5.526235888770702, "prior": 0.9433807768511864, "rate": 1.0833491863453326}, "datetime": {"datetime": "2024-06-14 08:53:27", "elapsed": 17.653653, "delta": 0.009973}}
{"target": -146.59900669358586, "params": {"gamma": 0.3176168877888321, "prior": 2.240327888608129, "rate": 0.51508803577319}, "datetime": {"datetime": "2024-06-14 08:53:27", "elapsed": 17.664285, "delta": 0.010632}}
{"target": -191.27361368972848, "params": {"gamma": 5.103214380152735, "prior": 0.9211098493361365, "rate": 4.431779707933526}, "datetime": {"datetime": "2024-06-14 08:53:27", "elapsed": 17.675255, "delta": 0.01097}}
{"target": -157.72352914918932, "params": {"gamma": 2.362771206680796, "prior": 5.6412349065280925, "rate": 4.390238946627599}, "datetime": {"datetime": "2024-06-14 08:53:27", "elapsed": 17.685228, "delta": 0.009973}}
{"target": -413.77203541540337, "params": {"gamma": 8.375567087137503, "prior": 3.4317930698460395, "rate": 2.3030862375648358}, "datetime": {"datetime": "2024-06-14 08:53:27", "elapsed": 17.695202, "delta": 0.009974}}
{"target": -756.1394331930213, "params": {"gamma": 9.401218217622588, "prior": 4.71700059437067, "rate": 0.2825494345653465}, "datetime": {"datetime": "2024-06-14 08:53:27", "elapsed": 17.706173, "delta": 0.010971}}
{"target": -141.50971661482646, "params": {"gamma": 0.7952844018626734, "prior": 5.600160498896482, "rate": 2.1085032523654648}, "datetime": {"datetime": "2024-06-14 08:53:27", "elapsed": 17.716146, "delta": 0.009973}}
{"target": -119.85158361657246, "params": {"gamma": 1.4832079169213832, "prior": 2.03577051385278, "rate": 7.4477447466406055}, "datetime": {"datetime": "2024-06-14 08:53:27", "elapsed": 17.726625, "delta": 0.010479}}
{"target": -305.096106835044, "params": {"gamma": 9.490190594750429, "prior": 1.3808418827316682, "rate": 8.797922693851072}, "datetime": {"datetime": "2024-06-14 08:53:27", "elapsed": 17.736598, "delta": 0.009973}}
{"target": -544.505580957235, "params": {"gamma": 7.119486308304545, "prior": 5.612748843111474, "rate": 0.6711193665390025}, "datetime": {"datetime": "2024-06-14 08:53:27", "elapsed": 17.747568, "delta": 0.01097}}
{"target": -343.227448999919, "params": {"gamma": 7.877623428379662, "prior": 8.141573527504782, "rate": 7.546064084925807}, "datetime": {"datetime": "2024-06-14 08:53:27", "elapsed": 17.758539, "delta": 0.010971}}
{"target": -282.13220990434974, "params": {"gamma": 5.5053451266130216, "prior": 6.352887453044348, "rate": 4.367192277935727}, "datetime": {"datetime": "2024-06-14 08:53:27", "elapsed": 17.768542, "delta": 0.010003}}
{"target": -147.5356361614344, "params": {"gamma": 3.079162242084743, "prior": 2.1563415656940617, "rate": 7.70783813326756}, "datetime": {"datetime": "2024-06-14 08:53:27", "elapsed": 17.778486, "delta": 0.009944}}
{"target": -414.51852968763365, "params": {"gamma": 9.347823400996651, "prior": 6.253005567983246, "rate": 5.342940039040913}, "datetime": {"datetime": "2024-06-14 08:53:27", "elapsed": 17.788488, "delta": 0.010002}}
{"target": -284.70094478214384, "params": {"gamma": 8.832821399586447, "prior": 0.543549432321984, "rate": 3.027452733825171}, "datetime": {"datetime": "2024-06-14 08:53:28", "elapsed": 17.798433, "delta": 0.009945}}
{"target": -167.98614519296518, "params": {"gamma": 3.825328639516465, "prior": 0.4078849577947824, "rate": 5.199809613230569}, "datetime": {"datetime": "2024-06-14 08:53:28", "elapsed": 17.808406, "delta": 0.009973}}
{"target": -462.1292873353281, "params": {"gamma": 9.40582357294277, "prior": 7.992725691934161, "rate": 5.351408522523899}, "datetime": {"datetime": "2024-06-14 08:53:28", "elapsed": 17.81889, "delta": 0.010484}}
{"target": -428.2306278026289, "params": {"gamma": 6.7657338580782405, "prior": 7.873824709873373, "rate": 2.611671926966363}, "datetime": {"datetime": "2024-06-14 08:53:28", "elapsed": 17.828858, "delta": 0.009968}}
{"target": -157.9974918658831, "params": {"gamma": 2.757360350509144, "prior": 6.091715488473178, "rate": 6.74213697673649}, "datetime": {"datetime": "2024-06-14 08:53:28", "elapsed": 17.838832, "delta": 0.009974}}
{"target": -148.84090490135497, "params": {"gamma": 0.037131121203666864, "prior": 8.571439691934431, "rate": 1.4499755526920097}, "datetime": {"datetime": "2024-06-14 08:53:28", "elapsed": 17.854789, "delta": 0.015957}}
{"target": -478.9435659250775, "params": {"gamma": 5.124009381904939, "prior": 5.6655858482099735, "rate": 0.07290430277148773}, "datetime": {"datetime": "2024-06-14 08:53:28", "elapsed": 17.864762, "delta": 0.009973}}
{"target": -194.79991679077392, "params": {"gamma": 4.289076528699282, "prior": 5.384053388047638, "rate": 6.907376297071434}, "datetime": {"datetime": "2024-06-14 08:53:28", "elapsed": 17.874735, "delta": 0.009973}}
{"target": -283.6822316100846, "params": {"gamma": 9.031835670784622, "prior": 0.7787551523432098, "rate": 2.8317040472904758}, "datetime": {"datetime": "2024-06-14 08:53:28", "elapsed": 17.885706, "delta": 0.010971}}
{"target": -217.85781689912054, "params": {"gamma": 5.279795197202099, "prior": 2.9733261504001245, "rate": 4.201892734282735}, "datetime": {"datetime": "2024-06-14 08:53:28", "elapsed": 17.895679, "delta": 0.009973}}
{"target": -335.7416781978886, "params": {"gamma": 9.820547479625972, "prior": 0.6636402718702625, "rate": 9.289203208835787}, "datetime": {"datetime": "2024-06-14 08:53:28", "elapsed": 17.905653, "delta": 0.009974}}
{"target": -298.3157369497932, "params": {"gamma": 6.680114161371072, "prior": 5.035947408040653, "rate": 4.647506170595227}, "datetime": {"datetime": "2024-06-14 08:53:28", "elapsed": 17.915626, "delta": 0.009973}}
{"target": -303.654848710008, "params": {"gamma": 5.589785773928347, "prior": 2.9867128566196963, "rate": 1.7188330067587443}, "datetime": {"datetime": "2024-06-14 08:53:28", "elapsed": 17.9256, "delta": 0.009974}}
{"target": -343.78533847331227, "params": {"gamma": 6.197786816831587, "prior": 9.885925228469835, "rate": 5.162690424583267}, "datetime": {"datetime": "2024-06-14 08:53:28", "elapsed": 17.935573, "delta": 0.009973}}
{"target": -408.54968217662696, "params": {"gamma": 6.710412491894106, "prior": 5.243372538798067, "rate": 2.0011085780511912}, "datetime": {"datetime": "2024-06-14 08:53:28", "elapsed": 17.946544, "delta": 0.010971}}
{"target": -289.123004474258, "params": {"gamma": 5.787379979419437, "prior": 9.583007643759036, "rate": 6.924549114998262}, "datetime": {"datetime": "2024-06-14 08:53:28", "elapsed": 17.956518, "delta": 0.009974}}
{"target": -133.2592460435507, "params": {"gamma": 0.274342053750928, "prior": 3.6948761925389584, "rate": 6.33921964079754}, "datetime": {"datetime": "2024-06-14 08:53:28", "elapsed": 17.96649, "delta": 0.009972}}
{"target": -208.09037772910554, "params": {"gamma": 5.67116400617658, "prior": 1.301203739015265, "rate": 9.364796358912931}, "datetime": {"datetime": "2024-06-14 08:53:28", "elapsed": 17.977461, "delta": 0.010971}}
{"target": -192.8845598472255, "params": {"gamma": 3.938997493293488, "prior": 7.319700947932855, "rate": 7.857086866488291}, "datetime": {"datetime": "2024-06-14 08:53:28", "elapsed": 17.987434, "delta": 0.009973}}
{"target": -150.98721691827498, "params": {"gamma": 2.1307142258890264, "prior": 6.659980991963436, "rate": 5.2341476294898825}, "datetime": {"datetime": "2024-06-14 08:53:28", "elapsed": 17.997408, "delta": 0.009974}}
{"target": -143.50512769662419, "params": {"gamma": 1.783794004691899, "prior": 7.212564495824819, "rate": 5.406224528163018}, "datetime": {"datetime": "2024-06-14 08:53:28", "elapsed": 18.007381, "delta": 0.009973}}
{"target": -136.12516146503944, "params": {"gamma": 2.1417238051544096, "prior": 4.238811933822576, "rate": 6.8079344253726966}, "datetime": {"datetime": "2024-06-14 08:53:28", "elapsed": 18.017354, "delta": 0.009973}}
{"target": -353.6917106582882, "params": {"gamma": 9.937621475494428, "prior": 5.5295345252227435, "rate": 7.939406449739636}, "datetime": {"datetime": "2024-06-14 08:53:28", "elapsed": 18.027328, "delta": 0.009974}}
{"target": -161.6011094959966, "params": {"gamma": 3.3064511453666356, "prior": 5.164454283417241, "rate": 8.350414978664054}, "datetime": {"datetime": "2024-06-14 08:53:28", "elapsed": 18.038298, "delta": 0.01097}}
{"target": -303.33480981969313, "params": {"gamma": 9.704609444607442, "prior": 1.8668728599484044, "rate": 8.513224576444088}, "datetime": {"datetime": "2024-06-14 08:53:28", "elapsed": 18.048272, "delta": 0.009974}}
{"target": -482.7522947916184, "params": {"gamma": 9.8839813130555, "prior": 4.559573957621887, "rate": 3.0802934792591}, "datetime": {"datetime": "2024-06-14 08:53:28", "elapsed": 18.058245, "delta": 0.009973}}
{"target": -287.80180767461985, "params": {"gamma": 9.124683586378131, "prior": 2.2765865789701447, "rate": 9.88264881287327}, "datetime": {"datetime": "2024-06-14 08:53:28", "elapsed": 18.068219, "delta": 0.009974}}
{"target": -185.0897175271514, "params": {"gamma": 4.016014561459776, "prior": 1.0131129142505106, "rate": 1.368611993565815}, "datetime": {"datetime": "2024-06-14 08:53:28", "elapsed": 18.079189, "delta": 0.01097}}
{"target": -183.32744637896909, "params": {"gamma": 4.771246207156717, "prior": 0.7033829612030654, "rate": 2.519602463648642}, "datetime": {"datetime": "2024-06-14 08:53:28", "elapsed": 18.09016, "delta": 0.010971}}
{"target": -331.7284418329721, "params": {"gamma": 7.950227595281238, "prior": 7.874786065977949, "rate": 8.108387517165163}, "datetime": {"datetime": "2024-06-14 08:53:28", "elapsed": 18.100133, "delta": 0.009973}}
{"target": -130.42172294493915, "params": {"gamma": 0.4635818527703097, "prior": 7.687845099749461, "rate": 8.068658621836198}, "datetime": {"datetime": "2024-06-14 08:53:28", "elapsed": 18.110106, "delta": 0.009973}}
{"target": -138.09603757899436, "params": {"gamma": 0.1614807233633352, "prior": 3.9741465501415574, "rate": 8.655905140222567}, "datetime": {"datetime": "2024-06-14 08:53:28", "elapsed": 18.12008, "delta": 0.009974}}
{"target": -493.5455990611174, "params": {"gamma": 9.58478787486283, "prior": 9.203960219040058, "rate": 5.470332354994583}, "datetime": {"datetime": "2024-06-14 08:53:28", "elapsed": 18.130053, "delta": 0.009973}}
{"target": -170.63032417307784, "params": {"gamma": 3.0999028075571977, "prior": 5.933723461468355, "rate": 5.960308888277244}, "datetime": {"datetime": "2024-06-14 08:53:28", "elapsed": 18.141025, "delta": 0.010972}}
{"target": -254.59747843379142, "params": {"gamma": 6.645853962048891, "prior": 5.949068744119219, "rate": 8.680686431625688}, "datetime": {"datetime": "2024-06-14 08:53:28", "elapsed": 18.150997, "delta": 0.009972}}
{"target": -324.0998668914436, "params": {"gamma": 3.740404346465307, "prior": 2.51576369972239, "rate": 0.20584523782095557}, "datetime": {"datetime": "2024-06-14 08:53:28", "elapsed": 18.188896, "delta": 0.037899}}
{"target": -142.18664821972953, "params": {"gamma": 2.3276534032092466, "prior": 1.6998563265328037, "rate": 2.382365800220145}, "datetime": {"datetime": "2024-06-14 08:53:28", "elapsed": 18.200015, "delta": 0.011119}}
{"target": -552.1741820880176, "params": {"gamma": 8.809750700685962, "prior": 7.342834380593291, "rate": 2.4346474261497026}, "datetime": {"datetime": "2024-06-14 08:53:28", "elapsed": 18.21003, "delta": 0.010015}}
{"target": -378.06793644927745, "params": {"gamma": 7.93074966579814, "prior": 5.486796446527367, "rate": 4.065455958505244}, "datetime": {"datetime": "2024-06-14 08:53:28", "elapsed": 18.220003, "delta": 0.009973}}
{"target": -185.955777028201, "params": {"gamma": 2.0588168270783345, "prior": 3.1762456147307865, "rate": 0.7933859337786535}, "datetime": {"datetime": "2024-06-14 08:53:28", "elapsed": 18.229977, "delta": 0.009974}}
{"target": -170.2170393976027, "params": {"gamma": 2.3370014693504007, "prior": 6.690938823288298, "rate": 3.510850519903707}, "datetime": {"datetime": "2024-06-14 08:53:28", "elapsed": 18.23995, "delta": 0.009973}}
{"target": -353.54724048843474, "params": {"gamma": 8.197382234314826, "prior": 6.645433517996546, "rate": 6.243886676338824}, "datetime": {"datetime": "2024-06-14 08:53:28", "elapsed": 18.250973, "delta": 0.011023}}
{"target": -190.24079047500143, "params": {"gamma": 4.203358120025224, "prior": 6.485522600358745, "rate": 8.748431716742354}, "datetime": {"datetime": "2024-06-14 08:53:28", "elapsed": 18.260946, "delta": 0.009973}}
{"target": -150.60676780350582, "params": {"gamma": 3.1134152627298404, "prior": 3.493245069587299, "rate": 8.486942886026812}, "datetime": {"datetime": "2024-06-14 08:53:28", "elapsed": 18.270919, "delta": 0.009973}}
{"target": -381.17866176349554, "params": {"gamma": 5.2994112343421165, "prior": 9.24451206335198, "rate": 1.876341924396167}, "datetime": {"datetime": "2024-06-14 08:53:28", "elapsed": 18.280893, "delta": 0.009974}}
{"target": -215.22948410223705, "params": {"gamma": 2.149517739976633, "prior": 8.638341582747344, "rate": 0.9958043191607387}, "datetime": {"datetime": "2024-06-14 08:53:28", "elapsed": 18.290866, "delta": 0.009973}}
{"target": -235.04368987053996, "params": {"gamma": 4.717152090529902, "prior": 8.410095236823695, "rate": 6.937672299169015}, "datetime": {"datetime": "2024-06-14 08:53:28", "elapsed": 18.300839, "delta": 0.009973}}
{"target": -180.5307003696357, "params": {"gamma": 4.622952603534849, "prior": 1.7354650920880788, "rate": 5.508608102481257}, "datetime": {"datetime": "2024-06-14 08:53:28", "elapsed": 18.31181, "delta": 0.010971}}
{"target": -785.7444636869471, "params": {"gamma": 9.879798710108535, "prior": 8.071059692189767, "rate": 0.5502334117385274}, "datetime": {"datetime": "2024-06-14 08:53:28", "elapsed": 18.321783, "delta": 0.009973}}
{"target": -503.942464584995, "params": {"gamma": 7.109572833570658, "prior": 9.768501118223332, "rate": 1.9345458616173425}, "datetime": {"datetime": "2024-06-14 08:53:28", "elapsed": 18.331757, "delta": 0.009974}}
{"target": -296.58825759116075, "params": {"gamma": 9.564120655508974, "prior": 2.4101209180042362, "rate": 8.194158826769996}, "datetime": {"datetime": "2024-06-14 08:53:28", "elapsed": 18.34173, "delta": 0.009973}}
{"target": -138.84038517596696, "params": {"gamma": 1.495037423229105, "prior": 5.18963690755791, "rate": 3.64078281665956}, "datetime": {"datetime": "2024-06-14 08:53:28", "elapsed": 18.351703, "delta": 0.009973}}
{"target": -228.1453313047445, "params": {"gamma": 6.707204581969504, "prior": 1.8732591939869123, "rate": 5.7979036601822145}, "datetime": {"datetime": "2024-06-14 08:53:28", "elapsed": 18.361677, "delta": 0.009974}}
{"target": -147.48003312619915, "params": {"gamma": 0.02523445285068334, "prior": 4.313976928799815, "rate": 5.158416296806499}, "datetime": {"datetime": "2024-06-14 08:53:28", "elapsed": 18.372648, "delta": 0.010971}}
{"target": -635.175594044546, "params": {"gamma": 8.378128201572276, "prior": 7.600612871411063, "rate": 0.9198244994151032}, "datetime": {"datetime": "2024-06-14 08:53:28", "elapsed": 18.382621, "delta": 0.009973}}
