{"target": -112.82175939704183, "params": {"gamma": 0.657282747746784, "prior": 4.544031005383378, "rate": 8.378448285186794}, "datetime": {"datetime": "2024-06-14 04:54:16", "elapsed": 12.188445, "delta": 0.008975}}
{"target": -114.29367928379564, "params": {"gamma": 1.7983467816471097, "prior": 0.48173470650167005, "rate": 7.327203051217345}, "datetime": {"datetime": "2024-06-14 04:54:16", "elapsed": 12.198419, "delta": 0.009974}}
{"target": -240.42710042751747, "params": {"gamma": 5.630844195010378, "prior": 0.5164002018474038, "rate": 9.848867755318958}, "datetime": {"datetime": "2024-06-14 04:54:16", "elapsed": 12.208392, "delta": 0.009973}}
{"target": -188.4301328201143, "params": {"gamma": 5.693754542449788, "prior": 5.893051062330274, "rate": 7.899276512022575}, "datetime": {"datetime": "2024-06-14 04:54:16", "elapsed": 12.217368, "delta": 0.008976}}
{"target": -291.68335322775465, "params": {"gamma": 9.026444072192401, "prior": 0.7014322896639713, "rate": 3.485783580678766}, "datetime": {"datetime": "2024-06-14 04:54:16", "elapsed": 12.227342, "delta": 0.009974}}
{"target": -192.8304746249966, "params": {"gamma": 2.001718538820858, "prior": 4.70500016338409, "rate": 0.9155879517141836}, "datetime": {"datetime": "2024-06-14 04:54:16", "elapsed": 12.237315, "delta": 0.009973}}
{"target": -107.92590892645329, "params": {"gamma": 0.6817896566229965, "prior": 3.07880538798981, "rate": 9.04354823246074}, "datetime": {"datetime": "2024-06-14 04:54:16", "elapsed": 12.246622, "delta": 0.009307}}
{"target": -897.0536187320226, "params": {"gamma": 9.755444236897075, "prior": 7.660828314655607, "rate": 0.008408388692528457}, "datetime": {"datetime": "2024-06-14 04:54:16", "elapsed": 12.256104, "delta": 0.009482}}
{"target": -246.2117608522166, "params": {"gamma": 7.3524203268081045, "prior": 0.3177258488517453, "rate": 1.6864882568683546}, "datetime": {"datetime": "2024-06-14 04:54:16", "elapsed": 12.266077, "delta": 0.009973}}
{"target": -138.17074468557948, "params": {"gamma": 0.10612956883701744, "prior": 1.576357287795895, "rate": 6.87536774608507}, "datetime": {"datetime": "2024-06-14 04:54:16", "elapsed": 12.27605, "delta": 0.009973}}
{"target": -198.8878658501564, "params": {"gamma": 7.020466736538225, "prior": 3.773666325556383, "rate": 7.312177051179447}, "datetime": {"datetime": "2024-06-14 04:54:16", "elapsed": 12.286024, "delta": 0.009974}}
{"target": -403.44293501393224, "params": {"gamma": 8.47319475004096, "prior": 1.3905393929713459, "rate": 0.8749857543012785}, "datetime": {"datetime": "2024-06-14 04:54:16", "elapsed": 12.295998, "delta": 0.009974}}
{"target": -196.01333946530949, "params": {"gamma": 3.7198426436825134, "prior": 4.098448011756622, "rate": 2.764765794383843}, "datetime": {"datetime": "2024-06-14 04:54:16", "elapsed": 12.30597, "delta": 0.009972}}
{"target": -212.8278491399033, "params": {"gamma": 7.5419276912585245, "prior": 3.2856833854686824, "rate": 8.001642974863078}, "datetime": {"datetime": "2024-06-14 04:54:16", "elapsed": 12.314946, "delta": 0.008976}}
{"target": -362.36043142849513, "params": {"gamma": 9.113172234382187, "prior": 5.180175174658037, "rate": 4.294790874776841}, "datetime": {"datetime": "2024-06-14 04:54:16", "elapsed": 12.324949, "delta": 0.010003}}
{"target": -103.75957910759736, "params": {"gamma": 0.9168564269132811, "prior": 2.8094053076691683, "rate": 8.866591497643999}, "datetime": {"datetime": "2024-06-14 04:54:16", "elapsed": 12.334893, "delta": 0.009944}}
{"target": -146.7835777092827, "params": {"gamma": 2.460197468394256, "prior": 6.24977493002166, "rate": 4.950578951032165}, "datetime": {"datetime": "2024-06-14 04:54:16", "elapsed": 12.344867, "delta": 0.009974}}
{"target": -171.44026529827826, "params": {"gamma": 0.9446309868062094, "prior": 9.003748460789474, "rate": 0.6786405537486796}, "datetime": {"datetime": "2024-06-14 04:54:16", "elapsed": 12.35484, "delta": 0.009973}}
{"target": -303.1758459232846, "params": {"gamma": 6.807342552340344, "prior": 9.722781585845405, "rate": 7.09402853441662}, "datetime": {"datetime": "2024-06-14 04:54:16", "elapsed": 12.363816, "delta": 0.008976}}
{"target": -140.47623460809055, "params": {"gamma": 3.2597612958632975, "prior": 0.8270576470431867, "rate": 5.797790733426387}, "datetime": {"datetime": "2024-06-14 04:54:16", "elapsed": 12.373789, "delta": 0.009973}}
{"target": -206.56323516217415, "params": {"gamma": 7.335436665512681, "prior": 3.6525757331700546, "rate": 6.537860973630521}, "datetime": {"datetime": "2024-06-14 04:54:16", "elapsed": 12.383763, "delta": 0.009974}}
{"target": -244.40324633743785, "params": {"gamma": 5.6663474905763875, "prior": 0.4376535322434657, "rate": 9.207023836034617}, "datetime": {"datetime": "2024-06-14 04:54:16", "elapsed": 12.393736, "delta": 0.009973}}
{"target": -135.30086592252079, "params": {"gamma": 3.80067802872134, "prior": 3.8560792455691626, "rate": 8.463712402100912}, "datetime": {"datetime": "2024-06-14 04:54:16", "elapsed": 12.403709, "delta": 0.009973}}
{"target": -167.60169296887918, "params": {"gamma": 4.843294742066144, "prior": 4.565581063206701, "rate": 6.398927296728125}, "datetime": {"datetime": "2024-06-14 04:54:16", "elapsed": 12.413683, "delta": 0.009974}}
{"target": -122.05267038002559, "params": {"gamma": 2.118501136597562, "prior": 5.330176857702819, "rate": 6.68601667563293}, "datetime": {"datetime": "2024-06-14 04:54:16", "elapsed": 12.423656, "delta": 0.009973}}
{"target": -230.52154088333268, "params": {"gamma": 5.388228223129067, "prior": 7.116735261329858, "rate": 5.985766383139416}, "datetime": {"datetime": "2024-06-14 04:54:16", "elapsed": 12.432632, "delta": 0.008976}}
{"target": -657.6977544706765, "params": {"gamma": 8.414213931463882, "prior": 8.803790551734272, "rate": 0.979294191124055}, "datetime": {"datetime": "2024-06-14 04:54:17", "elapsed": 12.442605, "delta": 0.009973}}
{"target": -115.92455908580975, "params": {"gamma": 2.5866813512262476, "prior": 0.6410959386512911, "rate": 2.289689785820543}, "datetime": {"datetime": "2024-06-14 04:54:17", "elapsed": 12.452579, "delta": 0.009974}}
{"target": -204.25791710963605, "params": {"gamma": 7.209446154413992, "prior": 0.8775978709769626, "rate": 1.5520400109873145}, "datetime": {"datetime": "2024-06-14 04:54:17", "elapsed": 12.462552, "delta": 0.009973}}
{"target": -364.2066476555805, "params": {"gamma": 7.707912505930211, "prior": 4.498819255990509, "rate": 2.9019172561855204}, "datetime": {"datetime": "2024-06-14 04:54:17", "elapsed": 12.471528, "delta": 0.008976}}
{"target": -557.5218220582535, "params": {"gamma": 6.440202978033387, "prior": 8.880690205028927, "rate": 0.3770167983173472}, "datetime": {"datetime": "2024-06-14 04:54:17", "elapsed": 12.481501, "delta": 0.009973}}
{"target": -219.07781005892897, "params": {"gamma": 6.931250350669296, "prior": 6.718652167826616, "rate": 8.680252973877208}, "datetime": {"datetime": "2024-06-14 04:54:17", "elapsed": 12.491474, "delta": 0.009973}}
{"target": -200.7289373874804, "params": {"gamma": 1.964524028194986, "prior": 7.156647032386309, "rate": 1.0399071814446177}, "datetime": {"datetime": "2024-06-14 04:54:17", "elapsed": 12.500451, "delta": 0.008977}}
{"target": -166.63840810842706, "params": {"gamma": 0.5672069415832846, "prior": 6.839880739152903, "rate": 0.22732450662229567}, "datetime": {"datetime": "2024-06-14 04:54:17", "elapsed": 12.510425, "delta": 0.009974}}
{"target": -111.51233747873009, "params": {"gamma": 0.4439465889324353, "prior": 0.46583492545602645, "rate": 4.65463967682463}, "datetime": {"datetime": "2024-06-14 04:54:17", "elapsed": 12.520397, "delta": 0.009972}}
{"target": -528.8479656493673, "params": {"gamma": 7.5789365730024665, "prior": 9.92277231453038, "rate": 2.2668503578440693}, "datetime": {"datetime": "2024-06-14 04:54:17", "elapsed": 12.529373, "delta": 0.008976}}
{"target": -266.0714160690278, "params": {"gamma": 7.924009872480004, "prior": 7.972934055378927, "rate": 8.72255485071234}, "datetime": {"datetime": "2024-06-14 04:54:17", "elapsed": 12.539377, "delta": 0.010004}}
{"target": -133.20552954715814, "params": {"gamma": 3.1432456469635857, "prior": 1.4159580458583867, "rate": 7.967219098261448}, "datetime": {"datetime": "2024-06-14 04:54:17", "elapsed": 12.54932, "delta": 0.009943}}
{"target": -440.73387742898905, "params": {"gamma": 5.675065913341395, "prior": 4.2050738753286225, "rate": 0.587358130182522}, "datetime": {"datetime": "2024-06-14 04:54:17", "elapsed": 12.559293, "delta": 0.009973}}
{"target": -145.92587986500726, "params": {"gamma": 0.06656219698395709, "prior": 3.2286322867153814, "rate": 2.715316394543481}, "datetime": {"datetime": "2024-06-14 04:54:17", "elapsed": 12.568269, "delta": 0.008976}}
{"target": -279.8723616511619, "params": {"gamma": 4.757760549476385, "prior": 9.243757460551764, "rate": 4.167428176120559}, "datetime": {"datetime": "2024-06-14 04:54:17", "elapsed": 12.578243, "delta": 0.009974}}
{"target": -205.32488526252402, "params": {"gamma": 2.8795508249232378, "prior": 8.467940679140908, "rate": 3.0701917238377807}, "datetime": {"datetime": "2024-06-14 04:54:17", "elapsed": 12.588216, "delta": 0.009973}}
{"target": -393.28008259894636, "params": {"gamma": 9.155924640477402, "prior": 8.647777248513803, "rate": 6.388553062492898}, "datetime": {"datetime": "2024-06-14 04:54:17", "elapsed": 12.598189, "delta": 0.009973}}
{"target": -227.879701934145, "params": {"gamma": 7.477004260543885, "prior": 1.6574956757483044, "rate": 6.029139826844452}, "datetime": {"datetime": "2024-06-14 04:54:17", "elapsed": 12.608162, "delta": 0.009973}}
{"target": -208.176035342176, "params": {"gamma": 3.2710458013785924, "prior": 4.937912730263073, "rate": 2.2546291955209634}, "datetime": {"datetime": "2024-06-14 04:54:17", "elapsed": 12.617138, "delta": 0.008976}}
{"target": -287.1840370942093, "params": {"gamma": 9.019674819004562, "prior": 4.174184394127804, "rate": 4.767863797915282}, "datetime": {"datetime": "2024-06-14 04:54:17", "elapsed": 12.627112, "delta": 0.009974}}
{"target": -223.83148329370476, "params": {"gamma": 7.214306126589714, "prior": 1.3097484479347787, "rate": 5.031147420462448}, "datetime": {"datetime": "2024-06-14 04:54:17", "elapsed": 12.637085, "delta": 0.009973}}
{"target": -448.22049933584265, "params": {"gamma": 8.131663485200999, "prior": 6.805684413213499, "rate": 3.2171856095203215}, "datetime": {"datetime": "2024-06-14 04:54:17", "elapsed": 12.646707, "delta": 0.009622}}
{"target": -265.713578908226, "params": {"gamma": 7.106943301265306, "prior": 9.350952026926866, "rate": 8.947867607275063}, "datetime": {"datetime": "2024-06-14 04:54:17", "elapsed": 12.656676, "delta": 0.009969}}
{"target": -224.54827737291225, "params": {"gamma": 7.422605646963092, "prior": 2.7344015716166092, "rate": 3.725501581962508}, "datetime": {"datetime": "2024-06-14 04:54:17", "elapsed": 12.666649, "delta": 0.009973}}
{"target": -197.4305759550952, "params": {"gamma": 5.584620793314178, "prior": 3.872384078878505, "rate": 4.558012873762793}, "datetime": {"datetime": "2024-06-14 04:54:17", "elapsed": 12.676622, "delta": 0.009973}}
{"target": -292.48622512712774, "params": {"gamma": 7.935465915232807, "prior": 1.1290073078901408, "rate": 9.7299927856935}, "datetime": {"datetime": "2024-06-14 04:54:17", "elapsed": 12.686596, "delta": 0.009974}}
{"target": -273.8563399789554, "params": {"gamma": 7.046486043044176, "prior": 8.660805896925622, "rate": 7.817018859374792}, "datetime": {"datetime": "2024-06-14 04:54:17", "elapsed": 12.696569, "delta": 0.009973}}
{"target": -303.4362072877407, "params": {"gamma": 4.322404951375301, "prior": 9.430860319493826, "rate": 2.5316090848682102}, "datetime": {"datetime": "2024-06-14 04:54:17", "elapsed": 12.705545, "delta": 0.008976}}
{"target": -118.62815421888743, "params": {"gamma": 0.46343798347233406, "prior": 1.0590944796215522, "rate": 2.0081654825988586}, "datetime": {"datetime": "2024-06-14 04:54:17", "elapsed": 12.715519, "delta": 0.009974}}
{"target": -174.65588625886213, "params": {"gamma": 5.3912662829380675, "prior": 2.3136652704027774, "rate": 8.353372877694195}, "datetime": {"datetime": "2024-06-14 04:54:17", "elapsed": 12.725492, "delta": 0.009973}}
{"target": -142.71360736341828, "params": {"gamma": 0.09437753374081341, "prior": 7.484419195067273, "rate": 9.69010921459811}, "datetime": {"datetime": "2024-06-14 04:54:17", "elapsed": 12.739454, "delta": 0.013962}}
{"target": -134.82350478496448, "params": {"gamma": 2.6725649276388403, "prior": 6.275773513641307, "rate": 7.148081569821106}, "datetime": {"datetime": "2024-06-14 04:54:17", "elapsed": 12.753969, "delta": 0.014515}}
{"target": -131.23401995987518, "params": {"gamma": 3.270247221878411, "prior": 4.387953061937092, "rate": 7.344354052301767}, "datetime": {"datetime": "2024-06-14 04:54:17", "elapsed": 12.764937, "delta": 0.010968}}
{"target": -104.12640336816857, "params": {"gamma": 1.3123707216933747, "prior": 1.5224911326883348, "rate": 3.7546878211627708}, "datetime": {"datetime": "2024-06-14 04:54:17", "elapsed": 12.777932, "delta": 0.012995}}
{"target": -166.39328732646342, "params": {"gamma": 2.2848621090646066, "prior": 3.139165298421994, "rate": 1.5015067831741629}, "datetime": {"datetime": "2024-06-14 04:54:17", "elapsed": 12.787875, "delta": 0.009943}}
{"target": -140.5976383165422, "params": {"gamma": 0.9672639623300204, "prior": 9.168241908051757, "rate": 3.4595881913084976}, "datetime": {"datetime": "2024-06-14 04:54:17", "elapsed": 12.796851, "delta": 0.008976}}
{"target": -243.53494315987612, "params": {"gamma": 5.660096601094165, "prior": 5.51726777421675, "rate": 4.5041251239749585}, "datetime": {"datetime": "2024-06-14 04:54:17", "elapsed": 12.806825, "delta": 0.009974}}
{"target": -213.71499444983206, "params": {"gamma": 7.478457982844058, "prior": 3.3826069277300896, "rate": 8.924882091116567}, "datetime": {"datetime": "2024-06-14 04:54:17", "elapsed": 12.816827, "delta": 0.010002}}
{"target": -130.42099365338922, "params": {"gamma": 0.6812641898485671, "prior": 5.7914069679783005, "rate": 3.391186716940452}, "datetime": {"datetime": "2024-06-14 04:54:17", "elapsed": 12.826279, "delta": 0.009452}}
{"target": -134.10273098992312, "params": {"gamma": 3.6396395485330513, "prior": 3.120469153051323, "rate": 6.036259408805832}, "datetime": {"datetime": "2024-06-14 04:54:17", "elapsed": 12.836252, "delta": 0.009973}}
{"target": -136.0694296095469, "params": {"gamma": 2.34484488740895, "prior": 3.013631376935151, "rate": 2.8556604108589827}, "datetime": {"datetime": "2024-06-14 04:54:17", "elapsed": 12.846225, "delta": 0.009973}}
{"target": -150.1523686738594, "params": {"gamma": 0.06894765796633268, "prior": 3.779023243593732, "rate": 0.4899246143734417}, "datetime": {"datetime": "2024-06-14 04:54:17", "elapsed": 12.855788, "delta": 0.009563}}
{"target": -351.22454277336556, "params": {"gamma": 8.743887748991542, "prior": 7.246044050893931, "rate": 5.953475738168867}, "datetime": {"datetime": "2024-06-14 04:54:17", "elapsed": 12.865762, "delta": 0.009974}}
{"target": -317.29650333363446, "params": {"gamma": 7.439039471551036, "prior": 9.020831429535983, "rate": 6.941211543141177}, "datetime": {"datetime": "2024-06-14 04:54:17", "elapsed": 12.875735, "delta": 0.009973}}
{"target": -181.45090456379725, "params": {"gamma": 5.90797241496815, "prior": 1.3301665118919654, "rate": 4.046421932570356}, "datetime": {"datetime": "2024-06-14 04:54:17", "elapsed": 12.884711, "delta": 0.008976}}
{"target": -179.79352779980323, "params": {"gamma": 5.789933531360811, "prior": 6.068159221609412, "rate": 9.607817590001783}, "datetime": {"datetime": "2024-06-14 04:54:17", "elapsed": 12.895241, "delta": 0.01053}}
{"target": -168.24890064232656, "params": {"gamma": 2.0557977104341765, "prior": 6.665198142873705, "rate": 2.5650349774738426}, "datetime": {"datetime": "2024-06-14 04:54:17", "elapsed": 12.905213, "delta": 0.009972}}
{"target": -275.9579211419156, "params": {"gamma": 4.1781946638619605, "prior": 9.722309574884378, "rate": 3.31144322847995}, "datetime": {"datetime": "2024-06-14 04:54:17", "elapsed": 12.914189, "delta": 0.008976}}
{"target": -317.9273805917221, "params": {"gamma": 3.620869630590026, "prior": 4.451727639802938, "rate": 0.4076372311016773}, "datetime": {"datetime": "2024-06-14 04:54:17", "elapsed": 12.924697, "delta": 0.010508}}
{"target": -177.941072140466, "params": {"gamma": 3.9863038148057774, "prior": 6.227952485750611, "rate": 5.7812217885154835}, "datetime": {"datetime": "2024-06-14 04:54:17", "elapsed": 12.933644, "delta": 0.008947}}
{"target": -339.02223607288516, "params": {"gamma": 8.734253865159978, "prior": 6.447746922370251, "rate": 5.570002490848631}, "datetime": {"datetime": "2024-06-14 04:54:17", "elapsed": 12.943617, "delta": 0.009973}}
{"target": -267.1640972927591, "params": {"gamma": 6.406830923563959, "prior": 0.5714061557653263, "rate": 9.961217364236495}, "datetime": {"datetime": "2024-06-14 04:54:17", "elapsed": 12.95359, "delta": 0.009973}}
{"target": -131.6445937356768, "params": {"gamma": 1.517902470777048, "prior": 4.242624178680719, "rate": 2.953219449966769}, "datetime": {"datetime": "2024-06-14 04:54:17", "elapsed": 12.963564, "delta": 0.009974}}
{"target": -286.12794898194744, "params": {"gamma": 5.7725917240622495, "prior": 5.6396541321313896, "rate": 3.5217911282734677}, "datetime": {"datetime": "2024-06-14 04:54:17", "elapsed": 12.973536, "delta": 0.009972}}
{"target": -299.1940096286181, "params": {"gamma": 9.73632101034662, "prior": 7.537589226886725, "rate": 8.898523787979325}, "datetime": {"datetime": "2024-06-14 04:54:17", "elapsed": 12.982513, "delta": 0.008977}}
{"target": -225.25884831511135, "params": {"gamma": 4.554646543417618, "prior": 6.0341202774811045, "rate": 4.135119304282028}, "datetime": {"datetime": "2024-06-14 04:54:17", "elapsed": 12.993484, "delta": 0.010971}}
{"target": -213.35803578345877, "params": {"gamma": 3.043247399234573, "prior": 5.302158650435817, "rate": 1.9104821219709982}, "datetime": {"datetime": "2024-06-14 04:54:17", "elapsed": 13.003457, "delta": 0.009973}}
{"target": -250.96172628295497, "params": {"gamma": 2.141803137630578, "prior": 5.156795441297785, "rate": 0.13950689289069168}, "datetime": {"datetime": "2024-06-14 04:54:17", "elapsed": 13.01343, "delta": 0.009973}}
{"target": -202.44013756804878, "params": {"gamma": 4.4554255996411385, "prior": 9.967336646400456, "rate": 8.227007128517913}, "datetime": {"datetime": "2024-06-14 04:54:17", "elapsed": 13.023404, "delta": 0.009974}}
{"target": -141.2688875935616, "params": {"gamma": 0.8355220043224125, "prior": 6.5933141384600535, "rate": 2.25470390737774}, "datetime": {"datetime": "2024-06-14 04:54:17", "elapsed": 13.032379, "delta": 0.008975}}
{"target": -106.7730415401108, "params": {"gamma": 1.1804405667721274, "prior": 3.551904901646867, "rate": 6.771991012506975}, "datetime": {"datetime": "2024-06-14 04:54:17", "elapsed": 13.042354, "delta": 0.009975}}
{"target": -230.99425899006016, "params": {"gamma": 5.508094840668205, "prior": 0.5352303689625977, "rate": 8.567685939201464}, "datetime": {"datetime": "2024-06-14 04:54:17", "elapsed": 13.052357, "delta": 0.010003}}
{"target": -347.4289811238475, "params": {"gamma": 4.776472641076445, "prior": 8.582084626197144, "rate": 1.8773524615382258}, "datetime": {"datetime": "2024-06-14 04:54:17", "elapsed": 13.0623, "delta": 0.009943}}
{"target": -121.69482933192222, "params": {"gamma": 0.8382489282379628, "prior": 5.208099654210848, "rate": 4.545992085303224}, "datetime": {"datetime": "2024-06-14 04:54:17", "elapsed": 13.072273, "delta": 0.009973}}
{"target": -137.64108444063754, "params": {"gamma": 0.13993009549948474, "prior": 0.4896104379385867, "rate": 0.9372347244778493}, "datetime": {"datetime": "2024-06-14 04:54:17", "elapsed": 13.082246, "delta": 0.009973}}
{"target": -117.12818094963247, "params": {"gamma": 0.4077341217427622, "prior": 1.839816766707203, "rate": 5.7557859749589015}, "datetime": {"datetime": "2024-06-14 04:54:17", "elapsed": 13.092219, "delta": 0.009973}}
{"target": -409.49234992845084, "params": {"gamma": 4.768049447045129, "prior": 9.79972035532993, "rate": 0.7083006030293989}, "datetime": {"datetime": "2024-06-14 04:54:17", "elapsed": 13.101196, "delta": 0.008977}}
{"target": -242.5880344878467, "params": {"gamma": 8.67428890537549, "prior": 5.827345843187369, "rate": 8.764878981579999}, "datetime": {"datetime": "2024-06-14 04:54:17", "elapsed": 13.111169, "delta": 0.009973}}
{"target": -107.67706742555383, "params": {"gamma": 0.5580803899209963, "prior": 1.0816198620738768, "rate": 8.631084082751796}, "datetime": {"datetime": "2024-06-14 04:54:17", "elapsed": 13.121142, "delta": 0.009973}}
{"target": -518.9051433679783, "params": {"gamma": 5.7042698804473675, "prior": 5.629088630789569, "rate": 0.13111366674830982}, "datetime": {"datetime": "2024-06-14 04:54:17", "elapsed": 13.131741, "delta": 0.010599}}
{"target": -217.9575409852533, "params": {"gamma": 6.422885788360278, "prior": 8.491878366232083, "rate": 9.96126578479924}, "datetime": {"datetime": "2024-06-14 04:54:17", "elapsed": 13.142711, "delta": 0.01097}}
{"target": -163.0328798804596, "params": {"gamma": 4.3301149523829, "prior": 3.182949555977844, "rate": 4.0482984794974595}, "datetime": {"datetime": "2024-06-14 04:54:17", "elapsed": 13.152714, "delta": 0.010003}}
{"target": -114.81501627162959, "params": {"gamma": 2.2810229380137588, "prior": 2.3383759888621203, "rate": 4.337002443043325}, "datetime": {"datetime": "2024-06-14 04:54:17", "elapsed": 13.163655, "delta": 0.010941}}
{"target": -229.34564051613543, "params": {"gamma": 6.845710542660374, "prior": 6.641299157065754, "rate": 7.725129192452083}, "datetime": {"datetime": "2024-06-14 04:54:17", "elapsed": 13.173628, "delta": 0.009973}}
{"target": -127.48264957358303, "params": {"gamma": 2.1689300660171678, "prior": 7.314193149454935, "rate": 7.952743020363484}, "datetime": {"datetime": "2024-06-14 04:54:17", "elapsed": 13.183602, "delta": 0.009974}}
