{"target": -320.8278739554706, "params": {"gamma": 5.310942498517634, "prior": 8.153913136901503, "rate": 3.763565542385325}, "datetime": {"datetime": "2024-06-14 04:07:35", "elapsed": 10.519634, "delta": 0.009973}}
{"target": -358.7959324616972, "params": {"gamma": 4.4582994882209785, "prior": 7.53393534067921, "rate": 0.9843654431052541}, "datetime": {"datetime": "2024-06-14 04:07:35", "elapsed": 10.529608, "delta": 0.009974}}
{"target": -240.87948806403796, "params": {"gamma": 3.6059025236596125, "prior": 5.680691927335912, "rate": 2.3866173738298953}, "datetime": {"datetime": "2024-06-14 04:07:35", "elapsed": 10.539581, "delta": 0.009973}}
{"target": -347.0351872210137, "params": {"gamma": 8.399697763448607, "prior": 7.6819248236704, "rate": 9.655460253343795}, "datetime": {"datetime": "2024-06-14 04:07:35", "elapsed": 10.548557, "delta": 0.008976}}
{"target": -350.50145562720724, "params": {"gamma": 5.230357762062273, "prior": 1.1545941141068716, "rate": 9.366233613591808}, "datetime": {"datetime": "2024-06-14 04:07:35", "elapsed": 10.55853, "delta": 0.009973}}
{"target": -344.70675108725993, "params": {"gamma": 8.342525658973996, "prior": 5.489739793932052, "rate": 8.363186471576656}, "datetime": {"datetime": "2024-06-14 04:07:35", "elapsed": 10.568504, "delta": 0.009974}}
{"target": -430.960087082787, "params": {"gamma": 8.81702750262007, "prior": 7.783203259932287, "rate": 5.712968516447132}, "datetime": {"datetime": "2024-06-14 04:07:35", "elapsed": 10.578477, "delta": 0.009973}}
{"target": -311.65129506577284, "params": {"gamma": 6.153371915939358, "prior": 8.459467758169252, "rate": 6.222544146503024}, "datetime": {"datetime": "2024-06-14 04:07:35", "elapsed": 10.58845, "delta": 0.009973}}
{"target": -154.25552110645341, "params": {"gamma": 2.0655931119171287, "prior": 6.945735393184301, "rate": 5.320605487023739}, "datetime": {"datetime": "2024-06-14 04:07:35", "elapsed": 10.597427, "delta": 0.008977}}
{"target": -225.72098815974724, "params": {"gamma": 2.633207341942995, "prior": 0.10778676114340056, "rate": 2.3557421152378364}, "datetime": {"datetime": "2024-06-14 04:07:35", "elapsed": 10.6074, "delta": 0.009973}}
{"target": -308.7509174469299, "params": {"gamma": 6.735993413062344, "prior": 8.795369976841354, "rate": 8.307194989836436}, "datetime": {"datetime": "2024-06-14 04:07:35", "elapsed": 10.616929, "delta": 0.009529}}
{"target": -133.10174455964673, "params": {"gamma": 1.0819657484995155, "prior": 0.8041372972760987, "rate": 7.616161526478173}, "datetime": {"datetime": "2024-06-14 04:07:35", "elapsed": 10.626902, "delta": 0.009973}}
{"target": -311.21215481460507, "params": {"gamma": 2.849048887810949, "prior": 2.790850219716551, "rate": 0.021001005783708615}, "datetime": {"datetime": "2024-06-14 04:07:35", "elapsed": 10.636875, "delta": 0.009973}}
{"target": -129.06012701669962, "params": {"gamma": 0.9862915673948899, "prior": 1.442410769184296, "rate": 1.5944427020857364}, "datetime": {"datetime": "2024-06-14 04:07:35", "elapsed": 10.646849, "delta": 0.009974}}
{"target": -221.65267464550396, "params": {"gamma": 4.453690712551038, "prior": 8.159944565765821, "rate": 8.123168855569107}, "datetime": {"datetime": "2024-06-14 04:07:35", "elapsed": 10.656822, "delta": 0.009973}}
{"target": -372.7830114606414, "params": {"gamma": 9.099986227202798, "prior": 4.491561182341304, "rate": 7.087396368942189}, "datetime": {"datetime": "2024-06-14 04:07:35", "elapsed": 10.666441, "delta": 0.009619}}
{"target": -226.65931285848407, "params": {"gamma": 4.883852847086367, "prior": 0.5934413255317578, "rate": 0.8052339082615015}, "datetime": {"datetime": "2024-06-14 04:07:35", "elapsed": 10.675417, "delta": 0.008976}}
{"target": -168.52328650181704, "params": {"gamma": 2.4601774098261746, "prior": 9.818055113367866, "rate": 6.919480375538572}, "datetime": {"datetime": "2024-06-14 04:07:35", "elapsed": 10.68539, "delta": 0.009973}}
{"target": -165.996591755149, "params": {"gamma": 2.680807810991347, "prior": 7.09200612105803, "rate": 6.6137999976813155}, "datetime": {"datetime": "2024-06-14 04:07:35", "elapsed": 10.695365, "delta": 0.009975}}
{"target": -129.89363653012333, "params": {"gamma": 0.4338583185782008, "prior": 3.6787270879532055, "rate": 7.737506106039536}, "datetime": {"datetime": "2024-06-14 04:07:35", "elapsed": 10.705337, "delta": 0.009972}}
{"target": -130.13554942327244, "params": {"gamma": 0.7861506254262016, "prior": 8.855402756081128, "rate": 9.308752094249328}, "datetime": {"datetime": "2024-06-14 04:07:35", "elapsed": 10.71531, "delta": 0.009973}}
{"target": -477.6038715458087, "params": {"gamma": 8.531002038386509, "prior": 1.2620382805993853, "rate": 5.652169643537417}, "datetime": {"datetime": "2024-06-14 04:07:35", "elapsed": 10.725283, "delta": 0.009973}}
{"target": -552.8260855253149, "params": {"gamma": 7.075891918374401, "prior": 8.89100289040774, "rate": 0.958664516968829}, "datetime": {"datetime": "2024-06-14 04:07:35", "elapsed": 10.735257, "delta": 0.009974}}
{"target": -360.4329004802381, "params": {"gamma": 8.157890074908734, "prior": 2.852361683520942, "rate": 5.923281570273373}, "datetime": {"datetime": "2024-06-14 04:07:35", "elapsed": 10.744234, "delta": 0.008977}}
{"target": -449.33508465549346, "params": {"gamma": 7.198237298029824, "prior": 7.7924895786681345, "rate": 2.947353825139696}, "datetime": {"datetime": "2024-06-14 04:07:35", "elapsed": 10.754206, "delta": 0.009972}}
{"target": -321.2251235988519, "params": {"gamma": 6.074158012949801, "prior": 2.945981454603072, "rate": 9.983169186094411}, "datetime": {"datetime": "2024-06-14 04:07:35", "elapsed": 10.76418, "delta": 0.009974}}
{"target": -360.76551354891296, "params": {"gamma": 8.145241573815564, "prior": 4.198381371066737, "rate": 8.791542714456694}, "datetime": {"datetime": "2024-06-14 04:07:35", "elapsed": 10.774153, "delta": 0.009973}}
{"target": -532.240949248577, "params": {"gamma": 7.325278649969429, "prior": 9.294594614204785, "rate": 1.7169353317749951}, "datetime": {"datetime": "2024-06-14 04:07:35", "elapsed": 10.783129, "delta": 0.008976}}
{"target": -180.25187696287898, "params": {"gamma": 2.9490552142038204, "prior": 1.0279930931389578, "rate": 3.1804923357554484}, "datetime": {"datetime": "2024-06-14 04:07:35", "elapsed": 10.793102, "delta": 0.009973}}
{"target": -214.3752146243731, "params": {"gamma": 3.812504948851634, "prior": 6.36385414222566, "rate": 4.715727863547479}, "datetime": {"datetime": "2024-06-14 04:07:35", "elapsed": 10.803076, "delta": 0.009974}}
{"target": -379.2920658701906, "params": {"gamma": 7.176972138789694, "prior": 2.7653129816669733, "rate": 1.7313941351026625}, "datetime": {"datetime": "2024-06-14 04:07:35", "elapsed": 10.813049, "delta": 0.009973}}
{"target": -200.9658942874146, "params": {"gamma": 3.7918469051508774, "prior": 4.43700623053576, "rate": 4.221843551590521}, "datetime": {"datetime": "2024-06-14 04:07:35", "elapsed": 10.822025, "delta": 0.008976}}
{"target": -372.05304118244266, "params": {"gamma": 9.135783296928588, "prior": 2.7687134816348475, "rate": 3.5210819835488736}, "datetime": {"datetime": "2024-06-14 04:07:35", "elapsed": 10.831998, "delta": 0.009973}}
{"target": -149.04570656429487, "params": {"gamma": 2.1528813919731067, "prior": 3.7820378129023013, "rate": 3.8991640529202587}, "datetime": {"datetime": "2024-06-14 04:07:35", "elapsed": 10.841972, "delta": 0.009974}}
{"target": -274.8111636047975, "params": {"gamma": 5.754695144061634, "prior": 2.855813288362186, "rate": 2.595663592769973}, "datetime": {"datetime": "2024-06-14 04:07:35", "elapsed": 10.850948, "delta": 0.008976}}
{"target": -547.1865287157235, "params": {"gamma": 7.190894889170183, "prior": 9.110769204968191, "rate": 1.2218460988148518}, "datetime": {"datetime": "2024-06-14 04:07:35", "elapsed": 10.860921, "delta": 0.009973}}
{"target": -149.23264775622656, "params": {"gamma": 1.8237074185290985, "prior": 1.4177854842714415, "rate": 6.836393220362168}, "datetime": {"datetime": "2024-06-14 04:07:35", "elapsed": 10.870894, "delta": 0.009973}}
{"target": -185.9063939185004, "params": {"gamma": 2.1408837173038955, "prior": 6.0852588727331, "rate": 2.0175856692950274}, "datetime": {"datetime": "2024-06-14 04:07:35", "elapsed": 10.880868, "delta": 0.009974}}
{"target": -361.06280023994276, "params": {"gamma": 8.177754179737551, "prior": 3.229460609356161, "rate": 6.696498030094077}, "datetime": {"datetime": "2024-06-14 04:07:35", "elapsed": 10.890841, "delta": 0.009973}}
{"target": -136.57796072172223, "params": {"gamma": 1.4881868944628063, "prior": 3.128859926152989, "rate": 2.9731172115714624}, "datetime": {"datetime": "2024-06-14 04:07:35", "elapsed": 10.899817, "delta": 0.008976}}
{"target": -277.36067929001223, "params": {"gamma": 6.3511642455179445, "prior": 6.840717218521033, "rate": 8.452641216391733}, "datetime": {"datetime": "2024-06-14 04:07:35", "elapsed": 10.90979, "delta": 0.009973}}
{"target": -143.65579669561768, "params": {"gamma": 1.8342857207824639, "prior": 7.628254666633741, "rate": 7.119682083391317}, "datetime": {"datetime": "2024-06-14 04:07:35", "elapsed": 10.919764, "delta": 0.009974}}
{"target": -432.2541006867774, "params": {"gamma": 5.575881596860648, "prior": 6.536613564525276, "rate": 0.9008610352239393}, "datetime": {"datetime": "2024-06-14 04:07:35", "elapsed": 10.930735, "delta": 0.010971}}
{"target": -129.51335155066914, "params": {"gamma": 1.4696112814099909, "prior": 4.214160035094695, "rate": 7.1139955123219485}, "datetime": {"datetime": "2024-06-14 04:07:35", "elapsed": 10.940707, "delta": 0.009972}}
{"target": -135.41405171886768, "params": {"gamma": 1.6790438150723197, "prior": 3.950893478320653, "rate": 4.979961592920374}, "datetime": {"datetime": "2024-06-14 04:07:35", "elapsed": 10.950682, "delta": 0.009975}}
{"target": -663.9259873740303, "params": {"gamma": 9.350522223405173, "prior": 0.6464428616796051, "rate": 8.290245901995016}, "datetime": {"datetime": "2024-06-14 04:07:35", "elapsed": 10.960654, "delta": 0.009972}}
{"target": -494.4485997861586, "params": {"gamma": 9.841614299141947, "prior": 2.7459988738469, "rate": 8.90068298043714}, "datetime": {"datetime": "2024-06-14 04:07:35", "elapsed": 10.976612, "delta": 0.015958}}
{"target": -192.7149910446288, "params": {"gamma": 2.9037110876153163, "prior": 8.010174232146655, "rate": 4.599113822624364}, "datetime": {"datetime": "2024-06-14 04:07:35", "elapsed": 10.986585, "delta": 0.009973}}
{"target": -300.02939046230637, "params": {"gamma": 5.976488880119824, "prior": 2.443007029974514, "rate": 6.87646200664599}, "datetime": {"datetime": "2024-06-14 04:07:35", "elapsed": 10.996559, "delta": 0.009974}}
{"target": -138.16935302979095, "params": {"gamma": 1.4876999762661907, "prior": 5.640896340117552, "rate": 4.943794976509587}, "datetime": {"datetime": "2024-06-14 04:07:35", "elapsed": 11.006532, "delta": 0.009973}}
{"target": -348.1924233835613, "params": {"gamma": 8.372222753498248, "prior": 4.866538302199957, "rate": 7.847524868907307}, "datetime": {"datetime": "2024-06-14 04:07:35", "elapsed": 11.015508, "delta": 0.008976}}
{"target": -212.045614234859, "params": {"gamma": 4.003542773051022, "prior": 3.1482687409659618, "rate": 7.872484136639694}, "datetime": {"datetime": "2024-06-14 04:07:35", "elapsed": 11.026479, "delta": 0.010971}}
{"target": -207.15088030567495, "params": {"gamma": 4.185224174850338, "prior": 5.017984006012016, "rate": 5.773647990711966}, "datetime": {"datetime": "2024-06-14 04:07:35", "elapsed": 11.036452, "delta": 0.009973}}
{"target": -412.07123677633655, "params": {"gamma": 8.196837713155396, "prior": 5.8550677488045215, "rate": 4.062022883905419}, "datetime": {"datetime": "2024-06-14 04:07:35", "elapsed": 11.045428, "delta": 0.008976}}
{"target": -134.16717462212858, "params": {"gamma": 1.6067076982639186, "prior": 7.050901918649678, "rate": 8.832444983696695}, "datetime": {"datetime": "2024-06-14 04:07:35", "elapsed": 11.055401, "delta": 0.009973}}
{"target": -124.10259347361857, "params": {"gamma": 1.0846805001536175, "prior": 4.715518360549507, "rate": 9.34542051628517}, "datetime": {"datetime": "2024-06-14 04:07:35", "elapsed": 11.065375, "delta": 0.009974}}
{"target": -446.1528085901231, "params": {"gamma": 5.635528165584233, "prior": 5.4980097896596, "rate": 0.6356920232315505}, "datetime": {"datetime": "2024-06-14 04:07:35", "elapsed": 11.075348, "delta": 0.009973}}
{"target": -385.9664753250104, "params": {"gamma": 5.353466496108746, "prior": 6.579958907817386, "rate": 1.466771864485812}, "datetime": {"datetime": "2024-06-14 04:07:35", "elapsed": 11.084324, "delta": 0.008976}}
{"target": -484.04682494519875, "params": {"gamma": 9.563690911740819, "prior": 2.0418928402390932, "rate": 6.739586009585863}, "datetime": {"datetime": "2024-06-14 04:07:35", "elapsed": 11.094136, "delta": 0.009812}}
{"target": -164.05869388117318, "params": {"gamma": 2.744137192928587, "prior": 1.1734652549355584, "rate": 2.6097471361451294}, "datetime": {"datetime": "2024-06-14 04:07:35", "elapsed": 11.10411, "delta": 0.009974}}
{"target": -218.30230090348408, "params": {"gamma": 3.3421841833472294, "prior": 4.700845584587125, "rate": 2.3443300775714717}, "datetime": {"datetime": "2024-06-14 04:07:35", "elapsed": 11.114083, "delta": 0.009973}}
{"target": -325.764571627014, "params": {"gamma": 7.27531136269942, "prior": 8.09119191003769, "rate": 7.909964984873447}, "datetime": {"datetime": "2024-06-14 04:07:35", "elapsed": 11.124056, "delta": 0.009973}}
{"target": -351.3362694614314, "params": {"gamma": 7.157769735363946, "prior": 2.7694681369941243, "rate": 2.1053674526157167}, "datetime": {"datetime": "2024-06-14 04:07:35", "elapsed": 11.133032, "delta": 0.008976}}
{"target": -162.2985576827124, "params": {"gamma": 1.092174154085908, "prior": 4.027142903887254, "rate": 0.8735791351201521}, "datetime": {"datetime": "2024-06-14 04:07:35", "elapsed": 11.143513, "delta": 0.010481}}
{"target": -319.8959537914975, "params": {"gamma": 6.554241175168271, "prior": 9.503306252187942, "rate": 7.556577172510941}, "datetime": {"datetime": "2024-06-14 04:07:35", "elapsed": 11.153486, "delta": 0.009973}}
{"target": -137.5926278248776, "params": {"gamma": 1.1698003792568261, "prior": 0.3027643623121794, "rate": 3.349553409033682}, "datetime": {"datetime": "2024-06-14 04:07:35", "elapsed": 11.16346, "delta": 0.009974}}
{"target": -444.716061749145, "params": {"gamma": 9.928768691433605, "prior": 3.197034304972313, "rate": 7.37534048014249}, "datetime": {"datetime": "2024-06-14 04:07:35", "elapsed": 11.173433, "delta": 0.009973}}
{"target": -376.1900782384615, "params": {"gamma": 7.165577236537339, "prior": 5.768320217183284, "rate": 3.6770929306387004}, "datetime": {"datetime": "2024-06-14 04:07:35", "elapsed": 11.182409, "delta": 0.008976}}
{"target": -229.56424261189775, "params": {"gamma": 2.083448674606851, "prior": 9.801992242791993, "rate": 0.6598718062812502}, "datetime": {"datetime": "2024-06-14 04:07:35", "elapsed": 11.192382, "delta": 0.009973}}
{"target": -157.18187695047885, "params": {"gamma": 2.363041291619063, "prior": 3.1581047580501553, "rate": 9.09512403146957}, "datetime": {"datetime": "2024-06-14 04:07:35", "elapsed": 11.202356, "delta": 0.009974}}
{"target": -382.40138287148153, "params": {"gamma": 7.133979260927965, "prior": 2.727181317356326, "rate": 1.6458485280836919}, "datetime": {"datetime": "2024-06-14 04:07:36", "elapsed": 11.211333, "delta": 0.008977}}
{"target": -721.7872461267282, "params": {"gamma": 8.805093637851785, "prior": 7.958453011075212, "rate": 0.38483593233206737}, "datetime": {"datetime": "2024-06-14 04:07:36", "elapsed": 11.221305, "delta": 0.009972}}
{"target": -420.7103758796797, "params": {"gamma": 8.79312913512225, "prior": 5.9206034775835645, "rate": 4.575914432666735}, "datetime": {"datetime": "2024-06-14 04:07:36", "elapsed": 11.231278, "delta": 0.009973}}
{"target": -425.8042700178662, "params": {"gamma": 6.73884491695568, "prior": 0.49048370550033693, "rate": 3.303881713493146}, "datetime": {"datetime": "2024-06-14 04:07:36", "elapsed": 11.241252, "delta": 0.009974}}
{"target": -139.76202302413688, "params": {"gamma": 0.8813961296757109, "prior": 6.868010901332397, "rate": 3.9807191404477567}, "datetime": {"datetime": "2024-06-14 04:07:36", "elapsed": 11.252223, "delta": 0.010971}}
{"target": -246.05561934594414, "params": {"gamma": 4.790061963647635, "prior": 2.969053058004484, "rate": 7.883156906603142}, "datetime": {"datetime": "2024-06-14 04:07:36", "elapsed": 11.261709, "delta": 0.009486}}
{"target": -129.02126293043852, "params": {"gamma": 0.4660803099952485, "prior": 2.883143899002197, "rate": 5.906368021727022}, "datetime": {"datetime": "2024-06-14 04:07:36", "elapsed": 11.271682, "delta": 0.009973}}
{"target": -331.66545201028833, "params": {"gamma": 7.901544890842957, "prior": 6.055833425528347, "rate": 7.305156197867701}, "datetime": {"datetime": "2024-06-14 04:07:36", "elapsed": 11.282651, "delta": 0.010969}}
{"target": -154.81213615543712, "params": {"gamma": 0.23625562086340346, "prior": 2.623743534154576, "rate": 0.42187550666388557}, "datetime": {"datetime": "2024-06-14 04:07:36", "elapsed": 11.291627, "delta": 0.008976}}
{"target": -465.5177902427456, "params": {"gamma": 5.000623972289424, "prior": 9.892488931793658, "rate": 0.1362915505440842}, "datetime": {"datetime": "2024-06-14 04:07:36", "elapsed": 11.3016, "delta": 0.009973}}
{"target": -363.6848570018962, "params": {"gamma": 4.409349504334219, "prior": 0.14738553924825692, "rate": 6.1292733046741406}, "datetime": {"datetime": "2024-06-14 04:07:36", "elapsed": 11.312571, "delta": 0.010971}}
{"target": -186.62475721803946, "params": {"gamma": 1.8344039025545689, "prior": 7.156143659526229, "rate": 1.5973254712175065}, "datetime": {"datetime": "2024-06-14 04:07:36", "elapsed": 11.322545, "delta": 0.009974}}
{"target": -346.2380996147765, "params": {"gamma": 8.28592797664837, "prior": 2.141163820968893, "rate": 3.522810522045676}, "datetime": {"datetime": "2024-06-14 04:07:36", "elapsed": 11.332517, "delta": 0.009972}}
{"target": -169.12419824940017, "params": {"gamma": 2.3065541407607677, "prior": 8.0960764752713, "rate": 4.903209285941475}, "datetime": {"datetime": "2024-06-14 04:07:36", "elapsed": 11.341494, "delta": 0.008977}}
{"target": -456.76938858770734, "params": {"gamma": 8.738461225360355, "prior": 1.3878511297112337, "rate": 4.990082145540017}, "datetime": {"datetime": "2024-06-14 04:07:36", "elapsed": 11.351467, "delta": 0.009973}}
{"target": -393.72368767765715, "params": {"gamma": 7.766359726186858, "prior": 9.813980671032251, "rate": 6.734103924215217}, "datetime": {"datetime": "2024-06-14 04:07:36", "elapsed": 11.361444, "delta": 0.009977}}
{"target": -207.92767462007646, "params": {"gamma": 1.8308287966897505, "prior": 7.621752259925226, "rate": 0.747277516013488}, "datetime": {"datetime": "2024-06-14 04:07:36", "elapsed": 11.371416, "delta": 0.009972}}
{"target": -389.9493614465791, "params": {"gamma": 7.62796186474408, "prior": 8.295370786127524, "rate": 5.592537951402159}, "datetime": {"datetime": "2024-06-14 04:07:36", "elapsed": 11.381542, "delta": 0.010126}}
{"target": -482.61091649185306, "params": {"gamma": 4.927715577252471, "prior": 9.371621484501743, "rate": 0.0019694099260602308}, "datetime": {"datetime": "2024-06-14 04:07:36", "elapsed": 11.391516, "delta": 0.009974}}
{"target": -148.20357127572512, "params": {"gamma": 0.0966593768907281, "prior": 2.5943190891398578, "rate": 5.057258956122923}, "datetime": {"datetime": "2024-06-14 04:07:36", "elapsed": 11.401488, "delta": 0.009972}}
{"target": -274.69175285141284, "params": {"gamma": 5.404626088310402, "prior": 3.775794997844595, "rate": 2.9278210405766725}, "datetime": {"datetime": "2024-06-14 04:07:36", "elapsed": 11.412459, "delta": 0.010971}}
{"target": -175.27216860602599, "params": {"gamma": 2.0244710973929743, "prior": 8.02279075452163, "rate": 3.159913122914842}, "datetime": {"datetime": "2024-06-14 04:07:36", "elapsed": 11.422433, "delta": 0.009974}}
{"target": -257.51774621118807, "params": {"gamma": 4.925187387485644, "prior": 8.131779827869634, "rate": 6.123977065658692}, "datetime": {"datetime": "2024-06-14 04:07:36", "elapsed": 11.432405, "delta": 0.009972}}
{"target": -208.8534780039062, "params": {"gamma": 4.086676353275073, "prior": 1.851351801368232, "rate": 3.977123246381154}, "datetime": {"datetime": "2024-06-14 04:07:36", "elapsed": 11.442379, "delta": 0.009974}}
{"target": -335.99681176023245, "params": {"gamma": 4.852641324647453, "prior": 9.906787466384639, "rate": 2.842666564129935}, "datetime": {"datetime": "2024-06-14 04:07:36", "elapsed": 11.451355, "delta": 0.008976}}
{"target": -140.12666277748514, "params": {"gamma": 1.6572311251158391, "prior": 2.2836975838028972, "rate": 2.115461976224172}, "datetime": {"datetime": "2024-06-14 04:07:36", "elapsed": 11.461331, "delta": 0.009976}}
{"target": -134.97627661998268, "params": {"gamma": 0.761400858057041, "prior": 3.712586214392191, "rate": 2.848055513881634}, "datetime": {"datetime": "2024-06-14 04:07:36", "elapsed": 11.472302, "delta": 0.010971}}
{"target": -664.2736596450172, "params": {"gamma": 8.876000332641663, "prior": 7.824570138568547, "rate": 1.09154050351661}, "datetime": {"datetime": "2024-06-14 04:07:36", "elapsed": 11.482304, "delta": 0.010002}}
{"target": -518.5671324317739, "params": {"gamma": 8.505184450178726, "prior": 1.1850262084006502, "rate": 7.2023572600056704}, "datetime": {"datetime": "2024-06-14 04:07:36", "elapsed": 11.492248, "delta": 0.009944}}
{"target": -392.730082108733, "params": {"gamma": 5.728670154913063, "prior": 0.9594030042480481, "rate": 9.053375032737591}, "datetime": {"datetime": "2024-06-14 04:07:36", "elapsed": 11.501224, "delta": 0.008976}}
{"target": -518.8511621438381, "params": {"gamma": 8.745790582338879, "prior": 8.454132140483077, "rate": 3.6963039838180336}, "datetime": {"datetime": "2024-06-14 04:07:36", "elapsed": 11.511198, "delta": 0.009974}}
