{"target": -1021.9573292514094, "params": {"gamma": 4.170803025021038, "lr": 0.7203244934421581}, "datetime": {"datetime": "2024-06-13 22:26:33", "elapsed": 0.0, "delta": 0.0}}
{"target": -146.91438277016417, "params": {"gamma": 0.002143633798631522, "lr": 0.30233257263183977}, "datetime": {"datetime": "2024-06-13 22:26:33", "elapsed": 0.003988, "delta": 0.003988}}
{"target": -505.51750185154214, "params": {"gamma": 1.4684121522803133, "lr": 0.0923385947687978}, "datetime": {"datetime": "2024-06-13 22:26:33", "elapsed": 0.007978, "delta": 0.00399}}
{"target": -461.0041067721857, "params": {"gamma": 1.8634158535653313, "lr": 0.34556072704304774}, "datetime": {"datetime": "2024-06-13 22:26:33", "elapsed": 0.01097, "delta": 0.002992}}
{"target": -882.1366712028557, "params": {"gamma": 3.968277974832469, "lr": 0.538816734003357}, "datetime": {"datetime": "2024-06-13 22:26:33", "elapsed": 0.014961, "delta": 0.003991}}
{"target": -1006.1546098943329, "params": {"gamma": 4.192525949518545, "lr": 0.6852195003967595}, "datetime": {"datetime": "2024-06-13 22:26:33", "elapsed": 0.018949, "delta": 0.003988}}
{"target": -579.3220311814191, "params": {"gamma": 2.045318045065443, "lr": 0.8781174363909454}, "datetime": {"datetime": "2024-06-13 22:26:33", "elapsed": 0.022939, "delta": 0.00399}}
{"target": -159.24456302934152, "params": {"gamma": 0.2748485443860637, "lr": 0.6704675101784022}, "datetime": {"datetime": "2024-06-13 22:26:33", "elapsed": 0.025931, "delta": 0.002992}}
{"target": -923.7915783549647, "params": {"gamma": 4.173630718868903, "lr": 0.5586898284457517}, "datetime": {"datetime": "2024-06-13 22:26:33", "elapsed": 0.02992, "delta": 0.003989}}
{"target": -397.88733336965043, "params": {"gamma": 1.4047289990137424, "lr": 0.1981014890848788}, "datetime": {"datetime": "2024-06-13 22:26:33", "elapsed": 0.032913, "delta": 0.002993}}
{"target": -2223.699350601276, "params": {"gamma": 8.00764494218669, "lr": 0.9682615757193975}, "datetime": {"datetime": "2024-06-13 22:26:33", "elapsed": 0.036901, "delta": 0.003988}}
{"target": -760.7657583479765, "params": {"gamma": 3.1349283574142692, "lr": 0.6923226156693141}, "datetime": {"datetime": "2024-06-13 22:26:33", "elapsed": 0.040892, "delta": 0.003991}}
{"target": -2380.53512381141, "params": {"gamma": 8.764015133808087, "lr": 0.8946066635038473}, "datetime": {"datetime": "2024-06-13 22:26:33", "elapsed": 0.043883, "delta": 0.002991}}
{"target": -328.68843850199295, "params": {"gamma": 0.8513570694864094, "lr": 0.03905478323288236}, "datetime": {"datetime": "2024-06-13 22:26:33", "elapsed": 0.047874, "delta": 0.003991}}
{"target": -489.28311711799773, "params": {"gamma": 1.6991343652261244, "lr": 0.8781425034294131}, "datetime": {"datetime": "2024-06-13 22:26:33", "elapsed": 0.051861, "delta": 0.003987}}
{"target": -253.98846779540438, "params": {"gamma": 0.9843699914966679, "lr": 0.42110762500505217}, "datetime": {"datetime": "2024-06-13 22:26:33", "elapsed": 0.054854, "delta": 0.002993}}
{"target": -2102.875028682121, "params": {"gamma": 9.578937411974868, "lr": 0.5331652849730171}, "datetime": {"datetime": "2024-06-13 22:26:33", "elapsed": 0.058843, "delta": 0.003989}}
{"target": -1594.349496273178, "params": {"gamma": 6.919079262390784, "lr": 0.31551563100606295}, "datetime": {"datetime": "2024-06-13 22:26:33", "elapsed": 0.061835, "delta": 0.002992}}
{"target": -1817.0558267970496, "params": {"gamma": 6.865322775888155, "lr": 0.8346256718973729}, "datetime": {"datetime": "2024-06-13 22:26:33", "elapsed": 0.065824, "delta": 0.003989}}
{"target": -152.47519474369452, "params": {"gamma": 0.18386448516457388, "lr": 0.7501443149449675}, "datetime": {"datetime": "2024-06-13 22:26:33", "elapsed": 0.068816, "delta": 0.002992}}
{"target": -2417.4001854666426, "params": {"gamma": 9.88862202797604, "lr": 0.7481656543798394}, "datetime": {"datetime": "2024-06-13 22:26:33", "elapsed": 0.072805, "delta": 0.003989}}
{"target": -720.2944108065445, "params": {"gamma": 2.8051594766519874, "lr": 0.7892793284514885}, "datetime": {"datetime": "2024-06-13 22:26:33", "elapsed": 0.075797, "delta": 0.002992}}
{"target": -266.43383415737674, "params": {"gamma": 1.0331568397698425, "lr": 0.44789352617590517}, "datetime": {"datetime": "2024-06-13 22:26:33", "elapsed": 0.079786, "delta": 0.003989}}
{"target": -2119.024080104993, "params": {"gamma": 9.086046435427862, "lr": 0.2936141483736795}, "datetime": {"datetime": "2024-06-13 22:26:33", "elapsed": 0.082779, "delta": 0.002993}}
{"target": -932.050776305932, "params": {"gamma": 2.878465610524901, "lr": 0.13002857211827767}, "datetime": {"datetime": "2024-06-13 22:26:33", "elapsed": 0.086768, "delta": 0.003989}}
{"target": -152.4176488055989, "params": {"gamma": 0.19465021174510047, "lr": 0.678835532939891}, "datetime": {"datetime": "2024-06-13 22:26:33", "elapsed": 0.08976, "delta": 0.002992}}
{"target": -502.629036145386, "params": {"gamma": 2.1170695318845905, "lr": 0.2655466593722262}, "datetime": {"datetime": "2024-06-13 22:26:33", "elapsed": 0.093749, "delta": 0.003989}}
{"target": -1631.067237249595, "params": {"gamma": 4.916240019644103, "lr": 0.053362545117080384}, "datetime": {"datetime": "2024-06-13 22:26:33", "elapsed": 0.096741, "delta": 0.002992}}
{"target": -1852.996281624264, "params": {"gamma": 5.741601937314639, "lr": 0.14672857490581015}, "datetime": {"datetime": "2024-06-13 22:26:33", "elapsed": 0.099733, "delta": 0.002992}}
{"target": -1402.3509406652145, "params": {"gamma": 5.89346606349594, "lr": 0.6997583600209312}, "datetime": {"datetime": "2024-06-13 22:26:33", "elapsed": 0.103722, "delta": 0.003989}}
{"target": -261.13325270981807, "params": {"gamma": 1.0242419538494305, "lr": 0.4140559878195683}, "datetime": {"datetime": "2024-06-13 22:26:33", "elapsed": 0.106714, "delta": 0.002992}}
{"target": -1508.5451715964407, "params": {"gamma": 6.9443071771197245, "lr": 0.41417926952690265}, "datetime": {"datetime": "2024-06-13 22:26:33", "elapsed": 0.110704, "delta": 0.00399}}
{"target": -179.74636516690614, "params": {"gamma": 0.5004846360019255, "lr": 0.5358964059155116}, "datetime": {"datetime": "2024-06-13 22:26:33", "elapsed": 0.113696, "delta": 0.002992}}
{"target": -1462.2191866346943, "params": {"gamma": 6.638282657552669, "lr": 0.5148891120583086}, "datetime": {"datetime": "2024-06-13 22:26:33", "elapsed": 0.117685, "delta": 0.003989}}
{"target": -2127.9263184164847, "params": {"gamma": 9.446002965152143, "lr": 0.5865550405019929}, "datetime": {"datetime": "2024-06-13 22:26:33", "elapsed": 0.120677, "delta": 0.002992}}
{"target": -2886.7592567610827, "params": {"gamma": 9.034115750963547, "lr": 0.13747470414623753}, "datetime": {"datetime": "2024-06-13 22:26:33", "elapsed": 0.124666, "delta": 0.003989}}
{"target": -388.01606813783565, "params": {"gamma": 1.3936241961603346, "lr": 0.8073912887095238}, "datetime": {"datetime": "2024-06-13 22:26:33", "elapsed": 0.127658, "delta": 0.002992}}
{"target": -1288.416369680517, "params": {"gamma": 3.9773706930183503, "lr": 0.16535419711693278}, "datetime": {"datetime": "2024-06-13 22:26:33", "elapsed": 0.131648, "delta": 0.00399}}
{"target": -2210.5184091557585, "params": {"gamma": 9.275158295379942, "lr": 0.34776585974550656}, "datetime": {"datetime": "2024-06-13 22:26:33", "elapsed": 0.134639, "delta": 0.002991}}
{"target": -1816.6375881174804, "params": {"gamma": 7.50837021925842, "lr": 0.7259979853504515}, "datetime": {"datetime": "2024-06-13 22:26:33", "elapsed": 0.13863, "delta": 0.003991}}
{"target": -2026.0160374668878, "params": {"gamma": 8.833177605966892, "lr": 0.6236722070556089}, "datetime": {"datetime": "2024-06-13 22:26:33", "elapsed": 0.141621, "delta": 0.002991}}
{"target": -1791.294749192694, "params": {"gamma": 7.509673397839345, "lr": 0.34889834197784253}, "datetime": {"datetime": "2024-06-13 22:26:33", "elapsed": 0.14561, "delta": 0.003989}}
{"target": -753.882229120498, "params": {"gamma": 2.7000089897584956, "lr": 0.8958862181960668}, "datetime": {"datetime": "2024-06-13 22:26:33", "elapsed": 0.148603, "delta": 0.002993}}
{"target": -1198.91535292362, "params": {"gamma": 4.281483807523078, "lr": 0.9648400471483856}, "datetime": {"datetime": "2024-06-13 22:26:33", "elapsed": 0.152592, "delta": 0.003989}}
{"target": -1527.18915444091, "params": {"gamma": 6.634751536686663, "lr": 0.6216957202091218}, "datetime": {"datetime": "2024-06-13 22:26:33", "elapsed": 0.155584, "delta": 0.002992}}
{"target": -354.75475163994673, "params": {"gamma": 1.1483449835607984, "lr": 0.9494892587070712}, "datetime": {"datetime": "2024-06-13 22:26:33", "elapsed": 0.159573, "delta": 0.003989}}
{"target": -1023.9441552237062, "params": {"gamma": 4.499671422665926, "lr": 0.5783896143871318}, "datetime": {"datetime": "2024-06-13 22:26:33", "elapsed": 0.162565, "delta": 0.002992}}
{"target": -972.4464563005723, "params": {"gamma": 4.081959890810051, "lr": 0.2370269802430277}, "datetime": {"datetime": "2024-06-13 22:26:33", "elapsed": 0.166557, "delta": 0.003992}}
{"target": -2035.8451452551992, "params": {"gamma": 9.033891826101975, "lr": 0.5736794866722859}, "datetime": {"datetime": "2024-06-13 22:26:33", "elapsed": 0.169546, "delta": 0.002989}}
{"target": -146.57392690076716, "params": {"gamma": 0.029700399984558545, "lr": 0.6171449136207239}, "datetime": {"datetime": "2024-06-13 22:26:33", "elapsed": 0.173536, "delta": 0.00399}}
{"target": -730.7951832063795, "params": {"gamma": 3.2671223728191894, "lr": 0.5270581022576093}, "datetime": {"datetime": "2024-06-13 22:26:33", "elapsed": 0.176528, "delta": 0.002992}}
{"target": -2111.8193958751203, "params": {"gamma": 8.859535051008434, "lr": 0.35726976000249977}, "datetime": {"datetime": "2024-06-13 22:26:33", "elapsed": 0.179519, "delta": 0.002991}}
{"target": -2083.2689693553584, "params": {"gamma": 9.085442974047073, "lr": 0.6233601157918027}, "datetime": {"datetime": "2024-06-13 22:26:33", "elapsed": 0.183539, "delta": 0.00402}}
{"target": -152.6195984760007, "params": {"gamma": 0.15919660722271628, "lr": 0.9294372337437613}, "datetime": {"datetime": "2024-06-13 22:26:33", "elapsed": 0.187498, "delta": 0.003959}}
{"target": -1921.3045056991812, "params": {"gamma": 6.9092782782517235, "lr": 0.9973228504514805}, "datetime": {"datetime": "2024-06-13 22:26:33", "elapsed": 0.19049, "delta": 0.002992}}
{"target": -570.4718946857847, "params": {"gamma": 1.7242327429449402, "lr": 0.13713574962887776}, "datetime": {"datetime": "2024-06-13 22:26:33", "elapsed": 0.19448, "delta": 0.00399}}
{"target": -2203.368678024591, "params": {"gamma": 9.326022034908599, "lr": 0.6968181614899002}, "datetime": {"datetime": "2024-06-13 22:26:33", "elapsed": 0.197472, "delta": 0.002992}}
{"target": -222.74542446384928, "params": {"gamma": 0.6609357270479028, "lr": 0.7554630526024664}, "datetime": {"datetime": "2024-06-13 22:26:33", "elapsed": 0.200464, "delta": 0.002992}}
{"target": -2094.6627595632435, "params": {"gamma": 7.539008008424004, "lr": 0.9230245355464833}, "datetime": {"datetime": "2024-06-13 22:26:33", "elapsed": 0.204453, "delta": 0.003989}}
{"target": -2236.833404820549, "params": {"gamma": 7.11553606152609, "lr": 0.1242709619721647}, "datetime": {"datetime": "2024-06-13 22:26:33", "elapsed": 0.208442, "delta": 0.003989}}
{"target": -161.09719012285686, "params": {"gamma": 0.1997814582641161, "lr": 0.026210986877719278}, "datetime": {"datetime": "2024-06-13 22:26:33", "elapsed": 0.212432, "delta": 0.00399}}
{"target": -158.84332857392678, "params": {"gamma": 0.2840365737199253, "lr": 0.2462110676030459}, "datetime": {"datetime": "2024-06-13 22:26:33", "elapsed": 0.215424, "delta": 0.002992}}
{"target": -1889.6304513445161, "params": {"gamma": 8.600419458880197, "lr": 0.5388310643416528}, "datetime": {"datetime": "2024-06-13 22:26:33", "elapsed": 0.219413, "delta": 0.003989}}
{"target": -1469.1166750526036, "params": {"gamma": 5.5286669648789735, "lr": 0.8420308923596057}, "datetime": {"datetime": "2024-06-13 22:26:33", "elapsed": 0.222405, "delta": 0.002992}}
{"target": -315.3447127433651, "params": {"gamma": 1.2426089778839915, "lr": 0.2791836790111395}, "datetime": {"datetime": "2024-06-13 22:26:33", "elapsed": 0.226394, "delta": 0.003989}}
{"target": -1632.036635612439, "params": {"gamma": 5.858006955311422, "lr": 0.9695957483196745}, "datetime": {"datetime": "2024-06-13 22:26:33", "elapsed": 0.229386, "delta": 0.002992}}
{"target": -1855.5782823678876, "params": {"gamma": 5.6107411623378445, "lr": 0.01864728937294302}, "datetime": {"datetime": "2024-06-13 22:26:33", "elapsed": 0.232378, "delta": 0.002992}}
{"target": -1887.6337062465082, "params": {"gamma": 8.006526094133482, "lr": 0.23297427384102043}, "datetime": {"datetime": "2024-06-13 22:26:33", "elapsed": 0.237365, "delta": 0.004987}}
{"target": -1908.6615114397102, "params": {"gamma": 8.071244850992173, "lr": 0.38786064406417176}, "datetime": {"datetime": "2024-06-13 22:26:33", "elapsed": 0.242352, "delta": 0.004987}}
{"target": -2114.2408916868612, "params": {"gamma": 8.635555003739727, "lr": 0.7471216427371846}, "datetime": {"datetime": "2024-06-13 22:26:33", "elapsed": 0.246341, "delta": 0.003989}}
{"target": -1783.2193979306535, "params": {"gamma": 5.562846099670199, "lr": 0.13645522566068502}, "datetime": {"datetime": "2024-06-13 22:26:33", "elapsed": 0.249333, "delta": 0.002992}}
{"target": -240.64610966011267, "params": {"gamma": 0.6001169774326044, "lr": 0.12134345574073735}, "datetime": {"datetime": "2024-06-13 22:26:33", "elapsed": 0.253008, "delta": 0.003675}}
{"target": -205.59780836034182, "params": {"gamma": 0.4464742335690725, "lr": 0.1074941291060929}, "datetime": {"datetime": "2024-06-13 22:26:33", "elapsed": 0.256, "delta": 0.002992}}
{"target": -563.5436401524759, "params": {"gamma": 2.2578676767399393, "lr": 0.7129889803826767}, "datetime": {"datetime": "2024-06-13 22:26:33", "elapsed": 0.259989, "delta": 0.003989}}
{"target": -1851.332762321079, "params": {"gamma": 5.597610103559371, "lr": 0.012555980159115854}, "datetime": {"datetime": "2024-06-13 22:26:33", "elapsed": 0.262981, "delta": 0.002992}}
{"target": -250.8748504886006, "params": {"gamma": 0.7206708226151783, "lr": 0.967276330000272}, "datetime": {"datetime": "2024-06-13 22:26:33", "elapsed": 0.26697, "delta": 0.003989}}
{"target": -1447.202058799033, "params": {"gamma": 5.6814365187375016, "lr": 0.20329323466099047}, "datetime": {"datetime": "2024-06-13 22:26:33", "elapsed": 0.269962, "delta": 0.002992}}
{"target": -640.6595796868855, "params": {"gamma": 2.5240051199586637, "lr": 0.7438258540750929}, "datetime": {"datetime": "2024-06-13 22:26:33", "elapsed": 0.273952, "delta": 0.00399}}
{"target": -463.8611845640167, "params": {"gamma": 1.9550993816120785, "lr": 0.5813589272732578}, "datetime": {"datetime": "2024-06-13 22:26:33", "elapsed": 0.276944, "delta": 0.002992}}
{"target": -2555.3774167478173, "params": {"gamma": 9.700229870894034, "lr": 0.8468288014900353}, "datetime": {"datetime": "2024-06-13 22:26:33", "elapsed": 0.280933, "delta": 0.003989}}
{"target": -543.5349952499961, "params": {"gamma": 2.399237743716714, "lr": 0.49376971426872995}, "datetime": {"datetime": "2024-06-13 22:26:33", "elapsed": 0.284922, "delta": 0.003989}}
{"target": -1594.9562496082647, "params": {"gamma": 6.199937228095417, "lr": 0.8289808995501787}, "datetime": {"datetime": "2024-06-13 22:26:33", "elapsed": 0.287914, "delta": 0.002992}}
{"target": -553.3817154274049, "params": {"gamma": 1.5687571550661965, "lr": 0.018576202177409518}, "datetime": {"datetime": "2024-06-13 22:26:33", "elapsed": 0.291904, "delta": 0.00399}}
{"target": -208.65882097705574, "params": {"gamma": 0.7011514150485041, "lr": 0.4863451109370318}, "datetime": {"datetime": "2024-06-13 22:26:33", "elapsed": 0.294896, "delta": 0.002992}}
{"target": -1332.4713874444483, "params": {"gamma": 6.063688287071651, "lr": 0.5688514370864813}, "datetime": {"datetime": "2024-06-13 22:26:33", "elapsed": 0.298569, "delta": 0.003673}}
{"target": -895.9554985718318, "params": {"gamma": 3.1743067308122854, "lr": 0.9886161544124489}, "datetime": {"datetime": "2024-06-13 22:26:33", "elapsed": 0.30255, "delta": 0.003981}}
{"target": -1374.7839991708365, "params": {"gamma": 5.797872447238724, "lr": 0.3801411726235504}, "datetime": {"datetime": "2024-06-13 22:26:33", "elapsed": 0.305542, "delta": 0.002992}}
{"target": -1358.565563110629, "params": {"gamma": 5.509931242959851, "lr": 0.7453344309065021}, "datetime": {"datetime": "2024-06-13 22:26:33", "elapsed": 0.309532, "delta": 0.00399}}
{"target": -1536.6351161075772, "params": {"gamma": 6.6926597016383935, "lr": 0.2649195576628094}, "datetime": {"datetime": "2024-06-13 22:26:33", "elapsed": 0.312524, "delta": 0.002992}}
{"target": -206.65048246789488, "params": {"gamma": 0.6642820094499873, "lr": 0.3700841979141063}, "datetime": {"datetime": "2024-06-13 22:26:33", "elapsed": 0.316513, "delta": 0.003989}}
{"target": -1601.721934454677, "params": {"gamma": 6.297545352708624, "lr": 0.2101740099148396}, "datetime": {"datetime": "2024-06-13 22:26:33", "elapsed": 0.320502, "delta": 0.003989}}
{"target": -2475.5481442753426, "params": {"gamma": 7.5278027818344, "lr": 0.06653648135411494}, "datetime": {"datetime": "2024-06-13 22:26:33", "elapsed": 0.323494, "delta": 0.002992}}
{"target": -681.2906035082354, "params": {"gamma": 2.603890670686831, "lr": 0.8047545637433454}, "datetime": {"datetime": "2024-06-13 22:26:33", "elapsed": 0.327484, "delta": 0.00399}}
{"target": -474.48496687813446, "params": {"gamma": 1.935149391950654, "lr": 0.6394608808799401}, "datetime": {"datetime": "2024-06-13 22:26:33", "elapsed": 0.330476, "delta": 0.002992}}
{"target": -1464.0881190532825, "params": {"gamma": 5.247178420928214, "lr": 0.9248079703993507}, "datetime": {"datetime": "2024-06-13 22:26:33", "elapsed": 0.334465, "delta": 0.003989}}
{"target": -894.4836817542799, "params": {"gamma": 2.633704408100623, "lr": 0.06596109068402378}, "datetime": {"datetime": "2024-06-13 22:26:33", "elapsed": 0.337457, "delta": 0.002992}}
{"target": -1834.9109267572728, "params": {"gamma": 7.350924566923407, "lr": 0.7721780295432468}, "datetime": {"datetime": "2024-06-13 22:26:33", "elapsed": 0.341446, "delta": 0.003989}}
{"target": -2518.5394015827233, "params": {"gamma": 9.078250709182736, "lr": 0.9319720691968373}, "datetime": {"datetime": "2024-06-13 22:26:33", "elapsed": 0.34444, "delta": 0.002994}}
{"target": -148.82824462414194, "params": {"gamma": 0.14050177818299456, "lr": 0.2343620861214205}, "datetime": {"datetime": "2024-06-13 22:26:33", "elapsed": 0.348428, "delta": 0.003988}}
{"target": -1717.3569977878967, "params": {"gamma": 6.1681667916595755, "lr": 0.9490163206876164}, "datetime": {"datetime": "2024-06-13 22:26:33", "elapsed": 0.352417, "delta": 0.003989}}
{"target": -2077.9503316958608, "params": {"gamma": 9.50181101635155, "lr": 0.5566531881951564}, "datetime": {"datetime": "2024-06-13 22:26:33", "elapsed": 0.355409, "delta": 0.002992}}
{"target": -2122.8992908940877, "params": {"gamma": 9.15614789131298, "lr": 0.6415662089463375}, "datetime": {"datetime": "2024-06-13 22:26:33", "elapsed": 0.359398, "delta": 0.003989}}
{"target": -864.9988676393028, "params": {"gamma": 3.9006871336983213, "lr": 0.48599066709690975}, "datetime": {"datetime": "2024-06-13 22:26:33", "elapsed": 0.36239, "delta": 0.002992}}
{"target": -1327.4055425151828, "params": {"gamma": 6.043500518716813, "lr": 0.5495479215085626}, "datetime": {"datetime": "2024-06-13 22:26:33", "elapsed": 0.36638, "delta": 0.00399}}
{"target": -2569.1178582972234, "params": {"gamma": 9.26188808563783, "lr": 0.9187334356336061}, "datetime": {"datetime": "2024-06-13 22:26:33", "elapsed": 0.369372, "delta": 0.002992}}
{"target": -1107.8730551663539, "params": {"gamma": 3.9493612536226252, "lr": 0.9632625284407118}, "datetime": {"datetime": "2024-06-13 22:26:33", "elapsed": 0.373361, "delta": 0.003989}}
{"target": -575.4715699950634, "params": {"gamma": 1.740382711137963, "lr": 0.12632951943963733}, "datetime": {"datetime": "2024-06-13 22:26:33", "elapsed": 0.376353, "delta": 0.002992}}
{"target": -328.6421688921402, "params": {"gamma": 1.3516565013092665, "lr": 0.5056621656768967}, "datetime": {"datetime": "2024-06-13 22:26:33", "elapsed": 0.380342, "delta": 0.003989}}
{"target": -158.1061796797602, "params": {"gamma": 0.2162265279367056, "lr": 0.947970211217681}, "datetime": {"datetime": "2024-06-13 22:26:33", "elapsed": 0.383335, "delta": 0.002993}}
{"target": -2716.045083452092, "params": {"gamma": 8.271327596236153, "lr": 0.015018980742122379}, "datetime": {"datetime": "2024-06-13 22:26:33", "elapsed": 0.387324, "delta": 0.003989}}
{"target": -429.9172051064973, "params": {"gamma": 1.7627863594949775, "lr": 0.332063574366837}, "datetime": {"datetime": "2024-06-13 22:26:33", "elapsed": 0.390316, "delta": 0.002992}}
{"target": -368.5789955832007, "params": {"gamma": 1.310837451264358, "lr": 0.8094906921265821}, "datetime": {"datetime": "2024-06-13 22:26:33", "elapsed": 0.394305, "delta": 0.003989}}
{"target": -970.6862904143136, "params": {"gamma": 3.4480217901802512, "lr": 0.9401074823333672}, "datetime": {"datetime": "2024-06-13 22:26:33", "elapsed": 0.397297, "delta": 0.002992}}
{"target": -1584.0974110739198, "params": {"gamma": 5.820559785290854, "lr": 0.8788319844118441}, "datetime": {"datetime": "2024-06-13 22:26:33", "elapsed": 0.401286, "delta": 0.003989}}
{"target": -2303.8649346138786, "params": {"gamma": 8.447499719476827, "lr": 0.9053923187086492}, "datetime": {"datetime": "2024-06-13 22:26:33", "elapsed": 0.404278, "delta": 0.002992}}
{"target": -1014.9714398292763, "params": {"gamma": 4.599342777902254, "lr": 0.5463468160203733}, "datetime": {"datetime": "2024-06-13 22:26:33", "elapsed": 0.40727, "delta": 0.002992}}
{"target": -1865.0064524750012, "params": {"gamma": 7.986237307929242, "lr": 0.28571885173414757}, "datetime": {"datetime": "2024-06-13 22:26:33", "elapsed": 0.41126, "delta": 0.00399}}
