{"target": -268.7692029295708, "params": {"gamma": 1.0947197590216522, "lr": 0.673041054216622}, "datetime": {"datetime": "2024-06-13 17:04:58", "elapsed": 1.651847, "delta": 0.003989}}
{"target": -1091.6284985983611, "params": {"gamma": 4.999823778620901, "lr": 0.777098229275783}, "datetime": {"datetime": "2024-06-13 17:04:58", "elapsed": 1.654839, "delta": 0.002992}}
{"target": -597.1702125428294, "params": {"gamma": 1.4369263717442184, "lr": 0.08320263643587555}, "datetime": {"datetime": "2024-06-13 17:04:58", "elapsed": 1.658828, "delta": 0.003989}}
{"target": -882.1507355017261, "params": {"gamma": 3.9927868349191855, "lr": 0.7969622519799001}, "datetime": {"datetime": "2024-06-13 17:04:58", "elapsed": 1.662818, "delta": 0.00399}}
{"target": -436.57145703126037, "params": {"gamma": 1.917565713359991, "lr": 0.767777192147274}, "datetime": {"datetime": "2024-06-13 17:04:58", "elapsed": 1.665809, "delta": 0.002991}}
{"target": -554.7746954508043, "params": {"gamma": 2.90368967262162, "lr": 0.21689148761179533}, "datetime": {"datetime": "2024-06-13 17:04:58", "elapsed": 1.669799, "delta": 0.00399}}
{"target": -141.77643558956785, "params": {"gamma": 0.1681391751809873, "lr": 0.3986590599223787}, "datetime": {"datetime": "2024-06-13 17:04:58", "elapsed": 1.673788, "delta": 0.003989}}
{"target": -768.8635185017677, "params": {"gamma": 3.8114338314432303, "lr": 0.6593449361953647}, "datetime": {"datetime": "2024-06-13 17:04:58", "elapsed": 1.67678, "delta": 0.002992}}
{"target": -206.50710793892367, "params": {"gamma": 0.7101130863034019, "lr": 0.15260398704227185}, "datetime": {"datetime": "2024-06-13 17:04:58", "elapsed": 1.68077, "delta": 0.00399}}
{"target": -156.6745724432817, "params": {"gamma": 0.16674225312644053, "lr": 0.11379635644740682}, "datetime": {"datetime": "2024-06-13 17:04:58", "elapsed": 1.684759, "delta": 0.003989}}
{"target": -1103.0856085739683, "params": {"gamma": 6.518240970824895, "lr": 0.4026568521749192}, "datetime": {"datetime": "2024-06-13 17:04:58", "elapsed": 1.687751, "delta": 0.002992}}
{"target": -615.2508569267897, "params": {"gamma": 3.2109421153589914, "lr": 0.5579119942437725}, "datetime": {"datetime": "2024-06-13 17:04:58", "elapsed": 1.69174, "delta": 0.003989}}
{"target": -2283.9374614928747, "params": {"gamma": 9.9346111705354, "lr": 0.8344865140180296}, "datetime": {"datetime": "2024-06-13 17:04:58", "elapsed": 1.69573, "delta": 0.00399}}
{"target": -1724.064499116576, "params": {"gamma": 6.99653220081344, "lr": 0.9182585891320579}, "datetime": {"datetime": "2024-06-13 17:04:58", "elapsed": 1.699719, "delta": 0.003989}}
{"target": -228.1584883283833, "params": {"gamma": 0.3982473381241651, "lr": 0.07033344161552524}, "datetime": {"datetime": "2024-06-13 17:04:58", "elapsed": 1.702711, "delta": 0.002992}}
{"target": -738.5309771350676, "params": {"gamma": 4.740588893590559, "lr": 0.3491674129570773}, "datetime": {"datetime": "2024-06-13 17:04:58", "elapsed": 1.7067, "delta": 0.003989}}
{"target": -1564.0113962252105, "params": {"gamma": 9.37258336922236, "lr": 0.48956496114516856}, "datetime": {"datetime": "2024-06-13 17:04:58", "elapsed": 1.710689, "delta": 0.003989}}
{"target": -1293.9560170165507, "params": {"gamma": 5.396951451823413, "lr": 0.8952603657312208}, "datetime": {"datetime": "2024-06-13 17:04:58", "elapsed": 1.713681, "delta": 0.002992}}
{"target": -1055.4247777087844, "params": {"gamma": 4.466903823191082, "lr": 0.8770343892703519}, "datetime": {"datetime": "2024-06-13 17:04:58", "elapsed": 1.717671, "delta": 0.00399}}
{"target": -410.3821866929763, "params": {"gamma": 2.536563911966912, "lr": 0.27380970415810857}, "datetime": {"datetime": "2024-06-13 17:04:58", "elapsed": 1.72166, "delta": 0.003989}}
{"target": -618.5020743630763, "params": {"gamma": 3.284285539485814, "lr": 0.5475642704809535}, "datetime": {"datetime": "2024-06-13 17:04:58", "elapsed": 1.724652, "delta": 0.002992}}
{"target": -490.9633196755277, "params": {"gamma": 2.2020666115957854, "lr": 0.6714291710812733}, "datetime": {"datetime": "2024-06-13 17:04:58", "elapsed": 1.728642, "delta": 0.00399}}
{"target": -534.8228591887402, "params": {"gamma": 1.4287900347472011, "lr": 0.09410027449963942}, "datetime": {"datetime": "2024-06-13 17:04:58", "elapsed": 1.732631, "delta": 0.003989}}
{"target": -1473.1981092232545, "params": {"gamma": 8.70204727030757, "lr": 0.23686870355699852}, "datetime": {"datetime": "2024-06-13 17:04:58", "elapsed": 1.73662, "delta": 0.003989}}
{"target": -736.9023186342152, "params": {"gamma": 3.8606541062149327, "lr": 0.5715420927253323}, "datetime": {"datetime": "2024-06-13 17:04:58", "elapsed": 1.739612, "delta": 0.002992}}
{"target": -2047.26053447356, "params": {"gamma": 5.258493897544749, "lr": 0.07602387944210687}, "datetime": {"datetime": "2024-06-13 17:04:58", "elapsed": 1.743601, "delta": 0.003989}}
{"target": -2150.5323497716226, "params": {"gamma": 8.741385230044685, "lr": 0.9511356184186921}, "datetime": {"datetime": "2024-06-13 17:04:58", "elapsed": 1.747591, "delta": 0.00399}}
{"target": -1251.8385634934252, "params": {"gamma": 8.125260534442543, "lr": 0.2838018349468743}, "datetime": {"datetime": "2024-06-13 17:04:58", "elapsed": 1.75158, "delta": 0.003989}}
{"target": -819.2805517351389, "params": {"gamma": 5.278940114383477, "lr": 0.3394167240176095}, "datetime": {"datetime": "2024-06-13 17:04:58", "elapsed": 1.754572, "delta": 0.002992}}
{"target": -1370.0095106476235, "params": {"gamma": 5.54711844056588, "lr": 0.9744034689130026}, "datetime": {"datetime": "2024-06-13 17:04:58", "elapsed": 1.758562, "delta": 0.00399}}
{"target": -682.5614274718114, "params": {"gamma": 3.1177174742720952, "lr": 0.6687966059228697}, "datetime": {"datetime": "2024-06-13 17:04:58", "elapsed": 1.762551, "delta": 0.003989}}
{"target": -719.8800080422751, "params": {"gamma": 3.26034610588255, "lr": 0.7744772660150796}, "datetime": {"datetime": "2024-06-13 17:04:58", "elapsed": 1.76654, "delta": 0.003989}}
{"target": -788.9084782426849, "params": {"gamma": 3.258773856165435, "lr": 0.889827341447375}, "datetime": {"datetime": "2024-06-13 17:04:58", "elapsed": 1.770529, "delta": 0.003989}}
{"target": -1631.2674055322257, "params": {"gamma": 7.51732550147175, "lr": 0.7626320954451107}, "datetime": {"datetime": "2024-06-13 17:04:58", "elapsed": 1.774519, "delta": 0.00399}}
{"target": -878.0383123298429, "params": {"gamma": 4.695320806570698, "lr": 0.21076450246870537}, "datetime": {"datetime": "2024-06-13 17:04:58", "elapsed": 1.778508, "delta": 0.003989}}
{"target": -146.58829295406284, "params": {"gamma": 0.4157093206854123, "lr": 0.3218287999702445}, "datetime": {"datetime": "2024-06-13 17:04:58", "elapsed": 1.782497, "delta": 0.003989}}
{"target": -154.93516455451768, "params": {"gamma": 0.3720895322754502, "lr": 0.6938554113738997}, "datetime": {"datetime": "2024-06-13 17:04:58", "elapsed": 1.785489, "delta": 0.002992}}
{"target": -1131.2053923427898, "params": {"gamma": 6.703829969329749, "lr": 0.430471782744975}, "datetime": {"datetime": "2024-06-13 17:04:58", "elapsed": 1.789479, "delta": 0.00399}}
{"target": -1425.2995026985307, "params": {"gamma": 7.678121987604072, "lr": 0.5360084947395637}, "datetime": {"datetime": "2024-06-13 17:04:58", "elapsed": 1.793468, "delta": 0.003989}}
{"target": -174.0125382770901, "params": {"gamma": 0.3995594064278903, "lr": 0.13479311796067905}, "datetime": {"datetime": "2024-06-13 17:04:58", "elapsed": 1.797458, "delta": 0.00399}}
{"target": -325.1712384190625, "params": {"gamma": 1.9349705737501688, "lr": 0.3356638011646498}, "datetime": {"datetime": "2024-06-13 17:04:58", "elapsed": 1.800449, "delta": 0.002991}}
{"target": -166.84127341817646, "params": {"gamma": 0.52407715142833, "lr": 0.6051167805003662}, "datetime": {"datetime": "2024-06-13 17:04:58", "elapsed": 1.804439, "delta": 0.00399}}
{"target": -1026.5254947049732, "params": {"gamma": 5.121098214211664, "lr": 0.6174610120171561}, "datetime": {"datetime": "2024-06-13 17:04:58", "elapsed": 1.808429, "delta": 0.00399}}
{"target": -1002.6997680681465, "params": {"gamma": 4.324123592048677, "lr": 0.8477004682374377}, "datetime": {"datetime": "2024-06-13 17:04:58", "elapsed": 1.812447, "delta": 0.004018}}
{"target": -1774.0606596379098, "params": {"gamma": 4.541136501535455, "lr": 0.015403519791920894}, "datetime": {"datetime": "2024-06-13 17:04:58", "elapsed": 1.815439, "delta": 0.002992}}
{"target": -1741.247148587036, "params": {"gamma": 8.730808416322548, "lr": 0.6562015477440989}, "datetime": {"datetime": "2024-06-13 17:04:58", "elapsed": 1.819428, "delta": 0.003989}}
{"target": -2025.5787311009294, "params": {"gamma": 8.23020740344406, "lr": 0.9517756930338517}, "datetime": {"datetime": "2024-06-13 17:04:58", "elapsed": 1.823388, "delta": 0.00396}}
{"target": -161.5261997602487, "params": {"gamma": 0.5100729227853552, "lr": 0.23507186409101455}, "datetime": {"datetime": "2024-06-13 17:04:58", "elapsed": 1.827377, "delta": 0.003989}}
{"target": -170.7804264266047, "params": {"gamma": 0.6343710911199417, "lr": 0.4216578860324509}, "datetime": {"datetime": "2024-06-13 17:04:58", "elapsed": 1.83037, "delta": 0.002993}}
{"target": -3334.912753086231, "params": {"gamma": 8.638427625869019, "lr": 0.0816239827150681}, "datetime": {"datetime": "2024-06-13 17:04:58", "elapsed": 1.834359, "delta": 0.003989}}
{"target": -1188.8561926652073, "params": {"gamma": 4.7316464169059, "lr": 0.12554310980872363}, "datetime": {"datetime": "2024-06-13 17:04:58", "elapsed": 1.838348, "delta": 0.003989}}
{"target": -1780.0180604864668, "params": {"gamma": 7.729083136069011, "lr": 0.8414221567958434}, "datetime": {"datetime": "2024-06-13 17:04:58", "elapsed": 1.84134, "delta": 0.002992}}
{"target": -152.36145693081133, "params": {"gamma": 0.4338660909233998, "lr": 0.48644074317039476}, "datetime": {"datetime": "2024-06-13 17:04:58", "elapsed": 1.84533, "delta": 0.00399}}
{"target": -604.108392875254, "params": {"gamma": 2.3948710303334217, "lr": 0.9524737816932592}, "datetime": {"datetime": "2024-06-13 17:04:58", "elapsed": 1.849319, "delta": 0.003989}}
{"target": -1878.793979246857, "params": {"gamma": 9.438982385210178, "lr": 0.6139340023847009}, "datetime": {"datetime": "2024-06-13 17:04:58", "elapsed": 1.853308, "delta": 0.003989}}
{"target": -1489.3963513701115, "params": {"gamma": 9.734900485854638, "lr": 0.344861343716251}, "datetime": {"datetime": "2024-06-13 17:04:58", "elapsed": 1.8563, "delta": 0.002992}}
{"target": -1507.5095578504197, "params": {"gamma": 8.97860932595915, "lr": 0.4345949734085095}, "datetime": {"datetime": "2024-06-13 17:04:58", "elapsed": 1.860289, "delta": 0.003989}}
{"target": -595.4808591067712, "params": {"gamma": 2.35891055683799, "lr": 0.9408279632013994}, "datetime": {"datetime": "2024-06-13 17:04:58", "elapsed": 1.864279, "delta": 0.00399}}
{"target": -2650.6808885336586, "params": {"gamma": 6.842496291781293, "lr": 0.06491158533912933}, "datetime": {"datetime": "2024-06-13 17:04:58", "elapsed": 1.868268, "delta": 0.003989}}
{"target": -1885.1420305296726, "params": {"gamma": 8.704378143373837, "lr": 0.7013802946333463}, "datetime": {"datetime": "2024-06-13 17:04:58", "elapsed": 1.87126, "delta": 0.002992}}
{"target": -1334.6361731482089, "params": {"gamma": 6.049663802869843, "lr": 0.7323748991793305}, "datetime": {"datetime": "2024-06-13 17:04:58", "elapsed": 1.875249, "delta": 0.003989}}
{"target": -519.8961224542846, "params": {"gamma": 2.535136985955308, "lr": 0.6004889552745444}, "datetime": {"datetime": "2024-06-13 17:04:58", "elapsed": 1.879239, "delta": 0.00399}}
{"target": -3147.443803832334, "params": {"gamma": 8.146377193435292, "lr": 0.05411366032399989}, "datetime": {"datetime": "2024-06-13 17:04:58", "elapsed": 1.882231, "delta": 0.002992}}
{"target": -326.7116386989679, "params": {"gamma": 1.3059762027213204, "lr": 0.8424458099564136}, "datetime": {"datetime": "2024-06-13 17:04:58", "elapsed": 1.88622, "delta": 0.003989}}
{"target": -1151.9970174573323, "params": {"gamma": 6.183840347409528, "lr": 0.531287810481058}, "datetime": {"datetime": "2024-06-13 17:04:58", "elapsed": 1.890209, "delta": 0.003989}}
{"target": -411.3845575219968, "params": {"gamma": 2.483658999241989, "lr": 0.2950785752494959}, "datetime": {"datetime": "2024-06-13 17:04:58", "elapsed": 1.893201, "delta": 0.002992}}
{"target": -1469.5459890284098, "params": {"gamma": 8.726988963029699, "lr": 0.42166593484970927}, "datetime": {"datetime": "2024-06-13 17:04:58", "elapsed": 1.897191, "delta": 0.00399}}
{"target": -200.81511477601362, "params": {"gamma": 0.6452381255404884, "lr": 0.8969850695075825}, "datetime": {"datetime": "2024-06-13 17:04:58", "elapsed": 1.90118, "delta": 0.003989}}
{"target": -479.6035539497662, "params": {"gamma": 2.0346049474076864, "lr": 0.8262275354923914}, "datetime": {"datetime": "2024-06-13 17:04:58", "elapsed": 1.905169, "delta": 0.003989}}
{"target": -1472.7681999506065, "params": {"gamma": 8.81782446020499, "lr": 0.48675074481833813}, "datetime": {"datetime": "2024-06-13 17:04:58", "elapsed": 1.908161, "delta": 0.002992}}
{"target": -1115.652937608494, "params": {"gamma": 5.98504846635326, "lr": 0.527267456485417}, "datetime": {"datetime": "2024-06-13 17:04:58", "elapsed": 1.912151, "delta": 0.00399}}
{"target": -1441.831356208828, "params": {"gamma": 6.248588120560806, "lr": 0.8550417213473515}, "datetime": {"datetime": "2024-06-13 17:04:58", "elapsed": 1.91614, "delta": 0.003989}}
{"target": -674.5736304369248, "params": {"gamma": 2.8221123446002014, "lr": 0.8837555081806009}, "datetime": {"datetime": "2024-06-13 17:04:58", "elapsed": 1.919132, "delta": 0.002992}}
{"target": -1742.7463908237019, "params": {"gamma": 5.677335610861374, "lr": 0.11510304096690338}, "datetime": {"datetime": "2024-06-13 17:04:58", "elapsed": 1.923122, "delta": 0.00399}}
{"target": -445.87983809104065, "params": {"gamma": 2.270784650981365, "lr": 0.5959823856130138}, "datetime": {"datetime": "2024-06-13 17:04:58", "elapsed": 1.927111, "delta": 0.003989}}
{"target": -614.9106384105098, "params": {"gamma": 2.395222922809899, "lr": 0.13141566053746057}, "datetime": {"datetime": "2024-06-13 17:04:58", "elapsed": 1.930103, "delta": 0.002992}}
{"target": -394.04154037321916, "params": {"gamma": 1.6193152935242277, "lr": 0.8448725182357391}, "datetime": {"datetime": "2024-06-13 17:04:58", "elapsed": 1.934093, "delta": 0.00399}}
{"target": -1486.0327329970132, "params": {"gamma": 6.022234355273215, "lr": 0.9635670871883419}, "datetime": {"datetime": "2024-06-13 17:04:58", "elapsed": 1.938081, "delta": 0.003988}}
{"target": -662.5078798169772, "params": {"gamma": 3.4574464537469587, "lr": 0.5956250981349497}, "datetime": {"datetime": "2024-06-13 17:04:58", "elapsed": 1.942071, "delta": 0.00399}}
{"target": -1197.932668290035, "params": {"gamma": 5.9902539044452245, "lr": 0.6157042872039488}, "datetime": {"datetime": "2024-06-13 17:04:58", "elapsed": 1.945063, "delta": 0.002992}}
{"target": -182.45652885326135, "params": {"gamma": 0.5927128946500382, "lr": 0.7503171845746859}, "datetime": {"datetime": "2024-06-13 17:04:58", "elapsed": 1.949052, "delta": 0.003989}}
{"target": -1755.371643174099, "params": {"gamma": 9.482146772378064, "lr": 0.5346790571795887}, "datetime": {"datetime": "2024-06-13 17:04:58", "elapsed": 1.953042, "delta": 0.00399}}
{"target": -438.3992464239063, "params": {"gamma": 1.926367653529729, "lr": 0.7529259149799422}, "datetime": {"datetime": "2024-06-13 17:04:58", "elapsed": 1.957031, "delta": 0.003989}}
{"target": -142.9155543253636, "params": {"gamma": 0.07418237430931014, "lr": 0.32825610365078084}, "datetime": {"datetime": "2024-06-13 17:04:58", "elapsed": 1.96102, "delta": 0.003989}}
{"target": -1724.1367579455452, "params": {"gamma": 9.176145870096288, "lr": 0.5883673328938768}, "datetime": {"datetime": "2024-06-13 17:04:59", "elapsed": 1.965009, "delta": 0.003989}}
{"target": -1703.6488418684824, "params": {"gamma": 8.55204764875745, "lr": 0.6046720523491877}, "datetime": {"datetime": "2024-06-13 17:04:59", "elapsed": 1.968002, "delta": 0.002993}}
{"target": -1930.5707895366033, "params": {"gamma": 8.225958947086186, "lr": 0.8794835234293169}, "datetime": {"datetime": "2024-06-13 17:04:59", "elapsed": 1.971991, "delta": 0.003989}}
{"target": -993.1275576161513, "params": {"gamma": 3.210542758870008, "lr": 0.12295477155217849}, "datetime": {"datetime": "2024-06-13 17:04:59", "elapsed": 1.97598, "delta": 0.003989}}
{"target": -1215.4617241966623, "params": {"gamma": 7.213312138521522, "lr": 0.44034708683123824}, "datetime": {"datetime": "2024-06-13 17:04:59", "elapsed": 1.978972, "delta": 0.002992}}
{"target": -271.1623139359565, "params": {"gamma": 1.268230355710944, "lr": 0.5898236481098892}, "datetime": {"datetime": "2024-06-13 17:04:59", "elapsed": 1.982961, "delta": 0.003989}}
{"target": -156.1504399670539, "params": {"gamma": 0.36164707738402946, "lr": 0.20018211641098693}, "datetime": {"datetime": "2024-06-13 17:04:59", "elapsed": 1.986951, "delta": 0.00399}}
{"target": -3047.1840398998766, "params": {"gamma": 7.883223595490022, "lr": 0.012096760015357866}, "datetime": {"datetime": "2024-06-13 17:04:59", "elapsed": 1.99094, "delta": 0.003989}}
{"target": -1200.7120745569478, "params": {"gamma": 3.034153371413982, "lr": 0.021375961088070716}, "datetime": {"datetime": "2024-06-13 17:04:59", "elapsed": 1.993932, "delta": 0.002992}}
{"target": -1872.6804396627952, "params": {"gamma": 9.974852442290567, "lr": 0.5820299763434618}, "datetime": {"datetime": "2024-06-13 17:04:59", "elapsed": 1.997921, "delta": 0.003989}}
{"target": -734.1324340848761, "params": {"gamma": 2.93446940858208, "lr": 0.9289494618931157}, "datetime": {"datetime": "2024-06-13 17:04:59", "elapsed": 2.001911, "delta": 0.00399}}
{"target": -857.0808384792767, "params": {"gamma": 5.071687116058498, "lr": 0.4546922275524069}, "datetime": {"datetime": "2024-06-13 17:04:59", "elapsed": 2.0059, "delta": 0.003989}}
{"target": -911.7886465182931, "params": {"gamma": 5.879127191455569, "lr": 0.2641376442105696}, "datetime": {"datetime": "2024-06-13 17:04:59", "elapsed": 2.008892, "delta": 0.002992}}
{"target": -474.38147503811444, "params": {"gamma": 3.0535777051749857, "lr": 0.37165457672418245}, "datetime": {"datetime": "2024-06-13 17:04:59", "elapsed": 2.012894, "delta": 0.004002}}
{"target": -477.36902320476656, "params": {"gamma": 2.4452355457167374, "lr": 0.5845472661166298}, "datetime": {"datetime": "2024-06-13 17:04:59", "elapsed": 2.016871, "delta": 0.003977}}
{"target": -2694.977081797448, "params": {"gamma": 6.958765493189333, "lr": 0.07194722016400112}, "datetime": {"datetime": "2024-06-13 17:04:59", "elapsed": 2.02086, "delta": 0.003989}}
{"target": -2101.720048135564, "params": {"gamma": 9.710862112935013, "lr": 0.7530706558694549}, "datetime": {"datetime": "2024-06-13 17:04:59", "elapsed": 2.024849, "delta": 0.003989}}
{"target": -1748.0391710805761, "params": {"gamma": 8.061825466371129, "lr": 0.7516404040812905}, "datetime": {"datetime": "2024-06-13 17:04:59", "elapsed": 2.028839, "delta": 0.00399}}
{"target": -188.31595780176912, "params": {"gamma": 0.8015297117349018, "lr": 0.48169628302117706}, "datetime": {"datetime": "2024-06-13 17:04:59", "elapsed": 2.031831, "delta": 0.002992}}
{"target": -965.8092775261161, "params": {"gamma": 4.457283891060159, "lr": 0.6724726505249299}, "datetime": {"datetime": "2024-06-13 17:04:59", "elapsed": 2.03582, "delta": 0.003989}}
{"target": -981.2703985608705, "params": {"gamma": 4.487923850984395, "lr": 0.7043133983839096}, "datetime": {"datetime": "2024-06-13 17:04:59", "elapsed": 2.039809, "delta": 0.003989}}
{"target": -1466.6885925183126, "params": {"gamma": 6.816771730688627, "lr": 0.6971485287527562}, "datetime": {"datetime": "2024-06-13 17:04:59", "elapsed": 2.042801, "delta": 0.002992}}
{"target": -1360.9317423893497, "params": {"gamma": 6.186388824872803, "lr": 0.15098073327964578}, "datetime": {"datetime": "2024-06-13 17:04:59", "elapsed": 2.046791, "delta": 0.00399}}
{"target": -1662.1820013619263, "params": {"gamma": 7.608263760601256, "lr": 0.781045822193957}, "datetime": {"datetime": "2024-06-13 17:04:59", "elapsed": 2.05078, "delta": 0.003989}}
{"target": -1529.646226185491, "params": {"gamma": 9.041125756152136, "lr": 0.23376869260410593}, "datetime": {"datetime": "2024-06-13 17:04:59", "elapsed": 2.05477, "delta": 0.00399}}
{"target": -303.85878506941316, "params": {"gamma": 1.7676122518303419, "lr": 0.3910991231067624}, "datetime": {"datetime": "2024-06-13 17:04:59", "elapsed": 2.058759, "delta": 0.003989}}
{"target": -728.9259975921348, "params": {"gamma": 3.206325975297607, "lr": 0.8154769290056262}, "datetime": {"datetime": "2024-06-13 17:04:59", "elapsed": 2.062748, "delta": 0.003989}}
{"target": -1335.0154201886328, "params": {"gamma": 6.135645470784649, "lr": 0.7600017523497489}, "datetime": {"datetime": "2024-06-13 17:04:59", "elapsed": 2.066738, "delta": 0.00399}}
{"target": -1522.9421895448718, "params": {"gamma": 4.277223331869946, "lr": 0.09944056291558923}, "datetime": {"datetime": "2024-06-13 17:04:59", "elapsed": 2.069729, "delta": 0.002991}}
{"target": -216.9156122819545, "params": {"gamma": 1.151235085490412, "lr": 0.3734071317371953}, "datetime": {"datetime": "2024-06-13 17:04:59", "elapsed": 2.073719, "delta": 0.00399}}
{"target": -458.8428851819815, "params": {"gamma": 1.939283827327562, "lr": 0.8207464986229382}, "datetime": {"datetime": "2024-06-13 17:04:59", "elapsed": 2.077588, "delta": 0.003869}}
{"target": -1292.5167610664976, "params": {"gamma": 5.996760448228745, "lr": 0.688845259018665}, "datetime": {"datetime": "2024-06-13 17:04:59", "elapsed": 2.082084, "delta": 0.004496}}
{"target": -1887.8857799585558, "params": {"gamma": 4.911608503081658, "lr": 0.08817368124218106}, "datetime": {"datetime": "2024-06-13 17:04:59", "elapsed": 2.085076, "delta": 0.002992}}
{"target": -415.1562176217648, "params": {"gamma": 2.351541289225017, "lr": 0.461602080891622}, "datetime": {"datetime": "2024-06-13 17:04:59", "elapsed": 2.089065, "delta": 0.003989}}
