{"target": -93.20026520255966, "params": {"p_ai": 1.8859377873976535, "p_al": 1.3427130043020572, "p_ex": 8.948826097560175, "prior": 6.886089309604159, "rate": 6.348178656416854}, "datetime": {"datetime": "2024-06-13 02:08:39", "elapsed": 169.604963, "delta": 0.118686}}
{"target": -152.305736715277, "params": {"p_ai": 0.6252493986436388, "p_al": 1.004604058030337, "p_ex": 4.1820213069373615, "prior": 7.761981454491674, "rate": 0.09359866520452383}, "datetime": {"datetime": "2024-06-13 02:08:39", "elapsed": 169.730624, "delta": 0.125661}}
{"target": -93.81385411948592, "params": {"p_ai": 4.647927590727924, "p_al": 2.0030476642125916, "p_ex": 8.93593825245046, "prior": 5.9832498935355245, "rate": 6.875850505742911}, "datetime": {"datetime": "2024-06-13 02:08:39", "elapsed": 169.842328, "delta": 0.111704}}
{"target": -143.2221485781191, "params": {"p_ai": 8.075936056141964, "p_al": 5.879371395442253, "p_ex": 8.474418097830611, "prior": 4.705098604651504, "rate": 1.7445681700466689}, "datetime": {"datetime": "2024-06-13 02:08:39", "elapsed": 169.973486, "delta": 0.131158}}
{"target": -139.01022644791212, "params": {"p_ai": 6.415845317552838, "p_al": 9.764480997512141, "p_ex": 3.503070299833784, "prior": 8.027275527579478, "rate": 6.773057926949965}, "datetime": {"datetime": "2024-06-13 02:08:40", "elapsed": 170.08448, "delta": 0.110994}}
{"target": -100.46692564248394, "params": {"p_ai": 5.205128840481727, "p_al": 1.4451933830845458, "p_ex": 8.388503063152788, "prior": 4.262323376589899, "rate": 7.829705706245461}, "datetime": {"datetime": "2024-06-13 02:08:40", "elapsed": 170.195264, "delta": 0.110784}}
{"target": -149.33293799684557, "params": {"p_ai": 5.916720039246804, "p_al": 2.5061484885924425, "p_ex": 1.7364349410946407, "prior": 7.380696109975018, "rate": 1.1220486605663225}, "datetime": {"datetime": "2024-06-13 02:08:40", "elapsed": 170.306824, "delta": 0.11156}}
{"target": -329.2457129718515, "params": {"p_ai": 2.17702835648828, "p_al": 8.653192218037036, "p_ex": 9.04612220967921, "prior": 0.9360339582338196, "rate": 0.14653864055785146}, "datetime": {"datetime": "2024-06-13 02:08:40", "elapsed": 170.419116, "delta": 0.112292}}
{"target": -106.01179026678045, "params": {"p_ai": 3.0410771800904404, "p_al": 1.2837501119298231, "p_ex": 2.5711690247049273, "prior": 5.023828723284302, "rate": 5.6145545982009475}, "datetime": {"datetime": "2024-06-13 02:08:40", "elapsed": 170.529429, "delta": 0.110313}}
{"target": -168.1587396396263, "params": {"p_ai": 9.80568156726085, "p_al": 4.296323652576093, "p_ex": 6.7933773691873744, "prior": 8.894239460274973, "rate": 1.5197557287838062}, "datetime": {"datetime": "2024-06-13 02:08:40", "elapsed": 170.640878, "delta": 0.111449}}
{"target": -123.77536350132573, "params": {"p_ai": 0.9326035880404778, "p_al": 2.968182906533621, "p_ex": 1.2976406633777302, "prior": 1.6110871941960283, "rate": 3.43645287957642}, "datetime": {"datetime": "2024-06-13 02:08:40", "elapsed": 170.751612, "delta": 0.110734}}
{"target": -87.83916375782901, "params": {"p_ai": 3.1140455773502564, "p_al": 7.623778575595371, "p_ex": 9.489220719175385, "prior": 5.807591397830299, "rate": 9.834734689206071}, "datetime": {"datetime": "2024-06-13 02:08:40", "elapsed": 170.862287, "delta": 0.110675}}
{"target": -172.66438493060917, "params": {"p_ai": 9.518345470410456, "p_al": 2.5771844363291443, "p_ex": 3.0142323749392124, "prior": 8.41910067472239, "rate": 5.849303549532928}, "datetime": {"datetime": "2024-06-13 02:08:40", "elapsed": 170.973988, "delta": 0.111701}}
{"target": -87.11395915559119, "params": {"p_ai": 1.7513298164227837, "p_al": 0.5222008068549149, "p_ex": 5.451832814746422, "prior": 1.4803316462867677, "rate": 7.724558460532403}, "datetime": {"datetime": "2024-06-13 02:08:41", "elapsed": 171.084692, "delta": 0.110704}}
{"target": -163.12123210934004, "params": {"p_ai": 6.036791243471323, "p_al": 2.5457005059047013, "p_ex": 0.0980945563582746, "prior": 2.9278780335819397, "rate": 6.138736483459159}, "datetime": {"datetime": "2024-06-13 02:08:41", "elapsed": 171.195397, "delta": 0.110705}}
{"target": -110.92963123471806, "params": {"p_ai": 1.931656120843344, "p_al": 2.9115358145002532, "p_ex": 9.826445337874729, "prior": 7.797135584421618, "rate": 2.305526338358979}, "datetime": {"datetime": "2024-06-13 02:08:41", "elapsed": 171.305455, "delta": 0.110058}}
{"target": -128.1406949430512, "params": {"p_ai": 2.7355058498895732, "p_al": 6.858645448316974, "p_ex": 9.729930567927362, "prior": 3.6788515225699108, "rate": 0.23837334525583168}, "datetime": {"datetime": "2024-06-13 02:08:41", "elapsed": 171.417715, "delta": 0.11226}}
{"target": -141.11803507357124, "params": {"p_ai": 8.114383349193602, "p_al": 4.596790588802974, "p_ex": 5.827481634962019, "prior": 5.515062040218393, "rate": 6.310569126831404}, "datetime": {"datetime": "2024-06-13 02:08:41", "elapsed": 171.527497, "delta": 0.109782}}
{"target": -159.2591777011918, "params": {"p_ai": 7.211731614720736, "p_al": 3.733260472291532, "p_ex": 8.627709988940014, "prior": 0.4503057269704869, "rate": 6.327213476788685}, "datetime": {"datetime": "2024-06-13 02:08:41", "elapsed": 171.638396, "delta": 0.110899}}
{"target": -112.12695544597041, "params": {"p_ai": 3.294956831224288, "p_al": 5.37249941644204, "p_ex": 2.512993539253956, "prior": 3.002249940955996, "rate": 6.849493015537962}, "datetime": {"datetime": "2024-06-13 02:08:41", "elapsed": 171.749101, "delta": 0.110705}}
{"target": -104.86970031684542, "params": {"p_ai": 3.087361183262677, "p_al": 4.856235361822289, "p_ex": 7.235400695067768, "prior": 9.39348613753104, "rate": 1.8880288425685408}, "datetime": {"datetime": "2024-06-13 02:08:41", "elapsed": 171.860341, "delta": 0.11124}}
{"target": -112.93864409493588, "params": {"p_ai": 5.3001663863707025, "p_al": 7.416582466793965, "p_ex": 5.345207760758935, "prior": 7.852782580585915, "rate": 7.451977768498164}, "datetime": {"datetime": "2024-06-13 02:08:41", "elapsed": 171.974435, "delta": 0.114094}}
{"target": -133.666123353172, "params": {"p_ai": 7.686409043312744, "p_al": 7.715741085545577, "p_ex": 8.841531876891995, "prior": 4.544175633408022, "rate": 4.597872362320602}, "datetime": {"datetime": "2024-06-13 02:08:42", "elapsed": 172.084458, "delta": 0.110023}}
{"target": -120.50184797121615, "params": {"p_ai": 1.468501321249081, "p_al": 2.3571644648117585, "p_ex": 2.697632606636475, "prior": 7.374937376920886, "rate": 1.5710423975769499}, "datetime": {"datetime": "2024-06-13 02:08:42", "elapsed": 172.195936, "delta": 0.111478}}
{"target": -121.58034939006058, "params": {"p_ai": 7.231788188846127, "p_al": 5.959805658694847, "p_ex": 9.30303519545369, "prior": 7.253032537911573, "rate": 6.989070773190437}, "datetime": {"datetime": "2024-06-13 02:08:42", "elapsed": 172.306207, "delta": 0.110271}}
{"target": -99.38095685567052, "params": {"p_ai": 0.760550707703845, "p_al": 5.065621965547342, "p_ex": 7.629862790695439, "prior": 2.9187903285741874, "rate": 4.986259191337456}, "datetime": {"datetime": "2024-06-13 02:08:42", "elapsed": 172.418023, "delta": 0.111816}}
{"target": -107.34490332500962, "params": {"p_ai": 3.0183623721288018, "p_al": 4.502535087130082, "p_ex": 2.438426399581656, "prior": 5.6573998084039285, "rate": 9.496376041972134}, "datetime": {"datetime": "2024-06-13 02:08:42", "elapsed": 172.528752, "delta": 0.110729}}
{"target": -91.16152491326243, "params": {"p_ai": 2.179759672387427, "p_al": 4.385577971883306, "p_ex": 7.689641210732329, "prior": 1.4101805738159388, "rate": 9.131124480194108}, "datetime": {"datetime": "2024-06-13 02:08:42", "elapsed": 172.640425, "delta": 0.111673}}
{"target": -96.98468930272817, "params": {"p_ai": 3.942208401437986, "p_al": 3.2531571648162636, "p_ex": 5.767713976725602, "prior": 2.481454586582429, "rate": 8.119414826792699}, "datetime": {"datetime": "2024-06-13 02:08:42", "elapsed": 172.753123, "delta": 0.112698}}
{"target": -184.586709911237, "params": {"p_ai": 8.829171426142016, "p_al": 8.344285623603394, "p_ex": 3.513021717380481, "prior": 1.4612925319354422, "rate": 6.0484690526942275}, "datetime": {"datetime": "2024-06-13 02:08:42", "elapsed": 172.865821, "delta": 0.112698}}
{"target": -168.14573438626982, "params": {"p_ai": 9.963037197933328, "p_al": 8.03691004398628, "p_ex": 7.415697815847461, "prior": 3.867232536168518, "rate": 4.062309864545189}, "datetime": {"datetime": "2024-06-13 02:08:42", "elapsed": 172.980945, "delta": 0.115124}}
{"target": -108.31757709082866, "params": {"p_ai": 2.9471626215179976, "p_al": 2.993072421909173, "p_ex": 6.531018161688432, "prior": 0.427128584211923, "rate": 6.0107330050814385}, "datetime": {"datetime": "2024-06-13 02:08:43", "elapsed": 173.091649, "delta": 0.110704}}
{"target": -114.25006500609224, "params": {"p_ai": 4.5506301206598225, "p_al": 3.8408499541817234, "p_ex": 7.2106865986333, "prior": 0.9093370550535692, "rate": 2.490141532117481}, "datetime": {"datetime": "2024-06-13 02:08:43", "elapsed": 173.202516, "delta": 0.110867}}
{"target": -111.9011410675961, "params": {"p_ai": 1.606736232353154, "p_al": 6.725542333870364, "p_ex": 1.979745907226006, "prior": 4.742430885252113, "rate": 9.524838862265906}, "datetime": {"datetime": "2024-06-13 02:08:43", "elapsed": 173.313432, "delta": 0.110916}}
{"target": -140.1299363022648, "params": {"p_ai": 7.906135283875022, "p_al": 6.679316106485062, "p_ex": 8.56551741077047, "prior": 2.8904493945285177, "rate": 7.7804051357897395}, "datetime": {"datetime": "2024-06-13 02:08:43", "elapsed": 173.424502, "delta": 0.11107}}
{"target": -185.1696224568886, "params": {"p_ai": 0.19166398080738561, "p_al": 8.735451740947127, "p_ex": 2.4779398083266173, "prior": 1.2316574398389781, "rate": 1.2643783491777825}, "datetime": {"datetime": "2024-06-13 02:08:43", "elapsed": 173.53481, "delta": 0.110308}}
{"target": -157.9391727198481, "params": {"p_ai": 5.87846963806283, "p_al": 8.919020327397792, "p_ex": 0.9256300462571594, "prior": 4.8353755923401085, "rate": 8.853285137639812}, "datetime": {"datetime": "2024-06-13 02:08:43", "elapsed": 173.644517, "delta": 0.109707}}
{"target": -185.58670114868107, "params": {"p_ai": 9.571620475735365, "p_al": 9.90774303209462, "p_ex": 3.6198188884735467, "prior": 5.853599803675312, "rate": 3.849883331713755}, "datetime": {"datetime": "2024-06-13 02:08:43", "elapsed": 173.755221, "delta": 0.110704}}
{"target": -113.47597842228392, "params": {"p_ai": 1.3595409604414654, "p_al": 7.615483236150964, "p_ex": 2.2093695122566954, "prior": 6.968270917287394, "rate": 8.094798031713395}, "datetime": {"datetime": "2024-06-13 02:08:43", "elapsed": 173.867923, "delta": 0.112702}}
{"target": -119.67224266458328, "params": {"p_ai": 2.7263374426316354, "p_al": 5.085490739163293, "p_ex": 4.223508229204778, "prior": 0.5475891418605364, "rate": 7.416321652096552}, "datetime": {"datetime": "2024-06-13 02:08:43", "elapsed": 173.977697, "delta": 0.109774}}
{"target": -199.46762619656548, "params": {"p_ai": 8.087362238605126, "p_al": 5.381779891231938, "p_ex": 7.593565460971895, "prior": 0.4118127582283017, "rate": 1.8234218298490672}, "datetime": {"datetime": "2024-06-13 02:08:44", "elapsed": 174.088403, "delta": 0.110706}}
{"target": -109.10929360216153, "params": {"p_ai": 5.671417649486363, "p_al": 6.212430003673365, "p_ex": 7.820406746517684, "prior": 6.015297866806354, "rate": 5.603119435564358}, "datetime": {"datetime": "2024-06-13 02:08:44", "elapsed": 174.19793, "delta": 0.109527}}
{"target": -147.64985433695443, "params": {"p_ai": 6.696549466458649, "p_al": 1.8547340221276616, "p_ex": 1.482169509883864, "prior": 2.3347444532663855, "rate": 8.866179441098572}, "datetime": {"datetime": "2024-06-13 02:08:44", "elapsed": 174.307392, "delta": 0.109462}}
{"target": -141.80793926460473, "params": {"p_ai": 6.268781725180917, "p_al": 6.572073400863255, "p_ex": 3.0646810532702196, "prior": 2.5912333930760947, "rate": 5.9712576266810204}, "datetime": {"datetime": "2024-06-13 02:08:44", "elapsed": 174.417303, "delta": 0.109911}}
{"target": -170.3087707783291, "params": {"p_ai": 2.150042925155375, "p_al": 9.354967639879437, "p_ex": 8.036953674213546, "prior": 0.7773967794454475, "rate": 1.7495290678786484}, "datetime": {"datetime": "2024-06-13 02:08:44", "elapsed": 174.527626, "delta": 0.110323}}
{"target": -124.38911831908179, "params": {"p_ai": 4.872191119371819, "p_al": 2.694104135542078, "p_ex": 2.902710437338438, "prior": 9.613727260877411, "rate": 3.421232001636753}, "datetime": {"datetime": "2024-06-13 02:08:44", "elapsed": 174.63784, "delta": 0.110214}}
{"target": -145.61124629799468, "params": {"p_ai": 8.359124489838994, "p_al": 3.4465831330928567, "p_ex": 7.21475137954703, "prior": 1.840740780102333, "rate": 6.859836955924542}, "datetime": {"datetime": "2024-06-13 02:08:44", "elapsed": 174.748052, "delta": 0.110212}}
{"target": -120.40054285965518, "params": {"p_ai": 5.742958359897929, "p_al": 7.279049751476204, "p_ex": 4.369507807625344, "prior": 9.488670344094785, "rate": 9.899347433933034}, "datetime": {"datetime": "2024-06-13 02:08:44", "elapsed": 174.858265, "delta": 0.110213}}
{"target": -93.95468156067744, "params": {"p_ai": 3.784673463413299, "p_al": 7.558887025455832, "p_ex": 9.339328818699505, "prior": 8.126834002916587, "rate": 4.497051227300002}, "datetime": {"datetime": "2024-06-13 02:08:44", "elapsed": 174.967971, "delta": 0.109706}}
{"target": -232.74209815140603, "params": {"p_ai": 0.020671165844777684, "p_al": 9.467732980403632, "p_ex": 3.4945672241101025, "prior": 0.3713140822636573, "rate": 2.4451041139357113}, "datetime": {"datetime": "2024-06-13 02:08:45", "elapsed": 175.077725, "delta": 0.109754}}
{"target": -206.9646868628253, "params": {"p_ai": 9.629450682369702, "p_al": 4.638241585721164, "p_ex": 1.242991464611051, "prior": 6.675143893150433, "rate": 0.13975575283354166}, "datetime": {"datetime": "2024-06-13 02:08:45", "elapsed": 175.188429, "delta": 0.110704}}
{"target": -159.554272124845, "params": {"p_ai": 7.989389387135883, "p_al": 5.349795096494625, "p_ex": 8.502237008473013, "prior": 2.292773620430472, "rate": 0.902247915466376}, "datetime": {"datetime": "2024-06-13 02:08:45", "elapsed": 175.299133, "delta": 0.110704}}
{"target": -128.64242512413608, "params": {"p_ai": 6.928268718365852, "p_al": 8.150100776925466, "p_ex": 6.31580174420496, "prior": 7.7284880258051025, "rate": 6.3114396988856205}, "datetime": {"datetime": "2024-06-13 02:08:45", "elapsed": 175.410239, "delta": 0.111106}}
{"target": -209.24372838380805, "params": {"p_ai": 8.906709054664889, "p_al": 9.927602949971934, "p_ex": 1.7385205792134084, "prior": 5.494341432328373, "rate": 1.2008222922621559}, "datetime": {"datetime": "2024-06-13 02:08:45", "elapsed": 175.519545, "delta": 0.109306}}
{"target": -168.5830350569174, "params": {"p_ai": 7.671696058219319, "p_al": 2.281849606094652, "p_ex": 1.110096315197215, "prior": 9.688244118529733, "rate": 4.47584037361201}, "datetime": {"datetime": "2024-06-13 02:08:45", "elapsed": 175.629252, "delta": 0.109707}}
{"target": -173.56803233606294, "params": {"p_ai": 8.299597835887129, "p_al": 0.26074744891897633, "p_ex": 0.9060181713504475, "prior": 8.152442554885967, "rate": 9.093727528135009}, "datetime": {"datetime": "2024-06-13 02:08:45", "elapsed": 175.739956, "delta": 0.110704}}
{"target": -105.97324927504935, "params": {"p_ai": 0.6833374073260523, "p_al": 6.503098328495838, "p_ex": 5.533606213248286, "prior": 2.0661816525929484, "rate": 4.248541177710009}, "datetime": {"datetime": "2024-06-13 02:08:45", "elapsed": 175.85066, "delta": 0.110704}}
{"target": -100.86202643220908, "params": {"p_ai": 4.726562664713314, "p_al": 0.11582947285192134, "p_ex": 5.449903336763714, "prior": 7.824231924711301, "rate": 9.144727281580005}, "datetime": {"datetime": "2024-06-13 02:08:45", "elapsed": 175.960872, "delta": 0.110212}}
{"target": -117.43578077869867, "params": {"p_ai": 0.46138462700033545, "p_al": 7.917970609277861, "p_ex": 4.394450062042477, "prior": 7.046493237456582, "rate": 6.094222404970999}, "datetime": {"datetime": "2024-06-13 02:08:46", "elapsed": 176.070993, "delta": 0.110121}}
{"target": -178.30987480361577, "params": {"p_ai": 9.141683888804758, "p_al": 6.795714875605067, "p_ex": 2.0465769007196464, "prior": 9.896950868185503, "rate": 8.083792955629336}, "datetime": {"datetime": "2024-06-13 02:08:46", "elapsed": 176.18039, "delta": 0.109397}}
{"target": -134.1396873672294, "params": {"p_ai": 0.512449216222453, "p_al": 9.902472110640923, "p_ex": 0.8446539215536502, "prior": 4.160329644873564, "rate": 8.880605723434833}, "datetime": {"datetime": "2024-06-13 02:08:46", "elapsed": 176.290853, "delta": 0.110463}}
{"target": -140.730065272654, "params": {"p_ai": 7.621368537882954, "p_al": 6.730798709796559, "p_ex": 5.337375263226976, "prior": 3.4704157321578637, "rate": 8.999542078570686}, "datetime": {"datetime": "2024-06-13 02:08:46", "elapsed": 176.401388, "delta": 0.110535}}
{"target": -165.6313768537509, "params": {"p_ai": 8.189751677546766, "p_al": 9.458976743433324, "p_ex": 3.996178790423271, "prior": 2.3369850326069677, "rate": 7.232474847346661}, "datetime": {"datetime": "2024-06-13 02:08:46", "elapsed": 176.511416, "delta": 0.110028}}
{"target": -128.08915993450123, "params": {"p_ai": 6.8912981911508675, "p_al": 5.434109383861436, "p_ex": 5.371529382561082, "prior": 8.097093347752578, "rate": 7.996045637269076}, "datetime": {"datetime": "2024-06-13 02:08:46", "elapsed": 176.621126, "delta": 0.10971}}
{"target": -167.5300263664237, "params": {"p_ai": 8.477899488532138, "p_al": 1.9044323648158918, "p_ex": 2.0035389554768446, "prior": 7.736860479349194, "rate": 5.6557750852839215}, "datetime": {"datetime": "2024-06-13 02:08:46", "elapsed": 176.731829, "delta": 0.110703}}
{"target": -89.08478559156977, "params": {"p_ai": 2.6897606628340847, "p_al": 4.794072611642568, "p_ex": 6.746913269407735, "prior": 6.842623031512313, "rate": 8.214091730094717}, "datetime": {"datetime": "2024-06-13 02:08:46", "elapsed": 176.84163, "delta": 0.109801}}
{"target": -103.33978864470123, "params": {"p_ai": 3.647272184434061, "p_al": 6.727822546705458, "p_ex": 5.531211478744365, "prior": 4.064746022080931, "rate": 3.9801917729740914}, "datetime": {"datetime": "2024-06-13 02:08:46", "elapsed": 176.953348, "delta": 0.111718}}
{"target": -110.28238029055632, "params": {"p_ai": 6.129185097819535, "p_al": 0.6144331593826209, "p_ex": 7.645233118176013, "prior": 2.3372401318964076, "rate": 1.6602191863077798}, "datetime": {"datetime": "2024-06-13 02:08:47", "elapsed": 177.064052, "delta": 0.110704}}
{"target": -116.13726548223613, "params": {"p_ai": 4.235419146404231, "p_al": 4.685010539778717, "p_ex": 2.7450915194540664, "prior": 3.1019982462897637, "rate": 6.731808639077864}, "datetime": {"datetime": "2024-06-13 02:08:47", "elapsed": 177.176264, "delta": 0.112212}}
{"target": -110.7182863541999, "params": {"p_ai": 0.3015096473546377, "p_al": 6.5521873105004955, "p_ex": 5.215015008366682, "prior": 4.7876028666019845, "rate": 7.20517452614859}, "datetime": {"datetime": "2024-06-13 02:08:47", "elapsed": 177.28597, "delta": 0.109706}}
{"target": -128.90934439396577, "params": {"p_ai": 6.882830660927609, "p_al": 0.6490435690648484, "p_ex": 8.002559220395131, "prior": 0.39271240562738363, "rate": 0.27110036528194575}, "datetime": {"datetime": "2024-06-13 02:08:47", "elapsed": 177.396404, "delta": 0.110434}}
{"target": -138.34259740223018, "params": {"p_ai": 5.259127976414729, "p_al": 7.348255197237692, "p_ex": 5.05624223660525, "prior": 2.937387094857462, "rate": 1.8626248627685034}, "datetime": {"datetime": "2024-06-13 02:08:47", "elapsed": 177.507778, "delta": 0.111374}}
{"target": -163.01343880895064, "params": {"p_ai": 6.6277639449442365, "p_al": 9.421324231767912, "p_ex": 1.5886247829855749, "prior": 2.7593702309424737, "rate": 9.910939583960053}, "datetime": {"datetime": "2024-06-13 02:08:47", "elapsed": 177.617485, "delta": 0.109707}}
{"target": -287.3892334734898, "params": {"p_ai": 8.337556891437492, "p_al": 7.501813048827652, "p_ex": 0.42168995314221774, "prior": 0.27114380725844994, "rate": 4.872615170250543}, "datetime": {"datetime": "2024-06-13 02:08:47", "elapsed": 177.728189, "delta": 0.110704}}
{"target": -107.3110112520519, "params": {"p_ai": 0.32292867653160867, "p_al": 1.016152953248365, "p_ex": 5.633377099366875, "prior": 4.278606301498994, "rate": 7.9088919989089135}, "datetime": {"datetime": "2024-06-13 02:08:47", "elapsed": 177.837895, "delta": 0.109706}}
{"target": -95.11942122121903, "params": {"p_ai": 2.74062245632455, "p_al": 2.7252237609687184, "p_ex": 4.058809067057356, "prior": 6.7326349879025535, "rate": 9.814999114957237}, "datetime": {"datetime": "2024-06-13 02:08:47", "elapsed": 177.948599, "delta": 0.110704}}
{"target": -92.67292500573365, "params": {"p_ai": 3.975433489951716, "p_al": 7.445998108598364, "p_ex": 8.567392878397492, "prior": 6.75038679273869, "rate": 7.795082134679054}, "datetime": {"datetime": "2024-06-13 02:08:48", "elapsed": 178.057814, "delta": 0.109215}}
{"target": -156.25047639761146, "params": {"p_ai": 8.119416765823537, "p_al": 5.969655665826877, "p_ex": 4.390511974720336, "prior": 1.688333899464437, "rate": 7.814144190659461}, "datetime": {"datetime": "2024-06-13 02:08:48", "elapsed": 178.16816, "delta": 0.110346}}
{"target": -176.55875804671754, "params": {"p_ai": 1.9417242514235866, "p_al": 9.987208947162362, "p_ex": 5.426494667496237, "prior": 0.09465548629043356, "rate": 4.188570172974951}, "datetime": {"datetime": "2024-06-13 02:08:48", "elapsed": 178.277869, "delta": 0.109709}}
{"target": -85.48276126265108, "params": {"p_ai": 2.41127815204662, "p_al": 0.5323245865069548, "p_ex": 7.1616179373812034, "prior": 3.165598845749306, "rate": 8.210870060761753}, "datetime": {"datetime": "2024-06-13 02:08:48", "elapsed": 178.388295, "delta": 0.110426}}
