{"target": -101.47654273901722, "params": {"p_ai": 6.345552644202125, "p_al": 4.13978453744836, "p_ex": 9.909165409621975, "prior": 9.299626280909525, "rate": 1.4932110870651905}, "datetime": {"datetime": "2024-06-13 01:25:36", "elapsed": 27.912024, "delta": 0.113696}}
{"target": -89.62122246469099, "params": {"p_ai": 3.9494277431054683, "p_al": 4.6163355299129, "p_ex": 5.609926602464331, "prior": 7.803854869369396, "rate": 4.872451896825164}, "datetime": {"datetime": "2024-06-13 01:25:36", "elapsed": 28.027281, "delta": 0.115257}}
{"target": -108.81789013978839, "params": {"p_ai": 4.200515526550398, "p_al": 2.6207350474886373, "p_ex": 9.108150584728497, "prior": 0.22369284381650878, "rate": 8.211397860291427}, "datetime": {"datetime": "2024-06-13 01:25:36", "elapsed": 28.139749, "delta": 0.112468}}
{"target": -115.24378902843213, "params": {"p_ai": 1.8854955282645185, "p_al": 6.857883234826301, "p_ex": 3.552738684007098, "prior": 9.742152066323019, "rate": 1.22859852236475}, "datetime": {"datetime": "2024-06-13 01:25:36", "elapsed": 28.25322, "delta": 0.113471}}
{"target": -163.8644755647302, "params": {"p_ai": 1.8765113562797784, "p_al": 8.894535312169324, "p_ex": 5.834479739767671, "prior": 3.0931546002031376, "rate": 0.008643090396402046}, "datetime": {"datetime": "2024-06-13 01:25:36", "elapsed": 28.366916, "delta": 0.113696}}
{"target": -102.02940225066168, "params": {"p_ai": 2.2767497854842085, "p_al": 1.4548909380781856, "p_ex": 2.035134809876536, "prior": 8.963329245483243, "rate": 8.731070688318136}, "datetime": {"datetime": "2024-06-13 01:25:36", "elapsed": 28.480612, "delta": 0.113696}}
{"target": -107.32983395344884, "params": {"p_ai": 7.0031940868968645, "p_al": 4.705506263845939, "p_ex": 8.271532887320552, "prior": 4.958768144455039, "rate": 3.6355233441657675}, "datetime": {"datetime": "2024-06-13 01:25:36", "elapsed": 28.59331, "delta": 0.112698}}
{"target": -105.34175766225991, "params": {"p_ai": 2.7567554245058266, "p_al": 9.247483394570178, "p_ex": 3.8705053533286655, "prior": 4.929315853439772, "rate": 2.5451265850419067}, "datetime": {"datetime": "2024-06-13 01:25:37", "elapsed": 28.707156, "delta": 0.113846}}
{"target": -152.5832691262197, "params": {"p_ai": 8.849780221861796, "p_al": 3.833251304596062, "p_ex": 2.9764495784234386, "prior": 7.17623202698535, "rate": 1.909508561779902}, "datetime": {"datetime": "2024-06-13 01:25:37", "elapsed": 28.819362, "delta": 0.112206}}
{"target": -106.27243816337766, "params": {"p_ai": 1.1828081008410374, "p_al": 8.370140824352909, "p_ex": 7.441615077773983, "prior": 5.905614955923525, "rate": 2.429672858073742}, "datetime": {"datetime": "2024-06-13 01:25:37", "elapsed": 28.93247, "delta": 0.113108}}
{"target": -116.1662086052312, "params": {"p_ai": 6.2328482047306535, "p_al": 6.383914852090989, "p_ex": 3.276366871679139, "prior": 0.6758259413323553, "rate": 8.805505437045703}, "datetime": {"datetime": "2024-06-13 01:25:37", "elapsed": 29.045327, "delta": 0.112857}}
{"target": -113.54722213663932, "params": {"p_ai": 4.60010735401151, "p_al": 7.638963307946233, "p_ex": 2.539632320806454, "prior": 5.914280435492902, "rate": 4.288522808327629}, "datetime": {"datetime": "2024-06-13 01:25:37", "elapsed": 29.159054, "delta": 0.113727}}
{"target": -98.3854556739419, "params": {"p_ai": 3.8216243248488464, "p_al": 1.2680071250853806, "p_ex": 2.4434223654265494, "prior": 0.7943364880002312, "rate": 3.029280188871068}, "datetime": {"datetime": "2024-06-13 01:25:37", "elapsed": 29.278022, "delta": 0.118968}}
{"target": -124.26707064077942, "params": {"p_ai": 7.417306297515323, "p_al": 6.150542233985518, "p_ex": 6.724438578240325, "prior": 0.08482241217079087, "rate": 6.784091345540948}, "datetime": {"datetime": "2024-06-13 01:25:37", "elapsed": 29.391718, "delta": 0.113696}}
{"target": -111.55287031112505, "params": {"p_ai": 5.032303724738329, "p_al": 2.309853596391308, "p_ex": 1.7497901933102402, "prior": 1.8506446725427474, "rate": 8.44275579074591}, "datetime": {"datetime": "2024-06-13 01:25:37", "elapsed": 29.504826, "delta": 0.113108}}
{"target": -154.67398939452832, "params": {"p_ai": 9.825915303261548, "p_al": 9.137482508791475, "p_ex": 3.4743468343077555, "prior": 7.802465572333946, "rate": 5.464999452423606}, "datetime": {"datetime": "2024-06-13 01:25:37", "elapsed": 29.618168, "delta": 0.113342}}
{"target": -137.9479000131818, "params": {"p_ai": 8.16460753316182, "p_al": 4.8377857849378705, "p_ex": 5.899923031695739, "prior": 7.872847211795091, "rate": 1.0032461963882202}, "datetime": {"datetime": "2024-06-13 01:25:38", "elapsed": 29.731997, "delta": 0.113829}}
{"target": -98.70776126563896, "params": {"p_ai": 5.370534161288567, "p_al": 3.660467483349873, "p_ex": 6.043464129845054, "prior": 9.588066353854368, "rate": 3.9288366270246278}, "datetime": {"datetime": "2024-06-13 01:25:38", "elapsed": 29.844899, "delta": 0.112902}}
{"target": -87.91325647598558, "params": {"p_ai": 3.930337006418223, "p_al": 7.9065792989023995, "p_ex": 6.451138912455179, "prior": 3.9394461945459094, "rate": 6.8898615272542845}, "datetime": {"datetime": "2024-06-13 01:25:38", "elapsed": 29.958976, "delta": 0.114077}}
{"target": -93.34609047176497, "params": {"p_ai": 4.040612088934736, "p_al": 1.3619954293269727, "p_ex": 4.506982043452673, "prior": 3.3448595075800287, "rate": 2.180471331681618}, "datetime": {"datetime": "2024-06-13 01:25:38", "elapsed": 30.071365, "delta": 0.112389}}
{"target": -134.99594359579055, "params": {"p_ai": 9.257822241562762, "p_al": 6.896704351396498, "p_ex": 5.988610085343597, "prior": 7.466828063757928, "rate": 5.420168646652644}, "datetime": {"datetime": "2024-06-13 01:25:38", "elapsed": 30.185948, "delta": 0.114583}}
{"target": -122.82233315532666, "params": {"p_ai": 7.005630193122407, "p_al": 9.305667632679201, "p_ex": 8.626304328357714, "prior": 1.6752511332077065, "rate": 2.6321271002148183}, "datetime": {"datetime": "2024-06-13 01:25:38", "elapsed": 30.299434, "delta": 0.113486}}
{"target": -129.41698737753575, "params": {"p_ai": 0.7170311841386036, "p_al": 9.786749378778312, "p_ex": 2.3646046025050955, "prior": 6.6063229609300596, "rate": 0.8972173585756926}, "datetime": {"datetime": "2024-06-13 01:25:38", "elapsed": 30.412964, "delta": 0.11353}}
{"target": -114.20366798435798, "params": {"p_ai": 2.1084986499281, "p_al": 5.028741010800528, "p_ex": 1.0504317296309502, "prior": 3.889345153544549, "rate": 5.3803392136766695}, "datetime": {"datetime": "2024-06-13 01:25:38", "elapsed": 30.525662, "delta": 0.112698}}
{"target": -85.87475087052137, "params": {"p_ai": 3.3927026446661146, "p_al": 5.559446211054629, "p_ex": 5.368146451102699, "prior": 3.906714376870321, "rate": 6.963004560927929}, "datetime": {"datetime": "2024-06-13 01:25:39", "elapsed": 30.638655, "delta": 0.112993}}
{"target": -112.60633309885561, "params": {"p_ai": 6.785146057525243, "p_al": 6.8733441905945245, "p_ex": 5.615351096734943, "prior": 3.5814410602153455, "rate": 6.131510241334756}, "datetime": {"datetime": "2024-06-13 01:25:39", "elapsed": 30.752351, "delta": 0.113696}}
{"target": -136.25741912558436, "params": {"p_ai": 9.35742692981539, "p_al": 5.969288360934786, "p_ex": 9.795922153419893, "prior": 4.4106251974683035, "rate": 7.39638001311296}, "datetime": {"datetime": "2024-06-13 01:25:39", "elapsed": 30.86578, "delta": 0.113429}}
{"target": -156.72142870532883, "params": {"p_ai": 0.3770011826173517, "p_al": 7.647501663365861, "p_ex": 5.1832975216877974, "prior": 0.05416001307807128, "rate": 2.772723847721202}, "datetime": {"datetime": "2024-06-13 01:25:39", "elapsed": 30.98838, "delta": 0.1226}}
{"target": -137.98837044590334, "params": {"p_ai": 5.348787492965596, "p_al": 7.679860819934835, "p_ex": 0.5318728619297984, "prior": 5.490985385061347, "rate": 8.010144563427762}, "datetime": {"datetime": "2024-06-13 01:25:39", "elapsed": 31.101682, "delta": 0.113302}}
{"target": -146.83658180098962, "params": {"p_ai": 6.496180965729911, "p_al": 9.314538702914113, "p_ex": 0.7482397187025968, "prior": 2.7687878195432654, "rate": 9.192455805057469}, "datetime": {"datetime": "2024-06-13 01:25:39", "elapsed": 31.214381, "delta": 0.112699}}
{"target": -114.51135519973745, "params": {"p_ai": 7.650286477833132, "p_al": 5.9978037043765156, "p_ex": 8.329848470226867, "prior": 8.960538872258445, "rate": 9.727230808175396}, "datetime": {"datetime": "2024-06-13 01:25:39", "elapsed": 31.329287, "delta": 0.114906}}
{"target": -209.2862095542579, "params": {"p_ai": 9.98520655039097, "p_al": 1.3973536875073507, "p_ex": 0.7063499053922482, "prior": 0.7355930769468734, "rate": 0.14842316520856935}, "datetime": {"datetime": "2024-06-13 01:25:39", "elapsed": 31.449963, "delta": 0.120676}}
{"target": -131.99266014220518, "params": {"p_ai": 9.718228909706282, "p_al": 0.9485743976558341, "p_ex": 8.417526525032311, "prior": 6.852044796080089, "rate": 4.876084117661699}, "datetime": {"datetime": "2024-06-13 01:25:39", "elapsed": 31.563167, "delta": 0.113204}}
{"target": -100.81205203534981, "params": {"p_ai": 3.4676021187044235, "p_al": 3.5371242228829836, "p_ex": 2.539134984589525, "prior": 9.110268719012566, "rate": 7.256699812403196}, "datetime": {"datetime": "2024-06-13 01:25:40", "elapsed": 31.67637, "delta": 0.113203}}
{"target": -112.0440794610389, "params": {"p_ai": 0.2602320020499145, "p_al": 4.615751011217899, "p_ex": 2.813731424095577, "prior": 0.2906328955928069, "rate": 8.846934261198635}, "datetime": {"datetime": "2024-06-13 01:25:40", "elapsed": 31.790098, "delta": 0.113728}}
{"target": -115.2926626966311, "params": {"p_ai": 7.710282574188869, "p_al": 3.298021057363365, "p_ex": 7.965789316779574, "prior": 3.247058583707763, "rate": 3.0795165557326496}, "datetime": {"datetime": "2024-06-13 01:25:40", "elapsed": 31.903767, "delta": 0.113669}}
{"target": -137.15748157717798, "params": {"p_ai": 9.281162675928762, "p_al": 9.769184703296556, "p_ex": 5.236029491864212, "prior": 9.519399740511682, "rate": 8.88007694277072}, "datetime": {"datetime": "2024-06-13 01:25:40", "elapsed": 32.017547, "delta": 0.11378}}
{"target": -94.0932944215871, "params": {"p_ai": 5.180807583382493, "p_al": 3.728115272172759, "p_ex": 7.103835428617774, "prior": 4.5569786029958985, "rate": 6.052523738337006}, "datetime": {"datetime": "2024-06-13 01:25:40", "elapsed": 32.1348, "delta": 0.117253}}
{"target": -200.2101305977636, "params": {"p_ai": 9.904071562702576, "p_al": 7.739388583314729, "p_ex": 3.343429773533269, "prior": 0.8908932100029573, "rate": 1.8498709971938052}, "datetime": {"datetime": "2024-06-13 01:25:40", "elapsed": 32.252624, "delta": 0.117824}}
{"target": -98.08758258714661, "params": {"p_ai": 5.2689919070424525, "p_al": 4.1716070786504735, "p_ex": 8.006795921634268, "prior": 9.332090179528631, "rate": 1.779469614765534}, "datetime": {"datetime": "2024-06-13 01:25:40", "elapsed": 32.365724, "delta": 0.1131}}
{"target": -320.6847412710077, "params": {"p_ai": 8.600807641991286, "p_al": 9.57399186834036, "p_ex": 9.594746597890971, "prior": 0.37958801461658453, "rate": 0.576777472576129}, "datetime": {"datetime": "2024-06-13 01:25:40", "elapsed": 32.47793, "delta": 0.112206}}
{"target": -141.0665628650985, "params": {"p_ai": 0.05896813178397224, "p_al": 3.127498880398609, "p_ex": 0.5579284287083343, "prior": 2.939330992219971, "rate": 3.5608088438258343}, "datetime": {"datetime": "2024-06-13 01:25:40", "elapsed": 32.591165, "delta": 0.113235}}
{"target": -150.174509028575, "params": {"p_ai": 9.536816507720744, "p_al": 4.770032273945294, "p_ex": 2.783106185770882, "prior": 5.030548945314497, "rate": 6.433935888566707}, "datetime": {"datetime": "2024-06-13 01:25:41", "elapsed": 32.705769, "delta": 0.114604}}
{"target": -93.1112072354461, "params": {"p_ai": 1.1133454800017826, "p_al": 7.580858519672953, "p_ex": 8.519605767101668, "prior": 8.442654345834713, "rate": 8.905177817288482}, "datetime": {"datetime": "2024-06-13 01:25:41", "elapsed": 32.819436, "delta": 0.113667}}
{"target": -113.82034217773842, "params": {"p_ai": 3.819042125160856, "p_al": 4.438608178466819, "p_ex": 1.0167131779857155, "prior": 2.25884341738992, "rate": 9.713233372262836}, "datetime": {"datetime": "2024-06-13 01:25:41", "elapsed": 32.932507, "delta": 0.113071}}
{"target": -100.1395389775474, "params": {"p_ai": 2.8469550657183857, "p_al": 9.074054026267731, "p_ex": 8.905632311496733, "prior": 9.225122468106674, "rate": 1.5623394948435068}, "datetime": {"datetime": "2024-06-13 01:25:41", "elapsed": 33.045305, "delta": 0.112798}}
{"target": -170.79472194988944, "params": {"p_ai": 8.797341712870308, "p_al": 6.320317509680909, "p_ex": 2.1070711560096056, "prior": 3.4518140318860318, "rate": 1.6000279671042428}, "datetime": {"datetime": "2024-06-13 01:25:41", "elapsed": 33.158541, "delta": 0.113236}}
{"target": -108.08771276997989, "params": {"p_ai": 4.444037226303826, "p_al": 0.8386657635007598, "p_ex": 1.654019586311918, "prior": 1.972766268320226, "rate": 6.910582388225486}, "datetime": {"datetime": "2024-06-13 01:25:41", "elapsed": 33.271, "delta": 0.112459}}
{"target": -153.67565555687037, "params": {"p_ai": 5.738454888784365, "p_al": 8.733358017233284, "p_ex": 2.447096023126362, "prior": 6.296449959232413, "rate": 0.3452782218056491}, "datetime": {"datetime": "2024-06-13 01:25:41", "elapsed": 33.384573, "delta": 0.113573}}
{"target": -116.24070866605008, "params": {"p_ai": 5.162468412309614, "p_al": 8.632401590656782, "p_ex": 9.841281312305282, "prior": 0.09971988061382621, "rate": 2.5291619792860742}, "datetime": {"datetime": "2024-06-13 01:25:41", "elapsed": 33.497272, "delta": 0.112699}}
{"target": -125.27977547871731, "params": {"p_ai": 2.239272853604926, "p_al": 0.4763284046833772, "p_ex": 0.10271439016149476, "prior": 4.902462927130074, "rate": 0.4557759745572704}, "datetime": {"datetime": "2024-06-13 01:25:41", "elapsed": 33.609971, "delta": 0.112699}}
{"target": -95.31702252852175, "params": {"p_ai": 2.784002980338173, "p_al": 6.400105716520015, "p_ex": 2.9476257235674814, "prior": 2.6972773568893555, "rate": 5.905874675913428}, "datetime": {"datetime": "2024-06-13 01:25:42", "elapsed": 33.72267, "delta": 0.112699}}
{"target": -94.84881294012858, "params": {"p_ai": 3.805960238019191, "p_al": 7.025527816580048, "p_ex": 4.961743388547362, "prior": 6.33245944879897, "rate": 3.5345900756692927}, "datetime": {"datetime": "2024-06-13 01:25:42", "elapsed": 33.835371, "delta": 0.112701}}
{"target": -82.76339151316753, "params": {"p_ai": 2.871152417608931, "p_al": 1.3329379303972684, "p_ex": 9.370866767604843, "prior": 8.04855362431193, "rate": 9.380347403020368}, "datetime": {"datetime": "2024-06-13 01:25:42", "elapsed": 33.948581, "delta": 0.11321}}
{"target": -87.10775026624403, "params": {"p_ai": 1.8546198659533752, "p_al": 9.331624472469432, "p_ex": 9.357596323713638, "prior": 2.8361615915229414, "rate": 2.7470678499902057}, "datetime": {"datetime": "2024-06-13 01:25:42", "elapsed": 34.062036, "delta": 0.113455}}
{"target": -102.50934681156009, "params": {"p_ai": 5.514764305160052, "p_al": 1.8537071044461548, "p_ex": 4.421569005157032, "prior": 1.8539911417309063, "rate": 9.473811803621638}, "datetime": {"datetime": "2024-06-13 01:25:42", "elapsed": 34.179723, "delta": 0.117687}}
{"target": -95.2094792744873, "params": {"p_ai": 4.938752750253366, "p_al": 9.639213756472554, "p_ex": 6.449771783449607, "prior": 4.843673414550824, "rate": 9.676984764366013}, "datetime": {"datetime": "2024-06-13 01:25:42", "elapsed": 34.29342, "delta": 0.113697}}
{"target": -119.47203676644612, "params": {"p_ai": 1.4327546273059197, "p_al": 6.3236664167903, "p_ex": 6.6192217900001395, "prior": 4.3389644317001075, "rate": 0.594512896164236}, "datetime": {"datetime": "2024-06-13 01:25:42", "elapsed": 34.406985, "delta": 0.113565}}
{"target": -93.33528202923549, "params": {"p_ai": 4.927733289059168, "p_al": 4.651874301237257, "p_ex": 8.06766136093786, "prior": 2.5673532385398095, "rate": 3.914912199479702}, "datetime": {"datetime": "2024-06-13 01:25:42", "elapsed": 34.520191, "delta": 0.113206}}
{"target": -89.77993561061304, "params": {"p_ai": 2.402481900006551, "p_al": 6.864747708308469, "p_ex": 9.898844649917818, "prior": 1.7751179391457508, "rate": 8.214645955522746}, "datetime": {"datetime": "2024-06-13 01:25:42", "elapsed": 34.633394, "delta": 0.113203}}
{"target": -108.04431997703023, "params": {"p_ai": 2.3106546042570515, "p_al": 0.5807001579142975, "p_ex": 1.3890263639386906, "prior": 9.351596002308344, "rate": 8.885532491458925}, "datetime": {"datetime": "2024-06-13 01:25:43", "elapsed": 34.746629, "delta": 0.113235}}
{"target": -82.58046533736653, "params": {"p_ai": 2.893315694333617, "p_al": 9.477692896949968, "p_ex": 8.499455421778958, "prior": 4.347113285922664, "rate": 4.681027499109862}, "datetime": {"datetime": "2024-06-13 01:25:43", "elapsed": 34.860331, "delta": 0.113702}}
{"target": -155.43972803369698, "params": {"p_ai": 6.2989003628126445, "p_al": 1.581160317803163, "p_ex": 0.14880608533418707, "prior": 2.655854662706386, "rate": 0.15542087579566607}, "datetime": {"datetime": "2024-06-13 01:25:43", "elapsed": 34.972812, "delta": 0.112481}}
{"target": -136.00646791057937, "params": {"p_ai": 6.745313942778413, "p_al": 5.515136889291953, "p_ex": 3.2171598078821737, "prior": 7.802243168860467, "rate": 1.4587085267165556}, "datetime": {"datetime": "2024-06-13 01:25:43", "elapsed": 35.086051, "delta": 0.113239}}
{"target": -96.98292417918302, "params": {"p_ai": 2.449561506980074, "p_al": 2.923845306630798, "p_ex": 1.9601235330434226, "prior": 0.8802988990222627, "rate": 8.699891826535803}, "datetime": {"datetime": "2024-06-13 01:25:43", "elapsed": 35.198349, "delta": 0.112298}}
{"target": -146.6375671265832, "params": {"p_ai": 0.8827982670695292, "p_al": 6.837419647880558, "p_ex": 1.204888367700376, "prior": 0.1079793324385974, "rate": 5.573125032519063}, "datetime": {"datetime": "2024-06-13 01:25:43", "elapsed": 35.312045, "delta": 0.113696}}
{"target": -145.47176116595818, "params": {"p_ai": 9.071183443148486, "p_al": 8.604706216701516, "p_ex": 3.3851753897983823, "prior": 0.27256113442929636, "rate": 8.008792691945201}, "datetime": {"datetime": "2024-06-13 01:25:43", "elapsed": 35.424619, "delta": 0.112574}}
{"target": -120.98332128965163, "params": {"p_ai": 8.06004333796437, "p_al": 8.685012674911418, "p_ex": 6.696796352155456, "prior": 8.077980844288449, "rate": 8.9750853247459}, "datetime": {"datetime": "2024-06-13 01:25:43", "elapsed": 35.540314, "delta": 0.115695}}
{"target": -93.36411170542185, "params": {"p_ai": 4.538845674949633, "p_al": 5.578695211845391, "p_ex": 5.06180515715352, "prior": 6.920147061337664, "rate": 6.829385769431119}, "datetime": {"datetime": "2024-06-13 01:25:44", "elapsed": 35.657, "delta": 0.116686}}
{"target": -108.02283148483018, "params": {"p_ai": 5.203616044997302, "p_al": 8.284853012706627, "p_ex": 5.058288088511875, "prior": 8.248760765289934, "rate": 2.8191690363442863}, "datetime": {"datetime": "2024-06-13 01:25:44", "elapsed": 35.770697, "delta": 0.113697}}
{"target": -83.99113285144657, "params": {"p_ai": 1.7857698349419049, "p_al": 9.698735832876796, "p_ex": 7.419653315035313, "prior": 2.598657141350841, "rate": 5.8127721875694265}, "datetime": {"datetime": "2024-06-13 01:25:44", "elapsed": 35.884318, "delta": 0.113621}}
{"target": -172.56964623602943, "params": {"p_ai": 9.55266727312833, "p_al": 0.808458324212976, "p_ex": 0.8362585364103492, "prior": 6.191729179367653, "rate": 2.245710294880741}, "datetime": {"datetime": "2024-06-13 01:25:44", "elapsed": 35.996023, "delta": 0.111705}}
{"target": -159.91647594692685, "params": {"p_ai": 7.652074383378348, "p_al": 5.681957276948102, "p_ex": 6.66221471414473, "prior": 1.0790311940451294, "rate": 0.8437462313141314}, "datetime": {"datetime": "2024-06-13 01:25:44", "elapsed": 36.108972, "delta": 0.112949}}
{"target": -136.82844660772815, "params": {"p_ai": 6.251585561986592, "p_al": 4.097902880079071, "p_ex": 0.8734379861959459, "prior": 3.711268386216875, "rate": 6.72177195215883}, "datetime": {"datetime": "2024-06-13 01:25:44", "elapsed": 36.222307, "delta": 0.113335}}
{"target": -87.15341046047381, "params": {"p_ai": 1.8966844145156656, "p_al": 8.957395356178512, "p_ex": 9.498514042411992, "prior": 9.615763851802903, "rate": 7.301095494844863}, "datetime": {"datetime": "2024-06-13 01:25:44", "elapsed": 36.336936, "delta": 0.114629}}
{"target": -102.71039557661496, "params": {"p_ai": 4.063477988455463, "p_al": 7.437748214315846, "p_ex": 2.8805808058682407, "prior": 3.144857806685071, "rate": 6.059357715817362}, "datetime": {"datetime": "2024-06-13 01:25:44", "elapsed": 36.451167, "delta": 0.114231}}
{"target": -118.51899180523606, "params": {"p_ai": 5.948876486945769, "p_al": 8.786731102181795, "p_ex": 2.546752955850109, "prior": 7.662117463663015, "rate": 9.410191654922194}, "datetime": {"datetime": "2024-06-13 01:25:44", "elapsed": 36.564371, "delta": 0.113204}}
{"target": -151.0529783346085, "params": {"p_ai": 0.011328293644688577, "p_al": 4.761415090903047, "p_ex": 6.570746249918269, "prior": 8.433388815981305, "rate": 1.8382103793481412}, "datetime": {"datetime": "2024-06-13 01:25:45", "elapsed": 36.677576, "delta": 0.113205}}
{"target": -152.24138159616723, "params": {"p_ai": 8.56173622063573, "p_al": 3.6442904330904224, "p_ex": 8.922847018832448, "prior": 0.2780896894835276, "rate": 0.854816001092583}, "datetime": {"datetime": "2024-06-13 01:25:45", "elapsed": 36.790529, "delta": 0.112953}}
{"target": -146.42565408224638, "params": {"p_ai": 9.81412324707537, "p_al": 6.095409755809193, "p_ex": 4.176905835795019, "prior": 1.6929726327522117, "rate": 6.499361629743811}, "datetime": {"datetime": "2024-06-13 01:25:45", "elapsed": 36.903228, "delta": 0.112699}}
{"target": -114.13909057523867, "params": {"p_ai": 0.3707137085252189, "p_al": 3.116827520693586, "p_ex": 3.2354684906937643, "prior": 6.074811493252022, "rate": 6.508661735500295}, "datetime": {"datetime": "2024-06-13 01:25:45", "elapsed": 37.017254, "delta": 0.114026}}
