{"target": -256.36646234718233, "params": {"gamma": 4.371801524592517, "prior": 9.310290067062997, "rate": 5.796563374104747}, "datetime": {"datetime": "2024-06-14 05:06:53", "elapsed": 14.980422, "delta": 0.010972}}
{"target": -138.53316730592104, "params": {"gamma": 0.4919257168276211, "prior": 4.583327245754565, "rate": 1.6048400632304824}, "datetime": {"datetime": "2024-06-14 05:06:53", "elapsed": 14.990394, "delta": 0.009972}}
{"target": -412.420549308576, "params": {"gamma": 7.3285116447675644, "prior": 3.5387914125136177, "rate": 2.0125752194218203}, "datetime": {"datetime": "2024-06-14 05:06:53", "elapsed": 14.99937, "delta": 0.008976}}
{"target": -498.6657630458483, "params": {"gamma": 8.428037552609165, "prior": 8.196183684842598, "rate": 3.4371232618649366}, "datetime": {"datetime": "2024-06-14 05:06:53", "elapsed": 15.009343, "delta": 0.009973}}
{"target": -189.74369275121123, "params": {"gamma": 4.036824289622301, "prior": 0.6999381207727932, "rate": 1.789668289049935}, "datetime": {"datetime": "2024-06-14 05:06:53", "elapsed": 15.019317, "delta": 0.009974}}
{"target": -331.24977814280334, "params": {"gamma": 7.359452519624915, "prior": 5.704690450059553, "rate": 8.232546464042965}, "datetime": {"datetime": "2024-06-14 05:06:53", "elapsed": 15.02929, "delta": 0.009973}}
{"target": -283.7498771163482, "params": {"gamma": 5.011999831149711, "prior": 7.70183791518716, "rate": 5.099670086770199}, "datetime": {"datetime": "2024-06-14 05:06:53", "elapsed": 15.039446, "delta": 0.010156}}
{"target": -237.67184211039728, "params": {"gamma": 5.681122236748865, "prior": 1.9277178465421385, "rate": 5.444465844143353}, "datetime": {"datetime": "2024-06-14 05:06:53", "elapsed": 15.050417, "delta": 0.010971}}
{"target": -179.1280440818092, "params": {"gamma": 2.0111304539680037, "prior": 5.606569803760094, "rate": 1.4152709353449207}, "datetime": {"datetime": "2024-06-14 05:06:53", "elapsed": 15.059947, "delta": 0.00953}}
{"target": -192.56352717322716, "params": {"gamma": 1.860913882924621, "prior": 7.671361205911481, "rate": 0.7097917708485983}, "datetime": {"datetime": "2024-06-14 05:06:53", "elapsed": 15.070918, "delta": 0.010971}}
{"target": -281.8257140373585, "params": {"gamma": 3.693767142270499, "prior": 8.790992387293622, "rate": 1.0442696607468924}, "datetime": {"datetime": "2024-06-14 05:06:53", "elapsed": 15.080892, "delta": 0.009974}}
{"target": -175.88292052689604, "params": {"gamma": 3.592172999392244, "prior": 1.2282076392222137, "rate": 8.765531034947044}, "datetime": {"datetime": "2024-06-14 05:06:53", "elapsed": 15.090864, "delta": 0.009972}}
{"target": -126.83322614972157, "params": {"gamma": 1.2632448916905008, "prior": 2.6200995276429606, "rate": 4.219641618837235}, "datetime": {"datetime": "2024-06-14 05:06:53", "elapsed": 15.101381, "delta": 0.010517}}
{"target": -371.6919935906792, "params": {"gamma": 6.652894921984129, "prior": 3.5125825645272064, "rate": 2.135803151301911}, "datetime": {"datetime": "2024-06-14 05:06:53", "elapsed": 15.111354, "delta": 0.009973}}
{"target": -189.53205685884024, "params": {"gamma": 3.734477672558837, "prior": 5.753143799030497, "rate": 9.907522742580955}, "datetime": {"datetime": "2024-06-14 05:06:53", "elapsed": 15.12033, "delta": 0.008976}}
{"target": -172.67823775129588, "params": {"gamma": 3.2723245929378826, "prior": 3.685813030171733, "rate": 7.062646301466503}, "datetime": {"datetime": "2024-06-14 05:06:53", "elapsed": 15.131301, "delta": 0.010971}}
{"target": -159.1973534722554, "params": {"gamma": 2.9900579784113206, "prior": 3.5620371383838085, "rate": 9.947082647057805}, "datetime": {"datetime": "2024-06-14 05:06:53", "elapsed": 15.141276, "delta": 0.009975}}
{"target": -453.85150111590957, "params": {"gamma": 6.043069520448973, "prior": 8.305226870877545, "rate": 0.3176252391757072}, "datetime": {"datetime": "2024-06-14 05:06:53", "elapsed": 15.15125, "delta": 0.009974}}
{"target": -140.57020500205127, "params": {"gamma": 1.4557567070423627, "prior": 7.304510112747834, "rate": 5.397899711964559}, "datetime": {"datetime": "2024-06-14 05:06:53", "elapsed": 15.161223, "delta": 0.009973}}
{"target": -516.5423916954966, "params": {"gamma": 9.952649800093342, "prior": 5.00673362856301, "rate": 3.8416545812104723}, "datetime": {"datetime": "2024-06-14 05:06:53", "elapsed": 15.171196, "delta": 0.009973}}
{"target": -142.78910408035375, "params": {"gamma": 1.9445456383363844, "prior": 5.942647801204246, "rate": 7.666485240265026}, "datetime": {"datetime": "2024-06-14 05:06:53", "elapsed": 15.18117, "delta": 0.009974}}
{"target": -650.6338968046406, "params": {"gamma": 9.244467433023058, "prior": 1.462495679977994, "rate": 0.08189114312752561}, "datetime": {"datetime": "2024-06-14 05:06:53", "elapsed": 15.191143, "delta": 0.009973}}
{"target": -208.26080236546738, "params": {"gamma": 4.780126931726139, "prior": 1.9111811039435311, "rate": 6.103775776452777}, "datetime": {"datetime": "2024-06-14 05:06:53", "elapsed": 15.201116, "delta": 0.009973}}
{"target": -278.1865274530315, "params": {"gamma": 6.203072776459787, "prior": 4.1553388322066995, "rate": 6.772375433611433}, "datetime": {"datetime": "2024-06-14 05:06:53", "elapsed": 15.210093, "delta": 0.008977}}
{"target": -205.31691854459982, "params": {"gamma": 1.997506020536704, "prior": 8.104961606799353, "rate": 0.5043465023721727}, "datetime": {"datetime": "2024-06-14 05:06:53", "elapsed": 15.220066, "delta": 0.009973}}
{"target": -142.96862601757843, "params": {"gamma": 1.7194467246754197, "prior": 9.807962958788716, "rate": 9.003871416888757}, "datetime": {"datetime": "2024-06-14 05:06:53", "elapsed": 15.230039, "delta": 0.009973}}
{"target": -539.4880554051635, "params": {"gamma": 9.397350482215943, "prior": 9.093598504119935, "rate": 4.414730582333611}, "datetime": {"datetime": "2024-06-14 05:06:53", "elapsed": 15.240012, "delta": 0.009973}}
{"target": -608.3003018684285, "params": {"gamma": 9.38810223223617, "prior": 2.450393284380015, "rate": 0.4960936050759842}, "datetime": {"datetime": "2024-06-14 05:06:53", "elapsed": 15.249986, "delta": 0.009974}}
{"target": -254.06429175584566, "params": {"gamma": 5.573083480654817, "prior": 3.2018703277326415, "rate": 5.321241086655658}, "datetime": {"datetime": "2024-06-14 05:06:53", "elapsed": 15.259959, "delta": 0.009973}}
{"target": -239.74680442295156, "params": {"gamma": 4.716614085966288, "prior": 4.883010854206279, "rate": 5.701205216020305}, "datetime": {"datetime": "2024-06-14 05:06:53", "elapsed": 15.269932, "delta": 0.009973}}
{"target": -344.31660461359826, "params": {"gamma": 9.234499334273318, "prior": 2.4383056862365993, "rate": 8.76092541084365}, "datetime": {"datetime": "2024-06-14 05:06:53", "elapsed": 15.279906, "delta": 0.009974}}
{"target": -300.09219189495417, "params": {"gamma": 7.338620497153172, "prior": 0.8841865537306981, "rate": 8.35403947254459}, "datetime": {"datetime": "2024-06-14 05:06:53", "elapsed": 15.288882, "delta": 0.008976}}
{"target": -353.39628889567217, "params": {"gamma": 3.977042541433784, "prior": 3.4238072872295295, "rate": 0.004929638918432948}, "datetime": {"datetime": "2024-06-14 05:06:53", "elapsed": 15.298855, "delta": 0.009973}}
{"target": -157.6487130881796, "params": {"gamma": 2.4588060546759145, "prior": 6.91066886368868, "rate": 8.511875178501727}, "datetime": {"datetime": "2024-06-14 05:06:53", "elapsed": 15.308828, "delta": 0.009973}}
{"target": -184.07408194752227, "params": {"gamma": 2.411253644225826, "prior": 3.772303728049094, "rate": 1.5050829543145978}, "datetime": {"datetime": "2024-06-14 05:06:53", "elapsed": 15.318802, "delta": 0.009974}}
{"target": -396.94637022235463, "params": {"gamma": 8.035198140908488, "prior": 7.198534861704508, "rate": 7.005081395607865}, "datetime": {"datetime": "2024-06-14 05:06:53", "elapsed": 15.328775, "delta": 0.009973}}
{"target": -338.7490188307574, "params": {"gamma": 6.788866386536979, "prior": 8.931245540448607, "rate": 8.830426892992689}, "datetime": {"datetime": "2024-06-14 05:06:53", "elapsed": 15.338749, "delta": 0.009974}}
{"target": -291.6931470817293, "params": {"gamma": 6.254053116944359, "prior": 2.9589059326949623, "rate": 4.031624750430216}, "datetime": {"datetime": "2024-06-14 05:06:53", "elapsed": 15.348723, "delta": 0.009974}}
{"target": -134.8753048813307, "params": {"gamma": 0.29054354730172277, "prior": 9.173191738621183, "rate": 6.874789890986447}, "datetime": {"datetime": "2024-06-14 05:06:53", "elapsed": 15.358695, "delta": 0.009972}}
{"target": -343.7852209427063, "params": {"gamma": 9.08180006447146, "prior": 3.0906626574741516, "rate": 9.448319713154849}, "datetime": {"datetime": "2024-06-14 05:06:53", "elapsed": 15.368668, "delta": 0.009973}}
{"target": -669.9758784554144, "params": {"gamma": 8.640447686233587, "prior": 8.871526314972696, "rate": 0.0024131607540603924}, "datetime": {"datetime": "2024-06-14 05:06:53", "elapsed": 15.378641, "delta": 0.009973}}
{"target": -181.06419708223325, "params": {"gamma": 3.773024949034168, "prior": 1.311020393599276, "rate": 9.328146256783993}, "datetime": {"datetime": "2024-06-14 05:06:53", "elapsed": 15.390957, "delta": 0.012316}}
{"target": -266.3113830701781, "params": {"gamma": 5.137558817898313, "prior": 4.94443049292636, "rate": 4.869724747174828}, "datetime": {"datetime": "2024-06-14 05:06:53", "elapsed": 15.400931, "delta": 0.009974}}
{"target": -258.51132801847575, "params": {"gamma": 5.703348718331128, "prior": 5.490624347569382, "rate": 9.171191497772435}, "datetime": {"datetime": "2024-06-14 05:06:53", "elapsed": 15.410903, "delta": 0.009972}}
{"target": -524.1074164958839, "params": {"gamma": 8.843961080725371, "prior": 7.858820667021336, "rate": 3.227950630409935}, "datetime": {"datetime": "2024-06-14 05:06:53", "elapsed": 15.420877, "delta": 0.009974}}
{"target": -302.0347919271788, "params": {"gamma": 7.8445897782918435, "prior": 1.537336203606739, "rate": 8.602401775503456}, "datetime": {"datetime": "2024-06-14 05:06:53", "elapsed": 15.430851, "delta": 0.009974}}
{"target": -417.49166092518027, "params": {"gamma": 7.730224416470844, "prior": 7.782074642130607, "rate": 5.287458244919481}, "datetime": {"datetime": "2024-06-14 05:06:53", "elapsed": 15.440823, "delta": 0.009972}}
{"target": -199.3700555236596, "params": {"gamma": 4.502403481540989, "prior": 2.3436517776557912, "rate": 8.086973092518448}, "datetime": {"datetime": "2024-06-14 05:06:53", "elapsed": 15.451794, "delta": 0.010971}}
{"target": -409.35308205442544, "params": {"gamma": 9.659325036522198, "prior": 5.480966524783521, "rate": 9.022172363016855}, "datetime": {"datetime": "2024-06-14 05:06:53", "elapsed": 15.461767, "delta": 0.009973}}
{"target": -187.799400047181, "params": {"gamma": 2.824222069304223, "prior": 5.225776988360308, "rate": 3.282297731662208}, "datetime": {"datetime": "2024-06-14 05:06:53", "elapsed": 15.471741, "delta": 0.009974}}
{"target": -378.6330206745764, "params": {"gamma": 9.918019790908655, "prior": 2.5781348530454977, "rate": 6.7878761196273985}, "datetime": {"datetime": "2024-06-14 05:06:53", "elapsed": 15.482711, "delta": 0.01097}}
{"target": -339.43480919543094, "params": {"gamma": 7.642256587918056, "prior": 0.41904372335207496, "rate": 9.822730012274928}, "datetime": {"datetime": "2024-06-14 05:06:53", "elapsed": 15.492685, "delta": 0.009974}}
{"target": -146.85659076097403, "params": {"gamma": 0.914136075297375, "prior": 6.179340836196217, "rate": 1.4943587574456791}, "datetime": {"datetime": "2024-06-14 05:06:53", "elapsed": 15.502658, "delta": 0.009973}}
{"target": -225.46673950991502, "params": {"gamma": 5.208444170554118, "prior": 1.0241164266430445, "rate": 7.812223199457574}, "datetime": {"datetime": "2024-06-14 05:06:53", "elapsed": 15.512631, "delta": 0.009973}}
{"target": -572.6239064788562, "params": {"gamma": 7.729537241828221, "prior": 6.02167277279802, "rate": 0.1464186524360543}, "datetime": {"datetime": "2024-06-14 05:06:53", "elapsed": 15.521607, "delta": 0.008976}}
{"target": -122.33265156104557, "params": {"gamma": 0.42120018122586705, "prior": 1.891609508368085, "rate": 9.720334679149751}, "datetime": {"datetime": "2024-06-14 05:06:53", "elapsed": 15.531581, "delta": 0.009974}}
{"target": -191.46792140825357, "params": {"gamma": 2.5467472891170426, "prior": 7.534987376045962, "rate": 2.8130708604490677}, "datetime": {"datetime": "2024-06-14 05:06:53", "elapsed": 15.541585, "delta": 0.010004}}
{"target": -162.68914663563092, "params": {"gamma": 2.555930656746099, "prior": 2.6528509861883998, "rate": 2.971232902105741}, "datetime": {"datetime": "2024-06-14 05:06:53", "elapsed": 15.55153, "delta": 0.009945}}
{"target": -140.7487114429849, "params": {"gamma": 0.0904371047664351, "prior": 9.873044202472457, "rate": 5.6650398975873095}, "datetime": {"datetime": "2024-06-14 05:06:53", "elapsed": 15.562501, "delta": 0.010971}}
{"target": -433.38488784075275, "params": {"gamma": 6.018822270456636, "prior": 5.428774701508513, "rate": 0.4393316428380598}, "datetime": {"datetime": "2024-06-14 05:06:53", "elapsed": 15.572503, "delta": 0.010002}}
{"target": -236.89307648485152, "params": {"gamma": 4.715733368498675, "prior": 5.44279736196503, "rate": 6.729884951727836}, "datetime": {"datetime": "2024-06-14 05:06:53", "elapsed": 15.582478, "delta": 0.009975}}
{"target": -234.18723137682343, "params": {"gamma": 5.342145859164941, "prior": 0.6452158589676233, "rate": 6.20136980037383}, "datetime": {"datetime": "2024-06-14 05:06:53", "elapsed": 15.592421, "delta": 0.009943}}
{"target": -267.25079442251837, "params": {"gamma": 5.812170852564193, "prior": 5.501403625658926, "rate": 8.432969520852312}, "datetime": {"datetime": "2024-06-14 05:06:53", "elapsed": 15.602394, "delta": 0.009973}}
{"target": -310.01399109883613, "params": {"gamma": 4.4744202102791135, "prior": 6.075297918451513, "rate": 1.2370052511020126}, "datetime": {"datetime": "2024-06-14 05:06:53", "elapsed": 15.612367, "delta": 0.009973}}
{"target": -248.71535203971837, "params": {"gamma": 2.524540150676985, "prior": 8.518507824967577, "rate": 0.16322740050218212}, "datetime": {"datetime": "2024-06-14 05:06:53", "elapsed": 15.622341, "delta": 0.009974}}
{"target": -161.1766483791563, "params": {"gamma": 1.563353530050915, "prior": 8.251511250120657, "rate": 2.2941474771120194}, "datetime": {"datetime": "2024-06-14 05:06:53", "elapsed": 15.632314, "delta": 0.009973}}
{"target": -159.3557999927409, "params": {"gamma": 2.5926903584258394, "prior": 7.0378270060594685, "rate": 9.665286266010238}, "datetime": {"datetime": "2024-06-14 05:06:54", "elapsed": 15.641795, "delta": 0.009481}}
{"target": -184.39245873414194, "params": {"gamma": 1.9835999198248373, "prior": 7.500223150149078, "rate": 1.4059219435725394}, "datetime": {"datetime": "2024-06-14 05:06:54", "elapsed": 15.651768, "delta": 0.009973}}
{"target": -182.83800839542803, "params": {"gamma": 3.8255932152218004, "prior": 3.3005635888934934, "rate": 8.837971404321385}, "datetime": {"datetime": "2024-06-14 05:06:54", "elapsed": 15.661742, "delta": 0.009974}}
{"target": -473.8263264368852, "params": {"gamma": 6.554158581010341, "prior": 3.4023960640121804, "rate": 0.2170579835200867}, "datetime": {"datetime": "2024-06-14 05:06:54", "elapsed": 15.671715, "delta": 0.009973}}
{"target": -230.30151081323638, "params": {"gamma": 3.690717582622661, "prior": 9.724588651254853, "rate": 5.291461768734136}, "datetime": {"datetime": "2024-06-14 05:06:54", "elapsed": 15.682473, "delta": 0.010758}}
{"target": -342.0233908476268, "params": {"gamma": 7.42170608723287, "prior": 3.5193494852507885, "rate": 4.606438063386967}, "datetime": {"datetime": "2024-06-14 05:06:54", "elapsed": 15.692446, "delta": 0.009973}}
{"target": -170.9423966996103, "params": {"gamma": 2.1171453464815797, "prior": 8.385901328359125, "rate": 3.5987287851418053}, "datetime": {"datetime": "2024-06-14 05:06:54", "elapsed": 15.701422, "delta": 0.008976}}
{"target": -141.8110158097437, "params": {"gamma": 0.37184424137389627, "prior": 6.920992980908198, "rate": 1.5587330522055973}, "datetime": {"datetime": "2024-06-14 05:06:54", "elapsed": 15.711395, "delta": 0.009973}}
{"target": -352.77848802348853, "params": {"gamma": 7.98771294193551, "prior": 0.2510982809907867, "rate": 5.856645849985007}, "datetime": {"datetime": "2024-06-14 05:06:54", "elapsed": 15.721369, "delta": 0.009974}}
{"target": -352.36941677026437, "params": {"gamma": 4.955667253979119, "prior": 9.974871164209066, "rate": 1.344572993526239}, "datetime": {"datetime": "2024-06-14 05:06:54", "elapsed": 15.731342, "delta": 0.009973}}
{"target": -300.8436040923855, "params": {"gamma": 6.725864268561899, "prior": 1.0399602054672268, "rate": 1.6185223747759032}, "datetime": {"datetime": "2024-06-14 05:06:54", "elapsed": 15.741315, "delta": 0.009973}}
{"target": -610.6941168400091, "params": {"gamma": 9.883324584988317, "prior": 8.085984167867757, "rate": 2.447158246382357}, "datetime": {"datetime": "2024-06-14 05:06:54", "elapsed": 15.751289, "delta": 0.009974}}
{"target": -347.0225415086796, "params": {"gamma": 8.46315815656222, "prior": 0.45244256444577213, "rate": 5.356534904767137}, "datetime": {"datetime": "2024-06-14 05:06:54", "elapsed": 15.761262, "delta": 0.009973}}
{"target": -134.81677700621762, "params": {"gamma": 0.9156560813263981, "prior": 9.711966099756669, "rate": 5.8314262663101335}, "datetime": {"datetime": "2024-06-14 05:06:54", "elapsed": 15.771235, "delta": 0.009973}}
{"target": -235.7338397362465, "params": {"gamma": 5.557857005100962, "prior": 3.2479334229382575, "rate": 8.499195516950698}, "datetime": {"datetime": "2024-06-14 05:06:54", "elapsed": 15.781209, "delta": 0.009974}}
{"target": -226.51813193097598, "params": {"gamma": 5.302014980143714, "prior": 0.26927241910209526, "rate": 1.849764010582726}, "datetime": {"datetime": "2024-06-14 05:06:54", "elapsed": 15.791182, "delta": 0.009973}}
{"target": -195.42035817621274, "params": {"gamma": 4.335249630012873, "prior": 0.8917664699406374, "rate": 2.807294876301211}, "datetime": {"datetime": "2024-06-14 05:06:54", "elapsed": 15.801155, "delta": 0.009973}}
{"target": -158.5699924581133, "params": {"gamma": 2.50470246829456, "prior": 0.10602555886107112, "rate": 6.929160306974375}, "datetime": {"datetime": "2024-06-14 05:06:54", "elapsed": 15.810131, "delta": 0.008976}}
{"target": -377.2748905285253, "params": {"gamma": 7.739122475175086, "prior": 8.221458050411275, "rate": 8.516444514251624}, "datetime": {"datetime": "2024-06-14 05:06:54", "elapsed": 15.820105, "delta": 0.009974}}
{"target": -141.91224586335974, "params": {"gamma": 1.516097284927453, "prior": 8.911362720684613, "rate": 6.582470685255508}, "datetime": {"datetime": "2024-06-14 05:06:54", "elapsed": 15.830078, "delta": 0.009973}}
{"target": -305.5453484744523, "params": {"gamma": 6.961640494479081, "prior": 5.684309475667977, "rate": 9.396880301472725}, "datetime": {"datetime": "2024-06-14 05:06:54", "elapsed": 15.840052, "delta": 0.009974}}
{"target": -176.106551825047, "params": {"gamma": 2.5192185879677065, "prior": 7.8901544088551026, "rate": 4.953089405221723}, "datetime": {"datetime": "2024-06-14 05:06:54", "elapsed": 15.850025, "delta": 0.009973}}
{"target": -629.808673617459, "params": {"gamma": 8.909111167255265, "prior": 2.834367028962495, "rate": 0.15345384499933612}, "datetime": {"datetime": "2024-06-14 05:06:54", "elapsed": 15.859998, "delta": 0.009973}}
{"target": -131.62050763213082, "params": {"gamma": 0.6498451553396644, "prior": 9.006387353591512, "rate": 6.411861082231753}, "datetime": {"datetime": "2024-06-14 05:06:54", "elapsed": 15.869971, "delta": 0.009973}}
{"target": -352.7644629750434, "params": {"gamma": 7.302956948346961, "prior": 5.093180874926231, "rate": 5.5761884295247635}, "datetime": {"datetime": "2024-06-14 05:06:54", "elapsed": 15.879945, "delta": 0.009974}}
{"target": -205.56131473553094, "params": {"gamma": 3.6395809320717802, "prior": 7.848092917900229, "rate": 7.568895646824035}, "datetime": {"datetime": "2024-06-14 05:06:54", "elapsed": 15.889918, "delta": 0.009973}}
{"target": -366.67725381919905, "params": {"gamma": 7.000361363341032, "prior": 9.622734907924354, "rate": 7.688614872456184}, "datetime": {"datetime": "2024-06-14 05:06:54", "elapsed": 15.899891, "delta": 0.009973}}
{"target": -469.19824613780145, "params": {"gamma": 9.779247988847397, "prior": 5.943736851967249, "rate": 6.192971647774601}, "datetime": {"datetime": "2024-06-14 05:06:54", "elapsed": 15.909865, "delta": 0.009974}}
{"target": -450.5882651501875, "params": {"gamma": 6.390893117652819, "prior": 3.331076730816897, "rate": 0.33125715159731645}, "datetime": {"datetime": "2024-06-14 05:06:54", "elapsed": 15.919838, "delta": 0.009973}}
{"target": -541.1352236587193, "params": {"gamma": 7.881975609758543, "prior": 7.130859720793782, "rate": 0.7912378849771072}, "datetime": {"datetime": "2024-06-14 05:06:54", "elapsed": 15.929812, "delta": 0.009974}}
{"target": -140.43275289209961, "params": {"gamma": 1.486669782533265, "prior": 6.894768417542823, "rate": 5.350838735760061}, "datetime": {"datetime": "2024-06-14 05:06:54", "elapsed": 15.939785, "delta": 0.009973}}
{"target": -133.09360690196235, "params": {"gamma": 1.9129532131472144, "prior": 0.6539381737611052, "rate": 6.114511590773306}, "datetime": {"datetime": "2024-06-14 05:06:54", "elapsed": 15.950756, "delta": 0.010971}}
{"target": -123.33489530941713, "params": {"gamma": 0.5370626571610718, "prior": 2.2143955883275006, "rate": 5.027124040449976}, "datetime": {"datetime": "2024-06-14 05:06:54", "elapsed": 15.960729, "delta": 0.009973}}
{"target": -165.25119934363556, "params": {"gamma": 0.941217065094407, "prior": 4.1481704960787145, "rate": 0.2021378650325921}, "datetime": {"datetime": "2024-06-14 05:06:54", "elapsed": 15.970702, "delta": 0.009973}}
{"target": -138.8953899646614, "params": {"gamma": 1.1955179943126049, "prior": 9.40661888678996, "rate": 5.589052028891483}, "datetime": {"datetime": "2024-06-14 05:06:54", "elapsed": 15.983668, "delta": 0.012966}}
