{"target": -161.82261468511103, "params": {"p_ai": 4.634748122750124, "p_al": 5.099229852311732, "p_ex": 5.116287316757662, "prior": 9.971390854869842, "rate": 1.296828576884128}, "datetime": {"datetime": "2024-06-12 22:25:49", "elapsed": 64.126729, "delta": 0.112311}}
{"target": -195.72143478468374, "params": {"p_ai": 7.561942713988967, "p_al": 7.937773715501701, "p_ex": 5.849241105106437, "prior": 4.627919064512984, "rate": 8.934372946865443}, "datetime": {"datetime": "2024-06-12 22:25:49", "elapsed": 64.238772, "delta": 0.112043}}
{"target": -197.78846569992166, "params": {"p_ai": 8.281974010512174, "p_al": 0.5038590693510084, "p_ex": 9.629874547125452, "prior": 0.07439157764468438, "rate": 5.731748914634736}, "datetime": {"datetime": "2024-06-12 22:25:49", "elapsed": 64.349981, "delta": 0.111209}}
{"target": -194.67412008512932, "params": {"p_ai": 5.7247357384538, "p_al": 8.343962268240377, "p_ex": 3.8477759631858306, "prior": 0.911317649590776, "rate": 5.81729100641988}, "datetime": {"datetime": "2024-06-12 22:25:49", "elapsed": 64.461683, "delta": 0.111702}}
{"target": -173.90615384183363, "params": {"p_ai": 0.24943375777694893, "p_al": 3.618595813310707, "p_ex": 9.853182704051143, "prior": 8.687919916680645, "rate": 1.525814920870293}, "datetime": {"datetime": "2024-06-12 22:25:50", "elapsed": 64.574052, "delta": 0.112369}}
{"target": -197.63664032967515, "params": {"p_ai": 7.988462064471767, "p_al": 8.110158197295846, "p_ex": 9.282143984052633, "prior": 2.2446182761738016, "rate": 4.990175777525101}, "datetime": {"datetime": "2024-06-12 22:25:50", "elapsed": 64.685263, "delta": 0.111211}}
{"target": -222.65524587804742, "params": {"p_ai": 8.274613470019348, "p_al": 6.673670516196978, "p_ex": 5.939767497694312, "prior": 6.520106231886649, "rate": 2.385921611977331}, "datetime": {"datetime": "2024-06-12 22:25:50", "elapsed": 64.797961, "delta": 0.112698}}
{"target": -133.7284070160436, "params": {"p_ai": 0.2563753086730316, "p_al": 7.362836317207894, "p_ex": 3.268591461483445, "prior": 3.7681921123145443, "rate": 6.126547925441392}, "datetime": {"datetime": "2024-06-12 22:25:50", "elapsed": 64.909932, "delta": 0.111971}}
{"target": -161.8058023966663, "params": {"p_ai": 6.571993258592808, "p_al": 2.0297861073278014, "p_ex": 8.260489346916343, "prior": 3.802685845849549, "rate": 6.317812340605414}, "datetime": {"datetime": "2024-06-12 22:25:50", "elapsed": 65.021819, "delta": 0.111887}}
{"target": -255.5939846178233, "params": {"p_ai": 9.664147745107453, "p_al": 5.648297566431096, "p_ex": 3.58975250674678, "prior": 6.1900821172926825, "rate": 5.018429387513632}, "datetime": {"datetime": "2024-06-12 22:25:50", "elapsed": 65.134147, "delta": 0.112328}}
{"target": -158.47923775037665, "params": {"p_ai": 4.524310101530738, "p_al": 7.32297507682793, "p_ex": 9.245176989691043, "prior": 4.793234881420612, "rate": 0.8832132798499579}, "datetime": {"datetime": "2024-06-12 22:25:50", "elapsed": 65.2471, "delta": 0.112953}}
{"target": -202.35300371274042, "params": {"p_ai": 5.696965913284056, "p_al": 2.450263600293229, "p_ex": 0.3967395368422162, "prior": 7.881613926230188, "rate": 2.728409598411216}, "datetime": {"datetime": "2024-06-12 22:25:50", "elapsed": 65.359799, "delta": 0.112699}}
{"target": -264.47656048195256, "params": {"p_ai": 7.7709278589308965, "p_al": 4.882601221938961, "p_ex": 3.1800409748600784, "prior": 3.1409404750589167, "rate": 0.42120557610105835}, "datetime": {"datetime": "2024-06-12 22:25:50", "elapsed": 65.47087, "delta": 0.111071}}
{"target": -226.63850206625935, "params": {"p_ai": 5.344463969208603, "p_al": 8.235692008411606, "p_ex": 0.8398696296412803, "prior": 1.0864784973815673, "rate": 5.293030012750302}, "datetime": {"datetime": "2024-06-12 22:25:51", "elapsed": 65.583571, "delta": 0.112701}}
{"target": -233.11301756273056, "params": {"p_ai": 6.601757954426345, "p_al": 6.947765177374281, "p_ex": 3.1329037297737132, "prior": 0.37873998028565886, "rate": 4.146214234044257}, "datetime": {"datetime": "2024-06-12 22:25:51", "elapsed": 65.695669, "delta": 0.112098}}
{"target": -121.36322325247137, "params": {"p_ai": 2.2612156645820662, "p_al": 0.012147187693814215, "p_ex": 6.857480005685141, "prior": 9.520673328006277, "rate": 3.9121264535897473}, "datetime": {"datetime": "2024-06-12 22:25:51", "elapsed": 65.808253, "delta": 0.112584}}
{"target": -115.00170987849263, "params": {"p_ai": 3.0036839952852596, "p_al": 5.537964374290343, "p_ex": 8.519910604390748, "prior": 7.9498792795045405, "rate": 6.847882293080787}, "datetime": {"datetime": "2024-06-12 22:25:51", "elapsed": 65.919955, "delta": 0.111702}}
{"target": -165.8839048380241, "params": {"p_ai": 4.321638805905765, "p_al": 6.904649764523284, "p_ex": 2.161037487164819, "prior": 2.8401504350246216, "rate": 7.778428288392944}, "datetime": {"datetime": "2024-06-12 22:25:51", "elapsed": 66.032332, "delta": 0.112377}}
{"target": -247.66452637617985, "params": {"p_ai": 9.299871383327218, "p_al": 1.9013049866632814, "p_ex": 2.9613368308929076, "prior": 0.06309646163797043, "rate": 4.316190890558737}, "datetime": {"datetime": "2024-06-12 22:25:51", "elapsed": 66.144034, "delta": 0.111702}}
{"target": -183.64775222394286, "params": {"p_ai": 2.103740422454257, "p_al": 6.414606400753661, "p_ex": 7.096182567565407, "prior": 1.188658366270452, "rate": 0.8223578763172843}, "datetime": {"datetime": "2024-06-12 22:25:51", "elapsed": 66.257334, "delta": 0.1133}}
{"target": -226.07241758215395, "params": {"p_ai": 9.063444360733778, "p_al": 3.8929983086548985, "p_ex": 5.334501569162878, "prior": 9.632452407571792, "rate": 7.590781068151137}, "datetime": {"datetime": "2024-06-12 22:25:51", "elapsed": 66.369036, "delta": 0.111702}}
{"target": -143.28223345840502, "params": {"p_ai": 3.256077435692296, "p_al": 0.8594071619018152, "p_ex": 5.360704142867423, "prior": 3.3619183039303744, "rate": 0.21783235985649294}, "datetime": {"datetime": "2024-06-12 22:25:51", "elapsed": 66.483118, "delta": 0.114082}}
{"target": -195.61769342037874, "params": {"p_ai": 7.711752180204535, "p_al": 3.849706389409975, "p_ex": 5.713640179437297, "prior": 7.557672815106508, "rate": 9.408533351590556}, "datetime": {"datetime": "2024-06-12 22:25:52", "elapsed": 66.602307, "delta": 0.119189}}
{"target": -217.1005693783392, "params": {"p_ai": 6.123611064507542, "p_al": 3.1546463916226513, "p_ex": 1.1016550019623323, "prior": 0.7401149602248109, "rate": 3.197588047953422}, "datetime": {"datetime": "2024-06-12 22:25:52", "elapsed": 66.718995, "delta": 0.116688}}
{"target": -254.17555170571353, "params": {"p_ai": 6.608730550421095, "p_al": 6.9518254952121765, "p_ex": 2.0779726825898135, "prior": 0.8288765899448861, "rate": 3.055801102199025}, "datetime": {"datetime": "2024-06-12 22:25:52", "elapsed": 66.833918, "delta": 0.114923}}
{"target": -164.7070925927227, "params": {"p_ai": 5.476198023985873, "p_al": 7.546942075074172, "p_ex": 5.297043548379857, "prior": 2.8705505437179983, "rate": 6.242173052915846}, "datetime": {"datetime": "2024-06-12 22:25:52", "elapsed": 66.948238, "delta": 0.11432}}
{"target": -114.76466406800989, "params": {"p_ai": 2.649101715106782, "p_al": 6.527276450430897, "p_ex": 8.419138180259552, "prior": 6.389839255863949, "rate": 5.656749058298363}, "datetime": {"datetime": "2024-06-12 22:25:52", "elapsed": 67.07276, "delta": 0.124522}}
{"target": -115.2955871081479, "params": {"p_ai": 3.072113950599342, "p_al": 8.767893622339674, "p_ex": 9.888230025288278, "prior": 7.775016832668201, "rate": 5.736864931846622}, "datetime": {"datetime": "2024-06-12 22:25:52", "elapsed": 67.184881, "delta": 0.112121}}
{"target": -122.734482067737, "params": {"p_ai": 1.4136520470773757, "p_al": 3.1499752949036433, "p_ex": 3.669226326593246, "prior": 2.9196603150536307, "rate": 4.46008219467453}, "datetime": {"datetime": "2024-06-12 22:25:52", "elapsed": 67.296478, "delta": 0.111597}}
{"target": -190.691485138033, "params": {"p_ai": 6.106714536159591, "p_al": 2.129932990561121, "p_ex": 2.4983477831127514, "prior": 1.1223926817277465, "rate": 3.07657830315885}, "datetime": {"datetime": "2024-06-12 22:25:52", "elapsed": 67.408372, "delta": 0.111894}}
{"target": -132.02026501963374, "params": {"p_ai": 4.9749853375678486, "p_al": 4.898588039316173, "p_ex": 9.955776541252115, "prior": 9.811104522073206, "rate": 4.366191154039751}, "datetime": {"datetime": "2024-06-12 22:25:52", "elapsed": 67.521071, "delta": 0.112699}}
{"target": -234.96232756982354, "params": {"p_ai": 9.720234197281384, "p_al": 2.1447646438539647, "p_ex": 5.411667740203425, "prior": 4.534899709382847, "rate": 9.67612136622795}, "datetime": {"datetime": "2024-06-12 22:25:53", "elapsed": 67.633772, "delta": 0.112701}}
{"target": -215.14165173005608, "params": {"p_ai": 8.361926055130448, "p_al": 2.142255100882632, "p_ex": 4.395951482451757, "prior": 1.685601239492825, "rate": 5.29134301734205}, "datetime": {"datetime": "2024-06-12 22:25:53", "elapsed": 67.745883, "delta": 0.112111}}
{"target": -225.0025964892898, "params": {"p_ai": 7.935053256996167, "p_al": 0.35975561051120136, "p_ex": 1.9143974164796644, "prior": 9.77457818836577, "rate": 9.608012262900427}, "datetime": {"datetime": "2024-06-12 22:25:53", "elapsed": 67.868674, "delta": 0.122791}}
{"target": -181.1872109646411, "params": {"p_ai": 5.566359999361917, "p_al": 6.461261124237896, "p_ex": 2.7216580499184504, "prior": 9.520958766042686, "rate": 6.698078288466073}, "datetime": {"datetime": "2024-06-12 22:25:53", "elapsed": 67.981166, "delta": 0.112492}}
{"target": -161.3671337273256, "params": {"p_ai": 6.6684131433924785, "p_al": 0.11202223036585872, "p_ex": 8.529845528647078, "prior": 7.78348386058334, "rate": 6.849555045051163}, "datetime": {"datetime": "2024-06-12 22:25:53", "elapsed": 68.092898, "delta": 0.111732}}
{"target": -182.49462659721334, "params": {"p_ai": 7.4080773483828315, "p_al": 1.5665676735591734, "p_ex": 7.188031753433652, "prior": 0.9690872885214075, "rate": 7.069787530938304}, "datetime": {"datetime": "2024-06-12 22:25:53", "elapsed": 68.205678, "delta": 0.11278}}
{"target": -128.81934646114038, "params": {"p_ai": 0.027315329458906884, "p_al": 7.76228166881635, "p_ex": 4.916080290630613, "prior": 2.044664276112351, "rate": 7.292736897839507}, "datetime": {"datetime": "2024-06-12 22:25:53", "elapsed": 68.317162, "delta": 0.111484}}
{"target": -149.61870158483012, "params": {"p_ai": 3.1572256636998253, "p_al": 8.83829208238512, "p_ex": 1.803155018796988, "prior": 9.385567992205967, "rate": 9.707530730383564}, "datetime": {"datetime": "2024-06-12 22:25:53", "elapsed": 68.42986, "delta": 0.112698}}
{"target": -122.70051713074653, "params": {"p_ai": 3.0455479552792557, "p_al": 8.625001510643305, "p_ex": 8.421949009551232, "prior": 4.246702488235933, "rate": 3.637480394119995}, "datetime": {"datetime": "2024-06-12 22:25:53", "elapsed": 68.541562, "delta": 0.111702}}
{"target": -150.42230159921203, "params": {"p_ai": 2.825092294877215, "p_al": 9.93237460787099, "p_ex": 2.5582545184920447, "prior": 9.206835301993463, "rate": 4.283923802383466}, "datetime": {"datetime": "2024-06-12 22:25:54", "elapsed": 68.653263, "delta": 0.111701}}
{"target": -272.323355291824, "params": {"p_ai": 9.354334696401745, "p_al": 8.38860949714763, "p_ex": 1.5586174788295128, "prior": 5.743259260154481, "rate": 6.7353566438421755}, "datetime": {"datetime": "2024-06-12 22:25:54", "elapsed": 68.765962, "delta": 0.112699}}
{"target": -155.40420024556948, "params": {"p_ai": 4.058798239584453, "p_al": 0.04976556777778367, "p_ex": 3.2539879663598352, "prior": 8.389610534784513, "rate": 0.629176978192477}, "datetime": {"datetime": "2024-06-12 22:25:54", "elapsed": 68.879658, "delta": 0.113696}}
{"target": -127.98897757799135, "params": {"p_ai": 1.0550920446467325, "p_al": 7.0181716777726475, "p_ex": 5.142068519294122, "prior": 4.9821700831201285, "rate": 3.736723579545134}, "datetime": {"datetime": "2024-06-12 22:25:54", "elapsed": 68.991957, "delta": 0.112299}}
{"target": -199.33740962873756, "params": {"p_ai": 6.035532653096519, "p_al": 8.514836200003508, "p_ex": 2.7699536416334585, "prior": 8.447768867073506, "rate": 4.166774866572612}, "datetime": {"datetime": "2024-06-12 22:25:54", "elapsed": 69.104119, "delta": 0.112162}}
{"target": -173.078046413503, "params": {"p_ai": 5.010339139927012, "p_al": 7.296504162303235, "p_ex": 2.5879583533585664, "prior": 9.216447549642744, "rate": 7.020992572824255}, "datetime": {"datetime": "2024-06-12 22:25:54", "elapsed": 69.21582, "delta": 0.111701}}
{"target": -160.28522074308046, "params": {"p_ai": 6.189685300551793, "p_al": 2.7308153642818653, "p_ex": 6.958788715138101, "prior": 2.5728902697861002, "rate": 8.164710250604447}, "datetime": {"datetime": "2024-06-12 22:25:54", "elapsed": 69.328056, "delta": 0.112236}}
{"target": -142.28954938006464, "params": {"p_ai": 0.11571307777403769, "p_al": 1.6662098984717895, "p_ex": 5.578732058631829, "prior": 7.12309771502542, "rate": 4.925314058477191}, "datetime": {"datetime": "2024-06-12 22:25:54", "elapsed": 69.440728, "delta": 0.112672}}
{"target": -238.0242793644843, "params": {"p_ai": 8.77821720529802, "p_al": 9.758723505691574, "p_ex": 4.643306398374889, "prior": 7.680101807848576, "rate": 4.9482265662014395}, "datetime": {"datetime": "2024-06-12 22:25:54", "elapsed": 69.551434, "delta": 0.110706}}
{"target": -209.40144845531222, "params": {"p_ai": 6.651322684579871, "p_al": 2.2495249246936897, "p_ex": 1.0963076304454686, "prior": 9.790110366804328, "rate": 8.150131602400142}, "datetime": {"datetime": "2024-06-12 22:25:55", "elapsed": 69.664133, "delta": 0.112699}}
{"target": -138.23928232510005, "params": {"p_ai": 2.85454994096286, "p_al": 5.858698015894784, "p_ex": 3.8013319815826336, "prior": 1.7642040696578871, "rate": 4.188932595381877}, "datetime": {"datetime": "2024-06-12 22:25:55", "elapsed": 69.775839, "delta": 0.111706}}
{"target": -127.86602259375184, "params": {"p_ai": 2.9725807541730793, "p_al": 0.16722444122252625, "p_ex": 3.8742957016810964, "prior": 9.209209125043717, "rate": 8.28217438681578}, "datetime": {"datetime": "2024-06-12 22:25:55", "elapsed": 69.88705, "delta": 0.111211}}
{"target": -184.3813632912883, "params": {"p_ai": 5.741173477210314, "p_al": 3.1871500009390448, "p_ex": 2.31341168455949, "prior": 9.560239816725709, "rate": 5.646536380588049}, "datetime": {"datetime": "2024-06-12 22:25:55", "elapsed": 69.999636, "delta": 0.112586}}
{"target": -121.07213275691441, "params": {"p_ai": 2.176835430287672, "p_al": 2.4955710289351303, "p_ex": 9.59600242910666, "prior": 2.3889025188306237, "rate": 1.068034169467023}, "datetime": {"datetime": "2024-06-12 22:25:55", "elapsed": 70.111845, "delta": 0.112209}}
{"target": -113.42245062931083, "params": {"p_ai": 1.840435435586939, "p_al": 7.662481844372273, "p_ex": 7.087933795056683, "prior": 4.379981305846461, "rate": 7.938251266657136}, "datetime": {"datetime": "2024-06-12 22:25:55", "elapsed": 70.225048, "delta": 0.113203}}
{"target": -189.88530287364483, "params": {"p_ai": 5.1756094087340525, "p_al": 4.136568013129941, "p_ex": 1.1753019203396682, "prior": 8.839226748297556, "rate": 2.7566565508887577}, "datetime": {"datetime": "2024-06-12 22:25:55", "elapsed": 70.336689, "delta": 0.111641}}
{"target": -206.0722212840489, "params": {"p_ai": 6.162990972575274, "p_al": 9.8458132098281, "p_ex": 1.8949908024154942, "prior": 9.651914729938635, "rate": 6.527500968888528}, "datetime": {"datetime": "2024-06-12 22:25:55", "elapsed": 70.449387, "delta": 0.112698}}
{"target": -119.61685294815081, "params": {"p_ai": 1.28818731436088, "p_al": 7.719499533584411, "p_ex": 9.51780600679268, "prior": 5.628242716344561, "rate": 6.885863442381723}, "datetime": {"datetime": "2024-06-12 22:25:56", "elapsed": 70.562086, "delta": 0.112699}}
{"target": -144.67887325427225, "params": {"p_ai": 0.26445244082095803, "p_al": 9.890767779393961, "p_ex": 3.1852527410170115, "prior": 0.24001388988282726, "rate": 8.08583294059341}, "datetime": {"datetime": "2024-06-12 22:25:56", "elapsed": 70.673788, "delta": 0.111702}}
{"target": -321.2095255713343, "params": {"p_ai": 9.732552265118914, "p_al": 7.376147510656895, "p_ex": 0.028355324647958178, "prior": 0.6345417532289791, "rate": 5.843109782870581}, "datetime": {"datetime": "2024-06-12 22:25:56", "elapsed": 70.78818, "delta": 0.114392}}
{"target": -118.17000951415584, "params": {"p_ai": 3.3578153624482754, "p_al": 8.818452974037214, "p_ex": 8.736820024200027, "prior": 9.875201568135711, "rate": 7.158603858756865}, "datetime": {"datetime": "2024-06-12 22:25:56", "elapsed": 70.90189, "delta": 0.11371}}
{"target": -257.2552515772457, "params": {"p_ai": 8.768960114386706, "p_al": 3.197181468508664, "p_ex": 1.1126583422461405, "prior": 8.653775693718016, "rate": 3.035422507017289}, "datetime": {"datetime": "2024-06-12 22:25:56", "elapsed": 71.01478, "delta": 0.11289}}
{"target": -141.37799474859696, "params": {"p_ai": 4.193903649370696, "p_al": 6.460656540458656, "p_ex": 6.051386242420971, "prior": 4.209809922064285, "rate": 3.862118968194065}, "datetime": {"datetime": "2024-06-12 22:25:56", "elapsed": 71.154407, "delta": 0.139627}}
{"target": -132.27743045582045, "params": {"p_ai": 1.227687737548204, "p_al": 5.339084981149863, "p_ex": 2.329308118342716, "prior": 7.548323703153514, "rate": 6.749030971060837}, "datetime": {"datetime": "2024-06-12 22:25:56", "elapsed": 71.276052, "delta": 0.121645}}
{"target": -220.08048579211464, "params": {"p_ai": 0.7201977211273354, "p_al": 9.892657582673268, "p_ex": 7.804788898807839, "prior": 2.279031043019085, "rate": 0.30839744067862085}, "datetime": {"datetime": "2024-06-12 22:25:56", "elapsed": 71.403716, "delta": 0.127664}}
{"target": -143.73079369552957, "params": {"p_ai": 4.784239938885914, "p_al": 3.5280716325732393, "p_ex": 5.465568482142916, "prior": 6.596979890293786, "rate": 7.972400853780025}, "datetime": {"datetime": "2024-06-12 22:25:56", "elapsed": 71.524393, "delta": 0.120677}}
{"target": -139.8460995902629, "params": {"p_ai": 0.1364299240444373, "p_al": 7.143240843274906, "p_ex": 2.95384434705289, "prior": 9.864039353798532, "rate": 8.46257106414723}, "datetime": {"datetime": "2024-06-12 22:25:57", "elapsed": 71.644072, "delta": 0.119679}}
{"target": -230.21761333175562, "params": {"p_ai": 5.604451409666734, "p_al": 5.9780590880830164, "p_ex": 1.9215646543725684, "prior": 2.263289634282068, "rate": 1.5409777702011733}, "datetime": {"datetime": "2024-06-12 22:25:57", "elapsed": 71.756323, "delta": 0.112251}}
{"target": -141.1781298299991, "params": {"p_ai": 3.778757661096953, "p_al": 1.1204424879714694, "p_ex": 5.113217663448985, "prior": 6.385141076060073, "rate": 1.2230015699915957}, "datetime": {"datetime": "2024-06-12 22:25:57", "elapsed": 71.876853, "delta": 0.12053}}
{"target": -125.9519883385705, "params": {"p_ai": 3.442619392943751, "p_al": 0.7044084489723932, "p_ex": 5.25808611153342, "prior": 6.503247402260852, "rate": 6.155105941609653}, "datetime": {"datetime": "2024-06-12 22:25:57", "elapsed": 71.989867, "delta": 0.113014}}
{"target": -216.45848386452724, "params": {"p_ai": 8.138881758532042, "p_al": 2.3564267987877012, "p_ex": 6.182200236562616, "prior": 3.028982363807174, "rate": 0.8885882930853439}, "datetime": {"datetime": "2024-06-12 22:25:57", "elapsed": 72.101578, "delta": 0.111711}}
{"target": -127.60021592402445, "params": {"p_ai": 3.053309454186566, "p_al": 0.7144933929712171, "p_ex": 9.585783535985689, "prior": 7.271927183834367, "rate": 1.0155071173822163}, "datetime": {"datetime": "2024-06-12 22:25:57", "elapsed": 72.213653, "delta": 0.112075}}
{"target": -183.73264857192513, "params": {"p_ai": 7.862906954163588, "p_al": 3.5222014456052215, "p_ex": 9.1144399680976, "prior": 4.955478850036387, "rate": 8.727054537125737}, "datetime": {"datetime": "2024-06-12 22:25:57", "elapsed": 72.325429, "delta": 0.111776}}
{"target": -129.09128244529595, "params": {"p_ai": 2.206077417642493, "p_al": 3.6725560667067523, "p_ex": 3.6690025846416687, "prior": 0.9722296833512493, "rate": 3.310813326223882}, "datetime": {"datetime": "2024-06-12 22:25:57", "elapsed": 72.438128, "delta": 0.112699}}
{"target": -165.8411868258174, "params": {"p_ai": 6.597438328584157, "p_al": 4.665968370246033, "p_ex": 8.792436465874568, "prior": 2.6974329936370927, "rate": 3.5488386678677664}, "datetime": {"datetime": "2024-06-12 22:25:57", "elapsed": 72.549829, "delta": 0.111701}}
{"target": -146.7816624482986, "params": {"p_ai": 3.2042225472159718, "p_al": 5.517827968246455, "p_ex": 1.8830059366472722, "prior": 1.7332694708102208, "rate": 9.394879760160336}, "datetime": {"datetime": "2024-06-12 22:25:58", "elapsed": 72.662557, "delta": 0.112728}}
{"target": -248.9123923750897, "params": {"p_ai": 3.767100489749554, "p_al": 5.871394250695616, "p_ex": 0.5524656981032197, "prior": 1.409439110996769, "rate": 0.964489160060572}, "datetime": {"datetime": "2024-06-12 22:25:58", "elapsed": 72.774229, "delta": 0.111672}}
{"target": -205.9652398977439, "params": {"p_ai": 8.121343564013504, "p_al": 1.0323646790520586, "p_ex": 5.163644140749812, "prior": 1.556623402022749, "rate": 2.7888887375330564}, "datetime": {"datetime": "2024-06-12 22:25:58", "elapsed": 72.886928, "delta": 0.112699}}
{"target": -245.5636077923984, "params": {"p_ai": 8.826137423028198, "p_al": 6.316306057543976, "p_ex": 9.636663439420486, "prior": 5.997543941794315, "rate": 0.0961876424493635}, "datetime": {"datetime": "2024-06-12 22:25:58", "elapsed": 72.998931, "delta": 0.112003}}
{"target": -145.6156690567794, "params": {"p_ai": 4.156994414198696, "p_al": 0.22539510183243922, "p_ex": 3.1405292961414175, "prior": 4.816767682276697, "rate": 5.755017951896957}, "datetime": {"datetime": "2024-06-12 22:25:58", "elapsed": 73.110633, "delta": 0.111702}}
{"target": -140.23412895561165, "params": {"p_ai": 2.38726337908637, "p_al": 5.583307497898072, "p_ex": 3.949806420938232, "prior": 5.066315292881764, "rate": 1.9604741784106727}, "datetime": {"datetime": "2024-06-12 22:25:58", "elapsed": 73.223133, "delta": 0.1125}}
