{"target": -285.9371620250455, "params": {"gamma": 1.7983467816471097, "prior": 0.48173470650167005, "rate": 7.327203051217345}, "datetime": {"datetime": "2024-06-14 12:57:23", "elapsed": 12.23273, "delta": 0.008948}}
{"target": -754.2224388439658, "params": {"gamma": 5.630844195010378, "prior": 0.5164002018474038, "rate": 9.848867755318958}, "datetime": {"datetime": "2024-06-14 12:57:23", "elapsed": 12.242703, "delta": 0.009973}}
{"target": -524.7803171893457, "params": {"gamma": 5.693754542449788, "prior": 5.893051062330274, "rate": 7.899276512022575}, "datetime": {"datetime": "2024-06-14 12:57:23", "elapsed": 12.253674, "delta": 0.010971}}
{"target": -1039.5245956058804, "params": {"gamma": 9.026444072192401, "prior": 0.7014322896639713, "rate": 3.485783580678766}, "datetime": {"datetime": "2024-06-14 12:57:23", "elapsed": 12.264644, "delta": 0.01097}}
{"target": -192.943250976061, "params": {"gamma": 2.001718538820858, "prior": 4.70500016338409, "rate": 0.9155879517141836}, "datetime": {"datetime": "2024-06-14 12:57:23", "elapsed": 12.274618, "delta": 0.009974}}
{"target": -172.31146984291, "params": {"gamma": 0.6817896566229965, "prior": 3.07880538798981, "rate": 9.04354823246074}, "datetime": {"datetime": "2024-06-14 12:57:23", "elapsed": 12.283594, "delta": 0.008976}}
{"target": -541.1850611855901, "params": {"gamma": 9.755444236897075, "prior": 7.660828314655607, "rate": 0.008408388692528457}, "datetime": {"datetime": "2024-06-14 12:57:23", "elapsed": 12.293567, "delta": 0.009973}}
{"target": -859.3958224876544, "params": {"gamma": 7.3524203268081045, "prior": 0.3177258488517453, "rate": 1.6864882568683546}, "datetime": {"datetime": "2024-06-14 12:57:23", "elapsed": 12.304538, "delta": 0.010971}}
{"target": -152.08397617709693, "params": {"gamma": 0.10612956883701744, "prior": 1.576357287795895, "rate": 6.87536774608507}, "datetime": {"datetime": "2024-06-14 12:57:23", "elapsed": 12.313514, "delta": 0.008976}}
{"target": -690.3350648073759, "params": {"gamma": 7.020466736538225, "prior": 3.773666325556383, "rate": 7.312177051179447}, "datetime": {"datetime": "2024-06-14 12:57:23", "elapsed": 12.323487, "delta": 0.009973}}
{"target": -638.501896125687, "params": {"gamma": 8.47319475004096, "prior": 1.3905393929713459, "rate": 0.8749857543012785}, "datetime": {"datetime": "2024-06-14 12:57:23", "elapsed": 12.33346, "delta": 0.009973}}
{"target": -318.3771718870033, "params": {"gamma": 3.7198426436825134, "prior": 4.098448011756622, "rate": 2.764765794383843}, "datetime": {"datetime": "2024-06-14 12:57:23", "elapsed": 12.343433, "delta": 0.009973}}
{"target": -774.3653312273731, "params": {"gamma": 7.5419276912585245, "prior": 3.2856833854686824, "rate": 8.001642974863078}, "datetime": {"datetime": "2024-06-14 12:57:23", "elapsed": 12.353407, "delta": 0.009974}}
{"target": -727.8459622098183, "params": {"gamma": 9.113172234382187, "prior": 5.180175174658037, "rate": 4.294790874776841}, "datetime": {"datetime": "2024-06-14 12:57:23", "elapsed": 12.36338, "delta": 0.009973}}
{"target": -186.36115850103627, "params": {"gamma": 0.9168564269132811, "prior": 2.8094053076691683, "rate": 8.866591497643999}, "datetime": {"datetime": "2024-06-14 12:57:23", "elapsed": 12.373354, "delta": 0.009974}}
{"target": -248.13949488847973, "params": {"gamma": 2.460197468394256, "prior": 6.24977493002166, "rate": 4.950578951032165}, "datetime": {"datetime": "2024-06-14 12:57:23", "elapsed": 12.383327, "delta": 0.009973}}
{"target": -160.01462607708513, "params": {"gamma": 0.9446309868062094, "prior": 9.003748460789474, "rate": 0.6786405537486796}, "datetime": {"datetime": "2024-06-14 12:57:23", "elapsed": 12.392303, "delta": 0.008976}}
{"target": -538.544625984854, "params": {"gamma": 6.807342552340344, "prior": 9.722781585845405, "rate": 7.09402853441662}, "datetime": {"datetime": "2024-06-14 12:57:23", "elapsed": 12.402276, "delta": 0.009973}}
{"target": -423.02017762257327, "params": {"gamma": 3.2597612958632975, "prior": 0.8270576470431867, "rate": 5.797790733426387}, "datetime": {"datetime": "2024-06-14 12:57:23", "elapsed": 12.412278, "delta": 0.010002}}
{"target": -707.709772393333, "params": {"gamma": 7.335436665512681, "prior": 3.6525757331700546, "rate": 6.537860973630521}, "datetime": {"datetime": "2024-06-14 12:57:23", "elapsed": 12.422223, "delta": 0.009945}}
{"target": -763.4473390034502, "params": {"gamma": 5.6663474905763875, "prior": 0.4376535322434657, "rate": 9.207023836034617}, "datetime": {"datetime": "2024-06-14 12:57:23", "elapsed": 12.431199, "delta": 0.008976}}
{"target": -406.9252703376887, "params": {"gamma": 3.80067802872134, "prior": 3.8560792455691626, "rate": 8.463712402100912}, "datetime": {"datetime": "2024-06-14 12:57:23", "elapsed": 12.441172, "delta": 0.009973}}
{"target": -458.7068076216927, "params": {"gamma": 4.843294742066144, "prior": 4.565581063206701, "rate": 6.398927296728125}, "datetime": {"datetime": "2024-06-14 12:57:23", "elapsed": 12.451146, "delta": 0.009974}}
{"target": -244.37592592758773, "params": {"gamma": 2.118501136597562, "prior": 5.330176857702819, "rate": 6.68601667563293}, "datetime": {"datetime": "2024-06-14 12:57:23", "elapsed": 12.46112, "delta": 0.009974}}
{"target": -450.8486943679913, "params": {"gamma": 5.388228223129067, "prior": 7.116735261329858, "rate": 5.985766383139416}, "datetime": {"datetime": "2024-06-14 12:57:23", "elapsed": 12.471093, "delta": 0.009973}}
{"target": -493.1818876690235, "params": {"gamma": 8.414213931463882, "prior": 8.803790551734272, "rate": 0.979294191124055}, "datetime": {"datetime": "2024-06-14 12:57:23", "elapsed": 12.481066, "delta": 0.009973}}
{"target": -324.17806462581626, "params": {"gamma": 2.5866813512262476, "prior": 0.6410959386512911, "rate": 2.289689785820543}, "datetime": {"datetime": "2024-06-14 12:57:23", "elapsed": 12.491039, "delta": 0.009973}}
{"target": -694.3376488621524, "params": {"gamma": 7.209446154413992, "prior": 0.8775978709769626, "rate": 1.5520400109873145}, "datetime": {"datetime": "2024-06-14 12:57:23", "elapsed": 12.500015, "delta": 0.008976}}
{"target": -587.6635053843929, "params": {"gamma": 7.707912505930211, "prior": 4.498819255990509, "rate": 2.9019172561855204}, "datetime": {"datetime": "2024-06-14 12:57:23", "elapsed": 12.509988, "delta": 0.009973}}
{"target": -382.01176055306524, "params": {"gamma": 6.440202978033387, "prior": 8.880690205028927, "rate": 0.3770167983173472}, "datetime": {"datetime": "2024-06-14 12:57:23", "elapsed": 12.519962, "delta": 0.009974}}
{"target": -623.8537644314664, "params": {"gamma": 6.931250350669296, "prior": 6.718652167826616, "rate": 8.680252973877208}, "datetime": {"datetime": "2024-06-14 12:57:23", "elapsed": 12.528938, "delta": 0.008976}}
{"target": -189.29931543254486, "params": {"gamma": 1.964524028194986, "prior": 7.156647032386309, "rate": 1.0399071814446177}, "datetime": {"datetime": "2024-06-14 12:57:23", "elapsed": 12.538911, "delta": 0.009973}}
{"target": -154.00900588957865, "params": {"gamma": 0.5672069415832846, "prior": 6.839880739152903, "rate": 0.22732450662229567}, "datetime": {"datetime": "2024-06-14 12:57:23", "elapsed": 12.548913, "delta": 0.010002}}
{"target": -164.0538826949175, "params": {"gamma": 0.4439465889324353, "prior": 0.46583492545602645, "rate": 4.65463967682463}, "datetime": {"datetime": "2024-06-14 12:57:23", "elapsed": 12.558858, "delta": 0.009945}}
{"target": -482.27047320687683, "params": {"gamma": 7.5789365730024665, "prior": 9.92277231453038, "rate": 2.2668503578440693}, "datetime": {"datetime": "2024-06-14 12:57:23", "elapsed": 12.567863, "delta": 0.009005}}
{"target": -680.6908207596283, "params": {"gamma": 7.924009872480004, "prior": 7.972934055378927, "rate": 8.72255485071234}, "datetime": {"datetime": "2024-06-14 12:57:23", "elapsed": 12.577836, "delta": 0.009973}}
{"target": -400.2316426740711, "params": {"gamma": 3.1432456469635857, "prior": 1.4159580458583867, "rate": 7.967219098261448}, "datetime": {"datetime": "2024-06-14 12:57:23", "elapsed": 12.58778, "delta": 0.009944}}
{"target": -358.6462788235762, "params": {"gamma": 5.675065913341395, "prior": 4.2050738753286225, "rate": 0.587358130182522}, "datetime": {"datetime": "2024-06-14 12:57:23", "elapsed": 12.597754, "delta": 0.009974}}
{"target": -151.5441580822436, "params": {"gamma": 0.06656219698395709, "prior": 3.2286322867153814, "rate": 2.715316394543481}, "datetime": {"datetime": "2024-06-14 12:57:23", "elapsed": 12.607727, "delta": 0.009973}}
{"target": -358.2745285201856, "params": {"gamma": 4.757760549476385, "prior": 9.243757460551764, "rate": 4.167428176120559}, "datetime": {"datetime": "2024-06-14 12:57:23", "elapsed": 12.616703, "delta": 0.008976}}
{"target": -242.74511025966834, "params": {"gamma": 2.8795508249232378, "prior": 8.467940679140908, "rate": 3.0701917238377807}, "datetime": {"datetime": "2024-06-14 12:57:23", "elapsed": 12.626677, "delta": 0.009974}}
{"target": -711.8763384845963, "params": {"gamma": 9.155924640477402, "prior": 8.647777248513803, "rate": 6.388553062492898}, "datetime": {"datetime": "2024-06-14 12:57:23", "elapsed": 12.63665, "delta": 0.009973}}
{"target": -825.4238293827095, "params": {"gamma": 7.477004260543885, "prior": 1.6574956757483044, "rate": 6.029139826844452}, "datetime": {"datetime": "2024-06-14 12:57:23", "elapsed": 12.646623, "delta": 0.009973}}
{"target": -271.67512738403843, "params": {"gamma": 3.2710458013785924, "prior": 4.937912730263073, "rate": 2.2546291955209634}, "datetime": {"datetime": "2024-06-14 12:57:23", "elapsed": 12.656596, "delta": 0.009973}}
{"target": -777.820129418622, "params": {"gamma": 9.019674819004562, "prior": 4.174184394127804, "rate": 4.767863797915282}, "datetime": {"datetime": "2024-06-14 12:57:23", "elapsed": 12.665572, "delta": 0.008976}}
{"target": -804.5321820377046, "params": {"gamma": 7.214306126589714, "prior": 1.3097484479347787, "rate": 5.031147420462448}, "datetime": {"datetime": "2024-06-14 12:57:23", "elapsed": 12.675546, "delta": 0.009974}}
{"target": -579.2591238712981, "params": {"gamma": 8.131663485200999, "prior": 6.805684413213499, "rate": 3.2171856095203215}, "datetime": {"datetime": "2024-06-14 12:57:23", "elapsed": 12.685519, "delta": 0.009973}}
{"target": -595.8634914250039, "params": {"gamma": 7.106943301265306, "prior": 9.350952026926866, "rate": 8.947867607275063}, "datetime": {"datetime": "2024-06-14 12:57:23", "elapsed": 12.695493, "delta": 0.009974}}
{"target": -673.4572335162953, "params": {"gamma": 7.422605646963092, "prior": 2.7344015716166092, "rate": 3.725501581962508}, "datetime": {"datetime": "2024-06-14 12:57:24", "elapsed": 12.705466, "delta": 0.009973}}
{"target": -501.16017116602495, "params": {"gamma": 5.584620793314178, "prior": 3.872384078878505, "rate": 4.558012873762793}, "datetime": {"datetime": "2024-06-14 12:57:24", "elapsed": 12.715439, "delta": 0.009973}}
{"target": -980.2095053932179, "params": {"gamma": 7.935465915232807, "prior": 1.1290073078901408, "rate": 9.7299927856935}, "datetime": {"datetime": "2024-06-14 12:57:24", "elapsed": 12.724415, "delta": 0.008976}}
{"target": -583.2637291704066, "params": {"gamma": 7.046486043044176, "prior": 8.660805896925622, "rate": 7.817018859374792}, "datetime": {"datetime": "2024-06-14 12:57:24", "elapsed": 12.734389, "delta": 0.009974}}
{"target": -307.8049739666035, "params": {"gamma": 4.322404951375301, "prior": 9.430860319493826, "rate": 2.5316090848682102}, "datetime": {"datetime": "2024-06-14 12:57:24", "elapsed": 12.744361, "delta": 0.009972}}
{"target": -160.7996472822187, "params": {"gamma": 0.46343798347233406, "prior": 1.0590944796215522, "rate": 2.0081654825988586}, "datetime": {"datetime": "2024-06-14 12:57:24", "elapsed": 12.754336, "delta": 0.009975}}
{"target": -604.6362781005182, "params": {"gamma": 5.3912662829380675, "prior": 2.3136652704027774, "rate": 8.353372877694195}, "datetime": {"datetime": "2024-06-14 12:57:24", "elapsed": 12.764309, "delta": 0.009973}}
{"target": -151.88640623196642, "params": {"gamma": 0.09437753374081341, "prior": 7.484419195067273, "rate": 9.69010921459811}, "datetime": {"datetime": "2024-06-14 12:57:24", "elapsed": 12.774282, "delta": 0.009973}}
{"target": -277.5131341421584, "params": {"gamma": 2.6725649276388403, "prior": 6.275773513641307, "rate": 7.148081569821106}, "datetime": {"datetime": "2024-06-14 12:57:24", "elapsed": 12.784255, "delta": 0.009973}}
{"target": -343.35339923153185, "params": {"gamma": 3.270247221878411, "prior": 4.387953061937092, "rate": 7.344354052301767}, "datetime": {"datetime": "2024-06-14 12:57:24", "elapsed": 12.794229, "delta": 0.009974}}
{"target": -208.72945240803588, "params": {"gamma": 1.3123707216933747, "prior": 1.5224911326883348, "rate": 3.7546878211627708}, "datetime": {"datetime": "2024-06-14 12:57:24", "elapsed": 12.804202, "delta": 0.009973}}
{"target": -221.54791292625498, "params": {"gamma": 2.2848621090646066, "prior": 3.139165298421994, "rate": 1.5015067831741629}, "datetime": {"datetime": "2024-06-14 12:57:24", "elapsed": 12.814175, "delta": 0.009973}}
{"target": -166.22547393766502, "params": {"gamma": 0.9672639623300204, "prior": 9.168241908051757, "rate": 3.4595881913084976}, "datetime": {"datetime": "2024-06-14 12:57:24", "elapsed": 12.823151, "delta": 0.008976}}
{"target": -467.71117886981375, "params": {"gamma": 5.660096601094165, "prior": 5.51726777421675, "rate": 4.5041251239749585}, "datetime": {"datetime": "2024-06-14 12:57:24", "elapsed": 12.833124, "delta": 0.009973}}
{"target": -780.0271264749268, "params": {"gamma": 7.478457982844058, "prior": 3.3826069277300896, "rate": 8.924882091116567}, "datetime": {"datetime": "2024-06-14 12:57:24", "elapsed": 12.843098, "delta": 0.009974}}
{"target": -161.72976234664745, "params": {"gamma": 0.6812641898485671, "prior": 5.7914069679783005, "rate": 3.391186716940452}, "datetime": {"datetime": "2024-06-14 12:57:24", "elapsed": 12.853071, "delta": 0.009973}}
{"target": -383.7531901184607, "params": {"gamma": 3.6396395485330513, "prior": 3.120469153051323, "rate": 6.036259408805832}, "datetime": {"datetime": "2024-06-14 12:57:24", "elapsed": 12.862048, "delta": 0.008977}}
{"target": -248.2026299819301, "params": {"gamma": 2.34484488740895, "prior": 3.013631376935151, "rate": 2.8556604108589827}, "datetime": {"datetime": "2024-06-14 12:57:24", "elapsed": 12.872054, "delta": 0.010006}}
{"target": -151.19726556383017, "params": {"gamma": 0.06894765796633268, "prior": 3.779023243593732, "rate": 0.4899246143734417}, "datetime": {"datetime": "2024-06-14 12:57:24", "elapsed": 12.881995, "delta": 0.009941}}
{"target": -698.3917685284835, "params": {"gamma": 8.743887748991542, "prior": 7.246044050893931, "rate": 5.953475738168867}, "datetime": {"datetime": "2024-06-14 12:57:24", "elapsed": 12.891967, "delta": 0.009972}}
{"target": -591.3301211861616, "params": {"gamma": 7.439039471551036, "prior": 9.020831429535983, "rate": 6.941211543141177}, "datetime": {"datetime": "2024-06-14 12:57:24", "elapsed": 12.901941, "delta": 0.009974}}
{"target": -639.8040200632832, "params": {"gamma": 5.90797241496815, "prior": 1.3301665118919654, "rate": 4.046421932570356}, "datetime": {"datetime": "2024-06-14 12:57:24", "elapsed": 12.911914, "delta": 0.009973}}
{"target": -552.4261247563772, "params": {"gamma": 5.789933531360811, "prior": 6.068159221609412, "rate": 9.607817590001783}, "datetime": {"datetime": "2024-06-14 12:57:24", "elapsed": 12.92089, "delta": 0.008976}}
{"target": -205.60573240003717, "params": {"gamma": 2.0557977104341765, "prior": 6.665198142873705, "rate": 2.5650349774738426}, "datetime": {"datetime": "2024-06-14 12:57:24", "elapsed": 12.930863, "delta": 0.009973}}
{"target": -309.51010870049026, "params": {"gamma": 4.1781946638619605, "prior": 9.722309574884378, "rate": 3.31144322847995}, "datetime": {"datetime": "2024-06-14 12:57:24", "elapsed": 12.940837, "delta": 0.009974}}
{"target": -253.84229062230364, "params": {"gamma": 3.620869630590026, "prior": 4.451727639802938, "rate": 0.4076372311016773}, "datetime": {"datetime": "2024-06-14 12:57:24", "elapsed": 12.95081, "delta": 0.009973}}
{"target": -357.6562010963472, "params": {"gamma": 3.9863038148057774, "prior": 6.227952485750611, "rate": 5.7812217885154835}, "datetime": {"datetime": "2024-06-14 12:57:24", "elapsed": 12.960571, "delta": 0.009761}}
{"target": -705.8792712771351, "params": {"gamma": 8.734253865159978, "prior": 6.447746922370251, "rate": 5.570002490848631}, "datetime": {"datetime": "2024-06-14 12:57:24", "elapsed": 12.970545, "delta": 0.009974}}
{"target": -847.3008713790322, "params": {"gamma": 6.406830923563959, "prior": 0.5714061557653263, "rate": 9.961217364236495}, "datetime": {"datetime": "2024-06-14 12:57:24", "elapsed": 12.980518, "delta": 0.009973}}
{"target": -194.41873697591043, "params": {"gamma": 1.517902470777048, "prior": 4.242624178680719, "rate": 2.953219449966769}, "datetime": {"datetime": "2024-06-14 12:57:24", "elapsed": 12.990491, "delta": 0.009973}}
{"target": -449.3217776716404, "params": {"gamma": 5.7725917240622495, "prior": 5.6396541321313896, "rate": 3.5217911282734677}, "datetime": {"datetime": "2024-06-14 12:57:24", "elapsed": 13.000464, "delta": 0.009973}}
{"target": -843.7501779117954, "params": {"gamma": 9.73632101034662, "prior": 7.537589226886725, "rate": 8.898523787979325}, "datetime": {"datetime": "2024-06-14 12:57:24", "elapsed": 13.010438, "delta": 0.009974}}
{"target": -374.45333682895324, "params": {"gamma": 4.554646543417618, "prior": 6.0341202774811045, "rate": 4.135119304282028}, "datetime": {"datetime": "2024-06-14 12:57:24", "elapsed": 13.019414, "delta": 0.008976}}
{"target": -250.81215954310682, "params": {"gamma": 3.043247399234573, "prior": 5.302158650435817, "rate": 1.9104821219709982}, "datetime": {"datetime": "2024-06-14 12:57:24", "elapsed": 13.029387, "delta": 0.009973}}
{"target": -193.3919367585286, "params": {"gamma": 2.141803137630578, "prior": 5.156795441297785, "rate": 0.13950689289069168}, "datetime": {"datetime": "2024-06-14 12:57:24", "elapsed": 13.03936, "delta": 0.009973}}
{"target": -382.0594837480076, "params": {"gamma": 4.4554255996411385, "prior": 9.967336646400456, "rate": 8.227007128517913}, "datetime": {"datetime": "2024-06-14 12:57:24", "elapsed": 13.049334, "delta": 0.009974}}
{"target": -162.28735886114055, "params": {"gamma": 0.8355220043224125, "prior": 6.5933141384600535, "rate": 2.25470390737774}, "datetime": {"datetime": "2024-06-14 12:57:24", "elapsed": 13.058339, "delta": 0.009005}}
{"target": -195.84964023084885, "params": {"gamma": 1.1804405667721274, "prior": 3.551904901646867, "rate": 6.771991012506975}, "datetime": {"datetime": "2024-06-14 12:57:24", "elapsed": 13.068283, "delta": 0.009944}}
{"target": -729.9030044341566, "params": {"gamma": 5.508094840668205, "prior": 0.5352303689625977, "rate": 8.567685939201464}, "datetime": {"datetime": "2024-06-14 12:57:24", "elapsed": 13.078256, "delta": 0.009973}}
{"target": -324.8465527222892, "params": {"gamma": 4.776472641076445, "prior": 8.582084626197144, "rate": 1.8773524615382258}, "datetime": {"datetime": "2024-06-14 12:57:24", "elapsed": 13.088229, "delta": 0.009973}}
{"target": -169.55721240831377, "params": {"gamma": 0.8382489282379628, "prior": 5.208099654210848, "rate": 4.545992085303224}, "datetime": {"datetime": "2024-06-14 12:57:24", "elapsed": 13.098203, "delta": 0.009974}}
{"target": -152.56438712161497, "params": {"gamma": 0.13993009549948474, "prior": 0.4896104379385867, "rate": 0.9372347244778493}, "datetime": {"datetime": "2024-06-14 12:57:24", "elapsed": 13.107208, "delta": 0.009005}}
{"target": -160.12534768612187, "params": {"gamma": 0.4077341217427622, "prior": 1.839816766707203, "rate": 5.7557859749589015}, "datetime": {"datetime": "2024-06-14 12:57:24", "elapsed": 13.117708, "delta": 0.0105}}
{"target": -305.30340207316647, "params": {"gamma": 4.768049447045129, "prior": 9.79972035532993, "rate": 0.7083006030293989}, "datetime": {"datetime": "2024-06-14 12:57:24", "elapsed": 13.127718, "delta": 0.01001}}
{"target": -799.3619813846022, "params": {"gamma": 8.67428890537549, "prior": 5.827345843187369, "rate": 8.764878981579999}, "datetime": {"datetime": "2024-06-14 12:57:24", "elapsed": 13.137655, "delta": 0.009937}}
{"target": -169.95089101026625, "params": {"gamma": 0.5580803899209963, "prior": 1.0816198620738768, "rate": 8.631084082751796}, "datetime": {"datetime": "2024-06-14 12:57:24", "elapsed": 13.147201, "delta": 0.009546}}
{"target": -347.73793854028975, "params": {"gamma": 5.7042698804473675, "prior": 5.629088630789569, "rate": 0.13111366674830982}, "datetime": {"datetime": "2024-06-14 12:57:24", "elapsed": 13.157174, "delta": 0.009973}}
{"target": -568.6545339037743, "params": {"gamma": 6.422885788360278, "prior": 8.491878366232083, "rate": 9.96126578479924}, "datetime": {"datetime": "2024-06-14 12:57:24", "elapsed": 13.16615, "delta": 0.008976}}
{"target": -408.31624733102046, "params": {"gamma": 4.3301149523829, "prior": 3.182949555977844, "rate": 4.0482984794974595}, "datetime": {"datetime": "2024-06-14 12:57:24", "elapsed": 13.176124, "delta": 0.009974}}
{"target": -270.778247795889, "params": {"gamma": 2.2810229380137588, "prior": 2.3383759888621203, "rate": 4.337002443043325}, "datetime": {"datetime": "2024-06-14 12:57:24", "elapsed": 13.186097, "delta": 0.009973}}
{"target": -602.0326432341075, "params": {"gamma": 6.845710542660374, "prior": 6.641299157065754, "rate": 7.725129192452083}, "datetime": {"datetime": "2024-06-14 12:57:24", "elapsed": 13.19607, "delta": 0.009973}}
{"target": -242.4318120886946, "params": {"gamma": 2.1689300660171678, "prior": 7.314193149454935, "rate": 7.952743020363484}, "datetime": {"datetime": "2024-06-14 12:57:24", "elapsed": 13.206073, "delta": 0.010003}}
{"target": -391.84526823454377, "params": {"gamma": 5.618566827974954, "prior": 4.710139830525047, "rate": 1.5828405185913081}, "datetime": {"datetime": "2024-06-14 12:57:24", "elapsed": 13.216019, "delta": 0.009946}}
