{"target": -132.89013822907683, "params": {"gamma": 1.6165788245210426, "prior": 6.524924004221608, "rate": 7.53350473313803}, "datetime": {"datetime": "2024-06-14 18:10:34", "elapsed": 6.268514, "delta": 0.008976}}
{"target": -159.73494613604035, "params": {"gamma": 2.8026461610955637, "prior": 4.5684824262007755, "rate": 9.004588674948266}, "datetime": {"datetime": "2024-06-14 18:10:34", "elapsed": 6.27749, "delta": 0.008976}}
{"target": -367.7010346083141, "params": {"gamma": 8.719984326277993, "prior": 7.1011573368634044, "rate": 5.909415094304578}, "datetime": {"datetime": "2024-06-14 18:10:34", "elapsed": 6.287463, "delta": 0.009973}}
{"target": -319.0220195441984, "params": {"gamma": 8.174005321700859, "prior": 9.085681996388406, "rate": 0.026073089119563617}, "datetime": {"datetime": "2024-06-14 18:10:34", "elapsed": 6.29644, "delta": 0.008977}}
{"target": -193.46039002971855, "params": {"gamma": 3.972880434571384, "prior": 5.657955868812967, "rate": 7.339497439712482}, "datetime": {"datetime": "2024-06-14 18:10:34", "elapsed": 6.305452, "delta": 0.009012}}
{"target": -130.9084367781585, "params": {"gamma": 0.8756401490882502, "prior": 4.057574378040559, "rate": 2.796932173319039}, "datetime": {"datetime": "2024-06-14 18:10:34", "elapsed": 6.314392, "delta": 0.00894}}
{"target": -202.5506581708505, "params": {"gamma": 4.235677020998725, "prior": 5.029988463465554, "rate": 6.600492220036985}, "datetime": {"datetime": "2024-06-14 18:10:34", "elapsed": 6.323367, "delta": 0.008975}}
{"target": -225.19183443344127, "params": {"gamma": 4.962865153563822, "prior": 6.242635185991386, "rate": 5.824816179030337}, "datetime": {"datetime": "2024-06-14 18:10:34", "elapsed": 6.332343, "delta": 0.008976}}
{"target": -213.78511564675978, "params": {"gamma": 4.2838956479905255, "prior": 0.1492660106415274, "rate": 1.9459696221821587}, "datetime": {"datetime": "2024-06-14 18:10:34", "elapsed": 6.342317, "delta": 0.009974}}
{"target": -176.0016327018364, "params": {"gamma": 3.2027463362086017, "prior": 1.55508344596382, "rate": 5.987040152182751}, "datetime": {"datetime": "2024-06-14 18:10:34", "elapsed": 6.351293, "delta": 0.008976}}
{"target": -263.24847526917256, "params": {"gamma": 6.115383267119364, "prior": 5.050923270009602, "rate": 3.2091681671070447}, "datetime": {"datetime": "2024-06-14 18:10:34", "elapsed": 6.360269, "delta": 0.008976}}
{"target": -264.9001656578842, "params": {"gamma": 6.53292726219252, "prior": 1.983806478522533, "rate": 0.05980393346483768}, "datetime": {"datetime": "2024-06-14 18:10:34", "elapsed": 6.369245, "delta": 0.008976}}
{"target": -321.64339211054755, "params": {"gamma": 7.3496852448209316, "prior": 4.490688034848957, "rate": 6.978718718842435}, "datetime": {"datetime": "2024-06-14 18:10:34", "elapsed": 6.378221, "delta": 0.008976}}
{"target": -139.487708187742, "params": {"gamma": 1.851248453020123, "prior": 0.7199360396407632, "rate": 3.78170775924343}, "datetime": {"datetime": "2024-06-14 18:10:34", "elapsed": 6.387197, "delta": 0.008976}}
{"target": -307.891407995104, "params": {"gamma": 6.960269107944495, "prior": 1.1179018377977268, "rate": 1.959146502516249}, "datetime": {"datetime": "2024-06-14 18:10:34", "elapsed": 6.396553, "delta": 0.009356}}
{"target": -212.38364972987617, "params": {"gamma": 4.540072551414793, "prior": 6.249376977967096, "rate": 7.501492356441782}, "datetime": {"datetime": "2024-06-14 18:10:34", "elapsed": 6.405529, "delta": 0.008976}}
{"target": -130.74563223948658, "params": {"gamma": 1.0982404778352803, "prior": 6.283773710840847, "rate": 3.8742178609226636}, "datetime": {"datetime": "2024-06-14 18:10:34", "elapsed": 6.414505, "delta": 0.008976}}
{"target": -302.86035315237876, "params": {"gamma": 6.701233597109323, "prior": 2.115247738852826, "rate": 5.2796600565097815}, "datetime": {"datetime": "2024-06-14 18:10:34", "elapsed": 6.423481, "delta": 0.008976}}
{"target": -137.68867618180565, "params": {"gamma": 1.722453387004371, "prior": 0.2849419593641159, "rate": 4.870015513993148}, "datetime": {"datetime": "2024-06-14 18:10:34", "elapsed": 6.432457, "delta": 0.008976}}
{"target": -135.90912138888598, "params": {"gamma": 1.8425935878323698, "prior": 6.4195989670335365, "rate": 5.366211618584989}, "datetime": {"datetime": "2024-06-14 18:10:34", "elapsed": 6.44243, "delta": 0.009973}}
{"target": -344.3552952876422, "params": {"gamma": 7.74967885459746, "prior": 3.990303036078612, "rate": 9.894531856231692}, "datetime": {"datetime": "2024-06-14 18:10:34", "elapsed": 6.451406, "delta": 0.008976}}
{"target": -237.26819597455722, "params": {"gamma": 5.152631746924576, "prior": 4.84035167173617, "rate": 7.494675265050945}, "datetime": {"datetime": "2024-06-14 18:10:34", "elapsed": 6.460382, "delta": 0.008976}}
{"target": -257.0368128382746, "params": {"gamma": 5.727310244630862, "prior": 3.6884066412702516, "rate": 4.892958609815962}, "datetime": {"datetime": "2024-06-14 18:10:34", "elapsed": 6.469359, "delta": 0.008977}}
{"target": -145.26653917190896, "params": {"gamma": 1.8921946110135588, "prior": 3.9964758015389337, "rate": 0.30058756348796134}, "datetime": {"datetime": "2024-06-14 18:10:34", "elapsed": 6.478365, "delta": 0.009006}}
{"target": -219.92850056027308, "params": {"gamma": 4.625828074361687, "prior": 2.8172937167553513, "rate": 5.267631887725799}, "datetime": {"datetime": "2024-06-14 18:10:34", "elapsed": 6.48731, "delta": 0.008945}}
{"target": -138.31680240438044, "params": {"gamma": 0.2936919419097222, "prior": 5.595358988569528, "rate": 2.9306858383999437}, "datetime": {"datetime": "2024-06-14 18:10:34", "elapsed": 6.496791, "delta": 0.009481}}
{"target": -250.01643223604538, "params": {"gamma": 5.775329319454461, "prior": 7.35442154728753, "rate": 4.403937930137581}, "datetime": {"datetime": "2024-06-14 18:10:34", "elapsed": 6.505767, "delta": 0.008976}}
{"target": -305.7803461272273, "params": {"gamma": 6.6319050719967745, "prior": 2.4652085532150996, "rate": 9.985992286776213}, "datetime": {"datetime": "2024-06-14 18:10:34", "elapsed": 6.514743, "delta": 0.008976}}
{"target": -148.82440080590837, "params": {"gamma": 2.4295423376760557, "prior": 9.414201302377094, "rate": 2.1729802841597885}, "datetime": {"datetime": "2024-06-14 18:10:34", "elapsed": 6.523719, "delta": 0.008976}}
{"target": -225.03792560928383, "params": {"gamma": 4.97614628166607, "prior": 8.229651952438084, "rate": 7.166163879900548}, "datetime": {"datetime": "2024-06-14 18:10:34", "elapsed": 6.532695, "delta": 0.008976}}
{"target": -311.1938234018802, "params": {"gamma": 7.05609854079457, "prior": 4.460361543759608, "rate": 7.541996079526139}, "datetime": {"datetime": "2024-06-14 18:10:34", "elapsed": 6.541671, "delta": 0.008976}}
{"target": -391.377199326889, "params": {"gamma": 9.199615816571573, "prior": 4.469382278626795, "rate": 5.2801268760628535}, "datetime": {"datetime": "2024-06-14 18:10:34", "elapsed": 6.550647, "delta": 0.008976}}
{"target": -131.2558529104079, "params": {"gamma": 0.6612898045823568, "prior": 3.968653429339858, "rate": 4.672918424766126}, "datetime": {"datetime": "2024-06-14 18:10:34", "elapsed": 6.559623, "delta": 0.008976}}
{"target": -402.41292369289016, "params": {"gamma": 8.951481970324929, "prior": 1.1945186585288683, "rate": 7.311644894386467}, "datetime": {"datetime": "2024-06-14 18:10:34", "elapsed": 6.569597, "delta": 0.009974}}
{"target": -232.22523086615976, "params": {"gamma": 5.455166214318647, "prior": 6.10470076211378, "rate": 0.2987996583514733}, "datetime": {"datetime": "2024-06-14 18:10:34", "elapsed": 6.578573, "delta": 0.008976}}
{"target": -143.09086143362794, "params": {"gamma": 1.4683270502280348, "prior": 2.911433932115233, "rate": 0.04971560748810713}, "datetime": {"datetime": "2024-06-14 18:10:34", "elapsed": 6.587548, "delta": 0.008975}}
{"target": -284.61331181812943, "params": {"gamma": 6.6919088201735715, "prior": 8.715553694333723, "rate": 5.470136124403138}, "datetime": {"datetime": "2024-06-14 18:10:34", "elapsed": 6.596527, "delta": 0.008979}}
{"target": -235.37889866301143, "params": {"gamma": 5.432097311144519, "prior": 6.195686693269069, "rate": 3.022512822657626}, "datetime": {"datetime": "2024-06-14 18:10:34", "elapsed": 6.605503, "delta": 0.008976}}
{"target": -183.95894071494092, "params": {"gamma": 3.6679530846277557, "prior": 5.7919033000498885, "rate": 8.092356620589728}, "datetime": {"datetime": "2024-06-14 18:10:34", "elapsed": 6.614479, "delta": 0.008976}}
{"target": -140.7166065280754, "params": {"gamma": 2.016764747447303, "prior": 3.3424881528980626, "rate": 7.429469582646582}, "datetime": {"datetime": "2024-06-14 18:10:34", "elapsed": 6.623455, "delta": 0.008976}}
{"target": -180.81631356744336, "params": {"gamma": 3.4098615710742886, "prior": 0.5713481941948949, "rate": 1.5644129298338398}, "datetime": {"datetime": "2024-06-14 18:10:34", "elapsed": 6.633428, "delta": 0.009973}}
{"target": -137.7414243685298, "params": {"gamma": 1.9394547317358086, "prior": 5.001612389355664, "rate": 6.351614485952291}, "datetime": {"datetime": "2024-06-14 18:10:34", "elapsed": 6.642404, "delta": 0.008976}}
{"target": -349.96035290828195, "params": {"gamma": 8.802319552208612, "prior": 9.035111908580227, "rate": 3.072300524082465}, "datetime": {"datetime": "2024-06-14 18:10:34", "elapsed": 6.652378, "delta": 0.009974}}
{"target": -326.3360871639462, "params": {"gamma": 7.534047351182733, "prior": 2.896037502533829, "rate": 3.686400120782994}, "datetime": {"datetime": "2024-06-14 18:10:34", "elapsed": 6.661353, "delta": 0.008975}}
{"target": -157.92071534755183, "params": {"gamma": 2.927972894369209, "prior": 4.195538288371103, "rate": 2.147942240988137}, "datetime": {"datetime": "2024-06-14 18:10:34", "elapsed": 6.670329, "delta": 0.008976}}
{"target": -176.8235185022196, "params": {"gamma": 3.1905410786954205, "prior": 1.3070061575118679, "rate": 9.63021937771575}, "datetime": {"datetime": "2024-06-14 18:10:34", "elapsed": 6.679305, "delta": 0.008976}}
{"target": -226.641960561667, "params": {"gamma": 5.04032611097843, "prior": 9.238696757627771, "rate": 7.461855247593438}, "datetime": {"datetime": "2024-06-14 18:10:34", "elapsed": 6.688281, "delta": 0.008976}}
{"target": -210.54141764101695, "params": {"gamma": 4.577595171516512, "prior": 7.570760030550504, "rate": 6.280602762990652}, "datetime": {"datetime": "2024-06-14 18:10:34", "elapsed": 6.697334, "delta": 0.009053}}
{"target": -164.24430229176318, "params": {"gamma": 3.0382805830845347, "prior": 5.264427202791391, "rate": 7.123409644278645}, "datetime": {"datetime": "2024-06-14 18:10:34", "elapsed": 6.70631, "delta": 0.008976}}
{"target": -171.99521677041133, "params": {"gamma": 3.0538300009516193, "prior": 0.22397608517608533, "rate": 2.6833600285302275}, "datetime": {"datetime": "2024-06-14 18:10:34", "elapsed": 6.715286, "delta": 0.008976}}
{"target": -334.5837387433957, "params": {"gamma": 7.967658010425252, "prior": 9.306931580738663, "rate": 6.2536862178776484}, "datetime": {"datetime": "2024-06-14 18:10:34", "elapsed": 6.725259, "delta": 0.009973}}
{"target": -131.06135184921138, "params": {"gamma": 1.3289420383195298, "prior": 7.59994655654947, "rate": 5.269526555127393}, "datetime": {"datetime": "2024-06-14 18:10:34", "elapsed": 6.734235, "delta": 0.008976}}
{"target": -324.7424613702328, "params": {"gamma": 7.538936847140509, "prior": 8.600255860393125, "rate": 9.475467969467141}, "datetime": {"datetime": "2024-06-14 18:10:34", "elapsed": 6.743211, "delta": 0.008976}}
{"target": -283.4446504201905, "params": {"gamma": 6.545720808693693, "prior": 8.557156277442202, "rate": 7.426137988907772}, "datetime": {"datetime": "2024-06-14 18:10:34", "elapsed": 6.752187, "delta": 0.008976}}
{"target": -313.9783829854344, "params": {"gamma": 7.271284782848366, "prior": 8.60202848704295, "rate": 9.2301074044959}, "datetime": {"datetime": "2024-06-14 18:10:34", "elapsed": 6.761163, "delta": 0.008976}}
{"target": -344.7748692719683, "params": {"gamma": 9.020857939246921, "prior": 4.017927589495288, "rate": 0.8411287767074533}, "datetime": {"datetime": "2024-06-14 18:10:34", "elapsed": 6.770139, "delta": 0.008976}}
{"target": -353.42048848173476, "params": {"gamma": 8.295907610863033, "prior": 5.43542237774558, "rate": 5.421219471236491}, "datetime": {"datetime": "2024-06-14 18:10:34", "elapsed": 6.780112, "delta": 0.009973}}
{"target": -362.8024349640245, "params": {"gamma": 8.25192813033363, "prior": 0.4166434253201614, "rate": 8.779726226832842}, "datetime": {"datetime": "2024-06-14 18:10:34", "elapsed": 6.789088, "delta": 0.008976}}
{"target": -136.52558713683868, "params": {"gamma": 0.34730537937586553, "prior": 6.9626261279460415, "rate": 5.875257309024742}, "datetime": {"datetime": "2024-06-14 18:10:35", "elapsed": 6.798344, "delta": 0.009256}}
{"target": -276.3027214125526, "params": {"gamma": 6.417850059155134, "prior": 3.803393858608736, "rate": 2.755344804474391}, "datetime": {"datetime": "2024-06-14 18:10:35", "elapsed": 6.80732, "delta": 0.008976}}
{"target": -226.30701567030405, "params": {"gamma": 5.094576405806185, "prior": 8.869648859782243, "rate": 5.653331413985319}, "datetime": {"datetime": "2024-06-14 18:10:35", "elapsed": 6.816296, "delta": 0.008976}}
{"target": -298.16282444103666, "params": {"gamma": 6.631825765751704, "prior": 4.469654386439658, "rate": 9.7214187321274}, "datetime": {"datetime": "2024-06-14 18:10:35", "elapsed": 6.825272, "delta": 0.008976}}
{"target": -326.6059911347558, "params": {"gamma": 7.425482001064747, "prior": 3.613534857422657, "rate": 6.5356567956039315}, "datetime": {"datetime": "2024-06-14 18:10:35", "elapsed": 6.834248, "delta": 0.008976}}
{"target": -230.6334319278953, "params": {"gamma": 5.426621502305332, "prior": 8.852156502548992, "rate": 2.7512654566030514}, "datetime": {"datetime": "2024-06-14 18:10:35", "elapsed": 6.843224, "delta": 0.008976}}
{"target": -128.936490244632, "params": {"gamma": 1.0815667842382009, "prior": 1.9935933122375844, "rate": 3.8710752798182537}, "datetime": {"datetime": "2024-06-14 18:10:35", "elapsed": 6.8522, "delta": 0.008976}}
{"target": -374.36918619135764, "params": {"gamma": 8.54074388954821, "prior": 2.7813646469755744, "rate": 6.263961673283628}, "datetime": {"datetime": "2024-06-14 18:10:35", "elapsed": 6.862173, "delta": 0.009973}}
{"target": -250.8403594782539, "params": {"gamma": 6.235894458654538, "prior": 4.139666639944494, "rate": 0.504300961464858}, "datetime": {"datetime": "2024-06-14 18:10:35", "elapsed": 6.871149, "delta": 0.008976}}
{"target": -323.39227605869144, "params": {"gamma": 7.448593896451896, "prior": 3.027682790796424, "rate": 3.9851835072938524}, "datetime": {"datetime": "2024-06-14 18:10:35", "elapsed": 6.880125, "delta": 0.008976}}
{"target": -182.05091227193498, "params": {"gamma": 3.7730184357375642, "prior": 6.669666053543827, "rate": 0.8642465348648255}, "datetime": {"datetime": "2024-06-14 18:10:35", "elapsed": 6.889101, "delta": 0.008976}}
{"target": -253.02804341425062, "params": {"gamma": 5.49934931479934, "prior": 0.25267604119823284, "rate": 9.830406796410628}, "datetime": {"datetime": "2024-06-14 18:10:35", "elapsed": 6.898662, "delta": 0.009561}}
{"target": -251.44958034270775, "params": {"gamma": 5.984673796657761, "prior": 3.902730857162644, "rate": 1.4683325593440997}, "datetime": {"datetime": "2024-06-14 18:10:35", "elapsed": 6.907638, "delta": 0.008976}}
{"target": -284.7903493000856, "params": {"gamma": 6.9690863860416155, "prior": 9.067503325394869, "rate": 3.1817694146938234}, "datetime": {"datetime": "2024-06-14 18:10:35", "elapsed": 6.916614, "delta": 0.008976}}
{"target": -344.97920039303466, "params": {"gamma": 7.665154954417642, "prior": 2.946231210207758, "rate": 9.57229619840156}, "datetime": {"datetime": "2024-06-14 18:10:35", "elapsed": 6.92559, "delta": 0.008976}}
{"target": -308.26624872824345, "params": {"gamma": 7.023455232193281, "prior": 6.287654372613879, "rate": 9.307416596768327}, "datetime": {"datetime": "2024-06-14 18:10:35", "elapsed": 6.934566, "delta": 0.008976}}
{"target": -152.5744482379282, "params": {"gamma": 2.6911548301319335, "prior": 9.243795888773532, "rate": 6.781151258305702}, "datetime": {"datetime": "2024-06-14 18:10:35", "elapsed": 6.943542, "delta": 0.008976}}
{"target": -335.06865820184294, "params": {"gamma": 7.713853709507418, "prior": 5.759189830706018, "rate": 8.339212870314833}, "datetime": {"datetime": "2024-06-14 18:10:35", "elapsed": 6.952518, "delta": 0.008976}}
{"target": -319.7179006388308, "params": {"gamma": 6.983119711119335, "prior": 1.551426147591399, "rate": 6.1249988251521215}, "datetime": {"datetime": "2024-06-14 18:10:35", "elapsed": 6.962491, "delta": 0.009973}}
{"target": -156.46290913601314, "params": {"gamma": 2.793924035827702, "prior": 9.167199358366272, "rate": 1.9831246698113274}, "datetime": {"datetime": "2024-06-14 18:10:35", "elapsed": 6.971467, "delta": 0.008976}}
{"target": -166.23140751531804, "params": {"gamma": 2.857879237217657, "prior": 0.5717815791998215, "rate": 4.476343861362332}, "datetime": {"datetime": "2024-06-14 18:10:35", "elapsed": 6.980443, "delta": 0.008976}}
{"target": -253.26761112940628, "params": {"gamma": 5.576320563895948, "prior": 5.778254717513243, "rate": 9.053868422216771}, "datetime": {"datetime": "2024-06-14 18:10:35", "elapsed": 6.989419, "delta": 0.008976}}
{"target": -180.00657024173685, "params": {"gamma": 3.47479191407325, "prior": 4.5305309579534265, "rate": 8.512525387352474}, "datetime": {"datetime": "2024-06-14 18:10:35", "elapsed": 6.99933, "delta": 0.009911}}
{"target": -245.46192538110628, "params": {"gamma": 5.768716203017017, "prior": 6.574530055289563, "rate": 2.784314944612766}, "datetime": {"datetime": "2024-06-14 18:10:35", "elapsed": 7.008306, "delta": 0.008976}}
{"target": -211.4706797539836, "params": {"gamma": 4.875225544956866, "prior": 6.247428637046675, "rate": 1.3348069074222546}, "datetime": {"datetime": "2024-06-14 18:10:35", "elapsed": 7.017282, "delta": 0.008976}}
{"target": -135.08179753703365, "params": {"gamma": 0.3300542572087522, "prior": 1.222768911195179, "rate": 4.775133302320191}, "datetime": {"datetime": "2024-06-14 18:10:35", "elapsed": 7.026258, "delta": 0.008976}}
{"target": -140.6811038119269, "params": {"gamma": 0.24124331957345432, "prior": 6.299468398458495, "rate": 0.9767285971428687}, "datetime": {"datetime": "2024-06-14 18:10:35", "elapsed": 7.035234, "delta": 0.008976}}
{"target": -149.76215646930626, "params": {"gamma": 2.5103644156247413, "prior": 4.322280163976562, "rate": 1.159151640315784}, "datetime": {"datetime": "2024-06-14 18:10:35", "elapsed": 7.044211, "delta": 0.008977}}
{"target": -160.79677929223195, "params": {"gamma": 2.706249385980867, "prior": 0.3086887610715615, "rate": 9.850470490551084}, "datetime": {"datetime": "2024-06-14 18:10:35", "elapsed": 7.054184, "delta": 0.009973}}
{"target": -248.73595361695564, "params": {"gamma": 6.116124507605985, "prior": 3.8457030044689664, "rate": 0.2662569827533811}, "datetime": {"datetime": "2024-06-14 18:10:35", "elapsed": 7.06316, "delta": 0.008976}}
{"target": -194.93007511396257, "params": {"gamma": 3.8989976450014674, "prior": 4.580330401225699, "rate": 9.310100934451263}, "datetime": {"datetime": "2024-06-14 18:10:35", "elapsed": 7.072136, "delta": 0.008976}}
{"target": -156.0776114107801, "params": {"gamma": 2.7857632142087283, "prior": 6.186340721724661, "rate": 6.6520183774673525}, "datetime": {"datetime": "2024-06-14 18:10:35", "elapsed": 7.081111, "delta": 0.008975}}
{"target": -136.75659438766448, "params": {"gamma": 1.8604237369935928, "prior": 5.107057154965675, "rate": 7.86522112783649}, "datetime": {"datetime": "2024-06-14 18:10:35", "elapsed": 7.091085, "delta": 0.009974}}
{"target": -138.28661352718558, "params": {"gamma": 0.966693765249707, "prior": 6.099749451872725, "rate": 0.261573266951244}, "datetime": {"datetime": "2024-06-14 18:10:35", "elapsed": 7.100061, "delta": 0.008976}}
{"target": -142.2263608766074, "params": {"gamma": 0.07146019137694642, "prior": 0.6893332106867064, "rate": 4.814523191031215}, "datetime": {"datetime": "2024-06-14 18:10:35", "elapsed": 7.109037, "delta": 0.008976}}
{"target": -349.5265656441244, "params": {"gamma": 9.257115382793618, "prior": 4.1150181029763395, "rate": 0.7512513607260716}, "datetime": {"datetime": "2024-06-14 18:10:35", "elapsed": 7.118013, "delta": 0.008976}}
{"target": -357.71678996496075, "params": {"gamma": 8.613663392355804, "prior": 5.241046096157358, "rate": 3.1900397533053235}, "datetime": {"datetime": "2024-06-14 18:10:35", "elapsed": 7.126989, "delta": 0.008976}}
{"target": -373.7415387772863, "params": {"gamma": 9.630360355507971, "prior": 9.388791508173545, "rate": 2.6009297005949668}, "datetime": {"datetime": "2024-06-14 18:10:35", "elapsed": 7.135965, "delta": 0.008976}}
{"target": -139.3525490099997, "params": {"gamma": 2.014717145283489, "prior": 5.930196162730165, "rate": 8.425339580205748}, "datetime": {"datetime": "2024-06-14 18:10:35", "elapsed": 7.145938, "delta": 0.009973}}
{"target": -169.28242374409058, "params": {"gamma": 3.3678741763608038, "prior": 5.90565127249619, "rate": 1.623287749788599}, "datetime": {"datetime": "2024-06-14 18:10:35", "elapsed": 7.154914, "delta": 0.008976}}
{"target": -141.65895136396486, "params": {"gamma": 1.94674275864618, "prior": 7.637218638321746, "rate": 1.5018345150591474}, "datetime": {"datetime": "2024-06-14 18:10:35", "elapsed": 7.163891, "delta": 0.008977}}
{"target": -163.62183335317974, "params": {"gamma": 2.659804503437227, "prior": 6.925999145458927, "rate": 0.15187798702215813}, "datetime": {"datetime": "2024-06-14 18:10:35", "elapsed": 7.172867, "delta": 0.008976}}
{"target": -136.52387447860644, "params": {"gamma": 0.3229118442818368, "prior": 2.946506806237884, "rate": 3.366895181942479}, "datetime": {"datetime": "2024-06-14 18:10:35", "elapsed": 7.18284, "delta": 0.009973}}
