{"target": -362.13654779783684, "params": {"gamma": 1.5586174788295128, "lr": 0.5742833543508832}, "datetime": {"datetime": "2024-06-13 14:28:20", "elapsed": 6.316878, "delta": 0.003989}}
{"target": -1093.2252853515931, "params": {"gamma": 6.7353566438421755, "lr": 0.4058204059990451}, "datetime": {"datetime": "2024-06-13 14:28:20", "elapsed": 6.321866, "delta": 0.004988}}
{"target": -151.2520146565409, "params": {"gamma": 0.04976556777778367, "lr": 0.3253313297689604}, "datetime": {"datetime": "2024-06-13 14:28:20", "elapsed": 6.326852, "delta": 0.004986}}
{"target": -3510.7518503234246, "params": {"gamma": 8.389610534784513, "lr": 0.06282398021726943}, "datetime": {"datetime": "2024-06-13 14:28:20", "elapsed": 6.330842, "delta": 0.00399}}
{"target": -299.95311833822495, "params": {"gamma": 1.0550920446467325, "lr": 0.7017873465119159}, "datetime": {"datetime": "2024-06-13 14:28:20", "elapsed": 6.335828, "delta": 0.004986}}
{"target": -932.0667964105488, "params": {"gamma": 5.142068519294122, "lr": 0.49816682499451226}, "datetime": {"datetime": "2024-06-13 14:28:20", "elapsed": 6.339817, "delta": 0.003989}}
{"target": -890.7051697552623, "params": {"gamma": 3.736723579545134, "lr": 0.603513616671319}, "datetime": {"datetime": "2024-06-13 14:28:20", "elapsed": 6.345801, "delta": 0.005984}}
{"target": -1405.27129258753, "params": {"gamma": 8.514836200003508, "lr": 0.27692305646899273}, "datetime": {"datetime": "2024-06-13 14:28:20", "elapsed": 6.349791, "delta": 0.00399}}
{"target": -1366.2160329737799, "params": {"gamma": 8.447768867073506, "lr": 0.41661914857211835}, "datetime": {"datetime": "2024-06-13 14:28:20", "elapsed": 6.354779, "delta": 0.004988}}
{"target": -1305.1001426337027, "params": {"gamma": 5.010339139927012, "lr": 0.7296233785681803}, "datetime": {"datetime": "2024-06-13 14:28:20", "elapsed": 6.359764, "delta": 0.004985}}
{"target": -847.7085983991434, "params": {"gamma": 2.5879583533585664, "lr": 0.9216369186561401}, "datetime": {"datetime": "2024-06-13 14:28:20", "elapsed": 6.36475, "delta": 0.004986}}
{"target": -1654.180888531421, "params": {"gamma": 7.020992572824255, "lr": 0.618930423097489}, "datetime": {"datetime": "2024-06-13 14:28:20", "elapsed": 6.369737, "delta": 0.004987}}
{"target": -705.6593625490337, "params": {"gamma": 2.7308153642818653, "lr": 0.6958484563594459}, "datetime": {"datetime": "2024-06-13 14:28:20", "elapsed": 6.373726, "delta": 0.003989}}
{"target": -765.9684809010416, "params": {"gamma": 2.5728902697861002, "lr": 0.8164526703274775}, "datetime": {"datetime": "2024-06-13 14:28:20", "elapsed": 6.378713, "delta": 0.004987}}
{"target": -147.3255792954141, "params": {"gamma": 0.11571307777403769, "lr": 0.1665376436115401}, "datetime": {"datetime": "2024-06-13 14:28:20", "elapsed": 6.382731, "delta": 0.004018}}
{"target": -1409.6510317845223, "params": {"gamma": 5.578732058631829, "lr": 0.7122809996025021}, "datetime": {"datetime": "2024-06-13 14:28:20", "elapsed": 6.387724, "delta": 0.004993}}
{"target": -1520.089668305334, "params": {"gamma": 4.925314058477191, "lr": 0.8778095014799501}, "datetime": {"datetime": "2024-06-13 14:28:20", "elapsed": 6.391679, "delta": 0.003955}}
{"target": -1750.9288648773618, "params": {"gamma": 9.758723505691574, "lr": 0.46427706754424325}, "datetime": {"datetime": "2024-06-13 14:28:20", "elapsed": 6.396695, "delta": 0.005016}}
{"target": -1382.0602184307409, "params": {"gamma": 7.680101807848576, "lr": 0.49477213383352725}, "datetime": {"datetime": "2024-06-13 14:28:20", "elapsed": 6.401684, "delta": 0.004989}}
{"target": -1012.6299100165954, "params": {"gamma": 6.651322684579871, "lr": 0.22487497996736572}, "datetime": {"datetime": "2024-06-13 14:28:20", "elapsed": 6.40664, "delta": 0.004956}}
{"target": -383.3688049171839, "params": {"gamma": 1.0963076304454686, "lr": 0.9790089375741902}, "datetime": {"datetime": "2024-06-13 14:28:20", "elapsed": 6.411625, "delta": 0.004985}}
{"target": -1345.831752738935, "params": {"gamma": 8.150131602400142, "lr": 0.28538353244953096}, "datetime": {"datetime": "2024-06-13 14:28:20", "elapsed": 6.415615, "delta": 0.00399}}
{"target": -948.5001231299755, "params": {"gamma": 5.858698015894784, "lr": 0.38007120527879124}, "datetime": {"datetime": "2024-06-13 14:28:20", "elapsed": 6.420601, "delta": 0.004986}}
{"target": -310.6643065263243, "params": {"gamma": 1.7642040696578871, "lr": 0.4188351430524928}, "datetime": {"datetime": "2024-06-13 14:28:20", "elapsed": 6.42459, "delta": 0.003989}}
{"target": -1270.1373836198807, "params": {"gamma": 2.9725807541730793, "lr": 0.016624106532905913}, "datetime": {"datetime": "2024-06-13 14:28:20", "elapsed": 6.429577, "delta": 0.004987}}
{"target": -1256.6093634164702, "params": {"gamma": 3.8742957016810964, "lr": 0.9209130038047522}, "datetime": {"datetime": "2024-06-13 14:28:20", "elapsed": 6.433566, "delta": 0.003989}}
{"target": -1778.7971281257642, "params": {"gamma": 8.28217438681578, "lr": 0.5740747551965509}, "datetime": {"datetime": "2024-06-13 14:28:20", "elapsed": 6.439551, "delta": 0.005985}}
{"target": -498.58501363387273, "params": {"gamma": 3.1871500009390448, "lr": 0.23126429488543754}, "datetime": {"datetime": "2024-06-13 14:28:20", "elapsed": 6.44354, "delta": 0.003989}}
{"target": -2014.1654059711896, "params": {"gamma": 9.560239816725709, "lr": 0.5646100990687117}, "datetime": {"datetime": "2024-06-13 14:28:20", "elapsed": 6.448527, "delta": 0.004987}}
{"target": -352.10151591338865, "params": {"gamma": 2.176835430287672, "lr": 0.24948205109862287}, "datetime": {"datetime": "2024-06-13 14:28:20", "elapsed": 6.453513, "delta": 0.004986}}
{"target": -1451.3032706483464, "params": {"gamma": 9.59600242910666, "lr": 0.238814133296392}, "datetime": {"datetime": "2024-06-13 14:28:20", "elapsed": 6.457502, "delta": 0.003989}}
{"target": -219.35993836529147, "params": {"gamma": 1.068034169467023, "lr": 0.18396193975266917}, "datetime": {"datetime": "2024-06-13 14:28:20", "elapsed": 6.461792, "delta": 0.00429}}
{"target": -1929.2412236857976, "params": {"gamma": 7.662481844372273, "lr": 0.7087642559312614}, "datetime": {"datetime": "2024-06-13 14:28:20", "elapsed": 6.466779, "delta": 0.004987}}
{"target": -1281.0145878707042, "params": {"gamma": 4.379981305846461, "lr": 0.7938045071164251}, "datetime": {"datetime": "2024-06-13 14:28:20", "elapsed": 6.471767, "delta": 0.004988}}
{"target": -844.8345815161006, "params": {"gamma": 5.1756094087340525, "lr": 0.41359816112910697}, "datetime": {"datetime": "2024-06-13 14:28:20", "elapsed": 6.476753, "delta": 0.004986}}
{"target": -390.206843042878, "params": {"gamma": 1.1753019203396682, "lr": 0.8839110659363493}, "datetime": {"datetime": "2024-06-13 14:28:20", "elapsed": 6.480742, "delta": 0.003989}}
{"target": -664.5285899846926, "params": {"gamma": 2.7566565508887577, "lr": 0.6162607233298604}, "datetime": {"datetime": "2024-06-13 14:28:20", "elapsed": 6.485729, "delta": 0.004987}}
{"target": -1583.3744348499388, "params": {"gamma": 9.8458132098281, "lr": 0.1894180220437538}, "datetime": {"datetime": "2024-06-13 14:28:20", "elapsed": 6.490716, "delta": 0.004987}}
{"target": -2338.6803198865964, "params": {"gamma": 9.651914729938635, "lr": 0.6527153684256953}, "datetime": {"datetime": "2024-06-13 14:28:20", "elapsed": 6.494704, "delta": 0.003988}}
{"target": -398.7733115293908, "params": {"gamma": 1.28818731436088, "lr": 0.7719271460730484}, "datetime": {"datetime": "2024-06-13 14:28:20", "elapsed": 6.50069, "delta": 0.005986}}
{"target": -2005.319313214763, "params": {"gamma": 9.51780600679268, "lr": 0.5627805496894249}, "datetime": {"datetime": "2024-06-13 14:28:20", "elapsed": 6.505675, "delta": 0.004985}}
{"target": -2888.2456842802803, "params": {"gamma": 6.885863442381723, "lr": 0.0263478788699828}, "datetime": {"datetime": "2024-06-13 14:28:20", "elapsed": 6.509665, "delta": 0.00399}}
{"target": -1484.6447137443377, "params": {"gamma": 9.890767779393961, "lr": 0.3184571198136825}, "datetime": {"datetime": "2024-06-13 14:28:20", "elapsed": 6.514651, "delta": 0.004986}}
{"target": -161.98785411582512, "params": {"gamma": 0.24001388988282726, "lr": 0.8085641504743885}, "datetime": {"datetime": "2024-06-13 14:28:20", "elapsed": 6.518641, "delta": 0.00399}}
{"target": -2517.9574297143854, "params": {"gamma": 9.732552265118914, "lr": 0.7375885099166811}, "datetime": {"datetime": "2024-06-13 14:28:20", "elapsed": 6.523627, "delta": 0.004986}}
{"target": -158.5393313741043, "params": {"gamma": 0.028355324647958178, "lr": 0.06336051137403531}, "datetime": {"datetime": "2024-06-13 14:28:20", "elapsed": 6.527616, "delta": 0.003989}}
{"target": -920.5851134632293, "params": {"gamma": 5.843109782870581, "lr": 0.3357151077556031}, "datetime": {"datetime": "2024-06-13 14:28:20", "elapsed": 6.533601, "delta": 0.005985}}
{"target": -2709.3647971915193, "params": {"gamma": 8.818452974037214, "lr": 0.8736693693569384}, "datetime": {"datetime": "2024-06-13 14:28:20", "elapsed": 6.538588, "delta": 0.004987}}
{"target": -2471.353751898555, "params": {"gamma": 9.875201568135711, "lr": 0.7158319690725937}, "datetime": {"datetime": "2024-06-13 14:28:20", "elapsed": 6.542576, "delta": 0.003988}}
{"target": -1318.6329354925522, "params": {"gamma": 8.768960114386706, "lr": 0.3196501118620526}, "datetime": {"datetime": "2024-06-13 14:28:20", "elapsed": 6.547564, "delta": 0.004988}}
{"target": -372.48473636669956, "params": {"gamma": 1.1126583422461405, "lr": 0.8653641057823798}, "datetime": {"datetime": "2024-06-13 14:28:20", "elapsed": 6.551553, "delta": 0.003989}}
{"target": -506.0654142789998, "params": {"gamma": 3.035422507017289, "lr": 0.4193322981668862}, "datetime": {"datetime": "2024-06-13 14:28:20", "elapsed": 6.556539, "delta": 0.004986}}
{"target": -1523.72158005633, "params": {"gamma": 6.460656540458656, "lr": 0.6050991341555126}, "datetime": {"datetime": "2024-06-13 14:28:20", "elapsed": 6.561034, "delta": 0.004495}}
{"target": -688.1236984115624, "params": {"gamma": 4.209809922064285, "lr": 0.38615051187059357}, "datetime": {"datetime": "2024-06-13 14:28:20", "elapsed": 6.566768, "delta": 0.005734}}
{"target": -296.0622862493702, "params": {"gamma": 1.227687737548204, "lr": 0.5338618843034166}, "datetime": {"datetime": "2024-06-13 14:28:20", "elapsed": 6.571756, "delta": 0.004988}}
{"target": -688.5358717001259, "params": {"gamma": 2.329308118342716, "lr": 0.7548078511004613}, "datetime": {"datetime": "2024-06-13 14:28:20", "elapsed": 6.576741, "delta": 0.004985}}
{"target": -2831.604629559592, "params": {"gamma": 6.749030971060837, "lr": 0.07192696480921446}, "datetime": {"datetime": "2024-06-13 14:28:20", "elapsed": 6.580731, "delta": 0.00399}}
{"target": -2875.759384573654, "params": {"gamma": 9.892657582673268, "lr": 0.7804569355743413}, "datetime": {"datetime": "2024-06-13 14:28:20", "elapsed": 6.585717, "delta": 0.004986}}
{"target": -984.974176006387, "params": {"gamma": 2.279031043019085, "lr": 0.030742818349697054}, "datetime": {"datetime": "2024-06-13 14:28:20", "elapsed": 6.589707, "delta": 0.00399}}
{"target": -757.4805931834071, "params": {"gamma": 4.784239938885914, "lr": 0.35274243750107404}, "datetime": {"datetime": "2024-06-13 14:28:20", "elapsed": 6.595248, "delta": 0.005541}}
{"target": -1332.4512893254687, "params": {"gamma": 5.465568482142916, "lr": 0.6596639554249211}, "datetime": {"datetime": "2024-06-13 14:28:20", "elapsed": 6.600235, "delta": 0.004987}}
{"target": -3338.03471611279, "params": {"gamma": 7.972400853780025, "lr": 0.013544346839127641}, "datetime": {"datetime": "2024-06-13 14:28:20", "elapsed": 6.604253, "delta": 0.004018}}
{"target": -1112.5274081678779, "params": {"gamma": 7.143240843274906, "lr": 0.2953139661018992}, "datetime": {"datetime": "2024-06-13 14:28:20", "elapsed": 6.609211, "delta": 0.004958}}
{"target": -2944.907197527278, "params": {"gamma": 9.864039353798532, "lr": 0.8462417305877817}, "datetime": {"datetime": "2024-06-13 14:28:20", "elapsed": 6.614197, "delta": 0.004986}}
{"target": -1215.133068748055, "params": {"gamma": 5.604451409666734, "lr": 0.5977656853768393}, "datetime": {"datetime": "2024-06-13 14:28:20", "elapsed": 6.618187, "delta": 0.00399}}
{"target": -316.0798657649859, "params": {"gamma": 1.9215646543725684, "lr": 0.2262515885870655}, "datetime": {"datetime": "2024-06-13 14:28:20", "elapsed": 6.623174, "delta": 0.004987}}
{"target": -277.70919851978834, "params": {"gamma": 1.5409777702011733, "lr": 0.37781354746444173}, "datetime": {"datetime": "2024-06-13 14:28:20", "elapsed": 6.62816, "delta": 0.004986}}
{"target": -275.7084552745859, "params": {"gamma": 1.1204424879714694, "lr": 0.5112728936342619}, "datetime": {"datetime": "2024-06-13 14:28:20", "elapsed": 6.633147, "delta": 0.004987}}
{"target": -1479.630136651664, "params": {"gamma": 6.385141076060073, "lr": 0.12221237823698328}, "datetime": {"datetime": "2024-06-13 14:28:20", "elapsed": 6.637136, "delta": 0.003989}}
{"target": -1463.9948931014922, "params": {"gamma": 3.442619392943751, "lr": 0.07034787968520784}, "datetime": {"datetime": "2024-06-13 14:28:20", "elapsed": 6.641678, "delta": 0.004542}}
{"target": -1282.6396257159715, "params": {"gamma": 5.25808611153342, "lr": 0.6502897692030054}, "datetime": {"datetime": "2024-06-13 14:28:20", "elapsed": 6.646664, "delta": 0.004986}}
{"target": -1802.2787164115712, "params": {"gamma": 6.155105941609653, "lr": 0.8138695628094851}, "datetime": {"datetime": "2024-06-13 14:28:20", "elapsed": 6.651651, "delta": 0.004987}}
{"target": -572.8929814572408, "params": {"gamma": 2.3564267987877012, "lr": 0.6181818418404456}, "datetime": {"datetime": "2024-06-13 14:28:20", "elapsed": 6.656259, "delta": 0.004608}}
{"target": -1295.6507186151512, "params": {"gamma": 3.028982363807174, "lr": 0.0887677060791423}, "datetime": {"datetime": "2024-06-13 14:28:20", "elapsed": 6.661248, "delta": 0.004989}}
{"target": -1303.4067803106861, "params": {"gamma": 3.053309454186566, "lr": 0.07135647494461617}, "datetime": {"datetime": "2024-06-13 14:28:20", "elapsed": 6.666263, "delta": 0.005015}}
{"target": -2399.4395000355794, "params": {"gamma": 9.585783535985689, "lr": 0.7271654349269293}, "datetime": {"datetime": "2024-06-13 14:28:20", "elapsed": 6.671249, "delta": 0.004986}}
{"target": -327.6324700997065, "params": {"gamma": 1.0155071173822163, "lr": 0.7862693223485936}, "datetime": {"datetime": "2024-06-13 14:28:20", "elapsed": 6.676236, "delta": 0.004987}}
{"target": -1104.8038892413206, "params": {"gamma": 3.5222014456052215, "lr": 0.9114351403237924}, "datetime": {"datetime": "2024-06-13 14:28:20", "elapsed": 6.680226, "delta": 0.00399}}
{"target": -1529.9010514007173, "params": {"gamma": 4.955478850036387, "lr": 0.8726927229848721}, "datetime": {"datetime": "2024-06-13 14:28:20", "elapsed": 6.685217, "delta": 0.004991}}
{"target": -362.9012968445513, "params": {"gamma": 2.206077417642493, "lr": 0.36719232590326556}, "datetime": {"datetime": "2024-06-13 14:28:20", "elapsed": 6.690169, "delta": 0.004952}}
{"target": -1409.8004063471164, "params": {"gamma": 3.6690025846416687, "lr": 0.09713268160328525}, "datetime": {"datetime": "2024-06-13 14:28:20", "elapsed": 6.695156, "delta": 0.004987}}
{"target": -816.2969014289159, "params": {"gamma": 3.310813326223882, "lr": 0.6597098038387995}, "datetime": {"datetime": "2024-06-13 14:28:20", "elapsed": 6.700143, "delta": 0.004987}}
{"target": -1441.017813065505, "params": {"gamma": 4.665968370246033, "lr": 0.8792315697444312}, "datetime": {"datetime": "2024-06-13 14:28:20", "elapsed": 6.704133, "delta": 0.00399}}
{"target": -438.8777638183706, "params": {"gamma": 2.6974329936370927, "lr": 0.3548193487216488}, "datetime": {"datetime": "2024-06-13 14:28:20", "elapsed": 6.709148, "delta": 0.005015}}
{"target": -702.039626588983, "params": {"gamma": 3.2042225472159718, "lr": 0.5517379706217076}, "datetime": {"datetime": "2024-06-13 14:28:20", "elapsed": 6.714134, "delta": 0.004986}}
{"target": -334.0171283904304, "params": {"gamma": 1.8830059366472722, "lr": 0.1732442715081729}, "datetime": {"datetime": "2024-06-13 14:28:20", "elapsed": 6.718126, "delta": 0.003992}}
{"target": -1508.5636847588175, "params": {"gamma": 9.394879760160336, "lr": 0.37664771374633}, "datetime": {"datetime": "2024-06-13 14:28:20", "elapsed": 6.724079, "delta": 0.005953}}
{"target": -2468.3404137843067, "params": {"gamma": 5.871394250695616, "lr": 0.05515208501882385}, "datetime": {"datetime": "2024-06-13 14:28:20", "elapsed": 6.728068, "delta": 0.003989}}
{"target": -568.0772360346252, "params": {"gamma": 1.409439110996769, "lr": 0.09635855186124331}, "datetime": {"datetime": "2024-06-13 14:28:20", "elapsed": 6.733055, "delta": 0.004987}}
{"target": -2404.8317601956114, "params": {"gamma": 8.121343564013504, "lr": 0.10314678258346421}, "datetime": {"datetime": "2024-06-13 14:28:20", "elapsed": 6.738042, "delta": 0.004987}}
{"target": -891.1893172915761, "params": {"gamma": 5.163644140749812, "lr": 0.1555778979920741}, "datetime": {"datetime": "2024-06-13 14:28:20", "elapsed": 6.742031, "delta": 0.003989}}
{"target": -870.5015123271592, "params": {"gamma": 2.7888887375330564, "lr": 0.8826020025030701}, "datetime": {"datetime": "2024-06-13 14:28:20", "elapsed": 6.747047, "delta": 0.005016}}
{"target": -2036.784004275146, "params": {"gamma": 6.316306057543976, "lr": 0.9636627102130699}, "datetime": {"datetime": "2024-06-13 14:28:20", "elapsed": 6.751036, "delta": 0.003989}}
{"target": -2520.551264767484, "params": {"gamma": 5.997543941794315, "lr": 0.009519716216558005}, "datetime": {"datetime": "2024-06-13 14:28:20", "elapsed": 6.756991, "delta": 0.005955}}
{"target": -1759.108136111008, "params": {"gamma": 4.156994414198696, "lr": 0.02244175435867979}, "datetime": {"datetime": "2024-06-13 14:28:20", "elapsed": 6.76098, "delta": 0.003989}}
{"target": -579.139577488113, "params": {"gamma": 3.1405292961414175, "lr": 0.48162493072074175}, "datetime": {"datetime": "2024-06-13 14:28:20", "elapsed": 6.765967, "delta": 0.004987}}
{"target": -879.1876782210289, "params": {"gamma": 5.755017951896957, "lr": 0.2386502029289299}, "datetime": {"datetime": "2024-06-13 14:28:20", "elapsed": 6.770954, "delta": 0.004987}}
{"target": -904.9425341586923, "params": {"gamma": 5.583307497898072, "lr": 0.3949201341072339}, "datetime": {"datetime": "2024-06-13 14:28:20", "elapsed": 6.774943, "delta": 0.003989}}
{"target": -828.6165363736351, "params": {"gamma": 5.066315292881764, "lr": 0.19596701454252152}, "datetime": {"datetime": "2024-06-13 14:28:20", "elapsed": 6.77993, "delta": 0.004987}}
{"target": -475.410104559476, "params": {"gamma": 1.5683593484243095, "lr": 0.7545170076023864}, "datetime": {"datetime": "2024-06-13 14:28:20", "elapsed": 6.784917, "delta": 0.004987}}
{"target": -813.8138794691126, "params": {"gamma": 3.3004023148263886, "lr": 0.6441956925382164}, "datetime": {"datetime": "2024-06-13 14:28:20", "elapsed": 6.789903, "delta": 0.004986}}
{"target": -1742.74543189084, "params": {"gamma": 5.654990510308829, "lr": 0.899530915886071}, "datetime": {"datetime": "2024-06-13 14:28:20", "elapsed": 6.79489, "delta": 0.004987}}
{"target": -1607.743651555224, "params": {"gamma": 8.806955495452243, "lr": 0.4431114003267834}, "datetime": {"datetime": "2024-06-13 14:28:20", "elapsed": 6.799877, "delta": 0.004987}}
{"target": -502.7004574026496, "params": {"gamma": 2.048146129836078, "lr": 0.6321923752918258}, "datetime": {"datetime": "2024-06-13 14:28:20", "elapsed": 6.803894, "delta": 0.004017}}
{"target": -1615.4468760493883, "params": {"gamma": 6.368722917490155, "lr": 0.6924175033786027}, "datetime": {"datetime": "2024-06-13 14:28:20", "elapsed": 6.808881, "delta": 0.004987}}
{"target": -2639.024076541109, "params": {"gamma": 9.074824554145266, "lr": 0.7825809780445985}, "datetime": {"datetime": "2024-06-13 14:28:20", "elapsed": 6.812871, "delta": 0.00399}}
{"target": -1475.4500325017552, "params": {"gamma": 6.253284067622613, "lr": 0.6009655953980898}, "datetime": {"datetime": "2024-06-13 14:28:20", "elapsed": 6.818826, "delta": 0.005955}}
{"target": -536.1233310373798, "params": {"gamma": 2.1283776016453526, "lr": 0.651365361997868}, "datetime": {"datetime": "2024-06-13 14:28:20", "elapsed": 6.823812, "delta": 0.004986}}
{"target": -2621.821232238367, "params": {"gamma": 8.145187207595269, "lr": 0.9223224808528965}, "datetime": {"datetime": "2024-06-13 14:28:20", "elapsed": 6.827802, "delta": 0.00399}}
{"target": -1932.1021237263517, "params": {"gamma": 9.166584470697245, "lr": 0.5610988058726366}, "datetime": {"datetime": "2024-06-13 14:28:20", "elapsed": 6.832788, "delta": 0.004986}}
{"target": -424.103006456934, "params": {"gamma": 2.599079923429137, "lr": 0.33379745682371664}, "datetime": {"datetime": "2024-06-13 14:28:20", "elapsed": 6.837775, "delta": 0.004987}}
{"target": -2141.9057526724173, "params": {"gamma": 9.977625893322635, "lr": 0.5255977882178193}, "datetime": {"datetime": "2024-06-13 14:28:20", "elapsed": 6.842762, "delta": 0.004987}}
{"target": -1760.150751774882, "params": {"gamma": 8.159250821705387, "lr": 0.5970161877845721}, "datetime": {"datetime": "2024-06-13 14:28:20", "elapsed": 6.84775, "delta": 0.004988}}
{"target": -801.4269261002291, "params": {"gamma": 5.069796942895938, "lr": 0.34853961530569777}, "datetime": {"datetime": "2024-06-13 14:28:20", "elapsed": 6.852735, "delta": 0.004985}}
{"target": -2264.223305006446, "params": {"gamma": 5.378167511784794, "lr": 0.00673470699420331}, "datetime": {"datetime": "2024-06-13 14:28:20", "elapsed": 6.856725, "delta": 0.00399}}
{"target": -1848.8023253764798, "params": {"gamma": 8.766981380159143, "lr": 0.5614864815326793}, "datetime": {"datetime": "2024-06-13 14:28:20", "elapsed": 6.861714, "delta": 0.004989}}
{"target": -162.39573561557575, "params": {"gamma": 0.2437899718214612, "lr": 0.8181747453311654}, "datetime": {"datetime": "2024-06-13 14:28:20", "elapsed": 6.865703, "delta": 0.003989}}
