{"target": -247.68994767072618, "params": {"p_ai": 6.345552644202125, "p_al": 4.13978453744836, "p_ex": 9.909165409621975, "prior": 9.299626280909525, "rate": 1.4932110870651905}, "datetime": {"datetime": "2024-06-13 13:31:54", "elapsed": 27.548959, "delta": 0.116876}}
{"target": -203.78888164152877, "params": {"p_ai": 3.9494277431054683, "p_al": 4.6163355299129, "p_ex": 5.609926602464331, "prior": 7.803854869369396, "rate": 4.872451896825164}, "datetime": {"datetime": "2024-06-13 13:31:54", "elapsed": 27.659693, "delta": 0.110734}}
{"target": -294.51995329744733, "params": {"p_ai": 4.200515526550398, "p_al": 2.6207350474886373, "p_ex": 9.108150584728497, "prior": 0.22369284381650878, "rate": 8.211397860291427}, "datetime": {"datetime": "2024-06-13 13:31:54", "elapsed": 27.771869, "delta": 0.112176}}
{"target": -170.19333562051636, "params": {"p_ai": 1.8854955282645185, "p_al": 6.857883234826301, "p_ex": 3.552738684007098, "prior": 9.742152066323019, "rate": 1.22859852236475}, "datetime": {"datetime": "2024-06-13 13:31:54", "elapsed": 27.885395, "delta": 0.113526}}
{"target": -233.0816828777869, "params": {"p_ai": 1.8765113562797784, "p_al": 8.894535312169324, "p_ex": 5.834479739767671, "prior": 3.0931546002031376, "rate": 0.008643090396402046}, "datetime": {"datetime": "2024-06-13 13:31:54", "elapsed": 28.00238, "delta": 0.116985}}
{"target": -174.20233630458011, "params": {"p_ai": 2.2767497854842085, "p_al": 1.4548909380781856, "p_ex": 2.035134809876536, "prior": 8.963329245483243, "rate": 8.731070688318136}, "datetime": {"datetime": "2024-06-13 13:31:55", "elapsed": 28.117073, "delta": 0.114693}}
{"target": -299.17732931932267, "params": {"p_ai": 7.0031940868968645, "p_al": 4.705506263845939, "p_ex": 8.271532887320552, "prior": 4.958768144455039, "rate": 3.6355233441657675}, "datetime": {"datetime": "2024-06-13 13:31:55", "elapsed": 28.232792, "delta": 0.115719}}
{"target": -211.13256823335345, "params": {"p_ai": 2.7567554245058266, "p_al": 9.247483394570178, "p_ex": 3.8705053533286655, "prior": 4.929315853439772, "rate": 2.5451265850419067}, "datetime": {"datetime": "2024-06-13 13:31:55", "elapsed": 28.348743, "delta": 0.115951}}
{"target": -404.748634946875, "params": {"p_ai": 8.849780221861796, "p_al": 3.833251304596062, "p_ex": 2.9764495784234386, "prior": 7.17623202698535, "rate": 1.909508561779902}, "datetime": {"datetime": "2024-06-13 13:31:55", "elapsed": 28.462439, "delta": 0.113696}}
{"target": -151.76206485883813, "params": {"p_ai": 1.1828081008410374, "p_al": 8.370140824352909, "p_ex": 7.441615077773983, "prior": 5.905614955923525, "rate": 2.429672858073742}, "datetime": {"datetime": "2024-06-13 13:31:55", "elapsed": 28.577817, "delta": 0.115378}}
{"target": -367.1204847915179, "params": {"p_ai": 6.2328482047306535, "p_al": 6.383914852090989, "p_ex": 3.276366871679139, "prior": 0.6758259413323553, "rate": 8.805505437045703}, "datetime": {"datetime": "2024-06-13 13:31:55", "elapsed": 28.692017, "delta": 0.1142}}
{"target": -264.65214150003186, "params": {"p_ai": 4.60010735401151, "p_al": 7.638963307946233, "p_ex": 2.539632320806454, "prior": 5.914280435492902, "rate": 4.288522808327629}, "datetime": {"datetime": "2024-06-13 13:31:55", "elapsed": 28.803747, "delta": 0.11173}}
{"target": -227.75254407169132, "params": {"p_ai": 3.8216243248488464, "p_al": 1.2680071250853806, "p_ex": 2.4434223654265494, "prior": 0.7943364880002312, "rate": 3.029280188871068}, "datetime": {"datetime": "2024-06-13 13:31:55", "elapsed": 28.915311, "delta": 0.111564}}
{"target": -440.8853407155617, "params": {"p_ai": 7.417306297515323, "p_al": 6.150542233985518, "p_ex": 6.724438578240325, "prior": 0.08482241217079087, "rate": 6.784091345540948}, "datetime": {"datetime": "2024-06-13 13:31:55", "elapsed": 29.027013, "delta": 0.111702}}
{"target": -269.20669932033917, "params": {"p_ai": 5.032303724738329, "p_al": 2.309853596391308, "p_ex": 1.7497901933102402, "prior": 1.8506446725427474, "rate": 8.44275579074591}, "datetime": {"datetime": "2024-06-13 13:31:56", "elapsed": 29.138714, "delta": 0.111701}}
{"target": -447.0260938803273, "params": {"p_ai": 9.825915303261548, "p_al": 9.137482508791475, "p_ex": 3.4743468343077555, "prior": 7.802465572333946, "rate": 5.464999452423606}, "datetime": {"datetime": "2024-06-13 13:31:56", "elapsed": 29.252412, "delta": 0.113698}}
{"target": -356.9727769470903, "params": {"p_ai": 8.16460753316182, "p_al": 4.8377857849378705, "p_ex": 5.899923031695739, "prior": 7.872847211795091, "rate": 1.0032461963882202}, "datetime": {"datetime": "2024-06-13 13:31:56", "elapsed": 29.367104, "delta": 0.114692}}
{"target": -243.36358812244688, "params": {"p_ai": 5.370534161288567, "p_al": 3.660467483349873, "p_ex": 6.043464129845054, "prior": 9.588066353854368, "rate": 3.9288366270246278}, "datetime": {"datetime": "2024-06-13 13:31:56", "elapsed": 29.481797, "delta": 0.114693}}
{"target": -220.57372926256758, "params": {"p_ai": 3.930337006418223, "p_al": 7.9065792989023995, "p_ex": 6.451138912455179, "prior": 3.9394461945459094, "rate": 6.8898615272542845}, "datetime": {"datetime": "2024-06-13 13:31:56", "elapsed": 29.592692, "delta": 0.110895}}
{"target": -210.80202452042067, "params": {"p_ai": 4.040612088934736, "p_al": 1.3619954293269727, "p_ex": 4.506982043452673, "prior": 3.3448595075800287, "rate": 2.180471331681618}, "datetime": {"datetime": "2024-06-13 13:31:56", "elapsed": 29.705391, "delta": 0.112699}}
{"target": -397.8952010992522, "params": {"p_ai": 9.257822241562762, "p_al": 6.896704351396498, "p_ex": 5.988610085343597, "prior": 7.466828063757928, "rate": 5.420168646652644}, "datetime": {"datetime": "2024-06-13 13:31:56", "elapsed": 29.816525, "delta": 0.111134}}
{"target": -391.1084929154094, "params": {"p_ai": 7.005630193122407, "p_al": 9.305667632679201, "p_ex": 8.626304328357714, "prior": 1.6752511332077065, "rate": 2.6321271002148183}, "datetime": {"datetime": "2024-06-13 13:31:56", "elapsed": 29.928714, "delta": 0.112189}}
{"target": -168.99041925086587, "params": {"p_ai": 0.7170311841386036, "p_al": 9.786749378778312, "p_ex": 2.3646046025050955, "prior": 6.6063229609300596, "rate": 0.8972173585756926}, "datetime": {"datetime": "2024-06-13 13:31:56", "elapsed": 30.041442, "delta": 0.112728}}
{"target": -191.86539388085595, "params": {"p_ai": 2.1084986499281, "p_al": 5.028741010800528, "p_ex": 1.0504317296309502, "prior": 3.889345153544549, "rate": 5.3803392136766695}, "datetime": {"datetime": "2024-06-13 13:31:57", "elapsed": 30.154146, "delta": 0.112704}}
{"target": -200.37975903976672, "params": {"p_ai": 3.3927026446661146, "p_al": 5.559446211054629, "p_ex": 5.368146451102699, "prior": 3.906714376870321, "rate": 6.963004560927929}, "datetime": {"datetime": "2024-06-13 13:31:57", "elapsed": 30.27186, "delta": 0.117714}}
{"target": -323.25580452076065, "params": {"p_ai": 6.785146057525243, "p_al": 6.8733441905945245, "p_ex": 5.615351096734943, "prior": 3.5814410602153455, "rate": 6.131510241334756}, "datetime": {"datetime": "2024-06-13 13:31:57", "elapsed": 30.383287, "delta": 0.111427}}
{"target": -392.18235910511356, "params": {"p_ai": 9.35742692981539, "p_al": 5.969288360934786, "p_ex": 9.795922153419893, "prior": 4.4106251974683035, "rate": 7.39638001311296}, "datetime": {"datetime": "2024-06-13 13:31:57", "elapsed": 30.497979, "delta": 0.114692}}
{"target": -336.41559606140595, "params": {"p_ai": 0.3770011826173517, "p_al": 7.647501663365861, "p_ex": 5.1832975216877974, "prior": 0.05416001307807128, "rate": 2.772723847721202}, "datetime": {"datetime": "2024-06-13 13:31:57", "elapsed": 30.609851, "delta": 0.111872}}
{"target": -306.662158640285, "params": {"p_ai": 5.348787492965596, "p_al": 7.679860819934835, "p_ex": 0.5318728619297984, "prior": 5.490985385061347, "rate": 8.010144563427762}, "datetime": {"datetime": "2024-06-13 13:31:57", "elapsed": 30.722218, "delta": 0.112367}}
{"target": -366.0173317519834, "params": {"p_ai": 6.496180965729911, "p_al": 9.314538702914113, "p_ex": 0.7482397187025968, "prior": 2.7687878195432654, "rate": 9.192455805057469}, "datetime": {"datetime": "2024-06-13 13:31:57", "elapsed": 30.834916, "delta": 0.112698}}
{"target": -320.0185382267229, "params": {"p_ai": 7.650286477833132, "p_al": 5.9978037043765156, "p_ex": 8.329848470226867, "prior": 8.960538872258445, "rate": 9.727230808175396}, "datetime": {"datetime": "2024-06-13 13:31:57", "elapsed": 30.946409, "delta": 0.111493}}
{"target": -519.7715133583006, "params": {"p_ai": 9.98520655039097, "p_al": 1.3973536875073507, "p_ex": 0.7063499053922482, "prior": 0.7355930769468734, "rate": 0.14842316520856935}, "datetime": {"datetime": "2024-06-13 13:31:57", "elapsed": 31.059108, "delta": 0.112699}}
{"target": -383.895552549348, "params": {"p_ai": 9.718228909706282, "p_al": 0.9485743976558341, "p_ex": 8.417526525032311, "prior": 6.852044796080089, "rate": 4.876084117661699}, "datetime": {"datetime": "2024-06-13 13:31:58", "elapsed": 31.170809, "delta": 0.111701}}
{"target": -206.50536009109484, "params": {"p_ai": 3.4676021187044235, "p_al": 3.5371242228829836, "p_ex": 2.539134984589525, "prior": 9.110268719012566, "rate": 7.256699812403196}, "datetime": {"datetime": "2024-06-13 13:31:58", "elapsed": 31.283508, "delta": 0.112699}}
{"target": -225.39634665054618, "params": {"p_ai": 0.2602320020499145, "p_al": 4.615751011217899, "p_ex": 2.813731424095577, "prior": 0.2906328955928069, "rate": 8.846934261198635}, "datetime": {"datetime": "2024-06-13 13:31:58", "elapsed": 31.396207, "delta": 0.112699}}
{"target": -329.4838754529108, "params": {"p_ai": 7.710282574188869, "p_al": 3.298021057363365, "p_ex": 7.965789316779574, "prior": 3.247058583707763, "rate": 3.0795165557326496}, "datetime": {"datetime": "2024-06-13 13:31:58", "elapsed": 31.519384, "delta": 0.123177}}
{"target": -405.6160264559971, "params": {"p_ai": 9.281162675928762, "p_al": 9.769184703296556, "p_ex": 5.236029491864212, "prior": 9.519399740511682, "rate": 8.88007694277072}, "datetime": {"datetime": "2024-06-13 13:31:58", "elapsed": 31.636133, "delta": 0.116749}}
{"target": -241.15240001680382, "params": {"p_ai": 5.180807583382493, "p_al": 3.728115272172759, "p_ex": 7.103835428617774, "prior": 4.5569786029958985, "rate": 6.052523738337006}, "datetime": {"datetime": "2024-06-13 13:31:58", "elapsed": 31.748834, "delta": 0.112701}}
{"target": -593.7359230600827, "params": {"p_ai": 9.904071562702576, "p_al": 7.739388583314729, "p_ex": 3.343429773533269, "prior": 0.8908932100029573, "rate": 1.8498709971938052}, "datetime": {"datetime": "2024-06-13 13:31:58", "elapsed": 31.860535, "delta": 0.111701}}
{"target": -226.16534882309418, "params": {"p_ai": 5.2689919070424525, "p_al": 4.1716070786504735, "p_ex": 8.006795921634268, "prior": 9.332090179528631, "rate": 1.779469614765534}, "datetime": {"datetime": "2024-06-13 13:31:58", "elapsed": 31.973248, "delta": 0.112713}}
{"target": -662.817824210875, "params": {"p_ai": 8.600807641991286, "p_al": 9.57399186834036, "p_ex": 9.594746597890971, "prior": 0.37958801461658453, "rate": 0.576777472576129}, "datetime": {"datetime": "2024-06-13 13:31:58", "elapsed": 32.084952, "delta": 0.111704}}
{"target": -154.13546394354717, "params": {"p_ai": 0.05896813178397224, "p_al": 3.127498880398609, "p_ex": 0.5579284287083343, "prior": 2.939330992219971, "rate": 3.5608088438258343}, "datetime": {"datetime": "2024-06-13 13:31:59", "elapsed": 32.196106, "delta": 0.111154}}
{"target": -430.8766529078051, "params": {"p_ai": 9.536816507720744, "p_al": 4.770032273945294, "p_ex": 2.783106185770882, "prior": 5.030548945314497, "rate": 6.433935888566707}, "datetime": {"datetime": "2024-06-13 13:31:59", "elapsed": 32.310713, "delta": 0.114607}}
{"target": -148.47799062761504, "params": {"p_ai": 1.1133454800017826, "p_al": 7.580858519672953, "p_ex": 8.519605767101668, "prior": 8.442654345834713, "rate": 8.905177817288482}, "datetime": {"datetime": "2024-06-13 13:31:59", "elapsed": 32.421923, "delta": 0.11121}}
{"target": -242.6677252245956, "params": {"p_ai": 3.819042125160856, "p_al": 4.438608178466819, "p_ex": 1.0167131779857155, "prior": 2.25884341738992, "rate": 9.713233372262836}, "datetime": {"datetime": "2024-06-13 13:31:59", "elapsed": 32.533838, "delta": 0.111915}}
{"target": -166.867386946275, "params": {"p_ai": 2.8469550657183857, "p_al": 9.074054026267731, "p_ex": 8.905632311496733, "prior": 9.225122468106674, "rate": 1.5623394948435068}, "datetime": {"datetime": "2024-06-13 13:31:59", "elapsed": 32.645207, "delta": 0.111369}}
{"target": -446.94312476129346, "params": {"p_ai": 8.797341712870308, "p_al": 6.320317509680909, "p_ex": 2.1070711560096056, "prior": 3.4518140318860318, "rate": 1.6000279671042428}, "datetime": {"datetime": "2024-06-13 13:31:59", "elapsed": 32.755671, "delta": 0.110464}}
{"target": -242.46937619284986, "params": {"p_ai": 4.444037226303826, "p_al": 0.8386657635007598, "p_ex": 1.654019586311918, "prior": 1.972766268320226, "rate": 6.910582388225486}, "datetime": {"datetime": "2024-06-13 13:31:59", "elapsed": 32.866375, "delta": 0.110704}}
{"target": -330.9310933842421, "params": {"p_ai": 5.738454888784365, "p_al": 8.733358017233284, "p_ex": 2.447096023126362, "prior": 6.296449959232413, "rate": 0.3452782218056491}, "datetime": {"datetime": "2024-06-13 13:31:59", "elapsed": 32.977897, "delta": 0.111522}}
{"target": -389.6806445314995, "params": {"p_ai": 5.162468412309614, "p_al": 8.632401590656782, "p_ex": 9.841281312305282, "prior": 0.09971988061382621, "rate": 2.5291619792860742}, "datetime": {"datetime": "2024-06-13 13:32:00", "elapsed": 33.088601, "delta": 0.110704}}
{"target": -188.8416168549141, "params": {"p_ai": 2.239272853604926, "p_al": 0.4763284046833772, "p_ex": 0.10271439016149476, "prior": 4.902462927130074, "rate": 0.4557759745572704}, "datetime": {"datetime": "2024-06-13 13:32:00", "elapsed": 33.204292, "delta": 0.115691}}
{"target": -207.41241424347965, "params": {"p_ai": 2.784002980338173, "p_al": 6.400105716520015, "p_ex": 2.9476257235674814, "prior": 2.6972773568893555, "rate": 5.905874675913428}, "datetime": {"datetime": "2024-06-13 13:32:00", "elapsed": 33.327961, "delta": 0.123669}}
{"target": -214.85853601801327, "params": {"p_ai": 3.805960238019191, "p_al": 7.025527816580048, "p_ex": 4.961743388547362, "prior": 6.33245944879897, "rate": 3.5345900756692927}, "datetime": {"datetime": "2024-06-13 13:32:00", "elapsed": 33.441228, "delta": 0.113267}}
{"target": -162.27235213182266, "params": {"p_ai": 2.871152417608931, "p_al": 1.3329379303972684, "p_ex": 9.370866767604843, "prior": 8.04855362431193, "rate": 9.380347403020368}, "datetime": {"datetime": "2024-06-13 13:32:00", "elapsed": 33.554587, "delta": 0.113359}}
{"target": -182.12400102249873, "params": {"p_ai": 1.8546198659533752, "p_al": 9.331624472469432, "p_ex": 9.357596323713638, "prior": 2.8361615915229414, "rate": 2.7470678499902057}, "datetime": {"datetime": "2024-06-13 13:32:00", "elapsed": 33.666311, "delta": 0.111724}}
{"target": -268.67320726414295, "params": {"p_ai": 5.514764305160052, "p_al": 1.8537071044461548, "p_ex": 4.421569005157032, "prior": 1.8539911417309063, "rate": 9.473811803621638}, "datetime": {"datetime": "2024-06-13 13:32:00", "elapsed": 33.778517, "delta": 0.112206}}
{"target": -253.5683571079493, "params": {"p_ai": 4.938752750253366, "p_al": 9.639213756472554, "p_ex": 6.449771783449607, "prior": 4.843673414550824, "rate": 9.676984764366013}, "datetime": {"datetime": "2024-06-13 13:32:00", "elapsed": 33.890246, "delta": 0.111729}}
{"target": -161.608915965195, "params": {"p_ai": 1.4327546273059197, "p_al": 6.3236664167903, "p_ex": 6.6192217900001395, "prior": 4.3389644317001075, "rate": 0.594512896164236}, "datetime": {"datetime": "2024-06-13 13:32:00", "elapsed": 34.00346, "delta": 0.113214}}
{"target": -244.19147331842845, "params": {"p_ai": 4.927733289059168, "p_al": 4.651874301237257, "p_ex": 8.06766136093786, "prior": 2.5673532385398095, "rate": 3.914912199479702}, "datetime": {"datetime": "2024-06-13 13:32:01", "elapsed": 34.11516, "delta": 0.1117}}
{"target": -196.07885203037043, "params": {"p_ai": 2.402481900006551, "p_al": 6.864747708308469, "p_ex": 9.898844649917818, "prior": 1.7751179391457508, "rate": 8.214645955522746}, "datetime": {"datetime": "2024-06-13 13:32:01", "elapsed": 34.226751, "delta": 0.111591}}
{"target": -178.47659895524347, "params": {"p_ai": 2.3106546042570515, "p_al": 0.5807001579142975, "p_ex": 1.3890263639386906, "prior": 9.351596002308344, "rate": 8.885532491458925}, "datetime": {"datetime": "2024-06-13 13:32:01", "elapsed": 34.338457, "delta": 0.111706}}
{"target": -187.0429413997215, "params": {"p_ai": 2.893315694333617, "p_al": 9.477692896949968, "p_ex": 8.499455421778958, "prior": 4.347113285922664, "rate": 4.681027499109862}, "datetime": {"datetime": "2024-06-13 13:32:01", "elapsed": 34.450692, "delta": 0.112235}}
{"target": -343.1661081162699, "params": {"p_ai": 6.2989003628126445, "p_al": 1.581160317803163, "p_ex": 0.14880608533418707, "prior": 2.655854662706386, "rate": 0.15542087579566607}, "datetime": {"datetime": "2024-06-13 13:32:01", "elapsed": 34.562576, "delta": 0.111884}}
{"target": -330.6320011935772, "params": {"p_ai": 6.745313942778413, "p_al": 5.515136889291953, "p_ex": 3.2171598078821737, "prior": 7.802243168860467, "rate": 1.4587085267165556}, "datetime": {"datetime": "2024-06-13 13:32:01", "elapsed": 34.674277, "delta": 0.111701}}
{"target": -198.5938639271472, "params": {"p_ai": 2.449561506980074, "p_al": 2.923845306630798, "p_ex": 1.9601235330434226, "prior": 0.8802988990222627, "rate": 8.699891826535803}, "datetime": {"datetime": "2024-06-13 13:32:01", "elapsed": 34.785953, "delta": 0.111676}}
{"target": -352.09951603514276, "params": {"p_ai": 0.8827982670695292, "p_al": 6.837419647880558, "p_ex": 1.204888367700376, "prior": 0.1079793324385974, "rate": 5.573125032519063}, "datetime": {"datetime": "2024-06-13 13:32:01", "elapsed": 34.89832, "delta": 0.112367}}
{"target": -548.5314724423458, "params": {"p_ai": 9.071183443148486, "p_al": 8.604706216701516, "p_ex": 3.3851753897983823, "prior": 0.27256113442929636, "rate": 8.008792691945201}, "datetime": {"datetime": "2024-06-13 13:32:01", "elapsed": 35.010021, "delta": 0.111701}}
{"target": -351.25962999879846, "params": {"p_ai": 8.06004333796437, "p_al": 8.685012674911418, "p_ex": 6.696796352155456, "prior": 8.077980844288449, "rate": 8.9750853247459}, "datetime": {"datetime": "2024-06-13 13:32:02", "elapsed": 35.121723, "delta": 0.111702}}
{"target": -229.71029321069065, "params": {"p_ai": 4.538845674949633, "p_al": 5.578695211845391, "p_ex": 5.06180515715352, "prior": 6.920147061337664, "rate": 6.829385769431119}, "datetime": {"datetime": "2024-06-13 13:32:02", "elapsed": 35.23445, "delta": 0.112727}}
{"target": -262.5016183972096, "params": {"p_ai": 5.203616044997302, "p_al": 8.284853012706627, "p_ex": 5.058288088511875, "prior": 8.248760765289934, "rate": 2.8191690363442863}, "datetime": {"datetime": "2024-06-13 13:32:02", "elapsed": 35.347149, "delta": 0.112699}}
{"target": -182.99761779731952, "params": {"p_ai": 1.7857698349419049, "p_al": 9.698735832876796, "p_ex": 7.419653315035313, "prior": 2.598657141350841, "rate": 5.8127721875694265}, "datetime": {"datetime": "2024-06-13 13:32:02", "elapsed": 35.459819, "delta": 0.11267}}
{"target": -440.48684652243503, "params": {"p_ai": 9.55266727312833, "p_al": 0.808458324212976, "p_ex": 0.8362585364103492, "prior": 6.191729179367653, "rate": 2.245710294880741}, "datetime": {"datetime": "2024-06-13 13:32:02", "elapsed": 35.579628, "delta": 0.119809}}
{"target": -456.441177270503, "params": {"p_ai": 7.652074383378348, "p_al": 5.681957276948102, "p_ex": 6.66221471414473, "prior": 1.0790311940451294, "rate": 0.8437462313141314}, "datetime": {"datetime": "2024-06-13 13:32:02", "elapsed": 35.69134, "delta": 0.111712}}
{"target": -327.58403806527537, "params": {"p_ai": 6.251585561986592, "p_al": 4.097902880079071, "p_ex": 0.8734379861959459, "prior": 3.711268386216875, "rate": 6.72177195215883}, "datetime": {"datetime": "2024-06-13 13:32:02", "elapsed": 35.80803, "delta": 0.11669}}
{"target": -151.97129652671018, "params": {"p_ai": 1.8966844145156656, "p_al": 8.957395356178512, "p_ex": 9.498514042411992, "prior": 9.615763851802903, "rate": 7.301095494844863}, "datetime": {"datetime": "2024-06-13 13:32:02", "elapsed": 35.919874, "delta": 0.111844}}
{"target": -251.25529841645584, "params": {"p_ai": 4.063477988455463, "p_al": 7.437748214315846, "p_ex": 2.8805808058682407, "prior": 3.144857806685071, "rate": 6.059357715817362}, "datetime": {"datetime": "2024-06-13 13:32:02", "elapsed": 36.032575, "delta": 0.112701}}
{"target": -303.77176995636927, "params": {"p_ai": 5.948876486945769, "p_al": 8.786731102181795, "p_ex": 2.546752955850109, "prior": 7.662117463663015, "rate": 9.410191654922194}, "datetime": {"datetime": "2024-06-13 13:32:03", "elapsed": 36.144276, "delta": 0.111701}}
{"target": -148.6847685672098, "params": {"p_ai": 0.011328293644688577, "p_al": 4.761415090903047, "p_ex": 6.570746249918269, "prior": 8.433388815981305, "rate": 1.8382103793481412}, "datetime": {"datetime": "2024-06-13 13:32:03", "elapsed": 36.256978, "delta": 0.112702}}
{"target": -526.4511521223789, "params": {"p_ai": 8.56173622063573, "p_al": 3.6442904330904224, "p_ex": 8.922847018832448, "prior": 0.2780896894835276, "rate": 0.854816001092583}, "datetime": {"datetime": "2024-06-13 13:32:03", "elapsed": 36.368659, "delta": 0.111681}}
{"target": -459.2946866105008, "params": {"p_ai": 9.81412324707537, "p_al": 6.095409755809193, "p_ex": 4.176905835795019, "prior": 1.6929726327522117, "rate": 6.499361629743811}, "datetime": {"datetime": "2024-06-13 13:32:03", "elapsed": 36.481182, "delta": 0.112523}}
{"target": -144.50122012869994, "params": {"p_ai": 0.3707137085252189, "p_al": 3.116827520693586, "p_ex": 3.2354684906937643, "prior": 6.074811493252022, "rate": 6.508661735500295}, "datetime": {"datetime": "2024-06-13 13:32:03", "elapsed": 36.593039, "delta": 0.111857}}
