{"target": -482.14275376238453, "params": {"gamma": 5.54904548691878, "prior": 1.162819548016187, "rate": 6.403837458691426}, "datetime": {"datetime": "2024-06-14 12:31:27", "elapsed": 18.566174, "delta": 0.010971}}
{"target": -559.9127363364303, "params": {"gamma": 6.705637999047665, "prior": 2.5760592163646616, "rate": 9.48280432589309}, "datetime": {"datetime": "2024-06-14 12:31:27", "elapsed": 18.577144, "delta": 0.01097}}
{"target": -357.72509119174146, "params": {"gamma": 4.527038501594155, "prior": 8.680484824940818, "rate": 6.5311578451151915}, "datetime": {"datetime": "2024-06-14 12:31:27", "elapsed": 18.587434, "delta": 0.01029}}
{"target": -482.99346752403056, "params": {"gamma": 6.165734558182161, "prior": 5.53906870999164, "rate": 6.4760270347112066}, "datetime": {"datetime": "2024-06-14 12:31:27", "elapsed": 18.598423, "delta": 0.010989}}
{"target": -635.8830140385045, "params": {"gamma": 8.443508165581074, "prior": 7.79110035202588, "rate": 6.726602036977152}, "datetime": {"datetime": "2024-06-14 12:31:27", "elapsed": 18.609395, "delta": 0.010972}}
{"target": -152.18269474734439, "params": {"gamma": 0.31942149138614195, "prior": 0.18607824607212345, "rate": 3.5860179122930487}, "datetime": {"datetime": "2024-06-14 12:31:27", "elapsed": 18.619391, "delta": 0.009996}}
{"target": -154.0931995130608, "params": {"gamma": 0.30730757815686666, "prior": 5.226689787064359, "rate": 0.036535454134401193}, "datetime": {"datetime": "2024-06-14 12:31:27", "elapsed": 18.629419, "delta": 0.010028}}
{"target": -406.1826256642067, "params": {"gamma": 4.80782326402619, "prior": 3.8383252631823646, "rate": 9.57468291548391}, "datetime": {"datetime": "2024-06-14 12:31:27", "elapsed": 18.640385, "delta": 0.010966}}
{"target": -157.63817493050976, "params": {"gamma": 0.5594796463757505, "prior": 0.7453906352106907, "rate": 8.492816205896958}, "datetime": {"datetime": "2024-06-14 12:31:27", "elapsed": 18.6514, "delta": 0.011015}}
{"target": -529.961920256981, "params": {"gamma": 7.95278352446082, "prior": 9.364876906499536, "rate": 0.7832882493134576}, "datetime": {"datetime": "2024-06-14 12:31:27", "elapsed": 18.66139, "delta": 0.00999}}
{"target": -466.1561311738298, "params": {"gamma": 6.201377645038051, "prior": 5.192608250406824, "rate": 3.2164188746044267}, "datetime": {"datetime": "2024-06-14 12:31:27", "elapsed": 18.672361, "delta": 0.010971}}
{"target": -422.1018294960751, "params": {"gamma": 6.108503694482293, "prior": 9.188970106003065, "rate": 0.6265924993176286}, "datetime": {"datetime": "2024-06-14 12:31:27", "elapsed": 18.682386, "delta": 0.010025}}
{"target": -519.7458736409463, "params": {"gamma": 6.597601675698143, "prior": 2.9231979136433965, "rate": 4.05507146708443}, "datetime": {"datetime": "2024-06-14 12:31:27", "elapsed": 18.692865, "delta": 0.010479}}
{"target": -720.9271899188554, "params": {"gamma": 8.497095650065528, "prior": 1.3051221032419362, "rate": 8.429867764940202}, "datetime": {"datetime": "2024-06-14 12:31:27", "elapsed": 18.704493, "delta": 0.011628}}
{"target": -330.1726254459709, "params": {"gamma": 4.043023200888809, "prior": 9.840486039447793, "rate": 9.180238599391384}, "datetime": {"datetime": "2024-06-14 12:31:27", "elapsed": 18.714467, "delta": 0.009974}}
{"target": -327.4893470647639, "params": {"gamma": 4.077336153001339, "prior": 3.0494110501065124, "rate": 2.210242885260159}, "datetime": {"datetime": "2024-06-14 12:31:27", "elapsed": 18.724439, "delta": 0.009972}}
{"target": -218.0774997580064, "params": {"gamma": 2.178141660255354, "prior": 7.710506836041361, "rate": 7.554669376147851}, "datetime": {"datetime": "2024-06-14 12:31:27", "elapsed": 18.736408, "delta": 0.011969}}
{"target": -780.7395146192849, "params": {"gamma": 9.782554060479685, "prior": 0.9247667416835517, "rate": 2.20261362016969}, "datetime": {"datetime": "2024-06-14 12:31:27", "elapsed": 18.746381, "delta": 0.009973}}
{"target": -743.7425244123646, "params": {"gamma": 9.837125648386799, "prior": 5.509106350626703, "rate": 5.537150485250019}, "datetime": {"datetime": "2024-06-14 12:31:27", "elapsed": 18.757351, "delta": 0.01097}}
{"target": -289.78699966754573, "params": {"gamma": 3.4883611819824956, "prior": 7.06748571585924, "rate": 4.998138049601288}, "datetime": {"datetime": "2024-06-14 12:31:27", "elapsed": 18.767928, "delta": 0.010577}}
{"target": -343.4585073882644, "params": {"gamma": 4.695463118034527, "prior": 5.542751161345011, "rate": 0.25277683452447997}, "datetime": {"datetime": "2024-06-14 12:31:27", "elapsed": 18.778899, "delta": 0.010971}}
{"target": -450.25107211304424, "params": {"gamma": 5.313075133078175, "prior": 1.4163491522539797, "rate": 4.589832013123402}, "datetime": {"datetime": "2024-06-14 12:31:27", "elapsed": 18.789904, "delta": 0.011005}}
{"target": -161.37387509730166, "params": {"gamma": 0.8236297527845414, "prior": 8.900720326296751, "rate": 3.7848776219177442}, "datetime": {"datetime": "2024-06-14 12:31:27", "elapsed": 18.800869, "delta": 0.010965}}
{"target": -323.4361523933418, "params": {"gamma": 4.304116749507192, "prior": 7.4464056980919, "rate": 1.5585894193146912}, "datetime": {"datetime": "2024-06-14 12:31:27", "elapsed": 18.810814, "delta": 0.009945}}
{"target": -439.290353941307, "params": {"gamma": 5.750661895522346, "prior": 5.159372732252272, "rate": 3.6836674731700536}, "datetime": {"datetime": "2024-06-14 12:31:27", "elapsed": 18.821786, "delta": 0.010972}}
{"target": -507.93827321620773, "params": {"gamma": 6.833671828543643, "prior": 7.965413407633205, "rate": 4.677377247445764}, "datetime": {"datetime": "2024-06-14 12:31:27", "elapsed": 18.832755, "delta": 0.010969}}
{"target": -464.78482716307434, "params": {"gamma": 6.273883706867163, "prior": 9.134137256508124, "rate": 4.570261651531608}, "datetime": {"datetime": "2024-06-14 12:31:27", "elapsed": 18.842728, "delta": 0.009973}}
{"target": -178.538356880982, "params": {"gamma": 1.3510644515976318, "prior": 5.4780076342581925, "rate": 4.300850527874765}, "datetime": {"datetime": "2024-06-14 12:31:27", "elapsed": 18.853699, "delta": 0.010971}}
{"target": -531.8596812800796, "params": {"gamma": 7.6833624868607115, "prior": 7.996978647259612, "rate": 1.719287872743418}, "datetime": {"datetime": "2024-06-14 12:31:27", "elapsed": 18.864669, "delta": 0.01097}}
{"target": -382.9719892664231, "params": {"gamma": 4.379951424269699, "prior": 2.741527848856144, "rate": 9.54693755681465}, "datetime": {"datetime": "2024-06-14 12:31:27", "elapsed": 18.874643, "delta": 0.009974}}
{"target": -708.3767616270378, "params": {"gamma": 9.368784466603346, "prior": 4.400052644616815, "rate": 4.310675867474359}, "datetime": {"datetime": "2024-06-14 12:31:27", "elapsed": 18.885615, "delta": 0.010972}}
{"target": -540.4318875053532, "params": {"gamma": 7.465025027815888, "prior": 6.000161900798046, "rate": 2.5914507949566294}, "datetime": {"datetime": "2024-06-14 12:31:27", "elapsed": 18.895587, "delta": 0.009972}}
{"target": -378.4943962717294, "params": {"gamma": 4.832217482249796, "prior": 8.912072929132934, "rate": 6.815859364103486}, "datetime": {"datetime": "2024-06-14 12:31:27", "elapsed": 18.906558, "delta": 0.010971}}
{"target": -410.817417157855, "params": {"gamma": 5.631702156360547, "prior": 8.779863851817137, "rate": 2.763487550262558}, "datetime": {"datetime": "2024-06-14 12:31:27", "elapsed": 18.916531, "delta": 0.009973}}
{"target": -819.5310669488688, "params": {"gamma": 9.968477906522146, "prior": 2.07841434989855, "rate": 8.398095485642296}, "datetime": {"datetime": "2024-06-14 12:31:27", "elapsed": 18.927127, "delta": 0.010596}}
{"target": -553.8531343701171, "params": {"gamma": 7.423677265955892, "prior": 8.654133782311007, "rate": 5.849590827242212}, "datetime": {"datetime": "2024-06-14 12:31:27", "elapsed": 18.938097, "delta": 0.01097}}
{"target": -232.91758925042274, "params": {"gamma": 2.324580257505538, "prior": 4.8868473200156455, "rate": 8.623889760611993}, "datetime": {"datetime": "2024-06-14 12:31:27", "elapsed": 18.949071, "delta": 0.010974}}
{"target": -673.1568347216662, "params": {"gamma": 7.9782472422770105, "prior": 1.8177543148375053, "rate": 9.922107078907667}, "datetime": {"datetime": "2024-06-14 12:31:27", "elapsed": 18.959073, "delta": 0.010002}}
{"target": -151.59108920423725, "params": {"gamma": 0.30509199963247896, "prior": 3.987219786468616, "rate": 7.544258751962611}, "datetime": {"datetime": "2024-06-14 12:31:27", "elapsed": 18.970279, "delta": 0.011206}}
{"target": -819.2774341075707, "params": {"gamma": 9.737423089296351, "prior": 1.5070537571269909, "rate": 9.240481445983646}, "datetime": {"datetime": "2024-06-14 12:31:27", "elapsed": 18.98125, "delta": 0.010971}}
{"target": -216.60929685515606, "params": {"gamma": 2.1910205215764544, "prior": 5.571121613460873, "rate": 4.328641890073879}, "datetime": {"datetime": "2024-06-14 12:31:27", "elapsed": 18.991223, "delta": 0.009973}}
{"target": -626.1519496288851, "params": {"gamma": 8.080742990009732, "prior": 1.471838851029407, "rate": 1.909508341737192}, "datetime": {"datetime": "2024-06-14 12:31:27", "elapsed": 19.002194, "delta": 0.010971}}
{"target": -483.6112745248989, "params": {"gamma": 5.6755575331194175, "prior": 2.178521665483254, "rate": 8.800046492896152}, "datetime": {"datetime": "2024-06-14 12:31:27", "elapsed": 19.012167, "delta": 0.009973}}
{"target": -446.06986777958554, "params": {"gamma": 5.783951692141619, "prior": 9.126375539251068, "rate": 7.643651482024123}, "datetime": {"datetime": "2024-06-14 12:31:27", "elapsed": 19.023137, "delta": 0.01097}}
{"target": -345.1715643991841, "params": {"gamma": 4.749956447996781, "prior": 6.954842154506416, "rate": 0.5989622103785784}, "datetime": {"datetime": "2024-06-14 12:31:27", "elapsed": 19.033112, "delta": 0.009975}}
{"target": -437.0390813318539, "params": {"gamma": 6.3129540540322955, "prior": 9.842067917397047, "rate": 1.1947254178184115}, "datetime": {"datetime": "2024-06-14 12:31:27", "elapsed": 19.044081, "delta": 0.010969}}
{"target": -430.25049408299157, "params": {"gamma": 4.516215172846799, "prior": 0.2834860525337505, "rate": 6.881590456377558}, "datetime": {"datetime": "2024-06-14 12:31:27", "elapsed": 19.054055, "delta": 0.009974}}
{"target": -151.28444610798186, "params": {"gamma": 0.19520689181535128, "prior": 4.607194980262459, "rate": 2.192284951246659}, "datetime": {"datetime": "2024-06-14 12:31:27", "elapsed": 19.065026, "delta": 0.010971}}
{"target": -616.1244080349677, "params": {"gamma": 8.072347745473287, "prior": 6.491810326909217, "rate": 6.663022020111727}, "datetime": {"datetime": "2024-06-14 12:31:27", "elapsed": 19.075996, "delta": 0.01097}}
{"target": -463.54146413694104, "params": {"gamma": 5.49936117147423, "prior": 2.5794193904395852, "rate": 8.157094551477481}, "datetime": {"datetime": "2024-06-14 12:31:27", "elapsed": 19.085969, "delta": 0.009973}}
{"target": -680.1526023389208, "params": {"gamma": 8.801319434535824, "prior": 4.439339280064714, "rate": 5.863711820741532}, "datetime": {"datetime": "2024-06-14 12:31:27", "elapsed": 19.096942, "delta": 0.010973}}
{"target": -477.1371218239587, "params": {"gamma": 6.243379942629359, "prior": 7.303295041403323, "rate": 5.909446588136741}, "datetime": {"datetime": "2024-06-14 12:31:27", "elapsed": 19.106914, "delta": 0.009972}}
{"target": -598.8771809043095, "params": {"gamma": 8.066169168171944, "prior": 8.258471981731269, "rate": 5.56594710415588}, "datetime": {"datetime": "2024-06-14 12:31:27", "elapsed": 19.117884, "delta": 0.01097}}
{"target": -699.2315152253703, "params": {"gamma": 8.829655088096155, "prior": 2.109092556269915, "rate": 4.136740721638024}, "datetime": {"datetime": "2024-06-14 12:31:27", "elapsed": 19.128855, "delta": 0.010971}}
{"target": -545.2188585545775, "params": {"gamma": 6.301468383632087, "prior": 1.1154697020039852, "rate": 7.186717564230962}, "datetime": {"datetime": "2024-06-14 12:31:27", "elapsed": 19.138828, "delta": 0.009973}}
{"target": -386.3902624165379, "params": {"gamma": 4.797353694402805, "prior": 3.852038987367971, "rate": 4.519015226631978}, "datetime": {"datetime": "2024-06-14 12:31:27", "elapsed": 19.1498, "delta": 0.010972}}
{"target": -333.5372968747944, "params": {"gamma": 3.6764939669400882, "prior": 2.471426634522078, "rate": 9.158808384961374}, "datetime": {"datetime": "2024-06-14 12:31:27", "elapsed": 19.160769, "delta": 0.010969}}
{"target": -581.6657531804998, "params": {"gamma": 7.993823586812164, "prior": 3.406006211735859, "rate": 1.691347664222673}, "datetime": {"datetime": "2024-06-14 12:31:27", "elapsed": 19.17174, "delta": 0.010971}}
{"target": -172.14771387727254, "params": {"gamma": 1.1671456351759943, "prior": 7.973795195960528, "rate": 7.020580256606766}, "datetime": {"datetime": "2024-06-14 12:31:27", "elapsed": 19.181714, "delta": 0.009974}}
{"target": -163.4252357551704, "params": {"gamma": 0.7532513187567459, "prior": 1.2542804976959159, "rate": 9.138126532938669}, "datetime": {"datetime": "2024-06-14 12:31:27", "elapsed": 19.192684, "delta": 0.01097}}
{"target": -614.074822287465, "params": {"gamma": 8.697844167744172, "prior": 2.990329199931283, "rate": 1.0208976946159853}, "datetime": {"datetime": "2024-06-14 12:31:27", "elapsed": 19.203655, "delta": 0.010971}}
{"target": -720.8059819682204, "params": {"gamma": 8.089104924003614, "prior": 0.35911927558226864, "rate": 6.363840611525337}, "datetime": {"datetime": "2024-06-14 12:31:27", "elapsed": 19.213629, "delta": 0.009974}}
{"target": -185.96488662021665, "params": {"gamma": 1.6017100608988064, "prior": 6.947081844135219, "rate": 1.6810289418629691}, "datetime": {"datetime": "2024-06-14 12:31:27", "elapsed": 19.224599, "delta": 0.01097}}
{"target": -310.52166827472945, "params": {"gamma": 3.491138224246637, "prior": 1.3086604715542876, "rate": 2.8715832231230745}, "datetime": {"datetime": "2024-06-14 12:31:27", "elapsed": 19.23557, "delta": 0.010971}}
{"target": -178.6205435812589, "params": {"gamma": 1.2918445291131877, "prior": 4.687523094792548, "rate": 6.494427895595687}, "datetime": {"datetime": "2024-06-14 12:31:27", "elapsed": 19.245543, "delta": 0.009973}}
{"target": -320.6471064075552, "params": {"gamma": 3.945711176055152, "prior": 9.534289164446331, "rate": 7.5488990420267905}, "datetime": {"datetime": "2024-06-14 12:31:27", "elapsed": 19.256514, "delta": 0.010971}}
{"target": -412.28895126392445, "params": {"gamma": 5.444208932057693, "prior": 5.67887663019228, "rate": 3.2067189291281246}, "datetime": {"datetime": "2024-06-14 12:31:27", "elapsed": 19.266487, "delta": 0.009973}}
{"target": -375.06109274144205, "params": {"gamma": 5.1256851497310105, "prior": 7.602335802195582, "rate": 0.019094445132394236}, "datetime": {"datetime": "2024-06-14 12:31:27", "elapsed": 19.277458, "delta": 0.010971}}
{"target": -381.5621120866508, "params": {"gamma": 4.806438381858799, "prior": 9.051149756240171, "rate": 8.49515263986085}, "datetime": {"datetime": "2024-06-14 12:31:27", "elapsed": 19.288428, "delta": 0.01097}}
{"target": -217.7905374996152, "params": {"gamma": 2.210733350081861, "prior": 7.388740776568681, "rate": 5.849151492900638}, "datetime": {"datetime": "2024-06-14 12:31:27", "elapsed": 19.298402, "delta": 0.009974}}
{"target": -412.8138231400669, "params": {"gamma": 5.255835607120612, "prior": 6.648300677217822, "rate": 6.321044057567672}, "datetime": {"datetime": "2024-06-14 12:31:27", "elapsed": 19.309373, "delta": 0.010971}}
{"target": -158.8594589396127, "params": {"gamma": 0.7151025607260231, "prior": 4.226738133427656, "rate": 1.9937729109275177}, "datetime": {"datetime": "2024-06-14 12:31:27", "elapsed": 19.320343, "delta": 0.01097}}
{"target": -553.6341424884731, "params": {"gamma": 7.006133824526521, "prior": 2.8057722884778102, "rate": 4.36475792464087}, "datetime": {"datetime": "2024-06-14 12:31:27", "elapsed": 19.330317, "delta": 0.009974}}
{"target": -628.9711439698603, "params": {"gamma": 8.216434846465544, "prior": 7.852323575275002, "rate": 8.541747338132712}, "datetime": {"datetime": "2024-06-14 12:31:27", "elapsed": 19.340319, "delta": 0.010002}}
{"target": -349.8576153755126, "params": {"gamma": 4.791059397936408, "prior": 9.272297925997325, "rate": 0.31651532588659786}, "datetime": {"datetime": "2024-06-14 12:31:27", "elapsed": 19.352258, "delta": 0.011939}}
{"target": -748.18429058268, "params": {"gamma": 9.382894180194201, "prior": 3.551425046560445, "rate": 8.128417943848676}, "datetime": {"datetime": "2024-06-14 12:31:27", "elapsed": 19.362232, "delta": 0.009974}}
{"target": -706.0935932035602, "params": {"gamma": 9.483262648120892, "prior": 8.928959309652628, "rate": 6.980493154617331}, "datetime": {"datetime": "2024-06-14 12:31:27", "elapsed": 19.373201, "delta": 0.010969}}
{"target": -492.2803930601037, "params": {"gamma": 6.702161211463432, "prior": 9.738421930452827, "rate": 4.651622241751715}, "datetime": {"datetime": "2024-06-14 12:31:27", "elapsed": 19.384172, "delta": 0.010971}}
{"target": -179.1469746592006, "params": {"gamma": 1.041066599814464, "prior": 0.3390594280462933, "rate": 8.813120742542266}, "datetime": {"datetime": "2024-06-14 12:31:27", "elapsed": 19.394146, "delta": 0.009974}}
{"target": -151.69655330233593, "params": {"gamma": 0.2628840047433559, "prior": 9.513197094050101, "rate": 5.699606506289468}, "datetime": {"datetime": "2024-06-14 12:31:27", "elapsed": 19.404119, "delta": 0.009973}}
{"target": -150.1772400971001, "params": {"gamma": 0.043645919052664246, "prior": 0.5646153479397032, "rate": 7.378335968662237}, "datetime": {"datetime": "2024-06-14 12:32:07", "elapsed": 59.197751, "delta": 39.793632}}
{"target": -150.41176985468232, "params": {"gamma": 0.001, "prior": 10.0, "rate": 10.0}, "datetime": {"datetime": "2024-06-14 12:32:45", "elapsed": 97.367055, "delta": 38.169304}}
{"target": -150.36734466760439, "params": {"gamma": 0.006498588945323686, "prior": 0.17241717909885645, "rate": 8.557420217349458}, "datetime": {"datetime": "2024-06-14 12:33:12", "elapsed": 124.004904, "delta": 26.637849}}
{"target": -150.91522011640433, "params": {"gamma": 0.056046272007943224, "prior": 8.994531037586505, "rate": 0.06761911636229183}, "datetime": {"datetime": "2024-06-14 12:33:54", "elapsed": 165.653614, "delta": 41.64871}}
{"target": -150.3068779151194, "params": {"gamma": 0.06230221361244402, "prior": 5.595673218322127, "rate": 9.831514416977647}, "datetime": {"datetime": "2024-06-14 12:34:30", "elapsed": 202.391341, "delta": 36.737727}}
{"target": -150.42117284033597, "params": {"gamma": 0.001, "prior": 0.1, "rate": 0.001}, "datetime": {"datetime": "2024-06-14 12:35:05", "elapsed": 237.513528, "delta": 35.122187}}
{"target": -150.405860298409, "params": {"gamma": 0.001, "prior": 0.1, "rate": 10.0}, "datetime": {"datetime": "2024-06-14 12:35:39", "elapsed": 270.939114, "delta": 33.425586}}
{"target": -150.38634289244314, "params": {"gamma": 0.003931880376311117, "prior": 0.8946336536474773, "rate": 8.97606173932868}, "datetime": {"datetime": "2024-06-14 12:36:06", "elapsed": 298.216446, "delta": 27.277332}}
{"target": -150.97072766677792, "params": {"gamma": 0.06253310614329961, "prior": 7.575549410943717, "rate": 0.08907507747158024}, "datetime": {"datetime": "2024-06-14 12:36:32", "elapsed": 324.495722, "delta": 26.279276}}
{"target": -150.54215323101386, "params": {"gamma": 0.039614356819795325, "prior": 9.988035378567359, "rate": 3.488790211491148}, "datetime": {"datetime": "2024-06-14 12:37:06", "elapsed": 357.759176, "delta": 33.263454}}
{"target": -150.44839154934175, "params": {"gamma": 0.007998610623354281, "prior": 9.873219343370717, "rate": 2.096042373717798}, "datetime": {"datetime": "2024-06-14 12:37:31", "elapsed": 383.435843, "delta": 25.676667}}
{"target": -150.4214474715879, "params": {"gamma": 0.001, "prior": 10.0, "rate": 0.001}, "datetime": {"datetime": "2024-06-14 12:38:28", "elapsed": 439.698915, "delta": 56.263072}}
{"target": -150.15563671511978, "params": {"gamma": 0.049375921494418544, "prior": 0.14772141329459715, "rate": 2.166720944593413}, "datetime": {"datetime": "2024-06-14 12:39:01", "elapsed": 472.682906, "delta": 32.983991}}
{"target": -150.4622925252969, "params": {"gamma": 0.09914716697458617, "prior": 9.091872684811875, "rate": 9.72626590862856}, "datetime": {"datetime": "2024-06-14 12:39:30", "elapsed": 501.781156, "delta": 29.09825}}
{"target": -150.68185124817575, "params": {"gamma": 0.14643695523547426, "prior": 9.886033886081185, "rate": 9.043388809841169}, "datetime": {"datetime": "2024-06-14 12:40:08", "elapsed": 539.878057, "delta": 38.096901}}
{"target": -150.40035886688852, "params": {"gamma": 0.009728028562905857, "prior": 5.612625512745687, "rate": 6.084910045462255}, "datetime": {"datetime": "2024-06-14 12:40:27", "elapsed": 559.256715, "delta": 19.378658}}
{"target": -150.64035065236905, "params": {"gamma": 0.11491088206128473, "prior": 9.844599552567733, "rate": 7.112273632402903}, "datetime": {"datetime": "2024-06-14 12:41:16", "elapsed": 607.601061, "delta": 48.344346}}
{"target": -150.356251797243, "params": {"gamma": 0.0506008335260523, "prior": 5.7338903299002215, "rate": 7.564538675608238}, "datetime": {"datetime": "2024-06-14 12:41:50", "elapsed": 642.295911, "delta": 34.69485}}
{"target": -150.1810246425531, "params": {"gamma": 0.05522556522980118, "prior": 1.8443823845770113, "rate": 9.76181230789616}, "datetime": {"datetime": "2024-06-14 12:42:19", "elapsed": 670.705556, "delta": 28.409645}}
{"target": -150.43561623845923, "params": {"gamma": 0.003250155879442736, "prior": 0.6246289106622394, "rate": 0.03901044132940246}, "datetime": {"datetime": "2024-06-14 12:42:51", "elapsed": 703.035328, "delta": 32.329772}}
{"target": -150.34969327408757, "params": {"gamma": 0.035495704092308095, "prior": 6.368562330266932, "rate": 9.352357990747103}, "datetime": {"datetime": "2024-06-14 12:43:27", "elapsed": 738.806844, "delta": 35.771516}}
