{"target": -1857.9021211471843, "params": {"gamma": 9.236233847661266, "lr": 0.6780829341239825}, "datetime": {"datetime": "2024-06-13 18:28:22", "elapsed": 4.567954, "delta": 0.004986}}
{"target": -1358.7743337477095, "params": {"gamma": 7.713853709507418, "lr": 0.5716353364349513}, "datetime": {"datetime": "2024-06-13 18:28:22", "elapsed": 4.571944, "delta": 0.00399}}
{"target": -1678.964135171586, "params": {"gamma": 8.339212870314833, "lr": 0.6982817992918626}, "datetime": {"datetime": "2024-06-13 18:28:22", "elapsed": 4.575933, "delta": 0.003989}}
{"target": -287.23208070645893, "params": {"gamma": 1.466940409067313, "lr": 0.6124611286280749}, "datetime": {"datetime": "2024-06-13 18:28:22", "elapsed": 4.58092, "delta": 0.004987}}
{"target": -739.2080018228431, "params": {"gamma": 2.793924035827702, "lr": 0.9158787230673001}, "datetime": {"datetime": "2024-06-13 18:28:22", "elapsed": 4.584909, "delta": 0.003989}}
{"target": -259.15581973980795, "params": {"gamma": 1.9831246698113274, "lr": 0.28571649537130284}, "datetime": {"datetime": "2024-06-13 18:28:22", "elapsed": 4.589895, "delta": 0.004986}}
{"target": -143.83069319876984, "params": {"gamma": 0.47749939499181976, "lr": 0.44757914405063814}, "datetime": {"datetime": "2024-06-13 18:28:22", "elapsed": 4.593885, "delta": 0.00399}}
{"target": -986.3221349260804, "params": {"gamma": 5.576320563895948, "lr": 0.5735610825770953}, "datetime": {"datetime": "2024-06-13 18:28:22", "elapsed": 4.598328, "delta": 0.004443}}
{"target": -1289.1100515055225, "params": {"gamma": 9.053868422216771, "lr": 0.34741393280060506}, "datetime": {"datetime": "2024-06-13 18:28:22", "elapsed": 4.602317, "delta": 0.003989}}
{"target": -1077.8789524888157, "params": {"gamma": 4.475836267532962, "lr": 0.8512376625014975}, "datetime": {"datetime": "2024-06-13 18:28:22", "elapsed": 4.606307, "delta": 0.00399}}
{"target": -1043.5083008586398, "params": {"gamma": 5.768716203017017, "lr": 0.6539929348777337}, "datetime": {"datetime": "2024-06-13 18:28:22", "elapsed": 4.611137, "delta": 0.00483}}
{"target": -409.7906927740657, "params": {"gamma": 2.784314944612766, "lr": 0.48747130162584906}, "datetime": {"datetime": "2024-06-13 18:28:22", "elapsed": 4.615126, "delta": 0.003989}}
{"target": -1464.7156220883883, "params": {"gamma": 6.209902923417142, "lr": 0.13339403014523998}, "datetime": {"datetime": "2024-06-13 18:28:22", "elapsed": 4.619116, "delta": 0.00399}}
{"target": -175.1656078364785, "params": {"gamma": 0.3300542572087522, "lr": 0.11341100113082614}, "datetime": {"datetime": "2024-06-13 18:28:22", "elapsed": 4.623105, "delta": 0.003989}}
{"target": -1781.4252837386684, "params": {"gamma": 4.775133302320191, "lr": 0.02402673463080851}, "datetime": {"datetime": "2024-06-13 18:28:22", "elapsed": 4.628092, "delta": 0.004987}}
{"target": -2232.268479630986, "params": {"gamma": 6.26246308244308, "lr": 0.09758261797608447}, "datetime": {"datetime": "2024-06-13 18:28:22", "elapsed": 4.632081, "delta": 0.003989}}
{"target": -373.95305612971225, "params": {"gamma": 2.5103644156247413, "lr": 0.42649294585621844}, "datetime": {"datetime": "2024-06-13 18:28:22", "elapsed": 4.636071, "delta": 0.00399}}
{"target": -198.99884244925352, "params": {"gamma": 1.159151640315784, "lr": 0.2705519937974664}, "datetime": {"datetime": "2024-06-13 18:28:22", "elapsed": 4.641057, "delta": 0.004986}}
{"target": -144.7605893211529, "params": {"gamma": 0.21177564868227716, "lr": 0.9850455536104694}, "datetime": {"datetime": "2024-06-13 18:28:22", "elapsed": 4.645047, "delta": 0.00399}}
{"target": -858.99971990164, "params": {"gamma": 6.116124507605985, "lr": 0.3783538388352491}, "datetime": {"datetime": "2024-06-13 18:28:22", "elapsed": 4.649036, "delta": 0.003989}}
{"target": -139.54448522036375, "params": {"gamma": 0.2662569827533811, "lr": 0.3898387483749842}, "datetime": {"datetime": "2024-06-13 18:28:22", "elapsed": 4.653025, "delta": 0.003989}}
{"target": -1199.859653536172, "params": {"gamma": 4.526133705237957, "lr": 0.9310031937645028}, "datetime": {"datetime": "2024-06-13 18:28:22", "elapsed": 4.658015, "delta": 0.00499}}
{"target": -507.8949314846669, "params": {"gamma": 2.7857632142087283, "lr": 0.6147818910832991}, "datetime": {"datetime": "2024-06-13 18:28:22", "elapsed": 4.662004, "delta": 0.003989}}
{"target": -1054.2691434142873, "params": {"gamma": 6.6520183774673525, "lr": 0.18596096979633892}, "datetime": {"datetime": "2024-06-13 18:28:22", "elapsed": 4.665993, "delta": 0.003989}}
{"target": -1124.0511179803161, "params": {"gamma": 5.058127726515332, "lr": 0.7865007628599349}, "datetime": {"datetime": "2024-06-13 18:28:22", "elapsed": 4.669982, "delta": 0.003989}}
{"target": -210.8643572035264, "params": {"gamma": 0.966693765249707, "lr": 0.6060352981689622}, "datetime": {"datetime": "2024-06-13 18:28:22", "elapsed": 4.67497, "delta": 0.004988}}
{"target": -188.7062120106745, "params": {"gamma": 0.261573266951244, "lr": 0.00704672381007565}, "datetime": {"datetime": "2024-06-13 18:28:22", "elapsed": 4.678959, "delta": 0.003989}}
{"target": -150.80663636739584, "params": {"gamma": 0.5962265427935735, "lr": 0.4814004591490364}, "datetime": {"datetime": "2024-06-13 18:28:22", "elapsed": 4.682948, "delta": 0.003989}}
{"target": -1304.844087136159, "params": {"gamma": 9.257115382793618, "lr": 0.4055573841390242}, "datetime": {"datetime": "2024-06-13 18:28:22", "elapsed": 4.687935, "delta": 0.004987}}
{"target": -222.3500755975729, "params": {"gamma": 0.7512513607260716, "lr": 0.8613524744830288}, "datetime": {"datetime": "2024-06-13 18:28:22", "elapsed": 4.691924, "delta": 0.003989}}
{"target": -681.7532402646688, "params": {"gamma": 5.193456557118933, "lr": 0.3189358689174241}, "datetime": {"datetime": "2024-06-13 18:28:22", "elapsed": 4.69691, "delta": 0.004986}}
{"target": -2541.1693620367846, "params": {"gamma": 9.630360355507971, "lr": 0.9382617685023783}, "datetime": {"datetime": "2024-06-13 18:28:22", "elapsed": 4.7009, "delta": 0.00399}}
{"target": -473.79763497884187, "params": {"gamma": 2.6009297005949668, "lr": 0.20139185371372026}, "datetime": {"datetime": "2024-06-13 18:28:22", "elapsed": 4.705886, "delta": 0.004986}}
{"target": -1413.0216301441271, "params": {"gamma": 5.889498124357467, "lr": 0.8425182098415589}, "datetime": {"datetime": "2024-06-13 18:28:22", "elapsed": 4.709876, "delta": 0.00399}}
{"target": -603.567770931208, "params": {"gamma": 3.3678741763608038, "lr": 0.5864294214642616}, "datetime": {"datetime": "2024-06-13 18:28:22", "elapsed": 4.713865, "delta": 0.003989}}
{"target": -292.22678207226795, "params": {"gamma": 1.623287749788599, "lr": 0.19459373523814183}, "datetime": {"datetime": "2024-06-13 18:28:22", "elapsed": 4.717854, "delta": 0.003989}}
{"target": -1422.8183918680932, "params": {"gamma": 7.613590824704965, "lr": 0.15009846135204996}, "datetime": {"datetime": "2024-06-13 18:28:22", "elapsed": 4.722841, "delta": 0.004987}}
{"target": -549.7352056610704, "params": {"gamma": 2.659804503437227, "lr": 0.6894948631776694}, "datetime": {"datetime": "2024-06-13 18:28:22", "elapsed": 4.726831, "delta": 0.00399}}
{"target": -166.87586700511585, "params": {"gamma": 0.15187798702215813, "lr": 0.03219440386857053}, "datetime": {"datetime": "2024-06-13 18:28:22", "elapsed": 4.73082, "delta": 0.003989}}
{"target": -428.4832496584312, "params": {"gamma": 2.8759718743002627, "lr": 0.3366231805122991}, "datetime": {"datetime": "2024-06-13 18:28:22", "elapsed": 4.734809, "delta": 0.003989}}
{"target": -834.7177904653962, "params": {"gamma": 3.622798839194582, "lr": 0.8071905755135196}, "datetime": {"datetime": "2024-06-13 18:28:22", "elapsed": 4.739796, "delta": 0.004987}}
{"target": -141.13537566142443, "params": {"gamma": 0.3607736956187603, "lr": 0.3583952446253251}, "datetime": {"datetime": "2024-06-13 18:28:22", "elapsed": 4.743816, "delta": 0.00402}}
{"target": -1197.1504532679942, "params": {"gamma": 6.383143054534976, "lr": 0.14300410951832265}, "datetime": {"datetime": "2024-06-13 18:28:22", "elapsed": 4.747804, "delta": 0.003988}}
{"target": -1544.389211087011, "params": {"gamma": 8.577528406499894, "lr": 0.6455644082734328}, "datetime": {"datetime": "2024-06-13 18:28:22", "elapsed": 4.752761, "delta": 0.004957}}
{"target": -245.237436708409, "params": {"gamma": 1.1538189613747907, "lr": 0.2080974099989472}, "datetime": {"datetime": "2024-06-13 18:28:22", "elapsed": 4.782681, "delta": 0.02992}}
{"target": -1054.523143740899, "params": {"gamma": 7.455237809150899, "lr": 0.40340662833417285}, "datetime": {"datetime": "2024-06-13 18:28:22", "elapsed": 4.786671, "delta": 0.00399}}
{"target": -1239.3936771510678, "params": {"gamma": 4.84521613942412, "lr": 0.8874550780727275}, "datetime": {"datetime": "2024-06-13 18:28:22", "elapsed": 4.791657, "delta": 0.004986}}
{"target": -383.9553868469467, "params": {"gamma": 1.3752980526926846, "lr": 0.9643727973861176}, "datetime": {"datetime": "2024-06-13 18:28:22", "elapsed": 4.795677, "delta": 0.00402}}
{"target": -223.52296380647238, "params": {"gamma": 0.4272541882840023, "lr": 0.09944025725488481}, "datetime": {"datetime": "2024-06-13 18:28:22", "elapsed": 4.800633, "delta": 0.004956}}
{"target": -524.6721110759681, "params": {"gamma": 2.2331610709734946, "lr": 0.8065850822605141}, "datetime": {"datetime": "2024-06-13 18:28:22", "elapsed": 4.804623, "delta": 0.00399}}
{"target": -828.3291336507973, "params": {"gamma": 4.559272200887655, "lr": 0.6532511422613194}, "datetime": {"datetime": "2024-06-13 18:28:22", "elapsed": 4.808612, "delta": 0.003989}}
{"target": -310.7876986778519, "params": {"gamma": 1.7440370540608525, "lr": 0.16672193292652826}, "datetime": {"datetime": "2024-06-13 18:28:22", "elapsed": 4.812601, "delta": 0.003989}}
{"target": -1091.417506783447, "params": {"gamma": 5.208962557197339, "lr": 0.7402936352802216}, "datetime": {"datetime": "2024-06-13 18:28:22", "elapsed": 4.817588, "delta": 0.004987}}
{"target": -1139.1233167850032, "params": {"gamma": 4.62528217768507, "lr": 0.8696140851211128}, "datetime": {"datetime": "2024-06-13 18:28:22", "elapsed": 4.821577, "delta": 0.003989}}
{"target": -960.6688308904565, "params": {"gamma": 6.604458934771733, "lr": 0.2490900884519328}, "datetime": {"datetime": "2024-06-13 18:28:22", "elapsed": 4.826564, "delta": 0.004987}}
{"target": -348.55981187400346, "params": {"gamma": 2.3497873058002465, "lr": 0.3740467168670696}, "datetime": {"datetime": "2024-06-13 18:28:22", "elapsed": 4.830553, "delta": 0.003989}}
{"target": -1998.479644284442, "params": {"gamma": 7.566403946905877, "lr": 0.9379376643097822}, "datetime": {"datetime": "2024-06-13 18:28:22", "elapsed": 4.834543, "delta": 0.00399}}
{"target": -1066.7818762110005, "params": {"gamma": 8.61919808718901, "lr": 0.26161079268292176}, "datetime": {"datetime": "2024-06-13 18:28:22", "elapsed": 4.838532, "delta": 0.003989}}
{"target": -739.5065345676417, "params": {"gamma": 4.12337700085772, "lr": 0.6115440994503215}, "datetime": {"datetime": "2024-06-13 18:28:22", "elapsed": 4.843519, "delta": 0.004987}}
{"target": -770.3118443296305, "params": {"gamma": 5.468797723702268, "lr": 0.3892749454089657}, "datetime": {"datetime": "2024-06-13 18:28:22", "elapsed": 4.847508, "delta": 0.003989}}
{"target": -242.07695907489898, "params": {"gamma": 1.0151063480358857, "lr": 0.7122448043972556}, "datetime": {"datetime": "2024-06-13 18:28:22", "elapsed": 4.851497, "delta": 0.003989}}
{"target": -249.4126527452044, "params": {"gamma": 0.8822635040904132, "lr": 0.8660774293737196}, "datetime": {"datetime": "2024-06-13 18:28:22", "elapsed": 4.855992, "delta": 0.004495}}
{"target": -1767.418836954705, "params": {"gamma": 8.634620954886014, "lr": 0.7084507915153727}, "datetime": {"datetime": "2024-06-13 18:28:22", "elapsed": 4.860979, "delta": 0.004987}}
{"target": -986.3028555242704, "params": {"gamma": 4.864759313503054, "lr": 0.6991465654129165}, "datetime": {"datetime": "2024-06-13 18:28:22", "elapsed": 4.864969, "delta": 0.00399}}
{"target": -881.681213239925, "params": {"gamma": 3.950475613957549, "lr": 0.7974959842933487}, "datetime": {"datetime": "2024-06-13 18:28:22", "elapsed": 4.868958, "delta": 0.003989}}
{"target": -1468.8263236612377, "params": {"gamma": 7.864384405716199, "lr": 0.15552858387362167}, "datetime": {"datetime": "2024-06-13 18:28:22", "elapsed": 4.872947, "delta": 0.003989}}
{"target": -469.9195372503572, "params": {"gamma": 3.1788576859556272, "lr": 0.34398317678599033}, "datetime": {"datetime": "2024-06-13 18:28:22", "elapsed": 4.877934, "delta": 0.004987}}
{"target": -623.7674876987193, "params": {"gamma": 3.6423388162366046, "lr": 0.5666455566878987}, "datetime": {"datetime": "2024-06-13 18:28:22", "elapsed": 4.881923, "delta": 0.003989}}
{"target": -146.84069187308523, "params": {"gamma": 0.4178327377603575, "lr": 0.6599697189638991}, "datetime": {"datetime": "2024-06-13 18:28:22", "elapsed": 4.885913, "delta": 0.00399}}
{"target": -309.3009258882782, "params": {"gamma": 2.0171159588072864, "lr": 0.4164625561731081}, "datetime": {"datetime": "2024-06-13 18:28:22", "elapsed": 4.890899, "delta": 0.004986}}
{"target": -654.0497986469984, "params": {"gamma": 4.5094756723505, "lr": 0.3487267695476459}, "datetime": {"datetime": "2024-06-13 18:28:22", "elapsed": 4.894888, "delta": 0.003989}}
{"target": -624.3092158450953, "params": {"gamma": 3.8334198209699974, "lr": 0.18030606084775935}, "datetime": {"datetime": "2024-06-13 18:28:22", "elapsed": 4.898878, "delta": 0.00399}}
{"target": -167.071270849099, "params": {"gamma": 0.68223244388335, "lr": 0.5512566489358516}, "datetime": {"datetime": "2024-06-13 18:28:22", "elapsed": 4.903866, "delta": 0.004988}}
{"target": -1119.413944883951, "params": {"gamma": 5.959073589220895, "lr": 0.1454997892217088}, "datetime": {"datetime": "2024-06-13 18:28:22", "elapsed": 4.907854, "delta": 0.003988}}
{"target": -292.849673549989, "params": {"gamma": 2.310186141512919, "lr": 0.2863771315373824}, "datetime": {"datetime": "2024-06-13 18:28:22", "elapsed": 4.9124, "delta": 0.004546}}
{"target": -1550.1544457115451, "params": {"gamma": 8.307682917677353, "lr": 0.15342094116241234}, "datetime": {"datetime": "2024-06-13 18:28:22", "elapsed": 4.917387, "delta": 0.004987}}
{"target": -933.1861781743346, "params": {"gamma": 5.521835936727261, "lr": 0.5681397176921924}, "datetime": {"datetime": "2024-06-13 18:28:22", "elapsed": 4.921375, "delta": 0.003988}}
{"target": -505.12958152843305, "params": {"gamma": 3.434857510993614, "lr": 0.3506171893069536}, "datetime": {"datetime": "2024-06-13 18:28:22", "elapsed": 4.926362, "delta": 0.004987}}
{"target": -1554.0545950033188, "params": {"gamma": 9.591161063174503, "lr": 0.5533439494595207}, "datetime": {"datetime": "2024-06-13 18:28:22", "elapsed": 4.930352, "delta": 0.00399}}
{"target": -923.7906863615707, "params": {"gamma": 6.527659277808647, "lr": 0.4907401164444133}, "datetime": {"datetime": "2024-06-13 18:28:22", "elapsed": 4.934341, "delta": 0.003989}}
{"target": -1149.2838544445817, "params": {"gamma": 6.466853166736234, "lr": 0.605250785507062}, "datetime": {"datetime": "2024-06-13 18:28:22", "elapsed": 4.93833, "delta": 0.003989}}
{"target": -241.50639535231412, "params": {"gamma": 1.452587755908036, "lr": 0.3346805328845932}, "datetime": {"datetime": "2024-06-13 18:28:22", "elapsed": 4.943317, "delta": 0.004987}}
{"target": -1092.02215198105, "params": {"gamma": 4.604879500595876, "lr": 0.12782166160638486}, "datetime": {"datetime": "2024-06-13 18:28:22", "elapsed": 4.947306, "delta": 0.003989}}
{"target": -543.6959177988065, "params": {"gamma": 3.6313701627213772, "lr": 0.22814163429292222}, "datetime": {"datetime": "2024-06-13 18:28:22", "elapsed": 4.951325, "delta": 0.004019}}
{"target": -1208.1229570689036, "params": {"gamma": 8.47517852010175, "lr": 0.34147408002129864}, "datetime": {"datetime": "2024-06-13 18:28:22", "elapsed": 4.955881, "delta": 0.004556}}
{"target": -342.0276440227465, "params": {"gamma": 2.268666417341983, "lr": 0.4081814028522822}, "datetime": {"datetime": "2024-06-13 18:28:22", "elapsed": 4.960394, "delta": 0.004513}}
{"target": -2531.471123422465, "params": {"gamma": 6.830957412174848, "lr": 0.06562199896142484}, "datetime": {"datetime": "2024-06-13 18:28:22", "elapsed": 4.964383, "delta": 0.003989}}
{"target": -384.84918525093406, "params": {"gamma": 1.8081114068162947, "lr": 0.6943069389237286}, "datetime": {"datetime": "2024-06-13 18:28:22", "elapsed": 4.96937, "delta": 0.004987}}
{"target": -1334.3913629103745, "params": {"gamma": 7.522813791436128, "lr": 0.6177542796100679}, "datetime": {"datetime": "2024-06-13 18:28:22", "elapsed": 4.973359, "delta": 0.003989}}
{"target": -1393.5590772977166, "params": {"gamma": 8.792106406805418, "lr": 0.16880019007759361}, "datetime": {"datetime": "2024-06-13 18:28:22", "elapsed": 4.977349, "delta": 0.00399}}
{"target": -1858.990218144035, "params": {"gamma": 7.0357737742820845, "lr": 0.9172601590800086}, "datetime": {"datetime": "2024-06-13 18:28:22", "elapsed": 4.981338, "delta": 0.003989}}
{"target": -258.7191969250327, "params": {"gamma": 1.508245851371479, "lr": 0.24376397739618116}, "datetime": {"datetime": "2024-06-13 18:28:22", "elapsed": 4.986325, "delta": 0.004987}}
{"target": -787.5546780976204, "params": {"gamma": 5.467299036335953, "lr": 0.3441193369759975}, "datetime": {"datetime": "2024-06-13 18:28:22", "elapsed": 4.991342, "delta": 0.005017}}
{"target": -2559.1136876708324, "params": {"gamma": 6.90670016874316, "lr": 0.05756761842510749}, "datetime": {"datetime": "2024-06-13 18:28:22", "elapsed": 4.995329, "delta": 0.003987}}
{"target": -360.7343967461084, "params": {"gamma": 1.6084806590922747, "lr": 0.7162383064796215}, "datetime": {"datetime": "2024-06-13 18:28:22", "elapsed": 4.999319, "delta": 0.00399}}
{"target": -2561.1169347288314, "params": {"gamma": 9.706216365641005, "lr": 0.9295503765123406}, "datetime": {"datetime": "2024-06-13 18:28:22", "elapsed": 5.004311, "delta": 0.004992}}
{"target": -2115.8053830790864, "params": {"gamma": 9.010768867234715, "lr": 0.12774331390359328}, "datetime": {"datetime": "2024-06-13 18:28:22", "elapsed": 5.009264, "delta": 0.004953}}
{"target": -581.0839130309621, "params": {"gamma": 1.4601432517979631, "lr": 0.07226475681487265}, "datetime": {"datetime": "2024-06-13 18:28:22", "elapsed": 5.014251, "delta": 0.004987}}
{"target": -1386.3464954719602, "params": {"gamma": 5.425859791214765, "lr": 0.8824861729023715}, "datetime": {"datetime": "2024-06-13 18:28:22", "elapsed": 5.01824, "delta": 0.003989}}
{"target": -1181.0777494085792, "params": {"gamma": 5.318387208768819, "lr": 0.7817152853959399}, "datetime": {"datetime": "2024-06-13 18:28:22", "elapsed": 5.022229, "delta": 0.003989}}
{"target": -477.8243000379287, "params": {"gamma": 1.8853494153257044, "lr": 0.863111260166335}, "datetime": {"datetime": "2024-06-13 18:28:22", "elapsed": 5.027215, "delta": 0.004986}}
{"target": -729.1625843116648, "params": {"gamma": 1.8750602824827893, "lr": 0.054764126066523255}, "datetime": {"datetime": "2024-06-13 18:28:22", "elapsed": 5.031205, "delta": 0.00399}}
{"target": -695.3669159031389, "params": {"gamma": 4.215488613270554, "lr": 0.5551044300084385}, "datetime": {"datetime": "2024-06-13 18:28:22", "elapsed": 5.035195, "delta": 0.00399}}
{"target": -3448.221381351366, "params": {"gamma": 9.707449353204424, "lr": 0.09175383344119148}, "datetime": {"datetime": "2024-06-13 18:28:22", "elapsed": 5.040181, "delta": 0.004986}}
{"target": -860.131714069579, "params": {"gamma": 2.7399070142023203, "lr": 0.10510706908204948}, "datetime": {"datetime": "2024-06-13 18:28:22", "elapsed": 5.04417, "delta": 0.003989}}
{"target": -466.3536747878564, "params": {"gamma": 3.9050059277394262, "lr": 0.2890110831877697}, "datetime": {"datetime": "2024-06-13 18:28:22", "elapsed": 5.04816, "delta": 0.00399}}
{"target": -740.9802754724819, "params": {"gamma": 5.133490194329599, "lr": 0.348256681750747}, "datetime": {"datetime": "2024-06-13 18:28:22", "elapsed": 5.053146, "delta": 0.004986}}
{"target": -2050.6974994315938, "params": {"gamma": 9.28235195448276, "lr": 0.7899477963830404}, "datetime": {"datetime": "2024-06-13 18:28:22", "elapsed": 5.057136, "delta": 0.00399}}
{"target": -2022.6889189844308, "params": {"gamma": 8.610252674771141, "lr": 0.12950094594289585}, "datetime": {"datetime": "2024-06-13 18:28:22", "elapsed": 5.061125, "delta": 0.003989}}
{"target": -1007.3718327253861, "params": {"gamma": 5.751126599720151, "lr": 0.21478253588485874}, "datetime": {"datetime": "2024-06-13 18:28:22", "elapsed": 5.066111, "delta": 0.004986}}
{"target": -3207.249601708361, "params": {"gamma": 8.682517475837448, "lr": 0.015019421753424078}, "datetime": {"datetime": "2024-06-13 18:28:22", "elapsed": 5.070101, "delta": 0.00399}}
{"target": -192.52773413770095, "params": {"gamma": 1.0583364070853916, "lr": 0.3760570755473156}, "datetime": {"datetime": "2024-06-13 18:28:22", "elapsed": 5.07409, "delta": 0.003989}}
{"target": -518.7844966676611, "params": {"gamma": 4.021536967025843, "lr": 0.2772200829786826}, "datetime": {"datetime": "2024-06-13 18:28:22", "elapsed": 5.079077, "delta": 0.004987}}
{"target": -300.97151263400315, "params": {"gamma": 0.9615339246006319, "lr": 0.11873040511259358}, "datetime": {"datetime": "2024-06-13 18:28:22", "elapsed": 5.083066, "delta": 0.003989}}
{"target": -847.6683798071831, "params": {"gamma": 3.1801295937194918, "lr": 0.9507928340777205}, "datetime": {"datetime": "2024-06-13 18:28:22", "elapsed": 5.087056, "delta": 0.00399}}
{"target": -450.6084124878251, "params": {"gamma": 2.0748582416284203, "lr": 0.7472803210592225}, "datetime": {"datetime": "2024-06-13 18:28:22", "elapsed": 5.092042, "delta": 0.004986}}
{"target": -984.1062427274487, "params": {"gamma": 2.5826284514108324, "lr": 0.03724025561078481}, "datetime": {"datetime": "2024-06-13 18:28:22", "elapsed": 5.096031, "delta": 0.003989}}
