{"target": -141.80444722682157, "params": {"gamma": 0.518425063389165, "prior": 8.023345278411995, "rate": 1.8127106900062346}, "datetime": {"datetime": "2024-06-14 05:32:55", "elapsed": 17.383953, "delta": 0.009974}}
{"target": -309.3310508501674, "params": {"gamma": 6.687743802830694, "prior": 8.370179976185053, "rate": 9.648000771149587}, "datetime": {"datetime": "2024-06-14 05:32:55", "elapsed": 17.393926, "delta": 0.009973}}
{"target": -122.43661888243793, "params": {"gamma": 1.2693322409733296, "prior": 5.2807820848604825, "rate": 8.506259835578277}, "datetime": {"datetime": "2024-06-14 05:32:55", "elapsed": 17.4039, "delta": 0.009974}}
{"target": -258.7568572718566, "params": {"gamma": 5.376554931110454, "prior": 7.327460113254701, "rate": 7.854811002586698}, "datetime": {"datetime": "2024-06-14 05:32:55", "elapsed": 17.413873, "delta": 0.009973}}
{"target": -370.7066171325279, "params": {"gamma": 8.36611885215124, "prior": 6.698671028783691, "rate": 8.977494158102747}, "datetime": {"datetime": "2024-06-14 05:32:55", "elapsed": 17.424844, "delta": 0.010971}}
{"target": -326.98371052657086, "params": {"gamma": 6.4782645488662265, "prior": 9.451910164511617, "rate": 6.293354520653859}, "datetime": {"datetime": "2024-06-14 05:32:55", "elapsed": 17.434817, "delta": 0.009973}}
{"target": -444.160732347052, "params": {"gamma": 8.724413810278625, "prior": 5.996988068238829, "rate": 3.4441454939220204}, "datetime": {"datetime": "2024-06-14 05:32:55", "elapsed": 17.44479, "delta": 0.009973}}
{"target": -463.28971907587027, "params": {"gamma": 8.134761405617539, "prior": 4.380572177078845, "rate": 1.26633005871915}, "datetime": {"datetime": "2024-06-14 05:32:55", "elapsed": 17.455761, "delta": 0.010971}}
{"target": -479.31046049205463, "params": {"gamma": 9.685718757922707, "prior": 8.540378886592336, "rate": 5.613032976457021}, "datetime": {"datetime": "2024-06-14 05:32:55", "elapsed": 17.465734, "delta": 0.009973}}
{"target": -412.3701296386645, "params": {"gamma": 6.70645236332923, "prior": 9.97746979690073, "rate": 1.6139258941379875}, "datetime": {"datetime": "2024-06-14 05:32:55", "elapsed": 17.475707, "delta": 0.009973}}
{"target": -250.9236271260302, "params": {"gamma": 5.345865061083275, "prior": 3.9706892074339746, "rate": 5.411934552410746}, "datetime": {"datetime": "2024-06-14 05:32:55", "elapsed": 17.486678, "delta": 0.010971}}
{"target": -123.82429097656572, "params": {"gamma": 1.0346751548979976, "prior": 4.463348355283198, "rate": 4.615179910338178}, "datetime": {"datetime": "2024-06-14 05:32:55", "elapsed": 17.496651, "delta": 0.009973}}
{"target": -289.94025917663953, "params": {"gamma": 5.959320550265768, "prior": 6.657514292740112, "rate": 5.9019035859365445}, "datetime": {"datetime": "2024-06-14 05:32:55", "elapsed": 17.506625, "delta": 0.009974}}
{"target": -356.914394826824, "params": {"gamma": 7.294098218201382, "prior": 5.850935976242481, "rate": 4.431587983023527}, "datetime": {"datetime": "2024-06-14 05:32:55", "elapsed": 17.516598, "delta": 0.009973}}
{"target": -271.5043083564385, "params": {"gamma": 4.968387656954369, "prior": 4.3578792885960675, "rate": 2.1015284571954447}, "datetime": {"datetime": "2024-06-14 05:32:55", "elapsed": 17.527569, "delta": 0.010971}}
{"target": -147.62818482637246, "params": {"gamma": 2.268784360438243, "prior": 4.628147893294655, "rate": 4.336093573615487}, "datetime": {"datetime": "2024-06-14 05:32:55", "elapsed": 17.537542, "delta": 0.009973}}
{"target": -341.55648897961703, "params": {"gamma": 7.793058306926475, "prior": 4.266497925247028, "rate": 6.734009957010978}, "datetime": {"datetime": "2024-06-14 05:32:55", "elapsed": 17.547515, "delta": 0.009973}}
{"target": -134.00324759184934, "params": {"gamma": 1.6612208005950855, "prior": 8.258183945490565, "rate": 6.8543823546258436}, "datetime": {"datetime": "2024-06-14 05:32:55", "elapsed": 17.558486, "delta": 0.010971}}
{"target": -341.2834663791879, "params": {"gamma": 7.890734933535461, "prior": 3.6588964274812152, "rate": 6.62582745539401}, "datetime": {"datetime": "2024-06-14 05:32:55", "elapsed": 17.56846, "delta": 0.009974}}
{"target": -143.52887991306162, "params": {"gamma": 2.1716875482551337, "prior": 2.287957296922715, "rate": 2.4253252674042707}, "datetime": {"datetime": "2024-06-14 05:32:55", "elapsed": 17.578433, "delta": 0.009973}}
{"target": -152.12549838005637, "params": {"gamma": 2.646618581923333, "prior": 4.143278360424636, "rate": 8.287125786730796}, "datetime": {"datetime": "2024-06-14 05:32:55", "elapsed": 17.588407, "delta": 0.009974}}
{"target": -557.9125965367554, "params": {"gamma": 9.474248122372826, "prior": 6.361334167652156, "rate": 1.348256625665745}, "datetime": {"datetime": "2024-06-14 05:32:55", "elapsed": 17.599377, "delta": 0.01097}}
{"target": -247.76298635662718, "params": {"gamma": 4.200514533381073, "prior": 9.36823535020746, "rate": 3.206122209008569}, "datetime": {"datetime": "2024-06-14 05:32:55", "elapsed": 17.60935, "delta": 0.009973}}
{"target": -329.8258857408374, "params": {"gamma": 6.1931905794918185, "prior": 9.357823108034191, "rate": 4.607362678122438}, "datetime": {"datetime": "2024-06-14 05:32:55", "elapsed": 17.619324, "delta": 0.009974}}
{"target": -245.56342068120665, "params": {"gamma": 5.004490142114326, "prior": 9.19506772656131, "rate": 9.298305886525743}, "datetime": {"datetime": "2024-06-14 05:32:55", "elapsed": 17.629297, "delta": 0.009973}}
{"target": -402.6255877357802, "params": {"gamma": 9.04496424702233, "prior": 5.184981853710656, "rate": 6.398472694701441}, "datetime": {"datetime": "2024-06-14 05:32:55", "elapsed": 17.640268, "delta": 0.010971}}
{"target": -260.9042395838858, "params": {"gamma": 5.890472752605639, "prior": 1.6690987172854312, "rate": 6.234866594810311}, "datetime": {"datetime": "2024-06-14 05:32:55", "elapsed": 17.650241, "delta": 0.009973}}
{"target": -170.97358438715506, "params": {"gamma": 3.1921240844594263, "prior": 1.3942814559414822, "rate": 2.1508150426858728}, "datetime": {"datetime": "2024-06-14 05:32:55", "elapsed": 17.660402, "delta": 0.010161}}
{"target": -173.9737053353283, "params": {"gamma": 3.1372893115280216, "prior": 9.519372827689537, "rate": 9.907680849822357}, "datetime": {"datetime": "2024-06-14 05:32:55", "elapsed": 17.670376, "delta": 0.009974}}
{"target": -400.12262647879334, "params": {"gamma": 8.668996751551681, "prior": 4.672423692173761, "rate": 4.656706908529602}, "datetime": {"datetime": "2024-06-14 05:32:55", "elapsed": 17.680349, "delta": 0.009973}}
{"target": -335.66576842459494, "params": {"gamma": 7.647520341309665, "prior": 1.074239963450954, "rate": 9.940379659168363}, "datetime": {"datetime": "2024-06-14 05:32:55", "elapsed": 17.69132, "delta": 0.010971}}
{"target": -298.8063540995963, "params": {"gamma": 6.9224566172976845, "prior": 3.0629283412837927, "rate": 9.088573077112654}, "datetime": {"datetime": "2024-06-14 05:32:55", "elapsed": 17.701322, "delta": 0.010002}}
{"target": -262.6152622299216, "params": {"gamma": 5.526235888770702, "prior": 0.9433807768511864, "rate": 1.0833491863453326}, "datetime": {"datetime": "2024-06-14 05:32:55", "elapsed": 17.711266, "delta": 0.009944}}
{"target": -144.25939032256545, "params": {"gamma": 0.3176168877888321, "prior": 2.240327888608129, "rate": 0.51508803577319}, "datetime": {"datetime": "2024-06-14 05:32:55", "elapsed": 17.721239, "delta": 0.009973}}
{"target": -233.1172279576078, "params": {"gamma": 5.103214380152735, "prior": 0.9211098493361365, "rate": 4.431779707933526}, "datetime": {"datetime": "2024-06-14 05:32:55", "elapsed": 17.73221, "delta": 0.010971}}
{"target": -152.91815662598518, "params": {"gamma": 2.362771206680796, "prior": 5.6412349065280925, "rate": 4.390238946627599}, "datetime": {"datetime": "2024-06-14 05:32:55", "elapsed": 17.742184, "delta": 0.009974}}
{"target": -415.27176970239134, "params": {"gamma": 8.375567087137503, "prior": 3.4317930698460395, "rate": 2.3030862375648358}, "datetime": {"datetime": "2024-06-14 05:32:55", "elapsed": 17.752157, "delta": 0.009973}}
{"target": -608.1012659841947, "params": {"gamma": 9.401218217622588, "prior": 4.71700059437067, "rate": 0.2825494345653465}, "datetime": {"datetime": "2024-06-14 05:32:55", "elapsed": 17.763128, "delta": 0.010971}}
{"target": -134.57330637430167, "params": {"gamma": 0.7952844018626734, "prior": 5.600160498896482, "rate": 2.1085032523654648}, "datetime": {"datetime": "2024-06-14 05:32:55", "elapsed": 17.777963, "delta": 0.014835}}
{"target": -122.76389723320646, "params": {"gamma": 1.4832079169213832, "prior": 2.03577051385278, "rate": 7.4477447466406055}, "datetime": {"datetime": "2024-06-14 05:32:55", "elapsed": 17.78993, "delta": 0.011967}}
{"target": -402.04326236892604, "params": {"gamma": 9.490190594750429, "prior": 1.3808418827316682, "rate": 8.797922693851072}, "datetime": {"datetime": "2024-06-14 05:32:55", "elapsed": 17.799904, "delta": 0.009974}}
{"target": -448.10985390740535, "params": {"gamma": 7.119486308304545, "prior": 5.612748843111474, "rate": 0.6711193665390025}, "datetime": {"datetime": "2024-06-14 05:32:55", "elapsed": 17.810875, "delta": 0.010971}}
{"target": -370.4760614071697, "params": {"gamma": 7.877623428379662, "prior": 8.141573527504782, "rate": 7.546064084925807}, "datetime": {"datetime": "2024-06-14 05:32:56", "elapsed": 17.821846, "delta": 0.010971}}
{"target": -281.1023602023205, "params": {"gamma": 5.5053451266130216, "prior": 6.352887453044348, "rate": 4.367192277935727}, "datetime": {"datetime": "2024-06-14 05:32:56", "elapsed": 17.831819, "delta": 0.009973}}
{"target": -163.73912681751844, "params": {"gamma": 3.079162242084743, "prior": 2.1563415656940617, "rate": 7.70783813326756}, "datetime": {"datetime": "2024-06-14 05:32:56", "elapsed": 17.841792, "delta": 0.009973}}
{"target": -441.2591587566037, "params": {"gamma": 9.347823400996651, "prior": 6.253005567983246, "rate": 5.342940039040913}, "datetime": {"datetime": "2024-06-14 05:32:56", "elapsed": 17.852763, "delta": 0.010971}}
{"target": -374.44017707659424, "params": {"gamma": 8.832821399586447, "prior": 0.543549432321984, "rate": 3.027452733825171}, "datetime": {"datetime": "2024-06-14 05:32:56", "elapsed": 17.862736, "delta": 0.009973}}
{"target": -192.97515542725924, "params": {"gamma": 3.825328639516465, "prior": 0.4078849577947824, "rate": 5.199809613230569}, "datetime": {"datetime": "2024-06-14 05:32:56", "elapsed": 17.873707, "delta": 0.010971}}
{"target": -464.323112131176, "params": {"gamma": 9.40582357294277, "prior": 7.992725691934161, "rate": 5.351408522523899}, "datetime": {"datetime": "2024-06-14 05:32:56", "elapsed": 17.88368, "delta": 0.009973}}
{"target": -380.9913640094732, "params": {"gamma": 6.7657338580782405, "prior": 7.873824709873373, "rate": 2.611671926966363}, "datetime": {"datetime": "2024-06-14 05:32:56", "elapsed": 17.893653, "delta": 0.009973}}
{"target": -160.446843495724, "params": {"gamma": 2.757360350509144, "prior": 6.091715488473178, "rate": 6.74213697673649}, "datetime": {"datetime": "2024-06-14 05:32:56", "elapsed": 17.903627, "delta": 0.009974}}
{"target": -151.5484681760075, "params": {"gamma": 0.037131121203666864, "prior": 8.571439691934431, "rate": 1.4499755526920097}, "datetime": {"datetime": "2024-06-14 05:32:56", "elapsed": 17.914597, "delta": 0.01097}}
{"target": -388.5080486985853, "params": {"gamma": 5.124009381904939, "prior": 5.6655858482099735, "rate": 0.07290430277148773}, "datetime": {"datetime": "2024-06-14 05:32:56", "elapsed": 17.924571, "delta": 0.009974}}
{"target": -212.1619904651161, "params": {"gamma": 4.289076528699282, "prior": 5.384053388047638, "rate": 6.907376297071434}, "datetime": {"datetime": "2024-06-14 05:32:56", "elapsed": 17.934544, "delta": 0.009973}}
{"target": -377.6362825440197, "params": {"gamma": 9.031835670784622, "prior": 0.7787551523432098, "rate": 2.8317040472904758}, "datetime": {"datetime": "2024-06-14 05:32:56", "elapsed": 17.944517, "delta": 0.009973}}
{"target": -247.56948093276768, "params": {"gamma": 5.279795197202099, "prior": 2.9733261504001245, "rate": 4.201892734282735}, "datetime": {"datetime": "2024-06-14 05:32:56", "elapsed": 17.955488, "delta": 0.010971}}
{"target": -430.8315104515832, "params": {"gamma": 9.820547479625972, "prior": 0.6636402718702625, "rate": 9.289203208835787}, "datetime": {"datetime": "2024-06-14 05:32:56", "elapsed": 17.965462, "delta": 0.009974}}
{"target": -318.95242606106433, "params": {"gamma": 6.680114161371072, "prior": 5.035947408040653, "rate": 4.647506170595227}, "datetime": {"datetime": "2024-06-14 05:32:56", "elapsed": 17.976432, "delta": 0.01097}}
{"target": -293.0146131974295, "params": {"gamma": 5.589785773928347, "prior": 2.9867128566196963, "rate": 1.7188330067587443}, "datetime": {"datetime": "2024-06-14 05:32:56", "elapsed": 17.986406, "delta": 0.009974}}
{"target": -326.8876630821789, "params": {"gamma": 6.197786816831587, "prior": 9.885925228469835, "rate": 5.162690424583267}, "datetime": {"datetime": "2024-06-14 05:32:56", "elapsed": 17.996379, "delta": 0.009973}}
{"target": -370.18518404561104, "params": {"gamma": 6.710412491894106, "prior": 5.243372538798067, "rate": 2.0011085780511912}, "datetime": {"datetime": "2024-06-14 05:32:56", "elapsed": 18.006352, "delta": 0.009973}}
{"target": -291.49020133983714, "params": {"gamma": 5.787379979419437, "prior": 9.583007643759036, "rate": 6.924549114998262}, "datetime": {"datetime": "2024-06-14 05:32:56", "elapsed": 18.016325, "delta": 0.009973}}
{"target": -133.98700284967347, "params": {"gamma": 0.274342053750928, "prior": 3.6948761925389584, "rate": 6.33921964079754}, "datetime": {"datetime": "2024-06-14 05:32:56", "elapsed": 18.026441, "delta": 0.010116}}
{"target": -256.56821392016093, "params": {"gamma": 5.67116400617658, "prior": 1.301203739015265, "rate": 9.364796358912931}, "datetime": {"datetime": "2024-06-14 05:32:56", "elapsed": 18.037412, "delta": 0.010971}}
{"target": -202.50412679132972, "params": {"gamma": 3.938997493293488, "prior": 7.319700947932855, "rate": 7.857086866488291}, "datetime": {"datetime": "2024-06-14 05:32:56", "elapsed": 18.047385, "delta": 0.009973}}
{"target": -146.0351619090798, "params": {"gamma": 2.1307142258890264, "prior": 6.659980991963436, "rate": 5.2341476294898825}, "datetime": {"datetime": "2024-06-14 05:32:56", "elapsed": 18.058355, "delta": 0.01097}}
{"target": -137.87211669068242, "params": {"gamma": 1.783794004691899, "prior": 7.212564495824819, "rate": 5.406224528163018}, "datetime": {"datetime": "2024-06-14 05:32:56", "elapsed": 18.06933, "delta": 0.010975}}
{"target": -139.33477288221587, "params": {"gamma": 2.1417238051544096, "prior": 4.238811933822576, "rate": 6.8079344253726966}, "datetime": {"datetime": "2024-06-14 05:32:56", "elapsed": 18.0793, "delta": 0.00997}}
{"target": -430.3458132005251, "params": {"gamma": 9.937621475494428, "prior": 5.5295345252227435, "rate": 7.939406449739636}, "datetime": {"datetime": "2024-06-14 05:32:56", "elapsed": 18.089274, "delta": 0.009974}}
{"target": -174.32337188006753, "params": {"gamma": 3.3064511453666356, "prior": 5.164454283417241, "rate": 8.350414978664054}, "datetime": {"datetime": "2024-06-14 05:32:56", "elapsed": 18.100244, "delta": 0.01097}}
{"target": -405.20819135355754, "params": {"gamma": 9.704609444607442, "prior": 1.8668728599484044, "rate": 8.513224576444088}, "datetime": {"datetime": "2024-06-14 05:32:56", "elapsed": 18.110217, "delta": 0.009973}}
{"target": -486.29014218418877, "params": {"gamma": 9.8839813130555, "prior": 4.559573957621887, "rate": 3.0802934792591}, "datetime": {"datetime": "2024-06-14 05:32:56", "elapsed": 18.120445, "delta": 0.010228}}
{"target": -382.53787848520903, "params": {"gamma": 9.124683586378131, "prior": 2.2765865789701447, "rate": 9.88264881287327}, "datetime": {"datetime": "2024-06-14 05:32:56", "elapsed": 18.131415, "delta": 0.01097}}
{"target": -201.24425975403653, "params": {"gamma": 4.016014561459776, "prior": 1.0131129142505106, "rate": 1.368611993565815}, "datetime": {"datetime": "2024-06-14 05:32:56", "elapsed": 18.141388, "delta": 0.009973}}
{"target": -220.64211217255271, "params": {"gamma": 4.771246207156717, "prior": 0.7033829612030654, "rate": 2.519602463648642}, "datetime": {"datetime": "2024-06-14 05:32:56", "elapsed": 18.151362, "delta": 0.009974}}
{"target": -367.36168573062423, "params": {"gamma": 7.950227595281238, "prior": 7.874786065977949, "rate": 8.108387517165163}, "datetime": {"datetime": "2024-06-14 05:32:56", "elapsed": 18.162333, "delta": 0.010971}}
{"target": -129.35626078514815, "params": {"gamma": 0.4635818527703097, "prior": 7.687845099749461, "rate": 8.068658621836198}, "datetime": {"datetime": "2024-06-14 05:32:56", "elapsed": 18.172306, "delta": 0.009973}}
{"target": -139.79531757403217, "params": {"gamma": 0.1614807233633352, "prior": 3.9741465501415574, "rate": 8.655905140222567}, "datetime": {"datetime": "2024-06-14 05:32:56", "elapsed": 18.182279, "delta": 0.009973}}
{"target": -483.3969293454936, "params": {"gamma": 9.58478787486283, "prior": 9.203960219040058, "rate": 5.470332354994583}, "datetime": {"datetime": "2024-06-14 05:32:56", "elapsed": 18.193249, "delta": 0.01097}}
{"target": -173.22636591638468, "params": {"gamma": 3.0999028075571977, "prior": 5.933723461468355, "rate": 5.960308888277244}, "datetime": {"datetime": "2024-06-14 05:32:56", "elapsed": 18.203223, "delta": 0.009974}}
{"target": -299.39544137167405, "params": {"gamma": 6.645853962048891, "prior": 5.949068744119219, "rate": 8.680686431625688}, "datetime": {"datetime": "2024-06-14 05:32:56", "elapsed": 18.213196, "delta": 0.009973}}
{"target": -268.16056357327636, "params": {"gamma": 3.740404346465307, "prior": 2.51576369972239, "rate": 0.20584523782095557}, "datetime": {"datetime": "2024-06-14 05:32:56", "elapsed": 18.22396, "delta": 0.010764}}
{"target": -145.23844013527656, "params": {"gamma": 2.3276534032092466, "prior": 1.6998563265328037, "rate": 2.382365800220145}, "datetime": {"datetime": "2024-06-14 05:32:56", "elapsed": 18.233931, "delta": 0.009971}}
{"target": -490.9129306255638, "params": {"gamma": 8.809750700685962, "prior": 7.342834380593291, "rate": 2.4346474261497026}, "datetime": {"datetime": "2024-06-14 05:32:56", "elapsed": 18.243904, "delta": 0.009973}}
{"target": -387.4242740141509, "params": {"gamma": 7.93074966579814, "prior": 5.486796446527367, "rate": 4.065455958505244}, "datetime": {"datetime": "2024-06-14 05:32:56", "elapsed": 18.254875, "delta": 0.010971}}
{"target": -164.92554375937675, "params": {"gamma": 2.0588168270783345, "prior": 3.1762456147307865, "rate": 0.7933859337786535}, "datetime": {"datetime": "2024-06-14 05:32:56", "elapsed": 18.264848, "delta": 0.009973}}
{"target": -158.82086259582059, "params": {"gamma": 2.3370014693504007, "prior": 6.690938823288298, "rate": 3.510850519903707}, "datetime": {"datetime": "2024-06-14 05:32:56", "elapsed": 18.27537, "delta": 0.010522}}
{"target": -383.53964651566446, "params": {"gamma": 8.197382234314826, "prior": 6.645433517996546, "rate": 6.243886676338824}, "datetime": {"datetime": "2024-06-14 05:32:56", "elapsed": 18.285344, "delta": 0.009974}}
{"target": -208.1093855349435, "params": {"gamma": 4.203358120025224, "prior": 6.485522600358745, "rate": 8.748431716742354}, "datetime": {"datetime": "2024-06-14 05:32:56", "elapsed": 18.322502, "delta": 0.037158}}
{"target": -165.55621350588015, "params": {"gamma": 3.1134152627298404, "prior": 3.493245069587299, "rate": 8.486942886026812}, "datetime": {"datetime": "2024-06-14 05:32:56", "elapsed": 18.332475, "delta": 0.009973}}
{"target": -324.3032719498893, "params": {"gamma": 5.2994112343421165, "prior": 9.24451206335198, "rate": 1.876341924396167}, "datetime": {"datetime": "2024-06-14 05:32:56", "elapsed": 18.343446, "delta": 0.010971}}
{"target": -184.97963837699808, "params": {"gamma": 2.149517739976633, "prior": 8.638341582747344, "rate": 0.9958043191607387}, "datetime": {"datetime": "2024-06-14 05:32:56", "elapsed": 18.35342, "delta": 0.009974}}
{"target": -240.12756622542838, "params": {"gamma": 4.717152090529902, "prior": 8.410095236823695, "rate": 6.937672299169015}, "datetime": {"datetime": "2024-06-14 05:32:56", "elapsed": 18.363393, "delta": 0.009973}}
{"target": -215.50484409237148, "params": {"gamma": 4.622952603534849, "prior": 1.7354650920880788, "rate": 5.508608102481257}, "datetime": {"datetime": "2024-06-14 05:32:56", "elapsed": 18.374363, "delta": 0.01097}}
{"target": -633.0323590492243, "params": {"gamma": 9.879798710108535, "prior": 8.071059692189767, "rate": 0.5502334117385274}, "datetime": {"datetime": "2024-06-14 05:32:56", "elapsed": 18.384337, "delta": 0.009974}}
{"target": -426.51575059834664, "params": {"gamma": 7.109572833570658, "prior": 9.768501118223332, "rate": 1.9345458616173425}, "datetime": {"datetime": "2024-06-14 05:32:56", "elapsed": 18.39431, "delta": 0.009973}}
{"target": -397.3857595575785, "params": {"gamma": 9.564120655508974, "prior": 2.4101209180042362, "rate": 8.194158826769996}, "datetime": {"datetime": "2024-06-14 05:32:56", "elapsed": 18.405281, "delta": 0.010971}}
{"target": -132.86705163333966, "params": {"gamma": 1.495037423229105, "prior": 5.18963690755791, "rate": 3.64078281665956}, "datetime": {"datetime": "2024-06-14 05:32:56", "elapsed": 18.415254, "delta": 0.009973}}
{"target": -290.78171285210345, "params": {"gamma": 6.707204581969504, "prior": 1.8732591939869123, "rate": 5.7979036601822145}, "datetime": {"datetime": "2024-06-14 05:32:56", "elapsed": 18.425411, "delta": 0.010157}}
{"target": -150.56066384002636, "params": {"gamma": 0.02523445285068334, "prior": 4.313976928799815, "rate": 5.158416296806499}, "datetime": {"datetime": "2024-06-14 05:32:56", "elapsed": 18.435384, "delta": 0.009973}}
{"target": -521.8490302361377, "params": {"gamma": 8.378128201572276, "prior": 7.600612871411063, "rate": 0.9198244994151032}, "datetime": {"datetime": "2024-06-14 05:32:56", "elapsed": 18.446354, "delta": 0.01097}}
