{"target": -894.1572698527127, "params": {"gamma": 5.336999796367143, "lr": 0.31446701118584963}, "datetime": {"datetime": "2024-06-13 18:39:22", "elapsed": 0.837309, "delta": 0.003989}}
{"target": -1265.114693277115, "params": {"gamma": 9.1078175389072, "lr": 0.36655664385123443}, "datetime": {"datetime": "2024-06-13 18:39:22", "elapsed": 0.840301, "delta": 0.002992}}
{"target": -781.4580723893461, "params": {"gamma": 4.336489680404373, "lr": 0.5122926922783614}, "datetime": {"datetime": "2024-06-13 18:39:22", "elapsed": 0.84429, "delta": 0.003989}}
{"target": -4451.991596393188, "params": {"gamma": 9.388925887219763, "lr": 0.030949006271150714}, "datetime": {"datetime": "2024-06-13 18:39:22", "elapsed": 0.84828, "delta": 0.00399}}
{"target": -2164.7882021070964, "params": {"gamma": 7.1690697576532605, "lr": 0.8910189542923389}, "datetime": {"datetime": "2024-06-13 18:39:22", "elapsed": 0.851272, "delta": 0.002992}}
{"target": -150.92918561204368, "params": {"gamma": 0.2738449479511707, "lr": 0.5220512472525107}, "datetime": {"datetime": "2024-06-13 18:39:22", "elapsed": 0.855261, "delta": 0.003989}}
{"target": -965.2811058453924, "params": {"gamma": 3.2605721278884827, "lr": 0.8594893208655858}, "datetime": {"datetime": "2024-06-13 18:39:22", "elapsed": 0.85925, "delta": 0.003989}}
{"target": -1292.546988476234, "params": {"gamma": 5.585606992674257, "lr": 0.6902278681627478}, "datetime": {"datetime": "2024-06-13 18:39:22", "elapsed": 0.862243, "delta": 0.002993}}
{"target": -894.9187255396777, "params": {"gamma": 4.529082146015424, "lr": 0.6283090375213571}, "datetime": {"datetime": "2024-06-13 18:39:22", "elapsed": 0.865853, "delta": 0.00361}}
{"target": -1397.9176700201408, "params": {"gamma": 2.901678420022571, "lr": 0.009348577966515781}, "datetime": {"datetime": "2024-06-13 18:39:22", "elapsed": 0.86984, "delta": 0.003987}}
{"target": -964.0297023763566, "params": {"gamma": 5.767982593935921, "lr": 0.3114442141324628}, "datetime": {"datetime": "2024-06-13 18:39:22", "elapsed": 0.872832, "delta": 0.002992}}
{"target": -1589.7435707693228, "params": {"gamma": 5.1731587174127975, "lr": 0.9164058530538978}, "datetime": {"datetime": "2024-06-13 18:39:22", "elapsed": 0.876822, "delta": 0.00399}}
{"target": -579.0168610491559, "params": {"gamma": 4.265321410225459, "lr": 0.2473960366023854}, "datetime": {"datetime": "2024-06-13 18:39:22", "elapsed": 0.880811, "delta": 0.003989}}
{"target": -1178.0699272878715, "params": {"gamma": 3.7135663190292654, "lr": 0.9318611166365406}, "datetime": {"datetime": "2024-06-13 18:39:22", "elapsed": 0.883803, "delta": 0.002992}}
{"target": -2614.6014458034015, "params": {"gamma": 9.368746944709628, "lr": 0.8443299485657132}, "datetime": {"datetime": "2024-06-13 18:39:22", "elapsed": 0.887792, "delta": 0.003989}}
{"target": -1202.2314670177966, "params": {"gamma": 9.202144936542298, "lr": 0.22790028995131695}, "datetime": {"datetime": "2024-06-13 18:39:22", "elapsed": 0.890784, "delta": 0.002992}}
{"target": -184.36592922050326, "params": {"gamma": 0.8757346133263552, "lr": 0.22730973628468876}, "datetime": {"datetime": "2024-06-13 18:39:22", "elapsed": 0.894803, "delta": 0.004019}}
{"target": -674.2130159889667, "params": {"gamma": 3.1444517845243904, "lr": 0.17476587635631158}, "datetime": {"datetime": "2024-06-13 18:39:22", "elapsed": 0.897765, "delta": 0.002962}}
{"target": -997.837304664419, "params": {"gamma": 6.071334525562633, "lr": 0.41358641500116133}, "datetime": {"datetime": "2024-06-13 18:39:22", "elapsed": 0.901755, "delta": 0.00399}}
{"target": -1613.4313268052756, "params": {"gamma": 8.163698766760314, "lr": 0.18513039826903066}, "datetime": {"datetime": "2024-06-13 18:39:22", "elapsed": 0.905744, "delta": 0.003989}}
{"target": -926.1858460644494, "params": {"gamma": 7.019063421033349, "lr": 0.24035562484913886}, "datetime": {"datetime": "2024-06-13 18:39:22", "elapsed": 0.908736, "delta": 0.002992}}
{"target": -830.2142237243154, "params": {"gamma": 5.742616669319757, "lr": 0.34898759722078887}, "datetime": {"datetime": "2024-06-13 18:39:22", "elapsed": 0.912842, "delta": 0.004106}}
{"target": -161.65370581504078, "params": {"gamma": 0.5705870304288444, "lr": 0.22881367096037586}, "datetime": {"datetime": "2024-06-13 18:39:22", "elapsed": 0.916347, "delta": 0.003505}}
{"target": -1031.5517481025847, "params": {"gamma": 6.641361450992581, "lr": 0.4972500933605313}, "datetime": {"datetime": "2024-06-13 18:39:22", "elapsed": 0.919339, "delta": 0.002992}}
{"target": -1093.7945703916992, "params": {"gamma": 5.190640824752714, "lr": 0.1747201501089225}, "datetime": {"datetime": "2024-06-13 18:39:22", "elapsed": 0.923328, "delta": 0.003989}}
{"target": -1800.7353959228728, "params": {"gamma": 5.7075877996110185, "lr": 0.99675342520821}, "datetime": {"datetime": "2024-06-13 18:39:22", "elapsed": 0.927317, "delta": 0.003989}}
{"target": -1436.8697726560385, "params": {"gamma": 8.168534252807428, "lr": 0.5943726238309778}, "datetime": {"datetime": "2024-06-13 18:39:22", "elapsed": 0.930309, "delta": 0.002992}}
{"target": -2941.8857663339118, "params": {"gamma": 9.759914694240718, "lr": 0.9015625846693213}, "datetime": {"datetime": "2024-06-13 18:39:22", "elapsed": 0.934298, "delta": 0.003989}}
{"target": -2835.3764524435283, "params": {"gamma": 5.956483728092853, "lr": 0.032426325314457105}, "datetime": {"datetime": "2024-06-13 18:39:22", "elapsed": 0.938319, "delta": 0.004021}}
{"target": -483.4212848273007, "params": {"gamma": 0.93667738107899, "lr": 0.06537171504222639}, "datetime": {"datetime": "2024-06-13 18:39:22", "elapsed": 0.941312, "delta": 0.002993}}
{"target": -723.0222807053932, "params": {"gamma": 4.517879753766062, "lr": 0.37543483316785775}, "datetime": {"datetime": "2024-06-13 18:39:22", "elapsed": 0.946267, "delta": 0.004955}}
{"target": -2035.5950626284935, "params": {"gamma": 9.753524992668595, "lr": 0.1679832931996149}, "datetime": {"datetime": "2024-06-13 18:39:22", "elapsed": 0.952251, "delta": 0.005984}}
{"target": -2388.194084969679, "params": {"gamma": 9.72790313173462, "lr": 0.7674748688630131}, "datetime": {"datetime": "2024-06-13 18:39:22", "elapsed": 0.958235, "delta": 0.005984}}
{"target": -1604.9287948259948, "params": {"gamma": 8.242554158405353, "lr": 0.6326158167779973}, "datetime": {"datetime": "2024-06-13 18:39:22", "elapsed": 0.964219, "delta": 0.005984}}
{"target": -1038.5543370023508, "params": {"gamma": 6.6876589692971145, "lr": 0.47688233352119336}, "datetime": {"datetime": "2024-06-13 18:39:22", "elapsed": 0.969206, "delta": 0.004987}}
{"target": -145.9681584009716, "params": {"gamma": 0.13235043287379938, "lr": 0.3530060855418248}, "datetime": {"datetime": "2024-06-13 18:39:22", "elapsed": 0.972198, "delta": 0.002992}}
{"target": -1165.473189834137, "params": {"gamma": 4.9212259431340915, "lr": 0.7300912110901043}, "datetime": {"datetime": "2024-06-13 18:39:22", "elapsed": 0.976187, "delta": 0.003989}}
{"target": -736.4723771962384, "params": {"gamma": 4.686814799118347, "lr": 0.4574049160894317}, "datetime": {"datetime": "2024-06-13 18:39:22", "elapsed": 0.98317, "delta": 0.006983}}
{"target": -685.5566777298102, "params": {"gamma": 1.377489746715086, "lr": 0.01088873380347899}, "datetime": {"datetime": "2024-06-13 18:39:22", "elapsed": 0.99015, "delta": 0.00698}}
{"target": -1258.6852384506485, "params": {"gamma": 7.583024326509486, "lr": 0.3199528380776784}, "datetime": {"datetime": "2024-06-13 18:39:22", "elapsed": 0.994139, "delta": 0.003989}}
{"target": -1743.4022221988982, "params": {"gamma": 9.843850118484914, "lr": 0.220234226159156}, "datetime": {"datetime": "2024-06-13 18:39:22", "elapsed": 0.998128, "delta": 0.003989}}
{"target": -617.6592125962472, "params": {"gamma": 3.387741546791315, "lr": 0.5238961356661317}, "datetime": {"datetime": "2024-06-13 18:39:22", "elapsed": 1.002119, "delta": 0.003991}}
{"target": -1168.908996737748, "params": {"gamma": 7.549159679148268, "lr": 0.46385778390029564}, "datetime": {"datetime": "2024-06-13 18:39:22", "elapsed": 1.006107, "delta": 0.003988}}
{"target": -253.87320337963072, "params": {"gamma": 1.2491006085736511, "lr": 0.3125013784920495}, "datetime": {"datetime": "2024-06-13 18:39:22", "elapsed": 1.009099, "delta": 0.002992}}
{"target": -1170.4247233977205, "params": {"gamma": 5.045687177840246, "lr": 0.6738490080168676}, "datetime": {"datetime": "2024-06-13 18:39:22", "elapsed": 1.013089, "delta": 0.00399}}
{"target": -2162.6004333090755, "params": {"gamma": 7.70172941316461, "lr": 0.13033578095435427}, "datetime": {"datetime": "2024-06-13 18:39:22", "elapsed": 1.017078, "delta": 0.003989}}
{"target": -149.12498098334535, "params": {"gamma": 0.23012839809249527, "lr": 0.5190823222119895}, "datetime": {"datetime": "2024-06-13 18:39:22", "elapsed": 1.021067, "delta": 0.003989}}
{"target": -3844.949542342759, "params": {"gamma": 8.1000771179135, "lr": 0.012603767029876312}, "datetime": {"datetime": "2024-06-13 18:39:22", "elapsed": 1.024059, "delta": 0.002992}}
{"target": -1550.4308225549933, "params": {"gamma": 6.725025976692686, "lr": 0.6868082266569918}, "datetime": {"datetime": "2024-06-13 18:39:22", "elapsed": 1.028048, "delta": 0.003989}}
{"target": -1383.0653176910082, "params": {"gamma": 4.49301828911279, "lr": 0.9147886867419343}, "datetime": {"datetime": "2024-06-13 18:39:22", "elapsed": 1.032038, "delta": 0.00399}}
{"target": -3064.954876181375, "params": {"gamma": 6.443966486485173, "lr": 0.005239837651465851}, "datetime": {"datetime": "2024-06-13 18:39:22", "elapsed": 1.03503, "delta": 0.002992}}
{"target": -1422.548204558934, "params": {"gamma": 4.844800026698242, "lr": 0.8593178060976}, "datetime": {"datetime": "2024-06-13 18:39:22", "elapsed": 1.03902, "delta": 0.00399}}
{"target": -1624.349402897573, "params": {"gamma": 8.304165300803357, "lr": 0.6491541971124779}, "datetime": {"datetime": "2024-06-13 18:39:22", "elapsed": 1.043008, "delta": 0.003988}}
{"target": -1175.2819605953896, "params": {"gamma": 6.737310540562419, "lr": 0.5784995797892005}, "datetime": {"datetime": "2024-06-13 18:39:22", "elapsed": 1.046002, "delta": 0.002994}}
{"target": -519.3182174841894, "params": {"gamma": 2.741923631893355, "lr": 0.5605299905360588}, "datetime": {"datetime": "2024-06-13 18:39:22", "elapsed": 1.049989, "delta": 0.003987}}
{"target": -966.4346624867472, "params": {"gamma": 6.717626118389386, "lr": 0.35242963021640883}, "datetime": {"datetime": "2024-06-13 18:39:22", "elapsed": 1.053979, "delta": 0.00399}}
{"target": -1690.3961566698626, "params": {"gamma": 8.558427844172023, "lr": 0.1950374860087073}, "datetime": {"datetime": "2024-06-13 18:39:22", "elapsed": 1.056971, "delta": 0.002992}}
{"target": -1229.6778820671566, "params": {"gamma": 7.473460782508901, "lr": 0.2896027461868774}, "datetime": {"datetime": "2024-06-13 18:39:22", "elapsed": 1.06096, "delta": 0.003989}}
{"target": -1265.0494888532464, "params": {"gamma": 7.738219073154577, "lr": 0.4277373293360762}, "datetime": {"datetime": "2024-06-13 18:39:22", "elapsed": 1.06495, "delta": 0.00399}}
{"target": -1156.5942580828428, "params": {"gamma": 8.077176392712982, "lr": 0.3535348626679904}, "datetime": {"datetime": "2024-06-13 18:39:22", "elapsed": 1.067942, "delta": 0.002992}}
{"target": -547.752108519545, "params": {"gamma": 2.137718683058182, "lr": 0.7672845084217665}, "datetime": {"datetime": "2024-06-13 18:39:22", "elapsed": 1.071932, "delta": 0.00399}}
{"target": -742.9313243118684, "params": {"gamma": 3.0871108343588807, "lr": 0.7332450677264275}, "datetime": {"datetime": "2024-06-13 18:39:22", "elapsed": 1.07592, "delta": 0.003988}}
{"target": -1324.8400563578684, "params": {"gamma": 7.444987057624244, "lr": 0.22139670090820107}, "datetime": {"datetime": "2024-06-13 18:39:22", "elapsed": 1.080911, "delta": 0.004991}}
{"target": -448.58679038333355, "params": {"gamma": 2.141907256069664, "lr": 0.1989479234270667}, "datetime": {"datetime": "2024-06-13 18:39:22", "elapsed": 1.084896, "delta": 0.003985}}
{"target": -265.47960019356645, "params": {"gamma": 1.4260408593206808, "lr": 0.3770825992073341}, "datetime": {"datetime": "2024-06-13 18:39:22", "elapsed": 1.087888, "delta": 0.002992}}
{"target": -190.9181916601554, "params": {"gamma": 0.26725221903152313, "lr": 0.11092036903424063}, "datetime": {"datetime": "2024-06-13 18:39:22", "elapsed": 1.091878, "delta": 0.00399}}
{"target": -1720.9159664419178, "params": {"gamma": 6.745965673610343, "lr": 0.7997765368973863}, "datetime": {"datetime": "2024-06-13 18:39:22", "elapsed": 1.095867, "delta": 0.003989}}
{"target": -178.58823218137542, "params": {"gamma": 0.8062147417567307, "lr": 0.23170231048579204}, "datetime": {"datetime": "2024-06-13 18:39:22", "elapsed": 1.100854, "delta": 0.004987}}
{"target": -671.87566390503, "params": {"gamma": 2.0770489923763398, "lr": 0.9173335630816306}, "datetime": {"datetime": "2024-06-13 18:39:22", "elapsed": 1.104843, "delta": 0.003989}}
{"target": -1286.5485138233917, "params": {"gamma": 7.113433866846732, "lr": 0.5538846110514143}, "datetime": {"datetime": "2024-06-13 18:39:22", "elapsed": 1.107835, "delta": 0.002992}}
{"target": -866.5959048906852, "params": {"gamma": 3.0458753612182816, "lr": 0.8348540476317985}, "datetime": {"datetime": "2024-06-13 18:39:22", "elapsed": 1.111825, "delta": 0.00399}}
{"target": -1377.6505698853803, "params": {"gamma": 4.353624270337571, "lr": 0.9234562151187752}, "datetime": {"datetime": "2024-06-13 18:39:22", "elapsed": 1.114816, "delta": 0.002991}}
{"target": -1095.005804655038, "params": {"gamma": 7.0608119915549965, "lr": 0.47803130796528337}, "datetime": {"datetime": "2024-06-13 18:39:22", "elapsed": 1.118806, "delta": 0.00399}}
{"target": -426.7861877432448, "params": {"gamma": 1.2629748273898376, "lr": 0.9760435504677476}, "datetime": {"datetime": "2024-06-13 18:39:22", "elapsed": 1.122796, "delta": 0.00399}}
{"target": -320.8995214578071, "params": {"gamma": 1.5991766697905894, "lr": 0.2026021252196626}, "datetime": {"datetime": "2024-06-13 18:39:22", "elapsed": 1.126785, "delta": 0.003989}}
{"target": -716.7007207699725, "params": {"gamma": 4.312386369848549, "lr": 0.40420190577514725}, "datetime": {"datetime": "2024-06-13 18:39:22", "elapsed": 1.130774, "delta": 0.003989}}
{"target": -378.43742056420217, "params": {"gamma": 1.4683680561621768, "lr": 0.7293189193611234}, "datetime": {"datetime": "2024-06-13 18:39:22", "elapsed": 1.133765, "delta": 0.002991}}
{"target": -399.31972086805297, "params": {"gamma": 1.8882619237049822, "lr": 0.6438956443116628}, "datetime": {"datetime": "2024-06-13 18:39:22", "elapsed": 1.137755, "delta": 0.00399}}
{"target": -1341.992505653715, "params": {"gamma": 7.543305199812411, "lr": 0.21073239208332073}, "datetime": {"datetime": "2024-06-13 18:39:22", "elapsed": 1.141744, "delta": 0.003989}}
{"target": -1417.1991652224183, "params": {"gamma": 6.0099415268282925, "lr": 0.7489283752458364}, "datetime": {"datetime": "2024-06-13 18:39:22", "elapsed": 1.144736, "delta": 0.002992}}
{"target": -1128.1468326692507, "params": {"gamma": 6.382548887492715, "lr": 0.5971273029466491}, "datetime": {"datetime": "2024-06-13 18:39:22", "elapsed": 1.148726, "delta": 0.00399}}
{"target": -712.8011940279207, "params": {"gamma": 2.955527374269315, "lr": 0.7316064712415088}, "datetime": {"datetime": "2024-06-13 18:39:22", "elapsed": 1.152715, "delta": 0.003989}}
{"target": -1540.1779317815467, "params": {"gamma": 9.453139091559498, "lr": 0.42556139026154693}, "datetime": {"datetime": "2024-06-13 18:39:22", "elapsed": 1.156704, "delta": 0.003989}}
{"target": -3713.994698689076, "params": {"gamma": 7.822035986497222, "lr": 0.056141039661915304}, "datetime": {"datetime": "2024-06-13 18:39:22", "elapsed": 1.159696, "delta": 0.002992}}
{"target": -1650.3179348007761, "params": {"gamma": 8.35288075329717, "lr": 0.1922500168221477}, "datetime": {"datetime": "2024-06-13 18:39:22", "elapsed": 1.163686, "delta": 0.00399}}
{"target": -670.285808628343, "params": {"gamma": 3.951573592030842, "lr": 0.30008104592535645}, "datetime": {"datetime": "2024-06-13 18:39:22", "elapsed": 1.167675, "delta": 0.003989}}
{"target": -285.43930053028583, "params": {"gamma": 0.8019563344166869, "lr": 0.9046310029362429}, "datetime": {"datetime": "2024-06-13 18:39:22", "elapsed": 1.170667, "delta": 0.002992}}
{"target": -671.7913073041418, "params": {"gamma": 3.702171621359829, "lr": 0.5306974384761395}, "datetime": {"datetime": "2024-06-13 18:39:22", "elapsed": 1.174656, "delta": 0.003989}}
{"target": -1395.7782316098912, "params": {"gamma": 4.941668542697355, "lr": 0.13216114194293815}, "datetime": {"datetime": "2024-06-13 18:39:22", "elapsed": 1.178646, "delta": 0.00399}}
{"target": -1005.883276065161, "params": {"gamma": 2.0653341348354406, "lr": 0.07618880903232117}, "datetime": {"datetime": "2024-06-13 18:39:22", "elapsed": 1.182635, "delta": 0.003989}}
{"target": -806.7399235002963, "params": {"gamma": 5.07970907775293, "lr": 0.2615495518329871}, "datetime": {"datetime": "2024-06-13 18:39:22", "elapsed": 1.186624, "delta": 0.003989}}
{"target": -1385.7289719977819, "params": {"gamma": 3.5712590272190368, "lr": 0.10806532869723684}, "datetime": {"datetime": "2024-06-13 18:39:22", "elapsed": 1.189616, "delta": 0.002992}}
{"target": -3034.92051959336, "params": {"gamma": 7.87573084468542, "lr": 0.1065838767888011}, "datetime": {"datetime": "2024-06-13 18:39:22", "elapsed": 1.193605, "delta": 0.003989}}
{"target": -2056.983372206592, "params": {"gamma": 9.857102528308165, "lr": 0.17716116443841734}, "datetime": {"datetime": "2024-06-13 18:39:22", "elapsed": 1.197595, "delta": 0.00399}}
{"target": -2726.1196554499797, "params": {"gamma": 5.724478719234059, "lr": 0.044845334589088126}, "datetime": {"datetime": "2024-06-13 18:39:22", "elapsed": 1.201584, "delta": 0.003989}}
{"target": -1556.4359866573777, "params": {"gamma": 7.871375780268687, "lr": 0.18960594781829654}, "datetime": {"datetime": "2024-06-13 18:39:22", "elapsed": 1.204576, "delta": 0.002992}}
{"target": -1248.2814485676483, "params": {"gamma": 5.279511880102859, "lr": 0.7400775431590716}, "datetime": {"datetime": "2024-06-13 18:39:22", "elapsed": 1.208565, "delta": 0.003989}}
{"target": -306.61088563852326, "params": {"gamma": 1.5001649176876422, "lr": 0.5510871741869717}, "datetime": {"datetime": "2024-06-13 18:39:22", "elapsed": 1.212555, "delta": 0.00399}}
{"target": -554.6633597454222, "params": {"gamma": 2.1669554660794654, "lr": 0.7591960493171447}, "datetime": {"datetime": "2024-06-13 18:39:22", "elapsed": 1.216544, "delta": 0.003989}}
{"target": -1514.4219208597337, "params": {"gamma": 7.229429020368581, "lr": 0.17654903427708302}, "datetime": {"datetime": "2024-06-13 18:39:22", "elapsed": 1.219536, "delta": 0.002992}}
{"target": -4089.7375218853786, "params": {"gamma": 8.619803610113067, "lr": 0.019775099516344263}, "datetime": {"datetime": "2024-06-13 18:39:22", "elapsed": 1.223526, "delta": 0.00399}}
{"target": -1559.9646613602667, "params": {"gamma": 8.60250973723373, "lr": 0.5589038111609383}, "datetime": {"datetime": "2024-06-13 18:39:22", "elapsed": 1.227515, "delta": 0.003989}}
{"target": -1002.947659896085, "params": {"gamma": 4.032801500586387, "lr": 0.7587469310223366}, "datetime": {"datetime": "2024-06-13 18:39:22", "elapsed": 1.230507, "delta": 0.002992}}
{"target": -2258.0888822682273, "params": {"gamma": 7.169573087923007, "lr": 0.9873261748084265}, "datetime": {"datetime": "2024-06-13 18:39:22", "elapsed": 1.234497, "delta": 0.00399}}
{"target": -1341.529222679166, "params": {"gamma": 2.7815724010812146, "lr": 0.0037936724093425855}, "datetime": {"datetime": "2024-06-13 18:39:22", "elapsed": 1.238486, "delta": 0.003989}}
{"target": -2725.0328359129867, "params": {"gamma": 9.339092180540563, "lr": 0.8578971045378938}, "datetime": {"datetime": "2024-06-13 18:39:22", "elapsed": 1.241478, "delta": 0.002992}}
{"target": -1295.0846762725525, "params": {"gamma": 7.28877992431504, "lr": 0.5166887829215384}, "datetime": {"datetime": "2024-06-13 18:39:22", "elapsed": 1.245467, "delta": 0.003989}}
{"target": -1802.6560315704664, "params": {"gamma": 7.069855496242362, "lr": 0.7805295568767427}, "datetime": {"datetime": "2024-06-13 18:39:22", "elapsed": 1.249456, "delta": 0.003989}}
{"target": -934.329754947927, "params": {"gamma": 3.749384559425057, "lr": 0.7703225253299576}, "datetime": {"datetime": "2024-06-13 18:39:22", "elapsed": 1.252448, "delta": 0.002992}}
{"target": -1391.3677076320812, "params": {"gamma": 7.506492567432579, "lr": 0.6132112115442597}, "datetime": {"datetime": "2024-06-13 18:39:22", "elapsed": 1.256438, "delta": 0.00399}}
{"target": -938.563186299566, "params": {"gamma": 4.019257373754407, "lr": 0.6973080192643409}, "datetime": {"datetime": "2024-06-13 18:39:22", "elapsed": 1.259429, "delta": 0.002991}}
{"target": -148.23890722479925, "params": {"gamma": 0.032125465394095866, "lr": 0.7748966467245978}, "datetime": {"datetime": "2024-06-13 18:39:22", "elapsed": 1.26342, "delta": 0.003991}}
{"target": -1172.1459006645148, "params": {"gamma": 8.964269607966013, "lr": 0.23931570743750463}, "datetime": {"datetime": "2024-06-13 18:39:22", "elapsed": 1.267409, "delta": 0.003989}}
{"target": -261.47967712624984, "params": {"gamma": 1.208551075907988, "lr": 0.2202839877937276}, "datetime": {"datetime": "2024-06-13 18:39:22", "elapsed": 1.271398, "delta": 0.003989}}
{"target": -897.8192973361298, "params": {"gamma": 3.021665216169693, "lr": 0.8830285085638342}, "datetime": {"datetime": "2024-06-13 18:39:22", "elapsed": 1.275387, "delta": 0.003989}}
{"target": -901.4163215390575, "params": {"gamma": 5.432121135950708, "lr": 0.2867116496064306}, "datetime": {"datetime": "2024-06-13 18:39:22", "elapsed": 1.278379, "delta": 0.002992}}
{"target": -270.1323022657045, "params": {"gamma": 1.3844085432396722, "lr": 0.29014446310454167}, "datetime": {"datetime": "2024-06-13 18:39:22", "elapsed": 1.282368, "delta": 0.003989}}
