{"target": -3712.501376460092, "params": {"gamma": 8.876943621666769, "lr": 0.035231270653359514}, "datetime": {"datetime": "2024-06-13 14:28:19", "elapsed": 5.764141, "delta": 0.003989}}
{"target": -641.4673265253006, "params": {"gamma": 2.575325379792938, "lr": 0.6516840317406685}, "datetime": {"datetime": "2024-06-13 14:28:19", "elapsed": 5.768131, "delta": 0.00399}}
{"target": -1223.162956360541, "params": {"gamma": 2.8585435506242662, "lr": 0.009707596574816568}, "datetime": {"datetime": "2024-06-13 14:28:19", "elapsed": 5.773143, "delta": 0.005012}}
{"target": -872.7926246794281, "params": {"gamma": 5.754942892815359, "lr": 0.30779227833471057}, "datetime": {"datetime": "2024-06-13 14:28:19", "elapsed": 5.778104, "delta": 0.004961}}
{"target": -511.518892271641, "params": {"gamma": 1.5159891044593792, "lr": 0.9712833117325801}, "datetime": {"datetime": "2024-06-13 14:28:19", "elapsed": 5.783091, "delta": 0.004987}}
{"target": -437.2480242351266, "params": {"gamma": 1.6505577067216257, "lr": 0.7272354411432771}, "datetime": {"datetime": "2024-06-13 14:28:19", "elapsed": 5.78708, "delta": 0.003989}}
{"target": -2736.519587546463, "params": {"gamma": 8.907351190743636, "lr": 0.8587151157269453}, "datetime": {"datetime": "2024-06-13 14:28:19", "elapsed": 5.792067, "delta": 0.004987}}
{"target": -305.18568678191025, "params": {"gamma": 1.8433864145173096, "lr": 0.23680853369423926}, "datetime": {"datetime": "2024-06-13 14:28:19", "elapsed": 5.796056, "delta": 0.003989}}
{"target": -159.41145362620114, "params": {"gamma": 0.1846080023892216, "lr": 0.9314054672648543}, "datetime": {"datetime": "2024-06-13 14:28:19", "elapsed": 5.801043, "delta": 0.004987}}
{"target": -1912.1377043943685, "params": {"gamma": 8.871324645396406, "lr": 0.5954661689695429}, "datetime": {"datetime": "2024-06-13 14:28:19", "elapsed": 5.806029, "delta": 0.004986}}
{"target": -220.20744387388714, "params": {"gamma": 1.0945671874130298, "lr": 0.17354264684250154}, "datetime": {"datetime": "2024-06-13 14:28:19", "elapsed": 5.811016, "delta": 0.004987}}
{"target": -906.8025896116208, "params": {"gamma": 5.770026748955153, "lr": 0.25165697350014493}, "datetime": {"datetime": "2024-06-13 14:28:19", "elapsed": 5.815005, "delta": 0.003989}}
{"target": -506.86291068793474, "params": {"gamma": 3.0024181605272484, "lr": 0.17098734894301837}, "datetime": {"datetime": "2024-06-13 14:28:19", "elapsed": 5.819992, "delta": 0.004987}}
{"target": -364.6908162160805, "params": {"gamma": 1.8967275990085757, "lr": 0.4634211543904514}, "datetime": {"datetime": "2024-06-13 14:28:19", "elapsed": 5.823982, "delta": 0.00399}}
{"target": -1103.4071281472222, "params": {"gamma": 5.099229852311732, "lr": 0.5115798896647326}, "datetime": {"datetime": "2024-06-13 14:28:19", "elapsed": 5.828968, "delta": 0.004986}}
{"target": -1938.9108959085108, "params": {"gamma": 9.971390854869842, "lr": 0.1295958172701398}, "datetime": {"datetime": "2024-06-13 14:28:19", "elapsed": 5.832957, "delta": 0.003989}}
{"target": -2201.1435352379112, "params": {"gamma": 7.561942713988967, "lr": 0.7937567472248925}, "datetime": {"datetime": "2024-06-13 14:28:19", "elapsed": 5.838941, "delta": 0.005984}}
{"target": -1057.347492762503, "params": {"gamma": 5.849241105106437, "lr": 0.4627381802693252}, "datetime": {"datetime": "2024-06-13 14:28:19", "elapsed": 5.84296, "delta": 0.004019}}
{"target": -2609.372175850058, "params": {"gamma": 8.934372946865443, "lr": 0.8281802190731247}, "datetime": {"datetime": "2024-06-13 14:28:19", "elapsed": 5.847948, "delta": 0.004988}}
{"target": -217.48952527703315, "params": {"gamma": 0.5038590693510084, "lr": 0.962983753087854}, "datetime": {"datetime": "2024-06-13 14:28:19", "elapsed": 5.852904, "delta": 0.004956}}
{"target": -151.1231909937403, "params": {"gamma": 0.07439157764468438, "lr": 0.5731322046839419}, "datetime": {"datetime": "2024-06-13 14:28:19", "elapsed": 5.856894, "delta": 0.00399}}
{"target": -1715.9207751608183, "params": {"gamma": 5.7247357384538, "lr": 0.8343796647905168}, "datetime": {"datetime": "2024-06-13 14:28:19", "elapsed": 5.86188, "delta": 0.004986}}
{"target": -1477.2047883354796, "params": {"gamma": 3.8477759631858306, "lr": 0.09104086904598219}, "datetime": {"datetime": "2024-06-13 14:28:19", "elapsed": 5.865869, "delta": 0.003989}}
{"target": -2445.9486976153416, "params": {"gamma": 5.81729100641988, "lr": 0.024845860363731265}, "datetime": {"datetime": "2024-06-13 14:28:19", "elapsed": 5.871854, "delta": 0.005985}}
{"target": -1175.1160654266992, "params": {"gamma": 3.618595813310707, "lr": 0.9853168020853229}, "datetime": {"datetime": "2024-06-13 14:28:19", "elapsed": 5.875843, "delta": 0.003989}}
{"target": -1477.748418182051, "params": {"gamma": 8.687919916680645, "lr": 0.15249674176120542}, "datetime": {"datetime": "2024-06-13 14:28:19", "elapsed": 5.880829, "delta": 0.004986}}
{"target": -2334.6346238576284, "params": {"gamma": 7.988462064471767, "lr": 0.8109969194215267}, "datetime": {"datetime": "2024-06-13 14:28:19", "elapsed": 5.884819, "delta": 0.00399}}
{"target": -1404.5409077943796, "params": {"gamma": 9.282143984052633, "lr": 0.22438426604398454}, "datetime": {"datetime": "2024-06-13 14:28:19", "elapsed": 5.889806, "delta": 0.004987}}
{"target": -1464.2649273213929, "params": {"gamma": 4.990175777525101, "lr": 0.8274440914110759}, "datetime": {"datetime": "2024-06-13 14:28:19", "elapsed": 5.893795, "delta": 0.003989}}
{"target": -1443.145798400041, "params": {"gamma": 6.673670516196978, "lr": 0.5939361433837695}, "datetime": {"datetime": "2024-06-13 14:28:19", "elapsed": 5.898781, "delta": 0.004986}}
{"target": -993.0894568398205, "params": {"gamma": 6.520106231886649, "lr": 0.23851601279901302}, "datetime": {"datetime": "2024-06-13 14:28:19", "elapsed": 5.903768, "delta": 0.004987}}
{"target": -158.393661046589, "params": {"gamma": 0.2563753086730316, "lr": 0.736257257446534}, "datetime": {"datetime": "2024-06-13 14:28:19", "elapsed": 5.908755, "delta": 0.004987}}
{"target": -540.4485241316834, "params": {"gamma": 3.268591461483445, "lr": 0.3767568869201464}, "datetime": {"datetime": "2024-06-13 14:28:19", "elapsed": 5.912744, "delta": 0.003989}}
{"target": -1491.2057512227602, "params": {"gamma": 6.126547925441392, "lr": 0.657165042363517}, "datetime": {"datetime": "2024-06-13 14:28:19", "elapsed": 5.917731, "delta": 0.004987}}
{"target": -611.0272366101249, "params": {"gamma": 2.0297861073278014, "lr": 0.8260315378454188}, "datetime": {"datetime": "2024-06-13 14:28:19", "elapsed": 5.922717, "delta": 0.004986}}
{"target": -906.5431510547769, "params": {"gamma": 3.802685845849549, "lr": 0.6317444085013915}, "datetime": {"datetime": "2024-06-13 14:28:19", "elapsed": 5.927696, "delta": 0.004979}}
{"target": -2035.827014269509, "params": {"gamma": 9.664147745107453, "lr": 0.5647862352666362}, "datetime": {"datetime": "2024-06-13 14:28:19", "elapsed": 5.932682, "delta": 0.004986}}
{"target": -856.6839422484117, "params": {"gamma": 3.58975250674678, "lr": 0.6189701087401422}, "datetime": {"datetime": "2024-06-13 14:28:19", "elapsed": 5.936671, "delta": 0.003989}}
{"target": -910.178770558231, "params": {"gamma": 5.018429387513632, "lr": 0.45237624777785157}, "datetime": {"datetime": "2024-06-13 14:28:19", "elapsed": 5.941658, "delta": 0.004987}}
{"target": -2358.7779587814184, "params": {"gamma": 7.32297507682793, "lr": 0.9245101499841026}, "datetime": {"datetime": "2024-06-13 14:28:19", "elapsed": 5.945647, "delta": 0.003989}}
{"target": -2037.2742984585502, "params": {"gamma": 4.793234881420612, "lr": 0.08823015100009579}, "datetime": {"datetime": "2024-06-13 14:28:19", "elapsed": 5.950635, "delta": 0.004988}}
{"target": -870.5483906197906, "params": {"gamma": 5.696965913284056, "lr": 0.2449508551148344}, "datetime": {"datetime": "2024-06-13 14:28:19", "elapsed": 5.954652, "delta": 0.004017}}
{"target": -184.36481651356706, "params": {"gamma": 0.3967395368422162, "lr": 0.7881402066436831}, "datetime": {"datetime": "2024-06-13 14:28:19", "elapsed": 5.959641, "delta": 0.004989}}
{"target": -801.7912101643731, "params": {"gamma": 2.728409598411216, "lr": 0.7770704929423838}, "datetime": {"datetime": "2024-06-13 14:28:19", "elapsed": 5.964597, "delta": 0.004956}}
{"target": -743.9653242872357, "params": {"gamma": 4.882601221938961, "lr": 0.31793589107511533}, "datetime": {"datetime": "2024-06-13 14:28:19", "elapsed": 5.969584, "delta": 0.004987}}
{"target": -1339.5338924843743, "params": {"gamma": 3.1409404750589167, "lr": 0.04202476008611444}, "datetime": {"datetime": "2024-06-13 14:28:19", "elapsed": 5.974571, "delta": 0.004987}}
{"target": -1567.0271453999658, "params": {"gamma": 5.344463969208603, "lr": 0.8235515559967603}, "datetime": {"datetime": "2024-06-13 14:28:19", "elapsed": 5.979557, "delta": 0.004986}}
{"target": -305.6562044683688, "params": {"gamma": 0.8398696296412803, "lr": 0.10855870560871761}, "datetime": {"datetime": "2024-06-13 14:28:19", "elapsed": 5.983547, "delta": 0.00399}}
{"target": -1291.0279548090496, "params": {"gamma": 5.293030012750302, "lr": 0.6601418096235968}, "datetime": {"datetime": "2024-06-13 14:28:19", "elapsed": 5.988534, "delta": 0.004987}}
{"target": -1049.1721065299084, "params": {"gamma": 6.947765177374281, "lr": 0.313221695146886}, "datetime": {"datetime": "2024-06-13 14:28:19", "elapsed": 5.992553, "delta": 0.004019}}
{"target": -145.4918225219677, "params": {"gamma": 0.37873998028565886, "lr": 0.4145628796923949}, "datetime": {"datetime": "2024-06-13 14:28:19", "elapsed": 5.998507, "delta": 0.005954}}
{"target": -977.6696716792554, "params": {"gamma": 2.2612156645820662, "lr": 0.0011148302524066622}, "datetime": {"datetime": "2024-06-13 14:28:19", "elapsed": 6.002496, "delta": 0.003989}}
{"target": -2209.8733279980343, "params": {"gamma": 6.857480005685141, "lr": 0.9520625390545332}, "datetime": {"datetime": "2024-06-13 14:28:19", "elapsed": 6.007483, "delta": 0.004987}}
{"target": -601.0699647052932, "params": {"gamma": 3.9121264535897473, "lr": 0.3002984293714631}, "datetime": {"datetime": "2024-06-13 14:28:19", "elapsed": 6.01247, "delta": 0.004987}}
{"target": -1660.5063269897098, "params": {"gamma": 5.537964374290343, "lr": 0.8519762580648814}, "datetime": {"datetime": "2024-06-13 14:28:19", "elapsed": 6.017456, "delta": 0.004986}}
{"target": -2012.1603227374856, "params": {"gamma": 7.9498792795045405, "lr": 0.6847567049785765}, "datetime": {"datetime": "2024-06-13 14:28:19", "elapsed": 6.022443, "delta": 0.004987}}
{"target": -1102.3815157349807, "params": {"gamma": 4.321638805905765, "lr": 0.6904340198543137}, "datetime": {"datetime": "2024-06-13 14:28:19", "elapsed": 6.026433, "delta": 0.00399}}
{"target": -376.4063126149285, "params": {"gamma": 2.161037487164819, "lr": 0.28394343784624676}, "datetime": {"datetime": "2024-06-13 14:28:19", "elapsed": 6.032416, "delta": 0.005983}}
{"target": -2504.483336046989, "params": {"gamma": 7.778428288392944, "lr": 0.9299801363463566}, "datetime": {"datetime": "2024-06-13 14:28:19", "elapsed": 6.037402, "delta": 0.004986}}
{"target": -317.3936617424899, "params": {"gamma": 1.9013049866632814, "lr": 0.29606328941823257}, "datetime": {"datetime": "2024-06-13 14:28:19", "elapsed": 6.041392, "delta": 0.00399}}
{"target": -151.0519425561111, "params": {"gamma": 0.06309646163797043, "lr": 0.43156224528040166}, "datetime": {"datetime": "2024-06-13 14:28:19", "elapsed": 6.047376, "delta": 0.005984}}
{"target": -530.3471870751115, "params": {"gamma": 2.103740422454257, "lr": 0.6414247825536215}, "datetime": {"datetime": "2024-06-13 14:28:19", "elapsed": 6.051366, "delta": 0.00399}}
{"target": -1640.6262147933219, "params": {"gamma": 7.096182567565407, "lr": 0.11877771439848506}, "datetime": {"datetime": "2024-06-13 14:28:19", "elapsed": 6.056352, "delta": 0.004986}}
{"target": -291.3817983445591, "params": {"gamma": 0.8223578763172843, "lr": 0.9063350695803358}, "datetime": {"datetime": "2024-06-13 14:28:19", "elapsed": 6.062336, "delta": 0.005984}}
{"target": -847.3905439210572, "params": {"gamma": 3.8929983086548985, "lr": 0.5334034972660143}, "datetime": {"datetime": "2024-06-13 14:28:19", "elapsed": 6.066326, "delta": 0.00399}}
{"target": -2785.9887424305134, "params": {"gamma": 9.632452407571792, "lr": 0.7590540122163353}, "datetime": {"datetime": "2024-06-13 14:28:19", "elapsed": 6.071312, "delta": 0.004986}}
{"target": -1390.786978873158, "params": {"gamma": 3.256077435692296, "lr": 0.08584930112029354}, "datetime": {"datetime": "2024-06-13 14:28:19", "elapsed": 6.076299, "delta": 0.004987}}
{"target": -846.230828204956, "params": {"gamma": 5.360704142867423, "lr": 0.33612544293733115}, "datetime": {"datetime": "2024-06-13 14:28:19", "elapsed": 6.080287, "delta": 0.003988}}
{"target": -159.76425673997937, "params": {"gamma": 0.21783235985649294, "lr": 0.7711523332537787}, "datetime": {"datetime": "2024-06-13 14:28:19", "elapsed": 6.085274, "delta": 0.004987}}
{"target": -825.1779204764375, "params": {"gamma": 3.849706389409975, "lr": 0.5713211500587355}, "datetime": {"datetime": "2024-06-13 14:28:19", "elapsed": 6.089264, "delta": 0.00399}}
{"target": -2433.8594445435083, "params": {"gamma": 7.557672815106508, "lr": 0.9408474199010457}, "datetime": {"datetime": "2024-06-13 14:28:19", "elapsed": 6.095343, "delta": 0.006079}}
{"target": -927.2887867472732, "params": {"gamma": 6.123611064507542, "lr": 0.31539617878014314}, "datetime": {"datetime": "2024-06-13 14:28:19", "elapsed": 6.10033, "delta": 0.004987}}
{"target": -507.26573471923456, "params": {"gamma": 1.1016550019623323, "lr": 0.07391888791127221}, "datetime": {"datetime": "2024-06-13 14:28:19", "elapsed": 6.104319, "delta": 0.003989}}
{"target": -789.3028997131514, "params": {"gamma": 3.197588047953422, "lr": 0.660839138956005}, "datetime": {"datetime": "2024-06-13 14:28:19", "elapsed": 6.109306, "delta": 0.004987}}
{"target": -1087.9695631543555, "params": {"gamma": 6.9518254952121765, "lr": 0.20771804006298766}, "datetime": {"datetime": "2024-06-13 14:28:19", "elapsed": 6.11406, "delta": 0.004754}}
{"target": -176.8452017643713, "params": {"gamma": 0.8288765899448861, "lr": 0.3055106612860311}, "datetime": {"datetime": "2024-06-13 14:28:19", "elapsed": 6.118049, "delta": 0.003989}}
{"target": -1589.527965594645, "params": {"gamma": 5.476198023985873, "lr": 0.7546696744748647}, "datetime": {"datetime": "2024-06-13 14:28:19", "elapsed": 6.124035, "delta": 0.005986}}
{"target": -829.4444592261198, "params": {"gamma": 5.297043548379857, "lr": 0.28698375274707455}, "datetime": {"datetime": "2024-06-13 14:28:19", "elapsed": 6.128023, "delta": 0.003988}}
{"target": -979.4481161505806, "params": {"gamma": 6.242173052915846, "lr": 0.2648366551761958}, "datetime": {"datetime": "2024-06-13 14:28:19", "elapsed": 6.133009, "delta": 0.004986}}
{"target": -1954.1039589857853, "params": {"gamma": 6.527276450430897, "lr": 0.8418980078267378}, "datetime": {"datetime": "2024-06-13 14:28:19", "elapsed": 6.136999, "delta": 0.00399}}
{"target": -1353.416045901008, "params": {"gamma": 6.389839255863949, "lr": 0.5656314689767339}, "datetime": {"datetime": "2024-06-13 14:28:19", "elapsed": 6.141985, "delta": 0.004986}}
{"target": -956.2442693465076, "params": {"gamma": 3.072113950599342, "lr": 0.8767770399379612}, "datetime": {"datetime": "2024-06-13 14:28:19", "elapsed": 6.146972, "delta": 0.004987}}
{"target": -2859.6453800786467, "params": {"gamma": 9.888230025288278, "lr": 0.777479431209941}, "datetime": {"datetime": "2024-06-13 14:28:19", "elapsed": 6.150961, "delta": 0.003989}}
{"target": -1124.032418552957, "params": {"gamma": 5.736864931846622, "lr": 0.14127933264100168}, "datetime": {"datetime": "2024-06-13 14:28:19", "elapsed": 6.156946, "delta": 0.005985}}
{"target": -503.23632713446773, "params": {"gamma": 3.1499752949036433, "lr": 0.3668593185911837}, "datetime": {"datetime": "2024-06-13 14:28:19", "elapsed": 6.160935, "delta": 0.003989}}
{"target": -540.5586809436272, "params": {"gamma": 2.9196603150536307, "lr": 0.4459528147489278}, "datetime": {"datetime": "2024-06-13 14:28:19", "elapsed": 6.165922, "delta": 0.004987}}
{"target": -958.3134575882426, "params": {"gamma": 6.106714536159591, "lr": 0.2129145905151636}, "datetime": {"datetime": "2024-06-13 14:28:19", "elapsed": 6.170908, "delta": 0.004986}}
{"target": -603.6532568995334, "params": {"gamma": 2.4983477831127514, "lr": 0.11215048322109678}, "datetime": {"datetime": "2024-06-13 14:28:19", "elapsed": 6.174897, "delta": 0.003989}}
{"target": -567.9553462857527, "params": {"gamma": 3.07657830315885, "lr": 0.49744827858464324}, "datetime": {"datetime": "2024-06-13 14:28:19", "elapsed": 6.179884, "delta": 0.004987}}
{"target": -1583.572224027497, "params": {"gamma": 4.898588039316173, "lr": 0.9955772118463961}, "datetime": {"datetime": "2024-06-13 14:28:19", "elapsed": 6.183873, "delta": 0.003989}}
{"target": -1788.9651160518301, "params": {"gamma": 9.811104522073206, "lr": 0.4365627716811432}, "datetime": {"datetime": "2024-06-13 14:28:19", "elapsed": 6.18922, "delta": 0.005347}}
{"target": -1512.860550070599, "params": {"gamma": 9.720234197281384, "lr": 0.21439790417581406}, "datetime": {"datetime": "2024-06-13 14:28:20", "elapsed": 6.195204, "delta": 0.005984}}
{"target": -979.8123828459919, "params": {"gamma": 5.411667740203425, "lr": 0.4534353144697316}, "datetime": {"datetime": "2024-06-13 14:28:20", "elapsed": 6.20019, "delta": 0.004986}}
{"target": -2889.0995650489554, "params": {"gamma": 9.67612136622795, "lr": 0.8361762231353584}, "datetime": {"datetime": "2024-06-13 14:28:20", "elapsed": 6.20418, "delta": 0.00399}}
{"target": -411.341233629784, "params": {"gamma": 2.142255100882632, "lr": 0.43953910215539116}, "datetime": {"datetime": "2024-06-13 14:28:20", "elapsed": 6.209166, "delta": 0.004986}}
{"target": -386.4959735007466, "params": {"gamma": 1.685601239492825, "lr": 0.5290872104552504}, "datetime": {"datetime": "2024-06-13 14:28:20", "elapsed": 6.213156, "delta": 0.00399}}
{"target": -3322.57362709621, "params": {"gamma": 7.935053256996167, "lr": 0.03587914896601674}, "datetime": {"datetime": "2024-06-13 14:28:20", "elapsed": 6.21914, "delta": 0.005984}}
{"target": -635.5510670158873, "params": {"gamma": 1.9143974164796644, "lr": 0.9774555643930162}, "datetime": {"datetime": "2024-06-13 14:28:20", "elapsed": 6.223129, "delta": 0.003989}}
{"target": -2024.124470129815, "params": {"gamma": 9.608012262900427, "lr": 0.5565916591021018}, "datetime": {"datetime": "2024-06-13 14:28:20", "elapsed": 6.228116, "delta": 0.004987}}
{"target": -1013.165797020659, "params": {"gamma": 6.461261124237896, "lr": 0.27209301429327437}, "datetime": {"datetime": "2024-06-13 14:28:20", "elapsed": 6.232105, "delta": 0.003989}}
{"target": -2406.4413064507653, "params": {"gamma": 9.520958766042686, "lr": 0.66977480632724}, "datetime": {"datetime": "2024-06-13 14:28:20", "elapsed": 6.237092, "delta": 0.004987}}
{"target": -2798.2337528294956, "params": {"gamma": 6.6684131433924785, "lr": 0.011103333369922863}, "datetime": {"datetime": "2024-06-13 14:28:20", "elapsed": 6.241082, "delta": 0.00399}}
{"target": -2481.278984586541, "params": {"gamma": 8.529845528647078, "lr": 0.7783262186802019}, "datetime": {"datetime": "2024-06-13 14:28:20", "elapsed": 6.246068, "delta": 0.004986}}
{"target": -1777.2360013603502, "params": {"gamma": 6.849555045051163, "lr": 0.740781813019585}, "datetime": {"datetime": "2024-06-13 14:28:20", "elapsed": 6.251055, "delta": 0.004987}}
{"target": -417.2735446411469, "params": {"gamma": 1.5665676735591734, "lr": 0.71877505284865}, "datetime": {"datetime": "2024-06-13 14:28:20", "elapsed": 6.256042, "delta": 0.004987}}
{"target": -280.82394553778346, "params": {"gamma": 0.9690872885214075, "lr": 0.7069494480386341}, "datetime": {"datetime": "2024-06-13 14:28:20", "elapsed": 6.260031, "delta": 0.003989}}
{"target": -154.4876628311524, "params": {"gamma": 0.027315329458906884, "lr": 0.7762057874603809}, "datetime": {"datetime": "2024-06-13 14:28:20", "elapsed": 6.265017, "delta": 0.004986}}
{"target": -775.8014811640072, "params": {"gamma": 4.916080290630613, "lr": 0.20438686629786484}, "datetime": {"datetime": "2024-06-13 14:28:20", "elapsed": 6.269007, "delta": 0.00399}}
{"target": -1100.2045076785384, "params": {"gamma": 7.292736897839507, "lr": 0.3156541317831608}, "datetime": {"datetime": "2024-06-13 14:28:20", "elapsed": 6.273993, "delta": 0.004986}}
{"target": -1432.3395438026148, "params": {"gamma": 8.83829208238512, "lr": 0.18023352523222202}, "datetime": {"datetime": "2024-06-13 14:28:20", "elapsed": 6.278982, "delta": 0.004989}}
{"target": -3018.688819689251, "params": {"gamma": 9.385567992205967, "lr": 0.9707501480531616}, "datetime": {"datetime": "2024-06-13 14:28:20", "elapsed": 6.283967, "delta": 0.004985}}
{"target": -948.6895275283317, "params": {"gamma": 3.0455479552792557, "lr": 0.8624863997043009}, "datetime": {"datetime": "2024-06-13 14:28:20", "elapsed": 6.288986, "delta": 0.005019}}
{"target": -1362.0989454432731, "params": {"gamma": 8.421949009551232, "lr": 0.4246127100946028}, "datetime": {"datetime": "2024-06-13 14:28:20", "elapsed": 6.292971, "delta": 0.003985}}
{"target": -611.7835618603797, "params": {"gamma": 3.637480394119995, "lr": 0.282437473235045}, "datetime": {"datetime": "2024-06-13 14:28:20", "elapsed": 6.297929, "delta": 0.004958}}
{"target": -1547.616651160066, "params": {"gamma": 9.93237460787099, "lr": 0.25575102695189966}, "datetime": {"datetime": "2024-06-13 14:28:20", "elapsed": 6.302916, "delta": 0.004987}}
{"target": -1487.2593673543822, "params": {"gamma": 9.206835301993463, "lr": 0.4283352137597225}, "datetime": {"datetime": "2024-06-13 14:28:20", "elapsed": 6.306905, "delta": 0.003989}}
{"target": -2793.5368524359847, "params": {"gamma": 9.354334696401745, "lr": 0.8388448341981828}, "datetime": {"datetime": "2024-06-13 14:28:20", "elapsed": 6.312889, "delta": 0.005984}}
