{"target": -298.16505085793216, "params": {"gamma": 7.113433866846732, "prior": 5.583457649409001, "rate": 3.0458753612182816}, "datetime": {"datetime": "2024-06-14 18:10:29", "elapsed": 1.760408, "delta": 0.008976}}
{"target": -365.46042543379883, "params": {"gamma": 8.348705622270353, "prior": 4.409528980532247, "rate": 9.234638694972633}, "datetime": {"datetime": "2024-06-14 18:10:29", "elapsed": 1.769384, "delta": 0.008976}}
{"target": -282.90172211641385, "params": {"gamma": 7.0608119915549965, "prior": 4.8325099488563055, "rate": 1.2629748273898376}, "datetime": {"datetime": "2024-06-14 18:10:29", "elapsed": 1.77836, "delta": 0.008976}}
{"target": -414.05631791054566, "params": {"gamma": 9.760459461127008, "prior": 1.6823531384065245, "rate": 2.026818650071406}, "datetime": {"datetime": "2024-06-14 18:10:29", "elapsed": 1.786339, "delta": 0.007979}}
{"target": -196.19302631515336, "params": {"gamma": 4.312386369848549, "prior": 4.101598867173958, "rate": 1.4683680561621768}, "datetime": {"datetime": "2024-06-14 18:10:30", "elapsed": 1.795315, "delta": 0.008976}}
{"target": -330.10678821831516, "params": {"gamma": 7.293459874691873, "prior": 1.968576162084141, "rate": 6.439312547472317}, "datetime": {"datetime": "2024-06-14 18:10:30", "elapsed": 1.804291, "delta": 0.008976}}
{"target": -337.6971418262948, "params": {"gamma": 7.543305199812411, "prior": 2.1862506816248755, "rate": 6.0099415268282925}, "datetime": {"datetime": "2024-06-14 18:10:30", "elapsed": 1.813267, "delta": 0.008976}}
{"target": -320.84039196469035, "params": {"gamma": 7.489534824083119, "prior": 6.418365235141301, "rate": 5.971675902163545}, "datetime": {"datetime": "2024-06-14 18:10:30", "elapsed": 1.822243, "delta": 0.008976}}
{"target": -161.58456921065337, "params": {"gamma": 2.955527374269315, "prior": 7.342904065290937, "rate": 9.453139091559498}, "datetime": {"datetime": "2024-06-14 18:10:30", "elapsed": 1.830222, "delta": 0.007979}}
{"target": -197.69134096284293, "params": {"gamma": 4.256188341225208, "prior": 7.843599986630912, "rate": 0.5623542555794911}, "datetime": {"datetime": "2024-06-14 18:10:30", "elapsed": 1.839197, "delta": 0.008975}}
{"target": -364.6618155333466, "params": {"gamma": 8.35288075329717, "prior": 2.0032751665392623, "rate": 3.951573592030842}, "datetime": {"datetime": "2024-06-14 18:10:30", "elapsed": 1.848173, "delta": 0.008976}}
{"target": -170.55253276611276, "params": {"gamma": 3.001510378207639, "prior": 0.893026073679888, "rate": 9.046405398359493}, "datetime": {"datetime": "2024-06-14 18:10:30", "elapsed": 1.856152, "delta": 0.007979}}
{"target": -182.11302574770937, "params": {"gamma": 3.702171621359829, "prior": 5.353904640913781, "rate": 4.941668542697355}, "datetime": {"datetime": "2024-06-14 18:10:30", "elapsed": 1.865128, "delta": 0.008976}}
{"target": -133.15213281861094, "params": {"gamma": 1.3224792582874385, "prior": 2.143895183005387, "rate": 0.7628119015141794}, "datetime": {"datetime": "2024-06-14 18:10:30", "elapsed": 1.874105, "delta": 0.008977}}
{"target": -232.89237027934732, "params": {"gamma": 5.07970907775293, "prior": 2.6893405631465725, "rate": 3.5712590272190368}, "datetime": {"datetime": "2024-06-14 18:10:30", "elapsed": 1.882083, "delta": 0.007978}}
{"target": -135.9750980804484, "params": {"gamma": 1.0815452216436712, "prior": 7.896763212559821, "rate": 1.0667321840112223}, "datetime": {"datetime": "2024-06-14 18:10:30", "elapsed": 1.891059, "delta": 0.008976}}
{"target": -433.14262932480773, "params": {"gamma": 9.857102528308165, "prior": 1.8538955279403317, "rate": 5.724478719234059}, "datetime": {"datetime": "2024-06-14 18:10:30", "elapsed": 1.900035, "delta": 0.008976}}
{"target": -137.32997008754714, "params": {"gamma": 0.4494085005562922, "prior": 7.892451267592758, "rate": 1.8968698722351471}, "datetime": {"datetime": "2024-06-14 18:10:30", "elapsed": 1.909011, "delta": 0.008976}}
{"target": -223.42113564231246, "params": {"gamma": 5.279511880102859, "prior": 7.426767677274809, "rate": 1.5001649176876422}, "datetime": {"datetime": "2024-06-14 18:10:30", "elapsed": 1.916989, "delta": 0.007978}}
{"target": -259.7897943157775, "params": {"gamma": 5.511320654695531, "prior": 2.2445103624549163, "rate": 7.592201297122131}, "datetime": {"datetime": "2024-06-14 18:10:30", "elapsed": 1.926007, "delta": 0.009018}}
{"target": -330.86210017918313, "params": {"gamma": 7.229429020368581, "prior": 1.847835439343122, "rate": 8.619803610113067}, "datetime": {"datetime": "2024-06-14 18:10:30", "elapsed": 1.934942, "delta": 0.008935}}
{"target": -139.95304330527622, "params": {"gamma": 0.1987312200639263, "prior": 8.61634627448884, "rate": 5.589479207798223}, "datetime": {"datetime": "2024-06-14 18:10:30", "elapsed": 1.943918, "delta": 0.008976}}
{"target": -192.98432025281005, "params": {"gamma": 4.032801500586387, "prior": 7.611594617121132, "rate": 7.169573087923007}, "datetime": {"datetime": "2024-06-14 18:10:30", "elapsed": 1.951896, "delta": 0.007978}}
{"target": -363.5489885630334, "params": {"gamma": 9.873274421909457, "prior": 2.8530419812685297, "rate": 0.03893293042101652}, "datetime": {"datetime": "2024-06-14 18:10:30", "elapsed": 1.960873, "delta": 0.008977}}
{"target": -392.5571969537412, "params": {"gamma": 9.339092180540563, "prior": 8.593181334925148, "rate": 7.28877992431504}, "datetime": {"datetime": "2024-06-14 18:10:30", "elapsed": 1.969848, "delta": 0.008975}}
{"target": -234.14012234444752, "params": {"gamma": 5.167371140432463, "prior": 7.098866827962734, "rate": 7.805515039210552}, "datetime": {"datetime": "2024-06-14 18:10:30", "elapsed": 1.978824, "delta": 0.008976}}
{"target": -183.9403838430041, "params": {"gamma": 3.749384559425057, "prior": 7.72619300076658, "rate": 7.506492567432579}, "datetime": {"datetime": "2024-06-14 18:10:30", "elapsed": 1.986803, "delta": 0.007979}}
{"target": -275.48352126233084, "params": {"gamma": 6.132498904231054, "prior": 4.07847264728159, "rate": 6.9733828846241455}, "datetime": {"datetime": "2024-06-14 18:10:30", "elapsed": 1.99578, "delta": 0.008977}}
{"target": -143.88341469668433, "params": {"gamma": 0.032125465394095866, "prior": 7.771476802573518, "rate": 8.964269607966013}, "datetime": {"datetime": "2024-06-14 18:10:30", "elapsed": 2.004785, "delta": 0.009005}}
{"target": -148.1595639093929, "params": {"gamma": 2.393917758667609, "prior": 1.2955951246613744, "rate": 2.2036195939494823}, "datetime": {"datetime": "2024-06-14 18:10:30", "elapsed": 2.013731, "delta": 0.008946}}
{"target": -160.56773313782512, "params": {"gamma": 3.021665216169693, "prior": 8.841982234781959, "rate": 5.432121135950708}, "datetime": {"datetime": "2024-06-14 18:10:30", "elapsed": 2.021709, "delta": 0.007978}}
{"target": -161.61856853793492, "params": {"gamma": 2.8678297844146994, "prior": 1.4697114289501707, "rate": 2.902154486582312}, "datetime": {"datetime": "2024-06-14 18:10:30", "elapsed": 2.030685, "delta": 0.008976}}
{"target": -273.198077766474, "params": {"gamma": 6.139097026322785, "prior": 3.3089714459847217, "rate": 4.574144456728294}, "datetime": {"datetime": "2024-06-14 18:10:30", "elapsed": 2.039661, "delta": 0.008976}}
{"target": -202.294948225061, "params": {"gamma": 4.441726953059129, "prior": 8.29854007124197, "rate": 4.264055194208071}, "datetime": {"datetime": "2024-06-14 18:10:30", "elapsed": 2.04764, "delta": 0.007979}}
{"target": -171.47313757658054, "params": {"gamma": 3.4576425129338477, "prior": 6.782218887610141, "rate": 2.215599075279554}, "datetime": {"datetime": "2024-06-14 18:10:30", "elapsed": 2.056616, "delta": 0.008976}}
{"target": -222.10556456710023, "params": {"gamma": 4.672990993441612, "prior": 3.216180304507763, "rate": 6.268929166026184}, "datetime": {"datetime": "2024-06-14 18:10:30", "elapsed": 2.065592, "delta": 0.008976}}
{"target": -379.35218442885827, "params": {"gamma": 8.773727386473432, "prior": 4.532121101441722, "rate": 7.84478973050044}, "datetime": {"datetime": "2024-06-14 18:10:30", "elapsed": 2.073571, "delta": 0.007979}}
{"target": -202.48928675777216, "params": {"gamma": 4.570200039914943, "prior": 6.596670383999601, "rate": 1.3192779092999938}, "datetime": {"datetime": "2024-06-14 18:10:30", "elapsed": 2.082547, "delta": 0.008976}}
{"target": -200.426719562042, "params": {"gamma": 4.3303820881695145, "prior": 9.102188687683872, "rate": 6.055184531308316}, "datetime": {"datetime": "2024-06-14 18:10:30", "elapsed": 2.091523, "delta": 0.008976}}
{"target": -328.43381563025366, "params": {"gamma": 7.6679790977837845, "prior": 5.096536020149354, "rate": 4.981058192655247}, "datetime": {"datetime": "2024-06-14 18:10:30", "elapsed": 2.100499, "delta": 0.008976}}
{"target": -380.5265818519278, "params": {"gamma": 8.429155502088307, "prior": 0.7712886499754421, "rate": 5.733149443225297}, "datetime": {"datetime": "2024-06-14 18:10:30", "elapsed": 2.109475, "delta": 0.008976}}
{"target": -375.6354680000559, "params": {"gamma": 9.42768299175406, "prior": 5.226814476905987, "rate": 1.945463629469317}, "datetime": {"datetime": "2024-06-14 18:10:30", "elapsed": 2.117454, "delta": 0.007979}}
{"target": -375.009372932201, "params": {"gamma": 8.479545985042318, "prior": 2.5912275093229433, "rate": 7.007559638788898}, "datetime": {"datetime": "2024-06-14 18:10:30", "elapsed": 2.12643, "delta": 0.008976}}
{"target": -237.62398595590682, "params": {"gamma": 5.403069143028603, "prior": 9.493479253974174, "rate": 6.2437426873243576}, "datetime": {"datetime": "2024-06-14 18:10:30", "elapsed": 2.135406, "delta": 0.008976}}
{"target": -360.0713039647049, "params": {"gamma": 8.379941642515245, "prior": 0.17853547432577865, "rate": 9.893411221610213}, "datetime": {"datetime": "2024-06-14 18:10:30", "elapsed": 2.144382, "delta": 0.008976}}
{"target": -129.2613047953948, "params": {"gamma": 0.7780679887535326, "prior": 3.2890821847862193, "rate": 9.461577802172197}, "datetime": {"datetime": "2024-06-14 18:10:30", "elapsed": 2.15236, "delta": 0.007978}}
{"target": -142.23767869878102, "params": {"gamma": 0.09038208461007943, "prior": 8.24502705367716, "rate": 8.612255172029577}, "datetime": {"datetime": "2024-06-14 18:10:30", "elapsed": 2.161336, "delta": 0.008976}}
{"target": -216.54249572012606, "params": {"gamma": 4.398868311271517, "prior": 2.631877418678719, "rate": 8.027092506813352}, "datetime": {"datetime": "2024-06-14 18:10:30", "elapsed": 2.170313, "delta": 0.008977}}
{"target": -234.09186270264564, "params": {"gamma": 4.77914218231778, "prior": 1.429952225691392, "rate": 9.278562079257282}, "datetime": {"datetime": "2024-06-14 18:10:30", "elapsed": 2.178291, "delta": 0.007978}}
{"target": -386.72198262046487, "params": {"gamma": 8.959803700099478, "prior": 4.966296985167659, "rate": 8.567168262681404}, "datetime": {"datetime": "2024-06-14 18:10:30", "elapsed": 2.187267, "delta": 0.008976}}
{"target": -194.78956562131216, "params": {"gamma": 4.1863616796152225, "prior": 6.866302511646381, "rate": 3.9805084034398166}, "datetime": {"datetime": "2024-06-14 18:10:30", "elapsed": 2.196291, "delta": 0.009024}}
{"target": -244.4658465961006, "params": {"gamma": 5.057914432490653, "prior": 1.9765618580558806, "rate": 9.649924252185027}, "datetime": {"datetime": "2024-06-14 18:10:30", "elapsed": 2.204775, "delta": 0.008484}}
{"target": -161.21502061707932, "params": {"gamma": 2.9428626667543027, "prior": 1.1242496055523734, "rate": 1.4440096868902519}, "datetime": {"datetime": "2024-06-14 18:10:30", "elapsed": 2.213751, "delta": 0.008976}}
{"target": -141.08846748906564, "params": {"gamma": 0.14190884963023712, "prior": 7.187862424677705, "rate": 5.645418704088501}, "datetime": {"datetime": "2024-06-14 18:10:30", "elapsed": 2.222727, "delta": 0.008976}}
{"target": -345.067761151909, "params": {"gamma": 7.945988933496338, "prior": 5.12009124051295, "rate": 7.918418574002035}, "datetime": {"datetime": "2024-06-14 18:10:30", "elapsed": 2.231704, "delta": 0.008977}}
{"target": -291.5453059420259, "params": {"gamma": 6.957946378504123, "prior": 7.800699920905836, "rate": 4.065422206901887}, "datetime": {"datetime": "2024-06-14 18:10:30", "elapsed": 2.239711, "delta": 0.008007}}
{"target": -288.83966610129374, "params": {"gamma": 6.478058561241625, "prior": 1.8799635471604466, "rate": 3.2188778139156518}, "datetime": {"datetime": "2024-06-14 18:10:30", "elapsed": 2.248239, "delta": 0.008528}}
{"target": -134.8673926354098, "params": {"gamma": 1.7268735965778053, "prior": 4.145508527631297, "rate": 2.4149460609080227}, "datetime": {"datetime": "2024-06-14 18:10:30", "elapsed": 2.257216, "delta": 0.008977}}
{"target": -188.6474354606871, "params": {"gamma": 4.069813019299451, "prior": 9.75470119012939, "rate": 3.2038729388944907}, "datetime": {"datetime": "2024-06-14 18:10:30", "elapsed": 2.266192, "delta": 0.008976}}
{"target": -404.0549224995349, "params": {"gamma": 9.824926958803978, "prior": 6.399430645974237, "rate": 3.7515350929207165}, "datetime": {"datetime": "2024-06-14 18:10:30", "elapsed": 2.27417, "delta": 0.007978}}
{"target": -346.2975764265914, "params": {"gamma": 8.574987506336882, "prior": 6.2339087197488805, "rate": 2.521078768228263}, "datetime": {"datetime": "2024-06-14 18:10:30", "elapsed": 2.283147, "delta": 0.008977}}
{"target": -336.23720211360643, "params": {"gamma": 7.9287639240909, "prior": 4.386091236468214, "rate": 3.5757541621370836}, "datetime": {"datetime": "2024-06-14 18:10:30", "elapsed": 2.292123, "delta": 0.008976}}
{"target": -167.40500930938663, "params": {"gamma": 3.3034390883142843, "prior": 7.003951868570081, "rate": 2.6872325889383593}, "datetime": {"datetime": "2024-06-14 18:10:30", "elapsed": 2.301099, "delta": 0.008976}}
{"target": -352.49784440188955, "params": {"gamma": 8.082971859040095, "prior": 3.0233590645584933, "rate": 5.441669714469987}, "datetime": {"datetime": "2024-06-14 18:10:30", "elapsed": 2.310075, "delta": 0.008976}}
{"target": -223.1526261971674, "params": {"gamma": 4.879726996560219, "prior": 8.56802848469416, "rate": 8.883975957519464}, "datetime": {"datetime": "2024-06-14 18:10:30", "elapsed": 2.31905, "delta": 0.008975}}
{"target": -136.4706828275421, "params": {"gamma": 1.8446600392352996, "prior": 5.894949743488685, "rate": 8.982152255125355}, "datetime": {"datetime": "2024-06-14 18:10:30", "elapsed": 2.328026, "delta": 0.008976}}
{"target": -200.08261805278286, "params": {"gamma": 4.461726073125263, "prior": 9.226496224289772, "rate": 2.790629913679252}, "datetime": {"datetime": "2024-06-14 18:10:30", "elapsed": 2.33729, "delta": 0.009264}}
{"target": -253.4353390231847, "params": {"gamma": 6.0887029107637645, "prior": 6.856291726691472, "rate": 2.2828291277714907}, "datetime": {"datetime": "2024-06-14 18:10:30", "elapsed": 2.345774, "delta": 0.008484}}
{"target": -140.4114977354508, "params": {"gamma": 0.13866135806461027, "prior": 4.225567227469891, "rate": 9.384880436675484}, "datetime": {"datetime": "2024-06-14 18:10:30", "elapsed": 2.35475, "delta": 0.008976}}
{"target": -171.32550684568236, "params": {"gamma": 3.430938070194235, "prior": 7.819468525277739, "rate": 1.7481883919612469}, "datetime": {"datetime": "2024-06-14 18:10:30", "elapsed": 2.362729, "delta": 0.007979}}
{"target": -183.98476612207958, "params": {"gamma": 3.420186410188222, "prior": 1.531517436297158, "rate": 7.167991370649615}, "datetime": {"datetime": "2024-06-14 18:10:30", "elapsed": 2.371704, "delta": 0.008975}}
{"target": -286.4401834521398, "params": {"gamma": 6.993376929344446, "prior": 6.916123447694296, "rate": 2.5347069488285103}, "datetime": {"datetime": "2024-06-14 18:10:30", "elapsed": 2.379712, "delta": 0.008008}}
{"target": -306.9168594142768, "params": {"gamma": 6.923908856112466, "prior": 2.350245655067901, "rate": 4.247066510197466}, "datetime": {"datetime": "2024-06-14 18:10:30", "elapsed": 2.388659, "delta": 0.008947}}
{"target": -179.79043207147666, "params": {"gamma": 3.7198492945552046, "prior": 3.61754832503921, "rate": 0.5774904176053226}, "datetime": {"datetime": "2024-06-14 18:10:30", "elapsed": 2.397635, "delta": 0.008976}}
{"target": -274.6600594736131, "params": {"gamma": 6.316834622032531, "prior": 7.102434366548825, "rate": 6.136273356333854}, "datetime": {"datetime": "2024-06-14 18:10:30", "elapsed": 2.406611, "delta": 0.008976}}
{"target": -280.6566878604322, "params": {"gamma": 6.483479248875083, "prior": 1.7824130707508519, "rate": 1.495318542589686}, "datetime": {"datetime": "2024-06-14 18:10:30", "elapsed": 2.415587, "delta": 0.008976}}
{"target": -219.4062884255606, "params": {"gamma": 5.142236260215303, "prior": 8.765793990909938, "rate": 1.8403504620306732}, "datetime": {"datetime": "2024-06-14 18:10:30", "elapsed": 2.424592, "delta": 0.009005}}
{"target": -215.07248628664527, "params": {"gamma": 4.628928347963892, "prior": 4.3464301068960385, "rate": 4.973394570009244}, "datetime": {"datetime": "2024-06-14 18:10:30", "elapsed": 2.43354, "delta": 0.008948}}
{"target": -133.16791665099473, "params": {"gamma": 1.6159461940896331, "prior": 3.4901623472346244, "rate": 2.6195421606310987}, "datetime": {"datetime": "2024-06-14 18:10:30", "elapsed": 2.442515, "delta": 0.008975}}
{"target": -348.216524556359, "params": {"gamma": 8.44542490535156, "prior": 8.023289233186377, "rate": 4.266964943523168}, "datetime": {"datetime": "2024-06-14 18:10:30", "elapsed": 2.450494, "delta": 0.007979}}
{"target": -281.5003073206292, "params": {"gamma": 6.070547592429601, "prior": 1.5401095416355777, "rate": 5.096623328881369}, "datetime": {"datetime": "2024-06-14 18:10:30", "elapsed": 2.459499, "delta": 0.009005}}
{"target": -159.82458229064957, "params": {"gamma": 2.9701739107832585, "prior": 8.61054444033509, "rate": 6.716312210682993}, "datetime": {"datetime": "2024-06-14 18:10:30", "elapsed": 2.468446, "delta": 0.008947}}
{"target": -292.64599776742705, "params": {"gamma": 6.335106652211588, "prior": 1.3350378706848745, "rate": 4.706408207109359}, "datetime": {"datetime": "2024-06-14 18:10:30", "elapsed": 2.47693, "delta": 0.008484}}
{"target": -409.2342126971224, "params": {"gamma": 9.865741223089229, "prior": 9.488161823319384, "rate": 6.451211316964176}, "datetime": {"datetime": "2024-06-14 18:10:30", "elapsed": 2.485905, "delta": 0.008975}}
{"target": -131.99008831513555, "params": {"gamma": 1.5180969854487043, "prior": 6.427355802327059, "rate": 5.657055463326731}, "datetime": {"datetime": "2024-06-14 18:10:30", "elapsed": 2.494882, "delta": 0.008977}}
{"target": -219.02943039568171, "params": {"gamma": 4.6871897107748595, "prior": 4.337570947735874, "rate": 5.993098286824644}, "datetime": {"datetime": "2024-06-14 18:10:30", "elapsed": 2.503857, "delta": 0.008975}}
{"target": -357.7344665094378, "params": {"gamma": 8.499848915271139, "prior": 7.53609829968218, "rate": 5.794026042432034}, "datetime": {"datetime": "2024-06-14 18:10:30", "elapsed": 2.511836, "delta": 0.007979}}
{"target": -409.0842105027771, "params": {"gamma": 9.247117111178744, "prior": 0.7409258360713337, "rate": 9.913473740809359}, "datetime": {"datetime": "2024-06-14 18:10:30", "elapsed": 2.520812, "delta": 0.008976}}
{"target": -132.00134182098822, "params": {"gamma": 0.5308924321372274, "prior": 2.0750059067717572, "rate": 4.228103863783965}, "datetime": {"datetime": "2024-06-14 18:10:30", "elapsed": 2.529788, "delta": 0.008976}}
{"target": -137.5317082373436, "params": {"gamma": 1.0759812529754917, "prior": 6.274337068877248, "rate": 0.4808776479246243}, "datetime": {"datetime": "2024-06-14 18:10:30", "elapsed": 2.538764, "delta": 0.008976}}
{"target": -165.7932473354099, "params": {"gamma": 2.8469541861884147, "prior": 0.7042631430847438, "rate": 7.035489791719707}, "datetime": {"datetime": "2024-06-14 18:10:30", "elapsed": 2.54774, "delta": 0.008976}}
{"target": -280.3725679865423, "params": {"gamma": 6.684893219727232, "prior": 3.847947873180962, "rate": 1.8827544060381822}, "datetime": {"datetime": "2024-06-14 18:10:30", "elapsed": 2.555719, "delta": 0.007979}}
{"target": -332.00898940053946, "params": {"gamma": 7.4703012854704225, "prior": 3.469754978578126, "rate": 7.953216372889023}, "datetime": {"datetime": "2024-06-14 18:10:30", "elapsed": 2.564695, "delta": 0.008976}}
{"target": -215.95527257183832, "params": {"gamma": 4.879521490857024, "prior": 5.304127499074696, "rate": 0.28588000406618064}, "datetime": {"datetime": "2024-06-14 18:10:30", "elapsed": 2.573673, "delta": 0.008978}}
{"target": -275.5827213662975, "params": {"gamma": 6.442675966770439, "prior": 3.5714993740784573, "rate": 2.292821067893365}, "datetime": {"datetime": "2024-06-14 18:10:30", "elapsed": 2.581651, "delta": 0.007978}}
{"target": -205.40655935772844, "params": {"gamma": 4.339399878740795, "prior": 3.8864278269820844, "rate": 4.698420611823517}, "datetime": {"datetime": "2024-06-14 18:10:30", "elapsed": 2.590627, "delta": 0.008976}}
{"target": -423.3126951045776, "params": {"gamma": 9.794854058443883, "prior": 3.7073428966454816, "rate": 7.744326923227059}, "datetime": {"datetime": "2024-06-14 18:10:30", "elapsed": 2.599603, "delta": 0.008976}}
{"target": -236.47429560969275, "params": {"gamma": 5.528123197902375, "prior": 8.90239778216408, "rate": 3.55017355864457}, "datetime": {"datetime": "2024-06-14 18:10:30", "elapsed": 2.608581, "delta": 0.008978}}
{"target": -156.88296795204434, "params": {"gamma": 2.455941283184888, "prior": 9.119090472603986, "rate": 0.43629910331389593}, "datetime": {"datetime": "2024-06-14 18:10:30", "elapsed": 2.617556, "delta": 0.008975}}
{"target": -394.8166802551641, "params": {"gamma": 9.507583527181962, "prior": 5.60842846514216, "rate": 3.764255803654188}, "datetime": {"datetime": "2024-06-14 18:10:30", "elapsed": 2.625535, "delta": 0.007979}}
{"target": -443.50139815096696, "params": {"gamma": 9.950528171068772, "prior": 0.6777901968615533, "rate": 5.167546891316355}, "datetime": {"datetime": "2024-06-14 18:10:30", "elapsed": 2.63451, "delta": 0.008975}}
