{"target": -310.2247750341543, "params": {"gamma": 1.0947197590216522, "lr": 0.673041054216622}, "datetime": {"datetime": "2024-06-13 14:28:15", "elapsed": 1.75394, "delta": 0.003989}}
{"target": -1452.5444909986384, "params": {"gamma": 4.999823778620901, "lr": 0.777098229275783}, "datetime": {"datetime": "2024-06-13 14:28:15", "elapsed": 1.75793, "delta": 0.00399}}
{"target": -641.7794285132346, "params": {"gamma": 1.4369263717442184, "lr": 0.08320263643587555}, "datetime": {"datetime": "2024-06-13 14:28:15", "elapsed": 1.761919, "delta": 0.003989}}
{"target": -1169.3029583386065, "params": {"gamma": 3.9927868349191855, "lr": 0.7969622519799001}, "datetime": {"datetime": "2024-06-13 14:28:15", "elapsed": 1.764911, "delta": 0.002992}}
{"target": -572.5812417939372, "params": {"gamma": 1.917565713359991, "lr": 0.767777192147274}, "datetime": {"datetime": "2024-06-13 14:28:15", "elapsed": 1.768901, "delta": 0.00399}}
{"target": -469.1653904463218, "params": {"gamma": 2.90368967262162, "lr": 0.21689148761179533}, "datetime": {"datetime": "2024-06-13 14:28:15", "elapsed": 1.77289, "delta": 0.003989}}
{"target": -145.04020324957165, "params": {"gamma": 0.1681391751809873, "lr": 0.3986590599223787}, "datetime": {"datetime": "2024-06-13 14:28:15", "elapsed": 1.776879, "delta": 0.003989}}
{"target": -935.8797507979143, "params": {"gamma": 3.8114338314432303, "lr": 0.6593449361953647}, "datetime": {"datetime": "2024-06-13 14:28:15", "elapsed": 1.780869, "delta": 0.00399}}
{"target": -178.68622885338775, "params": {"gamma": 0.7101130863034019, "lr": 0.15260398704227185}, "datetime": {"datetime": "2024-06-13 14:28:15", "elapsed": 1.78386, "delta": 0.002991}}
{"target": -158.86588526972704, "params": {"gamma": 0.16674225312644053, "lr": 0.11379635644740682}, "datetime": {"datetime": "2024-06-13 14:28:15", "elapsed": 1.78785, "delta": 0.00399}}
{"target": -1058.6269472620963, "params": {"gamma": 6.518240970824895, "lr": 0.4026568521749192}, "datetime": {"datetime": "2024-06-13 14:28:15", "elapsed": 1.791839, "delta": 0.003989}}
{"target": -693.0341423054952, "params": {"gamma": 3.2109421153589914, "lr": 0.5579119942437725}, "datetime": {"datetime": "2024-06-13 14:28:15", "elapsed": 1.795829, "delta": 0.00399}}
{"target": -2965.8656261310007, "params": {"gamma": 9.9346111705354, "lr": 0.8344865140180296}, "datetime": {"datetime": "2024-06-13 14:28:15", "elapsed": 1.799852, "delta": 0.004023}}
{"target": -2254.352289528093, "params": {"gamma": 6.99653220081344, "lr": 0.9182585891320579}, "datetime": {"datetime": "2024-06-13 14:28:15", "elapsed": 1.803836, "delta": 0.003984}}
{"target": -243.4896461478776, "params": {"gamma": 0.3982473381241651, "lr": 0.07033344161552524}, "datetime": {"datetime": "2024-06-13 14:28:15", "elapsed": 1.807797, "delta": 0.003961}}
{"target": -750.7663189114733, "params": {"gamma": 4.740588893590559, "lr": 0.3491674129570773}, "datetime": {"datetime": "2024-06-13 14:28:15", "elapsed": 1.811787, "delta": 0.00399}}
{"target": -1682.3982456057429, "params": {"gamma": 9.37258336922236, "lr": 0.48956496114516856}, "datetime": {"datetime": "2024-06-13 14:28:15", "elapsed": 1.814807, "delta": 0.00302}}
{"target": -1664.0141283802782, "params": {"gamma": 5.396951451823413, "lr": 0.8952603657312208}, "datetime": {"datetime": "2024-06-13 14:28:15", "elapsed": 1.8188, "delta": 0.003993}}
{"target": -1380.3477900120488, "params": {"gamma": 4.466903823191082, "lr": 0.8770343892703519}, "datetime": {"datetime": "2024-06-13 14:28:15", "elapsed": 1.822757, "delta": 0.003957}}
{"target": -435.4090522215473, "params": {"gamma": 2.536563911966912, "lr": 0.27380970415810857}, "datetime": {"datetime": "2024-06-13 14:28:15", "elapsed": 1.826746, "delta": 0.003989}}
{"target": -718.8504879030504, "params": {"gamma": 3.284285539485814, "lr": 0.5475642704809535}, "datetime": {"datetime": "2024-06-13 14:28:15", "elapsed": 1.830735, "delta": 0.003989}}
{"target": -575.1403933620661, "params": {"gamma": 2.2020666115957854, "lr": 0.6714291710812733}, "datetime": {"datetime": "2024-06-13 14:28:15", "elapsed": 1.834725, "delta": 0.00399}}
{"target": -575.1001120353077, "params": {"gamma": 1.4287900347472011, "lr": 0.09410027449963942}, "datetime": {"datetime": "2024-06-13 14:28:15", "elapsed": 1.838714, "delta": 0.003989}}
{"target": -1318.1130864139523, "params": {"gamma": 8.70204727030757, "lr": 0.23686870355699852}, "datetime": {"datetime": "2024-06-13 14:28:15", "elapsed": 1.842703, "delta": 0.003989}}
{"target": -840.8737378759514, "params": {"gamma": 3.8606541062149327, "lr": 0.5715420927253323}, "datetime": {"datetime": "2024-06-13 14:28:15", "elapsed": 1.845696, "delta": 0.002993}}
{"target": -2214.7034949311374, "params": {"gamma": 5.258493897544749, "lr": 0.07602387944210687}, "datetime": {"datetime": "2024-06-13 14:28:15", "elapsed": 1.849685, "delta": 0.003989}}
{"target": -2812.57381082689, "params": {"gamma": 8.741385230044685, "lr": 0.9511356184186921}, "datetime": {"datetime": "2024-06-13 14:28:15", "elapsed": 1.853674, "delta": 0.003989}}
{"target": -1341.7783504014053, "params": {"gamma": 8.125260534442543, "lr": 0.2838018349468743}, "datetime": {"datetime": "2024-06-13 14:28:15", "elapsed": 1.857663, "delta": 0.003989}}
{"target": -833.6349670780829, "params": {"gamma": 5.278940114383477, "lr": 0.3394167240176095}, "datetime": {"datetime": "2024-06-13 14:28:15", "elapsed": 1.861652, "delta": 0.003989}}
{"target": -1790.8355234424732, "params": {"gamma": 5.54711844056588, "lr": 0.9744034689130026}, "datetime": {"datetime": "2024-06-13 14:28:15", "elapsed": 1.865642, "delta": 0.00399}}
{"target": -801.7661153374326, "params": {"gamma": 3.1177174742720952, "lr": 0.6687966059228697}, "datetime": {"datetime": "2024-06-13 14:28:15", "elapsed": 1.868634, "delta": 0.002992}}
{"target": -953.5329585878645, "params": {"gamma": 3.26034610588255, "lr": 0.7744772660150796}, "datetime": {"datetime": "2024-06-13 14:28:15", "elapsed": 1.872623, "delta": 0.003989}}
{"target": -1012.9844639117275, "params": {"gamma": 3.258773856165435, "lr": 0.889827341447375}, "datetime": {"datetime": "2024-06-13 14:28:15", "elapsed": 1.876385, "delta": 0.003762}}
{"target": -2176.9553007428963, "params": {"gamma": 7.51732550147175, "lr": 0.7626320954451107}, "datetime": {"datetime": "2024-06-13 14:28:15", "elapsed": 1.880369, "delta": 0.003984}}
{"target": -742.0009941188889, "params": {"gamma": 4.695320806570698, "lr": 0.21076450246870537}, "datetime": {"datetime": "2024-06-13 14:28:15", "elapsed": 1.884359, "delta": 0.00399}}
{"target": -145.55862906176245, "params": {"gamma": 0.4157093206854123, "lr": 0.3218287999702445}, "datetime": {"datetime": "2024-06-13 14:28:15", "elapsed": 1.888349, "delta": 0.00399}}
{"target": -169.67435828688332, "params": {"gamma": 0.3720895322754502, "lr": 0.6938554113738997}, "datetime": {"datetime": "2024-06-13 14:28:15", "elapsed": 1.892338, "delta": 0.003989}}
{"target": -1228.2810228643696, "params": {"gamma": 6.703829969329749, "lr": 0.430471782744975}, "datetime": {"datetime": "2024-06-13 14:28:15", "elapsed": 1.896326, "delta": 0.003988}}
{"target": -1652.201445629186, "params": {"gamma": 7.678121987604072, "lr": 0.5360084947395637}, "datetime": {"datetime": "2024-06-13 14:28:15", "elapsed": 1.899319, "delta": 0.002993}}
{"target": -163.4839809447904, "params": {"gamma": 0.3995594064278903, "lr": 0.13479311796067905}, "datetime": {"datetime": "2024-06-13 14:28:15", "elapsed": 1.903308, "delta": 0.003989}}
{"target": -325.80058688282077, "params": {"gamma": 1.9349705737501688, "lr": 0.3356638011646498}, "datetime": {"datetime": "2024-06-13 14:28:15", "elapsed": 1.907297, "delta": 0.003989}}
{"target": -186.21679534733835, "params": {"gamma": 0.52407715142833, "lr": 0.6051167805003662}, "datetime": {"datetime": "2024-06-13 14:28:15", "elapsed": 1.911287, "delta": 0.00399}}
{"target": -1212.049927371125, "params": {"gamma": 5.121098214211664, "lr": 0.6174610120171561}, "datetime": {"datetime": "2024-06-13 14:28:15", "elapsed": 1.915276, "delta": 0.003989}}
{"target": -1300.6570652468097, "params": {"gamma": 4.324123592048677, "lr": 0.8477004682374377}, "datetime": {"datetime": "2024-06-13 14:28:15", "elapsed": 1.919265, "delta": 0.003989}}
{"target": -1917.9430056102472, "params": {"gamma": 4.541136501535455, "lr": 0.015403519791920894}, "datetime": {"datetime": "2024-06-13 14:28:15", "elapsed": 1.923254, "delta": 0.003989}}
{"target": -2117.194801118325, "params": {"gamma": 8.730808416322548, "lr": 0.6562015477440989}, "datetime": {"datetime": "2024-06-13 14:28:15", "elapsed": 1.927244, "delta": 0.00399}}
{"target": -2649.022634530142, "params": {"gamma": 8.23020740344406, "lr": 0.9517756930338517}, "datetime": {"datetime": "2024-06-13 14:28:15", "elapsed": 1.931233, "delta": 0.003989}}
{"target": -150.33285802379973, "params": {"gamma": 0.5100729227853552, "lr": 0.23507186409101455}, "datetime": {"datetime": "2024-06-13 14:28:15", "elapsed": 1.935222, "delta": 0.003989}}
{"target": -163.21062821574284, "params": {"gamma": 0.6343710911199417, "lr": 0.4216578860324509}, "datetime": {"datetime": "2024-06-13 14:28:15", "elapsed": 1.939212, "delta": 0.00399}}
{"target": -3613.7585854742943, "params": {"gamma": 8.638427625869019, "lr": 0.0816239827150681}, "datetime": {"datetime": "2024-06-13 14:28:15", "elapsed": 1.942234, "delta": 0.003022}}
{"target": -930.9481909664848, "params": {"gamma": 4.7316464169059, "lr": 0.12554310980872363}, "datetime": {"datetime": "2024-06-13 14:28:15", "elapsed": 1.946222, "delta": 0.003988}}
{"target": -2310.910518302995, "params": {"gamma": 7.729083136069011, "lr": 0.8414221567958434}, "datetime": {"datetime": "2024-06-13 14:28:15", "elapsed": 1.950182, "delta": 0.00396}}
{"target": -155.78967575194173, "params": {"gamma": 0.4338660909233998, "lr": 0.48644074317039476}, "datetime": {"datetime": "2024-06-13 14:28:15", "elapsed": 1.954172, "delta": 0.00399}}
{"target": -786.6756513059532, "params": {"gamma": 2.3948710303334217, "lr": 0.9524737816932592}, "datetime": {"datetime": "2024-06-13 14:28:15", "elapsed": 1.958161, "delta": 0.003989}}
{"target": -2217.378630241531, "params": {"gamma": 9.438982385210178, "lr": 0.6139340023847009}, "datetime": {"datetime": "2024-06-13 14:28:15", "elapsed": 1.962151, "delta": 0.00399}}
{"target": -1521.4270564195213, "params": {"gamma": 9.734900485854638, "lr": 0.344861343716251}, "datetime": {"datetime": "2024-06-13 14:28:15", "elapsed": 1.96614, "delta": 0.003989}}
{"target": -1638.7213174695648, "params": {"gamma": 8.97860932595915, "lr": 0.4345949734085095}, "datetime": {"datetime": "2024-06-13 14:28:15", "elapsed": 1.970129, "delta": 0.003989}}
{"target": -775.3248134491587, "params": {"gamma": 2.35891055683799, "lr": 0.9408279632013994}, "datetime": {"datetime": "2024-06-13 14:28:15", "elapsed": 1.974118, "delta": 0.003989}}
{"target": -2870.293994063274, "params": {"gamma": 6.842496291781293, "lr": 0.06491158533912933}, "datetime": {"datetime": "2024-06-13 14:28:15", "elapsed": 1.977111, "delta": 0.002993}}
{"target": -2189.140664735271, "params": {"gamma": 8.704378143373837, "lr": 0.7013802946333463}, "datetime": {"datetime": "2024-06-13 14:28:15", "elapsed": 1.9811, "delta": 0.003989}}
{"target": -1571.8216628850655, "params": {"gamma": 6.049663802869843, "lr": 0.7323748991793305}, "datetime": {"datetime": "2024-06-13 14:28:15", "elapsed": 1.985867, "delta": 0.004767}}
{"target": -613.7327080071318, "params": {"gamma": 2.535136985955308, "lr": 0.6004889552745444}, "datetime": {"datetime": "2024-06-13 14:28:15", "elapsed": 1.989887, "delta": 0.00402}}
{"target": -3410.0574181214965, "params": {"gamma": 8.146377193435292, "lr": 0.05411366032399989}, "datetime": {"datetime": "2024-06-13 14:28:15", "elapsed": 1.992879, "delta": 0.002992}}
{"target": -418.26076868461575, "params": {"gamma": 1.3059762027213204, "lr": 0.8424458099564136}, "datetime": {"datetime": "2024-06-13 14:28:15", "elapsed": 1.996868, "delta": 0.003989}}
{"target": -1334.1028327776532, "params": {"gamma": 6.183840347409528, "lr": 0.531287810481058}, "datetime": {"datetime": "2024-06-13 14:28:15", "elapsed": 2.000858, "delta": 0.00399}}
{"target": -402.4687369176458, "params": {"gamma": 2.483658999241989, "lr": 0.2950785752494959}, "datetime": {"datetime": "2024-06-13 14:28:15", "elapsed": 2.004848, "delta": 0.00399}}
{"target": -1410.7399720646677, "params": {"gamma": 8.726988963029699, "lr": 0.42166593484970927}, "datetime": {"datetime": "2024-06-13 14:28:15", "elapsed": 2.008837, "delta": 0.003989}}
{"target": -244.77967716248895, "params": {"gamma": 0.6452381255404884, "lr": 0.8969850695075825}, "datetime": {"datetime": "2024-06-13 14:28:15", "elapsed": 2.013823, "delta": 0.004986}}
{"target": -612.3945752500512, "params": {"gamma": 2.0346049474076864, "lr": 0.8262275354923914}, "datetime": {"datetime": "2024-06-13 14:28:15", "elapsed": 2.017812, "delta": 0.003989}}
{"target": -1583.94596470844, "params": {"gamma": 8.81782446020499, "lr": 0.48675074481833813}, "datetime": {"datetime": "2024-06-13 14:28:15", "elapsed": 2.020804, "delta": 0.002992}}
{"target": -1291.802081696654, "params": {"gamma": 5.98504846635326, "lr": 0.527267456485417}, "datetime": {"datetime": "2024-06-13 14:28:15", "elapsed": 2.024794, "delta": 0.00399}}
{"target": -1871.3822011517407, "params": {"gamma": 6.248588120560806, "lr": 0.8550417213473515}, "datetime": {"datetime": "2024-06-13 14:28:15", "elapsed": 2.028783, "delta": 0.003989}}
{"target": -880.5490694796475, "params": {"gamma": 2.8221123446002014, "lr": 0.8837555081806009}, "datetime": {"datetime": "2024-06-13 14:28:15", "elapsed": 2.032773, "delta": 0.00399}}
{"target": -1319.4157823619041, "params": {"gamma": 5.677335610861374, "lr": 0.11510304096690338}, "datetime": {"datetime": "2024-06-13 14:28:15", "elapsed": 2.036762, "delta": 0.003989}}
{"target": -509.26359880659925, "params": {"gamma": 2.270784650981365, "lr": 0.5959823856130138}, "datetime": {"datetime": "2024-06-13 14:28:15", "elapsed": 2.040752, "delta": 0.00399}}
{"target": -487.12104017132657, "params": {"gamma": 2.395222922809899, "lr": 0.13141566053746057}, "datetime": {"datetime": "2024-06-13 14:28:15", "elapsed": 2.044741, "delta": 0.003989}}
{"target": -507.27655830178645, "params": {"gamma": 1.6193152935242277, "lr": 0.8448725182357391}, "datetime": {"datetime": "2024-06-13 14:28:15", "elapsed": 2.04873, "delta": 0.003989}}
{"target": -1942.7426628497315, "params": {"gamma": 6.022234355273215, "lr": 0.9635670871883419}, "datetime": {"datetime": "2024-06-13 14:28:15", "elapsed": 2.052719, "delta": 0.003989}}
{"target": -758.6318567426976, "params": {"gamma": 3.4574464537469587, "lr": 0.5956250981349497}, "datetime": {"datetime": "2024-06-13 14:28:15", "elapsed": 2.056737, "delta": 0.004018}}
{"target": -1414.2321183854262, "params": {"gamma": 5.9902539044452245, "lr": 0.6157042872039488}, "datetime": {"datetime": "2024-06-13 14:28:15", "elapsed": 2.060791, "delta": 0.004054}}
{"target": -222.76158534556444, "params": {"gamma": 0.5927128946500382, "lr": 0.7503171845746859}, "datetime": {"datetime": "2024-06-13 14:28:15", "elapsed": 2.06478, "delta": 0.003989}}
{"target": -2036.3794562755315, "params": {"gamma": 9.482146772378064, "lr": 0.5346790571795887}, "datetime": {"datetime": "2024-06-13 14:28:15", "elapsed": 2.068769, "delta": 0.003989}}
{"target": -575.0470193611181, "params": {"gamma": 1.926367653529729, "lr": 0.7529259149799422}, "datetime": {"datetime": "2024-06-13 14:28:15", "elapsed": 2.072759, "delta": 0.00399}}
{"target": -149.32927754458444, "params": {"gamma": 0.07418237430931014, "lr": 0.32825610365078084}, "datetime": {"datetime": "2024-06-13 14:28:15", "elapsed": 2.076748, "delta": 0.003989}}
{"target": -1977.2039618445353, "params": {"gamma": 9.176145870096288, "lr": 0.5883673328938768}, "datetime": {"datetime": "2024-06-13 14:28:15", "elapsed": 2.080738, "delta": 0.00399}}
{"target": -2010.7663078277867, "params": {"gamma": 8.55204764875745, "lr": 0.6046720523491877}, "datetime": {"datetime": "2024-06-13 14:28:15", "elapsed": 2.084727, "delta": 0.003989}}
{"target": -2527.710317748729, "params": {"gamma": 8.225958947086186, "lr": 0.8794835234293169}, "datetime": {"datetime": "2024-06-13 14:28:15", "elapsed": 2.087719, "delta": 0.002992}}
{"target": -762.6905660918308, "params": {"gamma": 3.210542758870008, "lr": 0.12295477155217849}, "datetime": {"datetime": "2024-06-13 14:28:15", "elapsed": 2.091708, "delta": 0.003989}}
{"target": -1320.1860237019494, "params": {"gamma": 7.213312138521522, "lr": 0.44034708683123824}, "datetime": {"datetime": "2024-06-13 14:28:15", "elapsed": 2.095698, "delta": 0.00399}}
{"target": -305.9907587404946, "params": {"gamma": 1.268230355710944, "lr": 0.5898236481098892}, "datetime": {"datetime": "2024-06-13 14:28:15", "elapsed": 2.099687, "delta": 0.003989}}
{"target": -143.8899126868259, "params": {"gamma": 0.36164707738402946, "lr": 0.20018211641098693}, "datetime": {"datetime": "2024-06-13 14:28:15", "elapsed": 2.103676, "delta": 0.003989}}
{"target": -3301.117320210322, "params": {"gamma": 7.883223595490022, "lr": 0.012096760015357866}, "datetime": {"datetime": "2024-06-13 14:28:15", "elapsed": 2.107696, "delta": 0.00402}}
{"target": -1295.511205745663, "params": {"gamma": 3.034153371413982, "lr": 0.021375961088070716}, "datetime": {"datetime": "2024-06-13 14:28:15", "elapsed": 2.111686, "delta": 0.00399}}
{"target": -2138.4204888225427, "params": {"gamma": 9.974852442290567, "lr": 0.5820299763434618}, "datetime": {"datetime": "2024-06-13 14:28:15", "elapsed": 2.115157, "delta": 0.003471}}
{"target": -957.5334013320714, "params": {"gamma": 2.93446940858208, "lr": 0.9289494618931157}, "datetime": {"datetime": "2024-06-13 14:28:15", "elapsed": 2.119147, "delta": 0.00399}}
{"target": -919.6063658040783, "params": {"gamma": 5.071687116058498, "lr": 0.4546922275524069}, "datetime": {"datetime": "2024-06-13 14:28:15", "elapsed": 2.123136, "delta": 0.003989}}
{"target": -923.5864394147911, "params": {"gamma": 5.879127191455569, "lr": 0.2641376442105696}, "datetime": {"datetime": "2024-06-13 14:28:15", "elapsed": 2.127126, "delta": 0.00399}}
{"target": -488.75308921952785, "params": {"gamma": 3.0535777051749857, "lr": 0.37165457672418245}, "datetime": {"datetime": "2024-06-13 14:28:15", "elapsed": 2.131115, "delta": 0.003989}}
{"target": -545.6047122839761, "params": {"gamma": 2.4452355457167374, "lr": 0.5845472661166298}, "datetime": {"datetime": "2024-06-13 14:28:15", "elapsed": 2.135104, "delta": 0.003989}}
{"target": -2918.4234360833743, "params": {"gamma": 6.958765493189333, "lr": 0.07194722016400112}, "datetime": {"datetime": "2024-06-13 14:28:15", "elapsed": 2.139094, "delta": 0.00399}}
{"target": -2808.5683873719586, "params": {"gamma": 9.710862112935013, "lr": 0.7530706558694549}, "datetime": {"datetime": "2024-06-13 14:28:15", "elapsed": 2.143083, "delta": 0.003989}}
{"target": -2333.7244649755494, "params": {"gamma": 8.061825466371129, "lr": 0.7516404040812905}, "datetime": {"datetime": "2024-06-13 14:28:15", "elapsed": 2.146075, "delta": 0.002992}}
{"target": -194.4902479224056, "params": {"gamma": 0.8015297117349018, "lr": 0.48169628302117706}, "datetime": {"datetime": "2024-06-13 14:28:15", "elapsed": 2.150064, "delta": 0.003989}}
{"target": -1136.333734826329, "params": {"gamma": 4.457283891060159, "lr": 0.6724726505249299}, "datetime": {"datetime": "2024-06-13 14:28:15", "elapsed": 2.154054, "delta": 0.00399}}
{"target": -1137.9631508768516, "params": {"gamma": 4.487923850984395, "lr": 0.7043133983839096}, "datetime": {"datetime": "2024-06-13 14:28:15", "elapsed": 2.158043, "delta": 0.003989}}
{"target": -1727.8456483569826, "params": {"gamma": 6.816771730688627, "lr": 0.6971485287527562}, "datetime": {"datetime": "2024-06-13 14:28:15", "elapsed": 2.162032, "delta": 0.003989}}
{"target": -1061.3335829514083, "params": {"gamma": 6.186388824872803, "lr": 0.15098073327964578}, "datetime": {"datetime": "2024-06-13 14:28:15", "elapsed": 2.166021, "delta": 0.003989}}
{"target": -2214.54900703319, "params": {"gamma": 7.608263760601256, "lr": 0.781045822193957}, "datetime": {"datetime": "2024-06-13 14:28:15", "elapsed": 2.170011, "delta": 0.00399}}
{"target": -1368.6315857024783, "params": {"gamma": 9.041125756152136, "lr": 0.23376869260410593}, "datetime": {"datetime": "2024-06-13 14:28:15", "elapsed": 2.174, "delta": 0.003989}}
{"target": -310.7067223943324, "params": {"gamma": 1.7676122518303419, "lr": 0.3910991231067624}, "datetime": {"datetime": "2024-06-13 14:28:15", "elapsed": 2.177989, "delta": 0.003989}}
{"target": -948.0886360649438, "params": {"gamma": 3.206325975297607, "lr": 0.8154769290056262}, "datetime": {"datetime": "2024-06-13 14:28:15", "elapsed": 2.180982, "delta": 0.002993}}
{"target": -1779.2505158062265, "params": {"gamma": 6.135645470784649, "lr": 0.7600017523497489}, "datetime": {"datetime": "2024-06-13 14:28:15", "elapsed": 2.184971, "delta": 0.003989}}
{"target": -1639.2803143023134, "params": {"gamma": 4.277223331869946, "lr": 0.09944056291558923}, "datetime": {"datetime": "2024-06-13 14:28:15", "elapsed": 2.188961, "delta": 0.00399}}
{"target": -216.20483195061476, "params": {"gamma": 1.151235085490412, "lr": 0.3734071317371953}, "datetime": {"datetime": "2024-06-13 14:28:16", "elapsed": 2.19295, "delta": 0.003989}}
{"target": -585.3790249772804, "params": {"gamma": 1.939283827327562, "lr": 0.8207464986229382}, "datetime": {"datetime": "2024-06-13 14:28:16", "elapsed": 2.196939, "delta": 0.003989}}
{"target": -1522.151604800685, "params": {"gamma": 5.996760448228745, "lr": 0.688845259018665}, "datetime": {"datetime": "2024-06-13 14:28:16", "elapsed": 2.200928, "delta": 0.003989}}
{"target": -2087.1585956803347, "params": {"gamma": 4.911608503081658, "lr": 0.08817368124218106}, "datetime": {"datetime": "2024-06-13 14:28:16", "elapsed": 2.204918, "delta": 0.00399}}
