{"target": -935.1304433142931, "params": {"gamma": 4.170803025021038, "lr": 0.7203244934421581}, "datetime": {"datetime": "2024-06-14 01:34:31", "elapsed": 0.0, "delta": 0.0}}
{"target": -148.9807410802169, "params": {"gamma": 0.002143633798631522, "lr": 0.30233257263183977}, "datetime": {"datetime": "2024-06-14 01:34:31", "elapsed": 0.003989, "delta": 0.003989}}
{"target": -691.4397582004341, "params": {"gamma": 1.4684121522803133, "lr": 0.0923385947687978}, "datetime": {"datetime": "2024-06-14 01:34:31", "elapsed": 0.007979, "delta": 0.00399}}
{"target": -395.60113753453385, "params": {"gamma": 1.8634158535653313, "lr": 0.34556072704304774}, "datetime": {"datetime": "2024-06-14 01:34:31", "elapsed": 0.01097, "delta": 0.002991}}
{"target": -806.0249245266507, "params": {"gamma": 3.968277974832469, "lr": 0.538816734003357}, "datetime": {"datetime": "2024-06-14 01:34:31", "elapsed": 0.01496, "delta": 0.00399}}
{"target": -923.1402779466956, "params": {"gamma": 4.192525949518545, "lr": 0.6852195003967595}, "datetime": {"datetime": "2024-06-14 01:34:31", "elapsed": 0.017952, "delta": 0.002992}}
{"target": -521.9869058090363, "params": {"gamma": 2.045318045065443, "lr": 0.8781174363909454}, "datetime": {"datetime": "2024-06-14 01:34:31", "elapsed": 0.021942, "delta": 0.00399}}
{"target": -150.91691419096935, "params": {"gamma": 0.2748485443860637, "lr": 0.6704675101784022}, "datetime": {"datetime": "2024-06-14 01:34:31", "elapsed": 0.025931, "delta": 0.003989}}
{"target": -842.231770354513, "params": {"gamma": 4.173630718868903, "lr": 0.5586898284457517}, "datetime": {"datetime": "2024-06-14 01:34:31", "elapsed": 0.028923, "delta": 0.002992}}
{"target": -509.61620517387473, "params": {"gamma": 1.4047289990137424, "lr": 0.1981014890848788}, "datetime": {"datetime": "2024-06-14 01:34:31", "elapsed": 0.032912, "delta": 0.003989}}
{"target": -2041.8791717863282, "params": {"gamma": 8.00764494218669, "lr": 0.9682615757193975}, "datetime": {"datetime": "2024-06-14 01:34:31", "elapsed": 0.035904, "delta": 0.002992}}
{"target": -696.196708906517, "params": {"gamma": 3.1349283574142692, "lr": 0.6923226156693141}, "datetime": {"datetime": "2024-06-14 01:34:31", "elapsed": 0.039483, "delta": 0.003579}}
{"target": -2183.073976818941, "params": {"gamma": 8.764015133808087, "lr": 0.8946066635038473}, "datetime": {"datetime": "2024-06-14 01:34:31", "elapsed": 0.043465, "delta": 0.003982}}
{"target": -437.1099647682196, "params": {"gamma": 0.8513570694864094, "lr": 0.03905478323288236}, "datetime": {"datetime": "2024-06-14 01:34:31", "elapsed": 0.047455, "delta": 0.00399}}
{"target": -440.4284294831727, "params": {"gamma": 1.6991343652261244, "lr": 0.8781425034294131}, "datetime": {"datetime": "2024-06-14 01:34:31", "elapsed": 0.050447, "delta": 0.002992}}
{"target": -227.6882198597599, "params": {"gamma": 0.9843699914966679, "lr": 0.42110762500505217}, "datetime": {"datetime": "2024-06-14 01:34:31", "elapsed": 0.054436, "delta": 0.003989}}
{"target": -1914.7455268618655, "params": {"gamma": 9.578937411974868, "lr": 0.5331652849730171}, "datetime": {"datetime": "2024-06-14 01:34:31", "elapsed": 0.058425, "delta": 0.003989}}
{"target": -1238.9001014601401, "params": {"gamma": 6.919079262390784, "lr": 0.31551563100606295}, "datetime": {"datetime": "2024-06-14 01:34:31", "elapsed": 0.061417, "delta": 0.002992}}
{"target": -1626.7598308838187, "params": {"gamma": 6.865322775888155, "lr": 0.8346256718973729}, "datetime": {"datetime": "2024-06-14 01:34:31", "elapsed": 0.065406, "delta": 0.003989}}
{"target": -146.13150552206906, "params": {"gamma": 0.18386448516457388, "lr": 0.7501443149449675}, "datetime": {"datetime": "2024-06-14 01:34:31", "elapsed": 0.068398, "delta": 0.002992}}
{"target": -2185.1609062675675, "params": {"gamma": 9.88862202797604, "lr": 0.7481656543798394}, "datetime": {"datetime": "2024-06-14 01:34:31", "elapsed": 0.072388, "delta": 0.00399}}
{"target": -647.8289474149767, "params": {"gamma": 2.8051594766519874, "lr": 0.7892793284514885}, "datetime": {"datetime": "2024-06-14 01:34:31", "elapsed": 0.076377, "delta": 0.003989}}
{"target": -237.6145749089178, "params": {"gamma": 1.0331568397698425, "lr": 0.44789352617590517}, "datetime": {"datetime": "2024-06-14 01:34:31", "elapsed": 0.079369, "delta": 0.002992}}
{"target": -1630.4368381138133, "params": {"gamma": 9.086046435427862, "lr": 0.2936141483736795}, "datetime": {"datetime": "2024-06-14 01:34:31", "elapsed": 0.083359, "delta": 0.00399}}
{"target": -1043.5884040087738, "params": {"gamma": 2.878465610524901, "lr": 0.13002857211827767}, "datetime": {"datetime": "2024-06-14 01:34:31", "elapsed": 0.086351, "delta": 0.002992}}
{"target": -146.32250120251229, "params": {"gamma": 0.19465021174510047, "lr": 0.678835532939891}, "datetime": {"datetime": "2024-06-14 01:34:31", "elapsed": 0.09034, "delta": 0.003989}}
{"target": -476.1850399908466, "params": {"gamma": 2.1170695318845905, "lr": 0.2655466593722262}, "datetime": {"datetime": "2024-06-14 01:34:31", "elapsed": 0.093332, "delta": 0.002992}}
{"target": -2365.9041962016554, "params": {"gamma": 4.916240019644103, "lr": 0.053362545117080384}, "datetime": {"datetime": "2024-06-14 01:34:31", "elapsed": 0.097321, "delta": 0.003989}}
{"target": -2126.9297469989933, "params": {"gamma": 5.741601937314639, "lr": 0.14672857490581015}, "datetime": {"datetime": "2024-06-14 01:34:31", "elapsed": 0.100313, "delta": 0.002992}}
{"target": -1290.2981626574815, "params": {"gamma": 5.89346606349594, "lr": 0.6997583600209312}, "datetime": {"datetime": "2024-06-14 01:34:31", "elapsed": 0.104303, "delta": 0.00399}}
{"target": -233.4773375483073, "params": {"gamma": 1.0242419538494305, "lr": 0.4140559878195683}, "datetime": {"datetime": "2024-06-14 01:34:31", "elapsed": 0.108292, "delta": 0.003989}}
{"target": -1250.9874331772835, "params": {"gamma": 6.9443071771197245, "lr": 0.41417926952690265}, "datetime": {"datetime": "2024-06-14 01:34:31", "elapsed": 0.111284, "delta": 0.002992}}
{"target": -171.72316209164006, "params": {"gamma": 0.5004846360019255, "lr": 0.5358964059155116}, "datetime": {"datetime": "2024-06-14 01:34:31", "elapsed": 0.115273, "delta": 0.003989}}
{"target": -1332.8500028099959, "params": {"gamma": 6.638282657552669, "lr": 0.5148891120583086}, "datetime": {"datetime": "2024-06-14 01:34:31", "elapsed": 0.118265, "delta": 0.002992}}
{"target": -1911.3354035604457, "params": {"gamma": 9.446002965152143, "lr": 0.5865550405019929}, "datetime": {"datetime": "2024-06-14 01:34:31", "elapsed": 0.122255, "delta": 0.00399}}
{"target": -3225.832505951889, "params": {"gamma": 9.034115750963547, "lr": 0.13747470414623753}, "datetime": {"datetime": "2024-06-14 01:34:31", "elapsed": 0.126244, "delta": 0.003989}}
{"target": -348.3133472345548, "params": {"gamma": 1.3936241961603346, "lr": 0.8073912887095238}, "datetime": {"datetime": "2024-06-14 01:34:31", "elapsed": 0.129236, "delta": 0.002992}}
{"target": -1478.4543237117068, "params": {"gamma": 3.9773706930183503, "lr": 0.16535419711693278}, "datetime": {"datetime": "2024-06-14 01:34:31", "elapsed": 0.133225, "delta": 0.003989}}
{"target": -1817.0537789430111, "params": {"gamma": 9.275158295379942, "lr": 0.34776585974550656}, "datetime": {"datetime": "2024-06-14 01:34:31", "elapsed": 0.136217, "delta": 0.002992}}
{"target": -1669.6481264009392, "params": {"gamma": 7.50837021925842, "lr": 0.7259979853504515}, "datetime": {"datetime": "2024-06-14 01:34:31", "elapsed": 0.13982, "delta": 0.003603}}
{"target": -1769.4667650413883, "params": {"gamma": 8.833177605966892, "lr": 0.6236722070556089}, "datetime": {"datetime": "2024-06-14 01:34:31", "elapsed": 0.143802, "delta": 0.003982}}
{"target": -1475.6307051955655, "params": {"gamma": 7.509673397839345, "lr": 0.34889834197784253}, "datetime": {"datetime": "2024-06-14 01:34:31", "elapsed": 0.146794, "delta": 0.002992}}
{"target": -686.7113112411978, "params": {"gamma": 2.7000089897584956, "lr": 0.8958862181960668}, "datetime": {"datetime": "2024-06-14 01:34:31", "elapsed": 0.150783, "delta": 0.003989}}
{"target": -1098.5803873041161, "params": {"gamma": 4.281483807523078, "lr": 0.9648400471483856}, "datetime": {"datetime": "2024-06-14 01:34:31", "elapsed": 0.154772, "delta": 0.003989}}
{"target": -1333.3921887947752, "params": {"gamma": 6.634751536686663, "lr": 0.6216957202091218}, "datetime": {"datetime": "2024-06-14 01:34:31", "elapsed": 0.157765, "delta": 0.002993}}
{"target": -322.28429571536196, "params": {"gamma": 1.1483449835607984, "lr": 0.9494892587070712}, "datetime": {"datetime": "2024-06-14 01:34:31", "elapsed": 0.161757, "delta": 0.003992}}
{"target": -920.9230722837721, "params": {"gamma": 4.499671422665926, "lr": 0.5783896143871318}, "datetime": {"datetime": "2024-06-14 01:34:31", "elapsed": 0.165746, "delta": 0.003989}}
{"target": -1091.5904406946354, "params": {"gamma": 4.081959890810051, "lr": 0.2370269802430277}, "datetime": {"datetime": "2024-06-14 01:34:31", "elapsed": 0.168738, "delta": 0.002992}}
{"target": -1828.7270274743573, "params": {"gamma": 9.033891826101975, "lr": 0.5736794866722859}, "datetime": {"datetime": "2024-06-14 01:34:31", "elapsed": 0.172731, "delta": 0.003993}}
{"target": -147.42553563850035, "params": {"gamma": 0.029700399984558545, "lr": 0.6171449136207239}, "datetime": {"datetime": "2024-06-14 01:34:31", "elapsed": 0.176719, "delta": 0.003988}}
{"target": -668.6738575112249, "params": {"gamma": 3.2671223728191894, "lr": 0.5270581022576093}, "datetime": {"datetime": "2024-06-14 01:34:31", "elapsed": 0.17972, "delta": 0.003001}}
{"target": -1736.6618587461076, "params": {"gamma": 8.859535051008434, "lr": 0.35726976000249977}, "datetime": {"datetime": "2024-06-14 01:34:31", "elapsed": 0.183704, "delta": 0.003984}}
{"target": -1819.5244043875387, "params": {"gamma": 9.085442974047073, "lr": 0.6233601157918027}, "datetime": {"datetime": "2024-06-14 01:34:31", "elapsed": 0.186695, "delta": 0.002991}}
{"target": -145.93148318207403, "params": {"gamma": 0.15919660722271628, "lr": 0.9294372337437613}, "datetime": {"datetime": "2024-06-14 01:34:31", "elapsed": 0.190685, "delta": 0.00399}}
{"target": -1763.5735896824135, "params": {"gamma": 6.9092782782517235, "lr": 0.9973228504514805}, "datetime": {"datetime": "2024-06-14 01:34:31", "elapsed": 0.194675, "delta": 0.00399}}
{"target": -640.4832579701496, "params": {"gamma": 1.7242327429449402, "lr": 0.13713574962887776}, "datetime": {"datetime": "2024-06-14 01:34:31", "elapsed": 0.198664, "delta": 0.003989}}
{"target": -2033.0170183442165, "params": {"gamma": 9.326022034908599, "lr": 0.6968181614899002}, "datetime": {"datetime": "2024-06-14 01:34:31", "elapsed": 0.201656, "delta": 0.002992}}
{"target": -201.49999963082035, "params": {"gamma": 0.6609357270479028, "lr": 0.7554630526024664}, "datetime": {"datetime": "2024-06-14 01:34:31", "elapsed": 0.205646, "delta": 0.00399}}
{"target": -1923.1252769211276, "params": {"gamma": 7.539008008424004, "lr": 0.9230245355464833}, "datetime": {"datetime": "2024-06-14 01:34:31", "elapsed": 0.208636, "delta": 0.00299}}
{"target": -2820.0915254344395, "params": {"gamma": 7.11553606152609, "lr": 0.1242709619721647}, "datetime": {"datetime": "2024-06-14 01:34:31", "elapsed": 0.212626, "delta": 0.00399}}
{"target": -186.40796843066232, "params": {"gamma": 0.1997814582641161, "lr": 0.026210986877719278}, "datetime": {"datetime": "2024-06-14 01:34:31", "elapsed": 0.216615, "delta": 0.003989}}
{"target": -167.0318223913396, "params": {"gamma": 0.2840365737199253, "lr": 0.2462110676030459}, "datetime": {"datetime": "2024-06-14 01:34:31", "elapsed": 0.220605, "delta": 0.00399}}
{"target": -1721.0610603612936, "params": {"gamma": 8.600419458880197, "lr": 0.5388310643416528}, "datetime": {"datetime": "2024-06-14 01:34:31", "elapsed": 0.223598, "delta": 0.002993}}
{"target": -1313.5937687458563, "params": {"gamma": 5.5286669648789735, "lr": 0.8420308923596057}, "datetime": {"datetime": "2024-06-14 01:34:31", "elapsed": 0.227587, "delta": 0.003989}}
{"target": -303.66138711408036, "params": {"gamma": 1.2426089778839915, "lr": 0.2791836790111395}, "datetime": {"datetime": "2024-06-14 01:34:31", "elapsed": 0.230579, "delta": 0.002992}}
{"target": -1497.317360042235, "params": {"gamma": 5.858006955311422, "lr": 0.9695957483196745}, "datetime": {"datetime": "2024-06-14 01:34:31", "elapsed": 0.234567, "delta": 0.003988}}
{"target": -2698.7925937241453, "params": {"gamma": 5.6107411623378445, "lr": 0.01864728937294302}, "datetime": {"datetime": "2024-06-14 01:34:31", "elapsed": 0.238557, "delta": 0.00399}}
{"target": -2130.756734572214, "params": {"gamma": 8.006526094133482, "lr": 0.23297427384102043}, "datetime": {"datetime": "2024-06-14 01:34:31", "elapsed": 0.241549, "delta": 0.002992}}
{"target": -1538.4340352133402, "params": {"gamma": 8.071244850992173, "lr": 0.38786064406417176}, "datetime": {"datetime": "2024-06-14 01:34:31", "elapsed": 0.245538, "delta": 0.003989}}
{"target": -1910.1621797944867, "params": {"gamma": 8.635555003739727, "lr": 0.7471216427371846}, "datetime": {"datetime": "2024-06-14 01:34:31", "elapsed": 0.249527, "delta": 0.003989}}
{"target": -1993.732455858353, "params": {"gamma": 5.562846099670199, "lr": 0.13645522566068502}, "datetime": {"datetime": "2024-06-14 01:34:31", "elapsed": 0.25252, "delta": 0.002993}}
{"target": -289.1876960850677, "params": {"gamma": 0.6001169774326044, "lr": 0.12134345574073735}, "datetime": {"datetime": "2024-06-14 01:34:31", "elapsed": 0.256509, "delta": 0.003989}}
{"target": -257.21595571997597, "params": {"gamma": 0.4464742335690725, "lr": 0.1074941291060929}, "datetime": {"datetime": "2024-06-14 01:34:31", "elapsed": 0.261496, "delta": 0.004987}}
{"target": -516.5149685487243, "params": {"gamma": 2.2578676767399393, "lr": 0.7129889803826767}, "datetime": {"datetime": "2024-06-14 01:34:31", "elapsed": 0.264488, "delta": 0.002992}}
{"target": -2692.497896632914, "params": {"gamma": 5.597610103559371, "lr": 0.012555980159115854}, "datetime": {"datetime": "2024-06-14 01:34:31", "elapsed": 0.268477, "delta": 0.003989}}
{"target": -227.86379192218683, "params": {"gamma": 0.7206708226151783, "lr": 0.967276330000272}, "datetime": {"datetime": "2024-06-14 01:34:31", "elapsed": 0.272467, "delta": 0.00399}}
{"target": -1712.2130443462597, "params": {"gamma": 5.6814365187375016, "lr": 0.20329323466099047}, "datetime": {"datetime": "2024-06-14 01:34:31", "elapsed": 0.277453, "delta": 0.004986}}
{"target": -574.6027256899617, "params": {"gamma": 2.5240051199586637, "lr": 0.7438258540750929}, "datetime": {"datetime": "2024-06-14 01:34:31", "elapsed": 0.281442, "delta": 0.003989}}
{"target": -419.6212278085172, "params": {"gamma": 1.9550993816120785, "lr": 0.5813589272732578}, "datetime": {"datetime": "2024-06-14 01:34:31", "elapsed": 0.285431, "delta": 0.003989}}
{"target": -2291.381182082681, "params": {"gamma": 9.700229870894034, "lr": 0.8468288014900353}, "datetime": {"datetime": "2024-06-14 01:34:31", "elapsed": 0.288424, "delta": 0.002993}}
{"target": -465.44570337262354, "params": {"gamma": 2.399237743716714, "lr": 0.49376971426872995}, "datetime": {"datetime": "2024-06-14 01:34:31", "elapsed": 0.292413, "delta": 0.003989}}
{"target": -1449.995845734173, "params": {"gamma": 6.199937228095417, "lr": 0.8289808995501787}, "datetime": {"datetime": "2024-06-14 01:34:31", "elapsed": 0.296402, "delta": 0.003989}}
{"target": -768.3281674362034, "params": {"gamma": 1.5687571550661965, "lr": 0.018576202177409518}, "datetime": {"datetime": "2024-06-14 01:34:31", "elapsed": 0.299394, "delta": 0.002992}}
{"target": -191.33369454953117, "params": {"gamma": 0.7011514150485041, "lr": 0.4863451109370318}, "datetime": {"datetime": "2024-06-14 01:34:31", "elapsed": 0.303383, "delta": 0.003989}}
{"target": -1213.1911466712136, "params": {"gamma": 6.063688287071651, "lr": 0.5688514370864813}, "datetime": {"datetime": "2024-06-14 01:34:31", "elapsed": 0.306376, "delta": 0.002993}}
{"target": -819.6623121660557, "params": {"gamma": 3.1743067308122854, "lr": 0.9886161544124489}, "datetime": {"datetime": "2024-06-14 01:34:31", "elapsed": 0.310365, "delta": 0.003989}}
{"target": -1111.6650062309757, "params": {"gamma": 5.797872447238724, "lr": 0.3801411726235504}, "datetime": {"datetime": "2024-06-14 01:34:31", "elapsed": 0.314354, "delta": 0.003989}}
{"target": -1224.6256674127587, "params": {"gamma": 5.509931242959851, "lr": 0.7453344309065021}, "datetime": {"datetime": "2024-06-14 01:34:31", "elapsed": 0.317346, "delta": 0.002992}}
{"target": -1435.9609003695966, "params": {"gamma": 6.6926597016383935, "lr": 0.2649195576628094}, "datetime": {"datetime": "2024-06-14 01:34:31", "elapsed": 0.321422, "delta": 0.004076}}
{"target": -192.92573615090305, "params": {"gamma": 0.6642820094499873, "lr": 0.3700841979141063}, "datetime": {"datetime": "2024-06-14 01:34:31", "elapsed": 0.325406, "delta": 0.003984}}
{"target": -1896.9731395220347, "params": {"gamma": 6.297545352708624, "lr": 0.2101740099148396}, "datetime": {"datetime": "2024-06-14 01:34:31", "elapsed": 0.328398, "delta": 0.002992}}
{"target": -3617.917490463833, "params": {"gamma": 7.5278027818344, "lr": 0.06653648135411494}, "datetime": {"datetime": "2024-06-14 01:34:31", "elapsed": 0.332388, "delta": 0.00399}}
{"target": -613.9273668166757, "params": {"gamma": 2.603890670686831, "lr": 0.8047545637433454}, "datetime": {"datetime": "2024-06-14 01:34:31", "elapsed": 0.33538, "delta": 0.002992}}
{"target": -412.2271064091493, "params": {"gamma": 1.935149391950654, "lr": 0.6394608808799401}, "datetime": {"datetime": "2024-06-14 01:34:31", "elapsed": 0.339369, "delta": 0.003989}}
{"target": -1342.711526911166, "params": {"gamma": 5.247178420928214, "lr": 0.9248079703993507}, "datetime": {"datetime": "2024-06-14 01:34:31", "elapsed": 0.343358, "delta": 0.003989}}
{"target": -1273.6616015739694, "params": {"gamma": 2.633704408100623, "lr": 0.06596109068402378}, "datetime": {"datetime": "2024-06-14 01:34:31", "elapsed": 0.34635, "delta": 0.002992}}
{"target": -1651.6522748255034, "params": {"gamma": 7.350924566923407, "lr": 0.7721780295432468}, "datetime": {"datetime": "2024-06-14 01:34:31", "elapsed": 0.35034, "delta": 0.00399}}
{"target": -2313.2095248715336, "params": {"gamma": 9.078250709182736, "lr": 0.9319720691968373}, "datetime": {"datetime": "2024-06-14 01:34:31", "elapsed": 0.353332, "delta": 0.002992}}
{"target": -153.92824943629975, "params": {"gamma": 0.14050177818299456, "lr": 0.2343620861214205}, "datetime": {"datetime": "2024-06-14 01:34:31", "elapsed": 0.357321, "delta": 0.003989}}
{"target": -1575.8542265512983, "params": {"gamma": 6.1681667916595755, "lr": 0.9490163206876164}, "datetime": {"datetime": "2024-06-14 01:34:31", "elapsed": 0.361311, "delta": 0.00399}}
{"target": -1889.976571327443, "params": {"gamma": 9.50181101635155, "lr": 0.5566531881951564}, "datetime": {"datetime": "2024-06-14 01:34:31", "elapsed": 0.364303, "delta": 0.002992}}
{"target": -1838.1329227153522, "params": {"gamma": 9.15614789131298, "lr": 0.6415662089463375}, "datetime": {"datetime": "2024-06-14 01:34:31", "elapsed": 0.368292, "delta": 0.003989}}
{"target": -732.5013551492669, "params": {"gamma": 3.9006871336983213, "lr": 0.48599066709690975}, "datetime": {"datetime": "2024-06-14 01:34:31", "elapsed": 0.371426, "delta": 0.003134}}
{"target": -1209.2190825639966, "params": {"gamma": 6.043500518716813, "lr": 0.5495479215085626}, "datetime": {"datetime": "2024-06-14 01:34:31", "elapsed": 0.375416, "delta": 0.00399}}
{"target": -2359.753429339643, "params": {"gamma": 9.26188808563783, "lr": 0.9187334356336061}, "datetime": {"datetime": "2024-06-14 01:34:31", "elapsed": 0.379405, "delta": 0.003989}}
{"target": -1014.7587439092503, "params": {"gamma": 3.9493612536226252, "lr": 0.9632625284407118}, "datetime": {"datetime": "2024-06-14 01:34:31", "elapsed": 0.382397, "delta": 0.002992}}
{"target": -646.0559250667748, "params": {"gamma": 1.740382711137963, "lr": 0.12632951943963733}, "datetime": {"datetime": "2024-06-14 01:34:31", "elapsed": 0.386186, "delta": 0.003789}}
{"target": -305.20499054552596, "params": {"gamma": 1.3516565013092665, "lr": 0.5056621656768967}, "datetime": {"datetime": "2024-06-14 01:34:31", "elapsed": 0.389778, "delta": 0.003592}}
{"target": -149.07539227999123, "params": {"gamma": 0.2162265279367056, "lr": 0.947970211217681}, "datetime": {"datetime": "2024-06-14 01:34:31", "elapsed": 0.393729, "delta": 0.003951}}
{"target": -3974.428044172768, "params": {"gamma": 8.271327596236153, "lr": 0.015018980742122379}, "datetime": {"datetime": "2024-06-14 01:34:31", "elapsed": 0.396721, "delta": 0.002992}}
{"target": -351.62866277915185, "params": {"gamma": 1.7627863594949775, "lr": 0.332063574366837}, "datetime": {"datetime": "2024-06-14 01:34:31", "elapsed": 0.400711, "delta": 0.00399}}
{"target": -330.88431046562994, "params": {"gamma": 1.310837451264358, "lr": 0.8094906921265821}, "datetime": {"datetime": "2024-06-14 01:34:31", "elapsed": 0.4047, "delta": 0.003989}}
{"target": -888.4568735868093, "params": {"gamma": 3.4480217901802512, "lr": 0.9401074823333672}, "datetime": {"datetime": "2024-06-14 01:34:31", "elapsed": 0.407692, "delta": 0.002992}}
{"target": -1435.9537230528265, "params": {"gamma": 5.820559785290854, "lr": 0.8788319844118441}, "datetime": {"datetime": "2024-06-14 01:34:31", "elapsed": 0.411684, "delta": 0.003992}}
{"target": -2108.9669155722545, "params": {"gamma": 8.447499719476827, "lr": 0.9053923187086492}, "datetime": {"datetime": "2024-06-14 01:34:31", "elapsed": 0.414676, "delta": 0.002992}}
{"target": -925.5975272116223, "params": {"gamma": 4.599342777902254, "lr": 0.5463468160203733}, "datetime": {"datetime": "2024-06-14 01:34:31", "elapsed": 0.418665, "delta": 0.003989}}
{"target": -1436.9512168606714, "params": {"gamma": 7.986237307929242, "lr": 0.28571885173414757}, "datetime": {"datetime": "2024-06-14 01:34:31", "elapsed": 0.421859, "delta": 0.003194}}
