{"target": -150.41670730980235, "params": {"gamma": 0.009030808975894526, "prior": 6.038913843100037, "rate": 4.11396131332955}, "datetime": {"datetime": "2024-06-14 12:44:07", "elapsed": 778.864781, "delta": 40.057937}}
{"target": -150.49583350448367, "params": {"gamma": 0.039928230584767674, "prior": 9.676460854975408, "rate": 4.774028392865382}, "datetime": {"datetime": "2024-06-14 12:44:36", "elapsed": 807.769548, "delta": 28.904767}}
{"target": -150.39537614003763, "params": {"gamma": 0.0053827754361381866, "prior": 4.818943656239267, "rate": 9.08463858563611}, "datetime": {"datetime": "2024-06-14 12:44:58", "elapsed": 830.489906, "delta": 22.720358}}
{"target": -150.37524040250022, "params": {"gamma": 0.00580490657545037, "prior": 0.9453278762933869, "rate": 7.839316949017439}, "datetime": {"datetime": "2024-06-14 12:45:19", "elapsed": 850.983041, "delta": 20.493135}}
