{"target": -361.588609489775, "params": {"gamma": 4.246702488235933, "prior": 3.7004756377425694, "rate": 2.825092294877215}, "datetime": {"datetime": "2024-06-14 12:57:20", "elapsed": 9.297307, "delta": 0.008978}}
{"target": -1081.5867550037692, "params": {"gamma": 9.93237460787099, "prior": 2.6319351668238067, "rate": 9.206835301993463}, "datetime": {"datetime": "2024-06-14 12:57:20", "elapsed": 9.307283, "delta": 0.009976}}
{"target": -376.3193679159575, "params": {"gamma": 4.283923802383466, "prior": 9.360727422179947, "rate": 8.38860949714763}, "datetime": {"datetime": "2024-06-14 12:57:20", "elapsed": 9.316259, "delta": 0.008976}}
{"target": -207.92966341508216, "params": {"gamma": 1.5586174788295128, "prior": 5.785405208073743, "rate": 6.7353566438421755}, "datetime": {"datetime": "2024-06-14 12:57:20", "elapsed": 9.326235, "delta": 0.009976}}
{"target": -562.4685654342283, "params": {"gamma": 4.058798239584453, "prior": 0.14828274037404324, "rate": 3.2539879663598352}, "datetime": {"datetime": "2024-06-14 12:57:20", "elapsed": 9.335211, "delta": 0.008976}}
{"target": -769.0336739066703, "params": {"gamma": 8.389610534784513, "prior": 0.7219574041509673, "rate": 1.0550920446467325}, "datetime": {"datetime": "2024-06-14 12:57:20", "elapsed": 9.345184, "delta": 0.009973}}
{"target": -589.3971489355397, "params": {"gamma": 7.0181716777726475, "prior": 5.190166850786258, "rate": 4.9821700831201285}, "datetime": {"datetime": "2024-06-14 12:57:20", "elapsed": 9.35416, "delta": 0.008976}}
{"target": -368.8312334473064, "params": {"gamma": 3.736723579545134, "prior": 6.074784805046058, "rate": 8.514836200003508}, "datetime": {"datetime": "2024-06-14 12:57:20", "elapsed": 9.364134, "delta": 0.009974}}
{"target": -247.3101793520846, "params": {"gamma": 2.7699536416334585, "prior": 8.463137492151986, "rate": 4.166774866572612}, "datetime": {"datetime": "2024-06-14 12:57:20", "elapsed": 9.373109, "delta": 0.008975}}
{"target": -358.94701303179016, "params": {"gamma": 5.010339139927012, "prior": 7.323271447824984, "rate": 2.5879583533585664}, "datetime": {"datetime": "2024-06-14 12:57:20", "elapsed": 9.383083, "delta": 0.009974}}
{"target": -745.64281729126, "params": {"gamma": 9.216447549642744, "prior": 7.050487695865598, "rate": 6.189685300551793}, "datetime": {"datetime": "2024-06-14 12:57:20", "elapsed": 9.392059, "delta": 0.008976}}
{"target": -235.83281207530547, "params": {"gamma": 2.7308153642818653, "prior": 6.988899717958515, "rate": 2.5728902697861002}, "datetime": {"datetime": "2024-06-14 12:57:20", "elapsed": 9.402032, "delta": 0.009973}}
{"target": -997.050466059709, "params": {"gamma": 8.164710250604447, "prior": 0.21357730472677, "rate": 1.6662098984717895}, "datetime": {"datetime": "2024-06-14 12:57:20", "elapsed": 9.411009, "delta": 0.008977}}
{"target": -445.1529189379807, "params": {"gamma": 5.578732058631829, "prior": 7.151581896064771, "rate": 4.925314058477191}, "datetime": {"datetime": "2024-06-14 12:57:20", "elapsed": 9.420982, "delta": 0.009973}}
{"target": -623.0205514338397, "params": {"gamma": 8.77821720529802, "prior": 9.761112381872845, "rate": 4.643306398374889}, "datetime": {"datetime": "2024-06-14 12:57:20", "elapsed": 9.430463, "delta": 0.009481}}
{"target": -691.7871848833048, "params": {"gamma": 7.680101807848576, "prior": 4.99824412495192, "rate": 6.651322684579871}, "datetime": {"datetime": "2024-06-14 12:57:20", "elapsed": 9.440436, "delta": 0.009973}}
{"target": -320.7292446621407, "params": {"gamma": 2.2495249246936897, "prior": 1.1844630004410581, "rate": 9.790110366804328}, "datetime": {"datetime": "2024-06-14 12:57:20", "elapsed": 9.449412, "delta": 0.008976}}
{"target": -801.9097768368576, "params": {"gamma": 8.150131602400142, "prior": 2.925296971250357, "rate": 5.858698015894784}, "datetime": {"datetime": "2024-06-14 12:57:20", "elapsed": 9.458388, "delta": 0.008976}}
{"target": -409.4229250559894, "params": {"gamma": 3.8013319815826336, "prior": 1.8457466036216705, "rate": 4.188932595381877}, "datetime": {"datetime": "2024-06-14 12:57:20", "elapsed": 9.468362, "delta": 0.009974}}
{"target": -417.91158324403966, "params": {"gamma": 2.9725807541730793, "prior": 0.2645786546757686, "rate": 3.8742957016810964}, "datetime": {"datetime": "2024-06-14 12:57:20", "elapsed": 9.477338, "delta": 0.008976}}
{"target": -705.2668478987262, "params": {"gamma": 9.209209125043717, "prior": 8.299182561203743, "rate": 5.741173477210314}, "datetime": {"datetime": "2024-06-14 12:57:20", "elapsed": 9.487311, "delta": 0.009973}}
{"target": -387.30859289900684, "params": {"gamma": 3.1871500009390448, "prior": 2.3895165193658316, "rate": 9.560239816725709}, "datetime": {"datetime": "2024-06-14 12:57:20", "elapsed": 9.497285, "delta": 0.009974}}
{"target": -499.305150852166, "params": {"gamma": 5.646536380588049, "prior": 2.254292505235319, "rate": 2.4955710289351303}, "datetime": {"datetime": "2024-06-14 12:57:20", "elapsed": 9.506292, "delta": 0.009007}}
{"target": -665.6800993277318, "params": {"gamma": 9.59600242910666, "prior": 2.464259919634281, "rate": 1.068034169467023}, "datetime": {"datetime": "2024-06-14 12:57:20", "elapsed": 9.516234, "delta": 0.009942}}
{"target": -217.61320188234149, "params": {"gamma": 1.840435435586939, "prior": 7.685625588487398, "rate": 7.087933795056683}, "datetime": {"datetime": "2024-06-14 12:57:20", "elapsed": 9.525715, "delta": 0.009481}}
{"target": -358.96675357782397, "params": {"gamma": 4.379981305846461, "prior": 7.958664620452609, "rate": 5.1756094087340525}, "datetime": {"datetime": "2024-06-14 12:57:20", "elapsed": 9.534691, "delta": 0.008976}}
{"target": -520.0673773536939, "params": {"gamma": 4.136568013129941, "prior": 1.262675168653137, "rate": 8.839226748297556}, "datetime": {"datetime": "2024-06-14 12:57:20", "elapsed": 9.544664, "delta": 0.009973}}
{"target": -299.9475945245167, "params": {"gamma": 2.7566565508887577, "prior": 6.200981160965617, "rate": 9.8458132098281}, "datetime": {"datetime": "2024-06-14 12:57:20", "elapsed": 9.55364, "delta": 0.008976}}
{"target": -211.87025806525756, "params": {"gamma": 1.8949908024154942, "prior": 9.655361118751124, "rate": 6.527500968888528}, "datetime": {"datetime": "2024-06-14 12:57:20", "elapsed": 9.563613, "delta": 0.009973}}
{"target": -194.28885741761715, "params": {"gamma": 1.28818731436088, "prior": 7.742078746123179, "rate": 9.51780600679268}, "datetime": {"datetime": "2024-06-14 12:57:20", "elapsed": 9.57259, "delta": 0.008977}}
{"target": -343.79737848366455, "params": {"gamma": 5.628242716344561, "prior": 6.916696477605665, "rate": 0.26445244082095803}, "datetime": {"datetime": "2024-06-14 12:57:20", "elapsed": 9.582563, "delta": 0.009973}}
{"target": -555.8013630091623, "params": {"gamma": 9.890767779393961, "prior": 3.252725486155457, "rate": 0.24001388988282726}, "datetime": {"datetime": "2024-06-14 12:57:20", "elapsed": 9.591539, "delta": 0.008976}}
{"target": -636.8484416800075, "params": {"gamma": 8.08583294059341, "prior": 9.735200262493974, "rate": 7.376147510656895}, "datetime": {"datetime": "2024-06-14 12:57:20", "elapsed": 9.601512, "delta": 0.009973}}
{"target": -151.20368606777478, "params": {"gamma": 0.028355324647958178, "prior": 0.7272690626029495, "rate": 5.843109782870581}, "datetime": {"datetime": "2024-06-14 12:57:20", "elapsed": 9.610488, "delta": 0.008976}}
{"target": -317.42209812687355, "params": {"gamma": 3.3578153624482754, "prior": 8.830151459442787, "rate": 8.736820024200027}, "datetime": {"datetime": "2024-06-14 12:57:20", "elapsed": 9.620462, "delta": 0.009974}}
{"target": -862.1900798291978, "params": {"gamma": 9.875201568135711, "prior": 7.186736493818677, "rate": 8.768960114386706}, "datetime": {"datetime": "2024-06-14 12:57:20", "elapsed": 9.630942, "delta": 0.01048}}
{"target": -417.44575550353176, "params": {"gamma": 3.197181468508664, "prior": 1.20065182400608, "rate": 8.653775693718016}, "datetime": {"datetime": "2024-06-14 12:57:20", "elapsed": 9.644904, "delta": 0.013962}}
{"target": -319.030974235018, "params": {"gamma": 3.035422507017289, "prior": 4.251389751852173, "rate": 6.460656540458656}, "datetime": {"datetime": "2024-06-14 12:57:20", "elapsed": 9.655875, "delta": 0.010971}}
{"target": -507.93187800744346, "params": {"gamma": 6.051386242420971, "prior": 4.267138536697311, "rate": 3.862118968194065}, "datetime": {"datetime": "2024-06-14 12:57:20", "elapsed": 9.665849, "delta": 0.009974}}
{"target": -175.38720131739802, "params": {"gamma": 1.227687737548204, "prior": 5.385232654603825, "rate": 2.329308118342716}, "datetime": {"datetime": "2024-06-14 12:57:20", "elapsed": 9.675822, "delta": 0.009973}}
{"target": -447.36255761383006, "params": {"gamma": 7.548323703153514, "prior": 6.78121878322855, "rate": 0.7201977211273354}, "datetime": {"datetime": "2024-06-14 12:57:20", "elapsed": 9.686792, "delta": 0.01097}}
{"target": -639.0233540207277, "params": {"gamma": 9.892657582673268, "prior": 7.826523662185978, "rate": 2.279031043019085}, "datetime": {"datetime": "2024-06-14 12:57:20", "elapsed": 9.695768, "delta": 0.008976}}
{"target": -154.46782078167496, "params": {"gamma": 0.30839744067862085, "prior": 4.835881127609816, "rate": 3.5280716325732393}, "datetime": {"datetime": "2024-06-14 12:57:21", "elapsed": 9.705742, "delta": 0.009974}}
{"target": -493.89619667795756, "params": {"gamma": 5.465568482142916, "prior": 6.630673158706719, "rate": 7.972400853780025}, "datetime": {"datetime": "2024-06-14 12:57:21", "elapsed": 9.715715, "delta": 0.009973}}
{"target": -151.845594673008, "params": {"gamma": 0.1364299240444373, "prior": 7.171525587400897, "rate": 2.95384434705289}, "datetime": {"datetime": "2024-06-14 12:57:21", "elapsed": 9.725196, "delta": 0.009481}}
{"target": -745.309856173327, "params": {"gamma": 9.864039353798532, "prior": 8.47779313281904, "rate": 5.604451409666734}, "datetime": {"datetime": "2024-06-14 12:57:21", "elapsed": 9.73517, "delta": 0.009974}}
{"target": -528.1582695044676, "params": {"gamma": 5.9780590880830164, "prior": 2.001549162745117, "rate": 2.263289634282068}, "datetime": {"datetime": "2024-06-14 12:57:21", "elapsed": 9.745144, "delta": 0.009974}}
{"target": -181.20349386513573, "params": {"gamma": 1.5409777702011733, "prior": 3.8403541198979734, "rate": 1.1204424879714694}, "datetime": {"datetime": "2024-06-14 12:57:21", "elapsed": 9.755116, "delta": 0.009972}}
{"target": -338.1526194082761, "params": {"gamma": 5.113217663448985, "prior": 6.420931758475319, "rate": 1.2230015699915957}, "datetime": {"datetime": "2024-06-14 12:57:21", "elapsed": 9.76509, "delta": 0.009974}}
{"target": -440.08093290663055, "params": {"gamma": 3.442619392943751, "prior": 0.7964440088835576, "rate": 5.25808611153342}, "datetime": {"datetime": "2024-06-14 12:57:21", "elapsed": 9.774066, "delta": 0.008976}}
{"target": -590.1927113199555, "params": {"gamma": 6.503247402260852, "prior": 6.193174199613517, "rate": 8.138881758532042}, "datetime": {"datetime": "2024-06-14 12:57:21", "elapsed": 9.784039, "delta": 0.009973}}
{"target": -225.59590826388197, "params": {"gamma": 2.3564267987877012, "prior": 6.220000234220411, "rate": 3.028982363807174}, "datetime": {"datetime": "2024-06-14 12:57:21", "elapsed": 9.794013, "delta": 0.009974}}
{"target": -161.43735879937066, "params": {"gamma": 0.8885882930853439, "prior": 3.1220885685015505, "rate": 0.7144933929712171}, "datetime": {"datetime": "2024-06-14 12:57:21", "elapsed": 9.802988, "delta": 0.008975}}
{"target": -564.4984759552365, "params": {"gamma": 9.585783535985689, "prior": 7.2989378057766, "rate": 1.0155071173822163}, "datetime": {"datetime": "2024-06-14 12:57:21", "elapsed": 9.812962, "delta": 0.009974}}
{"target": -812.8062517060526, "params": {"gamma": 7.862906954163588, "prior": 3.5863380649556653, "rate": 9.1144399680976}, "datetime": {"datetime": "2024-06-14 12:57:21", "elapsed": 9.821938, "delta": 0.008976}}
{"target": -339.7514312113375, "params": {"gamma": 4.955478850036387, "prior": 8.739657957550234, "rate": 2.206077417642493}, "datetime": {"datetime": "2024-06-14 12:57:21", "elapsed": 9.831911, "delta": 0.009973}}
{"target": -272.82549130332876, "params": {"gamma": 3.6725560667067523, "prior": 3.731685727367989, "rate": 0.9722296833512493}, "datetime": {"datetime": "2024-06-14 12:57:21", "elapsed": 9.841884, "delta": 0.009973}}
{"target": -294.76551369579533, "params": {"gamma": 3.310813326223882, "prior": 6.6311270580041155, "rate": 4.665968370246033}, "datetime": {"datetime": "2024-06-14 12:57:21", "elapsed": 9.85086, "delta": 0.008976}}
{"target": -780.0791838109458, "params": {"gamma": 8.792436465874568, "prior": 2.769735637264448, "rate": 3.5488386678677664}, "datetime": {"datetime": "2024-06-14 12:57:21", "elapsed": 9.860834, "delta": 0.009974}}
{"target": -257.0246599886546, "params": {"gamma": 3.2042225472159718, "prior": 5.562205909154905, "rate": 1.8830059366472722}, "datetime": {"datetime": "2024-06-14 12:57:21", "elapsed": 9.869838, "delta": 0.009004}}
{"target": -192.91289488820144, "params": {"gamma": 1.7332694708102208, "prior": 9.4008710496637, "rate": 3.767100489749554}, "datetime": {"datetime": "2024-06-14 12:57:21", "elapsed": 9.879783, "delta": 0.009945}}
{"target": -597.8470646308176, "params": {"gamma": 5.871394250695616, "prior": 0.6460056416863561, "rate": 1.409439110996769}, "datetime": {"datetime": "2024-06-14 12:57:21", "elapsed": 9.888759, "delta": 0.008976}}
{"target": -161.1123604595675, "params": {"gamma": 0.964489160060572, "prior": 8.139944122785648, "rate": 1.0323646790520586}, "datetime": {"datetime": "2024-06-14 12:57:21", "elapsed": 9.898732, "delta": 0.009973}}
{"target": -505.4527139737877, "params": {"gamma": 5.163644140749812, "prior": 1.6402211901215338, "rate": 2.7888887375330564}, "datetime": {"datetime": "2024-06-14 12:57:21", "elapsed": 9.907708, "delta": 0.008976}}
{"target": -814.426226609377, "params": {"gamma": 8.826137423028198, "prior": 6.352778274796015, "rate": 9.636663439420486}, "datetime": {"datetime": "2024-06-14 12:57:21", "elapsed": 9.917682, "delta": 0.009974}}
{"target": -806.4328778191978, "params": {"gamma": 5.997543941794315, "prior": 0.19424519054392425, "rate": 4.156994414198696}, "datetime": {"datetime": "2024-06-14 12:57:21", "elapsed": 9.927093, "delta": 0.009411}}
{"target": -153.923176576632, "params": {"gamma": 0.22539510183243922, "prior": 3.20844484766477, "rate": 4.816767682276697}, "datetime": {"datetime": "2024-06-14 12:57:21", "elapsed": 9.937065, "delta": 0.009972}}
{"target": -591.2741527946654, "params": {"gamma": 5.755017951896957, "prior": 2.4626370089964063, "rate": 5.583307497898072}, "datetime": {"datetime": "2024-06-14 12:57:21", "elapsed": 9.946042, "delta": 0.008977}}
{"target": -301.9957858918642, "params": {"gamma": 3.949806420938232, "prior": 5.115163656318577, "rate": 1.9604741784106727}, "datetime": {"datetime": "2024-06-14 12:57:21", "elapsed": 9.956015, "delta": 0.009973}}
{"target": -187.8472968214681, "params": {"gamma": 1.5683593484243095, "prior": 7.5697183752636255, "rate": 3.3004023148263886}, "datetime": {"datetime": "2024-06-14 12:57:21", "elapsed": 9.965988, "delta": 0.009973}}
{"target": -609.3415947094809, "params": {"gamma": 6.442312729689626, "prior": 5.698010406246365, "rate": 8.995409627944824}, "datetime": {"datetime": "2024-06-14 12:57:21", "elapsed": 9.974964, "delta": 0.008976}}
{"target": -619.946635259906, "params": {"gamma": 8.806955495452243, "prior": 4.486802863235155, "rate": 2.048146129836078}, "datetime": {"datetime": "2024-06-14 12:57:21", "elapsed": 9.984938, "delta": 0.009974}}
{"target": -550.1915359684835, "params": {"gamma": 6.322291560542967, "prior": 6.404676155930846, "rate": 6.92448261628265}, "datetime": {"datetime": "2024-06-14 12:57:21", "elapsed": 9.993914, "delta": 0.008976}}
{"target": -718.2800364201437, "params": {"gamma": 9.074824554145266, "prior": 7.847551682641525, "rate": 6.253284067622613}, "datetime": {"datetime": "2024-06-14 12:57:21", "elapsed": 10.003917, "delta": 0.010003}}
{"target": -646.7550815611844, "params": {"gamma": 6.010054988385501, "prior": 2.2063144570746065, "rate": 6.514002254616683}, "datetime": {"datetime": "2024-06-14 12:57:21", "elapsed": 10.013415, "delta": 0.009498}}
{"target": -682.8380939772335, "params": {"gamma": 8.145187207595269, "prior": 9.230992560443674, "rate": 9.166584470697245}, "datetime": {"datetime": "2024-06-14 12:57:21", "elapsed": 10.023413, "delta": 0.009998}}
{"target": -509.97839583323923, "params": {"gamma": 5.611426959920494, "prior": 2.6723563598308284, "rate": 3.338640770780343}, "datetime": {"datetime": "2024-06-14 12:57:21", "elapsed": 10.03236, "delta": 0.008947}}
{"target": -920.1336350027337, "params": {"gamma": 9.977625893322635, "prior": 5.303418103356411, "rate": 8.159250821705387}, "datetime": {"datetime": "2024-06-14 12:57:21", "elapsed": 10.042334, "delta": 0.009974}}
{"target": -471.4370544938793, "params": {"gamma": 5.970564861657937, "prior": 5.1186108345504335, "rate": 3.4860476134416722}, "datetime": {"datetime": "2024-06-14 12:57:21", "elapsed": 10.05131, "delta": 0.008976}}
{"target": -760.5074094064302, "params": {"gamma": 5.378167511784794, "prior": 0.16667359924261277, "rate": 8.766981380159143}, "datetime": {"datetime": "2024-06-14 12:57:21", "elapsed": 10.061284, "delta": 0.009974}}
{"target": -762.9951999140286, "params": {"gamma": 5.615303328845261, "prior": 0.340386110714318, "rate": 8.181929278566322}, "datetime": {"datetime": "2024-06-14 12:57:21", "elapsed": 10.071256, "delta": 0.009972}}
{"target": -236.7091144848958, "params": {"gamma": 1.3544085542298703, "prior": 0.4033231110996103, "rate": 4.623891705947023}, "datetime": {"datetime": "2024-06-14 12:57:21", "elapsed": 10.080232, "delta": 0.008976}}
{"target": -721.5599301789173, "params": {"gamma": 9.606606296174677, "prior": 1.0267810597935034, "rate": 0.656919562834297}, "datetime": {"datetime": "2024-06-14 12:57:21", "elapsed": 10.090206, "delta": 0.009974}}
{"target": -735.2498049515916, "params": {"gamma": 8.799475826643015, "prior": 8.231583211278556, "rate": 8.199874253028593}, "datetime": {"datetime": "2024-06-14 12:57:21", "elapsed": 10.100179, "delta": 0.009973}}
{"target": -407.693298228314, "params": {"gamma": 4.678712660105902, "prior": 4.3321717361492516, "rate": 4.011281986039528}, "datetime": {"datetime": "2024-06-14 12:57:21", "elapsed": 10.109705, "delta": 0.009526}}
{"target": -509.58886602028673, "params": {"gamma": 5.822568206350932, "prior": 7.316809626823501, "rate": 7.843135731493912}, "datetime": {"datetime": "2024-06-14 12:57:21", "elapsed": 10.118681, "delta": 0.008976}}
{"target": -519.5645231817173, "params": {"gamma": 6.548337076416619, "prior": 5.668415030292531, "rate": 4.1245136895947505}, "datetime": {"datetime": "2024-06-14 12:57:21", "elapsed": 10.128654, "delta": 0.009973}}
{"target": -307.60573157939143, "params": {"gamma": 3.1998307053765016, "prior": 2.9338531489792334, "rate": 2.9624710073123492}, "datetime": {"datetime": "2024-06-14 12:57:21", "elapsed": 10.138628, "delta": 0.009974}}
{"target": -548.3478238687045, "params": {"gamma": 6.827845908778269, "prior": 7.648167703379835, "rate": 5.976600250112773}, "datetime": {"datetime": "2024-06-14 12:57:21", "elapsed": 10.147603, "delta": 0.008975}}
{"target": -293.71337146528083, "params": {"gamma": 2.229416058643355, "prior": 2.0245107029967566, "rate": 7.657095501588769}, "datetime": {"datetime": "2024-06-14 12:57:21", "elapsed": 10.158126, "delta": 0.010523}}
{"target": -1216.6949756797828, "params": {"gamma": 9.786959495931479, "prior": 0.257508619766369, "rate": 2.489732521683815}, "datetime": {"datetime": "2024-06-14 12:57:21", "elapsed": 10.167102, "delta": 0.008976}}
{"target": -532.929561843162, "params": {"gamma": 7.923336404835708, "prior": 7.219736447758213, "rate": 2.4605535974366086}, "datetime": {"datetime": "2024-06-14 12:57:21", "elapsed": 10.177076, "delta": 0.009974}}
{"target": -502.5733584027683, "params": {"gamma": 5.549368918377377, "prior": 5.897299361580305, "rate": 7.21412138219565}, "datetime": {"datetime": "2024-06-14 12:57:21", "elapsed": 10.186052, "delta": 0.008976}}
{"target": -387.12958220360247, "params": {"gamma": 4.637273438415798, "prior": 4.1079998680749545, "rate": 3.080786698738075}, "datetime": {"datetime": "2024-06-14 12:57:21", "elapsed": 10.196025, "delta": 0.009973}}
{"target": -326.57332458882496, "params": {"gamma": 2.3838507751598206, "prior": 1.0157832456909792, "rate": 6.4591879907890055}, "datetime": {"datetime": "2024-06-14 12:57:21", "elapsed": 10.205998, "delta": 0.009973}}
{"target": -396.6382678973369, "params": {"gamma": 6.696034914953822, "prior": 6.904700391776786, "rate": 0.03245405892326011}, "datetime": {"datetime": "2024-06-14 12:57:21", "elapsed": 10.214974, "delta": 0.008976}}
{"target": -508.9656288077557, "params": {"gamma": 4.383092072177341, "prior": 1.3132783126224954, "rate": 5.266566747727368}, "datetime": {"datetime": "2024-06-14 12:57:21", "elapsed": 10.224947, "delta": 0.009973}}
{"target": -760.2441641427379, "params": {"gamma": 9.797416469397842, "prior": 5.042842408537047, "rate": 3.747125142755934}, "datetime": {"datetime": "2024-06-14 12:57:21", "elapsed": 10.233953, "delta": 0.009006}}
{"target": -534.0992421034963, "params": {"gamma": 8.13858608395356, "prior": 9.685194238622525, "rate": 2.8719466519104246}, "datetime": {"datetime": "2024-06-14 12:57:21", "elapsed": 10.243926, "delta": 0.009973}}
{"target": -473.70394948554946, "params": {"gamma": 8.030197397425262, "prior": 9.96180022989637, "rate": 1.1191305732763266}, "datetime": {"datetime": "2024-06-14 12:57:21", "elapsed": 10.25387, "delta": 0.009944}}
{"target": -394.14327523995235, "params": {"gamma": 5.310942498517634, "prior": 8.153913136901503, "rate": 3.763565542385325}, "datetime": {"datetime": "2024-06-14 12:57:21", "elapsed": 10.262846, "delta": 0.008976}}
