{"target": -242.09018320330014, "params": {"gamma": 4.371801524592517, "prior": 9.310290067062997, "rate": 5.796563374104747}, "datetime": {"datetime": "2024-06-14 08:53:25", "elapsed": 15.278491, "delta": 0.009973}}
{"target": -141.93232653932318, "params": {"gamma": 0.4919257168276211, "prior": 4.583327245754565, "rate": 1.6048400632304824}, "datetime": {"datetime": "2024-06-14 08:53:25", "elapsed": 15.288503, "delta": 0.010012}}
{"target": -389.11518925413804, "params": {"gamma": 7.3285116447675644, "prior": 3.5387914125136177, "rate": 2.0125752194218203}, "datetime": {"datetime": "2024-06-14 08:53:25", "elapsed": 15.298438, "delta": 0.009935}}
{"target": -493.44275098708795, "params": {"gamma": 8.428037552609165, "prior": 8.196183684842598, "rate": 3.4371232618649366}, "datetime": {"datetime": "2024-06-14 08:53:25", "elapsed": 15.308411, "delta": 0.009973}}
{"target": -169.68990319559836, "params": {"gamma": 4.036824289622301, "prior": 0.6999381207727932, "rate": 1.789668289049935}, "datetime": {"datetime": "2024-06-14 08:53:25", "elapsed": 15.318384, "delta": 0.009973}}
{"target": -276.1186411796161, "params": {"gamma": 7.359452519624915, "prior": 5.704690450059553, "rate": 8.232546464042965}, "datetime": {"datetime": "2024-06-14 08:53:25", "elapsed": 15.328358, "delta": 0.009974}}
{"target": -264.4806836758931, "params": {"gamma": 5.011999831149711, "prior": 7.70183791518716, "rate": 5.099670086770199}, "datetime": {"datetime": "2024-06-14 08:53:25", "elapsed": 15.338331, "delta": 0.009973}}
{"target": -205.29642849404985, "params": {"gamma": 5.681122236748865, "prior": 1.9277178465421385, "rate": 5.444465844143353}, "datetime": {"datetime": "2024-06-14 08:53:25", "elapsed": 15.348304, "delta": 0.009973}}
{"target": -183.62185065702693, "params": {"gamma": 2.0111304539680037, "prior": 5.606569803760094, "rate": 1.4152709353449207}, "datetime": {"datetime": "2024-06-14 08:53:25", "elapsed": 15.358307, "delta": 0.010003}}
{"target": -206.63358835447926, "params": {"gamma": 1.860913882924621, "prior": 7.671361205911481, "rate": 0.7097917708485983}, "datetime": {"datetime": "2024-06-14 08:53:25", "elapsed": 15.368288, "delta": 0.009981}}
{"target": -305.9018325926492, "params": {"gamma": 3.693767142270499, "prior": 8.790992387293622, "rate": 1.0442696607468924}, "datetime": {"datetime": "2024-06-14 08:53:25", "elapsed": 15.378253, "delta": 0.009965}}
{"target": -159.27449025263633, "params": {"gamma": 3.592172999392244, "prior": 1.2282076392222137, "rate": 8.765531034947044}, "datetime": {"datetime": "2024-06-14 08:53:25", "elapsed": 15.3872, "delta": 0.008947}}
{"target": -122.56882873572263, "params": {"gamma": 1.2632448916905008, "prior": 2.6200995276429606, "rate": 4.219641618837235}, "datetime": {"datetime": "2024-06-14 08:53:25", "elapsed": 15.397173, "delta": 0.009973}}
{"target": -347.5259398500656, "params": {"gamma": 6.652894921984129, "prior": 3.5125825645272064, "rate": 2.135803151301911}, "datetime": {"datetime": "2024-06-14 08:53:25", "elapsed": 15.407175, "delta": 0.010002}}
{"target": -170.2222285111423, "params": {"gamma": 3.734477672558837, "prior": 5.753143799030497, "rate": 9.907522742580955}, "datetime": {"datetime": "2024-06-14 08:53:25", "elapsed": 15.41712, "delta": 0.009945}}
{"target": -157.3097257817054, "params": {"gamma": 3.2723245929378826, "prior": 3.685813030171733, "rate": 7.062646301466503}, "datetime": {"datetime": "2024-06-14 08:53:25", "elapsed": 15.427093, "delta": 0.009973}}
{"target": -146.89869068320036, "params": {"gamma": 2.9900579784113206, "prior": 3.5620371383838085, "rate": 9.947082647057805}, "datetime": {"datetime": "2024-06-14 08:53:25", "elapsed": 15.437067, "delta": 0.009974}}
{"target": -519.0729233747056, "params": {"gamma": 6.043069520448973, "prior": 8.305226870877545, "rate": 0.3176252391757072}, "datetime": {"datetime": "2024-06-14 08:53:25", "elapsed": 15.44704, "delta": 0.009973}}
{"target": -137.00619138570787, "params": {"gamma": 1.4557567070423627, "prior": 7.304510112747834, "rate": 5.397899711964559}, "datetime": {"datetime": "2024-06-14 08:53:25", "elapsed": 15.457013, "delta": 0.009973}}
{"target": -460.47162188583627, "params": {"gamma": 9.952649800093342, "prior": 5.00673362856301, "rate": 3.8416545812104723}, "datetime": {"datetime": "2024-06-14 08:53:25", "elapsed": 15.466987, "delta": 0.009974}}
{"target": -135.68335463789944, "params": {"gamma": 1.9445456383363844, "prior": 5.942647801204246, "rate": 7.666485240265026}, "datetime": {"datetime": "2024-06-14 08:53:25", "elapsed": 15.47696, "delta": 0.009973}}
{"target": -747.5133727211279, "params": {"gamma": 9.244467433023058, "prior": 1.462495679977994, "rate": 0.08189114312752561}, "datetime": {"datetime": "2024-06-14 08:53:25", "elapsed": 15.486934, "delta": 0.009974}}
{"target": -183.95974392146587, "params": {"gamma": 4.780126931726139, "prior": 1.9111811039435311, "rate": 6.103775776452777}, "datetime": {"datetime": "2024-06-14 08:53:25", "elapsed": 15.496907, "delta": 0.009973}}
{"target": -235.3127241890235, "params": {"gamma": 6.203072776459787, "prior": 4.1553388322066995, "rate": 6.772375433611433}, "datetime": {"datetime": "2024-06-14 08:53:25", "elapsed": 15.50688, "delta": 0.009973}}
{"target": -223.51408656983747, "params": {"gamma": 1.997506020536704, "prior": 8.104961606799353, "rate": 0.5043465023721727}, "datetime": {"datetime": "2024-06-14 08:53:25", "elapsed": 15.516853, "delta": 0.009973}}
{"target": -137.5904424728642, "params": {"gamma": 1.7194467246754197, "prior": 9.807962958788716, "rate": 9.003871416888757}, "datetime": {"datetime": "2024-06-14 08:53:25", "elapsed": 15.526827, "delta": 0.009974}}
{"target": -522.0514892299324, "params": {"gamma": 9.397350482215943, "prior": 9.093598504119935, "rate": 4.414730582333611}, "datetime": {"datetime": "2024-06-14 08:53:25", "elapsed": 15.5368, "delta": 0.009973}}
{"target": -657.0840154824948, "params": {"gamma": 9.38810223223617, "prior": 2.450393284380015, "rate": 0.4960936050759842}, "datetime": {"datetime": "2024-06-14 08:53:25", "elapsed": 15.546583, "delta": 0.009783}}
{"target": -217.62170339894212, "params": {"gamma": 5.573083480654817, "prior": 3.2018703277326415, "rate": 5.321241086655658}, "datetime": {"datetime": "2024-06-14 08:53:25", "elapsed": 15.556558, "delta": 0.009975}}
{"target": -212.13324384348772, "params": {"gamma": 4.716614085966288, "prior": 4.883010854206279, "rate": 5.701205216020305}, "datetime": {"datetime": "2024-06-14 08:53:25", "elapsed": 15.567527, "delta": 0.010969}}
{"target": -288.6213116309872, "params": {"gamma": 9.234499334273318, "prior": 2.4383056862365993, "rate": 8.76092541084365}, "datetime": {"datetime": "2024-06-14 08:53:25", "elapsed": 15.5775, "delta": 0.009973}}
{"target": -255.54424294390503, "params": {"gamma": 7.338620497153172, "prior": 0.8841865537306981, "rate": 8.35403947254459}, "datetime": {"datetime": "2024-06-14 08:53:25", "elapsed": 15.587579, "delta": 0.010079}}
{"target": -408.42919073532363, "params": {"gamma": 3.977042541433784, "prior": 3.4238072872295295, "rate": 0.004929638918432948}, "datetime": {"datetime": "2024-06-14 08:53:25", "elapsed": 15.597552, "delta": 0.009973}}
{"target": -147.80574857911705, "params": {"gamma": 2.4588060546759145, "prior": 6.91066886368868, "rate": 8.511875178501727}, "datetime": {"datetime": "2024-06-14 08:53:25", "elapsed": 15.607283, "delta": 0.009731}}
{"target": -183.28825674071905, "params": {"gamma": 2.411253644225826, "prior": 3.772303728049094, "rate": 1.5050829543145978}, "datetime": {"datetime": "2024-06-14 08:53:25", "elapsed": 15.617282, "delta": 0.009999}}
{"target": -342.4552467012499, "params": {"gamma": 8.035198140908488, "prior": 7.198534861704508, "rate": 7.005081395607865}, "datetime": {"datetime": "2024-06-14 08:53:25", "elapsed": 15.627229, "delta": 0.009947}}
{"target": -294.7058835398241, "params": {"gamma": 6.788866386536979, "prior": 8.931245540448607, "rate": 8.830426892992689}, "datetime": {"datetime": "2024-06-14 08:53:25", "elapsed": 15.637203, "delta": 0.009974}}
{"target": -248.15582182793557, "params": {"gamma": 6.254053116944359, "prior": 2.9589059326949623, "rate": 4.031624750430216}, "datetime": {"datetime": "2024-06-14 08:53:25", "elapsed": 15.647176, "delta": 0.009973}}
{"target": -137.72794840864626, "params": {"gamma": 0.29054354730172277, "prior": 9.173191738621183, "rate": 6.874789890986447}, "datetime": {"datetime": "2024-06-14 08:53:25", "elapsed": 15.65715, "delta": 0.009974}}
{"target": -285.13420416040975, "params": {"gamma": 9.08180006447146, "prior": 3.0906626574741516, "rate": 9.448319713154849}, "datetime": {"datetime": "2024-06-14 08:53:25", "elapsed": 15.667123, "delta": 0.009973}}
{"target": -790.6105369939808, "params": {"gamma": 8.640447686233587, "prior": 8.871526314972696, "rate": 0.0024131607540603924}, "datetime": {"datetime": "2024-06-14 08:53:25", "elapsed": 15.677096, "delta": 0.009973}}
{"target": -163.25273550996474, "params": {"gamma": 3.773024949034168, "prior": 1.311020393599276, "rate": 9.328146256783993}, "datetime": {"datetime": "2024-06-14 08:53:25", "elapsed": 15.68707, "delta": 0.009974}}
{"target": -236.89161281766525, "params": {"gamma": 5.137558817898313, "prior": 4.94443049292636, "rate": 4.869724747174828}, "datetime": {"datetime": "2024-06-14 08:53:25", "elapsed": 15.69705, "delta": 0.00998}}
{"target": -220.7961562609826, "params": {"gamma": 5.703348718331128, "prior": 5.490624347569382, "rate": 9.171191497772435}, "datetime": {"datetime": "2024-06-14 08:53:25", "elapsed": 15.707018, "delta": 0.009968}}
{"target": -520.4238441686692, "params": {"gamma": 8.843961080725371, "prior": 7.858820667021336, "rate": 3.227950630409935}, "datetime": {"datetime": "2024-06-14 08:53:25", "elapsed": 15.716992, "delta": 0.009974}}
{"target": -259.33146018122164, "params": {"gamma": 7.8445897782918435, "prior": 1.537336203606739, "rate": 8.602401775503456}, "datetime": {"datetime": "2024-06-14 08:53:25", "elapsed": 15.726965, "delta": 0.009973}}
{"target": -382.2050184544581, "params": {"gamma": 7.730224416470844, "prior": 7.782074642130607, "rate": 5.287458244919481}, "datetime": {"datetime": "2024-06-14 08:53:25", "elapsed": 15.736938, "delta": 0.009973}}
{"target": -177.51936732773774, "params": {"gamma": 4.502403481540989, "prior": 2.3436517776557912, "rate": 8.086973092518448}, "datetime": {"datetime": "2024-06-14 08:53:25", "elapsed": 15.746912, "delta": 0.009974}}
{"target": -330.1234640418069, "params": {"gamma": 9.659325036522198, "prior": 5.480966524783521, "rate": 9.022172363016855}, "datetime": {"datetime": "2024-06-14 08:53:25", "elapsed": 15.756885, "delta": 0.009973}}
{"target": -180.40204714279386, "params": {"gamma": 2.824222069304223, "prior": 5.225776988360308, "rate": 3.282297731662208}, "datetime": {"datetime": "2024-06-14 08:53:25", "elapsed": 15.766858, "delta": 0.009973}}
{"target": -308.15824489579757, "params": {"gamma": 9.918019790908655, "prior": 2.5781348530454977, "rate": 6.7878761196273985}, "datetime": {"datetime": "2024-06-14 08:53:25", "elapsed": 15.776832, "delta": 0.009974}}
{"target": -280.69871298812006, "params": {"gamma": 7.642256587918056, "prior": 0.41904372335207496, "rate": 9.822730012274928}, "datetime": {"datetime": "2024-06-14 08:53:25", "elapsed": 15.786805, "delta": 0.009973}}
{"target": -150.96153205147772, "params": {"gamma": 0.914136075297375, "prior": 6.179340836196217, "rate": 1.4943587574456791}, "datetime": {"datetime": "2024-06-14 08:53:26", "elapsed": 15.796779, "delta": 0.009974}}
{"target": -197.33879579310585, "params": {"gamma": 5.208444170554118, "prior": 1.0241164266430445, "rate": 7.812223199457574}, "datetime": {"datetime": "2024-06-14 08:53:26", "elapsed": 15.806752, "delta": 0.009973}}
{"target": -663.7891755545336, "params": {"gamma": 7.729537241828221, "prior": 6.02167277279802, "rate": 0.1464186524360543}, "datetime": {"datetime": "2024-06-14 08:53:26", "elapsed": 15.817722, "delta": 0.01097}}
{"target": -123.04318369942122, "params": {"gamma": 0.42120018122586705, "prior": 1.891609508368085, "rate": 9.720334679149751}, "datetime": {"datetime": "2024-06-14 08:53:26", "elapsed": 15.827696, "delta": 0.009974}}
{"target": -191.50578901280113, "params": {"gamma": 2.5467472891170426, "prior": 7.534987376045962, "rate": 2.8130708604490677}, "datetime": {"datetime": "2024-06-14 08:53:26", "elapsed": 15.837669, "delta": 0.009973}}
{"target": -152.48411548672496, "params": {"gamma": 2.555930656746099, "prior": 2.6528509861883998, "rate": 2.971232902105741}, "datetime": {"datetime": "2024-06-14 08:53:26", "elapsed": 15.847643, "delta": 0.009974}}
{"target": -145.57024212512928, "params": {"gamma": 0.0904371047664351, "prior": 9.873044202472457, "rate": 5.6650398975873095}, "datetime": {"datetime": "2024-06-14 08:53:26", "elapsed": 15.857616, "delta": 0.009973}}
{"target": -486.4142888629473, "params": {"gamma": 6.018822270456636, "prior": 5.428774701508513, "rate": 0.4393316428380598}, "datetime": {"datetime": "2024-06-14 08:53:26", "elapsed": 15.867623, "delta": 0.010007}}
{"target": -208.91949864041993, "params": {"gamma": 4.715733368498675, "prior": 5.44279736196503, "rate": 6.729884951727836}, "datetime": {"datetime": "2024-06-14 08:53:26", "elapsed": 15.877563, "delta": 0.00994}}
{"target": -203.1376902065585, "params": {"gamma": 5.342145859164941, "prior": 0.6452158589676233, "rate": 6.20136980037383}, "datetime": {"datetime": "2024-06-14 08:53:26", "elapsed": 15.887536, "delta": 0.009973}}
{"target": -228.1243431551708, "params": {"gamma": 5.812170852564193, "prior": 5.501403625658926, "rate": 8.432969520852312}, "datetime": {"datetime": "2024-06-14 08:53:26", "elapsed": 15.897509, "delta": 0.009973}}
{"target": -327.99975538475786, "params": {"gamma": 4.4744202102791135, "prior": 6.075297918451513, "rate": 1.2370052511020126}, "datetime": {"datetime": "2024-06-14 08:53:26", "elapsed": 15.907483, "delta": 0.009974}}
{"target": -279.1701502677108, "params": {"gamma": 2.524540150676985, "prior": 8.518507824967577, "rate": 0.16322740050218212}, "datetime": {"datetime": "2024-06-14 08:53:26", "elapsed": 15.917456, "delta": 0.009973}}
{"target": -164.21858166212758, "params": {"gamma": 1.563353530050915, "prior": 8.251511250120657, "rate": 2.2941474771120194}, "datetime": {"datetime": "2024-06-14 08:53:26", "elapsed": 15.927429, "delta": 0.009973}}
{"target": -148.53328681948938, "params": {"gamma": 2.5926903584258394, "prior": 7.0378270060594685, "rate": 9.665286266010238}, "datetime": {"datetime": "2024-06-14 08:53:26", "elapsed": 15.937403, "delta": 0.009974}}
{"target": -192.1405644310527, "params": {"gamma": 1.9835999198248373, "prior": 7.500223150149078, "rate": 1.4059219435725394}, "datetime": {"datetime": "2024-06-14 08:53:26", "elapsed": 15.947376, "delta": 0.009973}}
{"target": -164.61500572385515, "params": {"gamma": 3.8255932152218004, "prior": 3.3005635888934934, "rate": 8.837971404321385}, "datetime": {"datetime": "2024-06-14 08:53:26", "elapsed": 15.957349, "delta": 0.009973}}
{"target": -537.1717178547048, "params": {"gamma": 6.554158581010341, "prior": 3.4023960640121804, "rate": 0.2170579835200867}, "datetime": {"datetime": "2024-06-14 08:53:26", "elapsed": 15.967322, "delta": 0.009973}}
{"target": -221.91558770753142, "params": {"gamma": 3.690717582622661, "prior": 9.724588651254853, "rate": 5.291461768734136}, "datetime": {"datetime": "2024-06-14 08:53:26", "elapsed": 15.977296, "delta": 0.009974}}
{"target": -286.773349785983, "params": {"gamma": 7.42170608723287, "prior": 3.5193494852507885, "rate": 4.606438063386967}, "datetime": {"datetime": "2024-06-14 08:53:26", "elapsed": 15.987269, "delta": 0.009973}}
{"target": -169.5929501229165, "params": {"gamma": 2.1171453464815797, "prior": 8.385901328359125, "rate": 3.5987287851418053}, "datetime": {"datetime": "2024-06-14 08:53:26", "elapsed": 15.997242, "delta": 0.009973}}
{"target": -146.75500057671297, "params": {"gamma": 0.37184424137389627, "prior": 6.920992980908198, "rate": 1.5587330522055973}, "datetime": {"datetime": "2024-06-14 08:53:26", "elapsed": 16.007216, "delta": 0.009974}}
{"target": -291.190801778207, "params": {"gamma": 7.98771294193551, "prior": 0.2510982809907867, "rate": 5.856645849985007}, "datetime": {"datetime": "2024-06-14 08:53:26", "elapsed": 16.017189, "delta": 0.009973}}
{"target": -384.13638248317073, "params": {"gamma": 4.955667253979119, "prior": 9.974871164209066, "rate": 1.344572993526239}, "datetime": {"datetime": "2024-06-14 08:53:26", "elapsed": 16.027163, "delta": 0.009974}}
{"target": -252.39417818391772, "params": {"gamma": 6.725864268561899, "prior": 1.0399602054672268, "rate": 1.6185223747759032}, "datetime": {"datetime": "2024-06-14 08:53:26", "elapsed": 16.038133, "delta": 0.01097}}
{"target": -632.994037676189, "params": {"gamma": 9.883324584988317, "prior": 8.085984167867757, "rate": 2.447158246382357}, "datetime": {"datetime": "2024-06-14 08:53:26", "elapsed": 16.048107, "delta": 0.009974}}
{"target": -291.6460450400728, "params": {"gamma": 8.46315815656222, "prior": 0.45244256444577213, "rate": 5.356534904767137}, "datetime": {"datetime": "2024-06-14 08:53:26", "elapsed": 16.05808, "delta": 0.009973}}
{"target": -134.24108136506075, "params": {"gamma": 0.9156560813263981, "prior": 9.711966099756669, "rate": 5.8314262663101335}, "datetime": {"datetime": "2024-06-14 08:53:26", "elapsed": 16.068053, "delta": 0.009973}}
{"target": -203.52690577423988, "params": {"gamma": 5.557857005100962, "prior": 3.2479334229382575, "rate": 8.499195516950698}, "datetime": {"datetime": "2024-06-14 08:53:26", "elapsed": 16.078027, "delta": 0.009974}}
{"target": -198.57823235560218, "params": {"gamma": 5.302014980143714, "prior": 0.26927241910209526, "rate": 1.849764010582726}, "datetime": {"datetime": "2024-06-14 08:53:26", "elapsed": 16.088, "delta": 0.009973}}
{"target": -174.29578025484008, "params": {"gamma": 4.335249630012873, "prior": 0.8917664699406374, "rate": 2.807294876301211}, "datetime": {"datetime": "2024-06-14 08:53:26", "elapsed": 16.096976, "delta": 0.008976}}
{"target": -143.67800807062446, "params": {"gamma": 2.50470246829456, "prior": 0.10602555886107112, "rate": 6.929160306974375}, "datetime": {"datetime": "2024-06-14 08:53:26", "elapsed": 16.106949, "delta": 0.009973}}
{"target": -323.372177935078, "params": {"gamma": 7.739122475175086, "prior": 8.221458050411275, "rate": 8.516444514251624}, "datetime": {"datetime": "2024-06-14 08:53:26", "elapsed": 16.116922, "delta": 0.009973}}
{"target": -138.13577206668492, "params": {"gamma": 1.516097284927453, "prior": 8.911362720684613, "rate": 6.582470685255508}, "datetime": {"datetime": "2024-06-14 08:53:26", "elapsed": 16.126896, "delta": 0.009974}}
{"target": -254.9436993671998, "params": {"gamma": 6.961640494479081, "prior": 5.684309475667977, "rate": 9.396880301472725}, "datetime": {"datetime": "2024-06-14 08:53:26", "elapsed": 16.137867, "delta": 0.010971}}
{"target": -169.8836209669619, "params": {"gamma": 2.5192185879677065, "prior": 7.8901544088551026, "rate": 4.953089405221723}, "datetime": {"datetime": "2024-06-14 08:53:26", "elapsed": 16.147841, "delta": 0.009974}}
{"target": -723.4079642195896, "params": {"gamma": 8.909111167255265, "prior": 2.834367028962495, "rate": 0.15345384499933612}, "datetime": {"datetime": "2024-06-14 08:53:26", "elapsed": 16.157813, "delta": 0.009972}}
{"target": -131.89279537428635, "params": {"gamma": 0.6498451553396644, "prior": 9.006387353591512, "rate": 6.411861082231753}, "datetime": {"datetime": "2024-06-14 08:53:26", "elapsed": 16.167787, "delta": 0.009974}}
{"target": -301.507495995075, "params": {"gamma": 7.302956948346961, "prior": 5.093180874926231, "rate": 5.5761884295247635}, "datetime": {"datetime": "2024-06-14 08:53:26", "elapsed": 16.17776, "delta": 0.009973}}
{"target": -188.67562653497092, "params": {"gamma": 3.6395809320717802, "prior": 7.848092917900229, "rate": 7.568895646824035}, "datetime": {"datetime": "2024-06-14 08:53:26", "elapsed": 16.187733, "delta": 0.009973}}
{"target": -328.1034937335864, "params": {"gamma": 7.000361363341032, "prior": 9.622734907924354, "rate": 7.688614872456184}, "datetime": {"datetime": "2024-06-14 08:53:26", "elapsed": 16.197707, "delta": 0.009974}}
{"target": -396.5316738309032, "params": {"gamma": 9.779247988847397, "prior": 5.943736851967249, "rate": 6.192971647774601}, "datetime": {"datetime": "2024-06-14 08:53:26", "elapsed": 16.20822, "delta": 0.010513}}
{"target": -502.8836911473691, "params": {"gamma": 6.390893117652819, "prior": 3.331076730816897, "rate": 0.33125715159731645}, "datetime": {"datetime": "2024-06-14 08:53:26", "elapsed": 16.217703, "delta": 0.009483}}
{"target": -605.1323694090478, "params": {"gamma": 7.881975609758543, "prior": 7.130859720793782, "rate": 0.7912378849771072}, "datetime": {"datetime": "2024-06-14 08:53:26", "elapsed": 16.227676, "delta": 0.009973}}
{"target": -136.55544134673013, "params": {"gamma": 1.486669782533265, "prior": 6.894768417542823, "rate": 5.350838735760061}, "datetime": {"datetime": "2024-06-14 08:53:26", "elapsed": 16.237649, "delta": 0.009973}}
{"target": -126.21667347837638, "params": {"gamma": 1.9129532131472144, "prior": 0.6539381737611052, "rate": 6.114511590773306}, "datetime": {"datetime": "2024-06-14 08:53:26", "elapsed": 16.247623, "delta": 0.009974}}
{"target": -122.87097621359197, "params": {"gamma": 0.5370626571610718, "prior": 2.2143955883275006, "rate": 5.027124040449976}, "datetime": {"datetime": "2024-06-14 08:53:26", "elapsed": 16.258156, "delta": 0.010533}}
{"target": -176.81493482919896, "params": {"gamma": 0.941217065094407, "prior": 4.1481704960787145, "rate": 0.2021378650325921}, "datetime": {"datetime": "2024-06-14 08:53:26", "elapsed": 16.268129, "delta": 0.009973}}
{"target": -137.2472055331404, "params": {"gamma": 1.1955179943126049, "prior": 9.40661888678996, "rate": 5.589052028891483}, "datetime": {"datetime": "2024-06-14 08:53:26", "elapsed": 16.278102, "delta": 0.009973}}
