{"target": -833.9093734991189, "params": {"gamma": 5.336999796367143, "lr": 0.31446701118584963}, "datetime": {"datetime": "2024-06-13 17:04:57", "elapsed": 0.802626, "delta": 0.003989}}
{"target": -1351.6055608737688, "params": {"gamma": 9.1078175389072, "lr": 0.36655664385123443}, "datetime": {"datetime": "2024-06-13 17:04:57", "elapsed": 0.806045, "delta": 0.003419}}
{"target": -814.603145319678, "params": {"gamma": 4.336489680404373, "lr": 0.5122926922783614}, "datetime": {"datetime": "2024-06-13 17:04:57", "elapsed": 0.809038, "delta": 0.002993}}
{"target": -3620.850712171379, "params": {"gamma": 9.388925887219763, "lr": 0.030949006271150714}, "datetime": {"datetime": "2024-06-13 17:04:57", "elapsed": 0.813027, "delta": 0.003989}}
{"target": -1713.712837498821, "params": {"gamma": 7.1690697576532605, "lr": 0.8910189542923389}, "datetime": {"datetime": "2024-06-13 17:04:57", "elapsed": 0.817016, "delta": 0.003989}}
{"target": -144.24971697407423, "params": {"gamma": 0.2738449479511707, "lr": 0.5220512472525107}, "datetime": {"datetime": "2024-06-13 17:04:57", "elapsed": 0.820008, "delta": 0.002992}}
{"target": -773.9721513128269, "params": {"gamma": 3.2605721278884827, "lr": 0.8594893208655858}, "datetime": {"datetime": "2024-06-13 17:04:57", "elapsed": 0.823997, "delta": 0.003989}}
{"target": -1205.2125028733478, "params": {"gamma": 5.585606992674257, "lr": 0.6902278681627478}, "datetime": {"datetime": "2024-06-13 17:04:57", "elapsed": 0.826989, "delta": 0.002992}}
{"target": -916.2379823036774, "params": {"gamma": 4.529082146015424, "lr": 0.6283090375213571}, "datetime": {"datetime": "2024-06-13 17:04:57", "elapsed": 0.829981, "delta": 0.002992}}
{"target": -1150.392603593354, "params": {"gamma": 2.901678420022571, "lr": 0.009348577966515781}, "datetime": {"datetime": "2024-06-13 17:04:57", "elapsed": 0.833971, "delta": 0.00399}}
{"target": -899.0951113570694, "params": {"gamma": 5.767982593935921, "lr": 0.3114442141324628}, "datetime": {"datetime": "2024-06-13 17:04:57", "elapsed": 0.836963, "delta": 0.002992}}
{"target": -1273.4877454758318, "params": {"gamma": 5.1731587174127975, "lr": 0.9164058530538978}, "datetime": {"datetime": "2024-06-13 17:04:57", "elapsed": 0.840952, "delta": 0.003989}}
{"target": -735.5131227703549, "params": {"gamma": 4.265321410225459, "lr": 0.2473960366023854}, "datetime": {"datetime": "2024-06-13 17:04:57", "elapsed": 0.843944, "delta": 0.002992}}
{"target": -923.0730746542794, "params": {"gamma": 3.7135663190292654, "lr": 0.9318611166365406}, "datetime": {"datetime": "2024-06-13 17:04:57", "elapsed": 0.847933, "delta": 0.003989}}
{"target": -2154.6435184152533, "params": {"gamma": 9.368746944709628, "lr": 0.8443299485657132}, "datetime": {"datetime": "2024-06-13 17:04:57", "elapsed": 0.850925, "delta": 0.002992}}
{"target": -1556.4525032325541, "params": {"gamma": 9.202144936542298, "lr": 0.22790028995131695}, "datetime": {"datetime": "2024-06-13 17:04:57", "elapsed": 0.854784, "delta": 0.003859}}
{"target": -201.2002769312442, "params": {"gamma": 0.8757346133263552, "lr": 0.22730973628468876}, "datetime": {"datetime": "2024-06-13 17:04:57", "elapsed": 0.85777, "delta": 0.002986}}
{"target": -670.8051612131778, "params": {"gamma": 3.1444517845243904, "lr": 0.17476587635631158}, "datetime": {"datetime": "2024-06-13 17:04:57", "elapsed": 0.861759, "delta": 0.003989}}
{"target": -1028.9876749756525, "params": {"gamma": 6.071334525562633, "lr": 0.41358641500116133}, "datetime": {"datetime": "2024-06-13 17:04:57", "elapsed": 0.864759, "delta": 0.003}}
{"target": -1586.2370146595, "params": {"gamma": 8.163698766760314, "lr": 0.18513039826903066}, "datetime": {"datetime": "2024-06-13 17:04:57", "elapsed": 0.868743, "delta": 0.003984}}
{"target": -1193.0692719550757, "params": {"gamma": 7.019063421033349, "lr": 0.24035562484913886}, "datetime": {"datetime": "2024-06-13 17:04:57", "elapsed": 0.871735, "delta": 0.002992}}
{"target": -888.9097842986223, "params": {"gamma": 5.742616669319757, "lr": 0.34898759722078887}, "datetime": {"datetime": "2024-06-13 17:04:57", "elapsed": 0.875725, "delta": 0.00399}}
{"target": -167.02784261296014, "params": {"gamma": 0.5705870304288444, "lr": 0.22881367096037586}, "datetime": {"datetime": "2024-06-13 17:04:57", "elapsed": 0.878717, "delta": 0.002992}}
{"target": -1114.8887077210995, "params": {"gamma": 6.641361450992581, "lr": 0.4972500933605313}, "datetime": {"datetime": "2024-06-13 17:04:57", "elapsed": 0.882706, "delta": 0.003989}}
{"target": -1090.352595550964, "params": {"gamma": 5.190640824752714, "lr": 0.1747201501089225}, "datetime": {"datetime": "2024-06-13 17:04:57", "elapsed": 0.886697, "delta": 0.003991}}
{"target": -1409.1908680401903, "params": {"gamma": 5.7075877996110185, "lr": 0.99675342520821}, "datetime": {"datetime": "2024-06-13 17:04:57", "elapsed": 0.889689, "delta": 0.002992}}
{"target": -1536.7550780659562, "params": {"gamma": 8.168534252807428, "lr": 0.5943726238309778}, "datetime": {"datetime": "2024-06-13 17:04:57", "elapsed": 0.892681, "delta": 0.002992}}
{"target": -2322.8160128030004, "params": {"gamma": 9.759914694240718, "lr": 0.9015625846693213}, "datetime": {"datetime": "2024-06-13 17:04:57", "elapsed": 0.896671, "delta": 0.00399}}
{"target": -2313.1410469952075, "params": {"gamma": 5.956483728092853, "lr": 0.032426325314457105}, "datetime": {"datetime": "2024-06-13 17:04:57", "elapsed": 0.90066, "delta": 0.003989}}
{"target": -412.33523110135894, "params": {"gamma": 0.93667738107899, "lr": 0.06537171504222639}, "datetime": {"datetime": "2024-06-13 17:04:57", "elapsed": 0.903652, "delta": 0.002992}}
{"target": -712.3727179057911, "params": {"gamma": 4.517879753766062, "lr": 0.37543483316785775}, "datetime": {"datetime": "2024-06-13 17:04:57", "elapsed": 0.906998, "delta": 0.003346}}
{"target": -2030.0235286952404, "params": {"gamma": 9.753524992668595, "lr": 0.1679832931996149}, "datetime": {"datetime": "2024-06-13 17:04:57", "elapsed": 0.910987, "delta": 0.003989}}
{"target": -2105.375118154348, "params": {"gamma": 9.72790313173462, "lr": 0.7674748688630131}, "datetime": {"datetime": "2024-06-13 17:04:57", "elapsed": 0.914977, "delta": 0.00399}}
{"target": -1656.249573987784, "params": {"gamma": 8.242554158405353, "lr": 0.6326158167779973}, "datetime": {"datetime": "2024-06-13 17:04:57", "elapsed": 0.917968, "delta": 0.002991}}
{"target": -1122.4986318156048, "params": {"gamma": 6.6876589692971145, "lr": 0.47688233352119336}, "datetime": {"datetime": "2024-06-13 17:04:57", "elapsed": 0.921958, "delta": 0.00399}}
{"target": -141.8842638155722, "params": {"gamma": 0.13235043287379938, "lr": 0.3530060855418248}, "datetime": {"datetime": "2024-06-13 17:04:57", "elapsed": 0.92495, "delta": 0.002992}}
{"target": -1089.3889118476784, "params": {"gamma": 4.9212259431340915, "lr": 0.7300912110901043}, "datetime": {"datetime": "2024-06-13 17:04:57", "elapsed": 0.92894, "delta": 0.00399}}
{"target": -793.9759518132108, "params": {"gamma": 4.686814799118347, "lr": 0.4574049160894317}, "datetime": {"datetime": "2024-06-13 17:04:57", "elapsed": 0.931932, "delta": 0.002992}}
{"target": -574.9859134713681, "params": {"gamma": 1.377489746715086, "lr": 0.01088873380347899}, "datetime": {"datetime": "2024-06-13 17:04:57", "elapsed": 0.935921, "delta": 0.003989}}
{"target": -1173.8693415931818, "params": {"gamma": 7.583024326509486, "lr": 0.3199528380776784}, "datetime": {"datetime": "2024-06-13 17:04:57", "elapsed": 0.938913, "delta": 0.002992}}
{"target": -1814.4648635457415, "params": {"gamma": 9.843850118484914, "lr": 0.220234226159156}, "datetime": {"datetime": "2024-06-13 17:04:57", "elapsed": 0.942902, "delta": 0.003989}}
{"target": -642.0468309896848, "params": {"gamma": 3.387741546791315, "lr": 0.5238961356661317}, "datetime": {"datetime": "2024-06-13 17:04:57", "elapsed": 0.945894, "delta": 0.002992}}
{"target": -1264.1331593443167, "params": {"gamma": 7.549159679148268, "lr": 0.46385778390029564}, "datetime": {"datetime": "2024-06-13 17:04:57", "elapsed": 0.949884, "delta": 0.00399}}
{"target": -231.9221044992082, "params": {"gamma": 1.2491006085736511, "lr": 0.3125013784920495}, "datetime": {"datetime": "2024-06-13 17:04:57", "elapsed": 0.952875, "delta": 0.002991}}
{"target": -1090.6098971506544, "params": {"gamma": 5.045687177840246, "lr": 0.6738490080168676}, "datetime": {"datetime": "2024-06-13 17:04:57", "elapsed": 0.956865, "delta": 0.00399}}
{"target": -1923.529360198673, "params": {"gamma": 7.70172941316461, "lr": 0.13033578095435427}, "datetime": {"datetime": "2024-06-13 17:04:57", "elapsed": 0.959857, "delta": 0.002992}}
{"target": -142.65644342118796, "params": {"gamma": 0.23012839809249527, "lr": 0.5190823222119895}, "datetime": {"datetime": "2024-06-13 17:04:58", "elapsed": 0.963846, "delta": 0.003989}}
{"target": -3129.803751522908, "params": {"gamma": 8.1000771179135, "lr": 0.012603767029876312}, "datetime": {"datetime": "2024-06-13 17:04:58", "elapsed": 0.966838, "delta": 0.002992}}
{"target": -1447.1992656527204, "params": {"gamma": 6.725025976692686, "lr": 0.6868082266569918}, "datetime": {"datetime": "2024-06-13 17:04:58", "elapsed": 0.970828, "delta": 0.00399}}
{"target": -1108.2564529796855, "params": {"gamma": 4.49301828911279, "lr": 0.9147886867419343}, "datetime": {"datetime": "2024-06-13 17:04:58", "elapsed": 0.974824, "delta": 0.003996}}
{"target": -2498.851635722154, "params": {"gamma": 6.443966486485173, "lr": 0.005239837651465851}, "datetime": {"datetime": "2024-06-13 17:04:58", "elapsed": 0.977812, "delta": 0.002988}}
{"target": -1140.7840444699502, "params": {"gamma": 4.844800026698242, "lr": 0.8593178060976}, "datetime": {"datetime": "2024-06-13 17:04:58", "elapsed": 0.981801, "delta": 0.003989}}
{"target": -1656.790593478197, "params": {"gamma": 8.304165300803357, "lr": 0.6491541971124779}, "datetime": {"datetime": "2024-06-13 17:04:58", "elapsed": 0.985793, "delta": 0.003992}}
{"target": -1270.6553694778197, "params": {"gamma": 6.737310540562419, "lr": 0.5784995797892005}, "datetime": {"datetime": "2024-06-13 17:04:58", "elapsed": 0.988785, "delta": 0.002992}}
{"target": -529.7987268192819, "params": {"gamma": 2.741923631893355, "lr": 0.5605299905360588}, "datetime": {"datetime": "2024-06-13 17:04:58", "elapsed": 0.992774, "delta": 0.003989}}
{"target": -1035.4617474579627, "params": {"gamma": 6.717626118389386, "lr": 0.35242963021640883}, "datetime": {"datetime": "2024-06-13 17:04:58", "elapsed": 0.996642, "delta": 0.003868}}
{"target": -1661.822787725174, "params": {"gamma": 8.558427844172023, "lr": 0.1950374860087073}, "datetime": {"datetime": "2024-06-13 17:04:58", "elapsed": 0.999634, "delta": 0.002992}}
{"target": -1175.26768895868, "params": {"gamma": 7.473460782508901, "lr": 0.2896027461868774}, "datetime": {"datetime": "2024-06-13 17:04:58", "elapsed": 1.003623, "delta": 0.003989}}
{"target": -1305.4640218300344, "params": {"gamma": 7.738219073154577, "lr": 0.4277373293360762}, "datetime": {"datetime": "2024-06-13 17:04:58", "elapsed": 1.007547, "delta": 0.003924}}
{"target": -1239.960967982536, "params": {"gamma": 8.077176392712982, "lr": 0.3535348626679904}, "datetime": {"datetime": "2024-06-13 17:04:58", "elapsed": 1.011538, "delta": 0.003991}}
{"target": -482.4663903371208, "params": {"gamma": 2.137718683058182, "lr": 0.7672845084217665}, "datetime": {"datetime": "2024-06-13 17:04:58", "elapsed": 1.016531, "delta": 0.004993}}
{"target": -691.8579774581008, "params": {"gamma": 3.0871108343588807, "lr": 0.7332450677264275}, "datetime": {"datetime": "2024-06-13 17:04:58", "elapsed": 1.021517, "delta": 0.004986}}
{"target": -1377.9187436146772, "params": {"gamma": 7.444987057624244, "lr": 0.22139670090820107}, "datetime": {"datetime": "2024-06-13 17:04:58", "elapsed": 1.025509, "delta": 0.003992}}
{"target": -439.5942435830345, "params": {"gamma": 2.141907256069664, "lr": 0.1989479234270667}, "datetime": {"datetime": "2024-06-13 17:04:58", "elapsed": 1.029499, "delta": 0.00399}}
{"target": -256.9955264752795, "params": {"gamma": 1.4260408593206808, "lr": 0.3770825992073341}, "datetime": {"datetime": "2024-06-13 17:04:58", "elapsed": 1.033487, "delta": 0.003988}}
{"target": -177.36327614273188, "params": {"gamma": 0.26725221903152313, "lr": 0.11092036903424063}, "datetime": {"datetime": "2024-06-13 17:04:58", "elapsed": 1.036419, "delta": 0.002932}}
{"target": -1475.9825822768478, "params": {"gamma": 6.745965673610343, "lr": 0.7997765368973863}, "datetime": {"datetime": "2024-06-13 17:04:58", "elapsed": 1.040408, "delta": 0.003989}}
{"target": -192.66168613031928, "params": {"gamma": 0.8062147417567307, "lr": 0.23170231048579204}, "datetime": {"datetime": "2024-06-13 17:04:58", "elapsed": 1.0434, "delta": 0.002992}}
{"target": -528.0807257307715, "params": {"gamma": 2.0770489923763398, "lr": 0.9173335630816306}, "datetime": {"datetime": "2024-06-13 17:04:58", "elapsed": 1.047661, "delta": 0.004261}}
{"target": -1311.334812893306, "params": {"gamma": 7.113433866846732, "lr": 0.5538846110514143}, "datetime": {"datetime": "2024-06-13 17:04:58", "elapsed": 1.050652, "delta": 0.002991}}
{"target": -712.2947862055693, "params": {"gamma": 3.0458753612182816, "lr": 0.8348540476317985}, "datetime": {"datetime": "2024-06-13 17:04:58", "elapsed": 1.054648, "delta": 0.003996}}
{"target": -1078.8652340306464, "params": {"gamma": 4.353624270337571, "lr": 0.9234562151187752}, "datetime": {"datetime": "2024-06-13 17:04:58", "elapsed": 1.057635, "delta": 0.002987}}
{"target": -1183.8404872430663, "params": {"gamma": 7.0608119915549965, "lr": 0.47803130796528337}, "datetime": {"datetime": "2024-06-13 17:04:58", "elapsed": 1.061628, "delta": 0.003993}}
{"target": -337.2859415244067, "params": {"gamma": 1.2629748273898376, "lr": 0.9760435504677476}, "datetime": {"datetime": "2024-06-13 17:04:58", "elapsed": 1.065615, "delta": 0.003987}}
{"target": -327.1904230913102, "params": {"gamma": 1.5991766697905894, "lr": 0.2026021252196626}, "datetime": {"datetime": "2024-06-13 17:04:58", "elapsed": 1.069603, "delta": 0.003988}}
{"target": -737.8930809113398, "params": {"gamma": 4.312386369848549, "lr": 0.40420190577514725}, "datetime": {"datetime": "2024-06-13 17:04:58", "elapsed": 1.072595, "delta": 0.002992}}
{"target": -348.0325975604471, "params": {"gamma": 1.4683680561621768, "lr": 0.7293189193611234}, "datetime": {"datetime": "2024-06-13 17:04:58", "elapsed": 1.076585, "delta": 0.00399}}
{"target": -395.8004054975472, "params": {"gamma": 1.8882619237049822, "lr": 0.6438956443116628}, "datetime": {"datetime": "2024-06-13 17:04:58", "elapsed": 1.080574, "delta": 0.003989}}
{"target": -1395.8083868869269, "params": {"gamma": 7.543305199812411, "lr": 0.21073239208332073}, "datetime": {"datetime": "2024-06-13 17:04:58", "elapsed": 1.083566, "delta": 0.002992}}
{"target": -1326.0004463685204, "params": {"gamma": 6.0099415268282925, "lr": 0.7489283752458364}, "datetime": {"datetime": "2024-06-13 17:04:58", "elapsed": 1.087555, "delta": 0.003989}}
{"target": -1204.7175457095593, "params": {"gamma": 6.382548887492715, "lr": 0.5971273029466491}, "datetime": {"datetime": "2024-06-13 17:04:58", "elapsed": 1.091545, "delta": 0.00399}}
{"target": -663.4769103256352, "params": {"gamma": 2.955527374269315, "lr": 0.7316064712415088}, "datetime": {"datetime": "2024-06-13 17:04:58", "elapsed": 1.095534, "delta": 0.003989}}
{"target": -1590.0635262794704, "params": {"gamma": 9.453139091559498, "lr": 0.42556139026154693}, "datetime": {"datetime": "2024-06-13 17:04:58", "elapsed": 1.099524, "delta": 0.00399}}
{"target": -3023.8720402684085, "params": {"gamma": 7.822035986497222, "lr": 0.056141039661915304}, "datetime": {"datetime": "2024-06-13 17:04:58", "elapsed": 1.102515, "delta": 0.002991}}
{"target": -1622.4628039805145, "params": {"gamma": 8.35288075329717, "lr": 0.1922500168221477}, "datetime": {"datetime": "2024-06-13 17:04:58", "elapsed": 1.106505, "delta": 0.00399}}
{"target": -624.8194552961249, "params": {"gamma": 3.951573592030842, "lr": 0.30008104592535645}, "datetime": {"datetime": "2024-06-13 17:04:58", "elapsed": 1.110494, "delta": 0.003989}}
{"target": -230.95568564448396, "params": {"gamma": 0.8019563344166869, "lr": 0.9046310029362429}, "datetime": {"datetime": "2024-06-13 17:04:58", "elapsed": 1.114484, "delta": 0.00399}}
{"target": -699.1277825637064, "params": {"gamma": 3.702171621359829, "lr": 0.5306974384761395}, "datetime": {"datetime": "2024-06-13 17:04:58", "elapsed": 1.118473, "delta": 0.003989}}
{"target": -1240.7519815451165, "params": {"gamma": 4.941668542697355, "lr": 0.13216114194293815}, "datetime": {"datetime": "2024-06-13 17:04:58", "elapsed": 1.121465, "delta": 0.002992}}
{"target": -833.4712041390525, "params": {"gamma": 2.0653341348354406, "lr": 0.07618880903232117}, "datetime": {"datetime": "2024-06-13 17:04:58", "elapsed": 1.125454, "delta": 0.003989}}
{"target": -790.9370750206677, "params": {"gamma": 5.07970907775293, "lr": 0.2615495518329871}, "datetime": {"datetime": "2024-06-13 17:04:58", "elapsed": 1.129444, "delta": 0.00399}}
{"target": -1218.1991475503685, "params": {"gamma": 3.5712590272190368, "lr": 0.10806532869723684}, "datetime": {"datetime": "2024-06-13 17:04:58", "elapsed": 1.132435, "delta": 0.002991}}
{"target": -2667.311260165593, "params": {"gamma": 7.87573084468542, "lr": 0.1065838767888011}, "datetime": {"datetime": "2024-06-13 17:04:58", "elapsed": 1.136425, "delta": 0.00399}}
{"target": -2051.3602092184037, "params": {"gamma": 9.857102528308165, "lr": 0.17716116443841734}, "datetime": {"datetime": "2024-06-13 17:04:58", "elapsed": 1.139416, "delta": 0.002991}}
{"target": -2224.760955356751, "params": {"gamma": 5.724478719234059, "lr": 0.044845334589088126}, "datetime": {"datetime": "2024-06-13 17:04:58", "elapsed": 1.143406, "delta": 0.00399}}
{"target": -1530.262209981362, "params": {"gamma": 7.871375780268687, "lr": 0.18960594781829654}, "datetime": {"datetime": "2024-06-13 17:04:58", "elapsed": 1.146398, "delta": 0.002992}}
{"target": -1167.2343854160995, "params": {"gamma": 5.279511880102859, "lr": 0.7400775431590716}, "datetime": {"datetime": "2024-06-13 17:04:58", "elapsed": 1.150387, "delta": 0.003989}}
{"target": -305.45895199764897, "params": {"gamma": 1.5001649176876422, "lr": 0.5510871741869717}, "datetime": {"datetime": "2024-06-13 17:04:58", "elapsed": 1.153379, "delta": 0.002992}}
{"target": -488.5862216414658, "params": {"gamma": 2.1669554660794654, "lr": 0.7591960493171447}, "datetime": {"datetime": "2024-06-13 17:04:58", "elapsed": 1.157369, "delta": 0.00399}}
{"target": -1510.0938643054692, "params": {"gamma": 7.229429020368581, "lr": 0.17654903427708302}, "datetime": {"datetime": "2024-06-13 17:04:58", "elapsed": 1.161358, "delta": 0.003989}}
{"target": -3327.817070032207, "params": {"gamma": 8.619803610113067, "lr": 0.019775099516344263}, "datetime": {"datetime": "2024-06-13 17:04:58", "elapsed": 1.164864, "delta": 0.003506}}
{"target": -1610.2406749178797, "params": {"gamma": 8.60250973723373, "lr": 0.5589038111609383}, "datetime": {"datetime": "2024-06-13 17:04:58", "elapsed": 1.167849, "delta": 0.002985}}
{"target": -884.7019255657269, "params": {"gamma": 4.032801500586387, "lr": 0.7587469310223366}, "datetime": {"datetime": "2024-06-13 17:04:58", "elapsed": 1.171838, "delta": 0.003989}}
{"target": -1766.3505342183412, "params": {"gamma": 7.169573087923007, "lr": 0.9873261748084265}, "datetime": {"datetime": "2024-06-13 17:04:58", "elapsed": 1.17483, "delta": 0.002992}}
{"target": -1104.7918654143973, "params": {"gamma": 2.7815724010812146, "lr": 0.0037936724093425855}, "datetime": {"datetime": "2024-06-13 17:04:58", "elapsed": 1.17882, "delta": 0.00399}}
{"target": -2185.22423886283, "params": {"gamma": 9.339092180540563, "lr": 0.8578971045378938}, "datetime": {"datetime": "2024-06-13 17:04:58", "elapsed": 1.182808, "delta": 0.003988}}
{"target": -1354.0759867894512, "params": {"gamma": 7.28877992431504, "lr": 0.5166887829215384}, "datetime": {"datetime": "2024-06-13 17:04:58", "elapsed": 1.185801, "delta": 0.002993}}
{"target": -1545.9173650426155, "params": {"gamma": 7.069855496242362, "lr": 0.7805295568767427}, "datetime": {"datetime": "2024-06-13 17:04:58", "elapsed": 1.18979, "delta": 0.003989}}
{"target": -824.1577463456989, "params": {"gamma": 3.749384559425057, "lr": 0.7703225253299576}, "datetime": {"datetime": "2024-06-13 17:04:58", "elapsed": 1.192782, "delta": 0.002992}}
{"target": -1497.2042334744683, "params": {"gamma": 7.506492567432579, "lr": 0.6132112115442597}, "datetime": {"datetime": "2024-06-13 17:04:58", "elapsed": 1.196771, "delta": 0.003989}}
{"target": -873.0082985289812, "params": {"gamma": 4.019257373754407, "lr": 0.6973080192643409}, "datetime": {"datetime": "2024-06-13 17:04:58", "elapsed": 1.199764, "delta": 0.002993}}
{"target": -144.47589275804572, "params": {"gamma": 0.032125465394095866, "lr": 0.7748966467245978}, "datetime": {"datetime": "2024-06-13 17:04:58", "elapsed": 1.203752, "delta": 0.003988}}
{"target": -1516.851435194557, "params": {"gamma": 8.964269607966013, "lr": 0.23931570743750463}, "datetime": {"datetime": "2024-06-13 17:04:58", "elapsed": 1.207742, "delta": 0.00399}}
{"target": -263.65870535458396, "params": {"gamma": 1.208551075907988, "lr": 0.2202839877937276}, "datetime": {"datetime": "2024-06-13 17:04:58", "elapsed": 1.210734, "delta": 0.002992}}
{"target": -720.5468899442744, "params": {"gamma": 3.021665216169693, "lr": 0.8830285085638342}, "datetime": {"datetime": "2024-06-13 17:04:58", "elapsed": 1.214724, "delta": 0.00399}}
{"target": -861.1844791368875, "params": {"gamma": 5.432121135950708, "lr": 0.2867116496064306}, "datetime": {"datetime": "2024-06-13 17:04:58", "elapsed": 1.217715, "delta": 0.002991}}
{"target": -252.6182886509212, "params": {"gamma": 1.3844085432396722, "lr": 0.29014446310454167}, "datetime": {"datetime": "2024-06-13 17:04:58", "elapsed": 1.221704, "delta": 0.003989}}
