{"target": -212.63211116142506, "params": {"gamma": 1.0947197590216522, "lr": 0.673041054216622}, "datetime": {"datetime": "2024-06-13 21:42:33", "elapsed": 1.645067, "delta": 0.003989}}
{"target": -827.0508837202052, "params": {"gamma": 4.999823778620901, "lr": 0.777098229275783}, "datetime": {"datetime": "2024-06-13 21:42:33", "elapsed": 1.649057, "delta": 0.00399}}
{"target": -382.167983054245, "params": {"gamma": 1.4369263717442184, "lr": 0.08320263643587555}, "datetime": {"datetime": "2024-06-13 21:42:33", "elapsed": 1.653045, "delta": 0.003988}}
{"target": -665.0082999112392, "params": {"gamma": 3.9927868349191855, "lr": 0.7969622519799001}, "datetime": {"datetime": "2024-06-13 21:42:33", "elapsed": 1.656038, "delta": 0.002993}}
{"target": -337.92081006607776, "params": {"gamma": 1.917565713359991, "lr": 0.767777192147274}, "datetime": {"datetime": "2024-06-13 21:42:33", "elapsed": 1.660027, "delta": 0.003989}}
{"target": -477.92186785550666, "params": {"gamma": 2.90368967262162, "lr": 0.21689148761179533}, "datetime": {"datetime": "2024-06-13 21:42:33", "elapsed": 1.664016, "delta": 0.003989}}
{"target": -136.01482429941052, "params": {"gamma": 0.1681391751809873, "lr": 0.3986590599223787}, "datetime": {"datetime": "2024-06-13 21:42:33", "elapsed": 1.667008, "delta": 0.002992}}
{"target": -591.7803819873017, "params": {"gamma": 3.8114338314432303, "lr": 0.6593449361953647}, "datetime": {"datetime": "2024-06-13 21:42:33", "elapsed": 1.670998, "delta": 0.00399}}
{"target": -194.57806712700597, "params": {"gamma": 0.7101130863034019, "lr": 0.15260398704227185}, "datetime": {"datetime": "2024-06-13 21:42:33", "elapsed": 1.674987, "delta": 0.003989}}
{"target": -141.11522552057912, "params": {"gamma": 0.16674225312644053, "lr": 0.11379635644740682}, "datetime": {"datetime": "2024-06-13 21:42:33", "elapsed": 1.677979, "delta": 0.002992}}
{"target": -850.2373658452279, "params": {"gamma": 6.518240970824895, "lr": 0.4026568521749192}, "datetime": {"datetime": "2024-06-13 21:42:33", "elapsed": 1.681968, "delta": 0.003989}}
{"target": -469.3963333069556, "params": {"gamma": 3.2109421153589914, "lr": 0.5579119942437725}, "datetime": {"datetime": "2024-06-13 21:42:33", "elapsed": 1.685957, "delta": 0.003989}}
{"target": -1671.5407995813246, "params": {"gamma": 9.9346111705354, "lr": 0.8344865140180296}, "datetime": {"datetime": "2024-06-13 21:42:33", "elapsed": 1.688949, "delta": 0.002992}}
{"target": -1235.298424244477, "params": {"gamma": 6.99653220081344, "lr": 0.9182585891320579}, "datetime": {"datetime": "2024-06-13 21:42:33", "elapsed": 1.692939, "delta": 0.00399}}
{"target": -166.57818102990728, "params": {"gamma": 0.3982473381241651, "lr": 0.07033344161552524}, "datetime": {"datetime": "2024-06-13 21:42:33", "elapsed": 1.696928, "delta": 0.003989}}
{"target": -702.4319326028066, "params": {"gamma": 4.740588893590559, "lr": 0.3491674129570773}, "datetime": {"datetime": "2024-06-13 21:42:33", "elapsed": 1.69992, "delta": 0.002992}}
{"target": -1225.1927002940458, "params": {"gamma": 9.37258336922236, "lr": 0.48956496114516856}, "datetime": {"datetime": "2024-06-13 21:42:33", "elapsed": 1.70391, "delta": 0.00399}}
{"target": -958.2646855649633, "params": {"gamma": 5.396951451823413, "lr": 0.8952603657312208}, "datetime": {"datetime": "2024-06-13 21:42:33", "elapsed": 1.707899, "delta": 0.003989}}
{"target": -786.4021292316354, "params": {"gamma": 4.466903823191082, "lr": 0.8770343892703519}, "datetime": {"datetime": "2024-06-13 21:42:33", "elapsed": 1.710891, "delta": 0.002992}}
{"target": -429.40248448227317, "params": {"gamma": 2.536563911966912, "lr": 0.27380970415810857}, "datetime": {"datetime": "2024-06-13 21:42:33", "elapsed": 1.71488, "delta": 0.003989}}
{"target": -473.6015345763581, "params": {"gamma": 3.284285539485814, "lr": 0.5475642704809535}, "datetime": {"datetime": "2024-06-13 21:42:33", "elapsed": 1.718869, "delta": 0.003989}}
{"target": -370.1738337140389, "params": {"gamma": 2.2020666115957854, "lr": 0.6714291710812733}, "datetime": {"datetime": "2024-06-13 21:42:33", "elapsed": 1.721862, "delta": 0.002993}}
{"target": -350.0826227370686, "params": {"gamma": 1.4287900347472011, "lr": 0.09410027449963942}, "datetime": {"datetime": "2024-06-13 21:42:33", "elapsed": 1.725851, "delta": 0.003989}}
{"target": -1392.9797289106548, "params": {"gamma": 8.70204727030757, "lr": 0.23686870355699852}, "datetime": {"datetime": "2024-06-13 21:42:33", "elapsed": 1.72984, "delta": 0.003989}}
{"target": -588.9268484106681, "params": {"gamma": 3.8606541062149327, "lr": 0.5715420927253323}, "datetime": {"datetime": "2024-06-13 21:42:33", "elapsed": 1.732832, "delta": 0.002992}}
{"target": -1292.5835643763553, "params": {"gamma": 5.258493897544749, "lr": 0.07602387944210687}, "datetime": {"datetime": "2024-06-13 21:42:33", "elapsed": 1.736822, "delta": 0.00399}}
{"target": -1538.5622492775215, "params": {"gamma": 8.741385230044685, "lr": 0.9511356184186921}, "datetime": {"datetime": "2024-06-13 21:42:33", "elapsed": 1.740811, "delta": 0.003989}}
{"target": -1324.8505101329163, "params": {"gamma": 8.125260534442543, "lr": 0.2838018349468743}, "datetime": {"datetime": "2024-06-13 21:42:33", "elapsed": 1.7448, "delta": 0.003989}}
{"target": -779.9648830035109, "params": {"gamma": 5.278940114383477, "lr": 0.3394167240176095}, "datetime": {"datetime": "2024-06-13 21:42:33", "elapsed": 1.747793, "delta": 0.002993}}
{"target": -983.7745356095683, "params": {"gamma": 5.54711844056588, "lr": 0.9744034689130026}, "datetime": {"datetime": "2024-06-13 21:42:33", "elapsed": 1.751782, "delta": 0.003989}}
{"target": -509.432396996446, "params": {"gamma": 3.1177174742720952, "lr": 0.6687966059228697}, "datetime": {"datetime": "2024-06-13 21:42:33", "elapsed": 1.755771, "delta": 0.003989}}
{"target": -547.9261502992821, "params": {"gamma": 3.26034610588255, "lr": 0.7744772660150796}, "datetime": {"datetime": "2024-06-13 21:42:33", "elapsed": 1.759761, "delta": 0.00399}}
{"target": -588.5389401092056, "params": {"gamma": 3.258773856165435, "lr": 0.889827341447375}, "datetime": {"datetime": "2024-06-13 21:42:33", "elapsed": 1.763749, "delta": 0.003988}}
{"target": -1234.007412749851, "params": {"gamma": 7.51732550147175, "lr": 0.7626320954451107}, "datetime": {"datetime": "2024-06-13 21:42:33", "elapsed": 1.766741, "delta": 0.002992}}
{"target": -756.5393438385429, "params": {"gamma": 4.695320806570698, "lr": 0.21076450246870537}, "datetime": {"datetime": "2024-06-13 21:42:33", "elapsed": 1.770731, "delta": 0.00399}}
{"target": -137.94404037236924, "params": {"gamma": 0.4157093206854123, "lr": 0.3218287999702445}, "datetime": {"datetime": "2024-06-13 21:42:33", "elapsed": 1.774721, "delta": 0.00399}}
{"target": -139.86865483985997, "params": {"gamma": 0.3720895322754502, "lr": 0.6938554113738997}, "datetime": {"datetime": "2024-06-13 21:42:33", "elapsed": 1.77871, "delta": 0.003989}}
{"target": -889.2974168746895, "params": {"gamma": 6.703829969329749, "lr": 0.430471782744975}, "datetime": {"datetime": "2024-06-13 21:42:33", "elapsed": 1.782699, "delta": 0.003989}}
{"target": -1081.6112107991419, "params": {"gamma": 7.678121987604072, "lr": 0.5360084947395637}, "datetime": {"datetime": "2024-06-13 21:42:33", "elapsed": 1.785691, "delta": 0.002992}}
{"target": -158.46337555572316, "params": {"gamma": 0.3995594064278903, "lr": 0.13479311796067905}, "datetime": {"datetime": "2024-06-13 21:42:33", "elapsed": 1.789681, "delta": 0.00399}}
{"target": -305.27000854847813, "params": {"gamma": 1.9349705737501688, "lr": 0.3356638011646498}, "datetime": {"datetime": "2024-06-13 21:42:33", "elapsed": 1.79367, "delta": 0.003989}}
{"target": -146.7102143330381, "params": {"gamma": 0.52407715142833, "lr": 0.6051167805003662}, "datetime": {"datetime": "2024-06-13 21:42:33", "elapsed": 1.797659, "delta": 0.003989}}
{"target": -762.8480486352038, "params": {"gamma": 5.121098214211664, "lr": 0.6174610120171561}, "datetime": {"datetime": "2024-06-13 21:42:33", "elapsed": 1.801648, "delta": 0.003989}}
{"target": -739.4392090653085, "params": {"gamma": 4.324123592048677, "lr": 0.8477004682374377}, "datetime": {"datetime": "2024-06-13 21:42:33", "elapsed": 1.805637, "delta": 0.003989}}
{"target": -1119.962756580535, "params": {"gamma": 4.541136501535455, "lr": 0.015403519791920894}, "datetime": {"datetime": "2024-06-13 21:42:33", "elapsed": 1.80863, "delta": 0.002993}}
{"target": -1331.6952695176724, "params": {"gamma": 8.730808416322548, "lr": 0.6562015477440989}, "datetime": {"datetime": "2024-06-13 21:42:33", "elapsed": 1.812619, "delta": 0.003989}}
{"target": -1449.6869087661626, "params": {"gamma": 8.23020740344406, "lr": 0.9517756930338517}, "datetime": {"datetime": "2024-06-13 21:42:33", "elapsed": 1.816608, "delta": 0.003989}}
{"target": -149.0317965137154, "params": {"gamma": 0.5100729227853552, "lr": 0.23507186409101455}, "datetime": {"datetime": "2024-06-13 21:42:33", "elapsed": 1.8196, "delta": 0.002992}}
{"target": -145.306794865452, "params": {"gamma": 0.6343710911199417, "lr": 0.4216578860324509}, "datetime": {"datetime": "2024-06-13 21:42:33", "elapsed": 1.823589, "delta": 0.003989}}
{"target": -2106.8473639337103, "params": {"gamma": 8.638427625869019, "lr": 0.0816239827150681}, "datetime": {"datetime": "2024-06-13 21:42:33", "elapsed": 1.827579, "delta": 0.00399}}
{"target": -1086.4881509980767, "params": {"gamma": 4.7316464169059, "lr": 0.12554310980872363}, "datetime": {"datetime": "2024-06-13 21:42:33", "elapsed": 1.831569, "delta": 0.00399}}
{"target": -1304.5318893222216, "params": {"gamma": 7.729083136069011, "lr": 0.8414221567958434}, "datetime": {"datetime": "2024-06-13 21:42:33", "elapsed": 1.83456, "delta": 0.002991}}
{"target": -136.09490795490777, "params": {"gamma": 0.4338660909233998, "lr": 0.48644074317039476}, "datetime": {"datetime": "2024-06-13 21:42:33", "elapsed": 1.838549, "delta": 0.003989}}
{"target": -442.63621712603765, "params": {"gamma": 2.3948710303334217, "lr": 0.9524737816932592}, "datetime": {"datetime": "2024-06-13 21:42:33", "elapsed": 1.84254, "delta": 0.003991}}
{"target": -1392.074273788223, "params": {"gamma": 9.438982385210178, "lr": 0.6139340023847009}, "datetime": {"datetime": "2024-06-13 21:42:33", "elapsed": 1.846528, "delta": 0.003988}}
{"target": -1423.3621492012333, "params": {"gamma": 9.734900485854638, "lr": 0.344861343716251}, "datetime": {"datetime": "2024-06-13 21:42:33", "elapsed": 1.84952, "delta": 0.002992}}
{"target": -1184.6878139676157, "params": {"gamma": 8.97860932595915, "lr": 0.4345949734085095}, "datetime": {"datetime": "2024-06-13 21:42:33", "elapsed": 1.85351, "delta": 0.00399}}
{"target": -436.6024953261627, "params": {"gamma": 2.35891055683799, "lr": 0.9408279632013994}, "datetime": {"datetime": "2024-06-13 21:42:33", "elapsed": 1.857499, "delta": 0.003989}}
{"target": -1674.0988152116888, "params": {"gamma": 6.842496291781293, "lr": 0.06491158533912933}, "datetime": {"datetime": "2024-06-13 21:42:33", "elapsed": 1.861488, "delta": 0.003989}}
{"target": -1392.050420558002, "params": {"gamma": 8.704378143373837, "lr": 0.7013802946333463}, "datetime": {"datetime": "2024-06-13 21:42:33", "elapsed": 1.865478, "delta": 0.00399}}
{"target": -1004.1907379852045, "params": {"gamma": 6.049663802869843, "lr": 0.7323748991793305}, "datetime": {"datetime": "2024-06-13 21:42:33", "elapsed": 1.869467, "delta": 0.003989}}
{"target": -391.8545524996334, "params": {"gamma": 2.535136985955308, "lr": 0.6004889552745444}, "datetime": {"datetime": "2024-06-13 21:42:34", "elapsed": 1.873457, "delta": 0.00399}}
{"target": -1988.2746992952268, "params": {"gamma": 8.146377193435292, "lr": 0.05411366032399989}, "datetime": {"datetime": "2024-06-13 21:42:34", "elapsed": 1.877446, "delta": 0.003989}}
{"target": -254.97876429917943, "params": {"gamma": 1.3059762027213204, "lr": 0.8424458099564136}, "datetime": {"datetime": "2024-06-13 21:42:34", "elapsed": 1.881435, "delta": 0.003989}}
{"target": -874.8865793760936, "params": {"gamma": 6.183840347409528, "lr": 0.531287810481058}, "datetime": {"datetime": "2024-06-13 21:42:34", "elapsed": 1.885424, "delta": 0.003989}}
{"target": -397.32977027759426, "params": {"gamma": 2.483658999241989, "lr": 0.2950785752494959}, "datetime": {"datetime": "2024-06-13 21:42:34", "elapsed": 1.889413, "delta": 0.003989}}
{"target": -1131.5402305390382, "params": {"gamma": 8.726988963029699, "lr": 0.42166593484970927}, "datetime": {"datetime": "2024-06-13 21:42:34", "elapsed": 1.892406, "delta": 0.002993}}
{"target": -170.24336192220278, "params": {"gamma": 0.6452381255404884, "lr": 0.8969850695075825}, "datetime": {"datetime": "2024-06-13 21:42:34", "elapsed": 1.896395, "delta": 0.003989}}
{"target": -356.7097788491469, "params": {"gamma": 2.0346049474076864, "lr": 0.8262275354923914}, "datetime": {"datetime": "2024-06-13 21:42:34", "elapsed": 1.900384, "delta": 0.003989}}
{"target": -1153.6897183413346, "params": {"gamma": 8.81782446020499, "lr": 0.48675074481833813}, "datetime": {"datetime": "2024-06-13 21:42:34", "elapsed": 1.903376, "delta": 0.002992}}
{"target": -847.4060065826603, "params": {"gamma": 5.98504846635326, "lr": 0.527267456485417}, "datetime": {"datetime": "2024-06-13 21:42:34", "elapsed": 1.907366, "delta": 0.00399}}
{"target": -1058.4104490773575, "params": {"gamma": 6.248588120560806, "lr": 0.8550417213473515}, "datetime": {"datetime": "2024-06-13 21:42:34", "elapsed": 1.911356, "delta": 0.00399}}
{"target": -507.6116987401513, "params": {"gamma": 2.8221123446002014, "lr": 0.8837555081806009}, "datetime": {"datetime": "2024-06-13 21:42:34", "elapsed": 1.915344, "delta": 0.003988}}
{"target": -1242.3830850062043, "params": {"gamma": 5.677335610861374, "lr": 0.11510304096690338}, "datetime": {"datetime": "2024-06-13 21:42:34", "elapsed": 1.919334, "delta": 0.00399}}
{"target": -359.46991755371874, "params": {"gamma": 2.270784650981365, "lr": 0.5959823856130138}, "datetime": {"datetime": "2024-06-13 21:42:34", "elapsed": 1.922326, "delta": 0.002992}}
{"target": -562.0219204881073, "params": {"gamma": 2.395222922809899, "lr": 0.13141566053746057}, "datetime": {"datetime": "2024-06-13 21:42:34", "elapsed": 1.926316, "delta": 0.00399}}
{"target": -302.1558264396545, "params": {"gamma": 1.6193152935242277, "lr": 0.8448725182357391}, "datetime": {"datetime": "2024-06-13 21:42:34", "elapsed": 1.930305, "delta": 0.003989}}
{"target": -1066.1600789905108, "params": {"gamma": 6.022234355273215, "lr": 0.9635670871883419}, "datetime": {"datetime": "2024-06-13 21:42:34", "elapsed": 1.934294, "delta": 0.003989}}
{"target": -530.9588387983396, "params": {"gamma": 3.4574464537469587, "lr": 0.5956250981349497}, "datetime": {"datetime": "2024-06-13 21:42:34", "elapsed": 1.938283, "delta": 0.003989}}
{"target": -889.2156162883321, "params": {"gamma": 5.9902539044452245, "lr": 0.6157042872039488}, "datetime": {"datetime": "2024-06-13 21:42:34", "elapsed": 1.971195, "delta": 0.032912}}
{"target": -158.04940814155532, "params": {"gamma": 0.5927128946500382, "lr": 0.7503171845746859}, "datetime": {"datetime": "2024-06-13 21:42:34", "elapsed": 1.975185, "delta": 0.00399}}
{"target": -1331.3633553272707, "params": {"gamma": 9.482146772378064, "lr": 0.5346790571795887}, "datetime": {"datetime": "2024-06-13 21:42:34", "elapsed": 1.979174, "delta": 0.003989}}
{"target": -339.2591175829052, "params": {"gamma": 1.926367653529729, "lr": 0.7529259149799422}, "datetime": {"datetime": "2024-06-13 21:42:34", "elapsed": 1.983163, "delta": 0.003989}}
{"target": -140.12346319437665, "params": {"gamma": 0.07418237430931014, "lr": 0.32825610365078084}, "datetime": {"datetime": "2024-06-13 21:42:34", "elapsed": 1.986155, "delta": 0.002992}}
{"target": -1379.828884572159, "params": {"gamma": 9.176145870096288, "lr": 0.5883673328938768}, "datetime": {"datetime": "2024-06-13 21:42:34", "elapsed": 1.990144, "delta": 0.003989}}
{"target": -1262.6521605873327, "params": {"gamma": 8.55204764875745, "lr": 0.6046720523491877}, "datetime": {"datetime": "2024-06-13 21:42:34", "elapsed": 1.994134, "delta": 0.00399}}
{"target": -1431.0790144806904, "params": {"gamma": 8.225958947086186, "lr": 0.8794835234293169}, "datetime": {"datetime": "2024-06-13 21:42:34", "elapsed": 1.998123, "delta": 0.003989}}
{"target": -713.9667992930983, "params": {"gamma": 3.210542758870008, "lr": 0.12295477155217849}, "datetime": {"datetime": "2024-06-13 21:42:34", "elapsed": 2.001118, "delta": 0.002995}}
{"target": -955.4153381341346, "params": {"gamma": 7.213312138521522, "lr": 0.44034708683123824}, "datetime": {"datetime": "2024-06-13 21:42:34", "elapsed": 2.005107, "delta": 0.003989}}
{"target": -223.94017773995418, "params": {"gamma": 1.268230355710944, "lr": 0.5898236481098892}, "datetime": {"datetime": "2024-06-13 21:42:34", "elapsed": 2.009096, "delta": 0.003989}}
{"target": -140.5898942583504, "params": {"gamma": 0.36164707738402946, "lr": 0.20018211641098693}, "datetime": {"datetime": "2024-06-13 21:42:34", "elapsed": 2.013086, "delta": 0.00399}}
{"target": -1924.86261964334, "params": {"gamma": 7.883223595490022, "lr": 0.012096760015357866}, "datetime": {"datetime": "2024-06-13 21:42:34", "elapsed": 2.016078, "delta": 0.002992}}
{"target": -758.4214133586621, "params": {"gamma": 3.034153371413982, "lr": 0.021375961088070716}, "datetime": {"datetime": "2024-06-13 21:42:34", "elapsed": 2.020067, "delta": 0.003989}}
{"target": -1494.5057160560448, "params": {"gamma": 9.974852442290567, "lr": 0.5820299763434618}, "datetime": {"datetime": "2024-06-13 21:42:34", "elapsed": 2.023059, "delta": 0.002992}}
{"target": -533.863157070446, "params": {"gamma": 2.93446940858208, "lr": 0.9289494618931157}, "datetime": {"datetime": "2024-06-13 21:42:34", "elapsed": 2.027048, "delta": 0.003989}}
{"target": -671.9741862619301, "params": {"gamma": 5.071687116058498, "lr": 0.4546922275524069}, "datetime": {"datetime": "2024-06-13 21:42:34", "elapsed": 2.031038, "delta": 0.00399}}
{"target": -963.4098315984156, "params": {"gamma": 5.879127191455569, "lr": 0.2641376442105696}, "datetime": {"datetime": "2024-06-13 21:42:34", "elapsed": 2.035027, "delta": 0.003989}}
{"target": -435.76286854602864, "params": {"gamma": 3.0535777051749857, "lr": 0.37165457672418245}, "datetime": {"datetime": "2024-06-13 21:42:34", "elapsed": 2.038019, "delta": 0.002992}}
{"target": -384.2591064148505, "params": {"gamma": 2.4452355457167374, "lr": 0.5845472661166298}, "datetime": {"datetime": "2024-06-13 21:42:34", "elapsed": 2.042009, "delta": 0.00399}}
{"target": -1702.1117614851266, "params": {"gamma": 6.958765493189333, "lr": 0.07194722016400112}, "datetime": {"datetime": "2024-06-13 21:42:34", "elapsed": 2.045998, "delta": 0.003989}}
{"target": -1589.1827011332084, "params": {"gamma": 9.710862112935013, "lr": 0.7530706558694549}, "datetime": {"datetime": "2024-06-13 21:42:34", "elapsed": 2.049987, "delta": 0.003989}}
{"target": -1322.1502610559578, "params": {"gamma": 8.061825466371129, "lr": 0.7516404040812905}, "datetime": {"datetime": "2024-06-13 21:42:34", "elapsed": 2.052979, "delta": 0.002992}}
{"target": -158.29851448017482, "params": {"gamma": 0.8015297117349018, "lr": 0.48169628302117706}, "datetime": {"datetime": "2024-06-13 21:42:34", "elapsed": 2.057966, "delta": 0.004987}}
{"target": -717.2447062582603, "params": {"gamma": 4.457283891060159, "lr": 0.6724726505249299}, "datetime": {"datetime": "2024-06-13 21:42:34", "elapsed": 2.061955, "delta": 0.003989}}
{"target": -727.1828010759549, "params": {"gamma": 4.487923850984395, "lr": 0.7043133983839096}, "datetime": {"datetime": "2024-06-13 21:42:34", "elapsed": 2.064947, "delta": 0.002992}}
{"target": -1086.523565386048, "params": {"gamma": 6.816771730688627, "lr": 0.6971485287527562}, "datetime": {"datetime": "2024-06-13 21:42:34", "elapsed": 2.068936, "delta": 0.003989}}
{"target": -1229.4256263646103, "params": {"gamma": 6.186388824872803, "lr": 0.15098073327964578}, "datetime": {"datetime": "2024-06-13 21:42:34", "elapsed": 2.073267, "delta": 0.004331}}
{"target": -1248.7268553459678, "params": {"gamma": 7.608263760601256, "lr": 0.781045822193957}, "datetime": {"datetime": "2024-06-13 21:42:34", "elapsed": 2.076766, "delta": 0.003499}}
{"target": -1446.5476216237735, "params": {"gamma": 9.041125756152136, "lr": 0.23376869260410593}, "datetime": {"datetime": "2024-06-13 21:42:34", "elapsed": 2.080756, "delta": 0.00399}}
{"target": -275.97368175445513, "params": {"gamma": 1.7676122518303419, "lr": 0.3910991231067624}, "datetime": {"datetime": "2024-06-13 21:42:34", "elapsed": 2.083748, "delta": 0.002992}}
{"target": -539.0674347618401, "params": {"gamma": 3.206325975297607, "lr": 0.8154769290056262}, "datetime": {"datetime": "2024-06-13 21:42:34", "elapsed": 2.087738, "delta": 0.00399}}
{"target": -1010.4828580165091, "params": {"gamma": 6.135645470784649, "lr": 0.7600017523497489}, "datetime": {"datetime": "2024-06-13 21:42:34", "elapsed": 2.091727, "delta": 0.003989}}
{"target": -969.7048927427556, "params": {"gamma": 4.277223331869946, "lr": 0.09944056291558923}, "datetime": {"datetime": "2024-06-13 21:42:34", "elapsed": 2.095716, "delta": 0.003989}}
{"target": -196.66609155698254, "params": {"gamma": 1.151235085490412, "lr": 0.3734071317371953}, "datetime": {"datetime": "2024-06-13 21:42:34", "elapsed": 2.098708, "delta": 0.002992}}
{"target": -342.19101455736353, "params": {"gamma": 1.939283827327562, "lr": 0.8207464986229382}, "datetime": {"datetime": "2024-06-13 21:42:34", "elapsed": 2.102699, "delta": 0.003991}}
{"target": -957.9968888324784, "params": {"gamma": 5.996760448228745, "lr": 0.688845259018665}, "datetime": {"datetime": "2024-06-13 21:42:34", "elapsed": 2.106689, "delta": 0.00399}}
{"target": -1167.5635602514114, "params": {"gamma": 4.911608503081658, "lr": 0.08817368124218106}, "datetime": {"datetime": "2024-06-13 21:42:34", "elapsed": 2.109681, "delta": 0.002992}}
