{"target": -172.69385521061014, "params": {"p_ai": 3.1432456469635857, "p_al": 1.3301176263169703, "p_ex": 7.967219098261448, "prior": 5.675065913341395, "rate": 4.14712461408191}, "datetime": {"datetime": "2024-06-13 08:07:53", "elapsed": 89.161544, "delta": 0.107744}}
{"target": -131.72491970184385, "params": {"p_ai": 0.587358130182522, "p_al": 0.06656219698395709, "p_ex": 3.1609186095825352, "prior": 2.715316394543481, "rate": 4.757760549476385}, "datetime": {"datetime": "2024-06-13 08:07:53", "elapsed": 89.270711, "delta": 0.109167}}
{"target": -583.9149050305153, "params": {"p_ai": 9.236195035157282, "p_al": 4.167428176120559, "p_ex": 2.8795508249232378, "prior": 8.452620085932317, "rate": 3.0701917238377807}, "datetime": {"datetime": "2024-06-13 08:07:53", "elapsed": 89.379211, "delta": 0.1085}}
{"target": -571.1484462218345, "params": {"p_ai": 9.155924640477402, "p_al": 8.63425502099894, "p_ex": 6.388553062492898, "prior": 7.477004260543885, "rate": 1.5740706325057872}, "datetime": {"datetime": "2024-06-13 08:07:53", "elapsed": 89.487285, "delta": 0.108074}}
{"target": -354.49438965221077, "params": {"p_ai": 6.029139826844452, "p_al": 3.2710458013785924, "p_ex": 4.887291857565705, "prior": 2.2546291955209634, "rate": 9.019674819004562}, "datetime": {"datetime": "2024-06-13 08:07:53", "elapsed": 89.595227, "delta": 0.107942}}
{"target": -246.35678375517801, "params": {"p_ai": 4.115926238069083, "p_al": 4.767863797915282, "p_ex": 7.214306126589714, "prior": 1.2228459324141263, "rate": 5.031147420462448}, "datetime": {"datetime": "2024-06-13 08:07:53", "elapsed": 89.705902, "delta": 0.110675}}
{"target": -505.39212876495503, "params": {"p_ai": 8.131663485200999, "p_al": 6.773741257345636, "p_ex": 3.2171856095203215, "prior": 7.106943301265306, "rate": 9.344461547196135}, "datetime": {"datetime": "2024-06-13 08:07:53", "elapsed": 89.814119, "delta": 0.108217}}
{"target": -606.4898423358443, "params": {"p_ai": 8.947867607275063, "p_al": 7.422605646963092, "p_ex": 2.6617455873327756, "prior": 3.725501581962508, "rate": 5.584620793314178}, "datetime": {"datetime": "2024-06-13 08:07:53", "elapsed": 89.923426, "delta": 0.109307}}
{"target": -234.8275772828608, "params": {"p_ai": 3.81110791966729, "p_al": 4.558012873762793, "p_ex": 7.935465915232807, "prior": 1.040297380969042, "rate": 9.7299927856935}, "datetime": {"datetime": "2024-06-13 08:07:54", "elapsed": 90.031141, "delta": 0.107715}}
{"target": -377.97070612506064, "params": {"p_ai": 7.046486043044176, "p_al": 8.647413955894878, "p_ex": 7.817018859374792, "prior": 4.322404951375301, "rate": 9.425168922688764}, "datetime": {"datetime": "2024-06-13 08:07:54", "elapsed": 90.141849, "delta": 0.110708}}
{"target": -227.07257509640996, "params": {"p_ai": 2.5316090848682102, "p_al": 0.46343798347233406, "p_ex": 0.9696854244177677, "prior": 2.0081654825988586, "rate": 5.3912662829380675}, "datetime": {"datetime": "2024-06-13 08:07:54", "elapsed": 90.250436, "delta": 0.108587}}
{"target": -269.8780631812908, "params": {"p_ai": 2.236801923106805, "p_al": 8.353372877694195, "p_ex": 0.09437753374081341, "prior": 7.459263387017947, "rate": 9.69010921459811}, "datetime": {"datetime": "2024-06-13 08:07:54", "elapsed": 90.362141, "delta": 0.111705}}
{"target": -176.81576584659248, "params": {"p_ai": 2.6725649276388403, "p_al": 6.238531248777721, "p_ex": 7.148081569821106, "prior": 3.270247221878411, "rate": 4.331832592556465}, "datetime": {"datetime": "2024-06-13 08:07:54", "elapsed": 90.470441, "delta": 0.1083}}
{"target": -489.6206388528253, "params": {"p_ai": 7.344354052301767, "p_al": 1.3123707216933747, "p_ex": 1.437716044015218, "prior": 3.7546878211627708, "rate": 2.2848621090646066}, "datetime": {"datetime": "2024-06-13 08:07:54", "elapsed": 90.578661, "delta": 0.10822}}
{"target": -260.7284918087432, "params": {"p_ai": 3.0705569514062137, "p_al": 1.5015067831741629, "p_ex": 0.9672639623300204, "prior": 9.159924327132273, "rate": 3.4595881913084976}, "datetime": {"datetime": "2024-06-13 08:07:54", "elapsed": 90.687263, "delta": 0.108602}}
{"target": -361.8688117793924, "params": {"p_ai": 5.660096601094165, "p_al": 5.472440451958918, "p_ex": 4.5041251239749585, "prior": 7.478457982844058, "rate": 3.3164329970073902}, "datetime": {"datetime": "2024-06-13 08:07:54", "elapsed": 90.796079, "delta": 0.108816}}
{"target": -499.5294618555819, "params": {"p_ai": 8.924882091116567, "p_al": 0.6812641898485671, "p_ex": 5.749321037658085, "prior": 3.391186716940452, "rate": 3.6396395485330513}, "datetime": {"datetime": "2024-06-13 08:07:54", "elapsed": 90.904108, "delta": 0.108029}}
{"target": -311.707335736516, "params": {"p_ai": 3.051673844581836, "p_al": 6.036259408805832, "p_ex": 2.34484488740895, "prior": 2.9437676907045023, "rate": 2.8556604108589827}, "datetime": {"datetime": "2024-06-13 08:07:54", "elapsed": 91.013396, "delta": 0.109288}}
{"target": -155.62647762755913, "params": {"p_ai": 0.06894765796633268, "p_al": 3.716813476029669, "p_ex": 0.4899246143734417, "prior": 8.743887748991542, "rate": 7.2185044914028715}, "datetime": {"datetime": "2024-06-13 08:07:55", "elapsed": 91.121113, "delta": 0.107717}}
{"target": -297.58724203627537, "params": {"p_ai": 5.953475738168867, "p_al": 7.439039471551036, "p_ex": 9.011039743831343, "prior": 6.941211543141177, "rate": 5.90797241496815}, "datetime": {"datetime": "2024-06-13 08:07:55", "elapsed": 91.229485, "delta": 0.108372}}
{"target": -129.75408711934824, "params": {"p_ai": 1.2434681770108849, "p_al": 4.046421932570356, "p_ex": 5.789933531360811, "prior": 6.028840813825507, "rate": 9.607817590001783}, "datetime": {"datetime": "2024-06-13 08:07:55", "elapsed": 91.33774, "delta": 0.108255}}
{"target": -199.9391153581693, "params": {"p_ai": 2.0557977104341765, "p_al": 6.631850124302443, "p_ex": 2.5650349774738426, "prior": 4.1781946638619605, "rate": 9.719532670633221}, "datetime": {"datetime": "2024-06-13 08:07:55", "elapsed": 91.446607, "delta": 0.108867}}
{"target": -277.7658939893433, "params": {"p_ai": 3.31144322847995, "p_al": 3.620869630590026, "p_ex": 4.396244916200968, "prior": 0.4076372311016773, "rate": 3.9863038148057774}, "datetime": {"datetime": "2024-06-13 08:07:55", "elapsed": 91.555347, "delta": 0.10874}}
{"target": -312.20229748083557, "params": {"p_ai": 6.190232010608117, "p_al": 5.7812217885154835, "p_ex": 8.734253865159978, "prior": 6.412224391593954, "rate": 5.570002490848631}, "datetime": {"datetime": "2024-06-13 08:07:55", "elapsed": 91.668015, "delta": 0.112668}}
{"target": -308.99176043384364, "params": {"p_ai": 6.406830923563959, "p_al": 0.4771202173229796, "p_ex": 9.961217364236495, "prior": 1.517902470777048, "rate": 4.185050420467527}, "datetime": {"datetime": "2024-06-13 08:07:55", "elapsed": 91.795674, "delta": 0.127659}}
{"target": -192.85059636906797, "params": {"p_ai": 2.953219449966769, "p_al": 5.7725917240622495, "p_ex": 5.596050673452704, "prior": 3.5217911282734677, "rate": 9.73632101034662}, "datetime": {"datetime": "2024-06-13 08:07:55", "elapsed": 91.914356, "delta": 0.118682}}
{"target": -491.35432873091105, "params": {"p_ai": 7.512965119155592, "p_al": 8.898523787979325, "p_ex": 4.554646543417618, "prior": 5.994461480255916, "rate": 4.135119304282028}, "datetime": {"datetime": "2024-06-13 08:07:56", "elapsed": 92.025061, "delta": 0.110705}}
{"target": -294.63536661810195, "params": {"p_ai": 3.043247399234573, "p_al": 5.255180236940175, "p_ex": 1.9104821219709982, "prior": 2.141803137630578, "rate": 5.108363395710763}, "datetime": {"datetime": "2024-06-13 08:07:56", "elapsed": 92.14724, "delta": 0.122179}}
{"target": -120.35324908153153, "params": {"p_ai": 0.13950689289069168, "p_al": 4.4554255996411385, "p_ex": 9.96701001286446, "prior": 8.227007128517913, "rate": 0.8355220043224125}, "datetime": {"datetime": "2024-06-13 08:07:56", "elapsed": 92.270284, "delta": 0.123044}}
{"target": -445.9454609830029, "params": {"p_ai": 6.559247279844655, "p_al": 2.25470390737774, "p_ex": 1.1804405667721274, "prior": 3.4874239506633353, "rate": 6.771991012506975}, "datetime": {"datetime": "2024-06-13 08:07:56", "elapsed": 92.38398, "delta": 0.113696}}
{"target": -271.2212278490273, "params": {"p_ai": 5.508094840668205, "p_al": 0.4405826726522236, "p_ex": 8.567685939201464, "prior": 4.776472641076445, "rate": 8.567905472459115}, "datetime": {"datetime": "2024-06-13 08:07:56", "elapsed": 92.510823, "delta": 0.126843}}
{"target": -172.1600719547395, "params": {"p_ai": 1.8773524615382258, "p_al": 0.8382489282379628, "p_ex": 5.160180650752958, "prior": 4.545992085303224, "rate": 0.13993009549948474}, "datetime": {"datetime": "2024-06-13 08:07:56", "elapsed": 92.625519, "delta": 0.114696}}
{"target": -159.2394843716834, "params": {"p_ai": 0.39450654231797255, "p_al": 0.9372347244778493, "p_ex": 0.4077341217427622, "prior": 1.7582149343742748, "rate": 5.7557859749589015}, "datetime": {"datetime": "2024-06-13 08:07:56", "elapsed": 92.739012, "delta": 0.113493}}
{"target": -403.9141240793119, "params": {"p_ai": 4.768049447045129, "p_al": 9.79771755888323, "p_ex": 0.7083006030293989, "prior": 8.67428890537549, "rate": 5.785619301619244}, "datetime": {"datetime": "2024-06-13 08:07:56", "elapsed": 92.851426, "delta": 0.112414}}
{"target": -566.3348084378487, "params": {"p_ai": 8.764878981579999, "p_al": 0.5580803899209963, "p_ex": 0.9924360606946157, "prior": 8.631084082751796, "rate": 5.7042698804473675}, "datetime": {"datetime": "2024-06-13 08:07:56", "elapsed": 92.962672, "delta": 0.111246}}
{"target": -302.56460688149946, "params": {"p_ai": 5.585379517097466, "p_al": 0.13111366674830982, "p_ex": 6.422885788360278, "prior": 8.476797149894404, "rate": 9.96126578479924}, "datetime": {"datetime": "2024-06-13 08:07:57", "elapsed": 93.098293, "delta": 0.135621}}
{"target": -303.1925183345452, "params": {"p_ai": 4.3301149523829, "p_al": 3.114779051537622, "p_ex": 4.0482984794974595, "prior": 2.2810229380137588, "rate": 2.2617597487507415}, "datetime": {"datetime": "2024-06-13 08:07:57", "elapsed": 93.212303, "delta": 0.11401}}
{"target": -276.6991523193182, "params": {"p_ai": 4.337002443043325, "p_al": 6.845710542660374, "p_ex": 6.607712148636413, "prior": 7.725129192452083, "rate": 2.1689300660171678}, "datetime": {"datetime": "2024-06-13 08:07:57", "elapsed": 93.326505, "delta": 0.114202}}
{"target": -500.68158333717287, "params": {"p_ai": 7.287335080949485, "p_al": 7.952743020363484, "p_ex": 5.618566827974954, "prior": 4.657241228830299, "rate": 1.5828405185913081}, "datetime": {"datetime": "2024-06-13 08:07:57", "elapsed": 93.43811, "delta": 0.111605}}
{"target": -117.364320947959, "params": {"p_ai": 0.46548205758633604, "p_al": 4.638857645581332, "p_ex": 6.54336650017196, "prior": 2.1262506191650012, "rate": 4.0000960991521355}, "datetime": {"datetime": "2024-06-13 08:07:57", "elapsed": 93.551805, "delta": 0.113695}}
{"target": -249.00107443460132, "params": {"p_ai": 4.976881207213625, "p_al": 9.549084662565308, "p_ex": 8.774573840681738, "prior": 8.740622431637016, "rate": 9.966008787860254}, "datetime": {"datetime": "2024-06-13 08:07:57", "elapsed": 93.663507, "delta": 0.111702}}
{"target": -411.06918222486803, "params": {"p_ai": 7.734759378121409, "p_al": 2.031395720720704, "p_ex": 8.399033519310658, "prior": 1.663316237111709, "rate": 8.890981709818412}, "datetime": {"datetime": "2024-06-13 08:07:57", "elapsed": 93.776781, "delta": 0.113274}}
{"target": -228.8543020635173, "params": {"p_ai": 3.3864593795504314, "p_al": 2.880158694403671, "p_ex": 6.06262377611874, "prior": 0.6070548531937172, "rate": 9.070974657860043}, "datetime": {"datetime": "2024-06-13 08:07:57", "elapsed": 93.888485, "delta": 0.111704}}
{"target": -222.41798109172868, "params": {"p_ai": 3.8113259129552914, "p_al": 7.900041725850161, "p_ex": 7.105763804094447, "prior": 7.0417771519431795, "rate": 5.326729042736205}, "datetime": {"datetime": "2024-06-13 08:07:57", "elapsed": 94.000213, "delta": 0.111728}}
{"target": -267.47005944789385, "params": {"p_ai": 4.667288428941059, "p_al": 6.454333923418758, "p_ex": 6.916080494254339, "prior": 2.3589461345875438, "rate": 7.538328274742676}, "datetime": {"datetime": "2024-06-13 08:07:58", "elapsed": 94.111885, "delta": 0.111672}}
{"target": -579.7114018435512, "params": {"p_ai": 9.366235064689338, "p_al": 8.151161378737928, "p_ex": 7.306366078682459, "prior": 8.217287677383837, "rate": 0.07054222047709144}, "datetime": {"datetime": "2024-06-13 08:07:58", "elapsed": 94.224501, "delta": 0.112616}}
{"target": -134.72822778138053, "params": {"p_ai": 1.7490656420010366, "p_al": 3.4204500359621868, "p_ex": 7.335447820919692, "prior": 9.783754518567227, "rate": 7.329045588922614}, "datetime": {"datetime": "2024-06-13 08:07:58", "elapsed": 94.336201, "delta": 0.1117}}
{"target": -399.8691845105039, "params": {"p_ai": 4.790450335348987, "p_al": 9.210597067436987, "p_ex": 3.7776137015044906, "prior": 6.417264634257163, "rate": 0.01604319738412774}, "datetime": {"datetime": "2024-06-13 08:07:58", "elapsed": 94.449073, "delta": 0.112872}}
{"target": -162.44645061688038, "params": {"p_ai": 1.794416084834932, "p_al": 2.9490928501599734, "p_ex": 3.8705109944468274, "prior": 4.598745249224747, "rate": 7.967390870782215}, "datetime": {"datetime": "2024-06-13 08:07:58", "elapsed": 94.562516, "delta": 0.113443}}
{"target": -191.63784192070858, "params": {"p_ai": 2.7991759941470526, "p_al": 0.8275331899589359, "p_ex": 5.214179872829262, "prior": 9.81153872947284, "rate": 4.00818395641571}, "datetime": {"datetime": "2024-06-13 08:07:58", "elapsed": 94.675213, "delta": 0.112697}}
{"target": -281.50395573373476, "params": {"p_ai": 2.5726536273366607, "p_al": 7.763638646345232, "p_ex": 6.156219784190765, "prior": 0.076475813928428, "rate": 9.862064844626225}, "datetime": {"datetime": "2024-06-13 08:07:58", "elapsed": 94.785949, "delta": 0.110736}}
{"target": -269.9108024044765, "params": {"p_ai": 4.889696405678729, "p_al": 3.040914686810269, "p_ex": 6.651105432765965, "prior": 2.8563222513640976, "rate": 4.635975768930647}, "datetime": {"datetime": "2024-06-13 08:07:58", "elapsed": 94.898575, "delta": 0.112626}}
{"target": -379.3195162919243, "params": {"p_ai": 6.518558892191261, "p_al": 1.2196983897335782, "p_ex": 4.672764041184604, "prior": 7.35232222858189, "rate": 9.605219885684939}, "datetime": {"datetime": "2024-06-13 08:07:58", "elapsed": 95.010789, "delta": 0.112214}}
{"target": -102.98827149238616, "params": {"p_ai": 0.21487353066763587, "p_al": 8.324959625901556, "p_ex": 9.391521053346748, "prior": 9.85819238580682, "rate": 9.378378518554022}, "datetime": {"datetime": "2024-06-13 08:07:59", "elapsed": 95.12208, "delta": 0.111291}}
{"target": -260.190389362094, "params": {"p_ai": 1.2933848293668193, "p_al": 8.860315919250107, "p_ex": 1.529468431828893, "prior": 3.6058030535750842, "rate": 3.6122582228759716}, "datetime": {"datetime": "2024-06-13 08:07:59", "elapsed": 95.234963, "delta": 0.112883}}
{"target": -211.54025387281257, "params": {"p_ai": 2.7985741373137722, "p_al": 3.548687634297447, "p_ex": 5.430472646723272, "prior": 0.7860916495607814, "rate": 3.7293238414408294}, "datetime": {"datetime": "2024-06-13 08:07:59", "elapsed": 95.346181, "delta": 0.111218}}
{"target": -402.02875914726116, "params": {"p_ai": 5.832605591120393, "p_al": 1.3433598503872748, "p_ex": 2.430636464974349, "prior": 3.128478046493983, "rate": 0.7462639779838585}, "datetime": {"datetime": "2024-06-13 08:07:59", "elapsed": 95.458727, "delta": 0.112546}}
{"target": -487.4606769105323, "params": {"p_ai": 8.077100262224654, "p_al": 2.6347113307883765, "p_ex": 4.106599490946104, "prior": 4.054723246527664, "rate": 3.0480516272452443}, "datetime": {"datetime": "2024-06-13 08:07:59", "elapsed": 95.571013, "delta": 0.112286}}
{"target": -256.4725704097887, "params": {"p_ai": 1.2782527317471344, "p_al": 8.935700181344412, "p_ex": 6.81426708391562, "prior": 2.669647727792136, "rate": 0.9252168378068174}, "datetime": {"datetime": "2024-06-13 08:07:59", "elapsed": 95.684247, "delta": 0.113234}}
{"target": -221.1289301730976, "params": {"p_ai": 1.2358266658392048, "p_al": 2.765087577252426, "p_ex": 0.49138574517622646, "prior": 1.4523234927062378, "rate": 4.75082044615585}, "datetime": {"datetime": "2024-06-13 08:07:59", "elapsed": 95.794952, "delta": 0.110705}}
{"target": -507.2782578019011, "params": {"p_ai": 9.359858045746865, "p_al": 4.34125578782743, "p_ex": 7.091695404396912, "prior": 5.703480436122253, "rate": 9.762465611692658}, "datetime": {"datetime": "2024-06-13 08:07:59", "elapsed": 95.907679, "delta": 0.112727}}
{"target": -193.58288250621678, "params": {"p_ai": 1.7829338600348927, "p_al": 7.391311728201115, "p_ex": 3.5047165418773747, "prior": 9.912129823702113, "rate": 3.5287645393308957}, "datetime": {"datetime": "2024-06-13 08:07:59", "elapsed": 96.019382, "delta": 0.111703}}
{"target": -1041.98418268557, "params": {"p_ai": 9.7878530420732, "p_al": 8.603854098454429, "p_ex": 5.97776886311117, "prior": 0.2754521190591224, "rate": 1.8561349624416226}, "datetime": {"datetime": "2024-06-13 08:08:00", "elapsed": 96.141056, "delta": 0.121674}}
{"target": -199.92758858248462, "params": {"p_ai": 0.5660612431019523, "p_al": 7.924825154079123, "p_ex": 0.7404368885098506, "prior": 7.864807897266238, "rate": 0.28049053854891}, "datetime": {"datetime": "2024-06-13 08:08:00", "elapsed": 96.253201, "delta": 0.112145}}
{"target": -171.18771897726836, "params": {"p_ai": 2.552807324311116, "p_al": 2.9765362830187123, "p_ex": 5.646500297193168, "prior": 5.621050378621821, "rate": 8.874122245059352}, "datetime": {"datetime": "2024-06-13 08:08:00", "elapsed": 96.365899, "delta": 0.112698}}
{"target": -452.17886972023274, "params": {"p_ai": 6.374137022993261, "p_al": 1.615458841587833, "p_ex": 0.27092093445094007, "prior": 7.620062997045269, "rate": 5.3561524093705035}, "datetime": {"datetime": "2024-06-13 08:08:00", "elapsed": 96.477204, "delta": 0.111305}}
{"target": -330.8653397985392, "params": {"p_ai": 5.786712866351162, "p_al": 4.141636373615735, "p_ex": 5.898561065889926, "prior": 4.056908149188704, "rate": 4.45747836234641}, "datetime": {"datetime": "2024-06-13 08:08:00", "elapsed": 96.588934, "delta": 0.11173}}
{"target": -433.80381976846894, "params": {"p_ai": 5.927803620451909, "p_al": 4.923952760842727, "p_ex": 0.5919748061577745, "prior": 9.767920289447702, "rate": 8.55152126248045}, "datetime": {"datetime": "2024-06-13 08:08:00", "elapsed": 96.700046, "delta": 0.111112}}
{"target": -192.01053471687212, "params": {"p_ai": 3.791477192653459, "p_al": 5.465701902352132, "p_ex": 9.328810392069327, "prior": 3.9802554516660487, "rate": 9.447782220977258}, "datetime": {"datetime": "2024-06-13 08:08:00", "elapsed": 96.812314, "delta": 0.112268}}
{"target": -167.78496256190434, "params": {"p_ai": 0.3058322755797807, "p_al": 7.458249422829433, "p_ex": 7.9702691040219795, "prior": 1.93915729117472, "rate": 1.6295048861493149}, "datetime": {"datetime": "2024-06-13 08:08:00", "elapsed": 96.925016, "delta": 0.112702}}
{"target": -385.3681085351195, "params": {"p_ai": 5.911191778228094, "p_al": 4.797437426866516, "p_ex": 5.865839481637387, "prior": 1.3235786977154271, "rate": 2.7780929606304388}, "datetime": {"datetime": "2024-06-13 08:08:01", "elapsed": 97.037408, "delta": 0.112392}}
{"target": -135.44117586496736, "params": {"p_ai": 0.6976539349355139, "p_al": 1.0808592298701158, "p_ex": 7.164060397933428, "prior": 0.2649931532879722, "rate": 5.396963570672858}, "datetime": {"datetime": "2024-06-13 08:08:01", "elapsed": 97.149112, "delta": 0.111704}}
{"target": -208.7812839741981, "params": {"p_ai": 2.9873312333774114, "p_al": 8.685104504367171, "p_ex": 5.4508437359806505, "prior": 9.975479797714407, "rate": 5.611197830302039}, "datetime": {"datetime": "2024-06-13 08:08:01", "elapsed": 97.263697, "delta": 0.114585}}
{"target": -397.59782865221564, "params": {"p_ai": 5.621416031788874, "p_al": 3.351731873456963, "p_ex": 2.52399701509059, "prior": 4.27426940599577, "rate": 2.2725263696062235}, "datetime": {"datetime": "2024-06-13 08:08:01", "elapsed": 97.373404, "delta": 0.109707}}
{"target": -177.7666962056745, "params": {"p_ai": 0.709689199869795, "p_al": 4.2510872816074885, "p_ex": 1.0650645144221098, "prior": 7.231485025194189, "rate": 2.984641891979689}, "datetime": {"datetime": "2024-06-13 08:08:01", "elapsed": 97.486145, "delta": 0.112741}}
{"target": -273.3756783192465, "params": {"p_ai": 4.904126225336482, "p_al": 1.9566372392164855, "p_ex": 6.808584262587829, "prior": 8.308430641906321, "rate": 2.2048474528673996}, "datetime": {"datetime": "2024-06-13 08:08:01", "elapsed": 97.59443, "delta": 0.108285}}
{"target": -106.21512959561771, "params": {"p_ai": 0.07907888226929988, "p_al": 2.5097921802793786, "p_ex": 6.276735386073572, "prior": 3.1088574555471813, "rate": 8.36222517696091}, "datetime": {"datetime": "2024-06-13 08:08:01", "elapsed": 97.703169, "delta": 0.108739}}
{"target": -598.8689775384399, "params": {"p_ai": 8.527539253679366, "p_al": 3.7180338874028376, "p_ex": 3.6539795857073187, "prior": 0.16660915467115117, "rate": 5.497237804999031}, "datetime": {"datetime": "2024-06-13 08:08:01", "elapsed": 97.816864, "delta": 0.113695}}
{"target": -214.05949352298677, "params": {"p_ai": 1.5435516702923755, "p_al": 1.1276827017969615, "p_ex": 0.5343279544192256, "prior": 1.7936587903460857, "rate": 1.5601521788399757}, "datetime": {"datetime": "2024-06-13 08:08:01", "elapsed": 97.925574, "delta": 0.10871}}
{"target": -199.8868651203855, "params": {"p_ai": 0.3558683019833646, "p_al": 9.82434211273752, "p_ex": 6.583386710486216, "prior": 3.8705537217530446, "rate": 0.6257922981876658}, "datetime": {"datetime": "2024-06-13 08:08:02", "elapsed": 98.034253, "delta": 0.108679}}
{"target": -346.5265432114129, "params": {"p_ai": 0.47340584154993604, "p_al": 8.049719394631913, "p_ex": 4.228375279460253, "prior": 1.0834940557212778, "rate": 1.6711743461337876}, "datetime": {"datetime": "2024-06-13 08:08:02", "elapsed": 98.142964, "delta": 0.108711}}
