{"target": -277.3120669176566, "params": {"gamma": 2.3106546042570515, "prior": 0.6739605523903935, "rate": 1.3890263639386906}, "datetime": {"datetime": "2024-06-14 12:57:15", "elapsed": 4.558249, "delta": 0.008978}}
{"target": -617.083516150753, "params": {"gamma": 9.351596002308344, "prior": 8.896566823226658, "rate": 2.893315694333617}, "datetime": {"datetime": "2024-06-14 12:57:15", "elapsed": 4.567225, "delta": 0.008976}}
{"target": -679.3419050419498, "params": {"gamma": 9.477692896949968, "prior": 8.514312298791047, "rate": 4.347113285922664}, "datetime": {"datetime": "2024-06-14 12:57:15", "elapsed": 4.577201, "delta": 0.009976}}
{"target": -324.3988415755754, "params": {"gamma": 4.681027499109862, "prior": 6.335544913675885, "rate": 1.581160317803163}, "datetime": {"datetime": "2024-06-14 12:57:15", "elapsed": 4.586205, "delta": 0.009004}}
{"target": -151.24264636806512, "params": {"gamma": 0.14880608533418707, "prior": 2.72856897297662, "rate": 0.15542087579566607}, "datetime": {"datetime": "2024-06-14 12:57:15", "elapsed": 4.595184, "delta": 0.008979}}
{"target": -508.14906370880766, "params": {"gamma": 6.745313942778413, "prior": 5.559541474546487, "rate": 3.2171598078821737}, "datetime": {"datetime": "2024-06-14 12:57:15", "elapsed": 4.604162, "delta": 0.008978}}
{"target": -731.0136488395909, "params": {"gamma": 7.802243168860467, "prior": 1.543275769026293, "rate": 2.449561506980074}, "datetime": {"datetime": "2024-06-14 12:57:15", "elapsed": 4.613139, "delta": 0.008977}}
{"target": -250.73529584967554, "params": {"gamma": 2.923845306630798, "prior": 2.0397262703400223, "rate": 0.8802988990222627}, "datetime": {"datetime": "2024-06-14 12:57:15", "elapsed": 4.622117, "delta": 0.008978}}
{"target": -1048.202519702706, "params": {"gamma": 8.699891826535803, "prior": 0.9730675911579497, "rate": 6.837419647880558}, "datetime": {"datetime": "2024-06-14 12:57:15", "elapsed": 4.632092, "delta": 0.009975}}
{"target": -230.1456399082876, "params": {"gamma": 1.204888367700376, "prior": 0.20592013112732416, "rate": 5.573125032519063}, "datetime": {"datetime": "2024-06-14 12:57:15", "elapsed": 4.641069, "delta": 0.008977}}
{"target": -619.7425746555259, "params": {"gamma": 9.071183443148486, "prior": 8.618521006635163, "rate": 3.3851753897983823}, "datetime": {"datetime": "2024-06-14 12:57:15", "elapsed": 4.650044, "delta": 0.008975}}
{"target": -154.35046900982132, "params": {"gamma": 0.27256113442929636, "prior": 8.028507615787328, "rate": 8.06004333796437}, "datetime": {"datetime": "2024-06-14 12:57:15", "elapsed": 4.659023, "delta": 0.008979}}
{"target": -759.1300930720063, "params": {"gamma": 8.685012674911418, "prior": 6.729501338767777, "rate": 8.077980844288449}, "datetime": {"datetime": "2024-06-14 12:57:15", "elapsed": 4.667999, "delta": 0.008976}}
{"target": -785.582823923936, "params": {"gamma": 8.9750853247459, "prior": 4.592916509851121, "rate": 5.578695211845391}, "datetime": {"datetime": "2024-06-14 12:57:15", "elapsed": 4.676977, "delta": 0.008978}}
{"target": -441.6880482018377, "params": {"gamma": 5.06180515715352, "prior": 6.9506406547897654, "rate": 6.829385769431119}, "datetime": {"datetime": "2024-06-14 12:57:15", "elapsed": 4.685955, "delta": 0.008978}}
{"target": -408.7002940711565, "params": {"gamma": 5.203616044997302, "prior": 8.301834666046165, "rate": 5.058288088511875}, "datetime": {"datetime": "2024-06-14 12:57:15", "elapsed": 4.694934, "delta": 0.008979}}
{"target": -620.1908108442569, "params": {"gamma": 8.248760765289934, "prior": 2.8902663726181053, "rate": 1.7857698349419049}, "datetime": {"datetime": "2024-06-14 12:57:16", "elapsed": 4.703974, "delta": 0.00904}}
{"target": -646.4642482949092, "params": {"gamma": 9.698735832876796, "prior": 7.44520130201516, "rate": 2.598657141350841}, "datetime": {"datetime": "2024-06-14 12:57:16", "elapsed": 4.713946, "delta": 0.009972}}
{"target": -356.5886919675131, "params": {"gamma": 5.8127721875694265, "prior": 9.557096310028049, "rate": 0.808458324212976}, "datetime": {"datetime": "2024-06-14 12:57:16", "elapsed": 4.722893, "delta": 0.008947}}
{"target": -162.61355856244654, "params": {"gamma": 0.8362585364103492, "prior": 6.229434831057081, "rate": 2.245710294880741}, "datetime": {"datetime": "2024-06-14 12:57:16", "elapsed": 4.731869, "delta": 0.008976}}
{"target": -668.2497523191892, "params": {"gamma": 7.652074383378348, "prior": 5.72471017519614, "rate": 6.66221471414473}, "datetime": {"datetime": "2024-06-14 12:57:16", "elapsed": 4.740845, "delta": 0.008976}}
{"target": -206.0213278686104, "params": {"gamma": 1.0790311940451294, "prior": 0.9344022092219122, "rate": 6.251585561986592}, "datetime": {"datetime": "2024-06-14 12:57:16", "elapsed": 4.749822, "delta": 0.008977}}
{"target": -476.5984602331118, "params": {"gamma": 4.097902880079071, "prior": 0.9637999863326198, "rate": 3.711268386216875}, "datetime": {"datetime": "2024-06-14 12:57:16", "elapsed": 4.759794, "delta": 0.009972}}
{"target": -771.0282944054751, "params": {"gamma": 6.72177195215883, "prior": 1.9769152618966988, "rate": 8.957395356178512}, "datetime": {"datetime": "2024-06-14 12:57:16", "elapsed": 4.76877, "delta": 0.008976}}
{"target": -741.7260956362295, "params": {"gamma": 9.498514042411992, "prior": 9.619568170101886, "rate": 7.301095494844863}, "datetime": {"datetime": "2024-06-14 12:57:16", "elapsed": 4.777747, "delta": 0.008977}}
{"target": -308.7544796041242, "params": {"gamma": 4.063477988455463, "prior": 7.463117043877074, "rate": 2.8805808058682407}, "datetime": {"datetime": "2024-06-14 12:57:16", "elapsed": 4.78772, "delta": 0.009973}}
{"target": -301.85541613121285, "params": {"gamma": 3.144857806685071, "prior": 6.098373976056793, "rate": 5.948876486945769}, "datetime": {"datetime": "2024-06-14 12:57:16", "elapsed": 4.796725, "delta": 0.009005}}
{"target": -929.5233568986378, "params": {"gamma": 8.786731102181795, "prior": 2.620547481039712, "rate": 7.662117463663015}, "datetime": {"datetime": "2024-06-14 12:57:16", "elapsed": 4.805702, "delta": 0.008977}}
{"target": -1291.677956003302, "params": {"gamma": 9.410191654922194, "prior": 0.11022603331157285, "rate": 4.761415090903047}, "datetime": {"datetime": "2024-06-14 12:57:16", "elapsed": 4.814648, "delta": 0.008946}}
{"target": -422.5598371249239, "params": {"gamma": 6.570746249918269, "prior": 8.448899817803273, "rate": 1.8382103793481412}, "datetime": {"datetime": "2024-06-14 12:57:16", "elapsed": 4.824621, "delta": 0.009973}}
{"target": -873.3577857732471, "params": {"gamma": 8.56173622063573, "prior": 3.7072182505845768, "rate": 8.922847018832448}, "datetime": {"datetime": "2024-06-14 12:57:16", "elapsed": 4.833597, "delta": 0.008976}}
{"target": -156.5501875532505, "params": {"gamma": 0.2780896894835276, "prior": 0.9453623773193891, "rate": 9.81412324707537}, "datetime": {"datetime": "2024-06-14 12:57:16", "elapsed": 4.842573, "delta": 0.008976}}
{"target": -432.53826815431796, "params": {"gamma": 6.095409755809193, "prior": 4.234560233460414, "rate": 1.6929726327522117}, "datetime": {"datetime": "2024-06-14 12:57:16", "elapsed": 4.851549, "delta": 0.008976}}
{"target": -786.2883356991164, "params": {"gamma": 6.499361629743811, "prior": 0.46605317675764246, "rate": 3.116827520693586}, "datetime": {"datetime": "2024-06-14 12:57:16", "elapsed": 4.861523, "delta": 0.009974}}
{"target": -313.1840442337964, "params": {"gamma": 3.2354684906937643, "prior": 6.11367474579408, "rate": 6.508661735500295}, "datetime": {"datetime": "2024-06-14 12:57:16", "elapsed": 4.870528, "delta": 0.009005}}
{"target": -655.1364026616094, "params": {"gamma": 8.460699937765456, "prior": 9.28305133171568, "rate": 6.604916818383386}, "datetime": {"datetime": "2024-06-14 12:57:16", "elapsed": 4.880472, "delta": 0.009944}}
{"target": -599.8550284680196, "params": {"gamma": 5.782161010166973, "prior": 4.047283881927183, "rate": 9.666158313928777}, "datetime": {"datetime": "2024-06-14 12:57:16", "elapsed": 4.889448, "delta": 0.008976}}
{"target": -183.4130753910012, "params": {"gamma": 1.541637639151742, "prior": 8.96135940562162, "rate": 3.1108196657805305}, "datetime": {"datetime": "2024-06-14 12:57:16", "elapsed": 4.898424, "delta": 0.008976}}
{"target": -385.5773369616265, "params": {"gamma": 5.485342407571374, "prior": 6.852455958484867, "rate": 2.3654600436102275}, "datetime": {"datetime": "2024-06-14 12:57:16", "elapsed": 4.9074, "delta": 0.008976}}
{"target": -222.28174167866328, "params": {"gamma": 1.678199113817666, "prior": 5.133971932953198, "rate": 7.918846891971133}, "datetime": {"datetime": "2024-06-14 12:57:16", "elapsed": 4.91837, "delta": 0.01097}}
{"target": -840.6375151200216, "params": {"gamma": 6.9244522072085894, "prior": 1.277836038012847, "rate": 9.007521408502258}, "datetime": {"datetime": "2024-06-14 12:57:16", "elapsed": 4.928344, "delta": 0.009974}}
{"target": -378.60904865356605, "params": {"gamma": 4.797895932924502, "prior": 9.47209912447251, "rate": 5.53478362877641}, "datetime": {"datetime": "2024-06-14 12:57:16", "elapsed": 4.937349, "delta": 0.009005}}
{"target": -184.4135278123989, "params": {"gamma": 0.8489334147818686, "prior": 2.1043840531779026, "rate": 8.542525491190911}, "datetime": {"datetime": "2024-06-14 12:57:16", "elapsed": 4.946296, "delta": 0.008947}}
{"target": -485.7897828496824, "params": {"gamma": 7.0595677402804276, "prior": 8.95990124951395, "rate": 3.2921308719412035}, "datetime": {"datetime": "2024-06-14 12:57:16", "elapsed": 4.955272, "delta": 0.008976}}
{"target": -450.5278238000647, "params": {"gamma": 5.280485964979625, "prior": 6.538941511592786, "rate": 5.943314245013059}, "datetime": {"datetime": "2024-06-14 12:57:16", "elapsed": 4.964248, "delta": 0.008976}}
{"target": -228.57179874470808, "params": {"gamma": 2.315397892406944, "prior": 4.325531359537532, "rate": 2.481866529137688}, "datetime": {"datetime": "2024-06-14 12:57:16", "elapsed": 4.974221, "delta": 0.009973}}
{"target": -482.9546936345266, "params": {"gamma": 8.456304007349223, "prior": 9.868106705184019, "rate": 0.6666414605206605}, "datetime": {"datetime": "2024-06-14 12:57:16", "elapsed": 4.983197, "delta": 0.008976}}
{"target": -695.1819796397782, "params": {"gamma": 7.139566394637347, "prior": 3.3681439667708357, "rate": 6.254728347736019}, "datetime": {"datetime": "2024-06-14 12:57:16", "elapsed": 4.992173, "delta": 0.008976}}
{"target": -242.3415210654689, "params": {"gamma": 2.582038363169428, "prior": 6.5449753321541015, "rate": 3.7121006974428328}, "datetime": {"datetime": "2024-06-14 12:57:16", "elapsed": 5.00115, "delta": 0.008977}}
{"target": -291.53631583318423, "params": {"gamma": 2.9489139744901, "prior": 9.126455419608208, "rate": 9.425046243387849}, "datetime": {"datetime": "2024-06-14 12:57:16", "elapsed": 5.010739, "delta": 0.009589}}
{"target": -699.6147152218743, "params": {"gamma": 6.135886715574795, "prior": 2.223231030223857, "rate": 9.394249290190688}, "datetime": {"datetime": "2024-06-14 12:57:16", "elapsed": 5.019672, "delta": 0.008933}}
{"target": -491.94850823080384, "params": {"gamma": 7.504785013686519, "prior": 7.53578909249578, "rate": 2.1180016271500137}, "datetime": {"datetime": "2024-06-14 12:57:16", "elapsed": 5.028649, "delta": 0.008977}}
{"target": -857.2444969707186, "params": {"gamma": 8.30173510509683, "prior": 2.47694202619598, "rate": 6.316575831756353}, "datetime": {"datetime": "2024-06-14 12:57:16", "elapsed": 5.037624, "delta": 0.008975}}
{"target": -522.1988120257023, "params": {"gamma": 7.107684959425964, "prior": 7.449595954100307, "rate": 3.9032567812912102}, "datetime": {"datetime": "2024-06-14 12:57:16", "elapsed": 5.047597, "delta": 0.009973}}
{"target": -580.877341655906, "params": {"gamma": 7.598494141764259, "prior": 9.039065431004929, "rate": 5.8746127723565325}, "datetime": {"datetime": "2024-06-14 12:57:16", "elapsed": 5.056573, "delta": 0.008976}}
{"target": -170.68484982588564, "params": {"gamma": 0.9050067472322914, "prior": 1.376862243008533, "rate": 1.0535200041012063}, "datetime": {"datetime": "2024-06-14 12:57:16", "elapsed": 5.065549, "delta": 0.008976}}
{"target": -260.02896199826273, "params": {"gamma": 1.7281019057654774, "prior": 1.3516658138678819, "rate": 7.783230599786209}, "datetime": {"datetime": "2024-06-14 12:57:16", "elapsed": 5.074526, "delta": 0.008977}}
{"target": -159.88813816895646, "params": {"gamma": 0.39507571033225836, "prior": 2.491428331674554, "rate": 8.790784947183296}, "datetime": {"datetime": "2024-06-14 12:57:16", "elapsed": 5.083501, "delta": 0.008975}}
{"target": -906.8308207911443, "params": {"gamma": 9.7352150895021, "prior": 6.093677876497776, "rate": 9.762406407339324}, "datetime": {"datetime": "2024-06-14 12:57:16", "elapsed": 5.092477, "delta": 0.008976}}
{"target": -154.74058821624442, "params": {"gamma": 0.43547196560805285, "prior": 9.490870406922475, "rate": 3.113649528479215}, "datetime": {"datetime": "2024-06-14 12:57:16", "elapsed": 5.102298, "delta": 0.009821}}
{"target": -680.713982397544, "params": {"gamma": 7.989929430775569, "prior": 8.125228124124325, "rate": 8.600125917211868}, "datetime": {"datetime": "2024-06-14 12:57:16", "elapsed": 5.111794, "delta": 0.009496}}
{"target": -323.29275993948363, "params": {"gamma": 4.586049558214109, "prior": 9.313379482437938, "rate": 2.579671951285972}, "datetime": {"datetime": "2024-06-14 12:57:16", "elapsed": 5.120342, "delta": 0.008548}}
{"target": -868.9612922908393, "params": {"gamma": 9.344520479803316, "prior": 6.229284369191439, "rate": 9.85446370453336}, "datetime": {"datetime": "2024-06-14 12:57:16", "elapsed": 5.130315, "delta": 0.009973}}
{"target": -154.91558201274964, "params": {"gamma": 0.3274060157599613, "prior": 7.279149922443812, "rate": 5.655976799568431}, "datetime": {"datetime": "2024-06-14 12:57:16", "elapsed": 5.139291, "delta": 0.008976}}
{"target": -452.40461588108644, "params": {"gamma": 4.924748049935798, "prior": 2.6662594439422964, "rate": 3.268980017978885}, "datetime": {"datetime": "2024-06-14 12:57:16", "elapsed": 5.147837, "delta": 0.008546}}
{"target": -315.173093901291, "params": {"gamma": 2.495372604807176, "prior": 2.270752312218102, "rate": 7.996808714410864}, "datetime": {"datetime": "2024-06-14 12:57:16", "elapsed": 5.156812, "delta": 0.008975}}
{"target": -633.2862686122234, "params": {"gamma": 5.024447663976686, "prior": 0.9235798981002775, "rate": 7.770064936081777}, "datetime": {"datetime": "2024-06-14 12:57:16", "elapsed": 5.16638, "delta": 0.009568}}
{"target": -429.1376470095399, "params": {"gamma": 5.336957111761226, "prior": 7.419939094729182, "rate": 5.154421537738071}, "datetime": {"datetime": "2024-06-14 12:57:16", "elapsed": 5.175385, "delta": 0.009005}}
{"target": -269.65651010041915, "params": {"gamma": 4.0000592939273325, "prior": 9.86384314611932, "rate": 0.2833979590089639}, "datetime": {"datetime": "2024-06-14 12:57:16", "elapsed": 5.184332, "delta": 0.008947}}
{"target": -644.1117994777044, "params": {"gamma": 9.327706315740619, "prior": 9.315464180823684, "rate": 3.909796196303079}, "datetime": {"datetime": "2024-06-14 12:57:16", "elapsed": 5.193309, "delta": 0.008977}}
{"target": -203.64565023274525, "params": {"gamma": 2.145434246462065, "prior": 6.230211649539066, "rate": 1.7805453823662243}, "datetime": {"datetime": "2024-06-14 12:57:16", "elapsed": 5.202285, "delta": 0.008976}}
{"target": -692.2457880745105, "params": {"gamma": 8.032278735085756, "prior": 2.613945173189579, "rate": 2.9087707441717465}, "datetime": {"datetime": "2024-06-14 12:57:16", "elapsed": 5.211802, "delta": 0.009517}}
{"target": -678.2706965045213, "params": {"gamma": 9.15924198430956, "prior": 9.038876651396649, "rate": 5.354273536413487}, "datetime": {"datetime": "2024-06-14 12:57:16", "elapsed": 5.220778, "delta": 0.008976}}
{"target": -904.7120638450984, "params": {"gamma": 8.628526966805577, "prior": 3.5900724311701118, "rate": 9.978844897970799}, "datetime": {"datetime": "2024-06-14 12:57:16", "elapsed": 5.230751, "delta": 0.009973}}
{"target": -291.4855402309141, "params": {"gamma": 4.337463704310366, "prior": 3.0186389168051044, "rate": 0.4167007652577235}, "datetime": {"datetime": "2024-06-14 12:57:16", "elapsed": 5.239728, "delta": 0.008977}}
{"target": -916.1542008834106, "params": {"gamma": 9.897079830913631, "prior": 4.702387546027041, "rate": 7.346115555489657}, "datetime": {"datetime": "2024-06-14 12:57:16", "elapsed": 5.249701, "delta": 0.009973}}
{"target": -383.51665934784205, "params": {"gamma": 6.408435432834701, "prior": 7.258624656693496, "rate": 0.5120579273573367}, "datetime": {"datetime": "2024-06-14 12:57:16", "elapsed": 5.258677, "delta": 0.008976}}
{"target": -681.8460370016932, "params": {"gamma": 9.200534008691728, "prior": 9.275728057232191, "rate": 5.520398276514817}, "datetime": {"datetime": "2024-06-14 12:57:16", "elapsed": 5.267653, "delta": 0.008976}}
{"target": -952.3690228183873, "params": {"gamma": 9.639194970956826, "prior": 2.881459816204638, "rate": 6.0218641247383164}, "datetime": {"datetime": "2024-06-14 12:57:16", "elapsed": 5.276629, "delta": 0.008976}}
{"target": -313.6041609949848, "params": {"gamma": 3.9652304378361865, "prior": 6.317429994376759, "rate": 3.0070222529489574}, "datetime": {"datetime": "2024-06-14 12:57:16", "elapsed": 5.285605, "delta": 0.008976}}
{"target": -597.0002338035918, "params": {"gamma": 8.193764488175546, "prior": 0.7908811871916644, "rate": 0.4197338254296628}, "datetime": {"datetime": "2024-06-14 12:57:16", "elapsed": 5.294581, "delta": 0.008976}}
{"target": -162.893942284554, "params": {"gamma": 0.49491444994850975, "prior": 1.5895047808398683, "rate": 3.954109387473109}, "datetime": {"datetime": "2024-06-14 12:57:16", "elapsed": 5.303557, "delta": 0.008976}}
{"target": -1111.9123294465226, "params": {"gamma": 9.553944502582489, "prior": 1.1968748529899662, "rate": 6.475882305178456}, "datetime": {"datetime": "2024-06-14 12:57:16", "elapsed": 5.313075, "delta": 0.009518}}
{"target": -405.39844907173114, "params": {"gamma": 5.276687463055037, "prior": 3.5970998192322843, "rate": 1.9827940939725983}, "datetime": {"datetime": "2024-06-14 12:57:16", "elapsed": 5.322051, "delta": 0.008976}}
{"target": -328.0556233386548, "params": {"gamma": 2.20672022439151, "prior": 0.5338329462987547, "rate": 7.131926567624986}, "datetime": {"datetime": "2024-06-14 12:57:16", "elapsed": 5.331027, "delta": 0.008976}}
{"target": -619.6680168995921, "params": {"gamma": 6.538748151763354, "prior": 4.493320947974752, "rate": 7.189675941410347}, "datetime": {"datetime": "2024-06-14 12:57:16", "elapsed": 5.341001, "delta": 0.009974}}
{"target": -180.3285100008892, "params": {"gamma": 1.100649748480759, "prior": 9.393319816352417, "rate": 8.476419465684636}, "datetime": {"datetime": "2024-06-14 12:57:16", "elapsed": 5.349976, "delta": 0.008975}}
{"target": -571.6972858015969, "params": {"gamma": 6.590697560999168, "prior": 3.8504285697511453, "rate": 4.16625072341846}, "datetime": {"datetime": "2024-06-14 12:57:16", "elapsed": 5.358953, "delta": 0.008977}}
{"target": -417.9490515319255, "params": {"gamma": 4.822057067652517, "prior": 9.359309323067325, "rate": 8.636065956226108}, "datetime": {"datetime": "2024-06-14 12:57:16", "elapsed": 5.368926, "delta": 0.009973}}
{"target": -464.0262773672454, "params": {"gamma": 4.779760568316378, "prior": 5.589733132953853, "rate": 8.754163218930938}, "datetime": {"datetime": "2024-06-14 12:57:16", "elapsed": 5.377902, "delta": 0.008976}}
{"target": -820.710128658144, "params": {"gamma": 9.492695073289129, "prior": 6.427929083095635, "rate": 7.485454680577448}, "datetime": {"datetime": "2024-06-14 12:57:16", "elapsed": 5.387876, "delta": 0.009974}}
{"target": -323.36880805612475, "params": {"gamma": 3.516897438698066, "prior": 9.188480358953182, "rate": 8.367683746488458}, "datetime": {"datetime": "2024-06-14 12:57:16", "elapsed": 5.396851, "delta": 0.008975}}
{"target": -476.1399759185341, "params": {"gamma": 5.521006756366404, "prior": 8.68950937519022, "rate": 8.498868942521883}, "datetime": {"datetime": "2024-06-14 12:57:16", "elapsed": 5.405827, "delta": 0.008976}}
{"target": -898.3257501183585, "params": {"gamma": 8.084305154704811, "prior": 1.393858961534142, "rate": 5.3604897456433}, "datetime": {"datetime": "2024-06-14 12:57:16", "elapsed": 5.415362, "delta": 0.009535}}
{"target": -655.9173222575464, "params": {"gamma": 9.007930363954452, "prior": 7.73123512248292, "rate": 4.207711277052893}, "datetime": {"datetime": "2024-06-14 12:57:16", "elapsed": 5.424338, "delta": 0.008976}}
{"target": -865.8790895979083, "params": {"gamma": 9.778826053206298, "prior": 2.5826542510627224, "rate": 3.336768678250129}, "datetime": {"datetime": "2024-06-14 12:57:16", "elapsed": 5.433315, "delta": 0.008977}}
{"target": -815.4573030657871, "params": {"gamma": 9.54205087378846, "prior": 8.106281947034368, "rate": 9.003499705102108}, "datetime": {"datetime": "2024-06-14 12:57:16", "elapsed": 5.443287, "delta": 0.009972}}
{"target": -151.8729387292687, "params": {"gamma": 0.11688430450954196, "prior": 3.859667887036548, "rate": 2.355984044142083}, "datetime": {"datetime": "2024-06-14 12:57:16", "elapsed": 5.452263, "delta": 0.008976}}
{"target": -289.42979230650025, "params": {"gamma": 2.9600545838222256, "prior": 7.406155414398024, "rate": 7.241124363795878}, "datetime": {"datetime": "2024-06-14 12:57:16", "elapsed": 5.461239, "delta": 0.008976}}
{"target": -450.7596773305822, "params": {"gamma": 4.618532302580416, "prior": 3.716217165950228, "rate": 5.847331438432254}, "datetime": {"datetime": "2024-06-14 12:57:16", "elapsed": 5.470215, "delta": 0.008976}}
{"target": -475.08035703086074, "params": {"gamma": 5.33754383858813, "prior": 5.550737634177834, "rate": 6.155155234075464}, "datetime": {"datetime": "2024-06-14 12:57:16", "elapsed": 5.480189, "delta": 0.009974}}
{"target": -295.33923689446453, "params": {"gamma": 3.957087074403221, "prior": 7.740012975913038, "rate": 2.512780630310517}, "datetime": {"datetime": "2024-06-14 12:57:16", "elapsed": 5.489165, "delta": 0.008976}}
