{"target": -1495.4365541583177, "params": {"gamma": 6.586021847542061, "lr": 0.18119538195386165}, "datetime": {"datetime": "2024-06-13 15:57:56", "elapsed": 3.741618, "delta": 0.003989}}
{"target": -1597.3290997272866, "params": {"gamma": 7.8807074621719, "lr": 0.6028653375383973}, "datetime": {"datetime": "2024-06-13 15:57:56", "elapsed": 3.780514, "delta": 0.038896}}
{"target": -1748.3674520931334, "params": {"gamma": 9.80334851848814, "lr": 0.22238319353117575}, "datetime": {"datetime": "2024-06-13 15:57:57", "elapsed": 3.784503, "delta": 0.003989}}
{"target": -1104.92800040832, "params": {"gamma": 4.663198475191569, "lr": 0.8956418025994466}, "datetime": {"datetime": "2024-06-13 15:57:57", "elapsed": 3.789412, "delta": 0.004909}}
{"target": -1279.2894717993524, "params": {"gamma": 6.014732663578183, "lr": 0.725958845848815}, "datetime": {"datetime": "2024-06-13 15:57:57", "elapsed": 3.793402, "delta": 0.00399}}
{"target": -866.628453715018, "params": {"gamma": 4.137287971849402, "lr": 0.6843096218313198}, "datetime": {"datetime": "2024-06-13 15:57:57", "elapsed": 3.797391, "delta": 0.003989}}
{"target": -1898.632569423247, "params": {"gamma": 9.460604243445784, "lr": 0.20018606573932207}, "datetime": {"datetime": "2024-06-13 15:57:57", "elapsed": 3.802377, "delta": 0.004986}}
{"target": -1946.3826859251294, "params": {"gamma": 8.073845273509328, "lr": 0.9695380120998964}, "datetime": {"datetime": "2024-06-13 15:57:57", "elapsed": 3.806367, "delta": 0.00399}}
{"target": -149.32851083129933, "params": {"gamma": 0.146672748901554, "lr": 0.21520958659442757}, "datetime": {"datetime": "2024-06-13 15:57:57", "elapsed": 3.810356, "delta": 0.003989}}
{"target": -286.303218092561, "params": {"gamma": 1.1746518262109842, "lr": 0.7674235177414532}, "datetime": {"datetime": "2024-06-13 15:57:57", "elapsed": 3.814345, "delta": 0.003989}}
{"target": -238.03863957114683, "params": {"gamma": 0.8130846428413901, "lr": 0.9984135585909075}, "datetime": {"datetime": "2024-06-13 15:57:57", "elapsed": 3.818334, "delta": 0.003989}}
{"target": -938.2744134864122, "params": {"gamma": 3.8967305467771722, "lr": 0.9052027659330404}, "datetime": {"datetime": "2024-06-13 15:57:57", "elapsed": 3.823321, "delta": 0.004987}}
{"target": -378.3885096426735, "params": {"gamma": 1.886587457391179, "lr": 0.44087219982229087}, "datetime": {"datetime": "2024-06-13 15:57:57", "elapsed": 3.82731, "delta": 0.003989}}
{"target": -1588.9010547548019, "params": {"gamma": 8.448273378243028, "lr": 0.5952697806732562}, "datetime": {"datetime": "2024-06-13 15:57:57", "elapsed": 3.8313, "delta": 0.00399}}
{"target": -842.3413513117357, "params": {"gamma": 4.6221188088168805, "lr": 0.5126497467571176}, "datetime": {"datetime": "2024-06-13 15:57:57", "elapsed": 3.836287, "delta": 0.004987}}
{"target": -1086.2777659810176, "params": {"gamma": 5.739281383396582, "lr": 0.4403192075855932}, "datetime": {"datetime": "2024-06-13 15:57:57", "elapsed": 3.840276, "delta": 0.003989}}
{"target": -641.7493105982734, "params": {"gamma": 1.936396018280381, "lr": 0.11396576145918635}, "datetime": {"datetime": "2024-06-13 15:57:57", "elapsed": 3.844265, "delta": 0.003989}}
{"target": -594.6177243629879, "params": {"gamma": 1.5131280457741099, "lr": 0.0524909638531339}, "datetime": {"datetime": "2024-06-13 15:57:57", "elapsed": 3.848255, "delta": 0.00399}}
{"target": -1283.9724160774072, "params": {"gamma": 5.587205434225252, "lr": 0.8477210140360106}, "datetime": {"datetime": "2024-06-13 15:57:57", "elapsed": 3.853241, "delta": 0.004986}}
{"target": -1360.6379538829153, "params": {"gamma": 3.5918342699021832, "lr": 0.07531087263581782}, "datetime": {"datetime": "2024-06-13 15:57:57", "elapsed": 3.857231, "delta": 0.00399}}
{"target": -870.4812549598441, "params": {"gamma": 4.257818395439178, "lr": 0.6020078384720013}, "datetime": {"datetime": "2024-06-13 15:57:57", "elapsed": 3.86135, "delta": 0.004119}}
{"target": -967.164130335591, "params": {"gamma": 4.254609252290801, "lr": 0.81072123360737}, "datetime": {"datetime": "2024-06-13 15:57:57", "elapsed": 3.865491, "delta": 0.004141}}
{"target": -2207.284292782333, "params": {"gamma": 9.418920575620866, "lr": 0.8699107732683544}, "datetime": {"datetime": "2024-06-13 15:57:57", "elapsed": 3.870477, "delta": 0.004986}}
{"target": -1300.352629553599, "params": {"gamma": 7.040290983300606, "lr": 0.4702989247821753}, "datetime": {"datetime": "2024-06-13 15:57:57", "elapsed": 3.874467, "delta": 0.00399}}
{"target": -2564.754422024069, "params": {"gamma": 6.827297730989611, "lr": 0.013418310556529534}, "datetime": {"datetime": "2024-06-13 15:57:57", "elapsed": 3.878456, "delta": 0.003989}}
{"target": -2220.8587762904986, "params": {"gamma": 9.824798706901937, "lr": 0.17207733182889595}, "datetime": {"datetime": "2024-06-13 15:57:57", "elapsed": 3.883444, "delta": 0.004988}}
{"target": -2035.9162010264633, "params": {"gamma": 9.062697699220857, "lr": 0.8071099016661061}, "datetime": {"datetime": "2024-06-13 15:57:57", "elapsed": 3.887432, "delta": 0.003988}}
{"target": -1347.7202623266446, "params": {"gamma": 8.00159670418549, "lr": 0.2689360577850649}, "datetime": {"datetime": "2024-06-13 15:57:57", "elapsed": 3.891422, "delta": 0.00399}}
{"target": -432.64996967423406, "params": {"gamma": 2.1923189037668234, "lr": 0.42880069291408873}, "datetime": {"datetime": "2024-06-13 15:57:57", "elapsed": 3.895411, "delta": 0.003989}}
{"target": -1557.6275198183841, "params": {"gamma": 8.493861636205818, "lr": 0.45037964247172024}, "datetime": {"datetime": "2024-06-13 15:57:57", "elapsed": 3.900398, "delta": 0.004987}}
{"target": -1514.820085534447, "params": {"gamma": 9.354265719956611, "lr": 0.352679327251738}, "datetime": {"datetime": "2024-06-13 15:57:57", "elapsed": 3.904387, "delta": 0.003989}}
{"target": -1497.3649881165693, "params": {"gamma": 6.194302264801901, "lr": 0.9806990363557802}, "datetime": {"datetime": "2024-06-13 15:57:57", "elapsed": 3.908376, "delta": 0.003989}}
{"target": -2418.6467068973757, "params": {"gamma": 6.434981759885809, "lr": 0.04549821604060378}, "datetime": {"datetime": "2024-06-13 15:57:57", "elapsed": 3.912374, "delta": 0.003998}}
{"target": -761.4449979416244, "params": {"gamma": 4.636107352426167, "lr": 0.3347513437136638}, "datetime": {"datetime": "2024-06-13 15:57:57", "elapsed": 3.916355, "delta": 0.003981}}
{"target": -897.1209818968804, "params": {"gamma": 5.322283303668225, "lr": 0.2847462086131314}, "datetime": {"datetime": "2024-06-13 15:57:57", "elapsed": 3.921342, "delta": 0.004987}}
{"target": -284.79980335686133, "params": {"gamma": 1.223490041069798, "lr": 0.6682889887508018}, "datetime": {"datetime": "2024-06-13 15:57:57", "elapsed": 3.925332, "delta": 0.00399}}
{"target": -1601.7973682696281, "params": {"gamma": 6.8139161891581725, "lr": 0.8671392999990885}, "datetime": {"datetime": "2024-06-13 15:57:57", "elapsed": 3.929321, "delta": 0.003989}}
{"target": -314.9382162956672, "params": {"gamma": 1.3246825541338114, "lr": 0.798620308278031}, "datetime": {"datetime": "2024-06-13 15:57:57", "elapsed": 3.934307, "delta": 0.004986}}
{"target": -1646.1822779560373, "params": {"gamma": 8.267860615312884, "lr": 0.6465499357511519}, "datetime": {"datetime": "2024-06-13 15:57:57", "elapsed": 3.938296, "delta": 0.003989}}
{"target": -369.3025939987641, "params": {"gamma": 2.0500165356605575, "lr": 0.2614207144058379}, "datetime": {"datetime": "2024-06-13 15:57:57", "elapsed": 3.942286, "delta": 0.00399}}
{"target": -765.257509217847, "params": {"gamma": 4.185549678574218, "lr": 0.5417990727827313}, "datetime": {"datetime": "2024-06-13 15:57:57", "elapsed": 3.946275, "delta": 0.003989}}
{"target": -888.9486907205834, "params": {"gamma": 4.774902117966579, "lr": 0.4674598920453694}, "datetime": {"datetime": "2024-06-13 15:57:57", "elapsed": 3.950264, "delta": 0.003989}}
{"target": -1970.092611022884, "params": {"gamma": 8.398567261266477, "lr": 0.8701023653075677}, "datetime": {"datetime": "2024-06-13 15:57:57", "elapsed": 3.955251, "delta": 0.004987}}
{"target": -1929.998124944083, "params": {"gamma": 8.16772288980329, "lr": 0.8778014186346996}, "datetime": {"datetime": "2024-06-13 15:57:57", "elapsed": 3.95924, "delta": 0.003989}}
{"target": -1381.8431669773693, "params": {"gamma": 5.710516610608794, "lr": 0.9640361333390818}, "datetime": {"datetime": "2024-06-13 15:57:57", "elapsed": 3.96323, "delta": 0.00399}}
{"target": -1232.8181090834007, "params": {"gamma": 6.065836938156427, "lr": 0.6039477410796814}, "datetime": {"datetime": "2024-06-13 15:57:57", "elapsed": 3.96722, "delta": 0.00399}}
{"target": -673.765838866748, "params": {"gamma": 3.193658073009114, "lr": 0.681204184117019}, "datetime": {"datetime": "2024-06-13 15:57:57", "elapsed": 3.972206, "delta": 0.004986}}
{"target": -215.18181703630808, "params": {"gamma": 0.5206049193651046, "lr": 0.13454642101194225}, "datetime": {"datetime": "2024-06-13 15:57:57", "elapsed": 3.976195, "delta": 0.003989}}
{"target": -290.8487037888821, "params": {"gamma": 1.303291433560078, "lr": 0.6552012872247357}, "datetime": {"datetime": "2024-06-13 15:57:57", "elapsed": 3.981182, "delta": 0.004987}}
{"target": -313.31564992779687, "params": {"gamma": 1.7541505851216117, "lr": 0.3411468232515472}, "datetime": {"datetime": "2024-06-13 15:57:57", "elapsed": 3.985171, "delta": 0.003989}}
{"target": -161.44641333907055, "params": {"gamma": 0.44407224667521283, "lr": 0.2337343601165106}, "datetime": {"datetime": "2024-06-13 15:57:57", "elapsed": 3.990158, "delta": 0.004987}}
{"target": -1732.3581086261622, "params": {"gamma": 9.642279024168092, "lr": 0.5091394025163677}, "datetime": {"datetime": "2024-06-13 15:57:57", "elapsed": 3.994147, "delta": 0.003989}}
{"target": -303.97883418706965, "params": {"gamma": 1.5115941101958479, "lr": 0.5230085317344643}, "datetime": {"datetime": "2024-06-13 15:57:57", "elapsed": 3.998137, "delta": 0.00399}}
{"target": -2211.057233077377, "params": {"gamma": 9.435150329726897, "lr": 0.865686014006334}, "datetime": {"datetime": "2024-06-13 15:57:57", "elapsed": 4.003123, "delta": 0.004986}}
{"target": -667.0012470399498, "params": {"gamma": 3.9212666234349385, "lr": 0.28386751597340265}, "datetime": {"datetime": "2024-06-13 15:57:57", "elapsed": 4.007113, "delta": 0.00399}}
{"target": -1362.6952725551769, "params": {"gamma": 7.617536897064726, "lr": 0.2404843248030878}, "datetime": {"datetime": "2024-06-13 15:57:57", "elapsed": 4.012099, "delta": 0.004986}}
{"target": -948.9692139842132, "params": {"gamma": 2.5430693142188665, "lr": 0.08408635417992949}, "datetime": {"datetime": "2024-06-13 15:57:57", "elapsed": 4.016089, "delta": 0.00399}}
{"target": -1584.3536249659528, "params": {"gamma": 8.641576803545505, "lr": 0.44789891562027984}, "datetime": {"datetime": "2024-06-13 15:57:57", "elapsed": 4.020078, "delta": 0.003989}}
{"target": -1184.8901929674546, "params": {"gamma": 5.618300819839127, "lr": 0.7367109576935199}, "datetime": {"datetime": "2024-06-13 15:57:57", "elapsed": 4.024616, "delta": 0.004538}}
{"target": -1461.965172094819, "params": {"gamma": 7.965092182444826, "lr": 0.44750813899031383}, "datetime": {"datetime": "2024-06-13 15:57:57", "elapsed": 4.028605, "delta": 0.003989}}
{"target": -439.6716113246807, "params": {"gamma": 1.8420914342018075, "lr": 0.8287328515283018}, "datetime": {"datetime": "2024-06-13 15:57:57", "elapsed": 4.032595, "delta": 0.00399}}
{"target": -156.38018598109915, "params": {"gamma": 0.3109486003227299, "lr": 0.9467282696079524}, "datetime": {"datetime": "2024-06-13 15:57:57", "elapsed": 4.037582, "delta": 0.004987}}
{"target": -1368.1139484618682, "params": {"gamma": 5.770201486928539, "lr": 0.875388738450687}, "datetime": {"datetime": "2024-06-13 15:57:57", "elapsed": 4.041571, "delta": 0.003989}}
{"target": -1029.2039141946343, "params": {"gamma": 6.086045804298614, "lr": 0.2516595841523237}, "datetime": {"datetime": "2024-06-13 15:57:57", "elapsed": 4.04556, "delta": 0.003989}}
{"target": -550.4810883196434, "params": {"gamma": 2.962003105035548, "lr": 0.5329225590316532}, "datetime": {"datetime": "2024-06-13 15:57:57", "elapsed": 4.04955, "delta": 0.00399}}
{"target": -2243.1650145526323, "params": {"gamma": 9.620820050258088, "lr": 0.18449560449017766}, "datetime": {"datetime": "2024-06-13 15:57:57", "elapsed": 4.054536, "delta": 0.004986}}
{"target": -835.1657050873182, "params": {"gamma": 5.099473883052948, "lr": 0.3437881034368444}, "datetime": {"datetime": "2024-06-13 15:57:57", "elapsed": 4.058525, "delta": 0.003989}}
{"target": -1732.2205410944582, "params": {"gamma": 7.697483724226901, "lr": 0.802866486432424}, "datetime": {"datetime": "2024-06-13 15:57:57", "elapsed": 4.062515, "delta": 0.00399}}
{"target": -861.9437705698439, "params": {"gamma": 4.246174543111865, "lr": 0.20412249999433585}, "datetime": {"datetime": "2024-06-13 15:57:57", "elapsed": 4.066505, "delta": 0.00399}}
{"target": -210.22885298223494, "params": {"gamma": 0.6718275138282244, "lr": 0.1986482644205615}, "datetime": {"datetime": "2024-06-13 15:57:57", "elapsed": 4.071491, "delta": 0.004986}}
{"target": -526.9856187701051, "params": {"gamma": 2.7247361004436925, "lr": 0.5987889179092104}, "datetime": {"datetime": "2024-06-13 15:57:57", "elapsed": 4.07548, "delta": 0.003989}}
{"target": -2622.3742801613735, "params": {"gamma": 8.730961889247082, "lr": 0.1282309388454863}, "datetime": {"datetime": "2024-06-13 15:57:57", "elapsed": 4.079469, "delta": 0.003989}}
{"target": -1987.0754818793018, "params": {"gamma": 9.581929228407246, "lr": 0.6831708438541465}, "datetime": {"datetime": "2024-06-13 15:57:57", "elapsed": 4.084456, "delta": 0.004987}}
{"target": -1790.1331556604712, "params": {"gamma": 7.419900392548125, "lr": 0.9828807859209906}, "datetime": {"datetime": "2024-06-13 15:57:57", "elapsed": 4.088445, "delta": 0.003989}}
{"target": -761.0317564522129, "params": {"gamma": 4.161591625408803, "lr": 0.5315834658959018}, "datetime": {"datetime": "2024-06-13 15:57:57", "elapsed": 4.092972, "delta": 0.004527}}
{"target": -1226.7368299164314, "params": {"gamma": 6.792450289006991, "lr": 0.5128751425899913}, "datetime": {"datetime": "2024-06-13 15:57:57", "elapsed": 4.097084, "delta": 0.004112}}
{"target": -1069.7989694887474, "params": {"gamma": 2.991824334263695, "lr": 0.10538467273003926}, "datetime": {"datetime": "2024-06-13 15:57:57", "elapsed": 4.102071, "delta": 0.004987}}
{"target": -627.9506711362851, "params": {"gamma": 2.8500365250757254, "lr": 0.7688528482877579}, "datetime": {"datetime": "2024-06-13 15:57:57", "elapsed": 4.10606, "delta": 0.003989}}
{"target": -1445.4900906032412, "params": {"gamma": 6.40818626181401, "lr": 0.8013307032031926}, "datetime": {"datetime": "2024-06-13 15:57:57", "elapsed": 4.110049, "delta": 0.003989}}
{"target": -931.6203331030632, "params": {"gamma": 5.171688199172296, "lr": 0.23210002184633505}, "datetime": {"datetime": "2024-06-13 15:57:57", "elapsed": 4.115038, "delta": 0.004989}}
{"target": -996.3455891107407, "params": {"gamma": 6.279991307892046, "lr": 0.30400549002230315}, "datetime": {"datetime": "2024-06-13 15:57:57", "elapsed": 4.119025, "delta": 0.003987}}
{"target": -154.47332084981159, "params": {"gamma": 0.29625792067526757, "lr": 0.9033311768168756}, "datetime": {"datetime": "2024-06-13 15:57:57", "elapsed": 4.124014, "delta": 0.004989}}
{"target": -792.0904059541485, "params": {"gamma": 4.2042753184590484, "lr": 0.4261307804247122}, "datetime": {"datetime": "2024-06-13 15:57:57", "elapsed": 4.128004, "delta": 0.00399}}
{"target": -1788.4310235754722, "params": {"gamma": 7.412776101583259, "lr": 0.9484584043057936}, "datetime": {"datetime": "2024-06-13 15:57:57", "elapsed": 4.131993, "delta": 0.003989}}
{"target": -216.50663080063384, "params": {"gamma": 0.7260827649265881, "lr": 0.17270108813227492}, "datetime": {"datetime": "2024-06-13 15:57:57", "elapsed": 4.13698, "delta": 0.004987}}
{"target": -590.4687900811759, "params": {"gamma": 3.224252533837974, "lr": 0.248424246330199}, "datetime": {"datetime": "2024-06-13 15:57:57", "elapsed": 4.140969, "delta": 0.003989}}
{"target": -1127.6212302100557, "params": {"gamma": 4.9554543186305695, "lr": 0.8244596107976835}, "datetime": {"datetime": "2024-06-13 15:57:57", "elapsed": 4.144958, "delta": 0.003989}}
{"target": -1605.9776367454763, "params": {"gamma": 8.539870177006817, "lr": 0.5958299420587015}, "datetime": {"datetime": "2024-06-13 15:57:57", "elapsed": 4.148949, "delta": 0.003991}}
{"target": -576.330275655195, "params": {"gamma": 2.4024971645768356, "lr": 0.18649268827268528}, "datetime": {"datetime": "2024-06-13 15:57:57", "elapsed": 4.153935, "delta": 0.004986}}
{"target": -1330.349093016245, "params": {"gamma": 7.434161733507989, "lr": 0.23721405764354764}, "datetime": {"datetime": "2024-06-13 15:57:57", "elapsed": 4.157924, "delta": 0.003989}}
{"target": -1138.5822458777163, "params": {"gamma": 5.395369418374571, "lr": 0.7492807871271918}, "datetime": {"datetime": "2024-06-13 15:57:57", "elapsed": 4.161913, "delta": 0.003989}}
{"target": -536.7293221128155, "params": {"gamma": 2.283262797049244, "lr": 0.17450118757274402}, "datetime": {"datetime": "2024-06-13 15:57:57", "elapsed": 4.165903, "delta": 0.00399}}
{"target": -180.17649121619726, "params": {"gamma": 0.39831713007193664, "lr": 0.14756883769994755}, "datetime": {"datetime": "2024-06-13 15:57:57", "elapsed": 4.170889, "delta": 0.004986}}
{"target": -2991.6144678035316, "params": {"gamma": 8.51453763056296, "lr": 0.10463591174495857}, "datetime": {"datetime": "2024-06-13 15:57:57", "elapsed": 4.174878, "delta": 0.003989}}
{"target": -859.1717603627487, "params": {"gamma": 2.2372268102276505, "lr": 0.03275719974597713}, "datetime": {"datetime": "2024-06-13 15:57:57", "elapsed": 4.178868, "delta": 0.00399}}
{"target": -1212.1403117160648, "params": {"gamma": 6.763889997877335, "lr": 0.2317031414647196}, "datetime": {"datetime": "2024-06-13 15:57:57", "elapsed": 4.182857, "delta": 0.003989}}
{"target": -1249.6249866423411, "params": {"gamma": 4.136503586299842, "lr": 0.13930117132372677}, "datetime": {"datetime": "2024-06-13 15:57:57", "elapsed": 4.187844, "delta": 0.004987}}
{"target": -713.1586300194056, "params": {"gamma": 3.772795658827454, "lr": 0.4244374662396153}, "datetime": {"datetime": "2024-06-13 15:57:57", "elapsed": 4.191833, "delta": 0.003989}}
{"target": -888.556747203199, "params": {"gamma": 4.730176553648271, "lr": 0.4228418130386131}, "datetime": {"datetime": "2024-06-13 15:57:57", "elapsed": 4.196411, "delta": 0.004578}}
{"target": -258.97644134181576, "params": {"gamma": 1.028462882177769, "lr": 0.772580266631544}, "datetime": {"datetime": "2024-06-13 15:57:57", "elapsed": 4.2004, "delta": 0.003989}}
{"target": -287.67834880421344, "params": {"gamma": 1.3729228288956241, "lr": 0.424292374325812}, "datetime": {"datetime": "2024-06-13 15:57:57", "elapsed": 4.205386, "delta": 0.004986}}
{"target": -451.5036707220138, "params": {"gamma": 2.7202891684153423, "lr": 0.3010079430799063}, "datetime": {"datetime": "2024-06-13 15:57:57", "elapsed": 4.209375, "delta": 0.003989}}
{"target": -1214.6934043681583, "params": {"gamma": 6.72453530509174, "lr": 0.5177867238134145}, "datetime": {"datetime": "2024-06-13 15:57:57", "elapsed": 4.213365, "delta": 0.00399}}
{"target": -375.77086954736785, "params": {"gamma": 1.9016804177489257, "lr": 0.4691344398333771}, "datetime": {"datetime": "2024-06-13 15:57:57", "elapsed": 4.218352, "delta": 0.004987}}
{"target": -742.7095676659035, "params": {"gamma": 3.396069147094239, "lr": 0.7044971982481261}, "datetime": {"datetime": "2024-06-13 15:57:57", "elapsed": 4.222341, "delta": 0.003989}}
{"target": -536.2558106155469, "params": {"gamma": 2.2617259291230574, "lr": 0.8449881373583452}, "datetime": {"datetime": "2024-06-13 15:57:57", "elapsed": 4.226399, "delta": 0.004058}}
{"target": -955.6634164812671, "params": {"gamma": 5.262770419251413, "lr": 0.5006195729230891}, "datetime": {"datetime": "2024-06-13 15:57:57", "elapsed": 4.230389, "delta": 0.00399}}
{"target": -607.0309161719459, "params": {"gamma": 2.537604383069914, "lr": 0.18615566973666398}, "datetime": {"datetime": "2024-06-13 15:57:57", "elapsed": 4.235375, "delta": 0.004986}}
{"target": -1145.1729042775594, "params": {"gamma": 4.7187188083132305, "lr": 0.9818244178252573}, "datetime": {"datetime": "2024-06-13 15:57:57", "elapsed": 4.239365, "delta": 0.00399}}
{"target": -260.9430628073197, "params": {"gamma": 1.3299294703806088, "lr": 0.28346243242805713}, "datetime": {"datetime": "2024-06-13 15:57:57", "elapsed": 4.2439, "delta": 0.004535}}
{"target": -1594.603064697992, "params": {"gamma": 8.006611101660276, "lr": 0.6647768985107549}, "datetime": {"datetime": "2024-06-13 15:57:57", "elapsed": 4.247889, "delta": 0.003989}}
{"target": -461.700143422912, "params": {"gamma": 2.788305328525677, "lr": 0.31464760677511183}, "datetime": {"datetime": "2024-06-13 15:57:57", "elapsed": 4.252875, "delta": 0.004986}}
{"target": -858.9398370577617, "params": {"gamma": 4.200062595764889, "lr": 0.6027867622422961}, "datetime": {"datetime": "2024-06-13 15:57:57", "elapsed": 4.256864, "delta": 0.003989}}
{"target": -1690.044473366395, "params": {"gamma": 7.193668333443535, "lr": 0.8573003334512307}, "datetime": {"datetime": "2024-06-13 15:57:57", "elapsed": 4.260854, "delta": 0.00399}}
{"target": -1220.5236510361435, "params": {"gamma": 6.811433593113639, "lr": 0.23698206447169834}, "datetime": {"datetime": "2024-06-13 15:57:57", "elapsed": 4.265841, "delta": 0.004987}}
{"target": -1994.9835064097854, "params": {"gamma": 9.257279632827263, "lr": 0.7811954006757661}, "datetime": {"datetime": "2024-06-13 15:57:57", "elapsed": 4.26983, "delta": 0.003989}}
{"target": -504.80666013190466, "params": {"gamma": 3.0745074227980154, "lr": 0.3049656416420632}, "datetime": {"datetime": "2024-06-13 15:57:57", "elapsed": 4.273819, "delta": 0.003989}}
