{"target": -127.76459756679083, "params": {"p_ai": 0.1487234155321392, "p_al": 7.424971015947326, "p_ex": 4.207624598002892, "prior": 5.339313074890572, "rate": 7.888526660649675}, "datetime": {"datetime": "2024-06-13 01:54:03", "elapsed": 211.064788, "delta": 0.110213}}
{"target": -439.6191161176991, "params": {"p_ai": 9.05604556125701, "p_al": 9.868796342786228, "p_ex": 8.020962538866408, "prior": 0.026423601686483965, "rate": 6.001253760693126}, "datetime": {"datetime": "2024-06-13 01:54:03", "elapsed": 211.175013, "delta": 0.110225}}
{"target": -156.05499658031277, "params": {"p_ai": 2.8891714248604496, "p_al": 7.097447712852041, "p_ex": 3.0561323897351946, "prior": 5.559116755024119, "rate": 9.180773914005606}, "datetime": {"datetime": "2024-06-13 01:54:03", "elapsed": 211.282878, "delta": 0.107865}}
{"target": -135.96018686232915, "params": {"p_ai": 2.479454855440029, "p_al": 1.11930196523077, "p_ex": 5.135894220893158, "prior": 9.137244761986132, "rate": 1.7932038323176576}, "datetime": {"datetime": "2024-06-13 01:54:03", "elapsed": 211.391616, "delta": 0.108738}}
{"target": -166.15762080629185, "params": {"p_ai": 2.5595284250867927, "p_al": 0.3409243101748873, "p_ex": 0.15470207973635725, "prior": 5.422645236796178, "rate": 8.553747523723965}, "datetime": {"datetime": "2024-06-13 01:54:03", "elapsed": 211.500297, "delta": 0.108681}}
{"target": -143.18307058042268, "params": {"p_ai": 4.4657816155356675, "p_al": 2.357135848615219, "p_ex": 9.36540396422141, "prior": 6.192469585732864, "rate": 8.645897035050032}, "datetime": {"datetime": "2024-06-13 01:54:03", "elapsed": 211.609566, "delta": 0.109269}}
{"target": -117.04994590798574, "params": {"p_ai": 1.282005745817034, "p_al": 4.412942570473553, "p_ex": 8.575682143149248, "prior": 8.982037953044289, "rate": 8.772761648279566}, "datetime": {"datetime": "2024-06-13 01:54:03", "elapsed": 211.718275, "delta": 0.108709}}
{"target": -206.2397366320685, "params": {"p_ai": 6.255094516482575, "p_al": 7.581360105825246, "p_ex": 6.755308180003398, "prior": 8.451789636967945, "rate": 6.32484141935293}, "datetime": {"datetime": "2024-06-13 01:54:04", "elapsed": 211.825761, "delta": 0.107486}}
{"target": -206.61673644375966, "params": {"p_ai": 1.7197256280146134, "p_al": 6.505549393951734, "p_ex": 4.553944860862338, "prior": 0.5894475654255449, "rate": 5.3590922745746745}, "datetime": {"datetime": "2024-06-13 01:54:04", "elapsed": 211.933504, "delta": 0.107743}}
{"target": -209.46061216963142, "params": {"p_ai": 4.393482215124105, "p_al": 8.747389417664913, "p_ex": 6.607572295198009, "prior": 2.608620400961451, "rate": 2.1684377884048662}, "datetime": {"datetime": "2024-06-13 01:54:04", "elapsed": 212.042136, "delta": 0.108632}}
{"target": -142.44858705643693, "params": {"p_ai": 0.9741343125990107, "p_al": 4.6919722422118255, "p_ex": 3.49864716108863, "prior": 5.773912930700538, "rate": 0.5703629844543111}, "datetime": {"datetime": "2024-06-13 01:54:04", "elapsed": 212.149848, "delta": 0.107712}}
{"target": -144.40907499545827, "params": {"p_ai": 2.499922353769078, "p_al": 5.1234334402008574, "p_ex": 3.760205919567236, "prior": 6.269392688573962, "rate": 3.732826110384206}, "datetime": {"datetime": "2024-06-13 01:54:04", "elapsed": 212.25777, "delta": 0.107922}}
{"target": -193.50816044800894, "params": {"p_ai": 4.603671029238606, "p_al": 2.3429211183676726, "p_ex": 2.996592129373345, "prior": 1.1537282156041937, "rate": 7.72462135063049}, "datetime": {"datetime": "2024-06-13 01:54:04", "elapsed": 212.365325, "delta": 0.107555}}
{"target": -280.6675834129226, "params": {"p_ai": 7.939035508710159, "p_al": 0.44031459326531047, "p_ex": 1.6104517992516383, "prior": 8.028774521030188, "rate": 9.104856994771925}, "datetime": {"datetime": "2024-06-13 01:54:04", "elapsed": 212.474035, "delta": 0.10871}}
{"target": -180.0150974568675, "params": {"p_ai": 3.6925387525356554, "p_al": 6.753429509418871, "p_ex": 1.900747060859965, "prior": 8.712451966416536, "rate": 8.247238520857891}, "datetime": {"datetime": "2024-06-13 01:54:04", "elapsed": 212.581748, "delta": 0.107713}}
{"target": -124.6607490372946, "params": {"p_ai": 2.5008789009692247, "p_al": 5.928901706805605, "p_ex": 7.3578939279952476, "prior": 8.838553387439257, "rate": 4.677811991869022}, "datetime": {"datetime": "2024-06-13 01:54:04", "elapsed": 212.690226, "delta": 0.108478}}
{"target": -122.06760096816775, "params": {"p_ai": 1.3470733481294213, "p_al": 1.094841814191649, "p_ex": 5.297243675558832, "prior": 0.49383643442013075, "rate": 6.209338226934207}, "datetime": {"datetime": "2024-06-13 01:54:05", "elapsed": 212.797941, "delta": 0.107715}}
{"target": -140.89537639316282, "params": {"p_ai": 0.3342487213443545, "p_al": 0.2128158500293292, "p_ex": 0.7530176178456772, "prior": 3.6809175726662704, "rate": 3.818141513157325}, "datetime": {"datetime": "2024-06-13 01:54:05", "elapsed": 212.906683, "delta": 0.108742}}
{"target": -241.74795613762444, "params": {"p_ai": 7.669934398787617, "p_al": 8.459621377194617, "p_ex": 7.272280709633233, "prior": 8.844447408912934, "rate": 5.749449999119452}, "datetime": {"datetime": "2024-06-13 01:54:05", "elapsed": 213.013873, "delta": 0.10719}}
{"target": -317.3547144481335, "params": {"p_ai": 9.398903366834306, "p_al": 9.06798682019018, "p_ex": 4.48492000028398, "prior": 4.797781289050013, "rate": 8.566736123057751}, "datetime": {"datetime": "2024-06-13 01:54:05", "elapsed": 213.122792, "delta": 0.108919}}
{"target": -260.1495598195187, "params": {"p_ai": 3.984662715258157, "p_al": 9.420055749190025, "p_ex": 2.933826269617242, "prior": 2.590815299665099, "rate": 1.0901714124352648}, "datetime": {"datetime": "2024-06-13 01:54:05", "elapsed": 213.230668, "delta": 0.107876}}
{"target": -130.7122573565469, "params": {"p_ai": 2.471187095298555, "p_al": 5.3779986604796, "p_ex": 9.802393583495558, "prior": 2.0780894529072613, "rate": 5.470652839172488}, "datetime": {"datetime": "2024-06-13 01:54:05", "elapsed": 213.33814, "delta": 0.107472}}
{"target": -312.7350159203229, "params": {"p_ai": 8.784026964746444, "p_al": 5.897029210758115, "p_ex": 8.352926533735896, "prior": 2.393615931358836, "rate": 0.7317241750859406}, "datetime": {"datetime": "2024-06-13 01:54:05", "elapsed": 213.447847, "delta": 0.109707}}
{"target": -275.00886586631873, "params": {"p_ai": 9.529711071203222, "p_al": 1.12415740911268, "p_ex": 8.024162561181278, "prior": 6.51049956673395, "rate": 8.651276327807269}, "datetime": {"datetime": "2024-06-13 01:54:05", "elapsed": 213.559051, "delta": 0.111204}}
{"target": -185.30565038367814, "params": {"p_ai": 6.297865904193896, "p_al": 2.982484717370885, "p_ex": 9.314887904714922, "prior": 6.923328164237853, "rate": 8.766491081598325}, "datetime": {"datetime": "2024-06-13 01:54:05", "elapsed": 213.666791, "delta": 0.10774}}
{"target": -243.87841626549942, "params": {"p_ai": 8.155107426895412, "p_al": 1.3608872102611669, "p_ex": 6.994424876763647, "prior": 6.810378925463789, "rate": 7.558203771887153}, "datetime": {"datetime": "2024-06-13 01:54:05", "elapsed": 213.774707, "delta": 0.107916}}
{"target": -327.9072139655329, "params": {"p_ai": 7.996706469346298, "p_al": 9.414519270096738, "p_ex": 0.6524073948204284, "prior": 5.086641906303749, "rate": 4.997070133205862}, "datetime": {"datetime": "2024-06-13 01:54:06", "elapsed": 213.882417, "delta": 0.10771}}
{"target": -253.94873118871232, "params": {"p_ai": 7.0079414003989475, "p_al": 9.95603813701815, "p_ex": 9.079903831413358, "prior": 2.9695743927041773, "rate": 3.3582093092894074}, "datetime": {"datetime": "2024-06-13 01:54:06", "elapsed": 213.990129, "delta": 0.107712}}
{"target": -286.676305505599, "params": {"p_ai": 8.201886874036, "p_al": 3.6167752366875074, "p_ex": 3.254424386140797, "prior": 4.447593325863283, "rate": 2.7719288711687775}, "datetime": {"datetime": "2024-06-13 01:54:06", "elapsed": 214.098838, "delta": 0.108709}}
{"target": -281.35896582867724, "params": {"p_ai": 7.490303509857709, "p_al": 4.527305674218615, "p_ex": 1.6400712810933544, "prior": 9.904617162543863, "rate": 3.380634836004196}, "datetime": {"datetime": "2024-06-13 01:54:06", "elapsed": 214.206668, "delta": 0.10783}}
{"target": -141.56523122267836, "params": {"p_ai": 3.0182894374658042, "p_al": 2.2540360879178154, "p_ex": 4.258012506403847, "prior": 6.951510100013808, "rate": 6.024463090968305}, "datetime": {"datetime": "2024-06-13 01:54:06", "elapsed": 214.315221, "delta": 0.108553}}
{"target": -122.78440979386309, "params": {"p_ai": 1.8154277802533894, "p_al": 2.646352911067262, "p_ex": 5.982902835498565, "prior": 8.580609180581801, "rate": 4.129748274092657}, "datetime": {"datetime": "2024-06-13 01:54:06", "elapsed": 214.42393, "delta": 0.108709}}
{"target": -125.1598274224771, "params": {"p_ai": 2.159265882128531, "p_al": 3.234561011888553, "p_ex": 6.9172126440284645, "prior": 7.009786877455434, "rate": 2.234282424435185}, "datetime": {"datetime": "2024-06-13 01:54:06", "elapsed": 214.532175, "delta": 0.108245}}
{"target": -193.66305106305037, "params": {"p_ai": 3.9655599000973614, "p_al": 6.993599747463365, "p_ex": 7.206028835833273, "prior": 1.3060269515928042, "rate": 6.094130941477607}, "datetime": {"datetime": "2024-06-13 01:54:06", "elapsed": 214.640767, "delta": 0.108592}}
{"target": -300.03317848450064, "params": {"p_ai": 8.860780604176751, "p_al": 5.824031202572268, "p_ex": 3.072782268537545, "prior": 7.451659090914785, "rate": 9.776990621630928}, "datetime": {"datetime": "2024-06-13 01:54:06", "elapsed": 214.750476, "delta": 0.109709}}
{"target": -366.0259583993624, "params": {"p_ai": 9.04633231716986, "p_al": 8.716160144918383, "p_ex": 0.003922193057461108, "prior": 5.826579941183415, "rate": 2.6279371999932573}, "datetime": {"datetime": "2024-06-13 01:54:07", "elapsed": 214.859211, "delta": 0.108735}}
{"target": -242.62015800859692, "params": {"p_ai": 8.130244891969703, "p_al": 5.23526283745264, "p_ex": 8.939108850131829, "prior": 5.237925787644913, "rate": 8.911460302578277}, "datetime": {"datetime": "2024-06-13 01:54:07", "elapsed": 214.966893, "delta": 0.107682}}
{"target": -160.6064739420556, "params": {"p_ai": 4.497764508230413, "p_al": 5.615436937758651, "p_ex": 8.125032960357574, "prior": 4.032314414262975, "rate": 5.687113316080488}, "datetime": {"datetime": "2024-06-13 01:54:07", "elapsed": 215.075139, "delta": 0.108246}}
{"target": -278.18687199670006, "params": {"p_ai": 8.984714318038437, "p_al": 4.8467417158094594, "p_ex": 5.906300764710574, "prior": 9.363857452858312, "rate": 8.83263271940978}, "datetime": {"datetime": "2024-06-13 01:54:07", "elapsed": 215.183287, "delta": 0.108148}}
{"target": -306.40515814910475, "params": {"p_ai": 7.577434997922026, "p_al": 7.112598718301506, "p_ex": 8.192131754208267, "prior": 1.0617119662258163, "rate": 3.810952160479885}, "datetime": {"datetime": "2024-06-13 01:54:07", "elapsed": 215.291429, "delta": 0.108142}}
{"target": -237.73648114618098, "params": {"p_ai": 5.458359106284024, "p_al": 8.585235455408231, "p_ex": 1.4648771670928944, "prior": 7.140681245430711, "rate": 5.910080443703744}, "datetime": {"datetime": "2024-06-13 01:54:07", "elapsed": 215.399725, "delta": 0.108296}}
{"target": -181.40563570429032, "params": {"p_ai": 6.0875909936487345, "p_al": 3.726815752106986, "p_ex": 9.15830642449183, "prior": 7.13933726242808, "rate": 6.683325835506722}, "datetime": {"datetime": "2024-06-13 01:54:07", "elapsed": 215.507963, "delta": 0.108238}}
{"target": -159.84116394042934, "params": {"p_ai": 2.2154321038106217, "p_al": 8.1289389260247, "p_ex": 4.95904725217079, "prior": 5.084200781464436, "rate": 0.8482490698586993}, "datetime": {"datetime": "2024-06-13 01:54:07", "elapsed": 215.61519, "delta": 0.107227}}
{"target": -202.7350225813645, "params": {"p_ai": 4.373244258236222, "p_al": 8.632149255500682, "p_ex": 6.802683723363489, "prior": 1.8950581131297959, "rate": 5.841148942244931}, "datetime": {"datetime": "2024-06-13 01:54:07", "elapsed": 215.725541, "delta": 0.110351}}
{"target": -280.9747840621709, "params": {"p_ai": 9.440120998803936, "p_al": 5.075095122577021, "p_ex": 9.674056937250327, "prior": 3.663304010988193, "rate": 2.9081982683005547}, "datetime": {"datetime": "2024-06-13 01:54:08", "elapsed": 215.840432, "delta": 0.114891}}
{"target": -310.24063944723594, "params": {"p_ai": 8.398665743541141, "p_al": 8.697381609098198, "p_ex": 2.017460785212376, "prior": 7.194800422731128, "rate": 5.921473523245135}, "datetime": {"datetime": "2024-06-13 01:54:08", "elapsed": 215.950137, "delta": 0.109705}}
{"target": -261.55402234243934, "params": {"p_ai": 8.94522136625385, "p_al": 1.4953085457292612, "p_ex": 7.630508798302322, "prior": 6.89986272904379, "rate": 7.950362828454771}, "datetime": {"datetime": "2024-06-13 01:54:08", "elapsed": 216.060837, "delta": 0.1107}}
{"target": -184.7833212892419, "params": {"p_ai": 4.5334216455871585, "p_al": 2.285080750396072, "p_ex": 2.8612639050635336, "prior": 3.0437248840947517, "rate": 8.402831110698429}, "datetime": {"datetime": "2024-06-13 01:54:08", "elapsed": 216.170146, "delta": 0.109309}}
{"target": -210.58116637457172, "params": {"p_ai": 5.372038987196228, "p_al": 5.636276018949885, "p_ex": 2.8423948482288677, "prior": 8.341748975598378, "rate": 7.049602636525978}, "datetime": {"datetime": "2024-06-13 01:54:08", "elapsed": 216.278153, "delta": 0.108007}}
{"target": -269.8936759422468, "params": {"p_ai": 8.781517473429453, "p_al": 1.3161352297481828, "p_ex": 8.496128765204425, "prior": 0.5220714718378262, "rate": 8.771411721092127}, "datetime": {"datetime": "2024-06-13 01:54:08", "elapsed": 216.387276, "delta": 0.109123}}
{"target": -145.34690843583718, "params": {"p_ai": 2.398175280570108, "p_al": 8.856757888094753, "p_ex": 3.7937200294297595, "prior": 8.429330555103737, "rate": 5.396590617151947}, "datetime": {"datetime": "2024-06-13 01:54:08", "elapsed": 216.494988, "delta": 0.107712}}
{"target": -281.3656516940699, "params": {"p_ai": 5.642190342955606, "p_al": 9.84022894951784, "p_ex": 9.63751153551982, "prior": 1.1441289022704242, "rate": 3.6421150962027857}, "datetime": {"datetime": "2024-06-13 01:54:08", "elapsed": 216.6027, "delta": 0.107712}}
{"target": -160.73912553045443, "params": {"p_ai": 2.506212038324754, "p_al": 4.483507611579368, "p_ex": 1.2644028687416509, "prior": 5.116170822812115, "rate": 8.655956316551622}, "datetime": {"datetime": "2024-06-13 01:54:08", "elapsed": 216.711914, "delta": 0.109214}}
{"target": -168.92135463011132, "params": {"p_ai": 3.524182459137863, "p_al": 1.557248674792178, "p_ex": 3.0733042597656954, "prior": 7.429002665405236, "rate": 0.9136723471660736}, "datetime": {"datetime": "2024-06-13 01:54:09", "elapsed": 216.819631, "delta": 0.107717}}
{"target": -356.17815755340376, "params": {"p_ai": 7.356081525521679, "p_al": 6.139605696996387, "p_ex": 7.4028472256456945, "prior": 0.09148820794806983, "rate": 7.205005956911262}, "datetime": {"datetime": "2024-06-13 01:54:09", "elapsed": 216.927343, "delta": 0.107712}}
{"target": -187.35374131809272, "params": {"p_ai": 3.20652192916414, "p_al": 6.330086992140342, "p_ex": 0.5393129725551014, "prior": 5.564785932218573, "rate": 9.416039732034474}, "datetime": {"datetime": "2024-06-13 01:54:09", "elapsed": 217.036055, "delta": 0.108712}}
{"target": -171.0125575689496, "params": {"p_ai": 3.2015370071173717, "p_al": 5.227843986477157, "p_ex": 4.077705890820247, "prior": 5.69696279590871, "rate": 0.6841180889586145}, "datetime": {"datetime": "2024-06-13 01:54:09", "elapsed": 217.14285, "delta": 0.106795}}
{"target": -192.27804126573852, "params": {"p_ai": 3.619441042802784, "p_al": 5.207068985721982, "p_ex": 0.8491598305113975, "prior": 4.677000648386591, "rate": 7.722524554423631}, "datetime": {"datetime": "2024-06-13 01:54:09", "elapsed": 217.250641, "delta": 0.107791}}
{"target": -227.110381926377, "params": {"p_ai": 4.4305910985625685, "p_al": 3.9098719950651493, "p_ex": 2.7294917556221026, "prior": 0.519464887551938, "rate": 7.61845485482411}, "datetime": {"datetime": "2024-06-13 01:54:09", "elapsed": 217.35924, "delta": 0.108599}}
{"target": -214.12536911696532, "params": {"p_ai": 4.858303293752173, "p_al": 1.614305665250888, "p_ex": 0.6617195267770156, "prior": 7.57924671380558, "rate": 5.884534108373207}, "datetime": {"datetime": "2024-06-13 01:54:09", "elapsed": 217.467251, "delta": 0.108011}}
{"target": -184.5470731548395, "params": {"p_ai": 5.588089049819353, "p_al": 2.0640425222684375, "p_ex": 5.943811569671102, "prior": 9.342191524625699, "rate": 7.255065057177155}, "datetime": {"datetime": "2024-06-13 01:54:09", "elapsed": 217.575961, "delta": 0.10871}}
{"target": -185.80482514336845, "params": {"p_ai": 5.866398132628953, "p_al": 8.653086394752902, "p_ex": 9.965692892765754, "prior": 8.651215789322743, "rate": 1.792646185609348}, "datetime": {"datetime": "2024-06-13 01:54:09", "elapsed": 217.696638, "delta": 0.120677}}
{"target": -287.9750412603352, "params": {"p_ai": 6.946946260957495, "p_al": 2.963016051488197, "p_ex": 0.5962774150678829, "prior": 1.0813285195441542, "rate": 7.628174982654579}, "datetime": {"datetime": "2024-06-13 01:54:10", "elapsed": 217.804871, "delta": 0.108233}}
{"target": -143.91040954791623, "params": {"p_ai": 0.001, "p_al": 0.001, "p_ex": 10.0, "prior": 0.001, "rate": 10.0}, "datetime": {"datetime": "2024-06-13 01:54:36", "elapsed": 244.274896, "delta": 26.470025}}
{"target": -131.5565650675031, "params": {"p_ai": 0.20431455579567864, "p_al": 0.001, "p_ex": 10.0, "prior": 0.17459062733555622, "rate": 3.7003132224643775}, "datetime": {"datetime": "2024-06-13 01:55:03", "elapsed": 270.98594, "delta": 26.711044}}
{"target": -119.56866933816065, "params": {"p_ai": 1.1822381585578796, "p_al": 0.001, "p_ex": 10.0, "prior": 10.0, "rate": 10.0}, "datetime": {"datetime": "2024-06-13 01:55:40", "elapsed": 308.218724, "delta": 37.232784}}
{"target": -128.82227757060906, "params": {"p_ai": 0.7766994222043688, "p_al": 0.001, "p_ex": 10.0, "prior": 10.0, "rate": 5.085510061213133}, "datetime": {"datetime": "2024-06-13 01:56:08", "elapsed": 336.635871, "delta": 28.417147}}
{"target": -131.8736457413726, "params": {"p_ai": 0.001, "p_al": 7.518635170571026, "p_ex": 10.0, "prior": 3.009217962806185, "rate": 10.0}, "datetime": {"datetime": "2024-06-13 01:56:31", "elapsed": 359.042111, "delta": 22.40624}}
{"target": -122.9024186846204, "params": {"p_ai": 0.001, "p_al": 0.001, "p_ex": 4.830555409986317, "prior": 0.808664009748144, "rate": 10.0}, "datetime": {"datetime": "2024-06-13 01:56:51", "elapsed": 379.751892, "delta": 20.709781}}
{"target": -129.55827180478855, "params": {"p_ai": 0.001, "p_al": 0.001, "p_ex": 4.492296039150966, "prior": 10.0, "rate": 10.0}, "datetime": {"datetime": "2024-06-13 01:57:17", "elapsed": 405.635099, "delta": 25.883207}}
{"target": -148.3826203408282, "params": {"p_ai": 3.3988069586851113, "p_al": 0.001, "p_ex": 10.0, "prior": 1.8246720773772307, "rate": 0.001}, "datetime": {"datetime": "2024-06-13 01:57:44", "elapsed": 432.626218, "delta": 26.991119}}
{"target": -119.40422321268862, "params": {"p_ai": 0.9360912655445619, "p_al": 0.001, "p_ex": 5.100798054687442, "prior": 1.1133062280113784, "rate": 1.546706530677294}, "datetime": {"datetime": "2024-06-13 01:58:16", "elapsed": 464.677456, "delta": 32.051238}}
{"target": -136.29558103291922, "params": {"p_ai": 0.001, "p_al": 0.001, "p_ex": 10.0, "prior": 6.296633519493934, "rate": 10.0}, "datetime": {"datetime": "2024-06-13 01:58:37", "elapsed": 485.337525, "delta": 20.660069}}
{"target": -116.46635824307248, "params": {"p_ai": 2.0224453011751735, "p_al": 10.0, "p_ex": 10.0, "prior": 10.0, "rate": 10.0}, "datetime": {"datetime": "2024-06-13 01:58:58", "elapsed": 505.974746, "delta": 20.637221}}
{"target": -117.16616312817345, "params": {"p_ai": 2.0708605581474218, "p_al": 0.7359644161751457, "p_ex": 10.0, "prior": 0.9067017147475567, "rate": 2.4627397245703415}, "datetime": {"datetime": "2024-06-13 01:59:19", "elapsed": 527.507669, "delta": 21.532923}}
{"target": -145.62264130020617, "params": {"p_ai": 0.25665810141320655, "p_al": 0.5392952230577345, "p_ex": 0.3690092411288045, "prior": 2.5306026064623293, "rate": 0.3692242069541319}, "datetime": {"datetime": "2024-06-13 01:59:50", "elapsed": 558.777569, "delta": 31.2699}}
{"target": -126.67794978942639, "params": {"p_ai": 0.001, "p_al": 0.001, "p_ex": 4.9342863616871995, "prior": 5.8806659573177935, "rate": 10.0}, "datetime": {"datetime": "2024-06-13 02:00:14", "elapsed": 582.575812, "delta": 23.798243}}
{"target": -187.66446640198788, "params": {"p_ai": 0.001, "p_al": 0.001, "p_ex": 10.0, "prior": 10.0, "rate": 0.001}, "datetime": {"datetime": "2024-06-13 02:00:41", "elapsed": 608.914033, "delta": 26.338221}}
{"target": -138.43586047661478, "params": {"p_ai": 0.001, "p_al": 10.0, "p_ex": 10.0, "prior": 4.056812957125724, "rate": 1.8118444422173585}, "datetime": {"datetime": "2024-06-13 02:01:09", "elapsed": 637.722938, "delta": 28.808905}}
{"target": -115.18995525341003, "params": {"p_ai": 2.704400536156867, "p_al": 0.001, "p_ex": 10.0, "prior": 10.0, "rate": 7.446180820964037}, "datetime": {"datetime": "2024-06-13 02:01:37", "elapsed": 665.48245, "delta": 27.759512}}
{"target": -115.90370105301156, "params": {"p_ai": 2.302656062383377, "p_al": 6.774333036832742, "p_ex": 10.0, "prior": 10.0, "rate": 10.0}, "datetime": {"datetime": "2024-06-13 02:02:19", "elapsed": 707.562478, "delta": 42.080028}}
{"target": -128.1036586843277, "params": {"p_ai": 0.9092928678611731, "p_al": 10.0, "p_ex": 10.0, "prior": 2.8700234629774424, "rate": 10.0}, "datetime": {"datetime": "2024-06-13 02:02:50", "elapsed": 738.174199, "delta": 30.611721}}
{"target": -147.62797373726673, "params": {"p_ai": 0.001, "p_al": 0.001, "p_ex": 0.001, "prior": 10.0, "rate": 10.0}, "datetime": {"datetime": "2024-06-13 02:03:12", "elapsed": 760.649364, "delta": 22.475165}}
{"target": -150.85060416481198, "params": {"p_ai": 0.001, "p_al": 10.0, "p_ex": 0.001, "prior": 10.0, "rate": 0.001}, "datetime": {"datetime": "2024-06-13 02:03:49", "elapsed": 796.810912, "delta": 36.161548}}
