{"target": -147.01008032409186, "params": {"gamma": 0.04976556777778367, "lr": 0.3253313297689604}, "datetime": {"datetime": "2024-06-13 18:28:23", "elapsed": 6.140705, "delta": 0.004987}}
{"target": -3100.3411639883443, "params": {"gamma": 8.389610534784513, "lr": 0.06282398021726943}, "datetime": {"datetime": "2024-06-13 18:28:23", "elapsed": 6.144695, "delta": 0.00399}}
{"target": -249.15064601809644, "params": {"gamma": 1.0550920446467325, "lr": 0.7017873465119159}, "datetime": {"datetime": "2024-06-13 18:28:23", "elapsed": 6.149681, "delta": 0.004986}}
{"target": -732.3352097219063, "params": {"gamma": 5.142068519294122, "lr": 0.49816682499451226}, "datetime": {"datetime": "2024-06-13 18:28:23", "elapsed": 6.15367, "delta": 0.003989}}
{"target": -672.2379937863926, "params": {"gamma": 3.736723579545134, "lr": 0.603513616671319}, "datetime": {"datetime": "2024-06-13 18:28:23", "elapsed": 6.158657, "delta": 0.004987}}
{"target": -1054.31395627456, "params": {"gamma": 8.514836200003508, "lr": 0.27692305646899273}, "datetime": {"datetime": "2024-06-13 18:28:23", "elapsed": 6.162646, "delta": 0.003989}}
{"target": -1192.3902408279932, "params": {"gamma": 8.447768867073506, "lr": 0.41661914857211835}, "datetime": {"datetime": "2024-06-13 18:28:23", "elapsed": 6.167633, "delta": 0.004987}}
{"target": -1050.481774028689, "params": {"gamma": 5.010339139927012, "lr": 0.7296233785681803}, "datetime": {"datetime": "2024-06-13 18:28:23", "elapsed": 6.17262, "delta": 0.004987}}
{"target": -693.6576897840172, "params": {"gamma": 2.5879583533585664, "lr": 0.9216369186561401}, "datetime": {"datetime": "2024-06-13 18:28:23", "elapsed": 6.176609, "delta": 0.003989}}
{"target": -1246.4070475373032, "params": {"gamma": 7.020992572824255, "lr": 0.618930423097489}, "datetime": {"datetime": "2024-06-13 18:28:23", "elapsed": 6.181596, "delta": 0.004987}}
{"target": -563.6507056152816, "params": {"gamma": 2.7308153642818653, "lr": 0.6958484563594459}, "datetime": {"datetime": "2024-06-13 18:28:23", "elapsed": 6.185585, "delta": 0.003989}}
{"target": -599.9544951866951, "params": {"gamma": 2.5728902697861002, "lr": 0.8164526703274775}, "datetime": {"datetime": "2024-06-13 18:28:23", "elapsed": 6.190572, "delta": 0.004987}}
{"target": -148.35465665032817, "params": {"gamma": 0.11571307777403769, "lr": 0.1665376436115401}, "datetime": {"datetime": "2024-06-13 18:28:23", "elapsed": 6.195559, "delta": 0.004987}}
{"target": -1147.3333368741762, "params": {"gamma": 5.578732058631829, "lr": 0.7122809996025021}, "datetime": {"datetime": "2024-06-13 18:28:23", "elapsed": 6.199548, "delta": 0.003989}}
{"target": -1259.658566466239, "params": {"gamma": 4.925314058477191, "lr": 0.8778095014799501}, "datetime": {"datetime": "2024-06-13 18:28:23", "elapsed": 6.204534, "delta": 0.004986}}
{"target": -1371.039774289561, "params": {"gamma": 9.758723505691574, "lr": 0.46427706754424325}, "datetime": {"datetime": "2024-06-13 18:28:23", "elapsed": 6.209521, "delta": 0.004987}}
{"target": -1083.2539232682036, "params": {"gamma": 7.680101807848576, "lr": 0.49477213383352725}, "datetime": {"datetime": "2024-06-13 18:28:23", "elapsed": 6.21351, "delta": 0.003989}}
{"target": -967.2674201924814, "params": {"gamma": 6.651322684579871, "lr": 0.22487497996736572}, "datetime": {"datetime": "2024-06-13 18:28:23", "elapsed": 6.2175, "delta": 0.00399}}
{"target": -315.50342644797166, "params": {"gamma": 1.0963076304454686, "lr": 0.9790089375741902}, "datetime": {"datetime": "2024-06-13 18:28:23", "elapsed": 6.222486, "delta": 0.004986}}
{"target": -1010.7454337335645, "params": {"gamma": 8.150131602400142, "lr": 0.28538353244953096}, "datetime": {"datetime": "2024-06-13 18:28:23", "elapsed": 6.227474, "delta": 0.004988}}
{"target": -823.7151420436057, "params": {"gamma": 5.858698015894784, "lr": 0.38007120527879124}, "datetime": {"datetime": "2024-06-13 18:28:23", "elapsed": 6.23246, "delta": 0.004986}}
{"target": -277.09560725590893, "params": {"gamma": 1.7642040696578871, "lr": 0.4188351430524928}, "datetime": {"datetime": "2024-06-13 18:28:23", "elapsed": 6.23645, "delta": 0.00399}}
{"target": -1125.3803375635946, "params": {"gamma": 2.9725807541730793, "lr": 0.016624106532905913}, "datetime": {"datetime": "2024-06-13 18:28:23", "elapsed": 6.241437, "delta": 0.004987}}
{"target": -1029.0660396387354, "params": {"gamma": 3.8742957016810964, "lr": 0.9209130038047522}, "datetime": {"datetime": "2024-06-13 18:28:23", "elapsed": 6.246424, "delta": 0.004987}}
{"target": -1457.8858145954446, "params": {"gamma": 8.28217438681578, "lr": 0.5740747551965509}, "datetime": {"datetime": "2024-06-13 18:28:23", "elapsed": 6.251411, "delta": 0.004987}}
{"target": -482.1672607337041, "params": {"gamma": 3.1871500009390448, "lr": 0.23126429488543754}, "datetime": {"datetime": "2024-06-13 18:28:23", "elapsed": 6.256397, "delta": 0.004986}}
{"target": -1600.9962889276117, "params": {"gamma": 9.560239816725709, "lr": 0.5646100990687117}, "datetime": {"datetime": "2024-06-13 18:28:23", "elapsed": 6.261384, "delta": 0.004987}}
{"target": -344.8960053037652, "params": {"gamma": 2.176835430287672, "lr": 0.24948205109862287}, "datetime": {"datetime": "2024-06-13 18:28:23", "elapsed": 6.266378, "delta": 0.004994}}
{"target": -1382.2097559850358, "params": {"gamma": 9.59600242910666, "lr": 0.238814133296392}, "datetime": {"datetime": "2024-06-13 18:28:23", "elapsed": 6.273381, "delta": 0.007003}}
{"target": -218.59234348153515, "params": {"gamma": 1.068034169467023, "lr": 0.18396193975266917}, "datetime": {"datetime": "2024-06-13 18:28:23", "elapsed": 6.278368, "delta": 0.004987}}
{"target": -1570.104504255738, "params": {"gamma": 7.662481844372273, "lr": 0.7087642559312614}, "datetime": {"datetime": "2024-06-13 18:28:23", "elapsed": 6.282356, "delta": 0.003988}}
{"target": -975.5797714886154, "params": {"gamma": 4.379981305846461, "lr": 0.7938045071164251}, "datetime": {"datetime": "2024-06-13 18:28:23", "elapsed": 6.288311, "delta": 0.005955}}
{"target": -738.339034126939, "params": {"gamma": 5.1756094087340525, "lr": 0.41359816112910697}, "datetime": {"datetime": "2024-06-13 18:28:23", "elapsed": 6.293297, "delta": 0.004986}}
{"target": -325.0136641901356, "params": {"gamma": 1.1753019203396682, "lr": 0.8839110659363493}, "datetime": {"datetime": "2024-06-13 18:28:23", "elapsed": 6.298283, "delta": 0.004986}}
{"target": -502.90274078486016, "params": {"gamma": 2.7566565508887577, "lr": 0.6162607233298604}, "datetime": {"datetime": "2024-06-13 18:28:23", "elapsed": 6.303271, "delta": 0.004988}}
{"target": -1547.5430397353196, "params": {"gamma": 9.8458132098281, "lr": 0.1894180220437538}, "datetime": {"datetime": "2024-06-13 18:28:23", "elapsed": 6.308257, "delta": 0.004986}}
{"target": -1736.111164163682, "params": {"gamma": 9.651914729938635, "lr": 0.6527153684256953}, "datetime": {"datetime": "2024-06-13 18:28:23", "elapsed": 6.312246, "delta": 0.003989}}
{"target": -307.6994919862093, "params": {"gamma": 1.28818731436088, "lr": 0.7719271460730484}, "datetime": {"datetime": "2024-06-13 18:28:23", "elapsed": 6.317234, "delta": 0.004988}}
{"target": -1593.9748776452386, "params": {"gamma": 9.51780600679268, "lr": 0.5627805496894249}, "datetime": {"datetime": "2024-06-13 18:28:23", "elapsed": 6.32222, "delta": 0.004986}}
{"target": -2551.509230344987, "params": {"gamma": 6.885863442381723, "lr": 0.0263478788699828}, "datetime": {"datetime": "2024-06-13 18:28:23", "elapsed": 6.327207, "delta": 0.004987}}
{"target": -1274.837411455113, "params": {"gamma": 9.890767779393961, "lr": 0.3184571198136825}, "datetime": {"datetime": "2024-06-13 18:28:23", "elapsed": 6.331196, "delta": 0.003989}}
{"target": -143.24387799340224, "params": {"gamma": 0.24001388988282726, "lr": 0.8085641504743885}, "datetime": {"datetime": "2024-06-13 18:28:23", "elapsed": 6.336184, "delta": 0.004988}}
{"target": -2025.0544648776122, "params": {"gamma": 9.732552265118914, "lr": 0.7375885099166811}, "datetime": {"datetime": "2024-06-13 18:28:23", "elapsed": 6.341169, "delta": 0.004985}}
{"target": -151.62342907012928, "params": {"gamma": 0.028355324647958178, "lr": 0.06336051137403531}, "datetime": {"datetime": "2024-06-13 18:28:23", "elapsed": 6.346156, "delta": 0.004987}}
{"target": -840.0302839313407, "params": {"gamma": 5.843109782870581, "lr": 0.3357151077556031}, "datetime": {"datetime": "2024-06-13 18:28:23", "elapsed": 6.351143, "delta": 0.004987}}
{"target": -2161.472674516458, "params": {"gamma": 8.818452974037214, "lr": 0.8736693693569384}, "datetime": {"datetime": "2024-06-13 18:28:23", "elapsed": 6.356129, "delta": 0.004986}}
{"target": -2070.0007665375624, "params": {"gamma": 9.875201568135711, "lr": 0.7158319690725937}, "datetime": {"datetime": "2024-06-13 18:28:23", "elapsed": 6.360119, "delta": 0.00399}}
{"target": -1132.998967553254, "params": {"gamma": 8.768960114386706, "lr": 0.3196501118620526}, "datetime": {"datetime": "2024-06-13 18:28:23", "elapsed": 6.365105, "delta": 0.004986}}
{"target": -299.48776370029475, "params": {"gamma": 1.1126583422461405, "lr": 0.8653641057823798}, "datetime": {"datetime": "2024-06-13 18:28:23", "elapsed": 6.369095, "delta": 0.00399}}
{"target": -444.4196193617612, "params": {"gamma": 3.035422507017289, "lr": 0.4193322981668862}, "datetime": {"datetime": "2024-06-13 18:28:23", "elapsed": 6.374081, "delta": 0.004986}}
{"target": -1148.1980341084015, "params": {"gamma": 6.460656540458656, "lr": 0.6050991341555126}, "datetime": {"datetime": "2024-06-13 18:28:23", "elapsed": 6.378071, "delta": 0.00399}}
{"target": -598.40956054725, "params": {"gamma": 4.209809922064285, "lr": 0.38615051187059357}, "datetime": {"datetime": "2024-06-13 18:28:23", "elapsed": 6.384055, "delta": 0.005984}}
{"target": -232.5543635689039, "params": {"gamma": 1.227687737548204, "lr": 0.5338618843034166}, "datetime": {"datetime": "2024-06-13 18:28:23", "elapsed": 6.389041, "delta": 0.004986}}
{"target": -523.9185155216476, "params": {"gamma": 2.329308118342716, "lr": 0.7548078511004613}, "datetime": {"datetime": "2024-06-13 18:28:23", "elapsed": 6.394028, "delta": 0.004987}}
{"target": -2501.5721176360726, "params": {"gamma": 6.749030971060837, "lr": 0.07192696480921446}, "datetime": {"datetime": "2024-06-13 18:28:23", "elapsed": 6.398017, "delta": 0.003989}}
{"target": -2184.645429696312, "params": {"gamma": 9.892657582673268, "lr": 0.7804569355743413}, "datetime": {"datetime": "2024-06-13 18:28:23", "elapsed": 6.403004, "delta": 0.004987}}
{"target": -874.444164914527, "params": {"gamma": 2.279031043019085, "lr": 0.030742818349697054}, "datetime": {"datetime": "2024-06-13 18:28:23", "elapsed": 6.434922, "delta": 0.031918}}
{"target": -692.3006741701314, "params": {"gamma": 4.784239938885914, "lr": 0.35274243750107404}, "datetime": {"datetime": "2024-06-13 18:28:23", "elapsed": 6.439908, "delta": 0.004986}}
{"target": -989.5216995530102, "params": {"gamma": 5.465568482142916, "lr": 0.6596639554249211}, "datetime": {"datetime": "2024-06-13 18:28:23", "elapsed": 6.444896, "delta": 0.004988}}
{"target": -2948.0649228627135, "params": {"gamma": 7.972400853780025, "lr": 0.013544346839127641}, "datetime": {"datetime": "2024-06-13 18:28:23", "elapsed": 6.449881, "delta": 0.004985}}
{"target": -831.2479470747357, "params": {"gamma": 7.143240843274906, "lr": 0.2953139661018992}, "datetime": {"datetime": "2024-06-13 18:28:23", "elapsed": 6.453872, "delta": 0.003991}}
{"target": -2356.6171774382915, "params": {"gamma": 9.864039353798532, "lr": 0.8462417305877817}, "datetime": {"datetime": "2024-06-13 18:28:23", "elapsed": 6.458858, "delta": 0.004986}}
{"target": -991.2178295835042, "params": {"gamma": 5.604451409666734, "lr": 0.5977656853768393}, "datetime": {"datetime": "2024-06-13 18:28:23", "elapsed": 6.463845, "delta": 0.004987}}
{"target": -311.30317515419966, "params": {"gamma": 1.9215646543725684, "lr": 0.2262515885870655}, "datetime": {"datetime": "2024-06-13 18:28:23", "elapsed": 6.467834, "delta": 0.003989}}
{"target": -247.097057811666, "params": {"gamma": 1.5409777702011733, "lr": 0.37781354746444173}, "datetime": {"datetime": "2024-06-13 18:28:23", "elapsed": 6.47282, "delta": 0.004986}}
{"target": -218.0036950699266, "params": {"gamma": 1.1204424879714694, "lr": 0.5112728936342619}, "datetime": {"datetime": "2024-06-13 18:28:23", "elapsed": 6.477808, "delta": 0.004988}}
{"target": -1707.5139144586374, "params": {"gamma": 6.385141076060073, "lr": 0.12221237823698328}, "datetime": {"datetime": "2024-06-13 18:28:23", "elapsed": 6.481796, "delta": 0.003988}}
{"target": -1296.1030224827032, "params": {"gamma": 3.442619392943751, "lr": 0.07034787968520784}, "datetime": {"datetime": "2024-06-13 18:28:23", "elapsed": 6.486783, "delta": 0.004987}}
{"target": -952.5881232762106, "params": {"gamma": 5.25808611153342, "lr": 0.6502897692030054}, "datetime": {"datetime": "2024-06-13 18:28:23", "elapsed": 6.49177, "delta": 0.004987}}
{"target": -1405.345793468419, "params": {"gamma": 6.155105941609653, "lr": 0.8138695628094851}, "datetime": {"datetime": "2024-06-13 18:28:23", "elapsed": 6.495759, "delta": 0.003989}}
{"target": -434.6211296514279, "params": {"gamma": 2.3564267987877012, "lr": 0.6181818418404456}, "datetime": {"datetime": "2024-06-13 18:28:24", "elapsed": 6.500747, "delta": 0.004988}}
{"target": -1112.569747076212, "params": {"gamma": 3.028982363807174, "lr": 0.0887677060791423}, "datetime": {"datetime": "2024-06-13 18:28:24", "elapsed": 6.505733, "delta": 0.004986}}
{"target": -1154.6730120967331, "params": {"gamma": 3.053309454186566, "lr": 0.07135647494461617}, "datetime": {"datetime": "2024-06-13 18:28:24", "elapsed": 6.510719, "delta": 0.004986}}
{"target": -2009.8047585522618, "params": {"gamma": 9.585783535985689, "lr": 0.7271654349269293}, "datetime": {"datetime": "2024-06-13 18:28:24", "elapsed": 6.515706, "delta": 0.004987}}
{"target": -256.8254486337825, "params": {"gamma": 1.0155071173822163, "lr": 0.7862693223485936}, "datetime": {"datetime": "2024-06-13 18:28:24", "elapsed": 6.519695, "delta": 0.003989}}
{"target": -926.9422458853195, "params": {"gamma": 3.5222014456052215, "lr": 0.9114351403237924}, "datetime": {"datetime": "2024-06-13 18:28:24", "elapsed": 6.524682, "delta": 0.004987}}
{"target": -1219.5151060078986, "params": {"gamma": 4.955478850036387, "lr": 0.8726927229848721}, "datetime": {"datetime": "2024-06-13 18:28:24", "elapsed": 6.528672, "delta": 0.00399}}
{"target": -330.0197744766235, "params": {"gamma": 2.206077417642493, "lr": 0.36719232590326556}, "datetime": {"datetime": "2024-06-13 18:28:24", "elapsed": 6.533658, "delta": 0.004986}}
{"target": -1318.3875622456405, "params": {"gamma": 3.6690025846416687, "lr": 0.09713268160328525}, "datetime": {"datetime": "2024-06-13 18:28:24", "elapsed": 6.538678, "delta": 0.00502}}
{"target": -607.3459721748189, "params": {"gamma": 3.310813326223882, "lr": 0.6597098038387995}, "datetime": {"datetime": "2024-06-13 18:28:24", "elapsed": 6.542634, "delta": 0.003956}}
{"target": -1194.0534806649591, "params": {"gamma": 4.665968370246033, "lr": 0.8792315697444312}, "datetime": {"datetime": "2024-06-13 18:28:24", "elapsed": 6.54762, "delta": 0.004986}}
{"target": -404.20521756873376, "params": {"gamma": 2.6974329936370927, "lr": 0.3548193487216488}, "datetime": {"datetime": "2024-06-13 18:28:24", "elapsed": 6.552607, "delta": 0.004987}}
{"target": -535.2665042918015, "params": {"gamma": 3.2042225472159718, "lr": 0.5517379706217076}, "datetime": {"datetime": "2024-06-13 18:28:24", "elapsed": 6.556597, "delta": 0.00399}}
{"target": -330.6864922651298, "params": {"gamma": 1.8830059366472722, "lr": 0.1732442715081729}, "datetime": {"datetime": "2024-06-13 18:28:24", "elapsed": 6.561583, "delta": 0.004986}}
{"target": -1309.2466499419586, "params": {"gamma": 9.394879760160336, "lr": 0.37664771374633}, "datetime": {"datetime": "2024-06-13 18:28:24", "elapsed": 6.565573, "delta": 0.00399}}
{"target": -2181.308720190168, "params": {"gamma": 5.871394250695616, "lr": 0.05515208501882385}, "datetime": {"datetime": "2024-06-13 18:28:24", "elapsed": 6.570559, "delta": 0.004986}}
{"target": -534.8275040246303, "params": {"gamma": 1.409439110996769, "lr": 0.09635855186124331}, "datetime": {"datetime": "2024-06-13 18:28:24", "elapsed": 6.575546, "delta": 0.004987}}
{"target": -2495.1467603766177, "params": {"gamma": 8.121343564013504, "lr": 0.10314678258346421}, "datetime": {"datetime": "2024-06-13 18:28:24", "elapsed": 6.579535, "delta": 0.003989}}
{"target": -973.7163920550014, "params": {"gamma": 5.163644140749812, "lr": 0.1555778979920741}, "datetime": {"datetime": "2024-06-13 18:28:24", "elapsed": 6.584522, "delta": 0.004987}}
{"target": -720.9674540923583, "params": {"gamma": 2.7888887375330564, "lr": 0.8826020025030701}, "datetime": {"datetime": "2024-06-13 18:28:24", "elapsed": 6.589194, "delta": 0.004672}}
{"target": -1669.9012568725661, "params": {"gamma": 6.316306057543976, "lr": 0.9636627102130699}, "datetime": {"datetime": "2024-06-13 18:28:24", "elapsed": 6.59377, "delta": 0.004576}}
{"target": -2227.3383517963407, "params": {"gamma": 5.997543941794315, "lr": 0.009519716216558005}, "datetime": {"datetime": "2024-06-13 18:28:24", "elapsed": 6.597916, "delta": 0.004146}}
{"target": -1556.1266979447323, "params": {"gamma": 4.156994414198696, "lr": 0.02244175435867979}, "datetime": {"datetime": "2024-06-13 18:28:24", "elapsed": 6.6029, "delta": 0.004984}}
{"target": -457.8697231432749, "params": {"gamma": 3.1405292961414175, "lr": 0.48162493072074175}, "datetime": {"datetime": "2024-06-13 18:28:24", "elapsed": 6.607887, "delta": 0.004987}}
{"target": -841.1288608645643, "params": {"gamma": 5.755017951896957, "lr": 0.2386502029289299}, "datetime": {"datetime": "2024-06-13 18:28:24", "elapsed": 6.611876, "delta": 0.003989}}
{"target": -785.9903219565641, "params": {"gamma": 5.583307497898072, "lr": 0.3949201341072339}, "datetime": {"datetime": "2024-06-13 18:28:24", "elapsed": 6.616864, "delta": 0.004988}}
{"target": -809.7398383789333, "params": {"gamma": 5.066315292881764, "lr": 0.19596701454252152}, "datetime": {"datetime": "2024-06-13 18:28:24", "elapsed": 6.62185, "delta": 0.004986}}
{"target": -364.55519724761666, "params": {"gamma": 1.5683593484243095, "lr": 0.7545170076023864}, "datetime": {"datetime": "2024-06-13 18:28:24", "elapsed": 6.625839, "delta": 0.003989}}
{"target": -605.5126935068765, "params": {"gamma": 3.3004023148263886, "lr": 0.6441956925382164}, "datetime": {"datetime": "2024-06-13 18:28:24", "elapsed": 6.630826, "delta": 0.004987}}
{"target": -1463.454832767516, "params": {"gamma": 5.654990510308829, "lr": 0.899530915886071}, "datetime": {"datetime": "2024-06-13 18:28:24", "elapsed": 6.634689, "delta": 0.003863}}
{"target": -1270.7697138512226, "params": {"gamma": 8.806955495452243, "lr": 0.4431114003267834}, "datetime": {"datetime": "2024-06-13 18:28:24", "elapsed": 6.639673, "delta": 0.004984}}
{"target": -388.36925896710966, "params": {"gamma": 2.048146129836078, "lr": 0.6321923752918258}, "datetime": {"datetime": "2024-06-13 18:28:24", "elapsed": 6.64466, "delta": 0.004987}}
{"target": -1285.9715206928631, "params": {"gamma": 6.368722917490155, "lr": 0.6924175033786027}, "datetime": {"datetime": "2024-06-13 18:28:24", "elapsed": 6.648649, "delta": 0.003989}}
{"target": -2005.1512515822833, "params": {"gamma": 9.074824554145266, "lr": 0.7825809780445985}, "datetime": {"datetime": "2024-06-13 18:28:24", "elapsed": 6.653636, "delta": 0.004987}}
{"target": -1111.8644629295684, "params": {"gamma": 6.253284067622613, "lr": 0.6009655953980898}, "datetime": {"datetime": "2024-06-13 18:28:24", "elapsed": 6.658623, "delta": 0.004987}}
{"target": -401.4025606119575, "params": {"gamma": 2.1283776016453526, "lr": 0.651365361997868}, "datetime": {"datetime": "2024-06-13 18:28:24", "elapsed": 6.662612, "delta": 0.003989}}
{"target": -2150.6470192141373, "params": {"gamma": 8.145187207595269, "lr": 0.9223224808528965}, "datetime": {"datetime": "2024-06-13 18:28:24", "elapsed": 6.667599, "delta": 0.004987}}
{"target": -1535.8604943995483, "params": {"gamma": 9.166584470697245, "lr": 0.5610988058726366}, "datetime": {"datetime": "2024-06-13 18:28:24", "elapsed": 6.671588, "delta": 0.003989}}
{"target": -390.8885817135058, "params": {"gamma": 2.599079923429137, "lr": 0.33379745682371664}, "datetime": {"datetime": "2024-06-13 18:28:24", "elapsed": 6.676575, "delta": 0.004987}}
{"target": -1611.7326819031587, "params": {"gamma": 9.977625893322635, "lr": 0.5255977882178193}, "datetime": {"datetime": "2024-06-13 18:28:24", "elapsed": 6.681561, "delta": 0.004986}}
{"target": -1436.4471357115467, "params": {"gamma": 8.159250821705387, "lr": 0.5970161877845721}, "datetime": {"datetime": "2024-06-13 18:28:24", "elapsed": 6.685551, "delta": 0.00399}}
{"target": -732.0983243727595, "params": {"gamma": 5.069796942895938, "lr": 0.34853961530569777}, "datetime": {"datetime": "2024-06-13 18:28:24", "elapsed": 6.690537, "delta": 0.004986}}
{"target": -2001.3616266381662, "params": {"gamma": 5.378167511784794, "lr": 0.00673470699420331}, "datetime": {"datetime": "2024-06-13 18:28:24", "elapsed": 6.695524, "delta": 0.004987}}
{"target": -1469.7440942464987, "params": {"gamma": 8.766981380159143, "lr": 0.5614864815326793}, "datetime": {"datetime": "2024-06-13 18:28:24", "elapsed": 6.699513, "delta": 0.003989}}
{"target": -143.44756562144414, "params": {"gamma": 0.2437899718214612, "lr": 0.8181747453311654}, "datetime": {"datetime": "2024-06-13 18:28:24", "elapsed": 6.704501, "delta": 0.004988}}
{"target": -543.6196983506906, "params": {"gamma": 1.3544085542298703, "lr": 0.03063869809086972}, "datetime": {"datetime": "2024-06-13 18:28:24", "elapsed": 6.709487, "delta": 0.004986}}
{"target": -1225.4984164914135, "params": {"gamma": 4.623891705947023, "lr": 0.9606566952869964}, "datetime": {"datetime": "2024-06-13 18:28:24", "elapsed": 6.714474, "delta": 0.004987}}
