{"target": -786.8429969436427, "params": {"gamma": 8.199874253028593, "lr": 0.46781804781537173}, "datetime": {"datetime": "2024-06-13 19:54:38", "elapsed": 6.312653, "delta": 0.00399}}
{"target": -427.2592827507715, "params": {"gamma": 4.275493453510745, "lr": 0.4010683054344961}, "datetime": {"datetime": "2024-06-13 19:54:38", "elapsed": 6.31764, "delta": 0.004987}}
{"target": -682.8958079294111, "params": {"gamma": 5.822568206350932, "lr": 0.7289706693761112}, "datetime": {"datetime": "2024-06-13 19:54:38", "elapsed": 6.322136, "delta": 0.004496}}
{"target": -753.0629675492751, "params": {"gamma": 7.843135731493912, "lr": 0.6547991875604179}, "datetime": {"datetime": "2024-06-13 19:54:38", "elapsed": 6.327123, "delta": 0.004987}}
{"target": -554.7984096293604, "params": {"gamma": 5.625099180595456, "lr": 0.412392608220297}, "datetime": {"datetime": "2024-06-13 19:54:38", "elapsed": 6.335101, "delta": 0.007978}}
{"target": -308.4664439013625, "params": {"gamma": 3.1998307053765016, "lr": 0.2862477928261852}, "datetime": {"datetime": "2024-06-13 19:54:38", "elapsed": 6.34308, "delta": 0.007979}}
{"target": -348.5911658271504, "params": {"gamma": 2.9624710073123492, "lr": 0.6827528661644432}, "datetime": {"datetime": "2024-06-13 19:54:38", "elapsed": 6.348067, "delta": 0.004987}}
{"target": -715.4037020825624, "params": {"gamma": 7.624649380413635, "lr": 0.5976197869899762}, "datetime": {"datetime": "2024-06-13 19:54:38", "elapsed": 6.353053, "delta": 0.004986}}
{"target": -287.55372207713816, "params": {"gamma": 2.229416058643355, "lr": 0.1943950205047229}, "datetime": {"datetime": "2024-06-13 19:54:38", "elapsed": 6.357043, "delta": 0.00399}}
{"target": -1052.5076283528733, "params": {"gamma": 7.657095501588769, "lr": 0.9786938189750454}, "datetime": {"datetime": "2024-06-13 19:54:38", "elapsed": 6.361032, "delta": 0.003989}}
{"target": -129.1373642531359, "params": {"gamma": 0.1600837059640327, "lr": 0.24889814198257976}, "datetime": {"datetime": "2024-06-13 19:54:38", "elapsed": 6.366018, "delta": 0.004986}}
{"target": -925.8924389436097, "params": {"gamma": 7.923336404835708, "lr": 0.7191652977533548}, "datetime": {"datetime": "2024-06-13 19:54:38", "elapsed": 6.369953, "delta": 0.003935}}
{"target": -281.05459397364405, "params": {"gamma": 2.4605535974366086, "lr": 0.5548923810758453}, "datetime": {"datetime": "2024-06-13 19:54:38", "elapsed": 6.373943, "delta": 0.00399}}
{"target": -692.514223895528, "params": {"gamma": 5.856272355196109, "lr": 0.7213842766472296}, "datetime": {"datetime": "2024-06-13 19:54:38", "elapsed": 6.378929, "delta": 0.004986}}
{"target": -461.3596389275584, "params": {"gamma": 4.637273438415798, "lr": 0.40484847152272274}, "datetime": {"datetime": "2024-06-13 19:54:38", "elapsed": 6.382919, "delta": 0.00399}}
{"target": -323.396150299433, "params": {"gamma": 3.080786698738075, "lr": 0.23830890840682273}, "datetime": {"datetime": "2024-06-13 19:54:38", "elapsed": 6.386908, "delta": 0.003989}}
{"target": -151.56906558926326, "params": {"gamma": 0.925941078147889, "lr": 0.6458833874176423}, "datetime": {"datetime": "2024-06-13 19:54:38", "elapsed": 6.391895, "delta": 0.004987}}
{"target": -741.1099230948957, "params": {"gamma": 6.696034914953822, "lr": 0.6873434739168471}, "datetime": {"datetime": "2024-06-13 19:54:38", "elapsed": 6.395884, "delta": 0.003989}}
{"target": -142.33799757196067, "params": {"gamma": 0.03245405892326011, "lr": 0.43825303252098613}, "datetime": {"datetime": "2024-06-13 19:54:38", "elapsed": 6.399873, "delta": 0.003989}}
{"target": -175.22051310413195, "params": {"gamma": 1.22641109574872, "lr": 0.5266093357063074}, "datetime": {"datetime": "2024-06-13 19:54:38", "elapsed": 6.40486, "delta": 0.004987}}
{"target": -936.1787356623314, "params": {"gamma": 9.797416469397842, "lr": 0.4992770109633381}, "datetime": {"datetime": "2024-06-13 19:54:38", "elapsed": 6.40885, "delta": 0.00399}}
{"target": -491.66889132227425, "params": {"gamma": 3.747125142755934, "lr": 0.8138399923945955}, "datetime": {"datetime": "2024-06-13 19:54:38", "elapsed": 6.413836, "delta": 0.004986}}
{"target": -857.6339684437224, "params": {"gamma": 9.68204618100875, "lr": 0.28712337752879535}, "datetime": {"datetime": "2024-06-13 19:54:38", "elapsed": 6.41833, "delta": 0.004494}}
{"target": -1102.4790526422062, "params": {"gamma": 8.030197397425262, "lr": 0.9961414373632698}, "datetime": {"datetime": "2024-06-13 19:54:38", "elapsed": 6.422321, "delta": 0.003991}}
{"target": -167.5241844780113, "params": {"gamma": 1.1191305732763266, "lr": 0.5310473545872221}, "datetime": {"datetime": "2024-06-13 19:54:38", "elapsed": 6.426311, "delta": 0.00399}}
{"target": -771.9553920807703, "params": {"gamma": 8.135452268270518, "lr": 0.37629418365689815}, "datetime": {"datetime": "2024-06-13 19:54:38", "elapsed": 6.431297, "delta": 0.004986}}
{"target": -572.9142198922666, "params": {"gamma": 4.4582994882209785, "lr": 0.7509025596645666}, "datetime": {"datetime": "2024-06-13 19:54:38", "elapsed": 6.435287, "delta": 0.00399}}
{"target": -137.8844763973433, "params": {"gamma": 0.9843654431052541, "lr": 0.3605263049964609}, "datetime": {"datetime": "2024-06-13 19:54:38", "elapsed": 6.440273, "delta": 0.004986}}
{"target": -572.1855680428623, "params": {"gamma": 5.637498846609272, "lr": 0.23858559594258377}, "datetime": {"datetime": "2024-06-13 19:54:38", "elapsed": 6.444262, "delta": 0.003989}}
{"target": -1056.7616051371592, "params": {"gamma": 8.399697763448607, "lr": 0.7658509922899394}, "datetime": {"datetime": "2024-06-13 19:54:38", "elapsed": 6.448252, "delta": 0.00399}}
{"target": -980.9039013851559, "params": {"gamma": 9.655460253343795, "lr": 0.5229880750137287}, "datetime": {"datetime": "2024-06-13 19:54:38", "elapsed": 6.453238, "delta": 0.004986}}
{"target": -195.39731663034857, "params": {"gamma": 1.06614005524794, "lr": 0.936617023061487}, "datetime": {"datetime": "2024-06-13 19:54:38", "elapsed": 6.457228, "delta": 0.00399}}
{"target": -852.2530837874563, "params": {"gamma": 8.342525658973996, "lr": 0.5444181610032376}, "datetime": {"datetime": "2024-06-13 19:54:38", "elapsed": 6.461217, "delta": 0.003989}}
{"target": -1057.9085780673986, "params": {"gamma": 8.363186471576656, "lr": 0.8816909193539424}, "datetime": {"datetime": "2024-06-13 19:54:38", "elapsed": 6.466204, "delta": 0.004987}}
{"target": -803.0433702823176, "params": {"gamma": 7.76103529253161, "lr": 0.5712539770424174}, "datetime": {"datetime": "2024-06-13 19:54:38", "elapsed": 6.470193, "delta": 0.003989}}
{"target": -801.3865420440267, "params": {"gamma": 6.153371915939358, "lr": 0.8443906826433587}, "datetime": {"datetime": "2024-06-13 19:54:38", "elapsed": 6.47518, "delta": 0.004987}}
{"target": -632.4614874618997, "params": {"gamma": 6.222544146503024, "lr": 0.20647995918763162}, "datetime": {"datetime": "2024-06-13 19:54:38", "elapsed": 6.47917, "delta": 0.00399}}
{"target": -712.4311669761026, "params": {"gamma": 6.915192747116144, "lr": 0.5320137500773816}, "datetime": {"datetime": "2024-06-13 19:54:38", "elapsed": 6.484156, "delta": 0.004986}}
{"target": -531.1181602437548, "params": {"gamma": 2.633207341942995, "lr": 0.0007865415296364198}, "datetime": {"datetime": "2024-06-13 19:54:38", "elapsed": 6.488145, "delta": 0.003989}}
{"target": -286.94490585987404, "params": {"gamma": 2.3557421152378364, "lr": 0.673566697976032}, "datetime": {"datetime": "2024-06-13 19:54:38", "elapsed": 6.492135, "delta": 0.00399}}
{"target": -1107.4656496146401, "params": {"gamma": 8.783323676609767, "lr": 0.8307025692405677}, "datetime": {"datetime": "2024-06-13 19:54:38", "elapsed": 6.497121, "delta": 0.004986}}
{"target": -232.34229478726428, "params": {"gamma": 1.0819657484995155, "lr": 0.07112497952283825}, "datetime": {"datetime": "2024-06-13 19:54:38", "elapsed": 6.50111, "delta": 0.003989}}
{"target": -717.355245404428, "params": {"gamma": 7.616161526478173, "lr": 0.2848333721183067}, "datetime": {"datetime": "2024-06-13 19:54:38", "elapsed": 6.5051, "delta": 0.00399}}
{"target": -547.9354280932147, "params": {"gamma": 2.718758721913716, "lr": 0.0020003006084317043}, "datetime": {"datetime": "2024-06-13 19:54:38", "elapsed": 6.510087, "delta": 0.004987}}
{"target": -161.1304995364152, "params": {"gamma": 0.9862915673948899, "lr": 0.13559704739235312}, "datetime": {"datetime": "2024-06-13 19:54:38", "elapsed": 6.514075, "delta": 0.003988}}
{"target": -185.6936941179151, "params": {"gamma": 1.5944427020857364, "lr": 0.44531360261536523}, "datetime": {"datetime": "2024-06-13 19:54:38", "elapsed": 6.51858, "delta": 0.004505}}
{"target": -1032.5516113378162, "params": {"gamma": 8.141544011423479, "lr": 0.8122981153684475}, "datetime": {"datetime": "2024-06-13 19:54:38", "elapsed": 6.52256, "delta": 0.00398}}
{"target": -902.8269921291728, "params": {"gamma": 9.099986227202798, "lr": 0.4435920386203337}, "datetime": {"datetime": "2024-06-13 19:54:38", "elapsed": 6.527547, "delta": 0.004987}}
{"target": -682.8925337175826, "params": {"gamma": 7.087396368942189, "lr": 0.4883341181204487}, "datetime": {"datetime": "2024-06-13 19:54:38", "elapsed": 6.531537, "delta": 0.00399}}
{"target": -140.1369865398832, "params": {"gamma": 0.49937573878707536, "lr": 0.0804314339695471}, "datetime": {"datetime": "2024-06-13 19:54:38", "elapsed": 6.536524, "delta": 0.004987}}
{"target": -362.6769303393114, "params": {"gamma": 2.4601774098261746, "lr": 0.9816217286230167}, "datetime": {"datetime": "2024-06-13 19:54:38", "elapsed": 6.54151, "delta": 0.004986}}
{"target": -665.0493687812124, "params": {"gamma": 6.919480375538572, "lr": 0.26800758185732043}, "datetime": {"datetime": "2024-06-13 19:54:38", "elapsed": 6.545499, "delta": 0.003989}}
{"target": -681.7233583197782, "params": {"gamma": 7.062926182268611, "lr": 0.6613461343815696}, "datetime": {"datetime": "2024-06-13 19:54:38", "elapsed": 6.549488, "delta": 0.003989}}
{"target": -122.98630280057017, "params": {"gamma": 0.4338583185782008, "lr": 0.3614875846417379}, "datetime": {"datetime": "2024-06-13 19:54:38", "elapsed": 6.554475, "delta": 0.004987}}
{"target": -1540.3522801135712, "params": {"gamma": 7.737506106039536, "lr": 0.07852291483410356}, "datetime": {"datetime": "2024-06-13 19:54:38", "elapsed": 6.558465, "delta": 0.00399}}
{"target": -1211.4870795895047, "params": {"gamma": 8.84395678364194, "lr": 0.9308682962545582}, "datetime": {"datetime": "2024-06-13 19:54:38", "elapsed": 6.563451, "delta": 0.004986}}
{"target": -1166.8357916334512, "params": {"gamma": 8.531002038386509, "lr": 0.117377604100948}, "datetime": {"datetime": "2024-06-13 19:54:38", "elapsed": 6.567441, "delta": 0.00399}}
{"target": -630.6346449353317, "params": {"gamma": 5.652169643537417, "lr": 0.7075599478322232}, "datetime": {"datetime": "2024-06-13 19:54:38", "elapsed": 6.57143, "delta": 0.003989}}
{"target": -1611.1446958108645, "params": {"gamma": 8.879912919311819, "lr": 0.09577602929981288}, "datetime": {"datetime": "2024-06-13 19:54:38", "elapsed": 6.576416, "delta": 0.004986}}
{"target": -766.1041232850009, "params": {"gamma": 8.157890074908734, "lr": 0.27801633166878204}, "datetime": {"datetime": "2024-06-13 19:54:38", "elapsed": 6.580406, "delta": 0.00399}}
{"target": -700.0729837448508, "params": {"gamma": 5.923281570273373, "lr": 0.7197957093739197}, "datetime": {"datetime": "2024-06-13 19:54:38", "elapsed": 6.585393, "delta": 0.004987}}
{"target": -695.1607596205403, "params": {"gamma": 7.7704144744548165, "lr": 0.29466484899886947}, "datetime": {"datetime": "2024-06-13 19:54:38", "elapsed": 6.589382, "delta": 0.003989}}
{"target": -551.060137174997, "params": {"gamma": 6.074158012949801, "lr": 0.2874728742023305}, "datetime": {"datetime": "2024-06-13 19:54:38", "elapsed": 6.593372, "delta": 0.00399}}
{"target": -1259.9642774825763, "params": {"gamma": 9.983169186094411, "lr": 0.8145056079423507}, "datetime": {"datetime": "2024-06-13 19:54:38", "elapsed": 6.598358, "delta": 0.004986}}
{"target": -542.2739213814866, "params": {"gamma": 4.140365184777405, "lr": 0.8791421856642359}, "datetime": {"datetime": "2024-06-13 19:54:38", "elapsed": 6.602347, "delta": 0.003989}}
{"target": -1008.071781970187, "params": {"gamma": 7.325278649969429, "lr": 0.928746930727756}, "datetime": {"datetime": "2024-06-13 19:54:38", "elapsed": 6.607334, "delta": 0.004987}}
{"target": -189.7569100228025, "params": {"gamma": 1.7169353317749951, "lr": 0.2948350049208741}, "datetime": {"datetime": "2024-06-13 19:54:38", "elapsed": 6.611323, "delta": 0.003989}}
{"target": -139.29472216697064, "params": {"gamma": 0.9382730240703474, "lr": 0.3179810316787127}, "datetime": {"datetime": "2024-06-13 19:54:38", "elapsed": 6.615312, "delta": 0.003989}}
{"target": -385.96101940949524, "params": {"gamma": 3.812504948851634, "lr": 0.6327125396187535}, "datetime": {"datetime": "2024-06-13 19:54:38", "elapsed": 6.620299, "delta": 0.004987}}
{"target": -564.0369411914653, "params": {"gamma": 4.715727863547479, "lr": 0.717668980777047}, "datetime": {"datetime": "2024-06-13 19:54:38", "elapsed": 6.624289, "delta": 0.00399}}
{"target": -355.2065794842297, "params": {"gamma": 2.692966111483643, "lr": 0.17305671918218446}, "datetime": {"datetime": "2024-06-13 19:54:38", "elapsed": 6.628278, "delta": 0.003989}}
{"target": -389.4362261015306, "params": {"gamma": 3.7918469051508774, "lr": 0.43808143742785455}, "datetime": {"datetime": "2024-06-13 19:54:38", "elapsed": 6.633264, "delta": 0.004986}}
{"target": -593.492747704519, "params": {"gamma": 4.221843551590521, "lr": 0.913569686661525}, "datetime": {"datetime": "2024-06-13 19:54:38", "elapsed": 6.637254, "delta": 0.00399}}
{"target": -265.30330015093705, "params": {"gamma": 2.696400616451196, "lr": 0.3520434026951569}, "datetime": {"datetime": "2024-06-13 19:54:38", "elapsed": 6.641243, "delta": 0.003989}}
{"target": -220.1554242145923, "params": {"gamma": 2.1528813919731067, "lr": 0.37192301140427286}, "datetime": {"datetime": "2024-06-13 19:54:38", "elapsed": 6.64623, "delta": 0.004987}}
{"target": -385.2729941915865, "params": {"gamma": 3.8991640529202587, "lr": 0.5754270571118745}, "datetime": {"datetime": "2024-06-13 19:54:38", "elapsed": 6.650219, "delta": 0.003989}}
{"target": -288.97142348465377, "params": {"gamma": 2.7843714212458077, "lr": 0.2594923085078481}, "datetime": {"datetime": "2024-06-13 19:54:38", "elapsed": 6.655206, "delta": 0.004987}}
{"target": -990.0775638897727, "params": {"gamma": 7.190894889170183, "lr": 0.9101787075725445}, "datetime": {"datetime": "2024-06-13 19:54:38", "elapsed": 6.659195, "delta": 0.003989}}
{"target": -180.90496224128665, "params": {"gamma": 1.2218460988148518, "lr": 0.18228897074998485}, "datetime": {"datetime": "2024-06-13 19:54:38", "elapsed": 6.664182, "delta": 0.004987}}
{"target": -189.58158390945547, "params": {"gamma": 1.3319633391141557, "lr": 0.6836076828044971}, "datetime": {"datetime": "2024-06-13 19:54:38", "elapsed": 6.668172, "delta": 0.00399}}
{"target": -239.92739794882428, "params": {"gamma": 2.1408837173038955, "lr": 0.6045716033063737}, "datetime": {"datetime": "2024-06-13 19:54:38", "elapsed": 6.672161, "delta": 0.003989}}
{"target": -286.2449840891668, "params": {"gamma": 2.0175856692950274, "lr": 0.8177571936931245}, "datetime": {"datetime": "2024-06-13 19:54:38", "elapsed": 6.677147, "delta": 0.004986}}
{"target": -369.1374917161693, "params": {"gamma": 3.161755215449723, "lr": 0.6696167646858762}, "datetime": {"datetime": "2024-06-13 19:54:38", "elapsed": 6.681137, "delta": 0.00399}}
{"target": -173.21915152657158, "params": {"gamma": 1.4881868944628063, "lr": 0.30594544708616045}, "datetime": {"datetime": "2024-06-13 19:54:38", "elapsed": 6.685126, "delta": 0.003989}}
{"target": -311.26571416328795, "params": {"gamma": 2.9731172115714624, "lr": 0.6350799325450489}, "datetime": {"datetime": "2024-06-13 19:54:38", "elapsed": 6.690113, "delta": 0.004987}}
{"target": -883.8673213319155, "params": {"gamma": 6.809124390706244, "lr": 0.8452486465038237}, "datetime": {"datetime": "2024-06-13 19:54:38", "elapsed": 6.694102, "delta": 0.003989}}
{"target": -261.72006973482485, "params": {"gamma": 1.8342857207824639, "lr": 0.7604297643064385}, "datetime": {"datetime": "2024-06-13 19:54:38", "elapsed": 6.699088, "delta": 0.004986}}
{"target": -739.5778380374257, "params": {"gamma": 7.119682083391317, "lr": 0.5575439140774725}, "datetime": {"datetime": "2024-06-13 19:54:38", "elapsed": 6.704076, "delta": 0.004988}}
{"target": -1285.985399455686, "params": {"gamma": 6.50197970017053, "lr": 0.0899951030326972}, "datetime": {"datetime": "2024-06-13 19:54:38", "elapsed": 6.708065, "delta": 0.003989}}
{"target": -175.3259224868585, "params": {"gamma": 1.4696112814099909, "lr": 0.41557172071663584}, "datetime": {"datetime": "2024-06-13 19:54:39", "elapsed": 6.712053, "delta": 0.003988}}
{"target": -887.1688957283613, "params": {"gamma": 7.1139955123219485, "lr": 0.16782116362359434}, "datetime": {"datetime": "2024-06-13 19:54:39", "elapsed": 6.717041, "delta": 0.004988}}
{"target": -385.6582310174062, "params": {"gamma": 3.8904024131038595, "lr": 0.49794595388742613}, "datetime": {"datetime": "2024-06-13 19:54:39", "elapsed": 6.72103, "delta": 0.003989}}
{"target": -1859.7228194908912, "params": {"gamma": 9.350522223405173, "lr": 0.055196248654505564}, "datetime": {"datetime": "2024-06-13 19:54:39", "elapsed": 6.726017, "delta": 0.004987}}
{"target": -1137.3119794307445, "params": {"gamma": 8.290245901995016, "lr": 0.9841598458987846}, "datetime": {"datetime": "2024-06-13 19:54:39", "elapsed": 6.730006, "delta": 0.003989}}
{"target": -390.4990886704153, "params": {"gamma": 2.6734588625853686, "lr": 0.8900573037740913}, "datetime": {"datetime": "2024-06-13 19:54:39", "elapsed": 6.734993, "delta": 0.004987}}
{"target": -387.9895890272029, "params": {"gamma": 2.9037110876153163, "lr": 0.7990074981966317}, "datetime": {"datetime": "2024-06-13 19:54:39", "elapsed": 6.738982, "delta": 0.003989}}
{"target": -446.8624833166587, "params": {"gamma": 4.599113822624364, "lr": 0.59760864887687}, "datetime": {"datetime": "2024-06-13 19:54:39", "elapsed": 6.743969, "delta": 0.004987}}
{"target": -288.1161054176633, "params": {"gamma": 2.367437100274259, "lr": 0.687614962160815}, "datetime": {"datetime": "2024-06-13 19:54:39", "elapsed": 6.747958, "delta": 0.003989}}
{"target": -196.94382531499124, "params": {"gamma": 1.4876999762661907, "lr": 0.5596864990017729}, "datetime": {"datetime": "2024-06-13 19:54:39", "elapsed": 6.752945, "delta": 0.004987}}
{"target": -649.5364472139084, "params": {"gamma": 4.943794976509587, "lr": 0.8372059959494197}, "datetime": {"datetime": "2024-06-13 19:54:39", "elapsed": 6.756934, "delta": 0.003989}}
{"target": -621.3497857048271, "params": {"gamma": 4.815203685221957, "lr": 0.7847309599867293}, "datetime": {"datetime": "2024-06-13 19:54:39", "elapsed": 6.76192, "delta": 0.004986}}
{"target": -375.7585564076442, "params": {"gamma": 4.003542773051022, "lr": 0.3079059334309052}, "datetime": {"datetime": "2024-06-13 19:54:39", "elapsed": 6.76591, "delta": 0.00399}}
{"target": -768.0465466809097, "params": {"gamma": 7.872484136639694, "lr": 0.4184642639114249}, "datetime": {"datetime": "2024-06-13 19:54:39", "elapsed": 6.769899, "delta": 0.003989}}
{"target": -479.4864698791629, "params": {"gamma": 4.968163846072137, "lr": 0.577322531324329}, "datetime": {"datetime": "2024-06-13 19:54:39", "elapsed": 6.774886, "delta": 0.004987}}
{"target": -766.304855292688, "params": {"gamma": 8.196837713155396, "lr": 0.5813199746267194}, "datetime": {"datetime": "2024-06-13 19:54:39", "elapsed": 6.778875, "delta": 0.003989}}
{"target": -498.5504511951019, "params": {"gamma": 4.062022883905419, "lr": 0.16058682850924277}, "datetime": {"datetime": "2024-06-13 19:54:39", "elapsed": 6.783862, "delta": 0.004987}}
{"target": -893.6999876375683, "params": {"gamma": 7.021410937836175, "lr": 0.8832328216518347}, "datetime": {"datetime": "2024-06-13 19:54:39", "elapsed": 6.787851, "delta": 0.003989}}
{"target": -150.15511235198792, "params": {"gamma": 1.0846805001536175, "lr": 0.46621397581308155}, "datetime": {"datetime": "2024-06-13 19:54:39", "elapsed": 6.791841, "delta": 0.00399}}
{"target": -959.8680188062491, "params": {"gamma": 9.34542051628517, "lr": 0.5635091674751708}, "datetime": {"datetime": "2024-06-13 19:54:39", "elapsed": 6.796827, "delta": 0.004986}}
{"target": -1088.0916920610337, "params": {"gamma": 5.452989887556196, "lr": 0.06347554987814286}, "datetime": {"datetime": "2024-06-13 19:54:39", "elapsed": 6.800817, "delta": 0.00399}}
{"target": -525.6434929098153, "params": {"gamma": 5.353466496108746, "lr": 0.654541303819938}, "datetime": {"datetime": "2024-06-13 19:54:39", "elapsed": 6.805803, "delta": 0.004986}}
{"target": -240.10560929698946, "params": {"gamma": 1.466771864485812, "lr": 0.9563647276468465}, "datetime": {"datetime": "2024-06-13 19:54:39", "elapsed": 6.809793, "delta": 0.00399}}
{"target": -248.11101152371754, "params": {"gamma": 1.962311768641484, "lr": 0.673925993557942}, "datetime": {"datetime": "2024-06-13 19:54:39", "elapsed": 6.813782, "delta": 0.003989}}
{"target": -410.8540724005424, "params": {"gamma": 2.744137192928587, "lr": 0.10843083383187457}, "datetime": {"datetime": "2024-06-13 19:54:39", "elapsed": 6.818769, "delta": 0.004987}}
{"target": -257.9770333925981, "params": {"gamma": 2.6097471361451294, "lr": 0.33415183351807476}, "datetime": {"datetime": "2024-06-13 19:54:39", "elapsed": 6.822758, "delta": 0.003989}}
{"target": -475.13875353087747, "params": {"gamma": 4.647854040432997, "lr": 0.2343564434014873}, "datetime": {"datetime": "2024-06-13 19:54:39", "elapsed": 6.826747, "delta": 0.003989}}
{"target": -925.6102449731798, "params": {"gamma": 7.27531136269942, "lr": 0.807191102024009}, "datetime": {"datetime": "2024-06-13 19:54:39", "elapsed": 6.831734, "delta": 0.004987}}
{"target": -924.3819784086834, "params": {"gamma": 7.909964984873447, "lr": 0.7157485483912336}, "datetime": {"datetime": "2024-06-13 19:54:39", "elapsed": 6.835723, "delta": 0.003989}}
