{"target": -183.87742225081917, "params": {"p_ai": 2.479454855440029, "p_al": 1.11930196523077, "p_ex": 5.135894220893158, "prior": 9.137244761986132, "rate": 1.7932038323176576}, "datetime": {"datetime": "2024-06-13 08:09:58", "elapsed": 214.596985, "delta": 0.110248}}
{"target": -241.9725983419751, "params": {"p_ai": 2.5595284250867927, "p_al": 0.3409243101748873, "p_ex": 0.15470207973635725, "prior": 5.422645236796178, "rate": 8.553747523723965}, "datetime": {"datetime": "2024-06-13 08:09:58", "elapsed": 214.706065, "delta": 0.10908}}
{"target": -212.31604456541348, "params": {"p_ai": 4.4657816155356675, "p_al": 2.357135848615219, "p_ex": 9.36540396422141, "prior": 6.192469585732864, "rate": 8.645897035050032}, "datetime": {"datetime": "2024-06-13 08:09:58", "elapsed": 214.815312, "delta": 0.109247}}
{"target": -116.33797075036306, "params": {"p_ai": 1.282005745817034, "p_al": 4.412942570473553, "p_ex": 8.575682143149248, "prior": 8.982037953044289, "rate": 8.772761648279566}, "datetime": {"datetime": "2024-06-13 08:09:58", "elapsed": 214.925555, "delta": 0.110243}}
{"target": -347.5180903568284, "params": {"p_ai": 6.255094516482575, "p_al": 7.581360105825246, "p_ex": 6.755308180003398, "prior": 8.451789636967945, "rate": 6.32484141935293}, "datetime": {"datetime": "2024-06-13 08:09:59", "elapsed": 215.035233, "delta": 0.109678}}
{"target": -231.51339865004255, "params": {"p_ai": 1.7197256280146134, "p_al": 6.505549393951734, "p_ex": 4.553944860862338, "prior": 0.5894475654255449, "rate": 5.3590922745746745}, "datetime": {"datetime": "2024-06-13 08:09:59", "elapsed": 215.143941, "delta": 0.108708}}
{"target": -363.3951733514223, "params": {"p_ai": 4.393482215124105, "p_al": 8.747389417664913, "p_ex": 6.607572295198009, "prior": 2.608620400961451, "rate": 2.1684377884048662}, "datetime": {"datetime": "2024-06-13 08:09:59", "elapsed": 215.253649, "delta": 0.109708}}
{"target": -179.47332068490482, "params": {"p_ai": 0.9741343125990107, "p_al": 4.6919722422118255, "p_ex": 3.49864716108863, "prior": 5.773912930700538, "rate": 0.5703629844543111}, "datetime": {"datetime": "2024-06-13 08:09:59", "elapsed": 215.363384, "delta": 0.109735}}
{"target": -211.75782371452254, "params": {"p_ai": 2.499922353769078, "p_al": 5.1234334402008574, "p_ex": 3.760205919567236, "prior": 6.269392688573962, "rate": 3.732826110384206}, "datetime": {"datetime": "2024-06-13 08:09:59", "elapsed": 215.473457, "delta": 0.110073}}
{"target": -306.1301492655955, "params": {"p_ai": 4.603671029238606, "p_al": 2.3429211183676726, "p_ex": 2.996592129373345, "prior": 1.1537282156041937, "rate": 7.72462135063049}, "datetime": {"datetime": "2024-06-13 08:09:59", "elapsed": 215.583165, "delta": 0.109708}}
{"target": -507.8476623111868, "params": {"p_ai": 7.939035508710159, "p_al": 0.44031459326531047, "p_ex": 1.6104517992516383, "prior": 8.028774521030188, "rate": 9.104856994771925}, "datetime": {"datetime": "2024-06-13 08:09:59", "elapsed": 215.692916, "delta": 0.109751}}
{"target": -292.86042614413543, "params": {"p_ai": 3.6925387525356554, "p_al": 6.753429509418871, "p_ex": 1.900747060859965, "prior": 8.712451966416536, "rate": 8.247238520857891}, "datetime": {"datetime": "2024-06-13 08:09:59", "elapsed": 215.802588, "delta": 0.109672}}
{"target": -162.38576622016794, "params": {"p_ai": 2.5008789009692247, "p_al": 5.928901706805605, "p_ex": 7.3578939279952476, "prior": 8.838553387439257, "rate": 4.677811991869022}, "datetime": {"datetime": "2024-06-13 08:09:59", "elapsed": 215.912327, "delta": 0.109739}}
{"target": -141.50190819521308, "params": {"p_ai": 1.3470733481294213, "p_al": 1.094841814191649, "p_ex": 5.297243675558832, "prior": 0.49383643442013075, "rate": 6.209338226934207}, "datetime": {"datetime": "2024-06-13 08:10:00", "elapsed": 216.02278, "delta": 0.110453}}
{"target": -150.30703476735945, "params": {"p_ai": 0.3342487213443545, "p_al": 0.2128158500293292, "p_ex": 0.7530176178456772, "prior": 3.6809175726662704, "rate": 3.818141513157325}, "datetime": {"datetime": "2024-06-13 08:10:00", "elapsed": 216.143974, "delta": 0.121194}}
{"target": -422.3918130484408, "params": {"p_ai": 7.669934398787617, "p_al": 8.459621377194617, "p_ex": 7.272280709633233, "prior": 8.844447408912934, "rate": 5.749449999119452}, "datetime": {"datetime": "2024-06-13 08:10:00", "elapsed": 216.2617, "delta": 0.117726}}
{"target": -568.1622645186551, "params": {"p_ai": 9.398903366834306, "p_al": 9.06798682019018, "p_ex": 4.48492000028398, "prior": 4.797781289050013, "rate": 8.566736123057751}, "datetime": {"datetime": "2024-06-13 08:10:00", "elapsed": 216.372409, "delta": 0.110709}}
{"target": -476.31098075250645, "params": {"p_ai": 3.984662715258157, "p_al": 9.420055749190025, "p_ex": 2.933826269617242, "prior": 2.590815299665099, "rate": 1.0901714124352648}, "datetime": {"datetime": "2024-06-13 08:10:00", "elapsed": 216.491404, "delta": 0.118995}}
{"target": -149.43105731080487, "params": {"p_ai": 2.471187095298555, "p_al": 5.3779986604796, "p_ex": 9.802393583495558, "prior": 2.0780894529072613, "rate": 5.470652839172488}, "datetime": {"datetime": "2024-06-13 08:10:00", "elapsed": 216.60208, "delta": 0.110676}}
{"target": -588.748836711034, "params": {"p_ai": 8.784026964746444, "p_al": 5.897029210758115, "p_ex": 8.352926533735896, "prior": 2.393615931358836, "rate": 0.7317241750859406}, "datetime": {"datetime": "2024-06-13 08:10:00", "elapsed": 216.711786, "delta": 0.109706}}
{"target": -499.76567215467026, "params": {"p_ai": 9.529711071203222, "p_al": 1.12415740911268, "p_ex": 8.024162561181278, "prior": 6.51049956673395, "rate": 8.651276327807269}, "datetime": {"datetime": "2024-06-13 08:10:00", "elapsed": 216.82153, "delta": 0.109744}}
{"target": -305.19883206072967, "params": {"p_ai": 6.297865904193896, "p_al": 2.982484717370885, "p_ex": 9.314887904714922, "prior": 6.923328164237853, "rate": 8.766491081598325}, "datetime": {"datetime": "2024-06-13 08:10:00", "elapsed": 216.931265, "delta": 0.109735}}
{"target": -437.64304841394056, "params": {"p_ai": 8.155107426895412, "p_al": 1.3608872102611669, "p_ex": 6.994424876763647, "prior": 6.810378925463789, "rate": 7.558203771887153}, "datetime": {"datetime": "2024-06-13 08:10:01", "elapsed": 217.040943, "delta": 0.109678}}
{"target": -616.7046521260411, "params": {"p_ai": 7.996706469346298, "p_al": 9.414519270096738, "p_ex": 0.6524073948204284, "prior": 5.086641906303749, "rate": 4.997070133205862}, "datetime": {"datetime": "2024-06-13 08:10:01", "elapsed": 217.150679, "delta": 0.109736}}
{"target": -418.6513322420365, "params": {"p_ai": 7.0079414003989475, "p_al": 9.95603813701815, "p_ex": 9.079903831413358, "prior": 2.9695743927041773, "rate": 3.3582093092894074}, "datetime": {"datetime": "2024-06-13 08:10:01", "elapsed": 217.260387, "delta": 0.109708}}
{"target": -524.4139655939691, "params": {"p_ai": 8.201886874036, "p_al": 3.6167752366875074, "p_ex": 3.254424386140797, "prior": 4.447593325863283, "rate": 2.7719288711687775}, "datetime": {"datetime": "2024-06-13 08:10:01", "elapsed": 217.370842, "delta": 0.110455}}
{"target": -507.1181929253199, "params": {"p_ai": 7.490303509857709, "p_al": 4.527305674218615, "p_ex": 1.6400712810933544, "prior": 9.904617162543863, "rate": 3.380634836004196}, "datetime": {"datetime": "2024-06-13 08:10:01", "elapsed": 217.505729, "delta": 0.134887}}
{"target": -209.14592697688568, "params": {"p_ai": 3.0182894374658042, "p_al": 2.2540360879178154, "p_ex": 4.258012506403847, "prior": 6.951510100013808, "rate": 6.024463090968305}, "datetime": {"datetime": "2024-06-13 08:10:01", "elapsed": 217.626274, "delta": 0.120545}}
{"target": -150.28887355166853, "params": {"p_ai": 1.8154277802533894, "p_al": 2.646352911067262, "p_ex": 5.982902835498565, "prior": 8.580609180581801, "rate": 4.129748274092657}, "datetime": {"datetime": "2024-06-13 08:10:01", "elapsed": 217.740966, "delta": 0.114692}}
{"target": -158.45200456996318, "params": {"p_ai": 2.159265882128531, "p_al": 3.234561011888553, "p_ex": 6.9172126440284645, "prior": 7.009786877455434, "rate": 2.234282424435185}, "datetime": {"datetime": "2024-06-13 08:10:01", "elapsed": 217.866631, "delta": 0.125665}}
{"target": -252.88132337204473, "params": {"p_ai": 3.9655599000973614, "p_al": 6.993599747463365, "p_ex": 7.206028835833273, "prior": 1.3060269515928042, "rate": 6.094130941477607}, "datetime": {"datetime": "2024-06-13 08:10:01", "elapsed": 217.977916, "delta": 0.111285}}
{"target": -544.9647316254941, "params": {"p_ai": 8.860780604176751, "p_al": 5.824031202572268, "p_ex": 3.072782268537545, "prior": 7.451659090914785, "rate": 9.776990621630928}, "datetime": {"datetime": "2024-06-13 08:10:02", "elapsed": 218.088619, "delta": 0.110703}}
{"target": -681.6739250309545, "params": {"p_ai": 9.04633231716986, "p_al": 8.716160144918383, "p_ex": 0.003922193057461108, "prior": 5.826579941183415, "rate": 2.6279371999932573}, "datetime": {"datetime": "2024-06-13 08:10:02", "elapsed": 218.199832, "delta": 0.111213}}
{"target": -415.5180016881104, "params": {"p_ai": 8.130244891969703, "p_al": 5.23526283745264, "p_ex": 8.939108850131829, "prior": 5.237925787644913, "rate": 8.911460302578277}, "datetime": {"datetime": "2024-06-13 08:10:02", "elapsed": 218.30954, "delta": 0.109708}}
{"target": -235.11118222097636, "params": {"p_ai": 4.497764508230413, "p_al": 5.615436937758651, "p_ex": 8.125032960357574, "prior": 4.032314414262975, "rate": 5.687113316080488}, "datetime": {"datetime": "2024-06-13 08:10:02", "elapsed": 218.418838, "delta": 0.109298}}
{"target": -504.29088043596124, "params": {"p_ai": 8.984714318038437, "p_al": 4.8467417158094594, "p_ex": 5.906300764710574, "prior": 9.363857452858312, "rate": 8.83263271940978}, "datetime": {"datetime": "2024-06-13 08:10:02", "elapsed": 218.530553, "delta": 0.111715}}
{"target": -465.5097157116771, "params": {"p_ai": 7.577434997922026, "p_al": 7.112598718301506, "p_ex": 8.192131754208267, "prior": 1.0617119662258163, "rate": 3.810952160479885}, "datetime": {"datetime": "2024-06-13 08:10:02", "elapsed": 218.640122, "delta": 0.109569}}
{"target": -425.049838332437, "params": {"p_ai": 5.458359106284024, "p_al": 8.585235455408231, "p_ex": 1.4648771670928944, "prior": 7.140681245430711, "rate": 5.910080443703744}, "datetime": {"datetime": "2024-06-13 08:10:02", "elapsed": 218.749799, "delta": 0.109677}}
{"target": -297.3444254330252, "params": {"p_ai": 6.0875909936487345, "p_al": 3.726815752106986, "p_ex": 9.15830642449183, "prior": 7.13933726242808, "rate": 6.683325835506722}, "datetime": {"datetime": "2024-06-13 08:10:02", "elapsed": 218.859506, "delta": 0.109707}}
{"target": -249.85132032870922, "params": {"p_ai": 2.2154321038106217, "p_al": 8.1289389260247, "p_ex": 4.95904725217079, "prior": 5.084200781464436, "rate": 0.8482490698586993}, "datetime": {"datetime": "2024-06-13 08:10:02", "elapsed": 218.969214, "delta": 0.109708}}
{"target": -282.8088952276951, "params": {"p_ai": 4.373244258236222, "p_al": 8.632149255500682, "p_ex": 6.802683723363489, "prior": 1.8950581131297959, "rate": 5.841148942244931}, "datetime": {"datetime": "2024-06-13 08:10:03", "elapsed": 219.078949, "delta": 0.109735}}
{"target": -489.1345939234166, "params": {"p_ai": 9.440120998803936, "p_al": 5.075095122577021, "p_ex": 9.674056937250327, "prior": 3.663304010988193, "rate": 2.9081982683005547}, "datetime": {"datetime": "2024-06-13 08:10:03", "elapsed": 219.188164, "delta": 0.109215}}
{"target": -577.9916876009014, "params": {"p_ai": 8.398665743541141, "p_al": 8.697381609098198, "p_ex": 2.017460785212376, "prior": 7.194800422731128, "rate": 5.921473523245135}, "datetime": {"datetime": "2024-06-13 08:10:03", "elapsed": 219.297377, "delta": 0.109213}}
{"target": -472.99542584397017, "params": {"p_ai": 8.94522136625385, "p_al": 1.4953085457292612, "p_ex": 7.630508798302322, "prior": 6.89986272904379, "rate": 7.950362828454771}, "datetime": {"datetime": "2024-06-13 08:10:03", "elapsed": 219.407118, "delta": 0.109741}}
{"target": -299.8275970275838, "params": {"p_ai": 4.5334216455871585, "p_al": 2.285080750396072, "p_ex": 2.8612639050635336, "prior": 3.0437248840947517, "rate": 8.402831110698429}, "datetime": {"datetime": "2024-06-13 08:10:03", "elapsed": 219.517429, "delta": 0.110311}}
{"target": -358.70224925341483, "params": {"p_ai": 5.372038987196228, "p_al": 5.636276018949885, "p_ex": 2.8423948482288677, "prior": 8.341748975598378, "rate": 7.049602636525978}, "datetime": {"datetime": "2024-06-13 08:10:03", "elapsed": 219.627103, "delta": 0.109674}}
{"target": -488.8540479840356, "params": {"p_ai": 8.781517473429453, "p_al": 1.3161352297481828, "p_ex": 8.496128765204425, "prior": 0.5220714718378262, "rate": 8.771411721092127}, "datetime": {"datetime": "2024-06-13 08:10:03", "elapsed": 219.736821, "delta": 0.109718}}
{"target": -215.3812811497751, "params": {"p_ai": 2.398175280570108, "p_al": 8.856757888094753, "p_ex": 3.7937200294297595, "prior": 8.429330555103737, "rate": 5.396590617151947}, "datetime": {"datetime": "2024-06-13 08:10:03", "elapsed": 219.846531, "delta": 0.10971}}
{"target": -382.94488598972754, "params": {"p_ai": 5.642190342955606, "p_al": 9.84022894951784, "p_ex": 9.63751153551982, "prior": 1.1441289022704242, "rate": 3.6421150962027857}, "datetime": {"datetime": "2024-06-13 08:10:03", "elapsed": 219.956745, "delta": 0.110214}}
{"target": -239.95153638397713, "params": {"p_ai": 2.506212038324754, "p_al": 4.483507611579368, "p_ex": 1.2644028687416509, "prior": 5.116170822812115, "rate": 8.655956316551622}, "datetime": {"datetime": "2024-06-13 08:10:04", "elapsed": 220.067957, "delta": 0.111212}}
{"target": -260.9044715091638, "params": {"p_ai": 3.524182459137863, "p_al": 1.557248674792178, "p_ex": 3.0733042597656954, "prior": 7.429002665405236, "rate": 0.9136723471660736}, "datetime": {"datetime": "2024-06-13 08:10:04", "elapsed": 220.17814, "delta": 0.110183}}
{"target": -492.3302738844542, "params": {"p_ai": 7.356081525521679, "p_al": 6.139605696996387, "p_ex": 7.4028472256456945, "prior": 0.09148820794806983, "rate": 7.205005956911262}, "datetime": {"datetime": "2024-06-13 08:10:04", "elapsed": 220.288735, "delta": 0.110595}}
{"target": -306.23013871868403, "params": {"p_ai": 3.20652192916414, "p_al": 6.330086992140342, "p_ex": 0.5393129725551014, "prior": 5.564785932218573, "rate": 9.416039732034474}, "datetime": {"datetime": "2024-06-13 08:10:04", "elapsed": 220.398968, "delta": 0.110233}}
{"target": -273.6682466345746, "params": {"p_ai": 3.2015370071173717, "p_al": 5.227843986477157, "p_ex": 4.077705890820247, "prior": 5.69696279590871, "rate": 0.6841180889586145}, "datetime": {"datetime": "2024-06-13 08:10:04", "elapsed": 220.517609, "delta": 0.118641}}
{"target": -318.4556860801124, "params": {"p_ai": 3.619441042802784, "p_al": 5.207068985721982, "p_ex": 0.8491598305113975, "prior": 4.677000648386591, "rate": 7.722524554423631}, "datetime": {"datetime": "2024-06-13 08:10:04", "elapsed": 220.631307, "delta": 0.113698}}
{"target": -337.5917153133218, "params": {"p_ai": 4.4305910985625685, "p_al": 3.9098719950651493, "p_ex": 2.7294917556221026, "prior": 0.519464887551938, "rate": 7.61845485482411}, "datetime": {"datetime": "2024-06-13 08:10:04", "elapsed": 220.740948, "delta": 0.109641}}
{"target": -358.5131218899549, "params": {"p_ai": 4.858303293752173, "p_al": 1.614305665250888, "p_ex": 0.6617195267770156, "prior": 7.57924671380558, "rate": 5.884534108373207}, "datetime": {"datetime": "2024-06-13 08:10:04", "elapsed": 220.850683, "delta": 0.109735}}
{"target": -313.716034275958, "params": {"p_ai": 5.588089049819353, "p_al": 2.0640425222684375, "p_ex": 5.943811569671102, "prior": 9.342191524625699, "rate": 7.255065057177155}, "datetime": {"datetime": "2024-06-13 08:10:04", "elapsed": 220.960387, "delta": 0.109704}}
{"target": -318.9023067683852, "params": {"p_ai": 5.866398132628953, "p_al": 8.653086394752902, "p_ex": 9.965692892765754, "prior": 8.651215789322743, "rate": 1.792646185609348}, "datetime": {"datetime": "2024-06-13 08:10:05", "elapsed": 221.070093, "delta": 0.109706}}
{"target": -514.7759542602248, "params": {"p_ai": 6.946946260957495, "p_al": 2.963016051488197, "p_ex": 0.5962774150678829, "prior": 1.0813285195441542, "rate": 7.628174982654579}, "datetime": {"datetime": "2024-06-13 08:10:05", "elapsed": 221.178833, "delta": 0.10874}}
{"target": -116.10196541531485, "params": {"p_ai": 0.001, "p_al": 0.001, "p_ex": 10.0, "prior": 0.664508177536443, "rate": 3.4204890208027012}, "datetime": {"datetime": "2024-06-13 08:10:29", "elapsed": 245.30674, "delta": 24.127907}}
{"target": -101.43510059923803, "params": {"p_ai": 0.001, "p_al": 0.001, "p_ex": 10.0, "prior": 10.0, "rate": 10.0}, "datetime": {"datetime": "2024-06-13 08:10:54", "elapsed": 270.203622, "delta": 24.896882}}
{"target": -121.2695720800156, "params": {"p_ai": 0.001, "p_al": 0.001, "p_ex": 10.0, "prior": 10.0, "rate": 0.001}, "datetime": {"datetime": "2024-06-13 08:11:27", "elapsed": 303.183412, "delta": 32.97979}}
{"target": -105.49827845938592, "params": {"p_ai": 0.001, "p_al": 0.001, "p_ex": 10.0, "prior": 10.0, "rate": 5.106606106891305}, "datetime": {"datetime": "2024-06-13 08:11:49", "elapsed": 325.651768, "delta": 22.468356}}
{"target": -115.94768683040432, "params": {"p_ai": 0.001, "p_al": 0.001, "p_ex": 10.0, "prior": 1.9608185389795203, "rate": 10.0}, "datetime": {"datetime": "2024-06-13 08:12:09", "elapsed": 345.415552, "delta": 19.763784}}
{"target": -100.60306183106954, "params": {"p_ai": 0.001, "p_al": 10.0, "p_ex": 10.0, "prior": 8.255181550044584, "rate": 10.0}, "datetime": {"datetime": "2024-06-13 08:12:27", "elapsed": 363.120635, "delta": 17.705083}}
{"target": -101.67792149390952, "params": {"p_ai": 0.001, "p_al": 0.001, "p_ex": 10.0, "prior": 6.367185575921703, "rate": 10.0}, "datetime": {"datetime": "2024-06-13 08:12:50", "elapsed": 386.446231, "delta": 23.325596}}
{"target": -101.45196707625645, "params": {"p_ai": 0.001, "p_al": 5.1494710440084415, "p_ex": 10.0, "prior": 5.523878226139308, "rate": 10.0}, "datetime": {"datetime": "2024-06-13 08:13:12", "elapsed": 408.717569, "delta": 22.271338}}
{"target": -101.71973285874134, "params": {"p_ai": 0.001, "p_al": 0.001, "p_ex": 10.0, "prior": 6.347745031954608, "rate": 5.830094232756434}, "datetime": {"datetime": "2024-06-13 08:13:36", "elapsed": 432.162685, "delta": 23.445116}}
{"target": -114.49564868043073, "params": {"p_ai": 0.001, "p_al": 0.001, "p_ex": 4.907518528385808, "prior": 10.0, "rate": 10.0}, "datetime": {"datetime": "2024-06-13 08:13:53", "elapsed": 449.359348, "delta": 17.196663}}
{"target": -121.26586956301645, "params": {"p_ai": 0.001, "p_al": 0.001, "p_ex": 10.0, "prior": 5.761913233067723, "rate": 0.001}, "datetime": {"datetime": "2024-06-13 08:14:12", "elapsed": 468.317932, "delta": 18.958584}}
{"target": -107.28845389109634, "params": {"p_ai": 0.001, "p_al": 0.001, "p_ex": 5.491334140600122, "prior": 1.812608223850194, "rate": 10.0}, "datetime": {"datetime": "2024-06-13 08:14:31", "elapsed": 487.359285, "delta": 19.041353}}
{"target": -105.77628099274466, "params": {"p_ai": 0.16194422950231557, "p_al": 9.953403359550453, "p_ex": 9.989498571780416, "prior": 3.616301486786028, "rate": 7.414179982517995}, "datetime": {"datetime": "2024-06-13 08:15:01", "elapsed": 517.160451, "delta": 29.801166}}
{"target": -149.05536321490163, "params": {"p_ai": 0.001, "p_al": 0.001, "p_ex": 0.001, "prior": 2.817354695033782, "rate": 0.001}, "datetime": {"datetime": "2024-06-13 08:15:18", "elapsed": 534.971988, "delta": 17.811537}}
{"target": -105.89382342175574, "params": {"p_ai": 0.001, "p_al": 0.001, "p_ex": 6.402893488597851, "prior": 6.316775123416447, "rate": 10.0}, "datetime": {"datetime": "2024-06-13 08:15:41", "elapsed": 557.113869, "delta": 22.141881}}
{"target": -106.92407810513313, "params": {"p_ai": 0.001, "p_al": 10.0, "p_ex": 7.295477910132629, "prior": 10.0, "rate": 10.0}, "datetime": {"datetime": "2024-06-13 08:16:08", "elapsed": 584.084022, "delta": 26.970153}}
{"target": -132.61079653411696, "params": {"p_ai": 0.001, "p_al": 10.0, "p_ex": 10.0, "prior": 10.0, "rate": 0.001}, "datetime": {"datetime": "2024-06-13 08:16:39", "elapsed": 615.782013, "delta": 31.697991}}
{"target": -115.63448113332821, "params": {"p_ai": 0.001, "p_al": 10.0, "p_ex": 10.0, "prior": 3.324234225868317, "rate": 3.0787575042557473}, "datetime": {"datetime": "2024-06-13 08:17:17", "elapsed": 653.349986, "delta": 37.567973}}
{"target": -109.06586006705814, "params": {"p_ai": 0.001, "p_al": 0.001, "p_ex": 5.202304934040385, "prior": 1.1327160327116814, "rate": 2.1870072664623104}, "datetime": {"datetime": "2024-06-13 08:17:47", "elapsed": 683.373541, "delta": 30.023555}}
{"target": -102.32454218250327, "params": {"p_ai": 0.001, "p_al": 5.789562337661679, "p_ex": 10.0, "prior": 4.403993787587783, "rate": 3.7910435813715013}, "datetime": {"datetime": "2024-06-13 08:18:10", "elapsed": 706.706347, "delta": 23.332806}}
{"target": -100.7538150790807, "params": {"p_ai": 0.001, "p_al": 2.4668643006071367, "p_ex": 10.0, "prior": 7.499885133865937, "rate": 10.0}, "datetime": {"datetime": "2024-06-13 08:18:41", "elapsed": 737.181008, "delta": 30.474661}}
{"target": -102.95834995727776, "params": {"p_ai": 0.001, "p_al": 2.3543108873255223, "p_ex": 10.0, "prior": 10.0, "rate": 7.004875169189619}, "datetime": {"datetime": "2024-06-13 08:19:07", "elapsed": 763.866119, "delta": 26.685111}}
{"target": -111.49134008730339, "params": {"p_ai": 0.001, "p_al": 10.0, "p_ex": 10.0, "prior": 2.983915127890887, "rate": 10.0}, "datetime": {"datetime": "2024-06-13 08:19:42", "elapsed": 798.833552, "delta": 34.967433}}
{"target": -111.480165183801, "params": {"p_ai": 0.001, "p_al": 7.23138186132876, "p_ex": 10.0, "prior": 10.0, "rate": 3.060889170697295}, "datetime": {"datetime": "2024-06-13 08:20:10", "elapsed": 826.15847, "delta": 27.324918}}
{"target": -124.96932161400149, "params": {"p_ai": 0.001, "p_al": 0.001, "p_ex": 6.4821620275086165, "prior": 10.0, "rate": 0.001}, "datetime": {"datetime": "2024-06-13 08:20:44", "elapsed": 860.912917, "delta": 34.754447}}
