{"target": -904.9699493947311, "params": {"gamma": 4.170803025021038, "lr": 0.7203244934421581}, "datetime": {"datetime": "2024-06-13 17:04:57", "elapsed": 0.0, "delta": 0.0}}
{"target": -146.80332493409787, "params": {"gamma": 0.002143633798631522, "lr": 0.30233257263183977}, "datetime": {"datetime": "2024-06-13 17:04:57", "elapsed": 0.003994, "delta": 0.003994}}
{"target": -548.1804750249469, "params": {"gamma": 1.4684121522803133, "lr": 0.0923385947687978}, "datetime": {"datetime": "2024-06-13 17:04:57", "elapsed": 0.006986, "delta": 0.002992}}
{"target": -315.1385257682335, "params": {"gamma": 1.8634158535653313, "lr": 0.34556072704304774}, "datetime": {"datetime": "2024-06-13 17:04:57", "elapsed": 0.010974, "delta": 0.003988}}
{"target": -747.5289467874741, "params": {"gamma": 3.968277974832469, "lr": 0.538816734003357}, "datetime": {"datetime": "2024-06-13 17:04:57", "elapsed": 0.014964, "delta": 0.00399}}
{"target": -909.7032998224149, "params": {"gamma": 4.192525949518545, "lr": 0.6852195003967595}, "datetime": {"datetime": "2024-06-13 17:04:57", "elapsed": 0.018953, "delta": 0.003989}}
{"target": -497.0142682501933, "params": {"gamma": 2.045318045065443, "lr": 0.8781174363909454}, "datetime": {"datetime": "2024-06-13 17:04:57", "elapsed": 0.021945, "delta": 0.002992}}
{"target": -146.8347343602684, "params": {"gamma": 0.2748485443860637, "lr": 0.6704675101784022}, "datetime": {"datetime": "2024-06-13 17:04:57", "elapsed": 0.025934, "delta": 0.003989}}
{"target": -791.9619446966735, "params": {"gamma": 4.173630718868903, "lr": 0.5586898284457517}, "datetime": {"datetime": "2024-06-13 17:04:57", "elapsed": 0.028927, "delta": 0.002993}}
{"target": -306.6420295431587, "params": {"gamma": 1.4047289990137424, "lr": 0.1981014890848788}, "datetime": {"datetime": "2024-06-13 17:04:57", "elapsed": 0.031919, "delta": 0.002992}}
{"target": -1971.1778962113087, "params": {"gamma": 8.00764494218669, "lr": 0.9682615757193975}, "datetime": {"datetime": "2024-06-13 17:04:57", "elapsed": 0.035907, "delta": 0.003988}}
{"target": -686.186189309699, "params": {"gamma": 3.1349283574142692, "lr": 0.6923226156693141}, "datetime": {"datetime": "2024-06-13 17:04:57", "elapsed": 0.0389, "delta": 0.002993}}
{"target": -2091.6590975346253, "params": {"gamma": 8.764015133808087, "lr": 0.8946066635038473}, "datetime": {"datetime": "2024-06-13 17:04:57", "elapsed": 0.042889, "delta": 0.003989}}
{"target": -381.48450552865904, "params": {"gamma": 0.8513570694864094, "lr": 0.03905478323288236}, "datetime": {"datetime": "2024-06-13 17:04:57", "elapsed": 0.045881, "delta": 0.002992}}
{"target": -419.1117680124702, "params": {"gamma": 1.6991343652261244, "lr": 0.8781425034294131}, "datetime": {"datetime": "2024-06-13 17:04:57", "elapsed": 0.048873, "delta": 0.002992}}
{"target": -212.35381285475557, "params": {"gamma": 0.9843699914966679, "lr": 0.42110762500505217}, "datetime": {"datetime": "2024-06-13 17:04:57", "elapsed": 0.052863, "delta": 0.00399}}
{"target": -1773.0824405752855, "params": {"gamma": 9.578937411974868, "lr": 0.5331652849730171}, "datetime": {"datetime": "2024-06-13 17:04:57", "elapsed": 0.055854, "delta": 0.002991}}
{"target": -1073.3273862642639, "params": {"gamma": 6.919079262390784, "lr": 0.31551563100606295}, "datetime": {"datetime": "2024-06-13 17:04:57", "elapsed": 0.058846, "delta": 0.002992}}
{"target": -1582.6958333597543, "params": {"gamma": 6.865322775888155, "lr": 0.8346256718973729}, "datetime": {"datetime": "2024-06-13 17:04:57", "elapsed": 0.062836, "delta": 0.00399}}
{"target": -141.55508324642014, "params": {"gamma": 0.18386448516457388, "lr": 0.7501443149449675}, "datetime": {"datetime": "2024-06-13 17:04:57", "elapsed": 0.065828, "delta": 0.002992}}
{"target": -2169.498889294193, "params": {"gamma": 9.88862202797604, "lr": 0.7481656543798394}, "datetime": {"datetime": "2024-06-13 17:04:57", "elapsed": 0.069817, "delta": 0.003989}}
{"target": -627.3908121657934, "params": {"gamma": 2.8051594766519874, "lr": 0.7892793284514885}, "datetime": {"datetime": "2024-06-13 17:04:57", "elapsed": 0.07281, "delta": 0.002993}}
{"target": -218.843614758913, "params": {"gamma": 1.0331568397698425, "lr": 0.44789352617590517}, "datetime": {"datetime": "2024-06-13 17:04:57", "elapsed": 0.075801, "delta": 0.002991}}
{"target": -1423.5478184267351, "params": {"gamma": 9.086046435427862, "lr": 0.2936141483736795}, "datetime": {"datetime": "2024-06-13 17:04:57", "elapsed": 0.079791, "delta": 0.00399}}
{"target": -732.6469590076035, "params": {"gamma": 2.878465610524901, "lr": 0.13002857211827767}, "datetime": {"datetime": "2024-06-13 17:04:57", "elapsed": 0.082783, "delta": 0.002992}}
{"target": -142.8797709088652, "params": {"gamma": 0.19465021174510047, "lr": 0.678835532939891}, "datetime": {"datetime": "2024-06-13 17:04:57", "elapsed": 0.085775, "delta": 0.002992}}
{"target": -349.5641628425597, "params": {"gamma": 2.1170695318845905, "lr": 0.2655466593722262}, "datetime": {"datetime": "2024-06-13 17:04:57", "elapsed": 0.089764, "delta": 0.003989}}
{"target": -1916.9056870108298, "params": {"gamma": 4.916240019644103, "lr": 0.053362545117080384}, "datetime": {"datetime": "2024-06-13 17:04:57", "elapsed": 0.092756, "delta": 0.002992}}
{"target": -1264.6865496936966, "params": {"gamma": 5.741601937314639, "lr": 0.14672857490581015}, "datetime": {"datetime": "2024-06-13 17:04:57", "elapsed": 0.095748, "delta": 0.002992}}
{"target": -1270.5811846875188, "params": {"gamma": 5.89346606349594, "lr": 0.6997583600209312}, "datetime": {"datetime": "2024-06-13 17:04:57", "elapsed": 0.099738, "delta": 0.00399}}
{"target": -217.63166840714598, "params": {"gamma": 1.0242419538494305, "lr": 0.4140559878195683}, "datetime": {"datetime": "2024-06-13 17:04:57", "elapsed": 0.102729, "delta": 0.002991}}
{"target": -1173.750956908177, "params": {"gamma": 6.9443071771197245, "lr": 0.41417926952690265}, "datetime": {"datetime": "2024-06-13 17:04:57", "elapsed": 0.105992, "delta": 0.003263}}
{"target": -161.17451512019315, "params": {"gamma": 0.5004846360019255, "lr": 0.5358964059155116}, "datetime": {"datetime": "2024-06-13 17:04:57", "elapsed": 0.108984, "delta": 0.002992}}
{"target": -1235.0968308309307, "params": {"gamma": 6.638282657552669, "lr": 0.5148891120583086}, "datetime": {"datetime": "2024-06-13 17:04:57", "elapsed": 0.112974, "delta": 0.00399}}
{"target": -1774.3240335256642, "params": {"gamma": 9.446002965152143, "lr": 0.5865550405019929}, "datetime": {"datetime": "2024-06-13 17:04:57", "elapsed": 0.115966, "delta": 0.002992}}
{"target": -2253.278297963358, "params": {"gamma": 9.034115750963547, "lr": 0.13747470414623753}, "datetime": {"datetime": "2024-06-13 17:04:57", "elapsed": 0.119955, "delta": 0.003989}}
{"target": -337.64257714728126, "params": {"gamma": 1.3936241961603346, "lr": 0.8073912887095238}, "datetime": {"datetime": "2024-06-13 17:04:57", "elapsed": 0.122947, "delta": 0.002992}}
{"target": -883.4270211494597, "params": {"gamma": 3.9773706930183503, "lr": 0.16535419711693278}, "datetime": {"datetime": "2024-06-13 17:04:57", "elapsed": 0.125939, "delta": 0.002992}}
{"target": -1420.2148020756415, "params": {"gamma": 9.275158295379942, "lr": 0.34776585974550656}, "datetime": {"datetime": "2024-06-13 17:04:57", "elapsed": 0.129928, "delta": 0.003989}}
{"target": -1613.5918943502556, "params": {"gamma": 7.50837021925842, "lr": 0.7259979853504515}, "datetime": {"datetime": "2024-06-13 17:04:57", "elapsed": 0.13292, "delta": 0.002992}}
{"target": -1759.1628171136335, "params": {"gamma": 8.833177605966892, "lr": 0.6236722070556089}, "datetime": {"datetime": "2024-06-13 17:04:57", "elapsed": 0.135912, "delta": 0.002992}}
{"target": -1154.5866047322088, "params": {"gamma": 7.509673397839345, "lr": 0.34889834197784253}, "datetime": {"datetime": "2024-06-13 17:04:57", "elapsed": 0.139901, "delta": 0.003989}}
{"target": -657.867705649052, "params": {"gamma": 2.7000089897584956, "lr": 0.8958862181960668}, "datetime": {"datetime": "2024-06-13 17:04:57", "elapsed": 0.142894, "delta": 0.002993}}
{"target": -1061.2894066393812, "params": {"gamma": 4.281483807523078, "lr": 0.9648400471483856}, "datetime": {"datetime": "2024-06-13 17:04:57", "elapsed": 0.146884, "delta": 0.00399}}
{"target": -1325.1175036652194, "params": {"gamma": 6.634751536686663, "lr": 0.6216957202091218}, "datetime": {"datetime": "2024-06-13 17:04:57", "elapsed": 0.149875, "delta": 0.002991}}
{"target": -311.2935255319624, "params": {"gamma": 1.1483449835607984, "lr": 0.9494892587070712}, "datetime": {"datetime": "2024-06-13 17:04:57", "elapsed": 0.153864, "delta": 0.003989}}
{"target": -855.1625160556374, "params": {"gamma": 4.499671422665926, "lr": 0.5783896143871318}, "datetime": {"datetime": "2024-06-13 17:04:57", "elapsed": 0.156856, "delta": 0.002992}}
{"target": -705.1646531599864, "params": {"gamma": 4.081959890810051, "lr": 0.2370269802430277}, "datetime": {"datetime": "2024-06-13 17:04:57", "elapsed": 0.159848, "delta": 0.002992}}
{"target": -1697.6811572756521, "params": {"gamma": 9.033891826101975, "lr": 0.5736794866722859}, "datetime": {"datetime": "2024-06-13 17:04:57", "elapsed": 0.163849, "delta": 0.004001}}
{"target": -144.87925990123355, "params": {"gamma": 0.029700399984558545, "lr": 0.6171449136207239}, "datetime": {"datetime": "2024-06-13 17:04:57", "elapsed": 0.167829, "delta": 0.00398}}
{"target": -620.1901793185476, "params": {"gamma": 3.2671223728191894, "lr": 0.5270581022576093}, "datetime": {"datetime": "2024-06-13 17:04:57", "elapsed": 0.170822, "delta": 0.002993}}
{"target": -1357.6748240449683, "params": {"gamma": 8.859535051008434, "lr": 0.35726976000249977}, "datetime": {"datetime": "2024-06-13 17:04:57", "elapsed": 0.173813, "delta": 0.002991}}
{"target": -1808.9781982349382, "params": {"gamma": 9.085442974047073, "lr": 0.6233601157918027}, "datetime": {"datetime": "2024-06-13 17:04:57", "elapsed": 0.177802, "delta": 0.003989}}
{"target": -141.24416361934493, "params": {"gamma": 0.15919660722271628, "lr": 0.9294372337437613}, "datetime": {"datetime": "2024-06-13 17:04:57", "elapsed": 0.180795, "delta": 0.002993}}
{"target": -1702.7431771499357, "params": {"gamma": 6.9092782782517235, "lr": 0.9973228504514805}, "datetime": {"datetime": "2024-06-13 17:04:57", "elapsed": 0.184784, "delta": 0.003989}}
{"target": -453.7839284461635, "params": {"gamma": 1.7242327429449402, "lr": 0.13713574962887776}, "datetime": {"datetime": "2024-06-13 17:04:57", "elapsed": 0.187776, "delta": 0.002992}}
{"target": -1999.8233345434273, "params": {"gamma": 9.326022034908599, "lr": 0.6968181614899002}, "datetime": {"datetime": "2024-06-13 17:04:57", "elapsed": 0.190768, "delta": 0.002992}}
{"target": -193.05910838696133, "params": {"gamma": 0.6609357270479028, "lr": 0.7554630526024664}, "datetime": {"datetime": "2024-06-13 17:04:57", "elapsed": 0.194758, "delta": 0.00399}}
{"target": -1856.636596703553, "params": {"gamma": 7.539008008424004, "lr": 0.9230245355464833}, "datetime": {"datetime": "2024-06-13 17:04:57", "elapsed": 0.19775, "delta": 0.002992}}
{"target": -2180.575488103593, "params": {"gamma": 7.11553606152609, "lr": 0.1242709619721647}, "datetime": {"datetime": "2024-06-13 17:04:57", "elapsed": 0.200742, "delta": 0.002992}}
{"target": -176.1239473317646, "params": {"gamma": 0.1997814582641161, "lr": 0.026210986877719278}, "datetime": {"datetime": "2024-06-13 17:04:57", "elapsed": 0.204731, "delta": 0.003989}}
{"target": -146.74766030153577, "params": {"gamma": 0.2840365737199253, "lr": 0.2462110676030459}, "datetime": {"datetime": "2024-06-13 17:04:57", "elapsed": 0.207723, "delta": 0.002992}}
{"target": -1594.0385782825483, "params": {"gamma": 8.600419458880197, "lr": 0.5388310643416528}, "datetime": {"datetime": "2024-06-13 17:04:57", "elapsed": 0.210715, "delta": 0.002992}}
{"target": -1277.4505185765806, "params": {"gamma": 5.5286669648789735, "lr": 0.8420308923596057}, "datetime": {"datetime": "2024-06-13 17:04:57", "elapsed": 0.214705, "delta": 0.00399}}
{"target": -229.84938957223227, "params": {"gamma": 1.2426089778839915, "lr": 0.2791836790111395}, "datetime": {"datetime": "2024-06-13 17:04:57", "elapsed": 0.217696, "delta": 0.002991}}
{"target": -1445.9233401758208, "params": {"gamma": 5.858006955311422, "lr": 0.9695957483196745}, "datetime": {"datetime": "2024-06-13 17:04:57", "elapsed": 0.220688, "delta": 0.002992}}
{"target": -2181.435000640361, "params": {"gamma": 5.6107411623378445, "lr": 0.01864728937294302}, "datetime": {"datetime": "2024-06-13 17:04:57", "elapsed": 0.224678, "delta": 0.00399}}
{"target": -1357.4183769251301, "params": {"gamma": 8.006526094133482, "lr": 0.23297427384102043}, "datetime": {"datetime": "2024-06-13 17:04:57", "elapsed": 0.227669, "delta": 0.002991}}
{"target": -1253.1826359760694, "params": {"gamma": 8.071244850992173, "lr": 0.38786064406417176}, "datetime": {"datetime": "2024-06-13 17:04:57", "elapsed": 0.230662, "delta": 0.002993}}
{"target": -1896.9667807732378, "params": {"gamma": 8.635555003739727, "lr": 0.7471216427371846}, "datetime": {"datetime": "2024-06-13 17:04:57", "elapsed": 0.234651, "delta": 0.003989}}
{"target": -1394.3262201027055, "params": {"gamma": 5.562846099670199, "lr": 0.13645522566068502}, "datetime": {"datetime": "2024-06-13 17:04:57", "elapsed": 0.237643, "delta": 0.002992}}
{"target": -235.86285364872464, "params": {"gamma": 0.6001169774326044, "lr": 0.12134345574073735}, "datetime": {"datetime": "2024-06-13 17:04:57", "elapsed": 0.240635, "delta": 0.002992}}
{"target": -216.02530404663042, "params": {"gamma": 0.4464742335690725, "lr": 0.1074941291060929}, "datetime": {"datetime": "2024-06-13 17:04:57", "elapsed": 0.244625, "delta": 0.00399}}
{"target": -506.9782248379874, "params": {"gamma": 2.2578676767399393, "lr": 0.7129889803826767}, "datetime": {"datetime": "2024-06-13 17:04:57", "elapsed": 0.247616, "delta": 0.002991}}
{"target": -2176.4330583047686, "params": {"gamma": 5.597610103559371, "lr": 0.012555980159115854}, "datetime": {"datetime": "2024-06-13 17:04:57", "elapsed": 0.250609, "delta": 0.002993}}
{"target": -219.22782736539097, "params": {"gamma": 0.7206708226151783, "lr": 0.967276330000272}, "datetime": {"datetime": "2024-06-13 17:04:57", "elapsed": 0.254598, "delta": 0.003989}}
{"target": -1057.1471107915092, "params": {"gamma": 5.6814365187375016, "lr": 0.20329323466099047}, "datetime": {"datetime": "2024-06-13 17:04:57", "elapsed": 0.25759, "delta": 0.002992}}
{"target": -570.6968684632935, "params": {"gamma": 2.5240051199586637, "lr": 0.7438258540750929}, "datetime": {"datetime": "2024-06-13 17:04:57", "elapsed": 0.260582, "delta": 0.002992}}
{"target": -389.45335977939345, "params": {"gamma": 1.9550993816120785, "lr": 0.5813589272732578}, "datetime": {"datetime": "2024-06-13 17:04:57", "elapsed": 0.264571, "delta": 0.003989}}
{"target": -2230.38357902539, "params": {"gamma": 9.700229870894034, "lr": 0.8468288014900353}, "datetime": {"datetime": "2024-06-13 17:04:57", "elapsed": 0.267563, "delta": 0.002992}}
{"target": -422.7254147988079, "params": {"gamma": 2.399237743716714, "lr": 0.49376971426872995}, "datetime": {"datetime": "2024-06-13 17:04:57", "elapsed": 0.271552, "delta": 0.003989}}
{"target": -1409.8439751534204, "params": {"gamma": 6.199937228095417, "lr": 0.8289808995501787}, "datetime": {"datetime": "2024-06-13 17:04:57", "elapsed": 0.274544, "delta": 0.002992}}
{"target": -646.5076101419965, "params": {"gamma": 1.5687571550661965, "lr": 0.018576202177409518}, "datetime": {"datetime": "2024-06-13 17:04:57", "elapsed": 0.277536, "delta": 0.002992}}
{"target": -176.89966354818446, "params": {"gamma": 0.7011514150485041, "lr": 0.4863451109370318}, "datetime": {"datetime": "2024-06-13 17:04:57", "elapsed": 0.281526, "delta": 0.00399}}
{"target": -1140.782410983717, "params": {"gamma": 6.063688287071651, "lr": 0.5688514370864813}, "datetime": {"datetime": "2024-06-13 17:04:57", "elapsed": 0.284518, "delta": 0.002992}}
{"target": -792.1814757818054, "params": {"gamma": 3.1743067308122854, "lr": 0.9886161544124489}, "datetime": {"datetime": "2024-06-13 17:04:57", "elapsed": 0.28751, "delta": 0.002992}}
{"target": -906.8735556353297, "params": {"gamma": 5.797872447238724, "lr": 0.3801411726235504}, "datetime": {"datetime": "2024-06-13 17:04:57", "elapsed": 0.291499, "delta": 0.003989}}
{"target": -1217.310717947235, "params": {"gamma": 5.509931242959851, "lr": 0.7453344309065021}, "datetime": {"datetime": "2024-06-13 17:04:57", "elapsed": 0.294492, "delta": 0.002993}}
{"target": -1034.903356824517, "params": {"gamma": 6.6926597016383935, "lr": 0.2649195576628094}, "datetime": {"datetime": "2024-06-13 17:04:57", "elapsed": 0.298481, "delta": 0.003989}}
{"target": -165.43878946758048, "params": {"gamma": 0.6642820094499873, "lr": 0.3700841979141063}, "datetime": {"datetime": "2024-06-13 17:04:57", "elapsed": 0.301472, "delta": 0.002991}}
{"target": -1169.1743347410918, "params": {"gamma": 6.297545352708624, "lr": 0.2101740099148396}, "datetime": {"datetime": "2024-06-13 17:04:57", "elapsed": 0.305462, "delta": 0.00399}}
{"target": -2911.7719544951738, "params": {"gamma": 7.5278027818344, "lr": 0.06653648135411494}, "datetime": {"datetime": "2024-06-13 17:04:57", "elapsed": 0.308454, "delta": 0.002992}}
{"target": -596.9026022701506, "params": {"gamma": 2.603890670686831, "lr": 0.8047545637433454}, "datetime": {"datetime": "2024-06-13 17:04:57", "elapsed": 0.311446, "delta": 0.002992}}
{"target": -404.65395469522383, "params": {"gamma": 1.935149391950654, "lr": 0.6394608808799401}, "datetime": {"datetime": "2024-06-13 17:04:57", "elapsed": 0.315435, "delta": 0.003989}}
{"target": -1296.7914824390496, "params": {"gamma": 5.247178420928214, "lr": 0.9248079703993507}, "datetime": {"datetime": "2024-06-13 17:04:57", "elapsed": 0.318427, "delta": 0.002992}}
{"target": -1048.6820649556616, "params": {"gamma": 2.633704408100623, "lr": 0.06596109068402378}, "datetime": {"datetime": "2024-06-13 17:04:57", "elapsed": 0.322417, "delta": 0.00399}}
{"target": -1595.5834143495717, "params": {"gamma": 7.350924566923407, "lr": 0.7721780295432468}, "datetime": {"datetime": "2024-06-13 17:04:57", "elapsed": 0.326406, "delta": 0.003989}}
{"target": -2232.8807048486206, "params": {"gamma": 9.078250709182736, "lr": 0.9319720691968373}, "datetime": {"datetime": "2024-06-13 17:04:57", "elapsed": 0.329398, "delta": 0.002992}}
{"target": -143.7209609948263, "params": {"gamma": 0.14050177818299456, "lr": 0.2343620861214205}, "datetime": {"datetime": "2024-06-13 17:04:57", "elapsed": 0.33239, "delta": 0.002992}}
{"target": -1521.6777819052475, "params": {"gamma": 6.1681667916595755, "lr": 0.9490163206876164}, "datetime": {"datetime": "2024-06-13 17:04:57", "elapsed": 0.336379, "delta": 0.003989}}
{"target": -1776.5875093723607, "params": {"gamma": 9.50181101635155, "lr": 0.5566531881951564}, "datetime": {"datetime": "2024-06-13 17:04:57", "elapsed": 0.339371, "delta": 0.002992}}
{"target": -1825.4498023816936, "params": {"gamma": 9.15614789131298, "lr": 0.6415662089463375}, "datetime": {"datetime": "2024-06-13 17:04:57", "elapsed": 0.34336, "delta": 0.003989}}
{"target": -665.3751339859976, "params": {"gamma": 3.9006871336983213, "lr": 0.48599066709690975}, "datetime": {"datetime": "2024-06-13 17:04:57", "elapsed": 0.346353, "delta": 0.002993}}
{"target": -1117.2828754396446, "params": {"gamma": 6.043500518716813, "lr": 0.5495479215085626}, "datetime": {"datetime": "2024-06-13 17:04:57", "elapsed": 0.349344, "delta": 0.002991}}
{"target": -2277.772839819545, "params": {"gamma": 9.26188808563783, "lr": 0.9187334356336061}, "datetime": {"datetime": "2024-06-13 17:04:57", "elapsed": 0.353334, "delta": 0.00399}}
{"target": -980.4237376157638, "params": {"gamma": 3.9493612536226252, "lr": 0.9632625284407118}, "datetime": {"datetime": "2024-06-13 17:04:57", "elapsed": 0.356326, "delta": 0.002992}}
{"target": -457.61107618435017, "params": {"gamma": 1.740382711137963, "lr": 0.12632951943963733}, "datetime": {"datetime": "2024-06-13 17:04:57", "elapsed": 0.360315, "delta": 0.003989}}
{"target": -282.43538542689345, "params": {"gamma": 1.3516565013092665, "lr": 0.5056621656768967}, "datetime": {"datetime": "2024-06-13 17:04:57", "elapsed": 0.363307, "delta": 0.002992}}
{"target": -143.66559438106046, "params": {"gamma": 0.2162265279367056, "lr": 0.947970211217681}, "datetime": {"datetime": "2024-06-13 17:04:57", "elapsed": 0.366303, "delta": 0.002996}}
{"target": -3195.0492222340868, "params": {"gamma": 8.271327596236153, "lr": 0.015018980742122379}, "datetime": {"datetime": "2024-06-13 17:04:57", "elapsed": 0.369882, "delta": 0.003579}}
{"target": -301.70595032188885, "params": {"gamma": 1.7627863594949775, "lr": 0.332063574366837}, "datetime": {"datetime": "2024-06-13 17:04:57", "elapsed": 0.373872, "delta": 0.00399}}
{"target": -320.5663960976496, "params": {"gamma": 1.310837451264358, "lr": 0.8094906921265821}, "datetime": {"datetime": "2024-06-13 17:04:57", "elapsed": 0.376863, "delta": 0.002991}}
{"target": -858.5646334260676, "params": {"gamma": 3.4480217901802512, "lr": 0.9401074823333672}, "datetime": {"datetime": "2024-06-13 17:04:57", "elapsed": 0.380853, "delta": 0.00399}}
{"target": -1370.3321415995129, "params": {"gamma": 5.820559785290854, "lr": 0.8788319844118441}, "datetime": {"datetime": "2024-06-13 17:04:57", "elapsed": 0.383844, "delta": 0.002991}}
{"target": -2012.4708436881856, "params": {"gamma": 8.447499719476827, "lr": 0.9053923187086492}, "datetime": {"datetime": "2024-06-13 17:04:57", "elapsed": 0.387834, "delta": 0.00399}}
{"target": -855.6773163424458, "params": {"gamma": 4.599342777902254, "lr": 0.5463468160203733}, "datetime": {"datetime": "2024-06-13 17:04:57", "elapsed": 0.390826, "delta": 0.002992}}
{"target": -1254.2098330328567, "params": {"gamma": 7.986237307929242, "lr": 0.28571885173414757}, "datetime": {"datetime": "2024-06-13 17:04:57", "elapsed": 0.393818, "delta": 0.002992}}
