{"target": -143.92588579908684, "params": {"gamma": 0.518425063389165, "prior": 8.023345278411995, "rate": 1.8127106900062346}, "datetime": {"datetime": "2024-06-14 19:13:42", "elapsed": 17.465542, "delta": 0.009973}}
{"target": -319.4778022755383, "params": {"gamma": 6.687743802830694, "prior": 8.370179976185053, "rate": 9.648000771149587}, "datetime": {"datetime": "2024-06-14 19:13:42", "elapsed": 17.476513, "delta": 0.010971}}
{"target": -146.02986505321527, "params": {"gamma": 1.2693322409733296, "prior": 5.2807820848604825, "rate": 8.506259835578277}, "datetime": {"datetime": "2024-06-14 19:13:42", "elapsed": 17.486487, "delta": 0.009974}}
{"target": -264.95508297585195, "params": {"gamma": 5.376554931110454, "prior": 7.327460113254701, "rate": 7.854811002586698}, "datetime": {"datetime": "2024-06-14 19:13:42", "elapsed": 17.496461, "delta": 0.009974}}
{"target": -396.91350941808633, "params": {"gamma": 8.36611885215124, "prior": 6.698671028783691, "rate": 8.977494158102747}, "datetime": {"datetime": "2024-06-14 19:13:42", "elapsed": 17.50743, "delta": 0.010969}}
{"target": -290.5303239747074, "params": {"gamma": 6.4782645488662265, "prior": 9.451910164511617, "rate": 6.293354520653859}, "datetime": {"datetime": "2024-06-14 19:13:42", "elapsed": 17.517404, "delta": 0.009974}}
{"target": -365.6959837734502, "params": {"gamma": 8.724413810278625, "prior": 5.996988068238829, "rate": 3.4441454939220204}, "datetime": {"datetime": "2024-06-14 19:13:42", "elapsed": 17.527377, "delta": 0.009973}}
{"target": -319.9820394373291, "params": {"gamma": 8.134761405617539, "prior": 4.380572177078845, "rate": 1.26633005871915}, "datetime": {"datetime": "2024-06-14 19:13:42", "elapsed": 17.537351, "delta": 0.009974}}
{"target": -408.3674737966001, "params": {"gamma": 9.685718757922707, "prior": 8.540378886592336, "rate": 5.613032976457021}, "datetime": {"datetime": "2024-06-14 19:13:42", "elapsed": 17.548321, "delta": 0.01097}}
{"target": -267.56534073711407, "params": {"gamma": 6.70645236332923, "prior": 9.97746979690073, "rate": 1.6139258941379875}, "datetime": {"datetime": "2024-06-14 19:13:42", "elapsed": 17.558294, "delta": 0.009973}}
{"target": -271.14262468932196, "params": {"gamma": 5.345865061083275, "prior": 3.9706892074339746, "rate": 5.411934552410746}, "datetime": {"datetime": "2024-06-14 19:13:42", "elapsed": 17.568268, "delta": 0.009974}}
{"target": -143.22720793583542, "params": {"gamma": 1.0346751548979976, "prior": 4.463348355283198, "rate": 4.615179910338178}, "datetime": {"datetime": "2024-06-14 19:13:42", "elapsed": 17.578242, "delta": 0.009974}}
{"target": -281.0931309931329, "params": {"gamma": 5.959320550265768, "prior": 6.657514292740112, "rate": 5.9019035859365445}, "datetime": {"datetime": "2024-06-14 19:13:42", "elapsed": 17.588214, "delta": 0.009972}}
{"target": -325.47816158192677, "params": {"gamma": 7.294098218201382, "prior": 5.850935976242481, "rate": 4.431587983023527}, "datetime": {"datetime": "2024-06-14 19:13:42", "elapsed": 17.598188, "delta": 0.009974}}
{"target": -230.82190615245446, "params": {"gamma": 4.968387656954369, "prior": 4.3578792885960675, "rate": 2.1015284571954447}, "datetime": {"datetime": "2024-06-14 19:13:42", "elapsed": 17.608162, "delta": 0.009974}}
{"target": -160.3550016595995, "params": {"gamma": 2.268784360438243, "prior": 4.628147893294655, "rate": 4.336093573615487}, "datetime": {"datetime": "2024-06-14 19:13:42", "elapsed": 17.619132, "delta": 0.01097}}
{"target": -380.80272287855274, "params": {"gamma": 7.793058306926475, "prior": 4.266497925247028, "rate": 6.734009957010978}, "datetime": {"datetime": "2024-06-14 19:13:42", "elapsed": 17.629106, "delta": 0.009974}}
{"target": -148.29110598361223, "params": {"gamma": 1.6612208005950855, "prior": 8.258183945490565, "rate": 6.8543823546258436}, "datetime": {"datetime": "2024-06-14 19:13:42", "elapsed": 17.639079, "delta": 0.009973}}
{"target": -392.2098752801191, "params": {"gamma": 7.890734933535461, "prior": 3.6588964274812152, "rate": 6.62582745539401}, "datetime": {"datetime": "2024-06-14 19:13:42", "elapsed": 17.649053, "delta": 0.009974}}
{"target": -159.07263683142295, "params": {"gamma": 2.1716875482551337, "prior": 2.287957296922715, "rate": 2.4253252674042707}, "datetime": {"datetime": "2024-06-14 19:13:42", "elapsed": 17.660022, "delta": 0.010969}}
{"target": -177.83982765737508, "params": {"gamma": 2.646618581923333, "prior": 4.143278360424636, "rate": 8.287125786730796}, "datetime": {"datetime": "2024-06-14 19:13:42", "elapsed": 17.669996, "delta": 0.009974}}
{"target": -353.24696935559166, "params": {"gamma": 9.474248122372826, "prior": 6.361334167652156, "rate": 1.348256625665745}, "datetime": {"datetime": "2024-06-14 19:13:43", "elapsed": 17.67997, "delta": 0.009974}}
{"target": -202.87486729696775, "params": {"gamma": 4.200514533381073, "prior": 9.36823535020746, "rate": 3.206122209008569}, "datetime": {"datetime": "2024-06-14 19:13:43", "elapsed": 17.689942, "delta": 0.009972}}
{"target": -271.4493587763809, "params": {"gamma": 6.1931905794918185, "prior": 9.357823108034191, "rate": 4.607362678122438}, "datetime": {"datetime": "2024-06-14 19:13:43", "elapsed": 17.700913, "delta": 0.010971}}
{"target": -249.18254540583467, "params": {"gamma": 5.004490142114326, "prior": 9.19506772656131, "rate": 9.298305886525743}, "datetime": {"datetime": "2024-06-14 19:13:43", "elapsed": 17.710886, "delta": 0.009973}}
{"target": -421.03982067856, "params": {"gamma": 9.04496424702233, "prior": 5.184981853710656, "rate": 6.398472694701441}, "datetime": {"datetime": "2024-06-14 19:13:43", "elapsed": 17.72086, "delta": 0.009974}}
{"target": -328.3563897369231, "params": {"gamma": 5.890472752605639, "prior": 1.6690987172854312, "rate": 6.234866594810311}, "datetime": {"datetime": "2024-06-14 19:13:43", "elapsed": 17.730833, "delta": 0.009973}}
{"target": -192.30068199449056, "params": {"gamma": 3.1921240844594263, "prior": 1.3942814559414822, "rate": 2.1508150426858728}, "datetime": {"datetime": "2024-06-14 19:13:43", "elapsed": 17.740807, "delta": 0.009974}}
{"target": -184.96719176675833, "params": {"gamma": 3.1372893115280216, "prior": 9.519372827689537, "rate": 9.907680849822357}, "datetime": {"datetime": "2024-06-14 19:13:43", "elapsed": 17.750781, "delta": 0.009974}}
{"target": -392.8462636667449, "params": {"gamma": 8.668996751551681, "prior": 4.672423692173761, "rate": 4.656706908529602}, "datetime": {"datetime": "2024-06-14 19:13:43", "elapsed": 17.761751, "delta": 0.01097}}
{"target": -453.06863224583276, "params": {"gamma": 7.647520341309665, "prior": 1.074239963450954, "rate": 9.940379659168363}, "datetime": {"datetime": "2024-06-14 19:13:43", "elapsed": 17.771724, "delta": 0.009973}}
{"target": -370.0040927456837, "params": {"gamma": 6.9224566172976845, "prior": 3.0629283412837927, "rate": 9.088573077112654}, "datetime": {"datetime": "2024-06-14 19:13:43", "elapsed": 17.781697, "delta": 0.009973}}
{"target": -272.9124995735123, "params": {"gamma": 5.526235888770702, "prior": 0.9433807768511864, "rate": 1.0833491863453326}, "datetime": {"datetime": "2024-06-14 19:13:43", "elapsed": 17.791671, "delta": 0.009974}}
{"target": -146.48008562410047, "params": {"gamma": 0.3176168877888321, "prior": 2.240327888608129, "rate": 0.51508803577319}, "datetime": {"datetime": "2024-06-14 19:13:43", "elapsed": 17.802641, "delta": 0.01097}}
{"target": -297.09428752397, "params": {"gamma": 5.103214380152735, "prior": 0.9211098493361365, "rate": 4.431779707933526}, "datetime": {"datetime": "2024-06-14 19:13:43", "elapsed": 17.812615, "delta": 0.009974}}
{"target": -161.1390525567098, "params": {"gamma": 2.362771206680796, "prior": 5.6412349065280925, "rate": 4.390238946627599}, "datetime": {"datetime": "2024-06-14 19:13:43", "elapsed": 17.822625, "delta": 0.01001}}
{"target": -360.46074908682385, "params": {"gamma": 8.375567087137503, "prior": 3.4317930698460395, "rate": 2.3030862375648358}, "datetime": {"datetime": "2024-06-14 19:13:43", "elapsed": 17.832562, "delta": 0.009937}}
{"target": -336.87229424558365, "params": {"gamma": 9.401218217622588, "prior": 4.71700059437067, "rate": 0.2825494345653465}, "datetime": {"datetime": "2024-06-14 19:13:43", "elapsed": 17.842535, "delta": 0.009973}}
{"target": -142.0985571648024, "params": {"gamma": 0.7952844018626734, "prior": 5.600160498896482, "rate": 2.1085032523654648}, "datetime": {"datetime": "2024-06-14 19:13:43", "elapsed": 17.853505, "delta": 0.01097}}
{"target": -152.33820459713485, "params": {"gamma": 1.4832079169213832, "prior": 2.03577051385278, "rate": 7.4477447466406055}, "datetime": {"datetime": "2024-06-14 19:13:43", "elapsed": 17.86348, "delta": 0.009975}}
{"target": -538.284593509458, "params": {"gamma": 9.490190594750429, "prior": 1.3808418827316682, "rate": 8.797922693851072}, "datetime": {"datetime": "2024-06-14 19:13:43", "elapsed": 17.873452, "delta": 0.009972}}
{"target": -276.9509327606304, "params": {"gamma": 7.119486308304545, "prior": 5.612748843111474, "rate": 0.6711193665390025}, "datetime": {"datetime": "2024-06-14 19:13:43", "elapsed": 17.883425, "delta": 0.009973}}
{"target": -357.2792690623256, "params": {"gamma": 7.877623428379662, "prior": 8.141573527504782, "rate": 7.546064084925807}, "datetime": {"datetime": "2024-06-14 19:13:43", "elapsed": 17.893428, "delta": 0.010003}}
{"target": -256.8474216709715, "params": {"gamma": 5.5053451266130216, "prior": 6.352887453044348, "rate": 4.367192277935727}, "datetime": {"datetime": "2024-06-14 19:13:43", "elapsed": 17.904369, "delta": 0.010941}}
{"target": -200.31056769880396, "params": {"gamma": 3.079162242084743, "prior": 2.1563415656940617, "rate": 7.70783813326756}, "datetime": {"datetime": "2024-06-14 19:13:43", "elapsed": 17.914343, "delta": 0.009974}}
{"target": -411.0087946601271, "params": {"gamma": 9.347823400996651, "prior": 6.253005567983246, "rate": 5.342940039040913}, "datetime": {"datetime": "2024-06-14 19:13:43", "elapsed": 17.924316, "delta": 0.009973}}
{"target": -496.0401610912235, "params": {"gamma": 8.832821399586447, "prior": 0.543549432321984, "rate": 3.027452733825171}, "datetime": {"datetime": "2024-06-14 19:13:43", "elapsed": 17.934289, "delta": 0.009973}}
{"target": -252.9938143639489, "params": {"gamma": 3.825328639516465, "prior": 0.4078849577947824, "rate": 5.199809613230569}, "datetime": {"datetime": "2024-06-14 19:13:43", "elapsed": 17.944263, "delta": 0.009974}}
{"target": -398.91443686734846, "params": {"gamma": 9.40582357294277, "prior": 7.992725691934161, "rate": 5.351408522523899}, "datetime": {"datetime": "2024-06-14 19:13:43", "elapsed": 17.955262, "delta": 0.010999}}
{"target": -280.2734983876972, "params": {"gamma": 6.7657338580782405, "prior": 7.873824709873373, "rate": 2.611671926966363}, "datetime": {"datetime": "2024-06-14 19:13:43", "elapsed": 17.965235, "delta": 0.009973}}
{"target": -174.44593243511946, "params": {"gamma": 2.757360350509144, "prior": 6.091715488473178, "rate": 6.74213697673649}, "datetime": {"datetime": "2024-06-14 19:13:43", "elapsed": 17.975207, "delta": 0.009972}}
{"target": -151.6606037003483, "params": {"gamma": 0.037131121203666864, "prior": 8.571439691934431, "rate": 1.4499755526920097}, "datetime": {"datetime": "2024-06-14 19:13:43", "elapsed": 17.985181, "delta": 0.009974}}
{"target": -221.76374159145678, "params": {"gamma": 5.124009381904939, "prior": 5.6655858482099735, "rate": 0.07290430277148773}, "datetime": {"datetime": "2024-06-14 19:13:43", "elapsed": 17.996153, "delta": 0.010972}}
{"target": -228.29423428657284, "params": {"gamma": 4.289076528699282, "prior": 5.384053388047638, "rate": 6.907376297071434}, "datetime": {"datetime": "2024-06-14 19:13:43", "elapsed": 18.006125, "delta": 0.009972}}
{"target": -484.362792556022, "params": {"gamma": 9.031835670784622, "prior": 0.7787551523432098, "rate": 2.8317040472904758}, "datetime": {"datetime": "2024-06-14 19:13:43", "elapsed": 18.016099, "delta": 0.009974}}
{"target": -269.5900652761359, "params": {"gamma": 5.279795197202099, "prior": 2.9733261504001245, "rate": 4.201892734282735}, "datetime": {"datetime": "2024-06-14 19:13:43", "elapsed": 18.027069, "delta": 0.01097}}
{"target": -595.7091260290005, "params": {"gamma": 9.820547479625972, "prior": 0.6636402718702625, "rate": 9.289203208835787}, "datetime": {"datetime": "2024-06-14 19:13:43", "elapsed": 18.037043, "delta": 0.009974}}
{"target": -310.1394090519534, "params": {"gamma": 6.680114161371072, "prior": 5.035947408040653, "rate": 4.647506170595227}, "datetime": {"datetime": "2024-06-14 19:13:43", "elapsed": 18.047016, "delta": 0.009973}}
{"target": -255.12693502948824, "params": {"gamma": 5.589785773928347, "prior": 2.9867128566196963, "rate": 1.7188330067587443}, "datetime": {"datetime": "2024-06-14 19:13:43", "elapsed": 18.056989, "delta": 0.009973}}
{"target": -273.21224143289913, "params": {"gamma": 6.197786816831587, "prior": 9.885925228469835, "rate": 5.162690424583267}, "datetime": {"datetime": "2024-06-14 19:13:43", "elapsed": 18.066963, "delta": 0.009974}}
{"target": -281.8443572186076, "params": {"gamma": 6.710412491894106, "prior": 5.243372538798067, "rate": 2.0011085780511912}, "datetime": {"datetime": "2024-06-14 19:13:43", "elapsed": 18.077934, "delta": 0.010971}}
{"target": -268.2872099560559, "params": {"gamma": 5.787379979419437, "prior": 9.583007643759036, "rate": 6.924549114998262}, "datetime": {"datetime": "2024-06-14 19:13:43", "elapsed": 18.088483, "delta": 0.010549}}
{"target": -147.5261973792615, "params": {"gamma": 0.274342053750928, "prior": 3.6948761925389584, "rate": 6.33921964079754}, "datetime": {"datetime": "2024-06-14 19:13:43", "elapsed": 18.099454, "delta": 0.010971}}
{"target": -336.9744137408476, "params": {"gamma": 5.67116400617658, "prior": 1.301203739015265, "rate": 9.364796358912931}, "datetime": {"datetime": "2024-06-14 19:13:43", "elapsed": 18.112419, "delta": 0.012965}}
{"target": -211.91069126870417, "params": {"gamma": 3.938997493293488, "prior": 7.319700947932855, "rate": 7.857086866488291}, "datetime": {"datetime": "2024-06-14 19:13:43", "elapsed": 18.12339, "delta": 0.010971}}
{"target": -156.19463449732035, "params": {"gamma": 2.1307142258890264, "prior": 6.659980991963436, "rate": 5.2341476294898825}, "datetime": {"datetime": "2024-06-14 19:13:43", "elapsed": 18.13393, "delta": 0.01054}}
{"target": -149.6921080861984, "params": {"gamma": 1.783794004691899, "prior": 7.212564495824819, "rate": 5.406224528163018}, "datetime": {"datetime": "2024-06-14 19:13:43", "elapsed": 18.145891, "delta": 0.011961}}
{"target": -161.57961260759532, "params": {"gamma": 2.1417238051544096, "prior": 4.238811933822576, "rate": 6.8079344253726966}, "datetime": {"datetime": "2024-06-14 19:13:43", "elapsed": 18.156861, "delta": 0.01097}}
{"target": -469.4109965452081, "params": {"gamma": 9.937621475494428, "prior": 5.5295345252227435, "rate": 7.939406449739636}, "datetime": {"datetime": "2024-06-14 19:13:43", "elapsed": 18.166835, "delta": 0.009974}}
{"target": -196.94877727658968, "params": {"gamma": 3.3064511453666356, "prior": 5.164454283417241, "rate": 8.350414978664054}, "datetime": {"datetime": "2024-06-14 19:13:43", "elapsed": 18.177805, "delta": 0.01097}}
{"target": -531.6871063136103, "params": {"gamma": 9.704609444607442, "prior": 1.8668728599484044, "rate": 8.513224576444088}, "datetime": {"datetime": "2024-06-14 19:13:43", "elapsed": 18.187779, "delta": 0.009974}}
{"target": -417.48462444861656, "params": {"gamma": 9.8839813130555, "prior": 4.559573957621887, "rate": 3.0802934792591}, "datetime": {"datetime": "2024-06-14 19:13:43", "elapsed": 18.198749, "delta": 0.01097}}
{"target": -498.70057567055466, "params": {"gamma": 9.124683586378131, "prior": 2.2765865789701447, "rate": 9.88264881287327}, "datetime": {"datetime": "2024-06-14 19:13:43", "elapsed": 18.208722, "delta": 0.009973}}
{"target": -219.25438086163442, "params": {"gamma": 4.016014561459776, "prior": 1.0131129142505106, "rate": 1.368611993565815}, "datetime": {"datetime": "2024-06-14 19:13:43", "elapsed": 18.218696, "delta": 0.009974}}
{"target": -273.6687570453297, "params": {"gamma": 4.771246207156717, "prior": 0.7033829612030654, "rate": 2.519602463648642}, "datetime": {"datetime": "2024-06-14 19:13:43", "elapsed": 18.2546, "delta": 0.035904}}
{"target": -365.4759966937682, "params": {"gamma": 7.950227595281238, "prior": 7.874786065977949, "rate": 8.108387517165163}, "datetime": {"datetime": "2024-06-14 19:13:43", "elapsed": 18.26557, "delta": 0.01097}}
{"target": -145.02182301229135, "params": {"gamma": 0.4635818527703097, "prior": 7.687845099749461, "rate": 8.068658621836198}, "datetime": {"datetime": "2024-06-14 19:13:43", "elapsed": 18.275544, "delta": 0.009974}}
{"target": -149.34623782133806, "params": {"gamma": 0.1614807233633352, "prior": 3.9741465501415574, "rate": 8.655905140222567}, "datetime": {"datetime": "2024-06-14 19:13:43", "elapsed": 18.285517, "delta": 0.009973}}
{"target": -398.86971328120643, "params": {"gamma": 9.58478787486283, "prior": 9.203960219040058, "rate": 5.470332354994583}, "datetime": {"datetime": "2024-06-14 19:13:43", "elapsed": 18.296488, "delta": 0.010971}}
{"target": -183.36377390354556, "params": {"gamma": 3.0999028075571977, "prior": 5.933723461468355, "rate": 5.960308888277244}, "datetime": {"datetime": "2024-06-14 19:13:43", "elapsed": 18.306461, "delta": 0.009973}}
{"target": -327.5715358243781, "params": {"gamma": 6.645853962048891, "prior": 5.949068744119219, "rate": 8.680686431625688}, "datetime": {"datetime": "2024-06-14 19:13:43", "elapsed": 18.316463, "delta": 0.010002}}
{"target": -185.77706449005723, "params": {"gamma": 3.740404346465307, "prior": 2.51576369972239, "rate": 0.20584523782095557}, "datetime": {"datetime": "2024-06-14 19:13:43", "elapsed": 18.327434, "delta": 0.010971}}
{"target": -165.10050719371122, "params": {"gamma": 2.3276534032092466, "prior": 1.6998563265328037, "rate": 2.382365800220145}, "datetime": {"datetime": "2024-06-14 19:13:43", "elapsed": 18.337378, "delta": 0.009944}}
{"target": -345.725399967686, "params": {"gamma": 8.809750700685962, "prior": 7.342834380593291, "rate": 2.4346474261497026}, "datetime": {"datetime": "2024-06-14 19:13:43", "elapsed": 18.34835, "delta": 0.010972}}
{"target": -348.51324812447615, "params": {"gamma": 7.93074966579814, "prior": 5.486796446527367, "rate": 4.065455958505244}, "datetime": {"datetime": "2024-06-14 19:13:43", "elapsed": 18.35932, "delta": 0.01097}}
{"target": -150.81712214161257, "params": {"gamma": 2.0588168270783345, "prior": 3.1762456147307865, "rate": 0.7933859337786535}, "datetime": {"datetime": "2024-06-14 19:13:43", "elapsed": 18.369293, "delta": 0.009973}}
{"target": -158.1482494090281, "params": {"gamma": 2.3370014693504007, "prior": 6.690938823288298, "rate": 3.510850519903707}, "datetime": {"datetime": "2024-06-14 19:13:43", "elapsed": 18.379051, "delta": 0.009758}}
{"target": -370.67515926363933, "params": {"gamma": 8.197382234314826, "prior": 6.645433517996546, "rate": 6.243886676338824}, "datetime": {"datetime": "2024-06-14 19:13:43", "elapsed": 18.390022, "delta": 0.010971}}
{"target": -226.19938556717798, "params": {"gamma": 4.203358120025224, "prior": 6.485522600358745, "rate": 8.748431716742354}, "datetime": {"datetime": "2024-06-14 19:13:43", "elapsed": 18.399996, "delta": 0.009974}}
{"target": -196.20831880189493, "params": {"gamma": 3.1134152627298404, "prior": 3.493245069587299, "rate": 8.486942886026812}, "datetime": {"datetime": "2024-06-14 19:13:43", "elapsed": 18.409968, "delta": 0.009972}}
{"target": -229.50048968137236, "params": {"gamma": 5.2994112343421165, "prior": 9.24451206335198, "rate": 1.876341924396167}, "datetime": {"datetime": "2024-06-14 19:13:43", "elapsed": 18.420939, "delta": 0.010971}}
{"target": -151.77644048071647, "params": {"gamma": 2.149517739976633, "prior": 8.638341582747344, "rate": 0.9958043191607387}, "datetime": {"datetime": "2024-06-14 19:13:43", "elapsed": 18.430913, "delta": 0.009974}}
{"target": -233.66687897508652, "params": {"gamma": 4.717152090529902, "prior": 8.410095236823695, "rate": 6.937672299169015}, "datetime": {"datetime": "2024-06-14 19:13:43", "elapsed": 18.440886, "delta": 0.009973}}
{"target": -263.8826461136847, "params": {"gamma": 4.622952603534849, "prior": 1.7354650920880788, "rate": 5.508608102481257}, "datetime": {"datetime": "2024-06-14 19:13:43", "elapsed": 18.451857, "delta": 0.010971}}
{"target": -350.4000491066237, "params": {"gamma": 9.879798710108535, "prior": 8.071059692189767, "rate": 0.5502334117385274}, "datetime": {"datetime": "2024-06-14 19:13:43", "elapsed": 18.46183, "delta": 0.009973}}
{"target": -281.44846755918337, "params": {"gamma": 7.109572833570658, "prior": 9.768501118223332, "rate": 1.9345458616173425}, "datetime": {"datetime": "2024-06-14 19:13:43", "elapsed": 18.471803, "delta": 0.009973}}
{"target": -507.4634723292916, "params": {"gamma": 9.564120655508974, "prior": 2.4101209180042362, "rate": 8.194158826769996}, "datetime": {"datetime": "2024-06-14 19:13:43", "elapsed": 18.482774, "delta": 0.010971}}
{"target": -145.6107220029421, "params": {"gamma": 1.495037423229105, "prior": 5.18963690755791, "rate": 3.64078281665956}, "datetime": {"datetime": "2024-06-14 19:13:43", "elapsed": 18.492747, "delta": 0.009973}}
{"target": -361.31255375074, "params": {"gamma": 6.707204581969504, "prior": 1.8732591939869123, "rate": 5.7979036601822145}, "datetime": {"datetime": "2024-06-14 19:13:43", "elapsed": 18.50275, "delta": 0.010003}}
{"target": -151.94093541168752, "params": {"gamma": 0.02523445285068334, "prior": 4.313976928799815, "rate": 5.158416296806499}, "datetime": {"datetime": "2024-06-14 19:13:43", "elapsed": 18.513692, "delta": 0.010942}}
{"target": -312.3314631946712, "params": {"gamma": 8.378128201572276, "prior": 7.600612871411063, "rate": 0.9198244994151032}, "datetime": {"datetime": "2024-06-14 19:13:43", "elapsed": 18.523694, "delta": 0.010002}}
