{"target": -124.46591257765613, "params": {"gamma": 0.657282747746784, "prior": 4.544031005383378, "rate": 8.378448285186794}, "datetime": {"datetime": "2024-06-14 06:59:16", "elapsed": 12.214593, "delta": 0.009972}}
{"target": -137.1912227786515, "params": {"gamma": 1.7983467816471097, "prior": 0.48173470650167005, "rate": 7.327203051217345}, "datetime": {"datetime": "2024-06-14 06:59:16", "elapsed": 12.223569, "delta": 0.008976}}
{"target": -272.24843363140167, "params": {"gamma": 5.630844195010378, "prior": 0.5164002018474038, "rate": 9.848867755318958}, "datetime": {"datetime": "2024-06-14 06:59:16", "elapsed": 12.233542, "delta": 0.009973}}
{"target": -223.16126948080552, "params": {"gamma": 5.693754542449788, "prior": 5.893051062330274, "rate": 7.899276512022575}, "datetime": {"datetime": "2024-06-14 06:59:16", "elapsed": 12.243516, "delta": 0.009974}}
{"target": -323.70858367255175, "params": {"gamma": 9.026444072192401, "prior": 0.7014322896639713, "rate": 3.485783580678766}, "datetime": {"datetime": "2024-06-14 06:59:16", "elapsed": 12.25349, "delta": 0.009974}}
{"target": -186.46137160835926, "params": {"gamma": 2.001718538820858, "prior": 4.70500016338409, "rate": 0.9155879517141836}, "datetime": {"datetime": "2024-06-14 06:59:16", "elapsed": 12.263462, "delta": 0.009972}}
{"target": -121.31912343149429, "params": {"gamma": 0.6817896566229965, "prior": 3.07880538798981, "rate": 9.04354823246074}, "datetime": {"datetime": "2024-06-14 06:59:16", "elapsed": 12.272439, "delta": 0.008977}}
{"target": -782.2815426876973, "params": {"gamma": 9.755444236897075, "prior": 7.660828314655607, "rate": 0.008408388692528457}, "datetime": {"datetime": "2024-06-14 06:59:16", "elapsed": 12.282412, "delta": 0.009973}}
{"target": -278.65769339188404, "params": {"gamma": 7.3524203268081045, "prior": 0.3177258488517453, "rate": 1.6864882568683546}, "datetime": {"datetime": "2024-06-14 06:59:16", "elapsed": 12.292385, "delta": 0.009973}}
{"target": -139.60243972225402, "params": {"gamma": 0.10612956883701744, "prior": 1.576357287795895, "rate": 6.87536774608507}, "datetime": {"datetime": "2024-06-14 06:59:16", "elapsed": 12.301361, "delta": 0.008976}}
{"target": -243.36230249760152, "params": {"gamma": 7.020466736538225, "prior": 3.773666325556383, "rate": 7.312177051179447}, "datetime": {"datetime": "2024-06-14 06:59:16", "elapsed": 12.311334, "delta": 0.009973}}
{"target": -399.28812417632935, "params": {"gamma": 8.47319475004096, "prior": 1.3905393929713459, "rate": 0.8749857543012785}, "datetime": {"datetime": "2024-06-14 06:59:16", "elapsed": 12.321308, "delta": 0.009974}}
{"target": -200.81472829952574, "params": {"gamma": 3.7198426436825134, "prior": 4.098448011756622, "rate": 2.764765794383843}, "datetime": {"datetime": "2024-06-14 06:59:16", "elapsed": 12.331281, "delta": 0.009973}}
{"target": -254.43665492666736, "params": {"gamma": 7.5419276912585245, "prior": 3.2856833854686824, "rate": 8.001642974863078}, "datetime": {"datetime": "2024-06-14 06:59:16", "elapsed": 12.340257, "delta": 0.008976}}
{"target": -382.9562731131646, "params": {"gamma": 9.113172234382187, "prior": 5.180175174658037, "rate": 4.294790874776841}, "datetime": {"datetime": "2024-06-14 06:59:16", "elapsed": 12.350231, "delta": 0.009974}}
{"target": -119.47253193303203, "params": {"gamma": 0.9168564269132811, "prior": 2.8094053076691683, "rate": 8.866591497643999}, "datetime": {"datetime": "2024-06-14 06:59:16", "elapsed": 12.360204, "delta": 0.009973}}
{"target": -156.29908383402255, "params": {"gamma": 2.460197468394256, "prior": 6.24977493002166, "rate": 4.950578951032165}, "datetime": {"datetime": "2024-06-14 06:59:16", "elapsed": 12.370178, "delta": 0.009974}}
{"target": -167.12497438777734, "params": {"gamma": 0.9446309868062094, "prior": 9.003748460789474, "rate": 0.6786405537486796}, "datetime": {"datetime": "2024-06-14 06:59:16", "elapsed": 12.379153, "delta": 0.008975}}
{"target": -310.54206929600184, "params": {"gamma": 6.807342552340344, "prior": 9.722781585845405, "rate": 7.09402853441662}, "datetime": {"datetime": "2024-06-14 06:59:16", "elapsed": 12.389126, "delta": 0.009973}}
{"target": -169.40121373100445, "params": {"gamma": 3.2597612958632975, "prior": 0.8270576470431867, "rate": 5.797790733426387}, "datetime": {"datetime": "2024-06-14 06:59:16", "elapsed": 12.3991, "delta": 0.009974}}
{"target": -253.0929362914319, "params": {"gamma": 7.335436665512681, "prior": 3.6525757331700546, "rate": 6.537860973630521}, "datetime": {"datetime": "2024-06-14 06:59:16", "elapsed": 12.408076, "delta": 0.008976}}
{"target": -276.1841573306587, "params": {"gamma": 5.6663474905763875, "prior": 0.4376535322434657, "rate": 9.207023836034617}, "datetime": {"datetime": "2024-06-14 06:59:16", "elapsed": 12.418049, "delta": 0.009973}}
{"target": -167.31724520074474, "params": {"gamma": 3.80067802872134, "prior": 3.8560792455691626, "rate": 8.463712402100912}, "datetime": {"datetime": "2024-06-14 06:59:16", "elapsed": 12.428022, "delta": 0.009973}}
{"target": -199.01497631846595, "params": {"gamma": 4.843294742066144, "prior": 4.565581063206701, "rate": 6.398927296728125}, "datetime": {"datetime": "2024-06-14 06:59:16", "elapsed": 12.437996, "delta": 0.009974}}
{"target": -138.59270506555777, "params": {"gamma": 2.118501136597562, "prior": 5.330176857702819, "rate": 6.68601667563293}, "datetime": {"datetime": "2024-06-14 06:59:16", "elapsed": 12.446972, "delta": 0.008976}}
{"target": -244.3519455838962, "params": {"gamma": 5.388228223129067, "prior": 7.116735261329858, "rate": 5.985766383139416}, "datetime": {"datetime": "2024-06-14 06:59:16", "elapsed": 12.456945, "delta": 0.009973}}
{"target": -581.7371090163258, "params": {"gamma": 8.414213931463882, "prior": 8.803790551734272, "rate": 0.979294191124055}, "datetime": {"datetime": "2024-06-14 06:59:16", "elapsed": 12.466918, "delta": 0.009973}}
{"target": -143.71126959003536, "params": {"gamma": 2.5866813512262476, "prior": 0.6410959386512911, "rate": 2.289689785820543}, "datetime": {"datetime": "2024-06-14 06:59:16", "elapsed": 12.475894, "delta": 0.008976}}
{"target": -250.31050165226011, "params": {"gamma": 7.209446154413992, "prior": 0.8775978709769626, "rate": 1.5520400109873145}, "datetime": {"datetime": "2024-06-14 06:59:16", "elapsed": 12.485867, "delta": 0.009973}}
{"target": -362.7423201821638, "params": {"gamma": 7.707912505930211, "prior": 4.498819255990509, "rate": 2.9019172561855204}, "datetime": {"datetime": "2024-06-14 06:59:16", "elapsed": 12.495841, "delta": 0.009974}}
{"target": -495.8688274641831, "params": {"gamma": 6.440202978033387, "prior": 8.880690205028927, "rate": 0.3770167983173472}, "datetime": {"datetime": "2024-06-14 06:59:16", "elapsed": 12.505814, "delta": 0.009973}}
{"target": -259.65911764159927, "params": {"gamma": 6.931250350669296, "prior": 6.718652167826616, "rate": 8.680252973877208}, "datetime": {"datetime": "2024-06-14 06:59:16", "elapsed": 12.515406, "delta": 0.009592}}
{"target": -192.86524875773918, "params": {"gamma": 1.964524028194986, "prior": 7.156647032386309, "rate": 1.0399071814446177}, "datetime": {"datetime": "2024-06-14 06:59:16", "elapsed": 12.525379, "delta": 0.009973}}
{"target": -160.91748617535836, "params": {"gamma": 0.5672069415832846, "prior": 6.839880739152903, "rate": 0.22732450662229567}, "datetime": {"datetime": "2024-06-14 06:59:16", "elapsed": 12.535353, "delta": 0.009974}}
{"target": -122.6709249720283, "params": {"gamma": 0.4439465889324353, "prior": 0.46583492545602645, "rate": 4.65463967682463}, "datetime": {"datetime": "2024-06-14 06:59:16", "elapsed": 12.54489, "delta": 0.009537}}
{"target": -475.7510220155416, "params": {"gamma": 7.5789365730024665, "prior": 9.92277231453038, "rate": 2.2668503578440693}, "datetime": {"datetime": "2024-06-14 06:59:16", "elapsed": 12.553867, "delta": 0.008977}}
{"target": -304.5440252798347, "params": {"gamma": 7.924009872480004, "prior": 7.972934055378927, "rate": 8.72255485071234}, "datetime": {"datetime": "2024-06-14 06:59:16", "elapsed": 12.564394, "delta": 0.010527}}
{"target": -162.48521077544115, "params": {"gamma": 3.1432456469635857, "prior": 1.4159580458583867, "rate": 7.967219098261448}, "datetime": {"datetime": "2024-06-14 06:59:16", "elapsed": 12.574368, "delta": 0.009974}}
{"target": -396.16130097930517, "params": {"gamma": 5.675065913341395, "prior": 4.2050738753286225, "rate": 0.587358130182522}, "datetime": {"datetime": "2024-06-14 06:59:16", "elapsed": 12.584341, "delta": 0.009973}}
{"target": -144.55636005599456, "params": {"gamma": 0.06656219698395709, "prior": 3.2286322867153814, "rate": 2.715316394543481}, "datetime": {"datetime": "2024-06-14 06:59:16", "elapsed": 12.594314, "delta": 0.009973}}
{"target": -268.05157375424136, "params": {"gamma": 4.757760549476385, "prior": 9.243757460551764, "rate": 4.167428176120559}, "datetime": {"datetime": "2024-06-14 06:59:16", "elapsed": 12.604288, "delta": 0.009974}}
{"target": -199.0381182442743, "params": {"gamma": 2.8795508249232378, "prior": 8.467940679140908, "rate": 3.0701917238377807}, "datetime": {"datetime": "2024-06-14 06:59:16", "elapsed": 12.613263, "delta": 0.008975}}
{"target": -403.20277977243717, "params": {"gamma": 9.155924640477402, "prior": 8.647777248513803, "rate": 6.388553062492898}, "datetime": {"datetime": "2024-06-14 06:59:16", "elapsed": 12.623237, "delta": 0.009974}}
{"target": -263.69601233546183, "params": {"gamma": 7.477004260543885, "prior": 1.6574956757483044, "rate": 6.029139826844452}, "datetime": {"datetime": "2024-06-14 06:59:16", "elapsed": 12.63321, "delta": 0.009973}}
{"target": -204.00646409944298, "params": {"gamma": 3.2710458013785924, "prior": 4.937912730263073, "rate": 2.2546291955209634}, "datetime": {"datetime": "2024-06-14 06:59:16", "elapsed": 12.642681, "delta": 0.009471}}
{"target": -334.5993325579517, "params": {"gamma": 9.019674819004562, "prior": 4.174184394127804, "rate": 4.767863797915282}, "datetime": {"datetime": "2024-06-14 06:59:16", "elapsed": 12.652655, "delta": 0.009974}}
{"target": -259.1602066532661, "params": {"gamma": 7.214306126589714, "prior": 1.3097484479347787, "rate": 5.031147420462448}, "datetime": {"datetime": "2024-06-14 06:59:16", "elapsed": 12.662628, "delta": 0.009973}}
{"target": -423.8278601817953, "params": {"gamma": 8.131663485200999, "prior": 6.805684413213499, "rate": 3.2171856095203215}, "datetime": {"datetime": "2024-06-14 06:59:16", "elapsed": 12.672601, "delta": 0.009973}}
{"target": -291.67097191574527, "params": {"gamma": 7.106943301265306, "prior": 9.350952026926866, "rate": 8.947867607275063}, "datetime": {"datetime": "2024-06-14 06:59:16", "elapsed": 12.681578, "delta": 0.008977}}
{"target": -269.7030527852039, "params": {"gamma": 7.422605646963092, "prior": 2.7344015716166092, "rate": 3.725501581962508}, "datetime": {"datetime": "2024-06-14 06:59:16", "elapsed": 12.691551, "delta": 0.009973}}
{"target": -227.2867582194871, "params": {"gamma": 5.584620793314178, "prior": 3.872384078878505, "rate": 4.558012873762793}, "datetime": {"datetime": "2024-06-14 06:59:16", "elapsed": 12.701524, "delta": 0.009973}}
{"target": -323.52584487311884, "params": {"gamma": 7.935465915232807, "prior": 1.1290073078901408, "rate": 9.7299927856935}, "datetime": {"datetime": "2024-06-14 06:59:16", "elapsed": 12.711497, "delta": 0.009973}}
{"target": -295.64027274647407, "params": {"gamma": 7.046486043044176, "prior": 8.660805896925622, "rate": 7.817018859374792}, "datetime": {"datetime": "2024-06-14 06:59:16", "elapsed": 12.721471, "delta": 0.009974}}
{"target": -281.35843643827275, "params": {"gamma": 4.322404951375301, "prior": 9.430860319493826, "rate": 2.5316090848682102}, "datetime": {"datetime": "2024-06-14 06:59:16", "elapsed": 12.731444, "delta": 0.009973}}
{"target": -128.01208173914563, "params": {"gamma": 0.46343798347233406, "prior": 1.0590944796215522, "rate": 2.0081654825988586}, "datetime": {"datetime": "2024-06-14 06:59:16", "elapsed": 12.741417, "delta": 0.009973}}
{"target": -210.27576293293558, "params": {"gamma": 5.3912662829380675, "prior": 2.3136652704027774, "rate": 8.353372877694195}, "datetime": {"datetime": "2024-06-14 06:59:16", "elapsed": 12.750393, "delta": 0.008976}}
{"target": -142.63699454278702, "params": {"gamma": 0.09437753374081341, "prior": 7.484419195067273, "rate": 9.69010921459811}, "datetime": {"datetime": "2024-06-14 06:59:16", "elapsed": 12.760367, "delta": 0.009974}}
{"target": -151.83420748222548, "params": {"gamma": 2.6725649276388403, "prior": 6.275773513641307, "rate": 7.148081569821106}, "datetime": {"datetime": "2024-06-14 06:59:16", "elapsed": 12.770341, "delta": 0.009974}}
{"target": -157.8187043195578, "params": {"gamma": 3.270247221878411, "prior": 4.387953061937092, "rate": 7.344354052301767}, "datetime": {"datetime": "2024-06-14 06:59:16", "elapsed": 12.780313, "delta": 0.009972}}
{"target": -121.86903674439364, "params": {"gamma": 1.3123707216933747, "prior": 1.5224911326883348, "rate": 3.7546878211627708}, "datetime": {"datetime": "2024-06-14 06:59:16", "elapsed": 12.789289, "delta": 0.008976}}
{"target": -167.57014466186823, "params": {"gamma": 2.2848621090646066, "prior": 3.139165298421994, "rate": 1.5015067831741629}, "datetime": {"datetime": "2024-06-14 06:59:16", "elapsed": 12.799263, "delta": 0.009974}}
{"target": -144.3718044721704, "params": {"gamma": 0.9672639623300204, "prior": 9.168241908051757, "rate": 3.4595881913084976}, "datetime": {"datetime": "2024-06-14 06:59:16", "elapsed": 12.809236, "delta": 0.009973}}
{"target": -256.32867141777245, "params": {"gamma": 5.660096601094165, "prior": 5.51726777421675, "rate": 4.5041251239749585}, "datetime": {"datetime": "2024-06-14 06:59:16", "elapsed": 12.819209, "delta": 0.009973}}
{"target": -253.83227837961837, "params": {"gamma": 7.478457982844058, "prior": 3.3826069277300896, "rate": 8.924882091116567}, "datetime": {"datetime": "2024-06-14 06:59:16", "elapsed": 12.829183, "delta": 0.009974}}
{"target": -136.57148449639718, "params": {"gamma": 0.6812641898485671, "prior": 5.7914069679783005, "rate": 3.391186716940452}, "datetime": {"datetime": "2024-06-14 06:59:16", "elapsed": 12.838159, "delta": 0.008976}}
{"target": -164.38937996011518, "params": {"gamma": 3.6396395485330513, "prior": 3.120469153051323, "rate": 6.036259408805832}, "datetime": {"datetime": "2024-06-14 06:59:16", "elapsed": 12.848132, "delta": 0.009973}}
{"target": -148.76360739067422, "params": {"gamma": 2.34484488740895, "prior": 3.013631376935151, "rate": 2.8556604108589827}, "datetime": {"datetime": "2024-06-14 06:59:16", "elapsed": 12.858105, "delta": 0.009973}}
{"target": -147.2365008674335, "params": {"gamma": 0.06894765796633268, "prior": 3.779023243593732, "rate": 0.4899246143734417}, "datetime": {"datetime": "2024-06-14 06:59:16", "elapsed": 12.868079, "delta": 0.009974}}
{"target": -370.1945967416645, "params": {"gamma": 8.743887748991542, "prior": 7.246044050893931, "rate": 5.953475738168867}, "datetime": {"datetime": "2024-06-14 06:59:16", "elapsed": 12.878052, "delta": 0.009973}}
{"target": -328.88553830552405, "params": {"gamma": 7.439039471551036, "prior": 9.020831429535983, "rate": 6.941211543141177}, "datetime": {"datetime": "2024-06-14 06:59:16", "elapsed": 12.887028, "delta": 0.008976}}
{"target": -218.7605242783039, "params": {"gamma": 5.90797241496815, "prior": 1.3301665118919654, "rate": 4.046421932570356}, "datetime": {"datetime": "2024-06-14 06:59:16", "elapsed": 12.897031, "delta": 0.010003}}
{"target": -218.55452688701715, "params": {"gamma": 5.789933531360811, "prior": 6.068159221609412, "rate": 9.607817590001783}, "datetime": {"datetime": "2024-06-14 06:59:16", "elapsed": 12.910964, "delta": 0.013933}}
{"target": -167.62188314296245, "params": {"gamma": 2.0557977104341765, "prior": 6.665198142873705, "rate": 2.5650349774738426}, "datetime": {"datetime": "2024-06-14 06:59:16", "elapsed": 12.922932, "delta": 0.011968}}
{"target": -259.8218639971879, "params": {"gamma": 4.1781946638619605, "prior": 9.722309574884378, "rate": 3.31144322847995}, "datetime": {"datetime": "2024-06-14 06:59:16", "elapsed": 12.931908, "delta": 0.008976}}
{"target": -291.3552449851647, "params": {"gamma": 3.620869630590026, "prior": 4.451727639802938, "rate": 0.4076372311016773}, "datetime": {"datetime": "2024-06-14 06:59:16", "elapsed": 12.941882, "delta": 0.009974}}
{"target": -193.1615526138854, "params": {"gamma": 3.9863038148057774, "prior": 6.227952485750611, "rate": 5.7812217885154835}, "datetime": {"datetime": "2024-06-14 06:59:16", "elapsed": 12.951855, "delta": 0.009973}}
{"target": -362.2986037600548, "params": {"gamma": 8.734253865159978, "prior": 6.447746922370251, "rate": 5.570002490848631}, "datetime": {"datetime": "2024-06-14 06:59:16", "elapsed": 12.961828, "delta": 0.009973}}
{"target": -298.9629153353954, "params": {"gamma": 6.406830923563959, "prior": 0.5714061557653263, "rate": 9.961217364236495}, "datetime": {"datetime": "2024-06-14 06:59:16", "elapsed": 12.971802, "delta": 0.009974}}
{"target": -139.6016534765209, "params": {"gamma": 1.517902470777048, "prior": 4.242624178680719, "rate": 2.953219449966769}, "datetime": {"datetime": "2024-06-14 06:59:16", "elapsed": 12.980778, "delta": 0.008976}}
{"target": -284.9393590534198, "params": {"gamma": 5.7725917240622495, "prior": 5.6396541321313896, "rate": 3.5217911282734677}, "datetime": {"datetime": "2024-06-14 06:59:16", "elapsed": 12.990751, "delta": 0.009973}}
{"target": -353.14846166130013, "params": {"gamma": 9.73632101034662, "prior": 7.537589226886725, "rate": 8.898523787979325}, "datetime": {"datetime": "2024-06-14 06:59:16", "elapsed": 13.000724, "delta": 0.009973}}
{"target": -229.73671590364603, "params": {"gamma": 4.554646543417618, "prior": 6.0341202774811045, "rate": 4.135119304282028}, "datetime": {"datetime": "2024-06-14 06:59:16", "elapsed": 13.0097, "delta": 0.008976}}
{"target": -205.9290714867957, "params": {"gamma": 3.043247399234573, "prior": 5.302158650435817, "rate": 1.9104821219709982}, "datetime": {"datetime": "2024-06-14 06:59:16", "elapsed": 13.019675, "delta": 0.009975}}
{"target": -233.1288844510748, "params": {"gamma": 2.141803137630578, "prior": 5.156795441297785, "rate": 0.13950689289069168}, "datetime": {"datetime": "2024-06-14 06:59:16", "elapsed": 13.029647, "delta": 0.009972}}
{"target": -214.17289117359104, "params": {"gamma": 4.4554255996411385, "prior": 9.967336646400456, "rate": 8.227007128517913}, "datetime": {"datetime": "2024-06-14 06:59:16", "elapsed": 13.039621, "delta": 0.009974}}
{"target": -144.64206305965192, "params": {"gamma": 0.8355220043224125, "prior": 6.5933141384600535, "rate": 2.25470390737774}, "datetime": {"datetime": "2024-06-14 06:59:16", "elapsed": 13.049594, "delta": 0.009973}}
{"target": -122.3589860454454, "params": {"gamma": 1.1804405667721274, "prior": 3.551904901646867, "rate": 6.771991012506975}, "datetime": {"datetime": "2024-06-14 06:59:16", "elapsed": 13.05857, "delta": 0.008976}}
{"target": -262.8718935261437, "params": {"gamma": 5.508094840668205, "prior": 0.5352303689625977, "rate": 8.567685939201464}, "datetime": {"datetime": "2024-06-14 06:59:16", "elapsed": 13.068543, "delta": 0.009973}}
{"target": -317.91017538982413, "params": {"gamma": 4.776472641076445, "prior": 8.582084626197144, "rate": 1.8773524615382258}, "datetime": {"datetime": "2024-06-14 06:59:16", "elapsed": 13.078516, "delta": 0.009973}}
{"target": -130.75256510346065, "params": {"gamma": 0.8382489282379628, "prior": 5.208099654210848, "rate": 4.545992085303224}, "datetime": {"datetime": "2024-06-14 06:59:16", "elapsed": 13.087493, "delta": 0.008977}}
{"target": -139.55339797094624, "params": {"gamma": 0.13993009549948474, "prior": 0.4896104379385867, "rate": 0.9372347244778493}, "datetime": {"datetime": "2024-06-14 06:59:17", "elapsed": 13.098229, "delta": 0.010736}}
{"target": -126.84525909726864, "params": {"gamma": 0.4077341217427622, "prior": 1.839816766707203, "rate": 5.7557859749589015}, "datetime": {"datetime": "2024-06-14 06:59:17", "elapsed": 13.107205, "delta": 0.008976}}
{"target": -369.1967657467153, "params": {"gamma": 4.768049447045129, "prior": 9.79972035532993, "rate": 0.7083006030293989}, "datetime": {"datetime": "2024-06-14 06:59:17", "elapsed": 13.117179, "delta": 0.009974}}
{"target": -297.07811549408893, "params": {"gamma": 8.67428890537549, "prior": 5.827345843187369, "rate": 8.764878981579999}, "datetime": {"datetime": "2024-06-14 06:59:17", "elapsed": 13.127184, "delta": 0.010005}}
{"target": -120.52039912950734, "params": {"gamma": 0.5580803899209963, "prior": 1.0816198620738768, "rate": 8.631084082751796}, "datetime": {"datetime": "2024-06-14 06:59:17", "elapsed": 13.137125, "delta": 0.009941}}
{"target": -463.29739284555404, "params": {"gamma": 5.7042698804473675, "prior": 5.629088630789569, "rate": 0.13111366674830982}, "datetime": {"datetime": "2024-06-14 06:59:17", "elapsed": 13.147099, "delta": 0.009974}}
{"target": -251.93326555948468, "params": {"gamma": 6.422885788360278, "prior": 8.491878366232083, "rate": 9.96126578479924}, "datetime": {"datetime": "2024-06-14 06:59:17", "elapsed": 13.157072, "delta": 0.009973}}
{"target": -189.39306895309255, "params": {"gamma": 4.3301149523829, "prior": 3.182949555977844, "rate": 4.0482984794974595}, "datetime": {"datetime": "2024-06-14 06:59:17", "elapsed": 13.166048, "delta": 0.008976}}
{"target": -136.99298722136996, "params": {"gamma": 2.2810229380137588, "prior": 2.3383759888621203, "rate": 4.337002443043325}, "datetime": {"datetime": "2024-06-14 06:59:17", "elapsed": 13.176021, "delta": 0.009973}}
{"target": -265.20693745147065, "params": {"gamma": 6.845710542660374, "prior": 6.641299157065754, "rate": 7.725129192452083}, "datetime": {"datetime": "2024-06-14 06:59:17", "elapsed": 13.185995, "delta": 0.009974}}
{"target": -142.10288661600444, "params": {"gamma": 2.1689300660171678, "prior": 7.314193149454935, "rate": 7.952743020363484}, "datetime": {"datetime": "2024-06-14 06:59:17", "elapsed": 13.195968, "delta": 0.009973}}
