{"target": -168.56421495418118, "params": {"p_ai": 7.939406449739636, "p_al": 3.3064511453666356, "p_ex": 5.116098826251414, "prior": 8.350414978664054, "rate": 9.704609444607442}, "datetime": {"datetime": "2024-06-12 21:00:39", "elapsed": 138.545589, "delta": 0.118883}}
{"target": -104.74472828053108, "params": {"p_ai": 1.7855415885478882, "p_al": 8.513224576444088, "p_ex": 9.8839813130555, "prior": 4.505169697198107, "rate": 3.0802934792591}, "datetime": {"datetime": "2024-06-12 21:00:39", "elapsed": 138.66471, "delta": 0.119121}}
{"target": -170.55407152225328, "params": {"p_ai": 9.124683586378131, "p_al": 2.199352444759846, "p_ex": 9.88264881287327, "prior": 4.016014561459776, "rate": 0.9232440433930157}, "datetime": {"datetime": "2024-06-12 21:00:39", "elapsed": 138.783253, "delta": 0.118543}}
{"target": -138.76958285586338, "params": {"p_ai": 1.368611993565815, "p_al": 4.771246207156717, "p_ex": 0.610416790815096, "prior": 2.519602463648642, "rate": 7.950227595281238}, "datetime": {"datetime": "2024-06-12 21:00:39", "elapsed": 138.906991, "delta": 0.123738}}
{"target": -220.4343734493022, "params": {"p_ai": 7.853533926637729, "p_al": 8.108387517165163, "p_ex": 0.4635818527703097, "prior": 7.664723550746957, "rate": 8.068658621836198}, "datetime": {"datetime": "2024-06-12 21:00:39", "elapsed": 139.034335, "delta": 0.127344}}
{"target": -129.88427187807727, "params": {"p_ai": 0.1614807233633352, "p_al": 3.9138880156429727, "p_ex": 8.655905140222567, "prior": 9.58478787486283, "rate": 9.195999821230458}, "datetime": {"datetime": "2024-06-12 21:00:39", "elapsed": 139.155677, "delta": 0.121342}}
{"target": -127.58924847140415, "params": {"p_ai": 5.470332354994583, "p_al": 3.0999028075571977, "p_ex": 5.8930606960830385, "prior": 5.960308888277244, "rate": 6.645853962048891}, "datetime": {"datetime": "2024-06-12 21:00:39", "elapsed": 139.275026, "delta": 0.119349}}
{"target": -261.7079766877087, "params": {"p_ai": 5.908559431560412, "p_al": 8.680686431625688, "p_ex": 3.740404346465307, "prior": 2.440921336719614, "rate": 0.20584523782095557}, "datetime": {"datetime": "2024-06-12 21:00:40", "elapsed": 139.393595, "delta": 0.118569}}
{"target": -117.8505803022612, "params": {"p_ai": 2.3276534032092466, "p_al": 1.6168548897981316, "p_ex": 2.382365800220145, "prior": 8.809750700685962, "rate": 7.316262724399225}, "datetime": {"datetime": "2024-06-12 21:00:40", "elapsed": 139.512729, "delta": 0.119134}}
{"target": -122.08964529642937, "params": {"p_ai": 2.4346474261497026, "p_al": 7.93074966579814, "p_ex": 5.441664410992642, "prior": 4.065455958505244, "rate": 2.0588168270783345}, "datetime": {"datetime": "2024-06-12 21:00:40", "elapsed": 139.631894, "delta": 0.119165}}
{"target": -124.3321537790285, "params": {"p_ai": 3.108008070878094, "p_al": 0.7933859337786535, "p_ex": 2.3370014693504007, "prior": 6.6578482115211814, "rate": 3.510850519903707}, "datetime": {"datetime": "2024-06-12 21:00:40", "elapsed": 139.750172, "delta": 0.118278}}
{"target": -171.42005347014802, "params": {"p_ai": 8.197382234314826, "p_al": 6.611887853176512, "p_ex": 6.243886676338824, "prior": 4.203358120025224, "rate": 6.450377826362334}, "datetime": {"datetime": "2024-06-12 21:00:40", "elapsed": 139.870849, "delta": 0.120677}}
{"target": -194.52672053813464, "params": {"p_ai": 8.748431716742354, "p_al": 3.1134152627298404, "p_ex": 3.4281775202831715, "prior": 8.486942886026812, "rate": 5.2994112343421165}, "datetime": {"datetime": "2024-06-12 21:00:40", "elapsed": 139.989452, "delta": 0.118603}}
{"target": -222.96304463240375, "params": {"p_ai": 9.2369571839855, "p_al": 1.876341924396167, "p_ex": 2.149517739976633, "prior": 8.624724998574818, "rate": 0.9958043191607387}, "datetime": {"datetime": "2024-06-12 21:00:40", "elapsed": 140.108815, "delta": 0.119363}}
{"target": -138.8987750696622, "params": {"p_ai": 4.717152090529902, "p_al": 8.394196189191932, "p_ex": 6.937672299169015, "prior": 4.622952603534849, "rate": 1.6528197430089593}, "datetime": {"datetime": "2024-06-12 21:00:40", "elapsed": 140.228062, "delta": 0.119247}}
{"target": -155.52628179786586, "params": {"p_ai": 5.508608102481257, "p_al": 9.879798710108535, "p_ex": 8.051770289111666, "prior": 0.5502334117385274, "rate": 7.109572833570658}, "datetime": {"datetime": "2024-06-12 21:00:41", "elapsed": 140.346984, "delta": 0.118922}}
{"target": -204.76380363870686, "params": {"p_ai": 9.766186129405565, "p_al": 1.9345458616173425, "p_ex": 9.564120655508974, "prior": 2.3342221271842782, "rate": 8.194158826769996}, "datetime": {"datetime": "2024-06-12 21:00:41", "elapsed": 140.466544, "delta": 0.11956}}
{"target": -125.46011006977056, "params": {"p_ai": 1.495037423229105, "p_al": 5.141533276633489, "p_ex": 3.64078281665956, "prior": 6.707204581969504, "rate": 1.7919917859267813}, "datetime": {"datetime": "2024-06-12 21:00:41", "elapsed": 140.585527, "delta": 0.118983}}
{"target": -139.71642042505243, "params": {"p_ai": 5.7979036601822145, "p_al": 0.02523445285068334, "p_ex": 4.257116698087814, "prior": 5.158416296806499, "rate": 8.378128201572276}, "datetime": {"datetime": "2024-06-12 21:00:41", "elapsed": 140.704049, "delta": 0.118522}}
{"target": -157.39989429347236, "params": {"p_ai": 7.5766190001251745, "p_al": 0.9198244994151032, "p_ex": 6.250711640076693, "prior": 6.600368859135195, "rate": 7.340553331594224}, "datetime": {"datetime": "2024-06-12 21:00:41", "elapsed": 140.822638, "delta": 0.118589}}
{"target": -127.67865427276644, "params": {"p_ai": 5.54904548691878, "p_al": 1.0744477434963486, "p_ex": 6.403837458691426, "prior": 6.705637999047665, "rate": 2.501819808528308}, "datetime": {"datetime": "2024-06-12 21:00:41", "elapsed": 140.941511, "delta": 0.118873}}
{"target": -179.29246579511474, "params": {"p_ai": 9.48280432589309, "p_al": 4.527038501594155, "p_ex": 8.667289673190226, "prior": 6.5311578451151915, "rate": 6.165734558182161}, "datetime": {"datetime": "2024-06-12 21:00:41", "elapsed": 141.05962, "delta": 0.118109}}
{"target": -118.69481613030798, "params": {"p_ai": 5.494459397091557, "p_al": 6.4760270347112066, "p_ex": 8.443508165581074, "prior": 7.76901135554614, "rate": 6.726602036977152}, "datetime": {"datetime": "2024-06-12 21:00:41", "elapsed": 141.179503, "delta": 0.119883}}
{"target": -120.01369705494294, "params": {"p_ai": 0.31942149138614195, "p_al": 0.08793902853284469, "p_ex": 3.5860179122930487, "prior": 0.30730757815686666, "rate": 5.178956684935004}, "datetime": {"datetime": "2024-06-12 21:00:41", "elapsed": 141.298883, "delta": 0.11938}}
{"target": -157.14158843698988, "params": {"p_ai": 0.036535454134401193, "p_al": 4.80782326402619, "p_ex": 3.7767085158141884, "prior": 9.57468291548391, "rate": 0.5594796463757505}, "datetime": {"datetime": "2024-06-12 21:00:42", "elapsed": 141.418111, "delta": 0.119228}}
{"target": -151.74628309384204, "params": {"p_ai": 0.6528445415627977, "p_al": 8.492816205896958, "p_ex": 7.95278352446082, "prior": 9.35852567556453, "rate": 0.7832882493134576}, "datetime": {"datetime": "2024-06-12 21:00:42", "elapsed": 141.542294, "delta": 0.124183}}
{"target": -154.0608699907357, "params": {"p_ai": 6.201377645038051, "p_al": 5.144534332910894, "p_ex": 3.2164188746044267, "prior": 6.108503694482293, "rate": 9.180859807063097}, "datetime": {"datetime": "2024-06-12 21:00:42", "elapsed": 141.681552, "delta": 0.139258}}
{"target": -119.43520131463609, "params": {"p_ai": 0.6265924993176286, "p_al": 6.597601675698143, "p_ex": 2.8524298927798304, "prior": 4.05507146708443, "rate": 8.497095650065528}, "datetime": {"datetime": "2024-06-12 21:00:42", "elapsed": 141.824408, "delta": 0.142856}}
{"target": -112.95821435401908, "params": {"p_ai": 1.2181733242743553, "p_al": 8.429867764940202, "p_ex": 4.043023200888809, "prior": 9.838890899842271, "rate": 9.180238599391384}, "datetime": {"datetime": "2024-06-12 21:00:42", "elapsed": 141.943004, "delta": 0.118596}}
{"target": -130.94815455078646, "params": {"p_ai": 4.077336153001339, "p_al": 2.9799051606075775, "p_ex": 2.210242885260159, "prior": 2.178141660255354, "rate": 7.687611904401776}, "datetime": {"datetime": "2024-06-12 21:00:42", "elapsed": 142.064756, "delta": 0.121752}}
{"target": -224.48610197988296, "params": {"p_ai": 7.554669376147851, "p_al": 9.782554060479685, "p_ex": 0.8340144091003872, "prior": 2.20261362016969, "rate": 9.837125648386799}, "datetime": {"datetime": "2024-06-12 21:00:42", "elapsed": 142.18798, "delta": 0.123224}}
{"target": -145.7628959782204, "params": {"p_ai": 5.464197414132971, "p_al": 5.537150485250019, "p_ex": 3.4883611819824956, "prior": 7.038160573017834, "rate": 4.998138049601288}, "datetime": {"datetime": "2024-06-12 21:00:42", "elapsed": 142.311363, "delta": 0.123383}}
{"target": -180.6404625753335, "params": {"p_ai": 4.695463118034527, "p_al": 5.4981786729584625, "p_ex": 0.25277683452447997, "prior": 5.313075133078175, "rate": 1.3305126437765193}, "datetime": {"datetime": "2024-06-12 21:00:43", "elapsed": 142.434567, "delta": 0.123204}}
{"target": -108.42707991951073, "params": {"p_ai": 4.589832013123402, "p_al": 0.8236297527845414, "p_ex": 8.88972752955972, "prior": 3.7848776219177442, "rate": 4.304116749507192}, "datetime": {"datetime": "2024-06-12 21:00:43", "elapsed": 142.556935, "delta": 0.122368}}
{"target": -156.979721574685, "params": {"p_ai": 7.42086975507282, "p_al": 1.5585894193146912, "p_ex": 5.750661895522346, "prior": 5.110966459574796, "rate": 3.6836674731700536}, "datetime": {"datetime": "2024-06-12 21:00:43", "elapsed": 142.679114, "delta": 0.122179}}
{"target": -156.2419892171518, "params": {"p_ai": 6.833671828543643, "p_al": 7.9450675417095376, "p_ex": 4.677377247445764, "prior": 6.273883706867163, "rate": 9.125478629073205}, "datetime": {"datetime": "2024-06-12 21:00:43", "elapsed": 142.802127, "delta": 0.123013}}
{"target": -118.76657619523824, "params": {"p_ai": 4.570261651531608, "p_al": 1.3510644515976318, "p_ex": 5.432787710600775, "prior": 4.300850527874765, "rate": 7.6833624868607115}, "datetime": {"datetime": "2024-06-12 21:00:43", "elapsed": 142.925064, "delta": 0.122937}}
{"target": -175.7128988607491, "params": {"p_ai": 7.9769484337322085, "p_al": 1.719287872743418, "p_ex": 4.379951424269699, "prior": 2.6689431273447055, "rate": 9.54693755681465}, "datetime": {"datetime": "2024-06-12 21:00:43", "elapsed": 143.047197, "delta": 0.122133}}
{"target": -198.05453113520986, "params": {"p_ai": 9.368784466603346, "p_al": 4.344053171062984, "p_ex": 4.310675867474359, "prior": 7.465025027815888, "rate": 5.960163519806027}, "datetime": {"datetime": "2024-06-12 21:00:43", "elapsed": 143.17043, "delta": 0.123233}}
{"target": -96.19844318638947, "params": {"p_ai": 2.5914507949566294, "p_al": 4.832217482249796, "p_ex": 8.901193658424264, "prior": 6.815859364103486, "rate": 5.631702156360547}, "datetime": {"datetime": "2024-06-12 21:00:43", "elapsed": 143.293102, "delta": 0.122672}}
{"target": -192.7476582407634, "params": {"p_ai": 8.767662490335308, "p_al": 2.763487550262558, "p_ex": 9.968477906522146, "prior": 1.9991984933975355, "rate": 8.398095485642296}, "datetime": {"datetime": "2024-06-12 21:00:44", "elapsed": 143.415785, "delta": 0.122683}}
{"target": -171.76685392379486, "params": {"p_ai": 7.423677265955892, "p_al": 8.640675120134116, "p_ex": 5.849590827242212, "prior": 2.324580257505538, "rate": 4.835715793215803}, "datetime": {"datetime": "2024-06-12 21:00:44", "elapsed": 143.538191, "delta": 0.122406}}
{"target": -232.19176766407273, "params": {"p_ai": 8.623889760611993, "p_al": 7.9782472422770105, "p_ex": 1.7359318579858802, "prior": 9.922107078907667, "rate": 0.30509199963247896}, "datetime": {"datetime": "2024-06-12 21:00:44", "elapsed": 143.660863, "delta": 0.122672}}
{"target": -129.8517782353902, "params": {"p_ai": 3.9270919843333023, "p_al": 7.544258751962611, "p_ex": 9.737423089296351, "prior": 1.4221242946982606, "rate": 9.240481445983646}, "datetime": {"datetime": "2024-06-12 21:00:44", "elapsed": 143.784677, "delta": 0.123814}}
{"target": -124.35234446152805, "params": {"p_ai": 2.1910205215764544, "p_al": 5.526832829595483, "p_ex": 4.328641890073879, "prior": 8.080742990009732, "rate": 1.3865572395397008}, "datetime": {"datetime": "2024-06-12 21:00:44", "elapsed": 143.906485, "delta": 0.121808}}
{"target": -123.94132142005692, "params": {"p_ai": 1.909508341737192, "p_al": 5.6755575331194175, "p_ex": 2.1003068821380864, "prior": 8.800046492896152, "rate": 5.783951692141619}, "datetime": {"datetime": "2024-06-12 21:00:44", "elapsed": 144.030155, "delta": 0.12367}}
{"target": -225.78615939355072, "params": {"p_ai": 9.11763929464358, "p_al": 7.643651482024123, "p_ex": 4.749956447996781, "prior": 6.924390576051481, "rate": 0.5989622103785784}, "datetime": {"datetime": "2024-06-12 21:00:44", "elapsed": 144.152938, "delta": 0.122783}}
{"target": -236.18013726548818, "params": {"p_ai": 6.3129540540322955, "p_al": 9.840488596571019, "p_ex": 1.1947254178184115, "prior": 4.516215172846799, "rate": 0.186320913059088}, "datetime": {"datetime": "2024-06-12 21:00:44", "elapsed": 144.274612, "delta": 0.121674}}
{"target": -158.3208420104702, "params": {"p_ai": 6.881590456377558, "p_al": 0.19520689181535128, "p_ex": 4.553266930065085, "prior": 2.192284951246659, "rate": 8.072347745473287}, "datetime": {"datetime": "2024-06-12 21:00:45", "elapsed": 144.399049, "delta": 0.124437}}
{"target": -150.13274132117706, "params": {"p_ai": 6.45672843017831, "p_al": 6.663022020111727, "p_ex": 5.49936117147423, "prior": 2.505213584343981, "rate": 8.157094551477481}, "datetime": {"datetime": "2024-06-12 21:00:45", "elapsed": 144.521721, "delta": 0.122672}}
{"target": -179.56219521774912, "params": {"p_ai": 8.801319434535824, "p_al": 4.383732672865362, "p_ex": 5.863711820741532, "prior": 6.243379942629359, "rate": 7.2763279918173565}, "datetime": {"datetime": "2024-06-12 21:00:45", "elapsed": 144.643398, "delta": 0.121677}}
{"target": -130.33958743617052, "params": {"p_ai": 5.909446588136741, "p_al": 8.066169168171944, "p_ex": 8.241056701548581, "prior": 5.56594710415588, "rate": 8.829655088096155}, "datetime": {"datetime": "2024-06-12 21:00:45", "elapsed": 144.767045, "delta": 0.123647}}
{"target": -106.61121224372668, "params": {"p_ai": 2.030183481832614, "p_al": 4.136740721638024, "p_ex": 6.301468383632087, "prior": 1.026624399024025, "rate": 7.186717564230962}, "datetime": {"datetime": "2024-06-12 21:00:45", "elapsed": 144.88972, "delta": 0.122675}}
{"target": -132.32344763038776, "params": {"p_ai": 4.797353694402805, "p_al": 3.7905593772416504, "p_ex": 4.519015226631978, "prior": 3.6764939669400882, "rate": 2.396140900867299}, "datetime": {"datetime": "2024-06-12 21:00:45", "elapsed": 145.008405, "delta": 0.118685}}
{"target": -298.2458071619851, "params": {"p_ai": 9.158808384961374, "p_al": 7.993823586812164, "p_ex": 3.3400662738532176, "prior": 1.691347664222673, "rate": 1.1671456351759943}, "datetime": {"datetime": "2024-06-12 21:00:45", "elapsed": 145.127855, "delta": 0.11945}}
{"target": -226.9908106176161, "params": {"p_ai": 7.953533147920134, "p_al": 7.020580256606766, "p_ex": 0.7532513187567459, "prior": 1.166823302672875, "rate": 9.138126532938669}, "datetime": {"datetime": "2024-06-12 21:00:45", "elapsed": 145.246048, "delta": 0.118193}}
{"target": -228.08300377357367, "params": {"p_ai": 8.697844167744172, "p_al": 2.920232491930596, "p_ex": 1.0208976946159853, "prior": 8.089104924003614, "rate": 0.2627104683380913}, "datetime": {"datetime": "2024-06-12 21:00:46", "elapsed": 145.365236, "delta": 0.119188}}
{"target": -141.8333398288692, "params": {"p_ai": 6.363840611525337, "p_al": 1.6017100608988064, "p_ex": 6.9165526625765725, "prior": 1.6810289418629691, "rate": 3.491138224246637}, "datetime": {"datetime": "2024-06-12 21:00:46", "elapsed": 145.484011, "delta": 0.118775}}
{"target": -127.88868395282886, "params": {"p_ai": 1.2217470762698304, "p_al": 2.8715832231230745, "p_ex": 1.2918445291131877, "prior": 4.634398325740474, "rate": 6.494427895595687}, "datetime": {"datetime": "2024-06-12 21:00:46", "elapsed": 145.603106, "delta": 0.119095}}
{"target": -107.65205578383596, "params": {"p_ai": 3.945711176055152, "p_al": 9.529632056090795, "p_ex": 7.5488990420267905, "prior": 5.444208932057693, "rate": 5.635665396494203}, "datetime": {"datetime": "2024-06-12 21:00:46", "elapsed": 145.722883, "delta": 0.119777}}
{"target": -144.07916679208913, "params": {"p_ai": 3.2067189291281246, "p_al": 5.1256851497310105, "p_ex": 7.578359160217539, "prior": 0.019094445132394236, "rate": 4.806438381858799}, "datetime": {"datetime": "2024-06-12 21:00:46", "elapsed": 145.843102, "delta": 0.120219}}
{"target": -219.30461618363537, "params": {"p_ai": 9.041661253802573, "p_al": 8.49515263986085, "p_ex": 2.210733350081861, "prior": 7.362628184334368, "rate": 5.849151492900638}, "datetime": {"datetime": "2024-06-12 21:00:46", "elapsed": 145.962782, "delta": 0.11968}}
{"target": -144.63899530514638, "params": {"p_ai": 5.255835607120612, "p_al": 6.614783683990001, "p_ex": 6.321044057567672, "prior": 0.7151025607260231, "rate": 4.169005514761933}, "datetime": {"datetime": "2024-06-12 21:00:46", "elapsed": 146.088446, "delta": 0.125664}}
{"target": -115.29119869569199, "params": {"p_ai": 1.9937729109275177, "p_al": 7.006133824526521, "p_ex": 2.733830011362588, "prior": 4.36475792464087, "rate": 8.216434846465544}, "datetime": {"datetime": "2024-06-12 21:00:46", "elapsed": 146.211559, "delta": 0.123113}}
{"target": -205.90586648664856, "params": {"p_ai": 7.830846811027753, "p_al": 8.541747338132712, "p_ex": 4.791059397936408, "prior": 9.265020905257298, "rate": 0.31651532588659786}, "datetime": {"datetime": "2024-06-12 21:00:47", "elapsed": 146.337223, "delta": 0.125664}}
{"target": -178.9622722744221, "params": {"p_ai": 9.382894180194201, "p_al": 3.486939297026049, "p_ex": 8.128417943848676, "prior": 9.483262648120892, "rate": 8.918248902749156}, "datetime": {"datetime": "2024-06-12 21:00:47", "elapsed": 146.456807, "delta": 0.119584}}
{"target": -155.19526944542116, "params": {"p_ai": 6.980493154617331, "p_al": 6.702161211463432, "p_ex": 9.735806149757353, "prior": 4.651622241751715, "rate": 1.041066599814464}, "datetime": {"datetime": "2024-06-12 21:00:47", "elapsed": 146.57549, "delta": 0.118683}}
{"target": -148.31774176236985, "params": {"p_ai": 0.24245002232675625, "p_al": 8.813120742542266, "p_ex": 0.2628840047433559, "prior": 9.508329064990603, "rate": 5.699606506289468}, "datetime": {"datetime": "2024-06-12 21:00:47", "elapsed": 146.694853, "delta": 0.119363}}
{"target": -140.43680103173517, "params": {"p_ai": 6.576021749131163, "p_al": 9.09179504001318, "p_ex": 9.019620872778102, "prior": 3.9091594587470984, "rate": 6.125782177941578}, "datetime": {"datetime": "2024-06-12 21:00:47", "elapsed": 146.818447, "delta": 0.123594}}
{"target": -185.38998182143735, "params": {"p_ai": 5.218831682013069, "p_al": 8.17059517218126, "p_ex": 0.5627719463722749, "prior": 6.270127500862848, "rate": 4.297954011811012}, "datetime": {"datetime": "2024-06-12 21:00:47", "elapsed": 146.941256, "delta": 0.122809}}
{"target": -216.16879820096256, "params": {"p_ai": 8.609447038019638, "p_al": 6.878977413745697, "p_ex": 2.6109850302264275, "prior": 1.3432532705529092, "rate": 5.413875453092533}, "datetime": {"datetime": "2024-06-12 21:00:47", "elapsed": 147.063584, "delta": 0.122328}}
{"target": -179.14927768582623, "params": {"p_ai": 9.819012120756634, "p_al": 3.499722646397456, "p_ex": 9.954122077242438, "prior": 5.181234164226793, "rate": 1.904182550810897}, "datetime": {"datetime": "2024-06-12 21:00:47", "elapsed": 147.19055, "delta": 0.126966}}
{"target": -146.59632441679548, "params": {"p_ai": 0.30712590686761615, "p_al": 3.0309276516409356, "p_ex": 0.35174656833291573, "prior": 5.900921198720781, "rate": 7.0165037393658105}, "datetime": {"datetime": "2024-06-12 21:00:48", "elapsed": 147.31422, "delta": 0.12367}}
{"target": -196.621985095282, "params": {"p_ai": 6.700208631568559, "p_al": 3.562742211934341, "p_ex": 1.1173356401792924, "prior": 6.413560588425594, "rate": 0.6329099655243793}, "datetime": {"datetime": "2024-06-12 21:00:48", "elapsed": 147.437249, "delta": 0.123029}}
{"target": -210.39241576224256, "params": {"p_ai": 6.443987648198351, "p_al": 8.353053532336451, "p_ex": 0.5725332547723604, "prior": 3.5593410688867464, "rate": 6.187575523511704}, "datetime": {"datetime": "2024-06-12 21:00:48", "elapsed": 147.560323, "delta": 0.123074}}
{"target": -141.28441149919095, "params": {"p_ai": 6.38636927872118, "p_al": 1.9801894893735854, "p_ex": 6.234005158129913, "prior": 5.575848835909828, "rate": 8.85729191957795}, "datetime": {"datetime": "2024-06-12 21:00:48", "elapsed": 147.682999, "delta": 0.122676}}
{"target": -182.73351329352735, "params": {"p_ai": 6.97055744473302, "p_al": 3.643266741262771, "p_ex": 2.254250283076692, "prior": 6.109480458106601, "rate": 2.556398171689667}, "datetime": {"datetime": "2024-06-12 21:00:48", "elapsed": 147.804984, "delta": 0.121985}}
{"target": -124.39389503351583, "params": {"p_ai": 0.7590572493322048, "p_al": 8.227198340682186, "p_ex": 2.280295035026282, "prior": 3.796148655644795, "rate": 8.465027322047543}, "datetime": {"datetime": "2024-06-12 21:00:48", "elapsed": 147.929129, "delta": 0.124145}}
{"target": -110.64736140667834, "params": {"p_ai": 1.0324033580838927, "p_al": 9.693928441604834, "p_ex": 5.228714566158481, "prior": 6.733691686640446, "rate": 7.315572776262529}, "datetime": {"datetime": "2024-06-12 21:00:48", "elapsed": 148.050313, "delta": 0.121184}}
{"target": -190.94733626722194, "params": {"p_ai": 9.809807071293001, "p_al": 5.528017017073172, "p_ex": 6.9975437198086, "prior": 6.827180526705036, "rate": 6.30270117869245}, "datetime": {"datetime": "2024-06-12 21:00:48", "elapsed": 148.170414, "delta": 0.120101}}
