{"target": -142.57163489855873, "params": {"p_ai": 0.04723985982973837, "p_al": 7.958190982824141, "p_ex": 2.159110276007062, "prior": 9.867241781530184, "rate": 9.441516513225706}, "datetime": {"datetime": "2024-06-12 22:27:30", "elapsed": 164.854227, "delta": 0.114202}}
{"target": -153.85004370718875, "params": {"p_ai": 5.851577204928747, "p_al": 1.6055163944341313, "p_ex": 7.034313758009502, "prior": 4.175120101548917, "rate": 4.668222528264901}, "datetime": {"datetime": "2024-06-12 22:27:30", "elapsed": 164.967599, "delta": 0.113372}}
{"target": -129.33189426296215, "params": {"p_ai": 3.0503783593494265, "p_al": 8.691784983397337, "p_ex": 4.694730841191128, "prior": 8.06176824468246, "rate": 8.068186441818202}, "datetime": {"datetime": "2024-06-12 22:27:30", "elapsed": 165.080803, "delta": 0.113204}}
{"target": -161.2088592857368, "params": {"p_ai": 5.570707065746649, "p_al": 3.8618893998999058, "p_ex": 6.87097682961531, "prior": 6.809352847294272, "rate": 1.8202456075422737}, "datetime": {"datetime": "2024-06-12 22:27:30", "elapsed": 165.194499, "delta": 0.113696}}
{"target": -211.55511385608534, "params": {"p_ai": 7.641746500371065, "p_al": 1.6526003053425689, "p_ex": 3.2417494592425355, "prior": 8.702238530429504, "rate": 5.717108934550803}, "datetime": {"datetime": "2024-06-12 22:27:30", "elapsed": 165.307198, "delta": 0.112699}}
{"target": -115.61853384525023, "params": {"p_ai": 2.5667353379030313, "p_al": 9.23932009155619, "p_ex": 6.606113728339876, "prior": 5.545550824057651, "rate": 9.933210616589482}, "datetime": {"datetime": "2024-06-12 22:27:30", "elapsed": 165.442955, "delta": 0.135757}}
{"target": -266.73533994987946, "params": {"p_ai": 8.455687753580412, "p_al": 6.772250851531259, "p_ex": 0.8182235485602576, "prior": 3.6450932454243863, "rate": 5.022181600633578}, "datetime": {"datetime": "2024-06-12 22:27:31", "elapsed": 165.566946, "delta": 0.123991}}
{"target": -163.22114830369387, "params": {"p_ai": 6.1769374633694545, "p_al": 6.399141051907529, "p_ex": 7.251423345425811, "prior": 9.102478473258811, "rate": 5.68320259597498}, "datetime": {"datetime": "2024-06-12 22:27:31", "elapsed": 165.682272, "delta": 0.115326}}
{"target": -239.14208544367045, "params": {"p_ai": 9.802709051425852, "p_al": 1.132867148596149, "p_ex": 4.657323807567154, "prior": 1.0176245468442442, "rate": 7.424757290371788}, "datetime": {"datetime": "2024-06-12 22:27:31", "elapsed": 165.803964, "delta": 0.121692}}
{"target": -222.81465561677192, "params": {"p_ai": 8.068449360272416, "p_al": 5.2320457837101975, "p_ex": 4.325879597688983, "prior": 0.6708823978417238, "rate": 5.646563656382959}, "datetime": {"datetime": "2024-06-12 22:27:31", "elapsed": 165.92305, "delta": 0.119086}}
{"target": -118.6250162084908, "params": {"p_ai": 2.549022595029336, "p_al": 0.8242363640196037, "p_ex": 7.337359610523183, "prior": 7.43468597913671, "rate": 3.7114298106728287}, "datetime": {"datetime": "2024-06-12 22:27:31", "elapsed": 166.042632, "delta": 0.119582}}
{"target": -144.60837236872098, "params": {"p_ai": 1.845560863914552, "p_al": 5.129381674275744, "p_ex": 0.9354702702971923, "prior": 7.784640160871572, "rate": 4.760067048122293}, "datetime": {"datetime": "2024-06-12 22:27:31", "elapsed": 166.167294, "delta": 0.124662}}
{"target": -225.61926848766242, "params": {"p_ai": 9.609669775653595, "p_al": 1.0910953604333562, "p_ex": 6.979897988792099, "prior": 8.035812360308835, "rate": 7.269009336494058}, "datetime": {"datetime": "2024-06-12 22:27:31", "elapsed": 166.28589, "delta": 0.118596}}
{"target": -143.45670494042244, "params": {"p_ai": 4.6150821682690095, "p_al": 5.461554103867576, "p_ex": 6.152271588669034, "prior": 0.5919952593190889, "rate": 9.956734917533865}, "datetime": {"datetime": "2024-06-12 22:27:31", "elapsed": 166.405305, "delta": 0.119415}}
{"target": -160.473989177902, "params": {"p_ai": 2.549821268966647, "p_al": 6.434430472061677, "p_ex": 1.2652046007720967, "prior": 1.679464516635827, "rate": 4.911557570716647}, "datetime": {"datetime": "2024-06-12 22:27:31", "elapsed": 166.531559, "delta": 0.126254}}
{"target": -162.4578410533825, "params": {"p_ai": 2.8857188289562163, "p_al": 5.042897344255423, "p_ex": 1.0227116003946706, "prior": 4.193530323359763, "rate": 2.6867470652735372}, "datetime": {"datetime": "2024-06-12 22:27:32", "elapsed": 166.647514, "delta": 0.115955}}
{"target": -143.3924234753292, "params": {"p_ai": 5.819440487578645, "p_al": 1.7178834329509671, "p_ex": 9.623255002566271, "prior": 5.442570978471566, "rate": 7.019820788358971}, "datetime": {"datetime": "2024-06-12 22:27:32", "elapsed": 166.766568, "delta": 0.119054}}
{"target": -250.3288891514238, "params": {"p_ai": 9.323729947047374, "p_al": 3.454332308812005, "p_ex": 5.157651729646913, "prior": 7.866126970289994, "rate": 0.6950313988201535}, "datetime": {"datetime": "2024-06-12 22:27:32", "elapsed": 166.896722, "delta": 0.130154}}
{"target": -215.6471111627124, "params": {"p_ai": 7.532460476975046, "p_al": 1.1756767278394176, "p_ex": 3.8919114159978747, "prior": 6.97023169596312, "rate": 0.5996583880118789}, "datetime": {"datetime": "2024-06-12 22:27:32", "elapsed": 167.021678, "delta": 0.124956}}
{"target": -303.9376807426379, "params": {"p_ai": 6.650163606858123, "p_al": 9.719171641644328, "p_ex": 2.4949528876446143, "prior": 2.5921151685676955, "rate": 0.8732224909576163}, "datetime": {"datetime": "2024-06-12 22:27:32", "elapsed": 167.140185, "delta": 0.118507}}
{"target": -128.2410019273809, "params": {"p_ai": 0.9311546173432517, "p_al": 3.144738983084279, "p_ex": 8.325478322610477, "prior": 5.124685126834491, "rate": 3.857018291271997}, "datetime": {"datetime": "2024-06-12 22:27:32", "elapsed": 167.257939, "delta": 0.117754}}
{"target": -112.98082996706151, "params": {"p_ai": 1.825860476246027, "p_al": 9.760200540550123, "p_ex": 7.414637711366844, "prior": 3.4022965841828734, "rate": 9.223420470499212}, "datetime": {"datetime": "2024-06-12 22:27:32", "elapsed": 167.376003, "delta": 0.118064}}
{"target": -170.2816524519325, "params": {"p_ai": 5.863722456927596, "p_al": 2.6527101212907347, "p_ex": 4.816182444659119, "prior": 4.344425040422925, "rate": 3.025705323209395}, "datetime": {"datetime": "2024-06-12 22:27:32", "elapsed": 167.498196, "delta": 0.122193}}
{"target": -192.07443101130218, "params": {"p_ai": 6.567963904475069, "p_al": 7.922147393430575, "p_ex": 3.533286895679186, "prior": 4.379301965349058, "rate": 9.63039754689752}, "datetime": {"datetime": "2024-06-12 22:27:33", "elapsed": 167.616248, "delta": 0.118052}}
{"target": -126.90455948562791, "params": {"p_ai": 2.595870119091476, "p_al": 7.1928850233868555, "p_ex": 8.51152805591894, "prior": 7.418586210097494, "rate": 2.1663143590325595}, "datetime": {"datetime": "2024-06-12 22:27:33", "elapsed": 167.733236, "delta": 0.116988}}
{"target": -144.77145625792417, "params": {"p_ai": 4.353639765707252, "p_al": 6.087989214150046, "p_ex": 5.91597437659046, "prior": 9.518904172044687, "rate": 3.584674882177731}, "datetime": {"datetime": "2024-06-12 22:27:33", "elapsed": 167.858348, "delta": 0.125112}}
{"target": -148.51308731934034, "params": {"p_ai": 5.3184013885853965, "p_al": 3.9843758336063404, "p_ex": 6.1476783430983035, "prior": 4.6489963534302525, "rate": 9.554909499707458}, "datetime": {"datetime": "2024-06-12 22:27:33", "elapsed": 167.991315, "delta": 0.132967}}
{"target": -208.59185049056657, "params": {"p_ai": 7.085161850979339, "p_al": 4.98898575822155, "p_ex": 4.9295913692550375, "prior": 2.485717918581682, "rate": 2.154647890609912}, "datetime": {"datetime": "2024-06-12 22:27:33", "elapsed": 168.149801, "delta": 0.158486}}
{"target": -145.45107475046768, "params": {"p_ai": 3.839213345484957, "p_al": 2.6948981495554443, "p_ex": 2.9837535145475824, "prior": 2.15053359947619, "rate": 4.307723323043663}, "datetime": {"datetime": "2024-06-12 22:27:33", "elapsed": 168.292048, "delta": 0.142247}}
{"target": -111.08041832029564, "params": {"p_ai": 2.3742519356894274, "p_al": 4.291053292961831, "p_ex": 7.382547600181749, "prior": 1.9039327426028603, "rate": 9.804812350553577}, "datetime": {"datetime": "2024-06-12 22:27:33", "elapsed": 168.440253, "delta": 0.148205}}
{"target": -111.7983399411263, "params": {"p_ai": 2.510149272471791, "p_al": 0.9201850394391212, "p_ex": 6.622377220843448, "prior": 1.2422326310329728, "rate": 4.585985552074093}, "datetime": {"datetime": "2024-06-12 22:27:34", "elapsed": 168.586565, "delta": 0.146312}}
{"target": -147.86254563716923, "params": {"p_ai": 5.549552121286815, "p_al": 9.122267296699032, "p_ex": 8.40796832527321, "prior": 4.765261881514484, "rate": 8.806117671423612}, "datetime": {"datetime": "2024-06-12 22:27:34", "elapsed": 168.744071, "delta": 0.157506}}
{"target": -198.42856432725424, "params": {"p_ai": 8.135497423493536, "p_al": 1.9471917037767061, "p_ex": 6.724817912877283, "prior": 7.192553425857825, "rate": 6.526073980659255}, "datetime": {"datetime": "2024-06-12 22:27:34", "elapsed": 168.902929, "delta": 0.158858}}
{"target": -136.98363580502414, "params": {"p_ai": 4.057167300283953, "p_al": 0.43706055846466224, "p_ex": 3.790552867999634, "prior": 0.33257894683759875, "rate": 2.4427912670623453}, "datetime": {"datetime": "2024-06-12 22:27:34", "elapsed": 169.062547, "delta": 0.159618}}
{"target": -250.6997950051267, "params": {"p_ai": 8.427994479486472, "p_al": 4.747672284544124, "p_ex": 1.9562151115667903, "prior": 9.33445475081842, "rate": 1.7592635009829212}, "datetime": {"datetime": "2024-06-12 22:27:34", "elapsed": 169.209125, "delta": 0.146578}}
{"target": -222.59012837001953, "params": {"p_ai": 7.102185784940643, "p_al": 2.5223293312259516, "p_ex": 1.2584243859027127, "prior": 4.235788430787851, "rate": 3.069439271607996}, "datetime": {"datetime": "2024-06-12 22:27:34", "elapsed": 169.367494, "delta": 0.158369}}
{"target": -165.81811215320488, "params": {"p_ai": 5.5627939162736055, "p_al": 0.057950088725271263, "p_ex": 4.0193390792164285, "prior": 3.244414864326125, "rate": 2.0895692938485664}, "datetime": {"datetime": "2024-06-12 22:27:34", "elapsed": 169.515057, "delta": 0.147563}}
{"target": -204.49725819633977, "params": {"p_ai": 7.647203244653368, "p_al": 2.158057811143895, "p_ex": 3.672919163743425, "prior": 0.6155566824563551, "rate": 7.990938077660049}, "datetime": {"datetime": "2024-06-12 22:27:35", "elapsed": 169.659461, "delta": 0.144404}}
{"target": -213.86257988292994, "params": {"p_ai": 8.577774053116217, "p_al": 9.790052219653413, "p_ex": 9.506482093495103, "prior": 4.8714088622083676, "rate": 2.963844578804496}, "datetime": {"datetime": "2024-06-12 22:27:35", "elapsed": 169.808695, "delta": 0.149234}}
{"target": -181.60466629031305, "params": {"p_ai": 6.941959592334977, "p_al": 7.246334888135901, "p_ex": 8.683682540763046, "prior": 2.0640130834583252, "rate": 3.9901377594360703}, "datetime": {"datetime": "2024-06-12 22:27:35", "elapsed": 169.960804, "delta": 0.152109}}
{"target": -205.38191908519036, "params": {"p_ai": 7.888644250363198, "p_al": 2.227648655419227, "p_ex": 4.82232740498444, "prior": 7.809873960783892, "rate": 6.046992979618699}, "datetime": {"datetime": "2024-06-12 22:27:35", "elapsed": 170.104883, "delta": 0.144079}}
{"target": -115.45893590059741, "params": {"p_ai": 1.991212741788793, "p_al": 4.923909201502932, "p_ex": 9.802765005727752, "prior": 1.9199717037804547, "rate": 2.427832758701525}, "datetime": {"datetime": "2024-06-12 22:27:35", "elapsed": 170.250626, "delta": 0.145743}}
{"target": -129.69136902798445, "params": {"p_ai": 4.155134299366303, "p_al": 7.950636379009953, "p_ex": 8.599370987311648, "prior": 7.688080461729196, "rate": 4.227157523440218}, "datetime": {"datetime": "2024-06-12 22:27:35", "elapsed": 170.387597, "delta": 0.136971}}
{"target": -132.02355356941146, "params": {"p_ai": 2.626669492861092, "p_al": 5.911498217644846, "p_ex": 5.563710236157524, "prior": 3.230864751305254, "rate": 2.4487955235744954}, "datetime": {"datetime": "2024-06-12 22:27:35", "elapsed": 170.504445, "delta": 0.116848}}
{"target": -176.93855660010723, "params": {"p_ai": 6.292076079141393, "p_al": 3.6150392336227193, "p_ex": 4.466163623909623, "prior": 4.237468544878544, "rate": 6.050216734749668}, "datetime": {"datetime": "2024-06-12 22:27:36", "elapsed": 170.618154, "delta": 0.113709}}
{"target": -123.25967713286906, "params": {"p_ai": 0.6720996143698694, "p_al": 4.6483715961135195, "p_ex": 9.363241142865018, "prior": 1.4816917977329311, "rate": 8.81601186201042}, "datetime": {"datetime": "2024-06-12 22:27:36", "elapsed": 170.734238, "delta": 0.116084}}
{"target": -117.2481953941274, "params": {"p_ai": 1.9867116676457621, "p_al": 4.828800929418997, "p_ex": 4.910182450155894, "prior": 2.3487670795262607, "rate": 5.966237893981851}, "datetime": {"datetime": "2024-06-12 22:27:36", "elapsed": 170.863188, "delta": 0.12895}}
{"target": -211.04474869682866, "params": {"p_ai": 8.370755177596735, "p_al": 2.428470066784845, "p_ex": 5.057751716277262, "prior": 4.6844784297828275, "rate": 8.049214381625918}, "datetime": {"datetime": "2024-06-12 22:27:36", "elapsed": 170.998068, "delta": 0.13488}}
{"target": -159.9327227281089, "params": {"p_ai": 4.8551720373679625, "p_al": 0.4808923524723822, "p_ex": 2.989784086816148, "prior": 7.216616729239001, "rate": 5.408084708481691}, "datetime": {"datetime": "2024-06-12 22:27:36", "elapsed": 171.126705, "delta": 0.128637}}
{"target": -315.27828436367577, "params": {"p_ai": 7.130408516250978, "p_al": 8.904361093565882, "p_ex": 0.37043952512420786, "prior": 1.6165813179834319, "rate": 2.062616153311377}, "datetime": {"datetime": "2024-06-12 22:27:36", "elapsed": 171.243452, "delta": 0.116747}}
{"target": -171.882017677576, "params": {"p_ai": 5.482373770995407, "p_al": 6.875285638033866, "p_ex": 3.4239746509233417, "prior": 8.69815134313035, "rate": 8.792097795595758}, "datetime": {"datetime": "2024-06-12 22:27:36", "elapsed": 171.362728, "delta": 0.119276}}
{"target": -169.07648635063057, "params": {"p_ai": 1.9020281611260257, "p_al": 5.318731289606638, "p_ex": 9.89533223269701, "prior": 0.5766681566686965, "rate": 0.8352246167464471}, "datetime": {"datetime": "2024-06-12 22:27:36", "elapsed": 171.479339, "delta": 0.116611}}
{"target": -159.55509336274227, "params": {"p_ai": 4.17687548119399, "p_al": 8.546270166610421, "p_ex": 3.986491570183943, "prior": 0.10047872209267601, "rate": 6.455776471782982}, "datetime": {"datetime": "2024-06-12 22:27:37", "elapsed": 171.618978, "delta": 0.139639}}
{"target": -154.5539700417288, "params": {"p_ai": 2.938740758027726, "p_al": 1.5001546469653306, "p_ex": 1.0787439610589478, "prior": 8.689114300105738, "rate": 0.033649190010560236}, "datetime": {"datetime": "2024-06-12 22:27:37", "elapsed": 171.774889, "delta": 0.155911}}
{"target": -188.692378210095, "params": {"p_ai": 5.1863463087416415, "p_al": 5.508657930632633, "p_ex": 1.160383142892338, "prior": 2.0012109061146504, "rate": 8.622359909234016}, "datetime": {"datetime": "2024-06-12 22:27:37", "elapsed": 171.931587, "delta": 0.156698}}
{"target": -140.25258274556182, "params": {"p_ai": 1.1706045030374341, "p_al": 8.247211703646046, "p_ex": 1.9317000898235421, "prior": 9.95546289182723, "rate": 4.714645365285202}, "datetime": {"datetime": "2024-06-12 22:27:37", "elapsed": 172.064826, "delta": 0.133239}}
{"target": -195.64279177250418, "params": {"p_ai": 5.47316235739433, "p_al": 0.8236566490081167, "p_ex": 0.5138813084825806, "prior": 2.0750373843877523, "rate": 1.6087283408450508}, "datetime": {"datetime": "2024-06-12 22:27:37", "elapsed": 172.177548, "delta": 0.112722}}
{"target": -139.40598746093647, "params": {"p_ai": 4.5111904649630885, "p_al": 6.299850282915464, "p_ex": 7.263567878118075, "prior": 4.561033003776881, "rate": 3.769926324961166}, "datetime": {"datetime": "2024-06-12 22:27:37", "elapsed": 172.291738, "delta": 0.11419}}
{"target": -148.74456765207304, "params": {"p_ai": 0.6450811413443532, "p_al": 5.3838314013031106, "p_ex": 4.510915596950936, "prior": 4.024173450925323, "rate": 0.739297377549636}, "datetime": {"datetime": "2024-06-12 22:27:37", "elapsed": 172.407429, "delta": 0.115691}}
{"target": -115.34625016062348, "params": {"p_ai": 1.9389589620400425, "p_al": 6.084710003782394, "p_ex": 9.150926960614223, "prior": 6.315562232208938, "rate": 5.777179416959185}, "datetime": {"datetime": "2024-06-12 22:27:37", "elapsed": 172.520973, "delta": 0.113544}}
{"target": -124.80525392831987, "params": {"p_ai": 3.424458668570204, "p_al": 1.3555854633492914, "p_ex": 5.08436213366298, "prior": 6.462997600713831, "rate": 9.67519299616602}, "datetime": {"datetime": "2024-06-12 22:27:38", "elapsed": 172.634806, "delta": 0.113833}}
{"target": -216.69765098311868, "params": {"p_ai": 7.619765598704901, "p_al": 1.8308008482704898, "p_ex": 2.397370725640492, "prior": 9.57009458791186, "rate": 7.580236326081433}, "datetime": {"datetime": "2024-06-12 22:27:38", "elapsed": 172.748736, "delta": 0.11393}}
{"target": -163.05702424846848, "params": {"p_ai": 1.9300095784021698, "p_al": 7.01981330459048, "p_ex": 8.334912290375726, "prior": 4.363068671345741, "rate": 0.09575780663839235}, "datetime": {"datetime": "2024-06-12 22:27:38", "elapsed": 172.863274, "delta": 0.114538}}
{"target": -192.40389749555564, "params": {"p_ai": 6.681434519852933, "p_al": 0.6982839964459406, "p_ex": 2.378790532340036, "prior": 0.9712126349750136, "rate": 8.704808021732656}, "datetime": {"datetime": "2024-06-12 22:27:38", "elapsed": 172.977336, "delta": 0.114062}}
{"target": -199.63858426565304, "params": {"p_ai": 8.34054282055566, "p_al": 2.3523727837850754, "p_ex": 7.544077071128042, "prior": 5.084126551345622, "rate": 4.212130083272633}, "datetime": {"datetime": "2024-06-12 22:27:38", "elapsed": 173.090875, "delta": 0.113539}}
{"target": -141.5527471713235, "params": {"p_ai": 2.1879858666385315, "p_al": 2.2173554367748403, "p_ex": 0.908931616755804, "prior": 2.4889238271796565, "rate": 5.896920756142721}, "datetime": {"datetime": "2024-06-12 22:27:38", "elapsed": 173.20804, "delta": 0.117165}}
{"target": -247.94734256756388, "params": {"p_ai": 8.822265306848173, "p_al": 1.5513240228977372, "p_ex": 2.6195303249388067, "prior": 6.336155320254513, "rate": 1.0128605823073944}, "datetime": {"datetime": "2024-06-12 22:27:38", "elapsed": 173.325195, "delta": 0.117155}}
{"target": -200.92967266249929, "params": {"p_ai": 5.153921282646919, "p_al": 4.46909154508257, "p_ex": 0.5052938192735241, "prior": 7.6579931162870505, "rate": 0.9528564523206144}, "datetime": {"datetime": "2024-06-12 22:27:38", "elapsed": 173.442868, "delta": 0.117673}}
{"target": -117.07097090654153, "params": {"p_ai": 3.3843657437612205, "p_al": 5.790074844308275, "p_ex": 8.508682332431707, "prior": 2.6092797416438254, "rate": 8.103007595133162}, "datetime": {"datetime": "2024-06-12 22:27:39", "elapsed": 173.560077, "delta": 0.117209}}
{"target": -138.45339507262517, "params": {"p_ai": 4.367210182917103, "p_al": 8.27634847928233, "p_ex": 9.215999806660857, "prior": 4.382605484176173, "rate": 2.6213106647344735}, "datetime": {"datetime": "2024-06-12 22:27:39", "elapsed": 173.678424, "delta": 0.118347}}
{"target": -135.96468995330943, "params": {"p_ai": 4.614951273141985, "p_al": 0.9490248493347024, "p_ex": 6.5881187182673475, "prior": 6.323835312579325, "rate": 4.968501963004823}, "datetime": {"datetime": "2024-06-12 22:27:39", "elapsed": 173.792695, "delta": 0.114271}}
{"target": -152.5177437799265, "params": {"p_ai": 4.7020856765161065, "p_al": 1.2859370672436552, "p_ex": 3.344550147403386, "prior": 2.6866939699212384, "rate": 5.358561014717092}, "datetime": {"datetime": "2024-06-12 22:27:39", "elapsed": 173.906396, "delta": 0.113701}}
{"target": -134.3889105008063, "params": {"p_ai": 4.198659544982929, "p_al": 8.360489112107674, "p_ex": 7.012377753383944, "prior": 4.959488359464544, "rate": 5.995609167902584}, "datetime": {"datetime": "2024-06-12 22:27:39", "elapsed": 174.020349, "delta": 0.113953}}
{"target": -131.1610294120068, "params": {"p_ai": 3.967775618698588, "p_al": 2.17528315801882, "p_ex": 7.422640148841071, "prior": 9.226456982114145, "rate": 2.613604563077292}, "datetime": {"datetime": "2024-06-12 22:27:39", "elapsed": 174.134078, "delta": 0.113729}}
{"target": -212.59921443864738, "params": {"p_ai": 6.323284870025931, "p_al": 7.09607452720982, "p_ex": 7.3710671943071, "prior": 2.7029262942568364, "rate": 1.024334263146277}, "datetime": {"datetime": "2024-06-12 22:27:39", "elapsed": 174.247239, "delta": 0.113161}}
{"target": -187.7224634288269, "params": {"p_ai": 7.185838421507484, "p_al": 4.432502126422837, "p_ex": 6.827359618129039, "prior": 0.5852331553316763, "rate": 6.543172400849333}, "datetime": {"datetime": "2024-06-12 22:27:39", "elapsed": 174.361862, "delta": 0.114623}}
{"target": -149.22787429211436, "params": {"p_ai": 2.884487893175923, "p_al": 8.778583385115077, "p_ex": 1.653832432604621, "prior": 4.456248424711869, "rate": 9.691567095079847}, "datetime": {"datetime": "2024-06-12 22:27:39", "elapsed": 174.475407, "delta": 0.113545}}
{"target": -124.82407495213576, "params": {"p_ai": 0.8621946199190262, "p_al": 4.00523582405112, "p_ex": 2.8553005975311763, "prior": 0.8277057437039895, "rate": 7.0980192589693125}, "datetime": {"datetime": "2024-06-12 22:27:40", "elapsed": 174.58867, "delta": 0.113263}}
{"target": -229.7321120593876, "params": {"p_ai": 5.624844106177818, "p_al": 9.88043777704123, "p_ex": 2.2768642495507527, "prior": 1.0475183180092338, "rate": 4.699600102098296}, "datetime": {"datetime": "2024-06-12 22:27:40", "elapsed": 174.702366, "delta": 0.113696}}
{"target": -217.02090533885624, "params": {"p_ai": 7.252886102412543, "p_al": 2.031980046884213, "p_ex": 1.9353061132368568, "prior": 0.16547877208318693, "rate": 6.134148945872518}, "datetime": {"datetime": "2024-06-12 22:27:40", "elapsed": 174.815003, "delta": 0.112637}}
