{"target": -466.5687200321075, "params": {"p_ai": 5.316303075493122, "p_al": 6.792450289006991, "p_ex": 5.129238550757324, "prior": 2.991824334263695, "rate": 1.0547413426276626}, "datetime": {"datetime": "2024-06-13 09:17:52", "elapsed": 43.479225, "delta": 0.105716}}
{"target": -231.47069171205916, "params": {"p_ai": 2.8500365250757254, "p_al": 7.688759630029292, "p_ex": 6.40818626181401, "prior": 8.013505701328722, "rate": 5.171688199172296}, "datetime": {"datetime": "2024-06-13 09:17:52", "elapsed": 43.58594, "delta": 0.106715}}
{"target": -410.2019382498891, "params": {"p_ai": 2.321768118441504, "p_al": 6.279991307892046, "p_ex": 3.040750894733009, "prior": 0.29625792067526757, "rate": 9.03340843699194}, "datetime": {"datetime": "2024-06-13 09:17:53", "elapsed": 43.691693, "delta": 0.105753}}
{"target": -270.29143768798133, "params": {"p_ai": 4.2042753184590484, "p_al": 4.261881673466698, "p_ex": 7.412776101583259, "prior": 9.484635584653631, "rate": 0.7260827649265881}, "datetime": {"datetime": "2024-06-13 09:17:53", "elapsed": 43.796377, "delta": 0.104684}}
{"target": -204.96429728132645, "params": {"p_ai": 1.7278381802346168, "p_al": 3.224252533837974, "p_ex": 2.48499403905566, "prior": 4.9554543186305695, "rate": 8.244771648366036}, "datetime": {"datetime": "2024-06-13 09:17:53", "elapsed": 43.902095, "delta": 0.105718}}
{"target": -675.1700236934352, "params": {"p_ai": 8.539870177006817, "p_al": 5.958703590644958, "p_ex": 2.4024971645768356, "prior": 1.86574039003858, "rate": 7.434161733507989}, "datetime": {"datetime": "2024-06-13 09:17:53", "elapsed": 44.008031, "delta": 0.105936}}
{"target": -256.5974543291062, "params": {"p_ai": 2.372903362377833, "p_al": 5.395369418374571, "p_ex": 7.493058590484791, "prior": 2.283262797049244, "rate": 1.7458373745398674}, "datetime": {"datetime": "2024-06-13 09:17:53", "elapsed": 44.127706, "delta": 0.119675}}
{"target": -122.09500299158077, "params": {"p_ai": 0.39831713007193664, "p_al": 1.4765408081617755, "p_ex": 8.51453763056296, "prior": 1.0472544815378406, "rate": 2.2372268102276505}, "datetime": {"datetime": "2024-06-13 09:17:53", "elapsed": 44.236415, "delta": 0.108709}}
{"target": -195.8275956242155, "params": {"p_ai": 0.32853924026002534, "p_al": 6.763889997877335, "p_ex": 2.317799711505731, "prior": 4.136503586299842, "rate": 1.393872412065944}, "datetime": {"datetime": "2024-06-13 09:17:53", "elapsed": 44.341745, "delta": 0.10533}}
{"target": -311.1141547698907, "params": {"p_ai": 3.772795658827454, "p_al": 4.244950224929914, "p_ex": 4.730176553648271, "prior": 4.228995288573093, "rate": 1.028462882177769}, "datetime": {"datetime": "2024-06-13 09:17:53", "elapsed": 44.446471, "delta": 0.104726}}
{"target": -513.6421913100721, "params": {"p_ai": 7.72603008604881, "p_al": 1.3729228288956241, "p_ex": 4.243499450883795, "prior": 2.7202891684153423, "rate": 3.0107784228559833}, "datetime": {"datetime": "2024-06-13 09:17:53", "elapsed": 44.551251, "delta": 0.10478}}
{"target": -525.2627194433543, "params": {"p_ai": 6.72453530509174, "p_al": 5.178349451410332, "p_ex": 1.9016804177489257, "prior": 4.691875263893938, "rate": 3.396069147094239}, "datetime": {"datetime": "2024-06-13 09:17:54", "elapsed": 44.658844, "delta": 0.107593}}
{"target": -404.9117044315028, "params": {"p_ai": 7.045267485283013, "p_al": 2.2617259291230574, "p_ex": 8.450036385446094, "prior": 5.262770419251413, "rate": 5.006695109657969}, "datetime": {"datetime": "2024-06-13 09:17:54", "elapsed": 44.76457, "delta": 0.105726}}
{"target": -205.84752176971486, "params": {"p_ai": 2.537604383069914, "p_al": 1.8623705416969032, "p_ex": 4.7187188083132305, "prior": 9.818262353834747, "rate": 1.3299294703806088}, "datetime": {"datetime": "2024-06-13 09:17:54", "elapsed": 44.872787, "delta": 0.108217}}
{"target": -307.3200329963366, "params": {"p_ai": 2.8353408618481435, "p_al": 8.006611101660276, "p_ex": 6.648104208209039, "prior": 2.788305328525677, "rate": 3.1471614201443434}, "datetime": {"datetime": "2024-06-13 09:17:54", "elapsed": 44.977369, "delta": 0.104582}}
{"target": -276.1310542209074, "params": {"p_ai": 4.200062595764889, "p_al": 6.028264835660719, "p_ex": 7.193668333443535, "prior": 8.573146034178855, "rate": 6.811433593113639}, "datetime": {"datetime": "2024-06-13 09:17:54", "elapsed": 45.087688, "delta": 0.110319}}
{"target": -276.1246665681881, "params": {"p_ai": 2.370583662652512, "p_al": 9.257279632827263, "p_ex": 7.812172811356986, "prior": 3.0745074227980154, "rate": 3.0503514507789897}, "datetime": {"datetime": "2024-06-13 09:17:54", "elapsed": 45.196903, "delta": 0.109215}}
{"target": -533.3954175153681, "params": {"p_ai": 8.811802015970617, "p_al": 1.2616587254915876, "p_ex": 6.334974881523022, "prior": 2.7778496120017686, "rate": 8.272176051067923}, "datetime": {"datetime": "2024-06-13 09:17:54", "elapsed": 45.303617, "delta": 0.106714}}
{"target": -350.24785994454714, "params": {"p_ai": 3.645869952111327, "p_al": 7.3339275785938725, "p_ex": 1.9249864862469743, "prior": 4.814977529509854, "rate": 8.03614266968384}, "datetime": {"datetime": "2024-06-13 09:17:54", "elapsed": 45.408339, "delta": 0.104722}}
{"target": -253.59184193602044, "params": {"p_ai": 3.9704851285120673, "p_al": 1.6165788245210426, "p_ex": 6.490173244263826, "prior": 7.53350473313803, "rate": 2.8026461610955637}, "datetime": {"datetime": "2024-06-13 09:17:54", "elapsed": 45.513091, "delta": 0.104752}}
{"target": -300.02584985752844, "params": {"p_ai": 4.514167250462784, "p_al": 9.004588674948266, "p_ex": 8.719984326277993, "prior": 7.0721689102320395, "rate": 5.909415094304578}, "datetime": {"datetime": "2024-06-13 09:17:55", "elapsed": 45.618775, "delta": 0.105684}}
{"target": -690.0298376382858, "params": {"p_ai": 8.174005321700859, "p_al": 9.07653881635229, "p_ex": 0.026073089119563617, "prior": 3.972880434571384, "rate": 5.614535427501098}, "datetime": {"datetime": "2024-06-13 09:17:55", "elapsed": 45.731477, "delta": 0.112702}}
{"target": -482.10634389515906, "params": {"p_ai": 7.339497439712482, "p_al": 0.8756401490882502, "p_ex": 3.998150121820964, "prior": 2.796932173319039, "rate": 4.235677020998725}, "datetime": {"datetime": "2024-06-13 09:17:55", "elapsed": 45.837192, "delta": 0.105715}}
{"target": -369.8770278549066, "params": {"p_ai": 4.980288348100211, "p_al": 6.600492220036985, "p_ex": 4.962865153563822, "prior": 6.2050615378513, "rate": 5.824816179030337}, "datetime": {"datetime": "2024-06-13 09:17:55", "elapsed": 45.94192, "delta": 0.104728}}
{"target": -322.1282952890001, "params": {"p_ai": 4.2838956479905255, "p_al": 0.050758670747942644, "p_ex": 1.9459696221821587, "prior": 3.2027463362086017, "rate": 1.470634280423458}, "datetime": {"datetime": "2024-06-13 09:17:55", "elapsed": 46.046605, "delta": 0.104685}}
{"target": -452.8273877674768, "params": {"p_ai": 5.987040152182751, "p_al": 6.115383267119364, "p_ex": 5.001432502709699, "prior": 3.2091681671070447, "rate": 6.53292726219252}, "datetime": {"datetime": "2024-06-13 09:17:55", "elapsed": 46.152129, "delta": 0.105524}}
{"target": -148.0213173288777, "params": {"p_ai": 1.903644543307758, "p_al": 0.05980393346483768, "p_ex": 7.3496852448209316, "prior": 4.435594915197448, "rate": 6.978718718842435}, "datetime": {"datetime": "2024-06-13 09:17:55", "elapsed": 46.257416, "delta": 0.105287}}
{"target": -181.50090807562754, "params": {"p_ai": 1.851248453020123, "p_al": 0.6271354000371709, "p_ex": 3.78170775924343, "prior": 6.960269107944495, "rate": 1.0290808561757039}, "datetime": {"datetime": "2024-06-13 09:17:55", "elapsed": 46.362529, "delta": 0.105113}}
{"target": -183.63468616971002, "params": {"p_ai": 1.959146502516249, "p_al": 4.540072551414793, "p_ex": 6.211870747746768, "prior": 7.501492356441782, "rate": 1.0982404778352803}, "datetime": {"datetime": "2024-06-13 09:17:55", "elapsed": 46.467815, "delta": 0.105286}}
{"target": -431.6141709102011, "params": {"p_ai": 6.246611447949256, "p_al": 3.8742178609226636, "p_ex": 6.701233597109323, "prior": 2.036400216241354, "rate": 5.2796600565097815}, "datetime": {"datetime": "2024-06-13 09:17:55", "elapsed": 46.571603, "delta": 0.103788}}
{"target": -162.3777820740981, "params": {"p_ai": 1.722453387004371, "p_al": 0.18779137895775708, "p_ex": 4.870015513993148, "prior": 1.8425935878323698, "rate": 6.3837949567038725}, "datetime": {"datetime": "2024-06-13 09:17:56", "elapsed": 46.678285, "delta": 0.106682}}
{"target": -398.72887454924233, "params": {"p_ai": 5.366211618584989, "p_al": 7.74967885459746, "p_ex": 3.930206066439398, "prior": 9.894531856231692, "rate": 5.152631746924576}, "datetime": {"datetime": "2024-06-13 09:17:56", "elapsed": 46.783035, "delta": 0.10475}}
{"target": -389.9384474360219, "params": {"p_ai": 4.788755188453533, "p_al": 7.494675265050945, "p_ex": 5.727310244630862, "prior": 3.625290707682954, "rate": 4.892958609815962}, "datetime": {"datetime": "2024-06-13 09:17:56", "elapsed": 46.88676, "delta": 0.103725}}
{"target": -255.33354581953978, "params": {"p_ai": 1.8921946110135588, "p_al": 3.9364405595543226, "p_ex": 0.30058756348796134, "prior": 4.625828074361687, "rate": 2.7454666539229047}, "datetime": {"datetime": "2024-06-13 09:17:56", "elapsed": 46.994572, "delta": 0.107812}}
{"target": -328.32020270113753, "params": {"p_ai": 5.267631887725799, "p_al": 0.2936919419097222, "p_ex": 5.5513125784552235, "prior": 2.9306858383999437, "rate": 5.775329319454461}, "datetime": {"datetime": "2024-06-13 09:17:56", "elapsed": 47.098481, "delta": 0.103909}}
{"target": -479.1980731316861, "params": {"p_ai": 7.327965762760406, "p_al": 4.403937930137581, "p_ex": 6.6319050719967745, "prior": 2.3898606387472503, "rate": 9.985992286776213}, "datetime": {"datetime": "2024-06-13 09:17:56", "elapsed": 47.202203, "delta": 0.103722}}
{"target": -293.7202429125076, "params": {"p_ai": 2.4295423376760557, "p_al": 9.408343315400867, "p_ex": 2.1729802841597885, "prior": 4.97614628166607, "rate": 8.211948471962465}, "datetime": {"datetime": "2024-06-13 09:17:56", "elapsed": 47.305955, "delta": 0.103752}}
{"target": -498.55896593408124, "params": {"p_ai": 7.166163879900548, "p_al": 7.05609854079457, "p_ex": 4.4049651591972045, "prior": 7.541996079526139, "rate": 9.199615816571573}, "datetime": {"datetime": "2024-06-13 09:17:56", "elapsed": 47.409272, "delta": 0.103317}}
{"target": -411.32820376838714, "params": {"p_ai": 4.414076101413063, "p_al": 5.2801268760628535, "p_ex": 0.6612898045823568, "prior": 3.9083399636332565, "rate": 4.672918424766126}, "datetime": {"datetime": "2024-06-13 09:17:56", "elapsed": 47.513602, "delta": 0.10433}}
{"target": -525.0835350685019, "params": {"p_ai": 8.951481970324929, "p_al": 1.1064638451141569, "p_ex": 7.311644894386467, "prior": 5.455166214318647, "rate": 6.0657477697349185}, "datetime": {"datetime": "2024-06-13 09:17:57", "elapsed": 47.617353, "delta": 0.103751}}
{"target": -200.20613891584762, "params": {"p_ai": 0.2987996583514733, "p_al": 1.4683270502280348, "p_ex": 2.8405482714363854, "prior": 0.04971560748810713, "rate": 6.6919088201735715}, "datetime": {"datetime": "2024-06-13 09:17:57", "elapsed": 47.721047, "delta": 0.103694}}
{"target": -583.90264686756, "params": {"p_ai": 8.70270923127706, "p_al": 5.470136124403138, "p_ex": 5.432097311144519, "prior": 6.157643560201761, "rate": 3.022512822657626}, "datetime": {"datetime": "2024-06-13 09:17:57", "elapsed": 47.824806, "delta": 0.103759}}
{"target": -318.7492686811943, "params": {"p_ai": 3.6679530846277557, "p_al": 5.749822333050388, "p_ex": 8.092356620589728, "prior": 2.016764747447303, "rate": 3.275913034427043}, "datetime": {"datetime": "2024-06-13 09:17:57", "elapsed": 47.928521, "delta": 0.103715}}
{"target": -636.1395228357578, "params": {"p_ai": 7.429469582646582, "p_al": 3.4098615710742886, "p_ex": 0.4770616761368438, "prior": 1.5644129298338398, "rate": 1.9394547317358086}, "datetime": {"datetime": "2024-06-13 09:17:57", "elapsed": 48.031454, "delta": 0.102933}}
{"target": -302.91276659033093, "params": {"p_ai": 4.951628513249221, "p_al": 6.351614485952291, "p_ex": 8.802319552208612, "prior": 9.025463027666028, "rate": 3.072300524082465}, "datetime": {"datetime": "2024-06-13 09:17:57", "elapsed": 48.136511, "delta": 0.105057}}
{"target": -531.6527120874729, "params": {"p_ai": 7.534047351182733, "p_al": 2.824997877559167, "p_ex": 3.686400120782994, "prior": 2.927972894369209, "rate": 4.137493671254815}, "datetime": {"datetime": "2024-06-13 09:17:57", "elapsed": 48.241337, "delta": 0.104826}}
{"target": -232.96439582950862, "params": {"p_ai": 2.147942240988137, "p_al": 3.1905410786954205, "p_ex": 1.2200762190869865, "prior": 9.63021937771575, "rate": 5.04032611097843}, "datetime": {"datetime": "2024-06-13 09:17:57", "elapsed": 48.34484, "delta": 0.103503}}
{"target": -629.4463975411123, "params": {"p_ai": 9.23108372520405, "p_al": 7.461855247593438, "p_ex": 4.577595171516512, "prior": 7.54646763085601, "rate": 6.280602762990652}, "datetime": {"datetime": "2024-06-13 09:17:57", "elapsed": 48.460014, "delta": 0.115174}}
{"target": -282.9487141892629, "params": {"p_ai": 3.0382805830845347, "p_al": 5.217071474819306, "p_ex": 7.123409644278645, "prior": 3.0538300009516193, "rate": 0.1262158460278462}, "datetime": {"datetime": "2024-06-13 09:17:57", "elapsed": 48.578696, "delta": 0.118682}}
{"target": -211.35090159149732, "params": {"p_ai": 2.6833600285302275, "p_al": 7.967658010425252, "p_ex": 9.300000896546049, "prior": 6.2536862178776484, "rate": 1.3289420383195298}, "datetime": {"datetime": "2024-06-13 09:17:58", "elapsed": 48.686436, "delta": 0.10774}}
{"target": -458.4191696618354, "params": {"p_ai": 7.575946022114966, "p_al": 5.269526555127393, "p_ex": 7.538936847140509, "prior": 8.586258418997055, "rate": 9.475467969467141}, "datetime": {"datetime": "2024-06-13 09:17:58", "elapsed": 48.790166, "delta": 0.10373}}
{"target": -425.9008964232894, "params": {"p_ai": 6.545720808693693, "p_al": 8.542727840216623, "p_ex": 7.426137988907772, "prior": 7.271284782848366, "rate": 8.58804877191338}, "datetime": {"datetime": "2024-06-13 09:17:58", "elapsed": 48.91982, "delta": 0.129654}}
{"target": -817.5382921563876, "params": {"p_ai": 9.2301074044959, "p_al": 9.020857939246921, "p_ex": 3.9581068653902416, "prior": 0.8411287767074533, "rate": 8.295907610863033}, "datetime": {"datetime": "2024-06-13 09:17:58", "elapsed": 49.035746, "delta": 0.115926}}
{"target": -455.4766334255213, "params": {"p_ai": 5.389776601523036, "p_al": 5.421219471236491, "p_ex": 8.25192813033363, "prior": 0.32080985957336305, "rate": 8.779726226832842}, "datetime": {"datetime": "2024-06-13 09:17:58", "elapsed": 49.142255, "delta": 0.106509}}
{"target": -142.5400771203948, "params": {"p_ai": 0.34730537937586553, "p_al": 6.932252389225503, "p_ex": 5.875257309024742, "prior": 6.417850059155134, "rate": 3.7414277971948233}, "datetime": {"datetime": "2024-06-13 09:17:58", "elapsed": 49.27091, "delta": 0.128655}}
{"target": -188.19144093037394, "params": {"p_ai": 2.755344804474391, "p_al": 5.094576405806185, "p_ex": 8.858345348380066, "prior": 5.653331413985319, "rate": 6.631825765751704}, "datetime": {"datetime": "2024-06-13 09:17:58", "elapsed": 49.404089, "delta": 0.133179}}
{"target": -361.60557128761053, "params": {"p_ai": 4.414350930304056, "p_al": 9.7214187321274, "p_ex": 7.425482001064747, "prior": 3.5496702059968834, "rate": 6.5356567956039315}, "datetime": {"datetime": "2024-06-13 09:17:58", "elapsed": 49.527666, "delta": 0.123577}}
{"target": -742.0308725961617, "params": {"p_ai": 5.426621502305332, "p_al": 8.840678067574482, "p_ex": 2.7512654566030514, "prior": 1.0815667842382009, "rate": 1.9135292453599602}, "datetime": {"datetime": "2024-06-13 09:17:59", "elapsed": 49.656322, "delta": 0.128656}}
{"target": -352.85580364861653, "params": {"p_ai": 3.8710752798182537, "p_al": 8.54074388954821, "p_ex": 2.70917829344533, "prior": 6.263961673283628, "rate": 6.235894458654538}, "datetime": {"datetime": "2024-06-13 09:17:59", "elapsed": 49.768025, "delta": 0.111703}}
{"target": -240.10482218220196, "params": {"p_ai": 4.08106330634394, "p_al": 0.504300961464858, "p_ex": 7.448593896451896, "prior": 2.957959618704388, "rate": 3.9851835072938524}, "datetime": {"datetime": "2024-06-13 09:17:59", "elapsed": 49.893119, "delta": 0.125094}}
{"target": -381.0318593012161, "params": {"p_ai": 3.7730184357375642, "p_al": 6.636362714079265, "p_ex": 0.8642465348648255, "prior": 5.49934931479934, "rate": 0.15520280161021519}, "datetime": {"datetime": "2024-06-13 09:17:59", "elapsed": 50.002436, "delta": 0.109317}}
{"target": -749.4309940184281, "params": {"p_ai": 9.830406796410628, "p_al": 5.984673796657761, "p_ex": 3.8417581657342703, "prior": 1.4683325593440997, "rate": 6.9690863860416155}, "datetime": {"datetime": "2024-06-13 09:17:59", "elapsed": 50.108781, "delta": 0.106345}}
{"target": -546.7145558916384, "params": {"p_ai": 9.058178358648817, "p_al": 3.1817694146938234, "p_ex": 7.665154954417642, "prior": 2.8756935223098354, "rate": 9.57229619840156}, "datetime": {"datetime": "2024-06-13 09:17:59", "elapsed": 50.21353, "delta": 0.104749}}
{"target": -440.2626249923068, "params": {"p_ai": 7.023455232193281, "p_al": 6.2505309163400185, "p_ex": 9.307416596768327, "prior": 2.6911548301319335, "rate": 9.236233847661266}, "datetime": {"datetime": "2024-06-13 09:17:59", "elapsed": 50.320243, "delta": 0.106713}}
{"target": -459.4996850714754, "params": {"p_ai": 6.781151258305702, "p_al": 7.713853709507418, "p_ex": 5.716781729013079, "prior": 8.339212870314833, "rate": 6.983119711119335}, "datetime": {"datetime": "2024-06-13 09:17:59", "elapsed": 50.425584, "delta": 0.105341}}
{"target": -200.1095588452953, "params": {"p_ai": 1.466940409067313, "p_al": 6.1249988251521215, "p_ex": 2.793924035827702, "prior": 9.158871351949934, "rate": 1.9831246698113274}, "datetime": {"datetime": "2024-06-13 09:17:59", "elapsed": 50.530786, "delta": 0.105202}}
{"target": -214.9812723590205, "params": {"p_ai": 2.857879237217657, "p_al": 0.47749939499181976, "p_ex": 4.476343861362332, "prior": 5.576320563895948, "rate": 5.736037264688377}, "datetime": {"datetime": "2024-06-13 09:18:00", "elapsed": 50.640032, "delta": 0.109246}}
{"target": -589.2634345332935, "params": {"p_ai": 9.053868422216771, "p_al": 3.47479191407325, "p_ex": 4.475836267532962, "prior": 8.512525387352474, "rate": 5.768716203017017}, "datetime": {"datetime": "2024-06-13 09:18:00", "elapsed": 50.753429, "delta": 0.113397}}
{"target": -438.86778047056055, "params": {"p_ai": 6.54027535584246, "p_al": 2.784314944612766, "p_ex": 4.875225544956866, "prior": 6.209902923417142, "rate": 1.3348069074222546}, "datetime": {"datetime": "2024-06-13 09:18:00", "elapsed": 50.858189, "delta": 0.10476}}
{"target": -141.22518737700054, "params": {"p_ai": 0.3300542572087522, "p_al": 1.1349966003071306, "p_ex": 4.775133302320191, "prior": 0.24124331957345432, "rate": 6.26246308244308}, "datetime": {"datetime": "2024-06-13 09:18:00", "elapsed": 50.962192, "delta": 0.104003}}
{"target": -195.48354319422353, "params": {"p_ai": 0.9767285971428687, "p_al": 2.5103644156247413, "p_ex": 4.265502965616329, "prior": 1.159151640315784, "rate": 2.706249385980867}, "datetime": {"datetime": "2024-06-13 09:18:00", "elapsed": 51.068007, "delta": 0.105815}}
{"target": -200.58935424240886, "params": {"p_ai": 0.21177564868227716, "p_al": 9.850470490551084, "p_ex": 6.116124507605985, "prior": 3.784160034513656, "rate": 0.2662569827533811}, "datetime": {"datetime": "2024-06-13 09:18:00", "elapsed": 51.17226, "delta": 0.104253}}
{"target": -251.2939870918892, "params": {"p_ai": 3.8989976450014674, "p_al": 4.526133705237957, "p_ex": 9.310100934451263, "prior": 2.7857632142087283, "rate": 6.148204128941908}, "datetime": {"datetime": "2024-06-13 09:18:00", "elapsed": 51.276535, "delta": 0.104275}}
{"target": -430.7741349289761, "params": {"p_ai": 6.6520183774673525, "p_al": 1.8604237369935928, "p_ex": 5.058127726515332, "prior": 7.86522112783649, "rate": 0.966693765249707}, "datetime": {"datetime": "2024-06-13 09:18:00", "elapsed": 51.382182, "delta": 0.105647}}
{"target": -463.44471186144415, "params": {"p_ai": 6.060746946391453, "p_al": 0.261573266951244, "p_ex": 0.07146019137694642, "prior": 0.5962265427935735, "rate": 4.814523191031215}, "datetime": {"datetime": "2024-06-13 09:18:00", "elapsed": 51.488442, "delta": 0.10626}}
{"target": -662.8522345400521, "params": {"p_ai": 9.257115382793618, "p_al": 4.0561682840061035, "p_ex": 0.7512513607260716, "prior": 8.613663392355804, "rate": 5.193456557118933}, "datetime": {"datetime": "2024-06-13 09:18:01", "elapsed": 51.592135, "delta": 0.103693}}
{"target": -341.6233536385523, "params": {"p_ai": 3.1900397533053235, "p_al": 9.630360355507971, "p_ex": 9.382679423255281, "prior": 2.6009297005949668, "rate": 2.014717145283489}, "datetime": {"datetime": "2024-06-13 09:18:01", "elapsed": 51.701394, "delta": 0.109259}}
{"target": -479.777409974968, "params": {"p_ai": 5.889498124357467, "p_al": 8.425339580205748, "p_ex": 3.3678741763608038, "prior": 5.864707785221152, "rate": 1.623287749788599}, "datetime": {"datetime": "2024-06-13 09:18:01", "elapsed": 51.808536, "delta": 0.107142}}
{"target": -301.52280456398097, "params": {"p_ai": 1.94674275864618, "p_al": 7.613590824704965, "p_ex": 1.5018345150591474, "prior": 2.659804503437227, "rate": 6.895259136913517}, "datetime": {"datetime": "2024-06-13 09:18:01", "elapsed": 51.912229, "delta": 0.103693}}
{"target": -131.26242597395566, "params": {"p_ai": 0.15187798702215813, "p_al": 0.3229118442818368, "p_ex": 2.8759718743002627, "prior": 3.366895181942479, "rate": 3.622798839194582}, "datetime": {"datetime": "2024-06-13 09:18:01", "elapsed": 52.020219, "delta": 0.10799}}
{"target": -525.8544028771572, "params": {"p_ai": 8.072098564559683, "p_al": 0.3607736956187603, "p_ex": 3.584594051008626, "prior": 6.383143054534976, "rate": 1.4308980910737081}, "datetime": {"datetime": "2024-06-13 09:18:01", "elapsed": 52.124942, "delta": 0.104723}}
