{"target": -226.40115473935393, "params": {"p_ai": 8.577528406499894, "p_al": 6.455998518326055, "p_ex": 1.1538189613747907, "prior": 2.081766002579473, "rate": 7.455237809150899}, "datetime": {"datetime": "2024-06-12 20:59:20", "elapsed": 60.010868, "delta": 0.119439}}
{"target": -129.8664222787262, "params": {"p_ai": 4.034662876713395, "p_al": 4.84521613942412, "p_ex": 8.874663325649202, "prior": 1.3752980526926846, "rate": 9.64376360106379}, "datetime": {"datetime": "2024-06-12 20:59:20", "elapsed": 60.130569, "delta": 0.119701}}
{"target": -134.93036317589963, "params": {"p_ai": 0.4272541882840023, "p_al": 0.9953031322915933, "p_ex": 2.2331610709734946, "prior": 8.06604423752288, "rate": 4.559272200887655}, "datetime": {"datetime": "2024-06-12 20:59:20", "elapsed": 60.247959, "delta": 0.11739}}
{"target": -171.24471560338765, "params": {"p_ai": 6.5328581714709335, "p_al": 1.7440370540608525, "p_ex": 1.668052607332356, "prior": 5.208962557197339, "rate": 7.403196059166937}, "datetime": {"datetime": "2024-06-12 20:59:21", "elapsed": 60.364658, "delta": 0.116699}}
{"target": -143.22899707240148, "params": {"p_ai": 4.62528217768507, "p_al": 8.696271237126007, "p_ex": 6.604458934771733, "prior": 2.4916517944308763, "rate": 2.3497873058002465}, "datetime": {"datetime": "2024-06-12 20:59:21", "elapsed": 60.482821, "delta": 0.118163}}
{"target": -105.81078459337337, "params": {"p_ai": 3.741093121953829, "p_al": 7.566403946905877, "p_ex": 9.379438705433513, "prior": 8.61919808718901, "rate": 2.6168463160365345}, "datetime": {"datetime": "2024-06-12 20:59:21", "elapsed": 60.599408, "delta": 0.116587}}
{"target": -142.19892924634215, "params": {"p_ai": 4.12337700085772, "p_al": 6.115829450403766, "p_ex": 5.468797723702268, "prior": 3.893360179144248, "rate": 1.0151063480358857}, "datetime": {"datetime": "2024-06-12 20:59:21", "elapsed": 60.716709, "delta": 0.117301}}
{"target": -140.1044525046424, "params": {"p_ai": 7.122735799168159, "p_al": 0.8822635040904132, "p_ex": 8.660908216307822, "prior": 8.634620954886014, "rate": 7.084799464362212}, "datetime": {"datetime": "2024-06-12 20:59:21", "elapsed": 60.858632, "delta": 0.141923}}
{"target": -131.8489269787962, "params": {"p_ai": 4.864759313503054, "p_al": 6.991766507563753, "p_ex": 3.950475613957549, "prior": 7.975162346949194, "rate": 7.864384405716199}, "datetime": {"datetime": "2024-06-12 20:59:21", "elapsed": 60.982756, "delta": 0.124124}}
{"target": -109.29888781979898, "params": {"p_ai": 1.5561303101523432, "p_al": 3.1788576859556272, "p_ex": 3.4404877846831172, "prior": 3.6423388162366046, "rate": 5.6668889213223}, "datetime": {"datetime": "2024-06-12 20:59:21", "elapsed": 61.105274, "delta": 0.122518}}
{"target": -134.5856448940968, "params": {"p_ai": 0.4178327377603575, "p_al": 6.600037219920028, "p_ex": 2.0171159588072864, "prior": 4.165209099174909, "rate": 4.5094756723505}, "datetime": {"datetime": "2024-06-12 20:59:21", "elapsed": 61.225436, "delta": 0.120162}}
{"target": -137.31061102173297, "params": {"p_ai": 3.4879189687069116, "p_al": 3.8334198209699974, "p_ex": 1.8038803024167458, "prior": 0.68223244388335, "rate": 5.513015232709581}, "datetime": {"datetime": "2024-06-12 20:59:22", "elapsed": 61.345265, "delta": 0.119829}}
{"target": -154.77735164568563, "params": {"p_ai": 5.959073589220895, "p_al": 1.4558523924278663, "p_ex": 2.310186141512919, "prior": 2.864484938242287, "rate": 8.307682917677353}, "datetime": {"datetime": "2024-06-12 20:59:22", "elapsed": 61.464113, "delta": 0.118848}}
{"target": -106.40376142896727, "params": {"p_ai": 1.535055990682961, "p_al": 5.521835936727261, "p_ex": 5.681829037204232, "prior": 3.434857510993614, "rate": 3.5068212758802293}, "datetime": {"datetime": "2024-06-12 20:59:22", "elapsed": 61.582692, "delta": 0.118579}}
{"target": -190.94406051932043, "params": {"p_ai": 9.591161063174503, "p_al": 5.533886150645748, "p_ex": 6.527659277808647, "prior": 4.907910424327689, "rate": 6.466853166736234}, "datetime": {"datetime": "2024-06-12 20:59:22", "elapsed": 61.700424, "delta": 0.117732}}
{"target": -157.88907811851993, "params": {"p_ai": 6.052902604285114, "p_al": 1.452587755908036, "p_ex": 3.3474706483130476, "prior": 4.604879500595876, "rate": 1.2790887944022422}, "datetime": {"datetime": "2024-06-12 20:59:22", "elapsed": 61.820373, "delta": 0.119949}}
{"target": -99.393296511557, "params": {"p_ai": 3.6313701627213772, "p_al": 2.2821882012949293, "p_ex": 8.47517852010175, "prior": 3.4153993261329654, "rate": 2.268666417341983}, "datetime": {"datetime": "2024-06-12 20:59:22", "elapsed": 61.938177, "delta": 0.117804}}
{"target": -173.92925055633958, "params": {"p_ai": 4.08240584711997, "p_al": 6.830957412174848, "p_ex": 0.657154367615287, "prior": 1.8081114068162947, "rate": 6.943375082298363}, "datetime": {"datetime": "2024-06-12 20:59:22", "elapsed": 62.054865, "delta": 0.116688}}
{"target": -169.03655078012554, "params": {"p_ai": 7.522813791436128, "p_al": 6.177925041821069, "p_ex": 8.792106406805418, "prior": 1.6888331005858586, "rate": 7.0357737742820845}, "datetime": {"datetime": "2024-06-12 20:59:22", "elapsed": 62.176099, "delta": 0.121234}}
{"target": -209.27704479652522, "params": {"p_ai": 9.172684330641006, "p_al": 1.508245851371479, "p_ex": 2.4383960099844155, "prior": 5.467299036335953, "rate": 3.441849250422999}, "datetime": {"datetime": "2024-06-12 20:59:22", "elapsed": 62.297167, "delta": 0.121068}}
{"target": -176.96087639916163, "params": {"p_ai": 6.90670016874316, "p_al": 0.5766186166326498, "p_ex": 1.6084806590922747, "prior": 7.162666826489736, "rate": 9.706216365641005}, "datetime": {"datetime": "2024-06-12 20:59:23", "elapsed": 62.414768, "delta": 0.117601}}
{"target": -384.8529849372786, "params": {"p_ai": 9.295574214746894, "p_al": 9.010768867234715, "p_ex": 1.2783053957220292, "prior": 1.4601432517979631, "rate": 0.7235753033919117}, "datetime": {"datetime": "2024-06-12 20:59:23", "elapsed": 62.53219, "delta": 0.117422}}
{"target": -151.51238002340875, "params": {"p_ai": 5.425859791214765, "p_al": 8.824979242850812, "p_ex": 5.318387208768819, "prior": 7.817371138674004, "rate": 1.8853494153257044}, "datetime": {"datetime": "2024-06-12 20:59:23", "elapsed": 62.649383, "delta": 0.117193}}
{"target": -220.73918851083934, "params": {"p_ai": 8.631249490403183, "p_al": 1.8750602824827893, "p_ex": 0.548586496539166, "prior": 4.215488613270554, "rate": 5.551489195654376}, "datetime": {"datetime": "2024-06-12 20:59:23", "elapsed": 62.767389, "delta": 0.118006}}
{"target": -210.9659447678558, "params": {"p_ai": 9.707449353204424, "p_al": 0.9184465805784736, "p_ex": 2.7399070142023203, "prior": 1.0519655837514126, "rate": 3.9050059277394262}, "datetime": {"datetime": "2024-06-12 20:59:23", "elapsed": 62.885077, "delta": 0.117688}}
{"target": -113.87342346157722, "params": {"p_ai": 2.890821820794509, "p_al": 5.133490194329599, "p_ex": 3.483218560825719, "prior": 9.28235195448276, "rate": 7.8996880160340215}, "datetime": {"datetime": "2024-06-12 20:59:23", "elapsed": 63.002866, "delta": 0.117789}}
{"target": -184.79794273815546, "params": {"p_ai": 8.610252674771141, "p_al": 1.2958799584830156, "p_ex": 5.751126599720151, "prior": 2.1486105763127026, "rate": 8.682517475837448}, "datetime": {"datetime": "2024-06-12 20:59:23", "elapsed": 63.120353, "delta": 0.117487}}
{"target": -133.80166685188559, "params": {"p_ai": 0.15117919811248737, "p_al": 1.0583364070853916, "p_ex": 3.761194698397609, "prior": 4.021536967025843, "rate": 2.7729236097038474}, "datetime": {"datetime": "2024-06-12 20:59:23", "elapsed": 63.240696, "delta": 0.120343}}
{"target": -132.47065233320828, "params": {"p_ai": 0.9615339246006319, "p_al": 1.1881853207208233, "p_ex": 3.1801295937194918, "prior": 9.507977547943128, "rate": 2.0748582416284203}, "datetime": {"datetime": "2024-06-12 20:59:24", "elapsed": 63.358383, "delta": 0.117687}}
{"target": -289.21775250725665, "params": {"p_ai": 7.473055930271166, "p_al": 2.5826284514108324, "p_ex": 0.37336531585223737, "prior": 0.16150603946145364, "rate": 1.5279066058805837}, "datetime": {"datetime": "2024-06-12 20:59:24", "elapsed": 63.475302, "delta": 0.116919}}
{"target": -117.16671565292901, "params": {"p_ai": 4.621379845784425, "p_al": 7.559255074280514, "p_ex": 7.2884205045195944, "prior": 3.524542035387884, "rate": 4.7919136483503735}, "datetime": {"datetime": "2024-06-12 20:59:24", "elapsed": 63.592579, "delta": 0.117277}}
{"target": -929.5935944798706, "params": {"p_ai": 8.140923460003277, "p_al": 8.384190660883412, "p_ex": 3.1998470874794367, "prior": 0.043645919052664246, "rate": 0.4702615014191002}, "datetime": {"datetime": "2024-06-12 20:59:24", "elapsed": 63.710329, "delta": 0.11775}}
{"target": -166.1084526034025, "params": {"p_ai": 7.378335968662237, "p_al": 2.7270501784440078, "p_ex": 4.815376636054336, "prior": 1.9211206290454117, "rate": 8.471282047905861}, "datetime": {"datetime": "2024-06-12 20:59:24", "elapsed": 63.830009, "delta": 0.11968}}
{"target": -176.98119167703234, "params": {"p_ai": 5.034272718755895, "p_al": 5.272074597046892, "p_ex": 2.881507801269463, "prior": 5.120480307408566, "rate": 0.020634490179817777}, "datetime": {"datetime": "2024-06-12 20:59:24", "elapsed": 63.947325, "delta": 0.117316}}
{"target": -116.10963207058579, "params": {"p_ai": 2.7736731083917574, "p_al": 3.488281072400821, "p_ex": 2.8402249120040706, "prior": 0.8604363235466009, "rate": 5.2182903111313514}, "datetime": {"datetime": "2024-06-12 20:59:24", "elapsed": 64.064612, "delta": 0.117287}}
{"target": -189.37871886806778, "params": {"p_ai": 7.885002854601779, "p_al": 9.426041757646109, "p_ex": 4.973400631374519, "prior": 5.93794482969608, "rate": 2.9093085181668954}, "datetime": {"datetime": "2024-06-12 20:59:24", "elapsed": 64.182531, "delta": 0.117919}}
{"target": -122.04672147305814, "params": {"p_ai": 1.492445929692968, "p_al": 1.3195850355936822, "p_ex": 7.323875397919708, "prior": 7.344959884063995, "rate": 1.7943208163497153}, "datetime": {"datetime": "2024-06-12 20:59:24", "elapsed": 64.301777, "delta": 0.119246}}
{"target": -149.90624119535065, "params": {"p_ai": 4.136190237378143, "p_al": 5.941849134587504, "p_ex": 1.2536941799153012, "prior": 7.85390412973879, "rate": 6.20030204099907}, "datetime": {"datetime": "2024-06-12 20:59:25", "elapsed": 64.45236, "delta": 0.150583}}
{"target": -131.18930848024883, "params": {"p_ai": 6.152601693393037, "p_al": 7.012379711094405, "p_ex": 9.871843637581678, "prior": 5.624382165115826, "rate": 8.644298200721781}, "datetime": {"datetime": "2024-06-12 20:59:25", "elapsed": 64.570084, "delta": 0.117724}}
{"target": -104.76215118994926, "params": {"p_ai": 4.187668041896602, "p_al": 6.545039042923117, "p_ex": 9.252686617399803, "prior": 6.64184400562511, "rate": 3.031503678754719}, "datetime": {"datetime": "2024-06-12 20:59:25", "elapsed": 64.688233, "delta": 0.118149}}
{"target": -165.91010847459017, "params": {"p_ai": 6.199836992922438, "p_al": 3.5138318852615673, "p_ex": 3.224344384669061, "prior": 6.102440382404956, "rate": 1.6040719966518822}, "datetime": {"datetime": "2024-06-12 20:59:25", "elapsed": 64.821085, "delta": 0.132852}}
{"target": -158.0276314450776, "params": {"p_ai": 4.867902618641776, "p_al": 9.456397215578926, "p_ex": 3.839758505543401, "prior": 1.8904369698648686, "rate": 4.688920657472168}, "datetime": {"datetime": "2024-06-12 20:59:25", "elapsed": 64.939595, "delta": 0.11851}}
{"target": -244.05732500017018, "params": {"p_ai": 8.409237406703872, "p_al": 8.426834558227732, "p_ex": 8.278204591352763, "prior": 0.11574365054552785, "rate": 2.6711360589730235}, "datetime": {"datetime": "2024-06-12 20:59:25", "elapsed": 65.056873, "delta": 0.117278}}
{"target": -212.68469702629977, "params": {"p_ai": 9.99875799995505, "p_al": 1.1977130886476726, "p_ex": 4.901404871380246, "prior": 7.900471479876251, "rate": 1.223016887028468}, "datetime": {"datetime": "2024-06-12 20:59:25", "elapsed": 65.181981, "delta": 0.125108}}
{"target": -185.38614691064572, "params": {"p_ai": 6.624429397731788, "p_al": 4.881316374767721, "p_ex": 1.9437055308797813, "prior": 8.786421635800622, "rate": 1.8156924881797458}, "datetime": {"datetime": "2024-06-12 20:59:25", "elapsed": 65.298984, "delta": 0.117003}}
{"target": -168.72644649957354, "params": {"p_ai": 6.390889540088459, "p_al": 7.4085279551010945, "p_ex": 5.6271661930456895, "prior": 6.288786844403314, "rate": 1.1905350008234223}, "datetime": {"datetime": "2024-06-12 20:59:26", "elapsed": 65.416351, "delta": 0.117367}}
{"target": -111.0797692726637, "params": {"p_ai": 3.0810618335582585, "p_al": 5.870035110089563, "p_ex": 3.955241699358807, "prior": 6.639796868246575, "rate": 8.519694493398179}, "datetime": {"datetime": "2024-06-12 20:59:26", "elapsed": 65.549607, "delta": 0.133256}}
{"target": -114.8975087641435, "params": {"p_ai": 1.903030671032523, "p_al": 9.032823736002479, "p_ex": 3.8323753284605018, "prior": 9.431300182951817, "rate": 6.174205747936627}, "datetime": {"datetime": "2024-06-12 20:59:26", "elapsed": 65.678374, "delta": 0.128767}}
{"target": -191.20690897518244, "params": {"p_ai": 7.901165115937855, "p_al": 5.148239508303887, "p_ex": 5.311915799238696, "prior": 3.276611393760953, "rate": 1.2945177075663274}, "datetime": {"datetime": "2024-06-12 20:59:26", "elapsed": 65.801339, "delta": 0.122965}}
{"target": -160.06042335713528, "params": {"p_ai": 3.8388352966923764, "p_al": 2.1505498314359848, "p_ex": 0.32961969356328386, "prior": 2.7495934114227696, "rate": 1.8065799506159026}, "datetime": {"datetime": "2024-06-12 20:59:26", "elapsed": 65.919565, "delta": 0.118226}}
{"target": -204.34588232010026, "params": {"p_ai": 8.75542762006619, "p_al": 0.8132843877516185, "p_ex": 1.8397720952197505, "prior": 7.040602924667807, "rate": 9.192339684311714}, "datetime": {"datetime": "2024-06-12 20:59:26", "elapsed": 66.037252, "delta": 0.117687}}
{"target": -100.29935076056066, "params": {"p_ai": 2.515333063867109, "p_al": 0.21399001348235436, "p_ex": 9.605084223078242, "prior": 6.8225241840990325, "rate": 3.107316297942495}, "datetime": {"datetime": "2024-06-12 20:59:26", "elapsed": 66.155553, "delta": 0.118301}}
{"target": -131.32756549422828, "params": {"p_ai": 4.724262048710183, "p_al": 5.992959482913756, "p_ex": 3.7393118520813564, "prior": 8.74500347841515, "rate": 7.261999710487967}, "datetime": {"datetime": "2024-06-12 20:59:26", "elapsed": 66.273759, "delta": 0.118206}}
{"target": -182.5649873448012, "params": {"p_ai": 9.543452705537488, "p_al": 3.5113041629592687, "p_ex": 9.37180371312909, "prior": 4.791526641683215, "rate": 6.423584063846066}, "datetime": {"datetime": "2024-06-12 20:59:27", "elapsed": 66.407261, "delta": 0.133502}}
{"target": -170.89042194726264, "params": {"p_ai": 7.36673540034412, "p_al": 8.093570352087795, "p_ex": 3.963197413459656, "prior": 4.480011839169197, "rate": 8.172952984101395}, "datetime": {"datetime": "2024-06-12 20:59:27", "elapsed": 66.541901, "delta": 0.13464}}
{"target": -173.47225709658397, "params": {"p_ai": 7.175854473706459, "p_al": 9.408551244537064, "p_ex": 9.795999116306994, "prior": 1.7899544503221003, "rate": 2.2799661987157394}, "datetime": {"datetime": "2024-06-12 20:59:27", "elapsed": 66.669068, "delta": 0.127167}}
{"target": -163.85299559369471, "params": {"p_ai": 7.16014848634319, "p_al": 7.474079963807781, "p_ex": 6.032192362771022, "prior": 8.773120342450891, "rate": 2.5206526306452743}, "datetime": {"datetime": "2024-06-12 20:59:27", "elapsed": 66.801946, "delta": 0.132878}}
{"target": -119.40400541964769, "params": {"p_ai": 3.3955344555736273, "p_al": 4.946973834220983, "p_ex": 3.150955862596707, "prior": 5.454845454328703, "rate": 6.8250983149001465}, "datetime": {"datetime": "2024-06-12 20:59:27", "elapsed": 66.920143, "delta": 0.118197}}
{"target": -128.89414371647018, "params": {"p_ai": 2.2044486446357947, "p_al": 4.853889202229838, "p_ex": 9.929820595017146, "prior": 3.242288870509168, "rate": 0.35458383299364826}, "datetime": {"datetime": "2024-06-12 20:59:27", "elapsed": 67.045989, "delta": 0.125846}}
{"target": -221.15866075803365, "params": {"p_ai": 8.173699941110849, "p_al": 5.033564529213024, "p_ex": 0.5287857773295865, "prior": 8.903159967215188, "rate": 4.045739285423598}, "datetime": {"datetime": "2024-06-12 20:59:27", "elapsed": 67.163549, "delta": 0.11756}}
{"target": -244.70063355295113, "params": {"p_ai": 9.292802548221829, "p_al": 4.0213796598318154, "p_ex": 0.7692460154620339, "prior": 2.4537661400558073, "rate": 3.503254796566321}, "datetime": {"datetime": "2024-06-12 20:59:27", "elapsed": 67.281677, "delta": 0.118128}}
{"target": -167.25231433414314, "params": {"p_ai": 7.507532195259897, "p_al": 1.8482967753404873, "p_ex": 4.310305563605018, "prior": 8.732580952739871, "rate": 5.338077152636459}, "datetime": {"datetime": "2024-06-12 20:59:28", "elapsed": 67.399425, "delta": 0.117748}}
{"target": -111.71649361711769, "params": {"p_ai": 1.0324440427708175, "p_al": 0.24620034805926763, "p_ex": 7.058392201809326, "prior": 9.791295782091213, "rate": 7.851867464260117}, "datetime": {"datetime": "2024-06-12 20:59:28", "elapsed": 67.517052, "delta": 0.117627}}
{"target": -201.77345115715795, "params": {"p_ai": 7.647497242257331, "p_al": 6.754799709264521, "p_ex": 7.9552316002763535, "prior": 0.40113783894076427, "rate": 2.647551635536823}, "datetime": {"datetime": "2024-06-12 20:59:28", "elapsed": 67.634611, "delta": 0.117559}}
{"target": -161.06113185766142, "params": {"p_ai": 6.9542799621795535, "p_al": 8.670016307747831, "p_ex": 6.746394111296426, "prior": 1.7635850037063328, "rate": 9.363148290996985}, "datetime": {"datetime": "2024-06-12 20:59:28", "elapsed": 67.750935, "delta": 0.116324}}
{"target": -206.42779904775458, "params": {"p_ai": 9.033883622408418, "p_al": 0.8677009826349238, "p_ex": 1.9308073757049558, "prior": 2.7526551130746566, "rate": 7.384380294175464}, "datetime": {"datetime": "2024-06-12 20:59:28", "elapsed": 67.868621, "delta": 0.117686}}
{"target": -231.7362525292945, "params": {"p_ai": 8.59387390968027, "p_al": 5.7836455521280605, "p_ex": 1.9972560609459706, "prior": 4.151483786326004, "rate": 1.3794541434408072}, "datetime": {"datetime": "2024-06-12 20:59:28", "elapsed": 67.985618, "delta": 0.116997}}
{"target": -228.9772852810897, "params": {"p_ai": 9.174044472397386, "p_al": 7.645544873164326, "p_ex": 5.10262812422697, "prior": 4.536296856665209, "rate": 0.9793229413773535}, "datetime": {"datetime": "2024-06-12 20:59:28", "elapsed": 68.103303, "delta": 0.117685}}
{"target": -101.29035553946625, "params": {"p_ai": 3.1874348876469725, "p_al": 1.2072073207786072, "p_ex": 7.823598295559239, "prior": 5.44929218305527, "rate": 2.2735465367701733}, "datetime": {"datetime": "2024-06-12 20:59:28", "elapsed": 68.221115, "delta": 0.117812}}
{"target": -115.61973326484552, "params": {"p_ai": 2.242804189720107, "p_al": 2.6047215769603396, "p_ex": 3.0894186504102437, "prior": 3.8776636126823174, "rate": 2.9761917748399953}, "datetime": {"datetime": "2024-06-12 20:59:29", "elapsed": 68.3388, "delta": 0.117685}}
{"target": -160.64453875078786, "params": {"p_ai": 6.795879389436971, "p_al": 0.351701119431484, "p_ex": 3.2817750389987497, "prior": 7.4531734367072975, "rate": 9.428137042767773}, "datetime": {"datetime": "2024-06-12 20:59:29", "elapsed": 68.456684, "delta": 0.117884}}
{"target": -187.0199236436508, "params": {"p_ai": 8.027522769025355, "p_al": 2.4090212695059683, "p_ex": 2.329921768369933, "prior": 1.904177610377174, "rate": 8.825092851051235}, "datetime": {"datetime": "2024-06-12 20:59:29", "elapsed": 68.578752, "delta": 0.122068}}
{"target": -135.1201128111151, "params": {"p_ai": 2.3793190167249576, "p_al": 7.582048053507862, "p_ex": 2.611236264315461, "prior": 0.3317853522317488, "rate": 7.334743552987591}, "datetime": {"datetime": "2024-06-12 20:59:29", "elapsed": 68.699566, "delta": 0.120814}}
{"target": -178.18240699237992, "params": {"p_ai": 7.262291896142214, "p_al": 0.8905021504995737, "p_ex": 3.2676858780380864, "prior": 9.483704536600037, "rate": 1.6303270368232625}, "datetime": {"datetime": "2024-06-12 20:59:29", "elapsed": 68.818374, "delta": 0.118808}}
{"target": -113.5673166305667, "params": {"p_ai": 0.8676380540564483, "p_al": 5.946444277228148, "p_ex": 9.309967663594373, "prior": 1.3386492991231709, "rate": 5.130609924306518}, "datetime": {"datetime": "2024-06-12 20:59:29", "elapsed": 68.935172, "delta": 0.116798}}
{"target": -199.97419252620273, "params": {"p_ai": 6.84030814195546, "p_al": 1.7191257663086643, "p_ex": 0.11358767502840258, "prior": 8.876943621666769, "rate": 0.3532774752629418}, "datetime": {"datetime": "2024-06-12 20:59:29", "elapsed": 69.053189, "delta": 0.118017}}
{"target": -141.7343903289776, "params": {"p_ai": 2.575325379792938, "p_al": 6.5171886333749445, "p_ex": 2.8585435506242662, "prior": 0.09806625815159087, "rate": 5.754942892815359}, "datetime": {"datetime": "2024-06-12 20:59:29", "elapsed": 69.171275, "delta": 0.118086}}
{"target": -119.41087882826841, "params": {"p_ai": 3.078614991068771, "p_al": 1.5159891044593792, "p_ex": 9.712861834014069, "prior": 1.6505577067216257, "rate": 7.272627175991628}, "datetime": {"datetime": "2024-06-12 20:59:29", "elapsed": 69.288963, "delta": 0.117688}}
{"target": -325.443006334539, "params": {"p_ai": 8.907351190743636, "p_al": 8.587292442153725, "p_ex": 1.8433864145173096, "prior": 2.3688485284086984, "rate": 0.1846080023892216}, "datetime": {"datetime": "2024-06-12 20:59:30", "elapsed": 69.406136, "delta": 0.117173}}
{"target": -283.925184904351, "params": {"p_ai": 9.314123267181278, "p_al": 8.871324645396406, "p_ex": 5.95506622352646, "prior": 1.0945671874130298, "rate": 1.736252925778173}, "datetime": {"datetime": "2024-06-12 20:59:30", "elapsed": 69.523329, "delta": 0.117193}}
{"target": -158.06592166748257, "params": {"p_ai": 5.770026748955153, "p_al": 2.5173180780279494, "p_ex": 3.0024181605272484, "prior": 1.7107025020812408, "rate": 1.8967275990085757}, "datetime": {"datetime": "2024-06-12 20:59:30", "elapsed": 69.640523, "delta": 0.117194}}
