{"target": -255.3619970300712, "params": {"p_ai": 1.1407744850837678, "p_al": 9.37251222392266, "p_ex": 2.3461206012549862, "prior": 1.5290154598338772, "rate": 5.100648048748763}, "datetime": {"datetime": "2024-06-13 03:31:54", "elapsed": 115.592479, "delta": 0.115633}}
{"target": -275.0853511436915, "params": {"p_ai": 4.550990310069778, "p_al": 0.741195677957228, "p_ex": 5.756153151918489, "prior": 6.98565427848021, "rate": 4.905996798082162}, "datetime": {"datetime": "2024-06-13 03:31:54", "elapsed": 115.706175, "delta": 0.113696}}
{"target": -165.12931980838914, "params": {"p_ai": 0.7298636292201426, "p_al": 1.7974602213999658, "p_ex": 1.1602386580615005, "prior": 5.835042278802777, "rate": 0.8517929419359279}, "datetime": {"datetime": "2024-06-13 03:31:54", "elapsed": 115.817876, "delta": 0.111701}}
{"target": -252.12458970066467, "params": {"p_ai": 3.8411646857898374, "p_al": 1.4724167980156326, "p_ex": 4.115450872320082, "prior": 6.253124313642986, "rate": 3.5960370773628587}, "datetime": {"datetime": "2024-06-13 03:31:54", "elapsed": 115.92958, "delta": 0.111704}}
{"target": -430.6296612488512, "params": {"p_ai": 8.959947493135243, "p_al": 4.175385995901437, "p_ex": 9.336618707857031, "prior": 8.204747872100748, "rate": 1.1673082330925828}, "datetime": {"datetime": "2024-06-13 03:31:55", "elapsed": 116.040285, "delta": 0.110705}}
{"target": -166.07427997024175, "params": {"p_ai": 1.04055225035615, "p_al": 1.3289685737075208, "p_ex": 6.3850452068779955, "prior": 6.8462367597475735, "rate": 7.900310828063816}, "datetime": {"datetime": "2024-06-13 03:31:55", "elapsed": 116.160486, "delta": 0.120201}}
{"target": -366.11705627156687, "params": {"p_ai": 5.423716313506835, "p_al": 6.753903334133415, "p_ex": 6.86782996092407, "prior": 3.3829604515267047, "rate": 6.50551261095516}, "datetime": {"datetime": "2024-06-13 03:31:55", "elapsed": 116.273502, "delta": 0.113016}}
{"target": -283.1995092965032, "params": {"p_ai": 4.041556089281965, "p_al": 6.402004807053291, "p_ex": 9.346267563130283, "prior": 4.300276952021971, "rate": 5.062169284611167}, "datetime": {"datetime": "2024-06-13 03:31:55", "elapsed": 116.385283, "delta": 0.111781}}
{"target": -288.39390929797054, "params": {"p_ai": 3.321315955327793, "p_al": 5.787626649270162, "p_ex": 8.63433961200101, "prior": 2.8372099107495634, "rate": 8.3440688316731}, "datetime": {"datetime": "2024-06-13 03:31:55", "elapsed": 116.497982, "delta": 0.112699}}
{"target": -354.94006665915026, "params": {"p_ai": 5.19525257002433, "p_al": 2.261536524307906, "p_ex": 4.195052837461809, "prior": 1.6707797438122824, "rate": 9.124032852774677}, "datetime": {"datetime": "2024-06-13 03:31:55", "elapsed": 116.608686, "delta": 0.110704}}
{"target": -211.66654679041912, "params": {"p_ai": 0.5804135275146948, "p_al": 6.0404303253472555, "p_ex": 1.0404127277565, "prior": 3.135467231273893, "rate": 1.430273657454418}, "datetime": {"datetime": "2024-06-13 03:31:55", "elapsed": 116.720391, "delta": 0.111705}}
{"target": -336.64411723771303, "params": {"p_ai": 4.995605364951713, "p_al": 6.361341648049341, "p_ex": 8.292725454727396, "prior": 4.500679335876382, "rate": 7.694721722549676}, "datetime": {"datetime": "2024-06-13 03:31:55", "elapsed": 116.832094, "delta": 0.111703}}
{"target": -392.8936249754539, "params": {"p_ai": 5.953782798974832, "p_al": 9.722671066127008, "p_ex": 1.1980382373790506, "prior": 8.163360508295652, "rate": 8.35172689292234}, "datetime": {"datetime": "2024-06-13 03:31:55", "elapsed": 116.944792, "delta": 0.112698}}
{"target": -443.20576343861836, "params": {"p_ai": 7.915926255491784, "p_al": 4.548793901755333, "p_ex": 5.2725668517843856, "prior": 9.853860789595378, "rate": 9.446413498524006}, "datetime": {"datetime": "2024-06-13 03:31:56", "elapsed": 117.055495, "delta": 0.110703}}
{"target": -415.0754574473286, "params": {"p_ai": 7.630254534904332, "p_al": 4.603153079254813, "p_ex": 5.4028153672728605, "prior": 8.045798752128785, "rate": 2.7694190259593214}, "datetime": {"datetime": "2024-06-13 03:31:56", "elapsed": 117.169192, "delta": 0.113697}}
{"target": -188.54849161798467, "params": {"p_ai": 2.5660746449201204, "p_al": 2.139399592613354, "p_ex": 5.5125104016000455, "prior": 9.51400463278507, "rate": 2.3781292082021652}, "datetime": {"datetime": "2024-06-13 03:31:56", "elapsed": 117.280893, "delta": 0.111701}}
{"target": -443.0174810761674, "params": {"p_ai": 8.016191948242625, "p_al": 0.3050697728019885, "p_ex": 5.062693893865372, "prior": 2.840969561694019, "rate": 2.8279345769967326}, "datetime": {"datetime": "2024-06-13 03:31:56", "elapsed": 117.393628, "delta": 0.112735}}
{"target": -225.82674272714902, "params": {"p_ai": 3.9203469333642396, "p_al": 5.35503815277569, "p_ex": 7.729080748891848, "prior": 9.616620886718035, "rate": 1.5047059924704762}, "datetime": {"datetime": "2024-06-13 03:31:56", "elapsed": 117.505835, "delta": 0.112207}}
{"target": -341.9452674994729, "params": {"p_ai": 3.948506624298461, "p_al": 1.628239861491975, "p_ex": 8.366584905960446, "prior": 0.848939363998362, "rate": 8.56300093082201}, "datetime": {"datetime": "2024-06-13 03:31:56", "elapsed": 117.618042, "delta": 0.112207}}
{"target": -518.9771088512289, "params": {"p_ai": 7.408710726097538, "p_al": 8.583506747549555, "p_ex": 8.899312178011375, "prior": 1.5086156837021263, "rate": 5.5673037568750585}, "datetime": {"datetime": "2024-06-13 03:31:56", "elapsed": 117.730744, "delta": 0.112702}}
{"target": -261.67497152327087, "params": {"p_ai": 3.0258735823548673, "p_al": 2.7129607380351044, "p_ex": 0.16532732155215554, "prior": 5.152292531010813, "rate": 0.19147494677606597}, "datetime": {"datetime": "2024-06-13 03:31:56", "elapsed": 117.843017, "delta": 0.112273}}
{"target": -475.04749576759986, "params": {"p_ai": 8.982387549518384, "p_al": 2.6705499326512445, "p_ex": 4.934240682090825, "prior": 6.364538822186757, "rate": 0.015996068662820412}, "datetime": {"datetime": "2024-06-13 03:31:57", "elapsed": 117.980029, "delta": 0.137012}}
{"target": -161.82349545863372, "params": {"p_ai": 1.1332762215360346, "p_al": 4.6659477575289365, "p_ex": 6.233154737614458, "prior": 8.196890952415792, "rate": 4.148641338539144}, "datetime": {"datetime": "2024-06-13 03:31:57", "elapsed": 118.102705, "delta": 0.122676}}
{"target": -562.4464885444265, "params": {"p_ai": 9.268614494012429, "p_al": 5.974235073828673, "p_ex": 0.019306140396848814, "prior": 6.8006992180995605, "rate": 2.128523676734889}, "datetime": {"datetime": "2024-06-13 03:31:57", "elapsed": 118.221393, "delta": 0.118688}}
{"target": -154.6403185437418, "params": {"p_ai": 0.1535430664843777, "p_al": 7.357746568123304, "p_ex": 5.519551912752578, "prior": 7.836427271615353, "rate": 0.8826025604544863}, "datetime": {"datetime": "2024-06-13 03:31:57", "elapsed": 118.340771, "delta": 0.119378}}
{"target": -258.8555868559335, "params": {"p_ai": 3.557641134340776, "p_al": 2.997716685977381, "p_ex": 5.690460974182054, "prior": 5.102021899170938, "rate": 7.821480373966176}, "datetime": {"datetime": "2024-06-13 03:31:57", "elapsed": 118.459108, "delta": 0.118337}}
{"target": -200.67831649878158, "params": {"p_ai": 1.8713920251723999, "p_al": 5.765378570105822, "p_ex": 6.444129706059222, "prior": 4.599220004875528, "rate": 5.580214322469496}, "datetime": {"datetime": "2024-06-13 03:31:57", "elapsed": 118.570838, "delta": 0.11173}}
{"target": -559.8492954064099, "params": {"p_ai": 9.743286307322958, "p_al": 7.516972503104567, "p_ex": 3.8104826236472786, "prior": 4.340728838399114, "rate": 7.1286020094809155}, "datetime": {"datetime": "2024-06-13 03:31:57", "elapsed": 118.701694, "delta": 0.130856}}
{"target": -219.61646737642522, "params": {"p_ai": 0.9380272253159303, "p_al": 6.378444418173399, "p_ex": 1.1444706002755325, "prior": 1.0193780310022393, "rate": 6.667021122891057}, "datetime": {"datetime": "2024-06-13 03:31:57", "elapsed": 118.823428, "delta": 0.121734}}
{"target": -216.155331379861, "params": {"p_ai": 1.6718316754921494, "p_al": 7.647419971523622, "p_ex": 7.506153520363204, "prior": 3.120890696515402, "rate": 5.7090751316208}, "datetime": {"datetime": "2024-06-13 03:31:57", "elapsed": 118.936127, "delta": 0.112699}}
{"target": -404.35139752000106, "params": {"p_ai": 6.451761309420609, "p_al": 8.11483462906578, "p_ex": 2.0154617304835343, "prior": 6.762750921175965, "rate": 8.229082944239403}, "datetime": {"datetime": "2024-06-13 03:31:58", "elapsed": 119.047828, "delta": 0.111701}}
{"target": -258.16166234622614, "params": {"p_ai": 4.144442403173417, "p_al": 4.93747435337824, "p_ex": 5.142979711493183, "prior": 9.393346948548995, "rate": 0.5174559628579339}, "datetime": {"datetime": "2024-06-13 03:31:58", "elapsed": 119.15953, "delta": 0.111702}}
{"target": -354.2942983062736, "params": {"p_ai": 5.715956688116926, "p_al": 4.89811116337683, "p_ex": 3.43893717379704, "prior": 6.699497281794499, "rate": 7.6946306666071145}, "datetime": {"datetime": "2024-06-13 03:31:58", "elapsed": 119.270234, "delta": 0.110704}}
{"target": -357.8845857235586, "params": {"p_ai": 5.401055710011223, "p_al": 0.4173388331209862, "p_ex": 2.351573570535765, "prior": 0.20537707355366863, "rate": 3.2784551452972495}, "datetime": {"datetime": "2024-06-13 03:31:58", "elapsed": 119.378398, "delta": 0.108164}}
{"target": -322.42511212928304, "params": {"p_ai": 4.6810927226785255, "p_al": 7.845906561782468, "p_ex": 5.323197285329133, "prior": 4.774787580289247, "rate": 6.97979925706494}, "datetime": {"datetime": "2024-06-13 03:31:58", "elapsed": 119.485831, "delta": 0.107433}}
{"target": -160.83622519573885, "params": {"p_ai": 0.17515443583683923, "p_al": 6.950212658575371, "p_ex": 3.120283908366149, "prior": 5.598349803704971, "rate": 6.068459647449929}, "datetime": {"datetime": "2024-06-13 03:31:58", "elapsed": 119.59454, "delta": 0.108709}}
{"target": -191.5883390566611, "params": {"p_ai": 1.8222444288432162, "p_al": 2.503475630001388, "p_ex": 5.788601767479563, "prior": 2.626964094789226, "rate": 2.394931076617789}, "datetime": {"datetime": "2024-06-13 03:31:58", "elapsed": 119.703249, "delta": 0.108709}}
{"target": -264.08426681044625, "params": {"p_ai": 3.5909544712195682, "p_al": 9.044205571519699, "p_ex": 8.692233844849905, "prior": 5.140843749597316, "rate": 0.518425063389165}, "datetime": {"datetime": "2024-06-13 03:31:58", "elapsed": 119.810964, "delta": 0.107715}}
{"target": -444.2786323701273, "params": {"p_ai": 8.003578731196113, "p_al": 1.8127106900062346, "p_ex": 6.687743802830694, "prior": 8.353881775946903, "rate": 9.648000771149587}, "datetime": {"datetime": "2024-06-13 03:31:58", "elapsed": 119.920008, "delta": 0.109044}}
{"target": -183.01273836855572, "params": {"p_ai": 1.2693322409733296, "p_al": 5.2335899057090876, "p_ex": 8.506259835578277, "prior": 5.376554931110454, "rate": 7.300734714387249}, "datetime": {"datetime": "2024-06-13 03:31:59", "elapsed": 120.029019, "delta": 0.109011}}
{"target": -438.0802896080892, "params": {"p_ai": 7.854811002586698, "p_al": 8.36611885215124, "p_ex": 6.665657739071529, "prior": 8.977494158102747, "rate": 6.4782645488662265}, "datetime": {"datetime": "2024-06-13 03:31:59", "elapsed": 120.138004, "delta": 0.108985}}
{"target": -499.4454730061832, "params": {"p_ai": 9.446429266156732, "p_al": 6.293354520653859, "p_ex": 8.724413810278625, "prior": 5.956957948921218, "rate": 3.4441454939220204}, "datetime": {"datetime": "2024-06-13 03:31:59", "elapsed": 120.247289, "delta": 0.109285}}
{"target": -468.7699697680007, "params": {"p_ai": 8.134761405617539, "p_al": 4.324377898849634, "p_ex": 1.26633005871915, "prior": 9.685718757922707, "rate": 8.52578267545826}, "datetime": {"datetime": "2024-06-13 03:31:59", "elapsed": 120.363455, "delta": 0.116166}}
{"target": -423.0231740213021, "params": {"p_ai": 5.613032976457021, "p_al": 6.70645236332923, "p_ex": 9.977244494869737, "prior": 1.6139258941379875, "rate": 5.345865061083275}, "datetime": {"datetime": "2024-06-13 03:31:59", "elapsed": 120.474729, "delta": 0.111274}}
{"target": -303.0652901073998, "params": {"p_ai": 3.9103960995083145, "p_al": 5.411934552410746, "p_ex": 1.0346751548979976, "prior": 4.407981838836031, "rate": 4.615179910338178}, "datetime": {"datetime": "2024-06-13 03:31:59", "elapsed": 120.583437, "delta": 0.108708}}
{"target": -355.3260111525552, "params": {"p_ai": 5.959320550265768, "p_al": 6.624089435667514, "p_ex": 5.9019035859365445, "prior": 7.294098218201382, "rate": 5.809445336004908}, "datetime": {"datetime": "2024-06-13 03:31:59", "elapsed": 120.691167, "delta": 0.10773}}
{"target": -332.94254517956597, "params": {"p_ai": 4.431587983023527, "p_al": 4.968387656954369, "p_ex": 4.301458081482029, "prior": 2.1015284571954447, "rate": 2.268784360438243}, "datetime": {"datetime": "2024-06-13 03:31:59", "elapsed": 120.800874, "delta": 0.109707}}
{"target": -309.94080682559894, "params": {"p_ai": 4.574429372227603, "p_al": 4.336093573615487, "p_ex": 7.793058306926475, "prior": 4.209162904499499, "rate": 6.734009957010978}, "datetime": {"datetime": "2024-06-13 03:31:59", "elapsed": 120.910581, "delta": 0.109707}}
{"target": -178.7661562861203, "params": {"p_ai": 1.6612208005950855, "p_al": 8.240765784945472, "p_ex": 6.8543823546258436, "prior": 7.890734933535461, "rate": 3.595485391756027}, "datetime": {"datetime": "2024-06-13 03:32:00", "elapsed": 121.02231, "delta": 0.111729}}
{"target": -404.041663324563, "params": {"p_ai": 6.62582745539401, "p_al": 2.1716875482551337, "p_ex": 2.2108368698919416, "prior": 2.4253252674042707, "rate": 2.646618581923333}, "datetime": {"datetime": "2024-06-13 03:32:00", "elapsed": 121.143957, "delta": 0.121647}}
{"target": -249.77562225559737, "params": {"p_ai": 4.0847111440288835, "p_al": 8.287125786730796, "p_ex": 9.474248122372826, "prior": 6.3249475093286796, "rate": 1.348256625665745}, "datetime": {"datetime": "2024-06-13 03:32:00", "elapsed": 121.253001, "delta": 0.109044}}
{"target": -302.4526276514968, "params": {"p_ai": 4.200514533381073, "p_al": 9.361917703709535, "p_ex": 3.206122209008569, "prior": 6.1931905794918185, "rate": 9.351401339114533}, "datetime": {"datetime": "2024-06-13 03:32:00", "elapsed": 121.36182, "delta": 0.108819}}
{"target": -284.2473112151309, "params": {"p_ai": 4.607362678122438, "p_al": 5.004490142114326, "p_ex": 9.187018403826924, "prior": 9.298305886525743, "rate": 9.04496424702233}, "datetime": {"datetime": "2024-06-13 03:32:00", "elapsed": 121.471243, "delta": 0.109423}}
{"target": -382.1014070552234, "params": {"p_ai": 5.136831672247763, "p_al": 6.398472694701441, "p_ex": 5.890472752605639, "prior": 1.5857897044582854, "rate": 6.234866594810311}, "datetime": {"datetime": "2024-06-13 03:32:00", "elapsed": 121.578955, "delta": 0.107712}}
{"target": -247.95920206886078, "params": {"p_ai": 3.1921240844594263, "p_al": 1.3082242705008968, "p_ex": 2.1508150426858728, "prior": 3.1372893115280216, "rate": 9.514566555966432}, "datetime": {"datetime": "2024-06-13 03:32:00", "elapsed": 121.690656, "delta": 0.111701}}
{"target": -569.0493157155836, "params": {"p_ai": 9.907680849822357, "p_al": 8.668996751551681, "p_ex": 4.619147929095499, "prior": 4.656706908529602, "rate": 7.647520341309665}, "datetime": {"datetime": "2024-06-13 03:32:00", "elapsed": 121.802357, "delta": 0.111701}}
{"target": -206.88735317684743, "params": {"p_ai": 0.9849823630854636, "p_al": 9.940379659168363, "p_ex": 6.9224566172976845, "prior": 2.9935576246966304, "rate": 9.088573077112654}, "datetime": {"datetime": "2024-06-13 03:32:00", "elapsed": 121.915057, "delta": 0.1127}}
{"target": -363.28702452064346, "params": {"p_ai": 5.526235888770702, "p_al": 0.8528145846196983, "p_ex": 1.0833491863453326, "prior": 0.3176168877888321, "rate": 2.16273116749421}, "datetime": {"datetime": "2024-06-13 03:32:01", "elapsed": 122.026758, "delta": 0.111701}}
{"target": -182.79907770500643, "params": {"p_ai": 0.51508803577319, "p_al": 5.103214380152735, "p_ex": 0.8303209478294978, "prior": 4.431779707933526, "rate": 2.362771206680796}, "datetime": {"datetime": "2024-06-13 03:32:01", "elapsed": 122.138461, "delta": 0.111703}}
{"target": -333.4170443290065, "params": {"p_ai": 5.597647255593374, "p_al": 4.390238946627599, "p_ex": 8.375567087137503, "prior": 3.3661110005444996, "rate": 2.3030862375648358}, "datetime": {"datetime": "2024-06-13 03:32:01", "elapsed": 122.250163, "delta": 0.111702}}
{"target": -592.0038120018062, "params": {"p_ai": 9.401218217622588, "p_al": 4.664170600314377, "p_ex": 0.2825494345653465, "prior": 0.7952844018626734, "rate": 5.556162103885447}, "datetime": {"datetime": "2024-06-13 03:32:01", "elapsed": 122.361292, "delta": 0.111129}}
{"target": -200.2171638613187, "params": {"p_ai": 2.1085032523654648, "p_al": 1.4832079169213832, "p_ex": 1.9561282189913078, "prior": 7.4477447466406055, "rate": 9.490190594750429}, "datetime": {"datetime": "2024-06-13 03:32:01", "elapsed": 122.47363, "delta": 0.112338}}
{"target": -188.40537339803907, "params": {"p_ai": 1.2946503015589848, "p_al": 8.797922693851072, "p_ex": 7.119486308304545, "prior": 5.568876331542589, "rate": 0.6711193665390025}, "datetime": {"datetime": "2024-06-13 03:32:01", "elapsed": 122.585, "delta": 0.11137}}
{"target": -458.6295564108025, "params": {"p_ai": 7.877623428379662, "p_al": 8.12298926277983, "p_ex": 7.546064084925807, "prior": 5.5053451266130216, "rate": 6.316416327574792}, "datetime": {"datetime": "2024-06-13 03:32:01", "elapsed": 122.692712, "delta": 0.107712}}
{"target": -292.3826004339666, "params": {"p_ai": 4.367192277935727, "p_al": 3.079162242084743, "p_ex": 2.0779049813510024, "prior": 7.70783813326756, "rate": 9.347823400996651}, "datetime": {"datetime": "2024-06-13 03:32:01", "elapsed": 122.801525, "delta": 0.108813}}
{"target": -510.8698251936277, "params": {"p_ai": 6.215535623663079, "p_al": 5.342940039040913, "p_ex": 8.832821399586447, "prior": 0.4489849266452039, "rate": 3.027452733825171}, "datetime": {"datetime": "2024-06-13 03:32:01", "elapsed": 122.911235, "delta": 0.10971}}
{"target": -249.50927715136024, "params": {"p_ai": 3.825328639516465, "p_al": 0.3119638073727303, "p_ex": 5.199809613230569, "prior": 9.40582357294277, "rate": 7.972652948853503}, "datetime": {"datetime": "2024-06-13 03:32:02", "elapsed": 123.019352, "delta": 0.108117}}
{"target": -363.0218373510581, "params": {"p_ai": 5.351408522523899, "p_al": 6.7657338580782405, "p_ex": 7.852562956972108, "prior": 2.611671926966363, "rate": 2.757360350509144}, "datetime": {"datetime": "2024-06-13 03:32:02", "elapsed": 123.127569, "delta": 0.108217}}
{"target": -410.3572353645417, "params": {"p_ai": 6.05263264335791, "p_al": 6.74213697673649, "p_ex": 0.037131121203666864, "prior": 8.557154088853776, "rate": 1.4499755526920097}, "datetime": {"datetime": "2024-06-13 03:32:02", "elapsed": 123.235786, "delta": 0.108217}}
{"target": -368.19685377938066, "params": {"p_ai": 5.124009381904939, "p_al": 5.6222417066920745, "p_ex": 0.07290430277148773, "prior": 4.289076528699282, "rate": 5.337893921928115}, "datetime": {"datetime": "2024-06-13 03:32:02", "elapsed": 123.345193, "delta": 0.109407}}
{"target": -491.2056287341716, "params": {"p_ai": 6.907376297071434, "p_al": 9.031835670784622, "p_ex": 0.686542703866642, "prior": 2.8317040472904758, "rate": 5.279795197202099}, "datetime": {"datetime": "2024-06-13 03:32:02", "elapsed": 123.454491, "delta": 0.109298}}
{"target": -337.88783176834625, "params": {"p_ai": 2.9030594119041258, "p_al": 4.201892734282735, "p_ex": 9.820547479625972, "prior": 0.5702766745889652, "rate": 9.289203208835787}, "datetime": {"datetime": "2024-06-13 03:32:02", "elapsed": 123.562709, "delta": 0.108218}}
{"target": -390.31895394837875, "params": {"p_ai": 6.680114161371072, "p_al": 4.9863068821210605, "p_ex": 4.647506170595227, "prior": 5.589785773928347, "rate": 2.916579985185893}, "datetime": {"datetime": "2024-06-13 03:32:02", "elapsed": 123.672921, "delta": 0.110212}}
{"target": -197.34615338784118, "params": {"p_ai": 1.7188330067587443, "p_al": 6.197786816831587, "p_ex": 9.884784480754535, "prior": 5.162690424583267, "rate": 6.710412491894106}, "datetime": {"datetime": "2024-06-13 03:32:02", "elapsed": 123.782628, "delta": 0.109707}}
{"target": -305.63538243227987, "params": {"p_ai": 5.195806264186049, "p_al": 2.0011085780511912, "p_ex": 5.787379979419437, "prior": 9.578837720196626, "rate": 6.924549114998262}, "datetime": {"datetime": "2024-06-13 03:32:02", "elapsed": 123.89034, "delta": 0.107712}}
{"target": -148.1668634169827, "params": {"p_ai": 0.274342053750928, "p_al": 3.631824954464348, "p_ex": 6.33921964079754, "prior": 5.67116400617658, "rate": 1.2142157764054176}, "datetime": {"datetime": "2024-06-13 03:32:03", "elapsed": 123.999647, "delta": 0.109307}}
{"target": -475.3732259551683, "params": {"p_ai": 9.364796358912931, "p_al": 3.938997493293488, "p_ex": 7.292897957412184, "prior": 7.857086866488291, "rate": 2.1307142258890264}, "datetime": {"datetime": "2024-06-13 03:32:03", "elapsed": 124.107359, "delta": 0.107712}}
{"target": -404.007387143455, "params": {"p_ai": 6.626580801883072, "p_al": 5.2341476294898825, "p_ex": 1.783794004691899, "prior": 7.184690140783069, "rate": 5.406224528163018}, "datetime": {"datetime": "2024-06-13 03:32:03", "elapsed": 124.216253, "delta": 0.108894}}
{"target": -183.10035236277918, "params": {"p_ai": 2.1417238051544096, "p_al": 4.1812000531608025, "p_ex": 6.8079344253726966, "prior": 9.937621475494428, "rate": 5.484829870474972}, "datetime": {"datetime": "2024-06-13 03:32:03", "elapsed": 124.32462, "delta": 0.108367}}
{"target": -447.6639922509755, "params": {"p_ai": 7.939406449739636, "p_al": 3.3064511453666356, "p_ex": 5.116098826251414, "prior": 8.350414978664054, "rate": 9.704609444607442}, "datetime": {"datetime": "2024-06-13 03:32:03", "elapsed": 124.434229, "delta": 0.109609}}
{"target": -193.2701604735899, "params": {"p_ai": 1.7855415885478882, "p_al": 8.513224576444088, "p_ex": 9.8839813130555, "prior": 4.505169697198107, "rate": 3.0802934792591}, "datetime": {"datetime": "2024-06-13 03:32:03", "elapsed": 124.544097, "delta": 0.109868}}
