{"target": -180.57536156067437, "params": {"p_ai": 7.993650272269142, "p_al": 3.4571993404763477, "p_ex": 4.819436430599305, "prior": 0.7821472683712241, "rate": 9.101148277456305}, "datetime": {"datetime": "2024-06-12 21:00:48", "elapsed": 148.288317, "delta": 0.117903}}
{"target": -175.48569026223254, "params": {"p_ai": 5.592698182356974, "p_al": 5.250336684538481, "p_ex": 2.6702519463633063, "prior": 9.000028862901125, "rate": 0.14012176821010291}, "datetime": {"datetime": "2024-06-12 21:00:49", "elapsed": 148.407506, "delta": 0.119189}}
{"target": -121.90613577732113, "params": {"p_ai": 0.9709143598672587, "p_al": 0.6016891748121421, "p_ex": 2.4099825032973654, "prior": 4.9689952454095, "rate": 4.635776950064971}, "datetime": {"datetime": "2024-06-12 21:00:49", "elapsed": 148.52619, "delta": 0.118684}}
{"target": -141.21783251393472, "params": {"p_ai": 2.7061915448180063, "p_al": 5.551536759147852, "p_ex": 2.2741241303667166, "prior": 3.6575972715218814, "rate": 1.7004612134515082}, "datetime": {"datetime": "2024-06-12 21:00:49", "elapsed": 148.644872, "delta": 0.118682}}
{"target": -157.81834385217283, "params": {"p_ai": 6.643061519123759, "p_al": 0.8175901478189503, "p_ex": 3.433543606188945, "prior": 5.3107221521185295, "rate": 5.49575129209153}, "datetime": {"datetime": "2024-06-12 21:00:49", "elapsed": 148.763761, "delta": 0.118889}}
{"target": -136.98338764660613, "params": {"p_ai": 3.677175933029681, "p_al": 6.437876645073682, "p_ex": 1.6453163516465605, "prior": 7.243247353069469, "rate": 9.252571309317567}, "datetime": {"datetime": "2024-06-12 21:00:49", "elapsed": 148.882443, "delta": 0.118682}}
{"target": -236.1999866285949, "params": {"p_ai": 9.89826955011051, "p_al": 8.784947093335155, "p_ex": 2.6099276976291326, "prior": 0.3818952332065484, "rate": 9.740283624676325}, "datetime": {"datetime": "2024-06-12 21:00:49", "elapsed": 149.001126, "delta": 0.118683}}
{"target": -162.68234271303038, "params": {"p_ai": 5.571641801344693, "p_al": 5.397560081958406, "p_ex": 1.465464869178477, "prior": 9.125009283215782, "rate": 9.576138273785006}, "datetime": {"datetime": "2024-06-12 21:00:49", "elapsed": 149.12061, "delta": 0.119484}}
{"target": -189.11705407762162, "params": {"p_ai": 8.596439320830738, "p_al": 6.9279118901459045, "p_ex": 3.859627585088117, "prior": 9.267352092034798, "rate": 8.544809516004866}, "datetime": {"datetime": "2024-06-12 21:00:49", "elapsed": 149.239292, "delta": 0.118682}}
{"target": -354.0132961274439, "params": {"p_ai": 8.379024516817376, "p_al": 5.8409848737222285, "p_ex": 0.7007046990238234, "prior": 0.25752210236660716, "rate": 2.2567955948701104}, "datetime": {"datetime": "2024-06-12 21:00:50", "elapsed": 149.357964, "delta": 0.118672}}
{"target": -109.30116673616635, "params": {"p_ai": 0.9239309758273341, "p_al": 7.45130882238386, "p_ex": 8.51070339828235, "prior": 5.405159526644196, "rate": 6.1131003659679655}, "datetime": {"datetime": "2024-06-12 21:00:50", "elapsed": 149.476853, "delta": 0.118889}}
{"target": -119.92087365780694, "params": {"p_ai": 4.731902707739321, "p_al": 9.351951586700345, "p_ex": 6.128514211087152, "prior": 6.203990861829056, "rate": 8.580208026741758}, "datetime": {"datetime": "2024-06-12 21:00:50", "elapsed": 149.596536, "delta": 0.119683}}
{"target": -102.74454040241929, "params": {"p_ai": 3.8379917930713003, "p_al": 0.6420310210335805, "p_ex": 7.401731824801189, "prior": 8.44204861554971, "rate": 5.202814541190575}, "datetime": {"datetime": "2024-06-12 21:00:50", "elapsed": 149.715829, "delta": 0.119293}}
{"target": -130.65194505588394, "params": {"p_ai": 4.676977687754546, "p_al": 0.987142537075401, "p_ex": 3.133268193586339, "prior": 1.874674331719403, "rate": 7.474501978620315}, "datetime": {"datetime": "2024-06-12 21:00:50", "elapsed": 149.834249, "delta": 0.11842}}
{"target": -127.68362721761379, "params": {"p_ai": 1.6045038159297442, "p_al": 6.846623571588664, "p_ex": 4.407269577320239, "prior": 0.043508732555992635, "rate": 7.023676887864597}, "datetime": {"datetime": "2024-06-12 21:00:50", "elapsed": 149.990624, "delta": 0.156375}}
{"target": -189.9330028671407, "params": {"p_ai": 7.929131931881175, "p_al": 3.3855550010290583, "p_ex": 4.773882825112012, "prior": 0.48811879033758315, "rate": 2.266480219503109}, "datetime": {"datetime": "2024-06-12 21:00:50", "elapsed": 150.112906, "delta": 0.122282}}
{"target": -185.5108840917543, "params": {"p_ai": 6.962873018760896, "p_al": 1.4122321175042711, "p_ex": 2.306679165248376, "prior": 6.948181779870129, "rate": 0.6845866257697049}, "datetime": {"datetime": "2024-06-12 21:00:50", "elapsed": 150.231938, "delta": 0.119032}}
{"target": -157.56946570703235, "params": {"p_ai": 7.293595295754525, "p_al": 6.27495190082751, "p_ex": 6.521008661786764, "prior": 3.215347493799763, "rate": 5.384891487927224}, "datetime": {"datetime": "2024-06-12 21:00:51", "elapsed": 150.355119, "delta": 0.123181}}
{"target": -125.07925165223237, "params": {"p_ai": 0.7887473490820756, "p_al": 2.8458775406885355, "p_ex": 2.0294573283473936, "prior": 5.113969351191433, "rate": 6.522440291218193}, "datetime": {"datetime": "2024-06-12 21:00:51", "elapsed": 150.476103, "delta": 0.120984}}
{"target": -180.68130192422853, "params": {"p_ai": 6.1512526136396435, "p_al": 1.3372369889231592, "p_ex": 1.8023733048329271, "prior": 4.973069889478345, "rate": 0.20146961312499756}, "datetime": {"datetime": "2024-06-12 21:00:51", "elapsed": 150.595755, "delta": 0.119652}}
{"target": -194.2124364975124, "params": {"p_ai": 7.361643532435028, "p_al": 5.924651494475185, "p_ex": 1.5891739371963378, "prior": 9.173200408445041, "rate": 5.4377158853477745}, "datetime": {"datetime": "2024-06-12 21:00:51", "elapsed": 150.757007, "delta": 0.161252}}
{"target": -224.64192429959994, "params": {"p_ai": 9.97762896209747, "p_al": 0.4242010623176478, "p_ex": 8.129651828814083, "prior": 0.7747294862906213, "rate": 9.402529343397688}, "datetime": {"datetime": "2024-06-12 21:00:51", "elapsed": 150.911594, "delta": 0.154587}}
{"target": -102.80733905240807, "params": {"p_ai": 3.6149986862617034, "p_al": 6.666456072982171, "p_ex": 7.146353634479567, "prior": 7.131275274660046, "rate": 6.939821328192214}, "datetime": {"datetime": "2024-06-12 21:00:51", "elapsed": 151.056208, "delta": 0.144614}}
{"target": -129.0320273574859, "params": {"p_ai": 0.11748517145472634, "p_al": 2.205535767342267, "p_ex": 7.972921450582112, "prior": 7.8699157486551785, "rate": 8.016818919127896}, "datetime": {"datetime": "2024-06-12 21:00:51", "elapsed": 151.197528, "delta": 0.14132}}
{"target": -149.4112926955567, "params": {"p_ai": 0.07927811264372071, "p_al": 0.4144199190423039, "p_ex": 0.7391872360694571, "prior": 8.737602735810952, "rate": 4.774912860347134}, "datetime": {"datetime": "2024-06-12 21:00:52", "elapsed": 151.328179, "delta": 0.130651}}
{"target": -157.74181751780327, "params": {"p_ai": 7.317500356968684, "p_al": 2.183949213082025, "p_ex": 6.698630184253987, "prior": 4.4408276082375435, "rate": 9.886413298777915}, "datetime": {"datetime": "2024-06-12 21:00:52", "elapsed": 151.458767, "delta": 0.130588}}
{"target": -115.11074025253168, "params": {"p_ai": 2.8631963438173162, "p_al": 1.085825710832541, "p_ex": 5.469464234701368, "prior": 6.812033826481595, "rate": 1.3480679545648442}, "datetime": {"datetime": "2024-06-12 21:00:52", "elapsed": 151.58443, "delta": 0.125663}}
{"target": -173.6818621881775, "params": {"p_ai": 5.392901192387062, "p_al": 7.44416634258219, "p_ex": 1.119322503851708, "prior": 7.8569269600463345, "rate": 5.442041945598127}, "datetime": {"datetime": "2024-06-12 21:00:52", "elapsed": 151.724951, "delta": 0.140521}}
{"target": -128.92959580599154, "params": {"p_ai": 0.10623483138674873, "p_al": 5.8913898474832616, "p_ex": 8.046897623198458, "prior": 9.909439719657145, "rate": 9.913104880835647}, "datetime": {"datetime": "2024-06-12 21:00:52", "elapsed": 151.849226, "delta": 0.124275}}
{"target": -128.6790952130563, "params": {"p_ai": 4.140090065746697, "p_al": 0.3743127129178004, "p_ex": 9.704150904631645, "prior": 2.206176297499315, "rate": 9.5501607193531}, "datetime": {"datetime": "2024-06-12 21:00:52", "elapsed": 151.971897, "delta": 0.122671}}
{"target": -187.99681254033868, "params": {"p_ai": 9.653762669781447, "p_al": 3.2840386535047608, "p_ex": 7.62780696486226, "prior": 6.319586168107425, "rate": 8.464461086294422}, "datetime": {"datetime": "2024-06-12 21:00:52", "elapsed": 152.09439, "delta": 0.122493}}
{"target": -200.7947603178293, "params": {"p_ai": 9.544035135085789, "p_al": 2.0588356204878395, "p_ex": 4.0940353992220615, "prior": 7.285842010161719, "rate": 5.89959999342087}, "datetime": {"datetime": "2024-06-12 21:00:52", "elapsed": 152.217063, "delta": 0.122673}}
{"target": -208.42819026561128, "params": {"p_ai": 9.412018487374732, "p_al": 4.469426948316884, "p_ex": 6.176220237387426, "prior": 0.8257998508466136, "rate": 2.304899578652952}, "datetime": {"datetime": "2024-06-12 21:00:53", "elapsed": 152.340648, "delta": 0.123585}}
{"target": -142.6972158918086, "params": {"p_ai": 1.2207449292190957, "p_al": 7.6671270447481055, "p_ex": 0.19366529164355087, "prior": 9.410041542782743, "rate": 8.359059532752736}, "datetime": {"datetime": "2024-06-12 21:00:53", "elapsed": 152.463109, "delta": 0.122461}}
{"target": -165.06006836461108, "params": {"p_ai": 6.79041523904395, "p_al": 0.287472757019644, "p_ex": 2.5797195845736116, "prior": 1.3636830617435978, "rate": 7.107276697868662}, "datetime": {"datetime": "2024-06-12 21:00:53", "elapsed": 152.585781, "delta": 0.122672}}
{"target": -115.99860301021134, "params": {"p_ai": 0.6955896759323784, "p_al": 8.898991301873886, "p_ex": 5.5441454803395365, "prior": 1.0347873320504477, "rate": 4.605794953880978}, "datetime": {"datetime": "2024-06-12 21:00:53", "elapsed": 152.709092, "delta": 0.123311}}
{"target": -112.0700307219003, "params": {"p_ai": 1.420708870074053, "p_al": 4.2320142745965645, "p_ex": 7.139017715384798, "prior": 6.9632397809612465, "rate": 3.4821441097665633}, "datetime": {"datetime": "2024-06-12 21:00:53", "elapsed": 152.831416, "delta": 0.122324}}
{"target": -152.52608001767305, "params": {"p_ai": 3.488244094202035, "p_al": 0.7621695729331112, "p_ex": 0.8760392519742505, "prior": 0.499760791615866, "rate": 0.7456871035159343}, "datetime": {"datetime": "2024-06-12 21:00:53", "elapsed": 152.953601, "delta": 0.122185}}
{"target": -128.1889807738835, "params": {"p_ai": 3.8515090645155543, "p_al": 8.163897450963361, "p_ex": 3.4124298215214486, "prior": 5.061675932364424, "rate": 6.2352482497544015}, "datetime": {"datetime": "2024-06-12 21:00:53", "elapsed": 153.076273, "delta": 0.122672}}
{"target": -132.80334683016125, "params": {"p_ai": 5.853298876036619, "p_al": 1.3396174079384058, "p_ex": 6.194522242049073, "prior": 5.224041629207239, "rate": 7.515029835506268}, "datetime": {"datetime": "2024-06-12 21:00:53", "elapsed": 153.197784, "delta": 0.121511}}
{"target": -150.92954092869903, "params": {"p_ai": 6.757105175136401, "p_al": 4.790099669145408, "p_ex": 9.561384493433588, "prior": 2.609904169762354, "rate": 7.106762008055519}, "datetime": {"datetime": "2024-06-12 21:00:54", "elapsed": 153.320457, "delta": 0.122673}}
{"target": -133.49601814328366, "params": {"p_ai": 2.0172175378644654, "p_al": 6.6365169120567895, "p_ex": 2.4959077411444683, "prior": 2.0632680457495662, "rate": 3.7023452626987923}, "datetime": {"datetime": "2024-06-12 21:00:54", "elapsed": 153.443159, "delta": 0.122702}}
{"target": -142.4161132479183, "params": {"p_ai": 5.08905797077081, "p_al": 6.809575599973286, "p_ex": 3.0966430250828494, "prior": 3.823984702090153, "rate": 7.609523421370097}, "datetime": {"datetime": "2024-06-12 21:00:54", "elapsed": 153.568751, "delta": 0.125592}}
{"target": -141.55179200934967, "params": {"p_ai": 3.3009775334792892, "p_al": 0.6389302477394126, "p_ex": 0.4619984701873777, "prior": 1.3501187413118958, "rate": 4.6956879815628625}, "datetime": {"datetime": "2024-06-12 21:00:54", "elapsed": 153.689998, "delta": 0.121247}}
{"target": -156.53819833393038, "params": {"p_ai": 3.841656904566708, "p_al": 6.752309274195855, "p_ex": 0.9548504944907202, "prior": 1.6188869456077883, "rate": 9.691470061990488}, "datetime": {"datetime": "2024-06-12 21:00:54", "elapsed": 153.812587, "delta": 0.122589}}
{"target": -157.827623025227, "params": {"p_ai": 4.245425840176191, "p_al": 9.160614397223645, "p_ex": 2.344222825667408, "prior": 9.82549189507284, "rate": 1.2657560912369308}, "datetime": {"datetime": "2024-06-12 21:00:54", "elapsed": 153.934262, "delta": 0.121675}}
{"target": -206.5547234097469, "params": {"p_ai": 7.799448863276144, "p_al": 9.806336088614513, "p_ex": 4.870775648499671, "prior": 4.899366193657506, "rate": 1.752284357375709}, "datetime": {"datetime": "2024-06-12 21:00:54", "elapsed": 154.052568, "delta": 0.118306}}
{"target": -131.67894139356943, "params": {"p_ai": 6.089802440767087, "p_al": 2.4295775245574616, "p_ex": 7.168254783755872, "prior": 4.741189506023386, "rate": 2.324649181626976}, "datetime": {"datetime": "2024-06-12 21:00:54", "elapsed": 154.17702, "delta": 0.124452}}
{"target": -148.4153939112071, "params": {"p_ai": 4.6073383436908015, "p_al": 0.24704859801768705, "p_ex": 0.972215732115876, "prior": 1.0154469987440211, "rate": 3.892823066414893}, "datetime": {"datetime": "2024-06-12 21:00:54", "elapsed": 154.296341, "delta": 0.119321}}
{"target": -197.07385749827213, "params": {"p_ai": 7.159942772936529, "p_al": 0.5297678458472732, "p_ex": 0.1258669758126186, "prior": 1.4755521628278907, "rate": 9.366816161134114}, "datetime": {"datetime": "2024-06-12 21:00:55", "elapsed": 154.415029, "delta": 0.118688}}
{"target": -206.81693746070763, "params": {"p_ai": 8.657484737033041, "p_al": 4.02579472876201, "p_ex": 1.613779004758811, "prior": 3.5488881305389306, "rate": 9.348391095001308}, "datetime": {"datetime": "2024-06-12 21:00:55", "elapsed": 154.534781, "delta": 0.119752}}
{"target": -151.5865653045977, "params": {"p_ai": 6.4358408182571365, "p_al": 4.711213076366681, "p_ex": 4.0242752805752815, "prior": 8.965642815325833, "rate": 9.734754256710598}, "datetime": {"datetime": "2024-06-12 21:00:55", "elapsed": 154.653464, "delta": 0.118683}}
{"target": -191.3084505300881, "params": {"p_ai": 7.7869753507416215, "p_al": 8.333599849287312, "p_ex": 3.071586324313191, "prior": 9.395236269592925, "rate": 4.527534268378247}, "datetime": {"datetime": "2024-06-12 21:00:55", "elapsed": 154.773382, "delta": 0.119918}}
{"target": -103.13585375011483, "params": {"p_ai": 1.7938776250378565, "p_al": 5.963426293699693, "p_ex": 6.841349758798248, "prior": 4.373998411097966, "rate": 3.734074268941365}, "datetime": {"datetime": "2024-06-12 21:00:55", "elapsed": 154.893034, "delta": 0.119652}}
{"target": -146.38738045658917, "params": {"p_ai": 7.043443913896231, "p_al": 2.598151186928258, "p_ex": 6.863787983576111, "prior": 5.749631753575748, "rate": 3.35073601238623}, "datetime": {"datetime": "2024-06-12 21:00:55", "elapsed": 155.012309, "delta": 0.119275}}
{"target": -148.6883565677518, "params": {"p_ai": 6.767227184562461, "p_al": 0.42991520195032884, "p_ex": 5.488704270923013, "prior": 5.9563986456304185, "rate": 2.872909538862936}, "datetime": {"datetime": "2024-06-12 21:00:55", "elapsed": 155.131504, "delta": 0.119195}}
{"target": -134.30063101451955, "params": {"p_ai": 3.563460688769355, "p_al": 8.630321972077564, "p_ex": 6.194089730133611, "prior": 6.399778735864268, "rate": 1.047005349020826}, "datetime": {"datetime": "2024-06-12 21:00:55", "elapsed": 155.250187, "delta": 0.118683}}
{"target": -136.3495931822554, "params": {"p_ai": 2.3799396807451942, "p_al": 7.193086839135479, "p_ex": 6.994998457733764, "prior": 4.466772119490434, "rate": 0.39348351864646447}, "datetime": {"datetime": "2024-06-12 21:00:56", "elapsed": 155.372859, "delta": 0.122672}}
{"target": -125.6706242095153, "params": {"p_ai": 0.5049130038716211, "p_al": 0.8859470913492865, "p_ex": 8.643400341010897, "prior": 1.3618135756405632, "rate": 6.582959085760428}, "datetime": {"datetime": "2024-06-12 21:00:56", "elapsed": 155.49233, "delta": 0.119471}}
{"target": -142.08422594277442, "params": {"p_ai": 5.770084562623694, "p_al": 7.266228853972071, "p_ex": 5.82610600476557, "prior": 1.7949995442232674, "rate": 7.341101868124544}, "datetime": {"datetime": "2024-06-12 21:00:56", "elapsed": 155.610015, "delta": 0.117685}}
{"target": -162.8457887908852, "params": {"p_ai": 5.954844690287586, "p_al": 5.462303133863888, "p_ex": 7.271505483561953, "prior": 3.1401553121856125, "rate": 0.7070044064524976}, "datetime": {"datetime": "2024-06-12 21:00:56", "elapsed": 155.729821, "delta": 0.119806}}
{"target": -125.24494709099385, "params": {"p_ai": 0.8830516218972694, "p_al": 3.2779459454119095, "p_ex": 2.3175925349554958, "prior": 7.482423522710521, "rate": 6.076781046762146}, "datetime": {"datetime": "2024-06-12 21:00:56", "elapsed": 155.84827, "delta": 0.118449}}
{"target": -113.701957272783, "params": {"p_ai": 0.9552179435981168, "p_al": 7.198813564213823, "p_ex": 9.161062049218932, "prior": 8.243977577493776, "rate": 6.733417233867527}, "datetime": {"datetime": "2024-06-12 21:00:56", "elapsed": 155.96649, "delta": 0.11822}}
{"target": -202.70910546602906, "params": {"p_ai": 7.766629938474206, "p_al": 1.5020910745748688, "p_ex": 0.6560602618298174, "prior": 7.48005182203822, "rate": 9.847835465529368}, "datetime": {"datetime": "2024-06-12 21:00:56", "elapsed": 156.085429, "delta": 0.118939}}
{"target": -141.34911800793685, "params": {"p_ai": 2.4031907579466307, "p_al": 5.619797616107539, "p_ex": 0.8091769372501549, "prior": 5.612305261605366, "rate": 4.504913415351544}, "datetime": {"datetime": "2024-06-12 21:00:56", "elapsed": 156.208118, "delta": 0.122689}}
{"target": -99.72255368138903, "params": {"p_ai": 2.4062820534374763, "p_al": 5.654225135269962, "p_ex": 6.540280835328817, "prior": 9.116800222132982, "rate": 7.826656032450588}, "datetime": {"datetime": "2024-06-12 21:00:57", "elapsed": 156.330791, "delta": 0.122673}}
{"target": -230.04429105595716, "params": {"p_ai": 9.768306480312317, "p_al": 4.427740303223043, "p_ex": 1.4110733548523686, "prior": 4.100272268158262, "rate": 7.923180259884998}, "datetime": {"datetime": "2024-06-12 21:00:57", "elapsed": 156.454464, "delta": 0.123673}}
{"target": -106.54025632759236, "params": {"p_ai": 2.111154225115293, "p_al": 1.7746357532837245, "p_ex": 6.451376511481533, "prior": 9.470421093516846, "rate": 4.093223892899532}, "datetime": {"datetime": "2024-06-12 21:00:57", "elapsed": 156.576221, "delta": 0.121757}}
{"target": -253.34590689395182, "params": {"p_ai": 6.969021920835418, "p_al": 4.040326479321738, "p_ex": 3.4988123408124614, "prior": 1.3305560483527752, "rate": 0.20010601712529721}, "datetime": {"datetime": "2024-06-12 21:00:57", "elapsed": 156.698442, "delta": 0.122221}}
{"target": -109.86337168717768, "params": {"p_ai": 1.197586619675433, "p_al": 4.442961703084566, "p_ex": 7.298117714260949, "prior": 0.5378488816753316, "rate": 2.217456203022386}, "datetime": {"datetime": "2024-06-12 21:00:57", "elapsed": 156.819995, "delta": 0.121553}}
{"target": -117.98306214731059, "params": {"p_ai": 0.3116139329060451, "p_al": 8.333410700210338, "p_ex": 3.8193753033278455, "prior": 2.846507590066479, "rate": 7.836932380069754}, "datetime": {"datetime": "2024-06-12 21:00:57", "elapsed": 156.942702, "delta": 0.122707}}
{"target": -119.66764296853803, "params": {"p_ai": 2.7897568590775843, "p_al": 2.808893684421618, "p_ex": 9.350078511382993, "prior": 1.6429847448957435, "rate": 0.38006274754096064}, "datetime": {"datetime": "2024-06-12 21:00:57", "elapsed": 157.065163, "delta": 0.122461}}
{"target": -204.70625723440037, "params": {"p_ai": 9.560469475162419, "p_al": 3.062042314483216, "p_ex": 4.141345088578538, "prior": 7.968125571768832, "rate": 3.5624890594864684}, "datetime": {"datetime": "2024-06-12 21:00:57", "elapsed": 157.191555, "delta": 0.126392}}
{"target": -181.3899566064261, "params": {"p_ai": 1.0494742668435404, "p_al": 7.88921878451572, "p_ex": 1.2970264103656446, "prior": 1.9812012742164533, "rate": 1.3979328301899665}, "datetime": {"datetime": "2024-06-12 21:00:58", "elapsed": 157.314416, "delta": 0.122861}}
{"target": -111.55740481123321, "params": {"p_ai": 2.2173755372878663, "p_al": 2.354234048217941, "p_ex": 7.264313235831321, "prior": 0.9533448515364066, "rate": 6.682769873132793}, "datetime": {"datetime": "2024-06-12 21:00:58", "elapsed": 157.437288, "delta": 0.122872}}
{"target": -200.35837651448333, "params": {"p_ai": 9.109410975120161, "p_al": 6.300349510334152, "p_ex": 3.369507946921146, "prior": 8.394663098559622, "rate": 8.985737732281825}, "datetime": {"datetime": "2024-06-12 21:00:58", "elapsed": 157.5622, "delta": 0.124912}}
{"target": -132.77730137538654, "params": {"p_ai": 4.935091406143817, "p_al": 5.635261569555779, "p_ex": 5.807051532572361, "prior": 1.328439684182636, "rate": 3.7312336873677587}, "datetime": {"datetime": "2024-06-12 21:00:58", "elapsed": 157.686428, "delta": 0.124228}}
{"target": -158.7903396434789, "params": {"p_ai": 8.116330034243894, "p_al": 5.1965264951790315, "p_ex": 9.395907280046464, "prior": 6.158570594296331, "rate": 7.794768289050584}, "datetime": {"datetime": "2024-06-12 21:00:58", "elapsed": 157.808906, "delta": 0.122478}}
{"target": -104.97015756642733, "params": {"p_ai": 2.48104066764581, "p_al": 5.593517106085654, "p_ex": 8.106583163034346, "prior": 1.5279573890979847, "rate": 5.402050286672557}, "datetime": {"datetime": "2024-06-12 21:00:58", "elapsed": 157.932703, "delta": 0.123797}}
{"target": -154.79441616135688, "params": {"p_ai": 6.103402627788557, "p_al": 1.871381045082322, "p_ex": 6.369268718357501, "prior": 0.6766804542419637, "rate": 7.795616893993214}, "datetime": {"datetime": "2024-06-12 21:00:58", "elapsed": 158.060838, "delta": 0.128135}}
