{"target": -140.12959513615024, "params": {"gamma": 0.5287857773295865, "prior": 8.914019769519989, "rate": 4.045739285423598}, "datetime": {"datetime": "2024-06-14 06:59:12", "elapsed": 8.309109, "delta": 0.009006}}
{"target": -596.5135771442158, "params": {"gamma": 9.292802548221829, "prior": 4.080573920625559, "rate": 0.7692460154620339}, "datetime": {"datetime": "2024-06-14 06:59:12", "elapsed": 8.319052, "delta": 0.009943}}
{"target": -139.55395868463108, "params": {"gamma": 2.4537661400558073, "prior": 3.5675790065013078, "rate": 7.507532195259897}, "datetime": {"datetime": "2024-06-14 06:59:12", "elapsed": 8.328029, "delta": 0.008977}}
{"target": -129.30752364531847, "params": {"gamma": 1.8482967753404873, "prior": 4.366639171886156, "rate": 8.732580952739871}, "datetime": {"datetime": "2024-06-14 06:59:12", "elapsed": 8.338031, "delta": 0.010002}}
{"target": -349.1396127235087, "params": {"gamma": 5.338077152636459, "prior": 1.121231725515661, "rate": 0.24620034805926763}, "datetime": {"datetime": "2024-06-14 06:59:12", "elapsed": 8.346978, "delta": 0.008947}}
{"target": -309.3621751281902, "params": {"gamma": 7.058392201809326, "prior": 9.79336216048635, "rate": 7.851867464260117}, "datetime": {"datetime": "2024-06-14 06:59:12", "elapsed": 8.355954, "delta": 0.008976}}
{"target": -288.8725313986352, "params": {"gamma": 7.647497242257331, "prior": 6.786930405212397, "rate": 7.9552316002763535}, "datetime": {"datetime": "2024-06-14 06:59:12", "elapsed": 8.365927, "delta": 0.009973}}
{"target": -127.99676821837488, "params": {"gamma": 0.40113783894076427, "prior": 2.720348153996855, "rate": 6.9542799621795535}, "datetime": {"datetime": "2024-06-14 06:59:12", "elapsed": 8.374903, "delta": 0.008976}}
{"target": -526.3300097057148, "params": {"gamma": 8.670016307747831, "prior": 6.778608030986559, "rate": 1.7635850037063328}, "datetime": {"datetime": "2024-06-14 06:59:12", "elapsed": 8.384877, "delta": 0.009974}}
{"target": -652.3932957328296, "params": {"gamma": 9.363148290996985, "prior": 9.043449131097443, "rate": 0.8677009826349238}, "datetime": {"datetime": "2024-06-14 06:59:12", "elapsed": 8.393853, "delta": 0.008976}}
{"target": -129.89555431918782, "params": {"gamma": 1.9308073757049558, "prior": 2.824411003044214, "rate": 7.384380294175464}, "datetime": {"datetime": "2024-06-14 06:59:12", "elapsed": 8.403826, "delta": 0.009973}}
{"target": -489.580738028991, "params": {"gamma": 8.59387390968027, "prior": 5.825391635770356, "rate": 1.9972560609459706}, "datetime": {"datetime": "2024-06-14 06:59:12", "elapsed": 8.412802, "delta": 0.008976}}
{"target": -192.197735405674, "params": {"gamma": 4.151483786326004, "prior": 1.4648060826146607, "rate": 9.174044472397386}, "datetime": {"datetime": "2024-06-14 06:59:12", "elapsed": 8.421778, "delta": 0.008976}}
{"target": -319.7477036517548, "params": {"gamma": 7.645544873164326, "prior": 5.151116954680168, "rate": 4.536296856665209}, "datetime": {"datetime": "2024-06-14 06:59:12", "elapsed": 8.431751, "delta": 0.009973}}
{"target": -144.80534794642477, "params": {"gamma": 0.9793229413773535, "prior": 3.2548860273732405, "rate": 1.2072073207786072}, "datetime": {"datetime": "2024-06-14 06:59:12", "elapsed": 8.440727, "delta": 0.008976}}
{"target": -425.5479661456507, "params": {"gamma": 7.823598295559239, "prior": 5.494348696094326, "rate": 2.2735465367701733}, "datetime": {"datetime": "2024-06-14 06:59:12", "elapsed": 8.449703, "delta": 0.008976}}
{"target": -142.42655634550738, "params": {"gamma": 2.242804189720107, "prior": 2.677942155406277, "rate": 3.0894186504102437}, "datetime": {"datetime": "2024-06-14 06:59:12", "elapsed": 8.459677, "delta": 0.009974}}
{"target": -168.98080228185586, "params": {"gamma": 3.8776636126823174, "prior": 3.0457344305346488, "rate": 6.795879389436971}, "datetime": {"datetime": "2024-06-14 06:59:12", "elapsed": 8.468653, "delta": 0.008976}}
{"target": -130.31003701741025, "params": {"gamma": 0.351701119431484, "prior": 3.3482921178205443, "rate": 7.4531734367072975}, "datetime": {"datetime": "2024-06-14 06:59:12", "elapsed": 8.478655, "delta": 0.010002}}
{"target": -552.9226000943553, "params": {"gamma": 9.428137042767773, "prior": 8.047052246559756, "rate": 2.4090212695059683}, "datetime": {"datetime": "2024-06-14 06:59:12", "elapsed": 8.487608, "delta": 0.008953}}
{"target": -140.02422616771554, "params": {"gamma": 2.329921768369933, "prior": 1.9843342677001725, "rate": 8.825092851051235}, "datetime": {"datetime": "2024-06-14 06:59:12", "elapsed": 8.497575, "delta": 0.009967}}
{"target": -182.20102843824094, "params": {"gamma": 2.3793190167249576, "prior": 7.605988171789962, "rate": 2.611236264315461}, "datetime": {"datetime": "2024-06-14 06:59:12", "elapsed": 8.507126, "delta": 0.009551}}
{"target": -135.99955142912083, "params": {"gamma": 0.3317853522317488, "prior": 7.3611322306807825, "rate": 7.262291896142214}, "datetime": {"datetime": "2024-06-14 06:59:12", "elapsed": 8.516102, "delta": 0.008976}}
{"target": -119.89144482581827, "params": {"gamma": 0.8905021504995737, "prior": 3.334342453503056, "rate": 9.483704536600037}, "datetime": {"datetime": "2024-06-14 06:59:12", "elapsed": 8.525078, "delta": 0.008976}}
{"target": -127.71171155223755, "params": {"gamma": 1.6303270368232625, "prior": 0.9580574792638101, "rate": 5.946444277228148}, "datetime": {"datetime": "2024-06-14 06:59:12", "elapsed": 8.535052, "delta": 0.009974}}
{"target": -311.2259489159747, "params": {"gamma": 9.309967663594373, "prior": 1.424405246656605, "rate": 5.130609924306518}, "datetime": {"datetime": "2024-06-14 06:59:12", "elapsed": 8.544028, "delta": 0.008976}}
{"target": -507.8074836505455, "params": {"gamma": 6.84030814195546, "prior": 1.8011146201075885, "rate": 0.11358767502840258}, "datetime": {"datetime": "2024-06-14 06:59:12", "elapsed": 8.553556, "delta": 0.009528}}
{"target": -328.88442322568545, "params": {"gamma": 8.876943621666769, "prior": 0.44878957946825926, "rate": 2.575325379792938}, "datetime": {"datetime": "2024-06-14 06:59:12", "elapsed": 8.562532, "delta": 0.008976}}
{"target": -508.40832992222437, "params": {"gamma": 6.5171886333749445, "prior": 2.929251040222046, "rate": 0.09806625815159087}, "datetime": {"datetime": "2024-06-14 06:59:12", "elapsed": 8.572505, "delta": 0.009973}}
{"target": -308.32976875734886, "params": {"gamma": 5.754942892815359, "prior": 3.147143555513635, "rate": 1.5159891044593792}, "datetime": {"datetime": "2024-06-14 06:59:12", "elapsed": 8.581481, "delta": 0.008976}}
{"target": -331.77170788867954, "params": {"gamma": 9.712861834014069, "prior": 1.7332254521996295, "rate": 7.272627175991628}, "datetime": {"datetime": "2024-06-14 06:59:12", "elapsed": 8.591454, "delta": 0.009973}}
{"target": -560.6490645501276, "params": {"gamma": 8.907351190743636, "prior": 8.601279645696758, "rate": 1.8433864145173096}, "datetime": {"datetime": "2024-06-14 06:59:12", "elapsed": 8.6004, "delta": 0.008946}}
{"target": -160.2603012434151, "params": {"gamma": 2.3688485284086984, "prior": 0.2817901013754669, "rate": 9.314123267181278}, "datetime": {"datetime": "2024-06-14 06:59:12", "elapsed": 8.610373, "delta": 0.009973}}
{"target": -573.6256126203012, "params": {"gamma": 8.871324645396406, "prior": 5.995115072798474, "rate": 1.0945671874130298}, "datetime": {"datetime": "2024-06-14 06:59:12", "elapsed": 8.61935, "delta": 0.008977}}
{"target": -155.38090460894887, "params": {"gamma": 1.736252925778173, "prior": 5.811907672232824, "rate": 2.5173180780279494}, "datetime": {"datetime": "2024-06-14 06:59:12", "elapsed": 8.629323, "delta": 0.009973}}
{"target": -161.51411935493184, "params": {"gamma": 3.0024181605272484, "prior": 1.792774754535882, "rate": 1.8967275990085757}, "datetime": {"datetime": "2024-06-14 06:59:12", "elapsed": 8.638299, "delta": 0.008976}}
{"target": -209.12937917808975, "params": {"gamma": 4.634748122750124, "prior": 5.1477523290215155, "rate": 5.116287316757662}, "datetime": {"datetime": "2024-06-14 06:59:12", "elapsed": 8.648272, "delta": 0.009973}}
{"target": -358.8055570239606, "params": {"gamma": 9.971390854869842, "prior": 1.3829985909743843, "rate": 7.561942713988967}, "datetime": {"datetime": "2024-06-14 06:59:12", "elapsed": 8.657248, "delta": 0.008976}}
{"target": -345.51684049793494, "params": {"gamma": 7.937773715501701, "prior": 5.890337727828154, "rate": 4.627919064512984}, "datetime": {"datetime": "2024-06-14 06:59:12", "elapsed": 8.667221, "delta": 0.009973}}
{"target": -648.0817489431357, "params": {"gamma": 8.934372946865443, "prior": 8.298984168823933, "rate": 0.5038590693510084}, "datetime": {"datetime": "2024-06-14 06:59:12", "elapsed": 8.676198, "delta": 0.008977}}
{"target": -452.09867809506034, "params": {"gamma": 9.629874547125452, "prior": 0.17266492836107364, "rate": 5.731748914634736}, "datetime": {"datetime": "2024-06-14 06:59:12", "elapsed": 8.685174, "delta": 0.008976}}
{"target": -311.0619197960623, "params": {"gamma": 5.7247357384538, "prior": 8.360358681426117, "rate": 3.8477759631858306}, "datetime": {"datetime": "2024-06-14 06:59:12", "elapsed": 8.695147, "delta": 0.009973}}
{"target": -171.02382428366104, "params": {"gamma": 0.911317649590776, "prior": 5.858703966752355, "rate": 0.24943375777694893}, "datetime": {"datetime": "2024-06-14 06:59:12", "elapsed": 8.70512, "delta": 0.009973}}
{"target": -184.56077356444223, "params": {"gamma": 3.618595813310707, "prior": 9.854636340644698, "rate": 8.687919916680645}, "datetime": {"datetime": "2024-06-14 06:59:12", "elapsed": 8.714096, "delta": 0.008976}}
{"target": -132.61640639412653, "params": {"gamma": 1.525814920870293, "prior": 8.008378281655215, "rate": 8.110158197295846}, "datetime": {"datetime": "2024-06-14 06:59:12", "elapsed": 8.723072, "delta": 0.008976}}
{"target": -297.2049733977838, "params": {"gamma": 9.282143984052633, "prior": 2.3214042338354473, "rate": 4.990175777525101}, "datetime": {"datetime": "2024-06-14 06:59:12", "elapsed": 8.733045, "delta": 0.009973}}
{"target": -341.87205964142083, "params": {"gamma": 8.274613470019348, "prior": 6.706604471482155, "rate": 5.939767497694312}, "datetime": {"datetime": "2024-06-14 06:59:12", "elapsed": 8.742022, "delta": 0.008977}}
{"target": -464.25992499817045, "params": {"gamma": 6.520106231886649, "prior": 2.461308526710229, "rate": 0.2563753086730316}, "datetime": {"datetime": "2024-06-14 06:59:12", "elapsed": 8.752027, "delta": 0.010005}}
{"target": -283.58674771758336, "params": {"gamma": 7.362836317207894, "prior": 3.3352390707756885, "rate": 3.7681921123145443}, "datetime": {"datetime": "2024-06-14 06:59:12", "elapsed": 8.760971, "delta": 0.008944}}
{"target": -367.4953424856127, "params": {"gamma": 6.126547925441392, "prior": 6.605933919398819, "rate": 2.0297861073278014}, "datetime": {"datetime": "2024-06-14 06:59:12", "elapsed": 8.770944, "delta": 0.009973}}
{"target": -280.6338747094948, "params": {"gamma": 8.260489346916343, "prior": 3.864045391930247, "rate": 6.317812340605414}, "datetime": {"datetime": "2024-06-14 06:59:12", "elapsed": 8.77992, "delta": 0.008976}}
{"target": -451.2316893956664, "params": {"gamma": 9.664147745107453, "prior": 5.691383729139698, "rate": 3.58975250674678}, "datetime": {"datetime": "2024-06-14 06:59:12", "elapsed": 8.788897, "delta": 0.008977}}
{"target": -266.9170381977052, "params": {"gamma": 6.1900821172926825, "prior": 5.067751868825378, "rate": 4.524310101530738}, "datetime": {"datetime": "2024-06-14 06:59:12", "elapsed": 8.79887, "delta": 0.009973}}
{"target": -373.5344997118628, "params": {"gamma": 7.32297507682793, "prior": 9.252650484842617, "rate": 4.793234881420612}, "datetime": {"datetime": "2024-06-14 06:59:12", "elapsed": 8.807845, "delta": 0.008975}}
{"target": -141.56053194864248, "params": {"gamma": 0.8832132798499579, "prior": 5.739570211172332, "rate": 2.450263600293229}, "datetime": {"datetime": "2024-06-14 06:59:12", "elapsed": 8.817819, "delta": 0.009974}}
{"target": -143.18720915385762, "params": {"gamma": 0.3967395368422162, "prior": 7.902588045772463, "rate": 2.728409598411216}, "datetime": {"datetime": "2024-06-14 06:59:12", "elapsed": 8.826795, "delta": 0.008976}}
{"target": -365.5237125754412, "params": {"gamma": 7.7709278589308965, "prior": 4.933268536573228, "rate": 3.1800409748600784}, "datetime": {"datetime": "2024-06-14 06:59:12", "elapsed": 8.836768, "delta": 0.009973}}
{"target": -172.6367244491256, "params": {"gamma": 3.1409404750589167, "prior": 0.516045124852533, "rate": 5.344463969208603}, "datetime": {"datetime": "2024-06-14 06:59:12", "elapsed": 8.846777, "delta": 0.010009}}
{"target": -307.3954273373471, "params": {"gamma": 8.235692008411606, "prior": 0.9305639897438418, "rate": 1.0864784973815673}, "datetime": {"datetime": "2024-06-14 06:59:12", "elapsed": 8.855749, "delta": 0.008972}}
{"target": -225.92951218327664, "params": {"gamma": 5.293030012750302, "prior": 6.635403915273608, "rate": 6.947765177374281}, "datetime": {"datetime": "2024-06-14 06:59:12", "elapsed": 8.86573, "delta": 0.009981}}
{"target": -169.60151473311444, "params": {"gamma": 3.1329037297737132, "prior": 0.47399998048085035, "rate": 4.146214234044257}, "datetime": {"datetime": "2024-06-14 06:59:12", "elapsed": 8.874708, "delta": 0.008978}}
{"target": -160.31049718818988, "params": {"gamma": 2.2612156645820662, "prior": 0.11103681949882596, "rate": 6.857480005685141}, "datetime": {"datetime": "2024-06-14 06:59:12", "elapsed": 8.88369, "delta": 0.008982}}
{"target": -414.16296676576576, "params": {"gamma": 9.520673328006277, "prior": 3.9724024292967792, "rate": 3.0036839952852596}, "datetime": {"datetime": "2024-06-14 06:59:12", "elapsed": 8.893667, "delta": 0.009977}}
{"target": -241.59909510361152, "params": {"gamma": 5.537964374290343, "prior": 8.534564954842326, "rate": 7.9498792795045405}, "datetime": {"datetime": "2024-06-14 06:59:12", "elapsed": 8.902639, "delta": 0.008972}}
{"target": -245.66774324694848, "params": {"gamma": 6.847882293080787, "prior": 4.377860203867094, "rate": 6.904649764523284}, "datetime": {"datetime": "2024-06-14 06:59:12", "elapsed": 8.912615, "delta": 0.009976}}
{"target": -133.90585322507374, "params": {"gamma": 2.161037487164819, "prior": 2.911040034677843, "rate": 7.778428288392944}, "datetime": {"datetime": "2024-06-14 06:59:12", "elapsed": 8.921627, "delta": 0.009012}}
{"target": -314.79110272417455, "params": {"gamma": 9.299871383327218, "prior": 1.9814900858052293, "rate": 2.9613368308929076}, "datetime": {"datetime": "2024-06-14 06:59:12", "elapsed": 8.931261, "delta": 0.009634}}
{"target": -145.53656746065508, "params": {"gamma": 0.06309646163797043, "prior": 4.372466228275976, "rate": 2.103740422454257}, "datetime": {"datetime": "2024-06-14 06:59:12", "elapsed": 8.941235, "delta": 0.009974}}
{"target": -430.4614645640722, "params": {"gamma": 6.414606400753661, "prior": 7.124933235213273, "rate": 1.188658366270452}, "datetime": {"datetime": "2024-06-14 06:59:12", "elapsed": 8.950211, "delta": 0.008976}}
{"target": -141.09788355008382, "params": {"gamma": 0.8223578763172843, "prior": 9.072717188845324, "rate": 3.8929983086548985}, "datetime": {"datetime": "2024-06-14 06:59:12", "elapsed": 8.960184, "delta": 0.009973}}
{"target": -247.70768698795422, "params": {"gamma": 5.334501569162878, "prior": 9.636091492645338, "rate": 7.590781068151137}, "datetime": {"datetime": "2024-06-14 06:59:12", "elapsed": 8.96916, "delta": 0.008976}}
{"target": -165.4821848262388, "params": {"gamma": 3.256077435692296, "prior": 0.9499080810909061, "rate": 5.360704142867423}, "datetime": {"datetime": "2024-06-14 06:59:12", "elapsed": 8.979133, "delta": 0.009973}}
{"target": -192.62007095599694, "params": {"gamma": 3.3619183039303744, "prior": 0.31468550480840884, "rate": 7.711752180204535}, "datetime": {"datetime": "2024-06-14 06:59:12", "elapsed": 8.98811, "delta": 0.008977}}
{"target": -176.21050608294286, "params": {"gamma": 3.849706389409975, "prior": 5.756079385581481, "rate": 7.557672815106508}, "datetime": {"datetime": "2024-06-14 06:59:12", "elapsed": 8.998083, "delta": 0.009973}}
{"target": -473.9706770409633, "params": {"gamma": 9.408533351590556, "prior": 6.161991152977763, "rate": 3.1546463916226513}, "datetime": {"datetime": "2024-06-14 06:59:12", "elapsed": 9.008056, "delta": 0.009973}}
{"target": -119.55827308615606, "params": {"gamma": 1.1016550019623323, "prior": 0.8317969903215949, "rate": 3.197588047953422}, "datetime": {"datetime": "2024-06-14 06:59:12", "elapsed": 9.017032, "delta": 0.008976}}
{"target": -396.54425894047904, "params": {"gamma": 6.608730550421095, "prior": 6.982005440804134, "rate": 2.0779726825898135}, "datetime": {"datetime": "2024-06-14 06:59:12", "elapsed": 9.027005, "delta": 0.009973}}
{"target": -123.12874667081061, "params": {"gamma": 0.8288765899448861, "prior": 3.1245555467317083, "rate": 5.476198023985873}, "datetime": {"datetime": "2024-06-14 06:59:12", "elapsed": 9.035982, "delta": 0.008977}}
{"target": -379.4101560628017, "params": {"gamma": 7.546942075074172, "prior": 5.343607473643421, "rate": 2.8705505437179983}, "datetime": {"datetime": "2024-06-14 06:59:12", "elapsed": 9.045955, "delta": 0.009973}}
{"target": -223.30900456864495, "params": {"gamma": 6.242173052915846, "prior": 2.7218828862443387, "rate": 6.527276450430897}, "datetime": {"datetime": "2024-06-14 06:59:12", "elapsed": 9.054742, "delta": 0.008787}}
{"target": -347.96637759653566, "params": {"gamma": 8.419138180259552, "prior": 6.425583421647474, "rate": 5.656749058298363}, "datetime": {"datetime": "2024-06-14 06:59:12", "elapsed": 9.064223, "delta": 0.009481}}
{"target": -161.48069443664124, "params": {"gamma": 3.072113950599342, "prior": 8.780092695385816, "rate": 9.888230025288278}, "datetime": {"datetime": "2024-06-14 06:59:12", "elapsed": 9.074257, "delta": 0.010034}}
{"target": -480.7978227804913, "params": {"gamma": 7.775016832668201, "prior": 5.779074189947149, "rate": 1.4136520470773757}, "datetime": {"datetime": "2024-06-14 06:59:12", "elapsed": 9.083889, "delta": 0.009632}}
{"target": -175.72086247788855, "params": {"gamma": 3.1499752949036433, "prior": 3.731907254052719, "rate": 2.9196603150536307}, "datetime": {"datetime": "2024-06-14 06:59:12", "elapsed": 9.092865, "delta": 0.008976}}
{"target": -272.34875916822733, "params": {"gamma": 4.46008219467453, "prior": 6.145261916989693, "rate": 2.129932990561121}, "datetime": {"datetime": "2024-06-14 06:59:13", "elapsed": 9.102838, "delta": 0.009973}}
{"target": -140.18745659489363, "params": {"gamma": 2.4983477831127514, "prior": 1.2102897838888582, "rate": 3.07657830315885}, "datetime": {"datetime": "2024-06-14 06:59:13", "elapsed": 9.111814, "delta": 0.008976}}
{"target": -194.18737490614848, "params": {"gamma": 4.9749853375678486, "prior": 4.949097068629873, "rate": 9.955776541252115}, "datetime": {"datetime": "2024-06-14 06:59:13", "elapsed": 9.121788, "delta": 0.009974}}
{"target": -310.0252905448553, "params": {"gamma": 9.811104522073206, "prior": 4.421971439643317, "rate": 9.720234197281384}, "datetime": {"datetime": "2024-06-14 06:59:13", "elapsed": 9.130763, "delta": 0.008975}}
{"target": -147.5261689883853, "params": {"gamma": 2.1447646438539647, "prior": 5.457096772478638, "rate": 4.534899709382847}, "datetime": {"datetime": "2024-06-14 06:59:13", "elapsed": 9.140737, "delta": 0.009974}}
{"target": -586.6451006969432, "params": {"gamma": 9.67612136622795, "prior": 8.37814460904005, "rate": 2.142255100882632}, "datetime": {"datetime": "2024-06-14 06:59:13", "elapsed": 9.149685, "delta": 0.008948}}
{"target": -182.5598587924864, "params": {"gamma": 4.395951482451757, "prior": 1.7679220192998268, "rate": 5.29134301734205}, "datetime": {"datetime": "2024-06-14 06:59:13", "elapsed": 9.159211, "delta": 0.009526}}
{"target": -282.81138919240595, "params": {"gamma": 7.935053256996167, "prior": 0.45520357476356577, "rate": 1.9143974164796644}, "datetime": {"datetime": "2024-06-14 06:59:13", "elapsed": 9.169184, "delta": 0.009973}}
{"target": -470.80312978839606, "params": {"gamma": 9.77457818836577, "prior": 9.611893329604383, "rate": 5.566359999361917}, "datetime": {"datetime": "2024-06-14 06:59:13", "elapsed": 9.178161, "delta": 0.008977}}
{"target": -235.39499087814332, "params": {"gamma": 6.461261124237896, "prior": 2.7937208415034163, "rate": 9.520958766042686}, "datetime": {"datetime": "2024-06-14 06:59:13", "elapsed": 9.188134, "delta": 0.009973}}
{"target": -538.2353762256305, "params": {"gamma": 6.698078288466073, "prior": 6.701399151873741, "rate": 0.11202223036585872}, "datetime": {"datetime": "2024-06-14 06:59:13", "elapsed": 9.19711, "delta": 0.008976}}
{"target": -352.4741706478059, "params": {"gamma": 8.529845528647078, "prior": 7.805429564933998, "rate": 6.849555045051163}, "datetime": {"datetime": "2024-06-14 06:59:13", "elapsed": 9.207083, "delta": 0.009973}}
{"target": -270.18374137878334, "params": {"gamma": 7.4080773483828315, "prior": 1.6500670035239342, "rate": 7.188031753433652}, "datetime": {"datetime": "2024-06-14 06:59:13", "elapsed": 9.216059, "delta": 0.008976}}
{"target": -181.50847698899975, "params": {"gamma": 0.9690872885214075, "prior": 7.098799535582478, "rate": 0.027315329458906884}, "datetime": {"datetime": "2024-06-14 06:59:13", "elapsed": 9.226033, "delta": 0.009974}}
{"target": -423.0543589880904, "params": {"gamma": 7.76228166881635, "prior": 4.96641612933724, "rate": 2.044664276112351}, "datetime": {"datetime": "2024-06-14 06:59:13", "elapsed": 9.235008, "delta": 0.008975}}
{"target": -250.05160117401627, "params": {"gamma": 7.292736897839507, "prior": 3.2249759046532924, "rate": 8.83829208238512}, "datetime": {"datetime": "2024-06-14 06:59:13", "elapsed": 9.244982, "delta": 0.009974}}
{"target": -136.36308527803422, "params": {"gamma": 1.803155018796988, "prior": 9.39165147743165, "rate": 9.707530730383564}, "datetime": {"datetime": "2024-06-14 06:59:13", "elapsed": 9.253959, "delta": 0.008977}}
