{"target": -88.36567584808188, "params": {"p_ai": 3.0503783593494265, "p_al": 8.691784983397337, "p_ex": 4.694730841191128, "prior": 8.06176824468246, "rate": 8.068186441818202}, "datetime": {"datetime": "2024-06-13 01:27:56", "elapsed": 168.595786, "delta": 0.11536}}
{"target": -101.70664330750742, "params": {"p_ai": 5.570707065746649, "p_al": 3.8618893998999058, "p_ex": 6.87097682961531, "prior": 6.809352847294272, "rate": 1.8202456075422737}, "datetime": {"datetime": "2024-06-13 01:27:57", "elapsed": 168.710986, "delta": 0.1152}}
{"target": -129.21353978090735, "params": {"p_ai": 7.641746500371065, "p_al": 1.6526003053425689, "p_ex": 3.2417494592425355, "prior": 8.702238530429504, "rate": 5.717108934550803}, "datetime": {"datetime": "2024-06-13 01:27:57", "elapsed": 168.845346, "delta": 0.13436}}
{"target": -82.29943563920638, "params": {"p_ai": 2.5667353379030313, "p_al": 9.23932009155619, "p_ex": 6.606113728339876, "prior": 5.545550824057651, "rate": 9.933210616589482}, "datetime": {"datetime": "2024-06-13 01:27:57", "elapsed": 168.964514, "delta": 0.119168}}
{"target": -166.76279062562577, "params": {"p_ai": 8.455687753580412, "p_al": 6.772250851531259, "p_ex": 0.8182235485602576, "prior": 3.6450932454243863, "rate": 5.022181600633578}, "datetime": {"datetime": "2024-06-13 01:27:57", "elapsed": 169.080583, "delta": 0.116069}}
{"target": -101.13920046464317, "params": {"p_ai": 6.1769374633694545, "p_al": 6.399141051907529, "p_ex": 7.251423345425811, "prior": 9.102478473258811, "rate": 5.68320259597498}, "datetime": {"datetime": "2024-06-13 01:27:57", "elapsed": 169.215224, "delta": 0.134641}}
{"target": -143.1251581074967, "params": {"p_ai": 9.802709051425852, "p_al": 1.132867148596149, "p_ex": 4.657323807567154, "prior": 1.0176245468442442, "rate": 7.424757290371788}, "datetime": {"datetime": "2024-06-13 01:27:57", "elapsed": 169.33989, "delta": 0.124666}}
{"target": -131.22775197202662, "params": {"p_ai": 8.068449360272416, "p_al": 5.2320457837101975, "p_ex": 4.325879597688983, "prior": 0.6708823978417238, "rate": 5.646563656382959}, "datetime": {"datetime": "2024-06-13 01:27:57", "elapsed": 169.454584, "delta": 0.114694}}
{"target": -86.64207934057755, "params": {"p_ai": 2.549022595029336, "p_al": 0.8242363640196037, "p_ex": 7.337359610523183, "prior": 7.43468597913671, "rate": 3.7114298106728287}, "datetime": {"datetime": "2024-06-13 01:27:57", "elapsed": 169.577256, "delta": 0.122672}}
{"target": -117.966786125407, "params": {"p_ai": 1.845560863914552, "p_al": 5.129381674275744, "p_ex": 0.9354702702971923, "prior": 7.784640160871572, "rate": 4.760067048122293}, "datetime": {"datetime": "2024-06-13 01:27:58", "elapsed": 169.690579, "delta": 0.113323}}
{"target": -133.85616297189347, "params": {"p_ai": 9.609669775653595, "p_al": 1.0910953604333562, "p_ex": 6.979897988792099, "prior": 8.035812360308835, "rate": 7.269009336494058}, "datetime": {"datetime": "2024-06-13 01:27:58", "elapsed": 169.805273, "delta": 0.114694}}
{"target": -101.05927506339565, "params": {"p_ai": 4.6150821682690095, "p_al": 5.461554103867576, "p_ex": 6.152271588669034, "prior": 0.5919952593190889, "rate": 9.956734917533865}, "datetime": {"datetime": "2024-06-13 01:27:58", "elapsed": 169.918695, "delta": 0.113422}}
{"target": -115.9666347406103, "params": {"p_ai": 2.549821268966647, "p_al": 6.434430472061677, "p_ex": 1.2652046007720967, "prior": 1.679464516635827, "rate": 4.911557570716647}, "datetime": {"datetime": "2024-06-13 01:27:58", "elapsed": 170.032966, "delta": 0.114271}}
{"target": -119.9091024637905, "params": {"p_ai": 2.8857188289562163, "p_al": 5.042897344255423, "p_ex": 1.0227116003946706, "prior": 4.193530323359763, "rate": 2.6867470652735372}, "datetime": {"datetime": "2024-06-13 01:27:58", "elapsed": 170.147176, "delta": 0.11421}}
{"target": -99.04487552004865, "params": {"p_ai": 5.819440487578645, "p_al": 1.7178834329509671, "p_ex": 9.623255002566271, "prior": 5.442570978471566, "rate": 7.019820788358971}, "datetime": {"datetime": "2024-06-13 01:27:58", "elapsed": 170.265832, "delta": 0.118656}}
{"target": -154.7461962945814, "params": {"p_ai": 9.323729947047374, "p_al": 3.454332308812005, "p_ex": 5.157651729646913, "prior": 7.866126970289994, "rate": 0.6950313988201535}, "datetime": {"datetime": "2024-06-13 01:27:58", "elapsed": 170.380062, "delta": 0.11423}}
{"target": -140.2207854904924, "params": {"p_ai": 7.532460476975046, "p_al": 1.1756767278394176, "p_ex": 3.8919114159978747, "prior": 6.97023169596312, "rate": 0.5996583880118789}, "datetime": {"datetime": "2024-06-13 01:27:58", "elapsed": 170.493349, "delta": 0.113287}}
{"target": -193.41369999438584, "params": {"p_ai": 6.650163606858123, "p_al": 9.719171641644328, "p_ex": 2.4949528876446143, "prior": 2.5921151685676955, "rate": 0.8732224909576163}, "datetime": {"datetime": "2024-06-13 01:27:58", "elapsed": 170.608187, "delta": 0.114838}}
{"target": -101.12134456443053, "params": {"p_ai": 0.9311546173432517, "p_al": 3.144738983084279, "p_ex": 8.325478322610477, "prior": 5.124685126834491, "rate": 3.857018291271997}, "datetime": {"datetime": "2024-06-13 01:27:59", "elapsed": 170.722389, "delta": 0.114202}}
{"target": -83.20609779139185, "params": {"p_ai": 1.825860476246027, "p_al": 9.760200540550123, "p_ex": 7.414637711366844, "prior": 3.4022965841828734, "rate": 9.223420470499212}, "datetime": {"datetime": "2024-06-13 01:27:59", "elapsed": 170.837577, "delta": 0.115188}}
{"target": -105.60387906684109, "params": {"p_ai": 5.863722456927596, "p_al": 2.6527101212907347, "p_ex": 4.816182444659119, "prior": 4.344425040422925, "rate": 3.025705323209395}, "datetime": {"datetime": "2024-06-13 01:27:59", "elapsed": 170.951273, "delta": 0.113696}}
{"target": -116.28583026702077, "params": {"p_ai": 6.567963904475069, "p_al": 7.922147393430575, "p_ex": 3.533286895679186, "prior": 4.379301965349058, "rate": 9.63039754689752}, "datetime": {"datetime": "2024-06-13 01:27:59", "elapsed": 171.066155, "delta": 0.114882}}
{"target": -93.29843104366356, "params": {"p_ai": 2.595870119091476, "p_al": 7.1928850233868555, "p_ex": 8.51152805591894, "prior": 7.418586210097494, "rate": 2.1663143590325595}, "datetime": {"datetime": "2024-06-13 01:27:59", "elapsed": 171.179851, "delta": 0.113696}}
{"target": -94.6167756643878, "params": {"p_ai": 4.353639765707252, "p_al": 6.087989214150046, "p_ex": 5.91597437659046, "prior": 9.518904172044687, "rate": 3.584674882177731}, "datetime": {"datetime": "2024-06-13 01:27:59", "elapsed": 171.301526, "delta": 0.121675}}
{"target": -97.50915161735635, "params": {"p_ai": 5.3184013885853965, "p_al": 3.9843758336063404, "p_ex": 6.1476783430983035, "prior": 4.6489963534302525, "rate": 9.554909499707458}, "datetime": {"datetime": "2024-06-13 01:27:59", "elapsed": 171.416219, "delta": 0.114693}}
{"target": -122.81617246448185, "params": {"p_ai": 7.085161850979339, "p_al": 4.98898575822155, "p_ex": 4.9295913692550375, "prior": 2.485717918581682, "rate": 2.154647890609912}, "datetime": {"datetime": "2024-06-13 01:27:59", "elapsed": 171.529448, "delta": 0.113229}}
{"target": -96.73995962598578, "params": {"p_ai": 3.839213345484957, "p_al": 2.6948981495554443, "p_ex": 2.9837535145475824, "prior": 2.15053359947619, "rate": 4.307723323043663}, "datetime": {"datetime": "2024-06-13 01:28:00", "elapsed": 171.644178, "delta": 0.11473}}
{"target": -85.46531746995682, "params": {"p_ai": 2.3742519356894274, "p_al": 4.291053292961831, "p_ex": 7.382547600181749, "prior": 1.9039327426028603, "rate": 9.804812350553577}, "datetime": {"datetime": "2024-06-13 01:28:00", "elapsed": 171.769806, "delta": 0.125628}}
{"target": -84.25213933134106, "params": {"p_ai": 2.510149272471791, "p_al": 0.9201850394391212, "p_ex": 6.622377220843448, "prior": 1.2422326310329728, "rate": 4.585985552074093}, "datetime": {"datetime": "2024-06-13 01:28:00", "elapsed": 171.891396, "delta": 0.12159}}
{"target": -99.84017337013206, "params": {"p_ai": 5.549552121286815, "p_al": 9.122267296699032, "p_ex": 8.40796832527321, "prior": 4.765261881514484, "rate": 8.806117671423612}, "datetime": {"datetime": "2024-06-13 01:28:00", "elapsed": 172.005859, "delta": 0.114463}}
{"target": -119.78583675271669, "params": {"p_ai": 8.135497423493536, "p_al": 1.9471917037767061, "p_ex": 6.724817912877283, "prior": 7.192553425857825, "rate": 6.526073980659255}, "datetime": {"datetime": "2024-06-13 01:28:00", "elapsed": 172.119613, "delta": 0.113754}}
{"target": -92.60824292069698, "params": {"p_ai": 4.057167300283953, "p_al": 0.43706055846466224, "p_ex": 3.790552867999634, "prior": 0.33257894683759875, "rate": 2.4427912670623453}, "datetime": {"datetime": "2024-06-13 01:28:00", "elapsed": 172.233743, "delta": 0.11413}}
{"target": -158.87062908685988, "params": {"p_ai": 8.427994479486472, "p_al": 4.747672284544124, "p_ex": 1.9562151115667903, "prior": 9.33445475081842, "rate": 1.7592635009829212}, "datetime": {"datetime": "2024-06-13 01:28:00", "elapsed": 172.347491, "delta": 0.113748}}
{"target": -142.88568375988905, "params": {"p_ai": 7.102185784940643, "p_al": 2.5223293312259516, "p_ex": 1.2584243859027127, "prior": 4.235788430787851, "rate": 3.069439271607996}, "datetime": {"datetime": "2024-06-13 01:28:00", "elapsed": 172.462185, "delta": 0.114694}}
{"target": -105.0790261667432, "params": {"p_ai": 5.5627939162736055, "p_al": 0.057950088725271263, "p_ex": 4.0193390792164285, "prior": 3.244414864326125, "rate": 2.0895692938485664}, "datetime": {"datetime": "2024-06-13 01:28:00", "elapsed": 172.575269, "delta": 0.113084}}
{"target": -123.60948059103112, "params": {"p_ai": 7.647203244653368, "p_al": 2.158057811143895, "p_ex": 3.672919163743425, "prior": 0.6155566824563551, "rate": 7.990938077660049}, "datetime": {"datetime": "2024-06-13 01:28:01", "elapsed": 172.690959, "delta": 0.11569}}
{"target": -125.41563518208758, "params": {"p_ai": 8.577774053116217, "p_al": 9.790052219653413, "p_ex": 9.506482093495103, "prior": 4.8714088622083676, "rate": 2.963844578804496}, "datetime": {"datetime": "2024-06-13 01:28:01", "elapsed": 172.80665, "delta": 0.115691}}
{"target": -115.37025341986062, "params": {"p_ai": 6.941959592334977, "p_al": 7.246334888135901, "p_ex": 8.683682540763046, "prior": 2.0640130834583252, "rate": 3.9901377594360703}, "datetime": {"datetime": "2024-06-13 01:28:01", "elapsed": 172.920256, "delta": 0.113606}}
{"target": -122.91486552208397, "params": {"p_ai": 7.888644250363198, "p_al": 2.227648655419227, "p_ex": 4.82232740498444, "prior": 7.809873960783892, "rate": 6.046992979618699}, "datetime": {"datetime": "2024-06-13 01:28:01", "elapsed": 173.034509, "delta": 0.114253}}
{"target": -83.29688766183179, "params": {"p_ai": 1.991212741788793, "p_al": 4.923909201502932, "p_ex": 9.802765005727752, "prior": 1.9199717037804547, "rate": 2.427832758701525}, "datetime": {"datetime": "2024-06-13 01:28:01", "elapsed": 173.149843, "delta": 0.115334}}
{"target": -85.68307341081642, "params": {"p_ai": 4.155134299366303, "p_al": 7.950636379009953, "p_ex": 8.599370987311648, "prior": 7.688080461729196, "rate": 4.227157523440218}, "datetime": {"datetime": "2024-06-13 01:28:01", "elapsed": 173.263538, "delta": 0.113695}}
{"target": -90.51535632903804, "params": {"p_ai": 2.626669492861092, "p_al": 5.911498217644846, "p_ex": 5.563710236157524, "prior": 3.230864751305254, "rate": 2.4487955235744954}, "datetime": {"datetime": "2024-06-13 01:28:01", "elapsed": 173.378232, "delta": 0.114694}}
{"target": -108.9383288610861, "params": {"p_ai": 6.292076079141393, "p_al": 3.6150392336227193, "p_ex": 4.466163623909623, "prior": 4.237468544878544, "rate": 6.050216734749668}, "datetime": {"datetime": "2024-06-13 01:28:01", "elapsed": 173.496574, "delta": 0.118342}}
{"target": -93.03792075658308, "params": {"p_ai": 0.6720996143698694, "p_al": 4.6483715961135195, "p_ex": 9.363241142865018, "prior": 1.4816917977329311, "rate": 8.81601186201042}, "datetime": {"datetime": "2024-06-13 01:28:01", "elapsed": 173.615257, "delta": 0.118683}}
{"target": -84.80898983252489, "params": {"p_ai": 1.9867116676457621, "p_al": 4.828800929418997, "p_ex": 4.910182450155894, "prior": 2.3487670795262607, "rate": 5.966237893981851}, "datetime": {"datetime": "2024-06-13 01:28:02", "elapsed": 173.729555, "delta": 0.114298}}
{"target": -126.54003582428423, "params": {"p_ai": 8.370755177596735, "p_al": 2.428470066784845, "p_ex": 5.057751716277262, "prior": 4.6844784297828275, "rate": 8.049214381625918}, "datetime": {"datetime": "2024-06-13 01:28:02", "elapsed": 173.843255, "delta": 0.1137}}
{"target": -104.95967926128368, "params": {"p_ai": 4.8551720373679625, "p_al": 0.4808923524723822, "p_ex": 2.989784086816148, "prior": 7.216616729239001, "rate": 5.408084708481691}, "datetime": {"datetime": "2024-06-13 01:28:02", "elapsed": 173.958036, "delta": 0.114781}}
{"target": -205.9477801734087, "params": {"p_ai": 7.130408516250978, "p_al": 8.904361093565882, "p_ex": 0.37043952512420786, "prior": 1.6165813179834319, "rate": 2.062616153311377}, "datetime": {"datetime": "2024-06-13 01:28:02", "elapsed": 174.071938, "delta": 0.113902}}
{"target": -108.06591602494636, "params": {"p_ai": 5.482373770995407, "p_al": 6.875285638033866, "p_ex": 3.4239746509233417, "prior": 8.69815134313035, "rate": 8.792097795595758}, "datetime": {"datetime": "2024-06-13 01:28:02", "elapsed": 174.193023, "delta": 0.121085}}
{"target": -108.99369441510679, "params": {"p_ai": 1.9020281611260257, "p_al": 5.318731289606638, "p_ex": 9.89533223269701, "prior": 0.5766681566686965, "rate": 0.8352246167464471}, "datetime": {"datetime": "2024-06-13 01:28:02", "elapsed": 174.306718, "delta": 0.113695}}
{"target": -102.66613937899164, "params": {"p_ai": 4.17687548119399, "p_al": 8.546270166610421, "p_ex": 3.986491570183943, "prior": 0.10047872209267601, "rate": 6.455776471782982}, "datetime": {"datetime": "2024-06-13 01:28:02", "elapsed": 174.420448, "delta": 0.11373}}
{"target": -125.23545114205464, "params": {"p_ai": 2.938740758027726, "p_al": 1.5001546469653306, "p_ex": 1.0787439610589478, "prior": 8.689114300105738, "rate": 0.033649190010560236}, "datetime": {"datetime": "2024-06-13 01:28:02", "elapsed": 174.535142, "delta": 0.114694}}
{"target": -123.11099140107798, "params": {"p_ai": 5.1863463087416415, "p_al": 5.508657930632633, "p_ex": 1.160383142892338, "prior": 2.0012109061146504, "rate": 8.622359909234016}, "datetime": {"datetime": "2024-06-13 01:28:03", "elapsed": 174.648839, "delta": 0.113697}}
{"target": -117.05528066976697, "params": {"p_ai": 1.1706045030374341, "p_al": 8.247211703646046, "p_ex": 1.9317000898235421, "prior": 9.95546289182723, "rate": 4.714645365285202}, "datetime": {"datetime": "2024-06-13 01:28:03", "elapsed": 174.762613, "delta": 0.113774}}
{"target": -135.79282987077576, "params": {"p_ai": 5.47316235739433, "p_al": 0.8236566490081167, "p_ex": 0.5138813084825806, "prior": 2.0750373843877523, "rate": 1.6087283408450508}, "datetime": {"datetime": "2024-06-13 01:28:03", "elapsed": 174.877195, "delta": 0.114582}}
{"target": -89.8294741270991, "params": {"p_ai": 4.5111904649630885, "p_al": 6.299850282915464, "p_ex": 7.263567878118075, "prior": 4.561033003776881, "rate": 3.769926324961166}, "datetime": {"datetime": "2024-06-13 01:28:03", "elapsed": 174.990891, "delta": 0.113696}}
{"target": -126.84133559990187, "params": {"p_ai": 0.6450811413443532, "p_al": 5.3838314013031106, "p_ex": 4.510915596950936, "prior": 4.024173450925323, "rate": 0.739297377549636}, "datetime": {"datetime": "2024-06-13 01:28:03", "elapsed": 175.104747, "delta": 0.113856}}
{"target": -85.25023822887876, "params": {"p_ai": 1.9389589620400425, "p_al": 6.084710003782394, "p_ex": 9.150926960614223, "prior": 6.315562232208938, "rate": 5.777179416959185}, "datetime": {"datetime": "2024-06-13 01:28:03", "elapsed": 175.218443, "delta": 0.113696}}
{"target": -85.8022131783347, "params": {"p_ai": 3.424458668570204, "p_al": 1.3555854633492914, "p_ex": 5.08436213366298, "prior": 6.462997600713831, "rate": 9.67519299616602}, "datetime": {"datetime": "2024-06-13 01:28:03", "elapsed": 175.333136, "delta": 0.114693}}
{"target": -134.11927488611514, "params": {"p_ai": 7.619765598704901, "p_al": 1.8308008482704898, "p_ex": 2.397370725640492, "prior": 9.57009458791186, "rate": 7.580236326081433}, "datetime": {"datetime": "2024-06-13 01:28:03", "elapsed": 175.447339, "delta": 0.114203}}
{"target": -132.78120185184395, "params": {"p_ai": 1.9300095784021698, "p_al": 7.01981330459048, "p_ex": 8.334912290375726, "prior": 4.363068671345741, "rate": 0.09575780663839235}, "datetime": {"datetime": "2024-06-13 01:28:03", "elapsed": 175.560543, "delta": 0.113204}}
{"target": -118.8811251594236, "params": {"p_ai": 6.681434519852933, "p_al": 0.6982839964459406, "p_ex": 2.378790532340036, "prior": 0.9712126349750136, "rate": 8.704808021732656}, "datetime": {"datetime": "2024-06-13 01:28:04", "elapsed": 175.677233, "delta": 0.11669}}
{"target": -120.55471172892108, "params": {"p_ai": 8.34054282055566, "p_al": 2.3523727837850754, "p_ex": 7.544077071128042, "prior": 5.084126551345622, "rate": 4.212130083272633}, "datetime": {"datetime": "2024-06-13 01:28:04", "elapsed": 175.790931, "delta": 0.113698}}
{"target": -112.11562946203243, "params": {"p_ai": 2.1879858666385315, "p_al": 2.2173554367748403, "p_ex": 0.908931616755804, "prior": 2.4889238271796565, "rate": 5.896920756142721}, "datetime": {"datetime": "2024-06-13 01:28:04", "elapsed": 175.904489, "delta": 0.113558}}
{"target": -156.2294969221587, "params": {"p_ai": 8.822265306848173, "p_al": 1.5513240228977372, "p_ex": 2.6195303249388067, "prior": 6.336155320254513, "rate": 1.0128605823073944}, "datetime": {"datetime": "2024-06-13 01:28:04", "elapsed": 176.018776, "delta": 0.114287}}
{"target": -141.39606234943494, "params": {"p_ai": 5.153921282646919, "p_al": 4.46909154508257, "p_ex": 0.5052938192735241, "prior": 7.6579931162870505, "rate": 0.9528564523206144}, "datetime": {"datetime": "2024-06-13 01:28:04", "elapsed": 176.133137, "delta": 0.114361}}
{"target": -88.16584634984042, "params": {"p_ai": 3.3843657437612205, "p_al": 5.790074844308275, "p_ex": 8.508682332431707, "prior": 2.6092797416438254, "rate": 8.103007595133162}, "datetime": {"datetime": "2024-06-13 01:28:04", "elapsed": 176.247111, "delta": 0.113974}}
{"target": -88.89447297479845, "params": {"p_ai": 4.367210182917103, "p_al": 8.27634847928233, "p_ex": 9.215999806660857, "prior": 4.382605484176173, "rate": 2.6213106647344735}, "datetime": {"datetime": "2024-06-13 01:28:04", "elapsed": 176.361342, "delta": 0.114231}}
{"target": -89.02602301149048, "params": {"p_ai": 4.614951273141985, "p_al": 0.9490248493347024, "p_ex": 6.5881187182673475, "prior": 6.323835312579325, "rate": 4.968501963004823}, "datetime": {"datetime": "2024-06-13 01:28:04", "elapsed": 176.474518, "delta": 0.113176}}
{"target": -98.97510424026845, "params": {"p_ai": 4.7020856765161065, "p_al": 1.2859370672436552, "p_ex": 3.344550147403386, "prior": 2.6866939699212384, "rate": 5.358561014717092}, "datetime": {"datetime": "2024-06-13 01:28:04", "elapsed": 176.589006, "delta": 0.114488}}
{"target": -88.34588785858915, "params": {"p_ai": 4.198659544982929, "p_al": 8.360489112107674, "p_ex": 7.012377753383944, "prior": 4.959488359464544, "rate": 5.995609167902584}, "datetime": {"datetime": "2024-06-13 01:28:05", "elapsed": 176.703699, "delta": 0.114693}}
{"target": -89.26824792712601, "params": {"p_ai": 3.967775618698588, "p_al": 2.17528315801882, "p_ex": 7.422640148841071, "prior": 9.226456982114145, "rate": 2.613604563077292}, "datetime": {"datetime": "2024-06-13 01:28:05", "elapsed": 176.816756, "delta": 0.113057}}
{"target": -127.2434233881489, "params": {"p_ai": 6.323284870025931, "p_al": 7.09607452720982, "p_ex": 7.3710671943071, "prior": 2.7029262942568364, "rate": 1.024334263146277}, "datetime": {"datetime": "2024-06-13 01:28:05", "elapsed": 176.931397, "delta": 0.114641}}
{"target": -124.31968083127639, "params": {"p_ai": 7.185838421507484, "p_al": 4.432502126422837, "p_ex": 6.827359618129039, "prior": 0.5852331553316763, "rate": 6.543172400849333}, "datetime": {"datetime": "2024-06-13 01:28:05", "elapsed": 177.044668, "delta": 0.113271}}
{"target": -106.30107422204718, "params": {"p_ai": 2.884487893175923, "p_al": 8.778583385115077, "p_ex": 1.653832432604621, "prior": 4.456248424711869, "rate": 9.691567095079847}, "datetime": {"datetime": "2024-06-13 01:28:05", "elapsed": 177.158934, "delta": 0.114266}}
{"target": -98.66826421942257, "params": {"p_ai": 0.8621946199190262, "p_al": 4.00523582405112, "p_ex": 2.8553005975311763, "prior": 0.8277057437039895, "rate": 7.0980192589693125}, "datetime": {"datetime": "2024-06-13 01:28:05", "elapsed": 177.27263, "delta": 0.113696}}
{"target": -138.98761032580887, "params": {"p_ai": 5.624844106177818, "p_al": 9.88043777704123, "p_ex": 2.2768642495507527, "prior": 1.0475183180092338, "rate": 4.699600102098296}, "datetime": {"datetime": "2024-06-13 01:28:05", "elapsed": 177.387361, "delta": 0.114731}}
{"target": -129.63887749049604, "params": {"p_ai": 7.252886102412543, "p_al": 2.031980046884213, "p_ex": 1.9353061132368568, "prior": 0.16547877208318693, "rate": 6.134148945872518}, "datetime": {"datetime": "2024-06-13 01:28:05", "elapsed": 177.501564, "delta": 0.114203}}
{"target": -112.78574150568434, "params": {"p_ai": 5.867117373471412, "p_al": 4.601979168445047, "p_ex": 7.062314912212693, "prior": 0.5940881024687412, "rate": 6.650141696408433}, "datetime": {"datetime": "2024-06-13 01:28:05", "elapsed": 177.615252, "delta": 0.113688}}
{"target": -87.09296249749154, "params": {"p_ai": 1.8859377873976535, "p_al": 1.3427130043020572, "p_ex": 8.948826097560175, "prior": 6.886089309604159, "rate": 6.348178656416854}, "datetime": {"datetime": "2024-06-13 01:28:06", "elapsed": 177.73294, "delta": 0.117688}}
