{"target": -135.45217441232387, "params": {"gamma": 1.6165788245210426, "prior": 6.524924004221608, "rate": 7.53350473313803}, "datetime": {"datetime": "2024-06-14 04:07:31", "elapsed": 6.62333, "delta": 0.009973}}
{"target": -163.7399753717158, "params": {"gamma": 2.8026461610955637, "prior": 4.5684824262007755, "rate": 9.004588674948266}, "datetime": {"datetime": "2024-06-14 04:07:31", "elapsed": 6.632306, "delta": 0.008976}}
{"target": -404.9270974973471, "params": {"gamma": 8.719984326277993, "prior": 7.1011573368634044, "rate": 5.909415094304578}, "datetime": {"datetime": "2024-06-14 04:07:31", "elapsed": 6.64228, "delta": 0.009974}}
{"target": -735.613917858576, "params": {"gamma": 8.174005321700859, "prior": 9.085681996388406, "rate": 0.026073089119563617}, "datetime": {"datetime": "2024-06-14 04:07:31", "elapsed": 6.651256, "delta": 0.008976}}
{"target": -197.85233207288456, "params": {"gamma": 3.972880434571384, "prior": 5.657955868812967, "rate": 7.339497439712482}, "datetime": {"datetime": "2024-06-14 04:07:31", "elapsed": 6.660797, "delta": 0.009541}}
{"target": -136.6194533315067, "params": {"gamma": 0.8756401490882502, "prior": 4.057574378040559, "rate": 2.796932173319039}, "datetime": {"datetime": "2024-06-14 04:07:31", "elapsed": 6.669772, "delta": 0.008975}}
{"target": -206.04675238963753, "params": {"gamma": 4.235677020998725, "prior": 5.029988463465554, "rate": 6.600492220036985}, "datetime": {"datetime": "2024-06-14 04:07:31", "elapsed": 6.679746, "delta": 0.009974}}
{"target": -243.3749349697703, "params": {"gamma": 4.962865153563822, "prior": 6.242635185991386, "rate": 5.824816179030337}, "datetime": {"datetime": "2024-06-14 04:07:31", "elapsed": 6.688722, "delta": 0.008976}}
{"target": -317.87735937852153, "params": {"gamma": 4.2838956479905255, "prior": 0.1492660106415274, "rate": 1.9459696221821587}, "datetime": {"datetime": "2024-06-14 04:07:31", "elapsed": 6.698695, "delta": 0.009973}}
{"target": -198.74344480309676, "params": {"gamma": 3.2027463362086017, "prior": 1.55508344596382, "rate": 5.987040152182751}, "datetime": {"datetime": "2024-06-14 04:07:31", "elapsed": 6.707671, "delta": 0.008976}}
{"target": -326.6711644456012, "params": {"gamma": 6.115383267119364, "prior": 5.050923270009602, "rate": 3.2091681671070447}, "datetime": {"datetime": "2024-06-14 04:07:31", "elapsed": 6.717644, "delta": 0.009973}}
{"target": -565.0495034562769, "params": {"gamma": 6.53292726219252, "prior": 1.983806478522533, "rate": 0.05980393346483768}, "datetime": {"datetime": "2024-06-14 04:07:31", "elapsed": 6.726658, "delta": 0.009014}}
{"target": -310.87391134256563, "params": {"gamma": 7.3496852448209316, "prior": 4.490688034848957, "rate": 6.978718718842435}, "datetime": {"datetime": "2024-06-14 04:07:31", "elapsed": 6.736594, "delta": 0.009936}}
{"target": -152.06117559144275, "params": {"gamma": 1.851248453020123, "prior": 0.7199360396407632, "rate": 3.78170775924343}, "datetime": {"datetime": "2024-06-14 04:07:31", "elapsed": 6.746567, "delta": 0.009973}}
{"target": -302.52270346493293, "params": {"gamma": 6.960269107944495, "prior": 1.1179018377977268, "rate": 1.959146502516249}, "datetime": {"datetime": "2024-06-14 04:07:31", "elapsed": 6.755543, "delta": 0.008976}}
{"target": -217.58540842242752, "params": {"gamma": 4.540072551414793, "prior": 6.249376977967096, "rate": 7.501492356441782}, "datetime": {"datetime": "2024-06-14 04:07:31", "elapsed": 6.764519, "delta": 0.008976}}
{"target": -140.18633874284487, "params": {"gamma": 1.0982404778352803, "prior": 6.283773710840847, "rate": 3.8742178609226636}, "datetime": {"datetime": "2024-06-14 04:07:31", "elapsed": 6.774493, "delta": 0.009974}}
{"target": -319.71232449123943, "params": {"gamma": 6.701233597109323, "prior": 2.115247738852826, "rate": 5.2796600565097815}, "datetime": {"datetime": "2024-06-14 04:07:31", "elapsed": 6.783468, "delta": 0.008975}}
{"target": -168.00743533498832, "params": {"gamma": 1.722453387004371, "prior": 0.2849419593641159, "rate": 4.870015513993148}, "datetime": {"datetime": "2024-06-14 04:07:31", "elapsed": 6.792444, "delta": 0.008976}}
{"target": -146.3729953548949, "params": {"gamma": 1.8425935878323698, "prior": 6.4195989670335365, "rate": 5.366211618584989}, "datetime": {"datetime": "2024-06-14 04:07:31", "elapsed": 6.802417, "delta": 0.009973}}
{"target": -362.7742314604577, "params": {"gamma": 7.74967885459746, "prior": 3.990303036078612, "rate": 9.894531856231692}, "datetime": {"datetime": "2024-06-14 04:07:31", "elapsed": 6.811395, "delta": 0.008978}}
{"target": -235.9435546988935, "params": {"gamma": 5.152631746924576, "prior": 4.84035167173617, "rate": 7.494675265050945}, "datetime": {"datetime": "2024-06-14 04:07:31", "elapsed": 6.821367, "delta": 0.009972}}
{"target": -254.7617540763965, "params": {"gamma": 5.727310244630862, "prior": 3.6884066412702516, "rate": 4.892958609815962}, "datetime": {"datetime": "2024-06-14 04:07:31", "elapsed": 6.830343, "delta": 0.008976}}
{"target": -216.80241394219337, "params": {"gamma": 1.8921946110135588, "prior": 3.9964758015389337, "rate": 0.30058756348796134}, "datetime": {"datetime": "2024-06-14 04:07:31", "elapsed": 6.839349, "delta": 0.009006}}
{"target": -222.83121804242035, "params": {"gamma": 4.625828074361687, "prior": 2.8172937167553513, "rate": 5.267631887725799}, "datetime": {"datetime": "2024-06-14 04:07:31", "elapsed": 6.849292, "delta": 0.009943}}
{"target": -146.1810543313968, "params": {"gamma": 0.2936919419097222, "prior": 5.595358988569528, "rate": 2.9306858383999437}, "datetime": {"datetime": "2024-06-14 04:07:31", "elapsed": 6.858268, "delta": 0.008976}}
{"target": -317.20574483697004, "params": {"gamma": 5.775329319454461, "prior": 7.35442154728753, "rate": 4.403937930137581}, "datetime": {"datetime": "2024-06-14 04:07:31", "elapsed": 6.867244, "delta": 0.008976}}
{"target": -366.166657482143, "params": {"gamma": 6.6319050719967745, "prior": 2.4652085532150996, "rate": 9.985992286776213}, "datetime": {"datetime": "2024-06-14 04:07:31", "elapsed": 6.877218, "delta": 0.009974}}
{"target": -212.34497766497338, "params": {"gamma": 2.4295423376760557, "prior": 9.414201302377094, "rate": 2.1729802841597885}, "datetime": {"datetime": "2024-06-14 04:07:31", "elapsed": 6.886193, "delta": 0.008975}}
{"target": -248.48713223055944, "params": {"gamma": 4.97614628166607, "prior": 8.229651952438084, "rate": 7.166163879900548}, "datetime": {"datetime": "2024-06-14 04:07:31", "elapsed": 6.896166, "delta": 0.009973}}
{"target": -304.0822197917673, "params": {"gamma": 7.05609854079457, "prior": 4.460361543759608, "rate": 7.541996079526139}, "datetime": {"datetime": "2024-06-14 04:07:31", "elapsed": 6.90518, "delta": 0.009014}}
{"target": -378.42006127800806, "params": {"gamma": 9.199615816571573, "prior": 4.469382278626795, "rate": 5.2801268760628535}, "datetime": {"datetime": "2024-06-14 04:07:31", "elapsed": 6.915116, "delta": 0.009936}}
{"target": -129.8821262069609, "params": {"gamma": 0.6612898045823568, "prior": 3.968653429339858, "rate": 4.672918424766126}, "datetime": {"datetime": "2024-06-14 04:07:31", "elapsed": 6.924093, "delta": 0.008977}}
{"target": -545.8828234549874, "params": {"gamma": 8.951481970324929, "prior": 1.1945186585288683, "rate": 7.311644894386467}, "datetime": {"datetime": "2024-06-14 04:07:31", "elapsed": 6.934066, "delta": 0.009973}}
{"target": -469.0922207220093, "params": {"gamma": 5.455166214318647, "prior": 6.10470076211378, "rate": 0.2987996583514733}, "datetime": {"datetime": "2024-06-14 04:07:31", "elapsed": 6.944039, "delta": 0.009973}}
{"target": -214.56204687391974, "params": {"gamma": 1.4683270502280348, "prior": 2.911433932115233, "rate": 0.04971560748810713}, "datetime": {"datetime": "2024-06-14 04:07:31", "elapsed": 6.953015, "delta": 0.008976}}
{"target": -355.55500544738135, "params": {"gamma": 6.6919088201735715, "prior": 8.715553694333723, "rate": 5.470136124403138}, "datetime": {"datetime": "2024-06-14 04:07:31", "elapsed": 6.961991, "delta": 0.008976}}
{"target": -321.69006504223773, "params": {"gamma": 5.432097311144519, "prior": 6.195686693269069, "rate": 3.022512822657626}, "datetime": {"datetime": "2024-06-14 04:07:31", "elapsed": 6.971965, "delta": 0.009974}}
{"target": -187.67233467053572, "params": {"gamma": 3.6679530846277557, "prior": 5.7919033000498885, "rate": 8.092356620589728}, "datetime": {"datetime": "2024-06-14 04:07:31", "elapsed": 6.980941, "delta": 0.008976}}
{"target": -142.42561391918792, "params": {"gamma": 2.016764747447303, "prior": 3.3424881528980626, "rate": 7.429469582646582}, "datetime": {"datetime": "2024-06-14 04:07:31", "elapsed": 6.990914, "delta": 0.009973}}
{"target": -193.3535106491898, "params": {"gamma": 3.4098615710742886, "prior": 0.5713481941948949, "rate": 1.5644129298338398}, "datetime": {"datetime": "2024-06-14 04:07:31", "elapsed": 6.99989, "delta": 0.008976}}
{"target": -140.6829801937983, "params": {"gamma": 1.9394547317358086, "prior": 5.001612389355664, "rate": 6.351614485952291}, "datetime": {"datetime": "2024-06-14 04:07:31", "elapsed": 7.009863, "delta": 0.009973}}
{"target": -560.850516754924, "params": {"gamma": 8.802319552208612, "prior": 9.035111908580227, "rate": 3.072300524082465}, "datetime": {"datetime": "2024-06-14 04:07:31", "elapsed": 7.01884, "delta": 0.008977}}
{"target": -316.7906818847154, "params": {"gamma": 7.534047351182733, "prior": 2.896037502533829, "rate": 3.686400120782994}, "datetime": {"datetime": "2024-06-14 04:07:31", "elapsed": 7.028813, "delta": 0.009973}}
{"target": -199.28016016962408, "params": {"gamma": 2.927972894369209, "prior": 4.195538288371103, "rate": 2.147942240988137}, "datetime": {"datetime": "2024-06-14 04:07:31", "elapsed": 7.038662, "delta": 0.009849}}
{"target": -226.27606210787962, "params": {"gamma": 3.1905410786954205, "prior": 1.3070061575118679, "rate": 9.63021937771575}, "datetime": {"datetime": "2024-06-14 04:07:31", "elapsed": 7.048636, "delta": 0.009974}}
{"target": -256.55818066604195, "params": {"gamma": 5.04032611097843, "prior": 9.238696757627771, "rate": 7.461855247593438}, "datetime": {"datetime": "2024-06-14 04:07:31", "elapsed": 7.057613, "delta": 0.008977}}
{"target": -236.6340435096578, "params": {"gamma": 4.577595171516512, "prior": 7.570760030550504, "rate": 6.280602762990652}, "datetime": {"datetime": "2024-06-14 04:07:31", "elapsed": 7.067586, "delta": 0.009973}}
{"target": -168.9183296453406, "params": {"gamma": 3.0382805830845347, "prior": 5.264427202791391, "rate": 7.123409644278645}, "datetime": {"datetime": "2024-06-14 04:07:31", "elapsed": 7.07756, "delta": 0.009974}}
{"target": -236.66259327654703, "params": {"gamma": 3.0538300009516193, "prior": 0.22397608517608533, "rate": 2.6833600285302275}, "datetime": {"datetime": "2024-06-14 04:07:31", "elapsed": 7.087532, "delta": 0.009972}}
{"target": -406.51360965217873, "params": {"gamma": 7.967658010425252, "prior": 9.306931580738663, "rate": 6.2536862178776484}, "datetime": {"datetime": "2024-06-14 04:07:31", "elapsed": 7.097505, "delta": 0.009973}}
{"target": -140.68399619761664, "params": {"gamma": 1.3289420383195298, "prior": 7.59994655654947, "rate": 5.269526555127393}, "datetime": {"datetime": "2024-06-14 04:07:31", "elapsed": 7.107478, "delta": 0.009973}}
{"target": -324.70431850919107, "params": {"gamma": 7.538936847140509, "prior": 8.600255860393125, "rate": 9.475467969467141}, "datetime": {"datetime": "2024-06-14 04:07:31", "elapsed": 7.116454, "delta": 0.008976}}
{"target": -309.9044754840266, "params": {"gamma": 6.545720808693693, "prior": 8.557156277442202, "rate": 7.426137988907772}, "datetime": {"datetime": "2024-06-14 04:07:31", "elapsed": 7.126429, "delta": 0.009975}}
{"target": -317.1529298801958, "params": {"gamma": 7.271284782848366, "prior": 8.60202848704295, "rate": 9.2301074044959}, "datetime": {"datetime": "2024-06-14 04:07:31", "elapsed": 7.136401, "delta": 0.009972}}
{"target": -636.1340941803345, "params": {"gamma": 9.020857939246921, "prior": 4.017927589495288, "rate": 0.8411287767074533}, "datetime": {"datetime": "2024-06-14 04:07:31", "elapsed": 7.146374, "delta": 0.009973}}
{"target": -362.09858076212055, "params": {"gamma": 8.295907610863033, "prior": 5.43542237774558, "rate": 5.421219471236491}, "datetime": {"datetime": "2024-06-14 04:07:31", "elapsed": 7.15535, "delta": 0.008976}}
{"target": -626.5055817406859, "params": {"gamma": 8.25192813033363, "prior": 0.4166434253201614, "rate": 8.779726226832842}, "datetime": {"datetime": "2024-06-14 04:07:31", "elapsed": 7.165324, "delta": 0.009974}}
{"target": -140.54592401046395, "params": {"gamma": 0.34730537937586553, "prior": 6.9626261279460415, "rate": 5.875257309024742}, "datetime": {"datetime": "2024-06-14 04:07:31", "elapsed": 7.175298, "delta": 0.009974}}
{"target": -324.9802961671978, "params": {"gamma": 6.417850059155134, "prior": 3.803393858608736, "rate": 2.755344804474391}, "datetime": {"datetime": "2024-06-14 04:07:31", "elapsed": 7.18527, "delta": 0.009972}}
{"target": -279.26981229940276, "params": {"gamma": 5.094576405806185, "prior": 8.869648859782243, "rate": 5.653331413985319}, "datetime": {"datetime": "2024-06-14 04:07:31", "elapsed": 7.197238, "delta": 0.011968}}
{"target": -305.0431037240392, "params": {"gamma": 6.631825765751704, "prior": 4.469654386439658, "rate": 9.7214187321274}, "datetime": {"datetime": "2024-06-14 04:07:32", "elapsed": 7.211201, "delta": 0.013963}}
{"target": -321.26649473257925, "params": {"gamma": 7.425482001064747, "prior": 3.613534857422657, "rate": 6.5356567956039315}, "datetime": {"datetime": "2024-06-14 04:07:32", "elapsed": 7.221174, "delta": 0.009973}}
{"target": -364.00766720599665, "params": {"gamma": 5.426621502305332, "prior": 8.852156502548992, "rate": 2.7512654566030514}, "datetime": {"datetime": "2024-06-14 04:07:32", "elapsed": 7.231148, "delta": 0.009974}}
{"target": -124.15041148057583, "params": {"gamma": 1.0815667842382009, "prior": 1.9935933122375844, "rate": 3.8710752798182537}, "datetime": {"datetime": "2024-06-14 04:07:32", "elapsed": 7.240124, "delta": 0.008976}}
{"target": -384.4562657961174, "params": {"gamma": 8.54074388954821, "prior": 2.7813646469755744, "rate": 6.263961673283628}, "datetime": {"datetime": "2024-06-14 04:07:32", "elapsed": 7.250097, "delta": 0.009973}}
{"target": -485.60759164364856, "params": {"gamma": 6.235894458654538, "prior": 4.139666639944494, "rate": 0.504300961464858}, "datetime": {"datetime": "2024-06-14 04:07:32", "elapsed": 7.259073, "delta": 0.008976}}
{"target": -313.01983877656926, "params": {"gamma": 7.448593896451896, "prior": 3.027682790796424, "rate": 3.9851835072938524}, "datetime": {"datetime": "2024-06-14 04:07:32", "elapsed": 7.269046, "delta": 0.009973}}
{"target": -313.8562727922432, "params": {"gamma": 3.7730184357375642, "prior": 6.669666053543827, "rate": 0.8642465348648255}, "datetime": {"datetime": "2024-06-14 04:07:32", "elapsed": 7.278023, "delta": 0.008977}}
{"target": -444.94312991231305, "params": {"gamma": 5.49934931479934, "prior": 0.25267604119823284, "rate": 9.830406796410628}, "datetime": {"datetime": "2024-06-14 04:07:32", "elapsed": 7.287996, "delta": 0.009973}}
{"target": -378.8180584293489, "params": {"gamma": 5.984673796657761, "prior": 3.902730857162644, "rate": 1.4683325593440997}, "datetime": {"datetime": "2024-06-14 04:07:32", "elapsed": 7.296972, "delta": 0.008976}}
{"target": -444.7242760803515, "params": {"gamma": 6.9690863860416155, "prior": 9.067503325394869, "rate": 3.1817694146938234}, "datetime": {"datetime": "2024-06-14 04:07:32", "elapsed": 7.306945, "delta": 0.009973}}
{"target": -391.3544559457534, "params": {"gamma": 7.665154954417642, "prior": 2.946231210207758, "rate": 9.57229619840156}, "datetime": {"datetime": "2024-06-14 04:07:32", "elapsed": 7.315921, "delta": 0.008976}}
{"target": -298.5019685903839, "params": {"gamma": 7.023455232193281, "prior": 6.287654372613879, "rate": 9.307416596768327}, "datetime": {"datetime": "2024-06-14 04:07:32", "elapsed": 7.324897, "delta": 0.008976}}
{"target": -174.50584867681863, "params": {"gamma": 2.6911548301319335, "prior": 9.243795888773532, "rate": 6.781151258305702}, "datetime": {"datetime": "2024-06-14 04:07:32", "elapsed": 7.33487, "delta": 0.009973}}
{"target": -321.8115179266856, "params": {"gamma": 7.713853709507418, "prior": 5.759189830706018, "rate": 8.339212870314833}, "datetime": {"datetime": "2024-06-14 04:07:32", "elapsed": 7.343846, "delta": 0.008976}}
{"target": -381.08000106773227, "params": {"gamma": 6.983119711119335, "prior": 1.551426147591399, "rate": 6.1249988251521215}, "datetime": {"datetime": "2024-06-14 04:07:32", "elapsed": 7.35382, "delta": 0.009974}}
{"target": -233.5422918292752, "params": {"gamma": 2.793924035827702, "prior": 9.167199358366272, "rate": 1.9831246698113274}, "datetime": {"datetime": "2024-06-14 04:07:32", "elapsed": 7.363793, "delta": 0.009973}}
{"target": -210.7250832423024, "params": {"gamma": 2.857879237217657, "prior": 0.5717815791998215, "rate": 4.476343861362332}, "datetime": {"datetime": "2024-06-14 04:07:32", "elapsed": 7.372769, "delta": 0.008976}}
{"target": -250.3542788383767, "params": {"gamma": 5.576320563895948, "prior": 5.778254717513243, "rate": 9.053868422216771}, "datetime": {"datetime": "2024-06-14 04:07:32", "elapsed": 7.381746, "delta": 0.008977}}
{"target": -184.18895031358983, "params": {"gamma": 3.47479191407325, "prior": 4.5305309579534265, "rate": 8.512525387352474}, "datetime": {"datetime": "2024-06-14 04:07:32", "elapsed": 7.391718, "delta": 0.009972}}
{"target": -354.2761142677446, "params": {"gamma": 5.768716203017017, "prior": 6.574530055289563, "rate": 2.784314944612766}, "datetime": {"datetime": "2024-06-14 04:07:32", "elapsed": 7.401693, "delta": 0.009975}}
{"target": -358.27542567986154, "params": {"gamma": 4.875225544956866, "prior": 6.247428637046675, "rate": 1.3348069074222546}, "datetime": {"datetime": "2024-06-14 04:07:32", "elapsed": 7.4107, "delta": 0.009007}}
{"target": -131.19252887178294, "params": {"gamma": 0.3300542572087522, "prior": 1.222768911195179, "rate": 4.775133302320191}, "datetime": {"datetime": "2024-06-14 04:07:32", "elapsed": 7.420641, "delta": 0.009941}}
{"target": -155.0040717162138, "params": {"gamma": 0.24124331957345432, "prior": 6.299468398458495, "rate": 0.9767285971428687}, "datetime": {"datetime": "2024-06-14 04:07:32", "elapsed": 7.430614, "delta": 0.009973}}
{"target": -210.35361393741445, "params": {"gamma": 2.5103644156247413, "prior": 4.322280163976562, "rate": 1.159151640315784}, "datetime": {"datetime": "2024-06-14 04:07:32", "elapsed": 7.43959, "delta": 0.008976}}
{"target": -236.83505014952985, "params": {"gamma": 2.706249385980867, "prior": 0.3086887610715615, "rate": 9.850470490551084}, "datetime": {"datetime": "2024-06-14 04:07:32", "elapsed": 7.449564, "delta": 0.009974}}
{"target": -505.0246279853722, "params": {"gamma": 6.116124507605985, "prior": 3.8457030044689664, "rate": 0.2662569827533811}, "datetime": {"datetime": "2024-06-14 04:07:32", "elapsed": 7.45854, "delta": 0.008976}}
{"target": -200.4031192509973, "params": {"gamma": 3.8989976450014674, "prior": 4.580330401225699, "rate": 9.310100934451263}, "datetime": {"datetime": "2024-06-14 04:07:32", "elapsed": 7.468513, "delta": 0.009973}}
{"target": -165.31873544123815, "params": {"gamma": 2.7857632142087283, "prior": 6.186340721724661, "rate": 6.6520183774673525}, "datetime": {"datetime": "2024-06-14 04:07:32", "elapsed": 7.47749, "delta": 0.008977}}
{"target": -137.4492666706284, "params": {"gamma": 1.8604237369935928, "prior": 5.107057154965675, "rate": 7.86522112783649}, "datetime": {"datetime": "2024-06-14 04:07:32", "elapsed": 7.486732, "delta": 0.009242}}
{"target": -182.2193047439563, "params": {"gamma": 0.966693765249707, "prior": 6.099749451872725, "rate": 0.261573266951244}, "datetime": {"datetime": "2024-06-14 04:07:32", "elapsed": 7.496706, "delta": 0.009974}}
{"target": -148.2707847761147, "params": {"gamma": 0.07146019137694642, "prior": 0.6893332106867064, "rate": 4.814523191031215}, "datetime": {"datetime": "2024-06-14 04:07:32", "elapsed": 7.505682, "delta": 0.008976}}
{"target": -666.718603083814, "params": {"gamma": 9.257115382793618, "prior": 4.1150181029763395, "rate": 0.7512513607260716}, "datetime": {"datetime": "2024-06-14 04:07:32", "elapsed": 7.515655, "delta": 0.009973}}
{"target": -454.8049247086181, "params": {"gamma": 8.613663392355804, "prior": 5.241046096157358, "rate": 3.1900397533053235}, "datetime": {"datetime": "2024-06-14 04:07:32", "elapsed": 7.524631, "delta": 0.008976}}
{"target": -642.3715169893726, "params": {"gamma": 9.630360355507971, "prior": 9.388791508173545, "rate": 2.6009297005949668}, "datetime": {"datetime": "2024-06-14 04:07:32", "elapsed": 7.534604, "delta": 0.009973}}
{"target": -141.33871500145406, "params": {"gamma": 2.014717145283489, "prior": 5.930196162730165, "rate": 8.425339580205748}, "datetime": {"datetime": "2024-06-14 04:07:32", "elapsed": 7.544579, "delta": 0.009975}}
{"target": -253.1915074921889, "params": {"gamma": 3.3678741763608038, "prior": 5.90565127249619, "rate": 1.623287749788599}, "datetime": {"datetime": "2024-06-14 04:07:32", "elapsed": 7.553554, "delta": 0.008975}}
{"target": -195.20869552076724, "params": {"gamma": 1.94674275864618, "prior": 7.637218638321746, "rate": 1.5018345150591474}, "datetime": {"datetime": "2024-06-14 04:07:32", "elapsed": 7.563527, "delta": 0.009973}}
{"target": -285.9710215724066, "params": {"gamma": 2.659804503437227, "prior": 6.925999145458927, "rate": 0.15187798702215813}, "datetime": {"datetime": "2024-06-14 04:07:32", "elapsed": 7.5735, "delta": 0.009973}}
{"target": -138.7206330005887, "params": {"gamma": 0.3229118442818368, "prior": 2.946506806237884, "rate": 3.366895181942479}, "datetime": {"datetime": "2024-06-14 04:07:32", "elapsed": 7.582476, "delta": 0.008976}}
