{"target": -155.72363864899003, "params": {"gamma": 0.4919257168276211, "prior": 4.583327245754565, "rate": 1.6048400632304824}, "datetime": {"datetime": "2024-06-14 12:57:26", "elapsed": 15.232147, "delta": 0.009973}}
{"target": -546.1036485758293, "params": {"gamma": 7.3285116447675644, "prior": 3.5387914125136177, "rate": 2.0125752194218203}, "datetime": {"datetime": "2024-06-14 12:57:26", "elapsed": 15.242149, "delta": 0.010002}}
{"target": -585.4245852105722, "params": {"gamma": 8.428037552609165, "prior": 8.196183684842598, "rate": 3.4371232618649366}, "datetime": {"datetime": "2024-06-14 12:57:26", "elapsed": 15.252094, "delta": 0.009945}}
{"target": -440.00566824115924, "params": {"gamma": 4.036824289622301, "prior": 0.6999381207727932, "rate": 1.789668289049935}, "datetime": {"datetime": "2024-06-14 12:57:26", "elapsed": 15.262067, "delta": 0.009973}}
{"target": -676.8463817593318, "params": {"gamma": 7.359452519624915, "prior": 5.704690450059553, "rate": 8.232546464042965}, "datetime": {"datetime": "2024-06-14 12:57:26", "elapsed": 15.27204, "delta": 0.009973}}
{"target": -402.6744247116863, "params": {"gamma": 5.011999831149711, "prior": 7.70183791518716, "rate": 5.099670086770199}, "datetime": {"datetime": "2024-06-14 12:57:26", "elapsed": 15.282014, "delta": 0.009974}}
{"target": -608.747430032057, "params": {"gamma": 5.681122236748865, "prior": 1.9277178465421385, "rate": 5.444465844143353}, "datetime": {"datetime": "2024-06-14 12:57:26", "elapsed": 15.291987, "delta": 0.009973}}
{"target": -196.38325980078693, "params": {"gamma": 2.0111304539680037, "prior": 5.606569803760094, "rate": 1.4152709353449207}, "datetime": {"datetime": "2024-06-14 12:57:26", "elapsed": 15.30196, "delta": 0.009973}}
{"target": -184.0676826045099, "params": {"gamma": 1.860913882924621, "prior": 7.671361205911481, "rate": 0.7097917708485983}, "datetime": {"datetime": "2024-06-14 12:57:26", "elapsed": 15.311934, "delta": 0.009974}}
{"target": -259.11615245409075, "params": {"gamma": 3.693767142270499, "prior": 8.790992387293622, "rate": 1.0442696607468924}, "datetime": {"datetime": "2024-06-14 12:57:26", "elapsed": 15.322904, "delta": 0.01097}}
{"target": -460.4200304935717, "params": {"gamma": 3.592172999392244, "prior": 1.2282076392222137, "rate": 8.765531034947044}, "datetime": {"datetime": "2024-06-14 12:57:26", "elapsed": 15.332878, "delta": 0.009974}}
{"target": -197.82628178428342, "params": {"gamma": 1.2632448916905008, "prior": 2.6200995276429606, "rate": 4.219641618837235}, "datetime": {"datetime": "2024-06-14 12:57:26", "elapsed": 15.342851, "delta": 0.009973}}
{"target": -507.0614466818985, "params": {"gamma": 6.652894921984129, "prior": 3.5125825645272064, "rate": 2.135803151301911}, "datetime": {"datetime": "2024-06-14 12:57:26", "elapsed": 15.35234, "delta": 0.009489}}
{"target": -383.52102886482976, "params": {"gamma": 3.734477672558837, "prior": 5.753143799030497, "rate": 9.907522742580955}, "datetime": {"datetime": "2024-06-14 12:57:26", "elapsed": 15.363304, "delta": 0.010964}}
{"target": -351.917757562657, "params": {"gamma": 3.2723245929378826, "prior": 3.685813030171733, "rate": 7.062646301466503}, "datetime": {"datetime": "2024-06-14 12:57:26", "elapsed": 15.373277, "delta": 0.009973}}
{"target": -349.1706933063008, "params": {"gamma": 2.9900579784113206, "prior": 3.5620371383838085, "rate": 9.947082647057805}, "datetime": {"datetime": "2024-06-14 12:57:26", "elapsed": 15.383251, "delta": 0.009974}}
{"target": -363.173751183167, "params": {"gamma": 6.043069520448973, "prior": 8.305226870877545, "rate": 0.3176252391757072}, "datetime": {"datetime": "2024-06-14 12:57:26", "elapsed": 15.393224, "delta": 0.009973}}
{"target": -192.76886515313777, "params": {"gamma": 1.4557567070423627, "prior": 7.304510112747834, "rate": 5.397899711964559}, "datetime": {"datetime": "2024-06-14 12:57:26", "elapsed": 15.403198, "delta": 0.009974}}
{"target": -777.4554858799526, "params": {"gamma": 9.952649800093342, "prior": 5.00673362856301, "rate": 3.8416545812104723}, "datetime": {"datetime": "2024-06-14 12:57:26", "elapsed": 15.413171, "delta": 0.009973}}
{"target": -234.07936192703556, "params": {"gamma": 1.9445456383363844, "prior": 5.942647801204246, "rate": 7.666485240265026}, "datetime": {"datetime": "2024-06-14 12:57:26", "elapsed": 15.424141, "delta": 0.01097}}
{"target": -518.5765743336392, "params": {"gamma": 9.244467433023058, "prior": 1.462495679977994, "rate": 0.08189114312752561}, "datetime": {"datetime": "2024-06-14 12:57:26", "elapsed": 15.434114, "delta": 0.009973}}
{"target": -530.6966407361483, "params": {"gamma": 4.780126931726139, "prior": 1.9111811039435311, "rate": 6.103775776452777}, "datetime": {"datetime": "2024-06-14 12:57:26", "elapsed": 15.444088, "delta": 0.009974}}
{"target": -592.3405780128904, "params": {"gamma": 6.203072776459787, "prior": 4.1553388322066995, "rate": 6.772375433611433}, "datetime": {"datetime": "2024-06-14 12:57:26", "elapsed": 15.454061, "delta": 0.009973}}
{"target": -188.08323208774937, "params": {"gamma": 1.997506020536704, "prior": 8.104961606799353, "rate": 0.5043465023721727}, "datetime": {"datetime": "2024-06-14 12:57:26", "elapsed": 15.464034, "delta": 0.009973}}
{"target": -210.86143547089895, "params": {"gamma": 1.7194467246754197, "prior": 9.807962958788716, "rate": 9.003871416888757}, "datetime": {"datetime": "2024-06-14 12:57:26", "elapsed": 15.474008, "delta": 0.009974}}
{"target": -667.1181725485689, "params": {"gamma": 9.397350482215943, "prior": 9.093598504119935, "rate": 4.414730582333611}, "datetime": {"datetime": "2024-06-14 12:57:26", "elapsed": 15.483981, "delta": 0.009973}}
{"target": -577.3440507335545, "params": {"gamma": 9.38810223223617, "prior": 2.450393284380015, "rate": 0.4960936050759842}, "datetime": {"datetime": "2024-06-14 12:57:26", "elapsed": 15.493955, "delta": 0.009974}}
{"target": -539.0036292203558, "params": {"gamma": 5.573083480654817, "prior": 3.2018703277326415, "rate": 5.321241086655658}, "datetime": {"datetime": "2024-06-14 12:57:26", "elapsed": 15.503928, "delta": 0.009973}}
{"target": -431.2891526485682, "params": {"gamma": 4.716614085966288, "prior": 4.883010854206279, "rate": 5.701205216020305}, "datetime": {"datetime": "2024-06-14 12:57:26", "elapsed": 15.513901, "delta": 0.009973}}
{"target": -1011.5031413871671, "params": {"gamma": 9.234499334273318, "prior": 2.4383056862365993, "rate": 8.76092541084365}, "datetime": {"datetime": "2024-06-14 12:57:26", "elapsed": 15.523877, "delta": 0.009976}}
{"target": -917.3031958937083, "params": {"gamma": 7.338620497153172, "prior": 0.8841865537306981, "rate": 8.35403947254459}, "datetime": {"datetime": "2024-06-14 12:57:26", "elapsed": 15.533854, "delta": 0.009977}}
{"target": -271.66044134090566, "params": {"gamma": 3.977042541433784, "prior": 3.4238072872295295, "rate": 0.004929638918432948}, "datetime": {"datetime": "2024-06-14 12:57:26", "elapsed": 15.545824, "delta": 0.01197}}
{"target": -266.43407887488564, "params": {"gamma": 2.4588060546759145, "prior": 6.91066886368868, "rate": 8.511875178501727}, "datetime": {"datetime": "2024-06-14 12:57:26", "elapsed": 15.555799, "delta": 0.009975}}
{"target": -222.63944440120224, "params": {"gamma": 2.411253644225826, "prior": 3.772303728049094, "rate": 1.5050829543145978}, "datetime": {"datetime": "2024-06-14 12:57:26", "elapsed": 15.565773, "delta": 0.009974}}
{"target": -670.9350511295421, "params": {"gamma": 8.035198140908488, "prior": 7.198534861704508, "rate": 7.005081395607865}, "datetime": {"datetime": "2024-06-14 12:57:26", "elapsed": 15.575749, "delta": 0.009976}}
{"target": -575.4894379120992, "params": {"gamma": 6.788866386536979, "prior": 8.931245540448607, "rate": 8.830426892992689}, "datetime": {"datetime": "2024-06-14 12:57:26", "elapsed": 15.585755, "delta": 0.010006}}
{"target": -573.8762746885499, "params": {"gamma": 6.254053116944359, "prior": 2.9589059326949623, "rate": 4.031624750430216}, "datetime": {"datetime": "2024-06-14 12:57:26", "elapsed": 15.596728, "delta": 0.010973}}
{"target": -154.21754130670737, "params": {"gamma": 0.29054354730172277, "prior": 9.173191738621183, "rate": 6.874789890986447}, "datetime": {"datetime": "2024-06-14 12:57:26", "elapsed": 15.605706, "delta": 0.008978}}
{"target": -967.7623060319023, "params": {"gamma": 9.08180006447146, "prior": 3.0906626574741516, "rate": 9.448319713154849}, "datetime": {"datetime": "2024-06-14 12:57:26", "elapsed": 15.615683, "delta": 0.009977}}
{"target": -489.182404525997, "params": {"gamma": 8.640447686233587, "prior": 8.871526314972696, "rate": 0.0024131607540603924}, "datetime": {"datetime": "2024-06-14 12:57:26", "elapsed": 15.625685, "delta": 0.010002}}
{"target": -480.34251937176145, "params": {"gamma": 3.773024949034168, "prior": 1.311020393599276, "rate": 9.328146256783993}, "datetime": {"datetime": "2024-06-14 12:57:26", "elapsed": 15.635632, "delta": 0.009947}}
{"target": -447.655324553077, "params": {"gamma": 5.137558817898313, "prior": 4.94443049292636, "rate": 4.869724747174828}, "datetime": {"datetime": "2024-06-14 12:57:26", "elapsed": 15.645608, "delta": 0.009976}}
{"target": -551.0850794055418, "params": {"gamma": 5.703348718331128, "prior": 5.490624347569382, "rate": 9.171191497772435}, "datetime": {"datetime": "2024-06-14 12:57:26", "elapsed": 15.656581, "delta": 0.010973}}
{"target": -610.1036260227245, "params": {"gamma": 8.843961080725371, "prior": 7.858820667021336, "rate": 3.227950630409935}, "datetime": {"datetime": "2024-06-14 12:57:26", "elapsed": 15.666554, "delta": 0.009973}}
{"target": -921.4544211161965, "params": {"gamma": 7.8445897782918435, "prior": 1.537336203606739, "rate": 8.602401775503456}, "datetime": {"datetime": "2024-06-14 12:57:26", "elapsed": 15.67653, "delta": 0.009976}}
{"target": -595.9758541690504, "params": {"gamma": 7.730224416470844, "prior": 7.782074642130607, "rate": 5.287458244919481}, "datetime": {"datetime": "2024-06-14 12:57:26", "elapsed": 15.686506, "delta": 0.009976}}
{"target": -509.2947341212401, "params": {"gamma": 4.502403481540989, "prior": 2.3436517776557912, "rate": 8.086973092518448}, "datetime": {"datetime": "2024-06-14 12:57:26", "elapsed": 15.696481, "delta": 0.009975}}
{"target": -905.5547791930021, "params": {"gamma": 9.659325036522198, "prior": 5.480966524783521, "rate": 9.022172363016855}, "datetime": {"datetime": "2024-06-14 12:57:27", "elapsed": 15.706457, "delta": 0.009976}}
{"target": -259.9129611571474, "params": {"gamma": 2.824222069304223, "prior": 5.225776988360308, "rate": 3.282297731662208}, "datetime": {"datetime": "2024-06-14 12:57:27", "elapsed": 15.71643, "delta": 0.009973}}
{"target": -1026.0730854854526, "params": {"gamma": 9.918019790908655, "prior": 2.5781348530454977, "rate": 6.7878761196273985}, "datetime": {"datetime": "2024-06-14 12:57:27", "elapsed": 15.727401, "delta": 0.010971}}
{"target": -1022.8491804558865, "params": {"gamma": 7.642256587918056, "prior": 0.41904372335207496, "rate": 9.822730012274928}, "datetime": {"datetime": "2024-06-14 12:57:27", "elapsed": 15.737374, "delta": 0.009973}}
{"target": -162.22551069533748, "params": {"gamma": 0.914136075297375, "prior": 6.179340836196217, "rate": 1.4943587574456791}, "datetime": {"datetime": "2024-06-14 12:57:27", "elapsed": 15.747351, "delta": 0.009977}}
{"target": -647.918293027237, "params": {"gamma": 5.208444170554118, "prior": 1.0241164266430445, "rate": 7.812223199457574}, "datetime": {"datetime": "2024-06-14 12:57:27", "elapsed": 15.757326, "delta": 0.009975}}
{"target": -442.137711971449, "params": {"gamma": 7.729537241828221, "prior": 6.02167277279802, "rate": 0.1464186524360543}, "datetime": {"datetime": "2024-06-14 12:57:27", "elapsed": 15.768297, "delta": 0.010971}}
{"target": -161.69855188818823, "params": {"gamma": 0.42120018122586705, "prior": 1.891609508368085, "rate": 9.720334679149751}, "datetime": {"datetime": "2024-06-14 12:57:27", "elapsed": 15.778273, "delta": 0.009976}}
{"target": -227.31065170019463, "params": {"gamma": 2.5467472891170426, "prior": 7.534987376045962, "rate": 2.8130708604490677}, "datetime": {"datetime": "2024-06-14 12:57:27", "elapsed": 15.788248, "delta": 0.009975}}
{"target": -268.82624655160737, "params": {"gamma": 2.555930656746099, "prior": 2.6528509861883998, "rate": 2.971232902105741}, "datetime": {"datetime": "2024-06-14 12:57:27", "elapsed": 15.798223, "delta": 0.009975}}
{"target": -151.63868195595813, "params": {"gamma": 0.0904371047664351, "prior": 9.873044202472457, "rate": 5.6650398975873095}, "datetime": {"datetime": "2024-06-14 12:57:27", "elapsed": 15.8082, "delta": 0.009977}}
{"target": -366.09866246735135, "params": {"gamma": 6.018822270456636, "prior": 5.428774701508513, "rate": 0.4393316428380598}, "datetime": {"datetime": "2024-06-14 12:57:27", "elapsed": 15.818173, "delta": 0.009973}}
{"target": -436.49954952726375, "params": {"gamma": 4.715733368498675, "prior": 5.44279736196503, "rate": 6.729884951727836}, "datetime": {"datetime": "2024-06-14 12:57:27", "elapsed": 15.828149, "delta": 0.009976}}
{"target": -679.4894427779338, "params": {"gamma": 5.342145859164941, "prior": 0.6452158589676233, "rate": 6.20136980037383}, "datetime": {"datetime": "2024-06-14 12:57:27", "elapsed": 15.838122, "delta": 0.009973}}
{"target": -550.5293751882234, "params": {"gamma": 5.812170852564193, "prior": 5.501403625658926, "rate": 8.432969520852312}, "datetime": {"datetime": "2024-06-14 12:57:27", "elapsed": 15.848098, "delta": 0.009976}}
{"target": -306.84983632913037, "params": {"gamma": 4.4744202102791135, "prior": 6.075297918451513, "rate": 1.2370052511020126}, "datetime": {"datetime": "2024-06-14 12:57:27", "elapsed": 15.858074, "delta": 0.009976}}
{"target": -207.96466272854232, "params": {"gamma": 2.524540150676985, "prior": 8.518507824967577, "rate": 0.16322740050218212}, "datetime": {"datetime": "2024-06-14 12:57:27", "elapsed": 15.868047, "delta": 0.009973}}
{"target": -181.40867600736158, "params": {"gamma": 1.563353530050915, "prior": 8.251511250120657, "rate": 2.2941474771120194}, "datetime": {"datetime": "2024-06-14 12:57:27", "elapsed": 15.879047, "delta": 0.011}}
{"target": -280.7241401268224, "params": {"gamma": 2.5926903584258394, "prior": 7.0378270060594685, "rate": 9.665286266010238}, "datetime": {"datetime": "2024-06-14 12:57:27", "elapsed": 15.888991, "delta": 0.009944}}
{"target": -191.92606516423066, "params": {"gamma": 1.9835999198248373, "prior": 7.500223150149078, "rate": 1.4059219435725394}, "datetime": {"datetime": "2024-06-14 12:57:27", "elapsed": 15.898964, "delta": 0.009973}}
{"target": -423.6402432103869, "params": {"gamma": 3.8255932152218004, "prior": 3.3005635888934934, "rate": 8.837971404321385}, "datetime": {"datetime": "2024-06-14 12:57:27", "elapsed": 15.908938, "delta": 0.009974}}
{"target": -389.6062655864449, "params": {"gamma": 6.554158581010341, "prior": 3.4023960640121804, "rate": 0.2170579835200867}, "datetime": {"datetime": "2024-06-14 12:57:27", "elapsed": 15.918911, "delta": 0.009973}}
{"target": -304.33611462645825, "params": {"gamma": 3.690717582622661, "prior": 9.724588651254853, "rate": 5.291461768734136}, "datetime": {"datetime": "2024-06-14 12:57:27", "elapsed": 15.928885, "delta": 0.009974}}
{"target": -667.2099402495915, "params": {"gamma": 7.42170608723287, "prior": 3.5193494852507885, "rate": 4.606438063386967}, "datetime": {"datetime": "2024-06-14 12:57:27", "elapsed": 15.938858, "delta": 0.009973}}
{"target": -210.80155962035064, "params": {"gamma": 2.1171453464815797, "prior": 8.385901328359125, "rate": 3.5987287851418053}, "datetime": {"datetime": "2024-06-14 12:57:27", "elapsed": 15.948831, "delta": 0.009973}}
{"target": -153.34411159820996, "params": {"gamma": 0.37184424137389627, "prior": 6.920992980908198, "rate": 1.5587330522055973}, "datetime": {"datetime": "2024-06-14 12:57:27", "elapsed": 15.958807, "delta": 0.009976}}
{"target": -1067.2863337643216, "params": {"gamma": 7.98771294193551, "prior": 0.2510982809907867, "rate": 5.856645849985007}, "datetime": {"datetime": "2024-06-14 12:57:27", "elapsed": 15.96878, "delta": 0.009973}}
{"target": -321.5237015789013, "params": {"gamma": 4.955667253979119, "prior": 9.974871164209066, "rate": 1.344572993526239}, "datetime": {"datetime": "2024-06-14 12:57:27", "elapsed": 15.978754, "delta": 0.009974}}
{"target": -632.4020453346103, "params": {"gamma": 6.725864268561899, "prior": 1.0399602054672268, "rate": 1.6185223747759032}, "datetime": {"datetime": "2024-06-14 12:57:27", "elapsed": 15.988727, "delta": 0.009973}}
{"target": -642.4549507749138, "params": {"gamma": 9.883324584988317, "prior": 8.085984167867757, "rate": 2.447158246382357}, "datetime": {"datetime": "2024-06-14 12:57:27", "elapsed": 15.9987, "delta": 0.009973}}
{"target": -1075.3658455599088, "params": {"gamma": 8.46315815656222, "prior": 0.45244256444577213, "rate": 5.356534904767137}, "datetime": {"datetime": "2024-06-14 12:57:27", "elapsed": 16.008674, "delta": 0.009974}}
{"target": -168.69849858135981, "params": {"gamma": 0.9156560813263981, "prior": 9.711966099756669, "rate": 5.8314262663101335}, "datetime": {"datetime": "2024-06-14 12:57:27", "elapsed": 16.018647, "delta": 0.009973}}
{"target": -588.2502304323629, "params": {"gamma": 5.557857005100962, "prior": 3.2479334229382575, "rate": 8.499195516950698}, "datetime": {"datetime": "2024-06-14 12:57:27", "elapsed": 16.028621, "delta": 0.009974}}
{"target": -650.9380473738121, "params": {"gamma": 5.302014980143714, "prior": 0.26927241910209526, "rate": 1.849764010582726}, "datetime": {"datetime": "2024-06-14 12:57:27", "elapsed": 16.039591, "delta": 0.01097}}
{"target": -485.12475598749205, "params": {"gamma": 4.335249630012873, "prior": 0.8917664699406374, "rate": 2.807294876301211}, "datetime": {"datetime": "2024-06-14 12:57:27", "elapsed": 16.049565, "delta": 0.009974}}
{"target": -390.07512869433447, "params": {"gamma": 2.50470246829456, "prior": 0.10602555886107112, "rate": 6.929160306974375}, "datetime": {"datetime": "2024-06-14 12:57:27", "elapsed": 16.059046, "delta": 0.009481}}
{"target": -657.2306268795184, "params": {"gamma": 7.739122475175086, "prior": 8.221458050411275, "rate": 8.516444514251624}, "datetime": {"datetime": "2024-06-14 12:57:27", "elapsed": 16.069019, "delta": 0.009973}}
{"target": -195.55164036057553, "params": {"gamma": 1.516097284927453, "prior": 8.911362720684613, "rate": 6.582470685255508}, "datetime": {"datetime": "2024-06-14 12:57:27", "elapsed": 16.078993, "delta": 0.009974}}
{"target": -661.9419169898144, "params": {"gamma": 6.961640494479081, "prior": 5.684309475667977, "rate": 9.396880301472725}, "datetime": {"datetime": "2024-06-14 12:57:27", "elapsed": 16.089964, "delta": 0.010971}}
{"target": -242.61706300307742, "params": {"gamma": 2.5192185879677065, "prior": 7.8901544088551026, "rate": 4.953089405221723}, "datetime": {"datetime": "2024-06-14 12:57:27", "elapsed": 16.099936, "delta": 0.009972}}
{"target": -501.83390846029795, "params": {"gamma": 8.909111167255265, "prior": 2.834367028962495, "rate": 0.15345384499933612}, "datetime": {"datetime": "2024-06-14 12:57:27", "elapsed": 16.109479, "delta": 0.009543}}
{"target": -162.03732372470293, "params": {"gamma": 0.6498451553396644, "prior": 9.006387353591512, "rate": 6.411861082231753}, "datetime": {"datetime": "2024-06-14 12:57:27", "elapsed": 16.119482, "delta": 0.010003}}
{"target": -630.5443920460071, "params": {"gamma": 7.302956948346961, "prior": 5.093180874926231, "rate": 5.5761884295247635}, "datetime": {"datetime": "2024-06-14 12:57:27", "elapsed": 16.129426, "delta": 0.009944}}
{"target": -335.6366804046902, "params": {"gamma": 3.6395809320717802, "prior": 7.848092917900229, "rate": 7.568895646824035}, "datetime": {"datetime": "2024-06-14 12:57:27", "elapsed": 16.140397, "delta": 0.010971}}
{"target": -563.8550373181727, "params": {"gamma": 7.000361363341032, "prior": 9.622734907924354, "rate": 7.688614872456184}, "datetime": {"datetime": "2024-06-14 12:57:27", "elapsed": 16.149999, "delta": 0.009602}}
{"target": -822.1315018462386, "params": {"gamma": 9.779247988847397, "prior": 5.943736851967249, "rate": 6.192971647774601}, "datetime": {"datetime": "2024-06-14 12:57:27", "elapsed": 16.159922, "delta": 0.009923}}
{"target": -387.4995986106231, "params": {"gamma": 6.390893117652819, "prior": 3.331076730816897, "rate": 0.33125715159731645}, "datetime": {"datetime": "2024-06-14 12:57:27", "elapsed": 16.169895, "delta": 0.009973}}
{"target": -465.6908924519413, "params": {"gamma": 7.881975609758543, "prior": 7.130859720793782, "rate": 0.7912378849771072}, "datetime": {"datetime": "2024-06-14 12:57:27", "elapsed": 16.179869, "delta": 0.009974}}
{"target": -195.1866583474075, "params": {"gamma": 1.486669782533265, "prior": 6.894768417542823, "rate": 5.350838735760061}, "datetime": {"datetime": "2024-06-14 12:57:27", "elapsed": 16.189842, "delta": 0.009973}}
{"target": -288.8818917184531, "params": {"gamma": 1.9129532131472144, "prior": 0.6539381737611052, "rate": 6.114511590773306}, "datetime": {"datetime": "2024-06-14 12:57:27", "elapsed": 16.199815, "delta": 0.009973}}
{"target": -164.25537663193703, "params": {"gamma": 0.5370626571610718, "prior": 2.2143955883275006, "rate": 5.027124040449976}, "datetime": {"datetime": "2024-06-14 12:57:27", "elapsed": 16.209789, "delta": 0.009974}}
{"target": -159.72056486793838, "params": {"gamma": 0.941217065094407, "prior": 4.1481704960787145, "rate": 0.2021378650325921}, "datetime": {"datetime": "2024-06-14 12:57:27", "elapsed": 16.220759, "delta": 0.01097}}
{"target": -178.31476175658324, "params": {"gamma": 1.1955179943126049, "prior": 9.40661888678996, "rate": 5.589052028891483}, "datetime": {"datetime": "2024-06-14 12:57:27", "elapsed": 16.230733, "delta": 0.009974}}
{"target": -679.4002598994917, "params": {"gamma": 6.864927298504364, "prior": 3.8399250110933036, "rate": 7.6314509854431005}, "datetime": {"datetime": "2024-06-14 12:57:27", "elapsed": 16.240706, "delta": 0.009973}}
