{"target": -1424.9008613862923, "params": {"gamma": 8.866591497643999, "lr": 0.2459443412735529}, "datetime": {"datetime": "2024-06-13 19:33:57", "elapsed": 8.082985, "delta": 0.004986}}
{"target": -469.7521019828393, "params": {"gamma": 6.212272679321877, "lr": 0.49500739584280073}, "datetime": {"datetime": "2024-06-13 19:33:57", "elapsed": 8.086975, "delta": 0.00399}}
{"target": -102.65590392267185, "params": {"gamma": 0.9446309868062094, "lr": 0.8993685313928761}, "datetime": {"datetime": "2024-06-13 19:33:57", "elapsed": 8.091961, "delta": 0.004986}}
{"target": -92.81647813678012, "params": {"gamma": 0.6786405537486796, "lr": 0.680702325466581}, "datetime": {"datetime": "2024-06-13 19:33:57", "elapsed": 8.096948, "delta": 0.004987}}
{"target": -788.0240189151389, "params": {"gamma": 9.720009401703859, "lr": 0.709373790820744}, "datetime": {"datetime": "2024-06-13 19:33:57", "elapsed": 8.101935, "delta": 0.004987}}
{"target": -644.1842826772487, "params": {"gamma": 3.2597612958632975, "lr": 0.07344016636799866}, "datetime": {"datetime": "2024-06-13 19:33:57", "elapsed": 8.105925, "delta": 0.00399}}
{"target": -484.78180391259815, "params": {"gamma": 5.797790733426387, "lr": 0.7335170182530933}, "datetime": {"datetime": "2024-06-13 19:33:57", "elapsed": 8.110911, "delta": 0.004986}}
{"target": -87.86532845759535, "params": {"gamma": 0.5239594410412508, "lr": 0.8376741304024212}, "datetime": {"datetime": "2024-06-13 19:34:27", "elapsed": 38.266336, "delta": 30.155425}}
{"target": -159.31973931995512, "params": {"gamma": 1.7328344314002284, "lr": 0.9983606440368625}, "datetime": {"datetime": "2024-06-13 19:35:00", "elapsed": 71.162428, "delta": 32.896092}}
{"target": -163.02174990894568, "params": {"gamma": 0.5924933855176809, "lr": 0.01018243214229364}, "datetime": {"datetime": "2024-06-13 19:35:16", "elapsed": 87.176861, "delta": 16.014433}}
{"target": -103.12948805451613, "params": {"gamma": 0.9254224820487047, "lr": 0.9872254773367676}, "datetime": {"datetime": "2024-06-13 19:35:50", "elapsed": 120.570181, "delta": 33.39332}}
{"target": -869.313114887375, "params": {"gamma": 9.761084827881222, "lr": 0.28853394262563825}, "datetime": {"datetime": "2024-06-13 19:36:04", "elapsed": 134.795805, "delta": 14.225624}}
{"target": -151.476618339547, "params": {"gamma": 1.629588982357901, "lr": 0.983972931795451}, "datetime": {"datetime": "2024-06-13 19:36:27", "elapsed": 158.089279, "delta": 23.293474}}
{"target": -95.33091221272679, "params": {"gamma": 0.7592157214952924, "lr": 0.6905498417463067}, "datetime": {"datetime": "2024-06-13 19:36:45", "elapsed": 175.756922, "delta": 17.667643}}
{"target": -271.7816951474541, "params": {"gamma": 3.5060838064682436, "lr": 0.4534869976041668}, "datetime": {"datetime": "2024-06-13 19:37:16", "elapsed": 207.150198, "delta": 31.393276}}
{"target": -451.204444361105, "params": {"gamma": 5.532459911594318, "lr": 0.7020481994531945}, "datetime": {"datetime": "2024-06-13 19:37:26", "elapsed": 216.957536, "delta": 9.807338}}
{"target": -141.66834847903468, "params": {"gamma": 1.4853000029868202, "lr": 0.4066836824442297}, "datetime": {"datetime": "2024-06-13 19:37:35", "elapsed": 226.327104, "delta": 9.369568}}
{"target": -95.01794608384886, "params": {"gamma": 0.6124666171426212, "lr": 0.6229771796683728}, "datetime": {"datetime": "2024-06-13 19:38:11", "elapsed": 261.606852, "delta": 35.279748}}
{"target": -155.86402438011888, "params": {"gamma": 1.6979584967488623, "lr": 0.6365047237194724}, "datetime": {"datetime": "2024-06-13 19:38:36", "elapsed": 287.121225, "delta": 25.514373}}
{"target": -107.5664027158234, "params": {"gamma": 1.0006691352307842, "lr": 0.9986286374373101}, "datetime": {"datetime": "2024-06-13 19:39:01", "elapsed": 312.155322, "delta": 25.034097}}
{"target": -90.70980310390884, "params": {"gamma": 0.5253701830405523, "lr": 0.6905766303348563}, "datetime": {"datetime": "2024-06-13 19:39:18", "elapsed": 329.35591, "delta": 17.200588}}
{"target": -89.24232953076829, "params": {"gamma": 0.6084384684548165, "lr": 0.829283816287368}, "datetime": {"datetime": "2024-06-13 19:39:34", "elapsed": 344.720771, "delta": 15.364861}}
{"target": -110.57113731709616, "params": {"gamma": 1.0196803607798977, "lr": 0.5404757821688545}, "datetime": {"datetime": "2024-06-13 19:40:26", "elapsed": 396.55549, "delta": 51.834719}}
{"target": -88.56107900881554, "params": {"gamma": 0.565291151945359, "lr": 0.9164859441874668}, "datetime": {"datetime": "2024-06-13 19:40:47", "elapsed": 417.936238, "delta": 21.380748}}
{"target": -129.8640885999201, "params": {"gamma": 0.07042073657108305, "lr": 0.9169713435664607}, "datetime": {"datetime": "2024-06-13 19:41:24", "elapsed": 454.978182, "delta": 37.041944}}
{"target": -186.6702195515958, "params": {"gamma": 2.195616609602122, "lr": 0.832826239704753}, "datetime": {"datetime": "2024-06-13 19:41:33", "elapsed": 463.713313, "delta": 8.735131}}
{"target": -149.0266438203885, "params": {"gamma": 0.001, "lr": 0.0}, "datetime": {"datetime": "2024-06-13 19:41:53", "elapsed": 484.15329, "delta": 20.439977}}
{"target": -155.06966425463986, "params": {"gamma": 1.7783739048292384, "lr": 0.5467659381821095}, "datetime": {"datetime": "2024-06-13 19:42:19", "elapsed": 510.099826, "delta": 25.946536}}
{"target": -154.98071424454156, "params": {"gamma": 1.7339097904297, "lr": 0.7722258387669655}, "datetime": {"datetime": "2024-06-13 19:43:08", "elapsed": 559.102041, "delta": 49.002215}}
{"target": -339.2852988586552, "params": {"gamma": 4.100262269466639, "lr": 0.3750414385678753}, "datetime": {"datetime": "2024-06-13 19:43:25", "elapsed": 575.843135, "delta": 16.741094}}
{"target": -352.2856668875489, "params": {"gamma": 4.614963540072418, "lr": 0.487979895010642}, "datetime": {"datetime": "2024-06-13 19:43:34", "elapsed": 584.703742, "delta": 8.860607}}
{"target": -270.243405625159, "params": {"gamma": 1.2632398558436881, "lr": 0.09819621547764532}, "datetime": {"datetime": "2024-06-13 19:44:06", "elapsed": 616.768466, "delta": 32.064724}}
