{"target": -367.7218877861235, "params": {"gamma": 4.170803025021038, "prior": 7.231212485077365, "rate": 0.002143633798631522}, "datetime": {"datetime": "2024-06-14 05:06:38", "elapsed": 0.0, "delta": 0.0}}
{"target": -197.60741428216625, "params": {"gamma": 3.024023393745766, "prior": 1.5528833190894193, "rate": 0.9242936090932092}, "datetime": {"datetime": "2024-06-14 05:06:38", "elapsed": 0.008975, "delta": 0.008975}}
{"target": -143.00182740404475, "params": {"gamma": 1.8634158535653313, "prior": 3.5210511977261727, "rate": 3.968277974832469}, "datetime": {"datetime": "2024-06-14 05:06:38", "elapsed": 0.016955, "delta": 0.00798}}
{"target": -248.92722980583272, "params": {"gamma": 5.388628523299567, "prior": 4.250025692592619, "rate": 6.852509784467199}, "datetime": {"datetime": "2024-06-14 05:06:38", "elapsed": 0.02593, "delta": 0.008975}}
{"target": -217.25135220030185, "params": {"gamma": 2.045318045065443, "prior": 8.79336262027036, "rate": 0.2748485443860637}, "datetime": {"datetime": "2024-06-14 05:06:38", "elapsed": 0.033909, "delta": 0.007979}}
{"target": -312.0194140107021, "params": {"gamma": 6.705004634273845, "prior": 4.231317543434557, "rate": 5.587339594629071}, "datetime": {"datetime": "2024-06-14 05:06:38", "elapsed": 0.042885, "delta": 0.008976}}
{"target": -122.86632286916523, "params": {"gamma": 1.4047289990137424, "prior": 2.0612047419403, "rate": 8.00764494218669}, "datetime": {"datetime": "2024-06-14 05:06:38", "elapsed": 0.050864, "delta": 0.007979}}
{"target": -384.56407640430854, "params": {"gamma": 9.682647495618255, "prior": 3.2028993637765044, "rate": 6.923533834077472}, "datetime": {"datetime": "2024-06-14 05:06:38", "elapsed": 0.060455, "delta": 0.009591}}
{"target": -602.9809789327272, "params": {"gamma": 8.764015133808087, "prior": 8.956605968688088, "rate": 0.8513570694864094}, "datetime": {"datetime": "2024-06-14 05:06:38", "elapsed": 0.068434, "delta": 0.007979}}
{"target": -123.309922181492, "params": {"gamma": 0.39150877754559077, "prior": 1.7813211536892324, "rate": 8.781546891790702}, "datetime": {"datetime": "2024-06-14 05:06:38", "elapsed": 0.07741, "delta": 0.008976}}
{"target": -121.50115077882181, "params": {"gamma": 0.9843699914966679, "prior": 4.268965487550016, "rate": 9.578937411974868}, "datetime": {"datetime": "2024-06-14 05:06:38", "elapsed": 0.086012, "delta": 0.008602}}
{"target": -321.59147705142334, "params": {"gamma": 5.332119684445198, "prior": 6.949583428109686, "rate": 3.1558407944296234}, "datetime": {"datetime": "2024-06-14 05:06:38", "elapsed": 0.094988, "delta": 0.008976}}
{"target": -518.5406514723655, "params": {"gamma": 6.865322775888155, "prior": 8.362794151783993, "rate": 0.18386448516457388}, "datetime": {"datetime": "2024-06-14 05:06:38", "elapsed": 0.102966, "delta": 0.007978}}
{"target": -396.02212542645515, "params": {"gamma": 7.50169300513473, "prior": 9.889724780174298, "rate": 7.4819083781440145}, "datetime": {"datetime": "2024-06-14 05:06:38", "elapsed": 0.111942, "delta": 0.008976}}
{"target": -230.95031375567487, "params": {"gamma": 2.8051594766519874, "prior": 7.913865351669736, "rate": 1.0331568397698425}, "datetime": {"datetime": "2024-06-14 05:06:38", "elapsed": 0.119921, "delta": 0.007979}}
{"target": -292.2431190713325, "params": {"gamma": 4.479487368232876, "prior": 9.095095480621646, "rate": 2.9368478695884215}, "datetime": {"datetime": "2024-06-14 05:06:38", "elapsed": 0.128897, "delta": 0.008976}}
{"target": -233.01158172620632, "params": {"gamma": 2.878465610524901, "prior": 1.3872828639709491, "rate": 0.19465021174510047}, "datetime": {"datetime": "2024-06-14 05:06:38", "elapsed": 0.137873, "delta": 0.008976}}
{"target": -322.26023274265947, "params": {"gamma": 6.78867649386597, "prior": 2.1951183484005847, "rate": 2.65620104706289}, "datetime": {"datetime": "2024-06-14 05:06:38", "elapsed": 0.145852, "delta": 0.007979}}
{"target": -219.5140505009634, "params": {"gamma": 4.916240019644103, "prior": 0.6282891966590958, "rate": 5.741601937314639}, "datetime": {"datetime": "2024-06-14 05:06:38", "elapsed": 0.154827, "delta": 0.008975}}
{"target": -133.7354572194127, "params": {"gamma": 1.4681390204831957, "prior": 5.934124815342514, "rate": 6.9978838418492915}, "datetime": {"datetime": "2024-06-14 05:06:38", "elapsed": 0.162807, "delta": 0.00798}}
{"target": -124.17755543714522, "params": {"gamma": 1.0242419538494305, "prior": 4.199154279413726, "rate": 6.9443071771197245}, "datetime": {"datetime": "2024-06-14 05:06:38", "elapsed": 0.171782, "delta": 0.008975}}
{"target": -195.05433988084516, "params": {"gamma": 4.1423785159995, "prior": 0.5945392435662629, "rate": 5.359428162749201}, "datetime": {"datetime": "2024-06-14 05:06:38", "elapsed": 0.179761, "delta": 0.007979}}
{"target": -287.5832519856709, "params": {"gamma": 6.638282657552669, "prior": 5.1974022093772545, "rate": 9.446002965152143}, "datetime": {"datetime": "2024-06-14 05:06:38", "elapsed": 0.188737, "delta": 0.008976}}
{"target": -403.5254900503824, "params": {"gamma": 5.865963849979428, "prior": 9.043678961350047, "rate": 1.3756095667582289}, "datetime": {"datetime": "2024-06-14 05:06:38", "elapsed": 0.197591, "delta": 0.008854}}
{"target": -146.09857771720118, "params": {"gamma": 1.3936241961603346, "prior": 8.093173758224285, "rate": 3.9773706930183503}, "datetime": {"datetime": "2024-06-14 05:06:38", "elapsed": 0.205569, "delta": 0.007978}}
{"target": -158.26063909898863, "params": {"gamma": 1.6543766169722107, "prior": 9.282334945920736, "rate": 3.47831083159532}, "datetime": {"datetime": "2024-06-14 05:06:38", "elapsed": 0.214545, "delta": 0.008976}}
{"target": -352.4563598433434, "params": {"gamma": 7.50837021925842, "prior": 7.28738005496947, "rate": 8.833177605966892}, "datetime": {"datetime": "2024-06-14 05:06:38", "elapsed": 0.222524, "delta": 0.007979}}
{"target": -369.1626650514041, "params": {"gamma": 6.237098398349034, "prior": 7.534330096870638, "rate": 3.4896345214364475}, "datetime": {"datetime": "2024-06-14 05:06:38", "elapsed": 0.2315, "delta": 0.008976}}
{"target": -190.92968936366955, "params": {"gamma": 2.7000089897584956, "prior": 8.969273560141062, "rate": 4.281483807523078}, "datetime": {"datetime": "2024-06-14 05:06:38", "elapsed": 0.239478, "delta": 0.007978}}
{"target": -477.1440436706916, "params": {"gamma": 9.648435631436707, "prior": 6.6680708284026355, "rate": 6.217335506371009}, "datetime": {"datetime": "2024-06-14 05:06:38", "elapsed": 0.248455, "delta": 0.008977}}
{"target": -141.50567404955328, "params": {"gamma": 1.1483449835607984, "prior": 9.499943661200005, "rate": 4.499671422665926}, "datetime": {"datetime": "2024-06-14 05:06:38", "elapsed": 0.256433, "delta": 0.007978}}
{"target": -331.1975742624698, "params": {"gamma": 5.784317754256931, "prior": 4.140554347336684, "rate": 2.371032775450034}, "datetime": {"datetime": "2024-06-14 05:06:38", "elapsed": 0.265409, "delta": 0.008976}}
{"target": -684.3391428527211, "params": {"gamma": 9.033891826101975, "prior": 5.77942691805563, "rate": 0.029700399984558545}, "datetime": {"datetime": "2024-06-14 05:06:38", "elapsed": 0.273388, "delta": 0.007979}}
{"target": -278.87082788465034, "params": {"gamma": 6.171831991293619, "prior": 3.3337845275437523, "rate": 5.271053964473836}, "datetime": {"datetime": "2024-06-14 05:06:38", "elapsed": 0.282364, "delta": 0.008976}}
{"target": -345.9453979383489, "params": {"gamma": 8.859535051008434, "prior": 3.636970624024748, "rate": 9.085442974047073}, "datetime": {"datetime": "2024-06-14 05:06:38", "elapsed": 0.290342, "delta": 0.007978}}
{"target": -293.2613304755277, "params": {"gamma": 6.233977797802236, "prior": 0.2566303041809072, "rate": 9.294442900203869}, "datetime": {"datetime": "2024-06-14 05:06:38", "elapsed": 0.299319, "delta": 0.008977}}
{"target": -462.58638561947674, "params": {"gamma": 6.9092782782517235, "prior": 9.973496219469657, "rate": 1.7242327429449402}, "datetime": {"datetime": "2024-06-14 05:06:38", "elapsed": 0.308294, "delta": 0.008975}}
{"target": -138.6733220907794, "params": {"gamma": 1.3722203605391488, "prior": 9.33269508406792, "rate": 6.9684847967375125}, "datetime": {"datetime": "2024-06-14 05:06:38", "elapsed": 0.316273, "delta": 0.007979}}
{"target": -128.33444390032395, "params": {"gamma": 0.6609357270479028, "prior": 7.579084220764417, "rate": 7.539008008424004}, "datetime": {"datetime": "2024-06-14 05:06:38", "elapsed": 0.325249, "delta": 0.008976}}
{"target": -606.8197017292356, "params": {"gamma": 9.230322330929287, "prior": 7.14409511042187, "rate": 1.2435853487596746}, "datetime": {"datetime": "2024-06-14 05:06:38", "elapsed": 0.333228, "delta": 0.007979}}
{"target": -136.7593464548865, "params": {"gamma": 0.1997814582641161, "prior": 0.3594887700894208, "rate": 0.2840365737199253}, "datetime": {"datetime": "2024-06-14 05:06:38", "elapsed": 0.342204, "delta": 0.008976}}
{"target": -174.12432485854382, "params": {"gamma": 2.462864464962856, "prior": 8.61427669196059, "rate": 5.3887718123521875}, "datetime": {"datetime": "2024-06-14 05:06:38", "elapsed": 0.35118, "delta": 0.008976}}
{"target": -384.0931714804295, "params": {"gamma": 5.5286669648789735, "prior": 8.436105834360097, "rate": 1.2426089778839915}, "datetime": {"datetime": "2024-06-14 05:06:38", "elapsed": 0.359158, "delta": 0.007978}}
{"target": -161.59620297245803, "params": {"gamma": 2.792557606432384, "prior": 5.89901678743705, "rate": 9.695987887448426}, "datetime": {"datetime": "2024-06-14 05:06:38", "elapsed": 0.368134, "delta": 0.008976}}
{"target": -264.97783226673124, "params": {"gamma": 5.6107411623378445, "prior": 0.2846081647921359, "rate": 8.006526094133482}, "datetime": {"datetime": "2024-06-14 05:06:38", "elapsed": 0.376113, "delta": 0.007979}}
{"target": -176.12929297868624, "params": {"gamma": 2.3305097641363632, "prior": 8.090341436625915, "rate": 3.8792185799976533}, "datetime": {"datetime": "2024-06-14 05:06:38", "elapsed": 0.385089, "delta": 0.008976}}
{"target": -454.4002106917369, "params": {"gamma": 8.635555003739727, "prior": 7.496504263098128, "rate": 5.562846099670199}, "datetime": {"datetime": "2024-06-14 05:06:38", "elapsed": 0.393068, "delta": 0.007979}}
{"target": -127.41054741713003, "params": {"gamma": 1.3654158013811895, "prior": 0.6931851261708954, "rate": 1.2143132139516326}, "datetime": {"datetime": "2024-06-14 05:06:38", "elapsed": 0.402044, "delta": 0.008976}}
{"target": -125.90356638104554, "params": {"gamma": 0.4464742335690725, "prior": 1.16419187815032, "rate": 2.2578676767399393}, "datetime": {"datetime": "2024-06-14 05:06:38", "elapsed": 0.410053, "delta": 0.008009}}
{"target": -535.3287736876183, "params": {"gamma": 7.130176814846385, "prior": 5.64119812233601, "rate": 0.12654724561099942}, "datetime": {"datetime": "2024-06-14 05:06:38", "elapsed": 0.419027, "delta": 0.008974}}
{"target": -133.7469967889132, "params": {"gamma": 0.7206708226151783, "prior": 9.676035667002694, "rate": 5.6814365187375016}, "datetime": {"datetime": "2024-06-14 05:06:38", "elapsed": 0.426978, "delta": 0.007951}}
{"target": -135.78568211265184, "params": {"gamma": 2.033729053375244, "prior": 2.598024871246202, "rate": 7.438514714896855}, "datetime": {"datetime": "2024-06-14 05:06:38", "elapsed": 0.435953, "delta": 0.008975}}
{"target": -139.39004564628826, "params": {"gamma": 1.9550993816120785, "prior": 5.855453380005252, "rate": 9.700229870894034}, "datetime": {"datetime": "2024-06-14 05:06:38", "elapsed": 0.443932, "delta": 0.007979}}
{"target": -347.31660713213296, "params": {"gamma": 8.468441186098863, "prior": 2.4744928155611032, "rate": 4.938203372973032}, "datetime": {"datetime": "2024-06-14 05:06:38", "elapsed": 0.452908, "delta": 0.008976}}
{"target": -415.36261388597165, "params": {"gamma": 6.199937228095417, "prior": 8.306910905546768, "rate": 1.5687571550661965}, "datetime": {"datetime": "2024-06-14 05:06:38", "elapsed": 0.460886, "delta": 0.007978}}
{"target": -131.22872464414272, "params": {"gamma": 0.18674344557191777, "prior": 0.7932192228203011, "rate": 4.863964764259381}, "datetime": {"datetime": "2024-06-14 05:06:38", "elapsed": 0.469863, "delta": 0.008977}}
{"target": -347.8978825361306, "params": {"gamma": 6.063688287071651, "prior": 5.731629227156165, "rate": 3.1743067308122854}, "datetime": {"datetime": "2024-06-14 05:06:38", "elapsed": 0.478838, "delta": 0.008975}}
{"target": -533.3671056917912, "params": {"gamma": 9.886172927970076, "prior": 5.839477670533389, "rate": 3.8020315850628807}, "datetime": {"datetime": "2024-06-14 05:06:38", "elapsed": 0.486818, "delta": 0.00798}}
{"target": -288.55558360184926, "params": {"gamma": 5.509931242959851, "prior": 7.478810865974371, "rate": 6.6926597016383935}, "datetime": {"datetime": "2024-06-14 05:06:38", "elapsed": 0.495793, "delta": 0.008975}}
{"target": -148.5387063925582, "params": {"gamma": 2.6499306570704313, "prior": 0.7567148608415716, "rate": 3.701471894943149}, "datetime": {"datetime": "2024-06-14 05:06:38", "elapsed": 0.503772, "delta": 0.007979}}
{"target": -252.99113479762931, "params": {"gamma": 6.297545352708624, "prior": 2.180722698156912, "rate": 7.5278027818344}, "datetime": {"datetime": "2024-06-14 05:06:38", "elapsed": 0.512748, "delta": 0.008976}}
{"target": -120.20150054035827, "params": {"gamma": 0.6662982770597953, "prior": 2.677119475927556, "rate": 8.04774088286971}, "datetime": {"datetime": "2024-06-14 05:06:38", "elapsed": 0.521724, "delta": 0.008976}}
{"target": -150.82071605687466, "params": {"gamma": 1.935149391950654, "prior": 6.430662720711407, "rate": 5.247178420928214}, "datetime": {"datetime": "2024-06-14 05:06:38", "elapsed": 0.529731, "delta": 0.008007}}
{"target": -588.0397934599804, "params": {"gamma": 9.248154896023108, "prior": 2.706638027822399, "rate": 0.6605449457495538}, "datetime": {"datetime": "2024-06-14 05:06:38", "elapsed": 0.538679, "delta": 0.008948}}
{"target": -348.7496276258262, "params": {"gamma": 7.350924566923407, "prior": 7.744562492478143, "rate": 9.078250709182736}, "datetime": {"datetime": "2024-06-14 05:06:38", "elapsed": 0.547655, "delta": 0.008976}}
{"target": -369.5048845247808, "params": {"gamma": 9.319788719899176, "prior": 0.23812057245841045, "rate": 2.344386499128084}, "datetime": {"datetime": "2024-06-14 05:06:38", "elapsed": 0.556631, "delta": 0.008976}}
{"target": -310.1568092803755, "params": {"gamma": 6.1681667916595755, "prior": 9.495261574807403, "rate": 9.50181101635155}, "datetime": {"datetime": "2024-06-14 05:06:38", "elapsed": 0.564609, "delta": 0.007978}}
{"target": -307.1935993599615, "params": {"gamma": 5.566975228763369, "prior": 9.164502862686119, "rate": 6.41602052325443}, "datetime": {"datetime": "2024-06-14 05:06:38", "elapsed": 0.573585, "delta": 0.008976}}
{"target": -206.28226559851, "params": {"gamma": 3.9006871336983213, "prior": 4.911307604259406, "rate": 6.043500518716813}, "datetime": {"datetime": "2024-06-14 05:06:38", "elapsed": 0.581564, "delta": 0.007979}}
{"target": -281.3818226543436, "params": {"gamma": 5.495929667164118, "prior": 9.269196124393892, "rate": 9.187415622900428}, "datetime": {"datetime": "2024-06-14 05:06:38", "elapsed": 0.59054, "delta": 0.008976}}
{"target": -284.17034217308424, "params": {"gamma": 3.9493612536226252, "prior": 9.636299031563047, "rate": 1.740382711137963}, "datetime": {"datetime": "2024-06-14 05:06:38", "elapsed": 0.598519, "delta": 0.007979}}
{"target": -121.35616640064939, "params": {"gamma": 1.2641688648769336, "prior": 1.4372836646626401, "rate": 5.057115994603291}, "datetime": {"datetime": "2024-06-14 05:06:38", "elapsed": 0.607494, "delta": 0.008975}}
{"target": -135.89737815535483, "params": {"gamma": 0.2162265279367056, "prior": 9.484905091055042, "rate": 8.271327596236153}, "datetime": {"datetime": "2024-06-14 05:06:38", "elapsed": 0.616471, "delta": 0.008977}}
{"target": -135.7179234246648, "params": {"gamma": 0.15117478844048168, "prior": 1.8443429301930472, "rate": 3.3213036800940032}, "datetime": {"datetime": "2024-06-14 05:06:38", "elapsed": 0.624449, "delta": 0.007978}}
{"target": -146.6403068849702, "params": {"gamma": 1.310837451264358, "prior": 8.113957852053163, "rate": 3.4480217901802512}, "datetime": {"datetime": "2024-06-14 05:06:38", "elapsed": 0.633425, "delta": 0.008976}}
{"target": -409.28939966324214, "params": {"gamma": 9.401134715851338, "prior": 5.861940381476092, "rate": 8.78844101213403}, "datetime": {"datetime": "2024-06-14 05:06:39", "elapsed": 0.642401, "delta": 0.008976}}
{"target": -482.81528504423204, "params": {"gamma": 8.447499719476827, "prior": 9.063383955215627, "rate": 4.599342777902254}, "datetime": {"datetime": "2024-06-14 05:06:39", "elapsed": 0.65038, "delta": 0.007979}}
{"target": -341.8963620260393, "params": {"gamma": 5.463921813387713, "prior": 8.00617555240519, "rate": 2.8579027984897416}, "datetime": {"datetime": "2024-06-14 05:06:39", "elapsed": 0.659356, "delta": 0.008976}}
{"target": -389.3636469747422, "params": {"gamma": 4.903044972676658, "prior": 6.031192045694196, "rate": 0.15631722223280642}, "datetime": {"datetime": "2024-06-14 05:06:39", "elapsed": 0.667335, "delta": 0.007979}}
{"target": -261.9126239731289, "params": {"gamma": 5.935220600558176, "prior": 4.393395854995637, "rate": 8.073797928319529}, "datetime": {"datetime": "2024-06-14 05:06:39", "elapsed": 0.676311, "delta": 0.008976}}
{"target": -200.2409762352699, "params": {"gamma": 3.153132786150634, "prior": 8.939598214398998, "rate": 5.778994295630071}, "datetime": {"datetime": "2024-06-14 05:06:39", "elapsed": 0.684289, "delta": 0.007978}}
{"target": -149.21780864463935, "params": {"gamma": 1.8409180060730232, "prior": 7.900499414872493, "rate": 6.120699739272295}, "datetime": {"datetime": "2024-06-14 05:06:39", "elapsed": 0.693265, "delta": 0.008976}}
{"target": -125.53444843386382, "params": {"gamma": 0.5400388114654558, "prior": 4.259917432011209, "rate": 6.791009296817731}, "datetime": {"datetime": "2024-06-14 05:06:39", "elapsed": 0.702241, "delta": 0.008976}}
{"target": -430.239702997833, "params": {"gamma": 9.186099177997281, "prior": 0.10398004642443859, "rate": 9.767614731161565}, "datetime": {"datetime": "2024-06-14 05:06:39", "elapsed": 0.71022, "delta": 0.007979}}
{"target": -228.4193202444261, "params": {"gamma": 3.766426567142999, "prior": 9.740457029747393, "rate": 6.047556293639557}, "datetime": {"datetime": "2024-06-14 05:06:39", "elapsed": 0.719196, "delta": 0.008976}}
{"target": -397.20423857880456, "params": {"gamma": 8.288629233998948, "prior": 5.789643896610213, "rate": 6.281133906875198}, "datetime": {"datetime": "2024-06-14 05:06:39", "elapsed": 0.727175, "delta": 0.007979}}
{"target": -169.24666851432443, "params": {"gamma": 2.8564772406752437, "prior": 5.9096500724952215, "rate": 7.500467615262897}, "datetime": {"datetime": "2024-06-14 05:06:39", "elapsed": 0.736151, "delta": 0.008976}}
{"target": -428.2334829994505, "params": {"gamma": 8.583280050453995, "prior": 7.575313665830033, "rate": 6.980874427224584}, "datetime": {"datetime": "2024-06-14 05:06:39", "elapsed": 0.744129, "delta": 0.007978}}
{"target": -352.1524353400078, "params": {"gamma": 8.644929821115943, "prior": 3.29454186868379, "rate": 6.708217119085085}, "datetime": {"datetime": "2024-06-14 05:06:39", "elapsed": 0.753105, "delta": 0.008976}}
{"target": -236.2739223031119, "params": {"gamma": 4.509288490197079, "prior": 3.8828172451120206, "rate": 4.108702687871935}, "datetime": {"datetime": "2024-06-14 05:06:39", "elapsed": 0.762081, "delta": 0.008976}}
{"target": -195.56656154972265, "params": {"gamma": 4.015394355111937, "prior": 3.2421010649869415, "rate": 6.219571759835095}, "datetime": {"datetime": "2024-06-14 05:06:39", "elapsed": 0.77006, "delta": 0.007979}}
{"target": -247.77995309760814, "params": {"gamma": 4.303042460941823, "prior": 9.740640571479798, "rate": 6.778331113451677}, "datetime": {"datetime": "2024-06-14 05:06:39", "elapsed": 0.779036, "delta": 0.008976}}
{"target": -152.83972324889507, "params": {"gamma": 1.9865003143826816, "prior": 4.324339992545524, "rate": 3.4341190515044557}, "datetime": {"datetime": "2024-06-14 05:06:39", "elapsed": 0.787015, "delta": 0.007979}}
{"target": -388.95151228271754, "params": {"gamma": 7.976590400781708, "prior": 8.811983056777974, "rate": 9.038515716307893}, "datetime": {"datetime": "2024-06-14 05:06:39", "elapsed": 0.795991, "delta": 0.008976}}
{"target": -338.24556942979194, "params": {"gamma": 6.627535403940247, "prior": 2.775061794094602, "rate": 2.5244146483443926}, "datetime": {"datetime": "2024-06-14 05:06:39", "elapsed": 0.804966, "delta": 0.008975}}
{"target": -374.6975463099956, "params": {"gamma": 8.549124529031326, "prior": 5.324374998456592, "rate": 8.021808678961976}, "datetime": {"datetime": "2024-06-14 05:06:39", "elapsed": 0.812946, "delta": 0.00798}}
{"target": -314.37939651203584, "params": {"gamma": 5.725312683398872, "prior": 7.35811100034636, "rate": 5.190597263013095}, "datetime": {"datetime": "2024-06-14 05:06:39", "elapsed": 0.821921, "delta": 0.008975}}
{"target": -399.41435445061387, "params": {"gamma": 7.709068221108379, "prior": 5.731694107976684, "rate": 4.6576330760412175}, "datetime": {"datetime": "2024-06-14 05:06:39", "elapsed": 0.830899, "delta": 0.008978}}
{"target": -168.74413645291307, "params": {"gamma": 3.4275463906248644, "prior": 0.7752725493253708, "rate": 3.7798638691016704}, "datetime": {"datetime": "2024-06-14 05:06:39", "elapsed": 0.839873, "delta": 0.008974}}
{"target": -148.05996023734872, "params": {"gamma": 0.7971811509048254, "prior": 9.829889425931405, "rate": 1.816946900456307}, "datetime": {"datetime": "2024-06-14 05:06:39", "elapsed": 0.849847, "delta": 0.009974}}
{"target": -422.74913411077097, "params": {"gamma": 8.118775118507678, "prior": 8.762120285063391, "rate": 6.884444110607048}, "datetime": {"datetime": "2024-06-14 05:06:39", "elapsed": 0.860817, "delta": 0.01097}}
