{"target": -249.0332604224501, "params": {"gamma": 4.371801524592517, "prior": 9.310290067062997, "rate": 5.796563374104747}, "datetime": {"datetime": "2024-06-14 04:07:40", "elapsed": 15.606069, "delta": 0.010971}}
{"target": -147.55499766175473, "params": {"gamma": 0.4919257168276211, "prior": 4.583327245754565, "rate": 1.6048400632304824}, "datetime": {"datetime": "2024-06-14 04:07:40", "elapsed": 15.615616, "delta": 0.009547}}
{"target": -400.7037212726676, "params": {"gamma": 7.3285116447675644, "prior": 3.5387914125136177, "rate": 2.0125752194218203}, "datetime": {"datetime": "2024-06-14 04:07:40", "elapsed": 15.626587, "delta": 0.010971}}
{"target": -507.10732695892744, "params": {"gamma": 8.428037552609165, "prior": 8.196183684842598, "rate": 3.4371232618649366}, "datetime": {"datetime": "2024-06-14 04:07:40", "elapsed": 15.63656, "delta": 0.009973}}
{"target": -214.32854662562423, "params": {"gamma": 4.036824289622301, "prior": 0.6999381207727932, "rate": 1.789668289049935}, "datetime": {"datetime": "2024-06-14 04:07:40", "elapsed": 15.646536, "delta": 0.009976}}
{"target": -309.63559504982027, "params": {"gamma": 7.359452519624915, "prior": 5.704690450059553, "rate": 8.232546464042965}, "datetime": {"datetime": "2024-06-14 04:07:40", "elapsed": 15.657177, "delta": 0.010641}}
{"target": -272.1504872723118, "params": {"gamma": 5.011999831149711, "prior": 7.70183791518716, "rate": 5.099670086770199}, "datetime": {"datetime": "2024-06-14 04:07:40", "elapsed": 15.66715, "delta": 0.009973}}
{"target": -287.6376035643978, "params": {"gamma": 5.681122236748865, "prior": 1.9277178465421385, "rate": 5.444465844143353}, "datetime": {"datetime": "2024-06-14 04:07:40", "elapsed": 15.678121, "delta": 0.010971}}
{"target": -190.10709781062533, "params": {"gamma": 2.0111304539680037, "prior": 5.606569803760094, "rate": 1.4152709353449207}, "datetime": {"datetime": "2024-06-14 04:07:40", "elapsed": 15.689092, "delta": 0.010971}}
{"target": -210.73275298662523, "params": {"gamma": 1.860913882924621, "prior": 7.671361205911481, "rate": 0.7097917708485983}, "datetime": {"datetime": "2024-06-14 04:07:40", "elapsed": 15.699065, "delta": 0.009973}}
{"target": -312.29568509338714, "params": {"gamma": 3.693767142270499, "prior": 8.790992387293622, "rate": 1.0442696607468924}, "datetime": {"datetime": "2024-06-14 04:07:40", "elapsed": 15.710035, "delta": 0.01097}}
{"target": -246.84843391768814, "params": {"gamma": 3.592172999392244, "prior": 1.2282076392222137, "rate": 8.765531034947044}, "datetime": {"datetime": "2024-06-14 04:07:40", "elapsed": 15.720009, "delta": 0.009974}}
{"target": -126.83427139207187, "params": {"gamma": 1.2632448916905008, "prior": 2.6200995276429606, "rate": 4.219641618837235}, "datetime": {"datetime": "2024-06-14 04:07:40", "elapsed": 15.730981, "delta": 0.010972}}
{"target": -357.79043174925977, "params": {"gamma": 6.652894921984129, "prior": 3.5125825645272064, "rate": 2.135803151301911}, "datetime": {"datetime": "2024-06-14 04:07:40", "elapsed": 15.740955, "delta": 0.009974}}
{"target": -191.0249295558701, "params": {"gamma": 3.734477672558837, "prior": 5.753143799030497, "rate": 9.907522742580955}, "datetime": {"datetime": "2024-06-14 04:07:40", "elapsed": 15.751926, "delta": 0.010971}}
{"target": -178.04078686064906, "params": {"gamma": 3.2723245929378826, "prior": 3.685813030171733, "rate": 7.062646301466503}, "datetime": {"datetime": "2024-06-14 04:07:40", "elapsed": 15.761899, "delta": 0.009973}}
{"target": -178.42937916342743, "params": {"gamma": 2.9900579784113206, "prior": 3.5620371383838085, "rate": 9.947082647057805}, "datetime": {"datetime": "2024-06-14 04:07:40", "elapsed": 15.771872, "delta": 0.009973}}
{"target": -520.8716020013098, "params": {"gamma": 6.043069520448973, "prior": 8.305226870877545, "rate": 0.3176252391757072}, "datetime": {"datetime": "2024-06-14 04:07:40", "elapsed": 15.782843, "delta": 0.010971}}
{"target": -141.3433304994235, "params": {"gamma": 1.4557567070423627, "prior": 7.304510112747834, "rate": 5.397899711964559}, "datetime": {"datetime": "2024-06-14 04:07:40", "elapsed": 15.792816, "delta": 0.009973}}
{"target": -473.8477636090051, "params": {"gamma": 9.952649800093342, "prior": 5.00673362856301, "rate": 3.8416545812104723}, "datetime": {"datetime": "2024-06-14 04:07:40", "elapsed": 15.80279, "delta": 0.009974}}
{"target": -140.61369661372345, "params": {"gamma": 1.9445456383363844, "prior": 5.942647801204246, "rate": 7.666485240265026}, "datetime": {"datetime": "2024-06-14 04:07:40", "elapsed": 15.812763, "delta": 0.009973}}
{"target": -748.5756229353526, "params": {"gamma": 9.244467433023058, "prior": 1.462495679977994, "rate": 0.08189114312752561}, "datetime": {"datetime": "2024-06-14 04:07:40", "elapsed": 15.823733, "delta": 0.01097}}
{"target": -257.704581445729, "params": {"gamma": 4.780126931726139, "prior": 1.9111811039435311, "rate": 6.103775776452777}, "datetime": {"datetime": "2024-06-14 04:07:40", "elapsed": 15.833707, "delta": 0.009974}}
{"target": -272.7438413778137, "params": {"gamma": 6.203072776459787, "prior": 4.1553388322066995, "rate": 6.772375433611433}, "datetime": {"datetime": "2024-06-14 04:07:40", "elapsed": 15.844682, "delta": 0.010975}}
{"target": -226.3734295054791, "params": {"gamma": 1.997506020536704, "prior": 8.104961606799353, "rate": 0.5043465023721727}, "datetime": {"datetime": "2024-06-14 04:07:40", "elapsed": 15.855648, "delta": 0.010966}}
{"target": -141.56277607533667, "params": {"gamma": 1.7194467246754197, "prior": 9.807962958788716, "rate": 9.003871416888757}, "datetime": {"datetime": "2024-06-14 04:07:40", "elapsed": 15.868614, "delta": 0.012966}}
{"target": -537.5379766625944, "params": {"gamma": 9.397350482215943, "prior": 9.093598504119935, "rate": 4.414730582333611}, "datetime": {"datetime": "2024-06-14 04:07:40", "elapsed": 15.880061, "delta": 0.011447}}
{"target": -664.8772279907528, "params": {"gamma": 9.38810223223617, "prior": 2.450393284380015, "rate": 0.4960936050759842}, "datetime": {"datetime": "2024-06-14 04:07:40", "elapsed": 15.890033, "delta": 0.009972}}
{"target": -251.68641094726644, "params": {"gamma": 5.573083480654817, "prior": 3.2018703277326415, "rate": 5.321241086655658}, "datetime": {"datetime": "2024-06-14 04:07:40", "elapsed": 15.900007, "delta": 0.009974}}
{"target": -224.19229893841884, "params": {"gamma": 4.716614085966288, "prior": 4.883010854206279, "rate": 5.701205216020305}, "datetime": {"datetime": "2024-06-14 04:07:40", "elapsed": 15.910978, "delta": 0.010971}}
{"target": -481.24238042051076, "params": {"gamma": 9.234499334273318, "prior": 2.4383056862365993, "rate": 8.76092541084365}, "datetime": {"datetime": "2024-06-14 04:07:40", "elapsed": 15.920951, "delta": 0.009973}}
{"target": -496.94873069401166, "params": {"gamma": 7.338620497153172, "prior": 0.8841865537306981, "rate": 8.35403947254459}, "datetime": {"datetime": "2024-06-14 04:07:40", "elapsed": 15.930924, "delta": 0.009973}}
{"target": -404.73666124430844, "params": {"gamma": 3.977042541433784, "prior": 3.4238072872295295, "rate": 0.004929638918432948}, "datetime": {"datetime": "2024-06-14 04:07:40", "elapsed": 15.940898, "delta": 0.009974}}
{"target": -153.79393262678582, "params": {"gamma": 2.4588060546759145, "prior": 6.91066886368868, "rate": 8.511875178501727}, "datetime": {"datetime": "2024-06-14 04:07:40", "elapsed": 15.951868, "delta": 0.01097}}
{"target": -189.55536061785966, "params": {"gamma": 2.411253644225826, "prior": 3.772303728049094, "rate": 1.5050829543145978}, "datetime": {"datetime": "2024-06-14 04:07:40", "elapsed": 15.961842, "delta": 0.009974}}
{"target": -355.11861732970027, "params": {"gamma": 8.035198140908488, "prior": 7.198534861704508, "rate": 7.005081395607865}, "datetime": {"datetime": "2024-06-14 04:07:40", "elapsed": 15.971815, "delta": 0.009973}}
{"target": -306.4632377682604, "params": {"gamma": 6.788866386536979, "prior": 8.931245540448607, "rate": 8.830426892992689}, "datetime": {"datetime": "2024-06-14 04:07:40", "elapsed": 15.982785, "delta": 0.01097}}
{"target": -272.1102062291432, "params": {"gamma": 6.254053116944359, "prior": 2.9589059326949623, "rate": 4.031624750430216}, "datetime": {"datetime": "2024-06-14 04:07:40", "elapsed": 15.992759, "delta": 0.009974}}
{"target": -143.35475247924785, "params": {"gamma": 0.29054354730172277, "prior": 9.173191738621183, "rate": 6.874789890986447}, "datetime": {"datetime": "2024-06-14 04:07:40", "elapsed": 16.002732, "delta": 0.009973}}
{"target": -449.46366795583765, "params": {"gamma": 9.08180006447146, "prior": 3.0906626574741516, "rate": 9.448319713154849}, "datetime": {"datetime": "2024-06-14 04:07:40", "elapsed": 16.012706, "delta": 0.009974}}
{"target": -782.010707730868, "params": {"gamma": 8.640447686233587, "prior": 8.871526314972696, "rate": 0.0024131607540603924}, "datetime": {"datetime": "2024-06-14 04:07:40", "elapsed": 16.023676, "delta": 0.01097}}
{"target": -256.7573993017829, "params": {"gamma": 3.773024949034168, "prior": 1.311020393599276, "rate": 9.328146256783993}, "datetime": {"datetime": "2024-06-14 04:07:40", "elapsed": 16.033649, "delta": 0.009973}}
{"target": -246.34809747719427, "params": {"gamma": 5.137558817898313, "prior": 4.94443049292636, "rate": 4.869724747174828}, "datetime": {"datetime": "2024-06-14 04:07:40", "elapsed": 16.043625, "delta": 0.009976}}
{"target": -256.3207917428316, "params": {"gamma": 5.703348718331128, "prior": 5.490624347569382, "rate": 9.171191497772435}, "datetime": {"datetime": "2024-06-14 04:07:40", "elapsed": 16.054596, "delta": 0.010971}}
{"target": -534.643820333667, "params": {"gamma": 8.843961080725371, "prior": 7.858820667021336, "rate": 3.227950630409935}, "datetime": {"datetime": "2024-06-14 04:07:40", "elapsed": 16.06457, "delta": 0.009974}}
{"target": -469.4682324450238, "params": {"gamma": 7.8445897782918435, "prior": 1.537336203606739, "rate": 8.602401775503456}, "datetime": {"datetime": "2024-06-14 04:07:40", "elapsed": 16.074543, "delta": 0.009973}}
{"target": -393.561119672804, "params": {"gamma": 7.730224416470844, "prior": 7.782074642130607, "rate": 5.287458244919481}, "datetime": {"datetime": "2024-06-14 04:07:40", "elapsed": 16.084516, "delta": 0.009973}}
{"target": -250.49048909037688, "params": {"gamma": 4.502403481540989, "prior": 2.3436517776557912, "rate": 8.086973092518448}, "datetime": {"datetime": "2024-06-14 04:07:40", "elapsed": 16.095487, "delta": 0.010971}}
{"target": -395.42687240015, "params": {"gamma": 9.659325036522198, "prior": 5.480966524783521, "rate": 9.022172363016855}, "datetime": {"datetime": "2024-06-14 04:07:40", "elapsed": 16.10546, "delta": 0.009973}}
{"target": -185.58425899428707, "params": {"gamma": 2.824222069304223, "prior": 5.225776988360308, "rate": 3.282297731662208}, "datetime": {"datetime": "2024-06-14 04:07:40", "elapsed": 16.115433, "delta": 0.009973}}
{"target": -464.1811197107651, "params": {"gamma": 9.918019790908655, "prior": 2.5781348530454977, "rate": 6.7878761196273985}, "datetime": {"datetime": "2024-06-14 04:07:40", "elapsed": 16.125407, "delta": 0.009974}}
{"target": -587.4865752545953, "params": {"gamma": 7.642256587918056, "prior": 0.41904372335207496, "rate": 9.822730012274928}, "datetime": {"datetime": "2024-06-14 04:07:40", "elapsed": 16.136377, "delta": 0.01097}}
{"target": -156.37178384358796, "params": {"gamma": 0.914136075297375, "prior": 6.179340836196217, "rate": 1.4943587574456791}, "datetime": {"datetime": "2024-06-14 04:07:40", "elapsed": 16.145737, "delta": 0.00936}}
{"target": -344.7212868544126, "params": {"gamma": 5.208444170554118, "prior": 1.0241164266430445, "rate": 7.812223199457574}, "datetime": {"datetime": "2024-06-14 04:07:40", "elapsed": 16.156708, "delta": 0.010971}}
{"target": -662.981228807402, "params": {"gamma": 7.729537241828221, "prior": 6.02167277279802, "rate": 0.1464186524360543}, "datetime": {"datetime": "2024-06-14 04:07:40", "elapsed": 16.166681, "delta": 0.009973}}
{"target": -126.98534929788983, "params": {"gamma": 0.42120018122586705, "prior": 1.891609508368085, "rate": 9.720334679149751}, "datetime": {"datetime": "2024-06-14 04:07:40", "elapsed": 16.176655, "delta": 0.009974}}
{"target": -198.03037819526867, "params": {"gamma": 2.5467472891170426, "prior": 7.534987376045962, "rate": 2.8130708604490677}, "datetime": {"datetime": "2024-06-14 04:07:40", "elapsed": 16.186628, "delta": 0.009973}}
{"target": -157.9823035422474, "params": {"gamma": 2.555930656746099, "prior": 2.6528509861883998, "rate": 2.971232902105741}, "datetime": {"datetime": "2024-06-14 04:07:40", "elapsed": 16.198596, "delta": 0.011968}}
{"target": -152.07322559903034, "params": {"gamma": 0.0904371047664351, "prior": 9.873044202472457, "rate": 5.6650398975873095}, "datetime": {"datetime": "2024-06-14 04:07:41", "elapsed": 16.209567, "delta": 0.010971}}
{"target": -491.1058256111077, "params": {"gamma": 6.018822270456636, "prior": 5.428774701508513, "rate": 0.4393316428380598}, "datetime": {"datetime": "2024-06-14 04:07:41", "elapsed": 16.21954, "delta": 0.009973}}
{"target": -222.61923068072542, "params": {"gamma": 4.715733368498675, "prior": 5.44279736196503, "rate": 6.729884951727836}, "datetime": {"datetime": "2024-06-14 04:07:41", "elapsed": 16.229514, "delta": 0.009974}}
{"target": -369.34627479611413, "params": {"gamma": 5.342145859164941, "prior": 0.6452158589676233, "rate": 6.20136980037383}, "datetime": {"datetime": "2024-06-14 04:07:41", "elapsed": 16.239487, "delta": 0.009973}}
{"target": -257.92066546013706, "params": {"gamma": 5.812170852564193, "prior": 5.501403625658926, "rate": 8.432969520852312}, "datetime": {"datetime": "2024-06-14 04:07:41", "elapsed": 16.249852, "delta": 0.010365}}
{"target": -335.86630147412484, "params": {"gamma": 4.4744202102791135, "prior": 6.075297918451513, "rate": 1.2370052511020126}, "datetime": {"datetime": "2024-06-14 04:07:41", "elapsed": 16.259825, "delta": 0.009973}}
{"target": -278.74972760386277, "params": {"gamma": 2.524540150676985, "prior": 8.518507824967577, "rate": 0.16322740050218212}, "datetime": {"datetime": "2024-06-14 04:07:41", "elapsed": 16.269799, "delta": 0.009974}}
{"target": -170.27700097622758, "params": {"gamma": 1.563353530050915, "prior": 8.251511250120657, "rate": 2.2941474771120194}, "datetime": {"datetime": "2024-06-14 04:07:41", "elapsed": 16.28077, "delta": 0.010971}}
{"target": -156.21605626023347, "params": {"gamma": 2.5926903584258394, "prior": 7.0378270060594685, "rate": 9.665286266010238}, "datetime": {"datetime": "2024-06-14 04:07:41", "elapsed": 16.290743, "delta": 0.009973}}
{"target": -198.3042806032389, "params": {"gamma": 1.9835999198248373, "prior": 7.500223150149078, "rate": 1.4059219435725394}, "datetime": {"datetime": "2024-06-14 04:07:41", "elapsed": 16.300716, "delta": 0.009973}}
{"target": -208.31247187738145, "params": {"gamma": 3.8255932152218004, "prior": 3.3005635888934934, "rate": 8.837971404321385}, "datetime": {"datetime": "2024-06-14 04:07:41", "elapsed": 16.31069, "delta": 0.009974}}
{"target": -540.7938246806407, "params": {"gamma": 6.554158581010341, "prior": 3.4023960640121804, "rate": 0.2170579835200867}, "datetime": {"datetime": "2024-06-14 04:07:41", "elapsed": 16.320663, "delta": 0.009973}}
{"target": -228.40378039373516, "params": {"gamma": 3.690717582622661, "prior": 9.724588651254853, "rate": 5.291461768734136}, "datetime": {"datetime": "2024-06-14 04:07:41", "elapsed": 16.331633, "delta": 0.01097}}
{"target": -312.21474737076636, "params": {"gamma": 7.42170608723287, "prior": 3.5193494852507885, "rate": 4.606438063386967}, "datetime": {"datetime": "2024-06-14 04:07:41", "elapsed": 16.341121, "delta": 0.009488}}
{"target": -175.48998113072258, "params": {"gamma": 2.1171453464815797, "prior": 8.385901328359125, "rate": 3.5987287851418053}, "datetime": {"datetime": "2024-06-14 04:07:41", "elapsed": 16.352085, "delta": 0.010964}}
{"target": -152.40150079025727, "params": {"gamma": 0.37184424137389627, "prior": 6.920992980908198, "rate": 1.5587330522055973}, "datetime": {"datetime": "2024-06-14 04:07:41", "elapsed": 16.362059, "delta": 0.009974}}
{"target": -613.1055311706197, "params": {"gamma": 7.98771294193551, "prior": 0.2510982809907867, "rate": 5.856645849985007}, "datetime": {"datetime": "2024-06-14 04:07:41", "elapsed": 16.372032, "delta": 0.009973}}
{"target": -390.90086876579113, "params": {"gamma": 4.955667253979119, "prior": 9.974871164209066, "rate": 1.344572993526239}, "datetime": {"datetime": "2024-06-14 04:07:41", "elapsed": 16.382005, "delta": 0.009973}}
{"target": -289.3877504180552, "params": {"gamma": 6.725864268561899, "prior": 1.0399602054672268, "rate": 1.6185223747759032}, "datetime": {"datetime": "2024-06-14 04:07:41", "elapsed": 16.392976, "delta": 0.010971}}
{"target": -645.955798729044, "params": {"gamma": 9.883324584988317, "prior": 8.085984167867757, "rate": 2.447158246382357}, "datetime": {"datetime": "2024-06-14 04:07:41", "elapsed": 16.402949, "delta": 0.009973}}
{"target": -594.3788534526998, "params": {"gamma": 8.46315815656222, "prior": 0.45244256444577213, "rate": 5.356534904767137}, "datetime": {"datetime": "2024-06-14 04:07:41", "elapsed": 16.412923, "delta": 0.009974}}
{"target": -139.2629347872364, "params": {"gamma": 0.9156560813263981, "prior": 9.711966099756669, "rate": 5.8314262663101335}, "datetime": {"datetime": "2024-06-14 04:07:41", "elapsed": 16.422896, "delta": 0.009973}}
{"target": -276.419536557389, "params": {"gamma": 5.557857005100962, "prior": 3.2479334229382575, "rate": 8.499195516950698}, "datetime": {"datetime": "2024-06-14 04:07:41", "elapsed": 16.433867, "delta": 0.010971}}
{"target": -342.4098449551859, "params": {"gamma": 5.302014980143714, "prior": 0.26927241910209526, "rate": 1.849764010582726}, "datetime": {"datetime": "2024-06-14 04:07:41", "elapsed": 16.444346, "delta": 0.010479}}
{"target": -237.51010543528216, "params": {"gamma": 4.335249630012873, "prior": 0.8917664699406374, "rate": 2.807294876301211}, "datetime": {"datetime": "2024-06-14 04:07:41", "elapsed": 16.454319, "delta": 0.009973}}
{"target": -230.6879229459637, "params": {"gamma": 2.50470246829456, "prior": 0.10602555886107112, "rate": 6.929160306974375}, "datetime": {"datetime": "2024-06-14 04:07:41", "elapsed": 16.464292, "delta": 0.009973}}
{"target": -337.2465166528208, "params": {"gamma": 7.739122475175086, "prior": 8.221458050411275, "rate": 8.516444514251624}, "datetime": {"datetime": "2024-06-14 04:07:41", "elapsed": 16.474267, "delta": 0.009975}}
{"target": -142.459398927559, "params": {"gamma": 1.516097284927453, "prior": 8.911362720684613, "rate": 6.582470685255508}, "datetime": {"datetime": "2024-06-14 04:07:41", "elapsed": 16.485265, "delta": 0.010998}}
{"target": -299.68060023734984, "params": {"gamma": 6.961640494479081, "prior": 5.684309475667977, "rate": 9.396880301472725}, "datetime": {"datetime": "2024-06-14 04:07:41", "elapsed": 16.49521, "delta": 0.009945}}
{"target": -174.84521410274198, "params": {"gamma": 2.5192185879677065, "prior": 7.8901544088551026, "rate": 4.953089405221723}, "datetime": {"datetime": "2024-06-14 04:07:41", "elapsed": 16.505183, "delta": 0.009973}}
{"target": -724.7254278085786, "params": {"gamma": 8.909111167255265, "prior": 2.834367028962495, "rate": 0.15345384499933612}, "datetime": {"datetime": "2024-06-14 04:07:41", "elapsed": 16.516154, "delta": 0.010971}}
{"target": -136.8466497070091, "params": {"gamma": 0.6498451553396644, "prior": 9.006387353591512, "rate": 6.411861082231753}, "datetime": {"datetime": "2024-06-14 04:07:41", "elapsed": 16.526127, "delta": 0.009973}}
{"target": -316.7468899005675, "params": {"gamma": 7.302956948346961, "prior": 5.093180874926231, "rate": 5.5761884295247635}, "datetime": {"datetime": "2024-06-14 04:07:41", "elapsed": 16.5361, "delta": 0.009973}}
{"target": -195.29651346036215, "params": {"gamma": 3.6395809320717802, "prior": 7.848092917900229, "rate": 7.568895646824035}, "datetime": {"datetime": "2024-06-14 04:07:41", "elapsed": 16.546612, "delta": 0.010512}}
{"target": -338.0822576521934, "params": {"gamma": 7.000361363341032, "prior": 9.622734907924354, "rate": 7.688614872456184}, "datetime": {"datetime": "2024-06-14 04:07:41", "elapsed": 16.556556, "delta": 0.009944}}
{"target": -412.3301631305301, "params": {"gamma": 9.779247988847397, "prior": 5.943736851967249, "rate": 6.192971647774601}, "datetime": {"datetime": "2024-06-14 04:07:41", "elapsed": 16.566529, "delta": 0.009973}}
{"target": -507.954804706202, "params": {"gamma": 6.390893117652819, "prior": 3.331076730816897, "rate": 0.33125715159731645}, "datetime": {"datetime": "2024-06-14 04:07:41", "elapsed": 16.576503, "delta": 0.009974}}
{"target": -609.3414010453488, "params": {"gamma": 7.881975609758543, "prior": 7.130859720793782, "rate": 0.7912378849771072}, "datetime": {"datetime": "2024-06-14 04:07:41", "elapsed": 16.587473, "delta": 0.01097}}
{"target": -140.7732357647845, "params": {"gamma": 1.486669782533265, "prior": 6.894768417542823, "rate": 5.350838735760061}, "datetime": {"datetime": "2024-06-14 04:07:41", "elapsed": 16.597446, "delta": 0.009973}}
{"target": -167.23982453810532, "params": {"gamma": 1.9129532131472144, "prior": 0.6539381737611052, "rate": 6.114511590773306}, "datetime": {"datetime": "2024-06-14 04:07:41", "elapsed": 16.60742, "delta": 0.009974}}
{"target": -126.45105072192648, "params": {"gamma": 0.5370626571610718, "prior": 2.2143955883275006, "rate": 5.027124040449976}, "datetime": {"datetime": "2024-06-14 04:07:41", "elapsed": 16.617965, "delta": 0.010545}}
{"target": -179.94857130687305, "params": {"gamma": 0.941217065094407, "prior": 4.1481704960787145, "rate": 0.2021378650325921}, "datetime": {"datetime": "2024-06-14 04:07:41", "elapsed": 16.627938, "delta": 0.009973}}
{"target": -142.18288408890712, "params": {"gamma": 1.1955179943126049, "prior": 9.40661888678996, "rate": 5.589052028891483}, "datetime": {"datetime": "2024-06-14 04:07:41", "elapsed": 16.638909, "delta": 0.010971}}
