{"target": -485.41038077756355, "params": {"gamma": 1.3544085542298703, "lr": 0.03063869809086972}, "datetime": {"datetime": "2024-06-13 22:26:40", "elapsed": 6.856444, "delta": 0.003989}}
{"target": -1292.8736952576749, "params": {"gamma": 4.623891705947023, "lr": 0.9606566952869964}, "datetime": {"datetime": "2024-06-13 22:26:40", "elapsed": 6.861431, "delta": 0.004987}}
{"target": -354.910390249294, "params": {"gamma": 0.9370488703914385, "lr": 0.0655985161350432}, "datetime": {"datetime": "2024-06-13 22:26:40", "elapsed": 6.866418, "delta": 0.004987}}
{"target": -2251.0690518692695, "params": {"gamma": 8.799475826643015, "lr": 0.8213720415432885}, "datetime": {"datetime": "2024-06-13 22:26:40", "elapsed": 6.870407, "delta": 0.003989}}
{"target": -1796.1507874889326, "params": {"gamma": 8.199874253028593, "lr": 0.46781804781537173}, "datetime": {"datetime": "2024-06-13 22:26:40", "elapsed": 6.875394, "delta": 0.004987}}
{"target": -934.6591934731889, "params": {"gamma": 4.275493453510745, "lr": 0.4010683054344961}, "datetime": {"datetime": "2024-06-13 22:26:40", "elapsed": 6.879383, "delta": 0.003989}}
{"target": -1434.0833870191898, "params": {"gamma": 5.822568206350932, "lr": 0.7289706693761112}, "datetime": {"datetime": "2024-06-13 22:26:40", "elapsed": 6.88437, "delta": 0.004987}}
{"target": -1821.6402887651818, "params": {"gamma": 7.843135731493912, "lr": 0.6547991875604179}, "datetime": {"datetime": "2024-06-13 22:26:40", "elapsed": 6.889356, "delta": 0.004986}}
{"target": -1224.5865236663712, "params": {"gamma": 5.625099180595456, "lr": 0.412392608220297}, "datetime": {"datetime": "2024-06-13 22:26:40", "elapsed": 6.893346, "delta": 0.00399}}
{"target": -761.4385554143097, "params": {"gamma": 3.1998307053765016, "lr": 0.2862477928261852}, "datetime": {"datetime": "2024-06-13 22:26:40", "elapsed": 6.898333, "delta": 0.004987}}
{"target": -720.9059758740124, "params": {"gamma": 2.9624710073123492, "lr": 0.6827528661644432}, "datetime": {"datetime": "2024-06-13 22:26:40", "elapsed": 6.903319, "delta": 0.004986}}
{"target": -1721.025162893907, "params": {"gamma": 7.624649380413635, "lr": 0.5976197869899762}, "datetime": {"datetime": "2024-06-13 22:26:40", "elapsed": 6.908306, "delta": 0.004987}}
{"target": -606.8495028101368, "params": {"gamma": 2.229416058643355, "lr": 0.1943950205047229}, "datetime": {"datetime": "2024-06-13 22:26:40", "elapsed": 6.913293, "delta": 0.004987}}
{"target": -2127.175731469578, "params": {"gamma": 7.657095501588769, "lr": 0.9786938189750454}, "datetime": {"datetime": "2024-06-13 22:26:40", "elapsed": 6.918279, "delta": 0.004986}}
{"target": -149.7443357836794, "params": {"gamma": 0.1600837059640327, "lr": 0.24889814198257976}, "datetime": {"datetime": "2024-06-13 22:26:40", "elapsed": 6.922269, "delta": 0.00399}}
{"target": -1915.5594954609155, "params": {"gamma": 7.923336404835708, "lr": 0.7191652977533548}, "datetime": {"datetime": "2024-06-13 22:26:40", "elapsed": 6.927255, "delta": 0.004986}}
{"target": -556.3919967409631, "params": {"gamma": 2.4605535974366086, "lr": 0.5548923810758453}, "datetime": {"datetime": "2024-06-13 22:26:40", "elapsed": 6.932242, "delta": 0.004987}}
{"target": -1422.959569889043, "params": {"gamma": 5.856272355196109, "lr": 0.7213842766472296}, "datetime": {"datetime": "2024-06-13 22:26:40", "elapsed": 6.936231, "delta": 0.003989}}
{"target": -1012.2765129540123, "params": {"gamma": 4.637273438415798, "lr": 0.40484847152272274}, "datetime": {"datetime": "2024-06-13 22:26:40", "elapsed": 6.941218, "delta": 0.004987}}
{"target": -740.3594819256508, "params": {"gamma": 3.080786698738075, "lr": 0.23830890840682273}, "datetime": {"datetime": "2024-06-13 22:26:40", "elapsed": 6.945209, "delta": 0.003991}}
{"target": -260.57421132401544, "params": {"gamma": 0.925941078147889, "lr": 0.6458833874176423}, "datetime": {"datetime": "2024-06-13 22:26:40", "elapsed": 6.950195, "delta": 0.004986}}
{"target": -1589.5464030700946, "params": {"gamma": 6.696034914953822, "lr": 0.6873434739168471}, "datetime": {"datetime": "2024-06-13 22:26:40", "elapsed": 6.95518, "delta": 0.004985}}
{"target": -146.44146077187594, "params": {"gamma": 0.03245405892326011, "lr": 0.43825303252098613}, "datetime": {"datetime": "2024-06-13 22:26:40", "elapsed": 6.95917, "delta": 0.00399}}
{"target": -304.07279451828543, "params": {"gamma": 1.22641109574872, "lr": 0.5266093357063074}, "datetime": {"datetime": "2024-06-13 22:26:40", "elapsed": 6.964157, "delta": 0.004987}}
{"target": -2142.736563009799, "params": {"gamma": 9.797416469397842, "lr": 0.4992770109633381}, "datetime": {"datetime": "2024-06-13 22:26:40", "elapsed": 6.968177, "delta": 0.00402}}
{"target": -963.7737604587537, "params": {"gamma": 3.747125142755934, "lr": 0.8138399923945955}, "datetime": {"datetime": "2024-06-13 22:26:40", "elapsed": 6.973132, "delta": 0.004955}}
{"target": -2256.687470300097, "params": {"gamma": 9.68204618100875, "lr": 0.28712337752879535}, "datetime": {"datetime": "2024-06-13 22:26:40", "elapsed": 6.978119, "delta": 0.004987}}
{"target": -2229.9094853224115, "params": {"gamma": 8.030197397425262, "lr": 0.9961414373632698}, "datetime": {"datetime": "2024-06-13 22:26:40", "elapsed": 6.982109, "delta": 0.00399}}
{"target": -283.4616925734576, "params": {"gamma": 1.1191305732763266, "lr": 0.5310473545872221}, "datetime": {"datetime": "2024-06-13 22:26:40", "elapsed": 6.987095, "delta": 0.004986}}
{"target": -1923.7456140882139, "params": {"gamma": 8.135452268270518, "lr": 0.37629418365689815}, "datetime": {"datetime": "2024-06-13 22:26:40", "elapsed": 6.992082, "delta": 0.004987}}
{"target": -1124.345158183447, "params": {"gamma": 4.4582994882209785, "lr": 0.7509025596645666}, "datetime": {"datetime": "2024-06-13 22:26:40", "elapsed": 6.996071, "delta": 0.003989}}
{"target": -270.83221675279975, "params": {"gamma": 0.9843654431052541, "lr": 0.3605263049964609}, "datetime": {"datetime": "2024-06-13 22:26:40", "elapsed": 7.001058, "delta": 0.004987}}
{"target": -1334.7774139820328, "params": {"gamma": 5.637498846609272, "lr": 0.23858559594258377}, "datetime": {"datetime": "2024-06-13 22:26:40", "elapsed": 7.006044, "delta": 0.004986}}
{"target": -2092.8057588149627, "params": {"gamma": 8.399697763448607, "lr": 0.7658509922899394}, "datetime": {"datetime": "2024-06-13 22:26:40", "elapsed": 7.010034, "delta": 0.00399}}
{"target": -2119.552767765741, "params": {"gamma": 9.655460253343795, "lr": 0.5229880750137287}, "datetime": {"datetime": "2024-06-13 22:26:40", "elapsed": 7.015021, "delta": 0.004987}}
{"target": -334.0599088558771, "params": {"gamma": 1.06614005524794, "lr": 0.936617023061487}, "datetime": {"datetime": "2024-06-13 22:26:40", "elapsed": 7.020007, "delta": 0.004986}}
{"target": -1833.4358114132751, "params": {"gamma": 8.342525658973996, "lr": 0.5444181610032376}, "datetime": {"datetime": "2024-06-13 22:26:40", "elapsed": 7.024994, "delta": 0.004987}}
{"target": -2265.0595865444147, "params": {"gamma": 8.363186471576656, "lr": 0.8816909193539424}, "datetime": {"datetime": "2024-06-13 22:26:40", "elapsed": 7.028983, "delta": 0.003989}}
{"target": -1700.370173839689, "params": {"gamma": 7.76103529253161, "lr": 0.5712539770424174}, "datetime": {"datetime": "2024-06-13 22:26:40", "elapsed": 7.03397, "delta": 0.004987}}
{"target": -1631.7032012108712, "params": {"gamma": 6.153371915939358, "lr": 0.8443906826433587}, "datetime": {"datetime": "2024-06-13 22:26:40", "elapsed": 7.038957, "delta": 0.004987}}
{"target": -1582.9088097923054, "params": {"gamma": 6.222544146503024, "lr": 0.20647995918763162}, "datetime": {"datetime": "2024-06-13 22:26:40", "elapsed": 7.043943, "delta": 0.004986}}
{"target": -1522.5133153241165, "params": {"gamma": 6.915192747116144, "lr": 0.5320137500773816}, "datetime": {"datetime": "2024-06-13 22:26:40", "elapsed": 7.049927, "delta": 0.005984}}
{"target": -894.3237706050052, "params": {"gamma": 2.633207341942995, "lr": 0.0007865415296364198}, "datetime": {"datetime": "2024-06-13 22:26:40", "elapsed": 7.054914, "delta": 0.004987}}
{"target": -581.3296766135923, "params": {"gamma": 2.3557421152378364, "lr": 0.673566697976032}, "datetime": {"datetime": "2024-06-13 22:26:40", "elapsed": 7.059901, "delta": 0.004987}}
{"target": -2246.9913842830283, "params": {"gamma": 8.783323676609767, "lr": 0.8307025692405677}, "datetime": {"datetime": "2024-06-13 22:26:40", "elapsed": 7.064888, "delta": 0.004987}}
{"target": -399.816456588457, "params": {"gamma": 1.0819657484995155, "lr": 0.07112497952283825}, "datetime": {"datetime": "2024-06-13 22:26:40", "elapsed": 7.070872, "delta": 0.005984}}
{"target": -1746.648739712314, "params": {"gamma": 7.616161526478173, "lr": 0.2848333721183067}, "datetime": {"datetime": "2024-06-13 22:26:40", "elapsed": 7.075858, "delta": 0.004986}}
{"target": -921.8522620796862, "params": {"gamma": 2.718758721913716, "lr": 0.0020003006084317043}, "datetime": {"datetime": "2024-06-13 22:26:40", "elapsed": 7.079847, "delta": 0.003989}}
{"target": -346.8504456813519, "params": {"gamma": 0.9862915673948899, "lr": 0.13559704739235312}, "datetime": {"datetime": "2024-06-13 22:26:40", "elapsed": 7.084836, "delta": 0.004989}}
{"target": -376.134689368049, "params": {"gamma": 1.5944427020857364, "lr": 0.44531360261536523}, "datetime": {"datetime": "2024-06-13 22:26:40", "elapsed": 7.08982, "delta": 0.004984}}
{"target": -2056.4823983997544, "params": {"gamma": 8.141544011423479, "lr": 0.8122981153684475}, "datetime": {"datetime": "2024-06-13 22:26:40", "elapsed": 7.096802, "delta": 0.006982}}
{"target": -2007.2301017317131, "params": {"gamma": 9.099986227202798, "lr": 0.4435920386203337}, "datetime": {"datetime": "2024-06-13 22:26:40", "elapsed": 7.101789, "delta": 0.004987}}
{"target": -1554.8622189574617, "params": {"gamma": 7.087396368942189, "lr": 0.4883341181204487}, "datetime": {"datetime": "2024-06-13 22:26:40", "elapsed": 7.106775, "delta": 0.004986}}
{"target": -226.60088083105674, "params": {"gamma": 0.49937573878707536, "lr": 0.0804314339695471}, "datetime": {"datetime": "2024-06-13 22:26:40", "elapsed": 7.110765, "delta": 0.00399}}
{"target": -701.8871901981811, "params": {"gamma": 2.4601774098261746, "lr": 0.9816217286230167}, "datetime": {"datetime": "2024-06-13 22:26:40", "elapsed": 7.115751, "delta": 0.004986}}
{"target": -1588.2112832375917, "params": {"gamma": 6.919480375538572, "lr": 0.26800758185732043}, "datetime": {"datetime": "2024-06-13 22:26:40", "elapsed": 7.120738, "delta": 0.004987}}
{"target": -1642.665475601637, "params": {"gamma": 7.062926182268611, "lr": 0.6613461343815696}, "datetime": {"datetime": "2024-06-13 22:26:40", "elapsed": 7.125725, "delta": 0.004987}}
{"target": -175.75676043322906, "params": {"gamma": 0.4338583185782008, "lr": 0.3614875846417379}, "datetime": {"datetime": "2024-06-13 22:26:40", "elapsed": 7.130711, "delta": 0.004986}}
{"target": -2543.376298972009, "params": {"gamma": 7.737506106039536, "lr": 0.07852291483410356}, "datetime": {"datetime": "2024-06-13 22:26:40", "elapsed": 7.135698, "delta": 0.004987}}
{"target": -2454.010831495381, "params": {"gamma": 8.84395678364194, "lr": 0.9308682962545582}, "datetime": {"datetime": "2024-06-13 22:26:40", "elapsed": 7.140685, "delta": 0.004987}}
{"target": -2678.373230686296, "params": {"gamma": 8.531002038386509, "lr": 0.117377604100948}, "datetime": {"datetime": "2024-06-13 22:26:40", "elapsed": 7.144674, "delta": 0.003989}}
{"target": -1357.398870036104, "params": {"gamma": 5.652169643537417, "lr": 0.7075599478322232}, "datetime": {"datetime": "2024-06-13 22:26:40", "elapsed": 7.149661, "delta": 0.004987}}
{"target": -2873.378520647573, "params": {"gamma": 8.879912919311819, "lr": 0.09577602929981288}, "datetime": {"datetime": "2024-06-13 22:26:40", "elapsed": 7.154647, "delta": 0.004986}}
{"target": -1869.8624242025078, "params": {"gamma": 8.157890074908734, "lr": 0.27801633166878204}, "datetime": {"datetime": "2024-06-13 22:26:40", "elapsed": 7.159634, "delta": 0.004987}}
{"target": -1438.9198411223244, "params": {"gamma": 5.923281570273373, "lr": 0.7197957093739197}, "datetime": {"datetime": "2024-06-13 22:26:40", "elapsed": 7.163623, "delta": 0.003989}}
{"target": -1815.1623445586008, "params": {"gamma": 7.7704144744548165, "lr": 0.29466484899886947}, "datetime": {"datetime": "2024-06-13 22:26:40", "elapsed": 7.16861, "delta": 0.004987}}
{"target": -1423.496029792147, "params": {"gamma": 6.074158012949801, "lr": 0.2874728742023305}, "datetime": {"datetime": "2024-06-13 22:26:40", "elapsed": 7.173597, "delta": 0.004987}}
{"target": -2514.9698687770065, "params": {"gamma": 9.983169186094411, "lr": 0.8145056079423507}, "datetime": {"datetime": "2024-06-13 22:26:40", "elapsed": 7.178583, "delta": 0.004986}}
{"target": -1134.8669772478943, "params": {"gamma": 4.140365184777405, "lr": 0.8791421856642359}, "datetime": {"datetime": "2024-06-13 22:26:40", "elapsed": 7.182573, "delta": 0.00399}}
{"target": -2035.820207244449, "params": {"gamma": 7.325278649969429, "lr": 0.928746930727756}, "datetime": {"datetime": "2024-06-13 22:26:40", "elapsed": 7.187559, "delta": 0.004986}}
{"target": -425.6671383351451, "params": {"gamma": 1.7169353317749951, "lr": 0.2948350049208741}, "datetime": {"datetime": "2024-06-13 22:26:40", "elapsed": 7.192546, "delta": 0.004987}}
{"target": -258.2266473386047, "params": {"gamma": 0.9382730240703474, "lr": 0.3179810316787127}, "datetime": {"datetime": "2024-06-13 22:26:40", "elapsed": 7.196535, "delta": 0.003989}}
{"target": -895.7662634385545, "params": {"gamma": 3.812504948851634, "lr": 0.6327125396187535}, "datetime": {"datetime": "2024-06-13 22:26:40", "elapsed": 7.201522, "delta": 0.004987}}
{"target": -1151.4802714591478, "params": {"gamma": 4.715727863547479, "lr": 0.717668980777047}, "datetime": {"datetime": "2024-06-13 22:26:40", "elapsed": 7.206509, "delta": 0.004987}}
{"target": -798.3312774362626, "params": {"gamma": 2.692966111483643, "lr": 0.17305671918218446}, "datetime": {"datetime": "2024-06-13 22:26:40", "elapsed": 7.210498, "delta": 0.003989}}
{"target": -844.1417280031899, "params": {"gamma": 3.7918469051508774, "lr": 0.43808143742785455}, "datetime": {"datetime": "2024-06-13 22:26:40", "elapsed": 7.215485, "delta": 0.004987}}
{"target": -1177.9627589561283, "params": {"gamma": 4.221843551590521, "lr": 0.913569686661525}, "datetime": {"datetime": "2024-06-13 22:26:40", "elapsed": 7.219474, "delta": 0.003989}}
{"target": -652.8227011603027, "params": {"gamma": 2.696400616451196, "lr": 0.3520434026951569}, "datetime": {"datetime": "2024-06-13 22:26:40", "elapsed": 7.224461, "delta": 0.004987}}
{"target": -510.6937247838314, "params": {"gamma": 2.1528813919731067, "lr": 0.37192301140427286}, "datetime": {"datetime": "2024-06-13 22:26:40", "elapsed": 7.22845, "delta": 0.003989}}
{"target": -890.4918567194351, "params": {"gamma": 3.8991640529202587, "lr": 0.5754270571118745}, "datetime": {"datetime": "2024-06-13 22:26:40", "elapsed": 7.233437, "delta": 0.004987}}
{"target": -651.0678873746513, "params": {"gamma": 2.7843714212458077, "lr": 0.2594923085078481}, "datetime": {"datetime": "2024-06-13 22:26:40", "elapsed": 7.238778, "delta": 0.005341}}
{"target": -1990.0369134123828, "params": {"gamma": 7.190894889170183, "lr": 0.9101787075725445}, "datetime": {"datetime": "2024-06-13 22:26:40", "elapsed": 7.243764, "delta": 0.004986}}
{"target": -353.08745028232414, "params": {"gamma": 1.2218460988148518, "lr": 0.18228897074998485}, "datetime": {"datetime": "2024-06-13 22:26:40", "elapsed": 7.247754, "delta": 0.00399}}
{"target": -351.4662249247262, "params": {"gamma": 1.3319633391141557, "lr": 0.6836076828044971}, "datetime": {"datetime": "2024-06-13 22:26:40", "elapsed": 7.253393, "delta": 0.005639}}
{"target": -514.4501273380259, "params": {"gamma": 2.1408837173038955, "lr": 0.6045716033063737}, "datetime": {"datetime": "2024-06-13 22:26:40", "elapsed": 7.257376, "delta": 0.003983}}
{"target": -537.8135571441424, "params": {"gamma": 2.0175856692950274, "lr": 0.8177571936931245}, "datetime": {"datetime": "2024-06-13 22:26:40", "elapsed": 7.262363, "delta": 0.004987}}
{"target": -766.9715588998979, "params": {"gamma": 3.161755215449723, "lr": 0.6696167646858762}, "datetime": {"datetime": "2024-06-13 22:26:40", "elapsed": 7.26735, "delta": 0.004987}}
{"target": -370.67571636701524, "params": {"gamma": 1.4881868944628063, "lr": 0.30594544708616045}, "datetime": {"datetime": "2024-06-13 22:26:40", "elapsed": 7.271339, "delta": 0.003989}}
{"target": -705.2924289036922, "params": {"gamma": 2.9731172115714624, "lr": 0.6350799325450489}, "datetime": {"datetime": "2024-06-13 22:26:40", "elapsed": 7.276325, "delta": 0.004986}}
{"target": -1802.423207017051, "params": {"gamma": 6.809124390706244, "lr": 0.8452486465038237}, "datetime": {"datetime": "2024-06-13 22:26:40", "elapsed": 7.281312, "delta": 0.004987}}
{"target": -486.2376730561173, "params": {"gamma": 1.8342857207824639, "lr": 0.7604297643064385}, "datetime": {"datetime": "2024-06-13 22:26:40", "elapsed": 7.286299, "delta": 0.004987}}
{"target": -1561.3113647120495, "params": {"gamma": 7.119682083391317, "lr": 0.5575439140774725}, "datetime": {"datetime": "2024-06-13 22:26:40", "elapsed": 7.290288, "delta": 0.003989}}
{"target": -2160.3740592046847, "params": {"gamma": 6.50197970017053, "lr": 0.0899951030326972}, "datetime": {"datetime": "2024-06-13 22:26:40", "elapsed": 7.295277, "delta": 0.004989}}
{"target": -345.66804491168295, "params": {"gamma": 1.4696112814099909, "lr": 0.41557172071663584}, "datetime": {"datetime": "2024-06-13 22:26:40", "elapsed": 7.299925, "delta": 0.004648}}
{"target": -2081.4064988251107, "params": {"gamma": 7.1139955123219485, "lr": 0.16782116362359434}, "datetime": {"datetime": "2024-06-13 22:26:40", "elapsed": 7.304906, "delta": 0.004981}}
{"target": -862.7812791886691, "params": {"gamma": 3.8904024131038595, "lr": 0.49794595388742613}, "datetime": {"datetime": "2024-06-13 22:26:40", "elapsed": 7.309893, "delta": 0.004987}}
{"target": -3065.1351607098286, "params": {"gamma": 9.350522223405173, "lr": 0.055196248654505564}, "datetime": {"datetime": "2024-06-13 22:26:40", "elapsed": 7.313882, "delta": 0.003989}}
{"target": -2301.5200214230363, "params": {"gamma": 8.290245901995016, "lr": 0.9841598458987846}, "datetime": {"datetime": "2024-06-13 22:26:40", "elapsed": 7.318868, "delta": 0.004986}}
{"target": -746.8336363735555, "params": {"gamma": 2.6734588625853686, "lr": 0.8900573037740913}, "datetime": {"datetime": "2024-06-13 22:26:40", "elapsed": 7.323856, "delta": 0.004988}}
{"target": -744.2621781519246, "params": {"gamma": 2.9037110876153163, "lr": 0.7990074981966317}, "datetime": {"datetime": "2024-06-13 22:26:40", "elapsed": 7.329839, "delta": 0.005983}}
{"target": -1046.0723647071957, "params": {"gamma": 4.599113822624364, "lr": 0.59760864887687}, "datetime": {"datetime": "2024-06-13 22:26:40", "elapsed": 7.33483, "delta": 0.004991}}
{"target": -584.0069935357386, "params": {"gamma": 2.367437100274259, "lr": 0.687614962160815}, "datetime": {"datetime": "2024-06-13 22:26:40", "elapsed": 7.339813, "delta": 0.004983}}
{"target": -355.47309077420715, "params": {"gamma": 1.4876999762661907, "lr": 0.5596864990017729}, "datetime": {"datetime": "2024-06-13 22:26:40", "elapsed": 7.3448, "delta": 0.004987}}
{"target": -1316.968604750648, "params": {"gamma": 4.943794976509587, "lr": 0.8372059959494197}, "datetime": {"datetime": "2024-06-13 22:26:40", "elapsed": 7.349787, "delta": 0.004987}}
{"target": -1211.895044613423, "params": {"gamma": 4.815203685221957, "lr": 0.7847309599867293}, "datetime": {"datetime": "2024-06-13 22:26:40", "elapsed": 7.353775, "delta": 0.003988}}
{"target": -932.0599502584255, "params": {"gamma": 4.003542773051022, "lr": 0.3079059334309052}, "datetime": {"datetime": "2024-06-13 22:26:40", "elapsed": 7.358762, "delta": 0.004987}}
{"target": -1708.4586648139423, "params": {"gamma": 7.872484136639694, "lr": 0.4184642639114249}, "datetime": {"datetime": "2024-06-13 22:26:40", "elapsed": 7.362751, "delta": 0.003989}}
{"target": -1128.2476151105468, "params": {"gamma": 4.968163846072137, "lr": 0.577322531324329}, "datetime": {"datetime": "2024-06-13 22:26:40", "elapsed": 7.367738, "delta": 0.004987}}
{"target": -1848.8365723822671, "params": {"gamma": 8.196837713155396, "lr": 0.5813199746267194}, "datetime": {"datetime": "2024-06-13 22:26:40", "elapsed": 7.372725, "delta": 0.004987}}
{"target": -1315.4719597471458, "params": {"gamma": 4.062022883905419, "lr": 0.16058682850924277}, "datetime": {"datetime": "2024-06-13 22:26:40", "elapsed": 7.376714, "delta": 0.003989}}
{"target": -1905.6264677681015, "params": {"gamma": 7.021410937836175, "lr": 0.8832328216518347}, "datetime": {"datetime": "2024-06-13 22:26:40", "elapsed": 7.381701, "delta": 0.004987}}
{"target": -275.93145186901955, "params": {"gamma": 1.0846805001536175, "lr": 0.46621397581308155}, "datetime": {"datetime": "2024-06-13 22:26:40", "elapsed": 7.386687, "delta": 0.004986}}
{"target": -2044.0231711724684, "params": {"gamma": 9.34542051628517, "lr": 0.5635091674751708}, "datetime": {"datetime": "2024-06-13 22:26:40", "elapsed": 7.390677, "delta": 0.00399}}
{"target": -1804.5757384976173, "params": {"gamma": 5.452989887556196, "lr": 0.06347554987814286}, "datetime": {"datetime": "2024-06-13 22:26:40", "elapsed": 7.395843, "delta": 0.005166}}
{"target": -1250.7659287446927, "params": {"gamma": 5.353466496108746, "lr": 0.654541303819938}, "datetime": {"datetime": "2024-06-13 22:26:40", "elapsed": 7.40083, "delta": 0.004987}}
{"target": -436.7771317965405, "params": {"gamma": 1.466771864485812, "lr": 0.9563647276468465}, "datetime": {"datetime": "2024-06-13 22:26:40", "elapsed": 7.405817, "delta": 0.004987}}
{"target": -491.7241699048929, "params": {"gamma": 1.962311768641484, "lr": 0.673925993557942}, "datetime": {"datetime": "2024-06-13 22:26:40", "elapsed": 7.409806, "delta": 0.003989}}
