{"target": -150.3568885477388, "params": {"gamma": 3.0455479552792557, "prior": 8.63861535707258, "rate": 8.421949009551232}, "datetime": {"datetime": "2024-06-14 04:54:13", "elapsed": 9.268765, "delta": 0.009701}}
{"target": -203.21327312535266, "params": {"gamma": 4.246702488235933, "prior": 3.7004756377425694, "rate": 2.825092294877215}, "datetime": {"datetime": "2024-06-14 04:54:13", "elapsed": 9.27774, "delta": 0.008975}}
{"target": -290.9059587377147, "params": {"gamma": 9.93237460787099, "prior": 2.6319351668238067, "rate": 9.206835301993463}, "datetime": {"datetime": "2024-06-14 04:54:13", "elapsed": 9.287713, "delta": 0.009973}}
{"target": -189.40326452389448, "params": {"gamma": 4.283923802383466, "prior": 9.360727422179947, "rate": 8.38860949714763}, "datetime": {"datetime": "2024-06-14 04:54:13", "elapsed": 9.296689, "delta": 0.008976}}
{"target": -117.28490674979874, "params": {"gamma": 1.5586174788295128, "prior": 5.785405208073743, "rate": 6.7353566438421755}, "datetime": {"datetime": "2024-06-14 04:54:13", "elapsed": 9.306662, "delta": 0.009973}}
{"target": -185.4131271186629, "params": {"gamma": 4.058798239584453, "prior": 0.14828274037404324, "rate": 3.2539879663598352}, "datetime": {"datetime": "2024-06-14 04:54:13", "elapsed": 9.315638, "delta": 0.008976}}
{"target": -238.89161011504726, "params": {"gamma": 8.389610534784513, "prior": 0.7219574041509673, "rate": 1.0550920446467325}, "datetime": {"datetime": "2024-06-14 04:54:13", "elapsed": 9.325611, "delta": 0.009973}}
{"target": -262.50286234879366, "params": {"gamma": 7.0181716777726475, "prior": 5.190166850786258, "rate": 4.9821700831201285}, "datetime": {"datetime": "2024-06-14 04:54:13", "elapsed": 9.334588, "delta": 0.008977}}
{"target": -145.8423269082655, "params": {"gamma": 3.736723579545134, "prior": 6.074784805046058, "rate": 8.514836200003508}, "datetime": {"datetime": "2024-06-14 04:54:13", "elapsed": 9.344561, "delta": 0.009973}}
{"target": -182.61502218749558, "params": {"gamma": 2.7699536416334585, "prior": 8.463137492151986, "rate": 4.166774866572612}, "datetime": {"datetime": "2024-06-14 04:54:13", "elapsed": 9.353537, "delta": 0.008976}}
{"target": -318.99445070546085, "params": {"gamma": 5.010339139927012, "prior": 7.323271447824984, "rate": 2.5879583533585664}, "datetime": {"datetime": "2024-06-14 04:54:13", "elapsed": 9.363511, "delta": 0.009974}}
{"target": -351.69434457588625, "params": {"gamma": 9.216447549642744, "prior": 7.050487695865598, "rate": 6.189685300551793}, "datetime": {"datetime": "2024-06-14 04:54:13", "elapsed": 9.372486, "delta": 0.008975}}
{"target": -197.72192245074046, "params": {"gamma": 2.7308153642818653, "prior": 6.988899717958515, "rate": 2.5728902697861002}, "datetime": {"datetime": "2024-06-14 04:54:13", "elapsed": 9.381462, "delta": 0.008976}}
{"target": -295.00871515975706, "params": {"gamma": 8.164710250604447, "prior": 0.21357730472677, "rate": 1.6662098984717895}, "datetime": {"datetime": "2024-06-14 04:54:13", "elapsed": 9.391435, "delta": 0.009973}}
{"target": -264.19799322377327, "params": {"gamma": 5.578732058631829, "prior": 7.151581896064771, "rate": 4.925314058477191}, "datetime": {"datetime": "2024-06-14 04:54:13", "elapsed": 9.401409, "delta": 0.009974}}
{"target": -481.08594560202715, "params": {"gamma": 8.77821720529802, "prior": 9.761112381872845, "rate": 4.643306398374889}, "datetime": {"datetime": "2024-06-14 04:54:13", "elapsed": 9.410386, "delta": 0.008977}}
{"target": -232.70572160829266, "params": {"gamma": 7.680101807848576, "prior": 4.99824412495192, "rate": 6.651322684579871}, "datetime": {"datetime": "2024-06-14 04:54:13", "elapsed": 9.419361, "delta": 0.008975}}
{"target": -119.00743374604254, "params": {"gamma": 2.2495249246936897, "prior": 1.1844630004410581, "rate": 9.790110366804328}, "datetime": {"datetime": "2024-06-14 04:54:13", "elapsed": 9.429223, "delta": 0.009862}}
{"target": -222.7779373051306, "params": {"gamma": 8.150131602400142, "prior": 2.925296971250357, "rate": 5.858698015894784}, "datetime": {"datetime": "2024-06-14 04:54:14", "elapsed": 9.439197, "delta": 0.009974}}
{"target": -135.09217936283153, "params": {"gamma": 3.8013319815826336, "prior": 1.8457466036216705, "rate": 4.188932595381877}, "datetime": {"datetime": "2024-06-14 04:54:14", "elapsed": 9.448173, "delta": 0.008976}}
{"target": -143.75406670021528, "params": {"gamma": 2.9725807541730793, "prior": 0.2645786546757686, "rate": 3.8742957016810964}, "datetime": {"datetime": "2024-06-14 04:54:14", "elapsed": 9.457149, "delta": 0.008976}}
{"target": -412.37159590249956, "params": {"gamma": 9.209209125043717, "prior": 8.299182561203743, "rate": 5.741173477210314}, "datetime": {"datetime": "2024-06-14 04:54:14", "elapsed": 9.466631, "delta": 0.009482}}
{"target": -127.88894218221043, "params": {"gamma": 3.1871500009390448, "prior": 2.3895165193658316, "rate": 9.560239816725709}, "datetime": {"datetime": "2024-06-14 04:54:14", "elapsed": 9.476605, "delta": 0.009974}}
{"target": -205.21875848931245, "params": {"gamma": 5.646536380588049, "prior": 2.254292505235319, "rate": 2.4955710289351303}, "datetime": {"datetime": "2024-06-14 04:54:14", "elapsed": 9.485581, "delta": 0.008976}}
{"target": -545.9978724759634, "params": {"gamma": 9.59600242910666, "prior": 2.464259919634281, "rate": 1.068034169467023}, "datetime": {"datetime": "2024-06-14 04:54:14", "elapsed": 9.49529, "delta": 0.009709}}
{"target": -127.67003006317054, "params": {"gamma": 1.840435435586939, "prior": 7.685625588487398, "rate": 7.087933795056683}, "datetime": {"datetime": "2024-06-14 04:54:14", "elapsed": 9.505254, "delta": 0.009964}}
{"target": -224.08418933153035, "params": {"gamma": 4.379981305846461, "prior": 7.958664620452609, "rate": 5.1756094087340525}, "datetime": {"datetime": "2024-06-14 04:54:14", "elapsed": 9.51423, "delta": 0.008976}}
{"target": -164.01752861155975, "params": {"gamma": 4.136568013129941, "prior": 1.262675168653137, "rate": 8.839226748297556}, "datetime": {"datetime": "2024-06-14 04:54:14", "elapsed": 9.524203, "delta": 0.009973}}
{"target": -124.57515250415491, "params": {"gamma": 2.7566565508887577, "prior": 6.200981160965617, "rate": 9.8458132098281}, "datetime": {"datetime": "2024-06-14 04:54:14", "elapsed": 9.533179, "delta": 0.008976}}
{"target": -140.05165108093092, "params": {"gamma": 1.8949908024154942, "prior": 9.655361118751124, "rate": 6.527500968888528}, "datetime": {"datetime": "2024-06-14 04:54:14", "elapsed": 9.543153, "delta": 0.009974}}
{"target": -114.24755154154909, "params": {"gamma": 1.28818731436088, "prior": 7.742078746123179, "rate": 9.51780600679268}, "datetime": {"datetime": "2024-06-14 04:54:14", "elapsed": 9.552128, "delta": 0.008975}}
{"target": -498.1154155549959, "params": {"gamma": 5.628242716344561, "prior": 6.916696477605665, "rate": 0.26445244082095803}, "datetime": {"datetime": "2024-06-14 04:54:14", "elapsed": 9.562102, "delta": 0.009974}}
{"target": -799.2691335604709, "params": {"gamma": 9.890767779393961, "prior": 3.252725486155457, "rate": 0.24001388988282726}, "datetime": {"datetime": "2024-06-14 04:54:14", "elapsed": 9.571583, "delta": 0.009481}}
{"target": -345.19499894092814, "params": {"gamma": 8.08583294059341, "prior": 9.735200262493974, "rate": 7.376147510656895}, "datetime": {"datetime": "2024-06-14 04:54:14", "elapsed": 9.580559, "delta": 0.008976}}
{"target": -146.5901164897142, "params": {"gamma": 0.028355324647958178, "prior": 0.7272690626029495, "rate": 5.843109782870581}, "datetime": {"datetime": "2024-06-14 04:54:14", "elapsed": 9.590533, "delta": 0.009974}}
{"target": -157.02018412408117, "params": {"gamma": 3.3578153624482754, "prior": 8.830151459442787, "rate": 8.736820024200027}, "datetime": {"datetime": "2024-06-14 04:54:14", "elapsed": 9.599509, "delta": 0.008976}}
{"target": -296.4329466834204, "params": {"gamma": 9.875201568135711, "prior": 7.186736493818677, "rate": 8.768960114386706}, "datetime": {"datetime": "2024-06-14 04:54:14", "elapsed": 9.609482, "delta": 0.009973}}
{"target": -139.42773191914245, "params": {"gamma": 3.197181468508664, "prior": 1.20065182400608, "rate": 8.653775693718016}, "datetime": {"datetime": "2024-06-14 04:54:14", "elapsed": 9.618491, "delta": 0.009009}}
{"target": -130.27107644598996, "params": {"gamma": 3.035422507017289, "prior": 4.251389751852173, "rate": 6.460656540458656}, "datetime": {"datetime": "2024-06-14 04:54:14", "elapsed": 9.628431, "delta": 0.00994}}
{"target": -241.8969205079568, "params": {"gamma": 6.051386242420971, "prior": 4.267138536697311, "rate": 3.862118968194065}, "datetime": {"datetime": "2024-06-14 04:54:14", "elapsed": 9.638405, "delta": 0.009974}}
{"target": -141.1301742719005, "params": {"gamma": 1.227687737548204, "prior": 5.385232654603825, "rate": 2.329308118342716}, "datetime": {"datetime": "2024-06-14 04:54:14", "elapsed": 9.647381, "delta": 0.008976}}
{"target": -596.2958148772926, "params": {"gamma": 7.548323703153514, "prior": 6.78121878322855, "rate": 0.7201977211273354}, "datetime": {"datetime": "2024-06-14 04:54:14", "elapsed": 9.657354, "delta": 0.009973}}
{"target": -644.8127176457157, "params": {"gamma": 9.892657582673268, "prior": 7.826523662185978, "rate": 2.279031043019085}, "datetime": {"datetime": "2024-06-14 04:54:14", "elapsed": 9.66633, "delta": 0.008976}}
{"target": -134.86228554529808, "params": {"gamma": 0.30839744067862085, "prior": 4.835881127609816, "rate": 3.5280716325732393}, "datetime": {"datetime": "2024-06-14 04:54:14", "elapsed": 9.676303, "delta": 0.009973}}
{"target": -192.62454512030737, "params": {"gamma": 5.465568482142916, "prior": 6.630673158706719, "rate": 7.972400853780025}, "datetime": {"datetime": "2024-06-14 04:54:14", "elapsed": 9.68528, "delta": 0.008977}}
{"target": -145.20368700184463, "params": {"gamma": 0.1364299240444373, "prior": 7.171525587400897, "rate": 2.95384434705289}, "datetime": {"datetime": "2024-06-14 04:54:14", "elapsed": 9.695253, "delta": 0.009973}}
{"target": -452.6116239753006, "params": {"gamma": 9.864039353798532, "prior": 8.47779313281904, "rate": 5.604451409666734}, "datetime": {"datetime": "2024-06-14 04:54:14", "elapsed": 9.704229, "delta": 0.008976}}
{"target": -211.20249668848936, "params": {"gamma": 5.9780590880830164, "prior": 2.001549162745117, "rate": 2.263289634282068}, "datetime": {"datetime": "2024-06-14 04:54:14", "elapsed": 9.714202, "delta": 0.009973}}
{"target": -160.94819076288255, "params": {"gamma": 1.5409777702011733, "prior": 3.8403541198979734, "rate": 1.1204424879714694}, "datetime": {"datetime": "2024-06-14 04:54:14", "elapsed": 9.723178, "delta": 0.008976}}
{"target": -379.97129190980064, "params": {"gamma": 5.113217663448985, "prior": 6.420931758475319, "rate": 1.2230015699915957}, "datetime": {"datetime": "2024-06-14 04:54:14", "elapsed": 9.733151, "delta": 0.009973}}
{"target": -143.9203123425268, "params": {"gamma": 3.442619392943751, "prior": 0.7964440088835576, "rate": 5.25808611153342}, "datetime": {"datetime": "2024-06-14 04:54:14", "elapsed": 9.742128, "delta": 0.008977}}
{"target": -207.7982332853194, "params": {"gamma": 6.503247402260852, "prior": 6.193174199613517, "rate": 8.138881758532042}, "datetime": {"datetime": "2024-06-14 04:54:14", "elapsed": 9.751103, "delta": 0.008975}}
{"target": -167.99300410700354, "params": {"gamma": 2.3564267987877012, "prior": 6.220000234220411, "rate": 3.028982363807174}, "datetime": {"datetime": "2024-06-14 04:54:14", "elapsed": 9.761105, "delta": 0.010002}}
{"target": -150.2418788064299, "params": {"gamma": 0.8885882930853439, "prior": 3.1220885685015505, "rate": 0.7144933929712171}, "datetime": {"datetime": "2024-06-14 04:54:14", "elapsed": 9.77105, "delta": 0.009945}}
{"target": -724.9788010704817, "params": {"gamma": 9.585783535985689, "prior": 7.2989378057766, "rate": 1.0155071173822163}, "datetime": {"datetime": "2024-06-14 04:54:14", "elapsed": 9.780026, "delta": 0.008976}}
{"target": -221.47358234040647, "params": {"gamma": 7.862906954163588, "prior": 3.5863380649556653, "rate": 9.1144399680976}, "datetime": {"datetime": "2024-06-14 04:54:14", "elapsed": 9.789999, "delta": 0.009973}}
{"target": -347.26982046423876, "params": {"gamma": 4.955478850036387, "prior": 8.739657957550234, "rate": 2.206077417642493}, "datetime": {"datetime": "2024-06-14 04:54:14", "elapsed": 9.798976, "delta": 0.008977}}
{"target": -267.37643783435874, "params": {"gamma": 3.6725560667067523, "prior": 3.731685727367989, "rate": 0.9722296833512493}, "datetime": {"datetime": "2024-06-14 04:54:14", "elapsed": 9.808949, "delta": 0.009973}}
{"target": -178.6885017510188, "params": {"gamma": 3.310813326223882, "prior": 6.6311270580041155, "rate": 4.665968370246033}, "datetime": {"datetime": "2024-06-14 04:54:14", "elapsed": 9.817928, "delta": 0.008979}}
{"target": -262.77037786445413, "params": {"gamma": 8.792436465874568, "prior": 2.769735637264448, "rate": 3.5488386678677664}, "datetime": {"datetime": "2024-06-14 04:54:14", "elapsed": 9.827901, "delta": 0.009973}}
{"target": -225.1121643120855, "params": {"gamma": 3.2042225472159718, "prior": 5.562205909154905, "rate": 1.8830059366472722}, "datetime": {"datetime": "2024-06-14 04:54:14", "elapsed": 9.836877, "delta": 0.008976}}
{"target": -155.96544804574626, "params": {"gamma": 1.7332694708102208, "prior": 9.4008710496637, "rate": 3.767100489749554}, "datetime": {"datetime": "2024-06-14 04:54:14", "elapsed": 9.846546, "delta": 0.009669}}
{"target": -174.99816672087306, "params": {"gamma": 5.871394250695616, "prior": 0.6460056416863561, "rate": 1.409439110996769}, "datetime": {"datetime": "2024-06-14 04:54:14", "elapsed": 9.856519, "delta": 0.009973}}
{"target": -163.43290936969117, "params": {"gamma": 0.964489160060572, "prior": 8.139944122785648, "rate": 1.0323646790520586}, "datetime": {"datetime": "2024-06-14 04:54:14", "elapsed": 9.865495, "delta": 0.008976}}
{"target": -164.74706206785905, "params": {"gamma": 5.163644140749812, "prior": 1.6402211901215338, "rate": 2.7888887375330564}, "datetime": {"datetime": "2024-06-14 04:54:14", "elapsed": 9.875469, "delta": 0.009974}}
{"target": -245.16506137938575, "params": {"gamma": 8.826137423028198, "prior": 6.352778274796015, "rate": 9.636663439420486}, "datetime": {"datetime": "2024-06-14 04:54:14", "elapsed": 9.884445, "delta": 0.008976}}
{"target": -257.6572566656991, "params": {"gamma": 5.997543941794315, "prior": 0.19424519054392425, "rate": 4.156994414198696}, "datetime": {"datetime": "2024-06-14 04:54:14", "elapsed": 9.894983, "delta": 0.010538}}
{"target": -132.85763443573308, "params": {"gamma": 0.22539510183243922, "prior": 3.20844484766477, "rate": 4.816767682276697}, "datetime": {"datetime": "2024-06-14 04:54:14", "elapsed": 9.903959, "delta": 0.008976}}
{"target": -172.74551836881724, "params": {"gamma": 5.755017951896957, "prior": 2.4626370089964063, "rate": 5.583307497898072}, "datetime": {"datetime": "2024-06-14 04:54:14", "elapsed": 9.912935, "delta": 0.008976}}
{"target": -254.0116643121328, "params": {"gamma": 3.949806420938232, "prior": 5.115163656318577, "rate": 1.9604741784106727}, "datetime": {"datetime": "2024-06-14 04:54:14", "elapsed": 9.922908, "delta": 0.009973}}
{"target": -148.36175415909995, "params": {"gamma": 1.5683593484243095, "prior": 7.5697183752636255, "rate": 3.3004023148263886}, "datetime": {"datetime": "2024-06-14 04:54:14", "elapsed": 9.931884, "delta": 0.008976}}
{"target": -193.03432288173548, "params": {"gamma": 6.442312729689626, "prior": 5.698010406246365, "rate": 8.995409627944824}, "datetime": {"datetime": "2024-06-14 04:54:14", "elapsed": 9.941857, "delta": 0.009973}}
{"target": -491.45941217167314, "params": {"gamma": 8.806955495452243, "prior": 4.486802863235155, "rate": 2.048146129836078}, "datetime": {"datetime": "2024-06-14 04:54:14", "elapsed": 9.950833, "delta": 0.008976}}
{"target": -225.3836334764282, "params": {"gamma": 6.322291560542967, "prior": 6.404676155930846, "rate": 6.92448261628265}, "datetime": {"datetime": "2024-06-14 04:54:14", "elapsed": 9.960807, "delta": 0.009974}}
{"target": -370.8873419168, "params": {"gamma": 9.074824554145266, "prior": 7.847551682641525, "rate": 6.253284067622613}, "datetime": {"datetime": "2024-06-14 04:54:14", "elapsed": 9.97078, "delta": 0.009973}}
{"target": -182.95844024258304, "params": {"gamma": 6.010054988385501, "prior": 2.2063144570746065, "rate": 6.514002254616683}, "datetime": {"datetime": "2024-06-14 04:54:14", "elapsed": 9.979756, "delta": 0.008976}}
{"target": -290.0580546817751, "params": {"gamma": 8.145187207595269, "prior": 9.230992560443674, "rate": 9.166584470697245}, "datetime": {"datetime": "2024-06-14 04:54:14", "elapsed": 9.989729, "delta": 0.009973}}
{"target": -192.50704347996378, "params": {"gamma": 5.611426959920494, "prior": 2.6723563598308284, "rate": 3.338640770780343}, "datetime": {"datetime": "2024-06-14 04:54:14", "elapsed": 9.998705, "delta": 0.008976}}
{"target": -268.75068781618245, "params": {"gamma": 9.977625893322635, "prior": 5.303418103356411, "rate": 8.159250821705387}, "datetime": {"datetime": "2024-06-14 04:54:14", "elapsed": 10.008679, "delta": 0.009974}}
{"target": -281.4407883715531, "params": {"gamma": 5.970564861657937, "prior": 5.1186108345504335, "rate": 3.4860476134416722}, "datetime": {"datetime": "2024-06-14 04:54:14", "elapsed": 10.017655, "delta": 0.008976}}
{"target": -252.33318838392253, "params": {"gamma": 5.378167511784794, "prior": 0.16667359924261277, "rate": 8.766981380159143}, "datetime": {"datetime": "2024-06-14 04:54:14", "elapsed": 10.027628, "delta": 0.009973}}
{"target": -245.82175208704342, "params": {"gamma": 5.615303328845261, "prior": 0.340386110714318, "rate": 8.181929278566322}, "datetime": {"datetime": "2024-06-14 04:54:14", "elapsed": 10.036604, "delta": 0.008976}}
{"target": -105.60010102307088, "params": {"gamma": 1.3544085542298703, "prior": 0.4033231110996103, "rate": 4.623891705947023}, "datetime": {"datetime": "2024-06-14 04:54:14", "elapsed": 10.046577, "delta": 0.009973}}
{"target": -450.0750587409002, "params": {"gamma": 9.606606296174677, "prior": 1.0267810597935034, "rate": 0.656919562834297}, "datetime": {"datetime": "2024-06-14 04:54:14", "elapsed": 10.055553, "delta": 0.008976}}
{"target": -308.8652365579169, "params": {"gamma": 8.799475826643015, "prior": 8.231583211278556, "rate": 8.199874253028593}, "datetime": {"datetime": "2024-06-14 04:54:14", "elapsed": 10.065527, "delta": 0.009974}}
{"target": -197.77985418760753, "params": {"gamma": 4.678712660105902, "prior": 4.3321717361492516, "rate": 4.011281986039528}, "datetime": {"datetime": "2024-06-14 04:54:14", "elapsed": 10.074503, "delta": 0.008976}}
{"target": -213.33703127189352, "params": {"gamma": 5.822568206350932, "prior": 7.316809626823501, "rate": 7.843135731493912}, "datetime": {"datetime": "2024-06-14 04:54:14", "elapsed": 10.084476, "delta": 0.009973}}
{"target": -293.5973416467906, "params": {"gamma": 6.548337076416619, "prior": 5.668415030292531, "rate": 4.1245136895947505}, "datetime": {"datetime": "2024-06-14 04:54:14", "elapsed": 10.093514, "delta": 0.009038}}
{"target": -152.01498301915657, "params": {"gamma": 3.1998307053765016, "prior": 2.9338531489792334, "rate": 2.9624710073123492}, "datetime": {"datetime": "2024-06-14 04:54:14", "elapsed": 10.103426, "delta": 0.009912}}
{"target": -291.6970439447212, "params": {"gamma": 6.827845908778269, "prior": 7.648167703379835, "rate": 5.976600250112773}, "datetime": {"datetime": "2024-06-14 04:54:14", "elapsed": 10.113399, "delta": 0.009973}}
{"target": -110.9689762434818, "params": {"gamma": 2.229416058643355, "prior": 2.0245107029967566, "rate": 7.657095501588769}, "datetime": {"datetime": "2024-06-14 04:54:14", "elapsed": 10.122375, "delta": 0.008976}}
{"target": -363.46547581270346, "params": {"gamma": 9.786959495931479, "prior": 0.257508619766369, "rate": 2.489732521683815}, "datetime": {"datetime": "2024-06-14 04:54:14", "elapsed": 10.132348, "delta": 0.009973}}
{"target": -495.32094973039807, "params": {"gamma": 7.923336404835708, "prior": 7.219736447758213, "rate": 2.4605535974366086}, "datetime": {"datetime": "2024-06-14 04:54:14", "elapsed": 10.141325, "delta": 0.008977}}
{"target": -192.98439199771747, "params": {"gamma": 5.549368918377377, "prior": 5.897299361580305, "rate": 7.21412138219565}, "datetime": {"datetime": "2024-06-14 04:54:14", "elapsed": 10.151297, "delta": 0.009972}}
{"target": -218.4929863706803, "params": {"gamma": 4.637273438415798, "prior": 4.1079998680749545, "rate": 3.080786698738075}, "datetime": {"datetime": "2024-06-14 04:54:14", "elapsed": 10.161271, "delta": 0.009974}}
{"target": -118.90755793564557, "params": {"gamma": 2.3838507751598206, "prior": 1.0157832456909792, "rate": 6.4591879907890055}, "datetime": {"datetime": "2024-06-14 04:54:14", "elapsed": 10.170247, "delta": 0.008976}}
{"target": -630.793416566236, "params": {"gamma": 6.696034914953822, "prior": 6.904700391776786, "rate": 0.03245405892326011}, "datetime": {"datetime": "2024-06-14 04:54:14", "elapsed": 10.18022, "delta": 0.009973}}
{"target": -153.8563261951595, "params": {"gamma": 4.383092072177341, "prior": 1.3132783126224954, "rate": 5.266566747727368}, "datetime": {"datetime": "2024-06-14 04:54:14", "elapsed": 10.189196, "delta": 0.008976}}
{"target": -417.3739960092006, "params": {"gamma": 9.797416469397842, "prior": 5.042842408537047, "rate": 3.747125142755934}, "datetime": {"datetime": "2024-06-14 04:54:14", "elapsed": 10.199169, "delta": 0.009973}}
{"target": -530.3829533222481, "params": {"gamma": 8.13858608395356, "prior": 9.685194238622525, "rate": 2.8719466519104246}, "datetime": {"datetime": "2024-06-14 04:54:14", "elapsed": 10.208146, "delta": 0.008977}}
{"target": -628.2561292784894, "params": {"gamma": 8.030197397425262, "prior": 9.96180022989637, "rate": 1.1191305732763266}, "datetime": {"datetime": "2024-06-14 04:54:14", "elapsed": 10.218119, "delta": 0.009973}}
