{"target": -252.08453186469748, "params": {"gamma": 3.957087074403221, "prior": 7.740012975913038, "rate": 2.512780630310517}, "datetime": {"datetime": "2024-06-14 06:59:09", "elapsed": 5.491149, "delta": 0.008976}}
{"target": -548.0892836397945, "params": {"gamma": 6.557951918265758, "prior": 9.60793176737818, "rate": 0.03654404988379601}, "datetime": {"datetime": "2024-06-14 06:59:09", "elapsed": 5.500125, "delta": 0.008976}}
{"target": -268.18388015348347, "params": {"gamma": 7.233887082898668, "prior": 1.1790508359034728, "rate": 5.438331129146589}, "datetime": {"datetime": "2024-06-14 06:59:09", "elapsed": 5.509639, "delta": 0.009514}}
{"target": -232.74792472643068, "params": {"gamma": 6.269533250786666, "prior": 2.5051765451309316, "rate": 9.138524908590835}, "datetime": {"datetime": "2024-06-14 06:59:09", "elapsed": 5.518614, "delta": 0.008975}}
{"target": -227.83478687502898, "params": {"gamma": 6.223502974387487, "prior": 2.393777444809113, "rate": 7.701551743810476}, "datetime": {"datetime": "2024-06-14 06:59:09", "elapsed": 5.528587, "delta": 0.009973}}
{"target": -159.46361533670367, "params": {"gamma": 1.0559652928933503, "prior": 5.596730653460311, "rate": 0.9504657419551125}, "datetime": {"datetime": "2024-06-14 06:59:09", "elapsed": 5.537563, "delta": 0.008976}}
{"target": -213.38272892641925, "params": {"gamma": 5.810259742677521, "prior": 2.604503115929865, "rate": 6.495018612739509}, "datetime": {"datetime": "2024-06-14 06:59:09", "elapsed": 5.546119, "delta": 0.008556}}
{"target": -269.13278864522346, "params": {"gamma": 7.158553701628942, "prior": 5.289437584229746, "rate": 6.575556555623399}, "datetime": {"datetime": "2024-06-14 06:59:09", "elapsed": 5.555095, "delta": 0.008976}}
{"target": -356.7308538382122, "params": {"gamma": 8.133125159405232, "prior": 8.094371489266019, "rate": 6.197200238546574}, "datetime": {"datetime": "2024-06-14 06:59:09", "elapsed": 5.565069, "delta": 0.009974}}
{"target": -183.276996004451, "params": {"gamma": 4.511573518745629, "prior": 4.1387048915689375, "rate": 8.74760145142373}, "datetime": {"datetime": "2024-06-14 06:59:09", "elapsed": 5.574044, "delta": 0.008975}}
{"target": -245.17340416749494, "params": {"gamma": 7.029614389411599, "prior": 1.9308567214966765, "rate": 5.657755734146004}, "datetime": {"datetime": "2024-06-14 06:59:09", "elapsed": 5.58302, "delta": 0.008976}}
{"target": -330.03530662464124, "params": {"gamma": 9.08817151496827, "prior": 1.5918309232578849, "rate": 8.455331237631533}, "datetime": {"datetime": "2024-06-14 06:59:09", "elapsed": 5.591996, "delta": 0.008976}}
{"target": -589.7674059305382, "params": {"gamma": 8.202204460687183, "prior": 5.043476902848561, "rate": 0.37680093100554635}, "datetime": {"datetime": "2024-06-14 06:59:09", "elapsed": 5.600972, "delta": 0.008976}}
{"target": -192.5550708126609, "params": {"gamma": 1.4758775514639575, "prior": 9.234123077417845, "rate": 0.4425038055225927}, "datetime": {"datetime": "2024-06-14 06:59:09", "elapsed": 5.610946, "delta": 0.009974}}
{"target": -242.54964969467045, "params": {"gamma": 3.7256151652871896, "prior": 6.228492383782162, "rate": 1.9702834411012529}, "datetime": {"datetime": "2024-06-14 06:59:09", "elapsed": 5.619922, "delta": 0.008976}}
{"target": -319.32449293794235, "params": {"gamma": 9.810816492645733, "prior": 1.6441548071298822, "rate": 5.3972522724175835}, "datetime": {"datetime": "2024-06-14 06:59:09", "elapsed": 5.628897, "delta": 0.008975}}
{"target": -222.90513981527988, "params": {"gamma": 6.180495232142101, "prior": 2.3868004918300687, "rate": 4.663623583104205}, "datetime": {"datetime": "2024-06-14 06:59:09", "elapsed": 5.638871, "delta": 0.009974}}
{"target": -229.4775049688896, "params": {"gamma": 4.91059428280016, "prior": 7.691937525632765, "rate": 6.343173246985961}, "datetime": {"datetime": "2024-06-14 06:59:09", "elapsed": 5.647847, "delta": 0.008976}}
{"target": -235.14327417766526, "params": {"gamma": 4.676032980600331, "prior": 6.702731177620354, "rate": 4.534320887795462}, "datetime": {"datetime": "2024-06-14 06:59:09", "elapsed": 5.656823, "delta": 0.008976}}
{"target": -329.58655779798096, "params": {"gamma": 5.257590201822755, "prior": 6.619823611427782, "rate": 1.8127726241566626}, "datetime": {"datetime": "2024-06-14 06:59:09", "elapsed": 5.665799, "delta": 0.008976}}
{"target": -271.3379627588299, "params": {"gamma": 7.8807074621719, "prior": 6.068366841630134, "rate": 9.80334851848814}, "datetime": {"datetime": "2024-06-14 06:59:09", "elapsed": 5.674775, "delta": 0.008976}}
{"target": -135.8335845357339, "params": {"gamma": 2.2246095521182263, "prior": 4.716038094249078, "rate": 8.956522384191866}, "datetime": {"datetime": "2024-06-14 06:59:09", "elapsed": 5.683786, "delta": 0.009011}}
{"target": -304.3561865710192, "params": {"gamma": 6.014732663578183, "prior": 7.286992573903269, "rate": 4.137287971849402}, "datetime": {"datetime": "2024-06-14 06:59:09", "elapsed": 5.693724, "delta": 0.009938}}
{"target": -438.99227240831095, "params": {"gamma": 6.843411908691368, "prior": 9.465944795490875, "rate": 2.0026604713274816}, "datetime": {"datetime": "2024-06-14 06:59:09", "elapsed": 5.702701, "delta": 0.008977}}
{"target": -635.1454250065399, "params": {"gamma": 8.073845273509328, "prior": 9.698426319788975, "rate": 0.146672748901554}, "datetime": {"datetime": "2024-06-14 06:59:09", "elapsed": 5.711676, "delta": 0.008975}}
{"target": -138.79936831987362, "params": {"gamma": 2.152880656357681, "prior": 1.2620315110999845, "rate": 7.674467753896792}, "datetime": {"datetime": "2024-06-14 06:59:09", "elapsed": 5.720652, "delta": 0.008976}}
{"target": -142.46986278254073, "params": {"gamma": 0.8130846428413901, "prior": 9.984294230049985, "rate": 3.8967305467771722}, "datetime": {"datetime": "2024-06-14 06:59:09", "elapsed": 5.729628, "delta": 0.008976}}
{"target": -291.10719760884933, "params": {"gamma": 9.05212245656447, "prior": 1.9669182746447318, "rate": 4.409281126023087}, "datetime": {"datetime": "2024-06-14 06:59:09", "elapsed": 5.739601, "delta": 0.009973}}
{"target": -368.1268144040144, "params": {"gamma": 8.448273378243028, "prior": 5.993170828665236, "rate": 4.6221188088168805}, "datetime": {"datetime": "2024-06-14 06:59:09", "elapsed": 5.748578, "delta": 0.008977}}
{"target": -242.91939389054062, "params": {"gamma": 5.12698481782442, "prior": 5.781466716234239, "rate": 4.403751756648346}, "datetime": {"datetime": "2024-06-14 06:59:09", "elapsed": 5.757553, "delta": 0.008975}}
{"target": -135.6549361419006, "params": {"gamma": 1.936396018280381, "prior": 1.2282610384459451, "rate": 1.5131280457741099}, "datetime": {"datetime": "2024-06-14 06:59:09", "elapsed": 5.76653, "delta": 0.008977}}
{"target": -128.31474925258507, "params": {"gamma": 0.5258571475674859, "prior": 5.630896469529952, "rate": 8.47736241934607}, "datetime": {"datetime": "2024-06-14 06:59:09", "elapsed": 5.775505, "delta": 0.008975}}
{"target": -172.17369449568787, "params": {"gamma": 3.5918342699021832, "prior": 0.8455776390945964, "rate": 4.257818395439178}, "datetime": {"datetime": "2024-06-14 06:59:09", "elapsed": 5.784482, "delta": 0.008977}}
{"target": -219.68110892967695, "params": {"gamma": 6.020476376881542, "prior": 4.311494309198812, "rate": 8.107401614840093}, "datetime": {"datetime": "2024-06-14 06:59:09", "elapsed": 5.793486, "delta": 0.009004}}
{"target": -398.95424760225416, "params": {"gamma": 9.418920575620866, "prior": 8.71211665535671, "rate": 7.040290983300606}, "datetime": {"datetime": "2024-06-14 06:59:09", "elapsed": 5.803461, "delta": 0.009975}}
{"target": -399.50703149979057, "params": {"gamma": 4.7035189488969715, "prior": 6.858710624742188, "rate": 0.13516968725473882}, "datetime": {"datetime": "2024-06-14 06:59:09", "elapsed": 5.812407, "delta": 0.008946}}
{"target": -347.99811232405085, "params": {"gamma": 9.824798706901937, "prior": 1.8035655851060701, "rate": 9.062697699220857}, "datetime": {"datetime": "2024-06-14 06:59:09", "elapsed": 5.821383, "delta": 0.008976}}
{"target": -463.9681554675246, "params": {"gamma": 8.071291906759395, "prior": 8.02138287543118, "rate": 2.690091641792864}, "datetime": {"datetime": "2024-06-14 06:59:09", "elapsed": 5.831356, "delta": 0.009973}}
{"target": -135.0996752115174, "params": {"gamma": 2.1923189037668234, "prior": 4.345126859849478, "rate": 8.493861636205818}, "datetime": {"datetime": "2024-06-14 06:59:09", "elapsed": 5.840332, "delta": 0.008976}}
{"target": -268.9187036525629, "params": {"gamma": 4.5043460450747315, "prior": 9.360659128669912, "rate": 3.5274405931901285}, "datetime": {"datetime": "2024-06-14 06:59:09", "elapsed": 5.849308, "delta": 0.008976}}
{"target": -297.4195984761821, "params": {"gamma": 6.194302264801901, "prior": 9.808920459922224, "rate": 6.434981759885809}, "datetime": {"datetime": "2024-06-14 06:59:09", "elapsed": 5.858284, "delta": 0.008976}}
{"target": -136.24760785157326, "params": {"gamma": 0.45593666218999723, "prior": 4.6892152004219465, "rate": 3.348178685792924}, "datetime": {"datetime": "2024-06-14 06:59:09", "elapsed": 5.86726, "delta": 0.008976}}
{"target": -300.03263874832396, "params": {"gamma": 5.322283303668225, "prior": 2.9189874652700007, "rate": 1.223490041069798}, "datetime": {"datetime": "2024-06-14 06:59:09", "elapsed": 5.877233, "delta": 0.009973}}
{"target": -253.98492677896115, "params": {"gamma": 6.683221598519268, "prior": 6.845461573423933, "rate": 8.671525860690885}, "datetime": {"datetime": "2024-06-14 06:59:09", "elapsed": 5.88621, "delta": 0.008977}}
{"target": -130.10724290890184, "params": {"gamma": 1.3246825541338114, "prior": 8.006341051952507, "rate": 8.267860615312884}, "datetime": {"datetime": "2024-06-14 06:59:09", "elapsed": 5.895186, "delta": 0.008976}}
{"target": -249.89164324625435, "params": {"gamma": 6.465852807575769, "prior": 2.128729243228275, "rate": 2.6149457233439732}, "datetime": {"datetime": "2024-06-14 06:59:09", "elapsed": 5.904162, "delta": 0.008976}}
{"target": -202.20562869525898, "params": {"gamma": 4.185549678574218, "prior": 5.46381082054904, "rate": 4.774902117966579}, "datetime": {"datetime": "2024-06-14 06:59:09", "elapsed": 5.913137, "delta": 0.008975}}
{"target": -208.21140267280816, "params": {"gamma": 4.67513146056165, "prior": 8.414423030956907, "rate": 8.70115355071037}, "datetime": {"datetime": "2024-06-14 06:59:09", "elapsed": 5.923111, "delta": 0.009974}}
{"target": -381.43851830540973, "params": {"gamma": 8.16772288980329, "prior": 8.790234044483526, "rate": 5.710516610608794}, "datetime": {"datetime": "2024-06-14 06:59:09", "elapsed": 5.932087, "delta": 0.008976}}
{"target": -375.105405933744, "params": {"gamma": 9.64039729725748, "prior": 6.104789047679629, "rate": 6.039873463055735}, "datetime": {"datetime": "2024-06-14 06:59:09", "elapsed": 5.941063, "delta": 0.008976}}
{"target": -272.4448320021439, "params": {"gamma": 3.193658073009114, "prior": 6.843921422758488, "rate": 0.5206049193651046}, "datetime": {"datetime": "2024-06-14 06:59:09", "elapsed": 5.950039, "delta": 0.008976}}
{"target": -122.07856788285396, "params": {"gamma": 1.3463296636984106, "prior": 1.3893974589703744, "rate": 6.5523576709601326}, "datetime": {"datetime": "2024-06-14 06:59:09", "elapsed": 5.959015, "delta": 0.008976}}
{"target": -187.47279296071451, "params": {"gamma": 1.7541505851216117, "prior": 3.4773535501903177, "rate": 0.44407224667521283}, "datetime": {"datetime": "2024-06-14 06:59:09", "elapsed": 5.968988, "delta": 0.009973}}
{"target": -165.88361918851223, "params": {"gamma": 2.33810986680499, "prior": 9.645820816008012, "rate": 5.091884885761161}, "datetime": {"datetime": "2024-06-14 06:59:09", "elapsed": 5.977965, "delta": 0.008977}}
{"target": -125.52657822493522, "params": {"gamma": 1.5115941101958479, "prior": 5.277784464171196, "rate": 9.435150329726897}, "datetime": {"datetime": "2024-06-14 06:59:09", "elapsed": 5.987938, "delta": 0.009973}}
{"target": -388.2797269908023, "params": {"gamma": 8.656994454049334, "prior": 3.98145210241083, "rate": 2.8393912922180533}, "datetime": {"datetime": "2024-06-14 06:59:09", "elapsed": 5.996914, "delta": 0.008976}}
{"target": -301.57621907875335, "params": {"gamma": 7.617536897064726, "prior": 2.4807948155505692, "rate": 2.5430693142188665}, "datetime": {"datetime": "2024-06-14 06:59:09", "elapsed": 6.00589, "delta": 0.008976}}
{"target": -138.3435468844532, "params": {"gamma": 0.841779455445115, "prior": 8.655026538163867, "rate": 4.4795412572871784}, "datetime": {"datetime": "2024-06-14 06:59:09", "elapsed": 6.014866, "delta": 0.008976}}
{"target": -233.89954118264743, "params": {"gamma": 5.618300819839127, "prior": 7.393438481165847, "rate": 7.965092182444826}, "datetime": {"datetime": "2024-06-14 06:59:09", "elapsed": 6.024791, "delta": 0.009925}}
{"target": -191.6406454295085, "params": {"gamma": 4.475633881764149, "prior": 1.9228628061404038, "rate": 8.287499782431489}, "datetime": {"datetime": "2024-06-14 06:59:09", "elapsed": 6.033767, "delta": 0.008976}}
{"target": -139.7839823103298, "params": {"gamma": 0.3109486003227299, "prior": 9.47260986911873, "rate": 5.770201486928539}, "datetime": {"datetime": "2024-06-14 06:59:09", "elapsed": 6.042743, "delta": 0.008976}}
{"target": -474.02065259022424, "params": {"gamma": 8.754011995768419, "prior": 6.124797826038231, "rate": 2.5173441819390847}, "datetime": {"datetime": "2024-06-14 06:59:09", "elapsed": 6.051719, "delta": 0.008976}}
{"target": -150.56228420364417, "params": {"gamma": 2.962003105035548, "prior": 5.375933334413366, "rate": 9.620820050258088}, "datetime": {"datetime": "2024-06-14 06:59:09", "elapsed": 6.060695, "delta": 0.008976}}
{"target": -146.57276313154392, "params": {"gamma": 1.8457715492972864, "prior": 5.147993943616779, "rate": 3.4385372462650072}, "datetime": {"datetime": "2024-06-14 06:59:09", "elapsed": 6.069671, "delta": 0.008976}}
{"target": -388.7006358683643, "params": {"gamma": 7.697483724226901, "prior": 8.048378215680998, "rate": 4.246174543111865}, "datetime": {"datetime": "2024-06-14 06:59:09", "elapsed": 6.079644, "delta": 0.009973}}
{"target": -131.77814266663276, "params": {"gamma": 2.042020877443364, "prior": 0.7641856572556677, "rate": 1.9872839959411943}, "datetime": {"datetime": "2024-06-14 06:59:09", "elapsed": 6.08862, "delta": 0.008976}}
{"target": -148.3085939612974, "params": {"gamma": 2.7247361004436925, "prior": 6.028010287301183, "rate": 8.730961889247082}, "datetime": {"datetime": "2024-06-14 06:59:10", "elapsed": 6.097596, "delta": 0.008976}}
{"target": -136.0161351145633, "params": {"gamma": 1.2831811575160175, "prior": 9.58606854297747, "rate": 6.832025267697611}, "datetime": {"datetime": "2024-06-14 06:59:10", "elapsed": 6.106572, "delta": 0.008976}}
{"target": -402.3812621370567, "params": {"gamma": 7.419900392548125, "prior": 9.830519780617808, "rate": 4.161591625408803}, "datetime": {"datetime": "2024-06-14 06:59:10", "elapsed": 6.115548, "delta": 0.008976}}
{"target": -250.8552617726471, "params": {"gamma": 5.316303075493122, "prior": 6.824208206937614, "rate": 5.129238550757324}, "datetime": {"datetime": "2024-06-14 06:59:10", "elapsed": 6.12503, "delta": 0.009482}}
{"target": -150.0979829497405, "params": {"gamma": 2.991824334263695, "prior": 1.143308260027389, "rate": 2.8500365250757254}, "datetime": {"datetime": "2024-06-14 06:59:10", "elapsed": 6.135003, "delta": 0.009973}}
{"target": -284.7034595379846, "params": {"gamma": 7.688759630029292, "prior": 6.443748774073277, "rate": 8.013505701328722}, "datetime": {"datetime": "2024-06-14 06:59:10", "elapsed": 6.143979, "delta": 0.008976}}
{"target": -198.89601163260113, "params": {"gamma": 5.171688199172296, "prior": 2.3977902162787172, "rate": 6.279991307892046}, "datetime": {"datetime": "2024-06-14 06:59:10", "elapsed": 6.152956, "delta": 0.008977}}
{"target": -180.38842519915565, "params": {"gamma": 3.040750894733009, "prior": 0.39233457492600754, "rate": 9.03340843699194}, "datetime": {"datetime": "2024-06-14 06:59:10", "elapsed": 6.161931, "delta": 0.008975}}
{"target": -178.36106881546834, "params": {"gamma": 4.2042753184590484, "prior": 4.318694726204651, "rate": 7.412776101583259}, "datetime": {"datetime": "2024-06-14 06:59:10", "elapsed": 6.171904, "delta": 0.009973}}
{"target": -302.4999526879139, "params": {"gamma": 9.484635584653631, "prior": 0.8179037276500872, "rate": 1.7278381802346168}, "datetime": {"datetime": "2024-06-14 06:59:10", "elapsed": 6.18088, "delta": 0.008976}}
{"target": -155.45831505953763, "params": {"gamma": 3.224252533837974, "prior": 2.5594000386689704, "rate": 4.9554543186305695}, "datetime": {"datetime": "2024-06-14 06:59:10", "elapsed": 6.189856, "delta": 0.008976}}
{"target": -374.7050775250513, "params": {"gamma": 8.244771648366036, "prior": 8.55432690792754, "rate": 5.958703590644958}, "datetime": {"datetime": "2024-06-14 06:59:10", "elapsed": 6.198832, "delta": 0.008976}}
{"target": -140.33243124695684, "params": {"gamma": 2.4024971645768356, "prior": 1.9462776138995845, "rate": 7.434161733507989}, "datetime": {"datetime": "2024-06-14 06:59:10", "elapsed": 6.207808, "delta": 0.008976}}
{"target": -141.96302469367424, "params": {"gamma": 2.372903362377833, "prior": 5.440959820172842, "rate": 7.493058590484791}, "datetime": {"datetime": "2024-06-14 06:59:10", "elapsed": 6.216784, "delta": 0.008976}}
{"target": -194.1239420878149, "params": {"gamma": 2.283262797049244, "prior": 1.8275617569701659, "rate": 0.39831713007193664}, "datetime": {"datetime": "2024-06-14 06:59:10", "elapsed": 6.226757, "delta": 0.009973}}
{"target": -177.84031386279347, "params": {"gamma": 1.4765408081617755, "prior": 8.52924517877521, "rate": 1.0472544815378406}, "datetime": {"datetime": "2024-06-14 06:59:10", "elapsed": 6.235733, "delta": 0.008976}}
{"target": -150.15549747906275, "params": {"gamma": 2.2372268102276505, "prior": 0.4242962774851736, "rate": 6.763889997877335}, "datetime": {"datetime": "2024-06-14 06:59:10", "elapsed": 6.24471, "delta": 0.008977}}
{"target": -181.15481001435566, "params": {"gamma": 2.317799711505731, "prior": 4.194558006237466, "rate": 1.393872412065944}, "datetime": {"datetime": "2024-06-14 06:59:10", "elapsed": 6.253687, "delta": 0.008977}}
{"target": -180.13053029217278, "params": {"gamma": 3.772795658827454, "prior": 4.301930915772191, "rate": 4.730176553648271}, "datetime": {"datetime": "2024-06-14 06:59:10", "elapsed": 6.263659, "delta": 0.009972}}
{"target": -196.94327932639794, "params": {"gamma": 4.228995288573093, "prior": 1.1172899823542268, "rate": 7.72603008604881}, "datetime": {"datetime": "2024-06-14 06:59:10", "elapsed": 6.272635, "delta": 0.008976}}
{"target": -139.464469594538, "params": {"gamma": 1.3729228288956241, "prior": 4.300494505825538, "rate": 2.7202891684153423}, "datetime": {"datetime": "2024-06-14 06:59:10", "elapsed": 6.281611, "delta": 0.008976}}
{"target": -172.43906276062364, "params": {"gamma": 3.0107784228559833, "prior": 6.756965648605682, "rate": 5.178349451410332}, "datetime": {"datetime": "2024-06-14 06:59:10", "elapsed": 6.290587, "delta": 0.008976}}
{"target": -146.02503645233432, "params": {"gamma": 1.9016804177489257, "prior": 4.744430954350433, "rate": 3.396069147094239}, "datetime": {"datetime": "2024-06-14 06:59:10", "elapsed": 6.30056, "delta": 0.009973}}
{"target": -252.27740564236663, "params": {"gamma": 7.045267485283013, "prior": 2.338342504082235, "rate": 8.450036385446094}, "datetime": {"datetime": "2024-06-14 06:59:10", "elapsed": 6.309568, "delta": 0.009008}}
{"target": -282.4032960999861, "params": {"gamma": 5.262770419251413, "prior": 5.056133771938582, "rate": 2.537604383069914}, "datetime": {"datetime": "2024-06-14 06:59:10", "elapsed": 6.318542, "delta": 0.008974}}
{"target": -129.38166948563082, "params": {"gamma": 1.8623705416969032, "prior": 4.771008721102208, "rate": 9.818262353834747}, "datetime": {"datetime": "2024-06-14 06:59:10", "elapsed": 6.327491, "delta": 0.008949}}
{"target": -121.72821925097135, "params": {"gamma": 1.3299294703806088, "prior": 2.9062780810377657, "rate": 8.006611101660276}, "datetime": {"datetime": "2024-06-14 06:59:10", "elapsed": 6.337465, "delta": 0.009974}}
{"target": -263.77431416652115, "params": {"gamma": 6.648104208209039, "prior": 2.859708246065027, "rate": 3.1471614201443434}, "datetime": {"datetime": "2024-06-14 06:59:10", "elapsed": 6.34644, "delta": 0.008975}}
{"target": -188.63443498228514, "params": {"gamma": 4.200062595764889, "prior": 6.067588946198732, "rate": 7.193668333443535}, "datetime": {"datetime": "2024-06-14 06:59:10", "elapsed": 6.355416, "delta": 0.008976}}
{"target": -487.1582908566057, "params": {"gamma": 8.573146034178855, "prior": 6.843003557538256, "rate": 2.370583662652512}, "datetime": {"datetime": "2024-06-14 06:59:10", "elapsed": 6.36539, "delta": 0.009974}}
{"target": -506.6530007307697, "params": {"gamma": 9.257279632827263, "prior": 7.833834466690084, "rate": 3.0745074227980154}, "datetime": {"datetime": "2024-06-14 06:59:10", "elapsed": 6.374366, "delta": 0.008976}}
{"target": -244.37330112508968, "params": {"gamma": 3.0503514507789897, "prior": 8.823566352446155, "rate": 1.2616587254915876}, "datetime": {"datetime": "2024-06-14 06:59:10", "elapsed": 6.383341, "delta": 0.008975}}
{"target": -228.08431530046428, "params": {"gamma": 6.334974881523022, "prior": 2.8493560514869, "rate": 8.272176051067923}, "datetime": {"datetime": "2024-06-14 06:59:10", "elapsed": 6.392317, "delta": 0.008976}}
{"target": -248.60793582115667, "params": {"gamma": 3.645869952111327, "prior": 7.360324335241457, "rate": 1.9249864862469743}, "datetime": {"datetime": "2024-06-14 06:59:10", "elapsed": 6.401293, "delta": 0.008976}}
{"target": -264.02382227255964, "params": {"gamma": 4.814977529509854, "prior": 8.05558680166717, "rate": 3.9704851285120673}, "datetime": {"datetime": "2024-06-14 06:59:10", "elapsed": 6.411267, "delta": 0.009974}}
