{"target": -350.332083142031, "params": {"gamma": 6.864927298504364, "prior": 3.8399250110933036, "rate": 7.6314509854431005}, "datetime": {"datetime": "2024-06-14 19:13:41", "elapsed": 16.43506, "delta": 0.009774}}
{"target": -371.7840901025746, "params": {"gamma": 8.963993959368008, "prior": 9.110902413045697, "rate": 4.965364995168459}, "datetime": {"datetime": "2024-06-14 19:13:41", "elapsed": 16.445033, "delta": 0.009973}}
{"target": -365.20693502645184, "params": {"gamma": 7.626339709379889, "prior": 7.118724128793965, "rate": 9.513017241338671}, "datetime": {"datetime": "2024-06-14 19:13:41", "elapsed": 16.455006, "delta": 0.009973}}
{"target": -156.44840475528343, "params": {"gamma": 2.416303346981715, "prior": 5.657263107051882, "rate": 0.4386889024105297}, "datetime": {"datetime": "2024-06-14 19:13:41", "elapsed": 16.465977, "delta": 0.010971}}
{"target": -379.9705528149483, "params": {"gamma": 9.231856412216342, "prior": 9.458040129710191, "rate": 5.0095625425504435}, "datetime": {"datetime": "2024-06-14 19:13:41", "elapsed": 16.47595, "delta": 0.009973}}
{"target": -251.57644857602457, "params": {"gamma": 5.861588364410452, "prior": 7.742224266063105, "rate": 2.494062511590284}, "datetime": {"datetime": "2024-06-14 19:13:41", "elapsed": 16.485924, "delta": 0.009974}}
{"target": -216.77680315275035, "params": {"gamma": 3.7905257699858756, "prior": 2.9571954023700533, "rate": 5.388500848183928}, "datetime": {"datetime": "2024-06-14 19:13:41", "elapsed": 16.495897, "delta": 0.009973}}
{"target": -343.2312921799903, "params": {"gamma": 9.489619281316324, "prior": 3.915466925543566, "rate": 0.4510526483715768}, "datetime": {"datetime": "2024-06-14 19:13:41", "elapsed": 16.50587, "delta": 0.009973}}
{"target": -298.952646805562, "params": {"gamma": 6.8255038084621535, "prior": 5.0008035357807925, "rate": 2.96582349698632}, "datetime": {"datetime": "2024-06-14 19:13:41", "elapsed": 16.515843, "delta": 0.009973}}
{"target": -217.2050092472051, "params": {"gamma": 4.159470178485402, "prior": 8.638851939129534, "rate": 8.210356117785}, "datetime": {"datetime": "2024-06-14 19:13:41", "elapsed": 16.525817, "delta": 0.009974}}
{"target": -151.74540906644418, "params": {"gamma": 1.7092925546648687, "prior": 6.882819454636019, "rate": 9.976635949364582}, "datetime": {"datetime": "2024-06-14 19:13:41", "elapsed": 16.53579, "delta": 0.009973}}
{"target": -322.5256410910235, "params": {"gamma": 7.843808621110356, "prior": 7.277958918810155, "rate": 3.1008897721241295}, "datetime": {"datetime": "2024-06-14 19:13:41", "elapsed": 16.545763, "delta": 0.009973}}
{"target": -146.80447842484514, "params": {"gamma": 1.5955484350535305, "prior": 8.656789324831875, "rate": 6.103851837947851}, "datetime": {"datetime": "2024-06-14 19:13:41", "elapsed": 16.555737, "delta": 0.009974}}
{"target": -208.3102992704101, "params": {"gamma": 3.90151389493923, "prior": 7.580348274726708, "rate": 7.18656022932733}, "datetime": {"datetime": "2024-06-14 19:13:41", "elapsed": 16.565448, "delta": 0.009711}}
{"target": -360.5612019422539, "params": {"gamma": 6.473683921648569, "prior": 2.1519072794770633, "rate": 8.8553926501292}, "datetime": {"datetime": "2024-06-14 19:13:41", "elapsed": 16.576418, "delta": 0.01097}}
{"target": -284.3550416634318, "params": {"gamma": 7.190340618322544, "prior": 3.096042577804754, "rate": 0.636921390268151}, "datetime": {"datetime": "2024-06-14 19:13:41", "elapsed": 16.586392, "delta": 0.009974}}
{"target": -384.8899880523397, "params": {"gamma": 9.128051358543207, "prior": 7.959115578671122, "rate": 4.986337846072983}, "datetime": {"datetime": "2024-06-14 19:13:41", "elapsed": 16.596366, "delta": 0.009974}}
{"target": -209.38408831573526, "params": {"gamma": 4.139838016887461, "prior": 6.194068492491998, "rate": 3.9857532458547134}, "datetime": {"datetime": "2024-06-14 19:13:41", "elapsed": 16.606339, "delta": 0.009973}}
{"target": -145.7189604750709, "params": {"gamma": 0.3901414822148927, "prior": 3.089486487843047, "rate": 2.4635393026772414}, "datetime": {"datetime": "2024-06-14 19:13:41", "elapsed": 16.616312, "delta": 0.009973}}
{"target": -397.05983044192067, "params": {"gamma": 9.723053574133592, "prior": 7.698230686083612, "rate": 4.03756244174214}, "datetime": {"datetime": "2024-06-14 19:13:41", "elapsed": 16.626285, "delta": 0.009973}}
{"target": -365.75586505483125, "params": {"gamma": 7.36653545986381, "prior": 3.096284649891858, "rate": 5.273430978494289}, "datetime": {"datetime": "2024-06-14 19:13:41", "elapsed": 16.636259, "delta": 0.009974}}
{"target": -160.15783587094407, "params": {"gamma": 2.0722252550467415, "prior": 2.617176807498664, "rate": 4.340796665124917}, "datetime": {"datetime": "2024-06-14 19:13:41", "elapsed": 16.646233, "delta": 0.009974}}
{"target": -143.042299419162, "params": {"gamma": 0.8251761637855287, "prior": 8.547550771616626, "rate": 9.163375833703464}, "datetime": {"datetime": "2024-06-14 19:13:41", "elapsed": 16.656205, "delta": 0.009972}}
{"target": -162.05584563955742, "params": {"gamma": 2.131865517652924, "prior": 4.789847916431056, "rate": 8.414755557056594}, "datetime": {"datetime": "2024-06-14 19:13:41", "elapsed": 16.666179, "delta": 0.009974}}
{"target": -173.44685103558112, "params": {"gamma": 2.8835014556151, "prior": 6.146017338301501, "rate": 4.421038071544468}, "datetime": {"datetime": "2024-06-14 19:13:41", "elapsed": 16.676152, "delta": 0.009973}}
{"target": -202.80393255263797, "params": {"gamma": 3.9755172922412867, "prior": 7.914804790958176, "rate": 4.645661627447652}, "datetime": {"datetime": "2024-06-14 19:13:42", "elapsed": 16.687123, "delta": 0.010971}}
{"target": -235.02424585769455, "params": {"gamma": 4.648560381634333, "prior": 9.92108219282192, "rate": 9.622335724671418}, "datetime": {"datetime": "2024-06-14 19:13:42", "elapsed": 16.697096, "delta": 0.009973}}
{"target": -172.27062869350178, "params": {"gamma": 2.3515737989342904, "prior": 2.3468422945017595, "rate": 6.627717437420285}, "datetime": {"datetime": "2024-06-14 19:13:42", "elapsed": 16.707069, "delta": 0.009973}}
{"target": -217.179613527326, "params": {"gamma": 4.12005240559699, "prior": 7.21566500145903, "rate": 7.33480011223453}, "datetime": {"datetime": "2024-06-14 19:13:42", "elapsed": 16.717043, "delta": 0.009974}}
{"target": -424.46731724213305, "params": {"gamma": 7.833165317126014, "prior": 2.706813429208478, "rate": 9.983583794835354}, "datetime": {"datetime": "2024-06-14 19:13:42", "elapsed": 16.727016, "delta": 0.009973}}
{"target": -251.39730066797895, "params": {"gamma": 4.937510667267648, "prior": 0.9308724921413128, "rate": 1.1210448167623643}, "datetime": {"datetime": "2024-06-14 19:13:42", "elapsed": 16.736989, "delta": 0.009973}}
{"target": -291.6689788536343, "params": {"gamma": 5.615435741740323, "prior": 5.150078530019021, "rate": 9.348420230005587}, "datetime": {"datetime": "2024-06-14 19:13:42", "elapsed": 16.746963, "delta": 0.009974}}
{"target": -363.2965730630952, "params": {"gamma": 9.008359782293162, "prior": 4.707496113752034, "rate": 2.0655648551479264}, "datetime": {"datetime": "2024-06-14 19:13:42", "elapsed": 16.756936, "delta": 0.009973}}
{"target": -297.19547987995884, "params": {"gamma": 5.644611641557381, "prior": 3.156460479596483, "rate": 6.506205753925493}, "datetime": {"datetime": "2024-06-14 19:13:42", "elapsed": 16.766909, "delta": 0.009973}}
{"target": -223.78104718179577, "params": {"gamma": 5.151524964800736, "prior": 8.447482905263575, "rate": 1.318272408917089}, "datetime": {"datetime": "2024-06-14 19:13:42", "elapsed": 16.776886, "delta": 0.009977}}
{"target": -167.11285690125612, "params": {"gamma": 2.510816765750457, "prior": 6.015561199030471, "rate": 6.252522597888486}, "datetime": {"datetime": "2024-06-14 19:13:42", "elapsed": 16.787857, "delta": 0.010971}}
{"target": -214.9678958874994, "params": {"gamma": 4.126528259704839, "prior": 9.015862526250485, "rate": 8.102939975399439}, "datetime": {"datetime": "2024-06-14 19:13:42", "elapsed": 16.797829, "delta": 0.009972}}
{"target": -263.0739751314338, "params": {"gamma": 5.408957978271053, "prior": 4.109790667839894, "rate": 3.9723842641831384}, "datetime": {"datetime": "2024-06-14 19:13:42", "elapsed": 16.807803, "delta": 0.009974}}
{"target": -141.71107775977922, "params": {"gamma": 1.1407744850837678, "prior": 9.378724974180852, "rate": 2.3461206012549862}, "datetime": {"datetime": "2024-06-14 19:13:42", "elapsed": 16.817777, "delta": 0.009974}}
{"target": -146.77866561033167, "params": {"gamma": 1.5290154598338772, "prior": 5.149156483909666, "rate": 4.550990310069778}, "datetime": {"datetime": "2024-06-14 19:13:42", "elapsed": 16.82775, "delta": 0.009973}}
{"target": -143.36669206148565, "params": {"gamma": 0.741195677957228, "prior": 5.798171437543058, "rate": 6.98565427848021}, "datetime": {"datetime": "2024-06-14 19:13:42", "elapsed": 16.83872, "delta": 0.01097}}
{"target": -266.7298860672399, "params": {"gamma": 4.905996798082162, "prior": 0.8216471576437056, "rate": 1.7974602213999658}, "datetime": {"datetime": "2024-06-14 19:13:42", "elapsed": 16.848693, "delta": 0.009973}}
{"target": -141.62133914140352, "params": {"gamma": 1.1602386580615005, "prior": 5.876279483963145, "rate": 0.8517929419359279}, "datetime": {"datetime": "2024-06-14 19:13:42", "elapsed": 16.858667, "delta": 0.009974}}
{"target": -226.00568719924303, "params": {"gamma": 3.8411646857898374, "prior": 1.5568483148669632, "rate": 4.115450872320082}, "datetime": {"datetime": "2024-06-14 19:13:42", "elapsed": 16.86864, "delta": 0.009973}}
{"target": -330.79590631244514, "params": {"gamma": 6.253124313642986, "prior": 3.6594426508543156, "rate": 8.959947493135243}, "datetime": {"datetime": "2024-06-14 19:13:42", "elapsed": 16.878616, "delta": 0.009976}}
{"target": -216.18812034906682, "params": {"gamma": 4.175385995901437, "prior": 9.343186839462406, "rate": 8.204747872100748}, "datetime": {"datetime": "2024-06-14 19:13:42", "elapsed": 16.888589, "delta": 0.009973}}
{"target": -144.20985897559882, "params": {"gamma": 1.1673082330925828, "prior": 1.1292596538179704, "rate": 1.3289685737075208}, "datetime": {"datetime": "2024-06-14 19:13:42", "elapsed": 16.898563, "delta": 0.009974}}
{"target": -307.1010001219008, "params": {"gamma": 6.3850452068779955, "prior": 6.877462138363933, "rate": 7.900310828063816}, "datetime": {"datetime": "2024-06-14 19:13:42", "elapsed": 16.908536, "delta": 0.009973}}
{"target": -265.0158654013447, "params": {"gamma": 5.423716313506835, "prior": 6.7860429050825894, "rate": 6.86782996092407}, "datetime": {"datetime": "2024-06-14 19:13:42", "elapsed": 16.918509, "delta": 0.009973}}
{"target": -185.76260384454136, "params": {"gamma": 3.3829604515267047, "prior": 6.540111495995206, "rate": 4.041556089281965}, "datetime": {"datetime": "2024-06-14 19:13:42", "elapsed": 16.928483, "delta": 0.009974}}
{"target": -276.5873876904182, "params": {"gamma": 6.402004807053291, "prior": 9.352740161515133, "rate": 4.300276952021971}, "datetime": {"datetime": "2024-06-14 19:13:42", "elapsed": 16.939453, "delta": 0.01097}}
{"target": -266.33375539464424, "params": {"gamma": 5.062169284611167, "prior": 3.387441539928508, "rate": 5.787626649270162}, "datetime": {"datetime": "2024-06-14 19:13:42", "elapsed": 16.949427, "delta": 0.009974}}
{"target": -451.64405046407853, "params": {"gamma": 8.63433961200101, "prior": 2.9081286245045184, "rate": 8.3440688316731}, "datetime": {"datetime": "2024-06-14 19:13:42", "elapsed": 16.9592, "delta": 0.009773}}
{"target": -273.3661326901569, "params": {"gamma": 5.19525257002433, "prior": 2.338154974562283, "rate": 4.195052837461809}, "datetime": {"datetime": "2024-06-14 19:13:42", "elapsed": 16.96969, "delta": 0.01049}}
{"target": -145.24888207466128, "params": {"gamma": 1.6707797438122824, "prior": 9.132705794826414, "rate": 0.5804135275146948}, "datetime": {"datetime": "2024-06-14 19:13:42", "elapsed": 16.979653, "delta": 0.009963}}
{"target": -325.47610836214994, "params": {"gamma": 6.0404303253472555, "prior": 1.1291215126301983, "rate": 3.135467231273893}, "datetime": {"datetime": "2024-06-14 19:13:42", "elapsed": 16.989627, "delta": 0.009974}}
{"target": -146.9278086363089, "params": {"gamma": 1.430273657454418, "prior": 5.045153826684863, "rate": 6.361341648049341}, "datetime": {"datetime": "2024-06-14 19:13:42", "elapsed": 16.999601, "delta": 0.009974}}
{"target": -406.54011113818933, "params": {"gamma": 8.292725454727396, "prior": 4.5551280553231495, "rate": 7.694721722549676}, "datetime": {"datetime": "2024-06-14 19:13:42", "elapsed": 17.009573, "delta": 0.009972}}
{"target": -244.79336018047852, "params": {"gamma": 5.953782798974832, "prior": 9.725416897155455, "rate": 1.1980382373790506}, "datetime": {"datetime": "2024-06-14 19:13:42", "elapsed": 17.020544, "delta": 0.010971}}
{"target": -369.6720383569001, "params": {"gamma": 8.163360508295652, "prior": 8.36804642863598, "rate": 7.915926255491784}, "datetime": {"datetime": "2024-06-14 19:13:42", "elapsed": 17.030517, "delta": 0.009973}}
{"target": -247.28877655167886, "params": {"gamma": 4.548793901755333, "prior": 5.319373120578599, "rate": 9.853860789595378}, "datetime": {"datetime": "2024-06-14 19:13:42", "elapsed": 17.040491, "delta": 0.009974}}
{"target": -394.4334108840243, "params": {"gamma": 9.446413498524006, "prior": 7.653717361291417, "rate": 4.603153079254813}, "datetime": {"datetime": "2024-06-14 19:13:42", "elapsed": 17.050464, "delta": 0.009973}}
{"target": -238.5742364640328, "params": {"gamma": 5.4028153672728605, "prior": 8.065147279335433, "rate": 2.7694190259593214}, "datetime": {"datetime": "2024-06-14 19:13:42", "elapsed": 17.060437, "delta": 0.009973}}
{"target": -177.69076539111487, "params": {"gamma": 2.5660746449201204, "prior": 2.2172273194191625, "rate": 5.5125104016000455}, "datetime": {"datetime": "2024-06-14 19:13:42", "elapsed": 17.069922, "delta": 0.009485}}
{"target": -502.585798999335, "params": {"gamma": 9.51400463278507, "prior": 2.453593275447689, "rate": 8.016191948242625}, "datetime": {"datetime": "2024-06-14 19:13:42", "elapsed": 17.079892, "delta": 0.00997}}
{"target": -146.78160831010564, "params": {"gamma": 0.3050697728019885, "prior": 5.111578112737991, "rate": 2.840969561694019}, "datetime": {"datetime": "2024-06-14 19:13:42", "elapsed": 17.089865, "delta": 0.009973}}
{"target": -178.7682781942652, "params": {"gamma": 2.8279345769967326, "prior": 3.9805415181824153, "rate": 5.35503815277569}, "datetime": {"datetime": "2024-06-14 19:13:42", "elapsed": 17.100412, "delta": 0.010547}}
{"target": -296.4617467484292, "params": {"gamma": 7.729080748891848, "prior": 9.620416719522808, "rate": 1.5047059924704762}, "datetime": {"datetime": "2024-06-14 19:13:42", "elapsed": 17.110385, "delta": 0.009973}}
{"target": -242.30702965301128, "params": {"gamma": 3.948506624298461, "prior": 1.711128575734629, "rate": 8.366584905960446}, "datetime": {"datetime": "2024-06-14 19:13:42", "elapsed": 17.12036, "delta": 0.009975}}
{"target": -142.7122153038515, "params": {"gamma": 0.848939363998362, "prior": 8.577228644378229, "rate": 7.408710726097538}, "datetime": {"datetime": "2024-06-14 19:13:42", "elapsed": 17.13093, "delta": 0.01057}}
{"target": -322.2592968090577, "params": {"gamma": 8.583506747549555, "prior": 8.910210077238986, "rate": 1.5086156837021263}, "datetime": {"datetime": "2024-06-14 19:13:42", "elapsed": 17.140904, "delta": 0.009974}}
{"target": -266.0599757106502, "params": {"gamma": 5.5673037568750585, "prior": 3.0949243389652152, "rate": 2.7129607380351044}, "datetime": {"datetime": "2024-06-14 19:13:42", "elapsed": 17.151874, "delta": 0.01097}}
{"target": -149.0332334281078, "params": {"gamma": 0.16532732155215554, "prior": 5.200289634664171, "rate": 0.19147494677606597}, "datetime": {"datetime": "2024-06-14 19:13:42", "elapsed": 17.161848, "delta": 0.009974}}
{"target": -441.2489783705033, "params": {"gamma": 8.982387549518384, "prior": 2.743118745199252, "rate": 4.934240682090825}, "datetime": {"datetime": "2024-06-14 19:13:42", "elapsed": 17.171821, "delta": 0.009973}}
{"target": -383.77765763321105, "params": {"gamma": 6.364538822186757, "prior": 0.11484759273546576, "rate": 1.1332762215360346}, "datetime": {"datetime": "2024-06-14 19:13:42", "elapsed": 17.182791, "delta": 0.01097}}
{"target": -243.08513069544819, "params": {"gamma": 4.6659477575289365, "prior": 6.27045023526184, "rate": 8.196890952415792}, "datetime": {"datetime": "2024-06-14 19:13:42", "elapsed": 17.192765, "delta": 0.009974}}
{"target": -209.68019646269795, "params": {"gamma": 4.148641338539144, "prior": 9.27585593466577, "rate": 5.974235073828673}, "datetime": {"datetime": "2024-06-14 19:13:42", "elapsed": 17.202738, "delta": 0.009973}}
{"target": -152.05799013374548, "params": {"gamma": 0.019306140396848814, "prior": 6.83237546346491, "rate": 2.128523676734889}, "datetime": {"datetime": "2024-06-14 19:13:42", "elapsed": 17.212712, "delta": 0.009974}}
{"target": -149.35226332563374, "params": {"gamma": 0.1535430664843777, "prior": 7.383907493191389, "rate": 5.519551912752578}, "datetime": {"datetime": "2024-06-14 19:13:42", "elapsed": 17.223682, "delta": 0.01097}}
{"target": -424.2350568323834, "params": {"gamma": 7.836427271615353, "prior": 0.9728738222321646, "rate": 3.557641134340776}, "datetime": {"datetime": "2024-06-14 19:13:42", "elapsed": 17.233656, "delta": 0.009974}}
{"target": -178.86976334109698, "params": {"gamma": 2.997716685977381, "prior": 5.733129677407973, "rate": 5.102021899170938}, "datetime": {"datetime": "2024-06-14 19:13:42", "elapsed": 17.243629, "delta": 0.009973}}
{"target": -413.42229471138677, "params": {"gamma": 7.821480373966176, "prior": 1.951873292249901, "rate": 5.765378570105822}, "datetime": {"datetime": "2024-06-14 19:13:42", "elapsed": 17.2546, "delta": 0.010971}}
{"target": -311.1868945046523, "params": {"gamma": 6.444129706059222, "prior": 4.652693074134186, "rate": 5.580214322469496}, "datetime": {"datetime": "2024-06-14 19:13:42", "elapsed": 17.264573, "delta": 0.009973}}
{"target": -395.79940444760683, "params": {"gamma": 9.743286307322958, "prior": 7.541556933766897, "rate": 3.8104826236472786}, "datetime": {"datetime": "2024-06-14 19:13:42", "elapsed": 17.274054, "delta": 0.009481}}
{"target": -201.46112897080764, "params": {"gamma": 4.340728838399114, "prior": 7.1570316925553605, "rate": 0.9380272253159303}, "datetime": {"datetime": "2024-06-14 19:13:42", "elapsed": 17.285025, "delta": 0.010971}}
{"target": -294.4779125324458, "params": {"gamma": 6.378444418173399, "prior": 1.2321491091836958, "rate": 1.0193780310022393}, "datetime": {"datetime": "2024-06-14 19:13:42", "elapsed": 17.295028, "delta": 0.010003}}
{"target": -372.41727495663014, "params": {"gamma": 6.667021122891057, "prior": 1.7542887876159898, "rate": 7.647419971523622}, "datetime": {"datetime": "2024-06-14 19:13:42", "elapsed": 17.304972, "delta": 0.009944}}
{"target": -374.3672100710685, "params": {"gamma": 7.506153520363204, "prior": 3.18900068961921, "rate": 5.7090751316208}, "datetime": {"datetime": "2024-06-14 19:13:42", "elapsed": 17.314945, "delta": 0.009973}}
{"target": -265.21693063252553, "params": {"gamma": 6.451761309420609, "prior": 8.133499632738395, "rate": 2.0154617304835343}, "datetime": {"datetime": "2024-06-14 19:13:42", "elapsed": 17.324918, "delta": 0.009973}}
{"target": -291.32252407418963, "params": {"gamma": 6.762750921175965, "prior": 8.246616776474657, "rate": 4.144442403173417}, "datetime": {"datetime": "2024-06-14 19:13:42", "elapsed": 17.335922, "delta": 0.011004}}
{"target": -262.7753890622641, "params": {"gamma": 4.93747435337824, "prior": 5.191069021280379, "rate": 9.393346948548995}, "datetime": {"datetime": "2024-06-14 19:13:42", "elapsed": 17.345863, "delta": 0.009941}}
{"target": -144.38360836893457, "params": {"gamma": 0.5174559628579339, "prior": 5.75837295853161, "rate": 4.89811116337683}, "datetime": {"datetime": "2024-06-14 19:13:42", "elapsed": 17.356833, "delta": 0.01097}}
{"target": -195.965864880313, "params": {"gamma": 3.43893717379704, "prior": 6.732175526529206, "rate": 7.6946306666071145}, "datetime": {"datetime": "2024-06-14 19:13:42", "elapsed": 17.366806, "delta": 0.009973}}
{"target": -310.5345091527368, "params": {"gamma": 5.401055710011223, "prior": 0.5122166664564219, "rate": 2.351573570535765}, "datetime": {"datetime": "2024-06-14 19:13:42", "elapsed": 17.37681, "delta": 0.010004}}
{"target": -148.5348762971871, "params": {"gamma": 0.20537707355366863, "prior": 3.3450050943537124, "rate": 4.6810927226785255}, "datetime": {"datetime": "2024-06-14 19:13:42", "elapsed": 17.386753, "delta": 0.009943}}
{"target": -353.9935874378187, "params": {"gamma": 7.845906561782468, "prior": 5.369502262702111, "rate": 4.774787580289247}, "datetime": {"datetime": "2024-06-14 19:13:42", "elapsed": 17.397724, "delta": 0.010971}}
{"target": -448.7565046603678, "params": {"gamma": 6.97979925706494, "prior": 0.27243013449192005, "rate": 6.950212658575371}, "datetime": {"datetime": "2024-06-14 19:13:42", "elapsed": 17.407697, "delta": 0.009973}}
{"target": -184.8793060934721, "params": {"gamma": 3.120283908366149, "prior": 5.641930498717792, "rate": 6.068459647449929}, "datetime": {"datetime": "2024-06-14 19:13:42", "elapsed": 17.41767, "delta": 0.009973}}
{"target": -156.57110927946505, "params": {"gamma": 1.8222444288432162, "prior": 2.5776986435657308, "rate": 5.788601767479563}, "datetime": {"datetime": "2024-06-14 19:13:42", "elapsed": 17.427644, "delta": 0.009974}}
{"target": -173.68839492917022, "params": {"gamma": 2.626964094789226, "prior": 2.4702287887304846, "rate": 3.5909544712195682}, "datetime": {"datetime": "2024-06-14 19:13:42", "elapsed": 17.438614, "delta": 0.01097}}
{"target": -378.7146212382177, "params": {"gamma": 9.044205571519699, "prior": 8.705182024603866, "rate": 5.140843749597316}, "datetime": {"datetime": "2024-06-14 19:13:42", "elapsed": 17.455569, "delta": 0.016955}}
