{"target": -923.3110916827591, "params": {"gamma": 4.170803025021038, "lr": 0.7203244934421581}, "datetime": {"datetime": "2024-06-13 17:15:16", "elapsed": 0.0, "delta": 0.0}}
{"target": -146.7342552093273, "params": {"gamma": 0.002143633798631522, "lr": 0.30233257263183977}, "datetime": {"datetime": "2024-06-13 17:15:16", "elapsed": 0.003989, "delta": 0.003989}}
{"target": -469.645431372196, "params": {"gamma": 1.4684121522803133, "lr": 0.0923385947687978}, "datetime": {"datetime": "2024-06-13 17:15:16", "elapsed": 0.006981, "delta": 0.002992}}
{"target": -276.7810721635236, "params": {"gamma": 1.8634158535653313, "lr": 0.34556072704304774}, "datetime": {"datetime": "2024-06-13 17:15:16", "elapsed": 0.010971, "delta": 0.00399}}
{"target": -701.8793159312773, "params": {"gamma": 3.968277974832469, "lr": 0.538816734003357}, "datetime": {"datetime": "2024-06-13 17:15:16", "elapsed": 0.013962, "delta": 0.002991}}
{"target": -918.8723733040681, "params": {"gamma": 4.192525949518545, "lr": 0.6852195003967595}, "datetime": {"datetime": "2024-06-13 17:15:16", "elapsed": 0.017953, "delta": 0.003991}}
{"target": -564.1874199357148, "params": {"gamma": 2.045318045065443, "lr": 0.8781174363909454}, "datetime": {"datetime": "2024-06-13 17:15:16", "elapsed": 0.020944, "delta": 0.002991}}
{"target": -144.8728761119009, "params": {"gamma": 0.2748485443860637, "lr": 0.6704675101784022}, "datetime": {"datetime": "2024-06-13 17:15:16", "elapsed": 0.023936, "delta": 0.002992}}
{"target": -760.714140935019, "params": {"gamma": 4.173630718868903, "lr": 0.5586898284457517}, "datetime": {"datetime": "2024-06-13 17:15:16", "elapsed": 0.027925, "delta": 0.003989}}
{"target": -273.76875776142657, "params": {"gamma": 1.4047289990137424, "lr": 0.1981014890848788}, "datetime": {"datetime": "2024-06-13 17:15:16", "elapsed": 0.030917, "delta": 0.002992}}
{"target": -2205.922086699672, "params": {"gamma": 8.00764494218669, "lr": 0.9682615757193975}, "datetime": {"datetime": "2024-06-13 17:15:16", "elapsed": 0.034906, "delta": 0.003989}}
{"target": -693.11387420105, "params": {"gamma": 3.1349283574142692, "lr": 0.6923226156693141}, "datetime": {"datetime": "2024-06-13 17:15:16", "elapsed": 0.037898, "delta": 0.002992}}
{"target": -2370.025177674175, "params": {"gamma": 8.764015133808087, "lr": 0.8946066635038473}, "datetime": {"datetime": "2024-06-13 17:15:16", "elapsed": 0.04089, "delta": 0.002992}}
{"target": -327.78647620426386, "params": {"gamma": 0.8513570694864094, "lr": 0.03905478323288236}, "datetime": {"datetime": "2024-06-13 17:15:16", "elapsed": 0.04488, "delta": 0.00399}}
{"target": -473.76900184613385, "params": {"gamma": 1.6991343652261244, "lr": 0.8781425034294131}, "datetime": {"datetime": "2024-06-13 17:15:16", "elapsed": 0.047872, "delta": 0.002992}}
{"target": -187.0897895154962, "params": {"gamma": 0.9843699914966679, "lr": 0.42110762500505217}, "datetime": {"datetime": "2024-06-13 17:15:16", "elapsed": 0.050864, "delta": 0.002992}}
{"target": -1671.0635770174308, "params": {"gamma": 9.578937411974868, "lr": 0.5331652849730171}, "datetime": {"datetime": "2024-06-13 17:15:16", "elapsed": 0.054853, "delta": 0.003989}}
{"target": -930.15485102885, "params": {"gamma": 6.919079262390784, "lr": 0.31551563100606295}, "datetime": {"datetime": "2024-06-13 17:15:16", "elapsed": 0.057846, "delta": 0.002993}}
{"target": -1720.6532482653076, "params": {"gamma": 6.865322775888155, "lr": 0.8346256718973729}, "datetime": {"datetime": "2024-06-13 17:15:16", "elapsed": 0.060837, "delta": 0.002991}}
{"target": -143.91742577516345, "params": {"gamma": 0.18386448516457388, "lr": 0.7501443149449675}, "datetime": {"datetime": "2024-06-13 17:15:16", "elapsed": 0.064827, "delta": 0.00399}}
{"target": -2182.273523872245, "params": {"gamma": 9.88862202797604, "lr": 0.7481656543798394}, "datetime": {"datetime": "2024-06-13 17:15:16", "elapsed": 0.068816, "delta": 0.003989}}
{"target": -697.1495086957833, "params": {"gamma": 2.8051594766519874, "lr": 0.7892793284514885}, "datetime": {"datetime": "2024-06-13 17:15:16", "elapsed": 0.071808, "delta": 0.002992}}
{"target": -197.02346679706466, "params": {"gamma": 1.0331568397698425, "lr": 0.44789352617590517}, "datetime": {"datetime": "2024-06-13 17:15:16", "elapsed": 0.0748, "delta": 0.002992}}
{"target": -1216.7444997338725, "params": {"gamma": 9.086046435427862, "lr": 0.2936141483736795}, "datetime": {"datetime": "2024-06-13 17:15:16", "elapsed": 0.077792, "delta": 0.002992}}
{"target": -726.7463146247751, "params": {"gamma": 2.878465610524901, "lr": 0.13002857211827767}, "datetime": {"datetime": "2024-06-13 17:15:16", "elapsed": 0.081782, "delta": 0.00399}}
{"target": -141.2838796436833, "params": {"gamma": 0.19465021174510047, "lr": 0.678835532939891}, "datetime": {"datetime": "2024-06-13 17:15:16", "elapsed": 0.085771, "delta": 0.003989}}
{"target": -321.61778360221405, "params": {"gamma": 2.1170695318845905, "lr": 0.2655466593722262}, "datetime": {"datetime": "2024-06-13 17:15:16", "elapsed": 0.088763, "delta": 0.002992}}
{"target": -1756.9619592565616, "params": {"gamma": 4.916240019644103, "lr": 0.053362545117080384}, "datetime": {"datetime": "2024-06-13 17:15:16", "elapsed": 0.091755, "delta": 0.002992}}
{"target": -1264.5428312963284, "params": {"gamma": 5.741601937314639, "lr": 0.14672857490581015}, "datetime": {"datetime": "2024-06-13 17:15:16", "elapsed": 0.095744, "delta": 0.003989}}
{"target": -1283.1383893776758, "params": {"gamma": 5.89346606349594, "lr": 0.6997583600209312}, "datetime": {"datetime": "2024-06-13 17:15:16", "elapsed": 0.098736, "delta": 0.002992}}
{"target": -191.5101168253975, "params": {"gamma": 1.0242419538494305, "lr": 0.4140559878195683}, "datetime": {"datetime": "2024-06-13 17:15:16", "elapsed": 0.102726, "delta": 0.00399}}
{"target": -1014.771430111107, "params": {"gamma": 6.9443071771197245, "lr": 0.41417926952690265}, "datetime": {"datetime": "2024-06-13 17:15:16", "elapsed": 0.105717, "delta": 0.002991}}
{"target": -152.28131835334634, "params": {"gamma": 0.5004846360019255, "lr": 0.5358964059155116}, "datetime": {"datetime": "2024-06-13 17:15:16", "elapsed": 0.108709, "delta": 0.002992}}
{"target": -1162.5216219541344, "params": {"gamma": 6.638282657552669, "lr": 0.5148891120583086}, "datetime": {"datetime": "2024-06-13 17:15:16", "elapsed": 0.112699, "delta": 0.00399}}
{"target": -1770.1649903009381, "params": {"gamma": 9.446002965152143, "lr": 0.5865550405019929}, "datetime": {"datetime": "2024-06-13 17:15:16", "elapsed": 0.115691, "delta": 0.002992}}
{"target": -2253.9938061471034, "params": {"gamma": 9.034115750963547, "lr": 0.13747470414623753}, "datetime": {"datetime": "2024-06-13 17:15:16", "elapsed": 0.11968, "delta": 0.003989}}
{"target": -371.47993728502246, "params": {"gamma": 1.3936241961603346, "lr": 0.8073912887095238}, "datetime": {"datetime": "2024-06-13 17:15:16", "elapsed": 0.122672, "delta": 0.002992}}
{"target": -878.7688274695911, "params": {"gamma": 3.9773706930183503, "lr": 0.16535419711693278}, "datetime": {"datetime": "2024-06-13 17:15:16", "elapsed": 0.125664, "delta": 0.002992}}
{"target": -1258.259084176161, "params": {"gamma": 9.275158295379942, "lr": 0.34776585974550656}, "datetime": {"datetime": "2024-06-13 17:15:16", "elapsed": 0.129654, "delta": 0.00399}}
{"target": -1646.7530668465924, "params": {"gamma": 7.50837021925842, "lr": 0.7259979853504515}, "datetime": {"datetime": "2024-06-13 17:15:16", "elapsed": 0.132646, "delta": 0.002992}}
{"target": -1735.693144614668, "params": {"gamma": 8.833177605966892, "lr": 0.6236722070556089}, "datetime": {"datetime": "2024-06-13 17:15:16", "elapsed": 0.136635, "delta": 0.003989}}
{"target": -1021.8913017315349, "params": {"gamma": 7.509673397839345, "lr": 0.34889834197784253}, "datetime": {"datetime": "2024-06-13 17:15:16", "elapsed": 0.139627, "delta": 0.002992}}
{"target": -741.0398121123554, "params": {"gamma": 2.7000089897584956, "lr": 0.8958862181960668}, "datetime": {"datetime": "2024-06-13 17:15:16", "elapsed": 0.142619, "delta": 0.002992}}
{"target": -1185.4675194293338, "params": {"gamma": 4.281483807523078, "lr": 0.9648400471483856}, "datetime": {"datetime": "2024-06-13 17:15:16", "elapsed": 0.146608, "delta": 0.003989}}
{"target": -1307.1404676215664, "params": {"gamma": 6.634751536686663, "lr": 0.6216957202091218}, "datetime": {"datetime": "2024-06-13 17:15:16", "elapsed": 0.1496, "delta": 0.002992}}
{"target": -339.57114084170985, "params": {"gamma": 1.1483449835607984, "lr": 0.9494892587070712}, "datetime": {"datetime": "2024-06-13 17:15:16", "elapsed": 0.152592, "delta": 0.002992}}
{"target": -846.4886150927814, "params": {"gamma": 4.499671422665926, "lr": 0.5783896143871318}, "datetime": {"datetime": "2024-06-13 17:15:16", "elapsed": 0.156581, "delta": 0.003989}}
{"target": -627.7189171986713, "params": {"gamma": 4.081959890810051, "lr": 0.2370269802430277}, "datetime": {"datetime": "2024-06-13 17:15:16", "elapsed": 0.159573, "delta": 0.002992}}
{"target": -1684.4882590808509, "params": {"gamma": 9.033891826101975, "lr": 0.5736794866722859}, "datetime": {"datetime": "2024-06-13 17:15:16", "elapsed": 0.162566, "delta": 0.002993}}
{"target": -144.6149378155565, "params": {"gamma": 0.029700399984558545, "lr": 0.6171449136207239}, "datetime": {"datetime": "2024-06-13 17:15:16", "elapsed": 0.166555, "delta": 0.003989}}
{"target": -581.7323422649165, "params": {"gamma": 3.2671223728191894, "lr": 0.5270581022576093}, "datetime": {"datetime": "2024-06-13 17:15:16", "elapsed": 0.169547, "delta": 0.002992}}
{"target": -1202.598474899104, "params": {"gamma": 8.859535051008434, "lr": 0.35726976000249977}, "datetime": {"datetime": "2024-06-13 17:15:16", "elapsed": 0.172539, "delta": 0.002992}}
{"target": -1784.8779588191876, "params": {"gamma": 9.085442974047073, "lr": 0.6233601157918027}, "datetime": {"datetime": "2024-06-13 17:15:16", "elapsed": 0.176528, "delta": 0.003989}}
{"target": -144.04760013637187, "params": {"gamma": 0.15919660722271628, "lr": 0.9294372337437613}, "datetime": {"datetime": "2024-06-13 17:15:16", "elapsed": 0.17952, "delta": 0.002992}}
{"target": -1905.0112087209177, "params": {"gamma": 6.9092782782517235, "lr": 0.9973228504514805}, "datetime": {"datetime": "2024-06-13 17:15:16", "elapsed": 0.183509, "delta": 0.003989}}
{"target": -445.54812167465747, "params": {"gamma": 1.7242327429449402, "lr": 0.13713574962887776}, "datetime": {"datetime": "2024-06-13 17:15:16", "elapsed": 0.186501, "delta": 0.002992}}
{"target": -2019.186509092507, "params": {"gamma": 9.326022034908599, "lr": 0.6968181614899002}, "datetime": {"datetime": "2024-06-13 17:15:16", "elapsed": 0.189493, "delta": 0.002992}}
{"target": -206.22823397623193, "params": {"gamma": 0.6609357270479028, "lr": 0.7554630526024664}, "datetime": {"datetime": "2024-06-13 17:15:16", "elapsed": 0.193483, "delta": 0.00399}}
{"target": -2077.529638013157, "params": {"gamma": 7.539008008424004, "lr": 0.9230245355464833}, "datetime": {"datetime": "2024-06-13 17:15:16", "elapsed": 0.196475, "delta": 0.002992}}
{"target": -1838.3372982462863, "params": {"gamma": 7.11553606152609, "lr": 0.1242709619721647}, "datetime": {"datetime": "2024-06-13 17:15:16", "elapsed": 0.199467, "delta": 0.002992}}
{"target": -157.2816346996621, "params": {"gamma": 0.1997814582641161, "lr": 0.026210986877719278}, "datetime": {"datetime": "2024-06-13 17:15:16", "elapsed": 0.203456, "delta": 0.003989}}
{"target": -133.2577260849079, "params": {"gamma": 0.2840365737199253, "lr": 0.2462110676030459}, "datetime": {"datetime": "2024-06-13 17:15:16", "elapsed": 0.206448, "delta": 0.002992}}
{"target": -1501.8110027483165, "params": {"gamma": 8.600419458880197, "lr": 0.5388310643416528}, "datetime": {"datetime": "2024-06-13 17:15:16", "elapsed": 0.209439, "delta": 0.002991}}
{"target": -1388.616460638607, "params": {"gamma": 5.5286669648789735, "lr": 0.8420308923596057}, "datetime": {"datetime": "2024-06-13 17:15:16", "elapsed": 0.213429, "delta": 0.00399}}
{"target": -212.68460703210147, "params": {"gamma": 1.2426089778839915, "lr": 0.2791836790111395}, "datetime": {"datetime": "2024-06-13 17:15:16", "elapsed": 0.216422, "delta": 0.002993}}
{"target": -1617.048657480455, "params": {"gamma": 5.858006955311422, "lr": 0.9695957483196745}, "datetime": {"datetime": "2024-06-13 17:15:16", "elapsed": 0.220411, "delta": 0.003989}}
{"target": -2004.4691686889319, "params": {"gamma": 5.6107411623378445, "lr": 0.01864728937294302}, "datetime": {"datetime": "2024-06-13 17:15:16", "elapsed": 0.223403, "delta": 0.002992}}
{"target": -1213.658422608415, "params": {"gamma": 8.006526094133482, "lr": 0.23297427384102043}, "datetime": {"datetime": "2024-06-13 17:15:16", "elapsed": 0.226395, "delta": 0.002992}}
{"target": -1087.7179957800213, "params": {"gamma": 8.071244850992173, "lr": 0.38786064406417176}, "datetime": {"datetime": "2024-06-13 17:15:16", "elapsed": 0.229387, "delta": 0.002992}}
{"target": -1907.8798604295794, "params": {"gamma": 8.635555003739727, "lr": 0.7471216427371846}, "datetime": {"datetime": "2024-06-13 17:15:16", "elapsed": 0.233376, "delta": 0.003989}}
{"target": -1391.5432501312494, "params": {"gamma": 5.562846099670199, "lr": 0.13645522566068502}, "datetime": {"datetime": "2024-06-13 17:15:16", "elapsed": 0.236368, "delta": 0.002992}}
{"target": -203.21382341898286, "params": {"gamma": 0.6001169774326044, "lr": 0.12134345574073735}, "datetime": {"datetime": "2024-06-13 17:15:16", "elapsed": 0.23936, "delta": 0.002992}}
{"target": -186.88175503727567, "params": {"gamma": 0.4464742335690725, "lr": 0.1074941291060929}, "datetime": {"datetime": "2024-06-13 17:15:16", "elapsed": 0.243349, "delta": 0.003989}}
{"target": -507.2914786060081, "params": {"gamma": 2.2578676767399393, "lr": 0.7129889803826767}, "datetime": {"datetime": "2024-06-13 17:15:16", "elapsed": 0.246342, "delta": 0.002993}}
{"target": -1999.7890254314837, "params": {"gamma": 5.597610103559371, "lr": 0.012555980159115854}, "datetime": {"datetime": "2024-06-13 17:15:16", "elapsed": 0.249334, "delta": 0.002992}}
{"target": -235.05257323528522, "params": {"gamma": 0.7206708226151783, "lr": 0.967276330000272}, "datetime": {"datetime": "2024-06-13 17:15:16", "elapsed": 0.253323, "delta": 0.003989}}
{"target": -950.8439851909862, "params": {"gamma": 5.6814365187375016, "lr": 0.20329323466099047}, "datetime": {"datetime": "2024-06-13 17:15:16", "elapsed": 0.256315, "delta": 0.002992}}
{"target": -572.8558611515333, "params": {"gamma": 2.5240051199586637, "lr": 0.7438258540750929}, "datetime": {"datetime": "2024-06-13 17:15:16", "elapsed": 0.260304, "delta": 0.003989}}
{"target": -382.94280342708714, "params": {"gamma": 1.9550993816120785, "lr": 0.5813589272732578}, "datetime": {"datetime": "2024-06-13 17:15:16", "elapsed": 0.263296, "delta": 0.002992}}
{"target": -2425.07291441471, "params": {"gamma": 9.700229870894034, "lr": 0.8468288014900353}, "datetime": {"datetime": "2024-06-13 17:15:16", "elapsed": 0.266288, "delta": 0.002992}}
{"target": -384.31684462587475, "params": {"gamma": 2.399237743716714, "lr": 0.49376971426872995}, "datetime": {"datetime": "2024-06-13 17:15:16", "elapsed": 0.270277, "delta": 0.003989}}
{"target": -1563.2638883526195, "params": {"gamma": 6.199937228095417, "lr": 0.8289808995501787}, "datetime": {"datetime": "2024-06-13 17:15:16", "elapsed": 0.27327, "delta": 0.002993}}
{"target": -570.190884224681, "params": {"gamma": 1.5687571550661965, "lr": 0.018576202177409518}, "datetime": {"datetime": "2024-06-13 17:15:16", "elapsed": 0.276261, "delta": 0.002991}}
{"target": -161.92259498475087, "params": {"gamma": 0.7011514150485041, "lr": 0.4863451109370318}, "datetime": {"datetime": "2024-06-13 17:15:17", "elapsed": 0.280251, "delta": 0.00399}}
{"target": -1097.2162450414523, "params": {"gamma": 6.063688287071651, "lr": 0.5688514370864813}, "datetime": {"datetime": "2024-06-13 17:15:17", "elapsed": 0.283243, "delta": 0.002992}}
{"target": -882.986711291816, "params": {"gamma": 3.1743067308122854, "lr": 0.9886161544124489}, "datetime": {"datetime": "2024-06-13 17:15:17", "elapsed": 0.286235, "delta": 0.002992}}
{"target": -787.0972131195155, "params": {"gamma": 5.797872447238724, "lr": 0.3801411726235504}, "datetime": {"datetime": "2024-06-13 17:15:17", "elapsed": 0.290224, "delta": 0.003989}}
{"target": -1223.6686976149667, "params": {"gamma": 5.509931242959851, "lr": 0.7453344309065021}, "datetime": {"datetime": "2024-06-13 17:15:17", "elapsed": 0.293216, "delta": 0.002992}}
{"target": -957.1191848076305, "params": {"gamma": 6.6926597016383935, "lr": 0.2649195576628094}, "datetime": {"datetime": "2024-06-13 17:15:17", "elapsed": 0.296209, "delta": 0.002993}}
{"target": -148.3031345388168, "params": {"gamma": 0.6642820094499873, "lr": 0.3700841979141063}, "datetime": {"datetime": "2024-06-13 17:15:17", "elapsed": 0.300197, "delta": 0.003988}}
{"target": -1052.4154124580134, "params": {"gamma": 6.297545352708624, "lr": 0.2101740099148396}, "datetime": {"datetime": "2024-06-13 17:15:17", "elapsed": 0.30319, "delta": 0.002993}}
{"target": -2687.832421471098, "params": {"gamma": 7.5278027818344, "lr": 0.06653648135411494}, "datetime": {"datetime": "2024-06-13 17:15:17", "elapsed": 0.306181, "delta": 0.002991}}
{"target": -665.4865282436699, "params": {"gamma": 2.603890670686831, "lr": 0.8047545637433454}, "datetime": {"datetime": "2024-06-13 17:15:17", "elapsed": 0.310171, "delta": 0.00399}}
{"target": -414.405673111046, "params": {"gamma": 1.935149391950654, "lr": 0.6394608808799401}, "datetime": {"datetime": "2024-06-13 17:15:17", "elapsed": 0.313163, "delta": 0.002992}}
{"target": -1449.7751443378145, "params": {"gamma": 5.247178420928214, "lr": 0.9248079703993507}, "datetime": {"datetime": "2024-06-13 17:15:17", "elapsed": 0.316155, "delta": 0.002992}}
{"target": -944.8900362175142, "params": {"gamma": 2.633704408100623, "lr": 0.06596109068402378}, "datetime": {"datetime": "2024-06-13 17:15:17", "elapsed": 0.320144, "delta": 0.003989}}
{"target": -1799.5408205518484, "params": {"gamma": 7.350924566923407, "lr": 0.7721780295432468}, "datetime": {"datetime": "2024-06-13 17:15:17", "elapsed": 0.323136, "delta": 0.002992}}
{"target": -2499.2480833807986, "params": {"gamma": 9.078250709182736, "lr": 0.9319720691968373}, "datetime": {"datetime": "2024-06-13 17:15:17", "elapsed": 0.327125, "delta": 0.003989}}
{"target": -136.08934835640326, "params": {"gamma": 0.14050177818299456, "lr": 0.2343620861214205}, "datetime": {"datetime": "2024-06-13 17:15:17", "elapsed": 0.330118, "delta": 0.002993}}
{"target": -1701.9997625688034, "params": {"gamma": 6.1681667916595755, "lr": 0.9490163206876164}, "datetime": {"datetime": "2024-06-13 17:15:17", "elapsed": 0.33311, "delta": 0.002992}}
{"target": -1710.6670774760275, "params": {"gamma": 9.50181101635155, "lr": 0.5566531881951564}, "datetime": {"datetime": "2024-06-13 17:15:17", "elapsed": 0.337099, "delta": 0.003989}}
{"target": -1882.8747852940623, "params": {"gamma": 9.15614789131298, "lr": 0.6415662089463375}, "datetime": {"datetime": "2024-06-13 17:15:17", "elapsed": 0.340091, "delta": 0.002992}}
{"target": -605.3010308012401, "params": {"gamma": 3.9006871336983213, "lr": 0.48599066709690975}, "datetime": {"datetime": "2024-06-13 17:15:17", "elapsed": 0.34408, "delta": 0.003989}}
{"target": -1055.9765512936422, "params": {"gamma": 6.043500518716813, "lr": 0.5495479215085626}, "datetime": {"datetime": "2024-06-13 17:15:17", "elapsed": 0.347072, "delta": 0.002992}}
{"target": -2549.5624263231557, "params": {"gamma": 9.26188808563783, "lr": 0.9187334356336061}, "datetime": {"datetime": "2024-06-13 17:15:17", "elapsed": 0.350064, "delta": 0.002992}}
{"target": -1094.6412919088016, "params": {"gamma": 3.9493612536226252, "lr": 0.9632625284407118}, "datetime": {"datetime": "2024-06-13 17:15:17", "elapsed": 0.354054, "delta": 0.00399}}
{"target": -449.4208388993452, "params": {"gamma": 1.740382711137963, "lr": 0.12632951943963733}, "datetime": {"datetime": "2024-06-13 17:15:17", "elapsed": 0.357045, "delta": 0.002991}}
{"target": -264.11583620426086, "params": {"gamma": 1.3516565013092665, "lr": 0.5056621656768967}, "datetime": {"datetime": "2024-06-13 17:15:17", "elapsed": 0.361035, "delta": 0.00399}}
{"target": -147.55109438108798, "params": {"gamma": 0.2162265279367056, "lr": 0.947970211217681}, "datetime": {"datetime": "2024-06-13 17:15:17", "elapsed": 0.364027, "delta": 0.002992}}
{"target": -2952.8928003565, "params": {"gamma": 8.271327596236153, "lr": 0.015018980742122379}, "datetime": {"datetime": "2024-06-13 17:15:17", "elapsed": 0.368016, "delta": 0.003989}}
{"target": -262.2759419323983, "params": {"gamma": 1.7627863594949775, "lr": 0.332063574366837}, "datetime": {"datetime": "2024-06-13 17:15:17", "elapsed": 0.371008, "delta": 0.002992}}
{"target": -352.0183103660984, "params": {"gamma": 1.310837451264358, "lr": 0.8094906921265821}, "datetime": {"datetime": "2024-06-13 17:15:17", "elapsed": 0.374997, "delta": 0.003989}}
{"target": -957.6698214595285, "params": {"gamma": 3.4480217901802512, "lr": 0.9401074823333672}, "datetime": {"datetime": "2024-06-13 17:15:17", "elapsed": 0.377989, "delta": 0.002992}}
{"target": -1569.6552823848062, "params": {"gamma": 5.820559785290854, "lr": 0.8788319844118441}, "datetime": {"datetime": "2024-06-13 17:15:17", "elapsed": 0.380982, "delta": 0.002993}}
{"target": -2284.8881098235483, "params": {"gamma": 8.447499719476827, "lr": 0.9053923187086492}, "datetime": {"datetime": "2024-06-13 17:15:17", "elapsed": 0.384971, "delta": 0.003989}}
{"target": -807.4218186290124, "params": {"gamma": 4.599342777902254, "lr": 0.5463468160203733}, "datetime": {"datetime": "2024-06-13 17:15:17", "elapsed": 0.387963, "delta": 0.002992}}
{"target": -1071.6177131946815, "params": {"gamma": 7.986237307929242, "lr": 0.28571885173414757}, "datetime": {"datetime": "2024-06-13 17:15:17", "elapsed": 0.390955, "delta": 0.002992}}
