{"target": -278.85524264589066, "params": {"gamma": 6.250711640076693, "prior": 6.634028573401182, "rate": 7.340553331594224}, "datetime": {"datetime": "2024-06-14 04:07:43", "elapsed": 18.776075, "delta": 0.009973}}
{"target": -338.4580775930005, "params": {"gamma": 5.54904548691878, "prior": 1.162819548016187, "rate": 6.403837458691426}, "datetime": {"datetime": "2024-06-14 04:07:43", "elapsed": 18.786049, "delta": 0.009974}}
{"target": -359.65163686193495, "params": {"gamma": 6.705637999047665, "prior": 2.5760592163646616, "rate": 9.48280432589309}, "datetime": {"datetime": "2024-06-14 04:07:43", "elapsed": 18.797019, "delta": 0.01097}}
{"target": -241.45643262533247, "params": {"gamma": 4.527038501594155, "prior": 8.680484824940818, "rate": 6.5311578451151915}, "datetime": {"datetime": "2024-06-14 04:07:43", "elapsed": 18.806992, "delta": 0.009973}}
{"target": -273.1588046562045, "params": {"gamma": 6.165734558182161, "prior": 5.53906870999164, "rate": 6.4760270347112066}, "datetime": {"datetime": "2024-06-14 04:07:43", "elapsed": 18.817963, "delta": 0.010971}}
{"target": -387.5801829009295, "params": {"gamma": 8.443508165581074, "prior": 7.79110035202588, "rate": 6.726602036977152}, "datetime": {"datetime": "2024-06-14 04:07:43", "elapsed": 18.827937, "delta": 0.009974}}
{"target": -130.31828476533482, "params": {"gamma": 0.31942149138614195, "prior": 0.18607824607212345, "rate": 3.5860179122930487}, "datetime": {"datetime": "2024-06-14 04:07:43", "elapsed": 18.838907, "delta": 0.01097}}
{"target": -165.10014301679695, "params": {"gamma": 0.30730757815686666, "prior": 5.226689787064359, "rate": 0.036535454134401193}, "datetime": {"datetime": "2024-06-14 04:07:43", "elapsed": 18.84888, "delta": 0.009973}}
{"target": -243.0039048139604, "params": {"gamma": 4.80782326402619, "prior": 3.8383252631823646, "rate": 9.57468291548391}, "datetime": {"datetime": "2024-06-14 04:07:43", "elapsed": 18.859851, "delta": 0.010971}}
{"target": -125.15652322180064, "params": {"gamma": 0.5594796463757505, "prior": 0.7453906352106907, "rate": 8.492816205896958}, "datetime": {"datetime": "2024-06-14 04:07:43", "elapsed": 18.869825, "delta": 0.009974}}
{"target": -631.3664648088376, "params": {"gamma": 7.95278352446082, "prior": 9.364876906499536, "rate": 0.7832882493134576}, "datetime": {"datetime": "2024-06-14 04:07:43", "elapsed": 18.880888, "delta": 0.011063}}
{"target": -333.72315854656273, "params": {"gamma": 6.201377645038051, "prior": 5.192608250406824, "rate": 3.2164188746044267}, "datetime": {"datetime": "2024-06-14 04:07:43", "elapsed": 18.891075, "delta": 0.010187}}
{"target": -505.0997288194012, "params": {"gamma": 6.108503694482293, "prior": 9.188970106003065, "rate": 0.6265924993176286}, "datetime": {"datetime": "2024-06-14 04:07:43", "elapsed": 18.901069, "delta": 0.009994}}
{"target": -283.58303841353785, "params": {"gamma": 6.597601675698143, "prior": 2.9231979136433965, "rate": 4.05507146708443}, "datetime": {"datetime": "2024-06-14 04:07:43", "elapsed": 18.912039, "delta": 0.01097}}
{"target": -526.178499166113, "params": {"gamma": 8.497095650065528, "prior": 1.3051221032419362, "rate": 8.429867764940202}, "datetime": {"datetime": "2024-06-14 04:07:43", "elapsed": 18.922012, "delta": 0.009973}}
{"target": -210.4923429003984, "params": {"gamma": 4.043023200888809, "prior": 9.840486039447793, "rate": 9.180238599391384}, "datetime": {"datetime": "2024-06-14 04:07:43", "elapsed": 18.932983, "delta": 0.010971}}
{"target": -226.05976433216537, "params": {"gamma": 4.077336153001339, "prior": 3.0494110501065124, "rate": 2.210242885260159}, "datetime": {"datetime": "2024-06-14 04:07:43", "elapsed": 18.942956, "delta": 0.009973}}
{"target": -150.79047326211318, "params": {"gamma": 2.178141660255354, "prior": 7.710506836041361, "rate": 7.554669376147851}, "datetime": {"datetime": "2024-06-14 04:07:43", "elapsed": 18.95293, "delta": 0.009974}}
{"target": -443.18323313521194, "params": {"gamma": 9.782554060479685, "prior": 0.9247667416835517, "rate": 2.20261362016969}, "datetime": {"datetime": "2024-06-14 04:07:43", "elapsed": 18.9639, "delta": 0.01097}}
{"target": -419.63709902535425, "params": {"gamma": 9.837125648386799, "prior": 5.509106350626703, "rate": 5.537150485250019}, "datetime": {"datetime": "2024-06-14 04:07:43", "elapsed": 18.973874, "delta": 0.009974}}
{"target": -204.5967632604639, "params": {"gamma": 3.4883611819824956, "prior": 7.06748571585924, "rate": 4.998138049601288}, "datetime": {"datetime": "2024-06-14 04:07:43", "elapsed": 18.983847, "delta": 0.009973}}
{"target": -415.27502139958375, "params": {"gamma": 4.695463118034527, "prior": 5.542751161345011, "rate": 0.25277683452447997}, "datetime": {"datetime": "2024-06-14 04:07:43", "elapsed": 18.99482, "delta": 0.010973}}
{"target": -282.4569804858181, "params": {"gamma": 5.313075133078175, "prior": 1.4163491522539797, "rate": 4.589832013123402}, "datetime": {"datetime": "2024-06-14 04:07:43", "elapsed": 19.005788, "delta": 0.010968}}
{"target": -145.098872050004, "params": {"gamma": 0.8236297527845414, "prior": 8.900720326296751, "rate": 3.7848776219177442}, "datetime": {"datetime": "2024-06-14 04:07:43", "elapsed": 19.015762, "delta": 0.009974}}
{"target": -323.5308811730341, "params": {"gamma": 4.304116749507192, "prior": 7.4464056980919, "rate": 1.5585894193146912}, "datetime": {"datetime": "2024-06-14 04:07:43", "elapsed": 19.026733, "delta": 0.010971}}
{"target": -297.328609230596, "params": {"gamma": 5.750661895522346, "prior": 5.159372732252272, "rate": 3.6836674731700536}, "datetime": {"datetime": "2024-06-14 04:07:43", "elapsed": 19.037703, "delta": 0.01097}}
{"target": -371.2846167740174, "params": {"gamma": 6.833671828543643, "prior": 7.965413407633205, "rate": 4.677377247445764}, "datetime": {"datetime": "2024-06-14 04:07:43", "elapsed": 19.047676, "delta": 0.009973}}
{"target": -362.9716903166121, "params": {"gamma": 6.273883706867163, "prior": 9.134137256508124, "rate": 4.570261651531608}, "datetime": {"datetime": "2024-06-14 04:07:43", "elapsed": 19.058647, "delta": 0.010971}}
{"target": -138.29378732244746, "params": {"gamma": 1.3510644515976318, "prior": 5.4780076342581925, "rate": 4.300850527874765}, "datetime": {"datetime": "2024-06-14 04:07:43", "elapsed": 19.06862, "delta": 0.009973}}
{"target": -542.8650367434825, "params": {"gamma": 7.6833624868607115, "prior": 7.996978647259612, "rate": 1.719287872743418}, "datetime": {"datetime": "2024-06-14 04:07:43", "elapsed": 19.079591, "delta": 0.010971}}
{"target": -245.5695676284889, "params": {"gamma": 4.379951424269699, "prior": 2.741527848856144, "rate": 9.54693755681465}, "datetime": {"datetime": "2024-06-14 04:07:43", "elapsed": 19.090562, "delta": 0.010971}}
{"target": -405.4530280729781, "params": {"gamma": 9.368784466603346, "prior": 4.400052644616815, "rate": 4.310675867474359}, "datetime": {"datetime": "2024-06-14 04:07:43", "elapsed": 19.100535, "delta": 0.009973}}
{"target": -447.39744730618975, "params": {"gamma": 7.465025027815888, "prior": 6.000161900798046, "rate": 2.5914507949566294}, "datetime": {"datetime": "2024-06-14 04:07:43", "elapsed": 19.111507, "delta": 0.010972}}
{"target": -252.51429834772856, "params": {"gamma": 4.832217482249796, "prior": 8.912072929132934, "rate": 6.815859364103486}, "datetime": {"datetime": "2024-06-14 04:07:43", "elapsed": 19.121479, "delta": 0.009972}}
{"target": -375.23314515132824, "params": {"gamma": 5.631702156360547, "prior": 8.779863851817137, "rate": 2.763487550262558}, "datetime": {"datetime": "2024-06-14 04:07:43", "elapsed": 19.13245, "delta": 0.010971}}
{"target": -537.4337704350681, "params": {"gamma": 9.968477906522146, "prior": 2.07841434989855, "rate": 8.398095485642296}, "datetime": {"datetime": "2024-06-14 04:07:43", "elapsed": 19.142423, "delta": 0.009973}}
{"target": -379.9694043447631, "params": {"gamma": 7.423677265955892, "prior": 8.654133782311007, "rate": 5.849590827242212}, "datetime": {"datetime": "2024-06-14 04:07:43", "elapsed": 19.152397, "delta": 0.009974}}
{"target": -148.84285946650246, "params": {"gamma": 2.324580257505538, "prior": 4.8868473200156455, "rate": 8.623889760611993}, "datetime": {"datetime": "2024-06-14 04:07:43", "elapsed": 19.163367, "delta": 0.01097}}
{"target": -473.9338426037854, "params": {"gamma": 7.9782472422770105, "prior": 1.8177543148375053, "rate": 9.922107078907667}, "datetime": {"datetime": "2024-06-14 04:07:43", "elapsed": 19.17334, "delta": 0.009973}}
{"target": -135.7960427536169, "params": {"gamma": 0.30509199963247896, "prior": 3.987219786468616, "rate": 7.544258751962611}, "datetime": {"datetime": "2024-06-14 04:07:43", "elapsed": 19.184198, "delta": 0.010858}}
{"target": -592.7136376316327, "params": {"gamma": 9.737423089296351, "prior": 1.5070537571269909, "rate": 9.240481445983646}, "datetime": {"datetime": "2024-06-14 04:07:43", "elapsed": 19.194172, "delta": 0.009974}}
{"target": -157.26704148897335, "params": {"gamma": 2.1910205215764544, "prior": 5.571121613460873, "rate": 4.328641890073879}, "datetime": {"datetime": "2024-06-14 04:07:44", "elapsed": 19.205142, "delta": 0.01097}}
{"target": -334.9910236129242, "params": {"gamma": 8.080742990009732, "prior": 1.471838851029407, "rate": 1.909508341737192}, "datetime": {"datetime": "2024-06-14 04:07:44", "elapsed": 19.215116, "delta": 0.009974}}
{"target": -317.94106083727485, "params": {"gamma": 5.6755575331194175, "prior": 2.178521665483254, "rate": 8.800046492896152}, "datetime": {"datetime": "2024-06-14 04:07:44", "elapsed": 19.225407, "delta": 0.010291}}
{"target": -283.0246737360379, "params": {"gamma": 5.783951692141619, "prior": 9.126375539251068, "rate": 7.643651482024123}, "datetime": {"datetime": "2024-06-14 04:07:44", "elapsed": 19.236378, "delta": 0.010971}}
{"target": -397.35141547738357, "params": {"gamma": 4.749956447996781, "prior": 6.954842154506416, "rate": 0.5989622103785784}, "datetime": {"datetime": "2024-06-14 04:07:44", "elapsed": 19.247349, "delta": 0.010971}}
{"target": -491.2700311643779, "params": {"gamma": 6.3129540540322955, "prior": 9.842067917397047, "rate": 1.1947254178184115}, "datetime": {"datetime": "2024-06-14 04:07:44", "elapsed": 19.257322, "delta": 0.009973}}
{"target": -357.87284920849584, "params": {"gamma": 4.516215172846799, "prior": 0.2834860525337505, "rate": 6.881590456377558}, "datetime": {"datetime": "2024-06-14 04:07:44", "elapsed": 19.267295, "delta": 0.009973}}
{"target": -149.3612376534369, "params": {"gamma": 0.19520689181535128, "prior": 4.607194980262459, "rate": 2.192284951246659}, "datetime": {"datetime": "2024-06-14 04:07:44", "elapsed": 19.278267, "delta": 0.010972}}
{"target": -350.50314930992255, "params": {"gamma": 8.072347745473287, "prior": 6.491810326909217, "rate": 6.663022020111727}, "datetime": {"datetime": "2024-06-14 04:07:44", "elapsed": 19.288239, "delta": 0.009972}}
{"target": -288.873378394975, "params": {"gamma": 5.49936117147423, "prior": 2.5794193904395852, "rate": 8.157094551477481}, "datetime": {"datetime": "2024-06-14 04:07:44", "elapsed": 19.29921, "delta": 0.010971}}
{"target": -359.34855658315865, "params": {"gamma": 8.801319434535824, "prior": 4.439339280064714, "rate": 5.863711820741532}, "datetime": {"datetime": "2024-06-14 04:07:44", "elapsed": 19.309183, "delta": 0.009973}}
{"target": -305.04037203223834, "params": {"gamma": 6.243379942629359, "prior": 7.303295041403323, "rate": 5.909446588136741}, "datetime": {"datetime": "2024-06-14 04:07:44", "elapsed": 19.320154, "delta": 0.010971}}
{"target": -410.69236535271256, "params": {"gamma": 8.066169168171944, "prior": 8.258471981731269, "rate": 5.56594710415588}, "datetime": {"datetime": "2024-06-14 04:07:44", "elapsed": 19.330128, "delta": 0.009974}}
{"target": -380.72190592888893, "params": {"gamma": 8.829655088096155, "prior": 2.109092556269915, "rate": 4.136740721638024}, "datetime": {"datetime": "2024-06-14 04:07:44", "elapsed": 19.341098, "delta": 0.01097}}
{"target": -395.5367206893387, "params": {"gamma": 6.301468383632087, "prior": 1.1154697020039852, "rate": 7.186717564230962}, "datetime": {"datetime": "2024-06-14 04:07:44", "elapsed": 19.351072, "delta": 0.009974}}
{"target": -226.72506111228827, "params": {"gamma": 4.797353694402805, "prior": 3.852038987367971, "rate": 4.519015226631978}, "datetime": {"datetime": "2024-06-14 04:07:44", "elapsed": 19.362042, "delta": 0.01097}}
{"target": -217.69023112545247, "params": {"gamma": 3.6764939669400882, "prior": 2.471426634522078, "rate": 9.158808384961374}, "datetime": {"datetime": "2024-06-14 04:07:44", "elapsed": 19.372015, "delta": 0.009973}}
{"target": -456.378682565532, "params": {"gamma": 7.993823586812164, "prior": 3.406006211735859, "rate": 1.691347664222673}, "datetime": {"datetime": "2024-06-14 04:07:44", "elapsed": 19.382986, "delta": 0.010971}}
{"target": -133.80917728301256, "params": {"gamma": 1.1671456351759943, "prior": 7.973795195960528, "rate": 7.020580256606766}, "datetime": {"datetime": "2024-06-14 04:07:44", "elapsed": 19.392959, "delta": 0.009973}}
{"target": -124.29639127096985, "params": {"gamma": 0.7532513187567459, "prior": 1.2542804976959159, "rate": 9.138126532938669}, "datetime": {"datetime": "2024-06-14 04:07:44", "elapsed": 19.402932, "delta": 0.009973}}
{"target": -553.8253433954998, "params": {"gamma": 8.697844167744172, "prior": 2.990329199931283, "rate": 1.0208976946159853}, "datetime": {"datetime": "2024-06-14 04:07:44", "elapsed": 19.413904, "delta": 0.010972}}
{"target": -602.5005218926832, "params": {"gamma": 8.089104924003614, "prior": 0.35911927558226864, "rate": 6.363840611525337}, "datetime": {"datetime": "2024-06-14 04:07:44", "elapsed": 19.423877, "delta": 0.009973}}
{"target": -175.39719153671624, "params": {"gamma": 1.6017100608988064, "prior": 6.947081844135219, "rate": 1.6810289418629691}, "datetime": {"datetime": "2024-06-14 04:07:44", "elapsed": 19.434848, "delta": 0.010971}}
{"target": -188.64427512654652, "params": {"gamma": 3.491138224246637, "prior": 1.3086604715542876, "rate": 2.8715832231230745}, "datetime": {"datetime": "2024-06-14 04:07:44", "elapsed": 19.445819, "delta": 0.010971}}
{"target": -128.38129702382585, "params": {"gamma": 1.2918445291131877, "prior": 4.687523094792548, "rate": 6.494427895595687}, "datetime": {"datetime": "2024-06-14 04:07:44", "elapsed": 19.455791, "delta": 0.009972}}
{"target": -215.60188512340108, "params": {"gamma": 3.945711176055152, "prior": 9.534289164446331, "rate": 7.5488990420267905}, "datetime": {"datetime": "2024-06-14 04:07:44", "elapsed": 19.466762, "delta": 0.010971}}
{"target": -307.4242717349002, "params": {"gamma": 5.444208932057693, "prior": 5.67887663019228, "rate": 3.2067189291281246}, "datetime": {"datetime": "2024-06-14 04:07:44", "elapsed": 19.476735, "delta": 0.009973}}
{"target": -493.4480368752541, "params": {"gamma": 5.1256851497310105, "prior": 7.602335802195582, "rate": 0.019094445132394236}, "datetime": {"datetime": "2024-06-14 04:07:44", "elapsed": 19.487706, "delta": 0.010971}}
{"target": -237.3239746802018, "params": {"gamma": 4.806438381858799, "prior": 9.051149756240171, "rate": 8.49515263986085}, "datetime": {"datetime": "2024-06-14 04:07:44", "elapsed": 19.499674, "delta": 0.011968}}
{"target": -157.25802135602922, "params": {"gamma": 2.210733350081861, "prior": 7.388740776568681, "rate": 5.849151492900638}, "datetime": {"datetime": "2024-06-14 04:07:44", "elapsed": 19.510644, "delta": 0.01097}}
{"target": -252.86389982100667, "params": {"gamma": 5.255835607120612, "prior": 6.648300677217822, "rate": 6.321044057567672}, "datetime": {"datetime": "2024-06-14 04:07:44", "elapsed": 19.520618, "delta": 0.009974}}
{"target": -142.94430442377399, "params": {"gamma": 0.7151025607260231, "prior": 4.226738133427656, "rate": 1.9937729109275177}, "datetime": {"datetime": "2024-06-14 04:07:44", "elapsed": 19.531589, "delta": 0.010971}}
{"target": -299.02810898187585, "params": {"gamma": 7.006133824526521, "prior": 2.8057722884778102, "rate": 4.36475792464087}, "datetime": {"datetime": "2024-06-14 04:07:44", "elapsed": 19.541562, "delta": 0.009973}}
{"target": -350.08238848982705, "params": {"gamma": 8.216434846465544, "prior": 7.852323575275002, "rate": 8.541747338132712}, "datetime": {"datetime": "2024-06-14 04:07:44", "elapsed": 19.552533, "delta": 0.010971}}
{"target": -430.2647267615349, "params": {"gamma": 4.791059397936408, "prior": 9.272297925997325, "rate": 0.31651532588659786}, "datetime": {"datetime": "2024-06-14 04:07:44", "elapsed": 19.562506, "delta": 0.009973}}
{"target": -420.98622858337836, "params": {"gamma": 9.382894180194201, "prior": 3.551425046560445, "rate": 8.128417943848676}, "datetime": {"datetime": "2024-06-14 04:07:44", "elapsed": 19.572479, "delta": 0.009973}}
{"target": -449.1640332149264, "params": {"gamma": 9.483262648120892, "prior": 8.928959309652628, "rate": 6.980493154617331}, "datetime": {"datetime": "2024-06-14 04:07:44", "elapsed": 19.583451, "delta": 0.010972}}
{"target": -391.6024660386426, "params": {"gamma": 6.702161211463432, "prior": 9.738421930452827, "rate": 4.651622241751715}, "datetime": {"datetime": "2024-06-14 04:07:44", "elapsed": 19.594422, "delta": 0.010971}}
{"target": -139.26153749528717, "params": {"gamma": 1.041066599814464, "prior": 0.3390594280462933, "rate": 8.813120742542266}, "datetime": {"datetime": "2024-06-14 04:07:44", "elapsed": 19.604394, "delta": 0.009972}}
{"target": -145.941634654307, "params": {"gamma": 0.2628840047433559, "prior": 9.513197094050101, "rate": 5.699606506289468}, "datetime": {"datetime": "2024-06-14 04:07:44", "elapsed": 19.615006, "delta": 0.010612}}
{"target": -155.89339494675423, "params": {"gamma": 0.001000000159826059, "prior": 10.0, "rate": 10.0}, "datetime": {"datetime": "2024-06-14 04:08:28", "elapsed": 63.49391, "delta": 43.878904}}
{"target": -155.82518458488883, "params": {"gamma": 0.001, "prior": 0.1, "rate": 8.911926012251884}, "datetime": {"datetime": "2024-06-14 04:09:05", "elapsed": 100.774219, "delta": 37.280309}}
{"target": -126.64286119614879, "params": {"gamma": 0.667642660195578, "prior": 6.009604486936337, "rate": 9.49705797575239}, "datetime": {"datetime": "2024-06-14 04:09:29", "elapsed": 124.837866, "delta": 24.063647}}
{"target": -126.5113689357731, "params": {"gamma": 0.9279820164360713, "prior": 1.4433879869330972, "rate": 9.950670671753839}, "datetime": {"datetime": "2024-06-14 04:09:54", "elapsed": 149.287955, "delta": 24.450089}}
{"target": -124.03306288246142, "params": {"gamma": 0.7343625578030453, "prior": 0.15049368872530655, "rate": 1.0688746807499572}, "datetime": {"datetime": "2024-06-14 04:10:14", "elapsed": 169.52519, "delta": 20.237235}}
{"target": -122.85666371229499, "params": {"gamma": 0.79338828587896, "prior": 0.8726284427189807, "rate": 4.168469778625261}, "datetime": {"datetime": "2024-06-14 04:10:46", "elapsed": 201.686374, "delta": 32.161184}}
{"target": -122.7204315186507, "params": {"gamma": 0.6631067547387102, "prior": 1.232281210467736, "rate": 5.48733986938185}, "datetime": {"datetime": "2024-06-14 04:11:17", "elapsed": 232.810606, "delta": 31.124232}}
{"target": -124.84868847411164, "params": {"gamma": 0.8167900995603143, "prior": 6.052847203700511, "rate": 9.95047803140098}, "datetime": {"datetime": "2024-06-14 04:11:41", "elapsed": 256.41007, "delta": 23.599464}}
{"target": -122.57694038470792, "params": {"gamma": 0.88460217843678, "prior": 0.4927156355212613, "rate": 1.7267302718386714}, "datetime": {"datetime": "2024-06-14 04:12:07", "elapsed": 282.613879, "delta": 26.203809}}
{"target": -122.8315386958862, "params": {"gamma": 0.92335209018135, "prior": 2.8342397756767768, "rate": 6.528829445307268}, "datetime": {"datetime": "2024-06-14 04:12:47", "elapsed": 322.865297, "delta": 40.251418}}
{"target": -123.68846838541, "params": {"gamma": 1.0475443904449353, "prior": 3.7728803683976695, "rate": 7.858121151017592}, "datetime": {"datetime": "2024-06-14 04:13:05", "elapsed": 341.055575, "delta": 18.190278}}
{"target": -123.03438434875608, "params": {"gamma": 0.7081594163164252, "prior": 0.8528487030343882, "rate": 4.725541229360255}, "datetime": {"datetime": "2024-06-14 04:13:22", "elapsed": 357.683283, "delta": 16.627708}}
{"target": -122.68574823416198, "params": {"gamma": 0.938823478810257, "prior": 3.5253024764202774, "rate": 9.899165286439809}, "datetime": {"datetime": "2024-06-14 04:13:39", "elapsed": 374.874652, "delta": 17.191369}}
{"target": -123.81483608182879, "params": {"gamma": 1.0697678543946036, "prior": 4.725615379213233, "rate": 9.998386835926267}, "datetime": {"datetime": "2024-06-14 04:14:03", "elapsed": 398.940186, "delta": 24.065534}}
{"target": -122.33036487516833, "params": {"gamma": 0.8524770284169791, "prior": 2.067478424760505, "rate": 6.491775129854509}, "datetime": {"datetime": "2024-06-14 04:14:21", "elapsed": 416.945574, "delta": 18.005388}}
{"target": -123.03581042305478, "params": {"gamma": 0.9814393470748578, "prior": 1.0126459793538523, "rate": 2.3721781692134747}, "datetime": {"datetime": "2024-06-14 04:14:38", "elapsed": 433.283426, "delta": 16.337852}}
{"target": -123.21848160165956, "params": {"gamma": 0.6440074724290855, "prior": 1.3921423574693983, "rate": 8.036672484552021}, "datetime": {"datetime": "2024-06-14 04:15:14", "elapsed": 469.339305, "delta": 36.055879}}
{"target": -125.63540074607421, "params": {"gamma": 0.8922197192694277, "prior": 2.1676876958020013, "rate": 3.1762625860771796}, "datetime": {"datetime": "2024-06-14 04:15:40", "elapsed": 495.298054, "delta": 25.958749}}
{"target": -126.7677491619876, "params": {"gamma": 0.596308224729608, "prior": 0.10001668466621633, "rate": 2.160408152219053}, "datetime": {"datetime": "2024-06-14 04:16:12", "elapsed": 528.093685, "delta": 32.795631}}
{"target": -122.91035593356122, "params": {"gamma": 0.7905234081655199, "prior": 1.9148442971806359, "rate": 9.336548307250519}, "datetime": {"datetime": "2024-06-14 04:16:44", "elapsed": 560.125287, "delta": 32.031602}}
