{"target": -140.7377714875289, "params": {"gamma": 0.657282747746784, "prior": 4.544031005383378, "rate": 8.378448285186794}, "datetime": {"datetime": "2024-06-14 10:30:37", "elapsed": 12.3542, "delta": 0.010628}}
{"target": -171.45251894077524, "params": {"gamma": 1.7983467816471097, "prior": 0.48173470650167005, "rate": 7.327203051217345}, "datetime": {"datetime": "2024-06-14 10:30:37", "elapsed": 12.363682, "delta": 0.009482}}
{"target": -364.5588689815287, "params": {"gamma": 5.630844195010378, "prior": 0.5164002018474038, "rate": 9.848867755318958}, "datetime": {"datetime": "2024-06-14 10:30:37", "elapsed": 12.378642, "delta": 0.01496}}
{"target": -302.74808058054487, "params": {"gamma": 5.693754542449788, "prior": 5.893051062330274, "rate": 7.899276512022575}, "datetime": {"datetime": "2024-06-14 10:30:37", "elapsed": 12.391607, "delta": 0.012965}}
{"target": -500.39333752547356, "params": {"gamma": 9.026444072192401, "prior": 0.7014322896639713, "rate": 3.485783580678766}, "datetime": {"datetime": "2024-06-14 10:30:37", "elapsed": 12.401581, "delta": 0.009974}}
{"target": -174.69404837905407, "params": {"gamma": 2.001718538820858, "prior": 4.70500016338409, "rate": 0.9155879517141836}, "datetime": {"datetime": "2024-06-14 10:30:37", "elapsed": 12.412551, "delta": 0.01097}}
{"target": -139.92220565217818, "params": {"gamma": 0.6817896566229965, "prior": 3.07880538798981, "rate": 9.04354823246074}, "datetime": {"datetime": "2024-06-14 10:30:37", "elapsed": 12.422525, "delta": 0.009974}}
{"target": -512.122694535534, "params": {"gamma": 9.755444236897075, "prior": 7.660828314655607, "rate": 0.008408388692528457}, "datetime": {"datetime": "2024-06-14 10:30:37", "elapsed": 12.433496, "delta": 0.010971}}
{"target": -414.42102847585267, "params": {"gamma": 7.3524203268081045, "prior": 0.3177258488517453, "rate": 1.6864882568683546}, "datetime": {"datetime": "2024-06-14 10:30:37", "elapsed": 12.444465, "delta": 0.010969}}
{"target": -143.33739305225552, "params": {"gamma": 0.10612956883701744, "prior": 1.576357287795895, "rate": 6.87536774608507}, "datetime": {"datetime": "2024-06-14 10:30:37", "elapsed": 12.454439, "delta": 0.009974}}
{"target": -370.10354832790534, "params": {"gamma": 7.020466736538225, "prior": 3.773666325556383, "rate": 7.312177051179447}, "datetime": {"datetime": "2024-06-14 10:30:37", "elapsed": 12.464412, "delta": 0.009973}}
{"target": -422.8357030120855, "params": {"gamma": 8.47319475004096, "prior": 1.3905393929713459, "rate": 0.8749857543012785}, "datetime": {"datetime": "2024-06-14 10:30:37", "elapsed": 12.474386, "delta": 0.009974}}
{"target": -220.97604364074795, "params": {"gamma": 3.7198426436825134, "prior": 4.098448011756622, "rate": 2.764765794383843}, "datetime": {"datetime": "2024-06-14 10:30:37", "elapsed": 12.484359, "delta": 0.009973}}
{"target": -400.98014167587496, "params": {"gamma": 7.5419276912585245, "prior": 3.2856833854686824, "rate": 8.001642974863078}, "datetime": {"datetime": "2024-06-14 10:30:37", "elapsed": 12.494333, "delta": 0.009974}}
{"target": -454.0561679673173, "params": {"gamma": 9.113172234382187, "prior": 5.180175174658037, "rate": 4.294790874776841}, "datetime": {"datetime": "2024-06-14 10:30:37", "elapsed": 12.504306, "delta": 0.009973}}
{"target": -141.3592928538932, "params": {"gamma": 0.9168564269132811, "prior": 2.8094053076691683, "rate": 8.866591497643999}, "datetime": {"datetime": "2024-06-14 10:30:37", "elapsed": 12.514279, "delta": 0.009973}}
{"target": -176.55320319785514, "params": {"gamma": 2.460197468394256, "prior": 6.24977493002166, "rate": 4.950578951032165}, "datetime": {"datetime": "2024-06-14 10:30:37", "elapsed": 12.524252, "delta": 0.009973}}
{"target": -152.87160404269778, "params": {"gamma": 0.9446309868062094, "prior": 9.003748460789474, "rate": 0.6786405537486796}, "datetime": {"datetime": "2024-06-14 10:30:37", "elapsed": 12.535224, "delta": 0.010972}}
{"target": -349.3322871644828, "params": {"gamma": 6.807342552340344, "prior": 9.722781585845405, "rate": 7.09402853441662}, "datetime": {"datetime": "2024-06-14 10:30:37", "elapsed": 12.545122, "delta": 0.009898}}
{"target": -220.39690599208322, "params": {"gamma": 3.2597612958632975, "prior": 0.8270576470431867, "rate": 5.797790733426387}, "datetime": {"datetime": "2024-06-14 10:30:37", "elapsed": 12.555057, "delta": 0.009935}}
{"target": -383.6232498974501, "params": {"gamma": 7.335436665512681, "prior": 3.6525757331700546, "rate": 6.537860973630521}, "datetime": {"datetime": "2024-06-14 10:30:37", "elapsed": 12.56503, "delta": 0.009973}}
{"target": -369.409356525484, "params": {"gamma": 5.6663474905763875, "prior": 0.4376535322434657, "rate": 9.207023836034617}, "datetime": {"datetime": "2024-06-14 10:30:37", "elapsed": 12.575004, "delta": 0.009974}}
{"target": -224.83310639979072, "params": {"gamma": 3.80067802872134, "prior": 3.8560792455691626, "rate": 8.463712402100912}, "datetime": {"datetime": "2024-06-14 10:30:37", "elapsed": 12.585975, "delta": 0.010971}}
{"target": -265.471529058905, "params": {"gamma": 4.843294742066144, "prior": 4.565581063206701, "rate": 6.398927296728125}, "datetime": {"datetime": "2024-06-14 10:30:37", "elapsed": 12.595948, "delta": 0.009973}}
{"target": -164.5964300744644, "params": {"gamma": 2.118501136597562, "prior": 5.330176857702819, "rate": 6.68601667563293}, "datetime": {"datetime": "2024-06-14 10:30:37", "elapsed": 12.60592, "delta": 0.009972}}
{"target": -287.6395678427444, "params": {"gamma": 5.388228223129067, "prior": 7.116735261329858, "rate": 5.985766383139416}, "datetime": {"datetime": "2024-06-14 10:30:37", "elapsed": 12.615894, "delta": 0.009974}}
{"target": -434.47546110247225, "params": {"gamma": 8.414213931463882, "prior": 8.803790551734272, "rate": 0.979294191124055}, "datetime": {"datetime": "2024-06-14 10:30:37", "elapsed": 12.625867, "delta": 0.009973}}
{"target": -183.32227625242973, "params": {"gamma": 2.5866813512262476, "prior": 0.6410959386512911, "rate": 2.289689785820543}, "datetime": {"datetime": "2024-06-14 10:30:37", "elapsed": 12.635841, "delta": 0.009974}}
{"target": -377.32356471545427, "params": {"gamma": 7.209446154413992, "prior": 0.8775978709769626, "rate": 1.5520400109873145}, "datetime": {"datetime": "2024-06-14 10:30:37", "elapsed": 12.645814, "delta": 0.009973}}
{"target": -388.8929409986334, "params": {"gamma": 7.707912505930211, "prior": 4.498819255990509, "rate": 2.9019172561855204}, "datetime": {"datetime": "2024-06-14 10:30:37", "elapsed": 12.656784, "delta": 0.01097}}
{"target": -359.7426624184975, "params": {"gamma": 6.440202978033387, "prior": 8.880690205028927, "rate": 0.3770167983173472}, "datetime": {"datetime": "2024-06-14 10:30:37", "elapsed": 12.666948, "delta": 0.010164}}
{"target": -358.9518299737845, "params": {"gamma": 6.931250350669296, "prior": 6.718652167826616, "rate": 8.680252973877208}, "datetime": {"datetime": "2024-06-14 10:30:37", "elapsed": 12.677909, "delta": 0.010961}}
{"target": -175.29398490271168, "params": {"gamma": 1.964524028194986, "prior": 7.156647032386309, "rate": 1.0399071814446177}, "datetime": {"datetime": "2024-06-14 10:30:37", "elapsed": 12.688542, "delta": 0.010633}}
{"target": -148.20743267277493, "params": {"gamma": 0.5672069415832846, "prior": 6.839880739152903, "rate": 0.22732450662229567}, "datetime": {"datetime": "2024-06-14 10:30:37", "elapsed": 12.698516, "delta": 0.009974}}
{"target": -139.24850117684855, "params": {"gamma": 0.4439465889324353, "prior": 0.46583492545602645, "rate": 4.65463967682463}, "datetime": {"datetime": "2024-06-14 10:30:37", "elapsed": 12.708217, "delta": 0.009701}}
{"target": -389.88047100232063, "params": {"gamma": 7.5789365730024665, "prior": 9.92277231453038, "rate": 2.2668503578440693}, "datetime": {"datetime": "2024-06-14 10:30:37", "elapsed": 12.71819, "delta": 0.009973}}
{"target": -402.82830359342074, "params": {"gamma": 7.924009872480004, "prior": 7.972934055378927, "rate": 8.72255485071234}, "datetime": {"datetime": "2024-06-14 10:30:37", "elapsed": 12.72916, "delta": 0.01097}}
{"target": -211.39951509605618, "params": {"gamma": 3.1432456469635857, "prior": 1.4159580458583867, "rate": 7.967219098261448}, "datetime": {"datetime": "2024-06-14 10:30:37", "elapsed": 12.740131, "delta": 0.010971}}
{"target": -316.62055863411746, "params": {"gamma": 5.675065913341395, "prior": 4.2050738753286225, "rate": 0.587358130182522}, "datetime": {"datetime": "2024-06-14 10:30:37", "elapsed": 12.750104, "delta": 0.009973}}
{"target": -144.90876456641325, "params": {"gamma": 0.06656219698395709, "prior": 3.2286322867153814, "rate": 2.715316394543481}, "datetime": {"datetime": "2024-06-14 10:30:37", "elapsed": 12.760077, "delta": 0.009973}}
{"target": -265.19887903513114, "params": {"gamma": 4.757760549476385, "prior": 9.243757460551764, "rate": 4.167428176120559}, "datetime": {"datetime": "2024-06-14 10:30:37", "elapsed": 12.771048, "delta": 0.010971}}
{"target": -197.0158187315889, "params": {"gamma": 2.8795508249232378, "prior": 8.467940679140908, "rate": 3.0701917238377807}, "datetime": {"datetime": "2024-06-14 10:30:37", "elapsed": 12.781022, "delta": 0.009974}}
{"target": -454.7121167787179, "params": {"gamma": 9.155924640477402, "prior": 8.647777248513803, "rate": 6.388553062492898}, "datetime": {"datetime": "2024-06-14 10:30:37", "elapsed": 12.790995, "delta": 0.009973}}
{"target": -409.0094674942704, "params": {"gamma": 7.477004260543885, "prior": 1.6574956757483044, "rate": 6.029139826844452}, "datetime": {"datetime": "2024-06-14 10:30:37", "elapsed": 12.801058, "delta": 0.010063}}
{"target": -208.1675908153133, "params": {"gamma": 3.2710458013785924, "prior": 4.937912730263073, "rate": 2.2546291955209634}, "datetime": {"datetime": "2024-06-14 10:30:37", "elapsed": 12.811031, "delta": 0.009973}}
{"target": -454.7689049889709, "params": {"gamma": 9.019674819004562, "prior": 4.174184394127804, "rate": 4.767863797915282}, "datetime": {"datetime": "2024-06-14 10:30:37", "elapsed": 12.821005, "delta": 0.009974}}
{"target": -397.2065332380501, "params": {"gamma": 7.214306126589714, "prior": 1.3097484479347787, "rate": 5.031147420462448}, "datetime": {"datetime": "2024-06-14 10:30:37", "elapsed": 12.831974, "delta": 0.010969}}
{"target": -407.56246193525, "params": {"gamma": 8.131663485200999, "prior": 6.805684413213499, "rate": 3.2171856095203215}, "datetime": {"datetime": "2024-06-14 10:30:37", "elapsed": 12.841948, "delta": 0.009974}}
{"target": -363.9465135539964, "params": {"gamma": 7.106943301265306, "prior": 9.350952026926866, "rate": 8.947867607275063}, "datetime": {"datetime": "2024-06-14 10:30:37", "elapsed": 12.851923, "delta": 0.009975}}
{"target": -382.6537188968096, "params": {"gamma": 7.422605646963092, "prior": 2.7344015716166092, "rate": 3.725501581962508}, "datetime": {"datetime": "2024-06-14 10:30:37", "elapsed": 12.862892, "delta": 0.010969}}
{"target": -296.98070572199475, "params": {"gamma": 5.584620793314178, "prior": 3.872384078878505, "rate": 4.558012873762793}, "datetime": {"datetime": "2024-06-14 10:30:37", "elapsed": 12.872865, "delta": 0.009973}}
{"target": -462.665839835773, "params": {"gamma": 7.935465915232807, "prior": 1.1290073078901408, "rate": 9.7299927856935}, "datetime": {"datetime": "2024-06-14 10:30:37", "elapsed": 12.882839, "delta": 0.009974}}
{"target": -360.8071473115412, "params": {"gamma": 7.046486043044176, "prior": 8.660805896925622, "rate": 7.817018859374792}, "datetime": {"datetime": "2024-06-14 10:30:37", "elapsed": 12.892812, "delta": 0.009973}}
{"target": -253.87954754984497, "params": {"gamma": 4.322404951375301, "prior": 9.430860319493826, "rate": 2.5316090848682102}, "datetime": {"datetime": "2024-06-14 10:30:37", "elapsed": 12.902789, "delta": 0.009977}}
{"target": -140.88104928262055, "params": {"gamma": 0.46343798347233406, "prior": 1.0590944796215522, "rate": 2.0081654825988586}, "datetime": {"datetime": "2024-06-14 10:30:38", "elapsed": 12.91376, "delta": 0.010971}}
{"target": -304.6928069437251, "params": {"gamma": 5.3912662829380675, "prior": 2.3136652704027774, "rate": 8.353372877694195}, "datetime": {"datetime": "2024-06-14 10:30:38", "elapsed": 12.923733, "delta": 0.009973}}
{"target": -144.38170639748242, "params": {"gamma": 0.09437753374081341, "prior": 7.484419195067273, "rate": 9.69010921459811}, "datetime": {"datetime": "2024-06-14 10:30:38", "elapsed": 12.933707, "delta": 0.009974}}
{"target": -181.22073504354472, "params": {"gamma": 2.6725649276388403, "prior": 6.275773513641307, "rate": 7.148081569821106}, "datetime": {"datetime": "2024-06-14 10:30:38", "elapsed": 12.944678, "delta": 0.010971}}
{"target": -202.09896099352733, "params": {"gamma": 3.270247221878411, "prior": 4.387953061937092, "rate": 7.344354052301767}, "datetime": {"datetime": "2024-06-14 10:30:38", "elapsed": 12.956863, "delta": 0.012185}}
{"target": -146.50225601407746, "params": {"gamma": 1.3123707216933747, "prior": 1.5224911326883348, "rate": 3.7546878211627708}, "datetime": {"datetime": "2024-06-14 10:30:38", "elapsed": 12.968124, "delta": 0.011261}}
{"target": -175.60795122763884, "params": {"gamma": 2.2848621090646066, "prior": 3.139165298421994, "rate": 1.5015067831741629}, "datetime": {"datetime": "2024-06-14 10:30:38", "elapsed": 12.979094, "delta": 0.01097}}
{"target": -148.91470303545432, "params": {"gamma": 0.9672639623300204, "prior": 9.168241908051757, "rate": 3.4595881913084976}, "datetime": {"datetime": "2024-06-14 10:30:38", "elapsed": 12.989067, "delta": 0.009973}}
{"target": -299.33268688403575, "params": {"gamma": 5.660096601094165, "prior": 5.51726777421675, "rate": 4.5041251239749585}, "datetime": {"datetime": "2024-06-14 10:30:38", "elapsed": 12.99904, "delta": 0.009973}}
{"target": -399.9430255597276, "params": {"gamma": 7.478457982844058, "prior": 3.3826069277300896, "rate": 8.924882091116567}, "datetime": {"datetime": "2024-06-14 10:30:38", "elapsed": 13.009015, "delta": 0.009975}}
{"target": -144.63187742162523, "params": {"gamma": 0.6812641898485671, "prior": 5.7914069679783005, "rate": 3.391186716940452}, "datetime": {"datetime": "2024-06-14 10:30:38", "elapsed": 13.019985, "delta": 0.01097}}
{"target": -217.20987903432857, "params": {"gamma": 3.6396395485330513, "prior": 3.120469153051323, "rate": 6.036259408805832}, "datetime": {"datetime": "2024-06-14 10:30:38", "elapsed": 13.029958, "delta": 0.009973}}
{"target": -172.05502225977997, "params": {"gamma": 2.34484488740895, "prior": 3.013631376935151, "rate": 2.8556604108589827}, "datetime": {"datetime": "2024-06-14 10:30:38", "elapsed": 13.039932, "delta": 0.009974}}
{"target": -145.4070393100404, "params": {"gamma": 0.06894765796633268, "prior": 3.779023243593732, "rate": 0.4899246143734417}, "datetime": {"datetime": "2024-06-14 10:30:38", "elapsed": 13.049905, "delta": 0.009973}}
{"target": -437.04692587142426, "params": {"gamma": 8.743887748991542, "prior": 7.246044050893931, "rate": 5.953475738168867}, "datetime": {"datetime": "2024-06-14 10:30:38", "elapsed": 13.059878, "delta": 0.009973}}
{"target": -377.5343947854137, "params": {"gamma": 7.439039471551036, "prior": 9.020831429535983, "rate": 6.941211543141177}, "datetime": {"datetime": "2024-06-14 10:30:38", "elapsed": 13.069852, "delta": 0.009974}}
{"target": -325.8818413016499, "params": {"gamma": 5.90797241496815, "prior": 1.3301665118919654, "rate": 4.046421932570356}, "datetime": {"datetime": "2024-06-14 10:30:38", "elapsed": 13.079825, "delta": 0.009973}}
{"target": -308.8600289802185, "params": {"gamma": 5.789933531360811, "prior": 6.068159221609412, "rate": 9.607817590001783}, "datetime": {"datetime": "2024-06-14 10:30:38", "elapsed": 13.090796, "delta": 0.010971}}
{"target": -171.09570583570945, "params": {"gamma": 2.0557977104341765, "prior": 6.665198142873705, "rate": 2.5650349774738426}, "datetime": {"datetime": "2024-06-14 10:30:38", "elapsed": 13.100769, "delta": 0.009973}}
{"target": -245.38715818442554, "params": {"gamma": 4.1781946638619605, "prior": 9.722309574884378, "rate": 3.31144322847995}, "datetime": {"datetime": "2024-06-14 10:30:38", "elapsed": 13.110742, "delta": 0.009973}}
{"target": -236.94507108746552, "params": {"gamma": 3.620869630590026, "prior": 4.451727639802938, "rate": 0.4076372311016773}, "datetime": {"datetime": "2024-06-14 10:30:38", "elapsed": 13.121712, "delta": 0.01097}}
{"target": -229.49175221381867, "params": {"gamma": 3.9863038148057774, "prior": 6.227952485750611, "rate": 5.7812217885154835}, "datetime": {"datetime": "2024-06-14 10:30:38", "elapsed": 13.131686, "delta": 0.009974}}
{"target": -437.1773524211146, "params": {"gamma": 8.734253865159978, "prior": 6.447746922370251, "rate": 5.570002490848631}, "datetime": {"datetime": "2024-06-14 10:30:38", "elapsed": 13.14166, "delta": 0.009974}}
{"target": -404.8294874872086, "params": {"gamma": 6.406830923563959, "prior": 0.5714061557653263, "rate": 9.961217364236495}, "datetime": {"datetime": "2024-06-14 10:30:38", "elapsed": 13.152631, "delta": 0.010971}}
{"target": -154.12206246809725, "params": {"gamma": 1.517902470777048, "prior": 4.242624178680719, "rate": 2.953219449966769}, "datetime": {"datetime": "2024-06-14 10:30:38", "elapsed": 13.162603, "delta": 0.009972}}
{"target": -304.7663938972666, "params": {"gamma": 5.7725917240622495, "prior": 5.6396541321313896, "rate": 3.5217911282734677}, "datetime": {"datetime": "2024-06-14 10:30:38", "elapsed": 13.172577, "delta": 0.009974}}
{"target": -489.3572836167211, "params": {"gamma": 9.73632101034662, "prior": 7.537589226886725, "rate": 8.898523787979325}, "datetime": {"datetime": "2024-06-14 10:30:38", "elapsed": 13.184545, "delta": 0.011968}}
{"target": -253.61108431030138, "params": {"gamma": 4.554646543417618, "prior": 6.0341202774811045, "rate": 4.135119304282028}, "datetime": {"datetime": "2024-06-14 10:30:38", "elapsed": 13.195516, "delta": 0.010971}}
{"target": -202.6876926674623, "params": {"gamma": 3.043247399234573, "prior": 5.302158650435817, "rate": 1.9104821219709982}, "datetime": {"datetime": "2024-06-14 10:30:38", "elapsed": 13.206486, "delta": 0.01097}}
{"target": -185.97367081581982, "params": {"gamma": 2.141803137630578, "prior": 5.156795441297785, "rate": 0.13950689289069168}, "datetime": {"datetime": "2024-06-14 10:30:38", "elapsed": 13.21646, "delta": 0.009974}}
{"target": -248.6900529714881, "params": {"gamma": 4.4554255996411385, "prior": 9.967336646400456, "rate": 8.227007128517913}, "datetime": {"datetime": "2024-06-14 10:30:38", "elapsed": 13.226433, "delta": 0.009973}}
{"target": -147.76933229131637, "params": {"gamma": 0.8355220043224125, "prior": 6.5933141384600535, "rate": 2.25470390737774}, "datetime": {"datetime": "2024-06-14 10:30:38", "elapsed": 13.237516, "delta": 0.011083}}
{"target": -144.6016348737338, "params": {"gamma": 1.1804405667721274, "prior": 3.551904901646867, "rate": 6.771991012506975}, "datetime": {"datetime": "2024-06-14 10:30:38", "elapsed": 13.247664, "delta": 0.010148}}
{"target": -352.63409376660564, "params": {"gamma": 5.508094840668205, "prior": 0.5352303689625977, "rate": 8.567685939201464}, "datetime": {"datetime": "2024-06-14 10:30:38", "elapsed": 13.258082, "delta": 0.010418}}
{"target": -274.44992251131134, "params": {"gamma": 4.776472641076445, "prior": 8.582084626197144, "rate": 1.8773524615382258}, "datetime": {"datetime": "2024-06-14 10:30:38", "elapsed": 13.269053, "delta": 0.010971}}
{"target": -144.00900912536673, "params": {"gamma": 0.8382489282379628, "prior": 5.208099654210848, "rate": 4.545992085303224}, "datetime": {"datetime": "2024-06-14 10:30:38", "elapsed": 13.279276, "delta": 0.010223}}
{"target": -143.49692336596218, "params": {"gamma": 0.13993009549948474, "prior": 0.4896104379385867, "rate": 0.9372347244778493}, "datetime": {"datetime": "2024-06-14 10:30:38", "elapsed": 13.289833, "delta": 0.010557}}
{"target": -140.19536521569052, "params": {"gamma": 0.4077341217427622, "prior": 1.839816766707203, "rate": 5.7557859749589015}, "datetime": {"datetime": "2024-06-14 10:30:38", "elapsed": 13.300033, "delta": 0.0102}}
{"target": -285.31862611981813, "params": {"gamma": 4.768049447045129, "prior": 9.79972035532993, "rate": 0.7083006030293989}, "datetime": {"datetime": "2024-06-14 10:30:38", "elapsed": 13.31056, "delta": 0.010527}}
{"target": -444.2171740994467, "params": {"gamma": 8.67428890537549, "prior": 5.827345843187369, "rate": 8.764878981579999}, "datetime": {"datetime": "2024-06-14 10:30:38", "elapsed": 13.320429, "delta": 0.009869}}
{"target": -139.36868578321892, "params": {"gamma": 0.5580803899209963, "prior": 1.0816198620738768, "rate": 8.631084082751796}, "datetime": {"datetime": "2024-06-14 10:30:38", "elapsed": 13.330379, "delta": 0.00995}}
{"target": -330.9211159552761, "params": {"gamma": 5.7042698804473675, "prior": 5.629088630789569, "rate": 0.13111366674830982}, "datetime": {"datetime": "2024-06-14 10:30:38", "elapsed": 13.340365, "delta": 0.009986}}
{"target": -334.5901544517618, "params": {"gamma": 6.422885788360278, "prior": 8.491878366232083, "rate": 9.96126578479924}, "datetime": {"datetime": "2024-06-14 10:30:38", "elapsed": 13.351622, "delta": 0.011257}}
{"target": -243.25784286711567, "params": {"gamma": 4.3301149523829, "prior": 3.182949555977844, "rate": 4.0482984794974595}, "datetime": {"datetime": "2024-06-14 10:30:38", "elapsed": 13.362535, "delta": 0.010913}}
{"target": -168.98570334251974, "params": {"gamma": 2.2810229380137588, "prior": 2.3383759888621203, "rate": 4.337002443043325}, "datetime": {"datetime": "2024-06-14 10:30:38", "elapsed": 13.372508, "delta": 0.009973}}
{"target": -353.80754256457084, "params": {"gamma": 6.845710542660374, "prior": 6.641299157065754, "rate": 7.725129192452083}, "datetime": {"datetime": "2024-06-14 10:30:38", "elapsed": 13.382482, "delta": 0.009974}}
{"target": -166.47107605693196, "params": {"gamma": 2.1689300660171678, "prior": 7.314193149454935, "rate": 7.952743020363484}, "datetime": {"datetime": "2024-06-14 10:30:38", "elapsed": 13.393452, "delta": 0.01097}}
