{"target": -125.45395192570139, "params": {"p_ai": 8.770325995338487, "p_al": 0.6055781424620017, "p_ex": 9.153630970485896, "prior": 3.126272695375876, "rate": 7.291643087678667}, "datetime": {"datetime": "2024-06-13 01:41:08", "elapsed": 179.727256, "delta": 0.104748}}
{"target": -105.96181914272547, "params": {"p_ai": 2.7518289522714894, "p_al": 7.298895417256382, "p_ex": 7.843767691102058, "prior": 5.672487747176142, "rate": 1.1105717736698424}, "datetime": {"datetime": "2024-06-13 01:41:08", "elapsed": 179.832531, "delta": 0.105275}}
{"target": -117.17846533598205, "params": {"p_ai": 1.247871409908292, "p_al": 8.557223361607665, "p_ex": 9.338905564922545, "prior": 6.48689413185161, "rate": 1.8505555040416244}, "datetime": {"datetime": "2024-06-13 01:41:08", "elapsed": 179.936906, "delta": 0.104375}}
{"target": -107.53715342789515, "params": {"p_ai": 7.223530679015805, "p_al": 2.24124043974893, "p_ex": 7.527701900619364, "prior": 9.986270401401512, "rate": 9.21315808846653}, "datetime": {"datetime": "2024-06-13 01:41:08", "elapsed": 180.042626, "delta": 0.10572}}
{"target": -110.14939389830836, "params": {"p_ai": 5.273141992225733, "p_al": 6.226826610338095, "p_ex": 3.1548595349206674, "prior": 8.80547682526261, "rate": 8.603039096320444}, "datetime": {"datetime": "2024-06-13 01:41:09", "elapsed": 180.146952, "delta": 0.104326}}
{"target": -121.84910183999732, "params": {"p_ai": 0.6065850175834976, "p_al": 5.496862853636701, "p_ex": 3.8062741334354793, "prior": 5.568875726002874, "rate": 1.8225452520664278}, "datetime": {"datetime": "2024-06-13 01:41:09", "elapsed": 180.253433, "delta": 0.106481}}
{"target": -173.38309276333175, "params": {"p_ai": 7.922102909519271, "p_al": 1.1798197293564334, "p_ex": 2.03110869407715, "prior": 0.240474371425576, "rate": 0.5859235832070392}, "datetime": {"datetime": "2024-06-13 01:41:09", "elapsed": 180.360878, "delta": 0.107445}}
{"target": -83.28980110215272, "params": {"p_ai": 1.1926597295710184, "p_al": 4.514193436178149, "p_ex": 8.956965481922483, "prior": 1.0385871412974723, "rate": 9.97386964902612}, "datetime": {"datetime": "2024-06-13 01:41:09", "elapsed": 180.466595, "delta": 0.105717}}
{"target": -131.63348218487644, "params": {"p_ai": 9.224262281692667, "p_al": 1.260577525518817, "p_ex": 5.616515417818752, "prior": 5.787635942732416, "rate": 7.815082836250449}, "datetime": {"datetime": "2024-06-13 01:41:09", "elapsed": 180.571674, "delta": 0.105079}}
{"target": -90.05696811772522, "params": {"p_ai": 0.9946733715912853, "p_al": 0.8915032303886438, "p_ex": 9.44716286698995, "prior": 4.255373920746752, "rate": 8.191767220881795}, "datetime": {"datetime": "2024-06-13 01:41:09", "elapsed": 180.676393, "delta": 0.104719}}
{"target": -194.1932040791401, "params": {"p_ai": 7.830121494744263, "p_al": 8.379166151578875, "p_ex": 1.3983772214326267, "prior": 0.9182260342043448, "rate": 4.429075722724998}, "datetime": {"datetime": "2024-06-13 01:41:09", "elapsed": 180.781113, "delta": 0.10472}}
{"target": -146.07348503225515, "params": {"p_ai": 8.081224431768419, "p_al": 1.4039906013943886, "p_ex": 1.7982747248411668, "prior": 1.6068167605474208, "rate": 2.3069735255674932}, "datetime": {"datetime": "2024-06-13 01:41:09", "elapsed": 180.885833, "delta": 0.10472}}
{"target": -95.33956608846735, "params": {"p_ai": 3.281120992807415, "p_al": 0.6787294793388832, "p_ex": 3.865854946905693, "prior": 2.805558299035431, "rate": 1.5326903508244825}, "datetime": {"datetime": "2024-06-13 01:41:09", "elapsed": 180.99158, "delta": 0.105747}}
{"target": -83.41535150815946, "params": {"p_ai": 3.1334272363301388, "p_al": 4.993087848316837, "p_ex": 6.709437696219011, "prior": 2.9164717145299424, "rate": 4.868817051590856}, "datetime": {"datetime": "2024-06-13 01:41:09", "elapsed": 181.096734, "delta": 0.105154}}
{"target": -152.66924549066317, "params": {"p_ai": 6.940908597202748, "p_al": 9.423233485024044, "p_ex": 1.1340151517070014, "prior": 3.7711443085018157, "rate": 8.66685935806579}, "datetime": {"datetime": "2024-06-13 01:41:10", "elapsed": 181.201296, "delta": 0.104562}}
{"target": -177.23562115677868, "params": {"p_ai": 7.679523092182005, "p_al": 8.25958993480353, "p_ex": 0.37000277360014155, "prior": 8.040765772392614, "rate": 0.9535397258234063}, "datetime": {"datetime": "2024-06-13 01:41:10", "elapsed": 181.307014, "delta": 0.105718}}
{"target": -81.77725903634229, "params": {"p_ai": 3.527731441558376, "p_al": 2.331016845411896, "p_ex": 9.84381250107112, "prior": 4.823939198601884, "rate": 2.8040028370318577}, "datetime": {"datetime": "2024-06-13 01:41:10", "elapsed": 181.411373, "delta": 0.104359}}
{"target": -120.94559230779026, "params": {"p_ai": 4.20831303644071, "p_al": 1.3909199912438017, "p_ex": 7.8123479058368535, "prior": 8.210723794409088, "rate": 0.060692924712947724}, "datetime": {"datetime": "2024-06-13 01:41:10", "elapsed": 181.516208, "delta": 0.104835}}
{"target": -109.81202762275271, "params": {"p_ai": 3.586736625409582, "p_al": 9.279393194911547, "p_ex": 5.586318850329485, "prior": 1.7037725617162454, "rate": 3.9774673080792806}, "datetime": {"datetime": "2024-06-13 01:41:10", "elapsed": 181.621476, "delta": 0.105268}}
{"target": -98.58300437999088, "params": {"p_ai": 6.307483126500032, "p_al": 7.635259602323334, "p_ex": 9.854815211342656, "prior": 9.776881933179979, "rate": 4.441927905590453}, "datetime": {"datetime": "2024-06-13 01:41:10", "elapsed": 181.726196, "delta": 0.10472}}
{"target": -168.57871881822604, "params": {"p_ai": 9.179882536983376, "p_al": 7.237878515196161, "p_ex": 1.5502361081867004, "prior": 5.6936167436773015, "rate": 5.296019123071802}, "datetime": {"datetime": "2024-06-13 01:41:10", "elapsed": 181.830918, "delta": 0.104722}}
{"target": -163.6649011919919, "params": {"p_ai": 9.3954808270492, "p_al": 6.926539717875964, "p_ex": 5.394686533645217, "prior": 9.187316743334772, "rate": 0.8100829607163762}, "datetime": {"datetime": "2024-06-13 01:41:10", "elapsed": 181.936636, "delta": 0.105718}}
{"target": -128.71672557668512, "params": {"p_ai": 3.094916993572918, "p_al": 3.6642165952533947, "p_ex": 0.11845844310111493, "prior": 5.452034263649911, "rate": 3.856364428548411}, "datetime": {"datetime": "2024-06-13 01:41:10", "elapsed": 182.041741, "delta": 0.105105}}
{"target": -84.91609574207679, "params": {"p_ai": 4.65197580062364, "p_al": 0.5270892060138994, "p_ex": 9.805510777843343, "prior": 8.7538486659174, "rate": 3.1268548644551957}, "datetime": {"datetime": "2024-06-13 01:41:11", "elapsed": 182.146462, "delta": 0.104721}}
{"target": -116.07963638857103, "params": {"p_ai": 0.8186114436392081, "p_al": 1.066901745487618, "p_ex": 1.1136713740479698, "prior": 3.142322315774355, "rate": 7.467461809968642}, "datetime": {"datetime": "2024-06-13 01:41:11", "elapsed": 182.251642, "delta": 0.10518}}
{"target": -135.97617050921653, "params": {"p_ai": 8.67835826934303, "p_al": 4.504354254314959, "p_ex": 7.3542718795900415, "prior": 1.954921454335733, "rate": 1.9398555014637024}, "datetime": {"datetime": "2024-06-13 01:41:11", "elapsed": 182.357154, "delta": 0.105512}}
{"target": -127.3025651019274, "params": {"p_ai": 3.675066216725256, "p_al": 3.4930642409083035, "p_ex": 3.0214884061699934, "prior": 5.498054713306537, "rate": 0.12793941966032618}, "datetime": {"datetime": "2024-06-13 01:41:11", "elapsed": 182.461875, "delta": 0.104721}}
{"target": -133.5917674726001, "params": {"p_ai": 3.592949377328632, "p_al": 6.850240208220651, "p_ex": 2.0762081974303945, "prior": 1.809196226734778, "rate": 2.941861912968554}, "datetime": {"datetime": "2024-06-13 01:41:11", "elapsed": 182.566936, "delta": 0.105061}}
{"target": -258.62307254264067, "params": {"p_ai": 0.0570794264110311, "p_al": 3.4485010399955662, "p_ex": 8.284216693945723, "prior": 0.22387027810913668, "rate": 0.30416112021260816}, "datetime": {"datetime": "2024-06-13 01:41:11", "elapsed": 182.671657, "delta": 0.104721}}
{"target": -81.61315583596236, "params": {"p_ai": 3.7441838512918704, "p_al": 0.6545373626395712, "p_ex": 8.530620095744082, "prior": 3.6361514821744563, "rate": 7.087162602781017}, "datetime": {"datetime": "2024-06-13 01:41:11", "elapsed": 182.777373, "delta": 0.105716}}
{"target": -130.9332495770584, "params": {"p_ai": 3.425736032867562, "p_al": 2.854851210663137, "p_ex": 0.05590843511159711, "prior": 2.7010673520654245, "rate": 5.582512215150337}, "datetime": {"datetime": "2024-06-13 01:41:11", "elapsed": 182.882093, "delta": 0.10472}}
{"target": -125.39367016796609, "params": {"p_ai": 3.952715254018773, "p_al": 8.451666840823487, "p_ex": 2.5363778194337905, "prior": 9.201972385751201, "rate": 1.4504370511416007}, "datetime": {"datetime": "2024-06-13 01:41:11", "elapsed": 182.988044, "delta": 0.105951}}
{"target": -145.84170335891366, "params": {"p_ai": 4.839672515828387, "p_al": 2.020657909509962, "p_ex": 1.1227070742976464, "prior": 0.7902785856182359, "rate": 0.9805149571102284}, "datetime": {"datetime": "2024-06-13 01:41:11", "elapsed": 183.09376, "delta": 0.105716}}
{"target": -132.68450676794873, "params": {"p_ai": 4.434795231200355, "p_al": 4.939871104309284, "p_ex": 2.9452144192316068, "prior": 7.103606491623381, "rate": 0.21598214968952503}, "datetime": {"datetime": "2024-06-13 01:41:12", "elapsed": 183.197815, "delta": 0.104055}}
{"target": -118.18191393140509, "params": {"p_ai": 3.0966072855252476, "p_al": 8.4279922185235, "p_ex": 5.475035998134492, "prior": 0.5526442623327297, "rate": 5.102147829330874}, "datetime": {"datetime": "2024-06-13 01:41:12", "elapsed": 183.303353, "delta": 0.105538}}
{"target": -80.12891167222885, "params": {"p_ai": 2.9432512066981205, "p_al": 1.6641068935056507, "p_ex": 6.79315699912272, "prior": 1.9689723488615207, "rate": 3.9595303293616912}, "datetime": {"datetime": "2024-06-13 01:41:12", "elapsed": 183.408571, "delta": 0.105218}}
{"target": -320.55036783300267, "params": {"p_ai": 7.277921528343489, "p_al": 8.099541411826896, "p_ex": 6.015246650712711, "prior": 1.3089566403392192, "rate": 0.10989390105380556}, "datetime": {"datetime": "2024-06-13 01:41:12", "elapsed": 183.512872, "delta": 0.104301}}
{"target": -123.584039264882, "params": {"p_ai": 2.9264355812037617, "p_al": 4.8393618600855035, "p_ex": 0.7576327747204976, "prior": 0.8358287218164281, "rate": 9.794963867843931}, "datetime": {"datetime": "2024-06-13 01:41:12", "elapsed": 183.618164, "delta": 0.105292}}
{"target": -103.68054521360753, "params": {"p_ai": 6.243085317339162, "p_al": 8.229260310475276, "p_ex": 7.810318538165776, "prior": 5.102871349984904, "rate": 6.070014439084623}, "datetime": {"datetime": "2024-06-13 01:41:12", "elapsed": 183.723884, "delta": 0.10572}}
{"target": -136.04523016137784, "params": {"p_ai": 2.825230053129282, "p_al": 9.360024382024866, "p_ex": 6.169073746264268, "prior": 4.069085998139481, "rate": 0.5027332281108874}, "datetime": {"datetime": "2024-06-13 01:41:12", "elapsed": 183.828607, "delta": 0.104723}}
{"target": -133.3715610550503, "params": {"p_ai": 1.049344743577626, "p_al": 4.439949432686932, "p_ex": 0.23860297366404565, "prior": 2.8864211596602547, "rate": 2.149739736234594}, "datetime": {"datetime": "2024-06-13 01:41:12", "elapsed": 183.93233, "delta": 0.103723}}
{"target": -81.5251722127031, "params": {"p_ai": 2.2158851068296688, "p_al": 1.927645508890136, "p_ex": 8.39168993709635, "prior": 4.660974693206179, "rate": 5.431847982540647}, "datetime": {"datetime": "2024-06-13 01:41:12", "elapsed": 184.037555, "delta": 0.105225}}
{"target": -139.03006621599607, "params": {"p_ai": 5.8085928743625805, "p_al": 0.944366227967611, "p_ex": 0.64104585878172, "prior": 9.868115074039345, "rate": 2.8390302919312274}, "datetime": {"datetime": "2024-06-13 01:41:13", "elapsed": 184.141629, "delta": 0.104074}}
{"target": -90.74820085155571, "params": {"p_ai": 1.4198719573620413, "p_al": 0.18877194032575711, "p_ex": 8.707206755855346, "prior": 1.7382795648924734, "rate": 1.7161810902589858}, "datetime": {"datetime": "2024-06-13 01:41:13", "elapsed": 184.247735, "delta": 0.106106}}
{"target": -88.42690015068051, "params": {"p_ai": 3.7275861586587777, "p_al": 1.8259027452235743, "p_ex": 4.410654513672928, "prior": 5.787178774859332, "rate": 8.361759262901945}, "datetime": {"datetime": "2024-06-13 01:41:13", "elapsed": 184.351659, "delta": 0.103924}}
{"target": -116.80197377495251, "params": {"p_ai": 5.883359694122646, "p_al": 9.240396445238543, "p_ex": 4.8133585954781895, "prior": 6.218810829625913, "rate": 4.417624344923028}, "datetime": {"datetime": "2024-06-13 01:41:13", "elapsed": 184.459877, "delta": 0.108218}}
{"target": -132.41974196404234, "params": {"p_ai": 9.125192472682842, "p_al": 7.104368034825856, "p_ex": 6.028364300611192, "prior": 8.434044408073273, "rate": 9.065053929593057}, "datetime": {"datetime": "2024-06-13 01:41:13", "elapsed": 184.564232, "delta": 0.104355}}
{"target": -114.15416219289888, "params": {"p_ai": 5.780278487109837, "p_al": 2.076747006550658, "p_ex": 3.331566249185239, "prior": 9.200192456243458, "rate": 4.912084820739068}, "datetime": {"datetime": "2024-06-13 01:41:13", "elapsed": 184.669949, "delta": 0.105717}}
{"target": -165.61895151980244, "params": {"p_ai": 8.451666587577435, "p_al": 4.916269488434407, "p_ex": 0.4834385541964983, "prior": 5.884638160158028, "rate": 9.798903067710715}, "datetime": {"datetime": "2024-06-13 01:41:13", "elapsed": 184.774669, "delta": 0.10472}}
{"target": -97.95568289806292, "params": {"p_ai": 1.515503008079487, "p_al": 6.269598335019419, "p_ex": 6.444503803436437, "prior": 1.0631561907006035, "rate": 2.990461280954757}, "datetime": {"datetime": "2024-06-13 01:41:13", "elapsed": 184.879389, "delta": 0.10472}}
{"target": -239.0834776943303, "params": {"p_ai": 3.8959831830687888, "p_al": 9.543671365430777, "p_ex": 5.7679660457770074, "prior": 0.8744967488020646, "rate": 1.072490181520753}, "datetime": {"datetime": "2024-06-13 01:41:13", "elapsed": 184.98411, "delta": 0.104721}}
{"target": -163.68725342252839, "params": {"p_ai": 9.536873374341363, "p_al": 8.053636578774547, "p_ex": 4.283588449105331, "prior": 6.72524282989263, "rate": 2.1200766989315696}, "datetime": {"datetime": "2024-06-13 01:41:13", "elapsed": 185.089827, "delta": 0.105717}}
{"target": -106.7909434596068, "params": {"p_ai": 5.202125476901955, "p_al": 9.755434569703551, "p_ex": 8.304415130244, "prior": 2.1605768686823534, "rate": 4.4847867469510385}, "datetime": {"datetime": "2024-06-13 01:41:14", "elapsed": 185.194547, "delta": 0.10472}}
{"target": -99.76568311822983, "params": {"p_ai": 5.727242202985682, "p_al": 5.708443316833046, "p_ex": 9.305325516899234, "prior": 2.5517056784217282, "rate": 6.563738478113883}, "datetime": {"datetime": "2024-06-13 01:41:14", "elapsed": 185.304652, "delta": 0.110105}}
{"target": -119.1603822956344, "params": {"p_ai": 7.812690271993985, "p_al": 1.160601525110093, "p_ex": 5.264365526462768, "prior": 4.1240237657859025, "rate": 5.023421940232455}, "datetime": {"datetime": "2024-06-13 01:41:14", "elapsed": 185.410369, "delta": 0.105717}}
{"target": -132.0016930939751, "params": {"p_ai": 0.6540852484869445, "p_al": 2.6960916194395437, "p_ex": 2.500770394588615, "prior": 6.6871079272570775, "rate": 0.5016923042482302}, "datetime": {"datetime": "2024-06-13 01:41:14", "elapsed": 185.515179, "delta": 0.10481}}
{"target": -156.57558044359848, "params": {"p_ai": 9.731373002481384, "p_al": 3.757498753387578, "p_ex": 8.718826986612719, "prior": 6.943229007107121, "rate": 0.296761024531815}, "datetime": {"datetime": "2024-06-13 01:41:14", "elapsed": 185.624449, "delta": 0.10927}}
{"target": -107.22520644166606, "params": {"p_ai": 0.8736192603075104, "p_al": 0.950537411031849, "p_ex": 5.642699732456598, "prior": 5.660857561045755, "rate": 3.1067697447742884}, "datetime": {"datetime": "2024-06-13 01:41:14", "elapsed": 185.729771, "delta": 0.105322}}
{"target": -119.27607292041783, "params": {"p_ai": 1.1328230404335249, "p_al": 7.6862883074548956, "p_ex": 1.3828505939648221, "prior": 5.850733827565691, "rate": 5.087266420902204}, "datetime": {"datetime": "2024-06-13 01:41:14", "elapsed": 185.834492, "delta": 0.104721}}
{"target": -131.84894533091494, "params": {"p_ai": 5.101719491681198, "p_al": 3.5940143066396395, "p_ex": 0.5557328765858107, "prior": 3.362607447052891, "rate": 9.49856917371997}, "datetime": {"datetime": "2024-06-13 01:41:14", "elapsed": 185.939213, "delta": 0.104721}}
{"target": -132.22369158956488, "params": {"p_ai": 9.48337904821076, "p_al": 4.2937613368317145, "p_ex": 7.420744505584506, "prior": 5.576596190715166, "rate": 9.140122463625204}, "datetime": {"datetime": "2024-06-13 01:41:14", "elapsed": 186.044932, "delta": 0.105719}}
{"target": -158.0749228720395, "params": {"p_ai": 7.364367670973599, "p_al": 3.939915265535041, "p_ex": 0.6062933343870917, "prior": 8.106318299713879, "rate": 3.1648914024045944}, "datetime": {"datetime": "2024-06-13 01:41:15", "elapsed": 186.149653, "delta": 0.104721}}
{"target": -107.07658844961176, "params": {"p_ai": 4.942556773417114, "p_al": 5.415751685695423, "p_ex": 5.175770439769287, "prior": 1.4627757268828725, "rate": 3.5940904567909753}, "datetime": {"datetime": "2024-06-13 01:41:15", "elapsed": 186.255543, "delta": 0.10589}}
{"target": -125.469327154956, "params": {"p_ai": 3.6137307964915024, "p_al": 2.1587353818993296, "p_ex": 0.36945596621601556, "prior": 9.241854257258078, "rate": 3.54382328264327}, "datetime": {"datetime": "2024-06-13 01:41:15", "elapsed": 186.359771, "delta": 0.104228}}
{"target": -91.4247361368629, "params": {"p_ai": 1.9587906202407985, "p_al": 8.641052718885055, "p_ex": 4.9810365006234445, "prior": 8.199431128890511, "rate": 7.633434166521316}, "datetime": {"datetime": "2024-06-13 01:41:15", "elapsed": 186.464741, "delta": 0.10497}}
{"target": -100.32078359926936, "params": {"p_ai": 1.168130717558482, "p_al": 5.161270516651569, "p_ex": 3.3430727719670768, "prior": 6.859749327254686, "rate": 7.872388981522223}, "datetime": {"datetime": "2024-06-13 01:41:15", "elapsed": 186.570112, "delta": 0.105371}}
{"target": -89.0849907338741, "params": {"p_ai": 2.8478120950384707, "p_al": 4.200642296622124, "p_ex": 8.823654541848954, "prior": 7.640276990704428, "rate": 2.8497379449744105}, "datetime": {"datetime": "2024-06-13 01:41:15", "elapsed": 186.675405, "delta": 0.105293}}
{"target": -113.21961536576325, "params": {"p_ai": 7.239099541271242, "p_al": 0.27237542317981583, "p_ex": 5.633388052583022, "prior": 0.4117319370996556, "rate": 1.2616859991783544}, "datetime": {"datetime": "2024-06-13 01:41:15", "elapsed": 186.779691, "delta": 0.104286}}
{"target": -129.95374017977701, "params": {"p_ai": 8.206165134860953, "p_al": 6.816393871648483, "p_ex": 4.388876193891318, "prior": 3.9577011246636613, "rate": 8.758079863717915}, "datetime": {"datetime": "2024-06-13 01:41:15", "elapsed": 186.885409, "delta": 0.105718}}
{"target": -117.29003565605365, "params": {"p_ai": 2.3884335366247096, "p_al": 3.940443508270194, "p_ex": 1.4356388466563614, "prior": 6.724593074749828, "rate": 1.7569187206082415}, "datetime": {"datetime": "2024-06-13 01:41:15", "elapsed": 186.991127, "delta": 0.105718}}
{"target": -299.8387935833149, "params": {"p_ai": 9.997538219439393, "p_al": 9.64435836980209, "p_ex": 0.67846837073078, "prior": 0.7094191982531912, "rate": 2.4716590613240044}, "datetime": {"datetime": "2024-06-13 01:41:15", "elapsed": 187.095846, "delta": 0.104719}}
{"target": -86.36310159431767, "params": {"p_ai": 3.113199216845208, "p_al": 7.979576509476988, "p_ex": 7.528886769872903, "prior": 1.7898699701152085, "rate": 7.40547428623903}, "datetime": {"datetime": "2024-06-13 01:41:16", "elapsed": 187.200566, "delta": 0.10472}}
{"target": -108.2976881158148, "params": {"p_ai": 3.768939080848803, "p_al": 3.154090453024458, "p_ex": 2.0018974713345363, "prior": 5.5689349379506545, "rate": 5.0800663214378}, "datetime": {"datetime": "2024-06-13 01:41:16", "elapsed": 187.305287, "delta": 0.104721}}
{"target": -192.24626686071556, "params": {"p_ai": 9.04527696601336, "p_al": 1.645316780675287, "p_ex": 0.26180135711145114, "prior": 1.392915278638611, "rate": 0.36451297992350945}, "datetime": {"datetime": "2024-06-13 01:41:16", "elapsed": 187.410024, "delta": 0.104737}}
{"target": -103.63018457589179, "params": {"p_ai": 5.687163566769333, "p_al": 7.716013039606546, "p_ex": 9.871777231050503, "prior": 8.472619903469722, "rate": 1.69659327492476}, "datetime": {"datetime": "2024-06-13 01:41:16", "elapsed": 187.515307, "delta": 0.105283}}
{"target": -195.69633754039114, "params": {"p_ai": 9.77961288637034, "p_al": 5.785494040079212, "p_ex": 8.102580535658149, "prior": 0.1151810139076463, "rate": 1.9803693431064198}, "datetime": {"datetime": "2024-06-13 01:41:16", "elapsed": 187.620592, "delta": 0.105285}}
{"target": -149.72832242231823, "params": {"p_ai": 9.250464838932725, "p_al": 2.426362024183873, "p_ex": 5.396154540001887, "prior": 7.260620274186737, "rate": 1.0100096424153542}, "datetime": {"datetime": "2024-06-13 01:41:16", "elapsed": 187.725311, "delta": 0.104719}}
{"target": -106.57746301444594, "params": {"p_ai": 5.72774124176241, "p_al": 2.1274884194853767, "p_ex": 3.582104730384767, "prior": 4.438767690811333, "rate": 7.493804631506918}, "datetime": {"datetime": "2024-06-13 01:41:16", "elapsed": 187.830865, "delta": 0.105554}}
{"target": -181.46506243574203, "params": {"p_ai": 9.139726971263, "p_al": 9.695486507526168, "p_ex": 3.816921672468084, "prior": 2.5187188408386634, "rate": 2.7108926819514374}, "datetime": {"datetime": "2024-06-13 01:41:16", "elapsed": 187.935585, "delta": 0.10472}}
{"target": -189.4978863045975, "params": {"p_ai": 7.645880298369269, "p_al": 8.425928176116589, "p_ex": 1.6482835391778359, "prior": 0.30037904725966913, "rate": 8.473957498284374}, "datetime": {"datetime": "2024-06-13 01:41:16", "elapsed": 188.041302, "delta": 0.105717}}
