{"target": -766.0612245445529, "params": {"gamma": 4.621379845784425, "lr": 0.7559010975378051}, "datetime": {"datetime": "2024-06-13 21:42:37", "elapsed": 4.954596, "delta": 0.003989}}
{"target": -1069.948403489222, "params": {"gamma": 7.2884205045195944, "lr": 0.3523894424830367}, "datetime": {"datetime": "2024-06-13 21:42:37", "elapsed": 4.958586, "delta": 0.00399}}
{"target": -791.9955791870162, "params": {"gamma": 4.7919136483503735, "lr": 0.8140737533756652}, "datetime": {"datetime": "2024-06-13 21:42:37", "elapsed": 4.963573, "delta": 0.004987}}
{"target": -1276.417540208682, "params": {"gamma": 8.384190660883412, "lr": 0.3199167004179855}, "datetime": {"datetime": "2024-06-13 21:42:37", "elapsed": 4.967562, "delta": 0.003989}}
{"target": -143.36061754306047, "params": {"gamma": 0.043645919052664246, "lr": 0.046930843226232644}, "datetime": {"datetime": "2024-06-13 21:42:37", "elapsed": 4.971551, "delta": 0.003989}}
{"target": -1204.6263743176555, "params": {"gamma": 7.378335968662237, "lr": 0.27263228107250803}, "datetime": {"datetime": "2024-06-13 21:42:37", "elapsed": 4.976538, "delta": 0.004987}}
{"target": -808.7588174626004, "params": {"gamma": 4.815376636054336, "lr": 0.1920312660311443}, "datetime": {"datetime": "2024-06-13 21:42:37", "elapsed": 4.980528, "delta": 0.00399}}
{"target": -1191.4042089233799, "params": {"gamma": 8.471282047905861, "lr": 0.5033776096365531}, "datetime": {"datetime": "2024-06-13 21:42:37", "elapsed": 4.984516, "delta": 0.003988}}
{"target": -818.2359701318001, "params": {"gamma": 5.272074597046892, "lr": 0.28807958808575485}, "datetime": {"datetime": "2024-06-13 21:42:37", "elapsed": 4.988506, "delta": 0.00399}}
{"target": -1259.3607241513987, "params": {"gamma": 5.120480307408566, "lr": 0.0019636453825200295}, "datetime": {"datetime": "2024-06-13 21:42:37", "elapsed": 4.993493, "delta": 0.004987}}
{"target": -421.4732548256492, "params": {"gamma": 2.7736731083917574, "lr": 0.34876298353843593}, "datetime": {"datetime": "2024-06-13 21:42:37", "elapsed": 4.997482, "delta": 0.003989}}
{"target": -684.7564717669028, "params": {"gamma": 2.8402249120040706, "lr": 0.08595222757741783}, "datetime": {"datetime": "2024-06-13 21:42:37", "elapsed": 5.001471, "delta": 0.003989}}
{"target": -862.2949731215157, "params": {"gamma": 5.2182903111313514, "lr": 0.7884791333735152}, "datetime": {"datetime": "2024-06-13 21:42:37", "elapsed": 5.005461, "delta": 0.00399}}
{"target": -1232.0838305404304, "params": {"gamma": 9.426041757646109, "lr": 0.49728979211666346}, "datetime": {"datetime": "2024-06-13 21:42:37", "elapsed": 5.010448, "delta": 0.004987}}
{"target": -919.6243341125142, "params": {"gamma": 5.93794482969608, "lr": 0.2908599378104706}, "datetime": {"datetime": "2024-06-13 21:42:37", "elapsed": 5.014437, "delta": 0.003989}}
{"target": -364.43813165729426, "params": {"gamma": 1.492445929692968, "lr": 0.13187169072844107}, "datetime": {"datetime": "2024-06-13 21:42:37", "elapsed": 5.019423, "delta": 0.004986}}
{"target": -1212.250300239113, "params": {"gamma": 7.323875397919708, "lr": 0.7344694353499344}, "datetime": {"datetime": "2024-06-13 21:42:37", "elapsed": 5.023413, "delta": 0.00399}}
{"target": -259.7530165917071, "params": {"gamma": 1.7943208163497153, "lr": 0.41356037977579185}, "datetime": {"datetime": "2024-06-13 21:42:37", "elapsed": 5.028399, "delta": 0.004986}}
{"target": -1359.688509103365, "params": {"gamma": 5.941849134587504, "lr": 0.12528194618614874}, "datetime": {"datetime": "2024-06-13 21:42:37", "elapsed": 5.032389, "delta": 0.00399}}
{"target": -1160.8083907220532, "params": {"gamma": 7.85390412973879, "lr": 0.619992203320239}, "datetime": {"datetime": "2024-06-13 21:42:37", "elapsed": 5.036378, "delta": 0.003989}}
{"target": -989.2552516147159, "params": {"gamma": 6.152601693393037, "lr": 0.7012080919186323}, "datetime": {"datetime": "2024-06-13 21:42:37", "elapsed": 5.040367, "delta": 0.003989}}
{"target": -1398.7460751598048, "params": {"gamma": 9.871843637581678, "lr": 0.5623944559571782}, "datetime": {"datetime": "2024-06-13 21:42:37", "elapsed": 5.045354, "delta": 0.004987}}
{"target": -1121.0031226868807, "params": {"gamma": 8.644298200721781, "lr": 0.4187086750571659}, "datetime": {"datetime": "2024-06-13 21:42:37", "elapsed": 5.049343, "delta": 0.003989}}
{"target": -1156.8929718375484, "params": {"gamma": 6.545039042923117, "lr": 0.9252611878587662}, "datetime": {"datetime": "2024-06-13 21:42:37", "elapsed": 5.053333, "delta": 0.00399}}
{"target": -1014.2861166039286, "params": {"gamma": 6.64184400562511, "lr": 0.3030806759430662}, "datetime": {"datetime": "2024-06-13 21:42:37", "elapsed": 5.057322, "delta": 0.003989}}
{"target": -912.7861183063445, "params": {"gamma": 6.199836992922438, "lr": 0.35131832035819255}, "datetime": {"datetime": "2024-06-13 21:42:37", "elapsed": 5.062309, "delta": 0.004987}}
{"target": -489.2698857875861, "params": {"gamma": 3.224344384669061, "lr": 0.6102050587463702}, "datetime": {"datetime": "2024-06-13 21:42:37", "elapsed": 5.066298, "delta": 0.003989}}
{"target": -240.13593517711763, "params": {"gamma": 1.6040719966518822, "lr": 0.4867389357577533}, "datetime": {"datetime": "2024-06-13 21:42:37", "elapsed": 5.070288, "delta": 0.00399}}
{"target": -1345.30680943059, "params": {"gamma": 9.456397215578926, "lr": 0.38391424197853796}, "datetime": {"datetime": "2024-06-13 21:42:37", "elapsed": 5.075274, "delta": 0.004986}}
{"target": -273.4406686499575, "params": {"gamma": 1.8904369698648686, "lr": 0.468838949642181}, "datetime": {"datetime": "2024-06-13 21:42:37", "elapsed": 5.079263, "delta": 0.003989}}
{"target": -1417.6844029900067, "params": {"gamma": 8.409237406703872, "lr": 0.8426677225950326}, "datetime": {"datetime": "2024-06-13 21:42:37", "elapsed": 5.083253, "delta": 0.00399}}
{"target": -2020.041638553603, "params": {"gamma": 8.278204591352763, "lr": 0.011475512605813365}, "datetime": {"datetime": "2024-06-13 21:42:37", "elapsed": 5.087242, "delta": 0.003989}}
{"target": -489.1979015466938, "params": {"gamma": 2.6711360589730235, "lr": 0.9998757875742624}, "datetime": {"datetime": "2024-06-13 21:42:37", "elapsed": 5.092229, "delta": 0.004987}}
{"target": -195.60308191438918, "params": {"gamma": 1.1977130886476726, "lr": 0.4900894960876333}, "datetime": {"datetime": "2024-06-13 21:42:37", "elapsed": 5.096218, "delta": 0.003989}}
{"target": -1720.1437625674098, "params": {"gamma": 7.900471479876251, "lr": 0.12221391009385618}, "datetime": {"datetime": "2024-06-13 21:42:37", "elapsed": 5.100207, "delta": 0.003989}}
{"target": -871.2641777962154, "params": {"gamma": 6.624429397731788, "lr": 0.4880804455213241}, "datetime": {"datetime": "2024-06-13 21:42:37", "elapsed": 5.104197, "delta": 0.00399}}
{"target": -362.3225559242334, "params": {"gamma": 1.9437055308797813, "lr": 0.8786300265827204}, "datetime": {"datetime": "2024-06-13 21:42:37", "elapsed": 5.109183, "delta": 0.004986}}
{"target": -301.69438429615144, "params": {"gamma": 1.8156924881797458, "lr": 0.6390528592947753}, "datetime": {"datetime": "2024-06-13 21:42:37", "elapsed": 5.113173, "delta": 0.00399}}
{"target": -1054.0271333338449, "params": {"gamma": 7.4085279551010945, "lr": 0.5626728865932282}, "datetime": {"datetime": "2024-06-13 21:42:37", "elapsed": 5.117162, "delta": 0.003989}}
{"target": -1373.7449298946476, "params": {"gamma": 6.288786844403314, "lr": 0.11896539662200445}, "datetime": {"datetime": "2024-06-13 21:42:37", "elapsed": 5.122149, "delta": 0.004987}}
{"target": -475.9884029452981, "params": {"gamma": 3.0810618335582585, "lr": 0.5869622072296792}, "datetime": {"datetime": "2024-06-13 21:42:37", "elapsed": 5.126138, "delta": 0.003989}}
{"target": -613.2049816302224, "params": {"gamma": 3.955241699358807, "lr": 0.6639460814328006}, "datetime": {"datetime": "2024-06-13 21:42:37", "elapsed": 5.130127, "delta": 0.003989}}
{"target": -1413.8042867132979, "params": {"gamma": 8.519694493398179, "lr": 0.19022208931218354}, "datetime": {"datetime": "2024-06-13 21:42:37", "elapsed": 5.134117, "delta": 0.00399}}
{"target": -1285.8068861025595, "params": {"gamma": 9.032823736002479, "lr": 0.38317585043109326}, "datetime": {"datetime": "2024-06-13 21:42:37", "elapsed": 5.139103, "delta": 0.004986}}
{"target": -1390.953148971303, "params": {"gamma": 9.431300182951817, "lr": 0.6173823130249652}, "datetime": {"datetime": "2024-06-13 21:42:37", "elapsed": 5.143093, "delta": 0.00399}}
{"target": -1112.4830022441001, "params": {"gamma": 7.901165115937855, "lr": 0.514775428373226}, "datetime": {"datetime": "2024-06-13 21:42:37", "elapsed": 5.147082, "delta": 0.003989}}
{"target": -814.3688572445612, "params": {"gamma": 5.311915799238696, "lr": 0.3275938987659719}, "datetime": {"datetime": "2024-06-13 21:42:37", "elapsed": 5.151071, "delta": 0.003989}}
{"target": -217.04426305297912, "params": {"gamma": 1.2945177075663274, "lr": 0.3838219118604237}, "datetime": {"datetime": "2024-06-13 21:42:37", "elapsed": 5.156058, "delta": 0.004987}}
{"target": -548.4424043774746, "params": {"gamma": 2.1505498314359848, "lr": 0.03286525588191658}, "datetime": {"datetime": "2024-06-13 21:42:37", "elapsed": 5.160048, "delta": 0.00399}}
{"target": -497.8821290485605, "params": {"gamma": 2.7495934114227696, "lr": 0.18057605266685695}, "datetime": {"datetime": "2024-06-13 21:42:37", "elapsed": 5.164037, "delta": 0.003989}}
{"target": -2135.0421442232537, "params": {"gamma": 8.75542762006619, "lr": 0.08123656243140498}, "datetime": {"datetime": "2024-06-13 21:42:37", "elapsed": 5.168026, "delta": 0.003989}}
{"target": -318.8090579912368, "params": {"gamma": 1.8397720952197505, "lr": 0.7040306955363342}, "datetime": {"datetime": "2024-06-13 21:42:37", "elapsed": 5.173013, "delta": 0.004987}}
{"target": -1496.627087749441, "params": {"gamma": 9.192339684311714, "lr": 0.2514584522319341}, "datetime": {"datetime": "2024-06-13 21:42:37", "elapsed": 5.177002, "delta": 0.003989}}
{"target": -137.6691451105739, "params": {"gamma": 0.21399001348235436, "lr": 0.9605044727550998}, "datetime": {"datetime": "2024-06-13 21:42:37", "elapsed": 5.180992, "delta": 0.00399}}
{"target": -1041.4622617280709, "params": {"gamma": 6.8225241840990325, "lr": 0.3106626960638559}, "datetime": {"datetime": "2024-06-13 21:42:37", "elapsed": 5.184981, "delta": 0.003989}}
{"target": -717.7558996386609, "params": {"gamma": 4.724262048710183, "lr": 0.5992558738787634}, "datetime": {"datetime": "2024-06-13 21:42:37", "elapsed": 5.189967, "delta": 0.004986}}
{"target": -654.2406260990167, "params": {"gamma": 3.7393118520813564, "lr": 0.874487796621177}, "datetime": {"datetime": "2024-06-13 21:42:37", "elapsed": 5.193957, "delta": 0.00399}}
{"target": -1281.4153834764143, "params": {"gamma": 7.261999710487967, "lr": 0.9543407046242112}, "datetime": {"datetime": "2024-06-13 21:42:37", "elapsed": 5.197946, "delta": 0.003989}}
{"target": -632.3871572574163, "params": {"gamma": 3.5113041629592687, "lr": 0.9371740887217811}, "datetime": {"datetime": "2024-06-13 21:42:37", "elapsed": 5.201935, "delta": 0.003989}}
{"target": -738.3015164933126, "params": {"gamma": 4.791526641683215, "lr": 0.6423226386484714}, "datetime": {"datetime": "2024-06-13 21:42:37", "elapsed": 5.205925, "delta": 0.00399}}
{"target": -1205.6804292720083, "params": {"gamma": 7.36673540034412, "lr": 0.8093379690056801}, "datetime": {"datetime": "2024-06-13 21:42:37", "elapsed": 5.210912, "delta": 0.004987}}
{"target": -535.0033633078673, "params": {"gamma": 3.963197413459656, "lr": 0.44794597851477114}, "datetime": {"datetime": "2024-06-13 21:42:37", "elapsed": 5.214901, "delta": 0.003989}}
{"target": -1355.7778766928843, "params": {"gamma": 8.172952984101395, "lr": 0.7175572030909549}, "datetime": {"datetime": "2024-06-13 21:42:37", "elapsed": 5.21889, "delta": 0.003989}}
{"target": -1654.582162617723, "params": {"gamma": 9.408551244537064, "lr": 0.9795978714178412}, "datetime": {"datetime": "2024-06-13 21:42:37", "elapsed": 5.223877, "delta": 0.004987}}
{"target": -310.90729413507654, "params": {"gamma": 1.7899544503221003, "lr": 0.2279194118127552}, "datetime": {"datetime": "2024-06-13 21:42:37", "elapsed": 5.227866, "delta": 0.003989}}
{"target": -1185.5047412537467, "params": {"gamma": 7.16014848634319, "lr": 0.7473827346542434}, "datetime": {"datetime": "2024-06-13 21:42:37", "elapsed": 5.232853, "delta": 0.004987}}
{"target": -1054.3533732369913, "params": {"gamma": 6.032192362771022, "lr": 0.8772997642215113}, "datetime": {"datetime": "2024-06-13 21:42:37", "elapsed": 5.236842, "delta": 0.003989}}
{"target": -385.9770426274099, "params": {"gamma": 2.5206526306452743, "lr": 0.3394873942967924}, "datetime": {"datetime": "2024-06-13 21:42:37", "elapsed": 5.240832, "delta": 0.00399}}
{"target": -759.5748323525479, "params": {"gamma": 4.946973834220983, "lr": 0.31502708896856757}, "datetime": {"datetime": "2024-06-13 21:42:37", "elapsed": 5.245818, "delta": 0.004986}}
{"target": -873.1387783884566, "params": {"gamma": 5.454845454328703, "lr": 0.6824780792979444}, "datetime": {"datetime": "2024-06-13 21:42:37", "elapsed": 5.249807, "delta": 0.003989}}
{"target": -311.03291547872203, "params": {"gamma": 2.2044486446357947, "lr": 0.48533745396838057}, "datetime": {"datetime": "2024-06-13 21:42:37", "elapsed": 5.253797, "delta": 0.00399}}
{"target": -1509.0102893486185, "params": {"gamma": 9.929820595017146, "lr": 0.3241613031812349}, "datetime": {"datetime": "2024-06-13 21:42:37", "elapsed": 5.257786, "delta": 0.003989}}
{"target": -139.78902217140853, "params": {"gamma": 0.35458383299364826, "lr": 0.8173517292840132}, "datetime": {"datetime": "2024-06-13 21:42:37", "elapsed": 5.262773, "delta": 0.004987}}
{"target": -1238.4407207908782, "params": {"gamma": 5.033564529213024, "lr": 0.052783856118570505}, "datetime": {"datetime": "2024-06-13 21:42:37", "elapsed": 5.266762, "delta": 0.003989}}
{"target": -1153.990193103381, "params": {"gamma": 8.903159967215188, "lr": 0.4045143799803578}, "datetime": {"datetime": "2024-06-13 21:42:37", "elapsed": 5.270752, "delta": 0.00399}}
{"target": -1203.6471336457264, "params": {"gamma": 9.292802548221829, "lr": 0.40207817380056154}, "datetime": {"datetime": "2024-06-13 21:42:37", "elapsed": 5.275738, "delta": 0.004986}}
{"target": -173.4934367231865, "params": {"gamma": 0.7692460154620339, "lr": 0.2453011441199927}, "datetime": {"datetime": "2024-06-13 21:42:37", "elapsed": 5.279426, "delta": 0.003688}}
{"target": -586.6468239211687, "params": {"gamma": 3.503254796566321, "lr": 0.7507282923552251}, "datetime": {"datetime": "2024-06-13 21:42:37", "elapsed": 5.284365, "delta": 0.004939}}
{"target": -269.909761547074, "params": {"gamma": 1.8482967753404873, "lr": 0.4309736537258744}, "datetime": {"datetime": "2024-06-13 21:42:37", "elapsed": 5.288354, "delta": 0.003989}}
{"target": -1227.579736784653, "params": {"gamma": 8.732580952739871, "lr": 0.5337610913727832}, "datetime": {"datetime": "2024-06-13 21:42:37", "elapsed": 5.292344, "delta": 0.00399}}
{"target": -291.1703643703153, "params": {"gamma": 1.0324440427708175, "lr": 0.024522487054632225}, "datetime": {"datetime": "2024-06-13 21:42:37", "elapsed": 5.29733, "delta": 0.004986}}
{"target": -1246.0437545570114, "params": {"gamma": 7.058392201809326, "lr": 0.979127490958217}, "datetime": {"datetime": "2024-06-13 21:42:37", "elapsed": 5.30132, "delta": 0.00399}}
{"target": -1288.1601329957857, "params": {"gamma": 7.851867464260117, "lr": 0.7647261968454175}, "datetime": {"datetime": "2024-06-13 21:42:37", "elapsed": 5.305309, "delta": 0.003989}}
{"target": -1110.615347334995, "params": {"gamma": 6.754799709264521, "lr": 0.7955027102986651}, "datetime": {"datetime": "2024-06-13 21:42:37", "elapsed": 5.309299, "delta": 0.00399}}
{"target": -141.3058869177879, "params": {"gamma": 0.40113783894076427, "lr": 0.264681631716854}, "datetime": {"datetime": "2024-06-13 21:42:37", "elapsed": 5.314245, "delta": 0.004946}}
{"target": -1196.5482308509934, "params": {"gamma": 6.9542799621795535, "lr": 0.8669883296077439}, "datetime": {"datetime": "2024-06-13 21:42:37", "elapsed": 5.318234, "delta": 0.003989}}
{"target": -1181.3097643890942, "params": {"gamma": 6.746394111296426, "lr": 0.17627612798343162}, "datetime": {"datetime": "2024-06-13 21:42:37", "elapsed": 5.323221, "delta": 0.004987}}
{"target": -1649.2700285685003, "params": {"gamma": 9.363148290996985, "lr": 0.9033787001108529}, "datetime": {"datetime": "2024-06-13 21:42:37", "elapsed": 5.327869, "delta": 0.004648}}
{"target": -192.17832231972875, "params": {"gamma": 0.8677009826349238, "lr": 0.193000037574253}, "datetime": {"datetime": "2024-06-13 21:42:37", "elapsed": 5.331858, "delta": 0.003989}}
{"target": -470.1653066983928, "params": {"gamma": 2.7526551130746566, "lr": 0.7384118706046068}, "datetime": {"datetime": "2024-06-13 21:42:37", "elapsed": 5.335848, "delta": 0.00399}}
{"target": -1289.5045484482605, "params": {"gamma": 8.59387390968027, "lr": 0.5783223874515512}, "datetime": {"datetime": "2024-06-13 21:42:37", "elapsed": 5.339837, "delta": 0.003989}}
{"target": -283.54862740271284, "params": {"gamma": 1.9972560609459706, "lr": 0.41508988762136245}, "datetime": {"datetime": "2024-06-13 21:42:37", "elapsed": 5.344824, "delta": 0.004987}}
{"target": -276.3875746962498, "params": {"gamma": 1.3794541434408072, "lr": 0.9173961868584244}, "datetime": {"datetime": "2024-06-13 21:42:37", "elapsed": 5.34981, "delta": 0.004986}}
{"target": -1077.1023816993618, "params": {"gamma": 7.645544873164326, "lr": 0.5102138338060775}, "datetime": {"datetime": "2024-06-13 21:42:37", "elapsed": 5.3538, "delta": 0.00399}}
{"target": -1026.9285615044157, "params": {"gamma": 4.536296856665209, "lr": 0.0978420783455699}, "datetime": {"datetime": "2024-06-13 21:42:37", "elapsed": 5.35779, "delta": 0.00399}}
{"target": -709.0461762265091, "params": {"gamma": 3.1874348876469725, "lr": 0.12063279535739646}, "datetime": {"datetime": "2024-06-13 21:42:37", "elapsed": 5.362776, "delta": 0.004986}}
{"target": -1101.7465472495178, "params": {"gamma": 7.823598295559239, "lr": 0.5448837066761946}, "datetime": {"datetime": "2024-06-13 21:42:37", "elapsed": 5.366765, "delta": 0.003989}}
{"target": -383.41259616926396, "params": {"gamma": 2.2735465367701733, "lr": 0.22420283925593631}, "datetime": {"datetime": "2024-06-13 21:42:37", "elapsed": 5.371781, "delta": 0.005016}}
{"target": -410.7390690499301, "params": {"gamma": 2.6047215769603396, "lr": 0.308872752316256}, "datetime": {"datetime": "2024-06-13 21:42:37", "elapsed": 5.375742, "delta": 0.003961}}
{"target": -606.4697031630235, "params": {"gamma": 3.8776636126823174, "lr": 0.29754893237723723}, "datetime": {"datetime": "2024-06-13 21:42:37", "elapsed": 5.380728, "delta": 0.004986}}
{"target": -1662.8675268743598, "params": {"gamma": 6.795879389436971, "lr": 0.03507361930507891}, "datetime": {"datetime": "2024-06-13 21:42:37", "elapsed": 5.384717, "delta": 0.003989}}
{"target": -554.734111051535, "params": {"gamma": 3.2817750389987497, "lr": 0.7452918728580155}, "datetime": {"datetime": "2024-06-13 21:42:37", "elapsed": 5.389704, "delta": 0.004987}}
{"target": -1537.4133206650388, "params": {"gamma": 9.428137042767773, "lr": 0.8027325501575512}, "datetime": {"datetime": "2024-06-13 21:42:37", "elapsed": 5.396685, "delta": 0.006981}}
{"target": -404.04911665900096, "params": {"gamma": 2.4090212695059683, "lr": 0.2329154683838317}, "datetime": {"datetime": "2024-06-13 21:42:37", "elapsed": 5.400674, "delta": 0.003989}}
{"target": -355.91039261219237, "params": {"gamma": 1.904177610377174, "lr": 0.8824975348586093}, "datetime": {"datetime": "2024-06-13 21:42:37", "elapsed": 5.405661, "delta": 0.004987}}
{"target": -409.0305807542426, "params": {"gamma": 2.3793190167249576, "lr": 0.7581806234131274}, "datetime": {"datetime": "2024-06-13 21:42:37", "elapsed": 5.40965, "delta": 0.003989}}
{"target": -657.5884676372784, "params": {"gamma": 2.611236264315461, "lr": 0.03308184340751563}, "datetime": {"datetime": "2024-06-13 21:42:37", "elapsed": 5.414637, "delta": 0.004987}}
{"target": -1218.4075636724879, "params": {"gamma": 7.334743552987591, "lr": 0.7262018097952009}, "datetime": {"datetime": "2024-06-13 21:42:37", "elapsed": 5.418626, "delta": 0.003989}}
{"target": -177.47763860751672, "params": {"gamma": 0.8905021504995737, "lr": 0.3267012579296016}, "datetime": {"datetime": "2024-06-13 21:42:37", "elapsed": 5.422616, "delta": 0.00399}}
{"target": -1872.217947509257, "params": {"gamma": 9.483704536600037, "lr": 0.16294899858218448}, "datetime": {"datetime": "2024-06-13 21:42:37", "elapsed": 5.427602, "delta": 0.004986}}
{"target": -177.22520185314022, "params": {"gamma": 0.8676380540564483, "lr": 0.5946038881116259}, "datetime": {"datetime": "2024-06-13 21:42:37", "elapsed": 5.431592, "delta": 0.00399}}
{"target": -2120.7104238446714, "params": {"gamma": 9.309967663594373, "lr": 0.1337783077430914}, "datetime": {"datetime": "2024-06-13 21:42:37", "elapsed": 5.436579, "delta": 0.004987}}
{"target": -822.413562062727, "params": {"gamma": 5.130609924306518, "lr": 0.6839992141169576}, "datetime": {"datetime": "2024-06-13 21:42:37", "elapsed": 5.440568, "delta": 0.003989}}
{"target": -447.33623058050574, "params": {"gamma": 1.7191257663086643, "lr": 0.011259893492189477}, "datetime": {"datetime": "2024-06-13 21:42:37", "elapsed": 5.444557, "delta": 0.003989}}
{"target": -2164.3253700444106, "params": {"gamma": 8.876943621666769, "lr": 0.035231270653359514}, "datetime": {"datetime": "2024-06-13 21:42:37", "elapsed": 5.449055, "delta": 0.004498}}
{"target": -409.7115557742253, "params": {"gamma": 2.575325379792938, "lr": 0.6516840317406685}, "datetime": {"datetime": "2024-06-13 21:42:37", "elapsed": 5.453041, "delta": 0.003986}}
{"target": -716.4964119783745, "params": {"gamma": 2.8585435506242662, "lr": 0.009707596574816568}, "datetime": {"datetime": "2024-06-13 21:42:37", "elapsed": 5.458027, "delta": 0.004986}}
