{"target": -351.0774334903237, "params": {"gamma": 4.170803025021038, "prior": 7.231212485077365, "rate": 0.002143633798631522}, "datetime": {"datetime": "2024-06-14 05:32:38", "elapsed": 0.0, "delta": 0.0}}
{"target": -180.50737569199816, "params": {"gamma": 3.024023393745766, "prior": 1.5528833190894193, "rate": 0.9242936090932092}, "datetime": {"datetime": "2024-06-14 05:32:38", "elapsed": 0.008976, "delta": 0.008976}}
{"target": -135.23600193620265, "params": {"gamma": 1.8634158535653313, "prior": 3.5210511977261727, "rate": 3.968277974832469}, "datetime": {"datetime": "2024-06-14 05:32:38", "elapsed": 0.017527, "delta": 0.008551}}
{"target": -248.99155039418588, "params": {"gamma": 5.388628523299567, "prior": 4.250025692592619, "rate": 6.852509784467199}, "datetime": {"datetime": "2024-06-14 05:32:38", "elapsed": 0.0275, "delta": 0.009973}}
{"target": -205.40272583415558, "params": {"gamma": 2.045318045065443, "prior": 8.79336262027036, "rate": 0.2748485443860637}, "datetime": {"datetime": "2024-06-14 05:32:38", "elapsed": 0.036476, "delta": 0.008976}}
{"target": -304.9273284828703, "params": {"gamma": 6.705004634273845, "prior": 4.231317543434557, "rate": 5.587339594629071}, "datetime": {"datetime": "2024-06-14 05:32:38", "elapsed": 0.045452, "delta": 0.008976}}
{"target": -121.4414875865897, "params": {"gamma": 1.4047289990137424, "prior": 2.0612047419403, "rate": 8.00764494218669}, "datetime": {"datetime": "2024-06-14 05:32:38", "elapsed": 0.054428, "delta": 0.008976}}
{"target": -405.23850983772184, "params": {"gamma": 9.682647495618255, "prior": 3.2028993637765044, "rate": 6.923533834077472}, "datetime": {"datetime": "2024-06-14 05:32:38", "elapsed": 0.063404, "delta": 0.008976}}
{"target": -554.1304517601238, "params": {"gamma": 8.764015133808087, "prior": 8.956605968688088, "rate": 0.8513570694864094}, "datetime": {"datetime": "2024-06-14 05:32:38", "elapsed": 0.07238, "delta": 0.008976}}
{"target": -125.26964956223378, "params": {"gamma": 0.39150877754559077, "prior": 1.7813211536892324, "rate": 8.781546891790702}, "datetime": {"datetime": "2024-06-14 05:32:38", "elapsed": 0.080499, "delta": 0.008119}}
{"target": -118.9635448373046, "params": {"gamma": 0.9843699914966679, "prior": 4.268965487550016, "rate": 9.578937411974868}, "datetime": {"datetime": "2024-06-14 05:32:38", "elapsed": 0.089475, "delta": 0.008976}}
{"target": -291.6278083167927, "params": {"gamma": 5.332119684445198, "prior": 6.949583428109686, "rate": 3.1558407944296234}, "datetime": {"datetime": "2024-06-14 05:32:38", "elapsed": 0.098452, "delta": 0.008977}}
{"target": -481.85754552825074, "params": {"gamma": 6.865322775888155, "prior": 8.362794151783993, "rate": 0.18386448516457388}, "datetime": {"datetime": "2024-06-14 05:32:38", "elapsed": 0.10643, "delta": 0.007978}}
{"target": -366.42392455600105, "params": {"gamma": 7.50169300513473, "prior": 9.889724780174298, "rate": 7.4819083781440145}, "datetime": {"datetime": "2024-06-14 05:32:38", "elapsed": 0.115406, "delta": 0.008976}}
{"target": -209.75508527839537, "params": {"gamma": 2.8051594766519874, "prior": 7.913865351669736, "rate": 1.0331568397698425}, "datetime": {"datetime": "2024-06-14 05:32:38", "elapsed": 0.124681, "delta": 0.009275}}
{"target": -263.5543463913551, "params": {"gamma": 4.479487368232876, "prior": 9.095095480621646, "rate": 2.9368478695884215}, "datetime": {"datetime": "2024-06-14 05:32:38", "elapsed": 0.133399, "delta": 0.008718}}
{"target": -211.27893387688687, "params": {"gamma": 2.878465610524901, "prior": 1.3872828639709491, "rate": 0.19465021174510047}, "datetime": {"datetime": "2024-06-14 05:32:38", "elapsed": 0.141882, "delta": 0.008483}}
{"target": -311.4936379497936, "params": {"gamma": 6.78867649386597, "prior": 2.1951183484005847, "rate": 2.65620104706289}, "datetime": {"datetime": "2024-06-14 05:32:38", "elapsed": 0.150859, "delta": 0.008977}}
{"target": -230.34118254469053, "params": {"gamma": 4.916240019644103, "prior": 0.6282891966590958, "rate": 5.741601937314639}, "datetime": {"datetime": "2024-06-14 05:32:38", "elapsed": 0.159835, "delta": 0.008976}}
{"target": -127.16289007017572, "params": {"gamma": 1.4681390204831957, "prior": 5.934124815342514, "rate": 6.9978838418492915}, "datetime": {"datetime": "2024-06-14 05:32:38", "elapsed": 0.168811, "delta": 0.008976}}
{"target": -120.52179584904903, "params": {"gamma": 1.0242419538494305, "prior": 4.199154279413726, "rate": 6.9443071771197245}, "datetime": {"datetime": "2024-06-14 05:32:38", "elapsed": 0.177787, "delta": 0.008976}}
{"target": -201.99308240680608, "params": {"gamma": 4.1423785159995, "prior": 0.5945392435662629, "rate": 5.359428162749201}, "datetime": {"datetime": "2024-06-14 05:32:38", "elapsed": 0.185766, "delta": 0.007979}}
{"target": -293.6527619684952, "params": {"gamma": 6.638282657552669, "prior": 5.1974022093772545, "rate": 9.446002965152143}, "datetime": {"datetime": "2024-06-14 05:32:38", "elapsed": 0.194741, "delta": 0.008975}}
{"target": -366.78705728923865, "params": {"gamma": 5.865963849979428, "prior": 9.043678961350047, "rate": 1.3756095667582289}, "datetime": {"datetime": "2024-06-14 05:32:38", "elapsed": 0.203717, "delta": 0.008976}}
{"target": -135.94715383522905, "params": {"gamma": 1.3936241961603346, "prior": 8.093173758224285, "rate": 3.9773706930183503}, "datetime": {"datetime": "2024-06-14 05:32:38", "elapsed": 0.212693, "delta": 0.008976}}
{"target": -145.52297277763563, "params": {"gamma": 1.6543766169722107, "prior": 9.282334945920736, "rate": 3.47831083159532}, "datetime": {"datetime": "2024-06-14 05:32:38", "elapsed": 0.220775, "delta": 0.008082}}
{"target": -340.61842318396054, "params": {"gamma": 7.50837021925842, "prior": 7.28738005496947, "rate": 8.833177605966892}, "datetime": {"datetime": "2024-06-14 05:32:38", "elapsed": 0.229751, "delta": 0.008976}}
{"target": -335.29170935878085, "params": {"gamma": 6.237098398349034, "prior": 7.534330096870638, "rate": 3.4896345214364475}, "datetime": {"datetime": "2024-06-14 05:32:38", "elapsed": 0.239248, "delta": 0.009497}}
{"target": -173.32408575156606, "params": {"gamma": 2.7000089897584956, "prior": 8.969273560141062, "rate": 4.281483807523078}, "datetime": {"datetime": "2024-06-14 05:32:38", "elapsed": 0.247227, "delta": 0.007979}}
{"target": -447.67153156345336, "params": {"gamma": 9.648435631436707, "prior": 6.6680708284026355, "rate": 6.217335506371009}, "datetime": {"datetime": "2024-06-14 05:32:38", "elapsed": 0.256203, "delta": 0.008976}}
{"target": -133.18983092954295, "params": {"gamma": 1.1483449835607984, "prior": 9.499943661200005, "rate": 4.499671422665926}, "datetime": {"datetime": "2024-06-14 05:32:38", "elapsed": 0.265724, "delta": 0.009521}}
{"target": -302.38536224419187, "params": {"gamma": 5.784317754256931, "prior": 4.140554347336684, "rate": 2.371032775450034}, "datetime": {"datetime": "2024-06-14 05:32:38", "elapsed": 0.273702, "delta": 0.007978}}
{"target": -643.5143351370095, "params": {"gamma": 9.033891826101975, "prior": 5.77942691805563, "rate": 0.029700399984558545}, "datetime": {"datetime": "2024-06-14 05:32:38", "elapsed": 0.282678, "delta": 0.008976}}
{"target": -279.01194316979445, "params": {"gamma": 6.171831991293619, "prior": 3.3337845275437523, "rate": 5.271053964473836}, "datetime": {"datetime": "2024-06-14 05:32:38", "elapsed": 0.291654, "delta": 0.008976}}
{"target": -371.9594912170492, "params": {"gamma": 8.859535051008434, "prior": 3.636970624024748, "rate": 9.085442974047073}, "datetime": {"datetime": "2024-06-14 05:32:38", "elapsed": 0.300631, "delta": 0.008977}}
{"target": -302.2212220339816, "params": {"gamma": 6.233977797802236, "prior": 0.2566303041809072, "rate": 9.294442900203869}, "datetime": {"datetime": "2024-06-14 05:32:38", "elapsed": 0.309607, "delta": 0.008976}}
{"target": -421.20114378917077, "params": {"gamma": 6.9092782782517235, "prior": 9.973496219469657, "rate": 1.7242327429449402}, "datetime": {"datetime": "2024-06-14 05:32:38", "elapsed": 0.318583, "delta": 0.008976}}
{"target": -130.17164644082933, "params": {"gamma": 1.3722203605391488, "prior": 9.33269508406792, "rate": 6.9684847967375125}, "datetime": {"datetime": "2024-06-14 05:32:38", "elapsed": 0.327558, "delta": 0.008975}}
{"target": -125.73181703442907, "params": {"gamma": 0.6609357270479028, "prior": 7.579084220764417, "rate": 7.539008008424004}, "datetime": {"datetime": "2024-06-14 05:32:38", "elapsed": 0.335538, "delta": 0.00798}}
{"target": -555.0831095092199, "params": {"gamma": 9.230322330929287, "prior": 7.14409511042187, "rate": 1.2435853487596746}, "datetime": {"datetime": "2024-06-14 05:32:38", "elapsed": 0.344513, "delta": 0.008975}}
{"target": -140.93880617361236, "params": {"gamma": 0.1997814582641161, "prior": 0.3594887700894208, "rate": 0.2840365737199253}, "datetime": {"datetime": "2024-06-14 05:32:38", "elapsed": 0.353489, "delta": 0.008976}}
{"target": -159.66437605659647, "params": {"gamma": 2.462864464962856, "prior": 8.61427669196059, "rate": 5.3887718123521875}, "datetime": {"datetime": "2024-06-14 05:32:38", "elapsed": 0.362465, "delta": 0.008976}}
{"target": -348.8778874130816, "params": {"gamma": 5.5286669648789735, "prior": 8.436105834360097, "rate": 1.2426089778839915}, "datetime": {"datetime": "2024-06-14 05:32:38", "elapsed": 0.371441, "delta": 0.008976}}
{"target": -157.69236563808195, "params": {"gamma": 2.792557606432384, "prior": 5.89901678743705, "rate": 9.695987887448426}, "datetime": {"datetime": "2024-06-14 05:32:38", "elapsed": 0.37942, "delta": 0.007979}}
{"target": -270.946530259407, "params": {"gamma": 5.6107411623378445, "prior": 0.2846081647921359, "rate": 8.006526094133482}, "datetime": {"datetime": "2024-06-14 05:32:38", "elapsed": 0.388396, "delta": 0.008976}}
{"target": -160.34960653326425, "params": {"gamma": 2.3305097641363632, "prior": 8.090341436625915, "rate": 3.8792185799976533}, "datetime": {"datetime": "2024-06-14 05:32:38", "elapsed": 0.397372, "delta": 0.008976}}
{"target": -419.815821566837, "params": {"gamma": 8.635555003739727, "prior": 7.496504263098128, "rate": 5.562846099670199}, "datetime": {"datetime": "2024-06-14 05:32:38", "elapsed": 0.406348, "delta": 0.008976}}
{"target": -123.15520333812611, "params": {"gamma": 1.3654158013811895, "prior": 0.6931851261708954, "rate": 1.2143132139516326}, "datetime": {"datetime": "2024-06-14 05:32:38", "elapsed": 0.414327, "delta": 0.007979}}
{"target": -126.42572237688387, "params": {"gamma": 0.4464742335690725, "prior": 1.16419187815032, "rate": 2.2578676767399393}, "datetime": {"datetime": "2024-06-14 05:32:38", "elapsed": 0.423303, "delta": 0.008976}}
{"target": -497.34873578968234, "params": {"gamma": 7.130176814846385, "prior": 5.64119812233601, "rate": 0.12654724561099942}, "datetime": {"datetime": "2024-06-14 05:32:38", "elapsed": 0.432279, "delta": 0.008976}}
{"target": -129.87195512520321, "params": {"gamma": 0.7206708226151783, "prior": 9.676035667002694, "rate": 5.6814365187375016}, "datetime": {"datetime": "2024-06-14 05:32:38", "elapsed": 0.441255, "delta": 0.008976}}
{"target": -134.52313472362934, "params": {"gamma": 2.033729053375244, "prior": 2.598024871246202, "rate": 7.438514714896855}, "datetime": {"datetime": "2024-06-14 05:32:38", "elapsed": 0.450231, "delta": 0.008976}}
{"target": -134.5731055387847, "params": {"gamma": 1.9550993816120785, "prior": 5.855453380005252, "rate": 9.700229870894034}, "datetime": {"datetime": "2024-06-14 05:32:38", "elapsed": 0.459207, "delta": 0.008976}}
{"target": -360.9232060650251, "params": {"gamma": 8.468441186098863, "prior": 2.4744928155611032, "rate": 4.938203372973032}, "datetime": {"datetime": "2024-06-14 05:32:38", "elapsed": 0.467185, "delta": 0.007978}}
{"target": -377.1774417056749, "params": {"gamma": 6.199937228095417, "prior": 8.306910905546768, "rate": 1.5687571550661965}, "datetime": {"datetime": "2024-06-14 05:32:38", "elapsed": 0.476161, "delta": 0.008976}}
{"target": -136.04639702137823, "params": {"gamma": 0.18674344557191777, "prior": 0.7932192228203011, "rate": 4.863964764259381}, "datetime": {"datetime": "2024-06-14 05:32:38", "elapsed": 0.485138, "delta": 0.008977}}
{"target": -317.3249346873832, "params": {"gamma": 6.063688287071651, "prior": 5.731629227156165, "rate": 3.1743067308122854}, "datetime": {"datetime": "2024-06-14 05:32:38", "elapsed": 0.494113, "delta": 0.008975}}
{"target": -489.7689529626288, "params": {"gamma": 9.886172927970076, "prior": 5.839477670533389, "rate": 3.8020315850628807}, "datetime": {"datetime": "2024-06-14 05:32:38", "elapsed": 0.503089, "delta": 0.008976}}
{"target": -270.50953047894876, "params": {"gamma": 5.509931242959851, "prior": 7.478810865974371, "rate": 6.6926597016383935}, "datetime": {"datetime": "2024-06-14 05:32:38", "elapsed": 0.511068, "delta": 0.007979}}
{"target": -150.8583339758658, "params": {"gamma": 2.6499306570704313, "prior": 0.7567148608415716, "rate": 3.701471894943149}, "datetime": {"datetime": "2024-06-14 05:32:38", "elapsed": 0.520044, "delta": 0.008976}}
{"target": -275.68823654724184, "params": {"gamma": 6.297545352708624, "prior": 2.180722698156912, "rate": 7.5278027818344}, "datetime": {"datetime": "2024-06-14 05:32:38", "elapsed": 0.52902, "delta": 0.008976}}
{"target": -119.58109478957323, "params": {"gamma": 0.6662982770597953, "prior": 2.677119475927556, "rate": 8.04774088286971}, "datetime": {"datetime": "2024-06-14 05:32:38", "elapsed": 0.537996, "delta": 0.008976}}
{"target": -140.40526207802574, "params": {"gamma": 1.935149391950654, "prior": 6.430662720711407, "rate": 5.247178420928214}, "datetime": {"datetime": "2024-06-14 05:32:38", "elapsed": 0.546972, "delta": 0.008976}}
{"target": -536.1604293840231, "params": {"gamma": 9.248154896023108, "prior": 2.706638027822399, "rate": 0.6605449457495538}, "datetime": {"datetime": "2024-06-14 05:32:38", "elapsed": 0.555948, "delta": 0.008976}}
{"target": -335.70628700951363, "params": {"gamma": 7.350924566923407, "prior": 7.744562492478143, "rate": 9.078250709182736}, "datetime": {"datetime": "2024-06-14 05:32:38", "elapsed": 0.564923, "delta": 0.008975}}
{"target": -403.3334394753004, "params": {"gamma": 9.319788719899176, "prior": 0.23812057245841045, "rate": 2.344386499128084}, "datetime": {"datetime": "2024-06-14 05:32:38", "elapsed": 0.572903, "delta": 0.00798}}
{"target": -293.68191135042156, "params": {"gamma": 6.1681667916595755, "prior": 9.495261574807403, "rate": 9.50181101635155}, "datetime": {"datetime": "2024-06-14 05:32:38", "elapsed": 0.581879, "delta": 0.008976}}
{"target": -283.0619164181527, "params": {"gamma": 5.566975228763369, "prior": 9.164502862686119, "rate": 6.41602052325443}, "datetime": {"datetime": "2024-06-14 05:32:38", "elapsed": 0.590855, "delta": 0.008976}}
{"target": -198.56630401739963, "params": {"gamma": 3.9006871336983213, "prior": 4.911307604259406, "rate": 6.043500518716813}, "datetime": {"datetime": "2024-06-14 05:32:38", "elapsed": 0.59967, "delta": 0.008815}}
{"target": -266.20982508846475, "params": {"gamma": 5.495929667164118, "prior": 9.269196124393892, "rate": 9.187415622900428}, "datetime": {"datetime": "2024-06-14 05:32:38", "elapsed": 0.608646, "delta": 0.008976}}
{"target": -256.48506002053495, "params": {"gamma": 3.9493612536226252, "prior": 9.636299031563047, "rate": 1.740382711137963}, "datetime": {"datetime": "2024-06-14 05:32:38", "elapsed": 0.617622, "delta": 0.008976}}
{"target": -119.69039833681619, "params": {"gamma": 1.2641688648769336, "prior": 1.4372836646626401, "rate": 5.057115994603291}, "datetime": {"datetime": "2024-06-14 05:32:38", "elapsed": 0.626598, "delta": 0.008976}}
{"target": -139.72207363678763, "params": {"gamma": 0.2162265279367056, "prior": 9.484905091055042, "rate": 8.271327596236153}, "datetime": {"datetime": "2024-06-14 05:32:38", "elapsed": 0.634577, "delta": 0.007979}}
{"target": -140.94690933600168, "params": {"gamma": 0.15117478844048168, "prior": 1.8443429301930472, "rate": 3.3213036800940032}, "datetime": {"datetime": "2024-06-14 05:32:38", "elapsed": 0.643552, "delta": 0.008975}}
{"target": -136.77755355300852, "params": {"gamma": 1.310837451264358, "prior": 8.113957852053163, "rate": 3.4480217901802512}, "datetime": {"datetime": "2024-06-14 05:32:38", "elapsed": 0.652529, "delta": 0.008977}}
{"target": -406.7673598657268, "params": {"gamma": 9.401134715851338, "prior": 5.861940381476092, "rate": 8.78844101213403}, "datetime": {"datetime": "2024-06-14 05:32:38", "elapsed": 0.661504, "delta": 0.008975}}
{"target": -440.1077484550306, "params": {"gamma": 8.447499719476827, "prior": 9.063383955215627, "rate": 4.599342777902254}, "datetime": {"datetime": "2024-06-14 05:32:38", "elapsed": 0.67048, "delta": 0.008976}}
{"target": -309.1946892021398, "params": {"gamma": 5.463921813387713, "prior": 8.00617555240519, "rate": 2.8579027984897416}, "datetime": {"datetime": "2024-06-14 05:32:38", "elapsed": 0.678459, "delta": 0.007979}}
{"target": -361.4255321396783, "params": {"gamma": 4.903044972676658, "prior": 6.031192045694196, "rate": 0.15631722223280642}, "datetime": {"datetime": "2024-06-14 05:32:38", "elapsed": 0.687435, "delta": 0.008976}}
{"target": -267.0845006929964, "params": {"gamma": 5.935220600558176, "prior": 4.393395854995637, "rate": 8.073797928319529}, "datetime": {"datetime": "2024-06-14 05:32:38", "elapsed": 0.696411, "delta": 0.008976}}
{"target": -183.5574024040586, "params": {"gamma": 3.153132786150634, "prior": 8.939598214398998, "rate": 5.778994295630071}, "datetime": {"datetime": "2024-06-14 05:32:38", "elapsed": 0.705387, "delta": 0.008976}}
{"target": -138.77585640663315, "params": {"gamma": 1.8409180060730232, "prior": 7.900499414872493, "rate": 6.120699739272295}, "datetime": {"datetime": "2024-06-14 05:32:38", "elapsed": 0.714363, "delta": 0.008976}}
{"target": -124.82861653531302, "params": {"gamma": 0.5400388114654558, "prior": 4.259917432011209, "rate": 6.791009296817731}, "datetime": {"datetime": "2024-06-14 05:32:38", "elapsed": 0.722342, "delta": 0.007979}}
{"target": -467.2424729373973, "params": {"gamma": 9.186099177997281, "prior": 0.10398004642443859, "rate": 9.767614731161565}, "datetime": {"datetime": "2024-06-14 05:32:38", "elapsed": 0.731318, "delta": 0.008976}}
{"target": -209.00572792408985, "params": {"gamma": 3.766426567142999, "prior": 9.740457029747393, "rate": 6.047556293639557}, "datetime": {"datetime": "2024-06-14 05:32:38", "elapsed": 0.740294, "delta": 0.008976}}
{"target": -378.64943222932675, "params": {"gamma": 8.288629233998948, "prior": 5.789643896610213, "rate": 6.281133906875198}, "datetime": {"datetime": "2024-06-14 05:32:38", "elapsed": 0.74927, "delta": 0.008976}}
{"target": -162.03284273680038, "params": {"gamma": 2.8564772406752437, "prior": 5.9096500724952215, "rate": 7.500467615262897}, "datetime": {"datetime": "2024-06-14 05:32:38", "elapsed": 0.758246, "delta": 0.008976}}
{"target": -401.6878177408517, "params": {"gamma": 8.583280050453995, "prior": 7.575313665830033, "rate": 6.980874427224584}, "datetime": {"datetime": "2024-06-14 05:32:38", "elapsed": 0.767222, "delta": 0.008976}}
{"target": -367.1724404161539, "params": {"gamma": 8.644929821115943, "prior": 3.29454186868379, "rate": 6.708217119085085}, "datetime": {"datetime": "2024-06-14 05:32:38", "elapsed": 0.776198, "delta": 0.008976}}
{"target": -224.6875285877459, "params": {"gamma": 4.509288490197079, "prior": 3.8828172451120206, "rate": 4.108702687871935}, "datetime": {"datetime": "2024-06-14 05:32:38", "elapsed": 0.784177, "delta": 0.007979}}
{"target": -196.95657839279602, "params": {"gamma": 4.015394355111937, "prior": 3.2421010649869415, "rate": 6.219571759835095}, "datetime": {"datetime": "2024-06-14 05:32:38", "elapsed": 0.793153, "delta": 0.008976}}
{"target": -228.1400138875955, "params": {"gamma": 4.303042460941823, "prior": 9.740640571479798, "rate": 6.778331113451677}, "datetime": {"datetime": "2024-06-14 05:32:38", "elapsed": 0.802129, "delta": 0.008976}}
{"target": -142.04778904198548, "params": {"gamma": 1.9865003143826816, "prior": 4.324339992545524, "rate": 3.4341190515044557}, "datetime": {"datetime": "2024-06-14 05:32:39", "elapsed": 0.811104, "delta": 0.008975}}
{"target": -368.7035762804203, "params": {"gamma": 7.976590400781708, "prior": 8.811983056777974, "rate": 9.038515716307893}, "datetime": {"datetime": "2024-06-14 05:32:39", "elapsed": 0.82008, "delta": 0.008976}}
{"target": -317.39603403506953, "params": {"gamma": 6.627535403940247, "prior": 2.775061794094602, "rate": 2.5244146483443926}, "datetime": {"datetime": "2024-06-14 05:32:39", "elapsed": 0.829057, "delta": 0.008977}}
{"target": -372.86416188660405, "params": {"gamma": 8.549124529031326, "prior": 5.324374998456592, "rate": 8.021808678961976}, "datetime": {"datetime": "2024-06-14 05:32:39", "elapsed": 0.838032, "delta": 0.008975}}
{"target": -289.8092124768351, "params": {"gamma": 5.725312683398872, "prior": 7.35811100034636, "rate": 5.190597263013095}, "datetime": {"datetime": "2024-06-14 05:32:39", "elapsed": 0.847008, "delta": 0.008976}}
{"target": -371.2515086682715, "params": {"gamma": 7.709068221108379, "prior": 5.731694107976684, "rate": 4.6576330760412175}, "datetime": {"datetime": "2024-06-14 05:32:39", "elapsed": 0.855984, "delta": 0.008976}}
{"target": -175.0599805566441, "params": {"gamma": 3.4275463906248644, "prior": 0.7752725493253708, "rate": 3.7798638691016704}, "datetime": {"datetime": "2024-06-14 05:32:39", "elapsed": 0.863963, "delta": 0.007979}}
{"target": -143.7570347067289, "params": {"gamma": 0.7971811509048254, "prior": 9.829889425931405, "rate": 1.816946900456307}, "datetime": {"datetime": "2024-06-14 05:32:39", "elapsed": 0.872939, "delta": 0.008976}}
{"target": -391.97905027304074, "params": {"gamma": 8.118775118507678, "prior": 8.762120285063391, "rate": 6.884444110607048}, "datetime": {"datetime": "2024-06-14 05:32:39", "elapsed": 0.881915, "delta": 0.008976}}
