{"target": -534.1410766484046, "params": {"gamma": 2.6097471361451294, "lr": 0.33415183351807476}, "datetime": {"datetime": "2024-06-14 01:34:38", "elapsed": 7.520661, "delta": 0.004987}}
{"target": -1241.1752150615914, "params": {"gamma": 4.647854040432997, "lr": 0.2343564434014873}, "datetime": {"datetime": "2024-06-14 01:34:38", "elapsed": 7.525647, "delta": 0.004986}}
{"target": -1677.0282275223226, "params": {"gamma": 7.27531136269942, "lr": 0.807191102024009}, "datetime": {"datetime": "2024-06-14 01:34:38", "elapsed": 7.530634, "delta": 0.004987}}
{"target": -1758.1614637806292, "params": {"gamma": 7.909964984873447, "lr": 0.7157485483912336}, "datetime": {"datetime": "2024-06-14 01:34:38", "elapsed": 7.535621, "delta": 0.004987}}
{"target": -820.0370859847001, "params": {"gamma": 2.6971628183640655, "lr": 0.21045779104067575}, "datetime": {"datetime": "2024-06-14 01:34:38", "elapsed": 7.540608, "delta": 0.004987}}
{"target": -254.84718435254027, "params": {"gamma": 1.092174154085908, "lr": 0.3966811014027529}, "datetime": {"datetime": "2024-06-14 01:34:38", "elapsed": 7.545594, "delta": 0.004986}}
{"target": -223.32487583867155, "params": {"gamma": 0.8735791351201521, "lr": 0.6553896564824753}, "datetime": {"datetime": "2024-06-14 01:34:38", "elapsed": 7.550581, "delta": 0.004987}}
{"target": -2129.3607508363143, "params": {"gamma": 9.49833931470982, "lr": 0.755633280579152}, "datetime": {"datetime": "2024-06-14 01:34:38", "elapsed": 7.555567, "delta": 0.004986}}
{"target": -582.0635919190925, "params": {"gamma": 1.1698003792568261, "lr": 0.020481248718401956}, "datetime": {"datetime": "2024-06-14 01:34:38", "elapsed": 7.560554, "delta": 0.004987}}
{"target": -863.6923829561372, "params": {"gamma": 3.349553409033682, "lr": 0.9928761567590365}, "datetime": {"datetime": "2024-06-14 01:34:38", "elapsed": 7.56554, "delta": 0.004986}}
{"target": -705.0027038085092, "params": {"gamma": 3.129004648022036, "lr": 0.7375077987941283}, "datetime": {"datetime": "2024-06-14 01:34:38", "elapsed": 7.570527, "delta": 0.004987}}
{"target": -1454.3080142733188, "params": {"gamma": 7.165577236537339, "lr": 0.5725575976952813}, "datetime": {"datetime": "2024-06-14 01:34:38", "elapsed": 7.57508, "delta": 0.004553}}
{"target": -1111.940389129861, "params": {"gamma": 3.6770929306387004, "lr": 0.2082656940300881}, "datetime": {"datetime": "2024-06-14 01:34:38", "elapsed": 7.580065, "delta": 0.004985}}
{"target": -4707.425484733421, "params": {"gamma": 9.800012165219913, "lr": 0.06589377000512553}, "datetime": {"datetime": "2024-06-14 01:34:38", "elapsed": 7.584054, "delta": 0.003989}}
{"target": -451.0261791825181, "params": {"gamma": 2.363041291619063, "lr": 0.3088994705101167}, "datetime": {"datetime": "2024-06-14 01:34:38", "elapsed": 7.589042, "delta": 0.004988}}
{"target": -2009.6291245515126, "params": {"gamma": 9.09512403146957, "lr": 0.7133692630190983}, "datetime": {"datetime": "2024-06-14 01:34:38", "elapsed": 7.594027, "delta": 0.004985}}
{"target": -994.1742635149483, "params": {"gamma": 2.654453130529889, "lr": 0.16450130293866305}, "datetime": {"datetime": "2024-06-14 01:34:38", "elapsed": 7.599014, "delta": 0.004987}}
{"target": -1988.3264959034398, "params": {"gamma": 8.805093637851785, "lr": 0.7937831324318396}, "datetime": {"datetime": "2024-06-14 01:34:38", "elapsed": 7.604001, "delta": 0.004987}}
{"target": -165.91794205489245, "params": {"gamma": 0.38483593233206737, "lr": 0.8793008435965847}, "datetime": {"datetime": "2024-06-14 01:34:38", "elapsed": 7.608987, "delta": 0.004986}}
{"target": -1089.1399176827592, "params": {"gamma": 5.879809512359401, "lr": 0.4575371969863721}, "datetime": {"datetime": "2024-06-14 01:34:38", "elapsed": 7.613975, "delta": 0.004988}}
{"target": -3239.634166016426, "params": {"gamma": 6.73884491695568, "lr": 0.03944279853538757}, "datetime": {"datetime": "2024-06-14 01:34:38", "elapsed": 7.618961, "delta": 0.004986}}
{"target": -1559.0970132715956, "params": {"gamma": 3.303881713493146, "lr": 0.08804841780935202}, "datetime": {"datetime": "2024-06-14 01:34:38", "elapsed": 7.623948, "delta": 0.004987}}
{"target": -1306.5727762357906, "params": {"gamma": 6.836691010345723, "lr": 0.3980117152162973}, "datetime": {"datetime": "2024-06-14 01:34:38", "elapsed": 7.628934, "delta": 0.004986}}
{"target": -875.4546021725785, "params": {"gamma": 4.790061963647635, "lr": 0.2898033391923721}, "datetime": {"datetime": "2024-06-14 01:34:38", "elapsed": 7.633921, "delta": 0.004987}}
{"target": -3788.304322844696, "params": {"gamma": 7.883156906603142, "lr": 0.046512682267751626}, "datetime": {"datetime": "2024-06-14 01:34:38", "elapsed": 7.63791, "delta": 0.003989}}
{"target": -586.0270952534859, "params": {"gamma": 2.811975337992219, "lr": 0.590595861758878}, "datetime": {"datetime": "2024-06-14 01:34:38", "elapsed": 7.642897, "delta": 0.004987}}
{"target": -1584.625454199618, "params": {"gamma": 7.901544890842957, "lr": 0.6015993359119542}, "datetime": {"datetime": "2024-06-14 01:34:38", "elapsed": 7.647883, "delta": 0.004986}}
{"target": -3511.163015060591, "params": {"gamma": 7.305156197867701, "lr": 0.023527914877828127}, "datetime": {"datetime": "2024-06-14 01:34:38", "elapsed": 7.65287, "delta": 0.004987}}
{"target": -1233.739095702245, "params": {"gamma": 2.5499809694961213, "lr": 0.04209175984237279}, "datetime": {"datetime": "2024-06-14 01:34:38", "elapsed": 7.657857, "delta": 0.004987}}
{"target": -1280.339323873079, "params": {"gamma": 5.000623972289424, "lr": 0.9891402961407735}, "datetime": {"datetime": "2024-06-14 01:34:38", "elapsed": 7.662844, "delta": 0.004987}}
{"target": -146.2144438623507, "params": {"gamma": 0.1362915505440842, "lr": 0.4408790383372555}, "datetime": {"datetime": "2024-06-14 01:34:38", "elapsed": 7.66783, "delta": 0.004986}}
{"target": -146.638518276825, "params": {"gamma": 0.0488593946407395, "lr": 0.6128886193293469}, "datetime": {"datetime": "2024-06-14 01:34:38", "elapsed": 7.672817, "delta": 0.004987}}
{"target": -427.26348470593615, "params": {"gamma": 1.8344039025545689, "lr": 0.7127417837905282}, "datetime": {"datetime": "2024-06-14 01:34:38", "elapsed": 7.676806, "delta": 0.003989}}
{"target": -396.5885572535924, "params": {"gamma": 1.5973254712175065, "lr": 0.8285756552303601}, "datetime": {"datetime": "2024-06-14 01:34:38", "elapsed": 7.681793, "delta": 0.004987}}
{"target": -432.1253926781436, "params": {"gamma": 2.0625754591785816, "lr": 0.35221627383195075}, "datetime": {"datetime": "2024-06-14 01:34:38", "elapsed": 7.686779, "delta": 0.004986}}
{"target": -547.500723759441, "params": {"gamma": 2.3065541407607677, "lr": 0.8076844924516463}, "datetime": {"datetime": "2024-06-14 01:34:38", "elapsed": 7.691766, "delta": 0.004987}}
{"target": -1207.6013234212273, "params": {"gamma": 4.903209285941475, "lr": 0.8738335058866241}, "datetime": {"datetime": "2024-06-14 01:34:38", "elapsed": 7.696753, "delta": 0.004987}}
{"target": -279.334351197167, "params": {"gamma": 1.3017296410083459, "lr": 0.4989581103650381}, "datetime": {"datetime": "2024-06-14 01:34:38", "elapsed": 7.701739, "delta": 0.004986}}
{"target": -1980.7352909115323, "params": {"gamma": 7.766359726186858, "lr": 0.9812101687911365}, "datetime": {"datetime": "2024-06-14 01:34:38", "elapsed": 7.706726, "delta": 0.004987}}
{"target": -2347.8696388000935, "params": {"gamma": 6.734103924215217, "lr": 0.18300117978695374}, "datetime": {"datetime": "2024-06-14 01:34:38", "elapsed": 7.710715, "delta": 0.003989}}
{"target": -3651.561327828274, "params": {"gamma": 7.597969782524479, "lr": 0.07463521512286109}, "datetime": {"datetime": "2024-06-14 01:34:38", "elapsed": 7.715702, "delta": 0.004987}}
{"target": -1780.4774362938897, "params": {"gamma": 7.62796186474408, "lr": 0.8278152309219722}, "datetime": {"datetime": "2024-06-14 01:34:38", "elapsed": 7.720689, "delta": 0.004987}}
{"target": -1037.2610211659753, "params": {"gamma": 5.592537951402159, "lr": 0.49272082980822784}, "datetime": {"datetime": "2024-06-14 01:34:38", "elapsed": 7.725675, "delta": 0.004986}}
{"target": -4499.000104852245, "params": {"gamma": 9.36533769934676, "lr": 9.695068767479054e-05}, "datetime": {"datetime": "2024-06-14 01:34:38", "elapsed": 7.730662, "delta": 0.004987}}
{"target": -150.02196029321067, "params": {"gamma": 0.0966593768907281, "lr": 0.25195142314544017}, "datetime": {"datetime": "2024-06-14 01:34:38", "elapsed": 7.735649, "delta": 0.004987}}
{"target": -1020.4870535651949, "params": {"gamma": 5.057258956122923, "lr": 0.5404166504960898}, "datetime": {"datetime": "2024-06-14 01:34:38", "elapsed": 7.739638, "delta": 0.003989}}
{"target": -687.3470916982053, "params": {"gamma": 3.7135529478230405, "lr": 0.29271137519518675}, "datetime": {"datetime": "2024-06-14 01:34:38", "elapsed": 7.744625, "delta": 0.004987}}
{"target": -484.99784906354705, "params": {"gamma": 2.0244710973929743, "lr": 0.8002818943961242}, "datetime": {"datetime": "2024-06-14 01:34:38", "elapsed": 7.749611, "delta": 0.004986}}
{"target": -599.9871166117189, "params": {"gamma": 3.159913122914842, "lr": 0.492467985547119}, "datetime": {"datetime": "2024-06-14 01:34:38", "elapsed": 7.754598, "delta": 0.004987}}
{"target": -1626.5946007681825, "params": {"gamma": 8.11309762614833, "lr": 0.6123589424601151}, "datetime": {"datetime": "2024-06-14 01:34:38", "elapsed": 7.759585, "delta": 0.004987}}
{"target": -1558.5220794083707, "params": {"gamma": 4.086676353275073, "lr": 0.17690422236042747}, "datetime": {"datetime": "2024-06-14 01:34:38", "elapsed": 7.764572, "delta": 0.004987}}
{"target": -746.2225962484378, "params": {"gamma": 3.977123246381154, "lr": 0.48521265373011824}, "datetime": {"datetime": "2024-06-14 01:34:38", "elapsed": 7.769558, "delta": 0.004986}}
{"target": -2106.858161342272, "params": {"gamma": 9.905855341048484, "lr": 0.28419507592058557}, "datetime": {"datetime": "2024-06-14 01:34:38", "elapsed": 7.774545, "delta": 0.004987}}
{"target": -515.0530238891747, "params": {"gamma": 1.6572311251158391, "lr": 0.22057551351544413}, "datetime": {"datetime": "2024-06-14 01:34:38", "elapsed": 7.779531, "delta": 0.004986}}
{"target": -1026.9385075812072, "params": {"gamma": 2.115461976224172, "lr": 0.07604769057476157}, "datetime": {"datetime": "2024-06-14 01:34:38", "elapsed": 7.784518, "delta": 0.004987}}
{"target": -789.9787236189447, "params": {"gamma": 3.6497120765361126, "lr": 0.28473402479064247}, "datetime": {"datetime": "2024-06-14 01:34:38", "elapsed": 7.78951, "delta": 0.004992}}
{"target": -2004.2078771605807, "params": {"gamma": 8.876000332641663, "lr": 0.780259609956419}, "datetime": {"datetime": "2024-06-14 01:34:38", "elapsed": 7.794491, "delta": 0.004981}}
{"target": -293.4768747000211, "params": {"gamma": 1.09154050351661, "lr": 0.8505034953674093}, "datetime": {"datetime": "2024-06-14 01:34:38", "elapsed": 7.799478, "delta": 0.004987}}
{"target": -279.56698480644354, "params": {"gamma": 1.0968764704846565, "lr": 0.7202077467752445}, "datetime": {"datetime": "2024-06-14 01:34:38", "elapsed": 7.804465, "delta": 0.004987}}
{"target": -2695.1746711074975, "params": {"gamma": 5.728670154913063, "lr": 0.08680838426747961}, "datetime": {"datetime": "2024-06-14 01:34:38", "elapsed": 7.808454, "delta": 0.003989}}
{"target": -2215.299250002351, "params": {"gamma": 9.053375032737591, "lr": 0.8745665148853765}, "datetime": {"datetime": "2024-06-14 01:34:38", "elapsed": 7.813441, "delta": 0.004987}}
{"target": -1617.2910703180848, "params": {"gamma": 8.438673461887907, "lr": 0.3695673551173151}, "datetime": {"datetime": "2024-06-14 01:34:38", "elapsed": 7.818427, "delta": 0.004986}}
{"target": -583.9923555373965, "params": {"gamma": 2.2302911723421603, "lr": 0.9971116548587963}, "datetime": {"datetime": "2024-06-14 01:34:38", "elapsed": 7.823415, "delta": 0.004988}}
{"target": -3927.552403570371, "params": {"gamma": 8.17356631642956, "lr": 0.042128160628106315}, "datetime": {"datetime": "2024-06-14 01:34:38", "elapsed": 7.828401, "delta": 0.004986}}
{"target": -869.0990247962355, "params": {"gamma": 3.733405500770418, "lr": 0.8121869757489847}, "datetime": {"datetime": "2024-06-14 01:34:38", "elapsed": 7.833388, "delta": 0.004987}}
{"target": -1409.6087280438926, "params": {"gamma": 5.284318582532073, "lr": 0.24713082560012845}, "datetime": {"datetime": "2024-06-14 01:34:38", "elapsed": 7.837377, "delta": 0.003989}}
{"target": -1697.8466024000254, "params": {"gamma": 7.9290864165444885, "lr": 0.2617510439444676}, "datetime": {"datetime": "2024-06-14 01:34:38", "elapsed": 7.842363, "delta": 0.004986}}
{"target": -149.05452170407287, "params": {"gamma": 0.00498340216746315, "lr": 0.23131891895573253}, "datetime": {"datetime": "2024-06-14 01:34:38", "elapsed": 7.84735, "delta": 0.004987}}
{"target": -1992.8290690884846, "params": {"gamma": 9.933709519335848, "lr": 0.6562008343421062}, "datetime": {"datetime": "2024-06-14 01:34:38", "elapsed": 7.852337, "delta": 0.004987}}
{"target": -499.7973778379756, "params": {"gamma": 2.20746055274965, "lr": 0.6861397019787449}, "datetime": {"datetime": "2024-06-14 01:34:38", "elapsed": 7.857324, "delta": 0.004987}}
{"target": -1383.4043129759937, "params": {"gamma": 6.8696820453199665, "lr": 0.640742769936858}, "datetime": {"datetime": "2024-06-14 01:34:38", "elapsed": 7.862311, "delta": 0.004987}}
{"target": -237.23196949738468, "params": {"gamma": 0.7064146187020427, "lr": 0.2429641169892971}, "datetime": {"datetime": "2024-06-14 01:34:38", "elapsed": 7.867297, "delta": 0.004986}}
{"target": -1926.1699083446285, "params": {"gamma": 8.708501091076558, "lr": 0.7347408193015217}, "datetime": {"datetime": "2024-06-14 01:34:38", "elapsed": 7.872284, "delta": 0.004987}}
{"target": -340.5854811697178, "params": {"gamma": 1.6789922438348501, "lr": 0.29858946127654595}, "datetime": {"datetime": "2024-06-14 01:34:38", "elapsed": 7.877271, "delta": 0.004987}}
{"target": -1317.61276556692, "params": {"gamma": 5.627657565327734, "lr": 0.826445766022829}, "datetime": {"datetime": "2024-06-14 01:34:38", "elapsed": 7.882257, "delta": 0.004986}}
{"target": -915.0897943789744, "params": {"gamma": 2.0059625473387035, "lr": 0.10166529365348886}, "datetime": {"datetime": "2024-06-14 01:34:38", "elapsed": 7.887243, "delta": 0.004986}}
{"target": -983.8740206329883, "params": {"gamma": 3.8193070270168987, "lr": 0.912353469252759}, "datetime": {"datetime": "2024-06-14 01:34:38", "elapsed": 7.89223, "delta": 0.004987}}
{"target": -1181.66849923961, "params": {"gamma": 2.605874679054985, "lr": 0.10830435271308025}, "datetime": {"datetime": "2024-06-14 01:34:38", "elapsed": 7.897217, "delta": 0.004987}}
{"target": -181.78638184364303, "params": {"gamma": 0.56037370979255, "lr": 0.3516705558700568}, "datetime": {"datetime": "2024-06-14 01:34:38", "elapsed": 7.901206, "delta": 0.003989}}
{"target": -158.32443913891137, "params": {"gamma": 0.37723182573995767, "lr": 0.583033921230445}, "datetime": {"datetime": "2024-06-14 01:34:38", "elapsed": 7.906195, "delta": 0.004989}}
{"target": -1242.0385342648146, "params": {"gamma": 6.725895546392632, "lr": 0.46048358998473815}, "datetime": {"datetime": "2024-06-14 01:34:38", "elapsed": 7.91118, "delta": 0.004985}}
{"target": -1485.7778667888313, "params": {"gamma": 7.411427420391562, "lr": 0.5010249644140818}, "datetime": {"datetime": "2024-06-14 01:34:38", "elapsed": 7.916166, "delta": 0.004986}}
{"target": -1870.3682023769438, "params": {"gamma": 7.023823855740785, "lr": 0.2306409059229675}, "datetime": {"datetime": "2024-06-14 01:34:39", "elapsed": 7.921153, "delta": 0.004987}}
{"target": -1492.6928945934555, "params": {"gamma": 7.446379482205204, "lr": 0.5016372020053996}, "datetime": {"datetime": "2024-06-14 01:34:39", "elapsed": 7.92614, "delta": 0.004987}}
{"target": -1301.3573121813008, "params": {"gamma": 7.053982930260369, "lr": 0.44669779031638923}, "datetime": {"datetime": "2024-06-14 01:34:39", "elapsed": 7.931126, "delta": 0.004986}}
{"target": -2434.7558355747583, "params": {"gamma": 5.059900155144239, "lr": 0.04153518297857339}, "datetime": {"datetime": "2024-06-14 01:34:39", "elapsed": 7.936113, "delta": 0.004987}}
{"target": -1756.3484775107654, "params": {"gamma": 4.893603596752043, "lr": 0.14228750219732444}, "datetime": {"datetime": "2024-06-14 01:34:39", "elapsed": 7.9411, "delta": 0.004987}}
{"target": -301.39810836237837, "params": {"gamma": 1.425815973998472, "lr": 0.43335040255954493}, "datetime": {"datetime": "2024-06-14 01:34:39", "elapsed": 7.946086, "delta": 0.004986}}
{"target": -1138.1054376846441, "params": {"gamma": 5.762571683469249, "lr": 0.343048695191552}, "datetime": {"datetime": "2024-06-14 01:34:39", "elapsed": 7.951073, "delta": 0.004987}}
{"target": -381.01840606125205, "params": {"gamma": 1.6057554110518168, "lr": 0.7414104169799515}, "datetime": {"datetime": "2024-06-14 01:34:39", "elapsed": 7.95606, "delta": 0.004987}}
{"target": -2128.610041483973, "params": {"gamma": 9.630952636256579, "lr": 0.7336422859505056}, "datetime": {"datetime": "2024-06-14 01:34:39", "elapsed": 7.961046, "delta": 0.004986}}
{"target": -228.83021156717444, "params": {"gamma": 0.7715652507427674, "lr": 0.8409081581252351}, "datetime": {"datetime": "2024-06-14 01:34:39", "elapsed": 7.966033, "delta": 0.004987}}
{"target": -188.67400792098175, "params": {"gamma": 0.6760729900832833, "lr": 0.4363120485992489}, "datetime": {"datetime": "2024-06-14 01:34:39", "elapsed": 7.970022, "delta": 0.003989}}
{"target": -1985.9594965668985, "params": {"gamma": 9.288699130413471, "lr": 0.26318010363654454}, "datetime": {"datetime": "2024-06-14 01:34:39", "elapsed": 7.975009, "delta": 0.004987}}
{"target": -318.18591930660466, "params": {"gamma": 1.2804037657560603, "lr": 0.7622387720608016}, "datetime": {"datetime": "2024-06-14 01:34:39", "elapsed": 7.980993, "delta": 0.005984}}
{"target": -1651.7162202649201, "params": {"gamma": 9.286152605869912, "lr": 0.32576842070431766}, "datetime": {"datetime": "2024-06-14 01:34:39", "elapsed": 7.984982, "delta": 0.003989}}
{"target": -821.8754830337155, "params": {"gamma": 2.3253485203555204, "lr": 0.1824854764117131}, "datetime": {"datetime": "2024-06-14 01:34:39", "elapsed": 7.989969, "delta": 0.004987}}
{"target": -1948.6987511377422, "params": {"gamma": 9.632391991118075, "lr": 0.5766346346502746}, "datetime": {"datetime": "2024-06-14 01:34:39", "elapsed": 7.994956, "delta": 0.004987}}
{"target": -1532.1998199738835, "params": {"gamma": 8.601017631330931, "lr": 0.3083449860518661}, "datetime": {"datetime": "2024-06-14 01:34:39", "elapsed": 7.999942, "delta": 0.004986}}
{"target": -175.23070690863324, "params": {"gamma": 0.5653078671540508, "lr": 0.45380418511530174}, "datetime": {"datetime": "2024-06-14 01:34:39", "elapsed": 8.004929, "delta": 0.004987}}
{"target": -438.1252095039014, "params": {"gamma": 2.0718938489778145, "lr": 0.5189836643290452}, "datetime": {"datetime": "2024-06-14 01:34:39", "elapsed": 8.009916, "delta": 0.004987}}
{"target": -978.9581335730378, "params": {"gamma": 5.3803383685417385, "lr": 0.2942882172433129}, "datetime": {"datetime": "2024-06-14 01:34:39", "elapsed": 8.014902, "delta": 0.004986}}
{"target": -1484.4751449489324, "params": {"gamma": 3.0752313679559293, "lr": 0.024173672214832798}, "datetime": {"datetime": "2024-06-14 01:34:39", "elapsed": 8.019889, "delta": 0.004987}}
{"target": -766.7011990575314, "params": {"gamma": 4.204599737289876, "lr": 0.3236894136587639}, "datetime": {"datetime": "2024-06-14 01:34:39", "elapsed": 8.024876, "delta": 0.004987}}
{"target": -1521.0919695285127, "params": {"gamma": 6.1952817624864025, "lr": 0.8597630666919952}, "datetime": {"datetime": "2024-06-14 01:34:39", "elapsed": 8.029862, "delta": 0.004986}}
{"target": -2371.018649853611, "params": {"gamma": 4.926911767488365, "lr": 0.0827082980318894}, "datetime": {"datetime": "2024-06-14 01:34:39", "elapsed": 8.034849, "delta": 0.004987}}
{"target": -2147.588263761753, "params": {"gamma": 9.334871102884591, "lr": 0.8083269668547564}, "datetime": {"datetime": "2024-06-14 01:34:39", "elapsed": 8.038839, "delta": 0.00399}}
{"target": -671.8145889877635, "params": {"gamma": 3.6558227125345977, "lr": 0.3307289110251447}, "datetime": {"datetime": "2024-06-14 01:34:39", "elapsed": 8.043825, "delta": 0.004986}}
{"target": -1795.0111596768309, "params": {"gamma": 9.379402853367585, "lr": 0.37489434056111615}, "datetime": {"datetime": "2024-06-14 01:34:39", "elapsed": 8.048812, "delta": 0.004987}}
{"target": -1624.0287350627818, "params": {"gamma": 6.358386384013082, "lr": 0.9853443380985734}, "datetime": {"datetime": "2024-06-14 01:34:39", "elapsed": 8.053798, "delta": 0.004986}}
{"target": -160.53178079093368, "params": {"gamma": 0.36836090554034395, "lr": 0.3146309781487783}, "datetime": {"datetime": "2024-06-14 01:34:39", "elapsed": 8.059783, "delta": 0.005985}}
{"target": -604.5253411302061, "params": {"gamma": 2.313125983692789, "lr": 0.9223654191512636}, "datetime": {"datetime": "2024-06-14 01:34:39", "elapsed": 8.063771, "delta": 0.003988}}
{"target": -2651.3710058060233, "params": {"gamma": 5.511816168783595, "lr": 0.05371353840991677}, "datetime": {"datetime": "2024-06-14 01:34:39", "elapsed": 8.068758, "delta": 0.004987}}
{"target": -1649.2137575655363, "params": {"gamma": 7.552727246484496, "lr": 0.6840838213346168}, "datetime": {"datetime": "2024-06-14 01:34:39", "elapsed": 8.073745, "delta": 0.004987}}
{"target": -1690.8193663154013, "params": {"gamma": 6.622078860248277, "lr": 0.9557287749268826}, "datetime": {"datetime": "2024-06-14 01:34:39", "elapsed": 8.078732, "delta": 0.004987}}
{"target": -1962.0161601694763, "params": {"gamma": 8.746141385554216, "lr": 0.7532514851657419}, "datetime": {"datetime": "2024-06-14 01:34:39", "elapsed": 8.084716, "delta": 0.005984}}
{"target": -815.2435872973556, "params": {"gamma": 2.2274368777620133, "lr": 0.13801496204321861}, "datetime": {"datetime": "2024-06-14 01:34:39", "elapsed": 8.089702, "delta": 0.004986}}
