{"target": -150.00528103064434, "params": {"gamma": 0.311939657480023, "prior": 5.754639817943711, "rate": 1.8055046214421606}, "datetime": {"datetime": "2024-06-14 04:07:27", "elapsed": 2.844262, "delta": 0.008978}}
{"target": -297.88943517953396, "params": {"gamma": 6.309961044194965, "prior": 9.811144389930757, "rate": 8.749150609572597}, "datetime": {"datetime": "2024-06-14 04:07:27", "elapsed": 2.854263, "delta": 0.010001}}
{"target": -219.85644932110395, "params": {"gamma": 4.518910657959286, "prior": 7.113762613512001, "rate": 7.77491003128189}, "datetime": {"datetime": "2024-06-14 04:07:27", "elapsed": 2.86321, "delta": 0.008947}}
{"target": -342.864238053464, "params": {"gamma": 4.9489359987414545, "prior": 5.332481552757894, "rate": 1.5086931993235537}, "datetime": {"datetime": "2024-06-14 04:07:27", "elapsed": 2.873184, "delta": 0.009974}}
{"target": -232.07618054313593, "params": {"gamma": 3.6946298561934507, "prior": 1.5079904054205882, "rate": 7.269210639692282}, "datetime": {"datetime": "2024-06-14 04:07:27", "elapsed": 2.882158, "delta": 0.008974}}
{"target": -229.4469567493923, "params": {"gamma": 4.770652931028231, "prior": 4.543900483396978, "rate": 8.860093713682348}, "datetime": {"datetime": "2024-06-14 04:07:27", "elapsed": 2.892134, "delta": 0.009976}}
{"target": -285.92508370217485, "params": {"gamma": 5.2766601043433035, "prior": 4.149999235976913, "rate": 2.6896513301042457}, "datetime": {"datetime": "2024-06-14 04:07:27", "elapsed": 2.902106, "delta": 0.009972}}
{"target": -170.2767264576411, "params": {"gamma": 0.7210483396625298, "prior": 4.239547723880626, "rate": 0.25850907058342715}, "datetime": {"datetime": "2024-06-14 04:07:27", "elapsed": 2.911081, "delta": 0.008975}}
{"target": -166.55587518506076, "params": {"gamma": 2.912248251583728, "prior": 5.084744147499125, "rate": 9.659364717132203}, "datetime": {"datetime": "2024-06-14 04:07:27", "elapsed": 2.920057, "delta": 0.008976}}
{"target": -136.47598838799217, "params": {"gamma": 1.0947197590216522, "prior": 6.7631064367445575, "rate": 4.999823778620901}, "datetime": {"datetime": "2024-06-14 04:07:27", "elapsed": 2.930031, "delta": 0.009974}}
{"target": -429.312903952334, "params": {"gamma": 7.771205194528555, "prior": 1.521709278954672, "rate": 0.8329431617223197}, "datetime": {"datetime": "2024-06-14 04:07:27", "elapsed": 2.939007, "delta": 0.008976}}
{"target": -296.4728632100238, "params": {"gamma": 3.9927868349191855, "prior": 7.989926294601011, "rate": 1.917565713359991}, "datetime": {"datetime": "2024-06-14 04:07:27", "elapsed": 2.947983, "delta": 0.008976}}
{"target": -380.2774807299096, "params": {"gamma": 7.678004144280593, "prior": 2.9739501709124956, "rate": 2.1696979846303415}, "datetime": {"datetime": "2024-06-14 04:07:27", "elapsed": 2.956959, "delta": 0.008976}}
{"target": -146.69537470681846, "params": {"gamma": 0.1681391751809873, "prior": 4.046724693231549, "rate": 3.8114338314432303}, "datetime": {"datetime": "2024-06-14 04:07:27", "elapsed": 2.966932, "delta": 0.009973}}
{"target": -294.15512913147705, "params": {"gamma": 6.593790017017453, "prior": 0.8020921646568335, "rate": 1.5268872664356763}, "datetime": {"datetime": "2024-06-14 04:07:27", "elapsed": 2.975908, "delta": 0.008976}}
{"target": -140.33805318312835, "params": {"gamma": 0.16674225312644053, "prior": 1.2265839288293277, "rate": 6.518240970824895}, "datetime": {"datetime": "2024-06-14 04:07:27", "elapsed": 2.984885, "delta": 0.008977}}
{"target": -200.3276595337998, "params": {"gamma": 4.027165864897017, "prior": 3.278160510256427, "rate": 5.579562030443482}, "datetime": {"datetime": "2024-06-14 04:07:27", "elapsed": 2.99386, "delta": 0.008975}}
{"target": -455.5779810024844, "params": {"gamma": 9.9346111705354, "prior": 8.361416488778493, "rate": 6.99653220081344}, "datetime": {"datetime": "2024-06-14 04:07:27", "elapsed": 3.003787, "delta": 0.009927}}
{"target": -372.2495742023279, "params": {"gamma": 9.182667632731448, "prior": 0.4933141961625397, "rate": 0.7042640827136369}, "datetime": {"datetime": "2024-06-14 04:07:27", "elapsed": 3.012763, "delta": 0.008976}}
{"target": -243.5983946268662, "params": {"gamma": 4.740588893590559, "prior": 3.5567573882750656, "rate": 9.37258336922236}, "datetime": {"datetime": "2024-06-14 04:07:27", "elapsed": 3.021739, "delta": 0.008976}}
{"target": -228.45481674403655, "params": {"gamma": 4.896160046490541, "prior": 5.442526189924171, "rate": 8.952708396946477}, "datetime": {"datetime": "2024-06-14 04:07:27", "elapsed": 3.031713, "delta": 0.009974}}
{"target": -312.61564859638656, "params": {"gamma": 4.466903823191082, "prior": 8.782640453776484, "rate": 2.536563911966912}, "datetime": {"datetime": "2024-06-14 04:07:27", "elapsed": 3.040689, "delta": 0.008976}}
{"target": -160.01282352655488, "params": {"gamma": 2.7388232318769274, "prior": 3.3507777618671426, "rate": 5.476095140539054}, "datetime": {"datetime": "2024-06-14 04:07:27", "elapsed": 3.049664, "delta": 0.008975}}
{"target": -204.5291594147017, "params": {"gamma": 2.2020666115957854, "prior": 6.747148793704605, "rate": 1.4287900347472011}, "datetime": {"datetime": "2024-06-14 04:07:27", "elapsed": 3.05864, "delta": 0.008976}}
{"target": -154.7339375690202, "params": {"gamma": 0.9419086447218946, "prior": 8.714898287433238, "rate": 2.3694501668664283}, "datetime": {"datetime": "2024-06-14 04:07:27", "elapsed": 3.067616, "delta": 0.008976}}
{"target": -205.1511011249877, "params": {"gamma": 3.8606541062149327, "prior": 5.758266717980789, "rate": 5.258493897544749}, "datetime": {"datetime": "2024-06-14 04:07:27", "elapsed": 3.07759, "delta": 0.009974}}
{"target": -129.85460534948987, "params": {"gamma": 0.7611627705416266, "prior": 8.75384676242048, "rate": 9.511405048568502}, "datetime": {"datetime": "2024-06-14 04:07:27", "elapsed": 3.086566, "delta": 0.008976}}
{"target": -347.1527780284481, "params": {"gamma": 8.125260534442543, "prior": 2.9096381659740556, "rate": 5.278940114383477}, "datetime": {"datetime": "2024-06-14 04:07:27", "elapsed": 3.095543, "delta": 0.008977}}
{"target": -180.37571557245727, "params": {"gamma": 3.394827823452077, "prior": 5.5912063767979, "rate": 9.744060285661112}, "datetime": {"datetime": "2024-06-14 04:07:27", "elapsed": 3.105515, "delta": 0.009972}}
{"target": -210.03744838315777, "params": {"gamma": 3.1177174742720952, "prior": 6.72108639863641, "rate": 3.26034610588255}, "datetime": {"datetime": "2024-06-14 04:07:27", "elapsed": 3.114491, "delta": 0.008976}}
{"target": -371.3528252446835, "params": {"gamma": 7.744998182884782, "prior": 3.325518669470728, "rate": 8.898383587132303}, "datetime": {"datetime": "2024-06-14 04:07:27", "elapsed": 3.123467, "delta": 0.008976}}
{"target": -398.8562433336687, "params": {"gamma": 7.51732550147175, "prior": 7.650057744906595, "rate": 4.695320806570698}, "datetime": {"datetime": "2024-06-14 04:07:27", "elapsed": 3.13344, "delta": 0.009973}}
{"target": -167.0712119662074, "params": {"gamma": 2.108434260184585, "prior": 0.5106032878073389, "rate": 3.218966170902475}, "datetime": {"datetime": "2024-06-14 04:07:27", "elapsed": 3.143414, "delta": 0.009974}}
{"target": -138.5536435821432, "params": {"gamma": 0.3720895322754502, "prior": 6.969168572601607, "rate": 6.703829969329749}, "datetime": {"datetime": "2024-06-14 04:07:27", "elapsed": 3.15239, "delta": 0.008976}}
{"target": -238.01093928603763, "params": {"gamma": 4.305287355667006, "prior": 7.701110878815912, "rate": 5.360548938900898}, "datetime": {"datetime": "2024-06-14 04:07:27", "elapsed": 3.162364, "delta": 0.009974}}
{"target": -134.50822882755975, "params": {"gamma": 0.3995594064278903, "prior": 1.4344518678107228, "rate": 1.9349705737501688}, "datetime": {"datetime": "2024-06-14 04:07:27", "elapsed": 3.171339, "delta": 0.008975}}
{"target": -247.47555992957933, "params": {"gamma": 3.357302347845333, "prior": 0.6178981697310199, "rate": 6.051562688223163}, "datetime": {"datetime": "2024-06-14 04:07:27", "elapsed": 3.180345, "delta": 0.009006}}
{"target": -272.46768234097084, "params": {"gamma": 5.121098214211664, "prior": 6.212864018969845, "rate": 4.324123592048677}, "datetime": {"datetime": "2024-06-14 04:07:27", "elapsed": 3.189291, "delta": 0.008946}}
{"target": -710.4360320582905, "params": {"gamma": 8.47715698190614, "prior": 4.595184654985598, "rate": 0.15501979439941704}, "datetime": {"datetime": "2024-06-14 04:07:27", "elapsed": 3.198267, "delta": 0.008976}}
{"target": -358.8154769969435, "params": {"gamma": 8.730808416322548, "prior": 6.596395322666579, "rate": 8.23020740344406}, "datetime": {"datetime": "2024-06-14 04:07:28", "elapsed": 3.207243, "delta": 0.008976}}
{"target": -508.0700016803188, "params": {"gamma": 9.517805154645483, "prior": 0.6040325968171834, "rate": 2.3514835690460547}, "datetime": {"datetime": "2024-06-14 04:07:28", "elapsed": 3.216253, "delta": 0.00901}}
{"target": -125.21808114275922, "params": {"gamma": 0.6343710911199417, "prior": 4.274413071721264, "rate": 8.638427625869019}, "datetime": {"datetime": "2024-06-14 04:07:28", "elapsed": 3.226192, "delta": 0.009939}}
{"target": -153.3894815144713, "params": {"gamma": 0.817158203167966, "prior": 4.783808333570197, "rate": 1.2563055549774276}, "datetime": {"datetime": "2024-06-14 04:07:28", "elapsed": 3.235169, "delta": 0.008977}}
{"target": -637.6400026718247, "params": {"gamma": 7.729083136069011, "prior": 8.43007935227885, "rate": 0.4338660909233998}, "datetime": {"datetime": "2024-06-14 04:07:28", "elapsed": 3.244145, "delta": 0.008976}}
{"target": -274.7658297346665, "params": {"gamma": 4.864920990960778, "prior": 2.470169336963784, "rate": 9.5247853431509}, "datetime": {"datetime": "2024-06-14 04:07:28", "elapsed": 3.25312, "delta": 0.008975}}
{"target": -384.702912258802, "params": {"gamma": 9.438982385210178, "prior": 6.1779466236085385, "rate": 9.734900485854638}, "datetime": {"datetime": "2024-06-14 04:07:28", "elapsed": 3.263094, "delta": 0.009974}}
{"target": -224.8990959185146, "params": {"gamma": 3.4492685758187935, "prior": 8.98872210491005, "rate": 4.346515139111687}, "datetime": {"datetime": "2024-06-14 04:07:28", "elapsed": 3.27207, "delta": 0.008976}}
{"target": -164.29721440771425, "params": {"gamma": 2.35891055683799, "prior": 9.414196835693854, "rate": 6.842496291781293}, "datetime": {"datetime": "2024-06-14 04:07:28", "elapsed": 3.281046, "delta": 0.008976}}
{"target": -135.07974720253065, "params": {"gamma": 0.6500509418059542, "prior": 8.717206082548355, "rate": 7.01410156603883}, "datetime": {"datetime": "2024-06-14 04:07:28", "elapsed": 3.290022, "delta": 0.008976}}
{"target": -391.5304752399181, "params": {"gamma": 6.049663802869843, "prior": 7.350511501875372, "rate": 2.535136985955308}, "datetime": {"datetime": "2024-06-14 04:07:28", "elapsed": 3.298998, "delta": 0.008976}}
{"target": -498.6040194789616, "params": {"gamma": 6.00528906379017, "prior": 8.164729894490387, "rate": 0.542082489579675}, "datetime": {"datetime": "2024-06-14 04:07:28", "elapsed": 3.307974, "delta": 0.008976}}
{"target": -139.11985364172983, "params": {"gamma": 1.3059762027213204, "prior": 8.440213518568495, "rate": 6.183840347409528}, "datetime": {"datetime": "2024-06-14 04:07:28", "elapsed": 3.31695, "delta": 0.008976}}
{"target": -244.6129187828075, "params": {"gamma": 5.3133468170001, "prior": 2.558078217071276, "rate": 2.9514906739197095}, "datetime": {"datetime": "2024-06-14 04:07:28", "elapsed": 3.325955, "delta": 0.009005}}
{"target": -647.1108492598372, "params": {"gamma": 8.726988963029699, "prior": 4.274492755012122, "rate": 0.6452381255404884}, "datetime": {"datetime": "2024-06-14 04:07:28", "elapsed": 3.335899, "delta": 0.009944}}
{"target": -480.7014596553135, "params": {"gamma": 8.969953710006317, "prior": 2.1134702449581058, "rate": 8.262449127388422}, "datetime": {"datetime": "2024-06-14 04:07:28", "elapsed": 3.344876, "delta": 0.008977}}
{"target": -363.11120594982106, "params": {"gamma": 8.81782446020499, "prior": 4.918832373701547, "rate": 5.98504846635326}, "datetime": {"datetime": "2024-06-14 04:07:28", "elapsed": 3.353851, "delta": 0.008975}}
{"target": -239.42650699593077, "params": {"gamma": 5.273147297397685, "prior": 6.28573081243644, "rate": 8.550562171752167}, "datetime": {"datetime": "2024-06-14 04:07:28", "elapsed": 3.362828, "delta": 0.008977}}
{"target": -184.56715296150585, "params": {"gamma": 2.8221123446002014, "prior": 8.849179530987948, "rate": 5.677335610861374}, "datetime": {"datetime": "2024-06-14 04:07:28", "elapsed": 3.372835, "delta": 0.010007}}
{"target": -124.63886297420136, "params": {"gamma": 1.151915306628067, "prior": 2.347311535625114, "rate": 5.960227873744525}, "datetime": {"datetime": "2024-06-14 04:07:28", "elapsed": 3.381777, "delta": 0.008942}}
{"target": -153.10113985289587, "params": {"gamma": 2.395222922809899, "prior": 1.4010150393208598, "rate": 1.6193152935242277}, "datetime": {"datetime": "2024-06-14 04:07:28", "elapsed": 3.390753, "delta": 0.008976}}
{"target": -350.1770009155218, "params": {"gamma": 8.448880309839154, "prior": 6.061618173537837, "rate": 9.635707304796231}, "datetime": {"datetime": "2024-06-14 04:07:28", "elapsed": 3.399757, "delta": 0.009004}}
{"target": -188.02637723981027, "params": {"gamma": 3.4574464537469587, "prior": 5.996688471536002, "rate": 5.9902539044452245}, "datetime": {"datetime": "2024-06-14 04:07:28", "elapsed": 3.409702, "delta": 0.009945}}
{"target": -431.66680758664126, "params": {"gamma": 6.157427167752284, "prior": 0.6858543511386517, "rate": 7.503421528562285}, "datetime": {"datetime": "2024-06-14 04:07:28", "elapsed": 3.418678, "delta": 0.008976}}
{"target": -595.2502142463228, "params": {"gamma": 9.482146772378064, "prior": 5.393322666077928, "rate": 1.926367653529729}, "datetime": {"datetime": "2024-06-14 04:07:28", "elapsed": 3.427654, "delta": 0.008976}}
{"target": -566.5846674920919, "params": {"gamma": 7.529506223884443, "prior": 0.17245779634585162, "rate": 3.2832327804041577}, "datetime": {"datetime": "2024-06-14 04:07:28", "elapsed": 3.43663, "delta": 0.008976}}
{"target": -372.2102430457718, "params": {"gamma": 9.176145870096288, "prior": 5.92483659564938, "rate": 8.55204764875745}, "datetime": {"datetime": "2024-06-14 04:07:28", "elapsed": 3.445606, "delta": 0.008976}}
{"target": -273.8410914701921, "params": {"gamma": 6.047115851439529, "prior": 8.243523709986324, "rate": 8.79495575076974}, "datetime": {"datetime": "2024-06-14 04:07:28", "elapsed": 3.455579, "delta": 0.009973}}
{"target": -214.43500046774327, "params": {"gamma": 3.210542758870008, "prior": 1.3172522383665672, "rate": 7.213312138521522}, "datetime": {"datetime": "2024-06-14 04:07:28", "elapsed": 3.464555, "delta": 0.008976}}
{"target": -260.86280841727677, "params": {"gamma": 4.404030521225552, "prior": 1.3546835205058854, "rate": 5.898646657450783}, "datetime": {"datetime": "2024-06-14 04:07:28", "elapsed": 3.473531, "delta": 0.008976}}
{"target": -129.88081643149147, "params": {"gamma": 0.36164707738402946, "prior": 2.0818029524687707, "rate": 7.883223595490022}, "datetime": {"datetime": "2024-06-14 04:07:28", "elapsed": 3.482507, "delta": 0.008976}}
{"target": -157.08283795574812, "params": {"gamma": 0.12195550339356331, "prior": 3.1031221499148343, "rate": 0.2147382349196191}, "datetime": {"datetime": "2024-06-14 04:07:28", "elapsed": 3.491483, "delta": 0.008976}}
{"target": -563.6715402689241, "params": {"gamma": 9.974852442290567, "prior": 5.862096765800271, "rate": 2.93446940858208}, "datetime": {"datetime": "2024-06-14 04:07:28", "elapsed": 3.500459, "delta": 0.008976}}
{"target": -417.83231158062, "params": {"gamma": 9.289565669469264, "prior": 5.120482293127225, "rate": 4.547467583296517}, "datetime": {"datetime": "2024-06-14 04:07:28", "elapsed": 3.509435, "delta": 0.008976}}
{"target": -265.0757711693506, "params": {"gamma": 5.879127191455569, "prior": 2.7149626776846394, "rate": 3.0535777051749857}, "datetime": {"datetime": "2024-06-14 04:07:28", "elapsed": 3.519409, "delta": 0.009974}}
{"target": -198.46924612511964, "params": {"gamma": 3.7171741126651003, "prior": 2.520035193778948, "rate": 5.845888113900182}, "datetime": {"datetime": "2024-06-14 04:07:28", "elapsed": 3.528385, "delta": 0.008976}}
{"target": -492.41787274570856, "params": {"gamma": 6.958765493189333, "prior": 0.8122774796236112, "rate": 9.710862112935013}, "datetime": {"datetime": "2024-06-14 04:07:28", "elapsed": 3.53736, "delta": 0.008975}}
{"target": -341.00861466569006, "params": {"gamma": 7.53095348803868, "prior": 8.081015313238742, "rate": 7.516652400408825}, "datetime": {"datetime": "2024-06-14 04:07:28", "elapsed": 3.546337, "delta": 0.008977}}
{"target": -132.06615431869852, "params": {"gamma": 0.8015297117349018, "prior": 4.868793201909653, "rate": 4.457283891060159}, "datetime": {"datetime": "2024-06-14 04:07:28", "elapsed": 3.555312, "delta": 0.008975}}
{"target": -289.2626090808645, "params": {"gamma": 6.725054032598774, "prior": 4.5424988623607865, "rate": 7.043429670440712}, "datetime": {"datetime": "2024-06-14 04:07:28", "elapsed": 3.564288, "delta": 0.008976}}
{"target": -318.75947224234164, "params": {"gamma": 6.816771730688627, "prior": 7.001770434652286, "rate": 6.186388824872803}, "datetime": {"datetime": "2024-06-14 04:07:28", "elapsed": 3.573264, "delta": 0.008976}}
{"target": -135.58375237266233, "params": {"gamma": 1.5106563520631782, "prior": 7.631944317426985, "rate": 7.810677176117377}, "datetime": {"datetime": "2024-06-14 04:07:28", "elapsed": 3.583238, "delta": 0.009974}}
{"target": -441.67245835600255, "params": {"gamma": 9.041125756152136, "prior": 2.414310056780649, "rate": 1.7676122518303419}, "datetime": {"datetime": "2024-06-14 04:07:28", "elapsed": 3.592214, "delta": 0.008976}}
{"target": -208.4105257310475, "params": {"gamma": 3.9116001319445175, "prior": 3.2735900745520863, "rate": 8.154953813127257}, "datetime": {"datetime": "2024-06-14 04:07:28", "elapsed": 3.60119, "delta": 0.008976}}
{"target": -342.2526932076572, "params": {"gamma": 6.135645470784649, "prior": 7.624017348262513, "rate": 4.277223331869946}, "datetime": {"datetime": "2024-06-14 04:07:28", "elapsed": 3.610166, "delta": 0.008976}}
{"target": -123.18276241608338, "params": {"gamma": 0.9953061885929767, "prior": 1.238846619297438, "rate": 3.734697910240216}, "datetime": {"datetime": "2024-06-14 04:07:28", "elapsed": 3.619746, "delta": 0.00958}}
{"target": -152.35565748429238, "params": {"gamma": 1.939283827327562, "prior": 8.225390336367088, "rate": 5.996760448228745}, "datetime": {"datetime": "2024-06-14 04:07:28", "elapsed": 3.62972, "delta": 0.009974}}
{"target": -505.410720724821, "params": {"gamma": 6.888763744927632, "prior": 4.9619886169125325, "rate": 0.8826486387405684}, "datetime": {"datetime": "2024-06-14 04:07:28", "elapsed": 3.638696, "delta": 0.008976}}
{"target": -184.55927242993266, "params": {"gamma": 2.351541289225017, "prior": 4.669860600827058, "rate": 1.9867164390362086}, "datetime": {"datetime": "2024-06-14 04:07:28", "elapsed": 3.647672, "delta": 0.008976}}
{"target": -142.5024712317786, "params": {"gamma": 0.2557368815524242, "prior": 7.321037212735911, "rate": 7.249442555443973}, "datetime": {"datetime": "2024-06-14 04:07:28", "elapsed": 3.656648, "delta": 0.008976}}
{"target": -215.70413573296247, "params": {"gamma": 3.304587071870666, "prior": 8.45059184803019, "rate": 4.284996317034784}, "datetime": {"datetime": "2024-06-14 04:07:28", "elapsed": 3.665683, "delta": 0.009035}}
{"target": -393.0677798032061, "params": {"gamma": 8.64699676149058, "prior": 6.604947703766606, "rate": 5.810775538523484}, "datetime": {"datetime": "2024-06-14 04:07:28", "elapsed": 3.675657, "delta": 0.009974}}
{"target": -140.64506377583984, "params": {"gamma": 2.008074152862875, "prior": 5.342511443736109, "rate": 8.944429751857296}, "datetime": {"datetime": "2024-06-14 04:07:28", "elapsed": 3.684632, "delta": 0.008975}}
{"target": -173.96622688994003, "params": {"gamma": 3.0506347643763254, "prior": 8.722361530694428, "rate": 9.087543983311022}, "datetime": {"datetime": "2024-06-14 04:07:28", "elapsed": 3.693608, "delta": 0.008976}}
{"target": -176.93951473657629, "params": {"gamma": 3.2991157822561417, "prior": 6.862436226731985, "rate": 8.992310274710121}, "datetime": {"datetime": "2024-06-14 04:07:28", "elapsed": 3.703582, "delta": 0.009974}}
{"target": -155.57284590932574, "params": {"gamma": 0.7578931207012753, "prior": 8.798019845727227, "rate": 1.9092027933215376}, "datetime": {"datetime": "2024-06-14 04:07:28", "elapsed": 3.712558, "delta": 0.008976}}
{"target": -478.2286892422419, "params": {"gamma": 8.497839331269288, "prior": 6.704476008122119, "rate": 3.4440476153050885}, "datetime": {"datetime": "2024-06-14 04:07:28", "elapsed": 3.722531, "delta": 0.009973}}
{"target": -131.94324256222976, "params": {"gamma": 1.5146043243579972, "prior": 6.390172518735689, "rate": 8.478032649103701}, "datetime": {"datetime": "2024-06-14 04:07:28", "elapsed": 3.731507, "delta": 0.008976}}
{"target": -340.1864860156245, "params": {"gamma": 8.218671898265342, "prior": 6.319572011593512, "rate": 9.563058796042565}, "datetime": {"datetime": "2024-06-14 04:07:28", "elapsed": 3.740483, "delta": 0.008976}}
{"target": -274.07808189708135, "params": {"gamma": 5.899641347630623, "prior": 2.058544568014401, "rate": 4.293877895442307}, "datetime": {"datetime": "2024-06-14 04:07:28", "elapsed": 3.749474, "delta": 0.008991}}
{"target": -234.72418044621745, "params": {"gamma": 3.3681232410129716, "prior": 9.920255617882082, "rate": 3.8029847246765303}, "datetime": {"datetime": "2024-06-14 04:07:28", "elapsed": 3.75845, "delta": 0.008976}}
{"target": -635.7782787013052, "params": {"gamma": 9.927016035774514, "prior": 5.2361620822608, "rate": 1.7236247350697775}, "datetime": {"datetime": "2024-06-14 04:07:28", "elapsed": 3.768423, "delta": 0.009973}}
