{"target": -851.0107813791484, "params": {"gamma": 5.336999796367143, "lr": 0.31446701118584963}, "datetime": {"datetime": "2024-06-13 15:57:54", "elapsed": 0.907705, "delta": 0.00399}}
{"target": -1467.6825265429736, "params": {"gamma": 9.1078175389072, "lr": 0.36655664385123443}, "datetime": {"datetime": "2024-06-13 15:57:54", "elapsed": 0.911695, "delta": 0.00399}}
{"target": -791.892085538079, "params": {"gamma": 4.336489680404373, "lr": 0.5122926922783614}, "datetime": {"datetime": "2024-06-13 15:57:54", "elapsed": 0.915685, "delta": 0.00399}}
{"target": -3518.8832580129097, "params": {"gamma": 9.388925887219763, "lr": 0.030949006271150714}, "datetime": {"datetime": "2024-06-13 15:57:54", "elapsed": 0.919673, "delta": 0.003988}}
{"target": -1689.3925740735087, "params": {"gamma": 7.1690697576532605, "lr": 0.8910189542923389}, "datetime": {"datetime": "2024-06-13 15:57:54", "elapsed": 0.92317, "delta": 0.003497}}
{"target": -148.37943461007436, "params": {"gamma": 0.2738449479511707, "lr": 0.5220512472525107}, "datetime": {"datetime": "2024-06-13 15:57:54", "elapsed": 0.927159, "delta": 0.003989}}
{"target": -777.855057989384, "params": {"gamma": 3.2605721278884827, "lr": 0.8594893208655858}, "datetime": {"datetime": "2024-06-13 15:57:54", "elapsed": 0.930151, "delta": 0.002992}}
{"target": -1164.173140328833, "params": {"gamma": 5.585606992674257, "lr": 0.6902278681627478}, "datetime": {"datetime": "2024-06-13 15:57:54", "elapsed": 0.934141, "delta": 0.00399}}
{"target": -904.3499277410967, "params": {"gamma": 4.529082146015424, "lr": 0.6283090375213571}, "datetime": {"datetime": "2024-06-13 15:57:54", "elapsed": 0.93813, "delta": 0.003989}}
{"target": -1104.6058332809878, "params": {"gamma": 2.901678420022571, "lr": 0.009348577966515781}, "datetime": {"datetime": "2024-06-13 15:57:54", "elapsed": 0.942125, "delta": 0.003995}}
{"target": -917.4045966351212, "params": {"gamma": 5.767982593935921, "lr": 0.3114442141324628}, "datetime": {"datetime": "2024-06-13 15:57:54", "elapsed": 0.945113, "delta": 0.002988}}
{"target": -1253.5802932132206, "params": {"gamma": 5.1731587174127975, "lr": 0.9164058530538978}, "datetime": {"datetime": "2024-06-13 15:57:54", "elapsed": 0.950151, "delta": 0.005038}}
{"target": -772.353532214573, "params": {"gamma": 4.265321410225459, "lr": 0.2473960366023854}, "datetime": {"datetime": "2024-06-13 15:57:54", "elapsed": 0.954139, "delta": 0.003988}}
{"target": -905.7755045948455, "params": {"gamma": 3.7135663190292654, "lr": 0.9318611166365406}, "datetime": {"datetime": "2024-06-13 15:57:54", "elapsed": 0.957131, "delta": 0.002992}}
{"target": -2140.092409801927, "params": {"gamma": 9.368746944709628, "lr": 0.8443299485657132}, "datetime": {"datetime": "2024-06-13 15:57:54", "elapsed": 0.961121, "delta": 0.00399}}
{"target": -1642.2753914816003, "params": {"gamma": 9.202144936542298, "lr": 0.22790028995131695}, "datetime": {"datetime": "2024-06-13 15:57:54", "elapsed": 0.965163, "delta": 0.004042}}
{"target": -207.9750005999534, "params": {"gamma": 0.8757346133263552, "lr": 0.22730973628468876}, "datetime": {"datetime": "2024-06-13 15:57:54", "elapsed": 0.969151, "delta": 0.003988}}
{"target": -726.5803738913241, "params": {"gamma": 3.1444517845243904, "lr": 0.17476587635631158}, "datetime": {"datetime": "2024-06-13 15:57:54", "elapsed": 0.972143, "delta": 0.002992}}
{"target": -1135.262886096129, "params": {"gamma": 6.071334525562633, "lr": 0.41358641500116133}, "datetime": {"datetime": "2024-06-13 15:57:54", "elapsed": 0.976471, "delta": 0.004328}}
{"target": -1905.8506287414466, "params": {"gamma": 8.163698766760314, "lr": 0.18513039826903066}, "datetime": {"datetime": "2024-06-13 15:57:54", "elapsed": 0.979821, "delta": 0.00335}}
{"target": -1257.137724203107, "params": {"gamma": 7.019063421033349, "lr": 0.24035562484913886}, "datetime": {"datetime": "2024-06-13 15:57:54", "elapsed": 0.984401, "delta": 0.00458}}
{"target": -937.6721785147063, "params": {"gamma": 5.742616669319757, "lr": 0.34898759722078887}, "datetime": {"datetime": "2024-06-13 15:57:54", "elapsed": 0.988095, "delta": 0.003694}}
{"target": -172.6126506224214, "params": {"gamma": 0.5705870304288444, "lr": 0.22881367096037586}, "datetime": {"datetime": "2024-06-13 15:57:54", "elapsed": 0.992085, "delta": 0.00399}}
{"target": -1227.825130059926, "params": {"gamma": 6.641361450992581, "lr": 0.4972500933605313}, "datetime": {"datetime": "2024-06-13 15:57:54", "elapsed": 0.996155, "delta": 0.00407}}
{"target": -1183.0737094588064, "params": {"gamma": 5.190640824752714, "lr": 0.1747201501089225}, "datetime": {"datetime": "2024-06-13 15:57:54", "elapsed": 0.999148, "delta": 0.002993}}
{"target": -1381.1439184156598, "params": {"gamma": 5.7075877996110185, "lr": 0.99675342520821}, "datetime": {"datetime": "2024-06-13 15:57:54", "elapsed": 1.003146, "delta": 0.003998}}
{"target": -1536.7508988124505, "params": {"gamma": 8.168534252807428, "lr": 0.5943726238309778}, "datetime": {"datetime": "2024-06-13 15:57:54", "elapsed": 1.007129, "delta": 0.003983}}
{"target": -2323.509045883334, "params": {"gamma": 9.759914694240718, "lr": 0.9015625846693213}, "datetime": {"datetime": "2024-06-13 15:57:54", "elapsed": 1.011118, "delta": 0.003989}}
{"target": -2240.457633552395, "params": {"gamma": 5.956483728092853, "lr": 0.032426325314457105}, "datetime": {"datetime": "2024-06-13 15:57:54", "elapsed": 1.015111, "delta": 0.003993}}
{"target": -389.89523551916733, "params": {"gamma": 0.93667738107899, "lr": 0.06537171504222639}, "datetime": {"datetime": "2024-06-13 15:57:54", "elapsed": 1.020095, "delta": 0.004984}}
{"target": -742.2350882817067, "params": {"gamma": 4.517879753766062, "lr": 0.37543483316785775}, "datetime": {"datetime": "2024-06-13 15:57:54", "elapsed": 1.025081, "delta": 0.004986}}
{"target": -2204.8936562573094, "params": {"gamma": 9.753524992668595, "lr": 0.1679832931996149}, "datetime": {"datetime": "2024-06-13 15:57:54", "elapsed": 1.030068, "delta": 0.004987}}
{"target": -2095.6831606723536, "params": {"gamma": 9.72790313173462, "lr": 0.7674748688630131}, "datetime": {"datetime": "2024-06-13 15:57:54", "elapsed": 1.034057, "delta": 0.003989}}
{"target": -1632.9432790938254, "params": {"gamma": 8.242554158405353, "lr": 0.6326158167779973}, "datetime": {"datetime": "2024-06-13 15:57:54", "elapsed": 1.038046, "delta": 0.003989}}
{"target": -1236.2412393186314, "params": {"gamma": 6.6876589692971145, "lr": 0.47688233352119336}, "datetime": {"datetime": "2024-06-13 15:57:54", "elapsed": 1.042036, "delta": 0.00399}}
{"target": -147.46913345306558, "params": {"gamma": 0.13235043287379938, "lr": 0.3530060855418248}, "datetime": {"datetime": "2024-06-13 15:57:54", "elapsed": 1.045027, "delta": 0.002991}}
{"target": -1040.1380073925593, "params": {"gamma": 4.9212259431340915, "lr": 0.7300912110901043}, "datetime": {"datetime": "2024-06-13 15:57:54", "elapsed": 1.049017, "delta": 0.00399}}
{"target": -872.9889541189068, "params": {"gamma": 4.686814799118347, "lr": 0.4574049160894317}, "datetime": {"datetime": "2024-06-13 15:57:54", "elapsed": 1.053007, "delta": 0.00399}}
{"target": -545.7337808587092, "params": {"gamma": 1.377489746715086, "lr": 0.01088873380347899}, "datetime": {"datetime": "2024-06-13 15:57:54", "elapsed": 1.056996, "delta": 0.003989}}
{"target": -1197.4297186161584, "params": {"gamma": 7.583024326509486, "lr": 0.3199528380776784}, "datetime": {"datetime": "2024-06-13 15:57:54", "elapsed": 1.060985, "delta": 0.003989}}
{"target": -1974.8927777788035, "params": {"gamma": 9.843850118484914, "lr": 0.220234226159156}, "datetime": {"datetime": "2024-06-13 15:57:54", "elapsed": 1.063977, "delta": 0.002992}}
{"target": -624.9089126612981, "params": {"gamma": 3.387741546791315, "lr": 0.5238961356661317}, "datetime": {"datetime": "2024-06-13 15:57:54", "elapsed": 1.067966, "delta": 0.003989}}
{"target": -1392.8915722836816, "params": {"gamma": 7.549159679148268, "lr": 0.46385778390029564}, "datetime": {"datetime": "2024-06-13 15:57:54", "elapsed": 1.071956, "delta": 0.00399}}
{"target": -241.50193871908053, "params": {"gamma": 1.2491006085736511, "lr": 0.3125013784920495}, "datetime": {"datetime": "2024-06-13 15:57:54", "elapsed": 1.075945, "delta": 0.003989}}
{"target": -1053.1401759447836, "params": {"gamma": 5.045687177840246, "lr": 0.6738490080168676}, "datetime": {"datetime": "2024-06-13 15:57:54", "elapsed": 1.078937, "delta": 0.002992}}
{"target": -2314.664836325182, "params": {"gamma": 7.70172941316461, "lr": 0.13033578095435427}, "datetime": {"datetime": "2024-06-13 15:57:54", "elapsed": 1.082926, "delta": 0.003989}}
{"target": -147.06771364332036, "params": {"gamma": 0.23012839809249527, "lr": 0.5190823222119895}, "datetime": {"datetime": "2024-06-13 15:57:54", "elapsed": 1.086916, "delta": 0.00399}}
{"target": -3038.8102498438775, "params": {"gamma": 8.1000771179135, "lr": 0.012603767029876312}, "datetime": {"datetime": "2024-06-13 15:57:54", "elapsed": 1.090905, "delta": 0.003989}}
{"target": -1398.6877811093113, "params": {"gamma": 6.725025976692686, "lr": 0.6868082266569918}, "datetime": {"datetime": "2024-06-13 15:57:54", "elapsed": 1.094737, "delta": 0.003832}}
{"target": -1091.3623159003525, "params": {"gamma": 4.49301828911279, "lr": 0.9147886867419343}, "datetime": {"datetime": "2024-06-13 15:57:54", "elapsed": 1.098728, "delta": 0.003991}}
{"target": -2421.992724954581, "params": {"gamma": 6.443966486485173, "lr": 0.005239837651465851}, "datetime": {"datetime": "2024-06-13 15:57:54", "elapsed": 1.102714, "delta": 0.003986}}
{"target": -1144.526768860905, "params": {"gamma": 4.844800026698242, "lr": 0.8593178060976}, "datetime": {"datetime": "2024-06-13 15:57:54", "elapsed": 1.105706, "delta": 0.002992}}
{"target": -1653.350228452463, "params": {"gamma": 8.304165300803357, "lr": 0.6491541971124779}, "datetime": {"datetime": "2024-06-13 15:57:54", "elapsed": 1.109695, "delta": 0.003989}}
{"target": -1270.0157268752682, "params": {"gamma": 6.737310540562419, "lr": 0.5784995797892005}, "datetime": {"datetime": "2024-06-13 15:57:54", "elapsed": 1.113684, "delta": 0.003989}}
{"target": -521.9086742545711, "params": {"gamma": 2.741923631893355, "lr": 0.5605299905360588}, "datetime": {"datetime": "2024-06-13 15:57:54", "elapsed": 1.117674, "delta": 0.00399}}
{"target": -1093.3164907329444, "params": {"gamma": 6.717626118389386, "lr": 0.35242963021640883}, "datetime": {"datetime": "2024-06-13 15:57:54", "elapsed": 1.121664, "delta": 0.00399}}
{"target": -1997.2265009847602, "params": {"gamma": 8.558427844172023, "lr": 0.1950374860087073}, "datetime": {"datetime": "2024-06-13 15:57:54", "elapsed": 1.125652, "delta": 0.003988}}
{"target": -1153.3917495664389, "params": {"gamma": 7.473460782508901, "lr": 0.2896027461868774}, "datetime": {"datetime": "2024-06-13 15:57:54", "elapsed": 1.129642, "delta": 0.00399}}
{"target": -1442.4666420437643, "params": {"gamma": 7.738219073154577, "lr": 0.4277373293360762}, "datetime": {"datetime": "2024-06-13 15:57:54", "elapsed": 1.133394, "delta": 0.003752}}
{"target": -1310.596153530573, "params": {"gamma": 8.077176392712982, "lr": 0.3535348626679904}, "datetime": {"datetime": "2024-06-13 15:57:54", "elapsed": 1.137374, "delta": 0.00398}}
{"target": -479.2292352341382, "params": {"gamma": 2.137718683058182, "lr": 0.7672845084217665}, "datetime": {"datetime": "2024-06-13 15:57:54", "elapsed": 1.141364, "delta": 0.00399}}
{"target": -660.8190279162344, "params": {"gamma": 3.0871108343588807, "lr": 0.7332450677264275}, "datetime": {"datetime": "2024-06-13 15:57:54", "elapsed": 1.145353, "delta": 0.003989}}
{"target": -1497.593418054484, "params": {"gamma": 7.444987057624244, "lr": 0.22139670090820107}, "datetime": {"datetime": "2024-06-13 15:57:54", "elapsed": 1.149344, "delta": 0.003991}}
{"target": -517.4177356861427, "params": {"gamma": 2.141907256069664, "lr": 0.1989479234270667}, "datetime": {"datetime": "2024-06-13 15:57:54", "elapsed": 1.153331, "delta": 0.003987}}
{"target": -267.61836914942694, "params": {"gamma": 1.4260408593206808, "lr": 0.3770825992073341}, "datetime": {"datetime": "2024-06-13 15:57:54", "elapsed": 1.157321, "delta": 0.00399}}
{"target": -184.8701819363602, "params": {"gamma": 0.26725221903152313, "lr": 0.11092036903424063}, "datetime": {"datetime": "2024-06-13 15:57:54", "elapsed": 1.160313, "delta": 0.002992}}
{"target": -1457.7563279203987, "params": {"gamma": 6.745965673610343, "lr": 0.7997765368973863}, "datetime": {"datetime": "2024-06-13 15:57:54", "elapsed": 1.164302, "delta": 0.003989}}
{"target": -199.11155491778976, "params": {"gamma": 0.8062147417567307, "lr": 0.23170231048579204}, "datetime": {"datetime": "2024-06-13 15:57:54", "elapsed": 1.169289, "delta": 0.004987}}
{"target": -519.512849610699, "params": {"gamma": 2.0770489923763398, "lr": 0.9173335630816306}, "datetime": {"datetime": "2024-06-13 15:57:54", "elapsed": 1.173278, "delta": 0.003989}}
{"target": -1287.2185261199431, "params": {"gamma": 7.113433866846732, "lr": 0.5538846110514143}, "datetime": {"datetime": "2024-06-13 15:57:54", "elapsed": 1.177267, "delta": 0.003989}}
{"target": -710.8998012155183, "params": {"gamma": 3.0458753612182816, "lr": 0.8348540476317985}, "datetime": {"datetime": "2024-06-13 15:57:54", "elapsed": 1.181257, "delta": 0.00399}}
{"target": -1058.1414803651267, "params": {"gamma": 4.353624270337571, "lr": 0.9234562151187752}, "datetime": {"datetime": "2024-06-13 15:57:54", "elapsed": 1.185246, "delta": 0.003989}}
{"target": -1304.0839528402214, "params": {"gamma": 7.0608119915549965, "lr": 0.47803130796528337}, "datetime": {"datetime": "2024-06-13 15:57:54", "elapsed": 1.189235, "delta": 0.003989}}
{"target": -333.61496444804396, "params": {"gamma": 1.2629748273898376, "lr": 0.9760435504677476}, "datetime": {"datetime": "2024-06-13 15:57:54", "elapsed": 1.19284, "delta": 0.003605}}
{"target": -346.9613498459467, "params": {"gamma": 1.5991766697905894, "lr": 0.2026021252196626}, "datetime": {"datetime": "2024-06-13 15:57:54", "elapsed": 1.196826, "delta": 0.003986}}
{"target": -811.901494386412, "params": {"gamma": 4.312386369848549, "lr": 0.40420190577514725}, "datetime": {"datetime": "2024-06-13 15:57:54", "elapsed": 1.200815, "delta": 0.003989}}
{"target": -335.1345336590675, "params": {"gamma": 1.4683680561621768, "lr": 0.7293189193611234}, "datetime": {"datetime": "2024-06-13 15:57:54", "elapsed": 1.204804, "delta": 0.003989}}
{"target": -397.3334489459333, "params": {"gamma": 1.8882619237049822, "lr": 0.6438956443116628}, "datetime": {"datetime": "2024-06-13 15:57:54", "elapsed": 1.208793, "delta": 0.003989}}
{"target": -1517.1528025152365, "params": {"gamma": 7.543305199812411, "lr": 0.21073239208332073}, "datetime": {"datetime": "2024-06-13 15:57:54", "elapsed": 1.211786, "delta": 0.002993}}
{"target": -1266.266995004654, "params": {"gamma": 6.0099415268282925, "lr": 0.7489283752458364}, "datetime": {"datetime": "2024-06-13 15:57:54", "elapsed": 1.215776, "delta": 0.00399}}
{"target": -1203.932664759959, "params": {"gamma": 6.382548887492715, "lr": 0.5971273029466491}, "datetime": {"datetime": "2024-06-13 15:57:54", "elapsed": 1.219765, "delta": 0.003989}}
{"target": -633.8040429795197, "params": {"gamma": 2.955527374269315, "lr": 0.7316064712415088}, "datetime": {"datetime": "2024-06-13 15:57:54", "elapsed": 1.222756, "delta": 0.002991}}
{"target": -1758.7437765584034, "params": {"gamma": 9.453139091559498, "lr": 0.42556139026154693}, "datetime": {"datetime": "2024-06-13 15:57:54", "elapsed": 1.226746, "delta": 0.00399}}
{"target": -2935.2480507704777, "params": {"gamma": 7.822035986497222, "lr": 0.056141039661915304}, "datetime": {"datetime": "2024-06-13 15:57:54", "elapsed": 1.230736, "delta": 0.00399}}
{"target": -1949.644192387458, "params": {"gamma": 8.35288075329717, "lr": 0.1922500168221477}, "datetime": {"datetime": "2024-06-13 15:57:54", "elapsed": 1.234729, "delta": 0.003993}}
{"target": -638.2602636608029, "params": {"gamma": 3.951573592030842, "lr": 0.30008104592535645}, "datetime": {"datetime": "2024-06-13 15:57:54", "elapsed": 1.23772, "delta": 0.002991}}
{"target": -233.59555311809643, "params": {"gamma": 0.8019563344166869, "lr": 0.9046310029362429}, "datetime": {"datetime": "2024-06-13 15:57:54", "elapsed": 1.242282, "delta": 0.004562}}
{"target": -680.1178028721571, "params": {"gamma": 3.702171621359829, "lr": 0.5306974384761395}, "datetime": {"datetime": "2024-06-13 15:57:54", "elapsed": 1.245274, "delta": 0.002992}}
{"target": -1489.856010503561, "params": {"gamma": 4.941668542697355, "lr": 0.13216114194293815}, "datetime": {"datetime": "2024-06-13 15:57:54", "elapsed": 1.249263, "delta": 0.003989}}
{"target": -795.9868448250137, "params": {"gamma": 2.0653341348354406, "lr": 0.07618880903232117}, "datetime": {"datetime": "2024-06-13 15:57:54", "elapsed": 1.253252, "delta": 0.003989}}
{"target": -862.2249800648816, "params": {"gamma": 5.07970907775293, "lr": 0.2615495518329871}, "datetime": {"datetime": "2024-06-13 15:57:54", "elapsed": 1.257242, "delta": 0.00399}}
{"target": -1270.5400838354758, "params": {"gamma": 3.5712590272190368, "lr": 0.10806532869723684}, "datetime": {"datetime": "2024-06-13 15:57:54", "elapsed": 1.261231, "delta": 0.003989}}
{"target": -2769.0095758722587, "params": {"gamma": 7.87573084468542, "lr": 0.1065838767888011}, "datetime": {"datetime": "2024-06-13 15:57:54", "elapsed": 1.265221, "delta": 0.00399}}
{"target": -2228.0947496910026, "params": {"gamma": 9.857102528308165, "lr": 0.17716116443841734}, "datetime": {"datetime": "2024-06-13 15:57:54", "elapsed": 1.268212, "delta": 0.002991}}
{"target": -2154.068792591034, "params": {"gamma": 5.724478719234059, "lr": 0.044845334589088126}, "datetime": {"datetime": "2024-06-13 15:57:54", "elapsed": 1.272202, "delta": 0.00399}}
{"target": -1838.1819289972311, "params": {"gamma": 7.871375780268687, "lr": 0.18960594781829654}, "datetime": {"datetime": "2024-06-13 15:57:54", "elapsed": 1.276191, "delta": 0.003989}}
{"target": -1114.52086535513, "params": {"gamma": 5.279511880102859, "lr": 0.7400775431590716}, "datetime": {"datetime": "2024-06-13 15:57:54", "elapsed": 1.28018, "delta": 0.003989}}
{"target": -302.6377582546971, "params": {"gamma": 1.5001649176876422, "lr": 0.5510871741869717}, "datetime": {"datetime": "2024-06-13 15:57:54", "elapsed": 1.283172, "delta": 0.002992}}
{"target": -485.2739994887468, "params": {"gamma": 2.1669554660794654, "lr": 0.7591960493171447}, "datetime": {"datetime": "2024-06-13 15:57:54", "elapsed": 1.287358, "delta": 0.004186}}
{"target": -1639.5282301151635, "params": {"gamma": 7.229429020368581, "lr": 0.17654903427708302}, "datetime": {"datetime": "2024-06-13 15:57:54", "elapsed": 1.291345, "delta": 0.003987}}
{"target": -3232.396697122455, "params": {"gamma": 8.619803610113067, "lr": 0.019775099516344263}, "datetime": {"datetime": "2024-06-13 15:57:54", "elapsed": 1.295503, "delta": 0.004158}}
{"target": -1583.7816507107686, "params": {"gamma": 8.60250973723373, "lr": 0.5589038111609383}, "datetime": {"datetime": "2024-06-13 15:57:54", "elapsed": 1.29875, "delta": 0.003247}}
{"target": -878.4900982105153, "params": {"gamma": 4.032801500586387, "lr": 0.7587469310223366}, "datetime": {"datetime": "2024-06-13 15:57:54", "elapsed": 1.303544, "delta": 0.004794}}
{"target": -1730.3266921011477, "params": {"gamma": 7.169573087923007, "lr": 0.9873261748084265}, "datetime": {"datetime": "2024-06-13 15:57:54", "elapsed": 1.307534, "delta": 0.00399}}
{"target": -1060.1387056770795, "params": {"gamma": 2.7815724010812146, "lr": 0.0037936724093425855}, "datetime": {"datetime": "2024-06-13 15:57:54", "elapsed": 1.310526, "delta": 0.002992}}
{"target": -2188.7266020240504, "params": {"gamma": 9.339092180540563, "lr": 0.8578971045378938}, "datetime": {"datetime": "2024-06-13 15:57:54", "elapsed": 1.314516, "delta": 0.00399}}
{"target": -1314.7649868280096, "params": {"gamma": 7.28877992431504, "lr": 0.5166887829215384}, "datetime": {"datetime": "2024-06-13 15:57:54", "elapsed": 1.318505, "delta": 0.003989}}
{"target": -1527.0238293833677, "params": {"gamma": 7.069855496242362, "lr": 0.7805295568767427}, "datetime": {"datetime": "2024-06-13 15:57:54", "elapsed": 1.322494, "delta": 0.003989}}
{"target": -818.232235091234, "params": {"gamma": 3.749384559425057, "lr": 0.7703225253299576}, "datetime": {"datetime": "2024-06-13 15:57:54", "elapsed": 1.326483, "delta": 0.003989}}
{"target": -1522.1452046305535, "params": {"gamma": 7.506492567432579, "lr": 0.6132112115442597}, "datetime": {"datetime": "2024-06-13 15:57:54", "elapsed": 1.329475, "delta": 0.002992}}
{"target": -842.4390031769478, "params": {"gamma": 4.019257373754407, "lr": 0.6973080192643409}, "datetime": {"datetime": "2024-06-13 15:57:54", "elapsed": 1.334472, "delta": 0.004997}}
{"target": -149.54791025515559, "params": {"gamma": 0.032125465394095866, "lr": 0.7748966467245978}, "datetime": {"datetime": "2024-06-13 15:57:54", "elapsed": 1.338451, "delta": 0.003979}}
{"target": -1600.3005357163245, "params": {"gamma": 8.964269607966013, "lr": 0.23931570743750463}, "datetime": {"datetime": "2024-06-13 15:57:54", "elapsed": 1.341443, "delta": 0.002992}}
{"target": -276.94495227537436, "params": {"gamma": 1.208551075907988, "lr": 0.2202839877937276}, "datetime": {"datetime": "2024-06-13 15:57:54", "elapsed": 1.345433, "delta": 0.00399}}
{"target": -726.2778986670812, "params": {"gamma": 3.021665216169693, "lr": 0.8830285085638342}, "datetime": {"datetime": "2024-06-13 15:57:54", "elapsed": 1.349422, "delta": 0.003989}}
{"target": -846.6857413164367, "params": {"gamma": 5.432121135950708, "lr": 0.2867116496064306}, "datetime": {"datetime": "2024-06-13 15:57:54", "elapsed": 1.353412, "delta": 0.00399}}
{"target": -255.63478784196818, "params": {"gamma": 1.3844085432396722, "lr": 0.29014446310454167}, "datetime": {"datetime": "2024-06-13 15:57:54", "elapsed": 1.357401, "delta": 0.003989}}
