{"target": -379.7360939442668, "params": {"p_ai": 5.316303075493122, "p_al": 6.792450289006991, "p_ex": 5.129238550757324, "prior": 2.991824334263695, "rate": 1.0547413426276626}, "datetime": {"datetime": "2024-06-13 10:46:32", "elapsed": 43.116005, "delta": 0.105717}}
{"target": -193.34528741300247, "params": {"p_ai": 2.8500365250757254, "p_al": 7.688759630029292, "p_ex": 6.40818626181401, "prior": 8.013505701328722, "rate": 5.171688199172296}, "datetime": {"datetime": "2024-06-13 10:46:32", "elapsed": 43.221723, "delta": 0.105718}}
{"target": -318.7156216771086, "params": {"p_ai": 2.321768118441504, "p_al": 6.279991307892046, "p_ex": 3.040750894733009, "prior": 0.29625792067526757, "rate": 9.03340843699194}, "datetime": {"datetime": "2024-06-13 10:46:33", "elapsed": 43.326149, "delta": 0.104426}}
{"target": -230.49782905474416, "params": {"p_ai": 4.2042753184590484, "p_al": 4.261881673466698, "p_ex": 7.412776101583259, "prior": 9.484635584653631, "rate": 0.7260827649265881}, "datetime": {"datetime": "2024-06-13 10:46:33", "elapsed": 43.431373, "delta": 0.105224}}
{"target": -178.1813430480964, "params": {"p_ai": 1.7278381802346168, "p_al": 3.224252533837974, "p_ex": 2.48499403905566, "prior": 4.9554543186305695, "rate": 8.244771648366036}, "datetime": {"datetime": "2024-06-13 10:46:33", "elapsed": 43.543683, "delta": 0.11231}}
{"target": -521.7593968507163, "params": {"p_ai": 8.539870177006817, "p_al": 5.958703590644958, "p_ex": 2.4024971645768356, "prior": 1.86574039003858, "rate": 7.434161733507989}, "datetime": {"datetime": "2024-06-13 10:46:33", "elapsed": 43.64926, "delta": 0.105577}}
{"target": -204.30508829266793, "params": {"p_ai": 2.372903362377833, "p_al": 5.395369418374571, "p_ex": 7.493058590484791, "prior": 2.283262797049244, "rate": 1.7458373745398674}, "datetime": {"datetime": "2024-06-13 10:46:33", "elapsed": 43.753906, "delta": 0.104646}}
{"target": -130.60557559824412, "params": {"p_ai": 0.39831713007193664, "p_al": 1.4765408081617755, "p_ex": 8.51453763056296, "prior": 1.0472544815378406, "rate": 2.2372268102276505}, "datetime": {"datetime": "2024-06-13 10:46:33", "elapsed": 43.858707, "delta": 0.104801}}
{"target": -178.70875801994507, "params": {"p_ai": 0.32853924026002534, "p_al": 6.763889997877335, "p_ex": 2.317799711505731, "prior": 4.136503586299842, "rate": 1.393872412065944}, "datetime": {"datetime": "2024-06-13 10:46:33", "elapsed": 43.964868, "delta": 0.106161}}
{"target": -259.4005503705197, "params": {"p_ai": 3.772795658827454, "p_al": 4.244950224929914, "p_ex": 4.730176553648271, "prior": 4.228995288573093, "rate": 1.028462882177769}, "datetime": {"datetime": "2024-06-13 10:46:33", "elapsed": 44.069685, "delta": 0.104817}}
{"target": -414.7195925434999, "params": {"p_ai": 7.72603008604881, "p_al": 1.3729228288956241, "p_ex": 4.243499450883795, "prior": 2.7202891684153423, "rate": 3.0107784228559833}, "datetime": {"datetime": "2024-06-13 10:46:33", "elapsed": 44.175909, "delta": 0.106224}}
{"target": -422.80712771171073, "params": {"p_ai": 6.72453530509174, "p_al": 5.178349451410332, "p_ex": 1.9016804177489257, "prior": 4.691875263893938, "rate": 3.396069147094239}, "datetime": {"datetime": "2024-06-13 10:46:33", "elapsed": 44.281135, "delta": 0.105226}}
{"target": -336.7422574065145, "params": {"p_ai": 7.045267485283013, "p_al": 2.2617259291230574, "p_ex": 8.450036385446094, "prior": 5.262770419251413, "rate": 5.006695109657969}, "datetime": {"datetime": "2024-06-13 10:46:34", "elapsed": 44.386363, "delta": 0.105228}}
{"target": -182.97253190478474, "params": {"p_ai": 2.537604383069914, "p_al": 1.8623705416969032, "p_ex": 4.7187188083132305, "prior": 9.818262353834747, "rate": 1.3299294703806088}, "datetime": {"datetime": "2024-06-13 10:46:34", "elapsed": 44.491624, "delta": 0.105261}}
{"target": -235.6810849121728, "params": {"p_ai": 2.8353408618481435, "p_al": 8.006611101660276, "p_ex": 6.648104208209039, "prior": 2.788305328525677, "rate": 3.1471614201443434}, "datetime": {"datetime": "2024-06-13 10:46:34", "elapsed": 44.59679, "delta": 0.105166}}
{"target": -230.09506709446217, "params": {"p_ai": 4.200062595764889, "p_al": 6.028264835660719, "p_ex": 7.193668333443535, "prior": 8.573146034178855, "rate": 6.811433593113639}, "datetime": {"datetime": "2024-06-13 10:46:34", "elapsed": 44.702199, "delta": 0.105409}}
{"target": -213.34962032805174, "params": {"p_ai": 2.370583662652512, "p_al": 9.257279632827263, "p_ex": 7.812172811356986, "prior": 3.0745074227980154, "rate": 3.0503514507789897}, "datetime": {"datetime": "2024-06-13 10:46:34", "elapsed": 44.807917, "delta": 0.105718}}
{"target": -443.3893887728412, "params": {"p_ai": 8.811802015970617, "p_al": 1.2616587254915876, "p_ex": 6.334974881523022, "prior": 2.7778496120017686, "rate": 8.272176051067923}, "datetime": {"datetime": "2024-06-13 10:46:34", "elapsed": 44.912636, "delta": 0.104719}}
{"target": -281.0011656328363, "params": {"p_ai": 3.645869952111327, "p_al": 7.3339275785938725, "p_ex": 1.9249864862469743, "prior": 4.814977529509854, "rate": 8.03614266968384}, "datetime": {"datetime": "2024-06-13 10:46:34", "elapsed": 45.018355, "delta": 0.105719}}
{"target": -217.6336139146956, "params": {"p_ai": 3.9704851285120673, "p_al": 1.6165788245210426, "p_ex": 6.490173244263826, "prior": 7.53350473313803, "rate": 2.8026461610955637}, "datetime": {"datetime": "2024-06-13 10:46:34", "elapsed": 45.124071, "delta": 0.105716}}
{"target": -242.0828135710836, "params": {"p_ai": 4.514167250462784, "p_al": 9.004588674948266, "p_ex": 8.719984326277993, "prior": 7.0721689102320395, "rate": 5.909415094304578}, "datetime": {"datetime": "2024-06-13 10:46:34", "elapsed": 45.229789, "delta": 0.105718}}
{"target": -551.7072107267284, "params": {"p_ai": 8.174005321700859, "p_al": 9.07653881635229, "p_ex": 0.026073089119563617, "prior": 3.972880434571384, "rate": 5.614535427501098}, "datetime": {"datetime": "2024-06-13 10:46:35", "elapsed": 45.335407, "delta": 0.105618}}
{"target": -394.1184965357844, "params": {"p_ai": 7.339497439712482, "p_al": 0.8756401490882502, "p_ex": 3.998150121820964, "prior": 2.796932173319039, "rate": 4.235677020998725}, "datetime": {"datetime": "2024-06-13 10:46:35", "elapsed": 45.441124, "delta": 0.105717}}
{"target": -295.18636044834636, "params": {"p_ai": 4.980288348100211, "p_al": 6.600492220036985, "p_ex": 4.962865153563822, "prior": 6.2050615378513, "rate": 5.824816179030337}, "datetime": {"datetime": "2024-06-13 10:46:35", "elapsed": 45.546186, "delta": 0.105062}}
{"target": -272.0420086647128, "params": {"p_ai": 4.2838956479905255, "p_al": 0.050758670747942644, "p_ex": 1.9459696221821587, "prior": 3.2027463362086017, "rate": 1.470634280423458}, "datetime": {"datetime": "2024-06-13 10:46:35", "elapsed": 45.651755, "delta": 0.105569}}
{"target": -352.89692847132983, "params": {"p_ai": 5.987040152182751, "p_al": 6.115383267119364, "p_ex": 5.001432502709699, "prior": 3.2091681671070447, "rate": 6.53292726219252}, "datetime": {"datetime": "2024-06-13 10:46:35", "elapsed": 45.757586, "delta": 0.105831}}
{"target": -147.886690583835, "params": {"p_ai": 1.903644543307758, "p_al": 0.05980393346483768, "p_ex": 7.3496852448209316, "prior": 4.435594915197448, "rate": 6.978718718842435}, "datetime": {"datetime": "2024-06-13 10:46:35", "elapsed": 45.863306, "delta": 0.10572}}
{"target": -167.42399005685763, "params": {"p_ai": 1.851248453020123, "p_al": 0.6271354000371709, "p_ex": 3.78170775924343, "prior": 6.960269107944495, "rate": 1.0290808561757039}, "datetime": {"datetime": "2024-06-13 10:46:35", "elapsed": 46.004827, "delta": 0.141521}}
{"target": -167.50920422159695, "params": {"p_ai": 1.959146502516249, "p_al": 4.540072551414793, "p_ex": 6.211870747746768, "prior": 7.501492356441782, "rate": 1.0982404778352803}, "datetime": {"datetime": "2024-06-13 10:46:35", "elapsed": 46.115533, "delta": 0.110706}}
{"target": -342.16892606968145, "params": {"p_ai": 6.246611447949256, "p_al": 3.8742178609226636, "p_ex": 6.701233597109323, "prior": 2.036400216241354, "rate": 5.2796600565097815}, "datetime": {"datetime": "2024-06-13 10:46:35", "elapsed": 46.222253, "delta": 0.10672}}
{"target": -156.65261111271488, "params": {"p_ai": 1.722453387004371, "p_al": 0.18779137895775708, "p_ex": 4.870015513993148, "prior": 1.8425935878323698, "rate": 6.3837949567038725}, "datetime": {"datetime": "2024-06-13 10:46:36", "elapsed": 46.336236, "delta": 0.113983}}
{"target": -321.28597158865034, "params": {"p_ai": 5.366211618584989, "p_al": 7.74967885459746, "p_ex": 3.930206066439398, "prior": 9.894531856231692, "rate": 5.152631746924576}, "datetime": {"datetime": "2024-06-13 10:46:36", "elapsed": 46.453431, "delta": 0.117195}}
{"target": -301.1213737849618, "params": {"p_ai": 4.788755188453533, "p_al": 7.494675265050945, "p_ex": 5.727310244630862, "prior": 3.625290707682954, "rate": 4.892958609815962}, "datetime": {"datetime": "2024-06-13 10:46:36", "elapsed": 46.565133, "delta": 0.111702}}
{"target": -219.9059646153894, "params": {"p_ai": 1.8921946110135588, "p_al": 3.9364405595543226, "p_ex": 0.30058756348796134, "prior": 4.625828074361687, "rate": 2.7454666539229047}, "datetime": {"datetime": "2024-06-13 10:46:36", "elapsed": 46.677457, "delta": 0.112324}}
{"target": -282.1657539890686, "params": {"p_ai": 5.267631887725799, "p_al": 0.2936919419097222, "p_ex": 5.5513125784552235, "prior": 2.9306858383999437, "rate": 5.775329319454461}, "datetime": {"datetime": "2024-06-13 10:46:36", "elapsed": 46.786787, "delta": 0.10933}}
{"target": -385.36441882770293, "params": {"p_ai": 7.327965762760406, "p_al": 4.403937930137581, "p_ex": 6.6319050719967745, "prior": 2.3898606387472503, "rate": 9.985992286776213}, "datetime": {"datetime": "2024-06-13 10:46:36", "elapsed": 46.897492, "delta": 0.110705}}
{"target": -237.73434988038082, "params": {"p_ai": 2.4295423376760557, "p_al": 9.408343315400867, "p_ex": 2.1729802841597885, "prior": 4.97614628166607, "rate": 8.211948471962465}, "datetime": {"datetime": "2024-06-13 10:46:36", "elapsed": 47.005884, "delta": 0.108392}}
{"target": -396.97036077416874, "params": {"p_ai": 7.166163879900548, "p_al": 7.05609854079457, "p_ex": 4.4049651591972045, "prior": 7.541996079526139, "rate": 9.199615816571573}, "datetime": {"datetime": "2024-06-13 10:46:36", "elapsed": 47.115618, "delta": 0.109734}}
{"target": -335.4154444892573, "params": {"p_ai": 4.414076101413063, "p_al": 5.2801268760628535, "p_ex": 0.6612898045823568, "prior": 3.9083399636332565, "rate": 4.672918424766126}, "datetime": {"datetime": "2024-06-13 10:46:36", "elapsed": 47.226321, "delta": 0.110703}}
{"target": -434.9534825789988, "params": {"p_ai": 8.951481970324929, "p_al": 1.1064638451141569, "p_ex": 7.311644894386467, "prior": 5.455166214318647, "rate": 6.0657477697349185}, "datetime": {"datetime": "2024-06-13 10:46:37", "elapsed": 47.334295, "delta": 0.107974}}
{"target": -166.58709630024478, "params": {"p_ai": 0.2987996583514733, "p_al": 1.4683270502280348, "p_ex": 2.8405482714363854, "prior": 0.04971560748810713, "rate": 6.6919088201735715}, "datetime": {"datetime": "2024-06-13 10:46:37", "elapsed": 47.444002, "delta": 0.109707}}
{"target": -463.15624043007114, "params": {"p_ai": 8.70270923127706, "p_al": 5.470136124403138, "p_ex": 5.432097311144519, "prior": 6.157643560201761, "rate": 3.022512822657626}, "datetime": {"datetime": "2024-06-13 10:46:37", "elapsed": 47.555703, "delta": 0.111701}}
{"target": -243.73463764651146, "params": {"p_ai": 3.6679530846277557, "p_al": 5.749822333050388, "p_ex": 8.092356620589728, "prior": 2.016764747447303, "rate": 3.275913034427043}, "datetime": {"datetime": "2024-06-13 10:46:37", "elapsed": 47.66425, "delta": 0.108547}}
{"target": -509.3222125477012, "params": {"p_ai": 7.429469582646582, "p_al": 3.4098615710742886, "p_ex": 0.4770616761368438, "prior": 1.5644129298338398, "rate": 1.9394547317358086}, "datetime": {"datetime": "2024-06-13 10:46:37", "elapsed": 47.773139, "delta": 0.108889}}
{"target": -248.314940122084, "params": {"p_ai": 4.951628513249221, "p_al": 6.351614485952291, "p_ex": 8.802319552208612, "prior": 9.025463027666028, "rate": 3.072300524082465}, "datetime": {"datetime": "2024-06-13 10:46:37", "elapsed": 47.8833, "delta": 0.110161}}
{"target": -422.2209226417273, "params": {"p_ai": 7.534047351182733, "p_al": 2.824997877559167, "p_ex": 3.686400120782994, "prior": 2.927972894369209, "rate": 4.137493671254815}, "datetime": {"datetime": "2024-06-13 10:46:37", "elapsed": 47.992038, "delta": 0.108738}}
{"target": -202.19037775607532, "params": {"p_ai": 2.147942240988137, "p_al": 3.1905410786954205, "p_ex": 1.2200762190869865, "prior": 9.63021937771575, "rate": 5.04032611097843}, "datetime": {"datetime": "2024-06-13 10:46:37", "elapsed": 48.102716, "delta": 0.110678}}
{"target": -497.6462313509414, "params": {"p_ai": 9.23108372520405, "p_al": 7.461855247593438, "p_ex": 4.577595171516512, "prior": 7.54646763085601, "rate": 6.280602762990652}, "datetime": {"datetime": "2024-06-13 10:46:37", "elapsed": 48.21097, "delta": 0.108254}}
{"target": -245.90867064722795, "params": {"p_ai": 3.0382805830845347, "p_al": 5.217071474819306, "p_ex": 7.123409644278645, "prior": 3.0538300009516193, "rate": 0.1262158460278462}, "datetime": {"datetime": "2024-06-13 10:46:38", "elapsed": 48.320265, "delta": 0.109295}}
{"target": -184.06333583497377, "params": {"p_ai": 2.6833600285302275, "p_al": 7.967658010425252, "p_ex": 9.300000896546049, "prior": 6.2536862178776484, "rate": 1.3289420383195298}, "datetime": {"datetime": "2024-06-13 10:46:38", "elapsed": 48.427977, "delta": 0.107712}}
{"target": -374.1804379453379, "params": {"p_ai": 7.575946022114966, "p_al": 5.269526555127393, "p_ex": 7.538936847140509, "prior": 8.586258418997055, "rate": 9.475467969467141}, "datetime": {"datetime": "2024-06-13 10:46:38", "elapsed": 48.537684, "delta": 0.109707}}
{"target": -340.8482825644623, "params": {"p_ai": 6.545720808693693, "p_al": 8.542727840216623, "p_ex": 7.426137988907772, "prior": 7.271284782848366, "rate": 8.58804877191338}, "datetime": {"datetime": "2024-06-13 10:46:38", "elapsed": 48.64678, "delta": 0.109096}}
{"target": -619.3036521188484, "params": {"p_ai": 9.2301074044959, "p_al": 9.020857939246921, "p_ex": 3.9581068653902416, "prior": 0.8411287767074533, "rate": 8.295907610863033}, "datetime": {"datetime": "2024-06-13 10:46:38", "elapsed": 48.756241, "delta": 0.109461}}
{"target": -356.82600192785304, "params": {"p_ai": 5.389776601523036, "p_al": 5.421219471236491, "p_ex": 8.25192813033363, "prior": 0.32080985957336305, "rate": 8.779726226832842}, "datetime": {"datetime": "2024-06-13 10:46:38", "elapsed": 48.865058, "delta": 0.108817}}
{"target": -139.0691468324114, "params": {"p_ai": 0.34730537937586553, "p_al": 6.932252389225503, "p_ex": 5.875257309024742, "prior": 6.417850059155134, "rate": 3.7414277971948233}, "datetime": {"datetime": "2024-06-13 10:46:38", "elapsed": 48.974765, "delta": 0.109707}}
{"target": -168.07323829502891, "params": {"p_ai": 2.755344804474391, "p_al": 5.094576405806185, "p_ex": 8.858345348380066, "prior": 5.653331413985319, "rate": 6.631825765751704}, "datetime": {"datetime": "2024-06-13 10:46:38", "elapsed": 49.083475, "delta": 0.10871}}
{"target": -276.7633600904642, "params": {"p_ai": 4.414350930304056, "p_al": 9.7214187321274, "p_ex": 7.425482001064747, "prior": 3.5496702059968834, "rate": 6.5356567956039315}, "datetime": {"datetime": "2024-06-13 10:46:38", "elapsed": 49.193181, "delta": 0.109706}}
{"target": -584.4048845887629, "params": {"p_ai": 5.426621502305332, "p_al": 8.840678067574482, "p_ex": 2.7512654566030514, "prior": 1.0815667842382009, "rate": 1.9135292453599602}, "datetime": {"datetime": "2024-06-13 10:46:39", "elapsed": 49.30189, "delta": 0.108709}}
{"target": -283.94039067504906, "params": {"p_ai": 3.8710752798182537, "p_al": 8.54074388954821, "p_ex": 2.70917829344533, "prior": 6.263961673283628, "rate": 6.235894458654538}, "datetime": {"datetime": "2024-06-13 10:46:39", "elapsed": 49.414143, "delta": 0.112253}}
{"target": -215.19005264635317, "params": {"p_ai": 4.08106330634394, "p_al": 0.504300961464858, "p_ex": 7.448593896451896, "prior": 2.957959618704388, "rate": 3.9851835072938524}, "datetime": {"datetime": "2024-06-13 10:46:39", "elapsed": 49.522852, "delta": 0.108709}}
{"target": -319.8437721527956, "params": {"p_ai": 3.7730184357375642, "p_al": 6.636362714079265, "p_ex": 0.8642465348648255, "prior": 5.49934931479934, "rate": 0.15520280161021519}, "datetime": {"datetime": "2024-06-13 10:46:39", "elapsed": 49.631602, "delta": 0.10875}}
{"target": -574.6947149104138, "params": {"p_ai": 9.830406796410628, "p_al": 5.984673796657761, "p_ex": 3.8417581657342703, "prior": 1.4683325593440997, "rate": 6.9690863860416155}, "datetime": {"datetime": "2024-06-13 10:46:39", "elapsed": 49.739969, "delta": 0.108367}}
{"target": -450.12905939279113, "params": {"p_ai": 9.058178358648817, "p_al": 3.1817694146938234, "p_ex": 7.665154954417642, "prior": 2.8756935223098354, "rate": 9.57229619840156}, "datetime": {"datetime": "2024-06-13 10:46:39", "elapsed": 49.849678, "delta": 0.109709}}
{"target": -356.8967655235348, "params": {"p_ai": 7.023455232193281, "p_al": 6.2505309163400185, "p_ex": 9.307416596768327, "prior": 2.6911548301319335, "rate": 9.236233847661266}, "datetime": {"datetime": "2024-06-13 10:46:39", "elapsed": 49.958387, "delta": 0.108709}}
{"target": -366.40472087414935, "params": {"p_ai": 6.781151258305702, "p_al": 7.713853709507418, "p_ex": 5.716781729013079, "prior": 8.339212870314833, "rate": 6.983119711119335}, "datetime": {"datetime": "2024-06-13 10:46:39", "elapsed": 50.069066, "delta": 0.110679}}
{"target": -179.87592482248806, "params": {"p_ai": 1.466940409067313, "p_al": 6.1249988251521215, "p_ex": 2.793924035827702, "prior": 9.158871351949934, "rate": 1.9831246698113274}, "datetime": {"datetime": "2024-06-13 10:46:39", "elapsed": 50.178316, "delta": 0.10925}}
{"target": -192.04399397270353, "params": {"p_ai": 2.857879237217657, "p_al": 0.47749939499181976, "p_ex": 4.476343861362332, "prior": 5.576320563895948, "rate": 5.736037264688377}, "datetime": {"datetime": "2024-06-13 10:46:39", "elapsed": 50.288031, "delta": 0.109715}}
{"target": -474.52109139534747, "params": {"p_ai": 9.053868422216771, "p_al": 3.47479191407325, "p_ex": 4.475836267532962, "prior": 8.512525387352474, "rate": 5.768716203017017}, "datetime": {"datetime": "2024-06-13 10:46:40", "elapsed": 50.396737, "delta": 0.108706}}
{"target": -357.1433978544474, "params": {"p_ai": 6.54027535584246, "p_al": 2.784314944612766, "p_ex": 4.875225544956866, "prior": 6.209902923417142, "rate": 1.3348069074222546}, "datetime": {"datetime": "2024-06-13 10:46:40", "elapsed": 50.505445, "delta": 0.108708}}
{"target": -140.95440285244743, "params": {"p_ai": 0.3300542572087522, "p_al": 1.1349966003071306, "p_ex": 4.775133302320191, "prior": 0.24124331957345432, "rate": 6.26246308244308}, "datetime": {"datetime": "2024-06-13 10:46:40", "elapsed": 50.613157, "delta": 0.107712}}
{"target": -164.33150341624108, "params": {"p_ai": 0.9767285971428687, "p_al": 2.5103644156247413, "p_ex": 4.265502965616329, "prior": 1.159151640315784, "rate": 2.706249385980867}, "datetime": {"datetime": "2024-06-13 10:46:40", "elapsed": 50.722113, "delta": 0.108956}}
{"target": -190.34713786308157, "params": {"p_ai": 0.21177564868227716, "p_al": 9.850470490551084, "p_ex": 6.116124507605985, "prior": 3.784160034513656, "rate": 0.2662569827533811}, "datetime": {"datetime": "2024-06-13 10:46:40", "elapsed": 50.830854, "delta": 0.108741}}
{"target": -213.24108707340983, "params": {"p_ai": 3.8989976450014674, "p_al": 4.526133705237957, "p_ex": 9.310100934451263, "prior": 2.7857632142087283, "rate": 6.148204128941908}, "datetime": {"datetime": "2024-06-13 10:46:40", "elapsed": 50.939531, "delta": 0.108677}}
{"target": -352.8267689123695, "params": {"p_ai": 6.6520183774673525, "p_al": 1.8604237369935928, "p_ex": 5.058127726515332, "prior": 7.86522112783649, "rate": 0.966693765249707}, "datetime": {"datetime": "2024-06-13 10:46:40", "elapsed": 51.049238, "delta": 0.109707}}
{"target": -376.7344514164871, "params": {"p_ai": 6.060746946391453, "p_al": 0.261573266951244, "p_ex": 0.07146019137694642, "prior": 0.5962265427935735, "rate": 4.814523191031215}, "datetime": {"datetime": "2024-06-13 10:46:40", "elapsed": 51.157648, "delta": 0.10841}}
{"target": -534.5477234588199, "params": {"p_ai": 9.257115382793618, "p_al": 4.0561682840061035, "p_ex": 0.7512513607260716, "prior": 8.613663392355804, "rate": 5.193456557118933}, "datetime": {"datetime": "2024-06-13 10:46:40", "elapsed": 51.270346, "delta": 0.112698}}
{"target": -264.05127833430197, "params": {"p_ai": 3.1900397533053235, "p_al": 9.630360355507971, "p_ex": 9.382679423255281, "prior": 2.6009297005949668, "rate": 2.014717145283489}, "datetime": {"datetime": "2024-06-13 10:46:41", "elapsed": 51.383045, "delta": 0.112699}}
{"target": -391.739173869694, "params": {"p_ai": 5.889498124357467, "p_al": 8.425339580205748, "p_ex": 3.3678741763608038, "prior": 5.864707785221152, "rate": 1.623287749788599}, "datetime": {"datetime": "2024-06-13 10:46:41", "elapsed": 51.492784, "delta": 0.109739}}
{"target": -245.15681544361541, "params": {"p_ai": 1.94674275864618, "p_al": 7.613590824704965, "p_ex": 1.5018345150591474, "prior": 2.659804503437227, "rate": 6.895259136913517}, "datetime": {"datetime": "2024-06-13 10:46:41", "elapsed": 51.601805, "delta": 0.109021}}
{"target": -136.55568398203656, "params": {"p_ai": 0.15187798702215813, "p_al": 0.3229118442818368, "p_ex": 2.8759718743002627, "prior": 3.366895181942479, "rate": 3.622798839194582}, "datetime": {"datetime": "2024-06-13 10:46:41", "elapsed": 51.711414, "delta": 0.109609}}
{"target": -429.7119533716558, "params": {"p_ai": 8.072098564559683, "p_al": 0.3607736956187603, "p_ex": 3.584594051008626, "prior": 6.383143054534976, "rate": 1.4308980910737081}, "datetime": {"datetime": "2024-06-13 10:46:41", "elapsed": 51.820127, "delta": 0.108713}}
