{"target": -1520.0426571346018, "params": {"gamma": 7.739388583314729, "lr": 0.33427640499382627}, "datetime": {"datetime": "2024-06-14 01:34:33", "elapsed": 2.726815, "delta": 0.003987}}
{"target": -343.05146470563113, "params": {"gamma": 0.8908932100029573, "lr": 0.18490559027840836}, "datetime": {"datetime": "2024-06-14 01:34:33", "elapsed": 2.731803, "delta": 0.004988}}
{"target": -956.7074440818133, "params": {"gamma": 5.2689919070424525, "lr": 0.417102418106858}, "datetime": {"datetime": "2024-06-14 01:34:33", "elapsed": 2.735792, "delta": 0.003989}}
{"target": -2041.6640170256676, "params": {"gamma": 8.006795921634268, "lr": 0.9332023381866817}, "datetime": {"datetime": "2024-06-14 01:34:33", "elapsed": 2.739781, "delta": 0.003989}}
{"target": -457.4950502763646, "params": {"gamma": 1.779469614765534, "lr": 0.8600667708762162}, "datetime": {"datetime": "2024-06-14 01:34:33", "elapsed": 2.743772, "delta": 0.003991}}
{"target": -2438.859579004285, "params": {"gamma": 9.57399186834036, "lr": 0.9594706068497821}, "datetime": {"datetime": "2024-06-14 01:34:33", "elapsed": 2.74776, "delta": 0.003988}}
{"target": -242.63039416499905, "params": {"gamma": 0.37958801461658453, "lr": 0.05758350560817371}, "datetime": {"datetime": "2024-06-14 01:34:33", "elapsed": 2.751749, "delta": 0.003989}}
{"target": -148.28848615029634, "params": {"gamma": 0.05896813178397224, "lr": 0.3126811561554764}, "datetime": {"datetime": "2024-06-14 01:34:33", "elapsed": 2.755739, "delta": 0.00399}}
{"target": -178.7394693553678, "params": {"gamma": 0.5579284287083343, "lr": 0.29386248547054417}, "datetime": {"datetime": "2024-06-14 01:34:33", "elapsed": 2.759728, "delta": 0.003989}}
{"target": -916.8417229013534, "params": {"gamma": 3.5608088438258343, "lr": 0.9536770184739218}, "datetime": {"datetime": "2024-06-14 01:34:33", "elapsed": 2.763717, "delta": 0.003989}}
{"target": -1024.6369135859863, "params": {"gamma": 4.770032273945294, "lr": 0.27823844242133033}, "datetime": {"datetime": "2024-06-14 01:34:33", "elapsed": 2.767707, "delta": 0.00399}}
{"target": -1018.1733789124477, "params": {"gamma": 5.030548945314497, "lr": 0.6433579246491355}, "datetime": {"datetime": "2024-06-14 01:34:33", "elapsed": 2.771696, "delta": 0.003989}}
{"target": -284.76576261312954, "params": {"gamma": 1.1133454800017826, "lr": 0.7580616581331086}, "datetime": {"datetime": "2024-06-14 01:34:33", "elapsed": 2.775685, "delta": 0.003989}}
{"target": -2014.5622113687741, "params": {"gamma": 8.519605767101668, "lr": 0.8442498595694283}, "datetime": {"datetime": "2024-06-14 01:34:33", "elapsed": 2.779674, "delta": 0.003989}}
{"target": -1695.1261376725613, "params": {"gamma": 8.905177817288482, "lr": 0.38184239675576115}, "datetime": {"datetime": "2024-06-14 01:34:33", "elapsed": 2.783664, "delta": 0.00399}}
{"target": -2001.7835903070766, "params": {"gamma": 4.438608178466819, "lr": 0.10158147594616618}, "datetime": {"datetime": "2024-06-14 01:34:33", "elapsed": 2.787653, "delta": 0.003989}}
{"target": -591.0654586229903, "params": {"gamma": 2.25884341738992, "lr": 0.971320469273211}, "datetime": {"datetime": "2024-06-14 01:34:33", "elapsed": 2.791643, "delta": 0.00399}}
{"target": -723.8530739190347, "params": {"gamma": 2.8469550657183857, "lr": 0.9073961422409973}, "datetime": {"datetime": "2024-06-14 01:34:33", "elapsed": 2.795632, "delta": 0.003989}}
{"target": -2269.4592209471384, "params": {"gamma": 8.905632311496733, "lr": 0.9225044972603934}, "datetime": {"datetime": "2024-06-14 01:34:33", "elapsed": 2.800619, "delta": 0.004987}}
{"target": -408.5646710229108, "params": {"gamma": 1.5623394948435068, "lr": 0.8797221435013809}, "datetime": {"datetime": "2024-06-14 01:34:33", "elapsed": 2.804608, "delta": 0.003989}}
{"target": -1903.8028712667435, "params": {"gamma": 6.320317509680909, "lr": 0.21062817841880244}, "datetime": {"datetime": "2024-06-14 01:34:33", "elapsed": 2.808597, "delta": 0.003989}}
{"target": -1285.6866241823934, "params": {"gamma": 3.4518140318860318, "lr": 0.1599187885892832}, "datetime": {"datetime": "2024-06-14 01:34:33", "elapsed": 2.812586, "delta": 0.003989}}
{"target": -2092.9714514993107, "params": {"gamma": 4.444037226303826, "lr": 0.08377495384546052}, "datetime": {"datetime": "2024-06-14 01:34:33", "elapsed": 2.816576, "delta": 0.00399}}
{"target": -593.2209604108609, "params": {"gamma": 1.654019586311918, "lr": 0.19719634646666928}, "datetime": {"datetime": "2024-06-14 01:34:33", "elapsed": 2.820565, "delta": 0.003989}}
{"target": -1403.2246176309247, "params": {"gamma": 6.910582388225486, "lr": 0.573802869165353}, "datetime": {"datetime": "2024-06-14 01:34:33", "elapsed": 2.824555, "delta": 0.00399}}
{"target": -2323.358707948408, "params": {"gamma": 8.733358017233284, "lr": 0.2446340657192081}, "datetime": {"datetime": "2024-06-14 01:34:33", "elapsed": 2.828544, "delta": 0.003989}}
{"target": -3027.5281919279482, "params": {"gamma": 6.296449959232413, "lr": 0.034431265307095615}, "datetime": {"datetime": "2024-06-14 01:34:33", "elapsed": 2.832533, "delta": 0.003989}}
{"target": -1270.4659442850393, "params": {"gamma": 5.162468412309614, "lr": 0.8632264817138495}, "datetime": {"datetime": "2024-06-14 01:34:33", "elapsed": 2.836522, "delta": 0.003989}}
{"target": -4727.213964537493, "params": {"gamma": 9.841281312305282, "lr": 0.009872975358918512}, "datetime": {"datetime": "2024-06-14 01:34:33", "elapsed": 2.840512, "delta": 0.00399}}
{"target": -683.5992723816099, "params": {"gamma": 2.5291619792860742, "lr": 0.22384967032752534}, "datetime": {"datetime": "2024-06-14 01:34:33", "elapsed": 2.844501, "delta": 0.003989}}
{"target": -278.6301369041771, "params": {"gamma": 0.4763284046833772, "lr": 0.010172456261775653}, "datetime": {"datetime": "2024-06-14 01:34:33", "elapsed": 2.84849, "delta": 0.003989}}
{"target": -2359.3015429081597, "params": {"gamma": 4.902462927130074, "lr": 0.04548214567029407}, "datetime": {"datetime": "2024-06-14 01:34:33", "elapsed": 2.85248, "delta": 0.00399}}
{"target": -575.4298543733805, "params": {"gamma": 2.784002980338173, "lr": 0.6399745691089123}, "datetime": {"datetime": "2024-06-14 01:34:33", "elapsed": 2.85647, "delta": 0.00399}}
{"target": -646.9696285980721, "params": {"gamma": 2.9476257235674814, "lr": 0.26965470115905144}, "datetime": {"datetime": "2024-06-14 01:34:33", "elapsed": 2.861456, "delta": 0.004986}}
{"target": -1131.9159007749804, "params": {"gamma": 5.905874675913428, "lr": 0.38053407720964005}, "datetime": {"datetime": "2024-06-14 01:34:33", "elapsed": 2.865446, "delta": 0.00399}}
{"target": -1296.2120866498155, "params": {"gamma": 7.025527816580048, "lr": 0.4961239512498611}, "datetime": {"datetime": "2024-06-14 01:34:33", "elapsed": 2.869435, "delta": 0.003989}}
{"target": -1248.1377075839357, "params": {"gamma": 6.33245944879897, "lr": 0.3533943470016294}, "datetime": {"datetime": "2024-06-14 01:34:33", "elapsed": 2.875419, "delta": 0.005984}}
{"target": -1041.0143133513297, "params": {"gamma": 2.871152417608931, "lr": 0.13320711375110195}, "datetime": {"datetime": "2024-06-14 01:34:33", "elapsed": 2.880407, "delta": 0.004988}}
{"target": -2155.8129382274374, "params": {"gamma": 9.370866767604843, "lr": 0.8048358460157946}, "datetime": {"datetime": "2024-06-14 01:34:33", "elapsed": 2.886391, "delta": 0.005984}}
{"target": -3266.0741097193786, "params": {"gamma": 9.380347403020368, "lr": 0.1853805246478023}, "datetime": {"datetime": "2024-06-14 01:34:33", "elapsed": 2.891378, "delta": 0.004987}}
{"target": -2377.4287069626753, "params": {"gamma": 9.331624472469432, "lr": 0.9357532076921331}, "datetime": {"datetime": "2024-06-14 01:34:33", "elapsed": 2.895366, "delta": 0.003988}}
{"target": -621.0497642877629, "params": {"gamma": 2.8361615915229414, "lr": 0.27463424842386297}, "datetime": {"datetime": "2024-06-14 01:34:33", "elapsed": 2.901569, "delta": 0.006203}}
{"target": -1924.8667763810508, "params": {"gamma": 5.514764305160052, "lr": 0.18528923936855235}, "datetime": {"datetime": "2024-06-14 01:34:33", "elapsed": 2.905559, "delta": 0.00399}}
{"target": -1545.8331370855665, "params": {"gamma": 4.421569005157032, "lr": 0.1853176459376844}, "datetime": {"datetime": "2024-06-14 01:34:33", "elapsed": 2.910575, "delta": 0.005016}}
{"target": -1739.110597126548, "params": {"gamma": 9.473811803621638, "lr": 0.4938246574910856}, "datetime": {"datetime": "2024-06-14 01:34:33", "elapsed": 2.915533, "delta": 0.004958}}
{"target": -1934.237209906745, "params": {"gamma": 9.639213756472554, "lr": 0.6449416725122118}, "datetime": {"datetime": "2024-06-14 01:34:34", "elapsed": 2.92052, "delta": 0.004987}}
{"target": -1240.647478509363, "params": {"gamma": 4.843673414550824, "lr": 0.9676952459611975}, "datetime": {"datetime": "2024-06-14 01:34:34", "elapsed": 2.925534, "delta": 0.005014}}
{"target": -321.1170227178491, "params": {"gamma": 1.4327546273059197, "lr": 0.6323298746664966}, "datetime": {"datetime": "2024-06-14 01:34:34", "elapsed": 2.929532, "delta": 0.003998}}
{"target": -1226.2454631919695, "params": {"gamma": 6.6192217900001395, "lr": 0.43383982715272595}, "datetime": {"datetime": "2024-06-14 01:34:34", "elapsed": 2.933484, "delta": 0.003952}}
{"target": -178.50238529419286, "params": {"gamma": 0.594512896164236, "lr": 0.4927226011660333}, "datetime": {"datetime": "2024-06-14 01:34:34", "elapsed": 2.937473, "delta": 0.003989}}
{"target": -1078.1241985734632, "params": {"gamma": 4.651874301237257, "lr": 0.8067468107748635}, "datetime": {"datetime": "2024-06-14 01:34:34", "elapsed": 2.941463, "delta": 0.00399}}
{"target": -511.1622642405505, "params": {"gamma": 2.5673532385398095, "lr": 0.3914303629842686}, "datetime": {"datetime": "2024-06-14 01:34:34", "elapsed": 2.945452, "delta": 0.003989}}
{"target": -540.7380869929088, "params": {"gamma": 2.402481900006551, "lr": 0.6864434151723641}, "datetime": {"datetime": "2024-06-14 01:34:34", "elapsed": 2.949441, "delta": 0.003989}}
{"target": -3757.804913518766, "params": {"gamma": 9.898844649917818, "lr": 0.1774295368682619}, "datetime": {"datetime": "2024-06-14 01:34:34", "elapsed": 2.95343, "delta": 0.003989}}
{"target": -2185.905409012857, "params": {"gamma": 8.214645955522746, "lr": 0.2309885592816333}, "datetime": {"datetime": "2024-06-14 01:34:34", "elapsed": 2.958418, "delta": 0.004988}}
{"target": -264.4251026364475, "params": {"gamma": 0.5807001579142975, "lr": 0.13881651804567363}, "datetime": {"datetime": "2024-06-14 01:34:34", "elapsed": 2.962406, "delta": 0.003988}}
{"target": -2297.1069782597556, "params": {"gamma": 9.351596002308344, "lr": 0.8885421033562281}, "datetime": {"datetime": "2024-06-14 01:34:34", "elapsed": 2.966396, "delta": 0.00399}}
{"target": -749.2056405958602, "params": {"gamma": 2.893315694333617, "lr": 0.9477640661016069}, "datetime": {"datetime": "2024-06-14 01:34:34", "elapsed": 2.970385, "delta": 0.003989}}
{"target": -1566.290101907696, "params": {"gamma": 8.499455421778958, "lr": 0.4346547940716735}, "datetime": {"datetime": "2024-06-14 01:34:34", "elapsed": 2.974375, "delta": 0.00399}}
{"target": -955.9144341589649, "params": {"gamma": 4.681027499109862, "lr": 0.6298530215834227}, "datetime": {"datetime": "2024-06-14 01:34:34", "elapsed": 2.978364, "delta": 0.003989}}
{"target": -774.1636151039999, "params": {"gamma": 1.581160317803163, "lr": 0.014782086742092915}, "datetime": {"datetime": "2024-06-14 01:34:34", "elapsed": 2.982353, "delta": 0.003989}}
{"target": -1284.2269421390943, "params": {"gamma": 2.655854662706386, "lr": 0.015443631942760883}, "datetime": {"datetime": "2024-06-14 01:34:34", "elapsed": 2.986342, "delta": 0.003989}}
{"target": -1347.2710359896678, "params": {"gamma": 6.745313942778413, "lr": 0.5514688358127765}, "datetime": {"datetime": "2024-06-14 01:34:34", "elapsed": 2.990332, "delta": 0.00399}}
{"target": -739.0041602234442, "params": {"gamma": 3.2171598078821737, "lr": 0.7802023371197586}, "datetime": {"datetime": "2024-06-14 01:34:34", "elapsed": 2.995318, "delta": 0.004986}}
{"target": -410.3432373636691, "params": {"gamma": 1.4587085267165556, "lr": 0.2448806387618836}, "datetime": {"datetime": "2024-06-14 01:34:34", "elapsed": 2.999308, "delta": 0.00399}}
{"target": -1027.7500951523623, "params": {"gamma": 2.923845306630798, "lr": 0.19593194649899215}, "datetime": {"datetime": "2024-06-14 01:34:34", "elapsed": 3.003297, "delta": 0.003989}}
{"target": -255.31239741968304, "params": {"gamma": 0.8802988990222627, "lr": 0.8699761802716075}, "datetime": {"datetime": "2024-06-14 01:34:34", "elapsed": 3.007287, "delta": 0.00399}}
{"target": -236.29239343137525, "params": {"gamma": 0.8827982670695292, "lr": 0.6837103358216379}, "datetime": {"datetime": "2024-06-14 01:34:34", "elapsed": 3.011276, "delta": 0.003989}}
{"target": -598.2979800460672, "params": {"gamma": 1.204888367700376, "lr": 0.010699003144174157}, "datetime": {"datetime": "2024-06-14 01:34:34", "elapsed": 3.015265, "delta": 0.003989}}
{"target": -1396.6148971141613, "params": {"gamma": 5.573125032519063, "lr": 0.9071090552203707}, "datetime": {"datetime": "2024-06-14 01:34:34", "elapsed": 3.019255, "delta": 0.00399}}
{"target": -1687.3753314004477, "params": {"gamma": 8.604706216701516, "lr": 0.33845138411825004}, "datetime": {"datetime": "2024-06-14 01:34:34", "elapsed": 3.023244, "delta": 0.003989}}
{"target": -151.45706666281956, "params": {"gamma": 0.27256113442929636, "lr": 0.8008593551300331}, "datetime": {"datetime": "2024-06-14 01:34:34", "elapsed": 3.027234, "delta": 0.00399}}
{"target": -1973.975448905209, "params": {"gamma": 8.06004333796437, "lr": 0.8684881163027721}, "datetime": {"datetime": "2024-06-14 01:34:34", "elapsed": 3.03222, "delta": 0.004986}}
{"target": -1544.875575158922, "params": {"gamma": 6.696796352155456, "lr": 0.8077788623150765}, "datetime": {"datetime": "2024-06-14 01:34:34", "elapsed": 3.036209, "delta": 0.003989}}
{"target": -1648.8677782177633, "params": {"gamma": 8.9750853247459, "lr": 0.4538299504900123}, "datetime": {"datetime": "2024-06-14 01:34:34", "elapsed": 3.040199, "delta": 0.00399}}
{"target": -1123.42660452792, "params": {"gamma": 5.578695211845391, "lr": 0.5061311288282347}, "datetime": {"datetime": "2024-06-14 01:34:34", "elapsed": 3.045185, "delta": 0.004986}}
{"target": -1512.3419551778006, "params": {"gamma": 6.920147061337664, "lr": 0.6829068676298748}, "datetime": {"datetime": "2024-06-14 01:34:34", "elapsed": 3.049174, "delta": 0.003989}}
{"target": -1219.564298275898, "params": {"gamma": 5.203616044997302, "lr": 0.8284681480854713}, "datetime": {"datetime": "2024-06-14 01:34:34", "elapsed": 3.053164, "delta": 0.00399}}
{"target": -1185.9731576468764, "params": {"gamma": 5.058288088511875, "lr": 0.8248585623852319}, "datetime": {"datetime": "2024-06-14 01:34:34", "elapsed": 3.057154, "delta": 0.00399}}
{"target": -1080.4035502209838, "params": {"gamma": 2.8191690363442863, "lr": 0.17849483297748825}, "datetime": {"datetime": "2024-06-14 01:34:34", "elapsed": 3.061143, "delta": 0.003989}}
{"target": -2143.486358060032, "params": {"gamma": 9.698735832876796, "lr": 0.7419395254560768}, "datetime": {"datetime": "2024-06-14 01:34:34", "elapsed": 3.065132, "delta": 0.003989}}
{"target": -544.2009089199712, "params": {"gamma": 2.598657141350841, "lr": 0.5812353422911717}, "datetime": {"datetime": "2024-06-14 01:34:34", "elapsed": 3.070119, "delta": 0.004987}}
{"target": -4588.824138046439, "params": {"gamma": 9.55266727312833, "lr": 0.0807539078120788}, "datetime": {"datetime": "2024-06-14 01:34:34", "elapsed": 3.074108, "delta": 0.003989}}
{"target": -217.35319333441487, "params": {"gamma": 0.8362585364103492, "lr": 0.6191348314199072}, "datetime": {"datetime": "2024-06-14 01:34:34", "elapsed": 3.078097, "delta": 0.003989}}
{"target": -522.0128432983685, "params": {"gamma": 2.245710294880741, "lr": 0.7651839567335081}, "datetime": {"datetime": "2024-06-14 01:34:34", "elapsed": 3.082087, "delta": 0.00399}}
{"target": -1147.4291486322968, "params": {"gamma": 5.681957276948102, "lr": 0.6661880902234952}, "datetime": {"datetime": "2024-06-14 01:34:34", "elapsed": 3.086076, "delta": 0.003989}}
{"target": -529.1181585058858, "params": {"gamma": 1.0790311940451294, "lr": 0.08428305143655679}, "datetime": {"datetime": "2024-06-14 01:34:34", "elapsed": 3.090066, "delta": 0.00399}}
{"target": -1129.2388740828628, "params": {"gamma": 6.251585561986592, "lr": 0.4097312611340205}, "datetime": {"datetime": "2024-06-14 01:34:34", "elapsed": 3.095052, "delta": 0.004986}}
{"target": -222.2271381474963, "params": {"gamma": 0.8734379861959459, "lr": 0.3710639450161891}, "datetime": {"datetime": "2024-06-14 01:34:34", "elapsed": 3.099041, "delta": 0.003989}}
{"target": -2343.5910058300897, "params": {"gamma": 6.72177195215883, "lr": 0.1895874001915857}, "datetime": {"datetime": "2024-06-14 01:34:34", "elapsed": 3.10303, "delta": 0.003989}}
{"target": -2282.578531834369, "params": {"gamma": 8.957395356178512, "lr": 0.9498463888800873}, "datetime": {"datetime": "2024-06-14 01:34:34", "elapsed": 3.10702, "delta": 0.00399}}
{"target": -2125.2765835558343, "params": {"gamma": 9.615763851802903, "lr": 0.7300825577402602}, "datetime": {"datetime": "2024-06-14 01:34:34", "elapsed": 3.11101, "delta": 0.00399}}
{"target": -908.2436429039694, "params": {"gamma": 4.063477988455463, "lr": 0.7437491963512196}, "datetime": {"datetime": "2024-06-14 01:34:34", "elapsed": 3.114999, "delta": 0.003989}}
{"target": -538.7254315104378, "params": {"gamma": 2.8805808058682407, "lr": 0.3144172223907462}, "datetime": {"datetime": "2024-06-14 01:34:34", "elapsed": 3.118988, "delta": 0.003989}}
{"target": -1232.7592437110623, "params": {"gamma": 6.059357715817362, "lr": 0.5948471334079176}, "datetime": {"datetime": "2024-06-14 01:34:34", "elapsed": 3.123976, "delta": 0.004988}}
{"target": -1879.5780424151562, "params": {"gamma": 8.786731102181795, "lr": 0.25460075566057694}, "datetime": {"datetime": "2024-06-14 01:34:34", "elapsed": 3.127994, "delta": 0.004018}}
{"target": -1954.3203322992847, "params": {"gamma": 7.662117463663015, "lr": 0.9410132668189013}, "datetime": {"datetime": "2024-06-14 01:34:34", "elapsed": 3.131982, "delta": 0.003988}}
{"target": -148.55052862757563, "params": {"gamma": 0.011328293644688577, "lr": 0.47608911800210485}, "datetime": {"datetime": "2024-06-14 01:34:34", "elapsed": 3.136975, "delta": 0.004993}}
{"target": -1557.722599929167, "params": {"gamma": 6.570746249918269, "lr": 0.8433232139195225}, "datetime": {"datetime": "2024-06-14 01:34:34", "elapsed": 3.140929, "delta": 0.003954}}
{"target": -457.21405084259055, "params": {"gamma": 1.8382103793481412, "lr": 0.8561592379873718}, "datetime": {"datetime": "2024-06-14 01:34:34", "elapsed": 3.144919, "delta": 0.00399}}
{"target": -918.1238056105051, "params": {"gamma": 3.6442904330904224, "lr": 0.8922739292761724}, "datetime": {"datetime": "2024-06-14 01:34:34", "elapsed": 3.148908, "delta": 0.003989}}
{"target": -206.62191232944863, "params": {"gamma": 0.2780896894835276, "lr": 0.08539013912317062}, "datetime": {"datetime": "2024-06-14 01:34:34", "elapsed": 3.152897, "delta": 0.003989}}
{"target": -1964.1293537131978, "params": {"gamma": 9.81412324707537, "lr": 0.6095019257734966}, "datetime": {"datetime": "2024-06-14 01:34:34", "elapsed": 3.156887, "delta": 0.00399}}
{"target": -1592.6197567295728, "params": {"gamma": 4.176905835795019, "lr": 0.16921418469369054}, "datetime": {"datetime": "2024-06-14 01:34:34", "elapsed": 3.161873, "delta": 0.004986}}
{"target": -3124.8128264325114, "params": {"gamma": 6.499361629743811, "lr": 0.03697506835935782}, "datetime": {"datetime": "2024-06-14 01:34:34", "elapsed": 3.165863, "delta": 0.00399}}
{"target": -579.118362790663, "params": {"gamma": 3.116827520693586, "lr": 0.32347919698907535}, "datetime": {"datetime": "2024-06-14 01:34:34", "elapsed": 3.169852, "delta": 0.003989}}
{"target": -1225.4482068377586, "params": {"gamma": 6.074811493252022, "lr": 0.6508312566756971}, "datetime": {"datetime": "2024-06-14 01:34:34", "elapsed": 3.173841, "delta": 0.003989}}
{"target": -2156.694751393227, "params": {"gamma": 8.460699937765456, "lr": 0.9275809425975434}, "datetime": {"datetime": "2024-06-14 01:34:34", "elapsed": 3.17783, "delta": 0.003989}}
{"target": -1342.000022953302, "params": {"gamma": 6.604916818383386, "lr": 0.5781739184085382}, "datetime": {"datetime": "2024-06-14 01:34:34", "elapsed": 3.18182, "delta": 0.00399}}
{"target": -1024.443904000255, "params": {"gamma": 3.987756720746455, "lr": 0.966612492642142}, "datetime": {"datetime": "2024-06-14 01:34:34", "elapsed": 3.18581, "delta": 0.00399}}
{"target": -407.84845974274936, "params": {"gamma": 1.541637639151742, "lr": 0.8950868086486484}, "datetime": {"datetime": "2024-06-14 01:34:34", "elapsed": 3.190796, "delta": 0.004986}}
{"target": -635.090247404392, "params": {"gamma": 3.1108196657805305, "lr": 0.548489089666104}, "datetime": {"datetime": "2024-06-14 01:34:34", "elapsed": 3.194785, "delta": 0.003989}}
{"target": -1816.6246520073878, "params": {"gamma": 6.8209805180697165, "lr": 0.23646965132615538}, "datetime": {"datetime": "2024-06-14 01:34:34", "elapsed": 3.199772, "delta": 0.004987}}
{"target": -364.4626589268141, "params": {"gamma": 1.678199113817666, "lr": 0.508482013429616}, "datetime": {"datetime": "2024-06-14 01:34:34", "elapsed": 3.203761, "delta": 0.003989}}
{"target": -1728.4441547592526, "params": {"gamma": 7.918846891971133, "lr": 0.6924144621670756}, "datetime": {"datetime": "2024-06-14 01:34:34", "elapsed": 3.207751, "delta": 0.00399}}
{"target": -326.8506762321183, "params": {"gamma": 1.1906143983929753, "lr": 0.900742215071733}, "datetime": {"datetime": "2024-06-14 01:34:34", "elapsed": 3.21174, "delta": 0.003989}}
{"target": -1229.0727447135932, "params": {"gamma": 4.797895932924502, "lr": 0.9466766792396476}, "datetime": {"datetime": "2024-06-14 01:34:34", "elapsed": 3.216728, "delta": 0.004988}}
