{"target": -99.05710157733483, "params": {"p_ai": 2.479454855440029, "p_al": 1.11930196523077, "p_ex": 5.135894220893158, "prior": 9.137244761986132, "rate": 1.7932038323176576}, "datetime": {"datetime": "2024-06-12 22:01:48", "elapsed": 219.253913, "delta": 0.113536}}
{"target": -118.74692882755653, "params": {"p_ai": 2.5595284250867927, "p_al": 0.3409243101748873, "p_ex": 0.15470207973635725, "prior": 5.422645236796178, "rate": 8.553747523723965}, "datetime": {"datetime": "2024-06-12 22:01:48", "elapsed": 219.364617, "delta": 0.110704}}
{"target": -77.29123159160052, "params": {"p_ai": 4.4657816155356675, "p_al": 2.357135848615219, "p_ex": 9.36540396422141, "prior": 6.192469585732864, "rate": 8.645897035050032}, "datetime": {"datetime": "2024-06-12 22:01:49", "elapsed": 219.476251, "delta": 0.111634}}
{"target": -88.43591851024497, "params": {"p_ai": 1.282005745817034, "p_al": 4.412942570473553, "p_ex": 8.575682143149248, "prior": 8.982037953044289, "rate": 8.772761648279566}, "datetime": {"datetime": "2024-06-12 22:01:49", "elapsed": 219.587953, "delta": 0.111702}}
{"target": -93.26313056725199, "params": {"p_ai": 6.255094516482575, "p_al": 7.581360105825246, "p_ex": 6.755308180003398, "prior": 8.451789636967945, "rate": 6.32484141935293}, "datetime": {"datetime": "2024-06-12 22:01:49", "elapsed": 219.699654, "delta": 0.111701}}
{"target": -102.04094246102099, "params": {"p_ai": 1.7197256280146134, "p_al": 6.505549393951734, "p_ex": 4.553944860862338, "prior": 0.5894475654255449, "rate": 5.3590922745746745}, "datetime": {"datetime": "2024-06-12 22:01:49", "elapsed": 219.811355, "delta": 0.111701}}
{"target": -104.29471990340481, "params": {"p_ai": 4.393482215124105, "p_al": 8.747389417664913, "p_ex": 6.607572295198009, "prior": 2.608620400961451, "rate": 2.1684377884048662}, "datetime": {"datetime": "2024-06-12 22:01:49", "elapsed": 219.923196, "delta": 0.111841}}
{"target": -125.42891886080568, "params": {"p_ai": 0.9741343125990107, "p_al": 4.6919722422118255, "p_ex": 3.49864716108863, "prior": 5.773912930700538, "rate": 0.5703629844543111}, "datetime": {"datetime": "2024-06-12 22:01:49", "elapsed": 220.034885, "delta": 0.111689}}
{"target": -94.0670124093595, "params": {"p_ai": 2.499922353769078, "p_al": 5.1234334402008574, "p_ex": 3.760205919567236, "prior": 6.269392688573962, "rate": 3.732826110384206}, "datetime": {"datetime": "2024-06-12 22:01:49", "elapsed": 220.145593, "delta": 0.110708}}
{"target": -95.63019896361213, "params": {"p_ai": 4.603671029238606, "p_al": 2.3429211183676726, "p_ex": 2.996592129373345, "prior": 1.1537282156041937, "rate": 7.72462135063049}, "datetime": {"datetime": "2024-06-12 22:01:49", "elapsed": 220.257293, "delta": 0.1117}}
{"target": -131.99743300750296, "params": {"p_ai": 7.939035508710159, "p_al": 0.44031459326531047, "p_ex": 1.6104517992516383, "prior": 8.028774521030188, "rate": 9.104856994771925}, "datetime": {"datetime": "2024-06-12 22:01:49", "elapsed": 220.368471, "delta": 0.111178}}
{"target": -104.3115848317449, "params": {"p_ai": 3.6925387525356554, "p_al": 6.753429509418871, "p_ex": 1.900747060859965, "prior": 8.712451966416536, "rate": 8.247238520857891}, "datetime": {"datetime": "2024-06-12 22:01:50", "elapsed": 220.480176, "delta": 0.111705}}
{"target": -83.30107232610143, "params": {"p_ai": 2.5008789009692247, "p_al": 5.928901706805605, "p_ex": 7.3578939279952476, "prior": 8.838553387439257, "rate": 4.677811991869022}, "datetime": {"datetime": "2024-06-12 22:01:50", "elapsed": 220.591307, "delta": 0.111131}}
{"target": -86.01987576041147, "params": {"p_ai": 1.3470733481294213, "p_al": 1.094841814191649, "p_ex": 5.297243675558832, "prior": 0.49383643442013075, "rate": 6.209338226934207}, "datetime": {"datetime": "2024-06-12 22:01:50", "elapsed": 220.703008, "delta": 0.111701}}
{"target": -133.75774305050857, "params": {"p_ai": 0.3342487213443545, "p_al": 0.2128158500293292, "p_ex": 0.7530176178456772, "prior": 3.6809175726662704, "rate": 3.818141513157325}, "datetime": {"datetime": "2024-06-12 22:01:50", "elapsed": 220.814218, "delta": 0.11121}}
{"target": -103.87610367562723, "params": {"p_ai": 7.669934398787617, "p_al": 8.459621377194617, "p_ex": 7.272280709633233, "prior": 8.844447408912934, "rate": 5.749449999119452}, "datetime": {"datetime": "2024-06-12 22:01:50", "elapsed": 220.924866, "delta": 0.110648}}
{"target": -129.1151011320028, "params": {"p_ai": 9.398903366834306, "p_al": 9.06798682019018, "p_ex": 4.48492000028398, "prior": 4.797781289050013, "rate": 8.566736123057751}, "datetime": {"datetime": "2024-06-12 22:01:50", "elapsed": 221.036392, "delta": 0.111526}}
{"target": -161.08246847542716, "params": {"p_ai": 3.984662715258157, "p_al": 9.420055749190025, "p_ex": 2.933826269617242, "prior": 2.590815299665099, "rate": 1.0901714124352648}, "datetime": {"datetime": "2024-06-12 22:01:50", "elapsed": 221.148064, "delta": 0.111672}}
{"target": -78.03366943710871, "params": {"p_ai": 2.471187095298555, "p_al": 5.3779986604796, "p_ex": 9.802393583495558, "prior": 2.0780894529072613, "rate": 5.470652839172488}, "datetime": {"datetime": "2024-06-12 22:01:50", "elapsed": 221.259766, "delta": 0.111702}}
{"target": -144.81916815237543, "params": {"p_ai": 8.784026964746444, "p_al": 5.897029210758115, "p_ex": 8.352926533735896, "prior": 2.393615931358836, "rate": 0.7317241750859406}, "datetime": {"datetime": "2024-06-12 22:01:50", "elapsed": 221.371036, "delta": 0.11127}}
{"target": -116.45283258056752, "params": {"p_ai": 9.529711071203222, "p_al": 1.12415740911268, "p_ex": 8.024162561181278, "prior": 6.51049956673395, "rate": 8.651276327807269}, "datetime": {"datetime": "2024-06-12 22:01:51", "elapsed": 221.482738, "delta": 0.111702}}
{"target": -88.17841395942739, "params": {"p_ai": 6.297865904193896, "p_al": 2.982484717370885, "p_ex": 9.314887904714922, "prior": 6.923328164237853, "rate": 8.766491081598325}, "datetime": {"datetime": "2024-06-12 22:01:51", "elapsed": 221.595436, "delta": 0.112698}}
{"target": -105.47351875782948, "params": {"p_ai": 8.155107426895412, "p_al": 1.3608872102611669, "p_ex": 6.994424876763647, "prior": 6.810378925463789, "rate": 7.558203771887153}, "datetime": {"datetime": "2024-06-12 22:01:51", "elapsed": 221.707932, "delta": 0.112496}}
{"target": -164.7148522407908, "params": {"p_ai": 7.996706469346298, "p_al": 9.414519270096738, "p_ex": 0.6524073948204284, "prior": 5.086641906303749, "rate": 4.997070133205862}, "datetime": {"datetime": "2024-06-12 22:01:51", "elapsed": 221.819837, "delta": 0.111905}}
{"target": -104.52644593338071, "params": {"p_ai": 7.0079414003989475, "p_al": 9.95603813701815, "p_ex": 9.079903831413358, "prior": 2.9695743927041773, "rate": 3.3582093092894074}, "datetime": {"datetime": "2024-06-12 22:01:51", "elapsed": 221.931736, "delta": 0.111899}}
{"target": -128.63249258852792, "params": {"p_ai": 8.201886874036, "p_al": 3.6167752366875074, "p_ex": 3.254424386140797, "prior": 4.447593325863283, "rate": 2.7719288711687775}, "datetime": {"datetime": "2024-06-12 22:01:51", "elapsed": 222.043486, "delta": 0.11175}}
{"target": -137.94895325627954, "params": {"p_ai": 7.490303509857709, "p_al": 4.527305674218615, "p_ex": 1.6400712810933544, "prior": 9.904617162543863, "rate": 3.380634836004196}, "datetime": {"datetime": "2024-06-12 22:01:51", "elapsed": 222.155218, "delta": 0.111732}}
{"target": -84.85573417515549, "params": {"p_ai": 3.0182894374658042, "p_al": 2.2540360879178154, "p_ex": 4.258012506403847, "prior": 6.951510100013808, "rate": 6.024463090968305}, "datetime": {"datetime": "2024-06-12 22:01:51", "elapsed": 222.269426, "delta": 0.114208}}
{"target": -92.76395778668099, "params": {"p_ai": 1.8154277802533894, "p_al": 2.646352911067262, "p_ex": 5.982902835498565, "prior": 8.580609180581801, "rate": 4.129748274092657}, "datetime": {"datetime": "2024-06-12 22:01:51", "elapsed": 222.382495, "delta": 0.113069}}
{"target": -94.29844090667432, "params": {"p_ai": 2.159265882128531, "p_al": 3.234561011888553, "p_ex": 6.9172126440284645, "prior": 7.009786877455434, "rate": 2.234282424435185}, "datetime": {"datetime": "2024-06-12 22:01:52", "elapsed": 222.494196, "delta": 0.111701}}
{"target": -91.55374781715066, "params": {"p_ai": 3.9655599000973614, "p_al": 6.993599747463365, "p_ex": 7.206028835833273, "prior": 1.3060269515928042, "rate": 6.094130941477607}, "datetime": {"datetime": "2024-06-12 22:01:52", "elapsed": 222.6049, "delta": 0.110704}}
{"target": -129.51856685242817, "params": {"p_ai": 8.860780604176751, "p_al": 5.824031202572268, "p_ex": 3.072782268537545, "prior": 7.451659090914785, "rate": 9.776990621630928}, "datetime": {"datetime": "2024-06-12 22:01:52", "elapsed": 222.71684, "delta": 0.11194}}
{"target": -184.56931145440802, "params": {"p_ai": 9.04633231716986, "p_al": 8.716160144918383, "p_ex": 0.003922193057461108, "prior": 5.826579941183415, "rate": 2.6279371999932573}, "datetime": {"datetime": "2024-06-12 22:01:52", "elapsed": 222.828574, "delta": 0.111734}}
{"target": -106.61809020778827, "params": {"p_ai": 8.130244891969703, "p_al": 5.23526283745264, "p_ex": 8.939108850131829, "prior": 5.237925787644913, "rate": 8.911460302578277}, "datetime": {"datetime": "2024-06-12 22:01:52", "elapsed": 222.94188, "delta": 0.113306}}
{"target": -79.2054174232971, "params": {"p_ai": 4.497764508230413, "p_al": 5.615436937758651, "p_ex": 8.125032960357574, "prior": 4.032314414262975, "rate": 5.687113316080488}, "datetime": {"datetime": "2024-06-12 22:01:52", "elapsed": 223.053911, "delta": 0.112031}}
{"target": -116.34494136112487, "params": {"p_ai": 8.984714318038437, "p_al": 4.8467417158094594, "p_ex": 5.906300764710574, "prior": 9.363857452858312, "rate": 8.83263271940978}, "datetime": {"datetime": "2024-06-12 22:01:52", "elapsed": 223.16502, "delta": 0.111109}}
{"target": -121.70591867469705, "params": {"p_ai": 7.577434997922026, "p_al": 7.112598718301506, "p_ex": 8.192131754208267, "prior": 1.0617119662258163, "rate": 3.810952160479885}, "datetime": {"datetime": "2024-06-12 22:01:52", "elapsed": 223.284208, "delta": 0.119188}}
{"target": -125.5360720162502, "params": {"p_ai": 5.458359106284024, "p_al": 8.585235455408231, "p_ex": 1.4648771670928944, "prior": 7.140681245430711, "rate": 5.910080443703744}, "datetime": {"datetime": "2024-06-12 22:01:52", "elapsed": 223.39508, "delta": 0.110872}}
{"target": -84.84260038255842, "params": {"p_ai": 6.0875909936487345, "p_al": 3.726815752106986, "p_ex": 9.15830642449183, "prior": 7.13933726242808, "rate": 6.683325835506722}, "datetime": {"datetime": "2024-06-12 22:01:53", "elapsed": 223.506781, "delta": 0.111701}}
{"target": -114.8583397279612, "params": {"p_ai": 2.2154321038106217, "p_al": 8.1289389260247, "p_ex": 4.95904725217079, "prior": 5.084200781464436, "rate": 0.8482490698586993}, "datetime": {"datetime": "2024-06-12 22:01:53", "elapsed": 223.617485, "delta": 0.110704}}
{"target": -90.88025720321133, "params": {"p_ai": 4.373244258236222, "p_al": 8.632149255500682, "p_ex": 6.802683723363489, "prior": 1.8950581131297959, "rate": 5.841148942244931}, "datetime": {"datetime": "2024-06-12 22:01:53", "elapsed": 223.729216, "delta": 0.111731}}
{"target": -113.66149585223266, "params": {"p_ai": 9.440120998803936, "p_al": 5.075095122577021, "p_ex": 9.674056937250327, "prior": 3.663304010988193, "rate": 2.9081982683005547}, "datetime": {"datetime": "2024-06-12 22:01:53", "elapsed": 223.839891, "delta": 0.110675}}
{"target": -143.17144237693424, "params": {"p_ai": 8.398665743541141, "p_al": 8.697381609098198, "p_ex": 2.017460785212376, "prior": 7.194800422731128, "rate": 5.921473523245135}, "datetime": {"datetime": "2024-06-12 22:01:53", "elapsed": 223.951615, "delta": 0.111724}}
{"target": -111.1342870627554, "params": {"p_ai": 8.94522136625385, "p_al": 1.4953085457292612, "p_ex": 7.630508798302322, "prior": 6.89986272904379, "rate": 7.950362828454771}, "datetime": {"datetime": "2024-06-12 22:01:53", "elapsed": 224.063261, "delta": 0.111646}}
{"target": -94.65831881993114, "params": {"p_ai": 4.5334216455871585, "p_al": 2.285080750396072, "p_ex": 2.8612639050635336, "prior": 3.0437248840947517, "rate": 8.402831110698429}, "datetime": {"datetime": "2024-06-12 22:01:53", "elapsed": 224.174963, "delta": 0.111702}}
{"target": -105.49863510307685, "params": {"p_ai": 5.372038987196228, "p_al": 5.636276018949885, "p_ex": 2.8423948482288677, "prior": 8.341748975598378, "rate": 7.049602636525978}, "datetime": {"datetime": "2024-06-12 22:01:53", "elapsed": 224.286663, "delta": 0.1117}}
{"target": -137.40099414122702, "params": {"p_ai": 8.781517473429453, "p_al": 1.3161352297481828, "p_ex": 8.496128765204425, "prior": 0.5220714718378262, "rate": 8.771411721092127}, "datetime": {"datetime": "2024-06-12 22:01:53", "elapsed": 224.398397, "delta": 0.111734}}
{"target": -94.956728689717, "params": {"p_ai": 2.398175280570108, "p_al": 8.856757888094753, "p_ex": 3.7937200294297595, "prior": 8.429330555103737, "rate": 5.396590617151947}, "datetime": {"datetime": "2024-06-12 22:01:54", "elapsed": 224.509774, "delta": 0.111377}}
{"target": -111.8674791330447, "params": {"p_ai": 5.642190342955606, "p_al": 9.84022894951784, "p_ex": 9.63751153551982, "prior": 1.1441289022704242, "rate": 3.6421150962027857}, "datetime": {"datetime": "2024-06-12 22:01:54", "elapsed": 224.621476, "delta": 0.111702}}
{"target": -106.35341800089623, "params": {"p_ai": 2.506212038324754, "p_al": 4.483507611579368, "p_ex": 1.2644028687416509, "prior": 5.116170822812115, "rate": 8.655956316551622}, "datetime": {"datetime": "2024-06-12 22:01:54", "elapsed": 224.734772, "delta": 0.113296}}
{"target": -107.58024826816649, "params": {"p_ai": 3.524182459137863, "p_al": 1.557248674792178, "p_ex": 3.0733042597656954, "prior": 7.429002665405236, "rate": 0.9136723471660736}, "datetime": {"datetime": "2024-06-12 22:01:54", "elapsed": 224.846666, "delta": 0.111894}}
{"target": -150.24095940156658, "params": {"p_ai": 7.356081525521679, "p_al": 6.139605696996387, "p_ex": 7.4028472256456945, "prior": 0.09148820794806983, "rate": 7.205005956911262}, "datetime": {"datetime": "2024-06-12 22:01:54", "elapsed": 224.958742, "delta": 0.112076}}
{"target": -119.26325925760051, "params": {"p_ai": 3.20652192916414, "p_al": 6.330086992140342, "p_ex": 0.5393129725551014, "prior": 5.564785932218573, "rate": 9.416039732034474}, "datetime": {"datetime": "2024-06-12 22:01:54", "elapsed": 225.0706, "delta": 0.111858}}
{"target": -110.90161048161026, "params": {"p_ai": 3.2015370071173717, "p_al": 5.227843986477157, "p_ex": 4.077705890820247, "prior": 5.69696279590871, "rate": 0.6841180889586145}, "datetime": {"datetime": "2024-06-12 22:01:54", "elapsed": 225.181812, "delta": 0.111212}}
{"target": -115.80438402354534, "params": {"p_ai": 3.619441042802784, "p_al": 5.207068985721982, "p_ex": 0.8491598305113975, "prior": 4.677000648386591, "rate": 7.722524554423631}, "datetime": {"datetime": "2024-06-12 22:01:54", "elapsed": 225.293533, "delta": 0.111721}}
{"target": -107.14093531186619, "params": {"p_ai": 4.4305910985625685, "p_al": 3.9098719950651493, "p_ex": 2.7294917556221026, "prior": 0.519464887551938, "rate": 7.61845485482411}, "datetime": {"datetime": "2024-06-12 22:01:54", "elapsed": 225.405234, "delta": 0.111701}}
{"target": -121.516455998648, "params": {"p_ai": 4.858303293752173, "p_al": 1.614305665250888, "p_ex": 0.6617195267770156, "prior": 7.57924671380558, "rate": 5.884534108373207}, "datetime": {"datetime": "2024-06-12 22:01:55", "elapsed": 225.516611, "delta": 0.111377}}
{"target": -88.44621245953361, "params": {"p_ai": 5.588089049819353, "p_al": 2.0640425222684375, "p_ex": 5.943811569671102, "prior": 9.342191524625699, "rate": 7.255065057177155}, "datetime": {"datetime": "2024-06-12 22:01:55", "elapsed": 225.629309, "delta": 0.112698}}
{"target": -94.23797632298042, "params": {"p_ai": 5.866398132628953, "p_al": 8.653086394752902, "p_ex": 9.965692892765754, "prior": 8.651215789322743, "rate": 1.792646185609348}, "datetime": {"datetime": "2024-06-12 22:01:55", "elapsed": 225.745997, "delta": 0.116688}}
{"target": -140.34753978038682, "params": {"p_ai": 6.946946260957495, "p_al": 2.963016051488197, "p_ex": 0.5962774150678829, "prior": 1.0813285195441542, "rate": 7.628174982654579}, "datetime": {"datetime": "2024-06-12 22:01:55", "elapsed": 225.857184, "delta": 0.111187}}
{"target": -101.10700626937005, "params": {"p_ai": 0.8300466458626525, "p_al": 5.146000639936082, "p_ex": 2.7448211735055996, "prior": 1.7585883064841497, "rate": 7.439143560347198}, "datetime": {"datetime": "2024-06-12 22:02:20", "elapsed": 251.138576, "delta": 25.281392}}
{"target": -85.36379190589139, "params": {"p_ai": 2.2782293038456123, "p_al": 3.6391026574771796, "p_ex": 3.6565601918774444, "prior": 1.3748535165420894, "rate": 7.753027851181644}, "datetime": {"datetime": "2024-06-12 22:02:46", "elapsed": 277.206566, "delta": 26.06799}}
{"target": -116.13606676538275, "params": {"p_ai": 1.174065146547647, "p_al": 0.001, "p_ex": 10.0, "prior": 0.001, "rate": 3.6218176833930236}, "datetime": {"datetime": "2024-06-12 22:03:18", "elapsed": 308.69596, "delta": 31.489394}}
{"target": -83.95326412693596, "params": {"p_ai": 2.1706532597815635, "p_al": 1.3520788201308116, "p_ex": 3.617617748975283, "prior": 1.0098301033474395, "rate": 5.281560749602849}, "datetime": {"datetime": "2024-06-12 22:03:35", "elapsed": 325.934222, "delta": 17.238262}}
{"target": -100.2264973902744, "params": {"p_ai": 0.001, "p_al": 10.0, "p_ex": 8.254350372107112, "prior": 2.0102249764931344, "rate": 4.567055254858745}, "datetime": {"datetime": "2024-06-12 22:03:54", "elapsed": 344.585188, "delta": 18.650966}}
{"target": -92.81337232247886, "params": {"p_ai": 0.8626443493167939, "p_al": 4.437035838477882, "p_ex": 3.853203254175934, "prior": 1.3006434752416984, "rate": 6.61378289802681}, "datetime": {"datetime": "2024-06-12 22:04:10", "elapsed": 361.39534, "delta": 16.810152}}
{"target": -72.83179035640045, "params": {"p_ai": 3.4953562901285844, "p_al": 10.0, "p_ex": 10.0, "prior": 7.972525317096427, "rate": 8.379897374462399}, "datetime": {"datetime": "2024-06-12 22:04:27", "elapsed": 378.143812, "delta": 16.748472}}
{"target": -73.54348987763392, "params": {"p_ai": 3.3696430828983406, "p_al": 0.001, "p_ex": 10.0, "prior": 10.0, "rate": 6.968753672034447}, "datetime": {"datetime": "2024-06-12 22:04:45", "elapsed": 395.904499, "delta": 17.760687}}
{"target": -98.27519693398025, "params": {"p_ai": 0.8511683429613919, "p_al": 0.18303216008931283, "p_ex": 2.4386464594691586, "prior": 0.3351063010840403, "rate": 6.42694229245773}, "datetime": {"datetime": "2024-06-12 22:05:08", "elapsed": 419.144663, "delta": 23.240164}}
{"target": -73.24038971506741, "params": {"p_ai": 3.4757094049753157, "p_al": 0.001, "p_ex": 10.0, "prior": 7.0592754537717415, "rate": 7.5273708134373}, "datetime": {"datetime": "2024-06-12 22:05:25", "elapsed": 435.486812, "delta": 16.342149}}
{"target": -76.14117126783636, "params": {"p_ai": 4.083465410747284, "p_al": 0.001, "p_ex": 10.0, "prior": 2.4342157138485163, "rate": 0.9031674178131797}, "datetime": {"datetime": "2024-06-12 22:05:42", "elapsed": 453.004628, "delta": 17.517816}}
{"target": -73.18312199297468, "params": {"p_ai": 3.792907984716203, "p_al": 0.001, "p_ex": 10.0, "prior": 10.0, "rate": 10.0}, "datetime": {"datetime": "2024-06-12 22:06:00", "elapsed": 470.52866, "delta": 17.524032}}
{"target": -85.7413178954307, "params": {"p_ai": 0.8930857879279619, "p_al": 6.8493620047556405, "p_ex": 10.0, "prior": 3.3268090747489905, "rate": 10.0}, "datetime": {"datetime": "2024-06-12 22:06:29", "elapsed": 499.828791, "delta": 29.300131}}
{"target": -75.8297360896024, "params": {"p_ai": 4.724407470029662, "p_al": 2.437883302316589, "p_ex": 10.0, "prior": 10.0, "rate": 10.0}, "datetime": {"datetime": "2024-06-12 22:06:46", "elapsed": 517.204999, "delta": 17.376208}}
{"target": -77.23453692219852, "params": {"p_ai": 5.16861528572137, "p_al": 3.132378597165611, "p_ex": 9.66282026284616, "prior": 9.981502300467206, "rate": 7.237272562151917}, "datetime": {"datetime": "2024-06-12 22:07:08", "elapsed": 538.936405, "delta": 21.731406}}
{"target": -74.02404953671382, "params": {"p_ai": 3.5433055215800846, "p_al": 1.8659298735537555, "p_ex": 8.204662893196597, "prior": 9.944452669448964, "rate": 8.812449432870556}, "datetime": {"datetime": "2024-06-12 22:07:36", "elapsed": 566.528698, "delta": 27.592293}}
{"target": -95.90514658702809, "params": {"p_ai": 0.001, "p_al": 7.941478922734186, "p_ex": 7.501226143330828, "prior": 2.099419351997591, "rate": 10.0}, "datetime": {"datetime": "2024-06-12 22:08:00", "elapsed": 591.460545, "delta": 24.931847}}
{"target": -75.38008632931609, "params": {"p_ai": 2.428653454241593, "p_al": 4.124617061810268, "p_ex": 10.0, "prior": 6.2431243404294054, "rate": 10.0}, "datetime": {"datetime": "2024-06-12 22:08:34", "elapsed": 624.68497, "delta": 33.224425}}
{"target": -74.90308714080629, "params": {"p_ai": 4.64166368248257, "p_al": 3.4633983108886723, "p_ex": 10.0, "prior": 7.095021505210287, "rate": 4.2651356962472695}, "datetime": {"datetime": "2024-06-12 22:08:59", "elapsed": 650.215326, "delta": 25.530356}}
{"target": -87.7473233347072, "params": {"p_ai": 2.097836055499188, "p_al": 3.3132040163586525, "p_ex": 2.979450100808952, "prior": 1.7483964985320666, "rate": 10.0}, "datetime": {"datetime": "2024-06-12 22:09:17", "elapsed": 668.203326, "delta": 17.988}}
{"target": -72.90221816956368, "params": {"p_ai": 3.7108877065569477, "p_al": 8.213393506986222, "p_ex": 9.686055188792276, "prior": 9.920117951683636, "rate": 9.942713027732546}, "datetime": {"datetime": "2024-06-12 22:09:50", "elapsed": 700.726594, "delta": 32.523268}}
{"target": -74.53216486358485, "params": {"p_ai": 2.834853829453313, "p_al": 0.001, "p_ex": 10.0, "prior": 4.851226167706386, "rate": 5.656978372144098}, "datetime": {"datetime": "2024-06-12 22:10:15", "elapsed": 726.307426, "delta": 25.580832}}
