{"target": -798.9117829684429, "params": {"gamma": 4.647854040432997, "lr": 0.2343564434014873}, "datetime": {"datetime": "2024-06-13 17:05:04", "elapsed": 7.116632, "delta": 0.004987}}
{"target": -1629.8322007888826, "params": {"gamma": 7.27531136269942, "lr": 0.807191102024009}, "datetime": {"datetime": "2024-06-13 17:05:04", "elapsed": 7.121618, "delta": 0.004986}}
{"target": -1698.9205568582129, "params": {"gamma": 7.909964984873447, "lr": 0.7157485483912336}, "datetime": {"datetime": "2024-06-13 17:05:04", "elapsed": 7.125608, "delta": 0.00399}}
{"target": -517.9700450217903, "params": {"gamma": 2.6971628183640655, "lr": 0.21045779104067575}, "datetime": {"datetime": "2024-06-13 17:05:04", "elapsed": 7.130594, "delta": 0.004986}}
{"target": -214.1013786482244, "params": {"gamma": 1.092174154085908, "lr": 0.3966811014027529}, "datetime": {"datetime": "2024-06-13 17:05:04", "elapsed": 7.135581, "delta": 0.004987}}
{"target": -215.23284973787085, "params": {"gamma": 0.8735791351201521, "lr": 0.6553896564824753}, "datetime": {"datetime": "2024-06-13 17:05:04", "elapsed": 7.13957, "delta": 0.003989}}
{"target": -2056.136951901034, "params": {"gamma": 9.49833931470982, "lr": 0.755633280579152}, "datetime": {"datetime": "2024-06-13 17:05:04", "elapsed": 7.144557, "delta": 0.004987}}
{"target": -497.8509367950321, "params": {"gamma": 1.1698003792568261, "lr": 0.020481248718401956}, "datetime": {"datetime": "2024-06-13 17:05:04", "elapsed": 7.149544, "delta": 0.004987}}
{"target": -834.669052743592, "params": {"gamma": 3.349553409033682, "lr": 0.9928761567590365}, "datetime": {"datetime": "2024-06-13 17:05:04", "elapsed": 7.15453, "delta": 0.004986}}
{"target": -700.9008254087113, "params": {"gamma": 3.129004648022036, "lr": 0.7375077987941283}, "datetime": {"datetime": "2024-06-13 17:05:04", "elapsed": 7.159517, "delta": 0.004987}}
{"target": -1350.2692156318392, "params": {"gamma": 7.165577236537339, "lr": 0.5725575976952813}, "datetime": {"datetime": "2024-06-13 17:05:04", "elapsed": 7.164504, "delta": 0.004987}}
{"target": -693.716965543232, "params": {"gamma": 3.6770929306387004, "lr": 0.2082656940300881}, "datetime": {"datetime": "2024-06-13 17:05:04", "elapsed": 7.168493, "delta": 0.003989}}
{"target": -3777.474018422649, "params": {"gamma": 9.800012165219913, "lr": 0.06589377000512553}, "datetime": {"datetime": "2024-06-13 17:05:04", "elapsed": 7.17348, "delta": 0.004987}}
{"target": -388.10588548599594, "params": {"gamma": 2.363041291619063, "lr": 0.3088994705101167}, "datetime": {"datetime": "2024-06-13 17:05:04", "elapsed": 7.178467, "delta": 0.004987}}
{"target": -1968.9507234471587, "params": {"gamma": 9.09512403146957, "lr": 0.7133692630190983}, "datetime": {"datetime": "2024-06-13 17:05:04", "elapsed": 7.183453, "delta": 0.004986}}
{"target": -599.4001517335925, "params": {"gamma": 2.654453130529889, "lr": 0.16450130293866305}, "datetime": {"datetime": "2024-06-13 17:05:04", "elapsed": 7.18844, "delta": 0.004987}}
{"target": -1920.656525210271, "params": {"gamma": 8.805093637851785, "lr": 0.7937831324318396}, "datetime": {"datetime": "2024-06-13 17:05:04", "elapsed": 7.192429, "delta": 0.003989}}
{"target": -157.85830658013188, "params": {"gamma": 0.38483593233206737, "lr": 0.8793008435965847}, "datetime": {"datetime": "2024-06-13 17:05:04", "elapsed": 7.197416, "delta": 0.004987}}
{"target": -989.7491530779091, "params": {"gamma": 5.879809512359401, "lr": 0.4575371969863721}, "datetime": {"datetime": "2024-06-13 17:05:04", "elapsed": 7.202402, "delta": 0.004986}}
{"target": -2611.192077004661, "params": {"gamma": 6.73884491695568, "lr": 0.03944279853538757}, "datetime": {"datetime": "2024-06-13 17:05:04", "elapsed": 7.206392, "delta": 0.00399}}
{"target": -1279.2155033640022, "params": {"gamma": 3.303881713493146, "lr": 0.08804841780935202}, "datetime": {"datetime": "2024-06-13 17:05:04", "elapsed": 7.21138, "delta": 0.004988}}
{"target": -1065.0516516714142, "params": {"gamma": 6.836691010345723, "lr": 0.3980117152162973}, "datetime": {"datetime": "2024-06-13 17:05:04", "elapsed": 7.216366, "delta": 0.004986}}
{"target": -762.5461098981426, "params": {"gamma": 4.790061963647635, "lr": 0.2898033391923721}, "datetime": {"datetime": "2024-06-13 17:05:04", "elapsed": 7.221351, "delta": 0.004985}}
{"target": -3047.1586319406033, "params": {"gamma": 7.883156906603142, "lr": 0.046512682267751626}, "datetime": {"datetime": "2024-06-13 17:05:04", "elapsed": 7.226338, "delta": 0.004987}}
{"target": -544.0656950477272, "params": {"gamma": 2.811975337992219, "lr": 0.590595861758878}, "datetime": {"datetime": "2024-06-13 17:05:04", "elapsed": 7.230328, "delta": 0.00399}}
{"target": -1575.20303543066, "params": {"gamma": 7.901544890842957, "lr": 0.6015993359119542}, "datetime": {"datetime": "2024-06-13 17:05:04", "elapsed": 7.235314, "delta": 0.004986}}
{"target": -2826.9463144898696, "params": {"gamma": 7.305156197867701, "lr": 0.023527914877828127}, "datetime": {"datetime": "2024-06-13 17:05:04", "elapsed": 7.240301, "delta": 0.004987}}
{"target": -1016.9301268807945, "params": {"gamma": 2.5499809694961213, "lr": 0.04209175984237279}, "datetime": {"datetime": "2024-06-13 17:05:04", "elapsed": 7.24429, "delta": 0.003989}}
{"target": -1236.6259582503953, "params": {"gamma": 5.000623972289424, "lr": 0.9891402961407735}, "datetime": {"datetime": "2024-06-13 17:05:04", "elapsed": 7.249277, "delta": 0.004987}}
{"target": -142.27855763429736, "params": {"gamma": 0.1362915505440842, "lr": 0.4408790383372555}, "datetime": {"datetime": "2024-06-13 17:05:04", "elapsed": 7.254264, "delta": 0.004987}}
{"target": -143.8001970750072, "params": {"gamma": 0.0488593946407395, "lr": 0.6128886193293469}, "datetime": {"datetime": "2024-06-13 17:05:04", "elapsed": 7.258253, "delta": 0.003989}}
{"target": -418.80820923493394, "params": {"gamma": 1.8344039025545689, "lr": 0.7127417837905282}, "datetime": {"datetime": "2024-06-13 17:05:04", "elapsed": 7.26324, "delta": 0.004987}}
{"target": -385.08188817049745, "params": {"gamma": 1.5973254712175065, "lr": 0.8285756552303601}, "datetime": {"datetime": "2024-06-13 17:05:04", "elapsed": 7.268226, "delta": 0.004986}}
{"target": -343.20479038809736, "params": {"gamma": 2.0625754591785816, "lr": 0.35221627383195075}, "datetime": {"datetime": "2024-06-13 17:05:04", "elapsed": 7.272215, "delta": 0.003989}}
{"target": -532.1985770348026, "params": {"gamma": 2.3065541407607677, "lr": 0.8076844924516463}, "datetime": {"datetime": "2024-06-13 17:05:04", "elapsed": 7.276589, "delta": 0.004374}}
{"target": -1154.3403510479627, "params": {"gamma": 4.903209285941475, "lr": 0.8738335058866241}, "datetime": {"datetime": "2024-06-13 17:05:04", "elapsed": 7.281576, "delta": 0.004987}}
{"target": -254.74298304606123, "params": {"gamma": 1.3017296410083459, "lr": 0.4989581103650381}, "datetime": {"datetime": "2024-06-13 17:05:04", "elapsed": 7.286563, "delta": 0.004987}}
{"target": -1912.2030976277445, "params": {"gamma": 7.766359726186858, "lr": 0.9812101687911365}, "datetime": {"datetime": "2024-06-13 17:05:04", "elapsed": 7.290552, "delta": 0.003989}}
{"target": -1312.5169117458115, "params": {"gamma": 6.734103924215217, "lr": 0.18300117978695374}, "datetime": {"datetime": "2024-06-13 17:05:04", "elapsed": 7.295539, "delta": 0.004987}}
{"target": -2938.5048463230028, "params": {"gamma": 7.597969782524479, "lr": 0.07463521512286109}, "datetime": {"datetime": "2024-06-13 17:05:04", "elapsed": 7.300525, "delta": 0.004986}}
{"target": -1730.976134384096, "params": {"gamma": 7.62796186474408, "lr": 0.8278152309219722}, "datetime": {"datetime": "2024-06-13 17:05:04", "elapsed": 7.304515, "delta": 0.00399}}
{"target": -942.5688814495942, "params": {"gamma": 5.592537951402159, "lr": 0.49272082980822784}, "datetime": {"datetime": "2024-06-13 17:05:04", "elapsed": 7.309502, "delta": 0.004987}}
{"target": -3611.8636526611144, "params": {"gamma": 9.36533769934676, "lr": 9.695068767479054e-05}, "datetime": {"datetime": "2024-06-13 17:05:04", "elapsed": 7.314488, "delta": 0.004986}}
{"target": -142.4241303042808, "params": {"gamma": 0.0966593768907281, "lr": 0.25195142314544017}, "datetime": {"datetime": "2024-06-13 17:05:04", "elapsed": 7.319475, "delta": 0.004987}}
{"target": -946.121987354044, "params": {"gamma": 5.057258956122923, "lr": 0.5404166504960898}, "datetime": {"datetime": "2024-06-13 17:05:04", "elapsed": 7.323464, "delta": 0.003989}}
{"target": -597.6445979410285, "params": {"gamma": 3.7135529478230405, "lr": 0.29271137519518675}, "datetime": {"datetime": "2024-06-13 17:05:04", "elapsed": 7.328451, "delta": 0.004987}}
{"target": -471.24948996052973, "params": {"gamma": 2.0244710973929743, "lr": 0.8002818943961242}, "datetime": {"datetime": "2024-06-13 17:05:04", "elapsed": 7.333437, "delta": 0.004986}}
{"target": -544.8874348771486, "params": {"gamma": 3.159913122914842, "lr": 0.492467985547119}, "datetime": {"datetime": "2024-06-13 17:05:04", "elapsed": 7.337427, "delta": 0.00399}}
{"target": -1616.9741354210885, "params": {"gamma": 8.11309762614833, "lr": 0.6123589424601151}, "datetime": {"datetime": "2024-06-13 17:05:04", "elapsed": 7.342413, "delta": 0.004986}}
{"target": -863.5183669503663, "params": {"gamma": 4.086676353275073, "lr": 0.17690422236042747}, "datetime": {"datetime": "2024-06-13 17:05:04", "elapsed": 7.3474, "delta": 0.004987}}
{"target": -677.8546984017293, "params": {"gamma": 3.977123246381154, "lr": 0.48521265373011824}, "datetime": {"datetime": "2024-06-13 17:05:04", "elapsed": 7.352387, "delta": 0.004987}}
{"target": -1521.5553083061043, "params": {"gamma": 9.905855341048484, "lr": 0.28419507592058557}, "datetime": {"datetime": "2024-06-13 17:05:04", "elapsed": 7.356376, "delta": 0.003989}}
{"target": -336.9309751891164, "params": {"gamma": 1.6572311251158391, "lr": 0.22057551351544413}, "datetime": {"datetime": "2024-06-13 17:05:04", "elapsed": 7.361364, "delta": 0.004988}}
{"target": -852.4128555461762, "params": {"gamma": 2.115461976224172, "lr": 0.07604769057476157}, "datetime": {"datetime": "2024-06-13 17:05:04", "elapsed": 7.366349, "delta": 0.004985}}
{"target": -575.6138575214699, "params": {"gamma": 3.6497120765361126, "lr": 0.28473402479064247}, "datetime": {"datetime": "2024-06-13 17:05:04", "elapsed": 7.370339, "delta": 0.00399}}
{"target": -1935.9707771647504, "params": {"gamma": 8.876000332641663, "lr": 0.780259609956419}, "datetime": {"datetime": "2024-06-13 17:05:04", "elapsed": 7.375328, "delta": 0.004989}}
{"target": -281.9556043179186, "params": {"gamma": 1.09154050351661, "lr": 0.8505034953674093}, "datetime": {"datetime": "2024-06-13 17:05:04", "elapsed": 7.37988, "delta": 0.004552}}
{"target": -268.59880960640567, "params": {"gamma": 1.0968764704846565, "lr": 0.7202077467752445}, "datetime": {"datetime": "2024-06-13 17:05:04", "elapsed": 7.384867, "delta": 0.004987}}
{"target": -2197.7574770093756, "params": {"gamma": 5.728670154913063, "lr": 0.08680838426747961}, "datetime": {"datetime": "2024-06-13 17:05:04", "elapsed": 7.389853, "delta": 0.004986}}
{"target": -2118.7990769434064, "params": {"gamma": 9.053375032737591, "lr": 0.8745665148853765}, "datetime": {"datetime": "2024-06-13 17:05:04", "elapsed": 7.39484, "delta": 0.004987}}
{"target": -1254.2789910815318, "params": {"gamma": 8.438673461887907, "lr": 0.3695673551173151}, "datetime": {"datetime": "2024-06-13 17:05:04", "elapsed": 7.398829, "delta": 0.003989}}
{"target": -564.6724018762044, "params": {"gamma": 2.2302911723421603, "lr": 0.9971116548587963}, "datetime": {"datetime": "2024-06-13 17:05:04", "elapsed": 7.403816, "delta": 0.004987}}
{"target": -3157.802703228596, "params": {"gamma": 8.17356631642956, "lr": 0.042128160628106315}, "datetime": {"datetime": "2024-06-13 17:05:04", "elapsed": 7.408395, "delta": 0.004579}}
{"target": -845.0523911913722, "params": {"gamma": 3.733405500770418, "lr": 0.8121869757489847}, "datetime": {"datetime": "2024-06-13 17:05:04", "elapsed": 7.413379, "delta": 0.004984}}
{"target": -904.571143274541, "params": {"gamma": 5.284318582532073, "lr": 0.24713082560012845}, "datetime": {"datetime": "2024-06-13 17:05:04", "elapsed": 7.417368, "delta": 0.003989}}
{"target": -1222.1268811449322, "params": {"gamma": 7.9290864165444885, "lr": 0.2617510439444676}, "datetime": {"datetime": "2024-06-13 17:05:04", "elapsed": 7.422354, "delta": 0.004986}}
{"target": -146.71969117835437, "params": {"gamma": 0.00498340216746315, "lr": 0.23131891895573253}, "datetime": {"datetime": "2024-06-13 17:05:04", "elapsed": 7.426946, "delta": 0.004592}}
{"target": -1979.3880242188568, "params": {"gamma": 9.933709519335848, "lr": 0.6562008343421062}, "datetime": {"datetime": "2024-06-13 17:05:04", "elapsed": 7.431933, "delta": 0.004987}}
{"target": -492.0815085053082, "params": {"gamma": 2.20746055274965, "lr": 0.6861397019787449}, "datetime": {"datetime": "2024-06-13 17:05:04", "elapsed": 7.436919, "delta": 0.004986}}
{"target": -1372.8793353845426, "params": {"gamma": 6.8696820453199665, "lr": 0.640742769936858}, "datetime": {"datetime": "2024-06-13 17:05:04", "elapsed": 7.441906, "delta": 0.004987}}
{"target": -181.1014996080802, "params": {"gamma": 0.7064146187020427, "lr": 0.2429641169892971}, "datetime": {"datetime": "2024-06-13 17:05:04", "elapsed": 7.445896, "delta": 0.00399}}
{"target": -1912.8317062615176, "params": {"gamma": 8.708501091076558, "lr": 0.7347408193015217}, "datetime": {"datetime": "2024-06-13 17:05:04", "elapsed": 7.450882, "delta": 0.004986}}
{"target": -293.5960817043767, "params": {"gamma": 1.6789922438348501, "lr": 0.29858946127654595}, "datetime": {"datetime": "2024-06-13 17:05:04", "elapsed": 7.455869, "delta": 0.004987}}
{"target": -1281.2153603715135, "params": {"gamma": 5.627657565327734, "lr": 0.826445766022829}, "datetime": {"datetime": "2024-06-13 17:05:04", "elapsed": 7.460855, "delta": 0.004986}}
{"target": -696.6726390958447, "params": {"gamma": 2.0059625473387035, "lr": 0.10166529365348886}, "datetime": {"datetime": "2024-06-13 17:05:04", "elapsed": 7.464845, "delta": 0.00399}}
{"target": -944.8569949198331, "params": {"gamma": 3.8193070270168987, "lr": 0.912353469252759}, "datetime": {"datetime": "2024-06-13 17:05:04", "elapsed": 7.469831, "delta": 0.004986}}
{"target": -895.3831185183416, "params": {"gamma": 2.605874679054985, "lr": 0.10830435271308025}, "datetime": {"datetime": "2024-06-13 17:05:04", "elapsed": 7.474821, "delta": 0.00499}}
{"target": -157.9912222173514, "params": {"gamma": 0.56037370979255, "lr": 0.3516705558700568}, "datetime": {"datetime": "2024-06-13 17:05:04", "elapsed": 7.47881, "delta": 0.003989}}
{"target": -150.53914900331316, "params": {"gamma": 0.37723182573995767, "lr": 0.583033921230445}, "datetime": {"datetime": "2024-06-13 17:05:04", "elapsed": 7.483802, "delta": 0.004992}}
{"target": -1128.7837295916238, "params": {"gamma": 6.725895546392632, "lr": 0.46048358998473815}, "datetime": {"datetime": "2024-06-13 17:05:04", "elapsed": 7.488786, "delta": 0.004984}}
{"target": -1376.5115419421725, "params": {"gamma": 7.411427420391562, "lr": 0.5010249644140818}, "datetime": {"datetime": "2024-06-13 17:05:04", "elapsed": 7.492775, "delta": 0.003989}}
{"target": -1193.8614553516238, "params": {"gamma": 7.023823855740785, "lr": 0.2306409059229675}, "datetime": {"datetime": "2024-06-13 17:05:04", "elapsed": 7.496988, "delta": 0.004213}}
{"target": -1382.9053507216086, "params": {"gamma": 7.446379482205204, "lr": 0.5016372020053996}, "datetime": {"datetime": "2024-06-13 17:05:04", "elapsed": 7.501974, "delta": 0.004986}}
{"target": -1193.2987239272818, "params": {"gamma": 7.053982930260369, "lr": 0.44669779031638923}, "datetime": {"datetime": "2024-06-13 17:05:04", "elapsed": 7.506961, "delta": 0.004987}}
{"target": -1971.6199054797078, "params": {"gamma": 5.059900155144239, "lr": 0.04153518297857339}, "datetime": {"datetime": "2024-06-13 17:05:04", "elapsed": 7.51095, "delta": 0.003989}}
{"target": -1228.873737967696, "params": {"gamma": 4.893603596752043, "lr": 0.14228750219732444}, "datetime": {"datetime": "2024-06-13 17:05:04", "elapsed": 7.515936, "delta": 0.004986}}
{"target": -274.13467762987443, "params": {"gamma": 1.425815973998472, "lr": 0.43335040255954493}, "datetime": {"datetime": "2024-06-13 17:05:04", "elapsed": 7.520923, "delta": 0.004987}}
{"target": -891.9075943394888, "params": {"gamma": 5.762571683469249, "lr": 0.343048695191552}, "datetime": {"datetime": "2024-06-13 17:05:04", "elapsed": 7.52591, "delta": 0.004987}}
{"target": -376.3648087760743, "params": {"gamma": 1.6057554110518168, "lr": 0.7414104169799515}, "datetime": {"datetime": "2024-06-13 17:05:04", "elapsed": 7.530897, "delta": 0.004987}}
{"target": -2113.457217771446, "params": {"gamma": 9.630952636256579, "lr": 0.7336422859505056}, "datetime": {"datetime": "2024-06-13 17:05:04", "elapsed": 7.534886, "delta": 0.003989}}
{"target": -218.89646467449438, "params": {"gamma": 0.7715652507427674, "lr": 0.8409081581252351}, "datetime": {"datetime": "2024-06-13 17:05:04", "elapsed": 7.539873, "delta": 0.004987}}
{"target": -174.83969723017287, "params": {"gamma": 0.6760729900832833, "lr": 0.4363120485992489}, "datetime": {"datetime": "2024-06-13 17:05:04", "elapsed": 7.54486, "delta": 0.004987}}
{"target": -1428.0660400040108, "params": {"gamma": 9.288699130413471, "lr": 0.26318010363654454}, "datetime": {"datetime": "2024-06-13 17:05:04", "elapsed": 7.549845, "delta": 0.004985}}
{"target": -306.83894803374415, "params": {"gamma": 1.2804037657560603, "lr": 0.7622387720608016}, "datetime": {"datetime": "2024-06-13 17:05:04", "elapsed": 7.553846, "delta": 0.004001}}
{"target": -1431.8379687795884, "params": {"gamma": 9.286152605869912, "lr": 0.32576842070431766}, "datetime": {"datetime": "2024-06-13 17:05:04", "elapsed": 7.558825, "delta": 0.004979}}
{"target": -473.5724473087972, "params": {"gamma": 2.3253485203555204, "lr": 0.1824854764117131}, "datetime": {"datetime": "2024-06-13 17:05:04", "elapsed": 7.562814, "delta": 0.003989}}
{"target": -1808.9886755057266, "params": {"gamma": 9.632391991118075, "lr": 0.5766346346502746}, "datetime": {"datetime": "2024-06-13 17:05:04", "elapsed": 7.567803, "delta": 0.004989}}
{"target": -1328.0554331167086, "params": {"gamma": 8.601017631330931, "lr": 0.3083449860518661}, "datetime": {"datetime": "2024-06-13 17:05:04", "elapsed": 7.57279, "delta": 0.004987}}
{"target": -163.6904916524476, "params": {"gamma": 0.5653078671540508, "lr": 0.45380418511530174}, "datetime": {"datetime": "2024-06-13 17:05:04", "elapsed": 7.577649, "delta": 0.004859}}
{"target": -406.0102629837904, "params": {"gamma": 2.0718938489778145, "lr": 0.5189836643290452}, "datetime": {"datetime": "2024-06-13 17:05:04", "elapsed": 7.581639, "delta": 0.00399}}
{"target": -853.2247430917437, "params": {"gamma": 5.3803383685417385, "lr": 0.2942882172433129}, "datetime": {"datetime": "2024-06-13 17:05:04", "elapsed": 7.586245, "delta": 0.004606}}
{"target": -1216.3194954543196, "params": {"gamma": 3.0752313679559293, "lr": 0.024173672214832798}, "datetime": {"datetime": "2024-06-13 17:05:04", "elapsed": 7.591231, "delta": 0.004986}}
{"target": -662.923862220255, "params": {"gamma": 4.204599737289876, "lr": 0.3236894136587639}, "datetime": {"datetime": "2024-06-13 17:05:04", "elapsed": 7.596218, "delta": 0.004987}}
{"target": -1454.440502857968, "params": {"gamma": 6.1952817624864025, "lr": 0.8597630666919952}, "datetime": {"datetime": "2024-06-13 17:05:04", "elapsed": 7.601204, "delta": 0.004986}}
{"target": -1920.97001118869, "params": {"gamma": 4.926911767488365, "lr": 0.0827082980318894}, "datetime": {"datetime": "2024-06-13 17:05:04", "elapsed": 7.605194, "delta": 0.00399}}
{"target": -2086.9476863659092, "params": {"gamma": 9.334871102884591, "lr": 0.8083269668547564}, "datetime": {"datetime": "2024-06-13 17:05:04", "elapsed": 7.61018, "delta": 0.004986}}
{"target": -580.3598663562108, "params": {"gamma": 3.6558227125345977, "lr": 0.3307289110251447}, "datetime": {"datetime": "2024-06-13 17:05:04", "elapsed": 7.615167, "delta": 0.004987}}
{"target": -1391.1107171145536, "params": {"gamma": 9.379402853367585, "lr": 0.37489434056111615}, "datetime": {"datetime": "2024-06-13 17:05:04", "elapsed": 7.619157, "delta": 0.00399}}
{"target": -1568.1450917376671, "params": {"gamma": 6.358386384013082, "lr": 0.9853443380985734}, "datetime": {"datetime": "2024-06-13 17:05:04", "elapsed": 7.624143, "delta": 0.004986}}
{"target": -144.26616984878805, "params": {"gamma": 0.36836090554034395, "lr": 0.3146309781487783}, "datetime": {"datetime": "2024-06-13 17:05:04", "elapsed": 7.62913, "delta": 0.004987}}
{"target": -584.5048328085977, "params": {"gamma": 2.313125983692789, "lr": 0.9223654191512636}, "datetime": {"datetime": "2024-06-13 17:05:04", "elapsed": 7.63312, "delta": 0.00399}}
{"target": -2143.752379349974, "params": {"gamma": 5.511816168783595, "lr": 0.05371353840991677}, "datetime": {"datetime": "2024-06-13 17:05:04", "elapsed": 7.638106, "delta": 0.004986}}
{"target": -1623.0396368462966, "params": {"gamma": 7.552727246484496, "lr": 0.6840838213346168}, "datetime": {"datetime": "2024-06-13 17:05:04", "elapsed": 7.643092, "delta": 0.004986}}
{"target": -1632.5683134676683, "params": {"gamma": 6.622078860248277, "lr": 0.9557287749268826}, "datetime": {"datetime": "2024-06-13 17:05:04", "elapsed": 7.648079, "delta": 0.004987}}
{"target": -1894.8048515534097, "params": {"gamma": 8.746141385554216, "lr": 0.7532514851657419}, "datetime": {"datetime": "2024-06-13 17:05:04", "elapsed": 7.653066, "delta": 0.004987}}
{"target": -574.293524892312, "params": {"gamma": 2.2274368777620133, "lr": 0.13801496204321861}, "datetime": {"datetime": "2024-06-13 17:05:04", "elapsed": 7.657055, "delta": 0.003989}}
{"target": -431.9455449455481, "params": {"gamma": 2.2096624750777165, "lr": 0.2055098610936521}, "datetime": {"datetime": "2024-06-13 17:05:04", "elapsed": 7.662042, "delta": 0.004987}}
