{"target": -232.26881606344665, "params": {"p_ai": 4.634748122750124, "p_al": 5.099229852311732, "p_ex": 5.116287316757662, "prior": 9.971390854869842, "rate": 1.296828576884128}, "datetime": {"datetime": "2024-06-13 13:32:31", "elapsed": 64.241117, "delta": 0.111812}}
{"target": -347.21390066794714, "params": {"p_ai": 7.561942713988967, "p_al": 7.937773715501701, "p_ex": 5.849241105106437, "prior": 4.627919064512984, "rate": 8.934372946865443}, "datetime": {"datetime": "2024-06-13 13:32:31", "elapsed": 64.35405, "delta": 0.112933}}
{"target": -401.87829620276574, "params": {"p_ai": 8.281974010512174, "p_al": 0.5038590693510084, "p_ex": 9.629874547125452, "prior": 0.07439157764468438, "rate": 5.731748914634736}, "datetime": {"datetime": "2024-06-13 13:32:31", "elapsed": 64.47623, "delta": 0.12218}}
{"target": -367.59986423834084, "params": {"p_ai": 5.7247357384538, "p_al": 8.343962268240377, "p_ex": 3.8477759631858306, "prior": 0.911317649590776, "rate": 5.81729100641988}, "datetime": {"datetime": "2024-06-13 13:32:31", "elapsed": 64.595032, "delta": 0.118802}}
{"target": -155.59841496252994, "params": {"p_ai": 0.24943375777694893, "p_al": 3.618595813310707, "p_ex": 9.853182704051143, "prior": 8.687919916680645, "rate": 1.525814920870293}, "datetime": {"datetime": "2024-06-13 13:32:31", "elapsed": 64.707731, "delta": 0.112699}}
{"target": -378.46448429479506, "params": {"p_ai": 7.988462064471767, "p_al": 8.110158197295846, "p_ex": 9.282143984052633, "prior": 2.2446182761738016, "rate": 4.990175777525101}, "datetime": {"datetime": "2024-06-13 13:32:31", "elapsed": 64.818435, "delta": 0.110704}}
{"target": -367.9419461103039, "params": {"p_ai": 8.274613470019348, "p_al": 6.673670516196978, "p_ex": 5.939767497694312, "prior": 6.520106231886649, "rate": 2.385921611977331}, "datetime": {"datetime": "2024-06-13 13:32:31", "elapsed": 64.931256, "delta": 0.112821}}
{"target": -151.5621128267545, "params": {"p_ai": 0.2563753086730316, "p_al": 7.362836317207894, "p_ex": 3.268591461483445, "prior": 3.7681921123145443, "rate": 6.126547925441392}, "datetime": {"datetime": "2024-06-13 13:32:31", "elapsed": 65.042926, "delta": 0.11167}}
{"target": -282.56353071131326, "params": {"p_ai": 6.571993258592808, "p_al": 2.0297861073278014, "p_ex": 8.260489346916343, "prior": 3.802685845849549, "rate": 6.317812340605414}, "datetime": {"datetime": "2024-06-13 13:32:32", "elapsed": 65.154628, "delta": 0.111702}}
{"target": -431.67754718308066, "params": {"p_ai": 9.664147745107453, "p_al": 5.648297566431096, "p_ex": 3.58975250674678, "prior": 6.1900821172926825, "rate": 5.018429387513632}, "datetime": {"datetime": "2024-06-13 13:32:32", "elapsed": 65.266328, "delta": 0.1117}}
{"target": -226.44641524969103, "params": {"p_ai": 4.524310101530738, "p_al": 7.32297507682793, "p_ex": 9.245176989691043, "prior": 4.793234881420612, "rate": 0.8832132798499579}, "datetime": {"datetime": "2024-06-13 13:32:32", "elapsed": 65.378427, "delta": 0.112099}}
{"target": -305.55404117756854, "params": {"p_ai": 5.696965913284056, "p_al": 2.450263600293229, "p_ex": 0.3967395368422162, "prior": 7.881613926230188, "rate": 2.728409598411216}, "datetime": {"datetime": "2024-06-13 13:32:32", "elapsed": 65.491126, "delta": 0.112699}}
{"target": -402.44558717527536, "params": {"p_ai": 7.7709278589308965, "p_al": 4.882601221938961, "p_ex": 3.1800409748600784, "prior": 3.1409404750589167, "rate": 0.42120557610105835}, "datetime": {"datetime": "2024-06-13 13:32:32", "elapsed": 65.6031, "delta": 0.111974}}
{"target": -372.47592446242135, "params": {"p_ai": 5.344463969208603, "p_al": 8.235692008411606, "p_ex": 0.8398696296412803, "prior": 1.0864784973815673, "rate": 5.293030012750302}, "datetime": {"datetime": "2024-06-13 13:32:32", "elapsed": 65.715268, "delta": 0.112168}}
{"target": -473.99458552838826, "params": {"p_ai": 6.601757954426345, "p_al": 6.947765177374281, "p_ex": 3.1329037297737132, "prior": 0.37873998028565886, "rate": 4.146214234044257}, "datetime": {"datetime": "2024-06-13 13:32:32", "elapsed": 65.828473, "delta": 0.113205}}
{"target": -150.74817016216574, "params": {"p_ai": 2.2612156645820662, "p_al": 0.012147187693814215, "p_ex": 6.857480005685141, "prior": 9.520673328006277, "rate": 3.9121264535897473}, "datetime": {"datetime": "2024-06-13 13:32:32", "elapsed": 65.940003, "delta": 0.11153}}
{"target": -168.4756105778062, "params": {"p_ai": 3.0036839952852596, "p_al": 5.537964374290343, "p_ex": 8.519910604390748, "prior": 7.9498792795045405, "rate": 6.847882293080787}, "datetime": {"datetime": "2024-06-13 13:32:32", "elapsed": 66.052336, "delta": 0.112333}}
{"target": -261.448752479035, "params": {"p_ai": 4.321638805905765, "p_al": 6.904649764523284, "p_ex": 2.161037487164819, "prior": 2.8401504350246216, "rate": 7.778428288392944}, "datetime": {"datetime": "2024-06-13 13:32:33", "elapsed": 66.164036, "delta": 0.1117}}
{"target": -523.885103149784, "params": {"p_ai": 9.299871383327218, "p_al": 1.9013049866632814, "p_ex": 2.9613368308929076, "prior": 0.06309646163797043, "rate": 4.316190890558737}, "datetime": {"datetime": "2024-06-13 13:32:33", "elapsed": 66.276735, "delta": 0.112699}}
{"target": -261.05143613990515, "params": {"p_ai": 2.103740422454257, "p_al": 6.414606400753661, "p_ex": 7.096182567565407, "prior": 1.188658366270452, "rate": 0.8223578763172843}, "datetime": {"datetime": "2024-06-13 13:32:33", "elapsed": 66.38899, "delta": 0.112255}}
{"target": -385.49364856853464, "params": {"p_ai": 9.063444360733778, "p_al": 3.8929983086548985, "p_ex": 5.334501569162878, "prior": 9.632452407571792, "rate": 7.590781068151137}, "datetime": {"datetime": "2024-06-13 13:32:33", "elapsed": 66.504783, "delta": 0.115793}}
{"target": -183.36324115436224, "params": {"p_ai": 3.256077435692296, "p_al": 0.8594071619018152, "p_ex": 5.360704142867423, "prior": 3.3619183039303744, "rate": 0.21783235985649294}, "datetime": {"datetime": "2024-06-13 13:32:33", "elapsed": 66.61712, "delta": 0.112337}}
{"target": -334.86704520910564, "params": {"p_ai": 7.711752180204535, "p_al": 3.849706389409975, "p_ex": 5.713640179437297, "prior": 7.557672815106508, "rate": 9.408533351590556}, "datetime": {"datetime": "2024-06-13 13:32:33", "elapsed": 66.729819, "delta": 0.112699}}
{"target": -354.872981737101, "params": {"p_ai": 6.123611064507542, "p_al": 3.1546463916226513, "p_ex": 1.1016550019623323, "prior": 0.7401149602248109, "rate": 3.197588047953422}, "datetime": {"datetime": "2024-06-13 13:32:33", "elapsed": 66.841521, "delta": 0.111702}}
{"target": -434.2580552905177, "params": {"p_ai": 6.608730550421095, "p_al": 6.9518254952121765, "p_ex": 2.0779726825898135, "prior": 0.8288765899448861, "rate": 3.055801102199025}, "datetime": {"datetime": "2024-06-13 13:32:33", "elapsed": 66.953222, "delta": 0.111701}}
{"target": -286.5869021266057, "params": {"p_ai": 5.476198023985873, "p_al": 7.546942075074172, "p_ex": 5.297043548379857, "prior": 2.8705505437179983, "rate": 6.242173052915846}, "datetime": {"datetime": "2024-06-13 13:32:33", "elapsed": 67.065429, "delta": 0.112207}}
{"target": -165.4742253681588, "params": {"p_ai": 2.649101715106782, "p_al": 6.527276450430897, "p_ex": 8.419138180259552, "prior": 6.389839255863949, "rate": 5.656749058298363}, "datetime": {"datetime": "2024-06-13 13:32:34", "elapsed": 67.191939, "delta": 0.12651}}
{"target": -170.8603158223653, "params": {"p_ai": 3.072113950599342, "p_al": 8.767893622339674, "p_ex": 9.888230025288278, "prior": 7.775016832668201, "rate": 5.736864931846622}, "datetime": {"datetime": "2024-06-13 13:32:34", "elapsed": 67.306632, "delta": 0.114693}}
{"target": -156.711211780651, "params": {"p_ai": 1.4136520470773757, "p_al": 3.1499752949036433, "p_ex": 3.669226326593246, "prior": 2.9196603150536307, "rate": 4.46008219467453}, "datetime": {"datetime": "2024-06-13 13:32:34", "elapsed": 67.420327, "delta": 0.113695}}
{"target": -313.6742432434443, "params": {"p_ai": 6.106714536159591, "p_al": 2.129932990561121, "p_ex": 2.4983477831127514, "prior": 1.1223926817277465, "rate": 3.07657830315885}, "datetime": {"datetime": "2024-06-13 13:32:34", "elapsed": 67.546553, "delta": 0.126226}}
{"target": -207.19594856951636, "params": {"p_ai": 4.9749853375678486, "p_al": 4.898588039316173, "p_ex": 9.955776541252115, "prior": 9.811104522073206, "rate": 4.366191154039751}, "datetime": {"datetime": "2024-06-13 13:32:34", "elapsed": 67.666234, "delta": 0.119681}}
{"target": -412.35185710940357, "params": {"p_ai": 9.720234197281384, "p_al": 2.1447646438539647, "p_ex": 5.411667740203425, "prior": 4.534899709382847, "rate": 9.67612136622795}, "datetime": {"datetime": "2024-06-13 13:32:34", "elapsed": 67.777935, "delta": 0.111701}}
{"target": -376.56536217496955, "params": {"p_ai": 8.361926055130448, "p_al": 2.142255100882632, "p_ex": 4.395951482451757, "prior": 1.685601239492825, "rate": 5.29134301734205}, "datetime": {"datetime": "2024-06-13 13:32:34", "elapsed": 67.890637, "delta": 0.112702}}
{"target": -364.73677197247406, "params": {"p_ai": 7.935053256996167, "p_al": 0.35975561051120136, "p_ex": 1.9143974164796644, "prior": 9.77457818836577, "rate": 9.608012262900427}, "datetime": {"datetime": "2024-06-13 13:32:34", "elapsed": 68.004333, "delta": 0.113696}}
{"target": -282.53842767769333, "params": {"p_ai": 5.566359999361917, "p_al": 6.461261124237896, "p_ex": 2.7216580499184504, "prior": 9.520958766042686, "rate": 6.698078288466073}, "datetime": {"datetime": "2024-06-13 13:32:35", "elapsed": 68.115903, "delta": 0.11157}}
{"target": -270.3771377511806, "params": {"p_ai": 6.6684131433924785, "p_al": 0.11202223036585872, "p_ex": 8.529845528647078, "prior": 7.78348386058334, "rate": 6.849555045051163}, "datetime": {"datetime": "2024-06-13 13:32:35", "elapsed": 68.227799, "delta": 0.111896}}
{"target": -336.3006372613445, "params": {"p_ai": 7.4080773483828315, "p_al": 1.5665676735591734, "p_ex": 7.188031753433652, "prior": 0.9690872885214075, "rate": 7.069787530938304}, "datetime": {"datetime": "2024-06-13 13:32:35", "elapsed": 68.340247, "delta": 0.112448}}
{"target": -159.0432111615313, "params": {"p_ai": 0.027315329458906884, "p_al": 7.76228166881635, "p_ex": 4.916080290630613, "prior": 2.044664276112351, "rate": 7.292736897839507}, "datetime": {"datetime": "2024-06-13 13:32:35", "elapsed": 68.451952, "delta": 0.111705}}
{"target": -211.78984449003835, "params": {"p_ai": 3.1572256636998253, "p_al": 8.83829208238512, "p_ex": 1.803155018796988, "prior": 9.385567992205967, "rate": 9.707530730383564}, "datetime": {"datetime": "2024-06-13 13:32:35", "elapsed": 68.56382, "delta": 0.111868}}
{"target": -189.3544106354648, "params": {"p_ai": 3.0455479552792557, "p_al": 8.625001510643305, "p_ex": 8.421949009551232, "prior": 4.246702488235933, "rate": 3.637480394119995}, "datetime": {"datetime": "2024-06-13 13:32:35", "elapsed": 68.675521, "delta": 0.111701}}
{"target": -204.40218234836718, "params": {"p_ai": 2.825092294877215, "p_al": 9.93237460787099, "p_ex": 2.5582545184920447, "prior": 9.206835301993463, "rate": 4.283923802383466}, "datetime": {"datetime": "2024-06-13 13:32:35", "elapsed": 68.787225, "delta": 0.111704}}
{"target": -448.76380968938867, "params": {"p_ai": 9.354334696401745, "p_al": 8.38860949714763, "p_ex": 1.5586174788295128, "prior": 5.743259260154481, "rate": 6.7353566438421755}, "datetime": {"datetime": "2024-06-13 13:32:35", "elapsed": 68.898926, "delta": 0.111701}}
{"target": -216.37893807055895, "params": {"p_ai": 4.058798239584453, "p_al": 0.04976556777778367, "p_ex": 3.2539879663598352, "prior": 8.389610534784513, "rate": 0.629176978192477}, "datetime": {"datetime": "2024-06-13 13:32:35", "elapsed": 69.011134, "delta": 0.112208}}
{"target": -153.16790820006128, "params": {"p_ai": 1.0550920446467325, "p_al": 7.0181716777726475, "p_ex": 5.142068519294122, "prior": 4.9821700831201285, "rate": 3.736723579545134}, "datetime": {"datetime": "2024-06-13 13:32:36", "elapsed": 69.12334, "delta": 0.112206}}
{"target": -310.9115799709008, "params": {"p_ai": 6.035532653096519, "p_al": 8.514836200003508, "p_ex": 2.7699536416334585, "prior": 8.447768867073506, "rate": 4.166774866572612}, "datetime": {"datetime": "2024-06-13 13:32:36", "elapsed": 69.235022, "delta": 0.111682}}
{"target": -265.9657444155944, "params": {"p_ai": 5.010339139927012, "p_al": 7.296504162303235, "p_ex": 2.5879583533585664, "prior": 9.216447549642744, "rate": 7.020992572824255}, "datetime": {"datetime": "2024-06-13 13:32:36", "elapsed": 69.348718, "delta": 0.113696}}
{"target": -284.3459941208462, "params": {"p_ai": 6.189685300551793, "p_al": 2.7308153642818653, "p_ex": 6.958788715138101, "prior": 2.5728902697861002, "rate": 8.164710250604447}, "datetime": {"datetime": "2024-06-13 13:32:36", "elapsed": 69.467401, "delta": 0.118683}}
{"target": -145.00733175258563, "params": {"p_ai": 0.11571307777403769, "p_al": 1.6662098984717895, "p_ex": 5.578732058631829, "prior": 7.12309771502542, "rate": 4.925314058477191}, "datetime": {"datetime": "2024-06-13 13:32:36", "elapsed": 69.580286, "delta": 0.112885}}
{"target": -400.3249368859579, "params": {"p_ai": 8.77821720529802, "p_al": 9.758723505691574, "p_ex": 4.643306398374889, "prior": 7.680101807848576, "rate": 4.9482265662014395}, "datetime": {"datetime": "2024-06-13 13:32:36", "elapsed": 69.693982, "delta": 0.113696}}
{"target": -328.0657407402599, "params": {"p_ai": 6.651322684579871, "p_al": 2.2495249246936897, "p_ex": 1.0963076304454686, "prior": 9.790110366804328, "rate": 8.150131602400142}, "datetime": {"datetime": "2024-06-13 13:32:36", "elapsed": 69.807678, "delta": 0.113696}}
{"target": -217.54070182341022, "params": {"p_ai": 2.85454994096286, "p_al": 5.858698015894784, "p_ex": 3.8013319815826336, "prior": 1.7642040696578871, "rate": 4.188932595381877}, "datetime": {"datetime": "2024-06-13 13:32:36", "elapsed": 69.92108, "delta": 0.113402}}
{"target": -178.75230429356372, "params": {"p_ai": 2.9725807541730793, "p_al": 0.16722444122252625, "p_ex": 3.8742957016810964, "prior": 9.209209125043717, "rate": 8.28217438681578}, "datetime": {"datetime": "2024-06-13 13:32:36", "elapsed": 70.033374, "delta": 0.112294}}
{"target": -285.84753385502336, "params": {"p_ai": 5.741173477210314, "p_al": 3.1871500009390448, "p_ex": 2.31341168455949, "prior": 9.560239816725709, "rate": 5.646536380588049}, "datetime": {"datetime": "2024-06-13 13:32:37", "elapsed": 70.145283, "delta": 0.111909}}
{"target": -153.59021752269814, "params": {"p_ai": 2.176835430287672, "p_al": 2.4955710289351303, "p_ex": 9.59600242910666, "prior": 2.3889025188306237, "rate": 1.068034169467023}, "datetime": {"datetime": "2024-06-13 13:32:37", "elapsed": 70.257453, "delta": 0.11217}}
{"target": -162.8555473116684, "params": {"p_ai": 1.840435435586939, "p_al": 7.662481844372273, "p_ex": 7.087933795056683, "prior": 4.379981305846461, "rate": 7.938251266657136}, "datetime": {"datetime": "2024-06-13 13:32:37", "elapsed": 70.369649, "delta": 0.112196}}
{"target": -283.0977560051434, "params": {"p_ai": 5.1756094087340525, "p_al": 4.136568013129941, "p_ex": 1.1753019203396682, "prior": 8.839226748297556, "rate": 2.7566565508887577}, "datetime": {"datetime": "2024-06-13 13:32:37", "elapsed": 70.482214, "delta": 0.112565}}
{"target": -321.6985028995904, "params": {"p_ai": 6.162990972575274, "p_al": 9.8458132098281, "p_ex": 1.8949908024154942, "prior": 9.651914729938635, "rate": 6.527500968888528}, "datetime": {"datetime": "2024-06-13 13:32:37", "elapsed": 70.594702, "delta": 0.112488}}
{"target": -153.57333243624456, "params": {"p_ai": 1.28818731436088, "p_al": 7.719499533584411, "p_ex": 9.51780600679268, "prior": 5.628242716344561, "rate": 6.885863442381723}, "datetime": {"datetime": "2024-06-13 13:32:37", "elapsed": 70.706404, "delta": 0.111702}}
{"target": -305.6721423536868, "params": {"p_ai": 0.26445244082095803, "p_al": 9.890767779393961, "p_ex": 3.1852527410170115, "prior": 0.24001388988282726, "rate": 8.08583294059341}, "datetime": {"datetime": "2024-06-13 13:32:37", "elapsed": 70.819104, "delta": 0.1127}}
{"target": -562.3951441272312, "params": {"p_ai": 9.732552265118914, "p_al": 7.376147510656895, "p_ex": 0.028355324647958178, "prior": 0.6345417532289791, "rate": 5.843109782870581}, "datetime": {"datetime": "2024-06-13 13:32:37", "elapsed": 70.931479, "delta": 0.112375}}
{"target": -177.35536312034475, "params": {"p_ai": 3.3578153624482754, "p_al": 8.818452974037214, "p_ex": 8.736820024200027, "prior": 9.875201568135711, "rate": 7.158603858756865}, "datetime": {"datetime": "2024-06-13 13:32:37", "elapsed": 71.064153, "delta": 0.132674}}
{"target": -414.61512330550465, "params": {"p_ai": 8.768960114386706, "p_al": 3.197181468508664, "p_ex": 1.1126583422461405, "prior": 8.653775693718016, "rate": 3.035422507017289}, "datetime": {"datetime": "2024-06-13 13:32:38", "elapsed": 71.186002, "delta": 0.121849}}
{"target": -225.39126158456708, "params": {"p_ai": 4.193903649370696, "p_al": 6.460656540458656, "p_ex": 6.051386242420971, "prior": 4.209809922064285, "rate": 3.862118968194065}, "datetime": {"datetime": "2024-06-13 13:32:38", "elapsed": 71.308136, "delta": 0.122134}}
{"target": -157.443417283265, "params": {"p_ai": 1.227687737548204, "p_al": 5.339084981149863, "p_ex": 2.329308118342716, "prior": 7.548323703153514, "rate": 6.749030971060837}, "datetime": {"datetime": "2024-06-13 13:32:38", "elapsed": 71.437987, "delta": 0.129851}}
{"target": -224.73299089344815, "params": {"p_ai": 0.7201977211273354, "p_al": 9.892657582673268, "p_ex": 7.804788898807839, "prior": 2.279031043019085, "rate": 0.30839744067862085}, "datetime": {"datetime": "2024-06-13 13:32:38", "elapsed": 71.56813, "delta": 0.130143}}
{"target": -231.56941484599835, "params": {"p_ai": 4.784239938885914, "p_al": 3.5280716325732393, "p_ex": 5.465568482142916, "prior": 6.596979890293786, "rate": 7.972400853780025}, "datetime": {"datetime": "2024-06-13 13:32:38", "elapsed": 71.69309, "delta": 0.12496}}
{"target": -145.51213405080443, "params": {"p_ai": 0.1364299240444373, "p_al": 7.143240843274906, "p_ex": 2.95384434705289, "prior": 9.864039353798532, "rate": 8.46257106414723}, "datetime": {"datetime": "2024-06-13 13:32:38", "elapsed": 71.806754, "delta": 0.113664}}
{"target": -345.75163260506076, "params": {"p_ai": 5.604451409666734, "p_al": 5.9780590880830164, "p_ex": 1.9215646543725684, "prior": 2.263289634282068, "rate": 1.5409777702011733}, "datetime": {"datetime": "2024-06-13 13:32:38", "elapsed": 71.922444, "delta": 0.11569}}
{"target": -195.37761569173674, "params": {"p_ai": 3.778757661096953, "p_al": 1.1204424879714694, "p_ex": 5.113217663448985, "prior": 6.385141076060073, "rate": 1.2230015699915957}, "datetime": {"datetime": "2024-06-13 13:32:38", "elapsed": 72.03438, "delta": 0.111936}}
{"target": -184.87687829678137, "params": {"p_ai": 3.442619392943751, "p_al": 0.7044084489723932, "p_ex": 5.25808611153342, "prior": 6.503247402260852, "rate": 6.155105941609653}, "datetime": {"datetime": "2024-06-13 13:32:39", "elapsed": 72.146082, "delta": 0.111702}}
{"target": -354.413198110791, "params": {"p_ai": 8.138881758532042, "p_al": 2.3564267987877012, "p_ex": 6.182200236562616, "prior": 3.028982363807174, "rate": 0.8885882930853439}, "datetime": {"datetime": "2024-06-13 13:32:39", "elapsed": 72.2592, "delta": 0.113118}}
{"target": -153.52563095071986, "params": {"p_ai": 3.053309454186566, "p_al": 0.7144933929712171, "p_ex": 9.585783535985689, "prior": 7.271927183834367, "rate": 1.0155071173822163}, "datetime": {"datetime": "2024-06-13 13:32:39", "elapsed": 72.371013, "delta": 0.111813}}
{"target": -329.6798844483887, "params": {"p_ai": 7.862906954163588, "p_al": 3.5222014456052215, "p_ex": 9.1144399680976, "prior": 4.955478850036387, "rate": 8.727054537125737}, "datetime": {"datetime": "2024-06-13 13:32:39", "elapsed": 72.48409, "delta": 0.113077}}
{"target": -199.55423857711986, "params": {"p_ai": 2.206077417642493, "p_al": 3.6725560667067523, "p_ex": 3.6690025846416687, "prior": 0.9722296833512493, "rate": 3.310813326223882}, "datetime": {"datetime": "2024-06-13 13:32:39", "elapsed": 72.596767, "delta": 0.112677}}
{"target": -298.38818874308146, "params": {"p_ai": 6.597438328584157, "p_al": 4.665968370246033, "p_ex": 8.792436465874568, "prior": 2.6974329936370927, "rate": 3.5488386678677664}, "datetime": {"datetime": "2024-06-13 13:32:39", "elapsed": 72.708398, "delta": 0.111631}}
{"target": -225.9125079022784, "params": {"p_ai": 3.2042225472159718, "p_al": 5.517827968246455, "p_ex": 1.8830059366472722, "prior": 1.7332694708102208, "rate": 9.394879760160336}, "datetime": {"datetime": "2024-06-13 13:32:39", "elapsed": 72.82107, "delta": 0.112672}}
{"target": -337.045620157271, "params": {"p_ai": 3.767100489749554, "p_al": 5.871394250695616, "p_ex": 0.5524656981032197, "prior": 1.409439110996769, "rate": 0.964489160060572}, "datetime": {"datetime": "2024-06-13 13:32:39", "elapsed": 72.933278, "delta": 0.112208}}
{"target": -356.21803006173593, "params": {"p_ai": 8.121343564013504, "p_al": 1.0323646790520586, "p_ex": 5.163644140749812, "prior": 1.556623402022749, "rate": 2.7888887375330564}, "datetime": {"datetime": "2024-06-13 13:32:39", "elapsed": 73.044488, "delta": 0.11121}}
{"target": -370.1475217535972, "params": {"p_ai": 8.826137423028198, "p_al": 6.316306057543976, "p_ex": 9.636663439420486, "prior": 5.997543941794315, "rate": 0.0961876424493635}, "datetime": {"datetime": "2024-06-13 13:32:40", "elapsed": 73.15619, "delta": 0.111702}}
{"target": -218.88255243103092, "params": {"p_ai": 4.156994414198696, "p_al": 0.22539510183243922, "p_ex": 3.1405292961414175, "prior": 4.816767682276697, "rate": 5.755017951896957}, "datetime": {"datetime": "2024-06-13 13:32:40", "elapsed": 73.268776, "delta": 0.112586}}
{"target": -183.48064734217635, "params": {"p_ai": 2.38726337908637, "p_al": 5.583307497898072, "p_ex": 3.949806420938232, "prior": 5.066315292881764, "rate": 1.9604741784106727}, "datetime": {"datetime": "2024-06-13 13:32:40", "elapsed": 73.380476, "delta": 0.1117}}
