{"target": -1340.6513622832622, "params": {"gamma": 4.797895932924502, "lr": 0.9466766792396476}, "datetime": {"datetime": "2024-06-13 22:26:36", "elapsed": 3.229154, "delta": 0.003989}}
{"target": -1842.8422494282543, "params": {"gamma": 5.53478362877641, "lr": 0.08480182166035288}, "datetime": {"datetime": "2024-06-13 22:26:36", "elapsed": 3.233144, "delta": 0.00399}}
{"target": -562.3363911187004, "params": {"gamma": 2.0254278937096815, "lr": 0.8542379729163827}, "datetime": {"datetime": "2024-06-13 22:26:36", "elapsed": 3.237133, "delta": 0.003989}}
{"target": -1922.2404732933505, "params": {"gamma": 7.0595677402804276, "lr": 0.8949395201529242}, "datetime": {"datetime": "2024-06-13 22:26:36", "elapsed": 3.241123, "delta": 0.00399}}
{"target": -736.177460762479, "params": {"gamma": 3.2921308719412035, "lr": 0.5280013966376261}, "datetime": {"datetime": "2024-06-13 22:26:36", "elapsed": 3.245112, "delta": 0.003989}}
{"target": -1470.865250731925, "params": {"gamma": 6.504330926708715, "lr": 0.5942908535866644}, "datetime": {"datetime": "2024-06-13 22:26:36", "elapsed": 3.249103, "delta": 0.003991}}
{"target": -518.2155466843373, "params": {"gamma": 2.315397892406944, "lr": 0.4268213494482356}, "datetime": {"datetime": "2024-06-13 22:26:36", "elapsed": 3.25309, "delta": 0.003987}}
{"target": -679.1272422342945, "params": {"gamma": 2.481866529137688, "lr": 0.8456149622311454}, "datetime": {"datetime": "2024-06-13 22:26:36", "elapsed": 3.256649, "delta": 0.003559}}
{"target": -3232.138019640776, "params": {"gamma": 9.866787772235858, "lr": 0.06657080313237929}, "datetime": {"datetime": "2024-06-13 22:26:36", "elapsed": 3.260638, "delta": 0.003989}}
{"target": -1644.4908489639704, "params": {"gamma": 7.139566394637347, "lr": 0.3301155521990743}, "datetime": {"datetime": "2024-06-13 22:26:36", "elapsed": 3.264628, "delta": 0.00399}}
{"target": -1437.068534450717, "params": {"gamma": 6.254728347736019, "lr": 0.258129649281871}, "datetime": {"datetime": "2024-06-13 22:26:36", "elapsed": 3.268617, "delta": 0.003989}}
{"target": -1504.6702888964753, "params": {"gamma": 6.510425085475643, "lr": 0.37114718446272954}, "datetime": {"datetime": "2024-06-13 22:26:36", "elapsed": 3.272606, "delta": 0.003989}}
{"target": -831.5763827853503, "params": {"gamma": 2.9489139744901, "lr": 0.9117631736977988}, "datetime": {"datetime": "2024-06-13 22:26:36", "elapsed": 3.276595, "delta": 0.003989}}
{"target": -2160.3459815832766, "params": {"gamma": 9.425046243387849, "lr": 0.6135500265601355}, "datetime": {"datetime": "2024-06-13 22:26:36", "elapsed": 3.280585, "delta": 0.00399}}
{"target": -617.0197575239739, "params": {"gamma": 2.1454633405260957, "lr": 0.9394188709061594}, "datetime": {"datetime": "2024-06-13 22:26:36", "elapsed": 3.284574, "delta": 0.003989}}
{"target": -1872.7414425994825, "params": {"gamma": 7.504785013686519, "lr": 0.7510898073228061}, "datetime": {"datetime": "2024-06-13 22:26:36", "elapsed": 3.288563, "delta": 0.003989}}
{"target": -569.6606117994958, "params": {"gamma": 2.1180016271500137, "lr": 0.8301565261622993}, "datetime": {"datetime": "2024-06-13 22:26:36", "elapsed": 3.292553, "delta": 0.00399}}
{"target": -576.695956025293, "params": {"gamma": 2.4017114464579397, "lr": 0.6316207452501602}, "datetime": {"datetime": "2024-06-13 22:26:36", "elapsed": 3.296542, "delta": 0.003989}}
{"target": -1744.7066017711318, "params": {"gamma": 7.107684959425964, "lr": 0.7423834297071017}, "datetime": {"datetime": "2024-06-13 22:26:36", "elapsed": 3.300532, "delta": 0.00399}}
{"target": -988.3422782216313, "params": {"gamma": 3.9032567812912102, "lr": 0.7598253967160974}, "datetime": {"datetime": "2024-06-13 22:26:36", "elapsed": 3.304148, "delta": 0.003616}}
{"target": -2034.854064802356, "params": {"gamma": 9.029456085314978, "lr": 0.5874200192375769}, "datetime": {"datetime": "2024-06-13 22:26:36", "elapsed": 3.308137, "delta": 0.003989}}
{"target": -323.2558722976151, "params": {"gamma": 0.9050067472322914, "lr": 0.12897598414227607}, "datetime": {"datetime": "2024-06-13 22:26:36", "elapsed": 3.312127, "delta": 0.00399}}
{"target": -336.93783097965974, "params": {"gamma": 1.0535200041012063, "lr": 0.17272746332288003}, "datetime": {"datetime": "2024-06-13 22:26:36", "elapsed": 3.316116, "delta": 0.003989}}
{"target": -352.95647085334326, "params": {"gamma": 1.2651824720065605, "lr": 0.7783008900676276}, "datetime": {"datetime": "2024-06-13 22:26:36", "elapsed": 3.321103, "delta": 0.004987}}
{"target": -171.1391923137561, "params": {"gamma": 0.39507571033225836, "lr": 0.24155841734086403}, "datetime": {"datetime": "2024-06-13 22:26:36", "elapsed": 3.325092, "delta": 0.003989}}
{"target": -2439.3667349492907, "params": {"gamma": 8.790784947183296, "lr": 0.9735188608362936}, "datetime": {"datetime": "2024-06-13 22:26:36", "elapsed": 3.329081, "delta": 0.003989}}
{"target": -1686.1178106294717, "params": {"gamma": 6.054614655262755, "lr": 0.9762382645603884}, "datetime": {"datetime": "2024-06-13 22:26:36", "elapsed": 3.333072, "delta": 0.003991}}
{"target": -191.20414502346523, "params": {"gamma": 0.43547196560805285, "lr": 0.9485727683760076}, "datetime": {"datetime": "2024-06-13 22:26:36", "elapsed": 3.33706, "delta": 0.003988}}
{"target": -795.3936873493553, "params": {"gamma": 3.113649528479215, "lr": 0.798972840361593}, "datetime": {"datetime": "2024-06-13 22:26:36", "elapsed": 3.341049, "delta": 0.003989}}
{"target": -2173.351252578846, "params": {"gamma": 8.106480405365568, "lr": 0.8599985915803449}, "datetime": {"datetime": "2024-06-13 22:26:36", "elapsed": 3.345039, "delta": 0.00399}}
{"target": -1282.485565972723, "params": {"gamma": 4.586049558214109, "lr": 0.9306443921654484}, "datetime": {"datetime": "2024-06-13 22:26:36", "elapsed": 3.350026, "delta": 0.004987}}
{"target": -734.2391565313764, "params": {"gamma": 2.579671951285972, "lr": 0.9344454925295846}, "datetime": {"datetime": "2024-06-13 22:26:36", "elapsed": 3.354014, "delta": 0.003988}}
{"target": -1723.7977678859418, "params": {"gamma": 6.191577212883354, "lr": 0.9854449149448306}, "datetime": {"datetime": "2024-06-13 22:26:36", "elapsed": 3.358004, "delta": 0.00399}}
{"target": -165.97666171003522, "params": {"gamma": 0.3274060157599613, "lr": 0.7251666588327084}, "datetime": {"datetime": "2024-06-13 22:26:36", "elapsed": 3.361993, "delta": 0.003989}}
{"target": -1244.5845039711835, "params": {"gamma": 5.655976799568431, "lr": 0.4924240473983196}, "datetime": {"datetime": "2024-06-13 22:26:36", "elapsed": 3.365982, "delta": 0.003989}}
{"target": -613.8078406638684, "params": {"gamma": 2.5929220383817193, "lr": 0.3268306848663751}, "datetime": {"datetime": "2024-06-13 22:26:36", "elapsed": 3.369972, "delta": 0.00399}}
{"target": -651.6683609828366, "params": {"gamma": 2.495372604807176, "lr": 0.21926791032506077}, "datetime": {"datetime": "2024-06-13 22:26:36", "elapsed": 3.373961, "delta": 0.003989}}
{"target": -1758.1108986626932, "params": {"gamma": 7.996808714410864, "lr": 0.5023950058982584}, "datetime": {"datetime": "2024-06-13 22:26:36", "elapsed": 3.37795, "delta": 0.003989}}
{"target": -257.50701700602184, "params": {"gamma": 0.8328156970812803, "lr": 0.7769841920273803}, "datetime": {"datetime": "2024-06-13 22:26:36", "elapsed": 3.38194, "delta": 0.00399}}
{"target": -1316.7952128621714, "params": {"gamma": 5.336957111761226, "lr": 0.739387787346382}, "datetime": {"datetime": "2024-06-13 22:26:36", "elapsed": 3.385929, "delta": 0.003989}}
{"target": -1223.824175505562, "params": {"gamma": 5.154421537738071, "lr": 0.39994592398513173}, "datetime": {"datetime": "2024-06-13 22:26:36", "elapsed": 3.389918, "delta": 0.003989}}
{"target": -3230.745031350246, "params": {"gamma": 9.862481577580514, "lr": 0.02824262016291268}, "datetime": {"datetime": "2024-06-13 22:26:36", "elapsed": 3.393908, "delta": 0.00399}}
{"target": -2587.2461995187014, "params": {"gamma": 9.327706315740619, "lr": 0.930854967759968}, "datetime": {"datetime": "2024-06-13 22:26:36", "elapsed": 3.397897, "delta": 0.003989}}
{"target": -1003.5132933491928, "params": {"gamma": 3.909796196303079, "lr": 0.2144648711333198}, "datetime": {"datetime": "2024-06-13 22:26:36", "elapsed": 3.401886, "delta": 0.003989}}
{"target": -1813.366604998049, "params": {"gamma": 6.192513766034457, "lr": 0.17797233547016944}, "datetime": {"datetime": "2024-06-13 22:26:36", "elapsed": 3.405876, "delta": 0.00399}}
{"target": -1841.2918136515814, "params": {"gamma": 8.032278735085756, "lr": 0.2539338558777352}, "datetime": {"datetime": "2024-06-13 22:26:36", "elapsed": 3.409865, "delta": 0.003989}}
{"target": -820.7003168861412, "params": {"gamma": 2.9087707441717465, "lr": 0.915915790009957}, "datetime": {"datetime": "2024-06-13 22:26:36", "elapsed": 3.413855, "delta": 0.00399}}
{"target": -1983.0825420853712, "params": {"gamma": 9.029265417910615, "lr": 0.5353808917305217}, "datetime": {"datetime": "2024-06-13 22:26:36", "elapsed": 3.417844, "delta": 0.003989}}
{"target": -2056.9627711130456, "params": {"gamma": 8.628526966805577, "lr": 0.3525325688050618}, "datetime": {"datetime": "2024-06-13 22:26:36", "elapsed": 3.421834, "delta": 0.00399}}
{"target": -2200.1102959890795, "params": {"gamma": 9.978844897970799, "lr": 0.433689739404977}, "datetime": {"datetime": "2024-06-13 22:26:36", "elapsed": 3.425823, "delta": 0.003989}}
{"target": -995.933993009182, "params": {"gamma": 2.948825305973155, "lr": 0.04157423394916726}, "datetime": {"datetime": "2024-06-13 22:26:36", "elapsed": 3.429812, "delta": 0.003989}}
{"target": -2164.36042221283, "params": {"gamma": 9.897079830913631, "lr": 0.4648876309118224}, "datetime": {"datetime": "2024-06-13 22:26:36", "elapsed": 3.434799, "delta": 0.004987}}
{"target": -1707.6225925372053, "params": {"gamma": 7.346115555489657, "lr": 0.6408076240458747}, "datetime": {"datetime": "2024-06-13 22:26:36", "elapsed": 3.438788, "delta": 0.003989}}
{"target": -2379.6184895039223, "params": {"gamma": 7.231210903260432, "lr": 0.05111090382611627}, "datetime": {"datetime": "2024-06-13 22:26:36", "elapsed": 3.44178, "delta": 0.002992}}
{"target": -2552.2192236057754, "params": {"gamma": 9.200534008691728, "lr": 0.9268412179022415}, "datetime": {"datetime": "2024-06-13 22:26:36", "elapsed": 3.446767, "delta": 0.004987}}
{"target": -1539.1951201943455, "params": {"gamma": 5.520398276514817, "lr": 0.963915888684551}, "datetime": {"datetime": "2024-06-13 22:26:36", "elapsed": 3.450756, "delta": 0.003989}}
{"target": -663.0186907635492, "params": {"gamma": 2.8102744143666842, "lr": 0.6021466271365452}, "datetime": {"datetime": "2024-06-13 22:26:36", "elapsed": 3.454745, "delta": 0.003989}}
{"target": -930.5381273478607, "params": {"gamma": 3.9652304378361865, "lr": 0.6280232317552282}, "datetime": {"datetime": "2024-06-13 22:26:36", "elapsed": 3.458734, "delta": 0.003989}}
{"target": -791.1584978311697, "params": {"gamma": 3.0070222529489574, "lr": 0.8193583846560202}, "datetime": {"datetime": "2024-06-13 22:26:36", "elapsed": 3.462724, "delta": 0.00399}}
{"target": -282.96411907865615, "params": {"gamma": 0.6987899990635812, "lr": 0.04187757029999628}, "datetime": {"datetime": "2024-06-13 22:26:36", "elapsed": 3.466713, "delta": 0.003989}}
{"target": -213.10742168888066, "params": {"gamma": 0.49491444994850975, "lr": 0.15045502836766345}, "datetime": {"datetime": "2024-06-13 22:26:36", "elapsed": 3.470702, "delta": 0.003989}}
{"target": -1109.1738517059066, "params": {"gamma": 3.954109387473109, "lr": 0.9553899892571747}, "datetime": {"datetime": "2024-06-13 22:26:36", "elapsed": 3.474692, "delta": 0.00399}}
{"target": -297.1283519226525, "params": {"gamma": 1.1088436015198657, "lr": 0.6475529858164272}, "datetime": {"datetime": "2024-06-13 22:26:36", "elapsed": 3.478503, "delta": 0.003811}}
{"target": -1261.3964571340757, "params": {"gamma": 5.276687463055037, "lr": 0.353242405983059}, "datetime": {"datetime": "2024-06-13 22:26:36", "elapsed": 3.482493, "delta": 0.00399}}
{"target": -525.8279622096695, "params": {"gamma": 1.9827940939725983, "lr": 0.22059408184733575}, "datetime": {"datetime": "2024-06-13 22:26:36", "elapsed": 3.48748, "delta": 0.004987}}
{"target": -180.15494224828998, "params": {"gamma": 0.4391712757617422, "lr": 0.7131639731598145}, "datetime": {"datetime": "2024-06-13 22:26:36", "elapsed": 3.491469, "delta": 0.003989}}
{"target": -1445.291923212428, "params": {"gamma": 6.538748151763354, "lr": 0.4437697927247224}, "datetime": {"datetime": "2024-06-13 22:26:36", "elapsed": 3.495458, "delta": 0.003989}}
{"target": -2325.354738455139, "params": {"gamma": 7.189675941410347, "lr": 0.10997597244532042}, "datetime": {"datetime": "2024-06-13 22:26:36", "elapsed": 3.499448, "delta": 0.00399}}
{"target": -2473.8554669138452, "params": {"gamma": 9.387253014515942, "lr": 0.8476267092393875}, "datetime": {"datetime": "2024-06-13 22:26:36", "elapsed": 3.503437, "delta": 0.003989}}
{"target": -1560.9086239825274, "params": {"gamma": 6.590697560999168, "lr": 0.37883116866173183}, "datetime": {"datetime": "2024-06-13 22:26:36", "elapsed": 3.507426, "delta": 0.003989}}
{"target": -922.2981906318108, "params": {"gamma": 4.16625072341846, "lr": 0.48215392215746744}, "datetime": {"datetime": "2024-06-13 22:26:36", "elapsed": 3.511415, "delta": 0.003989}}
{"target": -2503.5675608895467, "params": {"gamma": 9.352902416297999, "lr": 0.8635929549181026}, "datetime": {"datetime": "2024-06-13 22:26:36", "elapsed": 3.515405, "delta": 0.00399}}
{"target": -1053.9489154413698, "params": {"gamma": 4.779760568316378, "lr": 0.554518498278167}, "datetime": {"datetime": "2024-06-13 22:26:36", "elapsed": 3.519394, "delta": 0.003989}}
{"target": -2429.280794059041, "params": {"gamma": 8.754163218930938, "lr": 0.9492644337722901}, "datetime": {"datetime": "2024-06-13 22:26:36", "elapsed": 3.524381, "delta": 0.004987}}
{"target": -1571.7369692012187, "params": {"gamma": 6.392208373926592, "lr": 0.7485203200897537}, "datetime": {"datetime": "2024-06-13 22:26:36", "elapsed": 3.527373, "delta": 0.002992}}
{"target": -989.5121765459068, "params": {"gamma": 3.516897438698066, "lr": 0.91802831908618}, "datetime": {"datetime": "2024-06-13 22:26:36", "elapsed": 3.531362, "delta": 0.003989}}
{"target": -1831.2427861044387, "params": {"gamma": 8.367683746488458, "lr": 0.5520558812247628}, "datetime": {"datetime": "2024-06-13 22:26:36", "elapsed": 3.536349, "delta": 0.004987}}
{"target": -2288.7050430603795, "params": {"gamma": 8.676404468942122, "lr": 0.8498718814403323}, "datetime": {"datetime": "2024-06-13 22:26:36", "elapsed": 3.540338, "delta": 0.003989}}
{"target": -2584.752102313426, "params": {"gamma": 8.084305154704811, "lr": 0.13069282439738805}, "datetime": {"datetime": "2024-06-13 22:26:36", "elapsed": 3.544328, "delta": 0.00399}}
{"target": -1471.0743138272383, "params": {"gamma": 5.3604897456433, "lr": 0.900783114706916}, "datetime": {"datetime": "2024-06-13 22:26:36", "elapsed": 3.548318, "delta": 0.00399}}
{"target": -1673.1452339151222, "params": {"gamma": 7.70854747370775, "lr": 0.4207131990251918}, "datetime": {"datetime": "2024-06-13 22:26:36", "elapsed": 3.552306, "delta": 0.003988}}
{"target": -2238.5782998597488, "params": {"gamma": 9.778826053206298, "lr": 0.25077315667300226}, "datetime": {"datetime": "2024-06-13 22:26:36", "elapsed": 3.557293, "delta": 0.004987}}
{"target": -940.2943919940593, "params": {"gamma": 3.336768678250129, "lr": 0.954200507429589}, "datetime": {"datetime": "2024-06-13 22:26:36", "elapsed": 3.561282, "delta": 0.003989}}
{"target": -2206.6570895520613, "params": {"gamma": 8.087344766504712, "lr": 0.9003400045106619}, "datetime": {"datetime": "2024-06-13 22:26:36", "elapsed": 3.565272, "delta": 0.00399}}
{"target": -147.74517562639414, "params": {"gamma": 0.11688430450954196, "lr": 0.37976443303399476}, "datetime": {"datetime": "2024-06-13 22:26:36", "elapsed": 3.569261, "delta": 0.003989}}
{"target": -568.98429792688, "params": {"gamma": 2.355984044142083, "lr": 0.2959350518874113}, "datetime": {"datetime": "2024-06-13 22:26:36", "elapsed": 3.57325, "delta": 0.003989}}
{"target": -1786.0900093263058, "params": {"gamma": 7.380216968542006, "lr": 0.7240848448640741}, "datetime": {"datetime": "2024-06-13 22:26:36", "elapsed": 3.577239, "delta": 0.003989}}
{"target": -1070.3659146114455, "params": {"gamma": 4.618532302580416, "lr": 0.3652744612070937}, "datetime": {"datetime": "2024-06-13 22:26:36", "elapsed": 3.581228, "delta": 0.003989}}
{"target": -1290.077451118183, "params": {"gamma": 5.847331438432254, "lr": 0.5337077546342763}, "datetime": {"datetime": "2024-06-13 22:26:36", "elapsed": 3.585218, "delta": 0.00399}}
{"target": -1271.3213690877158, "params": {"gamma": 5.5062450105196135, "lr": 0.6154770711146578}, "datetime": {"datetime": "2024-06-13 22:26:36", "elapsed": 3.589208, "delta": 0.00399}}
{"target": -1001.5222064014084, "params": {"gamma": 3.957087074403221, "lr": 0.7717184824154584}, "datetime": {"datetime": "2024-06-13 22:26:36", "elapsed": 3.593197, "delta": 0.003989}}
{"target": -603.4570022991533, "params": {"gamma": 2.512780630310517, "lr": 0.655760767903366}, "datetime": {"datetime": "2024-06-13 22:26:36", "elapsed": 3.597186, "delta": 0.003989}}
{"target": -3147.134056131005, "params": {"gamma": 9.604011085051962, "lr": 0.0035547604644260433}, "datetime": {"datetime": "2024-06-13 22:26:36", "elapsed": 3.601206, "delta": 0.00402}}
{"target": -2339.54280498486, "params": {"gamma": 7.233887082898668, "lr": 0.10899503392964371}, "datetime": {"datetime": "2024-06-13 22:26:36", "elapsed": 3.605165, "delta": 0.003959}}
{"target": -1266.799895268197, "params": {"gamma": 5.438331129146589, "lr": 0.6269160166803346}, "datetime": {"datetime": "2024-06-13 22:26:36", "elapsed": 3.609154, "delta": 0.003989}}
{"target": -691.4433759480254, "params": {"gamma": 2.4302283105822404, "lr": 0.9138438752466082}, "datetime": {"datetime": "2024-06-13 22:26:36", "elapsed": 3.613143, "delta": 0.003989}}
{"target": -1471.4773043455523, "params": {"gamma": 6.223502974387487, "lr": 0.23169469139485988}, "datetime": {"datetime": "2024-06-13 22:26:36", "elapsed": 3.617133, "delta": 0.00399}}
{"target": -2489.629949464581, "params": {"gamma": 7.701551743810476, "lr": 0.10550707999733477}, "datetime": {"datetime": "2024-06-13 22:26:36", "elapsed": 3.621122, "delta": 0.003989}}
{"target": -1805.6906237592004, "params": {"gamma": 5.552697959994914, "lr": 0.0949560698024915}, "datetime": {"datetime": "2024-06-13 22:26:36", "elapsed": 3.625111, "delta": 0.003989}}
{"target": -1336.0404325799109, "params": {"gamma": 5.810259742677521, "lr": 0.2529801127201884}, "datetime": {"datetime": "2024-06-13 22:26:36", "elapsed": 3.629101, "delta": 0.00399}}
{"target": -1575.1268673002094, "params": {"gamma": 6.495018612739509, "lr": 0.71582695285818}, "datetime": {"datetime": "2024-06-13 22:26:36", "elapsed": 3.63309, "delta": 0.003989}}
{"target": -1225.3090340831993, "params": {"gamma": 5.242331960072044, "lr": 0.6575214077031101}, "datetime": {"datetime": "2024-06-13 22:26:36", "elapsed": 3.638078, "delta": 0.004988}}
{"target": -2054.3866616662144, "params": {"gamma": 8.133125159405232, "lr": 0.8075122716430321}, "datetime": {"datetime": "2024-06-13 22:26:36", "elapsed": 3.642066, "delta": 0.003988}}
{"target": -1361.863490178518, "params": {"gamma": 6.197200238546574, "lr": 0.45110246212077487}, "datetime": {"datetime": "2024-06-13 22:26:36", "elapsed": 3.646055, "delta": 0.003989}}
{"target": -1107.8918335609574, "params": {"gamma": 4.080091940484627, "lr": 0.8747476199043634}, "datetime": {"datetime": "2024-06-13 22:26:36", "elapsed": 3.650045, "delta": 0.00399}}
{"target": -1863.4991744464267, "params": {"gamma": 7.029614389411599, "lr": 0.18493502237340165}, "datetime": {"datetime": "2024-06-13 22:26:36", "elapsed": 3.654034, "delta": 0.003989}}
{"target": -1551.2021968569647, "params": {"gamma": 5.657755734146004, "lr": 0.9088080323000569}, "datetime": {"datetime": "2024-06-13 22:26:36", "elapsed": 3.658023, "delta": 0.003989}}
{"target": -431.7475642668818, "params": {"gamma": 1.5077492324904636, "lr": 0.8455176755307064}, "datetime": {"datetime": "2024-06-13 22:26:36", "elapsed": 3.662013, "delta": 0.00399}}
{"target": -1796.65626491976, "params": {"gamma": 8.202204460687183, "lr": 0.4993411012978345}, "datetime": {"datetime": "2024-06-13 22:26:36", "elapsed": 3.666003, "delta": 0.00399}}
{"target": -186.85446719295476, "params": {"gamma": 0.37680093100554635, "lr": 0.14750250539693543}, "datetime": {"datetime": "2024-06-13 22:26:36", "elapsed": 3.670989, "delta": 0.004986}}
{"target": -3025.004995667345, "params": {"gamma": 9.226464308192023, "lr": 0.04415479603186245}, "datetime": {"datetime": "2024-06-13 22:26:36", "elapsed": 3.673981, "delta": 0.002992}}
{"target": -868.5920833046719, "params": {"gamma": 3.7256151652871896, "lr": 0.6190396347254709}, "datetime": {"datetime": "2024-06-13 22:26:36", "elapsed": 3.67797, "delta": 0.003989}}
{"target": -570.0522025861276, "params": {"gamma": 1.9702834411012529, "lr": 0.9810797572402973}, "datetime": {"datetime": "2024-06-13 22:26:36", "elapsed": 3.682957, "delta": 0.004987}}
{"target": -370.5546957074668, "params": {"gamma": 1.5605963552011808, "lr": 0.5396791951612744}, "datetime": {"datetime": "2024-06-13 22:26:36", "elapsed": 3.686946, "delta": 0.003989}}
{"target": -1461.4428045064185, "params": {"gamma": 6.180495232142101, "lr": 0.2309899486697039}, "datetime": {"datetime": "2024-06-13 22:26:36", "elapsed": 3.690936, "delta": 0.00399}}
{"target": -1029.7727559067268, "params": {"gamma": 4.663623583104205, "lr": 0.49100852913292925}, "datetime": {"datetime": "2024-06-13 22:26:36", "elapsed": 3.694925, "delta": 0.003989}}
{"target": -1777.131566007789, "params": {"gamma": 7.668856900889094, "lr": 0.6342807527738734}, "datetime": {"datetime": "2024-06-13 22:26:36", "elapsed": 3.698914, "delta": 0.003989}}
