{"target": -698.3420828040535, "params": {"p_ai": 8.577528406499894, "p_al": 6.455998518326055, "p_ex": 1.1538189613747907, "prior": 2.081766002579473, "rate": 7.455237809150899}, "datetime": {"datetime": "2024-06-13 09:18:01", "elapsed": 52.230001, "delta": 0.105059}}
{"target": -276.53051512852556, "params": {"p_ai": 4.034662876713395, "p_al": 4.84521613942412, "p_ex": 8.874663325649202, "prior": 1.3752980526926846, "rate": 9.64376360106379}, "datetime": {"datetime": "2024-06-13 09:18:01", "elapsed": 52.334751, "delta": 0.10475}}
{"target": -144.80725133965257, "params": {"p_ai": 0.4272541882840023, "p_al": 0.9953031322915933, "p_ex": 2.2331610709734946, "prior": 8.06604423752288, "rate": 4.559272200887655}, "datetime": {"datetime": "2024-06-13 09:18:01", "elapsed": 52.439537, "delta": 0.104786}}
{"target": -472.277549316533, "params": {"p_ai": 6.5328581714709335, "p_al": 1.7440370540608525, "p_ex": 1.668052607332356, "prior": 5.208962557197339, "rate": 7.403196059166937}, "datetime": {"datetime": "2024-06-13 09:18:01", "elapsed": 52.544256, "delta": 0.104719}}
{"target": -449.0724195511486, "params": {"p_ai": 4.62528217768507, "p_al": 8.696271237126007, "p_ex": 6.604458934771733, "prior": 2.4916517944308763, "rate": 2.3497873058002465}, "datetime": {"datetime": "2024-06-13 09:18:02", "elapsed": 52.649549, "delta": 0.105293}}
{"target": -240.80771252359443, "params": {"p_ai": 3.741093121953829, "p_al": 7.566403946905877, "p_ex": 9.379438705433513, "prior": 8.61919808718901, "rate": 2.6168463160365345}, "datetime": {"datetime": "2024-06-13 09:18:02", "elapsed": 52.755655, "delta": 0.106106}}
{"target": -352.81906141152194, "params": {"p_ai": 4.12337700085772, "p_al": 6.115829450403766, "p_ex": 5.468797723702268, "prior": 3.893360179144248, "rate": 1.0151063480358857}, "datetime": {"datetime": "2024-06-13 09:18:02", "elapsed": 52.859568, "delta": 0.103913}}
{"target": -393.37910181607685, "params": {"p_ai": 7.122735799168159, "p_al": 0.8822635040904132, "p_ex": 8.660908216307822, "prior": 8.634620954886014, "rate": 7.084799464362212}, "datetime": {"datetime": "2024-06-13 09:18:02", "elapsed": 52.965088, "delta": 0.10552}}
{"target": -368.1189913794229, "params": {"p_ai": 4.864759313503054, "p_al": 6.991766507563753, "p_ex": 3.950475613957549, "prior": 7.975162346949194, "rate": 7.864384405716199}, "datetime": {"datetime": "2024-06-13 09:18:02", "elapsed": 53.069873, "delta": 0.104785}}
{"target": -194.4311060038828, "params": {"p_ai": 1.5561303101523432, "p_al": 3.1788576859556272, "p_ex": 3.4404877846831172, "prior": 3.6423388162366046, "rate": 5.6668889213223}, "datetime": {"datetime": "2024-06-13 09:18:02", "elapsed": 53.174859, "delta": 0.104986}}
{"target": -190.6261632979703, "params": {"p_ai": 0.4178327377603575, "p_al": 6.600037219920028, "p_ex": 2.0171159588072864, "prior": 4.165209099174909, "rate": 4.5094756723505}, "datetime": {"datetime": "2024-06-13 09:18:02", "elapsed": 53.282602, "delta": 0.107743}}
{"target": -407.2349361685825, "params": {"p_ai": 3.4879189687069116, "p_al": 3.8334198209699974, "p_ex": 1.8038803024167458, "prior": 0.68223244388335, "rate": 5.513015232709581}, "datetime": {"datetime": "2024-06-13 09:18:02", "elapsed": 53.386685, "delta": 0.104083}}
{"target": -429.3378926750911, "params": {"p_ai": 5.959073589220895, "p_al": 1.4558523924278663, "p_ex": 2.310186141512919, "prior": 2.864484938242287, "rate": 8.307682917677353}, "datetime": {"datetime": "2024-06-13 09:18:02", "elapsed": 53.492435, "delta": 0.10575}}
{"target": -200.586019381713, "params": {"p_ai": 1.535055990682961, "p_al": 5.521835936727261, "p_ex": 5.681829037204232, "prior": 3.434857510993614, "rate": 3.5068212758802293}, "datetime": {"datetime": "2024-06-13 09:18:03", "elapsed": 53.600151, "delta": 0.107716}}
{"target": -619.8635502105643, "params": {"p_ai": 9.591161063174503, "p_al": 5.533886150645748, "p_ex": 6.527659277808647, "prior": 4.907910424327689, "rate": 6.466853166736234}, "datetime": {"datetime": "2024-06-13 09:18:03", "elapsed": 53.708666, "delta": 0.108515}}
{"target": -423.52688901237036, "params": {"p_ai": 6.052902604285114, "p_al": 1.452587755908036, "p_ex": 3.3474706483130476, "prior": 4.604879500595876, "rate": 1.2790887944022422}, "datetime": {"datetime": "2024-06-13 09:18:03", "elapsed": 53.814421, "delta": 0.105755}}
{"target": -229.7076114964457, "params": {"p_ai": 3.6313701627213772, "p_al": 2.2821882012949293, "p_ex": 8.47517852010175, "prior": 3.4153993261329654, "rate": 2.268666417341983}, "datetime": {"datetime": "2024-06-13 09:18:03", "elapsed": 53.919608, "delta": 0.105187}}
{"target": -453.5724003627157, "params": {"p_ai": 4.08240584711997, "p_al": 6.830957412174848, "p_ex": 0.657154367615287, "prior": 1.8081114068162947, "rate": 6.943375082298363}, "datetime": {"datetime": "2024-06-13 09:18:03", "elapsed": 54.051495, "delta": 0.131887}}
{"target": -515.7340629271773, "params": {"p_ai": 7.522813791436128, "p_al": 6.177925041821069, "p_ex": 8.792106406805418, "prior": 1.6888331005858586, "rate": 7.0357737742820845}, "datetime": {"datetime": "2024-06-13 09:18:03", "elapsed": 54.187099, "delta": 0.135604}}
{"target": -621.0131224444151, "params": {"p_ai": 9.172684330641006, "p_al": 1.508245851371479, "p_ex": 2.4383960099844155, "prior": 5.467299036335953, "rate": 3.441849250422999}, "datetime": {"datetime": "2024-06-13 09:18:03", "elapsed": 54.299801, "delta": 0.112702}}
{"target": -483.5196410653367, "params": {"p_ai": 6.90670016874316, "p_al": 0.5766186166326498, "p_ex": 1.6084806590922747, "prior": 7.162666826489736, "rate": 9.706216365641005}, "datetime": {"datetime": "2024-06-13 09:18:03", "elapsed": 54.407417, "delta": 0.107616}}
{"target": -986.2025536074359, "params": {"p_ai": 9.295574214746894, "p_al": 9.010768867234715, "p_ex": 1.2783053957220292, "prior": 1.4601432517979631, "rate": 0.7235753033919117}, "datetime": {"datetime": "2024-06-13 09:18:03", "elapsed": 54.512165, "delta": 0.104748}}
{"target": -406.128500835686, "params": {"p_ai": 5.425859791214765, "p_al": 8.824979242850812, "p_ex": 5.318387208768819, "prior": 7.817371138674004, "rate": 1.8853494153257044}, "datetime": {"datetime": "2024-06-13 09:18:04", "elapsed": 54.617856, "delta": 0.105691}}
{"target": -622.9790676441808, "params": {"p_ai": 8.631249490403183, "p_al": 1.8750602824827893, "p_ex": 0.548586496539166, "prior": 4.215488613270554, "rate": 5.551489195654376}, "datetime": {"datetime": "2024-06-13 09:18:04", "elapsed": 54.729557, "delta": 0.111701}}
{"target": -659.5526037127092, "params": {"p_ai": 9.707449353204424, "p_al": 0.9184465805784736, "p_ex": 2.7399070142023203, "prior": 1.0519655837514126, "rate": 3.9050059277394262}, "datetime": {"datetime": "2024-06-13 09:18:04", "elapsed": 54.850152, "delta": 0.120595}}
{"target": -249.94961243920756, "params": {"p_ai": 2.890821820794509, "p_al": 5.133490194329599, "p_ex": 3.483218560825719, "prior": 9.28235195448276, "rate": 7.8996880160340215}, "datetime": {"datetime": "2024-06-13 09:18:04", "elapsed": 54.958495, "delta": 0.108343}}
{"target": -531.5089513682341, "params": {"p_ai": 8.610252674771141, "p_al": 1.2958799584830156, "p_ex": 5.751126599720151, "prior": 2.1486105763127026, "rate": 8.682517475837448}, "datetime": {"datetime": "2024-06-13 09:18:04", "elapsed": 55.061856, "delta": 0.103361}}
{"target": -130.1310544392336, "params": {"p_ai": 0.15117919811248737, "p_al": 1.0583364070853916, "p_ex": 3.761194698397609, "prior": 4.021536967025843, "rate": 2.7729236097038474}, "datetime": {"datetime": "2024-06-13 09:18:04", "elapsed": 55.166548, "delta": 0.104692}}
{"target": -155.22834392448587, "params": {"p_ai": 0.9615339246006319, "p_al": 1.1881853207208233, "p_ex": 3.1801295937194918, "prior": 9.507977547943128, "rate": 2.0748582416284203}, "datetime": {"datetime": "2024-06-13 09:18:04", "elapsed": 55.270298, "delta": 0.10375}}
{"target": -892.8559978256792, "params": {"p_ai": 7.473055930271166, "p_al": 2.5826284514108324, "p_ex": 0.37336531585223737, "prior": 0.16150603946145364, "rate": 1.5279066058805837}, "datetime": {"datetime": "2024-06-13 09:18:04", "elapsed": 55.375987, "delta": 0.105689}}
{"target": -359.3955358650158, "params": {"p_ai": 4.621379845784425, "p_al": 7.559255074280514, "p_ex": 7.2884205045195944, "prior": 3.524542035387884, "rate": 4.7919136483503735}, "datetime": {"datetime": "2024-06-13 09:18:04", "elapsed": 55.479501, "delta": 0.103514}}
{"target": -1372.2321764912629, "params": {"p_ai": 8.140923460003277, "p_al": 8.384190660883412, "p_ex": 3.1998470874794367, "prior": 0.043645919052664246, "rate": 0.4702615014191002}, "datetime": {"datetime": "2024-06-13 09:18:04", "elapsed": 55.58422, "delta": 0.104719}}
{"target": -497.56092622331784, "params": {"p_ai": 7.378335968662237, "p_al": 2.7270501784440078, "p_ex": 4.815376636054336, "prior": 1.9211206290454117, "rate": 8.471282047905861}, "datetime": {"datetime": "2024-06-13 09:18:05", "elapsed": 55.688659, "delta": 0.104439}}
{"target": -416.32732465315576, "params": {"p_ai": 5.034272718755895, "p_al": 5.272074597046892, "p_ex": 2.881507801269463, "prior": 5.120480307408566, "rate": 0.020634490179817777}, "datetime": {"datetime": "2024-06-13 09:18:05", "elapsed": 55.792419, "delta": 0.10376}}
{"target": -327.17465284442005, "params": {"p_ai": 2.7736731083917574, "p_al": 3.488281072400821, "p_ex": 2.8402249120040706, "prior": 0.8604363235466009, "rate": 5.2182903111313514}, "datetime": {"datetime": "2024-06-13 09:18:05", "elapsed": 55.896141, "delta": 0.103722}}
{"target": -581.0316139974979, "params": {"p_ai": 7.885002854601779, "p_al": 9.426041757646109, "p_ex": 4.973400631374519, "prior": 5.93794482969608, "rate": 2.9093085181668954}, "datetime": {"datetime": "2024-06-13 09:18:05", "elapsed": 56.006143, "delta": 0.110002}}
{"target": -141.52515489623502, "params": {"p_ai": 1.492445929692968, "p_al": 1.3195850355936822, "p_ex": 7.323875397919708, "prior": 7.344959884063995, "rate": 1.7943208163497153}, "datetime": {"datetime": "2024-06-13 09:18:05", "elapsed": 56.109688, "delta": 0.103545}}
{"target": -361.01418983946826, "params": {"p_ai": 4.136190237378143, "p_al": 5.941849134587504, "p_ex": 1.2536941799153012, "prior": 7.85390412973879, "rate": 6.20030204099907}, "datetime": {"datetime": "2024-06-13 09:18:05", "elapsed": 56.213394, "delta": 0.103706}}
{"target": -362.0619582682997, "params": {"p_ai": 6.152601693393037, "p_al": 7.012379711094405, "p_ex": 9.871843637581678, "prior": 5.624382165115826, "rate": 8.644298200721781}, "datetime": {"datetime": "2024-06-13 09:18:05", "elapsed": 56.317683, "delta": 0.104289}}
{"target": -268.02260880961006, "params": {"p_ai": 4.187668041896602, "p_al": 6.545039042923117, "p_ex": 9.252686617399803, "prior": 6.64184400562511, "rate": 3.031503678754719}, "datetime": {"datetime": "2024-06-13 09:18:05", "elapsed": 56.421158, "delta": 0.103475}}
{"target": -449.6534486657042, "params": {"p_ai": 6.199836992922438, "p_al": 3.5138318852615673, "p_ex": 3.224344384669061, "prior": 6.102440382404956, "rate": 1.6040719966518822}, "datetime": {"datetime": "2024-06-13 09:18:05", "elapsed": 56.525852, "delta": 0.104694}}
{"target": -525.0499857026299, "params": {"p_ai": 4.867902618641776, "p_al": 9.456397215578926, "p_ex": 3.839758505543401, "prior": 1.8904369698648686, "rate": 4.688920657472168}, "datetime": {"datetime": "2024-06-13 09:18:06", "elapsed": 56.63801, "delta": 0.112158}}
{"target": -982.0221937965243, "params": {"p_ai": 8.409237406703872, "p_al": 8.426834558227732, "p_ex": 8.278204591352763, "prior": 0.11574365054552785, "rate": 2.6711360589730235}, "datetime": {"datetime": "2024-06-13 09:18:06", "elapsed": 56.75769, "delta": 0.11968}}
{"target": -629.8880889800547, "params": {"p_ai": 9.99875799995505, "p_al": 1.1977130886476726, "p_ex": 4.901404871380246, "prior": 7.900471479876251, "rate": 1.223016887028468}, "datetime": {"datetime": "2024-06-13 09:18:06", "elapsed": 56.867425, "delta": 0.109735}}
{"target": -493.2320057300877, "params": {"p_ai": 6.624429397731788, "p_al": 4.881316374767721, "p_ex": 1.9437055308797813, "prior": 8.786421635800622, "rate": 1.8156924881797458}, "datetime": {"datetime": "2024-06-13 09:18:06", "elapsed": 56.971813, "delta": 0.104388}}
{"target": -463.3344798884248, "params": {"p_ai": 6.390889540088459, "p_al": 7.4085279551010945, "p_ex": 5.6271661930456895, "prior": 6.288786844403314, "rate": 1.1905350008234223}, "datetime": {"datetime": "2024-06-13 09:18:06", "elapsed": 57.075529, "delta": 0.103716}}
{"target": -264.6825471986843, "params": {"p_ai": 3.0810618335582585, "p_al": 5.870035110089563, "p_ex": 3.955241699358807, "prior": 6.639796868246575, "rate": 8.519694493398179}, "datetime": {"datetime": "2024-06-13 09:18:06", "elapsed": 57.180249, "delta": 0.10472}}
{"target": -216.97786635393732, "params": {"p_ai": 1.903030671032523, "p_al": 9.032823736002479, "p_ex": 3.8323753284605018, "prior": 9.431300182951817, "rate": 6.174205747936627}, "datetime": {"datetime": "2024-06-13 09:18:06", "elapsed": 57.284968, "delta": 0.104719}}
{"target": -578.2478967599238, "params": {"p_ai": 7.901165115937855, "p_al": 5.148239508303887, "p_ex": 5.311915799238696, "prior": 3.276611393760953, "rate": 1.2945177075663274}, "datetime": {"datetime": "2024-06-13 09:18:06", "elapsed": 57.394683, "delta": 0.109715}}
{"target": -359.31373386360156, "params": {"p_ai": 3.8388352966923764, "p_al": 2.1505498314359848, "p_ex": 0.32961969356328386, "prior": 2.7495934114227696, "rate": 1.8065799506159026}, "datetime": {"datetime": "2024-06-13 09:18:06", "elapsed": 57.501286, "delta": 0.106603}}
{"target": -593.7223354351187, "params": {"p_ai": 8.75542762006619, "p_al": 0.8132843877516185, "p_ex": 1.8397720952197505, "prior": 7.040602924667807, "rate": 9.192339684311714}, "datetime": {"datetime": "2024-06-13 09:18:07", "elapsed": 57.613552, "delta": 0.112266}}
{"target": -150.96342614869386, "params": {"p_ai": 2.515333063867109, "p_al": 0.21399001348235436, "p_ex": 9.605084223078242, "prior": 6.8225241840990325, "rate": 3.107316297942495}, "datetime": {"datetime": "2024-06-13 09:18:07", "elapsed": 57.721435, "delta": 0.107883}}
{"target": -354.8588206964156, "params": {"p_ai": 4.724262048710183, "p_al": 5.992959482913756, "p_ex": 3.7393118520813564, "prior": 8.74500347841515, "rate": 7.261999710487967}, "datetime": {"datetime": "2024-06-13 09:18:07", "elapsed": 57.836128, "delta": 0.114693}}
{"target": -551.5417978153417, "params": {"p_ai": 9.543452705537488, "p_al": 3.5113041629592687, "p_ex": 9.37180371312909, "prior": 4.791526641683215, "rate": 6.423584063846066}, "datetime": {"datetime": "2024-06-13 09:18:07", "elapsed": 57.941845, "delta": 0.105717}}
{"target": -551.9891103561146, "params": {"p_ai": 7.36673540034412, "p_al": 8.093570352087795, "p_ex": 3.963197413459656, "prior": 4.480011839169197, "rate": 8.172952984101395}, "datetime": {"datetime": "2024-06-13 09:18:07", "elapsed": 58.047633, "delta": 0.105788}}
{"target": -630.2199425173449, "params": {"p_ai": 7.175854473706459, "p_al": 9.408551244537064, "p_ex": 9.795999116306994, "prior": 1.7899544503221003, "rate": 2.2799661987157394}, "datetime": {"datetime": "2024-06-13 09:18:07", "elapsed": 58.160764, "delta": 0.113131}}
{"target": -482.4519292563834, "params": {"p_ai": 7.16014848634319, "p_al": 7.474079963807781, "p_ex": 6.032192362771022, "prior": 8.773120342450891, "rate": 2.5206526306452743}, "datetime": {"datetime": "2024-06-13 09:18:07", "elapsed": 58.266481, "delta": 0.105717}}
{"target": -294.71102472815403, "params": {"p_ai": 3.3955344555736273, "p_al": 4.946973834220983, "p_ex": 3.150955862596707, "prior": 5.454845454328703, "rate": 6.8250983149001465}, "datetime": {"datetime": "2024-06-13 09:18:07", "elapsed": 58.370202, "delta": 0.103721}}
{"target": -195.40561612735118, "params": {"p_ai": 2.2044486446357947, "p_al": 4.853889202229838, "p_ex": 9.929820595017146, "prior": 3.242288870509168, "rate": 0.35458383299364826}, "datetime": {"datetime": "2024-06-13 09:18:07", "elapsed": 58.474507, "delta": 0.104305}}
{"target": -606.5311569400602, "params": {"p_ai": 8.173699941110849, "p_al": 5.033564529213024, "p_ex": 0.5287857773295865, "prior": 8.903159967215188, "rate": 4.045739285423598}, "datetime": {"datetime": "2024-06-13 09:18:07", "elapsed": 58.580226, "delta": 0.105719}}
{"target": -716.0432231687952, "params": {"p_ai": 9.292802548221829, "p_al": 4.0213796598318154, "p_ex": 0.7692460154620339, "prior": 2.4537661400558073, "rate": 3.503254796566321}, "datetime": {"datetime": "2024-06-13 09:18:08", "elapsed": 58.687932, "delta": 0.107706}}
{"target": -487.4404661026808, "params": {"p_ai": 7.507532195259897, "p_al": 1.8482967753404873, "p_ex": 4.310305563605018, "prior": 8.732580952739871, "rate": 5.338077152636459}, "datetime": {"datetime": "2024-06-13 09:18:08", "elapsed": 58.79362, "delta": 0.105688}}
{"target": -126.95003752399357, "params": {"p_ai": 1.0324440427708175, "p_al": 0.24620034805926763, "p_ex": 7.058392201809326, "prior": 9.791295782091213, "rate": 7.851867464260117}, "datetime": {"datetime": "2024-06-13 09:18:08", "elapsed": 58.900336, "delta": 0.106716}}
{"target": -847.7651029769122, "params": {"p_ai": 7.647497242257331, "p_al": 6.754799709264521, "p_ex": 7.9552316002763535, "prior": 0.40113783894076427, "rate": 2.647551635536823}, "datetime": {"datetime": "2024-06-13 09:18:08", "elapsed": 59.007619, "delta": 0.107283}}
{"target": -541.3785173781731, "params": {"p_ai": 6.9542799621795535, "p_al": 8.670016307747831, "p_ex": 6.746394111296426, "prior": 1.7635850037063328, "rate": 9.363148290996985}, "datetime": {"datetime": "2024-06-13 09:18:08", "elapsed": 59.113971, "delta": 0.106352}}
{"target": -614.7038787914444, "params": {"p_ai": 9.033883622408418, "p_al": 0.8677009826349238, "p_ex": 1.9308073757049558, "prior": 2.7526551130746566, "rate": 7.384380294175464}, "datetime": {"datetime": "2024-06-13 09:18:08", "elapsed": 59.22165, "delta": 0.107679}}
{"target": -660.3357439124181, "params": {"p_ai": 8.59387390968027, "p_al": 5.7836455521280605, "p_ex": 1.9972560609459706, "prior": 4.151483786326004, "rate": 1.3794541434408072}, "datetime": {"datetime": "2024-06-13 09:18:08", "elapsed": 59.328467, "delta": 0.106817}}
{"target": -670.2300372174951, "params": {"p_ai": 9.174044472397386, "p_al": 7.645544873164326, "p_ex": 5.10262812422697, "prior": 4.536296856665209, "rate": 0.9793229413773535}, "datetime": {"datetime": "2024-06-13 09:18:08", "elapsed": 59.434664, "delta": 0.106197}}
{"target": -199.42370603508655, "params": {"p_ai": 3.1874348876469725, "p_al": 1.2072073207786072, "p_ex": 7.823598295559239, "prior": 5.44929218305527, "rate": 2.2735465367701733}, "datetime": {"datetime": "2024-06-13 09:18:08", "elapsed": 59.538942, "delta": 0.104278}}
{"target": -228.65985765759666, "params": {"p_ai": 2.242804189720107, "p_al": 2.6047215769603396, "p_ex": 3.0894186504102437, "prior": 3.8776636126823174, "rate": 2.9761917748399953}, "datetime": {"datetime": "2024-06-13 09:18:09", "elapsed": 59.645657, "delta": 0.106715}}
{"target": -450.8109844335172, "params": {"p_ai": 6.795879389436971, "p_al": 0.351701119431484, "p_ex": 3.2817750389987497, "prior": 7.4531734367072975, "rate": 9.428137042767773}, "datetime": {"datetime": "2024-06-13 09:18:09", "elapsed": 59.753398, "delta": 0.107741}}
{"target": -573.9072287699432, "params": {"p_ai": 8.027522769025355, "p_al": 2.4090212695059683, "p_ex": 2.329921768369933, "prior": 1.904177610377174, "rate": 8.825092851051235}, "datetime": {"datetime": "2024-06-13 09:18:09", "elapsed": 59.85815, "delta": 0.104752}}
{"target": -496.4541445255158, "params": {"p_ai": 2.3793190167249576, "p_al": 7.582048053507862, "p_ex": 2.611236264315461, "prior": 0.3317853522317488, "rate": 7.334743552987591}, "datetime": {"datetime": "2024-06-13 09:18:09", "elapsed": 59.962072, "delta": 0.103922}}
{"target": -484.2679306746924, "params": {"p_ai": 7.262291896142214, "p_al": 0.8905021504995737, "p_ex": 3.2676858780380864, "prior": 9.483704536600037, "rate": 1.6303270368232625}, "datetime": {"datetime": "2024-06-13 09:18:09", "elapsed": 60.067394, "delta": 0.105322}}
{"target": -177.39480435699613, "params": {"p_ai": 0.8676380540564483, "p_al": 5.946444277228148, "p_ex": 9.309967663594373, "prior": 1.3386492991231709, "rate": 5.130609924306518}, "datetime": {"datetime": "2024-06-13 09:18:09", "elapsed": 60.172594, "delta": 0.1052}}
{"target": -511.7521371423207, "params": {"p_ai": 6.84030814195546, "p_al": 1.7191257663086643, "p_ex": 0.11358767502840258, "prior": 8.876943621666769, "rate": 0.3532774752629418}, "datetime": {"datetime": "2024-06-13 09:18:09", "elapsed": 60.277313, "delta": 0.104719}}
{"target": -587.1841995114696, "params": {"p_ai": 2.575325379792938, "p_al": 6.5171886333749445, "p_ex": 2.8585435506242662, "prior": 0.09806625815159087, "rate": 5.754942892815359}, "datetime": {"datetime": "2024-06-13 09:18:09", "elapsed": 60.382057, "delta": 0.104744}}
{"target": -175.65814147009306, "params": {"p_ai": 3.078614991068771, "p_al": 1.5159891044593792, "p_ex": 9.712861834014069, "prior": 1.6505577067216257, "rate": 7.272627175991628}, "datetime": {"datetime": "2024-06-13 09:18:09", "elapsed": 60.487082, "delta": 0.105025}}
{"target": -829.9747814079698, "params": {"p_ai": 8.907351190743636, "p_al": 8.587292442153725, "p_ex": 1.8433864145173096, "prior": 2.3688485284086984, "rate": 0.1846080023892216}, "datetime": {"datetime": "2024-06-13 09:18:10", "elapsed": 60.601774, "delta": 0.114692}}
{"target": -938.2636660083242, "params": {"p_ai": 9.314123267181278, "p_al": 8.871324645396406, "p_ex": 5.95506622352646, "prior": 1.0945671874130298, "rate": 1.736252925778173}, "datetime": {"datetime": "2024-06-13 09:18:10", "elapsed": 60.70749, "delta": 0.105716}}
{"target": -464.9540258098138, "params": {"p_ai": 5.770026748955153, "p_al": 2.5173180780279494, "p_ex": 3.0024181605272484, "prior": 1.7107025020812408, "rate": 1.8967275990085757}, "datetime": {"datetime": "2024-06-13 09:18:10", "elapsed": 60.812794, "delta": 0.105304}}
