{"target": -306.16287155895355, "params": {"gamma": 7.113433866846732, "prior": 5.583457649409001, "rate": 3.0458753612182816}, "datetime": {"datetime": "2024-06-14 19:13:27", "elapsed": 1.854059, "delta": 0.008976}}
{"target": -420.8745360663569, "params": {"gamma": 8.348705622270353, "prior": 4.409528980532247, "rate": 9.234638694972633}, "datetime": {"datetime": "2024-06-14 19:13:27", "elapsed": 1.862038, "delta": 0.007979}}
{"target": -284.4761689817497, "params": {"gamma": 7.0608119915549965, "prior": 4.8325099488563055, "rate": 1.2629748273898376}, "datetime": {"datetime": "2024-06-14 19:13:27", "elapsed": 1.872011, "delta": 0.009973}}
{"target": -449.8740979562078, "params": {"gamma": 9.760459461127008, "prior": 1.6823531384065245, "rate": 2.026818650071406}, "datetime": {"datetime": "2024-06-14 19:13:27", "elapsed": 1.880987, "delta": 0.008976}}
{"target": -206.55600326207315, "params": {"gamma": 4.312386369848549, "prior": 4.101598867173958, "rate": 1.4683680561621768}, "datetime": {"datetime": "2024-06-14 19:13:27", "elapsed": 1.889963, "delta": 0.008976}}
{"target": -392.21459582647714, "params": {"gamma": 7.293459874691873, "prior": 1.968576162084141, "rate": 6.439312547472317}, "datetime": {"datetime": "2024-06-14 19:13:27", "elapsed": 1.898939, "delta": 0.008976}}
{"target": -396.5530680770607, "params": {"gamma": 7.543305199812411, "prior": 2.1862506816248755, "rate": 6.0099415268282925}, "datetime": {"datetime": "2024-06-14 19:13:27", "elapsed": 1.908913, "delta": 0.009974}}
{"target": -342.13370943981715, "params": {"gamma": 7.489534824083119, "prior": 6.418365235141301, "rate": 5.971675902163545}, "datetime": {"datetime": "2024-06-14 19:13:27", "elapsed": 1.917888, "delta": 0.008975}}
{"target": -182.12995544099812, "params": {"gamma": 2.955527374269315, "prior": 7.342904065290937, "rate": 9.453139091559498}, "datetime": {"datetime": "2024-06-14 19:13:27", "elapsed": 1.926864, "delta": 0.008976}}
{"target": -198.72453093610687, "params": {"gamma": 4.256188341225208, "prior": 7.843599986630912, "rate": 0.5623542555794911}, "datetime": {"datetime": "2024-06-14 19:13:27", "elapsed": 1.936838, "delta": 0.009974}}
{"target": -417.7921696908428, "params": {"gamma": 8.35288075329717, "prior": 2.0032751665392623, "rate": 3.951573592030842}, "datetime": {"datetime": "2024-06-14 19:13:27", "elapsed": 1.945814, "delta": 0.008976}}
{"target": -210.25710155373972, "params": {"gamma": 3.001510378207639, "prior": 0.893026073679888, "rate": 9.046405398359493}, "datetime": {"datetime": "2024-06-14 19:13:27", "elapsed": 1.953792, "delta": 0.007978}}
{"target": -201.19955246899178, "params": {"gamma": 3.702171621359829, "prior": 5.353904640913781, "rate": 4.941668542697355}, "datetime": {"datetime": "2024-06-14 19:13:27", "elapsed": 1.962769, "delta": 0.008977}}
{"target": -142.79395326442852, "params": {"gamma": 1.3224792582874385, "prior": 2.143895183005387, "rate": 0.7628119015141794}, "datetime": {"datetime": "2024-06-14 19:13:27", "elapsed": 1.972744, "delta": 0.009975}}
{"target": -259.71396952147666, "params": {"gamma": 5.07970907775293, "prior": 2.6893405631465725, "rate": 3.5712590272190368}, "datetime": {"datetime": "2024-06-14 19:13:27", "elapsed": 1.98172, "delta": 0.008976}}
{"target": -141.44840220457124, "params": {"gamma": 1.0815452216436712, "prior": 7.896763212559821, "rate": 1.0667321840112223}, "datetime": {"datetime": "2024-06-14 19:13:27", "elapsed": 1.990697, "delta": 0.008977}}
{"target": -516.2978623810665, "params": {"gamma": 9.857102528308165, "prior": 1.8538955279403317, "rate": 5.724478719234059}, "datetime": {"datetime": "2024-06-14 19:13:27", "elapsed": 2.00067, "delta": 0.009973}}
{"target": -144.70336289330683, "params": {"gamma": 0.4494085005562922, "prior": 7.892451267592758, "rate": 1.8968698722351471}, "datetime": {"datetime": "2024-06-14 19:13:27", "elapsed": 2.009646, "delta": 0.008976}}
{"target": -228.90172421051034, "params": {"gamma": 5.279511880102859, "prior": 7.426767677274809, "rate": 1.5001649176876422}, "datetime": {"datetime": "2024-06-14 19:13:27", "elapsed": 2.018622, "delta": 0.008976}}
{"target": -306.94195102681516, "params": {"gamma": 5.511320654695531, "prior": 2.2445103624549163, "rate": 7.592201297122131}, "datetime": {"datetime": "2024-06-14 19:13:27", "elapsed": 2.027599, "delta": 0.008977}}
{"target": -403.81251085317496, "params": {"gamma": 7.229429020368581, "prior": 1.847835439343122, "rate": 8.619803610113067}, "datetime": {"datetime": "2024-06-14 19:13:27", "elapsed": 2.036574, "delta": 0.008975}}
{"target": -148.5253325587257, "params": {"gamma": 0.1987312200639263, "prior": 8.61634627448884, "rate": 5.589479207798223}, "datetime": {"datetime": "2024-06-14 19:13:27", "elapsed": 2.04555, "delta": 0.008976}}
{"target": -212.66003039615282, "params": {"gamma": 4.032801500586387, "prior": 7.611594617121132, "rate": 7.169573087923007}, "datetime": {"datetime": "2024-06-14 19:13:27", "elapsed": 2.054526, "delta": 0.008976}}
{"target": -349.13033711070847, "params": {"gamma": 9.873274421909457, "prior": 2.8530419812685297, "rate": 0.03893293042101652}, "datetime": {"datetime": "2024-06-14 19:13:27", "elapsed": 2.064499, "delta": 0.009973}}
{"target": -410.22039750984266, "params": {"gamma": 9.339092180540563, "prior": 8.593181334925148, "rate": 7.28877992431504}, "datetime": {"datetime": "2024-06-14 19:13:27", "elapsed": 2.073477, "delta": 0.008978}}
{"target": -257.6769212790816, "params": {"gamma": 5.167371140432463, "prior": 7.098866827962734, "rate": 7.805515039210552}, "datetime": {"datetime": "2024-06-14 19:13:27", "elapsed": 2.081456, "delta": 0.007979}}
{"target": -203.62656327715558, "params": {"gamma": 3.749384559425057, "prior": 7.72619300076658, "rate": 7.506492567432579}, "datetime": {"datetime": "2024-06-14 19:13:27", "elapsed": 2.091969, "delta": 0.010513}}
{"target": -311.86340814460016, "params": {"gamma": 6.132498904231054, "prior": 4.07847264728159, "rate": 6.9733828846241455}, "datetime": {"datetime": "2024-06-14 19:13:27", "elapsed": 2.100944, "delta": 0.008975}}
{"target": -151.79266188800747, "params": {"gamma": 0.032125465394095866, "prior": 7.771476802573518, "rate": 8.964269607966013}, "datetime": {"datetime": "2024-06-14 19:13:27", "elapsed": 2.10992, "delta": 0.008976}}
{"target": -168.6706097677815, "params": {"gamma": 2.393917758667609, "prior": 1.2955951246613744, "rate": 2.2036195939494823}, "datetime": {"datetime": "2024-06-14 19:13:27", "elapsed": 2.118897, "delta": 0.008977}}
{"target": -175.6495732525735, "params": {"gamma": 3.021665216169693, "prior": 8.841982234781959, "rate": 5.432121135950708}, "datetime": {"datetime": "2024-06-14 19:13:27", "elapsed": 2.127872, "delta": 0.008975}}
{"target": -184.82961833040554, "params": {"gamma": 2.8678297844146994, "prior": 1.4697114289501707, "rate": 2.902154486582312}, "datetime": {"datetime": "2024-06-14 19:13:27", "elapsed": 2.13739, "delta": 0.009518}}
{"target": -304.13121156686486, "params": {"gamma": 6.139097026322785, "prior": 3.3089714459847217, "rate": 4.574144456728294}, "datetime": {"datetime": "2024-06-14 19:13:27", "elapsed": 2.145875, "delta": 0.008485}}
{"target": -215.26306876385456, "params": {"gamma": 4.441726953059129, "prior": 8.29854007124197, "rate": 4.264055194208071}, "datetime": {"datetime": "2024-06-14 19:13:27", "elapsed": 2.155848, "delta": 0.009973}}
{"target": -182.1506302204698, "params": {"gamma": 3.4576425129338477, "prior": 6.782218887610141, "rate": 2.215599075279554}, "datetime": {"datetime": "2024-06-14 19:13:27", "elapsed": 2.164824, "delta": 0.008976}}
{"target": -253.73261854874616, "params": {"gamma": 4.672990993441612, "prior": 3.216180304507763, "rate": 6.268929166026184}, "datetime": {"datetime": "2024-06-14 19:13:27", "elapsed": 2.1738, "delta": 0.008976}}
{"target": -429.51514167739106, "params": {"gamma": 8.773727386473432, "prior": 4.532121101441722, "rate": 7.84478973050044}, "datetime": {"datetime": "2024-06-14 19:13:27", "elapsed": 2.182776, "delta": 0.008976}}
{"target": -209.11044730844492, "params": {"gamma": 4.570200039914943, "prior": 6.596670383999601, "rate": 1.3192779092999938}, "datetime": {"datetime": "2024-06-14 19:13:27", "elapsed": 2.191752, "delta": 0.008976}}
{"target": -216.11451312530855, "params": {"gamma": 4.3303820881695145, "prior": 9.102188687683872, "rate": 6.055184531308316}, "datetime": {"datetime": "2024-06-14 19:13:27", "elapsed": 2.200728, "delta": 0.008976}}
{"target": -351.539434921318, "params": {"gamma": 7.6679790977837845, "prior": 5.096536020149354, "rate": 4.981058192655247}, "datetime": {"datetime": "2024-06-14 19:13:27", "elapsed": 2.209704, "delta": 0.008976}}
{"target": -487.5008627825137, "params": {"gamma": 8.429155502088307, "prior": 0.7712886499754421, "rate": 5.733149443225297}, "datetime": {"datetime": "2024-06-14 19:13:27", "elapsed": 2.219678, "delta": 0.009974}}
{"target": -370.46893482080384, "params": {"gamma": 9.42768299175406, "prior": 5.226814476905987, "rate": 1.945463629469317}, "datetime": {"datetime": "2024-06-14 19:13:27", "elapsed": 2.228653, "delta": 0.008975}}
{"target": -440.9194948617275, "params": {"gamma": 8.479545985042318, "prior": 2.5912275093229433, "rate": 7.007559638788898}, "datetime": {"datetime": "2024-06-14 19:13:27", "elapsed": 2.237629, "delta": 0.008976}}
{"target": -252.10998269797395, "params": {"gamma": 5.403069143028603, "prior": 9.493479253974174, "rate": 6.2437426873243576}, "datetime": {"datetime": "2024-06-14 19:13:27", "elapsed": 2.246605, "delta": 0.008976}}
{"target": -560.4816518706954, "params": {"gamma": 8.379941642515245, "prior": 0.17853547432577865, "rate": 9.893411221610213}, "datetime": {"datetime": "2024-06-14 19:13:27", "elapsed": 2.256579, "delta": 0.009974}}
{"target": -144.61297822843318, "params": {"gamma": 0.7780679887535326, "prior": 3.2890821847862193, "rate": 9.461577802172197}, "datetime": {"datetime": "2024-06-14 19:13:27", "elapsed": 2.265555, "delta": 0.008976}}
{"target": -150.58887170274093, "params": {"gamma": 0.09038208461007943, "prior": 8.24502705367716, "rate": 8.612255172029577}, "datetime": {"datetime": "2024-06-14 19:13:27", "elapsed": 2.274531, "delta": 0.008976}}
{"target": -252.90259094335008, "params": {"gamma": 4.398868311271517, "prior": 2.631877418678719, "rate": 8.027092506813352}, "datetime": {"datetime": "2024-06-14 19:13:27", "elapsed": 2.284504, "delta": 0.009973}}
{"target": -288.2502623445728, "params": {"gamma": 4.77914218231778, "prior": 1.429952225691392, "rate": 9.278562079257282}, "datetime": {"datetime": "2024-06-14 19:13:27", "elapsed": 2.29348, "delta": 0.008976}}
{"target": -437.7032107579671, "params": {"gamma": 8.959803700099478, "prior": 4.966296985167659, "rate": 8.567168262681404}, "datetime": {"datetime": "2024-06-14 19:13:27", "elapsed": 2.305448, "delta": 0.011968}}
{"target": -209.1739120419567, "params": {"gamma": 4.1863616796152225, "prior": 6.866302511646381, "rate": 3.9805084034398166}, "datetime": {"datetime": "2024-06-14 19:13:27", "elapsed": 2.315421, "delta": 0.009973}}
{"target": -295.24076343007454, "params": {"gamma": 5.057914432490653, "prior": 1.9765618580558806, "rate": 9.649924252185027}, "datetime": {"datetime": "2024-06-14 19:13:27", "elapsed": 2.324397, "delta": 0.008976}}
{"target": -181.7091453706675, "params": {"gamma": 2.9428626667543027, "prior": 1.1242496055523734, "rate": 1.4440096868902519}, "datetime": {"datetime": "2024-06-14 19:13:27", "elapsed": 2.333374, "delta": 0.008977}}
{"target": -149.5733326972764, "params": {"gamma": 0.14190884963023712, "prior": 7.187862424677705, "rate": 5.645418704088501}, "datetime": {"datetime": "2024-06-14 19:13:27", "elapsed": 2.343346, "delta": 0.009972}}
{"target": -386.4556815328782, "params": {"gamma": 7.945988933496338, "prior": 5.12009124051295, "rate": 7.918418574002035}, "datetime": {"datetime": "2024-06-14 19:13:27", "elapsed": 2.35332, "delta": 0.009974}}
{"target": -299.1948946294624, "params": {"gamma": 6.957946378504123, "prior": 7.800699920905836, "rate": 4.065422206901887}, "datetime": {"datetime": "2024-06-14 19:13:27", "elapsed": 2.362296, "delta": 0.008976}}
{"target": -326.92877255525747, "params": {"gamma": 6.478058561241625, "prior": 1.8799635471604466, "rate": 3.2188778139156518}, "datetime": {"datetime": "2024-06-14 19:13:27", "elapsed": 2.371275, "delta": 0.008979}}
{"target": -147.89778280914499, "params": {"gamma": 1.7268735965778053, "prior": 4.145508527631297, "rate": 2.4149460609080227}, "datetime": {"datetime": "2024-06-14 19:13:27", "elapsed": 2.381248, "delta": 0.009973}}
{"target": -198.7968592432392, "params": {"gamma": 4.069813019299451, "prior": 9.75470119012939, "rate": 3.2038729388944907}, "datetime": {"datetime": "2024-06-14 19:13:27", "elapsed": 2.390224, "delta": 0.008976}}
{"target": -406.919860435038, "params": {"gamma": 9.824926958803978, "prior": 6.399430645974237, "rate": 3.7515350929207165}, "datetime": {"datetime": "2024-06-14 19:13:27", "elapsed": 2.398203, "delta": 0.007979}}
{"target": -345.2160510445706, "params": {"gamma": 8.574987506336882, "prior": 6.2339087197488805, "rate": 2.521078768228263}, "datetime": {"datetime": "2024-06-14 19:13:27", "elapsed": 2.408176, "delta": 0.009973}}
{"target": -352.99570695679483, "params": {"gamma": 7.9287639240909, "prior": 4.386091236468214, "rate": 3.5757541621370836}, "datetime": {"datetime": "2024-06-14 19:13:27", "elapsed": 2.416155, "delta": 0.007979}}
{"target": -179.2047197680983, "params": {"gamma": 3.3034390883142843, "prior": 7.003951868570081, "rate": 2.6872325889383593}, "datetime": {"datetime": "2024-06-14 19:13:27", "elapsed": 2.426128, "delta": 0.009973}}
{"target": -400.55545013757404, "params": {"gamma": 8.082971859040095, "prior": 3.0233590645584933, "rate": 5.441669714469987}, "datetime": {"datetime": "2024-06-14 19:13:27", "elapsed": 2.434107, "delta": 0.007979}}
{"target": -245.19320052438505, "params": {"gamma": 4.879726996560219, "prior": 8.56802848469416, "rate": 8.883975957519464}, "datetime": {"datetime": "2024-06-14 19:13:27", "elapsed": 2.443083, "delta": 0.008976}}
{"target": -154.58756521385615, "params": {"gamma": 1.8446600392352996, "prior": 5.894949743488685, "rate": 8.982152255125355}, "datetime": {"datetime": "2024-06-14 19:13:27", "elapsed": 2.452059, "delta": 0.008976}}
{"target": -209.14416033616834, "params": {"gamma": 4.461726073125263, "prior": 9.226496224289772, "rate": 2.790629913679252}, "datetime": {"datetime": "2024-06-14 19:13:27", "elapsed": 2.461035, "delta": 0.008976}}
{"target": -259.17412099010323, "params": {"gamma": 6.0887029107637645, "prior": 6.856291726691472, "rate": 2.2828291277714907}, "datetime": {"datetime": "2024-06-14 19:13:27", "elapsed": 2.470011, "delta": 0.008976}}
{"target": -149.7468626862872, "params": {"gamma": 0.13866135806461027, "prior": 4.225567227469891, "rate": 9.384880436675484}, "datetime": {"datetime": "2024-06-14 19:13:27", "elapsed": 2.478987, "delta": 0.008976}}
{"target": -179.6420209637591, "params": {"gamma": 3.430938070194235, "prior": 7.819468525277739, "rate": 1.7481883919612469}, "datetime": {"datetime": "2024-06-14 19:13:27", "elapsed": 2.487963, "delta": 0.008976}}
{"target": -218.1123703091007, "params": {"gamma": 3.420186410188222, "prior": 1.531517436297158, "rate": 7.167991370649615}, "datetime": {"datetime": "2024-06-14 19:13:27", "elapsed": 2.496939, "delta": 0.008976}}
{"target": -289.9385584139219, "params": {"gamma": 6.993376929344446, "prior": 6.916123447694296, "rate": 2.5347069488285103}, "datetime": {"datetime": "2024-06-14 19:13:27", "elapsed": 2.505915, "delta": 0.008976}}
{"target": -348.83361361443406, "params": {"gamma": 6.923908856112466, "prior": 2.350245655067901, "rate": 4.247066510197466}, "datetime": {"datetime": "2024-06-14 19:13:27", "elapsed": 2.514891, "delta": 0.008976}}
{"target": -185.91862810453412, "params": {"gamma": 3.7198492945552046, "prior": 3.61754832503921, "rate": 0.5774904176053226}, "datetime": {"datetime": "2024-06-14 19:13:27", "elapsed": 2.523867, "delta": 0.008976}}
{"target": -293.7164314801615, "params": {"gamma": 6.316834622032531, "prior": 7.102434366548825, "rate": 6.136273356333854}, "datetime": {"datetime": "2024-06-14 19:13:27", "elapsed": 2.532843, "delta": 0.008976}}
{"target": -298.9489596953187, "params": {"gamma": 6.483479248875083, "prior": 1.7824130707508519, "rate": 1.495318542589686}, "datetime": {"datetime": "2024-06-14 19:13:27", "elapsed": 2.540822, "delta": 0.007979}}
{"target": -225.32386646751888, "params": {"gamma": 5.142236260215303, "prior": 8.765793990909938, "rate": 1.8403504620306732}, "datetime": {"datetime": "2024-06-14 19:13:27", "elapsed": 2.549798, "delta": 0.008976}}
{"target": -238.32422686776937, "params": {"gamma": 4.628928347963892, "prior": 4.3464301068960385, "rate": 4.973394570009244}, "datetime": {"datetime": "2024-06-14 19:13:27", "elapsed": 2.558774, "delta": 0.008976}}
{"target": -147.28505010878428, "params": {"gamma": 1.6159461940896331, "prior": 3.4901623472346244, "rate": 2.6195421606310987}, "datetime": {"datetime": "2024-06-14 19:13:27", "elapsed": 2.56775, "delta": 0.008976}}
{"target": -352.1269127057099, "params": {"gamma": 8.44542490535156, "prior": 8.023289233186377, "rate": 4.266964943523168}, "datetime": {"datetime": "2024-06-14 19:13:27", "elapsed": 2.577231, "delta": 0.009481}}
{"target": -333.0319919789281, "params": {"gamma": 6.070547592429601, "prior": 1.5401095416355777, "rate": 5.096623328881369}, "datetime": {"datetime": "2024-06-14 19:13:27", "elapsed": 2.586207, "delta": 0.008976}}
{"target": -176.62969299920138, "params": {"gamma": 2.9701739107832585, "prior": 8.61054444033509, "rate": 6.716312210682993}, "datetime": {"datetime": "2024-06-14 19:13:27", "elapsed": 2.594186, "delta": 0.007979}}
{"target": -348.1187058644192, "params": {"gamma": 6.335106652211588, "prior": 1.3350378706848745, "rate": 4.706408207109359}, "datetime": {"datetime": "2024-06-14 19:13:27", "elapsed": 2.604188, "delta": 0.010002}}
{"target": -417.1842122834731, "params": {"gamma": 9.865741223089229, "prior": 9.488161823319384, "rate": 6.451211316964176}, "datetime": {"datetime": "2024-06-14 19:13:27", "elapsed": 2.613135, "delta": 0.008947}}
{"target": -146.62983686432713, "params": {"gamma": 1.5180969854487043, "prior": 6.427355802327059, "rate": 5.657055463326731}, "datetime": {"datetime": "2024-06-14 19:13:27", "elapsed": 2.622111, "delta": 0.008976}}
{"target": -245.33676181789642, "params": {"gamma": 4.6871897107748595, "prior": 4.337570947735874, "rate": 5.993098286824644}, "datetime": {"datetime": "2024-06-14 19:13:27", "elapsed": 2.631087, "delta": 0.008976}}
{"target": -372.02482816312596, "params": {"gamma": 8.499848915271139, "prior": 7.53609829968218, "rate": 5.794026042432034}, "datetime": {"datetime": "2024-06-14 19:13:27", "elapsed": 2.640063, "delta": 0.008976}}
{"target": -559.9732843133093, "params": {"gamma": 9.247117111178744, "prior": 0.7409258360713337, "rate": 9.913473740809359}, "datetime": {"datetime": "2024-06-14 19:13:27", "elapsed": 2.648042, "delta": 0.007979}}
{"target": -144.926170749879, "params": {"gamma": 0.5308924321372274, "prior": 2.0750059067717572, "rate": 4.228103863783965}, "datetime": {"datetime": "2024-06-14 19:13:27", "elapsed": 2.657018, "delta": 0.008976}}
{"target": -141.44181367013323, "params": {"gamma": 1.0759812529754917, "prior": 6.274337068877248, "rate": 0.4808776479246243}, "datetime": {"datetime": "2024-06-14 19:13:27", "elapsed": 2.665994, "delta": 0.008976}}
{"target": -203.34802044844642, "params": {"gamma": 2.8469541861884147, "prior": 0.7042631430847438, "rate": 7.035489791719707}, "datetime": {"datetime": "2024-06-14 19:13:27", "elapsed": 2.67497, "delta": 0.008976}}
{"target": -287.8553928968217, "params": {"gamma": 6.684893219727232, "prior": 3.847947873180962, "rate": 1.8827544060381822}, "datetime": {"datetime": "2024-06-14 19:13:28", "elapsed": 2.683946, "delta": 0.008976}}
{"target": -384.5748436040937, "params": {"gamma": 7.4703012854704225, "prior": 3.469754978578126, "rate": 7.953216372889023}, "datetime": {"datetime": "2024-06-14 19:13:28", "elapsed": 2.692922, "delta": 0.008976}}
{"target": -214.87460516499968, "params": {"gamma": 4.879521490857024, "prior": 5.304127499074696, "rate": 0.28588000406618064}, "datetime": {"datetime": "2024-06-14 19:13:28", "elapsed": 2.701898, "delta": 0.008976}}
{"target": -288.0317022161349, "params": {"gamma": 6.442675966770439, "prior": 3.5714993740784573, "rate": 2.292821067893365}, "datetime": {"datetime": "2024-06-14 19:13:28", "elapsed": 2.710874, "delta": 0.008976}}
{"target": -228.8247596754447, "params": {"gamma": 4.339399878740795, "prior": 3.8864278269820844, "rate": 4.698420611823517}, "datetime": {"datetime": "2024-06-14 19:13:28", "elapsed": 2.71985, "delta": 0.008976}}
{"target": -488.19366110549754, "params": {"gamma": 9.794854058443883, "prior": 3.7073428966454816, "rate": 7.744326923227059}, "datetime": {"datetime": "2024-06-14 19:13:28", "elapsed": 2.728826, "delta": 0.008976}}
{"target": -245.0367436163248, "params": {"gamma": 5.528123197902375, "prior": 8.90239778216408, "rate": 3.55017355864457}, "datetime": {"datetime": "2024-06-14 19:13:28", "elapsed": 2.737802, "delta": 0.008976}}
{"target": -157.29440043482046, "params": {"gamma": 2.455941283184888, "prior": 9.119090472603986, "rate": 0.43629910331389593}, "datetime": {"datetime": "2024-06-14 19:13:28", "elapsed": 2.746778, "delta": 0.008976}}
{"target": -402.88603761810333, "params": {"gamma": 9.507583527181962, "prior": 5.60842846514216, "rate": 3.764255803654188}, "datetime": {"datetime": "2024-06-14 19:13:28", "elapsed": 2.755754, "delta": 0.008976}}
{"target": -572.9745952600628, "params": {"gamma": 9.950528171068772, "prior": 0.6777901968615533, "rate": 5.167546891316355}, "datetime": {"datetime": "2024-06-14 19:13:28", "elapsed": 2.76473, "delta": 0.008976}}
