{"target": -181.3153542429194, "params": {"p_ai": 7.252886102412543, "p_al": 2.031980046884213, "p_ex": 1.9353061132368568, "prior": 0.16547877208318693, "rate": 6.134148945872518}, "datetime": {"datetime": "2024-06-12 21:01:28", "elapsed": 187.577331, "delta": 0.119232}}
{"target": -152.25542586940176, "params": {"p_ai": 5.867117373471412, "p_al": 4.601979168445047, "p_ex": 7.062314912212693, "prior": 0.5940881024687412, "rate": 6.650141696408433}, "datetime": {"datetime": "2024-06-12 21:01:28", "elapsed": 187.701633, "delta": 0.124302}}
{"target": -100.12529308563735, "params": {"p_ai": 1.8859377873976535, "p_al": 1.3427130043020572, "p_ex": 8.948826097560175, "prior": 6.886089309604159, "rate": 6.348178656416854}, "datetime": {"datetime": "2024-06-12 21:01:28", "elapsed": 187.820389, "delta": 0.118756}}
{"target": -158.1904822581757, "params": {"p_ai": 0.6252493986436388, "p_al": 1.004604058030337, "p_ex": 4.1820213069373615, "prior": 7.761981454491674, "rate": 0.09359866520452383}, "datetime": {"datetime": "2024-06-12 21:01:28", "elapsed": 187.939448, "delta": 0.119059}}
{"target": -109.0442660270006, "params": {"p_ai": 4.647927590727924, "p_al": 2.0030476642125916, "p_ex": 8.93593825245046, "prior": 5.9832498935355245, "rate": 6.875850505742911}, "datetime": {"datetime": "2024-06-12 21:01:28", "elapsed": 188.063595, "delta": 0.124147}}
{"target": -166.45450590341613, "params": {"p_ai": 8.075936056141964, "p_al": 5.879371395442253, "p_ex": 8.474418097830611, "prior": 4.705098604651504, "rate": 1.7445681700466689}, "datetime": {"datetime": "2024-06-12 21:01:28", "elapsed": 188.183866, "delta": 0.120271}}
{"target": -163.43622317833913, "params": {"p_ai": 6.415845317552838, "p_al": 9.764480997512141, "p_ex": 3.503070299833784, "prior": 8.027275527579478, "rate": 6.773057926949965}, "datetime": {"datetime": "2024-06-12 21:01:28", "elapsed": 188.307537, "delta": 0.123671}}
{"target": -122.68957410187942, "params": {"p_ai": 5.205128840481727, "p_al": 1.4451933830845458, "p_ex": 8.388503063152788, "prior": 4.262323376589899, "rate": 7.829705706245461}, "datetime": {"datetime": "2024-06-12 21:01:29", "elapsed": 188.426221, "delta": 0.118684}}
{"target": -173.70555390187323, "params": {"p_ai": 5.916720039246804, "p_al": 2.5061484885924425, "p_ex": 1.7364349410946407, "prior": 7.380696109975018, "rate": 1.1220486605663225}, "datetime": {"datetime": "2024-06-12 21:01:29", "elapsed": 188.545929, "delta": 0.119708}}
{"target": -382.85567540304226, "params": {"p_ai": 2.17702835648828, "p_al": 8.653192218037036, "p_ex": 9.04612220967921, "prior": 0.9360339582338196, "rate": 0.14653864055785146}, "datetime": {"datetime": "2024-06-12 21:01:29", "elapsed": 188.665091, "delta": 0.119162}}
{"target": -118.6372725072658, "params": {"p_ai": 3.0410771800904404, "p_al": 1.2837501119298231, "p_ex": 2.5711690247049273, "prior": 5.023828723284302, "rate": 5.6145545982009475}, "datetime": {"datetime": "2024-06-12 21:01:29", "elapsed": 188.7839, "delta": 0.118809}}
{"target": -201.365694207755, "params": {"p_ai": 9.80568156726085, "p_al": 4.296323652576093, "p_ex": 6.7933773691873744, "prior": 8.894239460274973, "rate": 1.5197557287838062}, "datetime": {"datetime": "2024-06-12 21:01:29", "elapsed": 188.902855, "delta": 0.118955}}
{"target": -133.00395597589105, "params": {"p_ai": 0.9326035880404778, "p_al": 2.968182906533621, "p_ex": 1.2976406633777302, "prior": 1.6110871941960283, "rate": 3.43645287957642}, "datetime": {"datetime": "2024-06-12 21:01:29", "elapsed": 189.022535, "delta": 0.11968}}
{"target": -100.60177362135967, "params": {"p_ai": 3.1140455773502564, "p_al": 7.623778575595371, "p_ex": 9.489220719175385, "prior": 5.807591397830299, "rate": 9.834734689206071}, "datetime": {"datetime": "2024-06-12 21:01:29", "elapsed": 189.141218, "delta": 0.118683}}
{"target": -209.42263046246234, "params": {"p_ai": 9.518345470410456, "p_al": 2.5771844363291443, "p_ex": 3.0142323749392124, "prior": 8.41910067472239, "rate": 5.849303549532928}, "datetime": {"datetime": "2024-06-12 21:01:29", "elapsed": 189.269875, "delta": 0.128657}}
{"target": -105.71340382630554, "params": {"p_ai": 1.7513298164227837, "p_al": 0.5222008068549149, "p_ex": 5.451832814746422, "prior": 1.4803316462867677, "rate": 7.724558460532403}, "datetime": {"datetime": "2024-06-12 21:01:30", "elapsed": 189.388558, "delta": 0.118683}}
{"target": -190.3342414336227, "params": {"p_ai": 6.036791243471323, "p_al": 2.5457005059047013, "p_ex": 0.0980945563582746, "prior": 2.9278780335819397, "rate": 6.138736483459159}, "datetime": {"datetime": "2024-06-12 21:01:30", "elapsed": 189.508237, "delta": 0.119679}}
{"target": -114.37313276672636, "params": {"p_ai": 1.931656120843344, "p_al": 2.9115358145002532, "p_ex": 9.826445337874729, "prior": 7.797135584421618, "rate": 2.305526338358979}, "datetime": {"datetime": "2024-06-12 21:01:30", "elapsed": 189.626949, "delta": 0.118712}}
{"target": -139.61459330177547, "params": {"p_ai": 2.7355058498895732, "p_al": 6.858645448316974, "p_ex": 9.729930567927362, "prior": 3.6788515225699108, "rate": 0.23837334525583168}, "datetime": {"datetime": "2024-06-12 21:01:30", "elapsed": 189.77282, "delta": 0.145871}}
{"target": -168.95770113368397, "params": {"p_ai": 8.114383349193602, "p_al": 4.596790588802974, "p_ex": 5.827481634962019, "prior": 5.515062040218393, "rate": 6.310569126831404}, "datetime": {"datetime": "2024-06-12 21:01:30", "elapsed": 189.932445, "delta": 0.159625}}
{"target": -181.77833343450624, "params": {"p_ai": 7.211731614720736, "p_al": 3.733260472291532, "p_ex": 8.627709988940014, "prior": 0.4503057269704869, "rate": 6.327213476788685}, "datetime": {"datetime": "2024-06-12 21:01:30", "elapsed": 190.059135, "delta": 0.12669}}
{"target": -124.70615676344346, "params": {"p_ai": 3.294956831224288, "p_al": 5.37249941644204, "p_ex": 2.512993539253956, "prior": 3.002249940955996, "rate": 6.849493015537962}, "datetime": {"datetime": "2024-06-12 21:01:30", "elapsed": 190.197831, "delta": 0.138696}}
{"target": -112.50261887356285, "params": {"p_ai": 3.087361183262677, "p_al": 4.856235361822289, "p_ex": 7.235400695067768, "prior": 9.39348613753104, "rate": 1.8880288425685408}, "datetime": {"datetime": "2024-06-12 21:01:31", "elapsed": 190.317728, "delta": 0.119897}}
{"target": -129.6525856426499, "params": {"p_ai": 5.3001663863707025, "p_al": 7.416582466793965, "p_ex": 5.345207760758935, "prior": 7.852782580585915, "rate": 7.451977768498164}, "datetime": {"datetime": "2024-06-12 21:01:31", "elapsed": 190.439733, "delta": 0.122005}}
{"target": -153.82406401349814, "params": {"p_ai": 7.686409043312744, "p_al": 7.715741085545577, "p_ex": 8.841531876891995, "prior": 4.544175633408022, "rate": 4.597872362320602}, "datetime": {"datetime": "2024-06-12 21:01:31", "elapsed": 190.559455, "delta": 0.119722}}
{"target": -128.48735366829874, "params": {"p_ai": 1.468501321249081, "p_al": 2.3571644648117585, "p_ex": 2.697632606636475, "prior": 7.374937376920886, "rate": 1.5710423975769499}, "datetime": {"datetime": "2024-06-12 21:01:31", "elapsed": 190.68003, "delta": 0.120575}}
{"target": -141.9363504891527, "params": {"p_ai": 7.231788188846127, "p_al": 5.959805658694847, "p_ex": 9.30303519545369, "prior": 7.253032537911573, "rate": 6.989070773190437}, "datetime": {"datetime": "2024-06-12 21:01:31", "elapsed": 190.799527, "delta": 0.119497}}
{"target": -108.2741746330333, "params": {"p_ai": 0.760550707703845, "p_al": 5.065621965547342, "p_ex": 7.629862790695439, "prior": 2.9187903285741874, "rate": 4.986259191337456}, "datetime": {"datetime": "2024-06-12 21:01:31", "elapsed": 190.918993, "delta": 0.119466}}
{"target": -119.69020173173452, "params": {"p_ai": 3.0183623721288018, "p_al": 4.502535087130082, "p_ex": 2.438426399581656, "prior": 5.6573998084039285, "rate": 9.496376041972134}, "datetime": {"datetime": "2024-06-12 21:01:31", "elapsed": 191.039151, "delta": 0.120158}}
{"target": -111.51730681148774, "params": {"p_ai": 2.179759672387427, "p_al": 4.385577971883306, "p_ex": 7.689641210732329, "prior": 1.4101805738159388, "rate": 9.131124480194108}, "datetime": {"datetime": "2024-06-12 21:01:31", "elapsed": 191.161443, "delta": 0.122292}}
{"target": -114.18723056925153, "params": {"p_ai": 3.942208401437986, "p_al": 3.2531571648162636, "p_ex": 5.767713976725602, "prior": 2.481454586582429, "rate": 8.119414826792699}, "datetime": {"datetime": "2024-06-12 21:01:31", "elapsed": 191.281606, "delta": 0.120163}}
{"target": -212.01562066985755, "params": {"p_ai": 8.829171426142016, "p_al": 8.344285623603394, "p_ex": 3.513021717380481, "prior": 1.4612925319354422, "rate": 6.0484690526942275}, "datetime": {"datetime": "2024-06-12 21:01:32", "elapsed": 191.402493, "delta": 0.120887}}
{"target": -199.04866360356962, "params": {"p_ai": 9.963037197933328, "p_al": 8.03691004398628, "p_ex": 7.415697815847461, "prior": 3.867232536168518, "rate": 4.062309864545189}, "datetime": {"datetime": "2024-06-12 21:01:32", "elapsed": 191.546391, "delta": 0.143898}}
{"target": -117.88342866890324, "params": {"p_ai": 2.9471626215179976, "p_al": 2.993072421909173, "p_ex": 6.531018161688432, "prior": 0.427128584211923, "rate": 6.0107330050814385}, "datetime": {"datetime": "2024-06-12 21:01:32", "elapsed": 191.693759, "delta": 0.147368}}
{"target": -123.47982384074483, "params": {"p_ai": 4.5506301206598225, "p_al": 3.8408499541817234, "p_ex": 7.2106865986333, "prior": 0.9093370550535692, "rate": 2.490141532117481}, "datetime": {"datetime": "2024-06-12 21:01:32", "elapsed": 191.828865, "delta": 0.135106}}
{"target": -120.79956513552371, "params": {"p_ai": 1.606736232353154, "p_al": 6.725542333870364, "p_ex": 1.979745907226006, "prior": 4.742430885252113, "rate": 9.524838862265906}, "datetime": {"datetime": "2024-06-12 21:01:32", "elapsed": 191.949452, "delta": 0.120587}}
{"target": -168.03975580528268, "params": {"p_ai": 7.906135283875022, "p_al": 6.679316106485062, "p_ex": 8.56551741077047, "prior": 2.8904493945285177, "rate": 7.7804051357897395}, "datetime": {"datetime": "2024-06-12 21:01:32", "elapsed": 192.068662, "delta": 0.11921}}
{"target": -216.0940996102664, "params": {"p_ai": 0.19166398080738561, "p_al": 8.735451740947127, "p_ex": 2.4779398083266173, "prior": 1.2316574398389781, "rate": 1.2643783491777825}, "datetime": {"datetime": "2024-06-12 21:01:32", "elapsed": 192.189473, "delta": 0.120811}}
{"target": -186.7273525910814, "params": {"p_ai": 5.87846963806283, "p_al": 8.919020327397792, "p_ex": 0.9256300462571594, "prior": 4.8353755923401085, "rate": 8.853285137639812}, "datetime": {"datetime": "2024-06-12 21:01:33", "elapsed": 192.317667, "delta": 0.128194}}
{"target": -225.69384206491384, "params": {"p_ai": 9.571620475735365, "p_al": 9.90774303209462, "p_ex": 3.6198188884735467, "prior": 5.853599803675312, "rate": 3.849883331713755}, "datetime": {"datetime": "2024-06-12 21:01:33", "elapsed": 192.436636, "delta": 0.118969}}
{"target": -122.42132177604739, "params": {"p_ai": 1.3595409604414654, "p_al": 7.615483236150964, "p_ex": 2.2093695122566954, "prior": 6.968270917287394, "rate": 8.094798031713395}, "datetime": {"datetime": "2024-06-12 21:01:33", "elapsed": 192.555833, "delta": 0.119197}}
{"target": -111.9334453145453, "params": {"p_ai": 2.7263374426316354, "p_al": 5.085490739163293, "p_ex": 4.223508229204778, "prior": 0.5475891418605364, "rate": 7.416321652096552}, "datetime": {"datetime": "2024-06-12 21:01:33", "elapsed": 192.675407, "delta": 0.119574}}
{"target": -214.5230318475246, "params": {"p_ai": 8.087362238605126, "p_al": 5.381779891231938, "p_ex": 7.593565460971895, "prior": 0.4118127582283017, "rate": 1.8234218298490672}, "datetime": {"datetime": "2024-06-12 21:01:33", "elapsed": 192.796562, "delta": 0.121155}}
{"target": -123.99386694783324, "params": {"p_ai": 5.671417649486363, "p_al": 6.212430003673365, "p_ex": 7.820406746517684, "prior": 6.015297866806354, "rate": 5.603119435564358}, "datetime": {"datetime": "2024-06-12 21:01:33", "elapsed": 192.922076, "delta": 0.125514}}
{"target": -173.95644308532954, "params": {"p_ai": 6.696549466458649, "p_al": 1.8547340221276616, "p_ex": 1.482169509883864, "prior": 2.3347444532663855, "rate": 8.866179441098572}, "datetime": {"datetime": "2024-06-12 21:01:33", "elapsed": 193.042436, "delta": 0.12036}}
{"target": -164.75510893671387, "params": {"p_ai": 6.268781725180917, "p_al": 6.572073400863255, "p_ex": 3.0646810532702196, "prior": 2.5912333930760947, "rate": 5.9712576266810204}, "datetime": {"datetime": "2024-06-12 21:01:33", "elapsed": 193.187603, "delta": 0.145167}}
{"target": -176.53304390838227, "params": {"p_ai": 2.150042925155375, "p_al": 9.354967639879437, "p_ex": 8.036953674213546, "prior": 0.7773967794454475, "rate": 1.7495290678786484}, "datetime": {"datetime": "2024-06-12 21:01:33", "elapsed": 193.307578, "delta": 0.119975}}
{"target": -142.251388825161, "params": {"p_ai": 4.872191119371819, "p_al": 2.694104135542078, "p_ex": 2.902710437338438, "prior": 9.613727260877411, "rate": 3.421232001636753}, "datetime": {"datetime": "2024-06-12 21:01:34", "elapsed": 193.426606, "delta": 0.119028}}
{"target": -179.4717161277652, "params": {"p_ai": 8.359124489838994, "p_al": 3.4465831330928567, "p_ex": 7.21475137954703, "prior": 1.840740780102333, "rate": 6.859836955924542}, "datetime": {"datetime": "2024-06-12 21:01:34", "elapsed": 193.546579, "delta": 0.119973}}
{"target": -140.29648981024334, "params": {"p_ai": 5.742958359897929, "p_al": 7.279049751476204, "p_ex": 4.369507807625344, "prior": 9.488670344094785, "rate": 9.899347433933034}, "datetime": {"datetime": "2024-06-12 21:01:34", "elapsed": 193.66686, "delta": 0.120281}}
{"target": -100.00811397863059, "params": {"p_ai": 3.784673463413299, "p_al": 7.558887025455832, "p_ex": 9.339328818699505, "prior": 8.126834002916587, "rate": 4.497051227300002}, "datetime": {"datetime": "2024-06-12 21:01:34", "elapsed": 193.786431, "delta": 0.119571}}
{"target": -236.45215655511976, "params": {"p_ai": 0.020671165844777684, "p_al": 9.467732980403632, "p_ex": 3.4945672241101025, "prior": 0.3713140822636573, "rate": 2.4451041139357113}, "datetime": {"datetime": "2024-06-12 21:01:34", "elapsed": 193.906526, "delta": 0.120095}}
{"target": -249.37267549481814, "params": {"p_ai": 9.629450682369702, "p_al": 4.638241585721164, "p_ex": 1.242991464611051, "prior": 6.675143893150433, "rate": 0.13975575283354166}, "datetime": {"datetime": "2024-06-12 21:01:34", "elapsed": 194.026414, "delta": 0.119888}}
{"target": -186.69183367465448, "params": {"p_ai": 7.989389387135883, "p_al": 5.349795096494625, "p_ex": 8.502237008473013, "prior": 2.292773620430472, "rate": 0.902247915466376}, "datetime": {"datetime": "2024-06-12 21:01:34", "elapsed": 194.146733, "delta": 0.120319}}
{"target": -149.8976126773794, "params": {"p_ai": 6.928268718365852, "p_al": 8.150100776925466, "p_ex": 6.31580174420496, "prior": 7.7284880258051025, "rate": 6.3114396988856205}, "datetime": {"datetime": "2024-06-12 21:01:34", "elapsed": 194.268866, "delta": 0.122133}}
{"target": -254.5215108585856, "params": {"p_ai": 8.906709054664889, "p_al": 9.927602949971934, "p_ex": 1.7385205792134084, "prior": 5.494341432328373, "rate": 1.2008222922621559}, "datetime": {"datetime": "2024-06-12 21:01:35", "elapsed": 194.387921, "delta": 0.119055}}
{"target": -199.9207565931033, "params": {"p_ai": 7.671696058219319, "p_al": 2.281849606094652, "p_ex": 1.110096315197215, "prior": 9.688244118529733, "rate": 4.47584037361201}, "datetime": {"datetime": "2024-06-12 21:01:35", "elapsed": 194.509098, "delta": 0.121177}}
{"target": -207.68371419225514, "params": {"p_ai": 8.299597835887129, "p_al": 0.26074744891897633, "p_ex": 0.9060181713504475, "prior": 8.152442554885967, "rate": 9.093727528135009}, "datetime": {"datetime": "2024-06-12 21:01:35", "elapsed": 194.628782, "delta": 0.119684}}
{"target": -110.45439439567788, "params": {"p_ai": 0.6833374073260523, "p_al": 6.503098328495838, "p_ex": 5.533606213248286, "prior": 2.0661816525929484, "rate": 4.248541177710009}, "datetime": {"datetime": "2024-06-12 21:01:35", "elapsed": 194.748421, "delta": 0.119639}}
{"target": -119.04262643260682, "params": {"p_ai": 4.726562664713314, "p_al": 0.11582947285192134, "p_ex": 5.449903336763714, "prior": 7.824231924711301, "rate": 9.144727281580005}, "datetime": {"datetime": "2024-06-12 21:01:35", "elapsed": 194.867397, "delta": 0.118976}}
{"target": -123.64762361476873, "params": {"p_ai": 0.46138462700033545, "p_al": 7.917970609277861, "p_ex": 4.394450062042477, "prior": 7.046493237456582, "rate": 6.094222404970999}, "datetime": {"datetime": "2024-06-12 21:01:35", "elapsed": 194.986999, "delta": 0.119602}}
{"target": -215.36842684388327, "params": {"p_ai": 9.141683888804758, "p_al": 6.795714875605067, "p_ex": 2.0465769007196464, "prior": 9.896950868185503, "rate": 8.083792955629336}, "datetime": {"datetime": "2024-06-12 21:01:35", "elapsed": 195.107251, "delta": 0.120252}}
{"target": -144.1748257874878, "params": {"p_ai": 0.512449216222453, "p_al": 9.902472110640923, "p_ex": 0.8446539215536502, "prior": 4.160329644873564, "rate": 8.880605723434833}, "datetime": {"datetime": "2024-06-12 21:01:35", "elapsed": 195.231702, "delta": 0.124451}}
{"target": -166.96664059692026, "params": {"p_ai": 7.621368537882954, "p_al": 6.730798709796559, "p_ex": 5.337375263226976, "prior": 3.4704157321578637, "rate": 8.999542078570686}, "datetime": {"datetime": "2024-06-12 21:01:36", "elapsed": 195.354815, "delta": 0.123113}}
{"target": -192.278385047351, "params": {"p_ai": 8.189751677546766, "p_al": 9.458976743433324, "p_ex": 3.996178790423271, "prior": 2.3369850326069677, "rate": 7.232474847346661}, "datetime": {"datetime": "2024-06-12 21:01:36", "elapsed": 195.477575, "delta": 0.12276}}
{"target": -151.44162380804192, "params": {"p_ai": 6.8912981911508675, "p_al": 5.434109383861436, "p_ex": 5.371529382561082, "prior": 8.097093347752578, "rate": 7.996045637269076}, "datetime": {"datetime": "2024-06-12 21:01:36", "elapsed": 195.600602, "delta": 0.123027}}
{"target": -201.1448909449847, "params": {"p_ai": 8.477899488532138, "p_al": 1.9044323648158918, "p_ex": 2.0035389554768446, "prior": 7.736860479349194, "rate": 5.6557750852839215}, "datetime": {"datetime": "2024-06-12 21:01:36", "elapsed": 195.723132, "delta": 0.12253}}
{"target": -98.69508251616764, "params": {"p_ai": 2.6897606628340847, "p_al": 4.794072611642568, "p_ex": 6.746913269407735, "prior": 6.842623031512313, "rate": 8.214091730094717}, "datetime": {"datetime": "2024-06-12 21:01:36", "elapsed": 195.847663, "delta": 0.124531}}
{"target": -113.94602789412238, "params": {"p_ai": 3.647272184434061, "p_al": 6.727822546705458, "p_ex": 5.531211478744365, "prior": 4.064746022080931, "rate": 3.9801917729740914}, "datetime": {"datetime": "2024-06-12 21:01:36", "elapsed": 195.972448, "delta": 0.124785}}
{"target": -128.53810554686865, "params": {"p_ai": 6.129185097819535, "p_al": 0.6144331593826209, "p_ex": 7.645233118176013, "prior": 2.3372401318964076, "rate": 1.6602191863077798}, "datetime": {"datetime": "2024-06-12 21:01:36", "elapsed": 196.095817, "delta": 0.123369}}
{"target": -131.5764887742773, "params": {"p_ai": 4.235419146404231, "p_al": 4.685010539778717, "p_ex": 2.7450915194540664, "prior": 3.1019982462897637, "rate": 6.731808639077864}, "datetime": {"datetime": "2024-06-12 21:01:36", "elapsed": 196.219299, "delta": 0.123482}}
{"target": -117.72065152461491, "params": {"p_ai": 0.3015096473546377, "p_al": 6.5521873105004955, "p_ex": 5.215015008366682, "prior": 4.7876028666019845, "rate": 7.20517452614859}, "datetime": {"datetime": "2024-06-12 21:01:37", "elapsed": 196.342628, "delta": 0.123329}}
{"target": -147.023134193252, "params": {"p_ai": 6.882830660927609, "p_al": 0.6490435690648484, "p_ex": 8.002559220395131, "prior": 0.39271240562738363, "rate": 0.27110036528194575}, "datetime": {"datetime": "2024-06-12 21:01:37", "elapsed": 196.467666, "delta": 0.125038}}
{"target": -161.2513242160474, "params": {"p_ai": 5.259127976414729, "p_al": 7.348255197237692, "p_ex": 5.05624223660525, "prior": 2.937387094857462, "rate": 1.8626248627685034}, "datetime": {"datetime": "2024-06-12 21:01:37", "elapsed": 196.591258, "delta": 0.123592}}
{"target": -189.66113506005803, "params": {"p_ai": 6.6277639449442365, "p_al": 9.421324231767912, "p_ex": 1.5886247829855749, "prior": 2.7593702309424737, "rate": 9.910939583960053}, "datetime": {"datetime": "2024-06-12 21:01:37", "elapsed": 196.715158, "delta": 0.1239}}
{"target": -305.2062075786819, "params": {"p_ai": 8.337556891437492, "p_al": 7.501813048827652, "p_ex": 0.42168995314221774, "prior": 0.27114380725844994, "rate": 4.872615170250543}, "datetime": {"datetime": "2024-06-12 21:01:37", "elapsed": 196.837311, "delta": 0.122153}}
{"target": -116.55811656047585, "params": {"p_ai": 0.32292867653160867, "p_al": 1.016152953248365, "p_ex": 5.633377099366875, "prior": 4.278606301498994, "rate": 7.9088919989089135}, "datetime": {"datetime": "2024-06-12 21:01:37", "elapsed": 196.961364, "delta": 0.124053}}
{"target": -106.74339577149127, "params": {"p_ai": 2.74062245632455, "p_al": 2.7252237609687184, "p_ex": 4.058809067057356, "prior": 6.7326349879025535, "rate": 9.814999114957237}, "datetime": {"datetime": "2024-06-12 21:01:37", "elapsed": 197.084037, "delta": 0.122673}}
{"target": -103.18024472678393, "params": {"p_ai": 3.975433489951716, "p_al": 7.445998108598364, "p_ex": 8.567392878397492, "prior": 6.75038679273869, "rate": 7.795082134679054}, "datetime": {"datetime": "2024-06-12 21:01:37", "elapsed": 197.208158, "delta": 0.124121}}
{"target": -181.41783215329608, "params": {"p_ai": 8.119416765823537, "p_al": 5.969655665826877, "p_ex": 4.390511974720336, "prior": 1.688333899464437, "rate": 7.814144190659461}, "datetime": {"datetime": "2024-06-12 21:01:38", "elapsed": 197.330896, "delta": 0.122738}}
