{"target": -280.6497486733296, "params": {"gamma": 4.170803025021038, "prior": 7.231212485077365, "rate": 0.002143633798631522}, "datetime": {"datetime": "2024-06-14 12:57:11", "elapsed": 0.0, "delta": 0.0}}
{"target": -269.16318291041944, "params": {"gamma": 3.024023393745766, "prior": 1.5528833190894193, "rate": 0.9242936090932092}, "datetime": {"datetime": "2024-06-14 12:57:11", "elapsed": 0.009524, "delta": 0.009524}}
{"target": -224.82745128208674, "params": {"gamma": 1.8634158535653313, "prior": 3.5210511977261727, "rate": 3.968277974832469}, "datetime": {"datetime": "2024-06-14 12:57:11", "elapsed": 0.0185, "delta": 0.008976}}
{"target": -519.4713989540099, "params": {"gamma": 5.388628523299567, "prior": 4.250025692592619, "rate": 6.852509784467199}, "datetime": {"datetime": "2024-06-14 12:57:11", "elapsed": 0.027477, "delta": 0.008977}}
{"target": -189.90841008886068, "params": {"gamma": 2.045318045065443, "prior": 8.79336262027036, "rate": 0.2748485443860637}, "datetime": {"datetime": "2024-06-14 12:57:11", "elapsed": 0.035455, "delta": 0.007978}}
{"target": -607.839341768029, "params": {"gamma": 6.705004634273845, "prior": 4.231317543434557, "rate": 5.587339594629071}, "datetime": {"datetime": "2024-06-14 12:57:11", "elapsed": 0.044431, "delta": 0.008976}}
{"target": -224.0622298964219, "params": {"gamma": 1.4047289990137424, "prior": 2.0612047419403, "rate": 8.00764494218669}, "datetime": {"datetime": "2024-06-14 12:57:11", "elapsed": 0.054404, "delta": 0.009973}}
{"target": -963.3615770821119, "params": {"gamma": 9.682647495618255, "prior": 3.2028993637765044, "rate": 6.923533834077472}, "datetime": {"datetime": "2024-06-14 12:57:11", "elapsed": 0.062383, "delta": 0.007979}}
{"target": -506.0944250968917, "params": {"gamma": 8.764015133808087, "prior": 8.956605968688088, "rate": 0.8513570694864094}, "datetime": {"datetime": "2024-06-14 12:57:11", "elapsed": 0.071359, "delta": 0.008976}}
{"target": -160.34360835966888, "params": {"gamma": 0.39150877754559077, "prior": 1.7813211536892324, "rate": 8.781546891790702}, "datetime": {"datetime": "2024-06-14 12:57:11", "elapsed": 0.080335, "delta": 0.008976}}
{"target": -186.61740246668754, "params": {"gamma": 0.9843699914966679, "prior": 4.268965487550016, "rate": 9.578937411974868}, "datetime": {"datetime": "2024-06-14 12:57:11", "elapsed": 0.089311, "delta": 0.008976}}
{"target": -394.30278995865314, "params": {"gamma": 5.332119684445198, "prior": 6.949583428109686, "rate": 3.1558407944296234}, "datetime": {"datetime": "2024-06-14 12:57:11", "elapsed": 0.09729, "delta": 0.007979}}
{"target": -401.8187575721209, "params": {"gamma": 6.865322775888155, "prior": 8.362794151783993, "rate": 0.18386448516457388}, "datetime": {"datetime": "2024-06-14 12:57:11", "elapsed": 0.106326, "delta": 0.009036}}
{"target": -593.6688117519651, "params": {"gamma": 7.50169300513473, "prior": 9.889724780174298, "rate": 7.4819083781440145}, "datetime": {"datetime": "2024-06-14 12:57:11", "elapsed": 0.114304, "delta": 0.007978}}
{"target": -220.8640613360173, "params": {"gamma": 2.8051594766519874, "prior": 7.913865351669736, "rate": 1.0331568397698425}, "datetime": {"datetime": "2024-06-14 12:57:11", "elapsed": 0.12328, "delta": 0.008976}}
{"target": -323.97056203499875, "params": {"gamma": 4.479487368232876, "prior": 9.095095480621646, "rate": 2.9368478695884215}, "datetime": {"datetime": "2024-06-14 12:57:11", "elapsed": 0.132256, "delta": 0.008976}}
{"target": -224.5707328695001, "params": {"gamma": 2.878465610524901, "prior": 1.3872828639709491, "rate": 0.19465021174510047}, "datetime": {"datetime": "2024-06-14 12:57:11", "elapsed": 0.141232, "delta": 0.008976}}
{"target": -602.7998693909263, "params": {"gamma": 6.78867649386597, "prior": 2.1951183484005847, "rate": 2.65620104706289}, "datetime": {"datetime": "2024-06-14 12:57:11", "elapsed": 0.149785, "delta": 0.008553}}
{"target": -625.9266958596135, "params": {"gamma": 4.916240019644103, "prior": 0.6282891966590958, "rate": 5.741601937314639}, "datetime": {"datetime": "2024-06-14 12:57:11", "elapsed": 0.157764, "delta": 0.007979}}
{"target": -203.17440386059047, "params": {"gamma": 1.4681390204831957, "prior": 5.934124815342514, "rate": 6.9978838418492915}, "datetime": {"datetime": "2024-06-14 12:57:11", "elapsed": 0.16674, "delta": 0.008976}}
{"target": -184.97590911567403, "params": {"gamma": 1.0242419538494305, "prior": 4.199154279413726, "rate": 6.9443071771197245}, "datetime": {"datetime": "2024-06-14 12:57:11", "elapsed": 0.175716, "delta": 0.008976}}
{"target": -534.8646114437706, "params": {"gamma": 4.1423785159995, "prior": 0.5945392435662629, "rate": 5.359428162749201}, "datetime": {"datetime": "2024-06-14 12:57:11", "elapsed": 0.184692, "delta": 0.008976}}
{"target": -645.9676874315304, "params": {"gamma": 6.638282657552669, "prior": 5.1974022093772545, "rate": 9.446002965152143}, "datetime": {"datetime": "2024-06-14 12:57:11", "elapsed": 0.193669, "delta": 0.008977}}
{"target": -370.76212759589407, "params": {"gamma": 5.865963849979428, "prior": 9.043678961350047, "rate": 1.3756095667582289}, "datetime": {"datetime": "2024-06-14 12:57:11", "elapsed": 0.201647, "delta": 0.007978}}
{"target": -183.03615003160843, "params": {"gamma": 1.3936241961603346, "prior": 8.093173758224285, "rate": 3.9773706930183503}, "datetime": {"datetime": "2024-06-14 12:57:11", "elapsed": 0.210623, "delta": 0.008976}}
{"target": -188.69955499781483, "params": {"gamma": 1.6543766169722107, "prior": 9.282334945920736, "rate": 3.47831083159532}, "datetime": {"datetime": "2024-06-14 12:57:11", "elapsed": 0.219599, "delta": 0.008976}}
{"target": -662.6748345051097, "params": {"gamma": 7.50837021925842, "prior": 7.28738005496947, "rate": 8.833177605966892}, "datetime": {"datetime": "2024-06-14 12:57:11", "elapsed": 0.228575, "delta": 0.008976}}
{"target": -453.2994080832534, "params": {"gamma": 6.237098398349034, "prior": 7.534330096870638, "rate": 3.4896345214364475}, "datetime": {"datetime": "2024-06-14 12:57:11", "elapsed": 0.237551, "delta": 0.008976}}
{"target": -242.51729893888344, "params": {"gamma": 2.7000089897584956, "prior": 8.969273560141062, "rate": 4.281483807523078}, "datetime": {"datetime": "2024-06-14 12:57:11", "elapsed": 0.246527, "delta": 0.008976}}
{"target": -790.1866724342907, "params": {"gamma": 9.648435631436707, "prior": 6.6680708284026355, "rate": 6.217335506371009}, "datetime": {"datetime": "2024-06-14 12:57:11", "elapsed": 0.254505, "delta": 0.007978}}
{"target": -173.80440697333174, "params": {"gamma": 1.1483449835607984, "prior": 9.499943661200005, "rate": 4.499671422665926}, "datetime": {"datetime": "2024-06-14 12:57:11", "elapsed": 0.263049, "delta": 0.008544}}
{"target": -442.1885992520469, "params": {"gamma": 5.784317754256931, "prior": 4.140554347336684, "rate": 2.371032775450034}, "datetime": {"datetime": "2024-06-14 12:57:11", "elapsed": 0.272053, "delta": 0.009004}}
{"target": -505.84635167528023, "params": {"gamma": 9.033891826101975, "prior": 5.77942691805563, "rate": 0.029700399984558545}, "datetime": {"datetime": "2024-06-14 12:57:11", "elapsed": 0.281031, "delta": 0.008978}}
{"target": -585.7268030369265, "params": {"gamma": 6.171831991293619, "prior": 3.3337845275437523, "rate": 5.271053964473836}, "datetime": {"datetime": "2024-06-14 12:57:11", "elapsed": 0.289976, "delta": 0.008945}}
{"target": -909.5364730158632, "params": {"gamma": 8.859535051008434, "prior": 3.636970624024748, "rate": 9.085442974047073}, "datetime": {"datetime": "2024-06-14 12:57:11", "elapsed": 0.297955, "delta": 0.007979}}
{"target": -860.4996708291371, "params": {"gamma": 6.233977797802236, "prior": 0.2566303041809072, "rate": 9.294442900203869}, "datetime": {"datetime": "2024-06-14 12:57:11", "elapsed": 0.306932, "delta": 0.008977}}
{"target": -430.59473076080997, "params": {"gamma": 6.9092782782517235, "prior": 9.973496219469657, "rate": 1.7242327429449402}, "datetime": {"datetime": "2024-06-14 12:57:11", "elapsed": 0.315936, "delta": 0.009004}}
{"target": -189.18864663117134, "params": {"gamma": 1.3722203605391488, "prior": 9.33269508406792, "rate": 6.9684847967375125}, "datetime": {"datetime": "2024-06-14 12:57:11", "elapsed": 0.324883, "delta": 0.008947}}
{"target": -164.4302271279054, "params": {"gamma": 0.6609357270479028, "prior": 7.579084220764417, "rate": 7.539008008424004}, "datetime": {"datetime": "2024-06-14 12:57:11", "elapsed": 0.333859, "delta": 0.008976}}
{"target": -558.1625961412326, "params": {"gamma": 9.230322330929287, "prior": 7.14409511042187, "rate": 1.2435853487596746}, "datetime": {"datetime": "2024-06-14 12:57:11", "elapsed": 0.341837, "delta": 0.007978}}
{"target": -152.93709151618162, "params": {"gamma": 0.1997814582641161, "prior": 0.3594887700894208, "rate": 0.2840365737199253}, "datetime": {"datetime": "2024-06-14 12:57:11", "elapsed": 0.350813, "delta": 0.008976}}
{"target": -239.38294860416937, "params": {"gamma": 2.462864464962856, "prior": 8.61427669196059, "rate": 5.3887718123521875}, "datetime": {"datetime": "2024-06-14 12:57:11", "elapsed": 0.35979, "delta": 0.008977}}
{"target": -352.4717180742203, "params": {"gamma": 5.5286669648789735, "prior": 8.436105834360097, "rate": 1.2426089778839915}, "datetime": {"datetime": "2024-06-14 12:57:11", "elapsed": 0.368274, "delta": 0.008484}}
{"target": -304.4745321588319, "params": {"gamma": 2.792557606432384, "prior": 5.89901678743705, "rate": 9.695987887448426}, "datetime": {"datetime": "2024-06-14 12:57:11", "elapsed": 0.37725, "delta": 0.008976}}
{"target": -769.0339792984255, "params": {"gamma": 5.6107411623378445, "prior": 0.2846081647921359, "rate": 8.006526094133482}, "datetime": {"datetime": "2024-06-14 12:57:11", "elapsed": 0.386226, "delta": 0.008976}}
{"target": -223.85719397708863, "params": {"gamma": 2.3305097641363632, "prior": 8.090341436625915, "rate": 3.8792185799976533}, "datetime": {"datetime": "2024-06-14 12:57:11", "elapsed": 0.395202, "delta": 0.008976}}
{"target": -674.2462401072956, "params": {"gamma": 8.635555003739727, "prior": 7.496504263098128, "rate": 5.562846099670199}, "datetime": {"datetime": "2024-06-14 12:57:11", "elapsed": 0.40318, "delta": 0.007978}}
{"target": -205.5393618887611, "params": {"gamma": 1.3654158013811895, "prior": 0.6931851261708954, "rate": 1.2143132139516326}, "datetime": {"datetime": "2024-06-14 12:57:11", "elapsed": 0.412157, "delta": 0.008977}}
{"target": -160.28651309708766, "params": {"gamma": 0.4464742335690725, "prior": 1.16419187815032, "rate": 2.2578676767399393}, "datetime": {"datetime": "2024-06-14 12:57:11", "elapsed": 0.421132, "delta": 0.008975}}
{"target": -414.15851100725627, "params": {"gamma": 7.130176814846385, "prior": 5.64119812233601, "rate": 0.12654724561099942}, "datetime": {"datetime": "2024-06-14 12:57:11", "elapsed": 0.429111, "delta": 0.007979}}
{"target": -162.78457168894766, "params": {"gamma": 0.7206708226151783, "prior": 9.676035667002694, "rate": 5.6814365187375016}, "datetime": {"datetime": "2024-06-14 12:57:11", "elapsed": 0.438087, "delta": 0.008976}}
{"target": -267.17644907882675, "params": {"gamma": 2.033729053375244, "prior": 2.598024871246202, "rate": 7.438514714896855}, "datetime": {"datetime": "2024-06-14 12:57:11", "elapsed": 0.447063, "delta": 0.008976}}
{"target": -242.95918051926245, "params": {"gamma": 1.9550993816120785, "prior": 5.855453380005252, "rate": 9.700229870894034}, "datetime": {"datetime": "2024-06-14 12:57:11", "elapsed": 0.455042, "delta": 0.007979}}
{"target": -831.5231927289094, "params": {"gamma": 8.468441186098863, "prior": 2.4744928155611032, "rate": 4.938203372973032}, "datetime": {"datetime": "2024-06-14 12:57:11", "elapsed": 0.46402, "delta": 0.008978}}
{"target": -395.86022438164497, "params": {"gamma": 6.199937228095417, "prior": 8.306910905546768, "rate": 1.5687571550661965}, "datetime": {"datetime": "2024-06-14 12:57:11", "elapsed": 0.472996, "delta": 0.008976}}
{"target": -153.6293542116829, "params": {"gamma": 0.18674344557191777, "prior": 0.7932192228203011, "rate": 4.863964764259381}, "datetime": {"datetime": "2024-06-14 12:57:11", "elapsed": 0.481974, "delta": 0.008978}}
{"target": -457.81367261491727, "params": {"gamma": 6.063688287071651, "prior": 5.731629227156165, "rate": 3.1743067308122854}, "datetime": {"datetime": "2024-06-14 12:57:11", "elapsed": 0.490948, "delta": 0.008974}}
{"target": -744.4031851821798, "params": {"gamma": 9.886172927970076, "prior": 5.839477670533389, "rate": 3.8020315850628807}, "datetime": {"datetime": "2024-06-14 12:57:11", "elapsed": 0.499924, "delta": 0.008976}}
{"target": -466.0600882780209, "params": {"gamma": 5.509931242959851, "prior": 7.478810865974371, "rate": 6.6926597016383935}, "datetime": {"datetime": "2024-06-14 12:57:11", "elapsed": 0.507903, "delta": 0.007979}}
{"target": -343.56816976547736, "params": {"gamma": 2.6499306570704313, "prior": 0.7567148608415716, "rate": 3.701471894943149}, "datetime": {"datetime": "2024-06-14 12:57:11", "elapsed": 0.516879, "delta": 0.008976}}
{"target": -694.356563823681, "params": {"gamma": 6.297545352708624, "prior": 2.180722698156912, "rate": 7.5278027818344}, "datetime": {"datetime": "2024-06-14 12:57:11", "elapsed": 0.52589, "delta": 0.009011}}
{"target": -171.6493740424713, "params": {"gamma": 0.6662982770597953, "prior": 2.677119475927556, "rate": 8.04774088286971}, "datetime": {"datetime": "2024-06-14 12:57:11", "elapsed": 0.533833, "delta": 0.007943}}
{"target": -219.26954945913587, "params": {"gamma": 1.935149391950654, "prior": 6.430662720711407, "rate": 5.247178420928214}, "datetime": {"datetime": "2024-06-14 12:57:11", "elapsed": 0.54281, "delta": 0.008977}}
{"target": -583.9602003291471, "params": {"gamma": 9.248154896023108, "prior": 2.706638027822399, "rate": 0.6605449457495538}, "datetime": {"datetime": "2024-06-14 12:57:11", "elapsed": 0.551786, "delta": 0.008976}}
{"target": -644.5711797097986, "params": {"gamma": 7.350924566923407, "prior": 7.744562492478143, "rate": 9.078250709182736}, "datetime": {"datetime": "2024-06-14 12:57:11", "elapsed": 0.561278, "delta": 0.009492}}
{"target": -1161.7945661264866, "params": {"gamma": 9.319788719899176, "prior": 0.23812057245841045, "rate": 2.344386499128084}, "datetime": {"datetime": "2024-06-14 12:57:11", "elapsed": 0.569256, "delta": 0.007978}}
{"target": -528.6085017060637, "params": {"gamma": 6.1681667916595755, "prior": 9.495261574807403, "rate": 9.50181101635155}, "datetime": {"datetime": "2024-06-14 12:57:11", "elapsed": 0.578233, "delta": 0.008977}}
{"target": -445.88471168720355, "params": {"gamma": 5.566975228763369, "prior": 9.164502862686119, "rate": 6.41602052325443}, "datetime": {"datetime": "2024-06-14 12:57:11", "elapsed": 0.587209, "delta": 0.008976}}
{"target": -372.1015841698181, "params": {"gamma": 3.9006871336983213, "prior": 4.911307604259406, "rate": 6.043500518716813}, "datetime": {"datetime": "2024-06-14 12:57:11", "elapsed": 0.596184, "delta": 0.008975}}
{"target": -475.62358653406636, "params": {"gamma": 5.495929667164118, "prior": 9.269196124393892, "rate": 9.187415622900428}, "datetime": {"datetime": "2024-06-14 12:57:11", "elapsed": 0.604163, "delta": 0.007979}}
{"target": -277.48801749563665, "params": {"gamma": 3.9493612536226252, "prior": 9.636299031563047, "rate": 1.740382711137963}, "datetime": {"datetime": "2024-06-14 12:57:11", "elapsed": 0.613139, "delta": 0.008976}}
{"target": -211.55736341352727, "params": {"gamma": 1.2641688648769336, "prior": 1.4372836646626401, "rate": 5.057115994603291}, "datetime": {"datetime": "2024-06-14 12:57:11", "elapsed": 0.622116, "delta": 0.008977}}
{"target": -153.2583123200241, "params": {"gamma": 0.2162265279367056, "prior": 9.484905091055042, "rate": 8.271327596236153}, "datetime": {"datetime": "2024-06-14 12:57:11", "elapsed": 0.631091, "delta": 0.008975}}
{"target": -152.72225730762273, "params": {"gamma": 0.15117478844048168, "prior": 1.8443429301930472, "rate": 3.3213036800940032}, "datetime": {"datetime": "2024-06-14 12:57:11", "elapsed": 0.640067, "delta": 0.008976}}
{"target": -177.99428569591754, "params": {"gamma": 1.310837451264358, "prior": 8.113957852053163, "rate": 3.4480217901802512}, "datetime": {"datetime": "2024-06-14 12:57:11", "elapsed": 0.648046, "delta": 0.007979}}
{"target": -863.2944402747804, "params": {"gamma": 9.401134715851338, "prior": 5.861940381476092, "rate": 8.78844101213403}, "datetime": {"datetime": "2024-06-14 12:57:11", "elapsed": 0.657022, "delta": 0.008976}}
{"target": -608.7229498880126, "params": {"gamma": 8.447499719476827, "prior": 9.063383955215627, "rate": 4.599342777902254}, "datetime": {"datetime": "2024-06-14 12:57:11", "elapsed": 0.665998, "delta": 0.008976}}
{"target": -386.3435914748973, "params": {"gamma": 5.463921813387713, "prior": 8.00617555240519, "rate": 2.8579027984897416}, "datetime": {"datetime": "2024-06-14 12:57:11", "elapsed": 0.673976, "delta": 0.007978}}
{"target": -310.6531803022745, "params": {"gamma": 4.903044972676658, "prior": 6.031192045694196, "rate": 0.15631722223280642}, "datetime": {"datetime": "2024-06-14 12:57:11", "elapsed": 0.682953, "delta": 0.008977}}
{"target": -583.2243244569347, "params": {"gamma": 5.935220600558176, "prior": 4.393395854995637, "rate": 8.073797928319529}, "datetime": {"datetime": "2024-06-14 12:57:11", "elapsed": 0.691928, "delta": 0.008975}}
{"target": -280.6907818547434, "params": {"gamma": 3.153132786150634, "prior": 8.939598214398998, "rate": 5.778994295630071}, "datetime": {"datetime": "2024-06-14 12:57:12", "elapsed": 0.700905, "delta": 0.008977}}
{"target": -212.78097735859217, "params": {"gamma": 1.8409180060730232, "prior": 7.900499414872493, "rate": 6.120699739272295}, "datetime": {"datetime": "2024-06-14 12:57:12", "elapsed": 0.708883, "delta": 0.007978}}
{"target": -162.83629796930146, "params": {"gamma": 0.5400388114654558, "prior": 4.259917432011209, "rate": 6.791009296817731}, "datetime": {"datetime": "2024-06-14 12:57:12", "elapsed": 0.71786, "delta": 0.008977}}
{"target": -1301.0816887628748, "params": {"gamma": 9.186099177997281, "prior": 0.10398004642443859, "rate": 9.767614731161565}, "datetime": {"datetime": "2024-06-14 12:57:12", "elapsed": 0.726835, "delta": 0.008975}}
{"target": -316.4043334933733, "params": {"gamma": 3.766426567142999, "prior": 9.740457029747393, "rate": 6.047556293639557}, "datetime": {"datetime": "2024-06-14 12:57:12", "elapsed": 0.735811, "delta": 0.008976}}
{"target": -708.887854368794, "params": {"gamma": 8.288629233998948, "prior": 5.789643896610213, "rate": 6.281133906875198}, "datetime": {"datetime": "2024-06-14 12:57:12", "elapsed": 0.744788, "delta": 0.008977}}
{"target": -295.8396464910232, "params": {"gamma": 2.8564772406752437, "prior": 5.9096500724952215, "rate": 7.500467615262897}, "datetime": {"datetime": "2024-06-14 12:57:12", "elapsed": 0.753764, "delta": 0.008976}}
{"target": -704.9593432399294, "params": {"gamma": 8.583280050453995, "prior": 7.575313665830033, "rate": 6.980874427224584}, "datetime": {"datetime": "2024-06-14 12:57:12", "elapsed": 0.762739, "delta": 0.008975}}
{"target": -851.9185816711522, "params": {"gamma": 8.644929821115943, "prior": 3.29454186868379, "rate": 6.708217119085085}, "datetime": {"datetime": "2024-06-14 12:57:12", "elapsed": 0.771715, "delta": 0.008976}}
{"target": -406.5558792278656, "params": {"gamma": 4.509288490197079, "prior": 3.8828172451120206, "rate": 4.108702687871935}, "datetime": {"datetime": "2024-06-14 12:57:12", "elapsed": 0.780691, "delta": 0.008976}}
{"target": -415.7028747971987, "params": {"gamma": 4.015394355111937, "prior": 3.2421010649869415, "rate": 6.219571759835095}, "datetime": {"datetime": "2024-06-14 12:57:12", "elapsed": 0.78867, "delta": 0.007979}}
{"target": -358.6857438035385, "params": {"gamma": 4.303042460941823, "prior": 9.740640571479798, "rate": 6.778331113451677}, "datetime": {"datetime": "2024-06-14 12:57:12", "elapsed": 0.797646, "delta": 0.008976}}
{"target": -221.25452962788805, "params": {"gamma": 1.9865003143826816, "prior": 4.324339992545524, "rate": 3.4341190515044557}, "datetime": {"datetime": "2024-06-14 12:57:12", "elapsed": 0.806622, "delta": 0.008976}}
{"target": -674.6288609519164, "params": {"gamma": 7.976590400781708, "prior": 8.811983056777974, "rate": 9.038515716307893}, "datetime": {"datetime": "2024-06-14 12:57:12", "elapsed": 0.815597, "delta": 0.008975}}
{"target": -552.2836550966906, "params": {"gamma": 6.627535403940247, "prior": 2.775061794094602, "rate": 2.5244146483443926}, "datetime": {"datetime": "2024-06-14 12:57:12", "elapsed": 0.824603, "delta": 0.009006}}
{"target": -788.5666583722384, "params": {"gamma": 8.549124529031326, "prior": 5.324374998456592, "rate": 8.021808678961976}, "datetime": {"datetime": "2024-06-14 12:57:12", "elapsed": 0.83355, "delta": 0.008947}}
{"target": -457.7210982089318, "params": {"gamma": 5.725312683398872, "prior": 7.35811100034636, "rate": 5.190597263013095}, "datetime": {"datetime": "2024-06-14 12:57:12", "elapsed": 0.841558, "delta": 0.008008}}
{"target": -618.8917051877976, "params": {"gamma": 7.709068221108379, "prior": 5.731694107976684, "rate": 4.6576330760412175}, "datetime": {"datetime": "2024-06-14 12:57:12", "elapsed": 0.850504, "delta": 0.008946}}
{"target": -422.51551653137386, "params": {"gamma": 3.4275463906248644, "prior": 0.7752725493253708, "rate": 3.7798638691016704}, "datetime": {"datetime": "2024-06-14 12:57:12", "elapsed": 0.859482, "delta": 0.008978}}
{"target": -158.92303747121176, "params": {"gamma": 0.7971811509048254, "prior": 9.829889425931405, "rate": 1.816946900456307}, "datetime": {"datetime": "2024-06-14 12:57:12", "elapsed": 0.868061, "delta": 0.008579}}
{"target": -644.5956972146539, "params": {"gamma": 8.118775118507678, "prior": 8.762120285063391, "rate": 6.884444110607048}, "datetime": {"datetime": "2024-06-14 12:57:12", "elapsed": 0.877008, "delta": 0.008947}}
