{"target": -153.18410309679146, "params": {"gamma": 1.6165788245210426, "prior": 6.524924004221608, "rate": 7.53350473313803}, "datetime": {"datetime": "2024-06-14 10:30:31", "elapsed": 6.419867, "delta": 0.009974}}
{"target": -185.96231485805455, "params": {"gamma": 2.8026461610955637, "prior": 4.5684824262007755, "rate": 9.004588674948266}, "datetime": {"datetime": "2024-06-14 10:30:31", "elapsed": 6.428843, "delta": 0.008976}}
{"target": -436.09456668878687, "params": {"gamma": 8.719984326277993, "prior": 7.1011573368634044, "rate": 5.909415094304578}, "datetime": {"datetime": "2024-06-14 10:30:31", "elapsed": 6.43875, "delta": 0.009907}}
{"target": -442.20570075114244, "params": {"gamma": 8.174005321700859, "prior": 9.085681996388406, "rate": 0.026073089119563617}, "datetime": {"datetime": "2024-06-14 10:30:31", "elapsed": 6.447725, "delta": 0.008975}}
{"target": -228.69170209455098, "params": {"gamma": 3.972880434571384, "prior": 5.657955868812967, "rate": 7.339497439712482}, "datetime": {"datetime": "2024-06-14 10:30:31", "elapsed": 6.457699, "delta": 0.009974}}
{"target": -145.31191067279636, "params": {"gamma": 0.8756401490882502, "prior": 4.057574378040559, "rate": 2.796932173319039}, "datetime": {"datetime": "2024-06-14 10:30:31", "elapsed": 6.466675, "delta": 0.008976}}
{"target": -239.42900379689615, "params": {"gamma": 4.235677020998725, "prior": 5.029988463465554, "rate": 6.600492220036985}, "datetime": {"datetime": "2024-06-14 10:30:31", "elapsed": 6.476648, "delta": 0.009973}}
{"target": -269.4841393422945, "params": {"gamma": 4.962865153563822, "prior": 6.242635185991386, "rate": 5.824816179030337}, "datetime": {"datetime": "2024-06-14 10:30:31", "elapsed": 6.486625, "delta": 0.009977}}
{"target": -282.56256759605924, "params": {"gamma": 4.2838956479905255, "prior": 0.1492660106415274, "rate": 1.9459696221821587}, "datetime": {"datetime": "2024-06-14 10:30:31", "elapsed": 6.495602, "delta": 0.008977}}
{"target": -207.6147112728388, "params": {"gamma": 3.2027463362086017, "prior": 1.55508344596382, "rate": 5.987040152182751}, "datetime": {"datetime": "2024-06-14 10:30:31", "elapsed": 6.504578, "delta": 0.008976}}
{"target": -319.34562411353085, "params": {"gamma": 6.115383267119364, "prior": 5.050923270009602, "rate": 3.2091681671070447}, "datetime": {"datetime": "2024-06-14 10:30:31", "elapsed": 6.514551, "delta": 0.009973}}
{"target": -365.61000266149404, "params": {"gamma": 6.53292726219252, "prior": 1.983806478522533, "rate": 0.05980393346483768}, "datetime": {"datetime": "2024-06-14 10:30:31", "elapsed": 6.523527, "delta": 0.008976}}
{"target": -381.51587173407245, "params": {"gamma": 7.3496852448209316, "prior": 4.490688034848957, "rate": 6.978718718842435}, "datetime": {"datetime": "2024-06-14 10:30:31", "elapsed": 6.5335, "delta": 0.009973}}
{"target": -163.19222301830123, "params": {"gamma": 1.851248453020123, "prior": 0.7199360396407632, "rate": 3.78170775924343}, "datetime": {"datetime": "2024-06-14 10:30:31", "elapsed": 6.543474, "delta": 0.009974}}
{"target": -365.2267897852433, "params": {"gamma": 6.960269107944495, "prior": 1.1179018377977268, "rate": 1.959146502516249}, "datetime": {"datetime": "2024-06-14 10:30:31", "elapsed": 6.553449, "delta": 0.009975}}
{"target": -251.8884419149526, "params": {"gamma": 4.540072551414793, "prior": 6.249376977967096, "rate": 7.501492356441782}, "datetime": {"datetime": "2024-06-14 10:30:31", "elapsed": 6.56342, "delta": 0.009971}}
{"target": -148.1934844200672, "params": {"gamma": 1.0982404778352803, "prior": 6.283773710840847, "rate": 3.8742178609226636}, "datetime": {"datetime": "2024-06-14 10:30:31", "elapsed": 6.572396, "delta": 0.008976}}
{"target": -360.1352988265463, "params": {"gamma": 6.701233597109323, "prior": 2.115247738852826, "rate": 5.2796600565097815}, "datetime": {"datetime": "2024-06-14 10:30:31", "elapsed": 6.58237, "delta": 0.009974}}
{"target": -169.5713922519827, "params": {"gamma": 1.722453387004371, "prior": 0.2849419593641159, "rate": 4.870015513993148}, "datetime": {"datetime": "2024-06-14 10:30:31", "elapsed": 6.5913, "delta": 0.00893}}
{"target": -159.7452974367522, "params": {"gamma": 1.8425935878323698, "prior": 6.4195989670335365, "rate": 5.366211618584989}, "datetime": {"datetime": "2024-06-14 10:30:31", "elapsed": 6.601274, "delta": 0.009974}}
{"target": -411.79008865227786, "params": {"gamma": 7.74967885459746, "prior": 3.990303036078612, "rate": 9.894531856231692}, "datetime": {"datetime": "2024-06-14 10:30:31", "elapsed": 6.610249, "delta": 0.008975}}
{"target": -279.8315069430174, "params": {"gamma": 5.152631746924576, "prior": 4.84035167173617, "rate": 7.494675265050945}, "datetime": {"datetime": "2024-06-14 10:30:31", "elapsed": 6.620223, "delta": 0.009974}}
{"target": -304.16588149802516, "params": {"gamma": 5.727310244630862, "prior": 3.6884066412702516, "rate": 4.892958609815962}, "datetime": {"datetime": "2024-06-14 10:30:31", "elapsed": 6.629199, "delta": 0.008976}}
{"target": -175.79524725673443, "params": {"gamma": 1.8921946110135588, "prior": 3.9964758015389337, "rate": 0.30058756348796134}, "datetime": {"datetime": "2024-06-14 10:30:31", "elapsed": 6.639173, "delta": 0.009974}}
{"target": -258.3922325630778, "params": {"gamma": 4.625828074361687, "prior": 2.8172937167553513, "rate": 5.267631887725799}, "datetime": {"datetime": "2024-06-14 10:30:31", "elapsed": 6.649145, "delta": 0.009972}}
{"target": -144.18699535652604, "params": {"gamma": 0.2936919419097222, "prior": 5.595358988569528, "rate": 2.9306858383999437}, "datetime": {"datetime": "2024-06-14 10:30:31", "elapsed": 6.658121, "delta": 0.008976}}
{"target": -305.0724069739669, "params": {"gamma": 5.775329319454461, "prior": 7.35442154728753, "rate": 4.403937930137581}, "datetime": {"datetime": "2024-06-14 10:30:31", "elapsed": 6.668095, "delta": 0.009974}}
{"target": -369.0978306943908, "params": {"gamma": 6.6319050719967745, "prior": 2.4652085532150996, "rate": 9.985992286776213}, "datetime": {"datetime": "2024-06-14 10:30:31", "elapsed": 6.678069, "delta": 0.009974}}
{"target": -186.4997624783492, "params": {"gamma": 2.4295423376760557, "prior": 9.414201302377094, "rate": 2.1729802841597885}, "datetime": {"datetime": "2024-06-14 10:30:31", "elapsed": 6.687336, "delta": 0.009267}}
{"target": -270.109249497147, "params": {"gamma": 4.97614628166607, "prior": 8.229651952438084, "rate": 7.166163879900548}, "datetime": {"datetime": "2024-06-14 10:30:31", "elapsed": 6.697395, "delta": 0.010059}}
{"target": -369.1221359618526, "params": {"gamma": 7.05609854079457, "prior": 4.460361543759608, "rate": 7.541996079526139}, "datetime": {"datetime": "2024-06-14 10:30:31", "elapsed": 6.706364, "delta": 0.008969}}
{"target": -463.92856816904185, "params": {"gamma": 9.199615816571573, "prior": 4.469382278626795, "rate": 5.2801268760628535}, "datetime": {"datetime": "2024-06-14 10:30:31", "elapsed": 6.717336, "delta": 0.010972}}
{"target": -142.08344819033155, "params": {"gamma": 0.6612898045823568, "prior": 3.968653429339858, "rate": 4.672918424766126}, "datetime": {"datetime": "2024-06-14 10:30:31", "elapsed": 6.728405, "delta": 0.011069}}
{"target": -504.3202522303486, "params": {"gamma": 8.951481970324929, "prior": 1.1945186585288683, "rate": 7.311644894386467}, "datetime": {"datetime": "2024-06-14 10:30:31", "elapsed": 6.737377, "delta": 0.008972}}
{"target": -316.82546175564704, "params": {"gamma": 5.455166214318647, "prior": 6.10470076211378, "rate": 0.2987996583514733}, "datetime": {"datetime": "2024-06-14 10:30:31", "elapsed": 6.74735, "delta": 0.009973}}
{"target": -165.8554196028273, "params": {"gamma": 1.4683270502280348, "prior": 2.911433932115233, "rate": 0.04971560748810713}, "datetime": {"datetime": "2024-06-14 10:30:31", "elapsed": 6.756325, "delta": 0.008975}}
{"target": -344.28692406933476, "params": {"gamma": 6.6919088201735715, "prior": 8.715553694333723, "rate": 5.470136124403138}, "datetime": {"datetime": "2024-06-14 10:30:31", "elapsed": 6.766299, "delta": 0.009974}}
{"target": -292.04153661814837, "params": {"gamma": 5.432097311144519, "prior": 6.195686693269069, "rate": 3.022512822657626}, "datetime": {"datetime": "2024-06-14 10:30:31", "elapsed": 6.776273, "delta": 0.009974}}
{"target": -216.75093102304584, "params": {"gamma": 3.6679530846277557, "prior": 5.7919033000498885, "rate": 8.092356620589728}, "datetime": {"datetime": "2024-06-14 10:30:31", "elapsed": 6.785249, "delta": 0.008976}}
{"target": -162.011242038507, "params": {"gamma": 2.016764747447303, "prior": 3.3424881528980626, "rate": 7.429469582646582}, "datetime": {"datetime": "2024-06-14 10:30:31", "elapsed": 6.795645, "delta": 0.010396}}
{"target": -211.34846541860793, "params": {"gamma": 3.4098615710742886, "prior": 0.5713481941948949, "rate": 1.5644129298338398}, "datetime": {"datetime": "2024-06-14 10:30:31", "elapsed": 6.804621, "delta": 0.008976}}
{"target": -159.9865695382326, "params": {"gamma": 1.9394547317358086, "prior": 5.001612389355664, "rate": 6.351614485952291}, "datetime": {"datetime": "2024-06-14 10:30:31", "elapsed": 6.814594, "delta": 0.009973}}
{"target": -438.1282834981654, "params": {"gamma": 8.802319552208612, "prior": 9.035111908580227, "rate": 3.072300524082465}, "datetime": {"datetime": "2024-06-14 10:30:31", "elapsed": 6.824567, "delta": 0.009973}}
{"target": -386.8198586269296, "params": {"gamma": 7.534047351182733, "prior": 2.896037502533829, "rate": 3.686400120782994}, "datetime": {"datetime": "2024-06-14 10:30:31", "elapsed": 6.833544, "delta": 0.008977}}
{"target": -195.12629598330807, "params": {"gamma": 2.927972894369209, "prior": 4.195538288371103, "rate": 2.147942240988137}, "datetime": {"datetime": "2024-06-14 10:30:31", "elapsed": 6.843517, "delta": 0.009973}}
{"target": -218.3283179254468, "params": {"gamma": 3.1905410786954205, "prior": 1.3070061575118679, "rate": 9.63021937771575}, "datetime": {"datetime": "2024-06-14 10:30:31", "elapsed": 6.853491, "delta": 0.009974}}
{"target": -272.95322954921875, "params": {"gamma": 5.04032611097843, "prior": 9.238696757627771, "rate": 7.461855247593438}, "datetime": {"datetime": "2024-06-14 10:30:31", "elapsed": 6.863463, "delta": 0.009972}}
{"target": -253.6606843243259, "params": {"gamma": 4.577595171516512, "prior": 7.570760030550504, "rate": 6.280602762990652}, "datetime": {"datetime": "2024-06-14 10:30:31", "elapsed": 6.87244, "delta": 0.008977}}
{"target": -193.2478286163522, "params": {"gamma": 3.0382805830845347, "prior": 5.264427202791391, "rate": 7.123409644278645}, "datetime": {"datetime": "2024-06-14 10:30:31", "elapsed": 6.882413, "delta": 0.009973}}
{"target": -221.1301722883337, "params": {"gamma": 3.0538300009516193, "prior": 0.22397608517608533, "rate": 2.6833600285302275}, "datetime": {"datetime": "2024-06-14 10:30:31", "elapsed": 6.892386, "delta": 0.009973}}
{"target": -400.55448085271036, "params": {"gamma": 7.967658010425252, "prior": 9.306931580738663, "rate": 6.2536862178776484}, "datetime": {"datetime": "2024-06-14 10:30:31", "elapsed": 6.901362, "delta": 0.008976}}
{"target": -150.8425876903308, "params": {"gamma": 1.3289420383195298, "prior": 7.59994655654947, "rate": 5.269526555127393}, "datetime": {"datetime": "2024-06-14 10:30:32", "elapsed": 6.911336, "delta": 0.009974}}
{"target": -385.09714998234807, "params": {"gamma": 7.538936847140509, "prior": 8.600255860393125, "rate": 9.475467969467141}, "datetime": {"datetime": "2024-06-14 10:30:32", "elapsed": 6.921309, "delta": 0.009973}}
{"target": -338.2187001766511, "params": {"gamma": 6.545720808693693, "prior": 8.557156277442202, "rate": 7.426137988907772}, "datetime": {"datetime": "2024-06-14 10:30:32", "elapsed": 6.930285, "delta": 0.008976}}
{"target": -372.48012925366123, "params": {"gamma": 7.271284782848366, "prior": 8.60202848704295, "rate": 9.2301074044959}, "datetime": {"datetime": "2024-06-14 10:30:32", "elapsed": 6.939782, "delta": 0.009497}}
{"target": -452.04467936598616, "params": {"gamma": 9.020857939246921, "prior": 4.017927589495288, "rate": 0.8411287767074533}, "datetime": {"datetime": "2024-06-14 10:30:32", "elapsed": 6.949752, "delta": 0.00997}}
{"target": -418.80698456219386, "params": {"gamma": 8.295907610863033, "prior": 5.43542237774558, "rate": 5.421219471236491}, "datetime": {"datetime": "2024-06-14 10:30:32", "elapsed": 6.959725, "delta": 0.009973}}
{"target": -516.8404048446151, "params": {"gamma": 8.25192813033363, "prior": 0.4166434253201614, "rate": 8.779726226832842}, "datetime": {"datetime": "2024-06-14 10:30:32", "elapsed": 6.970645, "delta": 0.01092}}
{"target": -143.1965427745502, "params": {"gamma": 0.34730537937586553, "prior": 6.9626261279460415, "rate": 5.875257309024742}, "datetime": {"datetime": "2024-06-14 10:30:32", "elapsed": 6.980834, "delta": 0.010189}}
{"target": -332.24565149873195, "params": {"gamma": 6.417850059155134, "prior": 3.803393858608736, "rate": 2.755344804474391}, "datetime": {"datetime": "2024-06-14 10:30:32", "elapsed": 6.990807, "delta": 0.009973}}
{"target": -276.17830898735036, "params": {"gamma": 5.094576405806185, "prior": 8.869648859782243, "rate": 5.653331413985319}, "datetime": {"datetime": "2024-06-14 10:30:32", "elapsed": 6.999783, "delta": 0.008976}}
{"target": -353.74763811971303, "params": {"gamma": 6.631825765751704, "prior": 4.469654386439658, "rate": 9.7214187321274}, "datetime": {"datetime": "2024-06-14 10:30:32", "elapsed": 7.009756, "delta": 0.009973}}
{"target": -388.1815966844597, "params": {"gamma": 7.425482001064747, "prior": 3.613534857422657, "rate": 6.5356567956039315}, "datetime": {"datetime": "2024-06-14 10:30:32", "elapsed": 7.01973, "delta": 0.009974}}
{"target": -296.467888199885, "params": {"gamma": 5.426621502305332, "prior": 8.852156502548992, "rate": 2.7512654566030514}, "datetime": {"datetime": "2024-06-14 10:30:32", "elapsed": 7.029703, "delta": 0.009973}}
{"target": -143.36381024125174, "params": {"gamma": 1.0815667842382009, "prior": 1.9935933122375844, "rate": 3.8710752798182537}, "datetime": {"datetime": "2024-06-14 10:30:32", "elapsed": 7.039676, "delta": 0.009973}}
{"target": -448.5043272725593, "params": {"gamma": 8.54074388954821, "prior": 2.7813646469755744, "rate": 6.263961673283628}, "datetime": {"datetime": "2024-06-14 10:30:32", "elapsed": 7.055633, "delta": 0.015957}}
{"target": -341.575745937201, "params": {"gamma": 6.235894458654538, "prior": 4.139666639944494, "rate": 0.504300961464858}, "datetime": {"datetime": "2024-06-14 10:30:32", "elapsed": 7.065606, "delta": 0.009973}}
{"target": -383.3207986766697, "params": {"gamma": 7.448593896451896, "prior": 3.027682790796424, "rate": 3.9851835072938524}, "datetime": {"datetime": "2024-06-14 10:30:32", "elapsed": 7.076577, "delta": 0.010971}}
{"target": -240.21442977843805, "params": {"gamma": 3.7730184357375642, "prior": 6.669666053543827, "rate": 0.8642465348648255}, "datetime": {"datetime": "2024-06-14 10:30:32", "elapsed": 7.086553, "delta": 0.009976}}
{"target": -376.0936769118454, "params": {"gamma": 5.49934931479934, "prior": 0.25267604119823284, "rate": 9.830406796410628}, "datetime": {"datetime": "2024-06-14 10:30:32", "elapsed": 7.096523, "delta": 0.00997}}
{"target": -317.3991074324599, "params": {"gamma": 5.984673796657761, "prior": 3.902730857162644, "rate": 1.4683325593440997}, "datetime": {"datetime": "2024-06-14 10:30:32", "elapsed": 7.106498, "delta": 0.009975}}
{"target": -359.4537017967251, "params": {"gamma": 6.9690863860416155, "prior": 9.067503325394869, "rate": 3.1817694146938234}, "datetime": {"datetime": "2024-06-14 10:30:32", "elapsed": 7.116471, "delta": 0.009973}}
{"target": -415.2334831876521, "params": {"gamma": 7.665154954417642, "prior": 2.946231210207758, "rate": 9.57229619840156}, "datetime": {"datetime": "2024-06-14 10:30:32", "elapsed": 7.126444, "delta": 0.009973}}
{"target": -365.2497818997223, "params": {"gamma": 7.023455232193281, "prior": 6.287654372613879, "rate": 9.307416596768327}, "datetime": {"datetime": "2024-06-14 10:30:32", "elapsed": 7.135421, "delta": 0.008977}}
{"target": -184.2327783282042, "params": {"gamma": 2.6911548301319335, "prior": 9.243795888773532, "rate": 6.781151258305702}, "datetime": {"datetime": "2024-06-14 10:30:32", "elapsed": 7.145394, "delta": 0.009973}}
{"target": -397.48318527498293, "params": {"gamma": 7.713853709507418, "prior": 5.759189830706018, "rate": 8.339212870314833}, "datetime": {"datetime": "2024-06-14 10:30:32", "elapsed": 7.155367, "delta": 0.009973}}
{"target": -386.2118144886356, "params": {"gamma": 6.983119711119335, "prior": 1.551426147591399, "rate": 6.1249988251521215}, "datetime": {"datetime": "2024-06-14 10:30:32", "elapsed": 7.16534, "delta": 0.009973}}
{"target": -199.19120348020843, "params": {"gamma": 2.793924035827702, "prior": 9.167199358366272, "rate": 1.9831246698113274}, "datetime": {"datetime": "2024-06-14 10:30:32", "elapsed": 7.175314, "delta": 0.009974}}
{"target": -205.2167090522426, "params": {"gamma": 2.857879237217657, "prior": 0.5717815791998215, "rate": 4.476343861362332}, "datetime": {"datetime": "2024-06-14 10:30:32", "elapsed": 7.187227, "delta": 0.011913}}
{"target": -298.9981342640372, "params": {"gamma": 5.576320563895948, "prior": 5.778254717513243, "rate": 9.053868422216771}, "datetime": {"datetime": "2024-06-14 10:30:32", "elapsed": 7.196656, "delta": 0.009429}}
{"target": -210.5032234947556, "params": {"gamma": 3.47479191407325, "prior": 4.5305309579534265, "rate": 8.512525387352474}, "datetime": {"datetime": "2024-06-14 10:30:32", "elapsed": 7.207115, "delta": 0.010459}}
{"target": -307.2636849783934, "params": {"gamma": 5.768716203017017, "prior": 6.574530055289563, "rate": 2.784314944612766}, "datetime": {"datetime": "2024-06-14 10:30:32", "elapsed": 7.217724, "delta": 0.010609}}
{"target": -278.7186897098445, "params": {"gamma": 4.875225544956866, "prior": 6.247428637046675, "rate": 1.3348069074222546}, "datetime": {"datetime": "2024-06-14 10:30:32", "elapsed": 7.227714, "delta": 0.00999}}
{"target": -140.44562019383952, "params": {"gamma": 0.3300542572087522, "prior": 1.222768911195179, "rate": 4.775133302320191}, "datetime": {"datetime": "2024-06-14 10:30:32", "elapsed": 7.23761, "delta": 0.009896}}
{"target": -145.3727933214862, "params": {"gamma": 0.24124331957345432, "prior": 6.299468398458495, "rate": 0.9767285971428687}, "datetime": {"datetime": "2024-06-14 10:30:32", "elapsed": 7.247349, "delta": 0.009739}}
{"target": -187.79412838588175, "params": {"gamma": 2.5103644156247413, "prior": 4.322280163976562, "rate": 1.159151640315784}, "datetime": {"datetime": "2024-06-14 10:30:32", "elapsed": 7.256694, "delta": 0.009345}}
{"target": -218.46427421981792, "params": {"gamma": 2.706249385980867, "prior": 0.3086887610715615, "rate": 9.850470490551084}, "datetime": {"datetime": "2024-06-14 10:30:32", "elapsed": 7.268799, "delta": 0.012105}}
{"target": -342.31768488860314, "params": {"gamma": 6.116124507605985, "prior": 3.8457030044689664, "rate": 0.2662569827533811}, "datetime": {"datetime": "2024-06-14 10:30:32", "elapsed": 7.278418, "delta": 0.009619}}
{"target": -228.16852451153335, "params": {"gamma": 3.8989976450014674, "prior": 4.580330401225699, "rate": 9.310100934451263}, "datetime": {"datetime": "2024-06-14 10:30:32", "elapsed": 7.288392, "delta": 0.009974}}
{"target": -185.09164538505013, "params": {"gamma": 2.7857632142087283, "prior": 6.186340721724661, "rate": 6.6520183774673525}, "datetime": {"datetime": "2024-06-14 10:30:32", "elapsed": 7.298, "delta": 0.009608}}
{"target": -157.66979157150132, "params": {"gamma": 1.8604237369935928, "prior": 5.107057154965675, "rate": 7.86522112783649}, "datetime": {"datetime": "2024-06-14 10:30:32", "elapsed": 7.308092, "delta": 0.010092}}
{"target": -153.86160654493648, "params": {"gamma": 0.966693765249707, "prior": 6.099749451872725, "rate": 0.261573266951244}, "datetime": {"datetime": "2024-06-14 10:30:32", "elapsed": 7.320446, "delta": 0.012354}}
{"target": -143.8052549681511, "params": {"gamma": 0.07146019137694642, "prior": 0.6893332106867064, "rate": 4.814523191031215}, "datetime": {"datetime": "2024-06-14 10:30:32", "elapsed": 7.330182, "delta": 0.009736}}
{"target": -463.75587803183464, "params": {"gamma": 9.257115382793618, "prior": 4.1150181029763395, "rate": 0.7512513607260716}, "datetime": {"datetime": "2024-06-14 10:30:32", "elapsed": 7.340491, "delta": 0.010309}}
{"target": -428.9652945832963, "params": {"gamma": 8.613663392355804, "prior": 5.241046096157358, "rate": 3.1900397533053235}, "datetime": {"datetime": "2024-06-14 10:30:32", "elapsed": 7.349314, "delta": 0.008823}}
{"target": -475.31066664834356, "params": {"gamma": 9.630360355507971, "prior": 9.388791508173545, "rate": 2.6009297005949668}, "datetime": {"datetime": "2024-06-14 10:30:32", "elapsed": 7.359899, "delta": 0.010585}}
{"target": -161.59794734226062, "params": {"gamma": 2.014717145283489, "prior": 5.930196162730165, "rate": 8.425339580205748}, "datetime": {"datetime": "2024-06-14 10:30:32", "elapsed": 7.370314, "delta": 0.010415}}
{"target": -217.21752736303367, "params": {"gamma": 3.3678741763608038, "prior": 5.90565127249619, "rate": 1.623287749788599}, "datetime": {"datetime": "2024-06-14 10:30:32", "elapsed": 7.379959, "delta": 0.009645}}
{"target": -173.05585992646797, "params": {"gamma": 1.94674275864618, "prior": 7.637218638321746, "rate": 1.5018345150591474}, "datetime": {"datetime": "2024-06-14 10:30:32", "elapsed": 7.39031, "delta": 0.010351}}
{"target": -204.79019505433027, "params": {"gamma": 2.659804503437227, "prior": 6.925999145458927, "rate": 0.15187798702215813}, "datetime": {"datetime": "2024-06-14 10:30:32", "elapsed": 7.400541, "delta": 0.010231}}
{"target": -142.67171196532806, "params": {"gamma": 0.3229118442818368, "prior": 2.946506806237884, "rate": 3.366895181942479}, "datetime": {"datetime": "2024-06-14 10:30:32", "elapsed": 7.410639, "delta": 0.010098}}
