{"target": -148.0787690730274, "params": {"gamma": 0.035495704092308095, "prior": 6.368562330266932, "rate": 9.352357990747103}, "datetime": {"datetime": "2024-06-14 11:50:45", "elapsed": 608.688497, "delta": 25.472504}}
{"target": -147.6422443794097, "params": {"gamma": 0.009030808975894526, "prior": 6.038913843100037, "rate": 4.11396131332955}, "datetime": {"datetime": "2024-06-14 11:51:23", "elapsed": 646.087929, "delta": 37.399432}}
{"target": -147.674738240316, "params": {"gamma": 0.001, "prior": 1.2438272505801702, "rate": 10.0}, "datetime": {"datetime": "2024-06-14 11:51:53", "elapsed": 676.804424, "delta": 30.716495}}
{"target": -147.4402628143301, "params": {"gamma": 0.04591630306269837, "prior": 9.82478061164515, "rate": 4.380185618319891}, "datetime": {"datetime": "2024-06-14 11:52:18", "elapsed": 701.273253, "delta": 24.468829}}
{"target": -147.84294413480444, "params": {"gamma": 0.00580490657545037, "prior": 0.9453278762933869, "rate": 7.839316949017439}, "datetime": {"datetime": "2024-06-14 11:52:39", "elapsed": 722.736503, "delta": 21.46325}}
