{"target": -827.7068285181931, "params": {"gamma": 6.139097026322785, "lr": 0.3241385298974466}, "datetime": {"datetime": "2024-06-13 17:15:17", "elapsed": 1.218692, "delta": 0.003988}}
{"target": -691.9739257897055, "params": {"gamma": 4.574144456728294, "lr": 0.44411710701661444}, "datetime": {"datetime": "2024-06-13 17:15:17", "elapsed": 1.222681, "delta": 0.003989}}
{"target": -1205.8650819917787, "params": {"gamma": 8.281525471954389, "lr": 0.4263481542362306}, "datetime": {"datetime": "2024-06-13 17:15:17", "elapsed": 1.225673, "delta": 0.002992}}
{"target": -761.884900186091, "params": {"gamma": 3.4576425129338477, "lr": 0.6749716048091052}, "datetime": {"datetime": "2024-06-13 17:15:17", "elapsed": 1.229664, "delta": 0.003991}}
{"target": -357.82184432673154, "params": {"gamma": 2.215599075279554, "lr": 0.4672458239265538}, "datetime": {"datetime": "2024-06-13 17:15:17", "elapsed": 1.233653, "delta": 0.003989}}
{"target": -658.5082259677591, "params": {"gamma": 3.1483421075528404, "lr": 0.6268556021628346}, "datetime": {"datetime": "2024-06-13 17:15:17", "elapsed": 1.237642, "delta": 0.003989}}
{"target": -1326.1414619736117, "params": {"gamma": 8.773727386473432, "lr": 0.4476890001456285}, "datetime": {"datetime": "2024-06-13 17:15:17", "elapsed": 1.240634, "delta": 0.002992}}
{"target": -1194.9692463294687, "params": {"gamma": 7.84478973050044, "lr": 0.4569657005615504}, "datetime": {"datetime": "2024-06-13 17:15:17", "elapsed": 1.244623, "delta": 0.003989}}
{"target": -1639.886959518425, "params": {"gamma": 6.562637087839597, "lr": 0.13184097502750214}, "datetime": {"datetime": "2024-06-13 17:15:17", "elapsed": 1.247615, "delta": 0.002992}}
{"target": -1190.183306131474, "params": {"gamma": 4.3303820881695145, "lr": 0.9093119886549367}, "datetime": {"datetime": "2024-06-13 17:15:17", "elapsed": 1.251604, "delta": 0.003989}}
{"target": -1484.7996780914, "params": {"gamma": 6.055184531308316, "lr": 0.7667745872371021}, "datetime": {"datetime": "2024-06-13 17:15:17", "elapsed": 1.255594, "delta": 0.00399}}
{"target": -776.2171287715379, "params": {"gamma": 5.047501380350848, "lr": 0.49805562482800747}, "datetime": {"datetime": "2024-06-13 17:15:17", "elapsed": 1.258586, "delta": 0.002992}}
{"target": -3009.157626558221, "params": {"gamma": 8.429155502088307, "lr": 0.06780693434095375}, "datetime": {"datetime": "2024-06-13 17:15:17", "elapsed": 1.261578, "delta": 0.002992}}
{"target": -1582.853266042189, "params": {"gamma": 5.733149443225297, "lr": 0.9427625754329493}, "datetime": {"datetime": "2024-06-13 17:15:17", "elapsed": 1.265996, "delta": 0.004418}}
{"target": -925.060105163872, "params": {"gamma": 5.179082621675048, "lr": 0.1944658095278845}, "datetime": {"datetime": "2024-06-13 17:15:17", "elapsed": 1.269985, "delta": 0.003989}}
{"target": -1208.0648681198627, "params": {"gamma": 8.479545985042318, "lr": 0.25163914235585283}, "datetime": {"datetime": "2024-06-13 17:15:17", "elapsed": 1.272977, "delta": 0.002992}}
{"target": -1226.359035930264, "params": {"gamma": 7.007559638788898, "lr": 0.5402609403968999}, "datetime": {"datetime": "2024-06-13 17:15:17", "elapsed": 1.276966, "delta": 0.003989}}
{"target": -1863.448152018254, "params": {"gamma": 9.488414046513915, "lr": 0.6243367024026759}, "datetime": {"datetime": "2024-06-13 17:15:17", "elapsed": 1.279959, "delta": 0.002993}}
{"target": -2991.6131282171573, "params": {"gamma": 8.379941642515245, "lr": 0.007932876194523097}, "datetime": {"datetime": "2024-06-13 17:15:18", "elapsed": 1.283948, "delta": 0.003989}}
{"target": -3531.1610948370862, "params": {"gamma": 9.893411221610213, "lr": 0.07771457033238649}, "datetime": {"datetime": "2024-06-13 17:15:18", "elapsed": 1.287937, "delta": 0.003989}}
{"target": -895.9859450848523, "params": {"gamma": 3.2219730066340815, "lr": 0.9461523954567653}, "datetime": {"datetime": "2024-06-13 17:15:18", "elapsed": 1.291927, "delta": 0.00399}}
{"target": -142.60447717174765, "params": {"gamma": 0.09038208461007943, "lr": 0.8227300054219355}, "datetime": {"datetime": "2024-06-13 17:15:18", "elapsed": 1.294949, "delta": 0.003022}}
{"target": -1282.5903091740581, "params": {"gamma": 8.612255172029577, "lr": 0.4398308142085725}, "datetime": {"datetime": "2024-06-13 17:15:18", "elapsed": 1.298908, "delta": 0.003959}}
{"target": -654.2191418577687, "params": {"gamma": 2.558196192865506, "lr": 0.8026895196332986}, "datetime": {"datetime": "2024-06-13 17:15:18", "elapsed": 1.302897, "delta": 0.003989}}
{"target": -1196.9893563365863, "params": {"gamma": 4.77914218231778, "lr": 0.13433860865569613}, "datetime": {"datetime": "2024-06-13 17:15:18", "elapsed": 1.305889, "delta": 0.002992}}
{"target": -2508.4312416586818, "params": {"gamma": 9.278562079257282, "lr": 0.8959699670066484}, "datetime": {"datetime": "2024-06-13 17:15:18", "elapsed": 1.309878, "delta": 0.003989}}
{"target": -1236.48765256388, "params": {"gamma": 4.915959955019337, "lr": 0.8567024965177922}, "datetime": {"datetime": "2024-06-13 17:15:18", "elapsed": 1.312871, "delta": 0.002993}}
{"target": -917.5540171001195, "params": {"gamma": 4.1863616796152225, "lr": 0.6834649001663011}, "datetime": {"datetime": "2024-06-13 17:15:18", "elapsed": 1.31686, "delta": 0.003989}}
{"target": -703.9808339958394, "params": {"gamma": 3.9805084034398166, "lr": 0.5057420174508104}, "datetime": {"datetime": "2024-06-13 17:15:18", "elapsed": 1.320849, "delta": 0.003989}}
{"target": -536.5676546796983, "params": {"gamma": 1.896327476636439, "lr": 0.9649889241109139}, "datetime": {"datetime": "2024-06-13 17:15:18", "elapsed": 1.323841, "delta": 0.002992}}
{"target": -836.7768626173536, "params": {"gamma": 2.9428626667543027, "lr": 0.10345955611640134}, "datetime": {"datetime": "2024-06-13 17:15:18", "elapsed": 1.32783, "delta": 0.003989}}
{"target": -526.999312976206, "params": {"gamma": 1.4440096868902519, "lr": 0.014092294192442956}, "datetime": {"datetime": "2024-06-13 17:15:18", "elapsed": 1.33182, "delta": 0.00399}}
{"target": -1292.7142588838076, "params": {"gamma": 7.1597410489244835, "lr": 0.5644983202408741}, "datetime": {"datetime": "2024-06-13 17:15:18", "elapsed": 1.335809, "delta": 0.003989}}
{"target": -1388.6278808516956, "params": {"gamma": 7.945988933496338, "lr": 0.5070799232841364}, "datetime": {"datetime": "2024-06-13 17:15:18", "elapsed": 1.338801, "delta": 0.002992}}
{"target": -1717.300509273573, "params": {"gamma": 7.918418574002035, "lr": 0.6957642142718394}, "datetime": {"datetime": "2024-06-13 17:15:18", "elapsed": 1.342791, "delta": 0.00399}}
{"target": -1133.999106745283, "params": {"gamma": 7.778706920114895, "lr": 0.4064828689770863}, "datetime": {"datetime": "2024-06-13 17:15:18", "elapsed": 1.345783, "delta": 0.002992}}
{"target": -1270.0408892552025, "params": {"gamma": 6.478058561241625, "lr": 0.1797942976929744}, "datetime": {"datetime": "2024-06-13 17:15:18", "elapsed": 1.349772, "delta": 0.003989}}
{"target": -639.3639596477768, "params": {"gamma": 3.2188778139156518, "lr": 0.1726046201197925}, "datetime": {"datetime": "2024-06-13 17:15:18", "elapsed": 1.352764, "delta": 0.002992}}
{"target": -628.4633753341966, "params": {"gamma": 4.086963612907611, "lr": 0.2414187479655988}, "datetime": {"datetime": "2024-06-13 17:15:18", "elapsed": 1.356753, "delta": 0.003989}}
{"target": -1127.5751481096936, "params": {"gamma": 4.069813019299451, "lr": 0.9752223424373121}, "datetime": {"datetime": "2024-06-13 17:15:18", "elapsed": 1.360743, "delta": 0.00399}}
{"target": -891.049459566647, "params": {"gamma": 3.2038729388944907, "lr": 0.9824909449748953}, "datetime": {"datetime": "2024-06-13 17:15:18", "elapsed": 1.363992, "delta": 0.003249}}
{"target": -861.8055761282216, "params": {"gamma": 6.363424952433981, "lr": 0.375091018393911}, "datetime": {"datetime": "2024-06-13 17:15:18", "elapsed": 1.367981, "delta": 0.003989}}
{"target": -1685.3543291604067, "params": {"gamma": 8.574987506336882, "lr": 0.6195867393685738}, "datetime": {"datetime": "2024-06-13 17:15:18", "elapsed": 1.370973, "delta": 0.002992}}
{"target": -628.9874841699386, "params": {"gamma": 2.521078768228263, "lr": 0.7928556779768876}, "datetime": {"datetime": "2024-06-13 17:15:18", "elapsed": 1.374961, "delta": 0.003988}}
{"target": -597.5182681797356, "params": {"gamma": 4.329952148832897, "lr": 0.3575111673304414}, "datetime": {"datetime": "2024-06-13 17:15:18", "elapsed": 1.377954, "delta": 0.002993}}
{"target": -729.0067774902303, "params": {"gamma": 3.3034390883142843, "lr": 0.6973688756131394}, "datetime": {"datetime": "2024-06-13 17:15:18", "elapsed": 1.381943, "delta": 0.003989}}
{"target": -686.0541579393373, "params": {"gamma": 2.6872325889383593, "lr": 0.8082780137053801}, "datetime": {"datetime": "2024-06-13 17:15:18", "elapsed": 1.385933, "delta": 0.00399}}
{"target": -528.307088844202, "params": {"gamma": 2.953592655204078, "lr": 0.5441213835853572}, "datetime": {"datetime": "2024-06-13 17:15:18", "elapsed": 1.388925, "delta": 0.002992}}
{"target": -1227.4939422325517, "params": {"gamma": 4.879726996560219, "lr": 0.8553564125953698}, "datetime": {"datetime": "2024-06-13 17:15:18", "elapsed": 1.392914, "delta": 0.003989}}
{"target": -1576.778519909501, "params": {"gamma": 8.883975957519464, "lr": 0.18438444236776674}, "datetime": {"datetime": "2024-06-13 17:15:18", "elapsed": 1.396904, "delta": 0.00399}}
{"target": -1587.3474122350447, "params": {"gamma": 5.853899240923573, "lr": 0.8982050460171371}, "datetime": {"datetime": "2024-06-13 17:15:18", "elapsed": 1.399896, "delta": 0.002992}}
{"target": -1234.7788779384246, "params": {"gamma": 4.461726073125263, "lr": 0.9218683054838154}, "datetime": {"datetime": "2024-06-13 17:15:18", "elapsed": 1.403885, "delta": 0.003989}}
{"target": -560.8265923867067, "params": {"gamma": 2.790629913679252, "lr": 0.6088311741937957}, "datetime": {"datetime": "2024-06-13 17:15:18", "elapsed": 1.407874, "delta": 0.003989}}
{"target": -1037.0523729208753, "params": {"gamma": 6.824854643958388, "lr": 0.2282057333504841}, "datetime": {"datetime": "2024-06-13 17:15:18", "elapsed": 1.410866, "delta": 0.002992}}
{"target": -138.26853906809777, "params": {"gamma": 0.13866135806461027, "lr": 0.4167239623706961}, "datetime": {"datetime": "2024-06-13 17:15:18", "elapsed": 1.414855, "delta": 0.003989}}
{"target": -1272.9542934100728, "params": {"gamma": 9.384880436675484, "lr": 0.34302810983040655}, "datetime": {"datetime": "2024-06-13 17:15:18", "elapsed": 1.418845, "delta": 0.00399}}
{"target": -1525.970150057758, "params": {"gamma": 7.7976632105305175, "lr": 0.17473631282740743}, "datetime": {"datetime": "2024-06-13 17:15:18", "elapsed": 1.422834, "delta": 0.003989}}
{"target": -757.2359761480859, "params": {"gamma": 3.420186410188222, "lr": 0.14459772083809674}, "datetime": {"datetime": "2024-06-13 17:15:18", "elapsed": 1.425826, "delta": 0.002992}}
{"target": -1556.3781207407756, "params": {"gamma": 7.167991370649615, "lr": 0.6993076236968142}, "datetime": {"datetime": "2024-06-13 17:15:18", "elapsed": 1.429816, "delta": 0.00399}}
{"target": -984.162866123333, "params": {"gamma": 6.88528468217124, "lr": 0.25339603448629966}, "datetime": {"datetime": "2024-06-13 17:15:18", "elapsed": 1.433805, "delta": 0.003989}}
{"target": -1051.8544591113316, "params": {"gamma": 6.923908856112466, "lr": 0.22729754091594956}, "datetime": {"datetime": "2024-06-13 17:15:18", "elapsed": 1.436797, "delta": 0.002992}}
{"target": -587.8771300944798, "params": {"gamma": 4.247066510197466, "lr": 0.37192212166768723}, "datetime": {"datetime": "2024-06-13 17:15:18", "elapsed": 1.440786, "delta": 0.003989}}
{"target": -1271.7271283715822, "params": {"gamma": 3.553723808289602, "lr": 0.05765480724125638}, "datetime": {"datetime": "2024-06-13 17:15:18", "elapsed": 1.443778, "delta": 0.002992}}
{"target": -1373.8882732196307, "params": {"gamma": 6.316834622032531, "lr": 0.7073166026816995}, "datetime": {"datetime": "2024-06-13 17:15:18", "elapsed": 1.447768, "delta": 0.00399}}
{"target": -1265.538842029246, "params": {"gamma": 6.136273356333854, "lr": 0.6483127561631246}, "datetime": {"datetime": "2024-06-13 17:15:18", "elapsed": 1.451757, "delta": 0.003989}}
{"target": -386.33590647341225, "params": {"gamma": 1.7002372014583604, "lr": 0.14944679893886248}, "datetime": {"datetime": "2024-06-13 17:15:18", "elapsed": 1.454749, "delta": 0.002992}}
{"target": -1388.3172427110408, "params": {"gamma": 5.142236260215303, "lr": 0.8753327263545391}, "datetime": {"datetime": "2024-06-13 17:15:18", "elapsed": 1.458738, "delta": 0.003989}}
{"target": -304.4692395573751, "params": {"gamma": 1.8403504620306732, "lr": 0.4628391187082599}, "datetime": {"datetime": "2024-06-13 17:15:18", "elapsed": 1.46173, "delta": 0.002992}}
{"target": -663.2026706485614, "params": {"gamma": 4.289894407965, "lr": 0.4972891859195163}, "datetime": {"datetime": "2024-06-13 17:15:18", "elapsed": 1.465978, "delta": 0.004248}}
{"target": -246.5686666449559, "params": {"gamma": 1.6159461940896331, "lr": 0.34244064113481054}, "datetime": {"datetime": "2024-06-13 17:15:18", "elapsed": 1.469966, "delta": 0.003988}}
{"target": -668.2543595125669, "params": {"gamma": 2.6195421606310987, "lr": 0.844526943229479}, "datetime": {"datetime": "2024-06-13 17:15:18", "elapsed": 1.473956, "delta": 0.00399}}
{"target": -1166.129782844394, "params": {"gamma": 8.003522125518241, "lr": 0.4266391582681436}, "datetime": {"datetime": "2024-06-13 17:15:18", "elapsed": 1.476948, "delta": 0.002992}}
{"target": -1336.540207215781, "params": {"gamma": 6.070547592429601, "lr": 0.14546561026621996}, "datetime": {"datetime": "2024-06-13 17:15:18", "elapsed": 1.480938, "delta": 0.00399}}
{"target": -690.7214216872776, "params": {"gamma": 5.096623328881369, "lr": 0.29694708578690454}, "datetime": {"datetime": "2024-06-13 17:15:18", "elapsed": 1.484926, "delta": 0.003988}}
{"target": -1862.7550120185604, "params": {"gamma": 8.596649884738442, "lr": 0.6715983809063899}, "datetime": {"datetime": "2024-06-13 17:15:18", "elapsed": 1.487918, "delta": 0.002992}}
{"target": -1638.1956027410401, "params": {"gamma": 6.335106652211588, "lr": 0.12475130006917923}, "datetime": {"datetime": "2024-06-13 17:15:18", "elapsed": 1.491907, "delta": 0.003989}}
{"target": -1301.7374991396318, "params": {"gamma": 4.706408207109359, "lr": 0.9865727795868815}, "datetime": {"datetime": "2024-06-13 17:15:18", "elapsed": 1.4949, "delta": 0.002993}}
{"target": -1949.7175457960375, "params": {"gamma": 9.483043441552578, "lr": 0.6450856402604436}, "datetime": {"datetime": "2024-06-13 17:15:18", "elapsed": 1.49889, "delta": 0.00399}}
{"target": -333.65654022226903, "params": {"gamma": 1.5180969854487043, "lr": 0.639126848719905}, "datetime": {"datetime": "2024-06-13 17:15:18", "elapsed": 1.502879, "delta": 0.003989}}
{"target": -867.331746357335, "params": {"gamma": 5.657055463326731, "lr": 0.468665837661252}, "datetime": {"datetime": "2024-06-13 17:15:18", "elapsed": 1.506867, "delta": 0.003988}}
{"target": -810.4548039640438, "params": {"gamma": 4.280946657213234, "lr": 0.5992697556580301}, "datetime": {"datetime": "2024-06-13 17:15:18", "elapsed": 1.50986, "delta": 0.002993}}
{"target": -2078.6823097660013, "params": {"gamma": 8.499848915271139, "lr": 0.7511210403719374}, "datetime": {"datetime": "2024-06-13 17:15:18", "elapsed": 1.513849, "delta": 0.003989}}
{"target": -1599.5256722690583, "params": {"gamma": 5.794026042432034, "lr": 0.9247041815360281}, "datetime": {"datetime": "2024-06-13 17:15:18", "elapsed": 1.517838, "delta": 0.003989}}
{"target": -218.8898522838679, "params": {"gamma": 0.6483350944320471, "lr": 0.9913465087318091}, "datetime": {"datetime": "2024-06-13 17:15:18", "elapsed": 1.521828, "delta": 0.00399}}
{"target": -154.08651705693362, "params": {"gamma": 0.5308924321372274, "lr": 0.19949554613856135}, "datetime": {"datetime": "2024-06-13 17:15:18", "elapsed": 1.52482, "delta": 0.002992}}
{"target": -1193.5116121302246, "params": {"gamma": 4.228103863783965, "lr": 0.10750887618516769}, "datetime": {"datetime": "2024-06-13 17:15:18", "elapsed": 1.528809, "delta": 0.003989}}
{"target": -2227.721246761558, "params": {"gamma": 6.2370804395660215, "lr": 0.047992564048867314}, "datetime": {"datetime": "2024-06-13 17:15:18", "elapsed": 1.532798, "delta": 0.003989}}
{"target": -1020.5266527585088, "params": {"gamma": 2.8469541861884147, "lr": 0.06103668111967109}, "datetime": {"datetime": "2024-06-13 17:15:18", "elapsed": 1.53579, "delta": 0.002992}}
{"target": -1527.9666979071985, "params": {"gamma": 7.035489791719707, "lr": 0.668456167589482}, "datetime": {"datetime": "2024-06-13 17:15:18", "elapsed": 1.53978, "delta": 0.00399}}
{"target": -680.7899630812433, "params": {"gamma": 3.7864273519127716, "lr": 0.1881942600298212}, "datetime": {"datetime": "2024-06-13 17:15:18", "elapsed": 1.542772, "delta": 0.002992}}
{"target": -1016.6226845841948, "params": {"gamma": 7.4703012854704225, "lr": 0.34037929076546725}, "datetime": {"datetime": "2024-06-13 17:15:18", "elapsed": 1.546761, "delta": 0.003989}}
{"target": -1211.2205958851903, "params": {"gamma": 7.953216372889023, "lr": 0.4879009391796203}, "datetime": {"datetime": "2024-06-13 17:15:18", "elapsed": 1.550681, "delta": 0.00392}}
{"target": -1878.4553444615392, "params": {"gamma": 5.257168774065444, "lr": 0.028490849491567216}, "datetime": {"datetime": "2024-06-13 17:15:18", "elapsed": 1.55467, "delta": 0.003989}}
{"target": -879.1794648190877, "params": {"gamma": 6.442675966770439, "lr": 0.3506565024321674}, "datetime": {"datetime": "2024-06-13 17:15:18", "elapsed": 1.557662, "delta": 0.002992}}
{"target": -362.8905005124292, "params": {"gamma": 2.292821067893365, "lr": 0.4338833762117006}, "datetime": {"datetime": "2024-06-13 17:15:18", "elapsed": 1.561651, "delta": 0.003989}}
{"target": -594.1018474980906, "params": {"gamma": 3.825292105251905, "lr": 0.46978904008636024}, "datetime": {"datetime": "2024-06-13 17:15:18", "elapsed": 1.565641, "delta": 0.00399}}
{"target": -1329.252227629711, "params": {"gamma": 9.794854058443883, "lr": 0.36437807036823044}, "datetime": {"datetime": "2024-06-13 17:15:18", "elapsed": 1.568633, "delta": 0.002992}}
{"target": -1349.169032712734, "params": {"gamma": 7.744326923227059, "lr": 0.5527675965498925}, "datetime": {"datetime": "2024-06-13 17:15:18", "elapsed": 1.572623, "delta": 0.00399}}
{"target": -1206.8685073370696, "params": {"gamma": 8.891421759985722, "lr": 0.354952851149572}, "datetime": {"datetime": "2024-06-13 17:15:18", "elapsed": 1.576611, "delta": 0.003988}}
{"target": -682.6706382494381, "params": {"gamma": 2.455941283184888, "lr": 0.9110192396569683}, "datetime": {"datetime": "2024-06-13 17:15:18", "elapsed": 1.579603, "delta": 0.002992}}
{"target": -176.6759461895483, "params": {"gamma": 0.43629910331389593, "lr": 0.9507534280610023}, "datetime": {"datetime": "2024-06-13 17:15:18", "elapsed": 1.583593, "delta": 0.00399}}
{"target": -756.2953607819854, "params": {"gamma": 5.5645127497935825, "lr": 0.3763632166870875}, "datetime": {"datetime": "2024-06-13 17:15:18", "elapsed": 1.587582, "delta": 0.003989}}
{"target": -3551.5232256207346, "params": {"gamma": 9.950528171068772, "lr": 0.05836264614763165}, "datetime": {"datetime": "2024-06-13 17:15:18", "elapsed": 1.591571, "delta": 0.003989}}
{"target": -1846.516120996587, "params": {"gamma": 5.167546891316355, "lr": 0.03109707545554785}, "datetime": {"datetime": "2024-06-13 17:15:18", "elapsed": 1.594563, "delta": 0.002992}}
{"target": -1121.5552340647134, "params": {"gamma": 5.712186216123149, "lr": 0.18046850899511557}, "datetime": {"datetime": "2024-06-13 17:15:18", "elapsed": 1.598553, "delta": 0.00399}}
{"target": -1740.8388467314805, "params": {"gamma": 6.309961044194965, "lr": 0.9809236757505815}, "datetime": {"datetime": "2024-06-13 17:15:18", "elapsed": 1.602543, "delta": 0.00399}}
{"target": -1322.4813205633786, "params": {"gamma": 8.749150609572597, "lr": 0.45183624942087064}, "datetime": {"datetime": "2024-06-13 17:15:18", "elapsed": 1.605534, "delta": 0.002991}}
{"target": -1734.9139452146048, "params": {"gamma": 7.084900239647121, "lr": 0.7774687500031893}, "datetime": {"datetime": "2024-06-13 17:15:18", "elapsed": 1.609523, "delta": 0.003989}}
{"target": -870.7511385320365, "params": {"gamma": 4.9489359987414545, "lr": 0.5285334901775651}, "datetime": {"datetime": "2024-06-13 17:15:18", "elapsed": 1.613513, "delta": 0.00399}}
{"target": -234.76609234767176, "params": {"gamma": 1.5086931993235537, "lr": 0.36939992561190627}, "datetime": {"datetime": "2024-06-13 17:15:18", "elapsed": 1.616505, "delta": 0.002992}}
{"target": -336.95461748705526, "params": {"gamma": 1.4230703094747938, "lr": 0.7268937533445626}, "datetime": {"datetime": "2024-06-13 17:15:18", "elapsed": 1.620494, "delta": 0.003989}}
{"target": -730.7962244127511, "params": {"gamma": 4.770652931028231, "lr": 0.44887883670676554}, "datetime": {"datetime": "2024-06-13 17:15:18", "elapsed": 1.624483, "delta": 0.003989}}
{"target": -1546.7246345750202, "params": {"gamma": 8.860093713682348, "lr": 0.5276187723115614}, "datetime": {"datetime": "2024-06-13 17:15:18", "elapsed": 1.627475, "delta": 0.002992}}
{"target": -592.6985794110044, "params": {"gamma": 4.091499228336683, "lr": 0.26889202221264585}, "datetime": {"datetime": "2024-06-13 17:15:18", "elapsed": 1.631465, "delta": 0.00399}}
{"target": -160.66781819723658, "params": {"gamma": 0.7210483396625298, "lr": 0.4181361337253158}, "datetime": {"datetime": "2024-06-13 17:15:18", "elapsed": 1.635454, "delta": 0.003989}}
{"target": -132.5211493678899, "params": {"gamma": 0.25850907058342715, "lr": 0.29115394055242805}, "datetime": {"datetime": "2024-06-13 17:15:18", "elapsed": 1.639443, "delta": 0.003989}}
{"target": -1391.8453722297077, "params": {"gamma": 5.035591588974117, "lr": 0.9659330650197223}, "datetime": {"datetime": "2024-06-13 17:15:18", "elapsed": 1.642436, "delta": 0.002993}}
