{"target": -1190.973144802333, "params": {"gamma": 7.27531136269942, "lr": 0.807191102024009}, "datetime": {"datetime": "2024-06-13 21:42:39", "elapsed": 7.043024, "delta": 0.003989}}
{"target": -1312.6730589118204, "params": {"gamma": 7.909964984873447, "lr": 0.7157485483912336}, "datetime": {"datetime": "2024-06-13 21:42:39", "elapsed": 7.04801, "delta": 0.004986}}
{"target": -446.2246076763133, "params": {"gamma": 2.6971628183640655, "lr": 0.21045779104067575}, "datetime": {"datetime": "2024-06-13 21:42:39", "elapsed": 7.052, "delta": 0.00399}}
{"target": -193.75592788413195, "params": {"gamma": 1.092174154085908, "lr": 0.3966811014027529}, "datetime": {"datetime": "2024-06-13 21:42:39", "elapsed": 7.056987, "delta": 0.004987}}
{"target": -181.2006006246574, "params": {"gamma": 0.8735791351201521, "lr": 0.6553896564824753}, "datetime": {"datetime": "2024-06-13 21:42:39", "elapsed": 7.061973, "delta": 0.004986}}
{"target": -1554.7633991989626, "params": {"gamma": 9.49833931470982, "lr": 0.755633280579152}, "datetime": {"datetime": "2024-06-13 21:42:39", "elapsed": 7.065962, "delta": 0.003989}}
{"target": -321.63609227431283, "params": {"gamma": 1.1698003792568261, "lr": 0.020481248718401956}, "datetime": {"datetime": "2024-06-13 21:42:39", "elapsed": 7.07095, "delta": 0.004988}}
{"target": -604.6830836106783, "params": {"gamma": 3.349553409033682, "lr": 0.9928761567590365}, "datetime": {"datetime": "2024-06-13 21:42:39", "elapsed": 7.075936, "delta": 0.004986}}
{"target": -530.2252892609681, "params": {"gamma": 3.129004648022036, "lr": 0.7375077987941283}, "datetime": {"datetime": "2024-06-13 21:42:39", "elapsed": 7.080923, "delta": 0.004987}}
{"target": -1077.571103875742, "params": {"gamma": 7.165577236537339, "lr": 0.5725575976952813}, "datetime": {"datetime": "2024-06-13 21:42:39", "elapsed": 7.086907, "delta": 0.005984}}
{"target": -597.639695550648, "params": {"gamma": 3.6770929306387004, "lr": 0.2082656940300881}, "datetime": {"datetime": "2024-06-13 21:42:39", "elapsed": 7.092407, "delta": 0.0055}}
{"target": -2386.7731211718888, "params": {"gamma": 9.800012165219913, "lr": 0.06589377000512553}, "datetime": {"datetime": "2024-06-13 21:42:39", "elapsed": 7.097393, "delta": 0.004986}}
{"target": -375.50155453069016, "params": {"gamma": 2.363041291619063, "lr": 0.3088994705101167}, "datetime": {"datetime": "2024-06-13 21:42:39", "elapsed": 7.10238, "delta": 0.004987}}
{"target": -1453.7653582937355, "params": {"gamma": 9.09512403146957, "lr": 0.7133692630190983}, "datetime": {"datetime": "2024-06-13 21:42:39", "elapsed": 7.106369, "delta": 0.003989}}
{"target": -544.9512304888185, "params": {"gamma": 2.654453130529889, "lr": 0.16450130293866305}, "datetime": {"datetime": "2024-06-13 21:42:39", "elapsed": 7.111356, "delta": 0.004987}}
{"target": -1442.496934819181, "params": {"gamma": 8.805093637851785, "lr": 0.7937831324318396}, "datetime": {"datetime": "2024-06-13 21:42:39", "elapsed": 7.116343, "delta": 0.004987}}
{"target": -144.42967058325215, "params": {"gamma": 0.38483593233206737, "lr": 0.8793008435965847}, "datetime": {"datetime": "2024-06-13 21:42:39", "elapsed": 7.121329, "delta": 0.004986}}
{"target": -775.5835624586559, "params": {"gamma": 5.879809512359401, "lr": 0.4575371969863721}, "datetime": {"datetime": "2024-06-13 21:42:39", "elapsed": 7.126316, "delta": 0.004987}}
{"target": -1649.1265306468697, "params": {"gamma": 6.73884491695568, "lr": 0.03944279853538757}, "datetime": {"datetime": "2024-06-13 21:42:39", "elapsed": 7.130305, "delta": 0.003989}}
{"target": -792.2620845421181, "params": {"gamma": 3.303881713493146, "lr": 0.08804841780935202}, "datetime": {"datetime": "2024-06-13 21:42:39", "elapsed": 7.135292, "delta": 0.004987}}
{"target": -977.3996079057121, "params": {"gamma": 6.836691010345723, "lr": 0.3980117152162973}, "datetime": {"datetime": "2024-06-13 21:42:39", "elapsed": 7.140279, "delta": 0.004987}}
{"target": -744.9170320407385, "params": {"gamma": 4.790061963647635, "lr": 0.2898033391923721}, "datetime": {"datetime": "2024-06-13 21:42:39", "elapsed": 7.144268, "delta": 0.003989}}
{"target": -1924.846549824561, "params": {"gamma": 7.883156906603142, "lr": 0.046512682267751626}, "datetime": {"datetime": "2024-06-13 21:42:39", "elapsed": 7.149255, "delta": 0.004987}}
{"target": -436.9533060836026, "params": {"gamma": 2.811975337992219, "lr": 0.590595861758878}, "datetime": {"datetime": "2024-06-13 21:42:39", "elapsed": 7.154241, "delta": 0.004986}}
{"target": -1167.7570128623543, "params": {"gamma": 7.901544890842957, "lr": 0.6015993359119542}, "datetime": {"datetime": "2024-06-13 21:42:39", "elapsed": 7.158231, "delta": 0.00399}}
{"target": -1785.57205338135, "params": {"gamma": 7.305156197867701, "lr": 0.023527914877828127}, "datetime": {"datetime": "2024-06-13 21:42:39", "elapsed": 7.163217, "delta": 0.004986}}
{"target": -643.026534212932, "params": {"gamma": 2.5499809694961213, "lr": 0.04209175984237279}, "datetime": {"datetime": "2024-06-13 21:42:39", "elapsed": 7.168204, "delta": 0.004987}}
{"target": -889.1287368349267, "params": {"gamma": 5.000623972289424, "lr": 0.9891402961407735}, "datetime": {"datetime": "2024-06-13 21:42:39", "elapsed": 7.173191, "delta": 0.004987}}
{"target": -137.08174051893755, "params": {"gamma": 0.1362915505440842, "lr": 0.4408790383372555}, "datetime": {"datetime": "2024-06-13 21:42:39", "elapsed": 7.17718, "delta": 0.003989}}
{"target": -142.35729541200718, "params": {"gamma": 0.0488593946407395, "lr": 0.6128886193293469}, "datetime": {"datetime": "2024-06-13 21:42:39", "elapsed": 7.182167, "delta": 0.004987}}
{"target": -318.01794729633866, "params": {"gamma": 1.8344039025545689, "lr": 0.7127417837905282}, "datetime": {"datetime": "2024-06-13 21:42:39", "elapsed": 7.186156, "delta": 0.003989}}
{"target": -290.8952648435791, "params": {"gamma": 1.5973254712175065, "lr": 0.8285756552303601}, "datetime": {"datetime": "2024-06-13 21:42:39", "elapsed": 7.191143, "delta": 0.004987}}
{"target": -322.6218855741275, "params": {"gamma": 2.0625754591785816, "lr": 0.35221627383195075}, "datetime": {"datetime": "2024-06-13 21:42:39", "elapsed": 7.196129, "delta": 0.004986}}
{"target": -397.98377416896176, "params": {"gamma": 2.3065541407607677, "lr": 0.8076844924516463}, "datetime": {"datetime": "2024-06-13 21:42:39", "elapsed": 7.200119, "delta": 0.00399}}
{"target": -849.9171608180217, "params": {"gamma": 4.903209285941475, "lr": 0.8738335058866241}, "datetime": {"datetime": "2024-06-13 21:42:39", "elapsed": 7.205105, "delta": 0.004986}}
{"target": -206.5825528600576, "params": {"gamma": 1.3017296410083459, "lr": 0.4989581103650381}, "datetime": {"datetime": "2024-06-13 21:42:39", "elapsed": 7.209094, "delta": 0.003989}}
{"target": -1369.0590306460413, "params": {"gamma": 7.766359726186858, "lr": 0.9812101687911365}, "datetime": {"datetime": "2024-06-13 21:42:39", "elapsed": 7.214125, "delta": 0.005031}}
{"target": -1121.958409326984, "params": {"gamma": 6.734103924215217, "lr": 0.18300117978695374}, "datetime": {"datetime": "2024-06-13 21:42:39", "elapsed": 7.219068, "delta": 0.004943}}
{"target": -1856.1268996556823, "params": {"gamma": 7.597969782524479, "lr": 0.07463521512286109}, "datetime": {"datetime": "2024-06-13 21:42:39", "elapsed": 7.224055, "delta": 0.004987}}
{"target": -1247.771081181069, "params": {"gamma": 7.62796186474408, "lr": 0.8278152309219722}, "datetime": {"datetime": "2024-06-13 21:42:39", "elapsed": 7.228044, "delta": 0.003989}}
{"target": -738.7186323236718, "params": {"gamma": 5.592537951402159, "lr": 0.49272082980822784}, "datetime": {"datetime": "2024-06-13 21:42:39", "elapsed": 7.23303, "delta": 0.004986}}
{"target": -2282.0212786905113, "params": {"gamma": 9.36533769934676, "lr": 9.695068767479054e-05}, "datetime": {"datetime": "2024-06-13 21:42:39", "elapsed": 7.238017, "delta": 0.004987}}
{"target": -139.40066924299617, "params": {"gamma": 0.0966593768907281, "lr": 0.25195142314544017}, "datetime": {"datetime": "2024-06-13 21:42:39", "elapsed": 7.242007, "delta": 0.00399}}
{"target": -719.2764067427115, "params": {"gamma": 5.057258956122923, "lr": 0.5404166504960898}, "datetime": {"datetime": "2024-06-13 21:42:39", "elapsed": 7.246993, "delta": 0.004986}}
{"target": -581.6448999733377, "params": {"gamma": 3.7135529478230405, "lr": 0.29271137519518675}, "datetime": {"datetime": "2024-06-13 21:42:39", "elapsed": 7.25198, "delta": 0.004987}}
{"target": -354.60665769605833, "params": {"gamma": 2.0244710973929743, "lr": 0.8002818943961242}, "datetime": {"datetime": "2024-06-13 21:42:39", "elapsed": 7.255969, "delta": 0.003989}}
{"target": -429.12993103143515, "params": {"gamma": 3.159913122914842, "lr": 0.492467985547119}, "datetime": {"datetime": "2024-06-13 21:42:39", "elapsed": 7.260956, "delta": 0.004987}}
{"target": -1198.615092934548, "params": {"gamma": 8.11309762614833, "lr": 0.6123589424601151}, "datetime": {"datetime": "2024-06-13 21:42:39", "elapsed": 7.265943, "delta": 0.004987}}
{"target": -724.9197443231755, "params": {"gamma": 4.086676353275073, "lr": 0.17690422236042747}, "datetime": {"datetime": "2024-06-13 21:42:39", "elapsed": 7.269932, "delta": 0.003989}}
{"target": -532.3426889404869, "params": {"gamma": 3.977123246381154, "lr": 0.48521265373011824}, "datetime": {"datetime": "2024-06-13 21:42:39", "elapsed": 7.274919, "delta": 0.004987}}
{"target": -1611.4946628302916, "params": {"gamma": 9.905855341048484, "lr": 0.28419507592058557}, "datetime": {"datetime": "2024-06-13 21:42:39", "elapsed": 7.279481, "delta": 0.004562}}
{"target": -290.5185645302397, "params": {"gamma": 1.6572311251158391, "lr": 0.22057551351544413}, "datetime": {"datetime": "2024-06-13 21:42:39", "elapsed": 7.284468, "delta": 0.004987}}
{"target": -540.1710730729422, "params": {"gamma": 2.115461976224172, "lr": 0.07604769057476157}, "datetime": {"datetime": "2024-06-13 21:42:39", "elapsed": 7.288457, "delta": 0.003989}}
{"target": -605.7771050337268, "params": {"gamma": 3.6497120765361126, "lr": 0.28473402479064247}, "datetime": {"datetime": "2024-06-13 21:42:39", "elapsed": 7.293444, "delta": 0.004987}}
{"target": -1453.9790794816724, "params": {"gamma": 8.876000332641663, "lr": 0.780259609956419}, "datetime": {"datetime": "2024-06-13 21:42:39", "elapsed": 7.298431, "delta": 0.004987}}
{"target": -224.02281900374808, "params": {"gamma": 1.09154050351661, "lr": 0.8505034953674093}, "datetime": {"datetime": "2024-06-13 21:42:39", "elapsed": 7.30242, "delta": 0.003989}}
{"target": -219.9568702170025, "params": {"gamma": 1.0968764704846565, "lr": 0.7202077467752445}, "datetime": {"datetime": "2024-06-13 21:42:39", "elapsed": 7.307407, "delta": 0.004987}}
{"target": -1358.899716250355, "params": {"gamma": 5.728670154913063, "lr": 0.08680838426747961}, "datetime": {"datetime": "2024-06-13 21:42:39", "elapsed": 7.312393, "delta": 0.004986}}
{"target": -1552.031635884852, "params": {"gamma": 9.053375032737591, "lr": 0.8745665148853765}, "datetime": {"datetime": "2024-06-13 21:42:39", "elapsed": 7.31738, "delta": 0.004987}}
{"target": -1162.2380176441377, "params": {"gamma": 8.438673461887907, "lr": 0.3695673551173151}, "datetime": {"datetime": "2024-06-13 21:42:39", "elapsed": 7.321369, "delta": 0.003989}}
{"target": -415.0812639691941, "params": {"gamma": 2.2302911723421603, "lr": 0.9971116548587963}, "datetime": {"datetime": "2024-06-13 21:42:39", "elapsed": 7.326465, "delta": 0.005096}}
{"target": -1994.8265376388713, "params": {"gamma": 8.17356631642956, "lr": 0.042128160628106315}, "datetime": {"datetime": "2024-06-13 21:42:39", "elapsed": 7.331452, "delta": 0.004987}}
{"target": -622.7867127380871, "params": {"gamma": 3.733405500770418, "lr": 0.8121869757489847}, "datetime": {"datetime": "2024-06-13 21:42:39", "elapsed": 7.336439, "delta": 0.004987}}
{"target": -853.350626969671, "params": {"gamma": 5.284318582532073, "lr": 0.24713082560012845}, "datetime": {"datetime": "2024-06-13 21:42:39", "elapsed": 7.340429, "delta": 0.00399}}
{"target": -1293.2729774818504, "params": {"gamma": 7.9290864165444885, "lr": 0.2617510439444676}, "datetime": {"datetime": "2024-06-13 21:42:39", "elapsed": 7.346413, "delta": 0.005984}}
{"target": -145.82205349316715, "params": {"gamma": 0.00498340216746315, "lr": 0.23131891895573253}, "datetime": {"datetime": "2024-06-13 21:42:39", "elapsed": 7.351399, "delta": 0.004986}}
{"target": -1513.2529324303434, "params": {"gamma": 9.933709519335848, "lr": 0.6562008343421062}, "datetime": {"datetime": "2024-06-13 21:42:39", "elapsed": 7.356386, "delta": 0.004987}}
{"target": -370.98089026371247, "params": {"gamma": 2.20746055274965, "lr": 0.6861397019787449}, "datetime": {"datetime": "2024-06-13 21:42:39", "elapsed": 7.361373, "delta": 0.004987}}
{"target": -1050.9635854325036, "params": {"gamma": 6.8696820453199665, "lr": 0.640742769936858}, "datetime": {"datetime": "2024-06-13 21:42:39", "elapsed": 7.366359, "delta": 0.004986}}
{"target": -166.80157909768965, "params": {"gamma": 0.7064146187020427, "lr": 0.2429641169892971}, "datetime": {"datetime": "2024-06-13 21:42:39", "elapsed": 7.370349, "delta": 0.00399}}
{"target": -1438.5076104094567, "params": {"gamma": 8.708501091076558, "lr": 0.7347408193015217}, "datetime": {"datetime": "2024-06-13 21:42:39", "elapsed": 7.375336, "delta": 0.004987}}
{"target": -280.84472280225026, "params": {"gamma": 1.6789922438348501, "lr": 0.29858946127654595}, "datetime": {"datetime": "2024-06-13 21:42:39", "elapsed": 7.380322, "delta": 0.004986}}
{"target": -926.2593478995458, "params": {"gamma": 5.627657565327734, "lr": 0.826445766022829}, "datetime": {"datetime": "2024-06-13 21:42:39", "elapsed": 7.385341, "delta": 0.005019}}
{"target": -459.05747582646813, "params": {"gamma": 2.0059625473387035, "lr": 0.10166529365348886}, "datetime": {"datetime": "2024-06-13 21:42:39", "elapsed": 7.389298, "delta": 0.003957}}
{"target": -685.2691991469405, "params": {"gamma": 3.8193070270168987, "lr": 0.912353469252759}, "datetime": {"datetime": "2024-06-13 21:42:39", "elapsed": 7.394171, "delta": 0.004873}}
{"target": -585.5049740737601, "params": {"gamma": 2.605874679054985, "lr": 0.10830435271308025}, "datetime": {"datetime": "2024-06-13 21:42:39", "elapsed": 7.399158, "delta": 0.004987}}
{"target": -146.03790316315386, "params": {"gamma": 0.56037370979255, "lr": 0.3516705558700568}, "datetime": {"datetime": "2024-06-13 21:42:39", "elapsed": 7.404144, "delta": 0.004986}}
{"target": -138.39818470432047, "params": {"gamma": 0.37723182573995767, "lr": 0.583033921230445}, "datetime": {"datetime": "2024-06-13 21:42:39", "elapsed": 7.408134, "delta": 0.00399}}
{"target": -884.3132155820383, "params": {"gamma": 6.725895546392632, "lr": 0.46048358998473815}, "datetime": {"datetime": "2024-06-13 21:42:39", "elapsed": 7.413121, "delta": 0.004987}}
{"target": -1044.7012979586914, "params": {"gamma": 7.411427420391562, "lr": 0.5010249644140818}, "datetime": {"datetime": "2024-06-13 21:42:39", "elapsed": 7.418108, "delta": 0.004987}}
{"target": -1127.891998425963, "params": {"gamma": 7.023823855740785, "lr": 0.2306409059229675}, "datetime": {"datetime": "2024-06-13 21:42:39", "elapsed": 7.423094, "delta": 0.004986}}
{"target": -1049.5383253535574, "params": {"gamma": 7.446379482205204, "lr": 0.5016372020053996}, "datetime": {"datetime": "2024-06-13 21:42:39", "elapsed": 7.42808, "delta": 0.004986}}
{"target": -934.7348127296563, "params": {"gamma": 7.053982930260369, "lr": 0.44669779031638923}, "datetime": {"datetime": "2024-06-13 21:42:39", "elapsed": 7.43207, "delta": 0.00399}}
{"target": -1244.7793003087188, "params": {"gamma": 5.059900155144239, "lr": 0.04153518297857339}, "datetime": {"datetime": "2024-06-13 21:42:39", "elapsed": 7.437057, "delta": 0.004987}}
{"target": -1123.0287272562584, "params": {"gamma": 4.893603596752043, "lr": 0.14228750219732444}, "datetime": {"datetime": "2024-06-13 21:42:39", "elapsed": 7.442043, "delta": 0.004986}}
{"target": -221.02121372705184, "params": {"gamma": 1.425815973998472, "lr": 0.43335040255954493}, "datetime": {"datetime": "2024-06-13 21:42:39", "elapsed": 7.44703, "delta": 0.004987}}
{"target": -849.6970845605109, "params": {"gamma": 5.762571683469249, "lr": 0.343048695191552}, "datetime": {"datetime": "2024-06-13 21:42:39", "elapsed": 7.451019, "delta": 0.003989}}
{"target": -292.43812103301696, "params": {"gamma": 1.6057554110518168, "lr": 0.7414104169799515}, "datetime": {"datetime": "2024-06-13 21:42:39", "elapsed": 7.456006, "delta": 0.004987}}
{"target": -1589.285159047591, "params": {"gamma": 9.630952636256579, "lr": 0.7336422859505056}, "datetime": {"datetime": "2024-06-13 21:42:39", "elapsed": 7.459995, "delta": 0.003989}}
{"target": -181.42616584145713, "params": {"gamma": 0.7715652507427674, "lr": 0.8409081581252351}, "datetime": {"datetime": "2024-06-13 21:42:39", "elapsed": 7.464982, "delta": 0.004987}}
{"target": -149.13175621461227, "params": {"gamma": 0.6760729900832833, "lr": 0.4363120485992489}, "datetime": {"datetime": "2024-06-13 21:42:39", "elapsed": 7.469969, "delta": 0.004987}}
{"target": -1512.1395788157763, "params": {"gamma": 9.288699130413471, "lr": 0.26318010363654454}, "datetime": {"datetime": "2024-06-13 21:42:39", "elapsed": 7.474956, "delta": 0.004987}}
{"target": -243.96649406750726, "params": {"gamma": 1.2804037657560603, "lr": 0.7622387720608016}, "datetime": {"datetime": "2024-06-13 21:42:39", "elapsed": 7.478944, "delta": 0.003988}}
{"target": -1412.1455825177304, "params": {"gamma": 9.286152605869912, "lr": 0.32576842070431766}, "datetime": {"datetime": "2024-06-13 21:42:39", "elapsed": 7.483932, "delta": 0.004988}}
{"target": -407.3218077622222, "params": {"gamma": 2.3253485203555204, "lr": 0.1824854764117131}, "datetime": {"datetime": "2024-06-13 21:42:39", "elapsed": 7.488918, "delta": 0.004986}}
{"target": -1443.6639412533846, "params": {"gamma": 9.632391991118075, "lr": 0.5766346346502746}, "datetime": {"datetime": "2024-06-13 21:42:39", "elapsed": 7.493904, "delta": 0.004986}}
{"target": -1309.044840128558, "params": {"gamma": 8.601017631330931, "lr": 0.3083449860518661}, "datetime": {"datetime": "2024-06-13 21:42:39", "elapsed": 7.497894, "delta": 0.00399}}
{"target": -142.11153652066434, "params": {"gamma": 0.5653078671540508, "lr": 0.45380418511530174}, "datetime": {"datetime": "2024-06-13 21:42:39", "elapsed": 7.50288, "delta": 0.004986}}
{"target": -313.64303846187363, "params": {"gamma": 2.0718938489778145, "lr": 0.5189836643290452}, "datetime": {"datetime": "2024-06-13 21:42:39", "elapsed": 7.50687, "delta": 0.00399}}
{"target": -834.7140555967716, "params": {"gamma": 5.3803383685417385, "lr": 0.2942882172433129}, "datetime": {"datetime": "2024-06-13 21:42:39", "elapsed": 7.511857, "delta": 0.004987}}
{"target": -768.2379662262817, "params": {"gamma": 3.0752313679559293, "lr": 0.024173672214832798}, "datetime": {"datetime": "2024-06-13 21:42:39", "elapsed": 7.516843, "delta": 0.004986}}
{"target": -648.2923479730742, "params": {"gamma": 4.204599737289876, "lr": 0.3236894136587639}, "datetime": {"datetime": "2024-06-13 21:42:39", "elapsed": 7.520833, "delta": 0.00399}}
{"target": -1068.1394950415847, "params": {"gamma": 6.1952817624864025, "lr": 0.8597630666919952}, "datetime": {"datetime": "2024-06-13 21:42:39", "elapsed": 7.52582, "delta": 0.004987}}
{"target": -1212.773089078036, "params": {"gamma": 4.926911767488365, "lr": 0.0827082980318894}, "datetime": {"datetime": "2024-06-13 21:42:39", "elapsed": 7.530805, "delta": 0.004985}}
{"target": -1522.4012613077587, "params": {"gamma": 9.334871102884591, "lr": 0.8083269668547564}, "datetime": {"datetime": "2024-06-13 21:42:39", "elapsed": 7.535822, "delta": 0.005017}}
{"target": -566.3010752594556, "params": {"gamma": 3.6558227125345977, "lr": 0.3307289110251447}, "datetime": {"datetime": "2024-06-13 21:42:39", "elapsed": 7.540811, "delta": 0.004989}}
{"target": -1289.6736095781098, "params": {"gamma": 9.379402853367585, "lr": 0.37489434056111615}, "datetime": {"datetime": "2024-06-13 21:42:39", "elapsed": 7.545795, "delta": 0.004984}}
{"target": -1124.4914825428866, "params": {"gamma": 6.358386384013082, "lr": 0.9853443380985734}, "datetime": {"datetime": "2024-06-13 21:42:39", "elapsed": 7.550753, "delta": 0.004958}}
{"target": -136.11839229452409, "params": {"gamma": 0.36836090554034395, "lr": 0.3146309781487783}, "datetime": {"datetime": "2024-06-13 21:42:39", "elapsed": 7.554742, "delta": 0.003989}}
{"target": -428.9306140013975, "params": {"gamma": 2.313125983692789, "lr": 0.9223654191512636}, "datetime": {"datetime": "2024-06-13 21:42:39", "elapsed": 7.559729, "delta": 0.004987}}
{"target": -1353.5746033597266, "params": {"gamma": 5.511816168783595, "lr": 0.05371353840991677}, "datetime": {"datetime": "2024-06-13 21:42:39", "elapsed": 7.564715, "delta": 0.004986}}
{"target": -1201.950697964867, "params": {"gamma": 7.552727246484496, "lr": 0.6840838213346168}, "datetime": {"datetime": "2024-06-13 21:42:39", "elapsed": 7.568704, "delta": 0.003989}}
{"target": -1170.2687502637032, "params": {"gamma": 6.622078860248277, "lr": 0.9557287749268826}, "datetime": {"datetime": "2024-06-13 21:42:39", "elapsed": 7.573691, "delta": 0.004987}}
{"target": -1432.9507541741164, "params": {"gamma": 8.746141385554216, "lr": 0.7532514851657419}, "datetime": {"datetime": "2024-06-13 21:42:39", "elapsed": 7.578678, "delta": 0.004987}}
{"target": -524.8423616275849, "params": {"gamma": 2.2274368777620133, "lr": 0.13801496204321861}, "datetime": {"datetime": "2024-06-13 21:42:39", "elapsed": 7.583665, "delta": 0.004987}}
{"target": -372.1784893324688, "params": {"gamma": 2.2096624750777165, "lr": 0.2055098610936521}, "datetime": {"datetime": "2024-06-13 21:42:39", "elapsed": 7.588651, "delta": 0.004986}}
{"target": -871.7954114997942, "params": {"gamma": 5.680077493599765, "lr": 0.6630438231677197}, "datetime": {"datetime": "2024-06-13 21:42:39", "elapsed": 7.593639, "delta": 0.004988}}
