{"target": -1036.7324475158682, "params": {"gamma": 6.334974881523022, "lr": 0.2777127324734242}, "datetime": {"datetime": "2024-06-13 21:42:36", "elapsed": 3.964255, "delta": 0.004988}}
{"target": -1139.6856836403651, "params": {"gamma": 8.272176051067923, "lr": 0.3645234475558883}, "datetime": {"datetime": "2024-06-13 21:42:36", "elapsed": 3.968243, "delta": 0.003988}}
{"target": -1219.9805657226902, "params": {"gamma": 7.3339275785938725, "lr": 0.1924178904137388}, "datetime": {"datetime": "2024-06-13 21:42:36", "elapsed": 3.972233, "delta": 0.00399}}
{"target": -795.6921523038912, "params": {"gamma": 4.814977529509854, "lr": 0.8035946264310272}, "datetime": {"datetime": "2024-06-13 21:42:36", "elapsed": 3.976222, "delta": 0.003989}}
{"target": -798.4488368881516, "params": {"gamma": 3.9704851285120673, "lr": 0.16157403985608987}, "datetime": {"datetime": "2024-06-13 21:42:36", "elapsed": 3.980211, "delta": 0.003989}}
{"target": -1067.8106057203493, "params": {"gamma": 6.490173244263826, "lr": 0.7533258058943924}, "datetime": {"datetime": "2024-06-13 21:42:36", "elapsed": 3.9842, "delta": 0.003989}}
{"target": -387.295503191866, "params": {"gamma": 2.8026461610955637, "lr": 0.45136186123240163}, "datetime": {"datetime": "2024-06-13 21:42:36", "elapsed": 3.98819, "delta": 0.00399}}
{"target": -1543.7663107296996, "params": {"gamma": 9.004588674948266, "lr": 0.8719856311909184}, "datetime": {"datetime": "2024-06-13 21:42:36", "elapsed": 3.99218, "delta": 0.00399}}
{"target": -1066.5605000842884, "params": {"gamma": 7.0721689102320395, "lr": 0.5909005994904067}, "datetime": {"datetime": "2024-06-13 21:42:36", "elapsed": 3.996168, "delta": 0.003988}}
{"target": -1441.8922723486971, "params": {"gamma": 8.174005321700859, "lr": 0.907644646099839}, "datetime": {"datetime": "2024-06-13 21:42:36", "elapsed": 4.00016, "delta": 0.003992}}
{"target": -143.983414512205, "params": {"gamma": 0.026073089119563617, "lr": 0.39722776623376177}, "datetime": {"datetime": "2024-06-13 21:42:36", "elapsed": 4.004149, "delta": 0.003989}}
{"target": -933.2108100438381, "params": {"gamma": 5.614535427501098, "lr": 0.7339231362848766}, "datetime": {"datetime": "2024-06-13 21:42:36", "elapsed": 4.008139, "delta": 0.00399}}
{"target": -171.0300955115393, "params": {"gamma": 0.8756401490882502, "lr": 0.3997549876808645}, "datetime": {"datetime": "2024-06-13 21:42:36", "elapsed": 4.012128, "delta": 0.003989}}
{"target": -380.5338819524814, "params": {"gamma": 2.796932173319039, "lr": 0.42351005310518297}, "datetime": {"datetime": "2024-06-13 21:42:36", "elapsed": 4.016118, "delta": 0.00399}}
{"target": -766.6238655470189, "params": {"gamma": 4.980288348100211, "lr": 0.660015223526051}, "datetime": {"datetime": "2024-06-13 21:42:36", "elapsed": 4.020107, "delta": 0.003989}}
{"target": -739.8806933721136, "params": {"gamma": 4.962865153563822, "lr": 0.6204682006051905}, "datetime": {"datetime": "2024-06-13 21:42:36", "elapsed": 4.024096, "delta": 0.003989}}
{"target": -762.0478134404916, "params": {"gamma": 5.824816179030337, "lr": 0.42833239803885637}, "datetime": {"datetime": "2024-06-13 21:42:36", "elapsed": 4.029083, "delta": 0.004987}}
{"target": -142.4946535668278, "params": {"gamma": 0.050758670747942644, "lr": 0.19451641385960183}, "datetime": {"datetime": "2024-06-13 21:42:36", "elapsed": 4.033072, "delta": 0.003989}}
{"target": -650.0848206840067, "params": {"gamma": 3.2027463362086017, "lr": 0.1469781258549313}, "datetime": {"datetime": "2024-06-13 21:42:36", "elapsed": 4.037061, "delta": 0.003989}}
{"target": -888.7478595823482, "params": {"gamma": 5.987040152182751, "lr": 0.6114994766596024}, "datetime": {"datetime": "2024-06-13 21:42:36", "elapsed": 4.041051, "delta": 0.00399}}
{"target": -767.7486887430628, "params": {"gamma": 5.001432502709699, "lr": 0.32084890160086454}, "datetime": {"datetime": "2024-06-13 21:42:36", "elapsed": 4.04504, "delta": 0.003989}}
{"target": -1089.088707198337, "params": {"gamma": 6.53292726219252, "lr": 0.19028348267904371}, "datetime": {"datetime": "2024-06-13 21:42:36", "elapsed": 4.04903, "delta": 0.00399}}
{"target": -141.49672055624663, "params": {"gamma": 0.05980393346483768, "lr": 0.7349420186839615}, "datetime": {"datetime": "2024-06-13 21:42:36", "elapsed": 4.053019, "delta": 0.003989}}
{"target": -713.8620847166565, "params": {"gamma": 4.435594915197448, "lr": 0.6978416560498484}, "datetime": {"datetime": "2024-06-13 21:42:36", "elapsed": 4.057008, "delta": 0.003989}}
{"target": -478.14561803379866, "params": {"gamma": 1.851248453020123, "lr": 0.06261980198391548}, "datetime": {"datetime": "2024-06-13 21:42:36", "elapsed": 4.060998, "delta": 0.00399}}
{"target": -612.1005605289165, "params": {"gamma": 3.78170775924343, "lr": 0.695996510445494}, "datetime": {"datetime": "2024-06-13 21:42:36", "elapsed": 4.065984, "delta": 0.004986}}
{"target": -213.26170551054759, "params": {"gamma": 1.0290808561757039, "lr": 0.19583423367499242}, "datetime": {"datetime": "2024-06-13 21:42:36", "elapsed": 4.069974, "delta": 0.00399}}
{"target": -678.5966112099671, "params": {"gamma": 4.540072551414793, "lr": 0.6211491896936461}, "datetime": {"datetime": "2024-06-13 21:42:36", "elapsed": 4.073963, "delta": 0.003989}}
{"target": -1639.1086724536635, "params": {"gamma": 7.501492356441782, "lr": 0.1097350212856566}, "datetime": {"datetime": "2024-06-13 21:42:36", "elapsed": 4.077952, "delta": 0.003989}}
{"target": -894.5863467508855, "params": {"gamma": 6.246611447949256, "lr": 0.3873605221444808}, "datetime": {"datetime": "2024-06-13 21:42:36", "elapsed": 4.081942, "delta": 0.00399}}
{"target": -1070.941521739487, "params": {"gamma": 6.701233597109323, "lr": 0.2035603776619016}, "datetime": {"datetime": "2024-06-13 21:42:36", "elapsed": 4.085962, "delta": 0.00402}}
{"target": -929.3291962257001, "params": {"gamma": 5.2796600565097815, "lr": 0.1721625549559327}, "datetime": {"datetime": "2024-06-13 21:42:36", "elapsed": 4.090919, "delta": 0.004957}}
{"target": -135.08814513261822, "params": {"gamma": 0.18779137895775708, "lr": 0.4869502464239571}, "datetime": {"datetime": "2024-06-13 21:42:36", "elapsed": 4.094907, "delta": 0.003988}}
{"target": -305.4243574003304, "params": {"gamma": 1.8425935878323698, "lr": 0.6383433300033875}, "datetime": {"datetime": "2024-06-13 21:42:36", "elapsed": 4.098896, "delta": 0.003989}}
{"target": -886.1706204302989, "params": {"gamma": 5.366211618584989, "lr": 0.7749453799977457}, "datetime": {"datetime": "2024-06-13 21:42:36", "elapsed": 4.102993, "delta": 0.004097}}
{"target": -704.3449761616641, "params": {"gamma": 3.930206066439398, "lr": 0.9894521308362529}, "datetime": {"datetime": "2024-06-13 21:42:36", "elapsed": 4.106982, "delta": 0.003989}}
{"target": -682.3374132462768, "params": {"gamma": 5.152631746924576, "lr": 0.47882340118547173}, "datetime": {"datetime": "2024-06-13 21:42:36", "elapsed": 4.110972, "delta": 0.00399}}
{"target": -1126.390102873751, "params": {"gamma": 7.494675265050945, "lr": 0.5726882932924154}, "datetime": {"datetime": "2024-06-13 21:42:36", "elapsed": 4.114961, "delta": 0.003989}}
{"target": -487.7527358883909, "params": {"gamma": 3.625290707682954, "lr": 0.48924478546014216}, "datetime": {"datetime": "2024-06-13 21:42:36", "elapsed": 4.11895, "delta": 0.003989}}
{"target": -292.1497759484831, "params": {"gamma": 1.8921946110135588, "lr": 0.39358341429686194}, "datetime": {"datetime": "2024-06-13 21:42:36", "elapsed": 4.122939, "delta": 0.003989}}
{"target": -133.6555853667735, "params": {"gamma": 0.30058756348796134, "lr": 0.46252906034220287}, "datetime": {"datetime": "2024-06-13 21:42:36", "elapsed": 4.127926, "delta": 0.004987}}
{"target": -402.9791374534341, "params": {"gamma": 2.7454666539229047, "lr": 0.5267158603586157}, "datetime": {"datetime": "2024-06-13 21:42:36", "elapsed": 4.131915, "delta": 0.003989}}
{"target": -134.43638676607858, "params": {"gamma": 0.2936919419097222, "lr": 0.5550867665221745}, "datetime": {"datetime": "2024-06-13 21:42:36", "elapsed": 4.135905, "delta": 0.00399}}
{"target": -453.31317235066285, "params": {"gamma": 2.9306858383999437, "lr": 0.5774906810135474}, "datetime": {"datetime": "2024-06-13 21:42:36", "elapsed": 4.139894, "delta": 0.003989}}
{"target": -970.2988640337988, "params": {"gamma": 7.327965762760406, "lr": 0.44033782679643774}, "datetime": {"datetime": "2024-06-13 21:42:36", "elapsed": 4.143883, "delta": 0.003989}}
{"target": -1066.0039849506882, "params": {"gamma": 6.6319050719967745, "lr": 0.23890995487021205}, "datetime": {"datetime": "2024-06-13 21:42:36", "elapsed": 4.147873, "delta": 0.00399}}
{"target": -1595.8245729291564, "params": {"gamma": 9.985992286776213, "lr": 0.24287852161976753}, "datetime": {"datetime": "2024-06-13 21:42:36", "elapsed": 4.151862, "delta": 0.003989}}
{"target": -1495.8471736749957, "params": {"gamma": 9.408343315400867, "lr": 0.21721975039101793}, "datetime": {"datetime": "2024-06-13 21:42:36", "elapsed": 4.155852, "delta": 0.00399}}
{"target": -821.7501158293602, "params": {"gamma": 4.97614628166607, "lr": 0.8211769648927358}, "datetime": {"datetime": "2024-06-13 21:42:36", "elapsed": 4.159841, "delta": 0.003989}}
{"target": -1149.1733266871056, "params": {"gamma": 7.166163879900548, "lr": 0.705580412120669}, "datetime": {"datetime": "2024-06-13 21:42:36", "elapsed": 4.164828, "delta": 0.004987}}
{"target": -731.2288698091601, "params": {"gamma": 4.4049651591972045, "lr": 0.7541750254551594}, "datetime": {"datetime": "2024-06-13 21:42:36", "elapsed": 4.168817, "delta": 0.003989}}
{"target": -1213.4035333157015, "params": {"gamma": 9.199615816571573, "lr": 0.4413517453158379}, "datetime": {"datetime": "2024-06-13 21:42:36", "elapsed": 4.172806, "delta": 0.003989}}
{"target": -1297.791495516999, "params": {"gamma": 5.2801268760628535, "lr": 0.06603558401663734}, "datetime": {"datetime": "2024-06-13 21:42:36", "elapsed": 4.176796, "delta": 0.00399}}
{"target": -523.6106066303894, "params": {"gamma": 3.9083399636332565, "lr": 0.4672385663332459}, "datetime": {"datetime": "2024-06-13 21:42:36", "elapsed": 4.180785, "delta": 0.003989}}
{"target": -1952.263548542107, "params": {"gamma": 8.951481970324929, "lr": 0.11055744025544123}, "datetime": {"datetime": "2024-06-13 21:42:36", "elapsed": 4.184774, "delta": 0.003989}}
{"target": -1026.544506763461, "params": {"gamma": 7.311644894386467, "lr": 0.5454711685487195}, "datetime": {"datetime": "2024-06-13 21:42:36", "elapsed": 4.188764, "delta": 0.00399}}
{"target": -1486.9788870143059, "params": {"gamma": 6.0657477697349185, "lr": 0.029782944129560285}, "datetime": {"datetime": "2024-06-13 21:42:36", "elapsed": 4.192754, "delta": 0.00399}}
{"target": -266.4389403387036, "params": {"gamma": 1.4683270502280348, "lr": 0.28398322546618515}, "datetime": {"datetime": "2024-06-13 21:42:36", "elapsed": 4.197739, "delta": 0.004985}}
{"target": -142.03168450107427, "params": {"gamma": 0.04971560748810713, "lr": 0.6691577977971368}, "datetime": {"datetime": "2024-06-13 21:42:36", "elapsed": 4.201732, "delta": 0.003993}}
{"target": -1218.3997025772846, "params": {"gamma": 8.70270923127706, "lr": 0.5469683092712408}, "datetime": {"datetime": "2024-06-13 21:42:36", "elapsed": 4.205721, "delta": 0.003989}}
{"target": -808.0284621524444, "params": {"gamma": 5.432097311144519, "lr": 0.6157259286130373}, "datetime": {"datetime": "2024-06-13 21:42:36", "elapsed": 4.20971, "delta": 0.003989}}
{"target": -431.6438875791424, "params": {"gamma": 3.022512822657626, "lr": 0.3667319816609417}, "datetime": {"datetime": "2024-06-13 21:42:36", "elapsed": 4.213699, "delta": 0.003989}}
{"target": -945.7175218771664, "params": {"gamma": 5.749822333050388, "lr": 0.8092165837173445}, "datetime": {"datetime": "2024-06-13 21:42:36", "elapsed": 4.217689, "delta": 0.00399}}
{"target": -325.6575558494437, "params": {"gamma": 2.016764747447303, "lr": 0.32752405584828914}, "datetime": {"datetime": "2024-06-13 21:42:36", "elapsed": 4.221678, "delta": 0.003989}}
{"target": -1090.3187189295547, "params": {"gamma": 7.429469582646582, "lr": 0.3409202491323421}, "datetime": {"datetime": "2024-06-13 21:42:36", "elapsed": 4.225668, "delta": 0.00399}}
{"target": -163.01167178188166, "params": {"gamma": 0.4770616761368438, "lr": 0.15635692867625162}, "datetime": {"datetime": "2024-06-13 21:42:36", "elapsed": 4.229657, "delta": 0.003989}}
{"target": -279.24651040691026, "params": {"gamma": 1.9394547317358086, "lr": 0.4951123625611782}, "datetime": {"datetime": "2024-06-13 21:42:36", "elapsed": 4.233646, "delta": 0.003989}}
{"target": -1109.1535229935162, "params": {"gamma": 6.351614485952291, "lr": 0.880219977218583}, "datetime": {"datetime": "2024-06-13 21:42:36", "elapsed": 4.237635, "delta": 0.003989}}
{"target": -1372.9157539197104, "params": {"gamma": 9.025463027666028, "lr": 0.307160768485095}, "datetime": {"datetime": "2024-06-13 21:42:36", "elapsed": 4.242622, "delta": 0.004987}}
{"target": -1229.6880126578485, "params": {"gamma": 7.534047351182733, "lr": 0.2824280305589726}, "datetime": {"datetime": "2024-06-13 21:42:36", "elapsed": 4.246611, "delta": 0.003989}}
{"target": -577.5407452020692, "params": {"gamma": 3.686400120782994, "lr": 0.2927265620931302}, "datetime": {"datetime": "2024-06-13 21:42:36", "elapsed": 4.250601, "delta": 0.00399}}
{"target": -669.3734712260429, "params": {"gamma": 4.137493671254815, "lr": 0.21471569566838056}, "datetime": {"datetime": "2024-06-13 21:42:36", "elapsed": 4.25459, "delta": 0.003989}}
{"target": -709.7075505611493, "params": {"gamma": 3.1905410786954205, "lr": 0.12191981389008766}, "datetime": {"datetime": "2024-06-13 21:42:36", "elapsed": 4.25858, "delta": 0.00399}}
{"target": -1351.8666239227966, "params": {"gamma": 9.63021937771575, "lr": 0.5039830093987828}, "datetime": {"datetime": "2024-06-13 21:42:36", "elapsed": 4.262569, "delta": 0.003989}}
{"target": -1523.9226549274945, "params": {"gamma": 9.23108372520405, "lr": 0.7461601407734211}, "datetime": {"datetime": "2024-06-13 21:42:36", "elapsed": 4.266559, "delta": 0.00399}}
{"target": -759.0110475993356, "params": {"gamma": 4.577595171516512, "lr": 0.7546222253081317}, "datetime": {"datetime": "2024-06-13 21:42:36", "elapsed": 4.270548, "delta": 0.003989}}
{"target": -959.9599140737834, "params": {"gamma": 6.280602762990652, "lr": 0.30375843415186865}, "datetime": {"datetime": "2024-06-13 21:42:36", "elapsed": 4.275535, "delta": 0.004987}}
{"target": -841.8353565128524, "params": {"gamma": 5.217071474819306, "lr": 0.7123121956474292}, "datetime": {"datetime": "2024-06-13 21:42:36", "elapsed": 4.279524, "delta": 0.003989}}
{"target": -763.1231829600405, "params": {"gamma": 3.0538300009516193, "lr": 0.012522836886473265}, "datetime": {"datetime": "2024-06-13 21:42:36", "elapsed": 4.284127, "delta": 0.004603}}
{"target": -456.608962092976, "params": {"gamma": 2.6833600285302275, "lr": 0.7967454755900841}, "datetime": {"datetime": "2024-06-13 21:42:36", "elapsed": 4.288116, "delta": 0.003989}}
{"target": -1417.598858508985, "params": {"gamma": 9.300000896546049, "lr": 0.6253311549032551}, "datetime": {"datetime": "2024-06-13 21:42:36", "elapsed": 4.292106, "delta": 0.00399}}
{"target": -250.85066474093722, "params": {"gamma": 1.3289420383195298, "lr": 0.7575703592474212}, "datetime": {"datetime": "2024-06-13 21:42:36", "elapsed": 4.296095, "delta": 0.003989}}
{"target": -870.5638598622031, "params": {"gamma": 5.269526555127393, "lr": 0.753869071621213}, "datetime": {"datetime": "2024-06-13 21:42:36", "elapsed": 4.30093, "delta": 0.004835}}
{"target": -1511.5893741796115, "params": {"gamma": 8.586258418997055, "lr": 0.9475415511018243}, "datetime": {"datetime": "2024-06-13 21:42:36", "elapsed": 4.304919, "delta": 0.003989}}
{"target": -1107.7783559255645, "params": {"gamma": 6.545720808693693, "lr": 0.8542582098426466}, "datetime": {"datetime": "2024-06-13 21:42:36", "elapsed": 4.308909, "delta": 0.00399}}
{"target": -1233.3833127519094, "params": {"gamma": 7.426137988907772, "lr": 0.7271011884036769}, "datetime": {"datetime": "2024-06-13 21:42:36", "elapsed": 4.312898, "delta": 0.003989}}
{"target": -1511.9006651267491, "params": {"gamma": 8.58804877191338, "lr": 0.9230030407536653}, "datetime": {"datetime": "2024-06-13 21:42:36", "elapsed": 4.316887, "delta": 0.003989}}
{"target": -1284.1260796067581, "params": {"gamma": 9.020857939246921, "lr": 0.39575026156518067}, "datetime": {"datetime": "2024-06-13 21:42:36", "elapsed": 4.320877, "delta": 0.00399}}
{"target": -186.1953576550076, "params": {"gamma": 0.8411287767074533, "lr": 0.8295737184581491}, "datetime": {"datetime": "2024-06-13 21:42:36", "elapsed": 4.324867, "delta": 0.00399}}
{"target": -765.1683937184132, "params": {"gamma": 5.389776601523036, "lr": 0.542076154739123}, "datetime": {"datetime": "2024-06-13 21:42:36", "elapsed": 4.329512, "delta": 0.004645}}
{"target": -2013.7096770644737, "params": {"gamma": 8.25192813033363, "lr": 0.03198418437577388}, "datetime": {"datetime": "2024-06-13 21:42:36", "elapsed": 4.333494, "delta": 0.003982}}
{"target": -2140.8976687804457, "params": {"gamma": 8.779726226832842, "lr": 0.03463400133772032}, "datetime": {"datetime": "2024-06-13 21:42:36", "elapsed": 4.337484, "delta": 0.00399}}
{"target": -1045.7399965277502, "params": {"gamma": 6.932252389225503, "lr": 0.5874844793504092}, "datetime": {"datetime": "2024-06-13 21:42:36", "elapsed": 4.342471, "delta": 0.004987}}
{"target": -888.6061433283646, "params": {"gamma": 6.417850059155134, "lr": 0.37408018773825613}, "datetime": {"datetime": "2024-06-13 21:42:36", "elapsed": 4.34646, "delta": 0.003989}}
{"target": -404.3073997197215, "params": {"gamma": 2.755344804474391, "lr": 0.5094085814387623}, "datetime": {"datetime": "2024-06-13 21:42:36", "elapsed": 4.350449, "delta": 0.003989}}
{"target": -1256.8932755236178, "params": {"gamma": 8.858345348380066, "lr": 0.5652896703655683}, "datetime": {"datetime": "2024-06-13 21:42:36", "elapsed": 4.354438, "delta": 0.003989}}
{"target": -879.9560696304081, "params": {"gamma": 6.631825765751704, "lr": 0.44137923095350085}, "datetime": {"datetime": "2024-06-13 21:42:36", "elapsed": 4.359425, "delta": 0.004987}}
{"target": -1604.073197065605, "params": {"gamma": 9.7214187321274, "lr": 0.7425224523517098}, "datetime": {"datetime": "2024-06-13 21:42:36", "elapsed": 4.363414, "delta": 0.003989}}
{"target": -552.875287357268, "params": {"gamma": 3.5496702059968834, "lr": 0.6535310326636594}, "datetime": {"datetime": "2024-06-13 21:42:36", "elapsed": 4.367404, "delta": 0.00399}}
{"target": -950.5481090621776, "params": {"gamma": 5.426621502305332, "lr": 0.884056212378686}, "datetime": {"datetime": "2024-06-13 21:42:36", "elapsed": 4.37239, "delta": 0.004986}}
{"target": -616.401894977948, "params": {"gamma": 2.7512654566030514, "lr": 0.10806748517233733}, "datetime": {"datetime": "2024-06-13 21:42:36", "elapsed": 4.37638, "delta": 0.00399}}
{"target": -294.93940822311055, "params": {"gamma": 1.9135292453599602, "lr": 0.38704623260508586}, "datetime": {"datetime": "2024-06-13 21:42:36", "elapsed": 4.38037, "delta": 0.00399}}
{"target": -1391.732242714839, "params": {"gamma": 8.54074388954821, "lr": 0.2708449138359166}, "datetime": {"datetime": "2024-06-13 21:42:36", "elapsed": 4.384358, "delta": 0.003988}}
{"target": -929.0636539244266, "params": {"gamma": 6.263961673283628, "lr": 0.6235518010455583}, "datetime": {"datetime": "2024-06-13 21:42:36", "elapsed": 4.389345, "delta": 0.004987}}
{"target": -1009.3686542347474, "params": {"gamma": 4.08106330634394, "lr": 0.05033512965945175}, "datetime": {"datetime": "2024-06-13 21:42:36", "elapsed": 4.393334, "delta": 0.003989}}
{"target": -1149.848629004317, "params": {"gamma": 7.448593896451896, "lr": 0.29572553442388116}, "datetime": {"datetime": "2024-06-13 21:42:36", "elapsed": 4.397324, "delta": 0.00399}}
{"target": -578.0536600707404, "params": {"gamma": 3.9851835072938524, "lr": 0.37723956753050947}, "datetime": {"datetime": "2024-06-13 21:42:36", "elapsed": 4.401313, "delta": 0.003989}}
{"target": -1571.6145008994295, "params": {"gamma": 6.636362714079265, "lr": 0.08633328681516406}, "datetime": {"datetime": "2024-06-13 21:42:36", "elapsed": 4.405302, "delta": 0.003989}}
{"target": -1350.5727323552617, "params": {"gamma": 5.49934931479934, "lr": 0.015421822343255842}, "datetime": {"datetime": "2024-06-13 21:42:36", "elapsed": 4.410289, "delta": 0.004987}}
{"target": -1477.2830846305953, "params": {"gamma": 9.830406796410628, "lr": 0.5984272223880148}, "datetime": {"datetime": "2024-06-13 21:42:36", "elapsed": 4.414278, "delta": 0.003989}}
{"target": -773.5101761807646, "params": {"gamma": 3.8417581657342703, "lr": 0.1467479307274827}, "datetime": {"datetime": "2024-06-13 21:42:36", "elapsed": 4.418268, "delta": 0.00399}}
{"target": -1231.880565324325, "params": {"gamma": 6.9690863860416155, "lr": 0.9058084167065523}, "datetime": {"datetime": "2024-06-13 21:42:36", "elapsed": 4.422257, "delta": 0.003989}}
{"target": -535.4302056291766, "params": {"gamma": 3.1817694146938234, "lr": 0.7664921446562297}, "datetime": {"datetime": "2024-06-13 21:42:36", "elapsed": 4.427244, "delta": 0.004987}}
{"target": -523.8734984810224, "params": {"gamma": 2.8756935223098354, "lr": 0.9572253423743934}, "datetime": {"datetime": "2024-06-13 21:42:36", "elapsed": 4.431233, "delta": 0.003989}}
{"target": -1074.144780822918, "params": {"gamma": 7.023455232193281, "lr": 0.6250155931933211}, "datetime": {"datetime": "2024-06-13 21:42:36", "elapsed": 4.435222, "delta": 0.003989}}
{"target": -1515.1528328388567, "params": {"gamma": 9.307416596768327, "lr": 0.26904238725191854}, "datetime": {"datetime": "2024-06-13 21:42:36", "elapsed": 4.439212, "delta": 0.00399}}
{"target": -1466.1243839489061, "params": {"gamma": 9.236233847661266, "lr": 0.6780829341239825}, "datetime": {"datetime": "2024-06-13 21:42:36", "elapsed": 4.443201, "delta": 0.003989}}
