{"target": -152.48624644286937, "params": {"gamma": 2.2302911723421603, "prior": 9.971405383102082, "rate": 8.17356631642956}, "datetime": {"datetime": "2024-06-14 08:53:21", "elapsed": 11.277982, "delta": 0.009974}}
{"target": -126.41926161212452, "params": {"gamma": 0.42223947812043505, "prior": 3.7954509908618, "rate": 8.122057570514098}, "datetime": {"datetime": "2024-06-14 08:53:21", "elapsed": 11.287955, "delta": 0.009973}}
{"target": -195.37310136328674, "params": {"gamma": 5.284318582532073, "prior": 2.546595173441272, "rate": 7.9290864165444885}, "datetime": {"datetime": "2024-06-14 08:53:21", "elapsed": 11.297929, "delta": 0.009974}}
{"target": -142.58254569238628, "params": {"gamma": 2.6182486884007314, "prior": 0.10394396254204273, "rate": 2.3139578706383697}, "datetime": {"datetime": "2024-06-14 08:53:21", "elapsed": 11.307902, "delta": 0.009973}}
{"target": -619.404848791444, "params": {"gamma": 9.933709519335848, "prior": 6.596388259986851, "rate": 2.20746055274965}, "datetime": {"datetime": "2024-06-14 08:53:21", "elapsed": 11.317875, "delta": 0.009973}}
{"target": -304.42813397187774, "params": {"gamma": 6.861710880085471, "prior": 6.900675292396006, "rate": 6.407786956598644}, "datetime": {"datetime": "2024-06-14 08:53:21", "elapsed": 11.326851, "delta": 0.008976}}
{"target": -117.7597493137482, "params": {"gamma": 0.7064146187020427, "prior": 2.5053447581940413, "rate": 8.708501091076558}, "datetime": {"datetime": "2024-06-14 08:53:21", "elapsed": 11.33785, "delta": 0.010999}}
{"target": -263.75920040435, "params": {"gamma": 7.347673452195916, "prior": 1.761378459242426, "rate": 2.986596023304183}, "datetime": {"datetime": "2024-06-14 08:53:21", "elapsed": 11.347795, "delta": 0.009945}}
{"target": -388.65098342607536, "params": {"gamma": 5.627657565327734, "prior": 8.281813083626007, "rate": 2.0059625473387035}, "datetime": {"datetime": "2024-06-14 08:53:21", "elapsed": 11.35777, "delta": 0.009975}}
{"target": -118.21238942953235, "params": {"gamma": 1.0175512712412351, "prior": 3.8805020069474243, "rate": 9.123622339058336}, "datetime": {"datetime": "2024-06-14 08:53:21", "elapsed": 11.367742, "delta": 0.009972}}
{"target": -183.67548338189508, "params": {"gamma": 2.605874679054985, "prior": 1.1722130918594946, "rate": 0.56037370979255}, "datetime": {"datetime": "2024-06-14 08:53:21", "elapsed": 11.377715, "delta": 0.009973}}
{"target": -160.51809471326226, "params": {"gamma": 3.517353888144698, "prior": 0.47250675815837395, "rate": 5.830756178383219}, "datetime": {"datetime": "2024-06-14 08:53:21", "elapsed": 11.386691, "delta": 0.008976}}
{"target": -250.96020007298785, "params": {"gamma": 6.725895546392632, "prior": 4.658787540848907, "rate": 7.411427420391562}, "datetime": {"datetime": "2024-06-14 08:53:21", "elapsed": 11.396665, "delta": 0.009974}}
{"target": -326.15260975916135, "params": {"gamma": 5.010748619176405, "prior": 7.053290946278004, "rate": 2.307178418323752}, "datetime": {"datetime": "2024-06-14 08:53:21", "elapsed": 11.407635, "delta": 0.01097}}
{"target": -281.79172532040093, "params": {"gamma": 7.446379482205204, "prior": 5.066208299853456, "rate": 7.053982930260369}, "datetime": {"datetime": "2024-06-14 08:53:21", "elapsed": 11.418506, "delta": 0.010871}}
{"target": -374.4321510833956, "params": {"gamma": 4.467531205373577, "prior": 5.108812034796275, "rate": 0.41631029460275537}, "datetime": {"datetime": "2024-06-14 08:53:21", "elapsed": 11.428477, "delta": 0.009971}}
{"target": -231.4991037757796, "params": {"gamma": 4.893603596752043, "prior": 1.508646271753512, "rate": 1.425815973998472}, "datetime": {"datetime": "2024-06-14 08:53:21", "elapsed": 11.43848, "delta": 0.010003}}
{"target": -244.2737404349855, "params": {"gamma": 4.334070675192891, "prior": 5.804526419276483, "rate": 3.431143903220329}, "datetime": {"datetime": "2024-06-14 08:53:21", "elapsed": 11.448423, "delta": 0.009943}}
{"target": -129.5455231442555, "params": {"gamma": 1.6057554110518168, "prior": 7.439963128101519, "rate": 9.630952636256579}, "datetime": {"datetime": "2024-06-14 08:53:21", "elapsed": 11.458397, "delta": 0.009974}}
{"target": -256.06065469148797, "params": {"gamma": 7.3366892172191065, "prior": 0.8629358918245221, "rate": 8.409240673094226}, "datetime": {"datetime": "2024-06-14 08:53:21", "elapsed": 11.467373, "delta": 0.008976}}
{"target": -120.77482338439165, "params": {"gamma": 0.6760729900832833, "prior": 4.419489281132564, "rate": 9.288699130413471}, "datetime": {"datetime": "2024-06-14 08:53:21", "elapsed": 11.477346, "delta": 0.009973}}
{"target": -138.68083372054573, "params": {"gamma": 2.6325378562618087, "prior": 1.3667364017386738, "rate": 7.622625481835956}, "datetime": {"datetime": "2024-06-14 08:53:21", "elapsed": 11.486322, "delta": 0.008976}}
{"target": -448.43720093771634, "params": {"gamma": 9.286152605869912, "prior": 3.325107364972745, "rate": 2.3253485203555204}, "datetime": {"datetime": "2024-06-14 08:53:21", "elapsed": 11.496295, "delta": 0.009973}}
{"target": -150.33778911645194, "params": {"gamma": 1.8256722786407191, "prior": 9.636031674374332, "rate": 5.766769711868097}, "datetime": {"datetime": "2024-06-14 08:53:21", "elapsed": 11.506144, "delta": 0.009849}}
{"target": -616.2265107593204, "params": {"gamma": 8.601017631330931, "prior": 3.1526153619134747, "rate": 0.5653078671540508}, "datetime": {"datetime": "2024-06-14 08:53:21", "elapsed": 11.516117, "delta": 0.009973}}
{"target": -181.6225016971765, "params": {"gamma": 4.538588046967902, "prior": 2.150389949482985, "rate": 5.190317659626124}, "datetime": {"datetime": "2024-06-14 08:53:21", "elapsed": 11.525093, "delta": 0.008976}}
{"target": -242.45769418643462, "params": {"gamma": 5.3803383685417385, "prior": 3.0134533507087977, "rate": 3.0752313679559293}, "datetime": {"datetime": "2024-06-14 08:53:21", "elapsed": 11.535095, "delta": 0.010002}}
{"target": -139.10493005972597, "params": {"gamma": 0.24271254847611315, "prior": 4.261979937910767, "rate": 3.2375704471739803}, "datetime": {"datetime": "2024-06-14 08:53:21", "elapsed": 11.54504, "delta": 0.009945}}
{"target": -333.0909567569971, "params": {"gamma": 6.1952817624864025, "prior": 8.611654360250752, "rate": 4.926911767488365}, "datetime": {"datetime": "2024-06-14 08:53:21", "elapsed": 11.554016, "delta": 0.008976}}
{"target": -128.4585763085974, "params": {"gamma": 0.8280002720208621, "prior": 9.341456537509496, "rate": 8.083461341580708}, "datetime": {"datetime": "2024-06-14 08:53:21", "elapsed": 11.563989, "delta": 0.009973}}
{"target": -160.6582901642597, "params": {"gamma": 3.6558227125345977, "prior": 3.3742162191489324, "rate": 9.379402853367585}, "datetime": {"datetime": "2024-06-14 08:53:21", "elapsed": 11.573964, "delta": 0.009975}}
{"target": -173.6556094360217, "params": {"gamma": 3.7495685112706005, "prior": 6.3944419643693875, "rate": 9.853458036647636}, "datetime": {"datetime": "2024-06-14 08:53:21", "elapsed": 11.583935, "delta": 0.009971}}
{"target": -136.0249365238619, "params": {"gamma": 0.36836090554034395, "prior": 3.214846683672905, "rate": 2.313125983692789}, "datetime": {"datetime": "2024-06-14 08:53:21", "elapsed": 11.592941, "delta": 0.009006}}
{"target": -713.9257013757405, "params": {"gamma": 9.223731826093484, "prior": 5.556253632459004, "rate": 0.5380816705607578}, "datetime": {"datetime": "2024-06-14 08:53:21", "elapsed": 11.602885, "delta": 0.009944}}
{"target": -325.768802981749, "params": {"gamma": 7.552727246484496, "prior": 6.872429831212706, "rate": 6.622078860248277}, "datetime": {"datetime": "2024-06-14 08:53:21", "elapsed": 11.612407, "delta": 0.009522}}
{"target": -421.9368056458261, "params": {"gamma": 9.557332020493899, "prior": 8.758555827281402, "rate": 7.532761600172254}, "datetime": {"datetime": "2024-06-14 08:53:21", "elapsed": 11.622381, "delta": 0.009974}}
{"target": -138.81607930124352, "params": {"gamma": 2.2274368777620133, "prior": 1.4663481242278644, "rate": 2.2096624750777165}, "datetime": {"datetime": "2024-06-14 08:53:21", "elapsed": 11.632353, "delta": 0.009972}}
{"target": -139.95547198381416, "params": {"gamma": 2.0558931010754273, "prior": 5.722849003564123, "rate": 6.63077518785403}, "datetime": {"datetime": "2024-06-14 08:53:21", "elapsed": 11.642328, "delta": 0.009975}}
{"target": -196.074771110837, "params": {"gamma": 5.274647786496121, "prior": 0.6578589781712976, "rate": 3.6322627869363457}, "datetime": {"datetime": "2024-06-14 08:53:21", "elapsed": 11.6523, "delta": 0.009972}}
{"target": -520.6047104065499, "params": {"gamma": 9.677306363671502, "prior": 6.98556459651058, "rate": 3.698028055635611}, "datetime": {"datetime": "2024-06-14 08:53:21", "elapsed": 11.661277, "delta": 0.008977}}
{"target": -442.11825542485514, "params": {"gamma": 6.716589859874733, "prior": 2.7245859703372814, "rate": 0.7756981624656162}, "datetime": {"datetime": "2024-06-14 08:53:21", "elapsed": 11.672247, "delta": 0.01097}}
{"target": -211.0653275966293, "params": {"gamma": 5.281143325416827, "prior": 2.9687143459337384, "rate": 4.817037304645983}, "datetime": {"datetime": "2024-06-14 08:53:21", "elapsed": 11.682101, "delta": 0.009854}}
{"target": -360.0942083924846, "params": {"gamma": 9.020043950898684, "prior": 6.552229630812366, "rate": 7.233468037123845}, "datetime": {"datetime": "2024-06-14 08:53:21", "elapsed": 11.6924, "delta": 0.010299}}
{"target": -129.47287888469066, "params": {"gamma": 1.0267626657461268, "prior": 4.8486150493478055, "rate": 4.044014562004185}, "datetime": {"datetime": "2024-06-14 08:53:21", "elapsed": 11.702245, "delta": 0.009845}}
{"target": -258.19130676572536, "params": {"gamma": 6.468925570274098, "prior": 2.9485778320940845, "rate": 3.8312640574634482}, "datetime": {"datetime": "2024-06-14 08:53:21", "elapsed": 11.71161, "delta": 0.009365}}
{"target": -336.20610159444647, "params": {"gamma": 9.81018690271792, "prior": 1.23662462107414, "rate": 1.9998787227506973}, "datetime": {"datetime": "2024-06-14 08:53:21", "elapsed": 11.72167, "delta": 0.01006}}
{"target": -150.75073189731495, "params": {"gamma": 2.3912225972933583, "prior": 6.996876584358281, "rate": 7.1371672251136955}, "datetime": {"datetime": "2024-06-14 08:53:21", "elapsed": 11.731644, "delta": 0.009974}}
{"target": -262.9170387611728, "params": {"gamma": 7.847764610820117, "prior": 3.8723393107957245, "rate": 8.524180473287885}, "datetime": {"datetime": "2024-06-14 08:53:21", "elapsed": 11.742615, "delta": 0.010971}}
{"target": -285.3919455890032, "params": {"gamma": 6.973768049350303, "prior": 7.161272986009691, "rate": 8.220064454506392}, "datetime": {"datetime": "2024-06-14 08:53:21", "elapsed": 11.752587, "delta": 0.009972}}
{"target": -511.8141716130572, "params": {"gamma": 6.289615458969785, "prior": 4.280053466198156, "rate": 0.3089573128355685}, "datetime": {"datetime": "2024-06-14 08:53:21", "elapsed": 11.762561, "delta": 0.009974}}
{"target": -258.97387141850703, "params": {"gamma": 5.9549611772267355, "prior": 5.681259338068073, "rate": 6.008479407469643}, "datetime": {"datetime": "2024-06-14 08:53:21", "elapsed": 11.772535, "delta": 0.009974}}
{"target": -232.54176630073044, "params": {"gamma": 3.2292118332970405, "prior": 5.593331570762452, "rate": 1.7173913865365833}, "datetime": {"datetime": "2024-06-14 08:53:21", "elapsed": 11.782508, "delta": 0.009973}}
{"target": -235.00444397738522, "params": {"gamma": 6.49894440266871, "prior": 0.8095673895400698, "rate": 8.750896260863644}, "datetime": {"datetime": "2024-06-14 08:53:21", "elapsed": 11.792482, "delta": 0.009974}}
{"target": -130.92896019536983, "params": {"gamma": 2.1621633635158477, "prior": 3.0090612487247013, "rate": 8.847484449475706}, "datetime": {"datetime": "2024-06-14 08:53:22", "elapsed": 11.801457, "delta": 0.008975}}
{"target": -528.2991258361874, "params": {"gamma": 8.836037308166828, "prior": 8.37904543989899, "rate": 3.2700292334455643}, "datetime": {"datetime": "2024-06-14 08:53:22", "elapsed": 11.812457, "delta": 0.011}}
{"target": -402.08557209594744, "params": {"gamma": 9.023544047406462, "prior": 7.740842728171373, "rate": 6.581171726876564}, "datetime": {"datetime": "2024-06-14 08:53:22", "elapsed": 11.822401, "delta": 0.009944}}
{"target": -481.406070635215, "params": {"gamma": 8.99813093515086, "prior": 7.853001575402082, "rate": 4.2480703423217}, "datetime": {"datetime": "2024-06-14 08:53:22", "elapsed": 11.832374, "delta": 0.009973}}
{"target": -266.4853008541187, "params": {"gamma": 3.2432279860467617, "prior": 3.999393563924491, "rate": 0.6150601284275855}, "datetime": {"datetime": "2024-06-14 08:53:22", "elapsed": 11.842348, "delta": 0.009974}}
{"target": -161.72688958981763, "params": {"gamma": 3.634945499368943, "prior": 3.595132489864901, "rate": 8.656379251086715}, "datetime": {"datetime": "2024-06-14 08:53:22", "elapsed": 11.852321, "delta": 0.009973}}
{"target": -552.7342714233597, "params": {"gamma": 8.887111795253091, "prior": 9.63421565993784, "rate": 3.282664276898728}, "datetime": {"datetime": "2024-06-14 08:53:22", "elapsed": 11.862294, "delta": 0.009973}}
{"target": -421.6034899483532, "params": {"gamma": 6.933508237753853, "prior": 6.367356052167569, "rate": 2.425195012153892}, "datetime": {"datetime": "2024-06-14 08:53:22", "elapsed": 11.87127, "delta": 0.008976}}
{"target": -275.39081106267577, "params": {"gamma": 8.700006275800442, "prior": 2.219608966119336, "rate": 7.477392312505152}, "datetime": {"datetime": "2024-06-14 08:53:22", "elapsed": 11.881243, "delta": 0.009973}}
{"target": -118.7996270839069, "params": {"gamma": 1.4474946912067754, "prior": 1.1575145967721554, "rate": 7.20350177902532}, "datetime": {"datetime": "2024-06-14 08:53:22", "elapsed": 11.891218, "delta": 0.009975}}
{"target": -207.7835878422446, "params": {"gamma": 5.263654842331062, "prior": 4.484866730228926, "rate": 7.7820274969779515}, "datetime": {"datetime": "2024-06-14 08:53:22", "elapsed": 11.90119, "delta": 0.009972}}
{"target": -180.40872220639088, "params": {"gamma": 3.588074784629776, "prior": 8.548161025287675, "rate": 9.62176279907113}, "datetime": {"datetime": "2024-06-14 08:53:22", "elapsed": 11.910707, "delta": 0.009517}}
{"target": -347.43138068460445, "params": {"gamma": 9.791275810251324, "prior": 2.8485172225745474, "rate": 4.1506553568115665}, "datetime": {"datetime": "2024-06-14 08:53:22", "elapsed": 11.92068, "delta": 0.009973}}
{"target": -339.24959557550284, "params": {"gamma": 7.250373833289235, "prior": 8.95917274672825, "rate": 7.113399789936541}, "datetime": {"datetime": "2024-06-14 08:53:22", "elapsed": 11.929656, "delta": 0.008976}}
{"target": -447.23754443346286, "params": {"gamma": 7.5815646955077245, "prior": 8.84569615448094, "rate": 3.670115433263018}, "datetime": {"datetime": "2024-06-14 08:53:22", "elapsed": 11.93963, "delta": 0.009974}}
{"target": -232.10259894192353, "params": {"gamma": 5.425906871529926, "prior": 5.394222758269183, "rate": 6.4761782194627475}, "datetime": {"datetime": "2024-06-14 08:53:22", "elapsed": 11.949914, "delta": 0.010284}}
{"target": -312.6013282015127, "params": {"gamma": 8.951943613361554, "prior": 6.0481920136487215, "rate": 9.699415438622323}, "datetime": {"datetime": "2024-06-14 08:53:22", "elapsed": 11.959715, "delta": 0.009801}}
{"target": -278.8513989739878, "params": {"gamma": 7.3216234120977175, "prior": 4.211385766390366, "rate": 5.81180346318073}, "datetime": {"datetime": "2024-06-14 08:53:22", "elapsed": 11.969716, "delta": 0.010001}}
{"target": -362.33129696485724, "params": {"gamma": 9.223285503388022, "prior": 6.223153800877035, "rate": 7.099576105580202}, "datetime": {"datetime": "2024-06-14 08:53:22", "elapsed": 11.97941, "delta": 0.009694}}
{"target": -348.7044213521607, "params": {"gamma": 6.613259028912707, "prior": 3.42784974510567, "rate": 2.0341452163718596}, "datetime": {"datetime": "2024-06-14 08:53:22", "elapsed": 11.987562, "delta": 0.008152}}
{"target": -168.59036537803763, "params": {"gamma": 4.078721813041604, "prior": 1.592621080704164, "rate": 8.263509143662432}, "datetime": {"datetime": "2024-06-14 08:53:22", "elapsed": 11.998639, "delta": 0.011077}}
{"target": -418.48416057825534, "params": {"gamma": 7.104895674394641, "prior": 4.070456275164108, "rate": 1.7146555781871196}, "datetime": {"datetime": "2024-06-14 08:53:22", "elapsed": 12.009597, "delta": 0.010958}}
{"target": -310.24157458975924, "params": {"gamma": 8.75811759952061, "prior": 6.42673266977647, "rate": 9.966031596995483}, "datetime": {"datetime": "2024-06-14 08:53:22", "elapsed": 12.019531, "delta": 0.009934}}
{"target": -146.4311165714506, "params": {"gamma": 1.0118777980878546, "prior": 2.5239987554093983, "rate": 0.8374656866964549}, "datetime": {"datetime": "2024-06-14 08:53:22", "elapsed": 12.028828, "delta": 0.009297}}
{"target": -248.36669347851722, "params": {"gamma": 7.447673015821188, "prior": 1.6797955636247195, "rate": 8.816713679816221}, "datetime": {"datetime": "2024-06-14 08:53:22", "elapsed": 12.038801, "delta": 0.009973}}
{"target": -406.8117856996187, "params": {"gamma": 4.915303785862436, "prior": 5.309075700418279, "rate": 0.42616036762125126}, "datetime": {"datetime": "2024-06-14 08:53:22", "elapsed": 12.048775, "delta": 0.009974}}
{"target": -279.9214415623998, "params": {"gamma": 6.140922303680539, "prior": 2.353386412041166, "rate": 2.135827389380809}, "datetime": {"datetime": "2024-06-14 08:53:22", "elapsed": 12.058749, "delta": 0.009974}}
{"target": -795.8151205018597, "params": {"gamma": 8.953290370672992, "prior": 8.891332155070218, "rate": 0.05364657807886874}, "datetime": {"datetime": "2024-06-14 08:53:22", "elapsed": 12.068752, "delta": 0.010003}}
{"target": -439.1191355180389, "params": {"gamma": 8.323207291901435, "prior": 9.032758516193605, "rate": 5.119964633266645}, "datetime": {"datetime": "2024-06-14 08:53:22", "elapsed": 12.077698, "delta": 0.008946}}
{"target": -297.87295845055945, "params": {"gamma": 6.56208200669582, "prior": 7.701078270941128, "rate": 6.854714307550932}, "datetime": {"datetime": "2024-06-14 08:53:22", "elapsed": 12.08767, "delta": 0.009972}}
{"target": -217.88829550120033, "params": {"gamma": 4.59170508000715, "prior": 5.777177096628812, "rate": 5.74102025787266}, "datetime": {"datetime": "2024-06-14 08:53:22", "elapsed": 12.098642, "delta": 0.010972}}
{"target": -269.10008260544106, "params": {"gamma": 8.421463069722522, "prior": 2.4803729054295243, "rate": 7.572507436190774}, "datetime": {"datetime": "2024-06-14 08:53:22", "elapsed": 12.108615, "delta": 0.009973}}
{"target": -340.4932801333878, "params": {"gamma": 8.12355876007362, "prior": 7.99062037533525, "rate": 8.07727048210085}, "datetime": {"datetime": "2024-06-14 08:53:22", "elapsed": 12.118589, "delta": 0.009974}}
{"target": -302.52999673501427, "params": {"gamma": 8.292970943843157, "prior": 4.23340593789217, "rate": 6.179249469269826}, "datetime": {"datetime": "2024-06-14 08:53:22", "elapsed": 12.127564, "delta": 0.008975}}
{"target": -296.1698109170447, "params": {"gamma": 7.552699915952439, "prior": 7.720679136482666, "rate": 9.586087624632432}, "datetime": {"datetime": "2024-06-14 08:53:22", "elapsed": 12.137538, "delta": 0.009974}}
{"target": -439.22919519556484, "params": {"gamma": 9.750777680644457, "prior": 5.690872459899503, "rate": 4.657924948350314}, "datetime": {"datetime": "2024-06-14 08:53:22", "elapsed": 12.148508, "delta": 0.01097}}
{"target": -267.01940237262136, "params": {"gamma": 8.35541774153753, "prior": 2.2776131471709045, "rate": 7.664214496519479}, "datetime": {"datetime": "2024-06-14 08:53:22", "elapsed": 12.158482, "delta": 0.009974}}
{"target": -139.66049375335112, "params": {"gamma": 1.920923979668611, "prior": 5.957112902935368, "rate": 6.068707734799046}, "datetime": {"datetime": "2024-06-14 08:53:22", "elapsed": 12.169453, "delta": 0.010971}}
{"target": -243.49366834819682, "params": {"gamma": 4.418996184218967, "prior": 8.659051462799177, "rate": 5.435278379231555}, "datetime": {"datetime": "2024-06-14 08:53:22", "elapsed": 12.178429, "delta": 0.008976}}
{"target": -377.31776525189974, "params": {"gamma": 4.927804379534841, "prior": 4.2394437931335665, "rate": 0.6231896086801356}, "datetime": {"datetime": "2024-06-14 08:53:22", "elapsed": 12.188402, "delta": 0.009973}}
{"target": -158.92189854615745, "params": {"gamma": 3.622132449809016, "prior": 1.0188720461219751, "rate": 5.656819358260873}, "datetime": {"datetime": "2024-06-14 08:53:22", "elapsed": 12.199373, "delta": 0.010971}}
{"target": -300.7079117271764, "params": {"gamma": 6.4053758139443495, "prior": 7.701044399919781, "rate": 6.325720028185084}, "datetime": {"datetime": "2024-06-14 08:53:22", "elapsed": 12.20886, "delta": 0.009487}}
{"target": -146.28921251179813, "params": {"gamma": 1.8714204909994507, "prior": 7.527415112713252, "rate": 5.489045144907434}, "datetime": {"datetime": "2024-06-14 08:53:22", "elapsed": 12.218411, "delta": 0.009551}}
{"target": -114.99613966366954, "params": {"gamma": 1.0226014229845646, "prior": 0.34578758896028944, "rate": 2.988163177641064}, "datetime": {"datetime": "2024-06-14 08:53:22", "elapsed": 12.228385, "delta": 0.009974}}
{"target": -293.66691689347635, "params": {"gamma": 6.900460277619986, "prior": 9.334604669396944, "rate": 9.665005509601515}, "datetime": {"datetime": "2024-06-14 08:53:22", "elapsed": 12.238358, "delta": 0.009973}}
{"target": -260.4430284364459, "params": {"gamma": 7.645716345257133, "prior": 3.003166938498256, "rate": 6.2210691836043965}, "datetime": {"datetime": "2024-06-14 08:53:22", "elapsed": 12.247888, "delta": 0.00953}}
{"target": -201.6399556725721, "params": {"gamma": 2.3117301792407194, "prior": 7.53183467935155, "rate": 1.6595044277657995}, "datetime": {"datetime": "2024-06-14 08:53:22", "elapsed": 12.257861, "delta": 0.009973}}
{"target": -393.60175639310427, "params": {"gamma": 7.564947384855503, "prior": 8.699031089411767, "rate": 5.195544029510985}, "datetime": {"datetime": "2024-06-14 08:53:22", "elapsed": 12.266837, "delta": 0.008976}}
