{"target": -606.199869092518, "params": {"gamma": 3.6322627869363457, "lr": 0.9677274091080609}, "datetime": {"datetime": "2024-06-13 19:12:02", "elapsed": 7.386929, "delta": 0.004987}}
{"target": -691.4048993905656, "params": {"gamma": 6.955420242475687, "lr": 0.36973977954151527}, "datetime": {"datetime": "2024-06-13 19:12:02", "elapsed": 7.391916, "delta": 0.004987}}
{"target": -716.0432513015114, "params": {"gamma": 6.716589859874733, "lr": 0.26510969397346273}, "datetime": {"datetime": "2024-06-13 19:12:02", "elapsed": 7.395905, "delta": 0.003989}}
{"target": -141.72626806059307, "params": {"gamma": 0.7756981624656162, "lr": 0.5280671392556082}, "datetime": {"datetime": "2024-06-13 19:12:02", "elapsed": 7.400892, "delta": 0.004987}}
{"target": -290.56840875431226, "params": {"gamma": 2.8984014893930756, "lr": 0.48165189565416366}, "datetime": {"datetime": "2024-06-13 19:12:02", "elapsed": 7.404881, "delta": 0.003989}}
{"target": -970.1266007306629, "params": {"gamma": 9.020043950898684, "lr": 0.6517403667487239}, "datetime": {"datetime": "2024-06-13 19:12:02", "elapsed": 7.409867, "delta": 0.004986}}
{"target": -1218.8969975050093, "params": {"gamma": 7.233468037123845, "lr": 0.1025865252271354}, "datetime": {"datetime": "2024-06-13 19:12:02", "elapsed": 7.414854, "delta": 0.004987}}
{"target": -468.5251619580811, "params": {"gamma": 4.7971011998412845, "lr": 0.40434189038945745}, "datetime": {"datetime": "2024-06-13 19:12:02", "elapsed": 7.418844, "delta": 0.00399}}
{"target": -687.2238660904287, "params": {"gamma": 6.468925570274098, "lr": 0.287735134554958}, "datetime": {"datetime": "2024-06-13 19:12:02", "elapsed": 7.42383, "delta": 0.004986}}
{"target": -638.0107165991005, "params": {"gamma": 3.8312640574634482, "lr": 0.981016791950987}, "datetime": {"datetime": "2024-06-13 19:12:02", "elapsed": 7.428817, "delta": 0.004987}}
{"target": -195.75238252006676, "params": {"gamma": 1.1489908672848812, "lr": 0.19990786306137587}, "datetime": {"datetime": "2024-06-13 19:12:02", "elapsed": 7.432807, "delta": 0.00399}}
{"target": -334.9298808377947, "params": {"gamma": 2.3912225972933583, "lr": 0.6966542004402304}, "datetime": {"datetime": "2024-06-13 19:12:02", "elapsed": 7.437793, "delta": 0.004986}}
{"target": -958.7438718711094, "params": {"gamma": 7.1371672251136955, "lr": 0.7847549365756692}, "datetime": {"datetime": "2024-06-13 19:12:02", "elapsed": 7.441783, "delta": 0.00399}}
{"target": -598.3496250471163, "params": {"gamma": 3.8110627039036813, "lr": 0.8524032876575542}, "datetime": {"datetime": "2024-06-13 19:12:02", "elapsed": 7.446769, "delta": 0.004986}}
{"target": -920.3238676198156, "params": {"gamma": 6.973768049350303, "lr": 0.7132598975767365}, "datetime": {"datetime": "2024-06-13 19:12:02", "elapsed": 7.450759, "delta": 0.00399}}
{"target": -886.2056665070932, "params": {"gamma": 8.220064454506392, "lr": 0.6289244383408126}, "datetime": {"datetime": "2024-06-13 19:12:02", "elapsed": 7.455745, "delta": 0.004986}}
{"target": -833.3017989041417, "params": {"gamma": 4.2228540008601385, "lr": 0.030798811164673312}, "datetime": {"datetime": "2024-06-13 19:12:02", "elapsed": 7.486663, "delta": 0.030918}}
{"target": -622.5917286256355, "params": {"gamma": 5.9549611772267355, "lr": 0.5637635695018256}, "datetime": {"datetime": "2024-06-13 19:12:02", "elapsed": 7.491649, "delta": 0.004986}}
{"target": -638.9862612603209, "params": {"gamma": 6.008479407469643, "lr": 0.3228534686765717}, "datetime": {"datetime": "2024-06-13 19:12:02", "elapsed": 7.496636, "delta": 0.004987}}
{"target": -807.1257684113597, "params": {"gamma": 5.549264886470077, "lr": 0.17165630428408674}, "datetime": {"datetime": "2024-06-13 19:12:02", "elapsed": 7.500625, "delta": 0.003989}}
{"target": -1261.8450115681044, "params": {"gamma": 6.49894440266871, "lr": 0.07167347369091615}, "datetime": {"datetime": "2024-06-13 19:12:02", "elapsed": 7.505612, "delta": 0.004987}}
{"target": -1035.0448744938055, "params": {"gamma": 8.750896260863644, "lr": 0.21613795014659942}, "datetime": {"datetime": "2024-06-13 19:12:02", "elapsed": 7.509601, "delta": 0.003989}}
{"target": -477.7086178967401, "params": {"gamma": 2.9391518612119483, "lr": 0.8847369186394346}, "datetime": {"datetime": "2024-06-13 19:12:02", "elapsed": 7.514588, "delta": 0.004987}}
{"target": -1357.4779380972368, "params": {"gamma": 8.836037308166828, "lr": 0.8362672161514131}, "datetime": {"datetime": "2024-06-13 19:12:02", "elapsed": 7.519574, "delta": 0.004986}}
{"target": -538.3356262552425, "params": {"gamma": 3.2700292334455643, "lr": 0.9023446392045666}, "datetime": {"datetime": "2024-06-13 19:12:02", "elapsed": 7.523564, "delta": 0.00399}}
{"target": -833.5833293806594, "params": {"gamma": 7.718251155453087, "lr": 0.6580829809857549}, "datetime": {"datetime": "2024-06-13 19:12:02", "elapsed": 7.52855, "delta": 0.004986}}
{"target": -1203.9654037315536, "params": {"gamma": 8.99813093515086, "lr": 0.7831314722628366}, "datetime": {"datetime": "2024-06-13 19:12:02", "elapsed": 7.533538, "delta": 0.004988}}
{"target": -457.7398333192855, "params": {"gamma": 4.2480703423217, "lr": 0.32425522412708885}, "datetime": {"datetime": "2024-06-13 19:12:02", "elapsed": 7.537526, "delta": 0.003988}}
{"target": -780.0509758069708, "params": {"gamma": 3.9393874995637357, "lr": 0.06141215405816436}, "datetime": {"datetime": "2024-06-13 19:12:02", "elapsed": 7.542513, "delta": 0.004987}}
{"target": -374.3426415606741, "params": {"gamma": 3.634945499368943, "lr": 0.3530436858449395}, "datetime": {"datetime": "2024-06-13 19:12:02", "elapsed": 7.546503, "delta": 0.00399}}
{"target": -1356.2780890296094, "params": {"gamma": 8.656379251086715, "lr": 0.8887000495302622}, "datetime": {"datetime": "2024-06-13 19:12:02", "elapsed": 7.551489, "delta": 0.004986}}
{"target": -1013.4650879230737, "params": {"gamma": 9.630557816537218, "lr": 0.32819924761463426}, "datetime": {"datetime": "2024-06-13 19:12:02", "elapsed": 7.556476, "delta": 0.004987}}
{"target": -751.3407157671214, "params": {"gamma": 6.933508237753853, "lr": 0.6330662678957141}, "datetime": {"datetime": "2024-06-13 19:12:02", "elapsed": 7.560465, "delta": 0.003989}}
{"target": -400.7150793907447, "params": {"gamma": 2.425195012153892, "lr": 0.8699876263426785}, "datetime": {"datetime": "2024-06-13 19:12:02", "elapsed": 7.565452, "delta": 0.004987}}
{"target": -306.79318302643884, "params": {"gamma": 2.1418050557805293, "lr": 0.7477140026507801}, "datetime": {"datetime": "2024-06-13 19:12:02", "elapsed": 7.570438, "delta": 0.004986}}
{"target": -279.96832521980457, "params": {"gamma": 1.4474946912067754, "lr": 0.10681965623961165}, "datetime": {"datetime": "2024-06-13 19:12:02", "elapsed": 7.574428, "delta": 0.00399}}
{"target": -741.6551625647774, "params": {"gamma": 7.20350177902532, "lr": 0.5263181160447106}, "datetime": {"datetime": "2024-06-13 19:12:02", "elapsed": 7.578884, "delta": 0.004456}}
{"target": -603.5848095018995, "params": {"gamma": 4.429715397531216, "lr": 0.7781805677545706}, "datetime": {"datetime": "2024-06-13 19:12:02", "elapsed": 7.583871, "delta": 0.004987}}
{"target": -564.9794526489728, "params": {"gamma": 3.588074784629776, "lr": 0.8533495985139066}, "datetime": {"datetime": "2024-06-13 19:12:02", "elapsed": 7.588858, "delta": 0.004987}}
{"target": -1571.29533523274, "params": {"gamma": 9.62176279907113, "lr": 0.97912549357449}, "datetime": {"datetime": "2024-06-13 19:12:02", "elapsed": 7.592847, "delta": 0.003989}}
{"target": -282.236216502989, "params": {"gamma": 2.777002394800293, "lr": 0.4150070363847951}, "datetime": {"datetime": "2024-06-13 19:12:02", "elapsed": 7.597835, "delta": 0.004988}}
{"target": -1164.4660214086566, "params": {"gamma": 7.250373833289235, "lr": 0.8948659340129544}, "datetime": {"datetime": "2024-06-13 19:12:02", "elapsed": 7.602821, "delta": 0.004986}}
{"target": -955.6151155329502, "params": {"gamma": 7.113399789936541, "lr": 0.7581322827790503}, "datetime": {"datetime": "2024-06-13 19:12:02", "elapsed": 7.60681, "delta": 0.003989}}
{"target": -874.5194836917975, "params": {"gamma": 8.83415311602575, "lr": 0.3669482381501168}, "datetime": {"datetime": "2024-06-13 19:12:02", "elapsed": 7.611797, "delta": 0.004987}}
{"target": -565.7799949583324, "params": {"gamma": 5.425906871529926, "lr": 0.5347699755827457}, "datetime": {"datetime": "2024-06-13 19:12:02", "elapsed": 7.616784, "delta": 0.004987}}
{"target": -1042.256400422067, "params": {"gamma": 6.4761782194627475, "lr": 0.8951838797241277}, "datetime": {"datetime": "2024-06-13 19:12:02", "elapsed": 7.620773, "delta": 0.003989}}
{"target": -988.1435490356306, "params": {"gamma": 6.00867393378521, "lr": 0.9699385377160038}, "datetime": {"datetime": "2024-06-13 19:12:02", "elapsed": 7.625759, "delta": 0.004986}}
{"target": -706.046858145112, "params": {"gamma": 7.3216234120977175, "lr": 0.41529149155458245}, "datetime": {"datetime": "2024-06-13 19:12:02", "elapsed": 7.630746, "delta": 0.004987}}
{"target": -956.4052465507996, "params": {"gamma": 5.81180346318073, "lr": 0.9223207824170438}, "datetime": {"datetime": "2024-06-13 19:12:02", "elapsed": 7.634735, "delta": 0.003989}}
{"target": -818.9340412515943, "params": {"gamma": 6.185385338885807, "lr": 0.709928603418362}, "datetime": {"datetime": "2024-06-13 19:12:02", "elapsed": 7.639722, "delta": 0.004987}}
{"target": -667.9431541225471, "params": {"gamma": 6.613259028912707, "lr": 0.33614643889956264}, "datetime": {"datetime": "2024-06-13 19:12:02", "elapsed": 7.643712, "delta": 0.00399}}
{"target": -217.4035078541501, "params": {"gamma": 2.0341452163718596, "lr": 0.4078129626004203}, "datetime": {"datetime": "2024-06-13 19:12:02", "elapsed": 7.648698, "delta": 0.004986}}
{"target": -249.96035456531473, "params": {"gamma": 1.5085472915112057, "lr": 0.8263335477210154}, "datetime": {"datetime": "2024-06-13 19:12:02", "elapsed": 7.653685, "delta": 0.004987}}
{"target": -685.6036418182595, "params": {"gamma": 7.104895674394641, "lr": 0.4010561894105159}, "datetime": {"datetime": "2024-06-13 19:12:02", "elapsed": 7.658671, "delta": 0.004986}}
{"target": -296.9906124747994, "params": {"gamma": 1.7146555781871196, "lr": 0.8757993398860495}, "datetime": {"datetime": "2024-06-13 19:12:02", "elapsed": 7.662661, "delta": 0.00399}}
{"target": -1049.8002755731807, "params": {"gamma": 6.3909999964742354, "lr": 0.9966028199815464}, "datetime": {"datetime": "2024-06-13 19:12:02", "elapsed": 7.667648, "delta": 0.004987}}
{"target": -161.51662474411734, "params": {"gamma": 1.0118777980878546, "lr": 0.24484835913226244}, "datetime": {"datetime": "2024-06-13 19:12:02", "elapsed": 7.672634, "delta": 0.004986}}
{"target": -162.16747172937167, "params": {"gamma": 0.8374656866964549, "lr": 0.7447417757596947}, "datetime": {"datetime": "2024-06-13 19:12:02", "elapsed": 7.676623, "delta": 0.003989}}
{"target": -280.27582841167464, "params": {"gamma": 1.5965935192609664, "lr": 0.8816595339350156}, "datetime": {"datetime": "2024-06-13 19:12:02", "elapsed": 7.68161, "delta": 0.004987}}
{"target": -515.4984581434836, "params": {"gamma": 4.915303785862436, "lr": 0.526169262668513}, "datetime": {"datetime": "2024-06-13 19:12:02", "elapsed": 7.686597, "delta": 0.004987}}
{"target": -130.05916242979825, "params": {"gamma": 0.42616036762125126, "lr": 0.614053635731627}, "datetime": {"datetime": "2024-06-13 19:12:02", "elapsed": 7.690586, "delta": 0.003989}}
{"target": -292.93460247172214, "params": {"gamma": 2.2769202761615777, "lr": 0.2135040893470156}, "datetime": {"datetime": "2024-06-13 19:12:02", "elapsed": 7.695572, "delta": 0.004986}}
{"target": -1402.128931046306, "params": {"gamma": 8.953290370672992, "lr": 0.8880133489969917}, "datetime": {"datetime": "2024-06-13 19:12:02", "elapsed": 7.699562, "delta": 0.00399}}
{"target": -141.0029841551872, "params": {"gamma": 0.05364657807886874, "lr": 0.832303959586102}, "datetime": {"datetime": "2024-06-13 19:12:02", "elapsed": 7.704549, "delta": 0.004987}}
{"target": -922.3128851047744, "params": {"gamma": 9.02308610135554, "lr": 0.5119476580924737}, "datetime": {"datetime": "2024-06-13 19:12:02", "elapsed": 7.708538, "delta": 0.003989}}
{"target": -883.0728677286015, "params": {"gamma": 6.56208200669582, "lr": 0.7677856839334473}, "datetime": {"datetime": "2024-06-13 19:12:02", "elapsed": 7.713525, "delta": 0.004987}}
{"target": -653.7194483120118, "params": {"gamma": 6.854714307550932, "lr": 0.45911641964267924}, "datetime": {"datetime": "2024-06-13 19:12:02", "elapsed": 7.718511, "delta": 0.004986}}
{"target": -628.0438633105267, "params": {"gamma": 5.7349488675951, "lr": 0.5740594317304389}, "datetime": {"datetime": "2024-06-13 19:12:02", "elapsed": 7.7225, "delta": 0.003989}}
{"target": -1030.1573178270492, "params": {"gamma": 8.421463069722522, "lr": 0.24044170761914385}, "datetime": {"datetime": "2024-06-13 19:12:02", "elapsed": 7.727488, "delta": 0.004988}}
{"target": -1085.5428066147936, "params": {"gamma": 7.572507436190774, "lr": 0.8123371097183338}, "datetime": {"datetime": "2024-06-13 19:12:02", "elapsed": 7.732474, "delta": 0.004986}}
{"target": -1141.572845721773, "params": {"gamma": 7.970526579088603, "lr": 0.8077078189919843}, "datetime": {"datetime": "2024-06-13 19:12:02", "elapsed": 7.736464, "delta": 0.00399}}
{"target": -797.719487409616, "params": {"gamma": 8.292970943843157, "lr": 0.4175157513022394}, "datetime": {"datetime": "2024-06-13 19:12:02", "elapsed": 7.74145, "delta": 0.004986}}
{"target": -832.7452467949801, "params": {"gamma": 6.179249469269826, "lr": 0.7552455161468585}, "datetime": {"datetime": "2024-06-13 19:12:02", "elapsed": 7.746437, "delta": 0.004987}}
{"target": -1260.6864854030803, "params": {"gamma": 7.697885927847493, "lr": 0.9586046229255358}, "datetime": {"datetime": "2024-06-13 19:12:02", "elapsed": 7.751424, "delta": 0.004987}}
{"target": -1003.0041603025415, "params": {"gamma": 9.750777680644457, "lr": 0.5647345919090407}, "datetime": {"datetime": "2024-06-13 19:12:02", "elapsed": 7.755413, "delta": 0.003989}}
{"target": -725.6232691966608, "params": {"gamma": 4.657924948350314, "lr": 0.8355253266864215}, "datetime": {"datetime": "2024-06-13 19:12:02", "elapsed": 7.760399, "delta": 0.004986}}
{"target": -317.80985655517543, "params": {"gamma": 2.2003892786426134, "lr": 0.7663980894608939}, "datetime": {"datetime": "2024-06-13 19:12:02", "elapsed": 7.764389, "delta": 0.00399}}
{"target": -236.82184296663374, "params": {"gamma": 1.920923979668611, "lr": 0.5916275659530674}, "datetime": {"datetime": "2024-06-13 19:12:02", "elapsed": 7.769376, "delta": 0.004987}}
{"target": -587.9547769552878, "params": {"gamma": 6.068707734799046, "lr": 0.44184380280217683}, "datetime": {"datetime": "2024-06-13 19:12:02", "elapsed": 7.774362, "delta": 0.004986}}
{"target": -884.8110789912339, "params": {"gamma": 8.645641977427168, "lr": 0.5434821861417696}, "datetime": {"datetime": "2024-06-13 19:12:02", "elapsed": 7.778354, "delta": 0.003992}}
{"target": -480.76588064980166, "params": {"gamma": 4.927804379534841, "lr": 0.4181256356700572}, "datetime": {"datetime": "2024-06-13 19:12:02", "elapsed": 7.783385, "delta": 0.005031}}
{"target": -123.0415133715857, "params": {"gamma": 0.6231896086801356, "lr": 0.3621494599268943}, "datetime": {"datetime": "2024-06-13 19:12:02", "elapsed": 7.787883, "delta": 0.004498}}
{"target": -150.76190649937038, "params": {"gamma": 0.9290607665831948, "lr": 0.5656384996760548}, "datetime": {"datetime": "2024-06-13 19:12:02", "elapsed": 7.79287, "delta": 0.004987}}
{"target": -862.4669640206024, "params": {"gamma": 6.4053758139443495, "lr": 0.7677822626181597}, "datetime": {"datetime": "2024-06-13 19:12:02", "elapsed": 7.796859, "delta": 0.003989}}
{"target": -866.2175606889958, "params": {"gamma": 6.325720028185084, "lr": 0.1870607551754626}, "datetime": {"datetime": "2024-06-13 19:12:02", "elapsed": 7.801846, "delta": 0.004987}}
{"target": -770.6395537630988, "params": {"gamma": 7.502689263840385, "lr": 0.5488594004307864}, "datetime": {"datetime": "2024-06-13 19:12:02", "elapsed": 7.806833, "delta": 0.004987}}
{"target": -244.43866063490708, "params": {"gamma": 1.0226014229845646, "lr": 0.024827029187908023}, "datetime": {"datetime": "2024-06-13 19:12:02", "elapsed": 7.810822, "delta": 0.003989}}
{"target": -408.4157520376732, "params": {"gamma": 2.988163177641064, "lr": 0.6900150292649251}, "datetime": {"datetime": "2024-06-13 19:12:02", "elapsed": 7.81581, "delta": 0.004988}}
{"target": -1523.8534796386812, "params": {"gamma": 9.327950716090912, "lr": 0.9664972006802195}, "datetime": {"datetime": "2024-06-13 19:12:02", "elapsed": 7.819798, "delta": 0.003988}}
{"target": -808.8493331178494, "params": {"gamma": 7.645716345257133, "lr": 0.2932491857068945}, "datetime": {"datetime": "2024-06-13 19:12:02", "elapsed": 7.824785, "delta": 0.004987}}
{"target": -764.114155290764, "params": {"gamma": 6.2210691836043965, "lr": 0.23109612753682562}, "datetime": {"datetime": "2024-06-13 19:12:02", "elapsed": 7.829771, "delta": 0.004986}}
{"target": -1052.1175241162261, "params": {"gamma": 7.507153026145066, "lr": 0.16586702947952792}, "datetime": {"datetime": "2024-06-13 19:12:02", "elapsed": 7.834337, "delta": 0.004566}}
{"target": -1187.7719037964464, "params": {"gamma": 7.564947384855503, "lr": 0.8685889989304815}, "datetime": {"datetime": "2024-06-13 19:12:02", "elapsed": 7.839324, "delta": 0.004987}}
{"target": -1016.3074191300855, "params": {"gamma": 5.195544029510985, "lr": 0.06563483825850425}, "datetime": {"datetime": "2024-06-13 19:12:02", "elapsed": 7.843313, "delta": 0.003989}}
{"target": -700.2550989772278, "params": {"gamma": 4.4894713154372115, "lr": 0.8378286113798175}, "datetime": {"datetime": "2024-06-13 19:12:02", "elapsed": 7.8483, "delta": 0.004987}}
{"target": -382.11543407346954, "params": {"gamma": 1.7983467816471097, "lr": 0.03855906126279496}, "datetime": {"datetime": "2024-06-13 19:12:02", "elapsed": 7.853286, "delta": 0.004986}}
{"target": -759.8657829764626, "params": {"gamma": 7.327203051217345, "lr": 0.5630407235733951}, "datetime": {"datetime": "2024-06-13 19:12:02", "elapsed": 7.857276, "delta": 0.00399}}
{"target": -143.76275012791191, "params": {"gamma": 0.42156420386587773, "lr": 0.9848852640583016}, "datetime": {"datetime": "2024-06-13 19:12:02", "elapsed": 7.862262, "delta": 0.004986}}
{"target": -623.718151872237, "params": {"gamma": 5.693754542449788, "lr": 0.585156672962654}, "datetime": {"datetime": "2024-06-13 19:12:02", "elapsed": 7.86725, "delta": 0.004988}}
{"target": -1266.9329928967118, "params": {"gamma": 7.899276512022575, "lr": 0.9026346706863088}, "datetime": {"datetime": "2024-06-13 19:12:02", "elapsed": 7.871238, "delta": 0.003988}}
{"target": -122.67018381511159, "params": {"gamma": 0.6084466125606112, "lr": 0.34851320938881547}, "datetime": {"datetime": "2024-06-13 19:12:02", "elapsed": 7.876234, "delta": 0.004996}}
{"target": -213.53013348773982, "params": {"gamma": 2.001718538820858, "lr": 0.4651515316549586}, "datetime": {"datetime": "2024-06-13 19:12:02", "elapsed": 7.880217, "delta": 0.003983}}
{"target": -226.40928376319755, "params": {"gamma": 0.9155879517141836, "lr": 0.06808577423972362}, "datetime": {"datetime": "2024-06-13 19:12:02", "elapsed": 7.885203, "delta": 0.004986}}
{"target": -497.89867003721406, "params": {"gamma": 3.009593441869708, "lr": 0.9043452577718513}, "datetime": {"datetime": "2024-06-13 19:12:02", "elapsed": 7.89019, "delta": 0.004987}}
{"target": -1303.8451104600774, "params": {"gamma": 9.755444236897075, "lr": 0.7637200317833946}, "datetime": {"datetime": "2024-06-13 19:12:02", "elapsed": 7.894179, "delta": 0.003989}}
{"target": -144.7013568187522, "params": {"gamma": 0.008408388692528457, "lr": 0.735215554236234}, "datetime": {"datetime": "2024-06-13 19:12:02", "elapsed": 7.899166, "delta": 0.004987}}
{"target": -134.56299910332723, "params": {"gamma": 0.22090310734026275, "lr": 0.16856568225506097}, "datetime": {"datetime": "2024-06-13 19:12:02", "elapsed": 7.903155, "delta": 0.003989}}
{"target": -137.12679166005753, "params": {"gamma": 0.10612956883701744, "lr": 0.1491269987672621}, "datetime": {"datetime": "2024-06-13 19:12:02", "elapsed": 7.908143, "delta": 0.004988}}
{"target": -907.6621724847668, "params": {"gamma": 6.87536774608507, "lr": 0.7020168753413566}, "datetime": {"datetime": "2024-06-13 19:12:02", "elapsed": 7.913129, "delta": 0.004986}}
{"target": -502.31110836920897, "params": {"gamma": 3.7114029888119466, "lr": 0.7311908242003646}, "datetime": {"datetime": "2024-06-13 19:12:02", "elapsed": 7.917118, "delta": 0.003989}}
{"target": -1209.8240921605477, "params": {"gamma": 8.47319475004096, "lr": 0.13035751444155008}, "datetime": {"datetime": "2024-06-13 19:12:02", "elapsed": 7.922105, "delta": 0.004987}}
{"target": -133.20919081346315, "params": {"gamma": 0.8749857543012785, "lr": 0.37192145651390274}, "datetime": {"datetime": "2024-06-13 19:12:02", "elapsed": 7.926094, "delta": 0.003989}}
{"target": -438.7151482206948, "params": {"gamma": 4.039432491874189, "lr": 0.27640421986037034}, "datetime": {"datetime": "2024-06-13 19:12:02", "elapsed": 7.931081, "delta": 0.004987}}
{"target": -797.4254622186802, "params": {"gamma": 7.5419276912585245, "lr": 0.32178620055239215}, "datetime": {"datetime": "2024-06-13 19:12:02", "elapsed": 7.936068, "delta": 0.004987}}
{"target": -1309.7196196590212, "params": {"gamma": 8.001642974863078, "lr": 0.9113083542736461}, "datetime": {"datetime": "2024-06-13 19:12:02", "elapsed": 7.940057, "delta": 0.003989}}
{"target": -499.90745018148664, "params": {"gamma": 5.131976926404618, "lr": 0.42942202968065213}, "datetime": {"datetime": "2024-06-13 19:12:02", "elapsed": 7.945043, "delta": 0.004986}}
{"target": -143.74229683533437, "params": {"gamma": 0.9168564269132811, "lr": 0.27367730380496647}, "datetime": {"datetime": "2024-06-13 19:12:02", "elapsed": 7.95003, "delta": 0.004987}}
