{"target": -601.1868735490689, "params": {"gamma": 6.212272679321877, "lr": 0.49500739584280073}, "datetime": {"datetime": "2024-06-13 19:54:40", "elapsed": 7.937094, "delta": 0.004986}}
{"target": -182.82500074958793, "params": {"gamma": 0.9446309868062094, "lr": 0.8993685313928761}, "datetime": {"datetime": "2024-06-13 19:54:40", "elapsed": 7.941083, "delta": 0.003989}}
{"target": -141.24320939126684, "params": {"gamma": 0.6786405537486796, "lr": 0.680702325466581}, "datetime": {"datetime": "2024-06-13 19:54:40", "elapsed": 7.94607, "delta": 0.004987}}
{"target": -1061.531427962065, "params": {"gamma": 9.720009401703859, "lr": 0.709373790820744}, "datetime": {"datetime": "2024-06-13 19:54:40", "elapsed": 7.950059, "delta": 0.003989}}
{"target": -654.4975968234911, "params": {"gamma": 3.2597612958632975, "lr": 0.07344016636799866}, "datetime": {"datetime": "2024-06-13 19:54:40", "elapsed": 7.955045, "delta": 0.004986}}
{"target": -680.1261363641464, "params": {"gamma": 5.797790733426387, "lr": 0.7335170182530933}, "datetime": {"datetime": "2024-06-13 19:54:40", "elapsed": 7.960032, "delta": 0.004987}}
{"target": -274.7013700237627, "params": {"gamma": 1.7569187206082415, "lr": 0.9997537973236718}, "datetime": {"datetime": "2024-06-13 19:55:13", "elapsed": 40.999425, "delta": 33.039393}}
{"target": -145.47120864217638, "params": {"gamma": 0.5377099991436616, "lr": 0.8480245360431088}, "datetime": {"datetime": "2024-06-13 19:55:42", "elapsed": 69.947588, "delta": 28.948163}}
{"target": -151.80995596776233, "params": {"gamma": 0.5924933855176809, "lr": 0.01018243214229364}, "datetime": {"datetime": "2024-06-13 19:55:59", "elapsed": 87.036076, "delta": 17.088488}}
{"target": -181.03172367588934, "params": {"gamma": 0.9254224820487047, "lr": 0.9872254773367676}, "datetime": {"datetime": "2024-06-13 19:56:34", "elapsed": 122.50298, "delta": 35.466904}}
{"target": -145.56090791758876, "params": {"gamma": 0.001, "lr": 0.0}, "datetime": {"datetime": "2024-06-13 19:56:49", "elapsed": 137.203079, "delta": 14.700099}}
{"target": -312.2923885214112, "params": {"gamma": 1.6384595202546723, "lr": 1.0}, "datetime": {"datetime": "2024-06-13 19:57:42", "elapsed": 190.432125, "delta": 53.229046}}
{"target": -145.67818973643463, "params": {"gamma": 0.7566224780753147, "lr": 0.7037182565458099}, "datetime": {"datetime": "2024-06-13 19:58:00", "elapsed": 208.156271, "delta": 17.724146}}
{"target": -137.50950565628486, "params": {"gamma": 0.6035947077067949, "lr": 0.6520322127134777}, "datetime": {"datetime": "2024-06-13 19:58:52", "elapsed": 260.317465, "delta": 52.161194}}
{"target": -617.9775618812915, "params": {"gamma": 5.532459911594318, "lr": 0.7020481994531945}, "datetime": {"datetime": "2024-06-13 19:59:02", "elapsed": 270.179936, "delta": 9.862471}}
{"target": -176.53690058765213, "params": {"gamma": 1.4853000029868202, "lr": 0.4066836824442297}, "datetime": {"datetime": "2024-06-13 19:59:11", "elapsed": 279.480586, "delta": 9.30065}}
{"target": -145.08200152001046, "params": {"gamma": 0.006212200245911262, "lr": 0.912321248744864}, "datetime": {"datetime": "2024-06-13 19:59:45", "elapsed": 313.682352, "delta": 34.201766}}
{"target": -145.56090791758876, "params": {"gamma": 0.7694530230403112, "lr": 0.0}, "datetime": {"datetime": "2024-06-13 20:00:15", "elapsed": 342.888456, "delta": 29.206104}}
{"target": -136.24120613071779, "params": {"gamma": 0.5197282012876859, "lr": 0.7280106516606782}, "datetime": {"datetime": "2024-06-13 20:00:39", "elapsed": 367.702788, "delta": 24.814332}}
{"target": -141.27270769438104, "params": {"gamma": 0.0647645031461862, "lr": 0.9389061346464994}, "datetime": {"datetime": "2024-06-13 20:01:01", "elapsed": 389.054464, "delta": 21.351676}}
{"target": -492.21141630088624, "params": {"gamma": 2.4350311014974215, "lr": 0.01597608186239774}, "datetime": {"datetime": "2024-06-13 20:01:17", "elapsed": 405.220325, "delta": 16.165861}}
{"target": -160.8062292204854, "params": {"gamma": 1.0196803607798977, "lr": 0.5404757821688545}, "datetime": {"datetime": "2024-06-13 20:02:00", "elapsed": 447.810228, "delta": 42.589903}}
{"target": -142.03724010498803, "params": {"gamma": 0.470955996742726, "lr": 0.8401229074231021}, "datetime": {"datetime": "2024-06-13 20:02:22", "elapsed": 470.077803, "delta": 22.267575}}
{"target": -145.56090791758876, "params": {"gamma": 0.3881914331475477, "lr": 0.0}, "datetime": {"datetime": "2024-06-13 20:03:17", "elapsed": 525.677302, "delta": 55.599499}}
{"target": -306.3318976634933, "params": {"gamma": 2.195616609602122, "lr": 0.832826239704753}, "datetime": {"datetime": "2024-06-13 20:03:26", "elapsed": 534.426676, "delta": 8.749374}}
{"target": -140.3142521590766, "params": {"gamma": 0.9099386137864919, "lr": 0.4976005204409306}, "datetime": {"datetime": "2024-06-13 20:03:46", "elapsed": 554.069176, "delta": 19.6425}}
{"target": -187.4685013572161, "params": {"gamma": 0.9895943716040896, "lr": 0.9927009550593597}, "datetime": {"datetime": "2024-06-13 20:04:15", "elapsed": 582.810945, "delta": 28.741769}}
{"target": -142.45418166983453, "params": {"gamma": 0.73871343454262, "lr": 0.6145985045526104}, "datetime": {"datetime": "2024-06-13 20:04:53", "elapsed": 621.159673, "delta": 38.348728}}
{"target": -145.36504001085595, "params": {"gamma": 0.001, "lr": 0.14398781870522198}, "datetime": {"datetime": "2024-06-13 20:05:08", "elapsed": 636.078561, "delta": 14.918888}}
{"target": -452.53431277714265, "params": {"gamma": 4.614963540072418, "lr": 0.487979895010642}, "datetime": {"datetime": "2024-06-13 20:05:17", "elapsed": 644.94841, "delta": 8.869849}}
{"target": -151.80543724230205, "params": {"gamma": 0.5886797226686779, "lr": 0.9959553673747277}, "datetime": {"datetime": "2024-06-13 20:05:50", "elapsed": 678.402986, "delta": 33.454576}}
