{"target": -246.65044916367904, "params": {"gamma": 5.5889624922088075, "prior": 2.626743526039231, "rate": 5.1791698014639245}, "datetime": {"datetime": "2024-06-14 05:06:52", "elapsed": 13.987236, "delta": 0.009973}}
{"target": -345.49324114181667, "params": {"gamma": 9.297580185091476, "prior": 1.9346601105112133, "rate": 7.342339864091912}, "datetime": {"datetime": "2024-06-14 05:06:52", "elapsed": 13.99721, "delta": 0.009974}}
{"target": -541.3399661770177, "params": {"gamma": 8.72195678460364, "prior": 6.72761646306554, "rate": 2.0377529908899317}, "datetime": {"datetime": "2024-06-14 05:06:52", "elapsed": 14.007183, "delta": 0.009973}}
{"target": -155.00270864533454, "params": {"gamma": 1.2925307977203897, "prior": 5.198826614589597, "rate": 1.3039515035572151}, "datetime": {"datetime": "2024-06-14 05:06:52", "elapsed": 14.017156, "delta": 0.009973}}
{"target": -464.6878524729224, "params": {"gamma": 8.257174308347446, "prior": 5.284080834265936, "rate": 2.9149454507613863}, "datetime": {"datetime": "2024-06-14 05:06:52", "elapsed": 14.026132, "delta": 0.008976}}
{"target": -245.67421922608094, "params": {"gamma": 5.681699207758667, "prior": 2.6803100664115536, "rate": 5.845117576613796}, "datetime": {"datetime": "2024-06-14 05:06:52", "elapsed": 14.036138, "delta": 0.010006}}
{"target": -144.24436228974722, "params": {"gamma": 2.32199215010331, "prior": 2.268615316993386, "rate": 5.185542309916678}, "datetime": {"datetime": "2024-06-14 05:06:52", "elapsed": 14.046079, "delta": 0.009941}}
{"target": -560.3027171736703, "params": {"gamma": 8.35432241661817, "prior": 6.483230627566245, "rate": 0.9428132212047013}, "datetime": {"datetime": "2024-06-14 05:06:52", "elapsed": 14.055598, "delta": 0.009519}}
{"target": -136.89361140105746, "params": {"gamma": 1.3415491851440944, "prior": 3.963975898564573, "rate": 3.1963273640149286}, "datetime": {"datetime": "2024-06-14 05:06:52", "elapsed": 14.065571, "delta": 0.009973}}
{"target": -642.3852475652859, "params": {"gamma": 8.912314797811076, "prior": 8.92378573099424, "rate": 0.2992111861366949}, "datetime": {"datetime": "2024-06-14 05:06:52", "elapsed": 14.075545, "delta": 0.009974}}
{"target": -169.55655450792563, "params": {"gamma": 2.1060088559719117, "prior": 3.9446918559051225, "rate": 1.7645710751045083}, "datetime": {"datetime": "2024-06-14 05:06:52", "elapsed": 14.086126, "delta": 0.010581}}
{"target": -342.2767217263512, "params": {"gamma": 9.186944713043502, "prior": 1.9770256796040655, "rate": 7.3401256292133965}, "datetime": {"datetime": "2024-06-14 05:06:52", "elapsed": 14.095101, "delta": 0.008975}}
{"target": -403.353033822532, "params": {"gamma": 9.569199419728829, "prior": 4.829408647933721, "rate": 8.142378714413438}, "datetime": {"datetime": "2024-06-14 05:06:52", "elapsed": 14.105651, "delta": 0.01055}}
{"target": -232.88312793846237, "params": {"gamma": 4.282765599393484, "prior": 8.153147623700525, "rate": 7.6172232645805815}, "datetime": {"datetime": "2024-06-14 05:06:52", "elapsed": 14.114628, "delta": 0.008977}}
{"target": -378.9074762120002, "params": {"gamma": 9.596076873702136, "prior": 3.432340065789796, "rate": 7.666177450236105}, "datetime": {"datetime": "2024-06-14 05:06:52", "elapsed": 14.124601, "delta": 0.009973}}
{"target": -448.14478433675555, "params": {"gamma": 9.216256420526488, "prior": 8.12663966088829, "rate": 8.143560581729513}, "datetime": {"datetime": "2024-06-14 05:06:52", "elapsed": 14.134574, "delta": 0.009973}}
{"target": -414.1501458341909, "params": {"gamma": 9.483034089579148, "prior": 2.9777607367995413, "rate": 4.402025448023279}, "datetime": {"datetime": "2024-06-14 05:06:52", "elapsed": 14.144548, "delta": 0.009974}}
{"target": -142.79262039789813, "params": {"gamma": 1.0614689514075122, "prior": 8.785093022870859, "rate": 3.4376495800562545}, "datetime": {"datetime": "2024-06-14 05:06:52", "elapsed": 14.153524, "delta": 0.008976}}
{"target": -385.48356346992426, "params": {"gamma": 9.052543557612724, "prior": 2.118189958793863, "rate": 3.49670854682447}, "datetime": {"datetime": "2024-06-14 05:06:52", "elapsed": 14.163527, "delta": 0.010003}}
{"target": -367.99473470392076, "params": {"gamma": 6.905103296395332, "prior": 9.234794588551267, "rate": 6.879772184061891}, "datetime": {"datetime": "2024-06-14 05:06:52", "elapsed": 14.17347, "delta": 0.009943}}
{"target": -169.88932959279066, "params": {"gamma": 3.4015950863695554, "prior": 0.49643025309015587, "rate": 3.3181754241303745}, "datetime": {"datetime": "2024-06-14 05:06:52", "elapsed": 14.183443, "delta": 0.009973}}
{"target": -239.39618881826908, "params": {"gamma": 4.762134435981242, "prior": 7.330961340576835, "rate": 8.936392304537144}, "datetime": {"datetime": "2024-06-14 05:06:52", "elapsed": 14.193417, "delta": 0.009974}}
{"target": -139.2754907278906, "params": {"gamma": 0.06408410135224346, "prior": 0.8596711762344525, "rate": 2.818623672892344}, "datetime": {"datetime": "2024-06-14 05:06:52", "elapsed": 14.202393, "delta": 0.008976}}
{"target": -289.72477233570044, "params": {"gamma": 5.356653678219738, "prior": 5.404277422789192, "rate": 4.25320952977812}, "datetime": {"datetime": "2024-06-14 05:06:52", "elapsed": 14.212366, "delta": 0.009973}}
{"target": -578.6161732354572, "params": {"gamma": 8.836490541785956, "prior": 7.300785245839415, "rate": 1.360477671934808}, "datetime": {"datetime": "2024-06-14 05:06:52", "elapsed": 14.22234, "delta": 0.009974}}
{"target": -166.9468694886008, "params": {"gamma": 2.3521283159904485, "prior": 5.10252796959535, "rate": 3.625823024683793}, "datetime": {"datetime": "2024-06-14 05:06:52", "elapsed": 14.232313, "delta": 0.009973}}
{"target": -326.70380740235737, "params": {"gamma": 8.086391818387844, "prior": 4.251421809439748, "rate": 9.41168440870445}, "datetime": {"datetime": "2024-06-14 05:06:52", "elapsed": 14.241289, "delta": 0.008976}}
{"target": -135.30819935547615, "params": {"gamma": 1.8253827869110664, "prior": 4.879596033761096, "rate": 8.942579468503189}, "datetime": {"datetime": "2024-06-14 05:06:52", "elapsed": 14.251262, "delta": 0.009973}}
{"target": -131.66524985560935, "params": {"gamma": 0.6582946776379386, "prior": 2.8643934665653927, "rate": 2.0285264812184285}, "datetime": {"datetime": "2024-06-14 05:06:52", "elapsed": 14.261236, "delta": 0.009974}}
{"target": -403.34109454932735, "params": {"gamma": 9.848142780102968, "prior": 4.737692189034398, "rate": 8.881823309179376}, "datetime": {"datetime": "2024-06-14 05:06:52", "elapsed": 14.271209, "delta": 0.009973}}
{"target": -325.7845534715203, "params": {"gamma": 8.539400167342631, "prior": 1.1292889740891987, "rate": 3.500085683547541}, "datetime": {"datetime": "2024-06-14 05:06:52", "elapsed": 14.281182, "delta": 0.009973}}
{"target": -252.18154760326397, "params": {"gamma": 4.967458463909608, "prior": 8.801060937259923, "rate": 9.818558826019503}, "datetime": {"datetime": "2024-06-14 05:06:52", "elapsed": 14.290158, "delta": 0.008976}}
{"target": -190.96874715010597, "params": {"gamma": 3.370152344242372, "prior": 7.8412910908400715, "rate": 8.587314644739731}, "datetime": {"datetime": "2024-06-14 05:06:52", "elapsed": 14.300132, "delta": 0.009974}}
{"target": -153.70253911866757, "params": {"gamma": 2.8132116645345953, "prior": 2.0693816102392013, "rate": 6.46649017792085}, "datetime": {"datetime": "2024-06-14 05:06:52", "elapsed": 14.310105, "delta": 0.009973}}
{"target": -232.12269014803704, "params": {"gamma": 5.641829191069348, "prior": 1.630298027663653, "rate": 7.421983140023526}, "datetime": {"datetime": "2024-06-14 05:06:52", "elapsed": 14.320078, "delta": 0.009973}}
{"target": -319.3991639942684, "params": {"gamma": 3.6015667876147712, "prior": 6.08627280178168, "rate": 0.06592323285271869}, "datetime": {"datetime": "2024-06-14 05:06:52", "elapsed": 14.330053, "delta": 0.009975}}
{"target": -350.32064626250866, "params": {"gamma": 5.905563148843087, "prior": 7.360917509441076, "rate": 3.457397702569941}, "datetime": {"datetime": "2024-06-14 05:06:52", "elapsed": 14.340025, "delta": 0.009972}}
{"target": -376.17938328875056, "params": {"gamma": 7.593538905555558, "prior": 4.327004199431187, "rate": 4.2325773823623205}, "datetime": {"datetime": "2024-06-14 05:06:52", "elapsed": 14.349001, "delta": 0.008976}}
{"target": -174.45190760056744, "params": {"gamma": 2.994227023324736, "prior": 7.436483296398663, "rate": 9.17093155390691}, "datetime": {"datetime": "2024-06-14 05:06:52", "elapsed": 14.358974, "delta": 0.009973}}
{"target": -246.1376122947189, "params": {"gamma": 4.431569286643207, "prior": 9.87114802409179, "rate": 7.995077879366126}, "datetime": {"datetime": "2024-06-14 05:06:52", "elapsed": 14.368948, "delta": 0.009974}}
{"target": -173.448722518847, "params": {"gamma": 3.1130412574876014, "prior": 2.407742452022888, "rate": 3.5900011043724316}, "datetime": {"datetime": "2024-06-14 05:06:52", "elapsed": 14.379234, "delta": 0.010286}}
{"target": -206.76577741835993, "params": {"gamma": 4.047288190987675, "prior": 5.009393075339859, "rate": 7.015635889608674}, "datetime": {"datetime": "2024-06-14 05:06:52", "elapsed": 14.389207, "delta": 0.009973}}
{"target": -324.1771336610043, "params": {"gamma": 8.410142349236114, "prior": 0.6848328152847544, "rate": 4.531267048059634}, "datetime": {"datetime": "2024-06-14 05:06:52", "elapsed": 14.39918, "delta": 0.009973}}
{"target": -217.60686589472115, "params": {"gamma": 4.276131343403098, "prior": 4.29792090355555, "rate": 5.637207208839824}, "datetime": {"datetime": "2024-06-14 05:06:52", "elapsed": 14.409154, "delta": 0.009974}}
{"target": -357.60711735794166, "params": {"gamma": 9.3980782998847, "prior": 3.3701820193455276, "rate": 9.489732453291571}, "datetime": {"datetime": "2024-06-14 05:06:52", "elapsed": 14.418159, "delta": 0.009005}}
{"target": -156.71751020419967, "params": {"gamma": 2.4595966948386168, "prior": 5.529209774430184, "rate": 7.134294959360631}, "datetime": {"datetime": "2024-06-14 05:06:52", "elapsed": 14.428103, "delta": 0.009944}}
{"target": -406.20250073393044, "params": {"gamma": 8.806336338229208, "prior": 7.838817028821818, "rate": 9.657646828616505}, "datetime": {"datetime": "2024-06-14 05:06:52", "elapsed": 14.438076, "delta": 0.009973}}
{"target": -302.5096705903751, "params": {"gamma": 5.511879884156932, "prior": 9.063720741650819, "rate": 6.547188885206358}, "datetime": {"datetime": "2024-06-14 05:06:52", "elapsed": 14.44805, "delta": 0.009974}}
{"target": -130.43970920664796, "params": {"gamma": 1.6909319518823145, "prior": 0.4035410799066549, "rate": 7.608044237084763}, "datetime": {"datetime": "2024-06-14 05:06:52", "elapsed": 14.458023, "delta": 0.009973}}
{"target": -415.8880473952331, "params": {"gamma": 6.776523100769331, "prior": 2.9543033032339645, "rate": 1.061060113331068}, "datetime": {"datetime": "2024-06-14 05:06:52", "elapsed": 14.466999, "delta": 0.008976}}
{"target": -367.7744813501143, "params": {"gamma": 6.894912753981151, "prior": 7.519579902429176, "rate": 5.583261815945312}, "datetime": {"datetime": "2024-06-14 05:06:52", "elapsed": 14.476972, "delta": 0.009973}}
{"target": -279.82828244401423, "params": {"gamma": 6.6527083965787845, "prior": 4.10020372138982, "rate": 8.661009108350234}, "datetime": {"datetime": "2024-06-14 05:06:52", "elapsed": 14.486946, "delta": 0.009974}}
{"target": -285.24606690800226, "params": {"gamma": 5.3244804162311095, "prior": 8.95890809663211, "rate": 7.397355841077811}, "datetime": {"datetime": "2024-06-14 05:06:52", "elapsed": 14.49692, "delta": 0.009974}}
{"target": -257.4630290213001, "params": {"gamma": 5.229495878098283, "prior": 7.224605596526511, "rate": 8.867573377717738}, "datetime": {"datetime": "2024-06-14 05:06:52", "elapsed": 14.506893, "delta": 0.009973}}
{"target": -137.09384666963933, "params": {"gamma": 1.9459183399439965, "prior": 4.355070012521711, "rate": 8.593650736304962}, "datetime": {"datetime": "2024-06-14 05:06:52", "elapsed": 14.516866, "delta": 0.009973}}
{"target": -127.98632517601801, "params": {"gamma": 0.30593315470351806, "prior": 1.417513603339808, "rate": 4.0540634531511355}, "datetime": {"datetime": "2024-06-14 05:06:52", "elapsed": 14.525842, "delta": 0.008976}}
{"target": -127.15522224144941, "params": {"gamma": 1.1244776218587826, "prior": 7.288904924237335, "rate": 9.74812518591709}, "datetime": {"datetime": "2024-06-14 05:06:52", "elapsed": 14.535816, "delta": 0.009974}}
{"target": -346.94817710540934, "params": {"gamma": 4.891176585226112, "prior": 9.606648176679078, "rate": 1.3585554114606393}, "datetime": {"datetime": "2024-06-14 05:06:52", "elapsed": 14.546787, "delta": 0.010971}}
{"target": -322.5048608138505, "params": {"gamma": 7.004733804599716, "prior": 5.8702973117927115, "rate": 7.917543891275795}, "datetime": {"datetime": "2024-06-14 05:06:52", "elapsed": 14.55676, "delta": 0.009973}}
{"target": -324.6962328157399, "params": {"gamma": 5.377468422835572, "prior": 9.80093869090961, "rate": 4.397088163352406}, "datetime": {"datetime": "2024-06-14 05:06:52", "elapsed": 14.566735, "delta": 0.009975}}
{"target": -550.5100066259944, "params": {"gamma": 9.502773262661462, "prior": 9.190957370002844, "rate": 4.2392728592820275}, "datetime": {"datetime": "2024-06-14 05:06:52", "elapsed": 14.576706, "delta": 0.009971}}
{"target": -201.30411122052627, "params": {"gamma": 4.105808538326242, "prior": 0.2974759465557887, "rate": 4.485492635920682}, "datetime": {"datetime": "2024-06-14 05:06:52", "elapsed": 14.58668, "delta": 0.009974}}
{"target": -152.30630804627754, "params": {"gamma": 1.9949007104567833, "prior": 3.4256637772910272, "rate": 2.8258754102309727}, "datetime": {"datetime": "2024-06-14 05:06:52", "elapsed": 14.596653, "delta": 0.009973}}
{"target": -310.42917795148594, "params": {"gamma": 6.702309477116513, "prior": 4.457718385964588, "rate": 6.002889962165791}, "datetime": {"datetime": "2024-06-14 05:06:52", "elapsed": 14.606626, "delta": 0.009973}}
{"target": -450.18486101770793, "params": {"gamma": 8.435340806411245, "prior": 8.344442848168343, "rate": 5.855987869562886}, "datetime": {"datetime": "2024-06-14 05:06:52", "elapsed": 14.615602, "delta": 0.008976}}
{"target": -311.24979932654475, "params": {"gamma": 4.405923932616606, "prior": 4.064061545938616, "rate": 0.7122002336399037}, "datetime": {"datetime": "2024-06-14 05:06:52", "elapsed": 14.625575, "delta": 0.009973}}
{"target": -282.86666856035396, "params": {"gamma": 4.674352425274426, "prior": 4.090123873148685, "rate": 2.0161053969500373}, "datetime": {"datetime": "2024-06-14 05:06:52", "elapsed": 14.635548, "delta": 0.009973}}
{"target": -361.32588142443035, "params": {"gamma": 8.027446895117734, "prior": 7.011664981432901, "rate": 9.754105729983317}, "datetime": {"datetime": "2024-06-14 05:06:53", "elapsed": 14.645522, "delta": 0.009974}}
{"target": -204.6662253010784, "params": {"gamma": 3.8557726961887338, "prior": 4.227583085286738, "rate": 5.197829460123607}, "datetime": {"datetime": "2024-06-14 05:06:53", "elapsed": 14.655495, "delta": 0.009973}}
{"target": -184.7541430905865, "params": {"gamma": 3.5335312774873016, "prior": 5.497942769513592, "rate": 8.897635664817782}, "datetime": {"datetime": "2024-06-14 05:06:53", "elapsed": 14.665469, "delta": 0.009974}}
{"target": -283.1741671367046, "params": {"gamma": 7.305463347346481, "prior": 2.144468303025567, "rate": 8.001728642806308}, "datetime": {"datetime": "2024-06-14 05:06:53", "elapsed": 14.675442, "delta": 0.009973}}
{"target": -476.39568349144827, "params": {"gamma": 7.953285322327399, "prior": 8.011000507978151, "rate": 3.168709736973412}, "datetime": {"datetime": "2024-06-14 05:06:53", "elapsed": 14.684418, "delta": 0.008976}}
{"target": -412.3160233282589, "params": {"gamma": 6.129902255734795, "prior": 6.557680721273064, "rate": 1.203129814105274}, "datetime": {"datetime": "2024-06-14 05:06:53", "elapsed": 14.694391, "delta": 0.009973}}
{"target": -380.47381033728345, "params": {"gamma": 9.1868342285534, "prior": 3.7445441578197576, "rate": 6.884078859625151}, "datetime": {"datetime": "2024-06-14 05:06:53", "elapsed": 14.704365, "delta": 0.009974}}
{"target": -413.3802084654562, "params": {"gamma": 9.283455455258283, "prior": 6.781234415399158, "rate": 9.38483564986149}, "datetime": {"datetime": "2024-06-14 05:06:53", "elapsed": 14.714339, "delta": 0.009974}}
{"target": -272.9637865764533, "params": {"gamma": 6.991377462572233, "prior": 1.7914931567760517, "rate": 7.289326185240949}, "datetime": {"datetime": "2024-06-14 05:06:53", "elapsed": 14.724311, "delta": 0.009972}}
{"target": -191.56790859560502, "params": {"gamma": 4.05779575275768, "prior": 3.2538756044600095, "rate": 7.806682064739028}, "datetime": {"datetime": "2024-06-14 05:06:53", "elapsed": 14.733287, "delta": 0.008976}}
{"target": -513.6147817364846, "params": {"gamma": 7.905100864498175, "prior": 9.495216479998318, "rate": 2.032649766796406}, "datetime": {"datetime": "2024-06-14 05:06:53", "elapsed": 14.74326, "delta": 0.009973}}
{"target": -298.6100879107003, "params": {"gamma": 5.32711064694857, "prior": 7.744012340448712, "rate": 5.163972338729523}, "datetime": {"datetime": "2024-06-14 05:06:53", "elapsed": 14.753234, "delta": 0.009974}}
{"target": -159.45148919243567, "params": {"gamma": 2.2886357530249133, "prior": 9.95337388401892, "rate": 8.893309115794231}, "datetime": {"datetime": "2024-06-14 05:06:53", "elapsed": 14.763207, "delta": 0.009973}}
{"target": -265.18696409943334, "params": {"gamma": 5.77185622802849, "prior": 5.426673287750362, "rate": 8.39992120466477}, "datetime": {"datetime": "2024-06-14 05:06:53", "elapsed": 14.77318, "delta": 0.009973}}
{"target": -517.3356567865517, "params": {"gamma": 9.146425179600218, "prior": 8.213895021249606, "rate": 4.3286649457508}, "datetime": {"datetime": "2024-06-14 05:06:53", "elapsed": 14.782157, "delta": 0.008977}}
{"target": -340.1304697914446, "params": {"gamma": 8.556375691660442, "prior": 2.333492784740386, "rate": 5.405620154121501}, "datetime": {"datetime": "2024-06-14 05:06:53", "elapsed": 14.79213, "delta": 0.009973}}
{"target": -182.15600131186306, "params": {"gamma": 3.1521877359098176, "prior": 1.2843815076826866, "rate": 1.455974015579314}, "datetime": {"datetime": "2024-06-14 05:06:53", "elapsed": 14.802103, "delta": 0.009973}}
{"target": -351.41936714843433, "params": {"gamma": 9.366111572060866, "prior": 2.0304250356307176, "rate": 6.499451382283563}, "datetime": {"datetime": "2024-06-14 05:06:53", "elapsed": 14.812077, "delta": 0.009974}}
{"target": -195.60686208821366, "params": {"gamma": 2.391972458242885, "prior": 5.302148770050018, "rate": 1.307211406941315}, "datetime": {"datetime": "2024-06-14 05:06:53", "elapsed": 14.82205, "delta": 0.009973}}
{"target": -163.52629526150324, "params": {"gamma": 2.89611392001835, "prior": 4.065192847476347, "rate": 7.067081063453817}, "datetime": {"datetime": "2024-06-14 05:06:53", "elapsed": 14.832023, "delta": 0.009973}}
{"target": -384.29095759641746, "params": {"gamma": 9.0107982835773, "prior": 4.342913606645138, "rate": 7.138505863828612}, "datetime": {"datetime": "2024-06-14 05:06:53", "elapsed": 14.841996, "delta": 0.009973}}
{"target": -122.5245118623584, "params": {"gamma": 1.391725519034242, "prior": 1.0956932372792056, "rate": 4.481647794143768}, "datetime": {"datetime": "2024-06-14 05:06:53", "elapsed": 14.850972, "delta": 0.008976}}
{"target": -293.9108844786041, "params": {"gamma": 7.605301828565939, "prior": 2.392991312329407, "rate": 8.09151910411932}, "datetime": {"datetime": "2024-06-14 05:06:53", "elapsed": 14.860946, "delta": 0.009974}}
{"target": -145.70483146289948, "params": {"gamma": 2.5248249478764953, "prior": 0.9296321465117505, "rate": 5.130493139683857}, "datetime": {"datetime": "2024-06-14 05:06:53", "elapsed": 14.870919, "delta": 0.009973}}
{"target": -142.98165960551785, "params": {"gamma": 0.010777103781384231, "prior": 7.110319091630252, "rate": 7.390853426863938}, "datetime": {"datetime": "2024-06-14 05:06:53", "elapsed": 14.880893, "delta": 0.009974}}
{"target": -509.7445897658485, "params": {"gamma": 9.73322264344219, "prior": 6.6653296080007065, "rate": 4.942673042576449}, "datetime": {"datetime": "2024-06-14 05:06:53", "elapsed": 14.890866, "delta": 0.009973}}
{"target": -143.07321630272494, "params": {"gamma": 0.7371595478477164, "prior": 5.389520768514386, "rate": 1.4191621099841882}, "datetime": {"datetime": "2024-06-14 05:06:53", "elapsed": 14.900839, "delta": 0.009973}}
{"target": -486.1952069652964, "params": {"gamma": 8.024085235114102, "prior": 5.803873620313776, "rate": 2.1299294622685796}, "datetime": {"datetime": "2024-06-14 05:06:53", "elapsed": 14.910813, "delta": 0.009974}}
{"target": -298.2317826484934, "params": {"gamma": 7.070844731569463, "prior": 3.3967839214683155, "rate": 6.691313025057773}, "datetime": {"datetime": "2024-06-14 05:06:53", "elapsed": 14.919788, "delta": 0.008975}}
{"target": -299.63575020460144, "params": {"gamma": 7.795731330379866, "prior": 0.9571035750915102, "rate": 5.107053969244893}, "datetime": {"datetime": "2024-06-14 05:06:53", "elapsed": 14.929762, "delta": 0.009974}}
{"target": -139.32645856463233, "params": {"gamma": 1.0376399462769927, "prior": 6.5296689069268, "rate": 3.155663327191296}, "datetime": {"datetime": "2024-06-14 05:06:53", "elapsed": 14.94024, "delta": 0.010478}}
{"target": -282.0106882929826, "params": {"gamma": 6.435368403054906, "prior": 0.5806824424773391, "rate": 8.67009697380327}, "datetime": {"datetime": "2024-06-14 05:06:53", "elapsed": 14.949506, "delta": 0.009266}}
{"target": -314.3511964647703, "params": {"gamma": 4.78211439086565, "prior": 7.956176567412768, "rate": 2.267143144700332}, "datetime": {"datetime": "2024-06-14 05:06:53", "elapsed": 14.959478, "delta": 0.009972}}
{"target": -189.70631627625846, "params": {"gamma": 3.3504024487870745, "prior": 7.661371739793161, "rate": 8.534375742625368}, "datetime": {"datetime": "2024-06-14 05:06:53", "elapsed": 14.96945, "delta": 0.009972}}
