{"target": -529.6158982597804, "params": {"p_ai": 8.577528406499894, "p_al": 6.455998518326055, "p_ex": 1.1538189613747907, "prior": 2.081766002579473, "rate": 7.455237809150899}, "datetime": {"datetime": "2024-06-13 03:30:51", "elapsed": 52.877571, "delta": 0.109713}}
{"target": -352.51045331068974, "params": {"p_ai": 4.034662876713395, "p_al": 4.84521613942412, "p_ex": 8.874663325649202, "prior": 1.3752980526926846, "rate": 9.64376360106379}, "datetime": {"datetime": "2024-06-13 03:30:52", "elapsed": 52.985284, "delta": 0.107713}}
{"target": -152.4453042199626, "params": {"p_ai": 0.4272541882840023, "p_al": 0.9953031322915933, "p_ex": 2.2331610709734946, "prior": 8.06604423752288, "rate": 4.559272200887655}, "datetime": {"datetime": "2024-06-13 03:30:52", "elapsed": 53.093993, "delta": 0.108709}}
{"target": -390.8866071600646, "params": {"p_ai": 6.5328581714709335, "p_al": 1.7440370540608525, "p_ex": 1.668052607332356, "prior": 5.208962557197339, "rate": 7.403196059166937}, "datetime": {"datetime": "2024-06-13 03:30:52", "elapsed": 53.201707, "delta": 0.107714}}
{"target": -366.9701317414224, "params": {"p_ai": 4.62528217768507, "p_al": 8.696271237126007, "p_ex": 6.604458934771733, "prior": 2.4916517944308763, "rate": 2.3497873058002465}, "datetime": {"datetime": "2024-06-13 03:30:52", "elapsed": 53.309422, "delta": 0.107715}}
{"target": -222.79365557427076, "params": {"p_ai": 3.741093121953829, "p_al": 7.566403946905877, "p_ex": 9.379438705433513, "prior": 8.61919808718901, "rate": 2.6168463160365345}, "datetime": {"datetime": "2024-06-13 03:30:52", "elapsed": 53.417335, "delta": 0.107913}}
{"target": -302.0126460434383, "params": {"p_ai": 4.12337700085772, "p_al": 6.115829450403766, "p_ex": 5.468797723702268, "prior": 3.893360179144248, "rate": 1.0151063480358857}, "datetime": {"datetime": "2024-06-13 03:30:52", "elapsed": 53.526044, "delta": 0.108709}}
{"target": -383.65809555516273, "params": {"p_ai": 7.122735799168159, "p_al": 0.8822635040904132, "p_ex": 8.660908216307822, "prior": 8.634620954886014, "rate": 7.084799464362212}, "datetime": {"datetime": "2024-06-13 03:30:52", "elapsed": 53.642872, "delta": 0.116828}}
{"target": -315.41132552825997, "params": {"p_ai": 4.864759313503054, "p_al": 6.991766507563753, "p_ex": 3.950475613957549, "prior": 7.975162346949194, "rate": 7.864384405716199}, "datetime": {"datetime": "2024-06-13 03:30:52", "elapsed": 53.754617, "delta": 0.111745}}
{"target": -189.8764890622518, "params": {"p_ai": 1.5561303101523432, "p_al": 3.1788576859556272, "p_ex": 3.4404877846831172, "prior": 3.6423388162366046, "rate": 5.6668889213223}, "datetime": {"datetime": "2024-06-13 03:30:52", "elapsed": 53.863297, "delta": 0.10868}}
{"target": -176.28528407173658, "params": {"p_ai": 0.4178327377603575, "p_al": 6.600037219920028, "p_ex": 2.0171159588072864, "prior": 4.165209099174909, "rate": 4.5094756723505}, "datetime": {"datetime": "2024-06-13 03:30:53", "elapsed": 53.972006, "delta": 0.108709}}
{"target": -296.8529868743909, "params": {"p_ai": 3.4879189687069116, "p_al": 3.8334198209699974, "p_ex": 1.8038803024167458, "prior": 0.68223244388335, "rate": 5.513015232709581}, "datetime": {"datetime": "2024-06-13 03:30:53", "elapsed": 54.079719, "delta": 0.107713}}
{"target": -370.32896829810545, "params": {"p_ai": 5.959073589220895, "p_al": 1.4558523924278663, "p_ex": 2.310186141512919, "prior": 2.864484938242287, "rate": 8.307682917677353}, "datetime": {"datetime": "2024-06-13 03:30:53", "elapsed": 54.187459, "delta": 0.10774}}
{"target": -194.21239051795237, "params": {"p_ai": 1.535055990682961, "p_al": 5.521835936727261, "p_ex": 5.681829037204232, "prior": 3.434857510993614, "rate": 3.5068212758802293}, "datetime": {"datetime": "2024-06-13 03:30:53", "elapsed": 54.295142, "delta": 0.107683}}
{"target": -537.7429054176581, "params": {"p_ai": 9.591161063174503, "p_al": 5.533886150645748, "p_ex": 6.527659277808647, "prior": 4.907910424327689, "rate": 6.466853166736234}, "datetime": {"datetime": "2024-06-13 03:30:53", "elapsed": 54.40306, "delta": 0.107918}}
{"target": -350.14520453441577, "params": {"p_ai": 6.052902604285114, "p_al": 1.452587755908036, "p_ex": 3.3474706483130476, "prior": 4.604879500595876, "rate": 1.2790887944022422}, "datetime": {"datetime": "2024-06-13 03:30:53", "elapsed": 54.510773, "delta": 0.107713}}
{"target": -235.9874999303588, "params": {"p_ai": 3.6313701627213772, "p_al": 2.2821882012949293, "p_ex": 8.47517852010175, "prior": 3.4153993261329654, "rate": 2.268666417341983}, "datetime": {"datetime": "2024-06-13 03:30:53", "elapsed": 54.618129, "delta": 0.107356}}
{"target": -340.5030546985254, "params": {"p_ai": 4.08240584711997, "p_al": 6.830957412174848, "p_ex": 0.657154367615287, "prior": 1.8081114068162947, "rate": 6.943375082298363}, "datetime": {"datetime": "2024-06-13 03:30:53", "elapsed": 54.728094, "delta": 0.109965}}
{"target": -505.4692721811478, "params": {"p_ai": 7.522813791436128, "p_al": 6.177925041821069, "p_ex": 8.792106406805418, "prior": 1.6888331005858586, "rate": 7.0357737742820845}, "datetime": {"datetime": "2024-06-13 03:30:53", "elapsed": 54.837209, "delta": 0.109115}}
{"target": -505.5664946720788, "params": {"p_ai": 9.172684330641006, "p_al": 1.508245851371479, "p_ex": 2.4383960099844155, "prior": 5.467299036335953, "rate": 3.441849250422999}, "datetime": {"datetime": "2024-06-13 03:30:53", "elapsed": 54.944921, "delta": 0.107712}}
{"target": -404.35359016981096, "params": {"p_ai": 6.90670016874316, "p_al": 0.5766186166326498, "p_ex": 1.6084806590922747, "prior": 7.162666826489736, "rate": 9.706216365641005}, "datetime": {"datetime": "2024-06-13 03:30:54", "elapsed": 55.053137, "delta": 0.108216}}
{"target": -811.2315789454907, "params": {"p_ai": 9.295574214746894, "p_al": 9.010768867234715, "p_ex": 1.2783053957220292, "prior": 1.4601432517979631, "rate": 0.7235753033919117}, "datetime": {"datetime": "2024-06-13 03:30:54", "elapsed": 55.162396, "delta": 0.109259}}
{"target": -339.7094658684491, "params": {"p_ai": 5.425859791214765, "p_al": 8.824979242850812, "p_ex": 5.318387208768819, "prior": 7.817371138674004, "rate": 1.8853494153257044}, "datetime": {"datetime": "2024-06-13 03:30:54", "elapsed": 55.273099, "delta": 0.110703}}
{"target": -495.4125016344973, "params": {"p_ai": 8.631249490403183, "p_al": 1.8750602824827893, "p_ex": 0.548586496539166, "prior": 4.215488613270554, "rate": 5.551489195654376}, "datetime": {"datetime": "2024-06-13 03:30:54", "elapsed": 55.381428, "delta": 0.108329}}
{"target": -549.6181049644152, "params": {"p_ai": 9.707449353204424, "p_al": 0.9184465805784736, "p_ex": 2.7399070142023203, "prior": 1.0519655837514126, "rate": 3.9050059277394262}, "datetime": {"datetime": "2024-06-13 03:30:54", "elapsed": 55.512661, "delta": 0.131233}}
{"target": -227.01007280913987, "params": {"p_ai": 2.890821820794509, "p_al": 5.133490194329599, "p_ex": 3.483218560825719, "prior": 9.28235195448276, "rate": 7.8996880160340215}, "datetime": {"datetime": "2024-06-13 03:30:54", "elapsed": 55.627049, "delta": 0.114388}}
{"target": -511.62728221408037, "params": {"p_ai": 8.610252674771141, "p_al": 1.2958799584830156, "p_ex": 5.751126599720151, "prior": 2.1486105763127026, "rate": 8.682517475837448}, "datetime": {"datetime": "2024-06-13 03:30:54", "elapsed": 55.737929, "delta": 0.11088}}
{"target": -148.66664755164382, "params": {"p_ai": 0.15117919811248737, "p_al": 1.0583364070853916, "p_ex": 3.761194698397609, "prior": 4.021536967025843, "rate": 2.7729236097038474}, "datetime": {"datetime": "2024-06-13 03:30:54", "elapsed": 55.84952, "delta": 0.111591}}
{"target": -156.70396600949175, "params": {"p_ai": 0.9615339246006319, "p_al": 1.1881853207208233, "p_ex": 3.1801295937194918, "prior": 9.507977547943128, "rate": 2.0748582416284203}, "datetime": {"datetime": "2024-06-13 03:30:55", "elapsed": 55.972192, "delta": 0.122672}}
{"target": -605.9986967866581, "params": {"p_ai": 7.473055930271166, "p_al": 2.5826284514108324, "p_ex": 0.37336531585223737, "prior": 0.16150603946145364, "rate": 1.5279066058805837}, "datetime": {"datetime": "2024-06-13 03:30:55", "elapsed": 56.081899, "delta": 0.109707}}
{"target": -325.35925702389835, "params": {"p_ai": 4.621379845784425, "p_al": 7.559255074280514, "p_ex": 7.2884205045195944, "prior": 3.524542035387884, "rate": 4.7919136483503735}, "datetime": {"datetime": "2024-06-13 03:30:55", "elapsed": 56.204572, "delta": 0.122673}}
{"target": -1468.151486434559, "params": {"p_ai": 8.140923460003277, "p_al": 8.384190660883412, "p_ex": 3.1998470874794367, "prior": 0.043645919052664246, "rate": 0.4702615014191002}, "datetime": {"datetime": "2024-06-13 03:30:55", "elapsed": 56.313281, "delta": 0.108709}}
{"target": -457.3342552693325, "params": {"p_ai": 7.378335968662237, "p_al": 2.7270501784440078, "p_ex": 4.815376636054336, "prior": 1.9211206290454117, "rate": 8.471282047905861}, "datetime": {"datetime": "2024-06-13 03:30:55", "elapsed": 56.42113, "delta": 0.107849}}
{"target": -350.6318297091556, "params": {"p_ai": 5.034272718755895, "p_al": 5.272074597046892, "p_ex": 2.881507801269463, "prior": 5.120480307408566, "rate": 0.020634490179817777}, "datetime": {"datetime": "2024-06-13 03:30:55", "elapsed": 56.528842, "delta": 0.107712}}
{"target": -260.9977274510074, "params": {"p_ai": 2.7736731083917574, "p_al": 3.488281072400821, "p_ex": 2.8402249120040706, "prior": 0.8604363235466009, "rate": 5.2182903111313514}, "datetime": {"datetime": "2024-06-13 03:30:55", "elapsed": 56.636822, "delta": 0.10798}}
{"target": -471.8435441688002, "params": {"p_ai": 7.885002854601779, "p_al": 9.426041757646109, "p_ex": 4.973400631374519, "prior": 5.93794482969608, "rate": 2.9093085181668954}, "datetime": {"datetime": "2024-06-13 03:30:55", "elapsed": 56.744534, "delta": 0.107712}}
{"target": -154.61029247974406, "params": {"p_ai": 1.492445929692968, "p_al": 1.3195850355936822, "p_ex": 7.323875397919708, "prior": 7.344959884063995, "rate": 1.7943208163497153}, "datetime": {"datetime": "2024-06-13 03:30:55", "elapsed": 56.853133, "delta": 0.108599}}
{"target": -297.2373545809891, "params": {"p_ai": 4.136190237378143, "p_al": 5.941849134587504, "p_ex": 1.2536941799153012, "prior": 7.85390412973879, "rate": 6.20030204099907}, "datetime": {"datetime": "2024-06-13 03:30:55", "elapsed": 56.962839, "delta": 0.109706}}
{"target": -383.56008929124926, "params": {"p_ai": 6.152601693393037, "p_al": 7.012379711094405, "p_ex": 9.871843637581678, "prior": 5.624382165115826, "rate": 8.644298200721781}, "datetime": {"datetime": "2024-06-13 03:30:56", "elapsed": 57.075048, "delta": 0.112209}}
{"target": -250.88874064751062, "params": {"p_ai": 4.187668041896602, "p_al": 6.545039042923117, "p_ex": 9.252686617399803, "prior": 6.64184400562511, "rate": 3.031503678754719}, "datetime": {"datetime": "2024-06-13 03:30:56", "elapsed": 57.186256, "delta": 0.111208}}
{"target": -369.1166887889966, "params": {"p_ai": 6.199836992922438, "p_al": 3.5138318852615673, "p_ex": 3.224344384669061, "prior": 6.102440382404956, "rate": 1.6040719966518822}, "datetime": {"datetime": "2024-06-13 03:30:56", "elapsed": 57.306937, "delta": 0.120681}}
{"target": -395.51992592277895, "params": {"p_ai": 4.867902618641776, "p_al": 9.456397215578926, "p_ex": 3.839758505543401, "prior": 1.8904369698648686, "rate": 4.688920657472168}, "datetime": {"datetime": "2024-06-13 03:30:56", "elapsed": 57.418944, "delta": 0.112007}}
{"target": -725.2232516817194, "params": {"p_ai": 8.409237406703872, "p_al": 8.426834558227732, "p_ex": 8.278204591352763, "prior": 0.11574365054552785, "rate": 2.6711360589730235}, "datetime": {"datetime": "2024-06-13 03:30:56", "elapsed": 57.530646, "delta": 0.111702}}
{"target": -511.15746756800644, "params": {"p_ai": 9.99875799995505, "p_al": 1.1977130886476726, "p_ex": 4.901404871380246, "prior": 7.900471479876251, "rate": 1.223016887028468}, "datetime": {"datetime": "2024-06-13 03:30:56", "elapsed": 57.641236, "delta": 0.11059}}
{"target": -402.7455984229477, "params": {"p_ai": 6.624429397731788, "p_al": 4.881316374767721, "p_ex": 1.9437055308797813, "prior": 8.786421635800622, "rate": 1.8156924881797458}, "datetime": {"datetime": "2024-06-13 03:30:56", "elapsed": 57.753937, "delta": 0.112701}}
{"target": -384.79119451623103, "params": {"p_ai": 6.390889540088459, "p_al": 7.4085279551010945, "p_ex": 5.6271661930456895, "prior": 6.288786844403314, "rate": 1.1905350008234223}, "datetime": {"datetime": "2024-06-13 03:30:56", "elapsed": 57.866144, "delta": 0.112207}}
{"target": -242.464293231144, "params": {"p_ai": 3.0810618335582585, "p_al": 5.870035110089563, "p_ex": 3.955241699358807, "prior": 6.639796868246575, "rate": 8.519694493398179}, "datetime": {"datetime": "2024-06-13 03:30:57", "elapsed": 57.982832, "delta": 0.116688}}
{"target": -197.79290350792934, "params": {"p_ai": 1.903030671032523, "p_al": 9.032823736002479, "p_ex": 3.8323753284605018, "prior": 9.431300182951817, "rate": 6.174205747936627}, "datetime": {"datetime": "2024-06-13 03:30:57", "elapsed": 58.09553, "delta": 0.112698}}
{"target": -471.62366034066224, "params": {"p_ai": 7.901165115937855, "p_al": 5.148239508303887, "p_ex": 5.311915799238696, "prior": 3.276611393760953, "rate": 1.2945177075663274}, "datetime": {"datetime": "2024-06-13 03:30:57", "elapsed": 58.206694, "delta": 0.111164}}
{"target": -296.8190719058359, "params": {"p_ai": 3.8388352966923764, "p_al": 2.1505498314359848, "p_ex": 0.32961969356328386, "prior": 2.7495934114227696, "rate": 1.8065799506159026}, "datetime": {"datetime": "2024-06-13 03:30:57", "elapsed": 58.318395, "delta": 0.111701}}
{"target": -490.0940219633666, "params": {"p_ai": 8.75542762006619, "p_al": 0.8132843877516185, "p_ex": 1.8397720952197505, "prior": 7.040602924667807, "rate": 9.192339684311714}, "datetime": {"datetime": "2024-06-13 03:30:57", "elapsed": 58.430283, "delta": 0.111888}}
{"target": -175.41649354791082, "params": {"p_ai": 2.515333063867109, "p_al": 0.21399001348235436, "p_ex": 9.605084223078242, "prior": 6.8225241840990325, "rate": 3.107316297942495}, "datetime": {"datetime": "2024-06-13 03:30:57", "elapsed": 58.540988, "delta": 0.110705}}
{"target": -304.56401534900834, "params": {"p_ai": 4.724262048710183, "p_al": 5.992959482913756, "p_ex": 3.7393118520813564, "prior": 8.74500347841515, "rate": 7.261999710487967}, "datetime": {"datetime": "2024-06-13 03:30:57", "elapsed": 58.649303, "delta": 0.108315}}
{"target": -527.2413466740816, "params": {"p_ai": 9.543452705537488, "p_al": 3.5113041629592687, "p_ex": 9.37180371312909, "prior": 4.791526641683215, "rate": 6.423584063846066}, "datetime": {"datetime": "2024-06-13 03:30:57", "elapsed": 58.758012, "delta": 0.108709}}
{"target": -450.41012125567147, "params": {"p_ai": 7.36673540034412, "p_al": 8.093570352087795, "p_ex": 3.963197413459656, "prior": 4.480011839169197, "rate": 8.172952984101395}, "datetime": {"datetime": "2024-06-13 03:30:57", "elapsed": 58.865724, "delta": 0.107712}}
{"target": -511.2004577404246, "params": {"p_ai": 7.175854473706459, "p_al": 9.408551244537064, "p_ex": 9.795999116306994, "prior": 1.7899544503221003, "rate": 2.2799661987157394}, "datetime": {"datetime": "2024-06-13 03:30:58", "elapsed": 58.972767, "delta": 0.107043}}
{"target": -396.81066620863453, "params": {"p_ai": 7.16014848634319, "p_al": 7.474079963807781, "p_ex": 6.032192362771022, "prior": 8.773120342450891, "rate": 2.5206526306452743}, "datetime": {"datetime": "2024-06-13 03:30:58", "elapsed": 59.080935, "delta": 0.108168}}
{"target": -256.71622122542675, "params": {"p_ai": 3.3955344555736273, "p_al": 4.946973834220983, "p_ex": 3.150955862596707, "prior": 5.454845454328703, "rate": 6.8250983149001465}, "datetime": {"datetime": "2024-06-13 03:30:58", "elapsed": 59.189142, "delta": 0.108207}}
{"target": -192.2030809905965, "params": {"p_ai": 2.2044486446357947, "p_al": 4.853889202229838, "p_ex": 9.929820595017146, "prior": 3.242288870509168, "rate": 0.35458383299364826}, "datetime": {"datetime": "2024-06-13 03:30:58", "elapsed": 59.297826, "delta": 0.108684}}
{"target": -487.53178683339917, "params": {"p_ai": 8.173699941110849, "p_al": 5.033564529213024, "p_ex": 0.5287857773295865, "prior": 8.903159967215188, "rate": 4.045739285423598}, "datetime": {"datetime": "2024-06-13 03:30:58", "elapsed": 59.405617, "delta": 0.107791}}
{"target": -561.7111820432867, "params": {"p_ai": 9.292802548221829, "p_al": 4.0213796598318154, "p_ex": 0.7692460154620339, "prior": 2.4537661400558073, "rate": 3.503254796566321}, "datetime": {"datetime": "2024-06-13 03:30:58", "elapsed": 59.512334, "delta": 0.106717}}
{"target": -415.52031060837925, "params": {"p_ai": 7.507532195259897, "p_al": 1.8482967753404873, "p_ex": 4.310305563605018, "prior": 8.732580952739871, "rate": 5.338077152636459}, "datetime": {"datetime": "2024-06-13 03:30:58", "elapsed": 59.620046, "delta": 0.107712}}
{"target": -158.70532108918565, "params": {"p_ai": 1.0324440427708175, "p_al": 0.24620034805926763, "p_ex": 7.058392201809326, "prior": 9.791295782091213, "rate": 7.851867464260117}, "datetime": {"datetime": "2024-06-13 03:30:58", "elapsed": 59.729093, "delta": 0.109047}}
{"target": -613.5065031498757, "params": {"p_ai": 7.647497242257331, "p_al": 6.754799709264521, "p_ex": 7.9552316002763535, "prior": 0.40113783894076427, "rate": 2.647551635536823}, "datetime": {"datetime": "2024-06-13 03:30:58", "elapsed": 59.836808, "delta": 0.107715}}
{"target": -479.7335157251579, "params": {"p_ai": 6.9542799621795535, "p_al": 8.670016307747831, "p_ex": 6.746394111296426, "prior": 1.7635850037063328, "rate": 9.363148290996985}, "datetime": {"datetime": "2024-06-13 03:30:58", "elapsed": 59.94552, "delta": 0.108712}}
{"target": -509.17943225845335, "params": {"p_ai": 9.033883622408418, "p_al": 0.8677009826349238, "p_ex": 1.9308073757049558, "prior": 2.7526551130746566, "rate": 7.384380294175464}, "datetime": {"datetime": "2024-06-13 03:30:59", "elapsed": 60.05274, "delta": 0.10722}}
{"target": -534.0486935008546, "params": {"p_ai": 8.59387390968027, "p_al": 5.7836455521280605, "p_ex": 1.9972560609459706, "prior": 4.151483786326004, "rate": 1.3794541434408072}, "datetime": {"datetime": "2024-06-13 03:30:59", "elapsed": 60.160957, "delta": 0.108217}}
{"target": -547.4741413177917, "params": {"p_ai": 9.174044472397386, "p_al": 7.645544873164326, "p_ex": 5.10262812422697, "prior": 4.536296856665209, "rate": 0.9793229413773535}, "datetime": {"datetime": "2024-06-13 03:30:59", "elapsed": 60.269966, "delta": 0.109009}}
{"target": -203.36059713566792, "params": {"p_ai": 3.1874348876469725, "p_al": 1.2072073207786072, "p_ex": 7.823598295559239, "prior": 5.44929218305527, "rate": 2.2735465367701733}, "datetime": {"datetime": "2024-06-13 03:30:59", "elapsed": 60.37724, "delta": 0.107274}}
{"target": -206.09615250749954, "params": {"p_ai": 2.242804189720107, "p_al": 2.6047215769603396, "p_ex": 3.0894186504102437, "prior": 3.8776636126823174, "rate": 2.9761917748399953}, "datetime": {"datetime": "2024-06-13 03:30:59", "elapsed": 60.48605, "delta": 0.10881}}
{"target": -394.4036766059012, "params": {"p_ai": 6.795879389436971, "p_al": 0.351701119431484, "p_ex": 3.2817750389987497, "prior": 7.4531734367072975, "rate": 9.428137042767773}, "datetime": {"datetime": "2024-06-13 03:30:59", "elapsed": 60.595757, "delta": 0.109707}}
{"target": -473.7095073163127, "params": {"p_ai": 8.027522769025355, "p_al": 2.4090212695059683, "p_ex": 2.329921768369933, "prior": 1.904177610377174, "rate": 8.825092851051235}, "datetime": {"datetime": "2024-06-13 03:30:59", "elapsed": 60.707542, "delta": 0.111785}}
{"target": -308.9154460646769, "params": {"p_ai": 2.3793190167249576, "p_al": 7.582048053507862, "p_ex": 2.611236264315461, "prior": 0.3317853522317488, "rate": 7.334743552987591}, "datetime": {"datetime": "2024-06-13 03:30:59", "elapsed": 60.819243, "delta": 0.111701}}
{"target": -397.670459603319, "params": {"p_ai": 7.262291896142214, "p_al": 0.8905021504995737, "p_ex": 3.2676858780380864, "prior": 9.483704536600037, "rate": 1.6303270368232625}, "datetime": {"datetime": "2024-06-13 03:30:59", "elapsed": 60.929948, "delta": 0.110705}}
{"target": -224.30293832531638, "params": {"p_ai": 0.8676380540564483, "p_al": 5.946444277228148, "p_ex": 9.309967663594373, "prior": 1.3386492991231709, "rate": 5.130609924306518}, "datetime": {"datetime": "2024-06-13 03:31:00", "elapsed": 61.06359, "delta": 0.133642}}
{"target": -415.8396969014803, "params": {"p_ai": 6.84030814195546, "p_al": 1.7191257663086643, "p_ex": 0.11358767502840258, "prior": 8.876943621666769, "rate": 0.3532774752629418}, "datetime": {"datetime": "2024-06-13 03:31:00", "elapsed": 61.182273, "delta": 0.118683}}
{"target": -326.4169015077043, "params": {"p_ai": 2.575325379792938, "p_al": 6.5171886333749445, "p_ex": 2.8585435506242662, "prior": 0.09806625815159087, "rate": 5.754942892815359}, "datetime": {"datetime": "2024-06-13 03:31:00", "elapsed": 61.29597, "delta": 0.113697}}
{"target": -286.90009271817917, "params": {"p_ai": 3.078614991068771, "p_al": 1.5159891044593792, "p_ex": 9.712861834014069, "prior": 1.6505577067216257, "rate": 7.272627175991628}, "datetime": {"datetime": "2024-06-13 03:31:00", "elapsed": 61.407548, "delta": 0.111578}}
{"target": -699.8127134463637, "params": {"p_ai": 8.907351190743636, "p_al": 8.587292442153725, "p_ex": 1.8433864145173096, "prior": 2.3688485284086984, "rate": 0.1846080023892216}, "datetime": {"datetime": "2024-06-13 03:31:00", "elapsed": 61.519656, "delta": 0.112108}}
{"target": -722.6420219929655, "params": {"p_ai": 9.314123267181278, "p_al": 8.871324645396406, "p_ex": 5.95506622352646, "prior": 1.0945671874130298, "rate": 1.736252925778173}, "datetime": {"datetime": "2024-06-13 03:31:00", "elapsed": 61.630363, "delta": 0.110707}}
{"target": -375.4138905650375, "params": {"p_ai": 5.770026748955153, "p_al": 2.5173180780279494, "p_ex": 3.0024181605272484, "prior": 1.7107025020812408, "rate": 1.8967275990085757}, "datetime": {"datetime": "2024-06-13 03:31:00", "elapsed": 61.744999, "delta": 0.114636}}
