{"target": -676.4079566852952, "params": {"gamma": 6.334974881523022, "lr": 0.2777127324734242}, "datetime": {"datetime": "2024-06-13 19:11:58", "elapsed": 3.848693, "delta": 0.003989}}
{"target": -819.7364577944907, "params": {"gamma": 8.272176051067923, "lr": 0.3645234475558883}, "datetime": {"datetime": "2024-06-13 19:11:58", "elapsed": 3.852682, "delta": 0.003989}}
{"target": -1000.6972246114999, "params": {"gamma": 7.3339275785938725, "lr": 0.1924178904137388}, "datetime": {"datetime": "2024-06-13 19:11:58", "elapsed": 3.856672, "delta": 0.00399}}
{"target": -698.3641224061959, "params": {"gamma": 4.814977529509854, "lr": 0.8035946264310272}, "datetime": {"datetime": "2024-06-13 19:11:58", "elapsed": 3.859664, "delta": 0.002992}}
{"target": -568.6270682463831, "params": {"gamma": 3.9704851285120673, "lr": 0.16157403985608987}, "datetime": {"datetime": "2024-06-13 19:11:58", "elapsed": 3.863653, "delta": 0.003989}}
{"target": -873.6164769272174, "params": {"gamma": 6.490173244263826, "lr": 0.7533258058943924}, "datetime": {"datetime": "2024-06-13 19:11:58", "elapsed": 3.867643, "delta": 0.00399}}
{"target": -282.10388455201485, "params": {"gamma": 2.8026461610955637, "lr": 0.45136186123240163}, "datetime": {"datetime": "2024-06-13 19:11:58", "elapsed": 3.872629, "delta": 0.004986}}
{"target": -1410.0510757391005, "params": {"gamma": 9.004588674948266, "lr": 0.8719856311909184}, "datetime": {"datetime": "2024-06-13 19:11:58", "elapsed": 3.875628, "delta": 0.002999}}
{"target": -768.6816153673082, "params": {"gamma": 7.0721689102320395, "lr": 0.5909005994904067}, "datetime": {"datetime": "2024-06-13 19:11:58", "elapsed": 3.879613, "delta": 0.003985}}
{"target": -1310.321279238859, "params": {"gamma": 8.174005321700859, "lr": 0.907644646099839}, "datetime": {"datetime": "2024-06-13 19:11:58", "elapsed": 3.883603, "delta": 0.00399}}
{"target": -142.5918174556149, "params": {"gamma": 0.026073089119563617, "lr": 0.39722776623376177}, "datetime": {"datetime": "2024-06-13 19:11:58", "elapsed": 3.887592, "delta": 0.003989}}
{"target": -744.7156571044901, "params": {"gamma": 5.614535427501098, "lr": 0.7339231362848766}, "datetime": {"datetime": "2024-06-13 19:11:58", "elapsed": 3.891581, "delta": 0.003989}}
{"target": -133.5785939439118, "params": {"gamma": 0.8756401490882502, "lr": 0.3997549876808645}, "datetime": {"datetime": "2024-06-13 19:11:58", "elapsed": 3.895571, "delta": 0.00399}}
{"target": -284.0227645703226, "params": {"gamma": 2.796932173319039, "lr": 0.42351005310518297}, "datetime": {"datetime": "2024-06-13 19:11:58", "elapsed": 3.89956, "delta": 0.003989}}
{"target": -547.1792151090825, "params": {"gamma": 4.980288348100211, "lr": 0.660015223526051}, "datetime": {"datetime": "2024-06-13 19:11:58", "elapsed": 3.90355, "delta": 0.00399}}
{"target": -545.3714579771334, "params": {"gamma": 4.962865153563822, "lr": 0.6204682006051905}, "datetime": {"datetime": "2024-06-13 19:11:58", "elapsed": 3.907539, "delta": 0.003989}}
{"target": -565.0023470632694, "params": {"gamma": 5.824816179030337, "lr": 0.42833239803885637}, "datetime": {"datetime": "2024-06-13 19:11:58", "elapsed": 3.911528, "delta": 0.003989}}
{"target": -141.75009493112992, "params": {"gamma": 0.050758670747942644, "lr": 0.19451641385960183}, "datetime": {"datetime": "2024-06-13 19:11:58", "elapsed": 3.916515, "delta": 0.004987}}
{"target": -464.5583413189759, "params": {"gamma": 3.2027463362086017, "lr": 0.1469781258549313}, "datetime": {"datetime": "2024-06-13 19:11:58", "elapsed": 3.920504, "delta": 0.003989}}
{"target": -652.2748659409824, "params": {"gamma": 5.987040152182751, "lr": 0.6114994766596024}, "datetime": {"datetime": "2024-06-13 19:11:58", "elapsed": 3.924493, "delta": 0.003989}}
{"target": -535.1551283296541, "params": {"gamma": 5.001432502709699, "lr": 0.32084890160086454}, "datetime": {"datetime": "2024-06-13 19:11:58", "elapsed": 3.928483, "delta": 0.00399}}
{"target": -893.8486095200753, "params": {"gamma": 6.53292726219252, "lr": 0.19028348267904371}, "datetime": {"datetime": "2024-06-13 19:11:58", "elapsed": 3.932473, "delta": 0.00399}}
{"target": -140.0936159071161, "params": {"gamma": 0.05980393346483768, "lr": 0.7349420186839615}, "datetime": {"datetime": "2024-06-13 19:11:58", "elapsed": 3.936462, "delta": 0.003989}}
{"target": -590.269678716941, "params": {"gamma": 4.435594915197448, "lr": 0.6978416560498484}, "datetime": {"datetime": "2024-06-13 19:11:58", "elapsed": 3.94045, "delta": 0.003988}}
{"target": -391.7481602188667, "params": {"gamma": 1.851248453020123, "lr": 0.06261980198391548}, "datetime": {"datetime": "2024-06-13 19:11:58", "elapsed": 3.94444, "delta": 0.00399}}
{"target": -507.7049035813292, "params": {"gamma": 3.78170775924343, "lr": 0.695996510445494}, "datetime": {"datetime": "2024-06-13 19:11:58", "elapsed": 3.948429, "delta": 0.003989}}
{"target": -183.20461696404, "params": {"gamma": 1.0290808561757039, "lr": 0.19583423367499242}, "datetime": {"datetime": "2024-06-13 19:11:58", "elapsed": 3.952419, "delta": 0.00399}}
{"target": -501.39936116224266, "params": {"gamma": 4.540072551414793, "lr": 0.6211491896936461}, "datetime": {"datetime": "2024-06-13 19:11:58", "elapsed": 3.956408, "delta": 0.003989}}
{"target": -1262.8458573248422, "params": {"gamma": 7.501492356441782, "lr": 0.1097350212856566}, "datetime": {"datetime": "2024-06-13 19:11:58", "elapsed": 3.960397, "delta": 0.003989}}
{"target": -622.36600302002, "params": {"gamma": 6.246611447949256, "lr": 0.3873605221444808}, "datetime": {"datetime": "2024-06-13 19:11:58", "elapsed": 3.964387, "delta": 0.00399}}
{"target": -798.4387671993774, "params": {"gamma": 6.701233597109323, "lr": 0.2035603776619016}, "datetime": {"datetime": "2024-06-13 19:11:58", "elapsed": 3.968376, "delta": 0.003989}}
{"target": -769.0647147094412, "params": {"gamma": 5.2796600565097815, "lr": 0.1721625549559327}, "datetime": {"datetime": "2024-06-13 19:11:58", "elapsed": 3.972365, "delta": 0.003989}}
{"target": -129.5259806694206, "params": {"gamma": 0.18779137895775708, "lr": 0.4869502464239571}, "datetime": {"datetime": "2024-06-13 19:11:58", "elapsed": 3.976361, "delta": 0.003996}}
{"target": -229.3416528997772, "params": {"gamma": 1.8425935878323698, "lr": 0.6383433300033875}, "datetime": {"datetime": "2024-06-13 19:11:58", "elapsed": 3.980346, "delta": 0.003985}}
{"target": -726.0363996019909, "params": {"gamma": 5.366211618584989, "lr": 0.7749453799977457}, "datetime": {"datetime": "2024-06-13 19:11:58", "elapsed": 3.984336, "delta": 0.00399}}
{"target": -653.8468896264708, "params": {"gamma": 3.930206066439398, "lr": 0.9894521308362529}, "datetime": {"datetime": "2024-06-13 19:11:58", "elapsed": 3.988325, "delta": 0.003989}}
{"target": -496.01093215835226, "params": {"gamma": 5.152631746924576, "lr": 0.47882340118547173}, "datetime": {"datetime": "2024-06-13 19:11:58", "elapsed": 3.991317, "delta": 0.002992}}
{"target": -813.176502660063, "params": {"gamma": 7.494675265050945, "lr": 0.5726882932924154}, "datetime": {"datetime": "2024-06-13 19:11:58", "elapsed": 3.995306, "delta": 0.003989}}
{"target": -355.85590254703175, "params": {"gamma": 3.625290707682954, "lr": 0.48924478546014216}, "datetime": {"datetime": "2024-06-13 19:11:58", "elapsed": 3.999295, "delta": 0.003989}}
{"target": -208.02121697125736, "params": {"gamma": 1.8921946110135588, "lr": 0.39358341429686194}, "datetime": {"datetime": "2024-06-13 19:11:58", "elapsed": 4.004283, "delta": 0.004988}}
{"target": -124.68346205791148, "params": {"gamma": 0.30058756348796134, "lr": 0.46252906034220287}, "datetime": {"datetime": "2024-06-13 19:11:58", "elapsed": 4.008272, "delta": 0.003989}}
{"target": -305.20258282491295, "params": {"gamma": 2.7454666539229047, "lr": 0.5267158603586157}, "datetime": {"datetime": "2024-06-13 19:11:58", "elapsed": 4.012261, "delta": 0.003989}}
{"target": -129.9772483760994, "params": {"gamma": 0.2936919419097222, "lr": 0.5550867665221745}, "datetime": {"datetime": "2024-06-13 19:11:58", "elapsed": 4.016251, "delta": 0.00399}}
{"target": -336.6423791817647, "params": {"gamma": 2.9306858383999437, "lr": 0.5774906810135474}, "datetime": {"datetime": "2024-06-13 19:11:58", "elapsed": 4.02024, "delta": 0.003989}}
{"target": -706.6451840877729, "params": {"gamma": 7.327965762760406, "lr": 0.44033782679643774}, "datetime": {"datetime": "2024-06-13 19:11:58", "elapsed": 4.024229, "delta": 0.003989}}
{"target": -813.7597034678834, "params": {"gamma": 6.6319050719967745, "lr": 0.23890995487021205}, "datetime": {"datetime": "2024-06-13 19:11:58", "elapsed": 4.028218, "delta": 0.003989}}
{"target": -1219.4247750806437, "params": {"gamma": 9.985992286776213, "lr": 0.24287852161976753}, "datetime": {"datetime": "2024-06-13 19:11:58", "elapsed": 4.032207, "delta": 0.003989}}
{"target": -1110.9630756205522, "params": {"gamma": 9.408343315400867, "lr": 0.21721975039101793}, "datetime": {"datetime": "2024-06-13 19:11:58", "elapsed": 4.036229, "delta": 0.004022}}
{"target": -725.8832613365954, "params": {"gamma": 4.97614628166607, "lr": 0.8211769648927358}, "datetime": {"datetime": "2024-06-13 19:11:58", "elapsed": 4.040215, "delta": 0.003986}}
{"target": -945.0851733923116, "params": {"gamma": 7.166163879900548, "lr": 0.705580412120669}, "datetime": {"datetime": "2024-06-13 19:11:58", "elapsed": 4.044176, "delta": 0.003961}}
{"target": -600.3582696135995, "params": {"gamma": 4.4049651591972045, "lr": 0.7541750254551594}, "datetime": {"datetime": "2024-06-13 19:11:58", "elapsed": 4.048165, "delta": 0.003989}}
{"target": -883.3322495656291, "params": {"gamma": 9.199615816571573, "lr": 0.4413517453158379}, "datetime": {"datetime": "2024-06-13 19:11:58", "elapsed": 4.052154, "delta": 0.003989}}
{"target": -1032.2342071355345, "params": {"gamma": 5.2801268760628535, "lr": 0.06603558401663734}, "datetime": {"datetime": "2024-06-13 19:11:58", "elapsed": 4.056144, "delta": 0.00399}}
{"target": -381.6208974049583, "params": {"gamma": 3.9083399636332565, "lr": 0.4672385663332459}, "datetime": {"datetime": "2024-06-13 19:11:58", "elapsed": 4.060134, "delta": 0.00399}}
{"target": -1500.6264014272574, "params": {"gamma": 8.951481970324929, "lr": 0.11055744025544123}, "datetime": {"datetime": "2024-06-13 19:11:58", "elapsed": 4.064122, "delta": 0.003988}}
{"target": -751.6879171111218, "params": {"gamma": 7.311644894386467, "lr": 0.5454711685487195}, "datetime": {"datetime": "2024-06-13 19:11:58", "elapsed": 4.068112, "delta": 0.00399}}
{"target": -1180.2184542388072, "params": {"gamma": 6.0657477697349185, "lr": 0.029782944129560285}, "datetime": {"datetime": "2024-06-13 19:11:58", "elapsed": 4.072101, "delta": 0.003989}}
{"target": -185.2686583912017, "params": {"gamma": 1.4683270502280348, "lr": 0.28398322546618515}, "datetime": {"datetime": "2024-06-13 19:11:58", "elapsed": 4.07609, "delta": 0.003989}}
{"target": -141.00978481386815, "params": {"gamma": 0.04971560748810713, "lr": 0.6691577977971368}, "datetime": {"datetime": "2024-06-13 19:11:58", "elapsed": 4.08008, "delta": 0.00399}}
{"target": -889.7874576455042, "params": {"gamma": 8.70270923127706, "lr": 0.5469683092712408}, "datetime": {"datetime": "2024-06-13 19:11:58", "elapsed": 4.08407, "delta": 0.00399}}
{"target": -594.296738678775, "params": {"gamma": 5.432097311144519, "lr": 0.6157259286130373}, "datetime": {"datetime": "2024-06-13 19:11:58", "elapsed": 4.088059, "delta": 0.003989}}
{"target": -310.92452326713624, "params": {"gamma": 3.022512822657626, "lr": 0.3667319816609417}, "datetime": {"datetime": "2024-06-13 19:11:58", "elapsed": 4.091834, "delta": 0.003775}}
{"target": -829.328325095867, "params": {"gamma": 5.749822333050388, "lr": 0.8092165837173445}, "datetime": {"datetime": "2024-06-13 19:11:58", "elapsed": 4.095819, "delta": 0.003985}}
{"target": -234.14871492604954, "params": {"gamma": 2.016764747447303, "lr": 0.32752405584828914}, "datetime": {"datetime": "2024-06-13 19:11:58", "elapsed": 4.099809, "delta": 0.00399}}
{"target": -748.7138807391685, "params": {"gamma": 7.429469582646582, "lr": 0.3409202491323421}, "datetime": {"datetime": "2024-06-13 19:11:58", "elapsed": 4.104796, "delta": 0.004987}}
{"target": -138.51257009362118, "params": {"gamma": 0.4770616761368438, "lr": 0.15635692867625162}, "datetime": {"datetime": "2024-06-13 19:11:58", "elapsed": 4.108785, "delta": 0.003989}}
{"target": -208.4385826547323, "params": {"gamma": 1.9394547317358086, "lr": 0.4951123625611782}, "datetime": {"datetime": "2024-06-13 19:11:58", "elapsed": 4.112774, "delta": 0.003989}}
{"target": -1000.5735187730028, "params": {"gamma": 6.351614485952291, "lr": 0.880219977218583}, "datetime": {"datetime": "2024-06-13 19:11:58", "elapsed": 4.116764, "delta": 0.00399}}
{"target": -950.8623404316539, "params": {"gamma": 9.025463027666028, "lr": 0.307160768485095}, "datetime": {"datetime": "2024-06-13 19:11:58", "elapsed": 4.120753, "delta": 0.003989}}
{"target": -800.9841191900945, "params": {"gamma": 7.534047351182733, "lr": 0.2824280305589726}, "datetime": {"datetime": "2024-06-13 19:11:58", "elapsed": 4.124742, "delta": 0.003989}}
{"target": -400.97416897351775, "params": {"gamma": 3.686400120782994, "lr": 0.2927265620931302}, "datetime": {"datetime": "2024-06-13 19:11:58", "elapsed": 4.128731, "delta": 0.003989}}
{"target": -503.2602501414086, "params": {"gamma": 4.137493671254815, "lr": 0.21471569566838056}, "datetime": {"datetime": "2024-06-13 19:11:58", "elapsed": 4.132721, "delta": 0.00399}}
{"target": -507.04033546800133, "params": {"gamma": 3.1905410786954205, "lr": 0.12191981389008766}, "datetime": {"datetime": "2024-06-13 19:11:58", "elapsed": 4.13671, "delta": 0.003989}}
{"target": -982.6551075504734, "params": {"gamma": 9.63021937771575, "lr": 0.5039830093987828}, "datetime": {"datetime": "2024-06-13 19:11:58", "elapsed": 4.1407, "delta": 0.00399}}
{"target": -1208.535974173289, "params": {"gamma": 9.23108372520405, "lr": 0.7461601407734211}, "datetime": {"datetime": "2024-06-13 19:11:58", "elapsed": 4.144689, "delta": 0.003989}}
{"target": -622.8753022868821, "params": {"gamma": 4.577595171516512, "lr": 0.7546222253081317}, "datetime": {"datetime": "2024-06-13 19:11:58", "elapsed": 4.148678, "delta": 0.003989}}
{"target": -667.0820610928249, "params": {"gamma": 6.280602762990652, "lr": 0.30375843415186865}, "datetime": {"datetime": "2024-06-13 19:11:58", "elapsed": 4.152667, "delta": 0.003989}}
{"target": -694.6519867752132, "params": {"gamma": 5.217071474819306, "lr": 0.7123121956474292}, "datetime": {"datetime": "2024-06-13 19:11:58", "elapsed": 4.156657, "delta": 0.00399}}
{"target": -614.1786300776225, "params": {"gamma": 3.0538300009516193, "lr": 0.012522836886473265}, "datetime": {"datetime": "2024-06-13 19:11:58", "elapsed": 4.160646, "delta": 0.003989}}
{"target": -378.3872016377337, "params": {"gamma": 2.6833600285302275, "lr": 0.7967454755900841}, "datetime": {"datetime": "2024-06-13 19:11:58", "elapsed": 4.164635, "delta": 0.003989}}
{"target": -999.5022361829771, "params": {"gamma": 9.300000896546049, "lr": 0.6253311549032551}, "datetime": {"datetime": "2024-06-13 19:11:58", "elapsed": 4.168625, "delta": 0.00399}}
{"target": -214.0101476718212, "params": {"gamma": 1.3289420383195298, "lr": 0.7575703592474212}, "datetime": {"datetime": "2024-06-13 19:11:58", "elapsed": 4.172614, "delta": 0.003989}}
{"target": -713.3671095051068, "params": {"gamma": 5.269526555127393, "lr": 0.753869071621213}, "datetime": {"datetime": "2024-06-13 19:11:58", "elapsed": 4.176612, "delta": 0.003998}}
{"target": -1404.1001824965679, "params": {"gamma": 8.586258418997055, "lr": 0.9475415511018243}, "datetime": {"datetime": "2024-06-13 19:11:58", "elapsed": 4.180595, "delta": 0.003983}}
{"target": -1010.7627908404527, "params": {"gamma": 6.545720808693693, "lr": 0.8542582098426466}, "datetime": {"datetime": "2024-06-13 19:11:58", "elapsed": 4.184585, "delta": 0.00399}}
{"target": -976.8461420426174, "params": {"gamma": 7.426137988907772, "lr": 0.7271011884036769}, "datetime": {"datetime": "2024-06-13 19:11:58", "elapsed": 4.188574, "delta": 0.003989}}
{"target": -1404.389235391588, "params": {"gamma": 8.58804877191338, "lr": 0.9230030407536653}, "datetime": {"datetime": "2024-06-13 19:11:58", "elapsed": 4.192563, "delta": 0.003989}}
{"target": -892.721057333977, "params": {"gamma": 9.020857939246921, "lr": 0.39575026156518067}, "datetime": {"datetime": "2024-06-13 19:11:58", "elapsed": 4.196553, "delta": 0.00399}}
{"target": -172.23728885333512, "params": {"gamma": 0.8411287767074533, "lr": 0.8295737184581491}, "datetime": {"datetime": "2024-06-13 19:11:58", "elapsed": 4.20154, "delta": 0.004987}}
{"target": -562.2172097262835, "params": {"gamma": 5.389776601523036, "lr": 0.542076154739123}, "datetime": {"datetime": "2024-06-13 19:11:58", "elapsed": 4.205529, "delta": 0.003989}}
{"target": -1592.2351618393939, "params": {"gamma": 8.25192813033363, "lr": 0.03198418437577388}, "datetime": {"datetime": "2024-06-13 19:11:58", "elapsed": 4.209518, "delta": 0.003989}}
{"target": -1691.7210394950077, "params": {"gamma": 8.779726226832842, "lr": 0.03463400133772032}, "datetime": {"datetime": "2024-06-13 19:11:58", "elapsed": 4.213507, "delta": 0.003989}}
{"target": -753.9514108345028, "params": {"gamma": 6.932252389225503, "lr": 0.5874844793504092}, "datetime": {"datetime": "2024-06-13 19:11:58", "elapsed": 4.217497, "delta": 0.00399}}
{"target": -639.0378283580726, "params": {"gamma": 6.417850059155134, "lr": 0.37408018773825613}, "datetime": {"datetime": "2024-06-13 19:11:58", "elapsed": 4.221486, "delta": 0.003989}}
{"target": -306.135561848733, "params": {"gamma": 2.755344804474391, "lr": 0.5094085814387623}, "datetime": {"datetime": "2024-06-13 19:11:58", "elapsed": 4.225504, "delta": 0.004018}}
{"target": -913.4157565703865, "params": {"gamma": 8.858345348380066, "lr": 0.5652896703655683}, "datetime": {"datetime": "2024-06-13 19:11:58", "elapsed": 4.229494, "delta": 0.00399}}
{"target": -641.0003110110318, "params": {"gamma": 6.631825765751704, "lr": 0.44137923095350085}, "datetime": {"datetime": "2024-06-13 19:11:58", "elapsed": 4.233454, "delta": 0.00396}}
{"target": -1271.5085620107627, "params": {"gamma": 9.7214187321274, "lr": 0.7425224523517098}, "datetime": {"datetime": "2024-06-13 19:11:58", "elapsed": 4.237444, "delta": 0.00399}}
{"target": -399.0667429579906, "params": {"gamma": 3.5496702059968834, "lr": 0.6535310326636594}, "datetime": {"datetime": "2024-06-13 19:11:58", "elapsed": 4.241433, "delta": 0.003989}}
{"target": -858.0468977799163, "params": {"gamma": 5.426621502305332, "lr": 0.884056212378686}, "datetime": {"datetime": "2024-06-13 19:11:58", "elapsed": 4.245422, "delta": 0.003989}}
{"target": -486.45364062673184, "params": {"gamma": 2.7512654566030514, "lr": 0.10806748517233733}, "datetime": {"datetime": "2024-06-13 19:11:58", "elapsed": 4.250409, "delta": 0.004987}}
{"target": -209.86040774588727, "params": {"gamma": 1.9135292453599602, "lr": 0.38704623260508586}, "datetime": {"datetime": "2024-06-13 19:11:58", "elapsed": 4.254398, "delta": 0.003989}}
{"target": -905.629983807459, "params": {"gamma": 8.54074388954821, "lr": 0.2708449138359166}, "datetime": {"datetime": "2024-06-13 19:11:58", "elapsed": 4.258387, "delta": 0.003989}}
{"target": -681.2405833648937, "params": {"gamma": 6.263961673283628, "lr": 0.6235518010455583}, "datetime": {"datetime": "2024-06-13 19:11:58", "elapsed": 4.262377, "delta": 0.00399}}
{"target": -806.6591304566333, "params": {"gamma": 4.08106330634394, "lr": 0.05033512965945175}, "datetime": {"datetime": "2024-06-13 19:11:58", "elapsed": 4.266366, "delta": 0.003989}}
{"target": -788.4683783472728, "params": {"gamma": 7.448593896451896, "lr": 0.29572553442388116}, "datetime": {"datetime": "2024-06-13 19:11:58", "elapsed": 4.270356, "delta": 0.00399}}
{"target": -402.9366489524944, "params": {"gamma": 3.9851835072938524, "lr": 0.37723956753050947}, "datetime": {"datetime": "2024-06-13 19:11:58", "elapsed": 4.274345, "delta": 0.003989}}
{"target": -1206.3150863328883, "params": {"gamma": 6.636362714079265, "lr": 0.08633328681516406}, "datetime": {"datetime": "2024-06-13 19:11:58", "elapsed": 4.278336, "delta": 0.003991}}
{"target": -1073.519546157076, "params": {"gamma": 5.49934931479934, "lr": 0.015421822343255842}, "datetime": {"datetime": "2024-06-13 19:11:58", "elapsed": 4.282326, "delta": 0.00399}}
{"target": -1059.3790078918555, "params": {"gamma": 9.830406796410628, "lr": 0.5984272223880148}, "datetime": {"datetime": "2024-06-13 19:11:58", "elapsed": 4.286315, "delta": 0.003989}}
{"target": -551.1253178666742, "params": {"gamma": 3.8417581657342703, "lr": 0.1467479307274827}, "datetime": {"datetime": "2024-06-13 19:11:58", "elapsed": 4.290304, "delta": 0.003989}}
{"target": -1120.0572139749677, "params": {"gamma": 6.9690863860416155, "lr": 0.9058084167065523}, "datetime": {"datetime": "2024-06-13 19:11:58", "elapsed": 4.294293, "delta": 0.003989}}
{"target": -441.9591122800126, "params": {"gamma": 3.1817694146938234, "lr": 0.7664921446562297}, "datetime": {"datetime": "2024-06-13 19:11:58", "elapsed": 4.298283, "delta": 0.00399}}
{"target": -485.9666825097808, "params": {"gamma": 2.8756935223098354, "lr": 0.9572253423743934}, "datetime": {"datetime": "2024-06-13 19:11:58", "elapsed": 4.302272, "delta": 0.003989}}
{"target": -760.7636222693487, "params": {"gamma": 7.023455232193281, "lr": 0.6250155931933211}, "datetime": {"datetime": "2024-06-13 19:11:58", "elapsed": 4.306262, "delta": 0.00399}}
{"target": -985.341838653923, "params": {"gamma": 9.307416596768327, "lr": 0.26904238725191854}, "datetime": {"datetime": "2024-06-13 19:11:58", "elapsed": 4.310251, "delta": 0.003989}}
{"target": -1202.5294493004346, "params": {"gamma": 9.236233847661266, "lr": 0.6780829341239825}, "datetime": {"datetime": "2024-06-13 19:11:58", "elapsed": 4.31424, "delta": 0.003989}}
{"target": -836.2656077070807, "params": {"gamma": 7.713853709507418, "lr": 0.5716353364349513}, "datetime": {"datetime": "2024-06-13 19:11:58", "elapsed": 4.31823, "delta": 0.00399}}
