{"target": -1296.4724475394564, "params": {"gamma": 5.274647786496121, "lr": 0.05634939173447451}, "datetime": {"datetime": "2024-06-13 21:42:39", "elapsed": 7.598624, "delta": 0.004985}}
{"target": -653.1364113733857, "params": {"gamma": 3.6322627869363457, "lr": 0.9677274091080609}, "datetime": {"datetime": "2024-06-13 21:42:39", "elapsed": 7.602614, "delta": 0.00399}}
{"target": -961.369826240237, "params": {"gamma": 6.955420242475687, "lr": 0.36973977954151527}, "datetime": {"datetime": "2024-06-13 21:42:39", "elapsed": 7.607601, "delta": 0.004987}}
{"target": -1098.1318722784, "params": {"gamma": 6.716589859874733, "lr": 0.26510969397346273}, "datetime": {"datetime": "2024-06-13 21:42:39", "elapsed": 7.612587, "delta": 0.004986}}
{"target": -162.0907180613879, "params": {"gamma": 0.7756981624656162, "lr": 0.5280671392556082}, "datetime": {"datetime": "2024-06-13 21:42:39", "elapsed": 7.616576, "delta": 0.003989}}
{"target": -396.4321597909283, "params": {"gamma": 2.8984014893930756, "lr": 0.48165189565416366}, "datetime": {"datetime": "2024-06-13 21:42:39", "elapsed": 7.621563, "delta": 0.004987}}
{"target": -1375.345532086185, "params": {"gamma": 9.020043950898684, "lr": 0.6517403667487239}, "datetime": {"datetime": "2024-06-13 21:42:39", "elapsed": 7.626551, "delta": 0.004988}}
{"target": -1581.2296538842863, "params": {"gamma": 7.233468037123845, "lr": 0.1025865252271354}, "datetime": {"datetime": "2024-06-13 21:42:39", "elapsed": 7.631536, "delta": 0.004985}}
{"target": -631.6069500004656, "params": {"gamma": 4.7971011998412845, "lr": 0.40434189038945745}, "datetime": {"datetime": "2024-06-13 21:42:39", "elapsed": 7.635526, "delta": 0.00399}}
{"target": -1000.5245288264442, "params": {"gamma": 6.468925570274098, "lr": 0.287735134554958}, "datetime": {"datetime": "2024-06-13 21:42:39", "elapsed": 7.640513, "delta": 0.004987}}
{"target": -687.3251123495181, "params": {"gamma": 3.8312640574634482, "lr": 0.981016791950987}, "datetime": {"datetime": "2024-06-13 21:42:39", "elapsed": 7.645499, "delta": 0.004986}}
{"target": -229.72383585848988, "params": {"gamma": 1.1489908672848812, "lr": 0.19990786306137587}, "datetime": {"datetime": "2024-06-13 21:42:39", "elapsed": 7.650515, "delta": 0.005016}}
{"target": -398.5962553105877, "params": {"gamma": 2.3912225972933583, "lr": 0.6966542004402304}, "datetime": {"datetime": "2024-06-13 21:42:39", "elapsed": 7.654504, "delta": 0.003989}}
{"target": -1172.4822549259115, "params": {"gamma": 7.1371672251136955, "lr": 0.7847549365756692}, "datetime": {"datetime": "2024-06-13 21:42:39", "elapsed": 7.659462, "delta": 0.004958}}
{"target": -654.8509606649762, "params": {"gamma": 3.8110627039036813, "lr": 0.8524032876575542}, "datetime": {"datetime": "2024-06-13 21:42:39", "elapsed": 7.664448, "delta": 0.004986}}
{"target": -1118.8072346032452, "params": {"gamma": 6.973768049350303, "lr": 0.7132598975767365}, "datetime": {"datetime": "2024-06-13 21:42:39", "elapsed": 7.669435, "delta": 0.004987}}
{"target": -1254.6264631958936, "params": {"gamma": 8.220064454506392, "lr": 0.6289244383408126}, "datetime": {"datetime": "2024-06-13 21:42:39", "elapsed": 7.674423, "delta": 0.004988}}
{"target": -1043.439716142346, "params": {"gamma": 4.2228540008601385, "lr": 0.030798811164673312}, "datetime": {"datetime": "2024-06-13 21:42:39", "elapsed": 7.712321, "delta": 0.037898}}
{"target": -850.7960685498653, "params": {"gamma": 5.9549611772267355, "lr": 0.5637635695018256}, "datetime": {"datetime": "2024-06-13 21:42:39", "elapsed": 7.717307, "delta": 0.004986}}
{"target": -919.0451362815257, "params": {"gamma": 6.008479407469643, "lr": 0.3228534686765717}, "datetime": {"datetime": "2024-06-13 21:42:39", "elapsed": 7.722294, "delta": 0.004987}}
{"target": -975.6145678473221, "params": {"gamma": 5.549264886470077, "lr": 0.17165630428408674}, "datetime": {"datetime": "2024-06-13 21:42:39", "elapsed": 7.727281, "delta": 0.004987}}
{"target": -1591.3309070616467, "params": {"gamma": 6.49894440266871, "lr": 0.07167347369091615}, "datetime": {"datetime": "2024-06-13 21:42:39", "elapsed": 7.73127, "delta": 0.003989}}
{"target": -1392.6389277697883, "params": {"gamma": 8.750896260863644, "lr": 0.21613795014659942}, "datetime": {"datetime": "2024-06-13 21:42:39", "elapsed": 7.736256, "delta": 0.004986}}
{"target": -527.2498985044466, "params": {"gamma": 2.9391518612119483, "lr": 0.8847369186394346}, "datetime": {"datetime": "2024-06-13 21:42:39", "elapsed": 7.741244, "delta": 0.004988}}
{"target": -1488.7033939059145, "params": {"gamma": 8.836037308166828, "lr": 0.8362672161514131}, "datetime": {"datetime": "2024-06-13 21:42:39", "elapsed": 7.747105, "delta": 0.005861}}
{"target": -590.4681754186952, "params": {"gamma": 3.2700292334455643, "lr": 0.9023446392045666}, "datetime": {"datetime": "2024-06-13 21:42:39", "elapsed": 7.752092, "delta": 0.004987}}
{"target": -1178.922395079308, "params": {"gamma": 7.718251155453087, "lr": 0.6580829809857549}, "datetime": {"datetime": "2024-06-13 21:42:39", "elapsed": 7.756081, "delta": 0.003989}}
{"target": -1473.756493470825, "params": {"gamma": 8.99813093515086, "lr": 0.7831314722628366}, "datetime": {"datetime": "2024-06-13 21:42:39", "elapsed": 7.761069, "delta": 0.004988}}
{"target": -654.7992868596211, "params": {"gamma": 4.2480703423217, "lr": 0.32425522412708885}, "datetime": {"datetime": "2024-06-13 21:42:39", "elapsed": 7.765916, "delta": 0.004847}}
{"target": -975.339367078052, "params": {"gamma": 3.9393874995637357, "lr": 0.06141215405816436}, "datetime": {"datetime": "2024-06-13 21:42:39", "elapsed": 7.770902, "delta": 0.004986}}
{"target": -543.7853076072021, "params": {"gamma": 3.634945499368943, "lr": 0.3530436858449395}, "datetime": {"datetime": "2024-06-13 21:42:39", "elapsed": 7.774891, "delta": 0.003989}}
{"target": -1505.0571410824773, "params": {"gamma": 8.656379251086715, "lr": 0.8887000495302622}, "datetime": {"datetime": "2024-06-13 21:42:39", "elapsed": 7.780566, "delta": 0.005675}}
{"target": -1463.9742764240598, "params": {"gamma": 9.630557816537218, "lr": 0.32819924761463426}, "datetime": {"datetime": "2024-06-13 21:42:39", "elapsed": 7.784552, "delta": 0.003986}}
{"target": -1060.5849051233404, "params": {"gamma": 6.933508237753853, "lr": 0.6330662678957141}, "datetime": {"datetime": "2024-06-13 21:42:39", "elapsed": 7.789539, "delta": 0.004987}}
{"target": -436.2220887718302, "params": {"gamma": 2.425195012153892, "lr": 0.8699876263426785}, "datetime": {"datetime": "2024-06-13 21:42:39", "elapsed": 7.793528, "delta": 0.003989}}
{"target": -374.1207141259558, "params": {"gamma": 2.1418050557805293, "lr": 0.7477140026507801}, "datetime": {"datetime": "2024-06-13 21:42:39", "elapsed": 7.798515, "delta": 0.004987}}
{"target": -343.98134947813185, "params": {"gamma": 1.4474946912067754, "lr": 0.10681965623961165}, "datetime": {"datetime": "2024-06-13 21:42:39", "elapsed": 7.803501, "delta": 0.004986}}
{"target": -1015.9281878206824, "params": {"gamma": 7.20350177902532, "lr": 0.5263181160447106}, "datetime": {"datetime": "2024-06-13 21:42:39", "elapsed": 7.807491, "delta": 0.00399}}
{"target": -735.2105362546399, "params": {"gamma": 4.429715397531216, "lr": 0.7781805677545706}, "datetime": {"datetime": "2024-06-13 21:42:39", "elapsed": 7.812665, "delta": 0.005174}}
{"target": -618.1987745701027, "params": {"gamma": 3.588074784629776, "lr": 0.8533495985139066}, "datetime": {"datetime": "2024-06-13 21:42:39", "elapsed": 7.817651, "delta": 0.004986}}
{"target": -1691.6639986140763, "params": {"gamma": 9.62176279907113, "lr": 0.97912549357449}, "datetime": {"datetime": "2024-06-13 21:42:39", "elapsed": 7.822145, "delta": 0.004494}}
{"target": -378.0756155261907, "params": {"gamma": 2.777002394800293, "lr": 0.4150070363847951}, "datetime": {"datetime": "2024-06-13 21:42:39", "elapsed": 7.827132, "delta": 0.004987}}
{"target": -1280.8922212533546, "params": {"gamma": 7.250373833289235, "lr": 0.8948659340129544}, "datetime": {"datetime": "2024-06-13 21:42:39", "elapsed": 7.832119, "delta": 0.004987}}
{"target": -1168.6361898133546, "params": {"gamma": 7.113399789936541, "lr": 0.7581322827790503}, "datetime": {"datetime": "2024-06-13 21:42:39", "elapsed": 7.836108, "delta": 0.003989}}
{"target": -1215.8092889411803, "params": {"gamma": 8.83415311602575, "lr": 0.3669482381501168}, "datetime": {"datetime": "2024-06-13 21:42:39", "elapsed": 7.841096, "delta": 0.004988}}
{"target": -770.1571489762034, "params": {"gamma": 5.425906871529926, "lr": 0.5347699755827457}, "datetime": {"datetime": "2024-06-13 21:42:39", "elapsed": 7.847079, "delta": 0.005983}}
{"target": -1146.0276921272073, "params": {"gamma": 6.4761782194627475, "lr": 0.8951838797241277}, "datetime": {"datetime": "2024-06-13 21:42:39", "elapsed": 7.852065, "delta": 0.004986}}
{"target": -1063.8076461334927, "params": {"gamma": 6.00867393378521, "lr": 0.9699385377160038}, "datetime": {"datetime": "2024-06-13 21:42:39", "elapsed": 7.856055, "delta": 0.00399}}
{"target": -952.5069710127964, "params": {"gamma": 7.3216234120977175, "lr": 0.41529149155458245}, "datetime": {"datetime": "2024-06-13 21:42:39", "elapsed": 7.862039, "delta": 0.005984}}
{"target": -1029.6614877290308, "params": {"gamma": 5.81180346318073, "lr": 0.9223207824170438}, "datetime": {"datetime": "2024-06-13 21:42:39", "elapsed": 7.866028, "delta": 0.003989}}
{"target": -994.425287564165, "params": {"gamma": 6.185385338885807, "lr": 0.709928603418362}, "datetime": {"datetime": "2024-06-13 21:42:39", "elapsed": 7.871015, "delta": 0.004987}}
{"target": -972.4600662704082, "params": {"gamma": 6.613259028912707, "lr": 0.33614643889956264}, "datetime": {"datetime": "2024-06-13 21:42:40", "elapsed": 7.876002, "delta": 0.004987}}
{"target": -287.92206628677485, "params": {"gamma": 2.0341452163718596, "lr": 0.4078129626004203}, "datetime": {"datetime": "2024-06-13 21:42:40", "elapsed": 7.880989, "delta": 0.004987}}
{"target": -277.83544936521594, "params": {"gamma": 1.5085472915112057, "lr": 0.8263335477210154}, "datetime": {"datetime": "2024-06-13 21:42:40", "elapsed": 7.885975, "delta": 0.004986}}
{"target": -924.9103825524841, "params": {"gamma": 7.104895674394641, "lr": 0.4010561894105159}, "datetime": {"datetime": "2024-06-13 21:42:40", "elapsed": 7.889964, "delta": 0.003989}}
{"target": -325.3935802558626, "params": {"gamma": 1.7146555781871196, "lr": 0.8757993398860495}, "datetime": {"datetime": "2024-06-13 21:42:40", "elapsed": 7.894951, "delta": 0.004987}}
{"target": -1130.1523760307105, "params": {"gamma": 6.3909999964742354, "lr": 0.9966028199815464}, "datetime": {"datetime": "2024-06-13 21:42:40", "elapsed": 7.899938, "delta": 0.004987}}
{"target": -202.35731327811556, "params": {"gamma": 1.0118777980878546, "lr": 0.24484835913226244}, "datetime": {"datetime": "2024-06-13 21:42:40", "elapsed": 7.904924, "delta": 0.004986}}
{"target": -186.01405354566768, "params": {"gamma": 0.8374656866964549, "lr": 0.7447417757596947}, "datetime": {"datetime": "2024-06-13 21:42:40", "elapsed": 7.909911, "delta": 0.004987}}
{"target": -306.60560612690773, "params": {"gamma": 1.5965935192609664, "lr": 0.8816595339350156}, "datetime": {"datetime": "2024-06-13 21:42:40", "elapsed": 7.914897, "delta": 0.004986}}
{"target": -699.698008055253, "params": {"gamma": 4.915303785862436, "lr": 0.526169262668513}, "datetime": {"datetime": "2024-06-13 21:42:40", "elapsed": 7.918887, "delta": 0.00399}}
{"target": -140.97837296508973, "params": {"gamma": 0.42616036762125126, "lr": 0.614053635731627}, "datetime": {"datetime": "2024-06-13 21:42:40", "elapsed": 7.923874, "delta": 0.004987}}
{"target": -382.31196150117563, "params": {"gamma": 2.2769202761615777, "lr": 0.2135040893470156}, "datetime": {"datetime": "2024-06-13 21:42:40", "elapsed": 7.92886, "delta": 0.004986}}
{"target": -1556.0950725948833, "params": {"gamma": 8.953290370672992, "lr": 0.8880133489969917}, "datetime": {"datetime": "2024-06-13 21:42:40", "elapsed": 7.933847, "delta": 0.004987}}
{"target": -141.5739434673925, "params": {"gamma": 0.05364657807886874, "lr": 0.832303959586102}, "datetime": {"datetime": "2024-06-13 21:42:40", "elapsed": 7.938833, "delta": 0.004986}}
{"target": -1267.8010255568702, "params": {"gamma": 9.02308610135554, "lr": 0.5119476580924737}, "datetime": {"datetime": "2024-06-13 21:42:40", "elapsed": 7.942823, "delta": 0.00399}}
{"target": -1079.4411510929317, "params": {"gamma": 6.56208200669582, "lr": 0.7677856839334473}, "datetime": {"datetime": "2024-06-13 21:42:40", "elapsed": 7.947809, "delta": 0.004986}}
{"target": -900.8830520685212, "params": {"gamma": 6.854714307550932, "lr": 0.45911641964267924}, "datetime": {"datetime": "2024-06-13 21:42:40", "elapsed": 7.952796, "delta": 0.004987}}
{"target": -865.5264283523696, "params": {"gamma": 5.7349488675951, "lr": 0.5740594317304389}, "datetime": {"datetime": "2024-06-13 21:42:40", "elapsed": 7.956785, "delta": 0.003989}}
{"target": -1348.6541099241228, "params": {"gamma": 8.421463069722522, "lr": 0.24044170761914385}, "datetime": {"datetime": "2024-06-13 21:42:40", "elapsed": 7.961772, "delta": 0.004987}}
{"target": -1238.7850592858256, "params": {"gamma": 7.572507436190774, "lr": 0.8123371097183338}, "datetime": {"datetime": "2024-06-13 21:42:40", "elapsed": 7.966759, "delta": 0.004987}}
{"target": -1302.8262178849723, "params": {"gamma": 7.970526579088603, "lr": 0.8077078189919843}, "datetime": {"datetime": "2024-06-13 21:42:40", "elapsed": 7.971745, "delta": 0.004986}}
{"target": -1076.2375095317514, "params": {"gamma": 8.292970943843157, "lr": 0.4175157513022394}, "datetime": {"datetime": "2024-06-13 21:42:40", "elapsed": 7.976733, "delta": 0.004988}}
{"target": -1017.5323539772887, "params": {"gamma": 6.179249469269826, "lr": 0.7552455161468585}, "datetime": {"datetime": "2024-06-13 21:42:40", "elapsed": 7.980722, "delta": 0.003989}}
{"target": -1357.158435871402, "params": {"gamma": 7.697885927847493, "lr": 0.9586046229255358}, "datetime": {"datetime": "2024-06-13 21:42:40", "elapsed": 7.985709, "delta": 0.004987}}
{"target": -1381.8002558583132, "params": {"gamma": 9.750777680644457, "lr": 0.5647345919090407}, "datetime": {"datetime": "2024-06-13 21:42:40", "elapsed": 7.990724, "delta": 0.005015}}
{"target": -794.616483626149, "params": {"gamma": 4.657924948350314, "lr": 0.8355253266864215}, "datetime": {"datetime": "2024-06-13 21:42:40", "elapsed": 7.99571, "delta": 0.004986}}
{"target": -381.2802560410426, "params": {"gamma": 2.2003892786426134, "lr": 0.7663980894608939}, "datetime": {"datetime": "2024-06-13 21:42:40", "elapsed": 8.000668, "delta": 0.004958}}
{"target": -310.51905068195975, "params": {"gamma": 1.920923979668611, "lr": 0.5916275659530674}, "datetime": {"datetime": "2024-06-13 21:42:40", "elapsed": 8.004657, "delta": 0.003989}}
{"target": -806.9337853818041, "params": {"gamma": 6.068707734799046, "lr": 0.44184380280217683}, "datetime": {"datetime": "2024-06-13 21:42:40", "elapsed": 8.009644, "delta": 0.004987}}
{"target": -1215.543235173033, "params": {"gamma": 8.645641977427168, "lr": 0.5434821861417696}, "datetime": {"datetime": "2024-06-13 21:42:40", "elapsed": 8.014631, "delta": 0.004987}}
{"target": -648.1704610960263, "params": {"gamma": 4.927804379534841, "lr": 0.4181256356700572}, "datetime": {"datetime": "2024-06-13 21:42:40", "elapsed": 8.01862, "delta": 0.003989}}
{"target": -150.65045069316722, "params": {"gamma": 0.6231896086801356, "lr": 0.3621494599268943}, "datetime": {"datetime": "2024-06-13 21:42:40", "elapsed": 8.023609, "delta": 0.004989}}
{"target": -177.08607250448543, "params": {"gamma": 0.9290607665831948, "lr": 0.5656384996760548}, "datetime": {"datetime": "2024-06-13 21:42:40", "elapsed": 8.028596, "delta": 0.004987}}
{"target": -1054.0965680920317, "params": {"gamma": 6.4053758139443495, "lr": 0.7677822626181597}, "datetime": {"datetime": "2024-06-13 21:42:40", "elapsed": 8.033596, "delta": 0.005}}
{"target": -1055.2380864031802, "params": {"gamma": 6.325720028185084, "lr": 0.1870607551754626}, "datetime": {"datetime": "2024-06-13 21:42:40", "elapsed": 8.037585, "delta": 0.003989}}
{"target": -1052.8872717217266, "params": {"gamma": 7.502689263840385, "lr": 0.5488594004307864}, "datetime": {"datetime": "2024-06-13 21:42:40", "elapsed": 8.042574, "delta": 0.004989}}
{"target": -289.01001770550744, "params": {"gamma": 1.0226014229845646, "lr": 0.024827029187908023}, "datetime": {"datetime": "2024-06-13 21:42:40", "elapsed": 8.04756, "delta": 0.004986}}
{"target": -489.5216349762781, "params": {"gamma": 2.988163177641064, "lr": 0.6900150292649251}, "datetime": {"datetime": "2024-06-13 21:42:40", "elapsed": 8.051552, "delta": 0.003992}}
{"target": -1640.5645888296526, "params": {"gamma": 9.327950716090912, "lr": 0.9664972006802195}, "datetime": {"datetime": "2024-06-13 21:42:40", "elapsed": 8.056539, "delta": 0.004987}}
{"target": -1179.90046192354, "params": {"gamma": 7.645716345257133, "lr": 0.2932491857068945}, "datetime": {"datetime": "2024-06-13 21:42:40", "elapsed": 8.061529, "delta": 0.00499}}
{"target": -1001.1433207284954, "params": {"gamma": 6.2210691836043965, "lr": 0.23109612753682562}, "datetime": {"datetime": "2024-06-13 21:42:40", "elapsed": 8.066515, "delta": 0.004986}}
{"target": -1486.8463227888617, "params": {"gamma": 7.507153026145066, "lr": 0.16586702947952792}, "datetime": {"datetime": "2024-06-13 21:42:40", "elapsed": 8.070506, "delta": 0.003991}}
{"target": -1299.925799454229, "params": {"gamma": 7.564947384855503, "lr": 0.8685889989304815}, "datetime": {"datetime": "2024-06-13 21:42:40", "elapsed": 8.075493, "delta": 0.004987}}
{"target": -1277.429604133728, "params": {"gamma": 5.195544029510985, "lr": 0.06563483825850425}, "datetime": {"datetime": "2024-06-13 21:42:40", "elapsed": 8.080026, "delta": 0.004533}}
{"target": -766.7594729359679, "params": {"gamma": 4.4894713154372115, "lr": 0.8378286113798175}, "datetime": {"datetime": "2024-06-13 21:42:40", "elapsed": 8.085013, "delta": 0.004987}}
{"target": -465.7905698983356, "params": {"gamma": 1.7983467816471097, "lr": 0.03855906126279496}, "datetime": {"datetime": "2024-06-13 21:42:40", "elapsed": 8.09, "delta": 0.004987}}
{"target": -1042.65095673247, "params": {"gamma": 7.327203051217345, "lr": 0.5630407235733951}, "datetime": {"datetime": "2024-06-13 21:42:40", "elapsed": 8.094986, "delta": 0.004986}}
{"target": -148.06310416870073, "params": {"gamma": 0.42156420386587773, "lr": 0.9848852640583016}, "datetime": {"datetime": "2024-06-13 21:42:40", "elapsed": 8.099973, "delta": 0.004987}}
{"target": -861.5843150976449, "params": {"gamma": 5.693754542449788, "lr": 0.585156672962654}, "datetime": {"datetime": "2024-06-13 21:42:40", "elapsed": 8.103962, "delta": 0.003989}}
{"target": -1393.9949702356696, "params": {"gamma": 7.899276512022575, "lr": 0.9026346706863088}, "datetime": {"datetime": "2024-06-13 21:42:40", "elapsed": 8.109547, "delta": 0.005585}}
{"target": -149.51776214157505, "params": {"gamma": 0.6084466125606112, "lr": 0.34851320938881547}, "datetime": {"datetime": "2024-06-13 21:42:40", "elapsed": 8.113534, "delta": 0.003987}}
{"target": -286.65758000644456, "params": {"gamma": 2.001718538820858, "lr": 0.4651515316549586}, "datetime": {"datetime": "2024-06-13 21:42:40", "elapsed": 8.118521, "delta": 0.004987}}
{"target": -265.7624634668765, "params": {"gamma": 0.9155879517141836, "lr": 0.06808577423972362}, "datetime": {"datetime": "2024-06-13 21:42:40", "elapsed": 8.123507, "delta": 0.004986}}
{"target": -545.9116568330172, "params": {"gamma": 3.009593441869708, "lr": 0.9043452577718513}, "datetime": {"datetime": "2024-06-13 21:42:40", "elapsed": 8.128494, "delta": 0.004987}}
{"target": -1596.4031669038784, "params": {"gamma": 9.755444236897075, "lr": 0.7637200317833946}, "datetime": {"datetime": "2024-06-13 21:42:40", "elapsed": 8.132483, "delta": 0.003989}}
{"target": -145.4790021342623, "params": {"gamma": 0.008408388692528457, "lr": 0.735215554236234}, "datetime": {"datetime": "2024-06-13 21:42:40", "elapsed": 8.13747, "delta": 0.004987}}
{"target": -138.8730173083499, "params": {"gamma": 0.22090310734026275, "lr": 0.16856568225506097}, "datetime": {"datetime": "2024-06-13 21:42:40", "elapsed": 8.142457, "delta": 0.004987}}
{"target": -140.97150663114263, "params": {"gamma": 0.10612956883701744, "lr": 0.1491269987672621}, "datetime": {"datetime": "2024-06-13 21:42:40", "elapsed": 8.146446, "delta": 0.003989}}
{"target": -1103.278126759407, "params": {"gamma": 6.87536774608507, "lr": 0.7020168753413566}, "datetime": {"datetime": "2024-06-13 21:42:40", "elapsed": 8.151433, "delta": 0.004987}}
{"target": -623.9515660869121, "params": {"gamma": 3.7114029888119466, "lr": 0.7311908242003646}, "datetime": {"datetime": "2024-06-13 21:42:40", "elapsed": 8.15642, "delta": 0.004987}}
{"target": -1931.6137859079204, "params": {"gamma": 8.47319475004096, "lr": 0.13035751444155008}, "datetime": {"datetime": "2024-06-13 21:42:40", "elapsed": 8.160409, "delta": 0.003989}}
{"target": -168.46830572101007, "params": {"gamma": 0.8749857543012785, "lr": 0.37192145651390274}, "datetime": {"datetime": "2024-06-13 21:42:40", "elapsed": 8.165396, "delta": 0.004987}}
{"target": -668.0688965311215, "params": {"gamma": 4.039432491874189, "lr": 0.27640421986037034}, "datetime": {"datetime": "2024-06-13 21:42:40", "elapsed": 8.170382, "delta": 0.004986}}
{"target": -1149.6867274084545, "params": {"gamma": 7.5419276912585245, "lr": 0.32178620055239215}, "datetime": {"datetime": "2024-06-13 21:42:40", "elapsed": 8.175369, "delta": 0.004987}}
{"target": -1409.9544117759726, "params": {"gamma": 8.001642974863078, "lr": 0.9113083542736461}, "datetime": {"datetime": "2024-06-13 21:42:40", "elapsed": 8.180356, "delta": 0.004987}}
{"target": -685.6539401655723, "params": {"gamma": 5.131976926404618, "lr": 0.42942202968065213}, "datetime": {"datetime": "2024-06-13 21:42:40", "elapsed": 8.185342, "delta": 0.004986}}
