{"target": -220.63324107027822, "params": {"gamma": 6.250711640076693, "prior": 6.634028573401182, "rate": 7.340553331594224}, "datetime": {"datetime": "2024-06-14 04:54:22", "elapsed": 18.302315, "delta": 0.009943}}
{"target": -195.57137743991606, "params": {"gamma": 5.54904548691878, "prior": 1.162819548016187, "rate": 6.403837458691426}, "datetime": {"datetime": "2024-06-14 04:54:22", "elapsed": 18.312319, "delta": 0.010004}}
{"target": -208.3754388068114, "params": {"gamma": 6.705637999047665, "prior": 2.5760592163646616, "rate": 9.48280432589309}, "datetime": {"datetime": "2024-06-14 04:54:22", "elapsed": 18.322442, "delta": 0.010123}}
{"target": -214.29058435367952, "params": {"gamma": 4.527038501594155, "prior": 8.680484824940818, "rate": 6.5311578451151915}, "datetime": {"datetime": "2024-06-14 04:54:22", "elapsed": 18.333405, "delta": 0.010963}}
{"target": -212.08884065722754, "params": {"gamma": 6.165734558182161, "prior": 5.53906870999164, "rate": 6.4760270347112066}, "datetime": {"datetime": "2024-06-14 04:54:22", "elapsed": 18.348365, "delta": 0.01496}}
{"target": -329.13984151223883, "params": {"gamma": 8.443508165581074, "prior": 7.79110035202588, "rate": 6.726602036977152}, "datetime": {"datetime": "2024-06-14 04:54:22", "elapsed": 18.360333, "delta": 0.011968}}
{"target": -117.4505838477228, "params": {"gamma": 0.31942149138614195, "prior": 0.18607824607212345, "rate": 3.5860179122930487}, "datetime": {"datetime": "2024-06-14 04:54:22", "elapsed": 18.371303, "delta": 0.01097}}
{"target": -161.4392571810105, "params": {"gamma": 0.30730757815686666, "prior": 5.226689787064359, "rate": 0.036535454134401193}, "datetime": {"datetime": "2024-06-14 04:54:22", "elapsed": 18.381277, "delta": 0.009974}}
{"target": -154.07632350116054, "params": {"gamma": 4.80782326402619, "prior": 3.8383252631823646, "rate": 9.57468291548391}, "datetime": {"datetime": "2024-06-14 04:54:22", "elapsed": 18.39125, "delta": 0.009973}}
{"target": -107.3153162827358, "params": {"gamma": 0.5594796463757505, "prior": 0.7453906352106907, "rate": 8.492816205896958}, "datetime": {"datetime": "2024-06-14 04:54:22", "elapsed": 18.402221, "delta": 0.010971}}
{"target": -642.2829878339284, "params": {"gamma": 7.95278352446082, "prior": 9.364876906499536, "rate": 0.7832882493134576}, "datetime": {"datetime": "2024-06-14 04:54:22", "elapsed": 18.412194, "delta": 0.009973}}
{"target": -305.867687850239, "params": {"gamma": 6.201377645038051, "prior": 5.192608250406824, "rate": 3.2164188746044267}, "datetime": {"datetime": "2024-06-14 04:54:22", "elapsed": 18.422167, "delta": 0.009973}}
{"target": -512.5406099387963, "params": {"gamma": 6.108503694482293, "prior": 9.188970106003065, "rate": 0.6265924993176286}, "datetime": {"datetime": "2024-06-14 04:54:22", "elapsed": 18.432141, "delta": 0.009974}}
{"target": -205.0227199319112, "params": {"gamma": 6.597601675698143, "prior": 2.9231979136433965, "rate": 4.05507146708443}, "datetime": {"datetime": "2024-06-14 04:54:23", "elapsed": 18.443111, "delta": 0.01097}}
{"target": -294.22352576869014, "params": {"gamma": 8.497095650065528, "prior": 1.3051221032419362, "rate": 8.429867764940202}, "datetime": {"datetime": "2024-06-14 04:54:23", "elapsed": 18.453085, "delta": 0.009974}}
{"target": -179.103700533339, "params": {"gamma": 4.043023200888809, "prior": 9.840486039447793, "rate": 9.180238599391384}, "datetime": {"datetime": "2024-06-14 04:54:23", "elapsed": 18.464056, "delta": 0.010971}}
{"target": -202.32513424349824, "params": {"gamma": 4.077336153001339, "prior": 3.0494110501065124, "rate": 2.210242885260159}, "datetime": {"datetime": "2024-06-14 04:54:23", "elapsed": 18.474029, "delta": 0.009973}}
{"target": -131.4591026642263, "params": {"gamma": 2.178141660255354, "prior": 7.710506836041361, "rate": 7.554669376147851}, "datetime": {"datetime": "2024-06-14 04:54:23", "elapsed": 18.484002, "delta": 0.009973}}
{"target": -263.98285063629226, "params": {"gamma": 9.782554060479685, "prior": 0.9247667416835517, "rate": 2.20261362016969}, "datetime": {"datetime": "2024-06-14 04:54:23", "elapsed": 18.494005, "delta": 0.010003}}
{"target": -337.7672740263505, "params": {"gamma": 9.837125648386799, "prior": 5.509106350626703, "rate": 5.537150485250019}, "datetime": {"datetime": "2024-06-14 04:54:23", "elapsed": 18.504947, "delta": 0.010942}}
{"target": -184.2226996114224, "params": {"gamma": 3.4883611819824956, "prior": 7.06748571585924, "rate": 4.998138049601288}, "datetime": {"datetime": "2024-06-14 04:54:23", "elapsed": 18.514919, "delta": 0.009972}}
{"target": -420.9225455696576, "params": {"gamma": 4.695463118034527, "prior": 5.542751161345011, "rate": 0.25277683452447997}, "datetime": {"datetime": "2024-06-14 04:54:23", "elapsed": 18.524893, "delta": 0.009974}}
{"target": -169.47937500768984, "params": {"gamma": 5.313075133078175, "prior": 1.4163491522539797, "rate": 4.589832013123402}, "datetime": {"datetime": "2024-06-14 04:54:23", "elapsed": 18.534866, "delta": 0.009973}}
{"target": -136.6372958518685, "params": {"gamma": 0.8236297527845414, "prior": 8.900720326296751, "rate": 3.7848776219177442}, "datetime": {"datetime": "2024-06-14 04:54:23", "elapsed": 18.545837, "delta": 0.010971}}
{"target": -320.39626426062915, "params": {"gamma": 4.304116749507192, "prior": 7.4464056980919, "rate": 1.5585894193146912}, "datetime": {"datetime": "2024-06-14 04:54:23", "elapsed": 18.55581, "delta": 0.009973}}
{"target": -265.76298064179747, "params": {"gamma": 5.750661895522346, "prior": 5.159372732252272, "rate": 3.6836674731700536}, "datetime": {"datetime": "2024-06-14 04:54:23", "elapsed": 18.565783, "delta": 0.009973}}
{"target": -343.0739770264174, "params": {"gamma": 6.833671828543643, "prior": 7.965413407633205, "rate": 4.677377247445764}, "datetime": {"datetime": "2024-06-14 04:54:23", "elapsed": 18.575786, "delta": 0.010003}}
{"target": -342.5768586599533, "params": {"gamma": 6.273883706867163, "prior": 9.134137256508124, "rate": 4.570261651531608}, "datetime": {"datetime": "2024-06-14 04:54:23", "elapsed": 18.586236, "delta": 0.01045}}
{"target": -125.77856980121054, "params": {"gamma": 1.3510644515976318, "prior": 5.4780076342581925, "rate": 4.300850527874765}, "datetime": {"datetime": "2024-06-14 04:54:23", "elapsed": 18.596209, "delta": 0.009973}}
{"target": -542.9685241428608, "params": {"gamma": 7.6833624868607115, "prior": 7.996978647259612, "rate": 1.719287872743418}, "datetime": {"datetime": "2024-06-14 04:54:23", "elapsed": 18.60718, "delta": 0.010971}}
{"target": -150.23725161800232, "params": {"gamma": 4.379951424269699, "prior": 2.741527848856144, "rate": 9.54693755681465}, "datetime": {"datetime": "2024-06-14 04:54:23", "elapsed": 18.617153, "delta": 0.009973}}
{"target": -329.8402433075368, "params": {"gamma": 9.368784466603346, "prior": 4.400052644616815, "rate": 4.310675867474359}, "datetime": {"datetime": "2024-06-14 04:54:23", "elapsed": 18.627127, "delta": 0.009974}}
{"target": -429.15019641364853, "params": {"gamma": 7.465025027815888, "prior": 6.000161900798046, "rate": 2.5914507949566294}, "datetime": {"datetime": "2024-06-14 04:54:23", "elapsed": 18.638098, "delta": 0.010971}}
{"target": -223.12828938397325, "params": {"gamma": 4.832217482249796, "prior": 8.912072929132934, "rate": 6.815859364103486}, "datetime": {"datetime": "2024-06-14 04:54:23", "elapsed": 18.649068, "delta": 0.01097}}
{"target": -367.53631305628164, "params": {"gamma": 5.631702156360547, "prior": 8.779863851817137, "rate": 2.763487550262558}, "datetime": {"datetime": "2024-06-14 04:54:23", "elapsed": 18.66004, "delta": 0.010972}}
{"target": -302.96904751059435, "params": {"gamma": 9.968477906522146, "prior": 2.07841434989855, "rate": 8.398095485642296}, "datetime": {"datetime": "2024-06-14 04:54:23", "elapsed": 18.670012, "delta": 0.009972}}
{"target": -342.56103928513767, "params": {"gamma": 7.423677265955892, "prior": 8.654133782311007, "rate": 5.849590827242212}, "datetime": {"datetime": "2024-06-14 04:54:23", "elapsed": 18.680983, "delta": 0.010971}}
{"target": -116.22598111942574, "params": {"gamma": 2.324580257505538, "prior": 4.8868473200156455, "rate": 8.623889760611993}, "datetime": {"datetime": "2024-06-14 04:54:23", "elapsed": 18.69498, "delta": 0.013997}}
{"target": -266.6545281812659, "params": {"gamma": 7.9782472422770105, "prior": 1.8177543148375053, "rate": 9.922107078907667}, "datetime": {"datetime": "2024-06-14 04:54:23", "elapsed": 18.705826, "delta": 0.010846}}
{"target": -126.33690774664483, "params": {"gamma": 0.30509199963247896, "prior": 3.987219786468616, "rate": 7.544258751962611}, "datetime": {"datetime": "2024-06-14 04:54:23", "elapsed": 18.715801, "delta": 0.009975}}
{"target": -329.71702878204974, "params": {"gamma": 9.737423089296351, "prior": 1.5070537571269909, "rate": 9.240481445983646}, "datetime": {"datetime": "2024-06-14 04:54:23", "elapsed": 18.725913, "delta": 0.010112}}
{"target": -141.1399670359373, "params": {"gamma": 2.1910205215764544, "prior": 5.571121613460873, "rate": 4.328641890073879}, "datetime": {"datetime": "2024-06-14 04:54:23", "elapsed": 18.736907, "delta": 0.010994}}
{"target": -244.72349824462705, "params": {"gamma": 8.080742990009732, "prior": 1.471838851029407, "rate": 1.909508341737192}, "datetime": {"datetime": "2024-06-14 04:54:23", "elapsed": 18.746899, "delta": 0.009992}}
{"target": -185.88889221697391, "params": {"gamma": 5.6755575331194175, "prior": 2.178521665483254, "rate": 8.800046492896152}, "datetime": {"datetime": "2024-06-14 04:54:23", "elapsed": 18.757886, "delta": 0.010987}}
{"target": -244.17816049851012, "params": {"gamma": 5.783951692141619, "prior": 9.126375539251068, "rate": 7.643651482024123}, "datetime": {"datetime": "2024-06-14 04:54:23", "elapsed": 18.767859, "delta": 0.009973}}
{"target": -400.64669065088765, "params": {"gamma": 4.749956447996781, "prior": 6.954842154506416, "rate": 0.5989622103785784}, "datetime": {"datetime": "2024-06-14 04:54:23", "elapsed": 18.777849, "delta": 0.00999}}
{"target": -496.0087654710423, "params": {"gamma": 6.3129540540322955, "prior": 9.842067917397047, "rate": 1.1947254178184115}, "datetime": {"datetime": "2024-06-14 04:54:23", "elapsed": 18.788819, "delta": 0.01097}}
{"target": -203.95484662280614, "params": {"gamma": 4.516215172846799, "prior": 0.2834860525337505, "rate": 6.881590456377558}, "datetime": {"datetime": "2024-06-14 04:54:23", "elapsed": 18.798811, "delta": 0.009992}}
{"target": -142.42392217992344, "params": {"gamma": 0.19520689181535128, "prior": 4.607194980262459, "rate": 2.192284951246659}, "datetime": {"datetime": "2024-06-14 04:54:23", "elapsed": 18.808801, "delta": 0.00999}}
{"target": -281.58560564874387, "params": {"gamma": 8.072347745473287, "prior": 6.491810326909217, "rate": 6.663022020111727}, "datetime": {"datetime": "2024-06-14 04:54:23", "elapsed": 18.819771, "delta": 0.01097}}
{"target": -173.08678665003123, "params": {"gamma": 5.49936117147423, "prior": 2.5794193904395852, "rate": 8.157094551477481}, "datetime": {"datetime": "2024-06-14 04:54:23", "elapsed": 18.82976, "delta": 0.009989}}
{"target": -258.8562089841475, "params": {"gamma": 8.801319434535824, "prior": 4.439339280064714, "rate": 5.863711820741532}, "datetime": {"datetime": "2024-06-14 04:54:23", "elapsed": 18.840239, "delta": 0.010479}}
{"target": -264.9727870508816, "params": {"gamma": 6.243379942629359, "prior": 7.303295041403323, "rate": 5.909446588136741}, "datetime": {"datetime": "2024-06-14 04:54:23", "elapsed": 18.850271, "delta": 0.010032}}
{"target": -370.2580405261985, "params": {"gamma": 8.066169168171944, "prior": 8.258471981731269, "rate": 5.56594710415588}, "datetime": {"datetime": "2024-06-14 04:54:23", "elapsed": 18.860247, "delta": 0.009976}}
{"target": -237.38523530777454, "params": {"gamma": 8.829655088096155, "prior": 2.109092556269915, "rate": 4.136740721638024}, "datetime": {"datetime": "2024-06-14 04:54:23", "elapsed": 18.87022, "delta": 0.009973}}
{"target": -225.19020611330595, "params": {"gamma": 6.301468383632087, "prior": 1.1154697020039852, "rate": 7.186717564230962}, "datetime": {"datetime": "2024-06-14 04:54:23", "elapsed": 18.881191, "delta": 0.010971}}
{"target": -179.22327974551052, "params": {"gamma": 4.797353694402805, "prior": 3.852038987367971, "rate": 4.519015226631978}, "datetime": {"datetime": "2024-06-14 04:54:23", "elapsed": 18.891247, "delta": 0.010056}}
{"target": -136.45510153829053, "params": {"gamma": 3.6764939669400882, "prior": 2.471426634522078, "rate": 9.158808384961374}, "datetime": {"datetime": "2024-06-14 04:54:23", "elapsed": 18.901222, "delta": 0.009975}}
{"target": -431.2316949633293, "params": {"gamma": 7.993823586812164, "prior": 3.406006211735859, "rate": 1.691347664222673}, "datetime": {"datetime": "2024-06-14 04:54:23", "elapsed": 18.912196, "delta": 0.010974}}
{"target": -121.36278293716252, "params": {"gamma": 1.1671456351759943, "prior": 7.973795195960528, "rate": 7.020580256606766}, "datetime": {"datetime": "2024-06-14 04:54:23", "elapsed": 18.922169, "delta": 0.009973}}
{"target": -103.72267067942592, "params": {"gamma": 0.7532513187567459, "prior": 1.2542804976959159, "rate": 9.138126532938669}, "datetime": {"datetime": "2024-06-14 04:54:23", "elapsed": 18.932652, "delta": 0.010483}}
{"target": -541.8589008937032, "params": {"gamma": 8.697844167744172, "prior": 2.990329199931283, "rate": 1.0208976946159853}, "datetime": {"datetime": "2024-06-14 04:54:23", "elapsed": 18.942647, "delta": 0.009995}}
{"target": -332.6953542992454, "params": {"gamma": 8.089104924003614, "prior": 0.35911927558226864, "rate": 6.363840611525337}, "datetime": {"datetime": "2024-06-14 04:54:23", "elapsed": 18.952655, "delta": 0.010008}}
{"target": -168.96331503557656, "params": {"gamma": 1.6017100608988064, "prior": 6.947081844135219, "rate": 1.6810289418629691}, "datetime": {"datetime": "2024-06-14 04:54:23", "elapsed": 18.963597, "delta": 0.010942}}
{"target": -130.0586499094975, "params": {"gamma": 3.491138224246637, "prior": 1.3086604715542876, "rate": 2.8715832231230745}, "datetime": {"datetime": "2024-06-14 04:54:23", "elapsed": 18.973566, "delta": 0.009969}}
{"target": -111.85363206437682, "params": {"gamma": 1.2918445291131877, "prior": 4.687523094792548, "rate": 6.494427895595687}, "datetime": {"datetime": "2024-06-14 04:54:23", "elapsed": 18.983542, "delta": 0.009976}}
{"target": -190.01997611717482, "params": {"gamma": 3.945711176055152, "prior": 9.534289164446331, "rate": 7.5488990420267905}, "datetime": {"datetime": "2024-06-14 04:54:23", "elapsed": 18.994516, "delta": 0.010974}}
{"target": -285.66504098484165, "params": {"gamma": 5.444208932057693, "prior": 5.67887663019228, "rate": 3.2067189291281246}, "datetime": {"datetime": "2024-06-14 04:54:23", "elapsed": 19.004395, "delta": 0.009879}}
{"target": -507.6931694752694, "params": {"gamma": 5.1256851497310105, "prior": 7.602335802195582, "rate": 0.019094445132394236}, "datetime": {"datetime": "2024-06-14 04:54:23", "elapsed": 19.01437, "delta": 0.009975}}
{"target": -200.09624588555303, "params": {"gamma": 4.806438381858799, "prior": 9.051149756240171, "rate": 8.49515263986085}, "datetime": {"datetime": "2024-06-14 04:54:23", "elapsed": 19.024345, "delta": 0.009975}}
{"target": -140.794839764688, "params": {"gamma": 2.210733350081861, "prior": 7.388740776568681, "rate": 5.849151492900638}, "datetime": {"datetime": "2024-06-14 04:54:23", "elapsed": 19.035318, "delta": 0.010973}}
{"target": -211.6669580676998, "params": {"gamma": 5.255835607120612, "prior": 6.648300677217822, "rate": 6.321044057567672}, "datetime": {"datetime": "2024-06-14 04:54:23", "elapsed": 19.045294, "delta": 0.009976}}
{"target": -134.32741547178526, "params": {"gamma": 0.7151025607260231, "prior": 4.226738133427656, "rate": 1.9937729109275177}, "datetime": {"datetime": "2024-06-14 04:54:23", "elapsed": 19.055269, "delta": 0.009975}}
{"target": -205.35134132135667, "params": {"gamma": 7.006133824526521, "prior": 2.8057722884778102, "rate": 4.36475792464087}, "datetime": {"datetime": "2024-06-14 04:54:23", "elapsed": 19.065245, "delta": 0.009976}}
{"target": -274.8984936137237, "params": {"gamma": 8.216434846465544, "prior": 7.852323575275002, "rate": 8.541747338132712}, "datetime": {"datetime": "2024-06-14 04:54:23", "elapsed": 19.076217, "delta": 0.010972}}
{"target": -437.15868528166544, "params": {"gamma": 4.791059397936408, "prior": 9.272297925997325, "rate": 0.31651532588659786}, "datetime": {"datetime": "2024-06-14 04:54:23", "elapsed": 19.086191, "delta": 0.009974}}
{"target": -253.1112433649672, "params": {"gamma": 9.382894180194201, "prior": 3.551425046560445, "rate": 8.128417943848676}, "datetime": {"datetime": "2024-06-14 04:54:23", "elapsed": 19.097179, "delta": 0.010988}}
{"target": -391.243414125422, "params": {"gamma": 9.483262648120892, "prior": 8.928959309652628, "rate": 6.980493154617331}, "datetime": {"datetime": "2024-06-14 04:54:23", "elapsed": 19.107179, "delta": 0.01}}
{"target": -371.630950853249, "params": {"gamma": 6.702161211463432, "prior": 9.738421930452827, "rate": 4.651622241751715}, "datetime": {"datetime": "2024-06-14 04:54:23", "elapsed": 19.117169, "delta": 0.00999}}
{"target": -104.62955826457328, "params": {"gamma": 1.041066599814464, "prior": 0.3390594280462933, "rate": 8.813120742542266}, "datetime": {"datetime": "2024-06-14 04:54:23", "elapsed": 19.127648, "delta": 0.010479}}
{"target": -138.33263579305756, "params": {"gamma": 0.2628840047433559, "prior": 9.513197094050101, "rate": 5.699606506289468}, "datetime": {"datetime": "2024-06-14 04:54:23", "elapsed": 19.13862, "delta": 0.010972}}
{"target": -103.74481768082522, "params": {"gamma": 1.0873943825156032, "prior": 0.12808924763751406, "rate": 1.8532876710508426}, "datetime": {"datetime": "2024-06-14 04:55:00", "elapsed": 56.38973, "delta": 37.25111}}
{"target": -106.9120170090987, "params": {"gamma": 1.0443913170215708, "prior": 0.10000000557592804, "rate": 9.999999994368313}, "datetime": {"datetime": "2024-06-14 04:55:24", "elapsed": 80.110487, "delta": 23.720757}}
{"target": -150.3352584749367, "params": {"gamma": 0.001, "prior": 10.0, "rate": 10.0}, "datetime": {"datetime": "2024-06-14 04:56:17", "elapsed": 133.147712, "delta": 53.037225}}
{"target": -102.28838040265893, "params": {"gamma": 0.9279820164360713, "prior": 1.4433879869330972, "rate": 9.950670671753839}, "datetime": {"datetime": "2024-06-14 04:56:39", "elapsed": 155.281963, "delta": 22.134251}}
{"target": -104.61406147559491, "params": {"gamma": 1.6920560226123984, "prior": 2.7247861433635268, "rate": 9.98967169112529}, "datetime": {"datetime": "2024-06-14 04:57:16", "elapsed": 191.92612, "delta": 36.644157}}
{"target": -105.869002044772, "params": {"gamma": 1.3419255767384748, "prior": 0.7757737410973277, "rate": 9.962905940247925}, "datetime": {"datetime": "2024-06-14 04:57:47", "elapsed": 223.079222, "delta": 31.153102}}
{"target": -102.64615715802255, "params": {"gamma": 1.0662484822206735, "prior": 0.10897708305422965, "rate": 1.0011141506338852}, "datetime": {"datetime": "2024-06-14 04:58:22", "elapsed": 258.134535, "delta": 35.055313}}
{"target": -104.76911216420356, "params": {"gamma": 0.7475610375222125, "prior": 0.14376401235267683, "rate": 6.6468614749355845}, "datetime": {"datetime": "2024-06-14 04:58:53", "elapsed": 289.029766, "delta": 30.895231}}
{"target": -102.49023479495125, "params": {"gamma": 1.2264361598821685, "prior": 1.486804138282076, "rate": 9.249901957184921}, "datetime": {"datetime": "2024-06-14 04:59:34", "elapsed": 329.827834, "delta": 40.798068}}
{"target": -104.9261462008213, "params": {"gamma": 0.9162624315725089, "prior": 0.14728207934974707, "rate": 7.873618773191767}, "datetime": {"datetime": "2024-06-14 04:59:59", "elapsed": 355.042146, "delta": 25.214312}}
{"target": -102.34818883030088, "params": {"gamma": 0.9105274884411441, "prior": 0.7909996684434633, "rate": 5.280059286980155}, "datetime": {"datetime": "2024-06-14 05:00:17", "elapsed": 372.870484, "delta": 17.828338}}
{"target": -102.72457030578452, "params": {"gamma": 1.0417062541241833, "prior": 0.8587826070717812, "rate": 8.554784986290164}, "datetime": {"datetime": "2024-06-14 05:00:37", "elapsed": 393.400257, "delta": 20.529773}}
{"target": -102.64371690797257, "params": {"gamma": 0.8683660067980528, "prior": 0.7911077021036999, "rate": 4.240869523556881}, "datetime": {"datetime": "2024-06-14 05:01:01", "elapsed": 416.842204, "delta": 23.441947}}
{"target": -102.90049095204517, "params": {"gamma": 0.8704879943806725, "prior": 0.6223902565122511, "rate": 6.90081520548415}, "datetime": {"datetime": "2024-06-14 05:01:30", "elapsed": 445.986131, "delta": 29.143927}}
{"target": -102.5283024324217, "params": {"gamma": 1.3091102211278456, "prior": 0.788142876853685, "rate": 2.5599733164023957}, "datetime": {"datetime": "2024-06-14 05:01:53", "elapsed": 468.845595, "delta": 22.859464}}
{"target": -105.2688882271798, "params": {"gamma": 0.7705075405817129, "prior": 0.1, "rate": 9.404022994179511}, "datetime": {"datetime": "2024-06-14 05:02:12", "elapsed": 487.712298, "delta": 18.866703}}
{"target": -103.68423000854956, "params": {"gamma": 1.1662019177698357, "prior": 3.800139819705779, "rate": 9.931033199555554}, "datetime": {"datetime": "2024-06-14 05:02:48", "elapsed": 523.503857, "delta": 35.791559}}
{"target": -103.10966949573708, "params": {"gamma": 1.1303175322890255, "prior": 2.409650227795966, "rate": 6.92734322158412}, "datetime": {"datetime": "2024-06-14 05:03:11", "elapsed": 547.165431, "delta": 23.661574}}
{"target": -102.49412139780623, "params": {"gamma": 0.9444618014070857, "prior": 1.3838345672290466, "rate": 5.647439313137609}, "datetime": {"datetime": "2024-06-14 05:03:43", "elapsed": 579.302515, "delta": 32.137084}}
{"target": -104.55634107316406, "params": {"gamma": 0.9478134335319778, "prior": 0.12295023690515397, "rate": 4.418082513760156}, "datetime": {"datetime": "2024-06-14 05:04:14", "elapsed": 610.067042, "delta": 30.764527}}
