{"target": -367.16241989346275, "params": {"gamma": 6.250711640076693, "prior": 6.634028573401182, "rate": 7.340553331594224}, "datetime": {"datetime": "2024-06-14 11:40:55", "elapsed": 18.215624, "delta": 0.010971}}
{"target": -669.015555440929, "params": {"gamma": 5.54904548691878, "prior": 1.162819548016187, "rate": 6.403837458691426}, "datetime": {"datetime": "2024-06-14 11:40:55", "elapsed": 18.225597, "delta": 0.009973}}
{"target": -689.135528622589, "params": {"gamma": 6.705637999047665, "prior": 2.5760592163646616, "rate": 9.48280432589309}, "datetime": {"datetime": "2024-06-14 11:40:55", "elapsed": 18.23557, "delta": 0.009973}}
{"target": -262.34711591022153, "params": {"gamma": 4.527038501594155, "prior": 8.680484824940818, "rate": 6.5311578451151915}, "datetime": {"datetime": "2024-06-14 11:40:55", "elapsed": 18.245543, "delta": 0.009973}}
{"target": -371.8313752282441, "params": {"gamma": 6.165734558182161, "prior": 5.53906870999164, "rate": 6.4760270347112066}, "datetime": {"datetime": "2024-06-14 11:40:55", "elapsed": 18.256514, "delta": 0.010971}}
{"target": -424.4335070287504, "params": {"gamma": 8.443508165581074, "prior": 7.79110035202588, "rate": 6.726602036977152}, "datetime": {"datetime": "2024-06-14 11:40:55", "elapsed": 18.266487, "delta": 0.009973}}
{"target": -166.7616924614694, "params": {"gamma": 0.31942149138614195, "prior": 0.18607824607212345, "rate": 3.5860179122930487}, "datetime": {"datetime": "2024-06-14 11:40:55", "elapsed": 18.276461, "delta": 0.009974}}
{"target": -144.00199702213285, "params": {"gamma": 0.30730757815686666, "prior": 5.226689787064359, "rate": 0.036535454134401193}, "datetime": {"datetime": "2024-06-14 11:40:55", "elapsed": 18.286434, "delta": 0.009973}}
{"target": -442.4161078385057, "params": {"gamma": 4.80782326402619, "prior": 3.8383252631823646, "rate": 9.57468291548391}, "datetime": {"datetime": "2024-06-14 11:40:55", "elapsed": 18.296407, "delta": 0.009973}}
{"target": -184.45263314001045, "params": {"gamma": 0.5594796463757505, "prior": 0.7453906352106907, "rate": 8.492816205896958}, "datetime": {"datetime": "2024-06-14 11:40:55", "elapsed": 18.306886, "delta": 0.010479}}
{"target": -321.3975558153297, "params": {"gamma": 7.95278352446082, "prior": 9.364876906499536, "rate": 0.7832882493134576}, "datetime": {"datetime": "2024-06-14 11:40:55", "elapsed": 18.316859, "delta": 0.009973}}
{"target": -310.37501496362, "params": {"gamma": 6.201377645038051, "prior": 5.192608250406824, "rate": 3.2164188746044267}, "datetime": {"datetime": "2024-06-14 11:40:55", "elapsed": 18.326833, "delta": 0.009974}}
{"target": -264.6949933372914, "params": {"gamma": 6.108503694482293, "prior": 9.188970106003065, "rate": 0.6265924993176286}, "datetime": {"datetime": "2024-06-14 11:40:55", "elapsed": 18.337803, "delta": 0.01097}}
{"target": -421.790764680523, "params": {"gamma": 6.597601675698143, "prior": 2.9231979136433965, "rate": 4.05507146708443}, "datetime": {"datetime": "2024-06-14 11:40:55", "elapsed": 18.347777, "delta": 0.009974}}
{"target": -1036.94802055158, "params": {"gamma": 8.497095650065528, "prior": 1.3051221032419362, "rate": 8.429867764940202}, "datetime": {"datetime": "2024-06-14 11:40:55", "elapsed": 18.357751, "delta": 0.009974}}
{"target": -261.5269780551007, "params": {"gamma": 4.043023200888809, "prior": 9.840486039447793, "rate": 9.180238599391384}, "datetime": {"datetime": "2024-06-14 11:40:55", "elapsed": 18.367723, "delta": 0.009972}}
{"target": -244.31178359894167, "params": {"gamma": 4.077336153001339, "prior": 3.0494110501065124, "rate": 2.210242885260159}, "datetime": {"datetime": "2024-06-14 11:40:55", "elapsed": 18.378274, "delta": 0.010551}}
{"target": -199.02572189075863, "params": {"gamma": 2.178141660255354, "prior": 7.710506836041361, "rate": 7.554669376147851}, "datetime": {"datetime": "2024-06-14 11:40:55", "elapsed": 18.388247, "delta": 0.009973}}
{"target": -784.9346162231586, "params": {"gamma": 9.782554060479685, "prior": 0.9247667416835517, "rate": 2.20261362016969}, "datetime": {"datetime": "2024-06-14 11:40:55", "elapsed": 18.399006, "delta": 0.010759}}
{"target": -502.15348813146187, "params": {"gamma": 9.837125648386799, "prior": 5.509106350626703, "rate": 5.537150485250019}, "datetime": {"datetime": "2024-06-14 11:40:55", "elapsed": 18.40955, "delta": 0.010544}}
{"target": -223.28736436889704, "params": {"gamma": 3.4883611819824956, "prior": 7.06748571585924, "rate": 4.998138049601288}, "datetime": {"datetime": "2024-06-14 11:40:55", "elapsed": 18.419524, "delta": 0.009974}}
{"target": -224.02238086572484, "params": {"gamma": 4.695463118034527, "prior": 5.542751161345011, "rate": 0.25277683452447997}, "datetime": {"datetime": "2024-06-14 11:40:55", "elapsed": 18.429082, "delta": 0.009558}}
{"target": -535.4835425932484, "params": {"gamma": 5.313075133078175, "prior": 1.4163491522539797, "rate": 4.589832013123402}, "datetime": {"datetime": "2024-06-14 11:40:55", "elapsed": 18.439523, "delta": 0.010441}}
{"target": -148.45693333348902, "params": {"gamma": 0.8236297527845414, "prior": 8.900720326296751, "rate": 3.7848776219177442}, "datetime": {"datetime": "2024-06-14 11:40:55", "elapsed": 18.450494, "delta": 0.010971}}
{"target": -213.3620769575711, "params": {"gamma": 4.304116749507192, "prior": 7.4464056980919, "rate": 1.5585894193146912}, "datetime": {"datetime": "2024-06-14 11:40:55", "elapsed": 18.460467, "delta": 0.009973}}
{"target": -302.88868024545917, "params": {"gamma": 5.750661895522346, "prior": 5.159372732252272, "rate": 3.6836674731700536}, "datetime": {"datetime": "2024-06-14 11:40:55", "elapsed": 18.471438, "delta": 0.010971}}
{"target": -330.9124012482008, "params": {"gamma": 6.833671828543643, "prior": 7.965413407633205, "rate": 4.677377247445764}, "datetime": {"datetime": "2024-06-14 11:40:55", "elapsed": 18.481411, "delta": 0.009973}}
{"target": -301.88081361245645, "params": {"gamma": 6.273883706867163, "prior": 9.134137256508124, "rate": 4.570261651531608}, "datetime": {"datetime": "2024-06-14 11:40:55", "elapsed": 18.491386, "delta": 0.009975}}
{"target": -166.42254614224407, "params": {"gamma": 1.3510644515976318, "prior": 5.4780076342581925, "rate": 4.300850527874765}, "datetime": {"datetime": "2024-06-14 11:40:55", "elapsed": 18.502356, "delta": 0.01097}}
{"target": -323.9742154534419, "params": {"gamma": 7.6833624868607115, "prior": 7.996978647259612, "rate": 1.719287872743418}, "datetime": {"datetime": "2024-06-14 11:40:55", "elapsed": 18.512329, "delta": 0.009973}}
{"target": -470.3732293047418, "params": {"gamma": 4.379951424269699, "prior": 2.741527848856144, "rate": 9.54693755681465}, "datetime": {"datetime": "2024-06-14 11:40:55", "elapsed": 18.5233, "delta": 0.010971}}
{"target": -478.5531050807901, "params": {"gamma": 9.368784466603346, "prior": 4.400052644616815, "rate": 4.310675867474359}, "datetime": {"datetime": "2024-06-14 11:40:55", "elapsed": 18.533273, "delta": 0.009973}}
{"target": -339.22943825808557, "params": {"gamma": 7.465025027815888, "prior": 6.000161900798046, "rate": 2.5914507949566294}, "datetime": {"datetime": "2024-06-14 11:40:55", "elapsed": 18.543246, "delta": 0.009973}}
{"target": -274.3583662781712, "params": {"gamma": 4.832217482249796, "prior": 8.912072929132934, "rate": 6.815859364103486}, "datetime": {"datetime": "2024-06-14 11:40:55", "elapsed": 18.553219, "delta": 0.009973}}
{"target": -262.980455711575, "params": {"gamma": 5.631702156360547, "prior": 8.779863851817137, "rate": 2.763487550262558}, "datetime": {"datetime": "2024-06-14 11:40:55", "elapsed": 18.563193, "delta": 0.009974}}
{"target": -1030.3601670527732, "params": {"gamma": 9.968477906522146, "prior": 2.07841434989855, "rate": 8.398095485642296}, "datetime": {"datetime": "2024-06-14 11:40:55", "elapsed": 18.574163, "delta": 0.01097}}
{"target": -362.47408469927694, "params": {"gamma": 7.423677265955892, "prior": 8.654133782311007, "rate": 5.849590827242212}, "datetime": {"datetime": "2024-06-14 11:40:55", "elapsed": 18.584137, "delta": 0.009974}}
{"target": -244.47329408265753, "params": {"gamma": 2.324580257505538, "prior": 4.8868473200156455, "rate": 8.623889760611993}, "datetime": {"datetime": "2024-06-14 11:40:55", "elapsed": 18.59411, "delta": 0.009973}}
{"target": -930.3292684209868, "params": {"gamma": 7.9782472422770105, "prior": 1.8177543148375053, "rate": 9.922107078907667}, "datetime": {"datetime": "2024-06-14 11:40:55", "elapsed": 18.604083, "delta": 0.009973}}
{"target": -154.458983052255, "params": {"gamma": 0.30509199963247896, "prior": 3.987219786468616, "rate": 7.544258751962611}, "datetime": {"datetime": "2024-06-14 11:40:55", "elapsed": 18.614057, "delta": 0.009974}}
{"target": -1163.3434746189394, "params": {"gamma": 9.737423089296351, "prior": 1.5070537571269909, "rate": 9.240481445983646}, "datetime": {"datetime": "2024-06-14 11:40:55", "elapsed": 18.625028, "delta": 0.010971}}
{"target": -188.17311696585517, "params": {"gamma": 2.1910205215764544, "prior": 5.571121613460873, "rate": 4.328641890073879}, "datetime": {"datetime": "2024-06-14 11:40:55", "elapsed": 18.635001, "delta": 0.009973}}
{"target": -476.1143667892172, "params": {"gamma": 8.080742990009732, "prior": 1.471838851029407, "rate": 1.909508341737192}, "datetime": {"datetime": "2024-06-14 11:40:55", "elapsed": 18.644974, "delta": 0.009973}}
{"target": -616.6640886992842, "params": {"gamma": 5.6755575331194175, "prior": 2.178521665483254, "rate": 8.800046492896152}, "datetime": {"datetime": "2024-06-14 11:40:55", "elapsed": 18.656045, "delta": 0.011071}}
{"target": -316.83949525253774, "params": {"gamma": 5.783951692141619, "prior": 9.126375539251068, "rate": 7.643651482024123}, "datetime": {"datetime": "2024-06-14 11:40:55", "elapsed": 18.666016, "delta": 0.009971}}
{"target": -223.73811875714847, "params": {"gamma": 4.749956447996781, "prior": 6.954842154506416, "rate": 0.5989622103785784}, "datetime": {"datetime": "2024-06-14 11:40:55", "elapsed": 18.675989, "delta": 0.009973}}
{"target": -271.4868768859196, "params": {"gamma": 6.3129540540322955, "prior": 9.842067917397047, "rate": 1.1947254178184115}, "datetime": {"datetime": "2024-06-14 11:40:55", "elapsed": 18.685962, "delta": 0.009973}}
{"target": -704.0921282466385, "params": {"gamma": 4.516215172846799, "prior": 0.2834860525337505, "rate": 6.881590456377558}, "datetime": {"datetime": "2024-06-14 11:40:55", "elapsed": 18.695936, "delta": 0.009974}}
{"target": -147.14644224821734, "params": {"gamma": 0.19520689181535128, "prior": 4.607194980262459, "rate": 2.192284951246659}, "datetime": {"datetime": "2024-06-14 11:40:55", "elapsed": 18.706907, "delta": 0.010971}}
{"target": -431.5144924395734, "params": {"gamma": 8.072347745473287, "prior": 6.491810326909217, "rate": 6.663022020111727}, "datetime": {"datetime": "2024-06-14 11:40:55", "elapsed": 18.71688, "delta": 0.009973}}
{"target": -545.5899570650804, "params": {"gamma": 5.49936117147423, "prior": 2.5794193904395852, "rate": 8.157094551477481}, "datetime": {"datetime": "2024-06-14 11:40:55", "elapsed": 18.726853, "delta": 0.009973}}
{"target": -513.7581413306565, "params": {"gamma": 8.801319434535824, "prior": 4.439339280064714, "rate": 5.863711820741532}, "datetime": {"datetime": "2024-06-14 11:40:55", "elapsed": 18.736827, "delta": 0.009974}}
{"target": -331.2574111414731, "params": {"gamma": 6.243379942629359, "prior": 7.303295041403323, "rate": 5.909446588136741}, "datetime": {"datetime": "2024-06-14 11:40:55", "elapsed": 18.747797, "delta": 0.01097}}
{"target": -387.36662834355184, "params": {"gamma": 8.066169168171944, "prior": 8.258471981731269, "rate": 5.56594710415588}, "datetime": {"datetime": "2024-06-14 11:40:55", "elapsed": 18.757771, "delta": 0.009974}}
{"target": -642.6691545148119, "params": {"gamma": 8.829655088096155, "prior": 2.109092556269915, "rate": 4.136740721638024}, "datetime": {"datetime": "2024-06-14 11:40:55", "elapsed": 18.767744, "delta": 0.009973}}
{"target": -783.9127368689353, "params": {"gamma": 6.301468383632087, "prior": 1.1154697020039852, "rate": 7.186717564230962}, "datetime": {"datetime": "2024-06-14 11:40:55", "elapsed": 18.777717, "delta": 0.009973}}
{"target": -314.7363369934363, "params": {"gamma": 4.797353694402805, "prior": 3.852038987367971, "rate": 4.519015226631978}, "datetime": {"datetime": "2024-06-14 11:40:55", "elapsed": 18.788688, "delta": 0.010971}}
{"target": -419.3273885863936, "params": {"gamma": 3.6764939669400882, "prior": 2.471426634522078, "rate": 9.158808384961374}, "datetime": {"datetime": "2024-06-14 11:40:55", "elapsed": 18.798661, "delta": 0.009973}}
{"target": -365.8391676440461, "params": {"gamma": 7.993823586812164, "prior": 3.406006211735859, "rate": 1.691347664222673}, "datetime": {"datetime": "2024-06-14 11:40:55", "elapsed": 18.808635, "delta": 0.009974}}
{"target": -165.12170289132817, "params": {"gamma": 1.1671456351759943, "prior": 7.973795195960528, "rate": 7.020580256606766}, "datetime": {"datetime": "2024-06-14 11:40:55", "elapsed": 18.818608, "delta": 0.009973}}
{"target": -196.51417075625213, "params": {"gamma": 0.7532513187567459, "prior": 1.2542804976959159, "rate": 9.138126532938669}, "datetime": {"datetime": "2024-06-14 11:40:55", "elapsed": 18.829579, "delta": 0.010971}}
{"target": -374.780675898, "params": {"gamma": 8.697844167744172, "prior": 2.990329199931283, "rate": 1.0208976946159853}, "datetime": {"datetime": "2024-06-14 11:40:55", "elapsed": 18.839552, "delta": 0.009973}}
{"target": -1182.1640319330374, "params": {"gamma": 8.089104924003614, "prior": 0.35911927558226864, "rate": 6.363840611525337}, "datetime": {"datetime": "2024-06-14 11:40:55", "elapsed": 18.849525, "delta": 0.009973}}
{"target": -151.37002841235943, "params": {"gamma": 1.6017100608988064, "prior": 6.947081844135219, "rate": 1.6810289418629691}, "datetime": {"datetime": "2024-06-14 11:40:55", "elapsed": 18.859498, "delta": 0.009973}}
{"target": -333.8799515715364, "params": {"gamma": 3.491138224246637, "prior": 1.3086604715542876, "rate": 2.8715832231230745}, "datetime": {"datetime": "2024-06-14 11:40:55", "elapsed": 18.870469, "delta": 0.010971}}
{"target": -183.29266984789933, "params": {"gamma": 1.2918445291131877, "prior": 4.687523094792548, "rate": 6.494427895595687}, "datetime": {"datetime": "2024-06-14 11:40:55", "elapsed": 18.88045, "delta": 0.009981}}
{"target": -245.57603549344674, "params": {"gamma": 3.945711176055152, "prior": 9.534289164446331, "rate": 7.5488990420267905}, "datetime": {"datetime": "2024-06-14 11:40:55", "elapsed": 18.890419, "delta": 0.009969}}
{"target": -277.74663669355425, "params": {"gamma": 5.444208932057693, "prior": 5.67887663019228, "rate": 3.2067189291281246}, "datetime": {"datetime": "2024-06-14 11:40:55", "elapsed": 18.900392, "delta": 0.009973}}
{"target": -242.15342928691908, "params": {"gamma": 5.1256851497310105, "prior": 7.602335802195582, "rate": 0.019094445132394236}, "datetime": {"datetime": "2024-06-14 11:40:55", "elapsed": 18.911362, "delta": 0.01097}}
{"target": -290.5104568811842, "params": {"gamma": 4.806438381858799, "prior": 9.051149756240171, "rate": 8.49515263986085}, "datetime": {"datetime": "2024-06-14 11:40:55", "elapsed": 18.921336, "delta": 0.009974}}
{"target": -189.57401861905132, "params": {"gamma": 2.210733350081861, "prior": 7.388740776568681, "rate": 5.849151492900638}, "datetime": {"datetime": "2024-06-14 11:40:55", "elapsed": 18.932306, "delta": 0.01097}}
{"target": -308.92203085132417, "params": {"gamma": 5.255835607120612, "prior": 6.648300677217822, "rate": 6.321044057567672}, "datetime": {"datetime": "2024-06-14 11:40:55", "elapsed": 18.94228, "delta": 0.009974}}
{"target": -148.59239423958928, "params": {"gamma": 0.7151025607260231, "prior": 4.226738133427656, "rate": 1.9937729109275177}, "datetime": {"datetime": "2024-06-14 11:40:55", "elapsed": 18.952253, "delta": 0.009973}}
{"target": -467.84686587869317, "params": {"gamma": 7.006133824526521, "prior": 2.8057722884778102, "rate": 4.36475792464087}, "datetime": {"datetime": "2024-06-14 11:40:56", "elapsed": 18.962227, "delta": 0.009974}}
{"target": -446.8595265014166, "params": {"gamma": 8.216434846465544, "prior": 7.852323575275002, "rate": 8.541747338132712}, "datetime": {"datetime": "2024-06-14 11:40:56", "elapsed": 18.973197, "delta": 0.01097}}
{"target": -227.81550686667765, "params": {"gamma": 4.791059397936408, "prior": 9.272297925997325, "rate": 0.31651532588659786}, "datetime": {"datetime": "2024-06-14 11:40:56", "elapsed": 18.98317, "delta": 0.009973}}
{"target": -739.5780820343914, "params": {"gamma": 9.382894180194201, "prior": 3.551425046560445, "rate": 8.128417943848676}, "datetime": {"datetime": "2024-06-14 11:40:56", "elapsed": 18.993145, "delta": 0.009975}}
{"target": -456.5882783684908, "params": {"gamma": 9.483262648120892, "prior": 8.928959309652628, "rate": 6.980493154617331}, "datetime": {"datetime": "2024-06-14 11:40:56", "elapsed": 19.003148, "delta": 0.010003}}
{"target": -315.47408128620384, "params": {"gamma": 6.702161211463432, "prior": 9.738421930452827, "rate": 4.651622241751715}, "datetime": {"datetime": "2024-06-14 11:40:56", "elapsed": 19.014088, "delta": 0.01094}}
{"target": -241.7720789033917, "params": {"gamma": 1.041066599814464, "prior": 0.3390594280462933, "rate": 8.813120742542266}, "datetime": {"datetime": "2024-06-14 11:40:56", "elapsed": 19.02409, "delta": 0.010002}}
{"target": -147.83751767016668, "params": {"gamma": 0.2628840047433559, "prior": 9.513197094050101, "rate": 5.699606506289468}, "datetime": {"datetime": "2024-06-14 11:40:56", "elapsed": 19.035061, "delta": 0.010971}}
{"target": -147.64593503153208, "params": {"gamma": 0.001, "prior": 10.0, "rate": 10.0}, "datetime": {"datetime": "2024-06-14 11:41:29", "elapsed": 52.266535, "delta": 33.231474}}
{"target": -145.50631759244297, "params": {"gamma": 0.1605347142601105, "prior": 9.27533249855254, "rate": 0.16493640475978655}, "datetime": {"datetime": "2024-06-14 11:41:55", "elapsed": 78.005762, "delta": 25.739227}}
{"target": -147.682937376791, "params": {"gamma": 0.001, "prior": 0.10000000316251598, "rate": 9.999999996395493}, "datetime": {"datetime": "2024-06-14 11:42:21", "elapsed": 104.07242, "delta": 26.066658}}
{"target": -142.61345242628477, "params": {"gamma": 0.8471794323406185, "prior": 9.933802927804061, "rate": 0.10686203785843533}, "datetime": {"datetime": "2024-06-14 11:42:58", "elapsed": 141.71754, "delta": 37.64512}}
{"target": -148.63445593247783, "params": {"gamma": 0.06230221361244402, "prior": 5.595673218322127, "rate": 9.831514416977647}, "datetime": {"datetime": "2024-06-14 11:43:21", "elapsed": 164.374612, "delta": 22.657072}}
{"target": -147.68277900261975, "params": {"gamma": 0.001, "prior": 0.10000000439998039, "rate": 7.4578558930838605}, "datetime": {"datetime": "2024-06-14 11:44:00", "elapsed": 203.334225, "delta": 38.959613}}
{"target": -147.62486326297494, "params": {"gamma": 0.0010000125099563868, "prior": 10.0, "rate": 0.001}, "datetime": {"datetime": "2024-06-14 11:44:42", "elapsed": 245.112182, "delta": 41.777957}}
{"target": -147.70306085481553, "params": {"gamma": 0.0016035414447455312, "prior": 0.5402696996790005, "rate": 9.134060453529587}, "datetime": {"datetime": "2024-06-14 11:45:07", "elapsed": 270.559575, "delta": 25.447393}}
{"target": -146.73273597285498, "params": {"gamma": 0.06253310614329961, "prior": 7.575549410943717, "rate": 0.08907507747158024}, "datetime": {"datetime": "2024-06-14 11:45:29", "elapsed": 292.870805, "delta": 22.31123}}
{"target": -147.37840934654244, "params": {"gamma": 0.039614356819795325, "prior": 9.988035378567359, "rate": 3.488790211491148}, "datetime": {"datetime": "2024-06-14 11:45:56", "elapsed": 319.83313, "delta": 26.962325}}
{"target": -142.8175016899156, "params": {"gamma": 0.5353074979155996, "prior": 1.1612172843125246, "rate": 0.0414313359399189}, "datetime": {"datetime": "2024-06-14 11:46:17", "elapsed": 340.159835, "delta": 20.326705}}
{"target": -147.73968253286804, "params": {"gamma": 0.02283396202984273, "prior": 9.995285625767698, "rate": 9.060634176646978}, "datetime": {"datetime": "2024-06-14 11:46:42", "elapsed": 365.08726, "delta": 24.927425}}
{"target": -147.88213942430457, "params": {"gamma": 0.12594567169607512, "prior": 9.995683919180324, "rate": 7.135428592260399}, "datetime": {"datetime": "2024-06-14 11:47:02", "elapsed": 385.346887, "delta": 20.259627}}
{"target": -147.6225076486494, "params": {"gamma": 0.0017905911651781424, "prior": 9.845587035539, "rate": 2.186832700955911}, "datetime": {"datetime": "2024-06-14 11:47:34", "elapsed": 417.10114, "delta": 31.754253}}
{"target": -147.62489066802524, "params": {"gamma": 0.001, "prior": 0.802399027536988, "rate": 0.001}, "datetime": {"datetime": "2024-06-14 11:47:55", "elapsed": 438.126124, "delta": 21.024984}}
{"target": -147.67700726860087, "params": {"gamma": 0.005595740108408818, "prior": 9.252098163520536, "rate": 9.810443316427415}, "datetime": {"datetime": "2024-06-14 11:48:14", "elapsed": 457.205541, "delta": 19.079417}}
{"target": -143.1494961791739, "params": {"gamma": 0.9116714578275608, "prior": 9.992995050915727, "rate": 0.8555358285537905}, "datetime": {"datetime": "2024-06-14 11:48:51", "elapsed": 494.135078, "delta": 36.929537}}
{"target": -147.65343501207047, "params": {"gamma": 0.001631111772940699, "prior": 5.409066103074118, "rate": 6.313820342303102}, "datetime": {"datetime": "2024-06-14 11:49:16", "elapsed": 519.640858, "delta": 25.50578}}
{"target": -142.39140624338958, "params": {"gamma": 0.663333141923997, "prior": 8.548428018049801, "rate": 0.026826783018210416}, "datetime": {"datetime": "2024-06-14 11:49:52", "elapsed": 555.109759, "delta": 35.468901}}
{"target": -147.78359848284842, "params": {"gamma": 0.01290793080987463, "prior": 5.538935847949012, "rate": 7.722450104636439}, "datetime": {"datetime": "2024-06-14 11:50:20", "elapsed": 583.215993, "delta": 28.106234}}
