{"target": -2954.23639967687, "params": {"gamma": 8.811802015970617, "lr": 0.1260784803971985}, "datetime": {"datetime": "2024-06-13 22:59:28", "elapsed": 4.256003, "delta": 0.003989}}
{"target": -1576.897677522862, "params": {"gamma": 6.334974881523022, "lr": 0.2777127324734242}, "datetime": {"datetime": "2024-06-13 22:59:28", "elapsed": 4.259993, "delta": 0.00399}}
{"target": -1849.0217831823018, "params": {"gamma": 8.272176051067923, "lr": 0.3645234475558883}, "datetime": {"datetime": "2024-06-13 22:59:28", "elapsed": 4.264426, "delta": 0.004433}}
{"target": -2286.7076787048527, "params": {"gamma": 7.3339275785938725, "lr": 0.1924178904137388}, "datetime": {"datetime": "2024-06-13 22:59:28", "elapsed": 4.269404, "delta": 0.004978}}
{"target": -1117.6839496850002, "params": {"gamma": 4.814977529509854, "lr": 0.8035946264310272}, "datetime": {"datetime": "2024-06-13 22:59:28", "elapsed": 4.273394, "delta": 0.00399}}
{"target": -1370.8052479178132, "params": {"gamma": 3.9704851285120673, "lr": 0.16157403985608987}, "datetime": {"datetime": "2024-06-13 22:59:28", "elapsed": 4.27838, "delta": 0.004986}}
{"target": -1484.152830010045, "params": {"gamma": 6.490173244263826, "lr": 0.7533258058943924}, "datetime": {"datetime": "2024-06-13 22:59:28", "elapsed": 4.28237, "delta": 0.00399}}
{"target": -579.2228487224739, "params": {"gamma": 2.8026461610955637, "lr": 0.45136186123240163}, "datetime": {"datetime": "2024-06-13 22:59:28", "elapsed": 4.286359, "delta": 0.003989}}
{"target": -2182.687017728925, "params": {"gamma": 9.004588674948266, "lr": 0.8719856311909184}, "datetime": {"datetime": "2024-06-13 22:59:28", "elapsed": 4.290348, "delta": 0.003989}}
{"target": -1483.1300842612275, "params": {"gamma": 7.0721689102320395, "lr": 0.5909005994904067}, "datetime": {"datetime": "2024-06-13 22:59:28", "elapsed": 4.295335, "delta": 0.004987}}
{"target": -2076.5738671468125, "params": {"gamma": 8.174005321700859, "lr": 0.907644646099839}, "datetime": {"datetime": "2024-06-13 22:59:28", "elapsed": 4.300323, "delta": 0.004988}}
{"target": -149.94915728676253, "params": {"gamma": 0.026073089119563617, "lr": 0.39722776623376177}, "datetime": {"datetime": "2024-06-13 22:59:28", "elapsed": 4.304311, "delta": 0.003988}}
{"target": -1254.5682357940964, "params": {"gamma": 5.614535427501098, "lr": 0.7339231362848766}, "datetime": {"datetime": "2024-06-13 22:59:28", "elapsed": 4.3083, "delta": 0.003989}}
{"target": -233.47763673182442, "params": {"gamma": 0.8756401490882502, "lr": 0.3997549876808645}, "datetime": {"datetime": "2024-06-13 22:59:28", "elapsed": 4.313287, "delta": 0.004987}}
{"target": -595.7521082388296, "params": {"gamma": 2.796932173319039, "lr": 0.42351005310518297}, "datetime": {"datetime": "2024-06-13 22:59:28", "elapsed": 4.317276, "delta": 0.003989}}
{"target": -1051.8294046365058, "params": {"gamma": 4.980288348100211, "lr": 0.660015223526051}, "datetime": {"datetime": "2024-06-13 22:59:28", "elapsed": 4.321266, "delta": 0.00399}}
{"target": -1043.2492746012244, "params": {"gamma": 4.962865153563822, "lr": 0.6204682006051905}, "datetime": {"datetime": "2024-06-13 22:59:28", "elapsed": 4.326256, "delta": 0.00499}}
{"target": -1217.5975421096443, "params": {"gamma": 5.824816179030337, "lr": 0.42833239803885637}, "datetime": {"datetime": "2024-06-13 22:59:28", "elapsed": 4.330242, "delta": 0.003986}}
{"target": -151.00371056730484, "params": {"gamma": 0.050758670747942644, "lr": 0.19451641385960183}, "datetime": {"datetime": "2024-06-13 22:59:28", "elapsed": 4.335234, "delta": 0.004992}}
{"target": -1108.471926450328, "params": {"gamma": 3.2027463362086017, "lr": 0.1469781258549313}, "datetime": {"datetime": "2024-06-13 22:59:28", "elapsed": 4.33922, "delta": 0.003986}}
{"target": -1254.243061660433, "params": {"gamma": 5.987040152182751, "lr": 0.6114994766596024}, "datetime": {"datetime": "2024-06-13 22:59:28", "elapsed": 4.343209, "delta": 0.003989}}
{"target": -1129.5970768643185, "params": {"gamma": 5.001432502709699, "lr": 0.32084890160086454}, "datetime": {"datetime": "2024-06-13 22:59:28", "elapsed": 4.348196, "delta": 0.004987}}
{"target": -2038.4226541345715, "params": {"gamma": 6.53292726219252, "lr": 0.19028348267904371}, "datetime": {"datetime": "2024-06-13 22:59:28", "elapsed": 4.352186, "delta": 0.00399}}
{"target": -147.99689977540586, "params": {"gamma": 0.05980393346483768, "lr": 0.7349420186839615}, "datetime": {"datetime": "2024-06-13 22:59:28", "elapsed": 4.356175, "delta": 0.003989}}
{"target": -986.6364048914817, "params": {"gamma": 4.435594915197448, "lr": 0.6978416560498484}, "datetime": {"datetime": "2024-06-13 22:59:28", "elapsed": 4.361162, "delta": 0.004987}}
{"target": -667.7883653534581, "params": {"gamma": 1.851248453020123, "lr": 0.06261980198391548}, "datetime": {"datetime": "2024-06-13 22:59:28", "elapsed": 4.365151, "delta": 0.003989}}
{"target": -844.2593358346318, "params": {"gamma": 3.78170775924343, "lr": 0.695996510445494}, "datetime": {"datetime": "2024-06-13 22:59:28", "elapsed": 4.36914, "delta": 0.003989}}
{"target": -349.6642009950112, "params": {"gamma": 1.0290808561757039, "lr": 0.19583423367499242}, "datetime": {"datetime": "2024-06-13 22:59:28", "elapsed": 4.374127, "delta": 0.004987}}
{"target": -956.275909200366, "params": {"gamma": 4.540072551414793, "lr": 0.6211491896936461}, "datetime": {"datetime": "2024-06-13 22:59:28", "elapsed": 4.378117, "delta": 0.00399}}
{"target": -2595.0887913084603, "params": {"gamma": 7.501492356441782, "lr": 0.1097350212856566}, "datetime": {"datetime": "2024-06-13 22:59:28", "elapsed": 4.382106, "delta": 0.003989}}
{"target": -1328.1205606032863, "params": {"gamma": 6.246611447949256, "lr": 0.3873605221444808}, "datetime": {"datetime": "2024-06-13 22:59:28", "elapsed": 4.387092, "delta": 0.004986}}
{"target": -2052.335265592882, "params": {"gamma": 6.701233597109323, "lr": 0.2035603776619016}, "datetime": {"datetime": "2024-06-13 22:59:28", "elapsed": 4.391082, "delta": 0.00399}}
{"target": -1757.533246821322, "params": {"gamma": 5.2796600565097815, "lr": 0.1721625549559327}, "datetime": {"datetime": "2024-06-13 22:59:28", "elapsed": 4.395071, "delta": 0.003989}}
{"target": -150.64758273678626, "params": {"gamma": 0.18779137895775708, "lr": 0.4869502464239571}, "datetime": {"datetime": "2024-06-13 22:59:28", "elapsed": 4.400058, "delta": 0.004987}}
{"target": -411.0398155560307, "params": {"gamma": 1.8425935878323698, "lr": 0.6383433300033875}, "datetime": {"datetime": "2024-06-13 22:59:28", "elapsed": 4.404047, "delta": 0.003989}}
{"target": -1229.45852359185, "params": {"gamma": 5.366211618584989, "lr": 0.7749453799977457}, "datetime": {"datetime": "2024-06-13 22:59:28", "elapsed": 4.408036, "delta": 0.003989}}
{"target": -1003.5669327503758, "params": {"gamma": 3.930206066439398, "lr": 0.9894521308362529}, "datetime": {"datetime": "2024-06-13 22:59:28", "elapsed": 4.413023, "delta": 0.004987}}
{"target": -1046.5852803657817, "params": {"gamma": 5.152631746924576, "lr": 0.47882340118547173}, "datetime": {"datetime": "2024-06-13 22:59:28", "elapsed": 4.417012, "delta": 0.003989}}
{"target": -1570.7186376224283, "params": {"gamma": 7.494675265050945, "lr": 0.5726882932924154}, "datetime": {"datetime": "2024-06-13 22:59:28", "elapsed": 4.421002, "delta": 0.00399}}
{"target": -741.7190191502572, "params": {"gamma": 3.625290707682954, "lr": 0.48924478546014216}, "datetime": {"datetime": "2024-06-13 22:59:28", "elapsed": 4.425989, "delta": 0.004987}}
{"target": -423.84261263063684, "params": {"gamma": 1.8921946110135588, "lr": 0.39358341429686194}, "datetime": {"datetime": "2024-06-13 22:59:28", "elapsed": 4.429978, "delta": 0.003989}}
{"target": -156.21253199739232, "params": {"gamma": 0.30058756348796134, "lr": 0.46252906034220287}, "datetime": {"datetime": "2024-06-13 22:59:28", "elapsed": 4.434964, "delta": 0.004986}}
{"target": -593.8642640191629, "params": {"gamma": 2.7454666539229047, "lr": 0.5267158603586157}, "datetime": {"datetime": "2024-06-13 22:59:28", "elapsed": 4.438957, "delta": 0.003993}}
{"target": -156.22326013625926, "params": {"gamma": 0.2936919419097222, "lr": 0.5550867665221745}, "datetime": {"datetime": "2024-06-13 22:59:28", "elapsed": 4.442946, "delta": 0.003989}}
{"target": -628.3256483494866, "params": {"gamma": 2.9306858383999437, "lr": 0.5774906810135474}, "datetime": {"datetime": "2024-06-13 22:59:28", "elapsed": 4.447933, "delta": 0.004987}}
{"target": -1542.3260784078466, "params": {"gamma": 7.327965762760406, "lr": 0.44033782679643774}, "datetime": {"datetime": "2024-06-13 22:59:28", "elapsed": 4.451922, "delta": 0.003989}}
{"target": -1925.8448551099743, "params": {"gamma": 6.6319050719967745, "lr": 0.23890995487021205}, "datetime": {"datetime": "2024-06-13 22:59:28", "elapsed": 4.455912, "delta": 0.00399}}
{"target": -2893.443154559952, "params": {"gamma": 9.985992286776213, "lr": 0.24287852161976753}, "datetime": {"datetime": "2024-06-13 22:59:28", "elapsed": 4.459901, "delta": 0.003989}}
{"target": -2876.6257690919574, "params": {"gamma": 9.408343315400867, "lr": 0.21721975039101793}, "datetime": {"datetime": "2024-06-13 22:59:28", "elapsed": 4.464888, "delta": 0.004987}}
{"target": -1153.8503095368037, "params": {"gamma": 4.97614628166607, "lr": 0.8211769648927358}, "datetime": {"datetime": "2024-06-13 22:59:28", "elapsed": 4.468877, "delta": 0.003989}}
{"target": -1577.0310379641317, "params": {"gamma": 7.166163879900548, "lr": 0.705580412120669}, "datetime": {"datetime": "2024-06-13 22:59:28", "elapsed": 4.473863, "delta": 0.004986}}
{"target": -1012.0174947217619, "params": {"gamma": 4.4049651591972045, "lr": 0.7541750254551594}, "datetime": {"datetime": "2024-06-13 22:59:28", "elapsed": 4.477853, "delta": 0.00399}}
{"target": -1933.261521214303, "params": {"gamma": 9.199615816571573, "lr": 0.4413517453158379}, "datetime": {"datetime": "2024-06-13 22:59:28", "elapsed": 4.481842, "delta": 0.003989}}
{"target": -1854.4764854926582, "params": {"gamma": 5.2801268760628535, "lr": 0.06603558401663734}, "datetime": {"datetime": "2024-06-13 22:59:28", "elapsed": 4.486829, "delta": 0.004987}}
{"target": -798.0071458842611, "params": {"gamma": 3.9083399636332565, "lr": 0.4672385663332459}, "datetime": {"datetime": "2024-06-13 22:59:28", "elapsed": 4.490818, "delta": 0.003989}}
{"target": -3093.8704227030166, "params": {"gamma": 8.951481970324929, "lr": 0.11055744025544123}, "datetime": {"datetime": "2024-06-13 22:59:28", "elapsed": 4.494808, "delta": 0.00399}}
{"target": -1512.9455016511981, "params": {"gamma": 7.311644894386467, "lr": 0.5454711685487195}, "datetime": {"datetime": "2024-06-13 22:59:28", "elapsed": 4.499794, "delta": 0.004986}}
{"target": -2127.036982811946, "params": {"gamma": 6.0657477697349185, "lr": 0.029782944129560285}, "datetime": {"datetime": "2024-06-13 22:59:28", "elapsed": 4.503784, "delta": 0.00399}}
{"target": -392.42967980246414, "params": {"gamma": 1.4683270502280348, "lr": 0.28398322546618515}, "datetime": {"datetime": "2024-06-13 22:59:28", "elapsed": 4.507773, "delta": 0.003989}}
{"target": -148.51169820899415, "params": {"gamma": 0.04971560748810713, "lr": 0.6691577977971368}, "datetime": {"datetime": "2024-06-13 22:59:28", "elapsed": 4.51276, "delta": 0.004987}}
{"target": -1797.219020820396, "params": {"gamma": 8.70270923127706, "lr": 0.5469683092712408}, "datetime": {"datetime": "2024-06-13 22:59:28", "elapsed": 4.516749, "delta": 0.003989}}
{"target": -1139.875011871919, "params": {"gamma": 5.432097311144519, "lr": 0.6157259286130373}, "datetime": {"datetime": "2024-06-13 22:59:28", "elapsed": 4.520738, "delta": 0.003989}}
{"target": -687.1717222301322, "params": {"gamma": 3.022512822657626, "lr": 0.3667319816609417}, "datetime": {"datetime": "2024-06-13 22:59:28", "elapsed": 4.525726, "delta": 0.004988}}
{"target": -1331.5787777277244, "params": {"gamma": 5.749822333050388, "lr": 0.8092165837173445}, "datetime": {"datetime": "2024-06-13 22:59:28", "elapsed": 4.529714, "delta": 0.003988}}
{"target": -473.5201191214697, "params": {"gamma": 2.016764747447303, "lr": 0.32752405584828914}, "datetime": {"datetime": "2024-06-13 22:59:28", "elapsed": 4.5357, "delta": 0.005986}}
{"target": -1680.5844206342686, "params": {"gamma": 7.429469582646582, "lr": 0.3409202491323421}, "datetime": {"datetime": "2024-06-13 22:59:28", "elapsed": 4.540742, "delta": 0.005042}}
{"target": -216.83431243334664, "params": {"gamma": 0.4770616761368438, "lr": 0.15635692867625162}, "datetime": {"datetime": "2024-06-13 22:59:28", "elapsed": 4.545728, "delta": 0.004986}}
{"target": -412.31931833521185, "params": {"gamma": 1.9394547317358086, "lr": 0.4951123625611782}, "datetime": {"datetime": "2024-06-13 22:59:28", "elapsed": 4.550714, "delta": 0.004986}}
{"target": -1565.1988590220624, "params": {"gamma": 6.351614485952291, "lr": 0.880219977218583}, "datetime": {"datetime": "2024-06-13 22:59:28", "elapsed": 4.554704, "delta": 0.00399}}
{"target": -2024.1892200715322, "params": {"gamma": 9.025463027666028, "lr": 0.307160768485095}, "datetime": {"datetime": "2024-06-13 22:59:28", "elapsed": 4.559691, "delta": 0.004987}}
{"target": -1871.1797857194717, "params": {"gamma": 7.534047351182733, "lr": 0.2824280305589726}, "datetime": {"datetime": "2024-06-13 22:59:28", "elapsed": 4.563679, "delta": 0.003988}}
{"target": -856.7222272346417, "params": {"gamma": 3.686400120782994, "lr": 0.2927265620931302}, "datetime": {"datetime": "2024-06-13 22:59:28", "elapsed": 4.568667, "delta": 0.004988}}
{"target": -1272.007694301754, "params": {"gamma": 4.137493671254815, "lr": 0.21471569566838056}, "datetime": {"datetime": "2024-06-13 22:59:28", "elapsed": 4.572685, "delta": 0.004018}}
{"target": -1071.6800134676678, "params": {"gamma": 3.1905410786954205, "lr": 0.12191981389008766}, "datetime": {"datetime": "2024-06-13 22:59:28", "elapsed": 4.577671, "delta": 0.004986}}
{"target": -2019.8370261129928, "params": {"gamma": 9.63021937771575, "lr": 0.5039830093987828}, "datetime": {"datetime": "2024-06-13 22:59:28", "elapsed": 4.582324, "delta": 0.004653}}
{"target": -2051.4791575725208, "params": {"gamma": 9.23108372520405, "lr": 0.7461601407734211}, "datetime": {"datetime": "2024-06-13 22:59:28", "elapsed": 4.586821, "delta": 0.004497}}
{"target": -1051.0267019840098, "params": {"gamma": 4.577595171516512, "lr": 0.7546222253081317}, "datetime": {"datetime": "2024-06-13 22:59:28", "elapsed": 4.59081, "delta": 0.003989}}
{"target": -1413.7509156482743, "params": {"gamma": 6.280602762990652, "lr": 0.30375843415186865}, "datetime": {"datetime": "2024-06-13 22:59:28", "elapsed": 4.595797, "delta": 0.004987}}
{"target": -1152.6739703959483, "params": {"gamma": 5.217071474819306, "lr": 0.7123121956474292}, "datetime": {"datetime": "2024-06-13 22:59:28", "elapsed": 4.599786, "delta": 0.003989}}
{"target": -1082.725480725728, "params": {"gamma": 3.0538300009516193, "lr": 0.012522836886473265}, "datetime": {"datetime": "2024-06-13 22:59:28", "elapsed": 4.604773, "delta": 0.004987}}
{"target": -633.2760778934664, "params": {"gamma": 2.6833600285302275, "lr": 0.7967454755900841}, "datetime": {"datetime": "2024-06-13 22:59:28", "elapsed": 4.608763, "delta": 0.00399}}
{"target": -1956.477875217834, "params": {"gamma": 9.300000896546049, "lr": 0.6253311549032551}, "datetime": {"datetime": "2024-06-13 22:59:28", "elapsed": 4.612752, "delta": 0.003989}}
{"target": -331.62891602714024, "params": {"gamma": 1.3289420383195298, "lr": 0.7575703592474212}, "datetime": {"datetime": "2024-06-13 22:59:28", "elapsed": 4.617738, "delta": 0.004986}}
{"target": -1207.5667278782475, "params": {"gamma": 5.269526555127393, "lr": 0.753869071621213}, "datetime": {"datetime": "2024-06-13 22:59:28", "elapsed": 4.621727, "delta": 0.003989}}
{"target": -2172.7430241184384, "params": {"gamma": 8.586258418997055, "lr": 0.9475415511018243}, "datetime": {"datetime": "2024-06-13 22:59:28", "elapsed": 4.625717, "delta": 0.00399}}
{"target": -1553.739405355195, "params": {"gamma": 6.545720808693693, "lr": 0.8542582098426466}, "datetime": {"datetime": "2024-06-13 22:59:28", "elapsed": 4.630703, "delta": 0.004986}}
{"target": -1667.7817881545643, "params": {"gamma": 7.426137988907772, "lr": 0.7271011884036769}, "datetime": {"datetime": "2024-06-13 22:59:28", "elapsed": 4.634693, "delta": 0.00399}}
{"target": -2173.193176607925, "params": {"gamma": 8.58804877191338, "lr": 0.9230030407536653}, "datetime": {"datetime": "2024-06-13 22:59:28", "elapsed": 4.638682, "delta": 0.003989}}
{"target": -1910.4045437507482, "params": {"gamma": 9.020857939246921, "lr": 0.39575026156518067}, "datetime": {"datetime": "2024-06-13 22:59:28", "elapsed": 4.643669, "delta": 0.004987}}
{"target": -238.23959815200206, "params": {"gamma": 0.8411287767074533, "lr": 0.8295737184581491}, "datetime": {"datetime": "2024-06-13 22:59:28", "elapsed": 4.647658, "delta": 0.003989}}
{"target": -1138.8242866272362, "params": {"gamma": 5.389776601523036, "lr": 0.542076154739123}, "datetime": {"datetime": "2024-06-13 22:59:28", "elapsed": 4.651648, "delta": 0.00399}}
{"target": -2885.604464810863, "params": {"gamma": 8.25192813033363, "lr": 0.03198418437577388}, "datetime": {"datetime": "2024-06-13 22:59:28", "elapsed": 4.656634, "delta": 0.004986}}
{"target": -3068.7484793253398, "params": {"gamma": 8.779726226832842, "lr": 0.03463400133772032}, "datetime": {"datetime": "2024-06-13 22:59:28", "elapsed": 4.660624, "delta": 0.00399}}
{"target": -1454.128957634754, "params": {"gamma": 6.932252389225503, "lr": 0.5874844793504092}, "datetime": {"datetime": "2024-06-13 22:59:28", "elapsed": 4.66561, "delta": 0.004986}}
{"target": -1437.5876532485613, "params": {"gamma": 6.417850059155134, "lr": 0.37408018773825613}, "datetime": {"datetime": "2024-06-13 22:59:28", "elapsed": 4.669599, "delta": 0.003989}}
{"target": -595.8737624189461, "params": {"gamma": 2.755344804474391, "lr": 0.5094085814387623}, "datetime": {"datetime": "2024-06-13 22:59:28", "elapsed": 4.673589, "delta": 0.00399}}
{"target": -1808.5666791663134, "params": {"gamma": 8.858345348380066, "lr": 0.5652896703655683}, "datetime": {"datetime": "2024-06-13 22:59:28", "elapsed": 4.678575, "delta": 0.004986}}
{"target": -1397.007776122873, "params": {"gamma": 6.631825765751704, "lr": 0.44137923095350085}, "datetime": {"datetime": "2024-06-13 22:59:28", "elapsed": 4.682565, "delta": 0.00399}}
{"target": -2159.5794008662365, "params": {"gamma": 9.7214187321274, "lr": 0.7425224523517098}, "datetime": {"datetime": "2024-06-13 22:59:28", "elapsed": 4.687552, "delta": 0.004987}}
{"target": -756.7205835097333, "params": {"gamma": 3.5496702059968834, "lr": 0.6535310326636594}, "datetime": {"datetime": "2024-06-13 22:59:28", "elapsed": 4.691541, "delta": 0.003989}}
{"target": -1339.3666150351712, "params": {"gamma": 5.426621502305332, "lr": 0.884056212378686}, "datetime": {"datetime": "2024-06-13 22:59:28", "elapsed": 4.695531, "delta": 0.00399}}
{"target": -963.257486224781, "params": {"gamma": 2.7512654566030514, "lr": 0.10806748517233733}, "datetime": {"datetime": "2024-06-13 22:59:28", "elapsed": 4.700517, "delta": 0.004986}}
{"target": -428.1013976998874, "params": {"gamma": 1.9135292453599602, "lr": 0.38704623260508586}, "datetime": {"datetime": "2024-06-13 22:59:28", "elapsed": 4.704506, "delta": 0.003989}}
{"target": -2118.2873086088666, "params": {"gamma": 8.54074388954821, "lr": 0.2708449138359166}, "datetime": {"datetime": "2024-06-13 22:59:29", "elapsed": 4.708496, "delta": 0.00399}}
{"target": -1311.3407454676458, "params": {"gamma": 6.263961673283628, "lr": 0.6235518010455583}, "datetime": {"datetime": "2024-06-13 22:59:29", "elapsed": 4.713482, "delta": 0.004986}}
{"target": -1438.6150848391367, "params": {"gamma": 4.08106330634394, "lr": 0.05033512965945175}, "datetime": {"datetime": "2024-06-13 22:59:29", "elapsed": 4.717471, "delta": 0.003989}}
{"target": -1710.688464335371, "params": {"gamma": 7.448593896451896, "lr": 0.29572553442388116}, "datetime": {"datetime": "2024-06-13 22:59:29", "elapsed": 4.721461, "delta": 0.00399}}
{"target": -854.601351285281, "params": {"gamma": 3.9851835072938524, "lr": 0.37723956753050947}, "datetime": {"datetime": "2024-06-13 22:59:29", "elapsed": 4.726452, "delta": 0.004991}}
{"target": -2352.669313035741, "params": {"gamma": 6.636362714079265, "lr": 0.08633328681516406}, "datetime": {"datetime": "2024-06-13 22:59:29", "elapsed": 4.730437, "delta": 0.003985}}
{"target": -1930.528592882801, "params": {"gamma": 5.49934931479934, "lr": 0.015421822343255842}, "datetime": {"datetime": "2024-06-13 22:59:29", "elapsed": 4.735424, "delta": 0.004987}}
{"target": -2055.155694087253, "params": {"gamma": 9.830406796410628, "lr": 0.5984272223880148}, "datetime": {"datetime": "2024-06-13 22:59:29", "elapsed": 4.739413, "delta": 0.003989}}
{"target": -1326.7884994172734, "params": {"gamma": 3.8417581657342703, "lr": 0.1467479307274827}, "datetime": {"datetime": "2024-06-13 22:59:29", "elapsed": 4.743402, "delta": 0.003989}}
{"target": -1772.4796916974449, "params": {"gamma": 6.9690863860416155, "lr": 0.9058084167065523}, "datetime": {"datetime": "2024-06-13 22:59:29", "elapsed": 4.747392, "delta": 0.00399}}
{"target": -736.5982266495184, "params": {"gamma": 3.1817694146938234, "lr": 0.7664921446562297}, "datetime": {"datetime": "2024-06-13 22:59:29", "elapsed": 4.752378, "delta": 0.004986}}
{"target": -740.6110602819724, "params": {"gamma": 2.8756935223098354, "lr": 0.9572253423743934}, "datetime": {"datetime": "2024-06-13 22:59:29", "elapsed": 4.756368, "delta": 0.00399}}
{"target": -1482.050826066384, "params": {"gamma": 7.023455232193281, "lr": 0.6250155931933211}, "datetime": {"datetime": "2024-06-13 22:59:29", "elapsed": 4.761354, "delta": 0.004986}}
{"target": -2306.4893251312383, "params": {"gamma": 9.307416596768327, "lr": 0.26904238725191854}, "datetime": {"datetime": "2024-06-13 22:59:29", "elapsed": 4.765344, "delta": 0.00399}}
