{"target": -124.92772060380516, "params": {"p_ai": 1.4279566540748827, "p_al": 4.029886990464706, "p_ex": 0.9365508000919157, "prior": 1.1798186144028775, "rate": 3.7487938794307722}, "datetime": {"datetime": "2024-06-13 01:40:25", "elapsed": 137.040354, "delta": 0.104229}}
{"target": -114.00874805276563, "params": {"p_ai": 1.6546967791248957, "p_al": 7.189803640791438, "p_ex": 1.2593877715931971, "prior": 7.3885980982763915, "rate": 8.414001455172476}, "datetime": {"datetime": "2024-06-13 01:40:26", "elapsed": 137.14558, "delta": 0.105226}}
{"target": -98.40415441063577, "params": {"p_ai": 0.8277240020145509, "p_al": 0.40174085176928154, "p_ex": 4.935835222553207, "prior": 6.007983741691986, "rate": 6.840309611765913}, "datetime": {"datetime": "2024-06-13 01:40:26", "elapsed": 137.250708, "delta": 0.105128}}
{"target": -109.94604963689417, "params": {"p_ai": 4.783269121725012, "p_al": 5.43204650511011, "p_ex": 5.496552402245287, "prior": 7.138106637477267, "rate": 1.5624524636119834}, "datetime": {"datetime": "2024-06-13 01:40:26", "elapsed": 137.355428, "delta": 0.10472}}
{"target": -106.19529784206212, "params": {"p_ai": 0.21840247284079448, "p_al": 5.0810198285396355, "p_ex": 9.536924746726761, "prior": 0.2525090092699558, "rate": 6.128403575008314}, "datetime": {"datetime": "2024-06-13 01:40:26", "elapsed": 137.459223, "delta": 0.103795}}
{"target": -146.51188344341867, "params": {"p_ai": 4.939320683010433, "p_al": 9.002060207394416, "p_ex": 0.23704776287753082, "prior": 6.595399054482834, "rate": 6.562552010470135}, "datetime": {"datetime": "2024-06-13 01:40:26", "elapsed": 137.563925, "delta": 0.104702}}
{"target": -128.04028766539662, "params": {"p_ai": 8.837644098733263, "p_al": 5.364682726700318, "p_ex": 6.906781308399074, "prior": 4.127253846938141, "rate": 8.266081764202346}, "datetime": {"datetime": "2024-06-13 01:40:26", "elapsed": 137.667648, "delta": 0.103723}}
{"target": -142.16514448575785, "params": {"p_ai": 6.8504352216905025, "p_al": 1.0810222412253256, "p_ex": 1.3998087495288447, "prior": 1.5815613030149898, "rate": 1.2062726776522048}, "datetime": {"datetime": "2024-06-13 01:40:26", "elapsed": 137.772297, "delta": 0.104649}}
{"target": -81.83934002786785, "params": {"p_ai": 2.3035455339210555, "p_al": 4.234200487143697, "p_ex": 6.707944311433513, "prior": 3.3668765115423156, "rate": 5.198024236880238}, "datetime": {"datetime": "2024-06-13 01:40:26", "elapsed": 137.878014, "delta": 0.105717}}
{"target": -131.2553200251014, "params": {"p_ai": 8.211382294641277, "p_al": 8.846034811358733, "p_ex": 7.045232769327324, "prior": 8.345070705454033, "rate": 3.0914422049730192}, "datetime": {"datetime": "2024-06-13 01:40:26", "elapsed": 137.982279, "delta": 0.104265}}
{"target": -190.7404469747563, "params": {"p_ai": 7.906380261917968, "p_al": 9.166710416312725, "p_ex": 0.38501668004467343, "prior": 4.456841648918111, "rate": 2.400051758658205}, "datetime": {"datetime": "2024-06-13 01:40:26", "elapsed": 138.087998, "delta": 0.105719}}
{"target": -127.02006916766084, "params": {"p_ai": 4.940660386293297, "p_al": 6.175140602793566, "p_ex": 2.091272826194304, "prior": 8.744398930353034, "rate": 2.5596605190716057}, "datetime": {"datetime": "2024-06-13 01:40:27", "elapsed": 138.192151, "delta": 0.104153}}
{"target": -106.11013921491889, "params": {"p_ai": 7.136377798802829, "p_al": 8.522447753288162, "p_ex": 9.324182212105026, "prior": 9.557336945828917, "rate": 6.802327869110957}, "datetime": {"datetime": "2024-06-13 01:40:27", "elapsed": 138.296558, "delta": 0.104407}}
{"target": -160.56966262341876, "params": {"p_ai": 6.285568395410022, "p_al": 5.960060465580838, "p_ex": 4.851726446735362, "prior": 3.6049594608485735, "rate": 0.20863241585354705}, "datetime": {"datetime": "2024-06-13 01:40:27", "elapsed": 138.401239, "delta": 0.104681}}
{"target": -132.5796769329591, "params": {"p_ai": 7.486975885448935, "p_al": 3.937358788422066, "p_ex": 2.79410515735981, "prior": 7.775533086066571, "rate": 6.602998827874746}, "datetime": {"datetime": "2024-06-13 01:40:27", "elapsed": 138.507674, "delta": 0.106435}}
{"target": -141.84749765325324, "params": {"p_ai": 9.098056643649587, "p_al": 1.2770187303406033, "p_ex": 3.824203127550404, "prior": 5.774271922004235, "rate": 3.5456217583267438}, "datetime": {"datetime": "2024-06-13 01:40:27", "elapsed": 138.613935, "delta": 0.106261}}
{"target": -138.96084718302126, "params": {"p_ai": 3.4811350231133904, "p_al": 4.8414028576161146, "p_ex": 0.7153129490863941, "prior": 0.387818224896804, "rate": 8.406255835018216}, "datetime": {"datetime": "2024-06-13 01:40:27", "elapsed": 138.719656, "delta": 0.105721}}
{"target": -118.72292339128947, "params": {"p_ai": 0.07468152752854851, "p_al": 7.037874280718394, "p_ex": 4.456185466685769, "prior": 9.695126199772558, "rate": 8.099409010025607}, "datetime": {"datetime": "2024-06-13 01:40:27", "elapsed": 138.825373, "delta": 0.105717}}
{"target": -126.626403967326, "params": {"p_ai": 3.996718434730743, "p_al": 3.938902959796732, "p_ex": 1.286813012611449, "prior": 3.6465500824313426, "rate": 2.0426073909631612}, "datetime": {"datetime": "2024-06-13 01:40:27", "elapsed": 138.930096, "delta": 0.104723}}
{"target": -89.28243981020745, "params": {"p_ai": 3.1614000068530106, "p_al": 5.623594945544146, "p_ex": 8.619255993738198, "prior": 0.9829189309028393, "rate": 8.300738150352977}, "datetime": {"datetime": "2024-06-13 01:40:27", "elapsed": 139.034326, "delta": 0.10423}}
{"target": -175.1282962531678, "params": {"p_ai": 9.206746670882922, "p_al": 2.2370564954994667, "p_ex": 2.0092749988734764, "prior": 7.68458337573151, "rate": 0.2062614705948202}, "datetime": {"datetime": "2024-06-13 01:40:28", "elapsed": 139.139046, "delta": 0.10472}}
{"target": -95.27609396357423, "params": {"p_ai": 4.899945500231934, "p_al": 0.22473218478826035, "p_ex": 8.073172073706955, "prior": 0.2445885062795086, "rate": 1.606378549398885}, "datetime": {"datetime": "2024-06-13 01:40:28", "elapsed": 139.242798, "delta": 0.103752}}
{"target": -174.96057266083807, "params": {"p_ai": 2.4620681009293874, "p_al": 9.97118086318404, "p_ex": 4.2080717220070545, "prior": 0.723555571610517, "rate": 2.5034633033992453}, "datetime": {"datetime": "2024-06-13 01:40:28", "elapsed": 139.347489, "delta": 0.104691}}
{"target": -160.0853549706891, "params": {"p_ai": 4.116278798256325, "p_al": 4.203178877087594, "p_ex": 1.2225962712638043, "prior": 0.09602835634617231, "rate": 8.154738679164394}, "datetime": {"datetime": "2024-06-13 01:40:28", "elapsed": 139.451211, "delta": 0.103722}}
{"target": -88.49058011053968, "params": {"p_ai": 2.420309422756816, "p_al": 0.8351610320295642, "p_ex": 3.902842935821451, "prior": 4.325960177896798, "rate": 5.241434014055874}, "datetime": {"datetime": "2024-06-13 01:40:28", "elapsed": 139.555339, "delta": 0.104128}}
{"target": -151.5260569248724, "params": {"p_ai": 7.603376815898056, "p_al": 7.881595226853473, "p_ex": 4.69433737684428, "prior": 8.84778674480025, "rate": 0.7923520325099378}, "datetime": {"datetime": "2024-06-13 01:40:28", "elapsed": 139.660048, "delta": 0.104709}}
{"target": -82.85947020209568, "params": {"p_ai": 3.5574531720980214, "p_al": 3.5994139100209117, "p_ex": 7.109371396496036, "prior": 8.454594325305903, "rate": 7.232506818121953}, "datetime": {"datetime": "2024-06-13 01:40:28", "elapsed": 139.770161, "delta": 0.110113}}
{"target": -133.54059342335512, "params": {"p_ai": 1.1093004471254597, "p_al": 5.993923463011581, "p_ex": 5.096712967465722, "prior": 6.054228201320038, "rate": 0.1226722842462226}, "datetime": {"datetime": "2024-06-13 01:40:28", "elapsed": 139.878858, "delta": 0.108697}}
{"target": -97.71369682820186, "params": {"p_ai": 2.8847318994074884, "p_al": 0.5195115021213401, "p_ex": 3.8593275631561745, "prior": 7.591105253188898, "rate": 2.760741862083189}, "datetime": {"datetime": "2024-06-13 01:40:28", "elapsed": 139.983617, "delta": 0.104759}}
{"target": -145.20238213006039, "params": {"p_ai": 6.141529398043521, "p_al": 6.274707164228254, "p_ex": 2.5170584045891635, "prior": 4.750942300769668, "rate": 1.4358112359468298}, "datetime": {"datetime": "2024-06-13 01:40:28", "elapsed": 140.088299, "delta": 0.104682}}
{"target": -119.54027511128217, "params": {"p_ai": 0.7011116324724777, "p_al": 7.929860841730195, "p_ex": 1.795562784233606, "prior": 1.262946483912148, "rate": 9.671184251007993}, "datetime": {"datetime": "2024-06-13 01:40:29", "elapsed": 140.193019, "delta": 0.10472}}
{"target": -118.41814904187149, "params": {"p_ai": 0.5573731780335549, "p_al": 6.819790241413085, "p_ex": 3.7501223484584494, "prior": 1.7357003045831663, "rate": 2.729343170863875}, "datetime": {"datetime": "2024-06-13 01:40:29", "elapsed": 140.299311, "delta": 0.106292}}
{"target": -149.90894147764055, "params": {"p_ai": 7.317227227933917, "p_al": 8.554888420670306, "p_ex": 2.689038141484899, "prior": 3.472099394055825, "rate": 4.096110345006913}, "datetime": {"datetime": "2024-06-13 01:40:29", "elapsed": 140.404035, "delta": 0.104724}}
{"target": -149.6611606288633, "params": {"p_ai": 8.27463349798043, "p_al": 7.499462592816369, "p_ex": 2.0949993417644017, "prior": 5.4290024784475, "rate": 7.667626272976248}, "datetime": {"datetime": "2024-06-13 01:40:29", "elapsed": 140.509342, "delta": 0.105307}}
{"target": -135.40051836707275, "params": {"p_ai": 4.7879383529564326, "p_al": 5.555441020744501, "p_ex": 2.1259267050941175, "prior": 6.5937001865309925, "rate": 0.7216957676120941}, "datetime": {"datetime": "2024-06-13 01:40:29", "elapsed": 140.613677, "delta": 0.104335}}
{"target": -97.5544397322523, "params": {"p_ai": 3.6179707035344424, "p_al": 4.004629392388292, "p_ex": 6.088185685201007, "prior": 9.486748635275, "rate": 2.1920032707429677}, "datetime": {"datetime": "2024-06-13 01:40:29", "elapsed": 140.718371, "delta": 0.104694}}
{"target": -122.53280285096601, "params": {"p_ai": 5.442028448956808, "p_al": 8.022602169272844, "p_ex": 6.029957106555403, "prior": 7.3885446090964555, "rate": 1.165421009227606}, "datetime": {"datetime": "2024-06-13 01:40:29", "elapsed": 140.823332, "delta": 0.104961}}
{"target": -131.10300219164372, "params": {"p_ai": 8.358036825075693, "p_al": 3.113679458977735, "p_ex": 4.371665866048249, "prior": 0.8497142025282297, "rate": 6.8720980563405405}, "datetime": {"datetime": "2024-06-13 01:40:29", "elapsed": 140.928552, "delta": 0.10522}}
{"target": -221.67680040355643, "params": {"p_ai": 8.473226850336655, "p_al": 4.8374026461852715, "p_ex": 1.0144159817281404, "prior": 1.0304774415742601, "rate": 1.1571614255769536}, "datetime": {"datetime": "2024-06-13 01:40:29", "elapsed": 141.033271, "delta": 0.104719}}
{"target": -154.5266098637976, "params": {"p_ai": 4.949616547462121, "p_al": 6.220627804926973, "p_ex": 0.3335849123921304, "prior": 0.6267721727276038, "rate": 9.865505216902308}, "datetime": {"datetime": "2024-06-13 01:40:30", "elapsed": 141.137991, "delta": 0.10472}}
{"target": -104.56923307773309, "params": {"p_ai": 2.911746387509673, "p_al": 4.767839668205347, "p_ex": 6.3067125618904285, "prior": 7.149275299157485, "rate": 1.0953535294440504}, "datetime": {"datetime": "2024-06-13 01:40:30", "elapsed": 141.242711, "delta": 0.10472}}
{"target": -105.56320623982005, "params": {"p_ai": 1.0974360729101045, "p_al": 9.120713340531383, "p_ex": 3.241590644593953, "prior": 7.238884009716445, "rate": 7.096501104751053}, "datetime": {"datetime": "2024-06-13 01:40:30", "elapsed": 141.347431, "delta": 0.10472}}
{"target": -85.03702983371613, "params": {"p_ai": 4.688619507465229, "p_al": 0.914017224130388, "p_ex": 8.898432826656682, "prior": 8.345353289055549, "rate": 4.317297116530302}, "datetime": {"datetime": "2024-06-13 01:40:30", "elapsed": 141.451948, "delta": 0.104517}}
{"target": -104.04795193174289, "params": {"p_ai": 4.559525834561577, "p_al": 5.459471626378892, "p_ex": 3.785573297339121, "prior": 5.047292825654079, "rate": 4.727269672018876}, "datetime": {"datetime": "2024-06-13 01:40:30", "elapsed": 141.556972, "delta": 0.105024}}
{"target": -131.5347176031161, "params": {"p_ai": 2.859396758603877, "p_al": 8.724991808089245, "p_ex": 0.4725551221123667, "prior": 3.6437422620890763, "rate": 7.740580109571957}, "datetime": {"datetime": "2024-06-13 01:40:30", "elapsed": 141.660694, "delta": 0.103722}}
{"target": -98.65162924662212, "params": {"p_ai": 4.855653301753838, "p_al": 7.863005357249527, "p_ex": 4.826582597220067, "prior": 9.894652497502703, "rate": 8.840545168003166}, "datetime": {"datetime": "2024-06-13 01:40:30", "elapsed": 141.76526, "delta": 0.104566}}
{"target": -101.22039868864948, "params": {"p_ai": 0.07831212778797367, "p_al": 4.751032356732131, "p_ex": 8.57428103860396, "prior": 3.4359136145118434, "rate": 7.290202296376493}, "datetime": {"datetime": "2024-06-13 01:40:30", "elapsed": 141.870978, "delta": 0.105718}}
{"target": -95.76247481209745, "params": {"p_ai": 4.183744766266581, "p_al": 0.9585392958462935, "p_ex": 3.1532433917757894, "prior": 3.1308531715362826, "rate": 6.545849893132512}, "datetime": {"datetime": "2024-06-13 01:40:30", "elapsed": 141.991162, "delta": 0.120184}}
{"target": -175.83018441865443, "params": {"p_ai": 9.2687875185922, "p_al": 7.037200604701104, "p_ex": 3.231017446456585, "prior": 6.831512703701488, "rate": 0.8419392132049751}, "datetime": {"datetime": "2024-06-13 01:40:30", "elapsed": 142.095882, "delta": 0.10472}}
{"target": -86.13514174799131, "params": {"p_ai": 3.7556365905474465, "p_al": 1.9013971065648507, "p_ex": 6.930796694970291, "prior": 6.6213941581181786, "rate": 3.5313711432227763}, "datetime": {"datetime": "2024-06-13 01:40:31", "elapsed": 142.202134, "delta": 0.106252}}
{"target": -95.21364632143941, "params": {"p_ai": 1.8068468119614796, "p_al": 1.5674501046743812, "p_ex": 2.370658744353432, "prior": 3.2852652761803105, "rate": 8.696087149900197}, "datetime": {"datetime": "2024-06-13 01:40:31", "elapsed": 142.306856, "delta": 0.104722}}
{"target": -124.03649122939571, "params": {"p_ai": 1.2200175486361586, "p_al": 1.6822606829827977, "p_ex": 3.705180601429274, "prior": 6.043855836461611, "rate": 0.5590941737040515}, "datetime": {"datetime": "2024-06-13 01:40:31", "elapsed": 142.411796, "delta": 0.10494}}
{"target": -116.53975590537735, "params": {"p_ai": 2.4530157395110272, "p_al": 8.339880336832202, "p_ex": 6.6291727017770885, "prior": 3.514955268114378, "rate": 1.1430089325855246}, "datetime": {"datetime": "2024-06-13 01:40:31", "elapsed": 142.516124, "delta": 0.104328}}
{"target": -80.62136282863997, "params": {"p_ai": 3.2497116180828423, "p_al": 2.4459159076333763, "p_ex": 7.105940711956388, "prior": 3.0061649444424168, "rate": 6.772681332069404}, "datetime": {"datetime": "2024-06-13 01:40:31", "elapsed": 142.621377, "delta": 0.105253}}
{"target": -86.47257576765259, "params": {"p_ai": 4.127147676669158, "p_al": 3.5000338791625603, "p_ex": 7.858439735785224, "prior": 1.8548504645300572, "rate": 4.568772154035324}, "datetime": {"datetime": "2024-06-13 01:40:31", "elapsed": 142.726096, "delta": 0.104719}}
{"target": -116.44032954302475, "params": {"p_ai": 5.835530117986011, "p_al": 3.212684807280133, "p_ex": 7.062774790669378, "prior": 9.178333561636288, "rate": 0.7316329870406574}, "datetime": {"datetime": "2024-06-13 01:40:31", "elapsed": 142.830659, "delta": 0.104563}}
{"target": -128.6387817953286, "params": {"p_ai": 1.8150914190678362, "p_al": 5.0916122463155125, "p_ex": 7.999007220987372, "prior": 6.3099451378100975, "rate": 0.19788728779717554}, "datetime": {"datetime": "2024-06-13 01:40:31", "elapsed": 142.936882, "delta": 0.106223}}
{"target": -116.47791260128426, "params": {"p_ai": 3.3004827361213245, "p_al": 6.538626611010611, "p_ex": 6.871688718445077, "prior": 4.823006920556168, "rate": 0.5382932557142641}, "datetime": {"datetime": "2024-06-13 01:40:31", "elapsed": 143.040605, "delta": 0.103723}}
{"target": -102.93749570993059, "params": {"p_ai": 6.278247599644344, "p_al": 5.040797331247155, "p_ex": 7.254407536263888, "prior": 3.9055515518702113, "rate": 8.357418355008}, "datetime": {"datetime": "2024-06-13 01:40:32", "elapsed": 143.145325, "delta": 0.10472}}
{"target": -131.33975193512188, "params": {"p_ai": 3.0757148001887096, "p_al": 8.638004395565735, "p_ex": 0.14579244295210492, "prior": 7.627665696023684, "rate": 8.273847648386488}, "datetime": {"datetime": "2024-06-13 01:40:32", "elapsed": 143.250175, "delta": 0.10485}}
{"target": -167.79306814393027, "params": {"p_ai": 6.809289540861383, "p_al": 9.027438680748295, "p_ex": 2.018139331359617, "prior": 3.5201397919808, "rate": 2.2921758844190845}, "datetime": {"datetime": "2024-06-13 01:40:32", "elapsed": 143.354896, "delta": 0.104721}}
{"target": -141.05899701775726, "params": {"p_ai": 8.449338509914456, "p_al": 7.464354945562864, "p_ex": 8.690659271861168, "prior": 3.476881366525707, "rate": 1.5403536798332855}, "datetime": {"datetime": "2024-06-13 01:40:32", "elapsed": 143.460613, "delta": 0.105717}}
{"target": -145.77319786403868, "params": {"p_ai": 9.682858797805498, "p_al": 4.48978706650765, "p_ex": 7.299294135688072, "prior": 6.542015507469736, "rate": 1.4293254770000592}, "datetime": {"datetime": "2024-06-13 01:40:32", "elapsed": 143.566614, "delta": 0.106001}}
{"target": -127.59141122142466, "params": {"p_ai": 8.441932253993109, "p_al": 9.784654514150654, "p_ex": 9.662519410868244, "prior": 3.364703644014265, "rate": 9.259563218013493}, "datetime": {"datetime": "2024-06-13 01:40:32", "elapsed": 143.671334, "delta": 0.10472}}
{"target": -129.689900064074, "params": {"p_ai": 1.3333118419790204, "p_al": 9.397284729643939, "p_ex": 0.44195907415044206, "prior": 4.091368046213268, "rate": 8.430225045191426}, "datetime": {"datetime": "2024-06-13 01:40:32", "elapsed": 143.775766, "delta": 0.104432}}
{"target": -136.7420790734444, "params": {"p_ai": 7.262581148720565, "p_al": 7.209549890498004, "p_ex": 2.7741757864966834, "prior": 4.212717575922968, "rate": 5.8959097870267625}, "datetime": {"datetime": "2024-06-13 01:40:32", "elapsed": 143.883478, "delta": 0.107712}}
{"target": -89.22324979662791, "params": {"p_ai": 3.891986952147379, "p_al": 5.060246349315631, "p_ex": 5.403954487123307, "prior": 8.24287578176365, "rate": 7.250054232337262}, "datetime": {"datetime": "2024-06-13 01:40:32", "elapsed": 143.988198, "delta": 0.10472}}
{"target": -131.77538803435968, "params": {"p_ai": 6.605222133006148, "p_al": 0.3598033746243215, "p_ex": 1.5546967280502506, "prior": 8.865381830553787, "rate": 7.657785349882481}, "datetime": {"datetime": "2024-06-13 01:40:32", "elapsed": 144.093423, "delta": 0.105225}}
{"target": -105.31317480360424, "params": {"p_ai": 1.8046637957872491, "p_al": 0.6524949715348244, "p_ex": 1.6281542566356162, "prior": 8.374218512150179, "rate": 9.731091914278464}, "datetime": {"datetime": "2024-06-13 01:40:33", "elapsed": 144.19723, "delta": 0.103807}}
{"target": -165.73447536209568, "params": {"p_ai": 7.551294251085085, "p_al": 7.846261256321505, "p_ex": 0.2948143897467438, "prior": 8.746507176043488, "rate": 6.811814507289089}, "datetime": {"datetime": "2024-06-13 01:40:33", "elapsed": 144.301307, "delta": 0.104077}}
{"target": -107.96839294221991, "params": {"p_ai": 3.491117394447596, "p_al": 4.996307812122189, "p_ex": 9.500625939679805, "prior": 0.5418231030837052, "rate": 1.9178056358084192}, "datetime": {"datetime": "2024-06-13 01:40:33", "elapsed": 144.405572, "delta": 0.104265}}
{"target": -113.08682973603905, "params": {"p_ai": 1.5023582570289036, "p_al": 5.382930850808608, "p_ex": 2.3570269485381226, "prior": 0.7682631345285783, "rate": 5.150477461127861}, "datetime": {"datetime": "2024-06-13 01:40:33", "elapsed": 144.510457, "delta": 0.104885}}
{"target": -214.65963866742956, "params": {"p_ai": 8.362708321759683, "p_al": 6.819784382074199, "p_ex": 0.3682001150492693, "prior": 0.45365509155135486, "rate": 5.381313363958052}, "datetime": {"datetime": "2024-06-13 01:40:33", "elapsed": 144.614783, "delta": 0.104326}}
{"target": -106.05191187819216, "params": {"p_ai": 1.4150273701349951, "p_al": 7.072618884594694, "p_ex": 2.475208355841432, "prior": 4.4001635851432885, "rate": 6.20328470504274}, "datetime": {"datetime": "2024-06-13 01:40:33", "elapsed": 144.725231, "delta": 0.110448}}
{"target": -131.28289147590596, "params": {"p_ai": 9.727401234811984, "p_al": 1.9708617551910437, "p_ex": 9.11847912589639, "prior": 3.5084000862768674, "rate": 1.620079386052706}, "datetime": {"datetime": "2024-06-13 01:40:33", "elapsed": 144.861187, "delta": 0.135956}}
{"target": -159.33659526912317, "params": {"p_ai": 4.209214604363843, "p_al": 8.414948403855572, "p_ex": 0.4388179602825087, "prior": 1.3705759290135842, "rate": 5.899809868120774}, "datetime": {"datetime": "2024-06-13 01:40:33", "elapsed": 144.972889, "delta": 0.111702}}
{"target": -89.6423625016546, "params": {"p_ai": 4.086392620197625, "p_al": 4.783302797395642, "p_ex": 8.220717104784246, "prior": 1.6735483806311797, "rate": 3.22090203722221}, "datetime": {"datetime": "2024-06-13 01:40:33", "elapsed": 145.080603, "delta": 0.107714}}
{"target": -80.32909831617162, "params": {"p_ai": 2.0558855352123273, "p_al": 0.994129546634683, "p_ex": 5.2440273923637495, "prior": 2.126509929595719, "rate": 9.043863370876949}, "datetime": {"datetime": "2024-06-13 01:40:34", "elapsed": 145.189317, "delta": 0.108714}}
{"target": -143.80322905237185, "params": {"p_ai": 0.4612609769887088, "p_al": 8.972847420576791, "p_ex": 5.877759258904735, "prior": 8.616106541168397, "rate": 0.2926751386192975}, "datetime": {"datetime": "2024-06-13 01:40:34", "elapsed": 145.302525, "delta": 0.113208}}
{"target": -133.31054989722276, "params": {"p_ai": 3.3307736556222323, "p_al": 5.011600389259751, "p_ex": 2.171900960239031, "prior": 4.226542048262939, "rate": 0.2962973203527067}, "datetime": {"datetime": "2024-06-13 01:40:34", "elapsed": 145.4081, "delta": 0.105575}}
