{"target": -134.42051928050742, "params": {"p_ai": 8.460699937765456, "p_al": 9.275881845032837, "p_ex": 6.604916818383386, "prior": 5.782161010166973, "rate": 3.987756720746455}, "datetime": {"datetime": "2024-06-13 01:38:43", "elapsed": 34.403528, "delta": 0.104524}}
{"target": -132.76970405495183, "params": {"p_ai": 9.666158313928777, "p_al": 1.541637639151742, "p_ex": 8.950972999677836, "prior": 3.1108196657805305, "rate": 5.485342407571374}, "datetime": {"datetime": "2024-06-13 01:38:43", "elapsed": 34.50827, "delta": 0.104742}}
{"target": -131.68075785228993, "params": {"p_ai": 6.8209805180697165, "p_al": 2.3654600436102275, "p_ex": 1.678199113817666, "prior": 5.085311652282731, "rate": 7.918846891971133}, "datetime": {"datetime": "2024-06-13 01:38:43", "elapsed": 34.612543, "delta": 0.104273}}
{"target": -106.25320106838721, "params": {"p_ai": 6.9244522072085894, "p_al": 1.1906143983929753, "p_ex": 9.007521408502258, "prior": 4.797895932924502, "rate": 9.466820115717237}, "datetime": {"datetime": "2024-06-13 01:38:43", "elapsed": 34.717528, "delta": 0.104985}}
{"target": -118.23371654701414, "params": {"p_ai": 5.53478362877641, "p_al": 0.8489334147818686, "p_ex": 2.0254278937096815, "prior": 8.542525491190911, "rate": 7.0595677402804276}, "datetime": {"datetime": "2024-06-13 01:38:43", "elapsed": 34.823245, "delta": 0.105717}}
{"target": -132.35714068488255, "params": {"p_ai": 8.949500262009089, "p_al": 3.2921308719412035, "p_ex": 5.280485964979625, "prior": 6.504330926708715, "rate": 5.943314245013059}, "datetime": {"datetime": "2024-06-13 01:38:43", "elapsed": 34.927703, "delta": 0.104458}}
{"target": -98.32789573379897, "params": {"p_ai": 2.315397892406944, "p_al": 4.268786673132908, "p_ex": 2.481866529137688, "prior": 8.456304007349223, "rate": 9.866787772235858}, "datetime": {"datetime": "2024-06-13 01:38:43", "elapsed": 35.031426, "delta": 0.103723}}
{"target": -119.76485999801318, "params": {"p_ai": 0.6666414605206605, "p_al": 7.139566394637347, "p_ex": 3.3018254064385437, "prior": 6.254728347736019, "rate": 2.582038363169428}, "datetime": {"datetime": "2024-06-13 01:38:43", "elapsed": 35.13466, "delta": 0.103234}}
{"target": -119.92425856007178, "params": {"p_ai": 6.510425085475643, "p_al": 3.7121006974428328, "p_ex": 2.9489139744901, "prior": 9.11771997380429, "rate": 9.425046243387849}, "datetime": {"datetime": "2024-06-13 01:38:44", "elapsed": 35.239382, "delta": 0.104722}}
{"target": -95.15506412648716, "params": {"p_ai": 6.135886715574795, "p_al": 2.1454633405260957, "p_ex": 9.394249290190688, "prior": 7.504785013686519, "rate": 7.511146983420739}, "datetime": {"datetime": "2024-06-13 01:38:44", "elapsed": 35.342591, "delta": 0.103209}}
{"target": -104.77798488526808, "params": {"p_ai": 2.1180016271500137, "p_al": 8.30173510509683, "p_ex": 2.4017114464579397, "prior": 6.316575831756353, "rate": 7.107684959425964}, "datetime": {"datetime": "2024-06-13 01:38:44", "elapsed": 35.447211, "delta": 0.10462}}
{"target": -110.64950951969533, "params": {"p_ai": 7.424091913641311, "p_al": 3.9032567812912102, "p_ex": 7.598494141764259, "prior": 9.029456085314978, "rate": 5.8746127723565325}, "datetime": {"datetime": "2024-06-13 01:38:44", "elapsed": 35.551393, "delta": 0.104182}}
{"target": -122.21051848063887, "params": {"p_ai": 0.9050067472322914, "p_al": 1.2906308654386183, "p_ex": 1.0535200041012063, "prior": 1.7281019057654774, "rate": 1.2651824720065605}, "datetime": {"datetime": "2024-06-13 01:38:44", "elapsed": 35.655738, "delta": 0.104345}}
{"target": -133.86069421729968, "params": {"p_ai": 7.783230599786209, "p_al": 0.39507571033225836, "p_ex": 2.4163426149912994, "prior": 8.790784947183296, "rate": 9.7352150895021}, "datetime": {"datetime": "2024-06-13 01:38:44", "elapsed": 35.760431, "delta": 0.104693}}
{"target": -156.56432343721204, "params": {"p_ai": 6.054614655262755, "p_al": 9.762406407339324, "p_ex": 0.43547196560805285, "prior": 9.4857791109917, "rate": 3.113649528479215}, "datetime": {"datetime": "2024-06-13 01:38:44", "elapsed": 35.870703, "delta": 0.110272}}
{"target": -119.3889054248316, "params": {"p_ai": 7.989929430775569, "p_al": 8.106480405365568, "p_ex": 8.600125917211868, "prior": 4.586049558214109, "rate": 9.306513277262319}, "datetime": {"datetime": "2024-06-13 01:38:44", "elapsed": 35.977418, "delta": 0.106715}}
{"target": -122.05745742322873, "params": {"p_ai": 2.579671951285972, "p_al": 9.344520479803316, "p_ex": 6.191577212883354, "prior": 9.85446370453336, "rate": 0.3274060157599613}, "datetime": {"datetime": "2024-06-13 01:38:44", "elapsed": 36.08114, "delta": 0.103722}}
{"target": -127.96389041329542, "params": {"p_ai": 7.251941421668252, "p_al": 5.655976799568431, "p_ex": 4.924748049935798, "prior": 2.5929220383817193, "rate": 3.268980017978885}, "datetime": {"datetime": "2024-06-13 01:38:45", "elapsed": 36.184863, "delta": 0.103723}}
{"target": -102.85998547275797, "params": {"p_ai": 2.495372604807176, "p_al": 2.1934598353402825, "p_ex": 7.996808714410864, "prior": 5.024447663976686, "rate": 0.8328156970812803}, "datetime": {"datetime": "2024-06-13 01:38:45", "elapsed": 36.289583, "delta": 0.10472}}
{"target": -117.74390822220394, "params": {"p_ai": 7.770064936081777, "p_al": 5.336957111761226, "p_ex": 7.394138485676474, "prior": 5.154421537738071, "rate": 4.0000592939273325}, "datetime": {"datetime": "2024-06-13 01:38:45", "elapsed": 36.394303, "delta": 0.10472}}
{"target": -129.01835831249517, "params": {"p_ai": 9.862481577580514, "p_al": 0.2833979590089639, "p_ex": 9.327706315740619, "prior": 9.30861882263192, "rate": 3.909796196303079}, "datetime": {"datetime": "2024-06-13 01:38:45", "elapsed": 36.499846, "delta": 0.105543}}
{"target": -115.69495761858681, "params": {"p_ai": 2.145434246462065, "p_al": 6.192513766034457, "p_ex": 1.7805453823662243, "prior": 8.032278735085756, "rate": 2.5400846249214744}, "datetime": {"datetime": "2024-06-13 01:38:45", "elapsed": 36.603445, "delta": 0.103599}}
{"target": -80.50847628124615, "params": {"p_ai": 2.9087707441717465, "p_al": 9.15924198430956, "p_ex": 9.029265417910615, "prior": 5.354273536413487, "rate": 8.628526966805577}, "datetime": {"datetime": "2024-06-13 01:38:45", "elapsed": 36.708164, "delta": 0.104719}}
{"target": -177.6738535735155, "params": {"p_ai": 3.525973155481813, "p_al": 9.978844897970799, "p_ex": 4.337463704310366, "prior": 2.948825305973155, "rate": 0.4167007652577235}, "datetime": {"datetime": "2024-06-13 01:38:45", "elapsed": 36.811916, "delta": 0.103752}}
{"target": -136.11561068658835, "params": {"p_ai": 9.897079830913631, "p_al": 4.649411421487312, "p_ex": 7.346115555489657, "prior": 6.408435432834701, "rate": 7.231210903260432}, "datetime": {"datetime": "2024-06-13 01:38:45", "elapsed": 36.915925, "delta": 0.104009}}
{"target": -96.38243041238682, "params": {"p_ai": 0.5120579273573367, "p_al": 9.200534008691728, "p_ex": 9.268485337804513, "prior": 5.520398276514817, "rate": 9.639194970956826}, "datetime": {"datetime": "2024-06-13 01:38:45", "elapsed": 37.019652, "delta": 0.103727}}
{"target": -101.61094086161393, "params": {"p_ai": 2.8102744143666842, "p_al": 6.0218641247383164, "p_ex": 3.9652304378361865, "prior": 6.280604294320527, "rate": 3.0070222529489574}, "datetime": {"datetime": "2024-06-13 01:38:45", "elapsed": 37.123484, "delta": 0.103832}}
{"target": -164.135058580633, "params": {"p_ai": 8.193764488175546, "p_al": 0.6987899990635812, "p_ex": 0.4197338254296628, "prior": 0.49491444994850975, "rate": 1.5053998286482668}, "datetime": {"datetime": "2024-06-13 01:38:46", "elapsed": 37.227099, "delta": 0.103615}}
{"target": -130.02057374896538, "params": {"p_ai": 3.954109387473109, "p_al": 9.553944502582489, "p_ex": 1.1088436015198657, "prior": 6.475882305178456, "rate": 5.276687463055037}, "datetime": {"datetime": "2024-06-13 01:38:46", "elapsed": 37.330822, "delta": 0.103723}}
{"target": -100.66252335406956, "params": {"p_ai": 3.533070817424607, "p_al": 1.9827940939725983, "p_ex": 2.20672022439151, "prior": 0.4391712757617422, "rate": 7.131926567624986}, "datetime": {"datetime": "2024-06-13 01:38:46", "elapsed": 37.434779, "delta": 0.103957}}
{"target": -113.16755000196551, "params": {"p_ai": 6.538748151763354, "p_al": 4.4382541574545, "p_ex": 7.189675941410347, "prior": 1.100649748480759, "rate": 9.387253014515942}, "datetime": {"datetime": "2024-06-13 01:38:46", "elapsed": 37.53907, "delta": 0.104291}}
{"target": -142.14268837110416, "params": {"p_ai": 8.476419465684636, "p_al": 6.590697560999168, "p_ex": 3.7889328554486568, "prior": 4.16625072341846, "rate": 4.822057067652517}, "datetime": {"datetime": "2024-06-13 01:38:46", "elapsed": 37.643586, "delta": 0.104516}}
{"target": -141.4161371282133, "params": {"p_ai": 9.352902416297999, "p_al": 8.636065956226108, "p_ex": 4.779760568316378, "prior": 5.545630464283392, "rate": 8.754163218930938}, "datetime": {"datetime": "2024-06-13 01:38:46", "elapsed": 37.748305, "delta": 0.104719}}
{"target": -135.5942447731152, "params": {"p_ai": 9.492695073289129, "p_al": 6.392208373926592, "p_ex": 7.485454680577448, "prior": 3.516897438698066, "rate": 9.180365162542714}, "datetime": {"datetime": "2024-06-13 01:38:46", "elapsed": 37.852572, "delta": 0.104267}}
{"target": -118.02029274827166, "params": {"p_ai": 8.367683746488458, "p_al": 5.521006756366404, "p_ex": 8.676404468942122, "prior": 8.498868942521883, "rate": 8.084305154704811}, "datetime": {"datetime": "2024-06-13 01:38:46", "elapsed": 37.957292, "delta": 0.10472}}
{"target": -101.82832715646322, "params": {"p_ai": 1.307797551149483, "p_al": 5.3604897456433, "p_ex": 9.007930363954452, "prior": 7.70854747370775, "rate": 4.207711277052893}, "datetime": {"datetime": "2024-06-13 01:38:46", "elapsed": 38.062012, "delta": 0.10472}}
{"target": -149.7391150987003, "params": {"p_ai": 9.778826053206298, "p_al": 2.5084807935733497, "p_ex": 3.336768678250129, "prior": 9.54205087378846, "rate": 8.087344766504712}, "datetime": {"datetime": "2024-06-13 01:38:47", "elapsed": 38.166733, "delta": 0.104721}}
{"target": -136.18718623282842, "params": {"p_ai": 9.003499705102108, "p_al": 0.11688430450954196, "p_ex": 3.798264565906914, "prior": 2.355984044142083, "rate": 2.9600545838222256}, "datetime": {"datetime": "2024-06-13 01:38:47", "elapsed": 38.271453, "delta": 0.10472}}
{"target": -125.62316690992643, "params": {"p_ai": 7.380216968542006, "p_al": 7.241124363795878, "p_ex": 4.618532302580416, "prior": 3.65337933760973, "rate": 5.847331438432254}, "datetime": {"datetime": "2024-06-13 01:38:47", "elapsed": 38.375831, "delta": 0.104378}}
{"target": -96.6276570263913, "params": {"p_ai": 5.33754383858813, "p_al": 5.5062450105196135, "p_ex": 6.155155234075464, "prior": 3.957087074403221, "rate": 7.717413105672169}, "datetime": {"datetime": "2024-06-13 01:38:47", "elapsed": 38.480331, "delta": 0.1045}}
{"target": -165.02203881314728, "params": {"p_ai": 2.512780630310517, "p_al": 6.557951918265758, "p_ex": 9.604011085051962, "prior": 0.03654404988379601, "rate": 7.233887082898668}, "datetime": {"datetime": "2024-06-13 01:38:47", "elapsed": 38.584216, "delta": 0.103885}}
{"target": -84.0008067648638, "params": {"p_ai": 1.0908413442625073, "p_al": 5.438331129146589, "p_ex": 6.269533250786666, "prior": 2.4302283105822404, "rate": 9.138524908590835}, "datetime": {"datetime": "2024-06-13 01:38:47", "elapsed": 38.688936, "delta": 0.10472}}
{"target": -106.55350387666812, "params": {"p_ai": 6.223502974387487, "p_al": 2.3177152192572037, "p_ex": 7.701551743810476, "prior": 1.0559652928933503, "rate": 5.552697959994914}, "datetime": {"datetime": "2024-06-13 01:38:47", "elapsed": 38.793656, "delta": 0.10472}}
{"target": -108.40050580303632, "params": {"p_ai": 0.9504657419551125, "p_al": 5.810259742677521, "p_ex": 2.5305481470891635, "prior": 6.495018612739509, "rate": 7.158553701628942}, "datetime": {"datetime": "2024-06-13 01:38:47", "elapsed": 38.898376, "delta": 0.10472}}
{"target": -91.7993335356946, "params": {"p_ai": 5.242331960072044, "p_al": 6.575556555623399, "p_ex": 8.133125159405232, "prior": 8.075315204158677, "rate": 6.197200238546574}, "datetime": {"datetime": "2024-06-13 01:38:47", "elapsed": 39.005668, "delta": 0.107292}}
{"target": -92.76613137388324, "params": {"p_ai": 4.511573518745629, "p_al": 4.080091940484627, "p_ex": 8.74760145142373, "prior": 7.029614389411599, "rate": 1.850165288711643}, "datetime": {"datetime": "2024-06-13 01:38:47", "elapsed": 39.10935, "delta": 0.103682}}
{"target": -132.16704902863677, "params": {"p_ai": 5.657755734146004, "p_al": 9.08817151496827, "p_ex": 1.5077492324904636, "prior": 8.455331237631533, "rate": 8.202204460687183}, "datetime": {"datetime": "2024-06-13 01:38:48", "elapsed": 39.213075, "delta": 0.103725}}
{"target": -131.8687237877035, "params": {"p_ai": 4.993911671877048, "p_al": 0.37680093100554635, "p_ex": 1.4758775514639575, "prior": 9.226464308192023, "rate": 0.4425038055225927}, "datetime": {"datetime": "2024-06-13 01:38:48", "elapsed": 39.316798, "delta": 0.103723}}
{"target": -122.49375781123389, "params": {"p_ai": 3.7256151652871896, "p_al": 6.1907773076199835, "p_ex": 1.9702834411012529, "prior": 9.810816492645733, "rate": 1.5605963552011808}, "datetime": {"datetime": "2024-06-13 01:38:48", "elapsed": 39.420464, "delta": 0.103666}}
{"target": -123.42200852895847, "params": {"p_ai": 5.3972522724175835, "p_al": 6.180495232142101, "p_ex": 2.3106684967483693, "prior": 4.663623583104205, "rate": 4.91059428280016}, "datetime": {"datetime": "2024-06-13 01:38:48", "elapsed": 39.523741, "delta": 0.103277}}
{"target": -128.5667853070388, "params": {"p_ai": 7.668856900889094, "p_al": 6.343173246985961, "p_ex": 4.676032980600331, "prior": 6.669758489396559, "rate": 4.534320887795462}, "datetime": {"datetime": "2024-06-13 01:38:48", "elapsed": 39.627486, "delta": 0.103745}}
{"target": -125.01279549419857, "params": {"p_ai": 5.257590201822755, "p_al": 6.586021847542061, "p_ex": 1.8127726241566626, "prior": 7.8807074621719, "rate": 6.029050510046435}, "datetime": {"datetime": "2024-06-13 01:38:48", "elapsed": 39.731829, "delta": 0.104343}}
{"target": -143.97979178380024, "params": {"p_ai": 9.80334851848814, "p_al": 2.2246095521182263, "p_ex": 4.663198475191569, "prior": 8.956522384191866, "rate": 6.014732663578183}, "datetime": {"datetime": "2024-06-13 01:38:48", "elapsed": 39.835925, "delta": 0.104096}}
{"target": -120.38663285227838, "params": {"p_ai": 7.259862499642302, "p_al": 4.137287971849402, "p_ex": 6.843411908691368, "prior": 9.460604243445784, "rate": 2.0026604713274816}, "datetime": {"datetime": "2024-06-13 01:38:48", "elapsed": 39.94115, "delta": 0.105225}}
{"target": -251.881868794626, "params": {"p_ai": 8.073845273509328, "p_al": 9.695410582986865, "p_ex": 0.146672748901554, "prior": 2.152880656357681, "rate": 1.1746518262109842}, "datetime": {"datetime": "2024-06-13 01:38:48", "elapsed": 40.04587, "delta": 0.10472}}
{"target": -115.09091656352805, "params": {"p_ai": 7.674467753896792, "p_al": 0.8130846428413901, "p_ex": 9.984137172350485, "prior": 3.8967305467771722, "rate": 9.05212245656447}, "datetime": {"datetime": "2024-06-13 01:38:49", "elapsed": 40.15059, "delta": 0.10472}}
{"target": -87.93366139290994, "params": {"p_ai": 1.886587457391179, "p_al": 4.409281126023087, "p_ex": 8.448273378243028, "prior": 5.9531025369518895, "rate": 4.6221188088168805}, "datetime": {"datetime": "2024-06-13 01:38:49", "elapsed": 40.25531, "delta": 0.10472}}
{"target": -141.62741428262194, "params": {"p_ai": 5.12698481782442, "p_al": 5.739281383396582, "p_ex": 4.403751756648346, "prior": 1.936396018280381, "rate": 1.1405436488304044}, "datetime": {"datetime": "2024-06-13 01:38:49", "elapsed": 40.359033, "delta": 0.103723}}
{"target": -100.5451070917847, "params": {"p_ai": 1.5131280457741099, "p_al": 0.5258571475674859, "p_ex": 5.587205434225252, "prior": 8.47736241934607, "rate": 3.5918342699021832}, "datetime": {"datetime": "2024-06-13 01:38:49", "elapsed": 40.482537, "delta": 0.123504}}
{"target": -92.09579943994206, "params": {"p_ai": 0.7540334154855424, "p_al": 4.257818395439178, "p_ex": 6.020476376881542, "prior": 4.254609252290801, "rate": 8.107401614840093}, "datetime": {"datetime": "2024-06-13 01:38:49", "elapsed": 40.703393, "delta": 0.220856}}
{"target": -136.7976144754107, "params": {"p_ai": 9.418920575620866, "p_al": 8.699237821910275, "p_ex": 7.040290983300606, "prior": 4.7035189488969715, "rate": 6.827297730989611}, "datetime": {"datetime": "2024-06-13 01:38:49", "elapsed": 40.815692, "delta": 0.112299}}
{"target": -127.90924737659722, "params": {"p_ai": 0.13516968725473882, "p_al": 9.824798706901937, "p_ex": 1.7216012409571306, "prior": 9.062697699220857, "rate": 8.071291906759395}, "datetime": {"datetime": "2024-06-13 01:38:49", "elapsed": 40.923405, "delta": 0.107713}}
{"target": -137.29970380904524, "params": {"p_ai": 8.00159670418549, "p_al": 2.690091641792864, "p_ex": 2.1923189037668234, "prior": 4.288578128447973, "rate": 8.493861636205818}, "datetime": {"datetime": "2024-06-13 01:38:49", "elapsed": 41.028124, "delta": 0.104719}}
{"target": -103.19409401489229, "params": {"p_ai": 4.5043460450747315, "p_al": 9.354265719956611, "p_ex": 3.5274405931901285, "prior": 6.194302264801901, "rate": 9.807009664521445}, "datetime": {"datetime": "2024-06-13 01:38:49", "elapsed": 41.132844, "delta": 0.10472}}
{"target": -107.30367112256484, "params": {"p_ai": 6.434981759885809, "p_al": 0.45593666218999723, "p_ex": 4.636107352426167, "prior": 3.348178685792924, "rate": 5.322283303668225}, "datetime": {"datetime": "2024-06-13 01:38:50", "elapsed": 41.237565, "delta": 0.104721}}
{"target": -80.49132961532946, "params": {"p_ai": 2.848177339922701, "p_al": 1.223490041069798, "p_ex": 6.683221598519268, "prior": 6.8139161891581725, "rate": 8.671525860690885}, "datetime": {"datetime": "2024-06-13 01:38:50", "elapsed": 41.341791, "delta": 0.104226}}
{"target": -111.88859983521618, "params": {"p_ai": 1.3246825541338114, "p_al": 7.9864044624720325, "p_ex": 8.267860615312884, "prior": 6.465852807575769, "rate": 2.0500165356605575}, "datetime": {"datetime": "2024-06-13 01:38:50", "elapsed": 41.445545, "delta": 0.103754}}
{"target": -86.77216737926803, "params": {"p_ai": 2.6149457233439732, "p_al": 4.185549678574218, "p_ex": 5.418448928754531, "prior": 4.774902117966579, "rate": 4.67513146056165}, "datetime": {"datetime": "2024-06-13 01:38:50", "elapsed": 41.552746, "delta": 0.107201}}
{"target": -122.37701517277307, "params": {"p_ai": 8.398567261266477, "p_al": 8.70115355071037, "p_ex": 8.16772288980329, "prior": 8.778136384928361, "rate": 5.710516610608794}, "datetime": {"datetime": "2024-06-13 01:38:50", "elapsed": 41.657609, "delta": 0.104863}}
{"target": -139.5728907284713, "params": {"p_ai": 9.64039729725748, "p_al": 6.065836938156427, "p_ex": 6.039873463055735, "prior": 3.193658073009114, "rate": 6.812360636986074}, "datetime": {"datetime": "2024-06-13 01:38:50", "elapsed": 41.761331, "delta": 0.103722}}
{"target": -130.1688829410622, "params": {"p_ai": 0.5206049193651046, "p_al": 1.3463296636984106, "p_ex": 1.303291433560078, "prior": 6.5523576709601326, "rate": 1.7541505851216117}, "datetime": {"datetime": "2024-06-13 01:38:50", "elapsed": 41.865688, "delta": 0.104357}}
{"target": -104.11875432117645, "params": {"p_ai": 3.412127085692221, "p_al": 0.44407224667521283, "p_ex": 2.33810986680499, "prior": 9.642279024168092, "rate": 5.091884885761161}, "datetime": {"datetime": "2024-06-13 01:38:50", "elapsed": 41.968889, "delta": 0.103201}}
{"target": -102.17797766207785, "params": {"p_ai": 1.5115941101958479, "p_al": 5.2305623088129085, "p_ex": 9.435150329726897, "prior": 8.656994454049334, "rate": 3.9212666234349385}, "datetime": {"datetime": "2024-06-13 01:38:50", "elapsed": 42.074115, "delta": 0.105226}}
{"target": -154.2319439609753, "params": {"p_ai": 2.8393912922180533, "p_al": 7.617536897064726, "p_ex": 2.405602763706075, "prior": 2.5430693142188665, "rate": 0.841779455445115}, "datetime": {"datetime": "2024-06-13 01:38:51", "elapsed": 42.178344, "delta": 0.104229}}
{"target": -127.7939546932381, "params": {"p_ai": 8.641576803545505, "p_al": 4.4795412572871784, "p_ex": 5.618300819839127, "prior": 7.367372865977506, "rate": 7.965092182444826}, "datetime": {"datetime": "2024-06-13 01:38:51", "elapsed": 42.282571, "delta": 0.104227}}
{"target": -102.74590012268652, "params": {"p_ai": 4.475633881764149, "p_al": 1.8420914342018075, "p_ex": 8.287499782431489, "prior": 0.3109486003227299, "rate": 9.467335967809916}, "datetime": {"datetime": "2024-06-13 01:38:51", "elapsed": 42.386294, "delta": 0.103723}}
{"target": -123.69527892807461, "params": {"p_ai": 5.770201486928539, "p_al": 8.754011995768419, "p_ex": 6.086045804298614, "prior": 2.5173441819390847, "rate": 2.962003105035548}, "datetime": {"datetime": "2024-06-13 01:38:51", "elapsed": 42.490916, "delta": 0.104622}}
{"target": -142.15505059454446, "params": {"p_ai": 5.329692667757501, "p_al": 9.620820050258088, "p_ex": 1.8457715492972864, "prior": 5.099473883052948, "rate": 3.4385372462650072}, "datetime": {"datetime": "2024-06-13 01:38:51", "elapsed": 42.594801, "delta": 0.103885}}
{"target": -212.49660352450053, "params": {"p_ai": 7.697483724226901, "p_al": 8.028861997837808, "p_ex": 4.246174543111865, "prior": 2.042020877443364, "rate": 0.6718275138282244}, "datetime": {"datetime": "2024-06-13 01:38:51", "elapsed": 42.699521, "delta": 0.10472}}
{"target": -109.47330368212147, "params": {"p_ai": 1.9872839959411943, "p_al": 2.7247361004436925, "p_ex": 5.988290390174195, "prior": 8.730961889247082, "rate": 1.2831811575160175}, "datetime": {"datetime": "2024-06-13 01:38:51", "elapsed": 42.803244, "delta": 0.103723}}
{"target": -137.28262720197333, "params": {"p_ai": 9.581929228407246, "p_al": 6.832025267697611, "p_ex": 7.419900392548125, "prior": 9.828824978423985, "rate": 4.161591625408803}, "datetime": {"datetime": "2024-06-13 01:38:51", "elapsed": 42.906966, "delta": 0.103722}}
