{"target": -136.17653326079284, "params": {"gamma": 0.5287857773295865, "prior": 8.914019769519989, "rate": 4.045739285423598}, "datetime": {"datetime": "2024-06-14 05:06:46", "elapsed": 8.161012, "delta": 0.008976}}
{"target": -606.4390577287553, "params": {"gamma": 9.292802548221829, "prior": 4.080573920625559, "rate": 0.7692460154620339}, "datetime": {"datetime": "2024-06-14 05:06:46", "elapsed": 8.169988, "delta": 0.008976}}
{"target": -148.46808247330955, "params": {"gamma": 2.4537661400558073, "prior": 3.5675790065013078, "rate": 7.507532195259897}, "datetime": {"datetime": "2024-06-14 05:06:46", "elapsed": 8.179961, "delta": 0.009973}}
{"target": -134.85465066465454, "params": {"gamma": 1.8482967753404873, "prior": 4.366639171886156, "rate": 8.732580952739871}, "datetime": {"datetime": "2024-06-14 05:06:46", "elapsed": 8.188937, "delta": 0.008976}}
{"target": -357.4141223951724, "params": {"gamma": 5.338077152636459, "prior": 1.121231725515661, "rate": 0.24620034805926763}, "datetime": {"datetime": "2024-06-14 05:06:46", "elapsed": 8.19767, "delta": 0.008733}}
{"target": -369.1791486983123, "params": {"gamma": 7.058392201809326, "prior": 9.79336216048635, "rate": 7.851867464260117}, "datetime": {"datetime": "2024-06-14 05:06:46", "elapsed": 8.207644, "delta": 0.009974}}
{"target": -361.4802362295539, "params": {"gamma": 7.647497242257331, "prior": 6.786930405212397, "rate": 7.9552316002763535}, "datetime": {"datetime": "2024-06-14 05:06:46", "elapsed": 8.21662, "delta": 0.008976}}
{"target": -125.54484816998902, "params": {"gamma": 0.40113783894076427, "prior": 2.720348153996855, "rate": 6.9542799621795535}, "datetime": {"datetime": "2024-06-14 05:06:46", "elapsed": 8.225596, "delta": 0.008976}}
{"target": -548.6865154887212, "params": {"gamma": 8.670016307747831, "prior": 6.778608030986559, "rate": 1.7635850037063328}, "datetime": {"datetime": "2024-06-14 05:06:46", "elapsed": 8.234571, "delta": 0.008975}}
{"target": -641.146951412131, "params": {"gamma": 9.363148290996985, "prior": 9.043449131097443, "rate": 0.8677009826349238}, "datetime": {"datetime": "2024-06-14 05:06:46", "elapsed": 8.244545, "delta": 0.009974}}
{"target": -134.22287178129233, "params": {"gamma": 1.9308073757049558, "prior": 2.824411003044214, "rate": 7.384380294175464}, "datetime": {"datetime": "2024-06-14 05:06:46", "elapsed": 8.253521, "delta": 0.008976}}
{"target": -524.5180014238903, "params": {"gamma": 8.59387390968027, "prior": 5.825391635770356, "rate": 1.9972560609459706}, "datetime": {"datetime": "2024-06-14 05:06:46", "elapsed": 8.262497, "delta": 0.008976}}
{"target": -190.70677959668188, "params": {"gamma": 4.151483786326004, "prior": 1.4648060826146607, "rate": 9.174044472397386}, "datetime": {"datetime": "2024-06-14 05:06:46", "elapsed": 8.27247, "delta": 0.009973}}
{"target": -388.64027317885154, "params": {"gamma": 7.645544873164326, "prior": 5.151116954680168, "rate": 4.536296856665209}, "datetime": {"datetime": "2024-06-14 05:06:46", "elapsed": 8.281446, "delta": 0.008976}}
{"target": -142.1590745427336, "params": {"gamma": 0.9793229413773535, "prior": 3.2548860273732405, "rate": 1.2072073207786072}, "datetime": {"datetime": "2024-06-14 05:06:46", "elapsed": 8.290422, "delta": 0.008976}}
{"target": -465.50368011772423, "params": {"gamma": 7.823598295559239, "prior": 5.494348696094326, "rate": 2.2735465367701733}, "datetime": {"datetime": "2024-06-14 05:06:46", "elapsed": 8.300262, "delta": 0.00984}}
{"target": -152.68903706306142, "params": {"gamma": 2.242804189720107, "prior": 2.677942155406277, "rate": 3.0894186504102437}, "datetime": {"datetime": "2024-06-14 05:06:46", "elapsed": 8.309238, "delta": 0.008976}}
{"target": -187.6520334485912, "params": {"gamma": 3.8776636126823174, "prior": 3.0457344305346488, "rate": 6.795879389436971}, "datetime": {"datetime": "2024-06-14 05:06:46", "elapsed": 8.319211, "delta": 0.009973}}
{"target": -127.5589863427156, "params": {"gamma": 0.351701119431484, "prior": 3.3482921178205443, "rate": 7.4531734367072975}, "datetime": {"datetime": "2024-06-14 05:06:46", "elapsed": 8.328187, "delta": 0.008976}}
{"target": -584.3397952310663, "params": {"gamma": 9.428137042767773, "prior": 8.047052246559756, "rate": 2.4090212695059683}, "datetime": {"datetime": "2024-06-14 05:06:46", "elapsed": 8.338161, "delta": 0.009974}}
{"target": -140.83059587196317, "params": {"gamma": 2.329921768369933, "prior": 1.9843342677001725, "rate": 8.825092851051235}, "datetime": {"datetime": "2024-06-14 05:06:46", "elapsed": 8.347138, "delta": 0.008977}}
{"target": -186.6866970279352, "params": {"gamma": 2.3793190167249576, "prior": 7.605988171789962, "rate": 2.611236264315461}, "datetime": {"datetime": "2024-06-14 05:06:46", "elapsed": 8.357111, "delta": 0.009973}}
{"target": -132.4142344352852, "params": {"gamma": 0.3317853522317488, "prior": 7.3611322306807825, "rate": 7.262291896142214}, "datetime": {"datetime": "2024-06-14 05:06:46", "elapsed": 8.366086, "delta": 0.008975}}
{"target": -119.72309190868134, "params": {"gamma": 0.8905021504995737, "prior": 3.334342453503056, "rate": 9.483704536600037}, "datetime": {"datetime": "2024-06-14 05:06:46", "elapsed": 8.37606, "delta": 0.009974}}
{"target": -126.114133938279, "params": {"gamma": 1.6303270368232625, "prior": 0.9580574792638101, "rate": 5.946444277228148}, "datetime": {"datetime": "2024-06-14 05:06:46", "elapsed": 8.385035, "delta": 0.008975}}
{"target": -346.67363973595775, "params": {"gamma": 9.309967663594373, "prior": 1.424405246656605, "rate": 5.130609924306518}, "datetime": {"datetime": "2024-06-14 05:06:46", "elapsed": 8.394011, "delta": 0.008976}}
{"target": -492.3700145441407, "params": {"gamma": 6.84030814195546, "prior": 1.8011146201075885, "rate": 0.11358767502840258}, "datetime": {"datetime": "2024-06-14 05:06:46", "elapsed": 8.402988, "delta": 0.008977}}
{"target": -335.25888295746876, "params": {"gamma": 8.876943621666769, "prior": 0.44878957946825926, "rate": 2.575325379792938}, "datetime": {"datetime": "2024-06-14 05:06:46", "elapsed": 8.412961, "delta": 0.009973}}
{"target": -487.2022782040061, "params": {"gamma": 6.5171886333749445, "prior": 2.929251040222046, "rate": 0.09806625815159087}, "datetime": {"datetime": "2024-06-14 05:06:46", "elapsed": 8.421938, "delta": 0.008977}}
{"target": -340.672521181618, "params": {"gamma": 5.754942892815359, "prior": 3.147143555513635, "rate": 1.5159891044593792}, "datetime": {"datetime": "2024-06-14 05:06:46", "elapsed": 8.430913, "delta": 0.008975}}
{"target": -357.9228926042377, "params": {"gamma": 9.712861834014069, "prior": 1.7332254521996295, "rate": 7.272627175991628}, "datetime": {"datetime": "2024-06-14 05:06:46", "elapsed": 8.439889, "delta": 0.008976}}
{"target": -575.2076920685327, "params": {"gamma": 8.907351190743636, "prior": 8.601279645696758, "rate": 1.8433864145173096}, "datetime": {"datetime": "2024-06-14 05:06:46", "elapsed": 8.449862, "delta": 0.009973}}
{"target": -151.6343432801017, "params": {"gamma": 2.3688485284086984, "prior": 0.2817901013754669, "rate": 9.314123267181278}, "datetime": {"datetime": "2024-06-14 05:06:46", "elapsed": 8.458838, "delta": 0.008976}}
{"target": -581.8664728308087, "params": {"gamma": 8.871324645396406, "prior": 5.995115072798474, "rate": 1.0945671874130298}, "datetime": {"datetime": "2024-06-14 05:06:46", "elapsed": 8.467814, "delta": 0.008976}}
{"target": -157.87753920028456, "params": {"gamma": 1.736252925778173, "prior": 5.811907672232824, "rate": 2.5173180780279494}, "datetime": {"datetime": "2024-06-14 05:06:46", "elapsed": 8.47679, "delta": 0.008976}}
{"target": -178.93939740910417, "params": {"gamma": 3.0024181605272484, "prior": 1.792774754535882, "rate": 1.8967275990085757}, "datetime": {"datetime": "2024-06-14 05:06:46", "elapsed": 8.486764, "delta": 0.009974}}
{"target": -244.5428758590102, "params": {"gamma": 4.634748122750124, "prior": 5.1477523290215155, "rate": 5.116287316757662}, "datetime": {"datetime": "2024-06-14 05:06:46", "elapsed": 8.49574, "delta": 0.008976}}
{"target": -368.97775235959483, "params": {"gamma": 9.971390854869842, "prior": 1.3829985909743843, "rate": 7.561942713988967}, "datetime": {"datetime": "2024-06-14 05:06:46", "elapsed": 8.504715, "delta": 0.008975}}
{"target": -413.86226409104677, "params": {"gamma": 7.937773715501701, "prior": 5.890337727828154, "rate": 4.627919064512984}, "datetime": {"datetime": "2024-06-14 05:06:46", "elapsed": 8.514689, "delta": 0.009974}}
{"target": -628.1984825481991, "params": {"gamma": 8.934372946865443, "prior": 8.298984168823933, "rate": 0.5038590693510084}, "datetime": {"datetime": "2024-06-14 05:06:46", "elapsed": 8.523665, "delta": 0.008976}}
{"target": -429.19652844051063, "params": {"gamma": 9.629874547125452, "prior": 0.17266492836107364, "rate": 5.731748914634736}, "datetime": {"datetime": "2024-06-14 05:06:46", "elapsed": 8.532641, "delta": 0.008976}}
{"target": -341.84381156454987, "params": {"gamma": 5.7247357384538, "prior": 8.360358681426117, "rate": 3.8477759631858306}, "datetime": {"datetime": "2024-06-14 05:06:46", "elapsed": 8.542614, "delta": 0.009973}}
{"target": -165.30178001486615, "params": {"gamma": 0.911317649590776, "prior": 5.858703966752355, "rate": 0.24943375777694893}, "datetime": {"datetime": "2024-06-14 05:06:46", "elapsed": 8.55159, "delta": 0.008976}}
{"target": -208.12435542252038, "params": {"gamma": 3.618595813310707, "prior": 9.854636340644698, "rate": 8.687919916680645}, "datetime": {"datetime": "2024-06-14 05:06:46", "elapsed": 8.561564, "delta": 0.009974}}
{"target": -137.04373215125497, "params": {"gamma": 1.525814920870293, "prior": 8.008378281655215, "rate": 8.110158197295846}, "datetime": {"datetime": "2024-06-14 05:06:46", "elapsed": 8.570539, "delta": 0.008975}}
{"target": -370.75822411506107, "params": {"gamma": 9.282143984052633, "prior": 2.3214042338354473, "rate": 4.990175777525101}, "datetime": {"datetime": "2024-06-14 05:06:46", "elapsed": 8.579516, "delta": 0.008977}}
{"target": -417.8949444730089, "params": {"gamma": 8.274613470019348, "prior": 6.706604471482155, "rate": 5.939767497694312}, "datetime": {"datetime": "2024-06-14 05:06:46", "elapsed": 8.589489, "delta": 0.009973}}
{"target": -457.221246123756, "params": {"gamma": 6.520106231886649, "prior": 2.461308526710229, "rate": 0.2563753086730316}, "datetime": {"datetime": "2024-06-14 05:06:46", "elapsed": 8.598465, "delta": 0.008976}}
{"target": -352.5547758922316, "params": {"gamma": 7.362836317207894, "prior": 3.3352390707756885, "rate": 3.7681921123145443}, "datetime": {"datetime": "2024-06-14 05:06:46", "elapsed": 8.607441, "delta": 0.008976}}
{"target": -387.6205924680956, "params": {"gamma": 6.126547925441392, "prior": 6.605933919398819, "rate": 2.0297861073278014}, "datetime": {"datetime": "2024-06-14 05:06:46", "elapsed": 8.616716, "delta": 0.009275}}
{"target": -355.80468471697054, "params": {"gamma": 8.260489346916343, "prior": 3.864045391930247, "rate": 6.317812340605414}, "datetime": {"datetime": "2024-06-14 05:06:46", "elapsed": 8.625692, "delta": 0.008976}}
{"target": -525.4782565643654, "params": {"gamma": 9.664147745107453, "prior": 5.691383729139698, "rate": 3.58975250674678}, "datetime": {"datetime": "2024-06-14 05:06:46", "elapsed": 8.635665, "delta": 0.009973}}
{"target": -319.6048686038998, "params": {"gamma": 6.1900821172926825, "prior": 5.067751868825378, "rate": 4.524310101530738}, "datetime": {"datetime": "2024-06-14 05:06:47", "elapsed": 8.644641, "delta": 0.008976}}
{"target": -419.83112076473856, "params": {"gamma": 7.32297507682793, "prior": 9.252650484842617, "rate": 4.793234881420612}, "datetime": {"datetime": "2024-06-14 05:06:47", "elapsed": 8.653617, "delta": 0.008976}}
{"target": -138.8932706836692, "params": {"gamma": 0.8832132798499579, "prior": 5.739570211172332, "rate": 2.450263600293229}, "datetime": {"datetime": "2024-06-14 05:06:47", "elapsed": 8.663591, "delta": 0.009974}}
{"target": -138.77352341797288, "params": {"gamma": 0.3967395368422162, "prior": 7.902588045772463, "rate": 2.728409598411216}, "datetime": {"datetime": "2024-06-14 05:06:47", "elapsed": 8.672566, "delta": 0.008975}}
{"target": -424.48490507389766, "params": {"gamma": 7.7709278589308965, "prior": 4.933268536573228, "rate": 3.1800409748600784}, "datetime": {"datetime": "2024-06-14 05:06:47", "elapsed": 8.681542, "delta": 0.008976}}
{"target": -166.53998289678344, "params": {"gamma": 3.1409404750589167, "prior": 0.516045124852533, "rate": 5.344463969208603}, "datetime": {"datetime": "2024-06-14 05:06:47", "elapsed": 8.691515, "delta": 0.009973}}
{"target": -387.28027551964766, "params": {"gamma": 8.235692008411606, "prior": 0.9305639897438418, "rate": 1.0864784973815673}, "datetime": {"datetime": "2024-06-14 05:06:47", "elapsed": 8.700491, "delta": 0.008976}}
{"target": -269.30600617002403, "params": {"gamma": 5.293030012750302, "prior": 6.635403915273608, "rate": 6.947765177374281}, "datetime": {"datetime": "2024-06-14 05:06:47", "elapsed": 8.709467, "delta": 0.008976}}
{"target": -164.72855978008516, "params": {"gamma": 3.1329037297737132, "prior": 0.47399998048085035, "rate": 4.146214234044257}, "datetime": {"datetime": "2024-06-14 05:06:47", "elapsed": 8.718443, "delta": 0.008976}}
{"target": -150.48277090877977, "params": {"gamma": 2.2612156645820662, "prior": 0.11103681949882596, "rate": 6.857480005685141}, "datetime": {"datetime": "2024-06-14 05:06:47", "elapsed": 8.72742, "delta": 0.008977}}
{"target": -496.6821336322407, "params": {"gamma": 9.520673328006277, "prior": 3.9724024292967792, "rate": 3.0036839952852596}, "datetime": {"datetime": "2024-06-14 05:06:47", "elapsed": 8.737393, "delta": 0.009973}}
{"target": -287.21338561597776, "params": {"gamma": 5.537964374290343, "prior": 8.534564954842326, "rate": 7.9498792795045405}, "datetime": {"datetime": "2024-06-14 05:06:47", "elapsed": 8.746369, "delta": 0.008976}}
{"target": -304.55883729666226, "params": {"gamma": 6.847882293080787, "prior": 4.377860203867094, "rate": 6.904649764523284}, "datetime": {"datetime": "2024-06-14 05:06:47", "elapsed": 8.755345, "delta": 0.008976}}
{"target": -139.0727450609673, "params": {"gamma": 2.161037487164819, "prior": 2.911040034677843, "rate": 7.778428288392944}, "datetime": {"datetime": "2024-06-14 05:06:47", "elapsed": 8.765318, "delta": 0.009973}}
{"target": -405.5625402361646, "params": {"gamma": 9.299871383327218, "prior": 1.9814900858052293, "rate": 2.9613368308929076}, "datetime": {"datetime": "2024-06-14 05:06:47", "elapsed": 8.774294, "delta": 0.008976}}
{"target": -141.77871349597208, "params": {"gamma": 0.06309646163797043, "prior": 4.372466228275976, "rate": 2.103740422454257}, "datetime": {"datetime": "2024-06-14 05:06:47", "elapsed": 8.78327, "delta": 0.008976}}
{"target": -433.61178546910713, "params": {"gamma": 6.414606400753661, "prior": 7.124933235213273, "rate": 1.188658366270452}, "datetime": {"datetime": "2024-06-14 05:06:47", "elapsed": 8.792246, "delta": 0.008976}}
{"target": -138.1515345014736, "params": {"gamma": 0.8223578763172843, "prior": 9.072717188845324, "rate": 3.8929983086548985}, "datetime": {"datetime": "2024-06-14 05:06:47", "elapsed": 8.801222, "delta": 0.008976}}
{"target": -288.63651281206455, "params": {"gamma": 5.334501569162878, "prior": 9.636091492645338, "rate": 7.590781068151137}, "datetime": {"datetime": "2024-06-14 05:06:47", "elapsed": 8.810198, "delta": 0.008976}}
{"target": -164.71479524735156, "params": {"gamma": 3.256077435692296, "prior": 0.9499080810909061, "rate": 5.360704142867423}, "datetime": {"datetime": "2024-06-14 05:06:47", "elapsed": 8.820171, "delta": 0.009973}}
{"target": -181.96237190982077, "params": {"gamma": 3.3619183039303744, "prior": 0.31468550480840884, "rate": 7.711752180204535}, "datetime": {"datetime": "2024-06-14 05:06:47", "elapsed": 8.829148, "delta": 0.008977}}
{"target": -202.0638203253893, "params": {"gamma": 3.849706389409975, "prior": 5.756079385581481, "rate": 7.557672815106508}, "datetime": {"datetime": "2024-06-14 05:06:47", "elapsed": 8.838123, "delta": 0.008975}}
{"target": -534.6651867712075, "params": {"gamma": 9.408533351590556, "prior": 6.161991152977763, "rate": 3.1546463916226513}, "datetime": {"datetime": "2024-06-14 05:06:47", "elapsed": 8.848097, "delta": 0.009974}}
{"target": -119.3626467536606, "params": {"gamma": 1.1016550019623323, "prior": 0.8317969903215949, "rate": 3.197588047953422}, "datetime": {"datetime": "2024-06-14 05:06:47", "elapsed": 8.857073, "delta": 0.008976}}
{"target": -417.4792363806427, "params": {"gamma": 6.608730550421095, "prior": 6.982005440804134, "rate": 2.0779726825898135}, "datetime": {"datetime": "2024-06-14 05:06:47", "elapsed": 8.866049, "delta": 0.008976}}
{"target": -122.98559956561085, "params": {"gamma": 0.8288765899448861, "prior": 3.1245555467317083, "rate": 5.476198023985873}, "datetime": {"datetime": "2024-06-14 05:06:47", "elapsed": 8.876022, "delta": 0.009973}}
{"target": -428.88527873392974, "params": {"gamma": 7.546942075074172, "prior": 5.343607473643421, "rate": 2.8705505437179983}, "datetime": {"datetime": "2024-06-14 05:06:47", "elapsed": 8.884998, "delta": 0.008976}}
{"target": -260.49516081550996, "params": {"gamma": 6.242173052915846, "prior": 2.7218828862443387, "rate": 6.527276450430897}, "datetime": {"datetime": "2024-06-14 05:06:47", "elapsed": 8.893974, "delta": 0.008976}}
{"target": -425.41432697802173, "params": {"gamma": 8.419138180259552, "prior": 6.425583421647474, "rate": 5.656749058298363}, "datetime": {"datetime": "2024-06-14 05:06:47", "elapsed": 8.90295, "delta": 0.008976}}
{"target": -179.57181534744296, "params": {"gamma": 3.072113950599342, "prior": 8.780092695385816, "rate": 9.888230025288278}, "datetime": {"datetime": "2024-06-14 05:06:47", "elapsed": 8.912924, "delta": 0.009974}}
{"target": -498.2723949022782, "params": {"gamma": 7.775016832668201, "prior": 5.779074189947149, "rate": 1.4136520470773757}, "datetime": {"datetime": "2024-06-14 05:06:47", "elapsed": 8.921899, "delta": 0.008975}}
{"target": -193.7278107580693, "params": {"gamma": 3.1499752949036433, "prior": 3.731907254052719, "rate": 2.9196603150536307}, "datetime": {"datetime": "2024-06-14 05:06:47", "elapsed": 8.931873, "delta": 0.009974}}
{"target": -288.1432891011279, "params": {"gamma": 4.46008219467453, "prior": 6.145261916989693, "rate": 2.129932990561121}, "datetime": {"datetime": "2024-06-14 05:06:47", "elapsed": 8.940849, "delta": 0.008976}}
{"target": -147.49489615599893, "params": {"gamma": 2.4983477831127514, "prior": 1.2102897838888582, "rate": 3.07657830315885}, "datetime": {"datetime": "2024-06-14 05:06:47", "elapsed": 8.949825, "delta": 0.008976}}
{"target": -225.26374970346805, "params": {"gamma": 4.9749853375678486, "prior": 4.949097068629873, "rate": 9.955776541252115}, "datetime": {"datetime": "2024-06-14 05:06:47", "elapsed": 8.959798, "delta": 0.009973}}
{"target": -387.76955384874594, "params": {"gamma": 9.811104522073206, "prior": 4.421971439643317, "rate": 9.720234197281384}, "datetime": {"datetime": "2024-06-14 05:06:47", "elapsed": 8.968774, "delta": 0.008976}}
{"target": -156.6031220495463, "params": {"gamma": 2.1447646438539647, "prior": 5.457096772478638, "rate": 4.534899709382847}, "datetime": {"datetime": "2024-06-14 05:06:47", "elapsed": 8.97775, "delta": 0.008976}}
{"target": -610.9464550833662, "params": {"gamma": 9.67612136622795, "prior": 8.37814460904005, "rate": 2.142255100882632}, "datetime": {"datetime": "2024-06-14 05:06:47", "elapsed": 8.986726, "delta": 0.008976}}
{"target": -197.81181097426546, "params": {"gamma": 4.395951482451757, "prior": 1.7679220192998268, "rate": 5.29134301734205}, "datetime": {"datetime": "2024-06-14 05:06:47", "elapsed": 8.9967, "delta": 0.009974}}
{"target": -302.0956458179116, "params": {"gamma": 7.935053256996167, "prior": 0.45520357476356577, "rate": 1.9143974164796644}, "datetime": {"datetime": "2024-06-14 05:06:47", "elapsed": 9.005675, "delta": 0.008975}}
{"target": -541.1385927543074, "params": {"gamma": 9.77457818836577, "prior": 9.611893329604383, "rate": 5.566359999361917}, "datetime": {"datetime": "2024-06-14 05:06:47", "elapsed": 9.014652, "delta": 0.008977}}
{"target": -258.19035467083427, "params": {"gamma": 6.461261124237896, "prior": 2.7937208415034163, "rate": 9.520958766042686}, "datetime": {"datetime": "2024-06-14 05:06:47", "elapsed": 9.024625, "delta": 0.009973}}
{"target": -512.8586067180172, "params": {"gamma": 6.698078288466073, "prior": 6.701399151873741, "rate": 0.11202223036585872}, "datetime": {"datetime": "2024-06-14 05:06:47", "elapsed": 9.033601, "delta": 0.008976}}
{"target": -431.0440811821986, "params": {"gamma": 8.529845528647078, "prior": 7.805429564933998, "rate": 6.849555045051163}, "datetime": {"datetime": "2024-06-14 05:06:47", "elapsed": 9.042577, "delta": 0.008976}}
{"target": -285.7796132944394, "params": {"gamma": 7.4080773483828315, "prior": 1.6500670035239342, "rate": 7.188031753433652}, "datetime": {"datetime": "2024-06-14 05:06:47", "elapsed": 9.051553, "delta": 0.008976}}
{"target": -175.95389470305702, "params": {"gamma": 0.9690872885214075, "prior": 7.098799535582478, "rate": 0.027315329458906884}, "datetime": {"datetime": "2024-06-14 05:06:47", "elapsed": 9.061064, "delta": 0.009511}}
{"target": -462.4285151093379, "params": {"gamma": 7.76228166881635, "prior": 4.96641612933724, "rate": 2.044664276112351}, "datetime": {"datetime": "2024-06-14 05:06:47", "elapsed": 9.071038, "delta": 0.009974}}
{"target": -289.7357542229343, "params": {"gamma": 7.292736897839507, "prior": 3.2249759046532924, "rate": 8.83829208238512}, "datetime": {"datetime": "2024-06-14 05:06:47", "elapsed": 9.080014, "delta": 0.008976}}
{"target": -142.97834371361526, "params": {"gamma": 1.803155018796988, "prior": 9.39165147743165, "rate": 9.707530730383564}, "datetime": {"datetime": "2024-06-14 05:06:47", "elapsed": 9.089657, "delta": 0.009643}}
