{"target": -228.22924742970406, "params": {"gamma": 4.371801524592517, "prior": 9.310290067062997, "rate": 5.796563374104747}, "datetime": {"datetime": "2024-06-14 04:54:19", "elapsed": 15.198097, "delta": 0.009973}}
{"target": -140.06390700747937, "params": {"gamma": 0.4919257168276211, "prior": 4.583327245754565, "rate": 1.6048400632304824}, "datetime": {"datetime": "2024-06-14 04:54:19", "elapsed": 15.20807, "delta": 0.009973}}
{"target": -371.93916570868487, "params": {"gamma": 7.3285116447675644, "prior": 3.5387914125136177, "rate": 2.0125752194218203}, "datetime": {"datetime": "2024-06-14 04:54:19", "elapsed": 15.218044, "delta": 0.009974}}
{"target": -487.8852751922591, "params": {"gamma": 8.428037552609165, "prior": 8.196183684842598, "rate": 3.4371232618649366}, "datetime": {"datetime": "2024-06-14 04:54:19", "elapsed": 15.228017, "delta": 0.009973}}
{"target": -139.23959055378901, "params": {"gamma": 4.036824289622301, "prior": 0.6999381207727932, "rate": 1.789668289049935}, "datetime": {"datetime": "2024-06-14 04:54:19", "elapsed": 15.236993, "delta": 0.008976}}
{"target": -217.97902975844397, "params": {"gamma": 7.359452519624915, "prior": 5.704690450059553, "rate": 8.232546464042965}, "datetime": {"datetime": "2024-06-14 04:54:19", "elapsed": 15.246966, "delta": 0.009973}}
{"target": -246.91392169429253, "params": {"gamma": 5.011999831149711, "prior": 7.70183791518716, "rate": 5.099670086770199}, "datetime": {"datetime": "2024-06-14 04:54:19", "elapsed": 15.257938, "delta": 0.010972}}
{"target": -174.36391049485894, "params": {"gamma": 5.681122236748865, "prior": 1.9277178465421385, "rate": 5.444465844143353}, "datetime": {"datetime": "2024-06-14 04:54:19", "elapsed": 15.26791, "delta": 0.009972}}
{"target": -183.68812974033722, "params": {"gamma": 2.0111304539680037, "prior": 5.606569803760094, "rate": 1.4152709353449207}, "datetime": {"datetime": "2024-06-14 04:54:19", "elapsed": 15.277883, "delta": 0.009973}}
{"target": -208.19626232260464, "params": {"gamma": 1.860913882924621, "prior": 7.671361205911481, "rate": 0.7097917708485983}, "datetime": {"datetime": "2024-06-14 04:54:19", "elapsed": 15.287644, "delta": 0.009761}}
{"target": -311.94402181082694, "params": {"gamma": 3.693767142270499, "prior": 8.790992387293622, "rate": 1.0442696607468924}, "datetime": {"datetime": "2024-06-14 04:54:19", "elapsed": 15.297617, "delta": 0.009973}}
{"target": -149.525931437677, "params": {"gamma": 3.592172999392244, "prior": 1.2282076392222137, "rate": 8.765531034947044}, "datetime": {"datetime": "2024-06-14 04:54:19", "elapsed": 15.307591, "delta": 0.009974}}
{"target": -109.13710953106792, "params": {"gamma": 1.2632448916905008, "prior": 2.6200995276429606, "rate": 4.219641618837235}, "datetime": {"datetime": "2024-06-14 04:54:19", "elapsed": 15.317564, "delta": 0.009973}}
{"target": -328.8339996174711, "params": {"gamma": 6.652894921984129, "prior": 3.5125825645272064, "rate": 2.135803151301911}, "datetime": {"datetime": "2024-06-14 04:54:19", "elapsed": 15.327566, "delta": 0.010002}}
{"target": -138.24905897597938, "params": {"gamma": 3.734477672558837, "prior": 5.753143799030497, "rate": 9.907522742580955}, "datetime": {"datetime": "2024-06-14 04:54:19", "elapsed": 15.33751, "delta": 0.009944}}
{"target": -128.2828898732699, "params": {"gamma": 3.2723245929378826, "prior": 3.685813030171733, "rate": 7.062646301466503}, "datetime": {"datetime": "2024-06-14 04:54:19", "elapsed": 15.347484, "delta": 0.009974}}
{"target": -121.19314942062881, "params": {"gamma": 2.9900579784113206, "prior": 3.5620371383838085, "rate": 9.947082647057805}, "datetime": {"datetime": "2024-06-14 04:54:19", "elapsed": 15.357487, "delta": 0.010003}}
{"target": -530.3068352317015, "params": {"gamma": 6.043069520448973, "prior": 8.305226870877545, "rate": 0.3176252391757072}, "datetime": {"datetime": "2024-06-14 04:54:19", "elapsed": 15.366781, "delta": 0.009294}}
{"target": -128.84504064456493, "params": {"gamma": 1.4557567070423627, "prior": 7.304510112747834, "rate": 5.397899711964559}, "datetime": {"datetime": "2024-06-14 04:54:19", "elapsed": 15.377752, "delta": 0.010971}}
{"target": -414.4809028147166, "params": {"gamma": 9.952649800093342, "prior": 5.00673362856301, "rate": 3.8416545812104723}, "datetime": {"datetime": "2024-06-14 04:54:19", "elapsed": 15.387422, "delta": 0.00967}}
{"target": -118.90126789694045, "params": {"gamma": 1.9445456383363844, "prior": 5.942647801204246, "rate": 7.666485240265026}, "datetime": {"datetime": "2024-06-14 04:54:19", "elapsed": 15.397396, "delta": 0.009974}}
{"target": -764.8014487208006, "params": {"gamma": 9.244467433023058, "prior": 1.462495679977994, "rate": 0.08189114312752561}, "datetime": {"datetime": "2024-06-14 04:54:19", "elapsed": 15.407369, "delta": 0.009973}}
{"target": -157.09744063191647, "params": {"gamma": 4.780126931726139, "prior": 1.9111811039435311, "rate": 6.103775776452777}, "datetime": {"datetime": "2024-06-14 04:54:19", "elapsed": 15.417342, "delta": 0.009973}}
{"target": -186.70485277677633, "params": {"gamma": 6.203072776459787, "prior": 4.1553388322066995, "rate": 6.772375433611433}, "datetime": {"datetime": "2024-06-14 04:54:19", "elapsed": 15.427317, "delta": 0.009975}}
{"target": -225.37802471563708, "params": {"gamma": 1.997506020536704, "prior": 8.104961606799353, "rate": 0.5043465023721727}, "datetime": {"datetime": "2024-06-14 04:54:20", "elapsed": 15.437289, "delta": 0.009972}}
{"target": -125.93107062806445, "params": {"gamma": 1.7194467246754197, "prior": 9.807962958788716, "rate": 9.003871416888757}, "datetime": {"datetime": "2024-06-14 04:54:20", "elapsed": 15.447262, "delta": 0.009973}}
{"target": -509.1287877698213, "params": {"gamma": 9.397350482215943, "prior": 9.093598504119935, "rate": 4.414730582333611}, "datetime": {"datetime": "2024-06-14 04:54:20", "elapsed": 15.457152, "delta": 0.00989}}
{"target": -667.596555531901, "params": {"gamma": 9.38810223223617, "prior": 2.450393284380015, "rate": 0.4960936050759842}, "datetime": {"datetime": "2024-06-14 04:54:20", "elapsed": 15.467125, "delta": 0.009973}}
{"target": -173.46445626708018, "params": {"gamma": 5.573083480654817, "prior": 3.2018703277326415, "rate": 5.321241086655658}, "datetime": {"datetime": "2024-06-14 04:54:20", "elapsed": 15.477099, "delta": 0.009974}}
{"target": -177.73369321012672, "params": {"gamma": 4.716614085966288, "prior": 4.883010854206279, "rate": 5.701205216020305}, "datetime": {"datetime": "2024-06-14 04:54:20", "elapsed": 15.487072, "delta": 0.009973}}
{"target": -273.9936062258374, "params": {"gamma": 9.234499334273318, "prior": 2.4383056862365993, "rate": 8.76092541084365}, "datetime": {"datetime": "2024-06-14 04:54:20", "elapsed": 15.497045, "delta": 0.009973}}
{"target": -276.56561949718906, "params": {"gamma": 7.338620497153172, "prior": 0.8841865537306981, "rate": 8.35403947254459}, "datetime": {"datetime": "2024-06-14 04:54:20", "elapsed": 15.507019, "delta": 0.009974}}
{"target": -416.0221663287131, "params": {"gamma": 3.977042541433784, "prior": 3.4238072872295295, "rate": 0.004929638918432948}, "datetime": {"datetime": "2024-06-14 04:54:20", "elapsed": 15.516992, "delta": 0.009973}}
{"target": -127.97241722047019, "params": {"gamma": 2.4588060546759145, "prior": 6.91066886368868, "rate": 8.511875178501727}, "datetime": {"datetime": "2024-06-14 04:54:20", "elapsed": 15.526966, "delta": 0.009974}}
{"target": -180.02030124429928, "params": {"gamma": 2.411253644225826, "prior": 3.772303728049094, "rate": 1.5050829543145978}, "datetime": {"datetime": "2024-06-14 04:54:20", "elapsed": 15.536939, "delta": 0.009973}}
{"target": -290.737764381325, "params": {"gamma": 8.035198140908488, "prior": 7.198534861704508, "rate": 7.005081395607865}, "datetime": {"datetime": "2024-06-14 04:54:20", "elapsed": 15.546912, "delta": 0.009973}}
{"target": -250.97162903190622, "params": {"gamma": 6.788866386536979, "prior": 8.931245540448607, "rate": 8.830426892992689}, "datetime": {"datetime": "2024-06-14 04:54:20", "elapsed": 15.556885, "delta": 0.009973}}
{"target": -199.14872180778082, "params": {"gamma": 6.254053116944359, "prior": 2.9589059326949623, "rate": 4.031624750430216}, "datetime": {"datetime": "2024-06-14 04:54:20", "elapsed": 15.566859, "delta": 0.009974}}
{"target": -135.26769280527023, "params": {"gamma": 0.29054354730172277, "prior": 9.173191738621183, "rate": 6.874789890986447}, "datetime": {"datetime": "2024-06-14 04:54:20", "elapsed": 15.576833, "delta": 0.009974}}
{"target": -259.62028863343767, "params": {"gamma": 9.08180006447146, "prior": 3.0906626574741516, "rate": 9.448319713154849}, "datetime": {"datetime": "2024-06-14 04:54:20", "elapsed": 15.586805, "delta": 0.009972}}
{"target": -807.7224437165645, "params": {"gamma": 8.640447686233587, "prior": 8.871526314972696, "rate": 0.0024131607540603924}, "datetime": {"datetime": "2024-06-14 04:54:20", "elapsed": 15.596779, "delta": 0.009974}}
{"target": -154.3451936223898, "params": {"gamma": 3.773024949034168, "prior": 1.311020393599276, "rate": 9.328146256783993}, "datetime": {"datetime": "2024-06-14 04:54:20", "elapsed": 15.606752, "delta": 0.009973}}
{"target": -204.40094044902096, "params": {"gamma": 5.137558817898313, "prior": 4.94443049292636, "rate": 4.869724747174828}, "datetime": {"datetime": "2024-06-14 04:54:20", "elapsed": 15.616725, "delta": 0.009973}}
{"target": -175.82816003335216, "params": {"gamma": 5.703348718331128, "prior": 5.490624347569382, "rate": 9.171191497772435}, "datetime": {"datetime": "2024-06-14 04:54:20", "elapsed": 15.626699, "delta": 0.009974}}
{"target": -515.379010410441, "params": {"gamma": 8.843961080725371, "prior": 7.858820667021336, "rate": 3.227950630409935}, "datetime": {"datetime": "2024-06-14 04:54:20", "elapsed": 15.636672, "delta": 0.009973}}
{"target": -264.20404755011555, "params": {"gamma": 7.8445897782918435, "prior": 1.537336203606739, "rate": 8.602401775503456}, "datetime": {"datetime": "2024-06-14 04:54:20", "elapsed": 15.646645, "delta": 0.009973}}
{"target": -354.3554866654881, "params": {"gamma": 7.730224416470844, "prior": 7.782074642130607, "rate": 5.287458244919481}, "datetime": {"datetime": "2024-06-14 04:54:20", "elapsed": 15.656619, "delta": 0.009974}}
{"target": -152.73143290771392, "params": {"gamma": 4.502403481540989, "prior": 2.3436517776557912, "rate": 8.086973092518448}, "datetime": {"datetime": "2024-06-14 04:54:20", "elapsed": 15.666592, "delta": 0.009973}}
{"target": -258.04067856060004, "params": {"gamma": 9.659325036522198, "prior": 5.480966524783521, "rate": 9.022172363016855}, "datetime": {"datetime": "2024-06-14 04:54:20", "elapsed": 15.677563, "delta": 0.010971}}
{"target": -170.01273857374244, "params": {"gamma": 2.824222069304223, "prior": 5.225776988360308, "rate": 3.282297731662208}, "datetime": {"datetime": "2024-06-14 04:54:20", "elapsed": 15.686539, "delta": 0.008976}}
{"target": -272.0529228703663, "params": {"gamma": 9.918019790908655, "prior": 2.5781348530454977, "rate": 6.7878761196273985}, "datetime": {"datetime": "2024-06-14 04:54:20", "elapsed": 15.697509, "delta": 0.01097}}
{"target": -325.80756302279815, "params": {"gamma": 7.642256587918056, "prior": 0.41904372335207496, "rate": 9.822730012274928}, "datetime": {"datetime": "2024-06-14 04:54:20", "elapsed": 15.707483, "delta": 0.009974}}
{"target": -149.59116817263615, "params": {"gamma": 0.914136075297375, "prior": 6.179340836196217, "rate": 1.4943587574456791}, "datetime": {"datetime": "2024-06-14 04:54:20", "elapsed": 15.716459, "delta": 0.008976}}
{"target": -198.37444442504025, "params": {"gamma": 5.208444170554118, "prior": 1.0241164266430445, "rate": 7.812223199457574}, "datetime": {"datetime": "2024-06-14 04:54:20", "elapsed": 15.72743, "delta": 0.010971}}
{"target": -678.1859526588993, "params": {"gamma": 7.729537241828221, "prior": 6.02167277279802, "rate": 0.1464186524360543}, "datetime": {"datetime": "2024-06-14 04:54:20", "elapsed": 15.737403, "delta": 0.009973}}
{"target": -114.04703457065743, "params": {"gamma": 0.42120018122586705, "prior": 1.891609508368085, "rate": 9.720334679149751}, "datetime": {"datetime": "2024-06-14 04:54:20", "elapsed": 15.747376, "delta": 0.009973}}
{"target": -188.9726449271389, "params": {"gamma": 2.5467472891170426, "prior": 7.534987376045962, "rate": 2.8130708604490677}, "datetime": {"datetime": "2024-06-14 04:54:20", "elapsed": 15.757349, "delta": 0.009973}}
{"target": -133.30229930343734, "params": {"gamma": 2.555930656746099, "prior": 2.6528509861883998, "rate": 2.971232902105741}, "datetime": {"datetime": "2024-06-14 04:54:20", "elapsed": 15.767323, "delta": 0.009974}}
{"target": -145.71363416330502, "params": {"gamma": 0.0904371047664351, "prior": 9.873044202472457, "rate": 5.6650398975873095}, "datetime": {"datetime": "2024-06-14 04:54:20", "elapsed": 15.777297, "delta": 0.009974}}
{"target": -497.5701589805297, "params": {"gamma": 6.018822270456636, "prior": 5.428774701508513, "rate": 0.4393316428380598}, "datetime": {"datetime": "2024-06-14 04:54:20", "elapsed": 15.78727, "delta": 0.009973}}
{"target": -173.31212132296858, "params": {"gamma": 4.715733368498675, "prior": 5.44279736196503, "rate": 6.729884951727836}, "datetime": {"datetime": "2024-06-14 04:54:20", "elapsed": 15.797243, "delta": 0.009973}}
{"target": -209.83719181171665, "params": {"gamma": 5.342145859164941, "prior": 0.6452158589676233, "rate": 6.20136980037383}, "datetime": {"datetime": "2024-06-14 04:54:20", "elapsed": 15.807216, "delta": 0.009973}}
{"target": -181.88740092107724, "params": {"gamma": 5.812170852564193, "prior": 5.501403625658926, "rate": 8.432969520852312}, "datetime": {"datetime": "2024-06-14 04:54:20", "elapsed": 15.81719, "delta": 0.009974}}
{"target": -333.1853808162341, "params": {"gamma": 4.4744202102791135, "prior": 6.075297918451513, "rate": 1.2370052511020126}, "datetime": {"datetime": "2024-06-14 04:54:20", "elapsed": 15.827163, "delta": 0.009973}}
{"target": -282.38001804583587, "params": {"gamma": 2.524540150676985, "prior": 8.518507824967577, "rate": 0.16322740050218212}, "datetime": {"datetime": "2024-06-14 04:54:20", "elapsed": 15.838134, "delta": 0.010971}}
{"target": -163.21959938077464, "params": {"gamma": 1.563353530050915, "prior": 8.251511250120657, "rate": 2.2941474771120194}, "datetime": {"datetime": "2024-06-14 04:54:20", "elapsed": 15.848107, "delta": 0.009973}}
{"target": -126.43516571205659, "params": {"gamma": 2.5926903584258394, "prior": 7.0378270060594685, "rate": 9.665286266010238}, "datetime": {"datetime": "2024-06-14 04:54:20", "elapsed": 15.857646, "delta": 0.009539}}
{"target": -193.29093035592825, "params": {"gamma": 1.9835999198248373, "prior": 7.500223150149078, "rate": 1.4059219435725394}, "datetime": {"datetime": "2024-06-14 04:54:20", "elapsed": 15.867619, "delta": 0.009973}}
{"target": -135.49644091989055, "params": {"gamma": 3.8255932152218004, "prior": 3.3005635888934934, "rate": 8.837971404321385}, "datetime": {"datetime": "2024-06-14 04:54:20", "elapsed": 15.877593, "delta": 0.009974}}
{"target": -549.5988925011179, "params": {"gamma": 6.554158581010341, "prior": 3.4023960640121804, "rate": 0.2170579835200867}, "datetime": {"datetime": "2024-06-14 04:54:20", "elapsed": 15.888196, "delta": 0.010603}}
{"target": -212.7455459373659, "params": {"gamma": 3.690717582622661, "prior": 9.724588651254853, "rate": 5.291461768734136}, "datetime": {"datetime": "2024-06-14 04:54:20", "elapsed": 15.897728, "delta": 0.009532}}
{"target": -228.73390007356633, "params": {"gamma": 7.42170608723287, "prior": 3.5193494852507885, "rate": 4.606438063386967}, "datetime": {"datetime": "2024-06-14 04:54:20", "elapsed": 15.907702, "delta": 0.009974}}
{"target": -165.64101649437092, "params": {"gamma": 2.1171453464815797, "prior": 8.385901328359125, "rate": 3.5987287851418053}, "datetime": {"datetime": "2024-06-14 04:54:20", "elapsed": 15.917675, "delta": 0.009973}}
{"target": -145.95713320295775, "params": {"gamma": 0.37184424137389627, "prior": 6.920992980908198, "rate": 1.5587330522055973}, "datetime": {"datetime": "2024-06-14 04:54:20", "elapsed": 15.928646, "delta": 0.010971}}
{"target": -339.5977202416104, "params": {"gamma": 7.98771294193551, "prior": 0.2510982809907867, "rate": 5.856645849985007}, "datetime": {"datetime": "2024-06-14 04:54:20", "elapsed": 15.938619, "delta": 0.009973}}
{"target": -392.19736574561705, "params": {"gamma": 4.955667253979119, "prior": 9.974871164209066, "rate": 1.344572993526239}, "datetime": {"datetime": "2024-06-14 04:54:20", "elapsed": 15.948592, "delta": 0.009973}}
{"target": -199.57461057860658, "params": {"gamma": 6.725864268561899, "prior": 1.0399602054672268, "rate": 1.6185223747759032}, "datetime": {"datetime": "2024-06-14 04:54:20", "elapsed": 15.958566, "delta": 0.009974}}
{"target": -637.1424973068843, "params": {"gamma": 9.883324584988317, "prior": 8.085984167867757, "rate": 2.447158246382357}, "datetime": {"datetime": "2024-06-14 04:54:20", "elapsed": 15.969537, "delta": 0.010971}}
{"target": -327.6849873309386, "params": {"gamma": 8.46315815656222, "prior": 0.45244256444577213, "rate": 5.356534904767137}, "datetime": {"datetime": "2024-06-14 04:54:20", "elapsed": 15.97951, "delta": 0.009973}}
{"target": -129.46912240577194, "params": {"gamma": 0.9156560813263981, "prior": 9.711966099756669, "rate": 5.8314262663101335}, "datetime": {"datetime": "2024-06-14 04:54:20", "elapsed": 15.989483, "delta": 0.009973}}
{"target": -170.20572273685616, "params": {"gamma": 5.557857005100962, "prior": 3.2479334229382575, "rate": 8.499195516950698}, "datetime": {"datetime": "2024-06-14 04:54:20", "elapsed": 16.001451, "delta": 0.011968}}
{"target": -197.52620907642572, "params": {"gamma": 5.302014980143714, "prior": 0.26927241910209526, "rate": 1.849764010582726}, "datetime": {"datetime": "2024-06-14 04:54:20", "elapsed": 16.011425, "delta": 0.009974}}
{"target": -147.24913047874668, "params": {"gamma": 4.335249630012873, "prior": 0.8917664699406374, "rate": 2.807294876301211}, "datetime": {"datetime": "2024-06-14 04:54:20", "elapsed": 16.021398, "delta": 0.009973}}
{"target": -142.64306668021092, "params": {"gamma": 2.50470246829456, "prior": 0.10602555886107112, "rate": 6.929160306974375}, "datetime": {"datetime": "2024-06-14 04:54:20", "elapsed": 16.031371, "delta": 0.009973}}
{"target": -270.448090780806, "params": {"gamma": 7.739122475175086, "prior": 8.221458050411275, "rate": 8.516444514251624}, "datetime": {"datetime": "2024-06-14 04:54:20", "elapsed": 16.041344, "delta": 0.009973}}
{"target": -129.735522935045, "params": {"gamma": 1.516097284927453, "prior": 8.911362720684613, "rate": 6.582470685255508}, "datetime": {"datetime": "2024-06-14 04:54:20", "elapsed": 16.051318, "delta": 0.009974}}
{"target": -201.4343840658892, "params": {"gamma": 6.961640494479081, "prior": 5.684309475667977, "rate": 9.396880301472725}, "datetime": {"datetime": "2024-06-14 04:54:20", "elapsed": 16.061291, "delta": 0.009973}}
{"target": -160.27160844556536, "params": {"gamma": 2.5192185879677065, "prior": 7.8901544088551026, "rate": 4.953089405221723}, "datetime": {"datetime": "2024-06-14 04:54:20", "elapsed": 16.071265, "delta": 0.009974}}
{"target": -740.2169455321462, "params": {"gamma": 8.909111167255265, "prior": 2.834367028962495, "rate": 0.15345384499933612}, "datetime": {"datetime": "2024-06-14 04:54:20", "elapsed": 16.081238, "delta": 0.009973}}
{"target": -127.22534747803716, "params": {"gamma": 0.6498451553396644, "prior": 9.006387353591512, "rate": 6.411861082231753}, "datetime": {"datetime": "2024-06-14 04:54:20", "elapsed": 16.091214, "delta": 0.009976}}
{"target": -249.46560684230292, "params": {"gamma": 7.302956948346961, "prior": 5.093180874926231, "rate": 5.5761884295247635}, "datetime": {"datetime": "2024-06-14 04:54:20", "elapsed": 16.101187, "delta": 0.009973}}
{"target": -165.79712292827338, "params": {"gamma": 3.6395809320717802, "prior": 7.848092917900229, "rate": 7.568895646824035}, "datetime": {"datetime": "2024-06-14 04:54:20", "elapsed": 16.112158, "delta": 0.010971}}
{"target": -293.9952334873968, "params": {"gamma": 7.000361363341032, "prior": 9.622734907924354, "rate": 7.688614872456184}, "datetime": {"datetime": "2024-06-14 04:54:20", "elapsed": 16.122131, "delta": 0.009973}}
{"target": -327.32657447952846, "params": {"gamma": 9.779247988847397, "prior": 5.943736851967249, "rate": 6.192971647774601}, "datetime": {"datetime": "2024-06-14 04:54:20", "elapsed": 16.132105, "delta": 0.009974}}
{"target": -514.187795499842, "params": {"gamma": 6.390893117652819, "prior": 3.331076730816897, "rate": 0.33125715159731645}, "datetime": {"datetime": "2024-06-14 04:54:20", "elapsed": 16.142078, "delta": 0.009973}}
{"target": -618.1109017632394, "params": {"gamma": 7.881975609758543, "prior": 7.130859720793782, "rate": 0.7912378849771072}, "datetime": {"datetime": "2024-06-14 04:54:20", "elapsed": 16.152051, "delta": 0.009973}}
{"target": -127.7842030418841, "params": {"gamma": 1.486669782533265, "prior": 6.894768417542823, "rate": 5.350838735760061}, "datetime": {"datetime": "2024-06-14 04:54:20", "elapsed": 16.162025, "delta": 0.009974}}
{"target": -113.3213603282335, "params": {"gamma": 1.9129532131472144, "prior": 0.6539381737611052, "rate": 6.114511590773306}, "datetime": {"datetime": "2024-06-14 04:54:20", "elapsed": 16.171998, "delta": 0.009973}}
{"target": -114.17911279849115, "params": {"gamma": 0.5370626571610718, "prior": 2.2143955883275006, "rate": 5.027124040449976}, "datetime": {"datetime": "2024-06-14 04:54:20", "elapsed": 16.181972, "delta": 0.009974}}
{"target": -177.2867911514159, "params": {"gamma": 0.941217065094407, "prior": 4.1481704960787145, "rate": 0.2021378650325921}, "datetime": {"datetime": "2024-06-14 04:54:20", "elapsed": 16.191517, "delta": 0.009545}}
{"target": -131.7981174496854, "params": {"gamma": 1.1955179943126049, "prior": 9.40661888678996, "rate": 5.589052028891483}, "datetime": {"datetime": "2024-06-14 04:54:20", "elapsed": 16.20149, "delta": 0.009973}}
