{"target": -379.7986346029631, "params": {"gamma": 1.5586174788295128, "lr": 0.5742833543508832}, "datetime": {"datetime": "2024-06-13 22:26:39", "elapsed": 6.314911, "delta": 0.004987}}
{"target": -1463.5510332541066, "params": {"gamma": 6.7353566438421755, "lr": 0.4058204059990451}, "datetime": {"datetime": "2024-06-13 22:26:39", "elapsed": 6.3189, "delta": 0.003989}}
{"target": -146.67055760870147, "params": {"gamma": 0.04976556777778367, "lr": 0.3253313297689604}, "datetime": {"datetime": "2024-06-13 22:26:39", "elapsed": 6.323887, "delta": 0.004987}}
{"target": -2754.305482582146, "params": {"gamma": 8.389610534784513, "lr": 0.06282398021726943}, "datetime": {"datetime": "2024-06-13 22:26:39", "elapsed": 6.328874, "delta": 0.004987}}
{"target": -294.7353652699267, "params": {"gamma": 1.0550920446467325, "lr": 0.7017873465119159}, "datetime": {"datetime": "2024-06-13 22:26:39", "elapsed": 6.333861, "delta": 0.004987}}
{"target": -1133.2933101411852, "params": {"gamma": 5.142068519294122, "lr": 0.49816682499451226}, "datetime": {"datetime": "2024-06-13 22:26:39", "elapsed": 6.33785, "delta": 0.003989}}
{"target": -871.0963818344603, "params": {"gamma": 3.736723579545134, "lr": 0.603513616671319}, "datetime": {"datetime": "2024-06-13 22:26:39", "elapsed": 6.342836, "delta": 0.004986}}
{"target": -1951.0530582356762, "params": {"gamma": 8.514836200003508, "lr": 0.27692305646899273}, "datetime": {"datetime": "2024-06-13 22:26:39", "elapsed": 6.347823, "delta": 0.004987}}
{"target": -1832.3904008071347, "params": {"gamma": 8.447768867073506, "lr": 0.41661914857211835}, "datetime": {"datetime": "2024-06-13 22:26:39", "elapsed": 6.35281, "delta": 0.004987}}
{"target": -1237.949827041351, "params": {"gamma": 5.010339139927012, "lr": 0.7296233785681803}, "datetime": {"datetime": "2024-06-13 22:26:39", "elapsed": 6.356799, "delta": 0.003989}}
{"target": -736.4848178782777, "params": {"gamma": 2.5879583533585664, "lr": 0.9216369186561401}, "datetime": {"datetime": "2024-06-13 22:26:39", "elapsed": 6.361786, "delta": 0.004987}}
{"target": -1614.8044572244237, "params": {"gamma": 7.020992572824255, "lr": 0.618930423097489}, "datetime": {"datetime": "2024-06-13 22:26:39", "elapsed": 6.366773, "delta": 0.004987}}
{"target": -667.4741596732072, "params": {"gamma": 2.7308153642818653, "lr": 0.6958484563594459}, "datetime": {"datetime": "2024-06-13 22:26:39", "elapsed": 6.370762, "delta": 0.003989}}
{"target": -673.6690416172432, "params": {"gamma": 2.5728902697861002, "lr": 0.8164526703274775}, "datetime": {"datetime": "2024-06-13 22:26:39", "elapsed": 6.375749, "delta": 0.004987}}
{"target": -149.66160315812098, "params": {"gamma": 0.11571307777403769, "lr": 0.1665376436115401}, "datetime": {"datetime": "2024-06-13 22:26:39", "elapsed": 6.37977, "delta": 0.004021}}
{"target": -1340.1322821549093, "params": {"gamma": 5.578732058631829, "lr": 0.7122809996025021}, "datetime": {"datetime": "2024-06-13 22:26:39", "elapsed": 6.384725, "delta": 0.004955}}
{"target": -1344.5912995473832, "params": {"gamma": 4.925314058477191, "lr": 0.8778095014799501}, "datetime": {"datetime": "2024-06-13 22:26:39", "elapsed": 6.389711, "delta": 0.004986}}
{"target": -2134.3414344343078, "params": {"gamma": 9.758723505691574, "lr": 0.46427706754424325}, "datetime": {"datetime": "2024-06-13 22:26:39", "elapsed": 6.3937, "delta": 0.003989}}
{"target": -1683.4063340820949, "params": {"gamma": 7.680101807848576, "lr": 0.49477213383352725}, "datetime": {"datetime": "2024-06-13 22:26:39", "elapsed": 6.398689, "delta": 0.004989}}
{"target": -1571.3077444787814, "params": {"gamma": 6.651322684579871, "lr": 0.22487497996736572}, "datetime": {"datetime": "2024-06-13 22:26:39", "elapsed": 6.403674, "delta": 0.004985}}
{"target": -341.625352969251, "params": {"gamma": 1.0963076304454686, "lr": 0.9790089375741902}, "datetime": {"datetime": "2024-06-13 22:26:39", "elapsed": 6.408661, "delta": 0.004987}}
{"target": -1868.0977268254956, "params": {"gamma": 8.150131602400142, "lr": 0.28538353244953096}, "datetime": {"datetime": "2024-06-13 22:26:39", "elapsed": 6.41265, "delta": 0.003989}}
{"target": -1389.0596392222963, "params": {"gamma": 5.858698015894784, "lr": 0.38007120527879124}, "datetime": {"datetime": "2024-06-13 22:26:39", "elapsed": 6.416639, "delta": 0.003989}}
{"target": -404.6222797898205, "params": {"gamma": 1.7642040696578871, "lr": 0.4188351430524928}, "datetime": {"datetime": "2024-06-13 22:26:39", "elapsed": 6.421626, "delta": 0.004987}}
{"target": -1003.5870807556404, "params": {"gamma": 2.9725807541730793, "lr": 0.016624106532905913}, "datetime": {"datetime": "2024-06-13 22:26:39", "elapsed": 6.425615, "delta": 0.003989}}
{"target": -1087.3114619251683, "params": {"gamma": 3.8742957016810964, "lr": 0.9209130038047522}, "datetime": {"datetime": "2024-06-13 22:26:39", "elapsed": 6.430602, "delta": 0.004987}}
{"target": -1867.9002900781268, "params": {"gamma": 8.28217438681578, "lr": 0.5740747551965509}, "datetime": {"datetime": "2024-06-13 22:26:39", "elapsed": 6.434591, "delta": 0.003989}}
{"target": -764.9331266740696, "params": {"gamma": 3.1871500009390448, "lr": 0.23126429488543754}, "datetime": {"datetime": "2024-06-13 22:26:39", "elapsed": 6.439578, "delta": 0.004987}}
{"target": -2090.625999063447, "params": {"gamma": 9.560239816725709, "lr": 0.5646100990687117}, "datetime": {"datetime": "2024-06-13 22:26:39", "elapsed": 6.444564, "delta": 0.004986}}
{"target": -533.0839551503306, "params": {"gamma": 2.176835430287672, "lr": 0.24948205109862287}, "datetime": {"datetime": "2024-06-13 22:26:39", "elapsed": 6.448554, "delta": 0.00399}}
{"target": -2258.7244400879517, "params": {"gamma": 9.59600242910666, "lr": 0.238814133296392}, "datetime": {"datetime": "2024-06-13 22:26:39", "elapsed": 6.45354, "delta": 0.004986}}
{"target": -316.24994286297715, "params": {"gamma": 1.068034169467023, "lr": 0.18396193975266917}, "datetime": {"datetime": "2024-06-13 22:26:39", "elapsed": 6.45753, "delta": 0.00399}}
{"target": -1830.3873304421043, "params": {"gamma": 7.662481844372273, "lr": 0.7087642559312614}, "datetime": {"datetime": "2024-06-13 22:26:39", "elapsed": 6.462516, "delta": 0.004986}}
{"target": -1105.1422583250414, "params": {"gamma": 4.379981305846461, "lr": 0.7938045071164251}, "datetime": {"datetime": "2024-06-13 22:26:39", "elapsed": 6.467503, "delta": 0.004987}}
{"target": -1127.9271536591768, "params": {"gamma": 5.1756094087340525, "lr": 0.41359816112910697}, "datetime": {"datetime": "2024-06-13 22:26:39", "elapsed": 6.471492, "delta": 0.003989}}
{"target": -356.175349670916, "params": {"gamma": 1.1753019203396682, "lr": 0.8839110659363493}, "datetime": {"datetime": "2024-06-13 22:26:39", "elapsed": 6.476479, "delta": 0.004987}}
{"target": -651.043672028353, "params": {"gamma": 2.7566565508887577, "lr": 0.6162607233298604}, "datetime": {"datetime": "2024-06-13 22:26:39", "elapsed": 6.480468, "delta": 0.003989}}
{"target": -2604.0361964448057, "params": {"gamma": 9.8458132098281, "lr": 0.1894180220437538}, "datetime": {"datetime": "2024-06-13 22:26:39", "elapsed": 6.485455, "delta": 0.004987}}
{"target": -2236.6604776323406, "params": {"gamma": 9.651914729938635, "lr": 0.6527153684256953}, "datetime": {"datetime": "2024-06-13 22:26:39", "elapsed": 6.490442, "delta": 0.004987}}
{"target": -358.22709934012926, "params": {"gamma": 1.28818731436088, "lr": 0.7719271460730484}, "datetime": {"datetime": "2024-06-13 22:26:39", "elapsed": 6.495429, "delta": 0.004987}}
{"target": -2081.420308431444, "params": {"gamma": 9.51780600679268, "lr": 0.5627805496894249}, "datetime": {"datetime": "2024-06-13 22:26:39", "elapsed": 6.500416, "delta": 0.004987}}
{"target": -2267.923672910918, "params": {"gamma": 6.885863442381723, "lr": 0.0263478788699828}, "datetime": {"datetime": "2024-06-13 22:26:39", "elapsed": 6.504405, "delta": 0.003989}}
{"target": -2270.281026313879, "params": {"gamma": 9.890767779393961, "lr": 0.3184571198136825}, "datetime": {"datetime": "2024-06-13 22:26:39", "elapsed": 6.509293, "delta": 0.004888}}
{"target": -158.22902978697002, "params": {"gamma": 0.24001388988282726, "lr": 0.8085641504743885}, "datetime": {"datetime": "2024-06-13 22:26:39", "elapsed": 6.513282, "delta": 0.003989}}
{"target": -2379.6389705803485, "params": {"gamma": 9.732552265118914, "lr": 0.7375885099166811}, "datetime": {"datetime": "2024-06-13 22:26:39", "elapsed": 6.518269, "delta": 0.004987}}
{"target": -146.91529043079876, "params": {"gamma": 0.028355324647958178, "lr": 0.06336051137403531}, "datetime": {"datetime": "2024-06-13 22:26:39", "elapsed": 6.522258, "delta": 0.003989}}
{"target": -1395.7330051208248, "params": {"gamma": 5.843109782870581, "lr": 0.3357151077556031}, "datetime": {"datetime": "2024-06-13 22:26:39", "elapsed": 6.527245, "delta": 0.004987}}
{"target": -2361.9684030555354, "params": {"gamma": 8.818452974037214, "lr": 0.8736693693569384}, "datetime": {"datetime": "2024-06-13 22:26:39", "elapsed": 6.532233, "delta": 0.004988}}
{"target": -2380.9547212287125, "params": {"gamma": 9.875201568135711, "lr": 0.7158319690725937}, "datetime": {"datetime": "2024-06-13 22:26:39", "elapsed": 6.537218, "delta": 0.004985}}
{"target": -2015.0945639100505, "params": {"gamma": 8.768960114386706, "lr": 0.3196501118620526}, "datetime": {"datetime": "2024-06-13 22:26:39", "elapsed": 6.541207, "delta": 0.003989}}
{"target": -338.16038843573745, "params": {"gamma": 1.1126583422461405, "lr": 0.8653641057823798}, "datetime": {"datetime": "2024-06-13 22:26:39", "elapsed": 6.546194, "delta": 0.004987}}
{"target": -669.8960749424876, "params": {"gamma": 3.035422507017289, "lr": 0.4193322981668862}, "datetime": {"datetime": "2024-06-13 22:26:39", "elapsed": 6.550184, "delta": 0.00399}}
{"target": -1487.7026894882379, "params": {"gamma": 6.460656540458656, "lr": 0.6050991341555126}, "datetime": {"datetime": "2024-06-13 22:26:39", "elapsed": 6.55517, "delta": 0.004986}}
{"target": -1002.5141675573326, "params": {"gamma": 4.209809922064285, "lr": 0.38615051187059357}, "datetime": {"datetime": "2024-06-13 22:26:39", "elapsed": 6.560157, "delta": 0.004987}}
{"target": -304.3206736527851, "params": {"gamma": 1.227687737548204, "lr": 0.5338618843034166}, "datetime": {"datetime": "2024-06-13 22:26:39", "elapsed": 6.564146, "delta": 0.003989}}
{"target": -604.9927592839983, "params": {"gamma": 2.329308118342716, "lr": 0.7548078511004613}, "datetime": {"datetime": "2024-06-13 22:26:39", "elapsed": 6.569133, "delta": 0.004987}}
{"target": -2223.6698392112808, "params": {"gamma": 6.749030971060837, "lr": 0.07192696480921446}, "datetime": {"datetime": "2024-06-13 22:26:39", "elapsed": 6.574119, "delta": 0.004986}}
{"target": -2459.998584257472, "params": {"gamma": 9.892657582673268, "lr": 0.7804569355743413}, "datetime": {"datetime": "2024-06-13 22:26:39", "elapsed": 6.578109, "delta": 0.00399}}
{"target": -780.4992075924122, "params": {"gamma": 2.279031043019085, "lr": 0.030742818349697054}, "datetime": {"datetime": "2024-06-13 22:26:39", "elapsed": 6.583096, "delta": 0.004987}}
{"target": -1144.6947247241746, "params": {"gamma": 4.784239938885914, "lr": 0.35274243750107404}, "datetime": {"datetime": "2024-06-13 22:26:39", "elapsed": 6.588082, "delta": 0.004986}}
{"target": -1276.4482066909527, "params": {"gamma": 5.465568482142916, "lr": 0.6596639554249211}, "datetime": {"datetime": "2024-06-13 22:26:39", "elapsed": 6.593069, "delta": 0.004987}}
{"target": -2619.354025663888, "params": {"gamma": 7.972400853780025, "lr": 0.013544346839127641}, "datetime": {"datetime": "2024-06-13 22:26:39", "elapsed": 6.597058, "delta": 0.003989}}
{"target": -1670.3270356055727, "params": {"gamma": 7.143240843274906, "lr": 0.2953139661018992}, "datetime": {"datetime": "2024-06-13 22:26:39", "elapsed": 6.602045, "delta": 0.004987}}
{"target": -2598.0458613181154, "params": {"gamma": 9.864039353798532, "lr": 0.8462417305877817}, "datetime": {"datetime": "2024-06-13 22:26:39", "elapsed": 6.607111, "delta": 0.005066}}
{"target": -1270.0768188101008, "params": {"gamma": 5.604451409666734, "lr": 0.5977656853768393}, "datetime": {"datetime": "2024-06-13 22:26:39", "elapsed": 6.6111, "delta": 0.003989}}
{"target": -475.39150997113455, "params": {"gamma": 1.9215646543725684, "lr": 0.2262515885870655}, "datetime": {"datetime": "2024-06-13 22:26:39", "elapsed": 6.616088, "delta": 0.004988}}
{"target": -387.5627764042162, "params": {"gamma": 1.5409777702011733, "lr": 0.37781354746444173}, "datetime": {"datetime": "2024-06-13 22:26:39", "elapsed": 6.621074, "delta": 0.004986}}
{"target": -283.7109339028286, "params": {"gamma": 1.1204424879714694, "lr": 0.5112728936342619}, "datetime": {"datetime": "2024-06-13 22:26:39", "elapsed": 6.625063, "delta": 0.003989}}
{"target": -2009.0398659455705, "params": {"gamma": 6.385141076060073, "lr": 0.12221237823698328}, "datetime": {"datetime": "2024-06-13 22:26:39", "elapsed": 6.63005, "delta": 0.004987}}
{"target": -1155.13110149139, "params": {"gamma": 3.442619392943751, "lr": 0.07034787968520784}, "datetime": {"datetime": "2024-06-13 22:26:39", "elapsed": 6.634039, "delta": 0.003989}}
{"target": -1228.9174994666269, "params": {"gamma": 5.25808611153342, "lr": 0.6502897692030054}, "datetime": {"datetime": "2024-06-13 22:26:39", "elapsed": 6.639026, "delta": 0.004987}}
{"target": -1562.1026993577154, "params": {"gamma": 6.155105941609653, "lr": 0.8138695628094851}, "datetime": {"datetime": "2024-06-13 22:26:39", "elapsed": 6.643015, "delta": 0.003989}}
{"target": -562.0309730454175, "params": {"gamma": 2.3564267987877012, "lr": 0.6181818418404456}, "datetime": {"datetime": "2024-06-13 22:26:39", "elapsed": 6.648002, "delta": 0.004987}}
{"target": -1022.0555913270142, "params": {"gamma": 3.028982363807174, "lr": 0.0887677060791423}, "datetime": {"datetime": "2024-06-13 22:26:39", "elapsed": 6.652988, "delta": 0.004986}}
{"target": -1029.5994958157892, "params": {"gamma": 3.053309454186566, "lr": 0.07135647494461617}, "datetime": {"datetime": "2024-06-13 22:26:39", "elapsed": 6.657975, "delta": 0.004987}}
{"target": -2311.9400187950805, "params": {"gamma": 9.585783535985689, "lr": 0.7271654349269293}, "datetime": {"datetime": "2024-06-13 22:26:39", "elapsed": 6.661964, "delta": 0.003989}}
{"target": -296.8201090229871, "params": {"gamma": 1.0155071173822163, "lr": 0.7862693223485936}, "datetime": {"datetime": "2024-06-13 22:26:39", "elapsed": 6.666952, "delta": 0.004988}}
{"target": -987.2826206359894, "params": {"gamma": 3.5222014456052215, "lr": 0.9114351403237924}, "datetime": {"datetime": "2024-06-13 22:26:39", "elapsed": 6.67094, "delta": 0.003988}}
{"target": -1339.1628318391076, "params": {"gamma": 4.955478850036387, "lr": 0.8726927229848721}, "datetime": {"datetime": "2024-06-13 22:26:39", "elapsed": 6.675927, "delta": 0.004987}}
{"target": -522.5104806407196, "params": {"gamma": 2.206077417642493, "lr": 0.36719232590326556}, "datetime": {"datetime": "2024-06-13 22:26:39", "elapsed": 6.679916, "delta": 0.003989}}
{"target": -1202.2627335009927, "params": {"gamma": 3.6690025846416687, "lr": 0.09713268160328525}, "datetime": {"datetime": "2024-06-13 22:26:39", "elapsed": 6.684903, "delta": 0.004987}}
{"target": -784.0762389377405, "params": {"gamma": 3.310813326223882, "lr": 0.6597098038387995}, "datetime": {"datetime": "2024-06-13 22:26:39", "elapsed": 6.68989, "delta": 0.004987}}
{"target": -1275.2616500871193, "params": {"gamma": 4.665968370246033, "lr": 0.8792315697444312}, "datetime": {"datetime": "2024-06-13 22:26:39", "elapsed": 6.693879, "delta": 0.003989}}
{"target": -653.063285996737, "params": {"gamma": 2.6974329936370927, "lr": 0.3548193487216488}, "datetime": {"datetime": "2024-06-13 22:26:39", "elapsed": 6.698866, "delta": 0.004987}}
{"target": -714.7151172413141, "params": {"gamma": 3.2042225472159718, "lr": 0.5517379706217076}, "datetime": {"datetime": "2024-06-13 22:26:39", "elapsed": 6.703852, "delta": 0.004986}}
{"target": -566.6772845368296, "params": {"gamma": 1.8830059366472722, "lr": 0.1732442715081729}, "datetime": {"datetime": "2024-06-13 22:26:39", "elapsed": 6.708839, "delta": 0.004987}}
{"target": -2219.6471981430304, "params": {"gamma": 9.394879760160336, "lr": 0.37664771374633}, "datetime": {"datetime": "2024-06-13 22:26:39", "elapsed": 6.712828, "delta": 0.003989}}
{"target": -1939.856398637798, "params": {"gamma": 5.871394250695616, "lr": 0.05515208501882385}, "datetime": {"datetime": "2024-06-13 22:26:39", "elapsed": 6.717815, "delta": 0.004987}}
{"target": -487.26398145253484, "params": {"gamma": 1.409439110996769, "lr": 0.09635855186124331}, "datetime": {"datetime": "2024-06-13 22:26:39", "elapsed": 6.722802, "delta": 0.004987}}
{"target": -2624.3608103432543, "params": {"gamma": 8.121343564013504, "lr": 0.10314678258346421}, "datetime": {"datetime": "2024-06-13 22:26:39", "elapsed": 6.726791, "delta": 0.003989}}
{"target": -1667.9228105815541, "params": {"gamma": 5.163644140749812, "lr": 0.1555778979920741}, "datetime": {"datetime": "2024-06-13 22:26:39", "elapsed": 6.731778, "delta": 0.004987}}
{"target": -775.2146214251984, "params": {"gamma": 2.7888887375330564, "lr": 0.8826020025030701}, "datetime": {"datetime": "2024-06-13 22:26:39", "elapsed": 6.735767, "delta": 0.003989}}
{"target": -1758.1156260832458, "params": {"gamma": 6.316306057543976, "lr": 0.9636627102130699}, "datetime": {"datetime": "2024-06-13 22:26:39", "elapsed": 6.740754, "delta": 0.004987}}
{"target": -1980.6474371746783, "params": {"gamma": 5.997543941794315, "lr": 0.009519716216558005}, "datetime": {"datetime": "2024-06-13 22:26:39", "elapsed": 6.74574, "delta": 0.004986}}
{"target": -1385.7457686820276, "params": {"gamma": 4.156994414198696, "lr": 0.02244175435867979}, "datetime": {"datetime": "2024-06-13 22:26:39", "elapsed": 6.74973, "delta": 0.00399}}
{"target": -701.5179245350587, "params": {"gamma": 3.1405292961414175, "lr": 0.48162493072074175}, "datetime": {"datetime": "2024-06-13 22:26:39", "elapsed": 6.754717, "delta": 0.004987}}
{"target": -1362.1866270950402, "params": {"gamma": 5.755017951896957, "lr": 0.2386502029289299}, "datetime": {"datetime": "2024-06-13 22:26:39", "elapsed": 6.758706, "delta": 0.003989}}
{"target": -1324.4325951542735, "params": {"gamma": 5.583307497898072, "lr": 0.3949201341072339}, "datetime": {"datetime": "2024-06-13 22:26:39", "elapsed": 6.763692, "delta": 0.004986}}
{"target": -1347.5687009782469, "params": {"gamma": 5.066315292881764, "lr": 0.19596701454252152}, "datetime": {"datetime": "2024-06-13 22:26:39", "elapsed": 6.768679, "delta": 0.004987}}
{"target": -423.33059096601403, "params": {"gamma": 1.5683593484243095, "lr": 0.7545170076023864}, "datetime": {"datetime": "2024-06-13 22:26:39", "elapsed": 6.772668, "delta": 0.003989}}
{"target": -781.7093331905265, "params": {"gamma": 3.3004023148263886, "lr": 0.6441956925382164}, "datetime": {"datetime": "2024-06-13 22:26:39", "elapsed": 6.777655, "delta": 0.004987}}
{"target": -1544.8017324756554, "params": {"gamma": 5.654990510308829, "lr": 0.899530915886071}, "datetime": {"datetime": "2024-06-13 22:26:39", "elapsed": 6.781645, "delta": 0.00399}}
{"target": -1942.9232651395303, "params": {"gamma": 8.806955495452243, "lr": 0.4431114003267834}, "datetime": {"datetime": "2024-06-13 22:26:39", "elapsed": 6.786631, "delta": 0.004986}}
{"target": -497.94018719415004, "params": {"gamma": 2.048146129836078, "lr": 0.6321923752918258}, "datetime": {"datetime": "2024-06-13 22:26:39", "elapsed": 6.791618, "delta": 0.004987}}
{"target": -1513.1911577736955, "params": {"gamma": 6.368722917490155, "lr": 0.6924175033786027}, "datetime": {"datetime": "2024-06-13 22:26:39", "elapsed": 6.795607, "delta": 0.003989}}
{"target": -2258.845557146155, "params": {"gamma": 9.074824554145266, "lr": 0.7825809780445985}, "datetime": {"datetime": "2024-06-13 22:26:39", "elapsed": 6.800594, "delta": 0.004987}}
{"target": -1440.6738581180362, "params": {"gamma": 6.253284067622613, "lr": 0.6009655953980898}, "datetime": {"datetime": "2024-06-13 22:26:39", "elapsed": 6.805581, "delta": 0.004987}}
{"target": -517.3742319398942, "params": {"gamma": 2.1283776016453526, "lr": 0.651365361997868}, "datetime": {"datetime": "2024-06-13 22:26:39", "elapsed": 6.80957, "delta": 0.003989}}
{"target": -2261.5741018307544, "params": {"gamma": 8.145187207595269, "lr": 0.9223224808528965}, "datetime": {"datetime": "2024-06-13 22:26:39", "elapsed": 6.814557, "delta": 0.004987}}
{"target": -2005.2277083925055, "params": {"gamma": 9.166584470697245, "lr": 0.5610988058726366}, "datetime": {"datetime": "2024-06-13 22:26:39", "elapsed": 6.818547, "delta": 0.00399}}
{"target": -630.165889606909, "params": {"gamma": 2.599079923429137, "lr": 0.33379745682371664}, "datetime": {"datetime": "2024-06-13 22:26:39", "elapsed": 6.823532, "delta": 0.004985}}
{"target": -2189.7687663531733, "params": {"gamma": 9.977625893322635, "lr": 0.5255977882178193}, "datetime": {"datetime": "2024-06-13 22:26:39", "elapsed": 6.828519, "delta": 0.004987}}
{"target": -1840.4400129327867, "params": {"gamma": 8.159250821705387, "lr": 0.5970161877845721}, "datetime": {"datetime": "2024-06-13 22:26:39", "elapsed": 6.833508, "delta": 0.004989}}
{"target": -1212.3541344713926, "params": {"gamma": 5.069796942895938, "lr": 0.34853961530569777}, "datetime": {"datetime": "2024-06-13 22:26:39", "elapsed": 6.838492, "delta": 0.004984}}
{"target": -1780.3860807874332, "params": {"gamma": 5.378167511784794, "lr": 0.00673470699420331}, "datetime": {"datetime": "2024-06-13 22:26:39", "elapsed": 6.842482, "delta": 0.00399}}
{"target": -1918.5450060832648, "params": {"gamma": 8.766981380159143, "lr": 0.5614864815326793}, "datetime": {"datetime": "2024-06-13 22:26:40", "elapsed": 6.847468, "delta": 0.004986}}
{"target": -158.61587612629506, "params": {"gamma": 0.2437899718214612, "lr": 0.8181747453311654}, "datetime": {"datetime": "2024-06-13 22:26:40", "elapsed": 6.852455, "delta": 0.004987}}
