{"target": -126.51982528903787, "params": {"p_ai": 5.851577204928747, "p_al": 1.6055163944341313, "p_ex": 7.034313758009502, "prior": 4.175120101548917, "rate": 4.668222528264901}, "datetime": {"datetime": "2024-06-13 00:16:52", "elapsed": 156.419946, "delta": 0.111739}}
{"target": -110.48035765556949, "params": {"p_ai": 3.0503783593494265, "p_al": 8.691784983397337, "p_ex": 4.694730841191128, "prior": 8.06176824468246, "rate": 8.068186441818202}, "datetime": {"datetime": "2024-06-13 00:16:52", "elapsed": 156.530554, "delta": 0.110608}}
{"target": -127.74903628471655, "params": {"p_ai": 5.570707065746649, "p_al": 3.8618893998999058, "p_ex": 6.87097682961531, "prior": 6.809352847294272, "rate": 1.8202456075422737}, "datetime": {"datetime": "2024-06-13 00:16:52", "elapsed": 156.638266, "delta": 0.107712}}
{"target": -165.07546341572402, "params": {"p_ai": 7.641746500371065, "p_al": 1.6526003053425689, "p_ex": 3.2417494592425355, "prior": 8.702238530429504, "rate": 5.717108934550803}, "datetime": {"datetime": "2024-06-13 00:16:52", "elapsed": 156.748425, "delta": 0.110159}}
{"target": -103.3867901868284, "params": {"p_ai": 2.5667353379030313, "p_al": 9.23932009155619, "p_ex": 6.606113728339876, "prior": 5.545550824057651, "rate": 9.933210616589482}, "datetime": {"datetime": "2024-06-13 00:16:52", "elapsed": 156.861684, "delta": 0.113259}}
{"target": -208.47540351281128, "params": {"p_ai": 8.455687753580412, "p_al": 6.772250851531259, "p_ex": 0.8182235485602576, "prior": 3.6450932454243863, "rate": 5.022181600633578}, "datetime": {"datetime": "2024-06-13 00:16:52", "elapsed": 156.968399, "delta": 0.106715}}
{"target": -130.70827876647363, "params": {"p_ai": 6.1769374633694545, "p_al": 6.399141051907529, "p_ex": 7.251423345425811, "prior": 9.102478473258811, "rate": 5.68320259597498}, "datetime": {"datetime": "2024-06-13 00:16:52", "elapsed": 157.075489, "delta": 0.10709}}
{"target": -191.22502427501593, "params": {"p_ai": 9.802709051425852, "p_al": 1.132867148596149, "p_ex": 4.657323807567154, "prior": 1.0176245468442442, "rate": 7.424757290371788}, "datetime": {"datetime": "2024-06-13 00:16:52", "elapsed": 157.182204, "delta": 0.106715}}
{"target": -196.0158676736658, "params": {"p_ai": 8.068449360272416, "p_al": 5.2320457837101975, "p_ex": 4.325879597688983, "prior": 0.6708823978417238, "rate": 5.646563656382959}, "datetime": {"datetime": "2024-06-13 00:16:52", "elapsed": 157.28792, "delta": 0.105716}}
{"target": -102.65146758944705, "params": {"p_ai": 2.549022595029336, "p_al": 0.8242363640196037, "p_ex": 7.337359610523183, "prior": 7.43468597913671, "rate": 3.7114298106728287}, "datetime": {"datetime": "2024-06-13 00:16:53", "elapsed": 157.395224, "delta": 0.107304}}
{"target": -127.5063707466051, "params": {"p_ai": 1.845560863914552, "p_al": 5.129381674275744, "p_ex": 0.9354702702971923, "prior": 7.784640160871572, "rate": 4.760067048122293}, "datetime": {"datetime": "2024-06-13 00:16:53", "elapsed": 157.500941, "delta": 0.105717}}
{"target": -174.07480716381934, "params": {"p_ai": 9.609669775653595, "p_al": 1.0910953604333562, "p_ex": 6.979897988792099, "prior": 8.035812360308835, "rate": 7.269009336494058}, "datetime": {"datetime": "2024-06-13 00:16:53", "elapsed": 157.607295, "delta": 0.106354}}
{"target": -154.20732489370508, "params": {"p_ai": 4.6150821682690095, "p_al": 5.461554103867576, "p_ex": 6.152271588669034, "prior": 0.5919952593190889, "rate": 9.956734917533865}, "datetime": {"datetime": "2024-06-13 00:16:53", "elapsed": 157.713861, "delta": 0.106566}}
{"target": -145.0861108625514, "params": {"p_ai": 2.549821268966647, "p_al": 6.434430472061677, "p_ex": 1.2652046007720967, "prior": 1.679464516635827, "rate": 4.911557570716647}, "datetime": {"datetime": "2024-06-13 00:16:53", "elapsed": 157.820984, "delta": 0.107123}}
{"target": -136.46437444438135, "params": {"p_ai": 2.8857188289562163, "p_al": 5.042897344255423, "p_ex": 1.0227116003946706, "prior": 4.193530323359763, "rate": 2.6867470652735372}, "datetime": {"datetime": "2024-06-13 00:16:53", "elapsed": 157.927848, "delta": 0.106864}}
{"target": -122.60188607224428, "params": {"p_ai": 5.819440487578645, "p_al": 1.7178834329509671, "p_ex": 9.623255002566271, "prior": 5.442570978471566, "rate": 7.019820788358971}, "datetime": {"datetime": "2024-06-13 00:16:53", "elapsed": 158.033596, "delta": 0.105748}}
{"target": -190.76662228526186, "params": {"p_ai": 9.323729947047374, "p_al": 3.454332308812005, "p_ex": 5.157651729646913, "prior": 7.866126970289994, "rate": 0.6950313988201535}, "datetime": {"datetime": "2024-06-13 00:16:53", "elapsed": 158.139617, "delta": 0.106021}}
{"target": -169.3522910234152, "params": {"p_ai": 7.532460476975046, "p_al": 1.1756767278394176, "p_ex": 3.8919114159978747, "prior": 6.97023169596312, "rate": 0.5996583880118789}, "datetime": {"datetime": "2024-06-13 00:16:53", "elapsed": 158.246332, "delta": 0.106715}}
{"target": -229.40933260835723, "params": {"p_ai": 6.650163606858123, "p_al": 9.719171641644328, "p_ex": 2.4949528876446143, "prior": 2.5921151685676955, "rate": 0.8732224909576163}, "datetime": {"datetime": "2024-06-13 00:16:53", "elapsed": 158.352976, "delta": 0.106644}}
{"target": -113.16979200021022, "params": {"p_ai": 0.9311546173432517, "p_al": 3.144738983084279, "p_ex": 8.325478322610477, "prior": 5.124685126834491, "rate": 3.857018291271997}, "datetime": {"datetime": "2024-06-13 00:16:54", "elapsed": 158.459766, "delta": 0.10679}}
{"target": -105.00273715022487, "params": {"p_ai": 1.825860476246027, "p_al": 9.760200540550123, "p_ex": 7.414637711366844, "prior": 3.4022965841828734, "rate": 9.223420470499212}, "datetime": {"datetime": "2024-06-13 00:16:54", "elapsed": 158.566481, "delta": 0.106715}}
{"target": -136.0602269520722, "params": {"p_ai": 5.863722456927596, "p_al": 2.6527101212907347, "p_ex": 4.816182444659119, "prior": 4.344425040422925, "rate": 3.025705323209395}, "datetime": {"datetime": "2024-06-13 00:16:54", "elapsed": 158.674598, "delta": 0.108117}}
{"target": -154.7742528004249, "params": {"p_ai": 6.567963904475069, "p_al": 7.922147393430575, "p_ex": 3.533286895679186, "prior": 4.379301965349058, "rate": 9.63039754689752}, "datetime": {"datetime": "2024-06-13 00:16:54", "elapsed": 158.781477, "delta": 0.106879}}
{"target": -108.58726227041441, "params": {"p_ai": 2.595870119091476, "p_al": 7.1928850233868555, "p_ex": 8.51152805591894, "prior": 7.418586210097494, "rate": 2.1663143590325595}, "datetime": {"datetime": "2024-06-13 00:16:54", "elapsed": 158.887921, "delta": 0.106444}}
{"target": -117.88244008383806, "params": {"p_ai": 4.353639765707252, "p_al": 6.087989214150046, "p_ex": 5.91597437659046, "prior": 9.518904172044687, "rate": 3.584674882177731}, "datetime": {"datetime": "2024-06-13 00:16:54", "elapsed": 158.995062, "delta": 0.107141}}
{"target": -125.77505791518507, "params": {"p_ai": 5.3184013885853965, "p_al": 3.9843758336063404, "p_ex": 6.1476783430983035, "prior": 4.6489963534302525, "rate": 9.554909499707458}, "datetime": {"datetime": "2024-06-13 00:16:54", "elapsed": 159.100779, "delta": 0.105717}}
{"target": -162.61925254503953, "params": {"p_ai": 7.085161850979339, "p_al": 4.98898575822155, "p_ex": 4.9295913692550375, "prior": 2.485717918581682, "rate": 2.154647890609912}, "datetime": {"datetime": "2024-06-13 00:16:54", "elapsed": 159.208643, "delta": 0.107864}}
{"target": -123.0608798188273, "params": {"p_ai": 3.839213345484957, "p_al": 2.6948981495554443, "p_ex": 2.9837535145475824, "prior": 2.15053359947619, "rate": 4.307723323043663}, "datetime": {"datetime": "2024-06-13 00:16:54", "elapsed": 159.320344, "delta": 0.111701}}
{"target": -108.08943843718099, "params": {"p_ai": 2.3742519356894274, "p_al": 4.291053292961831, "p_ex": 7.382547600181749, "prior": 1.9039327426028603, "rate": 9.804812350553577}, "datetime": {"datetime": "2024-06-13 00:16:55", "elapsed": 159.427059, "delta": 0.106715}}
{"target": -103.16557473195861, "params": {"p_ai": 2.510149272471791, "p_al": 0.9201850394391212, "p_ex": 6.622377220843448, "prior": 1.2422326310329728, "rate": 4.585985552074093}, "datetime": {"datetime": "2024-06-13 00:16:55", "elapsed": 159.533886, "delta": 0.106827}}
{"target": -129.32101511732017, "params": {"p_ai": 5.549552121286815, "p_al": 9.122267296699032, "p_ex": 8.40796832527321, "prior": 4.765261881514484, "rate": 8.806117671423612}, "datetime": {"datetime": "2024-06-13 00:16:55", "elapsed": 159.64037, "delta": 0.106484}}
{"target": -155.61391711792066, "params": {"p_ai": 8.135497423493536, "p_al": 1.9471917037767061, "p_ex": 6.724817912877283, "prior": 7.192553425857825, "rate": 6.526073980659255}, "datetime": {"datetime": "2024-06-13 00:16:55", "elapsed": 159.747838, "delta": 0.107468}}
{"target": -120.38458897434685, "params": {"p_ai": 4.057167300283953, "p_al": 0.43706055846466224, "p_ex": 3.790552867999634, "prior": 0.33257894683759875, "rate": 2.4427912670623453}, "datetime": {"datetime": "2024-06-13 00:16:55", "elapsed": 159.855094, "delta": 0.107256}}
{"target": -192.9680698312408, "params": {"p_ai": 8.427994479486472, "p_al": 4.747672284544124, "p_ex": 1.9562151115667903, "prior": 9.33445475081842, "rate": 1.7592635009829212}, "datetime": {"datetime": "2024-06-13 00:16:55", "elapsed": 159.96184, "delta": 0.106746}}
{"target": -174.72420418258, "params": {"p_ai": 7.102185784940643, "p_al": 2.5223293312259516, "p_ex": 1.2584243859027127, "prior": 4.235788430787851, "rate": 3.069439271607996}, "datetime": {"datetime": "2024-06-13 00:16:55", "elapsed": 160.069524, "delta": 0.107684}}
{"target": -133.4093854438074, "params": {"p_ai": 5.5627939162736055, "p_al": 0.057950088725271263, "p_ex": 4.0193390792164285, "prior": 3.244414864326125, "rate": 2.0895692938485664}, "datetime": {"datetime": "2024-06-13 00:16:55", "elapsed": 160.175244, "delta": 0.10572}}
{"target": -172.40635011618772, "params": {"p_ai": 7.647203244653368, "p_al": 2.158057811143895, "p_ex": 3.672919163743425, "prior": 0.6155566824563551, "rate": 7.990938077660049}, "datetime": {"datetime": "2024-06-13 00:16:55", "elapsed": 160.281987, "delta": 0.106743}}
{"target": -165.43890161588646, "params": {"p_ai": 8.577774053116217, "p_al": 9.790052219653413, "p_ex": 9.506482093495103, "prior": 4.8714088622083676, "rate": 2.963844578804496}, "datetime": {"datetime": "2024-06-13 00:16:56", "elapsed": 160.389178, "delta": 0.107191}}
{"target": -155.10475637251432, "params": {"p_ai": 6.941959592334977, "p_al": 7.246334888135901, "p_ex": 8.683682540763046, "prior": 2.0640130834583252, "rate": 3.9901377594360703}, "datetime": {"datetime": "2024-06-13 00:16:56", "elapsed": 160.495401, "delta": 0.106223}}
{"target": -159.90825065333243, "params": {"p_ai": 7.888644250363198, "p_al": 2.227648655419227, "p_ex": 4.82232740498444, "prior": 7.809873960783892, "rate": 6.046992979618699}, "datetime": {"datetime": "2024-06-13 00:16:56", "elapsed": 160.602494, "delta": 0.107093}}
{"target": -102.80622216457282, "params": {"p_ai": 1.991212741788793, "p_al": 4.923909201502932, "p_ex": 9.802765005727752, "prior": 1.9199717037804547, "rate": 2.427832758701525}, "datetime": {"datetime": "2024-06-13 00:16:56", "elapsed": 160.70838, "delta": 0.105886}}
{"target": -107.77793309888108, "params": {"p_ai": 4.155134299366303, "p_al": 7.950636379009953, "p_ex": 8.599370987311648, "prior": 7.688080461729196, "rate": 4.227157523440218}, "datetime": {"datetime": "2024-06-13 00:16:56", "elapsed": 160.817402, "delta": 0.109022}}
{"target": -112.64485969581872, "params": {"p_ai": 2.626669492861092, "p_al": 5.911498217644846, "p_ex": 5.563710236157524, "prior": 3.230864751305254, "rate": 2.4487955235744954}, "datetime": {"datetime": "2024-06-13 00:16:56", "elapsed": 160.924117, "delta": 0.106715}}
{"target": -142.63894914054458, "params": {"p_ai": 6.292076079141393, "p_al": 3.6150392336227193, "p_ex": 4.466163623909623, "prior": 4.237468544878544, "rate": 6.050216734749668}, "datetime": {"datetime": "2024-06-13 00:16:56", "elapsed": 161.030831, "delta": 0.106714}}
{"target": -115.91051969152718, "params": {"p_ai": 0.6720996143698694, "p_al": 4.6483715961135195, "p_ex": 9.363241142865018, "prior": 1.4816917977329311, "rate": 8.81601186201042}, "datetime": {"datetime": "2024-06-13 00:16:56", "elapsed": 161.137736, "delta": 0.106905}}
{"target": -106.20362449800136, "params": {"p_ai": 1.9867116676457621, "p_al": 4.828800929418997, "p_ex": 4.910182450155894, "prior": 2.3487670795262607, "rate": 5.966237893981851}, "datetime": {"datetime": "2024-06-13 00:16:56", "elapsed": 161.244161, "delta": 0.106425}}
{"target": -166.07739931107287, "params": {"p_ai": 8.370755177596735, "p_al": 2.428470066784845, "p_ex": 5.057751716277262, "prior": 4.6844784297828275, "rate": 8.049214381625918}, "datetime": {"datetime": "2024-06-13 00:16:56", "elapsed": 161.351733, "delta": 0.107572}}
{"target": -130.78840488080556, "params": {"p_ai": 4.8551720373679625, "p_al": 0.4808923524723822, "p_ex": 2.989784086816148, "prior": 7.216616729239001, "rate": 5.408084708481691}, "datetime": {"datetime": "2024-06-13 00:16:57", "elapsed": 161.458011, "delta": 0.106278}}
{"target": -256.0620717103949, "params": {"p_ai": 7.130408516250978, "p_al": 8.904361093565882, "p_ex": 0.37043952512420786, "prior": 1.6165813179834319, "rate": 2.062616153311377}, "datetime": {"datetime": "2024-06-13 00:16:57", "elapsed": 161.565752, "delta": 0.107741}}
{"target": -138.46015394900368, "params": {"p_ai": 5.482373770995407, "p_al": 6.875285638033866, "p_ex": 3.4239746509233417, "prior": 8.69815134313035, "rate": 8.792097795595758}, "datetime": {"datetime": "2024-06-13 00:16:57", "elapsed": 161.672438, "delta": 0.106686}}
{"target": -161.97485692976966, "params": {"p_ai": 1.9020281611260257, "p_al": 5.318731289606638, "p_ex": 9.89533223269701, "prior": 0.5766681566686965, "rate": 0.8352246167464471}, "datetime": {"datetime": "2024-06-13 00:16:57", "elapsed": 161.780255, "delta": 0.107817}}
{"target": -229.14062857462977, "params": {"p_ai": 4.17687548119399, "p_al": 8.546270166610421, "p_ex": 3.986491570183943, "prior": 0.10047872209267601, "rate": 6.455776471782982}, "datetime": {"datetime": "2024-06-13 00:16:57", "elapsed": 161.887319, "delta": 0.107064}}
{"target": -133.89094253288673, "params": {"p_ai": 2.938740758027726, "p_al": 1.5001546469653306, "p_ex": 1.0787439610589478, "prior": 8.689114300105738, "rate": 0.033649190010560236}, "datetime": {"datetime": "2024-06-13 00:16:57", "elapsed": 161.993068, "delta": 0.105749}}
{"target": -158.38721112100922, "params": {"p_ai": 5.1863463087416415, "p_al": 5.508657930632633, "p_ex": 1.160383142892338, "prior": 2.0012109061146504, "rate": 8.622359909234016}, "datetime": {"datetime": "2024-06-13 00:16:57", "elapsed": 162.100299, "delta": 0.107231}}
{"target": -125.23952873395149, "params": {"p_ai": 1.1706045030374341, "p_al": 8.247211703646046, "p_ex": 1.9317000898235421, "prior": 9.95546289182723, "rate": 4.714645365285202}, "datetime": {"datetime": "2024-06-13 00:16:57", "elapsed": 162.207014, "delta": 0.106715}}
{"target": -158.66405148266173, "params": {"p_ai": 5.47316235739433, "p_al": 0.8236566490081167, "p_ex": 0.5138813084825806, "prior": 2.0750373843877523, "rate": 1.6087283408450508}, "datetime": {"datetime": "2024-06-13 00:16:57", "elapsed": 162.313729, "delta": 0.106715}}
{"target": -115.80003196442684, "params": {"p_ai": 4.5111904649630885, "p_al": 6.299850282915464, "p_ex": 7.263567878118075, "prior": 4.561033003776881, "rate": 3.769926324961166}, "datetime": {"datetime": "2024-06-13 00:16:58", "elapsed": 162.420067, "delta": 0.106338}}
{"target": -130.5285885678865, "params": {"p_ai": 0.6450811413443532, "p_al": 5.3838314013031106, "p_ex": 4.510915596950936, "prior": 4.024173450925323, "rate": 0.739297377549636}, "datetime": {"datetime": "2024-06-13 00:16:58", "elapsed": 162.526781, "delta": 0.106714}}
{"target": -100.56863015306071, "params": {"p_ai": 1.9389589620400425, "p_al": 6.084710003782394, "p_ex": 9.150926960614223, "prior": 6.315562232208938, "rate": 5.777179416959185}, "datetime": {"datetime": "2024-06-13 00:16:58", "elapsed": 162.632502, "delta": 0.105721}}
{"target": -107.12282451640706, "params": {"p_ai": 3.424458668570204, "p_al": 1.3555854633492914, "p_ex": 5.08436213366298, "prior": 6.462997600713831, "rate": 9.67519299616602}, "datetime": {"datetime": "2024-06-13 00:16:58", "elapsed": 162.7395, "delta": 0.106998}}
{"target": -169.5474502971712, "params": {"p_ai": 7.619765598704901, "p_al": 1.8308008482704898, "p_ex": 2.397370725640492, "prior": 9.57009458791186, "rate": 7.580236326081433}, "datetime": {"datetime": "2024-06-13 00:16:58", "elapsed": 162.845858, "delta": 0.106358}}
{"target": -134.34443048064261, "params": {"p_ai": 1.9300095784021698, "p_al": 7.01981330459048, "p_ex": 8.334912290375726, "prior": 4.363068671345741, "rate": 0.09575780663839235}, "datetime": {"datetime": "2024-06-13 00:16:58", "elapsed": 162.953077, "delta": 0.107219}}
{"target": -154.91039858616836, "params": {"p_ai": 6.681434519852933, "p_al": 0.6982839964459406, "p_ex": 2.378790532340036, "prior": 0.9712126349750136, "rate": 8.704808021732656}, "datetime": {"datetime": "2024-06-13 00:16:58", "elapsed": 163.07955, "delta": 0.126473}}
{"target": -156.53298827596, "params": {"p_ai": 8.34054282055566, "p_al": 2.3523727837850754, "p_ex": 7.544077071128042, "prior": 5.084126551345622, "rate": 4.212130083272633}, "datetime": {"datetime": "2024-06-13 00:16:58", "elapsed": 163.189246, "delta": 0.109696}}
{"target": -125.80415391927365, "params": {"p_ai": 2.1879858666385315, "p_al": 2.2173554367748403, "p_ex": 0.908931616755804, "prior": 2.4889238271796565, "rate": 5.896920756142721}, "datetime": {"datetime": "2024-06-13 00:16:58", "elapsed": 163.318904, "delta": 0.129658}}
{"target": -191.31312453889007, "params": {"p_ai": 8.822265306848173, "p_al": 1.5513240228977372, "p_ex": 2.6195303249388067, "prior": 6.336155320254513, "rate": 1.0128605823073944}, "datetime": {"datetime": "2024-06-13 00:16:59", "elapsed": 163.448556, "delta": 0.129652}}
{"target": -160.9564936446333, "params": {"p_ai": 5.153921282646919, "p_al": 4.46909154508257, "p_ex": 0.5052938192735241, "prior": 7.6579931162870505, "rate": 0.9528564523206144}, "datetime": {"datetime": "2024-06-13 00:16:59", "elapsed": 163.568236, "delta": 0.11968}}
{"target": -111.65517286913702, "params": {"p_ai": 3.3843657437612205, "p_al": 5.790074844308275, "p_ex": 8.508682332431707, "prior": 2.6092797416438254, "rate": 8.103007595133162}, "datetime": {"datetime": "2024-06-13 00:16:59", "elapsed": 163.688913, "delta": 0.120677}}
{"target": -114.2766292279046, "params": {"p_ai": 4.367210182917103, "p_al": 8.27634847928233, "p_ex": 9.215999806660857, "prior": 4.382605484176173, "rate": 2.6213106647344735}, "datetime": {"datetime": "2024-06-13 00:16:59", "elapsed": 163.800898, "delta": 0.111985}}
{"target": -112.68220294838383, "params": {"p_ai": 4.614951273141985, "p_al": 0.9490248493347024, "p_ex": 6.5881187182673475, "prior": 6.323835312579325, "rate": 4.968501963004823}, "datetime": {"datetime": "2024-06-13 00:16:59", "elapsed": 163.913597, "delta": 0.112699}}
{"target": -126.39461527793497, "params": {"p_ai": 4.7020856765161065, "p_al": 1.2859370672436552, "p_ex": 3.344550147403386, "prior": 2.6866939699212384, "rate": 5.358561014717092}, "datetime": {"datetime": "2024-06-13 00:16:59", "elapsed": 164.020312, "delta": 0.106715}}
{"target": -114.62471758888493, "params": {"p_ai": 4.198659544982929, "p_al": 8.360489112107674, "p_ex": 7.012377753383944, "prior": 4.959488359464544, "rate": 5.995609167902584}, "datetime": {"datetime": "2024-06-13 00:16:59", "elapsed": 164.127027, "delta": 0.106715}}
{"target": -109.06865872936679, "params": {"p_ai": 3.967775618698588, "p_al": 2.17528315801882, "p_ex": 7.422640148841071, "prior": 9.226456982114145, "rate": 2.613604563077292}, "datetime": {"datetime": "2024-06-13 00:16:59", "elapsed": 164.234247, "delta": 0.10722}}
{"target": -163.61863124349253, "params": {"p_ai": 6.323284870025931, "p_al": 7.09607452720982, "p_ex": 7.3710671943071, "prior": 2.7029262942568364, "rate": 1.024334263146277}, "datetime": {"datetime": "2024-06-13 00:16:59", "elapsed": 164.341964, "delta": 0.107717}}
{"target": -182.14961656115878, "params": {"p_ai": 7.185838421507484, "p_al": 4.432502126422837, "p_ex": 6.827359618129039, "prior": 0.5852331553316763, "rate": 6.543172400849333}, "datetime": {"datetime": "2024-06-13 00:17:00", "elapsed": 164.457657, "delta": 0.115693}}
{"target": -129.64430581300363, "params": {"p_ai": 2.884487893175923, "p_al": 8.778583385115077, "p_ex": 1.653832432604621, "prior": 4.456248424711869, "rate": 9.691567095079847}, "datetime": {"datetime": "2024-06-13 00:17:00", "elapsed": 164.56936, "delta": 0.111703}}
{"target": -122.45599267216792, "params": {"p_ai": 0.8621946199190262, "p_al": 4.00523582405112, "p_ex": 2.8553005975311763, "prior": 0.8277057437039895, "rate": 7.0980192589693125}, "datetime": {"datetime": "2024-06-13 00:17:00", "elapsed": 164.675583, "delta": 0.106223}}
{"target": -210.20914123240394, "params": {"p_ai": 5.624844106177818, "p_al": 9.88043777704123, "p_ex": 2.2768642495507527, "prior": 1.0475183180092338, "rate": 4.699600102098296}, "datetime": {"datetime": "2024-06-13 00:17:00", "elapsed": 164.783026, "delta": 0.107443}}
{"target": -197.20108799314792, "params": {"p_ai": 7.252886102412543, "p_al": 2.031980046884213, "p_ex": 1.9353061132368568, "prior": 0.16547877208318693, "rate": 6.134148945872518}, "datetime": {"datetime": "2024-06-13 00:17:00", "elapsed": 164.895641, "delta": 0.112615}}
{"target": -166.1015649929815, "params": {"p_ai": 5.867117373471412, "p_al": 4.601979168445047, "p_ex": 7.062314912212693, "prior": 0.5940881024687412, "rate": 6.650141696408433}, "datetime": {"datetime": "2024-06-13 00:17:00", "elapsed": 165.002861, "delta": 0.10722}}
