{"target": -131.73940706269673, "params": {"gamma": 1.6165788245210426, "prior": 6.524924004221608, "rate": 7.53350473313803}, "datetime": {"datetime": "2024-06-14 06:59:10", "elapsed": 6.420243, "delta": 0.008976}}
{"target": -146.65541266159576, "params": {"gamma": 2.8026461610955637, "prior": 4.5684824262007755, "rate": 9.004588674948266}, "datetime": {"datetime": "2024-06-14 06:59:10", "elapsed": 6.429219, "delta": 0.008976}}
{"target": -367.35526099299693, "params": {"gamma": 8.719984326277993, "prior": 7.1011573368634044, "rate": 5.909415094304578}, "datetime": {"datetime": "2024-06-14 06:59:10", "elapsed": 6.438195, "delta": 0.008976}}
{"target": -664.73686044736, "params": {"gamma": 8.174005321700859, "prior": 9.085681996388406, "rate": 0.026073089119563617}, "datetime": {"datetime": "2024-06-14 06:59:10", "elapsed": 6.447171, "delta": 0.008976}}
{"target": -179.63672562030334, "params": {"gamma": 3.972880434571384, "prior": 5.657955868812967, "rate": 7.339497439712482}, "datetime": {"datetime": "2024-06-14 06:59:10", "elapsed": 6.457144, "delta": 0.009973}}
{"target": -134.0791629285518, "params": {"gamma": 0.8756401490882502, "prior": 4.057574378040559, "rate": 2.796932173319039}, "datetime": {"datetime": "2024-06-14 06:59:10", "elapsed": 6.46612, "delta": 0.008976}}
{"target": -185.87751356501303, "params": {"gamma": 4.235677020998725, "prior": 5.029988463465554, "rate": 6.600492220036985}, "datetime": {"datetime": "2024-06-14 06:59:10", "elapsed": 6.475096, "delta": 0.008976}}
{"target": -222.95040671295106, "params": {"gamma": 4.962865153563822, "prior": 6.242635185991386, "rate": 5.824816179030337}, "datetime": {"datetime": "2024-06-14 06:59:10", "elapsed": 6.484072, "delta": 0.008976}}
{"target": -214.25922880460504, "params": {"gamma": 4.2838956479905255, "prior": 0.1492660106415274, "rate": 1.9459696221821587}, "datetime": {"datetime": "2024-06-14 06:59:10", "elapsed": 6.493048, "delta": 0.008976}}
{"target": -158.29273736557332, "params": {"gamma": 3.2027463362086017, "prior": 1.55508344596382, "rate": 5.987040152182751}, "datetime": {"datetime": "2024-06-14 06:59:10", "elapsed": 6.503023, "delta": 0.009975}}
{"target": -297.4204212103945, "params": {"gamma": 6.115383267119364, "prior": 5.050923270009602, "rate": 3.2091681671070447}, "datetime": {"datetime": "2024-06-14 06:59:10", "elapsed": 6.51254, "delta": 0.009517}}
{"target": -512.4946223802124, "params": {"gamma": 6.53292726219252, "prior": 1.983806478522533, "rate": 0.05980393346483768}, "datetime": {"datetime": "2024-06-14 06:59:10", "elapsed": 6.521517, "delta": 0.008977}}
{"target": -259.48262642965796, "params": {"gamma": 7.3496852448209316, "prior": 4.490688034848957, "rate": 6.978718718842435}, "datetime": {"datetime": "2024-06-14 06:59:10", "elapsed": 6.530492, "delta": 0.008975}}
{"target": -131.11455399395578, "params": {"gamma": 1.851248453020123, "prior": 0.7199360396407632, "rate": 3.78170775924343}, "datetime": {"datetime": "2024-06-14 06:59:10", "elapsed": 6.539468, "delta": 0.008976}}
{"target": -244.3598570601677, "params": {"gamma": 6.960269107944495, "prior": 1.1179018377977268, "rate": 1.959146502516249}, "datetime": {"datetime": "2024-06-14 06:59:10", "elapsed": 6.549015, "delta": 0.009547}}
{"target": -197.22396332465183, "params": {"gamma": 4.540072551414793, "prior": 6.249376977967096, "rate": 7.501492356441782}, "datetime": {"datetime": "2024-06-14 06:59:10", "elapsed": 6.558991, "delta": 0.009976}}
{"target": -136.92107902574136, "params": {"gamma": 1.0982404778352803, "prior": 6.283773710840847, "rate": 3.8742178609226636}, "datetime": {"datetime": "2024-06-14 06:59:10", "elapsed": 6.567969, "delta": 0.008978}}
{"target": -234.47597547672677, "params": {"gamma": 6.701233597109323, "prior": 2.115247738852826, "rate": 5.2796600565097815}, "datetime": {"datetime": "2024-06-14 06:59:10", "elapsed": 6.576945, "delta": 0.008976}}
{"target": -135.85592607566707, "params": {"gamma": 1.722453387004371, "prior": 0.2849419593641159, "rate": 4.870015513993148}, "datetime": {"datetime": "2024-06-14 06:59:10", "elapsed": 6.586611, "delta": 0.009666}}
{"target": -141.2244146862628, "params": {"gamma": 1.8425935878323698, "prior": 6.4195989670335365, "rate": 5.366211618584989}, "datetime": {"datetime": "2024-06-14 06:59:10", "elapsed": 6.595578, "delta": 0.008967}}
{"target": -259.59915832870934, "params": {"gamma": 7.74967885459746, "prior": 3.990303036078612, "rate": 9.894531856231692}, "datetime": {"datetime": "2024-06-14 06:59:10", "elapsed": 6.605551, "delta": 0.009973}}
{"target": -203.4112436567367, "params": {"gamma": 5.152631746924576, "prior": 4.84035167173617, "rate": 7.494675265050945}, "datetime": {"datetime": "2024-06-14 06:59:10", "elapsed": 6.614535, "delta": 0.008984}}
{"target": -224.59484622825445, "params": {"gamma": 5.727310244630862, "prior": 3.6884066412702516, "rate": 4.892958609815962}, "datetime": {"datetime": "2024-06-14 06:59:10", "elapsed": 6.623505, "delta": 0.00897}}
{"target": -204.40776227183113, "params": {"gamma": 1.8921946110135588, "prior": 3.9964758015389337, "rate": 0.30058756348796134}, "datetime": {"datetime": "2024-06-14 06:59:10", "elapsed": 6.632485, "delta": 0.00898}}
{"target": -186.87395497911754, "params": {"gamma": 4.625828074361687, "prior": 2.8172937167553513, "rate": 5.267631887725799}, "datetime": {"datetime": "2024-06-14 06:59:10", "elapsed": 6.641464, "delta": 0.008979}}
{"target": -141.05968733094983, "params": {"gamma": 0.2936919419097222, "prior": 5.595358988569528, "rate": 2.9306858383999437}, "datetime": {"datetime": "2024-06-14 06:59:10", "elapsed": 6.651469, "delta": 0.010005}}
{"target": -288.98980767490644, "params": {"gamma": 5.775329319454461, "prior": 7.35442154728753, "rate": 4.403937930137581}, "datetime": {"datetime": "2024-06-14 06:59:10", "elapsed": 6.660445, "delta": 0.008976}}
{"target": -246.00941134447916, "params": {"gamma": 6.6319050719967745, "prior": 2.4652085532150996, "rate": 9.985992286776213}, "datetime": {"datetime": "2024-06-14 06:59:10", "elapsed": 6.669423, "delta": 0.008978}}
{"target": -198.1864046363477, "params": {"gamma": 2.4295423376760557, "prior": 9.414201302377094, "rate": 2.1729802841597885}, "datetime": {"datetime": "2024-06-14 06:59:10", "elapsed": 6.679399, "delta": 0.009976}}
{"target": -227.86350682447804, "params": {"gamma": 4.97614628166607, "prior": 8.229651952438084, "rate": 7.166163879900548}, "datetime": {"datetime": "2024-06-14 06:59:10", "elapsed": 6.688375, "delta": 0.008976}}
{"target": -248.05500674109982, "params": {"gamma": 7.05609854079457, "prior": 4.460361543759608, "rate": 7.541996079526139}, "datetime": {"datetime": "2024-06-14 06:59:10", "elapsed": 6.697354, "delta": 0.008979}}
{"target": -336.15114103702837, "params": {"gamma": 9.199615816571573, "prior": 4.469382278626795, "rate": 5.2801268760628535}, "datetime": {"datetime": "2024-06-14 06:59:10", "elapsed": 6.707327, "delta": 0.009973}}
{"target": -128.47242445481183, "params": {"gamma": 0.6612898045823568, "prior": 3.968653429339858, "rate": 4.672918424766126}, "datetime": {"datetime": "2024-06-14 06:59:10", "elapsed": 6.716305, "delta": 0.008978}}
{"target": -335.53436681364536, "params": {"gamma": 8.951481970324929, "prior": 1.1945186585288683, "rate": 7.311644894386467}, "datetime": {"datetime": "2024-06-14 06:59:10", "elapsed": 6.725284, "delta": 0.008979}}
{"target": -426.40579868818173, "params": {"gamma": 5.455166214318647, "prior": 6.10470076211378, "rate": 0.2987996583514733}, "datetime": {"datetime": "2024-06-14 06:59:10", "elapsed": 6.734267, "delta": 0.008983}}
{"target": -201.35507329533473, "params": {"gamma": 1.4683270502280348, "prior": 2.911433932115233, "rate": 0.04971560748810713}, "datetime": {"datetime": "2024-06-14 06:59:10", "elapsed": 6.744236, "delta": 0.009969}}
{"target": -322.8676027899155, "params": {"gamma": 6.6919088201735715, "prior": 8.715553694333723, "rate": 5.470136124403138}, "datetime": {"datetime": "2024-06-14 06:59:10", "elapsed": 6.753212, "delta": 0.008976}}
{"target": -292.41747263010575, "params": {"gamma": 5.432097311144519, "prior": 6.195686693269069, "rate": 3.022512822657626}, "datetime": {"datetime": "2024-06-14 06:59:10", "elapsed": 6.762188, "delta": 0.008976}}
{"target": -170.15795044233514, "params": {"gamma": 3.6679530846277557, "prior": 5.7919033000498885, "rate": 8.092356620589728}, "datetime": {"datetime": "2024-06-14 06:59:10", "elapsed": 6.771164, "delta": 0.008976}}
{"target": -131.55866371310503, "params": {"gamma": 2.016764747447303, "prior": 3.3424881528980626, "rate": 7.429469582646582}, "datetime": {"datetime": "2024-06-14 06:59:10", "elapsed": 6.781137, "delta": 0.009973}}
{"target": -159.40805419637874, "params": {"gamma": 3.4098615710742886, "prior": 0.5713481941948949, "rate": 1.5644129298338398}, "datetime": {"datetime": "2024-06-14 06:59:10", "elapsed": 6.790113, "delta": 0.008976}}
{"target": -135.24591921092667, "params": {"gamma": 1.9394547317358086, "prior": 5.001612389355664, "rate": 6.351614485952291}, "datetime": {"datetime": "2024-06-14 06:59:10", "elapsed": 6.799089, "delta": 0.008976}}
{"target": -501.92492168852266, "params": {"gamma": 8.802319552208612, "prior": 9.035111908580227, "rate": 3.072300524082465}, "datetime": {"datetime": "2024-06-14 06:59:10", "elapsed": 6.808065, "delta": 0.008976}}
{"target": -278.16555834306666, "params": {"gamma": 7.534047351182733, "prior": 2.896037502533829, "rate": 3.686400120782994}, "datetime": {"datetime": "2024-06-14 06:59:10", "elapsed": 6.818039, "delta": 0.009974}}
{"target": -186.1511433627238, "params": {"gamma": 2.927972894369209, "prior": 4.195538288371103, "rate": 2.147942240988137}, "datetime": {"datetime": "2024-06-14 06:59:10", "elapsed": 6.827015, "delta": 0.008976}}
{"target": -168.3284150932271, "params": {"gamma": 3.1905410786954205, "prior": 1.3070061575118679, "rate": 9.63021937771575}, "datetime": {"datetime": "2024-06-14 06:59:10", "elapsed": 6.836497, "delta": 0.009482}}
{"target": -235.42948336915052, "params": {"gamma": 5.04032611097843, "prior": 9.238696757627771, "rate": 7.461855247593438}, "datetime": {"datetime": "2024-06-14 06:59:10", "elapsed": 6.846469, "delta": 0.009972}}
{"target": -217.8959423534443, "params": {"gamma": 4.577595171516512, "prior": 7.570760030550504, "rate": 6.280602762990652}, "datetime": {"datetime": "2024-06-14 06:59:10", "elapsed": 6.855445, "delta": 0.008976}}
{"target": -156.31908154716757, "params": {"gamma": 3.0382805830845347, "prior": 5.264427202791391, "rate": 7.123409644278645}, "datetime": {"datetime": "2024-06-14 06:59:10", "elapsed": 6.864421, "delta": 0.008976}}
{"target": -172.19093284790117, "params": {"gamma": 3.0538300009516193, "prior": 0.22397608517608533, "rate": 2.6833600285302275}, "datetime": {"datetime": "2024-06-14 06:59:10", "elapsed": 6.873397, "delta": 0.008976}}
{"target": -368.2086307896202, "params": {"gamma": 7.967658010425252, "prior": 9.306931580738663, "rate": 6.2536862178776484}, "datetime": {"datetime": "2024-06-14 06:59:10", "elapsed": 6.88337, "delta": 0.009973}}
{"target": -137.06453059321197, "params": {"gamma": 1.3289420383195298, "prior": 7.59994655654947, "rate": 5.269526555127393}, "datetime": {"datetime": "2024-06-14 06:59:10", "elapsed": 6.892346, "delta": 0.008976}}
{"target": -291.5463748723396, "params": {"gamma": 7.538936847140509, "prior": 8.600255860393125, "rate": 9.475467969467141}, "datetime": {"datetime": "2024-06-14 06:59:10", "elapsed": 6.901323, "delta": 0.008977}}
{"target": -281.99765212163544, "params": {"gamma": 6.545720808693693, "prior": 8.557156277442202, "rate": 7.426137988907772}, "datetime": {"datetime": "2024-06-14 06:59:10", "elapsed": 6.910298, "delta": 0.008975}}
{"target": -285.64616589347054, "params": {"gamma": 7.271284782848366, "prior": 8.60202848704295, "rate": 9.2301074044959}, "datetime": {"datetime": "2024-06-14 06:59:10", "elapsed": 6.920273, "delta": 0.009975}}
{"target": -569.8071532669512, "params": {"gamma": 9.020857939246921, "prior": 4.017927589495288, "rate": 0.8411287767074533}, "datetime": {"datetime": "2024-06-14 06:59:10", "elapsed": 6.929248, "delta": 0.008975}}
{"target": -327.5178963316393, "params": {"gamma": 8.295907610863033, "prior": 5.43542237774558, "rate": 5.421219471236491}, "datetime": {"datetime": "2024-06-14 06:59:10", "elapsed": 6.93873, "delta": 0.009482}}
{"target": -377.6483533254481, "params": {"gamma": 8.25192813033363, "prior": 0.4166434253201614, "rate": 8.779726226832842}, "datetime": {"datetime": "2024-06-14 06:59:10", "elapsed": 6.947706, "delta": 0.008976}}
{"target": -136.75694831296937, "params": {"gamma": 0.34730537937586553, "prior": 6.9626261279460415, "rate": 5.875257309024742}, "datetime": {"datetime": "2024-06-14 06:59:10", "elapsed": 6.956682, "delta": 0.008976}}
{"target": -296.0506219867264, "params": {"gamma": 6.417850059155134, "prior": 3.803393858608736, "rate": 2.755344804474391}, "datetime": {"datetime": "2024-06-14 06:59:10", "elapsed": 6.966656, "delta": 0.009974}}
{"target": -255.74982623509356, "params": {"gamma": 5.094576405806185, "prior": 8.869648859782243, "rate": 5.653331413985319}, "datetime": {"datetime": "2024-06-14 06:59:10", "elapsed": 6.975632, "delta": 0.008976}}
{"target": -232.58984297308345, "params": {"gamma": 6.631825765751704, "prior": 4.469654386439658, "rate": 9.7214187321274}, "datetime": {"datetime": "2024-06-14 06:59:10", "elapsed": 6.984608, "delta": 0.008976}}
{"target": -255.030614471572, "params": {"gamma": 7.425482001064747, "prior": 3.613534857422657, "rate": 6.5356567956039315}, "datetime": {"datetime": "2024-06-14 06:59:10", "elapsed": 6.994581, "delta": 0.009973}}
{"target": -329.25064892130587, "params": {"gamma": 5.426621502305332, "prior": 8.852156502548992, "rate": 2.7512654566030514}, "datetime": {"datetime": "2024-06-14 06:59:10", "elapsed": 7.003557, "delta": 0.008976}}
{"target": -121.88126944630878, "params": {"gamma": 1.0815667842382009, "prior": 1.9935933122375844, "rate": 3.8710752798182537}, "datetime": {"datetime": "2024-06-14 06:59:10", "elapsed": 7.012533, "delta": 0.008976}}
{"target": -278.54650921587825, "params": {"gamma": 8.54074388954821, "prior": 2.7813646469755744, "rate": 6.263961673283628}, "datetime": {"datetime": "2024-06-14 06:59:10", "elapsed": 7.022506, "delta": 0.009973}}
{"target": -438.1581771079506, "params": {"gamma": 6.235894458654538, "prior": 4.139666639944494, "rate": 0.504300961464858}, "datetime": {"datetime": "2024-06-14 06:59:10", "elapsed": 7.031288, "delta": 0.008782}}
{"target": -273.0132454834756, "params": {"gamma": 7.448593896451896, "prior": 3.027682790796424, "rate": 3.9851835072938524}, "datetime": {"datetime": "2024-06-14 06:59:10", "elapsed": 7.040769, "delta": 0.009481}}
{"target": -287.33633843098835, "params": {"gamma": 3.7730184357375642, "prior": 6.669666053543827, "rate": 0.8642465348648255}, "datetime": {"datetime": "2024-06-14 06:59:10", "elapsed": 7.049774, "delta": 0.009005}}
{"target": -283.1108881015691, "params": {"gamma": 5.49934931479934, "prior": 0.25267604119823284, "rate": 9.830406796410628}, "datetime": {"datetime": "2024-06-14 06:59:10", "elapsed": 7.059719, "delta": 0.009945}}
{"target": -342.1142072651976, "params": {"gamma": 5.984673796657761, "prior": 3.902730857162644, "rate": 1.4683325593440997}, "datetime": {"datetime": "2024-06-14 06:59:10", "elapsed": 7.068694, "delta": 0.008975}}
{"target": -399.93215914101654, "params": {"gamma": 6.9690863860416155, "prior": 9.067503325394869, "rate": 3.1817694146938234}, "datetime": {"datetime": "2024-06-14 06:59:10", "elapsed": 7.07767, "delta": 0.008976}}
{"target": -264.08157124799936, "params": {"gamma": 7.665154954417642, "prior": 2.946231210207758, "rate": 9.57229619840156}, "datetime": {"datetime": "2024-06-14 06:59:10", "elapsed": 7.086647, "delta": 0.008977}}
{"target": -253.49729403816954, "params": {"gamma": 7.023455232193281, "prior": 6.287654372613879, "rate": 9.307416596768327}, "datetime": {"datetime": "2024-06-14 06:59:11", "elapsed": 7.096619, "delta": 0.009972}}
{"target": -164.88575384547488, "params": {"gamma": 2.6911548301319335, "prior": 9.243795888773532, "rate": 6.781151258305702}, "datetime": {"datetime": "2024-06-14 06:59:11", "elapsed": 7.105624, "delta": 0.009005}}
{"target": -273.5065171059441, "params": {"gamma": 7.713853709507418, "prior": 5.759189830706018, "rate": 8.339212870314833}, "datetime": {"datetime": "2024-06-14 06:59:11", "elapsed": 7.114572, "delta": 0.008948}}
{"target": -254.23598718416287, "params": {"gamma": 6.983119711119335, "prior": 1.551426147591399, "rate": 6.1249988251521215}, "datetime": {"datetime": "2024-06-14 06:59:11", "elapsed": 7.124545, "delta": 0.009973}}
{"target": -216.44659839734916, "params": {"gamma": 2.793924035827702, "prior": 9.167199358366272, "rate": 1.9831246698113274}, "datetime": {"datetime": "2024-06-14 06:59:11", "elapsed": 7.133521, "delta": 0.008976}}
{"target": -159.95812186590192, "params": {"gamma": 2.857879237217657, "prior": 0.5717815791998215, "rate": 4.476343861362332}, "datetime": {"datetime": "2024-06-14 06:59:11", "elapsed": 7.143002, "delta": 0.009481}}
{"target": -213.56594678244156, "params": {"gamma": 5.576320563895948, "prior": 5.778254717513243, "rate": 9.053868422216771}, "datetime": {"datetime": "2024-06-14 06:59:11", "elapsed": 7.151979, "delta": 0.008977}}
{"target": -161.0293511533693, "params": {"gamma": 3.47479191407325, "prior": 4.5305309579534265, "rate": 8.512525387352474}, "datetime": {"datetime": "2024-06-14 06:59:11", "elapsed": 7.160955, "delta": 0.008976}}
{"target": -320.6495753849204, "params": {"gamma": 5.768716203017017, "prior": 6.574530055289563, "rate": 2.784314944612766}, "datetime": {"datetime": "2024-06-14 06:59:11", "elapsed": 7.170928, "delta": 0.009973}}
{"target": -324.8204987600145, "params": {"gamma": 4.875225544956866, "prior": 6.247428637046675, "rate": 1.3348069074222546}, "datetime": {"datetime": "2024-06-14 06:59:11", "elapsed": 7.179904, "delta": 0.008976}}
{"target": -128.66435729226933, "params": {"gamma": 0.3300542572087522, "prior": 1.222768911195179, "rate": 4.775133302320191}, "datetime": {"datetime": "2024-06-14 06:59:11", "elapsed": 7.18888, "delta": 0.008976}}
{"target": -147.77077339678482, "params": {"gamma": 0.24124331957345432, "prior": 6.299468398458495, "rate": 0.9767285971428687}, "datetime": {"datetime": "2024-06-14 06:59:11", "elapsed": 7.198853, "delta": 0.009973}}
{"target": -196.1521483381443, "params": {"gamma": 2.5103644156247413, "prior": 4.322280163976562, "rate": 1.159151640315784}, "datetime": {"datetime": "2024-06-14 06:59:11", "elapsed": 7.207829, "delta": 0.008976}}
{"target": -171.8253339836227, "params": {"gamma": 2.706249385980867, "prior": 0.3086887610715615, "rate": 9.850470490551084}, "datetime": {"datetime": "2024-06-14 06:59:11", "elapsed": 7.216806, "delta": 0.008977}}
{"target": -456.8506660777414, "params": {"gamma": 6.116124507605985, "prior": 3.8457030044689664, "rate": 0.2662569827533811}, "datetime": {"datetime": "2024-06-14 06:59:11", "elapsed": 7.225781, "delta": 0.008975}}
{"target": -169.7658167530545, "params": {"gamma": 3.8989976450014674, "prior": 4.580330401225699, "rate": 9.310100934451263}, "datetime": {"datetime": "2024-06-14 06:59:11", "elapsed": 7.235754, "delta": 0.009973}}
{"target": -155.83693374485168, "params": {"gamma": 2.7857632142087283, "prior": 6.186340721724661, "rate": 6.6520183774673525}, "datetime": {"datetime": "2024-06-14 06:59:11", "elapsed": 7.244731, "delta": 0.008977}}
{"target": -131.51834266872314, "params": {"gamma": 1.8604237369935928, "prior": 5.107057154965675, "rate": 7.86522112783649}, "datetime": {"datetime": "2024-06-14 06:59:11", "elapsed": 7.253707, "delta": 0.008976}}
{"target": -172.97504065041008, "params": {"gamma": 0.966693765249707, "prior": 6.099749451872725, "rate": 0.261573266951244}, "datetime": {"datetime": "2024-06-14 06:59:11", "elapsed": 7.26368, "delta": 0.009973}}
{"target": -141.37266048971375, "params": {"gamma": 0.07146019137694642, "prior": 0.6893332106867064, "rate": 4.814523191031215}, "datetime": {"datetime": "2024-06-14 06:59:11", "elapsed": 7.272656, "delta": 0.008976}}
{"target": -597.3318649706471, "params": {"gamma": 9.257115382793618, "prior": 4.1150181029763395, "rate": 0.7512513607260716}, "datetime": {"datetime": "2024-06-14 06:59:11", "elapsed": 7.281631, "delta": 0.008975}}
{"target": -410.42950817241297, "params": {"gamma": 8.613663392355804, "prior": 5.241046096157358, "rate": 3.1900397533053235}, "datetime": {"datetime": "2024-06-14 06:59:11", "elapsed": 7.290608, "delta": 0.008977}}
{"target": -574.2190184662828, "params": {"gamma": 9.630360355507971, "prior": 9.388791508173545, "rate": 2.6009297005949668}, "datetime": {"datetime": "2024-06-14 06:59:11", "elapsed": 7.300581, "delta": 0.009973}}
{"target": -134.95953139896662, "params": {"gamma": 2.014717145283489, "prior": 5.930196162730165, "rate": 8.425339580205748}, "datetime": {"datetime": "2024-06-14 06:59:11", "elapsed": 7.309557, "delta": 0.008976}}
{"target": -232.8223634160656, "params": {"gamma": 3.3678741763608038, "prior": 5.90565127249619, "rate": 1.623287749788599}, "datetime": {"datetime": "2024-06-14 06:59:11", "elapsed": 7.319561, "delta": 0.010004}}
{"target": -184.08218647472648, "params": {"gamma": 1.94674275864618, "prior": 7.637218638321746, "rate": 1.5018345150591474}, "datetime": {"datetime": "2024-06-14 06:59:11", "elapsed": 7.328536, "delta": 0.008975}}
{"target": -265.89016873848414, "params": {"gamma": 2.659804503437227, "prior": 6.925999145458927, "rate": 0.15187798702215813}, "datetime": {"datetime": "2024-06-14 06:59:11", "elapsed": 7.337483, "delta": 0.008947}}
{"target": -135.23690413953838, "params": {"gamma": 0.3229118442818368, "prior": 2.946506806237884, "rate": 3.366895181942479}, "datetime": {"datetime": "2024-06-14 06:59:11", "elapsed": 7.347456, "delta": 0.009973}}
