{"target": -917.3859007367222, "params": {"gamma": 4.534320887795462, "lr": 0.5257115913414097}, "datetime": {"datetime": "2024-06-14 01:34:34", "elapsed": 3.714223, "delta": 0.004981}}
{"target": -2503.9506866850656, "params": {"gamma": 6.586021847542061, "lr": 0.18119538195386165}, "datetime": {"datetime": "2024-06-14 01:34:34", "elapsed": 3.718213, "delta": 0.00399}}
{"target": -1580.4917537288707, "params": {"gamma": 7.8807074621719, "lr": 0.6028653375383973}, "datetime": {"datetime": "2024-06-14 01:34:34", "elapsed": 3.722205, "delta": 0.003992}}
{"target": -2606.900983791123, "params": {"gamma": 9.80334851848814, "lr": 0.22238319353117575}, "datetime": {"datetime": "2024-06-14 01:34:34", "elapsed": 3.726194, "delta": 0.003989}}
{"target": -1169.1762694089493, "params": {"gamma": 4.663198475191569, "lr": 0.8956418025994466}, "datetime": {"datetime": "2024-06-14 01:34:34", "elapsed": 3.730186, "delta": 0.003992}}
{"target": -1340.572064756061, "params": {"gamma": 6.014732663578183, "lr": 0.725958845848815}, "datetime": {"datetime": "2024-06-14 01:34:34", "elapsed": 3.734175, "delta": 0.003989}}
{"target": -911.2476881785022, "params": {"gamma": 4.137287971849402, "lr": 0.6843096218313198}, "datetime": {"datetime": "2024-06-14 01:34:34", "elapsed": 3.739162, "delta": 0.004987}}
{"target": -2845.8094750721143, "params": {"gamma": 9.460604243445784, "lr": 0.20018606573932207}, "datetime": {"datetime": "2024-06-14 01:34:34", "elapsed": 3.743151, "delta": 0.003989}}
{"target": -2058.6554514010904, "params": {"gamma": 8.073845273509328, "lr": 0.9695380120998964}, "datetime": {"datetime": "2024-06-14 01:34:34", "elapsed": 3.74714, "delta": 0.003989}}
{"target": -156.47538600209768, "params": {"gamma": 0.146672748901554, "lr": 0.21520958659442757}, "datetime": {"datetime": "2024-06-14 01:34:34", "elapsed": 3.75113, "delta": 0.00399}}
{"target": -296.92019459332465, "params": {"gamma": 1.1746518262109842, "lr": 0.7674235177414532}, "datetime": {"datetime": "2024-06-14 01:34:34", "elapsed": 3.755119, "delta": 0.003989}}
{"target": -247.2357463327891, "params": {"gamma": 0.8130846428413901, "lr": 0.9984135585909075}, "datetime": {"datetime": "2024-06-14 01:34:34", "elapsed": 3.760106, "delta": 0.004987}}
{"target": -982.0723748376445, "params": {"gamma": 3.8967305467771722, "lr": 0.9052027659330404}, "datetime": {"datetime": "2024-06-14 01:34:34", "elapsed": 3.764095, "delta": 0.003989}}
{"target": -379.18253694870026, "params": {"gamma": 1.886587457391179, "lr": 0.44087219982229087}, "datetime": {"datetime": "2024-06-14 01:34:34", "elapsed": 3.769081, "delta": 0.004986}}
{"target": -1711.3477541733946, "params": {"gamma": 8.448273378243028, "lr": 0.5952697806732562}, "datetime": {"datetime": "2024-06-14 01:34:34", "elapsed": 3.773071, "delta": 0.00399}}
{"target": -934.683808501946, "params": {"gamma": 4.6221188088168805, "lr": 0.5126497467571176}, "datetime": {"datetime": "2024-06-14 01:34:34", "elapsed": 3.77706, "delta": 0.003989}}
{"target": -1067.2536286432507, "params": {"gamma": 5.739281383396582, "lr": 0.4403192075855932}, "datetime": {"datetime": "2024-06-14 01:34:34", "elapsed": 3.78105, "delta": 0.00399}}
{"target": -787.2625659539902, "params": {"gamma": 1.936396018280381, "lr": 0.11396576145918635}, "datetime": {"datetime": "2024-06-14 01:34:34", "elapsed": 3.786036, "delta": 0.004986}}
{"target": -742.1811996015358, "params": {"gamma": 1.5131280457741099, "lr": 0.0524909638531339}, "datetime": {"datetime": "2024-06-14 01:34:34", "elapsed": 3.790026, "delta": 0.00399}}
{"target": -1327.3021880324802, "params": {"gamma": 5.587205434225252, "lr": 0.8477210140360106}, "datetime": {"datetime": "2024-06-14 01:34:34", "elapsed": 3.794015, "delta": 0.003989}}
{"target": -1731.5430731482952, "params": {"gamma": 3.5918342699021832, "lr": 0.07531087263581782}, "datetime": {"datetime": "2024-06-14 01:34:34", "elapsed": 3.798004, "delta": 0.003989}}
{"target": -863.0236460816309, "params": {"gamma": 4.257818395439178, "lr": 0.6020078384720013}, "datetime": {"datetime": "2024-06-14 01:34:34", "elapsed": 3.801994, "delta": 0.00399}}
{"target": -987.6249325682053, "params": {"gamma": 4.254609252290801, "lr": 0.81072123360737}, "datetime": {"datetime": "2024-06-14 01:34:34", "elapsed": 3.806981, "delta": 0.004987}}
{"target": -2304.112893109145, "params": {"gamma": 9.418920575620866, "lr": 0.8699107732683544}, "datetime": {"datetime": "2024-06-14 01:34:34", "elapsed": 3.81097, "delta": 0.003989}}
{"target": -1298.8815370248267, "params": {"gamma": 7.040290983300606, "lr": 0.4702989247821753}, "datetime": {"datetime": "2024-06-14 01:34:34", "elapsed": 3.814959, "delta": 0.003989}}
{"target": -3282.043881556843, "params": {"gamma": 6.827297730989611, "lr": 0.013418310556529534}, "datetime": {"datetime": "2024-06-14 01:34:34", "elapsed": 3.818948, "delta": 0.003989}}
{"target": -3729.7786669372945, "params": {"gamma": 9.824798706901937, "lr": 0.17207733182889595}, "datetime": {"datetime": "2024-06-14 01:34:34", "elapsed": 3.823936, "delta": 0.004988}}
{"target": -2085.399491481129, "params": {"gamma": 9.062697699220857, "lr": 0.8071099016661061}, "datetime": {"datetime": "2024-06-14 01:34:34", "elapsed": 3.827924, "delta": 0.003988}}
{"target": -1713.2094806296222, "params": {"gamma": 8.00159670418549, "lr": 0.2689360577850649}, "datetime": {"datetime": "2024-06-14 01:34:34", "elapsed": 3.831914, "delta": 0.00399}}
{"target": -432.17810023206704, "params": {"gamma": 2.1923189037668234, "lr": 0.42880069291408873}, "datetime": {"datetime": "2024-06-14 01:34:34", "elapsed": 3.8369, "delta": 0.004986}}
{"target": -1561.7998027554954, "params": {"gamma": 8.493861636205818, "lr": 0.45037964247172024}, "datetime": {"datetime": "2024-06-14 01:34:34", "elapsed": 3.84089, "delta": 0.00399}}
{"target": -1832.355873803342, "params": {"gamma": 9.354265719956611, "lr": 0.352679327251738}, "datetime": {"datetime": "2024-06-14 01:34:34", "elapsed": 3.844879, "delta": 0.003989}}
{"target": -1582.4728871130555, "params": {"gamma": 6.194302264801901, "lr": 0.9806990363557802}, "datetime": {"datetime": "2024-06-14 01:34:34", "elapsed": 3.848868, "delta": 0.003989}}
{"target": -3093.946081433608, "params": {"gamma": 6.434981759885809, "lr": 0.04549821604060378}, "datetime": {"datetime": "2024-06-14 01:34:34", "elapsed": 3.853855, "delta": 0.004987}}
{"target": -920.9782793885969, "params": {"gamma": 4.636107352426167, "lr": 0.3347513437136638}, "datetime": {"datetime": "2024-06-14 01:34:34", "elapsed": 3.857845, "delta": 0.00399}}
{"target": -1140.715405207247, "params": {"gamma": 5.322283303668225, "lr": 0.2847462086131314}, "datetime": {"datetime": "2024-06-14 01:34:34", "elapsed": 3.861834, "delta": 0.003989}}
{"target": -299.831128398249, "params": {"gamma": 1.223490041069798, "lr": 0.6682889887508018}, "datetime": {"datetime": "2024-06-14 01:34:34", "elapsed": 3.86682, "delta": 0.004986}}
{"target": -1671.3021669518214, "params": {"gamma": 6.8139161891581725, "lr": 0.8671392999990885}, "datetime": {"datetime": "2024-06-14 01:34:34", "elapsed": 3.87081, "delta": 0.00399}}
{"target": -328.6600264696493, "params": {"gamma": 1.3246825541338114, "lr": 0.798620308278031}, "datetime": {"datetime": "2024-06-14 01:34:34", "elapsed": 3.874799, "delta": 0.003989}}
{"target": -1661.4328273155304, "params": {"gamma": 8.267860615312884, "lr": 0.6465499357511519}, "datetime": {"datetime": "2024-06-14 01:34:34", "elapsed": 3.879786, "delta": 0.004987}}
{"target": -462.6184494777118, "params": {"gamma": 2.0500165356605575, "lr": 0.2614207144058379}, "datetime": {"datetime": "2024-06-14 01:34:34", "elapsed": 3.883775, "delta": 0.003989}}
{"target": -848.7328393296508, "params": {"gamma": 4.185549678574218, "lr": 0.5417990727827313}, "datetime": {"datetime": "2024-06-14 01:34:34", "elapsed": 3.888763, "delta": 0.004988}}
{"target": -889.7599493643071, "params": {"gamma": 4.774902117966579, "lr": 0.4674598920453694}, "datetime": {"datetime": "2024-06-14 01:34:34", "elapsed": 3.892751, "delta": 0.003988}}
{"target": -2056.2141493635418, "params": {"gamma": 8.398567261266477, "lr": 0.8701023653075677}, "datetime": {"datetime": "2024-06-14 01:34:34", "elapsed": 3.89674, "delta": 0.003989}}
{"target": -2008.301629382569, "params": {"gamma": 8.16772288980329, "lr": 0.8778014186346996}, "datetime": {"datetime": "2024-06-14 01:34:34", "elapsed": 3.90073, "delta": 0.00399}}
{"target": -1459.9775482949249, "params": {"gamma": 5.710516610608794, "lr": 0.9640361333390818}, "datetime": {"datetime": "2024-06-14 01:34:34", "elapsed": 3.905717, "delta": 0.004987}}
{"target": -1220.6349676006694, "params": {"gamma": 6.065836938156427, "lr": 0.6039477410796814}, "datetime": {"datetime": "2024-06-14 01:34:34", "elapsed": 3.909706, "delta": 0.003989}}
{"target": -708.742761343229, "params": {"gamma": 3.193658073009114, "lr": 0.681204184117019}, "datetime": {"datetime": "2024-06-14 01:34:34", "elapsed": 3.913695, "delta": 0.003989}}
{"target": -247.35007704354155, "params": {"gamma": 0.5206049193651046, "lr": 0.13454642101194225}, "datetime": {"datetime": "2024-06-14 01:34:35", "elapsed": 3.918682, "delta": 0.004987}}
{"target": -295.95362231250937, "params": {"gamma": 1.303291433560078, "lr": 0.6552012872247357}, "datetime": {"datetime": "2024-06-14 01:34:35", "elapsed": 3.922674, "delta": 0.003992}}
{"target": -375.7572646892564, "params": {"gamma": 1.7541505851216117, "lr": 0.3411468232515472}, "datetime": {"datetime": "2024-06-14 01:34:35", "elapsed": 3.926661, "delta": 0.003987}}
{"target": -189.2486125347777, "params": {"gamma": 0.44407224667521283, "lr": 0.2337343601165106}, "datetime": {"datetime": "2024-06-14 01:34:35", "elapsed": 3.93137, "delta": 0.004709}}
{"target": -1927.2841536612495, "params": {"gamma": 9.642279024168092, "lr": 0.5091394025163677}, "datetime": {"datetime": "2024-06-14 01:34:35", "elapsed": 3.935359, "delta": 0.003989}}
{"target": -333.95936790681645, "params": {"gamma": 1.5115941101958479, "lr": 0.5230085317344643}, "datetime": {"datetime": "2024-06-14 01:34:35", "elapsed": 3.939349, "delta": 0.00399}}
{"target": -2308.0561671042683, "params": {"gamma": 9.435150329726897, "lr": 0.865686014006334}, "datetime": {"datetime": "2024-06-14 01:34:35", "elapsed": 3.943338, "delta": 0.003989}}
{"target": -846.7096190160432, "params": {"gamma": 3.9212666234349385, "lr": 0.28386751597340265}, "datetime": {"datetime": "2024-06-14 01:34:35", "elapsed": 3.947328, "delta": 0.00399}}
{"target": -2027.682423259146, "params": {"gamma": 7.617536897064726, "lr": 0.2404843248030878}, "datetime": {"datetime": "2024-06-14 01:34:35", "elapsed": 3.951317, "delta": 0.003989}}
{"target": -1203.749518878332, "params": {"gamma": 2.5430693142188665, "lr": 0.08408635417992949}, "datetime": {"datetime": "2024-06-14 01:34:35", "elapsed": 3.956304, "delta": 0.004987}}
{"target": -1588.5250131268842, "params": {"gamma": 8.641576803545505, "lr": 0.44789891562027984}, "datetime": {"datetime": "2024-06-14 01:34:35", "elapsed": 3.960293, "delta": 0.003989}}
{"target": -1248.3692334923542, "params": {"gamma": 5.618300819839127, "lr": 0.7367109576935199}, "datetime": {"datetime": "2024-06-14 01:34:35", "elapsed": 3.964282, "delta": 0.003989}}
{"target": -1466.1411590870143, "params": {"gamma": 7.965092182444826, "lr": 0.44750813899031383}, "datetime": {"datetime": "2024-06-14 01:34:35", "elapsed": 3.969269, "delta": 0.004987}}
{"target": -450.46824992242, "params": {"gamma": 1.8420914342018075, "lr": 0.8287328515283018}, "datetime": {"datetime": "2024-06-14 01:34:35", "elapsed": 3.973258, "delta": 0.003989}}
{"target": -158.06265966637582, "params": {"gamma": 0.3109486003227299, "lr": 0.9467282696079524}, "datetime": {"datetime": "2024-06-14 01:34:35", "elapsed": 3.977249, "delta": 0.003991}}
{"target": -1423.6815667297744, "params": {"gamma": 5.770201486928539, "lr": 0.875388738450687}, "datetime": {"datetime": "2024-06-14 01:34:35", "elapsed": 3.982234, "delta": 0.004985}}
{"target": -1307.5581102564952, "params": {"gamma": 6.086045804298614, "lr": 0.2516595841523237}, "datetime": {"datetime": "2024-06-14 01:34:35", "elapsed": 3.986223, "delta": 0.003989}}
{"target": -609.237179467382, "params": {"gamma": 2.962003105035548, "lr": 0.5329225590316532}, "datetime": {"datetime": "2024-06-14 01:34:35", "elapsed": 3.990213, "delta": 0.00399}}
{"target": -3349.517433038627, "params": {"gamma": 9.620820050258088, "lr": 0.18449560449017766}, "datetime": {"datetime": "2024-06-14 01:34:35", "elapsed": 3.9952, "delta": 0.004987}}
{"target": -1010.2139548413859, "params": {"gamma": 5.099473883052948, "lr": 0.3437881034368444}, "datetime": {"datetime": "2024-06-14 01:34:35", "elapsed": 3.999189, "delta": 0.003989}}
{"target": -1773.4767856858725, "params": {"gamma": 7.697483724226901, "lr": 0.802866486432424}, "datetime": {"datetime": "2024-06-14 01:34:35", "elapsed": 4.003178, "delta": 0.003989}}
{"target": -1282.1441004158155, "params": {"gamma": 4.246174543111865, "lr": 0.20412249999433585}, "datetime": {"datetime": "2024-06-14 01:34:35", "elapsed": 4.007168, "delta": 0.00399}}
{"target": -277.2769997038628, "params": {"gamma": 0.6718275138282244, "lr": 0.1986482644205615}, "datetime": {"datetime": "2024-06-14 01:34:35", "elapsed": 4.012154, "delta": 0.004986}}
{"target": -568.8984925714866, "params": {"gamma": 2.7247361004436925, "lr": 0.5987889179092104}, "datetime": {"datetime": "2024-06-14 01:34:35", "elapsed": 4.016144, "delta": 0.00399}}
{"target": -3118.2151657041613, "params": {"gamma": 8.730961889247082, "lr": 0.1282309388454863}, "datetime": {"datetime": "2024-06-14 01:34:35", "elapsed": 4.020133, "delta": 0.003989}}
{"target": -2088.4120332461657, "params": {"gamma": 9.581929228407246, "lr": 0.6831708438541465}, "datetime": {"datetime": "2024-06-14 01:34:35", "elapsed": 4.02512, "delta": 0.004987}}
{"target": -1892.945196573879, "params": {"gamma": 7.419900392548125, "lr": 0.9828807859209906}, "datetime": {"datetime": "2024-06-14 01:34:35", "elapsed": 4.029109, "delta": 0.003989}}
{"target": -844.0210049166558, "params": {"gamma": 4.161591625408803, "lr": 0.5315834658959018}, "datetime": {"datetime": "2024-06-14 01:34:35", "elapsed": 4.034098, "delta": 0.004989}}
{"target": -1363.3384248830728, "params": {"gamma": 6.792450289006991, "lr": 0.5128751425899913}, "datetime": {"datetime": "2024-06-14 01:34:35", "elapsed": 4.039085, "delta": 0.004987}}
{"target": -1353.8973334267469, "params": {"gamma": 2.991824334263695, "lr": 0.10538467273003926}, "datetime": {"datetime": "2024-06-14 01:34:35", "elapsed": 4.043074, "delta": 0.003989}}
{"target": -653.7266159163024, "params": {"gamma": 2.8500365250757254, "lr": 0.7688528482877579}, "datetime": {"datetime": "2024-06-14 01:34:35", "elapsed": 4.047064, "delta": 0.00399}}
{"target": -1478.9558959492672, "params": {"gamma": 6.40818626181401, "lr": 0.8013307032031926}, "datetime": {"datetime": "2024-06-14 01:34:35", "elapsed": 4.051053, "delta": 0.003989}}
{"target": -1379.792248924359, "params": {"gamma": 5.171688199172296, "lr": 0.23210002184633505}, "datetime": {"datetime": "2024-06-14 01:34:35", "elapsed": 4.056042, "delta": 0.004989}}
{"target": -1127.527234230314, "params": {"gamma": 6.279991307892046, "lr": 0.30400549002230315}, "datetime": {"datetime": "2024-06-14 01:34:35", "elapsed": 4.060029, "delta": 0.003987}}
{"target": -155.45027796792147, "params": {"gamma": 0.29625792067526757, "lr": 0.9033311768168756}, "datetime": {"datetime": "2024-06-14 01:34:35", "elapsed": 4.065015, "delta": 0.004986}}
{"target": -770.1815771421687, "params": {"gamma": 4.2042753184590484, "lr": 0.4261307804247122}, "datetime": {"datetime": "2024-06-14 01:34:35", "elapsed": 4.069005, "delta": 0.00399}}
{"target": -1891.1400391165678, "params": {"gamma": 7.412776101583259, "lr": 0.9484584043057936}, "datetime": {"datetime": "2024-06-14 01:34:35", "elapsed": 4.073992, "delta": 0.004987}}
{"target": -314.21300544447774, "params": {"gamma": 0.7260827649265881, "lr": 0.17270108813227492}, "datetime": {"datetime": "2024-06-14 01:34:35", "elapsed": 4.077981, "delta": 0.003989}}
{"target": -865.5242241894997, "params": {"gamma": 3.224252533837974, "lr": 0.248424246330199}, "datetime": {"datetime": "2024-06-14 01:34:35", "elapsed": 4.08197, "delta": 0.003989}}
{"target": -1162.2087694765682, "params": {"gamma": 4.9554543186305695, "lr": 0.8244596107976835}, "datetime": {"datetime": "2024-06-14 01:34:35", "elapsed": 4.086957, "delta": 0.004987}}
{"target": -1729.7062667139082, "params": {"gamma": 8.539870177006817, "lr": 0.5958299420587015}, "datetime": {"datetime": "2024-06-14 01:34:35", "elapsed": 4.091316, "delta": 0.004359}}
{"target": -848.341081347788, "params": {"gamma": 2.4024971645768356, "lr": 0.18649268827268528}, "datetime": {"datetime": "2024-06-14 01:34:35", "elapsed": 4.095305, "delta": 0.003989}}
{"target": -1979.092898442784, "params": {"gamma": 7.434161733507989, "lr": 0.23721405764354764}, "datetime": {"datetime": "2024-06-14 01:34:35", "elapsed": 4.100292, "delta": 0.004987}}
{"target": -1199.5293417323596, "params": {"gamma": 5.395369418374571, "lr": 0.7492807871271918}, "datetime": {"datetime": "2024-06-14 01:34:35", "elapsed": 4.104281, "delta": 0.003989}}
{"target": -879.2498152932134, "params": {"gamma": 2.283262797049244, "lr": 0.17450118757274402}, "datetime": {"datetime": "2024-06-14 01:34:35", "elapsed": 4.108271, "delta": 0.00399}}
{"target": -215.45906553747687, "params": {"gamma": 0.39831713007193664, "lr": 0.14756883769994755}, "datetime": {"datetime": "2024-06-14 01:34:35", "elapsed": 4.113258, "delta": 0.004987}}
{"target": -3831.3541859604024, "params": {"gamma": 8.51453763056296, "lr": 0.10463591174495857}, "datetime": {"datetime": "2024-06-14 01:34:35", "elapsed": 4.117247, "delta": 0.003989}}
{"target": -1084.8113881858262, "params": {"gamma": 2.2372268102276505, "lr": 0.03275719974597713}, "datetime": {"datetime": "2024-06-14 01:34:35", "elapsed": 4.121236, "delta": 0.003989}}
{"target": -1801.4988459140552, "params": {"gamma": 6.763889997877335, "lr": 0.2317031414647196}, "datetime": {"datetime": "2024-06-14 01:34:35", "elapsed": 4.126222, "delta": 0.004986}}
{"target": -1488.03459139897, "params": {"gamma": 4.136503586299842, "lr": 0.13930117132372677}, "datetime": {"datetime": "2024-06-14 01:34:35", "elapsed": 4.13022, "delta": 0.003998}}
{"target": -694.8286161500436, "params": {"gamma": 3.772795658827454, "lr": 0.4244374662396153}, "datetime": {"datetime": "2024-06-14 01:34:35", "elapsed": 4.134204, "delta": 0.003984}}
{"target": -862.2347039671541, "params": {"gamma": 4.730176553648271, "lr": 0.4228418130386131}, "datetime": {"datetime": "2024-06-14 01:34:35", "elapsed": 4.139193, "delta": 0.004989}}
{"target": -268.1873256097473, "params": {"gamma": 1.028462882177769, "lr": 0.772580266631544}, "datetime": {"datetime": "2024-06-14 01:34:35", "elapsed": 4.144206, "delta": 0.005013}}
{"target": -286.80083929234826, "params": {"gamma": 1.3729228288956241, "lr": 0.424292374325812}, "datetime": {"datetime": "2024-06-14 01:34:35", "elapsed": 4.148195, "delta": 0.003989}}
{"target": -511.4309115102102, "params": {"gamma": 2.7202891684153423, "lr": 0.3010079430799063}, "datetime": {"datetime": "2024-06-14 01:34:35", "elapsed": 4.152156, "delta": 0.003961}}
{"target": -1349.9070365125917, "params": {"gamma": 6.72453530509174, "lr": 0.5177867238134145}, "datetime": {"datetime": "2024-06-14 01:34:35", "elapsed": 4.156145, "delta": 0.003989}}
{"target": -379.18818243101043, "params": {"gamma": 1.9016804177489257, "lr": 0.4691344398333771}, "datetime": {"datetime": "2024-06-14 01:34:35", "elapsed": 4.161132, "delta": 0.004987}}
{"target": -761.5726743014187, "params": {"gamma": 3.396069147094239, "lr": 0.7044971982481261}, "datetime": {"datetime": "2024-06-14 01:34:35", "elapsed": 4.165121, "delta": 0.003989}}
{"target": -553.3988179191433, "params": {"gamma": 2.2617259291230574, "lr": 0.8449881373583452}, "datetime": {"datetime": "2024-06-14 01:34:35", "elapsed": 4.16911, "delta": 0.003989}}
{"target": -1061.0451266218047, "params": {"gamma": 5.262770419251413, "lr": 0.5006195729230891}, "datetime": {"datetime": "2024-06-14 01:34:35", "elapsed": 4.174097, "delta": 0.004987}}
{"target": -894.7492046137706, "params": {"gamma": 2.537604383069914, "lr": 0.18615566973666398}, "datetime": {"datetime": "2024-06-14 01:34:35", "elapsed": 4.178086, "delta": 0.003989}}
{"target": -1209.0554214755323, "params": {"gamma": 4.7187188083132305, "lr": 0.9818244178252573}, "datetime": {"datetime": "2024-06-14 01:34:35", "elapsed": 4.182076, "delta": 0.00399}}
{"target": -319.9315230420449, "params": {"gamma": 1.3299294703806088, "lr": 0.28346243242805713}, "datetime": {"datetime": "2024-06-14 01:34:35", "elapsed": 4.187062, "delta": 0.004986}}
{"target": -1609.4717526496456, "params": {"gamma": 8.006611101660276, "lr": 0.6647768985107549}, "datetime": {"datetime": "2024-06-14 01:34:35", "elapsed": 4.191053, "delta": 0.003991}}
{"target": -523.0003788420937, "params": {"gamma": 2.788305328525677, "lr": 0.31464760677511183}, "datetime": {"datetime": "2024-06-14 01:34:35", "elapsed": 4.195041, "delta": 0.003988}}
{"target": -851.6340847660462, "params": {"gamma": 4.200062595764889, "lr": 0.6027867622422961}, "datetime": {"datetime": "2024-06-14 01:34:35", "elapsed": 4.200028, "delta": 0.004987}}
{"target": -1763.5293620872421, "params": {"gamma": 7.193668333443535, "lr": 0.8573003334512307}, "datetime": {"datetime": "2024-06-14 01:34:35", "elapsed": 4.204017, "delta": 0.003989}}
{"target": -1814.095236305086, "params": {"gamma": 6.811433593113639, "lr": 0.23698206447169834}, "datetime": {"datetime": "2024-06-14 01:34:35", "elapsed": 4.209004, "delta": 0.004987}}
{"target": -2089.6063942709898, "params": {"gamma": 9.257279632827263, "lr": 0.7811954006757661}, "datetime": {"datetime": "2024-06-14 01:34:35", "elapsed": 4.212993, "delta": 0.003989}}
