{"target": -712.111378635246, "params": {"gamma": 7.739388583314729, "lr": 0.33427640499382627}, "datetime": {"datetime": "2024-06-13 19:54:34", "elapsed": 2.446711, "delta": 0.00399}}
{"target": -149.85782606017577, "params": {"gamma": 0.8908932100029573, "lr": 0.18490559027840836}, "datetime": {"datetime": "2024-06-13 19:54:34", "elapsed": 2.4507, "delta": 0.003989}}
{"target": -521.0745229310548, "params": {"gamma": 5.2689919070424525, "lr": 0.417102418106858}, "datetime": {"datetime": "2024-06-13 19:54:34", "elapsed": 2.453692, "delta": 0.002992}}
{"target": -1099.3445978988718, "params": {"gamma": 8.006795921634268, "lr": 0.9332023381866817}, "datetime": {"datetime": "2024-06-13 19:54:34", "elapsed": 2.457682, "delta": 0.00399}}
{"target": -262.76436665076614, "params": {"gamma": 1.779469614765534, "lr": 0.8600667708762162}, "datetime": {"datetime": "2024-06-13 19:54:34", "elapsed": 2.461671, "delta": 0.003989}}
{"target": -1309.2923032508006, "params": {"gamma": 9.57399186834036, "lr": 0.9594706068497821}, "datetime": {"datetime": "2024-06-13 19:54:34", "elapsed": 2.464663, "delta": 0.002992}}
{"target": -128.74945802459712, "params": {"gamma": 0.37958801461658453, "lr": 0.05758350560817371}, "datetime": {"datetime": "2024-06-13 19:54:34", "elapsed": 2.468653, "delta": 0.00399}}
{"target": -140.21282509158942, "params": {"gamma": 0.05896813178397224, "lr": 0.3126811561554764}, "datetime": {"datetime": "2024-06-13 19:54:34", "elapsed": 2.472641, "delta": 0.003988}}
{"target": -126.07449617927296, "params": {"gamma": 0.5579284287083343, "lr": 0.29386248547054417}, "datetime": {"datetime": "2024-06-13 19:54:34", "elapsed": 2.476631, "delta": 0.00399}}
{"target": -505.9870539889771, "params": {"gamma": 3.5608088438258343, "lr": 0.9536770184739218}, "datetime": {"datetime": "2024-06-13 19:54:34", "elapsed": 2.479623, "delta": 0.002992}}
{"target": -461.47314875642553, "params": {"gamma": 4.770032273945294, "lr": 0.27823844242133033}, "datetime": {"datetime": "2024-06-13 19:54:34", "elapsed": 2.483612, "delta": 0.003989}}
{"target": -496.2402836219873, "params": {"gamma": 5.030548945314497, "lr": 0.6433579246491355}, "datetime": {"datetime": "2024-06-13 19:54:34", "elapsed": 2.487602, "delta": 0.00399}}
{"target": -187.00943698900895, "params": {"gamma": 1.1133454800017826, "lr": 0.7580616581331086}, "datetime": {"datetime": "2024-06-13 19:54:34", "elapsed": 2.490594, "delta": 0.002992}}
{"target": -1099.2145024639663, "params": {"gamma": 8.519605767101668, "lr": 0.8442498595694283}, "datetime": {"datetime": "2024-06-13 19:54:34", "elapsed": 2.494583, "delta": 0.003989}}
{"target": -843.1453664715876, "params": {"gamma": 8.905177817288482, "lr": 0.38184239675576115}, "datetime": {"datetime": "2024-06-13 19:54:34", "elapsed": 2.498572, "delta": 0.003989}}
{"target": -654.7191518472598, "params": {"gamma": 4.438608178466819, "lr": 0.10158147594616618}, "datetime": {"datetime": "2024-06-13 19:54:34", "elapsed": 2.501564, "delta": 0.002992}}
{"target": -337.063449127325, "params": {"gamma": 2.25884341738992, "lr": 0.971320469273211}, "datetime": {"datetime": "2024-06-13 19:54:34", "elapsed": 2.505553, "delta": 0.003989}}
{"target": -413.0020099336459, "params": {"gamma": 2.8469550657183857, "lr": 0.9073961422409973}, "datetime": {"datetime": "2024-06-13 19:54:34", "elapsed": 2.509543, "delta": 0.00399}}
{"target": -1219.7495889042877, "params": {"gamma": 8.905632311496733, "lr": 0.9225044972603934}, "datetime": {"datetime": "2024-06-13 19:54:34", "elapsed": 2.512535, "delta": 0.002992}}
{"target": -238.56308064004892, "params": {"gamma": 1.5623394948435068, "lr": 0.8797221435013809}, "datetime": {"datetime": "2024-06-13 19:54:34", "elapsed": 2.516524, "delta": 0.003989}}
{"target": -641.9835001854336, "params": {"gamma": 6.320317509680909, "lr": 0.21062817841880244}, "datetime": {"datetime": "2024-06-13 19:54:34", "elapsed": 2.520513, "delta": 0.003989}}
{"target": -428.3486734049124, "params": {"gamma": 3.4518140318860318, "lr": 0.1599187885892832}, "datetime": {"datetime": "2024-06-13 19:54:34", "elapsed": 2.523505, "delta": 0.002992}}
{"target": -881.7967950132576, "params": {"gamma": 4.444037226303826, "lr": 0.08377495384546052}, "datetime": {"datetime": "2024-06-13 19:54:34", "elapsed": 2.527495, "delta": 0.00399}}
{"target": -225.31403213290753, "params": {"gamma": 1.654019586311918, "lr": 0.19719634646666928}, "datetime": {"datetime": "2024-06-13 19:54:34", "elapsed": 2.531485, "delta": 0.00399}}
{"target": -651.9009320553921, "params": {"gamma": 6.910582388225486, "lr": 0.573802869165353}, "datetime": {"datetime": "2024-06-13 19:54:34", "elapsed": 2.535474, "delta": 0.003989}}
{"target": -876.8828976037071, "params": {"gamma": 8.733358017233284, "lr": 0.2446340657192081}, "datetime": {"datetime": "2024-06-13 19:54:34", "elapsed": 2.538466, "delta": 0.002992}}
{"target": -1255.0500259500225, "params": {"gamma": 6.296449959232413, "lr": 0.034431265307095615}, "datetime": {"datetime": "2024-06-13 19:54:34", "elapsed": 2.542455, "delta": 0.003989}}
{"target": -666.600523238141, "params": {"gamma": 5.162468412309614, "lr": 0.8632264817138495}, "datetime": {"datetime": "2024-06-13 19:54:34", "elapsed": 2.546444, "delta": 0.003989}}
{"target": -1956.892477747961, "params": {"gamma": 9.841281312305282, "lr": 0.009872975358918512}, "datetime": {"datetime": "2024-06-13 19:54:34", "elapsed": 2.549436, "delta": 0.002992}}
{"target": -271.49898049880574, "params": {"gamma": 2.5291619792860742, "lr": 0.22384967032752534}, "datetime": {"datetime": "2024-06-13 19:54:34", "elapsed": 2.553426, "delta": 0.00399}}
{"target": -137.58431444257195, "params": {"gamma": 0.4763284046833772, "lr": 0.010172456261775653}, "datetime": {"datetime": "2024-06-13 19:54:34", "elapsed": 2.557415, "delta": 0.003989}}
{"target": -979.1478023531914, "params": {"gamma": 4.902462927130074, "lr": 0.04548214567029407}, "datetime": {"datetime": "2024-06-13 19:54:34", "elapsed": 2.560407, "delta": 0.002992}}
{"target": -294.729257114856, "params": {"gamma": 2.784002980338173, "lr": 0.6399745691089123}, "datetime": {"datetime": "2024-06-13 19:54:34", "elapsed": 2.564397, "delta": 0.00399}}
{"target": -303.53046764270977, "params": {"gamma": 2.9476257235674814, "lr": 0.26965470115905144}, "datetime": {"datetime": "2024-06-13 19:54:34", "elapsed": 2.568386, "delta": 0.003989}}
{"target": -565.8695136786055, "params": {"gamma": 5.905874675913428, "lr": 0.38053407720964005}, "datetime": {"datetime": "2024-06-13 19:54:34", "elapsed": 2.571378, "delta": 0.002992}}
{"target": -677.1135924252134, "params": {"gamma": 7.025527816580048, "lr": 0.4961239512498611}, "datetime": {"datetime": "2024-06-13 19:54:34", "elapsed": 2.575367, "delta": 0.003989}}
{"target": -586.2779819093577, "params": {"gamma": 6.33245944879897, "lr": 0.3533943470016294}, "datetime": {"datetime": "2024-06-13 19:54:34", "elapsed": 2.579356, "delta": 0.003989}}
{"target": -362.21436492215355, "params": {"gamma": 2.871152417608931, "lr": 0.13320711375110195}, "datetime": {"datetime": "2024-06-13 19:54:34", "elapsed": 2.583345, "delta": 0.003989}}
{"target": -1184.3501911152593, "params": {"gamma": 9.370866767604843, "lr": 0.8048358460157946}, "datetime": {"datetime": "2024-06-13 19:54:34", "elapsed": 2.586338, "delta": 0.002993}}
{"target": -1105.0832578506192, "params": {"gamma": 9.380347403020368, "lr": 0.1853805246478023}, "datetime": {"datetime": "2024-06-13 19:54:34", "elapsed": 2.590327, "delta": 0.003989}}
{"target": -1276.82058946397, "params": {"gamma": 9.331624472469432, "lr": 0.9357532076921331}, "datetime": {"datetime": "2024-06-13 19:54:34", "elapsed": 2.594316, "delta": 0.003989}}
{"target": -289.3320086039367, "params": {"gamma": 2.8361615915229414, "lr": 0.27463424842386297}, "datetime": {"datetime": "2024-06-13 19:54:34", "elapsed": 2.597308, "delta": 0.002992}}
{"target": -660.7151697449366, "params": {"gamma": 5.514764305160052, "lr": 0.18528923936855235}, "datetime": {"datetime": "2024-06-13 19:54:34", "elapsed": 2.601297, "delta": 0.003989}}
{"target": -535.3512761415274, "params": {"gamma": 4.421569005157032, "lr": 0.1853176459376844}, "datetime": {"datetime": "2024-06-13 19:54:34", "elapsed": 2.605287, "delta": 0.00399}}
{"target": -905.9258910972178, "params": {"gamma": 9.473811803621638, "lr": 0.4938246574910856}, "datetime": {"datetime": "2024-06-13 19:54:34", "elapsed": 2.608279, "delta": 0.002992}}
{"target": -917.3590044538445, "params": {"gamma": 9.639213756472554, "lr": 0.6449416725122118}, "datetime": {"datetime": "2024-06-13 19:54:34", "elapsed": 2.612268, "delta": 0.003989}}
{"target": -676.252228757498, "params": {"gamma": 4.843673414550824, "lr": 0.9676952459611975}, "datetime": {"datetime": "2024-06-13 19:54:34", "elapsed": 2.616258, "delta": 0.00399}}
{"target": -184.35506633236005, "params": {"gamma": 1.4327546273059197, "lr": 0.6323298746664966}, "datetime": {"datetime": "2024-06-13 19:54:34", "elapsed": 2.620247, "delta": 0.003989}}
{"target": -662.3098808835041, "params": {"gamma": 6.6192217900001395, "lr": 0.43383982715272595}, "datetime": {"datetime": "2024-06-13 19:54:34", "elapsed": 2.624236, "delta": 0.003989}}
{"target": -128.15197439324245, "params": {"gamma": 0.594512896164236, "lr": 0.4927226011660333}, "datetime": {"datetime": "2024-06-13 19:54:34", "elapsed": 2.627228, "delta": 0.002992}}
{"target": -602.3299826767832, "params": {"gamma": 4.651874301237257, "lr": 0.8067468107748635}, "datetime": {"datetime": "2024-06-13 19:54:34", "elapsed": 2.631218, "delta": 0.00399}}
{"target": -261.89474635042325, "params": {"gamma": 2.5673532385398095, "lr": 0.3914303629842686}, "datetime": {"datetime": "2024-06-13 19:54:34", "elapsed": 2.635207, "delta": 0.003989}}
{"target": -291.63055931614093, "params": {"gamma": 2.402481900006551, "lr": 0.6864434151723641}, "datetime": {"datetime": "2024-06-13 19:54:34", "elapsed": 2.638199, "delta": 0.002992}}
{"target": -1224.1020064490488, "params": {"gamma": 9.898844649917818, "lr": 0.1774295368682619}, "datetime": {"datetime": "2024-06-13 19:54:34", "elapsed": 2.642188, "delta": 0.003989}}
{"target": -825.797646204588, "params": {"gamma": 8.214645955522746, "lr": 0.2309885592816333}, "datetime": {"datetime": "2024-06-13 19:54:34", "elapsed": 2.646178, "delta": 0.00399}}
{"target": -127.70077839047948, "params": {"gamma": 0.5807001579142975, "lr": 0.13881651804567363}, "datetime": {"datetime": "2024-06-13 19:54:34", "elapsed": 2.650167, "delta": 0.003989}}
{"target": -1178.929045881301, "params": {"gamma": 9.351596002308344, "lr": 0.8885421033562281}, "datetime": {"datetime": "2024-06-13 19:54:34", "elapsed": 2.653159, "delta": 0.002992}}
{"target": -418.54681420649274, "params": {"gamma": 2.893315694333617, "lr": 0.9477640661016069}, "datetime": {"datetime": "2024-06-13 19:54:34", "elapsed": 2.657148, "delta": 0.003989}}
{"target": -844.5877873546194, "params": {"gamma": 8.499455421778958, "lr": 0.4346547940716735}, "datetime": {"datetime": "2024-06-13 19:54:34", "elapsed": 2.661138, "delta": 0.00399}}
{"target": -464.47153696600407, "params": {"gamma": 4.681027499109862, "lr": 0.6298530215834227}, "datetime": {"datetime": "2024-06-13 19:54:34", "elapsed": 2.66413, "delta": 0.002992}}
{"target": -326.0952949935665, "params": {"gamma": 1.581160317803163, "lr": 0.014782086742092915}, "datetime": {"datetime": "2024-06-13 19:54:34", "elapsed": 2.668119, "delta": 0.003989}}
{"target": -535.5689182316623, "params": {"gamma": 2.655854662706386, "lr": 0.015443631942760883}, "datetime": {"datetime": "2024-06-13 19:54:34", "elapsed": 2.672108, "delta": 0.003989}}
{"target": -695.7957618606874, "params": {"gamma": 6.745313942778413, "lr": 0.5514688358127765}, "datetime": {"datetime": "2024-06-13 19:54:34", "elapsed": 2.676098, "delta": 0.00399}}
{"target": -425.7097496829201, "params": {"gamma": 3.2171598078821737, "lr": 0.7802023371197586}, "datetime": {"datetime": "2024-06-13 19:54:34", "elapsed": 2.67909, "delta": 0.002992}}
{"target": -177.49289714075718, "params": {"gamma": 1.4587085267165556, "lr": 0.2448806387618836}, "datetime": {"datetime": "2024-06-13 19:54:34", "elapsed": 2.683079, "delta": 0.003989}}
{"target": -364.97298076590846, "params": {"gamma": 2.923845306630798, "lr": 0.19593194649899215}, "datetime": {"datetime": "2024-06-13 19:54:34", "elapsed": 2.687068, "delta": 0.003989}}
{"target": -169.80325821303882, "params": {"gamma": 0.8802988990222627, "lr": 0.8699761802716075}, "datetime": {"datetime": "2024-06-13 19:54:34", "elapsed": 2.69006, "delta": 0.002992}}
{"target": -153.8760309398221, "params": {"gamma": 0.8827982670695292, "lr": 0.6837103358216379}, "datetime": {"datetime": "2024-06-13 19:54:34", "elapsed": 2.69405, "delta": 0.00399}}
{"target": -254.91001611715026, "params": {"gamma": 1.204888367700376, "lr": 0.010699003144174157}, "datetime": {"datetime": "2024-06-13 19:54:34", "elapsed": 2.698039, "delta": 0.003989}}
{"target": -775.1486768679798, "params": {"gamma": 5.573125032519063, "lr": 0.9071090552203707}, "datetime": {"datetime": "2024-06-13 19:54:34", "elapsed": 2.702028, "delta": 0.003989}}
{"target": -789.5410870849985, "params": {"gamma": 8.604706216701516, "lr": 0.33845138411825004}, "datetime": {"datetime": "2024-06-13 19:54:34", "elapsed": 2.706018, "delta": 0.00399}}
{"target": -136.0448987605016, "params": {"gamma": 0.27256113442929636, "lr": 0.8008593551300331}, "datetime": {"datetime": "2024-06-13 19:54:34", "elapsed": 2.70901, "delta": 0.002992}}
{"target": -1020.7997988039967, "params": {"gamma": 8.06004333796437, "lr": 0.8684881163027721}, "datetime": {"datetime": "2024-06-13 19:54:35", "elapsed": 2.713, "delta": 0.00399}}
{"target": -854.2118410526957, "params": {"gamma": 6.696796352155456, "lr": 0.8077788623150765}, "datetime": {"datetime": "2024-06-13 19:54:35", "elapsed": 2.716988, "delta": 0.003988}}
{"target": -859.3036090137209, "params": {"gamma": 8.9750853247459, "lr": 0.4538299504900123}, "datetime": {"datetime": "2024-06-13 19:54:35", "elapsed": 2.71998, "delta": 0.002992}}
{"target": -581.6354790165095, "params": {"gamma": 5.578695211845391, "lr": 0.5061311288282347}, "datetime": {"datetime": "2024-06-13 19:54:35", "elapsed": 2.72397, "delta": 0.00399}}
{"target": -764.8446200055473, "params": {"gamma": 6.920147061337664, "lr": 0.6829068676298748}, "datetime": {"datetime": "2024-06-13 19:54:35", "elapsed": 2.727959, "delta": 0.003989}}
{"target": -667.8755056454299, "params": {"gamma": 5.203616044997302, "lr": 0.8284681480854713}, "datetime": {"datetime": "2024-06-13 19:54:35", "elapsed": 2.730952, "delta": 0.002993}}
{"target": -650.0890312530719, "params": {"gamma": 5.058288088511875, "lr": 0.8248585623852319}, "datetime": {"datetime": "2024-06-13 19:54:35", "elapsed": 2.73494, "delta": 0.003988}}
{"target": -370.11616750274106, "params": {"gamma": 2.8191690363442863, "lr": 0.17849483297748825}, "datetime": {"datetime": "2024-06-13 19:54:35", "elapsed": 2.73893, "delta": 0.00399}}
{"target": -1116.7758725657977, "params": {"gamma": 9.698735832876796, "lr": 0.7419395254560768}, "datetime": {"datetime": "2024-06-13 19:54:35", "elapsed": 2.742919, "delta": 0.003989}}
{"target": -273.20071841665094, "params": {"gamma": 2.598657141350841, "lr": 0.5812353422911717}, "datetime": {"datetime": "2024-06-13 19:54:35", "elapsed": 2.746909, "delta": 0.00399}}
{"target": -1899.7472366559796, "params": {"gamma": 9.55266727312833, "lr": 0.0807539078120788}, "datetime": {"datetime": "2024-06-13 19:54:35", "elapsed": 2.7499, "delta": 0.002991}}
{"target": -146.92211286781995, "params": {"gamma": 0.8362585364103492, "lr": 0.6191348314199072}, "datetime": {"datetime": "2024-06-13 19:54:35", "elapsed": 2.75389, "delta": 0.00399}}
{"target": -308.1125473315833, "params": {"gamma": 2.245710294880741, "lr": 0.7651839567335081}, "datetime": {"datetime": "2024-06-13 19:54:35", "elapsed": 2.757879, "delta": 0.003989}}
{"target": -555.591750927104, "params": {"gamma": 5.681957276948102, "lr": 0.6661880902234952}, "datetime": {"datetime": "2024-06-13 19:54:35", "elapsed": 2.76087, "delta": 0.002991}}
{"target": -230.20091623765708, "params": {"gamma": 1.0790311940451294, "lr": 0.08428305143655679}, "datetime": {"datetime": "2024-06-13 19:54:35", "elapsed": 2.76486, "delta": 0.00399}}
{"target": -614.1924059032632, "params": {"gamma": 6.251585561986592, "lr": 0.4097312611340205}, "datetime": {"datetime": "2024-06-13 19:54:35", "elapsed": 2.76885, "delta": 0.00399}}
{"target": -132.60798687923847, "params": {"gamma": 0.8734379861959459, "lr": 0.3710639450161891}, "datetime": {"datetime": "2024-06-13 19:54:35", "elapsed": 2.771842, "delta": 0.002992}}
{"target": -799.3964433865906, "params": {"gamma": 6.72177195215883, "lr": 0.1895874001915857}, "datetime": {"datetime": "2024-06-13 19:54:35", "elapsed": 2.775831, "delta": 0.003989}}
{"target": -1226.684208596678, "params": {"gamma": 8.957395356178512, "lr": 0.9498463888800873}, "datetime": {"datetime": "2024-06-13 19:54:35", "elapsed": 2.77982, "delta": 0.003989}}
{"target": -1107.4839613794027, "params": {"gamma": 9.615763851802903, "lr": 0.7300825577402602}, "datetime": {"datetime": "2024-06-13 19:54:35", "elapsed": 2.78381, "delta": 0.00399}}
{"target": -486.8126853456992, "params": {"gamma": 4.063477988455463, "lr": 0.7437491963512196}, "datetime": {"datetime": "2024-06-13 19:54:35", "elapsed": 2.787799, "delta": 0.003989}}
{"target": -282.0506460304114, "params": {"gamma": 2.8805808058682407, "lr": 0.3144172223907462}, "datetime": {"datetime": "2024-06-13 19:54:35", "elapsed": 2.790791, "delta": 0.002992}}
{"target": -576.2552372138174, "params": {"gamma": 6.059357715817362, "lr": 0.5948471334079176}, "datetime": {"datetime": "2024-06-13 19:54:35", "elapsed": 2.79478, "delta": 0.003989}}
{"target": -835.875584717848, "params": {"gamma": 8.786731102181795, "lr": 0.25460075566057694}, "datetime": {"datetime": "2024-06-13 19:54:35", "elapsed": 2.798769, "delta": 0.003989}}
{"target": -1053.1802014752864, "params": {"gamma": 7.662117463663015, "lr": 0.9410132668189013}, "datetime": {"datetime": "2024-06-13 19:54:35", "elapsed": 2.802759, "delta": 0.00399}}
{"target": -144.48980101337534, "params": {"gamma": 0.011328293644688577, "lr": 0.47608911800210485}, "datetime": {"datetime": "2024-06-13 19:54:35", "elapsed": 2.805751, "delta": 0.002992}}
{"target": -853.8762749997906, "params": {"gamma": 6.570746249918269, "lr": 0.8433232139195225}, "datetime": {"datetime": "2024-06-13 19:54:35", "elapsed": 2.80974, "delta": 0.003989}}
{"target": -270.2553554860396, "params": {"gamma": 1.8382103793481412, "lr": 0.8561592379873718}, "datetime": {"datetime": "2024-06-13 19:54:35", "elapsed": 2.81373, "delta": 0.00399}}
{"target": -517.7393258400785, "params": {"gamma": 3.6442904330904224, "lr": 0.8922739292761724}, "datetime": {"datetime": "2024-06-13 19:54:35", "elapsed": 2.817719, "delta": 0.003989}}
{"target": -123.49389478791909, "params": {"gamma": 0.2780896894835276, "lr": 0.08539013912317062}, "datetime": {"datetime": "2024-06-13 19:54:35", "elapsed": 2.821708, "delta": 0.003989}}
{"target": -933.3611812474259, "params": {"gamma": 9.81412324707537, "lr": 0.6095019257734966}, "datetime": {"datetime": "2024-06-13 19:54:35", "elapsed": 2.8247, "delta": 0.002992}}
{"target": -532.4241440101615, "params": {"gamma": 4.176905835795019, "lr": 0.16921418469369054}, "datetime": {"datetime": "2024-06-13 19:54:35", "elapsed": 2.82869, "delta": 0.00399}}
{"target": -1295.2200662405999, "params": {"gamma": 6.499361629743811, "lr": 0.03697506835935782}, "datetime": {"datetime": "2024-06-13 19:54:35", "elapsed": 2.832679, "delta": 0.003989}}
{"target": -301.57522552245587, "params": {"gamma": 3.116827520693586, "lr": 0.32347919698907535}, "datetime": {"datetime": "2024-06-13 19:54:35", "elapsed": 2.836669, "delta": 0.00399}}
{"target": -591.4437894302091, "params": {"gamma": 6.074811493252022, "lr": 0.6508312566756971}, "datetime": {"datetime": "2024-06-13 19:54:35", "elapsed": 2.83966, "delta": 0.002991}}
{"target": -1160.1451244714751, "params": {"gamma": 8.460699937765456, "lr": 0.9275809425975434}, "datetime": {"datetime": "2024-06-13 19:54:35", "elapsed": 2.84365, "delta": 0.00399}}
{"target": -624.728341268651, "params": {"gamma": 6.604916818383386, "lr": 0.5781739184085382}, "datetime": {"datetime": "2024-06-13 19:54:35", "elapsed": 2.84764, "delta": 0.00399}}
{"target": -562.4338560494963, "params": {"gamma": 3.987756720746455, "lr": 0.966612492642142}, "datetime": {"datetime": "2024-06-13 19:54:35", "elapsed": 2.851628, "delta": 0.003988}}
{"target": -248.99796567724502, "params": {"gamma": 1.541637639151742, "lr": 0.8950868086486484}, "datetime": {"datetime": "2024-06-13 19:54:35", "elapsed": 2.85462, "delta": 0.002992}}
{"target": -342.2431993154651, "params": {"gamma": 3.1108196657805305, "lr": 0.548489089666104}, "datetime": {"datetime": "2024-06-13 19:54:35", "elapsed": 2.85861, "delta": 0.00399}}
{"target": -688.5806355784075, "params": {"gamma": 6.8209805180697165, "lr": 0.23646965132615538}, "datetime": {"datetime": "2024-06-13 19:54:35", "elapsed": 2.862599, "delta": 0.003989}}
{"target": -211.24379102768285, "params": {"gamma": 1.678199113817666, "lr": 0.508482013429616}, "datetime": {"datetime": "2024-06-13 19:54:35", "elapsed": 2.866589, "delta": 0.00399}}
{"target": -870.6476043014244, "params": {"gamma": 7.918846891971133, "lr": 0.6924144621670756}, "datetime": {"datetime": "2024-06-13 19:54:35", "elapsed": 2.86958, "delta": 0.002991}}
{"target": -208.76335879301558, "params": {"gamma": 1.1906143983929753, "lr": 0.900742215071733}, "datetime": {"datetime": "2024-06-13 19:54:35", "elapsed": 2.87357, "delta": 0.00399}}
{"target": -670.1499566638204, "params": {"gamma": 4.797895932924502, "lr": 0.9466766792396476}, "datetime": {"datetime": "2024-06-13 19:54:35", "elapsed": 2.877559, "delta": 0.003989}}
{"target": -1095.9782230741644, "params": {"gamma": 5.53478362877641, "lr": 0.08480182166035288}, "datetime": {"datetime": "2024-06-13 19:54:35", "elapsed": 2.881652, "delta": 0.004093}}
