{"target": -1054.9021879382526, "params": {"gamma": 4.170803025021038, "lr": 0.7203244934421581}, "datetime": {"datetime": "2024-06-13 14:28:13", "elapsed": 0.0, "delta": 0.0}}
{"target": -155.73348655675696, "params": {"gamma": 0.002143633798631522, "lr": 0.30233257263183977}, "datetime": {"datetime": "2024-06-13 14:28:13", "elapsed": 0.006405, "delta": 0.006405}}
{"target": -589.50110301333, "params": {"gamma": 1.4684121522803133, "lr": 0.0923385947687978}, "datetime": {"datetime": "2024-06-13 14:28:13", "elapsed": 0.010614, "delta": 0.004209}}
{"target": -315.4265729710803, "params": {"gamma": 1.8634158535653313, "lr": 0.34556072704304774}, "datetime": {"datetime": "2024-06-13 14:28:13", "elapsed": 0.013606, "delta": 0.002992}}
{"target": -863.3372392418861, "params": {"gamma": 3.968277974832469, "lr": 0.538816734003357}, "datetime": {"datetime": "2024-06-13 14:28:13", "elapsed": 0.017596, "delta": 0.00399}}
{"target": -1070.074787414996, "params": {"gamma": 4.192525949518545, "lr": 0.6852195003967595}, "datetime": {"datetime": "2024-06-13 14:28:13", "elapsed": 0.022582, "delta": 0.004986}}
{"target": -646.6811983565136, "params": {"gamma": 2.045318045065443, "lr": 0.8781174363909454}, "datetime": {"datetime": "2024-06-13 14:28:13", "elapsed": 0.026572, "delta": 0.00399}}
{"target": -158.99345266985367, "params": {"gamma": 0.2748485443860637, "lr": 0.6704675101784022}, "datetime": {"datetime": "2024-06-13 14:28:13", "elapsed": 0.030561, "delta": 0.003989}}
{"target": -892.366314341991, "params": {"gamma": 4.173630718868903, "lr": 0.5586898284457517}, "datetime": {"datetime": "2024-06-13 14:28:13", "elapsed": 0.033552, "delta": 0.002991}}
{"target": -264.907629356701, "params": {"gamma": 1.4047289990137424, "lr": 0.1981014890848788}, "datetime": {"datetime": "2024-06-13 14:28:13", "elapsed": 0.037423, "delta": 0.003871}}
{"target": -2577.816443067512, "params": {"gamma": 8.00764494218669, "lr": 0.9682615757193975}, "datetime": {"datetime": "2024-06-13 14:28:13", "elapsed": 0.04141, "delta": 0.003987}}
{"target": -806.0494448680811, "params": {"gamma": 3.1349283574142692, "lr": 0.6923226156693141}, "datetime": {"datetime": "2024-06-13 14:28:13", "elapsed": 0.044402, "delta": 0.002992}}
{"target": -2692.0678816038603, "params": {"gamma": 8.764015133808087, "lr": 0.8946066635038473}, "datetime": {"datetime": "2024-06-13 14:28:13", "elapsed": 0.048391, "delta": 0.003989}}
{"target": -408.7346706825366, "params": {"gamma": 0.8513570694864094, "lr": 0.03905478323288236}, "datetime": {"datetime": "2024-06-13 14:28:13", "elapsed": 0.051383, "delta": 0.002992}}
{"target": -543.542667666493, "params": {"gamma": 1.6991343652261244, "lr": 0.8781425034294131}, "datetime": {"datetime": "2024-06-13 14:28:13", "elapsed": 0.055373, "delta": 0.00399}}
{"target": -201.85327831599076, "params": {"gamma": 0.9843699914966679, "lr": 0.42110762500505217}, "datetime": {"datetime": "2024-06-13 14:28:13", "elapsed": 0.059362, "delta": 0.003989}}
{"target": -2056.9935221518062, "params": {"gamma": 9.578937411974868, "lr": 0.5331652849730171}, "datetime": {"datetime": "2024-06-13 14:28:13", "elapsed": 0.062354, "delta": 0.002992}}
{"target": -1044.92884372634, "params": {"gamma": 6.919079262390784, "lr": 0.31551563100606295}, "datetime": {"datetime": "2024-06-13 14:28:13", "elapsed": 0.066343, "delta": 0.003989}}
{"target": -2054.456066457928, "params": {"gamma": 6.865322775888155, "lr": 0.8346256718973729}, "datetime": {"datetime": "2024-06-13 14:28:13", "elapsed": 0.069336, "delta": 0.002993}}
{"target": -157.01259168670165, "params": {"gamma": 0.18386448516457388, "lr": 0.7501443149449675}, "datetime": {"datetime": "2024-06-13 14:28:13", "elapsed": 0.073325, "delta": 0.003989}}
{"target": -2558.063014847808, "params": {"gamma": 9.88862202797604, "lr": 0.7481656543798394}, "datetime": {"datetime": "2024-06-13 14:28:13", "elapsed": 0.076317, "delta": 0.002992}}
{"target": -827.8353557888354, "params": {"gamma": 2.8051594766519874, "lr": 0.7892793284514885}, "datetime": {"datetime": "2024-06-13 14:28:13", "elapsed": 0.080306, "delta": 0.003989}}
{"target": -226.55628668888548, "params": {"gamma": 1.0331568397698425, "lr": 0.44789352617590517}, "datetime": {"datetime": "2024-06-13 14:28:13", "elapsed": 0.083298, "delta": 0.002992}}
{"target": -1410.67769656059, "params": {"gamma": 9.086046435427862, "lr": 0.2936141483736795}, "datetime": {"datetime": "2024-06-13 14:28:13", "elapsed": 0.087287, "delta": 0.003989}}
{"target": -577.6287526039496, "params": {"gamma": 2.878465610524901, "lr": 0.13002857211827767}, "datetime": {"datetime": "2024-06-13 14:28:13", "elapsed": 0.090279, "delta": 0.002992}}
{"target": -153.3942045021885, "params": {"gamma": 0.19465021174510047, "lr": 0.678835532939891}, "datetime": {"datetime": "2024-06-13 14:28:13", "elapsed": 0.094269, "delta": 0.00399}}
{"target": -350.54205462034656, "params": {"gamma": 2.1170695318845905, "lr": 0.2655466593722262}, "datetime": {"datetime": "2024-06-13 14:28:13", "elapsed": 0.097261, "delta": 0.002992}}
{"target": -2073.0994251490515, "params": {"gamma": 4.916240019644103, "lr": 0.053362545117080384}, "datetime": {"datetime": "2024-06-13 14:28:13", "elapsed": 0.10125, "delta": 0.003989}}
{"target": -987.3231652212163, "params": {"gamma": 5.741601937314639, "lr": 0.14672857490581015}, "datetime": {"datetime": "2024-06-13 14:28:13", "elapsed": 0.104242, "delta": 0.002992}}
{"target": -1496.246715370934, "params": {"gamma": 5.89346606349594, "lr": 0.6997583600209312}, "datetime": {"datetime": "2024-06-13 14:28:13", "elapsed": 0.108231, "delta": 0.003989}}
{"target": -206.7607027363293, "params": {"gamma": 1.0242419538494305, "lr": 0.4140559878195683}, "datetime": {"datetime": "2024-06-13 14:28:13", "elapsed": 0.111223, "delta": 0.002992}}
{"target": -1126.5265991777749, "params": {"gamma": 6.9443071771197245, "lr": 0.41417926952690265}, "datetime": {"datetime": "2024-06-13 14:28:13", "elapsed": 0.115212, "delta": 0.003989}}
{"target": -173.94385765312964, "params": {"gamma": 0.5004846360019255, "lr": 0.5358964059155116}, "datetime": {"datetime": "2024-06-13 14:28:13", "elapsed": 0.118205, "delta": 0.002993}}
{"target": -1430.8227560210917, "params": {"gamma": 6.638282657552669, "lr": 0.5148891120583086}, "datetime": {"datetime": "2024-06-13 14:28:13", "elapsed": 0.122194, "delta": 0.003989}}
{"target": -2034.8085678538914, "params": {"gamma": 9.446002965152143, "lr": 0.5865550405019929}, "datetime": {"datetime": "2024-06-13 14:28:13", "elapsed": 0.125186, "delta": 0.002992}}
{"target": -1758.4944947542892, "params": {"gamma": 9.034115750963547, "lr": 0.13747470414623753}, "datetime": {"datetime": "2024-06-13 14:28:13", "elapsed": 0.129175, "delta": 0.003989}}
{"target": -432.5097200138614, "params": {"gamma": 1.3936241961603346, "lr": 0.8073912887095238}, "datetime": {"datetime": "2024-06-13 14:28:13", "elapsed": 0.132168, "delta": 0.002993}}
{"target": -694.1406045625677, "params": {"gamma": 3.9773706930183503, "lr": 0.16535419711693278}, "datetime": {"datetime": "2024-06-13 14:28:13", "elapsed": 0.136157, "delta": 0.003989}}
{"target": -1450.4122082994345, "params": {"gamma": 9.275158295379942, "lr": 0.34776585974550656}, "datetime": {"datetime": "2024-06-13 14:28:13", "elapsed": 0.139656, "delta": 0.003499}}
{"target": -1883.2931810032217, "params": {"gamma": 7.50837021925842, "lr": 0.7259979853504515}, "datetime": {"datetime": "2024-06-13 14:28:13", "elapsed": 0.142647, "delta": 0.002991}}
{"target": -2076.2534880212756, "params": {"gamma": 8.833177605966892, "lr": 0.6236722070556089}, "datetime": {"datetime": "2024-06-13 14:28:13", "elapsed": 0.146637, "delta": 0.00399}}
{"target": -1177.7593576384027, "params": {"gamma": 7.509673397839345, "lr": 0.34889834197784253}, "datetime": {"datetime": "2024-06-13 14:28:13", "elapsed": 0.149629, "delta": 0.002992}}
{"target": -843.7903984658469, "params": {"gamma": 2.7000089897584956, "lr": 0.8958862181960668}, "datetime": {"datetime": "2024-06-13 14:28:13", "elapsed": 0.153618, "delta": 0.003989}}
{"target": -1386.5073460557298, "params": {"gamma": 4.281483807523078, "lr": 0.9648400471483856}, "datetime": {"datetime": "2024-06-13 14:28:13", "elapsed": 0.15661, "delta": 0.002992}}
{"target": -1564.2512549889138, "params": {"gamma": 6.634751536686663, "lr": 0.6216957202091218}, "datetime": {"datetime": "2024-06-13 14:28:13", "elapsed": 0.159603, "delta": 0.002993}}
{"target": -399.0334811126297, "params": {"gamma": 1.1483449835607984, "lr": 0.9494892587070712}, "datetime": {"datetime": "2024-06-13 14:28:13", "elapsed": 0.163592, "delta": 0.003989}}
{"target": -976.0264346027042, "params": {"gamma": 4.499671422665926, "lr": 0.5783896143871318}, "datetime": {"datetime": "2024-06-13 14:28:13", "elapsed": 0.167581, "delta": 0.003989}}
{"target": -630.6268056718463, "params": {"gamma": 4.081959890810051, "lr": 0.2370269802430277}, "datetime": {"datetime": "2024-06-13 14:28:13", "elapsed": 0.170573, "delta": 0.002992}}
{"target": -1938.4975686944938, "params": {"gamma": 9.033891826101975, "lr": 0.5736794866722859}, "datetime": {"datetime": "2024-06-13 14:28:13", "elapsed": 0.174562, "delta": 0.003989}}
{"target": -153.8638276638966, "params": {"gamma": 0.029700399984558545, "lr": 0.6171449136207239}, "datetime": {"datetime": "2024-06-13 14:28:13", "elapsed": 0.177554, "delta": 0.002992}}
{"target": -715.0904390952477, "params": {"gamma": 3.2671223728191894, "lr": 0.5270581022576093}, "datetime": {"datetime": "2024-06-13 14:28:13", "elapsed": 0.181544, "delta": 0.00399}}
{"target": -1386.2160336528127, "params": {"gamma": 8.859535051008434, "lr": 0.35726976000249977}, "datetime": {"datetime": "2024-06-13 14:28:13", "elapsed": 0.185533, "delta": 0.003989}}
{"target": -2135.0188275402966, "params": {"gamma": 9.085442974047073, "lr": 0.6233601157918027}, "datetime": {"datetime": "2024-06-13 14:28:13", "elapsed": 0.189523, "delta": 0.00399}}
{"target": -157.19880959551472, "params": {"gamma": 0.15919660722271628, "lr": 0.9294372337437613}, "datetime": {"datetime": "2024-06-13 14:28:14", "elapsed": 0.192515, "delta": 0.002992}}
{"target": -2226.44198345027, "params": {"gamma": 6.9092782782517235, "lr": 0.9973228504514805}, "datetime": {"datetime": "2024-06-13 14:28:14", "elapsed": 0.196504, "delta": 0.003989}}
{"target": -364.43659877210547, "params": {"gamma": 1.7242327429449402, "lr": 0.13713574962887776}, "datetime": {"datetime": "2024-06-13 14:28:14", "elapsed": 0.200494, "delta": 0.00399}}
{"target": -2357.517068903021, "params": {"gamma": 9.326022034908599, "lr": 0.6968181614899002}, "datetime": {"datetime": "2024-06-13 14:28:14", "elapsed": 0.203486, "delta": 0.002992}}
{"target": -238.14518688169844, "params": {"gamma": 0.6609357270479028, "lr": 0.7554630526024664}, "datetime": {"datetime": "2024-06-13 14:28:14", "elapsed": 0.207475, "delta": 0.003989}}
{"target": -2427.8883279303122, "params": {"gamma": 7.539008008424004, "lr": 0.9230245355464833}, "datetime": {"datetime": "2024-06-13 14:28:14", "elapsed": 0.211464, "delta": 0.003989}}
{"target": -1645.0087174921955, "params": {"gamma": 7.11553606152609, "lr": 0.1242709619721647}, "datetime": {"datetime": "2024-06-13 14:28:14", "elapsed": 0.214456, "delta": 0.002992}}
{"target": -187.6132693322334, "params": {"gamma": 0.1997814582641161, "lr": 0.026210986877719278}, "datetime": {"datetime": "2024-06-13 14:28:14", "elapsed": 0.218445, "delta": 0.003989}}
{"target": -142.4225709352875, "params": {"gamma": 0.2840365737199253, "lr": 0.2462110676030459}, "datetime": {"datetime": "2024-06-13 14:28:14", "elapsed": 0.221437, "delta": 0.002992}}
{"target": -1848.5999942769254, "params": {"gamma": 8.600419458880197, "lr": 0.5388310643416528}, "datetime": {"datetime": "2024-06-13 14:28:14", "elapsed": 0.225427, "delta": 0.00399}}
{"target": -1657.7480309166688, "params": {"gamma": 5.5286669648789735, "lr": 0.8420308923596057}, "datetime": {"datetime": "2024-06-13 14:28:14", "elapsed": 0.228418, "delta": 0.002991}}
{"target": -239.11869180983493, "params": {"gamma": 1.2426089778839915, "lr": 0.2791836790111395}, "datetime": {"datetime": "2024-06-13 14:28:14", "elapsed": 0.232407, "delta": 0.003989}}
{"target": -1890.2300511079509, "params": {"gamma": 5.858006955311422, "lr": 0.9695957483196745}, "datetime": {"datetime": "2024-06-13 14:28:14", "elapsed": 0.235399, "delta": 0.002992}}
{"target": -2360.4672699633716, "params": {"gamma": 5.6107411623378445, "lr": 0.01864728937294302}, "datetime": {"datetime": "2024-06-13 14:28:14", "elapsed": 0.239019, "delta": 0.00362}}
{"target": -1214.4934362698891, "params": {"gamma": 8.006526094133482, "lr": 0.23297427384102043}, "datetime": {"datetime": "2024-06-13 14:28:14", "elapsed": 0.243008, "delta": 0.003989}}
{"target": -1298.8365455172916, "params": {"gamma": 8.071244850992173, "lr": 0.38786064406417176}, "datetime": {"datetime": "2024-06-13 14:28:14", "elapsed": 0.246997, "delta": 0.003989}}
{"target": -2236.072628952338, "params": {"gamma": 8.635555003739727, "lr": 0.7471216427371846}, "datetime": {"datetime": "2024-06-13 14:28:14", "elapsed": 0.250987, "delta": 0.00399}}
{"target": -1090.5809824868757, "params": {"gamma": 5.562846099670199, "lr": 0.13645522566068502}, "datetime": {"datetime": "2024-06-13 14:28:14", "elapsed": 0.253979, "delta": 0.002992}}
{"target": -210.14551927135201, "params": {"gamma": 0.6001169774326044, "lr": 0.12134345574073735}, "datetime": {"datetime": "2024-06-13 14:28:14", "elapsed": 0.257968, "delta": 0.003989}}
{"target": -212.5495933996366, "params": {"gamma": 0.4464742335690725, "lr": 0.1074941291060929}, "datetime": {"datetime": "2024-06-13 14:28:14", "elapsed": 0.261957, "delta": 0.003989}}
{"target": -586.0835469846228, "params": {"gamma": 2.2578676767399393, "lr": 0.7129889803826767}, "datetime": {"datetime": "2024-06-13 14:28:14", "elapsed": 0.264949, "delta": 0.002992}}
{"target": -2355.0331294888338, "params": {"gamma": 5.597610103559371, "lr": 0.012555980159115854}, "datetime": {"datetime": "2024-06-13 14:28:14", "elapsed": 0.267942, "delta": 0.002993}}
{"target": -274.1431493812544, "params": {"gamma": 0.7206708226151783, "lr": 0.967276330000272}, "datetime": {"datetime": "2024-06-13 14:28:14", "elapsed": 0.271931, "delta": 0.003989}}
{"target": -893.0931933479472, "params": {"gamma": 5.6814365187375016, "lr": 0.20329323466099047}, "datetime": {"datetime": "2024-06-13 14:28:14", "elapsed": 0.27592, "delta": 0.003989}}
{"target": -670.3226658842543, "params": {"gamma": 2.5240051199586637, "lr": 0.7438258540750929}, "datetime": {"datetime": "2024-06-13 14:28:14", "elapsed": 0.278912, "delta": 0.002992}}
{"target": -442.4657136187568, "params": {"gamma": 1.9550993816120785, "lr": 0.5813589272732578}, "datetime": {"datetime": "2024-06-13 14:28:14", "elapsed": 0.282902, "delta": 0.00399}}
{"target": -2896.2592527040365, "params": {"gamma": 9.700229870894034, "lr": 0.8468288014900353}, "datetime": {"datetime": "2024-06-13 14:28:14", "elapsed": 0.287888, "delta": 0.004986}}
{"target": -450.32489116877207, "params": {"gamma": 2.399237743716714, "lr": 0.49376971426872995}, "datetime": {"datetime": "2024-06-13 14:28:14", "elapsed": 0.292875, "delta": 0.004987}}
{"target": -1815.2925147145445, "params": {"gamma": 6.199937228095417, "lr": 0.8289808995501787}, "datetime": {"datetime": "2024-06-13 14:28:14", "elapsed": 0.298859, "delta": 0.005984}}
{"target": -695.1281793455489, "params": {"gamma": 1.5687571550661965, "lr": 0.018576202177409518}, "datetime": {"datetime": "2024-06-13 14:28:14", "elapsed": 0.302849, "delta": 0.00399}}
{"target": -182.01887275258323, "params": {"gamma": 0.7011514150485041, "lr": 0.4863451109370318}, "datetime": {"datetime": "2024-06-13 14:28:14", "elapsed": 0.306837, "delta": 0.003988}}
{"target": -1285.4850749837067, "params": {"gamma": 6.063688287071651, "lr": 0.5688514370864813}, "datetime": {"datetime": "2024-06-13 14:28:14", "elapsed": 0.309859, "delta": 0.003022}}
{"target": -1033.7195580035157, "params": {"gamma": 3.1743067308122854, "lr": 0.9886161544124489}, "datetime": {"datetime": "2024-06-13 14:28:14", "elapsed": 0.313848, "delta": 0.003989}}
{"target": -938.8780480827043, "params": {"gamma": 5.797872447238724, "lr": 0.3801411726235504}, "datetime": {"datetime": "2024-06-13 14:28:14", "elapsed": 0.317808, "delta": 0.00396}}
{"target": -1433.2754434056894, "params": {"gamma": 5.509931242959851, "lr": 0.7453344309065021}, "datetime": {"datetime": "2024-06-13 14:28:14", "elapsed": 0.320801, "delta": 0.002993}}
{"target": -1048.7822898883287, "params": {"gamma": 6.6926597016383935, "lr": 0.2649195576628094}, "datetime": {"datetime": "2024-06-13 14:28:14", "elapsed": 0.324789, "delta": 0.003988}}
{"target": -162.2973851187406, "params": {"gamma": 0.6642820094499873, "lr": 0.3700841979141063}, "datetime": {"datetime": "2024-06-13 14:28:14", "elapsed": 0.328779, "delta": 0.00399}}
{"target": -987.58577412148, "params": {"gamma": 6.297545352708624, "lr": 0.2101740099148396}, "datetime": {"datetime": "2024-06-13 14:28:14", "elapsed": 0.33177, "delta": 0.002991}}
{"target": -3153.9825938763174, "params": {"gamma": 7.5278027818344, "lr": 0.06653648135411494}, "datetime": {"datetime": "2024-06-13 14:28:14", "elapsed": 0.33576, "delta": 0.00399}}
{"target": -774.8533893152529, "params": {"gamma": 2.603890670686831, "lr": 0.8047545637433454}, "datetime": {"datetime": "2024-06-13 14:28:14", "elapsed": 0.33876, "delta": 0.003}}
{"target": -490.93485360412427, "params": {"gamma": 1.935149391950654, "lr": 0.6394608808799401}, "datetime": {"datetime": "2024-06-13 14:28:14", "elapsed": 0.342745, "delta": 0.003985}}
{"target": -1694.962372278505, "params": {"gamma": 5.247178420928214, "lr": 0.9248079703993507}, "datetime": {"datetime": "2024-06-13 14:28:14", "elapsed": 0.346733, "delta": 0.003988}}
{"target": -1130.633660193737, "params": {"gamma": 2.633704408100623, "lr": 0.06596109068402378}, "datetime": {"datetime": "2024-06-13 14:28:14", "elapsed": 0.350723, "delta": 0.00399}}
{"target": -2129.049414108205, "params": {"gamma": 7.350924566923407, "lr": 0.7721780295432468}, "datetime": {"datetime": "2024-06-13 14:28:14", "elapsed": 0.354712, "delta": 0.003989}}
{"target": -2920.3574475738137, "params": {"gamma": 9.078250709182736, "lr": 0.9319720691968373}, "datetime": {"datetime": "2024-06-13 14:28:14", "elapsed": 0.358702, "delta": 0.00399}}
{"target": -145.3172591145655, "params": {"gamma": 0.14050177818299456, "lr": 0.2343620861214205}, "datetime": {"datetime": "2024-06-13 14:28:14", "elapsed": 0.361694, "delta": 0.002992}}
{"target": -1989.4089476003026, "params": {"gamma": 6.1681667916595755, "lr": 0.9490163206876164}, "datetime": {"datetime": "2024-06-13 14:28:14", "elapsed": 0.365683, "delta": 0.003989}}
{"target": -2001.9848771285058, "params": {"gamma": 9.50181101635155, "lr": 0.5566531881951564}, "datetime": {"datetime": "2024-06-13 14:28:14", "elapsed": 0.368675, "delta": 0.002992}}
{"target": -2219.467724645569, "params": {"gamma": 9.15614789131298, "lr": 0.6415662089463375}, "datetime": {"datetime": "2024-06-13 14:28:14", "elapsed": 0.372665, "delta": 0.00399}}
{"target": -712.6864332264781, "params": {"gamma": 3.9006871336983213, "lr": 0.48599066709690975}, "datetime": {"datetime": "2024-06-13 14:28:14", "elapsed": 0.375656, "delta": 0.002991}}
{"target": -1301.695003735247, "params": {"gamma": 6.043500518716813, "lr": 0.5495479215085626}, "datetime": {"datetime": "2024-06-13 14:28:14", "elapsed": 0.379646, "delta": 0.00399}}
{"target": -2979.115132492378, "params": {"gamma": 9.26188808563783, "lr": 0.9187334356336061}, "datetime": {"datetime": "2024-06-13 14:28:14", "elapsed": 0.383635, "delta": 0.003989}}
{"target": -1280.545842927477, "params": {"gamma": 3.9493612536226252, "lr": 0.9632625284407118}, "datetime": {"datetime": "2024-06-13 14:28:14", "elapsed": 0.386627, "delta": 0.002992}}
{"target": -367.32646221053227, "params": {"gamma": 1.740382711137963, "lr": 0.12632951943963733}, "datetime": {"datetime": "2024-06-13 14:28:14", "elapsed": 0.390617, "delta": 0.00399}}
{"target": -320.0666755889485, "params": {"gamma": 1.3516565013092665, "lr": 0.5056621656768967}, "datetime": {"datetime": "2024-06-13 14:28:14", "elapsed": 0.393609, "delta": 0.002992}}
{"target": -162.8196360141647, "params": {"gamma": 0.2162265279367056, "lr": 0.947970211217681}, "datetime": {"datetime": "2024-06-13 14:28:14", "elapsed": 0.397598, "delta": 0.003989}}
{"target": -3461.7846452138374, "params": {"gamma": 8.271327596236153, "lr": 0.015018980742122379}, "datetime": {"datetime": "2024-06-13 14:28:14", "elapsed": 0.40059, "delta": 0.002992}}
{"target": -292.3353522475801, "params": {"gamma": 1.7627863594949775, "lr": 0.332063574366837}, "datetime": {"datetime": "2024-06-13 14:28:14", "elapsed": 0.404579, "delta": 0.003989}}
{"target": -409.7080898719681, "params": {"gamma": 1.310837451264358, "lr": 0.8094906921265821}, "datetime": {"datetime": "2024-06-13 14:28:14", "elapsed": 0.408568, "delta": 0.003989}}
{"target": -1120.7959564862235, "params": {"gamma": 3.4480217901802512, "lr": 0.9401074823333672}, "datetime": {"datetime": "2024-06-13 14:28:14", "elapsed": 0.41156, "delta": 0.002992}}
{"target": -1793.221494276407, "params": {"gamma": 5.820559785290854, "lr": 0.8788319844118441}, "datetime": {"datetime": "2024-06-13 14:28:14", "elapsed": 0.41555, "delta": 0.00399}}
{"target": -2596.0842165985428, "params": {"gamma": 8.447499719476827, "lr": 0.9053923187086492}, "datetime": {"datetime": "2024-06-13 14:28:14", "elapsed": 0.418542, "delta": 0.002992}}
{"target": -996.1053253056726, "params": {"gamma": 4.599342777902254, "lr": 0.5463468160203733}, "datetime": {"datetime": "2024-06-13 14:28:14", "elapsed": 0.422531, "delta": 0.003989}}
{"target": -1241.8844500106895, "params": {"gamma": 7.986237307929242, "lr": 0.28571885173414757}, "datetime": {"datetime": "2024-06-13 14:28:14", "elapsed": 0.425523, "delta": 0.002992}}
