{"target": -1137.071366801848, "params": {"gamma": 7.5419276912585245, "lr": 0.32178620055239215}, "datetime": {"datetime": "2024-06-13 14:28:22", "elapsed": 8.682145, "delta": 0.004987}}
{"target": -2482.647744561212, "params": {"gamma": 8.001642974863078, "lr": 0.9113083542736461}, "datetime": {"datetime": "2024-06-13 14:28:22", "elapsed": 8.687131, "delta": 0.004986}}
{"target": -944.9373435471715, "params": {"gamma": 5.131976926404618, "lr": 0.42942202968065213}, "datetime": {"datetime": "2024-06-13 14:28:22", "elapsed": 8.692118, "delta": 0.004987}}
{"target": -196.17259993448462, "params": {"gamma": 0.9168564269132811, "lr": 0.27367730380496647}, "datetime": {"datetime": "2024-06-13 14:28:22", "elapsed": 8.697105, "delta": 0.004987}}
{"target": -1342.6280053137436, "params": {"gamma": 8.866591497643999, "lr": 0.2459443412735529}, "datetime": {"datetime": "2024-06-13 14:28:22", "elapsed": 8.702092, "delta": 0.004987}}
{"target": -1121.7031882820509, "params": {"gamma": 6.212272679321877, "lr": 0.49500739584280073}, "datetime": {"datetime": "2024-06-13 14:28:22", "elapsed": 8.707078, "delta": 0.004986}}
{"target": -324.8701532430729, "params": {"gamma": 0.9446309868062094, "lr": 0.8993685313928761}, "datetime": {"datetime": "2024-06-13 14:28:22", "elapsed": 8.711289, "delta": 0.004211}}
{"target": -220.99346711743786, "params": {"gamma": 0.6786405537486796, "lr": 0.680702325466581}, "datetime": {"datetime": "2024-06-13 14:28:22", "elapsed": 8.716275, "delta": 0.004986}}
{"target": -2442.5116742065766, "params": {"gamma": 9.720009401703859, "lr": 0.709373790820744}, "datetime": {"datetime": "2024-06-13 14:28:22", "elapsed": 8.721262, "delta": 0.004987}}
{"target": -1388.5393049859842, "params": {"gamma": 3.2597612958632975, "lr": 0.07344016636799866}, "datetime": {"datetime": "2024-06-13 14:28:22", "elapsed": 8.726249, "delta": 0.004987}}
{"target": -1507.1597714817938, "params": {"gamma": 5.797790733426387, "lr": 0.7335170182530933}, "datetime": {"datetime": "2024-06-13 14:28:22", "elapsed": 8.731235, "delta": 0.004986}}
{"target": -213.09219933563978, "params": {"gamma": 0.5239594410412508, "lr": 0.8376741304024212}, "datetime": {"datetime": "2024-06-13 14:28:53", "elapsed": 40.165859, "delta": 31.434624}}
{"target": -578.8361181127962, "params": {"gamma": 1.7328344314002284, "lr": 0.9983606440368625}, "datetime": {"datetime": "2024-06-13 14:29:27", "elapsed": 74.006431, "delta": 33.840572}}
{"target": -310.7610151188486, "params": {"gamma": 0.5924933855176809, "lr": 0.01018243214229364}, "datetime": {"datetime": "2024-06-13 14:29:44", "elapsed": 90.924596, "delta": 16.918165}}
{"target": -332.6486423796856, "params": {"gamma": 0.9254224820487047, "lr": 0.9872254773367676}, "datetime": {"datetime": "2024-06-13 14:30:38", "elapsed": 144.823634, "delta": 53.899038}}
{"target": -155.95811562598797, "params": {"gamma": 0.001, "lr": 0.0}, "datetime": {"datetime": "2024-06-13 14:30:53", "elapsed": 160.15773, "delta": 15.334096}}
{"target": -155.17895959521786, "params": {"gamma": 0.011592683091553226, "lr": 0.9114614297590502}, "datetime": {"datetime": "2024-06-13 14:31:43", "elapsed": 209.597805, "delta": 49.440075}}
{"target": -200.4992614055587, "params": {"gamma": 0.6135011071994, "lr": 0.6043570156549147}, "datetime": {"datetime": "2024-06-13 14:32:01", "elapsed": 228.077279, "delta": 18.479474}}
{"target": -153.63823657988263, "params": {"gamma": 0.07282598572633735, "lr": 0.9937285631917389}, "datetime": {"datetime": "2024-06-13 14:32:34", "elapsed": 260.643141, "delta": 32.565862}}
{"target": -1398.1191369901028, "params": {"gamma": 5.532459911594318, "lr": 0.7020481994531945}, "datetime": {"datetime": "2024-06-13 14:32:44", "elapsed": 270.384734, "delta": 9.741593}}
{"target": -269.82330656711025, "params": {"gamma": 1.4853000029868202, "lr": 0.4066836824442297}, "datetime": {"datetime": "2024-06-13 14:32:53", "elapsed": 279.748073, "delta": 9.363339}}
{"target": -237.3367084003717, "params": {"gamma": 0.76512618759197, "lr": 0.7046589682195488}, "datetime": {"datetime": "2024-06-13 14:33:31", "elapsed": 317.580823, "delta": 37.83275}}
{"target": -535.1929706331886, "params": {"gamma": 3.3462609887023405, "lr": 0.26552748067588544}, "datetime": {"datetime": "2024-06-13 14:33:59", "elapsed": 345.206255, "delta": 27.625432}}
{"target": -194.83375009173812, "params": {"gamma": 0.5197282012876859, "lr": 0.7280106516606782}, "datetime": {"datetime": "2024-06-13 14:34:22", "elapsed": 368.301602, "delta": 23.095347}}
{"target": -545.9273826025398, "params": {"gamma": 1.6270390108474166, "lr": 0.9986922594466423}, "datetime": {"datetime": "2024-06-13 14:34:40", "elapsed": 387.0265, "delta": 18.724898}}
{"target": -153.65165524093857, "params": {"gamma": 0.07590201254568493, "lr": 0.9178135524718569}, "datetime": {"datetime": "2024-06-13 14:34:57", "elapsed": 403.684876, "delta": 16.658376}}
{"target": -485.47304391284484, "params": {"gamma": 2.6027429590972484, "lr": 0.4679701378601909}, "datetime": {"datetime": "2024-06-13 14:35:38", "elapsed": 444.425638, "delta": 40.740762}}
{"target": -155.80438779342347, "params": {"gamma": 0.0014975711123226352, "lr": 0.16733157137288224}, "datetime": {"datetime": "2024-06-13 14:36:05", "elapsed": 471.5649, "delta": 27.139262}}
{"target": -1040.6463526100624, "params": {"gamma": 2.4147136966059204, "lr": 0.0008783623058263856}, "datetime": {"datetime": "2024-06-13 14:36:38", "elapsed": 504.864633, "delta": 33.299733}}
{"target": -658.1693481466746, "params": {"gamma": 2.195616609602122, "lr": 0.832826239704753}, "datetime": {"datetime": "2024-06-13 14:36:47", "elapsed": 513.820625, "delta": 8.955992}}
{"target": -373.91557190423794, "params": {"gamma": 0.7610591845341541, "lr": 0.0020139326830685977}, "datetime": {"datetime": "2024-06-13 14:37:05", "elapsed": 531.895119, "delta": 18.074494}}
{"target": -208.92505893617354, "params": {"gamma": 0.909256164238558, "lr": 0.49446725879602493}, "datetime": {"datetime": "2024-06-13 14:37:30", "elapsed": 556.3763, "delta": 24.481181}}
{"target": -644.8370460659243, "params": {"gamma": 3.5151631982634135, "lr": 0.4710265947486677}, "datetime": {"datetime": "2024-06-13 14:38:13", "elapsed": 599.813699, "delta": 43.437399}}
{"target": -202.35052443245942, "params": {"gamma": 0.5797834658354085, "lr": 0.6742908277910168}, "datetime": {"datetime": "2024-06-13 14:38:31", "elapsed": 617.250833, "delta": 17.437134}}
{"target": -838.7984830911042, "params": {"gamma": 4.614963540072418, "lr": 0.487979895010642}, "datetime": {"datetime": "2024-06-13 14:38:40", "elapsed": 626.337232, "delta": 9.086399}}
{"target": -155.95811562598797, "params": {"gamma": 0.38822179145084657, "lr": 0.0}, "datetime": {"datetime": "2024-06-13 14:39:14", "elapsed": 660.373737, "delta": 34.036505}}
