{"target": -114.79039138441482, "params": {"gamma": 0.9154705223764946, "prior": 0.8501706161321726, "rate": 7.023240240542068}, "datetime": {"datetime": "2024-06-14 09:05:59", "elapsed": 768.829589, "delta": 31.195294}}
{"target": -120.99205871288919, "params": {"gamma": 0.9372159923044712, "prior": 6.142883547793562, "rate": 9.993436553525951}, "datetime": {"datetime": "2024-06-14 09:06:29", "elapsed": 799.188879, "delta": 30.35929}}
{"target": -114.8748993934492, "params": {"gamma": 0.9593533034610697, "prior": 0.3169770555665004, "rate": 6.167114675234954}, "datetime": {"datetime": "2024-06-14 09:07:04", "elapsed": 834.463634, "delta": 35.274755}}
{"target": -115.69580378481811, "params": {"gamma": 1.0237013048956485, "prior": 1.3046070312529126, "rate": 5.810735225528267}, "datetime": {"datetime": "2024-06-14 09:07:39", "elapsed": 869.79565, "delta": 35.332016}}
{"target": -115.50525649562762, "params": {"gamma": 0.9184439066772184, "prior": 1.633611057880898, "rate": 7.643840210562047}, "datetime": {"datetime": "2024-06-14 09:08:15", "elapsed": 905.230855, "delta": 35.435205}}
