{"target": -1135.0807188512606, "params": {"gamma": 7.739388583314729, "lr": 0.33427640499382627}, "datetime": {"datetime": "2024-06-13 21:42:34", "elapsed": 2.561867, "delta": 0.00399}}
{"target": -195.11614704655705, "params": {"gamma": 0.8908932100029573, "lr": 0.18490559027840836}, "datetime": {"datetime": "2024-06-13 21:42:34", "elapsed": 2.565855, "delta": 0.003988}}
{"target": -691.4483018635055, "params": {"gamma": 5.2689919070424525, "lr": 0.417102418106858}, "datetime": {"datetime": "2024-06-13 21:42:34", "elapsed": 2.569845, "delta": 0.00399}}
{"target": -1410.8501230518193, "params": {"gamma": 8.006795921634268, "lr": 0.9332023381866817}, "datetime": {"datetime": "2024-06-13 21:42:34", "elapsed": 2.574117, "delta": 0.004272}}
{"target": -332.03852913224335, "params": {"gamma": 1.779469614765534, "lr": 0.8600667708762162}, "datetime": {"datetime": "2024-06-13 21:42:34", "elapsed": 2.578106, "delta": 0.003989}}
{"target": -1683.3554997164888, "params": {"gamma": 9.57399186834036, "lr": 0.9594706068497821}, "datetime": {"datetime": "2024-06-13 21:42:34", "elapsed": 2.581098, "delta": 0.002992}}
{"target": -163.86141288569746, "params": {"gamma": 0.37958801461658453, "lr": 0.05758350560817371}, "datetime": {"datetime": "2024-06-13 21:42:34", "elapsed": 2.585087, "delta": 0.003989}}
{"target": -141.19606386460737, "params": {"gamma": 0.05896813178397224, "lr": 0.3126811561554764}, "datetime": {"datetime": "2024-06-13 21:42:34", "elapsed": 2.589076, "delta": 0.003989}}
{"target": -146.91157784389515, "params": {"gamma": 0.5579284287083343, "lr": 0.29386248547054417}, "datetime": {"datetime": "2024-06-13 21:42:34", "elapsed": 2.593066, "delta": 0.00399}}
{"target": -640.8760869639717, "params": {"gamma": 3.5608088438258343, "lr": 0.9536770184739218}, "datetime": {"datetime": "2024-06-13 21:42:34", "elapsed": 2.597055, "delta": 0.003989}}
{"target": -785.1874975788012, "params": {"gamma": 4.770032273945294, "lr": 0.27823844242133033}, "datetime": {"datetime": "2024-06-13 21:42:34", "elapsed": 2.601045, "delta": 0.00399}}
{"target": -774.1690374357835, "params": {"gamma": 5.030548945314497, "lr": 0.6433579246491355}, "datetime": {"datetime": "2024-06-13 21:42:34", "elapsed": 2.604036, "delta": 0.002991}}
{"target": -220.80358636441196, "params": {"gamma": 1.1133454800017826, "lr": 0.7580616581331086}, "datetime": {"datetime": "2024-06-13 21:42:34", "elapsed": 2.608026, "delta": 0.00399}}
{"target": -1436.0486021545748, "params": {"gamma": 8.519605767101668, "lr": 0.8442498595694283}, "datetime": {"datetime": "2024-06-13 21:42:34", "elapsed": 2.612015, "delta": 0.003989}}
{"target": -1267.876914969841, "params": {"gamma": 8.905177817288482, "lr": 0.38184239675576115}, "datetime": {"datetime": "2024-06-13 21:42:34", "elapsed": 2.616004, "delta": 0.003989}}
{"target": -978.1972461679367, "params": {"gamma": 4.438608178466819, "lr": 0.10158147594616618}, "datetime": {"datetime": "2024-06-13 21:42:34", "elapsed": 2.619994, "delta": 0.00399}}
{"target": -419.8503274466374, "params": {"gamma": 2.25884341738992, "lr": 0.971320469273211}, "datetime": {"datetime": "2024-06-13 21:42:34", "elapsed": 2.623983, "delta": 0.003989}}
{"target": -518.1874998517152, "params": {"gamma": 2.8469550657183857, "lr": 0.9073961422409973}, "datetime": {"datetime": "2024-06-13 21:42:34", "elapsed": 2.627972, "delta": 0.003989}}
{"target": -1567.1225449082194, "params": {"gamma": 8.905632311496733, "lr": 0.9225044972603934}, "datetime": {"datetime": "2024-06-13 21:42:34", "elapsed": 2.630964, "delta": 0.002992}}
{"target": -301.1919775547678, "params": {"gamma": 1.5623394948435068, "lr": 0.8797221435013809}, "datetime": {"datetime": "2024-06-13 21:42:34", "elapsed": 2.634954, "delta": 0.00399}}
{"target": -1011.1815226940357, "params": {"gamma": 6.320317509680909, "lr": 0.21062817841880244}, "datetime": {"datetime": "2024-06-13 21:42:34", "elapsed": 2.638943, "delta": 0.003989}}
{"target": -698.1056171774612, "params": {"gamma": 3.4518140318860318, "lr": 0.1599187885892832}, "datetime": {"datetime": "2024-06-13 21:42:34", "elapsed": 2.642932, "delta": 0.003989}}
{"target": -1058.1853563163902, "params": {"gamma": 4.444037226303826, "lr": 0.08377495384546052}, "datetime": {"datetime": "2024-06-13 21:42:34", "elapsed": 2.645924, "delta": 0.002992}}
{"target": -303.51027855867, "params": {"gamma": 1.654019586311918, "lr": 0.19719634646666928}, "datetime": {"datetime": "2024-06-13 21:42:34", "elapsed": 2.649914, "delta": 0.00399}}
{"target": -1039.752425938118, "params": {"gamma": 6.910582388225486, "lr": 0.573802869165353}, "datetime": {"datetime": "2024-06-13 21:42:34", "elapsed": 2.653904, "delta": 0.00399}}
{"target": -1397.9261598074638, "params": {"gamma": 8.733358017233284, "lr": 0.2446340657192081}, "datetime": {"datetime": "2024-06-13 21:42:34", "elapsed": 2.657893, "delta": 0.003989}}
{"target": -1542.5502620513987, "params": {"gamma": 6.296449959232413, "lr": 0.034431265307095615}, "datetime": {"datetime": "2024-06-13 21:42:34", "elapsed": 2.660885, "delta": 0.002992}}
{"target": -893.6484892321452, "params": {"gamma": 5.162468412309614, "lr": 0.8632264817138495}, "datetime": {"datetime": "2024-06-13 21:42:34", "elapsed": 2.664874, "delta": 0.003989}}
{"target": -2396.718600656747, "params": {"gamma": 9.841281312305282, "lr": 0.009872975358918512}, "datetime": {"datetime": "2024-06-13 21:42:34", "elapsed": 2.668863, "delta": 0.003989}}
{"target": -422.4359781219963, "params": {"gamma": 2.5291619792860742, "lr": 0.22384967032752534}, "datetime": {"datetime": "2024-06-13 21:42:34", "elapsed": 2.672853, "delta": 0.00399}}
{"target": -178.98734130639733, "params": {"gamma": 0.4763284046833772, "lr": 0.010172456261775653}, "datetime": {"datetime": "2024-06-13 21:42:34", "elapsed": 2.676842, "delta": 0.003989}}
{"target": -1206.889584342403, "params": {"gamma": 4.902462927130074, "lr": 0.04548214567029407}, "datetime": {"datetime": "2024-06-13 21:42:34", "elapsed": 2.680831, "delta": 0.003989}}
{"target": -440.07424171451567, "params": {"gamma": 2.784002980338173, "lr": 0.6399745691089123}, "datetime": {"datetime": "2024-06-13 21:42:34", "elapsed": 2.68482, "delta": 0.003989}}
{"target": -494.151352919988, "params": {"gamma": 2.9476257235674814, "lr": 0.26965470115905144}, "datetime": {"datetime": "2024-06-13 21:42:34", "elapsed": 2.68881, "delta": 0.00399}}
{"target": -846.7873292292205, "params": {"gamma": 5.905874675913428, "lr": 0.38053407720964005}, "datetime": {"datetime": "2024-06-13 21:42:34", "elapsed": 2.692799, "delta": 0.003989}}
{"target": -922.8596101401731, "params": {"gamma": 7.025527816580048, "lr": 0.4961239512498611}, "datetime": {"datetime": "2024-06-13 21:42:34", "elapsed": 2.696789, "delta": 0.00399}}
{"target": -931.9267989514573, "params": {"gamma": 6.33245944879897, "lr": 0.3533943470016294}, "datetime": {"datetime": "2024-06-13 21:42:34", "elapsed": 2.700778, "delta": 0.003989}}
{"target": -668.0852180322975, "params": {"gamma": 2.871152417608931, "lr": 0.13320711375110195}, "datetime": {"datetime": "2024-06-13 21:42:34", "elapsed": 2.704767, "delta": 0.003989}}
{"target": -1528.1950906905795, "params": {"gamma": 9.370866767604843, "lr": 0.8048358460157946}, "datetime": {"datetime": "2024-06-13 21:42:34", "elapsed": 2.708757, "delta": 0.00399}}
{"target": -1554.5044796949217, "params": {"gamma": 9.380347403020368, "lr": 0.1853805246478023}, "datetime": {"datetime": "2024-06-13 21:42:34", "elapsed": 2.711748, "delta": 0.002991}}
{"target": -1641.2035008175594, "params": {"gamma": 9.331624472469432, "lr": 0.9357532076921331}, "datetime": {"datetime": "2024-06-13 21:42:34", "elapsed": 2.715738, "delta": 0.00399}}
{"target": -476.53572141768325, "params": {"gamma": 2.8361615915229414, "lr": 0.27463424842386297}, "datetime": {"datetime": "2024-06-13 21:42:34", "elapsed": 2.719727, "delta": 0.003989}}
{"target": -922.8189549179823, "params": {"gamma": 5.514764305160052, "lr": 0.18528923936855235}, "datetime": {"datetime": "2024-06-13 21:42:34", "elapsed": 2.723717, "delta": 0.00399}}
{"target": -744.6374397809249, "params": {"gamma": 4.421569005157032, "lr": 0.1853176459376844}, "datetime": {"datetime": "2024-06-13 21:42:34", "elapsed": 2.727706, "delta": 0.003989}}
{"target": -1238.2418115813693, "params": {"gamma": 9.473811803621638, "lr": 0.4938246574910856}, "datetime": {"datetime": "2024-06-13 21:42:34", "elapsed": 2.731695, "delta": 0.003989}}
{"target": -1468.799277318343, "params": {"gamma": 9.639213756472554, "lr": 0.6449416725122118}, "datetime": {"datetime": "2024-06-13 21:42:34", "elapsed": 2.735684, "delta": 0.003989}}
{"target": -861.9769218365777, "params": {"gamma": 4.843673414550824, "lr": 0.9676952459611975}, "datetime": {"datetime": "2024-06-13 21:42:34", "elapsed": 2.738676, "delta": 0.002992}}
{"target": -249.8162618677665, "params": {"gamma": 1.4327546273059197, "lr": 0.6323298746664966}, "datetime": {"datetime": "2024-06-13 21:42:34", "elapsed": 2.742666, "delta": 0.00399}}
{"target": -878.3209997418777, "params": {"gamma": 6.6192217900001395, "lr": 0.43383982715272595}, "datetime": {"datetime": "2024-06-13 21:42:34", "elapsed": 2.746655, "delta": 0.003989}}
{"target": -143.5816514060911, "params": {"gamma": 0.594512896164236, "lr": 0.4927226011660333}, "datetime": {"datetime": "2024-06-13 21:42:34", "elapsed": 2.750645, "delta": 0.00399}}
{"target": -769.5573041224005, "params": {"gamma": 4.651874301237257, "lr": 0.8067468107748635}, "datetime": {"datetime": "2024-06-13 21:42:34", "elapsed": 2.754634, "delta": 0.003989}}
{"target": -382.3725496443365, "params": {"gamma": 2.5673532385398095, "lr": 0.3914303629842686}, "datetime": {"datetime": "2024-06-13 21:42:34", "elapsed": 2.758623, "delta": 0.003989}}
{"target": -400.295311323176, "params": {"gamma": 2.402481900006551, "lr": 0.6864434151723641}, "datetime": {"datetime": "2024-06-13 21:42:34", "elapsed": 2.761615, "delta": 0.002992}}
{"target": -1723.412733695801, "params": {"gamma": 9.898844649917818, "lr": 0.1774295368682619}, "datetime": {"datetime": "2024-06-13 21:42:34", "elapsed": 2.766293, "delta": 0.004678}}
{"target": -1315.9828688042326, "params": {"gamma": 8.214645955522746, "lr": 0.2309885592816333}, "datetime": {"datetime": "2024-06-13 21:42:34", "elapsed": 2.770283, "delta": 0.00399}}
{"target": -184.43508616927278, "params": {"gamma": 0.5807001579142975, "lr": 0.13881651804567363}, "datetime": {"datetime": "2024-06-13 21:42:34", "elapsed": 2.773275, "delta": 0.002992}}
{"target": -1624.5692078846134, "params": {"gamma": 9.351596002308344, "lr": 0.8885421033562281}, "datetime": {"datetime": "2024-06-13 21:42:34", "elapsed": 2.777264, "delta": 0.003989}}
{"target": -526.8674502807058, "params": {"gamma": 2.893315694333617, "lr": 0.9477640661016069}, "datetime": {"datetime": "2024-06-13 21:42:34", "elapsed": 2.781253, "delta": 0.003989}}
{"target": -1122.4374721948504, "params": {"gamma": 8.499455421778958, "lr": 0.4346547940716735}, "datetime": {"datetime": "2024-06-13 21:42:34", "elapsed": 2.785242, "delta": 0.003989}}
{"target": -721.7337851035505, "params": {"gamma": 4.681027499109862, "lr": 0.6298530215834227}, "datetime": {"datetime": "2024-06-13 21:42:34", "elapsed": 2.789232, "delta": 0.00399}}
{"target": -415.35245035332144, "params": {"gamma": 1.581160317803163, "lr": 0.014782086742092915}, "datetime": {"datetime": "2024-06-13 21:42:34", "elapsed": 2.793222, "delta": 0.00399}}
{"target": -668.2031671064391, "params": {"gamma": 2.655854662706386, "lr": 0.015443631942760883}, "datetime": {"datetime": "2024-06-13 21:42:34", "elapsed": 2.797211, "delta": 0.003989}}
{"target": -948.471480675798, "params": {"gamma": 6.745313942778413, "lr": 0.5514688358127765}, "datetime": {"datetime": "2024-06-13 21:42:34", "elapsed": 2.8012, "delta": 0.003989}}
{"target": -541.0563405707279, "params": {"gamma": 3.2171598078821737, "lr": 0.7802023371197586}, "datetime": {"datetime": "2024-06-13 21:42:34", "elapsed": 2.805189, "delta": 0.003989}}
{"target": -262.88643334328424, "params": {"gamma": 1.4587085267165556, "lr": 0.2448806387618836}, "datetime": {"datetime": "2024-06-13 21:42:34", "elapsed": 2.809179, "delta": 0.00399}}
{"target": -502.4291227127635, "params": {"gamma": 2.923845306630798, "lr": 0.19593194649899215}, "datetime": {"datetime": "2024-06-13 21:42:34", "elapsed": 2.813168, "delta": 0.003989}}
{"target": -197.52051561737855, "params": {"gamma": 0.8802988990222627, "lr": 0.8699761802716075}, "datetime": {"datetime": "2024-06-13 21:42:34", "elapsed": 2.817157, "delta": 0.003989}}
{"target": -186.3018749200527, "params": {"gamma": 0.8827982670695292, "lr": 0.6837103358216379}, "datetime": {"datetime": "2024-06-13 21:42:34", "elapsed": 2.820149, "delta": 0.002992}}
{"target": -329.5016898298974, "params": {"gamma": 1.204888367700376, "lr": 0.010699003144174157}, "datetime": {"datetime": "2024-06-13 21:42:34", "elapsed": 2.824139, "delta": 0.00399}}
{"target": -988.8884264474434, "params": {"gamma": 5.573125032519063, "lr": 0.9071090552203707}, "datetime": {"datetime": "2024-06-13 21:42:34", "elapsed": 2.828128, "delta": 0.003989}}
{"target": -1260.078170228445, "params": {"gamma": 8.604706216701516, "lr": 0.33845138411825004}, "datetime": {"datetime": "2024-06-13 21:42:34", "elapsed": 2.832117, "delta": 0.003989}}
{"target": -136.7442326244286, "params": {"gamma": 0.27256113442929636, "lr": 0.8008593551300331}, "datetime": {"datetime": "2024-06-13 21:42:34", "elapsed": 2.836106, "delta": 0.003989}}
{"target": -1383.7669196108711, "params": {"gamma": 8.06004333796437, "lr": 0.8684881163027721}, "datetime": {"datetime": "2024-06-13 21:42:34", "elapsed": 2.840096, "delta": 0.00399}}
{"target": -1097.9260370211016, "params": {"gamma": 6.696796352155456, "lr": 0.8077788623150765}, "datetime": {"datetime": "2024-06-13 21:42:34", "elapsed": 2.844085, "delta": 0.003989}}
{"target": -1184.2299497432048, "params": {"gamma": 8.9750853247459, "lr": 0.4538299504900123}, "datetime": {"datetime": "2024-06-13 21:42:34", "elapsed": 2.847077, "delta": 0.002992}}
{"target": -791.257958447914, "params": {"gamma": 5.578695211845391, "lr": 0.5061311288282347}, "datetime": {"datetime": "2024-06-13 21:42:34", "elapsed": 2.851067, "delta": 0.00399}}
{"target": -1102.7335456886299, "params": {"gamma": 6.920147061337664, "lr": 0.6829068676298748}, "datetime": {"datetime": "2024-06-13 21:42:34", "elapsed": 2.855056, "delta": 0.003989}}
{"target": -858.2190165710264, "params": {"gamma": 5.203616044997302, "lr": 0.8284681480854713}, "datetime": {"datetime": "2024-06-13 21:42:34", "elapsed": 2.859045, "delta": 0.003989}}
{"target": -834.9166300429304, "params": {"gamma": 5.058288088511875, "lr": 0.8248585623852319}, "datetime": {"datetime": "2024-06-13 21:42:34", "elapsed": 2.863035, "delta": 0.00399}}
{"target": -509.58558337608395, "params": {"gamma": 2.8191690363442863, "lr": 0.17849483297748825}, "datetime": {"datetime": "2024-06-13 21:42:34", "elapsed": 2.867024, "delta": 0.003989}}
{"target": -1600.36532284527, "params": {"gamma": 9.698735832876796, "lr": 0.7419395254560768}, "datetime": {"datetime": "2024-06-13 21:42:34", "elapsed": 2.871013, "delta": 0.003989}}
{"target": -405.5329716651158, "params": {"gamma": 2.598657141350841, "lr": 0.5812353422911717}, "datetime": {"datetime": "2024-06-13 21:42:35", "elapsed": 2.874006, "delta": 0.002993}}
{"target": -2327.1655236630572, "params": {"gamma": 9.55266727312833, "lr": 0.0807539078120788}, "datetime": {"datetime": "2024-06-13 21:42:35", "elapsed": 2.877994, "delta": 0.003988}}
{"target": -173.75903441693706, "params": {"gamma": 0.8362585364103492, "lr": 0.6191348314199072}, "datetime": {"datetime": "2024-06-13 21:42:35", "elapsed": 2.881984, "delta": 0.00399}}
{"target": -388.2886621210945, "params": {"gamma": 2.245710294880741, "lr": 0.7651839567335081}, "datetime": {"datetime": "2024-06-13 21:42:35", "elapsed": 2.885973, "delta": 0.003989}}
{"target": -872.078215825417, "params": {"gamma": 5.681957276948102, "lr": 0.6661880902234952}, "datetime": {"datetime": "2024-06-13 21:42:35", "elapsed": 2.889963, "delta": 0.00399}}
{"target": -288.87122516993907, "params": {"gamma": 1.0790311940451294, "lr": 0.08428305143655679}, "datetime": {"datetime": "2024-06-13 21:42:35", "elapsed": 2.893952, "delta": 0.003989}}
{"target": -816.3127723790576, "params": {"gamma": 6.251585561986592, "lr": 0.4097312611340205}, "datetime": {"datetime": "2024-06-13 21:42:35", "elapsed": 2.897941, "delta": 0.003989}}
{"target": -168.3232633242989, "params": {"gamma": 0.8734379861959459, "lr": 0.3710639450161891}, "datetime": {"datetime": "2024-06-13 21:42:35", "elapsed": 2.901931, "delta": 0.00399}}
{"target": -1119.943415068697, "params": {"gamma": 6.72177195215883, "lr": 0.1895874001915857}, "datetime": {"datetime": "2024-06-13 21:42:35", "elapsed": 2.904923, "delta": 0.002992}}
{"target": -1576.1237456500228, "params": {"gamma": 8.957395356178512, "lr": 0.9498463888800873}, "datetime": {"datetime": "2024-06-13 21:42:35", "elapsed": 2.908912, "delta": 0.003989}}
{"target": -1586.8023403659834, "params": {"gamma": 9.615763851802903, "lr": 0.7300825577402602}, "datetime": {"datetime": "2024-06-13 21:42:35", "elapsed": 2.912901, "delta": 0.003989}}
{"target": -680.9152354889123, "params": {"gamma": 4.063477988455463, "lr": 0.7437491963512196}, "datetime": {"datetime": "2024-06-13 21:42:35", "elapsed": 2.916891, "delta": 0.00399}}
{"target": -451.2735577351085, "params": {"gamma": 2.8805808058682407, "lr": 0.3144172223907462}, "datetime": {"datetime": "2024-06-13 21:42:35", "elapsed": 2.92088, "delta": 0.003989}}
{"target": -915.913496167414, "params": {"gamma": 6.059357715817362, "lr": 0.5948471334079176}, "datetime": {"datetime": "2024-06-13 21:42:35", "elapsed": 2.924869, "delta": 0.003989}}
{"target": -1431.330987751426, "params": {"gamma": 8.786731102181795, "lr": 0.25460075566057694}, "datetime": {"datetime": "2024-06-13 21:42:35", "elapsed": 2.929856, "delta": 0.004987}}
{"target": -1350.9421599711193, "params": {"gamma": 7.662117463663015, "lr": 0.9410132668189013}, "datetime": {"datetime": "2024-06-13 21:42:35", "elapsed": 2.933845, "delta": 0.003989}}
{"target": -145.24254362476546, "params": {"gamma": 0.011328293644688577, "lr": 0.47608911800210485}, "datetime": {"datetime": "2024-06-13 21:42:35", "elapsed": 2.937835, "delta": 0.00399}}
{"target": -1111.9370887371904, "params": {"gamma": 6.570746249918269, "lr": 0.8433232139195225}, "datetime": {"datetime": "2024-06-13 21:42:35", "elapsed": 2.941828, "delta": 0.003993}}
{"target": -336.01665877444026, "params": {"gamma": 1.8382103793481412, "lr": 0.8561592379873718}, "datetime": {"datetime": "2024-06-13 21:42:35", "elapsed": 2.946749, "delta": 0.004921}}
{"target": -654.7730013145964, "params": {"gamma": 3.6442904330904224, "lr": 0.8922739292761724}, "datetime": {"datetime": "2024-06-13 21:42:35", "elapsed": 2.950739, "delta": 0.00399}}
{"target": -148.6474011931819, "params": {"gamma": 0.2780896894835276, "lr": 0.08539013912317062}, "datetime": {"datetime": "2024-06-13 21:42:35", "elapsed": 2.954728, "delta": 0.003989}}
{"target": -1446.823772610899, "params": {"gamma": 9.81412324707537, "lr": 0.6095019257734966}, "datetime": {"datetime": "2024-06-13 21:42:35", "elapsed": 2.958719, "delta": 0.003991}}
{"target": -740.3451426662618, "params": {"gamma": 4.176905835795019, "lr": 0.16921418469369054}, "datetime": {"datetime": "2024-06-13 21:42:35", "elapsed": 2.962706, "delta": 0.003987}}
{"target": -1591.4314198478726, "params": {"gamma": 6.499361629743811, "lr": 0.03697506835935782}, "datetime": {"datetime": "2024-06-13 21:42:35", "elapsed": 2.966696, "delta": 0.00399}}
{"target": -486.185045937661, "params": {"gamma": 3.116827520693586, "lr": 0.32347919698907535}, "datetime": {"datetime": "2024-06-13 21:42:35", "elapsed": 2.970685, "delta": 0.003989}}
{"target": -931.2070835548104, "params": {"gamma": 6.074811493252022, "lr": 0.6508312566756971}, "datetime": {"datetime": "2024-06-13 21:42:35", "elapsed": 2.974674, "delta": 0.003989}}
{"target": -1489.7589113014578, "params": {"gamma": 8.460699937765456, "lr": 0.9275809425975434}, "datetime": {"datetime": "2024-06-13 21:42:35", "elapsed": 2.978664, "delta": 0.00399}}
{"target": -994.4295649053382, "params": {"gamma": 6.604916818383386, "lr": 0.5781739184085382}, "datetime": {"datetime": "2024-06-13 21:42:35", "elapsed": 2.982653, "delta": 0.003989}}
{"target": -714.2507224985244, "params": {"gamma": 3.987756720746455, "lr": 0.966612492642142}, "datetime": {"datetime": "2024-06-13 21:42:35", "elapsed": 2.986642, "delta": 0.003989}}
{"target": -301.0262511485448, "params": {"gamma": 1.541637639151742, "lr": 0.8950868086486484}, "datetime": {"datetime": "2024-06-13 21:42:35", "elapsed": 2.990632, "delta": 0.00399}}
{"target": -450.1245241177846, "params": {"gamma": 3.1108196657805305, "lr": 0.548489089666104}, "datetime": {"datetime": "2024-06-13 21:42:35", "elapsed": 2.994621, "delta": 0.003989}}
{"target": -1095.8595419965984, "params": {"gamma": 6.8209805180697165, "lr": 0.23646965132615538}, "datetime": {"datetime": "2024-06-13 21:42:35", "elapsed": 2.99861, "delta": 0.003989}}
{"target": -263.2472490439138, "params": {"gamma": 1.678199113817666, "lr": 0.508482013429616}, "datetime": {"datetime": "2024-06-13 21:42:35", "elapsed": 3.001602, "delta": 0.002992}}
{"target": -1259.389631285031, "params": {"gamma": 7.918846891971133, "lr": 0.6924144621670756}, "datetime": {"datetime": "2024-06-13 21:42:35", "elapsed": 3.005592, "delta": 0.00399}}
{"target": -246.09150681693254, "params": {"gamma": 1.1906143983929753, "lr": 0.900742215071733}, "datetime": {"datetime": "2024-06-13 21:42:35", "elapsed": 3.009581, "delta": 0.003989}}
{"target": -854.0605878571239, "params": {"gamma": 4.797895932924502, "lr": 0.9466766792396476}, "datetime": {"datetime": "2024-06-13 21:42:35", "elapsed": 3.013571, "delta": 0.00399}}
