{"target": -1087.8208451554947, "params": {"gamma": 8.339212870314833, "lr": 0.6982817992918626}, "datetime": {"datetime": "2024-06-13 19:11:58", "elapsed": 4.323216, "delta": 0.004986}}
{"target": -195.45772068423793, "params": {"gamma": 1.466940409067313, "lr": 0.6124611286280749}, "datetime": {"datetime": "2024-06-13 19:11:58", "elapsed": 4.327206, "delta": 0.00399}}
{"target": -473.06631149071336, "params": {"gamma": 2.793924035827702, "lr": 0.9158787230673001}, "datetime": {"datetime": "2024-06-13 19:11:58", "elapsed": 4.331195, "delta": 0.003989}}
{"target": -231.54951344173512, "params": {"gamma": 1.9831246698113274, "lr": 0.28571649537130284}, "datetime": {"datetime": "2024-06-13 19:11:58", "elapsed": 4.335184, "delta": 0.003989}}
{"target": -122.74571901033055, "params": {"gamma": 0.47749939499181976, "lr": 0.44757914405063814}, "datetime": {"datetime": "2024-06-13 19:11:58", "elapsed": 4.339174, "delta": 0.00399}}
{"target": -611.3898103293121, "params": {"gamma": 5.576320563895948, "lr": 0.5735610825770953}, "datetime": {"datetime": "2024-06-13 19:11:58", "elapsed": 4.343163, "delta": 0.003989}}
{"target": -909.5079573897186, "params": {"gamma": 9.053868422216771, "lr": 0.34741393280060506}, "datetime": {"datetime": "2024-06-13 19:11:58", "elapsed": 4.347152, "delta": 0.003989}}
{"target": -698.2026443738886, "params": {"gamma": 4.475836267532962, "lr": 0.8512376625014975}, "datetime": {"datetime": "2024-06-13 19:11:58", "elapsed": 4.351171, "delta": 0.004019}}
{"target": -629.4499700419167, "params": {"gamma": 5.768716203017017, "lr": 0.6539929348777337}, "datetime": {"datetime": "2024-06-13 19:11:58", "elapsed": 4.355163, "delta": 0.003992}}
{"target": -280.48820139265723, "params": {"gamma": 2.784314944612766, "lr": 0.48747130162584906}, "datetime": {"datetime": "2024-06-13 19:11:58", "elapsed": 4.359149, "delta": 0.003986}}
{"target": -893.0478752683587, "params": {"gamma": 6.209902923417142, "lr": 0.13339403014523998}, "datetime": {"datetime": "2024-06-13 19:11:58", "elapsed": 4.36311, "delta": 0.003961}}
{"target": -130.6677494278555, "params": {"gamma": 0.3300542572087522, "lr": 0.11341100113082614}, "datetime": {"datetime": "2024-06-13 19:11:58", "elapsed": 4.368096, "delta": 0.004986}}
{"target": -937.1700443998409, "params": {"gamma": 4.775133302320191, "lr": 0.02402673463080851}, "datetime": {"datetime": "2024-06-13 19:11:58", "elapsed": 4.372085, "delta": 0.003989}}
{"target": -1148.3926443252801, "params": {"gamma": 6.26246308244308, "lr": 0.09758261797608447}, "datetime": {"datetime": "2024-06-13 19:11:58", "elapsed": 4.376075, "delta": 0.00399}}
{"target": -258.5286336884852, "params": {"gamma": 2.5103644156247413, "lr": 0.42649294585621844}, "datetime": {"datetime": "2024-06-13 19:11:58", "elapsed": 4.380465, "delta": 0.00439}}
{"target": -160.2920364753821, "params": {"gamma": 1.159151640315784, "lr": 0.2705519937974664}, "datetime": {"datetime": "2024-06-13 19:11:59", "elapsed": 4.384454, "delta": 0.003989}}
{"target": -136.17353556216182, "params": {"gamma": 0.21177564868227716, "lr": 0.9850455536104694}, "datetime": {"datetime": "2024-06-13 19:11:59", "elapsed": 4.388444, "delta": 0.00399}}
{"target": -609.6616449732281, "params": {"gamma": 6.116124507605985, "lr": 0.3783538388352491}, "datetime": {"datetime": "2024-06-13 19:11:59", "elapsed": 4.39343, "delta": 0.004986}}
{"target": -124.9156081393251, "params": {"gamma": 0.2662569827533811, "lr": 0.3898387483749842}, "datetime": {"datetime": "2024-06-13 19:11:59", "elapsed": 4.39742, "delta": 0.00399}}
{"target": -749.4425286957869, "params": {"gamma": 4.526133705237957, "lr": 0.9310031937645028}, "datetime": {"datetime": "2024-06-13 19:11:59", "elapsed": 4.401409, "delta": 0.003989}}
{"target": -321.4807905230732, "params": {"gamma": 2.7857632142087283, "lr": 0.6147818910832991}, "datetime": {"datetime": "2024-06-13 19:11:59", "elapsed": 4.405398, "delta": 0.003989}}
{"target": -909.7314049713282, "params": {"gamma": 6.6520183774673525, "lr": 0.18596096979633892}, "datetime": {"datetime": "2024-06-13 19:11:59", "elapsed": 4.409387, "delta": 0.003989}}
{"target": -685.6849912079127, "params": {"gamma": 5.058127726515332, "lr": 0.7865007628599349}, "datetime": {"datetime": "2024-06-13 19:11:59", "elapsed": 4.413377, "delta": 0.00399}}
{"target": -155.60639205873932, "params": {"gamma": 0.966693765249707, "lr": 0.6060352981689622}, "datetime": {"datetime": "2024-06-13 19:11:59", "elapsed": 4.418364, "delta": 0.004987}}
{"target": -140.56837861710366, "params": {"gamma": 0.261573266951244, "lr": 0.00704672381007565}, "datetime": {"datetime": "2024-06-13 19:11:59", "elapsed": 4.422352, "delta": 0.003988}}
{"target": -124.40386176055384, "params": {"gamma": 0.5962265427935735, "lr": 0.4814004591490364}, "datetime": {"datetime": "2024-06-13 19:11:59", "elapsed": 4.426342, "delta": 0.00399}}
{"target": -888.7628252606042, "params": {"gamma": 9.257115382793618, "lr": 0.4055573841390242}, "datetime": {"datetime": "2024-06-13 19:11:59", "elapsed": 4.430331, "delta": 0.003989}}
{"target": -171.6217698217107, "params": {"gamma": 0.7512513607260716, "lr": 0.8613524744830288}, "datetime": {"datetime": "2024-06-13 19:11:59", "elapsed": 4.434321, "delta": 0.00399}}
{"target": -554.9308243006493, "params": {"gamma": 5.193456557118933, "lr": 0.3189358689174241}, "datetime": {"datetime": "2024-06-13 19:11:59", "elapsed": 4.43831, "delta": 0.003989}}
{"target": -1572.683604351567, "params": {"gamma": 9.630360355507971, "lr": 0.9382617685023783}, "datetime": {"datetime": "2024-06-13 19:11:59", "elapsed": 4.442299, "delta": 0.003989}}
{"target": -328.83924313467503, "params": {"gamma": 2.6009297005949668, "lr": 0.20139185371372026}, "datetime": {"datetime": "2024-06-13 19:11:59", "elapsed": 4.446289, "delta": 0.00399}}
{"target": -911.5261327660513, "params": {"gamma": 5.889498124357467, "lr": 0.8425182098415589}, "datetime": {"datetime": "2024-06-13 19:11:59", "elapsed": 4.450278, "delta": 0.003989}}
{"target": -381.3098014725981, "params": {"gamma": 3.3678741763608038, "lr": 0.5864294214642616}, "datetime": {"datetime": "2024-06-13 19:11:59", "elapsed": 4.455265, "delta": 0.004987}}
{"target": -250.18913163825746, "params": {"gamma": 1.623287749788599, "lr": 0.19459373523814183}, "datetime": {"datetime": "2024-06-13 19:11:59", "elapsed": 4.459254, "delta": 0.003989}}
{"target": -1066.69467818441, "params": {"gamma": 7.613590824704965, "lr": 0.15009846135204996}, "datetime": {"datetime": "2024-06-13 19:11:59", "elapsed": 4.463243, "delta": 0.003989}}
{"target": -367.8146862755058, "params": {"gamma": 2.659804503437227, "lr": 0.6894948631776694}, "datetime": {"datetime": "2024-06-13 19:11:59", "elapsed": 4.467233, "delta": 0.00399}}
{"target": -137.61089721831362, "params": {"gamma": 0.15187798702215813, "lr": 0.03219440386857053}, "datetime": {"datetime": "2024-06-13 19:11:59", "elapsed": 4.471222, "delta": 0.003989}}
{"target": -300.8686914225331, "params": {"gamma": 2.8759718743002627, "lr": 0.3366231805122991}, "datetime": {"datetime": "2024-06-13 19:11:59", "elapsed": 4.475211, "delta": 0.003989}}
{"target": -532.3741385684325, "params": {"gamma": 3.622798839194582, "lr": 0.8071905755135196}, "datetime": {"datetime": "2024-06-13 19:11:59", "elapsed": 4.479201, "delta": 0.00399}}
{"target": -121.5788872425475, "params": {"gamma": 0.3607736956187603, "lr": 0.3583952446253251}, "datetime": {"datetime": "2024-06-13 19:11:59", "elapsed": 4.48319, "delta": 0.003989}}
{"target": -898.2128901479172, "params": {"gamma": 6.383143054534976, "lr": 0.14300410951832265}, "datetime": {"datetime": "2024-06-13 19:11:59", "elapsed": 4.48718, "delta": 0.00399}}
{"target": -923.7007482324974, "params": {"gamma": 8.577528406499894, "lr": 0.6455644082734328}, "datetime": {"datetime": "2024-06-13 19:11:59", "elapsed": 4.491169, "delta": 0.003989}}
{"target": -177.25672211673037, "params": {"gamma": 1.1538189613747907, "lr": 0.2080974099989472}, "datetime": {"datetime": "2024-06-13 19:11:59", "elapsed": 4.495158, "delta": 0.003989}}
{"target": -718.6526081304027, "params": {"gamma": 7.455237809150899, "lr": 0.40340662833417285}, "datetime": {"datetime": "2024-06-13 19:11:59", "elapsed": 4.499148, "delta": 0.00399}}
{"target": -768.6167649828321, "params": {"gamma": 4.84521613942412, "lr": 0.8874550780727275}, "datetime": {"datetime": "2024-06-13 19:11:59", "elapsed": 4.504134, "delta": 0.004986}}
{"target": -256.5451851255811, "params": {"gamma": 1.3752980526926846, "lr": 0.9643727973861176}, "datetime": {"datetime": "2024-06-13 19:11:59", "elapsed": 4.508123, "delta": 0.003989}}
{"target": -149.7402490013048, "params": {"gamma": 0.4272541882840023, "lr": 0.09944025725488481}, "datetime": {"datetime": "2024-06-13 19:11:59", "elapsed": 4.512113, "delta": 0.00399}}
{"target": -342.6865331170331, "params": {"gamma": 2.2331610709734946, "lr": 0.8065850822605141}, "datetime": {"datetime": "2024-06-13 19:11:59", "elapsed": 4.516172, "delta": 0.004059}}
{"target": -503.3829337286873, "params": {"gamma": 4.559272200887655, "lr": 0.6532511422613194}, "datetime": {"datetime": "2024-06-13 19:11:59", "elapsed": 4.520091, "delta": 0.003919}}
{"target": -278.3245396015657, "params": {"gamma": 1.7440370540608525, "lr": 0.16672193292652826}, "datetime": {"datetime": "2024-06-13 19:11:59", "elapsed": 4.524081, "delta": 0.00399}}
{"target": -692.8683321296021, "params": {"gamma": 5.208962557197339, "lr": 0.7402936352802216}, "datetime": {"datetime": "2024-06-13 19:11:59", "elapsed": 4.52807, "delta": 0.003989}}
{"target": -734.8349751203065, "params": {"gamma": 4.62528217768507, "lr": 0.8696140851211128}, "datetime": {"datetime": "2024-06-13 19:11:59", "elapsed": 4.532059, "delta": 0.003989}}
{"target": -810.4425040520573, "params": {"gamma": 6.604458934771733, "lr": 0.2490900884519328}, "datetime": {"datetime": "2024-06-13 19:11:59", "elapsed": 4.537046, "delta": 0.004987}}
{"target": -248.4331944861893, "params": {"gamma": 2.3497873058002465, "lr": 0.3740467168670696}, "datetime": {"datetime": "2024-06-13 19:11:59", "elapsed": 4.541036, "delta": 0.00399}}
{"target": -1239.4638463825622, "params": {"gamma": 7.566403946905877, "lr": 0.9379376643097822}, "datetime": {"datetime": "2024-06-13 19:11:59", "elapsed": 4.545025, "delta": 0.003989}}
{"target": -913.7864626889753, "params": {"gamma": 8.61919808718901, "lr": 0.26161079268292176}, "datetime": {"datetime": "2024-06-13 19:11:59", "elapsed": 4.549015, "delta": 0.00399}}
{"target": -458.2073955748731, "params": {"gamma": 4.12337700085772, "lr": 0.6115440994503215}, "datetime": {"datetime": "2024-06-13 19:11:59", "elapsed": 4.554001, "delta": 0.004986}}
{"target": -546.6788006459036, "params": {"gamma": 5.468797723702268, "lr": 0.3892749454089657}, "datetime": {"datetime": "2024-06-13 19:11:59", "elapsed": 4.55799, "delta": 0.003989}}
{"target": -179.0846187606008, "params": {"gamma": 1.0151063480358857, "lr": 0.7122448043972556}, "datetime": {"datetime": "2024-06-13 19:11:59", "elapsed": 4.561979, "delta": 0.003989}}
{"target": -186.3295292117285, "params": {"gamma": 0.8822635040904132, "lr": 0.8660774293737196}, "datetime": {"datetime": "2024-06-13 19:11:59", "elapsed": 4.565969, "delta": 0.00399}}
{"target": -1134.2254943985065, "params": {"gamma": 8.634620954886014, "lr": 0.7084507915153727}, "datetime": {"datetime": "2024-06-13 19:11:59", "elapsed": 4.569958, "delta": 0.003989}}
{"target": -644.6807898500778, "params": {"gamma": 4.864759313503054, "lr": 0.6991465654129165}, "datetime": {"datetime": "2024-06-13 19:11:59", "elapsed": 4.573947, "delta": 0.003989}}
{"target": -541.2311690035862, "params": {"gamma": 3.950475613957549, "lr": 0.7974959842933487}, "datetime": {"datetime": "2024-06-13 19:11:59", "elapsed": 4.577937, "delta": 0.00399}}
{"target": -1101.0434325587848, "params": {"gamma": 7.864384405716199, "lr": 0.15552858387362167}, "datetime": {"datetime": "2024-06-13 19:11:59", "elapsed": 4.582924, "delta": 0.004987}}
{"target": -330.0178817292587, "params": {"gamma": 3.1788576859556272, "lr": 0.34398317678599033}, "datetime": {"datetime": "2024-06-13 19:11:59", "elapsed": 4.58791, "delta": 0.004986}}
{"target": -393.43849608022003, "params": {"gamma": 3.6423388162366046, "lr": 0.5666455566878987}, "datetime": {"datetime": "2024-06-13 19:11:59", "elapsed": 4.592898, "delta": 0.004988}}
{"target": -129.6917313027018, "params": {"gamma": 0.4178327377603575, "lr": 0.6599697189638991}, "datetime": {"datetime": "2024-06-13 19:11:59", "elapsed": 4.596887, "delta": 0.003989}}
{"target": -215.97163948639428, "params": {"gamma": 2.0171159588072864, "lr": 0.4164625561731081}, "datetime": {"datetime": "2024-06-13 19:11:59", "elapsed": 4.602095, "delta": 0.005208}}
{"target": -460.131882471601, "params": {"gamma": 4.5094756723505, "lr": 0.3487267695476459}, "datetime": {"datetime": "2024-06-13 19:11:59", "elapsed": 4.606085, "delta": 0.00399}}
{"target": -565.4447901790286, "params": {"gamma": 3.8334198209699974, "lr": 0.18030606084775935}, "datetime": {"datetime": "2024-06-13 19:11:59", "elapsed": 4.610074, "delta": 0.003989}}
{"target": -136.94980668787062, "params": {"gamma": 0.68223244388335, "lr": 0.5512566489358516}, "datetime": {"datetime": "2024-06-13 19:11:59", "elapsed": 4.615061, "delta": 0.004987}}
{"target": -840.173544441859, "params": {"gamma": 5.959073589220895, "lr": 0.1454997892217088}, "datetime": {"datetime": "2024-06-13 19:11:59", "elapsed": 4.620047, "delta": 0.004986}}
{"target": -262.95472651959864, "params": {"gamma": 2.310186141512919, "lr": 0.2863771315373824}, "datetime": {"datetime": "2024-06-13 19:11:59", "elapsed": 4.624037, "delta": 0.00399}}
{"target": -1161.7615985439259, "params": {"gamma": 8.307682917677353, "lr": 0.15342094116241234}, "datetime": {"datetime": "2024-06-13 19:11:59", "elapsed": 4.629022, "delta": 0.004985}}
{"target": -579.3861775094597, "params": {"gamma": 5.521835936727261, "lr": 0.5681397176921924}, "datetime": {"datetime": "2024-06-13 19:11:59", "elapsed": 4.633012, "delta": 0.00399}}
{"target": -354.84641436373556, "params": {"gamma": 3.434857510993614, "lr": 0.3506171893069536}, "datetime": {"datetime": "2024-06-13 19:11:59", "elapsed": 4.637999, "delta": 0.004987}}
{"target": -978.0794704709082, "params": {"gamma": 9.591161063174503, "lr": 0.5533439494595207}, "datetime": {"datetime": "2024-06-13 19:11:59", "elapsed": 4.641988, "delta": 0.003989}}
{"target": -623.367607881916, "params": {"gamma": 6.527659277808647, "lr": 0.4907401164444133}, "datetime": {"datetime": "2024-06-13 19:11:59", "elapsed": 4.646975, "delta": 0.004987}}
{"target": -702.4740695255585, "params": {"gamma": 6.466853166736234, "lr": 0.605250785507062}, "datetime": {"datetime": "2024-06-13 19:11:59", "elapsed": 4.650964, "delta": 0.003989}}
{"target": -172.4795156890168, "params": {"gamma": 1.452587755908036, "lr": 0.3346805328845932}, "datetime": {"datetime": "2024-06-13 19:11:59", "elapsed": 4.654953, "delta": 0.003989}}
{"target": -668.7207653941476, "params": {"gamma": 4.604879500595876, "lr": 0.12782166160638486}, "datetime": {"datetime": "2024-06-13 19:11:59", "elapsed": 4.65994, "delta": 0.004987}}
{"target": -452.4575150342993, "params": {"gamma": 3.6313701627213772, "lr": 0.22814163429292222}, "datetime": {"datetime": "2024-06-13 19:11:59", "elapsed": 4.663929, "delta": 0.003989}}
{"target": -852.2217474701429, "params": {"gamma": 8.47517852010175, "lr": 0.34147408002129864}, "datetime": {"datetime": "2024-06-13 19:11:59", "elapsed": 4.667918, "delta": 0.003989}}
{"target": -237.42083244160187, "params": {"gamma": 2.268666417341983, "lr": 0.4081814028522822}, "datetime": {"datetime": "2024-06-13 19:11:59", "elapsed": 4.671908, "delta": 0.00399}}
{"target": -1324.413306093317, "params": {"gamma": 6.830957412174848, "lr": 0.06562199896142484}, "datetime": {"datetime": "2024-06-13 19:11:59", "elapsed": 4.676894, "delta": 0.004986}}
{"target": -265.1260448480433, "params": {"gamma": 1.8081114068162947, "lr": 0.6943069389237286}, "datetime": {"datetime": "2024-06-13 19:11:59", "elapsed": 4.680884, "delta": 0.00399}}
{"target": -813.0951926226811, "params": {"gamma": 7.522813791436128, "lr": 0.6177542796100679}, "datetime": {"datetime": "2024-06-13 19:11:59", "elapsed": 4.684873, "delta": 0.003989}}
{"target": -1265.6264582699846, "params": {"gamma": 8.792106406805418, "lr": 0.16880019007759361}, "datetime": {"datetime": "2024-06-13 19:11:59", "elapsed": 4.688862, "delta": 0.003989}}
{"target": -1153.8257043306917, "params": {"gamma": 7.0357737742820845, "lr": 0.9172601590800086}, "datetime": {"datetime": "2024-06-13 19:11:59", "elapsed": 4.692852, "delta": 0.00399}}
{"target": -208.81887800436363, "params": {"gamma": 1.508245851371479, "lr": 0.24376397739618116}, "datetime": {"datetime": "2024-06-13 19:11:59", "elapsed": 4.696841, "delta": 0.003989}}
{"target": -554.6274880357588, "params": {"gamma": 5.467299036335953, "lr": 0.3441193369759975}, "datetime": {"datetime": "2024-06-13 19:11:59", "elapsed": 4.701828, "delta": 0.004987}}
{"target": -1338.6878225128755, "params": {"gamma": 6.90670016874316, "lr": 0.05756761842510749}, "datetime": {"datetime": "2024-06-13 19:11:59", "elapsed": 4.705817, "delta": 0.003989}}
{"target": -243.46487990357926, "params": {"gamma": 1.6084806590922747, "lr": 0.7162383064796215}, "datetime": {"datetime": "2024-06-13 19:11:59", "elapsed": 4.709806, "delta": 0.003989}}
{"target": -1584.9323138194334, "params": {"gamma": 9.706216365641005, "lr": 0.9295503765123406}, "datetime": {"datetime": "2024-06-13 19:11:59", "elapsed": 4.713797, "delta": 0.003991}}
{"target": -1285.080383752724, "params": {"gamma": 9.010768867234715, "lr": 0.12774331390359328}, "datetime": {"datetime": "2024-06-13 19:11:59", "elapsed": 4.718783, "delta": 0.004986}}
{"target": -321.0873354562627, "params": {"gamma": 1.4601432517979631, "lr": 0.07226475681487265}, "datetime": {"datetime": "2024-06-13 19:11:59", "elapsed": 4.722771, "delta": 0.003988}}
{"target": -857.9296365911166, "params": {"gamma": 5.425859791214765, "lr": 0.8824861729023715}, "datetime": {"datetime": "2024-06-13 19:11:59", "elapsed": 4.726761, "delta": 0.00399}}
{"target": -719.7690067713396, "params": {"gamma": 5.318387208768819, "lr": 0.7817152853959399}, "datetime": {"datetime": "2024-06-13 19:11:59", "elapsed": 4.731748, "delta": 0.004987}}
{"target": -321.48244323504684, "params": {"gamma": 1.8853494153257044, "lr": 0.863111260166335}, "datetime": {"datetime": "2024-06-13 19:11:59", "elapsed": 4.735737, "delta": 0.003989}}
{"target": -396.0902859346819, "params": {"gamma": 1.8750602824827893, "lr": 0.054764126066523255}, "datetime": {"datetime": "2024-06-13 19:11:59", "elapsed": 4.739727, "delta": 0.00399}}
{"target": -446.22102329343926, "params": {"gamma": 4.215488613270554, "lr": 0.5551044300084385}, "datetime": {"datetime": "2024-06-13 19:11:59", "elapsed": 4.743716, "delta": 0.003989}}
{"target": -1759.8112506066439, "params": {"gamma": 9.707449353204424, "lr": 0.09175383344119148}, "datetime": {"datetime": "2024-06-13 19:11:59", "elapsed": 4.747705, "delta": 0.003989}}
{"target": -484.62126540017147, "params": {"gamma": 2.7399070142023203, "lr": 0.10510706908204948}, "datetime": {"datetime": "2024-06-13 19:11:59", "elapsed": 4.752692, "delta": 0.004987}}
{"target": -423.2931067080292, "params": {"gamma": 3.9050059277394262, "lr": 0.2890110831877697}, "datetime": {"datetime": "2024-06-13 19:11:59", "elapsed": 4.757679, "delta": 0.004987}}
{"target": -521.6601573287171, "params": {"gamma": 5.133490194329599, "lr": 0.348256681750747}, "datetime": {"datetime": "2024-06-13 19:11:59", "elapsed": 4.761668, "delta": 0.003989}}
{"target": -1241.4465127743188, "params": {"gamma": 9.28235195448276, "lr": 0.7899477963830404}, "datetime": {"datetime": "2024-06-13 19:11:59", "elapsed": 4.765658, "delta": 0.00399}}
{"target": -1229.0109434661192, "params": {"gamma": 8.610252674771141, "lr": 0.12950094594289585}, "datetime": {"datetime": "2024-06-13 19:11:59", "elapsed": 4.770643, "delta": 0.004985}}
{"target": -688.8601906879268, "params": {"gamma": 5.751126599720151, "lr": 0.21478253588485874}, "datetime": {"datetime": "2024-06-13 19:11:59", "elapsed": 4.774633, "delta": 0.00399}}
{"target": -1673.3977866679343, "params": {"gamma": 8.682517475837448, "lr": 0.015019421753424078}, "datetime": {"datetime": "2024-06-13 19:11:59", "elapsed": 4.778623, "delta": 0.00399}}
{"target": -143.96681924701716, "params": {"gamma": 1.0583364070853916, "lr": 0.3760570755473156}, "datetime": {"datetime": "2024-06-13 19:11:59", "elapsed": 4.782611, "delta": 0.003988}}
{"target": -436.87284457491785, "params": {"gamma": 4.021536967025843, "lr": 0.2772200829786826}, "datetime": {"datetime": "2024-06-13 19:11:59", "elapsed": 4.787692, "delta": 0.005081}}
{"target": -188.73001149369424, "params": {"gamma": 0.9615339246006319, "lr": 0.11873040511259358}, "datetime": {"datetime": "2024-06-13 19:11:59", "elapsed": 4.791683, "delta": 0.003991}}
{"target": -534.1821281021695, "params": {"gamma": 3.1801295937194918, "lr": 0.9507928340777205}, "datetime": {"datetime": "2024-06-13 19:11:59", "elapsed": 4.795672, "delta": 0.003989}}
{"target": -298.69137861867233, "params": {"gamma": 2.0748582416284203, "lr": 0.7472803210592225}, "datetime": {"datetime": "2024-06-13 19:11:59", "elapsed": 4.799662, "delta": 0.00399}}
{"target": -526.4429319721562, "params": {"gamma": 2.5826284514108324, "lr": 0.03724025561078481}, "datetime": {"datetime": "2024-06-13 19:11:59", "elapsed": 4.804648, "delta": 0.004986}}
{"target": -134.52326786369875, "params": {"gamma": 0.16150603946145364, "lr": 0.15270593118117648}, "datetime": {"datetime": "2024-06-13 19:11:59", "elapsed": 4.808637, "delta": 0.003989}}
{"target": -628.5907274019015, "params": {"gamma": 4.621379845784425, "lr": 0.7559010975378051}, "datetime": {"datetime": "2024-06-13 19:11:59", "elapsed": 4.812626, "delta": 0.003989}}
