{"target": -419.74450438608875, "params": {"gamma": 2.2096624750777165, "lr": 0.2055098610936521}, "datetime": {"datetime": "2024-06-13 18:39:29", "elapsed": 7.813775, "delta": 0.004987}}
{"target": -1119.71992963943, "params": {"gamma": 5.680077493599765, "lr": 0.6630438231677197}, "datetime": {"datetime": "2024-06-13 18:39:29", "elapsed": 7.817764, "delta": 0.003989}}
{"target": -2514.29744952214, "params": {"gamma": 5.274647786496121, "lr": 0.05634939173447451}, "datetime": {"datetime": "2024-06-13 18:39:29", "elapsed": 7.82275, "delta": 0.004986}}
{"target": -1152.7531739398776, "params": {"gamma": 3.6322627869363457, "lr": 0.9677274091080609}, "datetime": {"datetime": "2024-06-13 18:39:29", "elapsed": 7.827737, "delta": 0.004987}}
{"target": -972.6429318537248, "params": {"gamma": 6.955420242475687, "lr": 0.36973977954151527}, "datetime": {"datetime": "2024-06-13 18:39:29", "elapsed": 7.832724, "delta": 0.004987}}
{"target": -1055.0722640615213, "params": {"gamma": 6.716589859874733, "lr": 0.26510969397346273}, "datetime": {"datetime": "2024-06-13 18:39:29", "elapsed": 7.836713, "delta": 0.003989}}
{"target": -197.52753458405226, "params": {"gamma": 0.7756981624656162, "lr": 0.5280671392556082}, "datetime": {"datetime": "2024-06-13 18:39:29", "elapsed": 7.8417, "delta": 0.004987}}
{"target": -469.5572221868567, "params": {"gamma": 2.8984014893930756, "lr": 0.48165189565416366}, "datetime": {"datetime": "2024-06-13 18:39:29", "elapsed": 7.846687, "delta": 0.004987}}
{"target": -1762.108555348297, "params": {"gamma": 9.020043950898684, "lr": 0.6517403667487239}, "datetime": {"datetime": "2024-06-13 18:39:29", "elapsed": 7.851673, "delta": 0.004986}}
{"target": -2788.632231770594, "params": {"gamma": 7.233468037123845, "lr": 0.1025865252271354}, "datetime": {"datetime": "2024-06-13 18:39:29", "elapsed": 7.85666, "delta": 0.004987}}
{"target": -794.0029782097205, "params": {"gamma": 4.7971011998412845, "lr": 0.40434189038945745}, "datetime": {"datetime": "2024-06-13 18:39:29", "elapsed": 7.860649, "delta": 0.003989}}
{"target": -1068.0631443423638, "params": {"gamma": 6.468925570274098, "lr": 0.287735134554958}, "datetime": {"datetime": "2024-06-13 18:39:29", "elapsed": 7.865636, "delta": 0.004987}}
{"target": -1214.7356492249721, "params": {"gamma": 3.8312640574634482, "lr": 0.981016791950987}, "datetime": {"datetime": "2024-06-13 18:39:29", "elapsed": 7.871305, "delta": 0.005669}}
{"target": -272.4843663603015, "params": {"gamma": 1.1489908672848812, "lr": 0.19990786306137587}, "datetime": {"datetime": "2024-06-13 18:39:29", "elapsed": 7.876292, "delta": 0.004987}}
{"target": -573.3443571905577, "params": {"gamma": 2.3912225972933583, "lr": 0.6966542004402304}, "datetime": {"datetime": "2024-06-13 18:39:29", "elapsed": 7.881278, "delta": 0.004986}}
{"target": -1819.6446133037387, "params": {"gamma": 7.1371672251136955, "lr": 0.7847549365756692}, "datetime": {"datetime": "2024-06-13 18:39:29", "elapsed": 7.886265, "delta": 0.004987}}
{"target": -1076.923395524375, "params": {"gamma": 3.8110627039036813, "lr": 0.8524032876575542}, "datetime": {"datetime": "2024-06-13 18:39:29", "elapsed": 7.891251, "delta": 0.004986}}
{"target": -1606.7474825271945, "params": {"gamma": 6.973768049350303, "lr": 0.7132598975767365}, "datetime": {"datetime": "2024-06-13 18:39:29", "elapsed": 7.895241, "delta": 0.00399}}
{"target": -1600.6237185894674, "params": {"gamma": 8.220064454506392, "lr": 0.6289244383408126}, "datetime": {"datetime": "2024-06-13 18:39:29", "elapsed": 7.900227, "delta": 0.004986}}
{"target": -2019.1498839679264, "params": {"gamma": 4.2228540008601385, "lr": 0.030798811164673312}, "datetime": {"datetime": "2024-06-13 18:39:29", "elapsed": 7.905214, "delta": 0.004987}}
{"target": -1087.88690509571, "params": {"gamma": 5.9549611772267355, "lr": 0.5637635695018256}, "datetime": {"datetime": "2024-06-13 18:39:29", "elapsed": 7.9102, "delta": 0.004986}}
{"target": -1003.0431433960717, "params": {"gamma": 6.008479407469643, "lr": 0.3228534686765717}, "datetime": {"datetime": "2024-06-13 18:39:29", "elapsed": 7.91419, "delta": 0.00399}}
{"target": -1167.7179815941538, "params": {"gamma": 5.549264886470077, "lr": 0.17165630428408674}, "datetime": {"datetime": "2024-06-13 18:39:29", "elapsed": 7.91976, "delta": 0.00557}}
{"target": -3090.8472641758303, "params": {"gamma": 6.49894440266871, "lr": 0.07167347369091615}, "datetime": {"datetime": "2024-06-13 18:39:29", "elapsed": 7.924747, "delta": 0.004987}}
{"target": -1552.6895766914406, "params": {"gamma": 8.750896260863644, "lr": 0.21613795014659942}, "datetime": {"datetime": "2024-06-13 18:39:29", "elapsed": 7.928737, "delta": 0.00399}}
{"target": -874.1369792102985, "params": {"gamma": 2.9391518612119483, "lr": 0.8847369186394346}, "datetime": {"datetime": "2024-06-13 18:39:29", "elapsed": 7.933955, "delta": 0.005218}}
{"target": -2467.057951115345, "params": {"gamma": 8.836037308166828, "lr": 0.8362672161514131}, "datetime": {"datetime": "2024-06-13 18:39:29", "elapsed": 7.96796, "delta": 0.034005}}
{"target": -997.93174411962, "params": {"gamma": 3.2700292334455643, "lr": 0.9023446392045666}, "datetime": {"datetime": "2024-06-13 18:39:29", "elapsed": 7.972947, "delta": 0.004987}}
{"target": -1511.6167482168398, "params": {"gamma": 7.718251155453087, "lr": 0.6580829809857549}, "datetime": {"datetime": "2024-06-13 18:39:29", "elapsed": 7.977934, "delta": 0.004987}}
{"target": -2289.4185864705105, "params": {"gamma": 8.99813093515086, "lr": 0.7831314722628366}, "datetime": {"datetime": "2024-06-13 18:39:29", "elapsed": 7.982921, "delta": 0.004987}}
{"target": -718.0476295420009, "params": {"gamma": 4.2480703423217, "lr": 0.32425522412708885}, "datetime": {"datetime": "2024-06-13 18:39:29", "elapsed": 7.987907, "delta": 0.004986}}
{"target": -1885.7615351202135, "params": {"gamma": 3.9393874995637357, "lr": 0.06141215405816436}, "datetime": {"datetime": "2024-06-13 18:39:29", "elapsed": 7.992894, "delta": 0.004987}}
{"target": -537.3929054386223, "params": {"gamma": 3.634945499368943, "lr": 0.3530436858449395}, "datetime": {"datetime": "2024-06-13 18:39:29", "elapsed": 7.997881, "delta": 0.004987}}
{"target": -2528.4586258328823, "params": {"gamma": 8.656379251086715, "lr": 0.8887000495302622}, "datetime": {"datetime": "2024-06-13 18:39:29", "elapsed": 8.003865, "delta": 0.005984}}
{"target": -1591.3342550930047, "params": {"gamma": 9.630557816537218, "lr": 0.32819924761463426}, "datetime": {"datetime": "2024-06-13 18:39:29", "elapsed": 8.008851, "delta": 0.004986}}
{"target": -1354.3943598382957, "params": {"gamma": 6.933508237753853, "lr": 0.6330662678957141}, "datetime": {"datetime": "2024-06-13 18:39:29", "elapsed": 8.013838, "delta": 0.004987}}
{"target": -726.1450493726352, "params": {"gamma": 2.425195012153892, "lr": 0.8699876263426785}, "datetime": {"datetime": "2024-06-13 18:39:29", "elapsed": 8.018827, "delta": 0.004989}}
{"target": -527.8449315438056, "params": {"gamma": 2.1418050557805293, "lr": 0.7477140026507801}, "datetime": {"datetime": "2024-06-13 18:39:29", "elapsed": 8.023814, "delta": 0.004987}}
{"target": -583.2225523919594, "params": {"gamma": 1.4474946912067754, "lr": 0.10681965623961165}, "datetime": {"datetime": "2024-06-13 18:39:29", "elapsed": 8.029799, "delta": 0.005985}}
{"target": -1280.2189491959507, "params": {"gamma": 7.20350177902532, "lr": 0.5263181160447106}, "datetime": {"datetime": "2024-06-13 18:39:29", "elapsed": 8.034784, "delta": 0.004985}}
{"target": -1136.984616076824, "params": {"gamma": 4.429715397531216, "lr": 0.7781805677545706}, "datetime": {"datetime": "2024-06-13 18:39:29", "elapsed": 8.039771, "delta": 0.004987}}
{"target": -1015.5214919621441, "params": {"gamma": 3.588074784629776, "lr": 0.8533495985139066}, "datetime": {"datetime": "2024-06-13 18:39:29", "elapsed": 8.043761, "delta": 0.00399}}
{"target": -3025.510578822751, "params": {"gamma": 9.62176279907113, "lr": 0.97912549357449}, "datetime": {"datetime": "2024-06-13 18:39:29", "elapsed": 8.048747, "delta": 0.004986}}
{"target": -474.2524558905298, "params": {"gamma": 2.777002394800293, "lr": 0.4150070363847951}, "datetime": {"datetime": "2024-06-13 18:39:29", "elapsed": 8.053734, "delta": 0.004987}}
{"target": -2189.169834185533, "params": {"gamma": 7.250373833289235, "lr": 0.8948659340129544}, "datetime": {"datetime": "2024-06-13 18:39:29", "elapsed": 8.058721, "delta": 0.004987}}
{"target": -1751.7040189085328, "params": {"gamma": 7.113399789936541, "lr": 0.7581322827790503}, "datetime": {"datetime": "2024-06-13 18:39:29", "elapsed": 8.063708, "delta": 0.004987}}
{"target": -1227.9138630239452, "params": {"gamma": 8.83415311602575, "lr": 0.3669482381501168}, "datetime": {"datetime": "2024-06-13 18:39:29", "elapsed": 8.068694, "delta": 0.004986}}
{"target": -970.6269192854858, "params": {"gamma": 5.425906871529926, "lr": 0.5347699755827457}, "datetime": {"datetime": "2024-06-13 18:39:29", "elapsed": 8.072683, "delta": 0.003989}}
{"target": -1957.0275691639458, "params": {"gamma": 6.4761782194627475, "lr": 0.8951838797241277}, "datetime": {"datetime": "2024-06-13 18:39:29", "elapsed": 8.07767, "delta": 0.004987}}
{"target": -1894.8996416752238, "params": {"gamma": 6.00867393378521, "lr": 0.9699385377160038}, "datetime": {"datetime": "2024-06-13 18:39:29", "elapsed": 8.082657, "delta": 0.004987}}
{"target": -1198.2372197706316, "params": {"gamma": 7.3216234120977175, "lr": 0.41529149155458245}, "datetime": {"datetime": "2024-06-13 18:39:29", "elapsed": 8.087643, "delta": 0.004986}}
{"target": -1833.3266310282638, "params": {"gamma": 5.81180346318073, "lr": 0.9223207824170438}, "datetime": {"datetime": "2024-06-13 18:39:29", "elapsed": 8.093627, "delta": 0.005984}}
{"target": -1428.2788301105472, "params": {"gamma": 6.185385338885807, "lr": 0.709928603418362}, "datetime": {"datetime": "2024-06-13 18:39:29", "elapsed": 8.098614, "delta": 0.004987}}
{"target": -951.8448155807816, "params": {"gamma": 6.613259028912707, "lr": 0.33614643889956264}, "datetime": {"datetime": "2024-06-13 18:39:29", "elapsed": 8.1036, "delta": 0.004986}}
{"target": -360.3606635668521, "params": {"gamma": 2.0341452163718596, "lr": 0.4078129626004203}, "datetime": {"datetime": "2024-06-13 18:39:29", "elapsed": 8.10759, "delta": 0.00399}}
{"target": -443.8277435072119, "params": {"gamma": 1.5085472915112057, "lr": 0.8263335477210154}, "datetime": {"datetime": "2024-06-13 18:39:29", "elapsed": 8.112577, "delta": 0.004987}}
{"target": -1163.4849562886313, "params": {"gamma": 7.104895674394641, "lr": 0.4010561894105159}, "datetime": {"datetime": "2024-06-13 18:39:29", "elapsed": 8.118069, "delta": 0.005492}}
{"target": -526.2386634934903, "params": {"gamma": 1.7146555781871196, "lr": 0.8757993398860495}, "datetime": {"datetime": "2024-06-13 18:39:29", "elapsed": 8.122058, "delta": 0.003989}}
{"target": -2014.4938999085161, "params": {"gamma": 6.3909999964742354, "lr": 0.9966028199815464}, "datetime": {"datetime": "2024-06-13 18:39:29", "elapsed": 8.127045, "delta": 0.004987}}
{"target": -196.47070496313032, "params": {"gamma": 1.0118777980878546, "lr": 0.24484835913226244}, "datetime": {"datetime": "2024-06-13 18:39:29", "elapsed": 8.132031, "delta": 0.004986}}
{"target": -247.5537180879015, "params": {"gamma": 0.8374656866964549, "lr": 0.7447417757596947}, "datetime": {"datetime": "2024-06-13 18:39:29", "elapsed": 8.137018, "delta": 0.004987}}
{"target": -493.3022489278898, "params": {"gamma": 1.5965935192609664, "lr": 0.8816595339350156}, "datetime": {"datetime": "2024-06-13 18:39:29", "elapsed": 8.142005, "delta": 0.004987}}
{"target": -881.8752645595366, "params": {"gamma": 4.915303785862436, "lr": 0.526169262668513}, "datetime": {"datetime": "2024-06-13 18:39:29", "elapsed": 8.146992, "delta": 0.004987}}
{"target": -161.48389240387797, "params": {"gamma": 0.42616036762125126, "lr": 0.614053635731627}, "datetime": {"datetime": "2024-06-13 18:39:29", "elapsed": 8.151978, "delta": 0.004986}}
{"target": -430.90888003042596, "params": {"gamma": 2.2769202761615777, "lr": 0.2135040893470156}, "datetime": {"datetime": "2024-06-13 18:39:29", "elapsed": 8.155968, "delta": 0.00399}}
{"target": -2614.5499601166503, "params": {"gamma": 8.953290370672992, "lr": 0.8880133489969917}, "datetime": {"datetime": "2024-06-13 18:39:29", "elapsed": 8.160954, "delta": 0.004986}}
{"target": -148.74616657308655, "params": {"gamma": 0.05364657807886874, "lr": 0.832303959586102}, "datetime": {"datetime": "2024-06-13 18:39:29", "elapsed": 8.165941, "delta": 0.004987}}
{"target": -1597.5286742689864, "params": {"gamma": 9.02308610135554, "lr": 0.5119476580924737}, "datetime": {"datetime": "2024-06-13 18:39:29", "elapsed": 8.170928, "delta": 0.004987}}
{"target": -1617.5331725243757, "params": {"gamma": 6.56208200669582, "lr": 0.7677856839334473}, "datetime": {"datetime": "2024-06-13 18:39:29", "elapsed": 8.175914, "delta": 0.004986}}
{"target": -1063.8244896920598, "params": {"gamma": 6.854714307550932, "lr": 0.45911641964267924}, "datetime": {"datetime": "2024-06-13 18:39:29", "elapsed": 8.180901, "delta": 0.004987}}
{"target": -1004.1486078039698, "params": {"gamma": 5.7349488675951, "lr": 0.5740594317304389}, "datetime": {"datetime": "2024-06-13 18:39:29", "elapsed": 8.185888, "delta": 0.004987}}
{"target": -1103.4977820584986, "params": {"gamma": 8.421463069722522, "lr": 0.24044170761914385}, "datetime": {"datetime": "2024-06-13 18:39:29", "elapsed": 8.190875, "delta": 0.004987}}
{"target": -2074.745823855384, "params": {"gamma": 7.572507436190774, "lr": 0.8123371097183338}, "datetime": {"datetime": "2024-06-13 18:39:29", "elapsed": 8.195861, "delta": 0.004986}}
{"target": -2182.7868600485613, "params": {"gamma": 7.970526579088603, "lr": 0.8077078189919843}, "datetime": {"datetime": "2024-06-13 18:39:29", "elapsed": 8.200847, "delta": 0.004986}}
{"target": -1354.0362880736304, "params": {"gamma": 8.292970943843157, "lr": 0.4175157513022394}, "datetime": {"datetime": "2024-06-13 18:39:29", "elapsed": 8.204837, "delta": 0.00399}}
{"target": -1524.3858755109568, "params": {"gamma": 6.179249469269826, "lr": 0.7552455161468585}, "datetime": {"datetime": "2024-06-13 18:39:29", "elapsed": 8.209823, "delta": 0.004986}}
{"target": -2423.4091871983974, "params": {"gamma": 7.697885927847493, "lr": 0.9586046229255358}, "datetime": {"datetime": "2024-06-13 18:39:29", "elapsed": 8.214811, "delta": 0.004988}}
{"target": -1764.8602828415542, "params": {"gamma": 9.750777680644457, "lr": 0.5647345919090407}, "datetime": {"datetime": "2024-06-13 18:39:29", "elapsed": 8.219308, "delta": 0.004497}}
{"target": -1310.6135119538794, "params": {"gamma": 4.657924948350314, "lr": 0.8355253266864215}, "datetime": {"datetime": "2024-06-13 18:39:29", "elapsed": 8.224295, "delta": 0.004987}}
{"target": -562.574276598827, "params": {"gamma": 2.2003892786426134, "lr": 0.7663980894608939}, "datetime": {"datetime": "2024-06-13 18:39:29", "elapsed": 8.229284, "delta": 0.004989}}
{"target": -366.0099982033833, "params": {"gamma": 1.920923979668611, "lr": 0.5916275659530674}, "datetime": {"datetime": "2024-06-13 18:39:29", "elapsed": 8.234268, "delta": 0.004984}}
{"target": -1013.9514062096982, "params": {"gamma": 6.068707734799046, "lr": 0.44184380280217683}, "datetime": {"datetime": "2024-06-13 18:39:29", "elapsed": 8.239255, "delta": 0.004987}}
{"target": -1531.692287819634, "params": {"gamma": 8.645641977427168, "lr": 0.5434821861417696}, "datetime": {"datetime": "2024-06-13 18:39:29", "elapsed": 8.244241, "delta": 0.004986}}
{"target": -814.8771716164466, "params": {"gamma": 4.927804379534841, "lr": 0.4181256356700572}, "datetime": {"datetime": "2024-06-13 18:39:29", "elapsed": 8.249229, "delta": 0.004988}}
{"target": -164.92348890478885, "params": {"gamma": 0.6231896086801356, "lr": 0.3621494599268943}, "datetime": {"datetime": "2024-06-13 18:39:29", "elapsed": 8.253218, "delta": 0.003989}}
{"target": -221.27605329154287, "params": {"gamma": 0.9290607665831948, "lr": 0.5656384996760548}, "datetime": {"datetime": "2024-06-13 18:39:29", "elapsed": 8.258205, "delta": 0.004987}}
{"target": -1579.4024509481965, "params": {"gamma": 6.4053758139443495, "lr": 0.7677822626181597}, "datetime": {"datetime": "2024-06-13 18:39:29", "elapsed": 8.263192, "delta": 0.004987}}
{"target": -1255.1444340132743, "params": {"gamma": 6.325720028185084, "lr": 0.1870607551754626}, "datetime": {"datetime": "2024-06-13 18:39:29", "elapsed": 8.268178, "delta": 0.004986}}
{"target": -1355.575129904243, "params": {"gamma": 7.502689263840385, "lr": 0.5488594004307864}, "datetime": {"datetime": "2024-06-13 18:39:29", "elapsed": 8.273164, "delta": 0.004986}}
{"target": -522.4119403878058, "params": {"gamma": 1.0226014229845646, "lr": 0.024827029187908023}, "datetime": {"datetime": "2024-06-13 18:39:29", "elapsed": 8.278151, "delta": 0.004987}}
{"target": -706.5895519854926, "params": {"gamma": 2.988163177641064, "lr": 0.6900150292649251}, "datetime": {"datetime": "2024-06-13 18:39:29", "elapsed": 8.283138, "delta": 0.004987}}
{"target": -2933.553682985641, "params": {"gamma": 9.327950716090912, "lr": 0.9664972006802195}, "datetime": {"datetime": "2024-06-13 18:39:29", "elapsed": 8.288124, "delta": 0.004986}}
{"target": -1257.3988510200343, "params": {"gamma": 7.645716345257133, "lr": 0.2932491857068945}, "datetime": {"datetime": "2024-06-13 18:39:29", "elapsed": 8.293111, "delta": 0.004987}}
{"target": -825.3588905503711, "params": {"gamma": 6.2210691836043965, "lr": 0.23109612753682562}, "datetime": {"datetime": "2024-06-13 18:39:29", "elapsed": 8.298098, "delta": 0.004987}}
{"target": -1833.344956949074, "params": {"gamma": 7.507153026145066, "lr": 0.16586702947952792}, "datetime": {"datetime": "2024-06-13 18:39:29", "elapsed": 8.303084, "delta": 0.004986}}
{"target": -2210.6323246400416, "params": {"gamma": 7.564947384855503, "lr": 0.8685889989304815}, "datetime": {"datetime": "2024-06-13 18:39:29", "elapsed": 8.307074, "delta": 0.00399}}
{"target": -2477.050520668448, "params": {"gamma": 5.195544029510985, "lr": 0.06563483825850425}, "datetime": {"datetime": "2024-06-13 18:39:29", "elapsed": 8.31206, "delta": 0.004986}}
{"target": -1264.0817826223115, "params": {"gamma": 4.4894713154372115, "lr": 0.8378286113798175}, "datetime": {"datetime": "2024-06-13 18:39:29", "elapsed": 8.317553, "delta": 0.005493}}
{"target": -881.1914821980142, "params": {"gamma": 1.7983467816471097, "lr": 0.03855906126279496}, "datetime": {"datetime": "2024-06-13 18:39:29", "elapsed": 8.32254, "delta": 0.004987}}
{"target": -1332.4746835726073, "params": {"gamma": 7.327203051217345, "lr": 0.5630407235733951}, "datetime": {"datetime": "2024-06-13 18:39:29", "elapsed": 8.326529, "delta": 0.003989}}
{"target": -199.45312653446274, "params": {"gamma": 0.42156420386587773, "lr": 0.9848852640583016}, "datetime": {"datetime": "2024-06-13 18:39:29", "elapsed": 8.331516, "delta": 0.004987}}
{"target": -1009.1905210174381, "params": {"gamma": 5.693754542449788, "lr": 0.585156672962654}, "datetime": {"datetime": "2024-06-13 18:39:29", "elapsed": 8.336503, "delta": 0.004987}}
{"target": -2383.779681381448, "params": {"gamma": 7.899276512022575, "lr": 0.9026346706863088}, "datetime": {"datetime": "2024-06-13 18:39:29", "elapsed": 8.341489, "delta": 0.004986}}
{"target": -163.8426932717755, "params": {"gamma": 0.6084466125606112, "lr": 0.34851320938881547}, "datetime": {"datetime": "2024-06-13 18:39:29", "elapsed": 8.346476, "delta": 0.004987}}
{"target": -340.0526220949415, "params": {"gamma": 2.001718538820858, "lr": 0.4651515316549586}, "datetime": {"datetime": "2024-06-13 18:39:29", "elapsed": 8.351463, "delta": 0.004987}}
{"target": -473.89845313047744, "params": {"gamma": 0.9155879517141836, "lr": 0.06808577423972362}, "datetime": {"datetime": "2024-06-13 18:39:29", "elapsed": 8.35645, "delta": 0.004987}}
{"target": -920.5307014295828, "params": {"gamma": 3.009593441869708, "lr": 0.9043452577718513}, "datetime": {"datetime": "2024-06-13 18:39:29", "elapsed": 8.360438, "delta": 0.003988}}
{"target": -2394.89973597446, "params": {"gamma": 9.755444236897075, "lr": 0.7637200317833946}, "datetime": {"datetime": "2024-06-13 18:39:29", "elapsed": 8.365425, "delta": 0.004987}}
{"target": -148.80161857859446, "params": {"gamma": 0.008408388692528457, "lr": 0.735215554236234}, "datetime": {"datetime": "2024-06-13 18:39:29", "elapsed": 8.370412, "delta": 0.004987}}
{"target": -155.00091069269902, "params": {"gamma": 0.22090310734026275, "lr": 0.16856568225506097}, "datetime": {"datetime": "2024-06-13 18:39:29", "elapsed": 8.375399, "delta": 0.004987}}
{"target": -153.09645057656715, "params": {"gamma": 0.10612956883701744, "lr": 0.1491269987672621}, "datetime": {"datetime": "2024-06-13 18:39:29", "elapsed": 8.380385, "delta": 0.004986}}
{"target": -1584.4695022827632, "params": {"gamma": 6.87536774608507, "lr": 0.7020168753413566}, "datetime": {"datetime": "2024-06-13 18:39:29", "elapsed": 8.385372, "delta": 0.004987}}
{"target": -886.3491130341835, "params": {"gamma": 3.7114029888119466, "lr": 0.7311908242003646}, "datetime": {"datetime": "2024-06-13 18:39:29", "elapsed": 8.390359, "delta": 0.004987}}
{"target": -2377.0505415515418, "params": {"gamma": 8.47319475004096, "lr": 0.13035751444155008}, "datetime": {"datetime": "2024-06-13 18:39:29", "elapsed": 8.395345, "delta": 0.004986}}
{"target": -184.01271623448494, "params": {"gamma": 0.8749857543012785, "lr": 0.37192145651390274}, "datetime": {"datetime": "2024-06-13 18:39:29", "elapsed": 8.400331, "delta": 0.004986}}
{"target": -649.5602945648549, "params": {"gamma": 4.039432491874189, "lr": 0.27640421986037034}, "datetime": {"datetime": "2024-06-13 18:39:29", "elapsed": 8.406178, "delta": 0.005847}}
{"target": -1252.0099744452903, "params": {"gamma": 7.5419276912585245, "lr": 0.32178620055239215}, "datetime": {"datetime": "2024-06-13 18:39:29", "elapsed": 8.411165, "delta": 0.004987}}
