{"target": -264.28395135635174, "params": {"gamma": 3.584594051008626, "prior": 6.41895351934156, "rate": 1.4308980910737081}, "datetime": {"datetime": "2024-06-14 12:57:18", "elapsed": 7.380159, "delta": 0.008799}}
{"target": -523.2845012909451, "params": {"gamma": 8.577528406499894, "prior": 6.491087641906984, "rate": 1.1538189613747907}, "datetime": {"datetime": "2024-06-14 12:57:18", "elapsed": 7.390133, "delta": 0.009974}}
{"target": -214.9890139319408, "params": {"gamma": 2.081766002579473, "prior": 7.48043347440683, "rate": 4.034662876713395}, "datetime": {"datetime": "2024-06-14 12:57:18", "elapsed": 7.399116, "delta": 0.008983}}
{"target": -318.84102633016244, "params": {"gamma": 4.84521613942412, "prior": 8.885805272920003, "rate": 1.3752980526926846}, "datetime": {"datetime": "2024-06-14 12:57:18", "elapsed": 7.40813, "delta": 0.009014}}
{"target": -934.2388855584229, "params": {"gamma": 9.64376360106379, "prior": 0.5220338497861409, "rate": 0.9953031322915933}, "datetime": {"datetime": "2024-06-14 12:57:18", "elapsed": 7.418064, "delta": 0.009934}}
{"target": -223.80003088988005, "params": {"gamma": 2.2331610709734946, "prior": 8.08519231437909, "rate": 4.559272200887655}, "datetime": {"datetime": "2024-06-14 12:57:18", "elapsed": 7.42704, "delta": 0.008976}}
{"target": -545.6012591759197, "params": {"gamma": 6.5328581714709335, "prior": 1.8257792614463888, "rate": 1.668052607332356}, "datetime": {"datetime": "2024-06-14 12:57:18", "elapsed": 7.437014, "delta": 0.009974}}
{"target": -410.8571349662085, "params": {"gamma": 5.208962557197339, "prior": 7.428906989274194, "rate": 4.62528217768507}, "datetime": {"datetime": "2024-06-14 12:57:18", "elapsed": 7.44599, "delta": 0.008976}}
{"target": -590.8177358244981, "params": {"gamma": 8.696271237126007, "prior": 6.638078153239339, "rate": 2.4916517944308763}, "datetime": {"datetime": "2024-06-14 12:57:18", "elapsed": 7.455963, "delta": 0.009973}}
{"target": -278.92312479075287, "params": {"gamma": 2.3497873058002465, "prior": 3.8030624969839892, "rate": 7.566403946905877}, "datetime": {"datetime": "2024-06-14 12:57:18", "elapsed": 7.464939, "delta": 0.008976}}
{"target": -611.6730748653652, "params": {"gamma": 9.379438705433513, "prior": 8.632869393256446, "rate": 2.6168463160365345}, "datetime": {"datetime": "2024-06-14 12:57:18", "elapsed": 7.474912, "delta": 0.009973}}
{"target": -364.2132396656431, "params": {"gamma": 4.12337700085772, "prior": 6.154286584558183, "rate": 5.468797723702268}, "datetime": {"datetime": "2024-06-14 12:57:18", "elapsed": 7.483888, "delta": 0.008976}}
{"target": -488.26051694537784, "params": {"gamma": 3.893360179144248, "prior": 1.1040656911246396, "rate": 7.122735799168159}, "datetime": {"datetime": "2024-06-14 12:57:18", "elapsed": 7.492866, "delta": 0.008978}}
{"target": -172.489843186139, "params": {"gamma": 0.8822635040904132, "prior": 8.674166550799823, "rate": 8.634620954886014}, "datetime": {"datetime": "2024-06-14 12:57:18", "elapsed": 7.501843, "delta": 0.008977}}
{"target": -650.8549912270179, "params": {"gamma": 7.084799464362212, "prior": 4.915603280696092, "rate": 6.991766507563753}, "datetime": {"datetime": "2024-06-14 12:57:18", "elapsed": 7.511817, "delta": 0.009974}}
{"target": -359.288053830138, "params": {"gamma": 3.950475613957549, "prior": 7.995210244504152, "rate": 7.864384405716199}, "datetime": {"datetime": "2024-06-14 12:57:18", "elapsed": 7.520792, "delta": 0.008975}}
{"target": -205.57141648052055, "params": {"gamma": 1.5561303101523432, "prior": 3.246393748470918, "rate": 3.4404877846831172}, "datetime": {"datetime": "2024-06-14 12:57:18", "elapsed": 7.529768, "delta": 0.008976}}
{"target": -253.8646368411439, "params": {"gamma": 3.6423388162366046, "prior": 5.709791011210197, "rate": 0.4178327377603575}, "datetime": {"datetime": "2024-06-14 12:57:18", "elapsed": 7.539741, "delta": 0.009973}}
{"target": -654.5712198970369, "params": {"gamma": 6.600037219920028, "prior": 2.09615441466068, "rate": 4.165209099174909}, "datetime": {"datetime": "2024-06-14 12:57:18", "elapsed": 7.549715, "delta": 0.009974}}
{"target": -408.2530568449314, "params": {"gamma": 4.5094756723505, "prior": 3.552395018521695, "rate": 3.8334198209699974}, "datetime": {"datetime": "2024-06-14 12:57:18", "elapsed": 7.55869, "delta": 0.008975}}
{"target": -271.982617830656, "params": {"gamma": 1.8038803024167458, "prior": 0.7744875682013366, "rate": 5.513015232709581}, "datetime": {"datetime": "2024-06-14 12:57:18", "elapsed": 7.567667, "delta": 0.008977}}
{"target": -560.6136952680081, "params": {"gamma": 5.959073589220895, "prior": 1.5404479132949174, "rate": 2.310186141512919}, "datetime": {"datetime": "2024-06-14 12:57:18", "elapsed": 7.57764, "delta": 0.009973}}
{"target": -227.1781075496225, "params": {"gamma": 2.864484938242287, "prior": 8.324438532353815, "rate": 1.535055990682961}, "datetime": {"datetime": "2024-06-14 12:57:18", "elapsed": 7.586616, "delta": 0.008976}}
{"target": -428.7267980739277, "params": {"gamma": 5.521835936727261, "prior": 5.724583205152705, "rate": 3.434857510993614}, "datetime": {"datetime": "2024-06-14 12:57:18", "elapsed": 7.596097, "delta": 0.009481}}
{"target": -296.3075562231179, "params": {"gamma": 3.5068212758802293, "prior": 9.595208973440103, "rate": 5.533886150645748}, "datetime": {"datetime": "2024-06-14 12:57:18", "elapsed": 7.605073, "delta": 0.008976}}
{"target": -591.2349477456521, "params": {"gamma": 6.527659277808647, "prior": 4.958327152799692, "rate": 6.466853166736234}, "datetime": {"datetime": "2024-06-14 12:57:18", "elapsed": 7.615047, "delta": 0.009974}}
{"target": -614.8126276261933, "params": {"gamma": 6.052902604285114, "prior": 1.5372155999089467, "rate": 3.3474706483130476}, "datetime": {"datetime": "2024-06-14 12:57:18", "elapsed": 7.624023, "delta": 0.008976}}
{"target": -497.22342018880533, "params": {"gamma": 4.604879500595876, "prior": 1.3654344499032103, "rate": 3.6313701627213772}, "datetime": {"datetime": "2024-06-14 12:57:18", "elapsed": 7.633996, "delta": 0.009973}}
{"target": -216.79876710667918, "params": {"gamma": 2.2821882012949293, "prior": 8.49027576247698, "rate": 3.4153993261329654}, "datetime": {"datetime": "2024-06-14 12:57:18", "elapsed": 7.642972, "delta": 0.008976}}
{"target": -265.17457594350947, "params": {"gamma": 2.268666417341983, "prior": 4.140995888237594, "rate": 6.830957412174848}, "datetime": {"datetime": "2024-06-14 12:57:18", "elapsed": 7.651948, "delta": 0.008976}}
{"target": -172.3084657806501, "params": {"gamma": 0.657154367615287, "prior": 1.889219214669599, "rate": 6.943375082298363}, "datetime": {"datetime": "2024-06-14 12:57:18", "elapsed": 7.661922, "delta": 0.009974}}
{"target": -687.9211161476555, "params": {"gamma": 7.522813791436128, "prior": 6.215767368139672, "rate": 8.792106406805418}, "datetime": {"datetime": "2024-06-14 12:57:18", "elapsed": 7.670897, "delta": 0.008975}}
{"target": -218.31566278614278, "params": {"gamma": 1.6888331005858586, "prior": 7.065122548794142, "rate": 9.172684330641006}, "datetime": {"datetime": "2024-06-14 12:57:18", "elapsed": 7.680871, "delta": 0.009974}}
{"target": -219.53529873962782, "params": {"gamma": 1.508245851371479, "prior": 2.5132633762221936, "rate": 5.467299036335953}, "datetime": {"datetime": "2024-06-14 12:57:18", "elapsed": 7.689847, "delta": 0.008976}}
{"target": -245.47288337260053, "params": {"gamma": 3.441849250422999, "prior": 6.937326899745702, "rate": 0.5766186166326498}, "datetime": {"datetime": "2024-06-14 12:57:19", "elapsed": 7.698823, "delta": 0.008976}}
{"target": -214.46639658154, "params": {"gamma": 1.6084806590922747, "prior": 7.190759234148253, "rate": 9.706216365641005}, "datetime": {"datetime": "2024-06-14 12:57:19", "elapsed": 7.708796, "delta": 0.009973}}
{"target": -549.8929057560774, "params": {"gamma": 9.295574214746894, "prior": 9.020563234885856, "rate": 1.2783053957220292}, "datetime": {"datetime": "2024-06-14 12:57:19", "elapsed": 7.717772, "delta": 0.008976}}
{"target": -238.51435573385584, "params": {"gamma": 1.4601432517979631, "prior": 0.8154210924672393, "rate": 5.425859791214765}, "datetime": {"datetime": "2024-06-14 12:57:19", "elapsed": 7.727746, "delta": 0.009974}}
{"target": -806.8034362112404, "params": {"gamma": 8.824979242850812, "prior": 5.364739810662196, "rate": 7.817371138674004}, "datetime": {"datetime": "2024-06-14 12:57:19", "elapsed": 7.737719, "delta": 0.009973}}
{"target": -189.85599002785685, "params": {"gamma": 1.8853494153257044, "prior": 8.644801475646716, "rate": 1.8750602824827893}, "datetime": {"datetime": "2024-06-14 12:57:19", "elapsed": 7.746695, "delta": 0.008976}}
{"target": -162.1893107820379, "params": {"gamma": 0.548586496539166, "prior": 4.2727610032381715, "rate": 5.551489195654376}, "datetime": {"datetime": "2024-06-14 12:57:19", "elapsed": 7.756698, "delta": 0.010003}}
{"target": -1010.7724683373189, "params": {"gamma": 9.707449353204424, "prior": 1.0083629510677956, "rate": 2.7399070142023203}, "datetime": {"datetime": "2024-06-14 12:57:19", "elapsed": 7.765674, "delta": 0.008976}}
{"target": -175.55707515856884, "params": {"gamma": 1.0519655837514126, "prior": 3.9653524037024024, "rate": 2.890821820794509}, "datetime": {"datetime": "2024-06-14 12:57:19", "elapsed": 7.775617, "delta": 0.009943}}
{"target": -546.8248280384212, "params": {"gamma": 5.133490194329599, "prior": 3.547741149332395, "rate": 9.28235195448276}, "datetime": {"datetime": "2024-06-14 12:57:19", "elapsed": 7.784593, "delta": 0.008976}}
{"target": -477.8403629679096, "params": {"gamma": 7.8996880160340215, "prior": 8.624012549278358, "rate": 1.2958799584830156}, "datetime": {"datetime": "2024-06-14 12:57:19", "elapsed": 7.794567, "delta": 0.009974}}
{"target": -650.1221358313985, "params": {"gamma": 5.751126599720151, "prior": 2.2263471052601016, "rate": 8.682517475837448}, "datetime": {"datetime": "2024-06-14 12:57:19", "elapsed": 7.803543, "delta": 0.008976}}
{"target": -152.83792698434564, "params": {"gamma": 0.15117919811248737, "prior": 1.1468677297875165, "rate": 3.761194698397609}, "datetime": {"datetime": "2024-06-14 12:57:19", "elapsed": 7.812519, "delta": 0.008976}}
{"target": -300.5087559319241, "params": {"gamma": 4.021536967025843, "prior": 2.8444788214889583, "rate": 0.9615339246006319}, "datetime": {"datetime": "2024-06-14 12:57:19", "elapsed": 7.822492, "delta": 0.009973}}
{"target": -203.1866243967675, "params": {"gamma": 1.1881853207208233, "prior": 3.2476530630886056, "rate": 9.507977547943128}, "datetime": {"datetime": "2024-06-14 12:57:19", "elapsed": 7.831468, "delta": 0.008976}}
{"target": -204.14842257646984, "params": {"gamma": 2.0748582416284203, "prior": 7.498075178486302, "rate": 2.5826284514108324}, "datetime": {"datetime": "2024-06-14 12:57:19", "elapsed": 7.841442, "delta": 0.009974}}
{"target": -159.8567562741167, "params": {"gamma": 0.37336531585223737, "prior": 0.2589168707539145, "rate": 1.5279066058805837}, "datetime": {"datetime": "2024-06-14 12:57:19", "elapsed": 7.850417, "delta": 0.008975}}
{"target": -406.6829803332817, "params": {"gamma": 4.621379845784425, "prior": 7.58342086562427, "rate": 7.2884205045195944}, "datetime": {"datetime": "2024-06-14 12:57:19", "elapsed": 7.860391, "delta": 0.009974}}
{"target": -364.3813882926859, "params": {"gamma": 3.524542035387884, "prior": 4.843478859752845, "rate": 8.140923460003277}, "datetime": {"datetime": "2024-06-14 12:57:19", "elapsed": 7.869367, "delta": 0.008976}}
{"target": -473.61743258100654, "params": {"gamma": 8.384190660883412, "prior": 3.2671753341380563, "rate": 0.043645919052664246}, "datetime": {"datetime": "2024-06-14 12:57:19", "elapsed": 7.879341, "delta": 0.009974}}
{"target": -155.52236069032514, "params": {"gamma": 0.4702615014191002, "prior": 7.404293038279442, "rate": 2.7270501784440078}, "datetime": {"datetime": "2024-06-14 12:57:19", "elapsed": 7.888316, "delta": 0.008975}}
{"target": -558.570483763216, "params": {"gamma": 4.815376636054336, "prior": 2.0011095337083287, "rate": 8.471282047905861}, "datetime": {"datetime": "2024-06-14 12:57:19", "elapsed": 7.898191, "delta": 0.009875}}
{"target": -388.3076235834639, "params": {"gamma": 5.034272718755895, "prior": 5.318885739650387, "rate": 2.881507801269463}, "datetime": {"datetime": "2024-06-14 12:57:19", "elapsed": 7.908193, "delta": 0.010002}}
{"target": -698.3946082964517, "params": {"gamma": 5.120480307408566, "prior": 0.1194400892869483, "rate": 2.7736731083917574}, "datetime": {"datetime": "2024-06-14 12:57:19", "elapsed": 7.91714, "delta": 0.008947}}
{"target": -267.2478602256537, "params": {"gamma": 3.488281072400821, "prior": 2.9111137742614566, "rate": 0.8604363235466009}, "datetime": {"datetime": "2024-06-14 12:57:19", "elapsed": 7.927114, "delta": 0.009974}}
{"target": -473.12337601652905, "params": {"gamma": 5.2182903111313514, "prior": 7.9059434203978, "rate": 9.426041757646109}, "datetime": {"datetime": "2024-06-14 12:57:19", "elapsed": 7.936089, "delta": 0.008975}}
{"target": -376.6918726447773, "params": {"gamma": 4.973400631374519, "prior": 5.9781631977188905, "rate": 2.9093085181668954}, "datetime": {"datetime": "2024-06-14 12:57:19", "elapsed": 7.945066, "delta": 0.008977}}
{"target": -236.91340976975766, "params": {"gamma": 1.492445929692968, "prior": 1.4055297382115668, "rate": 7.323875397919708}, "datetime": {"datetime": "2024-06-14 12:57:19", "elapsed": 7.955068, "delta": 0.010002}}
{"target": -740.2018047362342, "params": {"gamma": 7.344959884063995, "prior": 1.8755651647026885, "rate": 4.136190237378143}, "datetime": {"datetime": "2024-06-14 12:57:19", "elapsed": 7.964015, "delta": 0.008947}}
{"target": -710.3864835084859, "params": {"gamma": 5.941849134587504, "prior": 1.3402912672428726, "rate": 7.85390412973879}, "datetime": {"datetime": "2024-06-14 12:57:19", "elapsed": 7.973988, "delta": 0.009973}}
{"target": -546.2163729444815, "params": {"gamma": 6.20030204099907, "prior": 6.190694745933699, "rate": 7.012379711094405}, "datetime": {"datetime": "2024-06-14 12:57:19", "elapsed": 7.982964, "delta": 0.008976}}
{"target": -908.8108592490374, "params": {"gamma": 9.871843637581678, "prior": 5.667705113976064, "rate": 8.644298200721781}, "datetime": {"datetime": "2024-06-14 12:57:19", "elapsed": 7.992938, "delta": 0.009974}}
{"target": -405.24888995593045, "params": {"gamma": 4.187668041896602, "prior": 6.5792465771516, "rate": 9.252686617399803}, "datetime": {"datetime": "2024-06-14 12:57:19", "elapsed": 8.001914, "delta": 0.008976}}
{"target": -659.338427007762, "params": {"gamma": 6.64184400562511, "prior": 3.1004986918363557, "rate": 6.199836992922438}, "datetime": {"datetime": "2024-06-14 12:57:19", "elapsed": 8.011888, "delta": 0.009974}}
{"target": -370.116756824726, "params": {"gamma": 3.5138318852615673, "prior": 3.2914300838307535, "rate": 6.102440382404956}, "datetime": {"datetime": "2024-06-14 12:57:19", "elapsed": 8.020863, "delta": 0.008975}}
{"target": -223.12058926872533, "params": {"gamma": 1.6040719966518822, "prior": 4.918715464001758, "rate": 9.456397215578926}, "datetime": {"datetime": "2024-06-14 12:57:19", "elapsed": 8.030836, "delta": 0.009973}}
{"target": -416.36427402243254, "params": {"gamma": 3.839758505543401, "prior": 1.9707296731335333, "rate": 4.688920657472168}, "datetime": {"datetime": "2024-06-14 12:57:19", "elapsed": 8.039812, "delta": 0.008976}}
{"target": -701.6430410779076, "params": {"gamma": 8.409237406703872, "prior": 8.442410453690822, "rate": 8.278204591352763}, "datetime": {"datetime": "2024-06-14 12:57:19", "elapsed": 8.048818, "delta": 0.009006}}
{"target": -152.241890664642, "params": {"gamma": 0.11574365054552785, "prior": 2.7436990682901228, "rate": 9.99875799995505}, "datetime": {"datetime": "2024-06-14 12:57:19", "elapsed": 8.058762, "delta": 0.009944}}
{"target": -193.92224974102663, "params": {"gamma": 1.1977130886476726, "prior": 4.951886011267569, "rate": 7.900471479876251}, "datetime": {"datetime": "2024-06-14 12:57:19", "elapsed": 8.067737, "delta": 0.008975}}
{"target": -182.4516707537931, "params": {"gamma": 1.223016887028468, "prior": 6.657850888843354, "rate": 4.881316374767721}, "datetime": {"datetime": "2024-06-14 12:57:19", "elapsed": 8.077711, "delta": 0.009974}}
{"target": -191.43285551277896, "params": {"gamma": 1.9437055308797813, "prior": 8.798437263168932, "rate": 1.8156924881797458}, "datetime": {"datetime": "2024-06-14 12:57:19", "elapsed": 8.086687, "delta": 0.008976}}
{"target": -512.6958030261374, "params": {"gamma": 6.390889540088459, "prior": 7.434186094159498, "rate": 5.6271661930456895}, "datetime": {"datetime": "2024-06-14 12:57:19", "elapsed": 8.095663, "delta": 0.008976}}
{"target": -650.0893770202953, "params": {"gamma": 6.288786844403314, "prior": 1.2777574265578442, "rate": 3.0810618335582585}, "datetime": {"datetime": "2024-06-14 12:57:19", "elapsed": 8.105217, "delta": 0.009554}}
{"target": -564.6503793697239, "params": {"gamma": 5.870035110089563, "prior": 4.015090791444363, "rate": 6.639796868246575}, "datetime": {"datetime": "2024-06-14 12:57:19", "elapsed": 8.11519, "delta": 0.009973}}
{"target": -970.2547107737319, "params": {"gamma": 8.519694493398179, "prior": 1.9831986841906173, "rate": 9.032823736002479}, "datetime": {"datetime": "2024-06-14 12:57:19", "elapsed": 8.125164, "delta": 0.009974}}
{"target": -323.73590453220356, "params": {"gamma": 3.8323753284605018, "prior": 9.43693087420972, "rate": 6.174205747936627}, "datetime": {"datetime": "2024-06-14 12:57:19", "elapsed": 8.134139, "delta": 0.008975}}
{"target": -668.0866666788233, "params": {"gamma": 7.901165115937855, "prior": 5.1962767408949375, "rate": 5.311915799238696}, "datetime": {"datetime": "2024-06-14 12:57:19", "elapsed": 8.144113, "delta": 0.009974}}
{"target": -375.0696239385812, "params": {"gamma": 3.276611393760953, "prior": 1.3807106015508195, "rate": 3.8388352966923764}, "datetime": {"datetime": "2024-06-14 12:57:19", "elapsed": 8.1537, "delta": 0.009587}}
{"target": -303.59570166609, "params": {"gamma": 2.1505498314359848, "prior": 0.4253660332309741, "rate": 2.7495934114227696}, "datetime": {"datetime": "2024-06-14 12:57:19", "elapsed": 8.163674, "delta": 0.009974}}
{"target": -182.33477502053208, "params": {"gamma": 1.8065799506159026, "prior": 8.767750118877416, "rate": 0.8132843877516185}, "datetime": {"datetime": "2024-06-14 12:57:19", "elapsed": 8.17265, "delta": 0.008976}}
{"target": -227.68052765876908, "params": {"gamma": 1.8397720952197505, "prior": 7.069903885809709, "rate": 9.192339684311714}, "datetime": {"datetime": "2024-06-14 12:57:19", "elapsed": 8.18362, "delta": 0.01097}}
{"target": -380.2089457952721, "params": {"gamma": 2.515333063867109, "prior": 0.3108812014676776, "rate": 9.605084223078242}, "datetime": {"datetime": "2024-06-14 12:57:19", "elapsed": 8.193594, "delta": 0.009974}}
{"target": -634.5513693110631, "params": {"gamma": 6.8225241840990325, "prior": 3.175560691032173, "rate": 4.724262048710183}, "datetime": {"datetime": "2024-06-14 12:57:19", "elapsed": 8.203567, "delta": 0.009973}}
{"target": -615.7363072508917, "params": {"gamma": 5.992959482913756, "prior": 3.801298863446888, "rate": 8.74500347841515}, "datetime": {"datetime": "2024-06-14 12:57:19", "elapsed": 8.21354, "delta": 0.009973}}
{"target": -498.468499772802, "params": {"gamma": 7.261999710487967, "prior": 9.547972975779691, "rate": 3.5113041629592687}, "datetime": {"datetime": "2024-06-14 12:57:19", "elapsed": 8.222516, "delta": 0.008976}}
{"target": -836.267233411681, "params": {"gamma": 9.37180371312909, "prior": 4.843095684834866, "rate": 6.423584063846066}, "datetime": {"datetime": "2024-06-14 12:57:19", "elapsed": 8.23223, "delta": 0.009714}}
{"target": -532.1314037214426, "params": {"gamma": 7.36673540034412, "prior": 8.112445893156233, "rate": 3.963197413459656}, "datetime": {"datetime": "2024-06-14 12:57:19", "elapsed": 8.241299, "delta": 0.009069}}
{"target": -388.59731852323193, "params": {"gamma": 4.480011839169197, "prior": 8.191042558516232, "rate": 7.175854473706459}, "datetime": {"datetime": "2024-06-14 12:57:19", "elapsed": 8.251273, "delta": 0.009974}}
{"target": -571.2408634288863, "params": {"gamma": 9.408551244537064, "prior": 9.798018927036628, "rate": 1.7899544503221003}, "datetime": {"datetime": "2024-06-14 12:57:19", "elapsed": 8.260249, "delta": 0.008976}}
{"target": -247.75139039808238, "params": {"gamma": 2.2799661987157394, "prior": 7.188265828062564, "rate": 7.474079963807781}, "datetime": {"datetime": "2024-06-14 12:57:19", "elapsed": 8.269224, "delta": 0.008975}}
{"target": -406.750536046643, "params": {"gamma": 6.032192362771022, "prior": 8.785267665792963, "rate": 2.5206526306452743}, "datetime": {"datetime": "2024-06-14 12:57:19", "elapsed": 8.279198, "delta": 0.009974}}
{"target": -294.20554739295085, "params": {"gamma": 3.3955344555736273, "prior": 4.997003796258398, "rate": 3.150955862596707}, "datetime": {"datetime": "2024-06-14 12:57:19", "elapsed": 8.289171, "delta": 0.009973}}
{"target": -379.6392636508123, "params": {"gamma": 5.454845454328703, "prior": 6.856532985049649, "rate": 2.2044486446357947}, "datetime": {"datetime": "2024-06-14 12:57:19", "elapsed": 8.298147, "delta": 0.008976}}
{"target": -345.7131570932976, "params": {"gamma": 4.853889202229838, "prior": 9.930515440611035, "rate": 3.242288870509168}, "datetime": {"datetime": "2024-06-14 12:57:19", "elapsed": 8.307123, "delta": 0.008976}}
{"target": -154.906959930598, "params": {"gamma": 0.35458383299364826, "prior": 8.19178211991173, "rate": 5.033564529213024}, "datetime": {"datetime": "2024-06-14 12:57:19", "elapsed": 8.317096, "delta": 0.009973}}
{"target": -157.1582090500958, "params": {"gamma": 0.5287857773295865, "prior": 8.914019769519989, "rate": 4.045739285423598}, "datetime": {"datetime": "2024-06-14 12:57:19", "elapsed": 8.326073, "delta": 0.008977}}
