{"target": -840.3835796799457, "params": {"gamma": 2.744137192928587, "lr": 0.10843083383187457}, "datetime": {"datetime": "2024-06-13 14:28:21", "elapsed": 7.455308, "delta": 0.004987}}
{"target": -425.7034469959087, "params": {"gamma": 2.6097471361451294, "lr": 0.33415183351807476}, "datetime": {"datetime": "2024-06-13 14:28:21", "elapsed": 7.460294, "delta": 0.004986}}
{"target": -714.5635597987713, "params": {"gamma": 4.647854040432997, "lr": 0.2343564434014873}, "datetime": {"datetime": "2024-06-13 14:28:21", "elapsed": 7.464283, "delta": 0.003989}}
{"target": -2127.525164772384, "params": {"gamma": 7.27531136269942, "lr": 0.807191102024009}, "datetime": {"datetime": "2024-06-13 14:28:21", "elapsed": 7.46927, "delta": 0.004987}}
{"target": -1983.0624053390602, "params": {"gamma": 7.909964984873447, "lr": 0.7157485483912336}, "datetime": {"datetime": "2024-06-13 14:28:21", "elapsed": 7.474257, "delta": 0.004987}}
{"target": -438.0895710188598, "params": {"gamma": 2.6971628183640655, "lr": 0.21045779104067575}, "datetime": {"datetime": "2024-06-13 14:28:21", "elapsed": 7.479243, "delta": 0.004986}}
{"target": -215.9679305371763, "params": {"gamma": 1.092174154085908, "lr": 0.3966811014027529}, "datetime": {"datetime": "2024-06-13 14:28:21", "elapsed": 7.48423, "delta": 0.004987}}
{"target": -253.36880241959236, "params": {"gamma": 0.8735791351201521, "lr": 0.6553896564824753}, "datetime": {"datetime": "2024-06-13 14:28:21", "elapsed": 7.489217, "delta": 0.004987}}
{"target": -2747.368428384969, "params": {"gamma": 9.49833931470982, "lr": 0.755633280579152}, "datetime": {"datetime": "2024-06-13 14:28:21", "elapsed": 7.494203, "delta": 0.004986}}
{"target": -534.431153089719, "params": {"gamma": 1.1698003792568261, "lr": 0.020481248718401956}, "datetime": {"datetime": "2024-06-13 14:28:21", "elapsed": 7.498193, "delta": 0.00399}}
{"target": -1089.456631200073, "params": {"gamma": 3.349553409033682, "lr": 0.9928761567590365}, "datetime": {"datetime": "2024-06-13 14:28:21", "elapsed": 7.50318, "delta": 0.004987}}
{"target": -823.8667791714428, "params": {"gamma": 3.129004648022036, "lr": 0.7375077987941283}, "datetime": {"datetime": "2024-06-13 14:28:21", "elapsed": 7.508168, "delta": 0.004988}}
{"target": -1541.6215461635184, "params": {"gamma": 7.165577236537339, "lr": 0.5725575976952813}, "datetime": {"datetime": "2024-06-13 14:28:21", "elapsed": 7.513153, "delta": 0.004985}}
{"target": -586.462877198483, "params": {"gamma": 3.6770929306387004, "lr": 0.2082656940300881}, "datetime": {"datetime": "2024-06-13 14:28:21", "elapsed": 7.51814, "delta": 0.004987}}
{"target": -4094.644399346079, "params": {"gamma": 9.800012165219913, "lr": 0.06589377000512553}, "datetime": {"datetime": "2024-06-13 14:28:21", "elapsed": 7.523126, "delta": 0.004986}}
{"target": -376.1781390193577, "params": {"gamma": 2.363041291619063, "lr": 0.3088994705101167}, "datetime": {"datetime": "2024-06-13 14:28:21", "elapsed": 7.528113, "delta": 0.004987}}
{"target": -2286.618636662805, "params": {"gamma": 9.09512403146957, "lr": 0.7133692630190983}, "datetime": {"datetime": "2024-06-13 14:28:21", "elapsed": 7.5331, "delta": 0.004987}}
{"target": -475.69975699352375, "params": {"gamma": 2.654453130529889, "lr": 0.16450130293866305}, "datetime": {"datetime": "2024-06-13 14:28:21", "elapsed": 7.538086, "delta": 0.004986}}
{"target": -2560.949018786653, "params": {"gamma": 8.805093637851785, "lr": 0.7937831324318396}, "datetime": {"datetime": "2024-06-13 14:28:21", "elapsed": 7.543074, "delta": 0.004988}}
{"target": -186.15524504875808, "params": {"gamma": 0.38483593233206737, "lr": 0.8793008435965847}, "datetime": {"datetime": "2024-06-13 14:28:21", "elapsed": 7.54806, "delta": 0.004986}}
{"target": -1062.7655654357125, "params": {"gamma": 5.879809512359401, "lr": 0.4575371969863721}, "datetime": {"datetime": "2024-06-13 14:28:21", "elapsed": 7.553047, "delta": 0.004987}}
{"target": -2827.388204248265, "params": {"gamma": 6.73884491695568, "lr": 0.03944279853538757}, "datetime": {"datetime": "2024-06-13 14:28:21", "elapsed": 7.558033, "delta": 0.004986}}
{"target": -1410.8321081324605, "params": {"gamma": 3.303881713493146, "lr": 0.08804841780935202}, "datetime": {"datetime": "2024-06-13 14:28:21", "elapsed": 7.56302, "delta": 0.004987}}
{"target": -1103.295770768399, "params": {"gamma": 6.836691010345723, "lr": 0.3980117152162973}, "datetime": {"datetime": "2024-06-13 14:28:21", "elapsed": 7.568006, "delta": 0.004986}}
{"target": -751.8402996174838, "params": {"gamma": 4.790061963647635, "lr": 0.2898033391923721}, "datetime": {"datetime": "2024-06-13 14:28:21", "elapsed": 7.57399, "delta": 0.005984}}
{"target": -3301.08971255152, "params": {"gamma": 7.883156906603142, "lr": 0.046512682267751626}, "datetime": {"datetime": "2024-06-13 14:28:21", "elapsed": 7.578977, "delta": 0.004987}}
{"target": -622.443641752096, "params": {"gamma": 2.811975337992219, "lr": 0.590595861758878}, "datetime": {"datetime": "2024-06-13 14:28:21", "elapsed": 7.582966, "delta": 0.003989}}
{"target": -1859.2475925657575, "params": {"gamma": 7.901544890842957, "lr": 0.6015993359119542}, "datetime": {"datetime": "2024-06-13 14:28:21", "elapsed": 7.587953, "delta": 0.004987}}
{"target": -3061.814403674701, "params": {"gamma": 7.305156197867701, "lr": 0.023527914877828127}, "datetime": {"datetime": "2024-06-13 14:28:21", "elapsed": 7.59294, "delta": 0.004987}}
{"target": -1096.2126428276506, "params": {"gamma": 2.5499809694961213, "lr": 0.04209175984237279}, "datetime": {"datetime": "2024-06-13 14:28:21", "elapsed": 7.596929, "delta": 0.003989}}
{"target": -1616.1729125052984, "params": {"gamma": 5.000623972289424, "lr": 0.9891402961407735}, "datetime": {"datetime": "2024-06-13 14:28:21", "elapsed": 7.603463, "delta": 0.006534}}
{"target": -147.71870017372507, "params": {"gamma": 0.1362915505440842, "lr": 0.4408790383372555}, "datetime": {"datetime": "2024-06-13 14:28:21", "elapsed": 7.607453, "delta": 0.00399}}
{"target": -152.81833472391526, "params": {"gamma": 0.0488593946407395, "lr": 0.6128886193293469}, "datetime": {"datetime": "2024-06-13 14:28:21", "elapsed": 7.612439, "delta": 0.004986}}
{"target": -483.1370084637297, "params": {"gamma": 1.8344039025545689, "lr": 0.7127417837905282}, "datetime": {"datetime": "2024-06-13 14:28:21", "elapsed": 7.617426, "delta": 0.004987}}
{"target": -489.1383757941609, "params": {"gamma": 1.5973254712175065, "lr": 0.8285756552303601}, "datetime": {"datetime": "2024-06-13 14:28:21", "elapsed": 7.622413, "delta": 0.004987}}
{"target": -344.431974405331, "params": {"gamma": 2.0625754591785816, "lr": 0.35221627383195075}, "datetime": {"datetime": "2024-06-13 14:28:21", "elapsed": 7.626402, "delta": 0.003989}}
{"target": -689.7971317712697, "params": {"gamma": 2.3065541407607677, "lr": 0.8076844924516463}, "datetime": {"datetime": "2024-06-13 14:28:21", "elapsed": 7.631934, "delta": 0.005532}}
{"target": -1513.9594971422462, "params": {"gamma": 4.903209285941475, "lr": 0.8738335058866241}, "datetime": {"datetime": "2024-06-13 14:28:21", "elapsed": 7.636921, "delta": 0.004987}}
{"target": -267.3854861335259, "params": {"gamma": 1.3017296410083459, "lr": 0.4989581103650381}, "datetime": {"datetime": "2024-06-13 14:28:21", "elapsed": 7.641908, "delta": 0.004987}}
{"target": -2500.62231280901, "params": {"gamma": 7.766359726186858, "lr": 0.9812101687911365}, "datetime": {"datetime": "2024-06-13 14:28:21", "elapsed": 7.646955, "delta": 0.005047}}
{"target": -1091.8114389091531, "params": {"gamma": 6.734103924215217, "lr": 0.18300117978695374}, "datetime": {"datetime": "2024-06-13 14:28:21", "elapsed": 7.682367, "delta": 0.035412}}
{"target": -3183.0296380285477, "params": {"gamma": 7.597969782524479, "lr": 0.07463521512286109}, "datetime": {"datetime": "2024-06-13 14:28:21", "elapsed": 7.687354, "delta": 0.004987}}
{"target": -2229.9367628753957, "params": {"gamma": 7.62796186474408, "lr": 0.8278152309219722}, "datetime": {"datetime": "2024-06-13 14:28:21", "elapsed": 7.69234, "delta": 0.004986}}
{"target": -1011.8559328867232, "params": {"gamma": 5.592537951402159, "lr": 0.49272082980822784}, "datetime": {"datetime": "2024-06-13 14:28:21", "elapsed": 7.698325, "delta": 0.005985}}
{"target": -3914.692050136128, "params": {"gamma": 9.36533769934676, "lr": 9.695068767479054e-05}, "datetime": {"datetime": "2024-06-13 14:28:21", "elapsed": 7.702314, "delta": 0.003989}}
{"target": -146.87941746733068, "params": {"gamma": 0.0966593768907281, "lr": 0.25195142314544017}, "datetime": {"datetime": "2024-06-13 14:28:21", "elapsed": 7.7073, "delta": 0.004986}}
{"target": -1094.4862151489847, "params": {"gamma": 5.057258956122923, "lr": 0.5404166504960898}, "datetime": {"datetime": "2024-06-13 14:28:21", "elapsed": 7.712288, "delta": 0.004988}}
{"target": -587.6013148833306, "params": {"gamma": 3.7135529478230405, "lr": 0.29271137519518675}, "datetime": {"datetime": "2024-06-13 14:28:21", "elapsed": 7.717303, "delta": 0.005015}}
{"target": -609.5193010152653, "params": {"gamma": 2.0244710973929743, "lr": 0.8002818943961242}, "datetime": {"datetime": "2024-06-13 14:28:21", "elapsed": 7.722289, "delta": 0.004986}}
{"target": -582.5315466027743, "params": {"gamma": 3.159913122914842, "lr": 0.492467985547119}, "datetime": {"datetime": "2024-06-13 14:28:21", "elapsed": 7.727248, "delta": 0.004959}}
{"target": -1908.5216602188166, "params": {"gamma": 8.11309762614833, "lr": 0.6123589424601151}, "datetime": {"datetime": "2024-06-13 14:28:21", "elapsed": 7.732234, "delta": 0.004986}}
{"target": -677.68471926401, "params": {"gamma": 4.086676353275073, "lr": 0.17690422236042747}, "datetime": {"datetime": "2024-06-13 14:28:21", "elapsed": 7.73722, "delta": 0.004986}}
{"target": -726.1605500502563, "params": {"gamma": 3.977123246381154, "lr": 0.48521265373011824}, "datetime": {"datetime": "2024-06-13 14:28:21", "elapsed": 7.742207, "delta": 0.004987}}
{"target": -1631.992685505722, "params": {"gamma": 9.905855341048484, "lr": 0.28419507592058557}, "datetime": {"datetime": "2024-06-13 14:28:21", "elapsed": 7.747194, "delta": 0.004987}}
{"target": -285.47212280761136, "params": {"gamma": 1.6572311251158391, "lr": 0.22057551351544413}, "datetime": {"datetime": "2024-06-13 14:28:21", "elapsed": 7.75218, "delta": 0.004986}}
{"target": -917.961310124443, "params": {"gamma": 2.115461976224172, "lr": 0.07604769057476157}, "datetime": {"datetime": "2024-06-13 14:28:21", "elapsed": 7.75617, "delta": 0.00399}}
{"target": -613.7591169138148, "params": {"gamma": 3.6497120765361126, "lr": 0.28473402479064247}, "datetime": {"datetime": "2024-06-13 14:28:21", "elapsed": 7.762154, "delta": 0.005984}}
{"target": -2581.473165644074, "params": {"gamma": 8.876000332641663, "lr": 0.780259609956419}, "datetime": {"datetime": "2024-06-13 14:28:21", "elapsed": 7.76714, "delta": 0.004986}}
{"target": -358.51512020746793, "params": {"gamma": 1.09154050351661, "lr": 0.8505034953674093}, "datetime": {"datetime": "2024-06-13 14:28:21", "elapsed": 7.772127, "delta": 0.004987}}
{"target": -308.1627296706444, "params": {"gamma": 1.0968764704846565, "lr": 0.7202077467752445}, "datetime": {"datetime": "2024-06-13 14:28:21", "elapsed": 7.777114, "delta": 0.004987}}
{"target": -2431.6446650420853, "params": {"gamma": 5.728670154913063, "lr": 0.08680838426747961}, "datetime": {"datetime": "2024-06-13 14:28:21", "elapsed": 7.781103, "delta": 0.003989}}
{"target": -2781.1243102869216, "params": {"gamma": 9.053375032737591, "lr": 0.8745665148853765}, "datetime": {"datetime": "2024-06-13 14:28:21", "elapsed": 7.78609, "delta": 0.004987}}
{"target": -1309.2504011244507, "params": {"gamma": 8.438673461887907, "lr": 0.3695673551173151}, "datetime": {"datetime": "2024-06-13 14:28:21", "elapsed": 7.791076, "delta": 0.004986}}
{"target": -734.7730066965851, "params": {"gamma": 2.2302911723421603, "lr": 0.9971116548587963}, "datetime": {"datetime": "2024-06-13 14:28:21", "elapsed": 7.79706, "delta": 0.005984}}
{"target": -3421.3132091694547, "params": {"gamma": 8.17356631642956, "lr": 0.042128160628106315}, "datetime": {"datetime": "2024-06-13 14:28:21", "elapsed": 7.80105, "delta": 0.00399}}
{"target": -1100.271055524141, "params": {"gamma": 3.733405500770418, "lr": 0.8121869757489847}, "datetime": {"datetime": "2024-06-13 14:28:21", "elapsed": 7.806037, "delta": 0.004987}}
{"target": -809.1572777782499, "params": {"gamma": 5.284318582532073, "lr": 0.24713082560012845}, "datetime": {"datetime": "2024-06-13 14:28:21", "elapsed": 7.811023, "delta": 0.004986}}
{"target": -1239.13620941762, "params": {"gamma": 7.9290864165444885, "lr": 0.2617510439444676}, "datetime": {"datetime": "2024-06-13 14:28:21", "elapsed": 7.81601, "delta": 0.004987}}
{"target": -155.43770131952107, "params": {"gamma": 0.00498340216746315, "lr": 0.23131891895573253}, "datetime": {"datetime": "2024-06-13 14:28:21", "elapsed": 7.819999, "delta": 0.003989}}
{"target": -2406.4430452011848, "params": {"gamma": 9.933709519335848, "lr": 0.6562008343421062}, "datetime": {"datetime": "2024-06-13 14:28:21", "elapsed": 7.826981, "delta": 0.006982}}
{"target": -576.465048944787, "params": {"gamma": 2.20746055274965, "lr": 0.6861397019787449}, "datetime": {"datetime": "2024-06-13 14:28:21", "elapsed": 7.83097, "delta": 0.003989}}
{"target": -1669.7774891124152, "params": {"gamma": 6.8696820453199665, "lr": 0.640742769936858}, "datetime": {"datetime": "2024-06-13 14:28:21", "elapsed": 7.835956, "delta": 0.004986}}
{"target": -165.35709941706145, "params": {"gamma": 0.7064146187020427, "lr": 0.2429641169892971}, "datetime": {"datetime": "2024-06-13 14:28:21", "elapsed": 7.840943, "delta": 0.004987}}
{"target": -2254.8159977753735, "params": {"gamma": 8.708501091076558, "lr": 0.7347408193015217}, "datetime": {"datetime": "2024-06-13 14:28:21", "elapsed": 7.84593, "delta": 0.004987}}
{"target": -285.86342381883054, "params": {"gamma": 1.6789922438348501, "lr": 0.29858946127654595}, "datetime": {"datetime": "2024-06-13 14:28:21", "elapsed": 7.850917, "delta": 0.004987}}
{"target": -1649.1949091874624, "params": {"gamma": 5.627657565327734, "lr": 0.826445766022829}, "datetime": {"datetime": "2024-06-13 14:28:21", "elapsed": 7.859893, "delta": 0.008976}}
{"target": -628.3985891215491, "params": {"gamma": 2.0059625473387035, "lr": 0.10166529365348886}, "datetime": {"datetime": "2024-06-13 14:28:21", "elapsed": 7.865877, "delta": 0.005984}}
{"target": -1195.9323786187858, "params": {"gamma": 3.8193070270168987, "lr": 0.912353469252759}, "datetime": {"datetime": "2024-06-13 14:28:21", "elapsed": 7.871862, "delta": 0.005985}}
{"target": -800.5113754948787, "params": {"gamma": 2.605874679054985, "lr": 0.10830435271308025}, "datetime": {"datetime": "2024-06-13 14:28:21", "elapsed": 7.876875, "delta": 0.005013}}
{"target": -153.56973141356275, "params": {"gamma": 0.56037370979255, "lr": 0.3516705558700568}, "datetime": {"datetime": "2024-06-13 14:28:21", "elapsed": 7.882831, "delta": 0.005956}}
{"target": -160.89646245709565, "params": {"gamma": 0.37723182573995767, "lr": 0.583033921230445}, "datetime": {"datetime": "2024-06-13 14:28:21", "elapsed": 7.888815, "delta": 0.005984}}
{"target": -1212.7859143072703, "params": {"gamma": 6.725895546392632, "lr": 0.46048358998473815}, "datetime": {"datetime": "2024-06-13 14:28:21", "elapsed": 7.892804, "delta": 0.003989}}
{"target": -1595.416474200341, "params": {"gamma": 7.411427420391562, "lr": 0.5010249644140818}, "datetime": {"datetime": "2024-06-13 14:28:21", "elapsed": 7.897791, "delta": 0.004987}}
{"target": -1068.1079635191359, "params": {"gamma": 7.023823855740785, "lr": 0.2306409059229675}, "datetime": {"datetime": "2024-06-13 14:28:21", "elapsed": 7.902778, "delta": 0.004987}}
{"target": -1602.8583080064434, "params": {"gamma": 7.446379482205204, "lr": 0.5016372020053996}, "datetime": {"datetime": "2024-06-13 14:28:21", "elapsed": 7.907764, "delta": 0.004986}}
{"target": -1270.9808339175124, "params": {"gamma": 7.053982930260369, "lr": 0.44669779031638923}, "datetime": {"datetime": "2024-06-13 14:28:21", "elapsed": 7.912751, "delta": 0.004987}}
{"target": -2132.5338895863597, "params": {"gamma": 5.059900155144239, "lr": 0.04153518297857339}, "datetime": {"datetime": "2024-06-13 14:28:21", "elapsed": 7.917738, "delta": 0.004987}}
{"target": -962.0272261495031, "params": {"gamma": 4.893603596752043, "lr": 0.14228750219732444}, "datetime": {"datetime": "2024-06-13 14:28:21", "elapsed": 7.922725, "delta": 0.004987}}
{"target": -289.66148958266103, "params": {"gamma": 1.425815973998472, "lr": 0.43335040255954493}, "datetime": {"datetime": "2024-06-13 14:28:21", "elapsed": 7.927711, "delta": 0.004986}}
{"target": -908.1675251363902, "params": {"gamma": 5.762571683469249, "lr": 0.343048695191552}, "datetime": {"datetime": "2024-06-13 14:28:21", "elapsed": 7.932697, "delta": 0.004986}}
{"target": -440.74305303266857, "params": {"gamma": 1.6057554110518168, "lr": 0.7414104169799515}, "datetime": {"datetime": "2024-06-13 14:28:21", "elapsed": 7.936686, "delta": 0.003989}}
{"target": -2491.849354313369, "params": {"gamma": 9.630952636256579, "lr": 0.7336422859505056}, "datetime": {"datetime": "2024-06-13 14:28:21", "elapsed": 7.941673, "delta": 0.004987}}
{"target": -272.8856248403866, "params": {"gamma": 0.7715652507427674, "lr": 0.8409081581252351}, "datetime": {"datetime": "2024-06-13 14:28:21", "elapsed": 7.94666, "delta": 0.004987}}
{"target": -179.5423838301888, "params": {"gamma": 0.6760729900832833, "lr": 0.4363120485992489}, "datetime": {"datetime": "2024-06-13 14:28:21", "elapsed": 7.951647, "delta": 0.004987}}
{"target": -1448.4952325025706, "params": {"gamma": 9.288699130413471, "lr": 0.26318010363654454}, "datetime": {"datetime": "2024-06-13 14:28:21", "elapsed": 7.956663, "delta": 0.005016}}
{"target": -396.66850513684824, "params": {"gamma": 1.2804037657560603, "lr": 0.7622387720608016}, "datetime": {"datetime": "2024-06-13 14:28:21", "elapsed": 7.96165, "delta": 0.004987}}
{"target": -1395.168716380705, "params": {"gamma": 9.286152605869912, "lr": 0.32576842070431766}, "datetime": {"datetime": "2024-06-13 14:28:21", "elapsed": 7.967604, "delta": 0.005954}}
{"target": -400.82450400781903, "params": {"gamma": 2.3253485203555204, "lr": 0.1824854764117131}, "datetime": {"datetime": "2024-06-13 14:28:21", "elapsed": 7.972591, "delta": 0.004987}}
{"target": -2065.657220812984, "params": {"gamma": 9.632391991118075, "lr": 0.5766346346502746}, "datetime": {"datetime": "2024-06-13 14:28:21", "elapsed": 7.977578, "delta": 0.004987}}
{"target": -1293.7810034750403, "params": {"gamma": 8.601017631330931, "lr": 0.3083449860518661}, "datetime": {"datetime": "2024-06-13 14:28:21", "elapsed": 7.982564, "delta": 0.004986}}
{"target": -167.15202469918202, "params": {"gamma": 0.5653078671540508, "lr": 0.45380418511530174}, "datetime": {"datetime": "2024-06-13 14:28:21", "elapsed": 7.986554, "delta": 0.00399}}
{"target": -465.32841927466586, "params": {"gamma": 2.0718938489778145, "lr": 0.5189836643290452}, "datetime": {"datetime": "2024-06-13 14:28:21", "elapsed": 7.99154, "delta": 0.004986}}
{"target": -842.2031501191949, "params": {"gamma": 5.3803383685417385, "lr": 0.2942882172433129}, "datetime": {"datetime": "2024-06-13 14:28:21", "elapsed": 7.996693, "delta": 0.005153}}
{"target": -1312.4431539603963, "params": {"gamma": 3.0752313679559293, "lr": 0.024173672214832798}, "datetime": {"datetime": "2024-06-13 14:28:21", "elapsed": 8.00178, "delta": 0.005087}}
{"target": -644.0598100569403, "params": {"gamma": 4.204599737289876, "lr": 0.3236894136587639}, "datetime": {"datetime": "2024-06-13 14:28:21", "elapsed": 8.005831, "delta": 0.004051}}
{"target": -1908.2505672192033, "params": {"gamma": 6.1952817624864025, "lr": 0.8597630666919952}, "datetime": {"datetime": "2024-06-13 14:28:21", "elapsed": 8.010818, "delta": 0.004987}}
{"target": -2077.5143045158184, "params": {"gamma": 4.926911767488365, "lr": 0.0827082980318894}, "datetime": {"datetime": "2024-06-13 14:28:21", "elapsed": 8.015804, "delta": 0.004986}}
{"target": -2725.7027354142124, "params": {"gamma": 9.334871102884591, "lr": 0.8083269668547564}, "datetime": {"datetime": "2024-06-13 14:28:21", "elapsed": 8.020791, "delta": 0.004987}}
{"target": -563.475823842446, "params": {"gamma": 3.6558227125345977, "lr": 0.3307289110251447}, "datetime": {"datetime": "2024-06-13 14:28:21", "elapsed": 8.025777, "delta": 0.004986}}
{"target": -1453.138132258884, "params": {"gamma": 9.379402853367585, "lr": 0.37489434056111615}, "datetime": {"datetime": "2024-06-13 14:28:21", "elapsed": 8.030764, "delta": 0.004987}}
{"target": -2050.2418448453523, "params": {"gamma": 6.358386384013082, "lr": 0.9853443380985734}, "datetime": {"datetime": "2024-06-13 14:28:21", "elapsed": 8.035751, "delta": 0.004987}}
{"target": -143.91870110989083, "params": {"gamma": 0.36836090554034395, "lr": 0.3146309781487783}, "datetime": {"datetime": "2024-06-13 14:28:21", "elapsed": 8.03974, "delta": 0.003989}}
{"target": -760.8810029805126, "params": {"gamma": 2.313125983692789, "lr": 0.9223654191512636}, "datetime": {"datetime": "2024-06-13 14:28:21", "elapsed": 8.044727, "delta": 0.004987}}
{"target": -2319.5289171985687, "params": {"gamma": 5.511816168783595, "lr": 0.05371353840991677}, "datetime": {"datetime": "2024-06-13 14:28:21", "elapsed": 8.049714, "delta": 0.004987}}
{"target": -1912.5012714515292, "params": {"gamma": 7.552727246484496, "lr": 0.6840838213346168}, "datetime": {"datetime": "2024-06-13 14:28:21", "elapsed": 8.0547, "delta": 0.004986}}
{"target": -2134.578824736953, "params": {"gamma": 6.622078860248277, "lr": 0.9557287749268826}, "datetime": {"datetime": "2024-06-13 14:28:21", "elapsed": 8.059687, "delta": 0.004987}}
{"target": -2530.76601132432, "params": {"gamma": 8.746141385554216, "lr": 0.7532514851657419}, "datetime": {"datetime": "2024-06-13 14:28:21", "elapsed": 8.064674, "delta": 0.004987}}
