{"target": -121.79375711652297, "params": {"gamma": 0.657282747746784, "prior": 4.544031005383378, "rate": 8.378448285186794}, "datetime": {"datetime": "2024-06-14 05:32:50", "elapsed": 12.265339, "delta": 0.010546}}
{"target": -130.00064368764484, "params": {"gamma": 1.7983467816471097, "prior": 0.48173470650167005, "rate": 7.327203051217345}, "datetime": {"datetime": "2024-06-14 05:32:50", "elapsed": 12.274315, "delta": 0.008976}}
{"target": -265.61393644689485, "params": {"gamma": 5.630844195010378, "prior": 0.5164002018474038, "rate": 9.848867755318958}, "datetime": {"datetime": "2024-06-14 05:32:50", "elapsed": 12.285313, "delta": 0.010998}}
{"target": -264.77272187695894, "params": {"gamma": 5.693754542449788, "prior": 5.893051062330274, "rate": 7.899276512022575}, "datetime": {"datetime": "2024-06-14 05:32:50", "elapsed": 12.295259, "delta": 0.009946}}
{"target": -380.3512082863858, "params": {"gamma": 9.026444072192401, "prior": 0.7014322896639713, "rate": 3.485783580678766}, "datetime": {"datetime": "2024-06-14 05:32:50", "elapsed": 12.304235, "delta": 0.008976}}
{"target": -168.34023130369297, "params": {"gamma": 2.001718538820858, "prior": 4.70500016338409, "rate": 0.9155879517141836}, "datetime": {"datetime": "2024-06-14 05:32:50", "elapsed": 12.314208, "delta": 0.009973}}
{"target": -119.44722607037573, "params": {"gamma": 0.6817896566229965, "prior": 3.07880538798981, "rate": 9.04354823246074}, "datetime": {"datetime": "2024-06-14 05:32:50", "elapsed": 12.324182, "delta": 0.009974}}
{"target": -702.8025577972023, "params": {"gamma": 9.755444236897075, "prior": 7.660828314655607, "rate": 0.008408388692528457}, "datetime": {"datetime": "2024-06-14 05:32:50", "elapsed": 12.334155, "delta": 0.009973}}
{"target": -317.267533464152, "params": {"gamma": 7.3524203268081045, "prior": 0.3177258488517453, "rate": 1.6864882568683546}, "datetime": {"datetime": "2024-06-14 05:32:50", "elapsed": 12.344128, "delta": 0.009973}}
{"target": -142.72258398045057, "params": {"gamma": 0.10612956883701744, "prior": 1.576357287795895, "rate": 6.87536774608507}, "datetime": {"datetime": "2024-06-14 05:32:50", "elapsed": 12.353104, "delta": 0.008976}}
{"target": -306.7995130133734, "params": {"gamma": 7.020466736538225, "prior": 3.773666325556383, "rate": 7.312177051179447}, "datetime": {"datetime": "2024-06-14 05:32:50", "elapsed": 12.363078, "delta": 0.009974}}
{"target": -424.814114213971, "params": {"gamma": 8.47319475004096, "prior": 1.3905393929713459, "rate": 0.8749857543012785}, "datetime": {"datetime": "2024-06-14 05:32:50", "elapsed": 12.373051, "delta": 0.009973}}
{"target": -204.84173913372848, "params": {"gamma": 3.7198426436825134, "prior": 4.098448011756622, "rate": 2.764765794383843}, "datetime": {"datetime": "2024-06-14 05:32:50", "elapsed": 12.383024, "delta": 0.009973}}
{"target": -322.97459664688336, "params": {"gamma": 7.5419276912585245, "prior": 3.2856833854686824, "rate": 8.001642974863078}, "datetime": {"datetime": "2024-06-14 05:32:50", "elapsed": 12.392998, "delta": 0.009974}}
{"target": -433.07101980282744, "params": {"gamma": 9.113172234382187, "prior": 5.180175174658037, "rate": 4.294790874776841}, "datetime": {"datetime": "2024-06-14 05:32:50", "elapsed": 12.402971, "delta": 0.009973}}
{"target": -117.74274048385873, "params": {"gamma": 0.9168564269132811, "prior": 2.8094053076691683, "rate": 8.866591497643999}, "datetime": {"datetime": "2024-06-14 05:32:50", "elapsed": 12.411947, "delta": 0.008976}}
{"target": -155.6555930446024, "params": {"gamma": 2.460197468394256, "prior": 6.24977493002166, "rate": 4.950578951032165}, "datetime": {"datetime": "2024-06-14 05:32:50", "elapsed": 12.421921, "delta": 0.009974}}
{"target": -157.17025542110625, "params": {"gamma": 0.9446309868062094, "prior": 9.003748460789474, "rate": 0.6786405537486796}, "datetime": {"datetime": "2024-06-14 05:32:50", "elapsed": 12.431894, "delta": 0.009973}}
{"target": -336.99060910967205, "params": {"gamma": 6.807342552340344, "prior": 9.722781585845405, "rate": 7.09402853441662}, "datetime": {"datetime": "2024-06-14 05:32:50", "elapsed": 12.441867, "delta": 0.009973}}
{"target": -170.5125378456363, "params": {"gamma": 3.2597612958632975, "prior": 0.8270576470431867, "rate": 5.797790733426387}, "datetime": {"datetime": "2024-06-14 05:32:50", "elapsed": 12.451841, "delta": 0.009974}}
{"target": -320.4014608729131, "params": {"gamma": 7.335436665512681, "prior": 3.6525757331700546, "rate": 6.537860973630521}, "datetime": {"datetime": "2024-06-14 05:32:50", "elapsed": 12.461814, "delta": 0.009973}}
{"target": -268.4167423395318, "params": {"gamma": 5.6663474905763875, "prior": 0.4376535322434657, "rate": 9.207023836034617}, "datetime": {"datetime": "2024-06-14 05:32:50", "elapsed": 12.47079, "delta": 0.008976}}
{"target": -188.58780134697386, "params": {"gamma": 3.80067802872134, "prior": 3.8560792455691626, "rate": 8.463712402100912}, "datetime": {"datetime": "2024-06-14 05:32:50", "elapsed": 12.480763, "delta": 0.009973}}
{"target": -231.2206974304151, "params": {"gamma": 4.843294742066144, "prior": 4.565581063206701, "rate": 6.398927296728125}, "datetime": {"datetime": "2024-06-14 05:32:50", "elapsed": 12.490736, "delta": 0.009973}}
{"target": -140.52826610939408, "params": {"gamma": 2.118501136597562, "prior": 5.330176857702819, "rate": 6.68601667563293}, "datetime": {"datetime": "2024-06-14 05:32:50", "elapsed": 12.50071, "delta": 0.009974}}
{"target": -267.71752364138405, "params": {"gamma": 5.388228223129067, "prior": 7.116735261329858, "rate": 5.985766383139416}, "datetime": {"datetime": "2024-06-14 05:32:50", "elapsed": 12.510683, "delta": 0.009973}}
{"target": -527.3280665156627, "params": {"gamma": 8.414213931463882, "prior": 8.803790551734272, "rate": 0.979294191124055}, "datetime": {"datetime": "2024-06-14 05:32:50", "elapsed": 12.520656, "delta": 0.009973}}
{"target": -148.9672630060934, "params": {"gamma": 2.5866813512262476, "prior": 0.6410959386512911, "rate": 2.289689785820543}, "datetime": {"datetime": "2024-06-14 05:32:50", "elapsed": 12.529632, "delta": 0.008976}}
{"target": -315.89288118944165, "params": {"gamma": 7.209446154413992, "prior": 0.8775978709769626, "rate": 1.5520400109873145}, "datetime": {"datetime": "2024-06-14 05:32:50", "elapsed": 12.539606, "delta": 0.009974}}
{"target": -386.52236067862026, "params": {"gamma": 7.707912505930211, "prior": 4.498819255990509, "rate": 2.9019172561855204}, "datetime": {"datetime": "2024-06-14 05:32:50", "elapsed": 12.549579, "delta": 0.009973}}
{"target": -439.7916339359347, "params": {"gamma": 6.440202978033387, "prior": 8.880690205028927, "rate": 0.3770167983173472}, "datetime": {"datetime": "2024-06-14 05:32:50", "elapsed": 12.559552, "delta": 0.009973}}
{"target": -314.71260583681214, "params": {"gamma": 6.931250350669296, "prior": 6.718652167826616, "rate": 8.680252973877208}, "datetime": {"datetime": "2024-06-14 05:32:50", "elapsed": 12.569557, "delta": 0.010005}}
{"target": -173.25846372792444, "params": {"gamma": 1.964524028194986, "prior": 7.156647032386309, "rate": 1.0399071814446177}, "datetime": {"datetime": "2024-06-14 05:32:50", "elapsed": 12.5795, "delta": 0.009943}}
{"target": -157.90131342896063, "params": {"gamma": 0.5672069415832846, "prior": 6.839880739152903, "rate": 0.22732450662229567}, "datetime": {"datetime": "2024-06-14 05:32:50", "elapsed": 12.589502, "delta": 0.010002}}
{"target": -121.99543213588704, "params": {"gamma": 0.4439465889324353, "prior": 0.46583492545602645, "rate": 4.65463967682463}, "datetime": {"datetime": "2024-06-14 05:32:50", "elapsed": 12.599446, "delta": 0.009944}}
{"target": -445.93862276185905, "params": {"gamma": 7.5789365730024665, "prior": 9.92277231453038, "rate": 2.2668503578440693}, "datetime": {"datetime": "2024-06-14 05:32:50", "elapsed": 12.608422, "delta": 0.008976}}
{"target": -362.87413684343034, "params": {"gamma": 7.924009872480004, "prior": 7.972934055378927, "rate": 8.72255485071234}, "datetime": {"datetime": "2024-06-14 05:32:50", "elapsed": 12.618395, "delta": 0.009973}}
{"target": -166.16268385865283, "params": {"gamma": 3.1432456469635857, "prior": 1.4159580458583867, "rate": 7.967219098261448}, "datetime": {"datetime": "2024-06-14 05:32:50", "elapsed": 12.629367, "delta": 0.010972}}
{"target": -359.03056570864885, "params": {"gamma": 5.675065913341395, "prior": 4.2050738753286225, "rate": 0.587358130182522}, "datetime": {"datetime": "2024-06-14 05:32:50", "elapsed": 12.638342, "delta": 0.008975}}
{"target": -148.09824424361622, "params": {"gamma": 0.06656219698395709, "prior": 3.2286322867153814, "rate": 2.715316394543481}, "datetime": {"datetime": "2024-06-14 05:32:50", "elapsed": 12.648315, "delta": 0.009973}}
{"target": -264.222014802533, "params": {"gamma": 4.757760549476385, "prior": 9.243757460551764, "rate": 4.167428176120559}, "datetime": {"datetime": "2024-06-14 05:32:50", "elapsed": 12.658288, "delta": 0.009973}}
{"target": -186.77241924008564, "params": {"gamma": 2.8795508249232378, "prior": 8.467940679140908, "rate": 3.0701917238377807}, "datetime": {"datetime": "2024-06-14 05:32:50", "elapsed": 12.668635, "delta": 0.010347}}
{"target": -444.2900890295613, "params": {"gamma": 9.155924640477402, "prior": 8.647777248513803, "rate": 6.388553062492898}, "datetime": {"datetime": "2024-06-14 05:32:50", "elapsed": 12.678609, "delta": 0.009974}}
{"target": -319.38054970300425, "params": {"gamma": 7.477004260543885, "prior": 1.6574956757483044, "rate": 6.029139826844452}, "datetime": {"datetime": "2024-06-14 05:32:50", "elapsed": 12.688582, "delta": 0.009973}}
{"target": -196.82403373441508, "params": {"gamma": 3.2710458013785924, "prior": 4.937912730263073, "rate": 2.2546291955209634}, "datetime": {"datetime": "2024-06-14 05:32:50", "elapsed": 12.698555, "delta": 0.009973}}
{"target": -406.2231820062193, "params": {"gamma": 9.019674819004562, "prior": 4.174184394127804, "rate": 4.767863797915282}, "datetime": {"datetime": "2024-06-14 05:32:50", "elapsed": 12.708529, "delta": 0.009974}}
{"target": -309.7943995381738, "params": {"gamma": 7.214306126589714, "prior": 1.3097484479347787, "rate": 5.031147420462448}, "datetime": {"datetime": "2024-06-14 05:32:50", "elapsed": 12.717505, "delta": 0.008976}}
{"target": -429.45566650721213, "params": {"gamma": 8.131663485200999, "prior": 6.805684413213499, "rate": 3.2171856095203215}, "datetime": {"datetime": "2024-06-14 05:32:50", "elapsed": 12.727358, "delta": 0.009853}}
{"target": -335.4143476016923, "params": {"gamma": 7.106943301265306, "prior": 9.350952026926866, "rate": 8.947867607275063}, "datetime": {"datetime": "2024-06-14 05:32:50", "elapsed": 12.737331, "delta": 0.009973}}
{"target": -332.27136531148255, "params": {"gamma": 7.422605646963092, "prior": 2.7344015716166092, "rate": 3.725501581962508}, "datetime": {"datetime": "2024-06-14 05:32:50", "elapsed": 12.747304, "delta": 0.009973}}
{"target": -264.1871688863179, "params": {"gamma": 5.584620793314178, "prior": 3.872384078878505, "rate": 4.558012873762793}, "datetime": {"datetime": "2024-06-14 05:32:50", "elapsed": 12.757278, "delta": 0.009974}}
{"target": -345.9550771719405, "params": {"gamma": 7.935465915232807, "prior": 1.1290073078901408, "rate": 9.7299927856935}, "datetime": {"datetime": "2024-06-14 05:32:50", "elapsed": 12.767251, "delta": 0.009973}}
{"target": -335.88364908459187, "params": {"gamma": 7.046486043044176, "prior": 8.660805896925622, "rate": 7.817018859374792}, "datetime": {"datetime": "2024-06-14 05:32:50", "elapsed": 12.777224, "delta": 0.009973}}
{"target": -262.37719381984385, "params": {"gamma": 4.322404951375301, "prior": 9.430860319493826, "rate": 2.5316090848682102}, "datetime": {"datetime": "2024-06-14 05:32:50", "elapsed": 12.787197, "delta": 0.009973}}
{"target": -125.9991871219952, "params": {"gamma": 0.46343798347233406, "prior": 1.0590944796215522, "rate": 2.0081654825988586}, "datetime": {"datetime": "2024-06-14 05:32:50", "elapsed": 12.796174, "delta": 0.008977}}
{"target": -242.76927528554327, "params": {"gamma": 5.3912662829380675, "prior": 2.3136652704027774, "rate": 8.353372877694195}, "datetime": {"datetime": "2024-06-14 05:32:50", "elapsed": 12.806147, "delta": 0.009973}}
{"target": -145.5079128885103, "params": {"gamma": 0.09437753374081341, "prior": 7.484419195067273, "rate": 9.69010921459811}, "datetime": {"datetime": "2024-06-14 05:32:51", "elapsed": 12.81612, "delta": 0.009973}}
{"target": -157.41917173915226, "params": {"gamma": 2.6725649276388403, "prior": 6.275773513641307, "rate": 7.148081569821106}, "datetime": {"datetime": "2024-06-14 05:32:51", "elapsed": 12.826094, "delta": 0.009974}}
{"target": -172.81697049015796, "params": {"gamma": 3.270247221878411, "prior": 4.387953061937092, "rate": 7.344354052301767}, "datetime": {"datetime": "2024-06-14 05:32:51", "elapsed": 12.836067, "delta": 0.009973}}
{"target": -121.11605900065624, "params": {"gamma": 1.3123707216933747, "prior": 1.5224911326883348, "rate": 3.7546878211627708}, "datetime": {"datetime": "2024-06-14 05:32:51", "elapsed": 12.84604, "delta": 0.009973}}
{"target": -158.91209939428256, "params": {"gamma": 2.2848621090646066, "prior": 3.139165298421994, "rate": 1.5015067831741629}, "datetime": {"datetime": "2024-06-14 05:32:51", "elapsed": 12.856014, "delta": 0.009974}}
{"target": -134.89004947588208, "params": {"gamma": 0.9672639623300204, "prior": 9.168241908051757, "rate": 3.4595881913084976}, "datetime": {"datetime": "2024-06-14 05:32:51", "elapsed": 12.865987, "delta": 0.009973}}
{"target": -280.5659749801494, "params": {"gamma": 5.660096601094165, "prior": 5.51726777421675, "rate": 4.5041251239749585}, "datetime": {"datetime": "2024-06-14 05:32:51", "elapsed": 12.874963, "delta": 0.008976}}
{"target": -319.93453998851805, "params": {"gamma": 7.478457982844058, "prior": 3.3826069277300896, "rate": 8.924882091116567}, "datetime": {"datetime": "2024-06-14 05:32:51", "elapsed": 12.884939, "delta": 0.009976}}
{"target": -130.24788581308255, "params": {"gamma": 0.6812641898485671, "prior": 5.7914069679783005, "rate": 3.391186716940452}, "datetime": {"datetime": "2024-06-14 05:32:51", "elapsed": 12.894914, "delta": 0.009975}}
{"target": -183.99754679000577, "params": {"gamma": 3.6396395485330513, "prior": 3.120469153051323, "rate": 6.036259408805832}, "datetime": {"datetime": "2024-06-14 05:32:51", "elapsed": 12.90449, "delta": 0.009576}}
{"target": -149.685337232245, "params": {"gamma": 2.34484488740895, "prior": 3.013631376935151, "rate": 2.8556604108589827}, "datetime": {"datetime": "2024-06-14 05:32:51", "elapsed": 12.914463, "delta": 0.009973}}
{"target": -151.2105980047147, "params": {"gamma": 0.06894765796633268, "prior": 3.779023243593732, "rate": 0.4899246143734417}, "datetime": {"datetime": "2024-06-14 05:32:51", "elapsed": 12.924437, "delta": 0.009974}}
{"target": -417.0784442027811, "params": {"gamma": 8.743887748991542, "prior": 7.246044050893931, "rate": 5.953475738168867}, "datetime": {"datetime": "2024-06-14 05:32:51", "elapsed": 12.93441, "delta": 0.009973}}
{"target": -362.5149793470229, "params": {"gamma": 7.439039471551036, "prior": 9.020831429535983, "rate": 6.941211543141177}, "datetime": {"datetime": "2024-06-14 05:32:51", "elapsed": 12.944383, "delta": 0.009973}}
{"target": -261.57355455879366, "params": {"gamma": 5.90797241496815, "prior": 1.3301665118919654, "rate": 4.046421932570356}, "datetime": {"datetime": "2024-06-14 05:32:51", "elapsed": 12.954357, "delta": 0.009974}}
{"target": -264.4659184057425, "params": {"gamma": 5.789933531360811, "prior": 6.068159221609412, "rate": 9.607817590001783}, "datetime": {"datetime": "2024-06-14 05:32:51", "elapsed": 12.963333, "delta": 0.008976}}
{"target": -155.9573491042234, "params": {"gamma": 2.0557977104341765, "prior": 6.665198142873705, "rate": 2.5650349774738426}, "datetime": {"datetime": "2024-06-14 05:32:51", "elapsed": 12.973306, "delta": 0.009973}}
{"target": -246.8520288239665, "params": {"gamma": 4.1781946638619605, "prior": 9.722309574884378, "rate": 3.31144322847995}, "datetime": {"datetime": "2024-06-14 05:32:51", "elapsed": 12.983279, "delta": 0.009973}}
{"target": -258.91753549046433, "params": {"gamma": 3.620869630590026, "prior": 4.451727639802938, "rate": 0.4076372311016773}, "datetime": {"datetime": "2024-06-14 05:32:51", "elapsed": 12.992255, "delta": 0.008976}}
{"target": -207.448060439587, "params": {"gamma": 3.9863038148057774, "prior": 6.227952485750611, "rate": 5.7812217885154835}, "datetime": {"datetime": "2024-06-14 05:32:51", "elapsed": 13.002229, "delta": 0.009974}}
{"target": -412.9458964826376, "params": {"gamma": 8.734253865159978, "prior": 6.447746922370251, "rate": 5.570002490848631}, "datetime": {"datetime": "2024-06-14 05:32:51", "elapsed": 13.012202, "delta": 0.009973}}
{"target": -295.3336142639938, "params": {"gamma": 6.406830923563959, "prior": 0.5714061557653263, "rate": 9.961217364236495}, "datetime": {"datetime": "2024-06-14 05:32:51", "elapsed": 13.022176, "delta": 0.009974}}
{"target": -133.36828343898128, "params": {"gamma": 1.517902470777048, "prior": 4.242624178680719, "rate": 2.953219449966769}, "datetime": {"datetime": "2024-06-14 05:32:51", "elapsed": 13.032149, "delta": 0.009973}}
{"target": -297.64982713343215, "params": {"gamma": 5.7725917240622495, "prior": 5.6396541321313896, "rate": 3.5217911282734677}, "datetime": {"datetime": "2024-06-14 05:32:51", "elapsed": 13.042122, "delta": 0.009973}}
{"target": -434.032508219522, "params": {"gamma": 9.73632101034662, "prior": 7.537589226886725, "rate": 8.898523787979325}, "datetime": {"datetime": "2024-06-14 05:32:51", "elapsed": 13.051603, "delta": 0.009481}}
{"target": -239.37781582822493, "params": {"gamma": 4.554646543417618, "prior": 6.0341202774811045, "rate": 4.135119304282028}, "datetime": {"datetime": "2024-06-14 05:32:51", "elapsed": 13.061576, "delta": 0.009973}}
{"target": -193.64249977294944, "params": {"gamma": 3.043247399234573, "prior": 5.302158650435817, "rate": 1.9104821219709982}, "datetime": {"datetime": "2024-06-14 05:32:51", "elapsed": 13.07155, "delta": 0.009974}}
{"target": -211.84553271792922, "params": {"gamma": 2.141803137630578, "prior": 5.156795441297785, "rate": 0.13950689289069168}, "datetime": {"datetime": "2024-06-14 05:32:51", "elapsed": 13.081523, "delta": 0.009973}}
{"target": -229.2861559457021, "params": {"gamma": 4.4554255996411385, "prior": 9.967336646400456, "rate": 8.227007128517913}, "datetime": {"datetime": "2024-06-14 05:32:51", "elapsed": 13.091527, "delta": 0.010004}}
{"target": -135.7767166581029, "params": {"gamma": 0.8355220043224125, "prior": 6.5933141384600535, "rate": 2.25470390737774}, "datetime": {"datetime": "2024-06-14 05:32:51", "elapsed": 13.10147, "delta": 0.009943}}
{"target": -120.721965503688, "params": {"gamma": 1.1804405667721274, "prior": 3.551904901646867, "rate": 6.771991012506975}, "datetime": {"datetime": "2024-06-14 05:32:51", "elapsed": 13.111443, "delta": 0.009973}}
{"target": -258.5336154959422, "params": {"gamma": 5.508094840668205, "prior": 0.5352303689625977, "rate": 8.567685939201464}, "datetime": {"datetime": "2024-06-14 05:32:51", "elapsed": 13.120914, "delta": 0.009471}}
{"target": -293.30411199126604, "params": {"gamma": 4.776472641076445, "prior": 8.582084626197144, "rate": 1.8773524615382258}, "datetime": {"datetime": "2024-06-14 05:32:51", "elapsed": 13.130887, "delta": 0.009973}}
{"target": -125.30634141712514, "params": {"gamma": 0.8382489282379628, "prior": 5.208099654210848, "rate": 4.545992085303224}, "datetime": {"datetime": "2024-06-14 05:32:51", "elapsed": 13.140967, "delta": 0.01008}}
{"target": -141.55606574487106, "params": {"gamma": 0.13993009549948474, "prior": 0.4896104379385867, "rate": 0.9372347244778493}, "datetime": {"datetime": "2024-06-14 05:32:51", "elapsed": 13.150449, "delta": 0.009482}}
{"target": -125.90580698731425, "params": {"gamma": 0.4077341217427622, "prior": 1.839816766707203, "rate": 5.7557859749589015}, "datetime": {"datetime": "2024-06-14 05:32:51", "elapsed": 13.160422, "delta": 0.009973}}
{"target": -327.9636614626286, "params": {"gamma": 4.768049447045129, "prior": 9.79972035532993, "rate": 0.7083006030293989}, "datetime": {"datetime": "2024-06-14 05:32:51", "elapsed": 13.170396, "delta": 0.009974}}
{"target": -377.86899868811673, "params": {"gamma": 8.67428890537549, "prior": 5.827345843187369, "rate": 8.764878981579999}, "datetime": {"datetime": "2024-06-14 05:32:51", "elapsed": 13.180369, "delta": 0.009973}}
{"target": -119.20341315767666, "params": {"gamma": 0.5580803899209963, "prior": 1.0816198620738768, "rate": 8.631084082751796}, "datetime": {"datetime": "2024-06-14 05:32:51", "elapsed": 13.190342, "delta": 0.009973}}
{"target": -411.0180170088784, "params": {"gamma": 5.7042698804473675, "prior": 5.629088630789569, "rate": 0.13111366674830982}, "datetime": {"datetime": "2024-06-14 05:32:51", "elapsed": 13.200315, "delta": 0.009973}}
{"target": -297.90189080175105, "params": {"gamma": 6.422885788360278, "prior": 8.491878366232083, "rate": 9.96126578479924}, "datetime": {"datetime": "2024-06-14 05:32:51", "elapsed": 13.210289, "delta": 0.009974}}
{"target": -213.8538475730898, "params": {"gamma": 4.3301149523829, "prior": 3.182949555977844, "rate": 4.0482984794974595}, "datetime": {"datetime": "2024-06-14 05:32:51", "elapsed": 13.220263, "delta": 0.009974}}
{"target": -142.1952580185776, "params": {"gamma": 2.2810229380137588, "prior": 2.3383759888621203, "rate": 4.337002443043325}, "datetime": {"datetime": "2024-06-14 05:32:51", "elapsed": 13.229808, "delta": 0.009545}}
{"target": -315.3969656835072, "params": {"gamma": 6.845710542660374, "prior": 6.641299157065754, "rate": 7.725129192452083}, "datetime": {"datetime": "2024-06-14 05:32:51", "elapsed": 13.239782, "delta": 0.009974}}
{"target": -143.19183692552605, "params": {"gamma": 2.1689300660171678, "prior": 7.314193149454935, "rate": 7.952743020363484}, "datetime": {"datetime": "2024-06-14 05:32:51", "elapsed": 13.250753, "delta": 0.010971}}
