{"target": -727.2684328785944, "params": {"gamma": 2.2274368777620133, "lr": 0.13801496204321861}, "datetime": {"datetime": "2024-06-13 22:26:41", "elapsed": 7.973114, "delta": 0.004986}}
{"target": -581.3316762689074, "params": {"gamma": 2.2096624750777165, "lr": 0.2055098610936521}, "datetime": {"datetime": "2024-06-13 22:26:41", "elapsed": 7.978101, "delta": 0.004987}}
{"target": -1325.6010709541106, "params": {"gamma": 5.680077493599765, "lr": 0.6630438231677197}, "datetime": {"datetime": "2024-06-13 22:26:41", "elapsed": 7.983088, "delta": 0.004987}}
{"target": -1746.9200641215314, "params": {"gamma": 5.274647786496121, "lr": 0.05634939173447451}, "datetime": {"datetime": "2024-06-13 22:26:41", "elapsed": 7.988074, "delta": 0.004986}}
{"target": -1021.0617501333928, "params": {"gamma": 3.6322627869363457, "lr": 0.9677274091080609}, "datetime": {"datetime": "2024-06-13 22:26:41", "elapsed": 7.993061, "delta": 0.004987}}
{"target": -1606.9397445289694, "params": {"gamma": 6.955420242475687, "lr": 0.36973977954151527}, "datetime": {"datetime": "2024-06-13 22:26:41", "elapsed": 7.998048, "delta": 0.004987}}
{"target": -1542.0763352540175, "params": {"gamma": 6.716589859874733, "lr": 0.26510969397346273}, "datetime": {"datetime": "2024-06-13 22:26:41", "elapsed": 8.003034, "delta": 0.004986}}
{"target": -221.54292083723874, "params": {"gamma": 0.7756981624656162, "lr": 0.5280671392556082}, "datetime": {"datetime": "2024-06-13 22:26:41", "elapsed": 8.008021, "delta": 0.004987}}
{"target": -649.6998348367094, "params": {"gamma": 2.8984014893930756, "lr": 0.48165189565416366}, "datetime": {"datetime": "2024-06-13 22:26:41", "elapsed": 8.01201, "delta": 0.003989}}
{"target": -2091.6690658109746, "params": {"gamma": 9.020043950898684, "lr": 0.6517403667487239}, "datetime": {"datetime": "2024-06-13 22:26:41", "elapsed": 8.016997, "delta": 0.004987}}
{"target": -2339.4083259363706, "params": {"gamma": 7.233468037123845, "lr": 0.1025865252271354}, "datetime": {"datetime": "2024-06-13 22:26:41", "elapsed": 8.021983, "delta": 0.004986}}
{"target": -1046.5959176328286, "params": {"gamma": 4.7971011998412845, "lr": 0.40434189038945745}, "datetime": {"datetime": "2024-06-13 22:26:41", "elapsed": 8.02697, "delta": 0.004987}}
{"target": -1514.6292283636044, "params": {"gamma": 6.468925570274098, "lr": 0.287735134554958}, "datetime": {"datetime": "2024-06-13 22:26:41", "elapsed": 8.031957, "delta": 0.004987}}
{"target": -1075.5273655421527, "params": {"gamma": 3.8312640574634482, "lr": 0.981016791950987}, "datetime": {"datetime": "2024-06-13 22:26:41", "elapsed": 8.036943, "delta": 0.004986}}
{"target": -335.5248004957433, "params": {"gamma": 1.1489908672848812, "lr": 0.19990786306137587}, "datetime": {"datetime": "2024-06-13 22:26:41", "elapsed": 8.040933, "delta": 0.00399}}
{"target": -589.454166418136, "params": {"gamma": 2.3912225972933583, "lr": 0.6966542004402304}, "datetime": {"datetime": "2024-06-13 22:26:41", "elapsed": 8.045919, "delta": 0.004986}}
{"target": -1782.356139410404, "params": {"gamma": 7.1371672251136955, "lr": 0.7847549365756692}, "datetime": {"datetime": "2024-06-13 22:26:41", "elapsed": 8.050907, "delta": 0.004988}}
{"target": -1022.6844922671855, "params": {"gamma": 3.8110627039036813, "lr": 0.8524032876575542}, "datetime": {"datetime": "2024-06-13 22:26:41", "elapsed": 8.055893, "delta": 0.004986}}
{"target": -1668.2940167004188, "params": {"gamma": 6.973768049350303, "lr": 0.7132598975767365}, "datetime": {"datetime": "2024-06-13 22:26:41", "elapsed": 8.06088, "delta": 0.004987}}
{"target": -1903.3141674184162, "params": {"gamma": 8.220064454506392, "lr": 0.6289244383408126}, "datetime": {"datetime": "2024-06-13 22:26:41", "elapsed": 8.065867, "delta": 0.004987}}
{"target": -1407.0187252699577, "params": {"gamma": 4.2228540008601385, "lr": 0.030798811164673312}, "datetime": {"datetime": "2024-06-13 22:26:41", "elapsed": 8.070853, "delta": 0.004986}}
{"target": -1308.9221106389223, "params": {"gamma": 5.9549611772267355, "lr": 0.5637635695018256}, "datetime": {"datetime": "2024-06-13 22:26:41", "elapsed": 8.07584, "delta": 0.004987}}
{"target": -1387.3084317358082, "params": {"gamma": 6.008479407469643, "lr": 0.3228534686765717}, "datetime": {"datetime": "2024-06-13 22:26:41", "elapsed": 8.079829, "delta": 0.003989}}
{"target": -1626.3167181014978, "params": {"gamma": 5.549264886470077, "lr": 0.17165630428408674}, "datetime": {"datetime": "2024-06-13 22:26:41", "elapsed": 8.084816, "delta": 0.004987}}
{"target": -2142.790444441475, "params": {"gamma": 6.49894440266871, "lr": 0.07167347369091615}, "datetime": {"datetime": "2024-06-13 22:26:41", "elapsed": 8.089802, "delta": 0.004986}}
{"target": -2217.325886297324, "params": {"gamma": 8.750896260863644, "lr": 0.21613795014659942}, "datetime": {"datetime": "2024-06-13 22:26:41", "elapsed": 8.094789, "delta": 0.004987}}
{"target": -815.0440956607765, "params": {"gamma": 2.9391518612119483, "lr": 0.8847369186394346}, "datetime": {"datetime": "2024-06-13 22:26:41", "elapsed": 8.099776, "delta": 0.004987}}
{"target": -2330.282752832729, "params": {"gamma": 8.836037308166828, "lr": 0.8362672161514131}, "datetime": {"datetime": "2024-06-13 22:26:41", "elapsed": 8.104762, "delta": 0.004986}}
{"target": -908.9248746644203, "params": {"gamma": 3.2700292334455643, "lr": 0.9023446392045666}, "datetime": {"datetime": "2024-06-13 22:26:41", "elapsed": 8.109749, "delta": 0.004987}}
{"target": -1792.990135795682, "params": {"gamma": 7.718251155453087, "lr": 0.6580829809857549}, "datetime": {"datetime": "2024-06-13 22:26:41", "elapsed": 8.113738, "delta": 0.003989}}
{"target": -2239.98291648697, "params": {"gamma": 8.99813093515086, "lr": 0.7831314722628366}, "datetime": {"datetime": "2024-06-13 22:26:41", "elapsed": 8.118725, "delta": 0.004987}}
{"target": -987.4916935546929, "params": {"gamma": 4.2480703423217, "lr": 0.32425522412708885}, "datetime": {"datetime": "2024-06-13 22:26:41", "elapsed": 8.123712, "delta": 0.004987}}
{"target": -1315.470190818985, "params": {"gamma": 3.9393874995637357, "lr": 0.06141215405816436}, "datetime": {"datetime": "2024-06-13 22:26:41", "elapsed": 8.128698, "delta": 0.004986}}
{"target": -873.0047958225259, "params": {"gamma": 3.634945499368943, "lr": 0.3530436858449395}, "datetime": {"datetime": "2024-06-13 22:26:41", "elapsed": 8.132688, "delta": 0.00399}}
{"target": -2343.612929670278, "params": {"gamma": 8.656379251086715, "lr": 0.8887000495302622}, "datetime": {"datetime": "2024-06-13 22:26:41", "elapsed": 8.1656, "delta": 0.032912}}
{"target": -2211.087697959785, "params": {"gamma": 9.630557816537218, "lr": 0.32819924761463426}, "datetime": {"datetime": "2024-06-13 22:26:41", "elapsed": 8.170613, "delta": 0.005013}}
{"target": -1608.8231988201405, "params": {"gamma": 6.933508237753853, "lr": 0.6330662678957141}, "datetime": {"datetime": "2024-06-13 22:26:41", "elapsed": 8.175573, "delta": 0.00496}}
{"target": -673.0382788354841, "params": {"gamma": 2.425195012153892, "lr": 0.8699876263426785}, "datetime": {"datetime": "2024-06-13 22:26:41", "elapsed": 8.18056, "delta": 0.004987}}
{"target": -550.069861831619, "params": {"gamma": 2.1418050557805293, "lr": 0.7477140026507801}, "datetime": {"datetime": "2024-06-13 22:26:41", "elapsed": 8.185547, "delta": 0.004987}}
{"target": -494.09286150256895, "params": {"gamma": 1.4474946912067754, "lr": 0.10681965623961165}, "datetime": {"datetime": "2024-06-13 22:26:41", "elapsed": 8.190533, "delta": 0.004986}}
{"target": -1585.3007342409355, "params": {"gamma": 7.20350177902532, "lr": 0.5263181160447106}, "datetime": {"datetime": "2024-06-13 22:26:41", "elapsed": 8.19552, "delta": 0.004987}}
{"target": -1117.3361934186487, "params": {"gamma": 4.429715397531216, "lr": 0.7781805677545706}, "datetime": {"datetime": "2024-06-13 22:26:41", "elapsed": 8.19951, "delta": 0.00399}}
{"target": -964.8562958177408, "params": {"gamma": 3.588074784629776, "lr": 0.8533495985139066}, "datetime": {"datetime": "2024-06-13 22:26:41", "elapsed": 8.204496, "delta": 0.004986}}
{"target": -2668.2400947846436, "params": {"gamma": 9.62176279907113, "lr": 0.97912549357449}, "datetime": {"datetime": "2024-06-13 22:26:41", "elapsed": 8.209482, "delta": 0.004986}}
{"target": -615.1822502542022, "params": {"gamma": 2.777002394800293, "lr": 0.4150070363847951}, "datetime": {"datetime": "2024-06-13 22:26:41", "elapsed": 8.214469, "delta": 0.004987}}
{"target": -1973.5343960730554, "params": {"gamma": 7.250373833289235, "lr": 0.8948659340129544}, "datetime": {"datetime": "2024-06-13 22:26:41", "elapsed": 8.219455, "delta": 0.004986}}
{"target": -1776.5128587801073, "params": {"gamma": 7.113399789936541, "lr": 0.7581322827790503}, "datetime": {"datetime": "2024-06-13 22:26:41", "elapsed": 8.224443, "delta": 0.004988}}
{"target": -2038.8781041143995, "params": {"gamma": 8.83415311602575, "lr": 0.3669482381501168}, "datetime": {"datetime": "2024-06-13 22:26:41", "elapsed": 8.229429, "delta": 0.004986}}
{"target": -1198.4263164523845, "params": {"gamma": 5.425906871529926, "lr": 0.5347699755827457}, "datetime": {"datetime": "2024-06-13 22:26:41", "elapsed": 8.233418, "delta": 0.003989}}
{"target": -1765.4342900435863, "params": {"gamma": 6.4761782194627475, "lr": 0.8951838797241277}, "datetime": {"datetime": "2024-06-13 22:26:41", "elapsed": 8.238405, "delta": 0.004987}}
{"target": -1673.4799672184456, "params": {"gamma": 6.00867393378521, "lr": 0.9699385377160038}, "datetime": {"datetime": "2024-06-13 22:26:41", "elapsed": 8.243391, "delta": 0.004986}}
{"target": -1589.804914465165, "params": {"gamma": 7.3216234120977175, "lr": 0.41529149155458245}, "datetime": {"datetime": "2024-06-13 22:26:41", "elapsed": 8.248379, "delta": 0.004988}}
{"target": -1619.328827451216, "params": {"gamma": 5.81180346318073, "lr": 0.9223207824170438}, "datetime": {"datetime": "2024-06-13 22:26:41", "elapsed": 8.25295, "delta": 0.004571}}
{"target": -1482.8013727144794, "params": {"gamma": 6.185385338885807, "lr": 0.709928603418362}, "datetime": {"datetime": "2024-06-13 22:26:41", "elapsed": 8.257936, "delta": 0.004986}}
{"target": -1578.4915530255635, "params": {"gamma": 6.613259028912707, "lr": 0.33614643889956264}, "datetime": {"datetime": "2024-06-13 22:26:41", "elapsed": 8.262923, "delta": 0.004987}}
{"target": -459.85229084861135, "params": {"gamma": 2.0341452163718596, "lr": 0.4078129626004203}, "datetime": {"datetime": "2024-06-13 22:26:41", "elapsed": 8.26791, "delta": 0.004987}}
{"target": -420.44492589182113, "params": {"gamma": 1.5085472915112057, "lr": 0.8263335477210154}, "datetime": {"datetime": "2024-06-13 22:26:41", "elapsed": 8.272897, "delta": 0.004987}}
{"target": -1543.1283578474884, "params": {"gamma": 7.104895674394641, "lr": 0.4010561894105159}, "datetime": {"datetime": "2024-06-13 22:26:41", "elapsed": 8.277883, "delta": 0.004986}}
{"target": -493.2948870670702, "params": {"gamma": 1.7146555781871196, "lr": 0.8757993398860495}, "datetime": {"datetime": "2024-06-13 22:26:41", "elapsed": 8.283869, "delta": 0.005986}}
{"target": -1778.6683963250684, "params": {"gamma": 6.3909999964742354, "lr": 0.9966028199815464}, "datetime": {"datetime": "2024-06-13 22:26:41", "elapsed": 8.288854, "delta": 0.004985}}
{"target": -278.2265123385611, "params": {"gamma": 1.0118777980878546, "lr": 0.24484835913226244}, "datetime": {"datetime": "2024-06-13 22:26:41", "elapsed": 8.293841, "delta": 0.004987}}
{"target": -255.0307386858755, "params": {"gamma": 0.8374656866964549, "lr": 0.7447417757596947}, "datetime": {"datetime": "2024-06-13 22:26:41", "elapsed": 8.300368, "delta": 0.006527}}
{"target": -462.85399749137207, "params": {"gamma": 1.5965935192609664, "lr": 0.8816595339350156}, "datetime": {"datetime": "2024-06-13 22:26:41", "elapsed": 8.305355, "delta": 0.004987}}
{"target": -1087.4744063731791, "params": {"gamma": 4.915303785862436, "lr": 0.526169262668513}, "datetime": {"datetime": "2024-06-13 22:26:41", "elapsed": 8.310341, "delta": 0.004986}}
{"target": -174.62437527195115, "params": {"gamma": 0.42616036762125126, "lr": 0.614053635731627}, "datetime": {"datetime": "2024-06-13 22:26:41", "elapsed": 8.316325, "delta": 0.005984}}
{"target": -597.8509302296429, "params": {"gamma": 2.2769202761615777, "lr": 0.2135040893470156}, "datetime": {"datetime": "2024-06-13 22:26:41", "elapsed": 8.321312, "delta": 0.004987}}
{"target": -2423.165785190516, "params": {"gamma": 8.953290370672992, "lr": 0.8880133489969917}, "datetime": {"datetime": "2024-06-13 22:26:41", "elapsed": 8.326298, "delta": 0.004986}}
{"target": -147.01563472405374, "params": {"gamma": 0.05364657807886874, "lr": 0.832303959586102}, "datetime": {"datetime": "2024-06-13 22:26:41", "elapsed": 8.331285, "delta": 0.004987}}
{"target": -1981.73591799931, "params": {"gamma": 9.02308610135554, "lr": 0.5119476580924737}, "datetime": {"datetime": "2024-06-13 22:26:41", "elapsed": 8.337269, "delta": 0.005984}}
{"target": -1640.9850981052866, "params": {"gamma": 6.56208200669582, "lr": 0.7677856839334473}, "datetime": {"datetime": "2024-06-13 22:26:41", "elapsed": 8.342256, "delta": 0.004987}}
{"target": -1504.4067697656576, "params": {"gamma": 6.854714307550932, "lr": 0.45911641964267924}, "datetime": {"datetime": "2024-06-13 22:26:41", "elapsed": 8.347242, "delta": 0.004986}}
{"target": -1299.1822972835141, "params": {"gamma": 5.7349488675951, "lr": 0.5740594317304389}, "datetime": {"datetime": "2024-06-13 22:26:41", "elapsed": 8.352229, "delta": 0.004987}}
{"target": -1984.5027076736278, "params": {"gamma": 8.421463069722522, "lr": 0.24044170761914385}, "datetime": {"datetime": "2024-06-13 22:26:41", "elapsed": 8.357216, "delta": 0.004987}}
{"target": -1914.836469587949, "params": {"gamma": 7.572507436190774, "lr": 0.8123371097183338}, "datetime": {"datetime": "2024-06-13 22:26:41", "elapsed": 8.362202, "delta": 0.004986}}
{"target": -2013.9109030046675, "params": {"gamma": 7.970526579088603, "lr": 0.8077078189919843}, "datetime": {"datetime": "2024-06-13 22:26:41", "elapsed": 8.367189, "delta": 0.004987}}
{"target": -1799.0414098108088, "params": {"gamma": 8.292970943843157, "lr": 0.4175157513022394}, "datetime": {"datetime": "2024-06-13 22:26:41", "elapsed": 8.372176, "delta": 0.004987}}
{"target": -1546.8961453617342, "params": {"gamma": 6.179249469269826, "lr": 0.7552455161468585}, "datetime": {"datetime": "2024-06-13 22:26:41", "elapsed": 8.37816, "delta": 0.005984}}
{"target": -2138.4068327004716, "params": {"gamma": 7.697885927847493, "lr": 0.9586046229255358}, "datetime": {"datetime": "2024-06-13 22:26:41", "elapsed": 8.383146, "delta": 0.004986}}
{"target": -2131.962374620861, "params": {"gamma": 9.750777680644457, "lr": 0.5647345919090407}, "datetime": {"datetime": "2024-06-13 22:26:41", "elapsed": 8.388133, "delta": 0.004987}}
{"target": -1242.6398150533391, "params": {"gamma": 4.657924948350314, "lr": 0.8355253266864215}, "datetime": {"datetime": "2024-06-13 22:26:41", "elapsed": 8.39312, "delta": 0.004987}}
{"target": -573.9161405470852, "params": {"gamma": 2.2003892786426134, "lr": 0.7663980894608939}, "datetime": {"datetime": "2024-06-13 22:26:41", "elapsed": 8.398106, "delta": 0.004986}}
{"target": -456.53775737564695, "params": {"gamma": 1.920923979668611, "lr": 0.5916275659530674}, "datetime": {"datetime": "2024-06-13 22:26:41", "elapsed": 8.403094, "delta": 0.004988}}
{"target": -1342.2287395448152, "params": {"gamma": 6.068707734799046, "lr": 0.44184380280217683}, "datetime": {"datetime": "2024-06-13 22:26:41", "elapsed": 8.409077, "delta": 0.005983}}
{"target": -1899.4847266240663, "params": {"gamma": 8.645641977427168, "lr": 0.5434821861417696}, "datetime": {"datetime": "2024-06-13 22:26:41", "elapsed": 8.413066, "delta": 0.003989}}
{"target": -1074.6724887027767, "params": {"gamma": 4.927804379534841, "lr": 0.4181256356700572}, "datetime": {"datetime": "2024-06-13 22:26:41", "elapsed": 8.418053, "delta": 0.004987}}
{"target": -204.1012085122332, "params": {"gamma": 0.6231896086801356, "lr": 0.3621494599268943}, "datetime": {"datetime": "2024-06-13 22:26:41", "elapsed": 8.423039, "delta": 0.004986}}
{"target": -248.18497986333008, "params": {"gamma": 0.9290607665831948, "lr": 0.5656384996760548}, "datetime": {"datetime": "2024-06-13 22:26:41", "elapsed": 8.428026, "delta": 0.004987}}
{"target": -1602.4689342504564, "params": {"gamma": 6.4053758139443495, "lr": 0.7677822626181597}, "datetime": {"datetime": "2024-06-13 22:26:41", "elapsed": 8.433014, "delta": 0.004988}}
{"target": -1678.4614924991065, "params": {"gamma": 6.325720028185084, "lr": 0.1870607551754626}, "datetime": {"datetime": "2024-06-13 22:26:41", "elapsed": 8.437999, "delta": 0.004985}}
{"target": -1643.6573224431243, "params": {"gamma": 7.502689263840385, "lr": 0.5488594004307864}, "datetime": {"datetime": "2024-06-13 22:26:41", "elapsed": 8.442986, "delta": 0.004987}}
{"target": -381.35072586753023, "params": {"gamma": 1.0226014229845646, "lr": 0.024827029187908023}, "datetime": {"datetime": "2024-06-13 22:26:41", "elapsed": 8.447973, "delta": 0.004987}}
{"target": -726.840143091413, "params": {"gamma": 2.988163177641064, "lr": 0.6900150292649251}, "datetime": {"datetime": "2024-06-13 22:26:41", "elapsed": 8.452959, "delta": 0.004986}}
{"target": -2587.313515093466, "params": {"gamma": 9.327950716090912, "lr": 0.9664972006802195}, "datetime": {"datetime": "2024-06-13 22:26:41", "elapsed": 8.457946, "delta": 0.004987}}
{"target": -1786.3641165458735, "params": {"gamma": 7.645716345257133, "lr": 0.2932491857068945}, "datetime": {"datetime": "2024-06-13 22:26:41", "elapsed": 8.461935, "delta": 0.003989}}
{"target": -1470.9094493306222, "params": {"gamma": 6.2210691836043965, "lr": 0.23109612753682562}, "datetime": {"datetime": "2024-06-13 22:26:41", "elapsed": 8.466923, "delta": 0.004988}}
{"target": -2418.631631384773, "params": {"gamma": 7.507153026145066, "lr": 0.16586702947952792}, "datetime": {"datetime": "2024-06-13 22:26:41", "elapsed": 8.472907, "delta": 0.005984}}
{"target": -2029.9040536230075, "params": {"gamma": 7.564947384855503, "lr": 0.8685889989304815}, "datetime": {"datetime": "2024-06-13 22:26:41", "elapsed": 8.476895, "delta": 0.003988}}
{"target": -1721.3483952038137, "params": {"gamma": 5.195544029510985, "lr": 0.06563483825850425}, "datetime": {"datetime": "2024-06-13 22:26:41", "elapsed": 8.481882, "delta": 0.004987}}
{"target": -1198.855506317466, "params": {"gamma": 4.4894713154372115, "lr": 0.8378286113798175}, "datetime": {"datetime": "2024-06-13 22:26:41", "elapsed": 8.487867, "delta": 0.005985}}
{"target": -626.5544763790955, "params": {"gamma": 1.7983467816471097, "lr": 0.03855906126279496}, "datetime": {"datetime": "2024-06-13 22:26:41", "elapsed": 8.492853, "delta": 0.004986}}
{"target": -1606.3016616583936, "params": {"gamma": 7.327203051217345, "lr": 0.5630407235733951}, "datetime": {"datetime": "2024-06-13 22:26:41", "elapsed": 8.496842, "delta": 0.003989}}
{"target": -188.67029089450332, "params": {"gamma": 0.42156420386587773, "lr": 0.9848852640583016}, "datetime": {"datetime": "2024-06-13 22:26:41", "elapsed": 8.50183, "delta": 0.004988}}
{"target": -1289.9939940408483, "params": {"gamma": 5.693754542449788, "lr": 0.585156672962654}, "datetime": {"datetime": "2024-06-13 22:26:41", "elapsed": 8.507813, "delta": 0.005983}}
{"target": -2155.8991907531645, "params": {"gamma": 7.899276512022575, "lr": 0.9026346706863088}, "datetime": {"datetime": "2024-06-13 22:26:41", "elapsed": 8.512799, "delta": 0.004986}}
{"target": -201.68053120412304, "params": {"gamma": 0.6084466125606112, "lr": 0.34851320938881547}, "datetime": {"datetime": "2024-06-13 22:26:41", "elapsed": 8.516789, "delta": 0.00399}}
{"target": -460.00395218256483, "params": {"gamma": 2.001718538820858, "lr": 0.4651515316549586}, "datetime": {"datetime": "2024-06-13 22:26:41", "elapsed": 8.521775, "delta": 0.004986}}
{"target": -348.3157027674843, "params": {"gamma": 0.9155879517141836, "lr": 0.06808577423972362}, "datetime": {"datetime": "2024-06-13 22:26:41", "elapsed": 8.526762, "delta": 0.004987}}
{"target": -839.2283369566121, "params": {"gamma": 3.009593441869708, "lr": 0.9043452577718513}, "datetime": {"datetime": "2024-06-13 22:26:41", "elapsed": 8.53175, "delta": 0.004988}}
{"target": -2426.248827810866, "params": {"gamma": 9.755444236897075, "lr": 0.7637200317833946}, "datetime": {"datetime": "2024-06-13 22:26:41", "elapsed": 8.536693, "delta": 0.004943}}
{"target": -146.81851142750742, "params": {"gamma": 0.008408388692528457, "lr": 0.735215554236234}, "datetime": {"datetime": "2024-06-13 22:26:41", "elapsed": 8.54168, "delta": 0.004987}}
{"target": -157.19526807390784, "params": {"gamma": 0.22090310734026275, "lr": 0.16856568225506097}, "datetime": {"datetime": "2024-06-13 22:26:41", "elapsed": 8.545669, "delta": 0.003989}}
{"target": -149.06441521356024, "params": {"gamma": 0.10612956883701744, "lr": 0.1491269987672621}, "datetime": {"datetime": "2024-06-13 22:26:41", "elapsed": 8.550657, "delta": 0.004988}}
{"target": -1645.1381934728117, "params": {"gamma": 6.87536774608507, "lr": 0.7020168753413566}, "datetime": {"datetime": "2024-06-13 22:26:41", "elapsed": 8.55664, "delta": 0.005983}}
{"target": -924.9518277961803, "params": {"gamma": 3.7114029888119466, "lr": 0.7311908242003646}, "datetime": {"datetime": "2024-06-13 22:26:41", "elapsed": 8.560629, "delta": 0.003989}}
{"target": -2708.40339650581, "params": {"gamma": 8.47319475004096, "lr": 0.13035751444155008}, "datetime": {"datetime": "2024-06-13 22:26:41", "elapsed": 8.566614, "delta": 0.005985}}
{"target": -243.19597782349734, "params": {"gamma": 0.8749857543012785, "lr": 0.37192145651390274}, "datetime": {"datetime": "2024-06-13 22:26:41", "elapsed": 8.5716, "delta": 0.004986}}
{"target": -934.1134644300453, "params": {"gamma": 4.039432491874189, "lr": 0.27640421986037034}, "datetime": {"datetime": "2024-06-13 22:26:41", "elapsed": 8.576586, "delta": 0.004986}}
