{"target": -234.1357401602437, "params": {"gamma": 1.0947197590216522, "lr": 0.673041054216622}, "datetime": {"datetime": "2024-06-13 20:37:12", "elapsed": 1.709376, "delta": 0.003989}}
{"target": -961.470326814393, "params": {"gamma": 4.999823778620901, "lr": 0.777098229275783}, "datetime": {"datetime": "2024-06-13 20:37:12", "elapsed": 1.712368, "delta": 0.002992}}
{"target": -375.87331289058636, "params": {"gamma": 1.4369263717442184, "lr": 0.08320263643587555}, "datetime": {"datetime": "2024-06-13 20:37:12", "elapsed": 1.716358, "delta": 0.00399}}
{"target": -771.0919505078905, "params": {"gamma": 3.9927868349191855, "lr": 0.7969622519799001}, "datetime": {"datetime": "2024-06-13 20:37:12", "elapsed": 1.720347, "delta": 0.003989}}
{"target": -384.5868977663217, "params": {"gamma": 1.917565713359991, "lr": 0.767777192147274}, "datetime": {"datetime": "2024-06-13 20:37:12", "elapsed": 1.724339, "delta": 0.003992}}
{"target": -694.2169185579208, "params": {"gamma": 2.90368967262162, "lr": 0.21689148761179533}, "datetime": {"datetime": "2024-06-13 20:37:12", "elapsed": 1.72733, "delta": 0.002991}}
{"target": -141.90233297025813, "params": {"gamma": 0.1681391751809873, "lr": 0.3986590599223787}, "datetime": {"datetime": "2024-06-13 20:37:12", "elapsed": 1.731321, "delta": 0.003991}}
{"target": -675.7959100329689, "params": {"gamma": 3.8114338314432303, "lr": 0.6593449361953647}, "datetime": {"datetime": "2024-06-13 20:37:12", "elapsed": 1.735626, "delta": 0.004305}}
{"target": -205.56148750151263, "params": {"gamma": 0.7101130863034019, "lr": 0.15260398704227185}, "datetime": {"datetime": "2024-06-13 20:37:12", "elapsed": 1.738618, "delta": 0.002992}}
{"target": -141.29927412419212, "params": {"gamma": 0.16674225312644053, "lr": 0.11379635644740682}, "datetime": {"datetime": "2024-06-13 20:37:12", "elapsed": 1.742608, "delta": 0.00399}}
{"target": -1075.577080031879, "params": {"gamma": 6.518240970824895, "lr": 0.4026568521749192}, "datetime": {"datetime": "2024-06-13 20:37:12", "elapsed": 1.746597, "delta": 0.003989}}
{"target": -550.4323992497561, "params": {"gamma": 3.2109421153589914, "lr": 0.5579119942437725}, "datetime": {"datetime": "2024-06-13 20:37:12", "elapsed": 1.749589, "delta": 0.002992}}
{"target": -1911.4515930744033, "params": {"gamma": 9.9346111705354, "lr": 0.8344865140180296}, "datetime": {"datetime": "2024-06-13 20:37:12", "elapsed": 1.753846, "delta": 0.004257}}
{"target": -1399.5046190985424, "params": {"gamma": 6.99653220081344, "lr": 0.9182585891320579}, "datetime": {"datetime": "2024-06-13 20:37:12", "elapsed": 1.757835, "delta": 0.003989}}
{"target": -159.05449222962952, "params": {"gamma": 0.3982473381241651, "lr": 0.07033344161552524}, "datetime": {"datetime": "2024-06-13 20:37:12", "elapsed": 1.760827, "delta": 0.002992}}
{"target": -825.5233893735168, "params": {"gamma": 4.740588893590559, "lr": 0.3491674129570773}, "datetime": {"datetime": "2024-06-13 20:37:12", "elapsed": 1.764819, "delta": 0.003992}}
{"target": -1532.7620382734676, "params": {"gamma": 9.37258336922236, "lr": 0.48956496114516856}, "datetime": {"datetime": "2024-06-13 20:37:12", "elapsed": 1.768808, "delta": 0.003989}}
{"target": -1083.261699362832, "params": {"gamma": 5.396951451823413, "lr": 0.8952603657312208}, "datetime": {"datetime": "2024-06-13 20:37:12", "elapsed": 1.772846, "delta": 0.004038}}
{"target": -887.8775782770845, "params": {"gamma": 4.466903823191082, "lr": 0.8770343892703519}, "datetime": {"datetime": "2024-06-13 20:37:12", "elapsed": 1.775792, "delta": 0.002946}}
{"target": -517.7626728601032, "params": {"gamma": 2.536563911966912, "lr": 0.27380970415810857}, "datetime": {"datetime": "2024-06-13 20:37:12", "elapsed": 1.779781, "delta": 0.003989}}
{"target": -562.4690957654425, "params": {"gamma": 3.284285539485814, "lr": 0.5475642704809535}, "datetime": {"datetime": "2024-06-13 20:37:12", "elapsed": 1.784101, "delta": 0.00432}}
{"target": -420.7496287304388, "params": {"gamma": 2.2020666115957854, "lr": 0.6714291710812733}, "datetime": {"datetime": "2024-06-13 20:37:12", "elapsed": 1.787093, "delta": 0.002992}}
{"target": -373.4728899534894, "params": {"gamma": 1.4287900347472011, "lr": 0.09410027449963942}, "datetime": {"datetime": "2024-06-13 20:37:12", "elapsed": 1.791082, "delta": 0.003989}}
{"target": -2051.2227675655267, "params": {"gamma": 8.70204727030757, "lr": 0.23686870355699852}, "datetime": {"datetime": "2024-06-13 20:37:12", "elapsed": 1.795071, "delta": 0.003989}}
{"target": -671.411787180762, "params": {"gamma": 3.8606541062149327, "lr": 0.5715420927253323}, "datetime": {"datetime": "2024-06-13 20:37:12", "elapsed": 1.798064, "delta": 0.002993}}
{"target": -1311.4760400678372, "params": {"gamma": 5.258493897544749, "lr": 0.07602387944210687}, "datetime": {"datetime": "2024-06-13 20:37:12", "elapsed": 1.802053, "delta": 0.003989}}
{"target": -1744.788131052207, "params": {"gamma": 8.741385230044685, "lr": 0.9511356184186921}, "datetime": {"datetime": "2024-06-13 20:37:12", "elapsed": 1.806042, "delta": 0.003989}}
{"target": -1619.3024630532561, "params": {"gamma": 8.125260534442543, "lr": 0.2838018349468743}, "datetime": {"datetime": "2024-06-13 20:37:12", "elapsed": 1.810031, "delta": 0.003989}}
{"target": -917.4448029474843, "params": {"gamma": 5.278940114383477, "lr": 0.3394167240176095}, "datetime": {"datetime": "2024-06-13 20:37:12", "elapsed": 1.813023, "delta": 0.002992}}
{"target": -1112.9278498418014, "params": {"gamma": 5.54711844056588, "lr": 0.9744034689130026}, "datetime": {"datetime": "2024-06-13 20:37:12", "elapsed": 1.817013, "delta": 0.00399}}
{"target": -583.9254565699454, "params": {"gamma": 3.1177174742720952, "lr": 0.6687966059228697}, "datetime": {"datetime": "2024-06-13 20:37:12", "elapsed": 1.821002, "delta": 0.003989}}
{"target": -633.2499827285791, "params": {"gamma": 3.26034610588255, "lr": 0.7744772660150796}, "datetime": {"datetime": "2024-06-13 20:37:12", "elapsed": 1.824991, "delta": 0.003989}}
{"target": -662.2379790283779, "params": {"gamma": 3.258773856165435, "lr": 0.889827341447375}, "datetime": {"datetime": "2024-06-13 20:37:12", "elapsed": 1.827983, "delta": 0.002992}}
{"target": -1438.9616348012287, "params": {"gamma": 7.51732550147175, "lr": 0.7626320954451107}, "datetime": {"datetime": "2024-06-13 20:37:12", "elapsed": 1.831973, "delta": 0.00399}}
{"target": -1116.8707179522132, "params": {"gamma": 4.695320806570698, "lr": 0.21076450246870537}, "datetime": {"datetime": "2024-06-13 20:37:12", "elapsed": 1.835962, "delta": 0.003989}}
{"target": -146.33427935821433, "params": {"gamma": 0.4157093206854123, "lr": 0.3218287999702445}, "datetime": {"datetime": "2024-06-13 20:37:12", "elapsed": 1.839951, "delta": 0.003989}}
{"target": -147.5654140712189, "params": {"gamma": 0.3720895322754502, "lr": 0.6938554113738997}, "datetime": {"datetime": "2024-06-13 20:37:12", "elapsed": 1.842943, "delta": 0.002992}}
{"target": -1105.837924620853, "params": {"gamma": 6.703829969329749, "lr": 0.430471782744975}, "datetime": {"datetime": "2024-06-13 20:37:12", "elapsed": 1.846933, "delta": 0.00399}}
{"target": -1291.2622238171707, "params": {"gamma": 7.678121987604072, "lr": 0.5360084947395637}, "datetime": {"datetime": "2024-06-13 20:37:12", "elapsed": 1.850922, "delta": 0.003989}}
{"target": -155.64617374135284, "params": {"gamma": 0.3995594064278903, "lr": 0.13479311796067905}, "datetime": {"datetime": "2024-06-13 20:37:12", "elapsed": 1.854911, "delta": 0.003989}}
{"target": -351.68062885839873, "params": {"gamma": 1.9349705737501688, "lr": 0.3356638011646498}, "datetime": {"datetime": "2024-06-13 20:37:12", "elapsed": 1.857903, "delta": 0.002992}}
{"target": -156.35989398089333, "params": {"gamma": 0.52407715142833, "lr": 0.6051167805003662}, "datetime": {"datetime": "2024-06-13 20:37:12", "elapsed": 1.861893, "delta": 0.00399}}
{"target": -902.5165214226961, "params": {"gamma": 5.121098214211664, "lr": 0.6174610120171561}, "datetime": {"datetime": "2024-06-13 20:37:12", "elapsed": 1.865883, "delta": 0.00399}}
{"target": -841.4176304749489, "params": {"gamma": 4.324123592048677, "lr": 0.8477004682374377}, "datetime": {"datetime": "2024-06-13 20:37:12", "elapsed": 1.869872, "delta": 0.003989}}
{"target": -1134.4486950735325, "params": {"gamma": 4.541136501535455, "lr": 0.015403519791920894}, "datetime": {"datetime": "2024-06-13 20:37:12", "elapsed": 1.873776, "delta": 0.003904}}
{"target": -1527.379574287676, "params": {"gamma": 8.730808416322548, "lr": 0.6562015477440989}, "datetime": {"datetime": "2024-06-13 20:37:12", "elapsed": 1.876768, "delta": 0.002992}}
{"target": -1643.6147394148413, "params": {"gamma": 8.23020740344406, "lr": 0.9517756930338517}, "datetime": {"datetime": "2024-06-13 20:37:12", "elapsed": 1.88076, "delta": 0.003992}}
{"target": -167.1635521201634, "params": {"gamma": 0.5100729227853552, "lr": 0.23507186409101455}, "datetime": {"datetime": "2024-06-13 20:37:12", "elapsed": 1.885218, "delta": 0.004458}}
{"target": -158.30081385290606, "params": {"gamma": 0.6343710911199417, "lr": 0.4216578860324509}, "datetime": {"datetime": "2024-06-13 20:37:12", "elapsed": 1.88821, "delta": 0.002992}}
{"target": -2146.1734112133354, "params": {"gamma": 8.638427625869019, "lr": 0.0816239827150681}, "datetime": {"datetime": "2024-06-13 20:37:12", "elapsed": 1.892199, "delta": 0.003989}}
{"target": -1109.106983051002, "params": {"gamma": 4.7316464169059, "lr": 0.12554310980872363}, "datetime": {"datetime": "2024-06-13 20:37:12", "elapsed": 1.896189, "delta": 0.00399}}
{"target": -1490.3606849320097, "params": {"gamma": 7.729083136069011, "lr": 0.8414221567958434}, "datetime": {"datetime": "2024-06-13 20:37:12", "elapsed": 1.900178, "delta": 0.003989}}
{"target": -144.2619492996575, "params": {"gamma": 0.4338660909233998, "lr": 0.48644074317039476}, "datetime": {"datetime": "2024-06-13 20:37:12", "elapsed": 1.90317, "delta": 0.002992}}
{"target": -494.12676992241484, "params": {"gamma": 2.3948710303334217, "lr": 0.9524737816932592}, "datetime": {"datetime": "2024-06-13 20:37:12", "elapsed": 1.907159, "delta": 0.003989}}
{"target": -1650.9074663103324, "params": {"gamma": 9.438982385210178, "lr": 0.6139340023847009}, "datetime": {"datetime": "2024-06-13 20:37:12", "elapsed": 1.911148, "delta": 0.003989}}
{"target": -1679.226264577207, "params": {"gamma": 9.734900485854638, "lr": 0.344861343716251}, "datetime": {"datetime": "2024-06-13 20:37:12", "elapsed": 1.915138, "delta": 0.00399}}
{"target": -1477.7126113219097, "params": {"gamma": 8.97860932595915, "lr": 0.4345949734085095}, "datetime": {"datetime": "2024-06-13 20:37:12", "elapsed": 1.919127, "delta": 0.003989}}
{"target": -487.19091789619375, "params": {"gamma": 2.35891055683799, "lr": 0.9408279632013994}, "datetime": {"datetime": "2024-06-13 20:37:12", "elapsed": 1.922119, "delta": 0.002992}}
{"target": -1702.60421010193, "params": {"gamma": 6.842496291781293, "lr": 0.06491158533912933}, "datetime": {"datetime": "2024-06-13 20:37:12", "elapsed": 1.926108, "delta": 0.003989}}
{"target": -1595.8307284317823, "params": {"gamma": 8.704378143373837, "lr": 0.7013802946333463}, "datetime": {"datetime": "2024-06-13 20:37:12", "elapsed": 1.930098, "delta": 0.00399}}
{"target": -1125.8154606433723, "params": {"gamma": 6.049663802869843, "lr": 0.7323748991793305}, "datetime": {"datetime": "2024-06-13 20:37:12", "elapsed": 1.934087, "delta": 0.003989}}
{"target": -458.4017372558482, "params": {"gamma": 2.535136985955308, "lr": 0.6004889552745444}, "datetime": {"datetime": "2024-06-13 20:37:12", "elapsed": 1.938076, "delta": 0.003989}}
{"target": -2024.6402212996845, "params": {"gamma": 8.146377193435292, "lr": 0.05411366032399989}, "datetime": {"datetime": "2024-06-13 20:37:12", "elapsed": 1.941068, "delta": 0.002992}}
{"target": -281.0688911664456, "params": {"gamma": 1.3059762027213204, "lr": 0.8424458099564136}, "datetime": {"datetime": "2024-06-13 20:37:12", "elapsed": 1.945058, "delta": 0.00399}}
{"target": -1043.3132838257864, "params": {"gamma": 6.183840347409528, "lr": 0.531287810481058}, "datetime": {"datetime": "2024-06-13 20:37:12", "elapsed": 1.949047, "delta": 0.003989}}
{"target": -477.0163351228423, "params": {"gamma": 2.483658999241989, "lr": 0.2950785752494959}, "datetime": {"datetime": "2024-06-13 20:37:12", "elapsed": 1.953036, "delta": 0.003989}}
{"target": -1436.5992060570454, "params": {"gamma": 8.726988963029699, "lr": 0.42166593484970927}, "datetime": {"datetime": "2024-06-13 20:37:12", "elapsed": 1.956028, "delta": 0.002992}}
{"target": -182.31458288168955, "params": {"gamma": 0.6452381255404884, "lr": 0.8969850695075825}, "datetime": {"datetime": "2024-06-13 20:37:12", "elapsed": 1.960018, "delta": 0.00399}}
{"target": -405.47806051912045, "params": {"gamma": 2.0346049474076864, "lr": 0.8262275354923914}, "datetime": {"datetime": "2024-06-13 20:37:12", "elapsed": 1.964007, "delta": 0.003989}}
{"target": -1442.6196024696467, "params": {"gamma": 8.81782446020499, "lr": 0.48675074481833813}, "datetime": {"datetime": "2024-06-13 20:37:12", "elapsed": 1.967996, "delta": 0.003989}}
{"target": -1010.3387777981751, "params": {"gamma": 5.98504846635326, "lr": 0.527267456485417}, "datetime": {"datetime": "2024-06-13 20:37:12", "elapsed": 1.971986, "delta": 0.00399}}
{"target": -1207.8807905619753, "params": {"gamma": 6.248588120560806, "lr": 0.8550417213473515}, "datetime": {"datetime": "2024-06-13 20:37:12", "elapsed": 1.975975, "delta": 0.003989}}
{"target": -569.6577419782944, "params": {"gamma": 2.8221123446002014, "lr": 0.8837555081806009}, "datetime": {"datetime": "2024-06-13 20:37:12", "elapsed": 1.978967, "delta": 0.002992}}
{"target": -1391.6145943234544, "params": {"gamma": 5.677335610861374, "lr": 0.11510304096690338}, "datetime": {"datetime": "2024-06-13 20:37:12", "elapsed": 1.982957, "delta": 0.00399}}
{"target": -405.9589077522247, "params": {"gamma": 2.270784650981365, "lr": 0.5959823856130138}, "datetime": {"datetime": "2024-06-13 20:37:12", "elapsed": 1.986946, "delta": 0.003989}}
{"target": -569.8080467706183, "params": {"gamma": 2.395222922809899, "lr": 0.13141566053746057}, "datetime": {"datetime": "2024-06-13 20:37:12", "elapsed": 1.990935, "delta": 0.003989}}
{"target": -335.91471158687847, "params": {"gamma": 1.6193152935242277, "lr": 0.8448725182357391}, "datetime": {"datetime": "2024-06-13 20:37:12", "elapsed": 1.994924, "delta": 0.003989}}
{"target": -1206.826459200958, "params": {"gamma": 6.022234355273215, "lr": 0.9635670871883419}, "datetime": {"datetime": "2024-06-13 20:37:12", "elapsed": 1.998914, "delta": 0.00399}}
{"target": -603.5244093710568, "params": {"gamma": 3.4574464537469587, "lr": 0.5956250981349497}, "datetime": {"datetime": "2024-06-13 20:37:12", "elapsed": 2.002903, "delta": 0.003989}}
{"target": -1052.970005307094, "params": {"gamma": 5.9902539044452245, "lr": 0.6157042872039488}, "datetime": {"datetime": "2024-06-13 20:37:12", "elapsed": 2.005895, "delta": 0.002992}}
{"target": -170.03954365031538, "params": {"gamma": 0.5927128946500382, "lr": 0.7503171845746859}, "datetime": {"datetime": "2024-06-13 20:37:12", "elapsed": 2.009884, "delta": 0.003989}}
{"target": -1590.6918788954965, "params": {"gamma": 9.482146772378064, "lr": 0.5346790571795887}, "datetime": {"datetime": "2024-06-13 20:37:12", "elapsed": 2.013874, "delta": 0.00399}}
{"target": -386.180031906811, "params": {"gamma": 1.926367653529729, "lr": 0.7529259149799422}, "datetime": {"datetime": "2024-06-13 20:37:12", "elapsed": 2.017863, "delta": 0.003989}}
{"target": -145.05359211205538, "params": {"gamma": 0.07418237430931014, "lr": 0.32825610365078084}, "datetime": {"datetime": "2024-06-13 20:37:12", "elapsed": 2.020855, "delta": 0.002992}}
{"target": -1573.199603897201, "params": {"gamma": 9.176145870096288, "lr": 0.5883673328938768}, "datetime": {"datetime": "2024-06-13 20:37:12", "elapsed": 2.024844, "delta": 0.003989}}
{"target": -1497.0682151068002, "params": {"gamma": 8.55204764875745, "lr": 0.6046720523491877}, "datetime": {"datetime": "2024-06-13 20:37:12", "elapsed": 2.028834, "delta": 0.00399}}
{"target": -1622.3724674224102, "params": {"gamma": 8.225958947086186, "lr": 0.8794835234293169}, "datetime": {"datetime": "2024-06-13 20:37:12", "elapsed": 2.032825, "delta": 0.003991}}
{"target": -790.9030614092047, "params": {"gamma": 3.210542758870008, "lr": 0.12295477155217849}, "datetime": {"datetime": "2024-06-13 20:37:12", "elapsed": 2.036812, "delta": 0.003987}}
{"target": -1189.115232248527, "params": {"gamma": 7.213312138521522, "lr": 0.44034708683123824}, "datetime": {"datetime": "2024-06-13 20:37:12", "elapsed": 2.040802, "delta": 0.00399}}
{"target": -247.43300109915523, "params": {"gamma": 1.268230355710944, "lr": 0.5898236481098892}, "datetime": {"datetime": "2024-06-13 20:37:12", "elapsed": 2.043794, "delta": 0.002992}}
{"target": -150.19128223282132, "params": {"gamma": 0.36164707738402946, "lr": 0.20018211641098693}, "datetime": {"datetime": "2024-06-13 20:37:12", "elapsed": 2.047785, "delta": 0.003991}}
{"target": -1959.6438134268662, "params": {"gamma": 7.883223595490022, "lr": 0.012096760015357866}, "datetime": {"datetime": "2024-06-13 20:37:12", "elapsed": 2.051772, "delta": 0.003987}}
{"target": -763.3548615029845, "params": {"gamma": 3.034153371413982, "lr": 0.021375961088070716}, "datetime": {"datetime": "2024-06-13 20:37:12", "elapsed": 2.055762, "delta": 0.00399}}
{"target": -1708.9509291839652, "params": {"gamma": 9.974852442290567, "lr": 0.5820299763434618}, "datetime": {"datetime": "2024-06-13 20:37:12", "elapsed": 2.059751, "delta": 0.003989}}
{"target": -598.865476061722, "params": {"gamma": 2.93446940858208, "lr": 0.9289494618931157}, "datetime": {"datetime": "2024-06-13 20:37:12", "elapsed": 2.063255, "delta": 0.003504}}
{"target": -834.228276785231, "params": {"gamma": 5.071687116058498, "lr": 0.4546922275524069}, "datetime": {"datetime": "2024-06-13 20:37:12", "elapsed": 2.067238, "delta": 0.003983}}
{"target": -1175.754288315067, "params": {"gamma": 5.879127191455569, "lr": 0.2641376442105696}, "datetime": {"datetime": "2024-06-13 20:37:12", "elapsed": 2.071227, "delta": 0.003989}}
{"target": -532.4454800391543, "params": {"gamma": 3.0535777051749857, "lr": 0.37165457672418245}, "datetime": {"datetime": "2024-06-13 20:37:12", "elapsed": 2.075217, "delta": 0.00399}}
{"target": -434.6595864709829, "params": {"gamma": 2.4452355457167374, "lr": 0.5845472661166298}, "datetime": {"datetime": "2024-06-13 20:37:12", "elapsed": 2.07908, "delta": 0.003863}}
{"target": -1731.3193006278782, "params": {"gamma": 6.958765493189333, "lr": 0.07194722016400112}, "datetime": {"datetime": "2024-06-13 20:37:12", "elapsed": 2.083069, "delta": 0.003989}}
{"target": -1855.5484460418106, "params": {"gamma": 9.710862112935013, "lr": 0.7530706558694549}, "datetime": {"datetime": "2024-06-13 20:37:12", "elapsed": 2.087059, "delta": 0.00399}}
{"target": -1542.3487236363333, "params": {"gamma": 8.061825466371129, "lr": 0.7516404040812905}, "datetime": {"datetime": "2024-06-13 20:37:12", "elapsed": 2.090051, "delta": 0.002992}}
{"target": -174.88898648424288, "params": {"gamma": 0.8015297117349018, "lr": 0.48169628302117706}, "datetime": {"datetime": "2024-06-13 20:37:12", "elapsed": 2.09404, "delta": 0.003989}}
{"target": -825.6292607076621, "params": {"gamma": 4.457283891060159, "lr": 0.6724726505249299}, "datetime": {"datetime": "2024-06-13 20:37:13", "elapsed": 2.09803, "delta": 0.00399}}
{"target": -831.1741684760674, "params": {"gamma": 4.487923850984395, "lr": 0.7043133983839096}, "datetime": {"datetime": "2024-06-13 20:37:13", "elapsed": 2.102019, "delta": 0.003989}}
{"target": -1253.319434977884, "params": {"gamma": 6.816771730688627, "lr": 0.6971485287527562}, "datetime": {"datetime": "2024-06-13 20:37:13", "elapsed": 2.106008, "delta": 0.003989}}
{"target": -1471.141966925895, "params": {"gamma": 6.186388824872803, "lr": 0.15098073327964578}, "datetime": {"datetime": "2024-06-13 20:37:13", "elapsed": 2.109, "delta": 0.002992}}
{"target": -1456.2270991756598, "params": {"gamma": 7.608263760601256, "lr": 0.781045822193957}, "datetime": {"datetime": "2024-06-13 20:37:13", "elapsed": 2.11299, "delta": 0.00399}}
{"target": -2130.9052517030477, "params": {"gamma": 9.041125756152136, "lr": 0.23376869260410593}, "datetime": {"datetime": "2024-06-13 20:37:13", "elapsed": 2.116979, "delta": 0.003989}}
{"target": -317.2040521406445, "params": {"gamma": 1.7676122518303419, "lr": 0.3910991231067624}, "datetime": {"datetime": "2024-06-13 20:37:13", "elapsed": 2.120968, "delta": 0.003989}}
{"target": -621.1687595138767, "params": {"gamma": 3.206325975297607, "lr": 0.8154769290056262}, "datetime": {"datetime": "2024-06-13 20:37:13", "elapsed": 2.124957, "delta": 0.003989}}
{"target": -1176.7461776874022, "params": {"gamma": 6.135645470784649, "lr": 0.7600017523497489}, "datetime": {"datetime": "2024-06-13 20:37:13", "elapsed": 2.127949, "delta": 0.002992}}
{"target": -1068.6776762918284, "params": {"gamma": 4.277223331869946, "lr": 0.09944056291558923}, "datetime": {"datetime": "2024-06-13 20:37:13", "elapsed": 2.131939, "delta": 0.00399}}
{"target": -226.77283045895894, "params": {"gamma": 1.151235085490412, "lr": 0.3734071317371953}, "datetime": {"datetime": "2024-06-13 20:37:13", "elapsed": 2.135928, "delta": 0.003989}}
{"target": -388.3019174751491, "params": {"gamma": 1.939283827327562, "lr": 0.8207464986229382}, "datetime": {"datetime": "2024-06-13 20:37:13", "elapsed": 2.139917, "delta": 0.003989}}
{"target": -1104.5809233937518, "params": {"gamma": 5.996760448228745, "lr": 0.688845259018665}, "datetime": {"datetime": "2024-06-13 20:37:13", "elapsed": 2.143907, "delta": 0.00399}}
{"target": -1225.1726140283095, "params": {"gamma": 4.911608503081658, "lr": 0.08817368124218106}, "datetime": {"datetime": "2024-06-13 20:37:13", "elapsed": 2.147898, "delta": 0.003991}}
