{"target": -307.06564838498576, "params": {"p_ai": 5.316303075493122, "p_al": 6.792450289006991, "p_ex": 5.129238550757324, "prior": 2.991824334263695, "rate": 1.0547413426276626}, "datetime": {"datetime": "2024-06-13 13:32:12", "elapsed": 45.893103, "delta": 0.111702}}
{"target": -175.01483670413427, "params": {"p_ai": 2.8500365250757254, "p_al": 7.688759630029292, "p_ex": 6.40818626181401, "prior": 8.013505701328722, "rate": 5.171688199172296}, "datetime": {"datetime": "2024-06-13 13:32:12", "elapsed": 46.006875, "delta": 0.113772}}
{"target": -299.48838159136164, "params": {"p_ai": 2.321768118441504, "p_al": 6.279991307892046, "p_ex": 3.040750894733009, "prior": 0.29625792067526757, "rate": 9.03340843699194}, "datetime": {"datetime": "2024-06-13 13:32:13", "elapsed": 46.126556, "delta": 0.119681}}
{"target": -199.92442364865627, "params": {"p_ai": 4.2042753184590484, "p_al": 4.261881673466698, "p_ex": 7.412776101583259, "prior": 9.484635584653631, "rate": 0.7260827649265881}, "datetime": {"datetime": "2024-06-13 13:32:13", "elapsed": 46.23933, "delta": 0.112774}}
{"target": -163.37679639673135, "params": {"p_ai": 1.7278381802346168, "p_al": 3.224252533837974, "p_ex": 2.48499403905566, "prior": 4.9554543186305695, "rate": 8.244771648366036}, "datetime": {"datetime": "2024-06-13 13:32:13", "elapsed": 46.351032, "delta": 0.111702}}
{"target": -417.5292070623912, "params": {"p_ai": 8.539870177006817, "p_al": 5.958703590644958, "p_ex": 2.4024971645768356, "prior": 1.86574039003858, "rate": 7.434161733507989}, "datetime": {"datetime": "2024-06-13 13:32:13", "elapsed": 46.462183, "delta": 0.111151}}
{"target": -184.54401028057165, "params": {"p_ai": 2.372903362377833, "p_al": 5.395369418374571, "p_ex": 7.493058590484791, "prior": 2.283262797049244, "rate": 1.7458373745398674}, "datetime": {"datetime": "2024-06-13 13:32:13", "elapsed": 46.57432, "delta": 0.112137}}
{"target": -153.67791263030279, "params": {"p_ai": 0.39831713007193664, "p_al": 1.4765408081617755, "p_ex": 8.51453763056296, "prior": 1.0472544815378406, "rate": 2.2372268102276505}, "datetime": {"datetime": "2024-06-13 13:32:13", "elapsed": 46.686022, "delta": 0.111702}}
{"target": -161.10368008212146, "params": {"p_ai": 0.32853924026002534, "p_al": 6.763889997877335, "p_ex": 2.317799711505731, "prior": 4.136503586299842, "rate": 1.393872412065944}, "datetime": {"datetime": "2024-06-13 13:32:13", "elapsed": 46.797725, "delta": 0.111703}}
{"target": -218.9505997431265, "params": {"p_ai": 3.772795658827454, "p_al": 4.244950224929914, "p_ex": 4.730176553648271, "prior": 4.228995288573093, "rate": 1.028462882177769}, "datetime": {"datetime": "2024-06-13 13:32:13", "elapsed": 46.909972, "delta": 0.112247}}
{"target": -344.9927637825052, "params": {"p_ai": 7.72603008604881, "p_al": 1.3729228288956241, "p_ex": 4.243499450883795, "prior": 2.7202891684153423, "rate": 3.0107784228559833}, "datetime": {"datetime": "2024-06-13 13:32:13", "elapsed": 47.022439, "delta": 0.112467}}
{"target": -343.9637218339618, "params": {"p_ai": 6.72453530509174, "p_al": 5.178349451410332, "p_ex": 1.9016804177489257, "prior": 4.691875263893938, "rate": 3.396069147094239}, "datetime": {"datetime": "2024-06-13 13:32:14", "elapsed": 47.134646, "delta": 0.112207}}
{"target": -291.99091724177316, "params": {"p_ai": 7.045267485283013, "p_al": 2.2617259291230574, "p_ex": 8.450036385446094, "prior": 5.262770419251413, "rate": 5.006695109657969}, "datetime": {"datetime": "2024-06-13 13:32:14", "elapsed": 47.260817, "delta": 0.126171}}
{"target": -167.3514429763622, "params": {"p_ai": 2.537604383069914, "p_al": 1.8623705416969032, "p_ex": 4.7187188083132305, "prior": 9.818262353834747, "rate": 1.3299294703806088}, "datetime": {"datetime": "2024-06-13 13:32:14", "elapsed": 47.373024, "delta": 0.112207}}
{"target": -206.2168270774486, "params": {"p_ai": 2.8353408618481435, "p_al": 8.006611101660276, "p_ex": 6.648104208209039, "prior": 2.788305328525677, "rate": 3.1471614201443434}, "datetime": {"datetime": "2024-06-13 13:32:14", "elapsed": 47.484235, "delta": 0.111211}}
{"target": -204.82027625596157, "params": {"p_ai": 4.200062595764889, "p_al": 6.028264835660719, "p_ex": 7.193668333443535, "prior": 8.573146034178855, "rate": 6.811433593113639}, "datetime": {"datetime": "2024-06-13 13:32:14", "elapsed": 47.600174, "delta": 0.115939}}
{"target": -193.12644127956142, "params": {"p_ai": 2.370583662652512, "p_al": 9.257279632827263, "p_ex": 7.812172811356986, "prior": 3.0745074227980154, "rate": 3.0503514507789897}, "datetime": {"datetime": "2024-06-13 13:32:14", "elapsed": 47.711905, "delta": 0.111731}}
{"target": -375.2808723653179, "params": {"p_ai": 8.811802015970617, "p_al": 1.2616587254915876, "p_ex": 6.334974881523022, "prior": 2.7778496120017686, "rate": 8.272176051067923}, "datetime": {"datetime": "2024-06-13 13:32:14", "elapsed": 47.824574, "delta": 0.112669}}
{"target": -232.53839079247737, "params": {"p_ai": 3.645869952111327, "p_al": 7.3339275785938725, "p_ex": 1.9249864862469743, "prior": 4.814977529509854, "rate": 8.03614266968384}, "datetime": {"datetime": "2024-06-13 13:32:14", "elapsed": 47.936276, "delta": 0.111702}}
{"target": -192.12442690389733, "params": {"p_ai": 3.9704851285120673, "p_al": 1.6165788245210426, "p_ex": 6.490173244263826, "prior": 7.53350473313803, "rate": 2.8026461610955637}, "datetime": {"datetime": "2024-06-13 13:32:14", "elapsed": 48.0482, "delta": 0.111924}}
{"target": -216.90831161672045, "params": {"p_ai": 4.514167250462784, "p_al": 9.004588674948266, "p_ex": 8.719984326277993, "prior": 7.0721689102320395, "rate": 5.909415094304578}, "datetime": {"datetime": "2024-06-13 13:32:15", "elapsed": 48.160899, "delta": 0.112699}}
{"target": -437.01322754840214, "params": {"p_ai": 8.174005321700859, "p_al": 9.07653881635229, "p_ex": 0.026073089119563617, "prior": 3.972880434571384, "rate": 5.614535427501098}, "datetime": {"datetime": "2024-06-13 13:32:15", "elapsed": 48.273597, "delta": 0.112698}}
{"target": -329.3126656608822, "params": {"p_ai": 7.339497439712482, "p_al": 0.8756401490882502, "p_ex": 3.998150121820964, "prior": 2.796932173319039, "rate": 4.235677020998725}, "datetime": {"datetime": "2024-06-13 13:32:15", "elapsed": 48.386155, "delta": 0.112558}}
{"target": -249.77547039726073, "params": {"p_ai": 4.980288348100211, "p_al": 6.600492220036985, "p_ex": 4.962865153563822, "prior": 6.2050615378513, "rate": 5.824816179030337}, "datetime": {"datetime": "2024-06-13 13:32:15", "elapsed": 48.498926, "delta": 0.112771}}
{"target": -232.9040554291019, "params": {"p_ai": 4.2838956479905255, "p_al": 0.050758670747942644, "p_ex": 1.9459696221821587, "prior": 3.2027463362086017, "rate": 1.470634280423458}, "datetime": {"datetime": "2024-06-13 13:32:15", "elapsed": 48.611089, "delta": 0.112163}}
{"target": -296.1855977861228, "params": {"p_ai": 5.987040152182751, "p_al": 6.115383267119364, "p_ex": 5.001432502709699, "prior": 3.2091681671070447, "rate": 6.53292726219252}, "datetime": {"datetime": "2024-06-13 13:32:15", "elapsed": 48.723184, "delta": 0.112095}}
{"target": -151.0792039569787, "params": {"p_ai": 1.903644543307758, "p_al": 0.05980393346483768, "p_ex": 7.3496852448209316, "prior": 4.435594915197448, "rate": 6.978718718842435}, "datetime": {"datetime": "2024-06-13 13:32:15", "elapsed": 48.83561, "delta": 0.112426}}
{"target": -158.06892835957336, "params": {"p_ai": 1.851248453020123, "p_al": 0.6271354000371709, "p_ex": 3.78170775924343, "prior": 6.960269107944495, "rate": 1.0290808561757039}, "datetime": {"datetime": "2024-06-13 13:32:15", "elapsed": 48.948308, "delta": 0.112698}}
{"target": -156.31950583709045, "params": {"p_ai": 1.959146502516249, "p_al": 4.540072551414793, "p_ex": 6.211870747746768, "prior": 7.501492356441782, "rate": 1.0982404778352803}, "datetime": {"datetime": "2024-06-13 13:32:15", "elapsed": 49.059671, "delta": 0.111363}}
{"target": -297.41291342623293, "params": {"p_ai": 6.246611447949256, "p_al": 3.8742178609226636, "p_ex": 6.701233597109323, "prior": 2.036400216241354, "rate": 5.2796600565097815}, "datetime": {"datetime": "2024-06-13 13:32:16", "elapsed": 49.17138, "delta": 0.111709}}
{"target": -153.27072687630522, "params": {"p_ai": 1.722453387004371, "p_al": 0.18779137895775708, "p_ex": 4.870015513993148, "prior": 1.8425935878323698, "rate": 6.3837949567038725}, "datetime": {"datetime": "2024-06-13 13:32:16", "elapsed": 49.282549, "delta": 0.111169}}
{"target": -268.8415203922532, "params": {"p_ai": 5.366211618584989, "p_al": 7.74967885459746, "p_ex": 3.930206066439398, "prior": 9.894531856231692, "rate": 5.152631746924576}, "datetime": {"datetime": "2024-06-13 13:32:16", "elapsed": 49.394302, "delta": 0.111753}}
{"target": -254.86740027230897, "params": {"p_ai": 4.788755188453533, "p_al": 7.494675265050945, "p_ex": 5.727310244630862, "prior": 3.625290707682954, "rate": 4.892958609815962}, "datetime": {"datetime": "2024-06-13 13:32:16", "elapsed": 49.50657, "delta": 0.112268}}
{"target": -190.40430514680347, "params": {"p_ai": 1.8921946110135588, "p_al": 3.9364405595543226, "p_ex": 0.30058756348796134, "prior": 4.625828074361687, "rate": 2.7454666539229047}, "datetime": {"datetime": "2024-06-13 13:32:16", "elapsed": 49.617914, "delta": 0.111344}}
{"target": -243.57909733316387, "params": {"p_ai": 5.267631887725799, "p_al": 0.2936919419097222, "p_ex": 5.5513125784552235, "prior": 2.9306858383999437, "rate": 5.775329319454461}, "datetime": {"datetime": "2024-06-13 13:32:16", "elapsed": 49.729877, "delta": 0.111963}}
{"target": -336.2102015679271, "params": {"p_ai": 7.327965762760406, "p_al": 4.403937930137581, "p_ex": 6.6319050719967745, "prior": 2.3898606387472503, "rate": 9.985992286776213}, "datetime": {"datetime": "2024-06-13 13:32:16", "elapsed": 49.843083, "delta": 0.113206}}
{"target": -199.1811413847784, "params": {"p_ai": 2.4295423376760557, "p_al": 9.408343315400867, "p_ex": 2.1729802841597885, "prior": 4.97614628166607, "rate": 8.211948471962465}, "datetime": {"datetime": "2024-06-13 13:32:16", "elapsed": 49.954957, "delta": 0.111874}}
{"target": -329.9063169103216, "params": {"p_ai": 7.166163879900548, "p_al": 7.05609854079457, "p_ex": 4.4049651591972045, "prior": 7.541996079526139, "rate": 9.199615816571573}, "datetime": {"datetime": "2024-06-13 13:32:16", "elapsed": 50.067254, "delta": 0.112297}}
{"target": -272.9048495323742, "params": {"p_ai": 4.414076101413063, "p_al": 5.2801268760628535, "p_ex": 0.6612898045823568, "prior": 3.9083399636332565, "rate": 4.672918424766126}, "datetime": {"datetime": "2024-06-13 13:32:17", "elapsed": 50.17909, "delta": 0.111836}}
{"target": -366.41111465729676, "params": {"p_ai": 8.951481970324929, "p_al": 1.1064638451141569, "p_ex": 7.311644894386467, "prior": 5.455166214318647, "rate": 6.0657477697349185}, "datetime": {"datetime": "2024-06-13 13:32:17", "elapsed": 50.292235, "delta": 0.113145}}
{"target": -238.8921161330285, "params": {"p_ai": 0.2987996583514733, "p_al": 1.4683270502280348, "p_ex": 2.8405482714363854, "prior": 0.04971560748810713, "rate": 6.6919088201735715}, "datetime": {"datetime": "2024-06-13 13:32:17", "elapsed": 50.412134, "delta": 0.119899}}
{"target": -382.30233114482144, "params": {"p_ai": 8.70270923127706, "p_al": 5.470136124403138, "p_ex": 5.432097311144519, "prior": 6.157643560201761, "rate": 3.022512822657626}, "datetime": {"datetime": "2024-06-13 13:32:17", "elapsed": 50.523917, "delta": 0.111783}}
{"target": -219.49478956618205, "params": {"p_ai": 3.6679530846277557, "p_al": 5.749822333050388, "p_ex": 8.092356620589728, "prior": 2.016764747447303, "rate": 3.275913034427043}, "datetime": {"datetime": "2024-06-13 13:32:17", "elapsed": 50.637455, "delta": 0.113538}}
{"target": -404.04574253530774, "params": {"p_ai": 7.429469582646582, "p_al": 3.4098615710742886, "p_ex": 0.4770616761368438, "prior": 1.5644129298338398, "rate": 1.9394547317358086}, "datetime": {"datetime": "2024-06-13 13:32:17", "elapsed": 50.749184, "delta": 0.111729}}
{"target": -216.11176443728718, "params": {"p_ai": 4.951628513249221, "p_al": 6.351614485952291, "p_ex": 8.802319552208612, "prior": 9.025463027666028, "rate": 3.072300524082465}, "datetime": {"datetime": "2024-06-13 13:32:17", "elapsed": 50.860856, "delta": 0.111672}}
{"target": -348.57995848961167, "params": {"p_ai": 7.534047351182733, "p_al": 2.824997877559167, "p_ex": 3.686400120782994, "prior": 2.927972894369209, "rate": 4.137493671254815}, "datetime": {"datetime": "2024-06-13 13:32:17", "elapsed": 50.973555, "delta": 0.112699}}
{"target": -180.26311474136102, "params": {"p_ai": 2.147942240988137, "p_al": 3.1905410786954205, "p_ex": 1.2200762190869865, "prior": 9.63021937771575, "rate": 5.04032611097843}, "datetime": {"datetime": "2024-06-13 13:32:17", "elapsed": 51.086232, "delta": 0.112677}}
{"target": -408.28003635017575, "params": {"p_ai": 9.23108372520405, "p_al": 7.461855247593438, "p_ex": 4.577595171516512, "prior": 7.54646763085601, "rate": 6.280602762990652}, "datetime": {"datetime": "2024-06-13 13:32:18", "elapsed": 51.197933, "delta": 0.111701}}
{"target": -209.5249278595978, "params": {"p_ai": 3.0382805830845347, "p_al": 5.217071474819306, "p_ex": 7.123409644278645, "prior": 3.0538300009516193, "rate": 0.1262158460278462}, "datetime": {"datetime": "2024-06-13 13:32:18", "elapsed": 51.309635, "delta": 0.111702}}
{"target": -167.3772139532886, "params": {"p_ai": 2.6833600285302275, "p_al": 7.967658010425252, "p_ex": 9.300000896546049, "prior": 6.2536862178776484, "rate": 1.3289420383195298}, "datetime": {"datetime": "2024-06-13 13:32:18", "elapsed": 51.422333, "delta": 0.112698}}
{"target": -320.60739651176056, "params": {"p_ai": 7.575946022114966, "p_al": 5.269526555127393, "p_ex": 7.538936847140509, "prior": 8.586258418997055, "rate": 9.475467969467141}, "datetime": {"datetime": "2024-06-13 13:32:18", "elapsed": 51.540654, "delta": 0.118321}}
{"target": -293.15562184419525, "params": {"p_ai": 6.545720808693693, "p_al": 8.542727840216623, "p_ex": 7.426137988907772, "prior": 7.271284782848366, "rate": 8.58804877191338}, "datetime": {"datetime": "2024-06-13 13:32:18", "elapsed": 51.656294, "delta": 0.11564}}
{"target": -495.1392763812447, "params": {"p_ai": 9.2301074044959, "p_al": 9.020857939246921, "p_ex": 3.9581068653902416, "prior": 0.8411287767074533, "rate": 8.295907610863033}, "datetime": {"datetime": "2024-06-13 13:32:18", "elapsed": 51.767995, "delta": 0.111701}}
{"target": -356.2416760214552, "params": {"p_ai": 5.389776601523036, "p_al": 5.421219471236491, "p_ex": 8.25192813033363, "prior": 0.32080985957336305, "rate": 8.779726226832842}, "datetime": {"datetime": "2024-06-13 13:32:18", "elapsed": 51.880697, "delta": 0.112702}}
{"target": -146.02396913500098, "params": {"p_ai": 0.34730537937586553, "p_al": 6.932252389225503, "p_ex": 5.875257309024742, "prior": 6.417850059155134, "rate": 3.7414277971948233}, "datetime": {"datetime": "2024-06-13 13:32:18", "elapsed": 51.992904, "delta": 0.112207}}
{"target": -167.11979878888073, "params": {"p_ai": 2.755344804474391, "p_al": 5.094576405806185, "p_ex": 8.858345348380066, "prior": 5.653331413985319, "rate": 6.631825765751704}, "datetime": {"datetime": "2024-06-13 13:32:19", "elapsed": 52.103915, "delta": 0.111011}}
{"target": -243.44493727741218, "params": {"p_ai": 4.414350930304056, "p_al": 9.7214187321274, "p_ex": 7.425482001064747, "prior": 3.5496702059968834, "rate": 6.5356567956039315}, "datetime": {"datetime": "2024-06-13 13:32:19", "elapsed": 52.217121, "delta": 0.113206}}
{"target": -431.77077026259997, "params": {"p_ai": 5.426621502305332, "p_al": 8.840678067574482, "p_ex": 2.7512654566030514, "prior": 1.0815667842382009, "rate": 1.9135292453599602}, "datetime": {"datetime": "2024-06-13 13:32:19", "elapsed": 52.328331, "delta": 0.11121}}
{"target": -235.81199143397177, "params": {"p_ai": 3.8710752798182537, "p_al": 8.54074388954821, "p_ex": 2.70917829344533, "prior": 6.263961673283628, "rate": 6.235894458654538}, "datetime": {"datetime": "2024-06-13 13:32:19", "elapsed": 52.440068, "delta": 0.111737}}
{"target": -196.13437955150587, "params": {"p_ai": 4.08106330634394, "p_al": 0.504300961464858, "p_ex": 7.448593896451896, "prior": 2.957959618704388, "rate": 3.9851835072938524}, "datetime": {"datetime": "2024-06-13 13:32:19", "elapsed": 52.553202, "delta": 0.113134}}
{"target": -267.54135863461147, "params": {"p_ai": 3.7730184357375642, "p_al": 6.636362714079265, "p_ex": 0.8642465348648255, "prior": 5.49934931479934, "rate": 0.15520280161021519}, "datetime": {"datetime": "2024-06-13 13:32:19", "elapsed": 52.664411, "delta": 0.111209}}
{"target": -464.07448895268885, "params": {"p_ai": 9.830406796410628, "p_al": 5.984673796657761, "p_ex": 3.8417581657342703, "prior": 1.4683325593440997, "rate": 6.9690863860416155}, "datetime": {"datetime": "2024-06-13 13:32:19", "elapsed": 52.776112, "delta": 0.111701}}
{"target": -388.6593603119253, "params": {"p_ai": 9.058178358648817, "p_al": 3.1817694146938234, "p_ex": 7.665154954417642, "prior": 2.8756935223098354, "rate": 9.57229619840156}, "datetime": {"datetime": "2024-06-13 13:32:19", "elapsed": 52.887814, "delta": 0.111702}}
{"target": -324.73352223598255, "params": {"p_ai": 7.023455232193281, "p_al": 6.2505309163400185, "p_ex": 9.307416596768327, "prior": 2.6911548301319335, "rate": 9.236233847661266}, "datetime": {"datetime": "2024-06-13 13:32:19", "elapsed": 53.000541, "delta": 0.112727}}
{"target": -307.142481921202, "params": {"p_ai": 6.781151258305702, "p_al": 7.713853709507418, "p_ex": 5.716781729013079, "prior": 8.339212870314833, "rate": 6.983119711119335}, "datetime": {"datetime": "2024-06-13 13:32:20", "elapsed": 53.11212, "delta": 0.111579}}
{"target": -163.66586030502162, "params": {"p_ai": 1.466940409067313, "p_al": 6.1249988251521215, "p_ex": 2.793924035827702, "prior": 9.158871351949934, "rate": 1.9831246698113274}, "datetime": {"datetime": "2024-06-13 13:32:20", "elapsed": 53.224128, "delta": 0.112008}}
{"target": -173.5594175256549, "params": {"p_ai": 2.857879237217657, "p_al": 0.47749939499181976, "p_ex": 4.476343861362332, "prior": 5.576320563895948, "rate": 5.736037264688377}, "datetime": {"datetime": "2024-06-13 13:32:20", "elapsed": 53.33583, "delta": 0.111702}}
{"target": -391.7908596120666, "params": {"p_ai": 9.053868422216771, "p_al": 3.47479191407325, "p_ex": 4.475836267532962, "prior": 8.512525387352474, "rate": 5.768716203017017}, "datetime": {"datetime": "2024-06-13 13:32:20", "elapsed": 53.448528, "delta": 0.112698}}
{"target": -298.09743727708536, "params": {"p_ai": 6.54027535584246, "p_al": 2.784314944612766, "p_ex": 4.875225544956866, "prior": 6.209902923417142, "rate": 1.3348069074222546}, "datetime": {"datetime": "2024-06-13 13:32:20", "elapsed": 53.560353, "delta": 0.111825}}
{"target": -161.94204172039824, "params": {"p_ai": 0.3300542572087522, "p_al": 1.1349966003071306, "p_ex": 4.775133302320191, "prior": 0.24124331957345432, "rate": 6.26246308244308}, "datetime": {"datetime": "2024-06-13 13:32:20", "elapsed": 53.672055, "delta": 0.111702}}
{"target": -157.06892098930132, "params": {"p_ai": 0.9767285971428687, "p_al": 2.5103644156247413, "p_ex": 4.265502965616329, "prior": 1.159151640315784, "rate": 2.706249385980867}, "datetime": {"datetime": "2024-06-13 13:32:20", "elapsed": 53.783756, "delta": 0.111701}}
{"target": -171.71572521418233, "params": {"p_ai": 0.21177564868227716, "p_al": 9.850470490551084, "p_ex": 6.116124507605985, "prior": 3.784160034513656, "rate": 0.2662569827533811}, "datetime": {"datetime": "2024-06-13 13:32:20", "elapsed": 53.89546, "delta": 0.111704}}
{"target": -207.58484983635475, "params": {"p_ai": 3.8989976450014674, "p_al": 4.526133705237957, "p_ex": 9.310100934451263, "prior": 2.7857632142087283, "rate": 6.148204128941908}, "datetime": {"datetime": "2024-06-13 13:32:20", "elapsed": 54.008158, "delta": 0.112698}}
{"target": -295.8387219471487, "params": {"p_ai": 6.6520183774673525, "p_al": 1.8604237369935928, "p_ex": 5.058127726515332, "prior": 7.86522112783649, "rate": 0.966693765249707}, "datetime": {"datetime": "2024-06-13 13:32:21", "elapsed": 54.12062, "delta": 0.112462}}
{"target": -311.95758857143437, "params": {"p_ai": 6.060746946391453, "p_al": 0.261573266951244, "p_ex": 0.07146019137694642, "prior": 0.5962265427935735, "rate": 4.814523191031215}, "datetime": {"datetime": "2024-06-13 13:32:21", "elapsed": 54.232324, "delta": 0.111704}}
{"target": -437.0209212415957, "params": {"p_ai": 9.257115382793618, "p_al": 4.0561682840061035, "p_ex": 0.7512513607260716, "prior": 8.613663392355804, "rate": 5.193456557118933}, "datetime": {"datetime": "2024-06-13 13:32:21", "elapsed": 54.344404, "delta": 0.11208}}
{"target": -229.24411390658864, "params": {"p_ai": 3.1900397533053235, "p_al": 9.630360355507971, "p_ex": 9.382679423255281, "prior": 2.6009297005949668, "rate": 2.014717145283489}, "datetime": {"datetime": "2024-06-13 13:32:21", "elapsed": 54.456611, "delta": 0.112207}}
{"target": -318.97196284311116, "params": {"p_ai": 5.889498124357467, "p_al": 8.425339580205748, "p_ex": 3.3678741763608038, "prior": 5.864707785221152, "rate": 1.623287749788599}, "datetime": {"datetime": "2024-06-13 13:32:21", "elapsed": 54.57208, "delta": 0.115469}}
{"target": -199.8281061604783, "params": {"p_ai": 1.94674275864618, "p_al": 7.613590824704965, "p_ex": 1.5018345150591474, "prior": 2.659804503437227, "rate": 6.895259136913517}, "datetime": {"datetime": "2024-06-13 13:32:21", "elapsed": 54.684288, "delta": 0.112208}}
{"target": -143.87499925499515, "params": {"p_ai": 0.15187798702215813, "p_al": 0.3229118442818368, "p_ex": 2.8759718743002627, "prior": 3.366895181942479, "rate": 3.622798839194582}, "datetime": {"datetime": "2024-06-13 13:32:21", "elapsed": 54.799407, "delta": 0.115119}}
{"target": -356.986144642041, "params": {"p_ai": 8.072098564559683, "p_al": 0.3607736956187603, "p_ex": 3.584594051008626, "prior": 6.383143054534976, "rate": 1.4308980910737081}, "datetime": {"datetime": "2024-06-13 13:32:21", "elapsed": 54.934644, "delta": 0.135237}}
