{"target": -314.63607271739755, "params": {"gamma": 2.8026461610955637, "prior": 4.5684824262007755, "rate": 9.004588674948266}, "datetime": {"datetime": "2024-06-14 12:57:17", "elapsed": 6.437436, "delta": 0.009973}}
{"target": -698.6589097022297, "params": {"gamma": 8.719984326277993, "prior": 7.1011573368634044, "rate": 5.909415094304578}, "datetime": {"datetime": "2024-06-14 12:57:17", "elapsed": 6.446412, "delta": 0.008976}}
{"target": -466.32608086849643, "params": {"gamma": 8.174005321700859, "prior": 9.085681996388406, "rate": 0.026073089119563617}, "datetime": {"datetime": "2024-06-14 12:57:17", "elapsed": 6.455388, "delta": 0.008976}}
{"target": -381.70785492566506, "params": {"gamma": 3.972880434571384, "prior": 5.657955868812967, "rate": 7.339497439712482}, "datetime": {"datetime": "2024-06-14 12:57:17", "elapsed": 6.465362, "delta": 0.009974}}
{"target": -168.67642614962367, "params": {"gamma": 0.8756401490882502, "prior": 4.057574378040559, "rate": 2.796932173319039}, "datetime": {"datetime": "2024-06-14 12:57:17", "elapsed": 6.474366, "delta": 0.009004}}
{"target": -403.4135328375377, "params": {"gamma": 4.235677020998725, "prior": 5.029988463465554, "rate": 6.600492220036985}, "datetime": {"datetime": "2024-06-14 12:57:17", "elapsed": 6.483345, "delta": 0.008979}}
{"target": -429.39649446494315, "params": {"gamma": 4.962865153563822, "prior": 6.242635185991386, "rate": 5.824816179030337}, "datetime": {"datetime": "2024-06-14 12:57:17", "elapsed": 6.493287, "delta": 0.009942}}
{"target": -569.736338957561, "params": {"gamma": 4.2838956479905255, "prior": 0.1492660106415274, "rate": 1.9459696221821587}, "datetime": {"datetime": "2024-06-14 12:57:17", "elapsed": 6.502291, "delta": 0.009004}}
{"target": -386.7547208236908, "params": {"gamma": 3.2027463362086017, "prior": 1.55508344596382, "rate": 5.987040152182751}, "datetime": {"datetime": "2024-06-14 12:57:17", "elapsed": 6.511239, "delta": 0.008948}}
{"target": -474.52887420602895, "params": {"gamma": 6.115383267119364, "prior": 5.050923270009602, "rate": 3.2091681671070447}, "datetime": {"datetime": "2024-06-14 12:57:17", "elapsed": 6.520215, "delta": 0.008976}}
{"target": -386.0200559049654, "params": {"gamma": 6.53292726219252, "prior": 1.983806478522533, "rate": 0.05980393346483768}, "datetime": {"datetime": "2024-06-14 12:57:17", "elapsed": 6.530188, "delta": 0.009973}}
{"target": -687.3488680056391, "params": {"gamma": 7.3496852448209316, "prior": 4.490688034848957, "rate": 6.978718718842435}, "datetime": {"datetime": "2024-06-14 12:57:17", "elapsed": 6.539164, "delta": 0.008976}}
{"target": -269.15402873648696, "params": {"gamma": 1.851248453020123, "prior": 0.7199360396407632, "rate": 3.78170775924343}, "datetime": {"datetime": "2024-06-14 12:57:17", "elapsed": 6.54814, "delta": 0.008976}}
{"target": -670.2560704758037, "params": {"gamma": 6.960269107944495, "prior": 1.1179018377977268, "rate": 1.959146502516249}, "datetime": {"datetime": "2024-06-14 12:57:17", "elapsed": 6.557116, "delta": 0.008976}}
{"target": -419.9072343485541, "params": {"gamma": 4.540072551414793, "prior": 6.249376977967096, "rate": 7.501492356441782}, "datetime": {"datetime": "2024-06-14 12:57:17", "elapsed": 6.566128, "delta": 0.009012}}
{"target": -175.2088680621515, "params": {"gamma": 1.0982404778352803, "prior": 6.283773710840847, "rate": 3.8742178609226636}, "datetime": {"datetime": "2024-06-14 12:57:17", "elapsed": 6.576065, "delta": 0.009937}}
{"target": -694.9397556344711, "params": {"gamma": 6.701233597109323, "prior": 2.115247738852826, "rate": 5.2796600565097815}, "datetime": {"datetime": "2024-06-14 12:57:17", "elapsed": 6.585041, "delta": 0.008976}}
{"target": -279.55059006393407, "params": {"gamma": 1.722453387004371, "prior": 0.2849419593641159, "rate": 4.870015513993148}, "datetime": {"datetime": "2024-06-14 12:57:17", "elapsed": 6.595015, "delta": 0.009974}}
{"target": -214.96083026671454, "params": {"gamma": 1.8425935878323698, "prior": 6.4195989670335365, "rate": 5.366211618584989}, "datetime": {"datetime": "2024-06-14 12:57:17", "elapsed": 6.603991, "delta": 0.008976}}
{"target": -797.6964689545696, "params": {"gamma": 7.74967885459746, "prior": 3.990303036078612, "rate": 9.894531856231692}, "datetime": {"datetime": "2024-06-14 12:57:17", "elapsed": 6.612967, "delta": 0.008976}}
{"target": -494.76009134756447, "params": {"gamma": 5.152631746924576, "prior": 4.84035167173617, "rate": 7.494675265050945}, "datetime": {"datetime": "2024-06-14 12:57:17", "elapsed": 6.62294, "delta": 0.009973}}
{"target": -526.3811773819886, "params": {"gamma": 5.727310244630862, "prior": 3.6884066412702516, "rate": 4.892958609815962}, "datetime": {"datetime": "2024-06-14 12:57:17", "elapsed": 6.631916, "delta": 0.008976}}
{"target": -184.74678105413403, "params": {"gamma": 1.8921946110135588, "prior": 3.9964758015389337, "rate": 0.30058756348796134}, "datetime": {"datetime": "2024-06-14 12:57:17", "elapsed": 6.640892, "delta": 0.008976}}
{"target": -467.2735637055779, "params": {"gamma": 4.625828074361687, "prior": 2.8172937167553513, "rate": 5.267631887725799}, "datetime": {"datetime": "2024-06-14 12:57:17", "elapsed": 6.649868, "delta": 0.008976}}
{"target": -153.69795520001023, "params": {"gamma": 0.2936919419097222, "prior": 5.595358988569528, "rate": 2.9306858383999437}, "datetime": {"datetime": "2024-06-14 12:57:17", "elapsed": 6.659842, "delta": 0.009974}}
{"target": -445.62919918764567, "params": {"gamma": 5.775329319454461, "prior": 7.35442154728753, "rate": 4.403937930137581}, "datetime": {"datetime": "2024-06-14 12:57:17", "elapsed": 6.669325, "delta": 0.009483}}
{"target": -748.4051956229368, "params": {"gamma": 6.6319050719967745, "prior": 2.4652085532150996, "rate": 9.985992286776213}, "datetime": {"datetime": "2024-06-14 12:57:17", "elapsed": 6.678302, "delta": 0.008977}}
{"target": -211.90612586757118, "params": {"gamma": 2.4295423376760557, "prior": 9.414201302377094, "rate": 2.1729802841597885}, "datetime": {"datetime": "2024-06-14 12:57:17", "elapsed": 6.687277, "delta": 0.008975}}
{"target": -424.02634237405465, "params": {"gamma": 4.97614628166607, "prior": 8.229651952438084, "rate": 7.166163879900548}, "datetime": {"datetime": "2024-06-14 12:57:17", "elapsed": 6.697251, "delta": 0.009974}}
{"target": -673.7383557424961, "params": {"gamma": 7.05609854079457, "prior": 4.460361543759608, "rate": 7.541996079526139}, "datetime": {"datetime": "2024-06-14 12:57:18", "elapsed": 6.706227, "delta": 0.008976}}
{"target": -799.1109132058263, "params": {"gamma": 9.199615816571573, "prior": 4.469382278626795, "rate": 5.2801268760628535}, "datetime": {"datetime": "2024-06-14 12:57:18", "elapsed": 6.715203, "delta": 0.008976}}
{"target": -165.5304123034281, "params": {"gamma": 0.6612898045823568, "prior": 3.968653429339858, "rate": 4.672918424766126}, "datetime": {"datetime": "2024-06-14 12:57:18", "elapsed": 6.725176, "delta": 0.009973}}
{"target": -1060.0057838046175, "params": {"gamma": 8.951481970324929, "prior": 1.1945186585288683, "rate": 7.311644894386467}, "datetime": {"datetime": "2024-06-14 12:57:18", "elapsed": 6.734152, "delta": 0.008976}}
{"target": -336.03080166088245, "params": {"gamma": 5.455166214318647, "prior": 6.10470076211378, "rate": 0.2987996583514733}, "datetime": {"datetime": "2024-06-14 12:57:18", "elapsed": 6.744126, "delta": 0.009974}}
{"target": -172.09613437545028, "params": {"gamma": 1.4683270502280348, "prior": 2.911433932115233, "rate": 0.04971560748810713}, "datetime": {"datetime": "2024-06-14 12:57:18", "elapsed": 6.753102, "delta": 0.008976}}
{"target": -513.1802303667243, "params": {"gamma": 6.6919088201735715, "prior": 8.715553694333723, "rate": 5.470136124403138}, "datetime": {"datetime": "2024-06-14 12:57:18", "elapsed": 6.763082, "delta": 0.00998}}
{"target": -405.9093787947361, "params": {"gamma": 5.432097311144519, "prior": 6.195686693269069, "rate": 3.022512822657626}, "datetime": {"datetime": "2024-06-14 12:57:18", "elapsed": 6.77206, "delta": 0.008978}}
{"target": -363.1651647121286, "params": {"gamma": 3.6679530846277557, "prior": 5.7919033000498885, "rate": 8.092356620589728}, "datetime": {"datetime": "2024-06-14 12:57:18", "elapsed": 6.782038, "delta": 0.009978}}
{"target": -257.31309408843504, "params": {"gamma": 2.016764747447303, "prior": 3.3424881528980626, "rate": 7.429469582646582}, "datetime": {"datetime": "2024-06-14 12:57:18", "elapsed": 6.791015, "delta": 0.008977}}
{"target": -386.4182614512248, "params": {"gamma": 3.4098615710742886, "prior": 0.5713481941948949, "rate": 1.5644129298338398}, "datetime": {"datetime": "2024-06-14 12:57:18", "elapsed": 6.799997, "delta": 0.008982}}
{"target": -233.246522899911, "params": {"gamma": 1.9394547317358086, "prior": 5.001612389355664, "rate": 6.351614485952291}, "datetime": {"datetime": "2024-06-14 12:57:18", "elapsed": 6.809968, "delta": 0.009971}}
{"target": -587.3935882907512, "params": {"gamma": 8.802319552208612, "prior": 9.035111908580227, "rate": 3.072300524082465}, "datetime": {"datetime": "2024-06-14 12:57:18", "elapsed": 6.818943, "delta": 0.008975}}
{"target": -672.3984829742456, "params": {"gamma": 7.534047351182733, "prior": 2.896037502533829, "rate": 3.686400120782994}, "datetime": {"datetime": "2024-06-14 12:57:18", "elapsed": 6.827923, "delta": 0.00898}}
{"target": -257.36487849675495, "params": {"gamma": 2.927972894369209, "prior": 4.195538288371103, "rate": 2.147942240988137}, "datetime": {"datetime": "2024-06-14 12:57:18", "elapsed": 6.837896, "delta": 0.009973}}
{"target": -417.69274260153077, "params": {"gamma": 3.1905410786954205, "prior": 1.3070061575118679, "rate": 9.63021937771575}, "datetime": {"datetime": "2024-06-14 12:57:18", "elapsed": 6.84689, "delta": 0.008994}}
{"target": -421.84841168690156, "params": {"gamma": 5.04032611097843, "prior": 9.238696757627771, "rate": 7.461855247593438}, "datetime": {"datetime": "2024-06-14 12:57:18", "elapsed": 6.857369, "delta": 0.010479}}
{"target": -391.1230277552129, "params": {"gamma": 4.577595171516512, "prior": 7.570760030550504, "rate": 6.280602762990652}, "datetime": {"datetime": "2024-06-14 12:57:18", "elapsed": 6.866553, "delta": 0.009184}}
{"target": -312.67962061841604, "params": {"gamma": 3.0382805830845347, "prior": 5.264427202791391, "rate": 7.123409644278645}, "datetime": {"datetime": "2024-06-14 12:57:18", "elapsed": 6.875531, "delta": 0.008978}}
{"target": -421.05813294333643, "params": {"gamma": 3.0538300009516193, "prior": 0.22397608517608533, "rate": 2.6833600285302275}, "datetime": {"datetime": "2024-06-14 12:57:18", "elapsed": 6.885507, "delta": 0.009976}}
{"target": -611.4964095192624, "params": {"gamma": 7.967658010425252, "prior": 9.306931580738663, "rate": 6.2536862178776484}, "datetime": {"datetime": "2024-06-14 12:57:18", "elapsed": 6.894791, "delta": 0.009284}}
{"target": -186.00741750835127, "params": {"gamma": 1.3289420383195298, "prior": 7.59994655654947, "rate": 5.269526555127393}, "datetime": {"datetime": "2024-06-14 12:57:18", "elapsed": 6.904512, "delta": 0.009721}}
{"target": -650.5740808928074, "params": {"gamma": 7.538936847140509, "prior": 8.600255860393125, "rate": 9.475467969467141}, "datetime": {"datetime": "2024-06-14 12:57:18", "elapsed": 6.913488, "delta": 0.008976}}
{"target": -540.242590977212, "params": {"gamma": 6.545720808693693, "prior": 8.557156277442202, "rate": 7.426137988907772}, "datetime": {"datetime": "2024-06-14 12:57:18", "elapsed": 6.922463, "delta": 0.008975}}
{"target": -625.0561783845118, "params": {"gamma": 7.271284782848366, "prior": 8.60202848704295, "rate": 9.2301074044959}, "datetime": {"datetime": "2024-06-14 12:57:18", "elapsed": 6.93144, "delta": 0.008977}}
{"target": -558.8444146505649, "params": {"gamma": 9.020857939246921, "prior": 4.017927589495288, "rate": 0.8411287767074533}, "datetime": {"datetime": "2024-06-14 12:57:18", "elapsed": 6.941413, "delta": 0.009973}}
{"target": -695.4893892510165, "params": {"gamma": 8.295907610863033, "prior": 5.43542237774558, "rate": 5.421219471236491}, "datetime": {"datetime": "2024-06-14 12:57:18", "elapsed": 6.950389, "delta": 0.008976}}
{"target": -1094.791527528936, "params": {"gamma": 8.25192813033363, "prior": 0.4166434253201614, "rate": 8.779726226832842}, "datetime": {"datetime": "2024-06-14 12:57:18", "elapsed": 6.959394, "delta": 0.009005}}
{"target": -155.46004538017786, "params": {"gamma": 0.34730537937586553, "prior": 6.9626261279460415, "rate": 5.875257309024742}, "datetime": {"datetime": "2024-06-14 12:57:18", "elapsed": 6.969338, "delta": 0.009944}}
{"target": -509.7006846253348, "params": {"gamma": 6.417850059155134, "prior": 3.803393858608736, "rate": 2.755344804474391}, "datetime": {"datetime": "2024-06-14 12:57:18", "elapsed": 6.978314, "delta": 0.008976}}
{"target": -405.1079657490952, "params": {"gamma": 5.094576405806185, "prior": 8.869648859782243, "rate": 5.653331413985319}, "datetime": {"datetime": "2024-06-14 12:57:18", "elapsed": 6.98729, "delta": 0.008976}}
{"target": -669.7659162840762, "params": {"gamma": 6.631825765751704, "prior": 4.469654386439658, "rate": 9.7214187321274}, "datetime": {"datetime": "2024-06-14 12:57:18", "elapsed": 6.997266, "delta": 0.009976}}
{"target": -717.5944418814272, "params": {"gamma": 7.425482001064747, "prior": 3.613534857422657, "rate": 6.5356567956039315}, "datetime": {"datetime": "2024-06-14 12:57:18", "elapsed": 7.006271, "delta": 0.009005}}
{"target": -376.11933034930183, "params": {"gamma": 5.426621502305332, "prior": 8.852156502548992, "rate": 2.7512654566030514}, "datetime": {"datetime": "2024-06-14 12:57:18", "elapsed": 7.015218, "delta": 0.008947}}
{"target": -190.3334580291141, "params": {"gamma": 1.0815667842382009, "prior": 1.9935933122375844, "rate": 3.8710752798182537}, "datetime": {"datetime": "2024-06-14 12:57:18", "elapsed": 7.025191, "delta": 0.009973}}
{"target": -859.7296276876951, "params": {"gamma": 8.54074388954821, "prior": 2.7813646469755744, "rate": 6.263961673283628}, "datetime": {"datetime": "2024-06-14 12:57:18", "elapsed": 7.034167, "delta": 0.008976}}
{"target": -383.960015506146, "params": {"gamma": 6.235894458654538, "prior": 4.139666639944494, "rate": 0.504300961464858}, "datetime": {"datetime": "2024-06-14 12:57:18", "elapsed": 7.043143, "delta": 0.008976}}
{"target": -670.3550179081674, "params": {"gamma": 7.448593896451896, "prior": 3.027682790796424, "rate": 3.9851835072938524}, "datetime": {"datetime": "2024-06-14 12:57:18", "elapsed": 7.053116, "delta": 0.009973}}
{"target": -263.72275606636487, "params": {"gamma": 3.7730184357375642, "prior": 6.669666053543827, "rate": 0.8642465348648255}, "datetime": {"datetime": "2024-06-14 12:57:18", "elapsed": 7.062094, "delta": 0.008978}}
{"target": -766.6680270706318, "params": {"gamma": 5.49934931479934, "prior": 0.25267604119823284, "rate": 9.830406796410628}, "datetime": {"datetime": "2024-06-14 12:57:18", "elapsed": 7.072066, "delta": 0.009972}}
{"target": -421.27679265230256, "params": {"gamma": 5.984673796657761, "prior": 3.902730857162644, "rate": 1.4683325593440997}, "datetime": {"datetime": "2024-06-14 12:57:18", "elapsed": 7.081042, "delta": 0.008976}}
{"target": -476.46283756661376, "params": {"gamma": 6.9690863860416155, "prior": 9.067503325394869, "rate": 3.1817694146938234}, "datetime": {"datetime": "2024-06-14 12:57:18", "elapsed": 7.090018, "delta": 0.008976}}
{"target": -829.5165712183133, "params": {"gamma": 7.665154954417642, "prior": 2.946231210207758, "rate": 9.57229619840156}, "datetime": {"datetime": "2024-06-14 12:57:18", "elapsed": 7.099991, "delta": 0.009973}}
{"target": -651.3671066666356, "params": {"gamma": 7.023455232193281, "prior": 6.287654372613879, "rate": 9.307416596768327}, "datetime": {"datetime": "2024-06-14 12:57:18", "elapsed": 7.109514, "delta": 0.009523}}
{"target": -258.7171907332729, "params": {"gamma": 2.6911548301319335, "prior": 9.243795888773532, "rate": 6.781151258305702}, "datetime": {"datetime": "2024-06-14 12:57:18", "elapsed": 7.118489, "delta": 0.008975}}
{"target": -708.2625330642841, "params": {"gamma": 7.713853709507418, "prior": 5.759189830706018, "rate": 8.339212870314833}, "datetime": {"datetime": "2024-06-14 12:57:18", "elapsed": 7.127466, "delta": 0.008977}}
{"target": -783.1395318058954, "params": {"gamma": 6.983119711119335, "prior": 1.551426147591399, "rate": 6.1249988251521215}, "datetime": {"datetime": "2024-06-14 12:57:18", "elapsed": 7.137439, "delta": 0.009973}}
{"target": -226.5770017614864, "params": {"gamma": 2.793924035827702, "prior": 9.167199358366272, "rate": 1.9831246698113274}, "datetime": {"datetime": "2024-06-14 12:57:18", "elapsed": 7.146415, "delta": 0.008976}}
{"target": -383.8954610153084, "params": {"gamma": 2.857879237217657, "prior": 0.5717815791998215, "rate": 4.476343861362332}, "datetime": {"datetime": "2024-06-14 12:57:18", "elapsed": 7.155931, "delta": 0.009516}}
{"target": -532.6126282214243, "params": {"gamma": 5.576320563895948, "prior": 5.778254717513243, "rate": 9.053868422216771}, "datetime": {"datetime": "2024-06-14 12:57:18", "elapsed": 7.164907, "delta": 0.008976}}
{"target": -367.71105480385455, "params": {"gamma": 3.47479191407325, "prior": 4.5305309579534265, "rate": 8.512525387352474}, "datetime": {"datetime": "2024-06-14 12:57:18", "elapsed": 7.173883, "delta": 0.008976}}
{"target": -416.5044490466496, "params": {"gamma": 5.768716203017017, "prior": 6.574530055289563, "rate": 2.784314944612766}, "datetime": {"datetime": "2024-06-14 12:57:18", "elapsed": 7.183856, "delta": 0.009973}}
{"target": -329.2938523211997, "params": {"gamma": 4.875225544956866, "prior": 6.247428637046675, "rate": 1.3348069074222546}, "datetime": {"datetime": "2024-06-14 12:57:18", "elapsed": 7.192836, "delta": 0.00898}}
{"target": -157.66976672722052, "params": {"gamma": 0.3300542572087522, "prior": 1.222768911195179, "rate": 4.775133302320191}, "datetime": {"datetime": "2024-06-14 12:57:18", "elapsed": 7.201847, "delta": 0.009011}}
{"target": -151.95642578856118, "params": {"gamma": 0.24124331957345432, "prior": 6.299468398458495, "rate": 0.9767285971428687}, "datetime": {"datetime": "2024-06-14 12:57:18", "elapsed": 7.211786, "delta": 0.009939}}
{"target": -218.0009890059341, "params": {"gamma": 2.5103644156247413, "prior": 4.322280163976562, "rate": 1.159151640315784}, "datetime": {"datetime": "2024-06-14 12:57:18", "elapsed": 7.220761, "delta": 0.008975}}
{"target": -404.06657906336096, "params": {"gamma": 2.706249385980867, "prior": 0.3086887610715615, "rate": 9.850470490551084}, "datetime": {"datetime": "2024-06-14 12:57:18", "elapsed": 7.230735, "delta": 0.009974}}
{"target": -369.2145481035062, "params": {"gamma": 6.116124507605985, "prior": 3.8457030044689664, "rate": 0.2662569827533811}, "datetime": {"datetime": "2024-06-14 12:57:18", "elapsed": 7.239711, "delta": 0.008976}}
{"target": -409.94541637976283, "params": {"gamma": 3.8989976450014674, "prior": 4.580330401225699, "rate": 9.310100934451263}, "datetime": {"datetime": "2024-06-14 12:57:18", "elapsed": 7.248687, "delta": 0.008976}}
{"target": -282.45600032725747, "params": {"gamma": 2.7857632142087283, "prior": 6.186340721724661, "rate": 6.6520183774673525}, "datetime": {"datetime": "2024-06-14 12:57:18", "elapsed": 7.25866, "delta": 0.009973}}
{"target": -234.17910721819038, "params": {"gamma": 1.8604237369935928, "prior": 5.107057154965675, "rate": 7.86522112783649}, "datetime": {"datetime": "2024-06-14 12:57:18", "elapsed": 7.267636, "delta": 0.008976}}
{"target": -160.16736265841797, "params": {"gamma": 0.966693765249707, "prior": 6.099749451872725, "rate": 0.261573266951244}, "datetime": {"datetime": "2024-06-14 12:57:18", "elapsed": 7.276612, "delta": 0.008976}}
{"target": -151.57256114404237, "params": {"gamma": 0.07146019137694642, "prior": 0.6893332106867064, "rate": 4.814523191031215}, "datetime": {"datetime": "2024-06-14 12:57:18", "elapsed": 7.286585, "delta": 0.009973}}
{"target": -562.7309825642878, "params": {"gamma": 9.257115382793618, "prior": 4.1150181029763395, "rate": 0.7512513607260716}, "datetime": {"datetime": "2024-06-14 12:57:18", "elapsed": 7.295561, "delta": 0.008976}}
{"target": -643.8121474393961, "params": {"gamma": 8.613663392355804, "prior": 5.241046096157358, "rate": 3.1900397533053235}, "datetime": {"datetime": "2024-06-14 12:57:18", "elapsed": 7.304537, "delta": 0.008976}}
{"target": -618.1411342203542, "params": {"gamma": 9.630360355507971, "prior": 9.388791508173545, "rate": 2.6009297005949668}, "datetime": {"datetime": "2024-06-14 12:57:18", "elapsed": 7.314511, "delta": 0.009974}}
{"target": -241.8773149102133, "params": {"gamma": 2.014717145283489, "prior": 5.930196162730165, "rate": 8.425339580205748}, "datetime": {"datetime": "2024-06-14 12:57:18", "elapsed": 7.323487, "delta": 0.008976}}
{"target": -259.0011366637082, "params": {"gamma": 3.3678741763608038, "prior": 5.90565127249619, "rate": 1.623287749788599}, "datetime": {"datetime": "2024-06-14 12:57:18", "elapsed": 7.33346, "delta": 0.009973}}
{"target": -191.05690632276438, "params": {"gamma": 1.94674275864618, "prior": 7.637218638321746, "rate": 1.5018345150591474}, "datetime": {"datetime": "2024-06-14 12:57:18", "elapsed": 7.342436, "delta": 0.008976}}
{"target": -213.11906350590087, "params": {"gamma": 2.659804503437227, "prior": 6.925999145458927, "rate": 0.15187798702215813}, "datetime": {"datetime": "2024-06-14 12:57:18", "elapsed": 7.351412, "delta": 0.008976}}
{"target": -155.56768624702235, "params": {"gamma": 0.3229118442818368, "prior": 2.946506806237884, "rate": 3.366895181942479}, "datetime": {"datetime": "2024-06-14 12:57:18", "elapsed": 7.361386, "delta": 0.009974}}
{"target": -252.5349028338787, "params": {"gamma": 3.622798839194582, "prior": 8.091186697583844, "rate": 0.3607736956187603}, "datetime": {"datetime": "2024-06-14 12:57:18", "elapsed": 7.37136, "delta": 0.009974}}
