{"target": -839.5091533635081, "params": {"gamma": 4.647854040432997, "lr": 0.2343564434014873}, "datetime": {"datetime": "2024-06-13 15:58:00", "elapsed": 7.77429, "delta": 0.004987}}
{"target": -1638.3205416829298, "params": {"gamma": 7.27531136269942, "lr": 0.807191102024009}, "datetime": {"datetime": "2024-06-13 15:58:00", "elapsed": 7.779396, "delta": 0.005106}}
{"target": -1677.1081741825444, "params": {"gamma": 7.909964984873447, "lr": 0.7157485483912336}, "datetime": {"datetime": "2024-06-13 15:58:01", "elapsed": 7.784384, "delta": 0.004988}}
{"target": -556.7328903077156, "params": {"gamma": 2.6971628183640655, "lr": 0.21045779104067575}, "datetime": {"datetime": "2024-06-13 15:58:01", "elapsed": 7.78937, "delta": 0.004986}}
{"target": -222.70334983909854, "params": {"gamma": 1.092174154085908, "lr": 0.3966811014027529}, "datetime": {"datetime": "2024-06-13 15:58:01", "elapsed": 7.794356, "delta": 0.004986}}
{"target": -219.10966120013435, "params": {"gamma": 0.8735791351201521, "lr": 0.6553896564824753}, "datetime": {"datetime": "2024-06-13 15:58:01", "elapsed": 7.801339, "delta": 0.006983}}
{"target": -2046.562816392591, "params": {"gamma": 9.49833931470982, "lr": 0.755633280579152}, "datetime": {"datetime": "2024-06-13 15:58:01", "elapsed": 7.806324, "delta": 0.004985}}
{"target": -471.5956661048689, "params": {"gamma": 1.1698003792568261, "lr": 0.020481248718401956}, "datetime": {"datetime": "2024-06-13 15:58:01", "elapsed": 7.811311, "delta": 0.004987}}
{"target": -819.3081245030776, "params": {"gamma": 3.349553409033682, "lr": 0.9928761567590365}, "datetime": {"datetime": "2024-06-13 15:58:01", "elapsed": 7.817125, "delta": 0.005814}}
{"target": -669.4295355753673, "params": {"gamma": 3.129004648022036, "lr": 0.7375077987941283}, "datetime": {"datetime": "2024-06-13 15:58:01", "elapsed": 7.821114, "delta": 0.003989}}
{"target": -1349.8127081684354, "params": {"gamma": 7.165577236537339, "lr": 0.5725575976952813}, "datetime": {"datetime": "2024-06-13 15:58:01", "elapsed": 7.826101, "delta": 0.004987}}
{"target": -749.3319722801571, "params": {"gamma": 3.6770929306387004, "lr": 0.2082656940300881}, "datetime": {"datetime": "2024-06-13 15:58:01", "elapsed": 7.833084, "delta": 0.006983}}
{"target": -3672.008651537833, "params": {"gamma": 9.800012165219913, "lr": 0.06589377000512553}, "datetime": {"datetime": "2024-06-13 15:58:01", "elapsed": 7.839066, "delta": 0.005982}}
{"target": -398.3424285164133, "params": {"gamma": 2.363041291619063, "lr": 0.3088994705101167}, "datetime": {"datetime": "2024-06-13 15:58:01", "elapsed": 7.844053, "delta": 0.004987}}
{"target": -1960.256159745439, "params": {"gamma": 9.09512403146957, "lr": 0.7133692630190983}, "datetime": {"datetime": "2024-06-13 15:58:01", "elapsed": 7.850041, "delta": 0.005988}}
{"target": -715.270600315089, "params": {"gamma": 2.654453130529889, "lr": 0.16450130293866305}, "datetime": {"datetime": "2024-06-13 15:58:01", "elapsed": 7.855024, "delta": 0.004983}}
{"target": -1898.232927767199, "params": {"gamma": 8.805093637851785, "lr": 0.7937831324318396}, "datetime": {"datetime": "2024-06-13 15:58:01", "elapsed": 7.860011, "delta": 0.004987}}
{"target": -163.39199323018954, "params": {"gamma": 0.38483593233206737, "lr": 0.8793008435965847}, "datetime": {"datetime": "2024-06-13 15:58:01", "elapsed": 7.865995, "delta": 0.005984}}
{"target": -1089.439139898194, "params": {"gamma": 5.879809512359401, "lr": 0.4575371969863721}, "datetime": {"datetime": "2024-06-13 15:58:01", "elapsed": 7.870981, "delta": 0.004986}}
{"target": -2531.8117492005713, "params": {"gamma": 6.73884491695568, "lr": 0.03944279853538757}, "datetime": {"datetime": "2024-06-13 15:58:01", "elapsed": 7.876965, "delta": 0.005984}}
{"target": -1221.6492352517141, "params": {"gamma": 3.303881713493146, "lr": 0.08804841780935202}, "datetime": {"datetime": "2024-06-13 15:58:01", "elapsed": 7.882949, "delta": 0.005984}}
{"target": -1109.6520694782052, "params": {"gamma": 6.836691010345723, "lr": 0.3980117152162973}, "datetime": {"datetime": "2024-06-13 15:58:01", "elapsed": 7.887936, "delta": 0.004987}}
{"target": -750.4414165263861, "params": {"gamma": 4.790061963647635, "lr": 0.2898033391923721}, "datetime": {"datetime": "2024-06-13 15:58:01", "elapsed": 7.89392, "delta": 0.005984}}
{"target": -2958.0136736528198, "params": {"gamma": 7.883156906603142, "lr": 0.046512682267751626}, "datetime": {"datetime": "2024-06-13 15:58:01", "elapsed": 7.898908, "delta": 0.004988}}
{"target": -542.8565595862813, "params": {"gamma": 2.811975337992219, "lr": 0.590595861758878}, "datetime": {"datetime": "2024-06-13 15:58:01", "elapsed": 7.903893, "delta": 0.004985}}
{"target": -1601.51579157861, "params": {"gamma": 7.901544890842957, "lr": 0.6015993359119542}, "datetime": {"datetime": "2024-06-13 15:58:01", "elapsed": 7.90888, "delta": 0.004987}}
{"target": -2742.7303010571613, "params": {"gamma": 7.305156197867701, "lr": 0.023527914877828127}, "datetime": {"datetime": "2024-06-13 15:58:01", "elapsed": 7.913867, "delta": 0.004987}}
{"target": -974.5068760162613, "params": {"gamma": 2.5499809694961213, "lr": 0.04209175984237279}, "datetime": {"datetime": "2024-06-13 15:58:01", "elapsed": 7.918853, "delta": 0.004986}}
{"target": -1212.413522914473, "params": {"gamma": 5.000623972289424, "lr": 0.9891402961407735}, "datetime": {"datetime": "2024-06-13 15:58:01", "elapsed": 7.924838, "delta": 0.005985}}
{"target": -148.1548780267106, "params": {"gamma": 0.1362915505440842, "lr": 0.4408790383372555}, "datetime": {"datetime": "2024-06-13 15:58:01", "elapsed": 7.929824, "delta": 0.004986}}
{"target": -149.1166443607966, "params": {"gamma": 0.0488593946407395, "lr": 0.6128886193293469}, "datetime": {"datetime": "2024-06-13 15:58:01", "elapsed": 7.934811, "delta": 0.004987}}
{"target": -415.75806724943385, "params": {"gamma": 1.8344039025545689, "lr": 0.7127417837905282}, "datetime": {"datetime": "2024-06-13 15:58:01", "elapsed": 7.939797, "delta": 0.004986}}
{"target": -387.4014555413764, "params": {"gamma": 1.5973254712175065, "lr": 0.8285756552303601}, "datetime": {"datetime": "2024-06-13 15:58:01", "elapsed": 7.943787, "delta": 0.00399}}
{"target": -359.09691187595394, "params": {"gamma": 2.0625754591785816, "lr": 0.35221627383195075}, "datetime": {"datetime": "2024-06-13 15:58:01", "elapsed": 7.948773, "delta": 0.004986}}
{"target": -538.1377480756647, "params": {"gamma": 2.3065541407607677, "lr": 0.8076844924516463}, "datetime": {"datetime": "2024-06-13 15:58:01", "elapsed": 7.954762, "delta": 0.005989}}
{"target": -1158.0772399591046, "params": {"gamma": 4.903209285941475, "lr": 0.8738335058866241}, "datetime": {"datetime": "2024-06-13 15:58:01", "elapsed": 7.960741, "delta": 0.005979}}
{"target": -275.6092156567069, "params": {"gamma": 1.3017296410083459, "lr": 0.4989581103650381}, "datetime": {"datetime": "2024-06-13 15:58:01", "elapsed": 7.965728, "delta": 0.004987}}
{"target": -1872.9118765993596, "params": {"gamma": 7.766359726186858, "lr": 0.9812101687911365}, "datetime": {"datetime": "2024-06-13 15:58:01", "elapsed": 7.970714, "delta": 0.004986}}
{"target": -1574.937580189686, "params": {"gamma": 6.734103924215217, "lr": 0.18300117978695374}, "datetime": {"datetime": "2024-06-13 15:58:01", "elapsed": 7.975701, "delta": 0.004987}}
{"target": -2851.7911648967583, "params": {"gamma": 7.597969782524479, "lr": 0.07463521512286109}, "datetime": {"datetime": "2024-06-13 15:58:01", "elapsed": 7.97969, "delta": 0.003989}}
{"target": -1724.384794932519, "params": {"gamma": 7.62796186474408, "lr": 0.8278152309219722}, "datetime": {"datetime": "2024-06-13 15:58:01", "elapsed": 7.984677, "delta": 0.004987}}
{"target": -1037.270454101705, "params": {"gamma": 5.592537951402159, "lr": 0.49272082980822784}, "datetime": {"datetime": "2024-06-13 15:58:01", "elapsed": 7.990661, "delta": 0.005984}}
{"target": -3510.0969349919783, "params": {"gamma": 9.36533769934676, "lr": 9.695068767479054e-05}, "datetime": {"datetime": "2024-06-13 15:58:01", "elapsed": 7.995648, "delta": 0.004987}}
{"target": -148.80086232976768, "params": {"gamma": 0.0966593768907281, "lr": 0.25195142314544017}, "datetime": {"datetime": "2024-06-13 15:58:01", "elapsed": 8.000635, "delta": 0.004987}}
{"target": -919.29112889612, "params": {"gamma": 5.057258956122923, "lr": 0.5404166504960898}, "datetime": {"datetime": "2024-06-13 15:58:01", "elapsed": 8.005621, "delta": 0.004986}}
{"target": -589.7200025300818, "params": {"gamma": 3.7135529478230405, "lr": 0.29271137519518675}, "datetime": {"datetime": "2024-06-13 15:58:01", "elapsed": 8.010608, "delta": 0.004987}}
{"target": -477.0687950224149, "params": {"gamma": 2.0244710973929743, "lr": 0.8002818943961242}, "datetime": {"datetime": "2024-06-13 15:58:01", "elapsed": 8.015595, "delta": 0.004987}}
{"target": -597.6198352212789, "params": {"gamma": 3.159913122914842, "lr": 0.492467985547119}, "datetime": {"datetime": "2024-06-13 15:58:01", "elapsed": 8.021578, "delta": 0.005983}}
{"target": -1644.0224808599467, "params": {"gamma": 8.11309762614833, "lr": 0.6123589424601151}, "datetime": {"datetime": "2024-06-13 15:58:01", "elapsed": 8.026881, "delta": 0.005303}}
{"target": -936.333028956497, "params": {"gamma": 4.086676353275073, "lr": 0.17690422236042747}, "datetime": {"datetime": "2024-06-13 15:58:01", "elapsed": 8.031865, "delta": 0.004984}}
{"target": -744.6254029477617, "params": {"gamma": 3.977123246381154, "lr": 0.48521265373011824}, "datetime": {"datetime": "2024-06-13 15:58:01", "elapsed": 8.03729, "delta": 0.005425}}
{"target": -1654.7423191793227, "params": {"gamma": 9.905855341048484, "lr": 0.28419507592058557}, "datetime": {"datetime": "2024-06-13 15:58:01", "elapsed": 8.042277, "delta": 0.004987}}
{"target": -357.6922599900443, "params": {"gamma": 1.6572311251158391, "lr": 0.22057551351544413}, "datetime": {"datetime": "2024-06-13 15:58:01", "elapsed": 8.047264, "delta": 0.004987}}
{"target": -814.394968507959, "params": {"gamma": 2.115461976224172, "lr": 0.07604769057476157}, "datetime": {"datetime": "2024-06-13 15:58:01", "elapsed": 8.053247, "delta": 0.005983}}
{"target": -622.6983435063082, "params": {"gamma": 3.6497120765361126, "lr": 0.28473402479064247}, "datetime": {"datetime": "2024-06-13 15:58:01", "elapsed": 8.058234, "delta": 0.004987}}
{"target": -1913.4039576175724, "params": {"gamma": 8.876000332641663, "lr": 0.780259609956419}, "datetime": {"datetime": "2024-06-13 15:58:01", "elapsed": 8.063221, "delta": 0.004987}}
{"target": -285.18552819235475, "params": {"gamma": 1.09154050351661, "lr": 0.8505034953674093}, "datetime": {"datetime": "2024-06-13 15:58:01", "elapsed": 8.068207, "delta": 0.004986}}
{"target": -267.2047703141102, "params": {"gamma": 1.0968764704846565, "lr": 0.7202077467752445}, "datetime": {"datetime": "2024-06-13 15:58:01", "elapsed": 8.073194, "delta": 0.004987}}
{"target": -2095.330425615264, "params": {"gamma": 5.728670154913063, "lr": 0.08680838426747961}, "datetime": {"datetime": "2024-06-13 15:58:01", "elapsed": 8.07818, "delta": 0.004986}}
{"target": -2122.306909233935, "params": {"gamma": 9.053375032737591, "lr": 0.8745665148853765}, "datetime": {"datetime": "2024-06-13 15:58:01", "elapsed": 8.084165, "delta": 0.005985}}
{"target": -1361.3436769733087, "params": {"gamma": 8.438673461887907, "lr": 0.3695673551173151}, "datetime": {"datetime": "2024-06-13 15:58:01", "elapsed": 8.089151, "delta": 0.004986}}
{"target": -555.2687563314399, "params": {"gamma": 2.2302911723421603, "lr": 0.9971116548587963}, "datetime": {"datetime": "2024-06-13 15:58:01", "elapsed": 8.094138, "delta": 0.004987}}
{"target": -3066.183072715229, "params": {"gamma": 8.17356631642956, "lr": 0.042128160628106315}, "datetime": {"datetime": "2024-06-13 15:58:01", "elapsed": 8.100122, "delta": 0.005984}}
{"target": -851.7347212175584, "params": {"gamma": 3.733405500770418, "lr": 0.8121869757489847}, "datetime": {"datetime": "2024-06-13 15:58:01", "elapsed": 8.105108, "delta": 0.004986}}
{"target": -951.4418822375801, "params": {"gamma": 5.284318582532073, "lr": 0.24713082560012845}, "datetime": {"datetime": "2024-06-13 15:58:01", "elapsed": 8.110096, "delta": 0.004988}}
{"target": -1335.6557252847317, "params": {"gamma": 7.9290864165444885, "lr": 0.2617510439444676}, "datetime": {"datetime": "2024-06-13 15:58:01", "elapsed": 8.117078, "delta": 0.006982}}
{"target": -151.56932131473476, "params": {"gamma": 0.00498340216746315, "lr": 0.23131891895573253}, "datetime": {"datetime": "2024-06-13 15:58:01", "elapsed": 8.122064, "delta": 0.004986}}
{"target": -1975.1218389504038, "params": {"gamma": 9.933709519335848, "lr": 0.6562008343421062}, "datetime": {"datetime": "2024-06-13 15:58:01", "elapsed": 8.128047, "delta": 0.005983}}
{"target": -474.7830543192028, "params": {"gamma": 2.20746055274965, "lr": 0.6861397019787449}, "datetime": {"datetime": "2024-06-13 15:58:01", "elapsed": 8.133035, "delta": 0.004988}}
{"target": -1370.181749354544, "params": {"gamma": 6.8696820453199665, "lr": 0.640742769936858}, "datetime": {"datetime": "2024-06-13 15:58:01", "elapsed": 8.139018, "delta": 0.005983}}
{"target": -187.1405901280352, "params": {"gamma": 0.7064146187020427, "lr": 0.2429641169892971}, "datetime": {"datetime": "2024-06-13 15:58:01", "elapsed": 8.145002, "delta": 0.005984}}
{"target": -1827.356377034251, "params": {"gamma": 8.708501091076558, "lr": 0.7347408193015217}, "datetime": {"datetime": "2024-06-13 15:58:01", "elapsed": 8.150986, "delta": 0.005984}}
{"target": -294.9585381592774, "params": {"gamma": 1.6789922438348501, "lr": 0.29858946127654595}, "datetime": {"datetime": "2024-06-13 15:58:01", "elapsed": 8.155972, "delta": 0.004986}}
{"target": -1277.6158061702743, "params": {"gamma": 5.627657565327734, "lr": 0.826445766022829}, "datetime": {"datetime": "2024-06-13 15:58:01", "elapsed": 8.160959, "delta": 0.004987}}
{"target": -730.7444318761234, "params": {"gamma": 2.0059625473387035, "lr": 0.10166529365348886}, "datetime": {"datetime": "2024-06-13 15:58:01", "elapsed": 8.165947, "delta": 0.004988}}
{"target": -930.9227246805092, "params": {"gamma": 3.8193070270168987, "lr": 0.912353469252759}, "datetime": {"datetime": "2024-06-13 15:58:01", "elapsed": 8.170933, "delta": 0.004986}}
{"target": -936.5582943689692, "params": {"gamma": 2.605874679054985, "lr": 0.10830435271308025}, "datetime": {"datetime": "2024-06-13 15:58:01", "elapsed": 8.176917, "delta": 0.005984}}
{"target": -164.36824166691642, "params": {"gamma": 0.56037370979255, "lr": 0.3516705558700568}, "datetime": {"datetime": "2024-06-13 15:58:01", "elapsed": 8.181903, "delta": 0.004986}}
{"target": -154.4646419248141, "params": {"gamma": 0.37723182573995767, "lr": 0.583033921230445}, "datetime": {"datetime": "2024-06-13 15:58:01", "elapsed": 8.18689, "delta": 0.004987}}
{"target": -1243.1922231410194, "params": {"gamma": 6.725895546392632, "lr": 0.46048358998473815}, "datetime": {"datetime": "2024-06-13 15:58:01", "elapsed": 8.191442, "delta": 0.004552}}
{"target": -1336.5206595487823, "params": {"gamma": 7.411427420391562, "lr": 0.5010249644140818}, "datetime": {"datetime": "2024-06-13 15:58:01", "elapsed": 8.196429, "delta": 0.004987}}
{"target": -1257.9772439145793, "params": {"gamma": 7.023823855740785, "lr": 0.2306409059229675}, "datetime": {"datetime": "2024-06-13 15:58:01", "elapsed": 8.202413, "delta": 0.005984}}
{"target": -1342.7207812307668, "params": {"gamma": 7.446379482205204, "lr": 0.5016372020053996}, "datetime": {"datetime": "2024-06-13 15:58:01", "elapsed": 8.208397, "delta": 0.005984}}
{"target": -1297.1728078729905, "params": {"gamma": 7.053982930260369, "lr": 0.44669779031638923}, "datetime": {"datetime": "2024-06-13 15:58:01", "elapsed": 8.212386, "delta": 0.003989}}
{"target": -1906.6522987940407, "params": {"gamma": 5.059900155144239, "lr": 0.04153518297857339}, "datetime": {"datetime": "2024-06-13 15:58:01", "elapsed": 8.21837, "delta": 0.005984}}
{"target": -1475.505734356745, "params": {"gamma": 4.893603596752043, "lr": 0.14228750219732444}, "datetime": {"datetime": "2024-06-13 15:58:01", "elapsed": 8.223357, "delta": 0.004987}}
{"target": -299.05651282443483, "params": {"gamma": 1.425815973998472, "lr": 0.43335040255954493}, "datetime": {"datetime": "2024-06-13 15:58:01", "elapsed": 8.228344, "delta": 0.004987}}
{"target": -940.8552113500585, "params": {"gamma": 5.762571683469249, "lr": 0.343048695191552}, "datetime": {"datetime": "2024-06-13 15:58:01", "elapsed": 8.233332, "delta": 0.004988}}
{"target": -361.77960215783537, "params": {"gamma": 1.6057554110518168, "lr": 0.7414104169799515}, "datetime": {"datetime": "2024-06-13 15:58:01", "elapsed": 8.239859, "delta": 0.006527}}
{"target": -2019.2077058737464, "params": {"gamma": 9.630952636256579, "lr": 0.7336422859505056}, "datetime": {"datetime": "2024-06-13 15:58:01", "elapsed": 8.244353, "delta": 0.004494}}
{"target": -223.1668343164513, "params": {"gamma": 0.7715652507427674, "lr": 0.8409081581252351}, "datetime": {"datetime": "2024-06-13 15:58:01", "elapsed": 8.250338, "delta": 0.005985}}
{"target": -186.32485565336887, "params": {"gamma": 0.6760729900832833, "lr": 0.4363120485992489}, "datetime": {"datetime": "2024-06-13 15:58:01", "elapsed": 8.255324, "delta": 0.004986}}
{"target": -1561.9199119154255, "params": {"gamma": 9.288699130413471, "lr": 0.26318010363654454}, "datetime": {"datetime": "2024-06-13 15:58:01", "elapsed": 8.26031, "delta": 0.004986}}
{"target": -306.56881590754887, "params": {"gamma": 1.2804037657560603, "lr": 0.7622387720608016}, "datetime": {"datetime": "2024-06-13 15:58:01", "elapsed": 8.265297, "delta": 0.004987}}
{"target": -1460.4386877863749, "params": {"gamma": 9.286152605869912, "lr": 0.32576842070431766}, "datetime": {"datetime": "2024-06-13 15:58:01", "elapsed": 8.270283, "delta": 0.004986}}
{"target": -558.8435233699021, "params": {"gamma": 2.3253485203555204, "lr": 0.1824854764117131}, "datetime": {"datetime": "2024-06-13 15:58:01", "elapsed": 8.27527, "delta": 0.004987}}
{"target": -1809.6790973004179, "params": {"gamma": 9.632391991118075, "lr": 0.5766346346502746}, "datetime": {"datetime": "2024-06-13 15:58:01", "elapsed": 8.280257, "delta": 0.004987}}
{"target": -1354.6213739186571, "params": {"gamma": 8.601017631330931, "lr": 0.3083449860518661}, "datetime": {"datetime": "2024-06-13 15:58:01", "elapsed": 8.285243, "delta": 0.004986}}
{"target": -172.87931154719638, "params": {"gamma": 0.5653078671540508, "lr": 0.45380418511530174}, "datetime": {"datetime": "2024-06-13 15:58:01", "elapsed": 8.29023, "delta": 0.004987}}
{"target": -397.11299148065075, "params": {"gamma": 2.0718938489778145, "lr": 0.5189836643290452}, "datetime": {"datetime": "2024-06-13 15:58:01", "elapsed": 8.295217, "delta": 0.004987}}
{"target": -838.9171994208385, "params": {"gamma": 5.3803383685417385, "lr": 0.2942882172433129}, "datetime": {"datetime": "2024-06-13 15:58:01", "elapsed": 8.300204, "delta": 0.004987}}
{"target": -1168.9168640401733, "params": {"gamma": 3.0752313679559293, "lr": 0.024173672214832798}, "datetime": {"datetime": "2024-06-13 15:58:01", "elapsed": 8.306187, "delta": 0.005983}}
{"target": -676.9972385686527, "params": {"gamma": 4.204599737289876, "lr": 0.3236894136587639}, "datetime": {"datetime": "2024-06-13 15:58:01", "elapsed": 8.311174, "delta": 0.004987}}
{"target": -1458.0665428648158, "params": {"gamma": 6.1952817624864025, "lr": 0.8597630666919952}, "datetime": {"datetime": "2024-06-13 15:58:01", "elapsed": 8.316161, "delta": 0.004987}}
{"target": -1857.1527640998247, "params": {"gamma": 4.926911767488365, "lr": 0.0827082980318894}, "datetime": {"datetime": "2024-06-13 15:58:01", "elapsed": 8.321148, "delta": 0.004987}}
{"target": -2096.466977312842, "params": {"gamma": 9.334871102884591, "lr": 0.8083269668547564}, "datetime": {"datetime": "2024-06-13 15:58:01", "elapsed": 8.325137, "delta": 0.003989}}
{"target": -593.0912179074834, "params": {"gamma": 3.6558227125345977, "lr": 0.3307289110251447}, "datetime": {"datetime": "2024-06-13 15:58:01", "elapsed": 8.330123, "delta": 0.004986}}
{"target": -1510.847337968133, "params": {"gamma": 9.379402853367585, "lr": 0.37489434056111615}, "datetime": {"datetime": "2024-06-13 15:58:01", "elapsed": 8.337105, "delta": 0.006982}}
{"target": -1536.5533421263394, "params": {"gamma": 6.358386384013082, "lr": 0.9853443380985734}, "datetime": {"datetime": "2024-06-13 15:58:01", "elapsed": 8.342092, "delta": 0.004987}}
{"target": -154.11943318903045, "params": {"gamma": 0.36836090554034395, "lr": 0.3146309781487783}, "datetime": {"datetime": "2024-06-13 15:58:01", "elapsed": 8.347078, "delta": 0.004986}}
{"target": -574.6538596767471, "params": {"gamma": 2.313125983692789, "lr": 0.9223654191512636}, "datetime": {"datetime": "2024-06-13 15:58:01", "elapsed": 8.352064, "delta": 0.004986}}
{"target": -2074.8883346809453, "params": {"gamma": 5.511816168783595, "lr": 0.05371353840991677}, "datetime": {"datetime": "2024-06-13 15:58:01", "elapsed": 8.357051, "delta": 0.004987}}
{"target": -1569.125907248848, "params": {"gamma": 7.552727246484496, "lr": 0.6840838213346168}, "datetime": {"datetime": "2024-06-13 15:58:01", "elapsed": 8.362038, "delta": 0.004987}}
{"target": -1599.5372258662326, "params": {"gamma": 6.622078860248277, "lr": 0.9557287749268826}, "datetime": {"datetime": "2024-06-13 15:58:01", "elapsed": 8.368022, "delta": 0.005984}}
{"target": -1885.619896360261, "params": {"gamma": 8.746141385554216, "lr": 0.7532514851657419}, "datetime": {"datetime": "2024-06-13 15:58:01", "elapsed": 8.373009, "delta": 0.004987}}
{"target": -683.8954232244547, "params": {"gamma": 2.2274368777620133, "lr": 0.13801496204321861}, "datetime": {"datetime": "2024-06-13 15:58:01", "elapsed": 8.377996, "delta": 0.004987}}
{"target": -462.2543876281036, "params": {"gamma": 2.2096624750777165, "lr": 0.2055098610936521}, "datetime": {"datetime": "2024-06-13 15:58:01", "elapsed": 8.382983, "delta": 0.004987}}
