{"target": -121.41295620984425, "params": {"p_ai": 4.575196798892289, "p_al": 0.5449506917293981, "p_ex": 2.8915708616785403, "prior": 6.780062412777943, "rate": 0.4872420194260412}, "datetime": {"datetime": "2024-06-13 01:41:00", "elapsed": 171.145328, "delta": 0.105377}}
{"target": -161.74338997073022, "params": {"p_ai": 4.580263368659907, "p_al": 5.7280078225612625, "p_ex": 1.9934675865697684, "prior": 1.8624992522897637, "rate": 1.0277738220705694}, "datetime": {"datetime": "2024-06-13 01:41:00", "elapsed": 171.25404, "delta": 0.108712}}
{"target": -125.9850356078609, "params": {"p_ai": 0.6889337842575394, "p_al": 1.690679991165036, "p_ex": 0.6091045481301652, "prior": 5.517234505887774, "rate": 8.07924628628006}, "datetime": {"datetime": "2024-06-13 01:41:00", "elapsed": 171.36738, "delta": 0.11334}}
{"target": -123.30085126846593, "params": {"p_ai": 8.04361162047646, "p_al": 6.312186105526708, "p_ex": 5.417917742704281, "prior": 4.671885069314529, "rate": 9.601410810266273}, "datetime": {"datetime": "2024-06-13 01:41:00", "elapsed": 171.472159, "delta": 0.104779}}
{"target": -83.10053656757367, "params": {"p_ai": 2.899666465766964, "p_al": 3.6649742833844705, "p_ex": 5.753838978747263, "prior": 5.126292271375944, "rate": 6.742698777688343}, "datetime": {"datetime": "2024-06-13 01:41:00", "elapsed": 171.577101, "delta": 0.104942}}
{"target": -119.92019877617419, "params": {"p_ai": 7.746950246599201, "p_al": 1.8252204250854207, "p_ex": 6.289342599217495, "prior": 6.940552564785615, "rate": 2.723807908290237}, "datetime": {"datetime": "2024-06-13 01:41:00", "elapsed": 171.68182, "delta": 0.104719}}
{"target": -130.93205531917695, "params": {"p_ai": 9.280851876533486, "p_al": 3.453158292491887, "p_ex": 6.3811672470486185, "prior": 9.258038482267157, "rate": 9.806327002899451}, "datetime": {"datetime": "2024-06-13 01:41:00", "elapsed": 171.785851, "delta": 0.104031}}
{"target": -127.82785392097969, "params": {"p_ai": 2.488033276356721, "p_al": 9.419583104728655, "p_ex": 9.090876254878841, "prior": 2.510513216728998, "rate": 1.0114238665846065}, "datetime": {"datetime": "2024-06-13 01:41:00", "elapsed": 171.891568, "delta": 0.105717}}
{"target": -100.25828882406994, "params": {"p_ai": 3.6242096308085094, "p_al": 9.236352129889687, "p_ex": 8.452847344989038, "prior": 2.5819418071612645, "rate": 2.7569133446474443}, "datetime": {"datetime": "2024-06-13 01:41:00", "elapsed": 171.997248, "delta": 0.10568}}
{"target": -105.97434957085117, "params": {"p_ai": 2.983478933893634, "p_al": 0.815092332631713, "p_ex": 1.6841738316116204, "prior": 6.144757668943531, "rate": 4.924474139119181}, "datetime": {"datetime": "2024-06-13 01:41:00", "elapsed": 172.102966, "delta": 0.105718}}
{"target": -90.79990004359827, "params": {"p_ai": 4.119648233556923, "p_al": 5.157526210873938, "p_ex": 8.873752637817338, "prior": 9.551032719281542, "rate": 2.557511976036215}, "datetime": {"datetime": "2024-06-13 01:41:01", "elapsed": 172.208683, "delta": 0.105717}}
{"target": -113.2552921089139, "params": {"p_ai": 2.3374184214694047, "p_al": 0.7024695973517413, "p_ex": 2.597737426928631, "prior": 1.742954822679143, "rate": 0.27659701209470605}, "datetime": {"datetime": "2024-06-13 01:41:01", "elapsed": 172.313403, "delta": 0.10472}}
{"target": -100.71248736704345, "params": {"p_ai": 1.7455169686425378, "p_al": 7.804777260302928, "p_ex": 9.202721815908367, "prior": 7.216154921249683, "rate": 2.9848905772616017}, "datetime": {"datetime": "2024-06-13 01:41:01", "elapsed": 172.418152, "delta": 0.104749}}
{"target": -116.60488272235237, "params": {"p_ai": 6.314933171275992, "p_al": 7.70207834202647, "p_ex": 4.425585001974533, "prior": 6.194837427032435, "rate": 5.737911250071134}, "datetime": {"datetime": "2024-06-13 01:41:01", "elapsed": 172.522922, "delta": 0.10477}}
{"target": -156.12411276233743, "params": {"p_ai": 9.027517363622623, "p_al": 7.524156469967862, "p_ex": 2.650279263669324, "prior": 2.294425031913794, "rate": 6.936331072476213}, "datetime": {"datetime": "2024-06-13 01:41:01", "elapsed": 172.62821, "delta": 0.105288}}
{"target": -110.02852771093782, "params": {"p_ai": 2.330890584603332, "p_al": 6.219640169611046, "p_ex": 2.550112078805856, "prior": 9.204272349259435, "rate": 3.026260557106861}, "datetime": {"datetime": "2024-06-13 01:41:01", "elapsed": 172.732492, "delta": 0.104282}}
{"target": -126.31921711024485, "params": {"p_ai": 8.485581047039222, "p_al": 2.2978576554546923, "p_ex": 5.721402282386218, "prior": 1.8898334598694706, "rate": 4.200660187762735}, "datetime": {"datetime": "2024-06-13 01:41:01", "elapsed": 172.837211, "delta": 0.104719}}
{"target": -114.34370393278864, "params": {"p_ai": 3.76302106016871, "p_al": 0.3913307159931245, "p_ex": 1.2803727816045252, "prior": 7.537854970575956, "rate": 4.126702850670521}, "datetime": {"datetime": "2024-06-13 01:41:01", "elapsed": 172.941931, "delta": 0.10472}}
{"target": -130.25018113131082, "params": {"p_ai": 8.041060104654699, "p_al": 6.699318907664212, "p_ex": 3.82882692285017, "prior": 4.948823437152265, "rate": 9.505603950205815}, "datetime": {"datetime": "2024-06-13 01:41:01", "elapsed": 173.04806, "delta": 0.106129}}
{"target": -133.45711785120312, "params": {"p_ai": 9.479515679525079, "p_al": 4.850347023938101, "p_ex": 7.124627387193672, "prior": 7.498550901462174, "rate": 5.106472249549986}, "datetime": {"datetime": "2024-06-13 01:41:02", "elapsed": 173.154158, "delta": 0.106098}}
{"target": -131.88207990069895, "params": {"p_ai": 4.470678189805164, "p_al": 7.690445038313525, "p_ex": 4.15685591920379, "prior": 5.0013860821199065, "rate": 0.8757079215781739}, "datetime": {"datetime": "2024-06-13 01:41:02", "elapsed": 173.259074, "delta": 0.104916}}
{"target": -141.99116387016377, "params": {"p_ai": 9.043453626436962, "p_al": 4.547823239458292, "p_ex": 5.990952779586459, "prior": 0.7064880265711557, "rate": 5.294873696381461}, "datetime": {"datetime": "2024-06-13 01:41:02", "elapsed": 173.364177, "delta": 0.105103}}
{"target": -98.41430186826406, "params": {"p_ai": 2.213899082241034, "p_al": 3.8525113167868463, "p_ex": 5.600417352620946, "prior": 8.150516120112895, "rate": 2.629157343536145}, "datetime": {"datetime": "2024-06-13 01:41:02", "elapsed": 173.46854, "delta": 0.104363}}
{"target": -142.49877822430432, "params": {"p_ai": 7.278426163069587, "p_al": 4.920939100401539, "p_ex": 3.043144370570753, "prior": 2.9047883728407697, "rate": 2.411781076608564}, "datetime": {"datetime": "2024-06-13 01:41:02", "elapsed": 173.573604, "delta": 0.105064}}
{"target": -91.47943707054155, "params": {"p_ai": 0.732560642072465, "p_al": 5.811609090857796, "p_ex": 6.249768022395998, "prior": 2.3531837448581268, "rate": 5.64338133383105}, "datetime": {"datetime": "2024-06-13 01:41:02", "elapsed": 173.678167, "delta": 0.104563}}
{"target": -140.41627354218178, "params": {"p_ai": 8.72610673200219, "p_al": 8.076776527375475, "p_ex": 4.074080880677032, "prior": 4.962748728988028, "rate": 7.06418290631513}, "datetime": {"datetime": "2024-06-13 01:41:02", "elapsed": 173.782918, "delta": 0.104751}}
{"target": -106.42331724961096, "params": {"p_ai": 5.7796367210911095, "p_al": 7.547135996385271, "p_ex": 9.501634005191843, "prior": 1.7710569653228112, "rate": 7.892795765490131}, "datetime": {"datetime": "2024-06-13 01:41:02", "elapsed": 173.88811, "delta": 0.105192}}
{"target": -104.22747358182048, "params": {"p_ai": 3.350327787614538, "p_al": 5.638272068632206, "p_ex": 2.069692619300037, "prior": 7.409975365768698, "rate": 9.800048385721796}, "datetime": {"datetime": "2024-06-13 01:41:02", "elapsed": 173.99252, "delta": 0.10441}}
{"target": -127.68280710862638, "params": {"p_ai": 8.333474362025548, "p_al": 6.205488852808189, "p_ex": 4.9215798293724795, "prior": 5.236239896835978, "rate": 9.315406168367097}, "datetime": {"datetime": "2024-06-13 01:41:02", "elapsed": 174.096852, "delta": 0.104332}}
{"target": -105.994139516706, "params": {"p_ai": 1.584313104928292, "p_al": 5.905500350197389, "p_ex": 6.380421522824684, "prior": 9.07933360455422, "rate": 2.6947089311919763}, "datetime": {"datetime": "2024-06-13 01:41:03", "elapsed": 174.201843, "delta": 0.104991}}
{"target": -130.8631166610811, "params": {"p_ai": 7.107790759861978, "p_al": 3.5039040153633705, "p_ex": 3.6444929289724874, "prior": 0.8149712240346794, "rate": 3.2837150966339146}, "datetime": {"datetime": "2024-06-13 01:41:03", "elapsed": 174.306564, "delta": 0.104721}}
{"target": -86.02557350786117, "params": {"p_ai": 3.2449742753201236, "p_al": 0.29677720020456433, "p_ex": 5.496123591759751, "prior": 7.067732881504137, "rate": 4.985509690185362}, "datetime": {"datetime": "2024-06-13 01:41:03", "elapsed": 174.411743, "delta": 0.105179}}
{"target": -94.48587446851035, "params": {"p_ai": 5.273517292877108, "p_al": 1.0590396472394281, "p_ex": 6.847758027787718, "prior": 4.711955831419998, "rate": 2.293467234035674}, "datetime": {"datetime": "2024-06-13 01:41:03", "elapsed": 174.516028, "delta": 0.104285}}
{"target": -140.92052016189933, "params": {"p_ai": 8.557359380941355, "p_al": 5.652361417021194, "p_ex": 9.99162624589046, "prior": 0.7718933581025254, "rate": 5.150501931009348}, "datetime": {"datetime": "2024-06-13 01:41:03", "elapsed": 174.621568, "delta": 0.10554}}
{"target": -371.06952336862787, "params": {"p_ai": 3.0402516850303876, "p_al": 8.61623710656735, "p_ex": 1.6185883408724118, "prior": 0.014841431595337792, "rate": 4.43042510468964}, "datetime": {"datetime": "2024-06-13 01:41:03", "elapsed": 174.726288, "delta": 0.10472}}
{"target": -136.41848026094792, "params": {"p_ai": 6.771891528676204, "p_al": 9.679112055957647, "p_ex": 6.201497666645441, "prior": 1.9043523479075273, "rate": 3.622359827606554}, "datetime": {"datetime": "2024-06-13 01:41:03", "elapsed": 174.832005, "delta": 0.105717}}
{"target": -171.97132878911248, "params": {"p_ai": 7.800787350813593, "p_al": 3.298106482244817, "p_ex": 1.643256724240895, "prior": 2.851417962251561, "rate": 0.40436442485331264}, "datetime": {"datetime": "2024-06-13 01:41:03", "elapsed": 174.9369, "delta": 0.104895}}
{"target": -111.87236073068546, "params": {"p_ai": 7.551430827944837, "p_al": 2.8535841669468316, "p_ex": 7.645198600284396, "prior": 8.425860356452237, "rate": 4.550724361859158}, "datetime": {"datetime": "2024-06-13 01:41:03", "elapsed": 175.041619, "delta": 0.104719}}
{"target": -120.46380095743032, "params": {"p_ai": 8.584031121670003, "p_al": 9.914315302337107, "p_ex": 9.417574054951071, "prior": 9.79275829645966, "rate": 9.506596416847177}, "datetime": {"datetime": "2024-06-13 01:41:04", "elapsed": 175.180426, "delta": 0.138807}}
{"target": -165.253418756374, "params": {"p_ai": 9.638902522726527, "p_al": 6.979656260534678, "p_ex": 1.5626819619917718, "prior": 6.467942975152434, "rate": 9.90726897754078}, "datetime": {"datetime": "2024-06-13 01:41:04", "elapsed": 175.286143, "delta": 0.105717}}
{"target": -116.62131611448363, "params": {"p_ai": 2.443655121467737, "p_al": 6.817954210641722, "p_ex": 1.2934890603136207, "prior": 9.981837986321688, "rate": 4.199157374196024}, "datetime": {"datetime": "2024-06-13 01:41:04", "elapsed": 175.392857, "delta": 0.106714}}
{"target": -80.3770104450822, "params": {"p_ai": 3.507450949066828, "p_al": 2.0667003756867732, "p_ex": 8.501725846732565, "prior": 6.124428678521591, "rate": 5.753785011925935}, "datetime": {"datetime": "2024-06-13 01:41:04", "elapsed": 175.507153, "delta": 0.114296}}
{"target": -115.22376266744078, "params": {"p_ai": 2.4812280107112086, "p_al": 1.335940382246636, "p_ex": 0.6506004700631061, "prior": 6.072919898685649, "rate": 7.296207122272258}, "datetime": {"datetime": "2024-06-13 01:41:04", "elapsed": 175.615533, "delta": 0.10838}}
{"target": -121.59947649421255, "params": {"p_ai": 4.249572307409615, "p_al": 0.990897645515006, "p_ex": 0.8936663047663312, "prior": 5.295666254267205, "rate": 3.360372051868152}, "datetime": {"datetime": "2024-06-13 01:41:04", "elapsed": 175.722222, "delta": 0.106689}}
{"target": -188.16651399533183, "params": {"p_ai": 6.614304942311136, "p_al": 9.539010728106696, "p_ex": 0.49084386976243943, "prior": 1.2133762959420262, "rate": 6.0827088619345275}, "datetime": {"datetime": "2024-06-13 01:41:04", "elapsed": 175.827933, "delta": 0.105711}}
{"target": -98.66786239817493, "params": {"p_ai": 2.9626503968377715, "p_al": 7.187706273352412, "p_ex": 4.848659104496383, "prior": 9.541663720087032, "rate": 3.588414503228683}, "datetime": {"datetime": "2024-06-13 01:41:04", "elapsed": 175.935184, "delta": 0.107251}}
{"target": -115.04212388944339, "params": {"p_ai": 7.251502004729873, "p_al": 5.930065160011045, "p_ex": 7.01756870007301, "prior": 2.8615783514537116, "rate": 5.504094375399402}, "datetime": {"datetime": "2024-06-13 01:41:04", "elapsed": 176.04075, "delta": 0.105566}}
{"target": -139.82003511578964, "params": {"p_ai": 0.07306053496914365, "p_al": 9.508937330591468, "p_ex": 4.382916290356903, "prior": 3.5620945623483387, "rate": 1.0202895014145021}, "datetime": {"datetime": "2024-06-13 01:41:05", "elapsed": 176.146531, "delta": 0.105781}}
{"target": -110.76154546701521, "params": {"p_ai": 2.374565025823152, "p_al": 2.97156779622816, "p_ex": 4.786153318299789, "prior": 4.15075140466473, "rate": 0.5627854356062384}, "datetime": {"datetime": "2024-06-13 01:41:05", "elapsed": 176.252251, "delta": 0.10572}}
{"target": -115.54835837708296, "params": {"p_ai": 5.889777746955821, "p_al": 0.6709807895322334, "p_ex": 2.7890247717388683, "prior": 9.313561001154257, "rate": 7.01683446365458}, "datetime": {"datetime": "2024-06-13 01:41:05", "elapsed": 176.357477, "delta": 0.105226}}
{"target": -108.79527204553938, "params": {"p_ai": 6.837257739598291, "p_al": 3.5629262163169773, "p_ex": 5.959775210784463, "prior": 8.207283515582828, "rate": 7.790346437199047}, "datetime": {"datetime": "2024-06-13 01:41:05", "elapsed": 176.461705, "delta": 0.104228}}
{"target": -117.71249878529261, "params": {"p_ai": 7.509403072762147, "p_al": 5.315861369525106, "p_ex": 7.452162922469339, "prior": 2.1779757943706612, "rate": 5.186003901738992}, "datetime": {"datetime": "2024-06-13 01:41:05", "elapsed": 176.566554, "delta": 0.104849}}
{"target": -142.71229710262952, "params": {"p_ai": 8.126653970812322, "p_al": 2.7701277738552506, "p_ex": 5.037251829445728, "prior": 6.524227454930324, "rate": 0.8133145274169739}, "datetime": {"datetime": "2024-06-13 01:41:05", "elapsed": 176.671275, "delta": 0.104721}}
{"target": -90.37242214419454, "params": {"p_ai": 1.456108432480609, "p_al": 5.93521207325329, "p_ex": 4.139846895534521, "prior": 1.3123211937372736, "rate": 8.087910396377715}, "datetime": {"datetime": "2024-06-13 01:41:05", "elapsed": 176.777067, "delta": 0.105792}}
{"target": -166.70705377964754, "params": {"p_ai": 7.15666445775387, "p_al": 9.75832709127169, "p_ex": 0.4012972541700555, "prior": 8.031116500864554, "rate": 4.91604439710838}, "datetime": {"datetime": "2024-06-13 01:41:05", "elapsed": 176.881787, "delta": 0.10472}}
{"target": -141.1305933455777, "params": {"p_ai": 1.9485743980245502, "p_al": 1.422191058887923, "p_ex": 1.9901255379738303, "prior": 0.07454570097024037, "rate": 1.2111008288412504}, "datetime": {"datetime": "2024-06-13 01:41:05", "elapsed": 176.992492, "delta": 0.110705}}
{"target": -115.43722819348454, "params": {"p_ai": 6.905693207416068, "p_al": 2.922677914767441, "p_ex": 4.926195476514194, "prior": 8.809573305064752, "rate": 5.238445618617438}, "datetime": {"datetime": "2024-06-13 01:41:05", "elapsed": 177.097212, "delta": 0.10472}}
{"target": -128.6214588699651, "params": {"p_ai": 7.060434216606494, "p_al": 1.511380624593779, "p_ex": 4.364968221973802, "prior": 8.908740760094714, "rate": 1.5985363315057326}, "datetime": {"datetime": "2024-06-13 01:41:06", "elapsed": 177.207916, "delta": 0.110704}}
{"target": -134.58962748268442, "params": {"p_ai": 1.187441672946208, "p_al": 8.222248780764598, "p_ex": 0.5816733273737174, "prior": 2.3232283243682574, "rate": 5.94996418804808}, "datetime": {"datetime": "2024-06-13 01:41:06", "elapsed": 177.312636, "delta": 0.10472}}
{"target": -121.8366671361256, "params": {"p_ai": 7.11487552917943, "p_al": 4.330121853970135, "p_ex": 4.799727628904235, "prior": 0.8702040620727345, "rate": 6.100764652984943}, "datetime": {"datetime": "2024-06-13 01:41:06", "elapsed": 177.417861, "delta": 0.105225}}
{"target": -106.66943110762607, "params": {"p_ai": 2.8039217164251187, "p_al": 9.18924267029231, "p_ex": 2.3829429513440425, "prior": 7.50679086373387, "rate": 7.05174475032335}, "datetime": {"datetime": "2024-06-13 01:41:06", "elapsed": 177.52315, "delta": 0.105289}}
{"target": -110.72762522171179, "params": {"p_ai": 1.2286968177957374, "p_al": 2.088065445573939, "p_ex": 1.9725104926464483, "prior": 7.843519728229327, "rate": 5.511961217946381}, "datetime": {"datetime": "2024-06-13 01:41:06", "elapsed": 177.627942, "delta": 0.104792}}
{"target": -118.83716131503355, "params": {"p_ai": 5.080344277870362, "p_al": 7.426018877944845, "p_ex": 8.775002091926067, "prior": 0.7013862280913841, "rate": 3.763847028518945}, "datetime": {"datetime": "2024-06-13 01:41:06", "elapsed": 177.732707, "delta": 0.104765}}
{"target": -113.01504164032349, "params": {"p_ai": 3.4184030124581692, "p_al": 8.44295527667838, "p_ex": 7.688749752982329, "prior": 5.32544129586932, "rate": 0.8963898348332164}, "datetime": {"datetime": "2024-06-13 01:41:06", "elapsed": 177.837976, "delta": 0.105269}}
{"target": -186.50050877637293, "params": {"p_ai": 9.251155196837031, "p_al": 5.579875490126793, "p_ex": 0.24006991860018745, "prior": 6.460984603796024, "rate": 2.7378187048138867}, "datetime": {"datetime": "2024-06-13 01:41:06", "elapsed": 177.942722, "delta": 0.104746}}
{"target": -139.25894055515664, "params": {"p_ai": 4.537311016985545, "p_al": 8.95627473016752, "p_ex": 2.0412265350303183, "prior": 1.1372698316505385, "rate": 6.182071171578938}, "datetime": {"datetime": "2024-06-13 01:41:06", "elapsed": 178.048891, "delta": 0.106169}}
{"target": -131.42440772468353, "params": {"p_ai": 6.755198655813324, "p_al": 9.888521515950188, "p_ex": 3.2163676406564847, "prior": 9.072346315423873, "rate": 5.905120394910402}, "datetime": {"datetime": "2024-06-13 01:41:07", "elapsed": 178.153503, "delta": 0.104612}}
{"target": -102.07902897535287, "params": {"p_ai": 0.769290087186245, "p_al": 9.305950805476073, "p_ex": 5.425094109659468, "prior": 4.73913782493237, "rate": 5.445216283022927}, "datetime": {"datetime": "2024-06-13 01:41:07", "elapsed": 178.25886, "delta": 0.105357}}
{"target": -103.7097898238545, "params": {"p_ai": 5.273861776892938, "p_al": 6.615123901650437, "p_ex": 6.444840203055383, "prior": 1.730158065941843, "rate": 5.075866711739027}, "datetime": {"datetime": "2024-06-13 01:41:07", "elapsed": 178.363458, "delta": 0.104598}}
{"target": -115.28682915790893, "params": {"p_ai": 1.7826928265391595, "p_al": 4.6571761029266625, "p_ex": 0.9569547039738163, "prior": 9.089426385606528, "rate": 8.43030871872956}, "datetime": {"datetime": "2024-06-13 01:41:07", "elapsed": 178.467539, "delta": 0.104081}}
{"target": -84.4004308512167, "params": {"p_ai": 2.0474012618232695, "p_al": 2.2208593604798703, "p_ex": 5.6485213602705695, "prior": 0.4137194483334112, "rate": 9.79161533551747}, "datetime": {"datetime": "2024-06-13 01:41:07", "elapsed": 178.572099, "delta": 0.10456}}
{"target": -80.85632640094026, "params": {"p_ai": 3.444782316476931, "p_al": 2.963140369217386, "p_ex": 9.279514132962925, "prior": 2.445334822313911, "rate": 4.052450579783661}, "datetime": {"datetime": "2024-06-13 01:41:07", "elapsed": 178.677786, "delta": 0.105687}}
{"target": -81.00743745203997, "params": {"p_ai": 1.8388276880810064, "p_al": 0.8610830815796905, "p_ex": 9.132634516942428, "prior": 2.773826333934965, "rate": 7.783255361089439}, "datetime": {"datetime": "2024-06-13 01:41:07", "elapsed": 178.782506, "delta": 0.10472}}
{"target": -122.96111850847188, "params": {"p_ai": 1.6223885625292012, "p_al": 6.65798432103171, "p_ex": 2.744335622875774, "prior": 7.252818469952089, "rate": 0.5732855079268295}, "datetime": {"datetime": "2024-06-13 01:41:07", "elapsed": 178.888223, "delta": 0.105717}}
{"target": -104.76890215030572, "params": {"p_ai": 6.621526831612565, "p_al": 0.5619114103131689, "p_ex": 6.57555480826815, "prior": 3.497759683500485, "rate": 7.358410473675813}, "datetime": {"datetime": "2024-06-13 01:41:07", "elapsed": 178.992946, "delta": 0.104723}}
{"target": -118.19792541700434, "params": {"p_ai": 4.179667187970029, "p_al": 5.554809905644186, "p_ex": 1.8973938876873702, "prior": 2.7774679893079055, "rate": 4.8614271035865135}, "datetime": {"datetime": "2024-06-13 01:41:07", "elapsed": 179.098665, "delta": 0.105719}}
{"target": -139.30093675405968, "params": {"p_ai": 0.46625787078469727, "p_al": 8.48948381830922, "p_ex": 4.386706570290287, "prior": 1.9038019279142966, "rate": 1.4968111357691487}, "datetime": {"datetime": "2024-06-13 01:41:08", "elapsed": 179.202995, "delta": 0.10433}}
{"target": -93.08697454070966, "params": {"p_ai": 1.2632491786548354, "p_al": 4.822626323487715, "p_ex": 9.944199449798363, "prior": 8.35665184457866, "rate": 8.799448619984492}, "datetime": {"datetime": "2024-06-13 01:41:08", "elapsed": 179.308712, "delta": 0.105717}}
{"target": -106.92273091928325, "params": {"p_ai": 5.133112070016159, "p_al": 0.13203797085632746, "p_ex": 7.892638896050124, "prior": 9.144546347577828, "rate": 0.6325587699788756}, "datetime": {"datetime": "2024-06-13 01:41:08", "elapsed": 179.413432, "delta": 0.10472}}
{"target": -91.68845671388905, "params": {"p_ai": 1.750742067950122, "p_al": 5.096044339245468, "p_ex": 4.309334910195113, "prior": 9.588804383348712, "rate": 9.846121364963434}, "datetime": {"datetime": "2024-06-13 01:41:08", "elapsed": 179.518212, "delta": 0.10478}}
{"target": -88.43574997902084, "params": {"p_ai": 1.5441559215266563, "p_al": 3.5316943927462785, "p_ex": 5.768989117248869, "prior": 4.222840835558754, "rate": 5.079485354107}, "datetime": {"datetime": "2024-06-13 01:41:08", "elapsed": 179.622508, "delta": 0.104296}}
