{"target": -146.0718335000774, "params": {"gamma": 0.518425063389165, "prior": 8.023345278411995, "rate": 1.8127106900062346}, "datetime": {"datetime": "2024-06-14 04:54:21", "elapsed": 17.231581, "delta": 0.009973}}
{"target": -226.5852046613451, "params": {"gamma": 6.687743802830694, "prior": 8.370179976185053, "rate": 9.648000771149587}, "datetime": {"datetime": "2024-06-14 04:54:21", "elapsed": 17.241555, "delta": 0.009974}}
{"target": -109.14127167462198, "params": {"gamma": 1.2693322409733296, "prior": 5.2807820848604825, "rate": 8.506259835578277}, "datetime": {"datetime": "2024-06-14 04:54:21", "elapsed": 17.251528, "delta": 0.009973}}
{"target": -201.74633335989134, "params": {"gamma": 5.376554931110454, "prior": 7.327460113254701, "rate": 7.854811002586698}, "datetime": {"datetime": "2024-06-14 04:54:21", "elapsed": 17.263498, "delta": 0.01197}}
{"target": -247.24458888696574, "params": {"gamma": 8.36611885215124, "prior": 6.698671028783691, "rate": 8.977494158102747}, "datetime": {"datetime": "2024-06-14 04:54:21", "elapsed": 17.27347, "delta": 0.009972}}
{"target": -305.84757056376696, "params": {"gamma": 6.4782645488662265, "prior": 9.451910164511617, "rate": 6.293354520653859}, "datetime": {"datetime": "2024-06-14 04:54:21", "elapsed": 17.284441, "delta": 0.010971}}
{"target": -436.1140221335707, "params": {"gamma": 8.724413810278625, "prior": 5.996988068238829, "rate": 3.4441454939220204}, "datetime": {"datetime": "2024-06-14 04:54:21", "elapsed": 17.295411, "delta": 0.01097}}
{"target": -533.9590270014861, "params": {"gamma": 8.134761405617539, "prior": 4.380572177078845, "rate": 1.26633005871915}, "datetime": {"datetime": "2024-06-14 04:54:21", "elapsed": 17.305384, "delta": 0.009973}}
{"target": -446.3793535306599, "params": {"gamma": 9.685718757922707, "prior": 8.540378886592336, "rate": 5.613032976457021}, "datetime": {"datetime": "2024-06-14 04:54:21", "elapsed": 17.31516, "delta": 0.009776}}
{"target": -502.94267968538827, "params": {"gamma": 6.70645236332923, "prior": 9.97746979690073, "rate": 1.6139258941379875}, "datetime": {"datetime": "2024-06-14 04:54:21", "elapsed": 17.325133, "delta": 0.009973}}
{"target": -179.79939270859225, "params": {"gamma": 5.345865061083275, "prior": 3.9706892074339746, "rate": 5.411934552410746}, "datetime": {"datetime": "2024-06-14 04:54:21", "elapsed": 17.335106, "delta": 0.009973}}
{"target": -117.52731650312863, "params": {"gamma": 1.0346751548979976, "prior": 4.463348355283198, "rate": 4.615179910338178}, "datetime": {"datetime": "2024-06-14 04:54:21", "elapsed": 17.346077, "delta": 0.010971}}
{"target": -241.92805035227755, "params": {"gamma": 5.959320550265768, "prior": 6.657514292740112, "rate": 5.9019035859365445}, "datetime": {"datetime": "2024-06-14 04:54:21", "elapsed": 17.35605, "delta": 0.009973}}
{"target": -314.9211422155444, "params": {"gamma": 7.294098218201382, "prior": 5.850935976242481, "rate": 4.431587983023527}, "datetime": {"datetime": "2024-06-14 04:54:21", "elapsed": 17.366024, "delta": 0.009974}}
{"target": -282.8317710520149, "params": {"gamma": 4.968387656954369, "prior": 4.3578792885960675, "rate": 2.1015284571954447}, "datetime": {"datetime": "2024-06-14 04:54:21", "elapsed": 17.376996, "delta": 0.010972}}
{"target": -134.9847195125737, "params": {"gamma": 2.268784360438243, "prior": 4.628147893294655, "rate": 4.336093573615487}, "datetime": {"datetime": "2024-06-14 04:54:21", "elapsed": 17.386489, "delta": 0.009493}}
{"target": -220.81433896090167, "params": {"gamma": 7.793058306926475, "prior": 4.266497925247028, "rate": 6.734009957010978}, "datetime": {"datetime": "2024-06-14 04:54:21", "elapsed": 17.39746, "delta": 0.010971}}
{"target": -128.26048570196141, "params": {"gamma": 1.6612208005950855, "prior": 8.258183945490565, "rate": 6.8543823546258436}, "datetime": {"datetime": "2024-06-14 04:54:21", "elapsed": 17.407433, "delta": 0.009973}}
{"target": -217.87065326723547, "params": {"gamma": 7.890734933535461, "prior": 3.6588964274812152, "rate": 6.62582745539401}, "datetime": {"datetime": "2024-06-14 04:54:21", "elapsed": 17.417406, "delta": 0.009973}}
{"target": -128.43013001185813, "params": {"gamma": 2.1716875482551337, "prior": 2.287957296922715, "rate": 2.4253252674042707}, "datetime": {"datetime": "2024-06-14 04:54:21", "elapsed": 17.42738, "delta": 0.009974}}
{"target": -118.34254644654871, "params": {"gamma": 2.646618581923333, "prior": 4.143278360424636, "rate": 8.287125786730796}, "datetime": {"datetime": "2024-06-14 04:54:22", "elapsed": 17.438351, "delta": 0.010971}}
{"target": -667.3851419631203, "params": {"gamma": 9.474248122372826, "prior": 6.361334167652156, "rate": 1.348256625665745}, "datetime": {"datetime": "2024-06-14 04:54:22", "elapsed": 17.449321, "delta": 0.01097}}
{"target": -276.7824193359306, "params": {"gamma": 4.200514533381073, "prior": 9.36823535020746, "rate": 3.206122209008569}, "datetime": {"datetime": "2024-06-14 04:54:22", "elapsed": 17.466276, "delta": 0.016955}}
{"target": -340.967775209703, "params": {"gamma": 6.1931905794918185, "prior": 9.357823108034191, "rate": 4.607362678122438}, "datetime": {"datetime": "2024-06-14 04:54:22", "elapsed": 17.476249, "delta": 0.009973}}
{"target": -197.99199483308328, "params": {"gamma": 5.004490142114326, "prior": 9.19506772656131, "rate": 9.298305886525743}, "datetime": {"datetime": "2024-06-14 04:54:22", "elapsed": 17.48722, "delta": 0.010971}}
{"target": -274.3897948643282, "params": {"gamma": 9.04496424702233, "prior": 5.184981853710656, "rate": 6.398472694701441}, "datetime": {"datetime": "2024-06-14 04:54:22", "elapsed": 17.497193, "delta": 0.009973}}
{"target": -188.21654023356274, "params": {"gamma": 5.890472752605639, "prior": 1.6690987172854312, "rate": 6.234866594810311}, "datetime": {"datetime": "2024-06-14 04:54:22", "elapsed": 17.507167, "delta": 0.009974}}
{"target": -132.37661351823058, "params": {"gamma": 3.1921240844594263, "prior": 1.3942814559414822, "rate": 2.1508150426858728}, "datetime": {"datetime": "2024-06-14 04:54:22", "elapsed": 17.51714, "delta": 0.009973}}
{"target": -148.86858311781927, "params": {"gamma": 3.1372893115280216, "prior": 9.519372827689537, "rate": 9.907680849822357}, "datetime": {"datetime": "2024-06-14 04:54:22", "elapsed": 17.527143, "delta": 0.010003}}
{"target": -304.8740150337684, "params": {"gamma": 8.668996751551681, "prior": 4.672423692173761, "rate": 4.656706908529602}, "datetime": {"datetime": "2024-06-14 04:54:22", "elapsed": 17.537086, "delta": 0.009943}}
{"target": -286.2024318052605, "params": {"gamma": 7.647520341309665, "prior": 1.074239963450954, "rate": 9.940379659168363}, "datetime": {"datetime": "2024-06-14 04:54:22", "elapsed": 17.548057, "delta": 0.010971}}
{"target": -204.63761828020392, "params": {"gamma": 6.9224566172976845, "prior": 3.0629283412837927, "rate": 9.088573077112654}, "datetime": {"datetime": "2024-06-14 04:54:22", "elapsed": 17.558059, "delta": 0.010002}}
{"target": -198.4553114018085, "params": {"gamma": 5.526235888770702, "prior": 0.9433807768511864, "rate": 1.0833491863453326}, "datetime": {"datetime": "2024-06-14 04:54:22", "elapsed": 17.568004, "delta": 0.009945}}
{"target": -145.97343896095308, "params": {"gamma": 0.3176168877888321, "prior": 2.240327888608129, "rate": 0.51508803577319}, "datetime": {"datetime": "2024-06-14 04:54:22", "elapsed": 17.577977, "delta": 0.009973}}
{"target": -177.90698090568253, "params": {"gamma": 5.103214380152735, "prior": 0.9211098493361365, "rate": 4.431779707933526}, "datetime": {"datetime": "2024-06-14 04:54:22", "elapsed": 17.587951, "delta": 0.009974}}
{"target": -145.19009585606005, "params": {"gamma": 2.362771206680796, "prior": 5.6412349065280925, "rate": 4.390238946627599}, "datetime": {"datetime": "2024-06-14 04:54:22", "elapsed": 17.598921, "delta": 0.01097}}
{"target": -384.3834511472833, "params": {"gamma": 8.375567087137503, "prior": 3.4317930698460395, "rate": 2.3030862375648358}, "datetime": {"datetime": "2024-06-14 04:54:22", "elapsed": 17.608895, "delta": 0.009974}}
{"target": -773.4970668188326, "params": {"gamma": 9.401218217622588, "prior": 4.71700059437067, "rate": 0.2825494345653465}, "datetime": {"datetime": "2024-06-14 04:54:22", "elapsed": 17.618868, "delta": 0.009973}}
{"target": -138.9723068607885, "params": {"gamma": 0.7952844018626734, "prior": 5.600160498896482, "rate": 2.1085032523654648}, "datetime": {"datetime": "2024-06-14 04:54:22", "elapsed": 17.628873, "delta": 0.010005}}
{"target": -103.0323595472765, "params": {"gamma": 1.4832079169213832, "prior": 2.03577051385278, "rate": 7.4477447466406055}, "datetime": {"datetime": "2024-06-14 04:54:22", "elapsed": 17.638836, "delta": 0.009963}}
{"target": -324.9410733133016, "params": {"gamma": 9.490190594750429, "prior": 1.3808418827316682, "rate": 8.797922693851072}, "datetime": {"datetime": "2024-06-14 04:54:22", "elapsed": 17.649785, "delta": 0.010949}}
{"target": -556.1712067696241, "params": {"gamma": 7.119486308304545, "prior": 5.612748843111474, "rate": 0.6711193665390025}, "datetime": {"datetime": "2024-06-14 04:54:22", "elapsed": 17.659758, "delta": 0.009973}}
{"target": -295.4595313929364, "params": {"gamma": 7.877623428379662, "prior": 8.141573527504782, "rate": 7.546064084925807}, "datetime": {"datetime": "2024-06-14 04:54:22", "elapsed": 17.669732, "delta": 0.009974}}
{"target": -261.56377471024365, "params": {"gamma": 5.5053451266130216, "prior": 6.352887453044348, "rate": 4.367192277935727}, "datetime": {"datetime": "2024-06-14 04:54:22", "elapsed": 17.679705, "delta": 0.009973}}
{"target": -124.30269417554526, "params": {"gamma": 3.079162242084743, "prior": 2.1563415656940617, "rate": 7.70783813326756}, "datetime": {"datetime": "2024-06-14 04:54:22", "elapsed": 17.689678, "delta": 0.009973}}
{"target": -363.0787337318989, "params": {"gamma": 9.347823400996651, "prior": 6.253005567983246, "rate": 5.342940039040913}, "datetime": {"datetime": "2024-06-14 04:54:22", "elapsed": 17.699652, "delta": 0.009974}}
{"target": -294.0557528856773, "params": {"gamma": 8.832821399586447, "prior": 0.543549432321984, "rate": 3.027452733825171}, "datetime": {"datetime": "2024-06-14 04:54:22", "elapsed": 17.709625, "delta": 0.009973}}
{"target": -167.6499535041474, "params": {"gamma": 3.825328639516465, "prior": 0.4078849577947824, "rate": 5.199809613230569}, "datetime": {"datetime": "2024-06-14 04:54:22", "elapsed": 17.720596, "delta": 0.010971}}
{"target": -429.2499295381848, "params": {"gamma": 9.40582357294277, "prior": 7.992725691934161, "rate": 5.351408522523899}, "datetime": {"datetime": "2024-06-14 04:54:22", "elapsed": 17.730569, "delta": 0.009973}}
{"target": -429.47736129838444, "params": {"gamma": 6.7657338580782405, "prior": 7.873824709873373, "rate": 2.611671926966363}, "datetime": {"datetime": "2024-06-14 04:54:22", "elapsed": 17.740542, "delta": 0.009973}}
{"target": -137.71695415517527, "params": {"gamma": 2.757360350509144, "prior": 6.091715488473178, "rate": 6.74213697673649}, "datetime": {"datetime": "2024-06-14 04:54:22", "elapsed": 17.750516, "delta": 0.009974}}
{"target": -149.9682133597835, "params": {"gamma": 0.037131121203666864, "prior": 8.571439691934431, "rate": 1.4499755526920097}, "datetime": {"datetime": "2024-06-14 04:54:22", "elapsed": 17.761487, "delta": 0.010971}}
{"target": -487.14204281322435, "params": {"gamma": 5.124009381904939, "prior": 5.6655858482099735, "rate": 0.07290430277148773}, "datetime": {"datetime": "2024-06-14 04:54:22", "elapsed": 17.77146, "delta": 0.009973}}
{"target": -161.62240188406489, "params": {"gamma": 4.289076528699282, "prior": 5.384053388047638, "rate": 6.907376297071434}, "datetime": {"datetime": "2024-06-14 04:54:22", "elapsed": 17.781433, "delta": 0.009973}}
{"target": -269.3345156646781, "params": {"gamma": 9.031835670784622, "prior": 0.7787551523432098, "rate": 2.8317040472904758}, "datetime": {"datetime": "2024-06-14 04:54:22", "elapsed": 17.791406, "delta": 0.009973}}
{"target": -175.9891323954304, "params": {"gamma": 5.279795197202099, "prior": 2.9733261504001245, "rate": 4.201892734282735}, "datetime": {"datetime": "2024-06-14 04:54:22", "elapsed": 17.80138, "delta": 0.009974}}
{"target": -387.63721396071077, "params": {"gamma": 9.820547479625972, "prior": 0.6636402718702625, "rate": 9.289203208835787}, "datetime": {"datetime": "2024-06-14 04:54:22", "elapsed": 17.811353, "delta": 0.009973}}
{"target": -258.5676103619319, "params": {"gamma": 6.680114161371072, "prior": 5.035947408040653, "rate": 4.647506170595227}, "datetime": {"datetime": "2024-06-14 04:54:22", "elapsed": 17.822324, "delta": 0.010971}}
{"target": -289.6688961005884, "params": {"gamma": 5.589785773928347, "prior": 2.9867128566196963, "rate": 1.7188330067587443}, "datetime": {"datetime": "2024-06-14 04:54:22", "elapsed": 17.832297, "delta": 0.009973}}
{"target": -332.28644256323435, "params": {"gamma": 6.197786816831587, "prior": 9.885925228469835, "rate": 5.162690424583267}, "datetime": {"datetime": "2024-06-14 04:54:22", "elapsed": 17.84227, "delta": 0.009973}}
{"target": -406.5539311040149, "params": {"gamma": 6.710412491894106, "prior": 5.243372538798067, "rate": 2.0011085780511912}, "datetime": {"datetime": "2024-06-14 04:54:22", "elapsed": 17.851801, "delta": 0.009531}}
{"target": -265.4255964759648, "params": {"gamma": 5.787379979419437, "prior": 9.583007643759036, "rate": 6.924549114998262}, "datetime": {"datetime": "2024-06-14 04:54:22", "elapsed": 17.862772, "delta": 0.010971}}
{"target": -128.88830675106547, "params": {"gamma": 0.274342053750928, "prior": 3.6948761925389584, "rate": 6.33921964079754}, "datetime": {"datetime": "2024-06-14 04:54:22", "elapsed": 17.901387, "delta": 0.038615}}
{"target": -210.6448789846645, "params": {"gamma": 5.67116400617658, "prior": 1.301203739015265, "rate": 9.364796358912931}, "datetime": {"datetime": "2024-06-14 04:54:22", "elapsed": 17.912358, "delta": 0.010971}}
{"target": -165.69605100373886, "params": {"gamma": 3.938997493293488, "prior": 7.319700947932855, "rate": 7.857086866488291}, "datetime": {"datetime": "2024-06-14 04:54:22", "elapsed": 17.922331, "delta": 0.009973}}
{"target": -139.2815069582489, "params": {"gamma": 2.1307142258890264, "prior": 6.659980991963436, "rate": 5.2341476294898825}, "datetime": {"datetime": "2024-06-14 04:54:22", "elapsed": 17.932304, "delta": 0.009973}}
{"target": -133.85782054286224, "params": {"gamma": 1.783794004691899, "prior": 7.212564495824819, "rate": 5.406224528163018}, "datetime": {"datetime": "2024-06-14 04:54:22", "elapsed": 17.942278, "delta": 0.009974}}
{"target": -115.88095496944324, "params": {"gamma": 2.1417238051544096, "prior": 4.238811933822576, "rate": 6.8079344253726966}, "datetime": {"datetime": "2024-06-14 04:54:22", "elapsed": 17.952251, "delta": 0.009973}}
{"target": -274.1510774557979, "params": {"gamma": 9.937621475494428, "prior": 5.5295345252227435, "rate": 7.939406449739636}, "datetime": {"datetime": "2024-06-14 04:54:22", "elapsed": 17.963222, "delta": 0.010971}}
{"target": -132.79917535849316, "params": {"gamma": 3.3064511453666356, "prior": 5.164454283417241, "rate": 8.350414978664054}, "datetime": {"datetime": "2024-06-14 04:54:22", "elapsed": 17.973195, "delta": 0.009973}}
{"target": -305.019945505547, "params": {"gamma": 9.704609444607442, "prior": 1.8668728599484044, "rate": 8.513224576444088}, "datetime": {"datetime": "2024-06-14 04:54:22", "elapsed": 17.983168, "delta": 0.009973}}
{"target": -447.47862898927764, "params": {"gamma": 9.8839813130555, "prior": 4.559573957621887, "rate": 3.0802934792591}, "datetime": {"datetime": "2024-06-14 04:54:22", "elapsed": 17.993142, "delta": 0.009974}}
{"target": -284.4531472372946, "params": {"gamma": 9.124683586378131, "prior": 2.2765865789701447, "rate": 9.88264881287327}, "datetime": {"datetime": "2024-06-14 04:54:22", "elapsed": 18.004112, "delta": 0.01097}}
{"target": -153.0795457385632, "params": {"gamma": 4.016014561459776, "prior": 1.0131129142505106, "rate": 1.368611993565815}, "datetime": {"datetime": "2024-06-14 04:54:22", "elapsed": 18.014086, "delta": 0.009974}}
{"target": -159.7568093877796, "params": {"gamma": 4.771246207156717, "prior": 0.7033829612030654, "rate": 2.519602463648642}, "datetime": {"datetime": "2024-06-14 04:54:22", "elapsed": 18.024059, "delta": 0.009973}}
{"target": -277.50765410653145, "params": {"gamma": 7.950227595281238, "prior": 7.874786065977949, "rate": 8.108387517165163}, "datetime": {"datetime": "2024-06-14 04:54:22", "elapsed": 18.034033, "delta": 0.009974}}
{"target": -125.36564174956034, "params": {"gamma": 0.4635818527703097, "prior": 7.687845099749461, "rate": 8.068658621836198}, "datetime": {"datetime": "2024-06-14 04:54:22", "elapsed": 18.044006, "delta": 0.009973}}
{"target": -135.3347914279486, "params": {"gamma": 0.1614807233633352, "prior": 3.9741465501415574, "rate": 8.655905140222567}, "datetime": {"datetime": "2024-06-14 04:54:22", "elapsed": 18.054976, "delta": 0.01097}}
{"target": -468.40935627209325, "params": {"gamma": 9.58478787486283, "prior": 9.203960219040058, "rate": 5.470332354994583}, "datetime": {"datetime": "2024-06-14 04:54:22", "elapsed": 18.06495, "delta": 0.009974}}
{"target": -149.9735981687838, "params": {"gamma": 3.0999028075571977, "prior": 5.933723461468355, "rate": 5.960308888277244}, "datetime": {"datetime": "2024-06-14 04:54:22", "elapsed": 18.074923, "delta": 0.009973}}
{"target": -202.09171420176804, "params": {"gamma": 6.645853962048891, "prior": 5.949068744119219, "rate": 8.680686431625688}, "datetime": {"datetime": "2024-06-14 04:54:22", "elapsed": 18.084897, "delta": 0.009974}}
{"target": -330.5424933589228, "params": {"gamma": 3.740404346465307, "prior": 2.51576369972239, "rate": 0.20584523782095557}, "datetime": {"datetime": "2024-06-14 04:54:22", "elapsed": 18.095867, "delta": 0.01097}}
{"target": -121.78125407364207, "params": {"gamma": 2.3276534032092466, "prior": 1.6998563265328037, "rate": 2.382365800220145}, "datetime": {"datetime": "2024-06-14 04:54:22", "elapsed": 18.105871, "delta": 0.010004}}
{"target": -553.8393302603238, "params": {"gamma": 8.809750700685962, "prior": 7.342834380593291, "rate": 2.4346474261497026}, "datetime": {"datetime": "2024-06-14 04:54:22", "elapsed": 18.115814, "delta": 0.009943}}
{"target": -344.04725753185255, "params": {"gamma": 7.93074966579814, "prior": 5.486796446527367, "rate": 4.065455958505244}, "datetime": {"datetime": "2024-06-14 04:54:22", "elapsed": 18.125787, "delta": 0.009973}}
{"target": -186.14641947952725, "params": {"gamma": 2.0588168270783345, "prior": 3.1762456147307865, "rate": 0.7933859337786535}, "datetime": {"datetime": "2024-06-14 04:54:22", "elapsed": 18.136758, "delta": 0.010971}}
{"target": -163.61664171275072, "params": {"gamma": 2.3370014693504007, "prior": 6.690938823288298, "rate": 3.510850519903707}, "datetime": {"datetime": "2024-06-14 04:54:22", "elapsed": 18.146731, "delta": 0.009973}}
{"target": -302.80628615198975, "params": {"gamma": 8.197382234314826, "prior": 6.645433517996546, "rate": 6.243886676338824}, "datetime": {"datetime": "2024-06-14 04:54:22", "elapsed": 18.157702, "delta": 0.010971}}
{"target": -156.9009443941123, "params": {"gamma": 4.203358120025224, "prior": 6.485522600358745, "rate": 8.748431716742354}, "datetime": {"datetime": "2024-06-14 04:54:22", "elapsed": 18.167675, "delta": 0.009973}}
{"target": -123.3370993504082, "params": {"gamma": 3.1134152627298404, "prior": 3.493245069587299, "rate": 8.486942886026812}, "datetime": {"datetime": "2024-06-14 04:54:22", "elapsed": 18.177677, "delta": 0.010002}}
{"target": -387.494705614487, "params": {"gamma": 5.2994112343421165, "prior": 9.24451206335198, "rate": 1.876341924396167}, "datetime": {"datetime": "2024-06-14 04:54:22", "elapsed": 18.187622, "delta": 0.009945}}
{"target": -217.51147237211205, "params": {"gamma": 2.149517739976633, "prior": 8.638341582747344, "rate": 0.9958043191607387}, "datetime": {"datetime": "2024-06-14 04:54:22", "elapsed": 18.198592, "delta": 0.01097}}
{"target": -210.90838711208673, "params": {"gamma": 4.717152090529902, "prior": 8.410095236823695, "rate": 6.937672299169015}, "datetime": {"datetime": "2024-06-14 04:54:22", "elapsed": 18.208566, "delta": 0.009974}}
{"target": -153.53377335189896, "params": {"gamma": 4.622952603534849, "prior": 1.7354650920880788, "rate": 5.508608102481257}, "datetime": {"datetime": "2024-06-14 04:54:22", "elapsed": 18.218539, "delta": 0.009973}}
{"target": -803.3841831704186, "params": {"gamma": 9.879798710108535, "prior": 8.071059692189767, "rate": 0.5502334117385274}, "datetime": {"datetime": "2024-06-14 04:54:22", "elapsed": 18.22951, "delta": 0.010971}}
{"target": -512.5125443981412, "params": {"gamma": 7.109572833570658, "prior": 9.768501118223332, "rate": 1.9345458616173425}, "datetime": {"datetime": "2024-06-14 04:54:22", "elapsed": 18.239483, "delta": 0.009973}}
{"target": -279.00393374023054, "params": {"gamma": 9.564120655508974, "prior": 2.4101209180042362, "rate": 8.194158826769996}, "datetime": {"datetime": "2024-06-14 04:54:22", "elapsed": 18.249456, "delta": 0.009973}}
{"target": -131.03378632800064, "params": {"gamma": 1.495037423229105, "prior": 5.18963690755791, "rate": 3.64078281665956}, "datetime": {"datetime": "2024-06-14 04:54:22", "elapsed": 18.261425, "delta": 0.011969}}
{"target": -201.0155836874122, "params": {"gamma": 6.707204581969504, "prior": 1.8732591939869123, "rate": 5.7979036601822145}, "datetime": {"datetime": "2024-06-14 04:54:22", "elapsed": 18.271398, "delta": 0.009973}}
{"target": -148.3164613635115, "params": {"gamma": 0.02523445285068334, "prior": 4.313976928799815, "rate": 5.158416296806499}, "datetime": {"datetime": "2024-06-14 04:54:22", "elapsed": 18.282369, "delta": 0.010971}}
{"target": -648.3590620080112, "params": {"gamma": 8.378128201572276, "prior": 7.600612871411063, "rate": 0.9198244994151032}, "datetime": {"datetime": "2024-06-14 04:54:22", "elapsed": 18.292372, "delta": 0.010003}}
