{"target": -803.7843024652142, "params": {"gamma": 1.9867164390362086, "lr": 0.0254762357788203}, "datetime": {"datetime": "2024-06-13 17:04:59", "elapsed": 2.093055, "delta": 0.00399}}
{"target": -1568.0977953756421, "params": {"gamma": 7.294247584863271, "lr": 0.7249167472191191}, "datetime": {"datetime": "2024-06-13 17:04:59", "elapsed": 2.097044, "delta": 0.003989}}
{"target": -770.8858768627059, "params": {"gamma": 3.304587071870666, "lr": 0.8434941260636555}, "datetime": {"datetime": "2024-06-13 17:04:59", "elapsed": 2.100036, "delta": 0.002992}}
{"target": -1010.9360548202727, "params": {"gamma": 4.284996317034784, "lr": 0.8646861447635343}, "datetime": {"datetime": "2024-06-13 17:04:59", "elapsed": 2.104026, "delta": 0.00399}}
{"target": -1239.7419889719608, "params": {"gamma": 6.570997180804273, "lr": 0.5810356574180902}, "datetime": {"datetime": "2024-06-13 17:04:59", "elapsed": 2.108015, "delta": 0.003989}}
{"target": -394.7905397955098, "params": {"gamma": 2.008074152862875, "lr": 0.5295466104783949}, "datetime": {"datetime": "2024-06-13 17:04:59", "elapsed": 2.112004, "delta": 0.003989}}
{"target": -1380.0738331953025, "params": {"gamma": 8.944429751857296, "lr": 0.30499397583521604}, "datetime": {"datetime": "2024-06-13 17:04:59", "elapsed": 2.114996, "delta": 0.002992}}
{"target": -2074.443242030402, "params": {"gamma": 8.709585146001372, "lr": 0.9087452728583881}, "datetime": {"datetime": "2024-06-13 17:04:59", "elapsed": 2.118985, "delta": 0.003989}}
{"target": -720.7927759222662, "params": {"gamma": 3.2991157822561417, "lr": 0.6830743663365642}, "datetime": {"datetime": "2024-06-13 17:04:59", "elapsed": 2.122974, "delta": 0.003989}}
{"target": -3469.7409813013746, "params": {"gamma": 8.992310274710121, "lr": 0.07569688175830336}, "datetime": {"datetime": "2024-06-13 17:04:59", "elapsed": 2.126964, "delta": 0.00399}}
{"target": -1705.4008273467489, "params": {"gamma": 8.7860000441845, "lr": 0.1908393632684806}, "datetime": {"datetime": "2024-06-13 17:04:59", "elapsed": 2.129956, "delta": 0.002992}}
{"target": -1823.8480074515412, "params": {"gamma": 8.497839331269288, "lr": 0.6671187886992039}, "datetime": {"datetime": "2024-06-13 17:04:59", "elapsed": 2.133945, "delta": 0.003989}}
{"target": -768.5628024408462, "params": {"gamma": 3.4440476153050885, "lr": 0.151375569992799}, "datetime": {"datetime": "2024-06-13 17:04:59", "elapsed": 2.137934, "delta": 0.003989}}
{"target": -1465.9225630770954, "params": {"gamma": 6.354074243923046, "lr": 0.8477880437147416}, "datetime": {"datetime": "2024-06-13 17:04:59", "elapsed": 2.140927, "delta": 0.002993}}
{"target": -1651.4861240775294, "params": {"gamma": 8.218671898265342, "lr": 0.6282395971306578}, "datetime": {"datetime": "2024-06-13 17:04:59", "elapsed": 2.144916, "delta": 0.003989}}
{"target": -1796.0940375596062, "params": {"gamma": 9.563058796042565, "lr": 0.5899231270757698}, "datetime": {"datetime": "2024-06-13 17:04:59", "elapsed": 2.148905, "delta": 0.003989}}
{"target": -358.4721219615406, "params": {"gamma": 1.979130013694545, "lr": 0.4293307226164923}, "datetime": {"datetime": "2024-06-13 17:04:59", "elapsed": 2.152895, "delta": 0.00399}}
{"target": -839.1742811349036, "params": {"gamma": 3.3681232410129716, "lr": 0.991945011907281}, "datetime": {"datetime": "2024-06-13 17:04:59", "elapsed": 2.156884, "delta": 0.003989}}
{"target": -944.814798867714, "params": {"gamma": 3.8029847246765303, "lr": 0.992700873664818}, "datetime": {"datetime": "2024-06-13 17:04:59", "elapsed": 2.160873, "delta": 0.003989}}
{"target": -1089.9170774439972, "params": {"gamma": 5.188523703083409, "lr": 0.17227970147712546}, "datetime": {"datetime": "2024-06-13 17:04:59", "elapsed": 2.164863, "delta": 0.00399}}
{"target": -172.96544524812785, "params": {"gamma": 0.7466661384435471, "lr": 0.37030569377388767}, "datetime": {"datetime": "2024-06-13 17:04:59", "elapsed": 2.167855, "delta": 0.002992}}
{"target": -277.0898459590374, "params": {"gamma": 1.235065179287484, "lr": 0.6345187162918416}, "datetime": {"datetime": "2024-06-13 17:04:59", "elapsed": 2.171844, "delta": 0.003989}}
{"target": -1026.7774778419407, "params": {"gamma": 4.13978453744836, "lr": 0.9909156325254501}, "datetime": {"datetime": "2024-06-13 17:04:59", "elapsed": 2.175833, "delta": 0.003989}}
{"target": -2034.860680982867, "params": {"gamma": 9.299626280909525, "lr": 0.14923603230975002}, "datetime": {"datetime": "2024-06-13 17:04:59", "elapsed": 2.179823, "delta": 0.00399}}
{"target": -673.3321468221372, "params": {"gamma": 3.9494277431054683, "lr": 0.46157971096238615}, "datetime": {"datetime": "2024-06-13 17:04:59", "elapsed": 2.183812, "delta": 0.003989}}
{"target": -1230.7540949088345, "params": {"gamma": 5.609926602464331, "lr": 0.7803635232892685}, "datetime": {"datetime": "2024-06-13 17:04:59", "elapsed": 2.187801, "delta": 0.003989}}
{"target": -830.4340268735517, "params": {"gamma": 4.872451896825164, "lr": 0.4199935520102408}, "datetime": {"datetime": "2024-06-13 17:04:59", "elapsed": 2.190793, "delta": 0.002992}}
{"target": -655.6698221387959, "params": {"gamma": 2.6207350474886373, "lr": 0.9108061390867584}, "datetime": {"datetime": "2024-06-13 17:04:59", "elapsed": 2.194783, "delta": 0.00399}}
{"target": -143.1160694191573, "params": {"gamma": 0.22369284381650878, "lr": 0.8211218982189646}, "datetime": {"datetime": "2024-06-13 17:04:59", "elapsed": 2.198772, "delta": 0.003989}}
{"target": -425.7023525961488, "params": {"gamma": 1.8854955282645185, "lr": 0.6857568991725472}, "datetime": {"datetime": "2024-06-13 17:04:59", "elapsed": 2.202762, "delta": 0.00399}}
{"target": -883.9922804403345, "params": {"gamma": 3.552738684007098, "lr": 0.9742126278950913}, "datetime": {"datetime": "2024-06-13 17:04:59", "elapsed": 2.205753, "delta": 0.002991}}
{"target": -276.3612339668219, "params": {"gamma": 1.22859852236475, "lr": 0.18756989261723955}, "datetime": {"datetime": "2024-06-13 17:04:59", "elapsed": 2.209743, "delta": 0.00399}}
{"target": -1671.7647339528066, "params": {"gamma": 8.894535312169324, "lr": 0.5834063146082279}, "datetime": {"datetime": "2024-06-13 17:04:59", "elapsed": 2.213732, "delta": 0.003989}}
{"target": -1223.1299479826143, "params": {"gamma": 3.0931546002031376, "lr": 0.0007643854781880233}, "datetime": {"datetime": "2024-06-13 17:04:59", "elapsed": 2.217722, "delta": 0.00399}}
{"target": -519.1760711388418, "params": {"gamma": 2.2767497854842085, "lr": 0.1454036341712357}, "datetime": {"datetime": "2024-06-13 17:04:59", "elapsed": 2.220713, "delta": 0.002991}}
{"target": -503.39174080603334, "params": {"gamma": 2.035134809876536, "lr": 0.8963225568040046}, "datetime": {"datetime": "2024-06-13 17:04:59", "elapsed": 2.224703, "delta": 0.00399}}
{"target": -1890.8670990640805, "params": {"gamma": 8.731070688318136, "lr": 0.7002894376334498}, "datetime": {"datetime": "2024-06-13 17:04:59", "elapsed": 2.228692, "delta": 0.003989}}
{"target": -1074.1162348394382, "params": {"gamma": 4.705506263845939, "lr": 0.8271360023322883}, "datetime": {"datetime": "2024-06-13 17:04:59", "elapsed": 2.232681, "delta": 0.003989}}
{"target": -771.2414254371904, "params": {"gamma": 4.958768144455039, "lr": 0.36348868328490525}, "datetime": {"datetime": "2024-06-13 17:04:59", "elapsed": 2.235673, "delta": 0.002992}}
{"target": -691.2084539707984, "params": {"gamma": 2.7567554245058266, "lr": 0.9247408135383717}, "datetime": {"datetime": "2024-06-13 17:04:59", "elapsed": 2.239663, "delta": 0.00399}}
{"target": -660.4492895794946, "params": {"gamma": 3.8705053533286655, "lr": 0.49288087343132025}, "datetime": {"datetime": "2024-06-13 17:04:59", "elapsed": 2.243652, "delta": 0.003989}}
{"target": -610.9580624874587, "params": {"gamma": 2.5451265850419067, "lr": 0.8849665188380633}, "datetime": {"datetime": "2024-06-13 17:04:59", "elapsed": 2.247641, "delta": 0.003989}}
{"target": -615.9316320824915, "params": {"gamma": 3.833251304596062, "lr": 0.29757471531387525}, "datetime": {"datetime": "2024-06-13 17:04:59", "elapsed": 2.251631, "delta": 0.00399}}
{"target": -1397.162196270135, "params": {"gamma": 7.17623202698535, "lr": 0.19086994317230743}, "datetime": {"datetime": "2024-06-13 17:04:59", "elapsed": 2.255621, "delta": 0.00399}}
{"target": -300.83235005178125, "params": {"gamma": 1.1828081008410374, "lr": 0.8369977822135122}, "datetime": {"datetime": "2024-06-13 17:04:59", "elapsed": 2.259609, "delta": 0.003988}}
{"target": -1401.590176135129, "params": {"gamma": 7.441615077773983, "lr": 0.5905205476471171}, "datetime": {"datetime": "2024-06-13 17:04:59", "elapsed": 2.263599, "delta": 0.00399}}
{"target": -499.55490607127604, "params": {"gamma": 2.429672858073742, "lr": 0.6232471451875841}, "datetime": {"datetime": "2024-06-13 17:04:59", "elapsed": 2.269583, "delta": 0.005984}}
{"target": -992.3068209157667, "params": {"gamma": 6.383914852090989, "lr": 0.32756944411232514}, "datetime": {"datetime": "2024-06-13 17:04:59", "elapsed": 2.274077, "delta": 0.004494}}
{"target": -203.78116754610744, "params": {"gamma": 0.6758259413323553, "lr": 0.8805385975643267}, "datetime": {"datetime": "2024-06-13 17:04:59", "elapsed": 2.277069, "delta": 0.002992}}
{"target": -1006.0469416283057, "params": {"gamma": 4.60010735401151, "lr": 0.7638727180664299}, "datetime": {"datetime": "2024-06-13 17:04:59", "elapsed": 2.281059, "delta": 0.00399}}
{"target": -494.47875213112036, "params": {"gamma": 2.539632320806454, "lr": 0.5913871822675169}, "datetime": {"datetime": "2024-06-13 17:04:59", "elapsed": 2.285048, "delta": 0.003989}}
{"target": -677.613069772966, "params": {"gamma": 4.288522808327629, "lr": 0.38210064254913956}, "datetime": {"datetime": "2024-06-13 17:04:59", "elapsed": 2.289037, "delta": 0.003989}}
{"target": -254.52248746943283, "params": {"gamma": 1.2680071250853806, "lr": 0.24426666320897583}, "datetime": {"datetime": "2024-06-13 17:04:59", "elapsed": 2.293027, "delta": 0.00399}}
{"target": -177.9218506981562, "params": {"gamma": 0.7943364880002312, "lr": 0.3028583047175786}, "datetime": {"datetime": "2024-06-13 17:04:59", "elapsed": 2.297016, "delta": 0.003989}}
{"target": -1479.5962882563244, "params": {"gamma": 7.417306297515323, "lr": 0.6150157249710488}, "datetime": {"datetime": "2024-06-13 17:04:59", "elapsed": 2.300008, "delta": 0.002992}}
{"target": -2605.703610234482, "params": {"gamma": 6.724438578240325, "lr": 0.00838307952503159}, "datetime": {"datetime": "2024-06-13 17:04:59", "elapsed": 2.303998, "delta": 0.00399}}
{"target": -1261.7634868700507, "params": {"gamma": 6.784091345540948, "lr": 0.503180690542887}, "datetime": {"datetime": "2024-06-13 17:04:59", "elapsed": 2.307987, "delta": 0.003989}}
{"target": -501.9392742129831, "params": {"gamma": 2.309853596391308, "lr": 0.17489650898192222}, "datetime": {"datetime": "2024-06-13 17:04:59", "elapsed": 2.311977, "delta": 0.00399}}
{"target": -444.6848940016503, "params": {"gamma": 1.8506446725427474, "lr": 0.8442600050750985}, "datetime": {"datetime": "2024-06-13 17:04:59", "elapsed": 2.315965, "delta": 0.003988}}
{"target": -2405.826171792471, "params": {"gamma": 9.825915303261548, "lr": 0.9137396248416316}, "datetime": {"datetime": "2024-06-13 17:04:59", "elapsed": 2.319955, "delta": 0.00399}}
{"target": -770.7030422869063, "params": {"gamma": 3.4743468343077555, "lr": 0.7802245796913637}, "datetime": {"datetime": "2024-06-13 17:04:59", "elapsed": 2.323944, "delta": 0.003989}}
{"target": -1228.2680153342358, "params": {"gamma": 5.464999452423606, "lr": 0.8164423975559377}, "datetime": {"datetime": "2024-06-13 17:04:59", "elapsed": 2.327933, "delta": 0.003989}}
{"target": -917.8482575408831, "params": {"gamma": 4.8377857849378705, "lr": 0.5899512982994037}, "datetime": {"datetime": "2024-06-13 17:04:59", "elapsed": 2.331923, "delta": 0.00399}}
{"target": -2666.3395341791256, "params": {"gamma": 7.872847211795091, "lr": 0.10023464310313235}, "datetime": {"datetime": "2024-06-13 17:04:59", "elapsed": 2.334915, "delta": 0.002992}}
{"target": -808.4363918581033, "params": {"gamma": 5.370534161288567, "lr": 0.36598334666965426}, "datetime": {"datetime": "2024-06-13 17:04:59", "elapsed": 2.338904, "delta": 0.003989}}
{"target": -1491.2180435796274, "params": {"gamma": 6.043464129845054, "lr": 0.9588025156370005}, "datetime": {"datetime": "2024-06-13 17:04:59", "elapsed": 2.342894, "delta": 0.00399}}
{"target": -623.1975809235907, "params": {"gamma": 3.9288366270246278, "lr": 0.39297299794161644}, "datetime": {"datetime": "2024-06-13 17:04:59", "elapsed": 2.346883, "delta": 0.003989}}
{"target": -1578.0910313006225, "params": {"gamma": 7.9065792989023995, "lr": 0.6450783990854264}, "datetime": {"datetime": "2024-06-13 17:04:59", "elapsed": 2.350872, "delta": 0.003989}}
{"target": -856.1131088605523, "params": {"gamma": 3.9394461945459094, "lr": 0.6889550482302514}, "datetime": {"datetime": "2024-06-13 17:04:59", "elapsed": 2.353864, "delta": 0.002992}}
{"target": -1018.2724949518513, "params": {"gamma": 4.040612088934736, "lr": 0.1361131542481221}, "datetime": {"datetime": "2024-06-13 17:04:59", "elapsed": 2.357853, "delta": 0.003989}}
{"target": -703.5366876922959, "params": {"gamma": 4.506982043452673, "lr": 0.3344193926972726}, "datetime": {"datetime": "2024-06-13 17:04:59", "elapsed": 2.361843, "delta": 0.00399}}
{"target": -552.7615778216531, "params": {"gamma": 2.180471331681618, "lr": 0.9257748016364399}, "datetime": {"datetime": "2024-06-13 17:04:59", "elapsed": 2.365832, "delta": 0.003989}}
{"target": -1300.2847812232678, "params": {"gamma": 6.896704351396498, "lr": 0.5988208906234219}, "datetime": {"datetime": "2024-06-13 17:04:59", "elapsed": 2.369821, "delta": 0.003989}}
{"target": -1386.6460514291255, "params": {"gamma": 7.466828063757928, "lr": 0.5419710617714415}, "datetime": {"datetime": "2024-06-13 17:04:59", "elapsed": 2.373868, "delta": 0.004047}}
{"target": -1726.2877171482983, "params": {"gamma": 7.005630193122407, "lr": 0.9305598192498451}, "datetime": {"datetime": "2024-06-13 17:04:59", "elapsed": 2.377853, "delta": 0.003985}}
{"target": -1797.8222647829903, "params": {"gamma": 8.626304328357714, "lr": 0.1674418575065213}, "datetime": {"datetime": "2024-06-13 17:04:59", "elapsed": 2.381843, "delta": 0.00399}}
{"target": -1048.083749107162, "params": {"gamma": 2.6321271002148183, "lr": 0.07161027944180454}, "datetime": {"datetime": "2024-06-13 17:04:59", "elapsed": 2.384835, "delta": 0.002992}}
{"target": -1653.7792509537528, "params": {"gamma": 9.786749378778312, "lr": 0.23638409866037557}, "datetime": {"datetime": "2024-06-13 17:04:59", "elapsed": 2.388824, "delta": 0.003989}}
{"target": -2530.733037252154, "params": {"gamma": 6.6063229609300596, "lr": 0.089630698927462}, "datetime": {"datetime": "2024-06-13 17:04:59", "elapsed": 2.392814, "delta": 0.00399}}
{"target": -412.4610784332981, "params": {"gamma": 2.1084986499281, "lr": 0.5028243835184045}, "datetime": {"datetime": "2024-06-13 17:04:59", "elapsed": 2.396803, "delta": 0.003989}}
{"target": -209.03821617196127, "params": {"gamma": 1.0504317296309502, "lr": 0.38887340269472437}, "datetime": {"datetime": "2024-06-13 17:04:59", "elapsed": 2.400793, "delta": 0.00399}}
{"target": -834.5022543477714, "params": {"gamma": 5.3803392136766695, "lr": 0.33920418488509996}, "datetime": {"datetime": "2024-06-13 17:04:59", "elapsed": 2.404782, "delta": 0.003989}}
{"target": -1037.8622100553525, "params": {"gamma": 5.559446211054629, "lr": 0.536768321942464}, "datetime": {"datetime": "2024-06-13 17:04:59", "elapsed": 2.407773, "delta": 0.002991}}
{"target": -849.1855947148498, "params": {"gamma": 3.906714376870321, "lr": 0.6962700831011029}, "datetime": {"datetime": "2024-06-13 17:04:59", "elapsed": 2.411763, "delta": 0.00399}}
{"target": -1459.970374960007, "params": {"gamma": 6.785146057525243, "lr": 0.6873031493743899}, "datetime": {"datetime": "2024-06-13 17:04:59", "elapsed": 2.415752, "delta": 0.003989}}
{"target": -869.7929983547247, "params": {"gamma": 5.615351096734943, "lr": 0.3580799140129358}, "datetime": {"datetime": "2024-06-13 17:04:59", "elapsed": 2.420277, "delta": 0.004525}}
{"target": -1512.7238374497233, "params": {"gamma": 6.131510241334756, "lr": 0.9357362666081998}, "datetime": {"datetime": "2024-06-13 17:04:59", "elapsed": 2.423269, "delta": 0.002992}}
{"target": -1473.1011629336049, "params": {"gamma": 5.969288360934786, "lr": 0.9795901743594252}, "datetime": {"datetime": "2024-06-13 17:04:59", "elapsed": 2.427258, "delta": 0.003989}}
{"target": -978.5099663408326, "params": {"gamma": 4.4106251974683035, "lr": 0.7396119625075467}, "datetime": {"datetime": "2024-06-13 17:04:59", "elapsed": 2.431248, "delta": 0.00399}}
{"target": -154.5452644223874, "params": {"gamma": 0.3770011826173517, "lr": 0.7647266390004861}, "datetime": {"datetime": "2024-06-13 17:04:59", "elapsed": 2.435237, "delta": 0.003989}}
{"target": -2018.619090880636, "params": {"gamma": 5.1832975216877974, "lr": 0.0053165329611032375}, "datetime": {"datetime": "2024-06-13 17:04:59", "elapsed": 2.439226, "delta": 0.003989}}
{"target": -530.9349026146185, "params": {"gamma": 2.772723847721202, "lr": 0.5348322325198115}, "datetime": {"datetime": "2024-06-13 17:04:59", "elapsed": 2.442219, "delta": 0.002993}}
{"target": -2969.7045363045954, "params": {"gamma": 7.679860819934835, "lr": 0.05309259545252509}, "datetime": {"datetime": "2024-06-13 17:04:59", "elapsed": 2.446208, "delta": 0.003989}}
{"target": -1234.0286411929376, "params": {"gamma": 5.490985385061347, "lr": 0.800994555798356}, "datetime": {"datetime": "2024-06-13 17:04:59", "elapsed": 2.450197, "delta": 0.003989}}
{"target": -1601.8089145060053, "params": {"gamma": 6.496180965729911, "lr": 0.9314470149929107}, "datetime": {"datetime": "2024-06-13 17:04:59", "elapsed": 2.454187, "delta": 0.00399}}
{"target": -173.1066456125296, "params": {"gamma": 0.7482397187025968, "lr": 0.2768064626005866}, "datetime": {"datetime": "2024-06-13 17:04:59", "elapsed": 2.458176, "delta": 0.003989}}
{"target": -1990.5300271912888, "params": {"gamma": 9.192455805057469, "lr": 0.7650051482981429}, "datetime": {"datetime": "2024-06-13 17:04:59", "elapsed": 2.462165, "delta": 0.003989}}
{"target": -1364.4051717552652, "params": {"gamma": 5.9978037043765156, "lr": 0.8329681438370704}, "datetime": {"datetime": "2024-06-13 17:04:59", "elapsed": 2.466154, "delta": 0.003989}}
{"target": -2204.105173090684, "params": {"gamma": 8.960538872258445, "lr": 0.9727203528528249}, "datetime": {"datetime": "2024-06-13 17:04:59", "elapsed": 2.469147, "delta": 0.002993}}
{"target": -2488.669606133212, "params": {"gamma": 9.98520655039097, "lr": 0.13964933368410348}, "datetime": {"datetime": "2024-06-13 17:04:59", "elapsed": 2.473142, "delta": 0.003995}}
{"target": -329.94239253511756, "params": {"gamma": 0.7063499053922482, "lr": 0.07346665436012334}, "datetime": {"datetime": "2024-06-13 17:04:59", "elapsed": 2.477127, "delta": 0.003985}}
{"target": -141.02428617766927, "params": {"gamma": 0.14842316520856935, "lr": 0.971820072977926}, "datetime": {"datetime": "2024-06-13 17:04:59", "elapsed": 2.481117, "delta": 0.00399}}
{"target": -253.05838976136684, "params": {"gamma": 0.9485743976558341, "lr": 0.8417368261858497}, "datetime": {"datetime": "2024-06-13 17:04:59", "elapsed": 2.485107, "delta": 0.00399}}
{"target": -1149.5202954911408, "params": {"gamma": 6.852044796080089, "lr": 0.4875571674829181}, "datetime": {"datetime": "2024-06-13 17:04:59", "elapsed": 2.489095, "delta": 0.003988}}
{"target": -548.4482662287123, "params": {"gamma": 3.4676021187044235, "lr": 0.35364778706700506}, "datetime": {"datetime": "2024-06-13 17:04:59", "elapsed": 2.493085, "delta": 0.00399}}
{"target": -636.110384596624, "params": {"gamma": 2.539134984589525, "lr": 0.9110179736986265}, "datetime": {"datetime": "2024-06-13 17:04:59", "elapsed": 2.496078, "delta": 0.002993}}
{"target": -2808.4851057883616, "params": {"gamma": 7.256699812403196, "lr": 0.025925792784269874}, "datetime": {"datetime": "2024-06-13 17:04:59", "elapsed": 2.501063, "delta": 0.004985}}
{"target": -720.9060794192793, "params": {"gamma": 4.615751011217899, "lr": 0.28130127253681136}, "datetime": {"datetime": "2024-06-13 17:04:59", "elapsed": 2.504056, "delta": 0.002993}}
{"target": -147.79825153276926, "params": {"gamma": 0.2906328955928069, "lr": 0.8846818943092944}, "datetime": {"datetime": "2024-06-13 17:04:59", "elapsed": 2.508045, "delta": 0.003989}}
{"target": -1193.1423788725926, "params": {"gamma": 7.710282574188869, "lr": 0.32973507924426093}, "datetime": {"datetime": "2024-06-13 17:04:59", "elapsed": 2.512034, "delta": 0.003989}}
{"target": -1231.8400235956485, "params": {"gamma": 7.965789316779574, "lr": 0.3246383222029966}, "datetime": {"datetime": "2024-06-13 17:04:59", "elapsed": 2.516023, "delta": 0.003989}}
{"target": -769.2241539451397, "params": {"gamma": 3.0795165557326496, "lr": 0.9281090785007262}, "datetime": {"datetime": "2024-06-13 17:04:59", "elapsed": 2.520013, "delta": 0.00399}}
{"target": -1807.8942671124287, "params": {"gamma": 9.769184703296556, "lr": 0.5235553047168928}, "datetime": {"datetime": "2024-06-13 17:04:59", "elapsed": 2.523005, "delta": 0.002992}}
{"target": -2231.9116185628095, "params": {"gamma": 9.519399740511682, "lr": 0.8879964939264646}, "datetime": {"datetime": "2024-06-13 17:04:59", "elapsed": 2.526994, "delta": 0.003989}}
{"target": -780.9224308256681, "params": {"gamma": 5.180807583382493, "lr": 0.3727488020974856}, "datetime": {"datetime": "2024-06-13 17:04:59", "elapsed": 2.530984, "delta": 0.00399}}
{"target": -1190.9136965554417, "params": {"gamma": 7.103835428617774, "lr": 0.455643424642054}, "datetime": {"datetime": "2024-06-13 17:04:59", "elapsed": 2.534973, "delta": 0.003989}}
{"target": -1493.4308494658783, "params": {"gamma": 6.052523738337006, "lr": 0.9904061968899467}, "datetime": {"datetime": "2024-06-13 17:04:59", "elapsed": 2.538962, "delta": 0.003989}}
