{"target": -269.2800719718245, "params": {"gamma": 1.0947197590216522, "lr": 0.673041054216622}, "datetime": {"datetime": "2024-06-13 17:15:18", "elapsed": 1.646425, "delta": 0.003989}}
{"target": -1228.5899179546398, "params": {"gamma": 4.999823778620901, "lr": 0.777098229275783}, "datetime": {"datetime": "2024-06-13 17:15:18", "elapsed": 1.650414, "delta": 0.003989}}
{"target": -524.5550401626317, "params": {"gamma": 1.4369263717442184, "lr": 0.08320263643587555}, "datetime": {"datetime": "2024-06-13 17:15:18", "elapsed": 1.653407, "delta": 0.002993}}
{"target": -983.8613945923572, "params": {"gamma": 3.9927868349191855, "lr": 0.7969622519799001}, "datetime": {"datetime": "2024-06-13 17:15:18", "elapsed": 1.657395, "delta": 0.003988}}
{"target": -485.7110202297096, "params": {"gamma": 1.917565713359991, "lr": 0.767777192147274}, "datetime": {"datetime": "2024-06-13 17:15:18", "elapsed": 1.660388, "delta": 0.002993}}
{"target": -494.81817935487084, "params": {"gamma": 2.90368967262162, "lr": 0.21689148761179533}, "datetime": {"datetime": "2024-06-13 17:15:18", "elapsed": 1.664377, "delta": 0.003989}}
{"target": -134.48492458490145, "params": {"gamma": 0.1681391751809873, "lr": 0.3986590599223787}, "datetime": {"datetime": "2024-06-13 17:15:18", "elapsed": 1.668366, "delta": 0.003989}}
{"target": -791.3573241298648, "params": {"gamma": 3.8114338314432303, "lr": 0.6593449361953647}, "datetime": {"datetime": "2024-06-13 17:15:18", "elapsed": 1.671358, "delta": 0.002992}}
{"target": -190.6847070877689, "params": {"gamma": 0.7101130863034019, "lr": 0.15260398704227185}, "datetime": {"datetime": "2024-06-13 17:15:18", "elapsed": 1.675347, "delta": 0.003989}}
{"target": -145.58776457165513, "params": {"gamma": 0.16674225312644053, "lr": 0.11379635644740682}, "datetime": {"datetime": "2024-06-13 17:15:18", "elapsed": 1.679337, "delta": 0.00399}}
{"target": -953.9119123319981, "params": {"gamma": 6.518240970824895, "lr": 0.4026568521749192}, "datetime": {"datetime": "2024-06-13 17:15:18", "elapsed": 1.683326, "delta": 0.003989}}
{"target": -590.3076005516881, "params": {"gamma": 3.2109421153589914, "lr": 0.5579119942437725}, "datetime": {"datetime": "2024-06-13 17:15:18", "elapsed": 1.686318, "delta": 0.002992}}
{"target": -2483.3154099893877, "params": {"gamma": 9.9346111705354, "lr": 0.8344865140180296}, "datetime": {"datetime": "2024-06-13 17:15:18", "elapsed": 1.689848, "delta": 0.00353}}
{"target": -1928.9142133231442, "params": {"gamma": 6.99653220081344, "lr": 0.9182585891320579}, "datetime": {"datetime": "2024-06-13 17:15:18", "elapsed": 1.693835, "delta": 0.003987}}
{"target": -195.64110905911883, "params": {"gamma": 0.3982473381241651, "lr": 0.07033344161552524}, "datetime": {"datetime": "2024-06-13 17:15:18", "elapsed": 1.697825, "delta": 0.00399}}
{"target": -652.0920001681292, "params": {"gamma": 4.740588893590559, "lr": 0.3491674129570773}, "datetime": {"datetime": "2024-06-13 17:15:18", "elapsed": 1.700816, "delta": 0.002991}}
{"target": -1424.0131904579519, "params": {"gamma": 9.37258336922236, "lr": 0.48956496114516856}, "datetime": {"datetime": "2024-06-13 17:15:18", "elapsed": 1.704806, "delta": 0.00399}}
{"target": -1464.4941987204152, "params": {"gamma": 5.396951451823413, "lr": 0.8952603657312208}, "datetime": {"datetime": "2024-06-13 17:15:18", "elapsed": 1.708796, "delta": 0.00399}}
{"target": -1207.8666607839536, "params": {"gamma": 4.466903823191082, "lr": 0.8770343892703519}, "datetime": {"datetime": "2024-06-13 17:15:18", "elapsed": 1.712785, "delta": 0.003989}}
{"target": -379.98807794202935, "params": {"gamma": 2.536563911966912, "lr": 0.27380970415810857}, "datetime": {"datetime": "2024-06-13 17:15:18", "elapsed": 1.715777, "delta": 0.002992}}
{"target": -582.2629800799997, "params": {"gamma": 3.284285539485814, "lr": 0.5475642704809535}, "datetime": {"datetime": "2024-06-13 17:15:18", "elapsed": 1.719766, "delta": 0.003989}}
{"target": -495.55747221042196, "params": {"gamma": 2.2020666115957854, "lr": 0.6714291710812733}, "datetime": {"datetime": "2024-06-13 17:15:18", "elapsed": 1.723755, "delta": 0.003989}}
{"target": -458.0820908493341, "params": {"gamma": 1.4287900347472011, "lr": 0.09410027449963942}, "datetime": {"datetime": "2024-06-13 17:15:18", "elapsed": 1.727744, "delta": 0.003989}}
{"target": -1317.6227278844717, "params": {"gamma": 8.70204727030757, "lr": 0.23686870355699852}, "datetime": {"datetime": "2024-06-13 17:15:18", "elapsed": 1.730737, "delta": 0.002993}}
{"target": -728.8499716819476, "params": {"gamma": 3.8606541062149327, "lr": 0.5715420927253323}, "datetime": {"datetime": "2024-06-13 17:15:18", "elapsed": 1.734726, "delta": 0.003989}}
{"target": -1878.9275960849036, "params": {"gamma": 5.258493897544749, "lr": 0.07602387944210687}, "datetime": {"datetime": "2024-06-13 17:15:18", "elapsed": 1.738334, "delta": 0.003608}}
{"target": -2406.951874425254, "params": {"gamma": 8.741385230044685, "lr": 0.9511356184186921}, "datetime": {"datetime": "2024-06-13 17:15:18", "elapsed": 1.742323, "delta": 0.003989}}
{"target": -1160.3795002822828, "params": {"gamma": 8.125260534442543, "lr": 0.2838018349468743}, "datetime": {"datetime": "2024-06-13 17:15:18", "elapsed": 1.745315, "delta": 0.002992}}
{"target": -723.7980816387519, "params": {"gamma": 5.278940114383477, "lr": 0.3394167240176095}, "datetime": {"datetime": "2024-06-13 17:15:18", "elapsed": 1.749304, "delta": 0.003989}}
{"target": -1531.9070374171158, "params": {"gamma": 5.54711844056588, "lr": 0.9744034689130026}, "datetime": {"datetime": "2024-06-13 17:15:18", "elapsed": 1.753293, "delta": 0.003989}}
{"target": -689.4503190036683, "params": {"gamma": 3.1177174742720952, "lr": 0.6687966059228697}, "datetime": {"datetime": "2024-06-13 17:15:18", "elapsed": 1.756285, "delta": 0.002992}}
{"target": -807.3020951408208, "params": {"gamma": 3.26034610588255, "lr": 0.7744772660150796}, "datetime": {"datetime": "2024-06-13 17:15:18", "elapsed": 1.760275, "delta": 0.00399}}
{"target": -890.42675691648, "params": {"gamma": 3.258773856165435, "lr": 0.889827341447375}, "datetime": {"datetime": "2024-06-13 17:15:18", "elapsed": 1.764265, "delta": 0.00399}}
{"target": -1839.9670528068773, "params": {"gamma": 7.51732550147175, "lr": 0.7626320954451107}, "datetime": {"datetime": "2024-06-13 17:15:18", "elapsed": 1.767256, "delta": 0.002991}}
{"target": -788.4146051628527, "params": {"gamma": 4.695320806570698, "lr": 0.21076450246870537}, "datetime": {"datetime": "2024-06-13 17:15:18", "elapsed": 1.771246, "delta": 0.00399}}
{"target": -135.21955633829512, "params": {"gamma": 0.4157093206854123, "lr": 0.3218287999702445}, "datetime": {"datetime": "2024-06-13 17:15:18", "elapsed": 1.775235, "delta": 0.003989}}
{"target": -152.78385921173023, "params": {"gamma": 0.3720895322754502, "lr": 0.6938554113738997}, "datetime": {"datetime": "2024-06-13 17:15:18", "elapsed": 1.779224, "delta": 0.003989}}
{"target": -1003.1920629427602, "params": {"gamma": 6.703829969329749, "lr": 0.430471782744975}, "datetime": {"datetime": "2024-06-13 17:15:18", "elapsed": 1.782216, "delta": 0.002992}}
{"target": -1342.3049329839216, "params": {"gamma": 7.678121987604072, "lr": 0.5360084947395637}, "datetime": {"datetime": "2024-06-13 17:15:18", "elapsed": 1.786206, "delta": 0.00399}}
{"target": -161.88577116635457, "params": {"gamma": 0.3995594064278903, "lr": 0.13479311796067905}, "datetime": {"datetime": "2024-06-13 17:15:18", "elapsed": 1.790195, "delta": 0.003989}}
{"target": -285.6626239032436, "params": {"gamma": 1.9349705737501688, "lr": 0.3356638011646498}, "datetime": {"datetime": "2024-06-13 17:15:18", "elapsed": 1.793187, "delta": 0.002992}}
{"target": -162.75075111846337, "params": {"gamma": 0.52407715142833, "lr": 0.6051167805003662}, "datetime": {"datetime": "2024-06-13 17:15:18", "elapsed": 1.797176, "delta": 0.003989}}
{"target": -1012.3191324236404, "params": {"gamma": 5.121098214211664, "lr": 0.6174610120171561}, "datetime": {"datetime": "2024-06-13 17:15:18", "elapsed": 1.801166, "delta": 0.00399}}
{"target": -1089.6358618789016, "params": {"gamma": 4.324123592048677, "lr": 0.8477004682374377}, "datetime": {"datetime": "2024-06-13 17:15:18", "elapsed": 1.805155, "delta": 0.003989}}
{"target": -1623.3135283025902, "params": {"gamma": 4.541136501535455, "lr": 0.015403519791920894}, "datetime": {"datetime": "2024-06-13 17:15:18", "elapsed": 1.808147, "delta": 0.002992}}
{"target": -1795.904851689675, "params": {"gamma": 8.730808416322548, "lr": 0.6562015477440989}, "datetime": {"datetime": "2024-06-13 17:15:18", "elapsed": 1.812136, "delta": 0.003989}}
{"target": -2266.8988808868544, "params": {"gamma": 8.23020740344406, "lr": 0.9517756930338517}, "datetime": {"datetime": "2024-06-13 17:15:18", "elapsed": 1.816126, "delta": 0.00399}}
{"target": -141.56999045740855, "params": {"gamma": 0.5100729227853552, "lr": 0.23507186409101455}, "datetime": {"datetime": "2024-06-13 17:15:18", "elapsed": 1.820115, "delta": 0.003989}}
{"target": -153.38617043765353, "params": {"gamma": 0.6343710911199417, "lr": 0.4216578860324509}, "datetime": {"datetime": "2024-06-13 17:15:18", "elapsed": 1.824104, "delta": 0.003989}}
{"target": -3083.76223069112, "params": {"gamma": 8.638427625869019, "lr": 0.0816239827150681}, "datetime": {"datetime": "2024-06-13 17:15:18", "elapsed": 1.827096, "delta": 0.002992}}
{"target": -1185.2042633293397, "params": {"gamma": 4.7316464169059, "lr": 0.12554310980872363}, "datetime": {"datetime": "2024-06-13 17:15:18", "elapsed": 1.831086, "delta": 0.00399}}
{"target": -1935.2677258823053, "params": {"gamma": 7.729083136069011, "lr": 0.8414221567958434}, "datetime": {"datetime": "2024-06-13 17:15:18", "elapsed": 1.835075, "delta": 0.003989}}
{"target": -142.09683255344802, "params": {"gamma": 0.4338660909233998, "lr": 0.48644074317039476}, "datetime": {"datetime": "2024-06-13 17:15:18", "elapsed": 1.839064, "delta": 0.003989}}
{"target": -671.0322043752459, "params": {"gamma": 2.3948710303334217, "lr": 0.9524737816932592}, "datetime": {"datetime": "2024-06-13 17:15:18", "elapsed": 1.842056, "delta": 0.002992}}
{"target": -1853.809991597919, "params": {"gamma": 9.438982385210178, "lr": 0.6139340023847009}, "datetime": {"datetime": "2024-06-13 17:15:18", "elapsed": 1.846046, "delta": 0.00399}}
{"target": -1319.8355605626787, "params": {"gamma": 9.734900485854638, "lr": 0.344861343716251}, "datetime": {"datetime": "2024-06-13 17:15:18", "elapsed": 1.850035, "delta": 0.003989}}
{"target": -1336.2435152649216, "params": {"gamma": 8.97860932595915, "lr": 0.4345949734085095}, "datetime": {"datetime": "2024-06-13 17:15:18", "elapsed": 1.853027, "delta": 0.002992}}
{"target": -661.2931316330416, "params": {"gamma": 2.35891055683799, "lr": 0.9408279632013994}, "datetime": {"datetime": "2024-06-13 17:15:18", "elapsed": 1.857016, "delta": 0.003989}}
{"target": -2443.532343724858, "params": {"gamma": 6.842496291781293, "lr": 0.06491158533912933}, "datetime": {"datetime": "2024-06-13 17:15:18", "elapsed": 1.861005, "delta": 0.003989}}
{"target": -1885.859435115549, "params": {"gamma": 8.704378143373837, "lr": 0.7013802946333463}, "datetime": {"datetime": "2024-06-13 17:15:18", "elapsed": 1.863998, "delta": 0.002993}}
{"target": -1341.7662770047243, "params": {"gamma": 6.049663802869843, "lr": 0.7323748991793305}, "datetime": {"datetime": "2024-06-13 17:15:18", "elapsed": 1.867987, "delta": 0.003989}}
{"target": -511.9242134795684, "params": {"gamma": 2.535136985955308, "lr": 0.6004889552745444}, "datetime": {"datetime": "2024-06-13 17:15:18", "elapsed": 1.871976, "delta": 0.003989}}
{"target": -2908.348731387238, "params": {"gamma": 8.146377193435292, "lr": 0.05411366032399989}, "datetime": {"datetime": "2024-06-13 17:15:18", "elapsed": 1.875965, "delta": 0.003989}}
{"target": -350.7946569293506, "params": {"gamma": 1.3059762027213204, "lr": 0.8424458099564136}, "datetime": {"datetime": "2024-06-13 17:15:18", "elapsed": 1.878958, "delta": 0.002993}}
{"target": -1083.981037016681, "params": {"gamma": 6.183840347409528, "lr": 0.531287810481058}, "datetime": {"datetime": "2024-06-13 17:15:18", "elapsed": 1.882947, "delta": 0.003989}}
{"target": -350.3817458757739, "params": {"gamma": 2.483658999241989, "lr": 0.2950785752494959}, "datetime": {"datetime": "2024-06-13 17:15:18", "elapsed": 1.886936, "delta": 0.003989}}
{"target": -1269.5412426829132, "params": {"gamma": 8.726988963029699, "lr": 0.42166593484970927}, "datetime": {"datetime": "2024-06-13 17:15:18", "elapsed": 1.890926, "delta": 0.00399}}
{"target": -215.74358277232574, "params": {"gamma": 0.6452381255404884, "lr": 0.8969850695075825}, "datetime": {"datetime": "2024-06-13 17:15:18", "elapsed": 1.893917, "delta": 0.002991}}
{"target": -526.9789932697921, "params": {"gamma": 2.0346049474076864, "lr": 0.8262275354923914}, "datetime": {"datetime": "2024-06-13 17:15:18", "elapsed": 1.897907, "delta": 0.00399}}
{"target": -1340.8335826861894, "params": {"gamma": 8.81782446020499, "lr": 0.48675074481833813}, "datetime": {"datetime": "2024-06-13 17:15:18", "elapsed": 1.901896, "delta": 0.003989}}
{"target": -1049.632966546929, "params": {"gamma": 5.98504846635326, "lr": 0.527267456485417}, "datetime": {"datetime": "2024-06-13 17:15:18", "elapsed": 1.905886, "delta": 0.00399}}
{"target": -1567.433997406245, "params": {"gamma": 6.248588120560806, "lr": 0.8550417213473515}, "datetime": {"datetime": "2024-06-13 17:15:18", "elapsed": 1.908877, "delta": 0.002991}}
{"target": -769.4726730094966, "params": {"gamma": 2.8221123446002014, "lr": 0.8837555081806009}, "datetime": {"datetime": "2024-06-13 17:15:18", "elapsed": 1.912868, "delta": 0.003991}}
{"target": -1469.543406654934, "params": {"gamma": 5.677335610861374, "lr": 0.11510304096690338}, "datetime": {"datetime": "2024-06-13 17:15:18", "elapsed": 1.916856, "delta": 0.003988}}
{"target": -441.3750596984413, "params": {"gamma": 2.270784650981365, "lr": 0.5959823856130138}, "datetime": {"datetime": "2024-06-13 17:15:18", "elapsed": 1.920846, "delta": 0.00399}}
{"target": -608.208165601277, "params": {"gamma": 2.395222922809899, "lr": 0.13141566053746057}, "datetime": {"datetime": "2024-06-13 17:15:18", "elapsed": 1.924835, "delta": 0.003989}}
{"target": -424.9772577129268, "params": {"gamma": 1.6193152935242277, "lr": 0.8448725182357391}, "datetime": {"datetime": "2024-06-13 17:15:18", "elapsed": 1.927827, "delta": 0.002992}}
{"target": -1662.028681147105, "params": {"gamma": 6.022234355273215, "lr": 0.9635670871883419}, "datetime": {"datetime": "2024-06-13 17:15:18", "elapsed": 1.931816, "delta": 0.003989}}
{"target": -658.2649000628951, "params": {"gamma": 3.4574464537469587, "lr": 0.5956250981349497}, "datetime": {"datetime": "2024-06-13 17:15:18", "elapsed": 1.935805, "delta": 0.003989}}
{"target": -1181.563421173519, "params": {"gamma": 5.9902539044452245, "lr": 0.6157042872039488}, "datetime": {"datetime": "2024-06-13 17:15:18", "elapsed": 1.939795, "delta": 0.00399}}
{"target": -193.79700412320332, "params": {"gamma": 0.5927128946500382, "lr": 0.7503171845746859}, "datetime": {"datetime": "2024-06-13 17:15:18", "elapsed": 1.942787, "delta": 0.002992}}
{"target": -1654.3211510542885, "params": {"gamma": 9.482146772378064, "lr": 0.5346790571795887}, "datetime": {"datetime": "2024-06-13 17:15:18", "elapsed": 1.946777, "delta": 0.00399}}
{"target": -487.7907157715916, "params": {"gamma": 1.926367653529729, "lr": 0.7529259149799422}, "datetime": {"datetime": "2024-06-13 17:15:18", "elapsed": 1.950766, "delta": 0.003989}}
{"target": -140.5975537905673, "params": {"gamma": 0.07418237430931014, "lr": 0.32825610365078084}, "datetime": {"datetime": "2024-06-13 17:15:18", "elapsed": 1.953758, "delta": 0.002992}}
{"target": -1719.9776647037688, "params": {"gamma": 9.176145870096288, "lr": 0.5883673328938768}, "datetime": {"datetime": "2024-06-13 17:15:18", "elapsed": 1.957747, "delta": 0.003989}}
{"target": -1680.881853952253, "params": {"gamma": 8.55204764875745, "lr": 0.6046720523491877}, "datetime": {"datetime": "2024-06-13 17:15:18", "elapsed": 1.961736, "delta": 0.003989}}
{"target": -2212.9595845399695, "params": {"gamma": 8.225958947086186, "lr": 0.8794835234293169}, "datetime": {"datetime": "2024-06-13 17:15:18", "elapsed": 1.965726, "delta": 0.00399}}
{"target": -838.3074093723397, "params": {"gamma": 3.210542758870008, "lr": 0.12295477155217849}, "datetime": {"datetime": "2024-06-13 17:15:18", "elapsed": 1.969715, "delta": 0.003989}}
{"target": -1077.7594831400772, "params": {"gamma": 7.213312138521522, "lr": 0.44034708683123824}, "datetime": {"datetime": "2024-06-13 17:15:18", "elapsed": 1.972707, "delta": 0.002992}}
{"target": -265.8891754292579, "params": {"gamma": 1.268230355710944, "lr": 0.5898236481098892}, "datetime": {"datetime": "2024-06-13 17:15:18", "elapsed": 1.976696, "delta": 0.003989}}
{"target": -137.00069856518687, "params": {"gamma": 0.36164707738402946, "lr": 0.20018211641098693}, "datetime": {"datetime": "2024-06-13 17:15:18", "elapsed": 1.980686, "delta": 0.00399}}
{"target": -2814.536395336159, "params": {"gamma": 7.883223595490022, "lr": 0.012096760015357866}, "datetime": {"datetime": "2024-06-13 17:15:18", "elapsed": 1.983678, "delta": 0.002992}}
{"target": -1086.996880831354, "params": {"gamma": 3.034153371413982, "lr": 0.021375961088070716}, "datetime": {"datetime": "2024-06-13 17:15:18", "elapsed": 1.987667, "delta": 0.003989}}
{"target": -1858.546656616062, "params": {"gamma": 9.974852442290567, "lr": 0.5820299763434618}, "datetime": {"datetime": "2024-06-13 17:15:18", "elapsed": 1.991656, "delta": 0.003989}}
{"target": -817.6306760640266, "params": {"gamma": 2.93446940858208, "lr": 0.9289494618931157}, "datetime": {"datetime": "2024-06-13 17:15:18", "elapsed": 1.994648, "delta": 0.002992}}
{"target": -779.8298130365035, "params": {"gamma": 5.071687116058498, "lr": 0.4546922275524069}, "datetime": {"datetime": "2024-06-13 17:15:18", "elapsed": 1.998638, "delta": 0.00399}}
{"target": -842.9459343909556, "params": {"gamma": 5.879127191455569, "lr": 0.2641376442105696}, "datetime": {"datetime": "2024-06-13 17:15:18", "elapsed": 2.002627, "delta": 0.003989}}
{"target": -430.44933570585135, "params": {"gamma": 3.0535777051749857, "lr": 0.37165457672418245}, "datetime": {"datetime": "2024-06-13 17:15:18", "elapsed": 2.006616, "delta": 0.003989}}
{"target": -472.9306942174247, "params": {"gamma": 2.4452355457167374, "lr": 0.5845472661166298}, "datetime": {"datetime": "2024-06-13 17:15:18", "elapsed": 2.009609, "delta": 0.002993}}
{"target": -2484.9797261850526, "params": {"gamma": 6.958765493189333, "lr": 0.07194722016400112}, "datetime": {"datetime": "2024-06-13 17:15:18", "elapsed": 2.013598, "delta": 0.003989}}
{"target": -2372.9345607217315, "params": {"gamma": 9.710862112935013, "lr": 0.7530706558694549}, "datetime": {"datetime": "2024-06-13 17:15:18", "elapsed": 2.017587, "delta": 0.003989}}
{"target": -1972.2566329209071, "params": {"gamma": 8.061825466371129, "lr": 0.7516404040812905}, "datetime": {"datetime": "2024-06-13 17:15:18", "elapsed": 2.021576, "delta": 0.003989}}
{"target": -171.78185037707357, "params": {"gamma": 0.8015297117349018, "lr": 0.48169628302117706}, "datetime": {"datetime": "2024-06-13 17:15:18", "elapsed": 2.025566, "delta": 0.00399}}
{"target": -975.5137610109365, "params": {"gamma": 4.457283891060159, "lr": 0.6724726505249299}, "datetime": {"datetime": "2024-06-13 17:15:18", "elapsed": 2.029555, "delta": 0.003989}}
{"target": -982.0707696073571, "params": {"gamma": 4.487923850984395, "lr": 0.7043133983839096}, "datetime": {"datetime": "2024-06-13 17:15:18", "elapsed": 2.033545, "delta": 0.00399}}
{"target": -1481.0704376384654, "params": {"gamma": 6.816771730688627, "lr": 0.6971485287527562}, "datetime": {"datetime": "2024-06-13 17:15:18", "elapsed": 2.036536, "delta": 0.002991}}
{"target": -1361.8971478798005, "params": {"gamma": 6.186388824872803, "lr": 0.15098073327964578}, "datetime": {"datetime": "2024-06-13 17:15:18", "elapsed": 2.040525, "delta": 0.003989}}
{"target": -1861.3893272078924, "params": {"gamma": 7.608263760601256, "lr": 0.781045822193957}, "datetime": {"datetime": "2024-06-13 17:15:18", "elapsed": 2.044515, "delta": 0.00399}}
{"target": -1368.3094015647541, "params": {"gamma": 9.041125756152136, "lr": 0.23376869260410593}, "datetime": {"datetime": "2024-06-13 17:15:18", "elapsed": 2.047507, "delta": 0.002992}}
{"target": -264.2539149764321, "params": {"gamma": 1.7676122518303419, "lr": 0.3910991231067624}, "datetime": {"datetime": "2024-06-13 17:15:18", "elapsed": 2.051496, "delta": 0.003989}}
{"target": -814.5462224135931, "params": {"gamma": 3.206325975297607, "lr": 0.8154769290056262}, "datetime": {"datetime": "2024-06-13 17:15:18", "elapsed": 2.055486, "delta": 0.00399}}
{"target": -1504.340145355817, "params": {"gamma": 6.135645470784649, "lr": 0.7600017523497489}, "datetime": {"datetime": "2024-06-13 17:15:18", "elapsed": 2.059475, "delta": 0.003989}}
{"target": -1314.783232128085, "params": {"gamma": 4.277223331869946, "lr": 0.09944056291558923}, "datetime": {"datetime": "2024-06-13 17:15:18", "elapsed": 2.062468, "delta": 0.002993}}
{"target": -194.0183859726066, "params": {"gamma": 1.151235085490412, "lr": 0.3734071317371953}, "datetime": {"datetime": "2024-06-13 17:15:18", "elapsed": 2.066456, "delta": 0.003988}}
{"target": -503.71204590030146, "params": {"gamma": 1.939283827327562, "lr": 0.8207464986229382}, "datetime": {"datetime": "2024-06-13 17:15:18", "elapsed": 2.070446, "delta": 0.00399}}
{"target": -1305.2780198359017, "params": {"gamma": 5.996760448228745, "lr": 0.688845259018665}, "datetime": {"datetime": "2024-06-13 17:15:18", "elapsed": 2.074435, "delta": 0.003989}}
{"target": -1659.6808178378692, "params": {"gamma": 4.911608503081658, "lr": 0.08817368124218106}, "datetime": {"datetime": "2024-06-13 17:15:18", "elapsed": 2.077427, "delta": 0.002992}}
