{"target": -146.24988299245646, "params": {"gamma": 0.7466661384435471, "prior": 3.766026368361488, "rate": 1.235065179287484}, "datetime": {"datetime": "2024-06-14 11:40:40", "elapsed": 3.566091, "delta": 0.008975}}
{"target": -537.519137931229, "params": {"gamma": 6.345552644202125, "prior": 4.1978064727211475, "rate": 9.909165409621975}, "datetime": {"datetime": "2024-06-14 11:40:40", "elapsed": 3.575067, "delta": 0.008976}}
{"target": -770.7525662137836, "params": {"gamma": 9.299626280909525, "prior": 1.5774367198665253, "rate": 3.9494277431054683}, "datetime": {"datetime": "2024-06-14 11:40:40", "elapsed": 3.584043, "delta": 0.008976}}
{"target": -328.7162975550648, "params": {"gamma": 4.6163355299129, "prior": 5.6533926757072575, "rate": 7.803854869369396}, "datetime": {"datetime": "2024-06-14 11:40:40", "elapsed": 3.59302, "delta": 0.008977}}
{"target": -262.1055925660318, "params": {"gamma": 4.872451896825164, "prior": 4.257936164901384, "rate": 2.6207350474886373}, "datetime": {"datetime": "2024-06-14 11:40:40", "elapsed": 3.601995, "delta": 0.008975}}
{"target": -1372.2248954653278, "params": {"gamma": 9.108150584728497, "prior": 0.32048796417476116, "rate": 8.211397860291427}, "datetime": {"datetime": "2024-06-14 11:40:40", "elapsed": 3.611969, "delta": 0.009974}}
{"target": -166.82520574615944, "params": {"gamma": 1.8854955282645185, "prior": 6.888993301808218, "rate": 3.552738684007098}, "datetime": {"datetime": "2024-06-14 11:40:40", "elapsed": 3.620945, "delta": 0.008976}}
{"target": -580.9048094224872, "params": {"gamma": 9.742152066323019, "prior": 1.3154440815492576, "rate": 1.8765113562797784}, "datetime": {"datetime": "2024-06-14 11:40:40", "elapsed": 3.630919, "delta": 0.009974}}
{"target": -403.8053401294973, "params": {"gamma": 8.894535312169324, "prior": 5.875722514621456, "rate": 3.0931546002031376}, "datetime": {"datetime": "2024-06-14 11:40:40", "elapsed": 3.639894, "delta": 0.008975}}
{"target": -147.631534780732, "params": {"gamma": 0.008643090396402046, "prior": 2.353217609390305, "rate": 1.4548909380781856}, "datetime": {"datetime": "2024-06-14 11:40:40", "elapsed": 3.649868, "delta": 0.009974}}
{"target": -193.93037663807277, "params": {"gamma": 2.035134809876536, "prior": 8.973593312359645, "rate": 8.731070688318136}, "datetime": {"datetime": "2024-06-14 11:40:40", "elapsed": 3.658843, "delta": 0.008975}}
{"target": -496.2356191683445, "params": {"gamma": 7.0031940868968645, "prior": 4.757926993906869, "rate": 8.271532887320552}, "datetime": {"datetime": "2024-06-14 11:40:40", "elapsed": 3.667819, "delta": 0.008976}}
{"target": -277.0591487309942, "params": {"gamma": 4.958768144455039, "prior": 3.698537964520562, "rate": 2.7567554245058266}, "datetime": {"datetime": "2024-06-14 11:40:40", "elapsed": 3.676795, "delta": 0.008976}}
{"target": -521.2129236434054, "params": {"gamma": 9.247483394570178, "prior": 3.931193419137293, "rate": 4.929315853439772}, "datetime": {"datetime": "2024-06-14 11:40:40", "elapsed": 3.685771, "delta": 0.008976}}
{"target": -177.35560456915806, "params": {"gamma": 2.5451265850419067, "prior": 8.861168536496827, "rate": 3.833251304596062}, "datetime": {"datetime": "2024-06-14 11:40:40", "elapsed": 3.694747, "delta": 0.008976}}
{"target": -179.08726138221553, "params": {"gamma": 2.9764495784234386, "prior": 7.2041901257280685, "rate": 1.909508561779902}, "datetime": {"datetime": "2024-06-14 11:40:40", "elapsed": 3.703712, "delta": 0.008965}}
{"target": -165.70166445345242, "params": {"gamma": 1.1828081008410374, "prior": 8.386278043913771, "rate": 7.441615077773983}, "datetime": {"datetime": "2024-06-14 11:40:40", "elapsed": 3.712688, "delta": 0.008976}}
{"target": -520.0211609899698, "params": {"gamma": 5.905614955923525, "prior": 2.5046265921522197, "rate": 6.2328482047306535}, "datetime": {"datetime": "2024-06-14 11:40:40", "elapsed": 3.721884, "delta": 0.009196}}
{"target": -279.0503071905782, "params": {"gamma": 6.383914852090989, "prior": 3.342937496712019, "rate": 0.6758259413323553}, "datetime": {"datetime": "2024-06-14 11:40:40", "elapsed": 3.730848, "delta": 0.008964}}
{"target": -578.5760870814743, "params": {"gamma": 8.805505437045703, "prior": 4.6535716376351575, "rate": 7.638963307946233}, "datetime": {"datetime": "2024-06-14 11:40:40", "elapsed": 3.739825, "delta": 0.008977}}
{"target": -194.88712464841595, "params": {"gamma": 2.539632320806454, "prior": 5.954733104448417, "rate": 4.288522808327629}, "datetime": {"datetime": "2024-06-14 11:40:40", "elapsed": 3.7488, "delta": 0.008975}}
{"target": -326.9575527473295, "params": {"gamma": 3.8216243248488464, "prior": 1.3544625000845356, "rate": 2.4434223654265494}, "datetime": {"datetime": "2024-06-14 11:40:40", "elapsed": 3.757776, "delta": 0.008976}}
{"target": -177.57029550333613, "params": {"gamma": 0.7943364880002312, "prior": 3.098297216704028, "rate": 7.417306297515323}, "datetime": {"datetime": "2024-06-14 11:40:40", "elapsed": 3.76775, "delta": 0.009974}}
{"target": -271.4362754696428, "params": {"gamma": 6.150542233985518, "prior": 6.7568698794458655, "rate": 0.08482241217079087}, "datetime": {"datetime": "2024-06-14 11:40:40", "elapsed": 3.776726, "delta": 0.008976}}
{"target": -316.2936112330373, "params": {"gamma": 6.784091345540948, "prior": 5.081488836374581, "rate": 2.309853596391308}, "datetime": {"datetime": "2024-06-14 11:40:40", "elapsed": 3.785701, "delta": 0.008975}}
{"target": -267.59480104961733, "params": {"gamma": 1.7497901933102402, "prior": 1.9313313589532155, "rate": 8.44275579074591}, "datetime": {"datetime": "2024-06-14 11:40:40", "elapsed": 3.794677, "delta": 0.008976}}
{"target": -421.6898975415341, "params": {"gamma": 9.825915303261548, "prior": 9.146022285932153, "rate": 3.4743468343077555}, "datetime": {"datetime": "2024-06-14 11:40:40", "elapsed": 3.802656, "delta": 0.007979}}
{"target": -495.71888790810584, "params": {"gamma": 7.802465572333946, "prior": 5.509900447944164, "rate": 8.16460753316182}, "datetime": {"datetime": "2024-06-14 11:40:40", "elapsed": 3.811633, "delta": 0.008977}}
{"target": -332.9163305954033, "params": {"gamma": 4.8377857849378705, "prior": 5.9405178531640965, "rate": 7.872847211795091}, "datetime": {"datetime": "2024-06-14 11:40:40", "elapsed": 3.820608, "delta": 0.008975}}
{"target": -156.24514316919263, "params": {"gamma": 1.0032461963882202, "prior": 5.416370456721353, "rate": 3.660467483349873}, "datetime": {"datetime": "2024-06-14 11:40:40", "elapsed": 3.829865, "delta": 0.009257}}
{"target": -285.38271610561435, "params": {"gamma": 6.043464129845054, "prior": 9.592144904806304, "rate": 3.9288366270246278}, "datetime": {"datetime": "2024-06-14 11:40:40", "elapsed": 3.839811, "delta": 0.009946}}
{"target": -246.94822589304542, "params": {"gamma": 3.930337006418223, "prior": 7.927306236537028, "rate": 6.451138912455179}, "datetime": {"datetime": "2024-06-14 11:40:40", "elapsed": 3.848813, "delta": 0.009002}}
{"target": -228.02937130159887, "params": {"gamma": 3.9394461945459094, "prior": 6.920654977479489, "rate": 4.040612088934736}, "datetime": {"datetime": "2024-06-14 11:40:40", "elapsed": 3.857761, "delta": 0.008948}}
{"target": -164.8479449089325, "params": {"gamma": 1.3619954293269727, "prior": 4.561368359854131, "rate": 3.3448595075800287}, "datetime": {"datetime": "2024-06-14 11:40:40", "elapsed": 3.866736, "delta": 0.008975}}
{"target": -186.0385588203272, "params": {"gamma": 2.180471331681618, "prior": 9.265170536200754, "rate": 6.896704351396498}, "datetime": {"datetime": "2024-06-14 11:40:40", "elapsed": 3.875712, "delta": 0.008976}}
{"target": -312.67950159467495, "params": {"gamma": 5.988610085343597, "prior": 7.49190897401775, "rate": 5.420168646652644}, "datetime": {"datetime": "2024-06-14 11:40:40", "elapsed": 3.884688, "delta": 0.008976}}
{"target": -374.6068052154362, "params": {"gamma": 7.005630193122407, "prior": 9.312542210573467, "rate": 8.626304328357714}, "datetime": {"datetime": "2024-06-14 11:40:40", "elapsed": 3.893664, "delta": 0.008976}}
{"target": -153.03174848976337, "params": {"gamma": 1.6752511332077065, "prior": 2.705076336846355, "rate": 0.7170311841386036}, "datetime": {"datetime": "2024-06-14 11:40:40", "elapsed": 3.902641, "delta": 0.008977}}
{"target": -841.6021741237319, "params": {"gamma": 9.786749378778312, "prior": 2.4402025767377182, "rate": 6.6063229609300596}, "datetime": {"datetime": "2024-06-14 11:40:40", "elapsed": 3.911616, "delta": 0.008975}}
{"target": -181.90321671909874, "params": {"gamma": 0.8972173585756926, "prior": 2.1866323266614858, "rate": 5.028741010800528}, "datetime": {"datetime": "2024-06-14 11:40:40", "elapsed": 3.920593, "delta": 0.008977}}
{"target": -173.7621132800429, "params": {"gamma": 1.0504317296309502, "prior": 3.9498466866777715, "rate": 5.3803392136766695}, "datetime": {"datetime": "2024-06-14 11:40:40", "elapsed": 3.928815, "delta": 0.008222}}
{"target": -240.00767520145075, "params": {"gamma": 3.3927026446661146, "prior": 5.603412090153097, "rate": 5.368146451102699}, "datetime": {"datetime": "2024-06-14 11:40:40", "elapsed": 3.938789, "delta": 0.009974}}
{"target": -259.84960376197654, "params": {"gamma": 3.906714376870321, "prior": 6.993073822700919, "rate": 6.785146057525243}, "datetime": {"datetime": "2024-06-14 11:40:40", "elapsed": 3.947764, "delta": 0.008975}}
{"target": -336.934531553855, "params": {"gamma": 6.8733441905945245, "prior": 5.6587634621138045, "rate": 3.5814410602153455}, "datetime": {"datetime": "2024-06-14 11:40:40", "elapsed": 3.95674, "delta": 0.008976}}
{"target": -309.5215566048035, "params": {"gamma": 6.131510241334756, "prior": 9.363789039421178, "rate": 5.969288360934786}, "datetime": {"datetime": "2024-06-14 11:40:41", "elapsed": 3.965716, "delta": 0.008976}}
{"target": -636.033702861321, "params": {"gamma": 9.795922153419893, "prior": 4.465965542047824, "rate": 7.39638001311296}, "datetime": {"datetime": "2024-06-14 11:40:41", "elapsed": 3.974692, "delta": 0.008976}}
{"target": -148.92520206811463, "params": {"gamma": 0.3770011826173517, "prior": 7.6707937261048125, "rate": 5.1832975216877974}, "datetime": {"datetime": "2024-06-14 11:40:41", "elapsed": 3.983668, "delta": 0.008976}}
{"target": -148.55958927664864, "params": {"gamma": 0.05416001307807128, "prior": 2.8442810373477254, "rate": 5.348787492965596}, "datetime": {"datetime": "2024-06-14 11:40:41", "elapsed": 3.992644, "delta": 0.008976}}
{"target": -1011.3919266151136, "params": {"gamma": 7.679860819934835, "prior": 0.6256166949799984, "rate": 5.490985385061347}, "datetime": {"datetime": "2024-06-14 11:40:41", "elapsed": 4.00162, "delta": 0.008976}}
{"target": -495.9358668351538, "params": {"gamma": 8.010144563427762, "prior": 6.530872243296941, "rate": 9.314538702914113}, "datetime": {"datetime": "2024-06-14 11:40:41", "elapsed": 4.010596, "delta": 0.008976}}
{"target": -181.4700057836204, "params": {"gamma": 0.7482397187025968, "prior": 2.8403839797458077, "rate": 9.192455805057469}, "datetime": {"datetime": "2024-06-14 11:40:41", "elapsed": 4.019572, "delta": 0.008976}}
{"target": -470.40238808244925, "params": {"gamma": 7.650286477833132, "prior": 6.037429410273777, "rate": 8.329848470226867}, "datetime": {"datetime": "2024-06-14 11:40:41", "elapsed": 4.028823, "delta": 0.009251}}
{"target": -468.5794545833998, "params": {"gamma": 8.960538872258445, "prior": 9.729931493242967, "rate": 9.98520655039097}, "datetime": {"datetime": "2024-06-14 11:40:41", "elapsed": 4.037799, "delta": 0.008976}}
{"target": -172.36140590291646, "params": {"gamma": 1.3973536875073507, "prior": 0.7983662429626219, "rate": 0.7355930769468734}, "datetime": {"datetime": "2024-06-14 11:40:41", "elapsed": 4.046775, "delta": 0.008976}}
{"target": -145.901563604711, "params": {"gamma": 0.14842316520856935, "prior": 9.721018722481467, "rate": 0.9485743976558341}, "datetime": {"datetime": "2024-06-14 11:40:41", "elapsed": 4.055752, "delta": 0.008977}}
{"target": -405.048448973413, "params": {"gamma": 8.417526525032311, "prior": 6.883212669386226, "rate": 4.876084117661699}, "datetime": {"datetime": "2024-06-14 11:40:41", "elapsed": 4.064081, "delta": 0.008329}}
{"target": -222.45134293732372, "params": {"gamma": 3.4676021187044235, "prior": 3.6011130919633505, "rate": 2.539134984589525}, "datetime": {"datetime": "2024-06-14 11:40:41", "elapsed": 4.073058, "delta": 0.008977}}
{"target": -358.01021785340936, "params": {"gamma": 9.110268719012566, "prior": 7.283861200399203, "rate": 0.2602320020499145}, "datetime": {"datetime": "2024-06-14 11:40:41", "elapsed": 4.082034, "delta": 0.008976}}
{"target": -219.64112290888602, "params": {"gamma": 4.615751011217899, "prior": 2.884882598114433, "rate": 0.2906328955928069}, "datetime": {"datetime": "2024-06-14 11:40:41", "elapsed": 4.091009, "delta": 0.008975}}
{"target": -390.535609506135, "params": {"gamma": 8.846934261198635, "prior": 7.732953043751355, "rate": 3.298021057363365}, "datetime": {"datetime": "2024-06-14 11:40:41", "elapsed": 4.099985, "delta": 0.008976}}
{"target": -413.6098710251982, "params": {"gamma": 7.965789316779574, "prior": 3.3139193898096666, "rate": 3.0795165557326496}, "datetime": {"datetime": "2024-06-14 11:40:41", "elapsed": 4.108961, "delta": 0.008976}}
{"target": -419.9885982509735, "params": {"gamma": 9.281162675928762, "prior": 9.771470003263916, "rate": 5.236029491864212}, "datetime": {"datetime": "2024-06-14 11:40:41", "elapsed": 4.117937, "delta": 0.008976}}
{"target": -434.79687873046726, "params": {"gamma": 9.519399740511682, "prior": 8.891165289872, "rate": 5.180807583382493}, "datetime": {"datetime": "2024-06-14 11:40:41", "elapsed": 4.126913, "delta": 0.008976}}
{"target": -225.60790520282913, "params": {"gamma": 3.728115272172759, "prior": 7.132510325364133, "rate": 4.5569786029958985}, "datetime": {"datetime": "2024-06-14 11:40:41", "elapsed": 4.135889, "delta": 0.008976}}
{"target": -321.0389053595013, "params": {"gamma": 6.052523738337006, "prior": 9.905021349210472, "rate": 7.739388583314729}, "datetime": {"datetime": "2024-06-14 11:40:41", "elapsed": 4.144866, "delta": 0.008977}}
{"target": -306.1251346940325, "params": {"gamma": 3.343429773533269, "prior": 0.9810823861415419, "rate": 1.8498709971938052}, "datetime": {"datetime": "2024-06-14 11:40:41", "elapsed": 4.153878, "delta": 0.009012}}
{"target": -417.15353821112825, "params": {"gamma": 5.2689919070424525, "prior": 4.229313939257894, "rate": 8.006795921634268}, "datetime": {"datetime": "2024-06-14 11:40:41", "elapsed": 4.162818, "delta": 0.00894}}
{"target": -1019.4592938211474, "params": {"gamma": 9.332090179528631, "prior": 1.8608610047183507, "rate": 8.600807641991286}, "datetime": {"datetime": "2024-06-14 11:40:41", "elapsed": 4.171794, "delta": 0.008976}}
{"target": -371.87563244481623, "params": {"gamma": 9.57399186834036, "prior": 9.598759007812843, "rate": 0.37958801461658453}, "datetime": {"datetime": "2024-06-14 11:40:41", "elapsed": 4.180532, "delta": 0.008738}}
{"target": -189.64119307953763, "params": {"gamma": 0.576777472576129, "prior": 0.15739418988512105, "rate": 3.127498880398609}, "datetime": {"datetime": "2024-06-14 11:40:41", "elapsed": 4.189509, "delta": 0.008977}}
{"target": -156.41372365906014, "params": {"gamma": 0.5579284287083343, "prior": 3.0092386061583873, "rate": 3.5608088438258343}, "datetime": {"datetime": "2024-06-14 11:40:41", "elapsed": 4.198485, "delta": 0.008976}}
{"target": -434.85229397055, "params": {"gamma": 9.536816507720744, "prior": 4.821814132619101, "rate": 2.783106185770882}, "datetime": {"datetime": "2024-06-14 11:40:41", "elapsed": 4.207461, "delta": 0.008976}}
{"target": -233.7320424824782, "params": {"gamma": 5.030548945314497, "prior": 6.469243454026442, "rate": 1.1133454800017826}, "datetime": {"datetime": "2024-06-14 11:40:41", "elapsed": 4.216436, "delta": 0.008975}}
{"target": -406.0242482422453, "params": {"gamma": 7.580858519672953, "prior": 8.534263135744226, "rate": 8.442654345834713}, "datetime": {"datetime": "2024-06-14 11:40:41", "elapsed": 4.224829, "delta": 0.008393}}
{"target": -485.6392751585225, "params": {"gamma": 8.905177817288482, "prior": 3.8802397278820355, "rate": 4.438608178466819}, "datetime": {"datetime": "2024-06-14 11:40:41", "elapsed": 4.233805, "delta": 0.008976}}
{"target": -206.00975788535519, "params": {"gamma": 1.0167131779857155, "prior": 2.335488532069228, "rate": 9.713233372262836}, "datetime": {"datetime": "2024-06-14 11:40:41", "elapsed": 4.242781, "delta": 0.008976}}
{"target": -222.16417826799662, "params": {"gamma": 2.8469550657183857, "prior": 9.083221808185874, "rate": 8.905632311496733}, "datetime": {"datetime": "2024-06-14 11:40:41", "elapsed": 4.251757, "delta": 0.008976}}
{"target": -1059.6684905558811, "params": {"gamma": 9.225122468106674, "prior": 1.645880687963868, "rate": 8.797341712870308}, "datetime": {"datetime": "2024-06-14 11:40:41", "elapsed": 4.260732, "delta": 0.008975}}
{"target": -436.12536811504987, "params": {"gamma": 6.320317509680909, "prior": 2.1852189663461443, "rate": 3.4518140318860318}, "datetime": {"datetime": "2024-06-14 11:40:41", "elapsed": 4.269709, "delta": 0.008977}}
{"target": -150.00930834739415, "params": {"gamma": 1.6000279671042428, "prior": 4.499046758716659, "rate": 0.8386657635007598}, "datetime": {"datetime": "2024-06-14 11:40:41", "elapsed": 4.279033, "delta": 0.009324}}
{"target": -245.76248447931223, "params": {"gamma": 1.654019586311918, "prior": 2.052243830020026, "rate": 6.910582388225486}, "datetime": {"datetime": "2024-06-14 11:40:41", "elapsed": 4.287517, "delta": 0.008484}}
{"target": -263.76525676441076, "params": {"gamma": 5.738454888784365, "prior": 8.745899026963649, "rate": 2.447096023126362}, "datetime": {"datetime": "2024-06-14 11:40:41", "elapsed": 4.297491, "delta": 0.009974}}
{"target": -882.7036996808474, "params": {"gamma": 6.296449959232413, "prior": 0.4408695265402466, "rate": 5.162468412309614}, "datetime": {"datetime": "2024-06-14 11:40:41", "elapsed": 4.306467, "delta": 0.008976}}
{"target": -347.853799797415, "params": {"gamma": 8.632401590656782, "prior": 9.842852784460677, "rate": 0.09971988061382621}, "datetime": {"datetime": "2024-06-14 11:40:41", "elapsed": 4.315443, "delta": 0.008976}}
{"target": -166.50168832979605, "params": {"gamma": 2.5291619792860742, "prior": 2.316111736242501, "rate": 0.4763284046833772}, "datetime": {"datetime": "2024-06-14 11:40:41", "elapsed": 4.323865, "delta": 0.008422}}
{"target": -146.38002224546764, "params": {"gamma": 0.10271439016149476, "prior": 4.952933591217894, "rate": 0.4557759745572704}, "datetime": {"datetime": "2024-06-14 11:40:41", "elapsed": 4.33284, "delta": 0.008975}}
{"target": -184.88959266622882, "params": {"gamma": 2.784002980338173, "prior": 6.435748234178231, "rate": 2.9476257235674814}, "datetime": {"datetime": "2024-06-14 11:40:41", "elapsed": 4.342813, "delta": 0.009973}}
{"target": -194.24124065956735, "params": {"gamma": 2.6972773568893555, "prior": 5.946410570211314, "rate": 3.805960238019191}, "datetime": {"datetime": "2024-06-14 11:40:41", "elapsed": 4.351789, "delta": 0.008976}}
{"target": -422.7784151274238, "params": {"gamma": 7.025527816580048, "prior": 5.011627117373624, "rate": 6.33245944879897}, "datetime": {"datetime": "2024-06-14 11:40:41", "elapsed": 4.360765, "delta": 0.008976}}
{"target": -205.6017989959294, "params": {"gamma": 3.5345900756692927, "prior": 2.9417350669395357, "rate": 1.3329379303972684}, "datetime": {"datetime": "2024-06-14 11:40:41", "elapsed": 4.369741, "delta": 0.008976}}
{"target": -509.31367186900894, "params": {"gamma": 9.370866767604843, "prior": 8.067874875556367, "rate": 9.380347403020368}, "datetime": {"datetime": "2024-06-14 11:40:41", "elapsed": 4.378287, "delta": 0.008546}}
{"target": -189.44471989077195, "params": {"gamma": 1.8546198659533752, "prior": 9.338242051949933, "rate": 9.357596323713638}, "datetime": {"datetime": "2024-06-14 11:40:41", "elapsed": 4.387234, "delta": 0.008947}}
{"target": -281.5164409031391, "params": {"gamma": 2.8361615915229414, "prior": 2.8188790593962434, "rate": 5.514764305160052}, "datetime": {"datetime": "2024-06-14 11:40:41", "elapsed": 4.39621, "delta": 0.008976}}
{"target": -161.5394384029519, "params": {"gamma": 1.8537071044461548, "prior": 4.476800995204981, "rate": 1.8539911417309063}, "datetime": {"datetime": "2024-06-14 11:40:41", "elapsed": 4.405187, "delta": 0.008977}}
{"target": -677.0872530768233, "params": {"gamma": 9.473811803621638, "prior": 4.988864109161748, "rate": 9.639213756472554}, "datetime": {"datetime": "2024-06-14 11:40:41", "elapsed": 4.41516, "delta": 0.009973}}
{"target": -497.7302830165548, "params": {"gamma": 6.449771783449607, "prior": 4.894726153020617, "rate": 9.676984764366013}, "datetime": {"datetime": "2024-06-14 11:40:41", "elapsed": 4.423705, "delta": 0.008545}}
{"target": -177.56283834792097, "params": {"gamma": 1.4327546273059197, "prior": 6.360065759198316, "rate": 6.6192217900001395}, "datetime": {"datetime": "2024-06-14 11:40:41", "elapsed": 4.432681, "delta": 0.008976}}
{"target": -576.061202262309, "params": {"gamma": 4.3389644317001075, "prior": 0.6876365308556791, "rate": 4.927733289059168}, "datetime": {"datetime": "2024-06-14 11:40:41", "elapsed": 4.441657, "delta": 0.008976}}
{"target": -230.73891077510544, "params": {"gamma": 4.651874301237257, "prior": 8.08679342667115, "rate": 2.5673532385398095}, "datetime": {"datetime": "2024-06-14 11:40:41", "elapsed": 4.450633, "delta": 0.008976}}
{"target": -396.13566510993473, "params": {"gamma": 3.914912199479702, "prior": 2.4777048514916347, "rate": 6.864747708308469}, "datetime": {"datetime": "2024-06-14 11:40:41", "elapsed": 4.459851, "delta": 0.009218}}
{"target": -1060.5999394082137, "params": {"gamma": 9.898844649917818, "prior": 1.856552414995793, "rate": 8.214645955522746}, "datetime": {"datetime": "2024-06-14 11:40:41", "elapsed": 4.468377, "delta": 0.008526}}
