{"target": -311.73119163375526, "params": {"gamma": 5.310942498517634, "prior": 8.153913136901503, "rate": 3.763565542385325}, "datetime": {"datetime": "2024-06-14 08:53:20", "elapsed": 10.272182, "delta": 0.009974}}
{"target": -352.0310255031821, "params": {"gamma": 4.4582994882209785, "prior": 7.53393534067921, "rate": 0.9843654431052541}, "datetime": {"datetime": "2024-06-14 08:53:20", "elapsed": 10.282156, "delta": 0.009974}}
{"target": -233.69321263346248, "params": {"gamma": 3.6059025236596125, "prior": 5.680691927335912, "rate": 2.3866173738298953}, "datetime": {"datetime": "2024-06-14 08:53:20", "elapsed": 10.292129, "delta": 0.009973}}
{"target": -321.9858637291955, "params": {"gamma": 8.399697763448607, "prior": 7.6819248236704, "rate": 9.655460253343795}, "datetime": {"datetime": "2024-06-14 08:53:20", "elapsed": 10.302102, "delta": 0.009973}}
{"target": -198.50381388395766, "params": {"gamma": 5.230357762062273, "prior": 1.1545941141068716, "rate": 9.366233613591808}, "datetime": {"datetime": "2024-06-14 08:53:20", "elapsed": 10.312075, "delta": 0.009973}}
{"target": -299.9242394382459, "params": {"gamma": 8.342525658973996, "prior": 5.489739793932052, "rate": 8.363186471576656}, "datetime": {"datetime": "2024-06-14 08:53:20", "elapsed": 10.321051, "delta": 0.008976}}
{"target": -418.61395207156653, "params": {"gamma": 8.81702750262007, "prior": 7.783203259932287, "rate": 5.712968516447132}, "datetime": {"datetime": "2024-06-14 08:53:20", "elapsed": 10.331024, "delta": 0.009973}}
{"target": -302.6396477005259, "params": {"gamma": 6.153371915939358, "prior": 8.459467758169252, "rate": 6.222544146503024}, "datetime": {"datetime": "2024-06-14 08:53:20", "elapsed": 10.340998, "delta": 0.009974}}
{"target": -149.96219173846524, "params": {"gamma": 2.0655931119171287, "prior": 6.945735393184301, "rate": 5.320605487023739}, "datetime": {"datetime": "2024-06-14 08:53:20", "elapsed": 10.350971, "delta": 0.009973}}
{"target": -142.85210320936696, "params": {"gamma": 2.633207341942995, "prior": 0.10778676114340056, "rate": 2.3557421152378364}, "datetime": {"datetime": "2024-06-14 08:53:20", "elapsed": 10.360944, "delta": 0.009973}}
{"target": -297.8173180696056, "params": {"gamma": 6.735993413062344, "prior": 8.795369976841354, "rate": 8.307194989836436}, "datetime": {"datetime": "2024-06-14 08:53:20", "elapsed": 10.371595, "delta": 0.010651}}
{"target": -115.2894328260624, "params": {"gamma": 1.0819657484995155, "prior": 0.8041372972760987, "rate": 7.616161526478173}, "datetime": {"datetime": "2024-06-14 08:53:20", "elapsed": 10.382565, "delta": 0.01097}}
{"target": -313.03236680610866, "params": {"gamma": 2.849048887810949, "prior": 2.790850219716551, "rate": 0.021001005783708615}, "datetime": {"datetime": "2024-06-14 08:53:20", "elapsed": 10.392539, "delta": 0.009974}}
{"target": -125.27626812858132, "params": {"gamma": 0.9862915673948899, "prior": 1.442410769184296, "rate": 1.5944427020857364}, "datetime": {"datetime": "2024-06-14 08:53:20", "elapsed": 10.402512, "delta": 0.009973}}
{"target": -213.22725216193552, "params": {"gamma": 4.453690712551038, "prior": 8.159944565765821, "rate": 8.123168855569107}, "datetime": {"datetime": "2024-06-14 08:53:20", "elapsed": 10.411488, "delta": 0.008976}}
{"target": -318.3756954039946, "params": {"gamma": 9.099986227202798, "prior": 4.491561182341304, "rate": 7.087396368942189}, "datetime": {"datetime": "2024-06-14 08:53:20", "elapsed": 10.421461, "delta": 0.009973}}
{"target": -208.87308596617308, "params": {"gamma": 4.883852847086367, "prior": 0.5934413255317578, "rate": 0.8052339082615015}, "datetime": {"datetime": "2024-06-14 08:53:20", "elapsed": 10.430437, "delta": 0.008976}}
{"target": -163.87123132918828, "params": {"gamma": 2.4601774098261746, "prior": 9.818055113367866, "rate": 6.919480375538572}, "datetime": {"datetime": "2024-06-14 08:53:20", "elapsed": 10.44041, "delta": 0.009973}}
{"target": -161.1227089972917, "params": {"gamma": 2.680807810991347, "prior": 7.09200612105803, "rate": 6.6137999976813155}, "datetime": {"datetime": "2024-06-14 08:53:20", "elapsed": 10.450384, "delta": 0.009974}}
{"target": -126.14419904299857, "params": {"gamma": 0.4338583185782008, "prior": 3.6787270879532055, "rate": 7.737506106039536}, "datetime": {"datetime": "2024-06-14 08:53:20", "elapsed": 10.45936, "delta": 0.008976}}
{"target": -126.095135116658, "params": {"gamma": 0.7861506254262016, "prior": 8.855402756081128, "rate": 9.308752094249328}, "datetime": {"datetime": "2024-06-14 08:53:20", "elapsed": 10.469333, "delta": 0.009973}}
{"target": -273.31452830233536, "params": {"gamma": 8.531002038386509, "prior": 1.2620382805993853, "rate": 5.652169643537417}, "datetime": {"datetime": "2024-06-14 08:53:20", "elapsed": 10.478309, "delta": 0.008976}}
{"target": -548.0303184889611, "params": {"gamma": 7.075891918374401, "prior": 8.89100289040774, "rate": 0.958664516968829}, "datetime": {"datetime": "2024-06-14 08:53:20", "elapsed": 10.488283, "delta": 0.009974}}
{"target": -273.27628716198365, "params": {"gamma": 8.157890074908734, "prior": 2.852361683520942, "rate": 5.923281570273373}, "datetime": {"datetime": "2024-06-14 08:53:20", "elapsed": 10.498117, "delta": 0.009834}}
{"target": -437.7614862108169, "params": {"gamma": 7.198237298029824, "prior": 7.7924895786681345, "rate": 2.947353825139696}, "datetime": {"datetime": "2024-06-14 08:53:20", "elapsed": 10.507093, "delta": 0.008976}}
{"target": -212.94467306437696, "params": {"gamma": 6.074158012949801, "prior": 2.945981454603072, "rate": 9.983169186094411}, "datetime": {"datetime": "2024-06-14 08:53:20", "elapsed": 10.517066, "delta": 0.009973}}
{"target": -272.55418116329514, "params": {"gamma": 8.145241573815564, "prior": 4.198381371066737, "rate": 8.791542714456694}, "datetime": {"datetime": "2024-06-14 08:53:20", "elapsed": 10.52704, "delta": 0.009974}}
{"target": -525.0338776571533, "params": {"gamma": 7.325278649969429, "prior": 9.294594614204785, "rate": 1.7169353317749951}, "datetime": {"datetime": "2024-06-14 08:53:20", "elapsed": 10.537013, "delta": 0.009973}}
{"target": -145.4786294088369, "params": {"gamma": 2.9490552142038204, "prior": 1.0279930931389578, "rate": 3.1804923357554484}, "datetime": {"datetime": "2024-06-14 08:53:20", "elapsed": 10.548981, "delta": 0.011968}}
{"target": -208.3926853096819, "params": {"gamma": 3.812504948851634, "prior": 6.36385414222566, "rate": 4.715727863547479}, "datetime": {"datetime": "2024-06-14 08:53:20", "elapsed": 10.561948, "delta": 0.012967}}
{"target": -368.35380961565374, "params": {"gamma": 7.176972138789694, "prior": 2.7653129816669733, "rate": 1.7313941351026625}, "datetime": {"datetime": "2024-06-14 08:53:20", "elapsed": 10.572948, "delta": 0.011}}
{"target": -194.17374791592343, "params": {"gamma": 3.7918469051508774, "prior": 4.43700623053576, "rate": 4.221843551590521}, "datetime": {"datetime": "2024-06-14 08:53:20", "elapsed": 10.582891, "delta": 0.009943}}
{"target": -344.2625553797685, "params": {"gamma": 9.135783296928588, "prior": 2.7687134816348475, "rate": 3.5210819835488736}, "datetime": {"datetime": "2024-06-14 08:53:20", "elapsed": 10.593863, "delta": 0.010972}}
{"target": -144.64707620126754, "params": {"gamma": 2.1528813919731067, "prior": 3.7820378129023013, "rate": 3.8991640529202587}, "datetime": {"datetime": "2024-06-14 08:53:20", "elapsed": 10.603835, "delta": 0.009972}}
{"target": -265.4695460081898, "params": {"gamma": 5.754695144061634, "prior": 2.855813288362186, "rate": 2.595663592769973}, "datetime": {"datetime": "2024-06-14 08:53:20", "elapsed": 10.613808, "delta": 0.009973}}
{"target": -541.6397121397782, "params": {"gamma": 7.190894889170183, "prior": 9.110769204968191, "rate": 1.2218460988148518}, "datetime": {"datetime": "2024-06-14 08:53:20", "elapsed": 10.62492, "delta": 0.011112}}
{"target": -124.22847815728743, "params": {"gamma": 1.8237074185290985, "prior": 1.4177854842714415, "rate": 6.836393220362168}, "datetime": {"datetime": "2024-06-14 08:53:20", "elapsed": 10.635223, "delta": 0.010303}}
{"target": -179.4681560986644, "params": {"gamma": 2.1408837173038955, "prior": 6.0852588727331, "rate": 2.0175856692950274}, "datetime": {"datetime": "2024-06-14 08:53:20", "elapsed": 10.649446, "delta": 0.014223}}
{"target": -273.8523190719661, "params": {"gamma": 8.177754179737551, "prior": 3.229460609356161, "rate": 6.696498030094077}, "datetime": {"datetime": "2024-06-14 08:53:20", "elapsed": 10.658813, "delta": 0.009367}}
{"target": -132.68811236026784, "params": {"gamma": 1.4881868944628063, "prior": 3.128859926152989, "rate": 2.9731172115714624}, "datetime": {"datetime": "2024-06-14 08:53:20", "elapsed": 10.67078, "delta": 0.011967}}
{"target": -258.64631347179613, "params": {"gamma": 6.3511642455179445, "prior": 6.840717218521033, "rate": 8.452641216391733}, "datetime": {"datetime": "2024-06-14 08:53:20", "elapsed": 10.684743, "delta": 0.013963}}
{"target": -139.6420136551954, "params": {"gamma": 1.8342857207824639, "prior": 7.628254666633741, "rate": 7.119682083391317}, "datetime": {"datetime": "2024-06-14 08:53:20", "elapsed": 10.694716, "delta": 0.009973}}
{"target": -425.64887503409534, "params": {"gamma": 5.575881596860648, "prior": 6.536613564525276, "rate": 0.9008610352239393}, "datetime": {"datetime": "2024-06-14 08:53:20", "elapsed": 10.70469, "delta": 0.009974}}
{"target": -124.34133820975538, "params": {"gamma": 1.4696112814099909, "prior": 4.214160035094695, "rate": 7.1139955123219485}, "datetime": {"datetime": "2024-06-14 08:53:20", "elapsed": 10.713666, "delta": 0.008976}}
{"target": -131.15285442247625, "params": {"gamma": 1.6790438150723197, "prior": 3.950893478320653, "rate": 4.979961592920374}, "datetime": {"datetime": "2024-06-14 08:53:20", "elapsed": 10.723639, "delta": 0.009973}}
{"target": -319.4579473318948, "params": {"gamma": 9.350522223405173, "prior": 0.6464428616796051, "rate": 8.290245901995016}, "datetime": {"datetime": "2024-06-14 08:53:20", "elapsed": 10.733612, "delta": 0.009973}}
{"target": -303.4658322176512, "params": {"gamma": 9.841614299141947, "prior": 2.7459988738469, "rate": 8.90068298043714}, "datetime": {"datetime": "2024-06-14 08:53:20", "elapsed": 10.743586, "delta": 0.009974}}
{"target": -187.21030252956487, "params": {"gamma": 2.9037110876153163, "prior": 8.010174232146655, "rate": 4.599113822624364}, "datetime": {"datetime": "2024-06-14 08:53:20", "elapsed": 10.753559, "delta": 0.009973}}
{"target": -212.1347195823645, "params": {"gamma": 5.976488880119824, "prior": 2.443007029974514, "rate": 6.87646200664599}, "datetime": {"datetime": "2024-06-14 08:53:20", "elapsed": 10.762863, "delta": 0.009304}}
{"target": -134.173789690174, "params": {"gamma": 1.4876999762661907, "prior": 5.640896340117552, "rate": 4.943794976509587}, "datetime": {"datetime": "2024-06-14 08:53:20", "elapsed": 10.772837, "delta": 0.009974}}
{"target": -295.73854651077966, "params": {"gamma": 8.372222753498248, "prior": 4.866538302199957, "rate": 7.847524868907307}, "datetime": {"datetime": "2024-06-14 08:53:20", "elapsed": 10.78281, "delta": 0.009973}}
{"target": -169.2410995468956, "params": {"gamma": 4.003542773051022, "prior": 3.1482687409659618, "rate": 7.872484136639694}, "datetime": {"datetime": "2024-06-14 08:53:20", "elapsed": 10.792784, "delta": 0.009974}}
{"target": -196.92877559260592, "params": {"gamma": 4.185224174850338, "prior": 5.017984006012016, "rate": 5.773647990711966}, "datetime": {"datetime": "2024-06-14 08:53:21", "elapsed": 10.801759, "delta": 0.008975}}
{"target": -400.18485675391014, "params": {"gamma": 8.196837713155396, "prior": 5.8550677488045215, "rate": 4.062022883905419}, "datetime": {"datetime": "2024-06-14 08:53:21", "elapsed": 10.811732, "delta": 0.009973}}
{"target": -130.04494746388207, "params": {"gamma": 1.6067076982639186, "prior": 7.050901918649678, "rate": 8.832444983696695}, "datetime": {"datetime": "2024-06-14 08:53:21", "elapsed": 10.821735, "delta": 0.010003}}
{"target": -119.57610397344489, "params": {"gamma": 1.0846805001536175, "prior": 4.715518360549507, "rate": 9.34542051628517}, "datetime": {"datetime": "2024-06-14 08:53:21", "elapsed": 10.831679, "delta": 0.009944}}
{"target": -440.1356874755073, "params": {"gamma": 5.635528165584233, "prior": 5.4980097896596, "rate": 0.6356920232315505}, "datetime": {"datetime": "2024-06-14 08:53:21", "elapsed": 10.840655, "delta": 0.008976}}
{"target": -377.73546464394025, "params": {"gamma": 5.353466496108746, "prior": 6.579958907817386, "rate": 1.466771864485812}, "datetime": {"datetime": "2024-06-14 08:53:21", "elapsed": 10.850628, "delta": 0.009973}}
{"target": -296.57672350992647, "params": {"gamma": 9.563690911740819, "prior": 2.0418928402390932, "rate": 6.739586009585863}, "datetime": {"datetime": "2024-06-14 08:53:21", "elapsed": 10.859604, "delta": 0.008976}}
{"target": -143.99895629872088, "params": {"gamma": 2.744137192928587, "prior": 1.1734652549355584, "rate": 2.6097471361451294}, "datetime": {"datetime": "2024-06-14 08:53:21", "elapsed": 10.86958, "delta": 0.009976}}
{"target": -211.90972828928773, "params": {"gamma": 3.3421841833472294, "prior": 4.700845584587125, "rate": 2.3443300775714717}, "datetime": {"datetime": "2024-06-14 08:53:21", "elapsed": 10.879402, "delta": 0.009822}}
{"target": -313.709794424807, "params": {"gamma": 7.27531136269942, "prior": 8.09119191003769, "rate": 7.909964984873447}, "datetime": {"datetime": "2024-06-14 08:53:21", "elapsed": 10.88837, "delta": 0.008968}}
{"target": -341.1414116309058, "params": {"gamma": 7.157769735363946, "prior": 2.7694681369941243, "rate": 2.1053674526157167}, "datetime": {"datetime": "2024-06-14 08:53:21", "elapsed": 10.898776, "delta": 0.010406}}
{"target": -156.8895136637748, "params": {"gamma": 1.092174154085908, "prior": 4.027142903887254, "rate": 0.8735791351201521}, "datetime": {"datetime": "2024-06-14 08:53:21", "elapsed": 10.907887, "delta": 0.009111}}
{"target": -310.4207206085446, "params": {"gamma": 6.554241175168271, "prior": 9.503306252187942, "rate": 7.556577172510941}, "datetime": {"datetime": "2024-06-14 08:53:21", "elapsed": 10.917902, "delta": 0.010015}}
{"target": -115.9739323999465, "params": {"gamma": 1.1698003792568261, "prior": 0.3027643623121794, "rate": 3.349553409033682}, "datetime": {"datetime": "2024-06-14 08:53:21", "elapsed": 10.927501, "delta": 0.009599}}
{"target": -313.0757698608036, "params": {"gamma": 9.928768691433605, "prior": 3.197034304972313, "rate": 7.37534048014249}, "datetime": {"datetime": "2024-06-14 08:53:21", "elapsed": 10.937522, "delta": 0.010021}}
{"target": -365.3460078647549, "params": {"gamma": 7.165577236537339, "prior": 5.768320217183284, "rate": 3.6770929306387004}, "datetime": {"datetime": "2024-06-14 08:53:21", "elapsed": 10.946763, "delta": 0.009241}}
{"target": -226.39713328447016, "params": {"gamma": 2.083448674606851, "prior": 9.801992242791993, "rate": 0.6598718062812502}, "datetime": {"datetime": "2024-06-14 08:53:21", "elapsed": 10.956786, "delta": 0.010023}}
{"target": -134.63306215953187, "params": {"gamma": 2.363041291619063, "prior": 3.1581047580501553, "rate": 9.09512403146957}, "datetime": {"datetime": "2024-06-14 08:53:21", "elapsed": 10.966758, "delta": 0.009972}}
{"target": -371.376507851806, "params": {"gamma": 7.133979260927965, "prior": 2.727181317356326, "rate": 1.6458485280836919}, "datetime": {"datetime": "2024-06-14 08:53:21", "elapsed": 10.975734, "delta": 0.008976}}
{"target": -720.6314769441802, "params": {"gamma": 8.805093637851785, "prior": 7.958453011075212, "rate": 0.38483593233206737}, "datetime": {"datetime": "2024-06-14 08:53:21", "elapsed": 10.985708, "delta": 0.009974}}
{"target": -408.693401520903, "params": {"gamma": 8.79312913512225, "prior": 5.9206034775835645, "rate": 4.575914432666735}, "datetime": {"datetime": "2024-06-14 08:53:21", "elapsed": 10.995681, "delta": 0.009973}}
{"target": -234.0293782572625, "params": {"gamma": 6.73884491695568, "prior": 0.49048370550033693, "rate": 3.303881713493146}, "datetime": {"datetime": "2024-06-14 08:53:21", "elapsed": 11.004656, "delta": 0.008975}}
{"target": -134.66382607558174, "params": {"gamma": 0.8813961296757109, "prior": 6.868010901332397, "rate": 3.9807191404477567}, "datetime": {"datetime": "2024-06-14 08:53:21", "elapsed": 11.01463, "delta": 0.009974}}
{"target": -185.87582431112497, "params": {"gamma": 4.790061963647635, "prior": 2.969053058004484, "rate": 7.883156906603142}, "datetime": {"datetime": "2024-06-14 08:53:21", "elapsed": 11.023606, "delta": 0.008976}}
{"target": -125.33029468167128, "params": {"gamma": 0.4660803099952485, "prior": 2.883143899002197, "rate": 5.906368021727022}, "datetime": {"datetime": "2024-06-14 08:53:21", "elapsed": 11.033581, "delta": 0.009975}}
{"target": -310.5993362886441, "params": {"gamma": 7.901544890842957, "prior": 6.055833425528347, "rate": 7.305156197867701}, "datetime": {"datetime": "2024-06-14 08:53:21", "elapsed": 11.043557, "delta": 0.009976}}
{"target": -148.9205548381426, "params": {"gamma": 0.23625562086340346, "prior": 2.623743534154576, "rate": 0.42187550666388557}, "datetime": {"datetime": "2024-06-14 08:53:21", "elapsed": 11.052535, "delta": 0.008978}}
{"target": -468.041479287327, "params": {"gamma": 5.000623972289424, "prior": 9.892488931793658, "rate": 0.1362915505440842}, "datetime": {"datetime": "2024-06-14 08:53:21", "elapsed": 11.062208, "delta": 0.009673}}
{"target": -191.69752110101973, "params": {"gamma": 4.409349504334219, "prior": 0.14738553924825692, "rate": 6.1292733046741406}, "datetime": {"datetime": "2024-06-14 08:53:21", "elapsed": 11.072196, "delta": 0.009988}}
{"target": -180.39915073592746, "params": {"gamma": 1.8344039025545689, "prior": 7.156143659526229, "rate": 1.5973254712175065}, "datetime": {"datetime": "2024-06-14 08:53:21", "elapsed": 11.081194, "delta": 0.008998}}
{"target": -291.66412849146747, "params": {"gamma": 8.28592797664837, "prior": 2.141163820968893, "rate": 3.522810522045676}, "datetime": {"datetime": "2024-06-14 08:53:21", "elapsed": 11.091309, "delta": 0.010115}}
{"target": -164.1800088073781, "params": {"gamma": 2.3065541407607677, "prior": 8.0960764752713, "rate": 4.903209285941475}, "datetime": {"datetime": "2024-06-14 08:53:21", "elapsed": 11.100273, "delta": 0.008964}}
{"target": -276.4256548937334, "params": {"gamma": 8.738461225360355, "prior": 1.3878511297112337, "rate": 4.990082145540017}, "datetime": {"datetime": "2024-06-14 08:53:21", "elapsed": 11.110247, "delta": 0.009974}}
{"target": -382.3679774869867, "params": {"gamma": 7.766359726186858, "prior": 9.813980671032251, "rate": 6.734103924215217}, "datetime": {"datetime": "2024-06-14 08:53:21", "elapsed": 11.12024, "delta": 0.009993}}
{"target": -203.66637855518363, "params": {"gamma": 1.8308287966897505, "prior": 7.621752259925226, "rate": 0.747277516013488}, "datetime": {"datetime": "2024-06-14 08:53:21", "elapsed": 11.130214, "delta": 0.009974}}
{"target": -378.6974440399882, "params": {"gamma": 7.62796186474408, "prior": 8.295370786127524, "rate": 5.592537951402159}, "datetime": {"datetime": "2024-06-14 08:53:21", "elapsed": 11.139208, "delta": 0.008994}}
{"target": -487.4502045251674, "params": {"gamma": 4.927715577252471, "prior": 9.371621484501743, "rate": 0.0019694099260602308}, "datetime": {"datetime": "2024-06-14 08:53:21", "elapsed": 11.149181, "delta": 0.009973}}
{"target": -142.34032410691495, "params": {"gamma": 0.0966593768907281, "prior": 2.5943190891398578, "rate": 5.057258956122923}, "datetime": {"datetime": "2024-06-14 08:53:21", "elapsed": 11.160152, "delta": 0.010971}}
{"target": -266.62602950771776, "params": {"gamma": 5.404626088310402, "prior": 3.775794997844595, "rate": 2.9278210405766725}, "datetime": {"datetime": "2024-06-14 08:53:21", "elapsed": 11.170142, "delta": 0.00999}}
{"target": -169.22211891479623, "params": {"gamma": 2.0244710973929743, "prior": 8.02279075452163, "rate": 3.159913122914842}, "datetime": {"datetime": "2024-06-14 08:53:21", "elapsed": 11.179119, "delta": 0.008977}}
{"target": -250.08844117406528, "params": {"gamma": 4.925187387485644, "prior": 8.131779827869634, "rate": 6.123977065658692}, "datetime": {"datetime": "2024-06-14 08:53:21", "elapsed": 11.190088, "delta": 0.010969}}
{"target": -173.47982264122663, "params": {"gamma": 4.086676353275073, "prior": 1.851351801368232, "rate": 3.977123246381154}, "datetime": {"datetime": "2024-06-14 08:53:21", "elapsed": 11.200062, "delta": 0.009974}}
{"target": -327.3799333772437, "params": {"gamma": 4.852641324647453, "prior": 9.906787466384639, "rate": 2.842666564129935}, "datetime": {"datetime": "2024-06-14 08:53:21", "elapsed": 11.209576, "delta": 0.009514}}
{"target": -136.1807470492097, "params": {"gamma": 1.6572311251158391, "prior": 2.2836975838028972, "rate": 2.115461976224172}, "datetime": {"datetime": "2024-06-14 08:53:21", "elapsed": 11.219549, "delta": 0.009973}}
{"target": -130.28515283710786, "params": {"gamma": 0.761400858057041, "prior": 3.712586214392191, "rate": 2.848055513881634}, "datetime": {"datetime": "2024-06-14 08:53:21", "elapsed": 11.229522, "delta": 0.009973}}
{"target": -659.669480458809, "params": {"gamma": 8.876000332641663, "prior": 7.824570138568547, "rate": 1.09154050351661}, "datetime": {"datetime": "2024-06-14 08:53:21", "elapsed": 11.238499, "delta": 0.008977}}
{"target": -277.8993086780891, "params": {"gamma": 8.505184450178726, "prior": 1.1850262084006502, "rate": 7.2023572600056704}, "datetime": {"datetime": "2024-06-14 08:53:21", "elapsed": 11.248472, "delta": 0.009973}}
{"target": -212.8074904803909, "params": {"gamma": 5.728670154913063, "prior": 0.9594030042480481, "rate": 9.053375032737591}, "datetime": {"datetime": "2024-06-14 08:53:21", "elapsed": 11.259033, "delta": 0.010561}}
{"target": -504.5693380600437, "params": {"gamma": 8.745790582338879, "prior": 8.454132140483077, "rate": 3.6963039838180336}, "datetime": {"datetime": "2024-06-14 08:53:21", "elapsed": 11.268008, "delta": 0.008975}}
