{"target": -464.576468445836, "params": {"gamma": 2.575325379792938, "lr": 0.6516840317406685}, "datetime": {"datetime": "2024-06-13 20:37:16", "elapsed": 5.559302, "delta": 0.004577}}
{"target": -720.2679807663553, "params": {"gamma": 2.8585435506242662, "lr": 0.009707596574816568}, "datetime": {"datetime": "2024-06-13 20:37:16", "elapsed": 5.563291, "delta": 0.003989}}
{"target": -1044.8905414973544, "params": {"gamma": 5.754942892815359, "lr": 0.30779227833471057}, "datetime": {"datetime": "2024-06-13 20:37:16", "elapsed": 5.568278, "delta": 0.004987}}
{"target": -327.7156815282593, "params": {"gamma": 1.5159891044593792, "lr": 0.9712833117325801}, "datetime": {"datetime": "2024-06-13 20:37:16", "elapsed": 5.573265, "delta": 0.004987}}
{"target": -329.18778417270875, "params": {"gamma": 1.6505577067216257, "lr": 0.7272354411432771}, "datetime": {"datetime": "2024-06-13 20:37:16", "elapsed": 5.577254, "delta": 0.003989}}
{"target": -1728.7283740866355, "params": {"gamma": 8.907351190743636, "lr": 0.8587151157269453}, "datetime": {"datetime": "2024-06-13 20:37:16", "elapsed": 5.582241, "delta": 0.004987}}
{"target": -443.8946935693617, "params": {"gamma": 1.8433864145173096, "lr": 0.23680853369423926}, "datetime": {"datetime": "2024-06-13 20:37:16", "elapsed": 5.58623, "delta": 0.003989}}
{"target": -142.99238390749707, "params": {"gamma": 0.1846080023892216, "lr": 0.9314054672648543}, "datetime": {"datetime": "2024-06-13 20:37:16", "elapsed": 5.591216, "delta": 0.004986}}
{"target": -1521.39468945857, "params": {"gamma": 8.871324645396406, "lr": 0.5954661689695429}, "datetime": {"datetime": "2024-06-13 20:37:16", "elapsed": 5.595206, "delta": 0.00399}}
{"target": -283.4295613424713, "params": {"gamma": 1.0945671874130298, "lr": 0.17354264684250154}, "datetime": {"datetime": "2024-06-13 20:37:16", "elapsed": 5.600192, "delta": 0.004986}}
{"target": -1154.2151407617987, "params": {"gamma": 5.770026748955153, "lr": 0.25165697350014493}, "datetime": {"datetime": "2024-06-13 20:37:16", "elapsed": 5.604181, "delta": 0.003989}}
{"target": -730.9518457478746, "params": {"gamma": 3.0024181605272484, "lr": 0.17098734894301837}, "datetime": {"datetime": "2024-06-13 20:37:16", "elapsed": 5.608171, "delta": 0.00399}}
{"target": -326.41712818415726, "params": {"gamma": 1.8967275990085757, "lr": 0.4634211543904514}, "datetime": {"datetime": "2024-06-13 20:37:16", "elapsed": 5.613158, "delta": 0.004987}}
{"target": -863.4725178923352, "params": {"gamma": 5.099229852311732, "lr": 0.5115798896647326}, "datetime": {"datetime": "2024-06-13 20:37:16", "elapsed": 5.617147, "delta": 0.003989}}
{"target": -2324.4544815029462, "params": {"gamma": 9.971390854869842, "lr": 0.1295958172701398}, "datetime": {"datetime": "2024-06-13 20:37:16", "elapsed": 5.622134, "delta": 0.004987}}
{"target": -1447.4325418920487, "params": {"gamma": 7.561942713988967, "lr": 0.7937567472248925}, "datetime": {"datetime": "2024-06-13 20:37:16", "elapsed": 5.626123, "delta": 0.003989}}
{"target": -960.3946923550469, "params": {"gamma": 5.849241105106437, "lr": 0.4627381802693252}, "datetime": {"datetime": "2024-06-13 20:37:16", "elapsed": 5.631111, "delta": 0.004988}}
{"target": -1699.851257919472, "params": {"gamma": 8.934372946865443, "lr": 0.8281802190731247}, "datetime": {"datetime": "2024-06-13 20:37:16", "elapsed": 5.635099, "delta": 0.003988}}
{"target": -164.5574430279346, "params": {"gamma": 0.5038590693510084, "lr": 0.962983753087854}, "datetime": {"datetime": "2024-06-13 20:37:16", "elapsed": 5.640086, "delta": 0.004987}}
{"target": -145.5120734562321, "params": {"gamma": 0.07439157764468438, "lr": 0.5731322046839419}, "datetime": {"datetime": "2024-06-13 20:37:16", "elapsed": 5.644075, "delta": 0.003989}}
{"target": -1108.0073440310746, "params": {"gamma": 5.7247357384538, "lr": 0.8343796647905168}, "datetime": {"datetime": "2024-06-13 20:37:16", "elapsed": 5.648065, "delta": 0.00399}}
{"target": -962.8325452968913, "params": {"gamma": 3.8477759631858306, "lr": 0.09104086904598219}, "datetime": {"datetime": "2024-06-13 20:37:16", "elapsed": 5.653052, "delta": 0.004987}}
{"target": -1449.4339869501612, "params": {"gamma": 5.81729100641988, "lr": 0.024845860363731265}, "datetime": {"datetime": "2024-06-13 20:37:16", "elapsed": 5.657041, "delta": 0.003989}}
{"target": -732.7862780269693, "params": {"gamma": 3.618595813310707, "lr": 0.9853168020853229}, "datetime": {"datetime": "2024-06-13 20:37:16", "elapsed": 5.662027, "delta": 0.004986}}
{"target": -2061.4446826460116, "params": {"gamma": 8.687919916680645, "lr": 0.15249674176120542}, "datetime": {"datetime": "2024-06-13 20:37:16", "elapsed": 5.666016, "delta": 0.003989}}
{"target": -1521.1771419617187, "params": {"gamma": 7.988462064471767, "lr": 0.8109969194215267}, "datetime": {"datetime": "2024-06-13 20:37:16", "elapsed": 5.671003, "delta": 0.004987}}
{"target": -2187.5440261913327, "params": {"gamma": 9.282143984052633, "lr": 0.22438426604398454}, "datetime": {"datetime": "2024-06-13 20:37:16", "elapsed": 5.674993, "delta": 0.00399}}
{"target": -955.5850548740103, "params": {"gamma": 4.990175777525101, "lr": 0.8274440914110759}, "datetime": {"datetime": "2024-06-13 20:37:16", "elapsed": 5.678982, "delta": 0.003989}}
{"target": -1148.0227835219737, "params": {"gamma": 6.673670516196978, "lr": 0.5939361433837695}, "datetime": {"datetime": "2024-06-13 20:37:16", "elapsed": 5.683532, "delta": 0.00455}}
{"target": -1538.4930600318967, "params": {"gamma": 6.520106231886649, "lr": 0.23851601279901302}, "datetime": {"datetime": "2024-06-13 20:37:16", "elapsed": 5.688518, "delta": 0.004986}}
{"target": -142.92782837030524, "params": {"gamma": 0.2563753086730316, "lr": 0.736257257446534}, "datetime": {"datetime": "2024-06-13 20:37:16", "elapsed": 5.692508, "delta": 0.00399}}
{"target": -560.4575768767346, "params": {"gamma": 3.268591461483445, "lr": 0.3767568869201464}, "datetime": {"datetime": "2024-06-13 20:37:16", "elapsed": 5.697495, "delta": 0.004987}}
{"target": -1075.8880501940644, "params": {"gamma": 6.126547925441392, "lr": 0.657165042363517}, "datetime": {"datetime": "2024-06-13 20:37:16", "elapsed": 5.701484, "delta": 0.003989}}
{"target": -404.60763183270564, "params": {"gamma": 2.0297861073278014, "lr": 0.8260315378454188}, "datetime": {"datetime": "2024-06-13 20:37:16", "elapsed": 5.70647, "delta": 0.004986}}
{"target": -674.9620356438762, "params": {"gamma": 3.802685845849549, "lr": 0.6317444085013915}, "datetime": {"datetime": "2024-06-13 20:37:16", "elapsed": 5.71046, "delta": 0.00399}}
{"target": -1619.5239347075708, "params": {"gamma": 9.664147745107453, "lr": 0.5647862352666362}, "datetime": {"datetime": "2024-06-13 20:37:16", "elapsed": 5.714449, "delta": 0.003989}}
{"target": -638.3554481525797, "params": {"gamma": 3.58975250674678, "lr": 0.6189701087401422}, "datetime": {"datetime": "2024-06-13 20:37:16", "elapsed": 5.719436, "delta": 0.004987}}
{"target": -825.5923580358094, "params": {"gamma": 5.018429387513632, "lr": 0.45237624777785157}, "datetime": {"datetime": "2024-06-13 20:37:16", "elapsed": 5.723425, "delta": 0.003989}}
{"target": -1464.087544462098, "params": {"gamma": 7.32297507682793, "lr": 0.9245101499841026}, "datetime": {"datetime": "2024-06-13 20:37:16", "elapsed": 5.728412, "delta": 0.004987}}
{"target": -1195.9623461561225, "params": {"gamma": 4.793234881420612, "lr": 0.08823015100009579}, "datetime": {"datetime": "2024-06-13 20:37:16", "elapsed": 5.732402, "delta": 0.00399}}
{"target": -1345.0936025479093, "params": {"gamma": 5.696965913284056, "lr": 0.2449508551148344}, "datetime": {"datetime": "2024-06-13 20:37:16", "elapsed": 5.73639, "delta": 0.003988}}
{"target": -150.9725783432561, "params": {"gamma": 0.3967395368422162, "lr": 0.7881402066436831}, "datetime": {"datetime": "2024-06-13 20:37:16", "elapsed": 5.741377, "delta": 0.004987}}
{"target": -533.8022920030369, "params": {"gamma": 2.728409598411216, "lr": 0.7770704929423838}, "datetime": {"datetime": "2024-06-13 20:37:16", "elapsed": 5.745367, "delta": 0.00399}}
{"target": -888.9268538373987, "params": {"gamma": 4.882601221938961, "lr": 0.31793589107511533}, "datetime": {"datetime": "2024-06-13 20:37:16", "elapsed": 5.750353, "delta": 0.004986}}
{"target": -789.5805858604914, "params": {"gamma": 3.1409404750589167, "lr": 0.04202476008611444}, "datetime": {"datetime": "2024-06-13 20:37:16", "elapsed": 5.754342, "delta": 0.003989}}
{"target": -1022.2985130171445, "params": {"gamma": 5.344463969208603, "lr": 0.8235515559967603}, "datetime": {"datetime": "2024-06-13 20:37:16", "elapsed": 5.758332, "delta": 0.00399}}
{"target": -236.2031583538844, "params": {"gamma": 0.8398696296412803, "lr": 0.10855870560871761}, "datetime": {"datetime": "2024-06-13 20:37:16", "elapsed": 5.763318, "delta": 0.004986}}
{"target": -931.5729277380555, "params": {"gamma": 5.293030012750302, "lr": 0.6601418096235968}, "datetime": {"datetime": "2024-06-13 20:37:16", "elapsed": 5.768305, "delta": 0.004987}}
{"target": -1258.2942417631696, "params": {"gamma": 6.947765177374281, "lr": 0.313221695146886}, "datetime": {"datetime": "2024-06-13 20:37:16", "elapsed": 5.772295, "delta": 0.00399}}
{"target": -141.72499184707198, "params": {"gamma": 0.37873998028565886, "lr": 0.4145628796923949}, "datetime": {"datetime": "2024-06-13 20:37:16", "elapsed": 5.777281, "delta": 0.004986}}
{"target": -574.2625199619799, "params": {"gamma": 2.2612156645820662, "lr": 0.0011148302524066622}, "datetime": {"datetime": "2024-06-13 20:37:16", "elapsed": 5.781271, "delta": 0.00399}}
{"target": -1371.9979314077352, "params": {"gamma": 6.857480005685141, "lr": 0.9520625390545332}, "datetime": {"datetime": "2024-06-13 20:37:16", "elapsed": 5.786492, "delta": 0.005221}}
{"target": -715.6813668727681, "params": {"gamma": 3.9121264535897473, "lr": 0.3002984293714631}, "datetime": {"datetime": "2024-06-13 20:37:16", "elapsed": 5.790481, "delta": 0.003989}}
{"target": -1072.4145482566867, "params": {"gamma": 5.537964374290343, "lr": 0.8519762580648814}, "datetime": {"datetime": "2024-06-13 20:37:16", "elapsed": 5.795467, "delta": 0.004986}}
{"target": -1458.9126234718385, "params": {"gamma": 7.9498792795045405, "lr": 0.6847567049785765}, "datetime": {"datetime": "2024-06-13 20:37:16", "elapsed": 5.799457, "delta": 0.00399}}
{"target": -801.0871168970803, "params": {"gamma": 4.321638805905765, "lr": 0.6904340198543137}, "datetime": {"datetime": "2024-06-13 20:37:16", "elapsed": 5.804444, "delta": 0.004987}}
{"target": -444.7882911038254, "params": {"gamma": 2.161037487164819, "lr": 0.28394343784624676}, "datetime": {"datetime": "2024-06-13 20:37:16", "elapsed": 5.808433, "delta": 0.003989}}
{"target": -1554.2081342066197, "params": {"gamma": 7.778428288392944, "lr": 0.9299801363463566}, "datetime": {"datetime": "2024-06-13 20:37:16", "elapsed": 5.81342, "delta": 0.004987}}
{"target": -371.9005638038591, "params": {"gamma": 1.9013049866632814, "lr": 0.29606328941823257}, "datetime": {"datetime": "2024-06-13 20:37:16", "elapsed": 5.817409, "delta": 0.003989}}
{"target": -145.8498898708532, "params": {"gamma": 0.06309646163797043, "lr": 0.43156224528040166}, "datetime": {"datetime": "2024-06-13 20:37:16", "elapsed": 5.822396, "delta": 0.004987}}
{"target": -385.44007121150844, "params": {"gamma": 2.103740422454257, "lr": 0.6414247825536215}, "datetime": {"datetime": "2024-06-13 20:37:16", "elapsed": 5.826385, "delta": 0.003989}}
{"target": -1737.7325633633177, "params": {"gamma": 7.096182567565407, "lr": 0.11877771439848506}, "datetime": {"datetime": "2024-06-13 20:37:16", "elapsed": 5.830374, "delta": 0.003989}}
{"target": -208.11354960498912, "params": {"gamma": 0.8223578763172843, "lr": 0.9063350695803358}, "datetime": {"datetime": "2024-06-13 20:37:16", "elapsed": 5.835361, "delta": 0.004987}}
{"target": -663.8802981425943, "params": {"gamma": 3.8929983086548985, "lr": 0.5334034972660143}, "datetime": {"datetime": "2024-06-13 20:37:16", "elapsed": 5.83935, "delta": 0.003989}}
{"target": -1840.6541726618816, "params": {"gamma": 9.632452407571792, "lr": 0.7590540122163353}, "datetime": {"datetime": "2024-06-13 20:37:16", "elapsed": 5.844337, "delta": 0.004987}}
{"target": -817.2197110733329, "params": {"gamma": 3.256077435692296, "lr": 0.08584930112029354}, "datetime": {"datetime": "2024-06-13 20:37:16", "elapsed": 5.848326, "delta": 0.003989}}
{"target": -931.4114660814788, "params": {"gamma": 5.360704142867423, "lr": 0.33612544293733115}, "datetime": {"datetime": "2024-06-13 20:37:16", "elapsed": 5.853313, "delta": 0.004987}}
{"target": -142.6364931449145, "params": {"gamma": 0.21783235985649294, "lr": 0.7711523332537787}, "datetime": {"datetime": "2024-06-13 20:37:16", "elapsed": 5.857302, "delta": 0.003989}}
{"target": -655.5402592958503, "params": {"gamma": 3.849706389409975, "lr": 0.5713211500587355}, "datetime": {"datetime": "2024-06-13 20:37:16", "elapsed": 5.862289, "delta": 0.004987}}
{"target": -1510.5253464162108, "params": {"gamma": 7.557672815106508, "lr": 0.9408474199010457}, "datetime": {"datetime": "2024-06-13 20:37:16", "elapsed": 5.866278, "delta": 0.003989}}
{"target": -1110.836122824039, "params": {"gamma": 6.123611064507542, "lr": 0.31539617878014314}, "datetime": {"datetime": "2024-06-13 20:37:16", "elapsed": 5.871265, "delta": 0.004987}}
{"target": -297.8727587876474, "params": {"gamma": 1.1016550019623323, "lr": 0.07391888791127221}, "datetime": {"datetime": "2024-06-13 20:37:16", "elapsed": 5.875254, "delta": 0.003989}}
{"target": -570.4677128819558, "params": {"gamma": 3.197588047953422, "lr": 0.660839138956005}, "datetime": {"datetime": "2024-06-13 20:37:16", "elapsed": 5.879243, "delta": 0.003989}}
{"target": -1650.3643399625048, "params": {"gamma": 6.9518254952121765, "lr": 0.20771804006298766}, "datetime": {"datetime": "2024-06-13 20:37:16", "elapsed": 5.883739, "delta": 0.004496}}
{"target": -189.2419184933789, "params": {"gamma": 0.8288765899448861, "lr": 0.3055106612860311}, "datetime": {"datetime": "2024-06-13 20:37:16", "elapsed": 5.888725, "delta": 0.004986}}
{"target": -1051.7120846822222, "params": {"gamma": 5.476198023985873, "lr": 0.7546696744748647}, "datetime": {"datetime": "2024-06-13 20:37:16", "elapsed": 5.893712, "delta": 0.004987}}
{"target": -994.7741727531097, "params": {"gamma": 5.297043548379857, "lr": 0.28698375274707455}, "datetime": {"datetime": "2024-06-13 20:37:16", "elapsed": 5.897702, "delta": 0.00399}}
{"target": -1247.4342645545644, "params": {"gamma": 6.242173052915846, "lr": 0.2648366551761958}, "datetime": {"datetime": "2024-06-13 20:37:16", "elapsed": 5.902689, "delta": 0.004987}}
{"target": -1261.0341691987958, "params": {"gamma": 6.527276450430897, "lr": 0.8418980078267378}, "datetime": {"datetime": "2024-06-13 20:37:16", "elapsed": 5.906677, "delta": 0.003988}}
{"target": -1076.145926050454, "params": {"gamma": 6.389839255863949, "lr": 0.5656314689767339}, "datetime": {"datetime": "2024-06-13 20:37:16", "elapsed": 5.911664, "delta": 0.004987}}
{"target": -617.6926525089798, "params": {"gamma": 3.072113950599342, "lr": 0.8767770399379612}, "datetime": {"datetime": "2024-06-13 20:37:16", "elapsed": 5.916651, "delta": 0.004987}}
{"target": -1889.240789723929, "params": {"gamma": 9.888230025288278, "lr": 0.777479431209941}, "datetime": {"datetime": "2024-06-13 20:37:16", "elapsed": 5.92064, "delta": 0.003989}}
{"target": -1342.143185250766, "params": {"gamma": 5.736864931846622, "lr": 0.14127933264100168}, "datetime": {"datetime": "2024-06-13 20:37:16", "elapsed": 5.925627, "delta": 0.004987}}
{"target": -548.5604989514364, "params": {"gamma": 3.1499752949036433, "lr": 0.3668593185911837}, "datetime": {"datetime": "2024-06-13 20:37:16", "elapsed": 5.929616, "delta": 0.003989}}
{"target": -487.0448336037569, "params": {"gamma": 2.9196603150536307, "lr": 0.4459528147489278}, "datetime": {"datetime": "2024-06-13 20:37:16", "elapsed": 5.934603, "delta": 0.004987}}
{"target": -1450.521451524402, "params": {"gamma": 6.106714536159591, "lr": 0.2129145905151636}, "datetime": {"datetime": "2024-06-13 20:37:16", "elapsed": 5.939589, "delta": 0.004986}}
{"target": -618.5734798930672, "params": {"gamma": 2.4983477831127514, "lr": 0.11215048322109678}, "datetime": {"datetime": "2024-06-13 20:37:16", "elapsed": 5.943579, "delta": 0.00399}}
{"target": -512.1239464984712, "params": {"gamma": 3.07657830315885, "lr": 0.49744827858464324}, "datetime": {"datetime": "2024-06-13 20:37:16", "elapsed": 5.948566, "delta": 0.004987}}
{"target": -984.8613626564867, "params": {"gamma": 4.898588039316173, "lr": 0.9955772118463961}, "datetime": {"datetime": "2024-06-13 20:37:16", "elapsed": 5.952555, "delta": 0.003989}}
{"target": -1613.8222273934743, "params": {"gamma": 9.811104522073206, "lr": 0.4365627716811432}, "datetime": {"datetime": "2024-06-13 20:37:16", "elapsed": 5.957541, "delta": 0.004986}}
{"target": -2305.0749153780744, "params": {"gamma": 9.720234197281384, "lr": 0.21439790417581406}, "datetime": {"datetime": "2024-06-13 20:37:16", "elapsed": 5.961531, "delta": 0.00399}}
{"target": -889.376941288561, "params": {"gamma": 5.411667740203425, "lr": 0.4534353144697316}, "datetime": {"datetime": "2024-06-13 20:37:16", "elapsed": 5.966517, "delta": 0.004986}}
{"target": -1862.091000479156, "params": {"gamma": 9.67612136622795, "lr": 0.8361762231353584}, "datetime": {"datetime": "2024-06-13 20:37:16", "elapsed": 5.970507, "delta": 0.00399}}
{"target": -365.98633592415223, "params": {"gamma": 2.142255100882632, "lr": 0.43953910215539116}, "datetime": {"datetime": "2024-06-13 20:37:16", "elapsed": 5.975493, "delta": 0.004986}}
{"target": -305.7176706297342, "params": {"gamma": 1.685601239492825, "lr": 0.5290872104552504}, "datetime": {"datetime": "2024-06-13 20:37:16", "elapsed": 5.979483, "delta": 0.00399}}
{"target": -1972.4451873169094, "params": {"gamma": 7.935053256996167, "lr": 0.03587914896601674}, "datetime": {"datetime": "2024-06-13 20:37:16", "elapsed": 5.98447, "delta": 0.004987}}
{"target": -402.16709933184984, "params": {"gamma": 1.9143974164796644, "lr": 0.9774555643930162}, "datetime": {"datetime": "2024-06-13 20:37:16", "elapsed": 5.988459, "delta": 0.003989}}
{"target": -1610.2062560121033, "params": {"gamma": 9.608012262900427, "lr": 0.5565916591021018}, "datetime": {"datetime": "2024-06-13 20:37:16", "elapsed": 5.993446, "delta": 0.004987}}
{"target": -1290.6944817534184, "params": {"gamma": 6.461261124237896, "lr": 0.27209301429327437}, "datetime": {"datetime": "2024-06-13 20:37:16", "elapsed": 5.997435, "delta": 0.003989}}
{"target": -1744.024325893852, "params": {"gamma": 9.520958766042686, "lr": 0.66977480632724}, "datetime": {"datetime": "2024-06-13 20:37:16", "elapsed": 6.002422, "delta": 0.004987}}
{"target": -1659.611567627444, "params": {"gamma": 6.6684131433924785, "lr": 0.011103333369922863}, "datetime": {"datetime": "2024-06-13 20:37:16", "elapsed": 6.006411, "delta": 0.003989}}
{"target": -1631.2282835408885, "params": {"gamma": 8.529845528647078, "lr": 0.7783262186802019}, "datetime": {"datetime": "2024-06-13 20:37:16", "elapsed": 6.011397, "delta": 0.004986}}
{"target": -1272.4318537306053, "params": {"gamma": 6.849555045051163, "lr": 0.740781813019585}, "datetime": {"datetime": "2024-06-13 20:37:16", "elapsed": 6.015387, "delta": 0.00399}}
{"target": -314.7596975931846, "params": {"gamma": 1.5665676735591734, "lr": 0.71877505284865}, "datetime": {"datetime": "2024-06-13 20:37:16", "elapsed": 6.020373, "delta": 0.004986}}
{"target": -215.25133677572586, "params": {"gamma": 0.9690872885214075, "lr": 0.7069494480386341}, "datetime": {"datetime": "2024-06-13 20:37:16", "elapsed": 6.024363, "delta": 0.00399}}
{"target": -148.6826364456629, "params": {"gamma": 0.027315329458906884, "lr": 0.7762057874603809}, "datetime": {"datetime": "2024-06-13 20:37:16", "elapsed": 6.029349, "delta": 0.004986}}
{"target": -1169.0421514197765, "params": {"gamma": 4.916080290630613, "lr": 0.20438686629786484}, "datetime": {"datetime": "2024-06-13 20:37:16", "elapsed": 6.033339, "delta": 0.00399}}
{"target": -1320.026686457329, "params": {"gamma": 7.292736897839507, "lr": 0.3156541317831608}, "datetime": {"datetime": "2024-06-13 20:37:16", "elapsed": 6.038326, "delta": 0.004987}}
{"target": -2136.269625612365, "params": {"gamma": 8.83829208238512, "lr": 0.18023352523222202}, "datetime": {"datetime": "2024-06-13 20:37:16", "elapsed": 6.043313, "delta": 0.004987}}
{"target": -1872.2993718486523, "params": {"gamma": 9.385567992205967, "lr": 0.9707501480531616}, "datetime": {"datetime": "2024-06-13 20:37:16", "elapsed": 6.047303, "delta": 0.00399}}
{"target": -604.8960814862477, "params": {"gamma": 3.0455479552792557, "lr": 0.8624863997043009}, "datetime": {"datetime": "2024-06-13 20:37:16", "elapsed": 6.052288, "delta": 0.004985}}
{"target": -1386.7318626844694, "params": {"gamma": 8.421949009551232, "lr": 0.4246127100946028}, "datetime": {"datetime": "2024-06-13 20:37:16", "elapsed": 6.056278, "delta": 0.00399}}
{"target": -733.6482357592195, "params": {"gamma": 3.637480394119995, "lr": 0.282437473235045}, "datetime": {"datetime": "2024-06-13 20:37:16", "elapsed": 6.060267, "delta": 0.003989}}
{"target": -1976.2012913299704, "params": {"gamma": 9.93237460787099, "lr": 0.25575102695189966}, "datetime": {"datetime": "2024-06-13 20:37:16", "elapsed": 6.065253, "delta": 0.004986}}
{"target": -1515.0459874140868, "params": {"gamma": 9.206835301993463, "lr": 0.4283352137597225}, "datetime": {"datetime": "2024-06-13 20:37:16", "elapsed": 6.069243, "delta": 0.00399}}
{"target": -1800.645616165646, "params": {"gamma": 9.354334696401745, "lr": 0.8388448341981828}, "datetime": {"datetime": "2024-06-13 20:37:16", "elapsed": 6.074229, "delta": 0.004986}}
{"target": -291.6019301508954, "params": {"gamma": 1.5586174788295128, "lr": 0.5742833543508832}, "datetime": {"datetime": "2024-06-13 20:37:16", "elapsed": 6.078219, "delta": 0.00399}}
