{"target": -444.6720594487003, "params": {"gamma": 5.5889624922088075, "prior": 2.626743526039231, "rate": 5.1791698014639245}, "datetime": {"datetime": "2024-06-14 11:40:51", "elapsed": 14.112477, "delta": 0.009974}}
{"target": -940.5294227074105, "params": {"gamma": 9.297580185091476, "prior": 1.9346601105112133, "rate": 7.342339864091912}, "datetime": {"datetime": "2024-06-14 11:40:51", "elapsed": 14.122451, "delta": 0.009974}}
{"target": -370.8871850048211, "params": {"gamma": 8.72195678460364, "prior": 6.72761646306554, "rate": 2.0377529908899317}, "datetime": {"datetime": "2024-06-14 11:40:51", "elapsed": 14.132423, "delta": 0.009972}}
{"target": -148.13531653212382, "params": {"gamma": 1.2925307977203897, "prior": 5.198826614589597, "rate": 1.3039515035572151}, "datetime": {"datetime": "2024-06-14 11:40:51", "elapsed": 14.142397, "delta": 0.009974}}
{"target": -381.7916055796473, "params": {"gamma": 8.257174308347446, "prior": 5.284080834265936, "rate": 2.9149454507613863}, "datetime": {"datetime": "2024-06-14 11:40:51", "elapsed": 14.15237, "delta": 0.009973}}
{"target": -473.0954664503617, "params": {"gamma": 5.681699207758667, "prior": 2.6803100664115536, "rate": 5.845117576613796}, "datetime": {"datetime": "2024-06-14 11:40:51", "elapsed": 14.162344, "delta": 0.009974}}
{"target": -265.1568548749917, "params": {"gamma": 2.32199215010331, "prior": 2.268615316993386, "rate": 5.185542309916678}, "datetime": {"datetime": "2024-06-14 11:40:51", "elapsed": 14.172317, "delta": 0.009973}}
{"target": -338.9250242198525, "params": {"gamma": 8.35432241661817, "prior": 6.483230627566245, "rate": 0.9428132212047013}, "datetime": {"datetime": "2024-06-14 11:40:51", "elapsed": 14.18229, "delta": 0.009973}}
{"target": -166.9349784736396, "params": {"gamma": 1.3415491851440944, "prior": 3.963975898564573, "rate": 3.1963273640149286}, "datetime": {"datetime": "2024-06-14 11:40:51", "elapsed": 14.192264, "delta": 0.009974}}
{"target": -352.1934505765734, "params": {"gamma": 8.912314797811076, "prior": 8.92378573099424, "rate": 0.2992111861366949}, "datetime": {"datetime": "2024-06-14 11:40:51", "elapsed": 14.201637, "delta": 0.009373}}
{"target": -168.12093161867725, "params": {"gamma": 2.1060088559719117, "prior": 3.9446918559051225, "rate": 1.7645710751045083}, "datetime": {"datetime": "2024-06-14 11:40:51", "elapsed": 14.21161, "delta": 0.009973}}
{"target": -921.508117431254, "params": {"gamma": 9.186944713043502, "prior": 1.9770256796040655, "rate": 7.3401256292133965}, "datetime": {"datetime": "2024-06-14 11:40:51", "elapsed": 14.221583, "delta": 0.009973}}
{"target": -630.0947037279126, "params": {"gamma": 9.569199419728829, "prior": 4.829408647933721, "rate": 8.142378714413438}, "datetime": {"datetime": "2024-06-14 11:40:51", "elapsed": 14.231556, "delta": 0.009973}}
{"target": -270.4915941590238, "params": {"gamma": 4.282765599393484, "prior": 8.153147623700525, "rate": 7.6172232645805815}, "datetime": {"datetime": "2024-06-14 11:40:51", "elapsed": 14.24153, "delta": 0.009974}}
{"target": -744.2328613941324, "params": {"gamma": 9.596076873702136, "prior": 3.432340065789796, "rate": 7.666177450236105}, "datetime": {"datetime": "2024-06-14 11:40:51", "elapsed": 14.251503, "delta": 0.009973}}
{"target": -475.57360889030133, "params": {"gamma": 9.216256420526488, "prior": 8.12663966088829, "rate": 8.143560581729513}, "datetime": {"datetime": "2024-06-14 11:40:51", "elapsed": 14.261476, "delta": 0.009973}}
{"target": -579.4746225265657, "params": {"gamma": 9.483034089579148, "prior": 2.9777607367995413, "rate": 4.402025448023279}, "datetime": {"datetime": "2024-06-14 11:40:51", "elapsed": 14.270452, "delta": 0.008976}}
{"target": -149.60515732310026, "params": {"gamma": 1.0614689514075122, "prior": 8.785093022870859, "rate": 3.4376495800562545}, "datetime": {"datetime": "2024-06-14 11:40:51", "elapsed": 14.280425, "delta": 0.009973}}
{"target": -593.9661427854124, "params": {"gamma": 9.052543557612724, "prior": 2.118189958793863, "rate": 3.49670854682447}, "datetime": {"datetime": "2024-06-14 11:40:51", "elapsed": 14.290399, "delta": 0.009974}}
{"target": -349.7348251183553, "params": {"gamma": 6.905103296395332, "prior": 9.234794588551267, "rate": 6.879772184061891}, "datetime": {"datetime": "2024-06-14 11:40:51", "elapsed": 14.300372, "delta": 0.009973}}
{"target": -463.14336144173853, "params": {"gamma": 3.4015950863695554, "prior": 0.49643025309015587, "rate": 3.3181754241303745}, "datetime": {"datetime": "2024-06-14 11:40:51", "elapsed": 14.310346, "delta": 0.009974}}
{"target": -318.1638101572636, "params": {"gamma": 4.762134435981242, "prior": 7.330961340576835, "rate": 8.936392304537144}, "datetime": {"datetime": "2024-06-14 11:40:51", "elapsed": 14.320319, "delta": 0.009973}}
{"target": -149.33034783474724, "params": {"gamma": 0.06408410135224346, "prior": 0.8596711762344525, "rate": 2.818623672892344}, "datetime": {"datetime": "2024-06-14 11:40:51", "elapsed": 14.330292, "delta": 0.009973}}
{"target": -295.6234633715342, "params": {"gamma": 5.356653678219738, "prior": 5.404277422789192, "rate": 4.25320952977812}, "datetime": {"datetime": "2024-06-14 11:40:51", "elapsed": 14.340266, "delta": 0.009974}}
{"target": -359.8814031010111, "params": {"gamma": 8.836490541785956, "prior": 7.300785245839415, "rate": 1.360477671934808}, "datetime": {"datetime": "2024-06-14 11:40:51", "elapsed": 14.350239, "delta": 0.009973}}
{"target": -188.9059345938771, "params": {"gamma": 2.3521283159904485, "prior": 5.10252796959535, "rate": 3.625823024683793}, "datetime": {"datetime": "2024-06-14 11:40:51", "elapsed": 14.360053, "delta": 0.009814}}
{"target": -637.5028361267354, "params": {"gamma": 8.086391818387844, "prior": 4.251421809439748, "rate": 9.41168440870445}, "datetime": {"datetime": "2024-06-14 11:40:51", "elapsed": 14.370055, "delta": 0.010002}}
{"target": -221.18590494320756, "params": {"gamma": 1.8253827869110664, "prior": 4.879596033761096, "rate": 8.942579468503189}, "datetime": {"datetime": "2024-06-14 11:40:51", "elapsed": 14.379552, "delta": 0.009497}}
{"target": -151.98101278071928, "params": {"gamma": 0.6582946776379386, "prior": 2.8643934665653927, "rate": 2.0285264812184285}, "datetime": {"datetime": "2024-06-14 11:40:51", "elapsed": 14.390524, "delta": 0.010972}}
{"target": -687.9441890329639, "params": {"gamma": 9.848142780102968, "prior": 4.737692189034398, "rate": 8.881823309179376}, "datetime": {"datetime": "2024-06-14 11:40:51", "elapsed": 14.399764, "delta": 0.00924}}
{"target": -794.6462560116626, "params": {"gamma": 8.539400167342631, "prior": 1.1292889740891987, "rate": 3.500085683547541}, "datetime": {"datetime": "2024-06-14 11:40:51", "elapsed": 14.409738, "delta": 0.009974}}
{"target": -315.50774588202296, "params": {"gamma": 4.967458463909608, "prior": 8.801060937259923, "rate": 9.818558826019503}, "datetime": {"datetime": "2024-06-14 11:40:51", "elapsed": 14.420245, "delta": 0.010507}}
{"target": -250.0612930705728, "params": {"gamma": 3.370152344242372, "prior": 7.8412910908400715, "rate": 8.587314644739731}, "datetime": {"datetime": "2024-06-14 11:40:51", "elapsed": 14.429221, "delta": 0.008976}}
{"target": -328.209717752408, "params": {"gamma": 2.8132116645345953, "prior": 2.0693816102392013, "rate": 6.46649017792085}, "datetime": {"datetime": "2024-06-14 11:40:51", "elapsed": 14.439195, "delta": 0.009974}}
{"target": -639.7379407608527, "params": {"gamma": 5.641829191069348, "prior": 1.630298027663653, "rate": 7.421983140023526}, "datetime": {"datetime": "2024-06-14 11:40:51", "elapsed": 14.449168, "delta": 0.009973}}
{"target": -196.06443896102957, "params": {"gamma": 3.6015667876147712, "prior": 6.08627280178168, "rate": 0.06592323285271869}, "datetime": {"datetime": "2024-06-14 11:40:51", "elapsed": 14.459171, "delta": 0.010003}}
{"target": -285.7917899690897, "params": {"gamma": 5.905563148843087, "prior": 7.360917509441076, "rate": 3.457397702569941}, "datetime": {"datetime": "2024-06-14 11:40:51", "elapsed": 14.469138, "delta": 0.009967}}
{"target": -405.03225429689957, "params": {"gamma": 7.593538905555558, "prior": 4.327004199431187, "rate": 4.2325773823623205}, "datetime": {"datetime": "2024-06-14 11:40:51", "elapsed": 14.478778, "delta": 0.00964}}
{"target": -245.34879467929892, "params": {"gamma": 2.994227023324736, "prior": 7.436483296398663, "rate": 9.17093155390691}, "datetime": {"datetime": "2024-06-14 11:40:51", "elapsed": 14.488752, "delta": 0.009974}}
{"target": -264.2648004990026, "params": {"gamma": 4.431569286643207, "prior": 9.87114802409179, "rate": 7.995077879366126}, "datetime": {"datetime": "2024-06-14 11:40:51", "elapsed": 14.498725, "delta": 0.009973}}
{"target": -268.2622497151941, "params": {"gamma": 3.1130412574876014, "prior": 2.407742452022888, "rate": 3.5900011043724316}, "datetime": {"datetime": "2024-06-14 11:40:51", "elapsed": 14.508698, "delta": 0.009973}}
{"target": -304.5537537804357, "params": {"gamma": 4.047288190987675, "prior": 5.009393075339859, "rate": 7.015635889608674}, "datetime": {"datetime": "2024-06-14 11:40:51", "elapsed": 14.518671, "delta": 0.009973}}
{"target": -1033.512807807041, "params": {"gamma": 8.410142349236114, "prior": 0.6848328152847544, "rate": 4.531267048059634}, "datetime": {"datetime": "2024-06-14 11:40:51", "elapsed": 14.528645, "delta": 0.009974}}
{"target": -306.54983510696803, "params": {"gamma": 4.276131343403098, "prior": 4.29792090355555, "rate": 5.637207208839824}, "datetime": {"datetime": "2024-06-14 11:40:51", "elapsed": 14.538143, "delta": 0.009498}}
{"target": -827.5138763381614, "params": {"gamma": 9.3980782998847, "prior": 3.3701820193455276, "rate": 9.489732453291571}, "datetime": {"datetime": "2024-06-14 11:40:51", "elapsed": 14.548116, "delta": 0.009973}}
{"target": -226.84054366226508, "params": {"gamma": 2.4595966948386168, "prior": 5.529209774430184, "rate": 7.134294959360631}, "datetime": {"datetime": "2024-06-14 11:40:51", "elapsed": 14.55809, "delta": 0.009974}}
{"target": -497.150436536502, "params": {"gamma": 8.806336338229208, "prior": 7.838817028821818, "rate": 9.657646828616505}, "datetime": {"datetime": "2024-06-14 11:40:51", "elapsed": 14.568063, "delta": 0.009973}}
{"target": -294.92095147248165, "params": {"gamma": 5.511879884156932, "prior": 9.063720741650819, "rate": 6.547188885206358}, "datetime": {"datetime": "2024-06-14 11:40:51", "elapsed": 14.578036, "delta": 0.009973}}
{"target": -315.2911504251899, "params": {"gamma": 1.6909319518823145, "prior": 0.4035410799066549, "rate": 7.608044237084763}, "datetime": {"datetime": "2024-06-14 11:40:51", "elapsed": 14.58801, "delta": 0.009974}}
{"target": -306.9041907969686, "params": {"gamma": 6.776523100769331, "prior": 2.9543033032339645, "rate": 1.061060113331068}, "datetime": {"datetime": "2024-06-14 11:40:51", "elapsed": 14.596986, "delta": 0.008976}}
{"target": -349.07543404741335, "params": {"gamma": 6.894912753981151, "prior": 7.519579902429176, "rate": 5.583261815945312}, "datetime": {"datetime": "2024-06-14 11:40:51", "elapsed": 14.606959, "delta": 0.009973}}
{"target": -528.0637554845644, "params": {"gamma": 6.6527083965787845, "prior": 4.10020372138982, "rate": 8.661009108350234}, "datetime": {"datetime": "2024-06-14 11:40:51", "elapsed": 14.616932, "delta": 0.009973}}
{"target": -298.35328339974336, "params": {"gamma": 5.3244804162311095, "prior": 8.95890809663211, "rate": 7.397355841077811}, "datetime": {"datetime": "2024-06-14 11:40:51", "elapsed": 14.626906, "delta": 0.009974}}
{"target": -339.0891654251953, "params": {"gamma": 5.229495878098283, "prior": 7.224605596526511, "rate": 8.867573377717738}, "datetime": {"datetime": "2024-06-14 11:40:51", "elapsed": 14.637877, "delta": 0.010971}}
{"target": -232.29259553125033, "params": {"gamma": 1.9459183399439965, "prior": 4.355070012521711, "rate": 8.593650736304962}, "datetime": {"datetime": "2024-06-14 11:40:51", "elapsed": 14.648373, "delta": 0.010496}}
{"target": -157.20791211098214, "params": {"gamma": 0.30593315470351806, "prior": 1.417513603339808, "rate": 4.0540634531511355}, "datetime": {"datetime": "2024-06-14 11:40:51", "elapsed": 14.658347, "delta": 0.009974}}
{"target": -175.84623796230784, "params": {"gamma": 1.1244776218587826, "prior": 7.288904924237335, "rate": 9.74812518591709}, "datetime": {"datetime": "2024-06-14 11:40:51", "elapsed": 14.667323, "delta": 0.008976}}
{"target": -228.30951584936093, "params": {"gamma": 4.891176585226112, "prior": 9.606648176679078, "rate": 1.3585554114606393}, "datetime": {"datetime": "2024-06-14 11:40:51", "elapsed": 14.677296, "delta": 0.009973}}
{"target": -435.0022368596063, "params": {"gamma": 7.004733804599716, "prior": 5.8702973117927115, "rate": 7.917543891275795}, "datetime": {"datetime": "2024-06-14 11:40:51", "elapsed": 14.687269, "delta": 0.009973}}
{"target": -265.3256539913744, "params": {"gamma": 5.377468422835572, "prior": 9.80093869090961, "rate": 4.397088163352406}, "datetime": {"datetime": "2024-06-14 11:40:51", "elapsed": 14.697243, "delta": 0.009974}}
{"target": -419.78232077564394, "params": {"gamma": 9.502773262661462, "prior": 9.190957370002844, "rate": 4.2392728592820275}, "datetime": {"datetime": "2024-06-14 11:40:51", "elapsed": 14.707216, "delta": 0.009973}}
{"target": -618.2423653153237, "params": {"gamma": 4.105808538326242, "prior": 0.2974759465557887, "rate": 4.485492635920682}, "datetime": {"datetime": "2024-06-14 11:40:51", "elapsed": 14.717189, "delta": 0.009973}}
{"target": -185.09182423130375, "params": {"gamma": 1.9949007104567833, "prior": 3.4256637772910272, "rate": 2.8258754102309727}, "datetime": {"datetime": "2024-06-14 11:40:51", "elapsed": 14.727163, "delta": 0.009974}}
{"target": -420.6470869563327, "params": {"gamma": 6.702309477116513, "prior": 4.457718385964588, "rate": 6.002889962165791}, "datetime": {"datetime": "2024-06-14 11:40:51", "elapsed": 14.737136, "delta": 0.009973}}
{"target": -405.0193001181182, "params": {"gamma": 8.435340806411245, "prior": 8.344442848168343, "rate": 5.855987869562886}, "datetime": {"datetime": "2024-06-14 11:40:51", "elapsed": 14.747138, "delta": 0.010002}}
{"target": -214.92256275491985, "params": {"gamma": 4.405923932616606, "prior": 4.064061545938616, "rate": 0.7122002336399037}, "datetime": {"datetime": "2024-06-14 11:40:51", "elapsed": 14.757112, "delta": 0.009974}}
{"target": -244.92014969089695, "params": {"gamma": 4.674352425274426, "prior": 4.090123873148685, "rate": 2.0161053969500373}, "datetime": {"datetime": "2024-06-14 11:40:51", "elapsed": 14.767106, "delta": 0.009994}}
{"target": -490.3974093717022, "params": {"gamma": 8.027446895117734, "prior": 7.011664981432901, "rate": 9.754105729983317}, "datetime": {"datetime": "2024-06-14 11:40:51", "elapsed": 14.77703, "delta": 0.009924}}
{"target": -280.88161622256666, "params": {"gamma": 3.8557726961887338, "prior": 4.227583085286738, "rate": 5.197829460123607}, "datetime": {"datetime": "2024-06-14 11:40:51", "elapsed": 14.787003, "delta": 0.009973}}
{"target": -297.8219968776399, "params": {"gamma": 3.5335312774873016, "prior": 5.497942769513592, "rate": 8.897635664817782}, "datetime": {"datetime": "2024-06-14 11:40:51", "elapsed": 14.795979, "delta": 0.008976}}
{"target": -748.2522609982892, "params": {"gamma": 7.305463347346481, "prior": 2.144468303025567, "rate": 8.001728642806308}, "datetime": {"datetime": "2024-06-14 11:40:51", "elapsed": 14.805981, "delta": 0.010002}}
{"target": -353.52905115524607, "params": {"gamma": 7.953285322327399, "prior": 8.011000507978151, "rate": 3.168709736973412}, "datetime": {"datetime": "2024-06-14 11:40:51", "elapsed": 14.815926, "delta": 0.009945}}
{"target": -269.30519410134184, "params": {"gamma": 6.129902255734795, "prior": 6.557680721273064, "rate": 1.203129814105274}, "datetime": {"datetime": "2024-06-14 11:40:51", "elapsed": 14.825928, "delta": 0.010002}}
{"target": -640.3968847994938, "params": {"gamma": 9.1868342285534, "prior": 3.7445441578197576, "rate": 6.884078859625151}, "datetime": {"datetime": "2024-06-14 11:40:51", "elapsed": 14.835872, "delta": 0.009944}}
{"target": -549.3174829587662, "params": {"gamma": 9.283455455258283, "prior": 6.781234415399158, "rate": 9.38483564986149}, "datetime": {"datetime": "2024-06-14 11:40:51", "elapsed": 14.845845, "delta": 0.009973}}
{"target": -744.0863194840487, "params": {"gamma": 6.991377462572233, "prior": 1.7914931567760517, "rate": 7.289326185240949}, "datetime": {"datetime": "2024-06-14 11:40:51", "elapsed": 14.855819, "delta": 0.009974}}
{"target": -383.7102120402046, "params": {"gamma": 4.05779575275768, "prior": 3.2538756044600095, "rate": 7.806682064739028}, "datetime": {"datetime": "2024-06-14 11:40:51", "elapsed": 14.865792, "delta": 0.009973}}
{"target": -331.45093416808743, "params": {"gamma": 7.905100864498175, "prior": 9.495216479998318, "rate": 2.032649766796406}, "datetime": {"datetime": "2024-06-14 11:40:51", "elapsed": 14.875766, "delta": 0.009974}}
{"target": -282.8924666521131, "params": {"gamma": 5.32711064694857, "prior": 7.744012340448712, "rate": 5.163972338729523}, "datetime": {"datetime": "2024-06-14 11:40:51", "elapsed": 14.885739, "delta": 0.009973}}
{"target": -197.7939920013673, "params": {"gamma": 2.2886357530249133, "prior": 9.95337388401892, "rate": 8.893309115794231}, "datetime": {"datetime": "2024-06-14 11:40:51", "elapsed": 14.895712, "delta": 0.009973}}
{"target": -403.8239689770963, "params": {"gamma": 5.77185622802849, "prior": 5.426673287750362, "rate": 8.39992120466477}, "datetime": {"datetime": "2024-06-14 11:40:51", "elapsed": 14.905686, "delta": 0.009974}}
{"target": -413.69640723128003, "params": {"gamma": 9.146425179600218, "prior": 8.213895021249606, "rate": 4.3286649457508}, "datetime": {"datetime": "2024-06-14 11:40:51", "elapsed": 14.914661, "delta": 0.008975}}
{"target": -686.2816059545898, "params": {"gamma": 8.556375691660442, "prior": 2.333492784740386, "rate": 5.405620154121501}, "datetime": {"datetime": "2024-06-14 11:40:51", "elapsed": 14.924635, "delta": 0.009974}}
{"target": -244.52458895807322, "params": {"gamma": 3.1521877359098176, "prior": 1.2843815076826866, "rate": 1.455974015579314}, "datetime": {"datetime": "2024-06-14 11:40:51", "elapsed": 14.934608, "delta": 0.009973}}
{"target": -878.0377625035024, "params": {"gamma": 9.366111572060866, "prior": 2.0304250356307176, "rate": 6.499451382283563}, "datetime": {"datetime": "2024-06-14 11:40:51", "elapsed": 14.944581, "delta": 0.009973}}
{"target": -164.9639855614759, "params": {"gamma": 2.391972458242885, "prior": 5.302148770050018, "rate": 1.307211406941315}, "datetime": {"datetime": "2024-06-14 11:40:51", "elapsed": 14.954583, "delta": 0.010002}}
{"target": -272.93368083108174, "params": {"gamma": 2.89611392001835, "prior": 4.065192847476347, "rate": 7.067081063453817}, "datetime": {"datetime": "2024-06-14 11:40:52", "elapsed": 14.964557, "delta": 0.009974}}
{"target": -590.2153612040333, "params": {"gamma": 9.0107982835773, "prior": 4.342913606645138, "rate": 7.138505863828612}, "datetime": {"datetime": "2024-06-14 11:40:52", "elapsed": 14.974502, "delta": 0.009945}}
{"target": -234.72628565295932, "params": {"gamma": 1.391725519034242, "prior": 1.0956932372792056, "rate": 4.481647794143768}, "datetime": {"datetime": "2024-06-14 11:40:52", "elapsed": 14.984475, "delta": 0.009973}}
{"target": -744.351340830665, "params": {"gamma": 7.605301828565939, "prior": 2.392991312329407, "rate": 8.09151910411932}, "datetime": {"datetime": "2024-06-14 11:40:52", "elapsed": 14.994448, "delta": 0.009973}}
{"target": -354.5313873899315, "params": {"gamma": 2.5248249478764953, "prior": 0.9296321465117505, "rate": 5.130493139683857}, "datetime": {"datetime": "2024-06-14 11:40:52", "elapsed": 15.004421, "delta": 0.009973}}
{"target": -147.7082992312859, "params": {"gamma": 0.010777103781384231, "prior": 7.110319091630252, "rate": 7.390853426863938}, "datetime": {"datetime": "2024-06-14 11:40:52", "elapsed": 15.014395, "delta": 0.009974}}
{"target": -461.9278299030327, "params": {"gamma": 9.73322264344219, "prior": 6.6653296080007065, "rate": 4.942673042576449}, "datetime": {"datetime": "2024-06-14 11:40:52", "elapsed": 15.024369, "delta": 0.009974}}
{"target": -145.15726242764796, "params": {"gamma": 0.7371595478477164, "prior": 5.389520768514386, "rate": 1.4191621099841882}, "datetime": {"datetime": "2024-06-14 11:40:52", "elapsed": 15.034297, "delta": 0.009928}}
{"target": -353.0045201016121, "params": {"gamma": 8.024085235114102, "prior": 5.803873620313776, "rate": 2.1299294622685796}, "datetime": {"datetime": "2024-06-14 11:40:52", "elapsed": 15.044271, "delta": 0.009974}}
{"target": -534.9226600975306, "params": {"gamma": 7.070844731569463, "prior": 3.3967839214683155, "rate": 6.691313025057773}, "datetime": {"datetime": "2024-06-14 11:40:52", "elapsed": 15.054749, "delta": 0.010478}}
{"target": -903.9821041341924, "params": {"gamma": 7.795731330379866, "prior": 0.9571035750915102, "rate": 5.107053969244893}, "datetime": {"datetime": "2024-06-14 11:40:52", "elapsed": 15.064722, "delta": 0.009973}}
{"target": -151.73303625070227, "params": {"gamma": 1.0376399462769927, "prior": 6.5296689069268, "rate": 3.155663327191296}, "datetime": {"datetime": "2024-06-14 11:40:52", "elapsed": 15.074696, "delta": 0.009974}}
{"target": -931.8729317295436, "params": {"gamma": 6.435368403054906, "prior": 0.5806824424773391, "rate": 8.67009697380327}, "datetime": {"datetime": "2024-06-14 11:40:52", "elapsed": 15.084669, "delta": 0.009973}}
{"target": -232.65828675168848, "params": {"gamma": 4.78211439086565, "prior": 7.956176567412768, "rate": 2.267143144700332}, "datetime": {"datetime": "2024-06-14 11:40:52", "elapsed": 15.093645, "delta": 0.008976}}
{"target": -250.77470877280595, "params": {"gamma": 3.3504024487870745, "prior": 7.661371739793161, "rate": 8.534375742625368}, "datetime": {"datetime": "2024-06-14 11:40:52", "elapsed": 15.103618, "delta": 0.009973}}
