{"target": -422.06259586125117, "params": {"gamma": 4.170803025021038, "prior": 7.231212485077365, "rate": 0.002143633798631522}, "datetime": {"datetime": "2024-06-14 04:07:24", "elapsed": 0.0, "delta": 0.0}}
{"target": -195.61908803220902, "params": {"gamma": 3.024023393745766, "prior": 1.5528833190894193, "rate": 0.9242936090932092}, "datetime": {"datetime": "2024-06-14 04:07:24", "elapsed": 0.010971, "delta": 0.010971}}
{"target": -140.70403441178425, "params": {"gamma": 1.8634158535653313, "prior": 3.5210511977261727, "rate": 3.968277974832469}, "datetime": {"datetime": "2024-06-14 04:07:24", "elapsed": 0.026439, "delta": 0.015468}}
{"target": -244.60873992841135, "params": {"gamma": 5.388628523299567, "prior": 4.250025692592619, "rate": 6.852509784467199}, "datetime": {"datetime": "2024-06-14 04:07:24", "elapsed": 0.040402, "delta": 0.013963}}
{"target": -241.14948164219646, "params": {"gamma": 2.045318045065443, "prior": 8.79336262027036, "rate": 0.2748485443860637}, "datetime": {"datetime": "2024-06-14 04:07:24", "elapsed": 0.053368, "delta": 0.012966}}
{"target": -287.6925556293884, "params": {"gamma": 6.705004634273845, "prior": 4.231317543434557, "rate": 5.587339594629071}, "datetime": {"datetime": "2024-06-14 04:07:24", "elapsed": 0.064115, "delta": 0.010747}}
{"target": -132.4016763678416, "params": {"gamma": 1.4047289990137424, "prior": 2.0612047419403, "rate": 8.00764494218669}, "datetime": {"datetime": "2024-06-14 04:07:24", "elapsed": 0.074088, "delta": 0.009973}}
{"target": -425.5822181038919, "params": {"gamma": 9.682647495618255, "prior": 3.2028993637765044, "rate": 6.923533834077472}, "datetime": {"datetime": "2024-06-14 04:07:24", "elapsed": 0.083065, "delta": 0.008977}}
{"target": -683.675314824732, "params": {"gamma": 8.764015133808087, "prior": 8.956605968688088, "rate": 0.8513570694864094}, "datetime": {"datetime": "2024-06-14 04:07:24", "elapsed": 0.092041, "delta": 0.008976}}
{"target": -128.05972677117137, "params": {"gamma": 0.39150877754559077, "prior": 1.7813211536892324, "rate": 8.781546891790702}, "datetime": {"datetime": "2024-06-14 04:07:24", "elapsed": 0.105006, "delta": 0.012965}}
{"target": -123.12860734482534, "params": {"gamma": 0.9843699914966679, "prior": 4.268965487550016, "rate": 9.578937411974868}, "datetime": {"datetime": "2024-06-14 04:07:24", "elapsed": 0.115977, "delta": 0.010971}}
{"target": -323.53480663113214, "params": {"gamma": 5.332119684445198, "prior": 6.949583428109686, "rate": 3.1558407944296234}, "datetime": {"datetime": "2024-06-14 04:07:24", "elapsed": 0.130446, "delta": 0.014469}}
{"target": -598.9925050368015, "params": {"gamma": 6.865322775888155, "prior": 8.362794151783993, "rate": 0.18386448516457388}, "datetime": {"datetime": "2024-06-14 04:07:24", "elapsed": 0.139422, "delta": 0.008976}}
{"target": -367.0798279736476, "params": {"gamma": 7.50169300513473, "prior": 9.889724780174298, "rate": 7.4819083781440145}, "datetime": {"datetime": "2024-06-14 04:07:24", "elapsed": 0.150393, "delta": 0.010971}}
{"target": -253.37842375869675, "params": {"gamma": 2.8051594766519874, "prior": 7.913865351669736, "rate": 1.0331568397698425}, "datetime": {"datetime": "2024-06-14 04:07:24", "elapsed": 0.161363, "delta": 0.01097}}
{"target": -305.34513041236943, "params": {"gamma": 4.479487368232876, "prior": 9.095095480621646, "rate": 2.9368478695884215}, "datetime": {"datetime": "2024-06-14 04:07:24", "elapsed": 0.173331, "delta": 0.011968}}
{"target": -255.15486142698512, "params": {"gamma": 2.878465610524901, "prior": 1.3872828639709491, "rate": 0.19465021174510047}, "datetime": {"datetime": "2024-06-14 04:07:24", "elapsed": 0.182308, "delta": 0.008977}}
{"target": -293.07240091638107, "params": {"gamma": 6.78867649386597, "prior": 2.1951183484005847, "rate": 2.65620104706289}, "datetime": {"datetime": "2024-06-14 04:07:24", "elapsed": 0.193278, "delta": 0.01097}}
{"target": -339.1474120454208, "params": {"gamma": 4.916240019644103, "prior": 0.6282891966590958, "rate": 5.741601937314639}, "datetime": {"datetime": "2024-06-14 04:07:25", "elapsed": 0.205246, "delta": 0.011968}}
{"target": -132.67747403745227, "params": {"gamma": 1.4681390204831957, "prior": 5.934124815342514, "rate": 6.9978838418492915}, "datetime": {"datetime": "2024-06-14 04:07:25", "elapsed": 0.214251, "delta": 0.009005}}
{"target": -124.72551796177098, "params": {"gamma": 1.0242419538494305, "prior": 4.199154279413726, "rate": 6.9443071771197245}, "datetime": {"datetime": "2024-06-14 04:07:25", "elapsed": 0.223198, "delta": 0.008947}}
{"target": -290.71226655577976, "params": {"gamma": 4.1423785159995, "prior": 0.5945392435662629, "rate": 5.359428162749201}, "datetime": {"datetime": "2024-06-14 04:07:25", "elapsed": 0.232174, "delta": 0.008976}}
{"target": -292.99795703586994, "params": {"gamma": 6.638282657552669, "prior": 5.1974022093772545, "rate": 9.446002965152143}, "datetime": {"datetime": "2024-06-14 04:07:25", "elapsed": 0.241151, "delta": 0.008977}}
{"target": -446.2543627274307, "params": {"gamma": 5.865963849979428, "prior": 9.043678961350047, "rate": 1.3756095667582289}, "datetime": {"datetime": "2024-06-14 04:07:25", "elapsed": 0.251124, "delta": 0.009973}}
{"target": -150.253567245698, "params": {"gamma": 1.3936241961603346, "prior": 8.093173758224285, "rate": 3.9773706930183503}, "datetime": {"datetime": "2024-06-14 04:07:25", "elapsed": 0.265086, "delta": 0.013962}}
{"target": -164.58484762750953, "params": {"gamma": 1.6543766169722107, "prior": 9.282334945920736, "rate": 3.47831083159532}, "datetime": {"datetime": "2024-06-14 04:07:25", "elapsed": 0.274062, "delta": 0.008976}}
{"target": -317.79793426941666, "params": {"gamma": 7.50837021925842, "prior": 7.28738005496947, "rate": 8.833177605966892}, "datetime": {"datetime": "2024-06-14 04:07:25", "elapsed": 0.283038, "delta": 0.008976}}
{"target": -370.11110336183907, "params": {"gamma": 6.237098398349034, "prior": 7.534330096870638, "rate": 3.4896345214364475}, "datetime": {"datetime": "2024-06-14 04:07:25", "elapsed": 0.292014, "delta": 0.008976}}
{"target": -193.37225951766882, "params": {"gamma": 2.7000089897584956, "prior": 8.969273560141062, "rate": 4.281483807523078}, "datetime": {"datetime": "2024-06-14 04:07:25", "elapsed": 0.301987, "delta": 0.009973}}
{"target": -424.1741759549959, "params": {"gamma": 9.648435631436707, "prior": 6.6680708284026355, "rate": 6.217335506371009}, "datetime": {"datetime": "2024-06-14 04:07:25", "elapsed": 0.310964, "delta": 0.008977}}
{"target": -146.59338801732463, "params": {"gamma": 1.1483449835607984, "prior": 9.499943661200005, "rate": 4.499671422665926}, "datetime": {"datetime": "2024-06-14 04:07:25", "elapsed": 0.320937, "delta": 0.009973}}
{"target": -322.5384846344315, "params": {"gamma": 5.784317754256931, "prior": 4.140554347336684, "rate": 2.371032775450034}, "datetime": {"datetime": "2024-06-14 04:07:25", "elapsed": 0.329913, "delta": 0.008976}}
{"target": -797.4618147633892, "params": {"gamma": 9.033891826101975, "prior": 5.77942691805563, "rate": 0.029700399984558545}, "datetime": {"datetime": "2024-06-14 04:07:25", "elapsed": 0.338889, "delta": 0.008976}}
{"target": -270.79703897901817, "params": {"gamma": 6.171831991293619, "prior": 3.3337845275437523, "rate": 5.271053964473836}, "datetime": {"datetime": "2024-06-14 04:07:25", "elapsed": 0.350857, "delta": 0.011968}}
{"target": -410.65968318688715, "params": {"gamma": 8.859535051008434, "prior": 3.636970624024748, "rate": 9.085442974047073}, "datetime": {"datetime": "2024-06-14 04:07:25", "elapsed": 0.363823, "delta": 0.012966}}
{"target": -499.24452693426963, "params": {"gamma": 6.233977797802236, "prior": 0.2566303041809072, "rate": 9.294442900203869}, "datetime": {"datetime": "2024-06-14 04:07:25", "elapsed": 0.372827, "delta": 0.009004}}
{"target": -509.04096645245335, "params": {"gamma": 6.9092782782517235, "prior": 9.973496219469657, "rate": 1.7242327429449402}, "datetime": {"datetime": "2024-06-14 04:07:25", "elapsed": 0.381774, "delta": 0.008947}}
{"target": -139.70775722784097, "params": {"gamma": 1.3722203605391488, "prior": 9.33269508406792, "rate": 6.9684847967375125}, "datetime": {"datetime": "2024-06-14 04:07:25", "elapsed": 0.39107, "delta": 0.009296}}
{"target": -132.03556992752064, "params": {"gamma": 0.6609357270479028, "prior": 7.579084220764417, "rate": 7.539008008424004}, "datetime": {"datetime": "2024-06-14 04:07:25", "elapsed": 0.400046, "delta": 0.008976}}
{"target": -669.57799391485, "params": {"gamma": 9.230322330929287, "prior": 7.14409511042187, "rate": 1.2435853487596746}, "datetime": {"datetime": "2024-06-14 04:07:25", "elapsed": 0.409022, "delta": 0.008976}}
{"target": -146.26785402520633, "params": {"gamma": 0.1997814582641161, "prior": 0.3594887700894208, "rate": 0.2840365737199253}, "datetime": {"datetime": "2024-06-14 04:07:25", "elapsed": 0.418995, "delta": 0.009973}}
{"target": -173.0761882890965, "params": {"gamma": 2.462864464962856, "prior": 8.61427669196059, "rate": 5.3887718123521875}, "datetime": {"datetime": "2024-06-14 04:07:25", "elapsed": 0.427972, "delta": 0.008977}}
{"target": -425.0868405949672, "params": {"gamma": 5.5286669648789735, "prior": 8.436105834360097, "rate": 1.2426089778839915}, "datetime": {"datetime": "2024-06-14 04:07:25", "elapsed": 0.436948, "delta": 0.008976}}
{"target": -161.58609369339158, "params": {"gamma": 2.792557606432384, "prior": 5.89901678743705, "rate": 9.695987887448426}, "datetime": {"datetime": "2024-06-14 04:07:25", "elapsed": 0.445924, "delta": 0.008976}}
{"target": -443.37310025646127, "params": {"gamma": 5.6107411623378445, "prior": 0.2846081647921359, "rate": 8.006526094133482}, "datetime": {"datetime": "2024-06-14 04:07:25", "elapsed": 0.4549, "delta": 0.008976}}
{"target": -178.96047003193283, "params": {"gamma": 2.3305097641363632, "prior": 8.090341436625915, "rate": 3.8792185799976533}, "datetime": {"datetime": "2024-06-14 04:07:25", "elapsed": 0.464901, "delta": 0.010001}}
{"target": -420.78324239742966, "params": {"gamma": 8.635555003739727, "prior": 7.496504263098128, "rate": 5.562846099670199}, "datetime": {"datetime": "2024-06-14 04:07:25", "elapsed": 0.474875, "delta": 0.009974}}
{"target": -127.75163077117814, "params": {"gamma": 1.3654158013811895, "prior": 0.6931851261708954, "rate": 1.2143132139516326}, "datetime": {"datetime": "2024-06-14 04:07:25", "elapsed": 0.483851, "delta": 0.008976}}
{"target": -130.01058495735796, "params": {"gamma": 0.4464742335690725, "prior": 1.16419187815032, "rate": 2.2578676767399393}, "datetime": {"datetime": "2024-06-14 04:07:25", "elapsed": 0.493795, "delta": 0.009944}}
{"target": -618.8959703113458, "params": {"gamma": 7.130176814846385, "prior": 5.64119812233601, "rate": 0.12654724561099942}, "datetime": {"datetime": "2024-06-14 04:07:25", "elapsed": 0.502771, "delta": 0.008976}}
{"target": -139.39815305399264, "params": {"gamma": 0.7206708226151783, "prior": 9.676035667002694, "rate": 5.6814365187375016}, "datetime": {"datetime": "2024-06-14 04:07:25", "elapsed": 0.511749, "delta": 0.008978}}
{"target": -146.44983122689212, "params": {"gamma": 2.033729053375244, "prior": 2.598024871246202, "rate": 7.438514714896855}, "datetime": {"datetime": "2024-06-14 04:07:25", "elapsed": 0.521721, "delta": 0.009972}}
{"target": -139.39411762652676, "params": {"gamma": 1.9550993816120785, "prior": 5.855453380005252, "rate": 9.700229870894034}, "datetime": {"datetime": "2024-06-14 04:07:25", "elapsed": 0.530696, "delta": 0.008975}}
{"target": -368.5882878768526, "params": {"gamma": 8.468441186098863, "prior": 2.4744928155611032, "rate": 4.938203372973032}, "datetime": {"datetime": "2024-06-14 04:07:25", "elapsed": 0.539673, "delta": 0.008977}}
{"target": -454.03193631698906, "params": {"gamma": 6.199937228095417, "prior": 8.306910905546768, "rate": 1.5687571550661965}, "datetime": {"datetime": "2024-06-14 04:07:25", "elapsed": 0.548679, "delta": 0.009006}}
{"target": -138.59308616694784, "params": {"gamma": 0.18674344557191777, "prior": 0.7932192228203011, "rate": 4.863964764259381}, "datetime": {"datetime": "2024-06-14 04:07:25", "elapsed": 0.557624, "delta": 0.008945}}
{"target": -340.1660633035868, "params": {"gamma": 6.063688287071651, "prior": 5.731629227156165, "rate": 3.1743067308122854}, "datetime": {"datetime": "2024-06-14 04:07:25", "elapsed": 0.569592, "delta": 0.011968}}
{"target": -505.0535805075215, "params": {"gamma": 9.886172927970076, "prior": 5.839477670533389, "rate": 3.8020315850628807}, "datetime": {"datetime": "2024-06-14 04:07:25", "elapsed": 0.578569, "delta": 0.008977}}
{"target": -266.74322379711026, "params": {"gamma": 5.509931242959851, "prior": 7.478810865974371, "rate": 6.6926597016383935}, "datetime": {"datetime": "2024-06-14 04:07:25", "elapsed": 0.591564, "delta": 0.012995}}
{"target": -183.61954970622054, "params": {"gamma": 2.6499306570704313, "prior": 0.7567148608415716, "rate": 3.701471894943149}, "datetime": {"datetime": "2024-06-14 04:07:25", "elapsed": 0.601507, "delta": 0.009943}}
{"target": -333.51185347081787, "params": {"gamma": 6.297545352708624, "prior": 2.180722698156912, "rate": 7.5278027818344}, "datetime": {"datetime": "2024-06-14 04:07:25", "elapsed": 0.611482, "delta": 0.009975}}
{"target": -123.04107397377345, "params": {"gamma": 0.6662982770597953, "prior": 2.677119475927556, "rate": 8.04774088286971}, "datetime": {"datetime": "2024-06-14 04:07:25", "elapsed": 0.620006, "delta": 0.008524}}
{"target": -149.17976846267166, "params": {"gamma": 1.935149391950654, "prior": 6.430662720711407, "rate": 5.247178420928214}, "datetime": {"datetime": "2024-06-14 04:07:25", "elapsed": 0.628982, "delta": 0.008976}}
{"target": -633.7400750849004, "params": {"gamma": 9.248154896023108, "prior": 2.706638027822399, "rate": 0.6605449457495538}, "datetime": {"datetime": "2024-06-14 04:07:25", "elapsed": 0.642944, "delta": 0.013962}}
{"target": -314.0490542556039, "params": {"gamma": 7.350924566923407, "prior": 7.744562492478143, "rate": 9.078250709182736}, "datetime": {"datetime": "2024-06-14 04:07:25", "elapsed": 0.652918, "delta": 0.009974}}
{"target": -631.9589135082277, "params": {"gamma": 9.319788719899176, "prior": 0.23812057245841045, "rate": 2.344386499128084}, "datetime": {"datetime": "2024-06-14 04:07:25", "elapsed": 0.661926, "delta": 0.009008}}
{"target": -282.58448937172705, "params": {"gamma": 6.1681667916595755, "prior": 9.495261574807403, "rate": 9.50181101635155}, "datetime": {"datetime": "2024-06-14 04:07:25", "elapsed": 0.670411, "delta": 0.008485}}
{"target": -291.29511807670883, "params": {"gamma": 5.566975228763369, "prior": 9.164502862686119, "rate": 6.41602052325443}, "datetime": {"datetime": "2024-06-14 04:07:25", "elapsed": 0.679387, "delta": 0.008976}}
{"target": -196.4303204712166, "params": {"gamma": 3.9006871336983213, "prior": 4.911307604259406, "rate": 6.043500518716813}, "datetime": {"datetime": "2024-06-14 04:07:25", "elapsed": 0.688363, "delta": 0.008976}}
{"target": -258.83691407638497, "params": {"gamma": 5.495929667164118, "prior": 9.269196124393892, "rate": 9.187415622900428}, "datetime": {"datetime": "2024-06-14 04:07:25", "elapsed": 0.697339, "delta": 0.008976}}
{"target": -309.5174004360171, "params": {"gamma": 3.9493612536226252, "prior": 9.636299031563047, "rate": 1.740382711137963}, "datetime": {"datetime": "2024-06-14 04:07:25", "elapsed": 0.706315, "delta": 0.008976}}
{"target": -128.1313321681679, "params": {"gamma": 1.2641688648769336, "prior": 1.4372836646626401, "rate": 5.057115994603291}, "datetime": {"datetime": "2024-06-14 04:07:25", "elapsed": 0.716288, "delta": 0.009973}}
{"target": -144.9933267634335, "params": {"gamma": 0.2162265279367056, "prior": 9.484905091055042, "rate": 8.271327596236153}, "datetime": {"datetime": "2024-06-14 04:07:25", "elapsed": 0.725265, "delta": 0.008977}}
{"target": -144.68596944442857, "params": {"gamma": 0.15117478844048168, "prior": 1.8443429301930472, "rate": 3.3213036800940032}, "datetime": {"datetime": "2024-06-14 04:07:25", "elapsed": 0.734241, "delta": 0.008976}}
{"target": -152.18061408258623, "params": {"gamma": 1.310837451264358, "prior": 8.113957852053163, "rate": 3.4480217901802512}, "datetime": {"datetime": "2024-06-14 04:07:25", "elapsed": 0.743217, "delta": 0.008976}}
{"target": -381.0837015611949, "params": {"gamma": 9.401134715851338, "prior": 5.861940381476092, "rate": 8.78844101213403}, "datetime": {"datetime": "2024-06-14 04:07:25", "elapsed": 0.752193, "delta": 0.008976}}
{"target": -477.55010571252444, "params": {"gamma": 8.447499719476827, "prior": 9.063383955215627, "rate": 4.599342777902254}, "datetime": {"datetime": "2024-06-14 04:07:25", "elapsed": 0.763163, "delta": 0.01097}}
{"target": -353.7933710467434, "params": {"gamma": 5.463921813387713, "prior": 8.00617555240519, "rate": 2.8579027984897416}, "datetime": {"datetime": "2024-06-14 04:07:25", "elapsed": 0.775131, "delta": 0.011968}}
{"target": -445.3516548182826, "params": {"gamma": 4.903044972676658, "prior": 6.031192045694196, "rate": 0.15631722223280642}, "datetime": {"datetime": "2024-06-14 04:07:25", "elapsed": 0.784108, "delta": 0.008977}}
{"target": -268.3112912818287, "params": {"gamma": 5.935220600558176, "prior": 4.393395854995637, "rate": 8.073797928319529}, "datetime": {"datetime": "2024-06-14 04:07:25", "elapsed": 0.794081, "delta": 0.009973}}
{"target": -196.48641263168852, "params": {"gamma": 3.153132786150634, "prior": 8.939598214398998, "rate": 5.778994295630071}, "datetime": {"datetime": "2024-06-14 04:07:25", "elapsed": 0.803057, "delta": 0.008976}}
{"target": -148.2574406893481, "params": {"gamma": 1.8409180060730232, "prior": 7.900499414872493, "rate": 6.120699739272295}, "datetime": {"datetime": "2024-06-14 04:07:25", "elapsed": 0.813032, "delta": 0.009975}}
{"target": -128.95880322842095, "params": {"gamma": 0.5400388114654558, "prior": 4.259917432011209, "rate": 6.791009296817731}, "datetime": {"datetime": "2024-06-14 04:07:25", "elapsed": 0.823004, "delta": 0.009972}}
{"target": -759.5239917895738, "params": {"gamma": 9.186099177997281, "prior": 0.10398004642443859, "rate": 9.767614731161565}, "datetime": {"datetime": "2024-06-14 04:07:25", "elapsed": 0.83198, "delta": 0.008976}}
{"target": -223.27304612409662, "params": {"gamma": 3.766426567142999, "prior": 9.740457029747393, "rate": 6.047556293639557}, "datetime": {"datetime": "2024-06-14 04:07:25", "elapsed": 0.841953, "delta": 0.009973}}
{"target": -352.9396759814643, "params": {"gamma": 8.288629233998948, "prior": 5.789643896610213, "rate": 6.281133906875198}, "datetime": {"datetime": "2024-06-14 04:07:25", "elapsed": 0.850929, "delta": 0.008976}}
{"target": -164.35526717212605, "params": {"gamma": 2.8564772406752437, "prior": 5.9096500724952215, "rate": 7.500467615262897}, "datetime": {"datetime": "2024-06-14 04:07:25", "elapsed": 0.859905, "delta": 0.008976}}
{"target": -383.61220551991784, "params": {"gamma": 8.583280050453995, "prior": 7.575313665830033, "rate": 6.980874427224584}, "datetime": {"datetime": "2024-06-14 04:07:25", "elapsed": 0.869879, "delta": 0.009974}}
{"target": -377.43122844174235, "params": {"gamma": 8.644929821115943, "prior": 3.29454186868379, "rate": 6.708217119085085}, "datetime": {"datetime": "2024-06-14 04:07:25", "elapsed": 0.878858, "delta": 0.008979}}
{"target": -220.81838890012904, "params": {"gamma": 4.509288490197079, "prior": 3.8828172451120206, "rate": 4.108702687871935}, "datetime": {"datetime": "2024-06-14 04:07:25", "elapsed": 0.887831, "delta": 0.008973}}
{"target": -202.68449123281115, "params": {"gamma": 4.015394355111937, "prior": 3.2421010649869415, "rate": 6.219571759835095}, "datetime": {"datetime": "2024-06-14 04:07:25", "elapsed": 0.896807, "delta": 0.008976}}
{"target": -237.9381255740999, "params": {"gamma": 4.303042460941823, "prior": 9.740640571479798, "rate": 6.778331113451677}, "datetime": {"datetime": "2024-06-14 04:07:25", "elapsed": 0.905812, "delta": 0.009005}}
{"target": -151.18222133541371, "params": {"gamma": 1.9865003143826816, "prior": 4.324339992545524, "rate": 3.4341190515044557}, "datetime": {"datetime": "2024-06-14 04:07:25", "elapsed": 0.915755, "delta": 0.009943}}
{"target": -347.0185277839367, "params": {"gamma": 7.976590400781708, "prior": 8.811983056777974, "rate": 9.038515716307893}, "datetime": {"datetime": "2024-06-14 04:07:25", "elapsed": 0.924731, "delta": 0.008976}}
{"target": -308.29154630583105, "params": {"gamma": 6.627535403940247, "prior": 2.775061794094602, "rate": 2.5244146483443926}, "datetime": {"datetime": "2024-06-14 04:07:25", "elapsed": 0.933707, "delta": 0.008976}}
{"target": -351.535428748887, "params": {"gamma": 8.549124529031326, "prior": 5.324374998456592, "rate": 8.021808678961976}, "datetime": {"datetime": "2024-06-14 04:07:25", "elapsed": 0.942683, "delta": 0.008976}}
{"target": -297.46376310739697, "params": {"gamma": 5.725312683398872, "prior": 7.35811100034636, "rate": 5.190597263013095}, "datetime": {"datetime": "2024-06-14 04:07:25", "elapsed": 0.952656, "delta": 0.009973}}
{"target": -365.7779182829277, "params": {"gamma": 7.709068221108379, "prior": 5.731694107976684, "rate": 4.6576330760412175}, "datetime": {"datetime": "2024-06-14 04:07:25", "elapsed": 0.96263, "delta": 0.009974}}
{"target": -219.66336084015128, "params": {"gamma": 3.4275463906248644, "prior": 0.7752725493253708, "rate": 3.7798638691016704}, "datetime": {"datetime": "2024-06-14 04:07:25", "elapsed": 0.971606, "delta": 0.008976}}
{"target": -158.64098071584593, "params": {"gamma": 0.7971811509048254, "prior": 9.829889425931405, "rate": 1.816946900456307}, "datetime": {"datetime": "2024-06-14 04:07:25", "elapsed": 0.981403, "delta": 0.009797}}
{"target": -388.39131614545977, "params": {"gamma": 8.118775118507678, "prior": 8.762120285063391, "rate": 6.884444110607048}, "datetime": {"datetime": "2024-06-14 04:07:25", "elapsed": 0.99038, "delta": 0.008977}}
