{"target": -110.02708543396135, "params": {"p_ai": 0.9709143598672587, "p_al": 0.6016891748121421, "p_ex": 2.4099825032973654, "prior": 4.9689952454095, "rate": 4.635776950064971}, "datetime": {"datetime": "2024-06-13 01:27:29", "elapsed": 140.659004, "delta": 0.114693}}
{"target": -113.76134319826527, "params": {"p_ai": 2.7061915448180063, "p_al": 5.551536759147852, "p_ex": 2.2741241303667166, "prior": 3.6575972715218814, "rate": 1.7004612134515082}, "datetime": {"datetime": "2024-06-13 01:27:29", "elapsed": 140.773698, "delta": 0.114694}}
{"target": -116.21862742407903, "params": {"p_ai": 6.643061519123759, "p_al": 0.8175901478189503, "p_ex": 3.433543606188945, "prior": 5.3107221521185295, "rate": 5.49575129209153}, "datetime": {"datetime": "2024-06-13 01:27:29", "elapsed": 140.888392, "delta": 0.114694}}
{"target": -108.75985165619771, "params": {"p_ai": 3.677175933029681, "p_al": 6.437876645073682, "p_ex": 1.6453163516465605, "prior": 7.243247353069469, "rate": 9.252571309317567}, "datetime": {"datetime": "2024-06-13 01:27:29", "elapsed": 141.003203, "delta": 0.114811}}
{"target": -157.1369789615483, "params": {"p_ai": 9.89826955011051, "p_al": 8.784947093335155, "p_ex": 2.6099276976291326, "prior": 0.3818952332065484, "rate": 9.740283624676325}, "datetime": {"datetime": "2024-06-13 01:27:29", "elapsed": 141.117538, "delta": 0.114335}}
{"target": -124.05575688609495, "params": {"p_ai": 5.571641801344693, "p_al": 5.397560081958406, "p_ex": 1.465464869178477, "prior": 9.125009283215782, "rate": 9.576138273785006}, "datetime": {"datetime": "2024-06-13 01:27:29", "elapsed": 141.232355, "delta": 0.114817}}
{"target": -135.29711963836266, "params": {"p_ai": 8.596439320830738, "p_al": 6.9279118901459045, "p_ex": 3.859627585088117, "prior": 9.267352092034798, "rate": 8.544809516004866}, "datetime": {"datetime": "2024-06-13 01:27:29", "elapsed": 141.354001, "delta": 0.121646}}
{"target": -214.22209258871382, "params": {"p_ai": 8.379024516817376, "p_al": 5.8409848737222285, "p_ex": 0.7007046990238234, "prior": 0.25752210236660716, "rate": 2.2567955948701104}, "datetime": {"datetime": "2024-06-13 01:27:29", "elapsed": 141.468824, "delta": 0.114823}}
{"target": -94.23615506658913, "params": {"p_ai": 0.9239309758273341, "p_al": 7.45130882238386, "p_ex": 8.51070339828235, "prior": 5.405159526644196, "rate": 6.1131003659679655}, "datetime": {"datetime": "2024-06-13 01:27:29", "elapsed": 141.584534, "delta": 0.11571}}
{"target": -92.97028009355066, "params": {"p_ai": 4.731902707739321, "p_al": 9.351951586700345, "p_ex": 6.128514211087152, "prior": 6.203990861829056, "rate": 8.580208026741758}, "datetime": {"datetime": "2024-06-13 01:27:30", "elapsed": 141.698229, "delta": 0.113695}}
{"target": -84.0939106135247, "params": {"p_ai": 3.8379917930713003, "p_al": 0.6420310210335805, "p_ex": 7.401731824801189, "prior": 8.44204861554971, "rate": 5.202814541190575}, "datetime": {"datetime": "2024-06-13 01:27:30", "elapsed": 141.813981, "delta": 0.115752}}
{"target": -98.9331438620168, "params": {"p_ai": 4.676977687754546, "p_al": 0.987142537075401, "p_ex": 3.133268193586339, "prior": 1.874674331719403, "rate": 7.474501978620315}, "datetime": {"datetime": "2024-06-13 01:27:30", "elapsed": 141.927647, "delta": 0.113666}}
{"target": -119.09086640454964, "params": {"p_ai": 1.6045038159297442, "p_al": 6.846623571588664, "p_ex": 4.407269577320239, "prior": 0.043508732555992635, "rate": 7.023676887864597}, "datetime": {"datetime": "2024-06-13 01:27:30", "elapsed": 142.047461, "delta": 0.119814}}
{"target": -132.03019290398998, "params": {"p_ai": 7.929131931881175, "p_al": 3.3855550010290583, "p_ex": 4.773882825112012, "prior": 0.48811879033758315, "rate": 2.266480219503109}, "datetime": {"datetime": "2024-06-13 01:27:30", "elapsed": 142.162729, "delta": 0.115268}}
{"target": -142.79006929190655, "params": {"p_ai": 6.962873018760896, "p_al": 1.4122321175042711, "p_ex": 2.306679165248376, "prior": 6.948181779870129, "rate": 0.6845866257697049}, "datetime": {"datetime": "2024-06-13 01:27:30", "elapsed": 142.277928, "delta": 0.115199}}
{"target": -116.11040488875226, "params": {"p_ai": 7.293595295754525, "p_al": 6.27495190082751, "p_ex": 6.521008661786764, "prior": 3.215347493799763, "rate": 5.384891487927224}, "datetime": {"datetime": "2024-06-13 01:27:30", "elapsed": 142.392653, "delta": 0.114725}}
{"target": -113.11403602111088, "params": {"p_ai": 0.7887473490820756, "p_al": 2.8458775406885355, "p_ex": 2.0294573283473936, "prior": 5.113969351191433, "rate": 6.522440291218193}, "datetime": {"datetime": "2024-06-13 01:27:30", "elapsed": 142.517524, "delta": 0.124871}}
{"target": -142.71920632920725, "params": {"p_ai": 6.1512526136396435, "p_al": 1.3372369889231592, "p_ex": 1.8023733048329271, "prior": 4.973069889478345, "rate": 0.20146961312499756}, "datetime": {"datetime": "2024-06-13 01:27:30", "elapsed": 142.63122, "delta": 0.113696}}
{"target": -143.61869622839495, "params": {"p_ai": 7.361643532435028, "p_al": 5.924651494475185, "p_ex": 1.5891739371963378, "prior": 9.173200408445041, "rate": 5.4377158853477745}, "datetime": {"datetime": "2024-06-13 01:27:31", "elapsed": 142.745632, "delta": 0.114412}}
{"target": -155.70135783009914, "params": {"p_ai": 9.97762896209747, "p_al": 0.4242010623176478, "p_ex": 8.129651828814083, "prior": 0.7747294862906213, "rate": 9.402529343397688}, "datetime": {"datetime": "2024-06-13 01:27:31", "elapsed": 142.860325, "delta": 0.114693}}
{"target": -83.89630475044848, "params": {"p_ai": 3.6149986862617034, "p_al": 6.666456072982171, "p_ex": 7.146353634479567, "prior": 7.131275274660046, "rate": 6.939821328192214}, "datetime": {"datetime": "2024-06-13 01:27:31", "elapsed": 142.97465, "delta": 0.114325}}
{"target": -115.77396199075937, "params": {"p_ai": 0.11748517145472634, "p_al": 2.205535767342267, "p_ex": 7.972921450582112, "prior": 7.8699157486551785, "rate": 8.016818919127896}, "datetime": {"datetime": "2024-06-13 01:27:31", "elapsed": 143.089584, "delta": 0.114934}}
{"target": -144.29657118718958, "params": {"p_ai": 0.07927811264372071, "p_al": 0.4144199190423039, "p_ex": 0.7391872360694571, "prior": 8.737602735810952, "rate": 4.774912860347134}, "datetime": {"datetime": "2024-06-13 01:27:31", "elapsed": 143.204561, "delta": 0.114977}}
{"target": -115.94290808716502, "params": {"p_ai": 7.317500356968684, "p_al": 2.183949213082025, "p_ex": 6.698630184253987, "prior": 4.4408276082375435, "rate": 9.886413298777915}, "datetime": {"datetime": "2024-06-13 01:27:31", "elapsed": 143.318291, "delta": 0.11373}}
{"target": -98.6679178090467, "params": {"p_ai": 2.8631963438173162, "p_al": 1.085825710832541, "p_ex": 5.469464234701368, "prior": 6.812033826481595, "rate": 1.3480679545648442}, "datetime": {"datetime": "2024-06-13 01:27:31", "elapsed": 143.434436, "delta": 0.116145}}
{"target": -132.28630958117176, "params": {"p_ai": 5.392901192387062, "p_al": 7.44416634258219, "p_ex": 1.119322503851708, "prior": 7.8569269600463345, "rate": 5.442041945598127}, "datetime": {"datetime": "2024-06-13 01:27:31", "elapsed": 143.548204, "delta": 0.113768}}
{"target": -115.0889738524104, "params": {"p_ai": 0.10623483138674873, "p_al": 5.8913898474832616, "p_ex": 8.046897623198458, "prior": 9.909439719657145, "rate": 9.913104880835647}, "datetime": {"datetime": "2024-06-13 01:27:32", "elapsed": 143.664893, "delta": 0.116689}}
{"target": -100.20037696255393, "params": {"p_ai": 4.140090065746697, "p_al": 0.3743127129178004, "p_ex": 9.704150904631645, "prior": 2.206176297499315, "rate": 9.5501607193531}, "datetime": {"datetime": "2024-06-13 01:27:32", "elapsed": 143.778877, "delta": 0.113984}}
{"target": -135.88169373804007, "params": {"p_ai": 9.653762669781447, "p_al": 3.2840386535047608, "p_ex": 7.62780696486226, "prior": 6.319586168107425, "rate": 8.464461086294422}, "datetime": {"datetime": "2024-06-13 01:27:32", "elapsed": 143.89357, "delta": 0.114693}}
{"target": -142.47617920432256, "params": {"p_ai": 9.544035135085789, "p_al": 2.0588356204878395, "p_ex": 4.0940353992220615, "prior": 7.285842010161719, "rate": 5.89959999342087}, "datetime": {"datetime": "2024-06-13 01:27:32", "elapsed": 144.010258, "delta": 0.116688}}
{"target": -144.63552129576306, "params": {"p_ai": 9.412018487374732, "p_al": 4.469426948316884, "p_ex": 6.176220237387426, "prior": 0.8257998508466136, "rate": 2.304899578652952}, "datetime": {"datetime": "2024-06-13 01:27:32", "elapsed": 144.127677, "delta": 0.117419}}
{"target": -129.16783690936103, "params": {"p_ai": 1.2207449292190957, "p_al": 7.6671270447481055, "p_ex": 0.19366529164355087, "prior": 9.410041542782743, "rate": 8.359059532752736}, "datetime": {"datetime": "2024-06-13 01:27:32", "elapsed": 144.245654, "delta": 0.117977}}
{"target": -119.21527857606559, "params": {"p_ai": 6.79041523904395, "p_al": 0.287472757019644, "p_ex": 2.5797195845736116, "prior": 1.3636830617435978, "rate": 7.107276697868662}, "datetime": {"datetime": "2024-06-13 01:27:32", "elapsed": 144.373313, "delta": 0.127659}}
{"target": -97.06750764292524, "params": {"p_ai": 0.6955896759323784, "p_al": 8.898991301873886, "p_ex": 5.5441454803395365, "prior": 1.0347873320504477, "rate": 4.605794953880978}, "datetime": {"datetime": "2024-06-13 01:27:32", "elapsed": 144.492996, "delta": 0.119683}}
{"target": -98.31865781952644, "params": {"p_ai": 1.420708870074053, "p_al": 4.2320142745965645, "p_ex": 7.139017715384798, "prior": 6.9632397809612465, "rate": 3.4821441097665633}, "datetime": {"datetime": "2024-06-13 01:27:32", "elapsed": 144.609585, "delta": 0.116589}}
{"target": -119.97789004148733, "params": {"p_ai": 3.488244094202035, "p_al": 0.7621695729331112, "p_ex": 0.8760392519742505, "prior": 0.499760791615866, "rate": 0.7456871035159343}, "datetime": {"datetime": "2024-06-13 01:27:33", "elapsed": 144.728095, "delta": 0.11851}}
{"target": -98.46317123000956, "params": {"p_ai": 3.8515090645155543, "p_al": 8.163897450963361, "p_ex": 3.4124298215214486, "prior": 5.061675932364424, "rate": 6.2352482497544015}, "datetime": {"datetime": "2024-06-13 01:27:33", "elapsed": 144.846286, "delta": 0.118191}}
{"target": -100.43436734676106, "params": {"p_ai": 5.853298876036619, "p_al": 1.3396174079384058, "p_ex": 6.194522242049073, "prior": 5.224041629207239, "rate": 7.515029835506268}, "datetime": {"datetime": "2024-06-13 01:27:33", "elapsed": 144.962976, "delta": 0.11669}}
{"target": -116.03384070065135, "params": {"p_ai": 6.757105175136401, "p_al": 4.790099669145408, "p_ex": 9.561384493433588, "prior": 2.609904169762354, "rate": 7.106762008055519}, "datetime": {"datetime": "2024-06-13 01:27:33", "elapsed": 145.078872, "delta": 0.115896}}
{"target": -105.06103303677202, "params": {"p_ai": 2.0172175378644654, "p_al": 6.6365169120567895, "p_ex": 2.4959077411444683, "prior": 2.0632680457495662, "rate": 3.7023452626987923}, "datetime": {"datetime": "2024-06-13 01:27:33", "elapsed": 145.197498, "delta": 0.118626}}
{"target": -106.27681078001795, "params": {"p_ai": 5.08905797077081, "p_al": 6.809575599973286, "p_ex": 3.0966430250828494, "prior": 3.823984702090153, "rate": 7.609523421370097}, "datetime": {"datetime": "2024-06-13 01:27:33", "elapsed": 145.314157, "delta": 0.116659}}
{"target": -118.29414222317509, "params": {"p_ai": 3.3009775334792892, "p_al": 0.6389302477394126, "p_ex": 0.4619984701873777, "prior": 1.3501187413118958, "rate": 4.6956879815628625}, "datetime": {"datetime": "2024-06-13 01:27:33", "elapsed": 145.43345, "delta": 0.119293}}
{"target": -118.20903596295457, "params": {"p_ai": 3.841656904566708, "p_al": 6.752309274195855, "p_ex": 0.9548504944907202, "prior": 1.6188869456077883, "rate": 9.691470061990488}, "datetime": {"datetime": "2024-06-13 01:27:33", "elapsed": 145.550036, "delta": 0.116586}}
{"target": -126.77856582616894, "params": {"p_ai": 4.245425840176191, "p_al": 9.160614397223645, "p_ex": 2.344222825667408, "prior": 9.82549189507284, "rate": 1.2657560912369308}, "datetime": {"datetime": "2024-06-13 01:27:34", "elapsed": 145.668226, "delta": 0.11819}}
{"target": -146.83899880333385, "params": {"p_ai": 7.799448863276144, "p_al": 9.806336088614513, "p_ex": 4.870775648499671, "prior": 4.899366193657506, "rate": 1.752284357375709}, "datetime": {"datetime": "2024-06-13 01:27:34", "elapsed": 145.785911, "delta": 0.117685}}
{"target": -100.54210188939344, "params": {"p_ai": 6.089802440767087, "p_al": 2.4295775245574616, "p_ex": 7.168254783755872, "prior": 4.741189506023386, "rate": 2.324649181626976}, "datetime": {"datetime": "2024-06-13 01:27:34", "elapsed": 145.903597, "delta": 0.117686}}
{"target": -116.99934833452397, "params": {"p_ai": 4.6073383436908015, "p_al": 0.24704859801768705, "p_ex": 0.972215732115876, "prior": 1.0154469987440211, "rate": 3.892823066414893}, "datetime": {"datetime": "2024-06-13 01:27:34", "elapsed": 146.020923, "delta": 0.117326}}
{"target": -150.99821895587567, "params": {"p_ai": 7.159942772936529, "p_al": 0.5297678458472732, "p_ex": 0.1258669758126186, "prior": 1.4755521628278907, "rate": 9.366816161134114}, "datetime": {"datetime": "2024-06-13 01:27:34", "elapsed": 146.13474, "delta": 0.113817}}
{"target": -147.94370149198514, "params": {"p_ai": 8.657484737033041, "p_al": 4.02579472876201, "p_ex": 1.613779004758811, "prior": 3.5488881305389306, "rate": 9.348391095001308}, "datetime": {"datetime": "2024-06-13 01:27:34", "elapsed": 146.24741, "delta": 0.11267}}
{"target": -112.04428195640571, "params": {"p_ai": 6.4358408182571365, "p_al": 4.711213076366681, "p_ex": 4.0242752805752815, "prior": 8.965642815325833, "rate": 9.734754256710598}, "datetime": {"datetime": "2024-06-13 01:27:34", "elapsed": 146.36166, "delta": 0.11425}}
{"target": -138.79783894531838, "params": {"p_ai": 7.7869753507416215, "p_al": 8.333599849287312, "p_ex": 3.071586324313191, "prior": 9.395236269592925, "rate": 4.527534268378247}, "datetime": {"datetime": "2024-06-13 01:27:34", "elapsed": 146.476324, "delta": 0.114664}}
{"target": -87.61747451850378, "params": {"p_ai": 1.7938776250378565, "p_al": 5.963426293699693, "p_ex": 6.841349758798248, "prior": 4.373998411097966, "rate": 3.734074268941365}, "datetime": {"datetime": "2024-06-13 01:27:34", "elapsed": 146.590376, "delta": 0.114052}}
{"target": -109.3072852552156, "params": {"p_ai": 7.043443913896231, "p_al": 2.598151186928258, "p_ex": 6.863787983576111, "prior": 5.749631753575748, "rate": 3.35073601238623}, "datetime": {"datetime": "2024-06-13 01:27:35", "elapsed": 146.705068, "delta": 0.114692}}
{"target": -110.59618613428478, "params": {"p_ai": 6.767227184562461, "p_al": 0.42991520195032884, "p_ex": 5.488704270923013, "prior": 5.9563986456304185, "rate": 2.872909538862936}, "datetime": {"datetime": "2024-06-13 01:27:35", "elapsed": 146.818767, "delta": 0.113699}}
{"target": -108.87778827372537, "params": {"p_ai": 3.563460688769355, "p_al": 8.630321972077564, "p_ex": 6.194089730133611, "prior": 6.399778735864268, "rate": 1.047005349020826}, "datetime": {"datetime": "2024-06-13 01:27:35", "elapsed": 146.933508, "delta": 0.114741}}
{"target": -118.67072714266266, "params": {"p_ai": 2.3799396807451942, "p_al": 7.193086839135479, "p_ex": 6.994998457733764, "prior": 4.466772119490434, "rate": 0.39348351864646447}, "datetime": {"datetime": "2024-06-13 01:27:35", "elapsed": 147.048306, "delta": 0.114798}}
{"target": -96.75740898429645, "params": {"p_ai": 0.5049130038716211, "p_al": 0.8859470913492865, "p_ex": 8.643400341010897, "prior": 1.3618135756405632, "rate": 6.582959085760428}, "datetime": {"datetime": "2024-06-13 01:27:35", "elapsed": 147.162506, "delta": 0.1142}}
{"target": -106.0428176649846, "params": {"p_ai": 5.770084562623694, "p_al": 7.266228853972071, "p_ex": 5.82610600476557, "prior": 1.7949995442232674, "rate": 7.341101868124544}, "datetime": {"datetime": "2024-06-13 01:27:35", "elapsed": 147.275716, "delta": 0.11321}}
{"target": -121.09363295099479, "params": {"p_ai": 5.954844690287586, "p_al": 5.462303133863888, "p_ex": 7.271505483561953, "prior": 3.1401553121856125, "rate": 0.7070044064524976}, "datetime": {"datetime": "2024-06-13 01:27:35", "elapsed": 147.389412, "delta": 0.113696}}
{"target": -113.1346786685401, "params": {"p_ai": 0.8830516218972694, "p_al": 3.2779459454119095, "p_ex": 2.3175925349554958, "prior": 7.482423522710521, "rate": 6.076781046762146}, "datetime": {"datetime": "2024-06-13 01:27:35", "elapsed": 147.503352, "delta": 0.11394}}
{"target": -99.51604344920308, "params": {"p_ai": 0.9552179435981168, "p_al": 7.198813564213823, "p_ex": 9.161062049218932, "prior": 8.243977577493776, "rate": 6.733417233867527}, "datetime": {"datetime": "2024-06-13 01:27:35", "elapsed": 147.617953, "delta": 0.114601}}
{"target": -151.97212638816384, "params": {"p_ai": 7.766629938474206, "p_al": 1.5020910745748688, "p_ex": 0.6560602618298174, "prior": 7.48005182203822, "rate": 9.847835465529368}, "datetime": {"datetime": "2024-06-13 01:27:36", "elapsed": 147.731031, "delta": 0.113078}}
{"target": -118.63230344809033, "params": {"p_ai": 2.4031907579466307, "p_al": 5.619797616107539, "p_ex": 0.8091769372501549, "prior": 5.612305261605366, "rate": 4.504913415351544}, "datetime": {"datetime": "2024-06-13 01:27:36", "elapsed": 147.845724, "delta": 0.114693}}
{"target": -84.17425483444424, "params": {"p_ai": 2.4062820534374763, "p_al": 5.654225135269962, "p_ex": 6.540280835328817, "prior": 9.116800222132982, "rate": 7.826656032450588}, "datetime": {"datetime": "2024-06-13 01:27:36", "elapsed": 147.95942, "delta": 0.113696}}
{"target": -162.83908226991844, "params": {"p_ai": 9.768306480312317, "p_al": 4.427740303223043, "p_ex": 1.4110733548523686, "prior": 4.100272268158262, "rate": 7.923180259884998}, "datetime": {"datetime": "2024-06-13 01:27:36", "elapsed": 148.074249, "delta": 0.114829}}
{"target": -92.35531336425177, "params": {"p_ai": 2.111154225115293, "p_al": 1.7746357532837245, "p_ex": 6.451376511481533, "prior": 9.470421093516846, "rate": 4.093223892899532}, "datetime": {"datetime": "2024-06-13 01:27:36", "elapsed": 148.194928, "delta": 0.120679}}
{"target": -192.53061014895306, "params": {"p_ai": 6.969021920835418, "p_al": 4.040326479321738, "p_ex": 3.4988123408124614, "prior": 1.3305560483527752, "rate": 0.20010601712529721}, "datetime": {"datetime": "2024-06-13 01:27:36", "elapsed": 148.308623, "delta": 0.113695}}
{"target": -89.96235360754551, "params": {"p_ai": 1.197586619675433, "p_al": 4.442961703084566, "p_ex": 7.298117714260949, "prior": 0.5378488816753316, "rate": 2.217456203022386}, "datetime": {"datetime": "2024-06-13 01:27:36", "elapsed": 148.4293, "delta": 0.120677}}
{"target": -103.8771129181755, "params": {"p_ai": 0.3116139329060451, "p_al": 8.333410700210338, "p_ex": 3.8193753033278455, "prior": 2.846507590066479, "rate": 7.836932380069754}, "datetime": {"datetime": "2024-06-13 01:27:36", "elapsed": 148.543506, "delta": 0.114206}}
{"target": -100.28482552606043, "params": {"p_ai": 2.7897568590775843, "p_al": 2.808893684421618, "p_ex": 9.350078511382993, "prior": 1.6429847448957435, "rate": 0.38006274754096064}, "datetime": {"datetime": "2024-06-13 01:27:37", "elapsed": 148.661918, "delta": 0.118412}}
{"target": -146.46753932042728, "params": {"p_ai": 9.560469475162419, "p_al": 3.062042314483216, "p_ex": 4.141345088578538, "prior": 7.968125571768832, "rate": 3.5624890594864684}, "datetime": {"datetime": "2024-06-13 01:27:37", "elapsed": 148.777608, "delta": 0.11569}}
{"target": -144.36921289055016, "params": {"p_ai": 1.0494742668435404, "p_al": 7.88921878451572, "p_ex": 1.2970264103656446, "prior": 1.9812012742164533, "rate": 1.3979328301899665}, "datetime": {"datetime": "2024-06-13 01:27:37", "elapsed": 148.891634, "delta": 0.114026}}
{"target": -86.19678164024091, "params": {"p_ai": 2.2173755372878663, "p_al": 2.354234048217941, "p_ex": 7.264313235831321, "prior": 0.9533448515364066, "rate": 6.682769873132793}, "datetime": {"datetime": "2024-06-13 01:27:37", "elapsed": 149.004899, "delta": 0.113265}}
{"target": -142.34700316944713, "params": {"p_ai": 9.109410975120161, "p_al": 6.300349510334152, "p_ex": 3.369507946921146, "prior": 8.394663098559622, "rate": 8.985737732281825}, "datetime": {"datetime": "2024-06-13 01:27:37", "elapsed": 149.118247, "delta": 0.113348}}
{"target": -99.92300105257324, "params": {"p_ai": 4.935091406143817, "p_al": 5.635261569555779, "p_ex": 5.807051532572361, "prior": 1.328439684182636, "rate": 3.7312336873677587}, "datetime": {"datetime": "2024-06-13 01:27:37", "elapsed": 149.231451, "delta": 0.113204}}
{"target": -120.3694255712146, "params": {"p_ai": 8.116330034243894, "p_al": 5.1965264951790315, "p_ex": 9.395907280046464, "prior": 6.158570594296331, "rate": 7.794768289050584}, "datetime": {"datetime": "2024-06-13 01:27:37", "elapsed": 149.346228, "delta": 0.114777}}
{"target": -84.99186521185992, "params": {"p_ai": 2.48104066764581, "p_al": 5.593517106085654, "p_ex": 8.106583163034346, "prior": 1.5279573890979847, "rate": 5.402050286672557}, "datetime": {"datetime": "2024-06-13 01:27:37", "elapsed": 149.460921, "delta": 0.114693}}
{"target": -111.63096107041345, "params": {"p_ai": 6.103402627788557, "p_al": 1.871381045082322, "p_ex": 6.369268718357501, "prior": 0.6766804542419637, "rate": 7.795616893993214}, "datetime": {"datetime": "2024-06-13 01:27:37", "elapsed": 149.575084, "delta": 0.114163}}
{"target": -88.74921821811353, "params": {"p_ai": 3.26041099352799, "p_al": 4.8283595940468755, "p_ex": 3.8237242223799583, "prior": 3.2704496320762626, "rate": 9.876809150457492}, "datetime": {"datetime": "2024-06-13 01:27:38", "elapsed": 149.689451, "delta": 0.114367}}
{"target": -163.70322704137428, "params": {"p_ai": 8.790099776507047, "p_al": 3.0236342900834936, "p_ex": 1.6073098980554605, "prior": 5.293610676011789, "rate": 1.3814569869325048}, "datetime": {"datetime": "2024-06-13 01:27:38", "elapsed": 149.802854, "delta": 0.113403}}
