{"target": -455.5013435261521, "params": {"gamma": 6.557951918265758, "prior": 9.60793176737818, "rate": 0.03654404988379601}, "datetime": {"datetime": "2024-06-14 12:31:13", "elapsed": 5.477962, "delta": 0.00899}}
{"target": -608.4136034298392, "params": {"gamma": 7.233887082898668, "prior": 1.1790508359034728, "rate": 5.438331129146589}, "datetime": {"datetime": "2024-06-14 12:31:13", "elapsed": 5.48694, "delta": 0.008978}}
{"target": -526.0927696772503, "params": {"gamma": 6.269533250786666, "prior": 2.5051765451309316, "rate": 9.138524908590835}, "datetime": {"datetime": "2024-06-14 12:31:13", "elapsed": 5.495919, "delta": 0.008979}}
{"target": -518.7631451331687, "params": {"gamma": 6.223502974387487, "prior": 2.393777444809113, "rate": 7.701551743810476}, "datetime": {"datetime": "2024-06-14 12:31:13", "elapsed": 5.505894, "delta": 0.009975}}
{"target": -168.29405346211195, "params": {"gamma": 1.0559652928933503, "prior": 5.596730653460311, "rate": 0.9504657419551125}, "datetime": {"datetime": "2024-06-14 12:31:13", "elapsed": 5.514871, "delta": 0.008977}}
{"target": -480.02096922890735, "params": {"gamma": 5.810259742677521, "prior": 2.604503115929865, "rate": 6.495018612739509}, "datetime": {"datetime": "2024-06-14 12:31:14", "elapsed": 5.523849, "delta": 0.008978}}
{"target": -556.8990290355854, "params": {"gamma": 7.158553701628942, "prior": 5.289437584229746, "rate": 6.575556555623399}, "datetime": {"datetime": "2024-06-14 12:31:14", "elapsed": 5.532826, "delta": 0.008977}}
{"target": -608.7527305035098, "params": {"gamma": 8.133125159405232, "prior": 8.094371489266019, "rate": 6.197200238546574}, "datetime": {"datetime": "2024-06-14 12:31:14", "elapsed": 5.541804, "delta": 0.008978}}
{"target": -380.77711022334984, "params": {"gamma": 4.511573518745629, "prior": 4.1387048915689375, "rate": 8.74760145142373}, "datetime": {"datetime": "2024-06-14 12:31:14", "elapsed": 5.55178, "delta": 0.009976}}
{"target": -577.2677248137422, "params": {"gamma": 7.029614389411599, "prior": 1.9308567214966765, "rate": 5.657755734146004}, "datetime": {"datetime": "2024-06-14 12:31:14", "elapsed": 5.560758, "delta": 0.008978}}
{"target": -760.9493949289272, "params": {"gamma": 9.08817151496827, "prior": 1.5918309232578849, "rate": 8.455331237631533}, "datetime": {"datetime": "2024-06-14 12:31:14", "elapsed": 5.569734, "delta": 0.008976}}
{"target": -543.5287603702759, "params": {"gamma": 8.202204460687183, "prior": 5.043476902848561, "rate": 0.37680093100554635}, "datetime": {"datetime": "2024-06-14 12:31:14", "elapsed": 5.57871, "delta": 0.008976}}
{"target": -184.40830336454275, "params": {"gamma": 1.4758775514639575, "prior": 9.234123077417845, "rate": 0.4425038055225927}, "datetime": {"datetime": "2024-06-14 12:31:14", "elapsed": 5.588684, "delta": 0.009974}}
{"target": -293.45894533281114, "params": {"gamma": 3.7256151652871896, "prior": 6.228492383782162, "rate": 1.9702834411012529}, "datetime": {"datetime": "2024-06-14 12:31:14", "elapsed": 5.597692, "delta": 0.009008}}
{"target": -797.6468543880965, "params": {"gamma": 9.810816492645733, "prior": 1.6441548071298822, "rate": 5.3972522724175835}, "datetime": {"datetime": "2024-06-14 12:31:14", "elapsed": 5.60667, "delta": 0.008978}}
{"target": -500.12055129330884, "params": {"gamma": 6.180495232142101, "prior": 2.3868004918300687, "rate": 4.663623583104205}, "datetime": {"datetime": "2024-06-14 12:31:14", "elapsed": 5.615649, "delta": 0.008979}}
{"target": -385.56632940151036, "params": {"gamma": 4.91059428280016, "prior": 7.691937525632765, "rate": 6.343173246985961}, "datetime": {"datetime": "2024-06-14 12:31:14", "elapsed": 5.625625, "delta": 0.009976}}
{"target": -365.3047179457732, "params": {"gamma": 4.676032980600331, "prior": 6.702731177620354, "rate": 4.534320887795462}, "datetime": {"datetime": "2024-06-14 12:31:14", "elapsed": 5.634601, "delta": 0.008976}}
{"target": -384.5509048254106, "params": {"gamma": 5.257590201822755, "prior": 6.619823611427782, "rate": 1.8127726241566626}, "datetime": {"datetime": "2024-06-14 12:31:14", "elapsed": 5.644645, "delta": 0.010044}}
{"target": -619.9421741592872, "params": {"gamma": 7.8807074621719, "prior": 6.068366841630134, "rate": 9.80334851848814}, "datetime": {"datetime": "2024-06-14 12:31:14", "elapsed": 5.653591, "delta": 0.008946}}
{"target": -228.03481132783966, "params": {"gamma": 2.2246095521182263, "prior": 4.716038094249078, "rate": 8.956522384191866}, "datetime": {"datetime": "2024-06-14 12:31:14", "elapsed": 5.662569, "delta": 0.008978}}
{"target": -450.89735092541207, "params": {"gamma": 6.014732663578183, "prior": 7.286992573903269, "rate": 4.137287971849402}, "datetime": {"datetime": "2024-06-14 12:31:14", "elapsed": 5.672545, "delta": 0.009976}}
{"target": -478.55020326809245, "params": {"gamma": 6.843411908691368, "prior": 9.465944795490875, "rate": 2.0026604713274816}, "datetime": {"datetime": "2024-06-14 12:31:14", "elapsed": 5.681521, "delta": 0.008976}}
{"target": -537.2673956116174, "params": {"gamma": 8.073845273509328, "prior": 9.698426319788975, "rate": 0.146672748901554}, "datetime": {"datetime": "2024-06-14 12:31:14", "elapsed": 5.690499, "delta": 0.008978}}
{"target": -236.9038000699905, "params": {"gamma": 2.152880656357681, "prior": 1.2620315110999845, "rate": 7.674467753896792}, "datetime": {"datetime": "2024-06-14 12:31:14", "elapsed": 5.699483, "delta": 0.008984}}
{"target": -161.1654030619072, "params": {"gamma": 0.8130846428413901, "prior": 9.984294230049985, "rate": 3.8967305467771722}, "datetime": {"datetime": "2024-06-14 12:31:14", "elapsed": 5.708453, "delta": 0.00897}}
{"target": -721.911682524777, "params": {"gamma": 9.05212245656447, "prior": 1.9669182746447318, "rate": 4.409281126023087}, "datetime": {"datetime": "2024-06-14 12:31:14", "elapsed": 5.71846, "delta": 0.010007}}
{"target": -631.4937646404933, "params": {"gamma": 8.448273378243028, "prior": 5.993170828665236, "rate": 4.6221188088168805}, "datetime": {"datetime": "2024-06-14 12:31:14", "elapsed": 5.727411, "delta": 0.008951}}
{"target": -398.33710216497485, "params": {"gamma": 5.12698481782442, "prior": 5.781466716234239, "rate": 4.403751756648346}, "datetime": {"datetime": "2024-06-14 12:31:14", "elapsed": 5.736387, "delta": 0.008976}}
{"target": -207.70261234374914, "params": {"gamma": 1.936396018280381, "prior": 1.2282610384459451, "rate": 1.5131280457741099}, "datetime": {"datetime": "2024-06-14 12:31:14", "elapsed": 5.745363, "delta": 0.008976}}
{"target": -154.97085231409045, "params": {"gamma": 0.5258571475674859, "prior": 5.630896469529952, "rate": 8.47736241934607}, "datetime": {"datetime": "2024-06-14 12:31:14", "elapsed": 5.755336, "delta": 0.009973}}
{"target": -333.1335718508671, "params": {"gamma": 3.5918342699021832, "prior": 0.8455776390945964, "rate": 4.257818395439178}, "datetime": {"datetime": "2024-06-14 12:31:14", "elapsed": 5.764313, "delta": 0.008977}}
{"target": -487.1275018867208, "params": {"gamma": 6.020476376881542, "prior": 4.311494309198812, "rate": 8.107401614840093}, "datetime": {"datetime": "2024-06-14 12:31:14", "elapsed": 5.773288, "delta": 0.008975}}
{"target": -703.0422087956082, "params": {"gamma": 9.418920575620866, "prior": 8.71211665535671, "rate": 7.040290983300606}, "datetime": {"datetime": "2024-06-14 12:31:14", "elapsed": 5.782265, "delta": 0.008977}}
{"target": -347.21290728808975, "params": {"gamma": 4.7035189488969715, "prior": 6.858710624742188, "rate": 0.13516968725473882}, "datetime": {"datetime": "2024-06-14 12:31:14", "elapsed": 5.792238, "delta": 0.009973}}
{"target": -817.7656189462615, "params": {"gamma": 9.824798706901937, "prior": 1.8035655851060701, "rate": 9.062697699220857}, "datetime": {"datetime": "2024-06-14 12:31:14", "elapsed": 5.801214, "delta": 0.008976}}
{"target": -571.7422592751875, "params": {"gamma": 8.071291906759395, "prior": 8.02138287543118, "rate": 2.690091641792864}, "datetime": {"datetime": "2024-06-14 12:31:14", "elapsed": 5.81019, "delta": 0.008976}}
{"target": -226.52271562498683, "params": {"gamma": 2.1923189037668234, "prior": 4.345126859849478, "rate": 8.493861636205818}, "datetime": {"datetime": "2024-06-14 12:31:14", "elapsed": 5.819166, "delta": 0.008976}}
{"target": -342.94866120390674, "params": {"gamma": 4.5043460450747315, "prior": 9.360659128669912, "rate": 3.5274405931901285}, "datetime": {"datetime": "2024-06-14 12:31:14", "elapsed": 5.828142, "delta": 0.008976}}
{"target": -467.381566233864, "params": {"gamma": 6.194302264801901, "prior": 9.808920459922224, "rate": 6.434981759885809}, "datetime": {"datetime": "2024-06-14 12:31:14", "elapsed": 5.837118, "delta": 0.008976}}
{"target": -153.8927205733641, "params": {"gamma": 0.45593666218999723, "prior": 4.6892152004219465, "rate": 3.348178685792924}, "datetime": {"datetime": "2024-06-14 12:31:14", "elapsed": 5.847091, "delta": 0.009973}}
{"target": -397.16607430145956, "params": {"gamma": 5.322283303668225, "prior": 2.9189874652700007, "rate": 1.223490041069798}, "datetime": {"datetime": "2024-06-14 12:31:14", "elapsed": 5.856067, "delta": 0.008976}}
{"target": -522.9477366148499, "params": {"gamma": 6.683221598519268, "prior": 6.845461573423933, "rate": 8.671525860690885}, "datetime": {"datetime": "2024-06-14 12:31:14", "elapsed": 5.865043, "delta": 0.008976}}
{"target": -178.57940783823787, "params": {"gamma": 1.3246825541338114, "prior": 8.006341051952507, "rate": 8.267860615312884}, "datetime": {"datetime": "2024-06-14 12:31:14", "elapsed": 5.875017, "delta": 0.009974}}
{"target": -506.1800384427327, "params": {"gamma": 6.465852807575769, "prior": 2.128729243228275, "rate": 2.6149457233439732}, "datetime": {"datetime": "2024-06-14 12:31:14", "elapsed": 5.883992, "delta": 0.008975}}
{"target": -338.2493148499283, "params": {"gamma": 4.185549678574218, "prior": 5.46381082054904, "rate": 4.774902117966579}, "datetime": {"datetime": "2024-06-14 12:31:14", "elapsed": 5.892968, "delta": 0.008976}}
{"target": -374.89543593986906, "params": {"gamma": 4.67513146056165, "prior": 8.414423030956907, "rate": 8.70115355071037}, "datetime": {"datetime": "2024-06-14 12:31:14", "elapsed": 5.901945, "delta": 0.008977}}
{"target": -604.5317144353324, "params": {"gamma": 8.16772288980329, "prior": 8.790234044483526, "rate": 5.710516610608794}, "datetime": {"datetime": "2024-06-14 12:31:14", "elapsed": 5.91092, "delta": 0.008975}}
{"target": -728.625976280666, "params": {"gamma": 9.64039729725748, "prior": 6.104789047679629, "rate": 6.039873463055735}, "datetime": {"datetime": "2024-06-14 12:31:14", "elapsed": 5.919897, "delta": 0.008977}}
{"target": -261.0149577558172, "params": {"gamma": 3.193658073009114, "prior": 6.843921422758488, "rate": 0.5206049193651046}, "datetime": {"datetime": "2024-06-14 12:31:14", "elapsed": 5.92987, "delta": 0.009973}}
{"target": -188.137322116744, "params": {"gamma": 1.3463296636984106, "prior": 1.3893974589703744, "rate": 6.5523576709601326}, "datetime": {"datetime": "2024-06-14 12:31:14", "elapsed": 5.9384, "delta": 0.00853}}
{"target": -192.64744542981347, "params": {"gamma": 1.7541505851216117, "prior": 3.4773535501903177, "rate": 0.44407224667521283}, "datetime": {"datetime": "2024-06-14 12:31:14", "elapsed": 5.948373, "delta": 0.009973}}
{"target": -221.05237427560402, "params": {"gamma": 2.33810986680499, "prior": 9.645820816008012, "rate": 5.091884885761161}, "datetime": {"datetime": "2024-06-14 12:31:14", "elapsed": 5.957719, "delta": 0.009346}}
{"target": -189.81475143030033, "params": {"gamma": 1.5115941101958479, "prior": 5.277784464171196, "rate": 9.435150329726897}, "datetime": {"datetime": "2024-06-14 12:31:14", "elapsed": 5.966374, "delta": 0.008655}}
{"target": -642.9953534954934, "params": {"gamma": 8.656994454049334, "prior": 3.98145210241083, "rate": 2.8393912922180533}, "datetime": {"datetime": "2024-06-14 12:31:14", "elapsed": 5.976346, "delta": 0.009972}}
{"target": -583.1212958290597, "params": {"gamma": 7.617536897064726, "prior": 2.4807948155505692, "rate": 2.5430693142188665}, "datetime": {"datetime": "2024-06-14 12:31:14", "elapsed": 5.985322, "delta": 0.008976}}
{"target": -161.7725706640548, "params": {"gamma": 0.841779455445115, "prior": 8.655026538163867, "rate": 4.4795412572871784}, "datetime": {"datetime": "2024-06-14 12:31:14", "elapsed": 5.994298, "delta": 0.008976}}
{"target": -441.59095476134183, "params": {"gamma": 5.618300819839127, "prior": 7.393438481165847, "rate": 7.965092182444826}, "datetime": {"datetime": "2024-06-14 12:31:14", "elapsed": 6.004272, "delta": 0.009974}}
{"target": -394.79492144957464, "params": {"gamma": 4.475633881764149, "prior": 1.9228628061404038, "rate": 8.287499782431489}, "datetime": {"datetime": "2024-06-14 12:31:14", "elapsed": 6.013248, "delta": 0.008976}}
{"target": -152.1524535892263, "params": {"gamma": 0.3109486003227299, "prior": 9.47260986911873, "rate": 5.770201486928539}, "datetime": {"datetime": "2024-06-14 12:31:14", "elapsed": 6.022224, "delta": 0.008976}}
{"target": -625.7077620306036, "params": {"gamma": 8.754011995768419, "prior": 6.124797826038231, "rate": 2.5173441819390847}, "datetime": {"datetime": "2024-06-14 12:31:14", "elapsed": 6.0312, "delta": 0.008976}}
{"target": -272.0644689976385, "params": {"gamma": 2.962003105035548, "prior": 5.375933334413366, "rate": 9.620820050258088}, "datetime": {"datetime": "2024-06-14 12:31:14", "elapsed": 6.041173, "delta": 0.009973}}
{"target": -198.69857176784305, "params": {"gamma": 1.8457715492972864, "prior": 5.147993943616779, "rate": 3.4385372462650072}, "datetime": {"datetime": "2024-06-14 12:31:14", "elapsed": 6.050159, "delta": 0.008986}}
{"target": -563.6370564176908, "params": {"gamma": 7.697483724226901, "prior": 8.048378215680998, "rate": 4.246174543111865}, "datetime": {"datetime": "2024-06-14 12:31:14", "elapsed": 6.059129, "delta": 0.00897}}
{"target": -221.1412270739257, "params": {"gamma": 2.042020877443364, "prior": 0.7641856572556677, "rate": 1.9872839959411943}, "datetime": {"datetime": "2024-06-14 12:31:14", "elapsed": 6.069105, "delta": 0.009976}}
{"target": -254.01037311624893, "params": {"gamma": 2.7247361004436925, "prior": 6.028010287301183, "rate": 8.730961889247082}, "datetime": {"datetime": "2024-06-14 12:31:14", "elapsed": 6.078081, "delta": 0.008976}}
{"target": -175.70410726553737, "params": {"gamma": 1.2831811575160175, "prior": 9.58606854297747, "rate": 6.832025267697611}, "datetime": {"datetime": "2024-06-14 12:31:14", "elapsed": 6.08706, "delta": 0.008979}}
{"target": -536.6806533219178, "params": {"gamma": 7.419900392548125, "prior": 9.830519780617808, "rate": 4.161591625408803}, "datetime": {"datetime": "2024-06-14 12:31:14", "elapsed": 6.096036, "delta": 0.008976}}
{"target": -410.89883864142735, "params": {"gamma": 5.316303075493122, "prior": 6.824208206937614, "rate": 5.129238550757324}, "datetime": {"datetime": "2024-06-14 12:31:14", "elapsed": 6.106012, "delta": 0.009976}}
{"target": -279.4923244749675, "params": {"gamma": 2.991824334263695, "prior": 1.143308260027389, "rate": 2.8500365250757254}, "datetime": {"datetime": "2024-06-14 12:31:14", "elapsed": 6.11499, "delta": 0.008978}}
{"target": -595.6857572412728, "params": {"gamma": 7.688759630029292, "prior": 6.443748774073277, "rate": 8.013505701328722}, "datetime": {"datetime": "2024-06-14 12:31:14", "elapsed": 6.123969, "delta": 0.008979}}
{"target": -434.07386860863727, "params": {"gamma": 5.171688199172296, "prior": 2.3977902162787172, "rate": 6.279991307892046}, "datetime": {"datetime": "2024-06-14 12:31:14", "elapsed": 6.132947, "delta": 0.008978}}
{"target": -312.87266639267534, "params": {"gamma": 3.040750894733009, "prior": 0.39233457492600754, "rate": 9.03340843699194}, "datetime": {"datetime": "2024-06-14 12:31:14", "elapsed": 6.142924, "delta": 0.009977}}
{"target": -354.2938222574823, "params": {"gamma": 4.2042753184590484, "prior": 4.318694726204651, "rate": 7.412776101583259}, "datetime": {"datetime": "2024-06-14 12:31:14", "elapsed": 6.151942, "delta": 0.009018}}
{"target": -752.3828392119771, "params": {"gamma": 9.484635584653631, "prior": 0.8179037276500872, "rate": 1.7278381802346168}, "datetime": {"datetime": "2024-06-14 12:31:14", "elapsed": 6.161917, "delta": 0.009975}}
{"target": -290.3813927155259, "params": {"gamma": 3.224252533837974, "prior": 2.5594000386689704, "rate": 4.9554543186305695}, "datetime": {"datetime": "2024-06-14 12:31:14", "elapsed": 6.170896, "delta": 0.008979}}
{"target": -612.8151863905465, "params": {"gamma": 8.244771648366036, "prior": 8.55432690792754, "rate": 5.958703590644958}, "datetime": {"datetime": "2024-06-14 12:31:14", "elapsed": 6.179872, "delta": 0.008976}}
{"target": -247.58984198260458, "params": {"gamma": 2.4024971645768356, "prior": 1.9462776138995845, "rate": 7.434161733507989}, "datetime": {"datetime": "2024-06-14 12:31:14", "elapsed": 6.189853, "delta": 0.009981}}
{"target": -232.5911256812246, "params": {"gamma": 2.372903362377833, "prior": 5.440959820172842, "rate": 7.493058590484791}, "datetime": {"datetime": "2024-06-14 12:31:14", "elapsed": 6.198824, "delta": 0.008971}}
{"target": -214.90381165769057, "params": {"gamma": 2.283262797049244, "prior": 1.8275617569701659, "rate": 0.39831713007193664}, "datetime": {"datetime": "2024-06-14 12:31:14", "elapsed": 6.2078, "delta": 0.008976}}
{"target": -182.30998343446663, "params": {"gamma": 1.4765408081617755, "prior": 8.52924517877521, "rate": 1.0472544815378406}, "datetime": {"datetime": "2024-06-14 12:31:14", "elapsed": 6.216778, "delta": 0.008978}}
{"target": -250.99109959978801, "params": {"gamma": 2.2372268102276505, "prior": 0.4242962774851736, "rate": 6.763889997877335}, "datetime": {"datetime": "2024-06-14 12:31:14", "elapsed": 6.226754, "delta": 0.009976}}
{"target": -217.5044935822114, "params": {"gamma": 2.317799711505731, "prior": 4.194558006237466, "rate": 1.393872412065944}, "datetime": {"datetime": "2024-06-14 12:31:14", "elapsed": 6.23573, "delta": 0.008976}}
{"target": -315.68175873595163, "params": {"gamma": 3.772795658827454, "prior": 4.301930915772191, "rate": 4.730176553648271}, "datetime": {"datetime": "2024-06-14 12:31:14", "elapsed": 6.244708, "delta": 0.008978}}
{"target": -386.1115334745222, "params": {"gamma": 4.228995288573093, "prior": 1.1172899823542268, "rate": 7.72603008604881}, "datetime": {"datetime": "2024-06-14 12:31:14", "elapsed": 6.253686, "delta": 0.008978}}
{"target": -178.68213332155977, "params": {"gamma": 1.3729228288956241, "prior": 4.300494505825538, "rate": 2.7202891684153423}, "datetime": {"datetime": "2024-06-14 12:31:14", "elapsed": 6.263663, "delta": 0.009977}}
{"target": -262.04451192175634, "params": {"gamma": 3.0107784228559833, "prior": 6.756965648605682, "rate": 5.178349451410332}, "datetime": {"datetime": "2024-06-14 12:31:14", "elapsed": 6.272638, "delta": 0.008975}}
{"target": -201.7202287457624, "params": {"gamma": 1.9016804177489257, "prior": 4.744430954350433, "rate": 3.396069147094239}, "datetime": {"datetime": "2024-06-14 12:31:14", "elapsed": 6.282612, "delta": 0.009974}}
{"target": -585.5494468859113, "params": {"gamma": 7.045267485283013, "prior": 2.338342504082235, "rate": 8.450036385446094}, "datetime": {"datetime": "2024-06-14 12:31:14", "elapsed": 6.29159, "delta": 0.008978}}
{"target": -397.3808976430153, "params": {"gamma": 5.262770419251413, "prior": 5.056133771938582, "rate": 2.537604383069914}, "datetime": {"datetime": "2024-06-14 12:31:14", "elapsed": 6.300569, "delta": 0.008979}}
{"target": -208.71547303586354, "params": {"gamma": 1.8623705416969032, "prior": 4.771008721102208, "rate": 9.818262353834747}, "datetime": {"datetime": "2024-06-14 12:31:14", "elapsed": 6.310574, "delta": 0.010005}}
{"target": -184.12311046447127, "params": {"gamma": 1.3299294703806088, "prior": 2.9062780810377657, "rate": 8.006611101660276}, "datetime": {"datetime": "2024-06-14 12:31:14", "elapsed": 6.319556, "delta": 0.008982}}
{"target": -515.695220010248, "params": {"gamma": 6.648104208209039, "prior": 2.859708246065027, "rate": 3.1471614201443434}, "datetime": {"datetime": "2024-06-14 12:31:14", "elapsed": 6.328529, "delta": 0.008973}}
{"target": -345.71280187380773, "params": {"gamma": 4.200062595764889, "prior": 6.067588946198732, "rate": 7.193668333443535}, "datetime": {"datetime": "2024-06-14 12:31:14", "elapsed": 6.337504, "delta": 0.008975}}
{"target": -606.364713754424, "params": {"gamma": 8.573146034178855, "prior": 6.843003557538256, "rate": 2.370583662652512}, "datetime": {"datetime": "2024-06-14 12:31:14", "elapsed": 6.347478, "delta": 0.009974}}
{"target": -657.7331895518446, "params": {"gamma": 9.257279632827263, "prior": 7.833834466690084, "rate": 3.0745074227980154}, "datetime": {"datetime": "2024-06-14 12:31:14", "elapsed": 6.356454, "delta": 0.008976}}
{"target": -252.57900044552835, "params": {"gamma": 3.0503514507789897, "prior": 8.823566352446155, "rate": 1.2616587254915876}, "datetime": {"datetime": "2024-06-14 12:31:14", "elapsed": 6.36543, "delta": 0.008976}}
{"target": -524.0598869306001, "params": {"gamma": 6.334974881523022, "prior": 2.8493560514869, "rate": 8.272176051067923}, "datetime": {"datetime": "2024-06-14 12:31:14", "elapsed": 6.375403, "delta": 0.009973}}
{"target": -287.13273133548336, "params": {"gamma": 3.645869952111327, "prior": 7.360324335241457, "rate": 1.9249864862469743}, "datetime": {"datetime": "2024-06-14 12:31:14", "elapsed": 6.384379, "delta": 0.008976}}
{"target": -367.69474995970484, "params": {"gamma": 4.814977529509854, "prior": 8.05558680166717, "rate": 3.9704851285120673}, "datetime": {"datetime": "2024-06-14 12:31:14", "elapsed": 6.393355, "delta": 0.008976}}
{"target": -191.6615743894495, "params": {"gamma": 1.6165788245210426, "prior": 6.524924004221608, "rate": 7.53350473313803}, "datetime": {"datetime": "2024-06-14 12:31:14", "elapsed": 6.402331, "delta": 0.008976}}
