{"target": -773.3691040154471, "params": {"gamma": 5.131976926404618, "lr": 0.42942202968065213}, "datetime": {"datetime": "2024-06-13 17:15:25", "elapsed": 8.298702, "delta": 0.00399}}
{"target": -176.80575738594035, "params": {"gamma": 0.9168564269132811, "lr": 0.27367730380496647}, "datetime": {"datetime": "2024-06-13 17:15:25", "elapsed": 8.303688, "delta": 0.004986}}
{"target": -1342.2192413316218, "params": {"gamma": 8.866591497643999, "lr": 0.2459443412735529}, "datetime": {"datetime": "2024-06-13 17:15:25", "elapsed": 8.309672, "delta": 0.005984}}
{"target": -950.4131827629396, "params": {"gamma": 6.212272679321877, "lr": 0.49500739584280073}, "datetime": {"datetime": "2024-06-13 17:15:25", "elapsed": 8.314659, "delta": 0.004987}}
{"target": -284.35830044654114, "params": {"gamma": 0.9446309868062094, "lr": 0.8993685313928761}, "datetime": {"datetime": "2024-06-13 17:15:25", "elapsed": 8.319646, "delta": 0.004987}}
{"target": -194.23330764627414, "params": {"gamma": 0.6786405537486796, "lr": 0.680702325466581}, "datetime": {"datetime": "2024-06-13 17:15:25", "elapsed": 8.324633, "delta": 0.004987}}
{"target": -2103.6893783324863, "params": {"gamma": 9.720009401703859, "lr": 0.709373790820744}, "datetime": {"datetime": "2024-06-13 17:15:25", "elapsed": 8.328622, "delta": 0.003989}}
{"target": -1167.1740903201567, "params": {"gamma": 3.2597612958632975, "lr": 0.07344016636799866}, "datetime": {"datetime": "2024-06-13 17:15:25", "elapsed": 8.333608, "delta": 0.004986}}
{"target": -1286.6495758881401, "params": {"gamma": 5.797790733426387, "lr": 0.7335170182530933}, "datetime": {"datetime": "2024-06-13 17:15:25", "elapsed": 8.338595, "delta": 0.004987}}
{"target": -183.71851685281, "params": {"gamma": 0.5239594410412508, "lr": 0.8376741304024212}, "datetime": {"datetime": "2024-06-13 17:15:54", "elapsed": 37.326639, "delta": 28.988044}}
{"target": -492.8329005855752, "params": {"gamma": 1.7328344314002284, "lr": 0.9983606440368625}, "datetime": {"datetime": "2024-06-13 17:16:18", "elapsed": 61.516712, "delta": 24.190073}}
{"target": -247.8758036674314, "params": {"gamma": 0.5924933855176809, "lr": 0.01018243214229364}, "datetime": {"datetime": "2024-06-13 17:16:34", "elapsed": 77.301845, "delta": 15.785133}}
{"target": -146.94720227870866, "params": {"gamma": 0.001, "lr": 0.0}, "datetime": {"datetime": "2024-06-13 17:17:06", "elapsed": 110.235955, "delta": 32.93411}}
{"target": -281.26687210495055, "params": {"gamma": 0.9156465714559776, "lr": 0.9953608477625427}, "datetime": {"datetime": "2024-06-13 17:17:22", "elapsed": 125.76706, "delta": 15.531105}}
{"target": -146.03006751995113, "params": {"gamma": 0.011592683091553226, "lr": 0.9114614297590502}, "datetime": {"datetime": "2024-06-13 17:17:42", "elapsed": 146.043474, "delta": 20.276414}}
{"target": -207.26646400023, "params": {"gamma": 0.7568093420862729, "lr": 0.7033436142010933}, "datetime": {"datetime": "2024-06-13 17:18:05", "elapsed": 168.471438, "delta": 22.427964}}
{"target": -143.10354988294114, "params": {"gamma": 0.07282598572633735, "lr": 0.9937285631917389}, "datetime": {"datetime": "2024-06-13 17:18:40", "elapsed": 204.096659, "delta": 35.625221}}
{"target": -1205.772803929361, "params": {"gamma": 5.532459911594318, "lr": 0.7020481994531945}, "datetime": {"datetime": "2024-06-13 17:18:50", "elapsed": 214.017908, "delta": 9.921249}}
{"target": -247.36949378287815, "params": {"gamma": 1.4853000029868202, "lr": 0.4066836824442297}, "datetime": {"datetime": "2024-06-13 17:19:00", "elapsed": 223.655776, "delta": 9.637868}}
{"target": -173.4229673529953, "params": {"gamma": 0.6124666171426212, "lr": 0.6229771796683728}, "datetime": {"datetime": "2024-06-13 17:19:34", "elapsed": 257.887372, "delta": 34.231596}}
{"target": -172.96358288468338, "params": {"gamma": 0.5387136518463909, "lr": 0.6820040167385889}, "datetime": {"datetime": "2024-06-13 17:20:01", "elapsed": 284.723574, "delta": 26.836202}}
{"target": -146.94720227870866, "params": {"gamma": 0.7692036362238578, "lr": 0.0}, "datetime": {"datetime": "2024-06-13 17:20:26", "elapsed": 310.177582, "delta": 25.454008}}
{"target": -464.67464054442075, "params": {"gamma": 1.6270390108474166, "lr": 0.9986922594466423}, "datetime": {"datetime": "2024-06-13 17:20:44", "elapsed": 327.601956, "delta": 17.424374}}
{"target": -221.3527995429925, "params": {"gamma": 0.5653519691700897, "lr": 1.0}, "datetime": {"datetime": "2024-06-13 17:21:00", "elapsed": 343.973556, "delta": 16.3716}}
{"target": -490.322400879483, "params": {"gamma": 3.3402538973193194, "lr": 0.2781311414906732}, "datetime": {"datetime": "2024-06-13 17:21:35", "elapsed": 379.248422, "delta": 35.274866}}
{"target": -146.78351771478214, "params": {"gamma": 0.0014975711123226352, "lr": 0.16733157137288224}, "datetime": {"datetime": "2024-06-13 17:22:02", "elapsed": 405.381304, "delta": 26.132882}}
{"target": -146.94720227870866, "params": {"gamma": 0.38328199486783743, "lr": 0.0}, "datetime": {"datetime": "2024-06-13 17:22:33", "elapsed": 436.501896, "delta": 31.120592}}
{"target": -566.4167481604544, "params": {"gamma": 2.195616609602122, "lr": 0.832826239704753}, "datetime": {"datetime": "2024-06-13 17:22:42", "elapsed": 445.772216, "delta": 9.27032}}
{"target": -342.0604502298323, "params": {"gamma": 1.0033836947939152, "lr": 1.0}, "datetime": {"datetime": "2024-06-13 17:23:00", "elapsed": 464.066815, "delta": 18.294599}}
{"target": -143.19454120636854, "params": {"gamma": 0.06904688684056977, "lr": 0.9247234057908387}, "datetime": {"datetime": "2024-06-13 17:23:40", "elapsed": 504.086181, "delta": 40.019366}}
{"target": -146.94720227870866, "params": {"gamma": 0.09075571522804575, "lr": 0.0}, "datetime": {"datetime": "2024-06-13 17:24:20", "elapsed": 544.123093, "delta": 40.036912}}
{"target": -178.07592630523305, "params": {"gamma": 0.4992594145174904, "lr": 0.7745930389129491}, "datetime": {"datetime": "2024-06-13 17:24:37", "elapsed": 560.648969, "delta": 16.525876}}
{"target": -711.653831329081, "params": {"gamma": 4.614963540072418, "lr": 0.487979895010642}, "datetime": {"datetime": "2024-06-13 17:24:46", "elapsed": 569.680802, "delta": 9.031833}}
{"target": -184.07887974284554, "params": {"gamma": 0.9156904868650046, "lr": 0.4789278865540533}, "datetime": {"datetime": "2024-06-13 17:25:17", "elapsed": 600.881795, "delta": 31.200993}}
