{"target": -1629.4082654691845, "params": {"gamma": 7.023455232193281, "lr": 0.6250155931933211}, "datetime": {"datetime": "2024-06-13 22:26:37", "elapsed": 4.724671, "delta": 0.003989}}
{"target": -2131.3420522955394, "params": {"gamma": 9.307416596768327, "lr": 0.26904238725191854}, "datetime": {"datetime": "2024-06-13 22:26:37", "elapsed": 4.728661, "delta": 0.00399}}
{"target": -2182.407631082827, "params": {"gamma": 9.236233847661266, "lr": 0.6780829341239825}, "datetime": {"datetime": "2024-06-13 22:26:37", "elapsed": 4.73265, "delta": 0.003989}}
{"target": -1740.9494470709853, "params": {"gamma": 7.713853709507418, "lr": 0.5716353364349513}, "datetime": {"datetime": "2024-06-13 22:26:37", "elapsed": 4.737636, "delta": 0.004986}}
{"target": -1973.0118397784565, "params": {"gamma": 8.339212870314833, "lr": 0.6982817992918626}, "datetime": {"datetime": "2024-06-13 22:26:37", "elapsed": 4.741626, "delta": 0.00399}}
{"target": -368.5636189421992, "params": {"gamma": 1.466940409067313, "lr": 0.6124611286280749}, "datetime": {"datetime": "2024-06-13 22:26:37", "elapsed": 4.745615, "delta": 0.003989}}
{"target": -789.6094049521914, "params": {"gamma": 2.793924035827702, "lr": 0.9158787230673001}, "datetime": {"datetime": "2024-06-13 22:26:37", "elapsed": 4.750602, "delta": 0.004987}}
{"target": -484.94123708621316, "params": {"gamma": 1.9831246698113274, "lr": 0.28571649537130284}, "datetime": {"datetime": "2024-06-13 22:26:37", "elapsed": 4.754591, "delta": 0.003989}}
{"target": -176.57990161617067, "params": {"gamma": 0.47749939499181976, "lr": 0.44757914405063814}, "datetime": {"datetime": "2024-06-13 22:26:37", "elapsed": 4.75858, "delta": 0.003989}}
{"target": -1263.8033264673086, "params": {"gamma": 5.576320563895948, "lr": 0.5735610825770953}, "datetime": {"datetime": "2024-06-13 22:26:37", "elapsed": 4.763567, "delta": 0.004987}}
{"target": -2157.9678266159463, "params": {"gamma": 9.053868422216771, "lr": 0.34741393280060506}, "datetime": {"datetime": "2024-06-13 22:26:37", "elapsed": 4.767557, "delta": 0.00399}}
{"target": -1195.3120586291968, "params": {"gamma": 4.475836267532962, "lr": 0.8512376625014975}, "datetime": {"datetime": "2024-06-13 22:26:37", "elapsed": 4.771546, "delta": 0.003989}}
{"target": -1345.9150823984714, "params": {"gamma": 5.768716203017017, "lr": 0.6539929348777337}, "datetime": {"datetime": "2024-06-13 22:26:37", "elapsed": 4.775535, "delta": 0.003989}}
{"target": -625.3460081286139, "params": {"gamma": 2.784314944612766, "lr": 0.48747130162584906}, "datetime": {"datetime": "2024-06-13 22:26:37", "elapsed": 4.780522, "delta": 0.004987}}
{"target": -1988.8559539102823, "params": {"gamma": 6.209902923417142, "lr": 0.13339403014523998}, "datetime": {"datetime": "2024-06-13 22:26:37", "elapsed": 4.784512, "delta": 0.00399}}
{"target": -179.45174784783035, "params": {"gamma": 0.3300542572087522, "lr": 0.11341100113082614}, "datetime": {"datetime": "2024-06-13 22:26:37", "elapsed": 4.789498, "delta": 0.004986}}
{"target": -1585.4623519339314, "params": {"gamma": 4.775133302320191, "lr": 0.02402673463080851}, "datetime": {"datetime": "2024-06-13 22:26:37", "elapsed": 4.793487, "delta": 0.003989}}
{"target": -2033.3736856959588, "params": {"gamma": 6.26246308244308, "lr": 0.09758261797608447}, "datetime": {"datetime": "2024-06-13 22:26:37", "elapsed": 4.797477, "delta": 0.00399}}
{"target": -559.0256625817905, "params": {"gamma": 2.5103644156247413, "lr": 0.42649294585621844}, "datetime": {"datetime": "2024-06-13 22:26:37", "elapsed": 4.802463, "delta": 0.004986}}
{"target": -298.43549658093866, "params": {"gamma": 1.159151640315784, "lr": 0.2705519937974664}, "datetime": {"datetime": "2024-06-13 22:26:37", "elapsed": 4.806453, "delta": 0.00399}}
{"target": -157.62151838782177, "params": {"gamma": 0.21177564868227716, "lr": 0.9850455536104694}, "datetime": {"datetime": "2024-06-13 22:26:37", "elapsed": 4.810442, "delta": 0.003989}}
{"target": -1449.485049859036, "params": {"gamma": 6.116124507605985, "lr": 0.3783538388352491}, "datetime": {"datetime": "2024-06-13 22:26:37", "elapsed": 4.814431, "delta": 0.003989}}
{"target": -156.55825181622612, "params": {"gamma": 0.2662569827533811, "lr": 0.3898387483749842}, "datetime": {"datetime": "2024-06-13 22:26:37", "elapsed": 4.819418, "delta": 0.004987}}
{"target": -1266.0398739272773, "params": {"gamma": 4.526133705237957, "lr": 0.9310031937645028}, "datetime": {"datetime": "2024-06-13 22:26:37", "elapsed": 4.824405, "delta": 0.004987}}
{"target": -657.5431120750923, "params": {"gamma": 2.7857632142087283, "lr": 0.6147818910832991}, "datetime": {"datetime": "2024-06-13 22:26:37", "elapsed": 4.828394, "delta": 0.003989}}
{"target": -1764.232460914963, "params": {"gamma": 6.6520183774673525, "lr": 0.18596096979633892}, "datetime": {"datetime": "2024-06-13 22:26:37", "elapsed": 4.833381, "delta": 0.004987}}
{"target": -1271.5167619617164, "params": {"gamma": 5.058127726515332, "lr": 0.7865007628599349}, "datetime": {"datetime": "2024-06-13 22:26:37", "elapsed": 4.837369, "delta": 0.003988}}
{"target": -266.35998179874804, "params": {"gamma": 0.966693765249707, "lr": 0.6060352981689622}, "datetime": {"datetime": "2024-06-13 22:26:37", "elapsed": 4.841359, "delta": 0.00399}}
{"target": -171.36910541344216, "params": {"gamma": 0.261573266951244, "lr": 0.00704672381007565}, "datetime": {"datetime": "2024-06-13 22:26:38", "elapsed": 4.846346, "delta": 0.004987}}
{"target": -192.61892521443932, "params": {"gamma": 0.5962265427935735, "lr": 0.4814004591490364}, "datetime": {"datetime": "2024-06-13 22:26:38", "elapsed": 4.850336, "delta": 0.00399}}
{"target": -2006.7647916717, "params": {"gamma": 9.257115382793618, "lr": 0.4055573841390242}, "datetime": {"datetime": "2024-06-13 22:26:38", "elapsed": 4.854325, "delta": 0.003989}}
{"target": -253.2908509821766, "params": {"gamma": 0.7512513607260716, "lr": 0.8613524744830288}, "datetime": {"datetime": "2024-06-13 22:26:38", "elapsed": 4.859311, "delta": 0.004986}}
{"target": -1202.0925054002196, "params": {"gamma": 5.193456557118933, "lr": 0.3189358689174241}, "datetime": {"datetime": "2024-06-13 22:26:38", "elapsed": 4.8633, "delta": 0.003989}}
{"target": -2670.6082173191057, "params": {"gamma": 9.630360355507971, "lr": 0.9382617685023783}, "datetime": {"datetime": "2024-06-13 22:26:38", "elapsed": 4.86729, "delta": 0.00399}}
{"target": -677.7493879561246, "params": {"gamma": 2.6009297005949668, "lr": 0.20139185371372026}, "datetime": {"datetime": "2024-06-13 22:26:38", "elapsed": 4.872277, "delta": 0.004987}}
{"target": -1563.0196297412524, "params": {"gamma": 5.889498124357467, "lr": 0.8425182098415589}, "datetime": {"datetime": "2024-06-13 22:26:38", "elapsed": 4.876266, "delta": 0.003989}}
{"target": -772.7829273502656, "params": {"gamma": 3.3678741763608038, "lr": 0.5864294214642616}, "datetime": {"datetime": "2024-06-13 22:26:38", "elapsed": 4.880255, "delta": 0.003989}}
{"target": -452.4112960053479, "params": {"gamma": 1.623287749788599, "lr": 0.19459373523814183}, "datetime": {"datetime": "2024-06-13 22:26:38", "elapsed": 4.884246, "delta": 0.003991}}
{"target": -2452.7381979095253, "params": {"gamma": 7.613590824704965, "lr": 0.15009846135204996}, "datetime": {"datetime": "2024-06-13 22:26:38", "elapsed": 4.889231, "delta": 0.004985}}
{"target": -651.1257311550307, "params": {"gamma": 2.659804503437227, "lr": 0.6894948631776694}, "datetime": {"datetime": "2024-06-13 22:26:38", "elapsed": 4.893221, "delta": 0.00399}}
{"target": -154.83112173579525, "params": {"gamma": 0.15187798702215813, "lr": 0.03219440386857053}, "datetime": {"datetime": "2024-06-13 22:26:38", "elapsed": 4.89721, "delta": 0.003989}}
{"target": -694.738568010004, "params": {"gamma": 2.8759718743002627, "lr": 0.3366231805122991}, "datetime": {"datetime": "2024-06-13 22:26:38", "elapsed": 4.901199, "delta": 0.003989}}
{"target": -932.96289153005, "params": {"gamma": 3.622798839194582, "lr": 0.8071905755135196}, "datetime": {"datetime": "2024-06-13 22:26:38", "elapsed": 4.906186, "delta": 0.004987}}
{"target": -166.7558540025127, "params": {"gamma": 0.3607736956187603, "lr": 0.3583952446253251}, "datetime": {"datetime": "2024-06-13 22:26:38", "elapsed": 4.910175, "delta": 0.003989}}
{"target": -2058.49605479435, "params": {"gamma": 6.383143054534976, "lr": 0.14300410951832265}, "datetime": {"datetime": "2024-06-13 22:26:38", "elapsed": 4.914165, "delta": 0.00399}}
{"target": -1990.1332846013424, "params": {"gamma": 8.577528406499894, "lr": 0.6455644082734328}, "datetime": {"datetime": "2024-06-13 22:26:38", "elapsed": 4.919152, "delta": 0.004987}}
{"target": -328.3747801440731, "params": {"gamma": 1.1538189613747907, "lr": 0.2080974099989472}, "datetime": {"datetime": "2024-06-13 22:26:38", "elapsed": 4.923141, "delta": 0.003989}}
{"target": -1618.5832244753062, "params": {"gamma": 7.455237809150899, "lr": 0.40340662833417285}, "datetime": {"datetime": "2024-06-13 22:26:38", "elapsed": 4.928127, "delta": 0.004986}}
{"target": -1323.175883721638, "params": {"gamma": 4.84521613942412, "lr": 0.8874550780727275}, "datetime": {"datetime": "2024-06-13 22:26:38", "elapsed": 4.933115, "delta": 0.004988}}
{"target": -412.96958307337394, "params": {"gamma": 1.3752980526926846, "lr": 0.9643727973861176}, "datetime": {"datetime": "2024-06-13 22:26:38", "elapsed": 4.938101, "delta": 0.004986}}
{"target": -203.19032350159316, "params": {"gamma": 0.4272541882840023, "lr": 0.09944025725488481}, "datetime": {"datetime": "2024-06-13 22:26:38", "elapsed": 4.94209, "delta": 0.003989}}
{"target": -590.3776432122247, "params": {"gamma": 2.2331610709734946, "lr": 0.8065850822605141}, "datetime": {"datetime": "2024-06-13 22:26:38", "elapsed": 4.947077, "delta": 0.004987}}
{"target": -1068.9511329322786, "params": {"gamma": 4.559272200887655, "lr": 0.6532511422613194}, "datetime": {"datetime": "2024-06-13 22:26:38", "elapsed": 4.951066, "delta": 0.003989}}
{"target": -527.3831751914063, "params": {"gamma": 1.7440370540608525, "lr": 0.16672193292652826}, "datetime": {"datetime": "2024-06-13 22:26:38", "elapsed": 4.955055, "delta": 0.003989}}
{"target": -1285.8928427306305, "params": {"gamma": 5.208962557197339, "lr": 0.7402936352802216}, "datetime": {"datetime": "2024-06-13 22:26:38", "elapsed": 4.960042, "delta": 0.004987}}
{"target": -1251.8790444502451, "params": {"gamma": 4.62528217768507, "lr": 0.8696140851211128}, "datetime": {"datetime": "2024-06-13 22:26:38", "elapsed": 4.964031, "delta": 0.003989}}
{"target": -1560.3712675103252, "params": {"gamma": 6.604458934771733, "lr": 0.2490900884519328}, "datetime": {"datetime": "2024-06-13 22:26:38", "elapsed": 4.969018, "delta": 0.004987}}
{"target": -554.5479836394859, "params": {"gamma": 2.3497873058002465, "lr": 0.3740467168670696}, "datetime": {"datetime": "2024-06-13 22:26:38", "elapsed": 4.973007, "delta": 0.003989}}
{"target": -2102.2055547296163, "params": {"gamma": 7.566403946905877, "lr": 0.9379376643097822}, "datetime": {"datetime": "2024-06-13 22:26:38", "elapsed": 4.976997, "delta": 0.00399}}
{"target": -1974.7916899343031, "params": {"gamma": 8.61919808718901, "lr": 0.26161079268292176}, "datetime": {"datetime": "2024-06-13 22:26:38", "elapsed": 4.980986, "delta": 0.003989}}
{"target": -958.354934212739, "params": {"gamma": 4.12337700085772, "lr": 0.6115440994503215}, "datetime": {"datetime": "2024-06-13 22:26:38", "elapsed": 4.985973, "delta": 0.004987}}
{"target": -1297.5655223121805, "params": {"gamma": 5.468797723702268, "lr": 0.3892749454089657}, "datetime": {"datetime": "2024-06-13 22:26:38", "elapsed": 4.989962, "delta": 0.003989}}
{"target": -286.380731512579, "params": {"gamma": 1.0151063480358857, "lr": 0.7122448043972556}, "datetime": {"datetime": "2024-06-13 22:26:38", "elapsed": 4.993951, "delta": 0.003989}}
{"target": -283.1757078204614, "params": {"gamma": 0.8822635040904132, "lr": 0.8660774293737196}, "datetime": {"datetime": "2024-06-13 22:26:38", "elapsed": 4.998938, "delta": 0.004987}}
{"target": -2059.236636075931, "params": {"gamma": 8.634620954886014, "lr": 0.7084507915153727}, "datetime": {"datetime": "2024-06-13 22:26:38", "elapsed": 5.003925, "delta": 0.004987}}
{"target": -1162.6055907328116, "params": {"gamma": 4.864759313503054, "lr": 0.6991465654129165}, "datetime": {"datetime": "2024-06-13 22:26:38", "elapsed": 5.007914, "delta": 0.003989}}
{"target": -999.9033060336816, "params": {"gamma": 3.950475613957549, "lr": 0.7974959842933487}, "datetime": {"datetime": "2024-06-13 22:26:38", "elapsed": 5.011904, "delta": 0.00399}}
{"target": -2533.1033344048137, "params": {"gamma": 7.864384405716199, "lr": 0.15552858387362167}, "datetime": {"datetime": "2024-06-13 22:26:38", "elapsed": 5.01689, "delta": 0.004986}}
{"target": -765.7014103662614, "params": {"gamma": 3.1788576859556272, "lr": 0.34398317678599033}, "datetime": {"datetime": "2024-06-13 22:26:38", "elapsed": 5.02088, "delta": 0.00399}}
{"target": -809.4004142901284, "params": {"gamma": 3.6423388162366046, "lr": 0.5666455566878987}, "datetime": {"datetime": "2024-06-13 22:26:38", "elapsed": 5.024869, "delta": 0.003989}}
{"target": -174.2122764233229, "params": {"gamma": 0.4178327377603575, "lr": 0.6599697189638991}, "datetime": {"datetime": "2024-06-13 22:26:38", "elapsed": 5.029855, "delta": 0.004986}}
{"target": -456.3422496223235, "params": {"gamma": 2.0171159588072864, "lr": 0.4164625561731081}, "datetime": {"datetime": "2024-06-13 22:26:38", "elapsed": 5.033846, "delta": 0.003991}}
{"target": -1079.6347830606037, "params": {"gamma": 4.5094756723505, "lr": 0.3487267695476459}, "datetime": {"datetime": "2024-06-13 22:26:38", "elapsed": 5.038831, "delta": 0.004985}}
{"target": -1127.9961177846876, "params": {"gamma": 3.8334198209699974, "lr": 0.18030606084775935}, "datetime": {"datetime": "2024-06-13 22:26:38", "elapsed": 5.042986, "delta": 0.004155}}
{"target": -205.87534188013686, "params": {"gamma": 0.68223244388335, "lr": 0.5512566489358516}, "datetime": {"datetime": "2024-06-13 22:26:38", "elapsed": 5.04748, "delta": 0.004494}}
{"target": -1922.6511338712148, "params": {"gamma": 5.959073589220895, "lr": 0.1454997892217088}, "datetime": {"datetime": "2024-06-13 22:26:38", "elapsed": 5.05147, "delta": 0.00399}}
{"target": -558.614705671827, "params": {"gamma": 2.310186141512919, "lr": 0.2863771315373824}, "datetime": {"datetime": "2024-06-13 22:26:38", "elapsed": 5.05546, "delta": 0.00399}}
{"target": -2675.1602344523567, "params": {"gamma": 8.307682917677353, "lr": 0.15342094116241234}, "datetime": {"datetime": "2024-06-13 22:26:38", "elapsed": 5.060446, "delta": 0.004986}}
{"target": -1215.1441105373217, "params": {"gamma": 5.521835936727261, "lr": 0.5681397176921924}, "datetime": {"datetime": "2024-06-13 22:26:38", "elapsed": 5.064435, "delta": 0.003989}}
{"target": -825.8763974731647, "params": {"gamma": 3.434857510993614, "lr": 0.3506171893069536}, "datetime": {"datetime": "2024-06-13 22:26:38", "elapsed": 5.069421, "delta": 0.004986}}
{"target": -2096.6410136830273, "params": {"gamma": 9.591161063174503, "lr": 0.5533439494595207}, "datetime": {"datetime": "2024-06-13 22:26:38", "elapsed": 5.073411, "delta": 0.00399}}
{"target": -1433.4969839923092, "params": {"gamma": 6.527659277808647, "lr": 0.4907401164444133}, "datetime": {"datetime": "2024-06-13 22:26:38", "elapsed": 5.0774, "delta": 0.003989}}
{"target": -1489.108079595676, "params": {"gamma": 6.466853166736234, "lr": 0.605250785507062}, "datetime": {"datetime": "2024-06-13 22:26:38", "elapsed": 5.08139, "delta": 0.00399}}
{"target": -369.4220063444943, "params": {"gamma": 1.452587755908036, "lr": 0.3346805328845932}, "datetime": {"datetime": "2024-06-13 22:26:38", "elapsed": 5.086376, "delta": 0.004986}}
{"target": -1478.9386991159095, "params": {"gamma": 4.604879500595876, "lr": 0.12782166160638486}, "datetime": {"datetime": "2024-06-13 22:26:38", "elapsed": 5.090366, "delta": 0.00399}}
{"target": -867.8071905093848, "params": {"gamma": 3.6313701627213772, "lr": 0.22814163429292222}, "datetime": {"datetime": "2024-06-13 22:26:38", "elapsed": 5.095353, "delta": 0.004987}}
{"target": -2020.5483528904929, "params": {"gamma": 8.47517852010175, "lr": 0.34147408002129864}, "datetime": {"datetime": "2024-06-13 22:26:38", "elapsed": 5.099341, "delta": 0.003988}}
{"target": -508.4723767769951, "params": {"gamma": 2.268666417341983, "lr": 0.4081814028522822}, "datetime": {"datetime": "2024-06-13 22:26:38", "elapsed": 5.10333, "delta": 0.003989}}
{"target": -2250.1660610616364, "params": {"gamma": 6.830957412174848, "lr": 0.06562199896142484}, "datetime": {"datetime": "2024-06-13 22:26:38", "elapsed": 5.108317, "delta": 0.004987}}
{"target": -456.9263533334198, "params": {"gamma": 1.8081114068162947, "lr": 0.6943069389237286}, "datetime": {"datetime": "2024-06-13 22:26:38", "elapsed": 5.112307, "delta": 0.00399}}
{"target": -1728.6573893933864, "params": {"gamma": 7.522813791436128, "lr": 0.6177542796100679}, "datetime": {"datetime": "2024-06-13 22:26:38", "elapsed": 5.117293, "delta": 0.004986}}
{"target": -2569.6480968557016, "params": {"gamma": 8.792106406805418, "lr": 0.16880019007759361}, "datetime": {"datetime": "2024-06-13 22:26:38", "elapsed": 5.121283, "delta": 0.00399}}
{"target": -1956.12364232732, "params": {"gamma": 7.0357737742820845, "lr": 0.9172601590800086}, "datetime": {"datetime": "2024-06-13 22:26:38", "elapsed": 5.12627, "delta": 0.004987}}
{"target": -383.52891652415263, "params": {"gamma": 1.508245851371479, "lr": 0.24376397739618116}, "datetime": {"datetime": "2024-06-13 22:26:38", "elapsed": 5.130259, "delta": 0.003989}}
{"target": -1306.5932130201988, "params": {"gamma": 5.467299036335953, "lr": 0.3441193369759975}, "datetime": {"datetime": "2024-06-13 22:26:38", "elapsed": 5.135246, "delta": 0.004987}}
{"target": -2274.66268891491, "params": {"gamma": 6.90670016874316, "lr": 0.05756761842510749}, "datetime": {"datetime": "2024-06-13 22:26:38", "elapsed": 5.139235, "delta": 0.003989}}
{"target": -420.28835842038796, "params": {"gamma": 1.6084806590922747, "lr": 0.7162383064796215}, "datetime": {"datetime": "2024-06-13 22:26:38", "elapsed": 5.144222, "delta": 0.004987}}
{"target": -2691.502194463163, "params": {"gamma": 9.706216365641005, "lr": 0.9295503765123406}, "datetime": {"datetime": "2024-06-13 22:26:38", "elapsed": 5.148211, "delta": 0.003989}}
{"target": -2879.3355509450203, "params": {"gamma": 9.010768867234715, "lr": 0.12774331390359328}, "datetime": {"datetime": "2024-06-13 22:26:38", "elapsed": 5.153197, "delta": 0.004986}}
{"target": -518.8885292672062, "params": {"gamma": 1.4601432517979631, "lr": 0.07226475681487265}, "datetime": {"datetime": "2024-06-13 22:26:38", "elapsed": 5.157187, "delta": 0.00399}}
{"target": -1478.4738814642851, "params": {"gamma": 5.425859791214765, "lr": 0.8824861729023715}, "datetime": {"datetime": "2024-06-13 22:26:38", "elapsed": 5.161176, "delta": 0.003989}}
{"target": -1335.4158524152713, "params": {"gamma": 5.318387208768819, "lr": 0.7817152853959399}, "datetime": {"datetime": "2024-06-13 22:26:38", "elapsed": 5.166163, "delta": 0.004987}}
{"target": -533.0274171117228, "params": {"gamma": 1.8853494153257044, "lr": 0.863111260166335}, "datetime": {"datetime": "2024-06-13 22:26:38", "elapsed": 5.17115, "delta": 0.004987}}
{"target": -651.0657593489169, "params": {"gamma": 1.8750602824827893, "lr": 0.054764126066523255}, "datetime": {"datetime": "2024-06-13 22:26:38", "elapsed": 5.175139, "delta": 0.003989}}
{"target": -932.1249066760071, "params": {"gamma": 4.215488613270554, "lr": 0.5551044300084385}, "datetime": {"datetime": "2024-06-13 22:26:38", "elapsed": 5.179128, "delta": 0.003989}}
{"target": -3138.998669829025, "params": {"gamma": 9.707449353204424, "lr": 0.09175383344119148}, "datetime": {"datetime": "2024-06-13 22:26:38", "elapsed": 5.184115, "delta": 0.004987}}
{"target": -900.4864959018236, "params": {"gamma": 2.7399070142023203, "lr": 0.10510706908204948}, "datetime": {"datetime": "2024-06-13 22:26:38", "elapsed": 5.189102, "delta": 0.004987}}
{"target": -923.3815287485073, "params": {"gamma": 3.9050059277394262, "lr": 0.2890110831877697}, "datetime": {"datetime": "2024-06-13 22:26:38", "elapsed": 5.193091, "delta": 0.003989}}
{"target": -1227.450523958854, "params": {"gamma": 5.133490194329599, "lr": 0.348256681750747}, "datetime": {"datetime": "2024-06-13 22:26:38", "elapsed": 5.19708, "delta": 0.003989}}
{"target": -2309.887277020926, "params": {"gamma": 9.28235195448276, "lr": 0.7899477963830404}, "datetime": {"datetime": "2024-06-13 22:26:38", "elapsed": 5.202067, "delta": 0.004987}}
{"target": -2751.9831284405927, "params": {"gamma": 8.610252674771141, "lr": 0.12950094594289585}, "datetime": {"datetime": "2024-06-13 22:26:38", "elapsed": 5.206056, "delta": 0.003989}}
{"target": -1464.6772581687367, "params": {"gamma": 5.751126599720151, "lr": 0.21478253588485874}, "datetime": {"datetime": "2024-06-13 22:26:38", "elapsed": 5.210046, "delta": 0.00399}}
{"target": -2849.0517379255625, "params": {"gamma": 8.682517475837448, "lr": 0.015019421753424078}, "datetime": {"datetime": "2024-06-13 22:26:38", "elapsed": 5.215033, "delta": 0.004987}}
{"target": -284.60095866438496, "params": {"gamma": 1.0583364070853916, "lr": 0.3760570755473156}, "datetime": {"datetime": "2024-06-13 22:26:38", "elapsed": 5.220019, "delta": 0.004986}}
{"target": -930.0608505003337, "params": {"gamma": 4.021536967025843, "lr": 0.2772200829786826}, "datetime": {"datetime": "2024-06-13 22:26:38", "elapsed": 5.224008, "delta": 0.003989}}
{"target": -339.2447832728792, "params": {"gamma": 0.9615339246006319, "lr": 0.11873040511259358}, "datetime": {"datetime": "2024-06-13 22:26:38", "elapsed": 5.227997, "delta": 0.003989}}
{"target": -897.5437279077739, "params": {"gamma": 3.1801295937194918, "lr": 0.9507928340777205}, "datetime": {"datetime": "2024-06-13 22:26:38", "elapsed": 5.232985, "delta": 0.004988}}
