{"target": -136.27610378953176, "params": {"gamma": 2.3106546042570515, "prior": 0.6739605523903935, "rate": 1.3890263639386906}, "datetime": {"datetime": "2024-06-14 08:53:14", "elapsed": 4.534744, "delta": 0.008976}}
{"target": -588.3878064756119, "params": {"gamma": 9.351596002308344, "prior": 8.896566823226658, "rate": 2.893315694333617}, "datetime": {"datetime": "2024-06-14 08:53:14", "elapsed": 4.543722, "delta": 0.008978}}
{"target": -516.9974509008293, "params": {"gamma": 9.477692896949968, "prior": 8.514312298791047, "rate": 4.347113285922664}, "datetime": {"datetime": "2024-06-14 08:53:14", "elapsed": 4.552696, "delta": 0.008974}}
{"target": -327.32576031097165, "params": {"gamma": 4.681027499109862, "prior": 6.335544913675885, "rate": 1.581160317803163}, "datetime": {"datetime": "2024-06-14 08:53:14", "elapsed": 4.561672, "delta": 0.008976}}
{"target": -151.7197915003972, "params": {"gamma": 0.14880608533418707, "prior": 2.72856897297662, "rate": 0.15542087579566607}, "datetime": {"datetime": "2024-06-14 08:53:14", "elapsed": 4.570648, "delta": 0.008976}}
{"target": -358.24469649897856, "params": {"gamma": 6.745313942778413, "prior": 5.559541474546487, "rate": 3.2171598078821737}, "datetime": {"datetime": "2024-06-14 08:53:14", "elapsed": 4.579625, "delta": 0.008977}}
{"target": -281.02798762756015, "params": {"gamma": 7.802243168860467, "prior": 1.543275769026293, "rate": 2.449561506980074}, "datetime": {"datetime": "2024-06-14 08:53:14", "elapsed": 4.589598, "delta": 0.009973}}
{"target": -201.2001895698258, "params": {"gamma": 2.923845306630798, "prior": 2.0397262703400223, "rate": 0.8802988990222627}, "datetime": {"datetime": "2024-06-14 08:53:14", "elapsed": 4.598574, "delta": 0.008976}}
{"target": -286.1942565085186, "params": {"gamma": 8.699891826535803, "prior": 0.9730675911579497, "rate": 6.837419647880558}, "datetime": {"datetime": "2024-06-14 08:53:14", "elapsed": 4.607551, "delta": 0.008977}}
{"target": -116.91378457891724, "params": {"gamma": 1.204888367700376, "prior": 0.20592013112732416, "rate": 5.573125032519063}, "datetime": {"datetime": "2024-06-14 08:53:14", "elapsed": 4.616526, "delta": 0.008975}}
{"target": -540.9049554256992, "params": {"gamma": 9.071183443148486, "prior": 8.618521006635163, "rate": 3.3851753897983823}, "datetime": {"datetime": "2024-06-14 08:53:14", "elapsed": 4.625502, "delta": 0.008976}}
{"target": -136.34248758961218, "params": {"gamma": 0.27256113442929636, "prior": 8.028507615787328, "rate": 8.06004333796437}, "datetime": {"datetime": "2024-06-14 08:53:14", "elapsed": 4.634478, "delta": 0.008976}}
{"target": -337.0421311095974, "params": {"gamma": 8.685012674911418, "prior": 6.729501338767777, "rate": 8.077980844288449}, "datetime": {"datetime": "2024-06-14 08:53:14", "elapsed": 4.643454, "delta": 0.008976}}
{"target": -345.10722482639636, "params": {"gamma": 8.9750853247459, "prior": 4.592916509851121, "rate": 5.578695211845391}, "datetime": {"datetime": "2024-06-14 08:53:14", "elapsed": 4.65243, "delta": 0.008976}}
{"target": -234.4771427887446, "params": {"gamma": 5.06180515715352, "prior": 6.9506406547897654, "rate": 6.829385769431119}, "datetime": {"datetime": "2024-06-14 08:53:14", "elapsed": 4.662403, "delta": 0.009973}}
{"target": -280.335103550475, "params": {"gamma": 5.203616044997302, "prior": 8.301834666046165, "rate": 5.058288088511875}, "datetime": {"datetime": "2024-06-14 08:53:14", "elapsed": 4.671379, "delta": 0.008976}}
{"target": -421.3520438643759, "params": {"gamma": 8.248760765289934, "prior": 2.8902663726181053, "rate": 1.7857698349419049}, "datetime": {"datetime": "2024-06-14 08:53:14", "elapsed": 4.680355, "delta": 0.008976}}
{"target": -597.9499329520428, "params": {"gamma": 9.698735832876796, "prior": 7.44520130201516, "rate": 2.598657141350841}, "datetime": {"datetime": "2024-06-14 08:53:14", "elapsed": 4.689332, "delta": 0.008977}}
{"target": -469.2072240158983, "params": {"gamma": 5.8127721875694265, "prior": 9.557096310028049, "rate": 0.808458324212976}, "datetime": {"datetime": "2024-06-14 08:53:14", "elapsed": 4.698307, "delta": 0.008975}}
{"target": -142.6035280571863, "params": {"gamma": 0.8362585364103492, "prior": 6.229434831057081, "rate": 2.245710294880741}, "datetime": {"datetime": "2024-06-14 08:53:14", "elapsed": 4.707283, "delta": 0.008976}}
{"target": -306.43988901016104, "params": {"gamma": 7.652074383378348, "prior": 5.72471017519614, "rate": 6.66221471414473}, "datetime": {"datetime": "2024-06-14 08:53:14", "elapsed": 4.716259, "delta": 0.008976}}
{"target": -115.36170616671441, "params": {"gamma": 1.0790311940451294, "prior": 0.9344022092219122, "rate": 6.251585561986592}, "datetime": {"datetime": "2024-06-14 08:53:14", "elapsed": 4.725272, "delta": 0.009013}}
{"target": -168.5509107683426, "params": {"gamma": 4.097902880079071, "prior": 0.9637999863326198, "rate": 3.711268386216875}, "datetime": {"datetime": "2024-06-14 08:53:14", "elapsed": 4.734241, "delta": 0.008969}}
{"target": -228.9675961046366, "params": {"gamma": 6.72177195215883, "prior": 1.9769152618966988, "rate": 8.957395356178512}, "datetime": {"datetime": "2024-06-14 08:53:14", "elapsed": 4.744185, "delta": 0.009944}}
{"target": -442.65588376867566, "params": {"gamma": 9.498514042411992, "prior": 9.619568170101886, "rate": 7.301095494844863}, "datetime": {"datetime": "2024-06-14 08:53:14", "elapsed": 4.752669, "delta": 0.008484}}
{"target": -261.8432410452644, "params": {"gamma": 4.063477988455463, "prior": 7.463117043877074, "rate": 2.8805808058682407}, "datetime": {"datetime": "2024-06-14 08:53:14", "elapsed": 4.762645, "delta": 0.009976}}
{"target": -173.03889144057237, "params": {"gamma": 3.144857806685071, "prior": 6.098373976056793, "rate": 5.948876486945769}, "datetime": {"datetime": "2024-06-14 08:53:14", "elapsed": 4.771623, "delta": 0.008978}}
{"target": -278.4212617939747, "params": {"gamma": 8.786731102181795, "prior": 2.620547481039712, "rate": 7.662117463663015}, "datetime": {"datetime": "2024-06-14 08:53:14", "elapsed": 4.780602, "delta": 0.008979}}
{"target": -348.0794042310906, "params": {"gamma": 9.410191654922194, "prior": 0.11022603331157285, "rate": 4.761415090903047}, "datetime": {"datetime": "2024-06-14 08:53:14", "elapsed": 4.789594, "delta": 0.008992}}
{"target": -459.2254567704904, "params": {"gamma": 6.570746249918269, "prior": 8.448899817803273, "rate": 1.8382103793481412}, "datetime": {"datetime": "2024-06-14 08:53:15", "elapsed": 4.798586, "delta": 0.008992}}
{"target": -277.32521919248416, "params": {"gamma": 8.56173622063573, "prior": 3.7072182505845768, "rate": 8.922847018832448}, "datetime": {"datetime": "2024-06-14 08:53:15", "elapsed": 4.80856, "delta": 0.009974}}
{"target": -128.156033000777, "params": {"gamma": 0.2780896894835276, "prior": 0.9453623773193891, "rate": 9.81412324707537}, "datetime": {"datetime": "2024-06-14 08:53:15", "elapsed": 4.817553, "delta": 0.008993}}
{"target": -368.48785097107367, "params": {"gamma": 6.095409755809193, "prior": 4.234560233460414, "rate": 1.6929726327522117}, "datetime": {"datetime": "2024-06-14 08:53:15", "elapsed": 4.826527, "delta": 0.008974}}
{"target": -227.86403373336168, "params": {"gamma": 6.499361629743811, "prior": 0.46605317675764246, "rate": 3.116827520693586}, "datetime": {"datetime": "2024-06-14 08:53:15", "elapsed": 4.835521, "delta": 0.008994}}
{"target": -172.41743577448986, "params": {"gamma": 3.2354684906937643, "prior": 6.11367474579408, "rate": 6.508661735500295}, "datetime": {"datetime": "2024-06-14 08:53:15", "elapsed": 4.844498, "delta": 0.008977}}
{"target": -407.9817529608661, "params": {"gamma": 8.460699937765456, "prior": 9.28305133171568, "rate": 6.604916818383386}, "datetime": {"datetime": "2024-06-14 08:53:15", "elapsed": 4.85349, "delta": 0.008992}}
{"target": -210.45807775891393, "params": {"gamma": 5.782161010166973, "prior": 4.047283881927183, "rate": 9.666158313928777}, "datetime": {"datetime": "2024-06-14 08:53:15", "elapsed": 4.862466, "delta": 0.008976}}
{"target": -157.47217268920517, "params": {"gamma": 1.541637639151742, "prior": 8.96135940562162, "rate": 3.1108196657805305}, "datetime": {"datetime": "2024-06-14 08:53:15", "elapsed": 4.87146, "delta": 0.008994}}
{"target": -348.7331344906515, "params": {"gamma": 5.485342407571374, "prior": 6.852455958484867, "rate": 2.3654600436102275}, "datetime": {"datetime": "2024-06-14 08:53:15", "elapsed": 4.881449, "delta": 0.009989}}
{"target": -128.3438321717277, "params": {"gamma": 1.678199113817666, "prior": 5.133971932953198, "rate": 7.918846891971133}, "datetime": {"datetime": "2024-06-14 08:53:15", "elapsed": 4.890441, "delta": 0.008992}}
{"target": -239.46900870534665, "params": {"gamma": 6.9244522072085894, "prior": 1.277836038012847, "rate": 9.007521408502258}, "datetime": {"datetime": "2024-06-14 08:53:15", "elapsed": 4.899432, "delta": 0.008991}}
{"target": -265.7444526561712, "params": {"gamma": 4.797895932924502, "prior": 9.47209912447251, "rate": 5.53478362877641}, "datetime": {"datetime": "2024-06-14 08:53:15", "elapsed": 4.908409, "delta": 0.008977}}
{"target": -116.0597422892007, "params": {"gamma": 0.8489334147818686, "prior": 2.1043840531779026, "rate": 8.542525491190911}, "datetime": {"datetime": "2024-06-14 08:53:15", "elapsed": 4.917406, "delta": 0.008997}}
{"target": -433.37049387297895, "params": {"gamma": 7.0595677402804276, "prior": 8.95990124951395, "rate": 3.2921308719412035}, "datetime": {"datetime": "2024-06-14 08:53:15", "elapsed": 4.926379, "delta": 0.008973}}
{"target": -248.1786214094563, "params": {"gamma": 5.280485964979625, "prior": 6.538941511592786, "rate": 5.943314245013059}, "datetime": {"datetime": "2024-06-14 08:53:15", "elapsed": 4.935577, "delta": 0.009198}}
{"target": -166.3237087279986, "params": {"gamma": 2.315397892406944, "prior": 4.325531359537532, "rate": 2.481866529137688}, "datetime": {"datetime": "2024-06-14 08:53:15", "elapsed": 4.944548, "delta": 0.008971}}
{"target": -677.8040140936902, "params": {"gamma": 8.456304007349223, "prior": 9.868106705184019, "rate": 0.6666414605206605}, "datetime": {"datetime": "2024-06-14 08:53:15", "elapsed": 4.954117, "delta": 0.009569}}
{"target": -252.89349396899993, "params": {"gamma": 7.139566394637347, "prior": 3.3681439667708357, "rate": 6.254728347736019}, "datetime": {"datetime": "2024-06-14 08:53:15", "elapsed": 4.963095, "delta": 0.008978}}
{"target": -175.91019143466372, "params": {"gamma": 2.582038363169428, "prior": 6.5449753321541015, "rate": 3.7121006974428328}, "datetime": {"datetime": "2024-06-14 08:53:15", "elapsed": 4.972696, "delta": 0.009601}}
{"target": -165.35195496997466, "params": {"gamma": 2.9489139744901, "prior": 9.126455419608208, "rate": 9.425046243387849}, "datetime": {"datetime": "2024-06-14 08:53:15", "elapsed": 4.981672, "delta": 0.008976}}
{"target": -214.61677699191475, "params": {"gamma": 6.135886715574795, "prior": 2.223231030223857, "rate": 9.394249290190688}, "datetime": {"datetime": "2024-06-14 08:53:15", "elapsed": 4.990648, "delta": 0.008976}}
{"target": -493.13828568387873, "params": {"gamma": 7.504785013686519, "prior": 7.53578909249578, "rate": 2.1180016271500137}, "datetime": {"datetime": "2024-06-14 08:53:15", "elapsed": 4.999623, "delta": 0.008975}}
{"target": -269.25793717698497, "params": {"gamma": 8.30173510509683, "prior": 2.47694202619598, "rate": 6.316575831756353}, "datetime": {"datetime": "2024-06-14 08:53:15", "elapsed": 5.008599, "delta": 0.008976}}
{"target": -389.42276228618863, "params": {"gamma": 7.107684959425964, "prior": 7.449595954100307, "rate": 3.9032567812912102}, "datetime": {"datetime": "2024-06-14 08:53:15", "elapsed": 5.017582, "delta": 0.008983}}
{"target": -382.7418781049179, "params": {"gamma": 7.598494141764259, "prior": 9.039065431004929, "rate": 5.8746127723565325}, "datetime": {"datetime": "2024-06-14 08:53:15", "elapsed": 5.027561, "delta": 0.009979}}
{"target": -130.28185891163122, "params": {"gamma": 0.9050067472322914, "prior": 1.376862243008533, "rate": 1.0535200041012063}, "datetime": {"datetime": "2024-06-14 08:53:15", "elapsed": 5.036529, "delta": 0.008968}}
{"target": -122.71298507463031, "params": {"gamma": 1.7281019057654774, "prior": 1.3516658138678819, "rate": 7.783230599786209}, "datetime": {"datetime": "2024-06-14 08:53:15", "elapsed": 5.045508, "delta": 0.008979}}
{"target": -125.1240763720441, "params": {"gamma": 0.39507571033225836, "prior": 2.491428331674554, "rate": 8.790784947183296}, "datetime": {"datetime": "2024-06-14 08:53:15", "elapsed": 5.05403, "delta": 0.008522}}
{"target": -335.04477050783964, "params": {"gamma": 9.7352150895021, "prior": 6.093677876497776, "rate": 9.762406407339324}, "datetime": {"datetime": "2024-06-14 08:53:15", "elapsed": 5.064004, "delta": 0.009974}}
{"target": -142.89373115118238, "params": {"gamma": 0.43547196560805285, "prior": 9.490870406922475, "rate": 3.113649528479215}, "datetime": {"datetime": "2024-06-14 08:53:15", "elapsed": 5.07298, "delta": 0.008976}}
{"target": -329.5529056149641, "params": {"gamma": 7.989929430775569, "prior": 8.125228124124325, "rate": 8.600125917211868}, "datetime": {"datetime": "2024-06-14 08:53:15", "elapsed": 5.081956, "delta": 0.008976}}
{"target": -314.2106408469141, "params": {"gamma": 4.586049558214109, "prior": 9.313379482437938, "rate": 2.579671951285972}, "datetime": {"datetime": "2024-06-14 08:53:15", "elapsed": 5.090932, "delta": 0.008976}}
{"target": -325.1376467263023, "params": {"gamma": 9.344520479803316, "prior": 6.229284369191439, "rate": 9.85446370453336}, "datetime": {"datetime": "2024-06-14 08:53:15", "elapsed": 5.099908, "delta": 0.008976}}
{"target": -136.4209263082662, "params": {"gamma": 0.3274060157599613, "prior": 7.279149922443812, "rate": 5.655976799568431}, "datetime": {"datetime": "2024-06-14 08:53:15", "elapsed": 5.108884, "delta": 0.008976}}
{"target": -215.5845894971152, "params": {"gamma": 4.924748049935798, "prior": 2.6662594439422964, "rate": 3.268980017978885}, "datetime": {"datetime": "2024-06-14 08:53:15", "elapsed": 5.118857, "delta": 0.009973}}
{"target": -136.29084534988218, "params": {"gamma": 2.495372604807176, "prior": 2.270752312218102, "rate": 7.996808714410864}, "datetime": {"datetime": "2024-06-14 08:53:15", "elapsed": 5.127833, "delta": 0.008976}}
{"target": -193.8060371831736, "params": {"gamma": 5.024447663976686, "prior": 0.9235798981002775, "rate": 7.770064936081777}, "datetime": {"datetime": "2024-06-14 08:53:15", "elapsed": 5.136809, "delta": 0.008976}}
{"target": -273.9793462331893, "params": {"gamma": 5.336957111761226, "prior": 7.419939094729182, "rate": 5.154421537738071}, "datetime": {"datetime": "2024-06-14 08:53:15", "elapsed": 5.145785, "delta": 0.008976}}
{"target": -375.62701467529405, "params": {"gamma": 4.0000592939273325, "prior": 9.86384314611932, "rate": 0.2833979590089639}, "datetime": {"datetime": "2024-06-14 08:53:15", "elapsed": 5.154761, "delta": 0.008976}}
{"target": -544.3262612217407, "params": {"gamma": 9.327706315740619, "prior": 9.315464180823684, "rate": 3.909796196303079}, "datetime": {"datetime": "2024-06-14 08:53:15", "elapsed": 5.163737, "delta": 0.008976}}
{"target": -184.90389413036982, "params": {"gamma": 2.145434246462065, "prior": 6.230211649539066, "rate": 1.7805453823662243}, "datetime": {"datetime": "2024-06-14 08:53:15", "elapsed": 5.172713, "delta": 0.008976}}
{"target": -324.64983288048796, "params": {"gamma": 8.032278735085756, "prior": 2.613945173189579, "rate": 2.9087707441717465}, "datetime": {"datetime": "2024-06-14 08:53:15", "elapsed": 5.18272, "delta": 0.010007}}
{"target": -473.0957855795661, "params": {"gamma": 9.15924198430956, "prior": 9.038876651396649, "rate": 5.354273536413487}, "datetime": {"datetime": "2024-06-14 08:53:15", "elapsed": 5.191663, "delta": 0.008943}}
{"target": -275.3435611629528, "params": {"gamma": 8.628526966805577, "prior": 3.5900724311701118, "rate": 9.978844897970799}, "datetime": {"datetime": "2024-06-14 08:53:15", "elapsed": 5.200639, "delta": 0.008976}}
{"target": -341.1356803204532, "params": {"gamma": 4.337463704310366, "prior": 3.0186389168051044, "rate": 0.4167007652577235}, "datetime": {"datetime": "2024-06-14 08:53:15", "elapsed": 5.212169, "delta": 0.01153}}
{"target": -342.4382504075727, "params": {"gamma": 9.897079830913631, "prior": 4.702387546027041, "rate": 7.346115555489657}, "datetime": {"datetime": "2024-06-14 08:53:15", "elapsed": 5.222144, "delta": 0.009975}}
{"target": -521.7028354539516, "params": {"gamma": 6.408435432834701, "prior": 7.258624656693496, "rate": 0.5120579273573367}, "datetime": {"datetime": "2024-06-14 08:53:15", "elapsed": 5.232116, "delta": 0.009972}}
{"target": -474.2748096362627, "params": {"gamma": 9.200534008691728, "prior": 9.275728057232191, "rate": 5.520398276514817}, "datetime": {"datetime": "2024-06-14 08:53:15", "elapsed": 5.241093, "delta": 0.008977}}
{"target": -310.81991960743557, "params": {"gamma": 9.639194970956826, "prior": 2.881459816204638, "rate": 6.0218641247383164}, "datetime": {"datetime": "2024-06-14 08:53:15", "elapsed": 5.25064, "delta": 0.009547}}
{"target": -242.80189950445092, "params": {"gamma": 3.9652304378361865, "prior": 6.317429994376759, "rate": 3.0070222529489574}, "datetime": {"datetime": "2024-06-14 08:53:15", "elapsed": 5.259617, "delta": 0.008977}}
{"target": -443.2298630215558, "params": {"gamma": 8.193764488175546, "prior": 0.7908811871916644, "rate": 0.4197338254296628}, "datetime": {"datetime": "2024-06-14 08:53:15", "elapsed": 5.268593, "delta": 0.008976}}
{"target": -123.43287783786941, "params": {"gamma": 0.49491444994850975, "prior": 1.5895047808398683, "rate": 3.954109387473109}, "datetime": {"datetime": "2024-06-14 08:53:15", "elapsed": 5.277569, "delta": 0.008976}}
{"target": -302.9300302048135, "params": {"gamma": 9.553944502582489, "prior": 1.1968748529899662, "rate": 6.475882305178456}, "datetime": {"datetime": "2024-06-14 08:53:15", "elapsed": 5.286545, "delta": 0.008976}}
{"target": -293.10959685209605, "params": {"gamma": 5.276687463055037, "prior": 3.5970998192322843, "rate": 1.9827940939725983}, "datetime": {"datetime": "2024-06-14 08:53:15", "elapsed": 5.296518, "delta": 0.009973}}
{"target": -132.421506555453, "params": {"gamma": 2.20672022439151, "prior": 0.5338329462987547, "rate": 7.131926567624986}, "datetime": {"datetime": "2024-06-14 08:53:15", "elapsed": 5.305495, "delta": 0.008977}}
{"target": -245.47180774654538, "params": {"gamma": 6.538748151763354, "prior": 4.493320947974752, "rate": 7.189675941410347}, "datetime": {"datetime": "2024-06-14 08:53:15", "elapsed": 5.31447, "delta": 0.008975}}
{"target": -128.7514007611786, "params": {"gamma": 1.100649748480759, "prior": 9.393319816352417, "rate": 8.476419465684636}, "datetime": {"datetime": "2024-06-14 08:53:15", "elapsed": 5.324444, "delta": 0.009974}}
{"target": -278.41993185697714, "params": {"gamma": 6.590697560999168, "prior": 3.8504285697511453, "rate": 4.16625072341846}, "datetime": {"datetime": "2024-06-14 08:53:15", "elapsed": 5.33342, "delta": 0.008976}}
{"target": -230.71480944212084, "params": {"gamma": 4.822057067652517, "prior": 9.359309323067325, "rate": 8.636065956226108}, "datetime": {"datetime": "2024-06-14 08:53:15", "elapsed": 5.342396, "delta": 0.008976}}
{"target": -199.4566480630317, "params": {"gamma": 4.779760568316378, "prior": 5.589733132953853, "rate": 8.754163218930938}, "datetime": {"datetime": "2024-06-14 08:53:15", "elapsed": 5.351372, "delta": 0.008976}}
{"target": -368.52648727995086, "params": {"gamma": 9.492695073289129, "prior": 6.427929083095635, "rate": 7.485454680577448}, "datetime": {"datetime": "2024-06-14 08:53:15", "elapsed": 5.360348, "delta": 0.008976}}
{"target": -187.43470332802713, "params": {"gamma": 3.516897438698066, "prior": 9.188480358953182, "rate": 8.367683746488458}, "datetime": {"datetime": "2024-06-14 08:53:15", "elapsed": 5.369324, "delta": 0.008976}}
{"target": -250.69319002511486, "params": {"gamma": 5.521006756366404, "prior": 8.68950937519022, "rate": 8.498868942521883}, "datetime": {"datetime": "2024-06-14 08:53:15", "elapsed": 5.3783, "delta": 0.008976}}
{"target": -260.7753178149397, "params": {"gamma": 8.084305154704811, "prior": 1.393858961534142, "rate": 5.3604897456433}, "datetime": {"datetime": "2024-06-14 08:53:15", "elapsed": 5.387276, "delta": 0.008976}}
{"target": -480.8231319986632, "params": {"gamma": 9.007930363954452, "prior": 7.73123512248292, "rate": 4.207711277052893}, "datetime": {"datetime": "2024-06-14 08:53:15", "elapsed": 5.397249, "delta": 0.009973}}
{"target": -362.86828127918784, "params": {"gamma": 9.778826053206298, "prior": 2.5826542510627224, "rate": 3.336768678250129}, "datetime": {"datetime": "2024-06-14 08:53:15", "elapsed": 5.407223, "delta": 0.009974}}
{"target": -377.5276725539363, "params": {"gamma": 9.54205087378846, "prior": 8.106281947034368, "rate": 9.003499705102108}, "datetime": {"datetime": "2024-06-14 08:53:15", "elapsed": 5.416198, "delta": 0.008975}}
{"target": -144.44832642186122, "params": {"gamma": 0.11688430450954196, "prior": 3.859667887036548, "rate": 2.355984044142083}, "datetime": {"datetime": "2024-06-14 08:53:15", "elapsed": 5.425175, "delta": 0.008977}}
{"target": -167.53808504983752, "params": {"gamma": 2.9600545838222256, "prior": 7.406155414398024, "rate": 7.241124363795878}, "datetime": {"datetime": "2024-06-14 08:53:15", "elapsed": 5.43415, "delta": 0.008975}}
{"target": -195.07397409067661, "params": {"gamma": 4.618532302580416, "prior": 3.716217165950228, "rate": 5.847331438432254}, "datetime": {"datetime": "2024-06-14 08:53:15", "elapsed": 5.443126, "delta": 0.008976}}
{"target": -234.861095456973, "params": {"gamma": 5.33754383858813, "prior": 5.550737634177834, "rate": 6.155155234075464}, "datetime": {"datetime": "2024-06-14 08:53:15", "elapsed": 5.452102, "delta": 0.008976}}
