{"target": -137.87572864695304, "params": {"p_ai": 5.271290722006996, "p_al": 0.8060343168486149, "p_ex": 2.2127306243676155, "prior": 3.360255085813687, "rate": 9.68877278960717}, "datetime": {"datetime": "2024-06-13 00:17:43", "elapsed": 208.336946, "delta": 0.107929}}
{"target": -191.816618109788, "params": {"p_ai": 4.408103106386452, "p_al": 9.613169406877505, "p_ex": 5.736607220990137, "prior": 0.4671094025813809, "rate": 6.587481023391573}, "datetime": {"datetime": "2024-06-13 00:17:44", "elapsed": 208.443788, "delta": 0.106842}}
{"target": -121.95929680471043, "params": {"p_ai": 0.1487234155321392, "p_al": 7.424971015947326, "p_ex": 4.207624598002892, "prior": 5.339313074890572, "rate": 7.888526660649675}, "datetime": {"datetime": "2024-06-13 00:17:44", "elapsed": 208.550567, "delta": 0.106779}}
{"target": -257.0224220675238, "params": {"p_ai": 9.05604556125701, "p_al": 9.868796342786228, "p_ex": 8.020962538866408, "prior": 0.026423601686483965, "rate": 6.001253760693126}, "datetime": {"datetime": "2024-06-13 00:17:44", "elapsed": 208.657295, "delta": 0.106728}}
{"target": -116.08560519609712, "params": {"p_ai": 2.8891714248604496, "p_al": 7.097447712852041, "p_ex": 3.0561323897351946, "prior": 5.559116755024119, "rate": 9.180773914005606}, "datetime": {"datetime": "2024-06-13 00:17:44", "elapsed": 208.763571, "delta": 0.106276}}
{"target": -115.04822903852131, "params": {"p_ai": 2.479454855440029, "p_al": 1.11930196523077, "p_ex": 5.135894220893158, "prior": 9.137244761986132, "rate": 1.7932038323176576}, "datetime": {"datetime": "2024-06-13 00:17:44", "elapsed": 208.870856, "delta": 0.107285}}
{"target": -131.43068762846647, "params": {"p_ai": 2.5595284250867927, "p_al": 0.3409243101748873, "p_ex": 0.15470207973635725, "prior": 5.422645236796178, "rate": 8.553747523723965}, "datetime": {"datetime": "2024-06-13 00:17:44", "elapsed": 208.978143, "delta": 0.107287}}
{"target": -109.24171450316805, "params": {"p_ai": 4.4657816155356675, "p_al": 2.357135848615219, "p_ex": 9.36540396422141, "prior": 6.192469585732864, "rate": 8.645897035050032}, "datetime": {"datetime": "2024-06-13 00:17:44", "elapsed": 209.08386, "delta": 0.105717}}
{"target": -105.90099423267695, "params": {"p_ai": 1.282005745817034, "p_al": 4.412942570473553, "p_ex": 8.575682143149248, "prior": 8.982037953044289, "rate": 8.772761648279566}, "datetime": {"datetime": "2024-06-13 00:17:44", "elapsed": 209.196559, "delta": 0.112699}}
{"target": -134.43437519984533, "params": {"p_ai": 6.255094516482575, "p_al": 7.581360105825246, "p_ex": 6.755308180003398, "prior": 8.451789636967945, "rate": 6.32484141935293}, "datetime": {"datetime": "2024-06-13 00:17:44", "elapsed": 209.306113, "delta": 0.109554}}
{"target": -141.87560087216627, "params": {"p_ai": 1.7197256280146134, "p_al": 6.505549393951734, "p_ex": 4.553944860862338, "prior": 0.5894475654255449, "rate": 5.3590922745746745}, "datetime": {"datetime": "2024-06-13 00:17:45", "elapsed": 209.412828, "delta": 0.106715}}
{"target": -138.59298385148125, "params": {"p_ai": 4.393482215124105, "p_al": 8.747389417664913, "p_ex": 6.607572295198009, "prior": 2.608620400961451, "rate": 2.1684377884048662}, "datetime": {"datetime": "2024-06-13 00:17:45", "elapsed": 209.519545, "delta": 0.106717}}
{"target": -129.657165824359, "params": {"p_ai": 0.9741343125990107, "p_al": 4.6919722422118255, "p_ex": 3.49864716108863, "prior": 5.773912930700538, "rate": 0.5703629844543111}, "datetime": {"datetime": "2024-06-13 00:17:45", "elapsed": 209.62626, "delta": 0.106715}}
{"target": -114.12553475986115, "params": {"p_ai": 2.499922353769078, "p_al": 5.1234334402008574, "p_ex": 3.760205919567236, "prior": 6.269392688573962, "rate": 3.732826110384206}, "datetime": {"datetime": "2024-06-13 00:17:45", "elapsed": 209.732978, "delta": 0.106718}}
{"target": -131.40298345525122, "params": {"p_ai": 4.603671029238606, "p_al": 2.3429211183676726, "p_ex": 2.996592129373345, "prior": 1.1537282156041937, "rate": 7.72462135063049}, "datetime": {"datetime": "2024-06-13 00:17:45", "elapsed": 209.839745, "delta": 0.106767}}
{"target": -177.71131087113395, "params": {"p_ai": 7.939035508710159, "p_al": 0.44031459326531047, "p_ex": 1.6104517992516383, "prior": 8.028774521030188, "rate": 9.104856994771925}, "datetime": {"datetime": "2024-06-13 00:17:45", "elapsed": 209.947429, "delta": 0.107684}}
{"target": -129.59211258218346, "params": {"p_ai": 3.6925387525356554, "p_al": 6.753429509418871, "p_ex": 1.900747060859965, "prior": 8.712451966416536, "rate": 8.247238520857891}, "datetime": {"datetime": "2024-06-13 00:17:45", "elapsed": 210.078263, "delta": 0.130834}}
{"target": -103.3515887053848, "params": {"p_ai": 2.5008789009692247, "p_al": 5.928901706805605, "p_ex": 7.3578939279952476, "prior": 8.838553387439257, "rate": 4.677811991869022}, "datetime": {"datetime": "2024-06-13 00:17:45", "elapsed": 210.193954, "delta": 0.115691}}
{"target": -107.90778406108213, "params": {"p_ai": 1.3470733481294213, "p_al": 1.094841814191649, "p_ex": 5.297243675558832, "prior": 0.49383643442013075, "rate": 6.209338226934207}, "datetime": {"datetime": "2024-06-13 00:17:45", "elapsed": 210.304099, "delta": 0.110145}}
{"target": -136.355488561181, "params": {"p_ai": 0.3342487213443545, "p_al": 0.2128158500293292, "p_ex": 0.7530176178456772, "prior": 3.6809175726662704, "rate": 3.818141513157325}, "datetime": {"datetime": "2024-06-13 00:17:46", "elapsed": 210.415802, "delta": 0.111703}}
{"target": -151.38363096181098, "params": {"p_ai": 7.669934398787617, "p_al": 8.459621377194617, "p_ex": 7.272280709633233, "prior": 8.844447408912934, "rate": 5.749449999119452}, "datetime": {"datetime": "2024-06-13 00:17:46", "elapsed": 210.529499, "delta": 0.113697}}
{"target": -189.2465532884549, "params": {"p_ai": 9.398903366834306, "p_al": 9.06798682019018, "p_ex": 4.48492000028398, "prior": 4.797781289050013, "rate": 8.566736123057751}, "datetime": {"datetime": "2024-06-13 00:17:46", "elapsed": 210.641198, "delta": 0.111699}}
{"target": -183.01434672459806, "params": {"p_ai": 3.984662715258157, "p_al": 9.420055749190025, "p_ex": 2.933826269617242, "prior": 2.590815299665099, "rate": 1.0901714124352648}, "datetime": {"datetime": "2024-06-13 00:17:46", "elapsed": 210.756971, "delta": 0.115773}}
{"target": -106.3981019637305, "params": {"p_ai": 2.471187095298555, "p_al": 5.3779986604796, "p_ex": 9.802393583495558, "prior": 2.0780894529072613, "rate": 5.470652839172488}, "datetime": {"datetime": "2024-06-13 00:17:46", "elapsed": 210.866306, "delta": 0.109335}}
{"target": -192.3840476504136, "params": {"p_ai": 8.784026964746444, "p_al": 5.897029210758115, "p_ex": 8.352926533735896, "prior": 2.393615931358836, "rate": 0.7317241750859406}, "datetime": {"datetime": "2024-06-13 00:17:46", "elapsed": 210.974018, "delta": 0.107712}}
{"target": -172.65261571462497, "params": {"p_ai": 9.529711071203222, "p_al": 1.12415740911268, "p_ex": 8.024162561181278, "prior": 6.51049956673395, "rate": 8.651276327807269}, "datetime": {"datetime": "2024-06-13 00:17:46", "elapsed": 211.080432, "delta": 0.106414}}
{"target": -128.86741129485745, "params": {"p_ai": 6.297865904193896, "p_al": 2.982484717370885, "p_ex": 9.314887904714922, "prior": 6.923328164237853, "rate": 8.766491081598325}, "datetime": {"datetime": "2024-06-13 00:17:46", "elapsed": 211.188144, "delta": 0.107712}}
{"target": -155.42462839034403, "params": {"p_ai": 8.155107426895412, "p_al": 1.3608872102611669, "p_ex": 6.994424876763647, "prior": 6.810378925463789, "rate": 7.558203771887153}, "datetime": {"datetime": "2024-06-13 00:17:46", "elapsed": 211.294643, "delta": 0.106499}}
{"target": -207.55616042594238, "params": {"p_ai": 7.996706469346298, "p_al": 9.414519270096738, "p_ex": 0.6524073948204284, "prior": 5.086641906303749, "rate": 4.997070133205862}, "datetime": {"datetime": "2024-06-13 00:17:47", "elapsed": 211.402859, "delta": 0.108216}}
{"target": -155.39013395252442, "params": {"p_ai": 7.0079414003989475, "p_al": 9.95603813701815, "p_ex": 9.079903831413358, "prior": 2.9695743927041773, "rate": 3.3582093092894074}, "datetime": {"datetime": "2024-06-13 00:17:47", "elapsed": 211.510082, "delta": 0.107223}}
{"target": -177.4269514625592, "params": {"p_ai": 8.201886874036, "p_al": 3.6167752366875074, "p_ex": 3.254424386140797, "prior": 4.447593325863283, "rate": 2.7719288711687775}, "datetime": {"datetime": "2024-06-13 00:17:47", "elapsed": 211.617544, "delta": 0.107462}}
{"target": -178.82858888217052, "params": {"p_ai": 7.490303509857709, "p_al": 4.527305674218615, "p_ex": 1.6400712810933544, "prior": 9.904617162543863, "rate": 3.380634836004196}, "datetime": {"datetime": "2024-06-13 00:17:47", "elapsed": 211.724258, "delta": 0.106714}}
{"target": -109.38212333147003, "params": {"p_ai": 3.0182894374658042, "p_al": 2.2540360879178154, "p_ex": 4.258012506403847, "prior": 6.951510100013808, "rate": 6.024463090968305}, "datetime": {"datetime": "2024-06-13 00:17:47", "elapsed": 211.831254, "delta": 0.106996}}
{"target": -108.73769539690099, "params": {"p_ai": 1.8154277802533894, "p_al": 2.646352911067262, "p_ex": 5.982902835498565, "prior": 8.580609180581801, "rate": 4.129748274092657}, "datetime": {"datetime": "2024-06-13 00:17:47", "elapsed": 211.94862, "delta": 0.117366}}
{"target": -109.64060083902054, "params": {"p_ai": 2.159265882128531, "p_al": 3.234561011888553, "p_ex": 6.9172126440284645, "prior": 7.009786877455434, "rate": 2.234282424435185}, "datetime": {"datetime": "2024-06-13 00:17:47", "elapsed": 212.056334, "delta": 0.107714}}
{"target": -131.4165251041182, "params": {"p_ai": 3.9655599000973614, "p_al": 6.993599747463365, "p_ex": 7.206028835833273, "prior": 1.3060269515928042, "rate": 6.094130941477607}, "datetime": {"datetime": "2024-06-13 00:17:47", "elapsed": 212.163555, "delta": 0.107221}}
{"target": -183.52173171927913, "params": {"p_ai": 8.860780604176751, "p_al": 5.824031202572268, "p_ex": 3.072782268537545, "prior": 7.451659090914785, "rate": 9.776990621630928}, "datetime": {"datetime": "2024-06-13 00:17:47", "elapsed": 212.269777, "delta": 0.106222}}
{"target": -228.58468336785845, "params": {"p_ai": 9.04633231716986, "p_al": 8.716160144918383, "p_ex": 0.003922193057461108, "prior": 5.826579941183415, "rate": 2.6279371999932573}, "datetime": {"datetime": "2024-06-13 00:17:48", "elapsed": 212.376895, "delta": 0.107118}}
{"target": -157.704712494495, "params": {"p_ai": 8.130244891969703, "p_al": 5.23526283745264, "p_ex": 8.939108850131829, "prior": 5.237925787644913, "rate": 8.911460302578277}, "datetime": {"datetime": "2024-06-13 00:17:48", "elapsed": 212.483612, "delta": 0.106717}}
{"target": -114.13612973928426, "params": {"p_ai": 4.497764508230413, "p_al": 5.615436937758651, "p_ex": 8.125032960357574, "prior": 4.032314414262975, "rate": 5.687113316080488}, "datetime": {"datetime": "2024-06-13 00:17:48", "elapsed": 212.590327, "delta": 0.106715}}
{"target": -171.0429564668232, "params": {"p_ai": 8.984714318038437, "p_al": 4.8467417158094594, "p_ex": 5.906300764710574, "prior": 9.363857452858312, "rate": 8.83263271940978}, "datetime": {"datetime": "2024-06-13 00:17:48", "elapsed": 212.696045, "delta": 0.105718}}
{"target": -182.36747152343185, "params": {"p_ai": 7.577434997922026, "p_al": 7.112598718301506, "p_ex": 8.192131754208267, "prior": 1.0617119662258163, "rate": 3.810952160479885}, "datetime": {"datetime": "2024-06-13 00:17:48", "elapsed": 212.803648, "delta": 0.107603}}
{"target": -158.31856439097837, "params": {"p_ai": 5.458359106284024, "p_al": 8.585235455408231, "p_ex": 1.4648771670928944, "prior": 7.140681245430711, "rate": 5.910080443703744}, "datetime": {"datetime": "2024-06-13 00:17:48", "elapsed": 212.910363, "delta": 0.106715}}
{"target": -124.46713454472727, "params": {"p_ai": 6.0875909936487345, "p_al": 3.726815752106986, "p_ex": 9.15830642449183, "prior": 7.13933726242808, "rate": 6.683325835506722}, "datetime": {"datetime": "2024-06-13 00:17:48", "elapsed": 213.01708, "delta": 0.106717}}
{"target": -127.3136535085317, "params": {"p_ai": 2.2154321038106217, "p_al": 8.1289389260247, "p_ex": 4.95904725217079, "prior": 5.084200781464436, "rate": 0.8482490698586993}, "datetime": {"datetime": "2024-06-13 00:17:48", "elapsed": 213.123794, "delta": 0.106714}}
{"target": -131.91861462669726, "params": {"p_ai": 4.373244258236222, "p_al": 8.632149255500682, "p_ex": 6.802683723363489, "prior": 1.8950581131297959, "rate": 5.841148942244931}, "datetime": {"datetime": "2024-06-13 00:17:48", "elapsed": 213.23024, "delta": 0.106446}}
{"target": -170.72912510561608, "params": {"p_ai": 9.440120998803936, "p_al": 5.075095122577021, "p_ex": 9.674056937250327, "prior": 3.663304010988193, "rate": 2.9081982683005547}, "datetime": {"datetime": "2024-06-13 00:17:48", "elapsed": 213.337953, "delta": 0.107713}}
{"target": -191.77668850035985, "params": {"p_ai": 8.398665743541141, "p_al": 8.697381609098198, "p_ex": 2.017460785212376, "prior": 7.194800422731128, "rate": 5.921473523245135}, "datetime": {"datetime": "2024-06-13 00:17:49", "elapsed": 213.44717, "delta": 0.109217}}
{"target": -164.7631555312516, "params": {"p_ai": 8.94522136625385, "p_al": 1.4953085457292612, "p_ex": 7.630508798302322, "prior": 6.89986272904379, "rate": 7.950362828454771}, "datetime": {"datetime": "2024-06-13 00:17:49", "elapsed": 213.554215, "delta": 0.107045}}
{"target": -127.58659673464955, "params": {"p_ai": 4.5334216455871585, "p_al": 2.285080750396072, "p_ex": 2.8612639050635336, "prior": 3.0437248840947517, "rate": 8.402831110698429}, "datetime": {"datetime": "2024-06-13 00:17:49", "elapsed": 213.660958, "delta": 0.106743}}
{"target": -140.72911631000503, "params": {"p_ai": 5.372038987196228, "p_al": 5.636276018949885, "p_ex": 2.8423948482288677, "prior": 8.341748975598378, "rate": 7.049602636525978}, "datetime": {"datetime": "2024-06-13 00:17:49", "elapsed": 213.769239, "delta": 0.108281}}
{"target": -192.14779215907646, "params": {"p_ai": 8.781517473429453, "p_al": 1.3161352297481828, "p_ex": 8.496128765204425, "prior": 0.5220714718378262, "rate": 8.771411721092127}, "datetime": {"datetime": "2024-06-13 00:17:49", "elapsed": 213.875545, "delta": 0.106306}}
{"target": -114.78453949059994, "params": {"p_ai": 2.398175280570108, "p_al": 8.856757888094753, "p_ex": 3.7937200294297595, "prior": 8.429330555103737, "rate": 5.396590617151947}, "datetime": {"datetime": "2024-06-13 00:17:49", "elapsed": 213.987249, "delta": 0.111704}}
{"target": -167.8464543758646, "params": {"p_ai": 5.642190342955606, "p_al": 9.84022894951784, "p_ex": 9.63751153551982, "prior": 1.1441289022704242, "rate": 3.6421150962027857}, "datetime": {"datetime": "2024-06-13 00:17:49", "elapsed": 214.095082, "delta": 0.107833}}
{"target": -124.7092085763778, "params": {"p_ai": 2.506212038324754, "p_al": 4.483507611579368, "p_ex": 1.2644028687416509, "prior": 5.116170822812115, "rate": 8.655956316551622}, "datetime": {"datetime": "2024-06-13 00:17:49", "elapsed": 214.201305, "delta": 0.106223}}
{"target": -127.11258612819988, "params": {"p_ai": 3.524182459137863, "p_al": 1.557248674792178, "p_ex": 3.0733042597656954, "prior": 7.429002665405236, "rate": 0.9136723471660736}, "datetime": {"datetime": "2024-06-13 00:17:49", "elapsed": 214.30753, "delta": 0.106225}}
{"target": -230.49233344450144, "params": {"p_ai": 7.356081525521679, "p_al": 6.139605696996387, "p_ex": 7.4028472256456945, "prior": 0.09148820794806983, "rate": 7.205005956911262}, "datetime": {"datetime": "2024-06-13 00:17:50", "elapsed": 214.414771, "delta": 0.107241}}
{"target": -138.5022122072887, "params": {"p_ai": 3.20652192916414, "p_al": 6.330086992140342, "p_ex": 0.5393129725551014, "prior": 5.564785932218573, "rate": 9.416039732034474}, "datetime": {"datetime": "2024-06-13 00:17:50", "elapsed": 214.522483, "delta": 0.107712}}
{"target": -128.39084992443372, "params": {"p_ai": 3.2015370071173717, "p_al": 5.227843986477157, "p_ex": 4.077705890820247, "prior": 5.69696279590871, "rate": 0.6841180889586145}, "datetime": {"datetime": "2024-06-13 00:17:50", "elapsed": 214.629198, "delta": 0.106715}}
{"target": -138.56570386185032, "params": {"p_ai": 3.619441042802784, "p_al": 5.207068985721982, "p_ex": 0.8491598305113975, "prior": 4.677000648386591, "rate": 7.722524554423631}, "datetime": {"datetime": "2024-06-13 00:17:50", "elapsed": 214.735913, "delta": 0.106715}}
{"target": -150.45329532492997, "params": {"p_ai": 4.4305910985625685, "p_al": 3.9098719950651493, "p_ex": 2.7294917556221026, "prior": 0.519464887551938, "rate": 7.61845485482411}, "datetime": {"datetime": "2024-06-13 00:17:50", "elapsed": 214.846776, "delta": 0.110863}}
{"target": -148.21508981885546, "params": {"p_ai": 4.858303293752173, "p_al": 1.614305665250888, "p_ex": 0.6617195267770156, "prior": 7.57924671380558, "rate": 5.884534108373207}, "datetime": {"datetime": "2024-06-13 00:17:50", "elapsed": 214.953411, "delta": 0.106635}}
{"target": -125.62111554262682, "params": {"p_ai": 5.588089049819353, "p_al": 2.0640425222684375, "p_ex": 5.943811569671102, "prior": 9.342191524625699, "rate": 7.255065057177155}, "datetime": {"datetime": "2024-06-13 00:17:50", "elapsed": 215.061123, "delta": 0.107712}}
{"target": -125.46815100647076, "params": {"p_ai": 5.866398132628953, "p_al": 8.653086394752902, "p_ex": 9.965692892765754, "prior": 8.651215789322743, "rate": 1.792646185609348}, "datetime": {"datetime": "2024-06-13 00:17:50", "elapsed": 215.16784, "delta": 0.106717}}
{"target": -183.4975176436974, "params": {"p_ai": 6.946946260957495, "p_al": 2.963016051488197, "p_ex": 0.5962774150678829, "prior": 1.0813285195441542, "rate": 7.628174982654579}, "datetime": {"datetime": "2024-06-13 00:17:50", "elapsed": 215.275553, "delta": 0.107713}}
{"target": -98.07159113086671, "params": {"p_ai": 2.8186074138436377, "p_al": 0.001, "p_ex": 10.0, "prior": 10.0, "rate": 6.658245346196393}, "datetime": {"datetime": "2024-06-13 00:18:16", "elapsed": 240.7539, "delta": 25.478347}}
{"target": -98.07499881293188, "params": {"p_ai": 2.7179494509074016, "p_al": 0.001, "p_ex": 10.0, "prior": 10.0, "rate": 10.0}, "datetime": {"datetime": "2024-06-13 00:18:38", "elapsed": 262.655964, "delta": 21.902064}}
{"target": -118.30270094724929, "params": {"p_ai": 3.9192639450691327, "p_al": 0.001, "p_ex": 10.0, "prior": 2.1565742784195616, "rate": 0.110855073285212}, "datetime": {"datetime": "2024-06-13 00:19:11", "elapsed": 295.780904, "delta": 33.12494}}
{"target": -98.53497982379851, "params": {"p_ai": 2.795895108452447, "p_al": 10.0, "p_ex": 10.0, "prior": 10.0, "rate": 10.0}, "datetime": {"datetime": "2024-06-13 00:19:28", "elapsed": 313.303904, "delta": 17.523}}
{"target": -131.96821623134025, "params": {"p_ai": 0.001, "p_al": 0.001, "p_ex": 10.0, "prior": 0.8997030938263377, "rate": 10.0}, "datetime": {"datetime": "2024-06-13 00:19:47", "elapsed": 331.713955, "delta": 18.410051}}
{"target": -98.65613315779575, "params": {"p_ai": 3.093277213619695, "p_al": 7.222780039996326, "p_ex": 10.0, "prior": 10.0, "rate": 10.0}, "datetime": {"datetime": "2024-06-13 00:20:04", "elapsed": 348.410275, "delta": 16.69632}}
{"target": -97.8185833300359, "params": {"p_ai": 3.129089006968846, "p_al": 3.191653513188064, "p_ex": 10.0, "prior": 10.0, "rate": 6.636542475842948}, "datetime": {"datetime": "2024-06-13 00:20:22", "elapsed": 366.7171, "delta": 18.306825}}
{"target": -127.2309330292982, "params": {"p_ai": 0.74174112813381, "p_al": 0.001, "p_ex": 10.0, "prior": 0.16047517345129664, "rate": 3.450902848362633}, "datetime": {"datetime": "2024-06-13 00:20:40", "elapsed": 384.628658, "delta": 17.911558}}
{"target": -102.19663305624265, "params": {"p_ai": 1.7640050899471524, "p_al": 0.001, "p_ex": 5.375777047857855, "prior": 0.7199876319998252, "rate": 1.20817074467461}, "datetime": {"datetime": "2024-06-13 00:21:03", "elapsed": 407.36985, "delta": 22.741192}}
{"target": -104.57927346194114, "params": {"p_ai": 1.4739368151723273, "p_al": 0.001, "p_ex": 10.0, "prior": 6.5192706307543205, "rate": 10.0}, "datetime": {"datetime": "2024-06-13 00:21:19", "elapsed": 424.274954, "delta": 16.905104}}
{"target": -120.5000992585976, "params": {"p_ai": 0.001, "p_al": 6.949795452298089, "p_ex": 10.0, "prior": 3.356781233247615, "rate": 10.0}, "datetime": {"datetime": "2024-06-13 00:21:37", "elapsed": 441.797459, "delta": 17.522505}}
{"target": -97.89481207966399, "params": {"p_ai": 2.7603943613027875, "p_al": 2.8418318677248933, "p_ex": 10.0, "prior": 10.0, "rate": 10.0}, "datetime": {"datetime": "2024-06-13 00:21:55", "elapsed": 459.718199, "delta": 17.92074}}
{"target": -110.62514316625999, "params": {"p_ai": 1.1015687840307256, "p_al": 4.251271140386691, "p_ex": 3.6107138089602637, "prior": 1.9927610895052146, "rate": 7.838450644211512}, "datetime": {"datetime": "2024-06-13 00:22:28", "elapsed": 492.397753, "delta": 32.679554}}
{"target": -99.08361207786469, "params": {"p_ai": 2.6468040310244567, "p_al": 10.0, "p_ex": 10.0, "prior": 7.832236382838718, "rate": 8.717020174996222}, "datetime": {"datetime": "2024-06-13 00:22:45", "elapsed": 510.211073, "delta": 17.81332}}
{"target": -104.49484195977976, "params": {"p_ai": 1.1931202267413397, "p_al": 0.001, "p_ex": 6.2573876157089865, "prior": 5.369767078760935, "rate": 10.0}, "datetime": {"datetime": "2024-06-13 00:23:07", "elapsed": 532.064474, "delta": 21.853401}}
{"target": -134.89029640727077, "params": {"p_ai": 0.001, "p_al": 0.001, "p_ex": 10.0, "prior": 10.0, "rate": 10.0}, "datetime": {"datetime": "2024-06-13 00:23:34", "elapsed": 558.934417, "delta": 26.869943}}
{"target": -100.85736409827139, "params": {"p_ai": 2.431505051561447, "p_al": 0.001, "p_ex": 6.339227096195406, "prior": 10.0, "rate": 10.0}, "datetime": {"datetime": "2024-06-13 00:23:57", "elapsed": 582.050018, "delta": 23.115601}}
{"target": -107.64846151416586, "params": {"p_ai": 2.089625487010808, "p_al": 0.001, "p_ex": 10.0, "prior": 10.0, "rate": 3.9115613864520546}, "datetime": {"datetime": "2024-06-13 00:24:35", "elapsed": 619.856078, "delta": 37.80606}}
