{"target": -901.8309604024445, "params": {"gamma": 2.744137192928587, "lr": 0.10843083383187457}, "datetime": {"datetime": "2024-06-13 22:26:40", "elapsed": 7.414793, "delta": 0.004987}}
{"target": -632.6470024076746, "params": {"gamma": 2.6097471361451294, "lr": 0.33415183351807476}, "datetime": {"datetime": "2024-06-13 22:26:40", "elapsed": 7.419779, "delta": 0.004986}}
{"target": -1104.12155233584, "params": {"gamma": 4.647854040432997, "lr": 0.2343564434014873}, "datetime": {"datetime": "2024-06-13 22:26:40", "elapsed": 7.423769, "delta": 0.00399}}
{"target": -1840.8639748936953, "params": {"gamma": 7.27531136269942, "lr": 0.807191102024009}, "datetime": {"datetime": "2024-06-13 22:26:40", "elapsed": 7.428755, "delta": 0.004986}}
{"target": -1912.371783572346, "params": {"gamma": 7.909964984873447, "lr": 0.7157485483912336}, "datetime": {"datetime": "2024-06-13 22:26:40", "elapsed": 7.433742, "delta": 0.004987}}
{"target": -701.5632248956813, "params": {"gamma": 2.6971628183640655, "lr": 0.21045779104067575}, "datetime": {"datetime": "2024-06-13 22:26:40", "elapsed": 7.438729, "delta": 0.004987}}
{"target": -291.52952229610844, "params": {"gamma": 1.092174154085908, "lr": 0.3966811014027529}, "datetime": {"datetime": "2024-06-13 22:26:40", "elapsed": 7.443716, "delta": 0.004987}}
{"target": -250.45455215259858, "params": {"gamma": 0.8735791351201521, "lr": 0.6553896564824753}, "datetime": {"datetime": "2024-06-13 22:26:40", "elapsed": 7.447705, "delta": 0.003989}}
{"target": -2363.010835794764, "params": {"gamma": 9.49833931470982, "lr": 0.755633280579152}, "datetime": {"datetime": "2024-06-13 22:26:40", "elapsed": 7.452691, "delta": 0.004986}}
{"target": -427.2795029492152, "params": {"gamma": 1.1698003792568261, "lr": 0.020481248718401956}, "datetime": {"datetime": "2024-06-13 22:26:40", "elapsed": 7.457678, "delta": 0.004987}}
{"target": -943.7857699573316, "params": {"gamma": 3.349553409033682, "lr": 0.9928761567590365}, "datetime": {"datetime": "2024-06-13 22:26:40", "elapsed": 7.461667, "delta": 0.003989}}
{"target": -785.1494911106948, "params": {"gamma": 3.129004648022036, "lr": 0.7375077987941283}, "datetime": {"datetime": "2024-06-13 22:26:40", "elapsed": 7.466655, "delta": 0.004988}}
{"target": -1618.4999693865182, "params": {"gamma": 7.165577236537339, "lr": 0.5725575976952813}, "datetime": {"datetime": "2024-06-13 22:26:40", "elapsed": 7.471641, "delta": 0.004986}}
{"target": -945.3856279529141, "params": {"gamma": 3.6770929306387004, "lr": 0.2082656940300881}, "datetime": {"datetime": "2024-06-13 22:26:40", "elapsed": 7.476628, "delta": 0.004987}}
{"target": -3210.537146247565, "params": {"gamma": 9.800012165219913, "lr": 0.06589377000512553}, "datetime": {"datetime": "2024-06-13 22:26:40", "elapsed": 7.480617, "delta": 0.003989}}
{"target": -562.4380080989716, "params": {"gamma": 2.363041291619063, "lr": 0.3088994705101167}, "datetime": {"datetime": "2024-06-13 22:26:40", "elapsed": 7.485604, "delta": 0.004987}}
{"target": -2167.656350139953, "params": {"gamma": 9.09512403146957, "lr": 0.7133692630190983}, "datetime": {"datetime": "2024-06-13 22:26:40", "elapsed": 7.49059, "delta": 0.004986}}
{"target": -866.7662661786511, "params": {"gamma": 2.654453130529889, "lr": 0.16450130293866305}, "datetime": {"datetime": "2024-06-13 22:26:40", "elapsed": 7.495579, "delta": 0.004989}}
{"target": -2192.506530286303, "params": {"gamma": 8.805093637851785, "lr": 0.7937831324318396}, "datetime": {"datetime": "2024-06-13 22:26:40", "elapsed": 7.499569, "delta": 0.00399}}
{"target": -181.2161176172271, "params": {"gamma": 0.38483593233206737, "lr": 0.8793008435965847}, "datetime": {"datetime": "2024-06-13 22:26:40", "elapsed": 7.504558, "delta": 0.004989}}
{"target": -1293.0799737279046, "params": {"gamma": 5.879809512359401, "lr": 0.4575371969863721}, "datetime": {"datetime": "2024-06-13 22:26:40", "elapsed": 7.509544, "delta": 0.004986}}
{"target": -2220.375543329138, "params": {"gamma": 6.73884491695568, "lr": 0.03944279853538757}, "datetime": {"datetime": "2024-06-13 22:26:40", "elapsed": 7.51354, "delta": 0.003996}}
{"target": -1111.7914024567199, "params": {"gamma": 3.303881713493146, "lr": 0.08804841780935202}, "datetime": {"datetime": "2024-06-13 22:26:40", "elapsed": 7.518522, "delta": 0.004982}}
{"target": -1618.6757341030836, "params": {"gamma": 6.836691010345723, "lr": 0.3980117152162973}, "datetime": {"datetime": "2024-06-13 22:26:40", "elapsed": 7.523314, "delta": 0.004792}}
{"target": -1127.235515986812, "params": {"gamma": 4.790061963647635, "lr": 0.2898033391923721}, "datetime": {"datetime": "2024-06-13 22:26:40", "elapsed": 7.527303, "delta": 0.003989}}
{"target": -2590.4875155342274, "params": {"gamma": 7.883156906603142, "lr": 0.046512682267751626}, "datetime": {"datetime": "2024-06-13 22:26:40", "elapsed": 7.53229, "delta": 0.004987}}
{"target": -650.2366945723807, "params": {"gamma": 2.811975337992219, "lr": 0.590595861758878}, "datetime": {"datetime": "2024-06-13 22:26:40", "elapsed": 7.537277, "delta": 0.004987}}
{"target": -1814.5944809221842, "params": {"gamma": 7.901544890842957, "lr": 0.6015993359119542}, "datetime": {"datetime": "2024-06-13 22:26:40", "elapsed": 7.542263, "delta": 0.004986}}
{"target": -2403.535056620946, "params": {"gamma": 7.305156197867701, "lr": 0.023527914877828127}, "datetime": {"datetime": "2024-06-13 22:26:40", "elapsed": 7.546252, "delta": 0.003989}}
{"target": -867.5548763732522, "params": {"gamma": 2.5499809694961213, "lr": 0.04209175984237279}, "datetime": {"datetime": "2024-06-13 22:26:40", "elapsed": 7.55124, "delta": 0.004988}}
{"target": -1396.3372655079509, "params": {"gamma": 5.000623972289424, "lr": 0.9891402961407735}, "datetime": {"datetime": "2024-06-13 22:26:40", "elapsed": 7.556227, "delta": 0.004987}}
{"target": -147.57389937726143, "params": {"gamma": 0.1362915505440842, "lr": 0.4408790383372555}, "datetime": {"datetime": "2024-06-13 22:26:40", "elapsed": 7.561212, "delta": 0.004985}}
{"target": -146.54302105439942, "params": {"gamma": 0.0488593946407395, "lr": 0.6128886193293469}, "datetime": {"datetime": "2024-06-13 22:26:40", "elapsed": 7.5662, "delta": 0.004988}}
{"target": -466.6093791996406, "params": {"gamma": 1.8344039025545689, "lr": 0.7127417837905282}, "datetime": {"datetime": "2024-06-13 22:26:40", "elapsed": 7.571186, "delta": 0.004986}}
{"target": -441.93030057260086, "params": {"gamma": 1.5973254712175065, "lr": 0.8285756552303601}, "datetime": {"datetime": "2024-06-13 22:26:40", "elapsed": 7.576173, "delta": 0.004987}}
{"target": -506.32376481430845, "params": {"gamma": 2.0625754591785816, "lr": 0.35221627383195075}, "datetime": {"datetime": "2024-06-13 22:26:40", "elapsed": 7.580162, "delta": 0.003989}}
{"target": -608.3304484892751, "params": {"gamma": 2.3065541407607677, "lr": 0.8076844924516463}, "datetime": {"datetime": "2024-06-13 22:26:40", "elapsed": 7.585149, "delta": 0.004987}}
{"target": -1325.342852429041, "params": {"gamma": 4.903209285941475, "lr": 0.8738335058866241}, "datetime": {"datetime": "2024-06-13 22:26:40", "elapsed": 7.590135, "delta": 0.004986}}
{"target": -317.62161255985626, "params": {"gamma": 1.3017296410083459, "lr": 0.4989581103650381}, "datetime": {"datetime": "2024-06-13 22:26:40", "elapsed": 7.594125, "delta": 0.00399}}
{"target": -2157.2605060490973, "params": {"gamma": 7.766359726186858, "lr": 0.9812101687911365}, "datetime": {"datetime": "2024-06-13 22:26:40", "elapsed": 7.599112, "delta": 0.004987}}
{"target": -1785.8110918951286, "params": {"gamma": 6.734103924215217, "lr": 0.18300117978695374}, "datetime": {"datetime": "2024-06-13 22:26:40", "elapsed": 7.604098, "delta": 0.004986}}
{"target": -2498.243384570168, "params": {"gamma": 7.597969782524479, "lr": 0.07463521512286109}, "datetime": {"datetime": "2024-06-13 22:26:40", "elapsed": 7.609085, "delta": 0.004987}}
{"target": -1955.3375411750371, "params": {"gamma": 7.62796186474408, "lr": 0.8278152309219722}, "datetime": {"datetime": "2024-06-13 22:26:40", "elapsed": 7.614071, "delta": 0.004986}}
{"target": -1230.8420799252308, "params": {"gamma": 5.592537951402159, "lr": 0.49272082980822784}, "datetime": {"datetime": "2024-06-13 22:26:40", "elapsed": 7.61806, "delta": 0.003989}}
{"target": -3069.9276714519083, "params": {"gamma": 9.36533769934676, "lr": 9.695068767479054e-05}, "datetime": {"datetime": "2024-06-13 22:26:40", "elapsed": 7.623047, "delta": 0.004987}}
{"target": -146.97999585452817, "params": {"gamma": 0.0966593768907281, "lr": 0.25195142314544017}, "datetime": {"datetime": "2024-06-13 22:26:40", "elapsed": 7.627036, "delta": 0.003989}}
{"target": -1118.3082300921328, "params": {"gamma": 5.057258956122923, "lr": 0.5404166504960898}, "datetime": {"datetime": "2024-06-13 22:26:40", "elapsed": 7.632023, "delta": 0.004987}}
{"target": -879.3566025796373, "params": {"gamma": 3.7135529478230405, "lr": 0.29271137519518675}, "datetime": {"datetime": "2024-06-13 22:26:40", "elapsed": 7.63701, "delta": 0.004987}}
{"target": -539.4880061921848, "params": {"gamma": 2.0244710973929743, "lr": 0.8002818943961242}, "datetime": {"datetime": "2024-06-13 22:26:40", "elapsed": 7.641997, "delta": 0.004987}}
{"target": -705.6730134850393, "params": {"gamma": 3.159913122914842, "lr": 0.492467985547119}, "datetime": {"datetime": "2024-06-13 22:26:40", "elapsed": 7.646984, "delta": 0.004987}}
{"target": -1862.600625188431, "params": {"gamma": 8.11309762614833, "lr": 0.6123589424601151}, "datetime": {"datetime": "2024-06-13 22:26:40", "elapsed": 7.65197, "delta": 0.004986}}
{"target": -1201.4447449122438, "params": {"gamma": 4.086676353275073, "lr": 0.17690422236042747}, "datetime": {"datetime": "2024-06-13 22:26:40", "elapsed": 7.656957, "delta": 0.004987}}
{"target": -881.4836982886692, "params": {"gamma": 3.977123246381154, "lr": 0.48521265373011824}, "datetime": {"datetime": "2024-06-13 22:26:40", "elapsed": 7.661943, "delta": 0.004986}}
{"target": -2267.475332646557, "params": {"gamma": 9.905855341048484, "lr": 0.28419507592058557}, "datetime": {"datetime": "2024-06-13 22:26:40", "elapsed": 7.66693, "delta": 0.004987}}
{"target": -446.9703962470395, "params": {"gamma": 1.6572311251158391, "lr": 0.22057551351544413}, "datetime": {"datetime": "2024-06-13 22:26:40", "elapsed": 7.670919, "delta": 0.003989}}
{"target": -728.029004789523, "params": {"gamma": 2.115461976224172, "lr": 0.07604769057476157}, "datetime": {"datetime": "2024-06-13 22:26:40", "elapsed": 7.675906, "delta": 0.004987}}
{"target": -845.9351170604268, "params": {"gamma": 3.6497120765361126, "lr": 0.28473402479064247}, "datetime": {"datetime": "2024-06-13 22:26:40", "elapsed": 7.680893, "delta": 0.004987}}
{"target": -2209.9454853085003, "params": {"gamma": 8.876000332641663, "lr": 0.780259609956419}, "datetime": {"datetime": "2024-06-13 22:26:40", "elapsed": 7.685879, "delta": 0.004986}}
{"target": -329.8624590715935, "params": {"gamma": 1.09154050351661, "lr": 0.8505034953674093}, "datetime": {"datetime": "2024-06-13 22:26:40", "elapsed": 7.689868, "delta": 0.003989}}
{"target": -306.6584518353911, "params": {"gamma": 1.0968764704846565, "lr": 0.7202077467752445}, "datetime": {"datetime": "2024-06-13 22:26:40", "elapsed": 7.694855, "delta": 0.004987}}
{"target": -1906.4835224933322, "params": {"gamma": 5.728670154913063, "lr": 0.08680838426747961}, "datetime": {"datetime": "2024-06-13 22:26:40", "elapsed": 7.699843, "delta": 0.004988}}
{"target": -2424.2085495440447, "params": {"gamma": 9.053375032737591, "lr": 0.8745665148853765}, "datetime": {"datetime": "2024-06-13 22:26:40", "elapsed": 7.704859, "delta": 0.005016}}
{"target": -1947.939621052789, "params": {"gamma": 8.438673461887907, "lr": 0.3695673551173151}, "datetime": {"datetime": "2024-06-13 22:26:40", "elapsed": 7.708847, "delta": 0.003988}}
{"target": -639.8395978871466, "params": {"gamma": 2.2302911723421603, "lr": 0.9971116548587963}, "datetime": {"datetime": "2024-06-13 22:26:40", "elapsed": 7.713804, "delta": 0.004957}}
{"target": -2684.4229356551114, "params": {"gamma": 8.17356631642956, "lr": 0.042128160628106315}, "datetime": {"datetime": "2024-06-13 22:26:40", "elapsed": 7.718791, "delta": 0.004987}}
{"target": -960.3730078353628, "params": {"gamma": 3.733405500770418, "lr": 0.8121869757489847}, "datetime": {"datetime": "2024-06-13 22:26:40", "elapsed": 7.723778, "delta": 0.004987}}
{"target": -1252.4242867440735, "params": {"gamma": 5.284318582532073, "lr": 0.24713082560012845}, "datetime": {"datetime": "2024-06-13 22:26:40", "elapsed": 7.727767, "delta": 0.003989}}
{"target": -1817.8208346853369, "params": {"gamma": 7.9290864165444885, "lr": 0.2617510439444676}, "datetime": {"datetime": "2024-06-13 22:26:40", "elapsed": 7.732755, "delta": 0.004988}}
{"target": -146.86793701642077, "params": {"gamma": 0.00498340216746315, "lr": 0.23131891895573253}, "datetime": {"datetime": "2024-06-13 22:26:40", "elapsed": 7.73774, "delta": 0.004985}}
{"target": -2301.324426610282, "params": {"gamma": 9.933709519335848, "lr": 0.6562008343421062}, "datetime": {"datetime": "2024-06-13 22:26:40", "elapsed": 7.742727, "delta": 0.004987}}
{"target": -547.4446518769145, "params": {"gamma": 2.20746055274965, "lr": 0.6861397019787449}, "datetime": {"datetime": "2024-06-13 22:26:40", "elapsed": 7.747714, "delta": 0.004987}}
{"target": -1598.3434784290196, "params": {"gamma": 6.8696820453199665, "lr": 0.640742769936858}, "datetime": {"datetime": "2024-06-13 22:26:40", "elapsed": 7.751703, "delta": 0.003989}}
{"target": -219.56629773902242, "params": {"gamma": 0.7064146187020427, "lr": 0.2429641169892971}, "datetime": {"datetime": "2024-06-13 22:26:40", "elapsed": 7.75669, "delta": 0.004987}}
{"target": -2131.8874159364755, "params": {"gamma": 8.708501091076558, "lr": 0.7347408193015217}, "datetime": {"datetime": "2024-06-13 22:26:40", "elapsed": 7.761676, "delta": 0.004986}}
{"target": -417.2879113411899, "params": {"gamma": 1.6789922438348501, "lr": 0.29858946127654595}, "datetime": {"datetime": "2024-06-13 22:26:40", "elapsed": 7.765666, "delta": 0.00399}}
{"target": -1450.595126899604, "params": {"gamma": 5.627657565327734, "lr": 0.826445766022829}, "datetime": {"datetime": "2024-06-13 22:26:40", "elapsed": 7.770653, "delta": 0.004987}}
{"target": -668.2990916719624, "params": {"gamma": 2.0059625473387035, "lr": 0.10166529365348886}, "datetime": {"datetime": "2024-06-13 22:26:40", "elapsed": 7.775639, "delta": 0.004986}}
{"target": -1068.189431355577, "params": {"gamma": 3.8193070270168987, "lr": 0.912353469252759}, "datetime": {"datetime": "2024-06-13 22:26:40", "elapsed": 7.780626, "delta": 0.004987}}
{"target": -857.9166719903122, "params": {"gamma": 2.605874679054985, "lr": 0.10830435271308025}, "datetime": {"datetime": "2024-06-13 22:26:40", "elapsed": 7.785613, "delta": 0.004987}}
{"target": -194.01282266984165, "params": {"gamma": 0.56037370979255, "lr": 0.3516705558700568}, "datetime": {"datetime": "2024-06-13 22:26:40", "elapsed": 7.790599, "delta": 0.004986}}
{"target": -166.49071748112493, "params": {"gamma": 0.37723182573995767, "lr": 0.583033921230445}, "datetime": {"datetime": "2024-06-13 22:26:40", "elapsed": 7.795586, "delta": 0.004987}}
{"target": -1476.4757069874954, "params": {"gamma": 6.725895546392632, "lr": 0.46048358998473815}, "datetime": {"datetime": "2024-06-13 22:26:40", "elapsed": 7.799576, "delta": 0.00399}}
{"target": -1630.5884839663572, "params": {"gamma": 7.411427420391562, "lr": 0.5010249644140818}, "datetime": {"datetime": "2024-06-13 22:26:40", "elapsed": 7.804568, "delta": 0.004992}}
{"target": -1658.2441932263034, "params": {"gamma": 7.023823855740785, "lr": 0.2306409059229675}, "datetime": {"datetime": "2024-06-13 22:26:40", "elapsed": 7.809551, "delta": 0.004983}}
{"target": -1638.2017505124536, "params": {"gamma": 7.446379482205204, "lr": 0.5016372020053996}, "datetime": {"datetime": "2024-06-13 22:26:40", "elapsed": 7.813541, "delta": 0.00399}}
{"target": -1547.6164394080502, "params": {"gamma": 7.053982930260369, "lr": 0.44669779031638923}, "datetime": {"datetime": "2024-06-13 22:26:40", "elapsed": 7.818527, "delta": 0.004986}}
{"target": -1677.5015917037942, "params": {"gamma": 5.059900155144239, "lr": 0.04153518297857339}, "datetime": {"datetime": "2024-06-13 22:26:40", "elapsed": 7.823513, "delta": 0.004986}}
{"target": -1570.6173842305113, "params": {"gamma": 4.893603596752043, "lr": 0.14228750219732444}, "datetime": {"datetime": "2024-06-13 22:26:40", "elapsed": 7.828501, "delta": 0.004988}}
{"target": -340.59850052671703, "params": {"gamma": 1.425815973998472, "lr": 0.43335040255954493}, "datetime": {"datetime": "2024-06-13 22:26:40", "elapsed": 7.83249, "delta": 0.003989}}
{"target": -1376.6270500149867, "params": {"gamma": 5.762571683469249, "lr": 0.343048695191552}, "datetime": {"datetime": "2024-06-13 22:26:40", "elapsed": 7.837478, "delta": 0.004988}}
{"target": -424.77967217369763, "params": {"gamma": 1.6057554110518168, "lr": 0.7414104169799515}, "datetime": {"datetime": "2024-06-13 22:26:40", "elapsed": 7.843461, "delta": 0.005983}}
{"target": -2355.057190368339, "params": {"gamma": 9.630952636256579, "lr": 0.7336422859505056}, "datetime": {"datetime": "2024-06-13 22:26:41", "elapsed": 7.84745, "delta": 0.003989}}
{"target": -255.87212976323673, "params": {"gamma": 0.7715652507427674, "lr": 0.8409081581252351}, "datetime": {"datetime": "2024-06-13 22:26:41", "elapsed": 7.852437, "delta": 0.004987}}
{"target": -203.7187431699518, "params": {"gamma": 0.6760729900832833, "lr": 0.4363120485992489}, "datetime": {"datetime": "2024-06-13 22:26:41", "elapsed": 7.857423, "delta": 0.004986}}
{"target": -2127.0842574965823, "params": {"gamma": 9.288699130413471, "lr": 0.26318010363654454}, "datetime": {"datetime": "2024-06-13 22:26:41", "elapsed": 7.86241, "delta": 0.004987}}
{"target": -356.44228836819536, "params": {"gamma": 1.2804037657560603, "lr": 0.7622387720608016}, "datetime": {"datetime": "2024-06-13 22:26:41", "elapsed": 7.8664, "delta": 0.00399}}
{"target": -2132.742472184489, "params": {"gamma": 9.286152605869912, "lr": 0.32576842070431766}, "datetime": {"datetime": "2024-06-13 22:26:41", "elapsed": 7.871387, "delta": 0.004987}}
{"target": -631.5633563535619, "params": {"gamma": 2.3253485203555204, "lr": 0.1824854764117131}, "datetime": {"datetime": "2024-06-13 22:26:41", "elapsed": 7.87737, "delta": 0.005983}}
{"target": -2169.574355001702, "params": {"gamma": 9.632391991118075, "lr": 0.5766346346502746}, "datetime": {"datetime": "2024-06-13 22:26:41", "elapsed": 7.881359, "delta": 0.003989}}
{"target": -1976.8929328550007, "params": {"gamma": 8.601017631330931, "lr": 0.3083449860518661}, "datetime": {"datetime": "2024-06-13 22:26:41", "elapsed": 7.886346, "delta": 0.004987}}
{"target": -188.35566659879302, "params": {"gamma": 0.5653078671540508, "lr": 0.45380418511530174}, "datetime": {"datetime": "2024-06-13 22:26:41", "elapsed": 7.891333, "delta": 0.004987}}
{"target": -476.21172170537324, "params": {"gamma": 2.0718938489778145, "lr": 0.5189836643290452}, "datetime": {"datetime": "2024-06-13 22:26:41", "elapsed": 7.896319, "delta": 0.004986}}
{"target": -1263.3766865003126, "params": {"gamma": 5.3803383685417385, "lr": 0.2942882172433129}, "datetime": {"datetime": "2024-06-13 22:26:41", "elapsed": 7.901306, "delta": 0.004987}}
{"target": -1036.6643929283425, "params": {"gamma": 3.0752313679559293, "lr": 0.024173672214832798}, "datetime": {"datetime": "2024-06-13 22:26:41", "elapsed": 7.906293, "delta": 0.004987}}
{"target": -977.6343566131413, "params": {"gamma": 4.204599737289876, "lr": 0.3236894136587639}, "datetime": {"datetime": "2024-06-13 22:26:41", "elapsed": 7.910282, "delta": 0.003989}}
{"target": -1667.2023406616408, "params": {"gamma": 6.1952817624864025, "lr": 0.8597630666919952}, "datetime": {"datetime": "2024-06-13 22:26:41", "elapsed": 7.915269, "delta": 0.004987}}
{"target": -1634.5164581776546, "params": {"gamma": 4.926911767488365, "lr": 0.0827082980318894}, "datetime": {"datetime": "2024-06-13 22:26:41", "elapsed": 7.920256, "delta": 0.004987}}
{"target": -2353.5627666960063, "params": {"gamma": 9.334871102884591, "lr": 0.8083269668547564}, "datetime": {"datetime": "2024-06-13 22:26:41", "elapsed": 7.925242, "delta": 0.004986}}
{"target": -853.3214974500438, "params": {"gamma": 3.6558227125345977, "lr": 0.3307289110251447}, "datetime": {"datetime": "2024-06-13 22:26:41", "elapsed": 7.929231, "delta": 0.003989}}
{"target": -2164.2624695832283, "params": {"gamma": 9.379402853367585, "lr": 0.37489434056111615}, "datetime": {"datetime": "2024-06-13 22:26:41", "elapsed": 7.934218, "delta": 0.004987}}
{"target": -1769.6943073090456, "params": {"gamma": 6.358386384013082, "lr": 0.9853443380985734}, "datetime": {"datetime": "2024-06-13 22:26:41", "elapsed": 7.939205, "delta": 0.004987}}
{"target": -166.66939898545547, "params": {"gamma": 0.36836090554034395, "lr": 0.3146309781487783}, "datetime": {"datetime": "2024-06-13 22:26:41", "elapsed": 7.944192, "delta": 0.004987}}
{"target": -662.1649672849968, "params": {"gamma": 2.313125983692789, "lr": 0.9223654191512636}, "datetime": {"datetime": "2024-06-13 22:26:41", "elapsed": 7.94918, "delta": 0.004988}}
{"target": -1823.5944825907102, "params": {"gamma": 5.511816168783595, "lr": 0.05371353840991677}, "datetime": {"datetime": "2024-06-13 22:26:41", "elapsed": 7.954165, "delta": 0.004985}}
{"target": -1789.4474989476546, "params": {"gamma": 7.552727246484496, "lr": 0.6840838213346168}, "datetime": {"datetime": "2024-06-13 22:26:41", "elapsed": 7.959152, "delta": 0.004987}}
{"target": -1842.2585242265247, "params": {"gamma": 6.622078860248277, "lr": 0.9557287749268826}, "datetime": {"datetime": "2024-06-13 22:26:41", "elapsed": 7.963141, "delta": 0.003989}}
{"target": -2178.007797645997, "params": {"gamma": 8.746141385554216, "lr": 0.7532514851657419}, "datetime": {"datetime": "2024-06-13 22:26:41", "elapsed": 7.968128, "delta": 0.004987}}
