{"target": -585.1157989980128, "params": {"gamma": 7.2884205045195944, "lr": 0.3523894424830367}, "datetime": {"datetime": "2024-06-13 19:33:54", "elapsed": 4.885752, "delta": 0.003988}}
{"target": -389.8429187731993, "params": {"gamma": 4.7919136483503735, "lr": 0.8140737533756652}, "datetime": {"datetime": "2024-06-13 19:33:54", "elapsed": 4.889742, "delta": 0.00399}}
{"target": -750.2438163376106, "params": {"gamma": 8.384190660883412, "lr": 0.3199167004179855}, "datetime": {"datetime": "2024-06-13 19:33:54", "elapsed": 4.893731, "delta": 0.003989}}
{"target": -143.42034872966764, "params": {"gamma": 0.043645919052664246, "lr": 0.046930843226232644}, "datetime": {"datetime": "2024-06-13 19:33:54", "elapsed": 4.898718, "delta": 0.004987}}
{"target": -732.6166591686895, "params": {"gamma": 7.378335968662237, "lr": 0.27263228107250803}, "datetime": {"datetime": "2024-06-13 19:33:54", "elapsed": 4.902707, "delta": 0.003989}}
{"target": -644.2187530374473, "params": {"gamma": 4.815376636054336, "lr": 0.1920312660311443}, "datetime": {"datetime": "2024-06-13 19:33:54", "elapsed": 4.906696, "delta": 0.003989}}
{"target": -653.5890357312887, "params": {"gamma": 8.471282047905861, "lr": 0.5033776096365531}, "datetime": {"datetime": "2024-06-13 19:33:54", "elapsed": 4.910685, "delta": 0.003989}}
{"target": -481.48766976781616, "params": {"gamma": 5.272074597046892, "lr": 0.28807958808575485}, "datetime": {"datetime": "2024-06-13 19:33:54", "elapsed": 4.914675, "delta": 0.00399}}
{"target": -1003.4053408045079, "params": {"gamma": 5.120480307408566, "lr": 0.0019636453825200295}, "datetime": {"datetime": "2024-06-13 19:33:54", "elapsed": 4.918664, "delta": 0.003989}}
{"target": -239.27738782195254, "params": {"gamma": 2.7736731083917574, "lr": 0.34876298353843593}, "datetime": {"datetime": "2024-06-13 19:33:54", "elapsed": 4.923651, "delta": 0.004987}}
{"target": -563.8635018976103, "params": {"gamma": 2.8402249120040706, "lr": 0.08595222757741783}, "datetime": {"datetime": "2024-06-13 19:33:54", "elapsed": 4.927641, "delta": 0.00399}}
{"target": -432.4941894241133, "params": {"gamma": 5.2182903111313514, "lr": 0.7884791333735152}, "datetime": {"datetime": "2024-06-13 19:33:54", "elapsed": 4.931631, "delta": 0.00399}}
{"target": -707.2806792220858, "params": {"gamma": 9.426041757646109, "lr": 0.49728979211666346}, "datetime": {"datetime": "2024-06-13 19:33:54", "elapsed": 4.936616, "delta": 0.004985}}
{"target": -538.8860379409412, "params": {"gamma": 5.93794482969608, "lr": 0.2908599378104706}, "datetime": {"datetime": "2024-06-13 19:33:54", "elapsed": 4.940605, "delta": 0.003989}}
{"target": -269.91951355928126, "params": {"gamma": 1.492445929692968, "lr": 0.13187169072844107}, "datetime": {"datetime": "2024-06-13 19:33:54", "elapsed": 4.944595, "delta": 0.00399}}
{"target": -610.5345030835072, "params": {"gamma": 7.323875397919708, "lr": 0.7344694353499344}, "datetime": {"datetime": "2024-06-13 19:33:54", "elapsed": 4.948584, "delta": 0.003989}}
{"target": -160.61447366120325, "params": {"gamma": 1.7943208163497153, "lr": 0.41356037977579185}, "datetime": {"datetime": "2024-06-13 19:33:54", "elapsed": 4.952574, "delta": 0.00399}}
{"target": -976.1589127534221, "params": {"gamma": 5.941849134587504, "lr": 0.12528194618614874}, "datetime": {"datetime": "2024-06-13 19:33:54", "elapsed": 4.95756, "delta": 0.004986}}
{"target": -657.477297028982, "params": {"gamma": 7.85390412973879, "lr": 0.619992203320239}, "datetime": {"datetime": "2024-06-13 19:33:54", "elapsed": 4.96155, "delta": 0.00399}}
{"target": -501.0135114849814, "params": {"gamma": 6.152601693393037, "lr": 0.7012080919186323}, "datetime": {"datetime": "2024-06-13 19:33:54", "elapsed": 4.965539, "delta": 0.003989}}
{"target": -759.9952893585172, "params": {"gamma": 9.871843637581678, "lr": 0.5623944559571782}, "datetime": {"datetime": "2024-06-13 19:33:54", "elapsed": 4.969528, "delta": 0.003989}}
{"target": -651.1828811354646, "params": {"gamma": 8.644298200721781, "lr": 0.4187086750571659}, "datetime": {"datetime": "2024-06-13 19:33:54", "elapsed": 4.973517, "delta": 0.003989}}
{"target": -559.9317020450836, "params": {"gamma": 6.545039042923117, "lr": 0.9252611878587662}, "datetime": {"datetime": "2024-06-13 19:33:54", "elapsed": 4.977507, "delta": 0.00399}}
{"target": -599.6535997307986, "params": {"gamma": 6.64184400562511, "lr": 0.3030806759430662}, "datetime": {"datetime": "2024-06-13 19:33:54", "elapsed": 4.982494, "delta": 0.004987}}
{"target": -500.90695033947884, "params": {"gamma": 6.199836992922438, "lr": 0.35131832035819255}, "datetime": {"datetime": "2024-06-13 19:33:54", "elapsed": 4.986483, "delta": 0.003989}}
{"target": -275.4998514268555, "params": {"gamma": 3.224344384669061, "lr": 0.6102050587463702}, "datetime": {"datetime": "2024-06-13 19:33:54", "elapsed": 4.990472, "delta": 0.003989}}
{"target": -142.9676754620055, "params": {"gamma": 1.6040719966518822, "lr": 0.4867389357577533}, "datetime": {"datetime": "2024-06-13 19:33:54", "elapsed": 4.994461, "delta": 0.003989}}
{"target": -753.0198272069864, "params": {"gamma": 9.456397215578926, "lr": 0.38391424197853796}, "datetime": {"datetime": "2024-06-13 19:33:54", "elapsed": 4.998451, "delta": 0.00399}}
{"target": -160.64912367955185, "params": {"gamma": 1.8904369698648686, "lr": 0.468838949642181}, "datetime": {"datetime": "2024-06-13 19:33:54", "elapsed": 5.003438, "delta": 0.004987}}
{"target": -679.7706809490635, "params": {"gamma": 8.409237406703872, "lr": 0.8426677225950326}, "datetime": {"datetime": "2024-06-13 19:33:54", "elapsed": 5.007427, "delta": 0.003989}}
{"target": -1615.6897232637787, "params": {"gamma": 8.278204591352763, "lr": 0.011475512605813365}, "datetime": {"datetime": "2024-06-13 19:33:54", "elapsed": 5.011416, "delta": 0.003989}}
{"target": -234.0125234501494, "params": {"gamma": 2.6711360589730235, "lr": 0.9998757875742624}, "datetime": {"datetime": "2024-06-13 19:33:54", "elapsed": 5.015406, "delta": 0.00399}}
{"target": -120.41776304825913, "params": {"gamma": 1.1977130886476726, "lr": 0.4900894960876333}, "datetime": {"datetime": "2024-06-13 19:33:54", "elapsed": 5.019395, "delta": 0.003989}}
{"target": -1491.962048958438, "params": {"gamma": 7.900471479876251, "lr": 0.12221391009385618}, "datetime": {"datetime": "2024-06-13 19:33:54", "elapsed": 5.024381, "delta": 0.004986}}
{"target": -500.17074273034916, "params": {"gamma": 6.624429397731788, "lr": 0.4880804455213241}, "datetime": {"datetime": "2024-06-13 19:33:54", "elapsed": 5.028371, "delta": 0.00399}}
{"target": -171.78654835774796, "params": {"gamma": 1.9437055308797813, "lr": 0.8786300265827204}, "datetime": {"datetime": "2024-06-13 19:33:54", "elapsed": 5.03236, "delta": 0.003989}}
{"target": -164.42913970994522, "params": {"gamma": 1.8156924881797458, "lr": 0.6390528592947753}, "datetime": {"datetime": "2024-06-13 19:33:54", "elapsed": 5.036349, "delta": 0.003989}}
{"target": -572.8786612987744, "params": {"gamma": 7.4085279551010945, "lr": 0.5626728865932282}, "datetime": {"datetime": "2024-06-13 19:33:54", "elapsed": 5.041336, "delta": 0.004987}}
{"target": -1190.6483724701436, "params": {"gamma": 6.288786844403314, "lr": 0.11896539662200445}, "datetime": {"datetime": "2024-06-13 19:33:54", "elapsed": 5.045326, "delta": 0.00399}}
{"target": -251.06704680158427, "params": {"gamma": 3.0810618335582585, "lr": 0.5869622072296792}, "datetime": {"datetime": "2024-06-13 19:33:54", "elapsed": 5.049315, "delta": 0.003989}}
{"target": -332.42891836439395, "params": {"gamma": 3.955241699358807, "lr": 0.6639460814328006}, "datetime": {"datetime": "2024-06-13 19:33:54", "elapsed": 5.054302, "delta": 0.004987}}
{"target": -1130.7636412681095, "params": {"gamma": 8.519694493398179, "lr": 0.19022208931218354}, "datetime": {"datetime": "2024-06-13 19:33:54", "elapsed": 5.058291, "delta": 0.003989}}
{"target": -720.2051924182744, "params": {"gamma": 9.032823736002479, "lr": 0.38317585043109326}, "datetime": {"datetime": "2024-06-13 19:33:54", "elapsed": 5.06228, "delta": 0.003989}}
{"target": -788.3648524030016, "params": {"gamma": 9.431300182951817, "lr": 0.6173823130249652}, "datetime": {"datetime": "2024-06-13 19:33:54", "elapsed": 5.066269, "delta": 0.003989}}
{"target": -610.2866768918094, "params": {"gamma": 7.901165115937855, "lr": 0.514775428373226}, "datetime": {"datetime": "2024-06-13 19:33:54", "elapsed": 5.071256, "delta": 0.004987}}
{"target": -484.918566153102, "params": {"gamma": 5.311915799238696, "lr": 0.3275938987659719}, "datetime": {"datetime": "2024-06-13 19:33:54", "elapsed": 5.075245, "delta": 0.003989}}
{"target": -137.5382549389104, "params": {"gamma": 1.2945177075663274, "lr": 0.3838219118604237}, "datetime": {"datetime": "2024-06-13 19:33:54", "elapsed": 5.079235, "delta": 0.00399}}
{"target": -433.1303973842298, "params": {"gamma": 2.1505498314359848, "lr": 0.03286525588191658}, "datetime": {"datetime": "2024-06-13 19:33:54", "elapsed": 5.083224, "delta": 0.003989}}
{"target": -376.2636142629684, "params": {"gamma": 2.7495934114227696, "lr": 0.18057605266685695}, "datetime": {"datetime": "2024-06-13 19:33:54", "elapsed": 5.088211, "delta": 0.004987}}
{"target": -1708.2656883648995, "params": {"gamma": 8.75542762006619, "lr": 0.08123656243140498}, "datetime": {"datetime": "2024-06-13 19:33:54", "elapsed": 5.0922, "delta": 0.003989}}
{"target": -161.5368349757243, "params": {"gamma": 1.8397720952197505, "lr": 0.7040306955363342}, "datetime": {"datetime": "2024-06-13 19:33:54", "elapsed": 5.096189, "delta": 0.003989}}
{"target": -906.7306682724898, "params": {"gamma": 9.192339684311714, "lr": 0.2514584522319341}, "datetime": {"datetime": "2024-06-13 19:33:54", "elapsed": 5.100179, "delta": 0.00399}}
{"target": -103.64184538762338, "params": {"gamma": 0.21399001348235436, "lr": 0.9605044727550998}, "datetime": {"datetime": "2024-06-13 19:33:54", "elapsed": 5.105166, "delta": 0.004987}}
{"target": -615.2611006362655, "params": {"gamma": 6.8225241840990325, "lr": 0.3106626960638559}, "datetime": {"datetime": "2024-06-13 19:33:54", "elapsed": 5.109155, "delta": 0.003989}}
{"target": -376.38063101678034, "params": {"gamma": 4.724262048710183, "lr": 0.5992558738787634}, "datetime": {"datetime": "2024-06-13 19:33:54", "elapsed": 5.113144, "delta": 0.003989}}
{"target": -315.1822775630545, "params": {"gamma": 3.7393118520813564, "lr": 0.874487796621177}, "datetime": {"datetime": "2024-06-13 19:33:54", "elapsed": 5.117134, "delta": 0.00399}}
{"target": -620.8188736149609, "params": {"gamma": 7.261999710487967, "lr": 0.9543407046242112}, "datetime": {"datetime": "2024-06-13 19:33:54", "elapsed": 5.121123, "delta": 0.003989}}
{"target": -303.5557344015194, "params": {"gamma": 3.5113041629592687, "lr": 0.9371740887217811}, "datetime": {"datetime": "2024-06-13 19:33:54", "elapsed": 5.126109, "delta": 0.004986}}
{"target": -400.4036551739509, "params": {"gamma": 4.791526641683215, "lr": 0.6423226386484714}, "datetime": {"datetime": "2024-06-13 19:33:54", "elapsed": 5.130099, "delta": 0.00399}}
{"target": -596.5902545158156, "params": {"gamma": 7.36673540034412, "lr": 0.8093379690056801}, "datetime": {"datetime": "2024-06-13 19:33:54", "elapsed": 5.134088, "delta": 0.003989}}
{"target": -304.7811011486567, "params": {"gamma": 3.963197413459656, "lr": 0.44794597851477114}, "datetime": {"datetime": "2024-06-13 19:33:54", "elapsed": 5.138078, "delta": 0.00399}}
{"target": -663.5136305924401, "params": {"gamma": 8.172952984101395, "lr": 0.7175572030909549}, "datetime": {"datetime": "2024-06-13 19:33:54", "elapsed": 5.143064, "delta": 0.004986}}
{"target": -803.214231937575, "params": {"gamma": 9.408551244537064, "lr": 0.9795978714178412}, "datetime": {"datetime": "2024-06-13 19:33:54", "elapsed": 5.147054, "delta": 0.00399}}
{"target": -302.1192000801852, "params": {"gamma": 1.7899544503221003, "lr": 0.2279194118127552}, "datetime": {"datetime": "2024-06-13 19:33:54", "elapsed": 5.151043, "delta": 0.003989}}
{"target": -597.0358813270169, "params": {"gamma": 7.16014848634319, "lr": 0.7473827346542434}, "datetime": {"datetime": "2024-06-13 19:33:54", "elapsed": 5.155032, "delta": 0.003989}}
{"target": -504.33894444450823, "params": {"gamma": 6.032192362771022, "lr": 0.8772997642215113}, "datetime": {"datetime": "2024-06-13 19:33:54", "elapsed": 5.160019, "delta": 0.004987}}
{"target": -220.71968871557047, "params": {"gamma": 2.5206526306452743, "lr": 0.3394873942967924}, "datetime": {"datetime": "2024-06-13 19:33:54", "elapsed": 5.164008, "delta": 0.003989}}
{"target": -453.51383026131305, "params": {"gamma": 4.946973834220983, "lr": 0.31502708896856757}, "datetime": {"datetime": "2024-06-13 19:33:54", "elapsed": 5.167997, "delta": 0.003989}}
{"target": -444.97522543493375, "params": {"gamma": 5.454845454328703, "lr": 0.6824780792979444}, "datetime": {"datetime": "2024-06-13 19:33:54", "elapsed": 5.171987, "delta": 0.00399}}
{"target": -181.08176647266617, "params": {"gamma": 2.2044486446357947, "lr": 0.48533745396838057}, "datetime": {"datetime": "2024-06-13 19:33:54", "elapsed": 5.175976, "delta": 0.003989}}
{"target": -883.9064188942858, "params": {"gamma": 9.929820595017146, "lr": 0.3241613031812349}, "datetime": {"datetime": "2024-06-13 19:33:54", "elapsed": 5.180962, "delta": 0.004986}}
{"target": -93.76232663875764, "params": {"gamma": 0.35458383299364826, "lr": 0.8173517292840132}, "datetime": {"datetime": "2024-06-13 19:33:54", "elapsed": 5.184952, "delta": 0.00399}}
{"target": -986.5734097234395, "params": {"gamma": 5.033564529213024, "lr": 0.052783856118570505}, "datetime": {"datetime": "2024-06-13 19:33:54", "elapsed": 5.188942, "delta": 0.00399}}
{"target": -670.0731234788922, "params": {"gamma": 8.903159967215188, "lr": 0.4045143799803578}, "datetime": {"datetime": "2024-06-13 19:33:54", "elapsed": 5.192931, "delta": 0.003989}}
{"target": -698.5088385280142, "params": {"gamma": 9.292802548221829, "lr": 0.40207817380056154}, "datetime": {"datetime": "2024-06-13 19:33:54", "elapsed": 5.19692, "delta": 0.003989}}
{"target": -161.15782899872377, "params": {"gamma": 0.7692460154620339, "lr": 0.2453011441199927}, "datetime": {"datetime": "2024-06-13 19:33:54", "elapsed": 5.201907, "delta": 0.004987}}
{"target": -293.1457894257942, "params": {"gamma": 3.503254796566321, "lr": 0.7507282923552251}, "datetime": {"datetime": "2024-06-13 19:33:54", "elapsed": 5.205896, "delta": 0.003989}}
{"target": -162.20188490879713, "params": {"gamma": 1.8482967753404873, "lr": 0.4309736537258744}, "datetime": {"datetime": "2024-06-13 19:33:54", "elapsed": 5.209885, "delta": 0.003989}}
{"target": -673.4384403097066, "params": {"gamma": 8.732580952739871, "lr": 0.5337610913727832}, "datetime": {"datetime": "2024-06-13 19:33:54", "elapsed": 5.213875, "delta": 0.00399}}
{"target": -230.28465772281552, "params": {"gamma": 1.0324440427708175, "lr": 0.024522487054632225}, "datetime": {"datetime": "2024-06-13 19:33:54", "elapsed": 5.218861, "delta": 0.004986}}
{"target": -603.5247296839714, "params": {"gamma": 7.058392201809326, "lr": 0.979127490958217}, "datetime": {"datetime": "2024-06-13 19:33:54", "elapsed": 5.222851, "delta": 0.00399}}
{"target": -648.0865677974525, "params": {"gamma": 7.851867464260117, "lr": 0.7647261968454175}, "datetime": {"datetime": "2024-06-13 19:33:54", "elapsed": 5.22684, "delta": 0.003989}}
{"target": -558.2009727404051, "params": {"gamma": 6.754799709264521, "lr": 0.7955027102986651}, "datetime": {"datetime": "2024-06-13 19:33:54", "elapsed": 5.23083, "delta": 0.00399}}
{"target": -116.24580022948018, "params": {"gamma": 0.40113783894076427, "lr": 0.264681631716854}, "datetime": {"datetime": "2024-06-13 19:33:54", "elapsed": 5.235816, "delta": 0.004986}}
{"target": -580.7747773026236, "params": {"gamma": 6.9542799621795535, "lr": 0.8669883296077439}, "datetime": {"datetime": "2024-06-13 19:33:54", "elapsed": 5.239805, "delta": 0.003989}}
{"target": -897.6559523843107, "params": {"gamma": 6.746394111296426, "lr": 0.17627612798343162}, "datetime": {"datetime": "2024-06-13 19:33:54", "elapsed": 5.243795, "delta": 0.00399}}
{"target": -780.6292640498266, "params": {"gamma": 9.363148290996985, "lr": 0.9033787001108529}, "datetime": {"datetime": "2024-06-13 19:33:54", "elapsed": 5.247784, "delta": 0.003989}}
{"target": -154.90750033919971, "params": {"gamma": 0.8677009826349238, "lr": 0.193000037574253}, "datetime": {"datetime": "2024-06-13 19:33:54", "elapsed": 5.251774, "delta": 0.00399}}
{"target": -236.30075418379818, "params": {"gamma": 2.7526551130746566, "lr": 0.7384118706046068}, "datetime": {"datetime": "2024-06-13 19:33:54", "elapsed": 5.25676, "delta": 0.004986}}
{"target": -675.7522641535893, "params": {"gamma": 8.59387390968027, "lr": 0.5783223874515512}, "datetime": {"datetime": "2024-06-13 19:33:54", "elapsed": 5.261256, "delta": 0.004496}}
{"target": -173.6802042203803, "params": {"gamma": 1.9972560609459706, "lr": 0.41508988762136245}, "datetime": {"datetime": "2024-06-13 19:33:54", "elapsed": 5.265245, "delta": 0.003989}}
{"target": -133.02539651415995, "params": {"gamma": 1.3794541434408072, "lr": 0.9173961868584244}, "datetime": {"datetime": "2024-06-13 19:33:54", "elapsed": 5.269234, "delta": 0.003989}}
{"target": -590.8750219850526, "params": {"gamma": 7.645544873164326, "lr": 0.5102138338060775}, "datetime": {"datetime": "2024-06-13 19:33:54", "elapsed": 5.273224, "delta": 0.00399}}
{"target": -890.3331754998694, "params": {"gamma": 4.536296856665209, "lr": 0.0978420783455699}, "datetime": {"datetime": "2024-06-13 19:33:54", "elapsed": 5.27821, "delta": 0.004986}}
{"target": -612.5643206640406, "params": {"gamma": 3.1874348876469725, "lr": 0.12063279535739646}, "datetime": {"datetime": "2024-06-13 19:33:54", "elapsed": 5.2822, "delta": 0.00399}}
{"target": -604.3960237032968, "params": {"gamma": 7.823598295559239, "lr": 0.5448837066761946}, "datetime": {"datetime": "2024-06-13 19:33:54", "elapsed": 5.286189, "delta": 0.003989}}
{"target": -375.77881008442614, "params": {"gamma": 2.2735465367701733, "lr": 0.22420283925593631}, "datetime": {"datetime": "2024-06-13 19:33:54", "elapsed": 5.291175, "delta": 0.004986}}
{"target": -255.16726356256925, "params": {"gamma": 2.6047215769603396, "lr": 0.308872752316256}, "datetime": {"datetime": "2024-06-13 19:33:54", "elapsed": 5.295165, "delta": 0.00399}}
{"target": -361.9507190281255, "params": {"gamma": 3.8776636126823174, "lr": 0.29754893237723723}, "datetime": {"datetime": "2024-06-13 19:33:54", "elapsed": 5.299154, "delta": 0.003989}}
{"target": -1328.166178440934, "params": {"gamma": 6.795879389436971, "lr": 0.03507361930507891}, "datetime": {"datetime": "2024-06-13 19:33:54", "elapsed": 5.303144, "delta": 0.00399}}
{"target": -278.8145241955866, "params": {"gamma": 3.2817750389987497, "lr": 0.7452918728580155}, "datetime": {"datetime": "2024-06-13 19:33:54", "elapsed": 5.308131, "delta": 0.004987}}
{"target": -762.461092880781, "params": {"gamma": 9.428137042767773, "lr": 0.8027325501575512}, "datetime": {"datetime": "2024-06-13 19:33:54", "elapsed": 5.31212, "delta": 0.003989}}
{"target": -396.7156494890511, "params": {"gamma": 2.4090212695059683, "lr": 0.2329154683838317}, "datetime": {"datetime": "2024-06-13 19:33:54", "elapsed": 5.316109, "delta": 0.003989}}
{"target": -168.78140374883588, "params": {"gamma": 1.904177610377174, "lr": 0.8824975348586093}, "datetime": {"datetime": "2024-06-13 19:33:54", "elapsed": 5.320099, "delta": 0.00399}}
{"target": -203.92190714740767, "params": {"gamma": 2.3793190167249576, "lr": 0.7581806234131274}, "datetime": {"datetime": "2024-06-13 19:33:54", "elapsed": 5.325085, "delta": 0.004986}}
{"target": -520.2369679276088, "params": {"gamma": 2.611236264315461, "lr": 0.03308184340751563}, "datetime": {"datetime": "2024-06-13 19:33:54", "elapsed": 5.329074, "delta": 0.003989}}
{"target": -596.0712019114964, "params": {"gamma": 7.334743552987591, "lr": 0.7262018097952009}, "datetime": {"datetime": "2024-06-13 19:33:54", "elapsed": 5.333064, "delta": 0.00399}}
{"target": -129.5277507946056, "params": {"gamma": 0.8905021504995737, "lr": 0.3267012579296016}, "datetime": {"datetime": "2024-06-13 19:33:54", "elapsed": 5.337054, "delta": 0.00399}}
{"target": -1342.1697214146545, "params": {"gamma": 9.483704536600037, "lr": 0.16294899858218448}, "datetime": {"datetime": "2024-06-13 19:33:54", "elapsed": 5.34204, "delta": 0.004986}}
{"target": -103.85160089869788, "params": {"gamma": 0.8676380540564483, "lr": 0.5946038881116259}, "datetime": {"datetime": "2024-06-13 19:33:54", "elapsed": 5.346029, "delta": 0.003989}}
{"target": -1518.3168079785978, "params": {"gamma": 9.309967663594373, "lr": 0.1337783077430914}, "datetime": {"datetime": "2024-06-13 19:33:54", "elapsed": 5.350018, "delta": 0.003989}}
{"target": -418.9678983739721, "params": {"gamma": 5.130609924306518, "lr": 0.6839992141169576}, "datetime": {"datetime": "2024-06-13 19:33:54", "elapsed": 5.355005, "delta": 0.004987}}
{"target": -352.77616988477035, "params": {"gamma": 1.7191257663086643, "lr": 0.011259893492189477}, "datetime": {"datetime": "2024-06-13 19:33:54", "elapsed": 5.358994, "delta": 0.003989}}
{"target": -1731.8388006397606, "params": {"gamma": 8.876943621666769, "lr": 0.035231270653359514}, "datetime": {"datetime": "2024-06-13 19:33:54", "elapsed": 5.363233, "delta": 0.004239}}
{"target": -222.2343886877916, "params": {"gamma": 2.575325379792938, "lr": 0.6516840317406685}, "datetime": {"datetime": "2024-06-13 19:33:54", "elapsed": 5.367222, "delta": 0.003989}}
{"target": -567.3609152472545, "params": {"gamma": 2.8585435506242662, "lr": 0.009707596574816568}, "datetime": {"datetime": "2024-06-13 19:33:54", "elapsed": 5.372254, "delta": 0.005032}}
{"target": -523.1005401756914, "params": {"gamma": 5.754942892815359, "lr": 0.30779227833471057}, "datetime": {"datetime": "2024-06-13 19:33:54", "elapsed": 5.377239, "delta": 0.004985}}
