{"target": -302.5737883113892, "params": {"gamma": 5.5889624922088075, "prior": 2.626743526039231, "rate": 5.1791698014639245}, "datetime": {"datetime": "2024-06-14 10:30:39", "elapsed": 14.449082, "delta": 0.009976}}
{"target": -504.64860139165705, "params": {"gamma": 9.297580185091476, "prior": 1.9346601105112133, "rate": 7.342339864091912}, "datetime": {"datetime": "2024-06-14 10:30:39", "elapsed": 14.459055, "delta": 0.009973}}
{"target": -435.52444492432807, "params": {"gamma": 8.72195678460364, "prior": 6.72761646306554, "rate": 2.0377529908899317}, "datetime": {"datetime": "2024-06-14 10:30:39", "elapsed": 14.469029, "delta": 0.009974}}
{"target": -155.95106724420438, "params": {"gamma": 1.2925307977203897, "prior": 5.198826614589597, "rate": 1.3039515035572151}, "datetime": {"datetime": "2024-06-14 10:30:39", "elapsed": 14.478005, "delta": 0.008976}}
{"target": -412.9324595834779, "params": {"gamma": 8.257174308347446, "prior": 5.284080834265936, "rate": 2.9149454507613863}, "datetime": {"datetime": "2024-06-14 10:30:39", "elapsed": 14.488976, "delta": 0.010971}}
{"target": -308.5042512095344, "params": {"gamma": 5.681699207758667, "prior": 2.6803100664115536, "rate": 5.845117576613796}, "datetime": {"datetime": "2024-06-14 10:30:39", "elapsed": 14.498949, "delta": 0.009973}}
{"target": -170.96546900430567, "params": {"gamma": 2.32199215010331, "prior": 2.268615316993386, "rate": 5.185542309916678}, "datetime": {"datetime": "2024-06-14 10:30:39", "elapsed": 14.508922, "delta": 0.009973}}
{"target": -428.4300533432374, "params": {"gamma": 8.35432241661817, "prior": 6.483230627566245, "rate": 0.9428132212047013}, "datetime": {"datetime": "2024-06-14 10:30:39", "elapsed": 14.518896, "delta": 0.009974}}
{"target": -150.15758216968834, "params": {"gamma": 1.3415491851440944, "prior": 3.963975898564573, "rate": 3.1963273640149286}, "datetime": {"datetime": "2024-06-14 10:30:39", "elapsed": 14.529866, "delta": 0.01097}}
{"target": -467.7599100429498, "params": {"gamma": 8.912314797811076, "prior": 8.92378573099424, "rate": 0.2992111861366949}, "datetime": {"datetime": "2024-06-14 10:30:39", "elapsed": 14.539839, "delta": 0.009973}}
{"target": -171.18243025324998, "params": {"gamma": 2.1060088559719117, "prior": 3.9446918559051225, "rate": 1.7645710751045083}, "datetime": {"datetime": "2024-06-14 10:30:39", "elapsed": 14.549813, "delta": 0.009974}}
{"target": -498.0688959017299, "params": {"gamma": 9.186944713043502, "prior": 1.9770256796040655, "rate": 7.3401256292133965}, "datetime": {"datetime": "2024-06-14 10:30:39", "elapsed": 14.559786, "delta": 0.009973}}
{"target": -490.74110164054275, "params": {"gamma": 9.569199419728829, "prior": 4.829408647933721, "rate": 8.142378714413438}, "datetime": {"datetime": "2024-06-14 10:30:39", "elapsed": 14.56976, "delta": 0.009974}}
{"target": -241.31326510711517, "params": {"gamma": 4.282765599393484, "prior": 8.153147623700525, "rate": 7.6172232645805815}, "datetime": {"datetime": "2024-06-14 10:30:39", "elapsed": 14.579733, "delta": 0.009973}}
{"target": -501.05096222060536, "params": {"gamma": 9.596076873702136, "prior": 3.432340065789796, "rate": 7.666177450236105}, "datetime": {"datetime": "2024-06-14 10:30:39", "elapsed": 14.589706, "delta": 0.009973}}
{"target": -461.62245478390025, "params": {"gamma": 9.216256420526488, "prior": 8.12663966088829, "rate": 8.143560581729513}, "datetime": {"datetime": "2024-06-14 10:30:39", "elapsed": 14.598682, "delta": 0.008976}}
{"target": -482.8079525545546, "params": {"gamma": 9.483034089579148, "prior": 2.9777607367995413, "rate": 4.402025448023279}, "datetime": {"datetime": "2024-06-14 10:30:39", "elapsed": 14.609653, "delta": 0.010971}}
{"target": -149.99844506406632, "params": {"gamma": 1.0614689514075122, "prior": 8.785093022870859, "rate": 3.4376495800562545}, "datetime": {"datetime": "2024-06-14 10:30:39", "elapsed": 14.619626, "delta": 0.009973}}
{"target": -464.90764687368494, "params": {"gamma": 9.052543557612724, "prior": 2.118189958793863, "rate": 3.49670854682447}, "datetime": {"datetime": "2024-06-14 10:30:39", "elapsed": 14.629629, "delta": 0.010003}}
{"target": -353.68408524218705, "params": {"gamma": 6.905103296395332, "prior": 9.234794588551267, "rate": 6.879772184061891}, "datetime": {"datetime": "2024-06-14 10:30:39", "elapsed": 14.639573, "delta": 0.009944}}
{"target": -225.68218042972558, "params": {"gamma": 3.4015950863695554, "prior": 0.49643025309015587, "rate": 3.3181754241303745}, "datetime": {"datetime": "2024-06-14 10:30:39", "elapsed": 14.650544, "delta": 0.010971}}
{"target": -261.3287234054594, "params": {"gamma": 4.762134435981242, "prior": 7.330961340576835, "rate": 8.936392304537144}, "datetime": {"datetime": "2024-06-14 10:30:39", "elapsed": 14.659519, "delta": 0.008975}}
{"target": -144.28408242239706, "params": {"gamma": 0.06408410135224346, "prior": 0.8596711762344525, "rate": 2.818623672892344}, "datetime": {"datetime": "2024-06-14 10:30:39", "elapsed": 14.67049, "delta": 0.010971}}
{"target": -286.37997403545177, "params": {"gamma": 5.356653678219738, "prior": 5.404277422789192, "rate": 4.25320952977812}, "datetime": {"datetime": "2024-06-14 10:30:39", "elapsed": 14.680465, "delta": 0.009975}}
{"target": -445.62397113841826, "params": {"gamma": 8.836490541785956, "prior": 7.300785245839415, "rate": 1.360477671934808}, "datetime": {"datetime": "2024-06-14 10:30:39", "elapsed": 14.690437, "delta": 0.009972}}
{"target": -174.17937455044932, "params": {"gamma": 2.3521283159904485, "prior": 5.10252796959535, "rate": 3.625823024683793}, "datetime": {"datetime": "2024-06-14 10:30:39", "elapsed": 14.70041, "delta": 0.009973}}
{"target": -425.4339984625518, "params": {"gamma": 8.086391818387844, "prior": 4.251421809439748, "rate": 9.41168440870445}, "datetime": {"datetime": "2024-06-14 10:30:39", "elapsed": 14.710383, "delta": 0.009973}}
{"target": -156.77113741344863, "params": {"gamma": 1.8253827869110664, "prior": 4.879596033761096, "rate": 8.942579468503189}, "datetime": {"datetime": "2024-06-14 10:30:39", "elapsed": 14.720357, "delta": 0.009974}}
{"target": -143.8563898102122, "params": {"gamma": 0.6582946776379386, "prior": 2.8643934665653927, "rate": 2.0285264812184285}, "datetime": {"datetime": "2024-06-14 10:30:39", "elapsed": 14.73033, "delta": 0.009973}}
{"target": -507.788673837694, "params": {"gamma": 9.848142780102968, "prior": 4.737692189034398, "rate": 8.881823309179376}, "datetime": {"datetime": "2024-06-14 10:30:39", "elapsed": 14.740304, "delta": 0.009974}}
{"target": -458.3765162567417, "params": {"gamma": 8.539400167342631, "prior": 1.1292889740891987, "rate": 3.500085683547541}, "datetime": {"datetime": "2024-06-14 10:30:39", "elapsed": 14.749282, "delta": 0.008978}}
{"target": -269.8592265232652, "params": {"gamma": 4.967458463909608, "prior": 8.801060937259923, "rate": 9.818558826019503}, "datetime": {"datetime": "2024-06-14 10:30:39", "elapsed": 14.759255, "delta": 0.009973}}
{"target": -205.48127688407496, "params": {"gamma": 3.370152344242372, "prior": 7.8412910908400715, "rate": 8.587314644739731}, "datetime": {"datetime": "2024-06-14 10:30:39", "elapsed": 14.769229, "delta": 0.009974}}
{"target": -189.98182250597745, "params": {"gamma": 2.8132116645345953, "prior": 2.0693816102392013, "rate": 6.46649017792085}, "datetime": {"datetime": "2024-06-14 10:30:39", "elapsed": 14.779202, "delta": 0.009973}}
{"target": -322.58817693172455, "params": {"gamma": 5.641829191069348, "prior": 1.630298027663653, "rate": 7.421983140023526}, "datetime": {"datetime": "2024-06-14 10:30:39", "elapsed": 14.789175, "delta": 0.009973}}
{"target": -243.01519753940713, "params": {"gamma": 3.6015667876147712, "prior": 6.08627280178168, "rate": 0.06592323285271869}, "datetime": {"datetime": "2024-06-14 10:30:39", "elapsed": 14.798151, "delta": 0.008976}}
{"target": -312.1042667554216, "params": {"gamma": 5.905563148843087, "prior": 7.360917509441076, "rate": 3.457397702569941}, "datetime": {"datetime": "2024-06-14 10:30:39", "elapsed": 14.808125, "delta": 0.009974}}
{"target": -386.2854352120862, "params": {"gamma": 7.593538905555558, "prior": 4.327004199431187, "rate": 4.2325773823623205}, "datetime": {"datetime": "2024-06-14 10:30:39", "elapsed": 14.818098, "delta": 0.009973}}
{"target": -191.78032104158365, "params": {"gamma": 2.994227023324736, "prior": 7.436483296398663, "rate": 9.17093155390691}, "datetime": {"datetime": "2024-06-14 10:30:39", "elapsed": 14.82794, "delta": 0.009842}}
{"target": -247.79402443510372, "params": {"gamma": 4.431569286643207, "prior": 9.87114802409179, "rate": 7.995077879366126}, "datetime": {"datetime": "2024-06-14 10:30:39", "elapsed": 14.837913, "delta": 0.009973}}
{"target": -196.00202928429428, "params": {"gamma": 3.1130412574876014, "prior": 2.407742452022888, "rate": 3.5900011043724316}, "datetime": {"datetime": "2024-06-14 10:30:39", "elapsed": 14.847395, "delta": 0.009482}}
{"target": -231.91157750005246, "params": {"gamma": 4.047288190987675, "prior": 5.009393075339859, "rate": 7.015635889608674}, "datetime": {"datetime": "2024-06-14 10:30:39", "elapsed": 14.858366, "delta": 0.010971}}
{"target": -478.219105257745, "params": {"gamma": 8.410142349236114, "prior": 0.6848328152847544, "rate": 4.531267048059634}, "datetime": {"datetime": "2024-06-14 10:30:39", "elapsed": 14.868339, "delta": 0.009973}}
{"target": -241.10027676201182, "params": {"gamma": 4.276131343403098, "prior": 4.29792090355555, "rate": 5.637207208839824}, "datetime": {"datetime": "2024-06-14 10:30:39", "elapsed": 14.877315, "delta": 0.008976}}
{"target": -499.0448844530368, "params": {"gamma": 9.3980782998847, "prior": 3.3701820193455276, "rate": 9.489732453291571}, "datetime": {"datetime": "2024-06-14 10:30:39", "elapsed": 14.887878, "delta": 0.010563}}
{"target": -174.25347783043264, "params": {"gamma": 2.4595966948386168, "prior": 5.529209774430184, "rate": 7.134294959360631}, "datetime": {"datetime": "2024-06-14 10:30:39", "elapsed": 14.897849, "delta": 0.009971}}
{"target": -446.156522558197, "params": {"gamma": 8.806336338229208, "prior": 7.838817028821818, "rate": 9.657646828616505}, "datetime": {"datetime": "2024-06-14 10:30:40", "elapsed": 14.906825, "delta": 0.008976}}
{"target": -293.1782827193794, "params": {"gamma": 5.511879884156932, "prior": 9.063720741650819, "rate": 6.547188885206358}, "datetime": {"datetime": "2024-06-14 10:30:40", "elapsed": 14.916799, "delta": 0.009974}}
{"target": -169.11907542524634, "params": {"gamma": 1.6909319518823145, "prior": 0.4035410799066549, "rate": 7.608044237084763}, "datetime": {"datetime": "2024-06-14 10:30:40", "elapsed": 14.926772, "delta": 0.009973}}
{"target": -351.0936789219553, "params": {"gamma": 6.776523100769331, "prior": 2.9543033032339645, "rate": 1.061060113331068}, "datetime": {"datetime": "2024-06-14 10:30:40", "elapsed": 14.936745, "delta": 0.009973}}
{"target": -353.22656738169724, "params": {"gamma": 6.894912753981151, "prior": 7.519579902429176, "rate": 5.583261815945312}, "datetime": {"datetime": "2024-06-14 10:30:40", "elapsed": 14.946294, "delta": 0.009549}}
{"target": -354.1527574009216, "params": {"gamma": 6.6527083965787845, "prior": 4.10020372138982, "rate": 8.661009108350234}, "datetime": {"datetime": "2024-06-14 10:30:40", "elapsed": 14.95726, "delta": 0.010966}}
{"target": -284.93612411787814, "params": {"gamma": 5.3244804162311095, "prior": 8.95890809663211, "rate": 7.397355841077811}, "datetime": {"datetime": "2024-06-14 10:30:40", "elapsed": 14.967233, "delta": 0.009973}}
{"target": -281.5624563183806, "params": {"gamma": 5.229495878098283, "prior": 7.224605596526511, "rate": 8.867573377717738}, "datetime": {"datetime": "2024-06-14 10:30:40", "elapsed": 14.977206, "delta": 0.009973}}
{"target": -159.8397308137208, "params": {"gamma": 1.9459183399439965, "prior": 4.355070012521711, "rate": 8.593650736304962}, "datetime": {"datetime": "2024-06-14 10:30:40", "elapsed": 14.987179, "delta": 0.009973}}
{"target": -141.0975695654581, "params": {"gamma": 0.30593315470351806, "prior": 1.417513603339808, "rate": 4.0540634531511355}, "datetime": {"datetime": "2024-06-14 10:30:40", "elapsed": 14.997152, "delta": 0.009973}}
{"target": -144.8201665426797, "params": {"gamma": 1.1244776218587826, "prior": 7.288904924237335, "rate": 9.74812518591709}, "datetime": {"datetime": "2024-06-14 10:30:40", "elapsed": 15.007126, "delta": 0.009974}}
{"target": -284.2286261940239, "params": {"gamma": 4.891176585226112, "prior": 9.606648176679078, "rate": 1.3585554114606393}, "datetime": {"datetime": "2024-06-14 10:30:40", "elapsed": 15.017099, "delta": 0.009973}}
{"target": -362.94346734441837, "params": {"gamma": 7.004733804599716, "prior": 5.8702973117927115, "rate": 7.917543891275795}, "datetime": {"datetime": "2024-06-14 10:30:40", "elapsed": 15.027072, "delta": 0.009973}}
{"target": -290.51444135214945, "params": {"gamma": 5.377468422835572, "prior": 9.80093869090961, "rate": 4.397088163352406}, "datetime": {"datetime": "2024-06-14 10:30:40", "elapsed": 15.037045, "delta": 0.009973}}
{"target": -467.73535240291915, "params": {"gamma": 9.502773262661462, "prior": 9.190957370002844, "rate": 4.2392728592820275}, "datetime": {"datetime": "2024-06-14 10:30:40", "elapsed": 15.046531, "delta": 0.009486}}
{"target": -276.89009396244955, "params": {"gamma": 4.105808538326242, "prior": 0.2974759465557887, "rate": 4.485492635920682}, "datetime": {"datetime": "2024-06-14 10:30:40", "elapsed": 15.056501, "delta": 0.00997}}
{"target": -163.48621661607447, "params": {"gamma": 1.9949007104567833, "prior": 3.4256637772910272, "rate": 2.8258754102309727}, "datetime": {"datetime": "2024-06-14 10:30:40", "elapsed": 15.066474, "delta": 0.009973}}
{"target": -348.87355156132463, "params": {"gamma": 6.702309477116513, "prior": 4.457718385964588, "rate": 6.002889962165791}, "datetime": {"datetime": "2024-06-14 10:30:40", "elapsed": 15.076447, "delta": 0.009973}}
{"target": -421.71171683766426, "params": {"gamma": 8.435340806411245, "prior": 8.344442848168343, "rate": 5.855987869562886}, "datetime": {"datetime": "2024-06-14 10:30:40", "elapsed": 15.08642, "delta": 0.009973}}
{"target": -262.2318684490321, "params": {"gamma": 4.405923932616606, "prior": 4.064061545938616, "rate": 0.7122002336399037}, "datetime": {"datetime": "2024-06-14 10:30:40", "elapsed": 15.095396, "delta": 0.008976}}
{"target": -260.9804336337835, "params": {"gamma": 4.674352425274426, "prior": 4.090123873148685, "rate": 2.0161053969500373}, "datetime": {"datetime": "2024-06-14 10:30:40", "elapsed": 15.10537, "delta": 0.009974}}
{"target": -411.597012690744, "params": {"gamma": 8.027446895117734, "prior": 7.011664981432901, "rate": 9.754105729983317}, "datetime": {"datetime": "2024-06-14 10:30:40", "elapsed": 15.115343, "delta": 0.009973}}
{"target": -223.95897175227972, "params": {"gamma": 3.8557726961887338, "prior": 4.227583085286738, "rate": 5.197829460123607}, "datetime": {"datetime": "2024-06-14 10:30:40", "elapsed": 15.125317, "delta": 0.009974}}
{"target": -211.99869200796837, "params": {"gamma": 3.5335312774873016, "prior": 5.497942769513592, "rate": 8.897635664817782}, "datetime": {"datetime": "2024-06-14 10:30:40", "elapsed": 15.135319, "delta": 0.010002}}
{"target": -401.0035517449896, "params": {"gamma": 7.305463347346481, "prior": 2.144468303025567, "rate": 8.001728642806308}, "datetime": {"datetime": "2024-06-14 10:30:40", "elapsed": 15.145263, "delta": 0.009944}}
{"target": -400.58137212502777, "params": {"gamma": 7.953285322327399, "prior": 8.011000507978151, "rate": 3.168709736973412}, "datetime": {"datetime": "2024-06-14 10:30:40", "elapsed": 15.154745, "delta": 0.009482}}
{"target": -332.07579198780286, "params": {"gamma": 6.129902255734795, "prior": 6.557680721273064, "rate": 1.203129814105274}, "datetime": {"datetime": "2024-06-14 10:30:40", "elapsed": 15.164718, "delta": 0.009973}}
{"target": -474.5320128770852, "params": {"gamma": 9.1868342285534, "prior": 3.7445441578197576, "rate": 6.884078859625151}, "datetime": {"datetime": "2024-06-14 10:30:40", "elapsed": 15.174691, "delta": 0.009973}}
{"target": -471.47394542364464, "params": {"gamma": 9.283455455258283, "prior": 6.781234415399158, "rate": 9.38483564986149}, "datetime": {"datetime": "2024-06-14 10:30:40", "elapsed": 15.184665, "delta": 0.009974}}
{"target": -387.51243361857723, "params": {"gamma": 6.991377462572233, "prior": 1.7914931567760517, "rate": 7.289326185240949}, "datetime": {"datetime": "2024-06-14 10:30:40", "elapsed": 15.194638, "delta": 0.009973}}
{"target": -236.59945269295602, "params": {"gamma": 4.05779575275768, "prior": 3.2538756044600095, "rate": 7.806682064739028}, "datetime": {"datetime": "2024-06-14 10:30:40", "elapsed": 15.204611, "delta": 0.009973}}
{"target": -404.4462401181549, "params": {"gamma": 7.905100864498175, "prior": 9.495216479998318, "rate": 2.032649766796406}, "datetime": {"datetime": "2024-06-14 10:30:40", "elapsed": 15.213587, "delta": 0.008976}}
{"target": -285.6581473365211, "params": {"gamma": 5.32711064694857, "prior": 7.744012340448712, "rate": 5.163972338729523}, "datetime": {"datetime": "2024-06-14 10:30:40", "elapsed": 15.22356, "delta": 0.009973}}
{"target": -170.79266741168334, "params": {"gamma": 2.2886357530249133, "prior": 9.95337388401892, "rate": 8.893309115794231}, "datetime": {"datetime": "2024-06-14 10:30:40", "elapsed": 15.233562, "delta": 0.010002}}
{"target": -307.7637442707332, "params": {"gamma": 5.77185622802849, "prior": 5.426673287750362, "rate": 8.39992120466477}, "datetime": {"datetime": "2024-06-14 10:30:40", "elapsed": 15.243507, "delta": 0.009945}}
{"target": -452.1881761573424, "params": {"gamma": 9.146425179600218, "prior": 8.213895021249606, "rate": 4.3286649457508}, "datetime": {"datetime": "2024-06-14 10:30:40", "elapsed": 15.252989, "delta": 0.009482}}
{"target": -450.11982910571385, "params": {"gamma": 8.556375691660442, "prior": 2.333492784740386, "rate": 5.405620154121501}, "datetime": {"datetime": "2024-06-14 10:30:40", "elapsed": 15.262962, "delta": 0.009973}}
{"target": -197.49840755806852, "params": {"gamma": 3.1521877359098176, "prior": 1.2843815076826866, "rate": 1.455974015579314}, "datetime": {"datetime": "2024-06-14 10:30:40", "elapsed": 15.272935, "delta": 0.009973}}
{"target": -501.98530011617333, "params": {"gamma": 9.366111572060866, "prior": 2.0304250356307176, "rate": 6.499451382283563}, "datetime": {"datetime": "2024-06-14 10:30:40", "elapsed": 15.282909, "delta": 0.009974}}
{"target": -184.75807480542002, "params": {"gamma": 2.391972458242885, "prior": 5.302148770050018, "rate": 1.307211406941315}, "datetime": {"datetime": "2024-06-14 10:30:40", "elapsed": 15.292882, "delta": 0.009973}}
{"target": -188.69766000262783, "params": {"gamma": 2.89611392001835, "prior": 4.065192847476347, "rate": 7.067081063453817}, "datetime": {"datetime": "2024-06-14 10:30:40", "elapsed": 15.302855, "delta": 0.009973}}
{"target": -462.75899461322996, "params": {"gamma": 9.0107982835773, "prior": 4.342913606645138, "rate": 7.138505863828612}, "datetime": {"datetime": "2024-06-14 10:30:40", "elapsed": 15.311831, "delta": 0.008976}}
{"target": -149.48157222686345, "params": {"gamma": 1.391725519034242, "prior": 1.0956932372792056, "rate": 4.481647794143768}, "datetime": {"datetime": "2024-06-14 10:30:40", "elapsed": 15.322338, "delta": 0.010507}}
{"target": -413.37424325095935, "params": {"gamma": 7.605301828565939, "prior": 2.392991312329407, "rate": 8.09151910411932}, "datetime": {"datetime": "2024-06-14 10:30:40", "elapsed": 15.331314, "delta": 0.008976}}
{"target": -186.61770741890157, "params": {"gamma": 2.5248249478764953, "prior": 0.9296321465117505, "rate": 5.130493139683857}, "datetime": {"datetime": "2024-06-14 10:30:40", "elapsed": 15.341288, "delta": 0.009974}}
{"target": -145.4329702771502, "params": {"gamma": 0.010777103781384231, "prior": 7.110319091630252, "rate": 7.390853426863938}, "datetime": {"datetime": "2024-06-14 10:30:40", "elapsed": 15.351261, "delta": 0.009973}}
{"target": -481.0647483629152, "params": {"gamma": 9.73322264344219, "prior": 6.6653296080007065, "rate": 4.942673042576449}, "datetime": {"datetime": "2024-06-14 10:30:40", "elapsed": 15.36177, "delta": 0.010509}}
{"target": -147.55794570345395, "params": {"gamma": 0.7371595478477164, "prior": 5.389520768514386, "rate": 1.4191621099841882}, "datetime": {"datetime": "2024-06-14 10:30:40", "elapsed": 15.371744, "delta": 0.009974}}
{"target": -404.1043551277743, "params": {"gamma": 8.024085235114102, "prior": 5.803873620313776, "rate": 2.1299294622685796}, "datetime": {"datetime": "2024-06-14 10:30:40", "elapsed": 15.381717, "delta": 0.009973}}
{"target": -372.8803792099097, "params": {"gamma": 7.070844731569463, "prior": 3.3967839214683155, "rate": 6.691313025057773}, "datetime": {"datetime": "2024-06-14 10:30:40", "elapsed": 15.39169, "delta": 0.009973}}
{"target": -437.84563260509594, "params": {"gamma": 7.795731330379866, "prior": 0.9571035750915102, "rate": 5.107053969244893}, "datetime": {"datetime": "2024-06-14 10:30:40", "elapsed": 15.401664, "delta": 0.009974}}
{"target": -148.6707382238151, "params": {"gamma": 1.0376399462769927, "prior": 6.5296689069268, "rate": 3.155663327191296}, "datetime": {"datetime": "2024-06-14 10:30:40", "elapsed": 15.411637, "delta": 0.009973}}
{"target": -401.1299809170608, "params": {"gamma": 6.435368403054906, "prior": 0.5806824424773391, "rate": 8.67009697380327}, "datetime": {"datetime": "2024-06-14 10:30:40", "elapsed": 15.420613, "delta": 0.008976}}
{"target": -271.4059598924481, "params": {"gamma": 4.78211439086565, "prior": 7.956176567412768, "rate": 2.267143144700332}, "datetime": {"datetime": "2024-06-14 10:30:40", "elapsed": 15.430586, "delta": 0.009973}}
{"target": -204.71597823732412, "params": {"gamma": 3.3504024487870745, "prior": 7.661371739793161, "rate": 8.534375742625368}, "datetime": {"datetime": "2024-06-14 10:30:40", "elapsed": 15.44056, "delta": 0.009974}}
