{"target": -377.4163265457172, "params": {"gamma": 2.351541289225017, "lr": 0.461602080891622}, "datetime": {"datetime": "2024-06-13 17:15:18", "elapsed": 2.081417, "delta": 0.00399}}
{"target": -716.3433353295051, "params": {"gamma": 1.9867164390362086, "lr": 0.0254762357788203}, "datetime": {"datetime": "2024-06-13 17:15:18", "elapsed": 2.085406, "delta": 0.003989}}
{"target": -1600.3024888860411, "params": {"gamma": 7.294247584863271, "lr": 0.7249167472191191}, "datetime": {"datetime": "2024-06-13 17:15:18", "elapsed": 2.088771, "delta": 0.003365}}
{"target": -837.1380323876532, "params": {"gamma": 3.304587071870666, "lr": 0.8434941260636555}, "datetime": {"datetime": "2024-06-13 17:15:18", "elapsed": 2.092758, "delta": 0.003987}}
{"target": -1159.2845324836028, "params": {"gamma": 4.284996317034784, "lr": 0.8646861447635343}, "datetime": {"datetime": "2024-06-13 17:15:18", "elapsed": 2.096748, "delta": 0.00399}}
{"target": -1229.01053998722, "params": {"gamma": 6.570997180804273, "lr": 0.5810356574180902}, "datetime": {"datetime": "2024-06-13 17:15:18", "elapsed": 2.100736, "delta": 0.003988}}
{"target": -369.52987437213915, "params": {"gamma": 2.008074152862875, "lr": 0.5295466104783949}, "datetime": {"datetime": "2024-06-13 17:15:18", "elapsed": 2.103728, "delta": 0.002992}}
{"target": -1196.3557992742376, "params": {"gamma": 8.944429751857296, "lr": 0.30499397583521604}, "datetime": {"datetime": "2024-06-13 17:15:18", "elapsed": 2.107718, "delta": 0.00399}}
{"target": -2355.3843946379707, "params": {"gamma": 8.709585146001372, "lr": 0.9087452728583881}, "datetime": {"datetime": "2024-06-13 17:15:18", "elapsed": 2.111707, "delta": 0.003989}}
{"target": -728.0854171676028, "params": {"gamma": 3.2991157822561417, "lr": 0.6830743663365642}, "datetime": {"datetime": "2024-06-13 17:15:18", "elapsed": 2.115696, "delta": 0.003989}}
{"target": -3209.9202326565164, "params": {"gamma": 8.992310274710121, "lr": 0.07569688175830336}, "datetime": {"datetime": "2024-06-13 17:15:18", "elapsed": 2.118688, "delta": 0.002992}}
{"target": -1559.5364984789262, "params": {"gamma": 8.7860000441845, "lr": 0.1908393632684806}, "datetime": {"datetime": "2024-06-13 17:15:18", "elapsed": 2.122678, "delta": 0.00399}}
{"target": -1841.5633468039805, "params": {"gamma": 8.497839331269288, "lr": 0.6671187886992039}, "datetime": {"datetime": "2024-06-13 17:15:18", "elapsed": 2.126667, "delta": 0.003989}}
{"target": -762.4347326447299, "params": {"gamma": 3.4440476153050885, "lr": 0.151375569992799}, "datetime": {"datetime": "2024-06-13 17:15:18", "elapsed": 2.130656, "delta": 0.003989}}
{"target": -1593.63901442072, "params": {"gamma": 6.354074243923046, "lr": 0.8477880437147416}, "datetime": {"datetime": "2024-06-13 17:15:18", "elapsed": 2.133648, "delta": 0.002992}}
{"target": -1695.3017203920717, "params": {"gamma": 8.218671898265342, "lr": 0.6282395971306578}, "datetime": {"datetime": "2024-06-13 17:15:18", "elapsed": 2.137638, "delta": 0.00399}}
{"target": -1791.9350121338368, "params": {"gamma": 9.563058796042565, "lr": 0.5899231270757698}, "datetime": {"datetime": "2024-06-13 17:15:18", "elapsed": 2.141627, "delta": 0.003989}}
{"target": -319.0467616489029, "params": {"gamma": 1.979130013694545, "lr": 0.4293307226164923}, "datetime": {"datetime": "2024-06-13 17:15:18", "elapsed": 2.145616, "delta": 0.003989}}
{"target": -935.860678590931, "params": {"gamma": 3.3681232410129716, "lr": 0.991945011907281}, "datetime": {"datetime": "2024-06-13 17:15:18", "elapsed": 2.149605, "delta": 0.003989}}
{"target": -1054.6305402043452, "params": {"gamma": 3.8029847246765303, "lr": 0.992700873664818}, "datetime": {"datetime": "2024-06-13 17:15:18", "elapsed": 2.152598, "delta": 0.002993}}
{"target": -1020.0727357520068, "params": {"gamma": 5.188523703083409, "lr": 0.17227970147712546}, "datetime": {"datetime": "2024-06-13 17:15:18", "elapsed": 2.156587, "delta": 0.003989}}
{"target": -154.7134921966865, "params": {"gamma": 0.7466661384435471, "lr": 0.37030569377388767}, "datetime": {"datetime": "2024-06-13 17:15:18", "elapsed": 2.160576, "delta": 0.003989}}
{"target": -281.3927920746037, "params": {"gamma": 1.235065179287484, "lr": 0.6345187162918416}, "datetime": {"datetime": "2024-06-13 17:15:18", "elapsed": 2.164567, "delta": 0.003991}}
{"target": -1146.7101908175455, "params": {"gamma": 4.13978453744836, "lr": 0.9909156325254501}, "datetime": {"datetime": "2024-06-13 17:15:18", "elapsed": 2.167558, "delta": 0.002991}}
{"target": -2043.5712251505338, "params": {"gamma": 9.299626280909525, "lr": 0.14923603230975002}, "datetime": {"datetime": "2024-06-13 17:15:18", "elapsed": 2.171576, "delta": 0.004018}}
{"target": -612.5442355626643, "params": {"gamma": 3.9494277431054683, "lr": 0.46157971096238615}, "datetime": {"datetime": "2024-06-13 17:15:18", "elapsed": 2.175568, "delta": 0.003992}}
{"target": -1376.0461209116963, "params": {"gamma": 5.609926602464331, "lr": 0.7803635232892685}, "datetime": {"datetime": "2024-06-13 17:15:18", "elapsed": 2.179526, "delta": 0.003958}}
{"target": -719.1080007918988, "params": {"gamma": 4.872451896825164, "lr": 0.4199935520102408}, "datetime": {"datetime": "2024-06-13 17:15:18", "elapsed": 2.182518, "delta": 0.002992}}
{"target": -727.0604968260807, "params": {"gamma": 2.6207350474886373, "lr": 0.9108061390867584}, "datetime": {"datetime": "2024-06-13 17:15:18", "elapsed": 2.186507, "delta": 0.003989}}
{"target": -146.21910372837976, "params": {"gamma": 0.22369284381650878, "lr": 0.8211218982189646}, "datetime": {"datetime": "2024-06-13 17:15:18", "elapsed": 2.190496, "delta": 0.003989}}
{"target": -429.33404234712015, "params": {"gamma": 1.8854955282645185, "lr": 0.6857568991725472}, "datetime": {"datetime": "2024-06-13 17:15:18", "elapsed": 2.194486, "delta": 0.00399}}
{"target": -986.2629444711756, "params": {"gamma": 3.552738684007098, "lr": 0.9742126278950913}, "datetime": {"datetime": "2024-06-13 17:15:18", "elapsed": 2.198475, "delta": 0.003989}}
{"target": -246.08769508841553, "params": {"gamma": 1.22859852236475, "lr": 0.18756989261723955}, "datetime": {"datetime": "2024-06-13 17:15:18", "elapsed": 2.202464, "delta": 0.003989}}
{"target": -1667.6055717027734, "params": {"gamma": 8.894535312169324, "lr": 0.5834063146082279}, "datetime": {"datetime": "2024-06-13 17:15:18", "elapsed": 2.205457, "delta": 0.002993}}
{"target": -1107.9584077941834, "params": {"gamma": 3.0931546002031376, "lr": 0.0007643854781880233}, "datetime": {"datetime": "2024-06-13 17:15:18", "elapsed": 2.209446, "delta": 0.003989}}
{"target": -509.32485979453776, "params": {"gamma": 2.2767497854842085, "lr": 0.1454036341712357}, "datetime": {"datetime": "2024-06-13 17:15:18", "elapsed": 2.213436, "delta": 0.00399}}
{"target": -564.3877644289117, "params": {"gamma": 2.035134809876536, "lr": 0.8963225568040046}, "datetime": {"datetime": "2024-06-13 17:15:18", "elapsed": 2.217424, "delta": 0.003988}}
{"target": -1891.584201764782, "params": {"gamma": 8.731070688318136, "lr": 0.7002894376334498}, "datetime": {"datetime": "2024-06-13 17:15:18", "elapsed": 2.221414, "delta": 0.00399}}
{"target": -1189.934425424388, "params": {"gamma": 4.705506263845939, "lr": 0.8271360023322883}, "datetime": {"datetime": "2024-06-13 17:15:18", "elapsed": 2.225403, "delta": 0.003989}}
{"target": -681.1341263521081, "params": {"gamma": 4.958768144455039, "lr": 0.36348868328490525}, "datetime": {"datetime": "2024-06-13 17:15:18", "elapsed": 2.229393, "delta": 0.00399}}
{"target": -769.2694254989872, "params": {"gamma": 2.7567554245058266, "lr": 0.9247408135383717}, "datetime": {"datetime": "2024-06-13 17:15:18", "elapsed": 2.233382, "delta": 0.003989}}
{"target": -600.8170715936201, "params": {"gamma": 3.8705053533286655, "lr": 0.49288087343132025}, "datetime": {"datetime": "2024-06-13 17:15:18", "elapsed": 2.237371, "delta": 0.003989}}
{"target": -696.0273861275374, "params": {"gamma": 2.5451265850419067, "lr": 0.8849665188380633}, "datetime": {"datetime": "2024-06-13 17:15:18", "elapsed": 2.240363, "delta": 0.002992}}
{"target": -524.9534668602055, "params": {"gamma": 3.833251304596062, "lr": 0.29757471531387525}, "datetime": {"datetime": "2024-06-13 17:15:18", "elapsed": 2.244353, "delta": 0.00399}}
{"target": -1276.2718225478732, "params": {"gamma": 7.17623202698535, "lr": 0.19086994317230743}, "datetime": {"datetime": "2024-06-13 17:15:18", "elapsed": 2.248342, "delta": 0.003989}}
{"target": -322.2021022858751, "params": {"gamma": 1.1828081008410374, "lr": 0.8369977822135122}, "datetime": {"datetime": "2024-06-13 17:15:18", "elapsed": 2.252331, "delta": 0.003989}}
{"target": -1397.4300763702288, "params": {"gamma": 7.441615077773983, "lr": 0.5905205476471171}, "datetime": {"datetime": "2024-06-13 17:15:18", "elapsed": 2.25632, "delta": 0.003989}}
{"target": -491.815752182614, "params": {"gamma": 2.429672858073742, "lr": 0.6232471451875841}, "datetime": {"datetime": "2024-06-13 17:15:18", "elapsed": 2.259312, "delta": 0.002992}}
{"target": -859.8556723605241, "params": {"gamma": 6.383914852090989, "lr": 0.32756944411232514}, "datetime": {"datetime": "2024-06-13 17:15:18", "elapsed": 2.263302, "delta": 0.00399}}
{"target": -222.0217172299537, "params": {"gamma": 0.6758259413323553, "lr": 0.8805385975643267}, "datetime": {"datetime": "2024-06-13 17:15:18", "elapsed": 2.267291, "delta": 0.003989}}
{"target": -1131.6214526745182, "params": {"gamma": 4.60010735401151, "lr": 0.7638727180664299}, "datetime": {"datetime": "2024-06-13 17:15:18", "elapsed": 2.27128, "delta": 0.003989}}
{"target": -490.0707571728855, "params": {"gamma": 2.539632320806454, "lr": 0.5913871822675169}, "datetime": {"datetime": "2024-06-13 17:15:18", "elapsed": 2.27527, "delta": 0.00399}}
{"target": -588.2898079350067, "params": {"gamma": 4.288522808327629, "lr": 0.38210064254913956}, "datetime": {"datetime": "2024-06-13 17:15:18", "elapsed": 2.279259, "delta": 0.003989}}
{"target": -221.45123818470933, "params": {"gamma": 1.2680071250853806, "lr": 0.24426666320897583}, "datetime": {"datetime": "2024-06-13 17:15:19", "elapsed": 2.282251, "delta": 0.002992}}
{"target": -158.23915235379192, "params": {"gamma": 0.7943364880002312, "lr": 0.3028583047175786}, "datetime": {"datetime": "2024-06-13 17:15:19", "elapsed": 2.28624, "delta": 0.003989}}
{"target": -1459.6649518792224, "params": {"gamma": 7.417306297515323, "lr": 0.6150157249710488}, "datetime": {"datetime": "2024-06-13 17:15:19", "elapsed": 2.29023, "delta": 0.00399}}
{"target": -2401.4477246209503, "params": {"gamma": 6.724438578240325, "lr": 0.00838307952503159}, "datetime": {"datetime": "2024-06-13 17:15:19", "elapsed": 2.294219, "delta": 0.003989}}
{"target": -1187.726328400473, "params": {"gamma": 6.784091345540948, "lr": 0.503180690542887}, "datetime": {"datetime": "2024-06-13 17:15:19", "elapsed": 2.298209, "delta": 0.00399}}
{"target": -465.41237149916753, "params": {"gamma": 2.309853596391308, "lr": 0.17489650898192222}, "datetime": {"datetime": "2024-06-13 17:15:19", "elapsed": 2.3012, "delta": 0.002991}}
{"target": -480.61450017036566, "params": {"gamma": 1.8506446725427474, "lr": 0.8442600050750985}, "datetime": {"datetime": "2024-06-13 17:15:19", "elapsed": 2.30519, "delta": 0.00399}}
{"target": -2684.4483582171897, "params": {"gamma": 9.825915303261548, "lr": 0.9137396248416316}, "datetime": {"datetime": "2024-06-13 17:15:19", "elapsed": 2.309178, "delta": 0.003988}}
{"target": -858.4592886705639, "params": {"gamma": 3.4743468343077555, "lr": 0.7802245796913637}, "datetime": {"datetime": "2024-06-13 17:15:19", "elapsed": 2.313169, "delta": 0.003991}}
{"target": -1376.8255350183783, "params": {"gamma": 5.464999452423606, "lr": 0.8164423975559377}, "datetime": {"datetime": "2024-06-13 17:15:19", "elapsed": 2.31616, "delta": 0.002991}}
{"target": -913.6711386518488, "params": {"gamma": 4.8377857849378705, "lr": 0.5899512982994037}, "datetime": {"datetime": "2024-06-13 17:15:19", "elapsed": 2.32015, "delta": 0.00399}}
{"target": -2209.71245461703, "params": {"gamma": 7.872847211795091, "lr": 0.10023464310313235}, "datetime": {"datetime": "2024-06-13 17:15:19", "elapsed": 2.324139, "delta": 0.003989}}
{"target": -737.3888096754353, "params": {"gamma": 5.370534161288567, "lr": 0.36598334666965426}, "datetime": {"datetime": "2024-06-13 17:15:19", "elapsed": 2.328128, "delta": 0.003989}}
{"target": -1667.843441685871, "params": {"gamma": 6.043464129845054, "lr": 0.9588025156370005}, "datetime": {"datetime": "2024-06-13 17:15:19", "elapsed": 2.332118, "delta": 0.00399}}
{"target": -541.1329796288674, "params": {"gamma": 3.9288366270246278, "lr": 0.39297299794161644}, "datetime": {"datetime": "2024-06-13 17:15:19", "elapsed": 2.33511, "delta": 0.002992}}
{"target": -1627.3842540246037, "params": {"gamma": 7.9065792989023995, "lr": 0.6450783990854264}, "datetime": {"datetime": "2024-06-13 17:15:19", "elapsed": 2.339099, "delta": 0.003989}}
{"target": -864.7639744055375, "params": {"gamma": 3.9394461945459094, "lr": 0.6889550482302514}, "datetime": {"datetime": "2024-06-13 17:15:19", "elapsed": 2.343088, "delta": 0.003989}}
{"target": -1013.8605674382403, "params": {"gamma": 4.040612088934736, "lr": 0.1361131542481221}, "datetime": {"datetime": "2024-06-13 17:15:19", "elapsed": 2.346088, "delta": 0.003}}
{"target": -621.0300355917418, "params": {"gamma": 4.506982043452673, "lr": 0.3344193926972726}, "datetime": {"datetime": "2024-06-13 17:15:19", "elapsed": 2.35007, "delta": 0.003982}}
{"target": -613.0459582888842, "params": {"gamma": 2.180471331681618, "lr": 0.9257748016364399}, "datetime": {"datetime": "2024-06-13 17:15:19", "elapsed": 2.354089, "delta": 0.004019}}
{"target": -1296.1237752279399, "params": {"gamma": 6.896704351396498, "lr": 0.5988208906234219}, "datetime": {"datetime": "2024-06-13 17:15:19", "elapsed": 2.358048, "delta": 0.003959}}
{"target": -1305.7676305225136, "params": {"gamma": 7.466828063757928, "lr": 0.5419710617714415}, "datetime": {"datetime": "2024-06-13 17:15:19", "elapsed": 2.362038, "delta": 0.00399}}
{"target": -1931.4066027359484, "params": {"gamma": 7.005630193122407, "lr": 0.9305598192498451}, "datetime": {"datetime": "2024-06-13 17:15:19", "elapsed": 2.36503, "delta": 0.002992}}
{"target": -1686.7053617926047, "params": {"gamma": 8.626304328357714, "lr": 0.1674418575065213}, "datetime": {"datetime": "2024-06-13 17:15:19", "elapsed": 2.369019, "delta": 0.003989}}
{"target": -944.330985756507, "params": {"gamma": 2.6321271002148183, "lr": 0.07161027944180454}, "datetime": {"datetime": "2024-06-13 17:15:19", "elapsed": 2.373009, "delta": 0.00399}}
{"target": -1479.7713589165064, "params": {"gamma": 9.786749378778312, "lr": 0.23638409866037557}, "datetime": {"datetime": "2024-06-13 17:15:19", "elapsed": 2.376998, "delta": 0.003989}}
{"target": -2230.546520115858, "params": {"gamma": 6.6063229609300596, "lr": 0.089630698927462}, "datetime": {"datetime": "2024-06-13 17:15:19", "elapsed": 2.380987, "delta": 0.003989}}
{"target": -386.1354783582143, "params": {"gamma": 2.1084986499281, "lr": 0.5028243835184045}, "datetime": {"datetime": "2024-06-13 17:15:19", "elapsed": 2.383979, "delta": 0.002992}}
{"target": -182.09519798840572, "params": {"gamma": 1.0504317296309502, "lr": 0.38887340269472437}, "datetime": {"datetime": "2024-06-13 17:15:19", "elapsed": 2.387968, "delta": 0.003989}}
{"target": -737.3194655455117, "params": {"gamma": 5.3803392136766695, "lr": 0.33920418488509996}, "datetime": {"datetime": "2024-06-13 17:15:19", "elapsed": 2.391958, "delta": 0.00399}}
{"target": -976.1199464554713, "params": {"gamma": 5.559446211054629, "lr": 0.536768321942464}, "datetime": {"datetime": "2024-06-13 17:15:19", "elapsed": 2.395947, "delta": 0.003989}}
{"target": -857.7688577598138, "params": {"gamma": 3.906714376870321, "lr": 0.6962700831011029}, "datetime": {"datetime": "2024-06-13 17:15:19", "elapsed": 2.398939, "delta": 0.002992}}
{"target": -1474.2896678238253, "params": {"gamma": 6.785146057525243, "lr": 0.6873031493743899}, "datetime": {"datetime": "2024-06-13 17:15:19", "elapsed": 2.403925, "delta": 0.004986}}
{"target": -768.6730696278277, "params": {"gamma": 5.615351096734943, "lr": 0.3580799140129358}, "datetime": {"datetime": "2024-06-13 17:15:19", "elapsed": 2.407915, "delta": 0.00399}}
{"target": -1691.9593360686838, "params": {"gamma": 6.131510241334756, "lr": 0.9357362666081998}, "datetime": {"datetime": "2024-06-13 17:15:19", "elapsed": 2.411904, "delta": 0.003989}}
{"target": -1647.5271197431387, "params": {"gamma": 5.969288360934786, "lr": 0.9795901743594252}, "datetime": {"datetime": "2024-06-13 17:15:19", "elapsed": 2.414896, "delta": 0.002992}}
{"target": -983.3215537931085, "params": {"gamma": 4.4106251974683035, "lr": 0.7396119625075467}, "datetime": {"datetime": "2024-06-13 17:15:19", "elapsed": 2.418886, "delta": 0.00399}}
{"target": -160.598826363471, "params": {"gamma": 0.3770011826173517, "lr": 0.7647266390004861}, "datetime": {"datetime": "2024-06-13 17:15:19", "elapsed": 2.422875, "delta": 0.003989}}
{"target": -1852.1292179431243, "params": {"gamma": 5.1832975216877974, "lr": 0.0053165329611032375}, "datetime": {"datetime": "2024-06-13 17:15:19", "elapsed": 2.426864, "delta": 0.003989}}
{"target": -497.6130142661662, "params": {"gamma": 2.772723847721202, "lr": 0.5348322325198115}, "datetime": {"datetime": "2024-06-13 17:15:19", "elapsed": 2.430854, "delta": 0.00399}}
{"target": -2742.039439435989, "params": {"gamma": 7.679860819934835, "lr": 0.05309259545252509}, "datetime": {"datetime": "2024-06-13 17:15:19", "elapsed": 2.433846, "delta": 0.002992}}
{"target": -1383.305436289229, "params": {"gamma": 5.490985385061347, "lr": 0.800994555798356}, "datetime": {"datetime": "2024-06-13 17:15:19", "elapsed": 2.437835, "delta": 0.003989}}
{"target": -1791.848541808874, "params": {"gamma": 6.496180965729911, "lr": 0.9314470149929107}, "datetime": {"datetime": "2024-06-13 17:15:19", "elapsed": 2.441824, "delta": 0.003989}}
{"target": -160.77746399657613, "params": {"gamma": 0.7482397187025968, "lr": 0.2768064626005866}, "datetime": {"datetime": "2024-06-13 17:15:19", "elapsed": 2.445814, "delta": 0.00399}}
{"target": -2246.9700406764014, "params": {"gamma": 9.192455805057469, "lr": 0.7650051482981429}, "datetime": {"datetime": "2024-06-13 17:15:19", "elapsed": 2.449803, "delta": 0.003989}}
{"target": -1512.7499105295421, "params": {"gamma": 5.9978037043765156, "lr": 0.8329681438370704}, "datetime": {"datetime": "2024-06-13 17:15:19", "elapsed": 2.453793, "delta": 0.00399}}
{"target": -2466.9966510362196, "params": {"gamma": 8.960538872258445, "lr": 0.9727203528528249}, "datetime": {"datetime": "2024-06-13 17:15:19", "elapsed": 2.457782, "delta": 0.003989}}
{"target": -2490.3367224182516, "params": {"gamma": 9.98520655039097, "lr": 0.13964933368410348}, "datetime": {"datetime": "2024-06-13 17:15:19", "elapsed": 2.461771, "delta": 0.003989}}
{"target": -282.0491153870631, "params": {"gamma": 0.7063499053922482, "lr": 0.07346665436012334}, "datetime": {"datetime": "2024-06-13 17:15:19", "elapsed": 2.464764, "delta": 0.002993}}
{"target": -143.62850607792143, "params": {"gamma": 0.14842316520856935, "lr": 0.971820072977926}, "datetime": {"datetime": "2024-06-13 17:15:19", "elapsed": 2.468753, "delta": 0.003989}}
{"target": -269.27695764229844, "params": {"gamma": 0.9485743976558341, "lr": 0.8417368261858497}, "datetime": {"datetime": "2024-06-13 17:15:19", "elapsed": 2.472742, "delta": 0.003989}}
{"target": -1046.2166527957718, "params": {"gamma": 6.852044796080089, "lr": 0.4875571674829181}, "datetime": {"datetime": "2024-06-13 17:15:19", "elapsed": 2.476731, "delta": 0.003989}}
{"target": -483.4717014222055, "params": {"gamma": 3.4676021187044235, "lr": 0.35364778706700506}, "datetime": {"datetime": "2024-06-13 17:15:19", "elapsed": 2.480721, "delta": 0.00399}}
{"target": -705.0699706026745, "params": {"gamma": 2.539134984589525, "lr": 0.9110179736986265}, "datetime": {"datetime": "2024-06-13 17:15:19", "elapsed": 2.48471, "delta": 0.003989}}
{"target": -2591.1879071265466, "params": {"gamma": 7.256699812403196, "lr": 0.025925792784269874}, "datetime": {"datetime": "2024-06-13 17:15:19", "elapsed": 2.487702, "delta": 0.002992}}
{"target": -667.9975436307559, "params": {"gamma": 4.615751011217899, "lr": 0.28130127253681136}, "datetime": {"datetime": "2024-06-13 17:15:19", "elapsed": 2.491691, "delta": 0.003989}}
{"target": -154.48998940014502, "params": {"gamma": 0.2906328955928069, "lr": 0.8846818943092944}, "datetime": {"datetime": "2024-06-13 17:15:19", "elapsed": 2.49568, "delta": 0.003989}}
{"target": -1034.1261943149032, "params": {"gamma": 7.710282574188869, "lr": 0.32973507924426093}, "datetime": {"datetime": "2024-06-13 17:15:19", "elapsed": 2.499669, "delta": 0.003989}}
{"target": -1067.7088117824153, "params": {"gamma": 7.965789316779574, "lr": 0.3246383222029966}, "datetime": {"datetime": "2024-06-13 17:15:19", "elapsed": 2.503659, "delta": 0.00399}}
{"target": -857.1455354266596, "params": {"gamma": 3.0795165557326496, "lr": 0.9281090785007262}, "datetime": {"datetime": "2024-06-13 17:15:19", "elapsed": 2.506651, "delta": 0.002992}}
{"target": -1703.9720862177453, "params": {"gamma": 9.769184703296556, "lr": 0.5235553047168928}, "datetime": {"datetime": "2024-06-13 17:15:19", "elapsed": 2.51064, "delta": 0.003989}}
{"target": -2558.934910910222, "params": {"gamma": 9.519399740511682, "lr": 0.8879964939264646}, "datetime": {"datetime": "2024-06-13 17:15:19", "elapsed": 2.51463, "delta": 0.00399}}
{"target": -712.0915383917236, "params": {"gamma": 5.180807583382493, "lr": 0.3727488020974856}, "datetime": {"datetime": "2024-06-13 17:15:19", "elapsed": 2.518619, "delta": 0.003989}}
{"target": -1083.936133378112, "params": {"gamma": 7.103835428617774, "lr": 0.455643424642054}, "datetime": {"datetime": "2024-06-13 17:15:19", "elapsed": 2.522609, "delta": 0.00399}}
