{"target": -244.83021638618658, "params": {"gamma": 5.618566827974954, "prior": 4.710139830525047, "rate": 1.5828405185913081}, "datetime": {"datetime": "2024-06-14 19:13:38", "elapsed": 13.352606, "delta": 0.010972}}
{"target": -145.1750718012058, "params": {"gamma": 0.46548205758633604, "prior": 4.691938262951814, "rate": 6.54336650017196}, "datetime": {"datetime": "2024-06-14 19:13:38", "elapsed": 13.362579, "delta": 0.009973}}
{"target": -159.123481050943, "params": {"gamma": 2.1262506191650012, "prior": 4.059501088269441, "rate": 4.976881207213625}, "datetime": {"datetime": "2024-06-14 19:13:38", "elapsed": 13.372553, "delta": 0.009974}}
{"target": -428.548854010618, "params": {"gamma": 9.549084662565308, "prior": 8.786706772952215, "rate": 8.740622431637016}, "datetime": {"datetime": "2024-06-14 19:13:38", "elapsed": 13.382527, "delta": 0.009974}}
{"target": -374.61049009381065, "params": {"gamma": 9.966008787860254, "prior": 7.7571875030905035, "rate": 2.031395720720704}, "datetime": {"datetime": "2024-06-14 19:13:38", "elapsed": 13.393008, "delta": 0.010481}}
{"target": -468.70250756761726, "params": {"gamma": 8.399033519310658, "prior": 1.7458576605066427, "rate": 8.890981709818412}, "datetime": {"datetime": "2024-06-14 19:13:38", "elapsed": 13.402981, "delta": 0.009973}}
{"target": -203.68282401185078, "params": {"gamma": 3.3864593795504314, "prior": 2.950652172676902, "rate": 6.06262377611874}, "datetime": {"datetime": "2024-06-14 19:13:38", "elapsed": 13.412955, "delta": 0.009974}}
{"target": -143.25872942087005, "params": {"gamma": 0.6070548531937172, "prior": 9.080172928574301, "rate": 3.8113259129552914}, "datetime": {"datetime": "2024-06-14 19:13:38", "elapsed": 13.426917, "delta": 0.013962}}
{"target": -361.3101551230163, "params": {"gamma": 7.900041725850161, "prior": 7.134419608014303, "rate": 7.0417771519431795}, "datetime": {"datetime": "2024-06-14 19:13:38", "elapsed": 13.441876, "delta": 0.014959}}
{"target": -270.471915866951, "params": {"gamma": 5.326729042736205, "prior": 4.720087553406988, "rate": 6.454333923418758}, "datetime": {"datetime": "2024-06-14 19:13:38", "elapsed": 13.452846, "delta": 0.01097}}
{"target": -371.4507077043202, "params": {"gamma": 6.916080494254339, "prior": 2.434600133254994, "rate": 7.538328274742676}, "datetime": {"datetime": "2024-06-14 19:13:38", "elapsed": 13.463817, "delta": 0.010971}}
{"target": -414.5150876854021, "params": {"gamma": 9.366235064689338, "prior": 8.169466711621713, "rate": 7.306366078682459}, "datetime": {"datetime": "2024-06-14 19:13:38", "elapsed": 13.473795, "delta": 0.009978}}
{"target": -489.64942353635047, "params": {"gamma": 8.217287677383837, "prior": 0.1688536836406846, "rate": 1.7490656420010366}, "datetime": {"datetime": "2024-06-14 19:13:38", "elapsed": 13.483768, "delta": 0.009973}}
{"target": -197.7520764779259, "params": {"gamma": 3.4204500359621868, "prior": 7.36182952566306, "rate": 9.783754518567227}, "datetime": {"datetime": "2024-06-14 19:13:38", "elapsed": 13.494744, "delta": 0.010976}}
{"target": -369.306875955134, "params": {"gamma": 7.329045588922614, "prior": 4.842030034998996, "rate": 9.210597067436987}, "datetime": {"datetime": "2024-06-14 19:13:38", "elapsed": 13.504719, "delta": 0.009975}}
{"target": -187.37973139444546, "params": {"gamma": 3.7776137015044906, "prior": 6.452737261640754, "rate": 0.01604319738412774}, "datetime": {"datetime": "2024-06-14 19:13:38", "elapsed": 13.517687, "delta": 0.012968}}
{"target": -152.59184800434608, "params": {"gamma": 1.794416084834932, "prior": 3.0189038120395777, "rate": 3.8705109944468274}, "datetime": {"datetime": "2024-06-14 19:13:38", "elapsed": 13.528662, "delta": 0.010975}}
{"target": -214.68910410808823, "params": {"gamma": 4.598745249224747, "prior": 7.987515713645756, "rate": 2.7991759941470526}, "datetime": {"datetime": "2024-06-14 19:13:38", "elapsed": 13.53867, "delta": 0.010008}}
{"target": -143.93334931236222, "params": {"gamma": 0.8275331899589359, "prior": 5.261564230524021, "rate": 9.81153872947284}, "datetime": {"datetime": "2024-06-14 19:13:38", "elapsed": 13.549689, "delta": 0.011019}}
{"target": -235.0693763413994, "params": {"gamma": 4.00818395641571, "prior": 2.6461917102343175, "rate": 7.763638646345232}, "datetime": {"datetime": "2024-06-14 19:13:38", "elapsed": 13.559623, "delta": 0.009934}}
{"target": -418.6339095588868, "params": {"gamma": 6.156219784190765, "prior": 0.17472852864200794, "rate": 9.862064844626225}, "datetime": {"datetime": "2024-06-14 19:13:38", "elapsed": 13.569608, "delta": 0.009985}}
{"target": -265.4042525206201, "params": {"gamma": 4.889696405678729, "prior": 3.109816521594326, "rate": 6.651105432765965}, "datetime": {"datetime": "2024-06-14 19:13:38", "elapsed": 13.580575, "delta": 0.010967}}
{"target": -180.0337879800762, "params": {"gamma": 2.8563222513640976, "prior": 4.689084919733314, "rate": 6.518558892191261}, "datetime": {"datetime": "2024-06-14 19:13:38", "elapsed": 13.591545, "delta": 0.01097}}
{"target": -145.44214912828014, "params": {"gamma": 1.2196983897335782, "prior": 4.725508951667924, "rate": 7.35232222858189}, "datetime": {"datetime": "2024-06-14 19:13:38", "elapsed": 13.601521, "delta": 0.009976}}
{"target": -611.5884858810646, "params": {"gamma": 9.605219885684939, "prior": 0.3117559709580553, "rate": 8.324959625901556}, "datetime": {"datetime": "2024-06-14 19:13:38", "elapsed": 13.614489, "delta": 0.012968}}
{"target": -419.32870065181186, "params": {"gamma": 9.391521053346748, "prior": 9.859596421590911, "rate": 9.378378518554022}, "datetime": {"datetime": "2024-06-14 19:13:38", "elapsed": 13.624465, "delta": 0.009976}}
{"target": -142.18642717829934, "params": {"gamma": 1.2933848293668193, "prior": 8.871599920049611, "rate": 1.529468431828893}, "datetime": {"datetime": "2024-06-14 19:13:38", "elapsed": 13.635465, "delta": 0.011}}
{"target": -195.13493646994073, "params": {"gamma": 3.6058030535750842, "prior": 3.6755031909663085, "rate": 2.7985741373137722}, "datetime": {"datetime": "2024-06-14 19:13:38", "elapsed": 13.645413, "delta": 0.009948}}
{"target": -181.4778076251557, "params": {"gamma": 3.548687634297447, "prior": 5.475715491805219, "rate": 0.7860916495607814}, "datetime": {"datetime": "2024-06-14 19:13:38", "elapsed": 13.658377, "delta": 0.012964}}
{"target": -187.30736326654267, "params": {"gamma": 3.7293238414408294, "prior": 5.873866921901378, "rate": 1.3433598503872748}, "datetime": {"datetime": "2024-06-14 19:13:38", "elapsed": 13.668398, "delta": 0.010021}}
{"target": -157.29565063588203, "params": {"gamma": 2.430636464974349, "prior": 3.1965129173207756, "rate": 0.7462639779838585}, "datetime": {"datetime": "2024-06-14 19:13:38", "elapsed": 13.678376, "delta": 0.009978}}
{"target": -391.1616729295013, "params": {"gamma": 8.077100262224654, "prior": 2.7076349809785905, "rate": 4.106599490946104}, "datetime": {"datetime": "2024-06-14 19:13:39", "elapsed": 13.689359, "delta": 0.010983}}
{"target": -200.56781856689918, "params": {"gamma": 4.054723246527664, "prior": 3.1168827992527173, "rate": 1.2782527317471344}, "datetime": {"datetime": "2024-06-14 19:13:39", "elapsed": 13.699326, "delta": 0.009967}}
{"target": -355.90537816833717, "params": {"gamma": 8.935700181344412, "prior": 6.8458089939758615, "rate": 2.669647727792136}, "datetime": {"datetime": "2024-06-14 19:13:39", "elapsed": 13.709723, "delta": 0.010397}}
{"target": -144.35737972465597, "params": {"gamma": 0.9252168378068174, "prior": 1.3226006592467376, "rate": 2.765087577252426}, "datetime": {"datetime": "2024-06-14 19:13:39", "elapsed": 13.719697, "delta": 0.009974}}
{"target": -145.52720460568446, "params": {"gamma": 0.49138574517622646, "prior": 1.536953953174493, "rate": 4.75082044615585}, "datetime": {"datetime": "2024-06-14 19:13:39", "elapsed": 13.729665, "delta": 0.009968}}
{"target": -451.49367296160057, "params": {"gamma": 9.359858045746865, "prior": 4.39728295824498, "rate": 7.091695404396912}, "datetime": {"datetime": "2024-06-14 19:13:39", "elapsed": 13.739658, "delta": 0.009993}}
{"target": -240.10513271321568, "params": {"gamma": 5.703480436122253, "prior": 9.764817437319463, "rate": 1.7829338600348927}, "datetime": {"datetime": "2024-06-14 19:13:39", "elapsed": 13.749631, "delta": 0.009973}}
{"target": -389.71552373534695, "params": {"gamma": 7.391311728201115, "prior": 3.56902627908651, "rate": 9.912129823702113}, "datetime": {"datetime": "2024-06-14 19:13:39", "elapsed": 13.759693, "delta": 0.010062}}
{"target": -194.828176565776, "params": {"gamma": 3.5287645393308957, "prior": 9.789953507003169, "rate": 8.603854098454429}, "datetime": {"datetime": "2024-06-14 19:13:39", "elapsed": 13.770602, "delta": 0.010909}}
{"target": -342.01628115376957, "params": {"gamma": 5.97776886311117, "prior": 0.3717347713456658, "rate": 1.8561349624416226}, "datetime": {"datetime": "2024-06-14 19:13:39", "elapsed": 13.780575, "delta": 0.009973}}
{"target": -143.40484234821585, "params": {"gamma": 0.5660612431019523, "prior": 7.945371439682299, "rate": 0.7404368885098506}, "datetime": {"datetime": "2024-06-14 19:13:39", "elapsed": 13.790551, "delta": 0.009976}}
{"target": -452.69408711358506, "params": {"gamma": 7.864807897266238, "prior": 0.37672330549397026, "rate": 2.552807324311116}, "datetime": {"datetime": "2024-06-14 19:13:39", "elapsed": 13.800527, "delta": 0.009976}}
{"target": -179.48041218564643, "params": {"gamma": 2.9765362830187123, "prior": 5.689604254646701, "rate": 5.621050378621821}, "datetime": {"datetime": "2024-06-14 19:13:39", "elapsed": 13.8115, "delta": 0.010973}}
{"target": -339.35463233036387, "params": {"gamma": 8.874122245059352, "prior": 6.41003665642897, "rate": 1.615458841587833}, "datetime": {"datetime": "2024-06-14 19:13:39", "elapsed": 13.820478, "delta": 0.008978}}
{"target": -147.34723573159604, "params": {"gamma": 0.27092093445094007, "prior": 7.6436267297477904, "rate": 5.3561524093705035}, "datetime": {"datetime": "2024-06-14 19:13:39", "elapsed": 13.830452, "delta": 0.009974}}
{"target": -290.12040594014377, "params": {"gamma": 5.786712866351162, "prior": 4.199639973876964, "rate": 5.898561065889926}, "datetime": {"datetime": "2024-06-14 19:13:39", "elapsed": 13.840425, "delta": 0.009973}}
{"target": -220.18305435570073, "params": {"gamma": 4.056908149188704, "prior": 4.512354814204365, "rate": 5.927803620451909}, "datetime": {"datetime": "2024-06-14 19:13:39", "elapsed": 13.8514, "delta": 0.010975}}
{"target": -313.6379722704304, "params": {"gamma": 4.923952760842727, "prior": 0.685123570453242, "rate": 9.767920289447702}, "datetime": {"datetime": "2024-06-14 19:13:39", "elapsed": 13.861373, "delta": 0.009973}}
{"target": -408.11992180209535, "params": {"gamma": 8.55152126248045, "prior": 3.8529477154984746, "rate": 5.465701902352132}, "datetime": {"datetime": "2024-06-14 19:13:39", "elapsed": 13.872347, "delta": 0.010974}}
{"target": -473.35392345803706, "params": {"gamma": 9.328810392069327, "prior": 4.039856882837672, "rate": 9.447782220977258}, "datetime": {"datetime": "2024-06-14 19:13:39", "elapsed": 13.882262, "delta": 0.009915}}
{"target": -146.93355807223284, "params": {"gamma": 0.3058322755797807, "prior": 7.483415270128151, "rate": 7.9702691040219795}, "datetime": {"datetime": "2024-06-14 19:13:39", "elapsed": 13.892237, "delta": 0.009975}}
{"target": -162.19244176207502, "params": {"gamma": 1.93915729117472, "prior": 1.7123810753953614, "rate": 5.911191778228094}, "datetime": {"datetime": "2024-06-14 19:13:39", "elapsed": 13.902213, "delta": 0.009976}}
{"target": -216.11940764922244, "params": {"gamma": 4.797437426866516, "prior": 5.906771763997412, "rate": 1.3235786977154271}, "datetime": {"datetime": "2024-06-14 19:13:39", "elapsed": 13.912192, "delta": 0.009979}}
{"target": -177.47039702027107, "params": {"gamma": 2.7780929606304388, "prior": 0.789756371223281, "rate": 1.0808592298701158}, "datetime": {"datetime": "2024-06-14 19:13:39", "elapsed": 13.926029, "delta": 0.013837}}
{"target": -442.55048647728916, "params": {"gamma": 7.164060397933428, "prior": 0.3613793596910616, "rate": 5.396963570672858}, "datetime": {"datetime": "2024-06-14 19:13:39", "elapsed": 13.936002, "delta": 0.009973}}
{"target": -174.91663923782951, "params": {"gamma": 2.9873312333774114, "prior": 8.698123271650664, "rate": 5.4508437359806505}, "datetime": {"datetime": "2024-06-14 19:13:39", "elapsed": 13.946979, "delta": 0.010977}}
{"target": -445.94413467583087, "params": {"gamma": 9.975479797714407, "prior": 5.654651317130731, "rate": 5.621416031788874}, "datetime": {"datetime": "2024-06-14 19:13:39", "elapsed": 13.958079, "delta": 0.0111}}
{"target": -198.81314560866514, "params": {"gamma": 3.351731873456963, "prior": 2.598016846624347, "rate": 4.27426940599577}, "datetime": {"datetime": "2024-06-14 19:13:39", "elapsed": 13.96807, "delta": 0.009991}}
{"target": -175.26740810357325, "params": {"gamma": 2.2725263696062235, "prior": 0.8016724751186088, "rate": 4.2510872816074885}, "datetime": {"datetime": "2024-06-14 19:13:39", "elapsed": 13.979047, "delta": 0.010977}}
{"target": -141.89063608218743, "params": {"gamma": 1.0650645144221098, "prior": 7.2588960645487015, "rate": 2.984641891979689}, "datetime": {"datetime": "2024-06-14 19:13:39", "elapsed": 13.989031, "delta": 0.009984}}
{"target": -278.0761113577319, "params": {"gamma": 4.904126225336482, "prior": 2.036274494273748, "rate": 6.808584262587829}, "datetime": {"datetime": "2024-06-14 19:13:39", "elapsed": 13.998997, "delta": 0.009966}}
{"target": -306.68537708248135, "params": {"gamma": 8.308430641906321, "prior": 2.282027181056831, "rate": 0.07907888226929988}, "datetime": {"datetime": "2024-06-14 19:13:39", "elapsed": 14.00897, "delta": 0.009973}}
{"target": -161.50463023620046, "params": {"gamma": 2.5097921802793786, "prior": 6.31359939215205, "rate": 3.1088574555471813}, "datetime": {"datetime": "2024-06-14 19:13:39", "elapsed": 14.019941, "delta": 0.010971}}
{"target": -340.8642598951756, "params": {"gamma": 8.36222517696091, "prior": 8.542118072949869, "rate": 3.7180338874028376}, "datetime": {"datetime": "2024-06-14 19:13:39", "elapsed": 14.029919, "delta": 0.009978}}
{"target": -252.0495628809039, "params": {"gamma": 3.6539795857073187, "prior": 0.2639694600704467, "rate": 5.497237804999031}, "datetime": {"datetime": "2024-06-14 19:13:39", "elapsed": 14.039896, "delta": 0.009977}}
{"target": -144.9534871924376, "params": {"gamma": 1.5435516702923755, "prior": 1.2155274275217443, "rate": 0.5343279544192256}, "datetime": {"datetime": "2024-06-14 19:13:39", "elapsed": 14.052864, "delta": 0.012968}}
{"target": -146.85562590304198, "params": {"gamma": 1.7936587903460857, "prior": 1.6437150285544317, "rate": 0.3558683019833646}, "datetime": {"datetime": "2024-06-14 19:13:39", "elapsed": 14.062839, "delta": 0.009975}}
{"target": -406.77090152679904, "params": {"gamma": 9.82434211273752, "prior": 6.617214564837837, "rate": 3.8705537217530446}, "datetime": {"datetime": "2024-06-14 19:13:39", "elapsed": 14.072815, "delta": 0.009976}}
{"target": -146.37450106952068, "params": {"gamma": 0.6257922981876658, "prior": 0.5677285559900357, "rate": 8.049719394631913}, "datetime": {"datetime": "2024-06-14 19:13:39", "elapsed": 14.081791, "delta": 0.008976}}
{"target": -228.38370153013346, "params": {"gamma": 4.228375279460253, "prior": 1.1717762927933444, "rate": 1.6711743461337876}, "datetime": {"datetime": "2024-06-14 19:13:39", "elapsed": 14.091767, "delta": 0.009976}}
{"target": -274.12514176611825, "params": {"gamma": 6.802265132639049, "prior": 4.329618010053698, "rate": 0.9689860913418493}, "datetime": {"datetime": "2024-06-14 19:13:39", "elapsed": 14.10228, "delta": 0.010513}}
{"target": -241.4130205111397, "params": {"gamma": 3.920704589637105, "prior": 0.5430825876121436, "rate": 2.710990200499908}, "datetime": {"datetime": "2024-06-14 19:13:39", "elapsed": 14.112256, "delta": 0.009976}}
{"target": -264.2254998550415, "params": {"gamma": 5.031293904777502, "prior": 4.6290449340530495, "rate": 7.686577408158113}, "datetime": {"datetime": "2024-06-14 19:13:39", "elapsed": 14.121234, "delta": 0.008978}}
{"target": -144.87021247847477, "params": {"gamma": 1.6031430865858975, "prior": 5.149437940488653, "rate": 1.4161287835344174}, "datetime": {"datetime": "2024-06-14 19:13:39", "elapsed": 14.131775, "delta": 0.010541}}
{"target": -148.90170510636045, "params": {"gamma": 1.8945065357360218, "prior": 4.157996176719801, "rate": 1.4594799700408772}, "datetime": {"datetime": "2024-06-14 19:13:39", "elapsed": 14.141749, "delta": 0.009974}}
{"target": -296.01130683430097, "params": {"gamma": 5.623712931107031, "prior": 4.6067950147829295, "rate": 9.42102448081776}, "datetime": {"datetime": "2024-06-14 19:13:39", "elapsed": 14.150727, "delta": 0.008978}}
{"target": -382.00811642741735, "params": {"gamma": 6.700279053399254, "prior": 1.1211081382406665, "rate": 6.071461447289983}, "datetime": {"datetime": "2024-06-14 19:13:39", "elapsed": 14.1617, "delta": 0.010973}}
{"target": -225.35644520842834, "params": {"gamma": 4.203872166556974, "prior": 5.056256533803172, "rate": 6.558399608979977}, "datetime": {"datetime": "2024-06-14 19:13:39", "elapsed": 14.171745, "delta": 0.010045}}
{"target": -153.93161220543954, "params": {"gamma": 1.857995271651951, "prior": 3.659391503666097, "rate": 4.80431758722436}, "datetime": {"datetime": "2024-06-14 19:13:39", "elapsed": 14.181688, "delta": 0.009943}}
{"target": -312.72110546015386, "params": {"gamma": 6.148214863550358, "prior": 2.9270157375806125, "rate": 5.028231781609626}, "datetime": {"datetime": "2024-06-14 19:13:39", "elapsed": 14.191661, "delta": 0.009973}}
{"target": -169.25161824178002, "params": {"gamma": 2.786182582989594, "prior": 5.766659556664776, "rate": 3.423551750452962}, "datetime": {"datetime": "2024-06-14 19:13:39", "elapsed": 14.201639, "delta": 0.009978}}
{"target": -391.12226052093644, "params": {"gamma": 8.3917704255985, "prior": 6.890536777175542, "rate": 8.16146205993121}, "datetime": {"datetime": "2024-06-14 19:13:39", "elapsed": 14.211615, "delta": 0.009976}}
{"target": -152.21379548135002, "params": {"gamma": 1.5433064281287947, "prior": 1.933417151252388, "rate": 5.426405215883123}, "datetime": {"datetime": "2024-06-14 19:13:39", "elapsed": 14.22159, "delta": 0.009975}}
{"target": -143.39257888069045, "params": {"gamma": 0.6149211908273852, "prior": 5.426779331886682, "rate": 3.360634014854361}, "datetime": {"datetime": "2024-06-14 19:13:39", "elapsed": 14.231563, "delta": 0.009973}}
{"target": -174.30014330520387, "params": {"gamma": 3.2452188194691933, "prior": 2.3755465724366975, "rate": 0.0478627093242713}, "datetime": {"datetime": "2024-06-14 19:13:39", "elapsed": 14.241539, "delta": 0.009976}}
{"target": -291.49684655396317, "params": {"gamma": 6.87104638723164, "prior": 7.552533805640476, "rate": 3.383495876309245}, "datetime": {"datetime": "2024-06-14 19:13:39", "elapsed": 14.250517, "delta": 0.008978}}
{"target": -232.59598145062049, "params": {"gamma": 4.698566381850696, "prior": 7.994084512409785, "rate": 6.475029921813591}, "datetime": {"datetime": "2024-06-14 19:13:39", "elapsed": 14.260493, "delta": 0.009976}}
{"target": -148.3266478891234, "params": {"gamma": 0.23075873965417942, "prior": 2.91132760594111, "rate": 9.543993923653835}, "datetime": {"datetime": "2024-06-14 19:13:39", "elapsed": 14.270466, "delta": 0.009973}}
{"target": -458.7907463366729, "params": {"gamma": 8.831663399364862, "prior": 3.3196577156813976, "rate": 9.106428259046453}, "datetime": {"datetime": "2024-06-14 19:13:39", "elapsed": 14.280444, "delta": 0.009978}}
{"target": -247.68574272253755, "params": {"gamma": 4.792271643587237, "prior": 2.1004803357874806, "rate": 2.7152226317759873}, "datetime": {"datetime": "2024-06-14 19:13:39", "elapsed": 14.290419, "delta": 0.009975}}
{"target": -182.06886869898784, "params": {"gamma": 2.4105781820003296, "prior": 0.6501970175159, "rate": 4.371923976318957}, "datetime": {"datetime": "2024-06-14 19:13:39", "elapsed": 14.300394, "delta": 0.009975}}
{"target": -410.02665167909083, "params": {"gamma": 9.045924292349737, "prior": 5.304998895374705, "rate": 5.45501927258241}, "datetime": {"datetime": "2024-06-14 19:13:39", "elapsed": 14.31043, "delta": 0.010036}}
{"target": -167.83627296001598, "params": {"gamma": 2.270769102045196, "prior": 0.5593682144374752, "rate": 1.2589544199559672}, "datetime": {"datetime": "2024-06-14 19:13:39", "elapsed": 14.320375, "delta": 0.009945}}
{"target": -159.1010849382483, "params": {"gamma": 2.152041802423628, "prior": 8.746594812552626, "rate": 9.883297769252295}, "datetime": {"datetime": "2024-06-14 19:13:39", "elapsed": 14.330349, "delta": 0.009974}}
{"target": -148.90829235118542, "params": {"gamma": 0.17864471946155067, "prior": 4.488768556876849, "rate": 3.6926037105639593}, "datetime": {"datetime": "2024-06-14 19:13:39", "elapsed": 14.340322, "delta": 0.009973}}
{"target": -250.04547474471113, "params": {"gamma": 5.365099171557174, "prior": 6.203575904526908, "rate": 3.9606016122470797}, "datetime": {"datetime": "2024-06-14 19:13:39", "elapsed": 14.350295, "delta": 0.009973}}
{"target": -147.28600343071787, "params": {"gamma": 1.8394567778102808, "prior": 5.8942150336226105, "rate": 0.33393439959498467}, "datetime": {"datetime": "2024-06-14 19:13:39", "elapsed": 14.360269, "delta": 0.009974}}
{"target": -330.42273862526275, "params": {"gamma": 8.939882672498515, "prior": 6.47966689423678, "rate": 0.9463480982929026}, "datetime": {"datetime": "2024-06-14 19:13:39", "elapsed": 14.370242, "delta": 0.009973}}
{"target": -263.64730597777833, "params": {"gamma": 5.514198481896219, "prior": 1.37684577932591, "rate": 1.189089580581743}, "datetime": {"datetime": "2024-06-14 19:13:39", "elapsed": 14.380216, "delta": 0.009974}}
{"target": -169.68965285346792, "params": {"gamma": 2.656223467019746, "prior": 7.652792185558542, "rate": 6.982511237812883}, "datetime": {"datetime": "2024-06-14 19:13:39", "elapsed": 14.391215, "delta": 0.010999}}
