{"target": -156.7755121324148, "params": {"gamma": 2.2302911723421603, "prior": 9.971405383102082, "rate": 8.17356631642956}, "datetime": {"datetime": "2024-06-14 04:07:36", "elapsed": 11.521171, "delta": 0.009973}}
{"target": -130.1874590511385, "params": {"gamma": 0.42223947812043505, "prior": 3.7954509908618, "rate": 8.122057570514098}, "datetime": {"datetime": "2024-06-14 04:07:36", "elapsed": 11.531144, "delta": 0.009973}}
{"target": -278.09051087684975, "params": {"gamma": 5.284318582532073, "prior": 2.546595173441272, "rate": 7.9290864165444885}, "datetime": {"datetime": "2024-06-14 04:07:36", "elapsed": 11.541117, "delta": 0.009973}}
{"target": -225.10885971042472, "params": {"gamma": 2.6182486884007314, "prior": 0.10394396254204273, "rate": 2.3139578706383697}, "datetime": {"datetime": "2024-06-14 04:07:36", "elapsed": 11.552088, "delta": 0.010971}}
{"target": -633.5736343979814, "params": {"gamma": 9.933709519335848, "prior": 6.596388259986851, "rate": 2.20746055274965}, "datetime": {"datetime": "2024-06-14 04:07:36", "elapsed": 11.562064, "delta": 0.009976}}
{"target": -315.2632957792121, "params": {"gamma": 6.861710880085471, "prior": 6.900675292396006, "rate": 6.407786956598644}, "datetime": {"datetime": "2024-06-14 04:07:36", "elapsed": 11.571042, "delta": 0.008978}}
{"target": -122.47392066639037, "params": {"gamma": 0.7064146187020427, "prior": 2.5053447581940413, "rate": 8.708501091076558}, "datetime": {"datetime": "2024-06-14 04:07:36", "elapsed": 11.581691, "delta": 0.010649}}
{"target": -314.56685167540115, "params": {"gamma": 7.347673452195916, "prior": 1.761378459242426, "rate": 2.986596023304183}, "datetime": {"datetime": "2024-06-14 04:07:36", "elapsed": 11.590667, "delta": 0.008976}}
{"target": -397.21847594417136, "params": {"gamma": 5.627657565327734, "prior": 8.281813083626007, "rate": 2.0059625473387035}, "datetime": {"datetime": "2024-06-14 04:07:36", "elapsed": 11.60064, "delta": 0.009973}}
{"target": -123.25785783388727, "params": {"gamma": 1.0175512712412351, "prior": 3.8805020069474243, "rate": 9.123622339058336}, "datetime": {"datetime": "2024-06-14 04:07:36", "elapsed": 11.610199, "delta": 0.009559}}
{"target": -189.55565782157382, "params": {"gamma": 2.605874679054985, "prior": 1.1722130918594946, "rate": 0.56037370979255}, "datetime": {"datetime": "2024-06-14 04:07:36", "elapsed": 11.620171, "delta": 0.009972}}
{"target": -266.26432720098336, "params": {"gamma": 3.517353888144698, "prior": 0.47250675815837395, "rate": 5.830756178383219}, "datetime": {"datetime": "2024-06-14 04:07:36", "elapsed": 11.630144, "delta": 0.009973}}
{"target": -290.0296953729095, "params": {"gamma": 6.725895546392632, "prior": 4.658787540848907, "rate": 7.411427420391562}, "datetime": {"datetime": "2024-06-14 04:07:36", "elapsed": 11.640117, "delta": 0.009973}}
{"target": -335.03993857264817, "params": {"gamma": 5.010748619176405, "prior": 7.053290946278004, "rate": 2.307178418323752}, "datetime": {"datetime": "2024-06-14 04:07:36", "elapsed": 11.650091, "delta": 0.009974}}
{"target": -312.3887073932924, "params": {"gamma": 7.446379482205204, "prior": 5.066208299853456, "rate": 7.053982930260369}, "datetime": {"datetime": "2024-06-14 04:07:36", "elapsed": 11.659645, "delta": 0.009554}}
{"target": -379.6179759624172, "params": {"gamma": 4.467531205373577, "prior": 5.108812034796275, "rate": 0.41631029460275537}, "datetime": {"datetime": "2024-06-14 04:07:36", "elapsed": 11.669578, "delta": 0.009933}}
{"target": -240.0610854032061, "params": {"gamma": 4.893603596752043, "prior": 1.508646271753512, "rate": 1.425815973998472}, "datetime": {"datetime": "2024-06-14 04:07:36", "elapsed": 11.679552, "delta": 0.009974}}
{"target": -251.2964687772148, "params": {"gamma": 4.334070675192891, "prior": 5.804526419276483, "rate": 3.431143903220329}, "datetime": {"datetime": "2024-06-14 04:07:36", "elapsed": 11.689525, "delta": 0.009973}}
{"target": -133.76062759352294, "params": {"gamma": 1.6057554110518168, "prior": 7.439963128101519, "rate": 9.630952636256579}, "datetime": {"datetime": "2024-06-14 04:07:36", "elapsed": 11.699499, "delta": 0.009974}}
{"target": -499.7811837148713, "params": {"gamma": 7.3366892172191065, "prior": 0.8629358918245221, "rate": 8.409240673094226}, "datetime": {"datetime": "2024-06-14 04:07:36", "elapsed": 11.709472, "delta": 0.009973}}
{"target": -124.37571005961946, "params": {"gamma": 0.6760729900832833, "prior": 4.419489281132564, "rate": 9.288699130413471}, "datetime": {"datetime": "2024-06-14 04:07:36", "elapsed": 11.719445, "delta": 0.009973}}
{"target": -187.345951227158, "params": {"gamma": 2.6325378562618087, "prior": 1.3667364017386738, "rate": 7.622625481835956}, "datetime": {"datetime": "2024-06-14 04:07:36", "elapsed": 11.729419, "delta": 0.009974}}
{"target": -461.7587427842075, "params": {"gamma": 9.286152605869912, "prior": 3.325107364972745, "rate": 2.3253485203555204}, "datetime": {"datetime": "2024-06-14 04:07:36", "elapsed": 11.739392, "delta": 0.009973}}
{"target": -155.1815017780872, "params": {"gamma": 1.8256722786407191, "prior": 9.636031674374332, "rate": 5.766769711868097}, "datetime": {"datetime": "2024-06-14 04:07:36", "elapsed": 11.748368, "delta": 0.008976}}
{"target": -622.8957166835501, "params": {"gamma": 8.601017631330931, "prior": 3.1526153619134747, "rate": 0.5653078671540508}, "datetime": {"datetime": "2024-06-14 04:07:36", "elapsed": 11.758341, "delta": 0.009973}}
{"target": -230.7453985048727, "params": {"gamma": 4.538588046967902, "prior": 2.150389949482985, "rate": 5.190317659626124}, "datetime": {"datetime": "2024-06-14 04:07:36", "elapsed": 11.768315, "delta": 0.009974}}
{"target": -252.87883846450333, "params": {"gamma": 5.3803383685417385, "prior": 3.0134533507087977, "rate": 3.0752313679559293}, "datetime": {"datetime": "2024-06-14 04:07:36", "elapsed": 11.778288, "delta": 0.009973}}
{"target": -144.88252679342725, "params": {"gamma": 0.24271254847611315, "prior": 4.261979937910767, "rate": 3.2375704471739803}, "datetime": {"datetime": "2024-06-14 04:07:36", "elapsed": 11.788261, "delta": 0.009973}}
{"target": -342.88925284153277, "params": {"gamma": 6.1952817624864025, "prior": 8.611654360250752, "rate": 4.926911767488365}, "datetime": {"datetime": "2024-06-14 04:07:36", "elapsed": 11.797237, "delta": 0.008976}}
{"target": -132.84029437467706, "params": {"gamma": 0.8280002720208621, "prior": 9.341456537509496, "rate": 8.083461341580708}, "datetime": {"datetime": "2024-06-14 04:07:36", "elapsed": 11.807849, "delta": 0.010612}}
{"target": -203.40387624022878, "params": {"gamma": 3.6558227125345977, "prior": 3.3742162191489324, "rate": 9.379402853367585}, "datetime": {"datetime": "2024-06-14 04:07:36", "elapsed": 11.817822, "delta": 0.009973}}
{"target": -190.28876015580465, "params": {"gamma": 3.7495685112706005, "prior": 6.3944419643693875, "rate": 9.853458036647636}, "datetime": {"datetime": "2024-06-14 04:07:36", "elapsed": 11.826798, "delta": 0.008976}}
{"target": -141.47034122677852, "params": {"gamma": 0.36836090554034395, "prior": 3.214846683672905, "rate": 2.313125983692789}, "datetime": {"datetime": "2024-06-14 04:07:36", "elapsed": 11.837769, "delta": 0.010971}}
{"target": -716.3380153696303, "params": {"gamma": 9.223731826093484, "prior": 5.556253632459004, "rate": 0.5380816705607578}, "datetime": {"datetime": "2024-06-14 04:07:36", "elapsed": 11.847742, "delta": 0.009973}}
{"target": -337.82620932601645, "params": {"gamma": 7.552727246484496, "prior": 6.872429831212706, "rate": 6.622078860248277}, "datetime": {"datetime": "2024-06-14 04:07:36", "elapsed": 11.857715, "delta": 0.009973}}
{"target": -434.4943894657846, "params": {"gamma": 9.557332020493899, "prior": 8.758555827281402, "rate": 7.532761600172254}, "datetime": {"datetime": "2024-06-14 04:07:36", "elapsed": 11.867689, "delta": 0.009974}}
{"target": -146.19011631505805, "params": {"gamma": 2.2274368777620133, "prior": 1.4663481242278644, "rate": 2.2096624750777165}, "datetime": {"datetime": "2024-06-14 04:07:36", "elapsed": 11.877662, "delta": 0.009973}}
{"target": -144.59643103199153, "params": {"gamma": 2.0558931010754273, "prior": 5.722849003564123, "rate": 6.63077518785403}, "datetime": {"datetime": "2024-06-14 04:07:36", "elapsed": 11.886638, "delta": 0.008976}}
{"target": -323.57289210071036, "params": {"gamma": 5.274647786496121, "prior": 0.6578589781712976, "rate": 3.6322627869363457}, "datetime": {"datetime": "2024-06-14 04:07:36", "elapsed": 11.897609, "delta": 0.010971}}
{"target": -536.4090897978514, "params": {"gamma": 9.677306363671502, "prior": 6.98556459651058, "rate": 3.698028055635611}, "datetime": {"datetime": "2024-06-14 04:07:36", "elapsed": 11.906587, "delta": 0.008978}}
{"target": -451.9039033642609, "params": {"gamma": 6.716589859874733, "prior": 2.7245859703372814, "rate": 0.7756981624656162}, "datetime": {"datetime": "2024-06-14 04:07:36", "elapsed": 11.916561, "delta": 0.009974}}
{"target": -241.11682161066125, "params": {"gamma": 5.281143325416827, "prior": 2.9687143459337384, "rate": 4.817037304645983}, "datetime": {"datetime": "2024-06-14 04:07:36", "elapsed": 11.926534, "delta": 0.009973}}
{"target": -377.7679769312268, "params": {"gamma": 9.020043950898684, "prior": 6.552229630812366, "rate": 7.233468037123845}, "datetime": {"datetime": "2024-06-14 04:07:36", "elapsed": 11.937505, "delta": 0.010971}}
{"target": -133.74988960556303, "params": {"gamma": 1.0267626657461268, "prior": 4.8486150493478055, "rate": 4.044014562004185}, "datetime": {"datetime": "2024-06-14 04:07:36", "elapsed": 11.946481, "delta": 0.008976}}
{"target": -280.0103237392945, "params": {"gamma": 6.468925570274098, "prior": 2.9485778320940845, "rate": 3.8312640574634482}, "datetime": {"datetime": "2024-06-14 04:07:36", "elapsed": 11.956455, "delta": 0.009974}}
{"target": -399.5557398047257, "params": {"gamma": 9.81018690271792, "prior": 1.23662462107414, "rate": 1.9998787227506973}, "datetime": {"datetime": "2024-06-14 04:07:36", "elapsed": 11.966427, "delta": 0.009972}}
{"target": -155.4651150132427, "params": {"gamma": 2.3912225972933583, "prior": 6.996876584358281, "rate": 7.1371672251136955}, "datetime": {"datetime": "2024-06-14 04:07:36", "elapsed": 11.976402, "delta": 0.009975}}
{"target": -354.05040232610577, "params": {"gamma": 7.847764610820117, "prior": 3.8723393107957245, "rate": 8.524180473287885}, "datetime": {"datetime": "2024-06-14 04:07:36", "elapsed": 11.986374, "delta": 0.009972}}
{"target": -302.06853049508794, "params": {"gamma": 6.973768049350303, "prior": 7.161272986009691, "rate": 8.220064454506392}, "datetime": {"datetime": "2024-06-14 04:07:36", "elapsed": 11.996348, "delta": 0.009974}}
{"target": -515.9873849337539, "params": {"gamma": 6.289615458969785, "prior": 4.280053466198156, "rate": 0.3089573128355685}, "datetime": {"datetime": "2024-06-14 04:07:36", "elapsed": 12.005829, "delta": 0.009481}}
{"target": -271.11455941893195, "params": {"gamma": 5.9549611772267355, "prior": 5.681259338068073, "rate": 6.008479407469643}, "datetime": {"datetime": "2024-06-14 04:07:36", "elapsed": 12.015802, "delta": 0.009973}}
{"target": -239.95945786990308, "params": {"gamma": 3.2292118332970405, "prior": 5.593331570762452, "rate": 1.7173913865365833}, "datetime": {"datetime": "2024-06-14 04:07:36", "elapsed": 12.025666, "delta": 0.009864}}
{"target": -453.43279666843347, "params": {"gamma": 6.49894440266871, "prior": 0.8095673895400698, "rate": 8.750896260863644}, "datetime": {"datetime": "2024-06-14 04:07:36", "elapsed": 12.035638, "delta": 0.009972}}
{"target": -150.98033589604526, "params": {"gamma": 2.1621633635158477, "prior": 3.0090612487247013, "rate": 8.847484449475706}, "datetime": {"datetime": "2024-06-14 04:07:36", "elapsed": 12.04561, "delta": 0.009972}}
{"target": -542.2528172744408, "params": {"gamma": 8.836037308166828, "prior": 8.37904543989899, "rate": 3.2700292334455643}, "datetime": {"datetime": "2024-06-14 04:07:36", "elapsed": 12.055584, "delta": 0.009974}}
{"target": -414.15270589725895, "params": {"gamma": 9.023544047406462, "prior": 7.740842728171373, "rate": 6.581171726876564}, "datetime": {"datetime": "2024-06-14 04:07:36", "elapsed": 12.065557, "delta": 0.009973}}
{"target": -495.9650062209345, "params": {"gamma": 8.99813093515086, "prior": 7.853001575402082, "rate": 4.2480703423217}, "datetime": {"datetime": "2024-06-14 04:07:36", "elapsed": 12.075531, "delta": 0.009974}}
{"target": -273.3947367277383, "params": {"gamma": 3.2432279860467617, "prior": 3.999393563924491, "rate": 0.6150601284275855}, "datetime": {"datetime": "2024-06-14 04:07:36", "elapsed": 12.084507, "delta": 0.008976}}
{"target": -196.83734568975916, "params": {"gamma": 3.634945499368943, "prior": 3.595132489864901, "rate": 8.656379251086715}, "datetime": {"datetime": "2024-06-14 04:07:36", "elapsed": 12.094482, "delta": 0.009975}}
{"target": -565.7993847343198, "params": {"gamma": 8.887111795253091, "prior": 9.63421565993784, "rate": 3.282664276898728}, "datetime": {"datetime": "2024-06-14 04:07:36", "elapsed": 12.104824, "delta": 0.010342}}
{"target": -432.85965691564854, "params": {"gamma": 6.933508237753853, "prior": 6.367356052167569, "rate": 2.425195012153892}, "datetime": {"datetime": "2024-06-14 04:07:36", "elapsed": 12.114797, "delta": 0.009973}}
{"target": -445.53527177415424, "params": {"gamma": 8.700006275800442, "prior": 2.219608966119336, "rate": 7.477392312505152}, "datetime": {"datetime": "2024-06-14 04:07:36", "elapsed": 12.124771, "delta": 0.009974}}
{"target": -140.16629878800205, "params": {"gamma": 1.4474946912067754, "prior": 1.1575145967721554, "rate": 7.20350177902532}, "datetime": {"datetime": "2024-06-14 04:07:36", "elapsed": 12.134744, "delta": 0.009973}}
{"target": -242.4064632538621, "params": {"gamma": 5.263654842331062, "prior": 4.484866730228926, "rate": 7.7820274969779515}, "datetime": {"datetime": "2024-06-14 04:07:36", "elapsed": 12.144718, "delta": 0.009974}}
{"target": -188.5903308084743, "params": {"gamma": 3.588074784629776, "prior": 8.548161025287675, "rate": 9.62176279907113}, "datetime": {"datetime": "2024-06-14 04:07:36", "elapsed": 12.153693, "delta": 0.008975}}
{"target": -393.8074426991517, "params": {"gamma": 9.791275810251324, "prior": 2.8485172225745474, "rate": 4.1506553568115665}, "datetime": {"datetime": "2024-06-14 04:07:36", "elapsed": 12.164664, "delta": 0.010971}}
{"target": -349.5021953886119, "params": {"gamma": 7.250373833289235, "prior": 8.95917274672825, "rate": 7.113399789936541}, "datetime": {"datetime": "2024-06-14 04:07:36", "elapsed": 12.17364, "delta": 0.008976}}
{"target": -459.60834330431373, "params": {"gamma": 7.5815646955077245, "prior": 8.84569615448094, "rate": 3.670115433263018}, "datetime": {"datetime": "2024-06-14 04:07:36", "elapsed": 12.183613, "delta": 0.009973}}
{"target": -247.01000504543242, "params": {"gamma": 5.425906871529926, "prior": 5.394222758269183, "rate": 6.4761782194627475}, "datetime": {"datetime": "2024-06-14 04:07:36", "elapsed": 12.193587, "delta": 0.009974}}
{"target": -368.42888519247344, "params": {"gamma": 8.951943613361554, "prior": 6.0481920136487215, "rate": 9.699415438622323}, "datetime": {"datetime": "2024-06-14 04:07:36", "elapsed": 12.204065, "delta": 0.010478}}
{"target": -308.15544672253566, "params": {"gamma": 7.3216234120977175, "prior": 4.211385766390366, "rate": 5.81180346318073}, "datetime": {"datetime": "2024-06-14 04:07:37", "elapsed": 12.214038, "delta": 0.009973}}
{"target": -382.0552807613466, "params": {"gamma": 9.223285503388022, "prior": 6.223153800877035, "rate": 7.099576105580202}, "datetime": {"datetime": "2024-06-14 04:07:37", "elapsed": 12.224012, "delta": 0.009974}}
{"target": -358.99477327021646, "params": {"gamma": 6.613259028912707, "prior": 3.42784974510567, "rate": 2.0341452163718596}, "datetime": {"datetime": "2024-06-14 04:07:37", "elapsed": 12.233985, "delta": 0.009973}}
{"target": -255.50923724157377, "params": {"gamma": 4.078721813041604, "prior": 1.592621080704164, "rate": 8.263509143662432}, "datetime": {"datetime": "2024-06-14 04:07:37", "elapsed": 12.243959, "delta": 0.009974}}
{"target": -430.19027820014657, "params": {"gamma": 7.104895674394641, "prior": 4.070456275164108, "rate": 1.7146555781871196}, "datetime": {"datetime": "2024-06-14 04:07:37", "elapsed": 12.252934, "delta": 0.008975}}
{"target": -359.91013320113683, "params": {"gamma": 8.75811759952061, "prior": 6.42673266977647, "rate": 9.966031596995483}, "datetime": {"datetime": "2024-06-14 04:07:37", "elapsed": 12.262908, "delta": 0.009974}}
{"target": -152.05190853586865, "params": {"gamma": 1.0118777980878546, "prior": 2.5239987554093983, "rate": 0.8374656866964549}, "datetime": {"datetime": "2024-06-14 04:07:37", "elapsed": 12.272881, "delta": 0.009973}}
{"target": -439.15647155457935, "params": {"gamma": 7.447673015821188, "prior": 1.6797955636247195, "rate": 8.816713679816221}, "datetime": {"datetime": "2024-06-14 04:07:37", "elapsed": 12.282854, "delta": 0.009973}}
{"target": -411.9056991012652, "params": {"gamma": 4.915303785862436, "prior": 5.309075700418279, "rate": 0.42616036762125126}, "datetime": {"datetime": "2024-06-14 04:07:37", "elapsed": 12.292828, "delta": 0.009974}}
{"target": -289.7105196193842, "params": {"gamma": 6.140922303680539, "prior": 2.353386412041166, "rate": 2.135827389380809}, "datetime": {"datetime": "2024-06-14 04:07:37", "elapsed": 12.302309, "delta": 0.009481}}
{"target": -788.6747156615046, "params": {"gamma": 8.953290370672992, "prior": 8.891332155070218, "rate": 0.05364657807886874}, "datetime": {"datetime": "2024-06-14 04:07:37", "elapsed": 12.312283, "delta": 0.009974}}
{"target": -452.3330875569747, "params": {"gamma": 8.323207291901435, "prior": 9.032758516193605, "rate": 5.119964633266645}, "datetime": {"datetime": "2024-06-14 04:07:37", "elapsed": 12.322256, "delta": 0.009973}}
{"target": -307.9372458784249, "params": {"gamma": 6.56208200669582, "prior": 7.701078270941128, "rate": 6.854714307550932}, "datetime": {"datetime": "2024-06-14 04:07:37", "elapsed": 12.332229, "delta": 0.009973}}
{"target": -226.54147243607446, "params": {"gamma": 4.59170508000715, "prior": 5.777177096628812, "rate": 5.74102025787266}, "datetime": {"datetime": "2024-06-14 04:07:37", "elapsed": 12.342203, "delta": 0.009974}}
{"target": -418.62243802857495, "params": {"gamma": 8.421463069722522, "prior": 2.4803729054295243, "rate": 7.572507436190774}, "datetime": {"datetime": "2024-06-14 04:07:37", "elapsed": 12.351179, "delta": 0.008976}}
{"target": -354.0737639063395, "params": {"gamma": 8.12355876007362, "prior": 7.99062037533525, "rate": 8.07727048210085}, "datetime": {"datetime": "2024-06-14 04:07:37", "elapsed": 12.361152, "delta": 0.009973}}
{"target": -341.8683963419135, "params": {"gamma": 8.292970943843157, "prior": 4.23340593789217, "rate": 6.179249469269826}, "datetime": {"datetime": "2024-06-14 04:07:37", "elapsed": 12.371126, "delta": 0.009974}}
{"target": -318.29902322229344, "params": {"gamma": 7.552699915952439, "prior": 7.720679136482666, "rate": 9.586087624632432}, "datetime": {"datetime": "2024-06-14 04:07:37", "elapsed": 12.381099, "delta": 0.009973}}
{"target": -451.96555151226397, "params": {"gamma": 9.750777680644457, "prior": 5.690872459899503, "rate": 4.657924948350314}, "datetime": {"datetime": "2024-06-14 04:07:37", "elapsed": 12.391072, "delta": 0.009973}}
{"target": -428.7827154827417, "params": {"gamma": 8.35541774153753, "prior": 2.2776131471709045, "rate": 7.664214496519479}, "datetime": {"datetime": "2024-06-14 04:07:37", "elapsed": 12.401046, "delta": 0.009974}}
{"target": -143.76975091659324, "params": {"gamma": 1.920923979668611, "prior": 5.957112902935368, "rate": 6.068707734799046}, "datetime": {"datetime": "2024-06-14 04:07:37", "elapsed": 12.411019, "delta": 0.009973}}
{"target": -250.48003188616153, "params": {"gamma": 4.418996184218967, "prior": 8.659051462799177, "rate": 5.435278379231555}, "datetime": {"datetime": "2024-06-14 04:07:37", "elapsed": 12.420993, "delta": 0.009974}}
{"target": -384.34249786227485, "params": {"gamma": 4.927804379534841, "prior": 4.2394437931335665, "rate": 0.6231896086801356}, "datetime": {"datetime": "2024-06-14 04:07:37", "elapsed": 12.430966, "delta": 0.009973}}
{"target": -235.81682554532966, "params": {"gamma": 3.622132449809016, "prior": 1.0188720461219751, "rate": 5.656819358260873}, "datetime": {"datetime": "2024-06-14 04:07:37", "elapsed": 12.440939, "delta": 0.009973}}
{"target": -310.07457941147146, "params": {"gamma": 6.4053758139443495, "prior": 7.701044399919781, "rate": 6.325720028185084}, "datetime": {"datetime": "2024-06-14 04:07:37", "elapsed": 12.450912, "delta": 0.009973}}
{"target": -150.63018194241917, "params": {"gamma": 1.8714204909994507, "prior": 7.527415112713252, "rate": 5.489045144907434}, "datetime": {"datetime": "2024-06-14 04:07:37", "elapsed": 12.460886, "delta": 0.009974}}
{"target": -130.53654283752635, "params": {"gamma": 1.0226014229845646, "prior": 0.34578758896028944, "rate": 2.988163177641064}, "datetime": {"datetime": "2024-06-14 04:07:37", "elapsed": 12.470859, "delta": 0.009973}}
{"target": -306.58800886390827, "params": {"gamma": 6.900460277619986, "prior": 9.334604669396944, "rate": 9.665005509601515}, "datetime": {"datetime": "2024-06-14 04:07:37", "elapsed": 12.480832, "delta": 0.009973}}
{"target": -340.2870754587914, "params": {"gamma": 7.645716345257133, "prior": 3.003166938498256, "rate": 6.2210691836043965}, "datetime": {"datetime": "2024-06-14 04:07:37", "elapsed": 12.490835, "delta": 0.010003}}
{"target": -208.35869985525218, "params": {"gamma": 2.3117301792407194, "prior": 7.53183467935155, "rate": 1.6595044277657995}, "datetime": {"datetime": "2024-06-14 04:07:37", "elapsed": 12.500779, "delta": 0.009944}}
{"target": -405.3376463254557, "params": {"gamma": 7.564947384855503, "prior": 8.699031089411767, "rate": 5.195544029510985}, "datetime": {"datetime": "2024-06-14 04:07:37", "elapsed": 12.510752, "delta": 0.009973}}
