{"target": -1852.7731401745475, "params": {"gamma": 9.307416596768327, "lr": 0.26904238725191854}, "datetime": {"datetime": "2024-06-13 20:37:15", "elapsed": 4.535954, "delta": 0.004986}}
{"target": -1692.3514216746973, "params": {"gamma": 9.236233847661266, "lr": 0.6780829341239825}, "datetime": {"datetime": "2024-06-13 20:37:15", "elapsed": 4.54094, "delta": 0.004986}}
{"target": -1324.7096966454017, "params": {"gamma": 7.713853709507418, "lr": 0.5716353364349513}, "datetime": {"datetime": "2024-06-13 20:37:15", "elapsed": 4.544929, "delta": 0.003989}}
{"target": -1529.563212089059, "params": {"gamma": 8.339212870314833, "lr": 0.6982817992918626}, "datetime": {"datetime": "2024-06-13 20:37:15", "elapsed": 4.548919, "delta": 0.00399}}
{"target": -282.42758567148246, "params": {"gamma": 1.466940409067313, "lr": 0.6124611286280749}, "datetime": {"datetime": "2024-06-13 20:37:15", "elapsed": 4.553478, "delta": 0.004559}}
{"target": -571.4848238102157, "params": {"gamma": 2.793924035827702, "lr": 0.9158787230673001}, "datetime": {"datetime": "2024-06-13 20:37:15", "elapsed": 4.557467, "delta": 0.003989}}
{"target": -386.536471073377, "params": {"gamma": 1.9831246698113274, "lr": 0.28571649537130284}, "datetime": {"datetime": "2024-06-13 20:37:15", "elapsed": 4.561457, "delta": 0.00399}}
{"target": -146.65453849900368, "params": {"gamma": 0.47749939499181976, "lr": 0.44757914405063814}, "datetime": {"datetime": "2024-06-13 20:37:15", "elapsed": 4.565446, "delta": 0.003989}}
{"target": -961.7711531340794, "params": {"gamma": 5.576320563895948, "lr": 0.5735610825770953}, "datetime": {"datetime": "2024-06-13 20:37:15", "elapsed": 4.570433, "delta": 0.004987}}
{"target": -1562.7719205155506, "params": {"gamma": 9.053868422216771, "lr": 0.34741393280060506}, "datetime": {"datetime": "2024-06-13 20:37:15", "elapsed": 4.574422, "delta": 0.003989}}
{"target": -870.2471568351299, "params": {"gamma": 4.475836267532962, "lr": 0.8512376625014975}, "datetime": {"datetime": "2024-06-13 20:37:15", "elapsed": 4.578411, "delta": 0.003989}}
{"target": -1013.9127500073555, "params": {"gamma": 5.768716203017017, "lr": 0.6539929348777337}, "datetime": {"datetime": "2024-06-13 20:37:15", "elapsed": 4.583398, "delta": 0.004987}}
{"target": -465.4747061599067, "params": {"gamma": 2.784314944612766, "lr": 0.48747130162584906}, "datetime": {"datetime": "2024-06-13 20:37:15", "elapsed": 4.588359, "delta": 0.004961}}
{"target": -1451.8502010407226, "params": {"gamma": 6.209902923417142, "lr": 0.13339403014523998}, "datetime": {"datetime": "2024-06-13 20:37:15", "elapsed": 4.592348, "delta": 0.003989}}
{"target": -149.70532947907213, "params": {"gamma": 0.3300542572087522, "lr": 0.11341100113082614}, "datetime": {"datetime": "2024-06-13 20:37:15", "elapsed": 4.596337, "delta": 0.003989}}
{"target": -1192.1805890408027, "params": {"gamma": 4.775133302320191, "lr": 0.02402673463080851}, "datetime": {"datetime": "2024-06-13 20:37:15", "elapsed": 4.601324, "delta": 0.004987}}
{"target": -1558.669145558381, "params": {"gamma": 6.26246308244308, "lr": 0.09758261797608447}, "datetime": {"datetime": "2024-06-13 20:37:15", "elapsed": 4.605314, "delta": 0.00399}}
{"target": -424.50119289262136, "params": {"gamma": 2.5103644156247413, "lr": 0.42649294585621844}, "datetime": {"datetime": "2024-06-13 20:37:15", "elapsed": 4.609303, "delta": 0.003989}}
{"target": -256.3915109276052, "params": {"gamma": 1.159151640315784, "lr": 0.2705519937974664}, "datetime": {"datetime": "2024-06-13 20:37:15", "elapsed": 4.613358, "delta": 0.004055}}
{"target": -143.35610600796977, "params": {"gamma": 0.21177564868227716, "lr": 0.9850455536104694}, "datetime": {"datetime": "2024-06-13 20:37:15", "elapsed": 4.618279, "delta": 0.004921}}
{"target": -1033.019302407155, "params": {"gamma": 6.116124507605985, "lr": 0.3783538388352491}, "datetime": {"datetime": "2024-06-13 20:37:15", "elapsed": 4.622268, "delta": 0.003989}}
{"target": -141.28225152511206, "params": {"gamma": 0.2662569827533811, "lr": 0.3898387483749842}, "datetime": {"datetime": "2024-06-13 20:37:15", "elapsed": 4.627255, "delta": 0.004987}}
{"target": -911.3914344890135, "params": {"gamma": 4.526133705237957, "lr": 0.9310031937645028}, "datetime": {"datetime": "2024-06-13 20:37:15", "elapsed": 4.631244, "delta": 0.003989}}
{"target": -500.88090459995095, "params": {"gamma": 2.7857632142087283, "lr": 0.6147818910832991}, "datetime": {"datetime": "2024-06-13 20:37:15", "elapsed": 4.635234, "delta": 0.00399}}
{"target": -1576.140734191279, "params": {"gamma": 6.6520183774673525, "lr": 0.18596096979633892}, "datetime": {"datetime": "2024-06-13 20:37:15", "elapsed": 4.64022, "delta": 0.004986}}
{"target": -972.5104268014484, "params": {"gamma": 5.058127726515332, "lr": 0.7865007628599349}, "datetime": {"datetime": "2024-06-13 20:37:15", "elapsed": 4.644209, "delta": 0.003989}}
{"target": -207.81949402272537, "params": {"gamma": 0.966693765249707, "lr": 0.6060352981689622}, "datetime": {"datetime": "2024-06-13 20:37:15", "elapsed": 4.6482, "delta": 0.003991}}
{"target": -145.06359167255303, "params": {"gamma": 0.261573266951244, "lr": 0.00704672381007565}, "datetime": {"datetime": "2024-06-13 20:37:15", "elapsed": 4.653185, "delta": 0.004985}}
{"target": -155.10837168325222, "params": {"gamma": 0.5962265427935735, "lr": 0.4814004591490364}, "datetime": {"datetime": "2024-06-13 20:37:15", "elapsed": 4.657175, "delta": 0.00399}}
{"target": -1523.266071267225, "params": {"gamma": 9.257115382793618, "lr": 0.4055573841390242}, "datetime": {"datetime": "2024-06-13 20:37:15", "elapsed": 4.661164, "delta": 0.003989}}
{"target": -194.46597217004086, "params": {"gamma": 0.7512513607260716, "lr": 0.8613524744830288}, "datetime": {"datetime": "2024-06-13 20:37:15", "elapsed": 4.665154, "delta": 0.00399}}
{"target": -944.4876950904016, "params": {"gamma": 5.193456557118933, "lr": 0.3189358689174241}, "datetime": {"datetime": "2024-06-13 20:37:15", "elapsed": 4.67014, "delta": 0.004986}}
{"target": -1920.7571943197722, "params": {"gamma": 9.630360355507971, "lr": 0.9382617685023783}, "datetime": {"datetime": "2024-06-13 20:37:15", "elapsed": 4.67413, "delta": 0.00399}}
{"target": -623.1272228682841, "params": {"gamma": 2.6009297005949668, "lr": 0.20139185371372026}, "datetime": {"datetime": "2024-06-13 20:37:15", "elapsed": 4.678119, "delta": 0.003989}}
{"target": -1139.4132406462952, "params": {"gamma": 5.889498124357467, "lr": 0.8425182098415589}, "datetime": {"datetime": "2024-06-13 20:37:15", "elapsed": 4.682109, "delta": 0.00399}}
{"target": -588.4765613257088, "params": {"gamma": 3.3678741763608038, "lr": 0.5864294214642616}, "datetime": {"datetime": "2024-06-13 20:37:15", "elapsed": 4.687095, "delta": 0.004986}}
{"target": -395.4010367539176, "params": {"gamma": 1.623287749788599, "lr": 0.19459373523814183}, "datetime": {"datetime": "2024-06-13 20:37:15", "elapsed": 4.691084, "delta": 0.003989}}
{"target": -1807.9130983739028, "params": {"gamma": 7.613590824704965, "lr": 0.15009846135204996}, "datetime": {"datetime": "2024-06-13 20:37:15", "elapsed": 4.695074, "delta": 0.00399}}
{"target": -501.9415033824514, "params": {"gamma": 2.659804503437227, "lr": 0.6894948631776694}, "datetime": {"datetime": "2024-06-13 20:37:15", "elapsed": 4.699063, "delta": 0.003989}}
{"target": -141.341742539923, "params": {"gamma": 0.15187798702215813, "lr": 0.03219440386857053}, "datetime": {"datetime": "2024-06-13 20:37:15", "elapsed": 4.703052, "delta": 0.003989}}
{"target": -508.5536366447284, "params": {"gamma": 2.8759718743002627, "lr": 0.3366231805122991}, "datetime": {"datetime": "2024-06-13 20:37:15", "elapsed": 4.708039, "delta": 0.004987}}
{"target": -698.8978807735808, "params": {"gamma": 3.622798839194582, "lr": 0.8071905755135196}, "datetime": {"datetime": "2024-06-13 20:37:15", "elapsed": 4.712028, "delta": 0.003989}}
{"target": -143.35129200226626, "params": {"gamma": 0.3607736956187603, "lr": 0.3583952446253251}, "datetime": {"datetime": "2024-06-13 20:37:15", "elapsed": 4.716018, "delta": 0.00399}}
{"target": -1517.564550094996, "params": {"gamma": 6.383143054534976, "lr": 0.14300410951832265}, "datetime": {"datetime": "2024-06-13 20:37:15", "elapsed": 4.720007, "delta": 0.003989}}
{"target": -1500.7945846086232, "params": {"gamma": 8.577528406499894, "lr": 0.6455644082734328}, "datetime": {"datetime": "2024-06-13 20:37:15", "elapsed": 4.724994, "delta": 0.004987}}
{"target": -291.19590463996605, "params": {"gamma": 1.1538189613747907, "lr": 0.2080974099989472}, "datetime": {"datetime": "2024-06-13 20:37:15", "elapsed": 4.728983, "delta": 0.003989}}
{"target": -1228.7084834779846, "params": {"gamma": 7.455237809150899, "lr": 0.40340662833417285}, "datetime": {"datetime": "2024-06-13 20:37:15", "elapsed": 4.732972, "delta": 0.003989}}
{"target": -961.5378115892332, "params": {"gamma": 4.84521613942412, "lr": 0.8874550780727275}, "datetime": {"datetime": "2024-06-13 20:37:15", "elapsed": 4.736962, "delta": 0.00399}}
{"target": -302.0812552913997, "params": {"gamma": 1.3752980526926846, "lr": 0.9643727973861176}, "datetime": {"datetime": "2024-06-13 20:37:15", "elapsed": 4.741949, "delta": 0.004987}}
{"target": -162.83473300995973, "params": {"gamma": 0.4272541882840023, "lr": 0.09944025725488481}, "datetime": {"datetime": "2024-06-13 20:37:15", "elapsed": 4.745937, "delta": 0.003988}}
{"target": -441.52379841122826, "params": {"gamma": 2.2331610709734946, "lr": 0.8065850822605141}, "datetime": {"datetime": "2024-06-13 20:37:15", "elapsed": 4.749927, "delta": 0.00399}}
{"target": -804.7241895771605, "params": {"gamma": 4.559272200887655, "lr": 0.6532511422613194}, "datetime": {"datetime": "2024-06-13 20:37:15", "elapsed": 4.754529, "delta": 0.004602}}
{"target": -431.68559159549386, "params": {"gamma": 1.7440370540608525, "lr": 0.16672193292652826}, "datetime": {"datetime": "2024-06-13 20:37:15", "elapsed": 4.758519, "delta": 0.00399}}
{"target": -971.8358261901795, "params": {"gamma": 5.208962557197339, "lr": 0.7402936352802216}, "datetime": {"datetime": "2024-06-13 20:37:15", "elapsed": 4.763506, "delta": 0.004987}}
{"target": -906.1059798811702, "params": {"gamma": 4.62528217768507, "lr": 0.8696140851211128}, "datetime": {"datetime": "2024-06-13 20:37:15", "elapsed": 4.767495, "delta": 0.003989}}
{"target": -1558.3135228080903, "params": {"gamma": 6.604458934771733, "lr": 0.2490900884519328}, "datetime": {"datetime": "2024-06-13 20:37:15", "elapsed": 4.771485, "delta": 0.00399}}
{"target": -415.5861675417367, "params": {"gamma": 2.3497873058002465, "lr": 0.3740467168670696}, "datetime": {"datetime": "2024-06-13 20:37:15", "elapsed": 4.776471, "delta": 0.004986}}
{"target": -1512.2529870939059, "params": {"gamma": 7.566403946905877, "lr": 0.9379376643097822}, "datetime": {"datetime": "2024-06-13 20:37:15", "elapsed": 4.78046, "delta": 0.003989}}
{"target": -1716.8522362532497, "params": {"gamma": 8.61919808718901, "lr": 0.26161079268292176}, "datetime": {"datetime": "2024-06-13 20:37:15", "elapsed": 4.78445, "delta": 0.00399}}
{"target": -730.1927665437928, "params": {"gamma": 4.12337700085772, "lr": 0.6115440994503215}, "datetime": {"datetime": "2024-06-13 20:37:15", "elapsed": 4.788439, "delta": 0.003989}}
{"target": -925.3323381942499, "params": {"gamma": 5.468797723702268, "lr": 0.3892749454089657}, "datetime": {"datetime": "2024-06-13 20:37:15", "elapsed": 4.793425, "delta": 0.004986}}
{"target": -222.06295951280958, "params": {"gamma": 1.0151063480358857, "lr": 0.7122448043972556}, "datetime": {"datetime": "2024-06-13 20:37:15", "elapsed": 4.797415, "delta": 0.00399}}
{"target": -213.9313568096297, "params": {"gamma": 0.8822635040904132, "lr": 0.8660774293737196}, "datetime": {"datetime": "2024-06-13 20:37:15", "elapsed": 4.801404, "delta": 0.003989}}
{"target": -1583.1715373155089, "params": {"gamma": 8.634620954886014, "lr": 0.7084507915153727}, "datetime": {"datetime": "2024-06-13 20:37:15", "elapsed": 4.806391, "delta": 0.004987}}
{"target": -899.4016466137292, "params": {"gamma": 4.864759313503054, "lr": 0.6991465654129165}, "datetime": {"datetime": "2024-06-13 20:37:15", "elapsed": 4.81038, "delta": 0.003989}}
{"target": -763.1103668118973, "params": {"gamma": 3.950475613957549, "lr": 0.7974959842933487}, "datetime": {"datetime": "2024-06-13 20:37:15", "elapsed": 4.81437, "delta": 0.00399}}
{"target": -1867.0969869875373, "params": {"gamma": 7.864384405716199, "lr": 0.15552858387362167}, "datetime": {"datetime": "2024-06-13 20:37:15", "elapsed": 4.819356, "delta": 0.004986}}
{"target": -559.7469011065753, "params": {"gamma": 3.1788576859556272, "lr": 0.34398317678599033}, "datetime": {"datetime": "2024-06-13 20:37:15", "elapsed": 4.823345, "delta": 0.003989}}
{"target": -621.3578441931728, "params": {"gamma": 3.6423388162366046, "lr": 0.5666455566878987}, "datetime": {"datetime": "2024-06-13 20:37:15", "elapsed": 4.827335, "delta": 0.00399}}
{"target": -148.12613246809062, "params": {"gamma": 0.4178327377603575, "lr": 0.6599697189638991}, "datetime": {"datetime": "2024-06-13 20:37:15", "elapsed": 4.832322, "delta": 0.004987}}
{"target": -346.7631598859696, "params": {"gamma": 2.0171159588072864, "lr": 0.4164625561731081}, "datetime": {"datetime": "2024-06-13 20:37:15", "elapsed": 4.836311, "delta": 0.003989}}
{"target": -786.088838974911, "params": {"gamma": 4.5094756723505, "lr": 0.3487267695476459}, "datetime": {"datetime": "2024-06-13 20:37:15", "elapsed": 4.841298, "delta": 0.004987}}
{"target": -930.5549339504123, "params": {"gamma": 3.8334198209699974, "lr": 0.18030606084775935}, "datetime": {"datetime": "2024-06-13 20:37:15", "elapsed": 4.845287, "delta": 0.003989}}
{"target": -167.33524334387124, "params": {"gamma": 0.68223244388335, "lr": 0.5512566489358516}, "datetime": {"datetime": "2024-06-13 20:37:15", "elapsed": 4.849276, "delta": 0.003989}}
{"target": -1417.5118915137296, "params": {"gamma": 5.959073589220895, "lr": 0.1454997892217088}, "datetime": {"datetime": "2024-06-13 20:37:15", "elapsed": 4.854262, "delta": 0.004986}}
{"target": -445.51168345100285, "params": {"gamma": 2.310186141512919, "lr": 0.2863771315373824}, "datetime": {"datetime": "2024-06-13 20:37:15", "elapsed": 4.858252, "delta": 0.00399}}
{"target": -1971.7111695868164, "params": {"gamma": 8.307682917677353, "lr": 0.15342094116241234}, "datetime": {"datetime": "2024-06-13 20:37:15", "elapsed": 4.862242, "delta": 0.00399}}
{"target": -932.2089724538325, "params": {"gamma": 5.521835936727261, "lr": 0.5681397176921924}, "datetime": {"datetime": "2024-06-13 20:37:15", "elapsed": 4.868226, "delta": 0.005984}}
{"target": -603.1489184433543, "params": {"gamma": 3.434857510993614, "lr": 0.3506171893069536}, "datetime": {"datetime": "2024-06-13 20:37:15", "elapsed": 4.875207, "delta": 0.006981}}
{"target": -1607.4092056284233, "params": {"gamma": 9.591161063174503, "lr": 0.5533439494595207}, "datetime": {"datetime": "2024-06-13 20:37:15", "elapsed": 4.882189, "delta": 0.006982}}
{"target": -1070.5553763854532, "params": {"gamma": 6.527659277808647, "lr": 0.4907401164444133}, "datetime": {"datetime": "2024-06-13 20:37:15", "elapsed": 4.886177, "delta": 0.003988}}
{"target": -1135.5405295729677, "params": {"gamma": 6.466853166736234, "lr": 0.605250785507062}, "datetime": {"datetime": "2024-06-13 20:37:15", "elapsed": 4.891164, "delta": 0.004987}}
{"target": -274.33308522753657, "params": {"gamma": 1.452587755908036, "lr": 0.3346805328845932}, "datetime": {"datetime": "2024-06-13 20:37:15", "elapsed": 4.895411, "delta": 0.004247}}
{"target": -1079.7344155962444, "params": {"gamma": 4.604879500595876, "lr": 0.12782166160638486}, "datetime": {"datetime": "2024-06-13 20:37:15", "elapsed": 4.899396, "delta": 0.003985}}
{"target": -860.1822025488481, "params": {"gamma": 3.6313701627213772, "lr": 0.22814163429292222}, "datetime": {"datetime": "2024-06-13 20:37:15", "elapsed": 4.904382, "delta": 0.004986}}
{"target": -1463.819342235429, "params": {"gamma": 8.47517852010175, "lr": 0.34147408002129864}, "datetime": {"datetime": "2024-06-13 20:37:15", "elapsed": 4.908372, "delta": 0.00399}}
{"target": -386.1980062830136, "params": {"gamma": 2.268666417341983, "lr": 0.4081814028522822}, "datetime": {"datetime": "2024-06-13 20:37:15", "elapsed": 4.912361, "delta": 0.003989}}
{"target": -1699.7544665956914, "params": {"gamma": 6.830957412174848, "lr": 0.06562199896142484}, "datetime": {"datetime": "2024-06-13 20:37:15", "elapsed": 4.917348, "delta": 0.004987}}
{"target": -352.0009109866669, "params": {"gamma": 1.8081114068162947, "lr": 0.6943069389237286}, "datetime": {"datetime": "2024-06-13 20:37:15", "elapsed": 4.921337, "delta": 0.003989}}
{"target": -1318.5835347048449, "params": {"gamma": 7.522813791436128, "lr": 0.6177542796100679}, "datetime": {"datetime": "2024-06-13 20:37:15", "elapsed": 4.925326, "delta": 0.003989}}
{"target": -2125.1390155165013, "params": {"gamma": 8.792106406805418, "lr": 0.16880019007759361}, "datetime": {"datetime": "2024-06-13 20:37:15", "elapsed": 4.929315, "delta": 0.003989}}
{"target": -1407.267576374819, "params": {"gamma": 7.0357737742820845, "lr": 0.9172601590800086}, "datetime": {"datetime": "2024-06-13 20:37:15", "elapsed": 4.934303, "delta": 0.004988}}
{"target": -367.7119273486271, "params": {"gamma": 1.508245851371479, "lr": 0.24376397739618116}, "datetime": {"datetime": "2024-06-13 20:37:15", "elapsed": 4.938292, "delta": 0.003989}}
{"target": -949.6214235660159, "params": {"gamma": 5.467299036335953, "lr": 0.3441193369759975}, "datetime": {"datetime": "2024-06-13 20:37:15", "elapsed": 4.943279, "delta": 0.004987}}
{"target": -1718.4606401457943, "params": {"gamma": 6.90670016874316, "lr": 0.05756761842510749}, "datetime": {"datetime": "2024-06-13 20:37:15", "elapsed": 4.947268, "delta": 0.003989}}
{"target": -321.9442543535286, "params": {"gamma": 1.6084806590922747, "lr": 0.7162383064796215}, "datetime": {"datetime": "2024-06-13 20:37:15", "elapsed": 4.951257, "delta": 0.003989}}
{"target": -1935.7735328248918, "params": {"gamma": 9.706216365641005, "lr": 0.9295503765123406}, "datetime": {"datetime": "2024-06-13 20:37:15", "elapsed": 4.956244, "delta": 0.004987}}
{"target": -2101.592517090059, "params": {"gamma": 9.010768867234715, "lr": 0.12774331390359328}, "datetime": {"datetime": "2024-06-13 20:37:15", "elapsed": 4.960233, "delta": 0.003989}}
{"target": -381.36391208733426, "params": {"gamma": 1.4601432517979631, "lr": 0.07226475681487265}, "datetime": {"datetime": "2024-06-13 20:37:15", "elapsed": 4.964223, "delta": 0.00399}}
{"target": -1074.770451876811, "params": {"gamma": 5.425859791214765, "lr": 0.8824861729023715}, "datetime": {"datetime": "2024-06-13 20:37:15", "elapsed": 4.969209, "delta": 0.004986}}
{"target": -1021.8082068765359, "params": {"gamma": 5.318387208768819, "lr": 0.7817152853959399}, "datetime": {"datetime": "2024-06-13 20:37:15", "elapsed": 4.973198, "delta": 0.003989}}
{"target": -387.7312912437152, "params": {"gamma": 1.8853494153257044, "lr": 0.863111260166335}, "datetime": {"datetime": "2024-06-13 20:37:15", "elapsed": 4.977188, "delta": 0.00399}}
{"target": -480.63555251099876, "params": {"gamma": 1.8750602824827893, "lr": 0.054764126066523255}, "datetime": {"datetime": "2024-06-13 20:37:15", "elapsed": 4.981177, "delta": 0.003989}}
{"target": -715.9348152445936, "params": {"gamma": 4.215488613270554, "lr": 0.5551044300084385}, "datetime": {"datetime": "2024-06-13 20:37:15", "elapsed": 4.986164, "delta": 0.004987}}
{"target": -2409.5253172377124, "params": {"gamma": 9.707449353204424, "lr": 0.09175383344119148}, "datetime": {"datetime": "2024-06-13 20:37:15", "elapsed": 4.990153, "delta": 0.003989}}
{"target": -685.110131836621, "params": {"gamma": 2.7399070142023203, "lr": 0.10510706908204948}, "datetime": {"datetime": "2024-06-13 20:37:15", "elapsed": 4.994142, "delta": 0.003989}}
{"target": -737.7822646284578, "params": {"gamma": 3.9050059277394262, "lr": 0.2890110831877697}, "datetime": {"datetime": "2024-06-13 20:37:15", "elapsed": 4.998132, "delta": 0.00399}}
{"target": -892.6027840485382, "params": {"gamma": 5.133490194329599, "lr": 0.348256681750747}, "datetime": {"datetime": "2024-06-13 20:37:15", "elapsed": 5.003118, "delta": 0.004986}}
{"target": -1774.1529393009735, "params": {"gamma": 9.28235195448276, "lr": 0.7899477963830404}, "datetime": {"datetime": "2024-06-13 20:37:15", "elapsed": 5.007108, "delta": 0.00399}}
{"target": -2008.674625115093, "params": {"gamma": 8.610252674771141, "lr": 0.12950094594289585}, "datetime": {"datetime": "2024-06-13 20:37:15", "elapsed": 5.011097, "delta": 0.003989}}
{"target": -1366.444396077529, "params": {"gamma": 5.751126599720151, "lr": 0.21478253588485874}, "datetime": {"datetime": "2024-06-13 20:37:15", "elapsed": 5.016084, "delta": 0.004987}}
{"target": -2157.06338250309, "params": {"gamma": 8.682517475837448, "lr": 0.015019421753424078}, "datetime": {"datetime": "2024-06-13 20:37:15", "elapsed": 5.020073, "delta": 0.003989}}
{"target": -212.0891001357554, "params": {"gamma": 1.0583364070853916, "lr": 0.3760570755473156}, "datetime": {"datetime": "2024-06-13 20:37:15", "elapsed": 5.024063, "delta": 0.00399}}
{"target": -809.2736316549609, "params": {"gamma": 4.021536967025843, "lr": 0.2772200829786826}, "datetime": {"datetime": "2024-06-13 20:37:15", "elapsed": 5.028052, "delta": 0.003989}}
{"target": -259.4042196445517, "params": {"gamma": 0.9615339246006319, "lr": 0.11873040511259358}, "datetime": {"datetime": "2024-06-13 20:37:15", "elapsed": 5.033038, "delta": 0.004986}}
{"target": -646.8486672295871, "params": {"gamma": 3.1801295937194918, "lr": 0.9507928340777205}, "datetime": {"datetime": "2024-06-13 20:37:15", "elapsed": 5.038025, "delta": 0.004987}}
{"target": -403.06431453433794, "params": {"gamma": 2.0748582416284203, "lr": 0.7472803210592225}, "datetime": {"datetime": "2024-06-13 20:37:15", "elapsed": 5.042015, "delta": 0.00399}}
