{"target": -95.95519008191921, "params": {"p_ai": 2.8891714248604496, "p_al": 7.097447712852041, "p_ex": 3.0561323897351946, "prior": 5.559116755024119, "rate": 9.180773914005606}, "datetime": {"datetime": "2024-06-13 01:41:34", "elapsed": 205.286851, "delta": 0.109709}}
{"target": -101.77650215495832, "params": {"p_ai": 2.479454855440029, "p_al": 1.11930196523077, "p_ex": 5.135894220893158, "prior": 9.137244761986132, "rate": 1.7932038323176576}, "datetime": {"datetime": "2024-06-13 01:41:34", "elapsed": 205.392571, "delta": 0.10572}}
{"target": -121.11226665772922, "params": {"p_ai": 2.5595284250867927, "p_al": 0.3409243101748873, "p_ex": 0.15470207973635725, "prior": 5.422645236796178, "rate": 8.553747523723965}, "datetime": {"datetime": "2024-06-13 01:41:34", "elapsed": 205.498611, "delta": 0.10604}}
{"target": -84.24960295975461, "params": {"p_ai": 4.4657816155356675, "p_al": 2.357135848615219, "p_ex": 9.36540396422141, "prior": 6.192469585732864, "rate": 8.645897035050032}, "datetime": {"datetime": "2024-06-13 01:41:34", "elapsed": 205.603548, "delta": 0.104937}}
{"target": -92.31918874059457, "params": {"p_ai": 1.282005745817034, "p_al": 4.412942570473553, "p_ex": 8.575682143149248, "prior": 8.982037953044289, "rate": 8.772761648279566}, "datetime": {"datetime": "2024-06-13 01:41:34", "elapsed": 205.709771, "delta": 0.106223}}
{"target": -104.72059885139956, "params": {"p_ai": 6.255094516482575, "p_al": 7.581360105825246, "p_ex": 6.755308180003398, "prior": 8.451789636967945, "rate": 6.32484141935293}, "datetime": {"datetime": "2024-06-13 01:41:34", "elapsed": 205.814884, "delta": 0.105113}}
{"target": -104.38318114901226, "params": {"p_ai": 1.7197256280146134, "p_al": 6.505549393951734, "p_ex": 4.553944860862338, "prior": 0.5894475654255449, "rate": 5.3590922745746745}, "datetime": {"datetime": "2024-06-13 01:41:34", "elapsed": 205.919604, "delta": 0.10472}}
{"target": -117.38460989504652, "params": {"p_ai": 4.393482215124105, "p_al": 8.747389417664913, "p_ex": 6.607572295198009, "prior": 2.608620400961451, "rate": 2.1684377884048662}, "datetime": {"datetime": "2024-06-13 01:41:34", "elapsed": 206.025321, "delta": 0.105717}}
{"target": -125.42807670960698, "params": {"p_ai": 0.9741343125990107, "p_al": 4.6919722422118255, "p_ex": 3.49864716108863, "prior": 5.773912930700538, "rate": 0.5703629844543111}, "datetime": {"datetime": "2024-06-13 01:41:34", "elapsed": 206.129044, "delta": 0.103723}}
{"target": -98.70110307190969, "params": {"p_ai": 2.499922353769078, "p_al": 5.1234334402008574, "p_ex": 3.760205919567236, "prior": 6.269392688573962, "rate": 3.732826110384206}, "datetime": {"datetime": "2024-06-13 01:41:35", "elapsed": 206.242244, "delta": 0.1132}}
{"target": -99.75707666105933, "params": {"p_ai": 4.603671029238606, "p_al": 2.3429211183676726, "p_ex": 2.996592129373345, "prior": 1.1537282156041937, "rate": 7.72462135063049}, "datetime": {"datetime": "2024-06-13 01:41:35", "elapsed": 206.375515, "delta": 0.133271}}
{"target": -142.662904875649, "params": {"p_ai": 7.939035508710159, "p_al": 0.44031459326531047, "p_ex": 1.6104517992516383, "prior": 8.028774521030188, "rate": 9.104856994771925}, "datetime": {"datetime": "2024-06-13 01:41:35", "elapsed": 206.488536, "delta": 0.113021}}
{"target": -110.36372256351821, "params": {"p_ai": 3.6925387525356554, "p_al": 6.753429509418871, "p_ex": 1.900747060859965, "prior": 8.712451966416536, "rate": 8.247238520857891}, "datetime": {"datetime": "2024-06-13 01:41:35", "elapsed": 206.614381, "delta": 0.125845}}
{"target": -88.4915454915169, "params": {"p_ai": 2.5008789009692247, "p_al": 5.928901706805605, "p_ex": 7.3578939279952476, "prior": 8.838553387439257, "rate": 4.677811991869022}, "datetime": {"datetime": "2024-06-13 01:41:35", "elapsed": 206.727108, "delta": 0.112727}}
{"target": -81.45697478096827, "params": {"p_ai": 1.3470733481294213, "p_al": 1.094841814191649, "p_ex": 5.297243675558832, "prior": 0.49383643442013075, "rate": 6.209338226934207}, "datetime": {"datetime": "2024-06-13 01:41:35", "elapsed": 206.839777, "delta": 0.112669}}
{"target": -130.4626440847365, "params": {"p_ai": 0.3342487213443545, "p_al": 0.2128158500293292, "p_ex": 0.7530176178456772, "prior": 3.6809175726662704, "rate": 3.818141513157325}, "datetime": {"datetime": "2024-06-13 01:41:35", "elapsed": 206.957739, "delta": 0.117962}}
{"target": -117.78255514164832, "params": {"p_ai": 7.669934398787617, "p_al": 8.459621377194617, "p_ex": 7.272280709633233, "prior": 8.844447408912934, "rate": 5.749449999119452}, "datetime": {"datetime": "2024-06-13 01:41:35", "elapsed": 207.065451, "delta": 0.107712}}
{"target": -144.33633158105258, "params": {"p_ai": 9.398903366834306, "p_al": 9.06798682019018, "p_ex": 4.48492000028398, "prior": 4.797781289050013, "rate": 8.566736123057751}, "datetime": {"datetime": "2024-06-13 01:41:36", "elapsed": 207.178154, "delta": 0.112703}}
{"target": -169.44099096928286, "params": {"p_ai": 3.984662715258157, "p_al": 9.420055749190025, "p_ex": 2.933826269617242, "prior": 2.590815299665099, "rate": 1.0901714124352648}, "datetime": {"datetime": "2024-06-13 01:41:36", "elapsed": 207.283714, "delta": 0.10556}}
{"target": -80.86873145795315, "params": {"p_ai": 2.471187095298555, "p_al": 5.3779986604796, "p_ex": 9.802393583495558, "prior": 2.0780894529072613, "rate": 5.470652839172488}, "datetime": {"datetime": "2024-06-13 01:41:36", "elapsed": 207.389434, "delta": 0.10572}}
{"target": -161.67780463837892, "params": {"p_ai": 8.784026964746444, "p_al": 5.897029210758115, "p_ex": 8.352926533735896, "prior": 2.393615931358836, "rate": 0.7317241750859406}, "datetime": {"datetime": "2024-06-13 01:41:36", "elapsed": 207.493927, "delta": 0.104493}}
{"target": -130.05266710391334, "params": {"p_ai": 9.529711071203222, "p_al": 1.12415740911268, "p_ex": 8.024162561181278, "prior": 6.51049956673395, "rate": 8.651276327807269}, "datetime": {"datetime": "2024-06-13 01:41:36", "elapsed": 207.599448, "delta": 0.105521}}
{"target": -97.96088373456963, "params": {"p_ai": 6.297865904193896, "p_al": 2.982484717370885, "p_ex": 9.314887904714922, "prior": 6.923328164237853, "rate": 8.766491081598325}, "datetime": {"datetime": "2024-06-13 01:41:36", "elapsed": 207.705168, "delta": 0.10572}}
{"target": -117.68095615500654, "params": {"p_ai": 8.155107426895412, "p_al": 1.3608872102611669, "p_ex": 6.994424876763647, "prior": 6.810378925463789, "rate": 7.558203771887153}, "datetime": {"datetime": "2024-06-13 01:41:36", "elapsed": 207.810454, "delta": 0.105286}}
{"target": -176.13367842528461, "params": {"p_ai": 7.996706469346298, "p_al": 9.414519270096738, "p_ex": 0.6524073948204284, "prior": 5.086641906303749, "rate": 4.997070133205862}, "datetime": {"datetime": "2024-06-13 01:41:36", "elapsed": 207.915639, "delta": 0.105185}}
{"target": -122.18403317649428, "params": {"p_ai": 7.0079414003989475, "p_al": 9.95603813701815, "p_ex": 9.079903831413358, "prior": 2.9695743927041773, "rate": 3.3582093092894074}, "datetime": {"datetime": "2024-06-13 01:41:36", "elapsed": 208.02136, "delta": 0.105721}}
{"target": -142.3116612060384, "params": {"p_ai": 8.201886874036, "p_al": 3.6167752366875074, "p_ex": 3.254424386140797, "prior": 4.447593325863283, "rate": 2.7719288711687775}, "datetime": {"datetime": "2024-06-13 01:41:36", "elapsed": 208.126076, "delta": 0.104716}}
{"target": -149.44801598577024, "params": {"p_ai": 7.490303509857709, "p_al": 4.527305674218615, "p_ex": 1.6400712810933544, "prior": 9.904617162543863, "rate": 3.380634836004196}, "datetime": {"datetime": "2024-06-13 01:41:37", "elapsed": 208.230796, "delta": 0.10472}}
{"target": -89.723816517417, "params": {"p_ai": 3.0182894374658042, "p_al": 2.2540360879178154, "p_ex": 4.258012506403847, "prior": 6.951510100013808, "rate": 6.024463090968305}, "datetime": {"datetime": "2024-06-13 01:41:37", "elapsed": 208.335516, "delta": 0.10472}}
{"target": -95.30127730837411, "params": {"p_ai": 1.8154277802533894, "p_al": 2.646352911067262, "p_ex": 5.982902835498565, "prior": 8.580609180581801, "rate": 4.129748274092657}, "datetime": {"datetime": "2024-06-13 01:41:37", "elapsed": 208.441234, "delta": 0.105718}}
{"target": -97.26407672060925, "params": {"p_ai": 2.159265882128531, "p_al": 3.234561011888553, "p_ex": 6.9172126440284645, "prior": 7.009786877455434, "rate": 2.234282424435185}, "datetime": {"datetime": "2024-06-13 01:41:37", "elapsed": 208.546436, "delta": 0.105202}}
{"target": -93.91457064776236, "params": {"p_ai": 3.9655599000973614, "p_al": 6.993599747463365, "p_ex": 7.206028835833273, "prior": 1.3060269515928042, "rate": 6.094130941477607}, "datetime": {"datetime": "2024-06-13 01:41:37", "elapsed": 208.651156, "delta": 0.10472}}
{"target": -142.5795071747613, "params": {"p_ai": 8.860780604176751, "p_al": 5.824031202572268, "p_ex": 3.072782268537545, "prior": 7.451659090914785, "rate": 9.776990621630928}, "datetime": {"datetime": "2024-06-13 01:41:37", "elapsed": 208.756873, "delta": 0.105717}}
{"target": -197.91276219393922, "params": {"p_ai": 9.04633231716986, "p_al": 8.716160144918383, "p_ex": 0.003922193057461108, "prior": 5.826579941183415, "rate": 2.6279371999932573}, "datetime": {"datetime": "2024-06-13 01:41:37", "elapsed": 208.861976, "delta": 0.105103}}
{"target": -118.15894259815222, "params": {"p_ai": 8.130244891969703, "p_al": 5.23526283745264, "p_ex": 8.939108850131829, "prior": 5.237925787644913, "rate": 8.911460302578277}, "datetime": {"datetime": "2024-06-13 01:41:37", "elapsed": 208.966698, "delta": 0.104722}}
{"target": -87.43888779872073, "params": {"p_ai": 4.497764508230413, "p_al": 5.615436937758651, "p_ex": 8.125032960357574, "prior": 4.032314414262975, "rate": 5.687113316080488}, "datetime": {"datetime": "2024-06-13 01:41:37", "elapsed": 209.07193, "delta": 0.105232}}
{"target": -130.3274873242084, "params": {"p_ai": 8.984714318038437, "p_al": 4.8467417158094594, "p_ex": 5.906300764710574, "prior": 9.363857452858312, "rate": 8.83263271940978}, "datetime": {"datetime": "2024-06-13 01:41:38", "elapsed": 209.17665, "delta": 0.10472}}
{"target": -133.29894707520057, "params": {"p_ai": 7.577434997922026, "p_al": 7.112598718301506, "p_ex": 8.192131754208267, "prior": 1.0617119662258163, "rate": 3.810952160479885}, "datetime": {"datetime": "2024-06-13 01:41:38", "elapsed": 209.282367, "delta": 0.105717}}
{"target": -134.19553634392105, "params": {"p_ai": 5.458359106284024, "p_al": 8.585235455408231, "p_ex": 1.4648771670928944, "prior": 7.140681245430711, "rate": 5.910080443703744}, "datetime": {"datetime": "2024-06-13 01:41:38", "elapsed": 209.388232, "delta": 0.105865}}
{"target": -95.45424173318114, "params": {"p_ai": 6.0875909936487345, "p_al": 3.726815752106986, "p_ex": 9.15830642449183, "prior": 7.13933726242808, "rate": 6.683325835506722}, "datetime": {"datetime": "2024-06-13 01:41:38", "elapsed": 209.494863, "delta": 0.106631}}
{"target": -119.46058599729389, "params": {"p_ai": 2.2154321038106217, "p_al": 8.1289389260247, "p_ex": 4.95904725217079, "prior": 5.084200781464436, "rate": 0.8482490698586993}, "datetime": {"datetime": "2024-06-13 01:41:38", "elapsed": 209.600307, "delta": 0.105444}}
{"target": -98.51888955991704, "params": {"p_ai": 4.373244258236222, "p_al": 8.632149255500682, "p_ex": 6.802683723363489, "prior": 1.8950581131297959, "rate": 5.841148942244931}, "datetime": {"datetime": "2024-06-13 01:41:38", "elapsed": 209.705027, "delta": 0.10472}}
{"target": -131.0352110197054, "params": {"p_ai": 9.440120998803936, "p_al": 5.075095122577021, "p_ex": 9.674056937250327, "prior": 3.663304010988193, "rate": 2.9081982683005547}, "datetime": {"datetime": "2024-06-13 01:41:38", "elapsed": 209.810201, "delta": 0.105174}}
{"target": -156.47569200346442, "params": {"p_ai": 8.398665743541141, "p_al": 8.697381609098198, "p_ex": 2.017460785212376, "prior": 7.194800422731128, "rate": 5.921473523245135}, "datetime": {"datetime": "2024-06-13 01:41:38", "elapsed": 209.915543, "delta": 0.105342}}
{"target": -124.42726949850925, "params": {"p_ai": 8.94522136625385, "p_al": 1.4953085457292612, "p_ex": 7.630508798302322, "prior": 6.89986272904379, "rate": 7.950362828454771}, "datetime": {"datetime": "2024-06-13 01:41:38", "elapsed": 210.021613, "delta": 0.10607}}
{"target": -100.1650846015153, "params": {"p_ai": 4.5334216455871585, "p_al": 2.285080750396072, "p_ex": 2.8612639050635336, "prior": 3.0437248840947517, "rate": 8.402831110698429}, "datetime": {"datetime": "2024-06-13 01:41:38", "elapsed": 210.126333, "delta": 0.10472}}
{"target": -114.24426935029003, "params": {"p_ai": 5.372038987196228, "p_al": 5.636276018949885, "p_ex": 2.8423948482288677, "prior": 8.341748975598378, "rate": 7.049602636525978}, "datetime": {"datetime": "2024-06-13 01:41:39", "elapsed": 210.233048, "delta": 0.106715}}
{"target": -137.7485013508291, "params": {"p_ai": 8.781517473429453, "p_al": 1.3161352297481828, "p_ex": 8.496128765204425, "prior": 0.5220714718378262, "rate": 8.771411721092127}, "datetime": {"datetime": "2024-06-13 01:41:39", "elapsed": 210.338765, "delta": 0.105717}}
{"target": -99.78043288039744, "params": {"p_ai": 2.398175280570108, "p_al": 8.856757888094753, "p_ex": 3.7937200294297595, "prior": 8.429330555103737, "rate": 5.396590617151947}, "datetime": {"datetime": "2024-06-13 01:41:39", "elapsed": 210.444744, "delta": 0.105979}}
{"target": -124.56259319991415, "params": {"p_ai": 5.642190342955606, "p_al": 9.84022894951784, "p_ex": 9.63751153551982, "prior": 1.1441289022704242, "rate": 3.6421150962027857}, "datetime": {"datetime": "2024-06-13 01:41:39", "elapsed": 210.550434, "delta": 0.10569}}
{"target": -109.62769568875065, "params": {"p_ai": 2.506212038324754, "p_al": 4.483507611579368, "p_ex": 1.2644028687416509, "prior": 5.116170822812115, "rate": 8.655956316551622}, "datetime": {"datetime": "2024-06-13 01:41:39", "elapsed": 210.657324, "delta": 0.10689}}
{"target": -112.77618573295852, "params": {"p_ai": 3.524182459137863, "p_al": 1.557248674792178, "p_ex": 3.0733042597656954, "prior": 7.429002665405236, "rate": 0.9136723471660736}, "datetime": {"datetime": "2024-06-13 01:41:39", "elapsed": 210.763041, "delta": 0.105717}}
{"target": -144.9823107466744, "params": {"p_ai": 7.356081525521679, "p_al": 6.139605696996387, "p_ex": 7.4028472256456945, "prior": 0.09148820794806983, "rate": 7.205005956911262}, "datetime": {"datetime": "2024-06-13 01:41:39", "elapsed": 210.868509, "delta": 0.105468}}
{"target": -123.34797512696272, "params": {"p_ai": 3.20652192916414, "p_al": 6.330086992140342, "p_ex": 0.5393129725551014, "prior": 5.564785932218573, "rate": 9.416039732034474}, "datetime": {"datetime": "2024-06-13 01:41:39", "elapsed": 210.973229, "delta": 0.10472}}
{"target": -116.66135028388756, "params": {"p_ai": 3.2015370071173717, "p_al": 5.227843986477157, "p_ex": 4.077705890820247, "prior": 5.69696279590871, "rate": 0.6841180889586145}, "datetime": {"datetime": "2024-06-13 01:41:39", "elapsed": 211.078947, "delta": 0.105718}}
{"target": -120.79402662119446, "params": {"p_ai": 3.619441042802784, "p_al": 5.207068985721982, "p_ex": 0.8491598305113975, "prior": 4.677000648386591, "rate": 7.722524554423631}, "datetime": {"datetime": "2024-06-13 01:41:40", "elapsed": 211.188864, "delta": 0.109917}}
{"target": -109.83952445908139, "params": {"p_ai": 4.4305910985625685, "p_al": 3.9098719950651493, "p_ex": 2.7294917556221026, "prior": 0.519464887551938, "rate": 7.61845485482411}, "datetime": {"datetime": "2024-06-13 01:41:40", "elapsed": 211.294583, "delta": 0.105719}}
{"target": -128.25621364792073, "params": {"p_ai": 4.858303293752173, "p_al": 1.614305665250888, "p_ex": 0.6617195267770156, "prior": 7.57924671380558, "rate": 5.884534108373207}, "datetime": {"datetime": "2024-06-13 01:41:40", "elapsed": 211.399938, "delta": 0.105355}}
{"target": -97.55424305923472, "params": {"p_ai": 5.588089049819353, "p_al": 2.0640425222684375, "p_ex": 5.943811569671102, "prior": 9.342191524625699, "rate": 7.255065057177155}, "datetime": {"datetime": "2024-06-13 01:41:40", "elapsed": 211.505734, "delta": 0.105796}}
{"target": -105.5795081011383, "params": {"p_ai": 5.866398132628953, "p_al": 8.653086394752902, "p_ex": 9.965692892765754, "prior": 8.651215789322743, "rate": 1.792646185609348}, "datetime": {"datetime": "2024-06-13 01:41:40", "elapsed": 211.611793, "delta": 0.106059}}
{"target": -148.87659330930697, "params": {"p_ai": 6.946946260957495, "p_al": 2.963016051488197, "p_ex": 0.5962774150678829, "prior": 1.0813285195441542, "rate": 7.628174982654579}, "datetime": {"datetime": "2024-06-13 01:41:40", "elapsed": 211.716515, "delta": 0.104722}}
{"target": -102.3034577878954, "params": {"p_ai": 0.8300466458626525, "p_al": 5.146000639936082, "p_ex": 2.7448211735055996, "prior": 1.7585883064841497, "rate": 7.439143560347198}, "datetime": {"datetime": "2024-06-13 01:42:03", "elapsed": 234.434351, "delta": 22.717836}}
{"target": -94.14114171492517, "params": {"p_ai": 0.001, "p_al": 7.708827186069749, "p_ex": 8.845352331301878, "prior": 2.3150361435914792, "rate": 10.0}, "datetime": {"datetime": "2024-06-13 01:42:25", "elapsed": 256.921758, "delta": 22.487407}}
{"target": -96.09742369632936, "params": {"p_ai": 1.0938442572012306, "p_al": 0.001, "p_ex": 10.0, "prior": 0.001, "rate": 3.6765223767857957}, "datetime": {"datetime": "2024-06-13 01:42:56", "elapsed": 287.375465, "delta": 30.453707}}
{"target": -91.59826507187279, "params": {"p_ai": 0.001, "p_al": 0.6209275055624065, "p_ex": 10.0, "prior": 0.2177728113824587, "rate": 10.0}, "datetime": {"datetime": "2024-06-13 01:43:12", "elapsed": 304.024243, "delta": 16.648778}}
{"target": -80.50069482375909, "params": {"p_ai": 3.1977143839510185, "p_al": 0.001, "p_ex": 10.0, "prior": 10.0, "rate": 6.946895326080897}, "datetime": {"datetime": "2024-06-13 01:43:29", "elapsed": 321.111271, "delta": 17.087028}}
{"target": -87.67954705344721, "params": {"p_ai": 2.0788276571080155, "p_al": 4.147913367547143, "p_ex": 3.70217038701544, "prior": 1.0453869969904106, "rate": 9.394170217841362}, "datetime": {"datetime": "2024-06-13 01:43:46", "elapsed": 337.29551, "delta": 16.184239}}
{"target": -79.52430395957839, "params": {"p_ai": 3.5077796833014205, "p_al": 0.001, "p_ex": 10.0, "prior": 10.0, "rate": 10.0}, "datetime": {"datetime": "2024-06-13 01:44:01", "elapsed": 353.021334, "delta": 15.725824}}
{"target": -93.08903299892565, "params": {"p_ai": 0.001, "p_al": 0.001, "p_ex": 6.347684954076292, "prior": 1.0313275598454013, "rate": 10.0}, "datetime": {"datetime": "2024-06-13 01:44:17", "elapsed": 369.127672, "delta": 16.106338}}
{"target": -82.07958718816185, "params": {"p_ai": 1.6421565135463694, "p_al": 2.210550642120479, "p_ex": 10.0, "prior": 2.203635150109108, "rate": 10.0}, "datetime": {"datetime": "2024-06-13 01:44:37", "elapsed": 388.630061, "delta": 19.502389}}
{"target": -79.45015567150786, "params": {"p_ai": 3.2618588082423314, "p_al": 0.001, "p_ex": 10.0, "prior": 6.700984797940426, "rate": 7.824904553499215}, "datetime": {"datetime": "2024-06-13 01:44:51", "elapsed": 403.129328, "delta": 14.499267}}
{"target": -105.4158219733548, "params": {"p_ai": 0.001, "p_al": 10.0, "p_ex": 8.507113293239488, "prior": 2.033281916498289, "rate": 4.646443967104661}, "datetime": {"datetime": "2024-06-13 01:45:07", "elapsed": 418.821709, "delta": 15.692381}}
{"target": -88.87685640836665, "params": {"p_ai": 1.4616535488051392, "p_al": 4.097716351420096, "p_ex": 3.818134192421647, "prior": 1.458288331214408, "rate": 7.181774021229835}, "datetime": {"datetime": "2024-06-13 01:45:23", "elapsed": 434.569902, "delta": 15.748193}}
{"target": -82.00521349858016, "params": {"p_ai": 2.5955092462676084, "p_al": 10.0, "p_ex": 10.0, "prior": 3.1837744232793175, "rate": 10.0}, "datetime": {"datetime": "2024-06-13 01:45:48", "elapsed": 459.157714, "delta": 24.587812}}
{"target": -80.52736285411301, "params": {"p_ai": 3.8016054360875793, "p_al": 3.107014476064362, "p_ex": 10.0, "prior": 10.0, "rate": 7.148400036481361}, "datetime": {"datetime": "2024-06-13 01:46:03", "elapsed": 474.96741, "delta": 15.809696}}
{"target": -81.20538306032233, "params": {"p_ai": 3.9279099575970515, "p_al": 0.001, "p_ex": 10.0, "prior": 1.8651498413504801, "rate": 0.9485648392341473}, "datetime": {"datetime": "2024-06-13 01:46:23", "elapsed": 494.583103, "delta": 19.615693}}
{"target": -82.05804735897, "params": {"p_ai": 1.7469750147895111, "p_al": 0.001, "p_ex": 6.494648389856026, "prior": 5.12496840537239, "rate": 10.0}, "datetime": {"datetime": "2024-06-13 01:46:45", "elapsed": 517.062599, "delta": 22.479496}}
{"target": -86.66192420508942, "params": {"p_ai": 2.7204258095516733, "p_al": 10.0, "p_ex": 7.271484592652044, "prior": 1.757187794389308, "rate": 10.0}, "datetime": {"datetime": "2024-06-13 01:47:08", "elapsed": 539.555156, "delta": 22.492557}}
{"target": -80.62390452568077, "params": {"p_ai": 3.141233841062819, "p_al": 10.0, "p_ex": 10.0, "prior": 7.954441130609592, "rate": 8.789297083616614}, "datetime": {"datetime": "2024-06-13 01:47:45", "elapsed": 576.33133, "delta": 36.776174}}
{"target": -86.15256319352973, "params": {"p_ai": 2.106623626786447, "p_al": 1.0322187205924989, "p_ex": 3.5471088558140647, "prior": 1.5201287554072824, "rate": 5.113291572827545}, "datetime": {"datetime": "2024-06-13 01:48:07", "elapsed": 598.959287, "delta": 22.627957}}
{"target": -80.53077902328872, "params": {"p_ai": 2.980897115967924, "p_al": 0.001, "p_ex": 7.215828075032122, "prior": 10.0, "rate": 10.0}, "datetime": {"datetime": "2024-06-13 01:48:24", "elapsed": 615.342151, "delta": 16.382864}}
{"target": -80.9124061550348, "params": {"p_ai": 2.935196872717927, "p_al": 1.419247322088219, "p_ex": 10.0, "prior": 0.877388493673425, "rate": 2.2859058239464165}, "datetime": {"datetime": "2024-06-13 01:48:51", "elapsed": 642.83684, "delta": 27.494689}}
{"target": -92.79532105906782, "params": {"p_ai": 0.6759495322498194, "p_al": 0.3010221491242444, "p_ex": 3.418008483510308, "prior": 1.0110755733533547, "rate": 6.781910877132369}, "datetime": {"datetime": "2024-06-13 01:49:15", "elapsed": 666.600104, "delta": 23.763264}}
