{"target": -1750.1310483408217, "params": {"gamma": 7.739388583314729, "lr": 0.33427640499382627}, "datetime": {"datetime": "2024-06-13 22:59:27", "elapsed": 2.780662, "delta": 0.003989}}
{"target": -311.1241242536942, "params": {"gamma": 0.8908932100029573, "lr": 0.18490559027840836}, "datetime": {"datetime": "2024-06-13 22:59:27", "elapsed": 2.784651, "delta": 0.003989}}
{"target": -1102.8404172047804, "params": {"gamma": 5.2689919070424525, "lr": 0.417102418106858}, "datetime": {"datetime": "2024-06-13 22:59:27", "elapsed": 2.78864, "delta": 0.003989}}
{"target": -2027.054470575659, "params": {"gamma": 8.006795921634268, "lr": 0.9332023381866817}, "datetime": {"datetime": "2024-06-13 22:59:27", "elapsed": 2.792631, "delta": 0.003991}}
{"target": -452.819498385232, "params": {"gamma": 1.779469614765534, "lr": 0.8600667708762162}, "datetime": {"datetime": "2024-06-13 22:59:27", "elapsed": 2.796619, "delta": 0.003988}}
{"target": -2421.10612249771, "params": {"gamma": 9.57399186834036, "lr": 0.9594706068497821}, "datetime": {"datetime": "2024-06-13 22:59:27", "elapsed": 2.800609, "delta": 0.00399}}
{"target": -198.67457226022037, "params": {"gamma": 0.37958801461658453, "lr": 0.05758350560817371}, "datetime": {"datetime": "2024-06-13 22:59:27", "elapsed": 2.804598, "delta": 0.003989}}
{"target": -150.4067106585825, "params": {"gamma": 0.05896813178397224, "lr": 0.3126811561554764}, "datetime": {"datetime": "2024-06-13 22:59:27", "elapsed": 2.808587, "delta": 0.003989}}
{"target": -194.400077213605, "params": {"gamma": 0.5579284287083343, "lr": 0.29386248547054417}, "datetime": {"datetime": "2024-06-13 22:59:27", "elapsed": 2.812577, "delta": 0.00399}}
{"target": -911.2390588173846, "params": {"gamma": 3.5608088438258343, "lr": 0.9536770184739218}, "datetime": {"datetime": "2024-06-13 22:59:27", "elapsed": 2.816566, "delta": 0.003989}}
{"target": -1193.0375197144629, "params": {"gamma": 4.770032273945294, "lr": 0.27823844242133033}, "datetime": {"datetime": "2024-06-13 22:59:27", "elapsed": 2.820556, "delta": 0.00399}}
{"target": -1062.2248582490472, "params": {"gamma": 5.030548945314497, "lr": 0.6433579246491355}, "datetime": {"datetime": "2024-06-13 22:59:27", "elapsed": 2.824342, "delta": 0.003786}}
{"target": -287.9178604341149, "params": {"gamma": 1.1133454800017826, "lr": 0.7580616581331086}, "datetime": {"datetime": "2024-06-13 22:59:27", "elapsed": 2.828332, "delta": 0.00399}}
{"target": -2018.3001318642248, "params": {"gamma": 8.519605767101668, "lr": 0.8442498595694283}, "datetime": {"datetime": "2024-06-13 22:59:27", "elapsed": 2.832321, "delta": 0.003989}}
{"target": -1886.1169193484404, "params": {"gamma": 8.905177817288482, "lr": 0.38184239675576115}, "datetime": {"datetime": "2024-06-13 22:59:27", "elapsed": 2.83631, "delta": 0.003989}}
{"target": -1541.851271905106, "params": {"gamma": 4.438608178466819, "lr": 0.10158147594616618}, "datetime": {"datetime": "2024-06-13 22:59:27", "elapsed": 2.8403, "delta": 0.00399}}
{"target": -588.2060904070254, "params": {"gamma": 2.25884341738992, "lr": 0.971320469273211}, "datetime": {"datetime": "2024-06-13 22:59:27", "elapsed": 2.844289, "delta": 0.003989}}
{"target": -735.6893274566285, "params": {"gamma": 2.8469550657183857, "lr": 0.9073961422409973}, "datetime": {"datetime": "2024-06-13 22:59:27", "elapsed": 2.848278, "delta": 0.003989}}
{"target": -2253.045692148297, "params": {"gamma": 8.905632311496733, "lr": 0.9225044972603934}, "datetime": {"datetime": "2024-06-13 22:59:27", "elapsed": 2.852268, "delta": 0.00399}}
{"target": -408.01861194905365, "params": {"gamma": 1.5623394948435068, "lr": 0.8797221435013809}, "datetime": {"datetime": "2024-06-13 22:59:27", "elapsed": 2.856257, "delta": 0.003989}}
{"target": -1936.3585515804125, "params": {"gamma": 6.320317509680909, "lr": 0.21062817841880244}, "datetime": {"datetime": "2024-06-13 22:59:27", "elapsed": 2.860247, "delta": 0.00399}}
{"target": -1193.5209148194235, "params": {"gamma": 3.4518140318860318, "lr": 0.1599187885892832}, "datetime": {"datetime": "2024-06-13 22:59:27", "elapsed": 2.864236, "delta": 0.003989}}
{"target": -1581.242157882174, "params": {"gamma": 4.444037226303826, "lr": 0.08377495384546052}, "datetime": {"datetime": "2024-06-13 22:59:27", "elapsed": 2.868225, "delta": 0.003989}}
{"target": -533.3524752896938, "params": {"gamma": 1.654019586311918, "lr": 0.19719634646666928}, "datetime": {"datetime": "2024-06-13 22:59:27", "elapsed": 2.872214, "delta": 0.003989}}
{"target": -1449.6375471265212, "params": {"gamma": 6.910582388225486, "lr": 0.573802869165353}, "datetime": {"datetime": "2024-06-13 22:59:27", "elapsed": 2.876204, "delta": 0.00399}}
{"target": -2532.0664434795835, "params": {"gamma": 8.733358017233284, "lr": 0.2446340657192081}, "datetime": {"datetime": "2024-06-13 22:59:27", "elapsed": 2.880194, "delta": 0.00399}}
{"target": -2207.082028143261, "params": {"gamma": 6.296449959232413, "lr": 0.034431265307095615}, "datetime": {"datetime": "2024-06-13 22:59:27", "elapsed": 2.88518, "delta": 0.004986}}
{"target": -1257.5386347700426, "params": {"gamma": 5.162468412309614, "lr": 0.8632264817138495}, "datetime": {"datetime": "2024-06-13 22:59:27", "elapsed": 2.889169, "delta": 0.003989}}
{"target": -3437.1062829201014, "params": {"gamma": 9.841281312305282, "lr": 0.009872975358918512}, "datetime": {"datetime": "2024-06-13 22:59:27", "elapsed": 2.893162, "delta": 0.003993}}
{"target": -744.4631147082397, "params": {"gamma": 2.5291619792860742, "lr": 0.22384967032752534}, "datetime": {"datetime": "2024-06-13 22:59:27", "elapsed": 2.897148, "delta": 0.003986}}
{"target": -222.32153039294636, "params": {"gamma": 0.4763284046833772, "lr": 0.010172456261775653}, "datetime": {"datetime": "2024-06-13 22:59:27", "elapsed": 2.901137, "delta": 0.003989}}
{"target": -1723.4692754110868, "params": {"gamma": 4.902462927130074, "lr": 0.04548214567029407}, "datetime": {"datetime": "2024-06-13 22:59:27", "elapsed": 2.905127, "delta": 0.00399}}
{"target": -600.0628776747225, "params": {"gamma": 2.784002980338173, "lr": 0.6399745691089123}, "datetime": {"datetime": "2024-06-13 22:59:27", "elapsed": 2.909117, "delta": 0.00399}}
{"target": -747.3590979849721, "params": {"gamma": 2.9476257235674814, "lr": 0.26965470115905144}, "datetime": {"datetime": "2024-06-13 22:59:27", "elapsed": 2.913105, "delta": 0.003988}}
{"target": -1256.6565947455167, "params": {"gamma": 5.905874675913428, "lr": 0.38053407720964005}, "datetime": {"datetime": "2024-06-13 22:59:27", "elapsed": 2.917094, "delta": 0.003989}}
{"target": -1422.2368350863794, "params": {"gamma": 7.025527816580048, "lr": 0.4961239512498611}, "datetime": {"datetime": "2024-06-13 22:59:27", "elapsed": 2.921084, "delta": 0.00399}}
{"target": -1434.4733642541996, "params": {"gamma": 6.33245944879897, "lr": 0.3533943470016294}, "datetime": {"datetime": "2024-06-13 22:59:27", "elapsed": 2.925073, "delta": 0.003989}}
{"target": -971.7170002948358, "params": {"gamma": 2.871152417608931, "lr": 0.13320711375110195}, "datetime": {"datetime": "2024-06-13 22:59:27", "elapsed": 2.929062, "delta": 0.003989}}
{"target": -2161.836473627897, "params": {"gamma": 9.370866767604843, "lr": 0.8048358460157946}, "datetime": {"datetime": "2024-06-13 22:59:27", "elapsed": 2.933052, "delta": 0.00399}}
{"target": -2921.080110688248, "params": {"gamma": 9.380347403020368, "lr": 0.1853805246478023}, "datetime": {"datetime": "2024-06-13 22:59:27", "elapsed": 2.937041, "delta": 0.003989}}
{"target": -2360.1610306526845, "params": {"gamma": 9.331624472469432, "lr": 0.9357532076921331}, "datetime": {"datetime": "2024-06-13 22:59:27", "elapsed": 2.942028, "delta": 0.004987}}
{"target": -720.233323619231, "params": {"gamma": 2.8361615915229414, "lr": 0.27463424842386297}, "datetime": {"datetime": "2024-06-13 22:59:27", "elapsed": 2.946017, "delta": 0.003989}}
{"target": -1722.8730950687022, "params": {"gamma": 5.514764305160052, "lr": 0.18528923936855235}, "datetime": {"datetime": "2024-06-13 22:59:27", "elapsed": 2.950006, "delta": 0.003989}}
{"target": -1384.237650759842, "params": {"gamma": 4.421569005157032, "lr": 0.1853176459376844}, "datetime": {"datetime": "2024-06-13 22:59:27", "elapsed": 2.953996, "delta": 0.00399}}
{"target": -1914.0491956614837, "params": {"gamma": 9.473811803621638, "lr": 0.4938246574910856}, "datetime": {"datetime": "2024-06-13 22:59:27", "elapsed": 2.957985, "delta": 0.003989}}
{"target": -2017.5486492291063, "params": {"gamma": 9.639213756472554, "lr": 0.6449416725122118}, "datetime": {"datetime": "2024-06-13 22:59:27", "elapsed": 2.961974, "delta": 0.003989}}
{"target": -1232.4236674231595, "params": {"gamma": 4.843673414550824, "lr": 0.9676952459611975}, "datetime": {"datetime": "2024-06-13 22:59:27", "elapsed": 2.965964, "delta": 0.00399}}
{"target": -333.10772581665475, "params": {"gamma": 1.4327546273059197, "lr": 0.6323298746664966}, "datetime": {"datetime": "2024-06-13 22:59:27", "elapsed": 2.969953, "delta": 0.003989}}
{"target": -1394.3774067526388, "params": {"gamma": 6.6192217900001395, "lr": 0.43383982715272595}, "datetime": {"datetime": "2024-06-13 22:59:27", "elapsed": 2.973942, "delta": 0.003989}}
{"target": -184.80086170961965, "params": {"gamma": 0.594512896164236, "lr": 0.4927226011660333}, "datetime": {"datetime": "2024-06-13 22:59:27", "elapsed": 2.977932, "delta": 0.00399}}
{"target": -1080.4125031004482, "params": {"gamma": 4.651874301237257, "lr": 0.8067468107748635}, "datetime": {"datetime": "2024-06-13 22:59:27", "elapsed": 2.981921, "delta": 0.003989}}
{"target": -560.678574673747, "params": {"gamma": 2.5673532385398095, "lr": 0.3914303629842686}, "datetime": {"datetime": "2024-06-13 22:59:27", "elapsed": 2.985911, "delta": 0.00399}}
{"target": -546.7096999737294, "params": {"gamma": 2.402481900006551, "lr": 0.6864434151723641}, "datetime": {"datetime": "2024-06-13 22:59:27", "elapsed": 2.9899, "delta": 0.003989}}
{"target": -3284.046062979978, "params": {"gamma": 9.898844649917818, "lr": 0.1774295368682619}, "datetime": {"datetime": "2024-06-13 22:59:27", "elapsed": 2.993889, "delta": 0.003989}}
{"target": -2382.424030114998, "params": {"gamma": 8.214645955522746, "lr": 0.2309885592816333}, "datetime": {"datetime": "2024-06-13 22:59:27", "elapsed": 2.997878, "delta": 0.003989}}
{"target": -240.2112098732932, "params": {"gamma": 0.5807001579142975, "lr": 0.13881651804567363}, "datetime": {"datetime": "2024-06-13 22:59:27", "elapsed": 3.001868, "delta": 0.00399}}
{"target": -2298.3360268043416, "params": {"gamma": 9.351596002308344, "lr": 0.8885421033562281}, "datetime": {"datetime": "2024-06-13 22:59:27", "elapsed": 3.005857, "delta": 0.003989}}
{"target": -744.9859929962219, "params": {"gamma": 2.893315694333617, "lr": 0.9477640661016069}, "datetime": {"datetime": "2024-06-13 22:59:27", "elapsed": 3.009847, "delta": 0.00399}}
{"target": -1786.9909212263192, "params": {"gamma": 8.499455421778958, "lr": 0.4346547940716735}, "datetime": {"datetime": "2024-06-13 22:59:27", "elapsed": 3.013836, "delta": 0.003989}}
{"target": -994.640872751933, "params": {"gamma": 4.681027499109862, "lr": 0.6298530215834227}, "datetime": {"datetime": "2024-06-13 22:59:27", "elapsed": 3.017825, "delta": 0.003989}}
{"target": -575.3949662408721, "params": {"gamma": 1.581160317803163, "lr": 0.014782086742092915}, "datetime": {"datetime": "2024-06-13 22:59:27", "elapsed": 3.021814, "delta": 0.003989}}
{"target": -945.0723718334458, "params": {"gamma": 2.655854662706386, "lr": 0.015443631942760883}, "datetime": {"datetime": "2024-06-13 22:59:27", "elapsed": 3.026802, "delta": 0.004988}}
{"target": -1397.2674536619581, "params": {"gamma": 6.745313942778413, "lr": 0.5514688358127765}, "datetime": {"datetime": "2024-06-13 22:59:27", "elapsed": 3.03079, "delta": 0.003988}}
{"target": -754.1440803174629, "params": {"gamma": 3.2171598078821737, "lr": 0.7802023371197586}, "datetime": {"datetime": "2024-06-13 22:59:27", "elapsed": 3.03478, "delta": 0.00399}}
{"target": -442.2256481675273, "params": {"gamma": 1.4587085267165556, "lr": 0.2448806387618836}, "datetime": {"datetime": "2024-06-13 22:59:27", "elapsed": 3.038769, "delta": 0.003989}}
{"target": -921.3479995334466, "params": {"gamma": 2.923845306630798, "lr": 0.19593194649899215}, "datetime": {"datetime": "2024-06-13 22:59:27", "elapsed": 3.042759, "delta": 0.00399}}
{"target": -254.65678653290712, "params": {"gamma": 0.8802988990222627, "lr": 0.8699761802716075}, "datetime": {"datetime": "2024-06-13 22:59:27", "elapsed": 3.046748, "delta": 0.003989}}
{"target": -239.56784072400836, "params": {"gamma": 0.8827982670695292, "lr": 0.6837103358216379}, "datetime": {"datetime": "2024-06-13 22:59:27", "elapsed": 3.050737, "delta": 0.003989}}
{"target": -448.18477231220004, "params": {"gamma": 1.204888367700376, "lr": 0.010699003144174157}, "datetime": {"datetime": "2024-06-13 22:59:27", "elapsed": 3.055724, "delta": 0.004987}}
{"target": -1420.3787872315932, "params": {"gamma": 5.573125032519063, "lr": 0.9071090552203707}, "datetime": {"datetime": "2024-06-13 22:59:27", "elapsed": 3.059716, "delta": 0.003992}}
{"target": -1944.3344982321537, "params": {"gamma": 8.604706216701516, "lr": 0.33845138411825004}, "datetime": {"datetime": "2024-06-13 22:59:27", "elapsed": 3.063702, "delta": 0.003986}}
{"target": -154.4046665932798, "params": {"gamma": 0.27256113442929636, "lr": 0.8008593551300331}, "datetime": {"datetime": "2024-06-13 22:59:27", "elapsed": 3.067692, "delta": 0.00399}}
{"target": -1955.1192899746077, "params": {"gamma": 8.06004333796437, "lr": 0.8684881163027721}, "datetime": {"datetime": "2024-06-13 22:59:27", "elapsed": 3.071681, "delta": 0.003989}}
{"target": -1548.5409963624327, "params": {"gamma": 6.696796352155456, "lr": 0.8077788623150765}, "datetime": {"datetime": "2024-06-13 22:59:27", "elapsed": 3.075671, "delta": 0.00399}}
{"target": -1813.837408146262, "params": {"gamma": 8.9750853247459, "lr": 0.4538299504900123}, "datetime": {"datetime": "2024-06-13 22:59:27", "elapsed": 3.07966, "delta": 0.003989}}
{"target": -1178.0045330354644, "params": {"gamma": 5.578695211845391, "lr": 0.5061311288282347}, "datetime": {"datetime": "2024-06-13 22:59:27", "elapsed": 3.083649, "delta": 0.003989}}
{"target": -1529.6675381489245, "params": {"gamma": 6.920147061337664, "lr": 0.6829068676298748}, "datetime": {"datetime": "2024-06-13 22:59:27", "elapsed": 3.087639, "delta": 0.00399}}
{"target": -1205.874957230974, "params": {"gamma": 5.203616044997302, "lr": 0.8284681480854713}, "datetime": {"datetime": "2024-06-13 22:59:27", "elapsed": 3.091628, "delta": 0.003989}}
{"target": -1172.6338424733335, "params": {"gamma": 5.058288088511875, "lr": 0.8248585623852319}, "datetime": {"datetime": "2024-06-13 22:59:27", "elapsed": 3.096615, "delta": 0.004987}}
{"target": -945.8308431310862, "params": {"gamma": 2.8191690363442863, "lr": 0.17849483297748825}, "datetime": {"datetime": "2024-06-13 22:59:27", "elapsed": 3.100604, "delta": 0.003989}}
{"target": -2154.578579421328, "params": {"gamma": 9.698735832876796, "lr": 0.7419395254560768}, "datetime": {"datetime": "2024-06-13 22:59:27", "elapsed": 3.104593, "delta": 0.003989}}
{"target": -560.8392751838977, "params": {"gamma": 2.598657141350841, "lr": 0.5812353422911717}, "datetime": {"datetime": "2024-06-13 22:59:27", "elapsed": 3.108583, "delta": 0.00399}}
{"target": -3336.9575317777103, "params": {"gamma": 9.55266727312833, "lr": 0.0807539078120788}, "datetime": {"datetime": "2024-06-13 22:59:27", "elapsed": 3.113168, "delta": 0.004585}}
{"target": -223.8128033792606, "params": {"gamma": 0.8362585364103492, "lr": 0.6191348314199072}, "datetime": {"datetime": "2024-06-13 22:59:27", "elapsed": 3.117157, "delta": 0.003989}}
{"target": -528.4313337238226, "params": {"gamma": 2.245710294880741, "lr": 0.7651839567335081}, "datetime": {"datetime": "2024-06-13 22:59:27", "elapsed": 3.121147, "delta": 0.00399}}
{"target": -1197.0470973400818, "params": {"gamma": 5.681957276948102, "lr": 0.6661880902234952}, "datetime": {"datetime": "2024-06-13 22:59:27", "elapsed": 3.125136, "delta": 0.003989}}
{"target": -408.5626875846445, "params": {"gamma": 1.0790311940451294, "lr": 0.08428305143655679}, "datetime": {"datetime": "2024-06-13 22:59:27", "elapsed": 3.129126, "delta": 0.00399}}
{"target": -1305.7720800843056, "params": {"gamma": 6.251585561986592, "lr": 0.4097312611340205}, "datetime": {"datetime": "2024-06-13 22:59:27", "elapsed": 3.133115, "delta": 0.003989}}
{"target": -240.38362708905646, "params": {"gamma": 0.8734379861959459, "lr": 0.3710639450161891}, "datetime": {"datetime": "2024-06-13 22:59:27", "elapsed": 3.137104, "delta": 0.003989}}
{"target": -2096.9566689168614, "params": {"gamma": 6.72177195215883, "lr": 0.1895874001915857}, "datetime": {"datetime": "2024-06-13 22:59:27", "elapsed": 3.141093, "delta": 0.003989}}
{"target": -2266.0611897230424, "params": {"gamma": 8.957395356178512, "lr": 0.9498463888800873}, "datetime": {"datetime": "2024-06-13 22:59:27", "elapsed": 3.145083, "delta": 0.00399}}
{"target": -2136.2861092907165, "params": {"gamma": 9.615763851802903, "lr": 0.7300825577402602}, "datetime": {"datetime": "2024-06-13 22:59:27", "elapsed": 3.149072, "delta": 0.003989}}
{"target": -913.657338765646, "params": {"gamma": 4.063477988455463, "lr": 0.7437491963512196}, "datetime": {"datetime": "2024-06-13 22:59:27", "elapsed": 3.153061, "delta": 0.003989}}
{"target": -660.920314138812, "params": {"gamma": 2.8805808058682407, "lr": 0.3144172223907462}, "datetime": {"datetime": "2024-06-13 22:59:27", "elapsed": 3.157051, "delta": 0.00399}}
{"target": -1273.2698197601503, "params": {"gamma": 6.059357715817362, "lr": 0.5948471334079176}, "datetime": {"datetime": "2024-06-13 22:59:27", "elapsed": 3.161667, "delta": 0.004616}}
{"target": -2178.671183258748, "params": {"gamma": 8.786731102181795, "lr": 0.25460075566057694}, "datetime": {"datetime": "2024-06-13 22:59:27", "elapsed": 3.165656, "delta": 0.003989}}
{"target": -1940.4033688296474, "params": {"gamma": 7.662117463663015, "lr": 0.9410132668189013}, "datetime": {"datetime": "2024-06-13 22:59:27", "elapsed": 3.169645, "delta": 0.003989}}
{"target": -150.07897788763515, "params": {"gamma": 0.011328293644688577, "lr": 0.47608911800210485}, "datetime": {"datetime": "2024-06-13 22:59:27", "elapsed": 3.173634, "delta": 0.003989}}
{"target": -1559.6266997557925, "params": {"gamma": 6.570746249918269, "lr": 0.8433232139195225}, "datetime": {"datetime": "2024-06-13 22:59:27", "elapsed": 3.177624, "delta": 0.00399}}
{"target": -456.40433986269005, "params": {"gamma": 1.8382103793481412, "lr": 0.8561592379873718}, "datetime": {"datetime": "2024-06-13 22:59:27", "elapsed": 3.181613, "delta": 0.003989}}
{"target": -931.4219111403183, "params": {"gamma": 3.6442904330904224, "lr": 0.8922739292761724}, "datetime": {"datetime": "2024-06-13 22:59:27", "elapsed": 3.185603, "delta": 0.00399}}
{"target": -178.03412135269306, "params": {"gamma": 0.2780896894835276, "lr": 0.08539013912317062}, "datetime": {"datetime": "2024-06-13 22:59:27", "elapsed": 3.189592, "delta": 0.003989}}
{"target": -2044.0209901176243, "params": {"gamma": 9.81412324707537, "lr": 0.6095019257734966}, "datetime": {"datetime": "2024-06-13 22:59:27", "elapsed": 3.193582, "delta": 0.00399}}
{"target": -1393.338178697245, "params": {"gamma": 4.176905835795019, "lr": 0.16921418469369054}, "datetime": {"datetime": "2024-06-13 22:59:27", "elapsed": 3.198569, "delta": 0.004987}}
{"target": -2277.486282026616, "params": {"gamma": 6.499361629743811, "lr": 0.03697506835935782}, "datetime": {"datetime": "2024-06-13 22:59:27", "elapsed": 3.202557, "delta": 0.003988}}
{"target": -712.7639981819135, "params": {"gamma": 3.116827520693586, "lr": 0.32347919698907535}, "datetime": {"datetime": "2024-06-13 22:59:27", "elapsed": 3.206547, "delta": 0.00399}}
{"target": -1278.418140317955, "params": {"gamma": 6.074811493252022, "lr": 0.6508312566756971}, "datetime": {"datetime": "2024-06-13 22:59:27", "elapsed": 3.210537, "delta": 0.00399}}
{"target": -2141.1738742390794, "params": {"gamma": 8.460699937765456, "lr": 0.9275809425975434}, "datetime": {"datetime": "2024-06-13 22:59:27", "elapsed": 3.214525, "delta": 0.003988}}
{"target": -1386.2912786645393, "params": {"gamma": 6.604916818383386, "lr": 0.5781739184085382}, "datetime": {"datetime": "2024-06-13 22:59:27", "elapsed": 3.218515, "delta": 0.00399}}
{"target": -1017.9655906526948, "params": {"gamma": 3.987756720746455, "lr": 0.966612492642142}, "datetime": {"datetime": "2024-06-13 22:59:27", "elapsed": 3.222504, "delta": 0.003989}}
{"target": -413.83256361119993, "params": {"gamma": 1.541637639151742, "lr": 0.8950868086486484}, "datetime": {"datetime": "2024-06-13 22:59:27", "elapsed": 3.227491, "delta": 0.004987}}
{"target": -658.1924983724666, "params": {"gamma": 3.1108196657805305, "lr": 0.548489089666104}, "datetime": {"datetime": "2024-06-13 22:59:27", "elapsed": 3.23148, "delta": 0.003989}}
{"target": -1980.3851188212268, "params": {"gamma": 6.8209805180697165, "lr": 0.23646965132615538}, "datetime": {"datetime": "2024-06-13 22:59:27", "elapsed": 3.235469, "delta": 0.003989}}
{"target": -380.4280555626867, "params": {"gamma": 1.678199113817666, "lr": 0.508482013429616}, "datetime": {"datetime": "2024-06-13 22:59:27", "elapsed": 3.239459, "delta": 0.00399}}
{"target": -1748.2580267435587, "params": {"gamma": 7.918846891971133, "lr": 0.6924144621670756}, "datetime": {"datetime": "2024-06-13 22:59:27", "elapsed": 3.243448, "delta": 0.003989}}
{"target": -332.8821892078946, "params": {"gamma": 1.1906143983929753, "lr": 0.900742215071733}, "datetime": {"datetime": "2024-06-13 22:59:27", "elapsed": 3.247437, "delta": 0.003989}}
{"target": -1220.9420303774386, "params": {"gamma": 4.797895932924502, "lr": 0.9466766792396476}, "datetime": {"datetime": "2024-06-13 22:59:27", "elapsed": 3.251427, "delta": 0.00399}}
