{"target": -1249.3042654727283, "params": {"gamma": 2.5826284514108324, "lr": 0.03724025561078481}, "datetime": {"datetime": "2024-06-14 01:34:36", "elapsed": 5.313991, "delta": 0.004987}}
{"target": -165.58328153500034, "params": {"gamma": 0.16150603946145364, "lr": 0.15270593118117648}, "datetime": {"datetime": "2024-06-14 01:34:36", "elapsed": 5.31798, "delta": 0.003989}}
{"target": -1045.0323891431824, "params": {"gamma": 4.621379845784425, "lr": 0.7559010975378051}, "datetime": {"datetime": "2024-06-14 01:34:36", "elapsed": 5.322539, "delta": 0.004559}}
{"target": -1432.8598057813795, "params": {"gamma": 7.2884205045195944, "lr": 0.3523894424830367}, "datetime": {"datetime": "2024-06-14 01:34:36", "elapsed": 5.327526, "delta": 0.004987}}
{"target": -1110.0486292967707, "params": {"gamma": 4.7919136483503735, "lr": 0.8140737533756652}, "datetime": {"datetime": "2024-06-14 01:34:36", "elapsed": 5.331515, "delta": 0.003989}}
{"target": -1494.3795658058577, "params": {"gamma": 8.384190660883412, "lr": 0.3199167004179855}, "datetime": {"datetime": "2024-06-14 01:34:36", "elapsed": 5.336502, "delta": 0.004987}}
{"target": -154.45023797804555, "params": {"gamma": 0.043645919052664246, "lr": 0.046930843226232644}, "datetime": {"datetime": "2024-06-14 01:34:36", "elapsed": 5.340491, "delta": 0.003989}}
{"target": -1581.1722676143463, "params": {"gamma": 7.378335968662237, "lr": 0.27263228107250803}, "datetime": {"datetime": "2024-06-14 01:34:36", "elapsed": 5.345477, "delta": 0.004986}}
{"target": -1682.3347833602616, "params": {"gamma": 4.815376636054336, "lr": 0.1920312660311443}, "datetime": {"datetime": "2024-06-14 01:34:36", "elapsed": 5.349467, "delta": 0.00399}}
{"target": -1695.5027694549365, "params": {"gamma": 8.471282047905861, "lr": 0.5033776096365531}, "datetime": {"datetime": "2024-06-14 01:34:36", "elapsed": 5.354454, "delta": 0.004987}}
{"target": -959.9625453338558, "params": {"gamma": 5.272074597046892, "lr": 0.28807958808575485}, "datetime": {"datetime": "2024-06-14 01:34:36", "elapsed": 5.358443, "delta": 0.003989}}
{"target": -2463.7913146225983, "params": {"gamma": 5.120480307408566, "lr": 0.0019636453825200295}, "datetime": {"datetime": "2024-06-14 01:34:36", "elapsed": 5.36343, "delta": 0.004987}}
{"target": -565.0376936392674, "params": {"gamma": 2.7736731083917574, "lr": 0.34876298353843593}, "datetime": {"datetime": "2024-06-14 01:34:36", "elapsed": 5.367419, "delta": 0.003989}}
{"target": -1342.3977421847449, "params": {"gamma": 2.8402249120040706, "lr": 0.08595222757741783}, "datetime": {"datetime": "2024-06-14 01:34:36", "elapsed": 5.372026, "delta": 0.004607}}
{"target": -1185.2956952773516, "params": {"gamma": 5.2182903111313514, "lr": 0.7884791333735152}, "datetime": {"datetime": "2024-06-14 01:34:36", "elapsed": 5.377012, "delta": 0.004986}}
{"target": -1730.4664774890448, "params": {"gamma": 9.426041757646109, "lr": 0.49728979211666346}, "datetime": {"datetime": "2024-06-14 01:34:36", "elapsed": 5.381002, "delta": 0.00399}}
{"target": -1076.855558839905, "params": {"gamma": 5.93794482969608, "lr": 0.2908599378104706}, "datetime": {"datetime": "2024-06-14 01:34:36", "elapsed": 5.384991, "delta": 0.003989}}
{"target": -560.873643017634, "params": {"gamma": 1.492445929692968, "lr": 0.13187169072844107}, "datetime": {"datetime": "2024-06-14 01:34:36", "elapsed": 5.389978, "delta": 0.004987}}
{"target": -1622.3579926364976, "params": {"gamma": 7.323875397919708, "lr": 0.7344694353499344}, "datetime": {"datetime": "2024-06-14 01:34:36", "elapsed": 5.394964, "delta": 0.004986}}
{"target": -355.25889396120937, "params": {"gamma": 1.7943208163497153, "lr": 0.41356037977579185}, "datetime": {"datetime": "2024-06-14 01:34:36", "elapsed": 5.398954, "delta": 0.00399}}
{"target": -2128.213223700074, "params": {"gamma": 5.941849134587504, "lr": 0.12528194618614874}, "datetime": {"datetime": "2024-06-14 01:34:36", "elapsed": 5.40394, "delta": 0.004986}}
{"target": -1575.1745894088383, "params": {"gamma": 7.85390412973879, "lr": 0.619992203320239}, "datetime": {"datetime": "2024-06-14 01:34:36", "elapsed": 5.408927, "delta": 0.004987}}
{"target": -1364.0928199952666, "params": {"gamma": 6.152601693393037, "lr": 0.7012080919186323}, "datetime": {"datetime": "2024-06-14 01:34:36", "elapsed": 5.412916, "delta": 0.003989}}
{"target": -1962.8560411703963, "params": {"gamma": 9.871843637581678, "lr": 0.5623944559571782}, "datetime": {"datetime": "2024-06-14 01:34:36", "elapsed": 5.417904, "delta": 0.004988}}
{"target": -1549.9667238929596, "params": {"gamma": 8.644298200721781, "lr": 0.4187086750571659}, "datetime": {"datetime": "2024-06-14 01:34:36", "elapsed": 5.42289, "delta": 0.004986}}
{"target": -1671.3050211767206, "params": {"gamma": 6.545039042923117, "lr": 0.9252611878587662}, "datetime": {"datetime": "2024-06-14 01:34:36", "elapsed": 5.426879, "delta": 0.003989}}
{"target": -1190.5794079467114, "params": {"gamma": 6.64184400562511, "lr": 0.3030806759430662}, "datetime": {"datetime": "2024-06-14 01:34:36", "elapsed": 5.431866, "delta": 0.004987}}
{"target": -1222.5239543886057, "params": {"gamma": 6.199836992922438, "lr": 0.35131832035819255}, "datetime": {"datetime": "2024-06-14 01:34:36", "elapsed": 5.435855, "delta": 0.003989}}
{"target": -659.9207127921273, "params": {"gamma": 3.224344384669061, "lr": 0.6102050587463702}, "datetime": {"datetime": "2024-06-14 01:34:36", "elapsed": 5.440842, "delta": 0.004987}}
{"target": -328.84404516873644, "params": {"gamma": 1.6040719966518822, "lr": 0.4867389357577533}, "datetime": {"datetime": "2024-06-14 01:34:36", "elapsed": 5.445828, "delta": 0.004986}}
{"target": -1798.7159965463181, "params": {"gamma": 9.456397215578926, "lr": 0.38391424197853796}, "datetime": {"datetime": "2024-06-14 01:34:36", "elapsed": 5.450824, "delta": 0.004996}}
{"target": -377.26508265446677, "params": {"gamma": 1.8904369698648686, "lr": 0.468838949642181}, "datetime": {"datetime": "2024-06-14 01:34:36", "elapsed": 5.454813, "delta": 0.003989}}
{"target": -1988.685831188289, "params": {"gamma": 8.409237406703872, "lr": 0.8426677225950326}, "datetime": {"datetime": "2024-06-14 01:34:36", "elapsed": 5.4598, "delta": 0.004987}}
{"target": -3977.725503734858, "params": {"gamma": 8.278204591352763, "lr": 0.011475512605813365}, "datetime": {"datetime": "2024-06-14 01:34:36", "elapsed": 5.463789, "delta": 0.003989}}
{"target": -693.6507676051302, "params": {"gamma": 2.6711360589730235, "lr": 0.9998757875742624}, "datetime": {"datetime": "2024-06-14 01:34:36", "elapsed": 5.467779, "delta": 0.00399}}
{"target": -262.8590955313655, "params": {"gamma": 1.1977130886476726, "lr": 0.4900894960876333}, "datetime": {"datetime": "2024-06-14 01:34:36", "elapsed": 5.472766, "delta": 0.004987}}
{"target": -3128.9490260567195, "params": {"gamma": 7.900471479876251, "lr": 0.12221391009385618}, "datetime": {"datetime": "2024-06-14 01:34:36", "elapsed": 5.477752, "delta": 0.004986}}
{"target": -1223.6960212949755, "params": {"gamma": 6.624429397731788, "lr": 0.4880804455213241}, "datetime": {"datetime": "2024-06-14 01:34:36", "elapsed": 5.481741, "delta": 0.003989}}
{"target": -497.93480050114084, "params": {"gamma": 1.9437055308797813, "lr": 0.8786300265827204}, "datetime": {"datetime": "2024-06-14 01:34:36", "elapsed": 5.486728, "delta": 0.004987}}
{"target": -389.74858633262517, "params": {"gamma": 1.8156924881797458, "lr": 0.6390528592947753}, "datetime": {"datetime": "2024-06-14 01:34:36", "elapsed": 5.490717, "delta": 0.003989}}
{"target": -1477.7963243731817, "params": {"gamma": 7.4085279551010945, "lr": 0.5626728865932282}, "datetime": {"datetime": "2024-06-14 01:34:36", "elapsed": 5.495704, "delta": 0.004987}}
{"target": -2494.8002163456154, "params": {"gamma": 6.288786844403314, "lr": 0.11896539662200445}, "datetime": {"datetime": "2024-06-14 01:34:36", "elapsed": 5.500691, "delta": 0.004987}}
{"target": -639.0299273554173, "params": {"gamma": 3.0810618335582585, "lr": 0.5869622072296792}, "datetime": {"datetime": "2024-06-14 01:34:36", "elapsed": 5.50468, "delta": 0.003989}}
{"target": -805.3520640326302, "params": {"gamma": 3.955241699358807, "lr": 0.6639460814328006}, "datetime": {"datetime": "2024-06-14 01:34:36", "elapsed": 5.509667, "delta": 0.004987}}
{"target": -2967.431925552499, "params": {"gamma": 8.519694493398179, "lr": 0.19022208931218354}, "datetime": {"datetime": "2024-06-14 01:34:36", "elapsed": 5.513656, "delta": 0.003989}}
{"target": -1719.1133845454758, "params": {"gamma": 9.032823736002479, "lr": 0.38317585043109326}, "datetime": {"datetime": "2024-06-14 01:34:36", "elapsed": 5.518643, "delta": 0.004987}}
{"target": -1888.1571477391585, "params": {"gamma": 9.431300182951817, "lr": 0.6173823130249652}, "datetime": {"datetime": "2024-06-14 01:34:36", "elapsed": 5.522632, "delta": 0.003989}}
{"target": -1582.6782474600052, "params": {"gamma": 7.901165115937855, "lr": 0.514775428373226}, "datetime": {"datetime": "2024-06-14 01:34:36", "elapsed": 5.527619, "delta": 0.004987}}
{"target": -958.9845400604081, "params": {"gamma": 5.311915799238696, "lr": 0.3275938987659719}, "datetime": {"datetime": "2024-06-14 01:34:36", "elapsed": 5.532605, "delta": 0.004986}}
{"target": -287.53270704336444, "params": {"gamma": 1.2945177075663274, "lr": 0.3838219118604237}, "datetime": {"datetime": "2024-06-14 01:34:36", "elapsed": 5.536595, "delta": 0.00399}}
{"target": -1043.6077536296857, "params": {"gamma": 2.1505498314359848, "lr": 0.03286525588191658}, "datetime": {"datetime": "2024-06-14 01:34:36", "elapsed": 5.540585, "delta": 0.00399}}
{"target": -1054.2367380331955, "params": {"gamma": 2.7495934114227696, "lr": 0.18057605266685695}, "datetime": {"datetime": "2024-06-14 01:34:36", "elapsed": 5.545571, "delta": 0.004986}}
{"target": -4206.550668609975, "params": {"gamma": 8.75542762006619, "lr": 0.08123656243140498}, "datetime": {"datetime": "2024-06-14 01:34:36", "elapsed": 5.550558, "delta": 0.004987}}
{"target": -428.3835548289337, "params": {"gamma": 1.8397720952197505, "lr": 0.7040306955363342}, "datetime": {"datetime": "2024-06-14 01:34:36", "elapsed": 5.554547, "delta": 0.003989}}
{"target": -1965.5374312139718, "params": {"gamma": 9.192339684311714, "lr": 0.2514584522319341}, "datetime": {"datetime": "2024-06-14 01:34:36", "elapsed": 5.559533, "delta": 0.004986}}
{"target": -148.91677669843324, "params": {"gamma": 0.21399001348235436, "lr": 0.9605044727550998}, "datetime": {"datetime": "2024-06-14 01:34:36", "elapsed": 5.563523, "delta": 0.00399}}
{"target": -1222.0699264367843, "params": {"gamma": 6.8225241840990325, "lr": 0.3106626960638559}, "datetime": {"datetime": "2024-06-14 01:34:36", "elapsed": 5.568509, "delta": 0.004986}}
{"target": -965.7578371487867, "params": {"gamma": 4.724262048710183, "lr": 0.5992558738787634}, "datetime": {"datetime": "2024-06-14 01:34:36", "elapsed": 5.572499, "delta": 0.00399}}
{"target": -925.8593650078388, "params": {"gamma": 3.7393118520813564, "lr": 0.874487796621177}, "datetime": {"datetime": "2024-06-14 01:34:36", "elapsed": 5.577486, "delta": 0.004987}}
{"target": -1852.937086782375, "params": {"gamma": 7.261999710487967, "lr": 0.9543407046242112}, "datetime": {"datetime": "2024-06-14 01:34:36", "elapsed": 5.582502, "delta": 0.005016}}
{"target": -904.3805940768152, "params": {"gamma": 3.5113041629592687, "lr": 0.9371740887217811}, "datetime": {"datetime": "2024-06-14 01:34:36", "elapsed": 5.586491, "delta": 0.003989}}
{"target": -970.7935627224368, "params": {"gamma": 4.791526641683215, "lr": 0.6423226386484714}, "datetime": {"datetime": "2024-06-14 01:34:36", "elapsed": 5.591478, "delta": 0.004987}}
{"target": -1697.9141909616485, "params": {"gamma": 7.36673540034412, "lr": 0.8093379690056801}, "datetime": {"datetime": "2024-06-14 01:34:36", "elapsed": 5.595437, "delta": 0.003959}}
{"target": -743.7222239924087, "params": {"gamma": 3.963197413459656, "lr": 0.44794597851477114}, "datetime": {"datetime": "2024-06-14 01:34:36", "elapsed": 5.600424, "delta": 0.004987}}
{"target": -1816.1298263017577, "params": {"gamma": 8.172952984101395, "lr": 0.7175572030909549}, "datetime": {"datetime": "2024-06-14 01:34:36", "elapsed": 5.604413, "delta": 0.003989}}
{"target": -2396.9265722235996, "params": {"gamma": 9.408551244537064, "lr": 0.9795978714178412}, "datetime": {"datetime": "2024-06-14 01:34:36", "elapsed": 5.6094, "delta": 0.004987}}
{"target": -493.2965469400792, "params": {"gamma": 1.7899544503221003, "lr": 0.2279194118127552}, "datetime": {"datetime": "2024-06-14 01:34:36", "elapsed": 5.614387, "delta": 0.004987}}
{"target": -1586.440885273605, "params": {"gamma": 7.16014848634319, "lr": 0.7473827346542434}, "datetime": {"datetime": "2024-06-14 01:34:36", "elapsed": 5.618376, "delta": 0.003989}}
{"target": -1487.5333310685355, "params": {"gamma": 6.032192362771022, "lr": 0.8772997642215113}, "datetime": {"datetime": "2024-06-14 01:34:36", "elapsed": 5.623363, "delta": 0.004987}}
{"target": -517.4024324491417, "params": {"gamma": 2.5206526306452743, "lr": 0.3394873942967924}, "datetime": {"datetime": "2024-06-14 01:34:36", "elapsed": 5.628349, "delta": 0.004986}}
{"target": -895.5314518900608, "params": {"gamma": 4.946973834220983, "lr": 0.31502708896856757}, "datetime": {"datetime": "2024-06-14 01:34:36", "elapsed": 5.632339, "delta": 0.00399}}
{"target": -1195.5002539475515, "params": {"gamma": 5.454845454328703, "lr": 0.6824780792979444}, "datetime": {"datetime": "2024-06-14 01:34:36", "elapsed": 5.637325, "delta": 0.004986}}
{"target": -431.4434096960981, "params": {"gamma": 2.2044486446357947, "lr": 0.48533745396838057}, "datetime": {"datetime": "2024-06-14 01:34:36", "elapsed": 5.641315, "delta": 0.00399}}
{"target": -1764.0103904608534, "params": {"gamma": 9.929820595017146, "lr": 0.3241613031812349}, "datetime": {"datetime": "2024-06-14 01:34:36", "elapsed": 5.646302, "delta": 0.004987}}
{"target": -159.30844540390427, "params": {"gamma": 0.35458383299364826, "lr": 0.8173517292840132}, "datetime": {"datetime": "2024-06-14 01:34:36", "elapsed": 5.651288, "delta": 0.004986}}
{"target": -2422.133670694286, "params": {"gamma": 5.033564529213024, "lr": 0.052783856118570505}, "datetime": {"datetime": "2024-06-14 01:34:36", "elapsed": 5.65628, "delta": 0.004992}}
{"target": -1595.5074782247375, "params": {"gamma": 8.903159967215188, "lr": 0.4045143799803578}, "datetime": {"datetime": "2024-06-14 01:34:36", "elapsed": 5.661261, "delta": 0.004981}}
{"target": -1664.0605658394463, "params": {"gamma": 9.292802548221829, "lr": 0.40207817380056154}, "datetime": {"datetime": "2024-06-14 01:34:36", "elapsed": 5.665251, "delta": 0.00399}}
{"target": -250.1713969874108, "params": {"gamma": 0.7692460154620339, "lr": 0.2453011441199927}, "datetime": {"datetime": "2024-06-14 01:34:36", "elapsed": 5.670238, "delta": 0.004987}}
{"target": -797.4771292013894, "params": {"gamma": 3.503254796566321, "lr": 0.7507282923552251}, "datetime": {"datetime": "2024-06-14 01:34:36", "elapsed": 5.674227, "delta": 0.003989}}
{"target": -372.6065651411899, "params": {"gamma": 1.8482967753404873, "lr": 0.4309736537258744}, "datetime": {"datetime": "2024-06-14 01:34:36", "elapsed": 5.679213, "delta": 0.004986}}
{"target": -1747.2186295296756, "params": {"gamma": 8.732580952739871, "lr": 0.5337610913727832}, "datetime": {"datetime": "2024-06-14 01:34:36", "elapsed": 5.6842, "delta": 0.004987}}
{"target": -518.9284805506197, "params": {"gamma": 1.0324440427708175, "lr": 0.024522487054632225}, "datetime": {"datetime": "2024-06-14 01:34:36", "elapsed": 5.688189, "delta": 0.003989}}
{"target": -1801.3509045555004, "params": {"gamma": 7.058392201809326, "lr": 0.979127490958217}, "datetime": {"datetime": "2024-06-14 01:34:36", "elapsed": 5.693176, "delta": 0.004987}}
{"target": -1763.0786211380118, "params": {"gamma": 7.851867464260117, "lr": 0.7647261968454175}, "datetime": {"datetime": "2024-06-14 01:34:36", "elapsed": 5.697165, "delta": 0.003989}}
{"target": -1529.1699732879347, "params": {"gamma": 6.754799709264521, "lr": 0.7955027102986651}, "datetime": {"datetime": "2024-06-14 01:34:36", "elapsed": 5.702153, "delta": 0.004988}}
{"target": -171.65602323484296, "params": {"gamma": 0.40113783894076427, "lr": 0.264681631716854}, "datetime": {"datetime": "2024-06-14 01:34:36", "elapsed": 5.706142, "delta": 0.003989}}
{"target": -1705.3896748141258, "params": {"gamma": 6.9542799621795535, "lr": 0.8669883296077439}, "datetime": {"datetime": "2024-06-14 01:34:36", "elapsed": 5.711128, "delta": 0.004986}}
{"target": -2564.644019814055, "params": {"gamma": 6.746394111296426, "lr": 0.17627612798343162}, "datetime": {"datetime": "2024-06-14 01:34:36", "elapsed": 5.716115, "delta": 0.004987}}
{"target": -2336.0005893884336, "params": {"gamma": 9.363148290996985, "lr": 0.9033787001108529}, "datetime": {"datetime": "2024-06-14 01:34:36", "elapsed": 5.720104, "delta": 0.003989}}
{"target": -335.865510745047, "params": {"gamma": 0.8677009826349238, "lr": 0.193000037574253}, "datetime": {"datetime": "2024-06-14 01:34:36", "elapsed": 5.725091, "delta": 0.004987}}
{"target": -623.7220345194155, "params": {"gamma": 2.7526551130746566, "lr": 0.7384118706046068}, "datetime": {"datetime": "2024-06-14 01:34:36", "elapsed": 5.72908, "delta": 0.003989}}
{"target": -1740.5302526786338, "params": {"gamma": 8.59387390968027, "lr": 0.5783223874515512}, "datetime": {"datetime": "2024-06-14 01:34:36", "elapsed": 5.734067, "delta": 0.004987}}
{"target": -389.12012884947757, "params": {"gamma": 1.9972560609459706, "lr": 0.41508988762136245}, "datetime": {"datetime": "2024-06-14 01:34:36", "elapsed": 5.738659, "delta": 0.004592}}
{"target": -376.58046306114863, "params": {"gamma": 1.3794541434408072, "lr": 0.9173961868584244}, "datetime": {"datetime": "2024-06-14 01:34:36", "elapsed": 5.743636, "delta": 0.004977}}
{"target": -1532.098420003629, "params": {"gamma": 7.645544873164326, "lr": 0.5102138338060775}, "datetime": {"datetime": "2024-06-14 01:34:36", "elapsed": 5.747625, "delta": 0.003989}}
{"target": -2090.843483804403, "params": {"gamma": 4.536296856665209, "lr": 0.0978420783455699}, "datetime": {"datetime": "2024-06-14 01:34:36", "elapsed": 5.752611, "delta": 0.004986}}
{"target": -1275.744280926371, "params": {"gamma": 3.1874348876469725, "lr": 0.12063279535739646}, "datetime": {"datetime": "2024-06-14 01:34:36", "elapsed": 5.757599, "delta": 0.004988}}
{"target": -1567.32952807074, "params": {"gamma": 7.823598295559239, "lr": 0.5448837066761946}, "datetime": {"datetime": "2024-06-14 01:34:36", "elapsed": 5.761587, "delta": 0.003988}}
{"target": -617.262680772084, "params": {"gamma": 2.2735465367701733, "lr": 0.22420283925593631}, "datetime": {"datetime": "2024-06-14 01:34:36", "elapsed": 5.766574, "delta": 0.004987}}
{"target": -491.8191143329352, "params": {"gamma": 2.6047215769603396, "lr": 0.308872752316256}, "datetime": {"datetime": "2024-06-14 01:34:36", "elapsed": 5.770564, "delta": 0.00399}}
{"target": -715.9407552247111, "params": {"gamma": 3.8776636126823174, "lr": 0.29754893237723723}, "datetime": {"datetime": "2024-06-14 01:34:36", "elapsed": 5.77555, "delta": 0.004986}}
{"target": -3266.979963194823, "params": {"gamma": 6.795879389436971, "lr": 0.03507361930507891}, "datetime": {"datetime": "2024-06-14 01:34:36", "elapsed": 5.780537, "delta": 0.004987}}
{"target": -738.1145904333212, "params": {"gamma": 3.2817750389987497, "lr": 0.7452918728580155}, "datetime": {"datetime": "2024-06-14 01:34:36", "elapsed": 5.784526, "delta": 0.003989}}
{"target": -2168.8986814885193, "params": {"gamma": 9.428137042767773, "lr": 0.8027325501575512}, "datetime": {"datetime": "2024-06-14 01:34:36", "elapsed": 5.789513, "delta": 0.004987}}
{"target": -652.3689371137831, "params": {"gamma": 2.4090212695059683, "lr": 0.2329154683838317}, "datetime": {"datetime": "2024-06-14 01:34:36", "elapsed": 5.793502, "delta": 0.003989}}
{"target": -488.60128538240025, "params": {"gamma": 1.904177610377174, "lr": 0.8824975348586093}, "datetime": {"datetime": "2024-06-14 01:34:36", "elapsed": 5.798489, "delta": 0.004987}}
{"target": -550.976797455223, "params": {"gamma": 2.3793190167249576, "lr": 0.7581806234131274}, "datetime": {"datetime": "2024-06-14 01:34:36", "elapsed": 5.802478, "delta": 0.003989}}
{"target": -1262.9459927510773, "params": {"gamma": 2.611236264315461, "lr": 0.03308184340751563}, "datetime": {"datetime": "2024-06-14 01:34:36", "elapsed": 5.807465, "delta": 0.004987}}
{"target": -1631.383182811738, "params": {"gamma": 7.334743552987591, "lr": 0.7262018097952009}, "datetime": {"datetime": "2024-06-14 01:34:36", "elapsed": 5.812451, "delta": 0.004986}}
{"target": -218.79594234715853, "params": {"gamma": 0.8905021504995737, "lr": 0.3267012579296016}, "datetime": {"datetime": "2024-06-14 01:34:36", "elapsed": 5.816441, "delta": 0.00399}}
{"target": -3503.869941085719, "params": {"gamma": 9.483704536600037, "lr": 0.16294899858218448}, "datetime": {"datetime": "2024-06-14 01:34:36", "elapsed": 5.821427, "delta": 0.004986}}
{"target": -223.7637345336637, "params": {"gamma": 0.8676380540564483, "lr": 0.5946038881116259}, "datetime": {"datetime": "2024-06-14 01:34:36", "elapsed": 5.825417, "delta": 0.00399}}
{"target": -3323.7583823212185, "params": {"gamma": 9.309967663594373, "lr": 0.1337783077430914}, "datetime": {"datetime": "2024-06-14 01:34:36", "elapsed": 5.830404, "delta": 0.004987}}
{"target": -1125.463187783072, "params": {"gamma": 5.130609924306518, "lr": 0.6839992141169576}, "datetime": {"datetime": "2024-06-14 01:34:36", "elapsed": 5.83539, "delta": 0.004986}}
{"target": -839.1961127429527, "params": {"gamma": 1.7191257663086643, "lr": 0.011259893492189477}, "datetime": {"datetime": "2024-06-14 01:34:36", "elapsed": 5.839381, "delta": 0.003991}}
{"target": -4264.816978217167, "params": {"gamma": 8.876943621666769, "lr": 0.035231270653359514}, "datetime": {"datetime": "2024-06-14 01:34:36", "elapsed": 5.846354, "delta": 0.006973}}
