{"target": -114.52230984376048, "params": {"p_ai": 2.193569217772972, "p_al": 2.6912455053186455, "p_ex": 10.0, "prior": 10.0, "rate": 10.0}, "datetime": {"datetime": "2024-06-13 02:04:20", "elapsed": 828.269037, "delta": 31.458125}}
{"target": -115.28374599343839, "params": {"p_ai": 2.1195536111736826, "p_al": 2.823778643815222, "p_ex": 10.0, "prior": 10.0, "rate": 6.03134642542092}, "datetime": {"datetime": "2024-06-13 02:04:59", "elapsed": 867.511965, "delta": 39.242928}}
{"target": -118.1980893621157, "params": {"p_ai": 1.29327679615535, "p_al": 10.0, "p_ex": 10.0, "prior": 7.628758935791076, "rate": 10.0}, "datetime": {"datetime": "2024-06-13 02:05:22", "elapsed": 890.315153, "delta": 22.803188}}
{"target": -127.09325349742514, "params": {"p_ai": 0.001, "p_al": 0.001, "p_ex": 7.7714266414747755, "prior": 2.5340979369821355, "rate": 10.0}, "datetime": {"datetime": "2024-06-13 02:05:49", "elapsed": 917.592977, "delta": 27.277824}}
