{"target": -156.32998911749425, "params": {"p_ai": 1.9417242514235866, "p_al": 9.987208947162362, "p_ex": 5.426494667496237, "prior": 0.09465548629043356, "rate": 4.188570172974951}, "datetime": {"datetime": "2024-06-12 21:01:38", "elapsed": 197.454399, "delta": 0.123503}}
{"target": -103.01207699953635, "params": {"p_ai": 2.41127815204662, "p_al": 0.5323245865069548, "p_ex": 7.1616179373812034, "prior": 3.165598845749306, "rate": 8.210870060761753}, "datetime": {"datetime": "2024-06-12 21:01:38", "elapsed": 197.578071, "delta": 0.123672}}
{"target": -170.16352512772443, "params": {"p_ai": 7.64444307361343, "p_al": 0.6576494381320193, "p_ex": 7.127518025143455, "prior": 1.9504943658705718, "rate": 7.765796506709918}, "datetime": {"datetime": "2024-06-12 21:01:38", "elapsed": 197.700953, "delta": 0.122882}}
{"target": -120.06321901987545, "params": {"p_ai": 2.505048554293243, "p_al": 4.03805350700416, "p_ex": 8.833069543714716, "prior": 6.5701217012180235, "rate": 0.8159283060516022}, "datetime": {"datetime": "2024-06-12 21:01:38", "elapsed": 197.822915, "delta": 0.121962}}
{"target": -111.05775512527238, "params": {"p_ai": 1.34592508137872, "p_al": 0.07781190893962028, "p_ex": 9.82192366575641, "prior": 0.47769309887438854, "rate": 1.054675988838786}, "datetime": {"datetime": "2024-06-12 21:01:38", "elapsed": 197.94671, "delta": 0.123795}}
{"target": -146.9590249964461, "params": {"p_ai": 4.575196798892289, "p_al": 0.5449506917293981, "p_ex": 2.8915708616785403, "prior": 6.780062412777943, "rate": 0.4872420194260412}, "datetime": {"datetime": "2024-06-12 21:01:38", "elapsed": 198.069957, "delta": 0.123247}}
{"target": -202.18201180336763, "params": {"p_ai": 4.580263368659907, "p_al": 5.7280078225612625, "p_ex": 1.9934675865697684, "prior": 1.8624992522897637, "rate": 1.0277738220705694}, "datetime": {"datetime": "2024-06-12 21:01:38", "elapsed": 198.193553, "delta": 0.123596}}
{"target": -138.6095198304562, "params": {"p_ai": 0.6889337842575394, "p_al": 1.690679991165036, "p_ex": 0.6091045481301652, "prior": 5.517234505887774, "rate": 8.07924628628006}, "datetime": {"datetime": "2024-06-12 21:01:39", "elapsed": 198.315534, "delta": 0.121981}}
{"target": -171.77861317562997, "params": {"p_ai": 8.04361162047646, "p_al": 6.312186105526708, "p_ex": 5.417917742704281, "prior": 4.671885069314529, "rate": 9.601410810266273}, "datetime": {"datetime": "2024-06-12 21:01:39", "elapsed": 198.437894, "delta": 0.12236}}
{"target": -101.76633964668494, "params": {"p_ai": 2.899666465766964, "p_al": 3.6649742833844705, "p_ex": 5.753838978747263, "prior": 5.126292271375944, "rate": 6.742698777688343}, "datetime": {"datetime": "2024-06-12 21:01:39", "elapsed": 198.56207, "delta": 0.124176}}
{"target": -161.27113506185998, "params": {"p_ai": 7.746950246599201, "p_al": 1.8252204250854207, "p_ex": 6.289342599217495, "prior": 6.940552564785615, "rate": 2.723807908290237}, "datetime": {"datetime": "2024-06-12 21:01:39", "elapsed": 198.684487, "delta": 0.122417}}
{"target": -184.2936313760377, "params": {"p_ai": 9.280851876533486, "p_al": 3.453158292491887, "p_ex": 6.3811672470486185, "prior": 9.258038482267157, "rate": 9.806327002899451}, "datetime": {"datetime": "2024-06-12 21:01:39", "elapsed": 198.808385, "delta": 0.123898}}
{"target": -144.79111304604172, "params": {"p_ai": 2.488033276356721, "p_al": 9.419583104728655, "p_ex": 9.090876254878841, "prior": 2.510513216728998, "rate": 1.0114238665846065}, "datetime": {"datetime": "2024-06-12 21:01:39", "elapsed": 198.931562, "delta": 0.123177}}
{"target": -116.28507124203374, "params": {"p_ai": 3.6242096308085094, "p_al": 9.236352129889687, "p_ex": 8.452847344989038, "prior": 2.5819418071612645, "rate": 2.7569133446474443}, "datetime": {"datetime": "2024-06-12 21:01:39", "elapsed": 199.053817, "delta": 0.122255}}
{"target": -126.96738070544079, "params": {"p_ai": 2.983478933893634, "p_al": 0.815092332631713, "p_ex": 1.6841738316116204, "prior": 6.144757668943531, "rate": 4.924474139119181}, "datetime": {"datetime": "2024-06-12 21:01:39", "elapsed": 199.179274, "delta": 0.125457}}
{"target": -107.6214254072654, "params": {"p_ai": 4.119648233556923, "p_al": 5.157526210873938, "p_ex": 8.873752637817338, "prior": 9.551032719281542, "rate": 2.557511976036215}, "datetime": {"datetime": "2024-06-12 21:01:39", "elapsed": 199.304552, "delta": 0.125278}}
{"target": -129.26340113942533, "params": {"p_ai": 2.3374184214694047, "p_al": 0.7024695973517413, "p_ex": 2.597737426928631, "prior": 1.742954822679143, "rate": 0.27659701209470605}, "datetime": {"datetime": "2024-06-12 21:01:40", "elapsed": 199.427224, "delta": 0.122672}}
{"target": -111.7730146432798, "params": {"p_ai": 1.7455169686425378, "p_al": 7.804777260302928, "p_ex": 9.202721815908367, "prior": 7.216154921249683, "rate": 2.9848905772616017}, "datetime": {"datetime": "2024-06-12 21:01:40", "elapsed": 199.550491, "delta": 0.123267}}
{"target": -153.12189626523246, "params": {"p_ai": 6.314933171275992, "p_al": 7.70207834202647, "p_ex": 4.425585001974533, "prior": 6.194837427032435, "rate": 5.737911250071134}, "datetime": {"datetime": "2024-06-12 21:01:40", "elapsed": 199.67416, "delta": 0.123669}}
{"target": -214.59937017099847, "params": {"p_ai": 9.027517363622623, "p_al": 7.524156469967862, "p_ex": 2.650279263669324, "prior": 2.294425031913794, "rate": 6.936331072476213}, "datetime": {"datetime": "2024-06-12 21:01:40", "elapsed": 199.822549, "delta": 0.148389}}
{"target": -127.22254163862148, "params": {"p_ai": 2.330890584603332, "p_al": 6.219640169611046, "p_ex": 2.550112078805856, "prior": 9.204272349259435, "rate": 3.026260557106861}, "datetime": {"datetime": "2024-06-12 21:01:40", "elapsed": 199.952707, "delta": 0.130158}}
{"target": -178.1742129113041, "params": {"p_ai": 8.485581047039222, "p_al": 2.2978576554546923, "p_ex": 5.721402282386218, "prior": 1.8898334598694706, "rate": 4.200660187762735}, "datetime": {"datetime": "2024-06-12 21:01:40", "elapsed": 200.077268, "delta": 0.124561}}
{"target": -139.13504288213926, "params": {"p_ai": 3.76302106016871, "p_al": 0.3913307159931245, "p_ex": 1.2803727816045252, "prior": 7.537854970575956, "rate": 4.126702850670521}, "datetime": {"datetime": "2024-06-12 21:01:40", "elapsed": 200.203459, "delta": 0.126191}}
{"target": -179.8461157788011, "params": {"p_ai": 8.041060104654699, "p_al": 6.699318907664212, "p_ex": 3.82882692285017, "prior": 4.948823437152265, "rate": 9.505603950205815}, "datetime": {"datetime": "2024-06-12 21:01:41", "elapsed": 200.326905, "delta": 0.123446}}
{"target": -184.51939938374824, "params": {"p_ai": 9.479515679525079, "p_al": 4.850347023938101, "p_ex": 7.124627387193672, "prior": 7.498550901462174, "rate": 5.106472249549986}, "datetime": {"datetime": "2024-06-12 21:01:41", "elapsed": 200.450573, "delta": 0.123668}}
{"target": -160.75855432205555, "params": {"p_ai": 4.470678189805164, "p_al": 7.690445038313525, "p_ex": 4.15685591920379, "prior": 5.0013860821199065, "rate": 0.8757079215781739}, "datetime": {"datetime": "2024-06-12 21:01:41", "elapsed": 200.619736, "delta": 0.169163}}
{"target": -196.87609769402567, "params": {"p_ai": 9.043453626436962, "p_al": 4.547823239458292, "p_ex": 5.990952779586459, "prior": 0.7064880265711557, "rate": 5.294873696381461}, "datetime": {"datetime": "2024-06-12 21:01:41", "elapsed": 200.758106, "delta": 0.13837}}
{"target": -112.20384398345024, "params": {"p_ai": 2.213899082241034, "p_al": 3.8525113167868463, "p_ex": 5.600417352620946, "prior": 8.150516120112895, "rate": 2.629157343536145}, "datetime": {"datetime": "2024-06-12 21:01:41", "elapsed": 200.880072, "delta": 0.121966}}
{"target": -189.82671701460546, "params": {"p_ai": 7.278426163069587, "p_al": 4.920939100401539, "p_ex": 3.043144370570753, "prior": 2.9047883728407697, "rate": 2.411781076608564}, "datetime": {"datetime": "2024-06-12 21:01:41", "elapsed": 201.003603, "delta": 0.123531}}
{"target": -107.2954932901749, "params": {"p_ai": 0.732560642072465, "p_al": 5.811609090857796, "p_ex": 6.249768022395998, "prior": 2.3531837448581268, "rate": 5.64338133383105}, "datetime": {"datetime": "2024-06-12 21:01:41", "elapsed": 201.127267, "delta": 0.123664}}
{"target": -192.90686766412827, "params": {"p_ai": 8.72610673200219, "p_al": 8.076776527375475, "p_ex": 4.074080880677032, "prior": 4.962748728988028, "rate": 7.06418290631513}, "datetime": {"datetime": "2024-06-12 21:01:41", "elapsed": 201.250749, "delta": 0.123482}}
{"target": -145.10299574402592, "params": {"p_ai": 5.7796367210911095, "p_al": 7.547135996385271, "p_ex": 9.501634005191843, "prior": 1.7710569653228112, "rate": 7.892795765490131}, "datetime": {"datetime": "2024-06-12 21:01:42", "elapsed": 201.373603, "delta": 0.122854}}
{"target": -127.30587897846819, "params": {"p_ai": 3.350327787614538, "p_al": 5.638272068632206, "p_ex": 2.069692619300037, "prior": 7.409975365768698, "rate": 9.800048385721796}, "datetime": {"datetime": "2024-06-12 21:01:42", "elapsed": 201.496275, "delta": 0.122672}}
{"target": -177.86863590242527, "params": {"p_ai": 8.333474362025548, "p_al": 6.205488852808189, "p_ex": 4.9215798293724795, "prior": 5.236239896835978, "rate": 9.315406168367097}, "datetime": {"datetime": "2024-06-12 21:01:42", "elapsed": 201.619944, "delta": 0.123669}}
{"target": -118.19398235611843, "params": {"p_ai": 1.584313104928292, "p_al": 5.905500350197389, "p_ex": 6.380421522824684, "prior": 9.07933360455422, "rate": 2.6947089311919763}, "datetime": {"datetime": "2024-06-12 21:01:42", "elapsed": 201.762322, "delta": 0.142378}}
{"target": -174.09780603412204, "params": {"p_ai": 7.107790759861978, "p_al": 3.5039040153633705, "p_ex": 3.6444929289724874, "prior": 0.8149712240346794, "rate": 3.2837150966339146}, "datetime": {"datetime": "2024-06-12 21:01:42", "elapsed": 201.885991, "delta": 0.123669}}
{"target": -105.10541857241135, "params": {"p_ai": 3.2449742753201236, "p_al": 0.29677720020456433, "p_ex": 5.496123591759751, "prior": 7.067732881504137, "rate": 4.985509690185362}, "datetime": {"datetime": "2024-06-12 21:01:42", "elapsed": 202.009542, "delta": 0.123551}}
{"target": -120.79563210918425, "params": {"p_ai": 5.273517292877108, "p_al": 1.0590396472394281, "p_ex": 6.847758027787718, "prior": 4.711955831419998, "rate": 2.293467234035674}, "datetime": {"datetime": "2024-06-12 21:01:42", "elapsed": 202.133408, "delta": 0.123866}}
{"target": -196.02319837827372, "params": {"p_ai": 8.557359380941355, "p_al": 5.652361417021194, "p_ex": 9.99162624589046, "prior": 0.7718933581025254, "rate": 5.150501931009348}, "datetime": {"datetime": "2024-06-12 21:01:42", "elapsed": 202.256778, "delta": 0.12337}}
{"target": -330.60374459123767, "params": {"p_ai": 3.0402516850303876, "p_al": 8.61623710656735, "p_ex": 1.6185883408724118, "prior": 0.014841431595337792, "rate": 4.43042510468964}, "datetime": {"datetime": "2024-06-12 21:01:43", "elapsed": 202.378453, "delta": 0.121675}}
{"target": -175.30288812817335, "params": {"p_ai": 6.771891528676204, "p_al": 9.679112055957647, "p_ex": 6.201497666645441, "prior": 1.9043523479075273, "rate": 3.622359827606554}, "datetime": {"datetime": "2024-06-12 21:01:43", "elapsed": 202.502122, "delta": 0.123669}}
{"target": -222.84735019517734, "params": {"p_ai": 7.800787350813593, "p_al": 3.298106482244817, "p_ex": 1.643256724240895, "prior": 2.851417962251561, "rate": 0.40436442485331264}, "datetime": {"datetime": "2024-06-12 21:01:43", "elapsed": 202.625828, "delta": 0.123706}}
{"target": -150.2046800841108, "params": {"p_ai": 7.551430827944837, "p_al": 2.8535841669468316, "p_ex": 7.645198600284396, "prior": 8.425860356452237, "rate": 4.550724361859158}, "datetime": {"datetime": "2024-06-12 21:01:43", "elapsed": 202.750338, "delta": 0.12451}}
{"target": -163.24798109021074, "params": {"p_ai": 8.584031121670003, "p_al": 9.914315302337107, "p_ex": 9.417574054951071, "prior": 9.79275829645966, "rate": 9.506596416847177}, "datetime": {"datetime": "2024-06-12 21:01:43", "elapsed": 202.888164, "delta": 0.137826}}
{"target": -228.14773208245182, "params": {"p_ai": 9.638902522726527, "p_al": 6.979656260534678, "p_ex": 1.5626819619917718, "prior": 6.467942975152434, "rate": 9.90726897754078}, "datetime": {"datetime": "2024-06-12 21:01:43", "elapsed": 203.025759, "delta": 0.137595}}
{"target": -135.86298878343132, "params": {"p_ai": 2.443655121467737, "p_al": 6.817954210641722, "p_ex": 1.2934890603136207, "prior": 9.981837986321688, "rate": 4.199157374196024}, "datetime": {"datetime": "2024-06-12 21:01:43", "elapsed": 203.164388, "delta": 0.138629}}
{"target": -98.48730277203896, "params": {"p_ai": 3.507450949066828, "p_al": 2.0667003756867732, "p_ex": 8.501725846732565, "prior": 6.124428678521591, "rate": 5.753785011925935}, "datetime": {"datetime": "2024-06-12 21:01:43", "elapsed": 203.292821, "delta": 0.128433}}
{"target": -134.06902712858127, "params": {"p_ai": 2.4812280107112086, "p_al": 1.335940382246636, "p_ex": 0.6506004700631061, "prior": 6.072919898685649, "rate": 7.296207122272258}, "datetime": {"datetime": "2024-06-12 21:01:44", "elapsed": 203.426391, "delta": 0.13357}}
{"target": -149.42392064277158, "params": {"p_ai": 4.249572307409615, "p_al": 0.990897645515006, "p_ex": 0.8936663047663312, "prior": 5.295666254267205, "rate": 3.360372051868152}, "datetime": {"datetime": "2024-06-12 21:01:44", "elapsed": 203.55106, "delta": 0.124669}}
{"target": -248.05252643593465, "params": {"p_ai": 6.614304942311136, "p_al": 9.539010728106696, "p_ex": 0.49084386976243943, "prior": 1.2133762959420262, "rate": 6.0827088619345275}, "datetime": {"datetime": "2024-06-12 21:01:44", "elapsed": 203.678614, "delta": 0.127554}}
{"target": -115.8682787645684, "params": {"p_ai": 2.9626503968377715, "p_al": 7.187706273352412, "p_ex": 4.848659104496383, "prior": 9.541663720087032, "rate": 3.588414503228683}, "datetime": {"datetime": "2024-06-12 21:01:44", "elapsed": 203.803464, "delta": 0.12485}}
{"target": -155.9154305579437, "params": {"p_ai": 7.251502004729873, "p_al": 5.930065160011045, "p_ex": 7.01756870007301, "prior": 2.8615783514537116, "rate": 5.504094375399402}, "datetime": {"datetime": "2024-06-12 21:01:44", "elapsed": 203.926677, "delta": 0.123213}}
{"target": -150.29960902025175, "params": {"p_ai": 0.07306053496914365, "p_al": 9.508937330591468, "p_ex": 4.382916290356903, "prior": 3.5620945623483387, "rate": 1.0202895014145021}, "datetime": {"datetime": "2024-06-12 21:01:44", "elapsed": 204.050216, "delta": 0.123539}}
{"target": -125.30746744475502, "params": {"p_ai": 2.374565025823152, "p_al": 2.97156779622816, "p_ex": 4.786153318299789, "prior": 4.15075140466473, "rate": 0.5627854356062384}, "datetime": {"datetime": "2024-06-12 21:01:44", "elapsed": 204.173588, "delta": 0.123372}}
{"target": -152.19699843941234, "params": {"p_ai": 5.889777746955821, "p_al": 0.6709807895322334, "p_ex": 2.7890247717388683, "prior": 9.313561001154257, "rate": 7.01683446365458}, "datetime": {"datetime": "2024-06-12 21:01:44", "elapsed": 204.302594, "delta": 0.129006}}
{"target": -147.07518624113735, "params": {"p_ai": 6.837257739598291, "p_al": 3.5629262163169773, "p_ex": 5.959775210784463, "prior": 8.207283515582828, "rate": 7.790346437199047}, "datetime": {"datetime": "2024-06-12 21:01:45", "elapsed": 204.424696, "delta": 0.122102}}
{"target": -161.00459744968452, "params": {"p_ai": 7.509403072762147, "p_al": 5.315861369525106, "p_ex": 7.452162922469339, "prior": 2.1779757943706612, "rate": 5.186003901738992}, "datetime": {"datetime": "2024-06-12 21:01:45", "elapsed": 204.548336, "delta": 0.12364}}
{"target": -187.61191065829357, "params": {"p_ai": 8.126653970812322, "p_al": 2.7701277738552506, "p_ex": 5.037251829445728, "prior": 6.524227454930324, "rate": 0.8133145274169739}, "datetime": {"datetime": "2024-06-12 21:01:45", "elapsed": 204.671008, "delta": 0.122672}}
{"target": -105.42854521384078, "params": {"p_ai": 1.456108432480609, "p_al": 5.93521207325329, "p_ex": 4.139846895534521, "prior": 1.3123211937372736, "rate": 8.087910396377715}, "datetime": {"datetime": "2024-06-12 21:01:45", "elapsed": 204.795506, "delta": 0.124498}}
{"target": -217.26118939845836, "params": {"p_ai": 7.15666445775387, "p_al": 9.75832709127169, "p_ex": 0.4012972541700555, "prior": 8.031116500864554, "rate": 4.91604439710838}, "datetime": {"datetime": "2024-06-12 21:01:45", "elapsed": 204.923745, "delta": 0.128239}}
{"target": -148.25583263701256, "params": {"p_ai": 1.9485743980245502, "p_al": 1.422191058887923, "p_ex": 1.9901255379738303, "prior": 0.07454570097024037, "rate": 1.2111008288412504}, "datetime": {"datetime": "2024-06-12 21:01:45", "elapsed": 205.047229, "delta": 0.123484}}
{"target": -154.4510024346927, "params": {"p_ai": 6.905693207416068, "p_al": 2.922677914767441, "p_ex": 4.926195476514194, "prior": 8.809573305064752, "rate": 5.238445618617438}, "datetime": {"datetime": "2024-06-12 21:01:45", "elapsed": 205.170803, "delta": 0.123574}}
{"target": -167.7402043711021, "params": {"p_ai": 7.060434216606494, "p_al": 1.511380624593779, "p_ex": 4.364968221973802, "prior": 8.908740760094714, "rate": 1.5985363315057326}, "datetime": {"datetime": "2024-06-12 21:01:45", "elapsed": 205.292507, "delta": 0.121704}}
{"target": -155.0182994815777, "params": {"p_ai": 1.187441672946208, "p_al": 8.222248780764598, "p_ex": 0.5816733273737174, "prior": 2.3232283243682574, "rate": 5.94996418804808}, "datetime": {"datetime": "2024-06-12 21:01:46", "elapsed": 205.417511, "delta": 0.125004}}
{"target": -165.49568664551006, "params": {"p_ai": 7.11487552917943, "p_al": 4.330121853970135, "p_ex": 4.799727628904235, "prior": 0.8702040620727345, "rate": 6.100764652984943}, "datetime": {"datetime": "2024-06-12 21:01:46", "elapsed": 205.54097, "delta": 0.123459}}
{"target": -127.29499807162117, "params": {"p_ai": 2.8039217164251187, "p_al": 9.18924267029231, "p_ex": 2.3829429513440425, "prior": 7.50679086373387, "rate": 7.05174475032335}, "datetime": {"datetime": "2024-06-12 21:01:46", "elapsed": 205.664577, "delta": 0.123607}}
{"target": -124.7449272728003, "params": {"p_ai": 1.2286968177957374, "p_al": 2.088065445573939, "p_ex": 1.9725104926464483, "prior": 7.843519728229327, "rate": 5.511961217946381}, "datetime": {"datetime": "2024-06-12 21:01:46", "elapsed": 205.787355, "delta": 0.122778}}
{"target": -143.87993340242804, "params": {"p_ai": 5.080344277870362, "p_al": 7.426018877944845, "p_ex": 8.775002091926067, "prior": 0.7013862280913841, "rate": 3.763847028518945}, "datetime": {"datetime": "2024-06-12 21:01:46", "elapsed": 205.911267, "delta": 0.123912}}
{"target": -131.03539459750027, "params": {"p_ai": 3.4184030124581692, "p_al": 8.44295527667838, "p_ex": 7.688749752982329, "prior": 5.32544129586932, "rate": 0.8963898348332164}, "datetime": {"datetime": "2024-06-12 21:01:46", "elapsed": 206.035773, "delta": 0.124506}}
{"target": -248.4332306272927, "params": {"p_ai": 9.251155196837031, "p_al": 5.579875490126793, "p_ex": 0.24006991860018745, "prior": 6.460984603796024, "rate": 2.7378187048138867}, "datetime": {"datetime": "2024-06-12 21:01:46", "elapsed": 206.158944, "delta": 0.123171}}
{"target": -175.46842363206605, "params": {"p_ai": 4.537311016985545, "p_al": 8.95627473016752, "p_ex": 2.0412265350303183, "prior": 1.1372698316505385, "rate": 6.182071171578938}, "datetime": {"datetime": "2024-06-12 21:01:46", "elapsed": 206.281124, "delta": 0.12218}}
{"target": -172.85332545902224, "params": {"p_ai": 6.755198655813324, "p_al": 9.888521515950188, "p_ex": 3.2163676406564847, "prior": 9.072346315423873, "rate": 5.905120394910402}, "datetime": {"datetime": "2024-06-12 21:01:47", "elapsed": 206.400804, "delta": 0.11968}}
{"target": -114.05336361073937, "params": {"p_ai": 0.769290087186245, "p_al": 9.305950805476073, "p_ex": 5.425094109659468, "prior": 4.73913782493237, "rate": 5.445216283022927}, "datetime": {"datetime": "2024-06-12 21:01:47", "elapsed": 206.520487, "delta": 0.119683}}
{"target": -133.58240420224257, "params": {"p_ai": 5.273861776892938, "p_al": 6.615123901650437, "p_ex": 6.444840203055383, "prior": 1.730158065941843, "rate": 5.075866711739027}, "datetime": {"datetime": "2024-06-12 21:01:47", "elapsed": 206.640167, "delta": 0.11968}}
{"target": -131.59401157987472, "params": {"p_ai": 1.7826928265391595, "p_al": 4.6571761029266625, "p_ex": 0.9569547039738163, "prior": 9.089426385606528, "rate": 8.43030871872956}, "datetime": {"datetime": "2024-06-12 21:01:47", "elapsed": 206.76299, "delta": 0.122823}}
{"target": -114.1250933093857, "params": {"p_ai": 2.0474012618232695, "p_al": 2.2208593604798703, "p_ex": 5.6485213602705695, "prior": 0.4137194483334112, "rate": 9.79161533551747}, "datetime": {"datetime": "2024-06-12 21:01:47", "elapsed": 206.885662, "delta": 0.122672}}
{"target": -102.11005098864945, "params": {"p_ai": 3.444782316476931, "p_al": 2.963140369217386, "p_ex": 9.279514132962925, "prior": 2.445334822313911, "rate": 4.052450579783661}, "datetime": {"datetime": "2024-06-12 21:01:47", "elapsed": 207.009331, "delta": 0.123669}}
{"target": -108.73322138233839, "params": {"p_ai": 1.8388276880810064, "p_al": 0.8610830815796905, "p_ex": 9.132634516942428, "prior": 2.773826333934965, "rate": 7.783255361089439}, "datetime": {"datetime": "2024-06-12 21:01:47", "elapsed": 207.13513, "delta": 0.125799}}
{"target": -135.85518968787193, "params": {"p_ai": 1.6223885625292012, "p_al": 6.65798432103171, "p_ex": 2.744335622875774, "prior": 7.252818469952089, "rate": 0.5732855079268295}, "datetime": {"datetime": "2024-06-12 21:01:47", "elapsed": 207.263107, "delta": 0.127977}}
{"target": -146.7329424022572, "params": {"p_ai": 6.621526831612565, "p_al": 0.5619114103131689, "p_ex": 6.57555480826815, "prior": 3.497759683500485, "rate": 7.358410473675813}, "datetime": {"datetime": "2024-06-12 21:01:48", "elapsed": 207.385755, "delta": 0.122648}}
