{"target": -685.650002491647, "params": {"gamma": 4.647854040432997, "lr": 0.2343564434014873}, "datetime": {"datetime": "2024-06-13 18:28:24", "elapsed": 7.292437, "delta": 0.004986}}
{"target": -1658.313374436551, "params": {"gamma": 7.27531136269942, "lr": 0.807191102024009}, "datetime": {"datetime": "2024-06-13 18:28:24", "elapsed": 7.297424, "delta": 0.004987}}
{"target": -1661.2685237794208, "params": {"gamma": 7.909964984873447, "lr": 0.7157485483912336}, "datetime": {"datetime": "2024-06-13 18:28:24", "elapsed": 7.301414, "delta": 0.00399}}
{"target": -489.7750605687019, "params": {"gamma": 2.6971628183640655, "lr": 0.21045779104067575}, "datetime": {"datetime": "2024-06-13 18:28:24", "elapsed": 7.3064, "delta": 0.004986}}
{"target": -196.0723056773992, "params": {"gamma": 1.092174154085908, "lr": 0.3966811014027529}, "datetime": {"datetime": "2024-06-13 18:28:24", "elapsed": 7.311417, "delta": 0.005017}}
{"target": -199.1517666391766, "params": {"gamma": 0.8735791351201521, "lr": 0.6553896564824753}, "datetime": {"datetime": "2024-06-13 18:28:24", "elapsed": 7.315882, "delta": 0.004465}}
{"target": -2074.355313842725, "params": {"gamma": 9.49833931470982, "lr": 0.755633280579152}, "datetime": {"datetime": "2024-06-13 18:28:24", "elapsed": 7.320869, "delta": 0.004987}}
{"target": -478.594024719547, "params": {"gamma": 1.1698003792568261, "lr": 0.020481248718401956}, "datetime": {"datetime": "2024-06-13 18:28:24", "elapsed": 7.324858, "delta": 0.003989}}
{"target": -891.8766673591672, "params": {"gamma": 3.349553409033682, "lr": 0.9928761567590365}, "datetime": {"datetime": "2024-06-13 18:28:24", "elapsed": 7.329845, "delta": 0.004987}}
{"target": -664.0519583028029, "params": {"gamma": 3.129004648022036, "lr": 0.7375077987941283}, "datetime": {"datetime": "2024-06-13 18:28:24", "elapsed": 7.334832, "delta": 0.004987}}
{"target": -1263.1806014511285, "params": {"gamma": 7.165577236537339, "lr": 0.5725575976952813}, "datetime": {"datetime": "2024-06-13 18:28:24", "elapsed": 7.339819, "delta": 0.004987}}
{"target": -654.379857107771, "params": {"gamma": 3.6770929306387004, "lr": 0.2082656940300881}, "datetime": {"datetime": "2024-06-13 18:28:24", "elapsed": 7.343808, "delta": 0.003989}}
{"target": -3615.130030477078, "params": {"gamma": 9.800012165219913, "lr": 0.06589377000512553}, "datetime": {"datetime": "2024-06-13 18:28:24", "elapsed": 7.348794, "delta": 0.004986}}
{"target": -331.89432529723933, "params": {"gamma": 2.363041291619063, "lr": 0.3088994705101167}, "datetime": {"datetime": "2024-06-13 18:28:24", "elapsed": 7.353781, "delta": 0.004987}}
{"target": -1860.8925137695842, "params": {"gamma": 9.09512403146957, "lr": 0.7133692630190983}, "datetime": {"datetime": "2024-06-13 18:28:24", "elapsed": 7.35777, "delta": 0.003989}}
{"target": -518.1327938091653, "params": {"gamma": 2.654453130529889, "lr": 0.16450130293866305}, "datetime": {"datetime": "2024-06-13 18:28:24", "elapsed": 7.362757, "delta": 0.004987}}
{"target": -1945.9542686562515, "params": {"gamma": 8.805093637851785, "lr": 0.7937831324318396}, "datetime": {"datetime": "2024-06-13 18:28:24", "elapsed": 7.367744, "delta": 0.004987}}
{"target": -162.04950451150606, "params": {"gamma": 0.38483593233206737, "lr": 0.8793008435965847}, "datetime": {"datetime": "2024-06-13 18:28:24", "elapsed": 7.371733, "delta": 0.003989}}
{"target": -834.2176745575949, "params": {"gamma": 5.879809512359401, "lr": 0.4575371969863721}, "datetime": {"datetime": "2024-06-13 18:28:24", "elapsed": 7.37672, "delta": 0.004987}}
{"target": -2497.8547473929475, "params": {"gamma": 6.73884491695568, "lr": 0.03944279853538757}, "datetime": {"datetime": "2024-06-13 18:28:24", "elapsed": 7.381706, "delta": 0.004986}}
{"target": -1210.0433076194465, "params": {"gamma": 3.303881713493146, "lr": 0.08804841780935202}, "datetime": {"datetime": "2024-06-13 18:28:24", "elapsed": 7.385696, "delta": 0.00399}}
{"target": -957.8447487423681, "params": {"gamma": 6.836691010345723, "lr": 0.3980117152162973}, "datetime": {"datetime": "2024-06-13 18:28:24", "elapsed": 7.390682, "delta": 0.004986}}
{"target": -565.4132162809705, "params": {"gamma": 4.790061963647635, "lr": 0.2898033391923721}, "datetime": {"datetime": "2024-06-13 18:28:24", "elapsed": 7.395669, "delta": 0.004987}}
{"target": -2915.4923303503742, "params": {"gamma": 7.883156906603142, "lr": 0.046512682267751626}, "datetime": {"datetime": "2024-06-13 18:28:24", "elapsed": 7.399658, "delta": 0.003989}}
{"target": -508.36690209242545, "params": {"gamma": 2.811975337992219, "lr": 0.590595861758878}, "datetime": {"datetime": "2024-06-13 18:28:24", "elapsed": 7.404645, "delta": 0.004987}}
{"target": -1400.8085866463719, "params": {"gamma": 7.901544890842957, "lr": 0.6015993359119542}, "datetime": {"datetime": "2024-06-13 18:28:24", "elapsed": 7.409631, "delta": 0.004986}}
{"target": -2704.5353426683337, "params": {"gamma": 7.305156197867701, "lr": 0.023527914877828127}, "datetime": {"datetime": "2024-06-13 18:28:24", "elapsed": 7.414618, "delta": 0.004987}}
{"target": -972.29806241917, "params": {"gamma": 2.5499809694961213, "lr": 0.04209175984237279}, "datetime": {"datetime": "2024-06-13 18:28:24", "elapsed": 7.419605, "delta": 0.004987}}
{"target": -1324.3460454097792, "params": {"gamma": 5.000623972289424, "lr": 0.9891402961407735}, "datetime": {"datetime": "2024-06-13 18:28:24", "elapsed": 7.424592, "delta": 0.004987}}
{"target": -141.3003488194593, "params": {"gamma": 0.1362915505440842, "lr": 0.4408790383372555}, "datetime": {"datetime": "2024-06-13 18:28:24", "elapsed": 7.428581, "delta": 0.003989}}
{"target": -145.00980909233868, "params": {"gamma": 0.0488593946407395, "lr": 0.6128886193293469}, "datetime": {"datetime": "2024-06-13 18:28:24", "elapsed": 7.433568, "delta": 0.004987}}
{"target": -395.5620687561584, "params": {"gamma": 1.8344039025545689, "lr": 0.7127417837905282}, "datetime": {"datetime": "2024-06-13 18:28:24", "elapsed": 7.438554, "delta": 0.004986}}
{"target": -387.2671821000234, "params": {"gamma": 1.5973254712175065, "lr": 0.8285756552303601}, "datetime": {"datetime": "2024-06-13 18:28:24", "elapsed": 7.443541, "delta": 0.004987}}
{"target": -319.25502950722904, "params": {"gamma": 2.0625754591785816, "lr": 0.35221627383195075}, "datetime": {"datetime": "2024-06-13 18:28:24", "elapsed": 7.448528, "delta": 0.004987}}
{"target": -540.8913869409193, "params": {"gamma": 2.3065541407607677, "lr": 0.8076844924516463}, "datetime": {"datetime": "2024-06-13 18:28:24", "elapsed": 7.452517, "delta": 0.003989}}
{"target": -1206.7862435811296, "params": {"gamma": 4.903209285941475, "lr": 0.8738335058866241}, "datetime": {"datetime": "2024-06-13 18:28:24", "elapsed": 7.457503, "delta": 0.004986}}
{"target": -219.79207217444414, "params": {"gamma": 1.3017296410083459, "lr": 0.4989581103650381}, "datetime": {"datetime": "2024-06-13 18:28:24", "elapsed": 7.46249, "delta": 0.004987}}
{"target": -2051.047854448943, "params": {"gamma": 7.766359726186858, "lr": 0.9812101687911365}, "datetime": {"datetime": "2024-06-13 18:28:24", "elapsed": 7.467477, "delta": 0.004987}}
{"target": -1066.9403229514785, "params": {"gamma": 6.734103924215217, "lr": 0.18300117978695374}, "datetime": {"datetime": "2024-06-13 18:28:24", "elapsed": 7.472463, "delta": 0.004986}}
{"target": -2811.4046275157293, "params": {"gamma": 7.597969782524479, "lr": 0.07463521512286109}, "datetime": {"datetime": "2024-06-13 18:28:24", "elapsed": 7.476453, "delta": 0.00399}}
{"target": -1748.6999902233545, "params": {"gamma": 7.62796186474408, "lr": 0.8278152309219722}, "datetime": {"datetime": "2024-06-13 18:28:24", "elapsed": 7.481439, "delta": 0.004986}}
{"target": -794.5261108453644, "params": {"gamma": 5.592537951402159, "lr": 0.49272082980822784}, "datetime": {"datetime": "2024-06-13 18:28:24", "elapsed": 7.488421, "delta": 0.006982}}
{"target": -3456.4752089502986, "params": {"gamma": 9.36533769934676, "lr": 9.695068767479054e-05}, "datetime": {"datetime": "2024-06-13 18:28:24", "elapsed": 7.493408, "delta": 0.004987}}
{"target": -146.00273046244166, "params": {"gamma": 0.0966593768907281, "lr": 0.25195142314544017}, "datetime": {"datetime": "2024-06-13 18:28:24", "elapsed": 7.498394, "delta": 0.004986}}
{"target": -825.4056475633513, "params": {"gamma": 5.057258956122923, "lr": 0.5404166504960898}, "datetime": {"datetime": "2024-06-13 18:28:25", "elapsed": 7.503381, "delta": 0.004987}}
{"target": -445.0788514346529, "params": {"gamma": 3.7135529478230405, "lr": 0.29271137519518675}, "datetime": {"datetime": "2024-06-13 18:28:25", "elapsed": 7.508367, "delta": 0.004986}}
{"target": -478.72099081401024, "params": {"gamma": 2.0244710973929743, "lr": 0.8002818943961242}, "datetime": {"datetime": "2024-06-13 18:28:25", "elapsed": 7.512357, "delta": 0.00399}}
{"target": -460.49753875549777, "params": {"gamma": 3.159913122914842, "lr": 0.492467985547119}, "datetime": {"datetime": "2024-06-13 18:28:25", "elapsed": 7.519338, "delta": 0.006981}}
{"target": -1437.9123848085299, "params": {"gamma": 8.11309762614833, "lr": 0.6123589424601151}, "datetime": {"datetime": "2024-06-13 18:28:25", "elapsed": 7.525322, "delta": 0.005984}}
{"target": -663.3165203054435, "params": {"gamma": 4.086676353275073, "lr": 0.17690422236042747}, "datetime": {"datetime": "2024-06-13 18:28:25", "elapsed": 7.530309, "delta": 0.004987}}
{"target": -572.0129906508304, "params": {"gamma": 3.977123246381154, "lr": 0.48521265373011824}, "datetime": {"datetime": "2024-06-13 18:28:25", "elapsed": 7.535296, "delta": 0.004987}}
{"target": -1220.510623195319, "params": {"gamma": 9.905855341048484, "lr": 0.28419507592058557}, "datetime": {"datetime": "2024-06-13 18:28:25", "elapsed": 7.540282, "delta": 0.004986}}
{"target": -320.957057411363, "params": {"gamma": 1.6572311251158391, "lr": 0.22057551351544413}, "datetime": {"datetime": "2024-06-13 18:28:25", "elapsed": 7.545269, "delta": 0.004987}}
{"target": -815.5174528695037, "params": {"gamma": 2.115461976224172, "lr": 0.07604769057476157}, "datetime": {"datetime": "2024-06-13 18:28:25", "elapsed": 7.550255, "delta": 0.004986}}
{"target": -474.9245995667716, "params": {"gamma": 3.6497120765361126, "lr": 0.28473402479064247}, "datetime": {"datetime": "2024-06-13 18:28:25", "elapsed": 7.555242, "delta": 0.004987}}
{"target": -1961.5157997592116, "params": {"gamma": 8.876000332641663, "lr": 0.780259609956419}, "datetime": {"datetime": "2024-06-13 18:28:25", "elapsed": 7.560229, "delta": 0.004987}}
{"target": -291.20010117918764, "params": {"gamma": 1.09154050351661, "lr": 0.8505034953674093}, "datetime": {"datetime": "2024-06-13 18:28:25", "elapsed": 7.565215, "delta": 0.004986}}
{"target": -262.4309612248256, "params": {"gamma": 1.0968764704846565, "lr": 0.7202077467752445}, "datetime": {"datetime": "2024-06-13 18:28:25", "elapsed": 7.570203, "delta": 0.004988}}
{"target": -2073.745867632861, "params": {"gamma": 5.728670154913063, "lr": 0.08680838426747961}, "datetime": {"datetime": "2024-06-13 18:28:25", "elapsed": 7.574192, "delta": 0.003989}}
{"target": -2218.7858126575047, "params": {"gamma": 9.053375032737591, "lr": 0.8745665148853765}, "datetime": {"datetime": "2024-06-13 18:28:25", "elapsed": 7.580176, "delta": 0.005984}}
{"target": -1171.4866306274878, "params": {"gamma": 8.438673461887907, "lr": 0.3695673551173151}, "datetime": {"datetime": "2024-06-13 18:28:25", "elapsed": 7.585163, "delta": 0.004987}}
{"target": -601.2072082639556, "params": {"gamma": 2.2302911723421603, "lr": 0.9971116548587963}, "datetime": {"datetime": "2024-06-13 18:28:25", "elapsed": 7.589151, "delta": 0.003988}}
{"target": -3021.48748959418, "params": {"gamma": 8.17356631642956, "lr": 0.042128160628106315}, "datetime": {"datetime": "2024-06-13 18:28:25", "elapsed": 7.594139, "delta": 0.004988}}
{"target": -859.558548126763, "params": {"gamma": 3.733405500770418, "lr": 0.8121869757489847}, "datetime": {"datetime": "2024-06-13 18:28:25", "elapsed": 7.599157, "delta": 0.005018}}
{"target": -774.9650667292111, "params": {"gamma": 5.284318582532073, "lr": 0.24713082560012845}, "datetime": {"datetime": "2024-06-13 18:28:25", "elapsed": 7.603144, "delta": 0.003987}}
{"target": -984.3406863947422, "params": {"gamma": 7.9290864165444885, "lr": 0.2617510439444676}, "datetime": {"datetime": "2024-06-13 18:28:25", "elapsed": 7.608131, "delta": 0.004987}}
{"target": -149.45444185060973, "params": {"gamma": 0.00498340216746315, "lr": 0.23131891895573253}, "datetime": {"datetime": "2024-06-13 18:28:25", "elapsed": 7.613087, "delta": 0.004956}}
{"target": -1786.4014547401798, "params": {"gamma": 9.933709519335848, "lr": 0.6562008343421062}, "datetime": {"datetime": "2024-06-13 18:28:25", "elapsed": 7.618075, "delta": 0.004988}}
{"target": -461.60019639784963, "params": {"gamma": 2.20746055274965, "lr": 0.6861397019787449}, "datetime": {"datetime": "2024-06-13 18:28:25", "elapsed": 7.622063, "delta": 0.003988}}
{"target": -1239.7375468159987, "params": {"gamma": 6.8696820453199665, "lr": 0.640742769936858}, "datetime": {"datetime": "2024-06-13 18:28:25", "elapsed": 7.62705, "delta": 0.004987}}
{"target": -171.05733207606633, "params": {"gamma": 0.7064146187020427, "lr": 0.2429641169892971}, "datetime": {"datetime": "2024-06-13 18:28:25", "elapsed": 7.632037, "delta": 0.004987}}
{"target": -1813.6127442017564, "params": {"gamma": 8.708501091076558, "lr": 0.7347408193015217}, "datetime": {"datetime": "2024-06-13 18:28:25", "elapsed": 7.636026, "delta": 0.003989}}
{"target": -229.01627837618122, "params": {"gamma": 1.6789922438348501, "lr": 0.29858946127654595}, "datetime": {"datetime": "2024-06-13 18:28:25", "elapsed": 7.641576, "delta": 0.00555}}
{"target": -1293.9897720595936, "params": {"gamma": 5.627657565327734, "lr": 0.826445766022829}, "datetime": {"datetime": "2024-06-13 18:28:25", "elapsed": 7.645582, "delta": 0.004006}}
{"target": -640.5951378000316, "params": {"gamma": 2.0059625473387035, "lr": 0.10166529365348886}, "datetime": {"datetime": "2024-06-13 18:28:25", "elapsed": 7.650569, "delta": 0.004987}}
{"target": -1003.7714080762565, "params": {"gamma": 3.8193070270168987, "lr": 0.912353469252759}, "datetime": {"datetime": "2024-06-13 18:28:25", "elapsed": 7.655556, "delta": 0.004987}}
{"target": -819.839795730231, "params": {"gamma": 2.605874679054985, "lr": 0.10830435271308025}, "datetime": {"datetime": "2024-06-13 18:28:25", "elapsed": 7.660542, "delta": 0.004986}}
{"target": -150.71474424841335, "params": {"gamma": 0.56037370979255, "lr": 0.3516705558700568}, "datetime": {"datetime": "2024-06-13 18:28:25", "elapsed": 7.665529, "delta": 0.004987}}
{"target": -145.1520518228009, "params": {"gamma": 0.37723182573995767, "lr": 0.583033921230445}, "datetime": {"datetime": "2024-06-13 18:28:25", "elapsed": 7.670515, "delta": 0.004986}}
{"target": -951.2117031830015, "params": {"gamma": 6.725895546392632, "lr": 0.46048358998473815}, "datetime": {"datetime": "2024-06-13 18:28:25", "elapsed": 7.674505, "delta": 0.00399}}
{"target": -1201.324745564361, "params": {"gamma": 7.411427420391562, "lr": 0.5010249644140818}, "datetime": {"datetime": "2024-06-13 18:28:25", "elapsed": 7.679491, "delta": 0.004986}}
{"target": -1019.7263900340736, "params": {"gamma": 7.023823855740785, "lr": 0.2306409059229675}, "datetime": {"datetime": "2024-06-13 18:28:25", "elapsed": 7.684479, "delta": 0.004988}}
{"target": -1206.9123505324733, "params": {"gamma": 7.446379482205204, "lr": 0.5016372020053996}, "datetime": {"datetime": "2024-06-13 18:28:25", "elapsed": 7.689464, "delta": 0.004985}}
{"target": -996.6037405075489, "params": {"gamma": 7.053982930260369, "lr": 0.44669779031638923}, "datetime": {"datetime": "2024-06-13 18:28:25", "elapsed": 7.693454, "delta": 0.00399}}
{"target": -1885.271586908958, "params": {"gamma": 5.059900155144239, "lr": 0.04153518297857339}, "datetime": {"datetime": "2024-06-13 18:28:25", "elapsed": 7.698441, "delta": 0.004987}}
{"target": -1159.0013108575836, "params": {"gamma": 4.893603596752043, "lr": 0.14228750219732444}, "datetime": {"datetime": "2024-06-13 18:28:25", "elapsed": 7.703427, "delta": 0.004986}}
{"target": -240.03564506696983, "params": {"gamma": 1.425815973998472, "lr": 0.43335040255954493}, "datetime": {"datetime": "2024-06-13 18:28:25", "elapsed": 7.708599, "delta": 0.005172}}
{"target": -828.7814468854855, "params": {"gamma": 5.762571683469249, "lr": 0.343048695191552}, "datetime": {"datetime": "2024-06-13 18:28:25", "elapsed": 7.712586, "delta": 0.003987}}
{"target": -357.80520609660425, "params": {"gamma": 1.6057554110518168, "lr": 0.7414104169799515}, "datetime": {"datetime": "2024-06-13 18:28:25", "elapsed": 7.717573, "delta": 0.004987}}
{"target": -2004.0760012943415, "params": {"gamma": 9.630952636256579, "lr": 0.7336422859505056}, "datetime": {"datetime": "2024-06-13 18:28:25", "elapsed": 7.722559, "delta": 0.004986}}
{"target": -224.57457851881918, "params": {"gamma": 0.7715652507427674, "lr": 0.8409081581252351}, "datetime": {"datetime": "2024-06-13 18:28:25", "elapsed": 7.727546, "delta": 0.004987}}
{"target": -159.28456349283678, "params": {"gamma": 0.6760729900832833, "lr": 0.4363120485992489}, "datetime": {"datetime": "2024-06-13 18:28:25", "elapsed": 7.731535, "delta": 0.003989}}
{"target": -1146.7706111484492, "params": {"gamma": 9.288699130413471, "lr": 0.26318010363654454}, "datetime": {"datetime": "2024-06-13 18:28:25", "elapsed": 7.736522, "delta": 0.004987}}
{"target": -306.144010802966, "params": {"gamma": 1.2804037657560603, "lr": 0.7622387720608016}, "datetime": {"datetime": "2024-06-13 18:28:25", "elapsed": 7.741508, "delta": 0.004986}}
{"target": -1198.3861353720902, "params": {"gamma": 9.286152605869912, "lr": 0.32576842070431766}, "datetime": {"datetime": "2024-06-13 18:28:25", "elapsed": 7.746495, "delta": 0.004987}}
{"target": -393.16450956055036, "params": {"gamma": 2.3253485203555204, "lr": 0.1824854764117131}, "datetime": {"datetime": "2024-06-13 18:28:25", "elapsed": 7.751482, "delta": 0.004987}}
{"target": -1693.4127880545668, "params": {"gamma": 9.632391991118075, "lr": 0.5766346346502746}, "datetime": {"datetime": "2024-06-13 18:28:25", "elapsed": 7.756469, "delta": 0.004987}}
{"target": -1111.7689755924926, "params": {"gamma": 8.601017631330931, "lr": 0.3083449860518661}, "datetime": {"datetime": "2024-06-13 18:28:25", "elapsed": 7.761455, "delta": 0.004986}}
{"target": -148.78115049892853, "params": {"gamma": 0.5653078671540508, "lr": 0.45380418511530174}, "datetime": {"datetime": "2024-06-13 18:28:25", "elapsed": 7.765445, "delta": 0.00399}}
{"target": -356.00473595977314, "params": {"gamma": 2.0718938489778145, "lr": 0.5189836643290452}, "datetime": {"datetime": "2024-06-13 18:28:25", "elapsed": 7.770431, "delta": 0.004986}}
{"target": -631.8857871260916, "params": {"gamma": 5.3803383685417385, "lr": 0.2942882172433129}, "datetime": {"datetime": "2024-06-13 18:28:25", "elapsed": 7.775418, "delta": 0.004987}}
{"target": -1162.6297587208599, "params": {"gamma": 3.0752313679559293, "lr": 0.024173672214832798}, "datetime": {"datetime": "2024-06-13 18:28:25", "elapsed": 7.780404, "delta": 0.004986}}
{"target": -557.7814065154998, "params": {"gamma": 4.204599737289876, "lr": 0.3236894136587639}, "datetime": {"datetime": "2024-06-13 18:28:25", "elapsed": 7.785391, "delta": 0.004987}}
{"target": -1521.6516296192756, "params": {"gamma": 6.1952817624864025, "lr": 0.8597630666919952}, "datetime": {"datetime": "2024-06-13 18:28:25", "elapsed": 7.789381, "delta": 0.00399}}
{"target": -1836.7712515659416, "params": {"gamma": 4.926911767488365, "lr": 0.0827082980318894}, "datetime": {"datetime": "2024-06-13 18:28:25", "elapsed": 7.794367, "delta": 0.004986}}
{"target": -2123.621462971172, "params": {"gamma": 9.334871102884591, "lr": 0.8083269668547564}, "datetime": {"datetime": "2024-06-13 18:28:25", "elapsed": 7.799354, "delta": 0.004987}}
{"target": -489.46851809462464, "params": {"gamma": 3.6558227125345977, "lr": 0.3307289110251447}, "datetime": {"datetime": "2024-06-13 18:28:25", "elapsed": 7.804341, "delta": 0.004987}}
{"target": -1299.819334849461, "params": {"gamma": 9.379402853367585, "lr": 0.37489434056111615}, "datetime": {"datetime": "2024-06-13 18:28:25", "elapsed": 7.80833, "delta": 0.003989}}
{"target": -1680.959022415954, "params": {"gamma": 6.358386384013082, "lr": 0.9853443380985734}, "datetime": {"datetime": "2024-06-13 18:28:25", "elapsed": 7.813316, "delta": 0.004986}}
{"target": -143.95161934014502, "params": {"gamma": 0.36836090554034395, "lr": 0.3146309781487783}, "datetime": {"datetime": "2024-06-13 18:28:25", "elapsed": 7.818303, "delta": 0.004987}}
{"target": -622.5666210147567, "params": {"gamma": 2.313125983692789, "lr": 0.9223654191512636}, "datetime": {"datetime": "2024-06-13 18:28:25", "elapsed": 7.82329, "delta": 0.004987}}
{"target": -2050.117478354367, "params": {"gamma": 5.511816168783595, "lr": 0.05371353840991677}, "datetime": {"datetime": "2024-06-13 18:28:25", "elapsed": 7.827279, "delta": 0.003989}}
{"target": -1522.088337510635, "params": {"gamma": 7.552727246484496, "lr": 0.6840838213346168}, "datetime": {"datetime": "2024-06-13 18:28:25", "elapsed": 7.832266, "delta": 0.004987}}
{"target": -1750.2567342001723, "params": {"gamma": 6.622078860248277, "lr": 0.9557287749268826}, "datetime": {"datetime": "2024-06-13 18:28:25", "elapsed": 7.837253, "delta": 0.004987}}
{"target": -1911.1510430250246, "params": {"gamma": 8.746141385554216, "lr": 0.7532514851657419}, "datetime": {"datetime": "2024-06-13 18:28:25", "elapsed": 7.842239, "delta": 0.004986}}
{"target": -545.3008238824567, "params": {"gamma": 2.2274368777620133, "lr": 0.13801496204321861}, "datetime": {"datetime": "2024-06-13 18:28:25", "elapsed": 7.846229, "delta": 0.00399}}
{"target": -409.41279520401696, "params": {"gamma": 2.2096624750777165, "lr": 0.2055098610936521}, "datetime": {"datetime": "2024-06-13 18:28:25", "elapsed": 7.851215, "delta": 0.004986}}
