{"target": -1111.055113344092, "params": {"gamma": 6.7353566438421755, "lr": 0.4058204059990451}, "datetime": {"datetime": "2024-06-13 20:37:16", "elapsed": 6.082209, "delta": 0.00399}}
{"target": -146.7697336491765, "params": {"gamma": 0.04976556777778367, "lr": 0.3253313297689604}, "datetime": {"datetime": "2024-06-13 20:37:16", "elapsed": 6.087195, "delta": 0.004986}}
{"target": -2084.7170415549504, "params": {"gamma": 8.389610534784513, "lr": 0.06282398021726943}, "datetime": {"datetime": "2024-06-13 20:37:16", "elapsed": 6.092181, "delta": 0.004986}}
{"target": -228.0836068243327, "params": {"gamma": 1.0550920446467325, "lr": 0.7017873465119159}, "datetime": {"datetime": "2024-06-13 20:37:17", "elapsed": 6.096171, "delta": 0.00399}}
{"target": -845.6422511717354, "params": {"gamma": 5.142068519294122, "lr": 0.49816682499451226}, "datetime": {"datetime": "2024-06-13 20:37:17", "elapsed": 6.101157, "delta": 0.004986}}
{"target": -663.6157919952922, "params": {"gamma": 3.736723579545134, "lr": 0.603513616671319}, "datetime": {"datetime": "2024-06-13 20:37:17", "elapsed": 6.105147, "delta": 0.00399}}
{"target": -1696.2412616351412, "params": {"gamma": 8.514836200003508, "lr": 0.27692305646899273}, "datetime": {"datetime": "2024-06-13 20:37:17", "elapsed": 6.110133, "delta": 0.004986}}
{"target": -1390.9527871665518, "params": {"gamma": 8.447768867073506, "lr": 0.41661914857211835}, "datetime": {"datetime": "2024-06-13 20:37:17", "elapsed": 6.11512, "delta": 0.004987}}
{"target": -935.4837386244229, "params": {"gamma": 5.010339139927012, "lr": 0.7296233785681803}, "datetime": {"datetime": "2024-06-13 20:37:17", "elapsed": 6.119109, "delta": 0.003989}}
{"target": -531.4763369911, "params": {"gamma": 2.5879583533585664, "lr": 0.9216369186561401}, "datetime": {"datetime": "2024-06-13 20:37:17", "elapsed": 6.124096, "delta": 0.004987}}
{"target": -1231.5833731969462, "params": {"gamma": 7.020992572824255, "lr": 0.618930423097489}, "datetime": {"datetime": "2024-06-13 20:37:17", "elapsed": 6.128085, "delta": 0.003989}}
{"target": -514.6165398400943, "params": {"gamma": 2.7308153642818653, "lr": 0.6958484563594459}, "datetime": {"datetime": "2024-06-13 20:37:17", "elapsed": 6.133073, "delta": 0.004988}}
{"target": -503.7849391403828, "params": {"gamma": 2.5728902697861002, "lr": 0.8164526703274775}, "datetime": {"datetime": "2024-06-13 20:37:17", "elapsed": 6.137061, "delta": 0.003988}}
{"target": -141.974858809053, "params": {"gamma": 0.11571307777403769, "lr": 0.1665376436115401}, "datetime": {"datetime": "2024-06-13 20:37:17", "elapsed": 6.142048, "delta": 0.004987}}
{"target": -1028.783929150006, "params": {"gamma": 5.578732058631829, "lr": 0.7122809996025021}, "datetime": {"datetime": "2024-06-13 20:37:17", "elapsed": 6.146037, "delta": 0.003989}}
{"target": -977.1463744980805, "params": {"gamma": 4.925314058477191, "lr": 0.8778095014799501}, "datetime": {"datetime": "2024-06-13 20:37:17", "elapsed": 6.151024, "delta": 0.004987}}
{"target": -1595.506922488112, "params": {"gamma": 9.758723505691574, "lr": 0.46427706754424325}, "datetime": {"datetime": "2024-06-13 20:37:17", "elapsed": 6.15601, "delta": 0.004986}}
{"target": -1257.763652009871, "params": {"gamma": 7.680101807848576, "lr": 0.49477213383352725}, "datetime": {"datetime": "2024-06-13 20:37:17", "elapsed": 6.16, "delta": 0.00399}}
{"target": -1569.3252447648363, "params": {"gamma": 6.651322684579871, "lr": 0.22487497996736572}, "datetime": {"datetime": "2024-06-13 20:37:17", "elapsed": 6.164987, "delta": 0.004987}}
{"target": -252.89386212043806, "params": {"gamma": 1.0963076304454686, "lr": 0.9790089375741902}, "datetime": {"datetime": "2024-06-13 20:37:17", "elapsed": 6.168976, "delta": 0.003989}}
{"target": -1624.214316550358, "params": {"gamma": 8.150131602400142, "lr": 0.28538353244953096}, "datetime": {"datetime": "2024-06-13 20:37:17", "elapsed": 6.173963, "delta": 0.004987}}
{"target": -990.188360863908, "params": {"gamma": 5.858698015894784, "lr": 0.38007120527879124}, "datetime": {"datetime": "2024-06-13 20:37:17", "elapsed": 6.177952, "delta": 0.003989}}
{"target": -307.7566582104087, "params": {"gamma": 1.7642040696578871, "lr": 0.4188351430524928}, "datetime": {"datetime": "2024-06-13 20:37:17", "elapsed": 6.182939, "delta": 0.004987}}
{"target": -748.2414879873093, "params": {"gamma": 2.9725807541730793, "lr": 0.016624106532905913}, "datetime": {"datetime": "2024-06-13 20:37:17", "elapsed": 6.186928, "delta": 0.003989}}
{"target": -783.0295663740355, "params": {"gamma": 3.8742957016810964, "lr": 0.9209130038047522}, "datetime": {"datetime": "2024-06-13 20:37:17", "elapsed": 6.191915, "delta": 0.004987}}
{"target": -1421.2755731083907, "params": {"gamma": 8.28217438681578, "lr": 0.5740747551965509}, "datetime": {"datetime": "2024-06-13 20:37:17", "elapsed": 6.195904, "delta": 0.003989}}
{"target": -756.1400091158451, "params": {"gamma": 3.1871500009390448, "lr": 0.23126429488543754}, "datetime": {"datetime": "2024-06-13 20:37:17", "elapsed": 6.20089, "delta": 0.004986}}
{"target": -1602.2767416035022, "params": {"gamma": 9.560239816725709, "lr": 0.5646100990687117}, "datetime": {"datetime": "2024-06-13 20:37:17", "elapsed": 6.20488, "delta": 0.00399}}
{"target": -520.724403361309, "params": {"gamma": 2.176835430287672, "lr": 0.24948205109862287}, "datetime": {"datetime": "2024-06-13 20:37:17", "elapsed": 6.209867, "delta": 0.004987}}
{"target": -2261.300257866107, "params": {"gamma": 9.59600242910666, "lr": 0.238814133296392}, "datetime": {"datetime": "2024-06-13 20:37:17", "elapsed": 6.213856, "delta": 0.003989}}
{"target": -272.41983169898026, "params": {"gamma": 1.068034169467023, "lr": 0.18396193975266917}, "datetime": {"datetime": "2024-06-13 20:37:17", "elapsed": 6.218843, "delta": 0.004987}}
{"target": -1406.762305562478, "params": {"gamma": 7.662481844372273, "lr": 0.7087642559312614}, "datetime": {"datetime": "2024-06-13 20:37:17", "elapsed": 6.223829, "delta": 0.004986}}
{"target": -844.2079924703017, "params": {"gamma": 4.379981305846461, "lr": 0.7938045071164251}, "datetime": {"datetime": "2024-06-13 20:37:17", "elapsed": 6.227819, "delta": 0.00399}}
{"target": -856.3121423830994, "params": {"gamma": 5.1756094087340525, "lr": 0.41359816112910697}, "datetime": {"datetime": "2024-06-13 20:37:17", "elapsed": 6.232806, "delta": 0.004987}}
{"target": -264.04733636061684, "params": {"gamma": 1.1753019203396682, "lr": 0.8839110659363493}, "datetime": {"datetime": "2024-06-13 20:37:17", "elapsed": 6.236795, "delta": 0.003989}}
{"target": -495.9354148741849, "params": {"gamma": 2.7566565508887577, "lr": 0.6162607233298604}, "datetime": {"datetime": "2024-06-13 20:37:17", "elapsed": 6.241781, "delta": 0.004986}}
{"target": -2329.851303154672, "params": {"gamma": 9.8458132098281, "lr": 0.1894180220437538}, "datetime": {"datetime": "2024-06-13 20:37:17", "elapsed": 6.245771, "delta": 0.00399}}
{"target": -1687.1503880446978, "params": {"gamma": 9.651914729938635, "lr": 0.6527153684256953}, "datetime": {"datetime": "2024-06-13 20:37:17", "elapsed": 6.250757, "delta": 0.004986}}
{"target": -273.8246458138359, "params": {"gamma": 1.28818731436088, "lr": 0.7719271460730484}, "datetime": {"datetime": "2024-06-13 20:37:17", "elapsed": 6.254747, "delta": 0.00399}}
{"target": -1595.2333781344164, "params": {"gamma": 9.51780600679268, "lr": 0.5627805496894249}, "datetime": {"datetime": "2024-06-13 20:37:17", "elapsed": 6.259733, "delta": 0.004986}}
{"target": -1713.3145807761948, "params": {"gamma": 6.885863442381723, "lr": 0.0263478788699828}, "datetime": {"datetime": "2024-06-13 20:37:17", "elapsed": 6.263723, "delta": 0.00399}}
{"target": -1785.0191257724614, "params": {"gamma": 9.890767779393961, "lr": 0.3184571198136825}, "datetime": {"datetime": "2024-06-13 20:37:17", "elapsed": 6.26871, "delta": 0.004987}}
{"target": -143.83161225867286, "params": {"gamma": 0.24001388988282726, "lr": 0.8085641504743885}, "datetime": {"datetime": "2024-06-13 20:37:17", "elapsed": 6.273696, "delta": 0.004986}}
{"target": -1801.2357984620792, "params": {"gamma": 9.732552265118914, "lr": 0.7375885099166811}, "datetime": {"datetime": "2024-06-13 20:37:17", "elapsed": 6.277685, "delta": 0.003989}}
{"target": -147.82212296595392, "params": {"gamma": 0.028355324647958178, "lr": 0.06336051137403531}, "datetime": {"datetime": "2024-06-13 20:37:17", "elapsed": 6.283085, "delta": 0.0054}}
{"target": -1013.8356605885504, "params": {"gamma": 5.843109782870581, "lr": 0.3357151077556031}, "datetime": {"datetime": "2024-06-13 20:37:17", "elapsed": 6.287075, "delta": 0.00399}}
{"target": -1711.6246929956556, "params": {"gamma": 8.818452974037214, "lr": 0.8736693693569384}, "datetime": {"datetime": "2024-06-13 20:37:17", "elapsed": 6.292062, "delta": 0.004987}}
{"target": -1832.3168147852102, "params": {"gamma": 9.875201568135711, "lr": 0.7158319690725937}, "datetime": {"datetime": "2024-06-13 20:37:17", "elapsed": 6.296051, "delta": 0.003989}}
{"target": -1584.2291035412213, "params": {"gamma": 8.768960114386706, "lr": 0.3196501118620526}, "datetime": {"datetime": "2024-06-13 20:37:17", "elapsed": 6.301037, "delta": 0.004986}}
{"target": -250.97516390763502, "params": {"gamma": 1.1126583422461405, "lr": 0.8653641057823798}, "datetime": {"datetime": "2024-06-13 20:37:17", "elapsed": 6.305026, "delta": 0.003989}}
{"target": -508.603656216122, "params": {"gamma": 3.035422507017289, "lr": 0.4193322981668862}, "datetime": {"datetime": "2024-06-13 20:37:17", "elapsed": 6.310042, "delta": 0.005016}}
{"target": -1134.4667450328548, "params": {"gamma": 6.460656540458656, "lr": 0.6050991341555126}, "datetime": {"datetime": "2024-06-13 20:37:17", "elapsed": 6.314003, "delta": 0.003961}}
{"target": -716.1728680583726, "params": {"gamma": 4.209809922064285, "lr": 0.38615051187059357}, "datetime": {"datetime": "2024-06-13 20:37:17", "elapsed": 6.318989, "delta": 0.004986}}
{"target": -237.0152082123948, "params": {"gamma": 1.227687737548204, "lr": 0.5338618843034166}, "datetime": {"datetime": "2024-06-13 20:37:17", "elapsed": 6.323976, "delta": 0.004987}}
{"target": -459.8473752854743, "params": {"gamma": 2.329308118342716, "lr": 0.7548078511004613}, "datetime": {"datetime": "2024-06-13 20:37:17", "elapsed": 6.327965, "delta": 0.003989}}
{"target": -1679.5213130397187, "params": {"gamma": 6.749030971060837, "lr": 0.07192696480921446}, "datetime": {"datetime": "2024-06-13 20:37:17", "elapsed": 6.332952, "delta": 0.004987}}
{"target": -1890.0818456780316, "params": {"gamma": 9.892657582673268, "lr": 0.7804569355743413}, "datetime": {"datetime": "2024-06-13 20:37:17", "elapsed": 6.337938, "delta": 0.004986}}
{"target": -578.6003006667002, "params": {"gamma": 2.279031043019085, "lr": 0.030742818349697054}, "datetime": {"datetime": "2024-06-13 20:37:17", "elapsed": 6.341928, "delta": 0.00399}}
{"target": -832.9736556700041, "params": {"gamma": 4.784239938885914, "lr": 0.35274243750107404}, "datetime": {"datetime": "2024-06-13 20:37:17", "elapsed": 6.345917, "delta": 0.003989}}
{"target": -961.4314229076259, "params": {"gamma": 5.465568482142916, "lr": 0.6596639554249211}, "datetime": {"datetime": "2024-06-13 20:37:17", "elapsed": 6.350904, "delta": 0.004987}}
{"target": -1981.6696629889104, "params": {"gamma": 7.972400853780025, "lr": 0.013544346839127641}, "datetime": {"datetime": "2024-06-13 20:37:17", "elapsed": 6.35589, "delta": 0.004986}}
{"target": -1336.1310178761375, "params": {"gamma": 7.143240843274906, "lr": 0.2953139661018992}, "datetime": {"datetime": "2024-06-13 20:37:17", "elapsed": 6.35988, "delta": 0.00399}}
{"target": -1897.9752242632755, "params": {"gamma": 9.864039353798532, "lr": 0.8462417305877817}, "datetime": {"datetime": "2024-06-13 20:37:17", "elapsed": 6.364867, "delta": 0.004987}}
{"target": -966.5427560968935, "params": {"gamma": 5.604451409666734, "lr": 0.5977656853768393}, "datetime": {"datetime": "2024-06-13 20:37:17", "elapsed": 6.368856, "delta": 0.003989}}
{"target": -461.8377334880873, "params": {"gamma": 1.9215646543725684, "lr": 0.2262515885870655}, "datetime": {"datetime": "2024-06-13 20:37:17", "elapsed": 6.373842, "delta": 0.004986}}
{"target": -282.153498014154, "params": {"gamma": 1.5409777702011733, "lr": 0.37781354746444173}, "datetime": {"datetime": "2024-06-13 20:37:17", "elapsed": 6.377832, "delta": 0.00399}}
{"target": -221.86792134606847, "params": {"gamma": 1.1204424879714694, "lr": 0.5112728936342619}, "datetime": {"datetime": "2024-06-13 20:37:17", "elapsed": 6.382818, "delta": 0.004986}}
{"target": -1564.265093725958, "params": {"gamma": 6.385141076060073, "lr": 0.12221237823698328}, "datetime": {"datetime": "2024-06-13 20:37:17", "elapsed": 6.386808, "delta": 0.00399}}
{"target": -863.7512430387335, "params": {"gamma": 3.442619392943751, "lr": 0.07034787968520784}, "datetime": {"datetime": "2024-06-13 20:37:17", "elapsed": 6.391794, "delta": 0.004986}}
{"target": -925.5269093160063, "params": {"gamma": 5.25808611153342, "lr": 0.6502897692030054}, "datetime": {"datetime": "2024-06-13 20:37:17", "elapsed": 6.395784, "delta": 0.00399}}
{"target": -1175.110744626155, "params": {"gamma": 6.155105941609653, "lr": 0.8138695628094851}, "datetime": {"datetime": "2024-06-13 20:37:17", "elapsed": 6.40077, "delta": 0.004986}}
{"target": -428.282068381956, "params": {"gamma": 2.3564267987877012, "lr": 0.6181818418404456}, "datetime": {"datetime": "2024-06-13 20:37:17", "elapsed": 6.405757, "delta": 0.004987}}
{"target": -761.4394507181543, "params": {"gamma": 3.028982363807174, "lr": 0.0887677060791423}, "datetime": {"datetime": "2024-06-13 20:37:17", "elapsed": 6.409747, "delta": 0.00399}}
{"target": -768.0580992053071, "params": {"gamma": 3.053309454186566, "lr": 0.07135647494461617}, "datetime": {"datetime": "2024-06-13 20:37:17", "elapsed": 6.415732, "delta": 0.005985}}
{"target": -1779.0689683122132, "params": {"gamma": 9.585783535985689, "lr": 0.7271654349269293}, "datetime": {"datetime": "2024-06-13 20:37:17", "elapsed": 6.420718, "delta": 0.004986}}
{"target": -229.23531603885365, "params": {"gamma": 1.0155071173822163, "lr": 0.7862693223485936}, "datetime": {"datetime": "2024-06-13 20:37:17", "elapsed": 6.424707, "delta": 0.003989}}
{"target": -713.8670269337794, "params": {"gamma": 3.5222014456052215, "lr": 0.9114351403237924}, "datetime": {"datetime": "2024-06-13 20:37:17", "elapsed": 6.429694, "delta": 0.004987}}
{"target": -969.3567284799065, "params": {"gamma": 4.955478850036387, "lr": 0.8726927229848721}, "datetime": {"datetime": "2024-06-13 20:37:17", "elapsed": 6.435678, "delta": 0.005984}}
{"target": -391.98613537914065, "params": {"gamma": 2.206077417642493, "lr": 0.36719232590326556}, "datetime": {"datetime": "2024-06-13 20:37:17", "elapsed": 6.441662, "delta": 0.005984}}
{"target": -918.804545068693, "params": {"gamma": 3.6690025846416687, "lr": 0.09713268160328525}, "datetime": {"datetime": "2024-06-13 20:37:17", "elapsed": 6.447647, "delta": 0.005985}}
{"target": -589.8466514914364, "params": {"gamma": 3.310813326223882, "lr": 0.6597098038387995}, "datetime": {"datetime": "2024-06-13 20:37:17", "elapsed": 6.452634, "delta": 0.004987}}
{"target": -926.6236835943089, "params": {"gamma": 4.665968370246033, "lr": 0.8792315697444312}, "datetime": {"datetime": "2024-06-13 20:37:17", "elapsed": 6.458617, "delta": 0.005983}}
{"target": -478.4847942560917, "params": {"gamma": 2.6974329936370927, "lr": 0.3548193487216488}, "datetime": {"datetime": "2024-06-13 20:37:17", "elapsed": 6.463603, "delta": 0.004986}}
{"target": -549.3301406978052, "params": {"gamma": 3.2042225472159718, "lr": 0.5517379706217076}, "datetime": {"datetime": "2024-06-13 20:37:17", "elapsed": 6.468589, "delta": 0.004986}}
{"target": -464.3152712093203, "params": {"gamma": 1.8830059366472722, "lr": 0.1732442715081729}, "datetime": {"datetime": "2024-06-13 20:37:17", "elapsed": 6.472579, "delta": 0.00399}}
{"target": -1578.8157308047562, "params": {"gamma": 9.394879760160336, "lr": 0.37664771374633}, "datetime": {"datetime": "2024-06-13 20:37:17", "elapsed": 6.477565, "delta": 0.004986}}
{"target": -1462.7929265676698, "params": {"gamma": 5.871394250695616, "lr": 0.05515208501882385}, "datetime": {"datetime": "2024-06-13 20:37:17", "elapsed": 6.481555, "delta": 0.00399}}
{"target": -368.9099145368782, "params": {"gamma": 1.409439110996769, "lr": 0.09635855186124331}, "datetime": {"datetime": "2024-06-13 20:37:17", "elapsed": 6.486542, "delta": 0.004987}}
{"target": -2012.2193980185193, "params": {"gamma": 8.121343564013504, "lr": 0.10314678258346421}, "datetime": {"datetime": "2024-06-13 20:37:17", "elapsed": 6.491528, "delta": 0.004986}}
{"target": -1229.8883037182902, "params": {"gamma": 5.163644140749812, "lr": 0.1555778979920741}, "datetime": {"datetime": "2024-06-13 20:37:17", "elapsed": 6.495517, "delta": 0.003989}}
{"target": -563.2884688274679, "params": {"gamma": 2.7888887375330564, "lr": 0.8826020025030701}, "datetime": {"datetime": "2024-06-13 20:37:17", "elapsed": 6.500504, "delta": 0.004987}}
{"target": -1264.9677074774104, "params": {"gamma": 6.316306057543976, "lr": 0.9636627102130699}, "datetime": {"datetime": "2024-06-13 20:37:17", "elapsed": 6.505058, "delta": 0.004554}}
{"target": -1493.942178466478, "params": {"gamma": 5.997543941794315, "lr": 0.009519716216558005}, "datetime": {"datetime": "2024-06-13 20:37:17", "elapsed": 6.510045, "delta": 0.004987}}
{"target": -1039.7129373509733, "params": {"gamma": 4.156994414198696, "lr": 0.02244175435867979}, "datetime": {"datetime": "2024-06-13 20:37:17", "elapsed": 6.514035, "delta": 0.00399}}
{"target": -522.3637984782185, "params": {"gamma": 3.1405292961414175, "lr": 0.48162493072074175}, "datetime": {"datetime": "2024-06-13 20:37:17", "elapsed": 6.519021, "delta": 0.004986}}
{"target": -1358.731938426677, "params": {"gamma": 5.755017951896957, "lr": 0.2386502029289299}, "datetime": {"datetime": "2024-06-13 20:37:17", "elapsed": 6.524008, "delta": 0.004987}}
{"target": -944.3775242453831, "params": {"gamma": 5.583307497898072, "lr": 0.3949201341072339}, "datetime": {"datetime": "2024-06-13 20:37:17", "elapsed": 6.528995, "delta": 0.004987}}
{"target": -1202.0182584931076, "params": {"gamma": 5.066315292881764, "lr": 0.19596701454252152}, "datetime": {"datetime": "2024-06-13 20:37:17", "elapsed": 6.532984, "delta": 0.003989}}
{"target": -322.199848539515, "params": {"gamma": 1.5683593484243095, "lr": 0.7545170076023864}, "datetime": {"datetime": "2024-06-13 20:37:17", "elapsed": 6.538968, "delta": 0.005984}}
{"target": -588.0636773670243, "params": {"gamma": 3.3004023148263886, "lr": 0.6441956925382164}, "datetime": {"datetime": "2024-06-13 20:37:17", "elapsed": 6.542957, "delta": 0.003989}}
{"target": -1134.2422609607834, "params": {"gamma": 5.654990510308829, "lr": 0.899530915886071}, "datetime": {"datetime": "2024-06-13 20:37:17", "elapsed": 6.547944, "delta": 0.004987}}
{"target": -1449.6483198510855, "params": {"gamma": 8.806955495452243, "lr": 0.4431114003267834}, "datetime": {"datetime": "2024-06-13 20:37:17", "elapsed": 6.552999, "delta": 0.005055}}
{"target": -376.7827743384839, "params": {"gamma": 2.048146129836078, "lr": 0.6321923752918258}, "datetime": {"datetime": "2024-06-13 20:37:17", "elapsed": 6.557985, "delta": 0.004986}}
{"target": -1172.0426869202486, "params": {"gamma": 6.368722917490155, "lr": 0.6924175033786027}, "datetime": {"datetime": "2024-06-13 20:37:17", "elapsed": 6.561974, "delta": 0.003989}}
{"target": -1734.734970207067, "params": {"gamma": 9.074824554145266, "lr": 0.7825809780445985}, "datetime": {"datetime": "2024-06-13 20:37:17", "elapsed": 6.56696, "delta": 0.004986}}
{"target": -1098.5353035764058, "params": {"gamma": 6.253284067622613, "lr": 0.6009655953980898}, "datetime": {"datetime": "2024-06-13 20:37:17", "elapsed": 6.571948, "delta": 0.004988}}
{"target": -389.5382482187696, "params": {"gamma": 2.1283776016453526, "lr": 0.651365361997868}, "datetime": {"datetime": "2024-06-13 20:37:17", "elapsed": 6.575937, "delta": 0.003989}}
{"target": -1626.7884954958465, "params": {"gamma": 8.145187207595269, "lr": 0.9223224808528965}, "datetime": {"datetime": "2024-06-13 20:37:17", "elapsed": 6.580924, "delta": 0.004987}}
{"target": -1536.9366454594865, "params": {"gamma": 9.166584470697245, "lr": 0.5610988058726366}, "datetime": {"datetime": "2024-06-13 20:37:17", "elapsed": 6.58591, "delta": 0.004986}}
{"target": -461.9637770904677, "params": {"gamma": 2.599079923429137, "lr": 0.33379745682371664}, "datetime": {"datetime": "2024-06-13 20:37:17", "elapsed": 6.589899, "delta": 0.003989}}
{"target": -1672.9365945807388, "params": {"gamma": 9.977625893322635, "lr": 0.5255977882178193}, "datetime": {"datetime": "2024-06-13 20:37:17", "elapsed": 6.594886, "delta": 0.004987}}
{"target": -1400.387797765259, "params": {"gamma": 8.159250821705387, "lr": 0.5970161877845721}, "datetime": {"datetime": "2024-06-13 20:37:17", "elapsed": 6.599874, "delta": 0.004988}}
{"target": -881.7257891177153, "params": {"gamma": 5.069796942895938, "lr": 0.34853961530569777}, "datetime": {"datetime": "2024-06-13 20:37:17", "elapsed": 6.604859, "delta": 0.004985}}
{"target": -1341.018295346159, "params": {"gamma": 5.378167511784794, "lr": 0.00673470699420331}, "datetime": {"datetime": "2024-06-13 20:37:17", "elapsed": 6.608849, "delta": 0.00399}}
{"target": -1470.6111466199832, "params": {"gamma": 8.766981380159143, "lr": 0.5614864815326793}, "datetime": {"datetime": "2024-06-13 20:37:17", "elapsed": 6.613836, "delta": 0.004987}}
{"target": -143.9300134285522, "params": {"gamma": 0.2437899718214612, "lr": 0.8181747453311654}, "datetime": {"datetime": "2024-06-13 20:37:17", "elapsed": 6.618822, "delta": 0.004986}}
{"target": -356.4347450714497, "params": {"gamma": 1.3544085542298703, "lr": 0.03063869809086972}, "datetime": {"datetime": "2024-06-13 20:37:17", "elapsed": 6.622811, "delta": 0.003989}}
