{"target": -252.57713115276755, "params": {"p_ai": 9.475541865009603, "p_al": 2.2151059105005597, "p_ex": 2.6714531248239735, "prior": 0.8156581748077427, "rate": 4.286759667809202}, "datetime": {"datetime": "2024-06-12 22:24:54", "elapsed": 9.14784, "delta": 0.111701}}
{"target": -121.41449616012338, "params": {"p_ai": 1.091078621426664, "p_al": 6.3382338193585674, "p_ex": 8.029829410500005, "prior": 6.968308160705665, "rate": 7.66234759937663}, "datetime": {"datetime": "2024-06-12 22:24:54", "elapsed": 9.262533, "delta": 0.114693}}
{"target": -138.59955654644276, "params": {"p_ai": 3.4251987443153546, "p_al": 8.45866897879375, "p_ex": 4.2882589812194265, "prior": 8.240274694252776, "rate": 6.265335090084314}, "datetime": {"datetime": "2024-06-12 22:24:54", "elapsed": 9.374234, "delta": 0.111701}}
{"target": -142.94291716554375, "params": {"p_ai": 1.435087063653779, "p_al": 0.7847906116496246, "p_ex": 0.1843080964871599, "prior": 0.6681832513959254, "rate": 4.586379553270611}, "datetime": {"datetime": "2024-06-12 22:24:54", "elapsed": 9.485936, "delta": 0.111702}}
{"target": -118.92088042021092, "params": {"p_ai": 1.1343058857531372, "p_al": 0.27880570513785086, "p_ex": 7.5488599524232844, "prior": 3.949109954125934, "rate": 7.469638017579644}, "datetime": {"datetime": "2024-06-12 22:24:55", "elapsed": 9.59754, "delta": 0.111604}}
{"target": -143.3755852661935, "params": {"p_ai": 4.52459586263777, "p_al": 4.501417383260611, "p_ex": 4.7812469946715925, "prior": 4.740565261695378, "rate": 8.031830257799582}, "datetime": {"datetime": "2024-06-12 22:24:55", "elapsed": 9.708618, "delta": 0.111078}}
{"target": -196.97076835882132, "params": {"p_ai": 4.024522806057501, "p_al": 9.046956917275887, "p_ex": 0.3715734184924046, "prior": 7.738969552861467, "rate": 1.2572881699962504}, "datetime": {"datetime": "2024-06-12 22:24:55", "elapsed": 9.821317, "delta": 0.112699}}
{"target": -164.96523325428714, "params": {"p_ai": 6.185517155553943, "p_al": 0.10463224909098416, "p_ex": 5.386734198480894, "prior": 0.031176548239344033, "rate": 9.511986661116556}, "datetime": {"datetime": "2024-06-12 22:24:55", "elapsed": 9.932577, "delta": 0.11126}}
{"target": -262.4171869070738, "params": {"p_ai": 9.054114934994077, "p_al": 7.959873452480752, "p_ex": 9.15282792482796, "prior": 1.4564367533528122, "rate": 1.5781429686354622}, "datetime": {"datetime": "2024-06-12 22:24:55", "elapsed": 10.044851, "delta": 0.112274}}
{"target": -117.58223987183771, "params": {"p_ai": 1.8771290973514374, "p_al": 6.225336527096912, "p_ex": 9.05818915058701, "prior": 9.899561828412377, "rate": 7.111513465199394}, "datetime": {"datetime": "2024-06-12 22:24:55", "elapsed": 10.156061, "delta": 0.11121}}
{"target": -264.77511493399044, "params": {"p_ai": 7.318272291013812, "p_al": 9.093022752238, "p_ex": 4.009336449978838, "prior": 2.4992569515701426, "rate": 1.7351282777004415}, "datetime": {"datetime": "2024-06-12 22:24:55", "elapsed": 10.267764, "delta": 0.111703}}
{"target": -140.422772852765, "params": {"p_ai": 1.1954510462869563, "p_al": 8.126293269740254, "p_ex": 1.4687769417990144, "prior": 2.6437105297862797, "rate": 8.191072697156674}, "datetime": {"datetime": "2024-06-12 22:24:55", "elapsed": 10.378986, "delta": 0.111222}}
{"target": -163.99416230025628, "params": {"p_ai": 3.106561930690306, "p_al": 9.824192075480136, "p_ex": 2.6671203828142005, "prior": 5.336999796367143, "rate": 3.1453556448473106}, "datetime": {"datetime": "2024-06-12 22:24:55", "elapsed": 10.491331, "delta": 0.112345}}
{"target": -230.67430788336813, "params": {"p_ai": 9.1078175389072, "p_al": 3.666199881868493, "p_ex": 4.336489680404373, "prior": 5.123414630091336, "rate": 9.388925887219763}, "datetime": {"datetime": "2024-06-12 22:24:56", "elapsed": 10.602897, "delta": 0.111566}}
{"target": -132.839158633511, "params": {"p_ai": 0.310459113705236, "p_al": 7.1690697576532605, "p_ex": 8.910298523969097, "prior": 0.2738449479511707, "rate": 5.220990421277856}, "datetime": {"datetime": "2024-06-12 22:24:56", "elapsed": 10.714601, "delta": 0.111704}}
{"target": -133.53425545696678, "params": {"p_ai": 3.2605721278884827, "p_al": 8.595033719334992, "p_ex": 5.585606992674257, "prior": 6.902588453759316, "rate": 4.529082146015424}, "datetime": {"datetime": "2024-06-12 22:24:56", "elapsed": 10.826807, "delta": 0.112206}}
{"target": -218.69197060256553, "params": {"p_ai": 6.2834620661760505, "p_al": 2.901678420022571, "p_ex": 0.0944764310871913, "prior": 5.767982593935921, "rate": 3.1151306971104957}, "datetime": {"datetime": "2024-06-12 22:24:56", "elapsed": 10.938417, "delta": 0.11161}}
{"target": -187.6234813792445, "params": {"p_ai": 5.1731587174127975, "p_al": 9.164142124685924, "p_ex": 4.265321410225459, "prior": 2.4747129699872517, "rate": 3.7135663190292654}, "datetime": {"datetime": "2024-06-12 22:24:56", "elapsed": 11.050683, "delta": 0.112266}}
{"target": -232.4499764208967, "params": {"p_ai": 9.31867930524877, "p_al": 9.368746944709628, "p_ex": 8.443455155708566, "prior": 9.202144936542298, "rate": 2.279774999223218}, "datetime": {"datetime": "2024-06-12 22:24:56", "elapsed": 11.161892, "delta": 0.111209}}
{"target": -122.61425973204977, "params": {"p_ai": 0.8757346133263552, "p_al": 2.273870053110603, "p_ex": 3.1444517845243904, "prior": 1.7484839976867594, "rate": 6.071334525562633}, "datetime": {"datetime": "2024-06-12 22:24:56", "elapsed": 11.274591, "delta": 0.112699}}
{"target": -181.34814941386367, "params": {"p_ai": 4.136450563596613, "p_al": 8.163698766760314, "p_ex": 1.8521188522920375, "prior": 7.019063421033349, "rate": 2.4043158928665394}, "datetime": {"datetime": "2024-06-12 22:24:56", "elapsed": 11.386292, "delta": 0.111701}}
{"target": -202.77193333174344, "params": {"p_ai": 5.742616669319757, "p_al": 3.490526984610668, "p_ex": 0.5705870304288444, "prior": 2.288907895932798, "rate": 6.641361450992581}, "datetime": {"datetime": "2024-06-12 22:24:56", "elapsed": 11.497993, "delta": 0.111701}}
{"target": -174.08893675909945, "params": {"p_ai": 4.973003683511953, "p_al": 5.190640824752714, "p_ex": 1.7480267809391161, "prior": 5.7075877996110185, "rate": 9.967537498656892}, "datetime": {"datetime": "2024-06-12 22:24:57", "elapsed": 11.610493, "delta": 0.1125}}
{"target": -187.69489567109082, "params": {"p_ai": 8.168534252807428, "p_al": 5.944131865685947, "p_ex": 9.759914694240718, "prior": 9.015724284108543, "rate": 5.956483728092853}, "datetime": {"datetime": "2024-06-12 22:24:57", "elapsed": 11.722194, "delta": 0.111701}}
{"target": -144.89445664258398, "params": {"p_ai": 0.32523082681925664, "p_al": 0.93667738107899, "p_ex": 0.6546517787072217, "prior": 4.517879753766062, "rate": 3.75497289684541}, "datetime": {"datetime": "2024-06-12 22:24:57", "elapsed": 11.833895, "delta": 0.111701}}
{"target": -216.5528448541237, "params": {"p_ai": 9.753524992668595, "p_al": 1.6806649487029495, "p_ex": 9.72790313173462, "prior": 7.674981213761269, "rate": 8.242554158405353}, "datetime": {"datetime": "2024-06-12 22:24:57", "elapsed": 11.94618, "delta": 0.112285}}
{"target": -215.10734903694095, "params": {"p_ai": 6.326525551963195, "p_al": 6.6876589692971145, "p_ex": 4.769346452878413, "prior": 0.13235043287379938, "rate": 3.530707849332706}, "datetime": {"datetime": "2024-06-12 22:24:57", "elapsed": 12.058479, "delta": 0.112299}}
{"target": -185.87779043107926, "params": {"p_ai": 4.9212259431340915, "p_al": 7.3011820196899535, "p_ex": 4.686814799118347, "prior": 4.574591755978228, "rate": 1.377489746715086}, "datetime": {"datetime": "2024-06-12 22:24:57", "elapsed": 12.17018, "delta": 0.111701}}
{"target": -150.7425353387886, "params": {"p_ai": 0.10987644930098642, "p_al": 7.583024326509486, "p_ex": 3.200208427938706, "prior": 9.843850118484914, "rate": 2.2031220273654006}, "datetime": {"datetime": "2024-06-12 22:24:57", "elapsed": 12.281913, "delta": 0.111733}}
{"target": -137.34151506567582, "params": {"p_ai": 3.387741546791315, "p_al": 5.239437460525651, "p_ex": 7.549159679148268, "prior": 4.639113981219056, "rate": 1.2491006085736511}, "datetime": {"datetime": "2024-06-12 22:24:57", "elapsed": 12.394615, "delta": 0.112702}}
{"target": -136.88901923013654, "params": {"p_ai": 3.125701283542003, "p_al": 5.045687177840246, "p_ex": 6.73881623116066, "prior": 7.70172941316461, "rate": 1.3042274737625883}, "datetime": {"datetime": "2024-06-12 22:24:57", "elapsed": 12.514304, "delta": 0.119689}}
{"target": -131.843407718689, "params": {"p_ai": 0.23012839809249527, "p_al": 5.191304139797683, "p_ex": 8.1000771179135, "prior": 0.12702506653173326, "rate": 6.725025976692686}, "datetime": {"datetime": "2024-06-12 22:24:58", "elapsed": 12.626994, "delta": 0.11269}}
{"target": -199.25299941895068, "params": {"p_ai": 6.868395458343262, "p_al": 4.49301828911279, "p_ex": 9.1479720787326, "prior": 6.443966486485173, "rate": 0.05339313667700704}, "datetime": {"datetime": "2024-06-12 22:24:58", "elapsed": 12.737701, "delta": 0.110707}}
{"target": -136.86718734342023, "params": {"p_ai": 4.844800026698242, "p_al": 8.593318743169903, "p_ex": 8.304165300803357, "prior": 6.491892816927667, "rate": 6.737310540562419}, "datetime": {"datetime": "2024-06-12 22:24:58", "elapsed": 12.849907, "delta": 0.112206}}
{"target": -164.05898206540923, "params": {"p_ai": 5.7854172983122165, "p_al": 2.741923631893355, "p_ex": 5.605739375370052, "prior": 6.717626118389386, "rate": 3.5249438725338718}, "datetime": {"datetime": "2024-06-12 22:24:58", "elapsed": 12.961321, "delta": 0.111414}}
{"target": -202.95555484471808, "params": {"p_ai": 8.558427844172023, "p_al": 1.9511798226010642, "p_ex": 7.473460782508901, "prior": 2.8967378591225876, "rate": 7.738219073154577}, "datetime": {"datetime": "2024-06-12 22:24:58", "elapsed": 13.072149, "delta": 0.110828}}
{"target": -156.36298444129042, "params": {"p_ai": 4.277945556031427, "p_al": 8.077176392712982, "p_ex": 3.535995091817236, "prior": 2.137718683058182, "rate": 7.673077799709245}, "datetime": {"datetime": "2024-06-12 22:24:58", "elapsed": 13.18385, "delta": 0.111701}}
{"target": -138.7568310443649, "params": {"p_ai": 3.0871108343588807, "p_al": 7.332717432196549, "p_ex": 7.444987057624244, "prior": 2.2147456123811025, "rate": 2.141907256069664}, "datetime": {"datetime": "2024-06-12 22:24:58", "elapsed": 13.295552, "delta": 0.111702}}
{"target": -130.9953954858324, "params": {"p_ai": 1.9902802863472397, "p_al": 1.4260408593206808, "p_ex": 3.7714489094741337, "prior": 0.26725221903152313, "rate": 1.110092769973372}, "datetime": {"datetime": "2024-06-12 22:24:58", "elapsed": 13.407253, "delta": 0.111701}}
{"target": -274.6492858963643, "params": {"p_ai": 6.745965673610343, "p_al": 7.997965592436966, "p_ex": 0.8062147417567307, "prior": 2.3177914025474347, "rate": 2.0770489923763398}, "datetime": {"datetime": "2024-06-12 22:24:58", "elapsed": 13.518548, "delta": 0.111295}}
{"target": -229.575303117156, "params": {"p_ai": 9.173418297253225, "p_al": 7.113433866846732, "p_ex": 5.539292225903092, "prior": 3.0458753612182816, "rate": 8.348705622270353}, "datetime": {"datetime": "2024-06-12 22:24:59", "elapsed": 13.631131, "delta": 0.112583}}
{"target": -171.4959867512274, "params": {"p_ai": 4.353624270337571, "p_al": 9.234638694972633, "p_ex": 7.0608119915549965, "prior": 4.780835048344869, "rate": 1.2629748273898376}, "datetime": {"datetime": "2024-06-12 22:24:59", "elapsed": 13.741835, "delta": 0.110704}}
{"target": -263.1729359947612, "params": {"p_ai": 9.760459461127008, "p_al": 1.5991766697905894, "p_ex": 2.026818650071406, "prior": 4.312386369848549, "rate": 4.042614855845698}, "datetime": {"datetime": "2024-06-12 22:24:59", "elapsed": 13.853537, "delta": 0.111702}}
{"target": -135.56885962048207, "params": {"p_ai": 1.4683680561621768, "p_al": 7.293459874691873, "p_ex": 1.8882619237049822, "prior": 6.439312547472317, "rate": 7.543305199812411}, "datetime": {"datetime": "2024-06-12 22:24:59", "elapsed": 13.965381, "delta": 0.111844}}
{"target": -115.37770537052101, "params": {"p_ai": 2.108113188441124, "p_al": 6.0099415268282925, "p_ex": 7.489534824083119, "prior": 6.382548887492715, "rate": 5.971675902163545}, "datetime": {"datetime": "2024-06-12 22:24:59", "elapsed": 14.077082, "delta": 0.111701}}
{"target": -113.0503805754552, "params": {"p_ai": 2.955527374269315, "p_al": 7.316333105943847, "p_ex": 9.453139091559498, "prior": 4.256188341225208, "rate": 7.822035986497222}, "datetime": {"datetime": "2024-06-12 22:24:59", "elapsed": 14.188786, "delta": 0.111704}}
{"target": -148.53016016582234, "params": {"p_ai": 0.5623542555794911, "p_al": 8.35288075329717, "p_ex": 1.9233079182046549, "prior": 3.951573592030842, "rate": 3.001510378207639}, "datetime": {"datetime": "2024-06-12 22:24:59", "elapsed": 14.300685, "delta": 0.111899}}
{"target": -132.92139986754214, "params": {"p_ai": 0.8019563344166869, "p_al": 9.046405398359493, "p_ex": 3.702171621359829, "prior": 5.30744368732292, "rate": 4.941668542697355}, "datetime": {"datetime": "2024-06-12 22:24:59", "elapsed": 14.411421, "delta": 0.110736}}
{"target": -141.92067974390548, "params": {"p_ai": 1.3224792582874385, "p_al": 2.0653341348354406, "p_ex": 0.7628119015141794, "prior": 5.07970907775293, "rate": 2.616233968778038}, "datetime": {"datetime": "2024-06-12 22:24:59", "elapsed": 14.52512, "delta": 0.113699}}
{"target": -118.29015134287722, "params": {"p_ai": 3.5712590272190368, "p_al": 1.0815452216436712, "p_ex": 7.87573084468542, "prior": 1.0667321840112223, "rate": 9.857102528308165}, "datetime": {"datetime": "2024-06-12 22:25:00", "elapsed": 14.646886, "delta": 0.121766}}
{"target": -151.96130971430355, "params": {"p_ai": 1.772434483219735, "p_al": 5.724478719234059, "p_ex": 0.4494085005562922, "prior": 7.871375780268687, "rate": 1.8968698722351471}, "datetime": {"datetime": "2024-06-12 22:25:00", "elapsed": 14.7618, "delta": 0.114914}}
{"target": -207.88573616680802, "params": {"p_ai": 5.279511880102859, "p_al": 7.401035354047558, "p_ex": 1.5001649176876422, "prior": 5.511320654695531, "rate": 2.1669554660794654}, "datetime": {"datetime": "2024-06-12 22:25:00", "elapsed": 14.873505, "delta": 0.111705}}
{"target": -252.69737416137048, "params": {"p_ai": 7.592201297122131, "p_al": 7.229429020368581, "p_ex": 1.7663137937365532, "prior": 8.619803610113067, "rate": 0.1987312200639263}, "datetime": {"datetime": "2024-06-12 22:25:00", "elapsed": 14.985378, "delta": 0.111873}}
{"target": -227.31718638845018, "params": {"p_ai": 8.60250973723373, "p_al": 5.589479207798223, "p_ex": 4.032801500586387, "prior": 7.587710563292345, "rate": 7.169573087923007}, "datetime": {"datetime": "2024-06-12 22:25:00", "elapsed": 15.096621, "delta": 0.111243}}
{"target": -284.55589231208654, "params": {"p_ai": 9.873274421909457, "p_al": 2.7815724010812146, "p_ex": 0.03893293042101652, "prior": 9.339092180540563, "rate": 8.5791131482744}, "datetime": {"datetime": "2024-06-12 22:25:00", "elapsed": 15.209004, "delta": 0.112383}}
{"target": -186.9136106519982, "params": {"p_ai": 7.28877992431504, "p_al": 5.167371140432463, "p_ex": 7.069855496242362, "prior": 7.805515039210552, "rate": 3.749384559425057}, "datetime": {"datetime": "2024-06-12 22:25:00", "elapsed": 15.322342, "delta": 0.113338}}
{"target": -199.03375057205633, "params": {"p_ai": 7.703454930774247, "p_al": 7.506492567432579, "p_ex": 6.132498904231054, "prior": 4.019257373754407, "rate": 6.9733828846241455}, "datetime": {"datetime": "2024-06-12 22:25:00", "elapsed": 15.434043, "delta": 0.111701}}
{"target": -153.12341414466917, "params": {"p_ai": 0.032125465394095866, "p_al": 7.749191570599254, "p_ex": 8.964269607966013, "prior": 2.393917758667609, "rate": 1.208551075907988}, "datetime": {"datetime": "2024-06-12 22:25:00", "elapsed": 15.546742, "delta": 0.112699}}
{"target": -118.23857201027096, "params": {"p_ai": 2.2036195939494823, "p_al": 3.021665216169693, "p_ex": 8.830402057129778, "prior": 5.432121135950708, "rate": 2.8678297844146994}, "datetime": {"datetime": "2024-06-12 22:25:01", "elapsed": 15.658714, "delta": 0.111972}}
{"target": -116.79588656516161, "params": {"p_ai": 1.3844085432396722, "p_al": 2.902154486582312, "p_ex": 6.139097026322785, "prior": 3.242061160444569, "rate": 4.574144456728294}, "datetime": {"datetime": "2024-06-12 22:25:01", "elapsed": 15.770416, "delta": 0.111702}}
{"target": -153.81276506269847, "params": {"p_ai": 4.441726953059129, "p_al": 8.281525471954389, "p_ex": 4.264055194208071, "prior": 3.4576425129338477, "rate": 6.7500410764862435}, "datetime": {"datetime": "2024-06-12 22:25:01", "elapsed": 15.882117, "delta": 0.111701}}
{"target": -126.37874068723931, "params": {"p_ai": 2.215599075279554, "p_al": 4.672990993441612, "p_ex": 3.1483421075528404, "prior": 6.268929166026184, "rate": 8.773727386473432}, "datetime": {"datetime": "2024-06-12 22:25:01", "elapsed": 15.994643, "delta": 0.112526}}
{"target": -175.30770971837543, "params": {"p_ai": 4.47744231245614, "p_al": 7.84478973050044, "p_ex": 4.570200039914943, "prior": 6.562637087839597, "rate": 1.3192779092999938}, "datetime": {"datetime": "2024-06-12 22:25:01", "elapsed": 16.106284, "delta": 0.111641}}
{"target": -144.0485405951252, "params": {"p_ai": 4.3303820881695145, "p_al": 9.093210574560711, "p_ex": 6.055184531308316, "prior": 7.6679790977837845, "rate": 5.047501380350848}, "datetime": {"datetime": "2024-06-12 22:25:01", "elapsed": 16.218662, "delta": 0.112378}}
{"target": -193.44153347182646, "params": {"p_ai": 4.981058192655247, "p_al": 8.429155502088307, "p_ex": 0.6790015364751966, "prior": 5.733149443225297, "rate": 9.42768299175406}, "datetime": {"datetime": "2024-06-12 22:25:01", "elapsed": 16.330363, "delta": 0.111701}}
{"target": -137.73054662548233, "params": {"p_ai": 5.179082621675048, "p_al": 1.945463629469317, "p_ex": 8.479545985042318, "prior": 2.5171397844161723, "rate": 7.007559638788898}, "datetime": {"datetime": "2024-06-12 22:25:01", "elapsed": 16.443062, "delta": 0.112699}}
{"target": -200.4764620227695, "params": {"p_ai": 5.403069143028603, "p_al": 9.488414046513915, "p_ex": 6.2437426873243576, "prior": 8.379941642515245, "rate": 0.08032082906903645}, "datetime": {"datetime": "2024-06-12 22:25:02", "elapsed": 16.556267, "delta": 0.113205}}
{"target": -268.298068494027, "params": {"p_ai": 9.893411221610213, "p_al": 0.7780679887535326, "p_ex": 3.2219730066340815, "prior": 9.461577802172197, "rate": 0.09038208461007943}, "datetime": {"datetime": "2024-06-12 22:25:02", "elapsed": 16.671969, "delta": 0.115702}}
{"target": -223.20787786284512, "params": {"p_ai": 8.227477324213933, "p_al": 8.612255172029577, "p_ex": 4.398868311271517, "prior": 2.558196192865506, "rate": 8.027092506813352}, "datetime": {"datetime": "2024-06-12 22:25:02", "elapsed": 16.78519, "delta": 0.113221}}
{"target": -129.12359970176334, "params": {"p_ai": 4.77914218231778, "p_al": 1.3442517479483056, "p_ex": 9.278562079257282, "prior": 8.959803700099478, "rate": 4.915959955019337}, "datetime": {"datetime": "2024-06-12 22:25:02", "elapsed": 16.896892, "delta": 0.111702}}
{"target": -209.15395935142777, "params": {"p_ai": 8.567168262681404, "p_al": 4.1863616796152225, "p_ex": 6.834965536762845, "prior": 3.9805084034398166, "rate": 5.057914432490653}, "datetime": {"datetime": "2024-06-12 22:25:02", "elapsed": 17.009171, "delta": 0.112279}}
{"target": -251.49690024419976, "params": {"p_ai": 1.896327476636439, "p_al": 9.649924252185027, "p_ex": 2.9428626667543027, "prior": 1.035492101607897, "rate": 1.4440096868902519}, "datetime": {"datetime": "2024-06-12 22:25:02", "elapsed": 17.127957, "delta": 0.118786}}
{"target": -141.14774521102194, "params": {"p_ai": 0.14190884963023712, "p_al": 7.1597410489244835, "p_ex": 5.645418704088501, "prior": 7.945988933496338, "rate": 5.0712921529180806}, "datetime": {"datetime": "2024-06-12 22:25:02", "elapsed": 17.239689, "delta": 0.111732}}
{"target": -194.21853907545082, "params": {"p_ai": 7.918418574002035, "p_al": 6.957946378504123, "p_ex": 7.778706920114895, "prior": 4.065422206901887, "rate": 6.478058561241625}, "datetime": {"datetime": "2024-06-12 22:25:02", "elapsed": 17.357344, "delta": 0.117655}}
{"target": -140.67075702606454, "params": {"p_ai": 1.798763182632051, "p_al": 3.2188778139156518, "p_ex": 1.7268735965778053, "prior": 4.086963612907611, "rate": 2.4149460609080227}, "datetime": {"datetime": "2024-06-12 22:25:02", "elapsed": 17.469045, "delta": 0.111701}}
{"target": -156.9264721900769, "params": {"p_ai": 4.069813019299451, "p_al": 9.752248202030684, "p_ex": 3.2038729388944907, "prior": 9.824926958803978, "rate": 6.363424952433981}, "datetime": {"datetime": "2024-06-12 22:25:03", "elapsed": 17.580746, "delta": 0.111701}}
{"target": -131.1561936579976, "params": {"p_ai": 3.7515350929207165, "p_al": 8.574987506336882, "p_ex": 6.19624780694637, "prior": 2.521078768228263, "rate": 7.9287639240909}, "datetime": {"datetime": "2024-06-12 22:25:03", "elapsed": 17.693475, "delta": 0.112729}}
{"target": -158.32566661689108, "params": {"p_ai": 4.329952148832897, "p_al": 3.5757541621370836, "p_ex": 3.3034390883142843, "prior": 6.973991387255782, "rate": 2.6872325889383593}, "datetime": {"datetime": "2024-06-12 22:25:03", "elapsed": 17.806144, "delta": 0.112669}}
{"target": -203.49660260818825, "params": {"p_ai": 8.082971859040095, "p_al": 2.953592655204078, "p_ex": 5.441669714469987, "prior": 4.879726996560219, "rate": 8.553708769541101}, "datetime": {"datetime": "2024-06-12 22:25:03", "elapsed": 17.918824, "delta": 0.11268}}
{"target": -220.43215662299497, "params": {"p_ai": 8.883975957519464, "p_al": 1.8446600392352996, "p_ex": 5.853899240923573, "prior": 8.982152255125355, "rate": 4.461726073125263}, "datetime": {"datetime": "2024-06-12 22:25:03", "elapsed": 18.0311, "delta": 0.112276}}
{"target": -230.54166153610046, "params": {"p_ai": 9.218761186532669, "p_al": 2.790629913679252, "p_ex": 6.0887029107637645, "prior": 6.824854643958388, "rate": 2.2828291277714907}, "datetime": {"datetime": "2024-06-12 22:25:03", "elapsed": 18.142312, "delta": 0.111212}}
