{"target": -620.0280844539557, "params": {"gamma": 7.739388583314729, "lr": 0.33427640499382627}, "datetime": {"datetime": "2024-06-13 19:33:52", "elapsed": 2.504283, "delta": 0.00399}}
{"target": -157.09093767705943, "params": {"gamma": 0.8908932100029573, "lr": 0.18490559027840836}, "datetime": {"datetime": "2024-06-13 19:33:52", "elapsed": 2.508272, "delta": 0.003989}}
{"target": -405.18985386398634, "params": {"gamma": 5.2689919070424525, "lr": 0.417102418106858}, "datetime": {"datetime": "2024-06-13 19:33:52", "elapsed": 2.512262, "delta": 0.00399}}
{"target": -684.094226900266, "params": {"gamma": 8.006795921634268, "lr": 0.9332023381866817}, "datetime": {"datetime": "2024-06-13 19:33:52", "elapsed": 2.516251, "delta": 0.003989}}
{"target": -159.50776932568485, "params": {"gamma": 1.779469614765534, "lr": 0.8600667708762162}, "datetime": {"datetime": "2024-06-13 19:33:52", "elapsed": 2.519242, "delta": 0.002991}}
{"target": -817.2747090774114, "params": {"gamma": 9.57399186834036, "lr": 0.9594706068497821}, "datetime": {"datetime": "2024-06-13 19:33:52", "elapsed": 2.523232, "delta": 0.00399}}
{"target": -140.81790478603233, "params": {"gamma": 0.37958801461658453, "lr": 0.05758350560817371}, "datetime": {"datetime": "2024-06-13 19:33:52", "elapsed": 2.527221, "delta": 0.003989}}
{"target": -139.92239992120142, "params": {"gamma": 0.05896813178397224, "lr": 0.3126811561554764}, "datetime": {"datetime": "2024-06-13 19:33:52", "elapsed": 2.531211, "delta": 0.00399}}
{"target": -116.89064099167439, "params": {"gamma": 0.5579284287083343, "lr": 0.29386248547054417}, "datetime": {"datetime": "2024-06-13 19:33:52", "elapsed": 2.5352, "delta": 0.003989}}
{"target": -307.6932334344191, "params": {"gamma": 3.5608088438258343, "lr": 0.9536770184739218}, "datetime": {"datetime": "2024-06-13 19:33:52", "elapsed": 2.538192, "delta": 0.002992}}
{"target": -482.67567482173644, "params": {"gamma": 4.770032273945294, "lr": 0.27823844242133033}, "datetime": {"datetime": "2024-06-13 19:33:52", "elapsed": 2.542181, "delta": 0.003989}}
{"target": -419.90092316312024, "params": {"gamma": 5.030548945314497, "lr": 0.6433579246491355}, "datetime": {"datetime": "2024-06-13 19:33:52", "elapsed": 2.546171, "delta": 0.00399}}
{"target": -112.45917423526069, "params": {"gamma": 1.1133454800017826, "lr": 0.7580616581331086}, "datetime": {"datetime": "2024-06-13 19:33:52", "elapsed": 2.55016, "delta": 0.003989}}
{"target": -688.6519155584917, "params": {"gamma": 8.519605767101668, "lr": 0.8442498595694283}, "datetime": {"datetime": "2024-06-13 19:33:52", "elapsed": 2.553152, "delta": 0.002992}}
{"target": -710.3169766746984, "params": {"gamma": 8.905177817288482, "lr": 0.38184239675576115}, "datetime": {"datetime": "2024-06-13 19:33:52", "elapsed": 2.557141, "delta": 0.003989}}
{"target": -871.4416202189066, "params": {"gamma": 4.438608178466819, "lr": 0.10158147594616618}, "datetime": {"datetime": "2024-06-13 19:33:52", "elapsed": 2.561131, "delta": 0.00399}}
{"target": -200.61697165585468, "params": {"gamma": 2.25884341738992, "lr": 0.971320469273211}, "datetime": {"datetime": "2024-06-13 19:33:52", "elapsed": 2.56512, "delta": 0.003989}}
{"target": -242.7419223636394, "params": {"gamma": 2.8469550657183857, "lr": 0.9073961422409973}, "datetime": {"datetime": "2024-06-13 19:33:52", "elapsed": 2.568112, "delta": 0.002992}}
{"target": -760.4736065658747, "params": {"gamma": 8.905632311496733, "lr": 0.9225044972603934}, "datetime": {"datetime": "2024-06-13 19:33:52", "elapsed": 2.572102, "delta": 0.00399}}
{"target": -143.38309098207492, "params": {"gamma": 1.5623394948435068, "lr": 0.8797221435013809}, "datetime": {"datetime": "2024-06-13 19:33:52", "elapsed": 2.576091, "delta": 0.003989}}
{"target": -1037.2439562576033, "params": {"gamma": 6.320317509680909, "lr": 0.21062817841880244}, "datetime": {"datetime": "2024-06-13 19:33:52", "elapsed": 2.58008, "delta": 0.003989}}
{"target": -496.83085943036156, "params": {"gamma": 3.4518140318860318, "lr": 0.1599187885892832}, "datetime": {"datetime": "2024-06-13 19:33:52", "elapsed": 2.584069, "delta": 0.003989}}
{"target": -872.4913634120162, "params": {"gamma": 4.444037226303826, "lr": 0.08377495384546052}, "datetime": {"datetime": "2024-06-13 19:33:52", "elapsed": 2.587062, "delta": 0.002993}}
{"target": -240.6413349100062, "params": {"gamma": 1.654019586311918, "lr": 0.19719634646666928}, "datetime": {"datetime": "2024-06-13 19:33:52", "elapsed": 2.591051, "delta": 0.003989}}
{"target": -545.3562688784202, "params": {"gamma": 6.910582388225486, "lr": 0.573802869165353}, "datetime": {"datetime": "2024-06-13 19:33:52", "elapsed": 2.59504, "delta": 0.003989}}
{"target": -1403.5846299755772, "params": {"gamma": 8.733358017233284, "lr": 0.2446340657192081}, "datetime": {"datetime": "2024-06-13 19:33:52", "elapsed": 2.599029, "delta": 0.003989}}
{"target": -1231.3167021342354, "params": {"gamma": 6.296449959232413, "lr": 0.034431265307095615}, "datetime": {"datetime": "2024-06-13 19:33:52", "elapsed": 2.603019, "delta": 0.00399}}
{"target": -432.35406487453224, "params": {"gamma": 5.162468412309614, "lr": 0.8632264817138495}, "datetime": {"datetime": "2024-06-13 19:33:52", "elapsed": 2.606011, "delta": 0.002992}}
{"target": -1918.9155619310573, "params": {"gamma": 9.841281312305282, "lr": 0.009872975358918512}, "datetime": {"datetime": "2024-06-13 19:33:52", "elapsed": 2.610649, "delta": 0.004638}}
{"target": -415.364213676125, "params": {"gamma": 2.5291619792860742, "lr": 0.22384967032752534}, "datetime": {"datetime": "2024-06-13 19:33:52", "elapsed": 2.614639, "delta": 0.00399}}
{"target": -149.49146444191354, "params": {"gamma": 0.4763284046833772, "lr": 0.010172456261775653}, "datetime": {"datetime": "2024-06-13 19:33:52", "elapsed": 2.617631, "delta": 0.002992}}
{"target": -961.1897023111788, "params": {"gamma": 4.902462927130074, "lr": 0.04548214567029407}, "datetime": {"datetime": "2024-06-13 19:33:52", "elapsed": 2.621621, "delta": 0.00399}}
{"target": -238.61130753418857, "params": {"gamma": 2.784002980338173, "lr": 0.6399745691089123}, "datetime": {"datetime": "2024-06-13 19:33:52", "elapsed": 2.625609, "delta": 0.003988}}
{"target": -310.2665688399194, "params": {"gamma": 2.9476257235674814, "lr": 0.26965470115905144}, "datetime": {"datetime": "2024-06-13 19:33:52", "elapsed": 2.629599, "delta": 0.00399}}
{"target": -478.19248311560705, "params": {"gamma": 5.905874675913428, "lr": 0.38053407720964005}, "datetime": {"datetime": "2024-06-13 19:33:52", "elapsed": 2.633588, "delta": 0.003989}}
{"target": -529.7935219920656, "params": {"gamma": 7.025527816580048, "lr": 0.4961239512498611}, "datetime": {"datetime": "2024-06-13 19:33:52", "elapsed": 2.637578, "delta": 0.00399}}
{"target": -511.15914134030925, "params": {"gamma": 6.33245944879897, "lr": 0.3533943470016294}, "datetime": {"datetime": "2024-06-13 19:33:52", "elapsed": 2.640569, "delta": 0.002991}}
{"target": -484.111736173865, "params": {"gamma": 2.871152417608931, "lr": 0.13320711375110195}, "datetime": {"datetime": "2024-06-13 19:33:52", "elapsed": 2.644559, "delta": 0.00399}}
{"target": -757.8518189557198, "params": {"gamma": 9.370866767604843, "lr": 0.8048358460157946}, "datetime": {"datetime": "2024-06-13 19:33:52", "elapsed": 2.648548, "delta": 0.003989}}
{"target": -1243.927353192454, "params": {"gamma": 9.380347403020368, "lr": 0.1853805246478023}, "datetime": {"datetime": "2024-06-13 19:33:52", "elapsed": 2.652538, "delta": 0.00399}}
{"target": -796.6764486405018, "params": {"gamma": 9.331624472469432, "lr": 0.9357532076921331}, "datetime": {"datetime": "2024-06-13 19:33:52", "elapsed": 2.656527, "delta": 0.003989}}
{"target": -299.92195799158605, "params": {"gamma": 2.8361615915229414, "lr": 0.27463424842386297}, "datetime": {"datetime": "2024-06-13 19:33:52", "elapsed": 2.659519, "delta": 0.002992}}
{"target": -735.9049843990952, "params": {"gamma": 5.514764305160052, "lr": 0.18528923936855235}, "datetime": {"datetime": "2024-06-13 19:33:52", "elapsed": 2.663507, "delta": 0.003988}}
{"target": -592.6991816532185, "params": {"gamma": 4.421569005157032, "lr": 0.1853176459376844}, "datetime": {"datetime": "2024-06-13 19:33:52", "elapsed": 2.667498, "delta": 0.003991}}
{"target": -710.8143865693278, "params": {"gamma": 9.473811803621638, "lr": 0.4938246574910856}, "datetime": {"datetime": "2024-06-13 19:33:52", "elapsed": 2.671487, "delta": 0.003989}}
{"target": -797.3661378879486, "params": {"gamma": 9.639213756472554, "lr": 0.6449416725122118}, "datetime": {"datetime": "2024-06-13 19:33:52", "elapsed": 2.675476, "delta": 0.003989}}
{"target": -415.69439610793046, "params": {"gamma": 4.843673414550824, "lr": 0.9676952459611975}, "datetime": {"datetime": "2024-06-13 19:33:52", "elapsed": 2.678468, "delta": 0.002992}}
{"target": -137.22636392781462, "params": {"gamma": 1.4327546273059197, "lr": 0.6323298746664966}, "datetime": {"datetime": "2024-06-13 19:33:52", "elapsed": 2.683203, "delta": 0.004735}}
{"target": -496.85589116148867, "params": {"gamma": 6.6192217900001395, "lr": 0.43383982715272595}, "datetime": {"datetime": "2024-06-13 19:33:52", "elapsed": 2.686195, "delta": 0.002992}}
{"target": -100.54725156232357, "params": {"gamma": 0.594512896164236, "lr": 0.4927226011660333}, "datetime": {"datetime": "2024-06-13 19:33:52", "elapsed": 2.690184, "delta": 0.003989}}
{"target": -378.64311295779083, "params": {"gamma": 4.651874301237257, "lr": 0.8067468107748635}, "datetime": {"datetime": "2024-06-13 19:33:52", "elapsed": 2.694174, "delta": 0.00399}}
{"target": -224.125028444439, "params": {"gamma": 2.5673532385398095, "lr": 0.3914303629842686}, "datetime": {"datetime": "2024-06-13 19:33:52", "elapsed": 2.698163, "delta": 0.003989}}
{"target": -203.495901090906, "params": {"gamma": 2.402481900006551, "lr": 0.6864434151723641}, "datetime": {"datetime": "2024-06-13 19:33:52", "elapsed": 2.702152, "delta": 0.003989}}
{"target": -1312.1055080791111, "params": {"gamma": 9.898844649917818, "lr": 0.1774295368682619}, "datetime": {"datetime": "2024-06-13 19:33:52", "elapsed": 2.705145, "delta": 0.002993}}
{"target": -1320.596834050567, "params": {"gamma": 8.214645955522746, "lr": 0.2309885592816333}, "datetime": {"datetime": "2024-06-13 19:33:52", "elapsed": 2.709134, "delta": 0.003989}}
{"target": -148.1859685178311, "params": {"gamma": 0.5807001579142975, "lr": 0.13881651804567363}, "datetime": {"datetime": "2024-06-13 19:33:52", "elapsed": 2.713124, "delta": 0.00399}}
{"target": -779.6705743148, "params": {"gamma": 9.351596002308344, "lr": 0.8885421033562281}, "datetime": {"datetime": "2024-06-13 19:33:52", "elapsed": 2.71811, "delta": 0.004986}}
{"target": -252.24911243807594, "params": {"gamma": 2.893315694333617, "lr": 0.9477640661016069}, "datetime": {"datetime": "2024-06-13 19:33:52", "elapsed": 2.723097, "delta": 0.004987}}
{"target": -632.1141462200137, "params": {"gamma": 8.499455421778958, "lr": 0.4346547940716735}, "datetime": {"datetime": "2024-06-13 19:33:52", "elapsed": 2.727086, "delta": 0.003989}}
{"target": -391.398191824115, "params": {"gamma": 4.681027499109862, "lr": 0.6298530215834227}, "datetime": {"datetime": "2024-06-13 19:33:52", "elapsed": 2.731107, "delta": 0.004021}}
{"target": -327.45941530176077, "params": {"gamma": 1.581160317803163, "lr": 0.014782086742092915}, "datetime": {"datetime": "2024-06-13 19:33:52", "elapsed": 2.735093, "delta": 0.003986}}
{"target": -528.7232746282609, "params": {"gamma": 2.655854662706386, "lr": 0.015443631942760883}, "datetime": {"datetime": "2024-06-13 19:33:52", "elapsed": 2.739084, "delta": 0.003991}}
{"target": -522.5395622116912, "params": {"gamma": 6.745313942778413, "lr": 0.5514688358127765}, "datetime": {"datetime": "2024-06-13 19:33:52", "elapsed": 2.743043, "delta": 0.003959}}
{"target": -270.1665015721475, "params": {"gamma": 3.2171598078821737, "lr": 0.7802023371197586}, "datetime": {"datetime": "2024-06-13 19:33:52", "elapsed": 2.747032, "delta": 0.003989}}
{"target": -253.16234853659176, "params": {"gamma": 1.4587085267165556, "lr": 0.2448806387618836}, "datetime": {"datetime": "2024-06-13 19:33:52", "elapsed": 2.751022, "delta": 0.00399}}
{"target": -398.50797466357625, "params": {"gamma": 2.923845306630798, "lr": 0.19593194649899215}, "datetime": {"datetime": "2024-06-13 19:33:52", "elapsed": 2.754015, "delta": 0.002993}}
{"target": -99.3835707977102, "params": {"gamma": 0.8802988990222627, "lr": 0.8699761802716075}, "datetime": {"datetime": "2024-06-13 19:33:52", "elapsed": 2.758003, "delta": 0.003988}}
{"target": -100.46035220643483, "params": {"gamma": 0.8827982670695292, "lr": 0.6837103358216379}, "datetime": {"datetime": "2024-06-13 19:33:52", "elapsed": 2.761992, "delta": 0.003989}}
{"target": -259.97847559253677, "params": {"gamma": 1.204888367700376, "lr": 0.010699003144174157}, "datetime": {"datetime": "2024-06-13 19:33:52", "elapsed": 2.765982, "delta": 0.00399}}
{"target": -466.32180128497527, "params": {"gamma": 5.573125032519063, "lr": 0.9071090552203707}, "datetime": {"datetime": "2024-06-13 19:33:52", "elapsed": 2.769971, "delta": 0.003989}}
{"target": -687.0420398312003, "params": {"gamma": 8.604706216701516, "lr": 0.33845138411825004}, "datetime": {"datetime": "2024-06-13 19:33:52", "elapsed": 2.77396, "delta": 0.003989}}
{"target": -99.8219792327855, "params": {"gamma": 0.27256113442929636, "lr": 0.8008593551300331}, "datetime": {"datetime": "2024-06-13 19:33:52", "elapsed": 2.776952, "delta": 0.002992}}
{"target": -672.4987840742656, "params": {"gamma": 8.06004333796437, "lr": 0.8684881163027721}, "datetime": {"datetime": "2024-06-13 19:33:52", "elapsed": 2.780942, "delta": 0.00399}}
{"target": -542.7158751114537, "params": {"gamma": 6.696796352155456, "lr": 0.8077788623150765}, "datetime": {"datetime": "2024-06-13 19:33:52", "elapsed": 2.784931, "delta": 0.003989}}
{"target": -673.9239030161622, "params": {"gamma": 8.9750853247459, "lr": 0.4538299504900123}, "datetime": {"datetime": "2024-06-13 19:33:52", "elapsed": 2.78892, "delta": 0.003989}}
{"target": -434.1064312773991, "params": {"gamma": 5.578695211845391, "lr": 0.5061311288282347}, "datetime": {"datetime": "2024-06-13 19:33:52", "elapsed": 2.79291, "delta": 0.00399}}
{"target": -562.7223870439716, "params": {"gamma": 6.920147061337664, "lr": 0.6829068676298748}, "datetime": {"datetime": "2024-06-13 19:33:52", "elapsed": 2.796899, "delta": 0.003989}}
{"target": -423.501648307573, "params": {"gamma": 5.203616044997302, "lr": 0.8284681480854713}, "datetime": {"datetime": "2024-06-13 19:33:52", "elapsed": 2.799891, "delta": 0.002992}}
{"target": -411.85546609314923, "params": {"gamma": 5.058288088511875, "lr": 0.8248585623852319}, "datetime": {"datetime": "2024-06-13 19:33:52", "elapsed": 2.803881, "delta": 0.00399}}
{"target": -385.1314125888588, "params": {"gamma": 2.8191690363442863, "lr": 0.17849483297748825}, "datetime": {"datetime": "2024-06-13 19:33:52", "elapsed": 2.80787, "delta": 0.003989}}
{"target": -806.4020300081742, "params": {"gamma": 9.698735832876796, "lr": 0.7419395254560768}, "datetime": {"datetime": "2024-06-13 19:33:52", "elapsed": 2.811859, "delta": 0.003989}}
{"target": -215.2354892425341, "params": {"gamma": 2.598657141350841, "lr": 0.5812353422911717}, "datetime": {"datetime": "2024-06-13 19:33:52", "elapsed": 2.815848, "delta": 0.003989}}
{"target": -1862.9254176229429, "params": {"gamma": 9.55266727312833, "lr": 0.0807539078120788}, "datetime": {"datetime": "2024-06-13 19:33:52", "elapsed": 2.819838, "delta": 0.00399}}
{"target": -102.22452384458799, "params": {"gamma": 0.8362585364103492, "lr": 0.6191348314199072}, "datetime": {"datetime": "2024-06-13 19:33:52", "elapsed": 2.823827, "delta": 0.003989}}
{"target": -193.58202867160205, "params": {"gamma": 2.245710294880741, "lr": 0.7651839567335081}, "datetime": {"datetime": "2024-06-13 19:33:52", "elapsed": 2.827816, "delta": 0.003989}}
{"target": -473.12625913980713, "params": {"gamma": 5.681957276948102, "lr": 0.6661880902234952}, "datetime": {"datetime": "2024-06-13 19:33:52", "elapsed": 2.831806, "delta": 0.00399}}
{"target": -238.1969205924672, "params": {"gamma": 1.0790311940451294, "lr": 0.08428305143655679}, "datetime": {"datetime": "2024-06-13 19:33:52", "elapsed": 2.835795, "delta": 0.003989}}
{"target": -476.6870164543559, "params": {"gamma": 6.251585561986592, "lr": 0.4097312611340205}, "datetime": {"datetime": "2024-06-13 19:33:52", "elapsed": 2.839356, "delta": 0.003561}}
{"target": -115.80707857172665, "params": {"gamma": 0.8734379861959459, "lr": 0.3710639450161891}, "datetime": {"datetime": "2024-06-13 19:33:52", "elapsed": 2.843345, "delta": 0.003989}}
{"target": -894.4204009724959, "params": {"gamma": 6.72177195215883, "lr": 0.1895874001915857}, "datetime": {"datetime": "2024-06-13 19:33:52", "elapsed": 2.847334, "delta": 0.003989}}
{"target": -764.8725760198536, "params": {"gamma": 8.957395356178512, "lr": 0.9498463888800873}, "datetime": {"datetime": "2024-06-13 19:33:52", "elapsed": 2.851324, "delta": 0.00399}}
{"target": -799.5577070121979, "params": {"gamma": 9.615763851802903, "lr": 0.7300825577402602}, "datetime": {"datetime": "2024-06-13 19:33:52", "elapsed": 2.855313, "delta": 0.003989}}
{"target": -342.39460330256355, "params": {"gamma": 4.063477988455463, "lr": 0.7437491963512196}, "datetime": {"datetime": "2024-06-13 19:33:52", "elapsed": 2.859302, "delta": 0.003989}}
{"target": -277.93888760265384, "params": {"gamma": 2.8805808058682407, "lr": 0.3144172223907462}, "datetime": {"datetime": "2024-06-13 19:33:52", "elapsed": 2.862295, "delta": 0.002993}}
{"target": -479.4710740207726, "params": {"gamma": 6.059357715817362, "lr": 0.5948471334079176}, "datetime": {"datetime": "2024-06-13 19:33:52", "elapsed": 2.866284, "delta": 0.003989}}
{"target": -867.7951998731247, "params": {"gamma": 8.786731102181795, "lr": 0.25460075566057694}, "datetime": {"datetime": "2024-06-13 19:33:52", "elapsed": 2.870273, "delta": 0.003989}}
{"target": -654.8093225406072, "params": {"gamma": 7.662117463663015, "lr": 0.9410132668189013}, "datetime": {"datetime": "2024-06-13 19:33:52", "elapsed": 2.874262, "delta": 0.003989}}
{"target": -146.6795274528536, "params": {"gamma": 0.011328293644688577, "lr": 0.47608911800210485}, "datetime": {"datetime": "2024-06-13 19:33:52", "elapsed": 2.878252, "delta": 0.00399}}
{"target": -531.891023901829, "params": {"gamma": 6.570746249918269, "lr": 0.8433232139195225}, "datetime": {"datetime": "2024-06-13 19:33:52", "elapsed": 2.882241, "delta": 0.003989}}
{"target": -159.15891725160012, "params": {"gamma": 1.8382103793481412, "lr": 0.8561592379873718}, "datetime": {"datetime": "2024-06-13 19:33:52", "elapsed": 2.885795, "delta": 0.003554}}
{"target": -307.3894824295089, "params": {"gamma": 3.6442904330904224, "lr": 0.8922739292761724}, "datetime": {"datetime": "2024-06-13 19:33:52", "elapsed": 2.889784, "delta": 0.003989}}
{"target": -135.27665632602412, "params": {"gamma": 0.2780896894835276, "lr": 0.08539013912317062}, "datetime": {"datetime": "2024-06-13 19:33:52", "elapsed": 2.893774, "delta": 0.00399}}
{"target": -820.1348215275734, "params": {"gamma": 9.81412324707537, "lr": 0.6095019257734966}, "datetime": {"datetime": "2024-06-13 19:33:52", "elapsed": 2.897763, "delta": 0.003989}}
{"target": -560.7503404652232, "params": {"gamma": 4.176905835795019, "lr": 0.16921418469369054}, "datetime": {"datetime": "2024-06-13 19:33:52", "elapsed": 2.901753, "delta": 0.00399}}
{"target": -1270.6629599151029, "params": {"gamma": 6.499361629743811, "lr": 0.03697506835935782}, "datetime": {"datetime": "2024-06-13 19:33:52", "elapsed": 2.904745, "delta": 0.002992}}
{"target": -297.64297785780235, "params": {"gamma": 3.116827520693586, "lr": 0.32347919698907535}, "datetime": {"datetime": "2024-06-13 19:33:52", "elapsed": 2.908734, "delta": 0.003989}}
{"target": -505.26820923987236, "params": {"gamma": 6.074811493252022, "lr": 0.6508312566756971}, "datetime": {"datetime": "2024-06-13 19:33:52", "elapsed": 2.912723, "delta": 0.003989}}
{"target": -722.6634268441602, "params": {"gamma": 8.460699937765456, "lr": 0.9275809425975434}, "datetime": {"datetime": "2024-06-13 19:33:52", "elapsed": 2.916713, "delta": 0.00399}}
{"target": -521.6904863779488, "params": {"gamma": 6.604916818383386, "lr": 0.5781739184085382}, "datetime": {"datetime": "2024-06-13 19:33:52", "elapsed": 2.920703, "delta": 0.00399}}
{"target": -343.494729356848, "params": {"gamma": 3.987756720746455, "lr": 0.966612492642142}, "datetime": {"datetime": "2024-06-13 19:33:52", "elapsed": 2.924691, "delta": 0.003988}}
{"target": -141.88663684274198, "params": {"gamma": 1.541637639151742, "lr": 0.8950868086486484}, "datetime": {"datetime": "2024-06-13 19:33:52", "elapsed": 2.928681, "delta": 0.00399}}
{"target": -249.10174228910307, "params": {"gamma": 3.1108196657805305, "lr": 0.548489089666104}, "datetime": {"datetime": "2024-06-13 19:33:52", "elapsed": 2.932669, "delta": 0.003988}}
{"target": -1097.6562769861514, "params": {"gamma": 6.8209805180697165, "lr": 0.23646965132615538}, "datetime": {"datetime": "2024-06-13 19:33:52", "elapsed": 2.935662, "delta": 0.002993}}
{"target": -148.53567129624173, "params": {"gamma": 1.678199113817666, "lr": 0.508482013429616}, "datetime": {"datetime": "2024-06-13 19:33:52", "elapsed": 2.939651, "delta": 0.003989}}
{"target": -643.0661555332905, "params": {"gamma": 7.918846891971133, "lr": 0.6924144621670756}, "datetime": {"datetime": "2024-06-13 19:33:52", "elapsed": 2.94364, "delta": 0.003989}}
{"target": -117.62598540564575, "params": {"gamma": 1.1906143983929753, "lr": 0.900742215071733}, "datetime": {"datetime": "2024-06-13 19:33:52", "elapsed": 2.947629, "delta": 0.003989}}
{"target": -411.82329155186994, "params": {"gamma": 4.797895932924502, "lr": 0.9466766792396476}, "datetime": {"datetime": "2024-06-13 19:33:52", "elapsed": 2.951619, "delta": 0.00399}}
