{"target": -869.2402242970121, "params": {"gamma": 4.903044972676658, "lr": 0.5991103076458784}, "datetime": {"datetime": "2024-06-13 18:28:17", "elapsed": 0.405803, "delta": 0.003989}}
{"target": -140.18237647590604, "params": {"gamma": 0.15631722223280642, "lr": 0.5934814081966372}, "datetime": {"datetime": "2024-06-13 18:28:17", "elapsed": 0.408795, "delta": 0.002992}}
{"target": -995.3951629661711, "params": {"gamma": 4.337329813545594, "lr": 0.8073605288848414}, "datetime": {"datetime": "2024-06-13 18:28:17", "elapsed": 0.412784, "delta": 0.003989}}
{"target": -822.6477804294412, "params": {"gamma": 3.153132786150634, "lr": 0.8928887085251513}, "datetime": {"datetime": "2024-06-13 18:28:17", "elapsed": 0.415777, "delta": 0.002993}}
{"target": -919.5646874843776, "params": {"gamma": 5.778994295630071, "lr": 0.18401020162746506}, "datetime": {"datetime": "2024-06-13 18:28:17", "elapsed": 0.418769, "delta": 0.002992}}
{"target": -1396.94311545404, "params": {"gamma": 7.8795044090212185, "lr": 0.6120311770449339}, "datetime": {"datetime": "2024-06-13 18:28:17", "elapsed": 0.422757, "delta": 0.003988}}
{"target": -148.69861463871985, "params": {"gamma": 0.5400388114654558, "lr": 0.4201936800011322}, "datetime": {"datetime": "2024-06-13 18:28:17", "elapsed": 0.42575, "delta": 0.002993}}
{"target": -1794.6554886088406, "params": {"gamma": 6.791009296817731, "lr": 0.9186017779775258}, "datetime": {"datetime": "2024-06-13 18:28:17", "elapsed": 0.429739, "delta": 0.003989}}
{"target": -149.10292973774273, "params": {"gamma": 0.005019846888682974, "lr": 0.9767591490310596}, "datetime": {"datetime": "2024-06-13 18:28:17", "elapsed": 0.432731, "delta": 0.002992}}
{"target": -1000.8373160635048, "params": {"gamma": 3.766426567142999, "lr": 0.9737835383583225}, "datetime": {"datetime": "2024-06-13 18:28:17", "elapsed": 0.436721, "delta": 0.00399}}
{"target": -1389.3999206960848, "params": {"gamma": 6.047556293639557, "lr": 0.828845807980693}, "datetime": {"datetime": "2024-06-13 18:28:17", "elapsed": 0.44071, "delta": 0.003989}}
{"target": -1040.4294883137397, "params": {"gamma": 5.747540335576315, "lr": 0.6280761983073504}, "datetime": {"datetime": "2024-06-13 18:28:17", "elapsed": 0.443702, "delta": 0.002992}}
{"target": -515.9530487295451, "params": {"gamma": 2.8564772406752437, "lr": 0.586833340656083}, "datetime": {"datetime": "2024-06-13 18:28:17", "elapsed": 0.447691, "delta": 0.003989}}
{"target": -1839.9554348815752, "params": {"gamma": 7.500467615262897, "lr": 0.8583138364290424}, "datetime": {"datetime": "2024-06-13 18:28:17", "elapsed": 0.450684, "delta": 0.002993}}
{"target": -1521.757157257755, "params": {"gamma": 7.551066802488335, "lr": 0.698057248447303}, "datetime": {"datetime": "2024-06-13 18:28:17", "elapsed": 0.454673, "delta": 0.003989}}
{"target": -1117.3198818765036, "params": {"gamma": 8.644929821115943, "lr": 0.32268099683674645}, "datetime": {"datetime": "2024-06-13 18:28:17", "elapsed": 0.457665, "delta": 0.002992}}
{"target": -948.7661472036716, "params": {"gamma": 6.708217119085085, "lr": 0.45087393641334916}, "datetime": {"datetime": "2024-06-13 18:28:17", "elapsed": 0.461654, "delta": 0.003989}}
{"target": -551.625267679603, "params": {"gamma": 3.8216454175631407, "lr": 0.4108113499221856}, "datetime": {"datetime": "2024-06-13 18:28:17", "elapsed": 0.464646, "delta": 0.002992}}
{"target": -534.1751760955023, "params": {"gamma": 4.015394355111937, "lr": 0.3173839459582769}, "datetime": {"datetime": "2024-06-13 18:28:17", "elapsed": 0.468635, "delta": 0.003989}}
{"target": -903.6467475573575, "params": {"gamma": 6.219571759835095, "lr": 0.43024727082126435}, "datetime": {"datetime": "2024-06-13 18:28:17", "elapsed": 0.472624, "delta": 0.003989}}
{"target": -1958.0076880003455, "params": {"gamma": 9.738046977194596, "lr": 0.6778008914343111}, "datetime": {"datetime": "2024-06-13 18:28:17", "elapsed": 0.475617, "delta": 0.002993}}
{"target": -305.3606287847639, "params": {"gamma": 1.9865003143826816, "lr": 0.4267010093480328}, "datetime": {"datetime": "2024-06-13 18:28:17", "elapsed": 0.479606, "delta": 0.003989}}
{"target": -769.0258176792607, "params": {"gamma": 3.4341190515044557, "lr": 0.7976388039585666}, "datetime": {"datetime": "2024-06-13 18:28:17", "elapsed": 0.482598, "delta": 0.002992}}
{"target": -2271.3971001799123, "params": {"gamma": 8.800102887345755, "lr": 0.903841955826372}, "datetime": {"datetime": "2024-06-13 18:28:17", "elapsed": 0.486588, "delta": 0.00399}}
{"target": -828.9142808516119, "params": {"gamma": 6.627535403940247, "lr": 0.2702082620297578}, "datetime": {"datetime": "2024-06-13 18:28:17", "elapsed": 0.489579, "delta": 0.002991}}
{"target": -617.8690985213872, "params": {"gamma": 2.5244146483443926, "lr": 0.8548979426974024}, "datetime": {"datetime": "2024-06-13 18:28:17", "elapsed": 0.493569, "delta": 0.00399}}
{"target": -1207.3227442256486, "params": {"gamma": 5.277618748441158, "lr": 0.8021610840045981}, "datetime": {"datetime": "2024-06-13 18:28:17", "elapsed": 0.496561, "delta": 0.002992}}
{"target": -1197.8866597155131, "params": {"gamma": 5.725312683398872, "lr": 0.7331425252875111}, "datetime": {"datetime": "2024-06-13 18:28:18", "elapsed": 0.50055, "delta": 0.003989}}
{"target": -1140.0981305553996, "params": {"gamma": 5.190597263013095, "lr": 0.770883910501888}, "datetime": {"datetime": "2024-06-13 18:28:18", "elapsed": 0.504539, "delta": 0.003989}}
{"target": -807.8532269046527, "params": {"gamma": 5.689011049056451, "lr": 0.4657098785919809}, "datetime": {"datetime": "2024-06-13 18:28:18", "elapsed": 0.507531, "delta": 0.002992}}
{"target": -1290.622783189201, "params": {"gamma": 3.4275463906248644, "lr": 0.06820934841670412}, "datetime": {"datetime": "2024-06-13 18:28:18", "elapsed": 0.51152, "delta": 0.003989}}
{"target": -1418.7926078829908, "params": {"gamma": 3.7798638691016704, "lr": 0.07962607769825236}, "datetime": {"datetime": "2024-06-13 18:28:18", "elapsed": 0.514513, "delta": 0.002993}}
{"target": -1554.6484368397234, "params": {"gamma": 9.82818832019072, "lr": 0.18161285133076377}, "datetime": {"datetime": "2024-06-13 18:28:18", "elapsed": 0.518501, "delta": 0.003988}}
{"target": -1990.7820977386712, "params": {"gamma": 8.118775118507678, "lr": 0.8749616449558981}, "datetime": {"datetime": "2024-06-13 18:28:18", "elapsed": 0.521494, "delta": 0.002993}}
{"target": -1158.3562332385436, "params": {"gamma": 6.884444110607048, "lr": 0.5694944127453757}, "datetime": {"datetime": "2024-06-13 18:28:18", "elapsed": 0.525483, "delta": 0.003989}}
{"target": -256.9007302474762, "params": {"gamma": 1.610553396719272, "lr": 0.4668800227633063}, "datetime": {"datetime": "2024-06-13 18:28:18", "elapsed": 0.528475, "delta": 0.002992}}
{"target": -518.8507709528112, "params": {"gamma": 3.452375339500995, "lr": 0.2250399578140846}, "datetime": {"datetime": "2024-06-13 18:28:18", "elapsed": 0.532464, "delta": 0.003989}}
{"target": -773.9194400395763, "params": {"gamma": 5.925526175789202, "lr": 0.31226983770191696}, "datetime": {"datetime": "2024-06-13 18:28:18", "elapsed": 0.535457, "delta": 0.002993}}
{"target": -2391.5019921235207, "params": {"gamma": 9.163139229130039, "lr": 0.9096355249515571}, "datetime": {"datetime": "2024-06-13 18:28:18", "elapsed": 0.539446, "delta": 0.003989}}
{"target": -809.6457846666559, "params": {"gamma": 2.57192581952818, "lr": 0.1108913007440292}, "datetime": {"datetime": "2024-06-13 18:28:18", "elapsed": 0.542438, "delta": 0.002992}}
{"target": -297.23619875202854, "params": {"gamma": 1.9304343574591094, "lr": 0.49958417067888605}, "datetime": {"datetime": "2024-06-13 18:28:18", "elapsed": 0.546427, "delta": 0.003989}}
{"target": -1269.614925833147, "params": {"gamma": 7.286128094077989, "lr": 0.20819443840879148}, "datetime": {"datetime": "2024-06-13 18:28:18", "elapsed": 0.549419, "delta": 0.002992}}
{"target": -607.7472462354448, "params": {"gamma": 2.48108755021393, "lr": 0.851671874936367}, "datetime": {"datetime": "2024-06-13 18:28:18", "elapsed": 0.553408, "delta": 0.003989}}
{"target": -745.72478834987, "params": {"gamma": 4.159071333957006, "lr": 0.6166850671552362}, "datetime": {"datetime": "2024-06-13 18:28:18", "elapsed": 0.557398, "delta": 0.00399}}
{"target": -739.3775595453333, "params": {"gamma": 2.3374277262532615, "lr": 0.10196725942579743}, "datetime": {"datetime": "2024-06-13 18:28:18", "elapsed": 0.561387, "delta": 0.003989}}
{"target": -734.6788974532498, "params": {"gamma": 5.159054312668331, "lr": 0.47714098704978236}, "datetime": {"datetime": "2024-06-13 18:28:18", "elapsed": 0.564379, "delta": 0.002992}}
{"target": -296.95341390836137, "params": {"gamma": 1.5275637692875392, "lr": 0.6218062317404155}, "datetime": {"datetime": "2024-06-13 18:28:18", "elapsed": 0.568286, "delta": 0.003907}}
{"target": -985.0687184267847, "params": {"gamma": 5.440557178020568, "lr": 0.6541373469707443}, "datetime": {"datetime": "2024-06-13 18:28:18", "elapsed": 0.572274, "delta": 0.003988}}
{"target": -339.60182722295565, "params": {"gamma": 1.4463108557064734, "lr": 0.7515278171352439}, "datetime": {"datetime": "2024-06-13 18:28:18", "elapsed": 0.575267, "delta": 0.002993}}
{"target": -378.7720569357689, "params": {"gamma": 2.221269348859427, "lr": 0.519351824366033}, "datetime": {"datetime": "2024-06-13 18:28:18", "elapsed": 0.579256, "delta": 0.003989}}
{"target": -2904.5494456561755, "params": {"gamma": 7.853174986187969, "lr": 0.02233042799180618}, "datetime": {"datetime": "2024-06-13 18:28:18", "elapsed": 0.582247, "delta": 0.002991}}
{"target": -803.7542168962649, "params": {"gamma": 3.2443002348021386, "lr": 0.872922376400111}, "datetime": {"datetime": "2024-06-13 18:28:18", "elapsed": 0.586238, "delta": 0.003991}}
{"target": -1366.9504222749144, "params": {"gamma": 8.447251366413093, "lr": 0.5384405925945437}, "datetime": {"datetime": "2024-06-13 18:28:18", "elapsed": 0.590226, "delta": 0.003988}}
{"target": -2287.6428141026627, "params": {"gamma": 8.666216133390963, "lr": 0.9498059913536265}, "datetime": {"datetime": "2024-06-13 18:28:18", "elapsed": 0.593219, "delta": 0.002993}}
{"target": -1976.7251062423989, "params": {"gamma": 8.264243569295784, "lr": 0.8541154438365387}, "datetime": {"datetime": "2024-06-13 18:28:18", "elapsed": 0.597208, "delta": 0.003989}}
{"target": -215.6613184813511, "params": {"gamma": 0.9883352748016633, "lr": 0.651304332340991}, "datetime": {"datetime": "2024-06-13 18:28:18", "elapsed": 0.601198, "delta": 0.00399}}
{"target": -1248.9443765078117, "params": {"gamma": 7.035466364538378, "lr": 0.6102408126466297}, "datetime": {"datetime": "2024-06-13 18:28:18", "elapsed": 0.60419, "delta": 0.002992}}
{"target": -2956.8070898107003, "params": {"gamma": 7.996353002098545, "lr": 0.03457121987163425}, "datetime": {"datetime": "2024-06-13 18:28:18", "elapsed": 0.608179, "delta": 0.003989}}
{"target": -1605.9428147306521, "params": {"gamma": 7.702617106815245, "lr": 0.731728600739527}, "datetime": {"datetime": "2024-06-13 18:28:18", "elapsed": 0.61117, "delta": 0.002991}}
{"target": -352.57619520502305, "params": {"gamma": 2.5977242345902325, "lr": 0.2570692988221467}, "datetime": {"datetime": "2024-06-13 18:28:18", "elapsed": 0.61516, "delta": 0.00399}}
{"target": -907.1406250813076, "params": {"gamma": 6.323400870983849, "lr": 0.34529746159108154}, "datetime": {"datetime": "2024-06-13 18:28:18", "elapsed": 0.618152, "delta": 0.002992}}
{"target": -1122.8404630132416, "params": {"gamma": 7.966090191394868, "lr": 0.44614623200345727}, "datetime": {"datetime": "2024-06-13 18:28:18", "elapsed": 0.622141, "delta": 0.003989}}
{"target": -2067.177605126783, "params": {"gamma": 7.827711398426936, "lr": 0.9904717836238407}, "datetime": {"datetime": "2024-06-13 18:28:18", "elapsed": 0.626131, "delta": 0.00399}}
{"target": -580.5918847439251, "params": {"gamma": 3.0031831469994668, "lr": 0.14300582825809938}, "datetime": {"datetime": "2024-06-13 18:28:18", "elapsed": 0.629122, "delta": 0.002991}}
{"target": -1457.463044594602, "params": {"gamma": 9.01318305505639, "lr": 0.5415593788873733}, "datetime": {"datetime": "2024-06-13 18:28:18", "elapsed": 0.633111, "delta": 0.003989}}
{"target": -1753.1568694434734, "params": {"gamma": 9.747428968179968, "lr": 0.6366044000018972}, "datetime": {"datetime": "2024-06-13 18:28:18", "elapsed": 0.636104, "delta": 0.002993}}
{"target": -1609.7205625246193, "params": {"gamma": 9.939136333080178, "lr": 0.5460708041429516}, "datetime": {"datetime": "2024-06-13 18:28:18", "elapsed": 0.640093, "delta": 0.003989}}
{"target": -1245.1509137664596, "params": {"gamma": 5.264732913121308, "lr": 0.1354279030721699}, "datetime": {"datetime": "2024-06-13 18:28:18", "elapsed": 0.643085, "delta": 0.002992}}
{"target": -1337.9525910244422, "params": {"gamma": 3.5576960046678274, "lr": 0.026218567296373285}, "datetime": {"datetime": "2024-06-13 18:28:18", "elapsed": 0.647074, "delta": 0.003989}}
{"target": -357.61701841694486, "params": {"gamma": 1.6047914000169714, "lr": 0.7456371927074961}, "datetime": {"datetime": "2024-06-13 18:28:18", "elapsed": 0.651064, "delta": 0.00399}}
{"target": -140.73128298658088, "params": {"gamma": 0.3049664995979595, "lr": 0.36654309724374434}, "datetime": {"datetime": "2024-06-13 18:28:18", "elapsed": 0.654056, "delta": 0.002992}}
{"target": -1735.692577962505, "params": {"gamma": 8.623600182127603, "lr": 0.6926777175073543}, "datetime": {"datetime": "2024-06-13 18:28:18", "elapsed": 0.658046, "delta": 0.00399}}
{"target": -1094.0533119908428, "params": {"gamma": 6.90973047851962, "lr": 0.18863680095531088}, "datetime": {"datetime": "2024-06-13 18:28:18", "elapsed": 0.661037, "delta": 0.002991}}
{"target": -785.3182443897153, "params": {"gamma": 4.419600903203486, "lr": 0.5815774073442912}, "datetime": {"datetime": "2024-06-13 18:28:18", "elapsed": 0.665027, "delta": 0.00399}}
{"target": -1716.0684974072847, "params": {"gamma": 9.897527324929388, "lr": 0.20390622523312185}, "datetime": {"datetime": "2024-06-13 18:28:18", "elapsed": 0.669016, "delta": 0.003989}}
{"target": -338.9372749667179, "params": {"gamma": 2.478081284721786, "lr": 0.26217308377291193}, "datetime": {"datetime": "2024-06-13 18:28:18", "elapsed": 0.672008, "delta": 0.002992}}
{"target": -1058.5996766576795, "params": {"gamma": 7.50197396056663, "lr": 0.4569753274356928}, "datetime": {"datetime": "2024-06-13 18:28:18", "elapsed": 0.675997, "delta": 0.003989}}
{"target": -154.25936463536874, "params": {"gamma": 0.5702374546725388, "lr": 0.5085162406102396}, "datetime": {"datetime": "2024-06-13 18:28:18", "elapsed": 0.678989, "delta": 0.002992}}
{"target": -485.00621349855544, "params": {"gamma": 2.120389686272116, "lr": 0.7986042447602102}, "datetime": {"datetime": "2024-06-13 18:28:18", "elapsed": 0.682978, "delta": 0.003989}}
{"target": -1125.901176147907, "params": {"gamma": 2.9740164836912153, "lr": 0.02760601195450363}, "datetime": {"datetime": "2024-06-13 18:28:18", "elapsed": 0.685971, "delta": 0.002993}}
{"target": -1423.7535065442432, "params": {"gamma": 5.934731062196747, "lr": 0.8438404289311888}, "datetime": {"datetime": "2024-06-13 18:28:18", "elapsed": 0.68996, "delta": 0.003989}}
{"target": -803.6815283652005, "params": {"gamma": 3.81078022449808, "lr": 0.7498583107261434}, "datetime": {"datetime": "2024-06-13 18:28:18", "elapsed": 0.692952, "delta": 0.002992}}
{"target": -834.1145427116209, "params": {"gamma": 5.111903641492986, "lr": 0.5409518049621886}, "datetime": {"datetime": "2024-06-13 18:28:18", "elapsed": 0.696941, "delta": 0.003989}}
{"target": -2182.2616121789506, "params": {"gamma": 9.594383776296462, "lr": 0.8039608914986468}, "datetime": {"datetime": "2024-06-13 18:28:18", "elapsed": 0.700931, "delta": 0.00399}}
{"target": -144.4865319443317, "params": {"gamma": 0.3241983431691163, "lr": 0.7093872512312951}, "datetime": {"datetime": "2024-06-13 18:28:18", "elapsed": 0.703923, "delta": 0.002992}}
{"target": -1232.4908511048914, "params": {"gamma": 4.650549814153498, "lr": 0.9475489413950998}, "datetime": {"datetime": "2024-06-13 18:28:18", "elapsed": 0.707911, "delta": 0.003988}}
{"target": -309.28302522720253, "params": {"gamma": 2.2151059105005597, "lr": 0.2670720196843658}, "datetime": {"datetime": "2024-06-13 18:28:18", "elapsed": 0.711901, "delta": 0.00399}}
{"target": -171.68543915616732, "params": {"gamma": 0.8156581748077427, "lr": 0.42861882866378653}, "datetime": {"datetime": "2024-06-13 18:28:18", "elapsed": 0.714893, "delta": 0.002992}}
{"target": -231.62652306327325, "params": {"gamma": 1.091078621426664, "lr": 0.6337867606119179}, "datetime": {"datetime": "2024-06-13 18:28:18", "elapsed": 0.718883, "delta": 0.00399}}
{"target": -1617.251305008167, "params": {"gamma": 8.029829410500005, "lr": 0.6968004961201785}, "datetime": {"datetime": "2024-06-13 18:28:18", "elapsed": 0.721874, "delta": 0.002991}}
{"target": -1094.3890199287753, "params": {"gamma": 7.66234759937663, "lr": 0.3424541198435198}, "datetime": {"datetime": "2024-06-13 18:28:18", "elapsed": 0.725864, "delta": 0.00399}}
{"target": -1221.3300639229956, "params": {"gamma": 8.45866897879375, "lr": 0.42876877499944255}, "datetime": {"datetime": "2024-06-13 18:28:18", "elapsed": 0.728856, "delta": 0.002992}}
{"target": -1484.90811035546, "params": {"gamma": 8.240274694252776, "lr": 0.6264961586242938}, "datetime": {"datetime": "2024-06-13 18:28:18", "elapsed": 0.732845, "delta": 0.003989}}
{"target": -572.1936606059382, "params": {"gamma": 1.435087063653779, "lr": 0.07838689985494796}, "datetime": {"datetime": "2024-06-13 18:28:18", "elapsed": 0.735838, "delta": 0.002993}}
{"target": -172.60830360052532, "params": {"gamma": 0.1843080964871599, "lr": 0.06672499763935646}, "datetime": {"datetime": "2024-06-13 18:28:18", "elapsed": 0.739828, "delta": 0.00399}}
{"target": -1233.9248311393305, "params": {"gamma": 4.586379553270611, "lr": 0.11334192276759048}, "datetime": {"datetime": "2024-06-13 18:28:18", "elapsed": 0.742818, "delta": 0.00299}}
{"target": -143.96407414081784, "params": {"gamma": 0.27880570513785086, "lr": 0.7548614813904674}, "datetime": {"datetime": "2024-06-13 18:28:18", "elapsed": 0.746808, "delta": 0.00399}}
{"target": -832.0874878601437, "params": {"gamma": 3.949109954125934, "lr": 0.7469384956075251}, "datetime": {"datetime": "2024-06-13 18:28:18", "elapsed": 0.7498, "delta": 0.002992}}
{"target": -647.2346304914737, "params": {"gamma": 4.52459586263777, "lr": 0.4500867470007611}, "datetime": {"datetime": "2024-06-13 18:28:18", "elapsed": 0.75379, "delta": 0.00399}}
{"target": -682.5806635734806, "params": {"gamma": 4.7812469946715925, "lr": 0.47400392656219403}, "datetime": {"datetime": "2024-06-13 18:28:18", "elapsed": 0.75778, "delta": 0.00399}}
{"target": -1134.607753137965, "params": {"gamma": 8.031830257799582, "lr": 0.40239251985773583}, "datetime": {"datetime": "2024-06-13 18:28:18", "elapsed": 0.760771, "delta": 0.002991}}
{"target": -3340.2676682050383, "params": {"gamma": 9.046956917275887, "lr": 0.037061047954035864}, "datetime": {"datetime": "2024-06-13 18:28:18", "elapsed": 0.76476, "delta": 0.003989}}
{"target": -1820.1305521630507, "params": {"gamma": 7.738969552861467, "lr": 0.12564138113773882}, "datetime": {"datetime": "2024-06-13 18:28:18", "elapsed": 0.767752, "delta": 0.002992}}
{"target": -2295.9294445304845, "params": {"gamma": 6.185517155553943, "lr": 0.010364261335231939}, "datetime": {"datetime": "2024-06-13 18:28:18", "elapsed": 0.771741, "delta": 0.003989}}
{"target": -2004.4867010749194, "params": {"gamma": 5.386734198480894, "lr": 0.0030179566195963625}, "datetime": {"datetime": "2024-06-13 18:28:18", "elapsed": 0.775731, "delta": 0.00399}}
{"target": -2454.3301889479276, "params": {"gamma": 9.511986661116556, "lr": 0.905402033702778}, "datetime": {"datetime": "2024-06-13 18:28:18", "elapsed": 0.778722, "delta": 0.002991}}
{"target": -2078.7195310629036, "params": {"gamma": 7.959873452480752, "lr": 0.9152743199147875}, "datetime": {"datetime": "2024-06-13 18:28:18", "elapsed": 0.782712, "delta": 0.00399}}
{"target": -310.8155903510236, "params": {"gamma": 1.4564367533528122, "lr": 0.15773006987053328}, "datetime": {"datetime": "2024-06-13 18:28:18", "elapsed": 0.785704, "delta": 0.002992}}
{"target": -354.14060444467714, "params": {"gamma": 1.8771290973514374, "lr": 0.6224959022999211}, "datetime": {"datetime": "2024-06-13 18:28:18", "elapsed": 0.789693, "delta": 0.003989}}
{"target": -2390.7113415533227, "params": {"gamma": 9.05818915058701, "lr": 0.9899551783590737}, "datetime": {"datetime": "2024-06-13 18:28:18", "elapsed": 0.792685, "delta": 0.002992}}
{"target": -1483.9238062103168, "params": {"gamma": 7.111513465199394, "lr": 0.7318004091422953}, "datetime": {"datetime": "2024-06-13 18:28:18", "elapsed": 0.796674, "delta": 0.003989}}
{"target": -1282.0427996099932, "params": {"gamma": 9.093022752238, "lr": 0.4008737323711209}, "datetime": {"datetime": "2024-06-13 18:28:18", "elapsed": 0.799667, "delta": 0.002993}}
{"target": -421.33694540667824, "params": {"gamma": 2.4992569515701426, "lr": 0.17343017078712286}, "datetime": {"datetime": "2024-06-13 18:28:18", "elapsed": 0.803657, "delta": 0.00399}}
{"target": -300.6474752161357, "params": {"gamma": 1.1954510462869563, "lr": 0.8126105880328287}, "datetime": {"datetime": "2024-06-13 18:28:18", "elapsed": 0.807645, "delta": 0.003988}}
{"target": -229.09955879040214, "params": {"gamma": 1.4687769417990144, "lr": 0.2642974827269007}, "datetime": {"datetime": "2024-06-13 18:28:18", "elapsed": 0.810637, "delta": 0.002992}}
{"target": -1059.9532909339682, "params": {"gamma": 8.191072697156674, "lr": 0.31058725179421}, "datetime": {"datetime": "2024-06-13 18:28:18", "elapsed": 0.814627, "delta": 0.00399}}
{"target": -1210.7529947265052, "params": {"gamma": 9.824192075480136, "lr": 0.2666387021516352}, "datetime": {"datetime": "2024-06-13 18:28:18", "elapsed": 0.817619, "delta": 0.002992}}
