{"target": -1084.0022090512734, "params": {"gamma": 8.866591497643999, "lr": 0.2459443412735529}, "datetime": {"datetime": "2024-06-13 19:12:02", "elapsed": 7.955017, "delta": 0.004987}}
{"target": -594.1142381345181, "params": {"gamma": 6.212272679321877, "lr": 0.49500739584280073}, "datetime": {"datetime": "2024-06-13 19:12:02", "elapsed": 7.959006, "delta": 0.003989}}
{"target": -195.46953949760277, "params": {"gamma": 0.9446309868062094, "lr": 0.8993685313928761}, "datetime": {"datetime": "2024-06-13 19:12:02", "elapsed": 7.963993, "delta": 0.004987}}
{"target": -149.0655461975713, "params": {"gamma": 0.6786405537486796, "lr": 0.680702325466581}, "datetime": {"datetime": "2024-06-13 19:12:02", "elapsed": 7.967982, "delta": 0.003989}}
{"target": -1274.1313376319442, "params": {"gamma": 9.720009401703859, "lr": 0.709373790820744}, "datetime": {"datetime": "2024-06-13 19:12:02", "elapsed": 7.972969, "delta": 0.004987}}
{"target": -652.6620478044828, "params": {"gamma": 3.2597612958632975, "lr": 0.07344016636799866}, "datetime": {"datetime": "2024-06-13 19:12:02", "elapsed": 7.976958, "delta": 0.003989}}
{"target": -768.1622279856754, "params": {"gamma": 5.797790733426387, "lr": 0.7335170182530933}, "datetime": {"datetime": "2024-06-13 19:12:02", "elapsed": 7.981945, "delta": 0.004987}}
{"target": -367.86589454502604, "params": {"gamma": 1.7143996493722342, "lr": 1.0}, "datetime": {"datetime": "2024-06-13 19:12:44", "elapsed": 50.09918, "delta": 42.117235}}
{"target": -150.10978637764816, "params": {"gamma": 0.5377099991436616, "lr": 0.8480245360431088}, "datetime": {"datetime": "2024-06-13 19:13:13", "elapsed": 78.685198, "delta": 28.586018}}
{"target": -175.88857306554215, "params": {"gamma": 0.5924933855176809, "lr": 0.01018243214229364}, "datetime": {"datetime": "2024-06-13 19:13:30", "elapsed": 95.708025, "delta": 17.022827}}
{"target": -195.30138579012686, "params": {"gamma": 0.9254224820487047, "lr": 0.9872254773367676}, "datetime": {"datetime": "2024-06-13 19:14:05", "elapsed": 130.467225, "delta": 34.7592}}
{"target": -145.56090791758876, "params": {"gamma": 0.001, "lr": 0.0}, "datetime": {"datetime": "2024-06-13 19:14:21", "elapsed": 146.767544, "delta": 16.300319}}
{"target": -134.53756294358462, "params": {"gamma": 0.5984572484202692, "lr": 0.6433187442926313}, "datetime": {"datetime": "2024-06-13 19:14:51", "elapsed": 176.718458, "delta": 29.950914}}
{"target": -140.65793499083617, "params": {"gamma": 0.06172898646958427, "lr": 0.9262089697915269}, "datetime": {"datetime": "2024-06-13 19:15:13", "elapsed": 198.784466, "delta": 22.066008}}
{"target": -141.69116554519363, "params": {"gamma": 0.06700971240148486, "lr": 1.0}, "datetime": {"datetime": "2024-06-13 19:15:50", "elapsed": 235.980626, "delta": 37.19616}}
{"target": -735.0919624873943, "params": {"gamma": 5.532459911594318, "lr": 0.7020481994531945}, "datetime": {"datetime": "2024-06-13 19:16:00", "elapsed": 245.856386, "delta": 9.87576}}
{"target": -173.3650065334263, "params": {"gamma": 1.4853000029868202, "lr": 0.4066836824442297}, "datetime": {"datetime": "2024-06-13 19:16:09", "elapsed": 255.179642, "delta": 9.323256}}
{"target": -155.40572487129666, "params": {"gamma": 0.7565937287518145, "lr": 0.7240852550926451}, "datetime": {"datetime": "2024-06-13 19:16:42", "elapsed": 288.367013, "delta": 33.187371}}
{"target": -138.7892100609511, "params": {"gamma": 0.5150687397236244, "lr": 0.689826050678103}, "datetime": {"datetime": "2024-06-13 19:17:10", "elapsed": 316.127324, "delta": 27.760311}}
{"target": -145.41584926567484, "params": {"gamma": 0.0015745689865474533, "lr": 0.8692443224384971}, "datetime": {"datetime": "2024-06-13 19:17:35", "elapsed": 340.999819, "delta": 24.872495}}
{"target": -145.56090791758876, "params": {"gamma": 0.7695200898506958, "lr": 0.0}, "datetime": {"datetime": "2024-06-13 19:17:51", "elapsed": 357.296523, "delta": 16.296704}}
{"target": -139.26362536982288, "params": {"gamma": 0.5069512261896792, "lr": 0.7822202806511188}, "datetime": {"datetime": "2024-06-13 19:18:08", "elapsed": 374.352276, "delta": 17.055753}}
{"target": -345.3093742477593, "params": {"gamma": 3.508939326288651, "lr": 0.47208982898677165}, "datetime": {"datetime": "2024-06-13 19:18:53", "elapsed": 419.10447, "delta": 44.752194}}
{"target": -147.56993719255468, "params": {"gamma": 0.8801875931273155, "lr": 0.5006083263679321}, "datetime": {"datetime": "2024-06-13 19:19:23", "elapsed": 448.637626, "delta": 29.533156}}
{"target": -145.45961729242612, "params": {"gamma": 0.001, "lr": 0.14393513606249145}, "datetime": {"datetime": "2024-06-13 19:19:49", "elapsed": 474.646661, "delta": 26.009035}}
{"target": -339.86446095417836, "params": {"gamma": 2.195616609602122, "lr": 0.832826239704753}, "datetime": {"datetime": "2024-06-13 19:19:58", "elapsed": 483.457964, "delta": 8.811303}}
{"target": -150.741000371662, "params": {"gamma": 0.38965399292273384, "lr": 0.0012145646262072818}, "datetime": {"datetime": "2024-06-13 19:20:17", "elapsed": 502.616299, "delta": 19.158335}}
{"target": -240.6392992603647, "params": {"gamma": 1.0071589661192004, "lr": 1.0}, "datetime": {"datetime": "2024-06-13 19:20:43", "elapsed": 528.754341, "delta": 26.138042}}
{"target": -141.40679914673353, "params": {"gamma": 0.73871343454262, "lr": 0.6145985045526104}, "datetime": {"datetime": "2024-06-13 19:21:24", "elapsed": 569.695324, "delta": 40.940983}}
{"target": -154.8102115694425, "params": {"gamma": 0.5618159525677511, "lr": 0.9882519683216346}, "datetime": {"datetime": "2024-06-13 19:21:41", "elapsed": 586.887591, "delta": 17.192267}}
{"target": -446.4197041183584, "params": {"gamma": 4.614963540072418, "lr": 0.487979895010642}, "datetime": {"datetime": "2024-06-13 19:21:50", "elapsed": 595.712033, "delta": 8.824442}}
{"target": -156.54761616564755, "params": {"gamma": 1.0212384103362144, "lr": 0.5370414561715967}, "datetime": {"datetime": "2024-06-13 19:22:21", "elapsed": 627.211238, "delta": 31.499205}}
