{"target": -158.16382787386175, "params": {"p_ai": 1.358318540902578, "p_al": 4.460527512339592, "p_ex": 5.164363125399383, "prior": 3.442718612238544, "rate": 5.546962687912887}, "datetime": {"datetime": "2024-06-13 10:49:11", "elapsed": 201.71021, "delta": 0.108048}}
{"target": -486.85666535158805, "params": {"p_ai": 7.143193457138365, "p_al": 6.6391352779985064, "p_ex": 3.5573604088930924, "prior": 0.7667124991441476, "rate": 8.33688654222292}, "datetime": {"datetime": "2024-06-13 10:49:11", "elapsed": 201.820994, "delta": 0.110784}}
{"target": -540.8690859711365, "params": {"p_ai": 9.262519396206374, "p_al": 2.342397665262998, "p_ex": 0.016235863133468375, "prior": 4.796890155913763, "rate": 6.153802061312725}, "datetime": {"datetime": "2024-06-13 10:49:11", "elapsed": 201.941678, "delta": 0.120684}}
{"target": -338.16525945041957, "params": {"p_ai": 6.528810886094876, "p_al": 6.035992321926878, "p_ex": 6.786976733212628, "prior": 7.332718450648246, "rate": 8.434264878500423}, "datetime": {"datetime": "2024-06-13 10:49:11", "elapsed": 202.056955, "delta": 0.115277}}
{"target": -267.4724112155806, "params": {"p_ai": 5.751636056415177, "p_al": 0.3342193504114132, "p_ex": 9.326432692222614, "prior": 4.172868879497032, "rate": 4.672617279678853}, "datetime": {"datetime": "2024-06-13 10:49:11", "elapsed": 202.172646, "delta": 0.115691}}
{"target": -291.737917163976, "params": {"p_ai": 6.191020124914681, "p_al": 2.7652990433810527, "p_ex": 9.094310930273682, "prior": 6.579376577046878, "rate": 1.335769006689386}, "datetime": {"datetime": "2024-06-13 10:49:11", "elapsed": 202.27936, "delta": 0.106714}}
{"target": -254.56946267705166, "params": {"p_ai": 3.735756407129941, "p_al": 2.133213359637376, "p_ex": 4.433811854596573, "prior": 2.063523910296588, "rate": 0.9800510293910022}, "datetime": {"datetime": "2024-06-13 10:49:12", "elapsed": 202.393061, "delta": 0.113701}}
{"target": -249.13022080064707, "params": {"p_ai": 3.205278298461178, "p_al": 1.345699436872602, "p_ex": 0.351215070109687, "prior": 4.984437931401855, "rate": 6.046721227106048}, "datetime": {"datetime": "2024-06-13 10:49:12", "elapsed": 202.499284, "delta": 0.106223}}
{"target": -183.44957079269864, "params": {"p_ai": 1.9655098381327298, "p_al": 3.50590068321703, "p_ex": 4.53618988575595, "prior": 2.529128270705221, "rate": 3.380951687634526}, "datetime": {"datetime": "2024-06-13 10:49:12", "elapsed": 202.606506, "delta": 0.107222}}
{"target": -228.16337587351663, "params": {"p_ai": 2.6092045014035166, "p_al": 6.626499466487988, "p_ex": 3.8949639409484886, "prior": 4.658404582768081, "rate": 2.59049498310502}, "datetime": {"datetime": "2024-06-13 10:49:12", "elapsed": 202.714838, "delta": 0.108332}}
{"target": -347.3926283184488, "params": {"p_ai": 5.789364895032299, "p_al": 4.157123156697752, "p_ex": 4.572376709276866, "prior": 2.0964281602528154, "rate": 5.117392235543662}, "datetime": {"datetime": "2024-06-13 10:49:12", "elapsed": 202.828531, "delta": 0.113693}}
{"target": -254.8289232285741, "params": {"p_ai": 4.210910739976361, "p_al": 5.382094417316383, "p_ex": 5.155764332257101, "prior": 7.123449429744482, "rate": 3.454964521457407}, "datetime": {"datetime": "2024-06-13 10:49:12", "elapsed": 202.935246, "delta": 0.106715}}
{"target": -196.17356749655326, "params": {"p_ai": 2.2931827515641436, "p_al": 9.189542918200015, "p_ex": 3.9414414192874383, "prior": 8.151637524869336, "rate": 8.805022160226608}, "datetime": {"datetime": "2024-06-13 10:49:12", "elapsed": 203.0421, "delta": 0.106854}}
{"target": -335.5149586576655, "params": {"p_ai": 6.519273078273664, "p_al": 7.674987535528136, "p_ex": 8.975433780197474, "prior": 4.985360996917634, "rate": 4.21816112291727}, "datetime": {"datetime": "2024-06-13 10:49:12", "elapsed": 203.149251, "delta": 0.107151}}
{"target": -456.60957678362183, "params": {"p_ai": 7.285694043946162, "p_al": 5.784859461247112, "p_ex": 0.7020548163678142, "prior": 8.070796085153564, "rate": 2.0212435104253297}, "datetime": {"datetime": "2024-06-13 10:49:12", "elapsed": 203.255965, "delta": 0.106714}}
{"target": -159.08722642317957, "params": {"p_ai": 2.1508720684393, "p_al": 8.743025188211874, "p_ex": 8.102518908881354, "prior": 7.871767281004917, "rate": 9.784790514439791}, "datetime": {"datetime": "2024-06-13 10:49:13", "elapsed": 203.362979, "delta": 0.107014}}
{"target": -483.5198713175126, "params": {"p_ai": 9.357524229079237, "p_al": 1.2940300412025754, "p_ex": 4.683039243930658, "prior": 3.042344666650908, "rate": 8.904985985717063}, "datetime": {"datetime": "2024-06-13 10:49:13", "elapsed": 203.469693, "delta": 0.106714}}
{"target": -130.6996904627859, "params": {"p_ai": 1.3739923924996749, "p_al": 0.48067656559418387, "p_ex": 9.774627317478625, "prior": 5.649060566233409, "rate": 2.849552957820775}, "datetime": {"datetime": "2024-06-13 10:49:13", "elapsed": 203.5794, "delta": 0.109707}}
{"target": -166.7354827724888, "params": {"p_ai": 3.318719730075621, "p_al": 1.3846937437864795, "p_ex": 9.912674284735528, "prior": 8.707272454980922, "rate": 2.4172314834019453}, "datetime": {"datetime": "2024-06-13 10:49:13", "elapsed": 203.688508, "delta": 0.109108}}
{"target": -204.2293207537371, "params": {"p_ai": 3.325069900137527, "p_al": 1.65498168172433, "p_ex": 5.130820869824733, "prior": 9.797205555727889, "rate": 5.963172963914687}, "datetime": {"datetime": "2024-06-13 10:49:13", "elapsed": 203.795313, "delta": 0.106805}}
{"target": -455.9399348233126, "params": {"p_ai": 6.6449548260810465, "p_al": 6.712068693529449, "p_ex": 1.911991019045263, "prior": 2.409604742830703, "rate": 5.0096121267023355}, "datetime": {"datetime": "2024-06-13 10:49:13", "elapsed": 203.908981, "delta": 0.113668}}
{"target": -253.23632791922714, "params": {"p_ai": 4.669993169085791, "p_al": 3.241618802545425, "p_ex": 7.200616627397563, "prior": 2.7603972166988378, "rate": 8.955953644994121}, "datetime": {"datetime": "2024-06-13 10:49:13", "elapsed": 204.020682, "delta": 0.111701}}
{"target": -281.7463965692646, "params": {"p_ai": 1.2282998236556748, "p_al": 9.216407877116538, "p_ex": 1.03606386651808, "prior": 1.9306266363481848, "rate": 4.523999081153517}, "datetime": {"datetime": "2024-06-13 10:49:13", "elapsed": 204.129343, "delta": 0.108661}}
{"target": -475.22533904067757, "params": {"p_ai": 8.823606472437586, "p_al": 3.0759972260702058, "p_ex": 6.574586452950764, "prior": 3.389996508078041, "rate": 0.16236839486127655}, "datetime": {"datetime": "2024-06-13 10:49:13", "elapsed": 204.23671, "delta": 0.107367}}
{"target": -367.6032025983793, "params": {"p_ai": 6.244663189633926, "p_al": 2.3814540024306106, "p_ex": 1.9461666065538248, "prior": 8.088718911721868, "rate": 6.173886159941831}, "datetime": {"datetime": "2024-06-13 10:49:14", "elapsed": 204.344422, "delta": 0.107712}}
{"target": -467.9436898292369, "params": {"p_ai": 7.954580786861178, "p_al": 2.6541820806830834, "p_ex": 0.472724809441966, "prior": 8.53466944259079, "rate": 7.643530081357011}, "datetime": {"datetime": "2024-06-13 10:49:14", "elapsed": 204.45114, "delta": 0.106718}}
{"target": -154.81146226309684, "params": {"p_ai": 0.04600092811038332, "p_al": 6.998787795565987, "p_ex": 2.4173561208956085, "prior": 3.597382740540309, "rate": 7.807647124553472}, "datetime": {"datetime": "2024-06-13 10:49:14", "elapsed": 204.557364, "delta": 0.106224}}
{"target": -512.7079187284713, "params": {"p_ai": 9.86517804059674, "p_al": 2.4563841824271306, "p_ex": 4.675528614457568, "prior": 4.003953125442614, "rate": 5.583047951545892}, "datetime": {"datetime": "2024-06-13 10:49:14", "elapsed": 204.664108, "delta": 0.106744}}
{"target": -313.88369712300886, "params": {"p_ai": 5.293116937019591, "p_al": 6.580610506722293, "p_ex": 4.9677971345550285, "prior": 6.854154820690401, "rate": 3.1292609440339083}, "datetime": {"datetime": "2024-06-13 10:49:14", "elapsed": 204.772988, "delta": 0.10888}}
{"target": -801.0142420917646, "params": {"p_ai": 2.144550241074914, "p_al": 9.071862729316408, "p_ex": 5.576470548836427, "prior": 0.2911437618879527, "rate": 1.2205386305587063}, "datetime": {"datetime": "2024-06-13 10:49:14", "elapsed": 204.885493, "delta": 0.112505}}
{"target": -361.10022558736915, "params": {"p_ai": 6.814301578299707, "p_al": 8.087294770067228, "p_ex": 8.234982814168754, "prior": 4.33152015672816, "rate": 5.804720928438853}, "datetime": {"datetime": "2024-06-13 10:49:14", "elapsed": 204.996197, "delta": 0.110704}}
{"target": -419.01120510631426, "params": {"p_ai": 8.075836711183172, "p_al": 9.575877062312697, "p_ex": 8.797628214779126, "prior": 3.8857195541901555, "rate": 9.61487729711488}, "datetime": {"datetime": "2024-06-13 10:49:14", "elapsed": 205.104905, "delta": 0.108708}}
{"target": -160.65077267814328, "params": {"p_ai": 1.371343819883932, "p_al": 9.08747589789655, "p_ex": 5.213594276828904, "prior": 7.149162469428894, "rate": 7.846922750186959}, "datetime": {"datetime": "2024-06-13 10:49:14", "elapsed": 205.21162, "delta": 0.106715}}
{"target": -376.8155551913993, "params": {"p_ai": 3.3474678803751616, "p_al": 8.776975629787078, "p_ex": 2.5808522025136105, "prior": 0.83666265678653, "rate": 7.593948195149002}, "datetime": {"datetime": "2024-06-13 10:49:15", "elapsed": 205.319332, "delta": 0.107712}}
{"target": -571.0363190285609, "params": {"p_ai": 8.95092837417597, "p_al": 9.264551677562867, "p_ex": 3.7413412629632474, "prior": 3.415268176059033, "rate": 2.5576120050528046}, "datetime": {"datetime": "2024-06-13 10:49:15", "elapsed": 205.426145, "delta": 0.106813}}
{"target": -403.6849387418448, "params": {"p_ai": 4.708453993935255, "p_al": 9.671773539413003, "p_ex": 4.989160667334907, "prior": 2.3915018485082684, "rate": 2.079940128729959}, "datetime": {"datetime": "2024-06-13 10:49:15", "elapsed": 205.533857, "delta": 0.107712}}
{"target": -473.98168102256636, "params": {"p_ai": 9.267164088336514, "p_al": 6.879645509464755, "p_ex": 7.048112442802709, "prior": 5.889378773110729, "rate": 6.1876438425471845}, "datetime": {"datetime": "2024-06-13 10:49:15", "elapsed": 205.640572, "delta": 0.106715}}
{"target": -165.47026923336097, "params": {"p_ai": 0.4609310094392283, "p_al": 3.562257950280492, "p_ex": 0.7985109091827932, "prior": 3.258387412465708, "rate": 7.1059762053863995}, "datetime": {"datetime": "2024-06-13 10:49:15", "elapsed": 205.748972, "delta": 0.1084}}
{"target": -470.72783668944777, "params": {"p_ai": 0.7257040600535904, "p_al": 8.990183690119414, "p_ex": 3.5437477900667638, "prior": 0.8986519230958506, "rate": 1.0056681597844719}, "datetime": {"datetime": "2024-06-13 10:49:15", "elapsed": 205.855932, "delta": 0.10696}}
{"target": -139.65802439800285, "params": {"p_ai": 1.4705867983363237, "p_al": 7.048346327370851, "p_ex": 9.43145928351281, "prior": 7.605646111189302, "rate": 3.9226853739576355}, "datetime": {"datetime": "2024-06-13 10:49:15", "elapsed": 205.962645, "delta": 0.106713}}
{"target": -518.6404605381501, "params": {"p_ai": 7.678372885914446, "p_al": 8.359465444265473, "p_ex": 0.6157150873045676, "prior": 3.106160641600712, "rate": 7.423046238536325}, "datetime": {"datetime": "2024-06-13 10:49:15", "elapsed": 206.069427, "delta": 0.106782}}
{"target": -236.45458867469785, "params": {"p_ai": 2.6050085717251688, "p_al": 9.105379825933609, "p_ex": 2.4232546015906373, "prior": 7.872672760072909, "rate": 3.99003222258113}, "datetime": {"datetime": "2024-06-13 10:49:15", "elapsed": 206.176765, "delta": 0.107338}}
{"target": -506.57846687886814, "params": {"p_ai": 8.879709895547814, "p_al": 2.881998583476861, "p_ex": 5.764361978570896, "prior": 0.1547226888798665, "rate": 8.052070134855622}, "datetime": {"datetime": "2024-06-13 10:49:15", "elapsed": 206.282485, "delta": 0.10572}}
{"target": -133.61184938743577, "params": {"p_ai": 0.33660797646871526, "p_al": 6.40946215137833, "p_ex": 5.636914467179616, "prior": 9.284192361657906, "rate": 9.191217031886074}, "datetime": {"datetime": "2024-06-13 10:49:16", "elapsed": 206.389935, "delta": 0.10745}}
{"target": -179.7989825243872, "params": {"p_ai": 2.4895491973250445, "p_al": 2.655888130607594, "p_ex": 6.574608379561944, "prior": 2.823404858297573, "rate": 1.7590508186307083}, "datetime": {"datetime": "2024-06-13 10:49:16", "elapsed": 206.497158, "delta": 0.107223}}
{"target": -156.6144078684669, "params": {"p_ai": 1.7271278257277167, "p_al": 0.2796921341580634, "p_ex": 4.67140222508191, "prior": 4.886139370753203, "rate": 4.2376971216011015}, "datetime": {"datetime": "2024-06-13 10:49:16", "elapsed": 206.604229, "delta": 0.107071}}
{"target": -616.2221455780099, "params": {"p_ai": 9.883673534153298, "p_al": 6.435712304622834, "p_ex": 5.622975505044778, "prior": 0.8654799214045155, "rate": 4.524079090921107}, "datetime": {"datetime": "2024-06-13 10:49:16", "elapsed": 206.710788, "delta": 0.106559}}
{"target": -217.0765824524925, "params": {"p_ai": 0.6981670968888053, "p_al": 4.87207411892542, "p_ex": 0.15688767405900336, "prior": 1.4161247847363267, "rate": 6.18967416332968}, "datetime": {"datetime": "2024-06-13 10:49:16", "elapsed": 206.817044, "delta": 0.106256}}
{"target": -499.61975986534304, "params": {"p_ai": 6.761841567540195, "p_al": 6.037644365737643, "p_ex": 2.510495077291836, "prior": 0.6627915410597356, "rate": 6.773071964217088}, "datetime": {"datetime": "2024-06-13 10:49:16", "elapsed": 206.954358, "delta": 0.137314}}
{"target": -371.1527940028598, "params": {"p_ai": 7.683627944622056, "p_al": 1.193630873788052, "p_ex": 7.395875370552233, "prior": 7.732109943460374, "rate": 1.1006153943531465}, "datetime": {"datetime": "2024-06-13 10:49:16", "elapsed": 207.064065, "delta": 0.109707}}
{"target": -255.2524810445794, "params": {"p_ai": 4.865207615109933, "p_al": 0.058244204271695785, "p_ex": 6.259494576122178, "prior": 8.589985562318814, "rate": 8.601869196225135}, "datetime": {"datetime": "2024-06-13 10:49:16", "elapsed": 207.171558, "delta": 0.107493}}
{"target": -504.226239136663, "params": {"p_ai": 9.372836835270283, "p_al": 7.838598966904821, "p_ex": 4.32095503171597, "prior": 7.740408081831658, "rate": 9.835569322189354}, "datetime": {"datetime": "2024-06-13 10:49:16", "elapsed": 207.278274, "delta": 0.106716}}
{"target": -216.90961598611375, "params": {"p_ai": 3.6731485703528572, "p_al": 0.3599139619079784, "p_ex": 5.07790279342019, "prior": 3.5256412227906653, "rate": 1.7614437496880826}, "datetime": {"datetime": "2024-06-13 10:49:17", "elapsed": 207.385985, "delta": 0.107711}}
{"target": -470.2932427119702, "params": {"p_ai": 9.343086501575788, "p_al": 1.1970610915354551, "p_ex": 6.5429530555272635, "prior": 1.6881259931486678, "rate": 7.964580244936878}, "datetime": {"datetime": "2024-06-13 10:49:17", "elapsed": 207.492662, "delta": 0.106677}}
{"target": -191.26260732064108, "params": {"p_ai": 2.581797390048383, "p_al": 6.980372818587215, "p_ex": 6.279309106625949, "prior": 7.1582611729380785, "rate": 2.509045645020982}, "datetime": {"datetime": "2024-06-13 10:49:17", "elapsed": 207.601372, "delta": 0.10871}}
{"target": -320.18496296076415, "params": {"p_ai": 5.040739675586524, "p_al": 3.4219991979294457, "p_ex": 1.8038144159290055, "prior": 4.755592956498562, "rate": 9.121320206261762}, "datetime": {"datetime": "2024-06-13 10:49:17", "elapsed": 207.718192, "delta": 0.11682}}
{"target": -408.40133427680917, "params": {"p_ai": 5.679851593329904, "p_al": 6.3092680345791186, "p_ex": 5.492947356708023, "prior": 0.45125465964832556, "rate": 8.686803585738467}, "datetime": {"datetime": "2024-06-13 10:49:17", "elapsed": 207.826409, "delta": 0.108217}}
{"target": -157.68831600002056, "params": {"p_ai": 1.2488091352044703, "p_al": 7.364341651650799, "p_ex": 4.518124677923766, "prior": 7.10303533404568, "rate": 8.611423430034481}, "datetime": {"datetime": "2024-06-13 10:49:17", "elapsed": 207.934626, "delta": 0.108217}}
{"target": -558.2506239225174, "params": {"p_ai": 6.966020702292478, "p_al": 8.539175558401974, "p_ex": 4.871212886985774, "prior": 0.918884195524545, "rate": 3.7865239272439655}, "datetime": {"datetime": "2024-06-13 10:49:17", "elapsed": 208.041343, "delta": 0.106717}}
{"target": -162.74226564351255, "params": {"p_ai": 1.9149858840908718, "p_al": 7.635396338424311, "p_ex": 6.954013909748106, "prior": 5.795719129348575, "rate": 7.688642700710957}, "datetime": {"datetime": "2024-06-13 10:49:17", "elapsed": 208.149424, "delta": 0.108081}}
{"target": -211.251092981728, "params": {"p_ai": 3.694271653183792, "p_al": 3.6923996638210648, "p_ex": 7.002394412067741, "prior": 4.523578447246285, "rate": 8.119345489453556}, "datetime": {"datetime": "2024-06-13 10:49:17", "elapsed": 208.256141, "delta": 0.106717}}
{"target": -210.8771743326285, "params": {"p_ai": 1.5469574316809762, "p_al": 5.898974533155622, "p_ex": 3.736309787079538, "prior": 2.4715388646961878, "rate": 2.544044252328794}, "datetime": {"datetime": "2024-06-13 10:49:18", "elapsed": 208.363459, "delta": 0.107318}}
{"target": -423.57364152399407, "params": {"p_ai": 7.437727992572913, "p_al": 3.2893167926474636, "p_ex": 2.279929885191457, "prior": 9.053660900901122, "rate": 4.163527066834268}, "datetime": {"datetime": "2024-06-13 10:49:18", "elapsed": 208.471173, "delta": 0.107714}}
{"target": -471.147394607978, "params": {"p_ai": 5.344429334800736, "p_al": 3.721233388098805, "p_ex": 2.339332965914614, "prior": 1.0243329283321738, "rate": 0.552765917581405}, "datetime": {"datetime": "2024-06-13 10:49:18", "elapsed": 208.578397, "delta": 0.107224}}
{"target": -444.03826761759024, "params": {"p_ai": 8.728846271820581, "p_al": 1.7305261188770236, "p_ex": 5.389977736100399, "prior": 9.787262915137529, "rate": 1.6741303440042716}, "datetime": {"datetime": "2024-06-13 10:49:18", "elapsed": 208.685768, "delta": 0.107371}}
{"target": -409.5519534485793, "params": {"p_ai": 5.9580397526432485, "p_al": 7.513905802989992, "p_ex": 0.7997906390307579, "prior": 4.52781951549999, "rate": 7.918482157482571}, "datetime": {"datetime": "2024-06-13 10:49:18", "elapsed": 208.793057, "delta": 0.107289}}
{"target": -374.00741482949115, "params": {"p_ai": 7.218066620682272, "p_al": 6.785967564695583, "p_ex": 7.667126257505545, "prior": 5.821443127018461, "rate": 3.7495945385656966}, "datetime": {"datetime": "2024-06-13 10:49:18", "elapsed": 208.900006, "delta": 0.106949}}
{"target": -271.6529536348942, "params": {"p_ai": 4.471487619513789, "p_al": 2.8049829823986183, "p_ex": 3.3932177776488177, "prior": 8.801774626422448, "rate": 5.363962031098822}, "datetime": {"datetime": "2024-06-13 10:49:18", "elapsed": 209.009712, "delta": 0.109706}}
{"target": -144.21985186336158, "params": {"p_ai": 0.7383672180412829, "p_al": 6.72300831011704, "p_ex": 7.297835753188504, "prior": 3.9566998705923595, "rate": 3.4759925510493996}, "datetime": {"datetime": "2024-06-13 10:49:18", "elapsed": 209.119068, "delta": 0.109356}}
{"target": -160.63432070780638, "params": {"p_ai": 1.0762177778688427, "p_al": 5.466748475884789, "p_ex": 2.628961332513215, "prior": 9.180248732872576, "rate": 8.506602449242905}, "datetime": {"datetime": "2024-06-13 10:49:18", "elapsed": 209.22678, "delta": 0.107712}}
{"target": -321.7751718102682, "params": {"p_ai": 6.536425024163568, "p_al": 8.758501047052498, "p_ex": 9.689135799507397, "prior": 5.908278161390933, "rate": 9.801337037343496}, "datetime": {"datetime": "2024-06-13 10:49:19", "elapsed": 209.334492, "delta": 0.107712}}
{"target": -306.8718173348393, "params": {"p_ai": 5.493073404549781, "p_al": 2.936662168246929, "p_ex": 4.912876181602172, "prior": 4.051458022152253, "rate": 5.998158171162226}, "datetime": {"datetime": "2024-06-13 10:49:19", "elapsed": 209.441207, "delta": 0.106715}}
{"target": -262.6017767845592, "params": {"p_ai": 4.807494200542663, "p_al": 2.8677411327358473, "p_ex": 6.252256280872256, "prior": 8.054201911055628, "rate": 0.7883984302275981}, "datetime": {"datetime": "2024-06-13 10:49:19", "elapsed": 209.548814, "delta": 0.107607}}
{"target": -316.3639876133397, "params": {"p_ai": 4.236810197958907, "p_al": 6.450375344994171, "p_ex": 0.07383112556481046, "prior": 8.757015198397594, "rate": 6.94051629998809}, "datetime": {"datetime": "2024-06-13 10:49:19", "elapsed": 209.656526, "delta": 0.107712}}
{"target": -384.5798932302364, "params": {"p_ai": 7.4979379751671615, "p_al": 5.2334304933340325, "p_ex": 9.754692363709557, "prior": 1.5317071824174862, "rate": 9.558208085259503}, "datetime": {"datetime": "2024-06-13 10:49:19", "elapsed": 209.763813, "delta": 0.107287}}
{"target": -522.1364692858217, "params": {"p_ai": 9.955988636673547, "p_al": 0.7864557259570133, "p_ex": 3.3695073241418894, "prior": 9.927443443215722, "rate": 4.268180535075375}, "datetime": {"datetime": "2024-06-13 10:49:19", "elapsed": 209.870593, "delta": 0.10678}}
{"target": -433.88529191358543, "params": {"p_ai": 8.233661132143844, "p_al": 2.881868167285576, "p_ex": 5.121431057426107, "prior": 4.6615764912944275, "rate": 3.3300970409221056}, "datetime": {"datetime": "2024-06-13 10:49:19", "elapsed": 209.978275, "delta": 0.107682}}
{"target": -314.6362302388188, "params": {"p_ai": 5.271290722006996, "p_al": 0.8060343168486149, "p_ex": 2.2127306243676155, "prior": 3.360255085813687, "rate": 9.68877278960717}, "datetime": {"datetime": "2024-06-13 10:49:19", "elapsed": 210.085986, "delta": 0.107711}}
{"target": -463.1195794257829, "params": {"p_ai": 4.408103106386452, "p_al": 9.613169406877505, "p_ex": 5.736607220990137, "prior": 0.4671094025813809, "rate": 6.587481023391573}, "datetime": {"datetime": "2024-06-13 10:49:19", "elapsed": 210.192561, "delta": 0.106575}}
{"target": -141.49957708257784, "params": {"p_ai": 0.1487234155321392, "p_al": 7.424971015947326, "p_ex": 4.207624598002892, "prior": 5.339313074890572, "rate": 7.888526660649675}, "datetime": {"datetime": "2024-06-13 10:49:20", "elapsed": 210.300276, "delta": 0.107715}}
{"target": -686.4376936459576, "params": {"p_ai": 9.05604556125701, "p_al": 9.868796342786228, "p_ex": 8.020962538866408, "prior": 0.026423601686483965, "rate": 6.001253760693126}, "datetime": {"datetime": "2024-06-13 10:49:20", "elapsed": 210.407498, "delta": 0.107222}}
