{"target": -289.82619950437254, "params": {"p_ai": 4.647927590727924, "p_al": 2.0030476642125916, "p_ex": 8.93593825245046, "prior": 5.9832498935355245, "rate": 6.875850505742911}, "datetime": {"datetime": "2024-06-13 03:32:48", "elapsed": 169.92375, "delta": 0.113539}}
{"target": -435.0646781407582, "params": {"p_ai": 8.075936056141964, "p_al": 5.879371395442253, "p_ex": 8.474418097830611, "prior": 4.705098604651504, "rate": 1.7445681700466689}, "datetime": {"datetime": "2024-06-13 03:32:49", "elapsed": 170.036954, "delta": 0.113204}}
{"target": -396.45880115831324, "params": {"p_ai": 6.415845317552838, "p_al": 9.764480997512141, "p_ex": 3.503070299833784, "prior": 8.027275527579478, "rate": 6.773057926949965}, "datetime": {"datetime": "2024-06-13 03:32:49", "elapsed": 170.153406, "delta": 0.116452}}
{"target": -334.3576751889988, "params": {"p_ai": 5.205128840481727, "p_al": 1.4451933830845458, "p_ex": 8.388503063152788, "prior": 4.262323376589899, "rate": 7.829705706245461}, "datetime": {"datetime": "2024-06-13 03:32:49", "elapsed": 170.268102, "delta": 0.114696}}
{"target": -361.8482375949415, "params": {"p_ai": 5.916720039246804, "p_al": 2.5061484885924425, "p_ex": 1.7364349410946407, "prior": 7.380696109975018, "rate": 1.1220486605663225}, "datetime": {"datetime": "2024-06-13 03:32:49", "elapsed": 170.381888, "delta": 0.113786}}
{"target": -641.7507206721665, "params": {"p_ai": 2.17702835648828, "p_al": 8.653192218037036, "p_ex": 9.04612220967921, "prior": 0.9360339582338196, "rate": 0.14653864055785146}, "datetime": {"datetime": "2024-06-13 03:32:49", "elapsed": 170.499131, "delta": 0.117243}}
{"target": -233.06336934330167, "params": {"p_ai": 3.0410771800904404, "p_al": 1.2837501119298231, "p_ex": 2.5711690247049273, "prior": 5.023828723284302, "rate": 5.6145545982009475}, "datetime": {"datetime": "2024-06-13 03:32:49", "elapsed": 170.61183, "delta": 0.112699}}
{"target": -495.9089278455196, "params": {"p_ai": 9.80568156726085, "p_al": 4.296323652576093, "p_ex": 6.7933773691873744, "prior": 8.894239460274973, "rate": 1.5197557287838062}, "datetime": {"datetime": "2024-06-13 03:32:49", "elapsed": 170.725527, "delta": 0.113697}}
{"target": -188.9297552889107, "params": {"p_ai": 0.9326035880404778, "p_al": 2.968182906533621, "p_ex": 1.2976406633777302, "prior": 1.6110871941960283, "rate": 3.43645287957642}, "datetime": {"datetime": "2024-06-13 03:32:49", "elapsed": 170.837733, "delta": 0.112206}}
{"target": -255.78846409214077, "params": {"p_ai": 3.1140455773502564, "p_al": 7.623778575595371, "p_ex": 9.489220719175385, "prior": 5.807591397830299, "rate": 9.834734689206071}, "datetime": {"datetime": "2024-06-13 03:32:49", "elapsed": 170.951345, "delta": 0.113612}}
{"target": -519.954319376774, "params": {"p_ai": 9.518345470410456, "p_al": 2.5771844363291443, "p_ex": 3.0142323749392124, "prior": 8.41910067472239, "rate": 5.849303549532928}, "datetime": {"datetime": "2024-06-13 03:32:50", "elapsed": 171.064045, "delta": 0.1127}}
{"target": -211.3051104765237, "params": {"p_ai": 1.7513298164227837, "p_al": 0.5222008068549149, "p_ex": 5.451832814746422, "prior": 1.4803316462867677, "rate": 7.724558460532403}, "datetime": {"datetime": "2024-06-13 03:32:50", "elapsed": 171.175745, "delta": 0.1117}}
{"target": -387.52010251251147, "params": {"p_ai": 6.036791243471323, "p_al": 2.5457005059047013, "p_ex": 0.0980945563582746, "prior": 2.9278780335819397, "rate": 6.138736483459159}, "datetime": {"datetime": "2024-06-13 03:32:50", "elapsed": 171.287476, "delta": 0.111731}}
{"target": -159.83855539567298, "params": {"p_ai": 1.931656120843344, "p_al": 2.9115358145002532, "p_ex": 9.826445337874729, "prior": 7.797135584421618, "rate": 2.305526338358979}, "datetime": {"datetime": "2024-06-13 03:32:50", "elapsed": 171.40048, "delta": 0.113004}}
{"target": -228.86414402689982, "params": {"p_ai": 2.7355058498895732, "p_al": 6.858645448316974, "p_ex": 9.729930567927362, "prior": 3.6788515225699108, "rate": 0.23837334525583168}, "datetime": {"datetime": "2024-06-13 03:32:50", "elapsed": 171.514176, "delta": 0.113696}}
{"target": -461.4645259406044, "params": {"p_ai": 8.114383349193602, "p_al": 4.596790588802974, "p_ex": 5.827481634962019, "prior": 5.515062040218393, "rate": 6.310569126831404}, "datetime": {"datetime": "2024-06-13 03:32:50", "elapsed": 171.626222, "delta": 0.112046}}
{"target": -527.6863441408651, "params": {"p_ai": 7.211731614720736, "p_al": 3.733260472291532, "p_ex": 8.627709988940014, "prior": 0.4503057269704869, "rate": 6.327213476788685}, "datetime": {"datetime": "2024-06-13 03:32:50", "elapsed": 171.737924, "delta": 0.111702}}
{"target": -267.7428460482401, "params": {"p_ai": 3.294956831224288, "p_al": 5.37249941644204, "p_ex": 2.512993539253956, "prior": 3.002249940955996, "rate": 6.849493015537962}, "datetime": {"datetime": "2024-06-13 03:32:50", "elapsed": 171.85162, "delta": 0.113696}}
{"target": -200.03538312963173, "params": {"p_ai": 3.087361183262677, "p_al": 4.856235361822289, "p_ex": 7.235400695067768, "prior": 9.39348613753104, "rate": 1.8880288425685408}, "datetime": {"datetime": "2024-06-13 03:32:50", "elapsed": 171.963197, "delta": 0.111577}}
{"target": -331.36323593587605, "params": {"p_ai": 5.3001663863707025, "p_al": 7.416582466793965, "p_ex": 5.345207760758935, "prior": 7.852782580585915, "rate": 7.451977768498164}, "datetime": {"datetime": "2024-06-13 03:32:51", "elapsed": 172.076896, "delta": 0.113699}}
{"target": -447.5293806878691, "params": {"p_ai": 7.686409043312744, "p_al": 7.715741085545577, "p_ex": 8.841531876891995, "prior": 4.544175633408022, "rate": 4.597872362320602}, "datetime": {"datetime": "2024-06-13 03:32:51", "elapsed": 172.189482, "delta": 0.112586}}
{"target": -174.27062687443092, "params": {"p_ai": 1.468501321249081, "p_al": 2.3571644648117585, "p_ex": 2.697632606636475, "prior": 7.374937376920886, "rate": 1.5710423975769499}, "datetime": {"datetime": "2024-06-13 03:32:51", "elapsed": 172.302264, "delta": 0.112782}}
{"target": -406.87013098448756, "params": {"p_ai": 7.231788188846127, "p_al": 5.959805658694847, "p_ex": 9.30303519545369, "prior": 7.253032537911573, "rate": 6.989070773190437}, "datetime": {"datetime": "2024-06-13 03:32:51", "elapsed": 172.415117, "delta": 0.112853}}
{"target": -181.25596935255388, "params": {"p_ai": 0.760550707703845, "p_al": 5.065621965547342, "p_ex": 7.629862790695439, "prior": 2.9187903285741874, "rate": 4.986259191337456}, "datetime": {"datetime": "2024-06-13 03:32:51", "elapsed": 172.52904, "delta": 0.113923}}
{"target": -242.33055651549475, "params": {"p_ai": 3.0183623721288018, "p_al": 4.502535087130082, "p_ex": 2.438426399581656, "prior": 5.6573998084039285, "rate": 9.496376041972134}, "datetime": {"datetime": "2024-06-13 03:32:51", "elapsed": 172.641434, "delta": 0.112394}}
{"target": -259.9264850726033, "params": {"p_ai": 2.179759672387427, "p_al": 4.385577971883306, "p_ex": 7.689641210732329, "prior": 1.4101805738159388, "rate": 9.131124480194108}, "datetime": {"datetime": "2024-06-13 03:32:51", "elapsed": 172.755129, "delta": 0.113695}}
{"target": -299.1777886318917, "params": {"p_ai": 3.942208401437986, "p_al": 3.2531571648162636, "p_ex": 5.767713976725602, "prior": 2.481454586582429, "rate": 8.119414826792699}, "datetime": {"datetime": "2024-06-13 03:32:51", "elapsed": 172.866831, "delta": 0.111702}}
{"target": -566.6096181910883, "params": {"p_ai": 8.829171426142016, "p_al": 8.344285623603394, "p_ex": 3.513021717380481, "prior": 1.4612925319354422, "rate": 6.0484690526942275}, "datetime": {"datetime": "2024-06-13 03:32:52", "elapsed": 172.980323, "delta": 0.113492}}
{"target": -565.8590038713071, "params": {"p_ai": 9.963037197933328, "p_al": 8.03691004398628, "p_ex": 7.415697815847461, "prior": 3.867232536168518, "rate": 4.062309864545189}, "datetime": {"datetime": "2024-06-13 03:32:52", "elapsed": 173.093022, "delta": 0.112699}}
{"target": -305.8712455750997, "params": {"p_ai": 2.9471626215179976, "p_al": 2.993072421909173, "p_ex": 6.531018161688432, "prior": 0.427128584211923, "rate": 6.0107330050814385}, "datetime": {"datetime": "2024-06-13 03:32:52", "elapsed": 173.207715, "delta": 0.114693}}
{"target": -361.33290490751904, "params": {"p_ai": 4.5506301206598225, "p_al": 3.8408499541817234, "p_ex": 7.2106865986333, "prior": 0.9093370550535692, "rate": 2.490141532117481}, "datetime": {"datetime": "2024-06-13 03:32:52", "elapsed": 173.319417, "delta": 0.111702}}
{"target": -200.02929269156084, "params": {"p_ai": 1.606736232353154, "p_al": 6.725542333870364, "p_ex": 1.979745907226006, "prior": 4.742430885252113, "rate": 9.524838862265906}, "datetime": {"datetime": "2024-06-13 03:32:52", "elapsed": 173.433338, "delta": 0.113921}}
{"target": -497.59379574447144, "params": {"p_ai": 7.906135283875022, "p_al": 6.679316106485062, "p_ex": 8.56551741077047, "prior": 2.8904493945285177, "rate": 7.7804051357897395}, "datetime": {"datetime": "2024-06-13 03:32:52", "elapsed": 173.545039, "delta": 0.111701}}
{"target": -353.1232402888673, "params": {"p_ai": 0.19166398080738561, "p_al": 8.735451740947127, "p_ex": 2.4779398083266173, "prior": 1.2316574398389781, "rate": 1.2643783491777825}, "datetime": {"datetime": "2024-06-13 03:32:52", "elapsed": 173.658974, "delta": 0.113935}}
{"target": -400.55280970494124, "params": {"p_ai": 5.87846963806283, "p_al": 8.919020327397792, "p_ex": 0.9256300462571594, "prior": 4.8353755923401085, "rate": 8.853285137639812}, "datetime": {"datetime": "2024-06-13 03:32:52", "elapsed": 173.772783, "delta": 0.113809}}
{"target": -564.6154350255414, "params": {"p_ai": 9.571620475735365, "p_al": 9.90774303209462, "p_ex": 3.6198188884735467, "prior": 5.853599803675312, "rate": 3.849883331713755}, "datetime": {"datetime": "2024-06-13 03:32:52", "elapsed": 173.885481, "delta": 0.112698}}
{"target": -189.23281934653002, "params": {"p_ai": 1.3595409604414654, "p_al": 7.615483236150964, "p_ex": 2.2093695122566954, "prior": 6.968270917287394, "rate": 8.094798031713395}, "datetime": {"datetime": "2024-06-13 03:32:53", "elapsed": 173.999118, "delta": 0.113637}}
{"target": -287.22063401154793, "params": {"p_ai": 2.7263374426316354, "p_al": 5.085490739163293, "p_ex": 4.223508229204778, "prior": 0.5475891418605364, "rate": 7.416321652096552}, "datetime": {"datetime": "2024-06-13 03:32:53", "elapsed": 174.110815, "delta": 0.111697}}
{"target": -633.1186564470272, "params": {"p_ai": 8.087362238605126, "p_al": 5.381779891231938, "p_ex": 7.593565460971895, "prior": 0.4118127582283017, "rate": 1.8234218298490672}, "datetime": {"datetime": "2024-06-13 03:32:53", "elapsed": 174.224514, "delta": 0.113699}}
{"target": -342.06188256695947, "params": {"p_ai": 5.671417649486363, "p_al": 6.212430003673365, "p_ex": 7.820406746517684, "prior": 6.015297866806354, "rate": 5.603119435564358}, "datetime": {"datetime": "2024-06-13 03:32:53", "elapsed": 174.338193, "delta": 0.113679}}
{"target": -405.069799550527, "params": {"p_ai": 6.696549466458649, "p_al": 1.8547340221276616, "p_ex": 1.482169509883864, "prior": 2.3347444532663855, "rate": 8.866179441098572}, "datetime": {"datetime": "2024-06-13 03:32:53", "elapsed": 174.451176, "delta": 0.112983}}
{"target": -412.9581096125413, "params": {"p_ai": 6.268781725180917, "p_al": 6.572073400863255, "p_ex": 3.0646810532702196, "prior": 2.5912333930760947, "rate": 5.9712576266810204}, "datetime": {"datetime": "2024-06-13 03:32:53", "elapsed": 174.571855, "delta": 0.120679}}
{"target": -437.5900639101169, "params": {"p_ai": 2.150042925155375, "p_al": 9.354967639879437, "p_ex": 8.036953674213546, "prior": 0.7773967794454475, "rate": 1.7495290678786484}, "datetime": {"datetime": "2024-06-13 03:32:53", "elapsed": 174.68456, "delta": 0.112705}}
{"target": -300.51420964208324, "params": {"p_ai": 4.872191119371819, "p_al": 2.694104135542078, "p_ex": 2.902710437338438, "prior": 9.613727260877411, "rate": 3.421232001636753}, "datetime": {"datetime": "2024-06-13 03:32:53", "elapsed": 174.797255, "delta": 0.112695}}
{"target": -516.8930858539809, "params": {"p_ai": 8.359124489838994, "p_al": 3.4465831330928567, "p_ex": 7.21475137954703, "prior": 1.840740780102333, "rate": 6.859836955924542}, "datetime": {"datetime": "2024-06-13 03:32:53", "elapsed": 174.910952, "delta": 0.113697}}
{"target": -352.5549217629087, "params": {"p_ai": 5.742958359897929, "p_al": 7.279049751476204, "p_ex": 4.369507807625344, "prior": 9.488670344094785, "rate": 9.899347433933034}, "datetime": {"datetime": "2024-06-13 03:32:54", "elapsed": 175.022789, "delta": 0.111837}}
{"target": -238.46732556655996, "params": {"p_ai": 3.784673463413299, "p_al": 7.558887025455832, "p_ex": 9.339328818699505, "prior": 8.126834002916587, "rate": 4.497051227300002}, "datetime": {"datetime": "2024-06-13 03:32:54", "elapsed": 175.136485, "delta": 0.113696}}
{"target": -423.2659133164582, "params": {"p_ai": 0.020671165844777684, "p_al": 9.467732980403632, "p_ex": 3.4945672241101025, "prior": 0.3713140822636573, "rate": 2.4451041139357113}, "datetime": {"datetime": "2024-06-13 03:32:54", "elapsed": 175.25077, "delta": 0.114285}}
{"target": -563.0524867478167, "params": {"p_ai": 9.629450682369702, "p_al": 4.638241585721164, "p_ex": 1.242991464611051, "prior": 6.675143893150433, "rate": 0.13975575283354166}, "datetime": {"datetime": "2024-06-13 03:32:54", "elapsed": 175.36309, "delta": 0.11232}}
{"target": -479.90288624076794, "params": {"p_ai": 7.989389387135883, "p_al": 5.349795096494625, "p_ex": 8.502237008473013, "prior": 2.292773620430472, "rate": 0.902247915466376}, "datetime": {"datetime": "2024-06-13 03:32:54", "elapsed": 175.476997, "delta": 0.113907}}
{"target": -401.71354629817324, "params": {"p_ai": 6.928268718365852, "p_al": 8.150100776925466, "p_ex": 6.31580174420496, "prior": 7.7284880258051025, "rate": 6.3114396988856205}, "datetime": {"datetime": "2024-06-13 03:32:54", "elapsed": 175.589695, "delta": 0.112698}}
{"target": -579.0036628233249, "params": {"p_ai": 8.906709054664889, "p_al": 9.927602949971934, "p_ex": 1.7385205792134084, "prior": 5.494341432328373, "rate": 1.2008222922621559}, "datetime": {"datetime": "2024-06-13 03:32:54", "elapsed": 175.702394, "delta": 0.112699}}
{"target": -442.8320161713236, "params": {"p_ai": 7.671696058219319, "p_al": 2.281849606094652, "p_ex": 1.110096315197215, "prior": 9.688244118529733, "rate": 4.47584037361201}, "datetime": {"datetime": "2024-06-13 03:32:54", "elapsed": 175.815126, "delta": 0.112732}}
{"target": -469.7347162734654, "params": {"p_ai": 8.299597835887129, "p_al": 0.26074744891897633, "p_ex": 0.9060181713504475, "prior": 8.152442554885967, "rate": 9.093727528135009}, "datetime": {"datetime": "2024-06-13 03:32:54", "elapsed": 175.927798, "delta": 0.112672}}
{"target": -192.45772010963296, "params": {"p_ai": 0.6833374073260523, "p_al": 6.503098328495838, "p_ex": 5.533606213248286, "prior": 2.0661816525929484, "rate": 4.248541177710009}, "datetime": {"datetime": "2024-06-13 03:32:55", "elapsed": 176.041494, "delta": 0.113696}}
{"target": -294.04552013768716, "params": {"p_ai": 4.726562664713314, "p_al": 0.11582947285192134, "p_ex": 5.449903336763714, "prior": 7.824231924711301, "rate": 9.144727281580005}, "datetime": {"datetime": "2024-06-13 03:32:55", "elapsed": 176.154737, "delta": 0.113243}}
{"target": -162.50461602686906, "params": {"p_ai": 0.46138462700033545, "p_al": 7.917970609277861, "p_ex": 4.394450062042477, "prior": 7.046493237456582, "rate": 6.094222404970999}, "datetime": {"datetime": "2024-06-13 03:32:55", "elapsed": 176.266442, "delta": 0.111705}}
{"target": -517.6348870358423, "params": {"p_ai": 9.141683888804758, "p_al": 6.795714875605067, "p_ex": 2.0465769007196464, "prior": 9.896950868185503, "rate": 8.083792955629336}, "datetime": {"datetime": "2024-06-13 03:32:55", "elapsed": 176.379054, "delta": 0.112612}}
{"target": -190.7206865768847, "params": {"p_ai": 0.512449216222453, "p_al": 9.902472110640923, "p_ex": 0.8446539215536502, "prior": 4.160329644873564, "rate": 8.880605723434833}, "datetime": {"datetime": "2024-06-13 03:32:55", "elapsed": 176.492761, "delta": 0.113707}}
{"target": -469.12620756206036, "params": {"p_ai": 7.621368537882954, "p_al": 6.730798709796559, "p_ex": 5.337375263226976, "prior": 3.4704157321578637, "rate": 8.999542078570686}, "datetime": {"datetime": "2024-06-13 03:32:55", "elapsed": 176.60494, "delta": 0.112179}}
{"target": -520.4215096831955, "params": {"p_ai": 8.189751677546766, "p_al": 9.458976743433324, "p_ex": 3.996178790423271, "prior": 2.3369850326069677, "rate": 7.232474847346661}, "datetime": {"datetime": "2024-06-13 03:32:55", "elapsed": 176.717639, "delta": 0.112699}}
{"target": -399.7377610794079, "params": {"p_ai": 6.8912981911508675, "p_al": 5.434109383861436, "p_ex": 5.371529382561082, "prior": 8.097093347752578, "rate": 7.996045637269076}, "datetime": {"datetime": "2024-06-13 03:32:55", "elapsed": 176.830132, "delta": 0.112493}}
{"target": -475.64974934272027, "params": {"p_ai": 8.477899488532138, "p_al": 1.9044323648158918, "p_ex": 2.0035389554768446, "prior": 7.736860479349194, "rate": 5.6557750852839215}, "datetime": {"datetime": "2024-06-13 03:32:55", "elapsed": 176.94283, "delta": 0.112698}}
{"target": -220.48984841302553, "params": {"p_ai": 2.6897606628340847, "p_al": 4.794072611642568, "p_ex": 6.746913269407735, "prior": 6.842623031512313, "rate": 8.214091730094717}, "datetime": {"datetime": "2024-06-13 03:32:56", "elapsed": 177.05593, "delta": 0.1131}}
{"target": -273.492850264028, "params": {"p_ai": 3.647272184434061, "p_al": 6.727822546705458, "p_ex": 5.531211478744365, "prior": 4.064746022080931, "rate": 3.9801917729740914}, "datetime": {"datetime": "2024-06-13 03:32:56", "elapsed": 177.168627, "delta": 0.112697}}
{"target": -340.1304190198853, "params": {"p_ai": 6.129185097819535, "p_al": 0.6144331593826209, "p_ex": 7.645233118176013, "prior": 2.3372401318964076, "rate": 1.6602191863077798}, "datetime": {"datetime": "2024-06-13 03:32:56", "elapsed": 177.28332, "delta": 0.114693}}
{"target": -303.6590012042914, "params": {"p_ai": 4.235419146404231, "p_al": 4.685010539778717, "p_ex": 2.7450915194540664, "prior": 3.1019982462897637, "rate": 6.731808639077864}, "datetime": {"datetime": "2024-06-13 03:32:56", "elapsed": 177.400699, "delta": 0.117379}}
{"target": -164.07331534824596, "params": {"p_ai": 0.3015096473546377, "p_al": 6.5521873105004955, "p_ex": 5.215015008366682, "prior": 4.7876028666019845, "rate": 7.20517452614859}, "datetime": {"datetime": "2024-06-13 03:32:56", "elapsed": 177.513369, "delta": 0.11267}}
{"target": -402.8005015765413, "params": {"p_ai": 6.882830660927609, "p_al": 0.6490435690648484, "p_ex": 8.002559220395131, "prior": 0.39271240562738363, "rate": 0.27110036528194575}, "datetime": {"datetime": "2024-06-13 03:32:56", "elapsed": 177.624073, "delta": 0.110704}}
{"target": -385.381145833927, "params": {"p_ai": 5.259127976414729, "p_al": 7.348255197237692, "p_ex": 5.05624223660525, "prior": 2.937387094857462, "rate": 1.8626248627685034}, "datetime": {"datetime": "2024-06-13 03:32:56", "elapsed": 177.734642, "delta": 0.110569}}
{"target": -440.6295127639925, "params": {"p_ai": 6.6277639449442365, "p_al": 9.421324231767912, "p_ex": 1.5886247829855749, "prior": 2.7593702309424737, "rate": 9.910939583960053}, "datetime": {"datetime": "2024-06-13 03:32:56", "elapsed": 177.843544, "delta": 0.108902}}
{"target": -655.7645704860128, "params": {"p_ai": 8.337556891437492, "p_al": 7.501813048827652, "p_ex": 0.42168995314221774, "prior": 0.27114380725844994, "rate": 4.872615170250543}, "datetime": {"datetime": "2024-06-13 03:32:56", "elapsed": 177.953251, "delta": 0.109707}}
{"target": -158.72485962202455, "params": {"p_ai": 0.32292867653160867, "p_al": 1.016152953248365, "p_ex": 5.633377099366875, "prior": 4.278606301498994, "rate": 7.9088919989089135}, "datetime": {"datetime": "2024-06-13 03:32:57", "elapsed": 178.06293, "delta": 0.109679}}
{"target": -223.9566561343159, "params": {"p_ai": 2.74062245632455, "p_al": 2.7252237609687184, "p_ex": 4.058809067057356, "prior": 6.7326349879025535, "rate": 9.814999114957237}, "datetime": {"datetime": "2024-06-13 03:32:57", "elapsed": 178.17264, "delta": 0.10971}}
{"target": -274.25846467334003, "params": {"p_ai": 3.975433489951716, "p_al": 7.445998108598364, "p_ex": 8.567392878397492, "prior": 6.75038679273869, "rate": 7.795082134679054}, "datetime": {"datetime": "2024-06-13 03:32:57", "elapsed": 178.281855, "delta": 0.109215}}
{"target": -507.81514641224857, "params": {"p_ai": 8.119416765823537, "p_al": 5.969655665826877, "p_ex": 4.390511974720336, "prior": 1.688333899464437, "rate": 7.814144190659461}, "datetime": {"datetime": "2024-06-13 03:32:57", "elapsed": 178.39193, "delta": 0.110075}}
{"target": -387.77675487407197, "params": {"p_ai": 1.9417242514235866, "p_al": 9.987208947162362, "p_ex": 5.426494667496237, "prior": 0.09465548629043356, "rate": 4.188570172974951}, "datetime": {"datetime": "2024-06-13 03:32:57", "elapsed": 178.502633, "delta": 0.110703}}
{"target": -225.64262634728547, "params": {"p_ai": 2.41127815204662, "p_al": 0.5323245865069548, "p_ex": 7.1616179373812034, "prior": 3.165598845749306, "rate": 8.210870060761753}, "datetime": {"datetime": "2024-06-13 03:32:57", "elapsed": 178.61234, "delta": 0.109707}}
{"target": -470.87222685123834, "params": {"p_ai": 7.64444307361343, "p_al": 0.6576494381320193, "p_ex": 7.127518025143455, "prior": 1.9504943658705718, "rate": 7.765796506709918}, "datetime": {"datetime": "2024-06-13 03:32:57", "elapsed": 178.722047, "delta": 0.109707}}
{"target": -174.17509540396375, "params": {"p_ai": 2.505048554293243, "p_al": 4.03805350700416, "p_ex": 8.833069543714716, "prior": 6.5701217012180235, "rate": 0.8159283060516022}, "datetime": {"datetime": "2024-06-13 03:32:57", "elapsed": 178.832153, "delta": 0.110106}}
{"target": -195.0498865901011, "params": {"p_ai": 1.34592508137872, "p_al": 0.07781190893962028, "p_ex": 9.82192366575641, "prior": 0.47769309887438854, "rate": 1.054675988838786}, "datetime": {"datetime": "2024-06-13 03:32:57", "elapsed": 178.9418, "delta": 0.109647}}
