{"target": -282.57163287769333, "params": {"gamma": 3.584594051008626, "prior": 6.41895351934156, "rate": 1.4308980910737081}, "datetime": {"datetime": "2024-06-14 12:31:15", "elapsed": 7.358368, "delta": 0.008976}}
{"target": -582.5674198782871, "params": {"gamma": 8.577528406499894, "prior": 6.491087641906984, "rate": 1.1538189613747907}, "datetime": {"datetime": "2024-06-14 12:31:15", "elapsed": 7.368341, "delta": 0.009973}}
{"target": -208.5190247120423, "params": {"gamma": 2.081766002579473, "prior": 7.48043347440683, "rate": 4.034662876713395}, "datetime": {"datetime": "2024-06-14 12:31:15", "elapsed": 7.37732, "delta": 0.008979}}
{"target": -352.6740977079472, "params": {"gamma": 4.84521613942412, "prior": 8.885805272920003, "rate": 1.3752980526926846}, "datetime": {"datetime": "2024-06-14 12:31:15", "elapsed": 7.386296, "delta": 0.008976}}
{"target": -759.830798871068, "params": {"gamma": 9.64376360106379, "prior": 0.5220338497861409, "rate": 0.9953031322915933}, "datetime": {"datetime": "2024-06-14 12:31:15", "elapsed": 7.396301, "delta": 0.010005}}
{"target": -216.2237370944962, "params": {"gamma": 2.2331610709734946, "prior": 8.08519231437909, "rate": 4.559272200887655}, "datetime": {"datetime": "2024-06-14 12:31:15", "elapsed": 7.40525, "delta": 0.008949}}
{"target": -501.3543793411493, "params": {"gamma": 6.5328581714709335, "prior": 1.8257792614463888, "rate": 1.668052607332356}, "datetime": {"datetime": "2024-06-14 12:31:15", "elapsed": 7.414228, "delta": 0.008978}}
{"target": -398.9335843423157, "params": {"gamma": 5.208962557197339, "prior": 7.428906989274194, "rate": 4.62528217768507}, "datetime": {"datetime": "2024-06-14 12:31:15", "elapsed": 7.424205, "delta": 0.009977}}
{"target": -617.9356231033573, "params": {"gamma": 8.696271237126007, "prior": 6.638078153239339, "rate": 2.4916517944308763}, "datetime": {"datetime": "2024-06-14 12:31:15", "elapsed": 7.433181, "delta": 0.008976}}
{"target": -235.9290909630726, "params": {"gamma": 2.3497873058002465, "prior": 3.8030624969839892, "rate": 7.566403946905877}, "datetime": {"datetime": "2024-06-14 12:31:15", "elapsed": 7.443159, "delta": 0.009978}}
{"target": -654.2085810794805, "params": {"gamma": 9.379438705433513, "prior": 8.632869393256446, "rate": 2.6168463160365345}, "datetime": {"datetime": "2024-06-14 12:31:15", "elapsed": 7.453164, "delta": 0.010005}}
{"target": -334.4871555318374, "params": {"gamma": 4.12337700085772, "prior": 6.154286584558183, "rate": 5.468797723702268}, "datetime": {"datetime": "2024-06-14 12:31:15", "elapsed": 7.462168, "delta": 0.009004}}
{"target": -359.6473656881906, "params": {"gamma": 3.893360179144248, "prior": 1.1040656911246396, "rate": 7.122735799168159}, "datetime": {"datetime": "2024-06-14 12:31:15", "elapsed": 7.471159, "delta": 0.008991}}
{"target": -163.29044412443506, "params": {"gamma": 0.8822635040904132, "prior": 8.674166550799823, "rate": 8.634620954886014}, "datetime": {"datetime": "2024-06-14 12:31:15", "elapsed": 7.481132, "delta": 0.009973}}
{"target": -556.2848424102497, "params": {"gamma": 7.084799464362212, "prior": 4.915603280696092, "rate": 6.991766507563753}, "datetime": {"datetime": "2024-06-14 12:31:15", "elapsed": 7.490116, "delta": 0.008984}}
{"target": -325.1374148223249, "params": {"gamma": 3.950475613957549, "prior": 7.995210244504152, "rate": 7.864384405716199}, "datetime": {"datetime": "2024-06-14 12:31:15", "elapsed": 7.499087, "delta": 0.008971}}
{"target": -188.39994525602373, "params": {"gamma": 1.5561303101523432, "prior": 3.246393748470918, "rate": 3.4404877846831172}, "datetime": {"datetime": "2024-06-14 12:31:15", "elapsed": 7.509063, "delta": 0.009976}}
{"target": -284.65951829416, "params": {"gamma": 3.6423388162366046, "prior": 5.709791011210197, "rate": 0.4178327377603575}, "datetime": {"datetime": "2024-06-14 12:31:16", "elapsed": 7.518039, "delta": 0.008976}}
{"target": -531.8106674700093, "params": {"gamma": 6.600037219920028, "prior": 2.09615441466068, "rate": 4.165209099174909}, "datetime": {"datetime": "2024-06-14 12:31:16", "elapsed": 7.527017, "delta": 0.008978}}
{"target": -364.5900936462647, "params": {"gamma": 4.5094756723505, "prior": 3.552395018521695, "rate": 3.8334198209699974}, "datetime": {"datetime": "2024-06-14 12:31:16", "elapsed": 7.53699, "delta": 0.009973}}
{"target": -216.54429488084628, "params": {"gamma": 1.8038803024167458, "prior": 0.7744875682013366, "rate": 5.513015232709581}, "datetime": {"datetime": "2024-06-14 12:31:16", "elapsed": 7.545969, "delta": 0.008979}}
{"target": -475.7455279499249, "params": {"gamma": 5.959073589220895, "prior": 1.5404479132949174, "rate": 2.310186141512919}, "datetime": {"datetime": "2024-06-14 12:31:16", "elapsed": 7.555946, "delta": 0.009977}}
{"target": -243.200683838083, "params": {"gamma": 2.864484938242287, "prior": 8.324438532353815, "rate": 1.535055990682961}, "datetime": {"datetime": "2024-06-14 12:31:16", "elapsed": 7.564924, "delta": 0.008978}}
{"target": -419.0490404538596, "params": {"gamma": 5.521835936727261, "prior": 5.724583205152705, "rate": 3.434857510993614}, "datetime": {"datetime": "2024-06-14 12:31:16", "elapsed": 7.5749, "delta": 0.009976}}
{"target": -287.8636400200584, "params": {"gamma": 3.5068212758802293, "prior": 9.595208973440103, "rate": 5.533886150645748}, "datetime": {"datetime": "2024-06-14 12:31:16", "elapsed": 7.583875, "delta": 0.008975}}
{"target": -512.6185134810202, "params": {"gamma": 6.527659277808647, "prior": 4.958327152799692, "rate": 6.466853166736234}, "datetime": {"datetime": "2024-06-14 12:31:16", "elapsed": 7.592854, "delta": 0.008979}}
{"target": -494.0095749744486, "params": {"gamma": 6.052902604285114, "prior": 1.5372155999089467, "rate": 3.3474706483130476}, "datetime": {"datetime": "2024-06-14 12:31:16", "elapsed": 7.60283, "delta": 0.009976}}
{"target": -393.0326189908167, "params": {"gamma": 4.604879500595876, "prior": 1.3654344499032103, "rate": 3.6313701627213772}, "datetime": {"datetime": "2024-06-14 12:31:16", "elapsed": 7.611805, "delta": 0.008975}}
{"target": -216.61349259197414, "params": {"gamma": 2.2821882012949293, "prior": 8.49027576247698, "rate": 3.4153993261329654}, "datetime": {"datetime": "2024-06-14 12:31:16", "elapsed": 7.621781, "delta": 0.009976}}
{"target": -228.8560420951634, "params": {"gamma": 2.268666417341983, "prior": 4.140995888237594, "rate": 6.830957412174848}, "datetime": {"datetime": "2024-06-14 12:31:16", "elapsed": 7.631428, "delta": 0.009647}}
{"target": -158.98484395321782, "params": {"gamma": 0.657154367615287, "prior": 1.889219214669599, "rate": 6.943375082298363}, "datetime": {"datetime": "2024-06-14 12:31:16", "elapsed": 7.640404, "delta": 0.008976}}
{"target": -588.3418338896231, "params": {"gamma": 7.522813791436128, "prior": 6.215767368139672, "rate": 8.792106406805418}, "datetime": {"datetime": "2024-06-14 12:31:16", "elapsed": 7.64938, "delta": 0.008976}}
{"target": -195.88208952989098, "params": {"gamma": 1.6888331005858586, "prior": 7.065122548794142, "rate": 9.172684330641006}, "datetime": {"datetime": "2024-06-14 12:31:16", "elapsed": 7.659353, "delta": 0.009973}}
{"target": -191.05157198418485, "params": {"gamma": 1.508245851371479, "prior": 2.5132633762221936, "rate": 5.467299036335953}, "datetime": {"datetime": "2024-06-14 12:31:16", "elapsed": 7.668359, "delta": 0.009006}}
{"target": -273.7031992949872, "params": {"gamma": 3.441849250422999, "prior": 6.937326899745702, "rate": 0.5766186166326498}, "datetime": {"datetime": "2024-06-14 12:31:16", "elapsed": 7.678331, "delta": 0.009972}}
{"target": -192.36910548923584, "params": {"gamma": 1.6084806590922747, "prior": 7.190759234148253, "rate": 9.706216365641005}, "datetime": {"datetime": "2024-06-14 12:31:16", "elapsed": 7.687279, "delta": 0.008948}}
{"target": -620.499195348235, "params": {"gamma": 9.295574214746894, "prior": 9.020563234885856, "rate": 1.2783053957220292}, "datetime": {"datetime": "2024-06-14 12:31:16", "elapsed": 7.696257, "delta": 0.008978}}
{"target": -196.18690786565648, "params": {"gamma": 1.4601432517979631, "prior": 0.8154210924672393, "rate": 5.425859791214765}, "datetime": {"datetime": "2024-06-14 12:31:16", "elapsed": 7.706232, "delta": 0.009975}}
{"target": -686.1574758773415, "params": {"gamma": 8.824979242850812, "prior": 5.364739810662196, "rate": 7.817371138674004}, "datetime": {"datetime": "2024-06-14 12:31:16", "elapsed": 7.71521, "delta": 0.008978}}
{"target": -197.3007581572779, "params": {"gamma": 1.8853494153257044, "prior": 8.644801475646716, "rate": 1.8750602824827893}, "datetime": {"datetime": "2024-06-14 12:31:16", "elapsed": 7.724186, "delta": 0.008976}}
{"target": -155.3728705412132, "params": {"gamma": 0.548586496539166, "prior": 4.2727610032381715, "rate": 5.551489195654376}, "datetime": {"datetime": "2024-06-14 12:31:16", "elapsed": 7.73416, "delta": 0.009974}}
{"target": -780.9743086239647, "params": {"gamma": 9.707449353204424, "prior": 1.0083629510677956, "rate": 2.7399070142023203}, "datetime": {"datetime": "2024-06-14 12:31:16", "elapsed": 7.743138, "delta": 0.008978}}
{"target": -167.9175707729981, "params": {"gamma": 1.0519655837514126, "prior": 3.9653524037024024, "rate": 2.890821820794509}, "datetime": {"datetime": "2024-06-14 12:31:16", "elapsed": 7.753116, "delta": 0.009978}}
{"target": -431.23494601430286, "params": {"gamma": 5.133490194329599, "prior": 3.547741149332395, "rate": 9.28235195448276}, "datetime": {"datetime": "2024-06-14 12:31:16", "elapsed": 7.762093, "delta": 0.008977}}
{"target": -536.1729254529931, "params": {"gamma": 7.8996880160340215, "prior": 8.624012549278358, "rate": 1.2958799584830156}, "datetime": {"datetime": "2024-06-14 12:31:16", "elapsed": 7.771072, "delta": 0.008979}}
{"target": -488.4004680158, "params": {"gamma": 5.751126599720151, "prior": 2.2263471052601016, "rate": 8.682517475837448}, "datetime": {"datetime": "2024-06-14 12:31:16", "elapsed": 7.781046, "delta": 0.009974}}
{"target": -150.3188758612106, "params": {"gamma": 0.15117919811248737, "prior": 1.1468677297875165, "rate": 3.761194698397609}, "datetime": {"datetime": "2024-06-14 12:31:16", "elapsed": 7.790021, "delta": 0.008975}}
{"target": -311.774683666176, "params": {"gamma": 4.021536967025843, "prior": 2.8444788214889583, "rate": 0.9615339246006319}, "datetime": {"datetime": "2024-06-14 12:31:16", "elapsed": 7.798997, "delta": 0.008976}}
{"target": -178.02675381848735, "params": {"gamma": 1.1881853207208233, "prior": 3.2476530630886056, "rate": 9.507977547943128}, "datetime": {"datetime": "2024-06-14 12:31:16", "elapsed": 7.80897, "delta": 0.009973}}
{"target": -206.19327027761378, "params": {"gamma": 2.0748582416284203, "prior": 7.498075178486302, "rate": 2.5826284514108324}, "datetime": {"datetime": "2024-06-14 12:31:16", "elapsed": 7.817947, "delta": 0.008977}}
{"target": -152.6801483828015, "params": {"gamma": 0.37336531585223737, "prior": 0.2589168707539145, "rate": 1.5279066058805837}, "datetime": {"datetime": "2024-06-14 12:31:16", "elapsed": 7.826923, "delta": 0.008976}}
{"target": -369.51670632936896, "params": {"gamma": 4.621379845784425, "prior": 7.58342086562427, "rate": 7.2884205045195944}, "datetime": {"datetime": "2024-06-14 12:31:16", "elapsed": 7.836896, "delta": 0.009973}}
{"target": -307.5973297156286, "params": {"gamma": 3.524542035387884, "prior": 4.843478859752845, "rate": 8.140923460003277}, "datetime": {"datetime": "2024-06-14 12:31:16", "elapsed": 7.845902, "delta": 0.009006}}
{"target": -555.2990625744044, "params": {"gamma": 8.384190660883412, "prior": 3.2671753341380563, "rate": 0.043645919052664246}, "datetime": {"datetime": "2024-06-14 12:31:16", "elapsed": 7.855845, "delta": 0.009943}}
{"target": -154.577174851425, "params": {"gamma": 0.4702615014191002, "prior": 7.404293038279442, "rate": 2.7270501784440078}, "datetime": {"datetime": "2024-06-14 12:31:16", "elapsed": 7.864822, "delta": 0.008977}}
{"target": -419.72779900164375, "params": {"gamma": 4.815376636054336, "prior": 2.0011095337083287, "rate": 8.471282047905861}, "datetime": {"datetime": "2024-06-14 12:31:16", "elapsed": 7.874303, "delta": 0.009481}}
{"target": -384.0667351558579, "params": {"gamma": 5.034272718755895, "prior": 5.318885739650387, "rate": 2.881507801269463}, "datetime": {"datetime": "2024-06-14 12:31:16", "elapsed": 7.883279, "delta": 0.008976}}
{"target": -478.9909035076424, "params": {"gamma": 5.120480307408566, "prior": 0.1194400892869483, "rate": 2.7736731083917574}, "datetime": {"datetime": "2024-06-14 12:31:16", "elapsed": 7.893281, "delta": 0.010002}}
{"target": -279.1226188918842, "params": {"gamma": 3.488281072400821, "prior": 2.9111137742614566, "rate": 0.8604363235466009}, "datetime": {"datetime": "2024-06-14 12:31:16", "elapsed": 7.902228, "delta": 0.008947}}
{"target": -416.20990266570055, "params": {"gamma": 5.2182903111313514, "prior": 7.9059434203978, "rate": 9.426041757646109}, "datetime": {"datetime": "2024-06-14 12:31:16", "elapsed": 7.912202, "delta": 0.009974}}
{"target": -377.7246151979298, "params": {"gamma": 4.973400631374519, "prior": 5.9781631977188905, "rate": 2.9093085181668954}, "datetime": {"datetime": "2024-06-14 12:31:16", "elapsed": 7.921177, "delta": 0.008975}}
{"target": -196.41097456300977, "params": {"gamma": 1.492445929692968, "prior": 1.4055297382115668, "rate": 7.323875397919708}, "datetime": {"datetime": "2024-06-14 12:31:16", "elapsed": 7.930717, "delta": 0.00954}}
{"target": -591.3110841552674, "params": {"gamma": 7.344959884063995, "prior": 1.8755651647026885, "rate": 4.136190237378143}, "datetime": {"datetime": "2024-06-14 12:31:16", "elapsed": 7.939693, "delta": 0.008976}}
{"target": -514.3343417712715, "params": {"gamma": 5.941849134587504, "prior": 1.3402912672428726, "rate": 7.85390412973879}, "datetime": {"datetime": "2024-06-14 12:31:16", "elapsed": 7.949667, "delta": 0.009974}}
{"target": -484.48127673151834, "params": {"gamma": 6.20030204099907, "prior": 6.190694745933699, "rate": 7.012379711094405}, "datetime": {"datetime": "2024-06-14 12:31:16", "elapsed": 7.959639, "delta": 0.009972}}
{"target": -766.5727764850094, "params": {"gamma": 9.871843637581678, "prior": 5.667705113976064, "rate": 8.644298200721781}, "datetime": {"datetime": "2024-06-14 12:31:16", "elapsed": 7.968615, "delta": 0.008976}}
{"target": -348.65934300108114, "params": {"gamma": 4.187668041896602, "prior": 6.5792465771516, "rate": 9.252686617399803}, "datetime": {"datetime": "2024-06-14 12:31:16", "elapsed": 7.978143, "delta": 0.009528}}
{"target": -535.13491052015, "params": {"gamma": 6.64184400562511, "prior": 3.1004986918363557, "rate": 6.199836992922438}, "datetime": {"datetime": "2024-06-14 12:31:16", "elapsed": 7.987119, "delta": 0.008976}}
{"target": -308.78572888624205, "params": {"gamma": 3.5138318852615673, "prior": 3.2914300838307535, "rate": 6.102440382404956}, "datetime": {"datetime": "2024-06-14 12:31:16", "elapsed": 7.996096, "delta": 0.008977}}
{"target": -194.80769117890753, "params": {"gamma": 1.6040719966518822, "prior": 4.918715464001758, "rate": 9.456397215578926}, "datetime": {"datetime": "2024-06-14 12:31:16", "elapsed": 8.006069, "delta": 0.009973}}
{"target": -336.0963003622228, "params": {"gamma": 3.839758505543401, "prior": 1.9707296731335333, "rate": 4.688920657472168}, "datetime": {"datetime": "2024-06-14 12:31:16", "elapsed": 8.015045, "delta": 0.008976}}
{"target": -638.6941303323523, "params": {"gamma": 8.409237406703872, "prior": 8.442410453690822, "rate": 8.278204591352763}, "datetime": {"datetime": "2024-06-14 12:31:16", "elapsed": 8.025019, "delta": 0.009974}}
{"target": -150.20588772876718, "params": {"gamma": 0.11574365054552785, "prior": 2.7436990682901228, "rate": 9.99875799995505}, "datetime": {"datetime": "2024-06-14 12:31:16", "elapsed": 8.034992, "delta": 0.009973}}
{"target": -175.48647283683843, "params": {"gamma": 1.1977130886476726, "prior": 4.951886011267569, "rate": 7.900471479876251}, "datetime": {"datetime": "2024-06-14 12:31:16", "elapsed": 8.044964, "delta": 0.009972}}
{"target": -173.62655031376192, "params": {"gamma": 1.223016887028468, "prior": 6.657850888843354, "rate": 4.881316374767721}, "datetime": {"datetime": "2024-06-14 12:31:16", "elapsed": 8.056933, "delta": 0.011969}}
{"target": -199.76778997832582, "params": {"gamma": 1.9437055308797813, "prior": 8.798437263168932, "rate": 1.8156924881797458}, "datetime": {"datetime": "2024-06-14 12:31:16", "elapsed": 8.066907, "delta": 0.009974}}
{"target": -485.3917766704783, "params": {"gamma": 6.390889540088459, "prior": 7.434186094159498, "rate": 5.6271661930456895}, "datetime": {"datetime": "2024-06-14 12:31:16", "elapsed": 8.07688, "delta": 0.009973}}
{"target": -514.769022250056, "params": {"gamma": 6.288786844403314, "prior": 1.2777574265578442, "rate": 3.0810618335582585}, "datetime": {"datetime": "2024-06-14 12:31:16", "elapsed": 8.085856, "delta": 0.008976}}
{"target": -472.2195765494851, "params": {"gamma": 5.870035110089563, "prior": 4.015090791444363, "rate": 6.639796868246575}, "datetime": {"datetime": "2024-06-14 12:31:16", "elapsed": 8.095829, "delta": 0.009973}}
{"target": -709.4998383500221, "params": {"gamma": 8.519694493398179, "prior": 1.9831986841906173, "rate": 9.032823736002479}, "datetime": {"datetime": "2024-06-14 12:31:16", "elapsed": 8.105802, "delta": 0.009973}}
{"target": -310.0016813131168, "params": {"gamma": 3.8323753284605018, "prior": 9.43693087420972, "rate": 6.174205747936627}, "datetime": {"datetime": "2024-06-14 12:31:16", "elapsed": 8.114779, "delta": 0.008977}}
{"target": -603.5488512524194, "params": {"gamma": 7.901165115937855, "prior": 5.1962767408949375, "rate": 5.311915799238696}, "datetime": {"datetime": "2024-06-14 12:31:16", "elapsed": 8.124752, "delta": 0.009973}}
{"target": -300.39688529104114, "params": {"gamma": 3.276611393760953, "prior": 1.3807106015508195, "rate": 3.8388352966923764}, "datetime": {"datetime": "2024-06-14 12:31:16", "elapsed": 8.134725, "delta": 0.009973}}
{"target": -237.35702646149844, "params": {"gamma": 2.1505498314359848, "prior": 0.4253660332309741, "rate": 2.7495934114227696}, "datetime": {"datetime": "2024-06-14 12:31:16", "elapsed": 8.143701, "delta": 0.008976}}
{"target": -195.49519802899906, "params": {"gamma": 1.8065799506159026, "prior": 8.767750118877416, "rate": 0.8132843877516185}, "datetime": {"datetime": "2024-06-14 12:31:16", "elapsed": 8.154673, "delta": 0.010972}}
{"target": -203.2894724194195, "params": {"gamma": 1.8397720952197505, "prior": 7.069903885809709, "rate": 9.192339684311714}, "datetime": {"datetime": "2024-06-14 12:31:16", "elapsed": 8.167638, "delta": 0.012965}}
{"target": -275.925709356755, "params": {"gamma": 2.515333063867109, "prior": 0.3108812014676776, "rate": 9.605084223078242}, "datetime": {"datetime": "2024-06-14 12:31:16", "elapsed": 8.179605, "delta": 0.011967}}
{"target": -538.5688010509252, "params": {"gamma": 6.8225241840990325, "prior": 3.175560691032173, "rate": 4.724262048710183}, "datetime": {"datetime": "2024-06-14 12:31:16", "elapsed": 8.189578, "delta": 0.009973}}
{"target": -491.221950353496, "params": {"gamma": 5.992959482913756, "prior": 3.801298863446888, "rate": 8.74500347841515}, "datetime": {"datetime": "2024-06-14 12:31:16", "elapsed": 8.198554, "delta": 0.008976}}
{"target": -521.3098779819392, "params": {"gamma": 7.261999710487967, "prior": 9.547972975779691, "rate": 3.5113041629592687}, "datetime": {"datetime": "2024-06-14 12:31:16", "elapsed": 8.208527, "delta": 0.009973}}
{"target": -722.6651724097895, "params": {"gamma": 9.37180371312909, "prior": 4.843095684834866, "rate": 6.423584063846066}, "datetime": {"datetime": "2024-06-14 12:31:16", "elapsed": 8.217503, "delta": 0.008976}}
{"target": -538.1516079894254, "params": {"gamma": 7.36673540034412, "prior": 8.112445893156233, "rate": 3.963197413459656}, "datetime": {"datetime": "2024-06-14 12:31:16", "elapsed": 8.227477, "delta": 0.009974}}
{"target": -357.896531434248, "params": {"gamma": 4.480011839169197, "prior": 8.191042558516232, "rate": 7.175854473706459}, "datetime": {"datetime": "2024-06-14 12:31:16", "elapsed": 8.23745, "delta": 0.009973}}
{"target": -635.6669288206062, "params": {"gamma": 9.408551244537064, "prior": 9.798018927036628, "rate": 1.7899544503221003}, "datetime": {"datetime": "2024-06-14 12:31:16", "elapsed": 8.246426, "delta": 0.008976}}
{"target": -224.13886278926688, "params": {"gamma": 2.2799661987157394, "prior": 7.188265828062564, "rate": 7.474079963807781}, "datetime": {"datetime": "2024-06-14 12:31:16", "elapsed": 8.2564, "delta": 0.009974}}
{"target": -434.30370666003813, "params": {"gamma": 6.032192362771022, "prior": 8.785267665792963, "rate": 2.5206526306452743}, "datetime": {"datetime": "2024-06-14 12:31:16", "elapsed": 8.266373, "delta": 0.009973}}
{"target": -282.3897264817927, "params": {"gamma": 3.3955344555736273, "prior": 4.997003796258398, "rate": 3.150955862596707}, "datetime": {"datetime": "2024-06-14 12:31:16", "elapsed": 8.275349, "delta": 0.008976}}
{"target": -400.00161584965934, "params": {"gamma": 5.454845454328703, "prior": 6.856532985049649, "rate": 2.2044486446357947}, "datetime": {"datetime": "2024-06-14 12:31:16", "elapsed": 8.284325, "delta": 0.008976}}
{"target": -362.38671996084327, "params": {"gamma": 4.853889202229838, "prior": 9.930515440611035, "rate": 3.242288870509168}, "datetime": {"datetime": "2024-06-14 12:31:16", "elapsed": 8.294298, "delta": 0.009973}}
{"target": -152.6311853086018, "params": {"gamma": 0.35458383299364826, "prior": 8.19178211991173, "rate": 5.033564529213024}, "datetime": {"datetime": "2024-06-14 12:31:16", "elapsed": 8.303274, "delta": 0.008976}}
{"target": -155.33050403296588, "params": {"gamma": 0.5287857773295865, "prior": 8.914019769519989, "rate": 4.045739285423598}, "datetime": {"datetime": "2024-06-14 12:31:16", "elapsed": 8.313248, "delta": 0.009974}}
