{"target": -2911.9432909473758, "params": {"gamma": 8.876943621666769, "lr": 0.035231270653359514}, "datetime": {"datetime": "2024-06-13 22:26:38", "elapsed": 5.755711, "delta": 0.003989}}
{"target": -617.5359159864397, "params": {"gamma": 2.575325379792938, "lr": 0.6516840317406685}, "datetime": {"datetime": "2024-06-13 22:26:38", "elapsed": 5.759701, "delta": 0.00399}}
{"target": -966.8548825396626, "params": {"gamma": 2.8585435506242662, "lr": 0.009707596574816568}, "datetime": {"datetime": "2024-06-13 22:26:38", "elapsed": 5.76369, "delta": 0.003989}}
{"target": -1329.6789280682449, "params": {"gamma": 5.754942892815359, "lr": 0.30779227833471057}, "datetime": {"datetime": "2024-06-13 22:26:38", "elapsed": 5.769056, "delta": 0.005366}}
{"target": -449.651481951723, "params": {"gamma": 1.5159891044593792, "lr": 0.9712833117325801}, "datetime": {"datetime": "2024-06-13 22:26:38", "elapsed": 5.773045, "delta": 0.003989}}
{"target": -429.870499981649, "params": {"gamma": 1.6505577067216257, "lr": 0.7272354411432771}, "datetime": {"datetime": "2024-06-13 22:26:38", "elapsed": 5.778031, "delta": 0.004986}}
{"target": -2385.52085018849, "params": {"gamma": 8.907351190743636, "lr": 0.8587151157269453}, "datetime": {"datetime": "2024-06-13 22:26:38", "elapsed": 5.783019, "delta": 0.004988}}
{"target": -457.84430533106985, "params": {"gamma": 1.8433864145173096, "lr": 0.23680853369423926}, "datetime": {"datetime": "2024-06-13 22:26:38", "elapsed": 5.787007, "delta": 0.003988}}
{"target": -154.86601098011758, "params": {"gamma": 0.1846080023892216, "lr": 0.9314054672648543}, "datetime": {"datetime": "2024-06-13 22:26:38", "elapsed": 5.791995, "delta": 0.004988}}
{"target": -1999.523138372266, "params": {"gamma": 8.871324645396406, "lr": 0.5954661689695429}, "datetime": {"datetime": "2024-06-13 22:26:38", "elapsed": 5.795986, "delta": 0.003991}}
{"target": -347.8862358692628, "params": {"gamma": 1.0945671874130298, "lr": 0.17354264684250154}, "datetime": {"datetime": "2024-06-13 22:26:38", "elapsed": 5.800973, "delta": 0.004987}}
{"target": -1326.8970219645846, "params": {"gamma": 5.770026748955153, "lr": 0.25165697350014493}, "datetime": {"datetime": "2024-06-13 22:26:38", "elapsed": 5.805001, "delta": 0.004028}}
{"target": -887.5344212293115, "params": {"gamma": 3.0024181605272484, "lr": 0.17098734894301837}, "datetime": {"datetime": "2024-06-13 22:26:38", "elapsed": 5.808954, "delta": 0.003953}}
{"target": -438.17090031086684, "params": {"gamma": 1.8967275990085757, "lr": 0.4634211543904514}, "datetime": {"datetime": "2024-06-13 22:26:38", "elapsed": 5.81394, "delta": 0.004986}}
{"target": -1127.4266386411894, "params": {"gamma": 5.099229852311732, "lr": 0.5115798896647326}, "datetime": {"datetime": "2024-06-13 22:26:38", "elapsed": 5.81894, "delta": 0.005}}
{"target": -3184.7940712914633, "params": {"gamma": 9.971390854869842, "lr": 0.1295958172701398}, "datetime": {"datetime": "2024-06-13 22:26:38", "elapsed": 5.822929, "delta": 0.003989}}
{"target": -1886.795530450544, "params": {"gamma": 7.561942713988967, "lr": 0.7937567472248925}, "datetime": {"datetime": "2024-06-13 22:26:38", "elapsed": 5.827919, "delta": 0.00499}}
{"target": -1286.4563722733142, "params": {"gamma": 5.849241105106437, "lr": 0.4627381802693252}, "datetime": {"datetime": "2024-06-13 22:26:38", "elapsed": 5.831909, "delta": 0.00399}}
{"target": -2285.1245553564563, "params": {"gamma": 8.934372946865443, "lr": 0.8281802190731247}, "datetime": {"datetime": "2024-06-13 22:26:38", "elapsed": 5.836898, "delta": 0.004989}}
{"target": -204.28917139203605, "params": {"gamma": 0.5038590693510084, "lr": 0.962983753087854}, "datetime": {"datetime": "2024-06-13 22:26:38", "elapsed": 5.840887, "delta": 0.003989}}
{"target": -146.4745772646553, "params": {"gamma": 0.07439157764468438, "lr": 0.5731322046839419}, "datetime": {"datetime": "2024-06-13 22:26:39", "elapsed": 5.845738, "delta": 0.004851}}
{"target": -1520.1389485633135, "params": {"gamma": 5.7247357384538, "lr": 0.8343796647905168}, "datetime": {"datetime": "2024-06-13 22:26:39", "elapsed": 5.849728, "delta": 0.00399}}
{"target": -1259.4303683852213, "params": {"gamma": 3.8477759631858306, "lr": 0.09104086904598219}, "datetime": {"datetime": "2024-06-13 22:26:39", "elapsed": 5.854714, "delta": 0.004986}}
{"target": -1922.3623591103662, "params": {"gamma": 5.81729100641988, "lr": 0.024845860363731265}, "datetime": {"datetime": "2024-06-13 22:26:39", "elapsed": 5.858703, "delta": 0.003989}}
{"target": -1017.3231393589056, "params": {"gamma": 3.618595813310707, "lr": 0.9853168020853229}, "datetime": {"datetime": "2024-06-13 22:26:39", "elapsed": 5.86369, "delta": 0.004987}}
{"target": -2797.0126605486926, "params": {"gamma": 8.687919916680645, "lr": 0.15249674176120542}, "datetime": {"datetime": "2024-06-13 22:26:39", "elapsed": 5.868065, "delta": 0.004375}}
{"target": -2018.3755435516384, "params": {"gamma": 7.988462064471767, "lr": 0.8109969194215267}, "datetime": {"datetime": "2024-06-13 22:26:39", "elapsed": 5.873052, "delta": 0.004987}}
{"target": -2185.4452267445163, "params": {"gamma": 9.282143984052633, "lr": 0.22438426604398454}, "datetime": {"datetime": "2024-06-13 22:26:39", "elapsed": 5.877041, "delta": 0.003989}}
{"target": -1289.861384524748, "params": {"gamma": 4.990175777525101, "lr": 0.8274440914110759}, "datetime": {"datetime": "2024-06-13 22:26:39", "elapsed": 5.882028, "delta": 0.004987}}
{"target": -1508.6674865056505, "params": {"gamma": 6.673670516196978, "lr": 0.5939361433837695}, "datetime": {"datetime": "2024-06-13 22:26:39", "elapsed": 5.886019, "delta": 0.003991}}
{"target": -1540.6866350571659, "params": {"gamma": 6.520106231886649, "lr": 0.23851601279901302}, "datetime": {"datetime": "2024-06-13 22:26:39", "elapsed": 5.891006, "delta": 0.004987}}
{"target": -158.5456979885763, "params": {"gamma": 0.2563753086730316, "lr": 0.736257257446534}, "datetime": {"datetime": "2024-06-13 22:26:39", "elapsed": 5.895995, "delta": 0.004989}}
{"target": -782.7760071012497, "params": {"gamma": 3.268591461483445, "lr": 0.3767568869201464}, "datetime": {"datetime": "2024-06-13 22:26:39", "elapsed": 5.899985, "delta": 0.00399}}
{"target": -1427.9382732504985, "params": {"gamma": 6.126547925441392, "lr": 0.657165042363517}, "datetime": {"datetime": "2024-06-13 22:26:39", "elapsed": 5.905031, "delta": 0.005046}}
{"target": -547.8652887375372, "params": {"gamma": 2.0297861073278014, "lr": 0.8260315378454188}, "datetime": {"datetime": "2024-06-13 22:26:39", "elapsed": 5.908963, "delta": 0.003932}}
{"target": -893.531601942626, "params": {"gamma": 3.802685845849549, "lr": 0.6317444085013915}, "datetime": {"datetime": "2024-06-13 22:26:39", "elapsed": 5.91395, "delta": 0.004987}}
{"target": -2113.1682532764917, "params": {"gamma": 9.664147745107453, "lr": 0.5647862352666362}, "datetime": {"datetime": "2024-06-13 22:26:39", "elapsed": 5.917939, "delta": 0.003989}}
{"target": -837.9769055706972, "params": {"gamma": 3.58975250674678, "lr": 0.6189701087401422}, "datetime": {"datetime": "2024-06-13 22:26:39", "elapsed": 5.922926, "delta": 0.004987}}
{"target": -1106.5318093237477, "params": {"gamma": 5.018429387513632, "lr": 0.45237624777785157}, "datetime": {"datetime": "2024-06-13 22:26:39", "elapsed": 5.926915, "delta": 0.003989}}
{"target": -2035.1860285355947, "params": {"gamma": 7.32297507682793, "lr": 0.9245101499841026}, "datetime": {"datetime": "2024-06-13 22:26:39", "elapsed": 5.931902, "delta": 0.004987}}
{"target": -1599.5262098935832, "params": {"gamma": 4.793234881420612, "lr": 0.08823015100009579}, "datetime": {"datetime": "2024-06-13 22:26:39", "elapsed": 5.936893, "delta": 0.004991}}
{"target": -1348.6466720384935, "params": {"gamma": 5.696965913284056, "lr": 0.2449508551148344}, "datetime": {"datetime": "2024-06-13 22:26:39", "elapsed": 5.940882, "delta": 0.003989}}
{"target": -176.86326367702046, "params": {"gamma": 0.3967395368422162, "lr": 0.7881402066436831}, "datetime": {"datetime": "2024-06-13 22:26:39", "elapsed": 5.945871, "delta": 0.004989}}
{"target": -701.6466020539334, "params": {"gamma": 2.728409598411216, "lr": 0.7770704929423838}, "datetime": {"datetime": "2024-06-13 22:26:39", "elapsed": 5.949889, "delta": 0.004018}}
{"target": -1131.4904631357629, "params": {"gamma": 4.882601221938961, "lr": 0.31793589107511533}, "datetime": {"datetime": "2024-06-13 22:26:39", "elapsed": 5.954847, "delta": 0.004958}}
{"target": -1057.843773001155, "params": {"gamma": 3.1409404750589167, "lr": 0.04202476008611444}, "datetime": {"datetime": "2024-06-13 22:26:39", "elapsed": 5.959833, "delta": 0.004986}}
{"target": -1379.1791693647842, "params": {"gamma": 5.344463969208603, "lr": 0.8235515559967603}, "datetime": {"datetime": "2024-06-13 22:26:39", "elapsed": 5.963823, "delta": 0.00399}}
{"target": -311.05290019184014, "params": {"gamma": 0.8398696296412803, "lr": 0.10855870560871761}, "datetime": {"datetime": "2024-06-13 22:26:39", "elapsed": 5.969059, "delta": 0.005236}}
{"target": -1236.9216363740886, "params": {"gamma": 5.293030012750302, "lr": 0.6601418096235968}, "datetime": {"datetime": "2024-06-13 22:26:39", "elapsed": 5.973048, "delta": 0.003989}}
{"target": -1600.8728440323025, "params": {"gamma": 6.947765177374281, "lr": 0.313221695146886}, "datetime": {"datetime": "2024-06-13 22:26:39", "elapsed": 5.978096, "delta": 0.005048}}
{"target": -164.16945933587814, "params": {"gamma": 0.37873998028565886, "lr": 0.4145628796923949}, "datetime": {"datetime": "2024-06-13 22:26:39", "elapsed": 5.982086, "delta": 0.00399}}
{"target": -774.7808891307876, "params": {"gamma": 2.2612156645820662, "lr": 0.0011148302524066622}, "datetime": {"datetime": "2024-06-13 22:26:39", "elapsed": 5.987044, "delta": 0.004958}}
{"target": -1907.0471480576261, "params": {"gamma": 6.857480005685141, "lr": 0.9520625390545332}, "datetime": {"datetime": "2024-06-13 22:26:39", "elapsed": 5.991033, "delta": 0.003989}}
{"target": -911.3485675584611, "params": {"gamma": 3.9121264535897473, "lr": 0.3002984293714631}, "datetime": {"datetime": "2024-06-13 22:26:39", "elapsed": 5.996019, "delta": 0.004986}}
{"target": -1471.5359418695168, "params": {"gamma": 5.537964374290343, "lr": 0.8519762580648814}, "datetime": {"datetime": "2024-06-13 22:26:39", "elapsed": 6.001006, "delta": 0.004987}}
{"target": -1882.1378805664285, "params": {"gamma": 7.9498792795045405, "lr": 0.6847567049785765}, "datetime": {"datetime": "2024-06-13 22:26:39", "elapsed": 6.004996, "delta": 0.00399}}
{"target": -1036.1840337285048, "params": {"gamma": 4.321638805905765, "lr": 0.6904340198543137}, "datetime": {"datetime": "2024-06-13 22:26:39", "elapsed": 6.009982, "delta": 0.004986}}
{"target": -512.3236805260392, "params": {"gamma": 2.161037487164819, "lr": 0.28394343784624676}, "datetime": {"datetime": "2024-06-13 22:26:39", "elapsed": 6.013971, "delta": 0.003989}}
{"target": -2160.583522305175, "params": {"gamma": 7.778428288392944, "lr": 0.9299801363463566}, "datetime": {"datetime": "2024-06-13 22:26:39", "elapsed": 6.018958, "delta": 0.004987}}
{"target": -466.6415355355853, "params": {"gamma": 1.9013049866632814, "lr": 0.29606328941823257}, "datetime": {"datetime": "2024-06-13 22:26:39", "elapsed": 6.023945, "delta": 0.004987}}
{"target": -146.3444759160036, "params": {"gamma": 0.06309646163797043, "lr": 0.43156224528040166}, "datetime": {"datetime": "2024-06-13 22:26:39", "elapsed": 6.027934, "delta": 0.003989}}
{"target": -511.8888842201282, "params": {"gamma": 2.103740422454257, "lr": 0.6414247825536215}, "datetime": {"datetime": "2024-06-13 22:26:39", "elapsed": 6.032922, "delta": 0.004988}}
{"target": -2230.7969393143826, "params": {"gamma": 7.096182567565407, "lr": 0.11877771439848506}, "datetime": {"datetime": "2024-06-13 22:26:39", "elapsed": 6.036911, "delta": 0.003989}}
{"target": -272.5631109813875, "params": {"gamma": 0.8223578763172843, "lr": 0.9063350695803358}, "datetime": {"datetime": "2024-06-13 22:26:39", "elapsed": 6.041926, "delta": 0.005015}}
{"target": -865.8514793985178, "params": {"gamma": 3.8929983086548985, "lr": 0.5334034972660143}, "datetime": {"datetime": "2024-06-13 22:26:39", "elapsed": 6.045916, "delta": 0.00399}}
{"target": -2395.997370879477, "params": {"gamma": 9.632452407571792, "lr": 0.7590540122163353}, "datetime": {"datetime": "2024-06-13 22:26:39", "elapsed": 6.050873, "delta": 0.004957}}
{"target": -1096.1767500168544, "params": {"gamma": 3.256077435692296, "lr": 0.08584930112029354}, "datetime": {"datetime": "2024-06-13 22:26:39", "elapsed": 6.054863, "delta": 0.00399}}
{"target": -1281.3165912687457, "params": {"gamma": 5.360704142867423, "lr": 0.33612544293733115}, "datetime": {"datetime": "2024-06-13 22:26:39", "elapsed": 6.059849, "delta": 0.004986}}
{"target": -155.26178522645208, "params": {"gamma": 0.21783235985649294, "lr": 0.7711523332537787}, "datetime": {"datetime": "2024-06-13 22:26:39", "elapsed": 6.063839, "delta": 0.00399}}
{"target": -854.0049560476311, "params": {"gamma": 3.849706389409975, "lr": 0.5713211500587355}, "datetime": {"datetime": "2024-06-13 22:26:39", "elapsed": 6.068825, "delta": 0.004986}}
{"target": -2099.801645486447, "params": {"gamma": 7.557672815106508, "lr": 0.9408474199010457}, "datetime": {"datetime": "2024-06-13 22:26:39", "elapsed": 6.073811, "delta": 0.004986}}
{"target": -1413.4810496868915, "params": {"gamma": 6.123611064507542, "lr": 0.31539617878014314}, "datetime": {"datetime": "2024-06-13 22:26:39", "elapsed": 6.077801, "delta": 0.00399}}
{"target": -405.9590844063239, "params": {"gamma": 1.1016550019623323, "lr": 0.07391888791127221}, "datetime": {"datetime": "2024-06-13 22:26:39", "elapsed": 6.08179, "delta": 0.003989}}
{"target": -758.3464620373396, "params": {"gamma": 3.197588047953422, "lr": 0.660839138956005}, "datetime": {"datetime": "2024-06-13 22:26:39", "elapsed": 6.086286, "delta": 0.004496}}
{"target": -1765.8637474915652, "params": {"gamma": 6.9518254952121765, "lr": 0.20771804006298766}, "datetime": {"datetime": "2024-06-13 22:26:39", "elapsed": 6.091272, "delta": 0.004986}}
{"target": -237.6871060790414, "params": {"gamma": 0.8288765899448861, "lr": 0.3055106612860311}, "datetime": {"datetime": "2024-06-13 22:26:39", "elapsed": 6.096259, "delta": 0.004987}}
{"target": -1374.1713402422981, "params": {"gamma": 5.476198023985873, "lr": 0.7546696744748647}, "datetime": {"datetime": "2024-06-13 22:26:39", "elapsed": 6.100249, "delta": 0.00399}}
{"target": -1244.159948434336, "params": {"gamma": 5.297043548379857, "lr": 0.28698375274707455}, "datetime": {"datetime": "2024-06-13 22:26:39", "elapsed": 6.105235, "delta": 0.004986}}
{"target": -1434.2143197440657, "params": {"gamma": 6.242173052915846, "lr": 0.2648366551761958}, "datetime": {"datetime": "2024-06-13 22:26:39", "elapsed": 6.109224, "delta": 0.003989}}
{"target": -1729.041155754846, "params": {"gamma": 6.527276450430897, "lr": 0.8418980078267378}, "datetime": {"datetime": "2024-06-13 22:26:39", "elapsed": 6.114211, "delta": 0.004987}}
{"target": -1403.1289070319278, "params": {"gamma": 6.389839255863949, "lr": 0.5656314689767339}, "datetime": {"datetime": "2024-06-13 22:26:39", "elapsed": 6.1182, "delta": 0.003989}}
{"target": -850.3328778339701, "params": {"gamma": 3.072113950599342, "lr": 0.8767770399379612}, "datetime": {"datetime": "2024-06-13 22:26:39", "elapsed": 6.123186, "delta": 0.004986}}
{"target": -2458.909552458834, "params": {"gamma": 9.888230025288278, "lr": 0.777479431209941}, "datetime": {"datetime": "2024-06-13 22:26:39", "elapsed": 6.127176, "delta": 0.00399}}
{"target": -1838.5169267615277, "params": {"gamma": 5.736864931846622, "lr": 0.14127933264100168}, "datetime": {"datetime": "2024-06-13 22:26:39", "elapsed": 6.132163, "delta": 0.004987}}
{"target": -735.0146439408873, "params": {"gamma": 3.1499752949036433, "lr": 0.3668593185911837}, "datetime": {"datetime": "2024-06-13 22:26:39", "elapsed": 6.137149, "delta": 0.004986}}
{"target": -654.2455611356207, "params": {"gamma": 2.9196603150536307, "lr": 0.4459528147489278}, "datetime": {"datetime": "2024-06-13 22:26:39", "elapsed": 6.141139, "delta": 0.00399}}
{"target": -1553.8557558953835, "params": {"gamma": 6.106714536159591, "lr": 0.2129145905151636}, "datetime": {"datetime": "2024-06-13 22:26:39", "elapsed": 6.145128, "delta": 0.003989}}
{"target": -801.050977683588, "params": {"gamma": 2.4983477831127514, "lr": 0.11215048322109678}, "datetime": {"datetime": "2024-06-13 22:26:39", "elapsed": 6.150115, "delta": 0.004987}}
{"target": -687.8161057156588, "params": {"gamma": 3.07657830315885, "lr": 0.49744827858464324}, "datetime": {"datetime": "2024-06-13 22:26:39", "elapsed": 6.155101, "delta": 0.004986}}
{"target": -1368.3070730334116, "params": {"gamma": 4.898588039316173, "lr": 0.9955772118463961}, "datetime": {"datetime": "2024-06-13 22:26:39", "elapsed": 6.15909, "delta": 0.003989}}
{"target": -2163.295840051379, "params": {"gamma": 9.811104522073206, "lr": 0.4365627716811432}, "datetime": {"datetime": "2024-06-13 22:26:39", "elapsed": 6.164077, "delta": 0.004987}}
{"target": -2460.6065405489962, "params": {"gamma": 9.720234197281384, "lr": 0.21439790417581406}, "datetime": {"datetime": "2024-06-13 22:26:39", "elapsed": 6.168067, "delta": 0.00399}}
{"target": -1191.6671666356983, "params": {"gamma": 5.411667740203425, "lr": 0.4534353144697316}, "datetime": {"datetime": "2024-06-13 22:26:39", "elapsed": 6.173053, "delta": 0.004986}}
{"target": -2549.0977583729396, "params": {"gamma": 9.67612136622795, "lr": 0.8361762231353584}, "datetime": {"datetime": "2024-06-13 22:26:39", "elapsed": 6.177043, "delta": 0.00399}}
{"target": -488.560850464464, "params": {"gamma": 2.142255100882632, "lr": 0.43953910215539116}, "datetime": {"datetime": "2024-06-13 22:26:39", "elapsed": 6.18203, "delta": 0.004987}}
{"target": -396.0520783169794, "params": {"gamma": 1.685601239492825, "lr": 0.5290872104552504}, "datetime": {"datetime": "2024-06-13 22:26:39", "elapsed": 6.186019, "delta": 0.003989}}
{"target": -2607.27368905535, "params": {"gamma": 7.935053256996167, "lr": 0.03587914896601674}, "datetime": {"datetime": "2024-06-13 22:26:39", "elapsed": 6.191006, "delta": 0.004987}}
{"target": -555.1200813876824, "params": {"gamma": 1.9143974164796644, "lr": 0.9774555643930162}, "datetime": {"datetime": "2024-06-13 22:26:39", "elapsed": 6.221923, "delta": 0.030917}}
{"target": -2100.989930015342, "params": {"gamma": 9.608012262900427, "lr": 0.5565916591021018}, "datetime": {"datetime": "2024-06-13 22:26:39", "elapsed": 6.226909, "delta": 0.004986}}
{"target": -1484.0226242618753, "params": {"gamma": 6.461261124237896, "lr": 0.27209301429327437}, "datetime": {"datetime": "2024-06-13 22:26:39", "elapsed": 6.231897, "delta": 0.004988}}
{"target": -2248.877336269155, "params": {"gamma": 9.520958766042686, "lr": 0.66977480632724}, "datetime": {"datetime": "2024-06-13 22:26:39", "elapsed": 6.236882, "delta": 0.004985}}
{"target": -2197.5971908131137, "params": {"gamma": 6.6684131433924785, "lr": 0.011103333369922863}, "datetime": {"datetime": "2024-06-13 22:26:39", "elapsed": 6.24187, "delta": 0.004988}}
{"target": -2124.8129280937737, "params": {"gamma": 8.529845528647078, "lr": 0.7783262186802019}, "datetime": {"datetime": "2024-06-13 22:26:39", "elapsed": 6.245859, "delta": 0.003989}}
{"target": -1682.2948083872418, "params": {"gamma": 6.849555045051163, "lr": 0.740781813019585}, "datetime": {"datetime": "2024-06-13 22:26:39", "elapsed": 6.249848, "delta": 0.003989}}
{"target": -410.7696972813264, "params": {"gamma": 1.5665676735591734, "lr": 0.71877505284865}, "datetime": {"datetime": "2024-06-13 22:26:39", "elapsed": 6.254471, "delta": 0.004623}}
{"target": -276.86102479822375, "params": {"gamma": 0.9690872885214075, "lr": 0.7069494480386341}, "datetime": {"datetime": "2024-06-13 22:26:39", "elapsed": 6.259453, "delta": 0.004982}}
{"target": -146.66306452820288, "params": {"gamma": 0.027315329458906884, "lr": 0.7762057874603809}, "datetime": {"datetime": "2024-06-13 22:26:39", "elapsed": 6.263443, "delta": 0.00399}}
{"target": -1255.360893555374, "params": {"gamma": 4.916080290630613, "lr": 0.20438686629786484}, "datetime": {"datetime": "2024-06-13 22:26:39", "elapsed": 6.268429, "delta": 0.004986}}
{"target": -1679.3251874787543, "params": {"gamma": 7.292736897839507, "lr": 0.3156541317831608}, "datetime": {"datetime": "2024-06-13 22:26:39", "elapsed": 6.273416, "delta": 0.004987}}
{"target": -2583.0867557577135, "params": {"gamma": 8.83829208238512, "lr": 0.18023352523222202}, "datetime": {"datetime": "2024-06-13 22:26:39", "elapsed": 6.277405, "delta": 0.003989}}
{"target": -2603.1831909642774, "params": {"gamma": 9.385567992205967, "lr": 0.9707501480531616}, "datetime": {"datetime": "2024-06-13 22:26:39", "elapsed": 6.282392, "delta": 0.004987}}
{"target": -835.4356429366355, "params": {"gamma": 3.0455479552792557, "lr": 0.8624863997043009}, "datetime": {"datetime": "2024-06-13 22:26:39", "elapsed": 6.287379, "delta": 0.004987}}
{"target": -1826.827820921759, "params": {"gamma": 8.421949009551232, "lr": 0.4246127100946028}, "datetime": {"datetime": "2024-06-13 22:26:39", "elapsed": 6.291368, "delta": 0.003989}}
{"target": -843.1705676641354, "params": {"gamma": 3.637480394119995, "lr": 0.282437473235045}, "datetime": {"datetime": "2024-06-13 22:26:39", "elapsed": 6.296355, "delta": 0.004987}}
{"target": -2273.5080400855477, "params": {"gamma": 9.93237460787099, "lr": 0.25575102695189966}, "datetime": {"datetime": "2024-06-13 22:26:39", "elapsed": 6.301436, "delta": 0.005081}}
{"target": -1995.9314096901298, "params": {"gamma": 9.206835301993463, "lr": 0.4283352137597225}, "datetime": {"datetime": "2024-06-13 22:26:39", "elapsed": 6.305935, "delta": 0.004499}}
{"target": -2465.28122692787, "params": {"gamma": 9.354334696401745, "lr": 0.8388448341981828}, "datetime": {"datetime": "2024-06-13 22:26:39", "elapsed": 6.309924, "delta": 0.003989}}
