{"target": -524.6876957791334, "params": {"gamma": 7.113433866846732, "prior": 5.583457649409001, "rate": 3.0458753612182816}, "datetime": {"datetime": "2024-06-14 12:31:10", "elapsed": 1.78888, "delta": 0.008974}}
{"target": -665.4223512316111, "params": {"gamma": 8.348705622270353, "prior": 4.409528980532247, "rate": 9.234638694972633}, "datetime": {"datetime": "2024-06-14 12:31:10", "elapsed": 1.797857, "delta": 0.008977}}
{"target": -497.7161611252678, "params": {"gamma": 7.0608119915549965, "prior": 4.8325099488563055, "rate": 1.2629748273898376}, "datetime": {"datetime": "2024-06-14 12:31:10", "elapsed": 1.806833, "delta": 0.008976}}
{"target": -746.9426244924792, "params": {"gamma": 9.760459461127008, "prior": 1.6823531384065245, "rate": 2.026818650071406}, "datetime": {"datetime": "2024-06-14 12:31:10", "elapsed": 1.815808, "delta": 0.008975}}
{"target": -330.25354920903425, "params": {"gamma": 4.312386369848549, "prior": 4.101598867173958, "rate": 1.4683680561621768}, "datetime": {"datetime": "2024-06-14 12:31:10", "elapsed": 1.824784, "delta": 0.008976}}
{"target": -601.3291075299592, "params": {"gamma": 7.293459874691873, "prior": 1.968576162084141, "rate": 6.439312547472317}, "datetime": {"datetime": "2024-06-14 12:31:10", "elapsed": 1.83376, "delta": 0.008976}}
{"target": -614.3634057379057, "params": {"gamma": 7.543305199812411, "prior": 2.1862506816248755, "rate": 6.0099415268282925}, "datetime": {"datetime": "2024-06-14 12:31:10", "elapsed": 1.841739, "delta": 0.007979}}
{"target": -570.2822300889701, "params": {"gamma": 7.489534824083119, "prior": 6.418365235141301, "rate": 5.971675902163545}, "datetime": {"datetime": "2024-06-14 12:31:10", "elapsed": 1.850715, "delta": 0.008976}}
{"target": -266.3357414071725, "params": {"gamma": 2.955527374269315, "prior": 7.342904065290937, "rate": 9.453139091559498}, "datetime": {"datetime": "2024-06-14 12:31:10", "elapsed": 1.860689, "delta": 0.009974}}
{"target": -317.9465538780848, "params": {"gamma": 4.256188341225208, "prior": 7.843599986630912, "rate": 0.5623542555794911}, "datetime": {"datetime": "2024-06-14 12:31:10", "elapsed": 1.869665, "delta": 0.008976}}
{"target": -663.3250992743418, "params": {"gamma": 8.35288075329717, "prior": 2.0032751665392623, "rate": 3.951573592030842}, "datetime": {"datetime": "2024-06-14 12:31:10", "elapsed": 1.87864, "delta": 0.008975}}
{"target": -300.8320064548128, "params": {"gamma": 3.001510378207639, "prior": 0.893026073679888, "rate": 9.046405398359493}, "datetime": {"datetime": "2024-06-14 12:31:10", "elapsed": 1.886619, "delta": 0.007979}}
{"target": -307.78158141606406, "params": {"gamma": 3.702171621359829, "prior": 5.353904640913781, "rate": 4.941668542697355}, "datetime": {"datetime": "2024-06-14 12:31:10", "elapsed": 1.895596, "delta": 0.008977}}
{"target": -175.95707673455968, "params": {"gamma": 1.3224792582874385, "prior": 2.143895183005387, "rate": 0.7628119015141794}, "datetime": {"datetime": "2024-06-14 12:31:10", "elapsed": 1.904571, "delta": 0.008975}}
{"target": -409.315121645886, "params": {"gamma": 5.07970907775293, "prior": 2.6893405631465725, "rate": 3.5712590272190368}, "datetime": {"datetime": "2024-06-14 12:31:10", "elapsed": 1.913547, "delta": 0.008976}}
{"target": -169.39830855200617, "params": {"gamma": 1.0815452216436712, "prior": 7.896763212559821, "rate": 1.0667321840112223}, "datetime": {"datetime": "2024-06-14 12:31:10", "elapsed": 1.922523, "delta": 0.008976}}
{"target": -798.4815981227362, "params": {"gamma": 9.857102528308165, "prior": 1.8538955279403317, "rate": 5.724478719234059}, "datetime": {"datetime": "2024-06-14 12:31:10", "elapsed": 1.931499, "delta": 0.008976}}
{"target": -154.6624347300024, "params": {"gamma": 0.4494085005562922, "prior": 7.892451267592758, "rate": 1.8968698722351471}, "datetime": {"datetime": "2024-06-14 12:31:10", "elapsed": 1.940037, "delta": 0.008538}}
{"target": -381.2220383983588, "params": {"gamma": 5.279511880102859, "prior": 7.426767677274809, "rate": 1.5001649176876422}, "datetime": {"datetime": "2024-06-14 12:31:10", "elapsed": 1.949012, "delta": 0.008975}}
{"target": -466.28987142672815, "params": {"gamma": 5.511320654695531, "prior": 2.2445103624549163, "rate": 7.592201297122131}, "datetime": {"datetime": "2024-06-14 12:31:10", "elapsed": 1.957988, "delta": 0.008976}}
{"target": -608.4394768255478, "params": {"gamma": 7.229429020368581, "prior": 1.847835439343122, "rate": 8.619803610113067}, "datetime": {"datetime": "2024-06-14 12:31:10", "elapsed": 1.966534, "delta": 0.008546}}
{"target": -151.14182435274827, "params": {"gamma": 0.1987312200639263, "prior": 8.61634627448884, "rate": 5.589479207798223}, "datetime": {"datetime": "2024-06-14 12:31:10", "elapsed": 1.975511, "delta": 0.008977}}
{"target": -329.6921730380751, "params": {"gamma": 4.032801500586387, "prior": 7.611594617121132, "rate": 7.169573087923007}, "datetime": {"datetime": "2024-06-14 12:31:10", "elapsed": 1.98532, "delta": 0.009809}}
{"target": -639.3858658235284, "params": {"gamma": 9.873274421909457, "prior": 2.8530419812685297, "rate": 0.03893293042101652}, "datetime": {"datetime": "2024-06-14 12:31:10", "elapsed": 1.994009, "delta": 0.008689}}
{"target": -699.5624038273296, "params": {"gamma": 9.339092180540563, "prior": 8.593181334925148, "rate": 7.28877992431504}, "datetime": {"datetime": "2024-06-14 12:31:10", "elapsed": 2.00294, "delta": 0.008931}}
{"target": -410.483236202965, "params": {"gamma": 5.167371140432463, "prior": 7.098866827962734, "rate": 7.805515039210552}, "datetime": {"datetime": "2024-06-14 12:31:10", "elapsed": 2.011918, "delta": 0.008978}}
{"target": -311.7748297521464, "params": {"gamma": 3.749384559425057, "prior": 7.72619300076658, "rate": 7.506492567432579}, "datetime": {"datetime": "2024-06-14 12:31:10", "elapsed": 2.020896, "delta": 0.008978}}
{"target": -492.4284942343424, "params": {"gamma": 6.132498904231054, "prior": 4.07847264728159, "rate": 6.9733828846241455}, "datetime": {"datetime": "2024-06-14 12:31:10", "elapsed": 2.028875, "delta": 0.007979}}
{"target": -150.37875195577513, "params": {"gamma": 0.032125465394095866, "prior": 7.771476802573518, "rate": 8.964269607966013}, "datetime": {"datetime": "2024-06-14 12:31:10", "elapsed": 2.03785, "delta": 0.008975}}
{"target": -236.49643031007744, "params": {"gamma": 2.393917758667609, "prior": 1.2955951246613744, "rate": 2.2036195939494823}, "datetime": {"datetime": "2024-06-14 12:31:10", "elapsed": 2.046827, "delta": 0.008977}}
{"target": -259.86041455813967, "params": {"gamma": 3.021665216169693, "prior": 8.841982234781959, "rate": 5.432121135950708}, "datetime": {"datetime": "2024-06-14 12:31:10", "elapsed": 2.055802, "delta": 0.008975}}
{"target": -267.6748602806473, "params": {"gamma": 2.8678297844146994, "prior": 1.4697114289501707, "rate": 2.902154486582312}, "datetime": {"datetime": "2024-06-14 12:31:10", "elapsed": 2.064781, "delta": 0.008979}}
{"target": -486.29414093284174, "params": {"gamma": 6.139097026322785, "prior": 3.3089714459847217, "rate": 4.574144456728294}, "datetime": {"datetime": "2024-06-14 12:31:10", "elapsed": 2.07376, "delta": 0.008979}}
{"target": -344.45461166549796, "params": {"gamma": 4.441726953059129, "prior": 8.29854007124197, "rate": 4.264055194208071}, "datetime": {"datetime": "2024-06-14 12:31:10", "elapsed": 2.082736, "delta": 0.008976}}
{"target": -278.2409964242945, "params": {"gamma": 3.4576425129338477, "prior": 6.782218887610141, "rate": 2.215599075279554}, "datetime": {"datetime": "2024-06-14 12:31:10", "elapsed": 2.092709, "delta": 0.009973}}
{"target": -390.30174219688325, "params": {"gamma": 4.672990993441612, "prior": 3.216180304507763, "rate": 6.268929166026184}, "datetime": {"datetime": "2024-06-14 12:31:10", "elapsed": 2.10069, "delta": 0.007981}}
{"target": -689.6908011692883, "params": {"gamma": 8.773727386473432, "prior": 4.532121101441722, "rate": 7.84478973050044}, "datetime": {"datetime": "2024-06-14 12:31:10", "elapsed": 2.109673, "delta": 0.008983}}
{"target": -338.6697445040796, "params": {"gamma": 4.570200039914943, "prior": 6.596670383999601, "rate": 1.3192779092999938}, "datetime": {"datetime": "2024-06-14 12:31:10", "elapsed": 2.118644, "delta": 0.008971}}
{"target": -342.24833250937417, "params": {"gamma": 4.3303820881695145, "prior": 9.102188687683872, "rate": 6.055184531308316}, "datetime": {"datetime": "2024-06-14 12:31:10", "elapsed": 2.127622, "delta": 0.008978}}
{"target": -584.9558638223165, "params": {"gamma": 7.6679790977837845, "prior": 5.096536020149354, "rate": 4.981058192655247}, "datetime": {"datetime": "2024-06-14 12:31:10", "elapsed": 2.136598, "delta": 0.008976}}
{"target": -720.5540889726167, "params": {"gamma": 8.429155502088307, "prior": 0.7712886499754421, "rate": 5.733149443225297}, "datetime": {"datetime": "2024-06-14 12:31:10", "elapsed": 2.145577, "delta": 0.008979}}
{"target": -666.7846448550474, "params": {"gamma": 9.42768299175406, "prior": 5.226814476905987, "rate": 1.945463629469317}, "datetime": {"datetime": "2024-06-14 12:31:10", "elapsed": 2.154587, "delta": 0.00901}}
{"target": -685.7326752828361, "params": {"gamma": 8.479545985042318, "prior": 2.5912275093229433, "rate": 7.007559638788898}, "datetime": {"datetime": "2024-06-14 12:31:10", "elapsed": 2.163565, "delta": 0.008978}}
{"target": -413.38073451454346, "params": {"gamma": 5.403069143028603, "prior": 9.493479253974174, "rate": 6.2437426873243576}, "datetime": {"datetime": "2024-06-14 12:31:10", "elapsed": 2.172574, "delta": 0.009009}}
{"target": -774.9383911656961, "params": {"gamma": 8.379941642515245, "prior": 0.17853547432577865, "rate": 9.893411221610213}, "datetime": {"datetime": "2024-06-14 12:31:10", "elapsed": 2.181521, "delta": 0.008947}}
{"target": -162.22009276931848, "params": {"gamma": 0.7780679887535326, "prior": 3.2890821847862193, "rate": 9.461577802172197}, "datetime": {"datetime": "2024-06-14 12:31:10", "elapsed": 2.190499, "delta": 0.008978}}
{"target": -150.44898310389695, "params": {"gamma": 0.09038208461007943, "prior": 8.24502705367716, "rate": 8.612255172029577}, "datetime": {"datetime": "2024-06-14 12:31:10", "elapsed": 2.199484, "delta": 0.008985}}
{"target": -381.3286760792875, "params": {"gamma": 4.398868311271517, "prior": 2.631877418678719, "rate": 8.027092506813352}, "datetime": {"datetime": "2024-06-14 12:31:10", "elapsed": 2.208484, "delta": 0.009}}
{"target": -426.71514678322933, "params": {"gamma": 4.77914218231778, "prior": 1.429952225691392, "rate": 9.278562079257282}, "datetime": {"datetime": "2024-06-14 12:31:10", "elapsed": 2.219434, "delta": 0.01095}}
{"target": -703.5651251592541, "params": {"gamma": 8.959803700099478, "prior": 4.966296985167659, "rate": 8.567168262681404}, "datetime": {"datetime": "2024-06-14 12:31:10", "elapsed": 2.233375, "delta": 0.013941}}
{"target": -330.34824516998646, "params": {"gamma": 4.1863616796152225, "prior": 6.866302511646381, "rate": 3.9805084034398166}, "datetime": {"datetime": "2024-06-14 12:31:10", "elapsed": 2.24235, "delta": 0.008975}}
{"target": -441.45708379271946, "params": {"gamma": 5.057914432490653, "prior": 1.9765618580558806, "rate": 9.649924252185027}, "datetime": {"datetime": "2024-06-14 12:31:10", "elapsed": 2.251326, "delta": 0.008976}}
{"target": -265.51864244561835, "params": {"gamma": 2.9428626667543027, "prior": 1.1242496055523734, "rate": 1.4440096868902519}, "datetime": {"datetime": "2024-06-14 12:31:10", "elapsed": 2.260302, "delta": 0.008976}}
{"target": -150.72346761773963, "params": {"gamma": 0.14190884963023712, "prior": 7.187862424677705, "rate": 5.645418704088501}, "datetime": {"datetime": "2024-06-14 12:31:10", "elapsed": 2.269279, "delta": 0.008977}}
{"target": -623.1112844847771, "params": {"gamma": 7.945988933496338, "prior": 5.12009124051295, "rate": 7.918418574002035}, "datetime": {"datetime": "2024-06-14 12:31:10", "elapsed": 2.278254, "delta": 0.008975}}
{"target": -512.4877500521945, "params": {"gamma": 6.957946378504123, "prior": 7.800699920905836, "rate": 4.065422206901887}, "datetime": {"datetime": "2024-06-14 12:31:10", "elapsed": 2.28723, "delta": 0.008976}}
{"target": -517.8929366727618, "params": {"gamma": 6.478058561241625, "prior": 1.8799635471604466, "rate": 3.2188778139156518}, "datetime": {"datetime": "2024-06-14 12:31:10", "elapsed": 2.296207, "delta": 0.008977}}
{"target": -192.70711972016045, "params": {"gamma": 1.7268735965778053, "prior": 4.145508527631297, "rate": 2.4149460609080227}, "datetime": {"datetime": "2024-06-14 12:31:10", "elapsed": 2.305182, "delta": 0.008975}}
{"target": -314.3186314955324, "params": {"gamma": 4.069813019299451, "prior": 9.75470119012939, "rate": 3.2038729388944907}, "datetime": {"datetime": "2024-06-14 12:31:10", "elapsed": 2.314159, "delta": 0.008977}}
{"target": -716.2585216877998, "params": {"gamma": 9.824926958803978, "prior": 6.399430645974237, "rate": 3.7515350929207165}, "datetime": {"datetime": "2024-06-14 12:31:10", "elapsed": 2.323134, "delta": 0.008975}}
{"target": -612.8984426908337, "params": {"gamma": 8.574987506336882, "prior": 6.2339087197488805, "rate": 2.521078768228263}, "datetime": {"datetime": "2024-06-14 12:31:10", "elapsed": 2.331113, "delta": 0.007979}}
{"target": -596.6951893721871, "params": {"gamma": 7.9287639240909, "prior": 4.386091236468214, "rate": 3.5757541621370836}, "datetime": {"datetime": "2024-06-14 12:31:10", "elapsed": 2.340089, "delta": 0.008976}}
{"target": -270.9229685757174, "params": {"gamma": 3.3034390883142843, "prior": 7.003951868570081, "rate": 2.6872325889383593}, "datetime": {"datetime": "2024-06-14 12:31:10", "elapsed": 2.349065, "delta": 0.008976}}
{"target": -639.3078482938689, "params": {"gamma": 8.082971859040095, "prior": 3.0233590645584933, "rate": 5.441669714469987}, "datetime": {"datetime": "2024-06-14 12:31:10", "elapsed": 2.358041, "delta": 0.008976}}
{"target": -389.0119011603215, "params": {"gamma": 4.879726996560219, "prior": 8.56802848469416, "rate": 8.883975957519464}, "datetime": {"datetime": "2024-06-14 12:31:10", "elapsed": 2.367017, "delta": 0.008976}}
{"target": -204.9487863192948, "params": {"gamma": 1.8446600392352996, "prior": 5.894949743488685, "rate": 8.982152255125355}, "datetime": {"datetime": "2024-06-14 12:31:10", "elapsed": 2.375993, "delta": 0.008976}}
{"target": -336.9875979161735, "params": {"gamma": 4.461726073125263, "prior": 9.226496224289772, "rate": 2.790629913679252}, "datetime": {"datetime": "2024-06-14 12:31:10", "elapsed": 2.384998, "delta": 0.009005}}
{"target": -441.46850599071166, "params": {"gamma": 6.0887029107637645, "prior": 6.856291726691472, "rate": 2.2828291277714907}, "datetime": {"datetime": "2024-06-14 12:31:10", "elapsed": 2.393945, "delta": 0.008947}}
{"target": -150.36084735820907, "params": {"gamma": 0.13866135806461027, "prior": 4.225567227469891, "rate": 9.384880436675484}, "datetime": {"datetime": "2024-06-14 12:31:10", "elapsed": 2.402921, "delta": 0.008976}}
{"target": -274.0232606799791, "params": {"gamma": 3.430938070194235, "prior": 7.819468525277739, "rate": 1.7481883919612469}, "datetime": {"datetime": "2024-06-14 12:31:10", "elapsed": 2.411721, "delta": 0.0088}}
{"target": -319.5677312169915, "params": {"gamma": 3.420186410188222, "prior": 1.531517436297158, "rate": 7.167991370649615}, "datetime": {"datetime": "2024-06-14 12:31:10", "elapsed": 2.420697, "delta": 0.008976}}
{"target": -503.39554791115336, "params": {"gamma": 6.993376929344446, "prior": 6.916123447694296, "rate": 2.5347069488285103}, "datetime": {"datetime": "2024-06-14 12:31:10", "elapsed": 2.430672, "delta": 0.009975}}
{"target": -552.7304605921986, "params": {"gamma": 6.923908856112466, "prior": 2.350245655067901, "rate": 4.247066510197466}, "datetime": {"datetime": "2024-06-14 12:31:10", "elapsed": 2.439647, "delta": 0.008975}}
{"target": -288.62651928800716, "params": {"gamma": 3.7198492945552046, "prior": 3.61754832503921, "rate": 0.5774904176053226}, "datetime": {"datetime": "2024-06-14 12:31:10", "elapsed": 2.448622, "delta": 0.008975}}
{"target": -484.3166580589059, "params": {"gamma": 6.316834622032531, "prior": 7.102434366548825, "rate": 6.136273356333854}, "datetime": {"datetime": "2024-06-14 12:31:10", "elapsed": 2.457598, "delta": 0.008976}}
{"target": -495.1334156915102, "params": {"gamma": 6.483479248875083, "prior": 1.7824130707508519, "rate": 1.495318542589686}, "datetime": {"datetime": "2024-06-14 12:31:10", "elapsed": 2.466574, "delta": 0.008976}}
{"target": -373.42178323208515, "params": {"gamma": 5.142236260215303, "prior": 8.765793990909938, "rate": 1.8403504620306732}, "datetime": {"datetime": "2024-06-14 12:31:10", "elapsed": 2.47555, "delta": 0.008976}}
{"target": -374.15163634184154, "params": {"gamma": 4.628928347963892, "prior": 4.3464301068960385, "rate": 4.973394570009244}, "datetime": {"datetime": "2024-06-14 12:31:10", "elapsed": 2.483529, "delta": 0.007979}}
{"target": -189.1155122817906, "params": {"gamma": 1.6159461940896331, "prior": 3.4901623472346244, "rate": 2.6195421606310987}, "datetime": {"datetime": "2024-06-14 12:31:10", "elapsed": 2.493502, "delta": 0.009973}}
{"target": -615.5909660204106, "params": {"gamma": 8.44542490535156, "prior": 8.023289233186377, "rate": 4.266964943523168}, "datetime": {"datetime": "2024-06-14 12:31:10", "elapsed": 2.502478, "delta": 0.008976}}
{"target": -507.98043746188335, "params": {"gamma": 6.070547592429601, "prior": 1.5401095416355777, "rate": 5.096623328881369}, "datetime": {"datetime": "2024-06-14 12:31:10", "elapsed": 2.510962, "delta": 0.008484}}
{"target": -259.88245729135707, "params": {"gamma": 2.9701739107832585, "prior": 8.61054444033509, "rate": 6.716312210682993}, "datetime": {"datetime": "2024-06-14 12:31:11", "elapsed": 2.519938, "delta": 0.008976}}
{"target": -530.0754804297753, "params": {"gamma": 6.335106652211588, "prior": 1.3350378706848745, "rate": 4.706408207109359}, "datetime": {"datetime": "2024-06-14 12:31:11", "elapsed": 2.528914, "delta": 0.008976}}
{"target": -726.5712130428693, "params": {"gamma": 9.865741223089229, "prior": 9.488161823319384, "rate": 6.451211316964176}, "datetime": {"datetime": "2024-06-14 12:31:11", "elapsed": 2.53789, "delta": 0.008976}}
{"target": -185.7431696122014, "params": {"gamma": 1.5180969854487043, "prior": 6.427355802327059, "rate": 5.657055463326731}, "datetime": {"datetime": "2024-06-14 12:31:11", "elapsed": 2.546866, "delta": 0.008976}}
{"target": -382.775922652366, "params": {"gamma": 4.6871897107748595, "prior": 4.337570947735874, "rate": 5.993098286824644}, "datetime": {"datetime": "2024-06-14 12:31:11", "elapsed": 2.555842, "delta": 0.008976}}
{"target": -635.0392603205274, "params": {"gamma": 8.499848915271139, "prior": 7.53609829968218, "rate": 5.794026042432034}, "datetime": {"datetime": "2024-06-14 12:31:11", "elapsed": 2.564818, "delta": 0.008976}}
{"target": -809.176509416421, "params": {"gamma": 9.247117111178744, "prior": 0.7409258360713337, "rate": 9.913473740809359}, "datetime": {"datetime": "2024-06-14 12:31:11", "elapsed": 2.573794, "delta": 0.008976}}
{"target": -155.20392096361172, "params": {"gamma": 0.5308924321372274, "prior": 2.0750059067717572, "rate": 4.228103863783965}, "datetime": {"datetime": "2024-06-14 12:31:11", "elapsed": 2.58277, "delta": 0.008976}}
{"target": -170.25742285333246, "params": {"gamma": 1.0759812529754917, "prior": 6.274337068877248, "rate": 0.4808776479246243}, "datetime": {"datetime": "2024-06-14 12:31:11", "elapsed": 2.591746, "delta": 0.008976}}
{"target": -289.51707768772593, "params": {"gamma": 2.8469541861884147, "prior": 0.7042631430847438, "rate": 7.035489791719707}, "datetime": {"datetime": "2024-06-14 12:31:11", "elapsed": 2.600723, "delta": 0.008977}}
{"target": -491.87156345533435, "params": {"gamma": 6.684893219727232, "prior": 3.847947873180962, "rate": 1.8827544060381822}, "datetime": {"datetime": "2024-06-14 12:31:11", "elapsed": 2.610209, "delta": 0.009486}}
{"target": -602.1957436565698, "params": {"gamma": 7.4703012854704225, "prior": 3.469754978578126, "rate": 7.953216372889023}, "datetime": {"datetime": "2024-06-14 12:31:11", "elapsed": 2.619179, "delta": 0.00897}}
{"target": -353.1056856050306, "params": {"gamma": 4.879521490857024, "prior": 5.304127499074696, "rate": 0.28588000406618064}, "datetime": {"datetime": "2024-06-14 12:31:11", "elapsed": 2.628189, "delta": 0.00901}}
{"target": -483.8443736828107, "params": {"gamma": 6.442675966770439, "prior": 3.5714993740784573, "rate": 2.292821067893365}, "datetime": {"datetime": "2024-06-14 12:31:11", "elapsed": 2.637131, "delta": 0.008942}}
{"target": -355.6092349074812, "params": {"gamma": 4.339399878740795, "prior": 3.8864278269820844, "rate": 4.698420611823517}, "datetime": {"datetime": "2024-06-14 12:31:11", "elapsed": 2.646108, "delta": 0.008977}}
{"target": -775.5930722960477, "params": {"gamma": 9.794854058443883, "prior": 3.7073428966454816, "rate": 7.744326923227059}, "datetime": {"datetime": "2024-06-14 12:31:11", "elapsed": 2.655083, "delta": 0.008975}}
{"target": -409.41738798214385, "params": {"gamma": 5.528123197902375, "prior": 8.90239778216408, "rate": 3.55017355864457}, "datetime": {"datetime": "2024-06-14 12:31:11", "elapsed": 2.66406, "delta": 0.008977}}
{"target": -226.06773878793484, "params": {"gamma": 2.455941283184888, "prior": 9.119090472603986, "rate": 0.43629910331389593}, "datetime": {"datetime": "2024-06-14 12:31:11", "elapsed": 2.672038, "delta": 0.007978}}
{"target": -700.5333828610173, "params": {"gamma": 9.507583527181962, "prior": 5.60842846514216, "rate": 3.764255803654188}, "datetime": {"datetime": "2024-06-14 12:31:11", "elapsed": 2.681014, "delta": 0.008976}}
{"target": -845.8546068552539, "params": {"gamma": 9.950528171068772, "prior": 0.6777901968615533, "rate": 5.167546891316355}, "datetime": {"datetime": "2024-06-14 12:31:11", "elapsed": 2.68999, "delta": 0.008976}}
