{"target": -267.69788575073676, "params": {"gamma": 3.957087074403221, "prior": 7.740012975913038, "rate": 2.512780630310517}, "datetime": {"datetime": "2024-06-14 08:53:15", "elapsed": 5.46196, "delta": 0.009858}}
{"target": -610.2285150574725, "params": {"gamma": 6.557951918265758, "prior": 9.60793176737818, "rate": 0.03654404988379601}, "datetime": {"datetime": "2024-06-14 08:53:15", "elapsed": 5.470936, "delta": 0.008976}}
{"target": -241.5472206985808, "params": {"gamma": 7.233887082898668, "prior": 1.1790508359034728, "rate": 5.438331129146589}, "datetime": {"datetime": "2024-06-14 08:53:15", "elapsed": 5.479913, "delta": 0.008977}}
{"target": -217.35411583049037, "params": {"gamma": 6.269533250786666, "prior": 2.5051765451309316, "rate": 9.138524908590835}, "datetime": {"datetime": "2024-06-14 08:53:15", "elapsed": 5.48889, "delta": 0.008977}}
{"target": -216.62456853524986, "params": {"gamma": 6.223502974387487, "prior": 2.393777444809113, "rate": 7.701551743810476}, "datetime": {"datetime": "2024-06-14 08:53:15", "elapsed": 5.498862, "delta": 0.009972}}
{"target": -160.97578929618015, "params": {"gamma": 1.0559652928933503, "prior": 5.596730653460311, "rate": 0.9504657419551125}, "datetime": {"datetime": "2024-06-14 08:53:15", "elapsed": 5.507838, "delta": 0.008976}}
{"target": -210.2196359396108, "params": {"gamma": 5.810259742677521, "prior": 2.604503115929865, "rate": 6.495018612739509}, "datetime": {"datetime": "2024-06-14 08:53:15", "elapsed": 5.516814, "delta": 0.008976}}
{"target": -283.4998915485555, "params": {"gamma": 7.158553701628942, "prior": 5.289437584229746, "rate": 6.575556555623399}, "datetime": {"datetime": "2024-06-14 08:53:15", "elapsed": 5.526817, "delta": 0.010003}}
{"target": -381.7995882090798, "params": {"gamma": 8.133125159405232, "prior": 8.094371489266019, "rate": 6.197200238546574}, "datetime": {"datetime": "2024-06-14 08:53:15", "elapsed": 5.535764, "delta": 0.008947}}
{"target": -183.54802263044093, "params": {"gamma": 4.511573518745629, "prior": 4.1387048915689375, "rate": 8.74760145142373}, "datetime": {"datetime": "2024-06-14 08:53:15", "elapsed": 5.544739, "delta": 0.008975}}
{"target": -236.25068302807014, "params": {"gamma": 7.029614389411599, "prior": 1.9308567214966765, "rate": 5.657755734146004}, "datetime": {"datetime": "2024-06-14 08:53:15", "elapsed": 5.553715, "delta": 0.008976}}
{"target": -290.39538090109045, "params": {"gamma": 9.08817151496827, "prior": 1.5918309232578849, "rate": 8.455331237631533}, "datetime": {"datetime": "2024-06-14 08:53:15", "elapsed": 5.562691, "delta": 0.008976}}
{"target": -653.1938941257282, "params": {"gamma": 8.202204460687183, "prior": 5.043476902848561, "rate": 0.37680093100554635}, "datetime": {"datetime": "2024-06-14 08:53:15", "elapsed": 5.571667, "delta": 0.008976}}
{"target": -201.19766932741098, "params": {"gamma": 1.4758775514639575, "prior": 9.234123077417845, "rate": 0.4425038055225927}, "datetime": {"datetime": "2024-06-14 08:53:15", "elapsed": 5.58164, "delta": 0.009973}}
{"target": -256.8517955029958, "params": {"gamma": 3.7256151652871896, "prior": 6.228492383782162, "rate": 1.9702834411012529}, "datetime": {"datetime": "2024-06-14 08:53:15", "elapsed": 5.590617, "delta": 0.008977}}
{"target": -302.68101913299984, "params": {"gamma": 9.810816492645733, "prior": 1.6441548071298822, "rate": 5.3972522724175835}, "datetime": {"datetime": "2024-06-14 08:53:15", "elapsed": 5.599628, "delta": 0.009011}}
{"target": -226.15552033603362, "params": {"gamma": 6.180495232142101, "prior": 2.3868004918300687, "rate": 4.663623583104205}, "datetime": {"datetime": "2024-06-14 08:53:15", "elapsed": 5.608604, "delta": 0.008976}}
{"target": -242.3024723112544, "params": {"gamma": 4.91059428280016, "prior": 7.691937525632765, "rate": 6.343173246985961}, "datetime": {"datetime": "2024-06-14 08:53:15", "elapsed": 5.61858, "delta": 0.009976}}
{"target": -248.56392650700417, "params": {"gamma": 4.676032980600331, "prior": 6.702731177620354, "rate": 4.534320887795462}, "datetime": {"datetime": "2024-06-14 08:53:15", "elapsed": 5.627566, "delta": 0.008986}}
{"target": -355.46753544328993, "params": {"gamma": 5.257590201822755, "prior": 6.619823611427782, "rate": 1.8127726241566626}, "datetime": {"datetime": "2024-06-14 08:53:15", "elapsed": 5.636535, "delta": 0.008969}}
{"target": -281.8384834518769, "params": {"gamma": 7.8807074621719, "prior": 6.068366841630134, "rate": 9.80334851848814}, "datetime": {"datetime": "2024-06-14 08:53:15", "elapsed": 5.645477, "delta": 0.008942}}
{"target": -135.54499047835674, "params": {"gamma": 2.2246095521182263, "prior": 4.716038094249078, "rate": 8.956522384191866}, "datetime": {"datetime": "2024-06-14 08:53:15", "elapsed": 5.655453, "delta": 0.009976}}
{"target": -325.2899091934012, "params": {"gamma": 6.014732663578183, "prior": 7.286992573903269, "rate": 4.137287971849402}, "datetime": {"datetime": "2024-06-14 08:53:15", "elapsed": 5.664434, "delta": 0.008981}}
{"target": -479.9222651344829, "params": {"gamma": 6.843411908691368, "prior": 9.465944795490875, "rate": 2.0026604713274816}, "datetime": {"datetime": "2024-06-14 08:53:15", "elapsed": 5.67441, "delta": 0.009976}}
{"target": -705.0394936219132, "params": {"gamma": 8.073845273509328, "prior": 9.698426319788975, "rate": 0.146672748901554}, "datetime": {"datetime": "2024-06-14 08:53:15", "elapsed": 5.683388, "delta": 0.008978}}
{"target": -129.8260496162668, "params": {"gamma": 2.152880656357681, "prior": 1.2620315110999845, "rate": 7.674467753896792}, "datetime": {"datetime": "2024-06-14 08:53:15", "elapsed": 5.692366, "delta": 0.008978}}
{"target": -141.02581587309334, "params": {"gamma": 0.8130846428413901, "prior": 9.984294230049985, "rate": 3.8967305467771722}, "datetime": {"datetime": "2024-06-14 08:53:15", "elapsed": 5.701344, "delta": 0.008978}}
{"target": -292.2770576985187, "params": {"gamma": 9.05212245656447, "prior": 1.9669182746447318, "rate": 4.409281126023087}, "datetime": {"datetime": "2024-06-14 08:53:15", "elapsed": 5.710936, "delta": 0.009592}}
{"target": -394.1913330519885, "params": {"gamma": 8.448273378243028, "prior": 5.993170828665236, "rate": 4.6221188088168805}, "datetime": {"datetime": "2024-06-14 08:53:15", "elapsed": 5.719912, "delta": 0.008976}}
{"target": -257.15101916673, "params": {"gamma": 5.12698481782442, "prior": 5.781466716234239, "rate": 4.403751756648346}, "datetime": {"datetime": "2024-06-14 08:53:15", "elapsed": 5.729887, "delta": 0.009975}}
{"target": -136.3199408949845, "params": {"gamma": 1.936396018280381, "prior": 1.2282610384459451, "rate": 1.5131280457741099}, "datetime": {"datetime": "2024-06-14 08:53:15", "elapsed": 5.738861, "delta": 0.008974}}
{"target": -125.94360547748919, "params": {"gamma": 0.5258571475674859, "prior": 5.630896469529952, "rate": 8.47736241934607}, "datetime": {"datetime": "2024-06-14 08:53:15", "elapsed": 5.748835, "delta": 0.009974}}
{"target": -158.01987475644898, "params": {"gamma": 3.5918342699021832, "prior": 0.8455776390945964, "rate": 4.257818395439178}, "datetime": {"datetime": "2024-06-14 08:53:15", "elapsed": 5.757811, "delta": 0.008976}}
{"target": -223.68666798961755, "params": {"gamma": 6.020476376881542, "prior": 4.311494309198812, "rate": 8.107401614840093}, "datetime": {"datetime": "2024-06-14 08:53:15", "elapsed": 5.766787, "delta": 0.008976}}
{"target": -427.57338930405456, "params": {"gamma": 9.418920575620866, "prior": 8.71211665535671, "rate": 7.040290983300606}, "datetime": {"datetime": "2024-06-14 08:53:15", "elapsed": 5.77676, "delta": 0.009973}}
{"target": -437.41384993243827, "params": {"gamma": 4.7035189488969715, "prior": 6.858710624742188, "rate": 0.13516968725473882}, "datetime": {"datetime": "2024-06-14 08:53:15", "elapsed": 5.785736, "delta": 0.008976}}
{"target": -308.39004198556245, "params": {"gamma": 9.824798706901937, "prior": 1.8035655851060701, "rate": 9.062697699220857}, "datetime": {"datetime": "2024-06-14 08:53:15", "elapsed": 5.794712, "delta": 0.008976}}
{"target": -505.5954296299725, "params": {"gamma": 8.071291906759395, "prior": 8.02138287543118, "rate": 2.690091641792864}, "datetime": {"datetime": "2024-06-14 08:53:16", "elapsed": 5.803688, "delta": 0.008976}}
{"target": -134.60623820665427, "params": {"gamma": 2.1923189037668234, "prior": 4.345126859849478, "rate": 8.493861636205818}, "datetime": {"datetime": "2024-06-14 08:53:16", "elapsed": 5.812664, "delta": 0.008976}}
{"target": -286.7223821819063, "params": {"gamma": 4.5043460450747315, "prior": 9.360659128669912, "rate": 3.5274405931901285}, "datetime": {"datetime": "2024-06-14 08:53:16", "elapsed": 5.82164, "delta": 0.008976}}
{"target": -317.279815869937, "params": {"gamma": 6.194302264801901, "prior": 9.808920459922224, "rate": 6.434981759885809}, "datetime": {"datetime": "2024-06-14 08:53:16", "elapsed": 5.831613, "delta": 0.009973}}
{"target": -134.29962708784905, "params": {"gamma": 0.45593666218999723, "prior": 4.6892152004219465, "rate": 3.348178685792924}, "datetime": {"datetime": "2024-06-14 08:53:16", "elapsed": 5.841213, "delta": 0.0096}}
{"target": -321.46538091865534, "params": {"gamma": 5.322283303668225, "prior": 2.9189874652700007, "rate": 1.223490041069798}, "datetime": {"datetime": "2024-06-14 08:53:16", "elapsed": 5.85019, "delta": 0.008977}}
{"target": -266.8799254390427, "params": {"gamma": 6.683221598519268, "prior": 6.845461573423933, "rate": 8.671525860690885}, "datetime": {"datetime": "2024-06-14 08:53:16", "elapsed": 5.859165, "delta": 0.008975}}
{"target": -128.93187718071295, "params": {"gamma": 1.3246825541338114, "prior": 8.006341051952507, "rate": 8.267860615312884}, "datetime": {"datetime": "2024-06-14 08:53:16", "elapsed": 5.869139, "delta": 0.009974}}
{"target": -262.726262227271, "params": {"gamma": 6.465852807575769, "prior": 2.128729243228275, "rate": 2.6149457233439732}, "datetime": {"datetime": "2024-06-14 08:53:16", "elapsed": 5.878115, "delta": 0.008976}}
{"target": -212.0383662902167, "params": {"gamma": 4.185549678574218, "prior": 5.46381082054904, "rate": 4.774902117966579}, "datetime": {"datetime": "2024-06-14 08:53:16", "elapsed": 5.887091, "delta": 0.008976}}
{"target": -218.12077781373873, "params": {"gamma": 4.67513146056165, "prior": 8.414423030956907, "rate": 8.70115355071037}, "datetime": {"datetime": "2024-06-14 08:53:16", "elapsed": 5.896066, "delta": 0.008975}}
{"target": -409.38581310840567, "params": {"gamma": 8.16772288980329, "prior": 8.790234044483526, "rate": 5.710516610608794}, "datetime": {"datetime": "2024-06-14 08:53:16", "elapsed": 5.905042, "delta": 0.008976}}
{"target": -400.24628235497295, "params": {"gamma": 9.64039729725748, "prior": 6.104789047679629, "rate": 6.039873463055735}, "datetime": {"datetime": "2024-06-14 08:53:16", "elapsed": 5.915016, "delta": 0.009974}}
{"target": -290.42819377435796, "params": {"gamma": 3.193658073009114, "prior": 6.843921422758488, "rate": 0.5206049193651046}, "datetime": {"datetime": "2024-06-14 08:53:16", "elapsed": 5.923993, "delta": 0.008977}}
{"target": -117.83248556710534, "params": {"gamma": 1.3463296636984106, "prior": 1.3893974589703744, "rate": 6.5523576709601326}, "datetime": {"datetime": "2024-06-14 08:53:16", "elapsed": 5.932968, "delta": 0.008975}}
{"target": -193.1273561220784, "params": {"gamma": 1.7541505851216117, "prior": 3.4773535501903177, "rate": 0.44407224667521283}, "datetime": {"datetime": "2024-06-14 08:53:16", "elapsed": 5.941945, "delta": 0.008977}}
{"target": -170.03873684196495, "params": {"gamma": 2.33810986680499, "prior": 9.645820816008012, "rate": 5.091884885761161}, "datetime": {"datetime": "2024-06-14 08:53:16", "elapsed": 5.951917, "delta": 0.009972}}
{"target": -124.31252890700183, "params": {"gamma": 1.5115941101958479, "prior": 5.277784464171196, "rate": 9.435150329726897}, "datetime": {"datetime": "2024-06-14 08:53:16", "elapsed": 5.960893, "delta": 0.008976}}
{"target": -416.4156543858161, "params": {"gamma": 8.656994454049334, "prior": 3.98145210241083, "rate": 2.8393912922180533}, "datetime": {"datetime": "2024-06-14 08:53:16", "elapsed": 5.970866, "delta": 0.009973}}
{"target": -320.3228598806297, "params": {"gamma": 7.617536897064726, "prior": 2.4807948155505692, "rate": 2.5430693142188665}, "datetime": {"datetime": "2024-06-14 08:53:16", "elapsed": 5.979843, "delta": 0.008977}}
{"target": -136.3827568918535, "params": {"gamma": 0.841779455445115, "prior": 8.655026538163867, "rate": 4.4795412572871784}, "datetime": {"datetime": "2024-06-14 08:53:16", "elapsed": 5.988819, "delta": 0.008976}}
{"target": -246.1863564523643, "params": {"gamma": 5.618300819839127, "prior": 7.393438481165847, "rate": 7.965092182444826}, "datetime": {"datetime": "2024-06-14 08:53:16", "elapsed": 5.997795, "delta": 0.008976}}
{"target": -176.81646431810339, "params": {"gamma": 4.475633881764149, "prior": 1.9228628061404038, "rate": 8.287499782431489}, "datetime": {"datetime": "2024-06-14 08:53:16", "elapsed": 6.007768, "delta": 0.009973}}
{"target": -138.75897596465515, "params": {"gamma": 0.3109486003227299, "prior": 9.47260986911873, "rate": 5.770201486928539}, "datetime": {"datetime": "2024-06-14 08:53:16", "elapsed": 6.016744, "delta": 0.008976}}
{"target": -515.1815913676188, "params": {"gamma": 8.754011995768419, "prior": 6.124797826038231, "rate": 2.5173441819390847}, "datetime": {"datetime": "2024-06-14 08:53:16", "elapsed": 6.02572, "delta": 0.008976}}
{"target": -151.6589800002912, "params": {"gamma": 2.962003105035548, "prior": 5.375933334413366, "rate": 9.620820050258088}, "datetime": {"datetime": "2024-06-14 08:53:16", "elapsed": 6.034728, "delta": 0.009008}}
{"target": -147.91654933111636, "params": {"gamma": 1.8457715492972864, "prior": 5.147993943616779, "rate": 3.4385372462650072}, "datetime": {"datetime": "2024-06-14 08:53:16", "elapsed": 6.04467, "delta": 0.009942}}
{"target": -418.6296568557522, "params": {"gamma": 7.697483724226901, "prior": 8.048378215680998, "rate": 4.246174543111865}, "datetime": {"datetime": "2024-06-14 08:53:16", "elapsed": 6.053676, "delta": 0.009006}}
{"target": -129.51861837034187, "params": {"gamma": 2.042020877443364, "prior": 0.7641856572556677, "rate": 1.9872839959411943}, "datetime": {"datetime": "2024-06-14 08:53:16", "elapsed": 6.062621, "delta": 0.008945}}
{"target": -150.4473960152458, "params": {"gamma": 2.7247361004436925, "prior": 6.028010287301183, "rate": 8.730961889247082}, "datetime": {"datetime": "2024-06-14 08:53:16", "elapsed": 6.071597, "delta": 0.008976}}
{"target": -134.9110934372476, "params": {"gamma": 1.2831811575160175, "prior": 9.58606854297747, "rate": 6.832025267697611}, "datetime": {"datetime": "2024-06-14 08:53:16", "elapsed": 6.081573, "delta": 0.009976}}
{"target": -435.3832247638175, "params": {"gamma": 7.419900392548125, "prior": 9.830519780617808, "rate": 4.161591625408803}, "datetime": {"datetime": "2024-06-14 08:53:16", "elapsed": 6.090552, "delta": 0.008979}}
{"target": -265.907820539823, "params": {"gamma": 5.316303075493122, "prior": 6.824208206937614, "rate": 5.129238550757324}, "datetime": {"datetime": "2024-06-14 08:53:16", "elapsed": 6.099529, "delta": 0.008977}}
{"target": -147.85878105451187, "params": {"gamma": 2.991824334263695, "prior": 1.143308260027389, "rate": 2.8500365250757254}, "datetime": {"datetime": "2024-06-14 08:53:16", "elapsed": 6.108584, "delta": 0.009055}}
{"target": -300.353331679051, "params": {"gamma": 7.688759630029292, "prior": 6.443748774073277, "rate": 8.013505701328722}, "datetime": {"datetime": "2024-06-14 08:53:16", "elapsed": 6.118554, "delta": 0.00997}}
{"target": -194.67937646481695, "params": {"gamma": 5.171688199172296, "prior": 2.3977902162787172, "rate": 6.279991307892046}, "datetime": {"datetime": "2024-06-14 08:53:16", "elapsed": 6.127536, "delta": 0.008982}}
{"target": -152.4340155939291, "params": {"gamma": 3.040750894733009, "prior": 0.39233457492600754, "rate": 9.03340843699194}, "datetime": {"datetime": "2024-06-14 08:53:16", "elapsed": 6.136508, "delta": 0.008972}}
{"target": -181.66788347856863, "params": {"gamma": 4.2042753184590484, "prior": 4.318694726204651, "rate": 7.412776101583259}, "datetime": {"datetime": "2024-06-14 08:53:16", "elapsed": 6.145159, "delta": 0.008651}}
{"target": -306.2295063959075, "params": {"gamma": 9.484635584653631, "prior": 0.8179037276500872, "rate": 1.7278381802346168}, "datetime": {"datetime": "2024-06-14 08:53:16", "elapsed": 6.155132, "delta": 0.009973}}
{"target": -156.06490031758665, "params": {"gamma": 3.224252533837974, "prior": 2.5594000386689704, "rate": 4.9554543186305695}, "datetime": {"datetime": "2024-06-14 08:53:16", "elapsed": 6.164137, "delta": 0.009005}}
{"target": -401.7081723051513, "params": {"gamma": 8.244771648366036, "prior": 8.55432690792754, "rate": 5.958703590644958}, "datetime": {"datetime": "2024-06-14 08:53:16", "elapsed": 6.173085, "delta": 0.008948}}
{"target": -134.40064307134287, "params": {"gamma": 2.4024971645768356, "prior": 1.9462776138995845, "rate": 7.434161733507989}, "datetime": {"datetime": "2024-06-14 08:53:16", "elapsed": 6.18206, "delta": 0.008975}}
{"target": -143.50735946063335, "params": {"gamma": 2.372903362377833, "prior": 5.440959820172842, "rate": 7.493058590484791}, "datetime": {"datetime": "2024-06-14 08:53:16", "elapsed": 6.191036, "delta": 0.008976}}
{"target": -200.7009348899508, "params": {"gamma": 2.283262797049244, "prior": 1.8275617569701659, "rate": 0.39831713007193664}, "datetime": {"datetime": "2024-06-14 08:53:16", "elapsed": 6.200629, "delta": 0.009593}}
{"target": -182.27428518231775, "params": {"gamma": 1.4765408081617755, "prior": 8.52924517877521, "rate": 1.0472544815378406}, "datetime": {"datetime": "2024-06-14 08:53:16", "elapsed": 6.209605, "delta": 0.008976}}
{"target": -133.48015295370493, "params": {"gamma": 2.2372268102276505, "prior": 0.4242962774851736, "rate": 6.763889997877335}, "datetime": {"datetime": "2024-06-14 08:53:16", "elapsed": 6.218581, "delta": 0.008976}}
{"target": -186.52769370706199, "params": {"gamma": 2.317799711505731, "prior": 4.194558006237466, "rate": 1.393872412065944}, "datetime": {"datetime": "2024-06-14 08:53:16", "elapsed": 6.228555, "delta": 0.009974}}
{"target": -186.79152816863356, "params": {"gamma": 3.772795658827454, "prior": 4.301930915772191, "rate": 4.730176553648271}, "datetime": {"datetime": "2024-06-14 08:53:16", "elapsed": 6.237531, "delta": 0.008976}}
{"target": -173.36998664301373, "params": {"gamma": 4.228995288573093, "prior": 1.1172899823542268, "rate": 7.72603008604881}, "datetime": {"datetime": "2024-06-14 08:53:16", "elapsed": 6.247109, "delta": 0.009578}}
{"target": -138.80415084719505, "params": {"gamma": 1.3729228288956241, "prior": 4.300494505825538, "rate": 2.7202891684153423}, "datetime": {"datetime": "2024-06-14 08:53:16", "elapsed": 6.256078, "delta": 0.008969}}
{"target": -178.47201409740273, "params": {"gamma": 3.0107784228559833, "prior": 6.756965648605682, "rate": 5.178349451410332}, "datetime": {"datetime": "2024-06-14 08:53:16", "elapsed": 6.265054, "delta": 0.008976}}
{"target": -147.52514779309115, "params": {"gamma": 1.9016804177489257, "prior": 4.744430954350433, "rate": 3.396069147094239}, "datetime": {"datetime": "2024-06-14 08:53:16", "elapsed": 6.275027, "delta": 0.009973}}
{"target": -235.58198197049467, "params": {"gamma": 7.045267485283013, "prior": 2.338342504082235, "rate": 8.450036385446094}, "datetime": {"datetime": "2024-06-14 08:53:16", "elapsed": 6.284003, "delta": 0.008976}}
{"target": -301.3384036811494, "params": {"gamma": 5.262770419251413, "prior": 5.056133771938582, "rate": 2.537604383069914}, "datetime": {"datetime": "2024-06-14 08:53:16", "elapsed": 6.292979, "delta": 0.008976}}
{"target": -128.26039653839393, "params": {"gamma": 1.8623705416969032, "prior": 4.771008721102208, "rate": 9.818262353834747}, "datetime": {"datetime": "2024-06-14 08:53:16", "elapsed": 6.301955, "delta": 0.008976}}
{"target": -119.21472136682436, "params": {"gamma": 1.3299294703806088, "prior": 2.9062780810377657, "rate": 8.006611101660276}, "datetime": {"datetime": "2024-06-14 08:53:16", "elapsed": 6.311928, "delta": 0.009973}}
{"target": -278.70153827405665, "params": {"gamma": 6.648104208209039, "prior": 2.859708246065027, "rate": 3.1471614201443434}, "datetime": {"datetime": "2024-06-14 08:53:16", "elapsed": 6.320907, "delta": 0.008979}}
{"target": -195.91764489415996, "params": {"gamma": 4.200062595764889, "prior": 6.067588946198732, "rate": 7.193668333443535}, "datetime": {"datetime": "2024-06-14 08:53:16", "elapsed": 6.329882, "delta": 0.008975}}
{"target": -531.2517079909077, "params": {"gamma": 8.573146034178855, "prior": 6.843003557538256, "rate": 2.370583662652512}, "datetime": {"datetime": "2024-06-14 08:53:16", "elapsed": 6.338858, "delta": 0.008976}}
{"target": -551.8504875548433, "params": {"gamma": 9.257279632827263, "prior": 7.833834466690084, "rate": 3.0745074227980154}, "datetime": {"datetime": "2024-06-14 08:53:16", "elapsed": 6.348154, "delta": 0.009296}}
{"target": -258.0512149066316, "params": {"gamma": 3.0503514507789897, "prior": 8.823566352446155, "rate": 1.2616587254915876}, "datetime": {"datetime": "2024-06-14 08:53:16", "elapsed": 6.357131, "delta": 0.008977}}
{"target": -220.07260625604337, "params": {"gamma": 6.334974881523022, "prior": 2.8493560514869, "rate": 8.272176051067923}, "datetime": {"datetime": "2024-06-14 08:53:16", "elapsed": 6.366832, "delta": 0.009701}}
{"target": -263.55813397442165, "params": {"gamma": 3.645869952111327, "prior": 7.360324335241457, "rate": 1.9249864862469743}, "datetime": {"datetime": "2024-06-14 08:53:16", "elapsed": 6.375808, "delta": 0.008976}}
{"target": -280.93348838597745, "params": {"gamma": 4.814977529509854, "prior": 8.05558680166717, "rate": 3.9704851285120673}, "datetime": {"datetime": "2024-06-14 08:53:16", "elapsed": 6.385781, "delta": 0.009973}}
