{"target": -313.67080459477774, "params": {"gamma": 3.6322627869363457, "lr": 0.9677274091080609}, "datetime": {"datetime": "2024-06-13 19:33:57", "elapsed": 7.509133, "delta": 0.004986}}
{"target": -559.3443339986546, "params": {"gamma": 6.955420242475687, "lr": 0.36973977954151527}, "datetime": {"datetime": "2024-06-13 19:33:57", "elapsed": 7.513122, "delta": 0.003989}}
{"target": -669.1230599278549, "params": {"gamma": 6.716589859874733, "lr": 0.26510969397346273}, "datetime": {"datetime": "2024-06-13 19:33:57", "elapsed": 7.518108, "delta": 0.004986}}
{"target": -101.01466704986197, "params": {"gamma": 0.7756981624656162, "lr": 0.5280671392556082}, "datetime": {"datetime": "2024-06-13 19:33:57", "elapsed": 7.523096, "delta": 0.004988}}
{"target": -228.61263505164982, "params": {"gamma": 2.8984014893930756, "lr": 0.48165189565416366}, "datetime": {"datetime": "2024-06-13 19:33:57", "elapsed": 7.527085, "delta": 0.003989}}
{"target": -746.6026425049, "params": {"gamma": 9.020043950898684, "lr": 0.6517403667487239}, "datetime": {"datetime": "2024-06-13 19:33:57", "elapsed": 7.532072, "delta": 0.004987}}
{"target": -1413.036576617472, "params": {"gamma": 7.233468037123845, "lr": 0.1025865252271354}, "datetime": {"datetime": "2024-06-13 19:33:57", "elapsed": 7.537059, "delta": 0.004987}}
{"target": -370.943144114622, "params": {"gamma": 4.7971011998412845, "lr": 0.40434189038945745}, "datetime": {"datetime": "2024-06-13 19:33:57", "elapsed": 7.541048, "delta": 0.003989}}
{"target": -584.7196155312557, "params": {"gamma": 6.468925570274098, "lr": 0.287735134554958}, "datetime": {"datetime": "2024-06-13 19:33:57", "elapsed": 7.546034, "delta": 0.004986}}
{"target": -330.34999006938045, "params": {"gamma": 3.8312640574634482, "lr": 0.981016791950987}, "datetime": {"datetime": "2024-06-13 19:33:57", "elapsed": 7.550024, "delta": 0.00399}}
{"target": -183.3019855407136, "params": {"gamma": 1.1489908672848812, "lr": 0.19990786306137587}, "datetime": {"datetime": "2024-06-13 19:33:57", "elapsed": 7.55501, "delta": 0.004986}}
{"target": -202.6386423335885, "params": {"gamma": 2.3912225972933583, "lr": 0.6966542004402304}, "datetime": {"datetime": "2024-06-13 19:33:57", "elapsed": 7.559997, "delta": 0.004987}}
{"target": -589.5226289286888, "params": {"gamma": 7.1371672251136955, "lr": 0.7847549365756692}, "datetime": {"datetime": "2024-06-13 19:33:57", "elapsed": 7.563986, "delta": 0.003989}}
{"target": -310.9804090514637, "params": {"gamma": 3.8110627039036813, "lr": 0.8524032876575542}, "datetime": {"datetime": "2024-06-13 19:33:57", "elapsed": 7.568973, "delta": 0.004987}}
{"target": -567.0349930618023, "params": {"gamma": 6.973768049350303, "lr": 0.7132598975767365}, "datetime": {"datetime": "2024-06-13 19:33:57", "elapsed": 7.572962, "delta": 0.003989}}
{"target": -681.0219746946257, "params": {"gamma": 8.220064454506392, "lr": 0.6289244383408126}, "datetime": {"datetime": "2024-06-13 19:33:57", "elapsed": 7.577949, "delta": 0.004987}}
{"target": -829.7404603022935, "params": {"gamma": 4.2228540008601385, "lr": 0.030798811164673312}, "datetime": {"datetime": "2024-06-13 19:33:57", "elapsed": 7.582936, "delta": 0.004987}}
{"target": -462.6051644480818, "params": {"gamma": 5.9549611772267355, "lr": 0.5637635695018256}, "datetime": {"datetime": "2024-06-13 19:33:57", "elapsed": 7.587923, "delta": 0.004987}}
{"target": -544.9719666011873, "params": {"gamma": 6.008479407469643, "lr": 0.3228534686765717}, "datetime": {"datetime": "2024-06-13 19:33:57", "elapsed": 7.591912, "delta": 0.003989}}
{"target": -740.4321369288781, "params": {"gamma": 5.549264886470077, "lr": 0.17165630428408674}, "datetime": {"datetime": "2024-06-13 19:33:57", "elapsed": 7.596898, "delta": 0.004986}}
{"target": -1270.5820523809589, "params": {"gamma": 6.49894440266871, "lr": 0.07167347369091615}, "datetime": {"datetime": "2024-06-13 19:33:57", "elapsed": 7.601885, "delta": 0.004987}}
{"target": -1433.336427937271, "params": {"gamma": 8.750896260863644, "lr": 0.21613795014659942}, "datetime": {"datetime": "2024-06-13 19:33:57", "elapsed": 7.605875, "delta": 0.00399}}
{"target": -250.15208087896275, "params": {"gamma": 2.9391518612119483, "lr": 0.8847369186394346}, "datetime": {"datetime": "2024-06-13 19:33:57", "elapsed": 7.610861, "delta": 0.004986}}
{"target": -714.116096304094, "params": {"gamma": 8.836037308166828, "lr": 0.8362672161514131}, "datetime": {"datetime": "2024-06-13 19:33:57", "elapsed": 7.615848, "delta": 0.004987}}
{"target": -276.90273925988305, "params": {"gamma": 3.2700292334455643, "lr": 0.9023446392045666}, "datetime": {"datetime": "2024-06-13 19:33:57", "elapsed": 7.619837, "delta": 0.003989}}
{"target": -639.8907349159713, "params": {"gamma": 7.718251155453087, "lr": 0.6580829809857549}, "datetime": {"datetime": "2024-06-13 19:33:57", "elapsed": 7.624824, "delta": 0.004987}}
{"target": -742.0438644385239, "params": {"gamma": 8.99813093515086, "lr": 0.7831314722628366}, "datetime": {"datetime": "2024-06-13 19:33:57", "elapsed": 7.62981, "delta": 0.004986}}
{"target": -393.5630080697551, "params": {"gamma": 4.2480703423217, "lr": 0.32425522412708885}, "datetime": {"datetime": "2024-06-13 19:33:57", "elapsed": 7.6338, "delta": 0.00399}}
{"target": -775.0092799856224, "params": {"gamma": 3.9393874995637357, "lr": 0.06141215405816436}, "datetime": {"datetime": "2024-06-13 19:33:57", "elapsed": 7.638786, "delta": 0.004986}}
{"target": -303.8551957427206, "params": {"gamma": 3.634945499368943, "lr": 0.3530436858449395}, "datetime": {"datetime": "2024-06-13 19:33:57", "elapsed": 7.642776, "delta": 0.00399}}
{"target": -721.9790804919998, "params": {"gamma": 8.656379251086715, "lr": 0.8887000495302622}, "datetime": {"datetime": "2024-06-13 19:33:57", "elapsed": 7.647762, "delta": 0.004986}}
{"target": -858.024510819514, "params": {"gamma": 9.630557816537218, "lr": 0.32819924761463426}, "datetime": {"datetime": "2024-06-13 19:33:57", "elapsed": 7.652749, "delta": 0.004987}}
{"target": -575.5865486128092, "params": {"gamma": 6.933508237753853, "lr": 0.6330662678957141}, "datetime": {"datetime": "2024-06-13 19:33:57", "elapsed": 7.656738, "delta": 0.003989}}
{"target": -209.24496203614987, "params": {"gamma": 2.425195012153892, "lr": 0.8699876263426785}, "datetime": {"datetime": "2024-06-13 19:33:57", "elapsed": 7.661726, "delta": 0.004988}}
{"target": -188.239403507512, "params": {"gamma": 2.1418050557805293, "lr": 0.7477140026507801}, "datetime": {"datetime": "2024-06-13 19:33:57", "elapsed": 7.695285, "delta": 0.033559}}
{"target": -303.18017127496114, "params": {"gamma": 1.4474946912067754, "lr": 0.10681965623961165}, "datetime": {"datetime": "2024-06-13 19:33:57", "elapsed": 7.700271, "delta": 0.004986}}
{"target": -557.3136909323731, "params": {"gamma": 7.20350177902532, "lr": 0.5263181160447106}, "datetime": {"datetime": "2024-06-13 19:33:57", "elapsed": 7.705258, "delta": 0.004987}}
{"target": -368.19627215771936, "params": {"gamma": 4.429715397531216, "lr": 0.7781805677545706}, "datetime": {"datetime": "2024-06-13 19:33:57", "elapsed": 7.709247, "delta": 0.003989}}
{"target": -293.3263748195021, "params": {"gamma": 3.588074784629776, "lr": 0.8533495985139066}, "datetime": {"datetime": "2024-06-13 19:33:57", "elapsed": 7.714234, "delta": 0.004987}}
{"target": -821.3347051618447, "params": {"gamma": 9.62176279907113, "lr": 0.97912549357449}, "datetime": {"datetime": "2024-06-13 19:33:57", "elapsed": 7.718223, "delta": 0.003989}}
{"target": -226.52868562945378, "params": {"gamma": 2.777002394800293, "lr": 0.4150070363847951}, "datetime": {"datetime": "2024-06-13 19:33:57", "elapsed": 7.72321, "delta": 0.004987}}
{"target": -605.3305882956164, "params": {"gamma": 7.250373833289235, "lr": 0.8948659340129544}, "datetime": {"datetime": "2024-06-13 19:33:57", "elapsed": 7.728196, "delta": 0.004986}}
{"target": -587.5754673176504, "params": {"gamma": 7.113399789936541, "lr": 0.7581322827790503}, "datetime": {"datetime": "2024-06-13 19:33:57", "elapsed": 7.732186, "delta": 0.00399}}
{"target": -704.815123582931, "params": {"gamma": 8.83415311602575, "lr": 0.3669482381501168}, "datetime": {"datetime": "2024-06-13 19:33:57", "elapsed": 7.737173, "delta": 0.004987}}
{"target": -422.5432148420601, "params": {"gamma": 5.425906871529926, "lr": 0.5347699755827457}, "datetime": {"datetime": "2024-06-13 19:33:57", "elapsed": 7.74216, "delta": 0.004987}}
{"target": -541.1332399249455, "params": {"gamma": 6.4761782194627475, "lr": 0.8951838797241277}, "datetime": {"datetime": "2024-06-13 19:33:57", "elapsed": 7.746149, "delta": 0.003989}}
{"target": -514.4078780199886, "params": {"gamma": 6.00867393378521, "lr": 0.9699385377160038}, "datetime": {"datetime": "2024-06-13 19:33:57", "elapsed": 7.751135, "delta": 0.004986}}
{"target": -554.6871115077348, "params": {"gamma": 7.3216234120977175, "lr": 0.41529149155458245}, "datetime": {"datetime": "2024-06-13 19:33:57", "elapsed": 7.755125, "delta": 0.00399}}
{"target": -497.70714754375615, "params": {"gamma": 5.81180346318073, "lr": 0.9223207824170438}, "datetime": {"datetime": "2024-06-13 19:33:57", "elapsed": 7.760111, "delta": 0.004986}}
{"target": -503.64813764027855, "params": {"gamma": 6.185385338885807, "lr": 0.709928603418362}, "datetime": {"datetime": "2024-06-13 19:33:57", "elapsed": 7.765098, "delta": 0.004987}}
{"target": -532.8734968117963, "params": {"gamma": 6.613259028912707, "lr": 0.33614643889956264}, "datetime": {"datetime": "2024-06-13 19:33:57", "elapsed": 7.769087, "delta": 0.003989}}
{"target": -176.09572206627254, "params": {"gamma": 2.0341452163718596, "lr": 0.4078129626004203}, "datetime": {"datetime": "2024-06-13 19:33:57", "elapsed": 7.774074, "delta": 0.004987}}
{"target": -136.904591665372, "params": {"gamma": 1.5085472915112057, "lr": 0.8263335477210154}, "datetime": {"datetime": "2024-06-13 19:33:57", "elapsed": 7.779062, "delta": 0.004988}}
{"target": -538.8821405556706, "params": {"gamma": 7.104895674394641, "lr": 0.4010561894105159}, "datetime": {"datetime": "2024-06-13 19:33:57", "elapsed": 7.784047, "delta": 0.004985}}
{"target": -154.55416118690056, "params": {"gamma": 1.7146555781871196, "lr": 0.8757993398860495}, "datetime": {"datetime": "2024-06-13 19:33:57", "elapsed": 7.788037, "delta": 0.00399}}
{"target": -546.854751124164, "params": {"gamma": 6.3909999964742354, "lr": 0.9966028199815464}, "datetime": {"datetime": "2024-06-13 19:33:57", "elapsed": 7.793023, "delta": 0.004986}}
{"target": -191.0193117771328, "params": {"gamma": 1.0118777980878546, "lr": 0.24484835913226244}, "datetime": {"datetime": "2024-06-13 19:33:57", "elapsed": 7.79801, "delta": 0.004987}}
{"target": -98.76461981439516, "params": {"gamma": 0.8374656866964549, "lr": 0.7447417757596947}, "datetime": {"datetime": "2024-06-13 19:33:57", "elapsed": 7.801999, "delta": 0.003989}}
{"target": -145.87142361089076, "params": {"gamma": 1.5965935192609664, "lr": 0.8816595339350156}, "datetime": {"datetime": "2024-06-13 19:33:57", "elapsed": 7.806986, "delta": 0.004987}}
{"target": -383.9522388138755, "params": {"gamma": 4.915303785862436, "lr": 0.526169262668513}, "datetime": {"datetime": "2024-06-13 19:33:57", "elapsed": 7.811973, "delta": 0.004987}}
{"target": -95.45369638568194, "params": {"gamma": 0.42616036762125126, "lr": 0.614053635731627}, "datetime": {"datetime": "2024-06-13 19:33:57", "elapsed": 7.816959, "delta": 0.004986}}
{"target": -383.7839161194988, "params": {"gamma": 2.2769202761615777, "lr": 0.2135040893470156}, "datetime": {"datetime": "2024-06-13 19:33:57", "elapsed": 7.820949, "delta": 0.00399}}
{"target": -746.6171409269922, "params": {"gamma": 8.953290370672992, "lr": 0.8880133489969917}, "datetime": {"datetime": "2024-06-13 19:33:57", "elapsed": 7.825935, "delta": 0.004986}}
{"target": -134.74836088808016, "params": {"gamma": 0.05364657807886874, "lr": 0.832303959586102}, "datetime": {"datetime": "2024-06-13 19:33:57", "elapsed": 7.830922, "delta": 0.004987}}
{"target": -695.5080885568027, "params": {"gamma": 9.02308610135554, "lr": 0.5119476580924737}, "datetime": {"datetime": "2024-06-13 19:33:57", "elapsed": 7.834911, "delta": 0.003989}}
{"target": -542.4182885203455, "params": {"gamma": 6.56208200669582, "lr": 0.7677856839334473}, "datetime": {"datetime": "2024-06-13 19:33:57", "elapsed": 7.839898, "delta": 0.004987}}
{"target": -517.1761970426505, "params": {"gamma": 6.854714307550932, "lr": 0.45911641964267924}, "datetime": {"datetime": "2024-06-13 19:33:57", "elapsed": 7.844885, "delta": 0.004987}}
{"target": -454.38341775470013, "params": {"gamma": 5.7349488675951, "lr": 0.5740594317304389}, "datetime": {"datetime": "2024-06-13 19:33:57", "elapsed": 7.848874, "delta": 0.003989}}
{"target": -1353.684740666805, "params": {"gamma": 8.421463069722522, "lr": 0.24044170761914385}, "datetime": {"datetime": "2024-06-13 19:33:57", "elapsed": 7.853532, "delta": 0.004658}}
{"target": -613.1425226346812, "params": {"gamma": 7.572507436190774, "lr": 0.8123371097183338}, "datetime": {"datetime": "2024-06-13 19:33:57", "elapsed": 7.858519, "delta": 0.004987}}
{"target": -645.1635909836709, "params": {"gamma": 7.970526579088603, "lr": 0.8077078189919843}, "datetime": {"datetime": "2024-06-13 19:33:57", "elapsed": 7.863505, "delta": 0.004986}}
{"target": -625.5470219954144, "params": {"gamma": 8.292970943843157, "lr": 0.4175157513022394}, "datetime": {"datetime": "2024-06-13 19:33:57", "elapsed": 7.867494, "delta": 0.003989}}
{"target": -511.07592074752625, "params": {"gamma": 6.179249469269826, "lr": 0.7552455161468585}, "datetime": {"datetime": "2024-06-13 19:33:57", "elapsed": 7.872481, "delta": 0.004987}}
{"target": -657.8481623474102, "params": {"gamma": 7.697885927847493, "lr": 0.9586046229255358}, "datetime": {"datetime": "2024-06-13 19:33:57", "elapsed": 7.877468, "delta": 0.004987}}
{"target": -750.7963759320266, "params": {"gamma": 9.750777680644457, "lr": 0.5647345919090407}, "datetime": {"datetime": "2024-06-13 19:33:57", "elapsed": 7.881457, "delta": 0.003989}}
{"target": -378.44285805366, "params": {"gamma": 4.657924948350314, "lr": 0.8355253266864215}, "datetime": {"datetime": "2024-06-13 19:33:57", "elapsed": 7.886006, "delta": 0.004549}}
{"target": -190.09463430591782, "params": {"gamma": 2.2003892786426134, "lr": 0.7663980894608939}, "datetime": {"datetime": "2024-06-13 19:33:57", "elapsed": 7.890993, "delta": 0.004987}}
{"target": -166.73002256334664, "params": {"gamma": 1.920923979668611, "lr": 0.5916275659530674}, "datetime": {"datetime": "2024-06-13 19:33:57", "elapsed": 7.895979, "delta": 0.004986}}
{"target": -457.2986262229628, "params": {"gamma": 6.068707734799046, "lr": 0.44184380280217683}, "datetime": {"datetime": "2024-06-13 19:33:57", "elapsed": 7.900966, "delta": 0.004987}}
{"target": -666.8340109117878, "params": {"gamma": 8.645641977427168, "lr": 0.5434821861417696}, "datetime": {"datetime": "2024-06-13 19:33:57", "elapsed": 7.905981, "delta": 0.005015}}
{"target": -380.42025081786215, "params": {"gamma": 4.927804379534841, "lr": 0.4181256356700572}, "datetime": {"datetime": "2024-06-13 19:33:57", "elapsed": 7.90997, "delta": 0.003989}}
{"target": -108.17474188269141, "params": {"gamma": 0.6231896086801356, "lr": 0.3621494599268943}, "datetime": {"datetime": "2024-06-13 19:33:57", "elapsed": 7.914929, "delta": 0.004959}}
{"target": -106.545387652152, "params": {"gamma": 0.9290607665831948, "lr": 0.5656384996760548}, "datetime": {"datetime": "2024-06-13 19:33:57", "elapsed": 7.919915, "delta": 0.004986}}
{"target": -529.5870670552935, "params": {"gamma": 6.4053758139443495, "lr": 0.7677822626181597}, "datetime": {"datetime": "2024-06-13 19:33:57", "elapsed": 7.923904, "delta": 0.003989}}
{"target": -842.3839084731595, "params": {"gamma": 6.325720028185084, "lr": 0.1870607551754626}, "datetime": {"datetime": "2024-06-13 19:33:57", "elapsed": 7.928891, "delta": 0.004987}}
{"target": -580.0278703897395, "params": {"gamma": 7.502689263840385, "lr": 0.5488594004307864}, "datetime": {"datetime": "2024-06-13 19:33:57", "elapsed": 7.933878, "delta": 0.004987}}
{"target": -228.62513361368968, "params": {"gamma": 1.0226014229845646, "lr": 0.024827029187908023}, "datetime": {"datetime": "2024-06-13 19:33:57", "elapsed": 7.937867, "delta": 0.003989}}
{"target": -248.72302401595456, "params": {"gamma": 2.988163177641064, "lr": 0.6900150292649251}, "datetime": {"datetime": "2024-06-13 19:33:57", "elapsed": 7.942853, "delta": 0.004986}}
{"target": -796.364227977357, "params": {"gamma": 9.327950716090912, "lr": 0.9664972006802195}, "datetime": {"datetime": "2024-06-13 19:33:57", "elapsed": 7.94784, "delta": 0.004987}}
{"target": -686.3999000031248, "params": {"gamma": 7.645716345257133, "lr": 0.2932491857068945}, "datetime": {"datetime": "2024-06-13 19:33:57", "elapsed": 7.95183, "delta": 0.00399}}
{"target": -1001.7206497945664, "params": {"gamma": 6.2210691836043965, "lr": 0.23109612753682562}, "datetime": {"datetime": "2024-06-13 19:33:57", "elapsed": 7.956816, "delta": 0.004986}}
{"target": -1064.4963996663314, "params": {"gamma": 7.507153026145066, "lr": 0.16586702947952792}, "datetime": {"datetime": "2024-06-13 19:33:57", "elapsed": 7.961802, "delta": 0.004986}}
{"target": -631.4247128781618, "params": {"gamma": 7.564947384855503, "lr": 0.8685889989304815}, "datetime": {"datetime": "2024-06-13 19:33:57", "elapsed": 7.965792, "delta": 0.00399}}
{"target": -1017.9440184720393, "params": {"gamma": 5.195544029510985, "lr": 0.06563483825850425}, "datetime": {"datetime": "2024-06-13 19:33:57", "elapsed": 7.970779, "delta": 0.004987}}
{"target": -364.98441839188973, "params": {"gamma": 4.4894713154372115, "lr": 0.8378286113798175}, "datetime": {"datetime": "2024-06-13 19:33:57", "elapsed": 7.975766, "delta": 0.004987}}
{"target": -367.4104120675746, "params": {"gamma": 1.7983467816471097, "lr": 0.03855906126279496}, "datetime": {"datetime": "2024-06-13 19:33:57", "elapsed": 7.979755, "delta": 0.003989}}
{"target": -566.7044333571656, "params": {"gamma": 7.327203051217345, "lr": 0.5630407235733951}, "datetime": {"datetime": "2024-06-13 19:33:57", "elapsed": 7.984742, "delta": 0.004987}}
{"target": -88.93905292580034, "params": {"gamma": 0.42156420386587773, "lr": 0.9848852640583016}, "datetime": {"datetime": "2024-06-13 19:33:57", "elapsed": 7.989729, "delta": 0.004987}}
{"target": -451.19895440721893, "params": {"gamma": 5.693754542449788, "lr": 0.585156672962654}, "datetime": {"datetime": "2024-06-13 19:33:57", "elapsed": 7.994716, "delta": 0.004987}}
{"target": -659.1601672683843, "params": {"gamma": 7.899276512022575, "lr": 0.9026346706863088}, "datetime": {"datetime": "2024-06-13 19:33:57", "elapsed": 7.998704, "delta": 0.003988}}
{"target": -107.94193088008578, "params": {"gamma": 0.6084466125606112, "lr": 0.34851320938881547}, "datetime": {"datetime": "2024-06-13 19:33:57", "elapsed": 8.003692, "delta": 0.004988}}
{"target": -167.78540760626166, "params": {"gamma": 2.001718538820858, "lr": 0.4651515316549586}, "datetime": {"datetime": "2024-06-13 19:33:57", "elapsed": 8.008678, "delta": 0.004986}}
{"target": -210.89949883357707, "params": {"gamma": 0.9155879517141836, "lr": 0.06808577423972362}, "datetime": {"datetime": "2024-06-13 19:33:57", "elapsed": 8.012667, "delta": 0.003989}}
{"target": -255.8276683099149, "params": {"gamma": 3.009593441869708, "lr": 0.9043452577718513}, "datetime": {"datetime": "2024-06-13 19:33:57", "elapsed": 8.017654, "delta": 0.004987}}
{"target": -804.1304445382058, "params": {"gamma": 9.755444236897075, "lr": 0.7637200317833946}, "datetime": {"datetime": "2024-06-13 19:33:57", "elapsed": 8.022641, "delta": 0.004987}}
{"target": -146.65909246573037, "params": {"gamma": 0.008408388692528457, "lr": 0.735215554236234}, "datetime": {"datetime": "2024-06-13 19:33:57", "elapsed": 8.02663, "delta": 0.003989}}
{"target": -124.92487213772723, "params": {"gamma": 0.22090310734026275, "lr": 0.16856568225506097}, "datetime": {"datetime": "2024-06-13 19:33:57", "elapsed": 8.031616, "delta": 0.004986}}
{"target": -134.3561159403799, "params": {"gamma": 0.10612956883701744, "lr": 0.1491269987672621}, "datetime": {"datetime": "2024-06-13 19:33:57", "elapsed": 8.035606, "delta": 0.00399}}
{"target": -559.1210234109436, "params": {"gamma": 6.87536774608507, "lr": 0.7020168753413566}, "datetime": {"datetime": "2024-06-13 19:33:57", "elapsed": 8.040592, "delta": 0.004986}}
{"target": -313.67762697717495, "params": {"gamma": 3.7114029888119466, "lr": 0.7311908242003646}, "datetime": {"datetime": "2024-06-13 19:33:57", "elapsed": 8.045579, "delta": 0.004987}}
{"target": -1383.6014655184676, "params": {"gamma": 8.47319475004096, "lr": 0.13035751444155008}, "datetime": {"datetime": "2024-06-13 19:33:57", "elapsed": 8.050566, "delta": 0.004987}}
{"target": -115.87107702330137, "params": {"gamma": 0.8749857543012785, "lr": 0.37192145651390274}, "datetime": {"datetime": "2024-06-13 19:33:57", "elapsed": 8.054555, "delta": 0.003989}}
{"target": -413.0674530050066, "params": {"gamma": 4.039432491874189, "lr": 0.27640421986037034}, "datetime": {"datetime": "2024-06-13 19:33:57", "elapsed": 8.059542, "delta": 0.004987}}
{"target": -677.428578473213, "params": {"gamma": 7.5419276912585245, "lr": 0.32178620055239215}, "datetime": {"datetime": "2024-06-13 19:33:57", "elapsed": 8.064036, "delta": 0.004494}}
{"target": -683.6563946483304, "params": {"gamma": 8.001642974863078, "lr": 0.9113083542736461}, "datetime": {"datetime": "2024-06-13 19:33:57", "elapsed": 8.069023, "delta": 0.004987}}
{"target": -390.10605758617226, "params": {"gamma": 5.131976926404618, "lr": 0.42942202968065213}, "datetime": {"datetime": "2024-06-13 19:33:57", "elapsed": 8.073012, "delta": 0.003989}}
{"target": -137.09667322084846, "params": {"gamma": 0.9168564269132811, "lr": 0.27367730380496647}, "datetime": {"datetime": "2024-06-13 19:33:57", "elapsed": 8.077999, "delta": 0.004987}}
