{"target": -154.95419238353333, "params": {"gamma": 0.4919257168276211, "prior": 4.583327245754565, "rate": 1.6048400632304824}, "datetime": {"datetime": "2024-06-14 12:31:23", "elapsed": 15.357435, "delta": 0.009973}}
{"target": -540.9645815383003, "params": {"gamma": 7.3285116447675644, "prior": 3.5387914125136177, "rate": 2.0125752194218203}, "datetime": {"datetime": "2024-06-14 12:31:23", "elapsed": 15.367408, "delta": 0.009973}}
{"target": -604.459728827869, "params": {"gamma": 8.428037552609165, "prior": 8.196183684842598, "rate": 3.4371232618649366}, "datetime": {"datetime": "2024-06-14 12:31:23", "elapsed": 15.377382, "delta": 0.009974}}
{"target": -351.4529826441264, "params": {"gamma": 4.036824289622301, "prior": 0.6999381207727932, "rate": 1.789668289049935}, "datetime": {"datetime": "2024-06-14 12:31:23", "elapsed": 15.387355, "delta": 0.009973}}
{"target": -577.0293704879548, "params": {"gamma": 7.359452519624915, "prior": 5.704690450059553, "rate": 8.232546464042965}, "datetime": {"datetime": "2024-06-14 12:31:23", "elapsed": 15.398326, "delta": 0.010971}}
{"target": -387.2027913680466, "params": {"gamma": 5.011999831149711, "prior": 7.70183791518716, "rate": 5.099670086770199}, "datetime": {"datetime": "2024-06-14 12:31:23", "elapsed": 15.408299, "delta": 0.009973}}
{"target": -473.98511090164675, "params": {"gamma": 5.681122236748865, "prior": 1.9277178465421385, "rate": 5.444465844143353}, "datetime": {"datetime": "2024-06-14 12:31:23", "elapsed": 15.418705, "delta": 0.010406}}
{"target": -202.73732143671748, "params": {"gamma": 2.0111304539680037, "prior": 5.606569803760094, "rate": 1.4152709353449207}, "datetime": {"datetime": "2024-06-14 12:31:23", "elapsed": 15.429675, "delta": 0.01097}}
{"target": -197.7077748461064, "params": {"gamma": 1.860913882924621, "prior": 7.671361205911481, "rate": 0.7097917708485983}, "datetime": {"datetime": "2024-06-14 12:31:23", "elapsed": 15.439648, "delta": 0.009973}}
{"target": -286.7274645267237, "params": {"gamma": 3.693767142270499, "prior": 8.790992387293622, "rate": 1.0442696607468924}, "datetime": {"datetime": "2024-06-14 12:31:23", "elapsed": 15.45062, "delta": 0.010972}}
{"target": -339.0842598748404, "params": {"gamma": 3.592172999392244, "prior": 1.2282076392222137, "rate": 8.765531034947044}, "datetime": {"datetime": "2024-06-14 12:31:23", "elapsed": 15.460594, "delta": 0.009974}}
{"target": -178.18934171629363, "params": {"gamma": 1.2632448916905008, "prior": 2.6200995276429606, "rate": 4.219641618837235}, "datetime": {"datetime": "2024-06-14 12:31:23", "elapsed": 15.470566, "delta": 0.009972}}
{"target": -496.6220000749026, "params": {"gamma": 6.652894921984129, "prior": 3.5125825645272064, "rate": 2.135803151301911}, "datetime": {"datetime": "2024-06-14 12:31:23", "elapsed": 15.48054, "delta": 0.009974}}
{"target": -322.1654850073701, "params": {"gamma": 3.734477672558837, "prior": 5.753143799030497, "rate": 9.907522742580955}, "datetime": {"datetime": "2024-06-14 12:31:23", "elapsed": 15.491511, "delta": 0.010971}}
{"target": -293.35649729562016, "params": {"gamma": 3.2723245929378826, "prior": 3.685813030171733, "rate": 7.062646301466503}, "datetime": {"datetime": "2024-06-14 12:31:23", "elapsed": 15.501483, "delta": 0.009972}}
{"target": -281.2547489522389, "params": {"gamma": 2.9900579784113206, "prior": 3.5620371383838085, "rate": 9.947082647057805}, "datetime": {"datetime": "2024-06-14 12:31:23", "elapsed": 15.511456, "delta": 0.009973}}
{"target": -419.24017382497124, "params": {"gamma": 6.043069520448973, "prior": 8.305226870877545, "rate": 0.3176252391757072}, "datetime": {"datetime": "2024-06-14 12:31:24", "elapsed": 15.52143, "delta": 0.009974}}
{"target": -182.40905311717862, "params": {"gamma": 1.4557567070423627, "prior": 7.304510112747834, "rate": 5.397899711964559}, "datetime": {"datetime": "2024-06-14 12:31:24", "elapsed": 15.5324, "delta": 0.01097}}
{"target": -738.8236301892783, "params": {"gamma": 9.952649800093342, "prior": 5.00673362856301, "rate": 3.8416545812104723}, "datetime": {"datetime": "2024-06-14 12:31:24", "elapsed": 15.542374, "delta": 0.009974}}
{"target": -208.54874058478651, "params": {"gamma": 1.9445456383363844, "prior": 5.942647801204246, "rate": 7.666485240265026}, "datetime": {"datetime": "2024-06-14 12:31:24", "elapsed": 15.552196, "delta": 0.009822}}
{"target": -601.997994883143, "params": {"gamma": 9.244467433023058, "prior": 1.462495679977994, "rate": 0.08189114312752561}, "datetime": {"datetime": "2024-06-14 12:31:24", "elapsed": 15.563163, "delta": 0.010967}}
{"target": -410.30170669973364, "params": {"gamma": 4.780126931726139, "prior": 1.9111811039435311, "rate": 6.103775776452777}, "datetime": {"datetime": "2024-06-14 12:31:24", "elapsed": 15.573136, "delta": 0.009973}}
{"target": -496.10442081948327, "params": {"gamma": 6.203072776459787, "prior": 4.1553388322066995, "rate": 6.772375433611433}, "datetime": {"datetime": "2024-06-14 12:31:24", "elapsed": 15.584109, "delta": 0.010973}}
{"target": -204.5464574611324, "params": {"gamma": 1.997506020536704, "prior": 8.104961606799353, "rate": 0.5043465023721727}, "datetime": {"datetime": "2024-06-14 12:31:24", "elapsed": 15.59408, "delta": 0.009971}}
{"target": -194.85829709285468, "params": {"gamma": 1.7194467246754197, "prior": 9.807962958788716, "rate": 9.003871416888757}, "datetime": {"datetime": "2024-06-14 12:31:24", "elapsed": 15.604053, "delta": 0.009973}}
{"target": -677.2754040021263, "params": {"gamma": 9.397350482215943, "prior": 9.093598504119935, "rate": 4.414730582333611}, "datetime": {"datetime": "2024-06-14 12:31:24", "elapsed": 15.615027, "delta": 0.010974}}
{"target": -638.1209223242677, "params": {"gamma": 9.38810223223617, "prior": 2.450393284380015, "rate": 0.4960936050759842}, "datetime": {"datetime": "2024-06-14 12:31:24", "elapsed": 15.625026, "delta": 0.009999}}
{"target": -450.78724906070977, "params": {"gamma": 5.573083480654817, "prior": 3.2018703277326415, "rate": 5.321241086655658}, "datetime": {"datetime": "2024-06-14 12:31:24", "elapsed": 15.63497, "delta": 0.009944}}
{"target": -380.68443713244494, "params": {"gamma": 4.716614085966288, "prior": 4.883010854206279, "rate": 5.701205216020305}, "datetime": {"datetime": "2024-06-14 12:31:24", "elapsed": 15.645942, "delta": 0.010972}}
{"target": -756.331472852418, "params": {"gamma": 9.234499334273318, "prior": 2.4383056862365993, "rate": 8.76092541084365}, "datetime": {"datetime": "2024-06-14 12:31:24", "elapsed": 15.656912, "delta": 0.01097}}
{"target": -639.7177016531999, "params": {"gamma": 7.338620497153172, "prior": 0.8841865537306981, "rate": 8.35403947254459}, "datetime": {"datetime": "2024-06-14 12:31:24", "elapsed": 15.666885, "delta": 0.009973}}
{"target": -311.2885535658686, "params": {"gamma": 3.977042541433784, "prior": 3.4238072872295295, "rate": 0.004929638918432948}, "datetime": {"datetime": "2024-06-14 12:31:24", "elapsed": 15.67686, "delta": 0.009975}}
{"target": -236.10496902408408, "params": {"gamma": 2.4588060546759145, "prior": 6.91066886368868, "rate": 8.511875178501727}, "datetime": {"datetime": "2024-06-14 12:31:24", "elapsed": 15.686832, "delta": 0.009972}}
{"target": -222.965074010602, "params": {"gamma": 2.411253644225826, "prior": 3.772303728049094, "rate": 1.5050829543145978}, "datetime": {"datetime": "2024-06-14 12:31:24", "elapsed": 15.696805, "delta": 0.009973}}
{"target": -611.307584862535, "params": {"gamma": 8.035198140908488, "prior": 7.198534861704508, "rate": 7.005081395607865}, "datetime": {"datetime": "2024-06-14 12:31:24", "elapsed": 15.706778, "delta": 0.009973}}
{"target": -522.1871935258512, "params": {"gamma": 6.788866386536979, "prior": 8.931245540448607, "rate": 8.830426892992689}, "datetime": {"datetime": "2024-06-14 12:31:24", "elapsed": 15.717749, "delta": 0.010971}}
{"target": -494.17325615836506, "params": {"gamma": 6.254053116944359, "prior": 2.9589059326949623, "rate": 4.031624750430216}, "datetime": {"datetime": "2024-06-14 12:31:24", "elapsed": 15.727722, "delta": 0.009973}}
{"target": -151.8182105507206, "params": {"gamma": 0.29054354730172277, "prior": 9.173191738621183, "rate": 6.874789890986447}, "datetime": {"datetime": "2024-06-14 12:31:24", "elapsed": 15.737696, "delta": 0.009974}}
{"target": -737.496263354154, "params": {"gamma": 9.08180006447146, "prior": 3.0906626574741516, "rate": 9.448319713154849}, "datetime": {"datetime": "2024-06-14 12:31:24", "elapsed": 15.748666, "delta": 0.01097}}
{"target": -575.5386333886345, "params": {"gamma": 8.640447686233587, "prior": 8.871526314972696, "rate": 0.0024131607540603924}, "datetime": {"datetime": "2024-06-14 12:31:24", "elapsed": 15.75864, "delta": 0.009974}}
{"target": -352.42341466865645, "params": {"gamma": 3.773024949034168, "prior": 1.311020393599276, "rate": 9.328146256783993}, "datetime": {"datetime": "2024-06-14 12:31:24", "elapsed": 15.768613, "delta": 0.009973}}
{"target": -405.52649669268425, "params": {"gamma": 5.137558817898313, "prior": 4.94443049292636, "rate": 4.869724747174828}, "datetime": {"datetime": "2024-06-14 12:31:24", "elapsed": 15.779584, "delta": 0.010971}}
{"target": -460.38565860530855, "params": {"gamma": 5.703348718331128, "prior": 5.490624347569382, "rate": 9.171191497772435}, "datetime": {"datetime": "2024-06-14 12:31:24", "elapsed": 15.789557, "delta": 0.009973}}
{"target": -631.7779355985845, "params": {"gamma": 8.843961080725371, "prior": 7.858820667021336, "rate": 3.227950630409935}, "datetime": {"datetime": "2024-06-14 12:31:24", "elapsed": 15.799531, "delta": 0.009974}}
{"target": -663.3718407138896, "params": {"gamma": 7.8445897782918435, "prior": 1.537336203606739, "rate": 8.602401775503456}, "datetime": {"datetime": "2024-06-14 12:31:24", "elapsed": 15.810501, "delta": 0.01097}}
{"target": -575.5622865513341, "params": {"gamma": 7.730224416470844, "prior": 7.782074642130607, "rate": 5.287458244919481}, "datetime": {"datetime": "2024-06-14 12:31:24", "elapsed": 15.820474, "delta": 0.009973}}
{"target": -391.72683620229776, "params": {"gamma": 4.502403481540989, "prior": 2.3436517776557912, "rate": 8.086973092518448}, "datetime": {"datetime": "2024-06-14 12:31:24", "elapsed": 15.830448, "delta": 0.009974}}
{"target": -754.1898852482879, "params": {"gamma": 9.659325036522198, "prior": 5.480966524783521, "rate": 9.022172363016855}, "datetime": {"datetime": "2024-06-14 12:31:24", "elapsed": 15.841418, "delta": 0.01097}}
{"target": -248.80533703053626, "params": {"gamma": 2.824222069304223, "prior": 5.225776988360308, "rate": 3.282297731662208}, "datetime": {"datetime": "2024-06-14 12:31:24", "elapsed": 15.851392, "delta": 0.009974}}
{"target": -795.8637364543778, "params": {"gamma": 9.918019790908655, "prior": 2.5781348530454977, "rate": 6.7878761196273985}, "datetime": {"datetime": "2024-06-14 12:31:24", "elapsed": 15.862365, "delta": 0.010973}}
{"target": -690.6930478637494, "params": {"gamma": 7.642256587918056, "prior": 0.41904372335207496, "rate": 9.822730012274928}, "datetime": {"datetime": "2024-06-14 12:31:24", "elapsed": 15.872341, "delta": 0.009976}}
{"target": -164.03495338217536, "params": {"gamma": 0.914136075297375, "prior": 6.179340836196217, "rate": 1.4943587574456791}, "datetime": {"datetime": "2024-06-14 12:31:24", "elapsed": 15.882314, "delta": 0.009973}}
{"target": -463.57824195629615, "params": {"gamma": 5.208444170554118, "prior": 1.0241164266430445, "rate": 7.812223199457574}, "datetime": {"datetime": "2024-06-14 12:31:24", "elapsed": 15.892287, "delta": 0.009973}}
{"target": -515.8940275777971, "params": {"gamma": 7.729537241828221, "prior": 6.02167277279802, "rate": 0.1464186524360543}, "datetime": {"datetime": "2024-06-14 12:31:24", "elapsed": 15.903258, "delta": 0.010971}}
{"target": -153.5093675228236, "params": {"gamma": 0.42120018122586705, "prior": 1.891609508368085, "rate": 9.720334679149751}, "datetime": {"datetime": "2024-06-14 12:31:24", "elapsed": 15.913232, "delta": 0.009974}}
{"target": -229.46816004313615, "params": {"gamma": 2.5467472891170426, "prior": 7.534987376045962, "rate": 2.8130708604490677}, "datetime": {"datetime": "2024-06-14 12:31:24", "elapsed": 15.923205, "delta": 0.009973}}
{"target": -240.47087704528204, "params": {"gamma": 2.555930656746099, "prior": 2.6528509861883998, "rate": 2.971232902105741}, "datetime": {"datetime": "2024-06-14 12:31:24", "elapsed": 15.933724, "delta": 0.010519}}
{"target": -150.62309634558454, "params": {"gamma": 0.0904371047664351, "prior": 9.873044202472457, "rate": 5.6650398975873095}, "datetime": {"datetime": "2024-06-14 12:31:24", "elapsed": 15.943697, "delta": 0.009973}}
{"target": -417.3039248642497, "params": {"gamma": 6.018822270456636, "prior": 5.428774701508513, "rate": 0.4393316428380598}, "datetime": {"datetime": "2024-06-14 12:31:24", "elapsed": 15.95367, "delta": 0.009973}}
{"target": -382.0292566069873, "params": {"gamma": 4.715733368498675, "prior": 5.44279736196503, "rate": 6.729884951727836}, "datetime": {"datetime": "2024-06-14 12:31:24", "elapsed": 15.964619, "delta": 0.010949}}
{"target": -479.3372246504333, "params": {"gamma": 5.342145859164941, "prior": 0.6452158589676233, "rate": 6.20136980037383}, "datetime": {"datetime": "2024-06-14 12:31:24", "elapsed": 15.974807, "delta": 0.010188}}
{"target": -465.75003241290324, "params": {"gamma": 5.812170852564193, "prior": 5.501403625658926, "rate": 8.432969520852312}, "datetime": {"datetime": "2024-06-14 12:31:24", "elapsed": 15.985316, "delta": 0.010509}}
{"target": -333.18936655988705, "params": {"gamma": 4.4744202102791135, "prior": 6.075297918451513, "rate": 1.2370052511020126}, "datetime": {"datetime": "2024-06-14 12:31:24", "elapsed": 15.996286, "delta": 0.01097}}
{"target": -231.93597966734697, "params": {"gamma": 2.524540150676985, "prior": 8.518507824967577, "rate": 0.16322740050218212}, "datetime": {"datetime": "2024-06-14 12:31:24", "elapsed": 16.006259, "delta": 0.009973}}
{"target": -184.51218390078668, "params": {"gamma": 1.563353530050915, "prior": 8.251511250120657, "rate": 2.2941474771120194}, "datetime": {"datetime": "2024-06-14 12:31:24", "elapsed": 16.016232, "delta": 0.009973}}
{"target": -245.33933160481868, "params": {"gamma": 2.5926903584258394, "prior": 7.0378270060594685, "rate": 9.665286266010238}, "datetime": {"datetime": "2024-06-14 12:31:24", "elapsed": 16.027203, "delta": 0.010971}}
{"target": -201.50976084921987, "params": {"gamma": 1.9835999198248373, "prior": 7.500223150149078, "rate": 1.4059219435725394}, "datetime": {"datetime": "2024-06-14 12:31:24", "elapsed": 16.037176, "delta": 0.009973}}
{"target": -337.5669288747347, "params": {"gamma": 3.8255932152218004, "prior": 3.3005635888934934, "rate": 8.837971404321385}, "datetime": {"datetime": "2024-06-14 12:31:24", "elapsed": 16.048147, "delta": 0.010971}}
{"target": -447.494385709477, "params": {"gamma": 6.554158581010341, "prior": 3.4023960640121804, "rate": 0.2170579835200867}, "datetime": {"datetime": "2024-06-14 12:31:24", "elapsed": 16.05812, "delta": 0.009973}}
{"target": -298.24325834846155, "params": {"gamma": 3.690717582622661, "prior": 9.724588651254853, "rate": 5.291461768734136}, "datetime": {"datetime": "2024-06-14 12:31:24", "elapsed": 16.068673, "delta": 0.010553}}
{"target": -578.0237849850012, "params": {"gamma": 7.42170608723287, "prior": 3.5193494852507885, "rate": 4.606438063386967}, "datetime": {"datetime": "2024-06-14 12:31:24", "elapsed": 16.077651, "delta": 0.008978}}
{"target": -208.99623891743178, "params": {"gamma": 2.1171453464815797, "prior": 8.385901328359125, "rate": 3.5987287851418053}, "datetime": {"datetime": "2024-06-14 12:31:24", "elapsed": 16.087624, "delta": 0.009973}}
{"target": -153.63548527571965, "params": {"gamma": 0.37184424137389627, "prior": 6.920992980908198, "rate": 1.5587330522055973}, "datetime": {"datetime": "2024-06-14 12:31:24", "elapsed": 16.099592, "delta": 0.011968}}
{"target": -719.9598886635428, "params": {"gamma": 7.98771294193551, "prior": 0.2510982809907867, "rate": 5.856645849985007}, "datetime": {"datetime": "2024-06-14 12:31:24", "elapsed": 16.109566, "delta": 0.009974}}
{"target": -358.186743904983, "params": {"gamma": 4.955667253979119, "prior": 9.974871164209066, "rate": 1.344572993526239}, "datetime": {"datetime": "2024-06-14 12:31:24", "elapsed": 16.120536, "delta": 0.01097}}
{"target": -532.9898878826546, "params": {"gamma": 6.725864268561899, "prior": 1.0399602054672268, "rate": 1.6185223747759032}, "datetime": {"datetime": "2024-06-14 12:31:24", "elapsed": 16.130539, "delta": 0.010003}}
{"target": -687.4750169358953, "params": {"gamma": 9.883324584988317, "prior": 8.085984167867757, "rate": 2.447158246382357}, "datetime": {"datetime": "2024-06-14 12:31:24", "elapsed": 16.140483, "delta": 0.009944}}
{"target": -739.4950750987513, "params": {"gamma": 8.46315815656222, "prior": 0.45244256444577213, "rate": 5.356534904767137}, "datetime": {"datetime": "2024-06-14 12:31:24", "elapsed": 16.150456, "delta": 0.009973}}
{"target": -163.72996547623904, "params": {"gamma": 0.9156560813263981, "prior": 9.711966099756669, "rate": 5.8314262663101335}, "datetime": {"datetime": "2024-06-14 12:31:24", "elapsed": 16.160429, "delta": 0.009973}}
{"target": -462.6252507182288, "params": {"gamma": 5.557857005100962, "prior": 3.2479334229382575, "rate": 8.499195516950698}, "datetime": {"datetime": "2024-06-14 12:31:24", "elapsed": 16.170403, "delta": 0.009974}}
{"target": -468.43533938084795, "params": {"gamma": 5.302014980143714, "prior": 0.26927241910209526, "rate": 1.849764010582726}, "datetime": {"datetime": "2024-06-14 12:31:24", "elapsed": 16.181373, "delta": 0.01097}}
{"target": -377.43760755542866, "params": {"gamma": 4.335249630012873, "prior": 0.8917664699406374, "rate": 2.807294876301211}, "datetime": {"datetime": "2024-06-14 12:31:24", "elapsed": 16.191347, "delta": 0.009974}}
{"target": -280.00147459709103, "params": {"gamma": 2.50470246829456, "prior": 0.10602555886107112, "rate": 6.929160306974375}, "datetime": {"datetime": "2024-06-14 12:31:24", "elapsed": 16.201321, "delta": 0.009974}}
{"target": -592.3249621034132, "params": {"gamma": 7.739122475175086, "prior": 8.221458050411275, "rate": 8.516444514251624}, "datetime": {"datetime": "2024-06-14 12:31:24", "elapsed": 16.211293, "delta": 0.009972}}
{"target": -184.850587357736, "params": {"gamma": 1.516097284927453, "prior": 8.911362720684613, "rate": 6.582470685255508}, "datetime": {"datetime": "2024-06-14 12:31:24", "elapsed": 16.222264, "delta": 0.010971}}
{"target": -552.4575647533475, "params": {"gamma": 6.961640494479081, "prior": 5.684309475667977, "rate": 9.396880301472725}, "datetime": {"datetime": "2024-06-14 12:31:24", "elapsed": 16.232238, "delta": 0.009974}}
{"target": -231.9609714790579, "params": {"gamma": 2.5192185879677065, "prior": 7.8901544088551026, "rate": 4.953089405221723}, "datetime": {"datetime": "2024-06-14 12:31:24", "elapsed": 16.243208, "delta": 0.01097}}
{"target": -582.4392610355885, "params": {"gamma": 8.909111167255265, "prior": 2.834367028962495, "rate": 0.15345384499933612}, "datetime": {"datetime": "2024-06-14 12:31:24", "elapsed": 16.253182, "delta": 0.009974}}
{"target": -157.36328770451215, "params": {"gamma": 0.6498451553396644, "prior": 9.006387353591512, "rate": 6.411861082231753}, "datetime": {"datetime": "2024-06-14 12:31:24", "elapsed": 16.263155, "delta": 0.009973}}
{"target": -562.8043632436904, "params": {"gamma": 7.302956948346961, "prior": 5.093180874926231, "rate": 5.5761884295247635}, "datetime": {"datetime": "2024-06-14 12:31:24", "elapsed": 16.273128, "delta": 0.009973}}
{"target": -304.5555361218047, "params": {"gamma": 3.6395809320717802, "prior": 7.848092917900229, "rate": 7.568895646824035}, "datetime": {"datetime": "2024-06-14 12:31:24", "elapsed": 16.285097, "delta": 0.011969}}
{"target": -530.0018255875921, "params": {"gamma": 7.000361363341032, "prior": 9.622734907924354, "rate": 7.688614872456184}, "datetime": {"datetime": "2024-06-14 12:31:24", "elapsed": 16.29507, "delta": 0.009973}}
{"target": -741.2772699606944, "params": {"gamma": 9.779247988847397, "prior": 5.943736851967249, "rate": 6.192971647774601}, "datetime": {"datetime": "2024-06-14 12:31:24", "elapsed": 16.305043, "delta": 0.009973}}
{"target": -439.8900065669565, "params": {"gamma": 6.390893117652819, "prior": 3.331076730816897, "rate": 0.33125715159731645}, "datetime": {"datetime": "2024-06-14 12:31:24", "elapsed": 16.316013, "delta": 0.01097}}
{"target": -529.3438626717762, "params": {"gamma": 7.881975609758543, "prior": 7.130859720793782, "rate": 0.7912378849771072}, "datetime": {"datetime": "2024-06-14 12:31:24", "elapsed": 16.325987, "delta": 0.009974}}
{"target": -183.85724084873772, "params": {"gamma": 1.486669782533265, "prior": 6.894768417542823, "rate": 5.350838735760061}, "datetime": {"datetime": "2024-06-14 12:31:24", "elapsed": 16.33596, "delta": 0.009973}}
{"target": -225.39034458028897, "params": {"gamma": 1.9129532131472144, "prior": 0.6539381737611052, "rate": 6.114511590773306}, "datetime": {"datetime": "2024-06-14 12:31:24", "elapsed": 16.346931, "delta": 0.010971}}
{"target": -155.4023299564026, "params": {"gamma": 0.5370626571610718, "prior": 2.2143955883275006, "rate": 5.027124040449976}, "datetime": {"datetime": "2024-06-14 12:31:24", "elapsed": 16.357901, "delta": 0.01097}}
{"target": -167.11522938138836, "params": {"gamma": 0.941217065094407, "prior": 4.1481704960787145, "rate": 0.2021378650325921}, "datetime": {"datetime": "2024-06-14 12:31:24", "elapsed": 16.374205, "delta": 0.016304}}
{"target": -172.23878251610526, "params": {"gamma": 1.1955179943126049, "prior": 9.40661888678996, "rate": 5.589052028891483}, "datetime": {"datetime": "2024-06-14 12:31:24", "elapsed": 16.384178, "delta": 0.009973}}
{"target": -551.5861315508839, "params": {"gamma": 6.864927298504364, "prior": 3.8399250110933036, "rate": 7.6314509854431005}, "datetime": {"datetime": "2024-06-14 12:31:24", "elapsed": 16.395149, "delta": 0.010971}}
