{"target": -734.7540916686445, "params": {"gamma": 7.2884205045195944, "lr": 0.3523894424830367}, "datetime": {"datetime": "2024-06-13 19:11:59", "elapsed": 4.816616, "delta": 0.00399}}
{"target": -695.1396067922187, "params": {"gamma": 4.7919136483503735, "lr": 0.8140737533756652}, "datetime": {"datetime": "2024-06-13 19:11:59", "elapsed": 4.820605, "delta": 0.003989}}
{"target": -884.5271093637746, "params": {"gamma": 8.384190660883412, "lr": 0.3199167004179855}, "datetime": {"datetime": "2024-06-13 19:11:59", "elapsed": 4.825592, "delta": 0.004987}}
{"target": -141.67821630647023, "params": {"gamma": 0.043645919052664246, "lr": 0.046930843226232644}, "datetime": {"datetime": "2024-06-13 19:11:59", "elapsed": 4.829581, "delta": 0.003989}}
{"target": -784.8013476650143, "params": {"gamma": 7.378335968662237, "lr": 0.27263228107250803}, "datetime": {"datetime": "2024-06-13 19:11:59", "elapsed": 4.834185, "delta": 0.004604}}
{"target": -665.0519571851416, "params": {"gamma": 4.815376636054336, "lr": 0.1920312660311443}, "datetime": {"datetime": "2024-06-13 19:11:59", "elapsed": 4.838173, "delta": 0.003988}}
{"target": -867.4909160378439, "params": {"gamma": 8.471282047905861, "lr": 0.5033776096365531}, "datetime": {"datetime": "2024-06-13 19:11:59", "elapsed": 4.842162, "delta": 0.003989}}
{"target": -563.7191342047461, "params": {"gamma": 5.272074597046892, "lr": 0.28807958808575485}, "datetime": {"datetime": "2024-06-13 19:11:59", "elapsed": 4.846152, "delta": 0.00399}}
{"target": -1002.1743225529258, "params": {"gamma": 5.120480307408566, "lr": 0.0019636453825200295}, "datetime": {"datetime": "2024-06-13 19:11:59", "elapsed": 4.853133, "delta": 0.006981}}
{"target": -291.09571618785566, "params": {"gamma": 2.7736731083917574, "lr": 0.34876298353843593}, "datetime": {"datetime": "2024-06-13 19:11:59", "elapsed": 4.859117, "delta": 0.005984}}
{"target": -542.034714428163, "params": {"gamma": 2.8402249120040706, "lr": 0.08595222757741783}, "datetime": {"datetime": "2024-06-13 19:11:59", "elapsed": 4.863106, "delta": 0.003989}}
{"target": -706.6554043133258, "params": {"gamma": 5.2182903111313514, "lr": 0.7884791333735152}, "datetime": {"datetime": "2024-06-13 19:11:59", "elapsed": 4.867096, "delta": 0.00399}}
{"target": -892.631760975162, "params": {"gamma": 9.426041757646109, "lr": 0.49728979211666346}, "datetime": {"datetime": "2024-06-13 19:11:59", "elapsed": 4.871085, "delta": 0.003989}}
{"target": -632.396396731554, "params": {"gamma": 5.93794482969608, "lr": 0.2908599378104706}, "datetime": {"datetime": "2024-06-13 19:11:59", "elapsed": 4.876072, "delta": 0.004987}}
{"target": -243.87221357869973, "params": {"gamma": 1.492445929692968, "lr": 0.13187169072844107}, "datetime": {"datetime": "2024-06-13 19:11:59", "elapsed": 4.880061, "delta": 0.003989}}
{"target": -963.7276432098955, "params": {"gamma": 7.323875397919708, "lr": 0.7344694353499344}, "datetime": {"datetime": "2024-06-13 19:11:59", "elapsed": 4.884051, "delta": 0.00399}}
{"target": -197.56925932725608, "params": {"gamma": 1.7943208163497153, "lr": 0.41356037977579185}, "datetime": {"datetime": "2024-06-13 19:11:59", "elapsed": 4.88804, "delta": 0.003989}}
{"target": -855.5493916861393, "params": {"gamma": 5.941849134587504, "lr": 0.12528194618614874}, "datetime": {"datetime": "2024-06-13 19:11:59", "elapsed": 4.892029, "delta": 0.003989}}
{"target": -847.8068914137127, "params": {"gamma": 7.85390412973879, "lr": 0.619992203320239}, "datetime": {"datetime": "2024-06-13 19:11:59", "elapsed": 4.896018, "delta": 0.003989}}
{"target": -814.7210845876938, "params": {"gamma": 6.152601693393037, "lr": 0.7012080919186323}, "datetime": {"datetime": "2024-06-13 19:11:59", "elapsed": 4.900008, "delta": 0.00399}}
{"target": -1015.1607947009553, "params": {"gamma": 9.871843637581678, "lr": 0.5623944559571782}, "datetime": {"datetime": "2024-06-13 19:11:59", "elapsed": 4.904994, "delta": 0.004986}}
{"target": -830.8906886862825, "params": {"gamma": 8.644298200721781, "lr": 0.4187086750571659}, "datetime": {"datetime": "2024-06-13 19:11:59", "elapsed": 4.908984, "delta": 0.00399}}
{"target": -1074.6479920894853, "params": {"gamma": 6.545039042923117, "lr": 0.9252611878587662}, "datetime": {"datetime": "2024-06-13 19:11:59", "elapsed": 4.912972, "delta": 0.003988}}
{"target": -704.3955243919808, "params": {"gamma": 6.64184400562511, "lr": 0.3030806759430662}, "datetime": {"datetime": "2024-06-13 19:11:59", "elapsed": 4.916963, "delta": 0.003991}}
{"target": -627.0460389567412, "params": {"gamma": 6.199836992922438, "lr": 0.35131832035819255}, "datetime": {"datetime": "2024-06-13 19:11:59", "elapsed": 4.920952, "delta": 0.003989}}
{"target": -365.8431588133819, "params": {"gamma": 3.224344384669061, "lr": 0.6102050587463702}, "datetime": {"datetime": "2024-06-13 19:11:59", "elapsed": 4.925938, "delta": 0.004986}}
{"target": -181.96547046306875, "params": {"gamma": 1.6040719966518822, "lr": 0.4867389357577533}, "datetime": {"datetime": "2024-06-13 19:11:59", "elapsed": 4.929927, "delta": 0.003989}}
{"target": -935.1816447337602, "params": {"gamma": 9.456397215578926, "lr": 0.38391424197853796}, "datetime": {"datetime": "2024-06-13 19:11:59", "elapsed": 4.933917, "delta": 0.00399}}
{"target": -204.46436974167216, "params": {"gamma": 1.8904369698648686, "lr": 0.468838949642181}, "datetime": {"datetime": "2024-06-13 19:11:59", "elapsed": 4.937906, "delta": 0.003989}}
{"target": -1292.8443501186741, "params": {"gamma": 8.409237406703872, "lr": 0.8426677225950326}, "datetime": {"datetime": "2024-06-13 19:11:59", "elapsed": 4.941896, "delta": 0.00399}}
{"target": -1597.188017766845, "params": {"gamma": 8.278204591352763, "lr": 0.011475512605813365}, "datetime": {"datetime": "2024-06-13 19:11:59", "elapsed": 4.945885, "delta": 0.003989}}
{"target": -453.7420374248385, "params": {"gamma": 2.6711360589730235, "lr": 0.9998757875742624}, "datetime": {"datetime": "2024-06-13 19:11:59", "elapsed": 4.949875, "delta": 0.00399}}
{"target": -153.08221782735367, "params": {"gamma": 1.1977130886476726, "lr": 0.4900894960876333}, "datetime": {"datetime": "2024-06-13 19:11:59", "elapsed": 4.953864, "delta": 0.003989}}
{"target": -1212.1160634229889, "params": {"gamma": 7.900471479876251, "lr": 0.12221391009385618}, "datetime": {"datetime": "2024-06-13 19:11:59", "elapsed": 4.95885, "delta": 0.004986}}
{"target": -632.3466768888817, "params": {"gamma": 6.624429397731788, "lr": 0.4880804455213241}, "datetime": {"datetime": "2024-06-13 19:11:59", "elapsed": 4.96284, "delta": 0.00399}}
{"target": -329.93047303137257, "params": {"gamma": 1.9437055308797813, "lr": 0.8786300265827204}, "datetime": {"datetime": "2024-06-13 19:11:59", "elapsed": 4.966829, "delta": 0.003989}}
{"target": -226.8295111658866, "params": {"gamma": 1.8156924881797458, "lr": 0.6390528592947753}, "datetime": {"datetime": "2024-06-13 19:11:59", "elapsed": 4.970818, "delta": 0.003989}}
{"target": -768.0139997039342, "params": {"gamma": 7.4085279551010945, "lr": 0.5626728865932282}, "datetime": {"datetime": "2024-06-13 19:11:59", "elapsed": 4.975805, "delta": 0.004987}}
{"target": -970.4139569789129, "params": {"gamma": 6.288786844403314, "lr": 0.11896539662200445}, "datetime": {"datetime": "2024-06-13 19:11:59", "elapsed": 4.979794, "delta": 0.003989}}
{"target": -351.9437790050231, "params": {"gamma": 3.0810618335582585, "lr": 0.5869622072296792}, "datetime": {"datetime": "2024-06-13 19:11:59", "elapsed": 4.983784, "delta": 0.00399}}
{"target": -440.81462837054056, "params": {"gamma": 3.955241699358807, "lr": 0.6639460814328006}, "datetime": {"datetime": "2024-06-13 19:11:59", "elapsed": 4.987773, "delta": 0.003989}}
{"target": -1158.9318587966102, "params": {"gamma": 8.519694493398179, "lr": 0.19022208931218354}, "datetime": {"datetime": "2024-06-13 19:11:59", "elapsed": 4.991762, "delta": 0.003989}}
{"target": -893.8875780371329, "params": {"gamma": 9.032823736002479, "lr": 0.38317585043109326}, "datetime": {"datetime": "2024-06-13 19:11:59", "elapsed": 4.995752, "delta": 0.00399}}
{"target": -1013.2802723904068, "params": {"gamma": 9.431300182951817, "lr": 0.6173823130249652}, "datetime": {"datetime": "2024-06-13 19:11:59", "elapsed": 4.999741, "delta": 0.003989}}
{"target": -810.8782161439027, "params": {"gamma": 7.901165115937855, "lr": 0.514775428373226}, "datetime": {"datetime": "2024-06-13 19:11:59", "elapsed": 5.004727, "delta": 0.004986}}
{"target": -567.1368015759305, "params": {"gamma": 5.311915799238696, "lr": 0.3275938987659719}, "datetime": {"datetime": "2024-06-13 19:11:59", "elapsed": 5.008717, "delta": 0.00399}}
{"target": -159.99074676680806, "params": {"gamma": 1.2945177075663274, "lr": 0.3838219118604237}, "datetime": {"datetime": "2024-06-13 19:11:59", "elapsed": 5.012706, "delta": 0.003989}}
{"target": -446.57241888580364, "params": {"gamma": 2.1505498314359848, "lr": 0.03286525588191658}, "datetime": {"datetime": "2024-06-13 19:11:59", "elapsed": 5.016696, "delta": 0.00399}}
{"target": -414.40418418023853, "params": {"gamma": 2.7495934114227696, "lr": 0.18057605266685695}, "datetime": {"datetime": "2024-06-13 19:11:59", "elapsed": 5.020685, "delta": 0.003989}}
{"target": -1687.140895888538, "params": {"gamma": 8.75542762006619, "lr": 0.08123656243140498}, "datetime": {"datetime": "2024-06-13 19:11:59", "elapsed": 5.025672, "delta": 0.004987}}
{"target": -270.5552985905585, "params": {"gamma": 1.8397720952197505, "lr": 0.7040306955363342}, "datetime": {"datetime": "2024-06-13 19:11:59", "elapsed": 5.029661, "delta": 0.003989}}
{"target": -973.3765517749758, "params": {"gamma": 9.192339684311714, "lr": 0.2514584522319341}, "datetime": {"datetime": "2024-06-13 19:11:59", "elapsed": 5.033651, "delta": 0.00399}}
{"target": -136.17858483655283, "params": {"gamma": 0.21399001348235436, "lr": 0.9605044727550998}, "datetime": {"datetime": "2024-06-13 19:11:59", "elapsed": 5.03764, "delta": 0.003989}}
{"target": -723.0642412872005, "params": {"gamma": 6.8225241840990325, "lr": 0.3106626960638559}, "datetime": {"datetime": "2024-06-13 19:11:59", "elapsed": 5.041629, "delta": 0.003989}}
{"target": -522.12007402881, "params": {"gamma": 4.724262048710183, "lr": 0.5992558738787634}, "datetime": {"datetime": "2024-06-13 19:11:59", "elapsed": 5.045618, "delta": 0.003989}}
{"target": -599.1772818619611, "params": {"gamma": 3.7393118520813564, "lr": 0.874487796621177}, "datetime": {"datetime": "2024-06-13 19:11:59", "elapsed": 5.050605, "delta": 0.004987}}
{"target": -1190.3337186768467, "params": {"gamma": 7.261999710487967, "lr": 0.9543407046242112}, "datetime": {"datetime": "2024-06-13 19:11:59", "elapsed": 5.054595, "delta": 0.00399}}
{"target": -586.8944393161757, "params": {"gamma": 3.5113041629592687, "lr": 0.9371740887217811}, "datetime": {"datetime": "2024-06-13 19:11:59", "elapsed": 5.058613, "delta": 0.004018}}
{"target": -527.5284180904638, "params": {"gamma": 4.791526641683215, "lr": 0.6423226386484714}, "datetime": {"datetime": "2024-06-13 19:11:59", "elapsed": 5.062602, "delta": 0.003989}}
{"target": -1056.5838472434077, "params": {"gamma": 7.36673540034412, "lr": 0.8093379690056801}, "datetime": {"datetime": "2024-06-13 19:11:59", "elapsed": 5.066593, "delta": 0.003991}}
{"target": -386.6296977116717, "params": {"gamma": 3.963197413459656, "lr": 0.44794597851477114}, "datetime": {"datetime": "2024-06-13 19:11:59", "elapsed": 5.071549, "delta": 0.004956}}
{"target": -1072.681619445945, "params": {"gamma": 8.172952984101395, "lr": 0.7175572030909549}, "datetime": {"datetime": "2024-06-13 19:11:59", "elapsed": 5.075538, "delta": 0.003989}}
{"target": -1536.8679059545418, "params": {"gamma": 9.408551244537064, "lr": 0.9795978714178412}, "datetime": {"datetime": "2024-06-13 19:11:59", "elapsed": 5.079528, "delta": 0.00399}}
{"target": -238.83692761479557, "params": {"gamma": 1.7899544503221003, "lr": 0.2279194118127552}, "datetime": {"datetime": "2024-06-13 19:11:59", "elapsed": 5.084514, "delta": 0.004986}}
{"target": -942.7270175995367, "params": {"gamma": 7.16014848634319, "lr": 0.7473827346542434}, "datetime": {"datetime": "2024-06-13 19:11:59", "elapsed": 5.088504, "delta": 0.00399}}
{"target": -951.3306263090518, "params": {"gamma": 6.032192362771022, "lr": 0.8772997642215113}, "datetime": {"datetime": "2024-06-13 19:11:59", "elapsed": 5.092493, "delta": 0.003989}}
{"target": -267.1285774995632, "params": {"gamma": 2.5206526306452743, "lr": 0.3394873942967924}, "datetime": {"datetime": "2024-06-13 19:11:59", "elapsed": 5.096483, "delta": 0.00399}}
{"target": -529.5492547893796, "params": {"gamma": 4.946973834220983, "lr": 0.31502708896856757}, "datetime": {"datetime": "2024-06-13 19:11:59", "elapsed": 5.101284, "delta": 0.004801}}
{"target": -719.6852834584496, "params": {"gamma": 5.454845454328703, "lr": 0.6824780792979444}, "datetime": {"datetime": "2024-06-13 19:11:59", "elapsed": 5.105273, "delta": 0.003989}}
{"target": -230.40396654276682, "params": {"gamma": 2.2044486446357947, "lr": 0.48533745396838057}, "datetime": {"datetime": "2024-06-13 19:11:59", "elapsed": 5.109263, "delta": 0.00399}}
{"target": -1044.4292606659635, "params": {"gamma": 9.929820595017146, "lr": 0.3241613031812349}, "datetime": {"datetime": "2024-06-13 19:11:59", "elapsed": 5.113252, "delta": 0.003989}}
{"target": -136.114929026405, "params": {"gamma": 0.35458383299364826, "lr": 0.8173517292840132}, "datetime": {"datetime": "2024-06-13 19:11:59", "elapsed": 5.117242, "delta": 0.00399}}
{"target": -985.8113104786489, "params": {"gamma": 5.033564529213024, "lr": 0.052783856118570505}, "datetime": {"datetime": "2024-06-13 19:11:59", "elapsed": 5.121231, "delta": 0.003989}}
{"target": -855.3349905018681, "params": {"gamma": 8.903159967215188, "lr": 0.4045143799803578}, "datetime": {"datetime": "2024-06-13 19:11:59", "elapsed": 5.126217, "delta": 0.004986}}
{"target": -892.1333665200187, "params": {"gamma": 9.292802548221829, "lr": 0.40207817380056154}, "datetime": {"datetime": "2024-06-13 19:11:59", "elapsed": 5.130207, "delta": 0.00399}}
{"target": -143.32520600728623, "params": {"gamma": 0.7692460154620339, "lr": 0.2453011441199927}, "datetime": {"datetime": "2024-06-13 19:11:59", "elapsed": 5.134197, "delta": 0.00399}}
{"target": -483.33587495487666, "params": {"gamma": 3.503254796566321, "lr": 0.7507282923552251}, "datetime": {"datetime": "2024-06-13 19:11:59", "elapsed": 5.138185, "delta": 0.003988}}
{"target": -201.96632822511629, "params": {"gamma": 1.8482967753404873, "lr": 0.4309736537258744}, "datetime": {"datetime": "2024-06-13 19:11:59", "elapsed": 5.142175, "delta": 0.00399}}
{"target": -893.4481541904416, "params": {"gamma": 8.732580952739871, "lr": 0.5337610913727832}, "datetime": {"datetime": "2024-06-13 19:11:59", "elapsed": 5.146164, "delta": 0.003989}}
{"target": -246.11643657577864, "params": {"gamma": 1.0324440427708175, "lr": 0.024522487054632225}, "datetime": {"datetime": "2024-06-13 19:11:59", "elapsed": 5.151151, "delta": 0.004987}}
{"target": -1157.4756462886446, "params": {"gamma": 7.058392201809326, "lr": 0.979127490958217}, "datetime": {"datetime": "2024-06-13 19:11:59", "elapsed": 5.15514, "delta": 0.003989}}
{"target": -1052.8713537585438, "params": {"gamma": 7.851867464260117, "lr": 0.7647261968454175}, "datetime": {"datetime": "2024-06-13 19:11:59", "elapsed": 5.15913, "delta": 0.00399}}
{"target": -908.4227785327074, "params": {"gamma": 6.754799709264521, "lr": 0.7955027102986651}, "datetime": {"datetime": "2024-06-13 19:11:59", "elapsed": 5.163119, "delta": 0.003989}}
{"target": -126.1982951388575, "params": {"gamma": 0.40113783894076427, "lr": 0.264681631716854}, "datetime": {"datetime": "2024-06-13 19:11:59", "elapsed": 5.168106, "delta": 0.004987}}
{"target": -1093.5319018459757, "params": {"gamma": 6.9542799621795535, "lr": 0.8669883296077439}, "datetime": {"datetime": "2024-06-13 19:11:59", "elapsed": 5.172095, "delta": 0.003989}}
{"target": -976.2900426220333, "params": {"gamma": 6.746394111296426, "lr": 0.17627612798343162}, "datetime": {"datetime": "2024-06-13 19:11:59", "elapsed": 5.176084, "delta": 0.003989}}
{"target": -1498.1518598602402, "params": {"gamma": 9.363148290996985, "lr": 0.9033787001108529}, "datetime": {"datetime": "2024-06-13 19:11:59", "elapsed": 5.180074, "delta": 0.00399}}
{"target": -167.5643626646456, "params": {"gamma": 0.8677009826349238, "lr": 0.193000037574253}, "datetime": {"datetime": "2024-06-13 19:11:59", "elapsed": 5.18506, "delta": 0.004986}}
{"target": -381.9136070345861, "params": {"gamma": 2.7526551130746566, "lr": 0.7384118706046068}, "datetime": {"datetime": "2024-06-13 19:11:59", "elapsed": 5.18905, "delta": 0.00399}}
{"target": -929.0059029594661, "params": {"gamma": 8.59387390968027, "lr": 0.5783223874515512}, "datetime": {"datetime": "2024-06-13 19:11:59", "elapsed": 5.193039, "delta": 0.003989}}
{"target": -214.3059034333784, "params": {"gamma": 1.9972560609459706, "lr": 0.41508988762136245}, "datetime": {"datetime": "2024-06-13 19:11:59", "elapsed": 5.197028, "delta": 0.003989}}
{"target": -257.1414050572164, "params": {"gamma": 1.3794541434408072, "lr": 0.9173961868584244}, "datetime": {"datetime": "2024-06-13 19:11:59", "elapsed": 5.201018, "delta": 0.00399}}
{"target": -785.5071390056828, "params": {"gamma": 7.645544873164326, "lr": 0.5102138338060775}, "datetime": {"datetime": "2024-06-13 19:11:59", "elapsed": 5.206004, "delta": 0.004986}}
{"target": -842.3155286505003, "params": {"gamma": 4.536296856665209, "lr": 0.0978420783455699}, "datetime": {"datetime": "2024-06-13 19:11:59", "elapsed": 5.209993, "delta": 0.003989}}
{"target": -506.578936321198, "params": {"gamma": 3.1874348876469725, "lr": 0.12063279535739646}, "datetime": {"datetime": "2024-06-13 19:11:59", "elapsed": 5.213983, "delta": 0.00399}}
{"target": -803.1785934267663, "params": {"gamma": 7.823598295559239, "lr": 0.5448837066761946}, "datetime": {"datetime": "2024-06-13 19:11:59", "elapsed": 5.217973, "delta": 0.00399}}
{"target": -292.9922188967947, "params": {"gamma": 2.2735465367701733, "lr": 0.22420283925593631}, "datetime": {"datetime": "2024-06-13 19:11:59", "elapsed": 5.221962, "delta": 0.003989}}
{"target": -291.2825715883157, "params": {"gamma": 2.6047215769603396, "lr": 0.308872752316256}, "datetime": {"datetime": "2024-06-13 19:11:59", "elapsed": 5.226734, "delta": 0.004772}}
{"target": -420.4984878069166, "params": {"gamma": 3.8776636126823174, "lr": 0.29754893237723723}, "datetime": {"datetime": "2024-06-13 19:11:59", "elapsed": 5.230723, "delta": 0.003989}}
{"target": -1317.8025637200135, "params": {"gamma": 6.795879389436971, "lr": 0.03507361930507891}, "datetime": {"datetime": "2024-06-13 19:11:59", "elapsed": 5.234713, "delta": 0.00399}}
{"target": -448.11061552720753, "params": {"gamma": 3.2817750389987497, "lr": 0.7452918728580155}, "datetime": {"datetime": "2024-06-13 19:11:59", "elapsed": 5.238702, "delta": 0.003989}}
{"target": -1346.8865556238998, "params": {"gamma": 9.428137042767773, "lr": 0.8027325501575512}, "datetime": {"datetime": "2024-06-13 19:11:59", "elapsed": 5.243689, "delta": 0.004987}}
{"target": -308.54230475581846, "params": {"gamma": 2.4090212695059683, "lr": 0.2329154683838317}, "datetime": {"datetime": "2024-06-13 19:11:59", "elapsed": 5.247678, "delta": 0.003989}}
{"target": -324.2043254347745, "params": {"gamma": 1.904177610377174, "lr": 0.8824975348586093}, "datetime": {"datetime": "2024-06-13 19:11:59", "elapsed": 5.251668, "delta": 0.00399}}
{"target": -340.09917679377065, "params": {"gamma": 2.3793190167249576, "lr": 0.7581806234131274}, "datetime": {"datetime": "2024-06-13 19:11:59", "elapsed": 5.255657, "delta": 0.003989}}
{"target": -531.7537773055229, "params": {"gamma": 2.611236264315461, "lr": 0.03308184340751563}, "datetime": {"datetime": "2024-06-13 19:11:59", "elapsed": 5.259646, "delta": 0.003989}}
{"target": -965.1217786700129, "params": {"gamma": 7.334743552987591, "lr": 0.7262018097952009}, "datetime": {"datetime": "2024-06-13 19:11:59", "elapsed": 5.263636, "delta": 0.00399}}
{"target": -141.72196690173863, "params": {"gamma": 0.8905021504995737, "lr": 0.3267012579296016}, "datetime": {"datetime": "2024-06-13 19:11:59", "elapsed": 5.268623, "delta": 0.004987}}
{"target": -1322.8552459035875, "params": {"gamma": 9.483704536600037, "lr": 0.16294899858218448}, "datetime": {"datetime": "2024-06-13 19:11:59", "elapsed": 5.272611, "delta": 0.003988}}
{"target": -148.49679455847868, "params": {"gamma": 0.8676380540564483, "lr": 0.5946038881116259}, "datetime": {"datetime": "2024-06-13 19:11:59", "elapsed": 5.276601, "delta": 0.00399}}
{"target": -1326.9667314003416, "params": {"gamma": 9.309967663594373, "lr": 0.1337783077430914}, "datetime": {"datetime": "2024-06-13 19:11:59", "elapsed": 5.28059, "delta": 0.003989}}
{"target": -678.4492794529057, "params": {"gamma": 5.130609924306518, "lr": 0.6839992141169576}, "datetime": {"datetime": "2024-06-13 19:11:59", "elapsed": 5.285577, "delta": 0.004987}}
{"target": -367.7289013122199, "params": {"gamma": 1.7191257663086643, "lr": 0.011259893492189477}, "datetime": {"datetime": "2024-06-13 19:11:59", "elapsed": 5.289566, "delta": 0.003989}}
{"target": -1710.045976917464, "params": {"gamma": 8.876943621666769, "lr": 0.035231270653359514}, "datetime": {"datetime": "2024-06-13 19:11:59", "elapsed": 5.293556, "delta": 0.00399}}
{"target": -300.38374512579054, "params": {"gamma": 2.575325379792938, "lr": 0.6516840317406685}, "datetime": {"datetime": "2024-06-13 19:11:59", "elapsed": 5.297545, "delta": 0.003989}}
{"target": -577.755461747555, "params": {"gamma": 2.8585435506242662, "lr": 0.009707596574816568}, "datetime": {"datetime": "2024-06-13 19:11:59", "elapsed": 5.302531, "delta": 0.004986}}
{"target": -612.8214422503969, "params": {"gamma": 5.754942892815359, "lr": 0.30779227833471057}, "datetime": {"datetime": "2024-06-13 19:11:59", "elapsed": 5.306521, "delta": 0.00399}}
