{"target": -125.0027271506455, "params": {"p_ai": 4.8310017836709145, "p_al": 3.644838951583288, "p_ex": 1.9855339344892702, "prior": 6.987144597858653, "rate": 9.253095850988169}, "datetime": {"datetime": "2024-06-13 02:09:15", "elapsed": 205.299488, "delta": 0.110703}}
{"target": -116.70643920213448, "params": {"p_ai": 0.9994800071896959, "p_al": 2.302146241513983, "p_ex": 2.849180340028503, "prior": 6.6800625926414545, "rate": 3.866783199329621}, "datetime": {"datetime": "2024-06-13 02:09:15", "elapsed": 205.409538, "delta": 0.11005}}
{"target": -136.47785532208087, "params": {"p_ai": 7.6562105910740685, "p_al": 0.9573677553367381, "p_ex": 4.602344211627279, "prior": 2.9268592456242746, "rate": 5.1346429831113305}, "datetime": {"datetime": "2024-06-13 02:09:15", "elapsed": 205.519808, "delta": 0.11027}}
{"target": -96.33906356283329, "params": {"p_ai": 1.358318540902578, "p_al": 4.460527512339592, "p_ex": 5.164363125399383, "prior": 3.442718612238544, "rate": 5.546962687912887}, "datetime": {"datetime": "2024-06-13 02:09:15", "elapsed": 205.629982, "delta": 0.110174}}
{"target": -166.57877061717744, "params": {"p_ai": 7.143193457138365, "p_al": 6.6391352779985064, "p_ex": 3.5573604088930924, "prior": 0.7667124991441476, "rate": 8.33688654222292}, "datetime": {"datetime": "2024-06-13 02:09:15", "elapsed": 205.741077, "delta": 0.111095}}
{"target": -200.9149605372804, "params": {"p_ai": 9.262519396206374, "p_al": 2.342397665262998, "p_ex": 0.016235863133468375, "prior": 4.796890155913763, "rate": 6.153802061312725}, "datetime": {"datetime": "2024-06-13 02:09:15", "elapsed": 205.850784, "delta": 0.109707}}
{"target": -119.26490798431054, "params": {"p_ai": 6.528810886094876, "p_al": 6.035992321926878, "p_ex": 6.786976733212628, "prior": 7.332718450648246, "rate": 8.434264878500423}, "datetime": {"datetime": "2024-06-13 02:09:15", "elapsed": 205.963483, "delta": 0.112699}}
{"target": -102.26105356266547, "params": {"p_ai": 5.751636056415177, "p_al": 0.3342193504114132, "p_ex": 9.326432692222614, "prior": 4.172868879497032, "rate": 4.672617279678853}, "datetime": {"datetime": "2024-06-13 02:09:16", "elapsed": 206.078286, "delta": 0.114803}}
{"target": -114.97599575453772, "params": {"p_ai": 6.191020124914681, "p_al": 2.7652990433810527, "p_ex": 9.094310930273682, "prior": 6.579376577046878, "rate": 1.335769006689386}, "datetime": {"datetime": "2024-06-13 02:09:16", "elapsed": 206.190985, "delta": 0.112699}}
{"target": -111.35795503473138, "params": {"p_ai": 3.735756407129941, "p_al": 2.133213359637376, "p_ex": 4.433811854596573, "prior": 2.063523910296588, "rate": 0.9800510293910022}, "datetime": {"datetime": "2024-06-13 02:09:16", "elapsed": 206.302302, "delta": 0.111317}}
{"target": -129.309586098344, "params": {"p_ai": 3.205278298461178, "p_al": 1.345699436872602, "p_ex": 0.351215070109687, "prior": 4.984437931401855, "rate": 6.046721227106048}, "datetime": {"datetime": "2024-06-13 02:09:16", "elapsed": 206.41256, "delta": 0.110258}}
{"target": -97.9154084556958, "params": {"p_ai": 1.9655098381327298, "p_al": 3.50590068321703, "p_ex": 4.53618988575595, "prior": 2.529128270705221, "rate": 3.380951687634526}, "datetime": {"datetime": "2024-06-13 02:09:16", "elapsed": 206.52222, "delta": 0.10966}}
{"target": -111.30131087565115, "params": {"p_ai": 2.6092045014035166, "p_al": 6.626499466487988, "p_ex": 3.8949639409484886, "prior": 4.658404582768081, "rate": 2.59049498310502}, "datetime": {"datetime": "2024-06-13 02:09:16", "elapsed": 206.632953, "delta": 0.110733}}
{"target": -122.97876356380762, "params": {"p_ai": 5.789364895032299, "p_al": 4.157123156697752, "p_ex": 4.572376709276866, "prior": 2.0964281602528154, "rate": 5.117392235543662}, "datetime": {"datetime": "2024-06-13 02:09:16", "elapsed": 206.743423, "delta": 0.11047}}
{"target": -107.96598681613935, "params": {"p_ai": 4.210910739976361, "p_al": 5.382094417316383, "p_ex": 5.155764332257101, "prior": 7.123449429744482, "rate": 3.454964521457407}, "datetime": {"datetime": "2024-06-13 02:09:16", "elapsed": 206.853132, "delta": 0.109709}}
{"target": -100.9408089320935, "params": {"p_ai": 2.2931827515641436, "p_al": 9.189542918200015, "p_ex": 3.9414414192874383, "prior": 8.151637524869336, "rate": 8.805022160226608}, "datetime": {"datetime": "2024-06-13 02:09:16", "elapsed": 206.963387, "delta": 0.110255}}
{"target": -119.4522902288058, "params": {"p_ai": 6.519273078273664, "p_al": 7.674987535528136, "p_ex": 8.975433780197474, "prior": 4.985360996917634, "rate": 4.21816112291727}, "datetime": {"datetime": "2024-06-13 02:09:17", "elapsed": 207.074597, "delta": 0.11121}}
{"target": -176.55241745146017, "params": {"p_ai": 7.285694043946162, "p_al": 5.784859461247112, "p_ex": 0.7020548163678142, "prior": 8.070796085153564, "rate": 2.0212435104253297}, "datetime": {"datetime": "2024-06-13 02:09:17", "elapsed": 207.184809, "delta": 0.110212}}
{"target": -89.32253194492803, "params": {"p_ai": 2.1508720684393, "p_al": 8.743025188211874, "p_ex": 8.102518908881354, "prior": 7.871767281004917, "rate": 9.784790514439791}, "datetime": {"datetime": "2024-06-13 02:09:17", "elapsed": 207.295021, "delta": 0.110212}}
{"target": -156.42780056180413, "params": {"p_ai": 9.357524229079237, "p_al": 1.2940300412025754, "p_ex": 4.683039243930658, "prior": 3.042344666650908, "rate": 8.904985985717063}, "datetime": {"datetime": "2024-06-13 02:09:17", "elapsed": 207.405219, "delta": 0.110198}}
{"target": -112.30703315853772, "params": {"p_ai": 1.3739923924996749, "p_al": 0.48067656559418387, "p_ex": 9.774627317478625, "prior": 5.649060566233409, "rate": 2.849552957820775}, "datetime": {"datetime": "2024-06-13 02:09:17", "elapsed": 207.515513, "delta": 0.110294}}
{"target": -96.42424661391233, "params": {"p_ai": 3.318719730075621, "p_al": 1.3846937437864795, "p_ex": 9.912674284735528, "prior": 8.707272454980922, "rate": 2.4172314834019453}, "datetime": {"datetime": "2024-06-13 02:09:17", "elapsed": 207.625191, "delta": 0.109678}}
{"target": -97.28515448996957, "params": {"p_ai": 3.325069900137527, "p_al": 1.65498168172433, "p_ex": 5.130820869824733, "prior": 9.797205555727889, "rate": 5.963172963914687}, "datetime": {"datetime": "2024-06-13 02:09:17", "elapsed": 207.734914, "delta": 0.109723}}
{"target": -161.6940468007051, "params": {"p_ai": 6.6449548260810465, "p_al": 6.712068693529449, "p_ex": 1.911991019045263, "prior": 2.409604742830703, "rate": 5.0096121267023355}, "datetime": {"datetime": "2024-06-13 02:09:17", "elapsed": 207.845618, "delta": 0.110704}}
{"target": -100.99787515702455, "params": {"p_ai": 4.669993169085791, "p_al": 3.241618802545425, "p_ex": 7.200616627397563, "prior": 2.7603972166988378, "rate": 8.955953644994121}, "datetime": {"datetime": "2024-06-13 02:09:17", "elapsed": 207.956323, "delta": 0.110705}}
{"target": -145.78963924086034, "params": {"p_ai": 1.2282998236556748, "p_al": 9.216407877116538, "p_ex": 1.03606386651808, "prior": 1.9306266363481848, "rate": 4.523999081153517}, "datetime": {"datetime": "2024-06-13 02:09:18", "elapsed": 208.06603, "delta": 0.109707}}
{"target": -176.30748950908233, "params": {"p_ai": 8.823606472437586, "p_al": 3.0759972260702058, "p_ex": 6.574586452950764, "prior": 3.389996508078041, "rate": 0.16236839486127655}, "datetime": {"datetime": "2024-06-13 02:09:18", "elapsed": 208.176906, "delta": 0.110876}}
{"target": -141.79189797574125, "params": {"p_ai": 6.244663189633926, "p_al": 2.3814540024306106, "p_ex": 1.9461666065538248, "prior": 8.088718911721868, "rate": 6.173886159941831}, "datetime": {"datetime": "2024-06-13 02:09:18", "elapsed": 208.287607, "delta": 0.110701}}
{"target": -177.5717845044583, "params": {"p_ai": 7.954580786861178, "p_al": 2.6541820806830834, "p_ex": 0.472724809441966, "prior": 8.53466944259079, "rate": 7.643530081357011}, "datetime": {"datetime": "2024-06-13 02:09:18", "elapsed": 208.398102, "delta": 0.110495}}
{"target": -125.26694235404567, "params": {"p_ai": 0.04600092811038332, "p_al": 6.998787795565987, "p_ex": 2.4173561208956085, "prior": 3.597382740540309, "rate": 7.807647124553472}, "datetime": {"datetime": "2024-06-13 02:09:18", "elapsed": 208.50837, "delta": 0.110268}}
{"target": -165.01353766745996, "params": {"p_ai": 9.86517804059674, "p_al": 2.4563841824271306, "p_ex": 4.675528614457568, "prior": 4.003953125442614, "rate": 5.583047951545892}, "datetime": {"datetime": "2024-06-13 02:09:18", "elapsed": 208.619076, "delta": 0.110706}}
{"target": -121.38305779580706, "params": {"p_ai": 5.293116937019591, "p_al": 6.580610506722293, "p_ex": 4.9677971345550285, "prior": 6.854154820690401, "rate": 3.1292609440339083}, "datetime": {"datetime": "2024-06-13 02:09:18", "elapsed": 208.729778, "delta": 0.110702}}
{"target": -300.1506924983562, "params": {"p_ai": 2.144550241074914, "p_al": 9.071862729316408, "p_ex": 5.576470548836427, "prior": 0.2911437618879527, "rate": 1.2205386305587063}, "datetime": {"datetime": "2024-06-13 02:09:18", "elapsed": 208.839856, "delta": 0.110078}}
{"target": -125.06418187710807, "params": {"p_ai": 6.814301578299707, "p_al": 8.087294770067228, "p_ex": 8.234982814168754, "prior": 4.33152015672816, "rate": 5.804720928438853}, "datetime": {"datetime": "2024-06-13 02:09:18", "elapsed": 208.95056, "delta": 0.110704}}
{"target": -142.4795776701239, "params": {"p_ai": 8.075836711183172, "p_al": 9.575877062312697, "p_ex": 8.797628214779126, "prior": 3.8857195541901555, "rate": 9.61487729711488}, "datetime": {"datetime": "2024-06-13 02:09:19", "elapsed": 209.060267, "delta": 0.109707}}
{"target": -100.38154266473859, "params": {"p_ai": 1.371343819883932, "p_al": 9.08747589789655, "p_ex": 5.213594276828904, "prior": 7.149162469428894, "rate": 7.846922750186959}, "datetime": {"datetime": "2024-06-13 02:09:19", "elapsed": 209.170971, "delta": 0.110704}}
{"target": -146.76785049734733, "params": {"p_ai": 3.3474678803751616, "p_al": 8.776975629787078, "p_ex": 2.5808522025136105, "prior": 0.83666265678653, "rate": 7.593948195149002}, "datetime": {"datetime": "2024-06-13 02:09:19", "elapsed": 209.28367, "delta": 0.112699}}
{"target": -191.33662786688927, "params": {"p_ai": 8.95092837417597, "p_al": 9.264551677562867, "p_ex": 3.7413412629632474, "prior": 3.415268176059033, "rate": 2.5576120050528046}, "datetime": {"datetime": "2024-06-13 02:09:19", "elapsed": 209.393377, "delta": 0.109707}}
{"target": -150.91165685792458, "params": {"p_ai": 4.708453993935255, "p_al": 9.671773539413003, "p_ex": 4.989160667334907, "prior": 2.3915018485082684, "rate": 2.079940128729959}, "datetime": {"datetime": "2024-06-13 02:09:19", "elapsed": 209.503534, "delta": 0.110157}}
{"target": -153.54091068212455, "params": {"p_ai": 9.267164088336514, "p_al": 6.879645509464755, "p_ex": 7.048112442802709, "prior": 5.889378773110729, "rate": 6.1876438425471845}, "datetime": {"datetime": "2024-06-13 02:09:19", "elapsed": 209.614239, "delta": 0.110705}}
{"target": -131.7884944868498, "params": {"p_ai": 0.4609310094392283, "p_al": 3.562257950280492, "p_ex": 0.7985109091827932, "prior": 3.258387412465708, "rate": 7.1059762053863995}, "datetime": {"datetime": "2024-06-13 02:09:19", "elapsed": 209.725395, "delta": 0.111156}}
{"target": -226.52731390498795, "params": {"p_ai": 0.7257040600535904, "p_al": 8.990183690119414, "p_ex": 3.5437477900667638, "prior": 0.8986519230958506, "rate": 1.0056681597844719}, "datetime": {"datetime": "2024-06-13 02:09:19", "elapsed": 209.842082, "delta": 0.116687}}
{"target": -108.51208029751312, "params": {"p_ai": 1.4705867983363237, "p_al": 7.048346327370851, "p_ex": 9.43145928351281, "prior": 7.605646111189302, "rate": 3.9226853739576355}, "datetime": {"datetime": "2024-06-13 02:09:19", "elapsed": 209.951297, "delta": 0.109215}}
{"target": -189.52903529212347, "params": {"p_ai": 7.678372885914446, "p_al": 8.359465444265473, "p_ex": 0.6157150873045676, "prior": 3.106160641600712, "rate": 7.423046238536325}, "datetime": {"datetime": "2024-06-13 02:09:20", "elapsed": 210.061006, "delta": 0.109709}}
{"target": -118.11976254521636, "params": {"p_ai": 2.6050085717251688, "p_al": 9.105379825933609, "p_ex": 2.4232546015906373, "prior": 7.872672760072909, "rate": 3.99003222258113}, "datetime": {"datetime": "2024-06-13 02:09:20", "elapsed": 210.174921, "delta": 0.113915}}
{"target": -193.99633773678832, "params": {"p_ai": 8.879709895547814, "p_al": 2.881998583476861, "p_ex": 5.764361978570896, "prior": 0.1547226888798665, "rate": 8.052070134855622}, "datetime": {"datetime": "2024-06-13 02:09:20", "elapsed": 210.286078, "delta": 0.111157}}
{"target": -115.48769734010877, "params": {"p_ai": 0.33660797646871526, "p_al": 6.40946215137833, "p_ex": 5.636914467179616, "prior": 9.284192361657906, "rate": 9.191217031886074}, "datetime": {"datetime": "2024-06-13 02:09:20", "elapsed": 210.407752, "delta": 0.121674}}
{"target": -96.75247116313177, "params": {"p_ai": 2.4895491973250445, "p_al": 2.655888130607594, "p_ex": 6.574608379561944, "prior": 2.823404858297573, "rate": 1.7590508186307083}, "datetime": {"datetime": "2024-06-13 02:09:20", "elapsed": 210.519717, "delta": 0.111965}}
{"target": -98.19724466871521, "params": {"p_ai": 1.7271278257277167, "p_al": 0.2796921341580634, "p_ex": 4.67140222508191, "prior": 4.886139370753203, "rate": 4.2376971216011015}, "datetime": {"datetime": "2024-06-13 02:09:20", "elapsed": 210.629454, "delta": 0.109737}}
{"target": -193.29474223450273, "params": {"p_ai": 9.883673534153298, "p_al": 6.435712304622834, "p_ex": 5.622975505044778, "prior": 0.8654799214045155, "rate": 4.524079090921107}, "datetime": {"datetime": "2024-06-13 02:09:20", "elapsed": 210.739454, "delta": 0.11}}
{"target": -143.87583920666304, "params": {"p_ai": 0.6981670968888053, "p_al": 4.87207411892542, "p_ex": 0.15688767405900336, "prior": 1.4161247847363267, "rate": 6.18967416332968}, "datetime": {"datetime": "2024-06-13 02:09:20", "elapsed": 210.85565, "delta": 0.116196}}
{"target": -172.70188809285153, "params": {"p_ai": 6.761841567540195, "p_al": 6.037644365737643, "p_ex": 2.510495077291836, "prior": 0.6627915410597356, "rate": 6.773071964217088}, "datetime": {"datetime": "2024-06-13 02:09:20", "elapsed": 210.993789, "delta": 0.138139}}
{"target": -137.65327893003834, "params": {"p_ai": 7.683627944622056, "p_al": 1.193630873788052, "p_ex": 7.395875370552233, "prior": 7.732109943460374, "rate": 1.1006153943531465}, "datetime": {"datetime": "2024-06-13 02:09:21", "elapsed": 211.104998, "delta": 0.111209}}
{"target": -99.82482734978487, "params": {"p_ai": 4.865207615109933, "p_al": 0.058244204271695785, "p_ex": 6.259494576122178, "prior": 8.589985562318814, "rate": 8.601869196225135}, "datetime": {"datetime": "2024-06-13 02:09:21", "elapsed": 211.2167, "delta": 0.111702}}
{"target": -163.88079348561368, "params": {"p_ai": 9.372836835270283, "p_al": 7.838598966904821, "p_ex": 4.32095503171597, "prior": 7.740408081831658, "rate": 9.835569322189354}, "datetime": {"datetime": "2024-06-13 02:09:21", "elapsed": 211.328401, "delta": 0.111701}}
{"target": -100.04948309152584, "params": {"p_ai": 3.6731485703528572, "p_al": 0.3599139619079784, "p_ex": 5.07790279342019, "prior": 3.5256412227906653, "rate": 1.7614437496880826}, "datetime": {"datetime": "2024-06-13 02:09:21", "elapsed": 211.440679, "delta": 0.112278}}
{"target": -154.33895384127783, "params": {"p_ai": 9.343086501575788, "p_al": 1.1970610915354551, "p_ex": 6.5429530555272635, "prior": 1.6881259931486678, "rate": 7.964580244936878}, "datetime": {"datetime": "2024-06-13 02:09:21", "elapsed": 211.552949, "delta": 0.11227}}
{"target": -104.47554504290176, "params": {"p_ai": 2.581797390048383, "p_al": 6.980372818587215, "p_ex": 6.279309106625949, "prior": 7.1582611729380785, "rate": 2.509045645020982}, "datetime": {"datetime": "2024-06-13 02:09:21", "elapsed": 211.664457, "delta": 0.111508}}
{"target": -128.29782676213551, "params": {"p_ai": 5.040739675586524, "p_al": 3.4219991979294457, "p_ex": 1.8038144159290055, "prior": 4.755592956498562, "rate": 9.121320206261762}, "datetime": {"datetime": "2024-06-13 02:09:21", "elapsed": 211.776025, "delta": 0.111568}}
{"target": -159.29148386674416, "params": {"p_ai": 5.679851593329904, "p_al": 6.3092680345791186, "p_ex": 5.492947356708023, "prior": 0.45125465964832556, "rate": 8.686803585738467}, "datetime": {"datetime": "2024-06-13 02:09:21", "elapsed": 211.887203, "delta": 0.111178}}
{"target": -101.48924859672087, "params": {"p_ai": 1.2488091352044703, "p_al": 7.364341651650799, "p_ex": 4.518124677923766, "prior": 7.10303533404568, "rate": 8.611423430034481}, "datetime": {"datetime": "2024-06-13 02:09:21", "elapsed": 211.998905, "delta": 0.111702}}
{"target": -180.8350834772693, "params": {"p_ai": 6.966020702292478, "p_al": 8.539175558401974, "p_ex": 4.871212886985774, "prior": 0.918884195524545, "rate": 3.7865239272439655}, "datetime": {"datetime": "2024-06-13 02:09:22", "elapsed": 212.109609, "delta": 0.110704}}
{"target": -91.42560048659499, "params": {"p_ai": 1.9149858840908718, "p_al": 7.635396338424311, "p_ex": 6.954013909748106, "prior": 5.795719129348575, "rate": 7.688642700710957}, "datetime": {"datetime": "2024-06-13 02:09:22", "elapsed": 212.220313, "delta": 0.110704}}
{"target": -91.32510939563304, "params": {"p_ai": 3.694271653183792, "p_al": 3.6923996638210648, "p_ex": 7.002394412067741, "prior": 4.523578447246285, "rate": 8.119345489453556}, "datetime": {"datetime": "2024-06-13 02:09:22", "elapsed": 212.331048, "delta": 0.110735}}
{"target": -112.97210800611653, "params": {"p_ai": 1.5469574316809762, "p_al": 5.898974533155622, "p_ex": 3.736309787079538, "prior": 2.4715388646961878, "rate": 2.544044252328794}, "datetime": {"datetime": "2024-06-13 02:09:22", "elapsed": 212.442177, "delta": 0.111129}}
{"target": -156.3789834162467, "params": {"p_ai": 7.437727992572913, "p_al": 3.2893167926474636, "p_ex": 2.279929885191457, "prior": 9.053660900901122, "rate": 4.163527066834268}, "datetime": {"datetime": "2024-06-13 02:09:22", "elapsed": 212.552927, "delta": 0.11075}}
{"target": -187.12709628734228, "params": {"p_ai": 5.344429334800736, "p_al": 3.721233388098805, "p_ex": 2.339332965914614, "prior": 1.0243329283321738, "rate": 0.552765917581405}, "datetime": {"datetime": "2024-06-13 02:09:22", "elapsed": 212.669875, "delta": 0.116948}}
{"target": -158.11430507724293, "params": {"p_ai": 8.728846271820581, "p_al": 1.7305261188770236, "p_ex": 5.389977736100399, "prior": 9.787262915137529, "rate": 1.6741303440042716}, "datetime": {"datetime": "2024-06-13 02:09:22", "elapsed": 212.78211, "delta": 0.112235}}
{"target": -159.26189954556634, "params": {"p_ai": 5.9580397526432485, "p_al": 7.513905802989992, "p_ex": 0.7997906390307579, "prior": 4.52781951549999, "rate": 7.918482157482571}, "datetime": {"datetime": "2024-06-13 02:09:22", "elapsed": 212.892815, "delta": 0.110705}}
{"target": -129.73772881617975, "params": {"p_ai": 7.218066620682272, "p_al": 6.785967564695583, "p_ex": 7.667126257505545, "prior": 5.821443127018461, "rate": 3.7495945385656966}, "datetime": {"datetime": "2024-06-13 02:09:22", "elapsed": 213.003518, "delta": 0.110703}}
{"target": -114.03263753551393, "params": {"p_ai": 4.471487619513789, "p_al": 2.8049829823986183, "p_ex": 3.3932177776488177, "prior": 8.801774626422448, "rate": 5.363962031098822}, "datetime": {"datetime": "2024-06-13 02:09:23", "elapsed": 213.114222, "delta": 0.110704}}
{"target": -110.80639134420784, "params": {"p_ai": 0.7383672180412829, "p_al": 6.72300831011704, "p_ex": 7.297835753188504, "prior": 3.9566998705923595, "rate": 3.4759925510493996}, "datetime": {"datetime": "2024-06-13 02:09:23", "elapsed": 213.22393, "delta": 0.109708}}
{"target": -113.05894650359207, "params": {"p_ai": 1.0762177778688427, "p_al": 5.466748475884789, "p_ex": 2.628961332513215, "prior": 9.180248732872576, "rate": 8.506602449242905}, "datetime": {"datetime": "2024-06-13 02:09:23", "elapsed": 213.33563, "delta": 0.1117}}
{"target": -117.56582899653024, "params": {"p_ai": 6.536425024163568, "p_al": 8.758501047052498, "p_ex": 9.689135799507397, "prior": 5.908278161390933, "rate": 9.801337037343496}, "datetime": {"datetime": "2024-06-13 02:09:23", "elapsed": 213.445886, "delta": 0.110256}}
{"target": -113.14855578774574, "params": {"p_ai": 5.493073404549781, "p_al": 2.936662168246929, "p_ex": 4.912876181602172, "prior": 4.051458022152253, "rate": 5.998158171162226}, "datetime": {"datetime": "2024-06-13 02:09:23", "elapsed": 213.556169, "delta": 0.110283}}
{"target": -119.01888286992119, "params": {"p_ai": 4.807494200542663, "p_al": 2.8677411327358473, "p_ex": 6.252256280872256, "prior": 8.054201911055628, "rate": 0.7883984302275981}, "datetime": {"datetime": "2024-06-13 02:09:23", "elapsed": 213.666874, "delta": 0.110705}}
{"target": -146.1007000806936, "params": {"p_ai": 4.236810197958907, "p_al": 6.450375344994171, "p_ex": 0.07383112556481046, "prior": 8.757015198397594, "rate": 6.94051629998809}, "datetime": {"datetime": "2024-06-13 02:09:23", "elapsed": 213.778274, "delta": 0.1114}}
{"target": -144.03353264724493, "params": {"p_ai": 7.4979379751671615, "p_al": 5.2334304933340325, "p_ex": 9.754692363709557, "prior": 1.5317071824174862, "rate": 9.558208085259503}, "datetime": {"datetime": "2024-06-13 02:09:23", "elapsed": 213.889011, "delta": 0.110737}}
{"target": -176.94008150853873, "params": {"p_ai": 9.955988636673547, "p_al": 0.7864557259570133, "p_ex": 3.3695073241418894, "prior": 9.927443443215722, "rate": 4.268180535075375}, "datetime": {"datetime": "2024-06-13 02:09:23", "elapsed": 213.99915, "delta": 0.110139}}
{"target": -146.5847370799998, "params": {"p_ai": 8.233661132143844, "p_al": 2.881868167285576, "p_ex": 5.121431057426107, "prior": 4.6615764912944275, "rate": 3.3300970409221056}, "datetime": {"datetime": "2024-06-13 02:09:24", "elapsed": 214.109853, "delta": 0.110703}}
{"target": -122.85858655252942, "params": {"p_ai": 5.271290722006996, "p_al": 0.8060343168486149, "p_ex": 2.2127306243676155, "prior": 3.360255085813687, "rate": 9.68877278960717}, "datetime": {"datetime": "2024-06-13 02:09:24", "elapsed": 214.220371, "delta": 0.110518}}
