{"target": -328.91556845857764, "params": {"gamma": 2.351541289225017, "lr": 0.461602080891622}, "datetime": {"datetime": "2024-06-13 21:42:34", "elapsed": 2.11367, "delta": 0.003989}}
{"target": -509.88640123897085, "params": {"gamma": 1.9867164390362086, "lr": 0.0254762357788203}, "datetime": {"datetime": "2024-06-13 21:42:34", "elapsed": 2.117659, "delta": 0.003989}}
{"target": -1211.772190567441, "params": {"gamma": 7.294247584863271, "lr": 0.7249167472191191}, "datetime": {"datetime": "2024-06-13 21:42:34", "elapsed": 2.121649, "delta": 0.00399}}
{"target": -571.7327614143504, "params": {"gamma": 3.304587071870666, "lr": 0.8434941260636555}, "datetime": {"datetime": "2024-06-13 21:42:34", "elapsed": 2.124641, "delta": 0.002992}}
{"target": -745.8180132661466, "params": {"gamma": 4.284996317034784, "lr": 0.8646861447635343}, "datetime": {"datetime": "2024-06-13 21:42:34", "elapsed": 2.12863, "delta": 0.003989}}
{"target": -989.4009345304048, "params": {"gamma": 6.570997180804273, "lr": 0.5810356574180902}, "datetime": {"datetime": "2024-06-13 21:42:34", "elapsed": 2.132619, "delta": 0.003989}}
{"target": -305.3511913810929, "params": {"gamma": 2.008074152862875, "lr": 0.5295466104783949}, "datetime": {"datetime": "2024-06-13 21:42:34", "elapsed": 2.136609, "delta": 0.00399}}
{"target": -1360.7216209331984, "params": {"gamma": 8.944429751857296, "lr": 0.30499397583521604}, "datetime": {"datetime": "2024-06-13 21:42:34", "elapsed": 2.1396, "delta": 0.002991}}
{"target": -1535.2834922834136, "params": {"gamma": 8.709585146001372, "lr": 0.9087452728583881}, "datetime": {"datetime": "2024-06-13 21:42:34", "elapsed": 2.14359, "delta": 0.00399}}
{"target": -537.3878392483799, "params": {"gamma": 3.2991157822561417, "lr": 0.6830743663365642}, "datetime": {"datetime": "2024-06-13 21:42:34", "elapsed": 2.147579, "delta": 0.003989}}
{"target": -2192.12686057675, "params": {"gamma": 8.992310274710121, "lr": 0.07569688175830336}, "datetime": {"datetime": "2024-06-13 21:42:34", "elapsed": 2.151569, "delta": 0.00399}}
{"target": -1457.3390167259151, "params": {"gamma": 8.7860000441845, "lr": 0.1908393632684806}, "datetime": {"datetime": "2024-06-13 21:42:34", "elapsed": 2.15456, "delta": 0.002991}}
{"target": -1350.2409813176116, "params": {"gamma": 8.497839331269288, "lr": 0.6671187886992039}, "datetime": {"datetime": "2024-06-13 21:42:34", "elapsed": 2.158551, "delta": 0.003991}}
{"target": -696.606343470045, "params": {"gamma": 3.4440476153050885, "lr": 0.151375569992799}, "datetime": {"datetime": "2024-06-13 21:42:34", "elapsed": 2.162539, "delta": 0.003988}}
{"target": -1075.9345841025026, "params": {"gamma": 6.354074243923046, "lr": 0.8477880437147416}, "datetime": {"datetime": "2024-06-13 21:42:34", "elapsed": 2.166529, "delta": 0.00399}}
{"target": -1254.4163548064944, "params": {"gamma": 8.218671898265342, "lr": 0.6282395971306578}, "datetime": {"datetime": "2024-06-13 21:42:34", "elapsed": 2.170518, "delta": 0.003989}}
{"target": -1437.4594833838723, "params": {"gamma": 9.563058796042565, "lr": 0.5899231270757698}, "datetime": {"datetime": "2024-06-13 21:42:34", "elapsed": 2.17351, "delta": 0.002992}}
{"target": -285.5771612282291, "params": {"gamma": 1.979130013694545, "lr": 0.4293307226164923}, "datetime": {"datetime": "2024-06-13 21:42:34", "elapsed": 2.1775, "delta": 0.00399}}
{"target": -607.8609855429922, "params": {"gamma": 3.3681232410129716, "lr": 0.991945011907281}, "datetime": {"datetime": "2024-06-13 21:42:34", "elapsed": 2.181489, "delta": 0.003989}}
{"target": -682.463043880618, "params": {"gamma": 3.8029847246765303, "lr": 0.992700873664818}, "datetime": {"datetime": "2024-06-13 21:42:34", "elapsed": 2.185478, "delta": 0.003989}}
{"target": -913.6881203847919, "params": {"gamma": 5.188523703083409, "lr": 0.17227970147712546}, "datetime": {"datetime": "2024-06-13 21:42:34", "elapsed": 2.189467, "delta": 0.003989}}
{"target": -157.09559345056417, "params": {"gamma": 0.7466661384435471, "lr": 0.37030569377388767}, "datetime": {"datetime": "2024-06-13 21:42:34", "elapsed": 2.192459, "delta": 0.002992}}
{"target": -224.24863715121987, "params": {"gamma": 1.235065179287484, "lr": 0.6345187162918416}, "datetime": {"datetime": "2024-06-13 21:42:34", "elapsed": 2.196449, "delta": 0.00399}}
{"target": -740.4375522174695, "params": {"gamma": 4.13978453744836, "lr": 0.9909156325254501}, "datetime": {"datetime": "2024-06-13 21:42:34", "elapsed": 2.200438, "delta": 0.003989}}
{"target": -1836.3252307005362, "params": {"gamma": 9.299626280909525, "lr": 0.14923603230975002}, "datetime": {"datetime": "2024-06-13 21:42:34", "elapsed": 2.204427, "delta": 0.003989}}
{"target": -528.8259383318593, "params": {"gamma": 3.9494277431054683, "lr": 0.46157971096238615}, "datetime": {"datetime": "2024-06-13 21:42:34", "elapsed": 2.207419, "delta": 0.002992}}
{"target": -925.526470426297, "params": {"gamma": 5.609926602464331, "lr": 0.7803635232892685}, "datetime": {"datetime": "2024-06-13 21:42:34", "elapsed": 2.211409, "delta": 0.00399}}
{"target": -641.1546904855171, "params": {"gamma": 4.872451896825164, "lr": 0.4199935520102408}, "datetime": {"datetime": "2024-06-13 21:42:34", "elapsed": 2.215398, "delta": 0.003989}}
{"target": -480.6782661862062, "params": {"gamma": 2.6207350474886373, "lr": 0.9108061390867584}, "datetime": {"datetime": "2024-06-13 21:42:34", "elapsed": 2.219387, "delta": 0.003989}}
{"target": -136.11429721012993, "params": {"gamma": 0.22369284381650878, "lr": 0.8211218982189646}, "datetime": {"datetime": "2024-06-13 21:42:34", "elapsed": 2.222379, "delta": 0.002992}}
{"target": -323.24239556261693, "params": {"gamma": 1.8854955282645185, "lr": 0.6857568991725472}, "datetime": {"datetime": "2024-06-13 21:42:34", "elapsed": 2.226369, "delta": 0.00399}}
{"target": -639.4919373227148, "params": {"gamma": 3.552738684007098, "lr": 0.9742126278950913}, "datetime": {"datetime": "2024-06-13 21:42:34", "elapsed": 2.230358, "delta": 0.003989}}
{"target": -240.939119542467, "params": {"gamma": 1.22859852236475, "lr": 0.18756989261723955}, "datetime": {"datetime": "2024-06-13 21:42:34", "elapsed": 2.234347, "delta": 0.003989}}
{"target": -1337.8858490340751, "params": {"gamma": 8.894535312169324, "lr": 0.5834063146082279}, "datetime": {"datetime": "2024-06-13 21:42:34", "elapsed": 2.238336, "delta": 0.003989}}
{"target": -772.5221928085324, "params": {"gamma": 3.0931546002031376, "lr": 0.0007643854781880233}, "datetime": {"datetime": "2024-06-13 21:42:34", "elapsed": 2.242326, "delta": 0.00399}}
{"target": -473.2150235241836, "params": {"gamma": 2.2767497854842085, "lr": 0.1454036341712357}, "datetime": {"datetime": "2024-06-13 21:42:34", "elapsed": 2.245318, "delta": 0.002992}}
{"target": -381.56561068486775, "params": {"gamma": 2.035134809876536, "lr": 0.8963225568040046}, "datetime": {"datetime": "2024-06-13 21:42:34", "elapsed": 2.249307, "delta": 0.003989}}
{"target": -1396.2661152055578, "params": {"gamma": 8.731070688318136, "lr": 0.7002894376334498}, "datetime": {"datetime": "2024-06-13 21:42:34", "elapsed": 2.253297, "delta": 0.00399}}
{"target": -778.3948274692257, "params": {"gamma": 4.705506263845939, "lr": 0.8271360023322883}, "datetime": {"datetime": "2024-06-13 21:42:34", "elapsed": 2.256289, "delta": 0.002992}}
{"target": -733.8397339399211, "params": {"gamma": 4.958768144455039, "lr": 0.36348868328490525}, "datetime": {"datetime": "2024-06-13 21:42:34", "elapsed": 2.260279, "delta": 0.00399}}
{"target": -503.6934188858411, "params": {"gamma": 2.7567554245058266, "lr": 0.9247408135383717}, "datetime": {"datetime": "2024-06-13 21:42:34", "elapsed": 2.264267, "delta": 0.003988}}
{"target": -518.8103330084008, "params": {"gamma": 3.8705053533286655, "lr": 0.49288087343132025}, "datetime": {"datetime": "2024-06-13 21:42:34", "elapsed": 2.268257, "delta": 0.00399}}
{"target": -461.3443458086383, "params": {"gamma": 2.5451265850419067, "lr": 0.8849665188380633}, "datetime": {"datetime": "2024-06-13 21:42:34", "elapsed": 2.271249, "delta": 0.002992}}
{"target": -599.7483816558679, "params": {"gamma": 3.833251304596062, "lr": 0.29757471531387525}, "datetime": {"datetime": "2024-06-13 21:42:34", "elapsed": 2.275239, "delta": 0.00399}}
{"target": -1194.2080074225032, "params": {"gamma": 7.17623202698535, "lr": 0.19086994317230743}, "datetime": {"datetime": "2024-06-13 21:42:34", "elapsed": 2.279333, "delta": 0.004094}}
{"target": -237.02782761727929, "params": {"gamma": 1.1828081008410374, "lr": 0.8369977822135122}, "datetime": {"datetime": "2024-06-13 21:42:34", "elapsed": 2.283312, "delta": 0.003979}}
{"target": -1121.5466323363246, "params": {"gamma": 7.441615077773983, "lr": 0.5905205476471171}, "datetime": {"datetime": "2024-06-13 21:42:34", "elapsed": 2.287301, "delta": 0.003989}}
{"target": -377.1458928707886, "params": {"gamma": 2.429672858073742, "lr": 0.6232471451875841}, "datetime": {"datetime": "2024-06-13 21:42:34", "elapsed": 2.291291, "delta": 0.00399}}
{"target": -975.4955065990927, "params": {"gamma": 6.383914852090989, "lr": 0.32756944411232514}, "datetime": {"datetime": "2024-06-13 21:42:34", "elapsed": 2.29528, "delta": 0.003989}}
{"target": -172.9454177397048, "params": {"gamma": 0.6758259413323553, "lr": 0.8805385975643267}, "datetime": {"datetime": "2024-06-13 21:42:34", "elapsed": 2.299269, "delta": 0.003989}}
{"target": -762.6357663933818, "params": {"gamma": 4.60010735401151, "lr": 0.7638727180664299}, "datetime": {"datetime": "2024-06-13 21:42:34", "elapsed": 2.302261, "delta": 0.002992}}
{"target": -397.7546363392233, "params": {"gamma": 2.539632320806454, "lr": 0.5913871822675169}, "datetime": {"datetime": "2024-06-13 21:42:34", "elapsed": 2.30625, "delta": 0.003989}}
{"target": -620.357503675916, "params": {"gamma": 4.288522808327629, "lr": 0.38210064254913956}, "datetime": {"datetime": "2024-06-13 21:42:34", "elapsed": 2.31024, "delta": 0.00399}}
{"target": -236.25299563611, "params": {"gamma": 1.2680071250853806, "lr": 0.24426666320897583}, "datetime": {"datetime": "2024-06-13 21:42:34", "elapsed": 2.314229, "delta": 0.003989}}
{"target": -167.27869813247025, "params": {"gamma": 0.7943364880002312, "lr": 0.3028583047175786}, "datetime": {"datetime": "2024-06-13 21:42:34", "elapsed": 2.318219, "delta": 0.00399}}
{"target": -1097.1381904987065, "params": {"gamma": 7.417306297515323, "lr": 0.6150157249710488}, "datetime": {"datetime": "2024-06-13 21:42:34", "elapsed": 2.321211, "delta": 0.002992}}
{"target": -1645.6557227108922, "params": {"gamma": 6.724438578240325, "lr": 0.00838307952503159}, "datetime": {"datetime": "2024-06-13 21:42:34", "elapsed": 2.325783, "delta": 0.004572}}
{"target": -957.9003598871317, "params": {"gamma": 6.784091345540948, "lr": 0.503180690542887}, "datetime": {"datetime": "2024-06-13 21:42:34", "elapsed": 2.329765, "delta": 0.003982}}
{"target": -424.40546655667623, "params": {"gamma": 2.309853596391308, "lr": 0.17489650898192222}, "datetime": {"datetime": "2024-06-13 21:42:34", "elapsed": 2.332757, "delta": 0.002992}}
{"target": -337.95703635058214, "params": {"gamma": 1.8506446725427474, "lr": 0.8442600050750985}, "datetime": {"datetime": "2024-06-13 21:42:34", "elapsed": 2.336746, "delta": 0.003989}}
{"target": -1727.1719341595053, "params": {"gamma": 9.825915303261548, "lr": 0.9137396248416316}, "datetime": {"datetime": "2024-06-13 21:42:34", "elapsed": 2.340736, "delta": 0.00399}}
{"target": -582.0321862209743, "params": {"gamma": 3.4743468343077555, "lr": 0.7802245796913637}, "datetime": {"datetime": "2024-06-13 21:42:34", "elapsed": 2.344725, "delta": 0.003989}}
{"target": -899.9757306314439, "params": {"gamma": 5.464999452423606, "lr": 0.8164423975559377}, "datetime": {"datetime": "2024-06-13 21:42:34", "elapsed": 2.348714, "delta": 0.003989}}
{"target": -734.5729381352654, "params": {"gamma": 4.8377857849378705, "lr": 0.5899512982994037}, "datetime": {"datetime": "2024-06-13 21:42:34", "elapsed": 2.352704, "delta": 0.00399}}
{"target": -1719.305797422574, "params": {"gamma": 7.872847211795091, "lr": 0.10023464310313235}, "datetime": {"datetime": "2024-06-13 21:42:34", "elapsed": 2.355695, "delta": 0.002991}}
{"target": -746.9665251398251, "params": {"gamma": 5.370534161288567, "lr": 0.36598334666965426}, "datetime": {"datetime": "2024-06-13 21:42:34", "elapsed": 2.359685, "delta": 0.00399}}
{"target": -1069.8430852001172, "params": {"gamma": 6.043464129845054, "lr": 0.9588025156370005}, "datetime": {"datetime": "2024-06-13 21:42:34", "elapsed": 2.364671, "delta": 0.004986}}
{"target": -570.2054092971879, "params": {"gamma": 3.9288366270246278, "lr": 0.39297299794161644}, "datetime": {"datetime": "2024-06-13 21:42:34", "elapsed": 2.367663, "delta": 0.002992}}
{"target": -1207.3314320766137, "params": {"gamma": 7.9065792989023995, "lr": 0.6450783990854264}, "datetime": {"datetime": "2024-06-13 21:42:34", "elapsed": 2.371653, "delta": 0.00399}}
{"target": -636.603518850141, "params": {"gamma": 3.9394461945459094, "lr": 0.6889550482302514}, "datetime": {"datetime": "2024-06-13 21:42:34", "elapsed": 2.375643, "delta": 0.00399}}
{"target": -930.708623175485, "params": {"gamma": 4.040612088934736, "lr": 0.1361131542481221}, "datetime": {"datetime": "2024-06-13 21:42:34", "elapsed": 2.379632, "delta": 0.003989}}
{"target": -668.8304615413592, "params": {"gamma": 4.506982043452673, "lr": 0.3344193926972726}, "datetime": {"datetime": "2024-06-13 21:42:34", "elapsed": 2.383621, "delta": 0.003989}}
{"target": -406.77221018447733, "params": {"gamma": 2.180471331681618, "lr": 0.9257748016364399}, "datetime": {"datetime": "2024-06-13 21:42:34", "elapsed": 2.38761, "delta": 0.003989}}
{"target": -1040.4505913511941, "params": {"gamma": 6.896704351396498, "lr": 0.5988208906234219}, "datetime": {"datetime": "2024-06-13 21:42:34", "elapsed": 2.3916, "delta": 0.00399}}
{"target": -1052.3682490502179, "params": {"gamma": 7.466828063757928, "lr": 0.5419710617714415}, "datetime": {"datetime": "2024-06-13 21:42:34", "elapsed": 2.395589, "delta": 0.003989}}
{"target": -1236.8787429187403, "params": {"gamma": 7.005630193122407, "lr": 0.9305598192498451}, "datetime": {"datetime": "2024-06-13 21:42:34", "elapsed": 2.399579, "delta": 0.00399}}
{"target": -1504.555765485954, "params": {"gamma": 8.626304328357714, "lr": 0.1674418575065213}, "datetime": {"datetime": "2024-06-13 21:42:34", "elapsed": 2.40257, "delta": 0.002991}}
{"target": -662.5575983289798, "params": {"gamma": 2.6321271002148183, "lr": 0.07161027944180454}, "datetime": {"datetime": "2024-06-13 21:42:34", "elapsed": 2.406559, "delta": 0.003989}}
{"target": -1564.3461429463953, "params": {"gamma": 9.786749378778312, "lr": 0.23638409866037557}, "datetime": {"datetime": "2024-06-13 21:42:34", "elapsed": 2.410549, "delta": 0.00399}}
{"target": -1564.5732835565834, "params": {"gamma": 6.6063229609300596, "lr": 0.089630698927462}, "datetime": {"datetime": "2024-06-13 21:42:34", "elapsed": 2.414538, "delta": 0.003989}}
{"target": -318.41633772202556, "params": {"gamma": 2.1084986499281, "lr": 0.5028243835184045}, "datetime": {"datetime": "2024-06-13 21:42:34", "elapsed": 2.418527, "delta": 0.003989}}
{"target": -189.16863842375776, "params": {"gamma": 1.0504317296309502, "lr": 0.38887340269472437}, "datetime": {"datetime": "2024-06-13 21:42:34", "elapsed": 2.422517, "delta": 0.00399}}
{"target": -794.5799611406246, "params": {"gamma": 5.3803392136766695, "lr": 0.33920418488509996}, "datetime": {"datetime": "2024-06-13 21:42:34", "elapsed": 2.425509, "delta": 0.002992}}
{"target": -788.5992153386202, "params": {"gamma": 5.559446211054629, "lr": 0.536768321942464}, "datetime": {"datetime": "2024-06-13 21:42:34", "elapsed": 2.429498, "delta": 0.003989}}
{"target": -631.5162352066442, "params": {"gamma": 3.906714376870321, "lr": 0.6962700831011029}, "datetime": {"datetime": "2024-06-13 21:42:34", "elapsed": 2.433487, "delta": 0.003989}}
{"target": -1081.5646995479383, "params": {"gamma": 6.785146057525243, "lr": 0.6873031493743899}, "datetime": {"datetime": "2024-06-13 21:42:34", "elapsed": 2.437477, "delta": 0.00399}}
{"target": -828.4640641981601, "params": {"gamma": 5.615351096734943, "lr": 0.3580799140129358}, "datetime": {"datetime": "2024-06-13 21:42:34", "elapsed": 2.440469, "delta": 0.002992}}
{"target": -1085.1189955326763, "params": {"gamma": 6.131510241334756, "lr": 0.9357362666081998}, "datetime": {"datetime": "2024-06-13 21:42:34", "elapsed": 2.445174, "delta": 0.004705}}
{"target": -1056.9754380552388, "params": {"gamma": 5.969288360934786, "lr": 0.9795901743594252}, "datetime": {"datetime": "2024-06-13 21:42:34", "elapsed": 2.448163, "delta": 0.002989}}
{"target": -737.231165397093, "params": {"gamma": 4.4106251974683035, "lr": 0.7396119625075467}, "datetime": {"datetime": "2024-06-13 21:42:34", "elapsed": 2.452155, "delta": 0.003992}}
{"target": -141.1870379440557, "params": {"gamma": 0.3770011826173517, "lr": 0.7647266390004861}, "datetime": {"datetime": "2024-06-13 21:42:34", "elapsed": 2.456144, "delta": 0.003989}}
{"target": -1274.4816042475368, "params": {"gamma": 5.1832975216877974, "lr": 0.0053165329611032375}, "datetime": {"datetime": "2024-06-13 21:42:34", "elapsed": 2.460145, "delta": 0.004001}}
{"target": -406.64521062412757, "params": {"gamma": 2.772723847721202, "lr": 0.5348322325198115}, "datetime": {"datetime": "2024-06-13 21:42:34", "elapsed": 2.464125, "delta": 0.00398}}
{"target": -1875.8594182825836, "params": {"gamma": 7.679860819934835, "lr": 0.05309259545252509}, "datetime": {"datetime": "2024-06-13 21:42:34", "elapsed": 2.467117, "delta": 0.002992}}
{"target": -904.148017189189, "params": {"gamma": 5.490985385061347, "lr": 0.800994555798356}, "datetime": {"datetime": "2024-06-13 21:42:34", "elapsed": 2.471108, "delta": 0.003991}}
{"target": -1148.4108148435143, "params": {"gamma": 6.496180965729911, "lr": 0.9314470149929107}, "datetime": {"datetime": "2024-06-13 21:42:34", "elapsed": 2.475098, "delta": 0.00399}}
{"target": -171.12155045710819, "params": {"gamma": 0.7482397187025968, "lr": 0.2768064626005866}, "datetime": {"datetime": "2024-06-13 21:42:34", "elapsed": 2.479087, "delta": 0.003989}}
{"target": -1505.22581842049, "params": {"gamma": 9.192455805057469, "lr": 0.7650051482981429}, "datetime": {"datetime": "2024-06-13 21:42:34", "elapsed": 2.482079, "delta": 0.002992}}
{"target": -985.6980911309994, "params": {"gamma": 5.9978037043765156, "lr": 0.8329681438370704}, "datetime": {"datetime": "2024-06-13 21:42:34", "elapsed": 2.486069, "delta": 0.00399}}
{"target": -1576.6703840424484, "params": {"gamma": 8.960538872258445, "lr": 0.9727203528528249}, "datetime": {"datetime": "2024-06-13 21:42:34", "elapsed": 2.490058, "delta": 0.003989}}
{"target": -2273.3074025237665, "params": {"gamma": 9.98520655039097, "lr": 0.13964933368410348}, "datetime": {"datetime": "2024-06-13 21:42:34", "elapsed": 2.494048, "delta": 0.00399}}
{"target": -222.05699933946454, "params": {"gamma": 0.7063499053922482, "lr": 0.07346665436012334}, "datetime": {"datetime": "2024-06-13 21:42:34", "elapsed": 2.498037, "delta": 0.003989}}
{"target": -137.81816882279946, "params": {"gamma": 0.14842316520856935, "lr": 0.971820072977926}, "datetime": {"datetime": "2024-06-13 21:42:34", "elapsed": 2.502026, "delta": 0.003989}}
{"target": -204.30459835667241, "params": {"gamma": 0.9485743976558341, "lr": 0.8417368261858497}, "datetime": {"datetime": "2024-06-13 21:42:34", "elapsed": 2.505018, "delta": 0.002992}}
{"target": -900.5396414511522, "params": {"gamma": 6.852044796080089, "lr": 0.4875571674829181}, "datetime": {"datetime": "2024-06-13 21:42:34", "elapsed": 2.509008, "delta": 0.00399}}
{"target": -519.894361328714, "params": {"gamma": 3.4676021187044235, "lr": 0.35364778706700506}, "datetime": {"datetime": "2024-06-13 21:42:34", "elapsed": 2.512997, "delta": 0.003989}}
{"target": -466.90737653045124, "params": {"gamma": 2.539134984589525, "lr": 0.9110179736986265}, "datetime": {"datetime": "2024-06-13 21:42:34", "elapsed": 2.516986, "delta": 0.003989}}
{"target": -1773.8965425407414, "params": {"gamma": 7.256699812403196, "lr": 0.025925792784269874}, "datetime": {"datetime": "2024-06-13 21:42:34", "elapsed": 2.520976, "delta": 0.00399}}
{"target": -760.42884959718, "params": {"gamma": 4.615751011217899, "lr": 0.28130127253681136}, "datetime": {"datetime": "2024-06-13 21:42:34", "elapsed": 2.523967, "delta": 0.002991}}
{"target": -139.24953543808238, "params": {"gamma": 0.2906328955928069, "lr": 0.8846818943092944}, "datetime": {"datetime": "2024-06-13 21:42:34", "elapsed": 2.527957, "delta": 0.00399}}
{"target": -1175.0166243486194, "params": {"gamma": 7.710282574188869, "lr": 0.32973507924426093}, "datetime": {"datetime": "2024-06-13 21:42:34", "elapsed": 2.531946, "delta": 0.003989}}
{"target": -1213.4606469382172, "params": {"gamma": 7.965789316779574, "lr": 0.3246383222029966}, "datetime": {"datetime": "2024-06-13 21:42:34", "elapsed": 2.535935, "delta": 0.003989}}
{"target": -558.559748166893, "params": {"gamma": 3.0795165557326496, "lr": 0.9281090785007262}, "datetime": {"datetime": "2024-06-13 21:42:34", "elapsed": 2.538927, "delta": 0.002992}}
{"target": -1371.1091658789608, "params": {"gamma": 9.769184703296556, "lr": 0.5235553047168928}, "datetime": {"datetime": "2024-06-13 21:42:34", "elapsed": 2.542917, "delta": 0.00399}}
{"target": -1653.4189542205083, "params": {"gamma": 9.519399740511682, "lr": 0.8879964939264646}, "datetime": {"datetime": "2024-06-13 21:42:34", "elapsed": 2.546906, "delta": 0.003989}}
{"target": -721.3356348790311, "params": {"gamma": 5.180807583382493, "lr": 0.3727488020974856}, "datetime": {"datetime": "2024-06-13 21:42:34", "elapsed": 2.550895, "delta": 0.003989}}
{"target": -932.936287979169, "params": {"gamma": 7.103835428617774, "lr": 0.455643424642054}, "datetime": {"datetime": "2024-06-13 21:42:34", "elapsed": 2.554884, "delta": 0.003989}}
{"target": -1071.4148144287053, "params": {"gamma": 6.052523738337006, "lr": 0.9904061968899467}, "datetime": {"datetime": "2024-06-13 21:42:34", "elapsed": 2.557877, "delta": 0.002993}}
