{"target": -309.13407561024616, "params": {"gamma": 5.695374633041013, "prior": 1.693617224474527, "rate": 4.6693333476103005}, "datetime": {"datetime": "2024-06-14 19:13:26", "elapsed": 0.912596, "delta": 0.008976}}
{"target": -209.72928074154507, "params": {"gamma": 3.452375339500995, "prior": 2.327895582359438, "rate": 5.925526175789202}, "datetime": {"datetime": "2024-06-14 19:13:26", "elapsed": 0.921572, "delta": 0.008976}}
{"target": -183.91233736599852, "params": {"gamma": 3.1233861071814677, "prior": 9.171424979336672, "rate": 9.09644561399062}, "datetime": {"datetime": "2024-06-14 19:13:26", "elapsed": 0.930548, "delta": 0.008976}}
{"target": -173.1970352000934, "params": {"gamma": 2.57192581952818, "prior": 1.1978238773658891, "rate": 1.9304343574591094}, "datetime": {"datetime": "2024-06-14 19:13:26", "elapsed": 0.939524, "delta": 0.008976}}
{"target": -223.9698974510101, "params": {"gamma": 4.996342122618183, "prior": 7.312998112948502, "rate": 2.082736189649506}, "datetime": {"datetime": "2024-06-14 19:13:26", "elapsed": 0.9485, "delta": 0.008976}}
{"target": -160.82258917534205, "params": {"gamma": 2.48108755021393, "prior": 8.531551561870033, "rate": 4.159071333957006}, "datetime": {"datetime": "2024-06-14 19:13:26", "elapsed": 0.957476, "delta": 0.008976}}
{"target": -266.7506962443945, "params": {"gamma": 6.167233986485208, "prior": 2.413294778468576, "rate": 1.0205706269985484}, "datetime": {"datetime": "2024-06-14 19:13:26", "elapsed": 0.966452, "delta": 0.008976}}
{"target": -230.04860961332062, "params": {"gamma": 5.159054312668331, "prior": 4.8236957717928455, "rate": 1.5275637692875392}, "datetime": {"datetime": "2024-06-14 19:13:26", "elapsed": 0.976426, "delta": 0.009974}}
{"target": -301.81254249187015, "params": {"gamma": 6.218440511172415, "prior": 5.485700176257987, "rate": 6.541719332360473}, "datetime": {"datetime": "2024-06-14 19:13:26", "elapsed": 0.985401, "delta": 0.008975}}
{"target": -143.48817722046388, "params": {"gamma": 1.4463108557064734, "prior": 7.540125389638914, "rate": 2.221269348859427}, "datetime": {"datetime": "2024-06-14 19:13:26", "elapsed": 0.994377, "delta": 0.008976}}
{"target": -223.32025270083372, "params": {"gamma": 5.193998891835965, "prior": 7.8744306793940275, "rate": 0.22428194949007}, "datetime": {"datetime": "2024-06-14 19:13:26", "elapsed": 1.003353, "delta": 0.008976}}
{"target": -187.2691737955557, "params": {"gamma": 3.2443002348021386, "prior": 8.7419315263611, "rate": 8.447251366413093}, "datetime": {"datetime": "2024-06-14 19:13:26", "elapsed": 1.013327, "delta": 0.009974}}
{"target": -265.90319524739726, "params": {"gamma": 5.384867485352843, "prior": 8.67942191424848, "rate": 9.498110107544912}, "datetime": {"datetime": "2024-06-14 19:13:26", "elapsed": 1.022302, "delta": 0.008975}}
{"target": -308.7397339069331, "params": {"gamma": 8.264243569295784, "prior": 8.555742893981733, "rate": 0.9883352748016633}, "datetime": {"datetime": "2024-06-14 19:13:26", "elapsed": 1.031278, "delta": 0.008976}}
{"target": -301.1772704653944, "params": {"gamma": 6.51339201907757, "prior": 7.064818182711264, "rate": 6.102797885653651}, "datetime": {"datetime": "2024-06-14 19:13:26", "elapsed": 1.040254, "delta": 0.008976}}
{"target": -496.9341042022921, "params": {"gamma": 7.996353002098545, "prior": 0.4422550767291791, "rate": 7.702617106815245}, "datetime": {"datetime": "2024-06-14 19:13:26", "elapsed": 1.050228, "delta": 0.009974}}
{"target": -336.90727833884455, "params": {"gamma": 7.317554278794531, "prior": 2.671014093653696, "rate": 2.571435918922645}, "datetime": {"datetime": "2024-06-14 19:13:26", "elapsed": 1.059204, "delta": 0.008976}}
{"target": -331.05285493951294, "params": {"gamma": 6.323400870983849, "prior": 3.5184448697517077, "rate": 7.966090191394868}, "datetime": {"datetime": "2024-06-14 19:13:26", "elapsed": 1.06818, "delta": 0.008976}}
{"target": -234.41772575992687, "params": {"gamma": 4.46201617380257, "prior": 7.849219206363302, "rate": 9.904727364454784}, "datetime": {"datetime": "2024-06-14 19:13:26", "elapsed": 1.078154, "delta": 0.009974}}
{"target": -203.8241066174766, "params": {"gamma": 3.0031831469994668, "prior": 1.515757699755184, "rate": 9.01318305505639}, "datetime": {"datetime": "2024-06-14 19:13:26", "elapsed": 1.087129, "delta": 0.008975}}
{"target": -252.37539219029293, "params": {"gamma": 5.416052229494846, "prior": 9.749929671465313, "rate": 6.366407395618971}, "datetime": {"datetime": "2024-06-14 19:13:26", "elapsed": 1.095682, "delta": 0.008553}}
{"target": -441.8566063242897, "params": {"gamma": 9.939136333080178, "prior": 5.506100961015221, "rate": 5.264732913121308}, "datetime": {"datetime": "2024-06-14 19:13:26", "elapsed": 1.105655, "delta": 0.009973}}
{"target": -142.51221229320666, "params": {"gamma": 1.3551436028186268, "prior": 3.6214811927404233, "rate": 0.2631594543964365}, "datetime": {"datetime": "2024-06-14 19:13:26", "elapsed": 1.115629, "delta": 0.009974}}
{"target": -144.6216996187716, "params": {"gamma": 1.6047914000169714, "prior": 7.481808207804211, "rate": 0.3049664995979595}, "datetime": {"datetime": "2024-06-14 19:13:26", "elapsed": 1.123607, "delta": 0.007978}}
{"target": -197.80031418770557, "params": {"gamma": 3.6660644293402, "prior": 8.637227903096637, "rate": 6.927084497356036}, "datetime": {"datetime": "2024-06-14 19:13:26", "elapsed": 1.132583, "delta": 0.008976}}
{"target": -357.65020924413034, "params": {"gamma": 6.90973047851962, "prior": 1.9675043294575778, "rate": 4.419600903203486}, "datetime": {"datetime": "2024-06-14 19:13:26", "elapsed": 1.142109, "delta": 0.009526}}
{"target": -244.35849910248288, "params": {"gamma": 5.816192496035568, "prior": 9.898541905870681, "rate": 2.0398583461059854}, "datetime": {"datetime": "2024-06-14 19:13:26", "elapsed": 1.151085, "delta": 0.008976}}
{"target": -176.06138249939048, "params": {"gamma": 2.478081284721786, "prior": 2.695513529351828, "rate": 7.50197396056663}, "datetime": {"datetime": "2024-06-14 19:13:26", "elapsed": 1.160061, "delta": 0.008976}}
{"target": -281.3599611400398, "params": {"gamma": 4.570296299029493, "prior": 0.6636014402698404, "rate": 5.085653889861787}, "datetime": {"datetime": "2024-06-14 19:13:26", "elapsed": 1.170035, "delta": 0.009974}}
{"target": -152.66815133829067, "params": {"gamma": 2.120389686272116, "prior": 8.006182023126081, "rate": 2.9740164836912153}, "datetime": {"datetime": "2024-06-14 19:13:26", "elapsed": 1.179011, "delta": 0.008976}}
{"target": -147.42978327666546, "params": {"gamma": 0.2770325135330818, "prior": 5.9749812496997485, "rate": 8.438560448882956}, "datetime": {"datetime": "2024-06-14 19:13:26", "elapsed": 1.187986, "delta": 0.008975}}
{"target": -199.84917615335144, "params": {"gamma": 3.81078022449808, "prior": 7.52359727618882, "rate": 5.111903641492986}, "datetime": {"datetime": "2024-06-14 19:13:26", "elapsed": 1.196963, "delta": 0.008977}}
{"target": -258.92753592740195, "params": {"gamma": 5.409977097816925, "prior": 9.598399778511348, "rate": 8.039804954094969}, "datetime": {"datetime": "2024-06-14 19:13:26", "elapsed": 1.206936, "delta": 0.009973}}
{"target": -146.5374864761576, "params": {"gamma": 0.3241983431691163, "prior": 7.1229337871898215, "rate": 4.650549814153498}, "datetime": {"datetime": "2024-06-14 19:13:26", "elapsed": 1.215912, "delta": 0.008976}}
{"target": -435.65427168627076, "params": {"gamma": 9.475541865009603, "prior": 2.2921840698025346, "rate": 2.6714531248239735}, "datetime": {"datetime": "2024-06-14 19:13:26", "elapsed": 1.22389, "delta": 0.007978}}
{"target": -141.86153670808034, "params": {"gamma": 0.8156581748077427, "prior": 4.343326403771487, "rate": 1.091078621426664}, "datetime": {"datetime": "2024-06-14 19:13:26", "elapsed": 1.233866, "delta": 0.009976}}
{"target": -294.6001996452017, "params": {"gamma": 6.3382338193585674, "prior": 8.049336050000004, "rate": 6.968308160705665}, "datetime": {"datetime": "2024-06-14 19:13:26", "elapsed": 1.242839, "delta": 0.008973}}
{"target": -396.24898119961426, "params": {"gamma": 7.66234759937663, "prior": 3.4902957864508464, "rate": 8.45866897879375}, "datetime": {"datetime": "2024-06-14 19:13:26", "elapsed": 1.251815, "delta": 0.008976}}
{"target": -217.17491964392457, "params": {"gamma": 4.2882589812194265, "prior": 8.257697717081955, "rate": 6.265335090084314}, "datetime": {"datetime": "2024-06-14 19:13:26", "elapsed": 1.260792, "delta": 0.008977}}
{"target": -143.16344491941445, "params": {"gamma": 1.435087063653779, "prior": 0.8760303085639848, "rate": 0.1843080964871599}, "datetime": {"datetime": "2024-06-14 19:13:26", "elapsed": 1.270765, "delta": 0.009973}}
{"target": -142.64273888959335, "params": {"gamma": 0.6681832513959254, "prior": 4.639979755713475, "rate": 1.1343058857531372}, "datetime": {"datetime": "2024-06-14 19:13:26", "elapsed": 1.278744, "delta": 0.007979}}
{"target": -147.1711059709624, "params": {"gamma": 0.27880570513785086, "prior": 7.573128665765627, "rate": 3.949109954125934}, "datetime": {"datetime": "2024-06-14 19:13:26", "elapsed": 1.28772, "delta": 0.008976}}
{"target": -343.90966110553904, "params": {"gamma": 7.469638017579644, "prior": 4.57880778478987, "rate": 4.501417383260611}, "datetime": {"datetime": "2024-06-14 19:13:26", "elapsed": 1.296696, "delta": 0.008976}}
{"target": -254.2042882906526, "params": {"gamma": 4.7812469946715925, "prior": 4.79263887296572, "rate": 8.031830257799582}, "datetime": {"datetime": "2024-06-14 19:13:26", "elapsed": 1.306669, "delta": 0.009973}}
{"target": -192.95417045969958, "params": {"gamma": 4.024522806057501, "prior": 9.056392987401868, "rate": 0.3715734184924046}, "datetime": {"datetime": "2024-06-14 19:13:26", "elapsed": 1.315645, "delta": 0.008976}}
{"target": -429.6016145647093, "params": {"gamma": 7.738969552861467, "prior": 1.3438496732636145, "rate": 6.185517155553943}, "datetime": {"datetime": "2024-06-14 19:13:26", "elapsed": 1.324621, "delta": 0.008976}}
{"target": -150.22290590591385, "params": {"gamma": 0.10463224909098416, "prior": 5.4324100975058345, "rate": 0.031176548239344033}, "datetime": {"datetime": "2024-06-14 19:13:26", "elapsed": 1.334595, "delta": 0.009974}}
{"target": -419.20443883767547, "params": {"gamma": 9.511986661116556, "prior": 9.063480133657503, "rate": 7.959873452480752}, "datetime": {"datetime": "2024-06-14 19:13:26", "elapsed": 1.34357, "delta": 0.008975}}
{"target": -414.1566443851357, "params": {"gamma": 9.15282792482796, "prior": 1.541026488468131, "rate": 1.5781429686354622}, "datetime": {"datetime": "2024-06-14 19:13:26", "elapsed": 1.353544, "delta": 0.009974}}
{"target": -154.91297512057898, "params": {"gamma": 1.8771290973514374, "prior": 6.262709432769219, "rate": 9.05818915058701}, "datetime": {"datetime": "2024-06-14 19:13:26", "elapsed": 1.36252, "delta": 0.008976}}
{"target": -444.8754654475628, "params": {"gamma": 9.899561828412377, "prior": 7.1401123417815775, "rate": 7.318272291013812}, "datetime": {"datetime": "2024-06-14 19:13:26", "elapsed": 1.371495, "delta": 0.008975}}
{"target": -382.55314832437443, "params": {"gamma": 9.093022752238, "prior": 4.0686499504740965, "rate": 2.4992569515701426}, "datetime": {"datetime": "2024-06-14 19:13:26", "elapsed": 1.380472, "delta": 0.008977}}
{"target": -160.54938601426196, "params": {"gamma": 1.7351282777004415, "prior": 1.2826247983039172, "rate": 8.126293269740254}, "datetime": {"datetime": "2024-06-14 19:13:26", "elapsed": 1.38845, "delta": 0.007978}}
{"target": -151.23069319976318, "params": {"gamma": 1.4687769417990144, "prior": 2.716545078996317, "rate": 8.191072697156674}, "datetime": {"datetime": "2024-06-14 19:13:26", "elapsed": 1.398424, "delta": 0.009974}}
{"target": -172.43521120252586, "params": {"gamma": 3.106561930690306, "prior": 9.825932748000135, "rate": 2.6671203828142005}, "datetime": {"datetime": "2024-06-14 19:13:26", "elapsed": 1.4074, "delta": 0.008976}}
{"target": -293.4404480234614, "params": {"gamma": 5.336999796367143, "prior": 3.2132234107399116, "rate": 9.1078175389072}, "datetime": {"datetime": "2024-06-14 19:13:26", "elapsed": 1.416376, "delta": 0.008976}}
{"target": -203.97745549851035, "params": {"gamma": 3.666199881868493, "prior": 4.392564040004329, "rate": 5.123414630091336}, "datetime": {"datetime": "2024-06-14 19:13:26", "elapsed": 1.425351, "delta": 0.008975}}
{"target": -580.5813702119664, "params": {"gamma": 9.388925887219763, "prior": 0.4063951620843921, "rate": 7.1690697576532605}, "datetime": {"datetime": "2024-06-14 19:13:26", "elapsed": 1.434328, "delta": 0.008977}}
{"target": -542.5332674962577, "params": {"gamma": 8.910298523969097, "prior": 0.37014351282294133, "rate": 5.220990421277856}, "datetime": {"datetime": "2024-06-14 19:13:26", "elapsed": 1.443304, "delta": 0.008976}}
{"target": -182.80697140902495, "params": {"gamma": 3.2605721278884827, "prior": 8.6089442765693, "rate": 5.585606992674257}, "datetime": {"datetime": "2024-06-14 19:13:26", "elapsed": 1.45228, "delta": 0.008976}}
{"target": -335.7689791009676, "params": {"gamma": 6.902588453759316, "prior": 4.58324964952022, "rate": 6.2834620661760505}, "datetime": {"datetime": "2024-06-14 19:13:26", "elapsed": 1.462253, "delta": 0.009973}}
{"target": -218.6602377019849, "params": {"gamma": 2.901678420022571, "prior": 0.19255092186850625, "rate": 5.767982593935921}, "datetime": {"datetime": "2024-06-14 19:13:26", "elapsed": 1.471229, "delta": 0.008976}}
{"target": -191.57222379783104, "params": {"gamma": 3.1151306971104957, "prior": 5.220949225161185, "rate": 9.164142124685924}, "datetime": {"datetime": "2024-06-14 19:13:26", "elapsed": 1.479208, "delta": 0.007979}}
{"target": -230.27358952220277, "params": {"gamma": 4.265321410225459, "prior": 2.549220762363616, "rate": 3.7135663190292654}, "datetime": {"datetime": "2024-06-14 19:13:26", "elapsed": 1.489181, "delta": 0.009973}}
{"target": -413.0432934111877, "params": {"gamma": 9.31867930524877, "prior": 9.374996974960027, "rate": 8.443455155708566}, "datetime": {"datetime": "2024-06-14 19:13:26", "elapsed": 1.498157, "delta": 0.008976}}
{"target": -362.8866348993294, "params": {"gamma": 9.202144936542298, "prior": 2.356212870518038, "rate": 0.8757346133263552}, "datetime": {"datetime": "2024-06-14 19:13:26", "elapsed": 1.506136, "delta": 0.007979}}
{"target": -157.0425286661158, "params": {"gamma": 2.273870053110603, "prior": 3.2123284995290997, "rate": 1.7484839976867594}, "datetime": {"datetime": "2024-06-14 19:13:26", "elapsed": 1.515112, "delta": 0.008976}}
{"target": -314.02280094960645, "params": {"gamma": 6.071334525562633, "prior": 4.194505508511497, "rate": 8.163698766760314}, "datetime": {"datetime": "2024-06-14 19:13:26", "elapsed": 1.525085, "delta": 0.009973}}
{"target": -148.23424235057323, "params": {"gamma": 1.8521188522920375, "prior": 7.048577644587473, "rate": 2.4043158928665394}, "datetime": {"datetime": "2024-06-14 19:13:26", "elapsed": 1.534061, "delta": 0.008976}}
{"target": -240.30801415005192, "params": {"gamma": 5.742616669319757, "prior": 3.55497721248581, "rate": 0.5705870304288444}, "datetime": {"datetime": "2024-06-14 19:13:26", "elapsed": 1.543037, "delta": 0.008976}}
{"target": -159.19187411720876, "params": {"gamma": 2.288907895932798, "prior": 6.674615298012455, "rate": 4.973003683511953}, "datetime": {"datetime": "2024-06-14 19:13:26", "elapsed": 1.55301, "delta": 0.009973}}
{"target": -289.47311167161416, "params": {"gamma": 5.190640824752714, "prior": 1.8297294860783329, "rate": 5.7075877996110185}, "datetime": {"datetime": "2024-06-14 19:13:26", "elapsed": 1.561987, "delta": 0.008977}}
{"target": -425.1243999127143, "params": {"gamma": 9.967537498656892, "prior": 8.186667577037056, "rate": 5.944131865685947}, "datetime": {"datetime": "2024-06-14 19:13:26", "elapsed": 1.570963, "delta": 0.008976}}
{"target": -411.40125080606623, "params": {"gamma": 9.759914694240718, "prior": 9.025469588226281, "rate": 5.956483728092853}, "datetime": {"datetime": "2024-06-14 19:13:26", "elapsed": 1.579939, "delta": 0.008976}}
{"target": -146.51711493679863, "params": {"gamma": 0.32523082681925664, "prior": 1.0264132485930595, "rate": 0.6546517787072217}, "datetime": {"datetime": "2024-06-14 19:13:26", "elapsed": 1.590909, "delta": 0.01097}}
{"target": -253.94674732132074, "params": {"gamma": 4.517879753766062, "prior": 3.816804848361792, "rate": 9.753524992668595}, "datetime": {"datetime": "2024-06-14 19:13:26", "elapsed": 1.599885, "delta": 0.008976}}
{"target": -148.36145324862784, "params": {"gamma": 1.6806649487029495, "prior": 9.730597160133286, "rate": 7.674981213761269}, "datetime": {"datetime": "2024-06-14 19:13:26", "elapsed": 1.608861, "delta": 0.008976}}
{"target": -378.4320887068192, "params": {"gamma": 8.242554158405353, "prior": 6.362896586102173, "rate": 6.6876589692971145}, "datetime": {"datetime": "2024-06-14 19:13:26", "elapsed": 1.617837, "delta": 0.008976}}
{"target": -306.72139396719245, "params": {"gamma": 4.769346452878413, "prior": 0.23004993353841524, "rate": 3.530707849332706}, "datetime": {"datetime": "2024-06-14 19:13:26", "elapsed": 1.626813, "delta": 0.008976}}
{"target": -234.96147658040422, "params": {"gamma": 4.9212259431340915, "prior": 7.327902989792033, "rate": 4.686814799118347}, "datetime": {"datetime": "2024-06-14 19:13:26", "elapsed": 1.636786, "delta": 0.009973}}
{"target": -206.9501018119696, "params": {"gamma": 4.574591755978228, "prior": 1.4628611353614713, "rate": 0.10987644930098642}, "datetime": {"datetime": "2024-06-14 19:13:26", "elapsed": 1.645763, "delta": 0.008977}}
{"target": -402.71979733197975, "params": {"gamma": 7.583024326509486, "prior": 3.267533096969016, "rate": 9.843850118484914}, "datetime": {"datetime": "2024-06-14 19:13:26", "elapsed": 1.654739, "delta": 0.008976}}
{"target": -162.62861541998603, "params": {"gamma": 2.2031220273654006, "prior": 3.453209452268629, "rate": 5.239437460525651}, "datetime": {"datetime": "2024-06-14 19:13:26", "elapsed": 1.665709, "delta": 0.01097}}
{"target": -299.7872759989514, "params": {"gamma": 7.549159679148268, "prior": 4.692192060612927, "rate": 1.2491006085736511}, "datetime": {"datetime": "2024-06-14 19:13:26", "elapsed": 1.674685, "delta": 0.008976}}
{"target": -187.87983397405432, "params": {"gamma": 3.125701283542003, "prior": 5.094739780039847, "rate": 6.73881623116066}, "datetime": {"datetime": "2024-06-14 19:13:27", "elapsed": 1.689645, "delta": 0.01496}}
{"target": -296.34323874287264, "params": {"gamma": 7.70172941316461, "prior": 1.3903242314481075, "rate": 0.23012839809249527}, "datetime": {"datetime": "2024-06-14 19:13:27", "elapsed": 1.698621, "delta": 0.008976}}
{"target": -223.47509865367925, "params": {"gamma": 5.191304139797683, "prior": 8.118888235557922, "rate": 0.12702506653173326}, "datetime": {"datetime": "2024-06-14 19:13:27", "elapsed": 1.708595, "delta": 0.009974}}
{"target": -298.64660297369835, "params": {"gamma": 6.725025976692686, "prior": 6.899401443904219, "rate": 4.49301828911279}, "datetime": {"datetime": "2024-06-14 19:13:27", "elapsed": 1.725549, "delta": 0.016954}}
{"target": -329.7764785005252, "params": {"gamma": 9.1479720787326, "prior": 6.47917473909423, "rate": 0.05339313667700704}, "datetime": {"datetime": "2024-06-14 19:13:27", "elapsed": 1.734525, "delta": 0.008976}}
{"target": -242.04607496625997, "params": {"gamma": 4.844800026698242, "prior": 8.60724628036624, "rate": 8.304165300803357}, "datetime": {"datetime": "2024-06-14 19:13:27", "elapsed": 1.744499, "delta": 0.009974}}
{"target": -299.95748714800965, "params": {"gamma": 6.491892816927667, "prior": 6.769614396596453, "rate": 5.7854172983122165}, "datetime": {"datetime": "2024-06-14 19:13:27", "elapsed": 1.753474, "delta": 0.008975}}
{"target": -174.79804929646434, "params": {"gamma": 2.741923631893355, "prior": 5.649246906306982, "rate": 6.717626118389386}, "datetime": {"datetime": "2024-06-14 19:13:27", "elapsed": 1.762451, "delta": 0.008977}}
{"target": -182.06160667906772, "params": {"gamma": 3.5249438725338718, "prior": 8.572700835813885, "rate": 1.9511798226010642}, "datetime": {"datetime": "2024-06-14 19:13:27", "elapsed": 1.771427, "delta": 0.008976}}
{"target": -390.7647941659806, "params": {"gamma": 7.473460782508901, "prior": 2.9670671872500867, "rate": 7.738219073154577}, "datetime": {"datetime": "2024-06-14 19:13:27", "elapsed": 1.781254, "delta": 0.009827}}
{"target": -207.90607137596538, "params": {"gamma": 4.277945556031427, "prior": 8.096214250210874, "rate": 3.535995091817236}, "datetime": {"datetime": "2024-06-14 19:13:27", "elapsed": 1.79023, "delta": 0.008976}}
{"target": -153.2056560108293, "params": {"gamma": 2.137718683058182, "prior": 7.696116633375489, "rate": 3.0871108343588807}, "datetime": {"datetime": "2024-06-14 19:13:27", "elapsed": 1.798208, "delta": 0.007978}}
{"target": -295.49379753663294, "params": {"gamma": 7.332717432196549, "prior": 7.4702842154695475, "rate": 2.2147456123811025}, "datetime": {"datetime": "2024-06-14 19:13:27", "elapsed": 1.808182, "delta": 0.009974}}
{"target": -155.65528624869265, "params": {"gamma": 2.141907256069664, "prior": 2.0695844419279603, "rate": 1.4260408593206808}, "datetime": {"datetime": "2024-06-14 19:13:27", "elapsed": 1.817158, "delta": 0.008976}}
{"target": -225.83090976589034, "params": {"gamma": 3.7714489094741337, "prior": 0.3636160584470526, "rate": 1.110092769973372}, "datetime": {"datetime": "2024-06-14 19:13:27", "elapsed": 1.826134, "delta": 0.008976}}
{"target": -265.7864656606029, "params": {"gamma": 6.745965673610343, "prior": 8.017787715284124, "rate": 0.8062147417567307}, "datetime": {"datetime": "2024-06-14 19:13:27", "elapsed": 1.83511, "delta": 0.008976}}
{"target": -174.89414724134807, "params": {"gamma": 2.3177914025474347, "prior": 2.1554940518577625, "rate": 9.173418297253225}, "datetime": {"datetime": "2024-06-14 19:13:27", "elapsed": 1.845083, "delta": 0.009973}}
