{"target": -153.17172102106366, "params": {"gamma": 0.311939657480023, "prior": 5.754639817943711, "rate": 1.8055046214421606}, "datetime": {"datetime": "2024-06-14 12:57:13", "elapsed": 2.690405, "delta": 0.008976}}
{"target": -525.7428645867694, "params": {"gamma": 6.309961044194965, "prior": 9.811144389930757, "rate": 8.749150609572597}, "datetime": {"datetime": "2024-06-14 12:57:14", "elapsed": 2.699381, "delta": 0.008976}}
{"target": -410.07289608101684, "params": {"gamma": 4.518910657959286, "prior": 7.113762613512001, "rate": 7.77491003128189}, "datetime": {"datetime": "2024-06-14 12:57:14", "elapsed": 2.708357, "delta": 0.008976}}
{"target": -344.2670982452505, "params": {"gamma": 4.9489359987414545, "prior": 5.332481552757894, "rate": 1.5086931993235537}, "datetime": {"datetime": "2024-06-14 12:57:14", "elapsed": 2.717333, "delta": 0.008976}}
{"target": -449.71550153850046, "params": {"gamma": 3.6946298561934507, "prior": 1.5079904054205882, "rate": 7.269210639692282}, "datetime": {"datetime": "2024-06-14 12:57:14", "elapsed": 2.726309, "delta": 0.008976}}
{"target": -484.1395608925024, "params": {"gamma": 4.770652931028231, "prior": 4.543900483396978, "rate": 8.860093713682348}, "datetime": {"datetime": "2024-06-14 12:57:14", "elapsed": 2.735285, "delta": 0.008976}}
{"target": -418.85461080869464, "params": {"gamma": 5.2766601043433035, "prior": 4.149999235976913, "rate": 2.6896513301042457}, "datetime": {"datetime": "2024-06-14 12:57:14", "elapsed": 2.744261, "delta": 0.008976}}
{"target": -156.17757694739305, "params": {"gamma": 0.7210483396625298, "prior": 4.239547723880626, "rate": 0.25850907058342715}, "datetime": {"datetime": "2024-06-14 12:57:14", "elapsed": 2.754234, "delta": 0.009973}}
{"target": -321.6246387320002, "params": {"gamma": 2.912248251583728, "prior": 5.084744147499125, "rate": 9.659364717132203}, "datetime": {"datetime": "2024-06-14 12:57:14", "elapsed": 2.763211, "delta": 0.008977}}
{"target": -177.3858008209334, "params": {"gamma": 1.0947197590216522, "prior": 6.7631064367445575, "rate": 4.999823778620901}, "datetime": {"datetime": "2024-06-14 12:57:14", "elapsed": 2.772186, "delta": 0.008975}}
{"target": -571.9275109293199, "params": {"gamma": 7.771205194528555, "prior": 1.521709278954672, "rate": 0.8329431617223197}, "datetime": {"datetime": "2024-06-14 12:57:14", "elapsed": 2.781162, "delta": 0.008976}}
{"target": -286.79222965240933, "params": {"gamma": 3.9927868349191855, "prior": 7.989926294601011, "rate": 1.917565713359991}, "datetime": {"datetime": "2024-06-14 12:57:14", "elapsed": 2.790138, "delta": 0.008976}}
{"target": -601.6796235868665, "params": {"gamma": 7.678004144280593, "prior": 2.9739501709124956, "rate": 2.1696979846303415}, "datetime": {"datetime": "2024-06-14 12:57:14", "elapsed": 2.799114, "delta": 0.008976}}
{"target": -152.6539358691529, "params": {"gamma": 0.1681391751809873, "prior": 4.046724693231549, "rate": 3.8114338314432303}, "datetime": {"datetime": "2024-06-14 12:57:14", "elapsed": 2.80809, "delta": 0.008976}}
{"target": -648.1829928669911, "params": {"gamma": 6.593790017017453, "prior": 0.8020921646568335, "rate": 1.5268872664356763}, "datetime": {"datetime": "2024-06-14 12:57:14", "elapsed": 2.817066, "delta": 0.008976}}
{"target": -153.1673292729393, "params": {"gamma": 0.16674225312644053, "prior": 1.2265839288293277, "rate": 6.518240970824895}, "datetime": {"datetime": "2024-06-14 12:57:14", "elapsed": 2.826042, "delta": 0.008976}}
{"target": -407.30238439866315, "params": {"gamma": 4.027165864897017, "prior": 3.278160510256427, "rate": 5.579562030443482}, "datetime": {"datetime": "2024-06-14 12:57:14", "elapsed": 2.835018, "delta": 0.008976}}
{"target": -791.9624103944047, "params": {"gamma": 9.9346111705354, "prior": 8.361416488778493, "rate": 6.99653220081344}, "datetime": {"datetime": "2024-06-14 12:57:14", "elapsed": 2.844995, "delta": 0.009977}}
{"target": -834.3180831786601, "params": {"gamma": 9.182667632731448, "prior": 0.4933141961625397, "rate": 0.7042640827136369}, "datetime": {"datetime": "2024-06-14 12:57:14", "elapsed": 2.853971, "delta": 0.008976}}
{"target": -509.47092125347365, "params": {"gamma": 4.740588893590559, "prior": 3.5567573882750656, "rate": 9.37258336922236}, "datetime": {"datetime": "2024-06-14 12:57:14", "elapsed": 2.862947, "delta": 0.008976}}
{"target": -478.7764358327927, "params": {"gamma": 4.896160046490541, "prior": 5.442526189924171, "rate": 8.952708396946477}, "datetime": {"datetime": "2024-06-14 12:57:14", "elapsed": 2.871923, "delta": 0.008976}}
{"target": -318.46763012550446, "params": {"gamma": 4.466903823191082, "prior": 8.782640453776484, "rate": 2.536563911966912}, "datetime": {"datetime": "2024-06-14 12:57:14", "elapsed": 2.880898, "delta": 0.008975}}
{"target": -300.03670020477136, "params": {"gamma": 2.7388232318769274, "prior": 3.3507777618671426, "rate": 5.476095140539054}, "datetime": {"datetime": "2024-06-14 12:57:14", "elapsed": 2.889874, "delta": 0.008976}}
{"target": -201.46728049153322, "params": {"gamma": 2.2020666115957854, "prior": 6.747148793704605, "rate": 1.4287900347472011}, "datetime": {"datetime": "2024-06-14 12:57:14", "elapsed": 2.898851, "delta": 0.008977}}
{"target": -163.44265810323097, "params": {"gamma": 0.9419086447218946, "prior": 8.714898287433238, "rate": 2.3694501668664283}, "datetime": {"datetime": "2024-06-14 12:57:14", "elapsed": 2.907827, "delta": 0.008976}}
{"target": -347.5676779969042, "params": {"gamma": 3.8606541062149327, "prior": 5.758266717980789, "rate": 5.258493897544749}, "datetime": {"datetime": "2024-06-14 12:57:14", "elapsed": 2.916803, "delta": 0.008976}}
{"target": -168.61335261048535, "params": {"gamma": 0.7611627705416266, "prior": 8.75384676242048, "rate": 9.511405048568502}, "datetime": {"datetime": "2024-06-14 12:57:14", "elapsed": 2.925779, "delta": 0.008976}}
{"target": -782.7903693092402, "params": {"gamma": 8.125260534442543, "prior": 2.9096381659740556, "rate": 5.278940114383477}, "datetime": {"datetime": "2024-06-14 12:57:14", "elapsed": 2.934755, "delta": 0.008976}}
{"target": -356.09251355381025, "params": {"gamma": 3.394827823452077, "prior": 5.5912063767979, "rate": 9.744060285661112}, "datetime": {"datetime": "2024-06-14 12:57:14", "elapsed": 2.943731, "delta": 0.008976}}
{"target": -265.67993174336334, "params": {"gamma": 3.1177174742720952, "prior": 6.72108639863641, "rate": 3.26034610588255}, "datetime": {"datetime": "2024-06-14 12:57:14", "elapsed": 2.952707, "delta": 0.008976}}
{"target": -808.9441289720652, "params": {"gamma": 7.744998182884782, "prior": 3.325518669470728, "rate": 8.898383587132303}, "datetime": {"datetime": "2024-06-14 12:57:14", "elapsed": 2.961683, "delta": 0.008976}}
{"target": -568.0927781648444, "params": {"gamma": 7.51732550147175, "prior": 7.650057744906595, "rate": 4.695320806570698}, "datetime": {"datetime": "2024-06-14 12:57:14", "elapsed": 2.970658, "delta": 0.008975}}
{"target": -298.69595795828974, "params": {"gamma": 2.108434260184585, "prior": 0.5106032878073389, "rate": 3.218966170902475}, "datetime": {"datetime": "2024-06-14 12:57:14", "elapsed": 2.979635, "delta": 0.008977}}
{"target": -156.2765921105846, "params": {"gamma": 0.3720895322754502, "prior": 6.969168572601607, "rate": 6.703829969329749}, "datetime": {"datetime": "2024-06-14 12:57:14", "elapsed": 2.988611, "delta": 0.008976}}
{"target": -358.8559018903629, "params": {"gamma": 4.305287355667006, "prior": 7.701110878815912, "rate": 5.360548938900898}, "datetime": {"datetime": "2024-06-14 12:57:14", "elapsed": 2.997587, "delta": 0.008976}}
{"target": -157.81502938298775, "params": {"gamma": 0.3995594064278903, "prior": 1.4344518678107228, "rate": 1.9349705737501688}, "datetime": {"datetime": "2024-06-14 12:57:14", "elapsed": 3.006563, "delta": 0.008976}}
{"target": -448.42480999964226, "params": {"gamma": 3.357302347845333, "prior": 0.6178981697310199, "rate": 6.051562688223163}, "datetime": {"datetime": "2024-06-14 12:57:14", "elapsed": 3.015569, "delta": 0.009006}}
{"target": -414.36519363151666, "params": {"gamma": 5.121098214211664, "prior": 6.212864018969845, "rate": 4.324123592048677}, "datetime": {"datetime": "2024-06-14 12:57:14", "elapsed": 3.024544, "delta": 0.008975}}
{"target": -477.7076537061106, "params": {"gamma": 8.47715698190614, "prior": 4.595184654985598, "rate": 0.15501979439941704}, "datetime": {"datetime": "2024-06-14 12:57:14", "elapsed": 3.03349, "delta": 0.008946}}
{"target": -769.9826594033009, "params": {"gamma": 8.730808416322548, "prior": 6.596395322666579, "rate": 8.23020740344406}, "datetime": {"datetime": "2024-06-14 12:57:14", "elapsed": 3.042467, "delta": 0.008977}}
{"target": -1055.5965369076341, "params": {"gamma": 9.517805154645483, "prior": 0.6040325968171834, "rate": 2.3514835690460547}, "datetime": {"datetime": "2024-06-14 12:57:14", "elapsed": 3.051443, "delta": 0.008976}}
{"target": -167.80397397079872, "params": {"gamma": 0.6343710911199417, "prior": 4.274413071721264, "rate": 8.638427625869019}, "datetime": {"datetime": "2024-06-14 12:57:14", "elapsed": 3.060418, "delta": 0.008975}}
{"target": -160.56001531165825, "params": {"gamma": 0.817158203167966, "prior": 4.783808333570197, "rate": 1.2563055549774276}, "datetime": {"datetime": "2024-06-14 12:57:14", "elapsed": 3.069394, "delta": 0.008976}}
{"target": -444.3500801144443, "params": {"gamma": 7.729083136069011, "prior": 8.43007935227885, "rate": 0.4338660909233998}, "datetime": {"datetime": "2024-06-14 12:57:14", "elapsed": 3.078371, "delta": 0.008977}}
{"target": -555.8753251720902, "params": {"gamma": 4.864920990960778, "prior": 2.470169336963784, "rate": 9.5247853431509}, "datetime": {"datetime": "2024-06-14 12:57:14", "elapsed": 3.087347, "delta": 0.008976}}
{"target": -876.6853059879036, "params": {"gamma": 9.438982385210178, "prior": 6.1779466236085385, "rate": 9.734900485854638}, "datetime": {"datetime": "2024-06-14 12:57:14", "elapsed": 3.096323, "delta": 0.008976}}
{"target": -284.2526832126933, "params": {"gamma": 3.4492685758187935, "prior": 8.98872210491005, "rate": 4.346515139111687}, "datetime": {"datetime": "2024-06-14 12:57:14", "elapsed": 3.105299, "delta": 0.008976}}
{"target": -239.01551451595958, "params": {"gamma": 2.35891055683799, "prior": 9.414196835693854, "rate": 6.842496291781293}, "datetime": {"datetime": "2024-06-14 12:57:14", "elapsed": 3.114359, "delta": 0.00906}}
{"target": -162.7699671100938, "params": {"gamma": 0.6500509418059542, "prior": 8.717206082548355, "rate": 7.01410156603883}, "datetime": {"datetime": "2024-06-14 12:57:14", "elapsed": 3.123335, "delta": 0.008976}}
{"target": -419.2309476929775, "params": {"gamma": 6.049663802869843, "prior": 7.350511501875372, "rate": 2.535136985955308}, "datetime": {"datetime": "2024-06-14 12:57:14", "elapsed": 3.132311, "delta": 0.008976}}
{"target": -363.53776583081736, "params": {"gamma": 6.00528906379017, "prior": 8.164729894490387, "rate": 0.542082489579675}, "datetime": {"datetime": "2024-06-14 12:57:14", "elapsed": 3.141287, "delta": 0.008976}}
{"target": -185.9534713303594, "params": {"gamma": 1.3059762027213204, "prior": 8.440213518568495, "rate": 6.183840347409528}, "datetime": {"datetime": "2024-06-14 12:57:14", "elapsed": 3.150263, "delta": 0.008976}}
{"target": -477.3086424718551, "params": {"gamma": 5.3133468170001, "prior": 2.558078217071276, "rate": 2.9514906739197095}, "datetime": {"datetime": "2024-06-14 12:57:14", "elapsed": 3.159794, "delta": 0.009531}}
{"target": -522.5355075885522, "params": {"gamma": 8.726988963029699, "prior": 4.274492755012122, "rate": 0.6452381255404884}, "datetime": {"datetime": "2024-06-14 12:57:14", "elapsed": 3.16877, "delta": 0.008976}}
{"target": -996.7201596045173, "params": {"gamma": 8.969953710006317, "prior": 2.1134702449581058, "rate": 8.262449127388422}, "datetime": {"datetime": "2024-06-14 12:57:14", "elapsed": 3.177746, "delta": 0.008976}}
{"target": -772.7135786015466, "params": {"gamma": 8.81782446020499, "prior": 4.918832373701547, "rate": 5.98504846635326}, "datetime": {"datetime": "2024-06-14 12:57:14", "elapsed": 3.186722, "delta": 0.008976}}
{"target": -491.3614812416544, "params": {"gamma": 5.273147297397685, "prior": 6.28573081243644, "rate": 8.550562171752167}, "datetime": {"datetime": "2024-06-14 12:57:14", "elapsed": 3.195698, "delta": 0.008976}}
{"target": -260.69408474787747, "params": {"gamma": 2.8221123446002014, "prior": 8.849179530987948, "rate": 5.677335610861374}, "datetime": {"datetime": "2024-06-14 12:57:14", "elapsed": 3.204674, "delta": 0.008976}}
{"target": -198.57822591472944, "params": {"gamma": 1.151915306628067, "prior": 2.347311535625114, "rate": 5.960227873744525}, "datetime": {"datetime": "2024-06-14 12:57:14", "elapsed": 3.21365, "delta": 0.008976}}
{"target": -259.44914191435583, "params": {"gamma": 2.395222922809899, "prior": 1.4010150393208598, "rate": 1.6193152935242277}, "datetime": {"datetime": "2024-06-14 12:57:14", "elapsed": 3.222626, "delta": 0.008976}}
{"target": -789.2573458259176, "params": {"gamma": 8.448880309839154, "prior": 6.061618173537837, "rate": 9.635707304796231}, "datetime": {"datetime": "2024-06-14 12:57:14", "elapsed": 3.231602, "delta": 0.008976}}
{"target": -325.0162286019975, "params": {"gamma": 3.4574464537469587, "prior": 5.996688471536002, "rate": 5.9902539044452245}, "datetime": {"datetime": "2024-06-14 12:57:14", "elapsed": 3.240614, "delta": 0.009012}}
{"target": -786.2698244754224, "params": {"gamma": 6.157427167752284, "prior": 0.6858543511386517, "rate": 7.503421528562285}, "datetime": {"datetime": "2024-06-14 12:57:14", "elapsed": 3.249554, "delta": 0.00894}}
{"target": -635.3439313683882, "params": {"gamma": 9.482146772378064, "prior": 5.393322666077928, "rate": 1.926367653529729}, "datetime": {"datetime": "2024-06-14 12:57:14", "elapsed": 3.25853, "delta": 0.008976}}
{"target": -995.3017383417312, "params": {"gamma": 7.529506223884443, "prior": 0.17245779634585162, "rate": 3.2832327804041577}, "datetime": {"datetime": "2024-06-14 12:57:14", "elapsed": 3.267506, "delta": 0.008976}}
{"target": -835.8933659652446, "params": {"gamma": 9.176145870096288, "prior": 5.92483659564938, "rate": 8.55204764875745}, "datetime": {"datetime": "2024-06-14 12:57:14", "elapsed": 3.276482, "delta": 0.008976}}
{"target": -526.7540688452428, "params": {"gamma": 6.047115851439529, "prior": 8.243523709986324, "rate": 8.79495575076974}, "datetime": {"datetime": "2024-06-14 12:57:14", "elapsed": 3.285458, "delta": 0.008976}}
{"target": -405.9651429508323, "params": {"gamma": 3.210542758870008, "prior": 1.3172522383665672, "rate": 7.213312138521522}, "datetime": {"datetime": "2024-06-14 12:57:14", "elapsed": 3.294434, "delta": 0.008976}}
{"target": -517.3850494104021, "params": {"gamma": 4.404030521225552, "prior": 1.3546835205058854, "rate": 5.898646657450783}, "datetime": {"datetime": "2024-06-14 12:57:14", "elapsed": 3.30341, "delta": 0.008976}}
{"target": -158.75412830216175, "params": {"gamma": 0.36164707738402946, "prior": 2.0818029524687707, "rate": 7.883223595490022}, "datetime": {"datetime": "2024-06-14 12:57:14", "elapsed": 3.312956, "delta": 0.009546}}
{"target": -151.2100114495089, "params": {"gamma": 0.12195550339356331, "prior": 3.1031221499148343, "rate": 0.2147382349196191}, "datetime": {"datetime": "2024-06-14 12:57:14", "elapsed": 3.321932, "delta": 0.008976}}
{"target": -710.3885559876259, "params": {"gamma": 9.974852442290567, "prior": 5.862096765800271, "rate": 2.93446940858208}, "datetime": {"datetime": "2024-06-14 12:57:14", "elapsed": 3.330908, "delta": 0.008976}}
{"target": -753.3261427346956, "params": {"gamma": 9.289565669469264, "prior": 5.120482293127225, "rate": 4.547467583296517}, "datetime": {"datetime": "2024-06-14 12:57:14", "elapsed": 3.339884, "delta": 0.008976}}
{"target": -519.6115190391478, "params": {"gamma": 5.879127191455569, "prior": 2.7149626776846394, "rate": 3.0535777051749857}, "datetime": {"datetime": "2024-06-14 12:57:14", "elapsed": 3.348889, "delta": 0.009005}}
{"target": -403.4032152025125, "params": {"gamma": 3.7171741126651003, "prior": 2.520035193778948, "rate": 5.845888113900182}, "datetime": {"datetime": "2024-06-14 12:57:14", "elapsed": 3.358833, "delta": 0.009944}}
{"target": -890.6797404359055, "params": {"gamma": 6.958765493189333, "prior": 0.8122774796236112, "rate": 9.710862112935013}, "datetime": {"datetime": "2024-06-14 12:57:14", "elapsed": 3.367809, "delta": 0.008976}}
{"target": -624.7466149345241, "params": {"gamma": 7.53095348803868, "prior": 8.081015313238742, "rate": 7.516652400408825}, "datetime": {"datetime": "2024-06-14 12:57:14", "elapsed": 3.376785, "delta": 0.008976}}
{"target": -168.66035733312867, "params": {"gamma": 0.8015297117349018, "prior": 4.868793201909653, "rate": 4.457283891060159}, "datetime": {"datetime": "2024-06-14 12:57:14", "elapsed": 3.385761, "delta": 0.008976}}
{"target": -631.8135908039565, "params": {"gamma": 6.725054032598774, "prior": 4.5424988623607865, "rate": 7.043429670440712}, "datetime": {"datetime": "2024-06-14 12:57:14", "elapsed": 3.394737, "delta": 0.008976}}
{"target": -562.9718937028207, "params": {"gamma": 6.816771730688627, "prior": 7.001770434652286, "rate": 6.186388824872803}, "datetime": {"datetime": "2024-06-14 12:57:14", "elapsed": 3.403713, "delta": 0.008976}}
{"target": -202.32943874044577, "params": {"gamma": 1.5106563520631782, "prior": 7.631944317426985, "rate": 7.810677176117377}, "datetime": {"datetime": "2024-06-14 12:57:14", "elapsed": 3.413227, "delta": 0.009514}}
{"target": -701.9797040945712, "params": {"gamma": 9.041125756152136, "prior": 2.414310056780649, "rate": 1.7676122518303419}, "datetime": {"datetime": "2024-06-14 12:57:14", "elapsed": 3.422174, "delta": 0.008947}}
{"target": -426.36943104552785, "params": {"gamma": 3.9116001319445175, "prior": 3.2735900745520863, "rate": 8.154953813127257}, "datetime": {"datetime": "2024-06-14 12:57:14", "elapsed": 3.431149, "delta": 0.008975}}
{"target": -463.8282426595991, "params": {"gamma": 6.135645470784649, "prior": 7.624017348262513, "rate": 4.277223331869946}, "datetime": {"datetime": "2024-06-14 12:57:14", "elapsed": 3.440125, "delta": 0.008976}}
{"target": -190.8052760141622, "params": {"gamma": 0.9953061885929767, "prior": 1.238846619297438, "rate": 3.734697910240216}, "datetime": {"datetime": "2024-06-14 12:57:14", "elapsed": 3.449101, "delta": 0.008976}}
{"target": -216.22825901756053, "params": {"gamma": 1.939283827327562, "prior": 8.225390336367088, "rate": 5.996760448228745}, "datetime": {"datetime": "2024-06-14 12:57:14", "elapsed": 3.458077, "delta": 0.008976}}
{"target": -430.70152934564317, "params": {"gamma": 6.888763744927632, "prior": 4.9619886169125325, "rate": 0.8826486387405684}, "datetime": {"datetime": "2024-06-14 12:57:14", "elapsed": 3.467053, "delta": 0.008976}}
{"target": -221.52039061288292, "params": {"gamma": 2.351541289225017, "prior": 4.669860600827058, "rate": 1.9867164390362086}, "datetime": {"datetime": "2024-06-14 12:57:14", "elapsed": 3.477027, "delta": 0.009974}}
{"target": -154.0326465942506, "params": {"gamma": 0.2557368815524242, "prior": 7.321037212735911, "rate": 7.249442555443973}, "datetime": {"datetime": "2024-06-14 12:57:14", "elapsed": 3.486003, "delta": 0.008976}}
{"target": -278.1345090603934, "params": {"gamma": 3.304587071870666, "prior": 8.45059184803019, "rate": 4.284996317034784}, "datetime": {"datetime": "2024-06-14 12:57:14", "elapsed": 3.494979, "delta": 0.008976}}
{"target": -702.2004853834608, "params": {"gamma": 8.64699676149058, "prior": 6.604947703766606, "rate": 5.810775538523484}, "datetime": {"datetime": "2024-06-14 12:57:14", "elapsed": 3.503955, "delta": 0.008976}}
{"target": -247.02201563716366, "params": {"gamma": 2.008074152862875, "prior": 5.342511443736109, "rate": 8.944429751857296}, "datetime": {"datetime": "2024-06-14 12:57:14", "elapsed": 3.512933, "delta": 0.008978}}
{"target": -299.0109464712959, "params": {"gamma": 3.0506347643763254, "prior": 8.722361530694428, "rate": 9.087543983311022}, "datetime": {"datetime": "2024-06-14 12:57:14", "elapsed": 3.521909, "delta": 0.008976}}
{"target": -330.4081594052585, "params": {"gamma": 3.2991157822561417, "prior": 6.862436226731985, "rate": 8.992310274710121}, "datetime": {"datetime": "2024-06-14 12:57:14", "elapsed": 3.530885, "delta": 0.008976}}
{"target": -158.70669199775247, "params": {"gamma": 0.7578931207012753, "prior": 8.798019845727227, "rate": 1.9092027933215376}, "datetime": {"datetime": "2024-06-14 12:57:14", "elapsed": 3.539861, "delta": 0.008976}}
{"target": -613.626149775875, "params": {"gamma": 8.497839331269288, "prior": 6.704476008122119, "rate": 3.4440476153050885}, "datetime": {"datetime": "2024-06-14 12:57:14", "elapsed": 3.548837, "delta": 0.008976}}
{"target": -208.47413635684856, "params": {"gamma": 1.5146043243579972, "prior": 6.390172518735689, "rate": 8.478032649103701}, "datetime": {"datetime": "2024-06-14 12:57:14", "elapsed": 3.557842, "delta": 0.009005}}
{"target": -760.0482326875563, "params": {"gamma": 8.218671898265342, "prior": 6.319572011593512, "rate": 9.563058796042565}, "datetime": {"datetime": "2024-06-14 12:57:14", "elapsed": 3.566789, "delta": 0.008947}}
{"target": -595.1728637910973, "params": {"gamma": 5.899641347630623, "prior": 2.058544568014401, "rate": 4.293877895442307}, "datetime": {"datetime": "2024-06-14 12:57:14", "elapsed": 3.575765, "delta": 0.008976}}
{"target": -269.9837715904217, "params": {"gamma": 3.3681232410129716, "prior": 9.920255617882082, "rate": 3.8029847246765303}, "datetime": {"datetime": "2024-06-14 12:57:14", "elapsed": 3.584741, "delta": 0.008976}}
{"target": -654.2539839121644, "params": {"gamma": 9.927016035774514, "prior": 5.2361620822608, "rate": 1.7236247350697775}, "datetime": {"datetime": "2024-06-14 12:57:14", "elapsed": 3.593717, "delta": 0.008976}}
