{"target": -384.21290273830425, "params": {"gamma": 7.113433866846732, "prior": 5.583457649409001, "rate": 3.0458753612182816}, "datetime": {"datetime": "2024-06-14 08:53:12", "elapsed": 1.804913, "delta": 0.008976}}
{"target": -277.7040624416577, "params": {"gamma": 8.348705622270353, "prior": 4.409528980532247, "rate": 9.234638694972633}, "datetime": {"datetime": "2024-06-14 08:53:12", "elapsed": 1.81389, "delta": 0.008977}}
{"target": -473.05773919120395, "params": {"gamma": 7.0608119915549965, "prior": 4.8325099488563055, "rate": 1.2629748273898376}, "datetime": {"datetime": "2024-06-14 08:53:12", "elapsed": 1.822866, "delta": 0.008976}}
{"target": -372.48252252497616, "params": {"gamma": 9.760459461127008, "prior": 1.6823531384065245, "rate": 2.026818650071406}, "datetime": {"datetime": "2024-06-14 08:53:12", "elapsed": 1.832017, "delta": 0.009151}}
{"target": -280.22607867858466, "params": {"gamma": 4.312386369848549, "prior": 4.101598867173958, "rate": 1.4683680561621768}, "datetime": {"datetime": "2024-06-14 08:53:12", "elapsed": 1.841245, "delta": 0.009228}}
{"target": -241.63109414273185, "params": {"gamma": 7.293459874691873, "prior": 1.968576162084141, "rate": 6.439312547472317}, "datetime": {"datetime": "2024-06-14 08:53:12", "elapsed": 1.85004, "delta": 0.008795}}
{"target": -249.36027529388977, "params": {"gamma": 7.543305199812411, "prior": 2.1862506816248755, "rate": 6.0099415268282925}, "datetime": {"datetime": "2024-06-14 08:53:12", "elapsed": 1.859234, "delta": 0.009194}}
{"target": -327.89878086680113, "params": {"gamma": 7.489534824083119, "prior": 6.418365235141301, "rate": 5.971675902163545}, "datetime": {"datetime": "2024-06-14 08:53:12", "elapsed": 1.867639, "delta": 0.008405}}
{"target": -158.85952658634395, "params": {"gamma": 2.955527374269315, "prior": 7.342904065290937, "rate": 9.453139091559498}, "datetime": {"datetime": "2024-06-14 08:53:12", "elapsed": 1.876746, "delta": 0.009107}}
{"target": -364.71370188893275, "params": {"gamma": 4.256188341225208, "prior": 7.843599986630912, "rate": 0.5623542555794911}, "datetime": {"datetime": "2024-06-14 08:53:12", "elapsed": 1.885721, "delta": 0.008975}}
{"target": -280.97755265122856, "params": {"gamma": 8.35288075329717, "prior": 2.0032751665392623, "rate": 3.951573592030842}, "datetime": {"datetime": "2024-06-14 08:53:12", "elapsed": 1.894697, "delta": 0.008976}}
{"target": -147.99487690027024, "params": {"gamma": 3.001510378207639, "prior": 0.893026073679888, "rate": 9.046405398359493}, "datetime": {"datetime": "2024-06-14 08:53:12", "elapsed": 1.903673, "delta": 0.008976}}
{"target": -192.78076013684893, "params": {"gamma": 3.702171621359829, "prior": 5.353904640913781, "rate": 4.941668542697355}, "datetime": {"datetime": "2024-06-14 08:53:12", "elapsed": 1.912649, "delta": 0.008976}}
{"target": -151.0948538973509, "params": {"gamma": 1.3224792582874385, "prior": 2.143895183005387, "rate": 0.7628119015141794}, "datetime": {"datetime": "2024-06-14 08:53:12", "elapsed": 1.922623, "delta": 0.009974}}
{"target": -215.59518767579812, "params": {"gamma": 5.07970907775293, "prior": 2.6893405631465725, "rate": 3.5712590272190368}, "datetime": {"datetime": "2024-06-14 08:53:12", "elapsed": 1.931598, "delta": 0.008975}}
{"target": -166.17552297833106, "params": {"gamma": 1.0815452216436712, "prior": 7.896763212559821, "rate": 1.0667321840112223}, "datetime": {"datetime": "2024-06-14 08:53:12", "elapsed": 1.940574, "delta": 0.008976}}
{"target": -304.0789034227043, "params": {"gamma": 9.857102528308165, "prior": 1.8538955279403317, "rate": 5.724478719234059}, "datetime": {"datetime": "2024-06-14 08:53:12", "elapsed": 1.94955, "delta": 0.008976}}
{"target": -146.23820085065043, "params": {"gamma": 0.4494085005562922, "prior": 7.892451267592758, "rate": 1.8968698722351471}, "datetime": {"datetime": "2024-06-14 08:53:12", "elapsed": 1.958526, "delta": 0.008976}}
{"target": -380.22616152374934, "params": {"gamma": 5.279511880102859, "prior": 7.426767677274809, "rate": 1.5001649176876422}, "datetime": {"datetime": "2024-06-14 08:53:12", "elapsed": 1.967502, "delta": 0.008976}}
{"target": -200.0703535651975, "params": {"gamma": 5.511320654695531, "prior": 2.2445103624549163, "rate": 7.592201297122131}, "datetime": {"datetime": "2024-06-14 08:53:12", "elapsed": 1.976478, "delta": 0.008976}}
{"target": -241.55360605618833, "params": {"gamma": 7.229429020368581, "prior": 1.847835439343122, "rate": 8.619803610113067}, "datetime": {"datetime": "2024-06-14 08:53:12", "elapsed": 1.984457, "delta": 0.007979}}
{"target": -141.4311766394321, "params": {"gamma": 0.1987312200639263, "prior": 8.61634627448884, "rate": 5.589479207798223}, "datetime": {"datetime": "2024-06-14 08:53:12", "elapsed": 1.993433, "delta": 0.008976}}
{"target": -202.55205250902262, "params": {"gamma": 4.032801500586387, "prior": 7.611594617121132, "rate": 7.169573087923007}, "datetime": {"datetime": "2024-06-14 08:53:12", "elapsed": 2.002409, "delta": 0.008976}}
{"target": -849.5715924020855, "params": {"gamma": 9.873274421909457, "prior": 2.8530419812685297, "rate": 0.03893293042101652}, "datetime": {"datetime": "2024-06-14 08:53:12", "elapsed": 2.011385, "delta": 0.008976}}
{"target": -415.470340846928, "params": {"gamma": 9.339092180540563, "prior": 8.593181334925148, "rate": 7.28877992431504}, "datetime": {"datetime": "2024-06-14 08:53:12", "elapsed": 2.020361, "delta": 0.008976}}
{"target": -229.98700857919056, "params": {"gamma": 5.167371140432463, "prior": 7.098866827962734, "rate": 7.805515039210552}, "datetime": {"datetime": "2024-06-14 08:53:12", "elapsed": 2.029337, "delta": 0.008976}}
{"target": -191.79494566083096, "params": {"gamma": 3.749384559425057, "prior": 7.72619300076658, "rate": 7.506492567432579}, "datetime": {"datetime": "2024-06-14 08:53:12", "elapsed": 2.038313, "delta": 0.008976}}
{"target": -230.9093494718655, "params": {"gamma": 6.132498904231054, "prior": 4.07847264728159, "rate": 6.9733828846241455}, "datetime": {"datetime": "2024-06-14 08:53:12", "elapsed": 2.047289, "delta": 0.008976}}
{"target": -147.0980619883494, "params": {"gamma": 0.032125465394095866, "prior": 7.771476802573518, "rate": 8.964269607966013}, "datetime": {"datetime": "2024-06-14 08:53:12", "elapsed": 2.056265, "delta": 0.008976}}
{"target": -140.35331316941569, "params": {"gamma": 2.393917758667609, "prior": 1.2955951246613744, "rate": 2.2036195939494823}, "datetime": {"datetime": "2024-06-14 08:53:12", "elapsed": 2.065601, "delta": 0.009336}}
{"target": -188.57002048577766, "params": {"gamma": 3.021665216169693, "prior": 8.841982234781959, "rate": 5.432121135950708}, "datetime": {"datetime": "2024-06-14 08:53:12", "elapsed": 2.074578, "delta": 0.008977}}
{"target": -148.05640839915552, "params": {"gamma": 2.8678297844146994, "prior": 1.4697114289501707, "rate": 2.902154486582312}, "datetime": {"datetime": "2024-06-14 08:53:12", "elapsed": 2.082556, "delta": 0.007978}}
{"target": -243.77237253035386, "params": {"gamma": 6.139097026322785, "prior": 3.3089714459847217, "rate": 4.574144456728294}, "datetime": {"datetime": "2024-06-14 08:53:12", "elapsed": 2.091532, "delta": 0.008976}}
{"target": -259.6810785555211, "params": {"gamma": 4.441726953059129, "prior": 8.29854007124197, "rate": 4.264055194208071}, "datetime": {"datetime": "2024-06-14 08:53:12", "elapsed": 2.100532, "delta": 0.009}}
{"target": -240.91858498821694, "params": {"gamma": 3.4576425129338477, "prior": 6.782218887610141, "rate": 2.215599075279554}, "datetime": {"datetime": "2024-06-14 08:53:12", "elapsed": 2.109584, "delta": 0.009052}}
{"target": -189.347969819825, "params": {"gamma": 4.672990993441612, "prior": 3.216180304507763, "rate": 6.268929166026184}, "datetime": {"datetime": "2024-06-14 08:53:12", "elapsed": 2.118596, "delta": 0.009012}}
{"target": -301.0309363149467, "params": {"gamma": 8.773727386473432, "prior": 4.532121101441722, "rate": 7.84478973050044}, "datetime": {"datetime": "2024-06-14 08:53:12", "elapsed": 2.127607, "delta": 0.009011}}
{"target": -335.1830972868257, "params": {"gamma": 4.570200039914943, "prior": 6.596670383999601, "rate": 1.3192779092999938}, "datetime": {"datetime": "2024-06-14 08:53:12", "elapsed": 2.136244, "delta": 0.008637}}
{"target": -235.5667980051404, "params": {"gamma": 4.3303820881695145, "prior": 9.102188687683872, "rate": 6.055184531308316}, "datetime": {"datetime": "2024-06-14 08:53:12", "elapsed": 2.145316, "delta": 0.009072}}
{"target": -328.2208521849185, "params": {"gamma": 7.6679790977837845, "prior": 5.096536020149354, "rate": 4.981058192655247}, "datetime": {"datetime": "2024-06-14 08:53:12", "elapsed": 2.154309, "delta": 0.008993}}
{"target": -280.1753773050634, "params": {"gamma": 8.429155502088307, "prior": 0.7712886499754421, "rate": 5.733149443225297}, "datetime": {"datetime": "2024-06-14 08:53:12", "elapsed": 2.163384, "delta": 0.009075}}
{"target": -570.835694878012, "params": {"gamma": 9.42768299175406, "prior": 5.226814476905987, "rate": 1.945463629469317}, "datetime": {"datetime": "2024-06-14 08:53:12", "elapsed": 2.171869, "delta": 0.008485}}
{"target": -272.2399847972989, "params": {"gamma": 8.479545985042318, "prior": 2.5912275093229433, "rate": 7.007559638788898}, "datetime": {"datetime": "2024-06-14 08:53:12", "elapsed": 2.180844, "delta": 0.008975}}
{"target": -281.9802242801092, "params": {"gamma": 5.403069143028603, "prior": 9.493479253974174, "rate": 6.2437426873243576}, "datetime": {"datetime": "2024-06-14 08:53:12", "elapsed": 2.189821, "delta": 0.008977}}
{"target": -318.2811708982381, "params": {"gamma": 8.379941642515245, "prior": 0.17853547432577865, "rate": 9.893411221610213}, "datetime": {"datetime": "2024-06-14 08:53:12", "elapsed": 2.198386, "delta": 0.008565}}
{"target": -117.8314913755043, "params": {"gamma": 0.7780679887535326, "prior": 3.2890821847862193, "rate": 9.461577802172197}, "datetime": {"datetime": "2024-06-14 08:53:12", "elapsed": 2.207359, "delta": 0.008973}}
{"target": -144.06240363464948, "params": {"gamma": 0.09038208461007943, "prior": 8.24502705367716, "rate": 8.612255172029577}, "datetime": {"datetime": "2024-06-14 08:53:12", "elapsed": 2.216335, "delta": 0.008976}}
{"target": -175.8793382551815, "params": {"gamma": 4.398868311271517, "prior": 2.631877418678719, "rate": 8.027092506813352}, "datetime": {"datetime": "2024-06-14 08:53:12", "elapsed": 2.225311, "delta": 0.008976}}
{"target": -185.66015532726357, "params": {"gamma": 4.77914218231778, "prior": 1.429952225691392, "rate": 9.278562079257282}, "datetime": {"datetime": "2024-06-14 08:53:12", "elapsed": 2.234287, "delta": 0.008976}}
{"target": -306.4020037718751, "params": {"gamma": 8.959803700099478, "prior": 4.966296985167659, "rate": 8.567168262681404}, "datetime": {"datetime": "2024-06-14 08:53:12", "elapsed": 2.243263, "delta": 0.008976}}
{"target": -239.2403707029299, "params": {"gamma": 4.1863616796152225, "prior": 6.866302511646381, "rate": 3.9805084034398166}, "datetime": {"datetime": "2024-06-14 08:53:12", "elapsed": 2.25182, "delta": 0.008557}}
{"target": -190.3060897067741, "params": {"gamma": 5.057914432490653, "prior": 1.9765618580558806, "rate": 9.649924252185027}, "datetime": {"datetime": "2024-06-14 08:53:12", "elapsed": 2.260796, "delta": 0.008976}}
{"target": -158.60338498790676, "params": {"gamma": 2.9428626667543027, "prior": 1.1242496055523734, "rate": 1.4440096868902519}, "datetime": {"datetime": "2024-06-14 08:53:12", "elapsed": 2.269773, "delta": 0.008977}}
{"target": -142.593564572318, "params": {"gamma": 0.14190884963023712, "prior": 7.187862424677705, "rate": 5.645418704088501}, "datetime": {"datetime": "2024-06-14 08:53:12", "elapsed": 2.278748, "delta": 0.008975}}
{"target": -287.2161219343138, "params": {"gamma": 7.945988933496338, "prior": 5.12009124051295, "rate": 7.918418574002035}, "datetime": {"datetime": "2024-06-14 08:53:12", "elapsed": 2.287724, "delta": 0.008976}}
{"target": -382.50129085628595, "params": {"gamma": 6.957946378504123, "prior": 7.800699920905836, "rate": 4.065422206901887}, "datetime": {"datetime": "2024-06-14 08:53:12", "elapsed": 2.2967, "delta": 0.008976}}
{"target": -239.9370355091552, "params": {"gamma": 6.478058561241625, "prior": 1.8799635471604466, "rate": 3.2188778139156518}, "datetime": {"datetime": "2024-06-14 08:53:12", "elapsed": 2.305677, "delta": 0.008977}}
{"target": -148.4889115939846, "params": {"gamma": 1.7268735965778053, "prior": 4.145508527631297, "rate": 2.4149460609080227}, "datetime": {"datetime": "2024-06-14 08:53:12", "elapsed": 2.314652, "delta": 0.008975}}
{"target": -273.0575503722075, "params": {"gamma": 4.069813019299451, "prior": 9.75470119012939, "rate": 3.2038729388944907}, "datetime": {"datetime": "2024-06-14 08:53:12", "elapsed": 2.323555, "delta": 0.008903}}
{"target": -508.18788164392816, "params": {"gamma": 9.824926958803978, "prior": 6.399430645974237, "rate": 3.7515350929207165}, "datetime": {"datetime": "2024-06-14 08:53:12", "elapsed": 2.333526, "delta": 0.009971}}
{"target": -507.5362220201311, "params": {"gamma": 8.574987506336882, "prior": 6.2339087197488805, "rate": 2.521078768228263}, "datetime": {"datetime": "2024-06-14 08:53:12", "elapsed": 2.342502, "delta": 0.008976}}
{"target": -363.6516698961929, "params": {"gamma": 7.9287639240909, "prior": 4.386091236468214, "rate": 3.5757541621370836}, "datetime": {"datetime": "2024-06-14 08:53:12", "elapsed": 2.351478, "delta": 0.008976}}
{"target": -224.40850305755205, "params": {"gamma": 3.3034390883142843, "prior": 7.003951868570081, "rate": 2.6872325889383593}, "datetime": {"datetime": "2024-06-14 08:53:12", "elapsed": 2.360454, "delta": 0.008976}}
{"target": -279.54593456726843, "params": {"gamma": 8.082971859040095, "prior": 3.0233590645584933, "rate": 5.441669714469987}, "datetime": {"datetime": "2024-06-14 08:53:12", "elapsed": 2.36943, "delta": 0.008976}}
{"target": -224.62751507205013, "params": {"gamma": 4.879726996560219, "prior": 8.56802848469416, "rate": 8.883975957519464}, "datetime": {"datetime": "2024-06-14 08:53:12", "elapsed": 2.378407, "delta": 0.008977}}
{"target": -131.29827642457076, "params": {"gamma": 1.8446600392352996, "prior": 5.894949743488685, "rate": 8.982152255125355}, "datetime": {"datetime": "2024-06-14 08:53:12", "elapsed": 2.387382, "delta": 0.008975}}
{"target": -300.6618446015068, "params": {"gamma": 4.461726073125263, "prior": 9.226496224289772, "rate": 2.790629913679252}, "datetime": {"datetime": "2024-06-14 08:53:12", "elapsed": 2.396358, "delta": 0.008976}}
{"target": -387.48697169785504, "params": {"gamma": 6.0887029107637645, "prior": 6.856291726691472, "rate": 2.2828291277714907}, "datetime": {"datetime": "2024-06-14 08:53:12", "elapsed": 2.405335, "delta": 0.008977}}
{"target": -139.41357138364478, "params": {"gamma": 0.13866135806461027, "prior": 4.225567227469891, "rate": 9.384880436675484}, "datetime": {"datetime": "2024-06-14 08:53:12", "elapsed": 2.41431, "delta": 0.008975}}
{"target": -259.81892300313314, "params": {"gamma": 3.430938070194235, "prior": 7.819468525277739, "rate": 1.7481883919612469}, "datetime": {"datetime": "2024-06-14 08:53:12", "elapsed": 2.423188, "delta": 0.008878}}
{"target": -154.30328610261614, "params": {"gamma": 3.420186410188222, "prior": 1.531517436297158, "rate": 7.167991370649615}, "datetime": {"datetime": "2024-06-14 08:53:12", "elapsed": 2.432164, "delta": 0.008976}}
{"target": -429.8264689828126, "params": {"gamma": 6.993376929344446, "prior": 6.916123447694296, "rate": 2.5347069488285103}, "datetime": {"datetime": "2024-06-14 08:53:12", "elapsed": 2.44114, "delta": 0.008976}}
{"target": -248.73780908623323, "params": {"gamma": 6.923908856112466, "prior": 2.350245655067901, "rate": 4.247066510197466}, "datetime": {"datetime": "2024-06-14 08:53:12", "elapsed": 2.450116, "delta": 0.008976}}
{"target": -293.971214159907, "params": {"gamma": 3.7198492945552046, "prior": 3.61754832503921, "rate": 0.5774904176053226}, "datetime": {"datetime": "2024-06-14 08:53:12", "elapsed": 2.459092, "delta": 0.008976}}
{"target": -291.7061627982028, "params": {"gamma": 6.316834622032531, "prior": 7.102434366548825, "rate": 6.136273356333854}, "datetime": {"datetime": "2024-06-14 08:53:12", "elapsed": 2.468068, "delta": 0.008976}}
{"target": -301.44038155462755, "params": {"gamma": 6.483479248875083, "prior": 1.7824130707508519, "rate": 1.495318542589686}, "datetime": {"datetime": "2024-06-14 08:53:12", "elapsed": 2.477044, "delta": 0.008976}}
{"target": -368.5627709567846, "params": {"gamma": 5.142236260215303, "prior": 8.765793990909938, "rate": 1.8403504620306732}, "datetime": {"datetime": "2024-06-14 08:53:12", "elapsed": 2.485023, "delta": 0.007979}}
{"target": -210.60935936727867, "params": {"gamma": 4.628928347963892, "prior": 4.3464301068960385, "rate": 4.973394570009244}, "datetime": {"datetime": "2024-06-14 08:53:12", "elapsed": 2.493999, "delta": 0.008976}}
{"target": -139.77934154445236, "params": {"gamma": 1.6159461940896331, "prior": 3.4901623472346244, "rate": 2.6195421606310987}, "datetime": {"datetime": "2024-06-14 08:53:12", "elapsed": 2.502975, "delta": 0.008976}}
{"target": -455.86094772686283, "params": {"gamma": 8.44542490535156, "prior": 8.023289233186377, "rate": 4.266964943523168}, "datetime": {"datetime": "2024-06-14 08:53:12", "elapsed": 2.51195, "delta": 0.008975}}
{"target": -212.95112462878086, "params": {"gamma": 6.070547592429601, "prior": 1.5401095416355777, "rate": 5.096623328881369}, "datetime": {"datetime": "2024-06-14 08:53:12", "elapsed": 2.520927, "delta": 0.008977}}
{"target": -176.4090329754769, "params": {"gamma": 2.9701739107832585, "prior": 8.61054444033509, "rate": 6.716312210682993}, "datetime": {"datetime": "2024-06-14 08:53:12", "elapsed": 2.529903, "delta": 0.008976}}
{"target": -218.90109242523505, "params": {"gamma": 6.335106652211588, "prior": 1.3350378706848745, "rate": 4.706408207109359}, "datetime": {"datetime": "2024-06-14 08:53:12", "elapsed": 2.538882, "delta": 0.008979}}
{"target": -480.6171358242847, "params": {"gamma": 9.865741223089229, "prior": 9.488161823319384, "rate": 6.451211316964176}, "datetime": {"datetime": "2024-06-14 08:53:12", "elapsed": 2.547855, "delta": 0.008973}}
{"target": -134.6166554122834, "params": {"gamma": 1.5180969854487043, "prior": 6.427355802327059, "rate": 5.657055463326731}, "datetime": {"datetime": "2024-06-14 08:53:12", "elapsed": 2.556831, "delta": 0.008976}}
{"target": -202.49179957029418, "params": {"gamma": 4.6871897107748595, "prior": 4.337570947735874, "rate": 5.993098286824644}, "datetime": {"datetime": "2024-06-14 08:53:12", "elapsed": 2.565807, "delta": 0.008976}}
{"target": -396.9203609201147, "params": {"gamma": 8.499848915271139, "prior": 7.53609829968218, "rate": 5.794026042432034}, "datetime": {"datetime": "2024-06-14 08:53:12", "elapsed": 2.574783, "delta": 0.008976}}
{"target": -317.4490010284113, "params": {"gamma": 9.247117111178744, "prior": 0.7409258360713337, "rate": 9.913473740809359}, "datetime": {"datetime": "2024-06-14 08:53:12", "elapsed": 2.583759, "delta": 0.008976}}
{"target": -123.67414497837814, "params": {"gamma": 0.5308924321372274, "prior": 2.0750059067717572, "rate": 4.228103863783965}, "datetime": {"datetime": "2024-06-14 08:53:12", "elapsed": 2.591737, "delta": 0.007978}}
{"target": -175.92895518601972, "params": {"gamma": 1.0759812529754917, "prior": 6.274337068877248, "rate": 0.4808776479246243}, "datetime": {"datetime": "2024-06-14 08:53:12", "elapsed": 2.600713, "delta": 0.008976}}
{"target": -144.63636737105685, "params": {"gamma": 2.8469541861884147, "prior": 0.7042631430847438, "rate": 7.035489791719707}, "datetime": {"datetime": "2024-06-14 08:53:12", "elapsed": 2.60969, "delta": 0.008977}}
{"target": -376.57445969976266, "params": {"gamma": 6.684893219727232, "prior": 3.847947873180962, "rate": 1.8827544060381822}, "datetime": {"datetime": "2024-06-14 08:53:12", "elapsed": 2.618665, "delta": 0.008975}}
{"target": -252.12573967193794, "params": {"gamma": 7.4703012854704225, "prior": 3.469754978578126, "rate": 7.953216372889023}, "datetime": {"datetime": "2024-06-14 08:53:12", "elapsed": 2.628639, "delta": 0.009974}}
{"target": -420.1384365092048, "params": {"gamma": 4.879521490857024, "prior": 5.304127499074696, "rate": 0.28588000406618064}, "datetime": {"datetime": "2024-06-14 08:53:12", "elapsed": 2.637615, "delta": 0.008976}}
{"target": -331.0687979777122, "params": {"gamma": 6.442675966770439, "prior": 3.5714993740784573, "rate": 2.292821067893365}, "datetime": {"datetime": "2024-06-14 08:53:12", "elapsed": 2.646591, "delta": 0.008976}}
{"target": -199.04785194636668, "params": {"gamma": 4.339399878740795, "prior": 3.8864278269820844, "rate": 4.698420611823517}, "datetime": {"datetime": "2024-06-14 08:53:12", "elapsed": 2.655761, "delta": 0.00917}}
{"target": -314.8605489480006, "params": {"gamma": 9.794854058443883, "prior": 3.7073428966454816, "rate": 7.744326923227059}, "datetime": {"datetime": "2024-06-14 08:53:12", "elapsed": 2.664737, "delta": 0.008976}}
{"target": -337.38625331258226, "params": {"gamma": 5.528123197902375, "prior": 8.90239778216408, "rate": 3.55017355864457}, "datetime": {"datetime": "2024-06-14 08:53:12", "elapsed": 2.673714, "delta": 0.008977}}
{"target": -256.774107091757, "params": {"gamma": 2.455941283184888, "prior": 9.119090472603986, "rate": 0.43629910331389593}, "datetime": {"datetime": "2024-06-14 08:53:12", "elapsed": 2.682689, "delta": 0.008975}}
{"target": -466.4236975331382, "params": {"gamma": 9.507583527181962, "prior": 5.60842846514216, "rate": 3.764255803654188}, "datetime": {"datetime": "2024-06-14 08:53:12", "elapsed": 2.690668, "delta": 0.007979}}
{"target": -322.52565129002835, "params": {"gamma": 9.950528171068772, "prior": 0.6777901968615533, "rate": 5.167546891316355}, "datetime": {"datetime": "2024-06-14 08:53:12", "elapsed": 2.700641, "delta": 0.009973}}
