{"target": -359.9755224778768, "params": {"gamma": 0.9370488703914385, "lr": 0.0655985161350432}, "datetime": {"datetime": "2024-06-13 22:59:31", "elapsed": 6.906378, "delta": 0.004986}}
{"target": -2030.0544469032686, "params": {"gamma": 8.799475826643015, "lr": 0.8213720415432885}, "datetime": {"datetime": "2024-06-13 22:59:31", "elapsed": 6.911365, "delta": 0.004987}}
{"target": -1658.091189852722, "params": {"gamma": 8.199874253028593, "lr": 0.46781804781537173}, "datetime": {"datetime": "2024-06-13 22:59:31", "elapsed": 6.916352, "delta": 0.004987}}
{"target": -898.1071916764649, "params": {"gamma": 4.275493453510745, "lr": 0.4010683054344961}, "datetime": {"datetime": "2024-06-13 22:59:31", "elapsed": 6.920341, "delta": 0.003989}}
{"target": -1300.3656107792128, "params": {"gamma": 5.822568206350932, "lr": 0.7289706693761112}, "datetime": {"datetime": "2024-06-13 22:59:31", "elapsed": 6.925328, "delta": 0.004987}}
{"target": -1644.9920559582577, "params": {"gamma": 7.843135731493912, "lr": 0.6547991875604179}, "datetime": {"datetime": "2024-06-13 22:59:31", "elapsed": 6.931312, "delta": 0.005984}}
{"target": -1176.351117365145, "params": {"gamma": 5.625099180595456, "lr": 0.412392608220297}, "datetime": {"datetime": "2024-06-13 22:59:31", "elapsed": 6.936299, "delta": 0.004987}}
{"target": -747.0139658191422, "params": {"gamma": 3.1998307053765016, "lr": 0.2862477928261852}, "datetime": {"datetime": "2024-06-13 22:59:31", "elapsed": 6.940288, "delta": 0.003989}}
{"target": -666.811130613386, "params": {"gamma": 2.9624710073123492, "lr": 0.6827528661644432}, "datetime": {"datetime": "2024-06-13 22:59:31", "elapsed": 6.945275, "delta": 0.004987}}
{"target": -1597.666804239002, "params": {"gamma": 7.624649380413635, "lr": 0.5976197869899762}, "datetime": {"datetime": "2024-06-13 22:59:31", "elapsed": 6.950261, "delta": 0.004986}}
{"target": -708.0790513606544, "params": {"gamma": 2.229416058643355, "lr": 0.1943950205047229}, "datetime": {"datetime": "2024-06-13 22:59:31", "elapsed": 6.955248, "delta": 0.004987}}
{"target": -1939.1409161261336, "params": {"gamma": 7.657095501588769, "lr": 0.9786938189750454}, "datetime": {"datetime": "2024-06-13 22:59:31", "elapsed": 6.960234, "delta": 0.004986}}
{"target": -156.60450354983215, "params": {"gamma": 0.1600837059640327, "lr": 0.24889814198257976}, "datetime": {"datetime": "2024-06-13 22:59:31", "elapsed": 6.965222, "delta": 0.004988}}
{"target": -1778.356967226172, "params": {"gamma": 7.923336404835708, "lr": 0.7191652977533548}, "datetime": {"datetime": "2024-06-13 22:59:31", "elapsed": 6.96921, "delta": 0.003988}}
{"target": -528.1234069366471, "params": {"gamma": 2.4605535974366086, "lr": 0.5548923810758453}, "datetime": {"datetime": "2024-06-13 22:59:31", "elapsed": 6.974197, "delta": 0.004987}}
{"target": -1318.8029195006895, "params": {"gamma": 5.856272355196109, "lr": 0.7213842766472296}, "datetime": {"datetime": "2024-06-13 22:59:31", "elapsed": 6.978186, "delta": 0.003989}}
{"target": -972.582863161047, "params": {"gamma": 4.637273438415798, "lr": 0.40484847152272274}, "datetime": {"datetime": "2024-06-13 22:59:31", "elapsed": 6.983173, "delta": 0.004987}}
{"target": -902.5796957764736, "params": {"gamma": 3.080786698738075, "lr": 0.23830890840682273}, "datetime": {"datetime": "2024-06-13 22:59:31", "elapsed": 6.98816, "delta": 0.004987}}
{"target": -239.9977618462076, "params": {"gamma": 0.925941078147889, "lr": 0.6458833874176423}, "datetime": {"datetime": "2024-06-13 22:59:31", "elapsed": 6.992149, "delta": 0.003989}}
{"target": -1480.627155350666, "params": {"gamma": 6.696034914953822, "lr": 0.6873434739168471}, "datetime": {"datetime": "2024-06-13 22:59:31", "elapsed": 6.997136, "delta": 0.004987}}
{"target": -149.7592484379672, "params": {"gamma": 0.03245405892326011, "lr": 0.43825303252098613}, "datetime": {"datetime": "2024-06-13 22:59:31", "elapsed": 7.002122, "delta": 0.004986}}
{"target": -294.5951609470421, "params": {"gamma": 1.22641109574872, "lr": 0.5266093357063074}, "datetime": {"datetime": "2024-06-13 22:59:31", "elapsed": 7.007109, "delta": 0.004987}}
{"target": -1979.0769749640576, "params": {"gamma": 9.797416469397842, "lr": 0.4992770109633381}, "datetime": {"datetime": "2024-06-13 22:59:31", "elapsed": 7.011099, "delta": 0.00399}}
{"target": -874.0924484367598, "params": {"gamma": 3.747125142755934, "lr": 0.8138399923945955}, "datetime": {"datetime": "2024-06-13 22:59:31", "elapsed": 7.016086, "delta": 0.004987}}
{"target": -2218.665531514343, "params": {"gamma": 9.68204618100875, "lr": 0.28712337752879535}, "datetime": {"datetime": "2024-06-13 22:59:31", "elapsed": 7.021072, "delta": 0.004986}}
{"target": -2032.937770587455, "params": {"gamma": 8.030197397425262, "lr": 0.9961414373632698}, "datetime": {"datetime": "2024-06-13 22:59:31", "elapsed": 7.026061, "delta": 0.004989}}
{"target": -275.07394899065923, "params": {"gamma": 1.1191305732763266, "lr": 0.5310473545872221}, "datetime": {"datetime": "2024-06-13 22:59:31", "elapsed": 7.031045, "delta": 0.004984}}
{"target": -1724.5194072078257, "params": {"gamma": 8.135452268270518, "lr": 0.37629418365689815}, "datetime": {"datetime": "2024-06-13 22:59:31", "elapsed": 7.035035, "delta": 0.00399}}
{"target": -1024.0670297599481, "params": {"gamma": 4.4582994882209785, "lr": 0.7509025596645666}, "datetime": {"datetime": "2024-06-13 22:59:31", "elapsed": 7.040021, "delta": 0.004986}}
{"target": -262.13922514957386, "params": {"gamma": 0.9843654431052541, "lr": 0.3605263049964609}, "datetime": {"datetime": "2024-06-13 22:59:31", "elapsed": 7.045008, "delta": 0.004987}}
{"target": -1639.029229311698, "params": {"gamma": 5.637498846609272, "lr": 0.23858559594258377}, "datetime": {"datetime": "2024-06-13 22:59:31", "elapsed": 7.049994, "delta": 0.004986}}
{"target": -1917.3020518708477, "params": {"gamma": 8.399697763448607, "lr": 0.7658509922899394}, "datetime": {"datetime": "2024-06-13 22:59:31", "elapsed": 7.053984, "delta": 0.00399}}
{"target": -2025.0856456722809, "params": {"gamma": 9.655460253343795, "lr": 0.5229880750137287}, "datetime": {"datetime": "2024-06-13 22:59:31", "elapsed": 7.058971, "delta": 0.004987}}
{"target": -303.721965551898, "params": {"gamma": 1.06614005524794, "lr": 0.936617023061487}, "datetime": {"datetime": "2024-06-13 22:59:31", "elapsed": 7.063957, "delta": 0.004986}}
{"target": -1752.1055636956469, "params": {"gamma": 8.342525658973996, "lr": 0.5444181610032376}, "datetime": {"datetime": "2024-06-13 22:59:31", "elapsed": 7.068944, "delta": 0.004987}}
{"target": -2056.729320058051, "params": {"gamma": 8.363186471576656, "lr": 0.8816909193539424}, "datetime": {"datetime": "2024-06-13 22:59:31", "elapsed": 7.072933, "delta": 0.003989}}
{"target": -1586.5106269438638, "params": {"gamma": 7.76103529253161, "lr": 0.5712539770424174}, "datetime": {"datetime": "2024-06-13 22:59:31", "elapsed": 7.07792, "delta": 0.004987}}
{"target": -1461.4523075297006, "params": {"gamma": 6.153371915939358, "lr": 0.8443906826433587}, "datetime": {"datetime": "2024-06-13 22:59:31", "elapsed": 7.082907, "delta": 0.004987}}
{"target": -1906.5905427106522, "params": {"gamma": 6.222544146503024, "lr": 0.20647995918763162}, "datetime": {"datetime": "2024-06-13 22:59:31", "elapsed": 7.087894, "delta": 0.004987}}
{"target": -1455.4729589112376, "params": {"gamma": 6.915192747116144, "lr": 0.5320137500773816}, "datetime": {"datetime": "2024-06-13 22:59:31", "elapsed": 7.091882, "delta": 0.003988}}
{"target": -937.2454907107508, "params": {"gamma": 2.633207341942995, "lr": 0.0007865415296364198}, "datetime": {"datetime": "2024-06-13 22:59:31", "elapsed": 7.097868, "delta": 0.005986}}
{"target": -536.7571557068608, "params": {"gamma": 2.3557421152378364, "lr": 0.673566697976032}, "datetime": {"datetime": "2024-06-13 22:59:31", "elapsed": 7.102595, "delta": 0.004727}}
{"target": -2026.3490141711145, "params": {"gamma": 8.783323676609767, "lr": 0.8307025692405677}, "datetime": {"datetime": "2024-06-13 22:59:31", "elapsed": 7.107582, "delta": 0.004987}}
{"target": -407.3382227443951, "params": {"gamma": 1.0819657484995155, "lr": 0.07112497952283825}, "datetime": {"datetime": "2024-06-13 22:59:31", "elapsed": 7.112128, "delta": 0.004546}}
{"target": -1891.3349004464014, "params": {"gamma": 7.616161526478173, "lr": 0.2848333721183067}, "datetime": {"datetime": "2024-06-13 22:59:31", "elapsed": 7.117107, "delta": 0.004979}}
{"target": -966.8161094659205, "params": {"gamma": 2.718758721913716, "lr": 0.0020003006084317043}, "datetime": {"datetime": "2024-06-13 22:59:31", "elapsed": 7.122093, "delta": 0.004986}}
{"target": -357.14699104165595, "params": {"gamma": 0.9862915673948899, "lr": 0.13559704739235312}, "datetime": {"datetime": "2024-06-13 22:59:31", "elapsed": 7.126084, "delta": 0.003991}}
{"target": -347.83827298249565, "params": {"gamma": 1.5944427020857364, "lr": 0.44531360261536523}, "datetime": {"datetime": "2024-06-13 22:59:31", "elapsed": 7.132067, "delta": 0.005983}}
{"target": -1879.823874407276, "params": {"gamma": 8.141544011423479, "lr": 0.8122981153684475}, "datetime": {"datetime": "2024-06-13 22:59:31", "elapsed": 7.136056, "delta": 0.003989}}
{"target": -1912.4465308606689, "params": {"gamma": 9.099986227202798, "lr": 0.4435920386203337}, "datetime": {"datetime": "2024-06-13 22:59:31", "elapsed": 7.141043, "delta": 0.004987}}
{"target": -1434.658871298393, "params": {"gamma": 7.087396368942189, "lr": 0.4883341181204487}, "datetime": {"datetime": "2024-06-13 22:59:31", "elapsed": 7.145032, "delta": 0.003989}}
{"target": -228.36161667959612, "params": {"gamma": 0.49937573878707536, "lr": 0.0804314339695471}, "datetime": {"datetime": "2024-06-13 22:59:31", "elapsed": 7.150019, "delta": 0.004987}}
{"target": -637.7648211395573, "params": {"gamma": 2.4601774098261746, "lr": 0.9816217286230167}, "datetime": {"datetime": "2024-06-13 22:59:31", "elapsed": 7.155005, "delta": 0.004986}}
{"target": -1720.3406830833649, "params": {"gamma": 6.919480375538572, "lr": 0.26800758185732043}, "datetime": {"datetime": "2024-06-13 22:59:31", "elapsed": 7.160544, "delta": 0.005539}}
{"target": -1483.210467061395, "params": {"gamma": 7.062926182268611, "lr": 0.6613461343815696}, "datetime": {"datetime": "2024-06-13 22:59:31", "elapsed": 7.165531, "delta": 0.004987}}
{"target": -174.95204691728554, "params": {"gamma": 0.4338583185782008, "lr": 0.3614875846417379}, "datetime": {"datetime": "2024-06-13 22:59:31", "elapsed": 7.16952, "delta": 0.003989}}
{"target": -2707.1031800167816, "params": {"gamma": 7.737506106039536, "lr": 0.07852291483410356}, "datetime": {"datetime": "2024-06-13 22:59:31", "elapsed": 7.174506, "delta": 0.004986}}
{"target": -2237.537869848105, "params": {"gamma": 8.84395678364194, "lr": 0.9308682962545582}, "datetime": {"datetime": "2024-06-13 22:59:31", "elapsed": 7.179493, "delta": 0.004987}}
{"target": -2838.322501114014, "params": {"gamma": 8.531002038386509, "lr": 0.117377604100948}, "datetime": {"datetime": "2024-06-13 22:59:31", "elapsed": 7.183482, "delta": 0.003989}}
{"target": -1247.3362122286208, "params": {"gamma": 5.652169643537417, "lr": 0.7075599478322232}, "datetime": {"datetime": "2024-06-13 22:59:31", "elapsed": 7.188469, "delta": 0.004987}}
{"target": -3078.130083710753, "params": {"gamma": 8.879912919311819, "lr": 0.09577602929981288}, "datetime": {"datetime": "2024-06-13 22:59:31", "elapsed": 7.193456, "delta": 0.004987}}
{"target": -2024.3079698572958, "params": {"gamma": 8.157890074908734, "lr": 0.27801633166878204}, "datetime": {"datetime": "2024-06-13 22:59:31", "elapsed": 7.198442, "delta": 0.004986}}
{"target": -1333.6914873798532, "params": {"gamma": 5.923281570273373, "lr": 0.7197957093739197}, "datetime": {"datetime": "2024-06-13 22:59:31", "elapsed": 7.202432, "delta": 0.00399}}
{"target": -1783.8714462148807, "params": {"gamma": 7.7704144744548165, "lr": 0.29466484899886947}, "datetime": {"datetime": "2024-06-13 22:59:31", "elapsed": 7.207419, "delta": 0.004987}}
{"target": -1398.2372730825957, "params": {"gamma": 6.074158012949801, "lr": 0.2874728742023305}, "datetime": {"datetime": "2024-06-13 22:59:31", "elapsed": 7.212405, "delta": 0.004986}}
{"target": -2302.3244324380903, "params": {"gamma": 9.983169186094411, "lr": 0.8145056079423507}, "datetime": {"datetime": "2024-06-13 22:59:31", "elapsed": 7.216395, "delta": 0.00399}}
{"target": -1025.8924218555264, "params": {"gamma": 4.140365184777405, "lr": 0.8791421856642359}, "datetime": {"datetime": "2024-06-13 22:59:31", "elapsed": 7.221381, "delta": 0.004986}}
{"target": -1855.730583356546, "params": {"gamma": 7.325278649969429, "lr": 0.928746930727756}, "datetime": {"datetime": "2024-06-13 22:59:31", "elapsed": 7.226373, "delta": 0.004992}}
{"target": -418.4967031238617, "params": {"gamma": 1.7169353317749951, "lr": 0.2948350049208741}, "datetime": {"datetime": "2024-06-13 22:59:31", "elapsed": 7.231354, "delta": 0.004981}}
{"target": -254.70578481824217, "params": {"gamma": 0.9382730240703474, "lr": 0.3179810316787127}, "datetime": {"datetime": "2024-06-13 22:59:31", "elapsed": 7.235344, "delta": 0.00399}}
{"target": -814.5892406668667, "params": {"gamma": 3.812504948851634, "lr": 0.6327125396187535}, "datetime": {"datetime": "2024-06-13 22:59:31", "elapsed": 7.24033, "delta": 0.004986}}
{"target": -1065.590138581064, "params": {"gamma": 4.715727863547479, "lr": 0.717668980777047}, "datetime": {"datetime": "2024-06-13 22:59:31", "elapsed": 7.245318, "delta": 0.004988}}
{"target": -904.3569347329183, "params": {"gamma": 2.692966111483643, "lr": 0.17305671918218446}, "datetime": {"datetime": "2024-06-13 22:59:31", "elapsed": 7.250304, "delta": 0.004986}}
{"target": -805.9125546173071, "params": {"gamma": 3.7918469051508774, "lr": 0.43808143742785455}, "datetime": {"datetime": "2024-06-13 22:59:31", "elapsed": 7.255292, "delta": 0.004988}}
{"target": -1076.5645508493367, "params": {"gamma": 4.221843551590521, "lr": 0.913569686661525}, "datetime": {"datetime": "2024-06-13 22:59:31", "elapsed": 7.260278, "delta": 0.004986}}
{"target": -622.4856909000856, "params": {"gamma": 2.696400616451196, "lr": 0.3520434026951569}, "datetime": {"datetime": "2024-06-13 22:59:31", "elapsed": 7.265264, "delta": 0.004986}}
{"target": -498.44550238439604, "params": {"gamma": 2.1528813919731067, "lr": 0.37192301140427286}, "datetime": {"datetime": "2024-06-13 22:59:31", "elapsed": 7.27025, "delta": 0.004986}}
{"target": -826.8713086181721, "params": {"gamma": 3.8991640529202587, "lr": 0.5754270571118745}, "datetime": {"datetime": "2024-06-13 22:59:31", "elapsed": 7.27424, "delta": 0.00399}}
{"target": -707.639751758018, "params": {"gamma": 2.7843714212458077, "lr": 0.2594923085078481}, "datetime": {"datetime": "2024-06-13 22:59:31", "elapsed": 7.279226, "delta": 0.004986}}
{"target": -1821.9523306619242, "params": {"gamma": 7.190894889170183, "lr": 0.9101787075725445}, "datetime": {"datetime": "2024-06-13 22:59:31", "elapsed": 7.284213, "delta": 0.004987}}
{"target": -405.0941834260401, "params": {"gamma": 1.2218460988148518, "lr": 0.18228897074998485}, "datetime": {"datetime": "2024-06-13 22:59:31", "elapsed": 7.2892, "delta": 0.004987}}
{"target": -324.5979745390913, "params": {"gamma": 1.3319633391141557, "lr": 0.6836076828044971}, "datetime": {"datetime": "2024-06-13 22:59:31", "elapsed": 7.294188, "delta": 0.004988}}
{"target": -467.8738927012757, "params": {"gamma": 2.1408837173038955, "lr": 0.6045716033063737}, "datetime": {"datetime": "2024-06-13 22:59:31", "elapsed": 7.299173, "delta": 0.004985}}
{"target": -484.8867465163719, "params": {"gamma": 2.0175856692950274, "lr": 0.8177571936931245}, "datetime": {"datetime": "2024-06-13 22:59:31", "elapsed": 7.303986, "delta": 0.004813}}
{"target": -709.8350807775074, "params": {"gamma": 3.161755215449723, "lr": 0.6696167646858762}, "datetime": {"datetime": "2024-06-13 22:59:31", "elapsed": 7.308973, "delta": 0.004987}}
{"target": -362.3997918477133, "params": {"gamma": 1.4881868944628063, "lr": 0.30594544708616045}, "datetime": {"datetime": "2024-06-13 22:59:31", "elapsed": 7.31396, "delta": 0.004987}}
{"target": -641.5782940164663, "params": {"gamma": 2.9731172115714624, "lr": 0.6350799325450489}, "datetime": {"datetime": "2024-06-13 22:59:31", "elapsed": 7.318946, "delta": 0.004986}}
{"target": -1615.7102897921084, "params": {"gamma": 6.809124390706244, "lr": 0.8452486465038237}, "datetime": {"datetime": "2024-06-13 22:59:31", "elapsed": 7.322936, "delta": 0.00399}}
{"target": -438.6672066819685, "params": {"gamma": 1.8342857207824639, "lr": 0.7604297643064385}, "datetime": {"datetime": "2024-06-13 22:59:31", "elapsed": 7.327923, "delta": 0.004987}}
{"target": -1456.774740274257, "params": {"gamma": 7.119682083391317, "lr": 0.5575439140774725}, "datetime": {"datetime": "2024-06-13 22:59:31", "elapsed": 7.332909, "delta": 0.004986}}
{"target": -2305.371397407546, "params": {"gamma": 6.50197970017053, "lr": 0.0899951030326972}, "datetime": {"datetime": "2024-06-13 22:59:31", "elapsed": 7.337896, "delta": 0.004987}}
{"target": -333.80784397412316, "params": {"gamma": 1.4696112814099909, "lr": 0.41557172071663584}, "datetime": {"datetime": "2024-06-13 22:59:31", "elapsed": 7.342883, "delta": 0.004987}}
{"target": -2363.672589095691, "params": {"gamma": 7.1139955123219485, "lr": 0.16782116362359434}, "datetime": {"datetime": "2024-06-13 22:59:31", "elapsed": 7.346872, "delta": 0.003989}}
{"target": -794.4360575743682, "params": {"gamma": 3.8904024131038595, "lr": 0.49794595388742613}, "datetime": {"datetime": "2024-06-13 22:59:31", "elapsed": 7.351859, "delta": 0.004987}}
{"target": -3266.813485882934, "params": {"gamma": 9.350522223405173, "lr": 0.055196248654505564}, "datetime": {"datetime": "2024-06-13 22:59:31", "elapsed": 7.356845, "delta": 0.004986}}
{"target": -2098.3176578086445, "params": {"gamma": 8.290245901995016, "lr": 0.9841598458987846}, "datetime": {"datetime": "2024-06-13 22:59:31", "elapsed": 7.361832, "delta": 0.004987}}
{"target": -689.849711244072, "params": {"gamma": 2.6734588625853686, "lr": 0.8900573037740913}, "datetime": {"datetime": "2024-06-13 22:59:31", "elapsed": 7.366819, "delta": 0.004987}}
{"target": -683.0576390325128, "params": {"gamma": 2.9037110876153163, "lr": 0.7990074981966317}, "datetime": {"datetime": "2024-06-13 22:59:31", "elapsed": 7.371805, "delta": 0.004986}}
{"target": -971.2050854312688, "params": {"gamma": 4.599113822624364, "lr": 0.59760864887687}, "datetime": {"datetime": "2024-06-13 22:59:31", "elapsed": 7.376792, "delta": 0.004987}}
{"target": -539.2461328770271, "params": {"gamma": 2.367437100274259, "lr": 0.687614962160815}, "datetime": {"datetime": "2024-06-13 22:59:31", "elapsed": 7.381778, "delta": 0.004986}}
{"target": -334.2023218873884, "params": {"gamma": 1.4876999762661907, "lr": 0.5596864990017729}, "datetime": {"datetime": "2024-06-13 22:59:31", "elapsed": 7.386765, "delta": 0.004987}}
{"target": -1177.1925326453372, "params": {"gamma": 4.943794976509587, "lr": 0.8372059959494197}, "datetime": {"datetime": "2024-06-13 22:59:31", "elapsed": 7.390754, "delta": 0.003989}}
{"target": -1119.1903928608144, "params": {"gamma": 4.815203685221957, "lr": 0.7847309599867293}, "datetime": {"datetime": "2024-06-13 22:59:31", "elapsed": 7.395741, "delta": 0.004987}}
{"target": -908.4063188658973, "params": {"gamma": 4.003542773051022, "lr": 0.3079059334309052}, "datetime": {"datetime": "2024-06-13 22:59:31", "elapsed": 7.400728, "delta": 0.004987}}
{"target": -1640.9438204128646, "params": {"gamma": 7.872484136639694, "lr": 0.4184642639114249}, "datetime": {"datetime": "2024-06-13 22:59:31", "elapsed": 7.405715, "delta": 0.004987}}
{"target": -1047.4571828461264, "params": {"gamma": 4.968163846072137, "lr": 0.577322531324329}, "datetime": {"datetime": "2024-06-13 22:59:31", "elapsed": 7.409704, "delta": 0.003989}}
{"target": -1716.317604572709, "params": {"gamma": 8.196837713155396, "lr": 0.5813199746267194}, "datetime": {"datetime": "2024-06-13 22:59:31", "elapsed": 7.414691, "delta": 0.004987}}
{"target": -1402.1110938632853, "params": {"gamma": 4.062022883905419, "lr": 0.16058682850924277}, "datetime": {"datetime": "2024-06-13 22:59:31", "elapsed": 7.419677, "delta": 0.004986}}
{"target": -1728.8229383648372, "params": {"gamma": 7.021410937836175, "lr": 0.8832328216518347}, "datetime": {"datetime": "2024-06-13 22:59:31", "elapsed": 7.424664, "delta": 0.004987}}
{"target": -257.7963610608374, "params": {"gamma": 1.0846805001536175, "lr": 0.46621397581308155}, "datetime": {"datetime": "2024-06-13 22:59:31", "elapsed": 7.430648, "delta": 0.005984}}
{"target": -1907.1562812102254, "params": {"gamma": 9.34542051628517, "lr": 0.5635091674751708}, "datetime": {"datetime": "2024-06-13 22:59:31", "elapsed": 7.435635, "delta": 0.004987}}
{"target": -1914.4453708102292, "params": {"gamma": 5.452989887556196, "lr": 0.06347554987814286}, "datetime": {"datetime": "2024-06-13 22:59:31", "elapsed": 7.439624, "delta": 0.003989}}
{"target": -1129.0401753053882, "params": {"gamma": 5.353466496108746, "lr": 0.654541303819938}, "datetime": {"datetime": "2024-06-13 22:59:31", "elapsed": 7.444611, "delta": 0.004987}}
{"target": -396.5088283445263, "params": {"gamma": 1.466771864485812, "lr": 0.9563647276468465}, "datetime": {"datetime": "2024-06-13 22:59:31", "elapsed": 7.449597, "delta": 0.004986}}
{"target": -453.6368662420758, "params": {"gamma": 1.962311768641484, "lr": 0.673925993557942}, "datetime": {"datetime": "2024-06-13 22:59:31", "elapsed": 7.453586, "delta": 0.003989}}
{"target": -960.8219334441086, "params": {"gamma": 2.744137192928587, "lr": 0.10843083383187457}, "datetime": {"datetime": "2024-06-13 22:59:31", "elapsed": 7.458573, "delta": 0.004987}}
{"target": -603.4027846285164, "params": {"gamma": 2.6097471361451294, "lr": 0.33415183351807476}, "datetime": {"datetime": "2024-06-13 22:59:31", "elapsed": 7.46356, "delta": 0.004987}}
