{"target": -368.9465027607823, "params": {"gamma": 7.113433866846732, "prior": 5.583457649409001, "rate": 3.0458753612182816}, "datetime": {"datetime": "2024-06-14 05:32:39", "elapsed": 1.795892, "delta": 0.009972}}
{"target": -355.38683639920214, "params": {"gamma": 8.348705622270353, "prior": 4.409528980532247, "rate": 9.234638694972633}, "datetime": {"datetime": "2024-06-14 05:32:39", "elapsed": 1.803871, "delta": 0.007979}}
{"target": -409.9369779223195, "params": {"gamma": 7.0608119915549965, "prior": 4.8325099488563055, "rate": 1.2629748273898376}, "datetime": {"datetime": "2024-06-14 05:32:40", "elapsed": 1.812847, "delta": 0.008976}}
{"target": -433.68863946434624, "params": {"gamma": 9.760459461127008, "prior": 1.6823531384065245, "rate": 2.026818650071406}, "datetime": {"datetime": "2024-06-14 05:32:40", "elapsed": 1.821823, "delta": 0.008976}}
{"target": -251.56823858760293, "params": {"gamma": 4.312386369848549, "prior": 4.101598867173958, "rate": 1.4683680561621768}, "datetime": {"datetime": "2024-06-14 05:32:40", "elapsed": 1.830799, "delta": 0.008976}}
{"target": -312.3906552262584, "params": {"gamma": 7.293459874691873, "prior": 1.968576162084141, "rate": 6.439312547472317}, "datetime": {"datetime": "2024-06-14 05:32:40", "elapsed": 1.839775, "delta": 0.008976}}
{"target": -322.08901747863484, "params": {"gamma": 7.543305199812411, "prior": 2.1862506816248755, "rate": 6.0099415268282925}, "datetime": {"datetime": "2024-06-14 05:32:40", "elapsed": 1.848752, "delta": 0.008977}}
{"target": -353.4055846006948, "params": {"gamma": 7.489534824083119, "prior": 6.418365235141301, "rate": 5.971675902163545}, "datetime": {"datetime": "2024-06-14 05:32:40", "elapsed": 1.857235, "delta": 0.008483}}
{"target": -165.07708414746992, "params": {"gamma": 2.955527374269315, "prior": 7.342904065290937, "rate": 9.453139091559498}, "datetime": {"datetime": "2024-06-14 05:32:40", "elapsed": 1.866211, "delta": 0.008976}}
{"target": -299.5833068753197, "params": {"gamma": 4.256188341225208, "prior": 7.843599986630912, "rate": 0.5623542555794911}, "datetime": {"datetime": "2024-06-14 05:32:40", "elapsed": 1.875187, "delta": 0.008976}}
{"target": -356.8001944362938, "params": {"gamma": 8.35288075329717, "prior": 2.0032751665392623, "rate": 3.951573592030842}, "datetime": {"datetime": "2024-06-14 05:32:40", "elapsed": 1.884191, "delta": 0.009004}}
{"target": -163.5149360372931, "params": {"gamma": 3.001510378207639, "prior": 0.893026073679888, "rate": 9.046405398359493}, "datetime": {"datetime": "2024-06-14 05:32:40", "elapsed": 1.893139, "delta": 0.008948}}
{"target": -196.6699574842082, "params": {"gamma": 3.702171621359829, "prior": 5.353904640913781, "rate": 4.941668542697355}, "datetime": {"datetime": "2024-06-14 05:32:40", "elapsed": 1.902116, "delta": 0.008977}}
{"target": -139.68884542007862, "params": {"gamma": 1.3224792582874385, "prior": 2.143895183005387, "rate": 0.7628119015141794}, "datetime": {"datetime": "2024-06-14 05:32:40", "elapsed": 1.911091, "delta": 0.008975}}
{"target": -241.32920110504367, "params": {"gamma": 5.07970907775293, "prior": 2.6893405631465725, "rate": 3.5712590272190368}, "datetime": {"datetime": "2024-06-14 05:32:40", "elapsed": 1.920067, "delta": 0.008976}}
{"target": -151.33296415071288, "params": {"gamma": 1.0815452216436712, "prior": 7.896763212559821, "rate": 1.0667321840112223}, "datetime": {"datetime": "2024-06-14 05:32:40", "elapsed": 1.929043, "delta": 0.008976}}
{"target": -408.2464318935884, "params": {"gamma": 9.857102528308165, "prior": 1.8538955279403317, "rate": 5.724478719234059}, "datetime": {"datetime": "2024-06-14 05:32:40", "elapsed": 1.938019, "delta": 0.008976}}
{"target": -141.91784780551382, "params": {"gamma": 0.4494085005562922, "prior": 7.892451267592758, "rate": 1.8968698722351471}, "datetime": {"datetime": "2024-06-14 05:32:40", "elapsed": 1.946995, "delta": 0.008976}}
{"target": -323.40064926582033, "params": {"gamma": 5.279511880102859, "prior": 7.426767677274809, "rate": 1.5001649176876422}, "datetime": {"datetime": "2024-06-14 05:32:40", "elapsed": 1.955509, "delta": 0.008514}}
{"target": -247.08085027777383, "params": {"gamma": 5.511320654695531, "prior": 2.2445103624549163, "rate": 7.592201297122131}, "datetime": {"datetime": "2024-06-14 05:32:40", "elapsed": 1.964485, "delta": 0.008976}}
{"target": -311.5039542867002, "params": {"gamma": 7.229429020368581, "prior": 1.847835439343122, "rate": 8.619803610113067}, "datetime": {"datetime": "2024-06-14 05:32:40", "elapsed": 1.973461, "delta": 0.008976}}
{"target": -141.84649500555955, "params": {"gamma": 0.1987312200639263, "prior": 8.61634627448884, "rate": 5.589479207798223}, "datetime": {"datetime": "2024-06-14 05:32:40", "elapsed": 1.982437, "delta": 0.008976}}
{"target": -208.91309817299006, "params": {"gamma": 4.032801500586387, "prior": 7.611594617121132, "rate": 7.169573087923007}, "datetime": {"datetime": "2024-06-14 05:32:40", "elapsed": 1.991444, "delta": 0.009007}}
{"target": -676.5873200966544, "params": {"gamma": 9.873274421909457, "prior": 2.8530419812685297, "rate": 0.03893293042101652}, "datetime": {"datetime": "2024-06-14 05:32:40", "elapsed": 2.000419, "delta": 0.008975}}
{"target": -441.45409404116253, "params": {"gamma": 9.339092180540563, "prior": 8.593181334925148, "rate": 7.28877992431504}, "datetime": {"datetime": "2024-06-14 05:32:40", "elapsed": 2.009394, "delta": 0.008975}}
{"target": -249.61903774379087, "params": {"gamma": 5.167371140432463, "prior": 7.098866827962734, "rate": 7.805515039210552}, "datetime": {"datetime": "2024-06-14 05:32:40", "elapsed": 2.018341, "delta": 0.008947}}
{"target": -197.387145938217, "params": {"gamma": 3.749384559425057, "prior": 7.72619300076658, "rate": 7.506492567432579}, "datetime": {"datetime": "2024-06-14 05:32:40", "elapsed": 2.028314, "delta": 0.009973}}
{"target": -275.81175555936636, "params": {"gamma": 6.132498904231054, "prior": 4.07847264728159, "rate": 6.9733828846241455}, "datetime": {"datetime": "2024-06-14 05:32:40", "elapsed": 2.036293, "delta": 0.007979}}
{"target": -150.07265998153056, "params": {"gamma": 0.032125465394095866, "prior": 7.771476802573518, "rate": 8.964269607966013}, "datetime": {"datetime": "2024-06-14 05:32:40", "elapsed": 2.045268, "delta": 0.008975}}
{"target": -145.7500891141805, "params": {"gamma": 2.393917758667609, "prior": 1.2955951246613744, "rate": 2.2036195939494823}, "datetime": {"datetime": "2024-06-14 05:32:40", "elapsed": 2.05475, "delta": 0.009482}}
{"target": -179.7178656649264, "params": {"gamma": 3.021665216169693, "prior": 8.841982234781959, "rate": 5.432121135950708}, "datetime": {"datetime": "2024-06-14 05:32:40", "elapsed": 2.063439, "delta": 0.008689}}
{"target": -158.84638335405467, "params": {"gamma": 2.8678297844146994, "prior": 1.4697114289501707, "rate": 2.902154486582312}, "datetime": {"datetime": "2024-06-14 05:32:40", "elapsed": 2.073413, "delta": 0.009974}}
{"target": -281.2446727287727, "params": {"gamma": 6.139097026322785, "prior": 3.3089714459847217, "rate": 4.574144456728294}, "datetime": {"datetime": "2024-06-14 05:32:40", "elapsed": 2.082389, "delta": 0.008976}}
{"target": -244.50981230421738, "params": {"gamma": 4.441726953059129, "prior": 8.29854007124197, "rate": 4.264055194208071}, "datetime": {"datetime": "2024-06-14 05:32:40", "elapsed": 2.090368, "delta": 0.007979}}
{"target": -214.4139771190401, "params": {"gamma": 3.4576425129338477, "prior": 6.782218887610141, "rate": 2.215599075279554}, "datetime": {"datetime": "2024-06-14 05:32:40", "elapsed": 2.099344, "delta": 0.008976}}
{"target": -220.05043183235352, "params": {"gamma": 4.672990993441612, "prior": 3.216180304507763, "rate": 6.268929166026184}, "datetime": {"datetime": "2024-06-14 05:32:40", "elapsed": 2.108319, "delta": 0.008975}}
{"target": -376.5170752715597, "params": {"gamma": 8.773727386473432, "prior": 4.532121101441722, "rate": 7.84478973050044}, "datetime": {"datetime": "2024-06-14 05:32:40", "elapsed": 2.117296, "delta": 0.008977}}
{"target": -285.5497758154517, "params": {"gamma": 4.570200039914943, "prior": 6.596670383999601, "rate": 1.3192779092999938}, "datetime": {"datetime": "2024-06-14 05:32:40", "elapsed": 2.126272, "delta": 0.008976}}
{"target": -230.73007923884578, "params": {"gamma": 4.3303820881695145, "prior": 9.102188687683872, "rate": 6.055184531308316}, "datetime": {"datetime": "2024-06-14 05:32:40", "elapsed": 2.135248, "delta": 0.008976}}
{"target": -358.2957368877654, "params": {"gamma": 7.6679790977837845, "prior": 5.096536020149354, "rate": 4.981058192655247}, "datetime": {"datetime": "2024-06-14 05:32:40", "elapsed": 2.144224, "delta": 0.008976}}
{"target": -363.0724521569012, "params": {"gamma": 8.429155502088307, "prior": 0.7712886499754421, "rate": 5.733149443225297}, "datetime": {"datetime": "2024-06-14 05:32:40", "elapsed": 2.152708, "delta": 0.008484}}
{"target": -515.3505000719807, "params": {"gamma": 9.42768299175406, "prior": 5.226814476905987, "rate": 1.945463629469317}, "datetime": {"datetime": "2024-06-14 05:32:40", "elapsed": 2.161684, "delta": 0.008976}}
{"target": -357.0611278001725, "params": {"gamma": 8.479545985042318, "prior": 2.5912275093229433, "rate": 7.007559638788898}, "datetime": {"datetime": "2024-06-14 05:32:40", "elapsed": 2.17066, "delta": 0.008976}}
{"target": -278.4230277597465, "params": {"gamma": 5.403069143028603, "prior": 9.493479253974174, "rate": 6.2437426873243576}, "datetime": {"datetime": "2024-06-14 05:32:40", "elapsed": 2.179635, "delta": 0.008975}}
{"target": -409.8689277944367, "params": {"gamma": 8.379941642515245, "prior": 0.17853547432577865, "rate": 9.893411221610213}, "datetime": {"datetime": "2024-06-14 05:32:40", "elapsed": 2.188612, "delta": 0.008977}}
{"target": -118.53545880683643, "params": {"gamma": 0.7780679887535326, "prior": 3.2890821847862193, "rate": 9.461577802172197}, "datetime": {"datetime": "2024-06-14 05:32:40", "elapsed": 2.197587, "delta": 0.008975}}
{"target": -146.19312954330937, "params": {"gamma": 0.09038208461007943, "prior": 8.24502705367716, "rate": 8.612255172029577}, "datetime": {"datetime": "2024-06-14 05:32:40", "elapsed": 2.206563, "delta": 0.008976}}
{"target": -207.75534737715398, "params": {"gamma": 4.398868311271517, "prior": 2.631877418678719, "rate": 8.027092506813352}, "datetime": {"datetime": "2024-06-14 05:32:40", "elapsed": 2.215539, "delta": 0.008976}}
{"target": -222.91283149903828, "params": {"gamma": 4.77914218231778, "prior": 1.429952225691392, "rate": 9.278562079257282}, "datetime": {"datetime": "2024-06-14 05:32:40", "elapsed": 2.224586, "delta": 0.009047}}
{"target": -383.82501002039197, "params": {"gamma": 8.959803700099478, "prior": 4.966296985167659, "rate": 8.567168262681404}, "datetime": {"datetime": "2024-06-14 05:32:40", "elapsed": 2.233562, "delta": 0.008976}}
{"target": -228.96552859876994, "params": {"gamma": 4.1863616796152225, "prior": 6.866302511646381, "rate": 3.9805084034398166}, "datetime": {"datetime": "2024-06-14 05:32:40", "elapsed": 2.242538, "delta": 0.008976}}
{"target": -231.54304178083544, "params": {"gamma": 5.057914432490653, "prior": 1.9765618580558806, "rate": 9.649924252185027}, "datetime": {"datetime": "2024-06-14 05:32:40", "elapsed": 2.251514, "delta": 0.008976}}
{"target": -164.69059089196077, "params": {"gamma": 2.9428626667543027, "prior": 1.1242496055523734, "rate": 1.4440096868902519}, "datetime": {"datetime": "2024-06-14 05:32:40", "elapsed": 2.26049, "delta": 0.008976}}
{"target": -143.8967125614342, "params": {"gamma": 0.14190884963023712, "prior": 7.187862424677705, "rate": 5.645418704088501}, "datetime": {"datetime": "2024-06-14 05:32:40", "elapsed": 2.269, "delta": 0.00851}}
{"target": -348.209256584382, "params": {"gamma": 7.945988933496338, "prior": 5.12009124051295, "rate": 7.918418574002035}, "datetime": {"datetime": "2024-06-14 05:32:40", "elapsed": 2.278006, "delta": 0.009006}}
{"target": -364.1699566393495, "params": {"gamma": 6.957946378504123, "prior": 7.800699920905836, "rate": 4.065422206901887}, "datetime": {"datetime": "2024-06-14 05:32:40", "elapsed": 2.286952, "delta": 0.008946}}
{"target": -288.8466890631071, "params": {"gamma": 6.478058561241625, "prior": 1.8799635471604466, "rate": 3.2188778139156518}, "datetime": {"datetime": "2024-06-14 05:32:40", "elapsed": 2.295928, "delta": 0.008976}}
{"target": -140.05649685429043, "params": {"gamma": 1.7268735965778053, "prior": 4.145508527631297, "rate": 2.4149460609080227}, "datetime": {"datetime": "2024-06-14 05:32:40", "elapsed": 2.305346, "delta": 0.009418}}
{"target": -242.8810323424918, "params": {"gamma": 4.069813019299451, "prior": 9.75470119012939, "rate": 3.2038729388944907}, "datetime": {"datetime": "2024-06-14 05:32:40", "elapsed": 2.314322, "delta": 0.008976}}
{"target": -496.3997489142406, "params": {"gamma": 9.824926958803978, "prior": 6.399430645974237, "rate": 3.7515350929207165}, "datetime": {"datetime": "2024-06-14 05:32:40", "elapsed": 2.323298, "delta": 0.008976}}
{"target": -463.85516024402295, "params": {"gamma": 8.574987506336882, "prior": 6.2339087197488805, "rate": 2.521078768228263}, "datetime": {"datetime": "2024-06-14 05:32:40", "elapsed": 2.332274, "delta": 0.008976}}
{"target": -380.9027577674859, "params": {"gamma": 7.9287639240909, "prior": 4.386091236468214, "rate": 3.5757541621370836}, "datetime": {"datetime": "2024-06-14 05:32:40", "elapsed": 2.340252, "delta": 0.007978}}
{"target": -202.96479545500074, "params": {"gamma": 3.3034390883142843, "prior": 7.003951868570081, "rate": 2.6872325889383593}, "datetime": {"datetime": "2024-06-14 05:32:40", "elapsed": 2.34974, "delta": 0.009488}}
{"target": -348.7924517820458, "params": {"gamma": 8.082971859040095, "prior": 3.0233590645584933, "rate": 5.441669714469987}, "datetime": {"datetime": "2024-06-14 05:32:40", "elapsed": 2.35871, "delta": 0.00897}}
{"target": -239.83900468793033, "params": {"gamma": 4.879726996560219, "prior": 8.56802848469416, "rate": 8.883975957519464}, "datetime": {"datetime": "2024-06-14 05:32:40", "elapsed": 2.367686, "delta": 0.008976}}
{"target": -132.54709733434441, "params": {"gamma": 1.8446600392352996, "prior": 5.894949743488685, "rate": 8.982152255125355}, "datetime": {"datetime": "2024-06-14 05:32:40", "elapsed": 2.376661, "delta": 0.008975}}
{"target": -265.0895201658722, "params": {"gamma": 4.461726073125263, "prior": 9.226496224289772, "rate": 2.790629913679252}, "datetime": {"datetime": "2024-06-14 05:32:40", "elapsed": 2.385638, "delta": 0.008977}}
{"target": -344.95710541481213, "params": {"gamma": 6.0887029107637645, "prior": 6.856291726691472, "rate": 2.2828291277714907}, "datetime": {"datetime": "2024-06-14 05:32:40", "elapsed": 2.394614, "delta": 0.008976}}
{"target": -141.3179072032195, "params": {"gamma": 0.13866135806461027, "prior": 4.225567227469891, "rate": 9.384880436675484}, "datetime": {"datetime": "2024-06-14 05:32:40", "elapsed": 2.40359, "delta": 0.008976}}
{"target": -224.388681026394, "params": {"gamma": 3.430938070194235, "prior": 7.819468525277739, "rate": 1.7481883919612469}, "datetime": {"datetime": "2024-06-14 05:32:40", "elapsed": 2.412566, "delta": 0.008976}}
{"target": -174.75395038780013, "params": {"gamma": 3.420186410188222, "prior": 1.531517436297158, "rate": 7.167991370649615}, "datetime": {"datetime": "2024-06-14 05:32:40", "elapsed": 2.421542, "delta": 0.008976}}
{"target": -387.33087550255794, "params": {"gamma": 6.993376929344446, "prior": 6.916123447694296, "rate": 2.5347069488285103}, "datetime": {"datetime": "2024-06-14 05:32:40", "elapsed": 2.430518, "delta": 0.008976}}
{"target": -304.5637556132352, "params": {"gamma": 6.923908856112466, "prior": 2.350245655067901, "rate": 4.247066510197466}, "datetime": {"datetime": "2024-06-14 05:32:40", "elapsed": 2.439494, "delta": 0.008976}}
{"target": -248.5086532940623, "params": {"gamma": 3.7198492945552046, "prior": 3.61754832503921, "rate": 0.5774904176053226}, "datetime": {"datetime": "2024-06-14 05:32:40", "elapsed": 2.44847, "delta": 0.008976}}
{"target": -306.4611615341187, "params": {"gamma": 6.316834622032531, "prior": 7.102434366548825, "rate": 6.136273356333854}, "datetime": {"datetime": "2024-06-14 05:32:40", "elapsed": 2.457446, "delta": 0.008976}}
{"target": -315.13112802670184, "params": {"gamma": 6.483479248875083, "prior": 1.7824130707508519, "rate": 1.495318542589686}, "datetime": {"datetime": "2024-06-14 05:32:40", "elapsed": 2.466422, "delta": 0.008976}}
{"target": -314.46006862899475, "params": {"gamma": 5.142236260215303, "prior": 8.765793990909938, "rate": 1.8403504620306732}, "datetime": {"datetime": "2024-06-14 05:32:40", "elapsed": 2.475398, "delta": 0.008976}}
{"target": -227.45021160711647, "params": {"gamma": 4.628928347963892, "prior": 4.3464301068960385, "rate": 4.973394570009244}, "datetime": {"datetime": "2024-06-14 05:32:40", "elapsed": 2.483376, "delta": 0.007978}}
{"target": -134.28595796413742, "params": {"gamma": 1.6159461940896331, "prior": 3.4901623472346244, "rate": 2.6195421606310987}, "datetime": {"datetime": "2024-06-14 05:32:40", "elapsed": 2.49335, "delta": 0.009974}}
{"target": -436.4084587860904, "params": {"gamma": 8.44542490535156, "prior": 8.023289233186377, "rate": 4.266964943523168}, "datetime": {"datetime": "2024-06-14 05:32:40", "elapsed": 2.502326, "delta": 0.008976}}
{"target": -267.3825595235102, "params": {"gamma": 6.070547592429601, "prior": 1.5401095416355777, "rate": 5.096623328881369}, "datetime": {"datetime": "2024-06-14 05:32:40", "elapsed": 2.511347, "delta": 0.009021}}
{"target": -173.00100572991343, "params": {"gamma": 2.9701739107832585, "prior": 8.61054444033509, "rate": 6.716312210682993}, "datetime": {"datetime": "2024-06-14 05:32:40", "elapsed": 2.520313, "delta": 0.008966}}
{"target": -277.0841079785596, "params": {"gamma": 6.335106652211588, "prior": 1.3350378706848745, "rate": 4.706408207109359}, "datetime": {"datetime": "2024-06-14 05:32:40", "elapsed": 2.528797, "delta": 0.008484}}
{"target": -484.8367887263311, "params": {"gamma": 9.865741223089229, "prior": 9.488161823319384, "rate": 6.451211316964176}, "datetime": {"datetime": "2024-06-14 05:32:40", "elapsed": 2.537772, "delta": 0.008975}}
{"target": -130.6742716084384, "params": {"gamma": 1.5180969854487043, "prior": 6.427355802327059, "rate": 5.657055463326731}, "datetime": {"datetime": "2024-06-14 05:32:40", "elapsed": 2.546748, "delta": 0.008976}}
{"target": -225.63870882072194, "params": {"gamma": 4.6871897107748595, "prior": 4.337570947735874, "rate": 5.993098286824644}, "datetime": {"datetime": "2024-06-14 05:32:40", "elapsed": 2.555724, "delta": 0.008976}}
{"target": -410.91086231452084, "params": {"gamma": 8.499848915271139, "prior": 7.53609829968218, "rate": 5.794026042432034}, "datetime": {"datetime": "2024-06-14 05:32:40", "elapsed": 2.5647, "delta": 0.008976}}
{"target": -406.34653360910846, "params": {"gamma": 9.247117111178744, "prior": 0.7409258360713337, "rate": 9.913473740809359}, "datetime": {"datetime": "2024-06-14 05:32:40", "elapsed": 2.573676, "delta": 0.008976}}
{"target": -123.79728255335044, "params": {"gamma": 0.5308924321372274, "prior": 2.0750059067717572, "rate": 4.228103863783965}, "datetime": {"datetime": "2024-06-14 05:32:40", "elapsed": 2.582652, "delta": 0.008976}}
{"target": -159.5144387989431, "params": {"gamma": 1.0759812529754917, "prior": 6.274337068877248, "rate": 0.4808776479246243}, "datetime": {"datetime": "2024-06-14 05:32:40", "elapsed": 2.591628, "delta": 0.008976}}
{"target": -158.51901140316892, "params": {"gamma": 2.8469541861884147, "prior": 0.7042631430847438, "rate": 7.035489791719707}, "datetime": {"datetime": "2024-06-14 05:32:40", "elapsed": 2.600604, "delta": 0.008976}}
{"target": -354.46564578426074, "params": {"gamma": 6.684893219727232, "prior": 3.847947873180962, "rate": 1.8827544060381822}, "datetime": {"datetime": "2024-06-14 05:32:40", "elapsed": 2.60958, "delta": 0.008976}}
{"target": -320.9950686873105, "params": {"gamma": 7.4703012854704225, "prior": 3.469754978578126, "rate": 7.953216372889023}, "datetime": {"datetime": "2024-06-14 05:32:40", "elapsed": 2.619384, "delta": 0.009804}}
{"target": -342.21577738282895, "params": {"gamma": 4.879521490857024, "prior": 5.304127499074696, "rate": 0.28588000406618064}, "datetime": {"datetime": "2024-06-14 05:32:40", "elapsed": 2.62836, "delta": 0.008976}}
{"target": -327.3237905259931, "params": {"gamma": 6.442675966770439, "prior": 3.5714993740784573, "rate": 2.292821067893365}, "datetime": {"datetime": "2024-06-14 05:32:40", "elapsed": 2.637336, "delta": 0.008976}}
{"target": -215.19389619065507, "params": {"gamma": 4.339399878740795, "prior": 3.8864278269820844, "rate": 4.698420611823517}, "datetime": {"datetime": "2024-06-14 05:32:40", "elapsed": 2.646311, "delta": 0.008975}}
{"target": -410.2675646931083, "params": {"gamma": 9.794854058443883, "prior": 3.7073428966454816, "rate": 7.744326923227059}, "datetime": {"datetime": "2024-06-14 05:32:40", "elapsed": 2.65429, "delta": 0.007979}}
{"target": -307.32774438842546, "params": {"gamma": 5.528123197902375, "prior": 8.90239778216408, "rate": 3.55017355864457}, "datetime": {"datetime": "2024-06-14 05:32:40", "elapsed": 2.664263, "delta": 0.009973}}
{"target": -216.37749062635132, "params": {"gamma": 2.455941283184888, "prior": 9.119090472603986, "rate": 0.43629910331389593}, "datetime": {"datetime": "2024-06-14 05:32:40", "elapsed": 2.672242, "delta": 0.007979}}
{"target": -468.9535449125575, "params": {"gamma": 9.507583527181962, "prior": 5.60842846514216, "rate": 3.764255803654188}, "datetime": {"datetime": "2024-06-14 05:32:40", "elapsed": 2.681218, "delta": 0.008976}}
{"target": -423.50559066211116, "params": {"gamma": 9.950528171068772, "prior": 0.6777901968615533, "rate": 5.167546891316355}, "datetime": {"datetime": "2024-06-14 05:32:40", "elapsed": 2.690194, "delta": 0.008976}}
