{"target": -267.67241037620306, "params": {"gamma": 3.957087074403221, "prior": 7.740012975913038, "rate": 2.512780630310517}, "datetime": {"datetime": "2024-06-14 04:54:10", "elapsed": 5.482095, "delta": 0.008976}}
{"target": -621.9837642617593, "params": {"gamma": 6.557951918265758, "prior": 9.60793176737818, "rate": 0.03654404988379601}, "datetime": {"datetime": "2024-06-14 04:54:10", "elapsed": 5.491107, "delta": 0.009012}}
{"target": -234.57208922817222, "params": {"gamma": 7.233887082898668, "prior": 1.1790508359034728, "rate": 5.438331129146589}, "datetime": {"datetime": "2024-06-14 04:54:10", "elapsed": 5.500049, "delta": 0.008942}}
{"target": -196.81565308007336, "params": {"gamma": 6.269533250786666, "prior": 2.5051765451309316, "rate": 9.138524908590835}, "datetime": {"datetime": "2024-06-14 04:54:10", "elapsed": 5.510023, "delta": 0.009974}}
{"target": -190.7486744892035, "params": {"gamma": 6.223502974387487, "prior": 2.393777444809113, "rate": 7.701551743810476}, "datetime": {"datetime": "2024-06-14 04:54:10", "elapsed": 5.518999, "delta": 0.008976}}
{"target": -160.3542292125873, "params": {"gamma": 1.0559652928933503, "prior": 5.596730653460311, "rate": 0.9504657419551125}, "datetime": {"datetime": "2024-06-14 04:54:10", "elapsed": 5.527975, "delta": 0.008976}}
{"target": -174.92206207689966, "params": {"gamma": 5.810259742677521, "prior": 2.604503115929865, "rate": 6.495018612739509}, "datetime": {"datetime": "2024-06-14 04:54:10", "elapsed": 5.536951, "delta": 0.008976}}
{"target": -228.6303245313453, "params": {"gamma": 7.158553701628942, "prior": 5.289437584229746, "rate": 6.575556555623399}, "datetime": {"datetime": "2024-06-14 04:54:10", "elapsed": 5.545927, "delta": 0.008976}}
{"target": -344.6967623524846, "params": {"gamma": 8.133125159405232, "prior": 8.094371489266019, "rate": 6.197200238546574}, "datetime": {"datetime": "2024-06-14 04:54:10", "elapsed": 5.554903, "delta": 0.008976}}
{"target": -148.3742391544578, "params": {"gamma": 4.511573518745629, "prior": 4.1387048915689375, "rate": 8.74760145142373}, "datetime": {"datetime": "2024-06-14 04:54:10", "elapsed": 5.564876, "delta": 0.009973}}
{"target": -206.74518219775663, "params": {"gamma": 7.029614389411599, "prior": 1.9308567214966765, "rate": 5.657755734146004}, "datetime": {"datetime": "2024-06-14 04:54:10", "elapsed": 5.573853, "delta": 0.008977}}
{"target": -298.38323379626314, "params": {"gamma": 9.08817151496827, "prior": 1.5918309232578849, "rate": 8.455331237631533}, "datetime": {"datetime": "2024-06-14 04:54:10", "elapsed": 5.582828, "delta": 0.008975}}
{"target": -668.070447143496, "params": {"gamma": 8.202204460687183, "prior": 5.043476902848561, "rate": 0.37680093100554635}, "datetime": {"datetime": "2024-06-14 04:54:10", "elapsed": 5.592311, "delta": 0.009483}}
{"target": -202.15977633123626, "params": {"gamma": 1.4758775514639575, "prior": 9.234123077417845, "rate": 0.4425038055225927}, "datetime": {"datetime": "2024-06-14 04:54:10", "elapsed": 5.601287, "delta": 0.008976}}
{"target": -256.95927211567556, "params": {"gamma": 3.7256151652871896, "prior": 6.228492383782162, "rate": 1.9702834411012529}, "datetime": {"datetime": "2024-06-14 04:54:10", "elapsed": 5.610264, "delta": 0.008977}}
{"target": -283.0866535716432, "params": {"gamma": 9.810816492645733, "prior": 1.6441548071298822, "rate": 5.3972522724175835}, "datetime": {"datetime": "2024-06-14 04:54:10", "elapsed": 5.619239, "delta": 0.008975}}
{"target": -181.59874414324457, "params": {"gamma": 6.180495232142101, "prior": 2.3868004918300687, "rate": 4.663623583104205}, "datetime": {"datetime": "2024-06-14 04:54:10", "elapsed": 5.628215, "delta": 0.008976}}
{"target": -217.2393480353422, "params": {"gamma": 4.91059428280016, "prior": 7.691937525632765, "rate": 6.343173246985961}, "datetime": {"datetime": "2024-06-14 04:54:10", "elapsed": 5.637191, "delta": 0.008976}}
{"target": -231.29286683722256, "params": {"gamma": 4.676032980600331, "prior": 6.702731177620354, "rate": 4.534320887795462}, "datetime": {"datetime": "2024-06-14 04:54:10", "elapsed": 5.647165, "delta": 0.009974}}
{"target": -358.8074465942865, "params": {"gamma": 5.257590201822755, "prior": 6.619823611427782, "rate": 1.8127726241566626}, "datetime": {"datetime": "2024-06-14 04:54:10", "elapsed": 5.65614, "delta": 0.008975}}
{"target": -221.39991278954477, "params": {"gamma": 7.8807074621719, "prior": 6.068366841630134, "rate": 9.80334851848814}, "datetime": {"datetime": "2024-06-14 04:54:10", "elapsed": 5.665116, "delta": 0.008976}}
{"target": -113.76826600125118, "params": {"gamma": 2.2246095521182263, "prior": 4.716038094249078, "rate": 8.956522384191866}, "datetime": {"datetime": "2024-06-14 04:54:10", "elapsed": 5.674093, "delta": 0.008977}}
{"target": -310.94893893415684, "params": {"gamma": 6.014732663578183, "prior": 7.286992573903269, "rate": 4.137287971849402}, "datetime": {"datetime": "2024-06-14 04:54:10", "elapsed": 5.683068, "delta": 0.008975}}
{"target": -487.62577573016006, "params": {"gamma": 6.843411908691368, "prior": 9.465944795490875, "rate": 2.0026604713274816}, "datetime": {"datetime": "2024-06-14 04:54:10", "elapsed": 5.69258, "delta": 0.009512}}
{"target": -719.5122133851446, "params": {"gamma": 8.073845273509328, "prior": 9.698426319788975, "rate": 0.146672748901554}, "datetime": {"datetime": "2024-06-14 04:54:10", "elapsed": 5.701527, "delta": 0.008947}}
{"target": -114.03118294530582, "params": {"gamma": 2.152880656357681, "prior": 1.2620315110999845, "rate": 7.674467753896792}, "datetime": {"datetime": "2024-06-14 04:54:10", "elapsed": 5.711501, "delta": 0.009974}}
{"target": -138.35575900611616, "params": {"gamma": 0.8130846428413901, "prior": 9.984294230049985, "rate": 3.8967305467771722}, "datetime": {"datetime": "2024-06-14 04:54:10", "elapsed": 5.720476, "delta": 0.008975}}
{"target": -244.86685124010995, "params": {"gamma": 9.05212245656447, "prior": 1.9669182746447318, "rate": 4.409281126023087}, "datetime": {"datetime": "2024-06-14 04:54:10", "elapsed": 5.729452, "delta": 0.008976}}
{"target": -355.0754699262434, "params": {"gamma": 8.448273378243028, "prior": 5.993170828665236, "rate": 4.6221188088168805}, "datetime": {"datetime": "2024-06-14 04:54:10", "elapsed": 5.739425, "delta": 0.009973}}
{"target": -233.98596272166913, "params": {"gamma": 5.12698481782442, "prior": 5.781466716234239, "rate": 4.403751756648346}, "datetime": {"datetime": "2024-06-14 04:54:10", "elapsed": 5.748401, "delta": 0.008976}}
{"target": -120.07270572098295, "params": {"gamma": 1.936396018280381, "prior": 1.2282610384459451, "rate": 1.5131280457741099}, "datetime": {"datetime": "2024-06-14 04:54:10", "elapsed": 5.757377, "delta": 0.008976}}
{"target": -118.86997288235979, "params": {"gamma": 0.5258571475674859, "prior": 5.630896469529952, "rate": 8.47736241934607}, "datetime": {"datetime": "2024-06-14 04:54:10", "elapsed": 5.766353, "delta": 0.008976}}
{"target": -141.23182460133503, "params": {"gamma": 3.5918342699021832, "prior": 0.8455776390945964, "rate": 4.257818395439178}, "datetime": {"datetime": "2024-06-14 04:54:10", "elapsed": 5.77533, "delta": 0.008977}}
{"target": -178.90365969765506, "params": {"gamma": 6.020476376881542, "prior": 4.311494309198812, "rate": 8.107401614840093}, "datetime": {"datetime": "2024-06-14 04:54:10", "elapsed": 5.784306, "delta": 0.008976}}
{"target": -380.101902327384, "params": {"gamma": 9.418920575620866, "prior": 8.71211665535671, "rate": 7.040290983300606}, "datetime": {"datetime": "2024-06-14 04:54:10", "elapsed": 5.793282, "delta": 0.008976}}
{"target": -444.8237739903453, "params": {"gamma": 4.7035189488969715, "prior": 6.858710624742188, "rate": 0.13516968725473882}, "datetime": {"datetime": "2024-06-14 04:54:10", "elapsed": 5.803255, "delta": 0.009973}}
{"target": -316.4224690261219, "params": {"gamma": 9.824798706901937, "prior": 1.8035655851060701, "rate": 9.062697699220857}, "datetime": {"datetime": "2024-06-14 04:54:10", "elapsed": 5.812231, "delta": 0.008976}}
{"target": -506.88785510430006, "params": {"gamma": 8.071291906759395, "prior": 8.02138287543118, "rate": 2.690091641792864}, "datetime": {"datetime": "2024-06-14 04:54:10", "elapsed": 5.821207, "delta": 0.008976}}
{"target": -112.96707845641079, "params": {"gamma": 2.1923189037668234, "prior": 4.345126859849478, "rate": 8.493861636205818}, "datetime": {"datetime": "2024-06-14 04:54:10", "elapsed": 5.830183, "delta": 0.008976}}
{"target": -284.72114220479085, "params": {"gamma": 4.5043460450747315, "prior": 9.360659128669912, "rate": 3.5274405931901285}, "datetime": {"datetime": "2024-06-14 04:54:10", "elapsed": 5.839159, "delta": 0.008976}}
{"target": -296.44561986665957, "params": {"gamma": 6.194302264801901, "prior": 9.808920459922224, "rate": 6.434981759885809}, "datetime": {"datetime": "2024-06-14 04:54:10", "elapsed": 5.848135, "delta": 0.008976}}
{"target": -130.67118152808357, "params": {"gamma": 0.45593666218999723, "prior": 4.6892152004219465, "rate": 3.348178685792924}, "datetime": {"datetime": "2024-06-14 04:54:10", "elapsed": 5.858111, "delta": 0.009976}}
{"target": -317.3143290478858, "params": {"gamma": 5.322283303668225, "prior": 2.9189874652700007, "rate": 1.223490041069798}, "datetime": {"datetime": "2024-06-14 04:54:10", "elapsed": 5.867087, "delta": 0.008976}}
{"target": -215.52836228627964, "params": {"gamma": 6.683221598519268, "prior": 6.845461573423933, "rate": 8.671525860690885}, "datetime": {"datetime": "2024-06-14 04:54:10", "elapsed": 5.876063, "delta": 0.008976}}
{"target": -118.37818812710407, "params": {"gamma": 1.3246825541338114, "prior": 8.006341051952507, "rate": 8.267860615312884}, "datetime": {"datetime": "2024-06-14 04:54:10", "elapsed": 5.88504, "delta": 0.008977}}
{"target": -213.80108935964634, "params": {"gamma": 6.465852807575769, "prior": 2.128729243228275, "rate": 2.6149457233439732}, "datetime": {"datetime": "2024-06-14 04:54:10", "elapsed": 5.895013, "delta": 0.009973}}
{"target": -188.75744532551752, "params": {"gamma": 4.185549678574218, "prior": 5.46381082054904, "rate": 4.774902117966579}, "datetime": {"datetime": "2024-06-14 04:54:10", "elapsed": 5.903989, "delta": 0.008976}}
{"target": -187.11810329419149, "params": {"gamma": 4.67513146056165, "prior": 8.414423030956907, "rate": 8.70115355071037}, "datetime": {"datetime": "2024-06-14 04:54:10", "elapsed": 5.912965, "delta": 0.008976}}
{"target": -382.73758255054787, "params": {"gamma": 8.16772288980329, "prior": 8.790234044483526, "rate": 5.710516610608794}, "datetime": {"datetime": "2024-06-14 04:54:10", "elapsed": 5.921941, "delta": 0.008976}}
{"target": -335.7342386141304, "params": {"gamma": 9.64039729725748, "prior": 6.104789047679629, "rate": 6.039873463055735}, "datetime": {"datetime": "2024-06-14 04:54:10", "elapsed": 5.930917, "delta": 0.008976}}
{"target": -295.4763539726099, "params": {"gamma": 3.193658073009114, "prior": 6.843921422758488, "rate": 0.5206049193651046}, "datetime": {"datetime": "2024-06-14 04:54:10", "elapsed": 5.939893, "delta": 0.008976}}
{"target": -102.49175740642127, "params": {"gamma": 1.3463296636984106, "prior": 1.3893974589703744, "rate": 6.5523576709601326}, "datetime": {"datetime": "2024-06-14 04:54:10", "elapsed": 5.949866, "delta": 0.009973}}
{"target": -194.31008962059516, "params": {"gamma": 1.7541505851216117, "prior": 3.4773535501903177, "rate": 0.44407224667521283}, "datetime": {"datetime": "2024-06-14 04:54:10", "elapsed": 5.958842, "delta": 0.008976}}
{"target": -163.35463150632677, "params": {"gamma": 2.33810986680499, "prior": 9.645820816008012, "rate": 5.091884885761161}, "datetime": {"datetime": "2024-06-14 04:54:10", "elapsed": 5.967818, "delta": 0.008976}}
{"target": -108.35607922105136, "params": {"gamma": 1.5115941101958479, "prior": 5.277784464171196, "rate": 9.435150329726897}, "datetime": {"datetime": "2024-06-14 04:54:10", "elapsed": 5.976795, "delta": 0.008977}}
{"target": -381.87725658966366, "params": {"gamma": 8.656994454049334, "prior": 3.98145210241083, "rate": 2.8393912922180533}, "datetime": {"datetime": "2024-06-14 04:54:10", "elapsed": 5.98577, "delta": 0.008975}}
{"target": -268.84173119514793, "params": {"gamma": 7.617536897064726, "prior": 2.4807948155505692, "rate": 2.5430693142188665}, "datetime": {"datetime": "2024-06-14 04:54:10", "elapsed": 5.995744, "delta": 0.009974}}
{"target": -132.5414873896173, "params": {"gamma": 0.841779455445115, "prior": 8.655026538163867, "rate": 4.4795412572871784}, "datetime": {"datetime": "2024-06-14 04:54:10", "elapsed": 6.00472, "delta": 0.008976}}
{"target": -207.45298901591386, "params": {"gamma": 5.618300819839127, "prior": 7.393438481165847, "rate": 7.965092182444826}, "datetime": {"datetime": "2024-06-14 04:54:10", "elapsed": 6.013696, "delta": 0.008976}}
{"target": -158.14468893076534, "params": {"gamma": 4.475633881764149, "prior": 1.9228628061404038, "rate": 8.287499782431489}, "datetime": {"datetime": "2024-06-14 04:54:10", "elapsed": 6.022671, "delta": 0.008975}}
{"target": -136.5901843049505, "params": {"gamma": 0.3109486003227299, "prior": 9.47260986911873, "rate": 5.770201486928539}, "datetime": {"datetime": "2024-06-14 04:54:10", "elapsed": 6.031647, "delta": 0.008976}}
{"target": -510.16589098242207, "params": {"gamma": 8.754011995768419, "prior": 6.124797826038231, "rate": 2.5173441819390847}, "datetime": {"datetime": "2024-06-14 04:54:10", "elapsed": 6.040623, "delta": 0.008976}}
{"target": -124.80889695764249, "params": {"gamma": 2.962003105035548, "prior": 5.375933334413366, "rate": 9.620820050258088}, "datetime": {"datetime": "2024-06-14 04:54:10", "elapsed": 6.049599, "delta": 0.008976}}
{"target": -139.4145557286973, "params": {"gamma": 1.8457715492972864, "prior": 5.147993943616779, "rate": 3.4385372462650072}, "datetime": {"datetime": "2024-06-14 04:54:10", "elapsed": 6.058575, "delta": 0.008976}}
{"target": -404.27415735227294, "params": {"gamma": 7.697483724226901, "prior": 8.048378215680998, "rate": 4.246174543111865}, "datetime": {"datetime": "2024-06-14 04:54:10", "elapsed": 6.068549, "delta": 0.009974}}
{"target": -108.64302509245096, "params": {"gamma": 2.042020877443364, "prior": 0.7641856572556677, "rate": 1.9872839959411943}, "datetime": {"datetime": "2024-06-14 04:54:10", "elapsed": 6.077525, "delta": 0.008976}}
{"target": -126.8076648131312, "params": {"gamma": 2.7247361004436925, "prior": 6.028010287301183, "rate": 8.730961889247082}, "datetime": {"datetime": "2024-06-14 04:54:10", "elapsed": 6.086501, "delta": 0.008976}}
{"target": -127.75334172888677, "params": {"gamma": 1.2831811575160175, "prior": 9.58606854297747, "rate": 6.832025267697611}, "datetime": {"datetime": "2024-06-14 04:54:10", "elapsed": 6.096474, "delta": 0.009973}}
{"target": -430.11359736910333, "params": {"gamma": 7.419900392548125, "prior": 9.830519780617808, "rate": 4.161591625408803}, "datetime": {"datetime": "2024-06-14 04:54:10", "elapsed": 6.10545, "delta": 0.008976}}
{"target": -242.46700159378952, "params": {"gamma": 5.316303075493122, "prior": 6.824208206937614, "rate": 5.129238550757324}, "datetime": {"datetime": "2024-06-14 04:54:10", "elapsed": 6.114426, "delta": 0.008976}}
{"target": -121.36034161594407, "params": {"gamma": 2.991824334263695, "prior": 1.143308260027389, "rate": 2.8500365250757254}, "datetime": {"datetime": "2024-06-14 04:54:10", "elapsed": 6.123432, "delta": 0.009006}}
{"target": -241.0203122842178, "params": {"gamma": 7.688759630029292, "prior": 6.443748774073277, "rate": 8.013505701328722}, "datetime": {"datetime": "2024-06-14 04:54:10", "elapsed": 6.132379, "delta": 0.008947}}
{"target": -162.0064932441193, "params": {"gamma": 5.171688199172296, "prior": 2.3977902162787172, "rate": 6.279991307892046}, "datetime": {"datetime": "2024-06-14 04:54:10", "elapsed": 6.141354, "delta": 0.008975}}
{"target": -151.3526201174919, "params": {"gamma": 3.040750894733009, "prior": 0.39233457492600754, "rate": 9.03340843699194}, "datetime": {"datetime": "2024-06-14 04:54:10", "elapsed": 6.151327, "delta": 0.009973}}
{"target": -146.60794866017162, "params": {"gamma": 4.2042753184590484, "prior": 4.318694726204651, "rate": 7.412776101583259}, "datetime": {"datetime": "2024-06-14 04:54:10", "elapsed": 6.160305, "delta": 0.008978}}
{"target": -253.02415397707438, "params": {"gamma": 9.484635584653631, "prior": 0.8179037276500872, "rate": 1.7278381802346168}, "datetime": {"datetime": "2024-06-14 04:54:10", "elapsed": 6.169279, "delta": 0.008974}}
{"target": -127.34766369770887, "params": {"gamma": 3.224252533837974, "prior": 2.5594000386689704, "rate": 4.9554543186305695}, "datetime": {"datetime": "2024-06-14 04:54:10", "elapsed": 6.178617, "delta": 0.009338}}
{"target": -370.3923112892426, "params": {"gamma": 8.244771648366036, "prior": 8.55432690792754, "rate": 5.958703590644958}, "datetime": {"datetime": "2024-06-14 04:54:10", "elapsed": 6.188591, "delta": 0.009974}}
{"target": -113.56393393275263, "params": {"gamma": 2.4024971645768356, "prior": 1.9462776138995845, "rate": 7.434161733507989}, "datetime": {"datetime": "2024-06-14 04:54:10", "elapsed": 6.197568, "delta": 0.008977}}
{"target": -122.95974956560339, "params": {"gamma": 2.372903362377833, "prior": 5.440959820172842, "rate": 7.493058590484791}, "datetime": {"datetime": "2024-06-14 04:54:10", "elapsed": 6.206543, "delta": 0.008975}}
{"target": -201.9171013577728, "params": {"gamma": 2.283262797049244, "prior": 1.8275617569701659, "rate": 0.39831713007193664}, "datetime": {"datetime": "2024-06-14 04:54:10", "elapsed": 6.215519, "delta": 0.008976}}
{"target": -182.79872268893868, "params": {"gamma": 1.4765408081617755, "prior": 8.52924517877521, "rate": 1.0472544815378406}, "datetime": {"datetime": "2024-06-14 04:54:10", "elapsed": 6.227487, "delta": 0.011968}}
{"target": -124.60516837378673, "params": {"gamma": 2.2372268102276505, "prior": 0.4242962774851736, "rate": 6.763889997877335}, "datetime": {"datetime": "2024-06-14 04:54:10", "elapsed": 6.23746, "delta": 0.009973}}
{"target": -185.04386132352198, "params": {"gamma": 2.317799711505731, "prior": 4.194558006237466, "rate": 1.393872412065944}, "datetime": {"datetime": "2024-06-14 04:54:10", "elapsed": 6.246436, "delta": 0.008976}}
{"target": -160.15722279084244, "params": {"gamma": 3.772795658827454, "prior": 4.301930915772191, "rate": 4.730176553648271}, "datetime": {"datetime": "2024-06-14 04:54:10", "elapsed": 6.261397, "delta": 0.014961}}
{"target": -166.2869859865405, "params": {"gamma": 4.228995288573093, "prior": 1.1172899823542268, "rate": 7.72603008604881}, "datetime": {"datetime": "2024-06-14 04:54:10", "elapsed": 6.272367, "delta": 0.01097}}
{"target": -132.36109493073226, "params": {"gamma": 1.3729228288956241, "prior": 4.300494505825538, "rate": 2.7202891684153423}, "datetime": {"datetime": "2024-06-14 04:54:10", "elapsed": 6.28234, "delta": 0.009973}}
{"target": -163.6345836228389, "params": {"gamma": 3.0107784228559833, "prior": 6.756965648605682, "rate": 5.178349451410332}, "datetime": {"datetime": "2024-06-14 04:54:10", "elapsed": 6.292314, "delta": 0.009974}}
{"target": -137.9809435066673, "params": {"gamma": 1.9016804177489257, "prior": 4.744430954350433, "rate": 3.396069147094239}, "datetime": {"datetime": "2024-06-14 04:54:10", "elapsed": 6.301289, "delta": 0.008975}}
{"target": -216.27745494965504, "params": {"gamma": 7.045267485283013, "prior": 2.338342504082235, "rate": 8.450036385446094}, "datetime": {"datetime": "2024-06-14 04:54:10", "elapsed": 6.311265, "delta": 0.009976}}
{"target": -292.3708604292647, "params": {"gamma": 5.262770419251413, "prior": 5.056133771938582, "rate": 2.537604383069914}, "datetime": {"datetime": "2024-06-14 04:54:10", "elapsed": 6.320239, "delta": 0.008974}}
{"target": -108.94826015205719, "params": {"gamma": 1.8623705416969032, "prior": 4.771008721102208, "rate": 9.818262353834747}, "datetime": {"datetime": "2024-06-14 04:54:10", "elapsed": 6.329215, "delta": 0.008976}}
{"target": -103.37441979098075, "params": {"gamma": 1.3299294703806088, "prior": 2.9062780810377657, "rate": 8.006611101660276}, "datetime": {"datetime": "2024-06-14 04:54:10", "elapsed": 6.339188, "delta": 0.009973}}
{"target": -231.57569666313893, "params": {"gamma": 6.648104208209039, "prior": 2.859708246065027, "rate": 3.1471614201443434}, "datetime": {"datetime": "2024-06-14 04:54:10", "elapsed": 6.348164, "delta": 0.008976}}
{"target": -164.84219448641235, "params": {"gamma": 4.200062595764889, "prior": 6.067588946198732, "rate": 7.193668333443535}, "datetime": {"datetime": "2024-06-14 04:54:10", "elapsed": 6.358138, "delta": 0.009974}}
{"target": -531.7428248567923, "params": {"gamma": 8.573146034178855, "prior": 6.843003557538256, "rate": 2.370583662652512}, "datetime": {"datetime": "2024-06-14 04:54:10", "elapsed": 6.367113, "delta": 0.008975}}
{"target": -548.2624286823799, "params": {"gamma": 9.257279632827263, "prior": 7.833834466690084, "rate": 3.0745074227980154}, "datetime": {"datetime": "2024-06-14 04:54:10", "elapsed": 6.376089, "delta": 0.008976}}
{"target": -262.2996791132058, "params": {"gamma": 3.0503514507789897, "prior": 8.823566352446155, "rate": 1.2616587254915876}, "datetime": {"datetime": "2024-06-14 04:54:10", "elapsed": 6.385065, "delta": 0.008976}}
{"target": -190.00743587155466, "params": {"gamma": 6.334974881523022, "prior": 2.8493560514869, "rate": 8.272176051067923}, "datetime": {"datetime": "2024-06-14 04:54:10", "elapsed": 6.395039, "delta": 0.009974}}
{"target": -265.5924269901784, "params": {"gamma": 3.645869952111327, "prior": 7.360324335241457, "rate": 1.9249864862469743}, "datetime": {"datetime": "2024-06-14 04:54:10", "elapsed": 6.404015, "delta": 0.008976}}
{"target": -272.92425631891683, "params": {"gamma": 4.814977529509854, "prior": 8.05558680166717, "rate": 3.9704851285120673}, "datetime": {"datetime": "2024-06-14 04:54:10", "elapsed": 6.412991, "delta": 0.008976}}
