{"target": -1001.4700657609444, "params": {"gamma": 4.903044972676658, "lr": 0.5991103076458784}, "datetime": {"datetime": "2024-06-14 01:34:31", "elapsed": 0.425848, "delta": 0.003989}}
{"target": -145.55619436595325, "params": {"gamma": 0.15631722223280642, "lr": 0.5934814081966372}, "datetime": {"datetime": "2024-06-14 01:34:31", "elapsed": 0.429888, "delta": 0.00404}}
{"target": -1006.460069205755, "params": {"gamma": 4.337329813545594, "lr": 0.8073605288848414}, "datetime": {"datetime": "2024-06-14 01:34:31", "elapsed": 0.432832, "delta": 0.002944}}
{"target": -797.5279905497508, "params": {"gamma": 3.153132786150634, "lr": 0.8928887085251513}, "datetime": {"datetime": "2024-06-14 01:34:31", "elapsed": 0.436821, "delta": 0.003989}}
{"target": -2016.5189737600247, "params": {"gamma": 5.778994295630071, "lr": 0.18401020162746506}, "datetime": {"datetime": "2024-06-14 01:34:31", "elapsed": 0.440811, "delta": 0.00399}}
{"target": -1580.2530946054385, "params": {"gamma": 7.8795044090212185, "lr": 0.6120311770449339}, "datetime": {"datetime": "2024-06-14 01:34:31", "elapsed": 0.443802, "delta": 0.002991}}
{"target": -171.02913460148383, "params": {"gamma": 0.5400388114654558, "lr": 0.4201936800011322}, "datetime": {"datetime": "2024-06-14 01:34:31", "elapsed": 0.447792, "delta": 0.00399}}
{"target": -1733.6122497043089, "params": {"gamma": 6.791009296817731, "lr": 0.9186017779775258}, "datetime": {"datetime": "2024-06-14 01:34:31", "elapsed": 0.450786, "delta": 0.002994}}
{"target": -148.62777074443395, "params": {"gamma": 0.005019846888682974, "lr": 0.9767591490310596}, "datetime": {"datetime": "2024-06-14 01:34:31", "elapsed": 0.454776, "delta": 0.00399}}
{"target": -968.6354892095807, "params": {"gamma": 3.766426567142999, "lr": 0.9737835383583225}, "datetime": {"datetime": "2024-06-14 01:34:31", "elapsed": 0.457767, "delta": 0.002991}}
{"target": -1414.7412656437143, "params": {"gamma": 6.047556293639557, "lr": 0.828845807980693}, "datetime": {"datetime": "2024-06-14 01:34:31", "elapsed": 0.461757, "delta": 0.00399}}
{"target": -1169.0690412823167, "params": {"gamma": 5.747540335576315, "lr": 0.6280761983073504}, "datetime": {"datetime": "2024-06-14 01:34:31", "elapsed": 0.465746, "delta": 0.003989}}
{"target": -594.7758809370124, "params": {"gamma": 2.8564772406752437, "lr": 0.586833340656083}, "datetime": {"datetime": "2024-06-14 01:34:31", "elapsed": 0.469744, "delta": 0.003998}}
{"target": -1838.0471893539034, "params": {"gamma": 7.500467615262897, "lr": 0.8583138364290424}, "datetime": {"datetime": "2024-06-14 01:34:31", "elapsed": 0.47273, "delta": 0.002986}}
{"target": -1648.854446286611, "params": {"gamma": 7.551066802488335, "lr": 0.698057248447303}, "datetime": {"datetime": "2024-06-14 01:34:31", "elapsed": 0.476719, "delta": 0.003989}}
{"target": -1539.8594781829606, "params": {"gamma": 8.644929821115943, "lr": 0.32268099683674645}, "datetime": {"datetime": "2024-06-14 01:34:31", "elapsed": 0.480709, "delta": 0.00399}}
{"target": -1238.8426211189508, "params": {"gamma": 6.708217119085085, "lr": 0.45087393641334916}, "datetime": {"datetime": "2024-06-14 01:34:31", "elapsed": 0.483701, "delta": 0.002992}}
{"target": -703.3496023694911, "params": {"gamma": 3.8216454175631407, "lr": 0.4108113499221856}, "datetime": {"datetime": "2024-06-14 01:34:31", "elapsed": 0.48769, "delta": 0.003989}}
{"target": -733.9434905779023, "params": {"gamma": 4.015394355111937, "lr": 0.3173839459582769}, "datetime": {"datetime": "2024-06-14 01:34:31", "elapsed": 0.491679, "delta": 0.003989}}
{"target": -1154.0168572791738, "params": {"gamma": 6.219571759835095, "lr": 0.43024727082126435}, "datetime": {"datetime": "2024-06-14 01:34:31", "elapsed": 0.495669, "delta": 0.00399}}
{"target": -2122.206686301293, "params": {"gamma": 9.738046977194596, "lr": 0.6778008914343111}, "datetime": {"datetime": "2024-06-14 01:34:31", "elapsed": 0.499666, "delta": 0.003997}}
{"target": -387.31500424082145, "params": {"gamma": 1.9865003143826816, "lr": 0.4267010093480328}, "datetime": {"datetime": "2024-06-14 01:34:31", "elapsed": 0.502653, "delta": 0.002987}}
{"target": -787.1759994655489, "params": {"gamma": 3.4341190515044557, "lr": 0.7976388039585666}, "datetime": {"datetime": "2024-06-14 01:34:31", "elapsed": 0.506642, "delta": 0.003989}}
{"target": -2196.3915142809446, "params": {"gamma": 8.800102887345755, "lr": 0.903841955826372}, "datetime": {"datetime": "2024-06-14 01:34:31", "elapsed": 0.510634, "delta": 0.003992}}
{"target": -1422.1725265021814, "params": {"gamma": 6.627535403940247, "lr": 0.2702082620297578}, "datetime": {"datetime": "2024-06-14 01:34:31", "elapsed": 0.513625, "delta": 0.002991}}
{"target": -613.649817878806, "params": {"gamma": 2.5244146483443926, "lr": 0.8548979426974024}, "datetime": {"datetime": "2024-06-14 01:34:31", "elapsed": 0.517615, "delta": 0.00399}}
{"target": -1220.8390983490888, "params": {"gamma": 5.277618748441158, "lr": 0.8021610840045981}, "datetime": {"datetime": "2024-06-14 01:34:31", "elapsed": 0.521607, "delta": 0.003992}}
{"target": -1271.8185825590465, "params": {"gamma": 5.725312683398872, "lr": 0.7331425252875111}, "datetime": {"datetime": "2024-06-14 01:34:31", "elapsed": 0.525597, "delta": 0.00399}}
{"target": -1171.393787060468, "params": {"gamma": 5.190597263013095, "lr": 0.770883910501888}, "datetime": {"datetime": "2024-06-14 01:34:31", "elapsed": 0.529585, "delta": 0.003988}}
{"target": -1054.680778718371, "params": {"gamma": 5.689011049056451, "lr": 0.4657098785919809}, "datetime": {"datetime": "2024-06-14 01:34:31", "elapsed": 0.532578, "delta": 0.002993}}
{"target": -1652.9361705901601, "params": {"gamma": 3.4275463906248644, "lr": 0.06820934841670412}, "datetime": {"datetime": "2024-06-14 01:34:31", "elapsed": 0.536567, "delta": 0.003989}}
{"target": -1821.5412847441812, "params": {"gamma": 3.7798638691016704, "lr": 0.07962607769825236}, "datetime": {"datetime": "2024-06-14 01:34:31", "elapsed": 0.540556, "delta": 0.003989}}
{"target": -3731.061628794221, "params": {"gamma": 9.82818832019072, "lr": 0.18161285133076377}, "datetime": {"datetime": "2024-06-14 01:34:31", "elapsed": 0.543548, "delta": 0.002992}}
{"target": -1988.243027365259, "params": {"gamma": 8.118775118507678, "lr": 0.8749616449558981}, "datetime": {"datetime": "2024-06-14 01:34:31", "elapsed": 0.547538, "delta": 0.00399}}
{"target": -1374.6494350866571, "params": {"gamma": 6.884444110607048, "lr": 0.5694944127453757}, "datetime": {"datetime": "2024-06-14 01:34:31", "elapsed": 0.551527, "delta": 0.003989}}
{"target": -329.9262076189923, "params": {"gamma": 1.610553396719272, "lr": 0.4668800227633063}, "datetime": {"datetime": "2024-06-14 01:34:31", "elapsed": 0.554519, "delta": 0.002992}}
{"target": -925.5356871268649, "params": {"gamma": 3.452375339500995, "lr": 0.2250399578140846}, "datetime": {"datetime": "2024-06-14 01:34:31", "elapsed": 0.558508, "delta": 0.003989}}
{"target": -1065.786013794482, "params": {"gamma": 5.925526175789202, "lr": 0.31226983770191696}, "datetime": {"datetime": "2024-06-14 01:34:31", "elapsed": 0.562498, "delta": 0.00399}}
{"target": -2339.306456339082, "params": {"gamma": 9.163139229130039, "lr": 0.9096355249515571}, "datetime": {"datetime": "2024-06-14 01:34:31", "elapsed": 0.566487, "delta": 0.003989}}
{"target": -1166.5404918773716, "params": {"gamma": 2.57192581952818, "lr": 0.1108913007440292}, "datetime": {"datetime": "2024-06-14 01:34:31", "elapsed": 0.569479, "delta": 0.002992}}
{"target": -384.11271699768355, "params": {"gamma": 1.9304343574591094, "lr": 0.49958417067888605}, "datetime": {"datetime": "2024-06-14 01:34:31", "elapsed": 0.573468, "delta": 0.003989}}
{"target": -2193.4946028000695, "params": {"gamma": 7.286128094077989, "lr": 0.20819443840879148}, "datetime": {"datetime": "2024-06-14 01:34:31", "elapsed": 0.577458, "delta": 0.00399}}
{"target": -603.6883654952633, "params": {"gamma": 2.48108755021393, "lr": 0.851671874936367}, "datetime": {"datetime": "2024-06-14 01:34:31", "elapsed": 0.581447, "delta": 0.003989}}
{"target": -843.5525863034597, "params": {"gamma": 4.159071333957006, "lr": 0.6166850671552362}, "datetime": {"datetime": "2024-06-14 01:34:31", "elapsed": 0.584439, "delta": 0.002992}}
{"target": -1062.1660527354484, "params": {"gamma": 2.3374277262532615, "lr": 0.10196725942579743}, "datetime": {"datetime": "2024-06-14 01:34:31", "elapsed": 0.588429, "delta": 0.00399}}
{"target": -959.0261316086085, "params": {"gamma": 5.159054312668331, "lr": 0.47714098704978236}, "datetime": {"datetime": "2024-06-14 01:34:31", "elapsed": 0.592419, "delta": 0.00399}}
{"target": -335.80195735560716, "params": {"gamma": 1.5275637692875392, "lr": 0.6218062317404155}, "datetime": {"datetime": "2024-06-14 01:34:31", "elapsed": 0.596408, "delta": 0.003989}}
{"target": -1099.5104998625784, "params": {"gamma": 5.440557178020568, "lr": 0.6541373469707443}, "datetime": {"datetime": "2024-06-14 01:34:31", "elapsed": 0.600397, "delta": 0.003989}}
{"target": -352.1669513118497, "params": {"gamma": 1.4463108557064734, "lr": 0.7515278171352439}, "datetime": {"datetime": "2024-06-14 01:34:31", "elapsed": 0.604386, "delta": 0.003989}}
{"target": -466.49579576916034, "params": {"gamma": 2.221269348859427, "lr": 0.519351824366033}, "datetime": {"datetime": "2024-06-14 01:34:31", "elapsed": 0.609374, "delta": 0.004988}}
{"target": -3773.928382210759, "params": {"gamma": 7.853174986187969, "lr": 0.02233042799180618}, "datetime": {"datetime": "2024-06-14 01:34:31", "elapsed": 0.613362, "delta": 0.003988}}
{"target": -806.4563007319647, "params": {"gamma": 3.2443002348021386, "lr": 0.872922376400111}, "datetime": {"datetime": "2024-06-14 01:34:31", "elapsed": 0.617384, "delta": 0.004022}}
{"target": -1690.7468121307054, "params": {"gamma": 8.447251366413093, "lr": 0.5384405925945437}, "datetime": {"datetime": "2024-06-14 01:34:31", "elapsed": 0.622339, "delta": 0.004955}}
{"target": -2208.7803581540843, "params": {"gamma": 8.666216133390963, "lr": 0.9498059913536265}, "datetime": {"datetime": "2024-06-14 01:34:31", "elapsed": 0.626328, "delta": 0.003989}}
{"target": -1954.6918715907875, "params": {"gamma": 8.264243569295784, "lr": 0.8541154438365387}, "datetime": {"datetime": "2024-06-14 01:34:31", "elapsed": 0.630318, "delta": 0.00399}}
{"target": -241.866051469877, "params": {"gamma": 0.9883352748016633, "lr": 0.651304332340991}, "datetime": {"datetime": "2024-06-14 01:34:31", "elapsed": 0.634306, "delta": 0.003988}}
{"target": -1412.8441012629557, "params": {"gamma": 7.035466364538378, "lr": 0.6102408126466297}, "datetime": {"datetime": "2024-06-14 01:34:31", "elapsed": 0.64029, "delta": 0.005984}}
{"target": -3842.5804785303444, "params": {"gamma": 7.996353002098545, "lr": 0.03457121987163425}, "datetime": {"datetime": "2024-06-14 01:34:31", "elapsed": 0.644279, "delta": 0.003989}}
{"target": -1705.4508425645995, "params": {"gamma": 7.702617106815245, "lr": 0.731728600739527}, "datetime": {"datetime": "2024-06-14 01:34:31", "elapsed": 0.647271, "delta": 0.002992}}
{"target": -574.5243215736397, "params": {"gamma": 2.5977242345902325, "lr": 0.2570692988221467}, "datetime": {"datetime": "2024-06-14 01:34:31", "elapsed": 0.65126, "delta": 0.003989}}
{"target": -1246.3880737634533, "params": {"gamma": 6.323400870983849, "lr": 0.34529746159108154}, "datetime": {"datetime": "2024-06-14 01:34:31", "elapsed": 0.65525, "delta": 0.00399}}
{"target": -1466.3216927706603, "params": {"gamma": 7.966090191394868, "lr": 0.44614623200345727}, "datetime": {"datetime": "2024-06-14 01:34:31", "elapsed": 0.659239, "delta": 0.003989}}
{"target": -1996.2820747136068, "params": {"gamma": 7.827711398426936, "lr": 0.9904717836238407}, "datetime": {"datetime": "2024-06-14 01:34:31", "elapsed": 0.662231, "delta": 0.002992}}
{"target": -1121.4766567259512, "params": {"gamma": 3.0031831469994668, "lr": 0.14300582825809938}, "datetime": {"datetime": "2024-06-14 01:34:31", "elapsed": 0.66622, "delta": 0.003989}}
{"target": -1802.7580655850534, "params": {"gamma": 9.01318305505639, "lr": 0.5415593788873733}, "datetime": {"datetime": "2024-06-14 01:34:31", "elapsed": 0.67021, "delta": 0.00399}}
{"target": -1955.7671028399318, "params": {"gamma": 9.747428968179968, "lr": 0.6366044000018972}, "datetime": {"datetime": "2024-06-14 01:34:31", "elapsed": 0.673202, "delta": 0.002992}}
{"target": -1976.1099092138304, "params": {"gamma": 9.939136333080178, "lr": 0.5460708041429516}, "datetime": {"datetime": "2024-06-14 01:34:31", "elapsed": 0.677191, "delta": 0.003989}}
{"target": -1887.9741524340322, "params": {"gamma": 5.264732913121308, "lr": 0.1354279030721699}, "datetime": {"datetime": "2024-06-14 01:34:31", "elapsed": 0.68118, "delta": 0.003989}}
{"target": -1715.206637415895, "params": {"gamma": 3.5576960046678274, "lr": 0.026218567296373285}, "datetime": {"datetime": "2024-06-14 01:34:31", "elapsed": 0.685169, "delta": 0.003989}}
{"target": -380.82012362855875, "params": {"gamma": 1.6047914000169714, "lr": 0.7456371927074961}, "datetime": {"datetime": "2024-06-14 01:34:31", "elapsed": 0.688161, "delta": 0.002992}}
{"target": -155.37868098319495, "params": {"gamma": 0.3049664995979595, "lr": 0.36654309724374434}, "datetime": {"datetime": "2024-06-14 01:34:31", "elapsed": 0.692151, "delta": 0.00399}}
{"target": -1880.9748101432765, "params": {"gamma": 8.623600182127603, "lr": 0.6926777175073543}, "datetime": {"datetime": "2024-06-14 01:34:31", "elapsed": 0.696141, "delta": 0.00399}}
{"target": -2408.8047670919336, "params": {"gamma": 6.90973047851962, "lr": 0.18863680095531088}, "datetime": {"datetime": "2024-06-14 01:34:31", "elapsed": 0.70013, "delta": 0.003989}}
{"target": -904.9472381631278, "params": {"gamma": 4.419600903203486, "lr": 0.5815774073442912}, "datetime": {"datetime": "2024-06-14 01:34:31", "elapsed": 0.704119, "delta": 0.003989}}
{"target": -2976.8851309861943, "params": {"gamma": 9.897527324929388, "lr": 0.20390622523312185}, "datetime": {"datetime": "2024-06-14 01:34:31", "elapsed": 0.708109, "delta": 0.00399}}
{"target": -549.8956738534405, "params": {"gamma": 2.478081284721786, "lr": 0.26217308377291193}, "datetime": {"datetime": "2024-06-14 01:34:31", "elapsed": 0.711101, "delta": 0.002992}}
{"target": -1382.3729856985374, "params": {"gamma": 7.50197396056663, "lr": 0.4569753274356928}, "datetime": {"datetime": "2024-06-14 01:34:31", "elapsed": 0.716087, "delta": 0.004986}}
{"target": -180.2923219996288, "params": {"gamma": 0.5702374546725388, "lr": 0.5085162406102396}, "datetime": {"datetime": "2024-06-14 01:34:31", "elapsed": 0.720076, "delta": 0.003989}}
{"target": -497.7509554860134, "params": {"gamma": 2.120389686272116, "lr": 0.7986042447602102}, "datetime": {"datetime": "2024-06-14 01:34:31", "elapsed": 0.724065, "delta": 0.003989}}
{"target": -1436.1136700743318, "params": {"gamma": 2.9740164836912153, "lr": 0.02760601195450363}, "datetime": {"datetime": "2024-06-14 01:34:31", "elapsed": 0.728055, "delta": 0.00399}}
{"target": -1408.7006742370118, "params": {"gamma": 5.934731062196747, "lr": 0.8438404289311888}, "datetime": {"datetime": "2024-06-14 01:34:31", "elapsed": 0.731047, "delta": 0.002992}}
{"target": -853.1443946891479, "params": {"gamma": 3.81078022449808, "lr": 0.7498583107261434}, "datetime": {"datetime": "2024-06-14 01:34:31", "elapsed": 0.735036, "delta": 0.003989}}
{"target": -1031.2694165161959, "params": {"gamma": 5.111903641492986, "lr": 0.5409518049621886}, "datetime": {"datetime": "2024-06-14 01:34:31", "elapsed": 0.739026, "delta": 0.00399}}
{"target": -2206.8846845627327, "params": {"gamma": 9.594383776296462, "lr": 0.8039608914986468}, "datetime": {"datetime": "2024-06-14 01:34:31", "elapsed": 0.743015, "delta": 0.003989}}
{"target": -155.60973744783206, "params": {"gamma": 0.3241983431691163, "lr": 0.7093872512312951}, "datetime": {"datetime": "2024-06-14 01:34:31", "elapsed": 0.746007, "delta": 0.002992}}
{"target": -1191.8237505732936, "params": {"gamma": 4.650549814153498, "lr": 0.9475489413950998}, "datetime": {"datetime": "2024-06-14 01:34:31", "elapsed": 0.749997, "delta": 0.00399}}
{"target": -496.0978990492443, "params": {"gamma": 2.2151059105005597, "lr": 0.2670720196843658}, "datetime": {"datetime": "2024-06-14 01:34:31", "elapsed": 0.753985, "delta": 0.003988}}
{"target": -207.20002670457592, "params": {"gamma": 0.8156581748077427, "lr": 0.42861882866378653}, "datetime": {"datetime": "2024-06-14 01:34:31", "elapsed": 0.756978, "delta": 0.002993}}
{"target": -260.4814143475497, "params": {"gamma": 1.091078621426664, "lr": 0.6337867606119179}, "datetime": {"datetime": "2024-06-14 01:34:31", "elapsed": 0.760967, "delta": 0.003989}}
{"target": -1752.4628383156237, "params": {"gamma": 8.029829410500005, "lr": 0.6968004961201785}, "datetime": {"datetime": "2024-06-14 01:34:31", "elapsed": 0.764956, "delta": 0.003989}}
{"target": -1505.147405154134, "params": {"gamma": 7.66234759937663, "lr": 0.3424541198435198}, "datetime": {"datetime": "2024-06-14 01:34:31", "elapsed": 0.768946, "delta": 0.00399}}
{"target": -1558.911232868062, "params": {"gamma": 8.45866897879375, "lr": 0.42876877499944255}, "datetime": {"datetime": "2024-06-14 01:34:31", "elapsed": 0.772936, "delta": 0.00399}}
{"target": -1668.3061086530547, "params": {"gamma": 8.240274694252776, "lr": 0.6264961586242938}, "datetime": {"datetime": "2024-06-14 01:34:31", "elapsed": 0.776925, "delta": 0.003989}}
{"target": -705.5776128224844, "params": {"gamma": 1.435087063653779, "lr": 0.07838689985494796}, "datetime": {"datetime": "2024-06-14 01:34:31", "elapsed": 0.780914, "delta": 0.003989}}
{"target": -182.4356427738833, "params": {"gamma": 0.1843080964871599, "lr": 0.06672499763935646}, "datetime": {"datetime": "2024-06-14 01:34:31", "elapsed": 0.783906, "delta": 0.002992}}
{"target": -1825.1792385104216, "params": {"gamma": 4.586379553270611, "lr": 0.11334192276759048}, "datetime": {"datetime": "2024-06-14 01:34:31", "elapsed": 0.787895, "delta": 0.003989}}
{"target": -151.71899324801717, "params": {"gamma": 0.27880570513785086, "lr": 0.7548614813904674}, "datetime": {"datetime": "2024-06-14 01:34:31", "elapsed": 0.791885, "delta": 0.00399}}
{"target": -883.2966607738513, "params": {"gamma": 3.949109954125934, "lr": 0.7469384956075251}, "datetime": {"datetime": "2024-06-14 01:34:31", "elapsed": 0.795874, "delta": 0.003989}}
{"target": -844.6713734491684, "params": {"gamma": 4.52459586263777, "lr": 0.4500867470007611}, "datetime": {"datetime": "2024-06-14 01:34:31", "elapsed": 0.799422, "delta": 0.003548}}
{"target": -890.9033729061232, "params": {"gamma": 4.7812469946715925, "lr": 0.47400392656219403}, "datetime": {"datetime": "2024-06-14 01:34:31", "elapsed": 0.803402, "delta": 0.00398}}
{"target": -1442.2291020547211, "params": {"gamma": 8.031830257799582, "lr": 0.40239251985773583}, "datetime": {"datetime": "2024-06-14 01:34:31", "elapsed": 0.807392, "delta": 0.00399}}
{"target": -4346.337611515647, "params": {"gamma": 9.046956917275887, "lr": 0.037061047954035864}, "datetime": {"datetime": "2024-06-14 01:34:31", "elapsed": 0.811381, "delta": 0.003989}}
{"target": -2766.07268153964, "params": {"gamma": 7.738969552861467, "lr": 0.12564138113773882}, "datetime": {"datetime": "2024-06-14 01:34:31", "elapsed": 0.814374, "delta": 0.002993}}
{"target": -2974.3432669047247, "params": {"gamma": 6.185517155553943, "lr": 0.010364261335231939}, "datetime": {"datetime": "2024-06-14 01:34:31", "elapsed": 0.818363, "delta": 0.003989}}
{"target": -2591.4125175962236, "params": {"gamma": 5.386734198480894, "lr": 0.0030179566195963625}, "datetime": {"datetime": "2024-06-14 01:34:31", "elapsed": 0.822382, "delta": 0.004019}}
{"target": -2372.9068084401088, "params": {"gamma": 9.511986661116556, "lr": 0.905402033702778}, "datetime": {"datetime": "2024-06-14 01:34:31", "elapsed": 0.826341, "delta": 0.003959}}
{"target": -2033.7531388769353, "params": {"gamma": 7.959873452480752, "lr": 0.9152743199147875}, "datetime": {"datetime": "2024-06-14 01:34:31", "elapsed": 0.830331, "delta": 0.00399}}
{"target": -561.9890188200347, "params": {"gamma": 1.4564367533528122, "lr": 0.15773006987053328}, "datetime": {"datetime": "2024-06-14 01:34:31", "elapsed": 0.833323, "delta": 0.002992}}
{"target": -400.49804236319346, "params": {"gamma": 1.8771290973514374, "lr": 0.6224959022999211}, "datetime": {"datetime": "2024-06-14 01:34:31", "elapsed": 0.837312, "delta": 0.003989}}
{"target": -2308.124862632718, "params": {"gamma": 9.05818915058701, "lr": 0.9899551783590737}, "datetime": {"datetime": "2024-06-14 01:34:31", "elapsed": 0.841301, "delta": 0.003989}}
{"target": -1575.7721540241075, "params": {"gamma": 7.111513465199394, "lr": 0.7318004091422953}, "datetime": {"datetime": "2024-06-14 01:34:31", "elapsed": 0.84529, "delta": 0.003989}}
{"target": -1628.911014519393, "params": {"gamma": 9.093022752238, "lr": 0.4008737323711209}, "datetime": {"datetime": "2024-06-14 01:34:31", "elapsed": 0.848282, "delta": 0.002992}}
{"target": -960.2027554738745, "params": {"gamma": 2.4992569515701426, "lr": 0.17343017078712286}, "datetime": {"datetime": "2024-06-14 01:34:31", "elapsed": 0.852272, "delta": 0.00399}}
{"target": -306.8959331897764, "params": {"gamma": 1.1954510462869563, "lr": 0.8126105880328287}, "datetime": {"datetime": "2024-06-14 01:34:31", "elapsed": 0.856261, "delta": 0.003989}}
{"target": -347.579768021325, "params": {"gamma": 1.4687769417990144, "lr": 0.2642974827269007}, "datetime": {"datetime": "2024-06-14 01:34:31", "elapsed": 0.859253, "delta": 0.002992}}
{"target": -1460.6965404315627, "params": {"gamma": 8.191072697156674, "lr": 0.31058725179421}, "datetime": {"datetime": "2024-06-14 01:34:31", "elapsed": 0.863242, "delta": 0.003989}}
{"target": -2099.4550868891806, "params": {"gamma": 9.824192075480136, "lr": 0.2666387021516352}, "datetime": {"datetime": "2024-06-14 01:34:31", "elapsed": 0.867232, "delta": 0.00399}}
