{"target": -1735.9990169296454, "params": {"gamma": 7.5419276912585245, "lr": 0.32178620055239215}, "datetime": {"datetime": "2024-06-13 22:26:41", "elapsed": 8.581573, "delta": 0.004987}}
{"target": -2212.069202594028, "params": {"gamma": 8.001642974863078, "lr": 0.9113083542736461}, "datetime": {"datetime": "2024-06-13 22:26:41", "elapsed": 8.58656, "delta": 0.004987}}
{"target": -1136.9852265579684, "params": {"gamma": 5.131976926404618, "lr": 0.42942202968065213}, "datetime": {"datetime": "2024-06-13 22:26:41", "elapsed": 8.591547, "delta": 0.004987}}
{"target": -251.2483642022371, "params": {"gamma": 0.9168564269132811, "lr": 0.27367730380496647}, "datetime": {"datetime": "2024-06-13 22:26:41", "elapsed": 8.596534, "delta": 0.004987}}
{"target": -2088.424792613617, "params": {"gamma": 8.866591497643999, "lr": 0.2459443412735529}, "datetime": {"datetime": "2024-06-13 22:26:41", "elapsed": 8.601521, "delta": 0.004987}}
{"target": -1365.1303695361196, "params": {"gamma": 6.212272679321877, "lr": 0.49500739584280073}, "datetime": {"datetime": "2024-06-13 22:26:41", "elapsed": 8.606507, "delta": 0.004986}}
{"target": -300.63069173902704, "params": {"gamma": 0.9446309868062094, "lr": 0.8993685313928761}, "datetime": {"datetime": "2024-06-13 22:26:41", "elapsed": 8.612491, "delta": 0.005984}}
{"target": -218.6964537035968, "params": {"gamma": 0.6786405537486796, "lr": 0.680702325466581}, "datetime": {"datetime": "2024-06-13 22:26:41", "elapsed": 8.617477, "delta": 0.004986}}
{"target": -2314.787373780182, "params": {"gamma": 9.720009401703859, "lr": 0.709373790820744}, "datetime": {"datetime": "2024-06-13 22:26:41", "elapsed": 8.622464, "delta": 0.004987}}
{"target": -1096.1526164743452, "params": {"gamma": 3.2597612958632975, "lr": 0.07344016636799866}, "datetime": {"datetime": "2024-06-13 22:26:41", "elapsed": 8.626453, "delta": 0.003989}}
{"target": -1428.0974577747377, "params": {"gamma": 5.797790733426387, "lr": 0.7335170182530933}, "datetime": {"datetime": "2024-06-13 22:26:41", "elapsed": 8.632085, "delta": 0.005632}}
{"target": -204.41151679887315, "params": {"gamma": 0.5239594410412508, "lr": 0.8376741304024212}, "datetime": {"datetime": "2024-06-13 22:27:09", "elapsed": 36.215812, "delta": 27.583727}}
{"target": -506.81659696020165, "params": {"gamma": 1.7328344314002284, "lr": 0.9983606440368625}, "datetime": {"datetime": "2024-06-13 22:27:37", "elapsed": 64.043111, "delta": 27.827299}}
{"target": -146.94720227870866, "params": {"gamma": 0.001, "lr": 0.0}, "datetime": {"datetime": "2024-06-13 22:27:52", "elapsed": 79.278529, "delta": 15.235418}}
{"target": -299.30111065042945, "params": {"gamma": 0.9254224820487047, "lr": 0.9872254773367676}, "datetime": {"datetime": "2024-06-13 22:28:31", "elapsed": 117.920118, "delta": 38.641589}}
{"target": -146.94720227870866, "params": {"gamma": 0.5882916213672562, "lr": 0.0}, "datetime": {"datetime": "2024-06-13 22:28:55", "elapsed": 141.928337, "delta": 24.008219}}
{"target": -146.8278760256412, "params": {"gamma": 0.011592683091553226, "lr": 0.9114614297590502}, "datetime": {"datetime": "2024-06-13 22:29:27", "elapsed": 174.767775, "delta": 32.839438}}
{"target": -147.33048673440481, "params": {"gamma": 0.06233187185474814, "lr": 0.9502695787446328}, "datetime": {"datetime": "2024-06-13 22:29:51", "elapsed": 198.02514, "delta": 23.257365}}
{"target": -201.96403351223952, "params": {"gamma": 0.6035947077067949, "lr": 0.6520322127134777}, "datetime": {"datetime": "2024-06-13 22:30:30", "elapsed": 237.753142, "delta": 39.728002}}
{"target": -1329.2534696712376, "params": {"gamma": 5.532459911594318, "lr": 0.7020481994531945}, "datetime": {"datetime": "2024-06-13 22:30:41", "elapsed": 248.013085, "delta": 10.259943}}
{"target": -348.7620989180417, "params": {"gamma": 1.4853000029868202, "lr": 0.4066836824442297}, "datetime": {"datetime": "2024-06-13 22:30:50", "elapsed": 257.642292, "delta": 9.629207}}
{"target": -146.88163725947342, "params": {"gamma": 0.003619245553947057, "lr": 0.13929103837755408}, "datetime": {"datetime": "2024-06-13 22:31:29", "elapsed": 296.1982, "delta": 38.555908}}
{"target": -225.25976027676688, "params": {"gamma": 0.5647102307160438, "lr": 1.0}, "datetime": {"datetime": "2024-06-13 22:32:01", "elapsed": 328.379816, "delta": 32.181616}}
{"target": -195.0388381118137, "params": {"gamma": 0.5197282012876859, "lr": 0.7280106516606782}, "datetime": {"datetime": "2024-06-13 22:32:42", "elapsed": 368.882313, "delta": 40.502497}}
{"target": -478.844279239379, "params": {"gamma": 1.6270390108474166, "lr": 0.9986922594466423}, "datetime": {"datetime": "2024-06-13 22:33:00", "elapsed": 386.990403, "delta": 18.10809}}
{"target": -234.5265812583918, "params": {"gamma": 0.756243391918761, "lr": 0.7115010512227127}, "datetime": {"datetime": "2024-06-13 22:33:32", "elapsed": 419.045424, "delta": 32.055021}}
{"target": -146.94720227870866, "params": {"gamma": 0.09066475790827946, "lr": 0.0}, "datetime": {"datetime": "2024-06-13 22:34:08", "elapsed": 455.260269, "delta": 36.214845}}
{"target": -146.94720227870866, "params": {"gamma": 0.7693158853395835, "lr": 0.0}, "datetime": {"datetime": "2024-06-13 22:34:32", "elapsed": 479.176178, "delta": 23.915909}}
{"target": -146.94720227870866, "params": {"gamma": 0.37323716057331036, "lr": 0.0}, "datetime": {"datetime": "2024-06-13 22:35:05", "elapsed": 511.85739, "delta": 32.681212}}
{"target": -588.8747830691731, "params": {"gamma": 2.195616609602122, "lr": 0.832826239704753}, "datetime": {"datetime": "2024-06-13 22:35:14", "elapsed": 521.123296, "delta": 9.265906}}
{"target": -166.67284825476585, "params": {"gamma": 0.2849346174439219, "lr": 0.9966263346869634}, "datetime": {"datetime": "2024-06-13 22:35:31", "elapsed": 538.396856, "delta": 17.27356}}
{"target": -148.14597711050277, "params": {"gamma": 0.11556519198808118, "lr": 0.6845900779193426}, "datetime": {"datetime": "2024-06-13 22:35:58", "elapsed": 565.037511, "delta": 26.640655}}
{"target": -223.81314896707474, "params": {"gamma": 0.73871343454262, "lr": 0.6145985045526104}, "datetime": {"datetime": "2024-06-13 22:36:40", "elapsed": 607.190968, "delta": 42.153457}}
{"target": -146.92390809104577, "params": {"gamma": 0.001, "lr": 0.5519346462434863}, "datetime": {"datetime": "2024-06-13 22:36:59", "elapsed": 626.366709, "delta": 19.175741}}
{"target": -1019.250735863988, "params": {"gamma": 4.614963540072418, "lr": 0.487979895010642}, "datetime": {"datetime": "2024-06-13 22:37:08", "elapsed": 635.611754, "delta": 9.245045}}
{"target": -147.76145691441448, "params": {"gamma": 0.07658718359293651, "lr": 0.9950673513897763}, "datetime": {"datetime": "2024-06-13 22:37:40", "elapsed": 667.323653, "delta": 31.711899}}
