{"target": -473.72464100004333, "params": {"gamma": 4.903044972676658, "lr": 0.5991103076458784}, "datetime": {"datetime": "2024-06-13 19:54:32", "elapsed": 0.375781, "delta": 0.002992}}
{"target": -136.99028281700757, "params": {"gamma": 0.15631722223280642, "lr": 0.5934814081966372}, "datetime": {"datetime": "2024-06-13 19:54:32", "elapsed": 0.378773, "delta": 0.002992}}
{"target": -563.7565878840869, "params": {"gamma": 4.337329813545594, "lr": 0.8073605288848414}, "datetime": {"datetime": "2024-06-13 19:54:32", "elapsed": 0.382762, "delta": 0.003989}}
{"target": -453.00309486984327, "params": {"gamma": 3.153132786150634, "lr": 0.8928887085251513}, "datetime": {"datetime": "2024-06-13 19:54:32", "elapsed": 0.385755, "delta": 0.002993}}
{"target": -691.0603135383614, "params": {"gamma": 5.778994295630071, "lr": 0.18401020162746506}, "datetime": {"datetime": "2024-06-13 19:54:32", "elapsed": 0.388259, "delta": 0.002504}}
{"target": -756.3890614099075, "params": {"gamma": 7.8795044090212185, "lr": 0.6120311770449339}, "datetime": {"datetime": "2024-06-13 19:54:32", "elapsed": 0.392244, "delta": 0.003985}}
{"target": -124.50813165575056, "params": {"gamma": 0.5400388114654558, "lr": 0.4201936800011322}, "datetime": {"datetime": "2024-06-13 19:54:32", "elapsed": 0.395236, "delta": 0.002992}}
{"target": -936.5409364578074, "params": {"gamma": 6.791009296817731, "lr": 0.9186017779775258}, "datetime": {"datetime": "2024-06-13 19:54:32", "elapsed": 0.398228, "delta": 0.002992}}
{"target": -145.17280517314282, "params": {"gamma": 0.005019846888682974, "lr": 0.9767591490310596}, "datetime": {"datetime": "2024-06-13 19:54:32", "elapsed": 0.402217, "delta": 0.003989}}
{"target": -533.1344965150937, "params": {"gamma": 3.766426567142999, "lr": 0.9737835383583225}, "datetime": {"datetime": "2024-06-13 19:54:32", "elapsed": 0.405209, "delta": 0.002992}}
{"target": -771.3255500850229, "params": {"gamma": 6.047556293639557, "lr": 0.828845807980693}, "datetime": {"datetime": "2024-06-13 19:54:32", "elapsed": 0.408201, "delta": 0.002992}}
{"target": -561.5745074815333, "params": {"gamma": 5.747540335576315, "lr": 0.6280761983073504}, "datetime": {"datetime": "2024-06-13 19:54:32", "elapsed": 0.411193, "delta": 0.002992}}
{"target": -294.9961427917936, "params": {"gamma": 2.8564772406752437, "lr": 0.586833340656083}, "datetime": {"datetime": "2024-06-13 19:54:32", "elapsed": 0.415182, "delta": 0.003989}}
{"target": -952.3135300560886, "params": {"gamma": 7.500467615262897, "lr": 0.8583138364290424}, "datetime": {"datetime": "2024-06-13 19:54:32", "elapsed": 0.418174, "delta": 0.002992}}
{"target": -831.6795494391616, "params": {"gamma": 7.551066802488335, "lr": 0.698057248447303}, "datetime": {"datetime": "2024-06-13 19:54:32", "elapsed": 0.421166, "delta": 0.002992}}
{"target": -769.4839681418015, "params": {"gamma": 8.644929821115943, "lr": 0.32268099683674645}, "datetime": {"datetime": "2024-06-13 19:54:32", "elapsed": 0.424159, "delta": 0.002993}}
{"target": -647.479897098806, "params": {"gamma": 6.708217119085085, "lr": 0.45087393641334916}, "datetime": {"datetime": "2024-06-13 19:54:32", "elapsed": 0.427151, "delta": 0.002992}}
{"target": -384.642393467704, "params": {"gamma": 3.8216454175631407, "lr": 0.4108113499221856}, "datetime": {"datetime": "2024-06-13 19:54:32", "elapsed": 0.43114, "delta": 0.003989}}
{"target": -376.75636100105066, "params": {"gamma": 4.015394355111937, "lr": 0.3173839459582769}, "datetime": {"datetime": "2024-06-13 19:54:32", "elapsed": 0.434132, "delta": 0.002992}}
{"target": -623.595006640369, "params": {"gamma": 6.219571759835095, "lr": 0.43024727082126435}, "datetime": {"datetime": "2024-06-13 19:54:32", "elapsed": 0.437124, "delta": 0.002992}}
{"target": -1063.4432126403512, "params": {"gamma": 9.738046977194596, "lr": 0.6778008914343111}, "datetime": {"datetime": "2024-06-13 19:54:32", "elapsed": 0.440116, "delta": 0.002992}}
{"target": -217.66450687804775, "params": {"gamma": 1.9865003143826816, "lr": 0.4267010093480328}, "datetime": {"datetime": "2024-06-13 19:54:32", "elapsed": 0.444105, "delta": 0.003989}}
{"target": -452.00277075221186, "params": {"gamma": 3.4341190515044557, "lr": 0.7976388039585666}, "datetime": {"datetime": "2024-06-13 19:54:32", "elapsed": 0.447098, "delta": 0.002993}}
{"target": -1208.6503012057337, "params": {"gamma": 8.800102887345755, "lr": 0.903841955826372}, "datetime": {"datetime": "2024-06-13 19:54:32", "elapsed": 0.450089, "delta": 0.002991}}
{"target": -638.3474155023483, "params": {"gamma": 6.627535403940247, "lr": 0.2702082620297578}, "datetime": {"datetime": "2024-06-13 19:54:32", "elapsed": 0.454078, "delta": 0.003989}}
{"target": -350.69328656682427, "params": {"gamma": 2.5244146483443926, "lr": 0.8548979426974024}, "datetime": {"datetime": "2024-06-13 19:54:32", "elapsed": 0.457071, "delta": 0.002993}}
{"target": -679.260735967308, "params": {"gamma": 5.277618748441158, "lr": 0.8021610840045981}, "datetime": {"datetime": "2024-06-13 19:54:32", "elapsed": 0.460062, "delta": 0.002991}}
{"target": -672.025099739521, "params": {"gamma": 5.725312683398872, "lr": 0.7331425252875111}, "datetime": {"datetime": "2024-06-13 19:54:32", "elapsed": 0.463055, "delta": 0.002993}}
{"target": -662.5021155448998, "params": {"gamma": 5.190597263013095, "lr": 0.770883910501888}, "datetime": {"datetime": "2024-06-13 19:54:32", "elapsed": 0.467044, "delta": 0.003989}}
{"target": -552.3909260399328, "params": {"gamma": 5.689011049056451, "lr": 0.4657098785919809}, "datetime": {"datetime": "2024-06-13 19:54:32", "elapsed": 0.470036, "delta": 0.002992}}
{"target": -687.6018205721165, "params": {"gamma": 3.4275463906248644, "lr": 0.06820934841670412}, "datetime": {"datetime": "2024-06-13 19:54:32", "elapsed": 0.473028, "delta": 0.002992}}
{"target": -757.17165794826, "params": {"gamma": 3.7798638691016704, "lr": 0.07962607769825236}, "datetime": {"datetime": "2024-06-13 19:54:32", "elapsed": 0.477017, "delta": 0.003989}}
{"target": -1215.5527524479944, "params": {"gamma": 9.82818832019072, "lr": 0.18161285133076377}, "datetime": {"datetime": "2024-06-13 19:54:32", "elapsed": 0.48001, "delta": 0.002993}}
{"target": -1027.9890440412184, "params": {"gamma": 8.118775118507678, "lr": 0.8749616449558981}, "datetime": {"datetime": "2024-06-13 19:54:32", "elapsed": 0.483001, "delta": 0.002991}}
{"target": -716.3044059681068, "params": {"gamma": 6.884444110607048, "lr": 0.5694944127453757}, "datetime": {"datetime": "2024-06-13 19:54:32", "elapsed": 0.485993, "delta": 0.002992}}
{"target": -186.92757787575468, "params": {"gamma": 1.610553396719272, "lr": 0.4668800227633063}, "datetime": {"datetime": "2024-06-13 19:54:32", "elapsed": 0.48949, "delta": 0.003497}}
{"target": -358.9724566812826, "params": {"gamma": 3.452375339500995, "lr": 0.2250399578140846}, "datetime": {"datetime": "2024-06-13 19:54:32", "elapsed": 0.492482, "delta": 0.002992}}
{"target": -538.4424003843229, "params": {"gamma": 5.925526175789202, "lr": 0.31226983770191696}, "datetime": {"datetime": "2024-06-13 19:54:32", "elapsed": 0.496472, "delta": 0.00399}}
{"target": -1254.2479165624743, "params": {"gamma": 9.163139229130039, "lr": 0.9096355249515571}, "datetime": {"datetime": "2024-06-13 19:54:32", "elapsed": 0.499464, "delta": 0.002992}}
{"target": -386.4340452819474, "params": {"gamma": 2.57192581952818, "lr": 0.1108913007440292}, "datetime": {"datetime": "2024-06-13 19:54:32", "elapsed": 0.502456, "delta": 0.002992}}
{"target": -212.3376799244011, "params": {"gamma": 1.9304343574591094, "lr": 0.49958417067888605}, "datetime": {"datetime": "2024-06-13 19:54:32", "elapsed": 0.506445, "delta": 0.003989}}
{"target": -736.0843388192787, "params": {"gamma": 7.286128094077989, "lr": 0.20819443840879148}, "datetime": {"datetime": "2024-06-13 19:54:32", "elapsed": 0.509437, "delta": 0.002992}}
{"target": -345.50696589325565, "params": {"gamma": 2.48108755021393, "lr": 0.851671874936367}, "datetime": {"datetime": "2024-06-13 19:54:32", "elapsed": 0.512429, "delta": 0.002992}}
{"target": -417.1927339236748, "params": {"gamma": 4.159071333957006, "lr": 0.6166850671552362}, "datetime": {"datetime": "2024-06-13 19:54:32", "elapsed": 0.515421, "delta": 0.002992}}
{"target": -353.3953150053829, "params": {"gamma": 2.3374277262532615, "lr": 0.10196725942579743}, "datetime": {"datetime": "2024-06-13 19:54:32", "elapsed": 0.51941, "delta": 0.003989}}
{"target": -503.05074031070194, "params": {"gamma": 5.159054312668331, "lr": 0.47714098704978236}, "datetime": {"datetime": "2024-06-13 19:54:32", "elapsed": 0.522402, "delta": 0.002992}}
{"target": -191.32449489078323, "params": {"gamma": 1.5275637692875392, "lr": 0.6218062317404155}, "datetime": {"datetime": "2024-06-13 19:54:32", "elapsed": 0.525394, "delta": 0.002992}}
{"target": -533.5802632654229, "params": {"gamma": 5.440557178020568, "lr": 0.6541373469707443}, "datetime": {"datetime": "2024-06-13 19:54:32", "elapsed": 0.528386, "delta": 0.002992}}
{"target": -220.07139755665216, "params": {"gamma": 1.4463108557064734, "lr": 0.7515278171352439}, "datetime": {"datetime": "2024-06-13 19:54:32", "elapsed": 0.532376, "delta": 0.00399}}
{"target": -259.0929439769743, "params": {"gamma": 2.221269348859427, "lr": 0.519351824366033}, "datetime": {"datetime": "2024-06-13 19:54:32", "elapsed": 0.535368, "delta": 0.002992}}
{"target": -1563.25381034735, "params": {"gamma": 7.853174986187969, "lr": 0.02233042799180618}, "datetime": {"datetime": "2024-06-13 19:54:32", "elapsed": 0.53836, "delta": 0.002992}}
{"target": -434.17904070498156, "params": {"gamma": 3.2443002348021386, "lr": 0.872922376400111}, "datetime": {"datetime": "2024-06-13 19:54:32", "elapsed": 0.542349, "delta": 0.003989}}
{"target": -862.5141436985591, "params": {"gamma": 8.447251366413093, "lr": 0.5384405925945437}, "datetime": {"datetime": "2024-06-13 19:54:32", "elapsed": 0.545341, "delta": 0.002992}}
{"target": -1187.6760943497254, "params": {"gamma": 8.666216133390963, "lr": 0.9498059913536265}, "datetime": {"datetime": "2024-06-13 19:54:32", "elapsed": 0.548333, "delta": 0.002992}}
{"target": -1067.0541857673888, "params": {"gamma": 8.264243569295784, "lr": 0.8541154438365387}, "datetime": {"datetime": "2024-06-13 19:54:32", "elapsed": 0.552322, "delta": 0.003989}}
{"target": -155.06218318739573, "params": {"gamma": 0.9883352748016633, "lr": 0.651304332340991}, "datetime": {"datetime": "2024-06-13 19:54:32", "elapsed": 0.555314, "delta": 0.002992}}
{"target": -679.2131703420135, "params": {"gamma": 7.035466364538378, "lr": 0.6102408126466297}, "datetime": {"datetime": "2024-06-13 19:54:32", "elapsed": 0.558307, "delta": 0.002993}}
{"target": -1591.6020698544028, "params": {"gamma": 7.996353002098545, "lr": 0.03457121987163425}, "datetime": {"datetime": "2024-06-13 19:54:32", "elapsed": 0.561298, "delta": 0.002991}}
{"target": -893.2585476745802, "params": {"gamma": 7.702617106815245, "lr": 0.731728600739527}, "datetime": {"datetime": "2024-06-13 19:54:32", "elapsed": 0.565287, "delta": 0.003989}}
{"target": -272.42445094617943, "params": {"gamma": 2.5977242345902325, "lr": 0.2570692988221467}, "datetime": {"datetime": "2024-06-13 19:54:32", "elapsed": 0.56828, "delta": 0.002993}}
{"target": -585.4682877360768, "params": {"gamma": 6.323400870983849, "lr": 0.34529746159108154}, "datetime": {"datetime": "2024-06-13 19:54:32", "elapsed": 0.571272, "delta": 0.002992}}
{"target": -764.9936557682711, "params": {"gamma": 7.966090191394868, "lr": 0.44614623200345727}, "datetime": {"datetime": "2024-06-13 19:54:32", "elapsed": 0.575261, "delta": 0.003989}}
{"target": -1075.3582974070787, "params": {"gamma": 7.827711398426936, "lr": 0.9904717836238407}, "datetime": {"datetime": "2024-06-13 19:54:32", "elapsed": 0.578253, "delta": 0.002992}}
{"target": -377.1732643120664, "params": {"gamma": 3.0031831469994668, "lr": 0.14300582825809938}, "datetime": {"datetime": "2024-06-13 19:54:32", "elapsed": 0.581245, "delta": 0.002992}}
{"target": -917.9668632016276, "params": {"gamma": 9.01318305505639, "lr": 0.5415593788873733}, "datetime": {"datetime": "2024-06-13 19:54:32", "elapsed": 0.585234, "delta": 0.003989}}
{"target": -927.2594051792162, "params": {"gamma": 9.747428968179968, "lr": 0.6366044000018972}, "datetime": {"datetime": "2024-06-13 19:54:32", "elapsed": 0.588226, "delta": 0.002992}}
{"target": -1008.7022503055897, "params": {"gamma": 9.939136333080178, "lr": 0.5460708041429516}, "datetime": {"datetime": "2024-06-13 19:54:32", "elapsed": 0.591218, "delta": 0.002992}}
{"target": -637.9222082088593, "params": {"gamma": 5.264732913121308, "lr": 0.1354279030721699}, "datetime": {"datetime": "2024-06-13 19:54:32", "elapsed": 0.59421, "delta": 0.002992}}
{"target": -713.2935436960468, "params": {"gamma": 3.5576960046678274, "lr": 0.026218567296373285}, "datetime": {"datetime": "2024-06-13 19:54:32", "elapsed": 0.5982, "delta": 0.00399}}
{"target": -222.90498337099575, "params": {"gamma": 1.6047914000169714, "lr": 0.7456371927074961}, "datetime": {"datetime": "2024-06-13 19:54:32", "elapsed": 0.601192, "delta": 0.002992}}
{"target": -125.39623771231796, "params": {"gamma": 0.3049664995979595, "lr": 0.36654309724374434}, "datetime": {"datetime": "2024-06-13 19:54:32", "elapsed": 0.604184, "delta": 0.002992}}
{"target": -945.3299691004199, "params": {"gamma": 8.623600182127603, "lr": 0.6926777175073543}, "datetime": {"datetime": "2024-06-13 19:54:32", "elapsed": 0.607176, "delta": 0.002992}}
{"target": -821.0025732443801, "params": {"gamma": 6.90973047851962, "lr": 0.18863680095531088}, "datetime": {"datetime": "2024-06-13 19:54:32", "elapsed": 0.611165, "delta": 0.003989}}
{"target": -431.0246917023925, "params": {"gamma": 4.419600903203486, "lr": 0.5815774073442912}, "datetime": {"datetime": "2024-06-13 19:54:32", "elapsed": 0.614157, "delta": 0.002992}}
{"target": -990.6583274447032, "params": {"gamma": 9.897527324929388, "lr": 0.20390622523312185}, "datetime": {"datetime": "2024-06-13 19:54:32", "elapsed": 0.61715, "delta": 0.002993}}
{"target": -261.88508531389107, "params": {"gamma": 2.478081284721786, "lr": 0.26217308377291193}, "datetime": {"datetime": "2024-06-13 19:54:32", "elapsed": 0.621138, "delta": 0.003988}}
{"target": -721.6237029703321, "params": {"gamma": 7.50197396056663, "lr": 0.4569753274356928}, "datetime": {"datetime": "2024-06-13 19:54:32", "elapsed": 0.624131, "delta": 0.002993}}
{"target": -138.0389948406887, "params": {"gamma": 0.5702374546725388, "lr": 0.5085162406102396}, "datetime": {"datetime": "2024-06-13 19:54:32", "elapsed": 0.627122, "delta": 0.002991}}
{"target": -295.9179644393233, "params": {"gamma": 2.120389686272116, "lr": 0.7986042447602102}, "datetime": {"datetime": "2024-06-13 19:54:32", "elapsed": 0.631112, "delta": 0.00399}}
{"target": -598.173905586022, "params": {"gamma": 2.9740164836912153, "lr": 0.02760601195450363}, "datetime": {"datetime": "2024-06-13 19:54:32", "elapsed": 0.634104, "delta": 0.002992}}
{"target": -773.9036634659349, "params": {"gamma": 5.934731062196747, "lr": 0.8438404289311888}, "datetime": {"datetime": "2024-06-13 19:54:32", "elapsed": 0.638093, "delta": 0.003989}}
{"target": -458.81927815491736, "params": {"gamma": 3.81078022449808, "lr": 0.7498583107261434}, "datetime": {"datetime": "2024-06-13 19:54:32", "elapsed": 0.641085, "delta": 0.002992}}
{"target": -536.0288986562686, "params": {"gamma": 5.111903641492986, "lr": 0.5409518049621886}, "datetime": {"datetime": "2024-06-13 19:54:32", "elapsed": 0.644077, "delta": 0.002992}}
{"target": -1211.9523285496384, "params": {"gamma": 9.594383776296462, "lr": 0.8039608914986468}, "datetime": {"datetime": "2024-06-13 19:54:32", "elapsed": 0.647069, "delta": 0.002992}}
{"target": -130.76616687903663, "params": {"gamma": 0.3241983431691163, "lr": 0.7093872512312951}, "datetime": {"datetime": "2024-06-13 19:54:32", "elapsed": 0.651059, "delta": 0.00399}}
{"target": -650.5174087550521, "params": {"gamma": 4.650549814153498, "lr": 0.9475489413950998}, "datetime": {"datetime": "2024-06-13 19:54:32", "elapsed": 0.65405, "delta": 0.002991}}
{"target": -238.95883190552001, "params": {"gamma": 2.2151059105005597, "lr": 0.2670720196843658}, "datetime": {"datetime": "2024-06-13 19:54:32", "elapsed": 0.657043, "delta": 0.002993}}
{"target": -134.65224319853385, "params": {"gamma": 0.8156581748077427, "lr": 0.42861882866378653}, "datetime": {"datetime": "2024-06-13 19:54:32", "elapsed": 0.661032, "delta": 0.003989}}
{"target": -161.2123686755393, "params": {"gamma": 1.091078621426664, "lr": 0.6337867606119179}, "datetime": {"datetime": "2024-06-13 19:54:32", "elapsed": 0.664024, "delta": 0.002992}}
{"target": -882.4075820892701, "params": {"gamma": 8.029829410500005, "lr": 0.6968004961201785}, "datetime": {"datetime": "2024-06-13 19:54:32", "elapsed": 0.667016, "delta": 0.002992}}
{"target": -705.218456322391, "params": {"gamma": 7.66234759937663, "lr": 0.3424541198435198}, "datetime": {"datetime": "2024-06-13 19:54:32", "elapsed": 0.671005, "delta": 0.003989}}
{"target": -840.6325405839324, "params": {"gamma": 8.45866897879375, "lr": 0.42876877499944255}, "datetime": {"datetime": "2024-06-13 19:54:32", "elapsed": 0.673997, "delta": 0.002992}}
{"target": -789.3855484556493, "params": {"gamma": 8.240274694252776, "lr": 0.6264961586242938}, "datetime": {"datetime": "2024-06-13 19:54:32", "elapsed": 0.676989, "delta": 0.002992}}
{"target": -298.18912253745236, "params": {"gamma": 1.435087063653779, "lr": 0.07838689985494796}, "datetime": {"datetime": "2024-06-13 19:54:32", "elapsed": 0.679982, "delta": 0.002993}}
{"target": -124.34033959121443, "params": {"gamma": 0.1843080964871599, "lr": 0.06672499763935646}, "datetime": {"datetime": "2024-06-13 19:54:32", "elapsed": 0.68397, "delta": 0.003988}}
{"target": -636.6874235702483, "params": {"gamma": 4.586379553270611, "lr": 0.11334192276759048}, "datetime": {"datetime": "2024-06-13 19:54:32", "elapsed": 0.686962, "delta": 0.002992}}
{"target": -135.07891772097454, "params": {"gamma": 0.27880570513785086, "lr": 0.7548614813904674}, "datetime": {"datetime": "2024-06-13 19:54:32", "elapsed": 0.689954, "delta": 0.002992}}
{"target": -474.13402668935566, "params": {"gamma": 3.949109954125934, "lr": 0.7469384956075251}, "datetime": {"datetime": "2024-06-13 19:54:32", "elapsed": 0.693944, "delta": 0.00399}}
{"target": -444.1637329170848, "params": {"gamma": 4.52459586263777, "lr": 0.4500867470007611}, "datetime": {"datetime": "2024-06-13 19:54:32", "elapsed": 0.696936, "delta": 0.002992}}
{"target": -467.95322748919375, "params": {"gamma": 4.7812469946715925, "lr": 0.47400392656219403}, "datetime": {"datetime": "2024-06-13 19:54:32", "elapsed": 0.699928, "delta": 0.002992}}
{"target": -783.1784533961335, "params": {"gamma": 8.031830257799582, "lr": 0.40239251985773583}, "datetime": {"datetime": "2024-06-13 19:54:32", "elapsed": 0.703917, "delta": 0.003989}}
{"target": -1799.6174755499628, "params": {"gamma": 9.046956917275887, "lr": 0.037061047954035864}, "datetime": {"datetime": "2024-06-13 19:54:32", "elapsed": 0.707906, "delta": 0.003989}}
{"target": -925.8771199255655, "params": {"gamma": 7.738969552861467, "lr": 0.12564138113773882}, "datetime": {"datetime": "2024-06-13 19:54:32", "elapsed": 0.710899, "delta": 0.002993}}
{"target": -1233.0894663285108, "params": {"gamma": 6.185517155553943, "lr": 0.010364261335231939}, "datetime": {"datetime": "2024-06-13 19:54:33", "elapsed": 0.713891, "delta": 0.002992}}
{"target": -1074.9786970627458, "params": {"gamma": 5.386734198480894, "lr": 0.0030179566195963625}, "datetime": {"datetime": "2024-06-13 19:54:33", "elapsed": 0.717879, "delta": 0.003988}}
{"target": -1304.3717669805246, "params": {"gamma": 9.511986661116556, "lr": 0.905402033702778}, "datetime": {"datetime": "2024-06-13 19:54:33", "elapsed": 0.720872, "delta": 0.002993}}
{"target": -1093.0597456627104, "params": {"gamma": 7.959873452480752, "lr": 0.9152743199147875}, "datetime": {"datetime": "2024-06-13 19:54:33", "elapsed": 0.723864, "delta": 0.002992}}
{"target": -207.66981317831835, "params": {"gamma": 1.4564367533528122, "lr": 0.15773006987053328}, "datetime": {"datetime": "2024-06-13 19:54:33", "elapsed": 0.727853, "delta": 0.003989}}
{"target": -218.41715190573413, "params": {"gamma": 1.8771290973514374, "lr": 0.6224959022999211}, "datetime": {"datetime": "2024-06-13 19:54:33", "elapsed": 0.730845, "delta": 0.002992}}
{"target": -1240.18755538185, "params": {"gamma": 9.05818915058701, "lr": 0.9899551783590737}, "datetime": {"datetime": "2024-06-13 19:54:33", "elapsed": 0.733838, "delta": 0.002993}}
{"target": -827.0893019067927, "params": {"gamma": 7.111513465199394, "lr": 0.7318004091422953}, "datetime": {"datetime": "2024-06-13 19:54:33", "elapsed": 0.737855, "delta": 0.004017}}
{"target": -883.965604696211, "params": {"gamma": 9.093022752238, "lr": 0.4008737323711209}, "datetime": {"datetime": "2024-06-13 19:54:33", "elapsed": 0.740819, "delta": 0.002964}}
{"target": -332.42089383248964, "params": {"gamma": 2.4992569515701426, "lr": 0.17343017078712286}, "datetime": {"datetime": "2024-06-13 19:54:33", "elapsed": 0.744808, "delta": 0.003989}}
{"target": -197.9528608004917, "params": {"gamma": 1.1954510462869563, "lr": 0.8126105880328287}, "datetime": {"datetime": "2024-06-13 19:54:33", "elapsed": 0.7478, "delta": 0.002992}}
{"target": -177.1393143172844, "params": {"gamma": 1.4687769417990144, "lr": 0.2642974827269007}, "datetime": {"datetime": "2024-06-13 19:54:33", "elapsed": 0.750792, "delta": 0.002992}}
{"target": -730.9104657932521, "params": {"gamma": 8.191072697156674, "lr": 0.31058725179421}, "datetime": {"datetime": "2024-06-13 19:54:33", "elapsed": 0.754781, "delta": 0.003989}}
{"target": -930.8000836810519, "params": {"gamma": 9.824192075480136, "lr": 0.2666387021516352}, "datetime": {"datetime": "2024-06-13 19:54:33", "elapsed": 0.757773, "delta": 0.002992}}
