{"target": -237.97549143666552, "params": {"p_ai": 3.3307736556222323, "p_al": 5.011600389259751, "p_ex": 2.171900960239031, "prior": 4.226542048262939, "rate": 0.2962973203527067}, "datetime": {"datetime": "2024-06-13 13:34:03", "elapsed": 156.869459, "delta": 0.116118}}
{"target": -322.5087102318192, "params": {"p_ai": 5.872255317999027, "p_al": 9.297403698742512, "p_ex": 0.7590081579617658, "prior": 8.418390613411091, "rate": 7.4780521531022766}, "datetime": {"datetime": "2024-06-13 13:34:03", "elapsed": 156.984047, "delta": 0.114588}}
{"target": -181.64900614509452, "params": {"p_ai": 2.3006310614234695, "p_al": 5.181658884888734, "p_ex": 3.138270543109958, "prior": 6.158246453687983, "rate": 2.1325167369125833}, "datetime": {"datetime": "2024-06-13 13:34:04", "elapsed": 157.096747, "delta": 0.1127}}
{"target": -231.45081368983537, "params": {"p_ai": 4.359448858877968, "p_al": 7.890962946486213, "p_ex": 4.665210568130128, "prior": 6.735875652050375, "rate": 8.848479686219505}, "datetime": {"datetime": "2024-06-13 13:34:04", "elapsed": 157.209445, "delta": 0.112698}}
{"target": -442.6596549775883, "params": {"p_ai": 9.381446348042989, "p_al": 9.847391744765389, "p_ex": 8.835685613139463, "prior": 2.4365576352302862, "rate": 4.0836389886417725}, "datetime": {"datetime": "2024-06-13 13:34:04", "elapsed": 157.321146, "delta": 0.111701}}
{"target": -228.76226049602002, "params": {"p_ai": 3.748683184308519, "p_al": 1.5231348534117821, "p_ex": 0.7054881796361647, "prior": 2.9581396518596472, "rate": 8.599757434392542}, "datetime": {"datetime": "2024-06-13 13:34:04", "elapsed": 157.433876, "delta": 0.11273}}
{"target": -144.0141639907602, "params": {"p_ai": 0.390795181927564, "p_al": 2.1554424388419346, "p_ex": 3.4661312344210558, "prior": 6.48195109939891, "rate": 5.632101113959296}, "datetime": {"datetime": "2024-06-13 13:34:04", "elapsed": 157.546658, "delta": 0.112782}}
{"target": -341.83438556852536, "params": {"p_ai": 7.962033343657571, "p_al": 6.869950064493667, "p_ex": 8.89514615735082, "prior": 4.869532826993671, "rate": 5.359664452923338}, "datetime": {"datetime": "2024-06-13 13:34:04", "elapsed": 157.659357, "delta": 0.112699}}
{"target": -375.106036878626, "params": {"p_ai": 8.376624080146625, "p_al": 0.057926066118149384, "p_ex": 2.4264704752358455, "prior": 2.215848232817908, "rate": 5.615901403001188}, "datetime": {"datetime": "2024-06-13 13:34:04", "elapsed": 157.772055, "delta": 0.112698}}
{"target": -316.08813398947103, "params": {"p_ai": 7.1764059218745455, "p_al": 2.5256977959463165, "p_ex": 5.060703510986309, "prior": 7.392961690832119, "rate": 7.223300187934845}, "datetime": {"datetime": "2024-06-13 13:34:04", "elapsed": 157.884362, "delta": 0.112307}}
{"target": -303.7510508594263, "params": {"p_ai": 4.683654747636425, "p_al": 7.062229406736143, "p_ex": 5.591106515017654, "prior": 0.7850295801987324, "rate": 9.528083390609376}, "datetime": {"datetime": "2024-06-13 13:34:04", "elapsed": 157.998116, "delta": 0.113754}}
{"target": -417.8239854496758, "params": {"p_ai": 9.756566302852098, "p_al": 1.620977555940097, "p_ex": 4.178851453108906, "prior": 6.196287433481734, "rate": 5.681633101033839}, "datetime": {"datetime": "2024-06-13 13:34:05", "elapsed": 158.110817, "delta": 0.112701}}
{"target": -275.4139089234745, "params": {"p_ai": 3.747944142023713, "p_al": 9.03564329203637, "p_ex": 6.772125448142913, "prior": 1.1271803419327922, "rate": 6.695964632134947}, "datetime": {"datetime": "2024-06-13 13:34:05", "elapsed": 158.224514, "delta": 0.113697}}
{"target": -176.95212468079473, "params": {"p_ai": 2.18068963528753, "p_al": 0.8618604729833367, "p_ex": 3.599962226962259, "prior": 0.49702327008777214, "rate": 1.4670171019764853}, "datetime": {"datetime": "2024-06-13 13:34:05", "elapsed": 158.338209, "delta": 0.113695}}
{"target": -339.97654329184223, "params": {"p_ai": 4.5312087777237045, "p_al": 9.832040614902116, "p_ex": 8.41883222121433, "prior": 0.13303637727585385, "rate": 8.689075551096517}, "datetime": {"datetime": "2024-06-13 13:34:05", "elapsed": 158.451214, "delta": 0.113005}}
{"target": -183.94467179012105, "params": {"p_ai": 2.8348631641518267, "p_al": 1.9771804243319206, "p_ex": 3.09701893341332, "prior": 5.292810531405799, "rate": 4.8273698313983395}, "datetime": {"datetime": "2024-06-13 13:34:05", "elapsed": 158.564055, "delta": 0.112841}}
{"target": -292.4633858987393, "params": {"p_ai": 6.299088073481109, "p_al": 1.6685445249045965, "p_ex": 3.7435840670055476, "prior": 5.8252943868723, "rate": 8.108005443266556}, "datetime": {"datetime": "2024-06-13 13:34:05", "elapsed": 158.676295, "delta": 0.11224}}
{"target": -215.80514813496603, "params": {"p_ai": 3.6850872876640413, "p_al": 8.393983370820937, "p_ex": 4.1686750633831595, "prior": 9.42493847348532, "rate": 2.964330973099551}, "datetime": {"datetime": "2024-06-13 13:34:05", "elapsed": 158.789327, "delta": 0.113032}}
{"target": -213.81813933261466, "params": {"p_ai": 3.686656960153546, "p_al": 6.527647985772258, "p_ex": 5.834576969942827, "prior": 3.542343487882648, "rate": 4.843569399172687}, "datetime": {"datetime": "2024-06-13 13:34:05", "elapsed": 158.902025, "delta": 0.112698}}
{"target": -286.0027873371013, "params": {"p_ai": 6.643548383227865, "p_al": 0.5643409207938824, "p_ex": 6.0644173203711365, "prior": 7.468080985734469, "rate": 7.9399106854738335}, "datetime": {"datetime": "2024-06-13 13:34:05", "elapsed": 159.016223, "delta": 0.114198}}
{"target": -298.3644054910465, "params": {"p_ai": 2.1386283609698182, "p_al": 6.411409241241745, "p_ex": 7.31161622706472, "prior": 0.9515248299512967, "rate": 0.7016591649364254}, "datetime": {"datetime": "2024-06-13 13:34:06", "elapsed": 159.127924, "delta": 0.111701}}
{"target": -369.76716513658613, "params": {"p_ai": 8.85966378915354, "p_al": 3.6138840128491796, "p_ex": 7.0346181633871465, "prior": 5.601918467378615, "rate": 3.3781264160570954}, "datetime": {"datetime": "2024-06-13 13:34:06", "elapsed": 159.240623, "delta": 0.112699}}
{"target": -211.59344821175154, "params": {"p_ai": 3.457181993467776, "p_al": 9.05472094319778, "p_ex": 4.535377941842694, "prior": 4.82581626909371, "rate": 9.791487159136903}, "datetime": {"datetime": "2024-06-13 13:34:06", "elapsed": 159.353322, "delta": 0.112699}}
{"target": -260.37013265438037, "params": {"p_ai": 4.117478747487042, "p_al": 3.695097354988469, "p_ex": 0.80055092712391, "prior": 3.878436053681967, "rate": 1.780136676686786}, "datetime": {"datetime": "2024-06-13 13:34:06", "elapsed": 159.467018, "delta": 0.113696}}
{"target": -164.4779324546502, "params": {"p_ai": 1.3142866430943358, "p_al": 3.67736858024043, "p_ex": 1.5889414577993433, "prior": 3.0763272222271136, "rate": 6.880101164833305}, "datetime": {"datetime": "2024-06-13 13:34:06", "elapsed": 159.587948, "delta": 0.12093}}
{"target": -373.6143694270001, "params": {"p_ai": 8.384561972759963, "p_al": 3.04892010422055, "p_ex": 3.5316239823002844, "prior": 7.306682867503822, "rate": 7.778549164423028}, "datetime": {"datetime": "2024-06-13 13:34:06", "elapsed": 159.699677, "delta": 0.111729}}
{"target": -185.60265003993845, "params": {"p_ai": 1.7711335149414804, "p_al": 4.01816254564012, "p_ex": 0.03041149271902403, "prior": 4.006570284990276, "rate": 8.932131769503012}, "datetime": {"datetime": "2024-06-13 13:34:06", "elapsed": 159.812347, "delta": 0.11267}}
{"target": -213.31975971204884, "params": {"p_ai": 0.5755763757839906, "p_al": 3.8969058047189162, "p_ex": 2.6541743643407223, "prior": 0.36872947752671464, "rate": 4.005635126169413}, "datetime": {"datetime": "2024-06-13 13:34:06", "elapsed": 159.925046, "delta": 0.112699}}
{"target": -174.3806453490924, "params": {"p_ai": 2.378848800846906, "p_al": 8.309864574884987, "p_ex": 6.436609939453869, "prior": 4.766209595915574, "rate": 7.088357892627507}, "datetime": {"datetime": "2024-06-13 13:34:06", "elapsed": 160.037169, "delta": 0.112123}}
{"target": -170.39879881989432, "params": {"p_ai": 0.9947367634478994, "p_al": 7.57002535083619, "p_ex": 2.9866225634417494, "prior": 5.02823423459667, "rate": 0.9426824650897777}, "datetime": {"datetime": "2024-06-13 13:34:07", "elapsed": 160.157093, "delta": 0.119924}}
{"target": -395.4608610749946, "params": {"p_ai": 8.145739832737526, "p_al": 5.105157423875881, "p_ex": 4.420267083745346, "prior": 1.3497803047479748, "rate": 6.349121354391908}, "datetime": {"datetime": "2024-06-13 13:34:07", "elapsed": 160.27079, "delta": 0.113697}}
{"target": -362.0070177476367, "params": {"p_ai": 3.5237463002571756, "p_al": 6.827405946697661, "p_ex": 7.624808497867999, "prior": 0.0684713650751335, "rate": 2.5913364785668547}, "datetime": {"datetime": "2024-06-13 13:34:07", "elapsed": 160.385043, "delta": 0.114253}}
{"target": -293.5898977332757, "params": {"p_ai": 6.779463714448853, "p_al": 3.361662606702258, "p_ex": 7.501503664948246, "prior": 5.570225707626225, "rate": 8.582544507369946}, "datetime": {"datetime": "2024-06-13 13:34:07", "elapsed": 160.499888, "delta": 0.114845}}
{"target": -321.4121945746155, "params": {"p_ai": 5.7062493337935365, "p_al": 8.894102889818864, "p_ex": 2.275558269388311, "prior": 7.940005019907525, "rate": 0.34043222035471227}, "datetime": {"datetime": "2024-06-13 13:34:07", "elapsed": 160.614049, "delta": 0.114161}}
{"target": -151.23810067343825, "params": {"p_ai": 0.7735953898149317, "p_al": 3.9596290498361615, "p_ex": 1.858481245602828, "prior": 9.44198930356615, "rate": 7.7970552024926905}, "datetime": {"datetime": "2024-06-13 13:34:07", "elapsed": 160.726754, "delta": 0.112705}}
{"target": -335.4031351621387, "params": {"p_ai": 7.436912104917503, "p_al": 4.920486026132645, "p_ex": 4.900995627237186, "prior": 5.811525545692184, "rate": 5.9666670497750935}, "datetime": {"datetime": "2024-06-13 13:34:07", "elapsed": 160.840454, "delta": 0.1137}}
{"target": -378.56555422262346, "params": {"p_ai": 8.980365692933121, "p_al": 1.2092260058543152, "p_ex": 5.09663154025606, "prior": 9.955224741731815, "rate": 4.814813735576268}, "datetime": {"datetime": "2024-06-13 13:34:07", "elapsed": 160.953658, "delta": 0.113204}}
{"target": -380.0869474184459, "params": {"p_ai": 8.378289726275693, "p_al": 6.03695086264971, "p_ex": 6.644085065236975, "prior": 2.725341460214868, "rate": 8.309501550148768}, "datetime": {"datetime": "2024-06-13 13:34:07", "elapsed": 161.065781, "delta": 0.112123}}
{"target": -387.83091132310597, "params": {"p_ai": 2.4454184617260206, "p_al": 6.733951031559131, "p_ex": 0.882212553052717, "prior": 0.18950161050769068, "rate": 4.723989780544485}, "datetime": {"datetime": "2024-06-13 13:34:08", "elapsed": 161.178985, "delta": 0.113204}}
{"target": -456.2407151854916, "params": {"p_ai": 9.39001230944057, "p_al": 3.256422619578878, "p_ex": 3.222208033992586, "prior": 0.5212552071808798, "rate": 6.753180779354503}, "datetime": {"datetime": "2024-06-13 13:34:08", "elapsed": 161.29086, "delta": 0.111875}}
{"target": -616.3310833295126, "params": {"p_ai": 7.217684871269275, "p_al": 9.037273786916757, "p_ex": 4.372048963561963, "prior": 1.0960571047111918, "rate": 0.37703297289000987}, "datetime": {"datetime": "2024-06-13 13:34:08", "elapsed": 161.404066, "delta": 0.113206}}
{"target": -354.6647660661808, "params": {"p_ai": 8.807808295944852, "p_al": 6.522904180784222, "p_ex": 9.155052172669194, "prior": 8.806088422417087, "rate": 4.702935754687456}, "datetime": {"datetime": "2024-06-13 13:34:08", "elapsed": 161.51653, "delta": 0.112464}}
{"target": -387.93880734380514, "params": {"p_ai": 6.703733658621222, "p_al": 7.450913844206583, "p_ex": 4.22269932112063, "prior": 1.5400257385527027, "rate": 2.8415420690724544}, "datetime": {"datetime": "2024-06-13 13:34:08", "elapsed": 161.632467, "delta": 0.115937}}
{"target": -237.62424149284018, "params": {"p_ai": 5.485222884070994, "p_al": 2.55810290007105, "p_ex": 8.917456231268647, "prior": 5.807922888107249, "rate": 7.187017429062295}, "datetime": {"datetime": "2024-06-13 13:34:08", "elapsed": 161.745165, "delta": 0.112698}}
{"target": -366.1284788961368, "params": {"p_ai": 8.620448537861462, "p_al": 8.965731642615792, "p_ex": 9.5761348250341, "prior": 6.275455992647012, "rate": 9.989806763568094}, "datetime": {"datetime": "2024-06-13 13:34:08", "elapsed": 161.858135, "delta": 0.11297}}
{"target": -303.62820334275085, "params": {"p_ai": 7.905283274373116, "p_al": 2.7089703697996903, "p_ex": 9.90551474523876, "prior": 8.015254629452599, "rate": 2.531895219296102}, "datetime": {"datetime": "2024-06-13 13:34:08", "elapsed": 161.970834, "delta": 0.112699}}
{"target": -156.17825066866953, "params": {"p_ai": 0.319940729328112, "p_al": 9.52814514193915, "p_ex": 5.568763239301098, "prior": 5.527546519872178, "rate": 0.47473086453618707}, "datetime": {"datetime": "2024-06-13 13:34:08", "elapsed": 162.084167, "delta": 0.113333}}
{"target": -351.96921543306536, "params": {"p_ai": 6.390744167617777, "p_al": 5.001536614475041, "p_ex": 8.04314525588731, "prior": 0.6964276216856988, "rate": 5.629746909341975}, "datetime": {"datetime": "2024-06-13 13:34:09", "elapsed": 162.196866, "delta": 0.112699}}
{"target": -222.7544000154406, "params": {"p_ai": 4.087392623862128, "p_al": 5.518135216934039, "p_ex": 3.585276007828329, "prior": 9.993754323035986, "rate": 4.503788133315129}, "datetime": {"datetime": "2024-06-13 13:34:09", "elapsed": 162.310562, "delta": 0.113696}}
{"target": -202.20230114087272, "params": {"p_ai": 3.4588912664741214, "p_al": 1.8980664054295406, "p_ex": 9.235353228748629, "prior": 1.0438367019956678, "rate": 4.403997122483987}, "datetime": {"datetime": "2024-06-13 13:34:09", "elapsed": 162.424258, "delta": 0.113696}}
{"target": -320.24424641780934, "params": {"p_ai": 6.8623192636499555, "p_al": 1.4249131073648498, "p_ex": 9.315030248562637, "prior": 0.5896900810170312, "rate": 2.181778079663362}, "datetime": {"datetime": "2024-06-13 13:34:09", "elapsed": 162.537609, "delta": 0.113351}}
{"target": -144.25189393351292, "params": {"p_ai": 0.7728756763117778, "p_al": 4.11570732769188, "p_ex": 5.972988403638313, "prior": 7.311686632534911, "rate": 8.784454289590984}, "datetime": {"datetime": "2024-06-13 13:34:09", "elapsed": 162.650359, "delta": 0.11275}}
{"target": -241.77689847173335, "params": {"p_ai": 3.533130909542927, "p_al": 7.024924910904777, "p_ex": 0.48711513063939865, "prior": 8.192799182413792, "rate": 3.1834381339588895}, "datetime": {"datetime": "2024-06-13 13:34:09", "elapsed": 162.764055, "delta": 0.113696}}
{"target": -213.3270191346106, "params": {"p_ai": 2.2172018137272484, "p_al": 3.6110032767813616, "p_ex": 1.141585201956885, "prior": 2.937757248346579, "rate": 0.08888170871388551}, "datetime": {"datetime": "2024-06-13 13:34:09", "elapsed": 162.876263, "delta": 0.112208}}
{"target": -179.81093870689372, "params": {"p_ai": 2.533383695780048, "p_al": 8.377290099980405, "p_ex": 8.077752516395089, "prior": 3.8262940165913872, "rate": 4.307366462305053}, "datetime": {"datetime": "2024-06-13 13:34:09", "elapsed": 162.98847, "delta": 0.112207}}
{"target": -193.35220648093747, "params": {"p_ai": 1.8266915489467377, "p_al": 3.169424477157168, "p_ex": 4.174267239128969, "prior": 0.6656172331886133, "rate": 3.3795361726642934}, "datetime": {"datetime": "2024-06-13 13:34:10", "elapsed": 163.10009, "delta": 0.11162}}
{"target": -236.44279160192278, "params": {"p_ai": 4.95721719801526, "p_al": 0.06820653721901922, "p_ex": 4.381313907962638, "prior": 2.187672233884425, "rate": 2.1347759862135067}, "datetime": {"datetime": "2024-06-13 13:34:10", "elapsed": 163.212791, "delta": 0.112701}}
{"target": -171.57258960458097, "params": {"p_ai": 2.49314021139705, "p_al": 1.2841289587836024, "p_ex": 9.448188075410462, "prior": 1.691578168855795, "rate": 5.67655780442632}, "datetime": {"datetime": "2024-06-13 13:34:10", "elapsed": 163.324462, "delta": 0.111671}}
{"target": -148.69960987685104, "params": {"p_ai": 1.7159024798604, "p_al": 2.609918671652933, "p_ex": 6.768073771020467, "prior": 5.0331536140100654, "rate": 1.5737215349730902}, "datetime": {"datetime": "2024-06-13 13:34:10", "elapsed": 163.437164, "delta": 0.112702}}
{"target": -153.38564709230795, "params": {"p_ai": 0.8259847780523347, "p_al": 8.819057239287222, "p_ex": 2.4196701627500965, "prior": 9.589776781191212, "rate": 8.92374863045554}, "datetime": {"datetime": "2024-06-13 13:34:10", "elapsed": 163.549608, "delta": 0.112444}}
{"target": -198.73280127495562, "params": {"p_ai": 1.6006163084713398, "p_al": 5.037551411379846, "p_ex": 1.1900847898410376, "prior": 1.1092699567215725, "rate": 6.963261437513524}, "datetime": {"datetime": "2024-06-13 13:34:10", "elapsed": 163.662307, "delta": 0.112699}}
{"target": -281.12991757743777, "params": {"p_ai": 2.7162334808394535, "p_al": 9.663915427539312, "p_ex": 8.392620059816272, "prior": 0.9261097373446263, "rate": 3.906183017534992}, "datetime": {"datetime": "2024-06-13 13:34:10", "elapsed": 163.775511, "delta": 0.113204}}
{"target": -164.84801988685027, "params": {"p_ai": 1.243049163248632, "p_al": 5.554366994832198, "p_ex": 1.621888059253872, "prior": 8.317838000950376, "rate": 2.577690773878029}, "datetime": {"datetime": "2024-06-13 13:34:10", "elapsed": 163.888302, "delta": 0.112791}}
{"target": -257.2288638746032, "params": {"p_ai": 5.106155004863554, "p_al": 7.824755517687508, "p_ex": 5.383850258576215, "prior": 5.288705375476819, "rate": 8.548546065159313}, "datetime": {"datetime": "2024-06-13 13:34:10", "elapsed": 164.001001, "delta": 0.112699}}
{"target": -170.60887131987602, "params": {"p_ai": 2.4517590330340826, "p_al": 1.2718727136191073, "p_ex": 5.602886965645464, "prior": 1.2846707440219591, "rate": 3.3122432327982927}, "datetime": {"datetime": "2024-06-13 13:34:11", "elapsed": 164.113988, "delta": 0.112987}}
{"target": -211.79174476918476, "params": {"p_ai": 3.265071842219258, "p_al": 9.48049701044885, "p_ex": 3.7597670096434608, "prior": 4.691636256683498, "rate": 9.473475192340146}, "datetime": {"datetime": "2024-06-13 13:34:11", "elapsed": 164.226686, "delta": 0.112698}}
{"target": -451.5054858962954, "params": {"p_ai": 8.283975476109763, "p_al": 6.720327358482428, "p_ex": 2.6738455539050126, "prior": 1.3335156881039736, "rate": 3.3402929930453955}, "datetime": {"datetime": "2024-06-13 13:34:11", "elapsed": 164.342377, "delta": 0.115691}}
{"target": -193.40586963142513, "params": {"p_ai": 1.5990411930530612, "p_al": 9.604039822179217, "p_ex": 2.010175989567496, "prior": 3.107359184254481, "rate": 6.614538646758534}, "datetime": {"datetime": "2024-06-13 13:34:11", "elapsed": 164.461392, "delta": 0.119015}}
{"target": -209.16355261591022, "params": {"p_ai": 4.37678808370781, "p_al": 5.89872859819017, "p_ex": 8.488612171761474, "prior": 5.881892936139609, "rate": 4.970284017491149}, "datetime": {"datetime": "2024-06-13 13:34:11", "elapsed": 164.573714, "delta": 0.112322}}
{"target": -340.6998962989906, "params": {"p_ai": 8.355940839879088, "p_al": 7.979860191460579, "p_ex": 9.811625590279693, "prior": 9.486111970792946, "rate": 9.17197316118671}, "datetime": {"datetime": "2024-06-13 13:34:11", "elapsed": 164.688376, "delta": 0.114662}}
{"target": -242.56039208494752, "params": {"p_ai": 4.948755710293945, "p_al": 7.37178729631658, "p_ex": 6.005614192626915, "prior": 7.380255671368934, "rate": 3.758232523153045}, "datetime": {"datetime": "2024-06-13 13:34:11", "elapsed": 164.801075, "delta": 0.112699}}
{"target": -425.6375560579283, "params": {"p_ai": 9.11115592778481, "p_al": 8.723213633193073, "p_ex": 7.046952341405632, "prior": 2.6130258749117306, "rate": 5.011192894046693}, "datetime": {"datetime": "2024-06-13 13:34:11", "elapsed": 164.912776, "delta": 0.111701}}
{"target": -154.7705212790902, "params": {"p_ai": 2.17783981095381, "p_al": 1.0260979254877194, "p_ex": 5.780032861824755, "prior": 4.796479676205616, "rate": 2.475670454206242}, "datetime": {"datetime": "2024-06-13 13:34:11", "elapsed": 165.054475, "delta": 0.141699}}
{"target": -215.92660552101043, "params": {"p_ai": 4.467313442321816, "p_al": 1.3847932899081115, "p_ex": 5.228500992493444, "prior": 9.703747416749897, "rate": 8.237998191683403}, "datetime": {"datetime": "2024-06-13 13:34:12", "elapsed": 165.168275, "delta": 0.1138}}
{"target": -151.04573899606754, "params": {"p_ai": 0.04539181368461302, "p_al": 0.9171034740261821, "p_ex": 0.256731315853256, "prior": 3.0849617630196033, "rate": 9.806449056410758}, "datetime": {"datetime": "2024-06-13 13:34:12", "elapsed": 165.287773, "delta": 0.119498}}
{"target": -233.72542627321474, "params": {"p_ai": 4.604577213484676, "p_al": 4.098043027245584, "p_ex": 4.082781044934731, "prior": 8.24831868985997, "rate": 5.817468351338353}, "datetime": {"datetime": "2024-06-13 13:34:12", "elapsed": 165.4015, "delta": 0.113727}}
{"target": -166.16148304512032, "params": {"p_ai": 1.194398932848572, "p_al": 4.447888804875501, "p_ex": 1.464898722112708, "prior": 6.661061324152497, "rate": 1.2245706894526878}, "datetime": {"datetime": "2024-06-13 13:34:12", "elapsed": 165.515734, "delta": 0.114234}}
{"target": -147.92000218579923, "params": {"p_ai": 0.8678033866291002, "p_al": 7.033904856031638, "p_ex": 4.113172644181687, "prior": 9.961111769859151, "rate": 5.340957501885814}, "datetime": {"datetime": "2024-06-13 13:34:12", "elapsed": 165.62832, "delta": 0.112586}}
{"target": -378.6576489549412, "params": {"p_ai": 7.790366706899352, "p_al": 8.686423277767584, "p_ex": 7.987675177701189, "prior": 2.1416545662349087, "rate": 6.803995167925384}, "datetime": {"datetime": "2024-06-13 13:34:12", "elapsed": 165.742016, "delta": 0.113696}}
{"target": -147.02480444282335, "params": {"p_ai": 0.04723985982973837, "p_al": 7.958190982824141, "p_ex": 2.159110276007062, "prior": 9.867241781530184, "rate": 9.441516513225706}, "datetime": {"datetime": "2024-06-13 13:34:12", "elapsed": 165.855712, "delta": 0.113696}}
{"target": -257.1880697862888, "params": {"p_ai": 5.851577204928747, "p_al": 1.6055163944341313, "p_ex": 7.034313758009502, "prior": 4.175120101548917, "rate": 4.668222528264901}, "datetime": {"datetime": "2024-06-13 13:34:12", "elapsed": 165.969408, "delta": 0.113696}}
