{"target": -444.95058798693856, "params": {"p_ai": 8.770325995338487, "p_al": 0.6055781424620017, "p_ex": 9.153630970485896, "prior": 3.126272695375876, "rate": 7.291643087678667}, "datetime": {"datetime": "2024-06-13 08:09:31", "elapsed": 187.920386, "delta": 0.109272}}
{"target": -214.97411259481976, "params": {"p_ai": 2.7518289522714894, "p_al": 7.298895417256382, "p_ex": 7.843767691102058, "prior": 5.672487747176142, "rate": 1.1105717736698424}, "datetime": {"datetime": "2024-06-13 08:09:32", "elapsed": 188.030093, "delta": 0.109707}}
{"target": -140.56131783119028, "params": {"p_ai": 1.247871409908292, "p_al": 8.557223361607665, "p_ex": 9.338905564922545, "prior": 6.48689413185161, "rate": 1.8505555040416244}, "datetime": {"datetime": "2024-06-13 08:09:32", "elapsed": 188.13983, "delta": 0.109737}}
{"target": -379.1761563163421, "params": {"p_ai": 7.223530679015805, "p_al": 2.24124043974893, "p_ex": 7.527701900619364, "prior": 9.986270401401512, "rate": 9.21315808846653}, "datetime": {"datetime": "2024-06-13 08:09:32", "elapsed": 188.248508, "delta": 0.108678}}
{"target": -345.7559815033068, "params": {"p_ai": 5.273141992225733, "p_al": 6.226826610338095, "p_ex": 3.1548595349206674, "prior": 8.80547682526261, "rate": 8.603039096320444}, "datetime": {"datetime": "2024-06-13 08:09:32", "elapsed": 188.358095, "delta": 0.109587}}
{"target": -160.41680054542664, "params": {"p_ai": 0.6065850175834976, "p_al": 5.496862853636701, "p_ex": 3.8062741334354793, "prior": 5.568875726002874, "rate": 1.8225452520664278}, "datetime": {"datetime": "2024-06-13 08:09:32", "elapsed": 188.467354, "delta": 0.109259}}
{"target": -659.8607479049041, "params": {"p_ai": 7.922102909519271, "p_al": 1.1798197293564334, "p_ex": 2.03110869407715, "prior": 0.240474371425576, "rate": 0.5859235832070392}, "datetime": {"datetime": "2024-06-13 08:09:32", "elapsed": 188.577061, "delta": 0.109707}}
{"target": -144.5588647449948, "params": {"p_ai": 1.1926597295710184, "p_al": 4.514193436178149, "p_ex": 8.956965481922483, "prior": 1.0385871412974723, "rate": 9.97386964902612}, "datetime": {"datetime": "2024-06-13 08:09:32", "elapsed": 188.685987, "delta": 0.108926}}
{"target": -517.2626084237764, "params": {"p_ai": 9.224262281692667, "p_al": 1.260577525518817, "p_ex": 5.616515417818752, "prior": 5.787635942732416, "rate": 7.815082836250449}, "datetime": {"datetime": "2024-06-13 08:09:32", "elapsed": 188.794697, "delta": 0.10871}}
{"target": -109.13806224453195, "params": {"p_ai": 0.9946733715912853, "p_al": 0.8915032303886438, "p_ex": 9.44716286698995, "prior": 4.255373920746752, "rate": 8.191767220881795}, "datetime": {"datetime": "2024-06-13 08:09:32", "elapsed": 188.903884, "delta": 0.109187}}
{"target": -739.922806415915, "params": {"p_ai": 7.830121494744263, "p_al": 8.379166151578875, "p_ex": 1.3983772214326267, "prior": 0.9182260342043448, "rate": 4.429075722724998}, "datetime": {"datetime": "2024-06-13 08:09:32", "elapsed": 189.013621, "delta": 0.109737}}
{"target": -531.2179523666049, "params": {"p_ai": 8.081224431768419, "p_al": 1.4039906013943886, "p_ex": 1.7982747248411668, "prior": 1.6068167605474208, "rate": 2.3069735255674932}, "datetime": {"datetime": "2024-06-13 08:09:33", "elapsed": 189.123369, "delta": 0.109748}}
{"target": -228.30437939029747, "params": {"p_ai": 3.281120992807415, "p_al": 0.6787294793388832, "p_ex": 3.865854946905693, "prior": 2.805558299035431, "rate": 1.5326903508244825}, "datetime": {"datetime": "2024-06-13 08:09:33", "elapsed": 189.233081, "delta": 0.109712}}
{"target": -191.7419797087435, "params": {"p_ai": 3.1334272363301388, "p_al": 4.993087848316837, "p_ex": 6.709437696219011, "prior": 2.9164717145299424, "rate": 4.868817051590856}, "datetime": {"datetime": "2024-06-13 08:09:33", "elapsed": 189.341762, "delta": 0.108681}}
{"target": -540.2699121528984, "params": {"p_ai": 6.940908597202748, "p_al": 9.423233485024044, "p_ex": 1.1340151517070014, "prior": 3.7711443085018157, "rate": 8.66685935806579}, "datetime": {"datetime": "2024-06-13 08:09:33", "elapsed": 189.450739, "delta": 0.108977}}
{"target": -578.6966485740755, "params": {"p_ai": 7.679523092182005, "p_al": 8.25958993480353, "p_ex": 0.37000277360014155, "prior": 8.040765772392614, "rate": 0.9535397258234063}, "datetime": {"datetime": "2024-06-13 08:09:33", "elapsed": 189.560103, "delta": 0.109364}}
{"target": -171.62537111075048, "params": {"p_ai": 3.527731441558376, "p_al": 2.331016845411896, "p_ex": 9.84381250107112, "prior": 4.823939198601884, "rate": 2.8040028370318577}, "datetime": {"datetime": "2024-06-13 08:09:33", "elapsed": 189.669812, "delta": 0.109709}}
{"target": -241.38914255703557, "params": {"p_ai": 4.20831303644071, "p_al": 1.3909199912438017, "p_ex": 7.8123479058368535, "prior": 8.210723794409088, "rate": 0.060692924712947724}, "datetime": {"datetime": "2024-06-13 08:09:33", "elapsed": 189.779055, "delta": 0.109243}}
{"target": -327.59213419081027, "params": {"p_ai": 3.586736625409582, "p_al": 9.279393194911547, "p_ex": 5.586318850329485, "prior": 1.7037725617162454, "rate": 3.9774673080792806}, "datetime": {"datetime": "2024-06-13 08:09:33", "elapsed": 189.888302, "delta": 0.109247}}
{"target": -309.2368482281017, "params": {"p_ai": 6.307483126500032, "p_al": 7.635259602323334, "p_ex": 9.854815211342656, "prior": 9.776881933179979, "rate": 4.441927905590453}, "datetime": {"datetime": "2024-06-13 08:09:33", "elapsed": 189.997041, "delta": 0.108739}}
{"target": -633.6486010925272, "params": {"p_ai": 9.179882536983376, "p_al": 7.237878515196161, "p_ex": 1.5502361081867004, "prior": 5.6936167436773015, "rate": 5.296019123071802}, "datetime": {"datetime": "2024-06-13 08:09:34", "elapsed": 190.107716, "delta": 0.110675}}
{"target": -587.1346717732403, "params": {"p_ai": 9.3954808270492, "p_al": 6.926539717875964, "p_ex": 5.394686533645217, "prior": 9.187316743334772, "rate": 0.8100829607163762}, "datetime": {"datetime": "2024-06-13 08:09:34", "elapsed": 190.216425, "delta": 0.108709}}
{"target": -299.2196177156646, "params": {"p_ai": 3.094916993572918, "p_al": 3.6642165952533947, "p_ex": 0.11845844310111493, "prior": 5.452034263649911, "rate": 3.856364428548411}, "datetime": {"datetime": "2024-06-13 08:09:34", "elapsed": 190.327041, "delta": 0.110616}}
{"target": -219.83967256404046, "params": {"p_ai": 4.65197580062364, "p_al": 0.5270892060138994, "p_ex": 9.805510777843343, "prior": 8.7538486659174, "rate": 3.1268548644551957}, "datetime": {"datetime": "2024-06-13 08:09:34", "elapsed": 190.435391, "delta": 0.10835}}
{"target": -158.97648339091901, "params": {"p_ai": 0.8186114436392081, "p_al": 1.066901745487618, "p_ex": 1.1136713740479698, "prior": 3.142322315774355, "rate": 7.467461809968642}, "datetime": {"datetime": "2024-06-13 08:09:34", "elapsed": 190.544647, "delta": 0.109256}}
{"target": -512.9767141982073, "params": {"p_ai": 8.67835826934303, "p_al": 4.504354254314959, "p_ex": 7.3542718795900415, "prior": 1.954921454335733, "rate": 1.9398555014637024}, "datetime": {"datetime": "2024-06-13 08:09:34", "elapsed": 190.655351, "delta": 0.110704}}
{"target": -298.5819064733034, "params": {"p_ai": 3.675066216725256, "p_al": 3.4930642409083035, "p_ex": 3.0214884061699934, "prior": 5.498054713306537, "rate": 0.12793941966032618}, "datetime": {"datetime": "2024-06-13 08:09:34", "elapsed": 190.765125, "delta": 0.109774}}
{"target": -402.0076487377206, "params": {"p_ai": 3.592949377328632, "p_al": 6.850240208220651, "p_ex": 2.0762081974303945, "prior": 1.809196226734778, "rate": 2.941861912968554}, "datetime": {"datetime": "2024-06-13 08:09:34", "elapsed": 190.875829, "delta": 0.110704}}
{"target": -631.0502106202367, "params": {"p_ai": 0.0570794264110311, "p_al": 3.4485010399955662, "p_ex": 8.284216693945723, "prior": 0.22387027810913668, "rate": 0.30416112021260816}, "datetime": {"datetime": "2024-06-13 08:09:34", "elapsed": 190.990757, "delta": 0.114928}}
{"target": -188.78187926102075, "params": {"p_ai": 3.7441838512918704, "p_al": 0.6545373626395712, "p_ex": 8.530620095744082, "prior": 3.6361514821744563, "rate": 7.087162602781017}, "datetime": {"datetime": "2024-06-13 08:09:35", "elapsed": 191.100466, "delta": 0.109709}}
{"target": -322.5985129655392, "params": {"p_ai": 3.425736032867562, "p_al": 2.854851210663137, "p_ex": 0.05590843511159711, "prior": 2.7010673520654245, "rate": 5.582512215150337}, "datetime": {"datetime": "2024-06-13 08:09:35", "elapsed": 191.208915, "delta": 0.108449}}
{"target": -332.45199910701314, "params": {"p_ai": 3.952715254018773, "p_al": 8.451666840823487, "p_ex": 2.5363778194337905, "prior": 9.201972385751201, "rate": 1.4504370511416007}, "datetime": {"datetime": "2024-06-13 08:09:35", "elapsed": 191.318256, "delta": 0.109341}}
{"target": -456.1994214981812, "params": {"p_ai": 4.839672515828387, "p_al": 2.020657909509962, "p_ex": 1.1227070742976464, "prior": 0.7902785856182359, "rate": 0.9805149571102284}, "datetime": {"datetime": "2024-06-13 08:09:35", "elapsed": 191.427543, "delta": 0.109287}}
{"target": -343.2496895525032, "params": {"p_ai": 4.434795231200355, "p_al": 4.939871104309284, "p_ex": 2.9452144192316068, "prior": 7.103606491623381, "rate": 0.21598214968952503}, "datetime": {"datetime": "2024-06-13 08:09:35", "elapsed": 191.537849, "delta": 0.110306}}
{"target": -336.73664613620645, "params": {"p_ai": 3.0966072855252476, "p_al": 8.4279922185235, "p_ex": 5.475035998134492, "prior": 0.5526442623327297, "rate": 5.102147829330874}, "datetime": {"datetime": "2024-06-13 08:09:35", "elapsed": 191.646407, "delta": 0.108558}}
{"target": -175.8865655474387, "params": {"p_ai": 2.9432512066981205, "p_al": 1.6641068935056507, "p_ex": 6.79315699912272, "prior": 1.9689723488615207, "rate": 3.9595303293616912}, "datetime": {"datetime": "2024-06-13 08:09:35", "elapsed": 191.756118, "delta": 0.109711}}
{"target": -820.8156377822672, "params": {"p_ai": 7.277921528343489, "p_al": 8.099541411826896, "p_ex": 6.015246650712711, "prior": 1.3089566403392192, "rate": 0.10989390105380556}, "datetime": {"datetime": "2024-06-13 08:09:35", "elapsed": 191.864969, "delta": 0.108851}}
{"target": -319.5570413712398, "params": {"p_ai": 2.9264355812037617, "p_al": 4.8393618600855035, "p_ex": 0.7576327747204976, "prior": 0.8358287218164281, "rate": 9.794963867843931}, "datetime": {"datetime": "2024-06-13 08:09:35", "elapsed": 191.974215, "delta": 0.109246}}
{"target": -336.20927004826507, "params": {"p_ai": 6.243085317339162, "p_al": 8.229260310475276, "p_ex": 7.810318538165776, "prior": 5.102871349984904, "rate": 6.070014439084623}, "datetime": {"datetime": "2024-06-13 08:09:36", "elapsed": 192.084398, "delta": 0.110183}}
{"target": -308.3808806391976, "params": {"p_ai": 2.825230053129282, "p_al": 9.360024382024866, "p_ex": 6.169073746264268, "prior": 4.069085998139481, "rate": 0.5027332281108874}, "datetime": {"datetime": "2024-06-13 08:09:36", "elapsed": 192.194105, "delta": 0.109707}}
{"target": -236.58276117338585, "params": {"p_ai": 1.049344743577626, "p_al": 4.439949432686932, "p_ex": 0.23860297366404565, "prior": 2.8864211596602547, "rate": 2.149739736234594}, "datetime": {"datetime": "2024-06-13 08:09:36", "elapsed": 192.303841, "delta": 0.109736}}
{"target": -136.95900425144185, "params": {"p_ai": 2.2158851068296688, "p_al": 1.927645508890136, "p_ex": 8.39168993709635, "prior": 4.660974693206179, "rate": 5.431847982540647}, "datetime": {"datetime": "2024-06-13 08:09:36", "elapsed": 192.413203, "delta": 0.109362}}
{"target": -409.5570148256506, "params": {"p_ai": 5.8085928743625805, "p_al": 0.944366227967611, "p_ex": 0.64104585878172, "prior": 9.868115074039345, "rate": 2.8390302919312274}, "datetime": {"datetime": "2024-06-13 08:09:36", "elapsed": 192.522647, "delta": 0.109444}}
{"target": -117.18224016437554, "params": {"p_ai": 1.4198719573620413, "p_al": 0.18877194032575711, "p_ex": 8.707206755855346, "prior": 1.7382795648924734, "rate": 1.7161810902589858}, "datetime": {"datetime": "2024-06-13 08:09:36", "elapsed": 192.632324, "delta": 0.109677}}
{"target": -236.4868346193232, "params": {"p_ai": 3.7275861586587777, "p_al": 1.8259027452235743, "p_ex": 4.410654513672928, "prior": 5.787178774859332, "rate": 8.361759262901945}, "datetime": {"datetime": "2024-06-13 08:09:36", "elapsed": 192.741064, "delta": 0.10874}}
{"target": -392.92345179122736, "params": {"p_ai": 5.883359694122646, "p_al": 9.240396445238543, "p_ex": 4.8133585954781895, "prior": 6.218810829625913, "rate": 4.417624344923028}, "datetime": {"datetime": "2024-06-13 08:09:36", "elapsed": 192.850742, "delta": 0.109678}}
{"target": -512.5360610804611, "params": {"p_ai": 9.125192472682842, "p_al": 7.104368034825856, "p_ex": 6.028364300611192, "prior": 8.434044408073273, "rate": 9.065053929593057}, "datetime": {"datetime": "2024-06-13 08:09:36", "elapsed": 192.959484, "delta": 0.108742}}
{"target": -364.95769044068004, "params": {"p_ai": 5.780278487109837, "p_al": 2.076747006550658, "p_ex": 3.331566249185239, "prior": 9.200192456243458, "rate": 4.912084820739068}, "datetime": {"datetime": "2024-06-13 08:09:37", "elapsed": 193.06919, "delta": 0.109706}}
{"target": -586.4282484245072, "params": {"p_ai": 8.451666587577435, "p_al": 4.916269488434407, "p_ex": 0.4834385541964983, "prior": 5.884638160158028, "rate": 9.798903067710715}, "datetime": {"datetime": "2024-06-13 08:09:37", "elapsed": 193.178869, "delta": 0.109679}}
{"target": -197.8446537322808, "params": {"p_ai": 1.515503008079487, "p_al": 6.269598335019419, "p_ex": 6.444503803436437, "prior": 1.0631561907006035, "rate": 2.990461280954757}, "datetime": {"datetime": "2024-06-13 08:09:37", "elapsed": 193.288364, "delta": 0.109495}}
{"target": -712.2135687086623, "params": {"p_ai": 3.8959831830687888, "p_al": 9.543671365430777, "p_ex": 5.7679660457770074, "prior": 0.8744967488020646, "rate": 1.072490181520753}, "datetime": {"datetime": "2024-06-13 08:09:37", "elapsed": 193.398218, "delta": 0.109854}}
{"target": -622.3650668000877, "params": {"p_ai": 9.536873374341363, "p_al": 8.053636578774547, "p_ex": 4.283588449105331, "prior": 6.72524282989263, "rate": 2.1200766989315696}, "datetime": {"datetime": "2024-06-13 08:09:37", "elapsed": 193.506614, "delta": 0.108396}}
{"target": -319.8970545757119, "params": {"p_ai": 5.202125476901955, "p_al": 9.755434569703551, "p_ex": 8.304415130244, "prior": 2.1605768686823534, "rate": 4.4847867469510385}, "datetime": {"datetime": "2024-06-13 08:09:37", "elapsed": 193.615873, "delta": 0.109259}}
{"target": -292.0824126210215, "params": {"p_ai": 5.727242202985682, "p_al": 5.708443316833046, "p_ex": 9.305325516899234, "prior": 2.5517056784217282, "rate": 6.563738478113883}, "datetime": {"datetime": "2024-06-13 08:09:37", "elapsed": 193.724916, "delta": 0.109043}}
{"target": -444.0591729835785, "params": {"p_ai": 7.812690271993985, "p_al": 1.160601525110093, "p_ex": 5.264365526462768, "prior": 4.1240237657859025, "rate": 5.023421940232455}, "datetime": {"datetime": "2024-06-13 08:09:37", "elapsed": 193.834733, "delta": 0.109817}}
{"target": -162.3748770605845, "params": {"p_ai": 0.6540852484869445, "p_al": 2.6960916194395437, "p_ex": 2.500770394588615, "prior": 6.6871079272570775, "rate": 0.5016923042482302}, "datetime": {"datetime": "2024-06-13 08:09:37", "elapsed": 193.943918, "delta": 0.109185}}
{"target": -548.4166824043992, "params": {"p_ai": 9.731373002481384, "p_al": 3.757498753387578, "p_ex": 8.718826986612719, "prior": 6.943229007107121, "rate": 0.296761024531815}, "datetime": {"datetime": "2024-06-13 08:09:38", "elapsed": 194.053183, "delta": 0.109265}}
{"target": -128.55516728406946, "params": {"p_ai": 0.8736192603075104, "p_al": 0.950537411031849, "p_ex": 5.642699732456598, "prior": 5.660857561045755, "rate": 3.1067697447742884}, "datetime": {"datetime": "2024-06-13 08:09:38", "elapsed": 194.163459, "delta": 0.110276}}
{"target": -208.89539415888694, "params": {"p_ai": 1.1328230404335249, "p_al": 7.6862883074548956, "p_ex": 1.3828505939648221, "prior": 5.850733827565691, "rate": 5.087266420902204}, "datetime": {"datetime": "2024-06-13 08:09:38", "elapsed": 194.27277, "delta": 0.109311}}
{"target": -394.038019243472, "params": {"p_ai": 5.101719491681198, "p_al": 3.5940143066396395, "p_ex": 0.5557328765858107, "prior": 3.362607447052891, "rate": 9.49856917371997}, "datetime": {"datetime": "2024-06-13 08:09:38", "elapsed": 194.381622, "delta": 0.108852}}
{"target": -509.8887308727584, "params": {"p_ai": 9.48337904821076, "p_al": 4.2937613368317145, "p_ex": 7.420744505584506, "prior": 5.576596190715166, "rate": 9.140122463625204}, "datetime": {"datetime": "2024-06-13 08:09:38", "elapsed": 194.490998, "delta": 0.109376}}
{"target": -520.2697028264, "params": {"p_ai": 7.364367670973599, "p_al": 3.939915265535041, "p_ex": 0.6062933343870917, "prior": 8.106318299713879, "rate": 3.1648914024045944}, "datetime": {"datetime": "2024-06-13 08:09:38", "elapsed": 194.599738, "delta": 0.10874}}
{"target": -339.0701237342449, "params": {"p_ai": 4.942556773417114, "p_al": 5.415751685695423, "p_ex": 5.175770439769287, "prior": 1.4627757268828725, "rate": 3.5940904567909753}, "datetime": {"datetime": "2024-06-13 08:09:38", "elapsed": 194.709177, "delta": 0.109439}}
{"target": -302.65185277943, "params": {"p_ai": 3.6137307964915024, "p_al": 2.1587353818993296, "p_ex": 0.36945596621601556, "prior": 9.241854257258078, "rate": 3.54382328264327}, "datetime": {"datetime": "2024-06-13 08:09:38", "elapsed": 194.818882, "delta": 0.109705}}
{"target": -168.42555748689557, "params": {"p_ai": 1.9587906202407985, "p_al": 8.641052718885055, "p_ex": 4.9810365006234445, "prior": 8.199431128890511, "rate": 7.633434166521316}, "datetime": {"datetime": "2024-06-13 08:09:38", "elapsed": 194.928559, "delta": 0.109677}}
{"target": -153.17671507097273, "params": {"p_ai": 1.168130717558482, "p_al": 5.161270516651569, "p_ex": 3.3430727719670768, "prior": 6.859749327254686, "rate": 7.872388981522223}, "datetime": {"datetime": "2024-06-13 08:09:39", "elapsed": 195.043868, "delta": 0.115309}}
{"target": -162.18097199937887, "params": {"p_ai": 2.8478120950384707, "p_al": 4.200642296622124, "p_ex": 8.823654541848954, "prior": 7.640276990704428, "rate": 2.8497379449744105}, "datetime": {"datetime": "2024-06-13 08:09:39", "elapsed": 195.154572, "delta": 0.110704}}
{"target": -406.2700063321575, "params": {"p_ai": 7.239099541271242, "p_al": 0.27237542317981583, "p_ex": 5.633388052583022, "prior": 0.4117319370996556, "rate": 1.2616859991783544}, "datetime": {"datetime": "2024-06-13 08:09:39", "elapsed": 195.265277, "delta": 0.110705}}
{"target": -492.19311065006303, "params": {"p_ai": 8.206165134860953, "p_al": 6.816393871648483, "p_ex": 4.388876193891318, "prior": 3.9577011246636613, "rate": 8.758079863717915}, "datetime": {"datetime": "2024-06-13 08:09:39", "elapsed": 195.374705, "delta": 0.109428}}
{"target": -245.71606923817447, "params": {"p_ai": 2.3884335366247096, "p_al": 3.940443508270194, "p_ex": 1.4356388466563614, "prior": 6.724593074749828, "rate": 1.7569187206082415}, "datetime": {"datetime": "2024-06-13 08:09:39", "elapsed": 195.48413, "delta": 0.109425}}
{"target": -1084.2209962641364, "params": {"p_ai": 9.997538219439393, "p_al": 9.64435836980209, "p_ex": 0.67846837073078, "prior": 0.7094191982531912, "rate": 2.4716590613240044}, "datetime": {"datetime": "2024-06-13 08:09:39", "elapsed": 195.593453, "delta": 0.109323}}
{"target": -202.70169181760417, "params": {"p_ai": 3.113199216845208, "p_al": 7.979576509476988, "p_ex": 7.528886769872903, "prior": 1.7898699701152085, "rate": 7.40547428623903}, "datetime": {"datetime": "2024-06-13 08:09:39", "elapsed": 195.70316, "delta": 0.109707}}
{"target": -285.1124091211372, "params": {"p_ai": 3.768939080848803, "p_al": 3.154090453024458, "p_ex": 2.0018974713345363, "prior": 5.5689349379506545, "rate": 5.0800663214378}, "datetime": {"datetime": "2024-06-13 08:09:39", "elapsed": 195.813103, "delta": 0.109943}}
{"target": -663.8141946010965, "params": {"p_ai": 9.04527696601336, "p_al": 1.645316780675287, "p_ex": 0.26180135711145114, "prior": 1.392915278638611, "rate": 0.36451297992350945}, "datetime": {"datetime": "2024-06-13 08:09:39", "elapsed": 195.922809, "delta": 0.109706}}
{"target": -306.3788456350533, "params": {"p_ai": 5.687163566769333, "p_al": 7.716013039606546, "p_ex": 9.871777231050503, "prior": 8.472619903469722, "rate": 1.69659327492476}, "datetime": {"datetime": "2024-06-13 08:09:40", "elapsed": 196.032404, "delta": 0.109595}}
{"target": -763.5105000162358, "params": {"p_ai": 9.77961288637034, "p_al": 5.785494040079212, "p_ex": 8.102580535658149, "prior": 0.1151810139076463, "rate": 1.9803693431064198}, "datetime": {"datetime": "2024-06-13 08:09:40", "elapsed": 196.141651, "delta": 0.109247}}
{"target": -545.5494893895897, "params": {"p_ai": 9.250464838932725, "p_al": 2.426362024183873, "p_ex": 5.396154540001887, "prior": 7.260620274186737, "rate": 1.0100096424153542}, "datetime": {"datetime": "2024-06-13 08:09:40", "elapsed": 196.256344, "delta": 0.114693}}
{"target": -353.614043635644, "params": {"p_ai": 5.72774124176241, "p_al": 2.1274884194853767, "p_ex": 3.582104730384767, "prior": 4.438767690811333, "rate": 7.493804631506918}, "datetime": {"datetime": "2024-06-13 08:09:40", "elapsed": 196.37071, "delta": 0.114366}}
{"target": -704.0213291325508, "params": {"p_ai": 9.139726971263, "p_al": 9.695486507526168, "p_ex": 3.816921672468084, "prior": 2.5187188408386634, "rate": 2.7108926819514374}, "datetime": {"datetime": "2024-06-13 08:09:40", "elapsed": 196.480534, "delta": 0.109824}}
{"target": -693.9637982692819, "params": {"p_ai": 7.645880298369269, "p_al": 8.425928176116589, "p_ex": 1.6482835391778359, "prior": 0.30037904725966913, "rate": 8.473957498284374}, "datetime": {"datetime": "2024-06-13 08:09:40", "elapsed": 196.590241, "delta": 0.109707}}
