{"target": -168.1565525455455, "params": {"gamma": 2.3106546042570515, "prior": 0.6739605523903935, "rate": 1.3890263639386906}, "datetime": {"datetime": "2024-06-14 19:13:29", "elapsed": 4.604915, "delta": 0.008976}}
{"target": -362.6427765220457, "params": {"gamma": 9.351596002308344, "prior": 8.896566823226658, "rate": 2.893315694333617}, "datetime": {"datetime": "2024-06-14 19:13:29", "elapsed": 4.613892, "delta": 0.008977}}
{"target": -386.88528866256854, "params": {"gamma": 9.477692896949968, "prior": 8.514312298791047, "rate": 4.347113285922664}, "datetime": {"datetime": "2024-06-14 19:13:29", "elapsed": 4.623864, "delta": 0.009972}}
{"target": -213.67743204728504, "params": {"gamma": 4.681027499109862, "prior": 6.335544913675885, "rate": 1.581160317803163}, "datetime": {"datetime": "2024-06-14 19:13:29", "elapsed": 4.632869, "delta": 0.009005}}
{"target": -149.3501142732418, "params": {"gamma": 0.14880608533418707, "prior": 2.72856897297662, "rate": 0.15542087579566607}, "datetime": {"datetime": "2024-06-14 19:13:29", "elapsed": 4.641816, "delta": 0.008947}}
{"target": -295.2848505851049, "params": {"gamma": 6.745313942778413, "prior": 5.559541474546487, "rate": 3.2171598078821737}, "datetime": {"datetime": "2024-06-14 19:13:29", "elapsed": 4.650792, "delta": 0.008976}}
{"target": -381.49388762122436, "params": {"gamma": 7.802243168860467, "prior": 1.543275769026293, "rate": 2.449561506980074}, "datetime": {"datetime": "2024-06-14 19:13:29", "elapsed": 4.659768, "delta": 0.008976}}
{"target": -170.38353134436937, "params": {"gamma": 2.923845306630798, "prior": 2.0397262703400223, "rate": 0.8802988990222627}, "datetime": {"datetime": "2024-06-14 19:13:29", "elapsed": 4.668744, "delta": 0.008976}}
{"target": -499.8507855229024, "params": {"gamma": 8.699891826535803, "prior": 0.9730675911579497, "rate": 6.837419647880558}, "datetime": {"datetime": "2024-06-14 19:13:29", "elapsed": 4.67772, "delta": 0.008976}}
{"target": -154.37278099769898, "params": {"gamma": 1.204888367700376, "prior": 0.20592013112732416, "rate": 5.573125032519063}, "datetime": {"datetime": "2024-06-14 19:13:30", "elapsed": 4.687693, "delta": 0.009973}}
{"target": -360.74521465949704, "params": {"gamma": 9.071183443148486, "prior": 8.618521006635163, "rate": 3.3851753897983823}, "datetime": {"datetime": "2024-06-14 19:13:30", "elapsed": 4.69667, "delta": 0.008977}}
{"target": -147.40295242541703, "params": {"gamma": 0.27256113442929636, "prior": 8.028507615787328, "rate": 8.06004333796437}, "datetime": {"datetime": "2024-06-14 19:13:30", "elapsed": 4.705645, "delta": 0.008975}}
{"target": -404.18498179540705, "params": {"gamma": 8.685012674911418, "prior": 6.729501338767777, "rate": 8.077980844288449}, "datetime": {"datetime": "2024-06-14 19:13:30", "elapsed": 4.714622, "delta": 0.008977}}
{"target": -417.117316768504, "params": {"gamma": 8.9750853247459, "prior": 4.592916509851121, "rate": 5.578695211845391}, "datetime": {"datetime": "2024-06-14 19:13:30", "elapsed": 4.723627, "delta": 0.009005}}
{"target": -250.53975747513692, "params": {"gamma": 5.06180515715352, "prior": 6.9506406547897654, "rate": 6.829385769431119}, "datetime": {"datetime": "2024-06-14 19:13:30", "elapsed": 4.733571, "delta": 0.009944}}
{"target": -243.40824980412418, "params": {"gamma": 5.203616044997302, "prior": 8.301834666046165, "rate": 5.058288088511875}, "datetime": {"datetime": "2024-06-14 19:13:30", "elapsed": 4.742547, "delta": 0.008976}}
{"target": -351.85201422500745, "params": {"gamma": 8.248760765289934, "prior": 2.8902663726181053, "rate": 1.7857698349419049}, "datetime": {"datetime": "2024-06-14 19:13:30", "elapsed": 4.751523, "delta": 0.008976}}
{"target": -376.804729982334, "params": {"gamma": 9.698735832876796, "prior": 7.44520130201516, "rate": 2.598657141350841}, "datetime": {"datetime": "2024-06-14 19:13:30", "elapsed": 4.760499, "delta": 0.008976}}
{"target": -239.93770955726663, "params": {"gamma": 5.8127721875694265, "prior": 9.557096310028049, "rate": 0.808458324212976}, "datetime": {"datetime": "2024-06-14 19:13:30", "elapsed": 4.769475, "delta": 0.008976}}
{"target": -141.93393293840754, "params": {"gamma": 0.8362585364103492, "prior": 6.229434831057081, "rate": 2.245710294880741}, "datetime": {"datetime": "2024-06-14 19:13:30", "elapsed": 4.778451, "delta": 0.008976}}
{"target": -359.4303756282312, "params": {"gamma": 7.652074383378348, "prior": 5.72471017519614, "rate": 6.66221471414473}, "datetime": {"datetime": "2024-06-14 19:13:30", "elapsed": 4.788424, "delta": 0.009973}}
{"target": -148.20191075214984, "params": {"gamma": 1.0790311940451294, "prior": 0.9344022092219122, "rate": 6.251585561986592}, "datetime": {"datetime": "2024-06-14 19:13:30", "elapsed": 4.7974, "delta": 0.008976}}
{"target": -244.48227219904314, "params": {"gamma": 4.097902880079071, "prior": 0.9637999863326198, "rate": 3.711268386216875}, "datetime": {"datetime": "2024-06-14 19:13:30", "elapsed": 4.806376, "delta": 0.008976}}
{"target": -376.63204254196984, "params": {"gamma": 6.72177195215883, "prior": 1.9769152618966988, "rate": 8.957395356178512}, "datetime": {"datetime": "2024-06-14 19:13:30", "elapsed": 4.816208, "delta": 0.009832}}
{"target": -409.7680510942804, "params": {"gamma": 9.498514042411992, "prior": 9.619568170101886, "rate": 7.301095494844863}, "datetime": {"datetime": "2024-06-14 19:13:30", "elapsed": 4.824791, "delta": 0.008583}}
{"target": -200.16697929548693, "params": {"gamma": 4.063477988455463, "prior": 7.463117043877074, "rate": 2.8805808058682407}, "datetime": {"datetime": "2024-06-14 19:13:30", "elapsed": 4.834765, "delta": 0.009974}}
{"target": -184.34899013427028, "params": {"gamma": 3.144857806685071, "prior": 6.098373976056793, "rate": 5.948876486945769}, "datetime": {"datetime": "2024-06-14 19:13:30", "elapsed": 4.84374, "delta": 0.008975}}
{"target": -460.1441026678879, "params": {"gamma": 8.786731102181795, "prior": 2.620547481039712, "rate": 7.662117463663015}, "datetime": {"datetime": "2024-06-14 19:13:30", "elapsed": 4.852716, "delta": 0.008976}}
{"target": -618.3511442662636, "params": {"gamma": 9.410191654922194, "prior": 0.11022603331157285, "rate": 4.761415090903047}, "datetime": {"datetime": "2024-06-14 19:13:30", "elapsed": 4.861693, "delta": 0.008977}}
{"target": -266.90297561381163, "params": {"gamma": 6.570746249918269, "prior": 8.448899817803273, "rate": 1.8382103793481412}, "datetime": {"datetime": "2024-06-14 19:13:30", "elapsed": 4.870669, "delta": 0.008976}}
{"target": -438.522276631529, "params": {"gamma": 8.56173622063573, "prior": 3.7072182505845768, "rate": 8.922847018832448}, "datetime": {"datetime": "2024-06-14 19:13:30", "elapsed": 4.879645, "delta": 0.008976}}
{"target": -147.97298601877188, "params": {"gamma": 0.2780896894835276, "prior": 0.9453623773193891, "rate": 9.81412324707537}, "datetime": {"datetime": "2024-06-14 19:13:30", "elapsed": 4.889618, "delta": 0.009973}}
{"target": -263.13864308316244, "params": {"gamma": 6.095409755809193, "prior": 4.234560233460414, "rate": 1.6929726327522117}, "datetime": {"datetime": "2024-06-14 19:13:30", "elapsed": 4.898594, "delta": 0.008976}}
{"target": -378.68091788700605, "params": {"gamma": 6.499361629743811, "prior": 0.46605317675764246, "rate": 3.116827520693586}, "datetime": {"datetime": "2024-06-14 19:13:30", "elapsed": 4.90757, "delta": 0.008976}}
{"target": -188.33164848629542, "params": {"gamma": 3.2354684906937643, "prior": 6.11367474579408, "rate": 6.508661735500295}, "datetime": {"datetime": "2024-06-14 19:13:30", "elapsed": 4.916547, "delta": 0.008977}}
{"target": -366.55681754852327, "params": {"gamma": 8.460699937765456, "prior": 9.28305133171568, "rate": 6.604916818383386}, "datetime": {"datetime": "2024-06-14 19:13:30", "elapsed": 4.925522, "delta": 0.008975}}
{"target": -308.3249248064773, "params": {"gamma": 5.782161010166973, "prior": 4.047283881927183, "rate": 9.666158313928777}, "datetime": {"datetime": "2024-06-14 19:13:30", "elapsed": 4.934498, "delta": 0.008976}}
{"target": -144.53475002990766, "params": {"gamma": 1.541637639151742, "prior": 8.96135940562162, "rate": 3.1108196657805305}, "datetime": {"datetime": "2024-06-14 19:13:30", "elapsed": 4.944471, "delta": 0.009973}}
{"target": -241.18360081280767, "params": {"gamma": 5.485342407571374, "prior": 6.852455958484867, "rate": 2.3654600436102275}, "datetime": {"datetime": "2024-06-14 19:13:30", "elapsed": 4.953447, "delta": 0.008976}}
{"target": -151.53559916915813, "params": {"gamma": 1.678199113817666, "prior": 5.133971932953198, "rate": 7.918846891971133}, "datetime": {"datetime": "2024-06-14 19:13:30", "elapsed": 4.962423, "delta": 0.008976}}
{"target": -403.2910411368756, "params": {"gamma": 6.9244522072085894, "prior": 1.277836038012847, "rate": 9.007521408502258}, "datetime": {"datetime": "2024-06-14 19:13:30", "elapsed": 4.971399, "delta": 0.008976}}
{"target": -228.9759022366051, "params": {"gamma": 4.797895932924502, "prior": 9.47209912447251, "rate": 5.53478362877641}, "datetime": {"datetime": "2024-06-14 19:13:30", "elapsed": 4.981374, "delta": 0.009975}}
{"target": -145.35633211735473, "params": {"gamma": 0.8489334147818686, "prior": 2.1043840531779026, "rate": 8.542525491190911}, "datetime": {"datetime": "2024-06-14 19:13:30", "elapsed": 5.016279, "delta": 0.034905}}
{"target": -292.14025291735277, "params": {"gamma": 7.0595677402804276, "prior": 8.95990124951395, "rate": 3.2921308719412035}, "datetime": {"datetime": "2024-06-14 19:13:30", "elapsed": 5.025255, "delta": 0.008976}}
{"target": -256.4900229170036, "params": {"gamma": 5.280485964979625, "prior": 6.538941511592786, "rate": 5.943314245013059}, "datetime": {"datetime": "2024-06-14 19:13:30", "elapsed": 5.034232, "delta": 0.008977}}
{"target": -158.17393269789096, "params": {"gamma": 2.315397892406944, "prior": 4.325531359537532, "rate": 2.481866529137688}, "datetime": {"datetime": "2024-06-14 19:13:30", "elapsed": 5.043207, "delta": 0.008975}}
{"target": -311.39024886768914, "params": {"gamma": 8.456304007349223, "prior": 9.868106705184019, "rate": 0.6666414605206605}, "datetime": {"datetime": "2024-06-14 19:13:30", "elapsed": 5.053181, "delta": 0.009974}}
{"target": -359.67511660860464, "params": {"gamma": 7.139566394637347, "prior": 3.3681439667708357, "rate": 6.254728347736019}, "datetime": {"datetime": "2024-06-14 19:13:30", "elapsed": 5.062196, "delta": 0.009015}}
{"target": -163.99271929740445, "params": {"gamma": 2.582038363169428, "prior": 6.5449753321541015, "rate": 3.7121006974428328}, "datetime": {"datetime": "2024-06-14 19:13:30", "elapsed": 5.071133, "delta": 0.008937}}
{"target": -179.19761352612906, "params": {"gamma": 2.9489139744901, "prior": 9.126455419608208, "rate": 9.425046243387849}, "datetime": {"datetime": "2024-06-14 19:13:30", "elapsed": 5.080109, "delta": 0.008976}}
{"target": -344.5624879567947, "params": {"gamma": 6.135886715574795, "prior": 2.223231030223857, "rate": 9.394249290190688}, "datetime": {"datetime": "2024-06-14 19:13:30", "elapsed": 5.089085, "delta": 0.008976}}
{"target": -299.6225965102536, "params": {"gamma": 7.504785013686519, "prior": 7.53578909249578, "rate": 2.1180016271500137}, "datetime": {"datetime": "2024-06-14 19:13:30", "elapsed": 5.098616, "delta": 0.009531}}
{"target": -429.23311577755595, "params": {"gamma": 8.30173510509683, "prior": 2.47694202619598, "rate": 6.316575831756353}, "datetime": {"datetime": "2024-06-14 19:13:30", "elapsed": 5.107592, "delta": 0.008976}}
{"target": -304.55875483274514, "params": {"gamma": 7.107684959425964, "prior": 7.449595954100307, "rate": 3.9032567812912102}, "datetime": {"datetime": "2024-06-14 19:13:30", "elapsed": 5.116568, "delta": 0.008976}}
{"target": -330.3026826627254, "params": {"gamma": 7.598494141764259, "prior": 9.039065431004929, "rate": 5.8746127723565325}, "datetime": {"datetime": "2024-06-14 19:13:30", "elapsed": 5.126602, "delta": 0.010034}}
{"target": -142.5070460908777, "params": {"gamma": 0.9050067472322914, "prior": 1.376862243008533, "rate": 1.0535200041012063}, "datetime": {"datetime": "2024-06-14 19:13:30", "elapsed": 5.136084, "delta": 0.009482}}
{"target": -159.8611460294049, "params": {"gamma": 1.7281019057654774, "prior": 1.3516658138678819, "rate": 7.783230599786209}, "datetime": {"datetime": "2024-06-14 19:13:30", "elapsed": 5.14506, "delta": 0.008976}}
{"target": -146.3905245217657, "params": {"gamma": 0.39507571033225836, "prior": 2.491428331674554, "rate": 8.790784947183296}, "datetime": {"datetime": "2024-06-14 19:13:30", "elapsed": 5.154036, "delta": 0.008976}}
{"target": -467.8487595443614, "params": {"gamma": 9.7352150895021, "prior": 6.093677876497776, "rate": 9.762406407339324}, "datetime": {"datetime": "2024-06-14 19:13:30", "elapsed": 5.163012, "delta": 0.008976}}
{"target": -144.91632666517796, "params": {"gamma": 0.43547196560805285, "prior": 9.490870406922475, "rate": 3.113649528479215}, "datetime": {"datetime": "2024-06-14 19:13:30", "elapsed": 5.171988, "delta": 0.008976}}
{"target": -368.50303476340684, "params": {"gamma": 7.989929430775569, "prior": 8.125228124124325, "rate": 8.600125917211868}, "datetime": {"datetime": "2024-06-14 19:13:30", "elapsed": 5.180964, "delta": 0.008976}}
{"target": -211.87640031414418, "params": {"gamma": 4.586049558214109, "prior": 9.313379482437938, "rate": 2.579671951285972}, "datetime": {"datetime": "2024-06-14 19:13:30", "elapsed": 5.190937, "delta": 0.009973}}
{"target": -449.5820803364478, "params": {"gamma": 9.344520479803316, "prior": 6.229284369191439, "rate": 9.85446370453336}, "datetime": {"datetime": "2024-06-14 19:13:30", "elapsed": 5.199913, "delta": 0.008976}}
{"target": -146.53761588180032, "params": {"gamma": 0.3274060157599613, "prior": 7.279149922443812, "rate": 5.655976799568431}, "datetime": {"datetime": "2024-06-14 19:13:30", "elapsed": 5.208889, "delta": 0.008976}}
{"target": -251.39487727712537, "params": {"gamma": 4.924748049935798, "prior": 2.6662594439422964, "rate": 3.268980017978885}, "datetime": {"datetime": "2024-06-14 19:13:30", "elapsed": 5.217865, "delta": 0.008976}}
{"target": -178.9798115810526, "params": {"gamma": 2.495372604807176, "prior": 2.270752312218102, "rate": 7.996808714410864}, "datetime": {"datetime": "2024-06-14 19:13:30", "elapsed": 5.226841, "delta": 0.008976}}
{"target": -306.93910551891435, "params": {"gamma": 5.024447663976686, "prior": 0.9235798981002775, "rate": 7.770064936081777}, "datetime": {"datetime": "2024-06-14 19:13:30", "elapsed": 5.236815, "delta": 0.009974}}
{"target": -251.21640703523872, "params": {"gamma": 5.336957111761226, "prior": 7.419939094729182, "rate": 5.154421537738071}, "datetime": {"datetime": "2024-06-14 19:13:30", "elapsed": 5.245791, "delta": 0.008976}}
{"target": -192.4687322625327, "params": {"gamma": 4.0000592939273325, "prior": 9.86384314611932, "rate": 0.2833979590089639}, "datetime": {"datetime": "2024-06-14 19:13:30", "elapsed": 5.254767, "delta": 0.008976}}
{"target": -372.2762759567521, "params": {"gamma": 9.327706315740619, "prior": 9.315464180823684, "rate": 3.909796196303079}, "datetime": {"datetime": "2024-06-14 19:13:30", "elapsed": 5.263743, "delta": 0.008976}}
{"target": -152.47159557485907, "params": {"gamma": 2.145434246462065, "prior": 6.230211649539066, "rate": 1.7805453823662243}, "datetime": {"datetime": "2024-06-14 19:13:30", "elapsed": 5.272719, "delta": 0.008976}}
{"target": -372.8370337998874, "params": {"gamma": 8.032278735085756, "prior": 2.613945173189579, "rate": 2.9087707441717465}, "datetime": {"datetime": "2024-06-14 19:13:30", "elapsed": 5.281724, "delta": 0.009005}}
{"target": -383.07943218122034, "params": {"gamma": 9.15924198430956, "prior": 9.038876651396649, "rate": 5.354273536413487}, "datetime": {"datetime": "2024-06-14 19:13:30", "elapsed": 5.291668, "delta": 0.009944}}
{"target": -449.634617520759, "params": {"gamma": 8.628526966805577, "prior": 3.5900724311701118, "rate": 9.978844897970799}, "datetime": {"datetime": "2024-06-14 19:13:30", "elapsed": 5.300645, "delta": 0.008977}}
{"target": -201.48961233514743, "params": {"gamma": 4.337463704310366, "prior": 3.0186389168051044, "rate": 0.4167007652577235}, "datetime": {"datetime": "2024-06-14 19:13:30", "elapsed": 5.30962, "delta": 0.008975}}
{"target": -473.3818784591344, "params": {"gamma": 9.897079830913631, "prior": 4.702387546027041, "rate": 7.346115555489657}, "datetime": {"datetime": "2024-06-14 19:13:30", "elapsed": 5.318596, "delta": 0.008976}}
{"target": -255.7730050752662, "params": {"gamma": 6.408435432834701, "prior": 7.258624656693496, "rate": 0.5120579273573367}, "datetime": {"datetime": "2024-06-14 19:13:30", "elapsed": 5.327572, "delta": 0.008976}}
{"target": -384.83783159655366, "params": {"gamma": 9.200534008691728, "prior": 9.275728057232191, "rate": 5.520398276514817}, "datetime": {"datetime": "2024-06-14 19:13:30", "elapsed": 5.337575, "delta": 0.010003}}
{"target": -480.93116209052766, "params": {"gamma": 9.639194970956826, "prior": 2.881459816204638, "rate": 6.0218641247383164}, "datetime": {"datetime": "2024-06-14 19:13:30", "elapsed": 5.346521, "delta": 0.008946}}
{"target": -199.68700178636743, "params": {"gamma": 3.9652304378361865, "prior": 6.317429994376759, "rate": 3.0070222529489574}, "datetime": {"datetime": "2024-06-14 19:13:30", "elapsed": 5.355497, "delta": 0.008976}}
{"target": -343.1167634890792, "params": {"gamma": 8.193764488175546, "prior": 0.7908811871916644, "rate": 0.4197338254296628}, "datetime": {"datetime": "2024-06-14 19:13:30", "elapsed": 5.365471, "delta": 0.009974}}
{"target": -145.33916486480234, "params": {"gamma": 0.49491444994850975, "prior": 1.5895047808398683, "rate": 3.954109387473109}, "datetime": {"datetime": "2024-06-14 19:13:30", "elapsed": 5.374447, "delta": 0.008976}}
{"target": -533.1306990319598, "params": {"gamma": 9.553944502582489, "prior": 1.1968748529899662, "rate": 6.475882305178456}, "datetime": {"datetime": "2024-06-14 19:13:30", "elapsed": 5.383423, "delta": 0.008976}}
{"target": -243.5792115445262, "params": {"gamma": 5.276687463055037, "prior": 3.5970998192322843, "rate": 1.9827940939725983}, "datetime": {"datetime": "2024-06-14 19:13:30", "elapsed": 5.392399, "delta": 0.008976}}
{"target": -180.38352839140785, "params": {"gamma": 2.20672022439151, "prior": 0.5338329462987547, "rate": 7.131926567624986}, "datetime": {"datetime": "2024-06-14 19:13:30", "elapsed": 5.401375, "delta": 0.008976}}
{"target": -326.80415811730177, "params": {"gamma": 6.538748151763354, "prior": 4.493320947974752, "rate": 7.189675941410347}, "datetime": {"datetime": "2024-06-14 19:13:30", "elapsed": 5.411348, "delta": 0.009973}}
{"target": -143.19858652488165, "params": {"gamma": 1.100649748480759, "prior": 9.393319816352417, "rate": 8.476419465684636}, "datetime": {"datetime": "2024-06-14 19:13:30", "elapsed": 5.420324, "delta": 0.008976}}
{"target": -312.98553824502034, "params": {"gamma": 6.590697560999168, "prior": 3.8504285697511453, "rate": 4.16625072341846}, "datetime": {"datetime": "2024-06-14 19:13:30", "elapsed": 5.4293, "delta": 0.008976}}
{"target": -240.0979823585294, "params": {"gamma": 4.822057067652517, "prior": 9.359309323067325, "rate": 8.636065956226108}, "datetime": {"datetime": "2024-06-14 19:13:30", "elapsed": 5.439273, "delta": 0.009973}}
{"target": -252.3220081403381, "params": {"gamma": 4.779760568316378, "prior": 5.589733132953853, "rate": 8.754163218930938}, "datetime": {"datetime": "2024-06-14 19:13:30", "elapsed": 5.44825, "delta": 0.008977}}
{"target": -436.324405869147, "params": {"gamma": 9.492695073289129, "prior": 6.427929083095635, "rate": 7.485454680577448}, "datetime": {"datetime": "2024-06-14 19:13:30", "elapsed": 5.457225, "delta": 0.008975}}
{"target": -194.98572130925498, "params": {"gamma": 3.516897438698066, "prior": 9.188480358953182, "rate": 8.367683746488458}, "datetime": {"datetime": "2024-06-14 19:13:30", "elapsed": 5.466202, "delta": 0.008977}}
{"target": -267.6688249216427, "params": {"gamma": 5.521006756366404, "prior": 8.68950937519022, "rate": 8.498868942521883}, "datetime": {"datetime": "2024-06-14 19:13:30", "elapsed": 5.475177, "delta": 0.008975}}
{"target": -439.1264600144, "params": {"gamma": 8.084305154704811, "prior": 1.393858961534142, "rate": 5.3604897456433}, "datetime": {"datetime": "2024-06-14 19:13:30", "elapsed": 5.485151, "delta": 0.009974}}
{"target": -373.29447151206006, "params": {"gamma": 9.007930363954452, "prior": 7.73123512248292, "rate": 4.207711277052893}, "datetime": {"datetime": "2024-06-14 19:13:30", "elapsed": 5.494127, "delta": 0.008976}}
{"target": -455.34249880924415, "params": {"gamma": 9.778826053206298, "prior": 2.5826542510627224, "rate": 3.336768678250129}, "datetime": {"datetime": "2024-06-14 19:13:30", "elapsed": 5.503103, "delta": 0.008976}}
{"target": -435.33839055291713, "params": {"gamma": 9.54205087378846, "prior": 8.106281947034368, "rate": 9.003499705102108}, "datetime": {"datetime": "2024-06-14 19:13:30", "elapsed": 5.513076, "delta": 0.009973}}
{"target": -150.0336830314281, "params": {"gamma": 0.11688430450954196, "prior": 3.859667887036548, "rate": 2.355984044142083}, "datetime": {"datetime": "2024-06-14 19:13:30", "elapsed": 5.522052, "delta": 0.008976}}
{"target": -178.87490448983544, "params": {"gamma": 2.9600545838222256, "prior": 7.406155414398024, "rate": 7.241124363795878}, "datetime": {"datetime": "2024-06-14 19:13:30", "elapsed": 5.531028, "delta": 0.008976}}
{"target": -245.97215688427931, "params": {"gamma": 4.618532302580416, "prior": 3.716217165950228, "rate": 5.847331438432254}, "datetime": {"datetime": "2024-06-14 19:13:30", "elapsed": 5.540004, "delta": 0.008976}}
{"target": -264.47559520615823, "params": {"gamma": 5.33754383858813, "prior": 5.550737634177834, "rate": 6.155155234075464}, "datetime": {"datetime": "2024-06-14 19:13:30", "elapsed": 5.548981, "delta": 0.008977}}
