{"target": -224.8809191606961, "params": {"p_ai": 4.170803025021038, "p_al": 7.20352460992814, "p_ex": 0.002143633798631522, "prior": 3.024023393745766, "rate": 1.4684121522803133}, "datetime": {"datetime": "2024-06-12 22:24:45", "elapsed": 0.0, "delta": 0.0}}
{"target": -125.5412683423921, "params": {"p_ai": 0.9242936090932092, "p_al": 1.8634158535653313, "p_ex": 3.4562617097034343, "prior": 3.968277974832469, "rate": 5.388628523299567}, "datetime": {"datetime": "2024-06-12 22:24:45", "elapsed": 0.112022, "delta": 0.112022}}
{"target": -184.34468942158765, "params": {"p_ai": 4.192525949518545, "p_al": 6.852509784467199, "p_ex": 2.045318045065443, "prior": 8.781296246473064, "rate": 0.2748485443860637}, "datetime": {"datetime": "2024-06-12 22:24:45", "elapsed": 0.224724, "delta": 0.112702}}
{"target": -197.7166793499489, "params": {"p_ai": 6.705004634273845, "p_al": 4.173630718868903, "p_ex": 5.587339594629071, "prior": 1.4047289990137424, "rate": 1.981816789359703}, "datetime": {"datetime": "2024-06-12 22:24:45", "elapsed": 0.336473, "delta": 0.111749}}
{"target": -227.14368104162614, "params": {"p_ai": 8.00764494218669, "p_al": 9.682647495618255, "p_ex": 3.1349283574142692, "prior": 6.923533834077472, "rate": 8.764015133808087}, "datetime": {"datetime": "2024-06-12 22:24:45", "elapsed": 0.448142, "delta": 0.111669}}
{"target": -257.0462110686415, "params": {"p_ai": 8.946172028374969, "p_al": 0.8513570694864094, "p_ex": 0.39150877754559077, "prior": 1.6991343652261244, "rate": 8.781546891790702}, "datetime": {"datetime": "2024-06-12 22:24:46", "elapsed": 0.560349, "delta": 0.112207}}
{"target": -124.75628608762716, "params": {"p_ai": 0.9843699914966679, "p_al": 4.211655142425517, "p_ex": 9.578937411974868, "prior": 5.332119684445198, "rate": 6.919079262390784}, "datetime": {"datetime": "2024-06-12 22:24:46", "elapsed": 0.672051, "delta": 0.111702}}
{"target": -123.51278992275235, "params": {"p_ai": 3.1558407944296234, "p_al": 6.865322775888155, "p_ex": 8.346422093301832, "prior": 0.18386448516457388, "rate": 7.50169300513473}, "datetime": {"datetime": "2024-06-12 22:24:46", "elapsed": 0.782754, "delta": 0.110703}}
{"target": -289.36071294907737, "params": {"p_ai": 9.88862202797604, "p_al": 7.4819083781440145, "p_ex": 2.8051594766519874, "prior": 7.893004005186435, "rate": 1.0331568397698425}, "datetime": {"datetime": "2024-06-12 22:24:46", "elapsed": 0.897925, "delta": 0.115171}}
{"target": -226.34402414542015, "params": {"p_ai": 4.479487368232876, "p_al": 9.086046435427862, "p_ex": 2.9368478695884215, "prior": 2.878465610524901, "rate": 1.3011556926106584}, "datetime": {"datetime": "2024-06-12 22:24:46", "elapsed": 1.010821, "delta": 0.112896}}
{"target": -141.14770869936282, "params": {"p_ai": 0.19465021174510047, "p_al": 6.78867649386597, "p_ex": 2.1170695318845905, "prior": 2.65620104706289, "rate": 4.916240019644103}, "datetime": {"datetime": "2024-06-12 22:24:46", "elapsed": 1.122493, "delta": 0.111672}}
{"target": -139.51643368958187, "params": {"p_ai": 0.5345720886256868, "p_al": 5.741601937314639, "p_ex": 1.4681390204831957, "prior": 5.89346606349594, "rate": 6.9978838418492915}, "datetime": {"datetime": "2024-06-12 22:24:46", "elapsed": 1.235221, "delta": 0.112728}}
{"target": -148.04444248588393, "params": {"p_ai": 1.0242419538494305, "p_al": 4.141145822207864, "p_ex": 6.9443071771197245, "prior": 4.1423785159995, "rate": 0.5004846360019255}, "datetime": {"datetime": "2024-06-12 22:24:46", "elapsed": 1.348074, "delta": 0.112853}}
{"target": -161.21235141508026, "params": {"p_ai": 5.359428162749201, "p_al": 6.638282657552669, "p_ex": 5.149376231471028, "prior": 9.446002965152143, "rate": 5.865963849979428}, "datetime": {"datetime": "2024-06-12 22:24:46", "elapsed": 1.459612, "delta": 0.111538}}
{"target": -254.89307058500677, "params": {"p_ai": 9.034115750963547, "p_al": 1.3756095667582289, "p_ex": 1.3936241961603346, "prior": 8.074105495806528, "rate": 3.9773706930183503}, "datetime": {"datetime": "2024-06-12 22:24:47", "elapsed": 1.572311, "delta": 0.112699}}
{"target": -128.79605431224576, "params": {"p_ai": 1.6543766169722107, "p_al": 9.275158295379942, "p_ex": 3.47831083159532, "prior": 7.50837021925842, "rate": 7.2602538555191645}, "datetime": {"datetime": "2024-06-12 22:24:47", "elapsed": 1.684538, "delta": 0.112227}}
{"target": -223.41235981015174, "params": {"p_ai": 8.833177605966892, "p_al": 6.237098398349034, "p_ex": 7.509673397839345, "prior": 3.4896345214364475, "rate": 2.7000089897584956}, "datetime": {"datetime": "2024-06-12 22:24:47", "elapsed": 1.797237, "delta": 0.112699}}
{"target": -202.85974399166955, "params": {"p_ai": 8.958966295742472, "p_al": 4.281483807523078, "p_ex": 9.648435631436707, "prior": 6.634751536686663, "rate": 6.217335506371009}, "datetime": {"datetime": "2024-06-12 22:24:47", "elapsed": 1.908938, "delta": 0.111701}}
{"target": -131.87447262531808, "params": {"p_ai": 1.1483449835607984, "p_al": 9.494943097812005, "p_ex": 4.499671422665926, "prior": 5.784317754256931, "rate": 4.081959890810051}, "datetime": {"datetime": "2024-06-12 22:24:47", "elapsed": 2.020887, "delta": 0.111949}}
{"target": -169.47784264405962, "params": {"p_ai": 2.371032775450034, "p_al": 9.033891826101975, "p_ex": 5.737221187236187, "prior": 0.029700399984558545, "rate": 6.171831991293619}, "datetime": {"datetime": "2024-06-12 22:24:47", "elapsed": 2.133835, "delta": 0.112948}}
{"target": -114.68176109486005, "params": {"p_ai": 3.2671223728191894, "p_al": 5.271053964473836, "p_ex": 8.859535051008434, "prior": 3.5733403302649953, "rate": 9.085442974047073}, "datetime": {"datetime": "2024-06-12 22:24:47", "elapsed": 2.244857, "delta": 0.111022}}
{"target": -151.34233792027447, "params": {"p_ai": 6.233977797802236, "p_al": 0.15919660722271628, "p_ex": 9.294442900203869, "prior": 6.9092782782517235, "rate": 9.973231181664353}, "datetime": {"datetime": "2024-06-12 22:24:47", "elapsed": 2.35659, "delta": 0.111733}}
{"target": -144.77867554641762, "params": {"p_ai": 1.7242327429449402, "p_al": 1.3722203605391488, "p_ex": 9.326022034908599, "prior": 6.9684847967375125, "rate": 0.6609357270479028}, "datetime": {"datetime": "2024-06-12 22:24:47", "elapsed": 2.469526, "delta": 0.112936}}
{"target": -199.72498522567489, "params": {"p_ai": 7.554875062972062, "p_al": 7.539008008424004, "p_ex": 9.230322330929287, "prior": 7.11553606152609, "rate": 1.2435853487596746}, "datetime": {"datetime": "2024-06-12 22:24:48", "elapsed": 2.581229, "delta": 0.111703}}
{"target": -146.6701876762961, "params": {"p_ai": 0.1997814582641161, "p_al": 0.26308365779031506, "p_ex": 0.2840365737199253, "prior": 2.462864464962856, "rate": 8.600419458880197}, "datetime": {"datetime": "2024-06-12 22:24:48", "elapsed": 2.693639, "delta": 0.11241}}
{"target": -158.28821185266753, "params": {"p_ai": 5.3887718123521875, "p_al": 5.5286669648789735, "p_ex": 8.420466892703697, "prior": 1.2426089778839915, "rate": 2.792557606432384}, "datetime": {"datetime": "2024-06-12 22:24:48", "elapsed": 2.8054, "delta": 0.111761}}
{"target": -178.44740323163896, "params": {"p_ai": 5.858006955311422, "p_al": 9.695987887448426, "p_ex": 5.6107411623378445, "prior": 0.1874542464400573, "rate": 8.006526094133482}, "datetime": {"datetime": "2024-06-12 22:24:48", "elapsed": 2.916611, "delta": 0.111211}}
{"target": -128.2516408458227, "params": {"p_ai": 2.3305097641363632, "p_al": 8.071244850992173, "p_ex": 3.8792185799976533, "prior": 8.635555003739727, "rate": 7.4714693057291095}, "datetime": {"datetime": "2024-06-12 22:24:48", "elapsed": 3.028102, "delta": 0.111491}}
{"target": -216.49095897979703, "params": {"p_ai": 5.562846099670199, "p_al": 1.3654158013811895, "p_ex": 0.6001169774326044, "prior": 1.2143132139516326, "rate": 0.4464742335690725}, "datetime": {"datetime": "2024-06-12 22:24:48", "elapsed": 3.139905, "delta": 0.111803}}
{"target": -156.1685700973829, "params": {"p_ai": 1.075833796931823, "p_al": 2.2578676767399393, "p_ex": 7.130176814846385, "prior": 5.597610103559371, "rate": 0.12654724561099942}, "datetime": {"datetime": "2024-06-12 22:24:48", "elapsed": 3.25061, "delta": 0.110705}}
{"target": -143.35365957222487, "params": {"p_ai": 0.7206708226151783, "p_al": 9.67279602367272, "p_ex": 5.6814365187375016, "prior": 2.033729053375244, "rate": 2.5240051199586637}, "datetime": {"datetime": "2024-06-12 22:24:48", "elapsed": 3.362858, "delta": 0.112248}}
{"target": -189.58003154070218, "params": {"p_ai": 7.438514714896855, "p_al": 1.9550993816120785, "p_ex": 5.814007913805305, "prior": 9.700229870894034, "rate": 8.468441186098863}, "datetime": {"datetime": "2024-06-12 22:24:48", "elapsed": 3.473644, "delta": 0.110786}}
{"target": -133.4885553592513, "params": {"p_ai": 2.399237743716714, "p_al": 4.938203372973032, "p_ex": 6.199937228095417, "prior": 8.289980014602238, "rate": 1.5687571550661965}, "datetime": {"datetime": "2024-06-12 22:24:49", "elapsed": 3.584348, "delta": 0.110704}}
{"target": -137.20385260283427, "params": {"p_ai": 0.18674344557191777, "p_al": 0.7011514150485041, "p_ex": 4.863964764259381, "prior": 6.063688287071651, "rate": 5.688945519427728}, "datetime": {"datetime": "2024-06-12 22:24:49", "elapsed": 3.69608, "delta": 0.111732}}
{"target": -132.1631961422796, "params": {"p_ai": 3.1743067308122854, "p_al": 9.886172927970076, "p_ex": 5.797872447238724, "prior": 3.8020315850628807, "rate": 5.509931242959851}, "datetime": {"datetime": "2024-06-12 22:24:49", "elapsed": 3.814732, "delta": 0.118652}}
{"target": -252.9789516790889, "params": {"p_ai": 7.453598974634115, "p_al": 6.6926597016383935, "p_ex": 2.6499306570704313, "prior": 0.6642820094499873, "rate": 3.701471894943149}, "datetime": {"datetime": "2024-06-12 22:24:49", "elapsed": 3.935015, "delta": 0.120283}}
{"target": -165.24959387638214, "params": {"p_ai": 6.297545352708624, "p_al": 2.102529925138481, "p_ex": 7.5278027818344, "prior": 0.6662982770597953, "rate": 2.603890670686831}, "datetime": {"datetime": "2024-06-12 22:24:49", "elapsed": 4.048276, "delta": 0.113261}}
{"target": -197.08906328295953, "params": {"p_ai": 8.04774088286971, "p_al": 1.935149391950654, "p_ex": 6.394969347918522, "prior": 5.247178420928214, "rate": 9.248154896023108}, "datetime": {"datetime": "2024-06-12 22:24:49", "elapsed": 4.163966, "delta": 0.11569}}
{"target": -113.67630454539776, "params": {"p_ai": 2.633704408100623, "p_al": 0.6605449457495538, "p_ex": 7.350924566923407, "prior": 7.722008117402925, "rate": 9.078250709182736}, "datetime": {"datetime": "2024-06-12 22:24:49", "elapsed": 4.274671, "delta": 0.110705}}
{"target": -247.37715556776652, "params": {"p_ai": 9.319788719899176, "p_al": 0.14050177818299456, "p_ex": 2.344386499128084, "prior": 6.1681667916595755, "rate": 9.490214190555477}, "datetime": {"datetime": "2024-06-12 22:24:49", "elapsed": 4.385881, "delta": 0.11121}}
{"target": -218.7372642442098, "params": {"p_ai": 9.50181101635155, "p_al": 5.566975228763369, "p_ex": 9.15614789131298, "prior": 6.41602052325443, "rate": 3.9006871336983213}, "datetime": {"datetime": "2024-06-12 22:24:49", "elapsed": 4.497989, "delta": 0.112108}}
{"target": -146.45365410454838, "params": {"p_ai": 4.860420680302001, "p_al": 6.043500518716813, "p_ex": 5.495929667164118, "prior": 9.26188808563783, "rate": 9.187415622900428}, "datetime": {"datetime": "2024-06-12 22:24:50", "elapsed": 4.610328, "delta": 0.112339}}
{"target": -295.1027452318571, "params": {"p_ai": 3.9493612536226252, "p_al": 9.632662021878676, "p_ex": 1.740382711137963, "prior": 1.2641688648769336, "rate": 1.3516565013092665}, "datetime": {"datetime": "2024-06-12 22:24:50", "elapsed": 4.721705, "delta": 0.111377}}
{"target": -149.93428449713062, "params": {"p_ai": 5.057115994603291, "p_al": 0.2162265279367056, "p_ex": 9.479754141965593, "prior": 8.271327596236153, "rate": 0.15117478844048168}, "datetime": {"datetime": "2024-06-12 22:24:50", "elapsed": 4.833407, "delta": 0.111702}}
{"target": -140.83865936755174, "params": {"p_ai": 1.7627863594949775, "p_al": 3.3213036800940032, "p_ex": 1.310837451264358, "prior": 8.095097430573695, "rate": 3.4480217901802512}, "datetime": {"datetime": "2024-06-12 22:24:50", "elapsed": 4.945639, "delta": 0.112232}}
{"target": -215.25010508000912, "params": {"p_ai": 9.401134715851338, "p_al": 5.820559785290854, "p_ex": 8.78844101213403, "prior": 8.447499719476827, "rate": 9.054017794767784}, "datetime": {"datetime": "2024-06-12 22:24:50", "elapsed": 5.056931, "delta": 0.111292}}
{"target": -134.3836432448675, "params": {"p_ai": 4.599342777902254, "p_al": 5.463921813387713, "p_ex": 7.986237307929242, "prior": 2.8579027984897416, "rate": 4.903044972676658}, "datetime": {"datetime": "2024-06-12 22:24:50", "elapsed": 5.170135, "delta": 0.113204}}
{"target": -159.45996727663348, "params": {"p_ai": 5.9915039661511384, "p_al": 0.15631722223280642, "p_ex": 5.935220600558176, "prior": 4.337329813545594, "rate": 8.073797928319529}, "datetime": {"datetime": "2024-06-12 22:24:50", "elapsed": 5.281347, "delta": 0.111212}}
{"target": -127.73152475363332, "params": {"p_ai": 3.153132786150634, "p_al": 8.928994196542988, "p_ex": 5.778994295630071, "prior": 1.8409180060730232, "rate": 7.8795044090212185}, "datetime": {"datetime": "2024-06-12 22:24:50", "elapsed": 5.392051, "delta": 0.110704}}
{"target": -171.9935096906733, "params": {"p_ai": 6.120699739272295, "p_al": 0.5400388114654558, "p_ex": 4.202516606331321, "prior": 6.791009296817731, "rate": 9.186099177997281}, "datetime": {"datetime": "2024-06-12 22:24:50", "elapsed": 5.503637, "delta": 0.111586}}
{"target": -144.01852835744498, "params": {"p_ai": 0.005019846888682974, "p_al": 9.767614731161565, "p_ex": 3.766426567142999, "prior": 9.737861600044868, "rate": 6.047556293639557}, "datetime": {"datetime": "2024-06-12 22:24:51", "elapsed": 5.614341, "delta": 0.110704}}
{"target": -208.78020632829447, "params": {"p_ai": 8.288629233998948, "p_al": 5.747540335576315, "p_ex": 6.281133906875198, "prior": 2.8564772406752437, "rate": 5.868746573220174}, "datetime": {"datetime": "2024-06-12 22:24:51", "elapsed": 5.726042, "delta": 0.111701}}
{"target": -185.8928635011226, "params": {"p_ai": 7.500467615262897, "p_al": 8.583280050453995, "p_ex": 7.551066802488335, "prior": 6.980874427224584, "rate": 8.644929821115943}, "datetime": {"datetime": "2024-06-12 22:24:51", "elapsed": 5.837004, "delta": 0.110962}}
{"target": -137.84164837899885, "params": {"p_ai": 3.2274872873706277, "p_al": 6.708217119085085, "p_ex": 4.509288490197079, "prior": 3.8216454175631407, "rate": 4.108702687871935}, "datetime": {"datetime": "2024-06-12 22:24:51", "elapsed": 5.948276, "delta": 0.111272}}
{"target": -127.44879885605802, "params": {"p_ai": 4.015394355111937, "p_al": 3.1745220756368107, "p_ex": 6.219571759835095, "prior": 4.303042460941823, "rate": 9.738046977194596}, "datetime": {"datetime": "2024-06-12 22:24:51", "elapsed": 6.059368, "delta": 0.111092}}
{"target": -183.90067834662233, "params": {"p_ai": 6.778331113451677, "p_al": 1.9865003143826816, "p_ex": 4.26758339247098, "prior": 3.4341190515044557, "rate": 7.976590400781708}, "datetime": {"datetime": "2024-06-12 22:24:51", "elapsed": 6.17107, "delta": 0.111702}}
{"target": -248.37168750887966, "params": {"p_ai": 8.800102887345755, "p_al": 9.038515716307893, "p_ex": 6.627535403940247, "prior": 2.702812412035548, "rate": 2.5244146483443926}, "datetime": {"datetime": "2024-06-12 22:24:51", "elapsed": 6.283768, "delta": 0.112698}}
{"target": -202.48427898566857, "params": {"p_ai": 8.549124529031326, "p_al": 5.277618748441158, "p_ex": 8.021808678961976, "prior": 5.725312683398872, "rate": 7.331692110349825}, "datetime": {"datetime": "2024-06-12 22:24:51", "elapsed": 6.394978, "delta": 0.11121}}
{"target": -165.25949118152195, "params": {"p_ai": 5.190597263013095, "p_al": 7.709068221108379, "p_ex": 5.689011049056451, "prior": 4.6576330760412175, "rate": 3.4275463906248644}, "datetime": {"datetime": "2024-06-12 22:24:51", "elapsed": 6.507076, "delta": 0.112098}}
{"target": -145.0784628753123, "params": {"p_ai": 0.6830252748186245, "p_al": 3.7798638691016704, "p_ex": 0.7971811509048254, "prior": 9.82818832019072, "rate": 1.816946900456307}, "datetime": {"datetime": "2024-06-12 22:24:52", "elapsed": 6.618779, "delta": 0.111703}}
{"target": -229.91431269238504, "params": {"p_ai": 8.118775118507678, "p_al": 8.749741487914026, "p_ex": 6.884444110607048, "prior": 5.695374633041013, "rate": 1.610553396719272}, "datetime": {"datetime": "2024-06-12 22:24:52", "elapsed": 6.730483, "delta": 0.111704}}
{"target": -170.17138875695213, "params": {"p_ai": 4.6693333476103005, "p_al": 3.452375339500995, "p_ex": 2.2511745381830317, "prior": 5.925526175789202, "rate": 3.1233861071814677}, "datetime": {"datetime": "2024-06-12 22:24:52", "elapsed": 6.842184, "delta": 0.111701}}
{"target": -352.418726575475, "params": {"p_ai": 9.163139229130039, "p_al": 9.09644561399062, "p_ex": 2.57192581952818, "prior": 1.109802116139548, "rate": 1.9304343574591094}, "datetime": {"datetime": "2024-06-12 22:24:52", "elapsed": 6.953487, "delta": 0.111303}}
{"target": -178.7888741771751, "params": {"p_ai": 4.996342122618183, "p_al": 7.286128094077989, "p_ex": 2.082736189649506, "prior": 2.48108755021393, "rate": 8.516867077488733}, "datetime": {"datetime": "2024-06-12 22:24:52", "elapsed": 7.06675, "delta": 0.113263}}
{"target": -172.64393676289174, "params": {"p_ai": 4.159071333957006, "p_al": 6.167233986485208, "p_ex": 2.3374277262532615, "prior": 1.0205706269985484, "rate": 5.159054312668331}, "datetime": {"datetime": "2024-06-12 22:24:52", "elapsed": 7.177962, "delta": 0.111212}}
{"target": -138.89337129073235, "params": {"p_ai": 4.771932729510774, "p_al": 1.5275637692875392, "p_ex": 6.218440511172415, "prior": 5.440557178020568, "rate": 6.541719332360473}, "datetime": {"datetime": "2024-06-12 22:24:52", "elapsed": 7.291166, "delta": 0.113204}}
{"target": -132.84604793728198, "params": {"p_ai": 1.4463108557064734, "p_al": 7.5155266435353045, "p_ex": 2.221269348859427, "prior": 5.193998891835965, "rate": 7.853174986187969}, "datetime": {"datetime": "2024-06-12 22:24:52", "elapsed": 7.402868, "delta": 0.111702}}
{"target": -147.54957802017978, "params": {"p_ai": 0.22428194949007, "p_al": 3.2443002348021386, "p_ex": 8.72935084162471, "prior": 8.447251366413093, "rate": 5.384867485352843}, "datetime": {"datetime": "2024-06-12 22:24:52", "elapsed": 7.514444, "delta": 0.111576}}
{"target": -235.76133603463313, "params": {"p_ai": 8.666216133390963, "p_al": 9.498110107544912, "p_ex": 8.264243569295784, "prior": 8.54130032292155, "rate": 0.9883352748016633}, "datetime": {"datetime": "2024-06-12 22:24:53", "elapsed": 7.626266, "delta": 0.111822}}
{"target": -208.50726130349236, "params": {"p_ai": 6.51339201907757, "p_al": 7.035466364538378, "p_ex": 6.102797885653651, "prior": 7.996353002098545, "rate": 0.3466776274964709}, "datetime": {"datetime": "2024-06-12 22:24:53", "elapsed": 7.759909, "delta": 0.133643}}
{"target": -230.3392472537742, "params": {"p_ai": 7.702617106815245, "p_al": 7.317554278794531, "p_ex": 2.5977242345902325, "prior": 2.571435918922645, "rate": 6.323400870983849}, "datetime": {"datetime": "2024-06-12 22:24:53", "elapsed": 7.872607, "delta": 0.112698}}
{"target": -132.47789581318415, "params": {"p_ai": 3.4536293184492246, "p_al": 7.966090191394868, "p_ex": 4.46201617380257, "prior": 7.827711398426936, "rate": 9.904727364454784}, "datetime": {"datetime": "2024-06-12 22:24:53", "elapsed": 7.984974, "delta": 0.112367}}
{"target": -112.42476352549501, "params": {"p_ai": 3.0031831469994668, "p_al": 1.4309152767527356, "p_ex": 9.01318305505639, "prior": 5.416052229494846, "rate": 9.747428968179968}, "datetime": {"datetime": "2024-06-12 22:24:53", "elapsed": 8.11071, "delta": 0.125736}}
{"target": -219.2180390172422, "params": {"p_ai": 6.366407395618971, "p_al": 9.939136333080178, "p_ex": 5.461161970625374, "prior": 5.264732913121308, "rate": 1.3551436028186268}, "datetime": {"datetime": "2024-06-12 22:24:53", "elapsed": 8.231386, "delta": 0.120676}}
{"target": -156.8518685771523, "params": {"p_ai": 3.5576960046678274, "p_al": 0.2631594543964365, "p_ex": 1.6047914000169714, "prior": 7.456626289882254, "rate": 0.3049664995979595}, "datetime": {"datetime": "2024-06-12 22:24:53", "elapsed": 8.347077, "delta": 0.115691}}
{"target": -145.30314326254907, "params": {"p_ai": 3.6660644293402, "p_al": 8.623600182127603, "p_ex": 6.927084497356036, "prior": 6.90973047851962, "rate": 1.8871793727521535}, "datetime": {"datetime": "2024-06-12 22:24:53", "elapsed": 8.461802, "delta": 0.114725}}
{"target": -134.60211857771213, "params": {"p_ai": 4.419600903203486, "p_al": 5.816192496035568, "p_ex": 9.897527324929388, "prior": 2.0398583461059854, "rate": 2.478081284721786}, "datetime": {"datetime": "2024-06-12 22:24:54", "elapsed": 8.585184, "delta": 0.123382}}
{"target": -142.86171032400975, "params": {"p_ai": 2.6224686646453463, "p_al": 7.50197396056663, "p_ex": 4.570296299029493, "prior": 0.5702374546725388, "rate": 5.085653889861787}, "datetime": {"datetime": "2024-06-12 22:24:54", "elapsed": 8.699832, "delta": 0.114648}}
{"target": -153.531328758701, "params": {"p_ai": 2.120389686272116, "p_al": 7.986243843357342, "p_ex": 2.9740164836912153, "prior": 0.2770325135330818, "rate": 5.934731062196747}, "datetime": {"datetime": "2024-06-12 22:24:54", "elapsed": 8.813601, "delta": 0.113769}}
{"target": -202.4664343625605, "params": {"p_ai": 8.438560448882956, "p_al": 3.81078022449808, "p_ex": 7.498833248950708, "prior": 5.111903641492986, "rate": 5.409977097816925}, "datetime": {"datetime": "2024-06-12 22:24:54", "elapsed": 8.924869, "delta": 0.111268}}
{"target": -293.0852058813475, "params": {"p_ai": 9.594383776296462, "p_al": 8.039804954094969, "p_ex": 0.3241983431691163, "prior": 7.09416312506172, "rate": 4.650549814153498}, "datetime": {"datetime": "2024-06-12 22:24:54", "elapsed": 9.036139, "delta": 0.11127}}
