{"target": -142.2062998076489, "params": {"gamma": 0.311939657480023, "prior": 5.754639817943711, "rate": 1.8055046214421606}, "datetime": {"datetime": "2024-06-14 05:32:40", "elapsed": 2.69917, "delta": 0.008976}}
{"target": -304.69217275325633, "params": {"gamma": 6.309961044194965, "prior": 9.811144389930757, "rate": 8.749150609572597}, "datetime": {"datetime": "2024-06-14 05:32:40", "elapsed": 2.708146, "delta": 0.008976}}
{"target": -224.27870838319572, "params": {"gamma": 4.518910657959286, "prior": 7.113762613512001, "rate": 7.77491003128189}, "datetime": {"datetime": "2024-06-14 05:32:40", "elapsed": 2.717122, "delta": 0.008976}}
{"target": -292.54307193280727, "params": {"gamma": 4.9489359987414545, "prior": 5.332481552757894, "rate": 1.5086931993235537}, "datetime": {"datetime": "2024-06-14 05:32:40", "elapsed": 2.726098, "delta": 0.008976}}
{"target": -183.87854242084836, "params": {"gamma": 3.6946298561934507, "prior": 1.5079904054205882, "rate": 7.269210639692282}, "datetime": {"datetime": "2024-06-14 05:32:40", "elapsed": 2.735074, "delta": 0.008976}}
{"target": -223.55446882794277, "params": {"gamma": 4.770652931028231, "prior": 4.543900483396978, "rate": 8.860093713682348}, "datetime": {"datetime": "2024-06-14 05:32:40", "elapsed": 2.74405, "delta": 0.008976}}
{"target": -273.3479663853252, "params": {"gamma": 5.2766601043433035, "prior": 4.149999235976913, "rate": 2.6896513301042457}, "datetime": {"datetime": "2024-06-14 05:32:40", "elapsed": 2.753027, "delta": 0.008977}}
{"target": -155.86399779898986, "params": {"gamma": 0.7210483396625298, "prior": 4.239547723880626, "rate": 0.25850907058342715}, "datetime": {"datetime": "2024-06-14 05:32:40", "elapsed": 2.762002, "delta": 0.008975}}
{"target": -160.4362178194529, "params": {"gamma": 2.912248251583728, "prior": 5.084744147499125, "rate": 9.659364717132203}, "datetime": {"datetime": "2024-06-14 05:32:40", "elapsed": 2.770978, "delta": 0.008976}}
{"target": -127.33651122068419, "params": {"gamma": 1.0947197590216522, "prior": 6.7631064367445575, "rate": 4.999823778620901}, "datetime": {"datetime": "2024-06-14 05:32:40", "elapsed": 2.779954, "delta": 0.008976}}
{"target": -400.95398502038495, "params": {"gamma": 7.771205194528555, "prior": 1.521709278954672, "rate": 0.8329431617223197}, "datetime": {"datetime": "2024-06-14 05:32:40", "elapsed": 2.78893, "delta": 0.008976}}
{"target": -249.61270352785706, "params": {"gamma": 3.9927868349191855, "prior": 7.989926294601011, "rate": 1.917565713359991}, "datetime": {"datetime": "2024-06-14 05:32:40", "elapsed": 2.797906, "delta": 0.008976}}
{"target": -376.84108184171913, "params": {"gamma": 7.678004144280593, "prior": 2.9739501709124956, "rate": 2.1696979846303415}, "datetime": {"datetime": "2024-06-14 05:32:40", "elapsed": 2.806882, "delta": 0.008976}}
{"target": -141.87153327005177, "params": {"gamma": 0.1681391751809873, "prior": 4.046724693231549, "rate": 3.8114338314432303}, "datetime": {"datetime": "2024-06-14 05:32:41", "elapsed": 2.816855, "delta": 0.009973}}
{"target": -291.09880212019544, "params": {"gamma": 6.593790017017453, "prior": 0.8020921646568335, "rate": 1.5268872664356763}, "datetime": {"datetime": "2024-06-14 05:32:41", "elapsed": 2.825832, "delta": 0.008977}}
{"target": -137.70908885346716, "params": {"gamma": 0.16674225312644053, "prior": 1.2265839288293277, "rate": 6.518240970824895}, "datetime": {"datetime": "2024-06-14 05:32:41", "elapsed": 2.834809, "delta": 0.008977}}
{"target": -198.55724947780024, "params": {"gamma": 4.027165864897017, "prior": 3.278160510256427, "rate": 5.579562030443482}, "datetime": {"datetime": "2024-06-14 05:32:41", "elapsed": 2.843784, "delta": 0.008975}}
{"target": -469.48851875793497, "params": {"gamma": 9.9346111705354, "prior": 8.361416488778493, "rate": 6.99653220081344}, "datetime": {"datetime": "2024-06-14 05:32:41", "elapsed": 2.85276, "delta": 0.008976}}
{"target": -400.41746123942914, "params": {"gamma": 9.182667632731448, "prior": 0.4933141961625397, "rate": 0.7042640827136369}, "datetime": {"datetime": "2024-06-14 05:32:41", "elapsed": 2.861736, "delta": 0.008976}}
{"target": -220.1988033953144, "params": {"gamma": 4.740588893590559, "prior": 3.5567573882750656, "rate": 9.37258336922236}, "datetime": {"datetime": "2024-06-14 05:32:41", "elapsed": 2.870712, "delta": 0.008976}}
{"target": -230.36180746051713, "params": {"gamma": 4.896160046490541, "prior": 5.442526189924171, "rate": 8.952708396946477}, "datetime": {"datetime": "2024-06-14 05:32:41", "elapsed": 2.879688, "delta": 0.008976}}
{"target": -267.04606522875, "params": {"gamma": 4.466903823191082, "prior": 8.782640453776484, "rate": 2.536563911966912}, "datetime": {"datetime": "2024-06-14 05:32:41", "elapsed": 2.888664, "delta": 0.008976}}
{"target": -156.08951192271584, "params": {"gamma": 2.7388232318769274, "prior": 3.3507777618671426, "rate": 5.476095140539054}, "datetime": {"datetime": "2024-06-14 05:32:41", "elapsed": 2.89764, "delta": 0.008976}}
{"target": -173.48742006480748, "params": {"gamma": 2.2020666115957854, "prior": 6.747148793704605, "rate": 1.4287900347472011}, "datetime": {"datetime": "2024-06-14 05:32:41", "elapsed": 2.906616, "delta": 0.008976}}
{"target": -139.28563140870318, "params": {"gamma": 0.9419086447218946, "prior": 8.714898287433238, "rate": 2.3694501668664283}, "datetime": {"datetime": "2024-06-14 05:32:41", "elapsed": 2.915592, "delta": 0.008976}}
{"target": -202.96233091693858, "params": {"gamma": 3.8606541062149327, "prior": 5.758266717980789, "rate": 5.258493897544749}, "datetime": {"datetime": "2024-06-14 05:32:41", "elapsed": 2.924568, "delta": 0.008976}}
{"target": -123.94964359985599, "params": {"gamma": 0.7611627705416266, "prior": 8.75384676242048, "rate": 9.511405048568502}, "datetime": {"datetime": "2024-06-14 05:32:41", "elapsed": 2.933544, "delta": 0.008976}}
{"target": -350.1961604078546, "params": {"gamma": 8.125260534442543, "prior": 2.9096381659740556, "rate": 5.278940114383477}, "datetime": {"datetime": "2024-06-14 05:32:41", "elapsed": 2.941522, "delta": 0.007978}}
{"target": -176.60900224687376, "params": {"gamma": 3.394827823452077, "prior": 5.5912063767979, "rate": 9.744060285661112}, "datetime": {"datetime": "2024-06-14 05:32:41", "elapsed": 2.951496, "delta": 0.009974}}
{"target": -189.00743308067072, "params": {"gamma": 3.1177174742720952, "prior": 6.72108639863641, "rate": 3.26034610588255}, "datetime": {"datetime": "2024-06-14 05:32:41", "elapsed": 2.960472, "delta": 0.008976}}
{"target": -329.7437941392004, "params": {"gamma": 7.744998182884782, "prior": 3.325518669470728, "rate": 8.898383587132303}, "datetime": {"datetime": "2024-06-14 05:32:41", "elapsed": 2.969448, "delta": 0.008976}}
{"target": -380.8088059795669, "params": {"gamma": 7.51732550147175, "prior": 7.650057744906595, "rate": 4.695320806570698}, "datetime": {"datetime": "2024-06-14 05:32:41", "elapsed": 2.978424, "delta": 0.008976}}
{"target": -136.18873976917354, "params": {"gamma": 2.108434260184585, "prior": 0.5106032878073389, "rate": 3.218966170902475}, "datetime": {"datetime": "2024-06-14 05:32:41", "elapsed": 2.9874, "delta": 0.008976}}
{"target": -132.76590345378997, "params": {"gamma": 0.3720895322754502, "prior": 6.969168572601607, "rate": 6.703829969329749}, "datetime": {"datetime": "2024-06-14 05:32:41", "elapsed": 2.996376, "delta": 0.008976}}
{"target": -228.22623625781705, "params": {"gamma": 4.305287355667006, "prior": 7.701110878815912, "rate": 5.360548938900898}, "datetime": {"datetime": "2024-06-14 05:32:41", "elapsed": 3.005351, "delta": 0.008975}}
{"target": -129.84070962090775, "params": {"gamma": 0.3995594064278903, "prior": 1.4344518678107228, "rate": 1.9349705737501688}, "datetime": {"datetime": "2024-06-14 05:32:41", "elapsed": 3.014328, "delta": 0.008977}}
{"target": -175.1207974248371, "params": {"gamma": 3.357302347845333, "prior": 0.6178981697310199, "rate": 6.051562688223163}, "datetime": {"datetime": "2024-06-14 05:32:41", "elapsed": 3.023303, "delta": 0.008975}}
{"target": -263.5113631650934, "params": {"gamma": 5.121098214211664, "prior": 6.212864018969845, "rate": 4.324123592048677}, "datetime": {"datetime": "2024-06-14 05:32:41", "elapsed": 3.032309, "delta": 0.009006}}
{"target": -568.455269340973, "params": {"gamma": 8.47715698190614, "prior": 4.595184654985598, "rate": 0.15501979439941704}, "datetime": {"datetime": "2024-06-14 05:32:41", "elapsed": 3.041256, "delta": 0.008947}}
{"target": -389.11777045727194, "params": {"gamma": 8.730808416322548, "prior": 6.596395322666579, "rate": 8.23020740344406}, "datetime": {"datetime": "2024-06-14 05:32:41", "elapsed": 3.050232, "delta": 0.008976}}
{"target": -396.4431629790455, "params": {"gamma": 9.517805154645483, "prior": 0.6040325968171834, "rate": 2.3514835690460547}, "datetime": {"datetime": "2024-06-14 05:32:41", "elapsed": 3.059208, "delta": 0.008976}}
{"target": -121.70221224513591, "params": {"gamma": 0.6343710911199417, "prior": 4.274413071721264, "rate": 8.638427625869019}, "datetime": {"datetime": "2024-06-14 05:32:41", "elapsed": 3.068184, "delta": 0.008976}}
{"target": -139.1933358948418, "params": {"gamma": 0.817158203167966, "prior": 4.783808333570197, "rate": 1.2563055549774276}, "datetime": {"datetime": "2024-06-14 05:32:41", "elapsed": 3.078157, "delta": 0.009973}}
{"target": -511.5353401860141, "params": {"gamma": 7.729083136069011, "prior": 8.43007935227885, "rate": 0.4338660909233998}, "datetime": {"datetime": "2024-06-14 05:32:41", "elapsed": 3.087133, "delta": 0.008976}}
{"target": -224.00921810273698, "params": {"gamma": 4.864920990960778, "prior": 2.470169336963784, "rate": 9.5247853431509}, "datetime": {"datetime": "2024-06-14 05:32:41", "elapsed": 3.096109, "delta": 0.008976}}
{"target": -406.01264602872214, "params": {"gamma": 9.438982385210178, "prior": 6.1779466236085385, "rate": 9.734900485854638}, "datetime": {"datetime": "2024-06-14 05:32:41", "elapsed": 3.105085, "delta": 0.008976}}
{"target": -202.71204541900264, "params": {"gamma": 3.4492685758187935, "prior": 8.98872210491005, "rate": 4.346515139111687}, "datetime": {"datetime": "2024-06-14 05:32:41", "elapsed": 3.114061, "delta": 0.008976}}
{"target": -153.84688285217555, "params": {"gamma": 2.35891055683799, "prior": 9.414196835693854, "rate": 6.842496291781293}, "datetime": {"datetime": "2024-06-14 05:32:41", "elapsed": 3.123037, "delta": 0.008976}}
{"target": -127.62831400461917, "params": {"gamma": 0.6500509418059542, "prior": 8.717206082548355, "rate": 7.01410156603883}, "datetime": {"datetime": "2024-06-14 05:32:41", "elapsed": 3.132013, "delta": 0.008976}}
{"target": -341.1448143432043, "params": {"gamma": 6.049663802869843, "prior": 7.350511501875372, "rate": 2.535136985955308}, "datetime": {"datetime": "2024-06-14 05:32:41", "elapsed": 3.140989, "delta": 0.008976}}
{"target": -401.7113520256055, "params": {"gamma": 6.00528906379017, "prior": 8.164729894490387, "rate": 0.542082489579675}, "datetime": {"datetime": "2024-06-14 05:32:41", "elapsed": 3.149965, "delta": 0.008976}}
{"target": -129.4901395040564, "params": {"gamma": 1.3059762027213204, "prior": 8.440213518568495, "rate": 6.183840347409528}, "datetime": {"datetime": "2024-06-14 05:32:41", "elapsed": 3.158941, "delta": 0.008976}}
{"target": -254.02277977534993, "params": {"gamma": 5.3133468170001, "prior": 2.558078217071276, "rate": 2.9514906739197095}, "datetime": {"datetime": "2024-06-14 05:32:41", "elapsed": 3.167921, "delta": 0.00898}}
{"target": -532.7969055831378, "params": {"gamma": 8.726988963029699, "prior": 4.274492755012122, "rate": 0.6452381255404884}, "datetime": {"datetime": "2024-06-14 05:32:41", "elapsed": 3.176893, "delta": 0.008972}}
{"target": -375.7568340852978, "params": {"gamma": 8.969953710006317, "prior": 2.1134702449581058, "rate": 8.262449127388422}, "datetime": {"datetime": "2024-06-14 05:32:41", "elapsed": 3.18587, "delta": 0.008977}}
{"target": -394.0828558404947, "params": {"gamma": 8.81782446020499, "prior": 4.918832373701547, "rate": 5.98504846635326}, "datetime": {"datetime": "2024-06-14 05:32:41", "elapsed": 3.194845, "delta": 0.008975}}
{"target": -248.18098632384718, "params": {"gamma": 5.273147297397685, "prior": 6.28573081243644, "rate": 8.550562171752167}, "datetime": {"datetime": "2024-06-14 05:32:41", "elapsed": 3.203821, "delta": 0.008976}}
{"target": -171.49620399344715, "params": {"gamma": 2.8221123446002014, "prior": 8.849179530987948, "rate": 5.677335610861374}, "datetime": {"datetime": "2024-06-14 05:32:41", "elapsed": 3.212797, "delta": 0.008976}}
{"target": -119.37590615113976, "params": {"gamma": 1.151915306628067, "prior": 2.347311535625114, "rate": 5.960227873744525}, "datetime": {"datetime": "2024-06-14 05:32:41", "elapsed": 3.222385, "delta": 0.009588}}
{"target": -148.89211743593927, "params": {"gamma": 2.395222922809899, "prior": 1.4010150393208598, "rate": 1.6193152935242277}, "datetime": {"datetime": "2024-06-14 05:32:41", "elapsed": 3.231362, "delta": 0.008977}}
{"target": -366.8612412434699, "params": {"gamma": 8.448880309839154, "prior": 6.061618173537837, "rate": 9.635707304796231}, "datetime": {"datetime": "2024-06-14 05:32:41", "elapsed": 3.240338, "delta": 0.008976}}
{"target": -186.03315819510163, "params": {"gamma": 3.4574464537469587, "prior": 5.996688471536002, "rate": 5.9902539044452245}, "datetime": {"datetime": "2024-06-14 05:32:41", "elapsed": 3.249314, "delta": 0.008976}}
{"target": -279.41364261575944, "params": {"gamma": 6.157427167752284, "prior": 0.6858543511386517, "rate": 7.503421528562285}, "datetime": {"datetime": "2024-06-14 05:32:41", "elapsed": 3.258289, "delta": 0.008975}}
{"target": -521.5461609755151, "params": {"gamma": 9.482146772378064, "prior": 5.393322666077928, "rate": 1.926367653529729}, "datetime": {"datetime": "2024-06-14 05:32:41", "elapsed": 3.267833, "delta": 0.009544}}
{"target": -342.39268888128424, "params": {"gamma": 7.529506223884443, "prior": 0.17245779634585162, "rate": 3.2832327804041577}, "datetime": {"datetime": "2024-06-14 05:32:41", "elapsed": 3.276809, "delta": 0.008976}}
{"target": -399.62289309202833, "params": {"gamma": 9.176145870096288, "prior": 5.92483659564938, "rate": 8.55204764875745}, "datetime": {"datetime": "2024-06-14 05:32:41", "elapsed": 3.285814, "delta": 0.009005}}
{"target": -286.1665153062585, "params": {"gamma": 6.047115851439529, "prior": 8.243523709986324, "rate": 8.79495575076974}, "datetime": {"datetime": "2024-06-14 05:32:41", "elapsed": 3.29476, "delta": 0.008946}}
{"target": -168.2557632222382, "params": {"gamma": 3.210542758870008, "prior": 1.3172522383665672, "rate": 7.213312138521522}, "datetime": {"datetime": "2024-06-14 05:32:41", "elapsed": 3.303737, "delta": 0.008977}}
{"target": -207.97780105352433, "params": {"gamma": 4.404030521225552, "prior": 1.3546835205058854, "rate": 5.898646657450783}, "datetime": {"datetime": "2024-06-14 05:32:41", "elapsed": 3.312713, "delta": 0.008976}}
{"target": -127.19258402562386, "params": {"gamma": 0.36164707738402946, "prior": 2.0818029524687707, "rate": 7.883223595490022}, "datetime": {"datetime": "2024-06-14 05:32:41", "elapsed": 3.321689, "delta": 0.008976}}
{"target": -151.80021745519412, "params": {"gamma": 0.12195550339356331, "prior": 3.1031221499148343, "rate": 0.2147382349196191}, "datetime": {"datetime": "2024-06-14 05:32:41", "elapsed": 3.330664, "delta": 0.008975}}
{"target": -518.3401041169474, "params": {"gamma": 9.974852442290567, "prior": 5.862096765800271, "rate": 2.93446940858208}, "datetime": {"datetime": "2024-06-14 05:32:41", "elapsed": 3.340639, "delta": 0.009975}}
{"target": -435.6086328954901, "params": {"gamma": 9.289565669469264, "prior": 5.120482293127225, "rate": 4.547467583296517}, "datetime": {"datetime": "2024-06-14 05:32:41", "elapsed": 3.349614, "delta": 0.008975}}
{"target": -277.44099906854154, "params": {"gamma": 5.879127191455569, "prior": 2.7149626776846394, "rate": 3.0535777051749857}, "datetime": {"datetime": "2024-06-14 05:32:41", "elapsed": 3.35859, "delta": 0.008976}}
{"target": -185.45949641748766, "params": {"gamma": 3.7171741126651003, "prior": 2.520035193778948, "rate": 5.845888113900182}, "datetime": {"datetime": "2024-06-14 05:32:41", "elapsed": 3.367566, "delta": 0.008976}}
{"target": -312.0580412711106, "params": {"gamma": 6.958765493189333, "prior": 0.8122774796236112, "rate": 9.710862112935013}, "datetime": {"datetime": "2024-06-14 05:32:41", "elapsed": 3.377539, "delta": 0.009973}}
{"target": -355.2139031141185, "params": {"gamma": 7.53095348803868, "prior": 8.081015313238742, "rate": 7.516652400408825}, "datetime": {"datetime": "2024-06-14 05:32:41", "elapsed": 3.386515, "delta": 0.008976}}
{"target": -125.06446757011742, "params": {"gamma": 0.8015297117349018, "prior": 4.868793201909653, "rate": 4.457283891060159}, "datetime": {"datetime": "2024-06-14 05:32:41", "elapsed": 3.395491, "delta": 0.008976}}
{"target": -300.72544463528044, "params": {"gamma": 6.725054032598774, "prior": 4.5424988623607865, "rate": 7.043429670440712}, "datetime": {"datetime": "2024-06-14 05:32:41", "elapsed": 3.404467, "delta": 0.008976}}
{"target": -327.0334001930594, "params": {"gamma": 6.816771730688627, "prior": 7.001770434652286, "rate": 6.186388824872803}, "datetime": {"datetime": "2024-06-14 05:32:41", "elapsed": 3.413443, "delta": 0.008976}}
{"target": -129.06401771860874, "params": {"gamma": 1.5106563520631782, "prior": 7.631944317426985, "rate": 7.810677176117377}, "datetime": {"datetime": "2024-06-14 05:32:41", "elapsed": 3.423416, "delta": 0.009973}}
{"target": -439.68459442016683, "params": {"gamma": 9.041125756152136, "prior": 2.414310056780649, "rate": 1.7676122518303419}, "datetime": {"datetime": "2024-06-14 05:32:41", "elapsed": 3.432392, "delta": 0.008976}}
{"target": -191.68553648869377, "params": {"gamma": 3.9116001319445175, "prior": 3.2735900745520863, "rate": 8.154953813127257}, "datetime": {"datetime": "2024-06-14 05:32:41", "elapsed": 3.441368, "delta": 0.008976}}
{"target": -320.0855402940256, "params": {"gamma": 6.135645470784649, "prior": 7.624017348262513, "rate": 4.277223331869946}, "datetime": {"datetime": "2024-06-14 05:32:41", "elapsed": 3.450344, "delta": 0.008976}}
{"target": -117.98393350613146, "params": {"gamma": 0.9953061885929767, "prior": 1.238846619297438, "rate": 3.734697910240216}, "datetime": {"datetime": "2024-06-14 05:32:41", "elapsed": 3.460318, "delta": 0.009974}}
{"target": -141.9823774077972, "params": {"gamma": 1.939283827327562, "prior": 8.225390336367088, "rate": 5.996760448228745}, "datetime": {"datetime": "2024-06-14 05:32:41", "elapsed": 3.469293, "delta": 0.008975}}
{"target": -418.79224542890114, "params": {"gamma": 6.888763744927632, "prior": 4.9619886169125325, "rate": 0.8826486387405684}, "datetime": {"datetime": "2024-06-14 05:32:41", "elapsed": 3.47827, "delta": 0.008977}}
{"target": -163.46544216073022, "params": {"gamma": 2.351541289225017, "prior": 4.669860600827058, "rate": 1.9867164390362086}, "datetime": {"datetime": "2024-06-14 05:32:41", "elapsed": 3.488244, "delta": 0.009974}}
{"target": -137.2813867657905, "params": {"gamma": 0.2557368815524242, "prior": 7.321037212735911, "rate": 7.249442555443973}, "datetime": {"datetime": "2024-06-14 05:32:41", "elapsed": 3.497248, "delta": 0.009004}}
{"target": -195.43095830749235, "params": {"gamma": 3.304587071870666, "prior": 8.45059184803019, "rate": 4.284996317034784}, "datetime": {"datetime": "2024-06-14 05:32:41", "elapsed": 3.506196, "delta": 0.008948}}
{"target": -407.7484672605873, "params": {"gamma": 8.64699676149058, "prior": 6.604947703766606, "rate": 5.810775538523484}, "datetime": {"datetime": "2024-06-14 05:32:41", "elapsed": 3.515171, "delta": 0.008975}}
{"target": -135.77330741831807, "params": {"gamma": 2.008074152862875, "prior": 5.342511443736109, "rate": 8.944429751857296}, "datetime": {"datetime": "2024-06-14 05:32:41", "elapsed": 3.524147, "delta": 0.008976}}
{"target": -170.97704379580082, "params": {"gamma": 3.0506347643763254, "prior": 8.722361530694428, "rate": 9.087543983311022}, "datetime": {"datetime": "2024-06-14 05:32:41", "elapsed": 3.534121, "delta": 0.009974}}
{"target": -176.34394782821607, "params": {"gamma": 3.2991157822561417, "prior": 6.862436226731985, "rate": 8.992310274710121}, "datetime": {"datetime": "2024-06-14 05:32:41", "elapsed": 3.543097, "delta": 0.008976}}
{"target": -141.54531386012843, "params": {"gamma": 0.7578931207012753, "prior": 8.798019845727227, "rate": 1.9092027933215376}, "datetime": {"datetime": "2024-06-14 05:32:41", "elapsed": 3.552073, "delta": 0.008976}}
{"target": -441.694441757916, "params": {"gamma": 8.497839331269288, "prior": 6.704476008122119, "rate": 3.4440476153050885}, "datetime": {"datetime": "2024-06-14 05:32:41", "elapsed": 3.561048, "delta": 0.008975}}
{"target": -127.03120463769206, "params": {"gamma": 1.5146043243579972, "prior": 6.390172518735689, "rate": 8.478032649103701}, "datetime": {"datetime": "2024-06-14 05:32:41", "elapsed": 3.570025, "delta": 0.008977}}
{"target": -359.68816256540697, "params": {"gamma": 8.218671898265342, "prior": 6.319572011593512, "rate": 9.563058796042565}, "datetime": {"datetime": "2024-06-14 05:32:41", "elapsed": 3.579998, "delta": 0.009973}}
{"target": -263.92341537906856, "params": {"gamma": 5.899641347630623, "prior": 2.058544568014401, "rate": 4.293877895442307}, "datetime": {"datetime": "2024-06-14 05:32:41", "elapsed": 3.588974, "delta": 0.008976}}
{"target": -205.78642088071786, "params": {"gamma": 3.3681232410129716, "prior": 9.920255617882082, "rate": 3.8029847246765303}, "datetime": {"datetime": "2024-06-14 05:32:41", "elapsed": 3.59795, "delta": 0.008976}}
{"target": -552.0974417919988, "params": {"gamma": 9.927016035774514, "prior": 5.2361620822608, "rate": 1.7236247350697775}, "datetime": {"datetime": "2024-06-14 05:32:41", "elapsed": 3.606926, "delta": 0.008976}}
