{"target": -149.08545114230932, "params": {"gamma": 1.6165788245210426, "prior": 6.524924004221608, "rate": 7.53350473313803}, "datetime": {"datetime": "2024-06-14 19:13:31", "elapsed": 6.498294, "delta": 0.008976}}
{"target": -182.66036929470647, "params": {"gamma": 2.8026461610955637, "prior": 4.5684824262007755, "rate": 9.004588674948266}, "datetime": {"datetime": "2024-06-14 19:13:31", "elapsed": 6.50727, "delta": 0.008976}}
{"target": -384.79388910321893, "params": {"gamma": 8.719984326277993, "prior": 7.1011573368634044, "rate": 5.909415094304578}, "datetime": {"datetime": "2024-06-14 19:13:31", "elapsed": 6.516247, "delta": 0.008977}}
{"target": -303.7620691495732, "params": {"gamma": 8.174005321700859, "prior": 9.085681996388406, "rate": 0.026073089119563617}, "datetime": {"datetime": "2024-06-14 19:13:31", "elapsed": 6.526219, "delta": 0.009972}}
{"target": -216.8447135149269, "params": {"gamma": 3.972880434571384, "prior": 5.657955868812967, "rate": 7.339497439712482}, "datetime": {"datetime": "2024-06-14 19:13:31", "elapsed": 6.536192, "delta": 0.009973}}
{"target": -142.39430743834433, "params": {"gamma": 0.8756401490882502, "prior": 4.057574378040559, "rate": 2.796932173319039}, "datetime": {"datetime": "2024-06-14 19:13:31", "elapsed": 6.545169, "delta": 0.008977}}
{"target": -226.80060630984852, "params": {"gamma": 4.235677020998725, "prior": 5.029988463465554, "rate": 6.600492220036985}, "datetime": {"datetime": "2024-06-14 19:13:31", "elapsed": 6.554145, "delta": 0.008976}}
{"target": -245.5115905017848, "params": {"gamma": 4.962865153563822, "prior": 6.242635185991386, "rate": 5.824816179030337}, "datetime": {"datetime": "2024-06-14 19:13:31", "elapsed": 6.563627, "delta": 0.009482}}
{"target": -277.1903019319239, "params": {"gamma": 4.2838956479905255, "prior": 0.1492660106415274, "rate": 1.9459696221821587}, "datetime": {"datetime": "2024-06-14 19:13:31", "elapsed": 6.572603, "delta": 0.008976}}
{"target": -206.21795705792073, "params": {"gamma": 3.2027463362086017, "prior": 1.55508344596382, "rate": 5.987040152182751}, "datetime": {"datetime": "2024-06-14 19:13:31", "elapsed": 6.582576, "delta": 0.009973}}
{"target": -276.0856609904423, "params": {"gamma": 6.115383267119364, "prior": 5.050923270009602, "rate": 3.2091681671070447}, "datetime": {"datetime": "2024-06-14 19:13:31", "elapsed": 6.591552, "delta": 0.008976}}
{"target": -258.943700214062, "params": {"gamma": 6.53292726219252, "prior": 1.983806478522533, "rate": 0.05980393346483768}, "datetime": {"datetime": "2024-06-14 19:13:31", "elapsed": 6.601526, "delta": 0.009974}}
{"target": -360.6577331751421, "params": {"gamma": 7.3496852448209316, "prior": 4.490688034848957, "rate": 6.978718718842435}, "datetime": {"datetime": "2024-06-14 19:13:31", "elapsed": 6.610502, "delta": 0.008976}}
{"target": -162.53944688326223, "params": {"gamma": 1.851248453020123, "prior": 0.7199360396407632, "rate": 3.78170775924343}, "datetime": {"datetime": "2024-06-14 19:13:31", "elapsed": 6.620475, "delta": 0.009973}}
{"target": -349.094048561361, "params": {"gamma": 6.960269107944495, "prior": 1.1179018377977268, "rate": 1.959146502516249}, "datetime": {"datetime": "2024-06-14 19:13:31", "elapsed": 6.629451, "delta": 0.008976}}
{"target": -236.15985653304782, "params": {"gamma": 4.540072551414793, "prior": 6.249376977967096, "rate": 7.501492356441782}, "datetime": {"datetime": "2024-06-14 19:13:31", "elapsed": 6.638427, "delta": 0.008976}}
{"target": -142.48027313397105, "params": {"gamma": 1.0982404778352803, "prior": 6.283773710840847, "rate": 3.8742178609226636}, "datetime": {"datetime": "2024-06-14 19:13:31", "elapsed": 6.648401, "delta": 0.009974}}
{"target": -352.38089143688876, "params": {"gamma": 6.701233597109323, "prior": 2.115247738852826, "rate": 5.2796600565097815}, "datetime": {"datetime": "2024-06-14 19:13:31", "elapsed": 6.657376, "delta": 0.008975}}
{"target": -165.6590290454716, "params": {"gamma": 1.722453387004371, "prior": 0.2849419593641159, "rate": 4.870015513993148}, "datetime": {"datetime": "2024-06-14 19:13:31", "elapsed": 6.666857, "delta": 0.009481}}
{"target": -151.15009197601248, "params": {"gamma": 1.8425935878323698, "prior": 6.4195989670335365, "rate": 5.366211618584989}, "datetime": {"datetime": "2024-06-14 19:13:31", "elapsed": 6.675861, "delta": 0.009004}}
{"target": -401.4935714286663, "params": {"gamma": 7.74967885459746, "prior": 3.990303036078612, "rate": 9.894531856231692}, "datetime": {"datetime": "2024-06-14 19:13:32", "elapsed": 6.685807, "delta": 0.009946}}
{"target": -267.169661639811, "params": {"gamma": 5.152631746924576, "prior": 4.84035167173617, "rate": 7.494675265050945}, "datetime": {"datetime": "2024-06-14 19:13:32", "elapsed": 6.694783, "delta": 0.008976}}
{"target": -285.7187347230134, "params": {"gamma": 5.727310244630862, "prior": 3.6884066412702516, "rate": 4.892958609815962}, "datetime": {"datetime": "2024-06-14 19:13:32", "elapsed": 6.704756, "delta": 0.009973}}
{"target": -147.94278624688593, "params": {"gamma": 1.8921946110135588, "prior": 3.9964758015389337, "rate": 0.30058756348796134}, "datetime": {"datetime": "2024-06-14 19:13:32", "elapsed": 6.713732, "delta": 0.008976}}
{"target": -250.6975667121174, "params": {"gamma": 4.625828074361687, "prior": 2.8172937167553513, "rate": 5.267631887725799}, "datetime": {"datetime": "2024-06-14 19:13:32", "elapsed": 6.722708, "delta": 0.008976}}
{"target": -146.94221259418183, "params": {"gamma": 0.2936919419097222, "prior": 5.595358988569528, "rate": 2.9306858383999437}, "datetime": {"datetime": "2024-06-14 19:13:32", "elapsed": 6.732681, "delta": 0.009973}}
{"target": -262.5153429437118, "params": {"gamma": 5.775329319454461, "prior": 7.35442154728753, "rate": 4.403937930137581}, "datetime": {"datetime": "2024-06-14 19:13:32", "elapsed": 6.741658, "delta": 0.008977}}
{"target": -367.9249054383697, "params": {"gamma": 6.6319050719967745, "prior": 2.4652085532150996, "rate": 9.985992286776213}, "datetime": {"datetime": "2024-06-14 19:13:32", "elapsed": 6.750633, "delta": 0.008975}}
{"target": -157.25482079131856, "params": {"gamma": 2.4295423376760557, "prior": 9.414201302377094, "rate": 2.1729802841597885}, "datetime": {"datetime": "2024-06-14 19:13:32", "elapsed": 6.75961, "delta": 0.008977}}
{"target": -244.21203047069926, "params": {"gamma": 4.97614628166607, "prior": 8.229651952438084, "rate": 7.166163879900548}, "datetime": {"datetime": "2024-06-14 19:13:32", "elapsed": 6.769583, "delta": 0.009973}}
{"target": -351.72125069919446, "params": {"gamma": 7.05609854079457, "prior": 4.460361543759608, "rate": 7.541996079526139}, "datetime": {"datetime": "2024-06-14 19:13:32", "elapsed": 6.778559, "delta": 0.008976}}
{"target": -424.8926868914019, "params": {"gamma": 9.199615816571573, "prior": 4.469382278626795, "rate": 5.2801268760628535}, "datetime": {"datetime": "2024-06-14 19:13:32", "elapsed": 6.787535, "delta": 0.008976}}
{"target": -143.64419590088988, "params": {"gamma": 0.6612898045823568, "prior": 3.968653429339858, "rate": 4.672918424766126}, "datetime": {"datetime": "2024-06-14 19:13:32", "elapsed": 6.796511, "delta": 0.008976}}
{"target": -507.0260483079059, "params": {"gamma": 8.951481970324929, "prior": 1.1945186585288683, "rate": 7.311644894386467}, "datetime": {"datetime": "2024-06-14 19:13:32", "elapsed": 6.806485, "delta": 0.009974}}
{"target": -230.0709593069213, "params": {"gamma": 5.455166214318647, "prior": 6.10470076211378, "rate": 0.2987996583514733}, "datetime": {"datetime": "2024-06-14 19:13:32", "elapsed": 6.816459, "delta": 0.009974}}
{"target": -143.46716533228488, "params": {"gamma": 1.4683270502280348, "prior": 2.911433932115233, "rate": 0.04971560748810713}, "datetime": {"datetime": "2024-06-14 19:13:32", "elapsed": 6.825434, "delta": 0.008975}}
{"target": -296.16483036304544, "params": {"gamma": 6.6919088201735715, "prior": 8.715553694333723, "rate": 5.470136124403138}, "datetime": {"datetime": "2024-06-14 19:13:32", "elapsed": 6.835407, "delta": 0.009973}}
{"target": -246.02281164052536, "params": {"gamma": 5.432097311144519, "prior": 6.195686693269069, "rate": 3.022512822657626}, "datetime": {"datetime": "2024-06-14 19:13:32", "elapsed": 6.844246, "delta": 0.008839}}
{"target": -207.25590663192395, "params": {"gamma": 3.6679530846277557, "prior": 5.7919033000498885, "rate": 8.092356620589728}, "datetime": {"datetime": "2024-06-14 19:13:32", "elapsed": 6.853223, "delta": 0.008977}}
{"target": -161.02682049047655, "params": {"gamma": 2.016764747447303, "prior": 3.3424881528980626, "rate": 7.429469582646582}, "datetime": {"datetime": "2024-06-14 19:13:32", "elapsed": 6.863197, "delta": 0.009974}}
{"target": -209.26554210462393, "params": {"gamma": 3.4098615710742886, "prior": 0.5713481941948949, "rate": 1.5644129298338398}, "datetime": {"datetime": "2024-06-14 19:13:32", "elapsed": 6.872172, "delta": 0.008975}}
{"target": -155.34400759907388, "params": {"gamma": 1.9394547317358086, "prior": 5.001612389355664, "rate": 6.351614485952291}, "datetime": {"datetime": "2024-06-14 19:13:32", "elapsed": 6.881148, "delta": 0.008976}}
{"target": -346.36054754151684, "params": {"gamma": 8.802319552208612, "prior": 9.035111908580227, "rate": 3.072300524082465}, "datetime": {"datetime": "2024-06-14 19:13:32", "elapsed": 6.891122, "delta": 0.009974}}
{"target": -358.9153356665076, "params": {"gamma": 7.534047351182733, "prior": 2.896037502533829, "rate": 3.686400120782994}, "datetime": {"datetime": "2024-06-14 19:13:32", "elapsed": 6.900098, "delta": 0.008976}}
{"target": -171.67375088225094, "params": {"gamma": 2.927972894369209, "prior": 4.195538288371103, "rate": 2.147942240988137}, "datetime": {"datetime": "2024-06-14 19:13:32", "elapsed": 6.909074, "delta": 0.008976}}
{"target": -214.5660665509884, "params": {"gamma": 3.1905410786954205, "prior": 1.3070061575118679, "rate": 9.63021937771575}, "datetime": {"datetime": "2024-06-14 19:13:32", "elapsed": 6.919047, "delta": 0.009973}}
{"target": -244.6004644629716, "params": {"gamma": 5.04032611097843, "prior": 9.238696757627771, "rate": 7.461855247593438}, "datetime": {"datetime": "2024-06-14 19:13:32", "elapsed": 6.928023, "delta": 0.008976}}
{"target": -228.90655172738113, "params": {"gamma": 4.577595171516512, "prior": 7.570760030550504, "rate": 6.280602762990652}, "datetime": {"datetime": "2024-06-14 19:13:32", "elapsed": 6.936999, "delta": 0.008976}}
{"target": -185.3854446984817, "params": {"gamma": 3.0382805830845347, "prior": 5.264427202791391, "rate": 7.123409644278645}, "datetime": {"datetime": "2024-06-14 19:13:32", "elapsed": 6.946972, "delta": 0.009973}}
{"target": -214.68788882570155, "params": {"gamma": 3.0538300009516193, "prior": 0.22397608517608533, "rate": 2.6833600285302275}, "datetime": {"datetime": "2024-06-14 19:13:32", "elapsed": 6.955948, "delta": 0.008976}}
{"target": -345.36377555149824, "params": {"gamma": 7.967658010425252, "prior": 9.306931580738663, "rate": 6.2536862178776484}, "datetime": {"datetime": "2024-06-14 19:13:32", "elapsed": 6.965921, "delta": 0.009973}}
{"target": -144.01107084216062, "params": {"gamma": 1.3289420383195298, "prior": 7.59994655654947, "rate": 5.269526555127393}, "datetime": {"datetime": "2024-06-14 19:13:32", "elapsed": 6.974898, "delta": 0.008977}}
{"target": -352.11294333991555, "params": {"gamma": 7.538936847140509, "prior": 8.600255860393125, "rate": 9.475467969467141}, "datetime": {"datetime": "2024-06-14 19:13:32", "elapsed": 6.983874, "delta": 0.008976}}
{"target": -302.58396382155576, "params": {"gamma": 6.545720808693693, "prior": 8.557156277442202, "rate": 7.426137988907772}, "datetime": {"datetime": "2024-06-14 19:13:32", "elapsed": 6.992849, "delta": 0.008975}}
{"target": -339.997704398283, "params": {"gamma": 7.271284782848366, "prior": 8.60202848704295, "rate": 9.2301074044959}, "datetime": {"datetime": "2024-06-14 19:13:32", "elapsed": 7.002823, "delta": 0.009974}}
{"target": -339.25126026514386, "params": {"gamma": 9.020857939246921, "prior": 4.017927589495288, "rate": 0.8411287767074533}, "datetime": {"datetime": "2024-06-14 19:13:32", "elapsed": 7.011798, "delta": 0.008975}}
{"target": -377.7889631300975, "params": {"gamma": 8.295907610863033, "prior": 5.43542237774558, "rate": 5.421219471236491}, "datetime": {"datetime": "2024-06-14 19:13:32", "elapsed": 7.021773, "delta": 0.009975}}
{"target": -519.3352166336591, "params": {"gamma": 8.25192813033363, "prior": 0.4166434253201614, "rate": 8.779726226832842}, "datetime": {"datetime": "2024-06-14 19:13:32", "elapsed": 7.030748, "delta": 0.008975}}
{"target": -146.29007491770187, "params": {"gamma": 0.34730537937586553, "prior": 6.9626261279460415, "rate": 5.875257309024742}, "datetime": {"datetime": "2024-06-14 19:13:32", "elapsed": 7.039724, "delta": 0.008976}}
{"target": -291.2352630745295, "params": {"gamma": 6.417850059155134, "prior": 3.803393858608736, "rate": 2.755344804474391}, "datetime": {"datetime": "2024-06-14 19:13:32", "elapsed": 7.049698, "delta": 0.009974}}
{"target": -240.75161069311113, "params": {"gamma": 5.094576405806185, "prior": 8.869648859782243, "rate": 5.653331413985319}, "datetime": {"datetime": "2024-06-14 19:13:32", "elapsed": 7.058676, "delta": 0.008978}}
{"target": -343.54292269851646, "params": {"gamma": 6.631825765751704, "prior": 4.469654386439658, "rate": 9.7214187321274}, "datetime": {"datetime": "2024-06-14 19:13:32", "elapsed": 7.06765, "delta": 0.008974}}
{"target": -371.24972339151583, "params": {"gamma": 7.425482001064747, "prior": 3.613534857422657, "rate": 6.5356567956039315}, "datetime": {"datetime": "2024-06-14 19:13:32", "elapsed": 7.077623, "delta": 0.009973}}
{"target": -237.8075752738309, "params": {"gamma": 5.426621502305332, "prior": 8.852156502548992, "rate": 2.7512654566030514}, "datetime": {"datetime": "2024-06-14 19:13:32", "elapsed": 7.086599, "delta": 0.008976}}
{"target": -144.99679267521634, "params": {"gamma": 1.0815667842382009, "prior": 1.9935933122375844, "rate": 3.8710752798182537}, "datetime": {"datetime": "2024-06-14 19:13:32", "elapsed": 7.096161, "delta": 0.009562}}
{"target": -433.8487011837932, "params": {"gamma": 8.54074388954821, "prior": 2.7813646469755744, "rate": 6.263961673283628}, "datetime": {"datetime": "2024-06-14 19:13:32", "elapsed": 7.105137, "delta": 0.008976}}
{"target": -252.52224170999912, "params": {"gamma": 6.235894458654538, "prior": 4.139666639944494, "rate": 0.504300961464858}, "datetime": {"datetime": "2024-06-14 19:13:32", "elapsed": 7.114113, "delta": 0.008976}}
{"target": -356.94053035298845, "params": {"gamma": 7.448593896451896, "prior": 3.027682790796424, "rate": 3.9851835072938524}, "datetime": {"datetime": "2024-06-14 19:13:32", "elapsed": 7.124086, "delta": 0.009973}}
{"target": -186.88971186456942, "params": {"gamma": 3.7730184357375642, "prior": 6.669666053543827, "rate": 0.8642465348648255}, "datetime": {"datetime": "2024-06-14 19:13:32", "elapsed": 7.13406, "delta": 0.009974}}
{"target": -369.6600968018311, "params": {"gamma": 5.49934931479934, "prior": 0.25267604119823284, "rate": 9.830406796410628}, "datetime": {"datetime": "2024-06-14 19:13:32", "elapsed": 7.143574, "delta": 0.009514}}
{"target": -258.3126910343228, "params": {"gamma": 5.984673796657761, "prior": 3.902730857162644, "rate": 1.4683325593440997}, "datetime": {"datetime": "2024-06-14 19:13:32", "elapsed": 7.15255, "delta": 0.008976}}
{"target": -288.05513324734085, "params": {"gamma": 6.9690863860416155, "prior": 9.067503325394869, "rate": 3.1817694146938234}, "datetime": {"datetime": "2024-06-14 19:13:32", "elapsed": 7.162524, "delta": 0.009974}}
{"target": -410.2341441999565, "params": {"gamma": 7.665154954417642, "prior": 2.946231210207758, "rate": 9.57229619840156}, "datetime": {"datetime": "2024-06-14 19:13:32", "elapsed": 7.171499, "delta": 0.008975}}
{"target": -344.3138631566276, "params": {"gamma": 7.023455232193281, "prior": 6.287654372613879, "rate": 9.307416596768327}, "datetime": {"datetime": "2024-06-14 19:13:32", "elapsed": 7.180476, "delta": 0.008977}}
{"target": -168.60570031382738, "params": {"gamma": 2.6911548301319335, "prior": 9.243795888773532, "rate": 6.781151258305702}, "datetime": {"datetime": "2024-06-14 19:13:32", "elapsed": 7.190479, "delta": 0.010003}}
{"target": -372.9733988145677, "params": {"gamma": 7.713853709507418, "prior": 5.759189830706018, "rate": 8.339212870314833}, "datetime": {"datetime": "2024-06-14 19:13:32", "elapsed": 7.199426, "delta": 0.008947}}
{"target": -384.58874786428265, "params": {"gamma": 6.983119711119335, "prior": 1.551426147591399, "rate": 6.1249988251521215}, "datetime": {"datetime": "2024-06-14 19:13:32", "elapsed": 7.209427, "delta": 0.010001}}
{"target": -164.63101242301403, "params": {"gamma": 2.793924035827702, "prior": 9.167199358366272, "rate": 1.9831246698113274}, "datetime": {"datetime": "2024-06-14 19:13:32", "elapsed": 7.218374, "delta": 0.008947}}
{"target": -201.0448409604783, "params": {"gamma": 2.857879237217657, "prior": 0.5717815791998215, "rate": 4.476343861362332}, "datetime": {"datetime": "2024-06-14 19:13:32", "elapsed": 7.22735, "delta": 0.008976}}
{"target": -285.1005812217779, "params": {"gamma": 5.576320563895948, "prior": 5.778254717513243, "rate": 9.053868422216771}, "datetime": {"datetime": "2024-06-14 19:13:32", "elapsed": 7.242339, "delta": 0.014989}}
{"target": -205.45681775072524, "params": {"gamma": 3.47479191407325, "prior": 4.5305309579534265, "rate": 8.512525387352474}, "datetime": {"datetime": "2024-06-14 19:13:32", "elapsed": 7.253282, "delta": 0.010943}}
{"target": -253.89853384672168, "params": {"gamma": 5.768716203017017, "prior": 6.574530055289563, "rate": 2.784314944612766}, "datetime": {"datetime": "2024-06-14 19:13:32", "elapsed": 7.263254, "delta": 0.009972}}
{"target": -217.9549066739262, "params": {"gamma": 4.875225544956866, "prior": 6.247428637046675, "rate": 1.3348069074222546}, "datetime": {"datetime": "2024-06-14 19:13:32", "elapsed": 7.27223, "delta": 0.008976}}
{"target": -147.10401693200902, "params": {"gamma": 0.3300542572087522, "prior": 1.222768911195179, "rate": 4.775133302320191}, "datetime": {"datetime": "2024-06-14 19:13:32", "elapsed": 7.281206, "delta": 0.008976}}
{"target": -147.68651014545472, "params": {"gamma": 0.24124331957345432, "prior": 6.299468398458495, "rate": 0.9767285971428687}, "datetime": {"datetime": "2024-06-14 19:13:32", "elapsed": 7.291179, "delta": 0.009973}}
{"target": -159.1581208550157, "params": {"gamma": 2.5103644156247413, "prior": 4.322280163976562, "rate": 1.159151640315784}, "datetime": {"datetime": "2024-06-14 19:13:32", "elapsed": 7.300156, "delta": 0.008977}}
{"target": -209.94267665186513, "params": {"gamma": 2.706249385980867, "prior": 0.3086887610715615, "rate": 9.850470490551084}, "datetime": {"datetime": "2024-06-14 19:13:32", "elapsed": 7.309172, "delta": 0.009016}}
{"target": -247.86485594434242, "params": {"gamma": 6.116124507605985, "prior": 3.8457030044689664, "rate": 0.2662569827533811}, "datetime": {"datetime": "2024-06-14 19:13:32", "elapsed": 7.319105, "delta": 0.009933}}
{"target": -223.15407803997596, "params": {"gamma": 3.8989976450014674, "prior": 4.580330401225699, "rate": 9.310100934451263}, "datetime": {"datetime": "2024-06-14 19:13:32", "elapsed": 7.328081, "delta": 0.008976}}
{"target": -174.93590849185935, "params": {"gamma": 2.7857632142087283, "prior": 6.186340721724661, "rate": 6.6520183774673525}, "datetime": {"datetime": "2024-06-14 19:13:32", "elapsed": 7.338054, "delta": 0.009973}}
{"target": -154.97260750059857, "params": {"gamma": 1.8604237369935928, "prior": 5.107057154965675, "rate": 7.86522112783649}, "datetime": {"datetime": "2024-06-14 19:13:32", "elapsed": 7.347031, "delta": 0.008977}}
{"target": -141.43849231954286, "params": {"gamma": 0.966693765249707, "prior": 6.099749451872725, "rate": 0.261573266951244}, "datetime": {"datetime": "2024-06-14 19:13:32", "elapsed": 7.357003, "delta": 0.009972}}
{"target": -151.05838440485942, "params": {"gamma": 0.07146019137694642, "prior": 0.6893332106867064, "rate": 4.814523191031215}, "datetime": {"datetime": "2024-06-14 19:13:32", "elapsed": 7.36598, "delta": 0.008977}}
{"target": -343.406477949691, "params": {"gamma": 9.257115382793618, "prior": 4.1150181029763395, "rate": 0.7512513607260716}, "datetime": {"datetime": "2024-06-14 19:13:32", "elapsed": 7.375952, "delta": 0.009972}}
{"target": -364.4850470442814, "params": {"gamma": 8.613663392355804, "prior": 5.241046096157358, "rate": 3.1900397533053235}, "datetime": {"datetime": "2024-06-14 19:13:32", "elapsed": 7.384929, "delta": 0.008977}}
{"target": -365.90763474063783, "params": {"gamma": 9.630360355507971, "prior": 9.388791508173545, "rate": 2.6009297005949668}, "datetime": {"datetime": "2024-06-14 19:13:32", "elapsed": 7.393905, "delta": 0.008976}}
{"target": -157.70220806378506, "params": {"gamma": 2.014717145283489, "prior": 5.930196162730165, "rate": 8.425339580205748}, "datetime": {"datetime": "2024-06-14 19:13:32", "elapsed": 7.403878, "delta": 0.009973}}
{"target": -178.9076098377888, "params": {"gamma": 3.3678741763608038, "prior": 5.90565127249619, "rate": 1.623287749788599}, "datetime": {"datetime": "2024-06-14 19:13:32", "elapsed": 7.412854, "delta": 0.008976}}
{"target": -148.86349846592933, "params": {"gamma": 1.94674275864618, "prior": 7.637218638321746, "rate": 1.5018345150591474}, "datetime": {"datetime": "2024-06-14 19:13:32", "elapsed": 7.42183, "delta": 0.008976}}
{"target": -161.48779012820327, "params": {"gamma": 2.659804503437227, "prior": 6.925999145458927, "rate": 0.15187798702215813}, "datetime": {"datetime": "2024-06-14 19:13:32", "elapsed": 7.430806, "delta": 0.008976}}
{"target": -146.71972853371196, "params": {"gamma": 0.3229118442818368, "prior": 2.946506806237884, "rate": 3.366895181942479}, "datetime": {"datetime": "2024-06-14 19:13:32", "elapsed": 7.442774, "delta": 0.011968}}
