{"target": -104.81705184106157, "params": {"p_ai": 5.570707065746649, "p_al": 3.8618893998999058, "p_ex": 6.87097682961531, "prior": 6.809352847294272, "rate": 1.8202456075422737}, "datetime": {"datetime": "2024-06-13 01:40:42", "elapsed": 154.089588, "delta": 0.105597}}
{"target": -130.38897968732107, "params": {"p_ai": 7.641746500371065, "p_al": 1.6526003053425689, "p_ex": 3.2417494592425355, "prior": 8.702238530429504, "rate": 5.717108934550803}, "datetime": {"datetime": "2024-06-13 01:40:43", "elapsed": 154.194307, "delta": 0.104719}}
{"target": -82.03271075403798, "params": {"p_ai": 2.5667353379030313, "p_al": 9.23932009155619, "p_ex": 6.606113728339876, "prior": 5.545550824057651, "rate": 9.933210616589482}, "datetime": {"datetime": "2024-06-13 01:40:43", "elapsed": 154.299028, "delta": 0.104721}}
{"target": -173.3829707083335, "params": {"p_ai": 8.455687753580412, "p_al": 6.772250851531259, "p_ex": 0.8182235485602576, "prior": 3.6450932454243863, "rate": 5.022181600633578}, "datetime": {"datetime": "2024-06-13 01:40:43", "elapsed": 154.404749, "delta": 0.105721}}
{"target": -102.09774936187404, "params": {"p_ai": 6.1769374633694545, "p_al": 6.399141051907529, "p_ex": 7.251423345425811, "prior": 9.102478473258811, "rate": 5.68320259597498}, "datetime": {"datetime": "2024-06-13 01:40:43", "elapsed": 154.508976, "delta": 0.104227}}
{"target": -140.70358240921232, "params": {"p_ai": 9.802709051425852, "p_al": 1.132867148596149, "p_ex": 4.657323807567154, "prior": 1.0176245468442442, "rate": 7.424757290371788}, "datetime": {"datetime": "2024-06-13 01:40:43", "elapsed": 154.613842, "delta": 0.104866}}
{"target": -140.18039432516196, "params": {"p_ai": 8.068449360272416, "p_al": 5.2320457837101975, "p_ex": 4.325879597688983, "prior": 0.6708823978417238, "rate": 5.646563656382959}, "datetime": {"datetime": "2024-06-13 01:40:43", "elapsed": 154.719559, "delta": 0.105717}}
{"target": -87.01559735469904, "params": {"p_ai": 2.549022595029336, "p_al": 0.8242363640196037, "p_ex": 7.337359610523183, "prior": 7.43468597913671, "rate": 3.7114298106728287}, "datetime": {"datetime": "2024-06-13 01:40:43", "elapsed": 154.823636, "delta": 0.104077}}
{"target": -117.9026139402235, "params": {"p_ai": 1.845560863914552, "p_al": 5.129381674275744, "p_ex": 0.9354702702971923, "prior": 7.784640160871572, "rate": 4.760067048122293}, "datetime": {"datetime": "2024-06-13 01:40:43", "elapsed": 154.929435, "delta": 0.105799}}
{"target": -132.00054122449708, "params": {"p_ai": 9.609669775653595, "p_al": 1.0910953604333562, "p_ex": 6.979897988792099, "prior": 8.035812360308835, "rate": 7.269009336494058}, "datetime": {"datetime": "2024-06-13 01:40:43", "elapsed": 155.034702, "delta": 0.105267}}
{"target": -104.46278989663746, "params": {"p_ai": 4.6150821682690095, "p_al": 5.461554103867576, "p_ex": 6.152271588669034, "prior": 0.5919952593190889, "rate": 9.956734917533865}, "datetime": {"datetime": "2024-06-13 01:40:44", "elapsed": 155.140419, "delta": 0.105717}}
{"target": -125.04904259403496, "params": {"p_ai": 2.549821268966647, "p_al": 6.434430472061677, "p_ex": 1.2652046007720967, "prior": 1.679464516635827, "rate": 4.911557570716647}, "datetime": {"datetime": "2024-06-13 01:40:44", "elapsed": 155.245141, "delta": 0.104722}}
{"target": -123.37761459624349, "params": {"p_ai": 2.8857188289562163, "p_al": 5.042897344255423, "p_ex": 1.0227116003946706, "prior": 4.193530323359763, "rate": 2.6867470652735372}, "datetime": {"datetime": "2024-06-13 01:40:44", "elapsed": 155.350859, "delta": 0.105718}}
{"target": -93.57420792921037, "params": {"p_ai": 5.819440487578645, "p_al": 1.7178834329509671, "p_ex": 9.623255002566271, "prior": 5.442570978471566, "rate": 7.019820788358971}, "datetime": {"datetime": "2024-06-13 01:40:44", "elapsed": 155.459689, "delta": 0.10883}}
{"target": -157.93928785679105, "params": {"p_ai": 9.323729947047374, "p_al": 3.454332308812005, "p_ex": 5.157651729646913, "prior": 7.866126970289994, "rate": 0.6950313988201535}, "datetime": {"datetime": "2024-06-13 01:40:44", "elapsed": 155.564664, "delta": 0.104975}}
{"target": -142.1225332931374, "params": {"p_ai": 7.532460476975046, "p_al": 1.1756767278394176, "p_ex": 3.8919114159978747, "prior": 6.97023169596312, "rate": 0.5996583880118789}, "datetime": {"datetime": "2024-06-13 01:40:44", "elapsed": 155.668387, "delta": 0.103723}}
{"target": -208.86381750364325, "params": {"p_ai": 6.650163606858123, "p_al": 9.719171641644328, "p_ex": 2.4949528876446143, "prior": 2.5921151685676955, "rate": 0.8732224909576163}, "datetime": {"datetime": "2024-06-13 01:40:44", "elapsed": 155.773107, "delta": 0.10472}}
{"target": -102.10304841913145, "params": {"p_ai": 0.9311546173432517, "p_al": 3.144738983084279, "p_ex": 8.325478322610477, "prior": 5.124685126834491, "rate": 3.857018291271997}, "datetime": {"datetime": "2024-06-13 01:40:44", "elapsed": 155.878825, "delta": 0.105718}}
{"target": -82.19314044163049, "params": {"p_ai": 1.825860476246027, "p_al": 9.760200540550123, "p_ex": 7.414637711366844, "prior": 3.4022965841828734, "rate": 9.223420470499212}, "datetime": {"datetime": "2024-06-13 01:40:44", "elapsed": 155.984427, "delta": 0.105602}}
{"target": -107.47036883372908, "params": {"p_ai": 5.863722456927596, "p_al": 2.6527101212907347, "p_ex": 4.816182444659119, "prior": 4.344425040422925, "rate": 3.025705323209395}, "datetime": {"datetime": "2024-06-13 01:40:44", "elapsed": 156.088821, "delta": 0.104394}}
{"target": -119.47594096125441, "params": {"p_ai": 6.567963904475069, "p_al": 7.922147393430575, "p_ex": 3.533286895679186, "prior": 4.379301965349058, "rate": 9.63039754689752}, "datetime": {"datetime": "2024-06-13 01:40:45", "elapsed": 156.194536, "delta": 0.105715}}
{"target": -96.96399082555524, "params": {"p_ai": 2.595870119091476, "p_al": 7.1928850233868555, "p_ex": 8.51152805591894, "prior": 7.418586210097494, "rate": 2.1663143590325595}, "datetime": {"datetime": "2024-06-13 01:40:45", "elapsed": 156.300009, "delta": 0.105473}}
{"target": -97.57667678495429, "params": {"p_ai": 4.353639765707252, "p_al": 6.087989214150046, "p_ex": 5.91597437659046, "prior": 9.518904172044687, "rate": 3.584674882177731}, "datetime": {"datetime": "2024-06-13 01:40:45", "elapsed": 156.405726, "delta": 0.105717}}
{"target": -95.020255204637, "params": {"p_ai": 5.3184013885853965, "p_al": 3.9843758336063404, "p_ex": 6.1476783430983035, "prior": 4.6489963534302525, "rate": 9.554909499707458}, "datetime": {"datetime": "2024-06-13 01:40:45", "elapsed": 156.515003, "delta": 0.109277}}
{"target": -130.80157324759324, "params": {"p_ai": 7.085161850979339, "p_al": 4.98898575822155, "p_ex": 4.9295913692550375, "prior": 2.485717918581682, "rate": 2.154647890609912}, "datetime": {"datetime": "2024-06-13 01:40:45", "elapsed": 156.619782, "delta": 0.104779}}
{"target": -98.77061592619214, "params": {"p_ai": 3.839213345484957, "p_al": 2.6948981495554443, "p_ex": 2.9837535145475824, "prior": 2.15053359947619, "rate": 4.307723323043663}, "datetime": {"datetime": "2024-06-13 01:40:45", "elapsed": 156.726004, "delta": 0.106222}}
{"target": -79.94558128937217, "params": {"p_ai": 2.3742519356894274, "p_al": 4.291053292961831, "p_ex": 7.382547600181749, "prior": 1.9039327426028603, "rate": 9.804812350553577}, "datetime": {"datetime": "2024-06-13 01:40:45", "elapsed": 156.830936, "delta": 0.104932}}
{"target": -79.21657022956123, "params": {"p_ai": 2.510149272471791, "p_al": 0.9201850394391212, "p_ex": 6.622377220843448, "prior": 1.2422326310329728, "rate": 4.585985552074093}, "datetime": {"datetime": "2024-06-13 01:40:45", "elapsed": 156.937017, "delta": 0.106081}}
{"target": -96.85299941624228, "params": {"p_ai": 5.549552121286815, "p_al": 9.122267296699032, "p_ex": 8.40796832527321, "prior": 4.765261881514484, "rate": 8.806117671423612}, "datetime": {"datetime": "2024-06-13 01:40:45", "elapsed": 157.042114, "delta": 0.105097}}
{"target": -118.45693776706331, "params": {"p_ai": 8.135497423493536, "p_al": 1.9471917037767061, "p_ex": 6.724817912877283, "prior": 7.192553425857825, "rate": 6.526073980659255}, "datetime": {"datetime": "2024-06-13 01:40:46", "elapsed": 157.146833, "delta": 0.104719}}
{"target": -91.03358847378861, "params": {"p_ai": 4.057167300283953, "p_al": 0.43706055846466224, "p_ex": 3.790552867999634, "prior": 0.33257894683759875, "rate": 2.4427912670623453}, "datetime": {"datetime": "2024-06-13 01:40:46", "elapsed": 157.25208, "delta": 0.105247}}
{"target": -161.6562203963945, "params": {"p_ai": 8.427994479486472, "p_al": 4.747672284544124, "p_ex": 1.9562151115667903, "prior": 9.33445475081842, "rate": 1.7592635009829212}, "datetime": {"datetime": "2024-06-13 01:40:46", "elapsed": 157.356801, "delta": 0.104721}}
{"target": -145.55951033690445, "params": {"p_ai": 7.102185784940643, "p_al": 2.5223293312259516, "p_ex": 1.2584243859027127, "prior": 4.235788430787851, "rate": 3.069439271607996}, "datetime": {"datetime": "2024-06-13 01:40:46", "elapsed": 157.46215, "delta": 0.105349}}
{"target": -105.65102231099219, "params": {"p_ai": 5.5627939162736055, "p_al": 0.057950088725271263, "p_ex": 4.0193390792164285, "prior": 3.244414864326125, "rate": 2.0895692938485664}, "datetime": {"datetime": "2024-06-13 01:40:46", "elapsed": 157.56699, "delta": 0.10484}}
{"target": -124.9286281650588, "params": {"p_ai": 7.647203244653368, "p_al": 2.158057811143895, "p_ex": 3.672919163743425, "prior": 0.6155566824563551, "rate": 7.990938077660049}, "datetime": {"datetime": "2024-06-13 01:40:46", "elapsed": 157.67171, "delta": 0.10472}}
{"target": -131.42877898066152, "params": {"p_ai": 8.577774053116217, "p_al": 9.790052219653413, "p_ex": 9.506482093495103, "prior": 4.8714088622083676, "rate": 2.963844578804496}, "datetime": {"datetime": "2024-06-13 01:40:46", "elapsed": 157.77643, "delta": 0.10472}}
{"target": -116.71667602699124, "params": {"p_ai": 6.941959592334977, "p_al": 7.246334888135901, "p_ex": 8.683682540763046, "prior": 2.0640130834583252, "rate": 3.9901377594360703}, "datetime": {"datetime": "2024-06-13 01:40:46", "elapsed": 157.881151, "delta": 0.104721}}
{"target": -123.48913305903825, "params": {"p_ai": 7.888644250363198, "p_al": 2.227648655419227, "p_ex": 4.82232740498444, "prior": 7.809873960783892, "rate": 6.046992979618699}, "datetime": {"datetime": "2024-06-13 01:40:46", "elapsed": 157.987885, "delta": 0.106734}}
{"target": -86.05888098617888, "params": {"p_ai": 1.991212741788793, "p_al": 4.923909201502932, "p_ex": 9.802765005727752, "prior": 1.9199717037804547, "rate": 2.427832758701525}, "datetime": {"datetime": "2024-06-13 01:40:46", "elapsed": 158.092604, "delta": 0.104719}}
{"target": -88.12625664897575, "params": {"p_ai": 4.155134299366303, "p_al": 7.950636379009953, "p_ex": 8.599370987311648, "prior": 7.688080461729196, "rate": 4.227157523440218}, "datetime": {"datetime": "2024-06-13 01:40:47", "elapsed": 158.198321, "delta": 0.105717}}
{"target": -96.64131490954978, "params": {"p_ai": 2.626669492861092, "p_al": 5.911498217644846, "p_ex": 5.563710236157524, "prior": 3.230864751305254, "rate": 2.4487955235744954}, "datetime": {"datetime": "2024-06-13 01:40:47", "elapsed": 158.303546, "delta": 0.105225}}
{"target": -109.58020733019173, "params": {"p_ai": 6.292076079141393, "p_al": 3.6150392336227193, "p_ex": 4.466163623909623, "prior": 4.237468544878544, "rate": 6.050216734749668}, "datetime": {"datetime": "2024-06-13 01:40:47", "elapsed": 158.409531, "delta": 0.105985}}
{"target": -85.31570565358334, "params": {"p_ai": 0.6720996143698694, "p_al": 4.6483715961135195, "p_ex": 9.363241142865018, "prior": 1.4816917977329311, "rate": 8.81601186201042}, "datetime": {"datetime": "2024-06-13 01:40:47", "elapsed": 158.514755, "delta": 0.105224}}
{"target": -85.46577548285427, "params": {"p_ai": 1.9867116676457621, "p_al": 4.828800929418997, "p_ex": 4.910182450155894, "prior": 2.3487670795262607, "rate": 5.966237893981851}, "datetime": {"datetime": "2024-06-13 01:40:47", "elapsed": 158.620603, "delta": 0.105848}}
{"target": -125.33877991637969, "params": {"p_ai": 8.370755177596735, "p_al": 2.428470066784845, "p_ex": 5.057751716277262, "prior": 4.6844784297828275, "rate": 8.049214381625918}, "datetime": {"datetime": "2024-06-13 01:40:47", "elapsed": 158.725827, "delta": 0.105224}}
{"target": -105.63241351482968, "params": {"p_ai": 4.8551720373679625, "p_al": 0.4808923524723822, "p_ex": 2.989784086816148, "prior": 7.216616729239001, "rate": 5.408084708481691}, "datetime": {"datetime": "2024-06-13 01:40:47", "elapsed": 158.831547, "delta": 0.10572}}
{"target": -228.29312812923692, "params": {"p_ai": 7.130408516250978, "p_al": 8.904361093565882, "p_ex": 0.37043952512420786, "prior": 1.6165813179834319, "rate": 2.062616153311377}, "datetime": {"datetime": "2024-06-13 01:40:47", "elapsed": 158.937873, "delta": 0.106326}}
{"target": -110.43390887319755, "params": {"p_ai": 5.482373770995407, "p_al": 6.875285638033866, "p_ex": 3.4239746509233417, "prior": 8.69815134313035, "rate": 8.792097795595758}, "datetime": {"datetime": "2024-06-13 01:40:47", "elapsed": 159.043589, "delta": 0.105716}}
{"target": -142.30051314483194, "params": {"p_ai": 1.9020281611260257, "p_al": 5.318731289606638, "p_ex": 9.89533223269701, "prior": 0.5766681566686965, "rate": 0.8352246167464471}, "datetime": {"datetime": "2024-06-13 01:40:48", "elapsed": 159.149347, "delta": 0.105758}}
{"target": -146.13449555072154, "params": {"p_ai": 4.17687548119399, "p_al": 8.546270166610421, "p_ex": 3.986491570183943, "prior": 0.10047872209267601, "rate": 6.455776471782982}, "datetime": {"datetime": "2024-06-13 01:40:48", "elapsed": 159.25407, "delta": 0.104723}}
{"target": -124.55481503819722, "params": {"p_ai": 2.938740758027726, "p_al": 1.5001546469653306, "p_ex": 1.0787439610589478, "prior": 8.689114300105738, "rate": 0.033649190010560236}, "datetime": {"datetime": "2024-06-13 01:40:48", "elapsed": 159.359236, "delta": 0.105166}}
{"target": -129.30130480326054, "params": {"p_ai": 5.1863463087416415, "p_al": 5.508657930632633, "p_ex": 1.160383142892338, "prior": 2.0012109061146504, "rate": 8.622359909234016}, "datetime": {"datetime": "2024-06-13 01:40:48", "elapsed": 159.470938, "delta": 0.111702}}
{"target": -116.71361017126307, "params": {"p_ai": 1.1706045030374341, "p_al": 8.247211703646046, "p_ex": 1.9317000898235421, "prior": 9.95546289182723, "rate": 4.714645365285202}, "datetime": {"datetime": "2024-06-13 01:40:48", "elapsed": 159.576845, "delta": 0.105907}}
{"target": -137.07047567341812, "params": {"p_ai": 5.47316235739433, "p_al": 0.8236566490081167, "p_ex": 0.5138813084825806, "prior": 2.0750373843877523, "rate": 1.6087283408450508}, "datetime": {"datetime": "2024-06-13 01:40:48", "elapsed": 159.682068, "delta": 0.105223}}
{"target": -92.38936339690434, "params": {"p_ai": 4.5111904649630885, "p_al": 6.299850282915464, "p_ex": 7.263567878118075, "prior": 4.561033003776881, "rate": 3.769926324961166}, "datetime": {"datetime": "2024-06-13 01:40:48", "elapsed": 159.787335, "delta": 0.105267}}
{"target": -126.58105917462942, "params": {"p_ai": 0.6450811413443532, "p_al": 5.3838314013031106, "p_ex": 4.510915596950936, "prior": 4.024173450925323, "rate": 0.739297377549636}, "datetime": {"datetime": "2024-06-13 01:40:48", "elapsed": 159.892054, "delta": 0.104719}}
{"target": -85.9651673848813, "params": {"p_ai": 1.9389589620400425, "p_al": 6.084710003782394, "p_ex": 9.150926960614223, "prior": 6.315562232208938, "rate": 5.777179416959185}, "datetime": {"datetime": "2024-06-13 01:40:48", "elapsed": 159.997802, "delta": 0.105748}}
{"target": -84.45409277902867, "params": {"p_ai": 3.424458668570204, "p_al": 1.3555854633492914, "p_ex": 5.08436213366298, "prior": 6.462997600713831, "rate": 9.67519299616602}, "datetime": {"datetime": "2024-06-13 01:40:48", "elapsed": 160.118454, "delta": 0.120652}}
{"target": -135.17093965928086, "params": {"p_ai": 7.619765598704901, "p_al": 1.8308008482704898, "p_ex": 2.397370725640492, "prior": 9.57009458791186, "rate": 7.580236326081433}, "datetime": {"datetime": "2024-06-13 01:40:49", "elapsed": 160.239131, "delta": 0.120677}}
{"target": -134.7880302161328, "params": {"p_ai": 1.9300095784021698, "p_al": 7.01981330459048, "p_ex": 8.334912290375726, "prior": 4.363068671345741, "rate": 0.09575780663839235}, "datetime": {"datetime": "2024-06-13 01:40:49", "elapsed": 160.357813, "delta": 0.118682}}
{"target": -118.44037685311933, "params": {"p_ai": 6.681434519852933, "p_al": 0.6982839964459406, "p_ex": 2.378790532340036, "prior": 0.9712126349750136, "rate": 8.704808021732656}, "datetime": {"datetime": "2024-06-13 01:40:49", "elapsed": 160.474166, "delta": 0.116353}}
{"target": -119.3157830546012, "params": {"p_ai": 8.34054282055566, "p_al": 2.3523727837850754, "p_ex": 7.544077071128042, "prior": 5.084126551345622, "rate": 4.212130083272633}, "datetime": {"datetime": "2024-06-13 01:40:49", "elapsed": 160.584238, "delta": 0.110072}}
{"target": -112.44750833777158, "params": {"p_ai": 2.1879858666385315, "p_al": 2.2173554367748403, "p_ex": 0.908931616755804, "prior": 2.4889238271796565, "rate": 5.896920756142721}, "datetime": {"datetime": "2024-06-13 01:40:49", "elapsed": 160.708412, "delta": 0.124174}}
{"target": -158.3110378852368, "params": {"p_ai": 8.822265306848173, "p_al": 1.5513240228977372, "p_ex": 2.6195303249388067, "prior": 6.336155320254513, "rate": 1.0128605823073944}, "datetime": {"datetime": "2024-06-13 01:40:49", "elapsed": 160.82062, "delta": 0.112208}}
{"target": -143.29129633788313, "params": {"p_ai": 5.153921282646919, "p_al": 4.46909154508257, "p_ex": 0.5052938192735241, "prior": 7.6579931162870505, "rate": 0.9528564523206144}, "datetime": {"datetime": "2024-06-13 01:40:49", "elapsed": 160.937311, "delta": 0.116691}}
{"target": -82.97650436112811, "params": {"p_ai": 3.3843657437612205, "p_al": 5.790074844308275, "p_ex": 8.508682332431707, "prior": 2.6092797416438254, "rate": 8.103007595133162}, "datetime": {"datetime": "2024-06-13 01:40:49", "elapsed": 161.04385, "delta": 0.106539}}
{"target": -94.7160546002908, "params": {"p_ai": 4.367210182917103, "p_al": 8.27634847928233, "p_ex": 9.215999806660857, "prior": 4.382605484176173, "rate": 2.6213106647344735}, "datetime": {"datetime": "2024-06-13 01:40:50", "elapsed": 161.148573, "delta": 0.104723}}
{"target": -88.23898003054884, "params": {"p_ai": 4.614951273141985, "p_al": 0.9490248493347024, "p_ex": 6.5881187182673475, "prior": 6.323835312579325, "rate": 4.968501963004823}, "datetime": {"datetime": "2024-06-13 01:40:50", "elapsed": 161.254059, "delta": 0.105486}}
{"target": -98.9047878201368, "params": {"p_ai": 4.7020856765161065, "p_al": 1.2859370672436552, "p_ex": 3.344550147403386, "prior": 2.6866939699212384, "rate": 5.358561014717092}, "datetime": {"datetime": "2024-06-13 01:40:50", "elapsed": 161.358802, "delta": 0.104743}}
{"target": -89.92270941427344, "params": {"p_ai": 4.198659544982929, "p_al": 8.360489112107674, "p_ex": 7.012377753383944, "prior": 4.959488359464544, "rate": 5.995609167902584}, "datetime": {"datetime": "2024-06-13 01:40:50", "elapsed": 161.463464, "delta": 0.104662}}
{"target": -90.70595859393359, "params": {"p_ai": 3.967775618698588, "p_al": 2.17528315801882, "p_ex": 7.422640148841071, "prior": 9.226456982114145, "rate": 2.613604563077292}, "datetime": {"datetime": "2024-06-13 01:40:50", "elapsed": 161.568504, "delta": 0.10504}}
{"target": -140.0315645014533, "params": {"p_ai": 6.323284870025931, "p_al": 7.09607452720982, "p_ex": 7.3710671943071, "prior": 2.7029262942568364, "rate": 1.024334263146277}, "datetime": {"datetime": "2024-06-13 01:40:50", "elapsed": 161.673224, "delta": 0.10472}}
{"target": -125.1837044908147, "params": {"p_ai": 7.185838421507484, "p_al": 4.432502126422837, "p_ex": 6.827359618129039, "prior": 0.5852331553316763, "rate": 6.543172400849333}, "datetime": {"datetime": "2024-06-13 01:40:50", "elapsed": 161.777943, "delta": 0.104719}}
{"target": -111.00832118457723, "params": {"p_ai": 2.884487893175923, "p_al": 8.778583385115077, "p_ex": 1.653832432604621, "prior": 4.456248424711869, "rate": 9.691567095079847}, "datetime": {"datetime": "2024-06-13 01:40:50", "elapsed": 161.882664, "delta": 0.104721}}
{"target": -100.58930485582613, "params": {"p_ai": 0.8621946199190262, "p_al": 4.00523582405112, "p_ex": 2.8553005975311763, "prior": 0.8277057437039895, "rate": 7.0980192589693125}, "datetime": {"datetime": "2024-06-13 01:40:50", "elapsed": 161.988289, "delta": 0.105625}}
{"target": -165.35564415445938, "params": {"p_ai": 5.624844106177818, "p_al": 9.88043777704123, "p_ex": 2.2768642495507527, "prior": 1.0475183180092338, "rate": 4.699600102098296}, "datetime": {"datetime": "2024-06-13 01:40:50", "elapsed": 162.093009, "delta": 0.10472}}
{"target": -143.76213800150134, "params": {"p_ai": 7.252886102412543, "p_al": 2.031980046884213, "p_ex": 1.9353061132368568, "prior": 0.16547877208318693, "rate": 6.134148945872518}, "datetime": {"datetime": "2024-06-13 01:40:51", "elapsed": 162.197729, "delta": 0.10472}}
{"target": -113.19397609380604, "params": {"p_ai": 5.867117373471412, "p_al": 4.601979168445047, "p_ex": 7.062314912212693, "prior": 0.5940881024687412, "rate": 6.650141696408433}, "datetime": {"datetime": "2024-06-13 01:40:51", "elapsed": 162.302478, "delta": 0.104749}}
{"target": -86.06683914394408, "params": {"p_ai": 1.8859377873976535, "p_al": 1.3427130043020572, "p_ex": 8.948826097560175, "prior": 6.886089309604159, "rate": 6.348178656416854}, "datetime": {"datetime": "2024-06-13 01:40:51", "elapsed": 162.407248, "delta": 0.10477}}
{"target": -148.57657501999344, "params": {"p_ai": 0.6252493986436388, "p_al": 1.004604058030337, "p_ex": 4.1820213069373615, "prior": 7.761981454491674, "rate": 0.09359866520452383}, "datetime": {"datetime": "2024-06-13 01:40:51", "elapsed": 162.512526, "delta": 0.105278}}
