{"target": -303.44033578233933, "params": {"gamma": 5.618566827974954, "prior": 4.710139830525047, "rate": 1.5828405185913081}, "datetime": {"datetime": "2024-06-14 10:30:38", "elapsed": 13.404423, "delta": 0.010971}}
{"target": -141.62747399929404, "params": {"gamma": 0.46548205758633604, "prior": 4.691938262951814, "rate": 6.54336650017196}, "datetime": {"datetime": "2024-06-14 10:30:38", "elapsed": 13.414397, "delta": 0.009974}}
{"target": -164.87342208592648, "params": {"gamma": 2.1262506191650012, "prior": 4.059501088269441, "rate": 4.976881207213625}, "datetime": {"datetime": "2024-06-14 10:30:38", "elapsed": 13.42437, "delta": 0.009973}}
{"target": -477.0343860914911, "params": {"gamma": 9.549084662565308, "prior": 8.786706772952215, "rate": 8.740622431637016}, "datetime": {"datetime": "2024-06-14 10:30:38", "elapsed": 13.434343, "delta": 0.009973}}
{"target": -490.2279133329558, "params": {"gamma": 9.966008787860254, "prior": 7.7571875030905035, "rate": 2.031395720720704}, "datetime": {"datetime": "2024-06-14 10:30:38", "elapsed": 13.444316, "delta": 0.009973}}
{"target": -468.0437685330171, "params": {"gamma": 8.399033519310658, "prior": 1.7458576605066427, "rate": 8.890981709818412}, "datetime": {"datetime": "2024-06-14 10:30:38", "elapsed": 13.455287, "delta": 0.010971}}
{"target": -207.68441823679294, "params": {"gamma": 3.3864593795504314, "prior": 2.950652172676902, "rate": 6.06262377611874}, "datetime": {"datetime": "2024-06-14 10:30:38", "elapsed": 13.464262, "delta": 0.008975}}
{"target": -145.27638540726613, "params": {"gamma": 0.6070548531937172, "prior": 9.080172928574301, "rate": 3.8113259129552914}, "datetime": {"datetime": "2024-06-14 10:30:38", "elapsed": 13.474236, "delta": 0.009974}}
{"target": -400.43274553418354, "params": {"gamma": 7.900041725850161, "prior": 7.134419608014303, "rate": 7.0417771519431795}, "datetime": {"datetime": "2024-06-14 10:30:38", "elapsed": 13.48421, "delta": 0.009974}}
{"target": -286.5155399640782, "params": {"gamma": 5.326729042736205, "prior": 4.720087553406988, "rate": 6.454333923418758}, "datetime": {"datetime": "2024-06-14 10:30:38", "elapsed": 13.494183, "delta": 0.009973}}
{"target": -376.09192693917566, "params": {"gamma": 6.916080494254339, "prior": 2.434600133254994, "rate": 7.538328274742676}, "datetime": {"datetime": "2024-06-14 10:30:38", "elapsed": 13.504156, "delta": 0.009973}}
{"target": -466.7578537047288, "params": {"gamma": 9.366235064689338, "prior": 8.169466711621713, "rate": 7.306366078682459}, "datetime": {"datetime": "2024-06-14 10:30:38", "elapsed": 13.513132, "delta": 0.008976}}
{"target": -485.2977214535204, "params": {"gamma": 8.217287677383837, "prior": 0.1688536836406846, "rate": 1.7490656420010366}, "datetime": {"datetime": "2024-06-14 10:30:38", "elapsed": 13.523105, "delta": 0.009973}}
{"target": -207.17764902035543, "params": {"gamma": 3.4204500359621868, "prior": 7.36182952566306, "rate": 9.783754518567227}, "datetime": {"datetime": "2024-06-14 10:30:38", "elapsed": 13.533079, "delta": 0.009974}}
{"target": -384.6131816502111, "params": {"gamma": 7.329045588922614, "prior": 4.842030034998996, "rate": 9.210597067436987}, "datetime": {"datetime": "2024-06-14 10:30:38", "elapsed": 13.543052, "delta": 0.009973}}
{"target": -251.17055541957345, "params": {"gamma": 3.7776137015044906, "prior": 6.452737261640754, "rate": 0.01604319738412774}, "datetime": {"datetime": "2024-06-14 10:30:38", "elapsed": 13.552028, "delta": 0.008976}}
{"target": -156.55166273227258, "params": {"gamma": 1.794416084834932, "prior": 3.0189038120395777, "rate": 3.8705109944468274}, "datetime": {"datetime": "2024-06-14 10:30:38", "elapsed": 13.562001, "delta": 0.009973}}
{"target": -261.59789086775345, "params": {"gamma": 4.598745249224747, "prior": 7.987515713645756, "rate": 2.7991759941470526}, "datetime": {"datetime": "2024-06-14 10:30:38", "elapsed": 13.571975, "delta": 0.009974}}
{"target": -141.30346824776404, "params": {"gamma": 0.8275331899589359, "prior": 5.261564230524021, "rate": 9.81153872947284}, "datetime": {"datetime": "2024-06-14 10:30:38", "elapsed": 13.581948, "delta": 0.009973}}
{"target": -237.19123241592678, "params": {"gamma": 4.00818395641571, "prior": 2.6461917102343175, "rate": 7.763638646345232}, "datetime": {"datetime": "2024-06-14 10:30:38", "elapsed": 13.591921, "delta": 0.009973}}
{"target": -423.96522353723805, "params": {"gamma": 6.156219784190765, "prior": 0.17472852864200794, "rate": 9.862064844626225}, "datetime": {"datetime": "2024-06-14 10:30:38", "elapsed": 13.601895, "delta": 0.009974}}
{"target": -271.7216399621319, "params": {"gamma": 4.889696405678729, "prior": 3.109816521594326, "rate": 6.651105432765965}, "datetime": {"datetime": "2024-06-14 10:30:38", "elapsed": 13.610871, "delta": 0.008976}}
{"target": -186.95241016088852, "params": {"gamma": 2.8563222513640976, "prior": 4.689084919733314, "rate": 6.518558892191261}, "datetime": {"datetime": "2024-06-14 10:30:38", "elapsed": 13.620876, "delta": 0.010005}}
{"target": -145.5367382307441, "params": {"gamma": 1.2196983897335782, "prior": 4.725508951667924, "rate": 7.35232222858189}, "datetime": {"datetime": "2024-06-14 10:30:38", "elapsed": 13.630817, "delta": 0.009941}}
{"target": -606.3421036413404, "params": {"gamma": 9.605219885684939, "prior": 0.3117559709580553, "rate": 8.324959625901556}, "datetime": {"datetime": "2024-06-14 10:30:38", "elapsed": 13.640791, "delta": 0.009974}}
{"target": -468.90851800128627, "params": {"gamma": 9.391521053346748, "prior": 9.859596421590911, "rate": 9.378378518554022}, "datetime": {"datetime": "2024-06-14 10:30:38", "elapsed": 13.650556, "delta": 0.009765}}
{"target": -157.5357984733002, "params": {"gamma": 1.2933848293668193, "prior": 8.871599920049611, "rate": 1.529468431828893}, "datetime": {"datetime": "2024-06-14 10:30:38", "elapsed": 13.65971, "delta": 0.009154}}
{"target": -215.8437043647768, "params": {"gamma": 3.6058030535750842, "prior": 3.6755031909663085, "rate": 2.7985741373137722}, "datetime": {"datetime": "2024-06-14 10:30:38", "elapsed": 13.669684, "delta": 0.009974}}
{"target": -230.58388873808462, "params": {"gamma": 3.548687634297447, "prior": 5.475715491805219, "rate": 0.7860916495607814}, "datetime": {"datetime": "2024-06-14 10:30:38", "elapsed": 13.679657, "delta": 0.009973}}
{"target": -232.77767353251267, "params": {"gamma": 3.7293238414408294, "prior": 5.873866921901378, "rate": 1.3433598503872748}, "datetime": {"datetime": "2024-06-14 10:30:38", "elapsed": 13.68963, "delta": 0.009973}}
{"target": -186.440315580332, "params": {"gamma": 2.430636464974349, "prior": 3.1965129173207756, "rate": 0.7462639779838585}, "datetime": {"datetime": "2024-06-14 10:30:38", "elapsed": 13.699618, "delta": 0.009988}}
{"target": -415.7313904811926, "params": {"gamma": 8.077100262224654, "prior": 2.7076349809785905, "rate": 4.106599490946104}, "datetime": {"datetime": "2024-06-14 10:30:38", "elapsed": 13.709577, "delta": 0.009959}}
{"target": -238.4808700430878, "params": {"gamma": 4.054723246527664, "prior": 3.1168827992527173, "rate": 1.2782527317471344}, "datetime": {"datetime": "2024-06-14 10:30:38", "elapsed": 13.719551, "delta": 0.009974}}
{"target": -443.18815718764677, "params": {"gamma": 8.935700181344412, "prior": 6.8458089939758615, "rate": 2.669647727792136}, "datetime": {"datetime": "2024-06-14 10:30:38", "elapsed": 13.729524, "delta": 0.009973}}
{"target": -141.7301360847792, "params": {"gamma": 0.9252168378068174, "prior": 1.3226006592467376, "rate": 2.765087577252426}, "datetime": {"datetime": "2024-06-14 10:30:38", "elapsed": 13.739497, "delta": 0.009973}}
{"target": -139.85050730007785, "params": {"gamma": 0.49138574517622646, "prior": 1.536953953174493, "rate": 4.75082044615585}, "datetime": {"datetime": "2024-06-14 10:30:38", "elapsed": 13.748473, "delta": 0.008976}}
{"target": -479.231606226402, "params": {"gamma": 9.359858045746865, "prior": 4.39728295824498, "rate": 7.091695404396912}, "datetime": {"datetime": "2024-06-14 10:30:38", "elapsed": 13.758446, "delta": 0.009973}}
{"target": -314.50208709975317, "params": {"gamma": 5.703480436122253, "prior": 9.764817437319463, "rate": 1.7829338600348927}, "datetime": {"datetime": "2024-06-14 10:30:38", "elapsed": 13.76842, "delta": 0.009974}}
{"target": -396.96900359102324, "params": {"gamma": 7.391311728201115, "prior": 3.56902627908651, "rate": 9.912129823702113}, "datetime": {"datetime": "2024-06-14 10:30:38", "elapsed": 13.778393, "delta": 0.009973}}
{"target": -212.15594122076234, "params": {"gamma": 3.5287645393308957, "prior": 9.789953507003169, "rate": 8.603854098454429}, "datetime": {"datetime": "2024-06-14 10:30:38", "elapsed": 13.788366, "delta": 0.009973}}
{"target": -341.87469163476186, "params": {"gamma": 5.97776886311117, "prior": 0.3717347713456658, "rate": 1.8561349624416226}, "datetime": {"datetime": "2024-06-14 10:30:38", "elapsed": 13.798339, "delta": 0.009973}}
{"target": -147.59319782125002, "params": {"gamma": 0.5660612431019523, "prior": 7.945371439682299, "rate": 0.7404368885098506}, "datetime": {"datetime": "2024-06-14 10:30:38", "elapsed": 13.808212, "delta": 0.009873}}
{"target": -449.9058607426727, "params": {"gamma": 7.864807897266238, "prior": 0.37672330549397026, "rate": 2.552807324311116}, "datetime": {"datetime": "2024-06-14 10:30:38", "elapsed": 13.818186, "delta": 0.009974}}
{"target": -191.83059199812215, "params": {"gamma": 2.9765362830187123, "prior": 5.689604254646701, "rate": 5.621050378621821}, "datetime": {"datetime": "2024-06-14 10:30:38", "elapsed": 13.828159, "delta": 0.009973}}
{"target": -443.74437341759796, "params": {"gamma": 8.874122245059352, "prior": 6.41003665642897, "rate": 1.615458841587833}, "datetime": {"datetime": "2024-06-14 10:30:38", "elapsed": 13.837135, "delta": 0.008976}}
{"target": -143.79715708065817, "params": {"gamma": 0.27092093445094007, "prior": 7.6436267297477904, "rate": 5.3561524093705035}, "datetime": {"datetime": "2024-06-14 10:30:38", "elapsed": 13.847108, "delta": 0.009973}}
{"target": -307.38418821674946, "params": {"gamma": 5.786712866351162, "prior": 4.199639973876964, "rate": 5.898561065889926}, "datetime": {"datetime": "2024-06-14 10:30:38", "elapsed": 13.857082, "delta": 0.009974}}
{"target": -232.11200133549573, "params": {"gamma": 4.056908149188704, "prior": 4.512354814204365, "rate": 5.927803620451909}, "datetime": {"datetime": "2024-06-14 10:30:38", "elapsed": 13.866058, "delta": 0.008976}}
{"target": -318.0478009700315, "params": {"gamma": 4.923952760842727, "prior": 0.685123570453242, "rate": 9.767920289447702}, "datetime": {"datetime": "2024-06-14 10:30:38", "elapsed": 13.876031, "delta": 0.009973}}
{"target": -436.97798948731355, "params": {"gamma": 8.55152126248045, "prior": 3.8529477154984746, "rate": 5.465701902352132}, "datetime": {"datetime": "2024-06-14 10:30:38", "elapsed": 13.886039, "delta": 0.010008}}
{"target": -489.1616652133505, "params": {"gamma": 9.328810392069327, "prior": 4.039856882837672, "rate": 9.447782220977258}, "datetime": {"datetime": "2024-06-14 10:30:38", "elapsed": 13.895978, "delta": 0.009939}}
{"target": -142.90073618218605, "params": {"gamma": 0.3058322755797807, "prior": 7.483415270128151, "rate": 7.9702691040219795}, "datetime": {"datetime": "2024-06-14 10:30:38", "elapsed": 13.905951, "delta": 0.009973}}
{"target": -162.24020156024585, "params": {"gamma": 1.93915729117472, "prior": 1.7123810753953614, "rate": 5.911191778228094}, "datetime": {"datetime": "2024-06-14 10:30:39", "elapsed": 13.915956, "delta": 0.010005}}
{"target": -274.9964346477356, "params": {"gamma": 4.797437426866516, "prior": 5.906771763997412, "rate": 1.3235786977154271}, "datetime": {"datetime": "2024-06-14 10:30:39", "elapsed": 13.925331, "delta": 0.009375}}
{"target": -184.3240200124369, "params": {"gamma": 2.7780929606304388, "prior": 0.789756371223281, "rate": 1.0808592298701158}, "datetime": {"datetime": "2024-06-14 10:30:39", "elapsed": 13.9353, "delta": 0.009969}}
{"target": -441.48868624267476, "params": {"gamma": 7.164060397933428, "prior": 0.3613793596910616, "rate": 5.396963570672858}, "datetime": {"datetime": "2024-06-14 10:30:39", "elapsed": 13.945273, "delta": 0.009973}}
{"target": -195.25208049743492, "params": {"gamma": 2.9873312333774114, "prior": 8.698123271650664, "rate": 5.4508437359806505}, "datetime": {"datetime": "2024-06-14 10:30:39", "elapsed": 13.955277, "delta": 0.010004}}
{"target": -496.9813455421601, "params": {"gamma": 9.975479797714407, "prior": 5.654651317130731, "rate": 5.621416031788874}, "datetime": {"datetime": "2024-06-14 10:30:39", "elapsed": 13.96522, "delta": 0.009943}}
{"target": -205.0963652979433, "params": {"gamma": 3.351731873456963, "prior": 2.598016846624347, "rate": 4.27426940599577}, "datetime": {"datetime": "2024-06-14 10:30:39", "elapsed": 13.97575, "delta": 0.01053}}
{"target": -177.00617828219666, "params": {"gamma": 2.2725263696062235, "prior": 0.8016724751186088, "rate": 4.2510872816074885}, "datetime": {"datetime": "2024-06-14 10:30:39", "elapsed": 13.985725, "delta": 0.009975}}
{"target": -149.81406236680397, "params": {"gamma": 1.0650645144221098, "prior": 7.2588960645487015, "rate": 2.984641891979689}, "datetime": {"datetime": "2024-06-14 10:30:39", "elapsed": 13.995697, "delta": 0.009972}}
{"target": -279.8958232829334, "params": {"gamma": 4.904126225336482, "prior": 2.036274494273748, "rate": 6.808584262587829}, "datetime": {"datetime": "2024-06-14 10:30:39", "elapsed": 14.005671, "delta": 0.009974}}
{"target": -441.45527069247754, "params": {"gamma": 8.308430641906321, "prior": 2.282027181056831, "rate": 0.07907888226929988}, "datetime": {"datetime": "2024-06-14 10:30:39", "elapsed": 14.015644, "delta": 0.009973}}
{"target": -182.03523756679954, "params": {"gamma": 2.5097921802793786, "prior": 6.31359939215205, "rate": 3.1088574555471813}, "datetime": {"datetime": "2024-06-14 10:30:39", "elapsed": 14.02462, "delta": 0.008976}}
{"target": -417.844497540654, "params": {"gamma": 8.36222517696091, "prior": 8.542118072949869, "rate": 3.7180338874028376}, "datetime": {"datetime": "2024-06-14 10:30:39", "elapsed": 14.034593, "delta": 0.009973}}
{"target": -260.3170031469389, "params": {"gamma": 3.6539795857073187, "prior": 0.2639694600704467, "rate": 5.497237804999031}, "datetime": {"datetime": "2024-06-14 10:30:39", "elapsed": 14.044566, "delta": 0.009973}}
{"target": -157.734271864679, "params": {"gamma": 1.5435516702923755, "prior": 1.2155274275217443, "rate": 0.5343279544192256}, "datetime": {"datetime": "2024-06-14 10:30:39", "elapsed": 14.05454, "delta": 0.009974}}
{"target": -168.27824407379558, "params": {"gamma": 1.7936587903460857, "prior": 1.6437150285544317, "rate": 0.3558683019833646}, "datetime": {"datetime": "2024-06-14 10:30:39", "elapsed": 14.063516, "delta": 0.008976}}
{"target": -482.9301408627946, "params": {"gamma": 9.82434211273752, "prior": 6.617214564837837, "rate": 3.8705537217530446}, "datetime": {"datetime": "2024-06-14 10:30:39", "elapsed": 14.073489, "delta": 0.009973}}
{"target": -140.21949107549494, "params": {"gamma": 0.6257922981876658, "prior": 0.5677285559900357, "rate": 8.049719394631913}, "datetime": {"datetime": "2024-06-14 10:30:39", "elapsed": 14.083463, "delta": 0.009974}}
{"target": -239.4358364574136, "params": {"gamma": 4.228375279460253, "prior": 1.1717762927933444, "rate": 1.6711743461337876}, "datetime": {"datetime": "2024-06-14 10:30:39", "elapsed": 14.093436, "delta": 0.009973}}
{"target": -357.5156663070624, "params": {"gamma": 6.802265132639049, "prior": 4.329618010053698, "rate": 0.9689860913418493}, "datetime": {"datetime": "2024-06-14 10:30:39", "elapsed": 14.103438, "delta": 0.010002}}
{"target": -242.868760703866, "params": {"gamma": 3.920704589637105, "prior": 0.5430825876121436, "rate": 2.710990200499908}, "datetime": {"datetime": "2024-06-14 10:30:39", "elapsed": 14.113383, "delta": 0.009945}}
{"target": -275.10134348638456, "params": {"gamma": 5.031293904777502, "prior": 4.6290449340530495, "rate": 7.686577408158113}, "datetime": {"datetime": "2024-06-14 10:30:39", "elapsed": 14.122388, "delta": 0.009005}}
{"target": -162.09236146363753, "params": {"gamma": 1.6031430865858975, "prior": 5.149437940488653, "rate": 1.4161287835344174}, "datetime": {"datetime": "2024-06-14 10:30:39", "elapsed": 14.132332, "delta": 0.009944}}
{"target": -167.56197573745249, "params": {"gamma": 1.8945065357360218, "prior": 4.157996176719801, "rate": 1.4594799700408772}, "datetime": {"datetime": "2024-06-14 10:30:39", "elapsed": 14.142305, "delta": 0.009973}}
{"target": -304.74712711170133, "params": {"gamma": 5.623712931107031, "prior": 4.6067950147829295, "rate": 9.42102448081776}, "datetime": {"datetime": "2024-06-14 10:30:39", "elapsed": 14.151787, "delta": 0.009482}}
{"target": -381.16516386841926, "params": {"gamma": 6.700279053399254, "prior": 1.1211081382406665, "rate": 6.071461447289983}, "datetime": {"datetime": "2024-06-14 10:30:39", "elapsed": 14.16176, "delta": 0.009973}}
{"target": -238.08951265092344, "params": {"gamma": 4.203872166556974, "prior": 5.056256533803172, "rate": 6.558399608979977}, "datetime": {"datetime": "2024-06-14 10:30:39", "elapsed": 14.171733, "delta": 0.009973}}
{"target": -157.93732500037234, "params": {"gamma": 1.857995271651951, "prior": 3.659391503666097, "rate": 4.80431758722436}, "datetime": {"datetime": "2024-06-14 10:30:39", "elapsed": 14.181706, "delta": 0.009973}}
{"target": -326.5390123797288, "params": {"gamma": 6.148214863550358, "prior": 2.9270157375806125, "rate": 5.028231781609626}, "datetime": {"datetime": "2024-06-14 10:30:39", "elapsed": 14.191131, "delta": 0.009425}}
{"target": -189.04467438086127, "params": {"gamma": 2.786182582989594, "prior": 5.766659556664776, "rate": 3.423551750452962}, "datetime": {"datetime": "2024-06-14 10:30:39", "elapsed": 14.201105, "delta": 0.009974}}
{"target": -425.88429023222346, "params": {"gamma": 8.3917704255985, "prior": 6.890536777175542, "rate": 8.16146205993121}, "datetime": {"datetime": "2024-06-14 10:30:39", "elapsed": 14.212075, "delta": 0.01097}}
{"target": -151.2114231203801, "params": {"gamma": 1.5433064281287947, "prior": 1.933417151252388, "rate": 5.426405215883123}, "datetime": {"datetime": "2024-06-14 10:30:39", "elapsed": 14.225041, "delta": 0.012966}}
{"target": -144.13792396318019, "params": {"gamma": 0.6149211908273852, "prior": 5.426779331886682, "rate": 3.360634014854361}, "datetime": {"datetime": "2024-06-14 10:30:39", "elapsed": 14.238006, "delta": 0.012965}}
{"target": -227.67899716167, "params": {"gamma": 3.2452188194691933, "prior": 2.3755465724366975, "rate": 0.0478627093242713}, "datetime": {"datetime": "2024-06-14 10:30:39", "elapsed": 14.247982, "delta": 0.009976}}
{"target": -353.35903835730187, "params": {"gamma": 6.87104638723164, "prior": 7.552533805640476, "rate": 3.383495876309245}, "datetime": {"datetime": "2024-06-14 10:30:39", "elapsed": 14.261944, "delta": 0.013962}}
{"target": -258.7148638560758, "params": {"gamma": 4.698566381850696, "prior": 7.994084512409785, "rate": 6.475029921813591}, "datetime": {"datetime": "2024-06-14 10:30:39", "elapsed": 14.307822, "delta": 0.045878}}
{"target": -141.7108917279705, "params": {"gamma": 0.23075873965417942, "prior": 2.91132760594111, "rate": 9.543993923653835}, "datetime": {"datetime": "2024-06-14 10:30:39", "elapsed": 14.318873, "delta": 0.011051}}
{"target": -469.2886049405688, "params": {"gamma": 8.831663399364862, "prior": 3.3196577156813976, "rate": 9.106428259046453}, "datetime": {"datetime": "2024-06-14 10:30:39", "elapsed": 14.32785, "delta": 0.008977}}
{"target": -262.83649222395314, "params": {"gamma": 4.792271643587237, "prior": 2.1004803357874806, "rate": 2.7152226317759873}, "datetime": {"datetime": "2024-06-14 10:30:39", "elapsed": 14.337822, "delta": 0.009972}}
{"target": -185.08872038971253, "params": {"gamma": 2.4105781820003296, "prior": 0.6501970175159, "rate": 4.371923976318957}, "datetime": {"datetime": "2024-06-14 10:30:39", "elapsed": 14.347798, "delta": 0.009976}}
{"target": -454.1119225553942, "params": {"gamma": 9.045924292349737, "prior": 5.304998895374705, "rate": 5.45501927258241}, "datetime": {"datetime": "2024-06-14 10:30:39", "elapsed": 14.357771, "delta": 0.009973}}
{"target": -169.33497978166355, "params": {"gamma": 2.270769102045196, "prior": 0.5593682144374752, "rate": 1.2589544199559672}, "datetime": {"datetime": "2024-06-14 10:30:39", "elapsed": 14.368297, "delta": 0.010526}}
{"target": -165.85629963334412, "params": {"gamma": 2.152041802423628, "prior": 8.746594812552626, "rate": 9.883297769252295}, "datetime": {"datetime": "2024-06-14 10:30:39", "elapsed": 14.378269, "delta": 0.009972}}
{"target": -144.05082682051818, "params": {"gamma": 0.17864471946155067, "prior": 4.488768556876849, "rate": 3.6926037105639593}, "datetime": {"datetime": "2024-06-14 10:30:39", "elapsed": 14.388243, "delta": 0.009974}}
{"target": -287.45741426337395, "params": {"gamma": 5.365099171557174, "prior": 6.203575904526908, "rate": 3.9606016122470797}, "datetime": {"datetime": "2024-06-14 10:30:39", "elapsed": 14.398217, "delta": 0.009974}}
{"target": -174.95220832291875, "params": {"gamma": 1.8394567778102808, "prior": 5.8942150336226105, "rate": 0.33393439959498467}, "datetime": {"datetime": "2024-06-14 10:30:39", "elapsed": 14.408189, "delta": 0.009972}}
{"target": -453.1727110558908, "params": {"gamma": 8.939882672498515, "prior": 6.47966689423678, "rate": 0.9463480982929026}, "datetime": {"datetime": "2024-06-14 10:30:39", "elapsed": 14.41916, "delta": 0.010971}}
{"target": -293.0382640203165, "params": {"gamma": 5.514198481896219, "prior": 1.37684577932591, "rate": 1.189089580581743}, "datetime": {"datetime": "2024-06-14 10:30:39", "elapsed": 14.429134, "delta": 0.009974}}
{"target": -181.6816056987107, "params": {"gamma": 2.656223467019746, "prior": 7.652792185558542, "rate": 6.982511237812883}, "datetime": {"datetime": "2024-06-14 10:30:39", "elapsed": 14.439106, "delta": 0.009972}}
