{"target": -1516.3834752395633, "params": {"gamma": 4.797895932924502, "lr": 0.9466766792396476}, "datetime": {"datetime": "2024-06-13 18:39:24", "elapsed": 3.099578, "delta": 0.003989}}
{"target": -2672.830436428958, "params": {"gamma": 5.53478362877641, "lr": 0.08480182166035288}, "datetime": {"datetime": "2024-06-13 18:39:24", "elapsed": 3.103567, "delta": 0.003989}}
{"target": -589.0019667963876, "params": {"gamma": 2.0254278937096815, "lr": 0.8542379729163827}, "datetime": {"datetime": "2024-06-13 18:39:24", "elapsed": 3.107557, "delta": 0.00399}}
{"target": -2131.9513512527633, "params": {"gamma": 7.0595677402804276, "lr": 0.8949395201529242}, "datetime": {"datetime": "2024-06-13 18:39:24", "elapsed": 3.111545, "delta": 0.003988}}
{"target": -601.2400860013977, "params": {"gamma": 3.2921308719412035, "lr": 0.5280013966376261}, "datetime": {"datetime": "2024-06-13 18:39:24", "elapsed": 3.115535, "delta": 0.00399}}
{"target": -1149.1876422902167, "params": {"gamma": 6.504330926708715, "lr": 0.5942908535866644}, "datetime": {"datetime": "2024-06-13 18:39:24", "elapsed": 3.119524, "delta": 0.003989}}
{"target": -402.9929050327616, "params": {"gamma": 2.315397892406944, "lr": 0.4268213494482356}, "datetime": {"datetime": "2024-06-13 18:39:24", "elapsed": 3.123514, "delta": 0.00399}}
{"target": -712.5556503937961, "params": {"gamma": 2.481866529137688, "lr": 0.8456149622311454}, "datetime": {"datetime": "2024-06-13 18:39:24", "elapsed": 3.127503, "delta": 0.003989}}
{"target": -4677.063718072409, "params": {"gamma": 9.866787772235858, "lr": 0.06657080313237929}, "datetime": {"datetime": "2024-06-13 18:39:24", "elapsed": 3.13249, "delta": 0.004987}}
{"target": -1186.6605437688304, "params": {"gamma": 7.139566394637347, "lr": 0.3301155521990743}, "datetime": {"datetime": "2024-06-13 18:39:24", "elapsed": 3.13648, "delta": 0.00399}}
{"target": -984.9446896879657, "params": {"gamma": 6.254728347736019, "lr": 0.258129649281871}, "datetime": {"datetime": "2024-06-13 18:39:24", "elapsed": 3.140468, "delta": 0.003988}}
{"target": -912.2327943476702, "params": {"gamma": 6.510425085475643, "lr": 0.37114718446272954}, "datetime": {"datetime": "2024-06-13 18:39:24", "elapsed": 3.144458, "delta": 0.00399}}
{"target": -915.557564132353, "params": {"gamma": 2.9489139744901, "lr": 0.9117631736977988}, "datetime": {"datetime": "2024-06-13 18:39:24", "elapsed": 3.148447, "delta": 0.003989}}
{"target": -1740.3957448110368, "params": {"gamma": 9.425046243387849, "lr": 0.6135500265601355}, "datetime": {"datetime": "2024-06-13 18:39:24", "elapsed": 3.152436, "delta": 0.003989}}
{"target": -692.8014948985239, "params": {"gamma": 2.1454633405260957, "lr": 0.9394188709061594}, "datetime": {"datetime": "2024-06-13 18:39:24", "elapsed": 3.156426, "delta": 0.00399}}
{"target": -1846.9678742309698, "params": {"gamma": 7.504785013686519, "lr": 0.7510898073228061}, "datetime": {"datetime": "2024-06-13 18:39:24", "elapsed": 3.160415, "delta": 0.003989}}
{"target": -603.9568760904474, "params": {"gamma": 2.1180016271500137, "lr": 0.8301565261622993}, "datetime": {"datetime": "2024-06-13 18:39:24", "elapsed": 3.164404, "delta": 0.003989}}
{"target": -492.5230756683892, "params": {"gamma": 2.4017114464579397, "lr": 0.6316207452501602}, "datetime": {"datetime": "2024-06-13 18:39:24", "elapsed": 3.168394, "delta": 0.00399}}
{"target": -1671.1954835296158, "params": {"gamma": 7.107684959425964, "lr": 0.7423834297071017}, "datetime": {"datetime": "2024-06-13 18:39:24", "elapsed": 3.172383, "delta": 0.003989}}
{"target": -971.5715329660167, "params": {"gamma": 3.9032567812912102, "lr": 0.7598253967160974}, "datetime": {"datetime": "2024-06-13 18:39:24", "elapsed": 3.176373, "delta": 0.00399}}
{"target": -1585.7554028375937, "params": {"gamma": 9.029456085314978, "lr": 0.5874200192375769}, "datetime": {"datetime": "2024-06-13 18:39:24", "elapsed": 3.180362, "delta": 0.003989}}
{"target": -303.982104352285, "params": {"gamma": 0.9050067472322914, "lr": 0.12897598414227607}, "datetime": {"datetime": "2024-06-13 18:39:24", "elapsed": 3.184351, "delta": 0.003989}}
{"target": -268.09844881879025, "params": {"gamma": 1.0535200041012063, "lr": 0.17272746332288003}, "datetime": {"datetime": "2024-06-13 18:39:24", "elapsed": 3.18834, "delta": 0.003989}}
{"target": -355.6162839033083, "params": {"gamma": 1.2651824720065605, "lr": 0.7783008900676276}, "datetime": {"datetime": "2024-06-13 18:39:24", "elapsed": 3.19233, "delta": 0.00399}}
{"target": -152.58949343070404, "params": {"gamma": 0.39507571033225836, "lr": 0.24155841734086403}, "datetime": {"datetime": "2024-06-13 18:39:24", "elapsed": 3.196319, "delta": 0.003989}}
{"target": -2765.4355844826628, "params": {"gamma": 8.790784947183296, "lr": 0.9735188608362936}, "datetime": {"datetime": "2024-06-13 18:39:24", "elapsed": 3.200308, "delta": 0.003989}}
{"target": -1909.2690285634171, "params": {"gamma": 6.054614655262755, "lr": 0.9762382645603884}, "datetime": {"datetime": "2024-06-13 18:39:24", "elapsed": 3.204298, "delta": 0.00399}}
{"target": -202.49673072947675, "params": {"gamma": 0.43547196560805285, "lr": 0.9485727683760076}, "datetime": {"datetime": "2024-06-13 18:39:24", "elapsed": 3.208287, "delta": 0.003989}}
{"target": -806.8661549161637, "params": {"gamma": 3.113649528479215, "lr": 0.798972840361593}, "datetime": {"datetime": "2024-06-13 18:39:24", "elapsed": 3.212276, "delta": 0.003989}}
{"target": -2367.633848464947, "params": {"gamma": 8.106480405365568, "lr": 0.8599985915803449}, "datetime": {"datetime": "2024-06-13 18:39:24", "elapsed": 3.216266, "delta": 0.00399}}
{"target": -1450.2146908683496, "params": {"gamma": 4.586049558214109, "lr": 0.9306443921654484}, "datetime": {"datetime": "2024-06-13 18:39:24", "elapsed": 3.220255, "delta": 0.003989}}
{"target": -826.2810635488895, "params": {"gamma": 2.579671951285972, "lr": 0.9344454925295846}, "datetime": {"datetime": "2024-06-13 18:39:24", "elapsed": 3.224244, "delta": 0.003989}}
{"target": -1952.110359705164, "params": {"gamma": 6.191577212883354, "lr": 0.9854449149448306}, "datetime": {"datetime": "2024-06-13 18:39:24", "elapsed": 3.228234, "delta": 0.00399}}
{"target": -164.2539407597299, "params": {"gamma": 0.3274060157599613, "lr": 0.7251666588327084}, "datetime": {"datetime": "2024-06-13 18:39:24", "elapsed": 3.233221, "delta": 0.004987}}
{"target": -882.6158628386727, "params": {"gamma": 5.655976799568431, "lr": 0.4924240473983196}, "datetime": {"datetime": "2024-06-13 18:39:24", "elapsed": 3.23721, "delta": 0.003989}}
{"target": -454.05805737888033, "params": {"gamma": 2.5929220383817193, "lr": 0.3268306848663751}, "datetime": {"datetime": "2024-06-13 18:39:24", "elapsed": 3.240202, "delta": 0.002992}}
{"target": -467.42970366183135, "params": {"gamma": 2.495372604807176, "lr": 0.21926791032506077}, "datetime": {"datetime": "2024-06-13 18:39:24", "elapsed": 3.244191, "delta": 0.003989}}
{"target": -1418.5341270127312, "params": {"gamma": 7.996808714410864, "lr": 0.5023950058982584}, "datetime": {"datetime": "2024-06-13 18:39:24", "elapsed": 3.248181, "delta": 0.00399}}
{"target": -252.981721376965, "params": {"gamma": 0.8328156970812803, "lr": 0.7769841920273803}, "datetime": {"datetime": "2024-06-13 18:39:24", "elapsed": 3.253167, "delta": 0.004986}}
{"target": -1261.561945349805, "params": {"gamma": 5.336957111761226, "lr": 0.739387787346382}, "datetime": {"datetime": "2024-06-13 18:39:24", "elapsed": 3.256159, "delta": 0.002992}}
{"target": -820.4910899684762, "params": {"gamma": 5.154421537738071, "lr": 0.39994592398513173}, "datetime": {"datetime": "2024-06-13 18:39:24", "elapsed": 3.260148, "delta": 0.003989}}
{"target": -4675.03550620948, "params": {"gamma": 9.862481577580514, "lr": 0.02824262016291268}, "datetime": {"datetime": "2024-06-13 18:39:24", "elapsed": 3.264138, "delta": 0.00399}}
{"target": -2933.4771913732884, "params": {"gamma": 9.327706315740619, "lr": 0.930854967759968}, "datetime": {"datetime": "2024-06-13 18:39:24", "elapsed": 3.268127, "delta": 0.003989}}
{"target": -709.4144913481418, "params": {"gamma": 3.909796196303079, "lr": 0.2144648711333198}, "datetime": {"datetime": "2024-06-13 18:39:24", "elapsed": 3.272116, "delta": 0.003989}}
{"target": -1300.4031521020934, "params": {"gamma": 6.192513766034457, "lr": 0.17797233547016944}, "datetime": {"datetime": "2024-06-13 18:39:24", "elapsed": 3.276106, "delta": 0.00399}}
{"target": -1254.9466119359035, "params": {"gamma": 8.032278735085756, "lr": 0.2539338558777352}, "datetime": {"datetime": "2024-06-13 18:39:24", "elapsed": 3.280095, "delta": 0.003989}}
{"target": -903.4652490018711, "params": {"gamma": 2.9087707441717465, "lr": 0.915915790009957}, "datetime": {"datetime": "2024-06-13 18:39:24", "elapsed": 3.285082, "delta": 0.004987}}
{"target": -1598.6065584776616, "params": {"gamma": 9.029265417910615, "lr": 0.5353808917305217}, "datetime": {"datetime": "2024-06-13 18:39:24", "elapsed": 3.289071, "delta": 0.003989}}
{"target": -1233.7452357092363, "params": {"gamma": 8.628526966805577, "lr": 0.3525325688050618}, "datetime": {"datetime": "2024-06-13 18:39:24", "elapsed": 3.293061, "delta": 0.00399}}
{"target": -1650.8684807395596, "params": {"gamma": 9.978844897970799, "lr": 0.433689739404977}, "datetime": {"datetime": "2024-06-13 18:39:24", "elapsed": 3.29705, "delta": 0.003989}}
{"target": -1420.0584094947853, "params": {"gamma": 2.948825305973155, "lr": 0.04157423394916726}, "datetime": {"datetime": "2024-06-13 18:39:24", "elapsed": 3.30104, "delta": 0.00399}}
{"target": -1524.434550848968, "params": {"gamma": 9.897079830913631, "lr": 0.4648876309118224}, "datetime": {"datetime": "2024-06-13 18:39:24", "elapsed": 3.306025, "delta": 0.004985}}
{"target": -1440.0272178534988, "params": {"gamma": 7.346115555489657, "lr": 0.6408076240458747}, "datetime": {"datetime": "2024-06-13 18:39:24", "elapsed": 3.310015, "delta": 0.00399}}
{"target": -3435.7244768633104, "params": {"gamma": 7.231210903260432, "lr": 0.05111090382611627}, "datetime": {"datetime": "2024-06-13 18:39:24", "elapsed": 3.314004, "delta": 0.003989}}
{"target": -2893.6753395448177, "params": {"gamma": 9.200534008691728, "lr": 0.9268412179022415}, "datetime": {"datetime": "2024-06-13 18:39:24", "elapsed": 3.317994, "delta": 0.00399}}
{"target": -1742.202163070484, "params": {"gamma": 5.520398276514817, "lr": 0.963915888684551}, "datetime": {"datetime": "2024-06-13 18:39:24", "elapsed": 3.321983, "delta": 0.003989}}
{"target": -541.177156492642, "params": {"gamma": 2.8102744143666842, "lr": 0.6021466271365452}, "datetime": {"datetime": "2024-06-13 18:39:24", "elapsed": 3.325973, "delta": 0.00399}}
{"target": -787.5427253100823, "params": {"gamma": 3.9652304378361865, "lr": 0.6280232317552282}, "datetime": {"datetime": "2024-06-13 18:39:24", "elapsed": 3.329962, "delta": 0.003989}}
{"target": -842.5838508276839, "params": {"gamma": 3.0070222529489574, "lr": 0.8193583846560202}, "datetime": {"datetime": "2024-06-13 18:39:24", "elapsed": 3.333951, "delta": 0.003989}}
{"target": -377.59911069641623, "params": {"gamma": 0.6987899990635812, "lr": 0.04187757029999628}, "datetime": {"datetime": "2024-06-13 18:39:24", "elapsed": 3.33794, "delta": 0.003989}}
{"target": -200.29463371967321, "params": {"gamma": 0.49491444994850975, "lr": 0.15045502836766345}, "datetime": {"datetime": "2024-06-13 18:39:24", "elapsed": 3.34193, "delta": 0.00399}}
{"target": -1253.0235799863963, "params": {"gamma": 3.954109387473109, "lr": 0.9553899892571747}, "datetime": {"datetime": "2024-06-13 18:39:24", "elapsed": 3.345919, "delta": 0.003989}}
{"target": -261.6072246678697, "params": {"gamma": 1.1088436015198657, "lr": 0.6475529858164272}, "datetime": {"datetime": "2024-06-13 18:39:24", "elapsed": 3.349908, "delta": 0.003989}}
{"target": -765.2105145931761, "params": {"gamma": 5.276687463055037, "lr": 0.353242405983059}, "datetime": {"datetime": "2024-06-13 18:39:24", "elapsed": 3.354686, "delta": 0.004778}}
{"target": -382.4239015964016, "params": {"gamma": 1.9827940939725983, "lr": 0.22059408184733575}, "datetime": {"datetime": "2024-06-13 18:39:24", "elapsed": 3.358675, "delta": 0.003989}}
{"target": -177.83288583674388, "params": {"gamma": 0.4391712757617422, "lr": 0.7131639731598145}, "datetime": {"datetime": "2024-06-13 18:39:24", "elapsed": 3.362665, "delta": 0.00399}}
{"target": -1090.4471467678504, "params": {"gamma": 6.538748151763354, "lr": 0.4437697927247224}, "datetime": {"datetime": "2024-06-13 18:39:24", "elapsed": 3.366654, "delta": 0.003989}}
{"target": -2771.8398048145546, "params": {"gamma": 7.189675941410347, "lr": 0.10997597244532042}, "datetime": {"datetime": "2024-06-13 18:39:24", "elapsed": 3.370643, "delta": 0.003989}}
{"target": -2619.7271241246413, "params": {"gamma": 9.387253014515942, "lr": 0.8476267092393875}, "datetime": {"datetime": "2024-06-13 18:39:24", "elapsed": 3.374632, "delta": 0.003989}}
{"target": -1041.0561913408515, "params": {"gamma": 6.590697560999168, "lr": 0.37883116866173183}, "datetime": {"datetime": "2024-06-13 18:39:24", "elapsed": 3.378623, "delta": 0.003991}}
{"target": -658.243967102343, "params": {"gamma": 4.16625072341846, "lr": 0.48215392215746744}, "datetime": {"datetime": "2024-06-13 18:39:24", "elapsed": 3.382612, "delta": 0.003989}}
{"target": -2729.0373579765205, "params": {"gamma": 9.352902416297999, "lr": 0.8635929549181026}, "datetime": {"datetime": "2024-06-13 18:39:24", "elapsed": 3.387599, "delta": 0.004987}}
{"target": -873.3296374116323, "params": {"gamma": 4.779760568316378, "lr": 0.554518498278167}, "datetime": {"datetime": "2024-06-13 18:39:24", "elapsed": 3.391588, "delta": 0.003989}}
{"target": -2753.974179524035, "params": {"gamma": 8.754163218930938, "lr": 0.9492644337722901}, "datetime": {"datetime": "2024-06-13 18:39:24", "elapsed": 3.395577, "delta": 0.003989}}
{"target": -1505.63537884687, "params": {"gamma": 6.392208373926592, "lr": 0.7485203200897537}, "datetime": {"datetime": "2024-06-13 18:39:24", "elapsed": 3.400563, "delta": 0.004986}}
{"target": -1116.847556059923, "params": {"gamma": 3.516897438698066, "lr": 0.91802831908618}, "datetime": {"datetime": "2024-06-13 18:39:24", "elapsed": 3.404552, "delta": 0.003989}}
{"target": -1509.007938644778, "params": {"gamma": 8.367683746488458, "lr": 0.5520558812247628}, "datetime": {"datetime": "2024-06-13 18:39:24", "elapsed": 3.408542, "delta": 0.00399}}
{"target": -2422.8459119187382, "params": {"gamma": 8.676404468942122, "lr": 0.8498718814403323}, "datetime": {"datetime": "2024-06-13 18:39:24", "elapsed": 3.412532, "delta": 0.00399}}
{"target": -2268.946287179677, "params": {"gamma": 8.084305154704811, "lr": 0.13069282439738805}, "datetime": {"datetime": "2024-06-13 18:39:24", "elapsed": 3.417518, "delta": 0.004986}}
{"target": -1622.652809154442, "params": {"gamma": 5.3604897456433, "lr": 0.900783114706916}, "datetime": {"datetime": "2024-06-13 18:39:24", "elapsed": 3.421507, "delta": 0.003989}}
{"target": -1260.2904307298247, "params": {"gamma": 7.70854747370775, "lr": 0.4207131990251918}, "datetime": {"datetime": "2024-06-13 18:39:24", "elapsed": 3.425497, "delta": 0.00399}}
{"target": -1520.3721755058468, "params": {"gamma": 9.778826053206298, "lr": 0.25077315667300226}, "datetime": {"datetime": "2024-06-13 18:39:24", "elapsed": 3.429487, "delta": 0.00399}}
{"target": -1060.8317386195238, "params": {"gamma": 3.336768678250129, "lr": 0.954200507429589}, "datetime": {"datetime": "2024-06-13 18:39:24", "elapsed": 3.433475, "delta": 0.003988}}
{"target": -2440.1866603525596, "params": {"gamma": 8.087344766504712, "lr": 0.9003400045106619}, "datetime": {"datetime": "2024-06-13 18:39:24", "elapsed": 3.437464, "delta": 0.003989}}
{"target": -147.3736053479088, "params": {"gamma": 0.11688430450954196, "lr": 0.37976443303399476}, "datetime": {"datetime": "2024-06-13 18:39:24", "elapsed": 3.441454, "delta": 0.00399}}
{"target": -413.48625659399, "params": {"gamma": 2.355984044142083, "lr": 0.2959350518874113}, "datetime": {"datetime": "2024-06-13 18:39:24", "elapsed": 3.445443, "delta": 0.003989}}
{"target": -1706.8458049739816, "params": {"gamma": 7.380216968542006, "lr": 0.7240848448640741}, "datetime": {"datetime": "2024-06-13 18:39:24", "elapsed": 3.449432, "delta": 0.003989}}
{"target": -656.0529268629064, "params": {"gamma": 4.618532302580416, "lr": 0.3652744612070937}, "datetime": {"datetime": "2024-06-13 18:39:24", "elapsed": 3.454419, "delta": 0.004987}}
{"target": -1043.9568717276863, "params": {"gamma": 5.847331438432254, "lr": 0.5337077546342763}, "datetime": {"datetime": "2024-06-13 18:39:24", "elapsed": 3.458409, "delta": 0.00399}}
{"target": -1027.8257242134814, "params": {"gamma": 5.5062450105196135, "lr": 0.6154770711146578}, "datetime": {"datetime": "2024-06-13 18:39:25", "elapsed": 3.462398, "delta": 0.003989}}
{"target": -984.6070734541311, "params": {"gamma": 3.957087074403221, "lr": 0.7717184824154584}, "datetime": {"datetime": "2024-06-13 18:39:25", "elapsed": 3.466387, "delta": 0.003989}}
{"target": -515.2940515282299, "params": {"gamma": 2.512780630310517, "lr": 0.655760767903366}, "datetime": {"datetime": "2024-06-13 18:39:25", "elapsed": 3.470376, "delta": 0.003989}}
{"target": -4553.296303703354, "params": {"gamma": 9.604011085051962, "lr": 0.0035547604644260433}, "datetime": {"datetime": "2024-06-13 18:39:25", "elapsed": 3.474366, "delta": 0.00399}}
{"target": -2788.7929185881376, "params": {"gamma": 7.233887082898668, "lr": 0.10899503392964371}, "datetime": {"datetime": "2024-06-13 18:39:25", "elapsed": 3.478355, "delta": 0.003989}}
{"target": -1068.4788538037146, "params": {"gamma": 5.438331129146589, "lr": 0.6269160166803346}, "datetime": {"datetime": "2024-06-13 18:39:25", "elapsed": 3.482344, "delta": 0.003989}}
{"target": -759.764357236709, "params": {"gamma": 2.4302283105822404, "lr": 0.9138438752466082}, "datetime": {"datetime": "2024-06-13 18:39:25", "elapsed": 3.487332, "delta": 0.004988}}
{"target": -825.6662690501175, "params": {"gamma": 6.223502974387487, "lr": 0.23169469139485988}, "datetime": {"datetime": "2024-06-13 18:39:25", "elapsed": 3.491321, "delta": 0.003989}}
{"target": -2968.1269533257437, "params": {"gamma": 7.701551743810476, "lr": 0.10550707999733477}, "datetime": {"datetime": "2024-06-13 18:39:25", "elapsed": 3.49531, "delta": 0.003989}}
{"target": -2467.648351084561, "params": {"gamma": 5.552697959994914, "lr": 0.0949560698024915}, "datetime": {"datetime": "2024-06-13 18:39:25", "elapsed": 3.499299, "delta": 0.003989}}
{"target": -917.4913139465813, "params": {"gamma": 5.810259742677521, "lr": 0.2529801127201884}, "datetime": {"datetime": "2024-06-13 18:39:25", "elapsed": 3.503289, "delta": 0.00399}}
{"target": -1505.5483815250657, "params": {"gamma": 6.495018612739509, "lr": 0.71582695285818}, "datetime": {"datetime": "2024-06-13 18:39:25", "elapsed": 3.507278, "delta": 0.003989}}
{"target": -1035.6560604115837, "params": {"gamma": 5.242331960072044, "lr": 0.6575214077031101}, "datetime": {"datetime": "2024-06-13 18:39:25", "elapsed": 3.512266, "delta": 0.004988}}
{"target": -2226.925294497577, "params": {"gamma": 8.133125159405232, "lr": 0.8075122716430321}, "datetime": {"datetime": "2024-06-13 18:39:25", "elapsed": 3.516254, "delta": 0.003988}}
{"target": -943.4319747799337, "params": {"gamma": 6.197200238546574, "lr": 0.45110246212077487}, "datetime": {"datetime": "2024-06-13 18:39:25", "elapsed": 3.520243, "delta": 0.003989}}
{"target": -1201.478801570862, "params": {"gamma": 4.080091940484627, "lr": 0.8747476199043634}, "datetime": {"datetime": "2024-06-13 18:39:25", "elapsed": 3.524233, "delta": 0.00399}}
{"target": -1392.3323327663202, "params": {"gamma": 7.029614389411599, "lr": 0.18493502237340165}, "datetime": {"datetime": "2024-06-13 18:39:25", "elapsed": 3.529219, "delta": 0.004986}}
{"target": -1711.7160968670617, "params": {"gamma": 5.657755734146004, "lr": 0.9088080323000569}, "datetime": {"datetime": "2024-06-13 18:39:25", "elapsed": 3.533208, "delta": 0.003989}}
{"target": -451.02678497930214, "params": {"gamma": 1.5077492324904636, "lr": 0.8455176755307064}, "datetime": {"datetime": "2024-06-13 18:39:25", "elapsed": 3.537198, "delta": 0.00399}}
{"target": -1267.7676562785089, "params": {"gamma": 8.202204460687183, "lr": 0.4993411012978345}, "datetime": {"datetime": "2024-06-13 18:39:25", "elapsed": 3.541188, "delta": 0.00399}}
{"target": -181.84231118026875, "params": {"gamma": 0.37680093100554635, "lr": 0.14750250539693543}, "datetime": {"datetime": "2024-06-13 18:39:25", "elapsed": 3.545177, "delta": 0.003989}}
{"target": -4375.472576297765, "params": {"gamma": 9.226464308192023, "lr": 0.04415479603186245}, "datetime": {"datetime": "2024-06-13 18:39:25", "elapsed": 3.549166, "delta": 0.003989}}
{"target": -705.3981851671971, "params": {"gamma": 3.7256151652871896, "lr": 0.6190396347254709}, "datetime": {"datetime": "2024-06-13 18:39:25", "elapsed": 3.553155, "delta": 0.003989}}
{"target": -639.2911934228024, "params": {"gamma": 1.9702834411012529, "lr": 0.9810797572402973}, "datetime": {"datetime": "2024-06-13 18:39:25", "elapsed": 3.557145, "delta": 0.00399}}
{"target": -311.75971568840794, "params": {"gamma": 1.5605963552011808, "lr": 0.5396791951612744}, "datetime": {"datetime": "2024-06-13 18:39:25", "elapsed": 3.561134, "delta": 0.003989}}
{"target": -820.2347061402428, "params": {"gamma": 6.180495232142101, "lr": 0.2309899486697039}, "datetime": {"datetime": "2024-06-13 18:39:25", "elapsed": 3.565123, "delta": 0.003989}}
{"target": -732.9821190607609, "params": {"gamma": 4.663623583104205, "lr": 0.49100852913292925}, "datetime": {"datetime": "2024-06-13 18:39:25", "elapsed": 3.57011, "delta": 0.004987}}
{"target": -1495.1168779856062, "params": {"gamma": 7.668856900889094, "lr": 0.6342807527738734}, "datetime": {"datetime": "2024-06-13 18:39:25", "elapsed": 3.5741, "delta": 0.00399}}
{"target": -1086.8643823404939, "params": {"gamma": 4.676032980600331, "lr": 0.6669425431939752}, "datetime": {"datetime": "2024-06-13 18:39:25", "elapsed": 3.578088, "delta": 0.003988}}
