{"target": -362.8895194320086, "params": {"gamma": 7.113433866846732, "prior": 5.583457649409001, "rate": 3.0458753612182816}, "datetime": {"datetime": "2024-06-14 10:30:26", "elapsed": 1.792129, "delta": 0.009973}}
{"target": -436.8953110596747, "params": {"gamma": 8.348705622270353, "prior": 4.409528980532247, "rate": 9.234638694972633}, "datetime": {"datetime": "2024-06-14 10:30:26", "elapsed": 1.802102, "delta": 0.009973}}
{"target": -366.45209399258863, "params": {"gamma": 7.0608119915549965, "prior": 4.8325099488563055, "rate": 1.2629748273898376}, "datetime": {"datetime": "2024-06-14 10:30:26", "elapsed": 1.811077, "delta": 0.008975}}
{"target": -490.9691729397333, "params": {"gamma": 9.760459461127008, "prior": 1.6823531384065245, "rate": 2.026818650071406}, "datetime": {"datetime": "2024-06-14 10:30:26", "elapsed": 1.820053, "delta": 0.008976}}
{"target": -250.0415748503831, "params": {"gamma": 4.312386369848549, "prior": 4.101598867173958, "rate": 1.4683680561621768}, "datetime": {"datetime": "2024-06-14 10:30:26", "elapsed": 1.830026, "delta": 0.009973}}
{"target": -396.5781235853899, "params": {"gamma": 7.293459874691873, "prior": 1.968576162084141, "rate": 6.439312547472317}, "datetime": {"datetime": "2024-06-14 10:30:26", "elapsed": 1.839002, "delta": 0.008976}}
{"target": -404.29974514632875, "params": {"gamma": 7.543305199812411, "prior": 2.1862506816248755, "rate": 6.0099415268282925}, "datetime": {"datetime": "2024-06-14 10:30:26", "elapsed": 1.847979, "delta": 0.008977}}
{"target": -381.0762027288433, "params": {"gamma": 7.489534824083119, "prior": 6.418365235141301, "rate": 5.971675902163545}, "datetime": {"datetime": "2024-06-14 10:30:26", "elapsed": 1.856955, "delta": 0.008976}}
{"target": -190.38537904577532, "params": {"gamma": 2.955527374269315, "prior": 7.342904065290937, "rate": 9.453139091559498}, "datetime": {"datetime": "2024-06-14 10:30:26", "elapsed": 1.866928, "delta": 0.009973}}
{"target": -264.21518189761304, "params": {"gamma": 4.256188341225208, "prior": 7.843599986630912, "rate": 0.5623542555794911}, "datetime": {"datetime": "2024-06-14 10:30:26", "elapsed": 1.876901, "delta": 0.009973}}
{"target": -435.4702210680468, "params": {"gamma": 8.35288075329717, "prior": 2.0032751665392623, "rate": 3.951573592030842}, "datetime": {"datetime": "2024-06-14 10:30:26", "elapsed": 1.885877, "delta": 0.008976}}
{"target": -215.84564057023738, "params": {"gamma": 3.001510378207639, "prior": 0.893026073679888, "rate": 9.046405398359493}, "datetime": {"datetime": "2024-06-14 10:30:26", "elapsed": 1.894854, "delta": 0.008977}}
{"target": -218.4851592494905, "params": {"gamma": 3.702171621359829, "prior": 5.353904640913781, "rate": 4.941668542697355}, "datetime": {"datetime": "2024-06-14 10:30:26", "elapsed": 1.904826, "delta": 0.009972}}
{"target": -154.7191863372902, "params": {"gamma": 1.3224792582874385, "prior": 2.143895183005387, "rate": 0.7628119015141794}, "datetime": {"datetime": "2024-06-14 10:30:27", "elapsed": 1.9148, "delta": 0.009974}}
{"target": -275.42797165506346, "params": {"gamma": 5.07970907775293, "prior": 2.6893405631465725, "rate": 3.5712590272190368}, "datetime": {"datetime": "2024-06-14 10:30:27", "elapsed": 1.924775, "delta": 0.009975}}
{"target": -154.1790619137566, "params": {"gamma": 1.0815452216436712, "prior": 7.896763212559821, "rate": 1.0667321840112223}, "datetime": {"datetime": "2024-06-14 10:30:27", "elapsed": 1.934746, "delta": 0.009971}}
{"target": -525.9994406911567, "params": {"gamma": 9.857102528308165, "prior": 1.8538955279403317, "rate": 5.724478719234059}, "datetime": {"datetime": "2024-06-14 10:30:27", "elapsed": 1.943723, "delta": 0.008977}}
{"target": -145.63268359708084, "params": {"gamma": 0.4494085005562922, "prior": 7.892451267592758, "rate": 1.8968698722351471}, "datetime": {"datetime": "2024-06-14 10:30:27", "elapsed": 1.953696, "delta": 0.009973}}
{"target": -295.83225136069296, "params": {"gamma": 5.279511880102859, "prior": 7.426767677274809, "rate": 1.5001649176876422}, "datetime": {"datetime": "2024-06-14 10:30:27", "elapsed": 1.962673, "delta": 0.008977}}
{"target": -309.02536394116237, "params": {"gamma": 5.511320654695531, "prior": 2.2445103624549163, "rate": 7.592201297122131}, "datetime": {"datetime": "2024-06-14 10:30:27", "elapsed": 1.972645, "delta": 0.009972}}
{"target": -403.8926500812615, "params": {"gamma": 7.229429020368581, "prior": 1.847835439343122, "rate": 8.619803610113067}, "datetime": {"datetime": "2024-06-14 10:30:27", "elapsed": 1.981621, "delta": 0.008976}}
{"target": -144.2069361006289, "params": {"gamma": 0.1987312200639263, "prior": 8.61634627448884, "rate": 5.589479207798223}, "datetime": {"datetime": "2024-06-14 10:30:27", "elapsed": 1.990597, "delta": 0.008976}}
{"target": -231.2839555632162, "params": {"gamma": 4.032801500586387, "prior": 7.611594617121132, "rate": 7.169573087923007}, "datetime": {"datetime": "2024-06-14 10:30:27", "elapsed": 1.999574, "delta": 0.008977}}
{"target": -513.9896665706195, "params": {"gamma": 9.873274421909457, "prior": 2.8530419812685297, "rate": 0.03893293042101652}, "datetime": {"datetime": "2024-06-14 10:30:27", "elapsed": 2.008549, "delta": 0.008975}}
{"target": -464.73816050375103, "params": {"gamma": 9.339092180540563, "prior": 8.593181334925148, "rate": 7.28877992431504}, "datetime": {"datetime": "2024-06-14 10:30:27", "elapsed": 2.018523, "delta": 0.009974}}
{"target": -278.42868506391994, "params": {"gamma": 5.167371140432463, "prior": 7.098866827962734, "rate": 7.805515039210552}, "datetime": {"datetime": "2024-06-14 10:30:27", "elapsed": 2.027499, "delta": 0.008976}}
{"target": -220.11608031017337, "params": {"gamma": 3.749384559425057, "prior": 7.72619300076658, "rate": 7.506492567432579}, "datetime": {"datetime": "2024-06-14 10:30:27", "elapsed": 2.036475, "delta": 0.008976}}
{"target": -325.73521234231674, "params": {"gamma": 6.132498904231054, "prior": 4.07847264728159, "rate": 6.9733828846241455}, "datetime": {"datetime": "2024-06-14 10:30:27", "elapsed": 2.046448, "delta": 0.009973}}
{"target": -145.16300048051255, "params": {"gamma": 0.032125465394095866, "prior": 7.771476802573518, "rate": 8.964269607966013}, "datetime": {"datetime": "2024-06-14 10:30:27", "elapsed": 2.055424, "delta": 0.008976}}
{"target": -172.20405296239056, "params": {"gamma": 2.393917758667609, "prior": 1.2955951246613744, "rate": 2.2036195939494823}, "datetime": {"datetime": "2024-06-14 10:30:27", "elapsed": 2.064036, "delta": 0.008612}}
{"target": -196.59337598151689, "params": {"gamma": 3.021665216169693, "prior": 8.841982234781959, "rate": 5.432121135950708}, "datetime": {"datetime": "2024-06-14 10:30:27", "elapsed": 2.073013, "delta": 0.008977}}
{"target": -188.24188304036304, "params": {"gamma": 2.8678297844146994, "prior": 1.4697114289501707, "rate": 2.902154486582312}, "datetime": {"datetime": "2024-06-14 10:30:27", "elapsed": 2.081988, "delta": 0.008975}}
{"target": -323.26084321297594, "params": {"gamma": 6.139097026322785, "prior": 3.3089714459847217, "rate": 4.574144456728294}, "datetime": {"datetime": "2024-06-14 10:30:27", "elapsed": 2.091961, "delta": 0.009973}}
{"target": -251.29917052896354, "params": {"gamma": 4.441726953059129, "prior": 8.29854007124197, "rate": 4.264055194208071}, "datetime": {"datetime": "2024-06-14 10:30:27", "elapsed": 2.100938, "delta": 0.008977}}
{"target": -218.580904177965, "params": {"gamma": 3.4576425129338477, "prior": 6.782218887610141, "rate": 2.215599075279554}, "datetime": {"datetime": "2024-06-14 10:30:27", "elapsed": 2.109914, "delta": 0.008976}}
{"target": -260.91242768149937, "params": {"gamma": 4.672990993441612, "prior": 3.216180304507763, "rate": 6.268929166026184}, "datetime": {"datetime": "2024-06-14 10:30:27", "elapsed": 2.11889, "delta": 0.008976}}
{"target": -452.59072040442516, "params": {"gamma": 8.773727386473432, "prior": 4.532121101441722, "rate": 7.84478973050044}, "datetime": {"datetime": "2024-06-14 10:30:27", "elapsed": 2.128863, "delta": 0.009973}}
{"target": -267.263331864044, "params": {"gamma": 4.570200039914943, "prior": 6.596670383999601, "rate": 1.3192779092999938}, "datetime": {"datetime": "2024-06-14 10:30:27", "elapsed": 2.13784, "delta": 0.008977}}
{"target": -244.7927695589995, "params": {"gamma": 4.3303820881695145, "prior": 9.102188687683872, "rate": 6.055184531308316}, "datetime": {"datetime": "2024-06-14 10:30:27", "elapsed": 2.146816, "delta": 0.008976}}
{"target": -389.6822398984692, "params": {"gamma": 7.6679790977837845, "prior": 5.096536020149354, "rate": 4.981058192655247}, "datetime": {"datetime": "2024-06-14 10:30:27", "elapsed": 2.155792, "delta": 0.008976}}
{"target": -483.67893812678625, "params": {"gamma": 8.429155502088307, "prior": 0.7712886499754421, "rate": 5.733149443225297}, "datetime": {"datetime": "2024-06-14 10:30:27", "elapsed": 2.164768, "delta": 0.008976}}
{"target": -464.77724828496093, "params": {"gamma": 9.42768299175406, "prior": 5.226814476905987, "rate": 1.945463629469317}, "datetime": {"datetime": "2024-06-14 10:30:27", "elapsed": 2.17474, "delta": 0.009972}}
{"target": -450.97928600056866, "params": {"gamma": 8.479545985042318, "prior": 2.5912275093229433, "rate": 7.007559638788898}, "datetime": {"datetime": "2024-06-14 10:30:27", "elapsed": 2.183716, "delta": 0.008976}}
{"target": -288.9133322899602, "params": {"gamma": 5.403069143028603, "prior": 9.493479253974174, "rate": 6.2437426873243576}, "datetime": {"datetime": "2024-06-14 10:30:27", "elapsed": 2.192692, "delta": 0.008976}}
{"target": -559.9613561946855, "params": {"gamma": 8.379941642515245, "prior": 0.17853547432577865, "rate": 9.893411221610213}, "datetime": {"datetime": "2024-06-14 10:30:27", "elapsed": 2.20167, "delta": 0.008978}}
{"target": -140.34453675716074, "params": {"gamma": 0.7780679887535326, "prior": 3.2890821847862193, "rate": 9.461577802172197}, "datetime": {"datetime": "2024-06-14 10:30:27", "elapsed": 2.211642, "delta": 0.009972}}
{"target": -144.56622219293263, "params": {"gamma": 0.09038208461007943, "prior": 8.24502705367716, "rate": 8.612255172029577}, "datetime": {"datetime": "2024-06-14 10:30:27", "elapsed": 2.220618, "delta": 0.008976}}
{"target": -255.02591707386185, "params": {"gamma": 4.398868311271517, "prior": 2.631877418678719, "rate": 8.027092506813352}, "datetime": {"datetime": "2024-06-14 10:30:27", "elapsed": 2.229595, "delta": 0.008977}}
{"target": -289.3410793495838, "params": {"gamma": 4.77914218231778, "prior": 1.429952225691392, "rate": 9.278562079257282}, "datetime": {"datetime": "2024-06-14 10:30:27", "elapsed": 2.238601, "delta": 0.009006}}
{"target": -461.5853371385009, "params": {"gamma": 8.959803700099478, "prior": 4.966296985167659, "rate": 8.567168262681404}, "datetime": {"datetime": "2024-06-14 10:30:27", "elapsed": 2.247547, "delta": 0.008946}}
{"target": -240.15398343726406, "params": {"gamma": 4.1863616796152225, "prior": 6.866302511646381, "rate": 3.9805084034398166}, "datetime": {"datetime": "2024-06-14 10:30:27", "elapsed": 2.258517, "delta": 0.01097}}
{"target": -295.70844716151817, "params": {"gamma": 5.057914432490653, "prior": 1.9765618580558806, "rate": 9.649924252185027}, "datetime": {"datetime": "2024-06-14 10:30:27", "elapsed": 2.26849, "delta": 0.009973}}
{"target": -189.95116374715758, "params": {"gamma": 2.9428626667543027, "prior": 1.1242496055523734, "rate": 1.4440096868902519}, "datetime": {"datetime": "2024-06-14 10:30:27", "elapsed": 2.277467, "delta": 0.008977}}
{"target": -144.34703657769305, "params": {"gamma": 0.14190884963023712, "prior": 7.187862424677705, "rate": 5.645418704088501}, "datetime": {"datetime": "2024-06-14 10:30:27", "elapsed": 2.286443, "delta": 0.008976}}
{"target": -409.8673058823417, "params": {"gamma": 7.945988933496338, "prior": 5.12009124051295, "rate": 7.918418574002035}, "datetime": {"datetime": "2024-06-14 10:30:27", "elapsed": 2.295419, "delta": 0.008976}}
{"target": -356.3113360365909, "params": {"gamma": 6.957946378504123, "prior": 7.800699920905836, "rate": 4.065422206901887}, "datetime": {"datetime": "2024-06-14 10:30:27", "elapsed": 2.305097, "delta": 0.009678}}
{"target": -341.95544658248303, "params": {"gamma": 6.478058561241625, "prior": 1.8799635471604466, "rate": 3.2188778139156518}, "datetime": {"datetime": "2024-06-14 10:30:27", "elapsed": 2.314795, "delta": 0.009698}}
{"target": -159.65609812825724, "params": {"gamma": 1.7268735965778053, "prior": 4.145508527631297, "rate": 2.4149460609080227}, "datetime": {"datetime": "2024-06-14 10:30:27", "elapsed": 2.323765, "delta": 0.00897}}
{"target": -241.61579217458245, "params": {"gamma": 4.069813019299451, "prior": 9.75470119012939, "rate": 3.2038729388944907}, "datetime": {"datetime": "2024-06-14 10:30:27", "elapsed": 2.33274, "delta": 0.008975}}
{"target": -482.97186654761157, "params": {"gamma": 9.824926958803978, "prior": 6.399430645974237, "rate": 3.7515350929207165}, "datetime": {"datetime": "2024-06-14 10:30:27", "elapsed": 2.341717, "delta": 0.008977}}
{"target": -427.3668448997771, "params": {"gamma": 8.574987506336882, "prior": 6.2339087197488805, "rate": 2.521078768228263}, "datetime": {"datetime": "2024-06-14 10:30:27", "elapsed": 2.350693, "delta": 0.008976}}
{"target": -399.9160909761147, "params": {"gamma": 7.9287639240909, "prior": 4.386091236468214, "rate": 3.5757541621370836}, "datetime": {"datetime": "2024-06-14 10:30:27", "elapsed": 2.35967, "delta": 0.008977}}
{"target": -211.19339051705592, "params": {"gamma": 3.3034390883142843, "prior": 7.003951868570081, "rate": 2.6872325889383593}, "datetime": {"datetime": "2024-06-14 10:30:27", "elapsed": 2.36871, "delta": 0.00904}}
{"target": -419.925238355516, "params": {"gamma": 8.082971859040095, "prior": 3.0233590645584933, "rate": 5.441669714469987}, "datetime": {"datetime": "2024-06-14 10:30:27", "elapsed": 2.378683, "delta": 0.009973}}
{"target": -265.99319138228685, "params": {"gamma": 4.879726996560219, "prior": 8.56802848469416, "rate": 8.883975957519464}, "datetime": {"datetime": "2024-06-14 10:30:27", "elapsed": 2.387659, "delta": 0.008976}}
{"target": -157.31066503270912, "params": {"gamma": 1.8446600392352996, "prior": 5.894949743488685, "rate": 8.982152255125355}, "datetime": {"datetime": "2024-06-14 10:30:27", "elapsed": 2.396635, "delta": 0.008976}}
{"target": -257.92304837278124, "params": {"gamma": 4.461726073125263, "prior": 9.226496224289772, "rate": 2.790629913679252}, "datetime": {"datetime": "2024-06-14 10:30:27", "elapsed": 2.405611, "delta": 0.008976}}
{"target": -323.0156808634274, "params": {"gamma": 6.0887029107637645, "prior": 6.856291726691472, "rate": 2.2828291277714907}, "datetime": {"datetime": "2024-06-14 10:30:27", "elapsed": 2.414586, "delta": 0.008975}}
{"target": -143.36617159007815, "params": {"gamma": 0.13866135806461027, "prior": 4.225567227469891, "rate": 9.384880436675484}, "datetime": {"datetime": "2024-06-14 10:30:27", "elapsed": 2.424559, "delta": 0.009973}}
{"target": -221.7786052578513, "params": {"gamma": 3.430938070194235, "prior": 7.819468525277739, "rate": 1.7481883919612469}, "datetime": {"datetime": "2024-06-14 10:30:27", "elapsed": 2.433536, "delta": 0.008977}}
{"target": -219.7706226559802, "params": {"gamma": 3.420186410188222, "prior": 1.531517436297158, "rate": 7.167991370649615}, "datetime": {"datetime": "2024-06-14 10:30:27", "elapsed": 2.442512, "delta": 0.008976}}
{"target": -360.09110181709065, "params": {"gamma": 6.993376929344446, "prior": 6.916123447694296, "rate": 2.5347069488285103}, "datetime": {"datetime": "2024-06-14 10:30:27", "elapsed": 2.451488, "delta": 0.008976}}
{"target": -364.07433684526023, "params": {"gamma": 6.923908856112466, "prior": 2.350245655067901, "rate": 4.247066510197466}, "datetime": {"datetime": "2024-06-14 10:30:27", "elapsed": 2.460464, "delta": 0.008976}}
{"target": -236.1980347173378, "params": {"gamma": 3.7198492945552046, "prior": 3.61754832503921, "rate": 0.5774904176053226}, "datetime": {"datetime": "2024-06-14 10:30:27", "elapsed": 2.469946, "delta": 0.009482}}
{"target": -328.06905053150393, "params": {"gamma": 6.316834622032531, "prior": 7.102434366548825, "rate": 6.136273356333854}, "datetime": {"datetime": "2024-06-14 10:30:27", "elapsed": 2.478924, "delta": 0.008978}}
{"target": -335.3477475945166, "params": {"gamma": 6.483479248875083, "prior": 1.7824130707508519, "rate": 1.495318542589686}, "datetime": {"datetime": "2024-06-14 10:30:27", "elapsed": 2.487899, "delta": 0.008975}}
{"target": -289.75469883745666, "params": {"gamma": 5.142236260215303, "prior": 8.765793990909938, "rate": 1.8403504620306732}, "datetime": {"datetime": "2024-06-14 10:30:27", "elapsed": 2.496875, "delta": 0.008976}}
{"target": -255.52887748608495, "params": {"gamma": 4.628928347963892, "prior": 4.3464301068960385, "rate": 4.973394570009244}, "datetime": {"datetime": "2024-06-14 10:30:27", "elapsed": 2.505851, "delta": 0.008976}}
{"target": -155.5453497209387, "params": {"gamma": 1.6159461940896331, "prior": 3.4901623472346244, "rate": 2.6195421606310987}, "datetime": {"datetime": "2024-06-14 10:30:27", "elapsed": 2.514827, "delta": 0.008976}}
{"target": -421.2058804589518, "params": {"gamma": 8.44542490535156, "prior": 8.023289233186377, "rate": 4.266964943523168}, "datetime": {"datetime": "2024-06-14 10:30:27", "elapsed": 2.523803, "delta": 0.008976}}
{"target": -335.78649602123096, "params": {"gamma": 6.070547592429601, "prior": 1.5401095416355777, "rate": 5.096623328881369}, "datetime": {"datetime": "2024-06-14 10:30:27", "elapsed": 2.533777, "delta": 0.009974}}
{"target": -192.95543408128674, "params": {"gamma": 2.9701739107832585, "prior": 8.61054444033509, "rate": 6.716312210682993}, "datetime": {"datetime": "2024-06-14 10:30:27", "elapsed": 2.543749, "delta": 0.009972}}
{"target": -350.4531070664493, "params": {"gamma": 6.335106652211588, "prior": 1.3350378706848745, "rate": 4.706408207109359}, "datetime": {"datetime": "2024-06-14 10:30:27", "elapsed": 2.552836, "delta": 0.009087}}
{"target": -486.11402268030366, "params": {"gamma": 9.865741223089229, "prior": 9.488161823319384, "rate": 6.451211316964176}, "datetime": {"datetime": "2024-06-14 10:30:27", "elapsed": 2.561812, "delta": 0.008976}}
{"target": -152.6820588329487, "params": {"gamma": 1.5180969854487043, "prior": 6.427355802327059, "rate": 5.657055463326731}, "datetime": {"datetime": "2024-06-14 10:30:27", "elapsed": 2.571785, "delta": 0.009973}}
{"target": -258.6554513507865, "params": {"gamma": 4.6871897107748595, "prior": 4.337570947735874, "rate": 5.993098286824644}, "datetime": {"datetime": "2024-06-14 10:30:27", "elapsed": 2.580761, "delta": 0.008976}}
{"target": -425.3005545103799, "params": {"gamma": 8.499848915271139, "prior": 7.53609829968218, "rate": 5.794026042432034}, "datetime": {"datetime": "2024-06-14 10:30:27", "elapsed": 2.589737, "delta": 0.008976}}
{"target": -553.6560405341916, "params": {"gamma": 9.247117111178744, "prior": 0.7409258360713337, "rate": 9.913473740809359}, "datetime": {"datetime": "2024-06-14 10:30:27", "elapsed": 2.598714, "delta": 0.008977}}
{"target": -140.5284418756144, "params": {"gamma": 0.5308924321372274, "prior": 2.0750059067717572, "rate": 4.228103863783965}, "datetime": {"datetime": "2024-06-14 10:30:27", "elapsed": 2.608686, "delta": 0.009972}}
{"target": -155.22753623454233, "params": {"gamma": 1.0759812529754917, "prior": 6.274337068877248, "rate": 0.4808776479246243}, "datetime": {"datetime": "2024-06-14 10:30:27", "elapsed": 2.620655, "delta": 0.011969}}
{"target": -208.8377154376116, "params": {"gamma": 2.8469541861884147, "prior": 0.7042631430847438, "rate": 7.035489791719707}, "datetime": {"datetime": "2024-06-14 10:30:27", "elapsed": 2.629631, "delta": 0.008976}}
{"target": -344.8746691110512, "params": {"gamma": 6.684893219727232, "prior": 3.847947873180962, "rate": 1.8827544060381822}, "datetime": {"datetime": "2024-06-14 10:30:27", "elapsed": 2.638606, "delta": 0.008975}}
{"target": -395.8877967158265, "params": {"gamma": 7.4703012854704225, "prior": 3.469754978578126, "rate": 7.953216372889023}, "datetime": {"datetime": "2024-06-14 10:30:27", "elapsed": 2.647583, "delta": 0.008977}}
{"target": -291.92219770889193, "params": {"gamma": 4.879521490857024, "prior": 5.304127499074696, "rate": 0.28588000406618064}, "datetime": {"datetime": "2024-06-14 10:30:27", "elapsed": 2.656559, "delta": 0.008976}}
{"target": -333.43473318085756, "params": {"gamma": 6.442675966770439, "prior": 3.5714993740784573, "rate": 2.292821067893365}, "datetime": {"datetime": "2024-06-14 10:30:27", "elapsed": 2.665543, "delta": 0.008984}}
{"target": -243.5371635379846, "params": {"gamma": 4.339399878740795, "prior": 3.8864278269820844, "rate": 4.698420611823517}, "datetime": {"datetime": "2024-06-14 10:30:27", "elapsed": 2.674515, "delta": 0.008972}}
{"target": -508.7387246889867, "params": {"gamma": 9.794854058443883, "prior": 3.7073428966454816, "rate": 7.744326923227059}, "datetime": {"datetime": "2024-06-14 10:30:27", "elapsed": 2.683491, "delta": 0.008976}}
{"target": -297.8705413752717, "params": {"gamma": 5.528123197902375, "prior": 8.90239778216408, "rate": 3.55017355864457}, "datetime": {"datetime": "2024-06-14 10:30:27", "elapsed": 2.693419, "delta": 0.009928}}
{"target": -195.74161920580693, "params": {"gamma": 2.455941283184888, "prior": 9.119090472603986, "rate": 0.43629910331389593}, "datetime": {"datetime": "2024-06-14 10:30:27", "elapsed": 2.702393, "delta": 0.008974}}
{"target": -469.7477135801309, "params": {"gamma": 9.507583527181962, "prior": 5.60842846514216, "rate": 3.764255803654188}, "datetime": {"datetime": "2024-06-14 10:30:27", "elapsed": 2.711369, "delta": 0.008976}}
{"target": -567.5355550846008, "params": {"gamma": 9.950528171068772, "prior": 0.6777901968615533, "rate": 5.167546891316355}, "datetime": {"datetime": "2024-06-14 10:30:27", "elapsed": 2.720346, "delta": 0.008977}}
