{"target": -254.18848201318937, "params": {"gamma": 5.695374633041013, "prior": 1.693617224474527, "rate": 4.6693333476103005}, "datetime": {"datetime": "2024-06-14 05:32:39", "elapsed": 0.890891, "delta": 0.008976}}
{"target": -176.27915724184598, "params": {"gamma": 3.452375339500995, "prior": 2.327895582359438, "rate": 5.925526175789202}, "datetime": {"datetime": "2024-06-14 05:32:39", "elapsed": 0.899375, "delta": 0.008484}}
{"target": -174.2422733574395, "params": {"gamma": 3.1233861071814677, "prior": 9.171424979336672, "rate": 9.09644561399062}, "datetime": {"datetime": "2024-06-14 05:32:39", "elapsed": 0.908353, "delta": 0.008978}}
{"target": -151.1940125582946, "params": {"gamma": 2.57192581952818, "prior": 1.1978238773658891, "rate": 1.9304343574591094}, "datetime": {"datetime": "2024-06-14 05:32:39", "elapsed": 0.917329, "delta": 0.008976}}
{"target": -294.74251885591036, "params": {"gamma": 4.996342122618183, "prior": 7.312998112948502, "rate": 2.082736189649506}, "datetime": {"datetime": "2024-06-14 05:32:39", "elapsed": 0.926343, "delta": 0.009014}}
{"target": -165.0809576387307, "params": {"gamma": 2.48108755021393, "prior": 8.531551561870033, "rate": 4.159071333957006}, "datetime": {"datetime": "2024-06-14 05:32:39", "elapsed": 0.935281, "delta": 0.008938}}
{"target": -336.6568258893807, "params": {"gamma": 6.167233986485208, "prior": 2.413294778468576, "rate": 1.0205706269985484}, "datetime": {"datetime": "2024-06-14 05:32:39", "elapsed": 0.944257, "delta": 0.008976}}
{"target": -298.7917456953004, "params": {"gamma": 5.159054312668331, "prior": 4.8236957717928455, "rate": 1.5275637692875392}, "datetime": {"datetime": "2024-06-14 05:32:39", "elapsed": 0.952741, "delta": 0.008484}}
{"target": -289.0721491112414, "params": {"gamma": 6.218440511172415, "prior": 5.485700176257987, "rate": 6.541719332360473}, "datetime": {"datetime": "2024-06-14 05:32:39", "elapsed": 0.961717, "delta": 0.008976}}
{"target": -145.0908279262199, "params": {"gamma": 1.4463108557064734, "prior": 7.540125389638914, "rate": 2.221269348859427}, "datetime": {"datetime": "2024-06-14 05:32:39", "elapsed": 0.970694, "delta": 0.008977}}
{"target": -376.26891082746374, "params": {"gamma": 5.193998891835965, "prior": 7.8744306793940275, "rate": 0.22428194949007}, "datetime": {"datetime": "2024-06-14 05:32:39", "elapsed": 0.979673, "delta": 0.008979}}
{"target": -178.9352320180159, "params": {"gamma": 3.2443002348021386, "prior": 8.7419315263611, "rate": 8.447251366413093}, "datetime": {"datetime": "2024-06-14 05:32:39", "elapsed": 0.988651, "delta": 0.008978}}
{"target": -258.4473353732135, "params": {"gamma": 5.384867485352843, "prior": 8.67942191424848, "rate": 9.498110107544912}, "datetime": {"datetime": "2024-06-14 05:32:39", "elapsed": 0.997635, "delta": 0.008984}}
{"target": -516.9499881428818, "params": {"gamma": 8.264243569295784, "prior": 8.555742893981733, "rate": 0.9883352748016633}, "datetime": {"datetime": "2024-06-14 05:32:39", "elapsed": 1.006611, "delta": 0.008976}}
{"target": -314.9916448152992, "params": {"gamma": 6.51339201907757, "prior": 7.064818182711264, "rate": 6.102797885653651}, "datetime": {"datetime": "2024-06-14 05:32:39", "elapsed": 1.016588, "delta": 0.009977}}
{"target": -359.9606588858784, "params": {"gamma": 7.996353002098545, "prior": 0.4422550767291791, "rate": 7.702617106815245}, "datetime": {"datetime": "2024-06-14 05:32:39", "elapsed": 1.025564, "delta": 0.008976}}
{"target": -344.1108905785077, "params": {"gamma": 7.317554278794531, "prior": 2.671014093653696, "rate": 2.571435918922645}, "datetime": {"datetime": "2024-06-14 05:32:39", "elapsed": 1.03454, "delta": 0.008976}}
{"target": -278.58226991178424, "params": {"gamma": 6.323400870983849, "prior": 3.5184448697517077, "rate": 7.966090191394868}, "datetime": {"datetime": "2024-06-14 05:32:39", "elapsed": 1.043516, "delta": 0.008976}}
{"target": -218.95446900783313, "params": {"gamma": 4.46201617380257, "prior": 7.849219206363302, "rate": 9.904727364454784}, "datetime": {"datetime": "2024-06-14 05:32:39", "elapsed": 1.052494, "delta": 0.008978}}
{"target": -161.8577445059857, "params": {"gamma": 3.0031831469994668, "prior": 1.515757699755184, "rate": 9.01318305505639}, "datetime": {"datetime": "2024-06-14 05:32:39", "elapsed": 1.061471, "delta": 0.008977}}
{"target": -279.32112069718653, "params": {"gamma": 5.416052229494846, "prior": 9.749929671465313, "rate": 6.366407395618971}, "datetime": {"datetime": "2024-06-14 05:32:39", "elapsed": 1.071445, "delta": 0.009974}}
{"target": -458.43355971469475, "params": {"gamma": 9.939136333080178, "prior": 5.506100961015221, "rate": 5.264732913121308}, "datetime": {"datetime": "2024-06-14 05:32:39", "elapsed": 1.080423, "delta": 0.008978}}
{"target": -167.10955940320517, "params": {"gamma": 1.3551436028186268, "prior": 3.6214811927404233, "rate": 0.2631594543964365}, "datetime": {"datetime": "2024-06-14 05:32:39", "elapsed": 1.089402, "delta": 0.008979}}
{"target": -183.838123072801, "params": {"gamma": 1.6047914000169714, "prior": 7.481808207804211, "rate": 0.3049664995979595}, "datetime": {"datetime": "2024-06-14 05:32:39", "elapsed": 1.097936, "delta": 0.008534}}
{"target": -198.4050446799991, "params": {"gamma": 3.6660644293402, "prior": 8.637227903096637, "rate": 6.927084497356036}, "datetime": {"datetime": "2024-06-14 05:32:39", "elapsed": 1.106907, "delta": 0.008971}}
{"target": -300.376338480351, "params": {"gamma": 6.90973047851962, "prior": 1.9675043294575778, "rate": 4.419600903203486}, "datetime": {"datetime": "2024-06-14 05:32:39", "elapsed": 1.115687, "delta": 0.00878}}
{"target": -352.13472714460846, "params": {"gamma": 5.816192496035568, "prior": 9.898541905870681, "rate": 2.0398583461059854}, "datetime": {"datetime": "2024-06-14 05:32:39", "elapsed": 1.124663, "delta": 0.008976}}
{"target": -146.2066856358636, "params": {"gamma": 2.478081284721786, "prior": 2.695513529351828, "rate": 7.50197396056663}, "datetime": {"datetime": "2024-06-14 05:32:39", "elapsed": 1.13364, "delta": 0.008977}}
{"target": -216.37108631034118, "params": {"gamma": 4.570296299029493, "prior": 0.6636014402698404, "rate": 5.085653889861787}, "datetime": {"datetime": "2024-06-14 05:32:39", "elapsed": 1.142615, "delta": 0.008975}}
{"target": -158.66296937227256, "params": {"gamma": 2.120389686272116, "prior": 8.006182023126081, "rate": 2.9740164836912153}, "datetime": {"datetime": "2024-06-14 05:32:39", "elapsed": 1.151591, "delta": 0.008976}}
{"target": -134.6589419904082, "params": {"gamma": 0.2770325135330818, "prior": 5.9749812496997485, "rate": 8.438560448882956}, "datetime": {"datetime": "2024-06-14 05:32:39", "elapsed": 1.160567, "delta": 0.008976}}
{"target": -208.35201696958538, "params": {"gamma": 3.81078022449808, "prior": 7.52359727618882, "rate": 5.111903641492986}, "datetime": {"datetime": "2024-06-14 05:32:39", "elapsed": 1.169544, "delta": 0.008977}}
{"target": -268.8020449249562, "params": {"gamma": 5.409977097816925, "prior": 9.598399778511348, "rate": 8.039804954094969}, "datetime": {"datetime": "2024-06-14 05:32:39", "elapsed": 1.17852, "delta": 0.008976}}
{"target": -136.87472092323358, "params": {"gamma": 0.3241983431691163, "prior": 7.1229337871898215, "rate": 4.650549814153498}, "datetime": {"datetime": "2024-06-14 05:32:39", "elapsed": 1.187496, "delta": 0.008976}}
{"target": -423.9962992723663, "params": {"gamma": 9.475541865009603, "prior": 2.2921840698025346, "rate": 2.6714531248239735}, "datetime": {"datetime": "2024-06-14 05:32:39", "elapsed": 1.196471, "delta": 0.008975}}
{"target": -139.7759537316457, "params": {"gamma": 0.8156581748077427, "prior": 4.343326403771487, "rate": 1.091078621426664}, "datetime": {"datetime": "2024-06-14 05:32:39", "elapsed": 1.205447, "delta": 0.008976}}
{"target": -307.2929139293441, "params": {"gamma": 6.3382338193585674, "prior": 8.049336050000004, "rate": 6.968308160705665}, "datetime": {"datetime": "2024-06-14 05:32:39", "elapsed": 1.213426, "delta": 0.007979}}
{"target": -327.5101779842255, "params": {"gamma": 7.66234759937663, "prior": 3.4902957864508464, "rate": 8.45866897879375}, "datetime": {"datetime": "2024-06-14 05:32:39", "elapsed": 1.222402, "delta": 0.008976}}
{"target": -224.88846039406013, "params": {"gamma": 4.2882589812194265, "prior": 8.257697717081955, "rate": 6.265335090084314}, "datetime": {"datetime": "2024-06-14 05:32:39", "elapsed": 1.231942, "delta": 0.00954}}
{"target": -150.77317070054792, "params": {"gamma": 1.435087063653779, "prior": 0.8760303085639848, "rate": 0.1843080964871599}, "datetime": {"datetime": "2024-06-14 05:32:39", "elapsed": 1.239921, "delta": 0.007979}}
{"target": -140.11535365339728, "params": {"gamma": 0.6681832513959254, "prior": 4.639979755713475, "rate": 1.1343058857531372}, "datetime": {"datetime": "2024-06-14 05:32:39", "elapsed": 1.249402, "delta": 0.009481}}
{"target": -139.84252308890385, "params": {"gamma": 0.27880570513785086, "prior": 7.573128665765627, "rate": 3.949109954125934}, "datetime": {"datetime": "2024-06-14 05:32:39", "elapsed": 1.258378, "delta": 0.008976}}
{"target": -349.4823548724244, "params": {"gamma": 7.469638017579644, "prior": 4.57880778478987, "rate": 4.501417383260611}, "datetime": {"datetime": "2024-06-14 05:32:39", "elapsed": 1.267354, "delta": 0.008976}}
{"target": -225.863968580523, "params": {"gamma": 4.7812469946715925, "prior": 4.79263887296572, "rate": 8.031830257799582}, "datetime": {"datetime": "2024-06-14 05:32:39", "elapsed": 1.275883, "delta": 0.008529}}
{"target": -300.7609584873309, "params": {"gamma": 4.024522806057501, "prior": 9.056392987401868, "rate": 0.3715734184924046}, "datetime": {"datetime": "2024-06-14 05:32:39", "elapsed": 1.284859, "delta": 0.008976}}
{"target": -330.5842384238941, "params": {"gamma": 7.738969552861467, "prior": 1.3438496732636145, "rate": 6.185517155553943}, "datetime": {"datetime": "2024-06-14 05:32:39", "elapsed": 1.293834, "delta": 0.008975}}
{"target": -153.8574896812539, "params": {"gamma": 0.10463224909098416, "prior": 5.4324100975058345, "rate": 0.031176548239344033}, "datetime": {"datetime": "2024-06-14 05:32:39", "elapsed": 1.302811, "delta": 0.008977}}
{"target": -446.41235733503095, "params": {"gamma": 9.511986661116556, "prior": 9.063480133657503, "rate": 7.959873452480752}, "datetime": {"datetime": "2024-06-14 05:32:39", "elapsed": 1.311786, "delta": 0.008975}}
{"target": -419.09055121267284, "params": {"gamma": 9.15282792482796, "prior": 1.541026488468131, "rate": 1.5781429686354622}, "datetime": {"datetime": "2024-06-14 05:32:39", "elapsed": 1.320763, "delta": 0.008977}}
{"target": -133.60343916922326, "params": {"gamma": 1.8771290973514374, "prior": 6.262709432769219, "rate": 9.05818915058701}, "datetime": {"datetime": "2024-06-14 05:32:39", "elapsed": 1.329738, "delta": 0.008975}}
{"target": -451.1879680614594, "params": {"gamma": 9.899561828412377, "prior": 7.1401123417815775, "rate": 7.318272291013812}, "datetime": {"datetime": "2024-06-14 05:32:39", "elapsed": 1.338715, "delta": 0.008977}}
{"target": -456.6234525457988, "params": {"gamma": 9.093022752238, "prior": 4.0686499504740965, "rate": 2.4992569515701426}, "datetime": {"datetime": "2024-06-14 05:32:39", "elapsed": 1.347698, "delta": 0.008983}}
{"target": -127.36620336885188, "params": {"gamma": 1.7351282777004415, "prior": 1.2826247983039172, "rate": 8.126293269740254}, "datetime": {"datetime": "2024-06-14 05:32:39", "elapsed": 1.356669, "delta": 0.008971}}
{"target": -122.84113775130146, "params": {"gamma": 1.4687769417990144, "prior": 2.716545078996317, "rate": 8.191072697156674}, "datetime": {"datetime": "2024-06-14 05:32:39", "elapsed": 1.365644, "delta": 0.008975}}
{"target": -204.01004027832613, "params": {"gamma": 3.106561930690306, "prior": 9.825932748000135, "rate": 2.6671203828142005}, "datetime": {"datetime": "2024-06-14 05:32:39", "elapsed": 1.374621, "delta": 0.008977}}
{"target": -241.14877147503418, "params": {"gamma": 5.336999796367143, "prior": 3.2132234107399116, "rate": 9.1078175389072}, "datetime": {"datetime": "2024-06-14 05:32:39", "elapsed": 1.383597, "delta": 0.008976}}
{"target": -190.93301472764006, "params": {"gamma": 3.666199881868493, "prior": 4.392564040004329, "rate": 5.123414630091336}, "datetime": {"datetime": "2024-06-14 05:32:39", "elapsed": 1.392573, "delta": 0.008976}}
{"target": -417.84262608863105, "params": {"gamma": 9.388925887219763, "prior": 0.4063951620843921, "rate": 7.1690697576532605}, "datetime": {"datetime": "2024-06-14 05:32:39", "elapsed": 1.401549, "delta": 0.008976}}
{"target": -393.5709307149049, "params": {"gamma": 8.910298523969097, "prior": 0.37014351282294133, "rate": 5.220990421277856}, "datetime": {"datetime": "2024-06-14 05:32:39", "elapsed": 1.410525, "delta": 0.008976}}
{"target": -187.59171481210623, "params": {"gamma": 3.2605721278884827, "prior": 8.6089442765693, "rate": 5.585606992674257}, "datetime": {"datetime": "2024-06-14 05:32:39", "elapsed": 1.419501, "delta": 0.008976}}
{"target": -311.44796480169094, "params": {"gamma": 6.902588453759316, "prior": 4.58324964952022, "rate": 6.2834620661760505}, "datetime": {"datetime": "2024-06-14 05:32:39", "elapsed": 1.428477, "delta": 0.008976}}
{"target": -167.23653254899145, "params": {"gamma": 2.901678420022571, "prior": 0.19255092186850625, "rate": 5.767982593935921}, "datetime": {"datetime": "2024-06-14 05:32:39", "elapsed": 1.437453, "delta": 0.008976}}
{"target": -167.37845920051302, "params": {"gamma": 3.1151306971104957, "prior": 5.220949225161185, "rate": 9.164142124685924}, "datetime": {"datetime": "2024-06-14 05:32:39", "elapsed": 1.447426, "delta": 0.009973}}
{"target": -209.136686930701, "params": {"gamma": 4.265321410225459, "prior": 2.549220762363616, "rate": 3.7135663190292654}, "datetime": {"datetime": "2024-06-14 05:32:39", "elapsed": 1.456402, "delta": 0.008976}}
{"target": -435.81262278215576, "params": {"gamma": 9.31867930524877, "prior": 9.374996974960027, "rate": 8.443455155708566}, "datetime": {"datetime": "2024-06-14 05:32:39", "elapsed": 1.465378, "delta": 0.008976}}
{"target": -503.44444605540735, "params": {"gamma": 9.202144936542298, "prior": 2.356212870518038, "rate": 0.8757346133263552}, "datetime": {"datetime": "2024-06-14 05:32:39", "elapsed": 1.474354, "delta": 0.008976}}
{"target": -156.1296823252777, "params": {"gamma": 2.273870053110603, "prior": 3.2123284995290997, "rate": 1.7484839976867594}, "datetime": {"datetime": "2024-06-14 05:32:39", "elapsed": 1.48333, "delta": 0.008976}}
{"target": -271.2292946969623, "params": {"gamma": 6.071334525562633, "prior": 4.194505508511497, "rate": 8.163698766760314}, "datetime": {"datetime": "2024-06-14 05:32:39", "elapsed": 1.492306, "delta": 0.008976}}
{"target": -152.33262194985096, "params": {"gamma": 1.8521188522920375, "prior": 7.048577644587473, "rate": 2.4043158928665394}, "datetime": {"datetime": "2024-06-14 05:32:39", "elapsed": 1.501282, "delta": 0.008976}}
{"target": -357.8188788534489, "params": {"gamma": 5.742616669319757, "prior": 3.55497721248581, "rate": 0.5705870304288444}, "datetime": {"datetime": "2024-06-14 05:32:39", "elapsed": 1.510258, "delta": 0.008976}}
{"target": -151.34848297981992, "params": {"gamma": 2.288907895932798, "prior": 6.674615298012455, "rate": 4.973003683511953}, "datetime": {"datetime": "2024-06-14 05:32:39", "elapsed": 1.518237, "delta": 0.007979}}
{"target": -235.6476416467195, "params": {"gamma": 5.190640824752714, "prior": 1.8297294860783329, "rate": 5.7075877996110185}, "datetime": {"datetime": "2024-06-14 05:32:39", "elapsed": 1.52821, "delta": 0.009973}}
{"target": -483.6623091244464, "params": {"gamma": 9.967537498656892, "prior": 8.186667577037056, "rate": 5.944131865685947}, "datetime": {"datetime": "2024-06-14 05:32:39", "elapsed": 1.537186, "delta": 0.008976}}
{"target": -482.4884903693174, "params": {"gamma": 9.759914694240718, "prior": 9.025469588226281, "rate": 5.956483728092853}, "datetime": {"datetime": "2024-06-14 05:32:39", "elapsed": 1.546162, "delta": 0.008976}}
{"target": -136.99042579893353, "params": {"gamma": 0.32523082681925664, "prior": 1.0264132485930595, "rate": 0.6546517787072217}, "datetime": {"datetime": "2024-06-14 05:32:39", "elapsed": 1.554142, "delta": 0.00798}}
{"target": -212.5077961986117, "params": {"gamma": 4.517879753766062, "prior": 3.816804848361792, "rate": 9.753524992668595}, "datetime": {"datetime": "2024-06-14 05:32:39", "elapsed": 1.563117, "delta": 0.008975}}
{"target": -134.99719550059464, "params": {"gamma": 1.6806649487029495, "prior": 9.730597160133286, "rate": 7.674981213761269}, "datetime": {"datetime": "2024-06-14 05:32:39", "elapsed": 1.572093, "delta": 0.008976}}
{"target": -378.5652851881307, "params": {"gamma": 8.242554158405353, "prior": 6.362896586102173, "rate": 6.6876589692971145}, "datetime": {"datetime": "2024-06-14 05:32:39", "elapsed": 1.581069, "delta": 0.008976}}
{"target": -229.51303872992136, "params": {"gamma": 4.769346452878413, "prior": 0.23004993353841524, "rate": 3.530707849332706}, "datetime": {"datetime": "2024-06-14 05:32:39", "elapsed": 1.590045, "delta": 0.008976}}
{"target": -257.947103856105, "params": {"gamma": 4.9212259431340915, "prior": 7.327902989792033, "rate": 4.686814799118347}, "datetime": {"datetime": "2024-06-14 05:32:39", "elapsed": 1.599021, "delta": 0.008976}}
{"target": -316.0202326426605, "params": {"gamma": 4.574591755978228, "prior": 1.4628611353614713, "rate": 0.10987644930098642}, "datetime": {"datetime": "2024-06-14 05:32:39", "elapsed": 1.607885, "delta": 0.008864}}
{"target": -323.2153497751182, "params": {"gamma": 7.583024326509486, "prior": 3.267533096969016, "rate": 9.843850118484914}, "datetime": {"datetime": "2024-06-14 05:32:39", "elapsed": 1.616862, "delta": 0.008977}}
{"target": -141.29328595789335, "params": {"gamma": 2.2031220273654006, "prior": 3.453209452268629, "rate": 5.239437460525651}, "datetime": {"datetime": "2024-06-14 05:32:39", "elapsed": 1.625837, "delta": 0.008975}}
{"target": -435.90643010491203, "params": {"gamma": 7.549159679148268, "prior": 4.692192060612927, "rate": 1.2491006085736511}, "datetime": {"datetime": "2024-06-14 05:32:39", "elapsed": 1.634813, "delta": 0.008976}}
{"target": -170.38006063382537, "params": {"gamma": 3.125701283542003, "prior": 5.094739780039847, "rate": 6.73881623116066}, "datetime": {"datetime": "2024-06-14 05:32:39", "elapsed": 1.643789, "delta": 0.008976}}
{"target": -468.7702136487294, "params": {"gamma": 7.70172941316461, "prior": 1.3903242314481075, "rate": 0.23012839809249527}, "datetime": {"datetime": "2024-06-14 05:32:39", "elapsed": 1.652768, "delta": 0.008979}}
{"target": -388.93483897948323, "params": {"gamma": 5.191304139797683, "prior": 8.118888235557922, "rate": 0.12702506653173326}, "datetime": {"datetime": "2024-06-14 05:32:39", "elapsed": 1.661744, "delta": 0.008976}}
{"target": -339.68636996499004, "params": {"gamma": 6.725025976692686, "prior": 6.899401443904219, "rate": 4.49301828911279}, "datetime": {"datetime": "2024-06-14 05:32:39", "elapsed": 1.67072, "delta": 0.008976}}
{"target": -642.6098097688572, "params": {"gamma": 9.1479720787326, "prior": 6.47917473909423, "rate": 0.05339313667700704}, "datetime": {"datetime": "2024-06-14 05:32:39", "elapsed": 1.679696, "delta": 0.008976}}
{"target": -240.52016707066153, "params": {"gamma": 4.844800026698242, "prior": 8.60724628036624, "rate": 8.304165300803357}, "datetime": {"datetime": "2024-06-14 05:32:39", "elapsed": 1.688672, "delta": 0.008976}}
{"target": -314.5834225929808, "params": {"gamma": 6.491892816927667, "prior": 6.769614396596453, "rate": 5.7854172983122165}, "datetime": {"datetime": "2024-06-14 05:32:39", "elapsed": 1.697648, "delta": 0.008976}}
{"target": -159.10857038737564, "params": {"gamma": 2.741923631893355, "prior": 5.649246906306982, "rate": 6.717626118389386}, "datetime": {"datetime": "2024-06-14 05:32:39", "elapsed": 1.706624, "delta": 0.008976}}
{"target": -228.34417816616903, "params": {"gamma": 3.5249438725338718, "prior": 8.572700835813885, "rate": 1.9511798226010642}, "datetime": {"datetime": "2024-06-14 05:32:39", "elapsed": 1.7156, "delta": 0.008976}}
{"target": -319.8316106388648, "params": {"gamma": 7.473460782508901, "prior": 2.9670671872500867, "rate": 7.738219073154577}, "datetime": {"datetime": "2024-06-14 05:32:39", "elapsed": 1.723578, "delta": 0.007978}}
{"target": -242.7927795433834, "params": {"gamma": 4.277945556031427, "prior": 8.096214250210874, "rate": 3.535995091817236}, "datetime": {"datetime": "2024-06-14 05:32:39", "elapsed": 1.732554, "delta": 0.008976}}
{"target": -157.6765538775082, "params": {"gamma": 2.137718683058182, "prior": 7.696116633375489, "rate": 3.0871108343588807}, "datetime": {"datetime": "2024-06-14 05:32:39", "elapsed": 1.741531, "delta": 0.008977}}
{"target": -417.87843030843084, "params": {"gamma": 7.332717432196549, "prior": 7.4702842154695475, "rate": 2.2147456123811025}, "datetime": {"datetime": "2024-06-14 05:32:39", "elapsed": 1.751012, "delta": 0.009481}}
{"target": -148.2480490326208, "params": {"gamma": 2.141907256069664, "prior": 2.0695844419279603, "rate": 1.4260408593206808}, "datetime": {"datetime": "2024-06-14 05:32:39", "elapsed": 1.759988, "delta": 0.008976}}
{"target": -186.3362994280463, "params": {"gamma": 3.7714489094741337, "prior": 0.3636160584470526, "rate": 1.110092769973372}, "datetime": {"datetime": "2024-06-14 05:32:39", "elapsed": 1.768965, "delta": 0.008977}}
{"target": -432.29822756408277, "params": {"gamma": 6.745965673610343, "prior": 8.017787715284124, "rate": 0.8062147417567307}, "datetime": {"datetime": "2024-06-14 05:32:39", "elapsed": 1.776943, "delta": 0.007978}}
{"target": -141.45589079767527, "params": {"gamma": 2.3177914025474347, "prior": 2.1554940518577625, "rate": 9.173418297253225}, "datetime": {"datetime": "2024-06-14 05:32:39", "elapsed": 1.78592, "delta": 0.008977}}
