{"target": -287.5126074478533, "params": {"gamma": 5.310942498517634, "prior": 8.153913136901503, "rate": 3.763565542385325}, "datetime": {"datetime": "2024-06-14 10:30:35", "elapsed": 10.323092, "delta": 0.009645}}
{"target": -267.4725051800041, "params": {"gamma": 4.4582994882209785, "prior": 7.53393534067921, "rate": 0.9843654431052541}, "datetime": {"datetime": "2024-06-14 10:30:35", "elapsed": 10.33503, "delta": 0.011938}}
{"target": -221.23184971856628, "params": {"gamma": 3.6059025236596125, "prior": 5.680691927335912, "rate": 2.3866173738298953}, "datetime": {"datetime": "2024-06-14 10:30:35", "elapsed": 10.345003, "delta": 0.009973}}
{"target": -427.3080254432699, "params": {"gamma": 8.399697763448607, "prior": 7.6819248236704, "rate": 9.655460253343795}, "datetime": {"datetime": "2024-06-14 10:30:35", "elapsed": 10.353979, "delta": 0.008976}}
{"target": -317.9230434326046, "params": {"gamma": 5.230357762062273, "prior": 1.1545941141068716, "rate": 9.366233613591808}, "datetime": {"datetime": "2024-06-14 10:30:35", "elapsed": 10.36352, "delta": 0.009541}}
{"target": -428.55888257891155, "params": {"gamma": 8.342525658973996, "prior": 5.489739793932052, "rate": 8.363186471576656}, "datetime": {"datetime": "2024-06-14 10:30:35", "elapsed": 10.373491, "delta": 0.009971}}
{"target": -439.2732366753055, "params": {"gamma": 8.81702750262007, "prior": 7.783203259932287, "rate": 5.712968516447132}, "datetime": {"datetime": "2024-06-14 10:30:35", "elapsed": 10.383465, "delta": 0.009974}}
{"target": -320.7265394578472, "params": {"gamma": 6.153371915939358, "prior": 8.459467758169252, "rate": 6.222544146503024}, "datetime": {"datetime": "2024-06-14 10:30:35", "elapsed": 10.39244, "delta": 0.008975}}
{"target": -165.78243734029965, "params": {"gamma": 2.0655931119171287, "prior": 6.945735393184301, "rate": 5.320605487023739}, "datetime": {"datetime": "2024-06-14 10:30:35", "elapsed": 10.435328, "delta": 0.042888}}
{"target": -210.57367372123232, "params": {"gamma": 2.633207341942995, "prior": 0.10778676114340056, "rate": 2.3557421152378364}, "datetime": {"datetime": "2024-06-14 10:30:35", "elapsed": 10.445301, "delta": 0.009973}}
{"target": -347.12850850576166, "params": {"gamma": 6.735993413062344, "prior": 8.795369976841354, "rate": 8.307194989836436}, "datetime": {"datetime": "2024-06-14 10:30:35", "elapsed": 10.454277, "delta": 0.008976}}
{"target": -146.78579862977085, "params": {"gamma": 1.0819657484995155, "prior": 0.8041372972760987, "rate": 7.616161526478173}, "datetime": {"datetime": "2024-06-14 10:30:35", "elapsed": 10.464251, "delta": 0.009974}}
{"target": -213.03282512692545, "params": {"gamma": 2.849048887810949, "prior": 2.790850219716551, "rate": 0.021001005783708615}, "datetime": {"datetime": "2024-06-14 10:30:35", "elapsed": 10.474224, "delta": 0.009973}}
{"target": -144.1599971611888, "params": {"gamma": 0.9862915673948899, "prior": 1.442410769184296, "rate": 1.5944427020857364}, "datetime": {"datetime": "2024-06-14 10:30:35", "elapsed": 10.4832, "delta": 0.008976}}
{"target": -248.18253492336595, "params": {"gamma": 4.453690712551038, "prior": 8.159944565765821, "rate": 8.123168855569107}, "datetime": {"datetime": "2024-06-14 10:30:35", "elapsed": 10.493173, "delta": 0.009973}}
{"target": -466.00106299982303, "params": {"gamma": 9.099986227202798, "prior": 4.491561182341304, "rate": 7.087396368942189}, "datetime": {"datetime": "2024-06-14 10:30:35", "elapsed": 10.502149, "delta": 0.008976}}
{"target": -267.0316717540047, "params": {"gamma": 4.883852847086367, "prior": 0.5934413255317578, "rate": 0.8052339082615015}, "datetime": {"datetime": "2024-06-14 10:30:35", "elapsed": 10.511125, "delta": 0.008976}}
{"target": -177.41560069243255, "params": {"gamma": 2.4601774098261746, "prior": 9.818055113367866, "rate": 6.919480375538572}, "datetime": {"datetime": "2024-06-14 10:30:35", "elapsed": 10.521099, "delta": 0.009974}}
{"target": -182.3415697542308, "params": {"gamma": 2.680807810991347, "prior": 7.09200612105803, "rate": 6.6137999976813155}, "datetime": {"datetime": "2024-06-14 10:30:35", "elapsed": 10.53058, "delta": 0.009481}}
{"target": -140.77694471889285, "params": {"gamma": 0.4338583185782008, "prior": 3.6787270879532055, "rate": 7.737506106039536}, "datetime": {"datetime": "2024-06-14 10:30:35", "elapsed": 10.540553, "delta": 0.009973}}
{"target": -142.95045509797131, "params": {"gamma": 0.7861506254262016, "prior": 8.855402756081128, "rate": 9.308752094249328}, "datetime": {"datetime": "2024-06-14 10:30:35", "elapsed": 10.549529, "delta": 0.008976}}
{"target": -470.44675588031674, "params": {"gamma": 8.531002038386509, "prior": 1.2620382805993853, "rate": 5.652169643537417}, "datetime": {"datetime": "2024-06-14 10:30:35", "elapsed": 10.559502, "delta": 0.009973}}
{"target": -378.2900123094625, "params": {"gamma": 7.075891918374401, "prior": 8.89100289040774, "rate": 0.958664516968829}, "datetime": {"datetime": "2024-06-14 10:30:35", "elapsed": 10.568478, "delta": 0.008976}}
{"target": -427.24306307177017, "params": {"gamma": 8.157890074908734, "prior": 2.852361683520942, "rate": 5.923281570273373}, "datetime": {"datetime": "2024-06-14 10:30:35", "elapsed": 10.578452, "delta": 0.009974}}
{"target": -368.5358300642487, "params": {"gamma": 7.198237298029824, "prior": 7.7924895786681345, "rate": 2.947353825139696}, "datetime": {"datetime": "2024-06-14 10:30:35", "elapsed": 10.587427, "delta": 0.008975}}
{"target": -336.53697470279104, "params": {"gamma": 6.074158012949801, "prior": 2.945981454603072, "rate": 9.983169186094411}, "datetime": {"datetime": "2024-06-14 10:30:35", "elapsed": 10.597401, "delta": 0.009974}}
{"target": -426.84229735769276, "params": {"gamma": 8.145241573815564, "prior": 4.198381371066737, "rate": 8.791542714456694}, "datetime": {"datetime": "2024-06-14 10:30:35", "elapsed": 10.606377, "delta": 0.008976}}
{"target": -381.90583875700906, "params": {"gamma": 7.325278649969429, "prior": 9.294594614204785, "rate": 1.7169353317749951}, "datetime": {"datetime": "2024-06-14 10:30:35", "elapsed": 10.616351, "delta": 0.009974}}
{"target": -194.89524637629626, "params": {"gamma": 2.9490552142038204, "prior": 1.0279930931389578, "rate": 3.1804923357554484}, "datetime": {"datetime": "2024-06-14 10:30:35", "elapsed": 10.625326, "delta": 0.008975}}
{"target": -223.83949368727377, "params": {"gamma": 3.812504948851634, "prior": 6.36385414222566, "rate": 4.715727863547479}, "datetime": {"datetime": "2024-06-14 10:30:35", "elapsed": 10.63485, "delta": 0.009524}}
{"target": -365.46598110845514, "params": {"gamma": 7.176972138789694, "prior": 2.7653129816669733, "rate": 1.7313941351026625}, "datetime": {"datetime": "2024-06-14 10:30:35", "elapsed": 10.644782, "delta": 0.009932}}
{"target": -221.82146625228336, "params": {"gamma": 3.7918469051508774, "prior": 4.43700623053576, "rate": 4.221843551590521}, "datetime": {"datetime": "2024-06-14 10:30:35", "elapsed": 10.654755, "delta": 0.009973}}
{"target": -462.44803448543803, "params": {"gamma": 9.135783296928588, "prior": 2.7687134816348475, "rate": 3.5210819835488736}, "datetime": {"datetime": "2024-06-14 10:30:35", "elapsed": 10.663731, "delta": 0.008976}}
{"target": -166.28368013763173, "params": {"gamma": 2.1528813919731067, "prior": 3.7820378129023013, "rate": 3.8991640529202587}, "datetime": {"datetime": "2024-06-14 10:30:35", "elapsed": 10.673735, "delta": 0.010004}}
{"target": -303.5092893632275, "params": {"gamma": 5.754695144061634, "prior": 2.855813288362186, "rate": 2.595663592769973}, "datetime": {"datetime": "2024-06-14 10:30:35", "elapsed": 10.682681, "delta": 0.008946}}
{"target": -380.4315439357473, "params": {"gamma": 7.190894889170183, "prior": 9.110769204968191, "rate": 1.2218460988148518}, "datetime": {"datetime": "2024-06-14 10:30:35", "elapsed": 10.692654, "delta": 0.009973}}
{"target": -161.60980961355193, "params": {"gamma": 1.8237074185290985, "prior": 1.4177854842714415, "rate": 6.836393220362168}, "datetime": {"datetime": "2024-06-14 10:30:35", "elapsed": 10.70163, "delta": 0.008976}}
{"target": -174.7174701599087, "params": {"gamma": 2.1408837173038955, "prior": 6.0852588727331, "rate": 2.0175856692950274}, "datetime": {"datetime": "2024-06-14 10:30:35", "elapsed": 10.711603, "delta": 0.009973}}
{"target": -428.18324940387146, "params": {"gamma": 8.177754179737551, "prior": 3.229460609356161, "rate": 6.696498030094077}, "datetime": {"datetime": "2024-06-14 10:30:35", "elapsed": 10.720579, "delta": 0.008976}}
{"target": -151.71295112356844, "params": {"gamma": 1.4881868944628063, "prior": 3.128859926152989, "rate": 2.9731172115714624}, "datetime": {"datetime": "2024-06-14 10:30:35", "elapsed": 10.730091, "delta": 0.009512}}
{"target": -331.7987800343656, "params": {"gamma": 6.3511642455179445, "prior": 6.840717218521033, "rate": 8.452641216391733}, "datetime": {"datetime": "2024-06-14 10:30:35", "elapsed": 10.742059, "delta": 0.011968}}
{"target": -158.89060518821162, "params": {"gamma": 1.8342857207824639, "prior": 7.628254666633741, "rate": 7.119682083391317}, "datetime": {"datetime": "2024-06-14 10:30:35", "elapsed": 10.752032, "delta": 0.009973}}
{"target": -312.6724697279767, "params": {"gamma": 5.575881596860648, "prior": 6.536613564525276, "rate": 0.9008610352239393}, "datetime": {"datetime": "2024-06-14 10:30:35", "elapsed": 10.762005, "delta": 0.009973}}
{"target": -149.32258637552457, "params": {"gamma": 1.4696112814099909, "prior": 4.214160035094695, "rate": 7.1139955123219485}, "datetime": {"datetime": "2024-06-14 10:30:35", "elapsed": 10.770981, "delta": 0.008976}}
{"target": -154.11002518096186, "params": {"gamma": 1.6790438150723197, "prior": 3.950893478320653, "rate": 4.979961592920374}, "datetime": {"datetime": "2024-06-14 10:30:35", "elapsed": 10.78076, "delta": 0.009779}}
{"target": -557.5334183884606, "params": {"gamma": 9.350522223405173, "prior": 0.6464428616796051, "rate": 8.290245901995016}, "datetime": {"datetime": "2024-06-14 10:30:35", "elapsed": 10.790734, "delta": 0.009974}}
{"target": -527.0417518371555, "params": {"gamma": 9.841614299141947, "prior": 2.7459988738469, "rate": 8.90068298043714}, "datetime": {"datetime": "2024-06-14 10:30:35", "elapsed": 10.799709, "delta": 0.008975}}
{"target": -193.22387240894867, "params": {"gamma": 2.9037110876153163, "prior": 8.010174232146655, "rate": 4.599113822624364}, "datetime": {"datetime": "2024-06-14 10:30:35", "elapsed": 10.809682, "delta": 0.009973}}
{"target": -327.49767081010924, "params": {"gamma": 5.976488880119824, "prior": 2.443007029974514, "rate": 6.87646200664599}, "datetime": {"datetime": "2024-06-14 10:30:35", "elapsed": 10.818659, "delta": 0.008977}}
{"target": -152.1526448584569, "params": {"gamma": 1.4876999762661907, "prior": 5.640896340117552, "rate": 4.943794976509587}, "datetime": {"datetime": "2024-06-14 10:30:35", "elapsed": 10.828632, "delta": 0.009973}}
{"target": -431.3073785785979, "params": {"gamma": 8.372222753498248, "prior": 4.866538302199957, "rate": 7.847524868907307}, "datetime": {"datetime": "2024-06-14 10:30:35", "elapsed": 10.837608, "delta": 0.008976}}
{"target": -234.79743746070207, "params": {"gamma": 4.003542773051022, "prior": 3.1482687409659618, "rate": 7.872484136639694}, "datetime": {"datetime": "2024-06-14 10:30:35", "elapsed": 10.847581, "delta": 0.009973}}
{"target": -237.15659786261088, "params": {"gamma": 4.185224174850338, "prior": 5.017984006012016, "rate": 5.773647990711966}, "datetime": {"datetime": "2024-06-14 10:30:35", "elapsed": 10.856557, "delta": 0.008976}}
{"target": -410.9406005654007, "params": {"gamma": 8.196837713155396, "prior": 5.8550677488045215, "rate": 4.062022883905419}, "datetime": {"datetime": "2024-06-14 10:30:35", "elapsed": 10.866531, "delta": 0.009974}}
{"target": -152.66563671392632, "params": {"gamma": 1.6067076982639186, "prior": 7.050901918649678, "rate": 8.832444983696695}, "datetime": {"datetime": "2024-06-14 10:30:35", "elapsed": 10.875506, "delta": 0.008975}}
{"target": -143.36717551419883, "params": {"gamma": 1.0846805001536175, "prior": 4.715518360549507, "rate": 9.34542051628517}, "datetime": {"datetime": "2024-06-14 10:30:35", "elapsed": 10.885479, "delta": 0.009973}}
{"target": -317.13104912397273, "params": {"gamma": 5.635528165584233, "prior": 5.4980097896596, "rate": 0.6356920232315505}, "datetime": {"datetime": "2024-06-14 10:30:35", "elapsed": 10.895453, "delta": 0.009974}}
{"target": -297.6084015933586, "params": {"gamma": 5.353466496108746, "prior": 6.579958907817386, "rate": 1.466771864485812}, "datetime": {"datetime": "2024-06-14 10:30:35", "elapsed": 10.904429, "delta": 0.008976}}
{"target": -513.3255551682145, "params": {"gamma": 9.563690911740819, "prior": 2.0418928402390932, "rate": 6.739586009585863}, "datetime": {"datetime": "2024-06-14 10:30:36", "elapsed": 10.914402, "delta": 0.009973}}
{"target": -184.60907659534593, "params": {"gamma": 2.744137192928587, "prior": 1.1734652549355584, "rate": 2.6097471361451294}, "datetime": {"datetime": "2024-06-14 10:30:36", "elapsed": 10.923378, "delta": 0.008976}}
{"target": -209.8012466630463, "params": {"gamma": 3.3421841833472294, "prior": 4.700845584587125, "rate": 2.3443300775714717}, "datetime": {"datetime": "2024-06-14 10:30:36", "elapsed": 10.933352, "delta": 0.009974}}
{"target": -371.764672601908, "params": {"gamma": 7.27531136269942, "prior": 8.09119191003769, "rate": 7.909964984873447}, "datetime": {"datetime": "2024-06-14 10:30:36", "elapsed": 10.942328, "delta": 0.008976}}
{"target": -364.94288420007877, "params": {"gamma": 7.157769735363946, "prior": 2.7694681369941243, "rate": 2.1053674526157167}, "datetime": {"datetime": "2024-06-14 10:30:36", "elapsed": 10.952302, "delta": 0.009974}}
{"target": -152.9232801500756, "params": {"gamma": 1.092174154085908, "prior": 4.027142903887254, "rate": 0.8735791351201521}, "datetime": {"datetime": "2024-06-14 10:30:36", "elapsed": 10.962274, "delta": 0.009972}}
{"target": -338.3359176070387, "params": {"gamma": 6.554241175168271, "prior": 9.503306252187942, "rate": 7.556577172510941}, "datetime": {"datetime": "2024-06-14 10:30:36", "elapsed": 10.972248, "delta": 0.009974}}
{"target": -149.52550215735934, "params": {"gamma": 1.1698003792568261, "prior": 0.3027643623121794, "rate": 3.349553409033682}, "datetime": {"datetime": "2024-06-14 10:30:36", "elapsed": 10.981224, "delta": 0.008976}}
{"target": -518.912662296262, "params": {"gamma": 9.928768691433605, "prior": 3.197034304972313, "rate": 7.37534048014249}, "datetime": {"datetime": "2024-06-14 10:30:36", "elapsed": 10.991197, "delta": 0.009973}}
{"target": -364.96711440122436, "params": {"gamma": 7.165577236537339, "prior": 5.768320217183284, "rate": 3.6770929306387004}, "datetime": {"datetime": "2024-06-14 10:30:36", "elapsed": 11.001171, "delta": 0.009974}}
{"target": -182.1015358218985, "params": {"gamma": 2.083448674606851, "prior": 9.801992242791993, "rate": 0.6598718062812502}, "datetime": {"datetime": "2024-06-14 10:30:36", "elapsed": 11.010146, "delta": 0.008975}}
{"target": -173.73237770282776, "params": {"gamma": 2.363041291619063, "prior": 3.1581047580501553, "rate": 9.09512403146957}, "datetime": {"datetime": "2024-06-14 10:30:36", "elapsed": 11.019123, "delta": 0.008977}}
{"target": -363.60230573726574, "params": {"gamma": 7.133979260927965, "prior": 2.727181317356326, "rate": 1.6458485280836919}, "datetime": {"datetime": "2024-06-14 10:30:36", "elapsed": 11.029515, "delta": 0.010392}}
{"target": -460.29861855230473, "params": {"gamma": 8.805093637851785, "prior": 7.958453011075212, "rate": 0.38483593233206737}, "datetime": {"datetime": "2024-06-14 10:30:36", "elapsed": 11.038491, "delta": 0.008976}}
{"target": -438.662157216785, "params": {"gamma": 8.79312913512225, "prior": 5.9206034775835645, "rate": 4.575914432666735}, "datetime": {"datetime": "2024-06-14 10:30:36", "elapsed": 11.048464, "delta": 0.009973}}
{"target": -390.11882899441497, "params": {"gamma": 6.73884491695568, "prior": 0.49048370550033693, "rate": 3.303881713493146}, "datetime": {"datetime": "2024-06-14 10:30:36", "elapsed": 11.057441, "delta": 0.008977}}
{"target": -146.12629424902326, "params": {"gamma": 0.8813961296757109, "prior": 6.868010901332397, "rate": 3.9807191404477567}, "datetime": {"datetime": "2024-06-14 10:30:36", "elapsed": 11.067445, "delta": 0.010004}}
{"target": -270.43245481337175, "params": {"gamma": 4.790061963647635, "prior": 2.969053058004484, "rate": 7.883156906603142}, "datetime": {"datetime": "2024-06-14 10:30:36", "elapsed": 11.07639, "delta": 0.008945}}
{"target": -140.69870234027394, "params": {"gamma": 0.4660803099952485, "prior": 2.883143899002197, "rate": 5.906368021727022}, "datetime": {"datetime": "2024-06-14 10:30:36", "elapsed": 11.086363, "delta": 0.009973}}
{"target": -403.19822884327743, "params": {"gamma": 7.901544890842957, "prior": 6.055833425528347, "rate": 7.305156197867701}, "datetime": {"datetime": "2024-06-14 10:30:36", "elapsed": 11.096337, "delta": 0.009974}}
{"target": -145.34459095726604, "params": {"gamma": 0.23625562086340346, "prior": 2.623743534154576, "rate": 0.42187550666388557}, "datetime": {"datetime": "2024-06-14 10:30:36", "elapsed": 11.105312, "delta": 0.008975}}
{"target": -301.9343820869066, "params": {"gamma": 5.000623972289424, "prior": 9.892488931793658, "rate": 0.1362915505440842}, "datetime": {"datetime": "2024-06-14 10:30:36", "elapsed": 11.115286, "delta": 0.009974}}
{"target": -314.25558340174655, "params": {"gamma": 4.409349504334219, "prior": 0.14738553924825692, "rate": 6.1292733046741406}, "datetime": {"datetime": "2024-06-14 10:30:36", "elapsed": 11.124262, "delta": 0.008976}}
{"target": -169.17232306907684, "params": {"gamma": 1.8344039025545689, "prior": 7.156143659526229, "rate": 1.5973254712175065}, "datetime": {"datetime": "2024-06-14 10:30:36", "elapsed": 11.134235, "delta": 0.009973}}
{"target": -427.6134604481395, "params": {"gamma": 8.28592797664837, "prior": 2.141163820968893, "rate": 3.522810522045676}, "datetime": {"datetime": "2024-06-14 10:30:36", "elapsed": 11.143211, "delta": 0.008976}}
{"target": -174.16217195189992, "params": {"gamma": 2.3065541407607677, "prior": 8.0960764752713, "rate": 4.903209285941475}, "datetime": {"datetime": "2024-06-14 10:30:36", "elapsed": 11.153184, "delta": 0.009973}}
{"target": -473.61732851026153, "params": {"gamma": 8.738461225360355, "prior": 1.3878511297112337, "rate": 4.990082145540017}, "datetime": {"datetime": "2024-06-14 10:30:36", "elapsed": 11.16216, "delta": 0.008976}}
{"target": -391.66478422177033, "params": {"gamma": 7.766359726186858, "prior": 9.813980671032251, "rate": 6.734103924215217}, "datetime": {"datetime": "2024-06-14 10:30:36", "elapsed": 11.172134, "delta": 0.009974}}
{"target": -173.10338015868632, "params": {"gamma": 1.8308287966897505, "prior": 7.621752259925226, "rate": 0.747277516013488}, "datetime": {"datetime": "2024-06-14 10:30:36", "elapsed": 11.18111, "delta": 0.008976}}
{"target": -385.45704367971257, "params": {"gamma": 7.62796186474408, "prior": 8.295370786127524, "rate": 5.592537951402159}, "datetime": {"datetime": "2024-06-14 10:30:36", "elapsed": 11.191083, "delta": 0.009973}}
{"target": -300.61776569559976, "params": {"gamma": 4.927715577252471, "prior": 9.371621484501743, "rate": 0.0019694099260602308}, "datetime": {"datetime": "2024-06-14 10:30:36", "elapsed": 11.201056, "delta": 0.009973}}
{"target": -144.06163088953122, "params": {"gamma": 0.0966593768907281, "prior": 2.5943190891398578, "rate": 5.057258956122923}, "datetime": {"datetime": "2024-06-14 10:30:36", "elapsed": 11.210032, "delta": 0.008976}}
{"target": -288.44905309497335, "params": {"gamma": 5.404626088310402, "prior": 3.775794997844595, "rate": 2.9278210405766725}, "datetime": {"datetime": "2024-06-14 10:30:36", "elapsed": 11.220006, "delta": 0.009974}}
{"target": -170.05649759503862, "params": {"gamma": 2.0244710973929743, "prior": 8.02279075452163, "rate": 3.159913122914842}, "datetime": {"datetime": "2024-06-14 10:30:36", "elapsed": 11.228982, "delta": 0.008976}}
{"target": -268.3580347729861, "params": {"gamma": 4.925187387485644, "prior": 8.131779827869634, "rate": 6.123977065658692}, "datetime": {"datetime": "2024-06-14 10:30:36", "elapsed": 11.238955, "delta": 0.009973}}
{"target": -236.5735805467139, "params": {"gamma": 4.086676353275073, "prior": 1.851351801368232, "rate": 3.977123246381154}, "datetime": {"datetime": "2024-06-14 10:30:36", "elapsed": 11.247931, "delta": 0.008976}}
{"target": -274.15109665539217, "params": {"gamma": 4.852641324647453, "prior": 9.906787466384639, "rate": 2.842666564129935}, "datetime": {"datetime": "2024-06-14 10:30:36", "elapsed": 11.257904, "delta": 0.009973}}
{"target": -155.09657597706808, "params": {"gamma": 1.6572311251158391, "prior": 2.2836975838028972, "rate": 2.115461976224172}, "datetime": {"datetime": "2024-06-14 10:30:36", "elapsed": 11.267879, "delta": 0.009975}}
{"target": -144.06110512868742, "params": {"gamma": 0.761400858057041, "prior": 3.712586214392191, "rate": 2.848055513881634}, "datetime": {"datetime": "2024-06-14 10:30:36", "elapsed": 11.276883, "delta": 0.009004}}
{"target": -451.07244189928133, "params": {"gamma": 8.876000332641663, "prior": 7.824570138568547, "rate": 1.09154050351661}, "datetime": {"datetime": "2024-06-14 10:30:36", "elapsed": 11.286827, "delta": 0.009944}}
{"target": -480.1313064225184, "params": {"gamma": 8.505184450178726, "prior": 1.1850262084006502, "rate": 7.2023572600056704}, "datetime": {"datetime": "2024-06-14 10:30:36", "elapsed": 11.296801, "delta": 0.009974}}
{"target": -348.11843236199053, "params": {"gamma": 5.728670154913063, "prior": 0.9594030042480481, "rate": 9.053375032737591}, "datetime": {"datetime": "2024-06-14 10:30:36", "elapsed": 11.305777, "delta": 0.008976}}
{"target": -434.55274643191404, "params": {"gamma": 8.745790582338879, "prior": 8.454132140483077, "rate": 3.6963039838180336}, "datetime": {"datetime": "2024-06-14 10:30:36", "elapsed": 11.31532, "delta": 0.009543}}
