{"target": -144.51560865777685, "params": {"gamma": 0.7466661384435471, "prior": 3.766026368361488, "rate": 1.235065179287484}, "datetime": {"datetime": "2024-06-14 06:59:07", "elapsed": 3.582189, "delta": 0.008977}}
{"target": -225.68655167911024, "params": {"gamma": 6.345552644202125, "prior": 4.1978064727211475, "rate": 9.909165409621975}, "datetime": {"datetime": "2024-06-14 06:59:07", "elapsed": 3.591164, "delta": 0.008975}}
{"target": -297.50366363141694, "params": {"gamma": 9.299626280909525, "prior": 1.5774367198665253, "rate": 3.9494277431054683}, "datetime": {"datetime": "2024-06-14 06:59:07", "elapsed": 3.600141, "delta": 0.008977}}
{"target": -193.79277703105097, "params": {"gamma": 4.6163355299129, "prior": 5.6533926757072575, "rate": 7.803854869369396}, "datetime": {"datetime": "2024-06-14 06:59:07", "elapsed": 3.609116, "delta": 0.008975}}
{"target": -249.65621073465394, "params": {"gamma": 4.872451896825164, "prior": 4.257936164901384, "rate": 2.6207350474886373}, "datetime": {"datetime": "2024-06-14 06:59:07", "elapsed": 3.618093, "delta": 0.008977}}
{"target": -420.2060290817254, "params": {"gamma": 9.108150584728497, "prior": 0.32048796417476116, "rate": 8.211397860291427}, "datetime": {"datetime": "2024-06-14 06:59:07", "elapsed": 3.627068, "delta": 0.008975}}
{"target": -154.2960115680557, "params": {"gamma": 1.8854955282645185, "prior": 6.888993301808218, "rate": 3.552738684007098}, "datetime": {"datetime": "2024-06-14 06:59:07", "elapsed": 3.636045, "delta": 0.008977}}
{"target": -331.4363460125044, "params": {"gamma": 9.742152066323019, "prior": 1.3154440815492576, "rate": 1.8765113562797784}, "datetime": {"datetime": "2024-06-14 06:59:07", "elapsed": 3.645021, "delta": 0.008976}}
{"target": -445.19017283921033, "params": {"gamma": 8.894535312169324, "prior": 5.875722514621456, "rate": 3.0931546002031376}, "datetime": {"datetime": "2024-06-14 06:59:07", "elapsed": 3.653997, "delta": 0.008976}}
{"target": -146.69215234302706, "params": {"gamma": 0.008643090396402046, "prior": 2.353217609390305, "rate": 1.4548909380781856}, "datetime": {"datetime": "2024-06-14 06:59:07", "elapsed": 3.662973, "delta": 0.008976}}
{"target": -141.69353369433045, "params": {"gamma": 2.035134809876536, "prior": 8.973593312359645, "rate": 8.731070688318136}, "datetime": {"datetime": "2024-06-14 06:59:07", "elapsed": 3.671949, "delta": 0.008976}}
{"target": -245.7019319379333, "params": {"gamma": 7.0031940868968645, "prior": 4.757926993906869, "rate": 8.271532887320552}, "datetime": {"datetime": "2024-06-14 06:59:07", "elapsed": 3.680925, "delta": 0.008976}}
{"target": -238.49741289522817, "params": {"gamma": 4.958768144455039, "prior": 3.698537964520562, "rate": 2.7567554245058266}, "datetime": {"datetime": "2024-06-14 06:59:07", "elapsed": 3.689901, "delta": 0.008976}}
{"target": -330.6264295109457, "params": {"gamma": 9.247483394570178, "prior": 3.931193419137293, "rate": 4.929315853439772}, "datetime": {"datetime": "2024-06-14 06:59:07", "elapsed": 3.698877, "delta": 0.008976}}
{"target": -179.53144140963272, "params": {"gamma": 2.5451265850419067, "prior": 8.861168536496827, "rate": 3.833251304596062}, "datetime": {"datetime": "2024-06-14 06:59:07", "elapsed": 3.707853, "delta": 0.008976}}
{"target": -216.49454461412373, "params": {"gamma": 2.9764495784234386, "prior": 7.2041901257280685, "rate": 1.909508561779902}, "datetime": {"datetime": "2024-06-14 06:59:07", "elapsed": 3.716829, "delta": 0.008976}}
{"target": -131.31282762610536, "params": {"gamma": 1.1828081008410374, "prior": 8.386278043913771, "rate": 7.441615077773983}, "datetime": {"datetime": "2024-06-14 06:59:07", "elapsed": 3.725805, "delta": 0.008976}}
{"target": -215.60730676584865, "params": {"gamma": 5.905614955923525, "prior": 2.5046265921522197, "rate": 6.2328482047306535}, "datetime": {"datetime": "2024-06-14 06:59:07", "elapsed": 3.734781, "delta": 0.008976}}
{"target": -415.3646519796085, "params": {"gamma": 6.383914852090989, "prior": 3.342937496712019, "rate": 0.6758259413323553}, "datetime": {"datetime": "2024-06-14 06:59:07", "elapsed": 3.743757, "delta": 0.008976}}
{"target": -294.7359625340613, "params": {"gamma": 8.805505437045703, "prior": 4.6535716376351575, "rate": 7.638963307946233}, "datetime": {"datetime": "2024-06-14 06:59:07", "elapsed": 3.752733, "delta": 0.008976}}
{"target": -161.33229759402525, "params": {"gamma": 2.539632320806454, "prior": 5.954733104448417, "rate": 4.288522808327629}, "datetime": {"datetime": "2024-06-14 06:59:07", "elapsed": 3.761709, "delta": 0.008976}}
{"target": -169.0269662310674, "params": {"gamma": 3.8216243248488464, "prior": 1.3544625000845356, "rate": 2.4434223654265494}, "datetime": {"datetime": "2024-06-14 06:59:07", "elapsed": 3.770713, "delta": 0.009004}}
{"target": -121.21828178602759, "params": {"gamma": 0.7943364880002312, "prior": 3.098297216704028, "rate": 7.417306297515323}, "datetime": {"datetime": "2024-06-14 06:59:07", "elapsed": 3.77966, "delta": 0.008947}}
{"target": -505.99925737190927, "params": {"gamma": 6.150542233985518, "prior": 6.7568698794458655, "rate": 0.08482241217079087}, "datetime": {"datetime": "2024-06-14 06:59:07", "elapsed": 3.788637, "delta": 0.008977}}
{"target": -362.9262703754436, "params": {"gamma": 6.784091345540948, "prior": 5.081488836374581, "rate": 2.309853596391308}, "datetime": {"datetime": "2024-06-14 06:59:07", "elapsed": 3.797613, "delta": 0.008976}}
{"target": -128.21538687398, "params": {"gamma": 1.7497901933102402, "prior": 1.9313313589532155, "rate": 8.44275579074591}, "datetime": {"datetime": "2024-06-14 06:59:07", "elapsed": 3.806589, "delta": 0.008976}}
{"target": -541.3908950515681, "params": {"gamma": 9.825915303261548, "prior": 9.146022285932153, "rate": 3.4743468343077555}, "datetime": {"datetime": "2024-06-14 06:59:07", "elapsed": 3.815565, "delta": 0.008976}}
{"target": -274.37919772710086, "params": {"gamma": 7.802465572333946, "prior": 5.509900447944164, "rate": 8.16460753316182}, "datetime": {"datetime": "2024-06-14 06:59:07", "elapsed": 3.824541, "delta": 0.008976}}
{"target": -200.99607666122378, "params": {"gamma": 4.8377857849378705, "prior": 5.9405178531640965, "rate": 7.872847211795091}, "datetime": {"datetime": "2024-06-14 06:59:07", "elapsed": 3.833517, "delta": 0.008976}}
{"target": -134.74748724171184, "params": {"gamma": 1.0032461963882202, "prior": 5.416370456721353, "rate": 3.660467483349873}, "datetime": {"datetime": "2024-06-14 06:59:07", "elapsed": 3.842493, "delta": 0.008976}}
{"target": -337.1828346530092, "params": {"gamma": 6.043464129845054, "prior": 9.592144904806304, "rate": 3.9288366270246278}, "datetime": {"datetime": "2024-06-14 06:59:07", "elapsed": 3.851469, "delta": 0.008976}}
{"target": -197.94843532323569, "params": {"gamma": 3.930337006418223, "prior": 7.927306236537028, "rate": 6.451138912455179}, "datetime": {"datetime": "2024-06-14 06:59:07", "elapsed": 3.860445, "delta": 0.008976}}
{"target": -216.799587852657, "params": {"gamma": 3.9394461945459094, "prior": 6.920654977479489, "rate": 4.040612088934736}, "datetime": {"datetime": "2024-06-14 06:59:07", "elapsed": 3.869421, "delta": 0.008976}}
{"target": -136.3823079125985, "params": {"gamma": 1.3619954293269727, "prior": 4.561368359854131, "rate": 3.3448595075800287}, "datetime": {"datetime": "2024-06-14 06:59:07", "elapsed": 3.878397, "delta": 0.008976}}
{"target": -151.23047164928522, "params": {"gamma": 2.180471331681618, "prior": 9.265170536200754, "rate": 6.896704351396498}, "datetime": {"datetime": "2024-06-14 06:59:07", "elapsed": 3.887373, "delta": 0.008976}}
{"target": -279.53315443178815, "params": {"gamma": 5.988610085343597, "prior": 7.49190897401775, "rate": 5.420168646652644}, "datetime": {"datetime": "2024-06-14 06:59:07", "elapsed": 3.896349, "delta": 0.008976}}
{"target": -291.52650683897633, "params": {"gamma": 7.005630193122407, "prior": 9.312542210573467, "rate": 8.626304328357714}, "datetime": {"datetime": "2024-06-14 06:59:07", "elapsed": 3.905325, "delta": 0.008976}}
{"target": -166.8483466598809, "params": {"gamma": 1.6752511332077065, "prior": 2.705076336846355, "rate": 0.7170311841386036}, "datetime": {"datetime": "2024-06-14 06:59:07", "elapsed": 3.914301, "delta": 0.008976}}
{"target": -311.0331142604094, "params": {"gamma": 9.786749378778312, "prior": 2.4402025767377182, "rate": 6.6063229609300596}, "datetime": {"datetime": "2024-06-14 06:59:07", "elapsed": 3.923277, "delta": 0.008976}}
{"target": -120.88728492763575, "params": {"gamma": 0.8972173585756926, "prior": 2.1866323266614858, "rate": 5.028741010800528}, "datetime": {"datetime": "2024-06-14 06:59:07", "elapsed": 3.932253, "delta": 0.008976}}
{"target": -125.03880739081339, "params": {"gamma": 1.0504317296309502, "prior": 3.9498466866777715, "rate": 5.3803392136766695}, "datetime": {"datetime": "2024-06-14 06:59:07", "elapsed": 3.942226, "delta": 0.009973}}
{"target": -174.8773092359102, "params": {"gamma": 3.3927026446661146, "prior": 5.603412090153097, "rate": 5.368146451102699}, "datetime": {"datetime": "2024-06-14 06:59:07", "elapsed": 3.951202, "delta": 0.008976}}
{"target": -188.8516537767074, "params": {"gamma": 3.906714376870321, "prior": 6.993073822700919, "rate": 6.785146057525243}, "datetime": {"datetime": "2024-06-14 06:59:07", "elapsed": 3.960178, "delta": 0.008976}}
{"target": -329.596419813277, "params": {"gamma": 6.8733441905945245, "prior": 5.6587634621138045, "rate": 3.5814410602153455}, "datetime": {"datetime": "2024-06-14 06:59:07", "elapsed": 3.969154, "delta": 0.008976}}
{"target": -297.75110714157967, "params": {"gamma": 6.131510241334756, "prior": 9.363789039421178, "rate": 5.969288360934786}, "datetime": {"datetime": "2024-06-14 06:59:07", "elapsed": 3.97813, "delta": 0.008976}}
{"target": -320.4303566510223, "params": {"gamma": 9.795922153419893, "prior": 4.465965542047824, "rate": 7.39638001311296}, "datetime": {"datetime": "2024-06-14 06:59:07", "elapsed": 3.987106, "delta": 0.008976}}
{"target": -137.9186611389012, "params": {"gamma": 0.3770011826173517, "prior": 7.6707937261048125, "rate": 5.1832975216877974}, "datetime": {"datetime": "2024-06-14 06:59:07", "elapsed": 3.996032, "delta": 0.008926}}
{"target": -143.9286730417821, "params": {"gamma": 0.05416001307807128, "prior": 2.8442810373477254, "rate": 5.348787492965596}, "datetime": {"datetime": "2024-06-14 06:59:07", "elapsed": 4.005008, "delta": 0.008976}}
{"target": -315.88065650299706, "params": {"gamma": 7.679860819934835, "prior": 0.6256166949799984, "rate": 5.490985385061347}, "datetime": {"datetime": "2024-06-14 06:59:07", "elapsed": 4.013984, "delta": 0.008976}}
{"target": -282.73563694716734, "params": {"gamma": 8.010144563427762, "prior": 6.530872243296941, "rate": 9.314538702914113}, "datetime": {"datetime": "2024-06-14 06:59:07", "elapsed": 4.02296, "delta": 0.008976}}
{"target": -120.2119538211795, "params": {"gamma": 0.7482397187025968, "prior": 2.8403839797458077, "rate": 9.192455805057469}, "datetime": {"datetime": "2024-06-14 06:59:07", "elapsed": 4.032933, "delta": 0.009973}}
{"target": -275.16220557981654, "params": {"gamma": 7.650286477833132, "prior": 6.037429410273777, "rate": 8.329848470226867}, "datetime": {"datetime": "2024-06-14 06:59:07", "elapsed": 4.041909, "delta": 0.008976}}
{"target": -346.47784067244345, "params": {"gamma": 8.960538872258445, "prior": 9.729931493242967, "rate": 9.98520655039097}, "datetime": {"datetime": "2024-06-14 06:59:07", "elapsed": 4.050885, "delta": 0.008976}}
{"target": -132.63878702662996, "params": {"gamma": 1.3973536875073507, "prior": 0.7983662429626219, "rate": 0.7355930769468734}, "datetime": {"datetime": "2024-06-14 06:59:07", "elapsed": 4.059861, "delta": 0.008976}}
{"target": -148.32999193313972, "params": {"gamma": 0.14842316520856935, "prior": 9.721018722481467, "rate": 0.9485743976558341}, "datetime": {"datetime": "2024-06-14 06:59:07", "elapsed": 4.068837, "delta": 0.008976}}
{"target": -379.4006777434956, "params": {"gamma": 8.417526525032311, "prior": 6.883212669386226, "rate": 4.876084117661699}, "datetime": {"datetime": "2024-06-14 06:59:07", "elapsed": 4.077813, "delta": 0.008976}}
{"target": -190.1297962337988, "params": {"gamma": 3.4676021187044235, "prior": 3.6011130919633505, "rate": 2.539134984589525}, "datetime": {"datetime": "2024-06-14 06:59:07", "elapsed": 4.08679, "delta": 0.008977}}
{"target": -681.3636419146397, "params": {"gamma": 9.110268719012566, "prior": 7.283861200399203, "rate": 0.2602320020499145}, "datetime": {"datetime": "2024-06-14 06:59:08", "elapsed": 4.096689, "delta": 0.009899}}
{"target": -347.10113576525373, "params": {"gamma": 4.615751011217899, "prior": 2.884882598114433, "rate": 0.2906328955928069}, "datetime": {"datetime": "2024-06-14 06:59:08", "elapsed": 4.105666, "delta": 0.008977}}
{"target": -473.58543683731233, "params": {"gamma": 8.846934261198635, "prior": 7.732953043751355, "rate": 3.298021057363365}, "datetime": {"datetime": "2024-06-14 06:59:08", "elapsed": 4.114642, "delta": 0.008976}}
{"target": -324.7146528410274, "params": {"gamma": 7.965789316779574, "prior": 3.3139193898096666, "rate": 3.0795165557326496}, "datetime": {"datetime": "2024-06-14 06:59:08", "elapsed": 4.124615, "delta": 0.009973}}
{"target": -460.6763116868469, "params": {"gamma": 9.281162675928762, "prior": 9.771470003263916, "rate": 5.236029491864212}, "datetime": {"datetime": "2024-06-14 06:59:08", "elapsed": 4.133591, "delta": 0.008976}}
{"target": -458.1025976887404, "params": {"gamma": 9.519399740511682, "prior": 8.891165289872, "rate": 5.180807583382493}, "datetime": {"datetime": "2024-06-14 06:59:08", "elapsed": 4.142567, "delta": 0.008976}}
{"target": -203.98617307104456, "params": {"gamma": 3.728115272172759, "prior": 7.132510325364133, "rate": 4.5569786029958985}, "datetime": {"datetime": "2024-06-14 06:59:08", "elapsed": 4.151543, "delta": 0.008976}}
{"target": -274.5415880244989, "params": {"gamma": 6.052523738337006, "prior": 9.905021349210472, "rate": 7.739388583314729}, "datetime": {"datetime": "2024-06-14 06:59:08", "elapsed": 4.160519, "delta": 0.008976}}
{"target": -158.175903388818, "params": {"gamma": 3.343429773533269, "prior": 0.9810823861415419, "rate": 1.8498709971938052}, "datetime": {"datetime": "2024-06-14 06:59:08", "elapsed": 4.169495, "delta": 0.008976}}
{"target": -201.70001253691024, "params": {"gamma": 5.2689919070424525, "prior": 4.229313939257894, "rate": 8.006795921634268}, "datetime": {"datetime": "2024-06-14 06:59:08", "elapsed": 4.178471, "delta": 0.008976}}
{"target": -327.68239259525035, "params": {"gamma": 9.332090179528631, "prior": 1.8608610047183507, "rate": 8.600807641991286}, "datetime": {"datetime": "2024-06-14 06:59:08", "elapsed": 4.187447, "delta": 0.008976}}
{"target": -709.0771675323601, "params": {"gamma": 9.57399186834036, "prior": 9.598759007812843, "rate": 0.37958801461658453}, "datetime": {"datetime": "2024-06-14 06:59:08", "elapsed": 4.196423, "delta": 0.008976}}
{"target": -119.82671552268191, "params": {"gamma": 0.576777472576129, "prior": 0.15739418988512105, "rate": 3.127498880398609}, "datetime": {"datetime": "2024-06-14 06:59:08", "elapsed": 4.206396, "delta": 0.009973}}
{"target": -129.85701332330206, "params": {"gamma": 0.5579284287083343, "prior": 3.0092386061583873, "rate": 3.5608088438258343}, "datetime": {"datetime": "2024-06-14 06:59:08", "elapsed": 4.214882, "delta": 0.008486}}
{"target": -460.47453387196293, "params": {"gamma": 9.536816507720744, "prior": 4.821814132619101, "rate": 2.783106185770882}, "datetime": {"datetime": "2024-06-14 06:59:08", "elapsed": 4.223858, "delta": 0.008976}}
{"target": -346.227864499669, "params": {"gamma": 5.030548945314497, "prior": 6.469243454026442, "rate": 1.1133454800017826}, "datetime": {"datetime": "2024-06-14 06:59:08", "elapsed": 4.232834, "delta": 0.008976}}
{"target": -304.20334734526745, "params": {"gamma": 7.580858519672953, "prior": 8.534263135744226, "rate": 8.442654345834713}, "datetime": {"datetime": "2024-06-14 06:59:08", "elapsed": 4.24181, "delta": 0.008976}}
{"target": -330.7723865845231, "params": {"gamma": 8.905177817288482, "prior": 3.8802397278820355, "rate": 4.438608178466819}, "datetime": {"datetime": "2024-06-14 06:59:08", "elapsed": 4.250786, "delta": 0.008976}}
{"target": -119.07846988513343, "params": {"gamma": 1.0167131779857155, "prior": 2.335488532069228, "rate": 9.713233372262836}, "datetime": {"datetime": "2024-06-14 06:59:08", "elapsed": 4.259762, "delta": 0.008976}}
{"target": -159.80378507380078, "params": {"gamma": 2.8469550657183857, "prior": 9.083221808185874, "rate": 8.905632311496733}, "datetime": {"datetime": "2024-06-14 06:59:08", "elapsed": 4.269736, "delta": 0.009974}}
{"target": -334.5712554130179, "params": {"gamma": 9.225122468106674, "prior": 1.645880687963868, "rate": 8.797341712870308}, "datetime": {"datetime": "2024-06-14 06:59:08", "elapsed": 4.278711, "delta": 0.008975}}
{"target": -232.05794907298392, "params": {"gamma": 6.320317509680909, "prior": 2.1852189663461443, "rate": 3.4518140318860318}, "datetime": {"datetime": "2024-06-14 06:59:08", "elapsed": 4.287688, "delta": 0.008977}}
{"target": -173.21544575835637, "params": {"gamma": 1.6000279671042428, "prior": 4.499046758716659, "rate": 0.8386657635007598}, "datetime": {"datetime": "2024-06-14 06:59:08", "elapsed": 4.300653, "delta": 0.012965}}
{"target": -125.77843332270417, "params": {"gamma": 1.654019586311918, "prior": 2.052243830020026, "rate": 6.910582388225486}, "datetime": {"datetime": "2024-06-14 06:59:08", "elapsed": 4.317117, "delta": 0.016464}}
{"target": -354.09610945319423, "params": {"gamma": 5.738454888784365, "prior": 8.745899026963649, "rate": 2.447096023126362}, "datetime": {"datetime": "2024-06-14 06:59:08", "elapsed": 4.331079, "delta": 0.013962}}
{"target": -281.07122529710966, "params": {"gamma": 6.296449959232413, "prior": 0.4408695265402466, "rate": 5.162468412309614}, "datetime": {"datetime": "2024-06-14 06:59:08", "elapsed": 4.344075, "delta": 0.012996}}
{"target": -682.1121146143163, "params": {"gamma": 8.632401590656782, "prior": 9.842852784460677, "rate": 0.09971988061382621}, "datetime": {"datetime": "2024-06-14 06:59:08", "elapsed": 4.353028, "delta": 0.008953}}
{"target": -206.453843025813, "params": {"gamma": 2.5291619792860742, "prior": 2.316111736242501, "rate": 0.4763284046833772}, "datetime": {"datetime": "2024-06-14 06:59:08", "elapsed": 4.362994, "delta": 0.009966}}
{"target": -147.93036201327246, "params": {"gamma": 0.10271439016149476, "prior": 4.952933591217894, "rate": 0.4557759745572704}, "datetime": {"datetime": "2024-06-14 06:59:08", "elapsed": 4.37197, "delta": 0.008976}}
{"target": -185.66738698642695, "params": {"gamma": 2.784002980338173, "prior": 6.435748234178231, "rate": 2.9476257235674814}, "datetime": {"datetime": "2024-06-14 06:59:08", "elapsed": 4.380946, "delta": 0.008976}}
{"target": -169.88130613038223, "params": {"gamma": 2.6972773568893555, "prior": 5.946410570211314, "rate": 3.805960238019191}, "datetime": {"datetime": "2024-06-14 06:59:08", "elapsed": 4.390921, "delta": 0.009975}}
{"target": -264.0024710754634, "params": {"gamma": 7.025527816580048, "prior": 5.011627117373624, "rate": 6.33245944879897}, "datetime": {"datetime": "2024-06-14 06:59:08", "elapsed": 4.399896, "delta": 0.008975}}
{"target": -214.88532436156459, "params": {"gamma": 3.5345900756692927, "prior": 2.9417350669395357, "rate": 1.3329379303972684}, "datetime": {"datetime": "2024-06-14 06:59:08", "elapsed": 4.408871, "delta": 0.008975}}
{"target": -343.54036674661813, "params": {"gamma": 9.370866767604843, "prior": 8.067874875556367, "rate": 9.380347403020368}, "datetime": {"datetime": "2024-06-14 06:59:08", "elapsed": 4.41785, "delta": 0.008979}}
{"target": -137.794602365155, "params": {"gamma": 1.8546198659533752, "prior": 9.338242051949933, "rate": 9.357596323713638}, "datetime": {"datetime": "2024-06-14 06:59:08", "elapsed": 4.427823, "delta": 0.009973}}
{"target": -147.37110886805678, "params": {"gamma": 2.8361615915229414, "prior": 2.8188790593962434, "rate": 5.514764305160052}, "datetime": {"datetime": "2024-06-14 06:59:08", "elapsed": 4.436801, "delta": 0.008978}}
{"target": -159.63008141103245, "params": {"gamma": 1.8537071044461548, "prior": 4.476800995204981, "rate": 1.8539911417309063}, "datetime": {"datetime": "2024-06-14 06:59:08", "elapsed": 4.445775, "delta": 0.008974}}
{"target": -304.4685702097146, "params": {"gamma": 9.473811803621638, "prior": 4.988864109161748, "rate": 9.639213756472554}, "datetime": {"datetime": "2024-06-14 06:59:08", "elapsed": 4.457744, "delta": 0.011969}}
{"target": -229.1976350390571, "params": {"gamma": 6.449771783449607, "prior": 4.894726153020617, "rate": 9.676984764366013}, "datetime": {"datetime": "2024-06-14 06:59:08", "elapsed": 4.467718, "delta": 0.009974}}
{"target": -131.0744944057535, "params": {"gamma": 1.4327546273059197, "prior": 6.360065759198316, "rate": 6.6192217900001395}, "datetime": {"datetime": "2024-06-14 06:59:08", "elapsed": 4.476695, "delta": 0.008977}}
{"target": -201.12139189468544, "params": {"gamma": 4.3389644317001075, "prior": 0.6876365308556791, "rate": 4.927733289059168}, "datetime": {"datetime": "2024-06-14 06:59:08", "elapsed": 4.485669, "delta": 0.008974}}
{"target": -287.6883592618271, "params": {"gamma": 4.651874301237257, "prior": 8.08679342667115, "rate": 2.5673532385398095}, "datetime": {"datetime": "2024-06-14 06:59:08", "elapsed": 4.495643, "delta": 0.009974}}
{"target": -170.68984066759677, "params": {"gamma": 3.914912199479702, "prior": 2.4777048514916347, "rate": 6.864747708308469}, "datetime": {"datetime": "2024-06-14 06:59:08", "elapsed": 4.508207, "delta": 0.012564}}
{"target": -340.78489027629115, "params": {"gamma": 9.898844649917818, "prior": 1.856552414995793, "rate": 8.214645955522746}, "datetime": {"datetime": "2024-06-14 06:59:08", "elapsed": 4.518181, "delta": 0.009974}}
