{"target": -213.466182787565, "params": {"p_ai": 8.233661132143844, "p_al": 2.881868167285576, "p_ex": 5.121431057426107, "prior": 4.6615764912944275, "rate": 3.3300970409221056}, "datetime": {"datetime": "2024-06-12 22:28:27", "elapsed": 222.082662, "delta": 0.115721}}
{"target": -169.0991317223, "params": {"p_ai": 5.271290722006996, "p_al": 0.8060343168486149, "p_ex": 2.2127306243676155, "prior": 3.360255085813687, "rate": 9.68877278960717}, "datetime": {"datetime": "2024-06-12 22:28:27", "elapsed": 222.19633, "delta": 0.113668}}
{"target": -162.37931828759028, "params": {"p_ai": 4.408103106386452, "p_al": 9.613169406877505, "p_ex": 5.736607220990137, "prior": 0.4671094025813809, "rate": 6.587481023391573}, "datetime": {"datetime": "2024-06-12 22:28:27", "elapsed": 222.310026, "delta": 0.113696}}
{"target": -132.73129563374334, "params": {"p_ai": 0.1487234155321392, "p_al": 7.424971015947326, "p_ex": 4.207624598002892, "prior": 5.339313074890572, "rate": 7.888526660649675}, "datetime": {"datetime": "2024-06-12 22:28:27", "elapsed": 222.423722, "delta": 0.113696}}
{"target": -207.98908565986576, "params": {"p_ai": 9.05604556125701, "p_al": 9.868796342786228, "p_ex": 8.020962538866408, "prior": 0.026423601686483965, "rate": 6.001253760693126}, "datetime": {"datetime": "2024-06-12 22:28:27", "elapsed": 222.537419, "delta": 0.113697}}
{"target": -134.38213763564238, "params": {"p_ai": 2.8891714248604496, "p_al": 7.097447712852041, "p_ex": 3.0561323897351946, "prior": 5.559116755024119, "rate": 9.180773914005606}, "datetime": {"datetime": "2024-06-12 22:28:28", "elapsed": 222.651114, "delta": 0.113695}}
{"target": -131.35831536941552, "params": {"p_ai": 2.479454855440029, "p_al": 1.11930196523077, "p_ex": 5.135894220893158, "prior": 9.137244761986132, "rate": 1.7932038323176576}, "datetime": {"datetime": "2024-06-12 22:28:28", "elapsed": 222.763812, "delta": 0.112698}}
{"target": -148.96409418609136, "params": {"p_ai": 2.5595284250867927, "p_al": 0.3409243101748873, "p_ex": 0.15470207973635725, "prior": 5.422645236796178, "rate": 8.553747523723965}, "datetime": {"datetime": "2024-06-12 22:28:28", "elapsed": 222.876512, "delta": 0.1127}}
{"target": -124.3089502098084, "params": {"p_ai": 4.4657816155356675, "p_al": 2.357135848615219, "p_ex": 9.36540396422141, "prior": 6.192469585732864, "rate": 8.645897035050032}, "datetime": {"datetime": "2024-06-12 22:28:28", "elapsed": 222.989903, "delta": 0.113391}}
{"target": -121.11383079732508, "params": {"p_ai": 1.282005745817034, "p_al": 4.412942570473553, "p_ex": 8.575682143149248, "prior": 8.982037953044289, "rate": 8.772761648279566}, "datetime": {"datetime": "2024-06-12 22:28:28", "elapsed": 223.105992, "delta": 0.116089}}
{"target": -167.84069458830973, "params": {"p_ai": 6.255094516482575, "p_al": 7.581360105825246, "p_ex": 6.755308180003398, "prior": 8.451789636967945, "rate": 6.32484141935293}, "datetime": {"datetime": "2024-06-12 22:28:28", "elapsed": 223.219168, "delta": 0.113176}}
{"target": -128.48640570811028, "params": {"p_ai": 1.7197256280146134, "p_al": 6.505549393951734, "p_ex": 4.553944860862338, "prior": 0.5894475654255449, "rate": 5.3590922745746745}, "datetime": {"datetime": "2024-06-12 22:28:28", "elapsed": 223.332696, "delta": 0.113528}}
{"target": -169.47670844555296, "params": {"p_ai": 4.393482215124105, "p_al": 8.747389417664913, "p_ex": 6.607572295198009, "prior": 2.608620400961451, "rate": 2.1684377884048662}, "datetime": {"datetime": "2024-06-12 22:28:28", "elapsed": 223.447388, "delta": 0.114692}}
{"target": -146.65427222001904, "params": {"p_ai": 0.9741343125990107, "p_al": 4.6919722422118255, "p_ex": 3.49864716108863, "prior": 5.773912930700538, "rate": 0.5703629844543111}, "datetime": {"datetime": "2024-06-12 22:28:29", "elapsed": 223.561088, "delta": 0.1137}}
{"target": -132.98945270837245, "params": {"p_ai": 2.499922353769078, "p_al": 5.1234334402008574, "p_ex": 3.760205919567236, "prior": 6.269392688573962, "rate": 3.732826110384206}, "datetime": {"datetime": "2024-06-12 22:28:29", "elapsed": 223.673347, "delta": 0.112259}}
{"target": -152.64305212381402, "params": {"p_ai": 4.603671029238606, "p_al": 2.3429211183676726, "p_ex": 2.996592129373345, "prior": 1.1537282156041937, "rate": 7.72462135063049}, "datetime": {"datetime": "2024-06-12 22:28:29", "elapsed": 223.787785, "delta": 0.114438}}
{"target": -227.41431404932024, "params": {"p_ai": 7.939035508710159, "p_al": 0.44031459326531047, "p_ex": 1.6104517992516383, "prior": 8.028774521030188, "rate": 9.104856994771925}, "datetime": {"datetime": "2024-06-12 22:28:29", "elapsed": 223.900961, "delta": 0.113176}}
{"target": -155.14518794741215, "params": {"p_ai": 3.6925387525356554, "p_al": 6.753429509418871, "p_ex": 1.900747060859965, "prior": 8.712451966416536, "rate": 8.247238520857891}, "datetime": {"datetime": "2024-06-12 22:28:29", "elapsed": 224.014698, "delta": 0.113737}}
{"target": -119.78476349868313, "params": {"p_ai": 2.5008789009692247, "p_al": 5.928901706805605, "p_ex": 7.3578939279952476, "prior": 8.838553387439257, "rate": 4.677811991869022}, "datetime": {"datetime": "2024-06-12 22:28:29", "elapsed": 224.12781, "delta": 0.113112}}
{"target": -111.86887434082755, "params": {"p_ai": 1.3470733481294213, "p_al": 1.094841814191649, "p_ex": 5.297243675558832, "prior": 0.49383643442013075, "rate": 6.209338226934207}, "datetime": {"datetime": "2024-06-12 22:28:29", "elapsed": 224.240508, "delta": 0.112698}}
{"target": -143.56809361105533, "params": {"p_ai": 0.3342487213443545, "p_al": 0.2128158500293292, "p_ex": 0.7530176178456772, "prior": 3.6809175726662704, "rate": 3.818141513157325}, "datetime": {"datetime": "2024-06-12 22:28:29", "elapsed": 224.354233, "delta": 0.113725}}
{"target": -193.68883559428005, "params": {"p_ai": 7.669934398787617, "p_al": 8.459621377194617, "p_ex": 7.272280709633233, "prior": 8.844447408912934, "rate": 5.749449999119452}, "datetime": {"datetime": "2024-06-12 22:28:29", "elapsed": 224.4679, "delta": 0.113667}}
{"target": -243.52248911838618, "params": {"p_ai": 9.398903366834306, "p_al": 9.06798682019018, "p_ex": 4.48492000028398, "prior": 4.797781289050013, "rate": 8.566736123057751}, "datetime": {"datetime": "2024-06-12 22:28:30", "elapsed": 224.581502, "delta": 0.113602}}
{"target": -234.7463965640711, "params": {"p_ai": 3.984662715258157, "p_al": 9.420055749190025, "p_ex": 2.933826269617242, "prior": 2.590815299665099, "rate": 1.0901714124352648}, "datetime": {"datetime": "2024-06-12 22:28:30", "elapsed": 224.695199, "delta": 0.113697}}
{"target": -112.24887797112875, "params": {"p_ai": 2.471187095298555, "p_al": 5.3779986604796, "p_ex": 9.802393583495558, "prior": 2.0780894529072613, "rate": 5.470652839172488}, "datetime": {"datetime": "2024-06-12 22:28:30", "elapsed": 224.808895, "delta": 0.113696}}
{"target": -256.3993786567659, "params": {"p_ai": 8.784026964746444, "p_al": 5.897029210758115, "p_ex": 8.352926533735896, "prior": 2.393615931358836, "rate": 0.7317241750859406}, "datetime": {"datetime": "2024-06-12 22:28:30", "elapsed": 224.92259, "delta": 0.113695}}
{"target": -218.90809558552237, "params": {"p_ai": 9.529711071203222, "p_al": 1.12415740911268, "p_ex": 8.024162561181278, "prior": 6.51049956673395, "rate": 8.651276327807269}, "datetime": {"datetime": "2024-06-12 22:28:30", "elapsed": 225.036428, "delta": 0.113838}}
{"target": -152.8402992124447, "params": {"p_ai": 6.297865904193896, "p_al": 2.982484717370885, "p_ex": 9.314887904714922, "prior": 6.923328164237853, "rate": 8.766491081598325}, "datetime": {"datetime": "2024-06-12 22:28:30", "elapsed": 225.150108, "delta": 0.11368}}
{"target": -196.63714809817733, "params": {"p_ai": 8.155107426895412, "p_al": 1.3608872102611669, "p_ex": 6.994424876763647, "prior": 6.810378925463789, "rate": 7.558203771887153}, "datetime": {"datetime": "2024-06-12 22:28:30", "elapsed": 225.264861, "delta": 0.114753}}
{"target": -265.76545928601155, "params": {"p_ai": 7.996706469346298, "p_al": 9.414519270096738, "p_ex": 0.6524073948204284, "prior": 5.086641906303749, "rate": 4.997070133205862}, "datetime": {"datetime": "2024-06-12 22:28:30", "elapsed": 225.404687, "delta": 0.139826}}
{"target": -190.4166328713281, "params": {"p_ai": 7.0079414003989475, "p_al": 9.95603813701815, "p_ex": 9.079903831413358, "prior": 2.9695743927041773, "rate": 3.3582093092894074}, "datetime": {"datetime": "2024-06-12 22:28:30", "elapsed": 225.538062, "delta": 0.133375}}
{"target": -230.82338860030887, "params": {"p_ai": 8.201886874036, "p_al": 3.6167752366875074, "p_ex": 3.254424386140797, "prior": 4.447593325863283, "rate": 2.7719288711687775}, "datetime": {"datetime": "2024-06-12 22:28:31", "elapsed": 225.656972, "delta": 0.11891}}
{"target": -229.3784269415628, "params": {"p_ai": 7.490303509857709, "p_al": 4.527305674218615, "p_ex": 1.6400712810933544, "prior": 9.904617162543863, "rate": 3.380634836004196}, "datetime": {"datetime": "2024-06-12 22:28:31", "elapsed": 225.772323, "delta": 0.115351}}
{"target": -127.70404783787949, "params": {"p_ai": 3.0182894374658042, "p_al": 2.2540360879178154, "p_ex": 4.258012506403847, "prior": 6.951510100013808, "rate": 6.024463090968305}, "datetime": {"datetime": "2024-06-12 22:28:31", "elapsed": 225.887033, "delta": 0.11471}}
{"target": -123.19716783011471, "params": {"p_ai": 1.8154277802533894, "p_al": 2.646352911067262, "p_ex": 5.982902835498565, "prior": 8.580609180581801, "rate": 4.129748274092657}, "datetime": {"datetime": "2024-06-12 22:28:31", "elapsed": 226.000241, "delta": 0.113208}}
{"target": -125.43948242105347, "params": {"p_ai": 2.159265882128531, "p_al": 3.234561011888553, "p_ex": 6.9172126440284645, "prior": 7.009786877455434, "rate": 2.234282424435185}, "datetime": {"datetime": "2024-06-12 22:28:31", "elapsed": 226.114754, "delta": 0.114513}}
{"target": -133.03968468695365, "params": {"p_ai": 3.9655599000973614, "p_al": 6.993599747463365, "p_ex": 7.206028835833273, "prior": 1.3060269515928042, "rate": 6.094130941477607}, "datetime": {"datetime": "2024-06-12 22:28:31", "elapsed": 226.22873, "delta": 0.113976}}
{"target": -237.7152584686197, "params": {"p_ai": 8.860780604176751, "p_al": 5.824031202572268, "p_ex": 3.072782268537545, "prior": 7.451659090914785, "rate": 9.776990621630928}, "datetime": {"datetime": "2024-06-12 22:28:31", "elapsed": 226.342181, "delta": 0.113451}}
{"target": -298.09443427215837, "params": {"p_ai": 9.04633231716986, "p_al": 8.716160144918383, "p_ex": 0.003922193057461108, "prior": 5.826579941183415, "rate": 2.6279371999932573}, "datetime": {"datetime": "2024-06-12 22:28:31", "elapsed": 226.456107, "delta": 0.113926}}
{"target": -190.47736730144447, "params": {"p_ai": 8.130244891969703, "p_al": 5.23526283745264, "p_ex": 8.939108850131829, "prior": 5.237925787644913, "rate": 8.911460302578277}, "datetime": {"datetime": "2024-06-12 22:28:32", "elapsed": 226.571196, "delta": 0.115089}}
{"target": -131.13719024727246, "params": {"p_ai": 4.497764508230413, "p_al": 5.615436937758651, "p_ex": 8.125032960357574, "prior": 4.032314414262975, "rate": 5.687113316080488}, "datetime": {"datetime": "2024-06-12 22:28:32", "elapsed": 226.684891, "delta": 0.113695}}
{"target": -220.88252432085613, "params": {"p_ai": 8.984714318038437, "p_al": 4.8467417158094594, "p_ex": 5.906300764710574, "prior": 9.363857452858312, "rate": 8.83263271940978}, "datetime": {"datetime": "2024-06-12 22:28:32", "elapsed": 226.802506, "delta": 0.117615}}
{"target": -204.13849157570328, "params": {"p_ai": 7.577434997922026, "p_al": 7.112598718301506, "p_ex": 8.192131754208267, "prior": 1.0617119662258163, "rate": 3.810952160479885}, "datetime": {"datetime": "2024-06-12 22:28:32", "elapsed": 226.91623, "delta": 0.113724}}
{"target": -197.91302279199078, "params": {"p_ai": 5.458359106284024, "p_al": 8.585235455408231, "p_ex": 1.4648771670928944, "prior": 7.140681245430711, "rate": 5.910080443703744}, "datetime": {"datetime": "2024-06-12 22:28:32", "elapsed": 227.030181, "delta": 0.113951}}
{"target": -150.17508508832827, "params": {"p_ai": 6.0875909936487345, "p_al": 3.726815752106986, "p_ex": 9.15830642449183, "prior": 7.13933726242808, "rate": 6.683325835506722}, "datetime": {"datetime": "2024-06-12 22:28:32", "elapsed": 227.143674, "delta": 0.113493}}
{"target": -156.06523080096252, "params": {"p_ai": 2.2154321038106217, "p_al": 8.1289389260247, "p_ex": 4.95904725217079, "prior": 5.084200781464436, "rate": 0.8482490698586993}, "datetime": {"datetime": "2024-06-12 22:28:32", "elapsed": 227.258268, "delta": 0.114594}}
{"target": -143.6983738284238, "params": {"p_ai": 4.373244258236222, "p_al": 8.632149255500682, "p_ex": 6.802683723363489, "prior": 1.8950581131297959, "rate": 5.841148942244931}, "datetime": {"datetime": "2024-06-12 22:28:32", "elapsed": 227.375954, "delta": 0.117686}}
{"target": -218.05055647739417, "params": {"p_ai": 9.440120998803936, "p_al": 5.075095122577021, "p_ex": 9.674056937250327, "prior": 3.663304010988193, "rate": 2.9081982683005547}, "datetime": {"datetime": "2024-06-12 22:28:32", "elapsed": 227.492705, "delta": 0.116751}}
{"target": -249.4177403301154, "params": {"p_ai": 8.398665743541141, "p_al": 8.697381609098198, "p_ex": 2.017460785212376, "prior": 7.194800422731128, "rate": 5.921473523245135}, "datetime": {"datetime": "2024-06-12 22:28:33", "elapsed": 227.614066, "delta": 0.121361}}
{"target": -209.2105105389151, "params": {"p_ai": 8.94522136625385, "p_al": 1.4953085457292612, "p_ex": 7.630508798302322, "prior": 6.89986272904379, "rate": 7.950362828454771}, "datetime": {"datetime": "2024-06-12 22:28:33", "elapsed": 227.729703, "delta": 0.115637}}
{"target": -152.85998037619564, "params": {"p_ai": 4.5334216455871585, "p_al": 2.285080750396072, "p_ex": 2.8612639050635336, "prior": 3.0437248840947517, "rate": 8.402831110698429}, "datetime": {"datetime": "2024-06-12 22:28:33", "elapsed": 227.844944, "delta": 0.115241}}
{"target": -174.87217841388352, "params": {"p_ai": 5.372038987196228, "p_al": 5.636276018949885, "p_ex": 2.8423948482288677, "prior": 8.341748975598378, "rate": 7.049602636525978}, "datetime": {"datetime": "2024-06-12 22:28:33", "elapsed": 227.960932, "delta": 0.115988}}
{"target": -206.54849621614505, "params": {"p_ai": 8.781517473429453, "p_al": 1.3161352297481828, "p_ex": 8.496128765204425, "prior": 0.5220714718378262, "rate": 8.771411721092127}, "datetime": {"datetime": "2024-06-12 22:28:33", "elapsed": 228.075602, "delta": 0.11467}}
{"target": -133.74065669692524, "params": {"p_ai": 2.398175280570108, "p_al": 8.856757888094753, "p_ex": 3.7937200294297595, "prior": 8.429330555103737, "rate": 5.396590617151947}, "datetime": {"datetime": "2024-06-12 22:28:33", "elapsed": 228.190974, "delta": 0.115372}}
{"target": -175.65855649534743, "params": {"p_ai": 5.642190342955606, "p_al": 9.84022894951784, "p_ex": 9.63751153551982, "prior": 1.1441289022704242, "rate": 3.6421150962027857}, "datetime": {"datetime": "2024-06-12 22:28:33", "elapsed": 228.30854, "delta": 0.117566}}
{"target": -142.65690516343764, "params": {"p_ai": 2.506212038324754, "p_al": 4.483507611579368, "p_ex": 1.2644028687416509, "prior": 5.116170822812115, "rate": 8.655956316551622}, "datetime": {"datetime": "2024-06-12 22:28:33", "elapsed": 228.421981, "delta": 0.113441}}
{"target": -150.56213496343452, "params": {"p_ai": 3.524182459137863, "p_al": 1.557248674792178, "p_ex": 3.0733042597656954, "prior": 7.429002665405236, "rate": 0.9136723471660736}, "datetime": {"datetime": "2024-06-12 22:28:33", "elapsed": 228.536721, "delta": 0.11474}}
{"target": -185.81274264019436, "params": {"p_ai": 7.356081525521679, "p_al": 6.139605696996387, "p_ex": 7.4028472256456945, "prior": 0.09148820794806983, "rate": 7.205005956911262}, "datetime": {"datetime": "2024-06-12 22:28:34", "elapsed": 228.649499, "delta": 0.112778}}
{"target": -161.68327303559738, "params": {"p_ai": 3.20652192916414, "p_al": 6.330086992140342, "p_ex": 0.5393129725551014, "prior": 5.564785932218573, "rate": 9.416039732034474}, "datetime": {"datetime": "2024-06-12 22:28:34", "elapsed": 228.763425, "delta": 0.113926}}
{"target": -157.59315372855338, "params": {"p_ai": 3.2015370071173717, "p_al": 5.227843986477157, "p_ex": 4.077705890820247, "prior": 5.69696279590871, "rate": 0.6841180889586145}, "datetime": {"datetime": "2024-06-12 22:28:34", "elapsed": 228.876152, "delta": 0.112727}}
{"target": -163.99608743154624, "params": {"p_ai": 3.619441042802784, "p_al": 5.207068985721982, "p_ex": 0.8491598305113975, "prior": 4.677000648386591, "rate": 7.722524554423631}, "datetime": {"datetime": "2024-06-12 22:28:34", "elapsed": 228.989938, "delta": 0.113786}}
{"target": -158.6069654229497, "params": {"p_ai": 4.4305910985625685, "p_al": 3.9098719950651493, "p_ex": 2.7294917556221026, "prior": 0.519464887551938, "rate": 7.61845485482411}, "datetime": {"datetime": "2024-06-12 22:28:34", "elapsed": 229.104341, "delta": 0.114403}}
{"target": -180.21413246558242, "params": {"p_ai": 4.858303293752173, "p_al": 1.614305665250888, "p_ex": 0.6617195267770156, "prior": 7.57924671380558, "rate": 5.884534108373207}, "datetime": {"datetime": "2024-06-12 22:28:34", "elapsed": 229.219419, "delta": 0.115078}}
{"target": -155.1711750030436, "params": {"p_ai": 5.588089049819353, "p_al": 2.0640425222684375, "p_ex": 5.943811569671102, "prior": 9.342191524625699, "rate": 7.255065057177155}, "datetime": {"datetime": "2024-06-12 22:28:34", "elapsed": 229.339915, "delta": 0.120496}}
{"target": -160.5331063818734, "params": {"p_ai": 5.866398132628953, "p_al": 8.653086394752902, "p_ex": 9.965692892765754, "prior": 8.651215789322743, "rate": 1.792646185609348}, "datetime": {"datetime": "2024-06-12 22:28:34", "elapsed": 229.467238, "delta": 0.127323}}
{"target": -222.82244018795353, "params": {"p_ai": 6.946946260957495, "p_al": 2.963016051488197, "p_ex": 0.5962774150678829, "prior": 1.0813285195441542, "rate": 7.628174982654579}, "datetime": {"datetime": "2024-06-12 22:28:35", "elapsed": 229.591891, "delta": 0.124653}}
{"target": -143.36671413482668, "params": {"p_ai": 0.001, "p_al": 0.001, "p_ex": 10.0, "prior": 0.001, "rate": 10.0}, "datetime": {"datetime": "2024-06-12 22:28:59", "elapsed": 254.228326, "delta": 24.636435}}
{"target": -119.81725315702077, "params": {"p_ai": 1.5646054387999027, "p_al": 0.001, "p_ex": 10.0, "prior": 0.001, "rate": 3.671708076046675}, "datetime": {"datetime": "2024-06-12 22:29:23", "elapsed": 278.150023, "delta": 23.921697}}
{"target": -128.13548626962842, "params": {"p_ai": 0.001, "p_al": 0.001, "p_ex": 3.7361244198548276, "prior": 0.15478640661846477, "rate": 10.0}, "datetime": {"datetime": "2024-06-12 22:29:58", "elapsed": 312.753159, "delta": 34.603136}}
{"target": -114.61836534804107, "params": {"p_ai": 2.628202414764905, "p_al": 0.001, "p_ex": 10.0, "prior": 10.0, "rate": 6.577101369962194}, "datetime": {"datetime": "2024-06-12 22:30:17", "elapsed": 331.914169, "delta": 19.16101}}
{"target": -113.18771890002085, "params": {"p_ai": 2.5471407737914427, "p_al": 0.001, "p_ex": 10.0, "prior": 10.0, "rate": 10.0}, "datetime": {"datetime": "2024-06-12 22:30:37", "elapsed": 351.80125, "delta": 19.887081}}
{"target": -126.56968116868302, "params": {"p_ai": 0.2866333902061371, "p_al": 4.0320536865451295, "p_ex": 3.3356695959649127, "prior": 2.0505928605843105, "rate": 10.0}, "datetime": {"datetime": "2024-06-12 22:30:58", "elapsed": 372.738901, "delta": 20.937651}}
{"target": -135.88624733916015, "params": {"p_ai": 0.001, "p_al": 10.0, "p_ex": 10.0, "prior": 2.155718319435987, "rate": 6.320984704328312}, "datetime": {"datetime": "2024-06-12 22:31:16", "elapsed": 390.977606, "delta": 18.238705}}
{"target": -112.59860540448238, "params": {"p_ai": 2.7527445301382096, "p_al": 10.0, "p_ex": 10.0, "prior": 10.0, "rate": 10.0}, "datetime": {"datetime": "2024-06-12 22:31:57", "elapsed": 431.819025, "delta": 40.841419}}
{"target": -140.6485783460815, "params": {"p_ai": 0.001, "p_al": 0.001, "p_ex": 4.275120073397261, "prior": 10.0, "rate": 10.0}, "datetime": {"datetime": "2024-06-12 22:32:20", "elapsed": 454.926652, "delta": 23.107627}}
{"target": -112.67822031000665, "params": {"p_ai": 3.0300510977505906, "p_al": 7.186929001307129, "p_ex": 10.0, "prior": 10.0, "rate": 10.0}, "datetime": {"datetime": "2024-06-12 22:32:36", "elapsed": 471.391168, "delta": 16.464516}}
{"target": -113.53051235394697, "params": {"p_ai": 2.4311636485287225, "p_al": 10.0, "p_ex": 10.0, "prior": 2.61633646470976, "rate": 10.0}, "datetime": {"datetime": "2024-06-12 22:32:55", "elapsed": 490.438335, "delta": 19.047167}}
{"target": -484.75321280418916, "params": {"p_ai": 0.001, "p_al": 10.0, "p_ex": 10.0, "prior": 0.001, "rate": 10.0}, "datetime": {"datetime": "2024-06-12 22:33:13", "elapsed": 507.932617, "delta": 17.494282}}
{"target": -111.87097322614454, "params": {"p_ai": 1.9443926946235897, "p_al": 7.633567239226993, "p_ex": 8.311043674230813, "prior": 2.0971270501828205, "rate": 10.0}, "datetime": {"datetime": "2024-06-12 22:33:43", "elapsed": 537.891881, "delta": 29.959264}}
{"target": -116.1761550877315, "params": {"p_ai": 3.3926627493941037, "p_al": 10.0, "p_ex": 10.0, "prior": 4.308051520194482, "rate": 10.0}, "datetime": {"datetime": "2024-06-12 22:34:01", "elapsed": 556.126781, "delta": 18.2349}}
{"target": -117.80906035929395, "params": {"p_ai": 3.5865206955992877, "p_al": 0.001, "p_ex": 10.0, "prior": 1.8499397366184565, "rate": 0.7324265860925305}, "datetime": {"datetime": "2024-06-12 22:34:22", "elapsed": 577.433928, "delta": 21.307147}}
{"target": -113.33639735202277, "params": {"p_ai": 2.3495268005860397, "p_al": 9.246872544106916, "p_ex": 9.615245832134898, "prior": 2.439778790984226, "rate": 8.442687912715186}, "datetime": {"datetime": "2024-06-12 22:34:51", "elapsed": 606.21909, "delta": 28.785162}}
{"target": -127.4543323184685, "params": {"p_ai": 0.2567678430612216, "p_al": 4.950085990229804, "p_ex": 3.4550460309755153, "prior": 1.66482407779192, "rate": 7.5181347511315995}, "datetime": {"datetime": "2024-06-12 22:35:14", "elapsed": 629.237723, "delta": 23.018633}}
