{"target": -313.5215154781387, "params": {"gamma": 5.695374633041013, "prior": 1.693617224474527, "rate": 4.6693333476103005}, "datetime": {"datetime": "2024-06-14 10:30:25", "elapsed": 0.878054, "delta": 0.008008}}
{"target": -212.22810519512794, "params": {"gamma": 3.452375339500995, "prior": 2.327895582359438, "rate": 5.925526175789202}, "datetime": {"datetime": "2024-06-14 10:30:25", "elapsed": 0.887, "delta": 0.008946}}
{"target": -196.90790675244105, "params": {"gamma": 3.1233861071814677, "prior": 9.171424979336672, "rate": 9.09644561399062}, "datetime": {"datetime": "2024-06-14 10:30:25", "elapsed": 0.895976, "delta": 0.008976}}
{"target": -177.67687749915686, "params": {"gamma": 2.57192581952818, "prior": 1.1978238773658891, "rate": 1.9304343574591094}, "datetime": {"datetime": "2024-06-14 10:30:25", "elapsed": 0.903955, "delta": 0.007979}}
{"target": -280.0327258090237, "params": {"gamma": 4.996342122618183, "prior": 7.312998112948502, "rate": 2.082736189649506}, "datetime": {"datetime": "2024-06-14 10:30:26", "elapsed": 0.91293, "delta": 0.008975}}
{"target": -181.25162854385795, "params": {"gamma": 2.48108755021393, "prior": 8.531551561870033, "rate": 4.159071333957006}, "datetime": {"datetime": "2024-06-14 10:30:26", "elapsed": 0.921906, "delta": 0.008976}}
{"target": -323.9527494800235, "params": {"gamma": 6.167233986485208, "prior": 2.413294778468576, "rate": 1.0205706269985484}, "datetime": {"datetime": "2024-06-14 10:30:26", "elapsed": 0.929885, "delta": 0.007979}}
{"target": -285.333230599562, "params": {"gamma": 5.159054312668331, "prior": 4.8236957717928455, "rate": 1.5275637692875392}, "datetime": {"datetime": "2024-06-14 10:30:26", "elapsed": 0.938862, "delta": 0.008977}}
{"target": -325.459216294813, "params": {"gamma": 6.218440511172415, "prior": 5.485700176257987, "rate": 6.541719332360473}, "datetime": {"datetime": "2024-06-14 10:30:26", "elapsed": 0.947823, "delta": 0.008961}}
{"target": -158.22061802241723, "params": {"gamma": 1.4463108557064734, "prior": 7.540125389638914, "rate": 2.221269348859427}, "datetime": {"datetime": "2024-06-14 10:30:26", "elapsed": 0.956313, "delta": 0.00849}}
{"target": -308.2999228326361, "params": {"gamma": 5.193998891835965, "prior": 7.8744306793940275, "rate": 0.22428194949007}, "datetime": {"datetime": "2024-06-14 10:30:26", "elapsed": 0.965284, "delta": 0.008971}}
{"target": -201.3129209662198, "params": {"gamma": 3.2443002348021386, "prior": 8.7419315263611, "rate": 8.447251366413093}, "datetime": {"datetime": "2024-06-14 10:30:26", "elapsed": 0.97426, "delta": 0.008976}}
{"target": -287.8651857838231, "params": {"gamma": 5.384867485352843, "prior": 8.67942191424848, "rate": 9.498110107544912}, "datetime": {"datetime": "2024-06-14 10:30:26", "elapsed": 0.983236, "delta": 0.008976}}
{"target": -427.63775869733564, "params": {"gamma": 8.264243569295784, "prior": 8.555742893981733, "rate": 0.9883352748016633}, "datetime": {"datetime": "2024-06-14 10:30:26", "elapsed": 0.992212, "delta": 0.008976}}
{"target": -336.76704970303047, "params": {"gamma": 6.51339201907757, "prior": 7.064818182711264, "rate": 6.102797885653651}, "datetime": {"datetime": "2024-06-14 10:30:26", "elapsed": 1.001188, "delta": 0.008976}}
{"target": -494.36038381546257, "params": {"gamma": 7.996353002098545, "prior": 0.4422550767291791, "rate": 7.702617106815245}, "datetime": {"datetime": "2024-06-14 10:30:26", "elapsed": 1.010193, "delta": 0.009005}}
{"target": -373.5524427256727, "params": {"gamma": 7.317554278794531, "prior": 2.671014093653696, "rate": 2.571435918922645}, "datetime": {"datetime": "2024-06-14 10:30:26", "elapsed": 1.019141, "delta": 0.008948}}
{"target": -339.70225382168366, "params": {"gamma": 6.323400870983849, "prior": 3.5184448697517077, "rate": 7.966090191394868}, "datetime": {"datetime": "2024-06-14 10:30:26", "elapsed": 1.028116, "delta": 0.008975}}
{"target": -248.73850701351313, "params": {"gamma": 4.46201617380257, "prior": 7.849219206363302, "rate": 9.904727364454784}, "datetime": {"datetime": "2024-06-14 10:30:26", "elapsed": 1.037093, "delta": 0.008977}}
{"target": -206.55695824850855, "params": {"gamma": 3.0031831469994668, "prior": 1.515757699755184, "rate": 9.01318305505639}, "datetime": {"datetime": "2024-06-14 10:30:26", "elapsed": 1.046068, "delta": 0.008975}}
{"target": -289.49202019265834, "params": {"gamma": 5.416052229494846, "prior": 9.749929671465313, "rate": 6.366407395618971}, "datetime": {"datetime": "2024-06-14 10:30:26", "elapsed": 1.055044, "delta": 0.008976}}
{"target": -494.52584467291337, "params": {"gamma": 9.939136333080178, "prior": 5.506100961015221, "rate": 5.264732913121308}, "datetime": {"datetime": "2024-06-14 10:30:26", "elapsed": 1.06402, "delta": 0.008976}}
{"target": -161.3225698180909, "params": {"gamma": 1.3551436028186268, "prior": 3.6214811927404233, "rate": 0.2631594543964365}, "datetime": {"datetime": "2024-06-14 10:30:26", "elapsed": 1.071998, "delta": 0.007978}}
{"target": -168.75471420207595, "params": {"gamma": 1.6047914000169714, "prior": 7.481808207804211, "rate": 0.3049664995979595}, "datetime": {"datetime": "2024-06-14 10:30:26", "elapsed": 1.080975, "delta": 0.008977}}
{"target": -217.7928534528858, "params": {"gamma": 3.6660644293402, "prior": 8.637227903096637, "rate": 6.927084497356036}, "datetime": {"datetime": "2024-06-14 10:30:26", "elapsed": 1.089951, "delta": 0.008976}}
{"target": -367.9271039102547, "params": {"gamma": 6.90973047851962, "prior": 1.9675043294575778, "rate": 4.419600903203486}, "datetime": {"datetime": "2024-06-14 10:30:26", "elapsed": 1.098927, "delta": 0.008976}}
{"target": -317.60623559225115, "params": {"gamma": 5.816192496035568, "prior": 9.898541905870681, "rate": 2.0398583461059854}, "datetime": {"datetime": "2024-06-14 10:30:26", "elapsed": 1.1089, "delta": 0.009973}}
{"target": -177.21690336501413, "params": {"gamma": 2.478081284721786, "prior": 2.695513529351828, "rate": 7.50197396056663}, "datetime": {"datetime": "2024-06-14 10:30:26", "elapsed": 1.116879, "delta": 0.007979}}
{"target": -283.41766966862104, "params": {"gamma": 4.570296299029493, "prior": 0.6636014402698404, "rate": 5.085653889861787}, "datetime": {"datetime": "2024-06-14 10:30:26", "elapsed": 1.126852, "delta": 0.009973}}
{"target": -173.17548820406628, "params": {"gamma": 2.120389686272116, "prior": 8.006182023126081, "rate": 2.9740164836912153}, "datetime": {"datetime": "2024-06-14 10:30:26", "elapsed": 1.135828, "delta": 0.008976}}
{"target": -142.5552965989905, "params": {"gamma": 0.2770325135330818, "prior": 5.9749812496997485, "rate": 8.438560448882956}, "datetime": {"datetime": "2024-06-14 10:30:26", "elapsed": 1.144833, "delta": 0.009005}}
{"target": -224.37134154898482, "params": {"gamma": 3.81078022449808, "prior": 7.52359727618882, "rate": 5.111903641492986}, "datetime": {"datetime": "2024-06-14 10:30:26", "elapsed": 1.15378, "delta": 0.008947}}
{"target": -288.5731795041902, "params": {"gamma": 5.409977097816925, "prior": 9.598399778511348, "rate": 8.039804954094969}, "datetime": {"datetime": "2024-06-14 10:30:26", "elapsed": 1.161758, "delta": 0.007978}}
{"target": -143.76004418217684, "params": {"gamma": 0.3241983431691163, "prior": 7.1229337871898215, "rate": 4.650549814153498}, "datetime": {"datetime": "2024-06-14 10:30:26", "elapsed": 1.170735, "delta": 0.008977}}
{"target": -476.7067358667553, "params": {"gamma": 9.475541865009603, "prior": 2.2921840698025346, "rate": 2.6714531248239735}, "datetime": {"datetime": "2024-06-14 10:30:26", "elapsed": 1.179531, "delta": 0.008796}}
{"target": -148.52759788894124, "params": {"gamma": 0.8156581748077427, "prior": 4.343326403771487, "rate": 1.091078621426664}, "datetime": {"datetime": "2024-06-14 10:30:26", "elapsed": 1.188634, "delta": 0.009103}}
{"target": -329.0199477589827, "params": {"gamma": 6.3382338193585674, "prior": 8.049336050000004, "rate": 6.968308160705665}, "datetime": {"datetime": "2024-06-14 10:30:26", "elapsed": 1.196995, "delta": 0.008361}}
{"target": -406.82951260863723, "params": {"gamma": 7.66234759937663, "prior": 3.4902957864508464, "rate": 8.45866897879375}, "datetime": {"datetime": "2024-06-14 10:30:26", "elapsed": 1.205587, "delta": 0.008592}}
{"target": -242.32605582517354, "params": {"gamma": 4.2882589812194265, "prior": 8.257697717081955, "rate": 6.265335090084314}, "datetime": {"datetime": "2024-06-14 10:30:26", "elapsed": 1.214495, "delta": 0.008908}}
{"target": -159.7273206908798, "params": {"gamma": 1.435087063653779, "prior": 0.8760303085639848, "rate": 0.1843080964871599}, "datetime": {"datetime": "2024-06-14 10:30:26", "elapsed": 1.223169, "delta": 0.008674}}
{"target": -147.09240893693666, "params": {"gamma": 0.6681832513959254, "prior": 4.639979755713475, "rate": 1.1343058857531372}, "datetime": {"datetime": "2024-06-14 10:30:26", "elapsed": 1.232319, "delta": 0.00915}}
{"target": -144.22082870600312, "params": {"gamma": 0.27880570513785086, "prior": 7.573128665765627, "rate": 3.949109954125934}, "datetime": {"datetime": "2024-06-14 10:30:26", "elapsed": 1.240585, "delta": 0.008266}}
{"target": -380.67343909935386, "params": {"gamma": 7.469638017579644, "prior": 4.57880778478987, "rate": 4.501417383260611}, "datetime": {"datetime": "2024-06-14 10:30:26", "elapsed": 1.250169, "delta": 0.009584}}
{"target": -264.14353233978403, "params": {"gamma": 4.7812469946715925, "prior": 4.79263887296572, "rate": 8.031830257799582}, "datetime": {"datetime": "2024-06-14 10:30:26", "elapsed": 1.258945, "delta": 0.008776}}
{"target": -257.57731115639217, "params": {"gamma": 4.024522806057501, "prior": 9.056392987401868, "rate": 0.3715734184924046}, "datetime": {"datetime": "2024-06-14 10:30:26", "elapsed": 1.267305, "delta": 0.00836}}
{"target": -429.92910429495146, "params": {"gamma": 7.738969552861467, "prior": 1.3438496732636145, "rate": 6.185517155553943}, "datetime": {"datetime": "2024-06-14 10:30:26", "elapsed": 1.276407, "delta": 0.009102}}
{"target": -145.56932388513127, "params": {"gamma": 0.10463224909098416, "prior": 5.4324100975058345, "rate": 0.031176548239344033}, "datetime": {"datetime": "2024-06-14 10:30:26", "elapsed": 1.285383, "delta": 0.008976}}
{"target": -473.2219799599974, "params": {"gamma": 9.511986661116556, "prior": 9.063480133657503, "rate": 7.959873452480752}, "datetime": {"datetime": "2024-06-14 10:30:26", "elapsed": 1.293362, "delta": 0.007979}}
{"target": -459.03429046362, "params": {"gamma": 9.15282792482796, "prior": 1.541026488468131, "rate": 1.5781429686354622}, "datetime": {"datetime": "2024-06-14 10:30:26", "elapsed": 1.302338, "delta": 0.008976}}
{"target": -158.16313116543398, "params": {"gamma": 1.8771290973514374, "prior": 6.262709432769219, "rate": 9.05818915058701}, "datetime": {"datetime": "2024-06-14 10:30:26", "elapsed": 1.311313, "delta": 0.008975}}
{"target": -494.03254737637974, "params": {"gamma": 9.899561828412377, "prior": 7.1401123417815775, "rate": 7.318272291013812}, "datetime": {"datetime": "2024-06-14 10:30:26", "elapsed": 1.319292, "delta": 0.007979}}
{"target": -450.4304425458865, "params": {"gamma": 9.093022752238, "prior": 4.0686499504740965, "rate": 2.4992569515701426}, "datetime": {"datetime": "2024-06-14 10:30:26", "elapsed": 1.328842, "delta": 0.00955}}
{"target": -161.4053301078833, "params": {"gamma": 1.7351282777004415, "prior": 1.2826247983039172, "rate": 8.126293269740254}, "datetime": {"datetime": "2024-06-14 10:30:26", "elapsed": 1.336821, "delta": 0.007979}}
{"target": -149.86570606303647, "params": {"gamma": 1.4687769417990144, "prior": 2.716545078996317, "rate": 8.191072697156674}, "datetime": {"datetime": "2024-06-14 10:30:26", "elapsed": 1.345797, "delta": 0.008976}}
{"target": -207.9197918933771, "params": {"gamma": 3.106561930690306, "prior": 9.825932748000135, "rate": 2.6671203828142005}, "datetime": {"datetime": "2024-06-14 10:30:26", "elapsed": 1.354346, "delta": 0.008549}}
{"target": -297.01805749212747, "params": {"gamma": 5.336999796367143, "prior": 3.2132234107399116, "rate": 9.1078175389072}, "datetime": {"datetime": "2024-06-14 10:30:26", "elapsed": 1.363322, "delta": 0.008976}}
{"target": -216.55602385739516, "params": {"gamma": 3.666199881868493, "prior": 4.392564040004329, "rate": 5.123414630091336}, "datetime": {"datetime": "2024-06-14 10:30:26", "elapsed": 1.371301, "delta": 0.007979}}
{"target": -574.5448542115845, "params": {"gamma": 9.388925887219763, "prior": 0.4063951620843921, "rate": 7.1690697576532605}, "datetime": {"datetime": "2024-06-14 10:30:26", "elapsed": 1.380277, "delta": 0.008976}}
{"target": -537.0565237246312, "params": {"gamma": 8.910298523969097, "prior": 0.37014351282294133, "rate": 5.220990421277856}, "datetime": {"datetime": "2024-06-14 10:30:26", "elapsed": 1.389252, "delta": 0.008975}}
{"target": -204.44437554042486, "params": {"gamma": 3.2605721278884827, "prior": 8.6089442765693, "rate": 5.585606992674257}, "datetime": {"datetime": "2024-06-14 10:30:26", "elapsed": 1.398258, "delta": 0.009006}}
{"target": -358.420221208591, "params": {"gamma": 6.902588453759316, "prior": 4.58324964952022, "rate": 6.2834620661760505}, "datetime": {"datetime": "2024-06-14 10:30:26", "elapsed": 1.407206, "delta": 0.008948}}
{"target": -227.47864865371784, "params": {"gamma": 2.901678420022571, "prior": 0.19255092186850625, "rate": 5.767982593935921}, "datetime": {"datetime": "2024-06-14 10:30:26", "elapsed": 1.416181, "delta": 0.008975}}
{"target": -196.55791657188425, "params": {"gamma": 3.1151306971104957, "prior": 5.220949225161185, "rate": 9.164142124685924}, "datetime": {"datetime": "2024-06-14 10:30:26", "elapsed": 1.425158, "delta": 0.008977}}
{"target": -241.07277969664332, "params": {"gamma": 4.265321410225459, "prior": 2.549220762363616, "rate": 3.7135663190292654}, "datetime": {"datetime": "2024-06-14 10:30:26", "elapsed": 1.434134, "delta": 0.008976}}
{"target": -464.6637613228743, "params": {"gamma": 9.31867930524877, "prior": 9.374996974960027, "rate": 8.443455155708566}, "datetime": {"datetime": "2024-06-14 10:30:26", "elapsed": 1.44311, "delta": 0.008976}}
{"target": -454.9685735321411, "params": {"gamma": 9.202144936542298, "prior": 2.356212870518038, "rate": 0.8757346133263552}, "datetime": {"datetime": "2024-06-14 10:30:26", "elapsed": 1.452085, "delta": 0.008975}}
{"target": -174.1468544111437, "params": {"gamma": 2.273870053110603, "prior": 3.2123284995290997, "rate": 1.7484839976867594}, "datetime": {"datetime": "2024-06-14 10:30:26", "elapsed": 1.461061, "delta": 0.008976}}
{"target": -324.91746773525006, "params": {"gamma": 6.071334525562633, "prior": 4.194505508511497, "rate": 8.163698766760314}, "datetime": {"datetime": "2024-06-14 10:30:26", "elapsed": 1.470038, "delta": 0.008977}}
{"target": -166.69390632278686, "params": {"gamma": 1.8521188522920375, "prior": 7.048577644587473, "rate": 2.4043158928665394}, "datetime": {"datetime": "2024-06-14 10:30:26", "elapsed": 1.479013, "delta": 0.008975}}
{"target": -317.7320426444889, "params": {"gamma": 5.742616669319757, "prior": 3.55497721248581, "rate": 0.5705870304288444}, "datetime": {"datetime": "2024-06-14 10:30:26", "elapsed": 1.48799, "delta": 0.008977}}
{"target": -172.01969571624522, "params": {"gamma": 2.288907895932798, "prior": 6.674615298012455, "rate": 4.973003683511953}, "datetime": {"datetime": "2024-06-14 10:30:26", "elapsed": 1.496965, "delta": 0.008975}}
{"target": -291.98628274289416, "params": {"gamma": 5.190640824752714, "prior": 1.8297294860783329, "rate": 5.7075877996110185}, "datetime": {"datetime": "2024-06-14 10:30:26", "elapsed": 1.505941, "delta": 0.008976}}
{"target": -491.509576764465, "params": {"gamma": 9.967537498656892, "prior": 8.186667577037056, "rate": 5.944131865685947}, "datetime": {"datetime": "2024-06-14 10:30:26", "elapsed": 1.514918, "delta": 0.008977}}
{"target": -481.0148406771973, "params": {"gamma": 9.759914694240718, "prior": 9.025469588226281, "rate": 5.956483728092853}, "datetime": {"datetime": "2024-06-14 10:30:26", "elapsed": 1.523894, "delta": 0.008976}}
{"target": -143.80029805054286, "params": {"gamma": 0.32523082681925664, "prior": 1.0264132485930595, "rate": 0.6546517787072217}, "datetime": {"datetime": "2024-06-14 10:30:26", "elapsed": 1.532869, "delta": 0.008975}}
{"target": -257.55012072174816, "params": {"gamma": 4.517879753766062, "prior": 3.816804848361792, "rate": 9.753524992668595}, "datetime": {"datetime": "2024-06-14 10:30:26", "elapsed": 1.541846, "delta": 0.008977}}
{"target": -156.5538212923759, "params": {"gamma": 1.6806649487029495, "prior": 9.730597160133286, "rate": 7.674981213761269}, "datetime": {"datetime": "2024-06-14 10:30:26", "elapsed": 1.550822, "delta": 0.008976}}
{"target": -417.05274854872425, "params": {"gamma": 8.242554158405353, "prior": 6.362896586102173, "rate": 6.6876589692971145}, "datetime": {"datetime": "2024-06-14 10:30:26", "elapsed": 1.561201, "delta": 0.010379}}
{"target": -311.8518691862167, "params": {"gamma": 4.769346452878413, "prior": 0.23004993353841524, "rate": 3.530707849332706}, "datetime": {"datetime": "2024-06-14 10:30:26", "elapsed": 1.570685, "delta": 0.009484}}
{"target": -268.9939482586794, "params": {"gamma": 4.9212259431340915, "prior": 7.327902989792033, "rate": 4.686814799118347}, "datetime": {"datetime": "2024-06-14 10:30:26", "elapsed": 1.579659, "delta": 0.008974}}
{"target": -277.01441458247706, "params": {"gamma": 4.574591755978228, "prior": 1.4628611353614713, "rate": 0.10987644930098642}, "datetime": {"datetime": "2024-06-14 10:30:26", "elapsed": 1.589633, "delta": 0.009974}}
{"target": -408.86963158509644, "params": {"gamma": 7.583024326509486, "prior": 3.267533096969016, "rate": 9.843850118484914}, "datetime": {"datetime": "2024-06-14 10:30:26", "elapsed": 1.598609, "delta": 0.008976}}
{"target": -166.57774903605653, "params": {"gamma": 2.2031220273654006, "prior": 3.453209452268629, "rate": 5.239437460525651}, "datetime": {"datetime": "2024-06-14 10:30:26", "elapsed": 1.607964, "delta": 0.009355}}
{"target": -386.83015085853646, "params": {"gamma": 7.549159679148268, "prior": 4.692192060612927, "rate": 1.2491006085736511}, "datetime": {"datetime": "2024-06-14 10:30:26", "elapsed": 1.617052, "delta": 0.009088}}
{"target": -196.35190209243052, "params": {"gamma": 3.125701283542003, "prior": 5.094739780039847, "rate": 6.73881623116066}, "datetime": {"datetime": "2024-06-14 10:30:26", "elapsed": 1.626029, "delta": 0.008977}}
{"target": -399.1771794967464, "params": {"gamma": 7.70172941316461, "prior": 1.3903242314481075, "rate": 0.23012839809249527}, "datetime": {"datetime": "2024-06-14 10:30:26", "elapsed": 1.635004, "delta": 0.008975}}
{"target": -309.8918955593132, "params": {"gamma": 5.191304139797683, "prior": 8.118888235557922, "rate": 0.12702506653173326}, "datetime": {"datetime": "2024-06-14 10:30:26", "elapsed": 1.64398, "delta": 0.008976}}
{"target": -345.68585519475363, "params": {"gamma": 6.725025976692686, "prior": 6.899401443904219, "rate": 4.49301828911279}, "datetime": {"datetime": "2024-06-14 10:30:26", "elapsed": 1.653955, "delta": 0.009975}}
{"target": -483.63381124401377, "params": {"gamma": 9.1479720787326, "prior": 6.47917473909423, "rate": 0.05339313667700704}, "datetime": {"datetime": "2024-06-14 10:30:26", "elapsed": 1.663926, "delta": 0.009971}}
{"target": -264.4915473946863, "params": {"gamma": 4.844800026698242, "prior": 8.60724628036624, "rate": 8.304165300803357}, "datetime": {"datetime": "2024-06-14 10:30:26", "elapsed": 1.672903, "delta": 0.008977}}
{"target": -335.7774609967657, "params": {"gamma": 6.491892816927667, "prior": 6.769614396596453, "rate": 5.7854172983122165}, "datetime": {"datetime": "2024-06-14 10:30:26", "elapsed": 1.681816, "delta": 0.008913}}
{"target": -183.34400022328938, "params": {"gamma": 2.741923631893355, "prior": 5.649246906306982, "rate": 6.717626118389386}, "datetime": {"datetime": "2024-06-14 10:30:26", "elapsed": 1.691397, "delta": 0.009581}}
{"target": -225.1004818909245, "params": {"gamma": 3.5249438725338718, "prior": 8.572700835813885, "rate": 1.9511798226010642}, "datetime": {"datetime": "2024-06-14 10:30:26", "elapsed": 1.700373, "delta": 0.008976}}
{"target": -399.38387075624564, "params": {"gamma": 7.473460782508901, "prior": 2.9670671872500867, "rate": 7.738219073154577}, "datetime": {"datetime": "2024-06-14 10:30:26", "elapsed": 1.709351, "delta": 0.008978}}
{"target": -246.46819247649677, "params": {"gamma": 4.277945556031427, "prior": 8.096214250210874, "rate": 3.535995091817236}, "datetime": {"datetime": "2024-06-14 10:30:26", "elapsed": 1.718325, "delta": 0.008974}}
{"target": -172.99825959910643, "params": {"gamma": 2.137718683058182, "prior": 7.696116633375489, "rate": 3.0871108343588807}, "datetime": {"datetime": "2024-06-14 10:30:26", "elapsed": 1.728299, "delta": 0.009974}}
{"target": -376.50907911483483, "params": {"gamma": 7.332717432196549, "prior": 7.4702842154695475, "rate": 2.2147456123811025}, "datetime": {"datetime": "2024-06-14 10:30:26", "elapsed": 1.737275, "delta": 0.008976}}
{"target": -168.56604967082106, "params": {"gamma": 2.141907256069664, "prior": 2.0695844419279603, "rate": 1.4260408593206808}, "datetime": {"datetime": "2024-06-14 10:30:26", "elapsed": 1.748246, "delta": 0.010971}}
{"target": -227.65228383326826, "params": {"gamma": 3.7714489094741337, "prior": 0.3636160584470526, "rate": 1.110092769973372}, "datetime": {"datetime": "2024-06-14 10:30:26", "elapsed": 1.762207, "delta": 0.013961}}
{"target": -365.1969271584214, "params": {"gamma": 6.745965673610343, "prior": 8.017787715284124, "rate": 0.8062147417567307}, "datetime": {"datetime": "2024-06-14 10:30:26", "elapsed": 1.772182, "delta": 0.009975}}
{"target": -175.98948338189248, "params": {"gamma": 2.3177914025474347, "prior": 2.1554940518577625, "rate": 9.173418297253225}, "datetime": {"datetime": "2024-06-14 10:30:26", "elapsed": 1.782156, "delta": 0.009974}}
