{"target": -1137.5712724208297, "params": {"gamma": 5.680077493599765, "lr": 0.6630438231677197}, "datetime": {"datetime": "2024-06-13 17:05:04", "elapsed": 7.667302, "delta": 0.00526}}
{"target": -2053.413448908049, "params": {"gamma": 5.274647786496121, "lr": 0.05634939173447451}, "datetime": {"datetime": "2024-06-13 17:05:04", "elapsed": 7.671291, "delta": 0.003989}}
{"target": -903.3124525666885, "params": {"gamma": 3.6322627869363457, "lr": 0.9677274091080609}, "datetime": {"datetime": "2024-06-13 17:05:04", "elapsed": 7.676278, "delta": 0.004987}}
{"target": -1038.6112390890546, "params": {"gamma": 6.955420242475687, "lr": 0.36973977954151527}, "datetime": {"datetime": "2024-06-13 17:05:04", "elapsed": 7.681265, "delta": 0.004987}}
{"target": -1038.5259704627404, "params": {"gamma": 6.716589859874733, "lr": 0.26510969397346273}, "datetime": {"datetime": "2024-06-13 17:05:04", "elapsed": 7.685254, "delta": 0.003989}}
{"target": -194.18719259675925, "params": {"gamma": 0.7756981624656162, "lr": 0.5280671392556082}, "datetime": {"datetime": "2024-06-13 17:05:04", "elapsed": 7.690241, "delta": 0.004987}}
{"target": -502.64209331243825, "params": {"gamma": 2.8984014893930756, "lr": 0.48165189565416366}, "datetime": {"datetime": "2024-06-13 17:05:04", "elapsed": 7.695228, "delta": 0.004987}}
{"target": -1798.5054965239856, "params": {"gamma": 9.020043950898684, "lr": 0.6517403667487239}, "datetime": {"datetime": "2024-06-13 17:05:04", "elapsed": 7.699217, "delta": 0.003989}}
{"target": -2450.886888433346, "params": {"gamma": 7.233468037123845, "lr": 0.1025865252271354}, "datetime": {"datetime": "2024-06-13 17:05:04", "elapsed": 7.704204, "delta": 0.004987}}
{"target": -817.9724646310253, "params": {"gamma": 4.7971011998412845, "lr": 0.40434189038945745}, "datetime": {"datetime": "2024-06-13 17:05:04", "elapsed": 7.70919, "delta": 0.004986}}
{"target": -1020.6560350288265, "params": {"gamma": 6.468925570274098, "lr": 0.287735134554958}, "datetime": {"datetime": "2024-06-13 17:05:04", "elapsed": 7.71318, "delta": 0.00399}}
{"target": -951.6926099409982, "params": {"gamma": 3.8312640574634482, "lr": 0.981016791950987}, "datetime": {"datetime": "2024-06-13 17:05:04", "elapsed": 7.718166, "delta": 0.004986}}
{"target": -262.9939510886856, "params": {"gamma": 1.1489908672848812, "lr": 0.19990786306137587}, "datetime": {"datetime": "2024-06-13 17:05:04", "elapsed": 7.723153, "delta": 0.004987}}
{"target": -530.2743004379977, "params": {"gamma": 2.3912225972933583, "lr": 0.6966542004402304}, "datetime": {"datetime": "2024-06-13 17:05:04", "elapsed": 7.727142, "delta": 0.003989}}
{"target": -1560.452096662327, "params": {"gamma": 7.1371672251136955, "lr": 0.7847549365756692}, "datetime": {"datetime": "2024-06-13 17:05:04", "elapsed": 7.732129, "delta": 0.004987}}
{"target": -885.9058419907961, "params": {"gamma": 3.8110627039036813, "lr": 0.8524032876575542}, "datetime": {"datetime": "2024-06-13 17:05:04", "elapsed": 7.737115, "delta": 0.004986}}
{"target": -1513.9865964960088, "params": {"gamma": 6.973768049350303, "lr": 0.7132598975767365}, "datetime": {"datetime": "2024-06-13 17:05:04", "elapsed": 7.742102, "delta": 0.004987}}
{"target": -1651.7638767405351, "params": {"gamma": 8.220064454506392, "lr": 0.6289244383408126}, "datetime": {"datetime": "2024-06-13 17:05:04", "elapsed": 7.74709, "delta": 0.004988}}
{"target": -1652.8789190423881, "params": {"gamma": 4.2228540008601385, "lr": 0.030798811164673312}, "datetime": {"datetime": "2024-06-13 17:05:04", "elapsed": 7.751078, "delta": 0.003988}}
{"target": -1120.6893628046566, "params": {"gamma": 5.9549611772267355, "lr": 0.5637635695018256}, "datetime": {"datetime": "2024-06-13 17:05:04", "elapsed": 7.756065, "delta": 0.004987}}
{"target": -935.4845754536288, "params": {"gamma": 6.008479407469643, "lr": 0.3228534686765717}, "datetime": {"datetime": "2024-06-13 17:05:04", "elapsed": 7.761051, "delta": 0.004986}}
{"target": -1164.142648756491, "params": {"gamma": 5.549264886470077, "lr": 0.17165630428408674}, "datetime": {"datetime": "2024-06-13 17:05:04", "elapsed": 7.766038, "delta": 0.004987}}
{"target": -2519.796494098898, "params": {"gamma": 6.49894440266871, "lr": 0.07167347369091615}, "datetime": {"datetime": "2024-06-13 17:05:04", "elapsed": 7.770028, "delta": 0.00399}}
{"target": -1615.5585109814187, "params": {"gamma": 8.750896260863644, "lr": 0.21613795014659942}, "datetime": {"datetime": "2024-06-13 17:05:04", "elapsed": 7.775628, "delta": 0.0056}}
{"target": -701.5249371159908, "params": {"gamma": 2.9391518612119483, "lr": 0.8847369186394346}, "datetime": {"datetime": "2024-06-13 17:05:04", "elapsed": 7.780614, "delta": 0.004986}}
{"target": -2032.9274159820543, "params": {"gamma": 8.836037308166828, "lr": 0.8362672161514131}, "datetime": {"datetime": "2024-06-13 17:05:04", "elapsed": 7.785601, "delta": 0.004987}}
{"target": -790.3425882712389, "params": {"gamma": 3.2700292334455643, "lr": 0.9023446392045666}, "datetime": {"datetime": "2024-06-13 17:05:04", "elapsed": 7.78959, "delta": 0.003989}}
{"target": -1540.8148007405807, "params": {"gamma": 7.718251155453087, "lr": 0.6580829809857549}, "datetime": {"datetime": "2024-06-13 17:05:04", "elapsed": 7.794577, "delta": 0.004987}}
{"target": -1962.3483949313788, "params": {"gamma": 8.99813093515086, "lr": 0.7831314722628366}, "datetime": {"datetime": "2024-06-13 17:05:04", "elapsed": 7.799564, "delta": 0.004987}}
{"target": -669.4754099790442, "params": {"gamma": 4.2480703423217, "lr": 0.32425522412708885}, "datetime": {"datetime": "2024-06-13 17:05:04", "elapsed": 7.804551, "delta": 0.004987}}
{"target": -1544.9799863361116, "params": {"gamma": 3.9393874995637357, "lr": 0.06141215405816436}, "datetime": {"datetime": "2024-06-13 17:05:04", "elapsed": 7.80854, "delta": 0.003989}}
{"target": -573.3224059861398, "params": {"gamma": 3.634945499368943, "lr": 0.3530436858449395}, "datetime": {"datetime": "2024-06-13 17:05:04", "elapsed": 7.813555, "delta": 0.005015}}
{"target": -2030.8455991356518, "params": {"gamma": 8.656379251086715, "lr": 0.8887000495302622}, "datetime": {"datetime": "2024-06-13 17:05:04", "elapsed": 7.844445, "delta": 0.03089}}
{"target": -1484.0097201807505, "params": {"gamma": 9.630557816537218, "lr": 0.32819924761463426}, "datetime": {"datetime": "2024-06-13 17:05:04", "elapsed": 7.849431, "delta": 0.004986}}
{"target": -1395.1864479568237, "params": {"gamma": 6.933508237753853, "lr": 0.6330662678957141}, "datetime": {"datetime": "2024-06-13 17:05:04", "elapsed": 7.854418, "delta": 0.004987}}
{"target": -582.1935211188687, "params": {"gamma": 2.425195012153892, "lr": 0.8699876263426785}, "datetime": {"datetime": "2024-06-13 17:05:04", "elapsed": 7.859404, "delta": 0.004986}}
{"target": -489.0917729846312, "params": {"gamma": 2.1418050557805293, "lr": 0.7477140026507801}, "datetime": {"datetime": "2024-06-13 17:05:04", "elapsed": 7.864391, "delta": 0.004987}}
{"target": -514.6283184198827, "params": {"gamma": 1.4474946912067754, "lr": 0.10681965623961165}, "datetime": {"datetime": "2024-06-13 17:05:04", "elapsed": 7.86838, "delta": 0.003989}}
{"target": -1338.4767382722373, "params": {"gamma": 7.20350177902532, "lr": 0.5263181160447106}, "datetime": {"datetime": "2024-06-13 17:05:04", "elapsed": 7.873366, "delta": 0.004986}}
{"target": -976.2361030595497, "params": {"gamma": 4.429715397531216, "lr": 0.7781805677545706}, "datetime": {"datetime": "2024-06-13 17:05:04", "elapsed": 7.878354, "delta": 0.004988}}
{"target": -835.2230606575014, "params": {"gamma": 3.588074784629776, "lr": 0.8533495985139066}, "datetime": {"datetime": "2024-06-13 17:05:04", "elapsed": 7.88334, "delta": 0.004986}}
{"target": -2365.750009065741, "params": {"gamma": 9.62176279907113, "lr": 0.97912549357449}, "datetime": {"datetime": "2024-06-13 17:05:04", "elapsed": 7.887329, "delta": 0.003989}}
{"target": -486.27698433790545, "params": {"gamma": 2.777002394800293, "lr": 0.4150070363847951}, "datetime": {"datetime": "2024-06-13 17:05:04", "elapsed": 7.892316, "delta": 0.004987}}
{"target": -1732.9772106921323, "params": {"gamma": 7.250373833289235, "lr": 0.8948659340129544}, "datetime": {"datetime": "2024-06-13 17:05:04", "elapsed": 7.897303, "delta": 0.004987}}
{"target": -1544.6490861673437, "params": {"gamma": 7.113399789936541, "lr": 0.7581322827790503}, "datetime": {"datetime": "2024-06-13 17:05:04", "elapsed": 7.902289, "delta": 0.004986}}
{"target": -1311.7997162934296, "params": {"gamma": 8.83415311602575, "lr": 0.3669482381501168}, "datetime": {"datetime": "2024-06-13 17:05:04", "elapsed": 7.907276, "delta": 0.004987}}
{"target": -1013.4610872220409, "params": {"gamma": 5.425906871529926, "lr": 0.5347699755827457}, "datetime": {"datetime": "2024-06-13 17:05:04", "elapsed": 7.912263, "delta": 0.004987}}
{"target": -1549.5523401880944, "params": {"gamma": 6.4761782194627475, "lr": 0.8951838797241277}, "datetime": {"datetime": "2024-06-13 17:05:04", "elapsed": 7.917249, "delta": 0.004986}}
{"target": -1482.7206793785842, "params": {"gamma": 6.00867393378521, "lr": 0.9699385377160038}, "datetime": {"datetime": "2024-06-13 17:05:04", "elapsed": 7.922236, "delta": 0.004987}}
{"target": -1236.3441475778677, "params": {"gamma": 7.3216234120977175, "lr": 0.41529149155458245}, "datetime": {"datetime": "2024-06-13 17:05:04", "elapsed": 7.927065, "delta": 0.004829}}
{"target": -1434.6399274071623, "params": {"gamma": 5.81180346318073, "lr": 0.9223207824170438}, "datetime": {"datetime": "2024-06-13 17:05:04", "elapsed": 7.931055, "delta": 0.00399}}
{"target": -1344.9448837551015, "params": {"gamma": 6.185385338885807, "lr": 0.709928603418362}, "datetime": {"datetime": "2024-06-13 17:05:04", "elapsed": 7.935693, "delta": 0.004638}}
{"target": -1019.768557301251, "params": {"gamma": 6.613259028912707, "lr": 0.33614643889956264}, "datetime": {"datetime": "2024-06-13 17:05:04", "elapsed": 7.940679, "delta": 0.004986}}
{"target": -367.5020490737109, "params": {"gamma": 2.0341452163718596, "lr": 0.4078129626004203}, "datetime": {"datetime": "2024-06-13 17:05:04", "elapsed": 7.945666, "delta": 0.004987}}
{"target": -366.1702455458113, "params": {"gamma": 1.5085472915112057, "lr": 0.8263335477210154}, "datetime": {"datetime": "2024-06-13 17:05:04", "elapsed": 7.950653, "delta": 0.004987}}
{"target": -1200.3897666647802, "params": {"gamma": 7.104895674394641, "lr": 0.4010561894105159}, "datetime": {"datetime": "2024-06-13 17:05:04", "elapsed": 7.955639, "delta": 0.004986}}
{"target": -422.579160286843, "params": {"gamma": 1.7146555781871196, "lr": 0.8757993398860495}, "datetime": {"datetime": "2024-06-13 17:05:04", "elapsed": 7.960626, "delta": 0.004987}}
{"target": -1576.1125236324451, "params": {"gamma": 6.3909999964742354, "lr": 0.9966028199815464}, "datetime": {"datetime": "2024-06-13 17:05:05", "elapsed": 7.965613, "delta": 0.004987}}
{"target": -218.85191209678388, "params": {"gamma": 1.0118777980878546, "lr": 0.24484835913226244}, "datetime": {"datetime": "2024-06-13 17:05:05", "elapsed": 7.970599, "delta": 0.004986}}
{"target": -224.83628491328108, "params": {"gamma": 0.8374656866964549, "lr": 0.7447417757596947}, "datetime": {"datetime": "2024-06-13 17:05:05", "elapsed": 7.974588, "delta": 0.003989}}
{"target": -396.2787188522755, "params": {"gamma": 1.5965935192609664, "lr": 0.8816595339350156}, "datetime": {"datetime": "2024-06-13 17:05:05", "elapsed": 7.979576, "delta": 0.004988}}
{"target": -920.2024095201599, "params": {"gamma": 4.915303785862436, "lr": 0.526169262668513}, "datetime": {"datetime": "2024-06-13 17:05:05", "elapsed": 7.984562, "delta": 0.004986}}
{"target": -156.30767182605635, "params": {"gamma": 0.42616036762125126, "lr": 0.614053635731627}, "datetime": {"datetime": "2024-06-13 17:05:05", "elapsed": 7.988551, "delta": 0.003989}}
{"target": -443.7233747981587, "params": {"gamma": 2.2769202761615777, "lr": 0.2135040893470156}, "datetime": {"datetime": "2024-06-13 17:05:05", "elapsed": 7.993538, "delta": 0.004987}}
{"target": -2100.018703361737, "params": {"gamma": 8.953290370672992, "lr": 0.8880133489969917}, "datetime": {"datetime": "2024-06-13 17:05:05", "elapsed": 7.998525, "delta": 0.004987}}
{"target": -142.9551613253687, "params": {"gamma": 0.05364657807886874, "lr": 0.832303959586102}, "datetime": {"datetime": "2024-06-13 17:05:05", "elapsed": 8.003511, "delta": 0.004986}}
{"target": -1671.3740663848498, "params": {"gamma": 9.02308610135554, "lr": 0.5119476580924737}, "datetime": {"datetime": "2024-06-13 17:05:05", "elapsed": 8.007501, "delta": 0.00399}}
{"target": -1426.4365746704304, "params": {"gamma": 6.56208200669582, "lr": 0.7677856839334473}, "datetime": {"datetime": "2024-06-13 17:05:05", "elapsed": 8.012488, "delta": 0.004987}}
{"target": -1149.9591274854542, "params": {"gamma": 6.854714307550932, "lr": 0.45911641964267924}, "datetime": {"datetime": "2024-06-13 17:05:05", "elapsed": 8.017474, "delta": 0.004986}}
{"target": -1084.3916268141925, "params": {"gamma": 5.7349488675951, "lr": 0.5740594317304389}, "datetime": {"datetime": "2024-06-13 17:05:05", "elapsed": 8.02246, "delta": 0.004986}}
{"target": -1426.489390796663, "params": {"gamma": 8.421463069722522, "lr": 0.24044170761914385}, "datetime": {"datetime": "2024-06-13 17:05:05", "elapsed": 8.027447, "delta": 0.004987}}
{"target": -1695.7850112339743, "params": {"gamma": 7.572507436190774, "lr": 0.8123371097183338}, "datetime": {"datetime": "2024-06-13 17:05:05", "elapsed": 8.031436, "delta": 0.003989}}
{"target": -1784.1185900879868, "params": {"gamma": 7.970526579088603, "lr": 0.8077078189919843}, "datetime": {"datetime": "2024-06-13 17:05:05", "elapsed": 8.036423, "delta": 0.004987}}
{"target": -1397.5186458585829, "params": {"gamma": 8.292970943843157, "lr": 0.4175157513022394}, "datetime": {"datetime": "2024-06-13 17:05:05", "elapsed": 8.04141, "delta": 0.004987}}
{"target": -1344.362674016022, "params": {"gamma": 6.179249469269826, "lr": 0.7552455161468585}, "datetime": {"datetime": "2024-06-13 17:05:05", "elapsed": 8.046397, "delta": 0.004987}}
{"target": -1895.467284900734, "params": {"gamma": 7.697885927847493, "lr": 0.9586046229255358}, "datetime": {"datetime": "2024-06-13 17:05:05", "elapsed": 8.050386, "delta": 0.003989}}
{"target": -1822.6416505720501, "params": {"gamma": 9.750777680644457, "lr": 0.5647345919090407}, "datetime": {"datetime": "2024-06-13 17:05:05", "elapsed": 8.055373, "delta": 0.004987}}
{"target": -1078.7817371584938, "params": {"gamma": 4.657924948350314, "lr": 0.8355253266864215}, "datetime": {"datetime": "2024-06-13 17:05:05", "elapsed": 8.060359, "delta": 0.004986}}
{"target": -495.5908037669204, "params": {"gamma": 2.2003892786426134, "lr": 0.7663980894608939}, "datetime": {"datetime": "2024-06-13 17:05:05", "elapsed": 8.065347, "delta": 0.004988}}
{"target": -383.398796147447, "params": {"gamma": 1.920923979668611, "lr": 0.5916275659530674}, "datetime": {"datetime": "2024-06-13 17:05:05", "elapsed": 8.070333, "delta": 0.004986}}
{"target": -1026.2108099009783, "params": {"gamma": 6.068707734799046, "lr": 0.44184380280217683}, "datetime": {"datetime": "2024-06-13 17:05:05", "elapsed": 8.074322, "delta": 0.003989}}
{"target": -1602.3128074013114, "params": {"gamma": 8.645641977427168, "lr": 0.5434821861417696}, "datetime": {"datetime": "2024-06-13 17:05:05", "elapsed": 8.079309, "delta": 0.004987}}
{"target": -839.5900871428382, "params": {"gamma": 4.927804379534841, "lr": 0.4181256356700572}, "datetime": {"datetime": "2024-06-13 17:05:05", "elapsed": 8.084295, "delta": 0.004986}}
{"target": -163.1743540150982, "params": {"gamma": 0.6231896086801356, "lr": 0.3621494599268943}, "datetime": {"datetime": "2024-06-13 17:05:05", "elapsed": 8.089282, "delta": 0.004987}}
{"target": -217.53728877517082, "params": {"gamma": 0.9290607665831948, "lr": 0.5656384996760548}, "datetime": {"datetime": "2024-06-13 17:05:05", "elapsed": 8.094268, "delta": 0.004986}}
{"target": -1392.83951068783, "params": {"gamma": 6.4053758139443495, "lr": 0.7677822626181597}, "datetime": {"datetime": "2024-06-13 17:05:05", "elapsed": 8.099255, "delta": 0.004987}}
{"target": -1234.3428466243067, "params": {"gamma": 6.325720028185084, "lr": 0.1870607551754626}, "datetime": {"datetime": "2024-06-13 17:05:05", "elapsed": 8.103245, "delta": 0.00399}}
{"target": -1381.9544032311026, "params": {"gamma": 7.502689263840385, "lr": 0.5488594004307864}, "datetime": {"datetime": "2024-06-13 17:05:05", "elapsed": 8.108231, "delta": 0.004986}}
{"target": -443.67997425796, "params": {"gamma": 1.0226014229845646, "lr": 0.024827029187908023}, "datetime": {"datetime": "2024-06-13 17:05:05", "elapsed": 8.113218, "delta": 0.004987}}
{"target": -655.2957522898686, "params": {"gamma": 2.988163177641064, "lr": 0.6900150292649251}, "datetime": {"datetime": "2024-06-13 17:05:05", "elapsed": 8.118205, "delta": 0.004987}}
{"target": -2293.9227324618328, "params": {"gamma": 9.327950716090912, "lr": 0.9664972006802195}, "datetime": {"datetime": "2024-06-13 17:05:05", "elapsed": 8.122194, "delta": 0.003989}}
{"target": -1201.785487043464, "params": {"gamma": 7.645716345257133, "lr": 0.2932491857068945}, "datetime": {"datetime": "2024-06-13 17:05:05", "elapsed": 8.127181, "delta": 0.004987}}
{"target": -1060.3027637859948, "params": {"gamma": 6.2210691836043965, "lr": 0.23109612753682562}, "datetime": {"datetime": "2024-06-13 17:05:05", "elapsed": 8.132167, "delta": 0.004986}}
{"target": -1646.8104203059108, "params": {"gamma": 7.507153026145066, "lr": 0.16586702947952792}, "datetime": {"datetime": "2024-06-13 17:05:05", "elapsed": 8.136157, "delta": 0.00399}}
{"target": -1772.7800738757223, "params": {"gamma": 7.564947384855503, "lr": 0.8685889989304815}, "datetime": {"datetime": "2024-06-13 17:05:05", "elapsed": 8.141143, "delta": 0.004986}}
{"target": -2023.2836022882896, "params": {"gamma": 5.195544029510985, "lr": 0.06563483825850425}, "datetime": {"datetime": "2024-06-13 17:05:05", "elapsed": 8.14613, "delta": 0.004987}}
{"target": -1040.3794098145652, "params": {"gamma": 4.4894713154372115, "lr": 0.8378286113798175}, "datetime": {"datetime": "2024-06-13 17:05:05", "elapsed": 8.151117, "delta": 0.004987}}
{"target": -732.7708178085237, "params": {"gamma": 1.7983467816471097, "lr": 0.03855906126279496}, "datetime": {"datetime": "2024-06-13 17:05:05", "elapsed": 8.155108, "delta": 0.003991}}
{"target": -1374.3759537464603, "params": {"gamma": 7.327203051217345, "lr": 0.5630407235733951}, "datetime": {"datetime": "2024-06-13 17:05:05", "elapsed": 8.160095, "delta": 0.004987}}
{"target": -165.90705811622135, "params": {"gamma": 0.42156420386587773, "lr": 0.9848852640583016}, "datetime": {"datetime": "2024-06-13 17:05:05", "elapsed": 8.165082, "delta": 0.004987}}
{"target": -1076.739955723017, "params": {"gamma": 5.693754542449788, "lr": 0.585156672962654}, "datetime": {"datetime": "2024-06-13 17:05:05", "elapsed": 8.170068, "delta": 0.004986}}
{"target": -1882.8448912697145, "params": {"gamma": 7.899276512022575, "lr": 0.9026346706863088}, "datetime": {"datetime": "2024-06-13 17:05:05", "elapsed": 8.174058, "delta": 0.00399}}
{"target": -161.91368847732414, "params": {"gamma": 0.6084466125606112, "lr": 0.34851320938881547}, "datetime": {"datetime": "2024-06-13 17:05:05", "elapsed": 8.179045, "delta": 0.004987}}
{"target": -360.1537342271998, "params": {"gamma": 2.001718538820858, "lr": 0.4651515316549586}, "datetime": {"datetime": "2024-06-13 17:05:05", "elapsed": 8.184031, "delta": 0.004986}}
{"target": -404.6813260926703, "params": {"gamma": 0.9155879517141836, "lr": 0.06808577423972362}, "datetime": {"datetime": "2024-06-13 17:05:05", "elapsed": 8.189017, "delta": 0.004986}}
{"target": -729.3299392703228, "params": {"gamma": 3.009593441869708, "lr": 0.9043452577718513}, "datetime": {"datetime": "2024-06-13 17:05:05", "elapsed": 8.194004, "delta": 0.004987}}
{"target": -2111.282320526157, "params": {"gamma": 9.755444236897075, "lr": 0.7637200317833946}, "datetime": {"datetime": "2024-06-13 17:05:05", "elapsed": 8.198991, "delta": 0.004987}}
{"target": -146.27827660735005, "params": {"gamma": 0.008408388692528457, "lr": 0.735215554236234}, "datetime": {"datetime": "2024-06-13 17:05:05", "elapsed": 8.203978, "delta": 0.004987}}
{"target": -147.96042893726494, "params": {"gamma": 0.22090310734026275, "lr": 0.16856568225506097}, "datetime": {"datetime": "2024-06-13 17:05:05", "elapsed": 8.207967, "delta": 0.003989}}
{"target": -143.77410041193062, "params": {"gamma": 0.10612956883701744, "lr": 0.1491269987672621}, "datetime": {"datetime": "2024-06-13 17:05:05", "elapsed": 8.212962, "delta": 0.004995}}
{"target": -1492.8859753975141, "params": {"gamma": 6.87536774608507, "lr": 0.7020168753413566}, "datetime": {"datetime": "2024-06-13 17:05:05", "elapsed": 8.21794, "delta": 0.004978}}
{"target": -826.8705955987259, "params": {"gamma": 3.7114029888119466, "lr": 0.7311908242003646}, "datetime": {"datetime": "2024-06-13 17:05:05", "elapsed": 8.222927, "delta": 0.004987}}
{"target": -2114.45484519732, "params": {"gamma": 8.47319475004096, "lr": 0.13035751444155008}, "datetime": {"datetime": "2024-06-13 17:05:05", "elapsed": 8.226916, "delta": 0.003989}}
{"target": -185.82950633087924, "params": {"gamma": 0.8749857543012785, "lr": 0.37192145651390274}, "datetime": {"datetime": "2024-06-13 17:05:05", "elapsed": 8.231903, "delta": 0.004987}}
{"target": -634.1108975406939, "params": {"gamma": 4.039432491874189, "lr": 0.27640421986037034}, "datetime": {"datetime": "2024-06-13 17:05:05", "elapsed": 8.23689, "delta": 0.004987}}
{"target": -1167.6454545254244, "params": {"gamma": 7.5419276912585245, "lr": 0.32178620055239215}, "datetime": {"datetime": "2024-06-13 17:05:05", "elapsed": 8.241876, "delta": 0.004986}}
{"target": -1961.6914413243635, "params": {"gamma": 8.001642974863078, "lr": 0.9113083542736461}, "datetime": {"datetime": "2024-06-13 17:05:05", "elapsed": 8.245866, "delta": 0.00399}}
