{"target": -642.3514715139763, "params": {"gamma": 7.909964984873447, "lr": 0.7157485483912336}, "datetime": {"datetime": "2024-06-13 19:33:56", "elapsed": 6.96862, "delta": 0.004987}}
{"target": -450.31834006216695, "params": {"gamma": 2.6971628183640655, "lr": 0.21045779104067575}, "datetime": {"datetime": "2024-06-13 19:33:56", "elapsed": 6.97261, "delta": 0.00399}}
{"target": -126.1917563531732, "params": {"gamma": 1.092174154085908, "lr": 0.3966811014027529}, "datetime": {"datetime": "2024-06-13 19:33:56", "elapsed": 6.977596, "delta": 0.004986}}
{"target": -103.8116698307194, "params": {"gamma": 0.8735791351201521, "lr": 0.6553896564824753}, "datetime": {"datetime": "2024-06-13 19:33:56", "elapsed": 6.981586, "delta": 0.00399}}
{"target": -783.0516463833163, "params": {"gamma": 9.49833931470982, "lr": 0.755633280579152}, "datetime": {"datetime": "2024-06-13 19:33:56", "elapsed": 6.986573, "delta": 0.004987}}
{"target": -253.85294829737188, "params": {"gamma": 1.1698003792568261, "lr": 0.020481248718401956}, "datetime": {"datetime": "2024-06-13 19:33:56", "elapsed": 6.991559, "delta": 0.004986}}
{"target": -290.0612114023851, "params": {"gamma": 3.349553409033682, "lr": 0.9928761567590365}, "datetime": {"datetime": "2024-06-13 19:33:56", "elapsed": 6.995549, "delta": 0.00399}}
{"target": -266.4820957199, "params": {"gamma": 3.129004648022036, "lr": 0.7375077987941283}, "datetime": {"datetime": "2024-06-13 19:33:56", "elapsed": 7.000535, "delta": 0.004986}}
{"target": -565.1032112794385, "params": {"gamma": 7.165577236537339, "lr": 0.5725575976952813}, "datetime": {"datetime": "2024-06-13 19:33:56", "elapsed": 7.004524, "delta": 0.003989}}
{"target": -607.7087233229478, "params": {"gamma": 3.6770929306387004, "lr": 0.2082656940300881}, "datetime": {"datetime": "2024-06-13 19:33:56", "elapsed": 7.009511, "delta": 0.004987}}
{"target": -1910.9094707160002, "params": {"gamma": 9.800012165219913, "lr": 0.06589377000512553}, "datetime": {"datetime": "2024-06-13 19:33:56", "elapsed": 7.0135, "delta": 0.003989}}
{"target": -235.48685515398932, "params": {"gamma": 2.363041291619063, "lr": 0.3088994705101167}, "datetime": {"datetime": "2024-06-13 19:33:56", "elapsed": 7.018487, "delta": 0.004987}}
{"target": -737.7286749752683, "params": {"gamma": 9.09512403146957, "lr": 0.7133692630190983}, "datetime": {"datetime": "2024-06-13 19:33:56", "elapsed": 7.022476, "delta": 0.003989}}
{"target": -387.406577776448, "params": {"gamma": 2.654453130529889, "lr": 0.16450130293866305}, "datetime": {"datetime": "2024-06-13 19:33:56", "elapsed": 7.027463, "delta": 0.004987}}
{"target": -726.2192270527001, "params": {"gamma": 8.805093637851785, "lr": 0.7937831324318396}, "datetime": {"datetime": "2024-06-13 19:33:56", "elapsed": 7.031452, "delta": 0.003989}}
{"target": -90.02984948347256, "params": {"gamma": 0.38483593233206737, "lr": 0.8793008435965847}, "datetime": {"datetime": "2024-06-13 19:33:56", "elapsed": 7.036439, "delta": 0.004987}}
{"target": -445.2362301593982, "params": {"gamma": 5.879809512359401, "lr": 0.4575371969863721}, "datetime": {"datetime": "2024-06-13 19:33:56", "elapsed": 7.041426, "delta": 0.004987}}
{"target": -1317.105100509592, "params": {"gamma": 6.73884491695568, "lr": 0.03944279853538757}, "datetime": {"datetime": "2024-06-13 19:33:56", "elapsed": 7.045415, "delta": 0.003989}}
{"target": -652.6546205767364, "params": {"gamma": 3.303881713493146, "lr": 0.08804841780935202}, "datetime": {"datetime": "2024-06-13 19:33:56", "elapsed": 7.050402, "delta": 0.004987}}
{"target": -550.1577740292404, "params": {"gamma": 6.836691010345723, "lr": 0.3980117152162973}, "datetime": {"datetime": "2024-06-13 19:33:56", "elapsed": 7.054391, "delta": 0.003989}}
{"target": -440.0285647873906, "params": {"gamma": 4.790061963647635, "lr": 0.2898033391923721}, "datetime": {"datetime": "2024-06-13 19:33:56", "elapsed": 7.059378, "delta": 0.004987}}
{"target": -1539.0572413707164, "params": {"gamma": 7.883156906603142, "lr": 0.046512682267751626}, "datetime": {"datetime": "2024-06-13 19:33:56", "elapsed": 7.063367, "delta": 0.003989}}
{"target": -230.9861729852336, "params": {"gamma": 2.811975337992219, "lr": 0.590595861758878}, "datetime": {"datetime": "2024-06-13 19:33:56", "elapsed": 7.068354, "delta": 0.004987}}
{"target": -661.4296832777579, "params": {"gamma": 7.901544890842957, "lr": 0.6015993359119542}, "datetime": {"datetime": "2024-06-13 19:33:56", "elapsed": 7.072344, "delta": 0.00399}}
{"target": -1426.9413324429015, "params": {"gamma": 7.305156197867701, "lr": 0.023527914877828127}, "datetime": {"datetime": "2024-06-13 19:33:56", "elapsed": 7.07733, "delta": 0.004986}}
{"target": -508.5987837586367, "params": {"gamma": 2.5499809694961213, "lr": 0.04209175984237279}, "datetime": {"datetime": "2024-06-13 19:33:56", "elapsed": 7.082316, "delta": 0.004986}}
{"target": -428.97257592551614, "params": {"gamma": 5.000623972289424, "lr": 0.9891402961407735}, "datetime": {"datetime": "2024-06-13 19:33:56", "elapsed": 7.086306, "delta": 0.00399}}
{"target": -126.56641678192646, "params": {"gamma": 0.1362915505440842, "lr": 0.4408790383372555}, "datetime": {"datetime": "2024-06-13 19:33:56", "elapsed": 7.091293, "delta": 0.004987}}
{"target": -137.30890921756188, "params": {"gamma": 0.0488593946407395, "lr": 0.6128886193293469}, "datetime": {"datetime": "2024-06-13 19:33:56", "elapsed": 7.09635, "delta": 0.005057}}
{"target": -161.14762386475655, "params": {"gamma": 1.8344039025545689, "lr": 0.7127417837905282}, "datetime": {"datetime": "2024-06-13 19:33:56", "elapsed": 7.100336, "delta": 0.003986}}
{"target": -143.06386826625248, "params": {"gamma": 1.5973254712175065, "lr": 0.8285756552303601}, "datetime": {"datetime": "2024-06-13 19:33:56", "elapsed": 7.105322, "delta": 0.004986}}
{"target": -187.94232916766393, "params": {"gamma": 2.0625754591785816, "lr": 0.35221627383195075}, "datetime": {"datetime": "2024-06-13 19:33:56", "elapsed": 7.109312, "delta": 0.00399}}
{"target": -194.46304079446364, "params": {"gamma": 2.3065541407607677, "lr": 0.8076844924516463}, "datetime": {"datetime": "2024-06-13 19:33:56", "elapsed": 7.114298, "delta": 0.004986}}
{"target": -410.9310946790238, "params": {"gamma": 4.903209285941475, "lr": 0.8738335058866241}, "datetime": {"datetime": "2024-06-13 19:33:56", "elapsed": 7.118288, "delta": 0.00399}}
{"target": -125.80419228351235, "params": {"gamma": 1.3017296410083459, "lr": 0.4989581103650381}, "datetime": {"datetime": "2024-06-13 19:33:56", "elapsed": 7.123274, "delta": 0.004986}}
{"target": -663.6657093669868, "params": {"gamma": 7.766359726186858, "lr": 0.9812101687911365}, "datetime": {"datetime": "2024-06-13 19:33:56", "elapsed": 7.127264, "delta": 0.00399}}
{"target": -896.0409158014203, "params": {"gamma": 6.734103924215217, "lr": 0.18300117978695374}, "datetime": {"datetime": "2024-06-13 19:33:56", "elapsed": 7.13225, "delta": 0.004986}}
{"target": -1483.7377839564958, "params": {"gamma": 7.597969782524479, "lr": 0.07463521512286109}, "datetime": {"datetime": "2024-06-13 19:33:56", "elapsed": 7.13624, "delta": 0.00399}}
{"target": -618.2962212679217, "params": {"gamma": 7.62796186474408, "lr": 0.8278152309219722}, "datetime": {"datetime": "2024-06-13 19:33:56", "elapsed": 7.141226, "delta": 0.004986}}
{"target": -424.07307050096847, "params": {"gamma": 5.592537951402159, "lr": 0.49272082980822784}, "datetime": {"datetime": "2024-06-13 19:33:56", "elapsed": 7.145216, "delta": 0.00399}}
{"target": -1826.5842851030716, "params": {"gamma": 9.36533769934676, "lr": 9.695068767479054e-05}, "datetime": {"datetime": "2024-06-13 19:33:56", "elapsed": 7.150203, "delta": 0.004987}}
{"target": -133.86273336529513, "params": {"gamma": 0.0966593768907281, "lr": 0.25195142314544017}, "datetime": {"datetime": "2024-06-13 19:33:56", "elapsed": 7.154192, "delta": 0.003989}}
{"target": -394.67171878401086, "params": {"gamma": 5.057258956122923, "lr": 0.5404166504960898}, "datetime": {"datetime": "2024-06-13 19:33:56", "elapsed": 7.159179, "delta": 0.004987}}
{"target": -347.99638801746113, "params": {"gamma": 3.7135529478230405, "lr": 0.29271137519518675}, "datetime": {"datetime": "2024-06-13 19:33:56", "elapsed": 7.164165, "delta": 0.004986}}
{"target": -173.3892822390111, "params": {"gamma": 2.0244710973929743, "lr": 0.8002818943961242}, "datetime": {"datetime": "2024-06-13 19:33:56", "elapsed": 7.168154, "delta": 0.003989}}
{"target": -247.0650401074914, "params": {"gamma": 3.159913122914842, "lr": 0.492467985547119}, "datetime": {"datetime": "2024-06-13 19:33:56", "elapsed": 7.173142, "delta": 0.004988}}
{"target": -678.9813014027847, "params": {"gamma": 8.11309762614833, "lr": 0.6123589424601151}, "datetime": {"datetime": "2024-06-13 19:33:56", "elapsed": 7.178128, "delta": 0.004986}}
{"target": -548.9823270140928, "params": {"gamma": 4.086676353275073, "lr": 0.17690422236042747}, "datetime": {"datetime": "2024-06-13 19:33:56", "elapsed": 7.182117, "delta": 0.003989}}
{"target": -305.7913581466122, "params": {"gamma": 3.977123246381154, "lr": 0.48521265373011824}, "datetime": {"datetime": "2024-06-13 19:33:56", "elapsed": 7.187106, "delta": 0.004989}}
{"target": -975.225157871557, "params": {"gamma": 9.905855341048484, "lr": 0.28419507592058557}, "datetime": {"datetime": "2024-06-13 19:33:56", "elapsed": 7.192091, "delta": 0.004985}}
{"target": -287.85955114653325, "params": {"gamma": 1.6572311251158391, "lr": 0.22057551351544413}, "datetime": {"datetime": "2024-06-13 19:33:56", "elapsed": 7.197077, "delta": 0.004986}}
{"target": -426.5425492031329, "params": {"gamma": 2.115461976224172, "lr": 0.07604769057476157}, "datetime": {"datetime": "2024-06-13 19:33:56", "elapsed": 7.201067, "delta": 0.00399}}
{"target": -376.1400568111947, "params": {"gamma": 3.6497120765361126, "lr": 0.28473402479064247}, "datetime": {"datetime": "2024-06-13 19:33:56", "elapsed": 7.206053, "delta": 0.004986}}
{"target": -732.0318904979694, "params": {"gamma": 8.876000332641663, "lr": 0.780259609956419}, "datetime": {"datetime": "2024-06-13 19:33:56", "elapsed": 7.211041, "delta": 0.004988}}
{"target": -109.1779437926788, "params": {"gamma": 1.09154050351661, "lr": 0.8505034953674093}, "datetime": {"datetime": "2024-06-13 19:33:56", "elapsed": 7.215029, "delta": 0.003988}}
{"target": -111.76832104203062, "params": {"gamma": 1.0968764704846565, "lr": 0.7202077467752445}, "datetime": {"datetime": "2024-06-13 19:33:56", "elapsed": 7.222011, "delta": 0.006982}}
{"target": -1121.2448181651857, "params": {"gamma": 5.728670154913063, "lr": 0.08680838426747961}, "datetime": {"datetime": "2024-06-13 19:33:56", "elapsed": 7.226997, "delta": 0.004986}}
{"target": -754.9226450630347, "params": {"gamma": 9.053375032737591, "lr": 0.8745665148853765}, "datetime": {"datetime": "2024-06-13 19:33:56", "elapsed": 7.231984, "delta": 0.004987}}
{"target": -674.1818711861208, "params": {"gamma": 8.438673461887907, "lr": 0.3695673551173151}, "datetime": {"datetime": "2024-06-13 19:33:56", "elapsed": 7.235973, "delta": 0.003989}}
{"target": -198.33127420975958, "params": {"gamma": 2.2302911723421603, "lr": 0.9971116548587963}, "datetime": {"datetime": "2024-06-13 19:33:56", "elapsed": 7.24096, "delta": 0.004987}}
{"target": -1595.3914392073884, "params": {"gamma": 8.17356631642956, "lr": 0.042128160628106315}, "datetime": {"datetime": "2024-06-13 19:33:56", "elapsed": 7.244949, "delta": 0.003989}}
{"target": -305.4966628477631, "params": {"gamma": 3.733405500770418, "lr": 0.8121869757489847}, "datetime": {"datetime": "2024-06-13 19:33:56", "elapsed": 7.249935, "delta": 0.004986}}
{"target": -852.0131018336448, "params": {"gamma": 5.284318582532073, "lr": 0.24713082560012845}, "datetime": {"datetime": "2024-06-13 19:33:56", "elapsed": 7.253927, "delta": 0.003992}}
{"target": -785.4733458466706, "params": {"gamma": 7.9290864165444885, "lr": 0.2617510439444676}, "datetime": {"datetime": "2024-06-13 19:33:56", "elapsed": 7.258912, "delta": 0.004985}}
{"target": -148.1832110723764, "params": {"gamma": 0.00498340216746315, "lr": 0.23131891895573253}, "datetime": {"datetime": "2024-06-13 19:33:56", "elapsed": 7.263899, "delta": 0.004987}}
{"target": -821.5118155190248, "params": {"gamma": 9.933709519335848, "lr": 0.6562008343421062}, "datetime": {"datetime": "2024-06-13 19:33:56", "elapsed": 7.267888, "delta": 0.003989}}
{"target": -188.7339441729611, "params": {"gamma": 2.20746055274965, "lr": 0.6861397019787449}, "datetime": {"datetime": "2024-06-13 19:33:56", "elapsed": 7.272875, "delta": 0.004987}}
{"target": -570.35779339526, "params": {"gamma": 6.8696820453199665, "lr": 0.640742769936858}, "datetime": {"datetime": "2024-06-13 19:33:56", "elapsed": 7.277861, "delta": 0.004986}}
{"target": -154.23861645536826, "params": {"gamma": 0.7064146187020427, "lr": 0.2429641169892971}, "datetime": {"datetime": "2024-06-13 19:33:56", "elapsed": 7.28185, "delta": 0.003989}}
{"target": -724.7216489632382, "params": {"gamma": 8.708501091076558, "lr": 0.7347408193015217}, "datetime": {"datetime": "2024-06-13 19:33:56", "elapsed": 7.286838, "delta": 0.004988}}
{"target": -181.93563977787147, "params": {"gamma": 1.6789922438348501, "lr": 0.29858946127654595}, "datetime": {"datetime": "2024-06-13 19:33:56", "elapsed": 7.290827, "delta": 0.003989}}
{"target": -457.51512869111696, "params": {"gamma": 5.627657565327734, "lr": 0.826445766022829}, "datetime": {"datetime": "2024-06-13 19:33:56", "elapsed": 7.295813, "delta": 0.004986}}
{"target": -406.03647814718903, "params": {"gamma": 2.0059625473387035, "lr": 0.10166529365348886}, "datetime": {"datetime": "2024-06-13 19:33:56", "elapsed": 7.3008, "delta": 0.004987}}
{"target": -329.3466149610817, "params": {"gamma": 3.8193070270168987, "lr": 0.912353469252759}, "datetime": {"datetime": "2024-06-13 19:33:56", "elapsed": 7.304789, "delta": 0.003989}}
{"target": -519.2177114534157, "params": {"gamma": 2.605874679054985, "lr": 0.10830435271308025}, "datetime": {"datetime": "2024-06-13 19:33:56", "elapsed": 7.309776, "delta": 0.004987}}
{"target": -107.40703982919246, "params": {"gamma": 0.56037370979255, "lr": 0.3516705558700568}, "datetime": {"datetime": "2024-06-13 19:33:56", "elapsed": 7.313765, "delta": 0.003989}}
{"target": -99.24754339593463, "params": {"gamma": 0.37723182573995767, "lr": 0.583033921230445}, "datetime": {"datetime": "2024-06-13 19:33:56", "elapsed": 7.318752, "delta": 0.004987}}
{"target": -507.6628055683927, "params": {"gamma": 6.725895546392632, "lr": 0.46048358998473815}, "datetime": {"datetime": "2024-06-13 19:33:56", "elapsed": 7.322741, "delta": 0.003989}}
{"target": -573.0987967498666, "params": {"gamma": 7.411427420391562, "lr": 0.5010249644140818}, "datetime": {"datetime": "2024-06-13 19:33:56", "elapsed": 7.327728, "delta": 0.004987}}
{"target": -1130.1000000663732, "params": {"gamma": 7.023823855740785, "lr": 0.2306409059229675}, "datetime": {"datetime": "2024-06-13 19:33:56", "elapsed": 7.332715, "delta": 0.004987}}
{"target": -575.7524888263466, "params": {"gamma": 7.446379482205204, "lr": 0.5016372020053996}, "datetime": {"datetime": "2024-06-13 19:33:56", "elapsed": 7.336704, "delta": 0.003989}}
{"target": -531.8956515688196, "params": {"gamma": 7.053982930260369, "lr": 0.44669779031638923}, "datetime": {"datetime": "2024-06-13 19:33:56", "elapsed": 7.341691, "delta": 0.004987}}
{"target": -991.6732397670055, "params": {"gamma": 5.059900155144239, "lr": 0.04153518297857339}, "datetime": {"datetime": "2024-06-13 19:33:56", "elapsed": 7.346677, "delta": 0.004986}}
{"target": -807.6010481665234, "params": {"gamma": 4.893603596752043, "lr": 0.14228750219732444}, "datetime": {"datetime": "2024-06-13 19:33:56", "elapsed": 7.350667, "delta": 0.00399}}
{"target": -136.7744555800466, "params": {"gamma": 1.425815973998472, "lr": 0.43335040255954493}, "datetime": {"datetime": "2024-06-13 19:33:56", "elapsed": 7.355654, "delta": 0.004987}}
{"target": -467.1252350521012, "params": {"gamma": 5.762571683469249, "lr": 0.343048695191552}, "datetime": {"datetime": "2024-06-13 19:33:56", "elapsed": 7.359643, "delta": 0.003989}}
{"target": -147.82946908573993, "params": {"gamma": 1.6057554110518168, "lr": 0.7414104169799515}, "datetime": {"datetime": "2024-06-13 19:33:56", "elapsed": 7.364629, "delta": 0.004986}}
{"target": -800.8106199714583, "params": {"gamma": 9.630952636256579, "lr": 0.7336422859505056}, "datetime": {"datetime": "2024-06-13 19:33:56", "elapsed": 7.368618, "delta": 0.003989}}
{"target": -93.21694025006923, "params": {"gamma": 0.7715652507427674, "lr": 0.8409081581252351}, "datetime": {"datetime": "2024-06-13 19:33:56", "elapsed": 7.373605, "delta": 0.004987}}
{"target": -104.7594550842797, "params": {"gamma": 0.6760729900832833, "lr": 0.4363120485992489}, "datetime": {"datetime": "2024-06-13 19:33:56", "elapsed": 7.378592, "delta": 0.004987}}
{"target": -915.9806323671955, "params": {"gamma": 9.288699130413471, "lr": 0.26318010363654454}, "datetime": {"datetime": "2024-06-13 19:33:56", "elapsed": 7.382581, "delta": 0.003989}}
{"target": -123.11869088852632, "params": {"gamma": 1.2804037657560603, "lr": 0.7622387720608016}, "datetime": {"datetime": "2024-06-13 19:33:56", "elapsed": 7.387569, "delta": 0.004988}}
{"target": -828.2395286081257, "params": {"gamma": 9.286152605869912, "lr": 0.32576842070431766}, "datetime": {"datetime": "2024-06-13 19:33:56", "elapsed": 7.392445, "delta": 0.004876}}
{"target": -322.6880610925546, "params": {"gamma": 2.3253485203555204, "lr": 0.1824854764117131}, "datetime": {"datetime": "2024-06-13 19:33:56", "elapsed": 7.397432, "delta": 0.004987}}
{"target": -756.2258509633248, "params": {"gamma": 9.632391991118075, "lr": 0.5766346346502746}, "datetime": {"datetime": "2024-06-13 19:33:56", "elapsed": 7.401421, "delta": 0.003989}}
{"target": -768.992218207839, "params": {"gamma": 8.601017631330931, "lr": 0.3083449860518661}, "datetime": {"datetime": "2024-06-13 19:33:56", "elapsed": 7.406408, "delta": 0.004987}}
{"target": -100.49837198094846, "params": {"gamma": 0.5653078671540508, "lr": 0.45380418511530174}, "datetime": {"datetime": "2024-06-13 19:33:56", "elapsed": 7.411394, "delta": 0.004986}}
{"target": -174.83799129150347, "params": {"gamma": 2.0718938489778145, "lr": 0.5189836643290452}, "datetime": {"datetime": "2024-06-13 19:33:56", "elapsed": 7.416381, "delta": 0.004987}}
{"target": -490.81192454957846, "params": {"gamma": 5.3803383685417385, "lr": 0.2942882172433129}, "datetime": {"datetime": "2024-06-13 19:33:56", "elapsed": 7.42037, "delta": 0.003989}}
{"target": -608.8024113529682, "params": {"gamma": 3.0752313679559293, "lr": 0.024173672214832798}, "datetime": {"datetime": "2024-06-13 19:33:56", "elapsed": 7.425357, "delta": 0.004987}}
{"target": -389.8458708790929, "params": {"gamma": 4.204599737289876, "lr": 0.3236894136587639}, "datetime": {"datetime": "2024-06-13 19:33:56", "elapsed": 7.430343, "delta": 0.004986}}
{"target": -517.854184097265, "params": {"gamma": 6.1952817624864025, "lr": 0.8597630666919952}, "datetime": {"datetime": "2024-06-13 19:33:56", "elapsed": 7.434333, "delta": 0.00399}}
{"target": -965.9229508584124, "params": {"gamma": 4.926911767488365, "lr": 0.0827082980318894}, "datetime": {"datetime": "2024-06-13 19:33:57", "elapsed": 7.43932, "delta": 0.004987}}
{"target": -754.9548035460232, "params": {"gamma": 9.334871102884591, "lr": 0.8083269668547564}, "datetime": {"datetime": "2024-06-13 19:33:57", "elapsed": 7.444306, "delta": 0.004986}}
{"target": -343.0966475548857, "params": {"gamma": 3.6558227125345977, "lr": 0.3307289110251447}, "datetime": {"datetime": "2024-06-13 19:33:57", "elapsed": 7.448296, "delta": 0.00399}}
{"target": -747.0547847356117, "params": {"gamma": 9.379402853367585, "lr": 0.37489434056111615}, "datetime": {"datetime": "2024-06-13 19:33:57", "elapsed": 7.453283, "delta": 0.004987}}
{"target": -544.0863316570241, "params": {"gamma": 6.358386384013082, "lr": 0.9853443380985734}, "datetime": {"datetime": "2024-06-13 19:33:57", "elapsed": 7.458269, "delta": 0.004986}}
{"target": -116.76665728766164, "params": {"gamma": 0.36836090554034395, "lr": 0.3146309781487783}, "datetime": {"datetime": "2024-06-13 19:33:57", "elapsed": 7.462258, "delta": 0.003989}}
{"target": -204.9734065940255, "params": {"gamma": 2.313125983692789, "lr": 0.9223654191512636}, "datetime": {"datetime": "2024-06-13 19:33:57", "elapsed": 7.467245, "delta": 0.004987}}
{"target": -1079.218378838963, "params": {"gamma": 5.511816168783595, "lr": 0.05371353840991677}, "datetime": {"datetime": "2024-06-13 19:33:57", "elapsed": 7.471235, "delta": 0.00399}}
{"target": -613.6081119029286, "params": {"gamma": 7.552727246484496, "lr": 0.6840838213346168}, "datetime": {"datetime": "2024-06-13 19:33:57", "elapsed": 7.476221, "delta": 0.004986}}
{"target": -566.4726366970125, "params": {"gamma": 6.622078860248277, "lr": 0.9557287749268826}, "datetime": {"datetime": "2024-06-13 19:33:57", "elapsed": 7.481208, "delta": 0.004987}}
{"target": -721.3866014342319, "params": {"gamma": 8.746141385554216, "lr": 0.7532514851657419}, "datetime": {"datetime": "2024-06-13 19:33:57", "elapsed": 7.486194, "delta": 0.004986}}
{"target": -382.7249147155095, "params": {"gamma": 2.2274368777620133, "lr": 0.13801496204321861}, "datetime": {"datetime": "2024-06-13 19:33:57", "elapsed": 7.490184, "delta": 0.00399}}
{"target": -373.22225949326827, "params": {"gamma": 2.2096624750777165, "lr": 0.2055098610936521}, "datetime": {"datetime": "2024-06-13 19:33:57", "elapsed": 7.49517, "delta": 0.004986}}
{"target": -472.9725238279911, "params": {"gamma": 5.680077493599765, "lr": 0.6630438231677197}, "datetime": {"datetime": "2024-06-13 19:33:57", "elapsed": 7.500157, "delta": 0.004987}}
{"target": -1033.2670324627306, "params": {"gamma": 5.274647786496121, "lr": 0.05634939173447451}, "datetime": {"datetime": "2024-06-13 19:33:57", "elapsed": 7.504147, "delta": 0.00399}}
