{"target": -201.3307586284274, "params": {"gamma": 4.371801524592517, "prior": 9.310290067062997, "rate": 5.796563374104747}, "datetime": {"datetime": "2024-06-14 18:10:43", "elapsed": 14.948959, "delta": 0.009972}}
{"target": -136.04987398269716, "params": {"gamma": 0.4919257168276211, "prior": 4.583327245754565, "rate": 1.6048400632304824}, "datetime": {"datetime": "2024-06-14 18:10:43", "elapsed": 14.958933, "delta": 0.009974}}
{"target": -307.0259859055456, "params": {"gamma": 7.3285116447675644, "prior": 3.5387914125136177, "rate": 2.0125752194218203}, "datetime": {"datetime": "2024-06-14 18:10:43", "elapsed": 14.968906, "delta": 0.009973}}
{"target": -341.7631870109028, "params": {"gamma": 8.428037552609165, "prior": 8.196183684842598, "rate": 3.4371232618649366}, "datetime": {"datetime": "2024-06-14 18:10:43", "elapsed": 14.978879, "delta": 0.009973}}
{"target": -201.87766128151657, "params": {"gamma": 4.036824289622301, "prior": 0.6999381207727932, "rate": 1.789668289049935}, "datetime": {"datetime": "2024-06-14 18:10:43", "elapsed": 14.987856, "delta": 0.008977}}
{"target": -321.09271838055855, "params": {"gamma": 7.359452519624915, "prior": 5.704690450059553, "rate": 8.232546464042965}, "datetime": {"datetime": "2024-06-14 18:10:43", "elapsed": 14.997829, "delta": 0.009973}}
{"target": -223.76323303800942, "params": {"gamma": 5.011999831149711, "prior": 7.70183791518716, "rate": 5.099670086770199}, "datetime": {"datetime": "2024-06-14 18:10:43", "elapsed": 15.007802, "delta": 0.009973}}
{"target": -264.49998373414866, "params": {"gamma": 5.681122236748865, "prior": 1.9277178465421385, "rate": 5.444465844143353}, "datetime": {"datetime": "2024-06-14 18:10:43", "elapsed": 15.017775, "delta": 0.009973}}
{"target": -141.42064250881296, "params": {"gamma": 2.0111304539680037, "prior": 5.606569803760094, "rate": 1.4152709353449207}, "datetime": {"datetime": "2024-06-14 18:10:43", "elapsed": 15.027749, "delta": 0.009974}}
{"target": -143.97841583485211, "params": {"gamma": 1.860913882924621, "prior": 7.671361205911481, "rate": 0.7097917708485983}, "datetime": {"datetime": "2024-06-14 18:10:43", "elapsed": 15.037722, "delta": 0.009973}}
{"target": -180.47088206105067, "params": {"gamma": 3.693767142270499, "prior": 8.790992387293622, "rate": 1.0442696607468924}, "datetime": {"datetime": "2024-06-14 18:10:43", "elapsed": 15.047695, "delta": 0.009973}}
{"target": -190.43251263612555, "params": {"gamma": 3.592172999392244, "prior": 1.2282076392222137, "rate": 8.765531034947044}, "datetime": {"datetime": "2024-06-14 18:10:43", "elapsed": 15.057669, "delta": 0.009974}}
{"target": -129.72183757172797, "params": {"gamma": 1.2632448916905008, "prior": 2.6200995276429606, "rate": 4.219641618837235}, "datetime": {"datetime": "2024-06-14 18:10:43", "elapsed": 15.067642, "delta": 0.009973}}
{"target": -282.66526145300975, "params": {"gamma": 6.652894921984129, "prior": 3.5125825645272064, "rate": 2.135803151301911}, "datetime": {"datetime": "2024-06-14 18:10:43", "elapsed": 15.077615, "delta": 0.009973}}
{"target": -187.84774853925666, "params": {"gamma": 3.734477672558837, "prior": 5.753143799030497, "rate": 9.907522742580955}, "datetime": {"datetime": "2024-06-14 18:10:43", "elapsed": 15.086591, "delta": 0.008976}}
{"target": -173.67301442032002, "params": {"gamma": 3.2723245929378826, "prior": 3.685813030171733, "rate": 7.062646301466503}, "datetime": {"datetime": "2024-06-14 18:10:43", "elapsed": 15.096565, "delta": 0.009974}}
{"target": -167.47132887497733, "params": {"gamma": 2.9900579784113206, "prior": 3.5620371383838085, "rate": 9.947082647057805}, "datetime": {"datetime": "2024-06-14 18:10:43", "elapsed": 15.106538, "delta": 0.009973}}
{"target": -249.90005403474026, "params": {"gamma": 6.043069520448973, "prior": 8.305226870877545, "rate": 0.3176252391757072}, "datetime": {"datetime": "2024-06-14 18:10:43", "elapsed": 15.116512, "delta": 0.009974}}
{"target": -131.73476271010117, "params": {"gamma": 1.4557567070423627, "prior": 7.304510112747834, "rate": 5.397899711964559}, "datetime": {"datetime": "2024-06-14 18:10:43", "elapsed": 15.126485, "delta": 0.009973}}
{"target": -415.1981598563452, "params": {"gamma": 9.952649800093342, "prior": 5.00673362856301, "rate": 3.8416545812104723}, "datetime": {"datetime": "2024-06-14 18:10:43", "elapsed": 15.135461, "delta": 0.008976}}
{"target": -137.85926636146175, "params": {"gamma": 1.9445456383363844, "prior": 5.942647801204246, "rate": 7.666485240265026}, "datetime": {"datetime": "2024-06-14 18:10:43", "elapsed": 15.145434, "delta": 0.009973}}
{"target": -338.81913731000105, "params": {"gamma": 9.244467433023058, "prior": 1.462495679977994, "rate": 0.08189114312752561}, "datetime": {"datetime": "2024-06-14 18:10:43", "elapsed": 15.155407, "delta": 0.009973}}
{"target": -231.18258142323614, "params": {"gamma": 4.780126931726139, "prior": 1.9111811039435311, "rate": 6.103775776452777}, "datetime": {"datetime": "2024-06-14 18:10:43", "elapsed": 15.165381, "delta": 0.009974}}
{"target": -277.6302345134837, "params": {"gamma": 6.203072776459787, "prior": 4.1553388322066995, "rate": 6.772375433611433}, "datetime": {"datetime": "2024-06-14 18:10:43", "elapsed": 15.175354, "delta": 0.009973}}
{"target": -147.5962892828988, "params": {"gamma": 1.997506020536704, "prior": 8.104961606799353, "rate": 0.5043465023721727}, "datetime": {"datetime": "2024-06-14 18:10:43", "elapsed": 15.185327, "delta": 0.009973}}
{"target": -134.1869987044851, "params": {"gamma": 1.7194467246754197, "prior": 9.807962958788716, "rate": 9.003871416888757}, "datetime": {"datetime": "2024-06-14 18:10:43", "elapsed": 15.195301, "delta": 0.009974}}
{"target": -382.3801457847284, "params": {"gamma": 9.397350482215943, "prior": 9.093598504119935, "rate": 4.414730582333611}, "datetime": {"datetime": "2024-06-14 18:10:43", "elapsed": 15.205274, "delta": 0.009973}}
{"target": -356.36594430666355, "params": {"gamma": 9.38810223223617, "prior": 2.450393284380015, "rate": 0.4960936050759842}, "datetime": {"datetime": "2024-06-14 18:10:43", "elapsed": 15.214872, "delta": 0.009598}}
{"target": -253.81099478782664, "params": {"gamma": 5.573083480654817, "prior": 3.2018703277326415, "rate": 5.321241086655658}, "datetime": {"datetime": "2024-06-14 18:10:43", "elapsed": 15.224846, "delta": 0.009974}}
{"target": -218.39574244337834, "params": {"gamma": 4.716614085966288, "prior": 4.883010854206279, "rate": 5.701205216020305}, "datetime": {"datetime": "2024-06-14 18:10:43", "elapsed": 15.234819, "delta": 0.009973}}
{"target": -410.2271503246013, "params": {"gamma": 9.234499334273318, "prior": 2.4383056862365993, "rate": 8.76092541084365}, "datetime": {"datetime": "2024-06-14 18:10:43", "elapsed": 15.244792, "delta": 0.009973}}
{"target": -334.6339808803322, "params": {"gamma": 7.338620497153172, "prior": 0.8841865537306981, "rate": 8.35403947254459}, "datetime": {"datetime": "2024-06-14 18:10:43", "elapsed": 15.254304, "delta": 0.009512}}
{"target": -199.86096076982875, "params": {"gamma": 3.977042541433784, "prior": 3.4238072872295295, "rate": 0.004929638918432948}, "datetime": {"datetime": "2024-06-14 18:10:43", "elapsed": 15.264277, "delta": 0.009973}}
{"target": -148.42491710536794, "params": {"gamma": 2.4588060546759145, "prior": 6.91066886368868, "rate": 8.511875178501727}, "datetime": {"datetime": "2024-06-14 18:10:43", "elapsed": 15.274251, "delta": 0.009974}}
{"target": -146.61924576940874, "params": {"gamma": 2.411253644225826, "prior": 3.772303728049094, "rate": 1.5050829543145978}, "datetime": {"datetime": "2024-06-14 18:10:43", "elapsed": 15.284224, "delta": 0.009973}}
{"target": -342.82357369467525, "params": {"gamma": 8.035198140908488, "prior": 7.198534861704508, "rate": 7.005081395607865}, "datetime": {"datetime": "2024-06-14 18:10:43", "elapsed": 15.294199, "delta": 0.009975}}
{"target": -294.31893132178334, "params": {"gamma": 6.788866386536979, "prior": 8.931245540448607, "rate": 8.830426892992689}, "datetime": {"datetime": "2024-06-14 18:10:43", "elapsed": 15.304171, "delta": 0.009972}}
{"target": -277.42767040452503, "params": {"gamma": 6.254053116944359, "prior": 2.9589059326949623, "rate": 4.031624750430216}, "datetime": {"datetime": "2024-06-14 18:10:43", "elapsed": 15.314144, "delta": 0.009973}}
{"target": -137.82588751557532, "params": {"gamma": 0.29054354730172277, "prior": 9.173191738621183, "rate": 6.874789890986447}, "datetime": {"datetime": "2024-06-14 18:10:43", "elapsed": 15.324117, "delta": 0.009973}}
{"target": -401.4111883913422, "params": {"gamma": 9.08180006447146, "prior": 3.0906626574741516, "rate": 9.448319713154849}, "datetime": {"datetime": "2024-06-14 18:10:43", "elapsed": 15.334091, "delta": 0.009974}}
{"target": -333.6394965254819, "params": {"gamma": 8.640447686233587, "prior": 8.871526314972696, "rate": 0.0024131607540603924}, "datetime": {"datetime": "2024-06-14 18:10:43", "elapsed": 15.344065, "delta": 0.009974}}
{"target": -196.7939481536699, "params": {"gamma": 3.773024949034168, "prior": 1.311020393599276, "rate": 9.328146256783993}, "datetime": {"datetime": "2024-06-14 18:10:43", "elapsed": 15.354037, "delta": 0.009972}}
{"target": -232.01800634657144, "params": {"gamma": 5.137558817898313, "prior": 4.94443049292636, "rate": 4.869724747174828}, "datetime": {"datetime": "2024-06-14 18:10:43", "elapsed": 15.364011, "delta": 0.009974}}
{"target": -258.8059521716124, "params": {"gamma": 5.703348718331128, "prior": 5.490624347569382, "rate": 9.171191497772435}, "datetime": {"datetime": "2024-06-14 18:10:43", "elapsed": 15.372987, "delta": 0.008976}}
{"target": -356.74732095820735, "params": {"gamma": 8.843961080725371, "prior": 7.858820667021336, "rate": 3.227950630409935}, "datetime": {"datetime": "2024-06-14 18:10:43", "elapsed": 15.38296, "delta": 0.009973}}
{"target": -356.6512443805947, "params": {"gamma": 7.8445897782918435, "prior": 1.537336203606739, "rate": 8.602401775503456}, "datetime": {"datetime": "2024-06-14 18:10:43", "elapsed": 15.392933, "delta": 0.009973}}
{"target": -325.5797254692761, "params": {"gamma": 7.730224416470844, "prior": 7.782074642130607, "rate": 5.287458244919481}, "datetime": {"datetime": "2024-06-14 18:10:43", "elapsed": 15.402907, "delta": 0.009974}}
{"target": -221.38498996561685, "params": {"gamma": 4.502403481540989, "prior": 2.3436517776557912, "rate": 8.086973092518448}, "datetime": {"datetime": "2024-06-14 18:10:43", "elapsed": 15.41288, "delta": 0.009973}}
{"target": -414.0654528793054, "params": {"gamma": 9.659325036522198, "prior": 5.480966524783521, "rate": 9.022172363016855}, "datetime": {"datetime": "2024-06-14 18:10:43", "elapsed": 15.422854, "delta": 0.009974}}
{"target": -155.57094169265207, "params": {"gamma": 2.824222069304223, "prior": 5.225776988360308, "rate": 3.282297731662208}, "datetime": {"datetime": "2024-06-14 18:10:43", "elapsed": 15.432827, "delta": 0.009973}}
{"target": -432.64603146700847, "params": {"gamma": 9.918019790908655, "prior": 2.5781348530454977, "rate": 6.7878761196273985}, "datetime": {"datetime": "2024-06-14 18:10:43", "elapsed": 15.442801, "delta": 0.009974}}
{"target": -337.52845768893263, "params": {"gamma": 7.642256587918056, "prior": 0.41904372335207496, "rate": 9.822730012274928}, "datetime": {"datetime": "2024-06-14 18:10:43", "elapsed": 15.451776, "delta": 0.008975}}
{"target": -134.08645386484739, "params": {"gamma": 0.914136075297375, "prior": 6.179340836196217, "rate": 1.4943587574456791}, "datetime": {"datetime": "2024-06-14 18:10:43", "elapsed": 15.461749, "delta": 0.009973}}
{"target": -250.49115155992752, "params": {"gamma": 5.208444170554118, "prior": 1.0241164266430445, "rate": 7.812223199457574}, "datetime": {"datetime": "2024-06-14 18:10:43", "elapsed": 15.471723, "delta": 0.009974}}
{"target": -299.74310280104777, "params": {"gamma": 7.729537241828221, "prior": 6.02167277279802, "rate": 0.1464186524360543}, "datetime": {"datetime": "2024-06-14 18:10:43", "elapsed": 15.481696, "delta": 0.009973}}
{"target": -133.08560447985303, "params": {"gamma": 0.42120018122586705, "prior": 1.891609508368085, "rate": 9.720334679149751}, "datetime": {"datetime": "2024-06-14 18:10:43", "elapsed": 15.492479, "delta": 0.010783}}
{"target": -149.49102009544734, "params": {"gamma": 2.5467472891170426, "prior": 7.534987376045962, "rate": 2.8130708604490677}, "datetime": {"datetime": "2024-06-14 18:10:43", "elapsed": 15.501455, "delta": 0.008976}}
{"target": -150.40903880263227, "params": {"gamma": 2.555930656746099, "prior": 2.6528509861883998, "rate": 2.971232902105741}, "datetime": {"datetime": "2024-06-14 18:10:43", "elapsed": 15.511428, "delta": 0.009973}}
{"target": -142.56380982847156, "params": {"gamma": 0.0904371047664351, "prior": 9.873044202472457, "rate": 5.6650398975873095}, "datetime": {"datetime": "2024-06-14 18:10:43", "elapsed": 15.521401, "delta": 0.009973}}
{"target": -245.34106086757083, "params": {"gamma": 6.018822270456636, "prior": 5.428774701508513, "rate": 0.4393316428380598}, "datetime": {"datetime": "2024-06-14 18:10:43", "elapsed": 15.531375, "delta": 0.009974}}
{"target": -218.9315463530711, "params": {"gamma": 4.715733368498675, "prior": 5.44279736196503, "rate": 6.729884951727836}, "datetime": {"datetime": "2024-06-14 18:10:43", "elapsed": 15.541348, "delta": 0.009973}}
{"target": -254.9528556400682, "params": {"gamma": 5.342145859164941, "prior": 0.6452158589676233, "rate": 6.20136980037383}, "datetime": {"datetime": "2024-06-14 18:10:43", "elapsed": 15.551321, "delta": 0.009973}}
{"target": -261.95401701382605, "params": {"gamma": 5.812170852564193, "prior": 5.501403625658926, "rate": 8.432969520852312}, "datetime": {"datetime": "2024-06-14 18:10:43", "elapsed": 15.561295, "delta": 0.009974}}
{"target": -199.7475041954032, "params": {"gamma": 4.4744202102791135, "prior": 6.075297918451513, "rate": 1.2370052511020126}, "datetime": {"datetime": "2024-06-14 18:10:43", "elapsed": 15.571268, "delta": 0.009973}}
{"target": -160.97719076969278, "params": {"gamma": 2.524540150676985, "prior": 8.518507824967577, "rate": 0.16322740050218212}, "datetime": {"datetime": "2024-06-14 18:10:43", "elapsed": 15.581241, "delta": 0.009973}}
{"target": -135.7500963616524, "params": {"gamma": 1.563353530050915, "prior": 8.251511250120657, "rate": 2.2941474771120194}, "datetime": {"datetime": "2024-06-14 18:10:43", "elapsed": 15.591215, "delta": 0.009974}}
{"target": -152.1649166327105, "params": {"gamma": 2.5926903584258394, "prior": 7.0378270060594685, "rate": 9.665286266010238}, "datetime": {"datetime": "2024-06-14 18:10:43", "elapsed": 15.600191, "delta": 0.008976}}
{"target": -142.40655112476838, "params": {"gamma": 1.9835999198248373, "prior": 7.500223150149078, "rate": 1.4059219435725394}, "datetime": {"datetime": "2024-06-14 18:10:43", "elapsed": 15.610164, "delta": 0.009973}}
{"target": -194.82806984506948, "params": {"gamma": 3.8255932152218004, "prior": 3.3005635888934934, "rate": 8.837971404321385}, "datetime": {"datetime": "2024-06-14 18:10:43", "elapsed": 15.620137, "delta": 0.009973}}
{"target": -261.4434202592688, "params": {"gamma": 6.554158581010341, "prior": 3.4023960640121804, "rate": 0.2170579835200867}, "datetime": {"datetime": "2024-06-14 18:10:43", "elapsed": 15.630111, "delta": 0.009974}}
{"target": -179.05723511534904, "params": {"gamma": 3.690717582622661, "prior": 9.724588651254853, "rate": 5.291461768734136}, "datetime": {"datetime": "2024-06-14 18:10:43", "elapsed": 15.640084, "delta": 0.009973}}
{"target": -322.26893895297167, "params": {"gamma": 7.42170608723287, "prior": 3.5193494852507885, "rate": 4.606438063386967}, "datetime": {"datetime": "2024-06-14 18:10:43", "elapsed": 15.650057, "delta": 0.009973}}
{"target": -141.13791895442043, "params": {"gamma": 2.1171453464815797, "prior": 8.385901328359125, "rate": 3.5987287851418053}, "datetime": {"datetime": "2024-06-14 18:10:43", "elapsed": 15.660031, "delta": 0.009974}}
{"target": -138.41209097725778, "params": {"gamma": 0.37184424137389627, "prior": 6.920992980908198, "rate": 1.5587330522055973}, "datetime": {"datetime": "2024-06-14 18:10:43", "elapsed": 15.670004, "delta": 0.009973}}
{"target": -351.12297776103895, "params": {"gamma": 7.98771294193551, "prior": 0.2510982809907867, "rate": 5.856645849985007}, "datetime": {"datetime": "2024-06-14 18:10:43", "elapsed": 15.679978, "delta": 0.009974}}
{"target": -213.82603330538817, "params": {"gamma": 4.955667253979119, "prior": 9.974871164209066, "rate": 1.344572993526239}, "datetime": {"datetime": "2024-06-14 18:10:43", "elapsed": 15.688953, "delta": 0.008975}}
{"target": -297.2939233850325, "params": {"gamma": 6.725864268561899, "prior": 1.0399602054672268, "rate": 1.6185223747759032}, "datetime": {"datetime": "2024-06-14 18:10:43", "elapsed": 15.698927, "delta": 0.009974}}
{"target": -385.70310155740555, "params": {"gamma": 9.883324584988317, "prior": 8.085984167867757, "rate": 2.447158246382357}, "datetime": {"datetime": "2024-06-14 18:10:43", "elapsed": 15.708901, "delta": 0.009974}}
{"target": -378.51538520754485, "params": {"gamma": 8.46315815656222, "prior": 0.45244256444577213, "rate": 5.356534904767137}, "datetime": {"datetime": "2024-06-14 18:10:43", "elapsed": 15.719871, "delta": 0.01097}}
{"target": -131.13184583973072, "params": {"gamma": 0.9156560813263981, "prior": 9.711966099756669, "rate": 5.8314262663101335}, "datetime": {"datetime": "2024-06-14 18:10:43", "elapsed": 15.729844, "delta": 0.009973}}
{"target": -258.8442358069291, "params": {"gamma": 5.557857005100962, "prior": 3.2479334229382575, "rate": 8.499195516950698}, "datetime": {"datetime": "2024-06-14 18:10:43", "elapsed": 15.739818, "delta": 0.009974}}
{"target": -254.29775043423987, "params": {"gamma": 5.302014980143714, "prior": 0.26927241910209526, "rate": 1.849764010582726}, "datetime": {"datetime": "2024-06-14 18:10:43", "elapsed": 15.752786, "delta": 0.012968}}
{"target": -214.46167781698003, "params": {"gamma": 4.335249630012873, "prior": 0.8917664699406374, "rate": 2.807294876301211}, "datetime": {"datetime": "2024-06-14 18:10:43", "elapsed": 15.765752, "delta": 0.012966}}
{"target": -156.01688644518183, "params": {"gamma": 2.50470246829456, "prior": 0.10602555886107112, "rate": 6.929160306974375}, "datetime": {"datetime": "2024-06-14 18:10:43", "elapsed": 15.776723, "delta": 0.010971}}
{"target": -331.9130881006142, "params": {"gamma": 7.739122475175086, "prior": 8.221458050411275, "rate": 8.516444514251624}, "datetime": {"datetime": "2024-06-14 18:10:43", "elapsed": 15.786696, "delta": 0.009973}}
{"target": -132.2305711799623, "params": {"gamma": 1.516097284927453, "prior": 8.911362720684613, "rate": 6.582470685255508}, "datetime": {"datetime": "2024-06-14 18:10:44", "elapsed": 15.797667, "delta": 0.010971}}
{"target": -307.2221096457376, "params": {"gamma": 6.961640494479081, "prior": 5.684309475667977, "rate": 9.396880301472725}, "datetime": {"datetime": "2024-06-14 18:10:44", "elapsed": 15.80764, "delta": 0.009973}}
{"target": -148.4332289810821, "params": {"gamma": 2.5192185879677065, "prior": 7.8901544088551026, "rate": 4.953089405221723}, "datetime": {"datetime": "2024-06-14 18:10:44", "elapsed": 15.81861, "delta": 0.01097}}
{"target": -329.2397580134117, "params": {"gamma": 8.909111167255265, "prior": 2.834367028962495, "rate": 0.15345384499933612}, "datetime": {"datetime": "2024-06-14 18:10:44", "elapsed": 15.828584, "delta": 0.009974}}
{"target": -132.50367336642975, "params": {"gamma": 0.6498451553396644, "prior": 9.006387353591512, "rate": 6.411861082231753}, "datetime": {"datetime": "2024-06-14 18:10:44", "elapsed": 15.838557, "delta": 0.009973}}
{"target": -315.4357746370798, "params": {"gamma": 7.302956948346961, "prior": 5.093180874926231, "rate": 5.5761884295247635}, "datetime": {"datetime": "2024-06-14 18:10:44", "elapsed": 15.855512, "delta": 0.016955}}
{"target": -180.40281831616124, "params": {"gamma": 3.6395809320717802, "prior": 7.848092917900229, "rate": 7.568895646824035}, "datetime": {"datetime": "2024-06-14 18:10:44", "elapsed": 15.866483, "delta": 0.010971}}
{"target": -299.8560054014428, "params": {"gamma": 7.000361363341032, "prior": 9.622734907924354, "rate": 7.688614872456184}, "datetime": {"datetime": "2024-06-14 18:10:44", "elapsed": 15.876456, "delta": 0.009973}}
{"target": -413.0060666615151, "params": {"gamma": 9.779247988847397, "prior": 5.943736851967249, "rate": 6.192971647774601}, "datetime": {"datetime": "2024-06-14 18:10:44", "elapsed": 15.886429, "delta": 0.009973}}
{"target": -255.42172293981096, "params": {"gamma": 6.390893117652819, "prior": 3.331076730816897, "rate": 0.33125715159731645}, "datetime": {"datetime": "2024-06-14 18:10:44", "elapsed": 15.896403, "delta": 0.009974}}
{"target": -299.60640726725734, "params": {"gamma": 7.881975609758543, "prior": 7.130859720793782, "rate": 0.7912378849771072}, "datetime": {"datetime": "2024-06-14 18:10:44", "elapsed": 15.907373, "delta": 0.01097}}
{"target": -131.8934072123583, "params": {"gamma": 1.486669782533265, "prior": 6.894768417542823, "rate": 5.350838735760061}, "datetime": {"datetime": "2024-06-14 18:10:44", "elapsed": 15.917346, "delta": 0.009973}}
{"target": -141.21883753332352, "params": {"gamma": 1.9129532131472144, "prior": 0.6539381737611052, "rate": 6.114511590773306}, "datetime": {"datetime": "2024-06-14 18:10:44", "elapsed": 15.92732, "delta": 0.009974}}
{"target": -131.793891115702, "params": {"gamma": 0.5370626571610718, "prior": 2.2143955883275006, "rate": 5.027124040449976}, "datetime": {"datetime": "2024-06-14 18:10:44", "elapsed": 15.937293, "delta": 0.009973}}
{"target": -138.03967353139157, "params": {"gamma": 0.941217065094407, "prior": 4.1481704960787145, "rate": 0.2021378650325921}, "datetime": {"datetime": "2024-06-14 18:10:44", "elapsed": 15.947266, "delta": 0.009973}}
{"target": -130.97920424586823, "params": {"gamma": 1.1955179943126049, "prior": 9.40661888678996, "rate": 5.589052028891483}, "datetime": {"datetime": "2024-06-14 18:10:44", "elapsed": 15.95724, "delta": 0.009974}}
