{"target": -142.5706129748351, "params": {"gamma": 2.2302911723421603, "prior": 9.971405383102082, "rate": 8.17356631642956}, "datetime": {"datetime": "2024-06-14 18:10:39", "elapsed": 10.990113, "delta": 0.008976}}
{"target": -133.71687474058612, "params": {"gamma": 0.42223947812043505, "prior": 3.7954509908618, "rate": 8.122057570514098}, "datetime": {"datetime": "2024-06-14 18:10:39", "elapsed": 11.000087, "delta": 0.009974}}
{"target": -250.19183275159668, "params": {"gamma": 5.284318582532073, "prior": 2.546595173441272, "rate": 7.9290864165444885}, "datetime": {"datetime": "2024-06-14 18:10:39", "elapsed": 11.01006, "delta": 0.009973}}
{"target": -158.49259395256482, "params": {"gamma": 2.6182486884007314, "prior": 0.10394396254204273, "rate": 2.3139578706383697}, "datetime": {"datetime": "2024-06-14 18:10:39", "elapsed": 11.019035, "delta": 0.008975}}
{"target": -390.9168957266717, "params": {"gamma": 9.933709519335848, "prior": 6.596388259986851, "rate": 2.20746055274965}, "datetime": {"datetime": "2024-06-14 18:10:39", "elapsed": 11.029009, "delta": 0.009974}}
{"target": -296.40744606287177, "params": {"gamma": 6.861710880085471, "prior": 6.900675292396006, "rate": 6.407786956598644}, "datetime": {"datetime": "2024-06-14 18:10:39", "elapsed": 11.037985, "delta": 0.008976}}
{"target": -129.65681556114833, "params": {"gamma": 0.7064146187020427, "prior": 2.5053447581940413, "rate": 8.708501091076558}, "datetime": {"datetime": "2024-06-14 18:10:39", "elapsed": 11.047958, "delta": 0.009973}}
{"target": -322.6574140689428, "params": {"gamma": 7.347673452195916, "prior": 1.761378459242426, "rate": 2.986596023304183}, "datetime": {"datetime": "2024-06-14 18:10:39", "elapsed": 11.056934, "delta": 0.008976}}
{"target": -235.10712028937155, "params": {"gamma": 5.627657565327734, "prior": 8.281813083626007, "rate": 2.0059625473387035}, "datetime": {"datetime": "2024-06-14 18:10:39", "elapsed": 11.066908, "delta": 0.009974}}
{"target": -128.80969349148322, "params": {"gamma": 1.0175512712412351, "prior": 3.8805020069474243, "rate": 9.123622339058336}, "datetime": {"datetime": "2024-06-14 18:10:39", "elapsed": 11.075884, "delta": 0.008976}}
{"target": -150.37761984286394, "params": {"gamma": 2.605874679054985, "prior": 1.1722130918594946, "rate": 0.56037370979255}, "datetime": {"datetime": "2024-06-14 18:10:39", "elapsed": 11.085857, "delta": 0.009973}}
{"target": -187.0627581466663, "params": {"gamma": 3.517353888144698, "prior": 0.47250675815837395, "rate": 5.830756178383219}, "datetime": {"datetime": "2024-06-14 18:10:39", "elapsed": 11.094833, "delta": 0.008976}}
{"target": -297.5638629765123, "params": {"gamma": 6.725895546392632, "prior": 4.658787540848907, "rate": 7.411427420391562}, "datetime": {"datetime": "2024-06-14 18:10:39", "elapsed": 11.104806, "delta": 0.009973}}
{"target": -217.59040024860474, "params": {"gamma": 5.010748619176405, "prior": 7.053290946278004, "rate": 2.307178418323752}, "datetime": {"datetime": "2024-06-14 18:10:39", "elapsed": 11.113782, "delta": 0.008976}}
{"target": -324.0399648100533, "params": {"gamma": 7.446379482205204, "prior": 5.066208299853456, "rate": 7.053982930260369}, "datetime": {"datetime": "2024-06-14 18:10:39", "elapsed": 11.123756, "delta": 0.009974}}
{"target": -202.56459676782853, "params": {"gamma": 4.467531205373577, "prior": 5.108812034796275, "rate": 0.41631029460275537}, "datetime": {"datetime": "2024-06-14 18:10:39", "elapsed": 11.132732, "delta": 0.008976}}
{"target": -222.82053816645572, "params": {"gamma": 4.893603596752043, "prior": 1.508646271753512, "rate": 1.425815973998472}, "datetime": {"datetime": "2024-06-14 18:10:39", "elapsed": 11.142705, "delta": 0.009973}}
{"target": -199.72356073608165, "params": {"gamma": 4.334070675192891, "prior": 5.804526419276483, "rate": 3.431143903220329}, "datetime": {"datetime": "2024-06-14 18:10:39", "elapsed": 11.151681, "delta": 0.008976}}
{"target": -132.80957836018177, "params": {"gamma": 1.6057554110518168, "prior": 7.439963128101519, "rate": 9.630952636256579}, "datetime": {"datetime": "2024-06-14 18:10:39", "elapsed": 11.160657, "delta": 0.008976}}
{"target": -334.34910788716996, "params": {"gamma": 7.3366892172191065, "prior": 0.8629358918245221, "rate": 8.409240673094226}, "datetime": {"datetime": "2024-06-14 18:10:39", "elapsed": 11.170633, "delta": 0.009976}}
{"target": -130.24208905207774, "params": {"gamma": 0.6760729900832833, "prior": 4.419489281132564, "rate": 9.288699130413471}, "datetime": {"datetime": "2024-06-14 18:10:39", "elapsed": 11.17961, "delta": 0.008977}}
{"target": -159.23042163018928, "params": {"gamma": 2.6325378562618087, "prior": 1.3667364017386738, "rate": 7.622625481835956}, "datetime": {"datetime": "2024-06-14 18:10:39", "elapsed": 11.189583, "delta": 0.009973}}
{"target": -386.9551563477041, "params": {"gamma": 9.286152605869912, "prior": 3.325107364972745, "rate": 2.3253485203555204}, "datetime": {"datetime": "2024-06-14 18:10:39", "elapsed": 11.198559, "delta": 0.008976}}
{"target": -136.05055788883985, "params": {"gamma": 1.8256722786407191, "prior": 9.636031674374332, "rate": 5.766769711868097}, "datetime": {"datetime": "2024-06-14 18:10:39", "elapsed": 11.208592, "delta": 0.010033}}
{"target": -327.55766422948943, "params": {"gamma": 8.601017631330931, "prior": 3.1526153619134747, "rate": 0.5653078671540508}, "datetime": {"datetime": "2024-06-14 18:10:39", "elapsed": 11.219072, "delta": 0.01048}}
{"target": -219.4793389029021, "params": {"gamma": 4.538588046967902, "prior": 2.150389949482985, "rate": 5.190317659626124}, "datetime": {"datetime": "2024-06-14 18:10:39", "elapsed": 11.228048, "delta": 0.008976}}
{"target": -241.2680922343264, "params": {"gamma": 5.3803383685417385, "prior": 3.0134533507087977, "rate": 3.0752313679559293}, "datetime": {"datetime": "2024-06-14 18:10:39", "elapsed": 11.238021, "delta": 0.009973}}
{"target": -138.80220975120713, "params": {"gamma": 0.24271254847611315, "prior": 4.261979937910767, "rate": 3.2375704471739803}, "datetime": {"datetime": "2024-06-14 18:10:39", "elapsed": 11.247559, "delta": 0.009538}}
{"target": -264.7720470446715, "params": {"gamma": 6.1952817624864025, "prior": 8.611654360250752, "rate": 4.926911767488365}, "datetime": {"datetime": "2024-06-14 18:10:39", "elapsed": 11.256536, "delta": 0.008977}}
{"target": -130.57769424616063, "params": {"gamma": 0.8280002720208621, "prior": 9.341456537509496, "rate": 8.083461341580708}, "datetime": {"datetime": "2024-06-14 18:10:39", "elapsed": 11.266512, "delta": 0.009976}}
{"target": -189.24156467375923, "params": {"gamma": 3.6558227125345977, "prior": 3.3742162191489324, "rate": 9.379402853367585}, "datetime": {"datetime": "2024-06-14 18:10:39", "elapsed": 11.276485, "delta": 0.009973}}
{"target": -187.444665202004, "params": {"gamma": 3.7495685112706005, "prior": 6.3944419643693875, "rate": 9.853458036647636}, "datetime": {"datetime": "2024-06-14 18:10:39", "elapsed": 11.286458, "delta": 0.009973}}
{"target": -136.4196361204362, "params": {"gamma": 0.36836090554034395, "prior": 3.214846683672905, "rate": 2.313125983692789}, "datetime": {"datetime": "2024-06-14 18:10:39", "elapsed": 11.295434, "delta": 0.008976}}
{"target": -339.2776523479815, "params": {"gamma": 9.223731826093484, "prior": 5.556253632459004, "rate": 0.5380816705607578}, "datetime": {"datetime": "2024-06-14 18:10:39", "elapsed": 11.305407, "delta": 0.009973}}
{"target": -323.74433802565113, "params": {"gamma": 7.552727246484496, "prior": 6.872429831212706, "rate": 6.622078860248277}, "datetime": {"datetime": "2024-06-14 18:10:39", "elapsed": 11.314383, "delta": 0.008976}}
{"target": -401.46560185270147, "params": {"gamma": 9.557332020493899, "prior": 8.758555827281402, "rate": 7.532761600172254}, "datetime": {"datetime": "2024-06-14 18:10:39", "elapsed": 11.324356, "delta": 0.009973}}
{"target": -143.86953693034664, "params": {"gamma": 2.2274368777620133, "prior": 1.4663481242278644, "rate": 2.2096624750777165}, "datetime": {"datetime": "2024-06-14 18:10:39", "elapsed": 11.33433, "delta": 0.009974}}
{"target": -139.6732517360453, "params": {"gamma": 2.0558931010754273, "prior": 5.722849003564123, "rate": 6.63077518785403}, "datetime": {"datetime": "2024-06-14 18:10:39", "elapsed": 11.343306, "delta": 0.008976}}
{"target": -253.1628482057127, "params": {"gamma": 5.274647786496121, "prior": 0.6578589781712976, "rate": 3.6322627869363457}, "datetime": {"datetime": "2024-06-14 18:10:39", "elapsed": 11.353279, "delta": 0.009973}}
{"target": -395.58082140931276, "params": {"gamma": 9.677306363671502, "prior": 6.98556459651058, "rate": 3.698028055635611}, "datetime": {"datetime": "2024-06-14 18:10:39", "elapsed": 11.362262, "delta": 0.008983}}
{"target": -272.58578049096957, "params": {"gamma": 6.716589859874733, "prior": 2.7245859703372814, "rate": 0.7756981624656162}, "datetime": {"datetime": "2024-06-14 18:10:39", "elapsed": 11.37226, "delta": 0.009998}}
{"target": -242.5651923873796, "params": {"gamma": 5.281143325416827, "prior": 2.9687143459337384, "rate": 4.817037304645983}, "datetime": {"datetime": "2024-06-14 18:10:39", "elapsed": 11.381238, "delta": 0.008978}}
{"target": -383.35304247352934, "params": {"gamma": 9.020043950898684, "prior": 6.552229630812366, "rate": 7.233468037123845}, "datetime": {"datetime": "2024-06-14 18:10:39", "elapsed": 11.39118, "delta": 0.009942}}
{"target": -129.98481140900589, "params": {"gamma": 1.0267626657461268, "prior": 4.8486150493478055, "rate": 4.044014562004185}, "datetime": {"datetime": "2024-06-14 18:10:39", "elapsed": 11.400156, "delta": 0.008976}}
{"target": -285.11069727427275, "params": {"gamma": 6.468925570274098, "prior": 2.9485778320940845, "rate": 3.8312640574634482}, "datetime": {"datetime": "2024-06-14 18:10:39", "elapsed": 11.41013, "delta": 0.009974}}
{"target": -419.88029571246165, "params": {"gamma": 9.81018690271792, "prior": 1.23662462107414, "rate": 1.9998787227506973}, "datetime": {"datetime": "2024-06-14 18:10:39", "elapsed": 11.419105, "delta": 0.008975}}
{"target": -146.29895035220437, "params": {"gamma": 2.3912225972933583, "prior": 6.996876584358281, "rate": 7.1371672251136955}, "datetime": {"datetime": "2024-06-14 18:10:39", "elapsed": 11.429079, "delta": 0.009974}}
{"target": -346.35191919021565, "params": {"gamma": 7.847764610820117, "prior": 3.8723393107957245, "rate": 8.524180473287885}, "datetime": {"datetime": "2024-06-14 18:10:39", "elapsed": 11.438055, "delta": 0.008976}}
{"target": -303.15250949575847, "params": {"gamma": 6.973768049350303, "prior": 7.161272986009691, "rate": 8.220064454506392}, "datetime": {"datetime": "2024-06-14 18:10:39", "elapsed": 11.44788, "delta": 0.009825}}
{"target": -253.4407520654634, "params": {"gamma": 6.289615458969785, "prior": 4.280053466198156, "rate": 0.3089573128355685}, "datetime": {"datetime": "2024-06-14 18:10:39", "elapsed": 11.457854, "delta": 0.009974}}
{"target": -263.12895868704345, "params": {"gamma": 5.9549611772267355, "prior": 5.681259338068073, "rate": 6.008479407469643}, "datetime": {"datetime": "2024-06-14 18:10:39", "elapsed": 11.46683, "delta": 0.008976}}
{"target": -165.60585621777415, "params": {"gamma": 3.2292118332970405, "prior": 5.593331570762452, "rate": 1.7173913865365833}, "datetime": {"datetime": "2024-06-14 18:10:39", "elapsed": 11.476803, "delta": 0.009973}}
{"target": -299.9065777966351, "params": {"gamma": 6.49894440266871, "prior": 0.8095673895400698, "rate": 8.750896260863644}, "datetime": {"datetime": "2024-06-14 18:10:39", "elapsed": 11.485779, "delta": 0.008976}}
{"target": -144.9369801553525, "params": {"gamma": 2.1621633635158477, "prior": 3.0090612487247013, "rate": 8.847484449475706}, "datetime": {"datetime": "2024-06-14 18:10:39", "elapsed": 11.495752, "delta": 0.009973}}
{"target": -355.0382075707375, "params": {"gamma": 8.836037308166828, "prior": 8.37904543989899, "rate": 3.2700292334455643}, "datetime": {"datetime": "2024-06-14 18:10:39", "elapsed": 11.504728, "delta": 0.008976}}
{"target": -380.05971510315635, "params": {"gamma": 9.023544047406462, "prior": 7.740842728171373, "rate": 6.581171726876564}, "datetime": {"datetime": "2024-06-14 18:10:39", "elapsed": 11.514702, "delta": 0.009974}}
{"target": -369.8779459110343, "params": {"gamma": 8.99813093515086, "prior": 7.853001575402082, "rate": 4.2480703423217}, "datetime": {"datetime": "2024-06-14 18:10:39", "elapsed": 11.523677, "delta": 0.008975}}
{"target": -168.17484200457915, "params": {"gamma": 3.2432279860467617, "prior": 3.999393563924491, "rate": 0.6150601284275855}, "datetime": {"datetime": "2024-06-14 18:10:39", "elapsed": 11.533683, "delta": 0.010006}}
{"target": -187.38787168252037, "params": {"gamma": 3.634945499368943, "prior": 3.595132489864901, "rate": 8.656379251086715}, "datetime": {"datetime": "2024-06-14 18:10:39", "elapsed": 11.543625, "delta": 0.009942}}
{"target": -353.1081177624607, "params": {"gamma": 8.887111795253091, "prior": 9.63421565993784, "rate": 3.282664276898728}, "datetime": {"datetime": "2024-06-14 18:10:39", "elapsed": 11.552601, "delta": 0.008976}}
{"target": -285.0058539673333, "params": {"gamma": 6.933508237753853, "prior": 6.367356052167569, "rate": 2.425195012153892}, "datetime": {"datetime": "2024-06-14 18:10:39", "elapsed": 11.567273, "delta": 0.014672}}
{"target": -387.43165998841255, "params": {"gamma": 8.700006275800442, "prior": 2.219608966119336, "rate": 7.477392312505152}, "datetime": {"datetime": "2024-06-14 18:10:39", "elapsed": 11.577245, "delta": 0.009972}}
{"target": -132.74934217224146, "params": {"gamma": 1.4474946912067754, "prior": 1.1575145967721554, "rate": 7.20350177902532}, "datetime": {"datetime": "2024-06-14 18:10:39", "elapsed": 11.587218, "delta": 0.009973}}
{"target": -242.64383680776564, "params": {"gamma": 5.263654842331062, "prior": 4.484866730228926, "rate": 7.7820274969779515}, "datetime": {"datetime": "2024-06-14 18:10:39", "elapsed": 11.597191, "delta": 0.009973}}
{"target": -179.7524999029448, "params": {"gamma": 3.588074784629776, "prior": 8.548161025287675, "rate": 9.62176279907113}, "datetime": {"datetime": "2024-06-14 18:10:39", "elapsed": 11.607165, "delta": 0.009974}}
{"target": -417.7802207929958, "params": {"gamma": 9.791275810251324, "prior": 2.8485172225745474, "rate": 4.1506553568115665}, "datetime": {"datetime": "2024-06-14 18:10:39", "elapsed": 11.617138, "delta": 0.009973}}
{"target": -309.4267524427369, "params": {"gamma": 7.250373833289235, "prior": 8.95917274672825, "rate": 7.113399789936541}, "datetime": {"datetime": "2024-06-14 18:10:39", "elapsed": 11.627111, "delta": 0.009973}}
{"target": -310.1797909050546, "params": {"gamma": 7.5815646955077245, "prior": 8.84569615448094, "rate": 3.670115433263018}, "datetime": {"datetime": "2024-06-14 18:10:39", "elapsed": 11.636087, "delta": 0.008976}}
{"target": -244.61577797708352, "params": {"gamma": 5.425906871529926, "prior": 5.394222758269183, "rate": 6.4761782194627475}, "datetime": {"datetime": "2024-06-14 18:10:39", "elapsed": 11.646061, "delta": 0.009974}}
{"target": -385.46829529310855, "params": {"gamma": 8.951943613361554, "prior": 6.0481920136487215, "rate": 9.699415438622323}, "datetime": {"datetime": "2024-06-14 18:10:39", "elapsed": 11.656034, "delta": 0.009973}}
{"target": -319.0317095242706, "params": {"gamma": 7.3216234120977175, "prior": 4.211385766390366, "rate": 5.81180346318073}, "datetime": {"datetime": "2024-06-14 18:10:39", "elapsed": 11.666701, "delta": 0.010667}}
{"target": -391.85326483581235, "params": {"gamma": 9.223285503388022, "prior": 6.223153800877035, "rate": 7.099576105580202}, "datetime": {"datetime": "2024-06-14 18:10:39", "elapsed": 11.675677, "delta": 0.008976}}
{"target": -280.80892119404643, "params": {"gamma": 6.613259028912707, "prior": 3.42784974510567, "rate": 2.0341452163718596}, "datetime": {"datetime": "2024-06-14 18:10:39", "elapsed": 11.686647, "delta": 0.01097}}
{"target": -207.59317669126145, "params": {"gamma": 4.078721813041604, "prior": 1.592621080704164, "rate": 8.263509143662432}, "datetime": {"datetime": "2024-06-14 18:10:39", "elapsed": 11.695623, "delta": 0.008976}}
{"target": -293.05781960480357, "params": {"gamma": 7.104895674394641, "prior": 4.070456275164108, "rate": 1.7146555781871196}, "datetime": {"datetime": "2024-06-14 18:10:39", "elapsed": 11.705977, "delta": 0.010354}}
{"target": -377.3169005908034, "params": {"gamma": 8.75811759952061, "prior": 6.42673266977647, "rate": 9.966031596995483}, "datetime": {"datetime": "2024-06-14 18:10:39", "elapsed": 11.714953, "delta": 0.008976}}
{"target": -132.84045971929828, "params": {"gamma": 1.0118777980878546, "prior": 2.5239987554093983, "rate": 0.8374656866964549}, "datetime": {"datetime": "2024-06-14 18:10:39", "elapsed": 11.724926, "delta": 0.009973}}
{"target": -340.2530162567759, "params": {"gamma": 7.447673015821188, "prior": 1.6797955636247195, "rate": 8.816713679816221}, "datetime": {"datetime": "2024-06-14 18:10:39", "elapsed": 11.7349, "delta": 0.009974}}
{"target": -214.71566246995636, "params": {"gamma": 4.915303785862436, "prior": 5.309075700418279, "rate": 0.42616036762125126}, "datetime": {"datetime": "2024-06-14 18:10:39", "elapsed": 11.744873, "delta": 0.009973}}
{"target": -268.5430613739082, "params": {"gamma": 6.140922303680539, "prior": 2.353386412041166, "rate": 2.135827389380809}, "datetime": {"datetime": "2024-06-14 18:10:39", "elapsed": 11.753849, "delta": 0.008976}}
{"target": -340.1345834486075, "params": {"gamma": 8.953290370672992, "prior": 8.891332155070218, "rate": 0.05364657807886874}, "datetime": {"datetime": "2024-06-14 18:10:39", "elapsed": 11.763823, "delta": 0.009974}}
{"target": -344.9511843354261, "params": {"gamma": 8.323207291901435, "prior": 9.032758516193605, "rate": 5.119964633266645}, "datetime": {"datetime": "2024-06-14 18:10:39", "elapsed": 11.773796, "delta": 0.009973}}
{"target": -284.3733764665804, "params": {"gamma": 6.56208200669582, "prior": 7.701078270941128, "rate": 6.854714307550932}, "datetime": {"datetime": "2024-06-14 18:10:39", "elapsed": 11.782772, "delta": 0.008976}}
{"target": -212.53547956178315, "params": {"gamma": 4.59170508000715, "prior": 5.777177096628812, "rate": 5.74102025787266}, "datetime": {"datetime": "2024-06-14 18:10:39", "elapsed": 11.792747, "delta": 0.009975}}
{"target": -374.6212399139174, "params": {"gamma": 8.421463069722522, "prior": 2.4803729054295243, "rate": 7.572507436190774}, "datetime": {"datetime": "2024-06-14 18:10:40", "elapsed": 11.802719, "delta": 0.009972}}
{"target": -346.77182570237414, "params": {"gamma": 8.12355876007362, "prior": 7.99062037533525, "rate": 8.07727048210085}, "datetime": {"datetime": "2024-06-14 18:10:40", "elapsed": 11.812692, "delta": 0.009973}}
{"target": -358.06204639815525, "params": {"gamma": 8.292970943843157, "prior": 4.23340593789217, "rate": 6.179249469269826}, "datetime": {"datetime": "2024-06-14 18:10:40", "elapsed": 11.821668, "delta": 0.008976}}
{"target": -326.760650509531, "params": {"gamma": 7.552699915952439, "prior": 7.720679136482666, "rate": 9.586087624632432}, "datetime": {"datetime": "2024-06-14 18:10:40", "elapsed": 11.831641, "delta": 0.009973}}
{"target": -408.34712935777173, "params": {"gamma": 9.750777680644457, "prior": 5.690872459899503, "rate": 4.657924948350314}, "datetime": {"datetime": "2024-06-14 18:10:40", "elapsed": 11.840617, "delta": 0.008976}}
{"target": -373.4052037118223, "params": {"gamma": 8.35541774153753, "prior": 2.2776131471709045, "rate": 7.664214496519479}, "datetime": {"datetime": "2024-06-14 18:10:40", "elapsed": 11.850591, "delta": 0.009974}}
{"target": -137.1473817087529, "params": {"gamma": 1.920923979668611, "prior": 5.957112902935368, "rate": 6.068707734799046}, "datetime": {"datetime": "2024-06-14 18:10:40", "elapsed": 11.860564, "delta": 0.009973}}
{"target": -202.95947486145187, "params": {"gamma": 4.418996184218967, "prior": 8.659051462799177, "rate": 5.435278379231555}, "datetime": {"datetime": "2024-06-14 18:10:40", "elapsed": 11.870045, "delta": 0.009481}}
{"target": -212.88472397919233, "params": {"gamma": 4.927804379534841, "prior": 4.2394437931335665, "rate": 0.6231896086801356}, "datetime": {"datetime": "2024-06-14 18:10:40", "elapsed": 11.87905, "delta": 0.009005}}
{"target": -191.32341091278266, "params": {"gamma": 3.622132449809016, "prior": 1.0188720461219751, "rate": 5.656819358260873}, "datetime": {"datetime": "2024-06-14 18:10:40", "elapsed": 11.888995, "delta": 0.009945}}
{"target": -277.42425278908263, "params": {"gamma": 6.4053758139443495, "prior": 7.701044399919781, "rate": 6.325720028185084}, "datetime": {"datetime": "2024-06-14 18:10:40", "elapsed": 11.89797, "delta": 0.008975}}
{"target": -136.41431316914864, "params": {"gamma": 1.8714204909994507, "prior": 7.527415112713252, "rate": 5.489045144907434}, "datetime": {"datetime": "2024-06-14 18:10:40", "elapsed": 11.907944, "delta": 0.009974}}
{"target": -129.15395535137273, "params": {"gamma": 1.0226014229845646, "prior": 0.34578758896028944, "rate": 2.988163177641064}, "datetime": {"datetime": "2024-06-14 18:10:40", "elapsed": 11.917917, "delta": 0.009973}}
{"target": -299.1545070401032, "params": {"gamma": 6.900460277619986, "prior": 9.334604669396944, "rate": 9.665005509601515}, "datetime": {"datetime": "2024-06-14 18:10:40", "elapsed": 11.926893, "delta": 0.008976}}
{"target": -337.3507224396588, "params": {"gamma": 7.645716345257133, "prior": 3.003166938498256, "rate": 6.2210691836043965}, "datetime": {"datetime": "2024-06-14 18:10:40", "elapsed": 11.936866, "delta": 0.009973}}
{"target": -146.8887473916878, "params": {"gamma": 2.3117301792407194, "prior": 7.53183467935155, "rate": 1.6595044277657995}, "datetime": {"datetime": "2024-06-14 18:10:40", "elapsed": 11.945842, "delta": 0.008976}}
{"target": -316.91928701383966, "params": {"gamma": 7.564947384855503, "prior": 8.699031089411767, "rate": 5.195544029510985}, "datetime": {"datetime": "2024-06-14 18:10:40", "elapsed": 11.955816, "delta": 0.009974}}
