{"target": -416.49910798526236, "params": {"gamma": 1.9867164390362086, "lr": 0.0254762357788203}, "datetime": {"datetime": "2024-06-13 19:11:56", "elapsed": 2.05342, "delta": 0.003989}}
{"target": -959.9271476350438, "params": {"gamma": 7.294247584863271, "lr": 0.7249167472191191}, "datetime": {"datetime": "2024-06-13 19:11:56", "elapsed": 2.056412, "delta": 0.002992}}
{"target": -522.6837282944663, "params": {"gamma": 3.304587071870666, "lr": 0.8434941260636555}, "datetime": {"datetime": "2024-06-13 19:11:56", "elapsed": 2.060401, "delta": 0.003989}}
{"target": -682.6372941765068, "params": {"gamma": 4.284996317034784, "lr": 0.8646861447635343}, "datetime": {"datetime": "2024-06-13 19:11:56", "elapsed": 2.063393, "delta": 0.002992}}
{"target": -715.9320869923718, "params": {"gamma": 6.570997180804273, "lr": 0.5810356574180902}, "datetime": {"datetime": "2024-06-13 19:11:56", "elapsed": 2.06771, "delta": 0.004317}}
{"target": -237.0322300664076, "params": {"gamma": 2.008074152862875, "lr": 0.5295466104783949}, "datetime": {"datetime": "2024-06-13 19:11:56", "elapsed": 2.071687, "delta": 0.003977}}
{"target": -942.4793329016297, "params": {"gamma": 8.944429751857296, "lr": 0.30499397583521604}, "datetime": {"datetime": "2024-06-13 19:11:56", "elapsed": 2.075676, "delta": 0.003989}}
{"target": -1394.913941539371, "params": {"gamma": 8.709585146001372, "lr": 0.9087452728583881}, "datetime": {"datetime": "2024-06-13 19:11:56", "elapsed": 2.078668, "delta": 0.002992}}
{"target": -447.1624330516988, "params": {"gamma": 3.2991157822561417, "lr": 0.6830743663365642}, "datetime": {"datetime": "2024-06-13 19:11:56", "elapsed": 2.082659, "delta": 0.003991}}
{"target": -1731.7920131256603, "params": {"gamma": 8.992310274710121, "lr": 0.07569688175830336}, "datetime": {"datetime": "2024-06-13 19:11:56", "elapsed": 2.086594, "delta": 0.003935}}
{"target": -1194.4745989622977, "params": {"gamma": 8.7860000441845, "lr": 0.1908393632684806}, "datetime": {"datetime": "2024-06-13 19:11:56", "elapsed": 2.090583, "delta": 0.003989}}
{"target": -1108.1016625894479, "params": {"gamma": 8.497839331269288, "lr": 0.6671187886992039}, "datetime": {"datetime": "2024-06-13 19:11:56", "elapsed": 2.094572, "delta": 0.003989}}
{"target": -497.17450192140495, "params": {"gamma": 3.4440476153050885, "lr": 0.151375569992799}, "datetime": {"datetime": "2024-06-13 19:11:56", "elapsed": 2.097564, "delta": 0.002992}}
{"target": -981.7732294663837, "params": {"gamma": 6.354074243923046, "lr": 0.8477880437147416}, "datetime": {"datetime": "2024-06-13 19:11:56", "elapsed": 2.101554, "delta": 0.00399}}
{"target": -886.059613062906, "params": {"gamma": 8.218671898265342, "lr": 0.6282395971306578}, "datetime": {"datetime": "2024-06-13 19:11:56", "elapsed": 2.105543, "delta": 0.003989}}
{"target": -1031.1871083431458, "params": {"gamma": 9.563058796042565, "lr": 0.5899231270757698}, "datetime": {"datetime": "2024-06-13 19:11:56", "elapsed": 2.109532, "delta": 0.003989}}
{"target": -212.78957777948835, "params": {"gamma": 1.979130013694545, "lr": 0.4293307226164923}, "datetime": {"datetime": "2024-06-13 19:11:56", "elapsed": 2.112524, "delta": 0.002992}}
{"target": -564.0764155809446, "params": {"gamma": 3.3681232410129716, "lr": 0.991945011907281}, "datetime": {"datetime": "2024-06-13 19:11:56", "elapsed": 2.116515, "delta": 0.003991}}
{"target": -633.4867790034302, "params": {"gamma": 3.8029847246765303, "lr": 0.992700873664818}, "datetime": {"datetime": "2024-06-13 19:11:56", "elapsed": 2.120503, "delta": 0.003988}}
{"target": -756.203252261861, "params": {"gamma": 5.188523703083409, "lr": 0.17227970147712546}, "datetime": {"datetime": "2024-06-13 19:11:56", "elapsed": 2.124492, "delta": 0.003989}}
{"target": -127.41270315517097, "params": {"gamma": 0.7466661384435471, "lr": 0.37030569377388767}, "datetime": {"datetime": "2024-06-13 19:11:56", "elapsed": 2.128482, "delta": 0.00399}}
{"target": -175.8689752030247, "params": {"gamma": 1.235065179287484, "lr": 0.6345187162918416}, "datetime": {"datetime": "2024-06-13 19:11:56", "elapsed": 2.132472, "delta": 0.00399}}
{"target": -687.4284406921836, "params": {"gamma": 4.13978453744836, "lr": 0.9909156325254501}, "datetime": {"datetime": "2024-06-13 19:11:56", "elapsed": 2.136461, "delta": 0.003989}}
{"target": -1297.6388691163863, "params": {"gamma": 9.299626280909525, "lr": 0.14923603230975002}, "datetime": {"datetime": "2024-06-13 19:11:56", "elapsed": 2.139452, "delta": 0.002991}}
{"target": -385.3720276725182, "params": {"gamma": 3.9494277431054683, "lr": 0.46157971096238615}, "datetime": {"datetime": "2024-06-13 19:11:56", "elapsed": 2.143442, "delta": 0.00399}}
{"target": -757.9934220710414, "params": {"gamma": 5.609926602464331, "lr": 0.7803635232892685}, "datetime": {"datetime": "2024-06-13 19:11:56", "elapsed": 2.147431, "delta": 0.003989}}
{"target": -475.5806389209385, "params": {"gamma": 4.872451896825164, "lr": 0.4199935520102408}, "datetime": {"datetime": "2024-06-13 19:11:56", "elapsed": 2.150424, "delta": 0.002993}}
{"target": -445.82800332404645, "params": {"gamma": 2.6207350474886373, "lr": 0.9108061390867584}, "datetime": {"datetime": "2024-06-13 19:11:56", "elapsed": 2.154412, "delta": 0.003988}}
{"target": -134.46275265988203, "params": {"gamma": 0.22369284381650878, "lr": 0.8211218982189646}, "datetime": {"datetime": "2024-06-13 19:11:56", "elapsed": 2.158402, "delta": 0.00399}}
{"target": -274.21838447682245, "params": {"gamma": 1.8854955282645185, "lr": 0.6857568991725472}, "datetime": {"datetime": "2024-06-13 19:11:56", "elapsed": 2.162391, "delta": 0.003989}}
{"target": -593.504737731583, "params": {"gamma": 3.552738684007098, "lr": 0.9742126278950913}, "datetime": {"datetime": "2024-06-13 19:11:56", "elapsed": 2.165383, "delta": 0.002992}}
{"target": -204.42244199189514, "params": {"gamma": 1.22859852236475, "lr": 0.18756989261723955}, "datetime": {"datetime": "2024-06-13 19:11:56", "elapsed": 2.169373, "delta": 0.00399}}
{"target": -960.7007601163831, "params": {"gamma": 8.894535312169324, "lr": 0.5834063146082279}, "datetime": {"datetime": "2024-06-13 19:11:56", "elapsed": 2.173362, "delta": 0.003989}}
{"target": -621.5219487969084, "params": {"gamma": 3.0931546002031376, "lr": 0.0007643854781880233}, "datetime": {"datetime": "2024-06-13 19:11:56", "elapsed": 2.177351, "delta": 0.003989}}
{"target": -340.8795709545594, "params": {"gamma": 2.2767497854842085, "lr": 0.1454036341712357}, "datetime": {"datetime": "2024-06-13 19:11:56", "elapsed": 2.180343, "delta": 0.002992}}
{"target": -348.9557069971697, "params": {"gamma": 2.035134809876536, "lr": 0.8963225568040046}, "datetime": {"datetime": "2024-06-13 19:11:56", "elapsed": 2.184332, "delta": 0.003989}}
{"target": -1146.6551432125004, "params": {"gamma": 8.731070688318136, "lr": 0.7002894376334498}, "datetime": {"datetime": "2024-06-13 19:11:56", "elapsed": 2.188322, "delta": 0.00399}}
{"target": -687.7680960527722, "params": {"gamma": 4.705506263845939, "lr": 0.8271360023322883}, "datetime": {"datetime": "2024-06-13 19:11:56", "elapsed": 2.192312, "delta": 0.00399}}
{"target": -504.41688267412724, "params": {"gamma": 4.958768144455039, "lr": 0.36348868328490525}, "datetime": {"datetime": "2024-06-13 19:11:56", "elapsed": 2.195303, "delta": 0.002991}}
{"target": -467.21048578405777, "params": {"gamma": 2.7567554245058266, "lr": 0.9247408135383717}, "datetime": {"datetime": "2024-06-13 19:11:56", "elapsed": 2.199294, "delta": 0.003991}}
{"target": -378.1690508292726, "params": {"gamma": 3.8705053533286655, "lr": 0.49288087343132025}, "datetime": {"datetime": "2024-06-13 19:11:56", "elapsed": 2.203282, "delta": 0.003988}}
{"target": -418.57722837067354, "params": {"gamma": 2.5451265850419067, "lr": 0.8849665188380633}, "datetime": {"datetime": "2024-06-13 19:11:56", "elapsed": 2.207271, "delta": 0.003989}}
{"target": -415.96094027613776, "params": {"gamma": 3.833251304596062, "lr": 0.29757471531387525}, "datetime": {"datetime": "2024-06-13 19:11:56", "elapsed": 2.210263, "delta": 0.002992}}
{"target": -979.6580612117608, "params": {"gamma": 7.17623202698535, "lr": 0.19086994317230743}, "datetime": {"datetime": "2024-06-13 19:11:56", "elapsed": 2.214253, "delta": 0.00399}}
{"target": -220.17592568793543, "params": {"gamma": 1.1828081008410374, "lr": 0.8369977822135122}, "datetime": {"datetime": "2024-06-13 19:11:56", "elapsed": 2.218242, "delta": 0.003989}}
{"target": -807.5876038423025, "params": {"gamma": 7.441615077773983, "lr": 0.5905205476471171}, "datetime": {"datetime": "2024-06-13 19:11:56", "elapsed": 2.221234, "delta": 0.002992}}
{"target": -286.035484246192, "params": {"gamma": 2.429672858073742, "lr": 0.6232471451875841}, "datetime": {"datetime": "2024-06-13 19:11:56", "elapsed": 2.225223, "delta": 0.003989}}
{"target": -677.7516549675945, "params": {"gamma": 6.383914852090989, "lr": 0.32756944411232514}, "datetime": {"datetime": "2024-06-13 19:11:56", "elapsed": 2.229212, "delta": 0.003989}}
{"target": -163.81998100160894, "params": {"gamma": 0.6758259413323553, "lr": 0.8805385975643267}, "datetime": {"datetime": "2024-06-13 19:11:56", "elapsed": 2.232205, "delta": 0.002993}}
{"target": -625.8137156285707, "params": {"gamma": 4.60010735401151, "lr": 0.7638727180664299}, "datetime": {"datetime": "2024-06-13 19:11:56", "elapsed": 2.236194, "delta": 0.003989}}
{"target": -297.25806365006855, "params": {"gamma": 2.539632320806454, "lr": 0.5913871822675169}, "datetime": {"datetime": "2024-06-13 19:11:56", "elapsed": 2.240183, "delta": 0.003989}}
{"target": -432.2049406805432, "params": {"gamma": 4.288522808327629, "lr": 0.38210064254913956}, "datetime": {"datetime": "2024-06-13 19:11:56", "elapsed": 2.243175, "delta": 0.002992}}
{"target": -184.73406257989427, "params": {"gamma": 1.2680071250853806, "lr": 0.24426666320897583}, "datetime": {"datetime": "2024-06-13 19:11:56", "elapsed": 2.247165, "delta": 0.00399}}
{"target": -136.51064745897602, "params": {"gamma": 0.7943364880002312, "lr": 0.3028583047175786}, "datetime": {"datetime": "2024-06-13 19:11:56", "elapsed": 2.251154, "delta": 0.003989}}
{"target": -802.0359148728318, "params": {"gamma": 7.417306297515323, "lr": 0.6150157249710488}, "datetime": {"datetime": "2024-06-13 19:11:56", "elapsed": 2.255143, "delta": 0.003989}}
{"target": -1304.339118003283, "params": {"gamma": 6.724438578240325, "lr": 0.00838307952503159}, "datetime": {"datetime": "2024-06-13 19:11:56", "elapsed": 2.258135, "delta": 0.002992}}
{"target": -700.0803165747711, "params": {"gamma": 6.784091345540948, "lr": 0.503180690542887}, "datetime": {"datetime": "2024-06-13 19:11:56", "elapsed": 2.262124, "delta": 0.003989}}
{"target": -354.09260791570154, "params": {"gamma": 2.309853596391308, "lr": 0.17489650898192222}, "datetime": {"datetime": "2024-06-13 19:11:56", "elapsed": 2.266114, "delta": 0.00399}}
{"target": -310.50015937512444, "params": {"gamma": 1.8506446725427474, "lr": 0.8442600050750985}, "datetime": {"datetime": "2024-06-13 19:11:56", "elapsed": 2.270104, "delta": 0.00399}}
{"target": -1604.260648410642, "params": {"gamma": 9.825915303261548, "lr": 0.9137396248416316}, "datetime": {"datetime": "2024-06-13 19:11:56", "elapsed": 2.274093, "delta": 0.003989}}
{"target": -479.6058947788802, "params": {"gamma": 3.4743468343077555, "lr": 0.7802245796913637}, "datetime": {"datetime": "2024-06-13 19:11:56", "elapsed": 2.277085, "delta": 0.002992}}
{"target": -789.3797575956532, "params": {"gamma": 5.464999452423606, "lr": 0.8164423975559377}, "datetime": {"datetime": "2024-06-13 19:11:56", "elapsed": 2.281074, "delta": 0.003989}}
{"target": -533.9911418665592, "params": {"gamma": 4.8377857849378705, "lr": 0.5899512982994037}, "datetime": {"datetime": "2024-06-13 19:11:56", "elapsed": 2.285064, "delta": 0.00399}}
{"target": -1323.7408593199557, "params": {"gamma": 7.872847211795091, "lr": 0.10023464310313235}, "datetime": {"datetime": "2024-06-13 19:11:56", "elapsed": 2.288055, "delta": 0.002991}}
{"target": -537.1169028135428, "params": {"gamma": 5.370534161288567, "lr": 0.36598334666965426}, "datetime": {"datetime": "2024-06-13 19:11:56", "elapsed": 2.292045, "delta": 0.00399}}
{"target": -993.7530312400402, "params": {"gamma": 6.043464129845054, "lr": 0.9588025156370005}, "datetime": {"datetime": "2024-06-13 19:11:56", "elapsed": 2.296034, "delta": 0.003989}}
{"target": -397.5110481351405, "params": {"gamma": 3.9288366270246278, "lr": 0.39297299794161644}, "datetime": {"datetime": "2024-06-13 19:11:56", "elapsed": 2.299026, "delta": 0.002992}}
{"target": -853.3298861238993, "params": {"gamma": 7.9065792989023995, "lr": 0.6450783990854264}, "datetime": {"datetime": "2024-06-13 19:11:56", "elapsed": 2.303015, "delta": 0.003989}}
{"target": -527.57543554609, "params": {"gamma": 3.9394461945459094, "lr": 0.6889550482302514}, "datetime": {"datetime": "2024-06-13 19:11:56", "elapsed": 2.307035, "delta": 0.00402}}
{"target": -590.0809065941467, "params": {"gamma": 4.040612088934736, "lr": 0.1361131542481221}, "datetime": {"datetime": "2024-06-13 19:11:56", "elapsed": 2.310994, "delta": 0.003959}}
{"target": -459.88637379511744, "params": {"gamma": 4.506982043452673, "lr": 0.3344193926972726}, "datetime": {"datetime": "2024-06-13 19:11:56", "elapsed": 2.314983, "delta": 0.003989}}
{"target": -377.26152010826365, "params": {"gamma": 2.180471331681618, "lr": 0.9257748016364399}, "datetime": {"datetime": "2024-06-13 19:11:56", "elapsed": 2.317975, "delta": 0.002992}}
{"target": -750.2093846031155, "params": {"gamma": 6.896704351396498, "lr": 0.5988208906234219}, "datetime": {"datetime": "2024-06-13 19:11:56", "elapsed": 2.321994, "delta": 0.004019}}
{"target": -767.7742562507983, "params": {"gamma": 7.466828063757928, "lr": 0.5419710617714415}, "datetime": {"datetime": "2024-06-13 19:11:56", "elapsed": 2.325982, "delta": 0.003988}}
{"target": -1148.9614950527216, "params": {"gamma": 7.005630193122407, "lr": 0.9305598192498451}, "datetime": {"datetime": "2024-06-13 19:11:56", "elapsed": 2.329972, "delta": 0.00399}}
{"target": -1242.1709045940809, "params": {"gamma": 8.626304328357714, "lr": 0.1674418575065213}, "datetime": {"datetime": "2024-06-13 19:11:56", "elapsed": 2.333933, "delta": 0.003961}}
{"target": -535.6335043769257, "params": {"gamma": 2.6321271002148183, "lr": 0.07161027944180454}, "datetime": {"datetime": "2024-06-13 19:11:56", "elapsed": 2.336925, "delta": 0.002992}}
{"target": -1195.3197143913042, "params": {"gamma": 9.786749378778312, "lr": 0.23638409866037557}, "datetime": {"datetime": "2024-06-13 19:11:56", "elapsed": 2.340914, "delta": 0.003989}}
{"target": -1201.044469677956, "params": {"gamma": 6.6063229609300596, "lr": 0.089630698927462}, "datetime": {"datetime": "2024-06-13 19:11:56", "elapsed": 2.344903, "delta": 0.003989}}
{"target": -246.09709133953902, "params": {"gamma": 2.1084986499281, "lr": 0.5028243835184045}, "datetime": {"datetime": "2024-06-13 19:11:56", "elapsed": 2.348275, "delta": 0.003372}}
{"target": -143.47558813504227, "params": {"gamma": 1.0504317296309502, "lr": 0.38887340269472437}, "datetime": {"datetime": "2024-06-13 19:11:56", "elapsed": 2.352265, "delta": 0.00399}}
{"target": -546.0366535156944, "params": {"gamma": 5.3803392136766695, "lr": 0.33920418488509996}, "datetime": {"datetime": "2024-06-13 19:11:56", "elapsed": 2.356254, "delta": 0.003989}}
{"target": -578.9538224472557, "params": {"gamma": 5.559446211054629, "lr": 0.536768321942464}, "datetime": {"datetime": "2024-06-13 19:11:56", "elapsed": 2.360243, "delta": 0.003989}}
{"target": -523.4493728360349, "params": {"gamma": 3.906714376870321, "lr": 0.6962700831011029}, "datetime": {"datetime": "2024-06-13 19:11:56", "elapsed": 2.363235, "delta": 0.002992}}
{"target": -889.2703847061697, "params": {"gamma": 6.785146057525243, "lr": 0.6873031493743899}, "datetime": {"datetime": "2024-06-13 19:11:56", "elapsed": 2.367224, "delta": 0.003989}}
{"target": -569.2572087870468, "params": {"gamma": 5.615351096734943, "lr": 0.3580799140129358}, "datetime": {"datetime": "2024-06-13 19:11:56", "elapsed": 2.371213, "delta": 0.003989}}
{"target": -1007.9503580355575, "params": {"gamma": 6.131510241334756, "lr": 0.9357362666081998}, "datetime": {"datetime": "2024-06-13 19:11:56", "elapsed": 2.375203, "delta": 0.00399}}
{"target": -981.7934013996531, "params": {"gamma": 5.969288360934786, "lr": 0.9795901743594252}, "datetime": {"datetime": "2024-06-13 19:11:56", "elapsed": 2.379222, "delta": 0.004019}}
{"target": -591.0554368868985, "params": {"gamma": 4.4106251974683035, "lr": 0.7396119625075467}, "datetime": {"datetime": "2024-06-13 19:11:57", "elapsed": 2.383182, "delta": 0.00396}}
{"target": -134.05905505255973, "params": {"gamma": 0.3770011826173517, "lr": 0.7647266390004861}, "datetime": {"datetime": "2024-06-13 19:11:57", "elapsed": 2.387172, "delta": 0.00399}}
{"target": -1014.0015470797365, "params": {"gamma": 5.1832975216877974, "lr": 0.0053165329611032375}, "datetime": {"datetime": "2024-06-13 19:11:57", "elapsed": 2.39116, "delta": 0.003988}}
{"target": -307.7779324326269, "params": {"gamma": 2.772723847721202, "lr": 0.5348322325198115}, "datetime": {"datetime": "2024-06-13 19:11:57", "elapsed": 2.394152, "delta": 0.002992}}
{"target": -1484.4081226189717, "params": {"gamma": 7.679860819934835, "lr": 0.05309259545252509}, "datetime": {"datetime": "2024-06-13 19:11:57", "elapsed": 2.398141, "delta": 0.003989}}
{"target": -793.0230121191281, "params": {"gamma": 5.490985385061347, "lr": 0.800994555798356}, "datetime": {"datetime": "2024-06-13 19:11:57", "elapsed": 2.402131, "delta": 0.00399}}
{"target": -1066.766457662441, "params": {"gamma": 6.496180965729911, "lr": 0.9314470149929107}, "datetime": {"datetime": "2024-06-13 19:11:57", "elapsed": 2.406121, "delta": 0.00399}}
{"target": -134.65871670662267, "params": {"gamma": 0.7482397187025968, "lr": 0.2768064626005866}, "datetime": {"datetime": "2024-06-13 19:11:57", "elapsed": 2.409112, "delta": 0.002991}}
{"target": -1229.591068272939, "params": {"gamma": 9.192455805057469, "lr": 0.7650051482981429}, "datetime": {"datetime": "2024-06-13 19:11:57", "elapsed": 2.413102, "delta": 0.00399}}
{"target": -870.1333719465131, "params": {"gamma": 5.9978037043765156, "lr": 0.8329681438370704}, "datetime": {"datetime": "2024-06-13 19:11:57", "elapsed": 2.417091, "delta": 0.003989}}
{"target": -1464.5297363671561, "params": {"gamma": 8.960538872258445, "lr": 0.9727203528528249}, "datetime": {"datetime": "2024-06-13 19:11:57", "elapsed": 2.42108, "delta": 0.003989}}
{"target": -1421.4980868008865, "params": {"gamma": 9.98520655039097, "lr": 0.13964933368410348}, "datetime": {"datetime": "2024-06-13 19:11:57", "elapsed": 2.424072, "delta": 0.002992}}
{"target": -192.75374639955686, "params": {"gamma": 0.7063499053922482, "lr": 0.07346665436012334}, "datetime": {"datetime": "2024-06-13 19:11:57", "elapsed": 2.428062, "delta": 0.00399}}
{"target": -136.86128009142038, "params": {"gamma": 0.14842316520856935, "lr": 0.971820072977926}, "datetime": {"datetime": "2024-06-13 19:11:57", "elapsed": 2.432051, "delta": 0.003989}}
{"target": -191.48128039292575, "params": {"gamma": 0.9485743976558341, "lr": 0.8417368261858497}, "datetime": {"datetime": "2024-06-13 19:11:57", "elapsed": 2.435043, "delta": 0.002992}}
{"target": -653.4716521941403, "params": {"gamma": 6.852044796080089, "lr": 0.4875571674829181}, "datetime": {"datetime": "2024-06-13 19:11:57", "elapsed": 2.439032, "delta": 0.003989}}
{"target": -358.03216192246214, "params": {"gamma": 3.4676021187044235, "lr": 0.35364778706700506}, "datetime": {"datetime": "2024-06-13 19:11:57", "elapsed": 2.443022, "delta": 0.00399}}
{"target": -433.0394618791273, "params": {"gamma": 2.539134984589525, "lr": 0.9110179736986265}, "datetime": {"datetime": "2024-06-13 19:11:57", "elapsed": 2.446013, "delta": 0.002991}}
{"target": -1404.6515216403627, "params": {"gamma": 7.256699812403196, "lr": 0.025925792784269874}, "datetime": {"datetime": "2024-06-13 19:11:57", "elapsed": 2.450003, "delta": 0.00399}}
{"target": -498.1826990999639, "params": {"gamma": 4.615751011217899, "lr": 0.28130127253681136}, "datetime": {"datetime": "2024-06-13 19:11:57", "elapsed": 2.453992, "delta": 0.003989}}
{"target": -137.19383914772857, "params": {"gamma": 0.2906328955928069, "lr": 0.8846818943092944}, "datetime": {"datetime": "2024-06-13 19:11:57", "elapsed": 2.456984, "delta": 0.002992}}
{"target": -814.8327936904427, "params": {"gamma": 7.710282574188869, "lr": 0.32973507924426093}, "datetime": {"datetime": "2024-06-13 19:11:57", "elapsed": 2.460974, "delta": 0.00399}}
{"target": -841.2543322965123, "params": {"gamma": 7.965789316779574, "lr": 0.3246383222029966}, "datetime": {"datetime": "2024-06-13 19:11:57", "elapsed": 2.464963, "delta": 0.003989}}
{"target": -518.2180530945255, "params": {"gamma": 3.0795165557326496, "lr": 0.9281090785007262}, "datetime": {"datetime": "2024-06-13 19:11:57", "elapsed": 2.467955, "delta": 0.002992}}
{"target": -996.4694238327373, "params": {"gamma": 9.769184703296556, "lr": 0.5235553047168928}, "datetime": {"datetime": "2024-06-13 19:11:57", "elapsed": 2.471944, "delta": 0.003989}}
{"target": -1489.5596092912517, "params": {"gamma": 9.519399740511682, "lr": 0.8879964939264646}, "datetime": {"datetime": "2024-06-13 19:11:57", "elapsed": 2.475934, "delta": 0.00399}}
{"target": -518.6789069102119, "params": {"gamma": 5.180807583382493, "lr": 0.3727488020974856}, "datetime": {"datetime": "2024-06-13 19:11:57", "elapsed": 2.478926, "delta": 0.002992}}
{"target": -676.8475056246934, "params": {"gamma": 7.103835428617774, "lr": 0.455643424642054}, "datetime": {"datetime": "2024-06-13 19:11:57", "elapsed": 2.482915, "delta": 0.003989}}
{"target": -995.213816740272, "params": {"gamma": 6.052523738337006, "lr": 0.9904061968899467}, "datetime": {"datetime": "2024-06-13 19:11:57", "elapsed": 2.486905, "delta": 0.00399}}
