{"target": -404.4161858365924, "params": {"gamma": 7.113433866846732, "prior": 5.583457649409001, "rate": 3.0458753612182816}, "datetime": {"datetime": "2024-06-14 05:06:40", "elapsed": 1.757997, "delta": 0.008976}}
{"target": -339.54998736094166, "params": {"gamma": 8.348705622270353, "prior": 4.409528980532247, "rate": 9.234638694972633}, "datetime": {"datetime": "2024-06-14 05:06:40", "elapsed": 1.766973, "delta": 0.008976}}
{"target": -451.5422325665662, "params": {"gamma": 7.0608119915549965, "prior": 4.8325099488563055, "rate": 1.2629748273898376}, "datetime": {"datetime": "2024-06-14 05:06:40", "elapsed": 1.774952, "delta": 0.007979}}
{"target": -450.06159512893834, "params": {"gamma": 9.760459461127008, "prior": 1.6823531384065245, "rate": 2.026818650071406}, "datetime": {"datetime": "2024-06-14 05:06:40", "elapsed": 1.783928, "delta": 0.008976}}
{"target": -278.84862524220887, "params": {"gamma": 4.312386369848549, "prior": 4.101598867173958, "rate": 1.4683680561621768}, "datetime": {"datetime": "2024-06-14 05:06:40", "elapsed": 1.792904, "delta": 0.008976}}
{"target": -284.76957151594985, "params": {"gamma": 7.293459874691873, "prior": 1.968576162084141, "rate": 6.439312547472317}, "datetime": {"datetime": "2024-06-14 05:06:40", "elapsed": 1.80188, "delta": 0.008976}}
{"target": -297.75286834971786, "params": {"gamma": 7.543305199812411, "prior": 2.1862506816248755, "rate": 6.0099415268282925}, "datetime": {"datetime": "2024-06-14 05:06:40", "elapsed": 1.809859, "delta": 0.007979}}
{"target": -376.1199400592505, "params": {"gamma": 7.489534824083119, "prior": 6.418365235141301, "rate": 5.971675902163545}, "datetime": {"datetime": "2024-06-14 05:06:40", "elapsed": 1.818834, "delta": 0.008975}}
{"target": -172.07751809308374, "params": {"gamma": 2.955527374269315, "prior": 7.342904065290937, "rate": 9.453139091559498}, "datetime": {"datetime": "2024-06-14 05:06:40", "elapsed": 1.827838, "delta": 0.009004}}
{"target": -327.6811611279584, "params": {"gamma": 4.256188341225208, "prior": 7.843599986630912, "rate": 0.5623542555794911}, "datetime": {"datetime": "2024-06-14 05:06:40", "elapsed": 1.836322, "delta": 0.008484}}
{"target": -344.01724370176174, "params": {"gamma": 8.35288075329717, "prior": 2.0032751665392623, "rate": 3.951573592030842}, "datetime": {"datetime": "2024-06-14 05:06:40", "elapsed": 1.845298, "delta": 0.008976}}
{"target": -162.28928011022208, "params": {"gamma": 3.001510378207639, "prior": 0.893026073679888, "rate": 9.046405398359493}, "datetime": {"datetime": "2024-06-14 05:06:40", "elapsed": 1.854274, "delta": 0.008976}}
{"target": -209.70412534849893, "params": {"gamma": 3.702171621359829, "prior": 5.353904640913781, "rate": 4.941668542697355}, "datetime": {"datetime": "2024-06-14 05:06:40", "elapsed": 1.86325, "delta": 0.008976}}
{"target": -149.92353082516095, "params": {"gamma": 1.3224792582874385, "prior": 2.143895183005387, "rate": 0.7628119015141794}, "datetime": {"datetime": "2024-06-14 05:06:40", "elapsed": 1.872226, "delta": 0.008976}}
{"target": -247.34778753345984, "params": {"gamma": 5.07970907775293, "prior": 2.6893405631465725, "rate": 3.5712590272190368}, "datetime": {"datetime": "2024-06-14 05:06:40", "elapsed": 1.880205, "delta": 0.007979}}
{"target": -158.4760574173636, "params": {"gamma": 1.0815452216436712, "prior": 7.896763212559821, "rate": 1.0667321840112223}, "datetime": {"datetime": "2024-06-14 05:06:40", "elapsed": 1.889181, "delta": 0.008976}}
{"target": -368.6483653500804, "params": {"gamma": 9.857102528308165, "prior": 1.8538955279403317, "rate": 5.724478719234059}, "datetime": {"datetime": "2024-06-14 05:06:40", "elapsed": 1.898157, "delta": 0.008976}}
{"target": -141.57953634643934, "params": {"gamma": 0.4494085005562922, "prior": 7.892451267592758, "rate": 1.8968698722351471}, "datetime": {"datetime": "2024-06-14 05:06:40", "elapsed": 1.907133, "delta": 0.008976}}
{"target": -357.33343337379637, "params": {"gamma": 5.279511880102859, "prior": 7.426767677274809, "rate": 1.5001649176876422}, "datetime": {"datetime": "2024-06-14 05:06:40", "elapsed": 1.915111, "delta": 0.007978}}
{"target": -229.36559948124895, "params": {"gamma": 5.511320654695531, "prior": 2.2445103624549163, "rate": 7.592201297122131}, "datetime": {"datetime": "2024-06-14 05:06:40", "elapsed": 1.924087, "delta": 0.008976}}
{"target": -280.55779183553545, "params": {"gamma": 7.229429020368581, "prior": 1.847835439343122, "rate": 8.619803610113067}, "datetime": {"datetime": "2024-06-14 05:06:40", "elapsed": 1.933063, "delta": 0.008976}}
{"target": -137.59873166789578, "params": {"gamma": 0.1987312200639263, "prior": 8.61634627448884, "rate": 5.589479207798223}, "datetime": {"datetime": "2024-06-14 05:06:40", "elapsed": 1.941042, "delta": 0.007979}}
{"target": -222.21162684879252, "params": {"gamma": 4.032801500586387, "prior": 7.611594617121132, "rate": 7.169573087923007}, "datetime": {"datetime": "2024-06-14 05:06:40", "elapsed": 1.950018, "delta": 0.008976}}
{"target": -724.9670687162812, "params": {"gamma": 9.873274421909457, "prior": 2.8530419812685297, "rate": 0.03893293042101652}, "datetime": {"datetime": "2024-06-14 05:06:40", "elapsed": 1.958994, "delta": 0.008976}}
{"target": -473.9211149538164, "params": {"gamma": 9.339092180540563, "prior": 8.593181334925148, "rate": 7.28877992431504}, "datetime": {"datetime": "2024-06-14 05:06:40", "elapsed": 1.967972, "delta": 0.008978}}
{"target": -261.189978746032, "params": {"gamma": 5.167371140432463, "prior": 7.098866827962734, "rate": 7.805515039210552}, "datetime": {"datetime": "2024-06-14 05:06:40", "elapsed": 1.975951, "delta": 0.007979}}
{"target": -209.58357163791237, "params": {"gamma": 3.749384559425057, "prior": 7.72619300076658, "rate": 7.506492567432579}, "datetime": {"datetime": "2024-06-14 05:06:40", "elapsed": 1.984927, "delta": 0.008976}}
{"target": -272.810514568773, "params": {"gamma": 6.132498904231054, "prior": 4.07847264728159, "rate": 6.9733828846241455}, "datetime": {"datetime": "2024-06-14 05:06:40", "elapsed": 1.993903, "delta": 0.008976}}
{"target": -141.94512428230442, "params": {"gamma": 0.032125465394095866, "prior": 7.771476802573518, "rate": 8.964269607966013}, "datetime": {"datetime": "2024-06-14 05:06:40", "elapsed": 2.002879, "delta": 0.008976}}
{"target": -149.91618324751664, "params": {"gamma": 2.393917758667609, "prior": 1.2955951246613744, "rate": 2.2036195939494823}, "datetime": {"datetime": "2024-06-14 05:06:40", "elapsed": 2.010858, "delta": 0.007979}}
{"target": -196.481541088858, "params": {"gamma": 3.021665216169693, "prior": 8.841982234781959, "rate": 5.432121135950708}, "datetime": {"datetime": "2024-06-14 05:06:40", "elapsed": 2.019597, "delta": 0.008739}}
{"target": -160.4510236043492, "params": {"gamma": 2.8678297844146994, "prior": 1.4697114289501707, "rate": 2.902154486582312}, "datetime": {"datetime": "2024-06-14 05:06:40", "elapsed": 2.028573, "delta": 0.008976}}
{"target": -286.1895958145353, "params": {"gamma": 6.139097026322785, "prior": 3.3089714459847217, "rate": 4.574144456728294}, "datetime": {"datetime": "2024-06-14 05:06:40", "elapsed": 2.037549, "delta": 0.008976}}
{"target": -269.0796843804018, "params": {"gamma": 4.441726953059129, "prior": 8.29854007124197, "rate": 4.264055194208071}, "datetime": {"datetime": "2024-06-14 05:06:40", "elapsed": 2.045527, "delta": 0.007978}}
{"target": -238.06990190646985, "params": {"gamma": 3.4576425129338477, "prior": 6.782218887610141, "rate": 2.215599075279554}, "datetime": {"datetime": "2024-06-14 05:06:40", "elapsed": 2.055039, "delta": 0.009512}}
{"target": -216.3833185843896, "params": {"gamma": 4.672990993441612, "prior": 3.216180304507763, "rate": 6.268929166026184}, "datetime": {"datetime": "2024-06-14 05:06:40", "elapsed": 2.063787, "delta": 0.008748}}
{"target": -370.35855514504846, "params": {"gamma": 8.773727386473432, "prior": 4.532121101441722, "rate": 7.84478973050044}, "datetime": {"datetime": "2024-06-14 05:06:40", "elapsed": 2.072286, "delta": 0.008499}}
{"target": -316.1748019158254, "params": {"gamma": 4.570200039914943, "prior": 6.596670383999601, "rate": 1.3192779092999938}, "datetime": {"datetime": "2024-06-14 05:06:40", "elapsed": 2.081262, "delta": 0.008976}}
{"target": -251.20995116995695, "params": {"gamma": 4.3303820881695145, "prior": 9.102188687683872, "rate": 6.055184531308316}, "datetime": {"datetime": "2024-06-14 05:06:40", "elapsed": 2.090237, "delta": 0.008975}}
{"target": -379.66493001216685, "params": {"gamma": 7.6679790977837845, "prior": 5.096536020149354, "rate": 4.981058192655247}, "datetime": {"datetime": "2024-06-14 05:06:40", "elapsed": 2.099333, "delta": 0.009096}}
{"target": -328.51962629961434, "params": {"gamma": 8.429155502088307, "prior": 0.7712886499754421, "rate": 5.733149443225297}, "datetime": {"datetime": "2024-06-14 05:06:40", "elapsed": 2.107312, "delta": 0.007979}}
{"target": -566.3591251948511, "params": {"gamma": 9.42768299175406, "prior": 5.226814476905987, "rate": 1.945463629469317}, "datetime": {"datetime": "2024-06-14 05:06:40", "elapsed": 2.116288, "delta": 0.008976}}
{"target": -329.12841339590983, "params": {"gamma": 8.479545985042318, "prior": 2.5912275093229433, "rate": 7.007559638788898}, "datetime": {"datetime": "2024-06-14 05:06:40", "elapsed": 2.125263, "delta": 0.008975}}
{"target": -303.1789105624175, "params": {"gamma": 5.403069143028603, "prior": 9.493479253974174, "rate": 6.2437426873243576}, "datetime": {"datetime": "2024-06-14 05:06:40", "elapsed": 2.13424, "delta": 0.008977}}
{"target": -388.2470337911693, "params": {"gamma": 8.379941642515245, "prior": 0.17853547432577865, "rate": 9.893411221610213}, "datetime": {"datetime": "2024-06-14 05:06:40", "elapsed": 2.142218, "delta": 0.007978}}
{"target": -119.76036974251465, "params": {"gamma": 0.7780679887535326, "prior": 3.2890821847862193, "rate": 9.461577802172197}, "datetime": {"datetime": "2024-06-14 05:06:40", "elapsed": 2.151194, "delta": 0.008976}}
{"target": -139.55876011381793, "params": {"gamma": 0.09038208461007943, "prior": 8.24502705367716, "rate": 8.612255172029577}, "datetime": {"datetime": "2024-06-14 05:06:40", "elapsed": 2.16017, "delta": 0.008976}}
{"target": -197.6491180474165, "params": {"gamma": 4.398868311271517, "prior": 2.631877418678719, "rate": 8.027092506813352}, "datetime": {"datetime": "2024-06-14 05:06:40", "elapsed": 2.168699, "delta": 0.008529}}
{"target": -209.71769325682962, "params": {"gamma": 4.77914218231778, "prior": 1.429952225691392, "rate": 9.278562079257282}, "datetime": {"datetime": "2024-06-14 05:06:40", "elapsed": 2.177676, "delta": 0.008977}}
{"target": -377.74406582092377, "params": {"gamma": 8.959803700099478, "prior": 4.966296985167659, "rate": 8.567168262681404}, "datetime": {"datetime": "2024-06-14 05:06:40", "elapsed": 2.185654, "delta": 0.007978}}
{"target": -250.92826097898177, "params": {"gamma": 4.1863616796152225, "prior": 6.866302511646381, "rate": 3.9805084034398166}, "datetime": {"datetime": "2024-06-14 05:06:40", "elapsed": 2.19463, "delta": 0.008976}}
{"target": -215.10378513436208, "params": {"gamma": 5.057914432490653, "prior": 1.9765618580558806, "rate": 9.649924252185027}, "datetime": {"datetime": "2024-06-14 05:06:40", "elapsed": 2.203606, "delta": 0.008976}}
{"target": -171.7263246915258, "params": {"gamma": 2.9428626667543027, "prior": 1.1242496055523734, "rate": 1.4440096868902519}, "datetime": {"datetime": "2024-06-14 05:06:40", "elapsed": 2.212582, "delta": 0.008976}}
{"target": -138.44669383054, "params": {"gamma": 0.14190884963023712, "prior": 7.187862424677705, "rate": 5.645418704088501}, "datetime": {"datetime": "2024-06-14 05:06:40", "elapsed": 2.22056, "delta": 0.007978}}
{"target": -348.4969161003557, "params": {"gamma": 7.945988933496338, "prior": 5.12009124051295, "rate": 7.918418574002035}, "datetime": {"datetime": "2024-06-14 05:06:40", "elapsed": 2.229462, "delta": 0.008902}}
{"target": -399.6926323048156, "params": {"gamma": 6.957946378504123, "prior": 7.800699920905836, "rate": 4.065422206901887}, "datetime": {"datetime": "2024-06-14 05:06:40", "elapsed": 2.238438, "delta": 0.008976}}
{"target": -285.34019513900734, "params": {"gamma": 6.478058561241625, "prior": 1.8799635471604466, "rate": 3.2188778139156518}, "datetime": {"datetime": "2024-06-14 05:06:40", "elapsed": 2.247414, "delta": 0.008976}}
{"target": -151.63711803407617, "params": {"gamma": 1.7268735965778053, "prior": 4.145508527631297, "rate": 2.4149460609080227}, "datetime": {"datetime": "2024-06-14 05:06:40", "elapsed": 2.25639, "delta": 0.008976}}
{"target": -269.51672875605817, "params": {"gamma": 4.069813019299451, "prior": 9.75470119012939, "rate": 3.2038729388944907}, "datetime": {"datetime": "2024-06-14 05:06:40", "elapsed": 2.265366, "delta": 0.008976}}
{"target": -542.4401495721683, "params": {"gamma": 9.824926958803978, "prior": 6.399430645974237, "rate": 3.7515350929207165}, "datetime": {"datetime": "2024-06-14 05:06:40", "elapsed": 2.274347, "delta": 0.008981}}
{"target": -510.0943302691753, "params": {"gamma": 8.574987506336882, "prior": 6.2339087197488805, "rate": 2.521078768228263}, "datetime": {"datetime": "2024-06-14 05:06:40", "elapsed": 2.282326, "delta": 0.007979}}
{"target": -409.75457136607105, "params": {"gamma": 7.9287639240909, "prior": 4.386091236468214, "rate": 3.5757541621370836}, "datetime": {"datetime": "2024-06-14 05:06:40", "elapsed": 2.291301, "delta": 0.008975}}
{"target": -224.95699653107386, "params": {"gamma": 3.3034390883142843, "prior": 7.003951868570081, "rate": 2.6872325889383593}, "datetime": {"datetime": "2024-06-14 05:06:40", "elapsed": 2.300277, "delta": 0.008976}}
{"target": -341.14273717421133, "params": {"gamma": 8.082971859040095, "prior": 3.0233590645584933, "rate": 5.441669714469987}, "datetime": {"datetime": "2024-06-14 05:06:40", "elapsed": 2.309254, "delta": 0.008977}}
{"target": -252.52825169240458, "params": {"gamma": 4.879726996560219, "prior": 8.56802848469416, "rate": 8.883975957519464}, "datetime": {"datetime": "2024-06-14 05:06:40", "elapsed": 2.318004, "delta": 0.00875}}
{"target": -138.0008142599883, "params": {"gamma": 1.8446600392352996, "prior": 5.894949743488685, "rate": 8.982152255125355}, "datetime": {"datetime": "2024-06-14 05:06:40", "elapsed": 2.325983, "delta": 0.007979}}
{"target": -294.02235960511746, "params": {"gamma": 4.461726073125263, "prior": 9.226496224289772, "rate": 2.790629913679252}, "datetime": {"datetime": "2024-06-14 05:06:40", "elapsed": 2.334958, "delta": 0.008975}}
{"target": -381.02258481570584, "params": {"gamma": 6.0887029107637645, "prior": 6.856291726691472, "rate": 2.2828291277714907}, "datetime": {"datetime": "2024-06-14 05:06:40", "elapsed": 2.343934, "delta": 0.008976}}
{"target": -135.78527821685233, "params": {"gamma": 0.13866135806461027, "prior": 4.225567227469891, "rate": 9.384880436675484}, "datetime": {"datetime": "2024-06-14 05:06:40", "elapsed": 2.352911, "delta": 0.008977}}
{"target": -249.13388537745178, "params": {"gamma": 3.430938070194235, "prior": 7.819468525277739, "rate": 1.7481883919612469}, "datetime": {"datetime": "2024-06-14 05:06:40", "elapsed": 2.361886, "delta": 0.008975}}
{"target": -168.4563763216228, "params": {"gamma": 3.420186410188222, "prior": 1.531517436297158, "rate": 7.167991370649615}, "datetime": {"datetime": "2024-06-14 05:06:40", "elapsed": 2.369868, "delta": 0.007982}}
{"target": -426.988681234794, "params": {"gamma": 6.993376929344446, "prior": 6.916123447694296, "rate": 2.5347069488285103}, "datetime": {"datetime": "2024-06-14 05:06:40", "elapsed": 2.378844, "delta": 0.008976}}
{"target": -298.26895349997136, "params": {"gamma": 6.923908856112466, "prior": 2.350245655067901, "rate": 4.247066510197466}, "datetime": {"datetime": "2024-06-14 05:06:40", "elapsed": 2.38782, "delta": 0.008976}}
{"target": -275.049599650269, "params": {"gamma": 3.7198492945552046, "prior": 3.61754832503921, "rate": 0.5774904176053226}, "datetime": {"datetime": "2024-06-14 05:06:40", "elapsed": 2.396796, "delta": 0.008976}}
{"target": -327.9344024026001, "params": {"gamma": 6.316834622032531, "prior": 7.102434366548825, "rate": 6.136273356333854}, "datetime": {"datetime": "2024-06-14 05:06:40", "elapsed": 2.405771, "delta": 0.008975}}
{"target": -338.01542155825183, "params": {"gamma": 6.483479248875083, "prior": 1.7824130707508519, "rate": 1.495318542589686}, "datetime": {"datetime": "2024-06-14 05:06:40", "elapsed": 2.414748, "delta": 0.008977}}
{"target": -347.7030215062123, "params": {"gamma": 5.142236260215303, "prior": 8.765793990909938, "rate": 1.8403504620306732}, "datetime": {"datetime": "2024-06-14 05:06:40", "elapsed": 2.423724, "delta": 0.008976}}
{"target": -237.267254000888, "params": {"gamma": 4.628928347963892, "prior": 4.3464301068960385, "rate": 4.973394570009244}, "datetime": {"datetime": "2024-06-14 05:06:40", "elapsed": 2.43175, "delta": 0.008026}}
{"target": -143.98050124144012, "params": {"gamma": 1.6159461940896331, "prior": 3.4901623472346244, "rate": 2.6195421606310987}, "datetime": {"datetime": "2024-06-14 05:06:40", "elapsed": 2.440726, "delta": 0.008976}}
{"target": -478.3046217288949, "params": {"gamma": 8.44542490535156, "prior": 8.023289233186377, "rate": 4.266964943523168}, "datetime": {"datetime": "2024-06-14 05:06:40", "elapsed": 2.449702, "delta": 0.008976}}
{"target": -246.62803251859174, "params": {"gamma": 6.070547592429601, "prior": 1.5401095416355777, "rate": 5.096623328881369}, "datetime": {"datetime": "2024-06-14 05:06:40", "elapsed": 2.458678, "delta": 0.008976}}
{"target": -186.8562425719007, "params": {"gamma": 2.9701739107832585, "prior": 8.61054444033509, "rate": 6.716312210682993}, "datetime": {"datetime": "2024-06-14 05:06:40", "elapsed": 2.467167, "delta": 0.008489}}
{"target": -253.88518653757328, "params": {"gamma": 6.335106652211588, "prior": 1.3350378706848745, "rate": 4.706408207109359}, "datetime": {"datetime": "2024-06-14 05:06:40", "elapsed": 2.476138, "delta": 0.008971}}
{"target": -527.0836413061388, "params": {"gamma": 9.865741223089229, "prior": 9.488161823319384, "rate": 6.451211316964176}, "datetime": {"datetime": "2024-06-14 05:06:40", "elapsed": 2.484117, "delta": 0.007979}}
{"target": -139.0657166715183, "params": {"gamma": 1.5180969854487043, "prior": 6.427355802327059, "rate": 5.657055463326731}, "datetime": {"datetime": "2024-06-14 05:06:40", "elapsed": 2.493092, "delta": 0.008975}}
{"target": -230.58078259662628, "params": {"gamma": 4.6871897107748595, "prior": 4.337570947735874, "rate": 5.993098286824644}, "datetime": {"datetime": "2024-06-14 05:06:40", "elapsed": 2.502069, "delta": 0.008977}}
{"target": -443.8323453201528, "params": {"gamma": 8.499848915271139, "prior": 7.53609829968218, "rate": 5.794026042432034}, "datetime": {"datetime": "2024-06-14 05:06:40", "elapsed": 2.511044, "delta": 0.008975}}
{"target": -380.3913571934748, "params": {"gamma": 9.247117111178744, "prior": 0.7409258360713337, "rate": 9.913473740809359}, "datetime": {"datetime": "2024-06-14 05:06:40", "elapsed": 2.52002, "delta": 0.008976}}
{"target": -124.07131165025457, "params": {"gamma": 0.5308924321372274, "prior": 2.0750059067717572, "rate": 4.228103863783965}, "datetime": {"datetime": "2024-06-14 05:06:40", "elapsed": 2.527999, "delta": 0.007979}}
{"target": -165.26658822844368, "params": {"gamma": 1.0759812529754917, "prior": 6.274337068877248, "rate": 0.4808776479246243}, "datetime": {"datetime": "2024-06-14 05:06:40", "elapsed": 2.536975, "delta": 0.008976}}
{"target": -157.76902840476785, "params": {"gamma": 2.8469541861884147, "prior": 0.7042631430847438, "rate": 7.035489791719707}, "datetime": {"datetime": "2024-06-14 05:06:40", "elapsed": 2.545429, "delta": 0.008454}}
{"target": -389.67710313162877, "params": {"gamma": 6.684893219727232, "prior": 3.847947873180962, "rate": 1.8827544060381822}, "datetime": {"datetime": "2024-06-14 05:06:40", "elapsed": 2.555402, "delta": 0.009973}}
{"target": -303.54392937986614, "params": {"gamma": 7.4703012854704225, "prior": 3.469754978578126, "rate": 7.953216372889023}, "datetime": {"datetime": "2024-06-14 05:06:40", "elapsed": 2.563382, "delta": 0.00798}}
{"target": -372.62081815941, "params": {"gamma": 4.879521490857024, "prior": 5.304127499074696, "rate": 0.28588000406618064}, "datetime": {"datetime": "2024-06-14 05:06:40", "elapsed": 2.572357, "delta": 0.008975}}
{"target": -356.77912633139306, "params": {"gamma": 6.442675966770439, "prior": 3.5714993740784573, "rate": 2.292821067893365}, "datetime": {"datetime": "2024-06-14 05:06:40", "elapsed": 2.58134, "delta": 0.008983}}
{"target": -223.4486346019625, "params": {"gamma": 4.339399878740795, "prior": 3.8864278269820844, "rate": 4.698420611823517}, "datetime": {"datetime": "2024-06-14 05:06:40", "elapsed": 2.590308, "delta": 0.008968}}
{"target": -391.4518048062705, "params": {"gamma": 9.794854058443883, "prior": 3.7073428966454816, "rate": 7.744326923227059}, "datetime": {"datetime": "2024-06-14 05:06:40", "elapsed": 2.599285, "delta": 0.008977}}
{"target": -339.46688868347934, "params": {"gamma": 5.528123197902375, "prior": 8.90239778216408, "rate": 3.55017355864457}, "datetime": {"datetime": "2024-06-14 05:06:40", "elapsed": 2.607263, "delta": 0.007978}}
{"target": -232.62213497952874, "params": {"gamma": 2.455941283184888, "prior": 9.119090472603986, "rate": 0.43629910331389593}, "datetime": {"datetime": "2024-06-14 05:06:40", "elapsed": 2.616239, "delta": 0.008976}}
{"target": -510.10046770516897, "params": {"gamma": 9.507583527181962, "prior": 5.60842846514216, "rate": 3.764255803654188}, "datetime": {"datetime": "2024-06-14 05:06:40", "elapsed": 2.625215, "delta": 0.008976}}
{"target": -379.84843672197223, "params": {"gamma": 9.950528171068772, "prior": 0.6777901968615533, "rate": 5.167546891316355}, "datetime": {"datetime": "2024-06-14 05:06:40", "elapsed": 2.634191, "delta": 0.008976}}
