{"target": -160.12275978632974, "params": {"gamma": 0.7466661384435471, "prior": 3.766026368361488, "rate": 1.235065179287484}, "datetime": {"datetime": "2024-06-14 12:57:14", "elapsed": 3.602693, "delta": 0.008976}}
{"target": -652.9209808669351, "params": {"gamma": 6.345552644202125, "prior": 4.1978064727211475, "rate": 9.909165409621975}, "datetime": {"datetime": "2024-06-14 12:57:14", "elapsed": 3.612556, "delta": 0.009863}}
{"target": -954.0166822097684, "params": {"gamma": 9.299626280909525, "prior": 1.5774367198665253, "rate": 3.9494277431054683}, "datetime": {"datetime": "2024-06-14 12:57:14", "elapsed": 3.621531, "delta": 0.008975}}
{"target": -438.5788969761882, "params": {"gamma": 4.6163355299129, "prior": 5.6533926757072575, "rate": 7.803854869369396}, "datetime": {"datetime": "2024-06-14 12:57:14", "elapsed": 3.630507, "delta": 0.008976}}
{"target": -387.45691534226097, "params": {"gamma": 4.872451896825164, "prior": 4.257936164901384, "rate": 2.6207350474886373}, "datetime": {"datetime": "2024-06-14 12:57:14", "elapsed": 3.639483, "delta": 0.008976}}
{"target": -1219.3153938979615, "params": {"gamma": 9.108150584728497, "prior": 0.32048796417476116, "rate": 8.211397860291427}, "datetime": {"datetime": "2024-06-14 12:57:14", "elapsed": 3.648459, "delta": 0.008976}}
{"target": -204.607108272435, "params": {"gamma": 1.8854955282645185, "prior": 6.888993301808218, "rate": 3.552738684007098}, "datetime": {"datetime": "2024-06-14 12:57:14", "elapsed": 3.657435, "delta": 0.008976}}
{"target": -883.2803613269427, "params": {"gamma": 9.742152066323019, "prior": 1.3154440815492576, "rate": 1.8765113562797784}, "datetime": {"datetime": "2024-06-14 12:57:14", "elapsed": 3.666411, "delta": 0.008976}}
{"target": -643.7106532412529, "params": {"gamma": 8.894535312169324, "prior": 5.875722514621456, "rate": 3.0931546002031376}, "datetime": {"datetime": "2024-06-14 12:57:14", "elapsed": 3.675387, "delta": 0.008976}}
{"target": -151.14651773834484, "params": {"gamma": 0.008643090396402046, "prior": 2.353217609390305, "rate": 1.4548909380781856}, "datetime": {"datetime": "2024-06-14 12:57:14", "elapsed": 3.684668, "delta": 0.009281}}
{"target": -230.42569447106237, "params": {"gamma": 2.035134809876536, "prior": 8.973593312359645, "rate": 8.731070688318136}, "datetime": {"datetime": "2024-06-14 12:57:14", "elapsed": 3.693703, "delta": 0.009035}}
{"target": -672.9962184777753, "params": {"gamma": 7.0031940868968645, "prior": 4.757926993906869, "rate": 8.271532887320552}, "datetime": {"datetime": "2024-06-14 12:57:15", "elapsed": 3.702679, "delta": 0.008976}}
{"target": -409.00239091585763, "params": {"gamma": 4.958768144455039, "prior": 3.698537964520562, "rate": 2.7567554245058266}, "datetime": {"datetime": "2024-06-14 12:57:15", "elapsed": 3.711169, "delta": 0.00849}}
{"target": -814.6204656684497, "params": {"gamma": 9.247483394570178, "prior": 3.931193419137293, "rate": 4.929315853439772}, "datetime": {"datetime": "2024-06-14 12:57:15", "elapsed": 3.721142, "delta": 0.009973}}
{"target": -231.43328757038276, "params": {"gamma": 2.5451265850419067, "prior": 8.861168536496827, "rate": 3.833251304596062}, "datetime": {"datetime": "2024-06-14 12:57:15", "elapsed": 3.730118, "delta": 0.008976}}
{"target": -239.03170601763685, "params": {"gamma": 2.9764495784234386, "prior": 7.2041901257280685, "rate": 1.909508561779902}, "datetime": {"datetime": "2024-06-14 12:57:15", "elapsed": 3.739094, "delta": 0.008976}}
{"target": -183.66499369293908, "params": {"gamma": 1.1828081008410374, "prior": 8.386278043913771, "rate": 7.441615077773983}, "datetime": {"datetime": "2024-06-14 12:57:15", "elapsed": 3.74807, "delta": 0.008976}}
{"target": -616.5802317802975, "params": {"gamma": 5.905614955923525, "prior": 2.5046265921522197, "rate": 6.2328482047306535}, "datetime": {"datetime": "2024-06-14 12:57:15", "elapsed": 3.758043, "delta": 0.009973}}
{"target": -408.7609586488174, "params": {"gamma": 6.383914852090989, "prior": 3.342937496712019, "rate": 0.6758259413323553}, "datetime": {"datetime": "2024-06-14 12:57:15", "elapsed": 3.767019, "delta": 0.008976}}
{"target": -827.3360305750447, "params": {"gamma": 8.805505437045703, "prior": 4.6535716376351575, "rate": 7.638963307946233}, "datetime": {"datetime": "2024-06-14 12:57:15", "elapsed": 3.775995, "delta": 0.008976}}
{"target": -249.0366753114233, "params": {"gamma": 2.539632320806454, "prior": 5.954733104448417, "rate": 4.288522808327629}, "datetime": {"datetime": "2024-06-14 12:57:15", "elapsed": 3.784971, "delta": 0.008976}}
{"target": -394.29129431805694, "params": {"gamma": 3.8216243248488464, "prior": 1.3544625000845356, "rate": 2.4434223654265494}, "datetime": {"datetime": "2024-06-14 12:57:15", "elapsed": 3.793947, "delta": 0.008976}}
{"target": -176.73365464858284, "params": {"gamma": 0.7943364880002312, "prior": 3.098297216704028, "rate": 7.417306297515323}, "datetime": {"datetime": "2024-06-14 12:57:15", "elapsed": 3.802923, "delta": 0.008976}}
{"target": -369.62427611021064, "params": {"gamma": 6.150542233985518, "prior": 6.7568698794458655, "rate": 0.08482241217079087}, "datetime": {"datetime": "2024-06-14 12:57:15", "elapsed": 3.838827, "delta": 0.035904}}
{"target": -486.92336023896485, "params": {"gamma": 6.784091345540948, "prior": 5.081488836374581, "rate": 2.309853596391308}, "datetime": {"datetime": "2024-06-14 12:57:15", "elapsed": 3.847803, "delta": 0.008976}}
{"target": -255.3814988712514, "params": {"gamma": 1.7497901933102402, "prior": 1.9313313589532155, "rate": 8.44275579074591}, "datetime": {"datetime": "2024-06-14 12:57:15", "elapsed": 3.856809, "delta": 0.009006}}
{"target": -664.4025197939784, "params": {"gamma": 9.825915303261548, "prior": 9.146022285932153, "rate": 3.4743468343077555}, "datetime": {"datetime": "2024-06-14 12:57:15", "elapsed": 3.865756, "delta": 0.008947}}
{"target": -719.7778329444203, "params": {"gamma": 7.802465572333946, "prior": 5.509900447944164, "rate": 8.16460753316182}, "datetime": {"datetime": "2024-06-14 12:57:15", "elapsed": 3.87476, "delta": 0.009004}}
{"target": -452.87510427004764, "params": {"gamma": 4.8377857849378705, "prior": 5.9405178531640965, "rate": 7.872847211795091}, "datetime": {"datetime": "2024-06-14 12:57:15", "elapsed": 3.884705, "delta": 0.009945}}
{"target": -172.87021073478897, "params": {"gamma": 1.0032461963882202, "prior": 5.416370456721353, "rate": 3.660467483349873}, "datetime": {"datetime": "2024-06-14 12:57:15", "elapsed": 3.893681, "delta": 0.008976}}
{"target": -431.135674861415, "params": {"gamma": 6.043464129845054, "prior": 9.592144904806304, "rate": 3.9288366270246278}, "datetime": {"datetime": "2024-06-14 12:57:15", "elapsed": 3.902657, "delta": 0.008976}}
{"target": -344.43847500395555, "params": {"gamma": 3.930337006418223, "prior": 7.927306236537028, "rate": 6.451138912455179}, "datetime": {"datetime": "2024-06-14 12:57:15", "elapsed": 3.911634, "delta": 0.008977}}
{"target": -323.6114990778085, "params": {"gamma": 3.9394461945459094, "prior": 6.920654977479489, "rate": 4.040612088934736}, "datetime": {"datetime": "2024-06-14 12:57:15", "elapsed": 3.920609, "delta": 0.008975}}
{"target": -188.41053028792314, "params": {"gamma": 1.3619954293269727, "prior": 4.561368359854131, "rate": 3.3448595075800287}, "datetime": {"datetime": "2024-06-14 12:57:15", "elapsed": 3.929585, "delta": 0.008976}}
{"target": -229.8512338827902, "params": {"gamma": 2.180471331681618, "prior": 9.265170536200754, "rate": 6.896704351396498}, "datetime": {"datetime": "2024-06-14 12:57:15", "elapsed": 3.939558, "delta": 0.009973}}
{"target": -478.8971765357803, "params": {"gamma": 5.988610085343597, "prior": 7.49190897401775, "rate": 5.420168646652644}, "datetime": {"datetime": "2024-06-14 12:57:15", "elapsed": 3.948534, "delta": 0.008976}}
{"target": -583.6112359577647, "params": {"gamma": 7.005630193122407, "prior": 9.312542210573467, "rate": 8.626304328357714}, "datetime": {"datetime": "2024-06-14 12:57:15", "elapsed": 3.95751, "delta": 0.008976}}
{"target": -184.69001972546695, "params": {"gamma": 1.6752511332077065, "prior": 2.705076336846355, "rate": 0.7170311841386036}, "datetime": {"datetime": "2024-06-14 12:57:15", "elapsed": 3.966486, "delta": 0.008976}}
{"target": -1018.1622534746491, "params": {"gamma": 9.786749378778312, "prior": 2.4402025767377182, "rate": 6.6063229609300596}, "datetime": {"datetime": "2024-06-14 12:57:15", "elapsed": 3.975462, "delta": 0.008976}}
{"target": -181.94583499360968, "params": {"gamma": 0.8972173585756926, "prior": 2.1866323266614858, "rate": 5.028741010800528}, "datetime": {"datetime": "2024-06-14 12:57:15", "elapsed": 3.985435, "delta": 0.009973}}
{"target": -183.72030579692196, "params": {"gamma": 1.0504317296309502, "prior": 3.9498466866777715, "rate": 5.3803392136766695}, "datetime": {"datetime": "2024-06-14 12:57:15", "elapsed": 3.996406, "delta": 0.010971}}
{"target": -317.8955977711799, "params": {"gamma": 3.3927026446661146, "prior": 5.603412090153097, "rate": 5.368146451102699}, "datetime": {"datetime": "2024-06-14 12:57:15", "elapsed": 4.009371, "delta": 0.012965}}
{"target": -355.13654112183076, "params": {"gamma": 3.906714376870321, "prior": 6.993073822700919, "rate": 6.785146057525243}, "datetime": {"datetime": "2024-06-14 12:57:15", "elapsed": 4.017921, "delta": 0.00855}}
{"target": -526.7394064876694, "params": {"gamma": 6.8733441905945245, "prior": 5.6587634621138045, "rate": 3.5814410602153455}, "datetime": {"datetime": "2024-06-14 12:57:15", "elapsed": 4.027895, "delta": 0.009974}}
{"target": -475.97733604953174, "params": {"gamma": 6.131510241334756, "prior": 9.363789039421178, "rate": 5.969288360934786}, "datetime": {"datetime": "2024-06-14 12:57:15", "elapsed": 4.03687, "delta": 0.008975}}
{"target": -919.2869744905095, "params": {"gamma": 9.795922153419893, "prior": 4.465965542047824, "rate": 7.39638001311296}, "datetime": {"datetime": "2024-06-14 12:57:15", "elapsed": 4.045847, "delta": 0.008977}}
{"target": -155.5166806258677, "params": {"gamma": 0.3770011826173517, "prior": 7.6707937261048125, "rate": 5.1832975216877974}, "datetime": {"datetime": "2024-06-14 12:57:15", "elapsed": 4.054823, "delta": 0.008976}}
{"target": -151.50727368717526, "params": {"gamma": 0.05416001307807128, "prior": 2.8442810373477254, "rate": 5.348787492965596}, "datetime": {"datetime": "2024-06-14 12:57:15", "elapsed": 4.063799, "delta": 0.008976}}
{"target": -951.3968367093504, "params": {"gamma": 7.679860819934835, "prior": 0.6256166949799984, "rate": 5.490985385061347}, "datetime": {"datetime": "2024-06-14 12:57:15", "elapsed": 4.072774, "delta": 0.008975}}
{"target": -731.613673623301, "params": {"gamma": 8.010144563427762, "prior": 6.530872243296941, "rate": 9.314538702914113}, "datetime": {"datetime": "2024-06-14 12:57:15", "elapsed": 4.082748, "delta": 0.009974}}
{"target": -176.5571079899299, "params": {"gamma": 0.7482397187025968, "prior": 2.8403839797458077, "rate": 9.192455805057469}, "datetime": {"datetime": "2024-06-14 12:57:15", "elapsed": 4.091724, "delta": 0.008976}}
{"target": -694.9973033775649, "params": {"gamma": 7.650286477833132, "prior": 6.037429410273777, "rate": 8.329848470226867}, "datetime": {"datetime": "2024-06-14 12:57:15", "elapsed": 4.1007, "delta": 0.008976}}
{"target": -753.390099082864, "params": {"gamma": 8.960538872258445, "prior": 9.729931493242967, "rate": 9.98520655039097}, "datetime": {"datetime": "2024-06-14 12:57:15", "elapsed": 4.110275, "delta": 0.009575}}
{"target": -194.34291767488867, "params": {"gamma": 1.3973536875073507, "prior": 0.7983662429626219, "rate": 0.7355930769468734}, "datetime": {"datetime": "2024-06-14 12:57:15", "elapsed": 4.118787, "delta": 0.008512}}
{"target": -151.34776769279156, "params": {"gamma": 0.14842316520856935, "prior": 9.721018722481467, "rate": 0.9485743976558341}, "datetime": {"datetime": "2024-06-14 12:57:15", "elapsed": 4.127763, "delta": 0.008976}}
{"target": -651.3561257827181, "params": {"gamma": 8.417526525032311, "prior": 6.883212669386226, "rate": 4.876084117661699}, "datetime": {"datetime": "2024-06-14 12:57:15", "elapsed": 4.137736, "delta": 0.009973}}
{"target": -304.81599656525657, "params": {"gamma": 3.4676021187044235, "prior": 3.6011130919633505, "rate": 2.539134984589525}, "datetime": {"datetime": "2024-06-14 12:57:15", "elapsed": 4.146712, "delta": 0.008976}}
{"target": -507.98459656089625, "params": {"gamma": 9.110268719012566, "prior": 7.283861200399203, "rate": 0.2602320020499145}, "datetime": {"datetime": "2024-06-14 12:57:15", "elapsed": 4.15523, "delta": 0.008518}}
{"target": -300.7112198091409, "params": {"gamma": 4.615751011217899, "prior": 2.884882598114433, "rate": 0.2906328955928069}, "datetime": {"datetime": "2024-06-14 12:57:15", "elapsed": 4.164206, "delta": 0.008976}}
{"target": -614.5893663049513, "params": {"gamma": 8.846934261198635, "prior": 7.732953043751355, "rate": 3.298021057363365}, "datetime": {"datetime": "2024-06-14 12:57:15", "elapsed": 4.173182, "delta": 0.008976}}
{"target": -658.3179589374297, "params": {"gamma": 7.965789316779574, "prior": 3.3139193898096666, "rate": 3.0795165557326496}, "datetime": {"datetime": "2024-06-14 12:57:15", "elapsed": 4.182158, "delta": 0.008976}}
{"target": -672.5638836575798, "params": {"gamma": 9.281162675928762, "prior": 9.771470003263916, "rate": 5.236029491864212}, "datetime": {"datetime": "2024-06-14 12:57:15", "elapsed": 4.191164, "delta": 0.009006}}
{"target": -701.0855623467046, "params": {"gamma": 9.519399740511682, "prior": 8.891165289872, "rate": 5.180807583382493}, "datetime": {"datetime": "2024-06-14 12:57:15", "elapsed": 4.201108, "delta": 0.009944}}
{"target": -315.67083686976497, "params": {"gamma": 3.728115272172759, "prior": 7.132510325364133, "rate": 4.5569786029958985}, "datetime": {"datetime": "2024-06-14 12:57:15", "elapsed": 4.210112, "delta": 0.009004}}
{"target": -491.6643299557288, "params": {"gamma": 6.052523738337006, "prior": 9.905021349210472, "rate": 7.739388583314729}, "datetime": {"datetime": "2024-06-14 12:57:15", "elapsed": 4.218689, "delta": 0.008577}}
{"target": -356.87345874409755, "params": {"gamma": 3.343429773533269, "prior": 0.9810823861415419, "rate": 1.8498709971938052}, "datetime": {"datetime": "2024-06-14 12:57:15", "elapsed": 4.228663, "delta": 0.009974}}
{"target": -526.1515916408343, "params": {"gamma": 5.2689919070424525, "prior": 4.229313939257894, "rate": 8.006795921634268}, "datetime": {"datetime": "2024-06-14 12:57:15", "elapsed": 4.239633, "delta": 0.01097}}
{"target": -1062.8915284644304, "params": {"gamma": 9.332090179528631, "prior": 1.8608610047183507, "rate": 8.600807641991286}, "datetime": {"datetime": "2024-06-14 12:57:15", "elapsed": 4.248609, "delta": 0.008976}}
{"target": -530.7276779502573, "params": {"gamma": 9.57399186834036, "prior": 9.598759007812843, "rate": 0.37958801461658453}, "datetime": {"datetime": "2024-06-14 12:57:15", "elapsed": 4.257585, "delta": 0.008976}}
{"target": -173.70908354932405, "params": {"gamma": 0.576777472576129, "prior": 0.15739418988512105, "rate": 3.127498880398609}, "datetime": {"datetime": "2024-06-14 12:57:15", "elapsed": 4.266561, "delta": 0.008976}}
{"target": -162.0465373840482, "params": {"gamma": 0.5579284287083343, "prior": 3.0092386061583873, "rate": 3.5608088438258343}, "datetime": {"datetime": "2024-06-14 12:57:15", "elapsed": 4.275537, "delta": 0.008976}}
{"target": -700.8974316040941, "params": {"gamma": 9.536816507720744, "prior": 4.821814132619101, "rate": 2.783106185770882}, "datetime": {"datetime": "2024-06-14 12:57:15", "elapsed": 4.284513, "delta": 0.008976}}
{"target": -330.90800377043354, "params": {"gamma": 5.030548945314497, "prior": 6.469243454026442, "rate": 1.1133454800017826}, "datetime": {"datetime": "2024-06-14 12:57:15", "elapsed": 4.294516, "delta": 0.010003}}
{"target": -637.7057405038387, "params": {"gamma": 7.580858519672953, "prior": 8.534263135744226, "rate": 8.442654345834713}, "datetime": {"datetime": "2024-06-14 12:57:15", "elapsed": 4.303492, "delta": 0.008976}}
{"target": -768.6409090228378, "params": {"gamma": 8.905177817288482, "prior": 3.8802397278820355, "rate": 4.438608178466819}, "datetime": {"datetime": "2024-06-14 12:57:15", "elapsed": 4.312439, "delta": 0.008947}}
{"target": -195.97773209674574, "params": {"gamma": 1.0167131779857155, "prior": 2.335488532069228, "rate": 9.713233372262836}, "datetime": {"datetime": "2024-06-14 12:57:15", "elapsed": 4.321415, "delta": 0.008976}}
{"target": -281.99673635068183, "params": {"gamma": 2.8469550657183857, "prior": 9.083221808185874, "rate": 8.905632311496733}, "datetime": {"datetime": "2024-06-14 12:57:15", "elapsed": 4.33039, "delta": 0.008975}}
{"target": -1072.6221303074133, "params": {"gamma": 9.225122468106674, "prior": 1.645880687963868, "rate": 8.797341712870308}, "datetime": {"datetime": "2024-06-14 12:57:15", "elapsed": 4.339753, "delta": 0.009363}}
{"target": -598.668853796783, "params": {"gamma": 6.320317509680909, "prior": 2.1852189663461443, "rate": 3.4518140318860318}, "datetime": {"datetime": "2024-06-14 12:57:15", "elapsed": 4.348731, "delta": 0.008978}}
{"target": -178.95522629047355, "params": {"gamma": 1.6000279671042428, "prior": 4.499046758716659, "rate": 0.8386657635007598}, "datetime": {"datetime": "2024-06-14 12:57:15", "elapsed": 4.357711, "delta": 0.00898}}
{"target": -240.85665738305892, "params": {"gamma": 1.654019586311918, "prior": 2.052243830020026, "rate": 6.910582388225486}, "datetime": {"datetime": "2024-06-14 12:57:15", "elapsed": 4.366715, "delta": 0.009004}}
{"target": -388.42645288863497, "params": {"gamma": 5.738454888784365, "prior": 8.745899026963649, "rate": 2.447096023126362}, "datetime": {"datetime": "2024-06-14 12:57:15", "elapsed": 4.376659, "delta": 0.009944}}
{"target": -807.9990587605847, "params": {"gamma": 6.296449959232413, "prior": 0.4408695265402466, "rate": 5.162468412309614}, "datetime": {"datetime": "2024-06-14 12:57:15", "elapsed": 4.385664, "delta": 0.009005}}
{"target": -485.7852095757577, "params": {"gamma": 8.632401590656782, "prior": 9.842852784460677, "rate": 0.09971988061382621}, "datetime": {"datetime": "2024-06-14 12:57:15", "elapsed": 4.394613, "delta": 0.008949}}
{"target": -214.3535867739794, "params": {"gamma": 2.5291619792860742, "prior": 2.316111736242501, "rate": 0.4763284046833772}, "datetime": {"datetime": "2024-06-14 12:57:15", "elapsed": 4.403591, "delta": 0.008978}}
{"target": -151.21429391315903, "params": {"gamma": 0.10271439016149476, "prior": 4.952933591217894, "rate": 0.4557759745572704}, "datetime": {"datetime": "2024-06-14 12:57:15", "elapsed": 4.412568, "delta": 0.008977}}
{"target": -245.48381551353938, "params": {"gamma": 2.784002980338173, "prior": 6.435748234178231, "rate": 2.9476257235674814}, "datetime": {"datetime": "2024-06-14 12:57:15", "elapsed": 4.42254, "delta": 0.009972}}
{"target": -253.3939803505304, "params": {"gamma": 2.6972773568893555, "prior": 5.946410570211314, "rate": 3.805960238019191}, "datetime": {"datetime": "2024-06-14 12:57:15", "elapsed": 4.431558, "delta": 0.009018}}
{"target": -628.5837548819994, "params": {"gamma": 7.025527816580048, "prior": 5.011627117373624, "rate": 6.33245944879897}, "datetime": {"datetime": "2024-06-14 12:57:15", "elapsed": 4.440527, "delta": 0.008969}}
{"target": -286.14107198228686, "params": {"gamma": 3.5345900756692927, "prior": 2.9417350669395357, "rate": 1.3329379303972684}, "datetime": {"datetime": "2024-06-14 12:57:15", "elapsed": 4.449518, "delta": 0.008991}}
{"target": -810.2769275522162, "params": {"gamma": 9.370866767604843, "prior": 8.067874875556367, "rate": 9.380347403020368}, "datetime": {"datetime": "2024-06-14 12:57:15", "elapsed": 4.458494, "delta": 0.008976}}
{"target": -220.81725857893247, "params": {"gamma": 1.8546198659533752, "prior": 9.338242051949933, "rate": 9.357596323713638}, "datetime": {"datetime": "2024-06-14 12:57:15", "elapsed": 4.467473, "delta": 0.008979}}
{"target": -316.98261745872196, "params": {"gamma": 2.8361615915229414, "prior": 2.8188790593962434, "rate": 5.514764305160052}, "datetime": {"datetime": "2024-06-14 12:57:15", "elapsed": 4.476451, "delta": 0.008978}}
{"target": -198.47692306042677, "params": {"gamma": 1.8537071044461548, "prior": 4.476800995204981, "rate": 1.8539911417309063}, "datetime": {"datetime": "2024-06-14 12:57:15", "elapsed": 4.485429, "delta": 0.008978}}
{"target": -920.8429112632045, "params": {"gamma": 9.473811803621638, "prior": 4.988864109161748, "rate": 9.639213756472554}, "datetime": {"datetime": "2024-06-14 12:57:15", "elapsed": 4.494408, "delta": 0.008979}}
{"target": -639.8638346297191, "params": {"gamma": 6.449771783449607, "prior": 4.894726153020617, "rate": 9.676984764366013}, "datetime": {"datetime": "2024-06-14 12:57:15", "elapsed": 4.504383, "delta": 0.009975}}
{"target": -198.60145500871806, "params": {"gamma": 1.4327546273059197, "prior": 6.360065759198316, "rate": 6.6192217900001395}, "datetime": {"datetime": "2024-06-14 12:57:15", "elapsed": 4.513359, "delta": 0.008976}}
{"target": -544.2733617797923, "params": {"gamma": 4.3389644317001075, "prior": 0.6876365308556791, "rate": 4.927733289059168}, "datetime": {"datetime": "2024-06-14 12:57:15", "elapsed": 4.522337, "delta": 0.008978}}
{"target": -332.88289629140246, "params": {"gamma": 4.651874301237257, "prior": 8.08679342667115, "rate": 2.5673532385398095}, "datetime": {"datetime": "2024-06-14 12:57:15", "elapsed": 4.53132, "delta": 0.008983}}
{"target": -434.547649894229, "params": {"gamma": 3.914912199479702, "prior": 2.4777048514916347, "rate": 6.864747708308469}, "datetime": {"datetime": "2024-06-14 12:57:15", "elapsed": 4.540291, "delta": 0.008971}}
{"target": -1118.9876099854669, "params": {"gamma": 9.898844649917818, "prior": 1.856552414995793, "rate": 8.214645955522746}, "datetime": {"datetime": "2024-06-14 12:57:15", "elapsed": 4.549271, "delta": 0.00898}}
