{"target": -293.2751063701673, "params": {"gamma": 5.5889624922088075, "prior": 2.626743526039231, "rate": 5.1791698014639245}, "datetime": {"datetime": "2024-06-14 19:13:39", "elapsed": 14.401194, "delta": 0.009979}}
{"target": -500.26432940625034, "params": {"gamma": 9.297580185091476, "prior": 1.9346601105112133, "rate": 7.342339864091912}, "datetime": {"datetime": "2024-06-14 19:13:39", "elapsed": 14.410164, "delta": 0.00897}}
{"target": -339.9280409661645, "params": {"gamma": 8.72195678460364, "prior": 6.72761646306554, "rate": 2.0377529908899317}, "datetime": {"datetime": "2024-06-14 19:13:39", "elapsed": 14.420614, "delta": 0.01045}}
{"target": -142.32810876478365, "params": {"gamma": 1.2925307977203897, "prior": 5.198826614589597, "rate": 1.3039515035572151}, "datetime": {"datetime": "2024-06-14 19:13:39", "elapsed": 14.430588, "delta": 0.009974}}
{"target": -347.0432085911271, "params": {"gamma": 8.257174308347446, "prior": 5.284080834265936, "rate": 2.9149454507613863}, "datetime": {"datetime": "2024-06-14 19:13:39", "elapsed": 14.439592, "delta": 0.009004}}
{"target": -300.7294354748541, "params": {"gamma": 5.681699207758667, "prior": 2.6803100664115536, "rate": 5.845117576613796}, "datetime": {"datetime": "2024-06-14 19:13:39", "elapsed": 14.449537, "delta": 0.009945}}
{"target": -169.43255314646584, "params": {"gamma": 2.32199215010331, "prior": 2.268615316993386, "rate": 5.185542309916678}, "datetime": {"datetime": "2024-06-14 19:13:39", "elapsed": 14.459511, "delta": 0.009974}}
{"target": -313.5476893998165, "params": {"gamma": 8.35432241661817, "prior": 6.483230627566245, "rate": 0.9428132212047013}, "datetime": {"datetime": "2024-06-14 19:13:39", "elapsed": 14.469513, "delta": 0.010002}}
{"target": -144.50909368174544, "params": {"gamma": 1.3415491851440944, "prior": 3.963975898564573, "rate": 3.1963273640149286}, "datetime": {"datetime": "2024-06-14 19:13:39", "elapsed": 14.480034, "delta": 0.010521}}
{"target": -322.9810083723469, "params": {"gamma": 8.912314797811076, "prior": 8.92378573099424, "rate": 0.2992111861366949}, "datetime": {"datetime": "2024-06-14 19:13:39", "elapsed": 14.490006, "delta": 0.009972}}
{"target": -153.01191663603709, "params": {"gamma": 2.1060088559719117, "prior": 3.9446918559051225, "rate": 1.7645710751045083}, "datetime": {"datetime": "2024-06-14 19:13:39", "elapsed": 14.49998, "delta": 0.009974}}
{"target": -493.3947700964555, "params": {"gamma": 9.186944713043502, "prior": 1.9770256796040655, "rate": 7.3401256292133965}, "datetime": {"datetime": "2024-06-14 19:13:39", "elapsed": 14.509953, "delta": 0.009973}}
{"target": -463.7591699153211, "params": {"gamma": 9.569199419728829, "prior": 4.829408647933721, "rate": 8.142378714413438}, "datetime": {"datetime": "2024-06-14 19:13:39", "elapsed": 14.519468, "delta": 0.009515}}
{"target": -221.15438816428883, "params": {"gamma": 4.282765599393484, "prior": 8.153147623700525, "rate": 7.6172232645805815}, "datetime": {"datetime": "2024-06-14 19:13:39", "elapsed": 14.529408, "delta": 0.00994}}
{"target": -483.1659199897771, "params": {"gamma": 9.596076873702136, "prior": 3.432340065789796, "rate": 7.666177450236105}, "datetime": {"datetime": "2024-06-14 19:13:39", "elapsed": 14.539381, "delta": 0.009973}}
{"target": -415.42386618837895, "params": {"gamma": 9.216256420526488, "prior": 8.12663966088829, "rate": 8.143560581729513}, "datetime": {"datetime": "2024-06-14 19:13:39", "elapsed": 14.549355, "delta": 0.009974}}
{"target": -451.36237076544575, "params": {"gamma": 9.483034089579148, "prior": 2.9777607367995413, "rate": 4.402025448023279}, "datetime": {"datetime": "2024-06-14 19:13:39", "elapsed": 14.559328, "delta": 0.009973}}
{"target": -141.8393064382994, "params": {"gamma": 1.0614689514075122, "prior": 8.785093022870859, "rate": 3.4376495800562545}, "datetime": {"datetime": "2024-06-14 19:13:39", "elapsed": 14.569301, "delta": 0.009973}}
{"target": -439.19913640943207, "params": {"gamma": 9.052543557612724, "prior": 2.118189958793863, "rate": 3.49670854682447}, "datetime": {"datetime": "2024-06-14 19:13:39", "elapsed": 14.579275, "delta": 0.009974}}
{"target": -310.2497957404817, "params": {"gamma": 6.905103296395332, "prior": 9.234794588551267, "rate": 6.879772184061891}, "datetime": {"datetime": "2024-06-14 19:13:39", "elapsed": 14.589248, "delta": 0.009973}}
{"target": -222.59463756418674, "params": {"gamma": 3.4015950863695554, "prior": 0.49643025309015587, "rate": 3.3181754241303745}, "datetime": {"datetime": "2024-06-14 19:13:39", "elapsed": 14.599222, "delta": 0.009974}}
{"target": -244.97942400440468, "params": {"gamma": 4.762134435981242, "prior": 7.330961340576835, "rate": 8.936392304537144}, "datetime": {"datetime": "2024-06-14 19:13:39", "elapsed": 14.609229, "delta": 0.010007}}
{"target": -151.1707021112509, "params": {"gamma": 0.06408410135224346, "prior": 0.8596711762344525, "rate": 2.818623672892344}, "datetime": {"datetime": "2024-06-14 19:13:39", "elapsed": 14.619168, "delta": 0.009939}}
{"target": -255.24733000114583, "params": {"gamma": 5.356653678219738, "prior": 5.404277422789192, "rate": 4.25320952977812}, "datetime": {"datetime": "2024-06-14 19:13:39", "elapsed": 14.62865, "delta": 0.009482}}
{"target": -331.34428926287165, "params": {"gamma": 8.836490541785956, "prior": 7.300785245839415, "rate": 1.360477671934808}, "datetime": {"datetime": "2024-06-14 19:13:39", "elapsed": 14.638363, "delta": 0.009713}}
{"target": -160.26852884601064, "params": {"gamma": 2.3521283159904485, "prior": 5.10252796959535, "rate": 3.625823024683793}, "datetime": {"datetime": "2024-06-14 19:13:39", "elapsed": 14.649335, "delta": 0.010972}}
{"target": -411.61966565934154, "params": {"gamma": 8.086391818387844, "prior": 4.251421809439748, "rate": 9.41168440870445}, "datetime": {"datetime": "2024-06-14 19:13:39", "elapsed": 14.659309, "delta": 0.009974}}
{"target": -155.3531935143441, "params": {"gamma": 1.8253827869110664, "prior": 4.879596033761096, "rate": 8.942579468503189}, "datetime": {"datetime": "2024-06-14 19:13:39", "elapsed": 14.669281, "delta": 0.009972}}
{"target": -143.195428539777, "params": {"gamma": 0.6582946776379386, "prior": 2.8643934665653927, "rate": 2.0285264812184285}, "datetime": {"datetime": "2024-06-14 19:13:40", "elapsed": 14.680251, "delta": 0.01097}}
{"target": -483.4871203860718, "params": {"gamma": 9.848142780102968, "prior": 4.737692189034398, "rate": 8.881823309179376}, "datetime": {"datetime": "2024-06-14 19:13:40", "elapsed": 14.690225, "delta": 0.009974}}
{"target": -451.10578380550953, "params": {"gamma": 8.539400167342631, "prior": 1.1292889740891987, "rate": 3.500085683547541}, "datetime": {"datetime": "2024-06-14 19:13:40", "elapsed": 14.700199, "delta": 0.009974}}
{"target": -250.45224972778072, "params": {"gamma": 4.967458463909608, "prior": 8.801060937259923, "rate": 9.818558826019503}, "datetime": {"datetime": "2024-06-14 19:13:40", "elapsed": 14.71117, "delta": 0.010971}}
{"target": -193.0510262379859, "params": {"gamma": 3.370152344242372, "prior": 7.8412910908400715, "rate": 8.587314644739731}, "datetime": {"datetime": "2024-06-14 19:13:40", "elapsed": 14.72065, "delta": 0.00948}}
{"target": -188.67131583676294, "params": {"gamma": 2.8132116645345953, "prior": 2.0693816102392013, "rate": 6.46649017792085}, "datetime": {"datetime": "2024-06-14 19:13:40", "elapsed": 14.733615, "delta": 0.012965}}
{"target": -322.25292510145107, "params": {"gamma": 5.641829191069348, "prior": 1.630298027663653, "rate": 7.421983140023526}, "datetime": {"datetime": "2024-06-14 19:13:40", "elapsed": 14.743589, "delta": 0.009974}}
{"target": -182.89985315593614, "params": {"gamma": 3.6015667876147712, "prior": 6.08627280178168, "rate": 0.06592323285271869}, "datetime": {"datetime": "2024-06-14 19:13:40", "elapsed": 14.753562, "delta": 0.009973}}
{"target": -260.69363249819935, "params": {"gamma": 5.905563148843087, "prior": 7.360917509441076, "rate": 3.457397702569941}, "datetime": {"datetime": "2024-06-14 19:13:40", "elapsed": 14.763535, "delta": 0.009973}}
{"target": -348.6109990737617, "params": {"gamma": 7.593538905555558, "prior": 4.327004199431187, "rate": 4.2325773823623205}, "datetime": {"datetime": "2024-06-14 19:13:40", "elapsed": 14.773509, "delta": 0.009974}}
{"target": -182.77535013877363, "params": {"gamma": 2.994227023324736, "prior": 7.436483296398663, "rate": 9.17093155390691}, "datetime": {"datetime": "2024-06-14 19:13:40", "elapsed": 14.783482, "delta": 0.009973}}
{"target": -223.33873229921224, "params": {"gamma": 4.431569286643207, "prior": 9.87114802409179, "rate": 7.995077879366126}, "datetime": {"datetime": "2024-06-14 19:13:40", "elapsed": 14.793455, "delta": 0.009973}}
{"target": -189.1599984287838, "params": {"gamma": 3.1130412574876014, "prior": 2.407742452022888, "rate": 3.5900011043724316}, "datetime": {"datetime": "2024-06-14 19:13:40", "elapsed": 14.804426, "delta": 0.010971}}
{"target": -221.1647504291279, "params": {"gamma": 4.047288190987675, "prior": 5.009393075339859, "rate": 7.015635889608674}, "datetime": {"datetime": "2024-06-14 19:13:40", "elapsed": 14.814399, "delta": 0.009973}}
{"target": -481.30012462106407, "params": {"gamma": 8.410142349236114, "prior": 0.6848328152847544, "rate": 4.531267048059634}, "datetime": {"datetime": "2024-06-14 19:13:40", "elapsed": 14.823881, "delta": 0.009482}}
{"target": -228.3073726604931, "params": {"gamma": 4.276131343403098, "prior": 4.29792090355555, "rate": 5.637207208839824}, "datetime": {"datetime": "2024-06-14 19:13:40", "elapsed": 14.833854, "delta": 0.009973}}
{"target": -487.9695210942334, "params": {"gamma": 9.3980782998847, "prior": 3.3701820193455276, "rate": 9.489732453291571}, "datetime": {"datetime": "2024-06-14 19:13:40", "elapsed": 14.843828, "delta": 0.009974}}
{"target": -167.8013678542056, "params": {"gamma": 2.4595966948386168, "prior": 5.529209774430184, "rate": 7.134294959360631}, "datetime": {"datetime": "2024-06-14 19:13:40", "elapsed": 14.853801, "delta": 0.009973}}
{"target": -410.8286869115532, "params": {"gamma": 8.806336338229208, "prior": 7.838817028821818, "rate": 9.657646828616505}, "datetime": {"datetime": "2024-06-14 19:13:40", "elapsed": 14.863775, "delta": 0.009974}}
{"target": -258.4333428515363, "params": {"gamma": 5.511879884156932, "prior": 9.063720741650819, "rate": 6.547188885206358}, "datetime": {"datetime": "2024-06-14 19:13:40", "elapsed": 14.873748, "delta": 0.009973}}
{"target": -165.275149965141, "params": {"gamma": 1.6909319518823145, "prior": 0.4035410799066549, "rate": 7.608044237084763}, "datetime": {"datetime": "2024-06-14 19:13:40", "elapsed": 14.883722, "delta": 0.009974}}
{"target": -282.4713083731533, "params": {"gamma": 6.776523100769331, "prior": 2.9543033032339645, "rate": 1.061060113331068}, "datetime": {"datetime": "2024-06-14 19:13:40", "elapsed": 14.893724, "delta": 0.010002}}
{"target": -309.7407055435011, "params": {"gamma": 6.894912753981151, "prior": 7.519579902429176, "rate": 5.583261815945312}, "datetime": {"datetime": "2024-06-14 19:13:40", "elapsed": 14.903697, "delta": 0.009973}}
{"target": -343.2928676476448, "params": {"gamma": 6.6527083965787845, "prior": 4.10020372138982, "rate": 8.661009108350234}, "datetime": {"datetime": "2024-06-14 19:13:40", "elapsed": 14.913642, "delta": 0.009945}}
{"target": -255.41001034877053, "params": {"gamma": 5.3244804162311095, "prior": 8.95890809663211, "rate": 7.397355841077811}, "datetime": {"datetime": "2024-06-14 19:13:40", "elapsed": 14.92412, "delta": 0.010478}}
{"target": -263.3138625713134, "params": {"gamma": 5.229495878098283, "prior": 7.224605596526511, "rate": 8.867573377717738}, "datetime": {"datetime": "2024-06-14 19:13:40", "elapsed": 14.933835, "delta": 0.009715}}
{"target": -158.47988063893968, "params": {"gamma": 1.9459183399439965, "prior": 4.355070012521711, "rate": 8.593650736304962}, "datetime": {"datetime": "2024-06-14 19:13:40", "elapsed": 14.943504, "delta": 0.009669}}
{"target": -147.27399095822847, "params": {"gamma": 0.30593315470351806, "prior": 1.417513603339808, "rate": 4.0540634531511355}, "datetime": {"datetime": "2024-06-14 19:13:40", "elapsed": 14.953477, "delta": 0.009973}}
{"target": -144.2740115848773, "params": {"gamma": 1.1244776218587826, "prior": 7.288904924237335, "rate": 9.74812518591709}, "datetime": {"datetime": "2024-06-14 19:13:40", "elapsed": 14.96345, "delta": 0.009973}}
{"target": -216.30512428922742, "params": {"gamma": 4.891176585226112, "prior": 9.606648176679078, "rate": 1.3585554114606393}, "datetime": {"datetime": "2024-06-14 19:13:40", "elapsed": 14.973424, "delta": 0.009974}}
{"target": -339.3520466357106, "params": {"gamma": 7.004733804599716, "prior": 5.8702973117927115, "rate": 7.917543891275795}, "datetime": {"datetime": "2024-06-14 19:13:40", "elapsed": 14.983397, "delta": 0.009973}}
{"target": -242.52566269191962, "params": {"gamma": 5.377468422835572, "prior": 9.80093869090961, "rate": 4.397088163352406}, "datetime": {"datetime": "2024-06-14 19:13:40", "elapsed": 14.99337, "delta": 0.009973}}
{"target": -382.71075774948855, "params": {"gamma": 9.502773262661462, "prior": 9.190957370002844, "rate": 4.2392728592820275}, "datetime": {"datetime": "2024-06-14 19:13:40", "elapsed": 15.003344, "delta": 0.009974}}
{"target": -270.4672777676962, "params": {"gamma": 4.105808538326242, "prior": 0.2974759465557887, "rate": 4.485492635920682}, "datetime": {"datetime": "2024-06-14 19:13:40", "elapsed": 15.013317, "delta": 0.009973}}
{"target": -153.81090390907812, "params": {"gamma": 1.9949007104567833, "prior": 3.4256637772910272, "rate": 2.8258754102309727}, "datetime": {"datetime": "2024-06-14 19:13:40", "elapsed": 15.02329, "delta": 0.009973}}
{"target": -326.58250146811497, "params": {"gamma": 6.702309477116513, "prior": 4.457718385964588, "rate": 6.002889962165791}, "datetime": {"datetime": "2024-06-14 19:13:40", "elapsed": 15.033264, "delta": 0.009974}}
{"target": -364.9091862951102, "params": {"gamma": 8.435340806411245, "prior": 8.344442848168343, "rate": 5.855987869562886}, "datetime": {"datetime": "2024-06-14 19:13:40", "elapsed": 15.043237, "delta": 0.009973}}
{"target": -204.04555494487818, "params": {"gamma": 4.405923932616606, "prior": 4.064061545938616, "rate": 0.7122002336399037}, "datetime": {"datetime": "2024-06-14 19:13:40", "elapsed": 15.053211, "delta": 0.009974}}
{"target": -221.88450512241656, "params": {"gamma": 4.674352425274426, "prior": 4.090123873148685, "rate": 2.0161053969500373}, "datetime": {"datetime": "2024-06-14 19:13:40", "elapsed": 15.063184, "delta": 0.009973}}
{"target": -384.4072247681227, "params": {"gamma": 8.027446895117734, "prior": 7.011664981432901, "rate": 9.754105729983317}, "datetime": {"datetime": "2024-06-14 19:13:40", "elapsed": 15.073157, "delta": 0.009973}}
{"target": -211.5744706744908, "params": {"gamma": 3.8557726961887338, "prior": 4.227583085286738, "rate": 5.197829460123607}, "datetime": {"datetime": "2024-06-14 19:13:40", "elapsed": 15.08313, "delta": 0.009973}}
{"target": -205.03267778624087, "params": {"gamma": 3.5335312774873016, "prior": 5.497942769513592, "rate": 8.897635664817782}, "datetime": {"datetime": "2024-06-14 19:13:40", "elapsed": 15.09364, "delta": 0.01051}}
{"target": -398.46049623930304, "params": {"gamma": 7.305463347346481, "prior": 2.144468303025567, "rate": 8.001728642806308}, "datetime": {"datetime": "2024-06-14 19:13:40", "elapsed": 15.102715, "delta": 0.009075}}
{"target": -323.6313882176831, "params": {"gamma": 7.953285322327399, "prior": 8.011000507978151, "rate": 3.168709736973412}, "datetime": {"datetime": "2024-06-14 19:13:40", "elapsed": 15.113683, "delta": 0.010968}}
{"target": -252.26024654802666, "params": {"gamma": 6.129902255734795, "prior": 6.557680721273064, "rate": 1.203129814105274}, "datetime": {"datetime": "2024-06-14 19:13:40", "elapsed": 15.123733, "delta": 0.01005}}
{"target": -451.89764177840095, "params": {"gamma": 9.1868342285534, "prior": 3.7445441578197576, "rate": 6.884078859625151}, "datetime": {"datetime": "2024-06-14 19:13:40", "elapsed": 15.133706, "delta": 0.009973}}
{"target": -438.407932462914, "params": {"gamma": 9.283455455258283, "prior": 6.781234415399158, "rate": 9.38483564986149}, "datetime": {"datetime": "2024-06-14 19:13:40", "elapsed": 15.143232, "delta": 0.009526}}
{"target": -386.2021455189487, "params": {"gamma": 6.991377462572233, "prior": 1.7914931567760517, "rate": 7.289326185240949}, "datetime": {"datetime": "2024-06-14 19:13:40", "elapsed": 15.153204, "delta": 0.009972}}
{"target": -232.99702833094366, "params": {"gamma": 4.05779575275768, "prior": 3.2538756044600095, "rate": 7.806682064739028}, "datetime": {"datetime": "2024-06-14 19:13:40", "elapsed": 15.163179, "delta": 0.009975}}
{"target": -306.21520031778016, "params": {"gamma": 7.905100864498175, "prior": 9.495216479998318, "rate": 2.032649766796406}, "datetime": {"datetime": "2024-06-14 19:13:40", "elapsed": 15.173152, "delta": 0.009973}}
{"target": -249.82699721550387, "params": {"gamma": 5.32711064694857, "prior": 7.744012340448712, "rate": 5.163972338729523}, "datetime": {"datetime": "2024-06-14 19:13:40", "elapsed": 15.183125, "delta": 0.009973}}
{"target": -160.4561196411644, "params": {"gamma": 2.2886357530249133, "prior": 9.95337388401892, "rate": 8.893309115794231}, "datetime": {"datetime": "2024-06-14 19:13:40", "elapsed": 15.193098, "delta": 0.009973}}
{"target": -292.88272932040474, "params": {"gamma": 5.77185622802849, "prior": 5.426673287750362, "rate": 8.39992120466477}, "datetime": {"datetime": "2024-06-14 19:13:40", "elapsed": 15.20407, "delta": 0.010972}}
{"target": -376.66478699347846, "params": {"gamma": 9.146425179600218, "prior": 8.213895021249606, "rate": 4.3286649457508}, "datetime": {"datetime": "2024-06-14 19:13:40", "elapsed": 15.214043, "delta": 0.009973}}
{"target": -436.1510646337274, "params": {"gamma": 8.556375691660442, "prior": 2.333492784740386, "rate": 5.405620154121501}, "datetime": {"datetime": "2024-06-14 19:13:40", "elapsed": 15.224047, "delta": 0.010004}}
{"target": -186.58138663306923, "params": {"gamma": 3.1521877359098176, "prior": 1.2843815076826866, "rate": 1.455974015579314}, "datetime": {"datetime": "2024-06-14 19:13:40", "elapsed": 15.233989, "delta": 0.009942}}
{"target": -493.98384911682405, "params": {"gamma": 9.366111572060866, "prior": 2.0304250356307176, "rate": 6.499451382283563}, "datetime": {"datetime": "2024-06-14 19:13:40", "elapsed": 15.243962, "delta": 0.009973}}
{"target": -156.65231322368967, "params": {"gamma": 2.391972458242885, "prior": 5.302148770050018, "rate": 1.307211406941315}, "datetime": {"datetime": "2024-06-14 19:13:40", "elapsed": 15.253936, "delta": 0.009974}}
{"target": -184.12063686068214, "params": {"gamma": 2.89611392001835, "prior": 4.065192847476347, "rate": 7.067081063453817}, "datetime": {"datetime": "2024-06-14 19:13:40", "elapsed": 15.263909, "delta": 0.009973}}
{"target": -437.06789818256215, "params": {"gamma": 9.0107982835773, "prior": 4.342913606645138, "rate": 7.138505863828612}, "datetime": {"datetime": "2024-06-14 19:13:40", "elapsed": 15.273911, "delta": 0.010002}}
{"target": -151.1882633170559, "params": {"gamma": 1.391725519034242, "prior": 1.0956932372792056, "rate": 4.481647794143768}, "datetime": {"datetime": "2024-06-14 19:13:40", "elapsed": 15.283856, "delta": 0.009945}}
{"target": -409.0968192793598, "params": {"gamma": 7.605301828565939, "prior": 2.392991312329407, "rate": 8.09151910411932}, "datetime": {"datetime": "2024-06-14 19:13:40", "elapsed": 15.293829, "delta": 0.009973}}
{"target": -184.38373269482935, "params": {"gamma": 2.5248249478764953, "prior": 0.9296321465117505, "rate": 5.130493139683857}, "datetime": {"datetime": "2024-06-14 19:13:40", "elapsed": 15.303802, "delta": 0.009973}}
{"target": -152.25392006138878, "params": {"gamma": 0.010777103781384231, "prior": 7.110319091630252, "rate": 7.390853426863938}, "datetime": {"datetime": "2024-06-14 19:13:40", "elapsed": 15.313776, "delta": 0.009974}}
{"target": -417.41644851753614, "params": {"gamma": 9.73322264344219, "prior": 6.6653296080007065, "rate": 4.942673042576449}, "datetime": {"datetime": "2024-06-14 19:13:40", "elapsed": 15.323749, "delta": 0.009973}}
{"target": -142.23347260805744, "params": {"gamma": 0.7371595478477164, "prior": 5.389520768514386, "rate": 1.4191621099841882}, "datetime": {"datetime": "2024-06-14 19:13:40", "elapsed": 15.333722, "delta": 0.009973}}
{"target": -323.48803920705734, "params": {"gamma": 8.024085235114102, "prior": 5.803873620313776, "rate": 2.1299294622685796}, "datetime": {"datetime": "2024-06-14 19:13:40", "elapsed": 15.34569, "delta": 0.011968}}
{"target": -359.24687372531184, "params": {"gamma": 7.070844731569463, "prior": 3.3967839214683155, "rate": 6.691313025057773}, "datetime": {"datetime": "2024-06-14 19:13:40", "elapsed": 15.359653, "delta": 0.013963}}
{"target": -438.9534918205282, "params": {"gamma": 7.795731330379866, "prior": 0.9571035750915102, "rate": 5.107053969244893}, "datetime": {"datetime": "2024-06-14 19:13:40", "elapsed": 15.369627, "delta": 0.009974}}
{"target": -142.01153274306898, "params": {"gamma": 1.0376399462769927, "prior": 6.5296689069268, "rate": 3.155663327191296}, "datetime": {"datetime": "2024-06-14 19:13:40", "elapsed": 15.379601, "delta": 0.009974}}
{"target": -400.3217690860523, "params": {"gamma": 6.435368403054906, "prior": 0.5806824424773391, "rate": 8.67009697380327}, "datetime": {"datetime": "2024-06-14 19:13:40", "elapsed": 15.389573, "delta": 0.009972}}
{"target": -217.7615998014904, "params": {"gamma": 4.78211439086565, "prior": 7.956176567412768, "rate": 2.267143144700332}, "datetime": {"datetime": "2024-06-14 19:13:40", "elapsed": 15.399576, "delta": 0.010003}}
{"target": -192.6660001354669, "params": {"gamma": 3.3504024487870745, "prior": 7.661371739793161, "rate": 8.534375742625368}, "datetime": {"datetime": "2024-06-14 19:13:40", "elapsed": 15.40952, "delta": 0.009944}}
