{"target": -929.5783435405231, "params": {"gamma": 6.139097026322785, "lr": 0.3241385298974466}, "datetime": {"datetime": "2024-06-13 14:28:15", "elapsed": 1.313099, "delta": 0.00399}}
{"target": -844.5325714612277, "params": {"gamma": 4.574144456728294, "lr": 0.44411710701661444}, "datetime": {"datetime": "2024-06-13 14:28:15", "elapsed": 1.317088, "delta": 0.003989}}
{"target": -1339.7081368249583, "params": {"gamma": 8.281525471954389, "lr": 0.4263481542362306}, "datetime": {"datetime": "2024-06-13 14:28:15", "elapsed": 1.320635, "delta": 0.003547}}
{"target": -886.4630126351042, "params": {"gamma": 3.4576425129338477, "lr": 0.6749716048091052}, "datetime": {"datetime": "2024-06-13 14:28:15", "elapsed": 1.324624, "delta": 0.003989}}
{"target": -418.80710795570013, "params": {"gamma": 2.215599075279554, "lr": 0.4672458239265538}, "datetime": {"datetime": "2024-06-13 14:28:15", "elapsed": 1.327616, "delta": 0.002992}}
{"target": -754.9692144320817, "params": {"gamma": 3.1483421075528404, "lr": 0.6268556021628346}, "datetime": {"datetime": "2024-06-13 14:28:15", "elapsed": 1.331606, "delta": 0.00399}}
{"target": -1576.1203751822575, "params": {"gamma": 8.773727386473432, "lr": 0.4476890001456285}, "datetime": {"datetime": "2024-06-13 14:28:15", "elapsed": 1.335595, "delta": 0.003989}}
{"target": -1411.280831867994, "params": {"gamma": 7.84478973050044, "lr": 0.4569657005615504}, "datetime": {"datetime": "2024-06-13 14:28:15", "elapsed": 1.339584, "delta": 0.003989}}
{"target": -1282.8500982108392, "params": {"gamma": 6.562637087839597, "lr": 0.13184097502750214}, "datetime": {"datetime": "2024-06-13 14:28:15", "elapsed": 1.342577, "delta": 0.002993}}
{"target": -1352.8704684218308, "params": {"gamma": 4.3303820881695145, "lr": 0.9093119886549367}, "datetime": {"datetime": "2024-06-13 14:28:15", "elapsed": 1.346566, "delta": 0.003989}}
{"target": -1756.0974941744853, "params": {"gamma": 6.055184531308316, "lr": 0.7667745872371021}, "datetime": {"datetime": "2024-06-13 14:28:15", "elapsed": 1.350554, "delta": 0.003988}}
{"target": -915.3249112957403, "params": {"gamma": 5.047501380350848, "lr": 0.49805562482800747}, "datetime": {"datetime": "2024-06-13 14:28:15", "elapsed": 1.354544, "delta": 0.00399}}
{"target": -3527.1228588384815, "params": {"gamma": 8.429155502088307, "lr": 0.06780693434095375}, "datetime": {"datetime": "2024-06-13 14:28:15", "elapsed": 1.357536, "delta": 0.002992}}
{"target": -1850.3093779338517, "params": {"gamma": 5.733149443225297, "lr": 0.9427625754329493}, "datetime": {"datetime": "2024-06-13 14:28:15", "elapsed": 1.361526, "delta": 0.00399}}
{"target": -846.3937352747656, "params": {"gamma": 5.179082621675048, "lr": 0.1944658095278845}, "datetime": {"datetime": "2024-06-13 14:28:15", "elapsed": 1.365515, "delta": 0.003989}}
{"target": -1323.8955923317676, "params": {"gamma": 8.479545985042318, "lr": 0.25163914235585283}, "datetime": {"datetime": "2024-06-13 14:28:15", "elapsed": 1.368507, "delta": 0.002992}}
{"target": -1509.4321183820382, "params": {"gamma": 7.007559638788898, "lr": 0.5402609403968999}, "datetime": {"datetime": "2024-06-13 14:28:15", "elapsed": 1.372497, "delta": 0.00399}}
{"target": -2228.894342190155, "params": {"gamma": 9.488414046513915, "lr": 0.6243367024026759}, "datetime": {"datetime": "2024-06-13 14:28:15", "elapsed": 1.376486, "delta": 0.003989}}
{"target": -3506.749080362822, "params": {"gamma": 8.379941642515245, "lr": 0.007932876194523097}, "datetime": {"datetime": "2024-06-13 14:28:15", "elapsed": 1.379478, "delta": 0.002992}}
{"target": -4133.311093384908, "params": {"gamma": 9.893411221610213, "lr": 0.07771457033238649}, "datetime": {"datetime": "2024-06-13 14:28:15", "elapsed": 1.383467, "delta": 0.003989}}
{"target": -1048.874565341754, "params": {"gamma": 3.2219730066340815, "lr": 0.9461523954567653}, "datetime": {"datetime": "2024-06-13 14:28:15", "elapsed": 1.387456, "delta": 0.003989}}
{"target": -153.1320330717891, "params": {"gamma": 0.09038208461007943, "lr": 0.8227300054219355}, "datetime": {"datetime": "2024-06-13 14:28:15", "elapsed": 1.391445, "delta": 0.003989}}
{"target": -1572.6076148828147, "params": {"gamma": 8.612255172029577, "lr": 0.4398308142085725}, "datetime": {"datetime": "2024-06-13 14:28:15", "elapsed": 1.394438, "delta": 0.002993}}
{"target": -761.7583182082091, "params": {"gamma": 2.558196192865506, "lr": 0.8026895196332986}, "datetime": {"datetime": "2024-06-13 14:28:15", "elapsed": 1.398427, "delta": 0.003989}}
{"target": -940.0608697325457, "params": {"gamma": 4.77914218231778, "lr": 0.13433860865569613}, "datetime": {"datetime": "2024-06-13 14:28:15", "elapsed": 1.402416, "delta": 0.003989}}
{"target": -2849.237209730117, "params": {"gamma": 9.278562079257282, "lr": 0.8959699670066484}, "datetime": {"datetime": "2024-06-13 14:28:15", "elapsed": 1.406406, "delta": 0.00399}}
{"target": -1476.0308816208326, "params": {"gamma": 4.915959955019337, "lr": 0.8567024965177922}, "datetime": {"datetime": "2024-06-13 14:28:15", "elapsed": 1.409398, "delta": 0.002992}}
{"target": -1068.5326360542153, "params": {"gamma": 4.1863616796152225, "lr": 0.6834649001663011}, "datetime": {"datetime": "2024-06-13 14:28:15", "elapsed": 1.413387, "delta": 0.003989}}
{"target": -865.9285806707642, "params": {"gamma": 3.9805084034398166, "lr": 0.5057420174508104}, "datetime": {"datetime": "2024-06-13 14:28:15", "elapsed": 1.417376, "delta": 0.003989}}
{"target": -629.8947398374808, "params": {"gamma": 1.896327476636439, "lr": 0.9649889241109139}, "datetime": {"datetime": "2024-06-13 14:28:15", "elapsed": 1.421365, "delta": 0.003989}}
{"target": -897.7867438221584, "params": {"gamma": 2.9428626667543027, "lr": 0.10345955611640134}, "datetime": {"datetime": "2024-06-13 14:28:15", "elapsed": 1.424358, "delta": 0.002993}}
{"target": -644.6406619595313, "params": {"gamma": 1.4440096868902519, "lr": 0.014092294192442956}, "datetime": {"datetime": "2024-06-13 14:28:15", "elapsed": 1.428347, "delta": 0.003989}}
{"target": -1513.820210266646, "params": {"gamma": 7.1597410489244835, "lr": 0.5644983202408741}, "datetime": {"datetime": "2024-06-13 14:28:15", "elapsed": 1.432336, "delta": 0.003989}}
{"target": -1709.2392987552118, "params": {"gamma": 7.945988933496338, "lr": 0.5070799232841364}, "datetime": {"datetime": "2024-06-13 14:28:15", "elapsed": 1.436326, "delta": 0.00399}}
{"target": -2004.2655333787734, "params": {"gamma": 7.918418574002035, "lr": 0.6957642142718394}, "datetime": {"datetime": "2024-06-13 14:28:15", "elapsed": 1.439318, "delta": 0.002992}}
{"target": -1259.5380659154885, "params": {"gamma": 7.778706920114895, "lr": 0.4064828689770863}, "datetime": {"datetime": "2024-06-13 14:28:15", "elapsed": 1.443307, "delta": 0.003989}}
{"target": -1057.1503675339304, "params": {"gamma": 6.478058561241625, "lr": 0.1797942976929744}, "datetime": {"datetime": "2024-06-13 14:28:15", "elapsed": 1.447296, "delta": 0.003989}}
{"target": -540.8169921389713, "params": {"gamma": 3.2188778139156518, "lr": 0.1726046201197925}, "datetime": {"datetime": "2024-06-13 14:28:15", "elapsed": 1.451286, "delta": 0.00399}}
{"target": -631.3679641332312, "params": {"gamma": 4.086963612907611, "lr": 0.2414187479655988}, "datetime": {"datetime": "2024-06-13 14:28:15", "elapsed": 1.454278, "delta": 0.002992}}
{"target": -1318.9652118018635, "params": {"gamma": 4.069813019299451, "lr": 0.9752223424373121}, "datetime": {"datetime": "2024-06-13 14:28:15", "elapsed": 1.458267, "delta": 0.003989}}
{"target": -1043.1193524264831, "params": {"gamma": 3.2038729388944907, "lr": 0.9824909449748953}, "datetime": {"datetime": "2024-06-13 14:28:15", "elapsed": 1.462256, "delta": 0.003989}}
{"target": -1028.3703757021212, "params": {"gamma": 6.363424952433981, "lr": 0.375091018393911}, "datetime": {"datetime": "2024-06-13 14:28:15", "elapsed": 1.465248, "delta": 0.002992}}
{"target": -2016.109885965544, "params": {"gamma": 8.574987506336882, "lr": 0.6195867393685738}, "datetime": {"datetime": "2024-06-13 14:28:15", "elapsed": 1.469238, "delta": 0.00399}}
{"target": -746.6393729600068, "params": {"gamma": 2.521078768228263, "lr": 0.7928556779768876}, "datetime": {"datetime": "2024-06-13 14:28:15", "elapsed": 1.473227, "delta": 0.003989}}
{"target": -687.6596620118821, "params": {"gamma": 4.329952148832897, "lr": 0.3575111673304414}, "datetime": {"datetime": "2024-06-13 14:28:15", "elapsed": 1.477216, "delta": 0.003989}}
{"target": -848.0169024389584, "params": {"gamma": 3.3034390883142843, "lr": 0.6973688756131394}, "datetime": {"datetime": "2024-06-13 14:28:15", "elapsed": 1.480208, "delta": 0.002992}}
{"target": -798.7566696931832, "params": {"gamma": 2.6872325889383593, "lr": 0.8082780137053801}, "datetime": {"datetime": "2024-06-13 14:28:15", "elapsed": 1.484198, "delta": 0.00399}}
{"target": -649.0817505108915, "params": {"gamma": 2.953592655204078, "lr": 0.5441213835853572}, "datetime": {"datetime": "2024-06-13 14:28:15", "elapsed": 1.488188, "delta": 0.00399}}
{"target": -1465.2891196524638, "params": {"gamma": 4.879726996560219, "lr": 0.8553564125953698}, "datetime": {"datetime": "2024-06-13 14:28:15", "elapsed": 1.492176, "delta": 0.003988}}
{"target": -1431.4131442579317, "params": {"gamma": 8.883975957519464, "lr": 0.18438444236776674}, "datetime": {"datetime": "2024-06-13 14:28:15", "elapsed": 1.495168, "delta": 0.002992}}
{"target": -1803.4461648703725, "params": {"gamma": 5.853899240923573, "lr": 0.8982050460171371}, "datetime": {"datetime": "2024-06-13 14:28:15", "elapsed": 1.499158, "delta": 0.00399}}
{"target": -1444.0446877343181, "params": {"gamma": 4.461726073125263, "lr": 0.9218683054838154}, "datetime": {"datetime": "2024-06-13 14:28:15", "elapsed": 1.503147, "delta": 0.003989}}
{"target": -672.3332344871058, "params": {"gamma": 2.790629913679252, "lr": 0.6088311741937957}, "datetime": {"datetime": "2024-06-13 14:28:15", "elapsed": 1.507136, "delta": 0.003989}}
{"target": -1038.4736955610117, "params": {"gamma": 6.824854643958388, "lr": 0.2282057333504841}, "datetime": {"datetime": "2024-06-13 14:28:15", "elapsed": 1.511155, "delta": 0.004019}}
{"target": -145.4928091399241, "params": {"gamma": 0.13866135806461027, "lr": 0.4167239623706961}, "datetime": {"datetime": "2024-06-13 14:28:15", "elapsed": 1.515144, "delta": 0.003989}}
{"target": -1467.3602657014583, "params": {"gamma": 9.384880436675484, "lr": 0.34302810983040655}, "datetime": {"datetime": "2024-06-13 14:28:15", "elapsed": 1.518107, "delta": 0.002963}}
{"target": -1266.899357490085, "params": {"gamma": 7.7976632105305175, "lr": 0.17473631282740743}, "datetime": {"datetime": "2024-06-13 14:28:15", "elapsed": 1.522096, "delta": 0.003989}}
{"target": -601.8572832546419, "params": {"gamma": 3.420186410188222, "lr": 0.14459772083809674}, "datetime": {"datetime": "2024-06-13 14:28:15", "elapsed": 1.526086, "delta": 0.00399}}
{"target": -1815.9647287871014, "params": {"gamma": 7.167991370649615, "lr": 0.6993076236968142}, "datetime": {"datetime": "2024-06-13 14:28:15", "elapsed": 1.530075, "delta": 0.003989}}
{"target": -1078.4335143395572, "params": {"gamma": 6.88528468217124, "lr": 0.25339603448629966}, "datetime": {"datetime": "2024-06-13 14:28:15", "elapsed": 1.534064, "delta": 0.003989}}
{"target": -1053.2264626654442, "params": {"gamma": 6.923908856112466, "lr": 0.22729754091594956}, "datetime": {"datetime": "2024-06-13 14:28:15", "elapsed": 1.537056, "delta": 0.002992}}
{"target": -669.2458330690122, "params": {"gamma": 4.247066510197466, "lr": 0.37192212166768723}, "datetime": {"datetime": "2024-06-13 14:28:15", "elapsed": 1.541046, "delta": 0.00399}}
{"target": -1509.8618405878199, "params": {"gamma": 3.553723808289602, "lr": 0.05765480724125638}, "datetime": {"datetime": "2024-06-13 14:28:15", "elapsed": 1.545035, "delta": 0.003989}}
{"target": -1593.649041007311, "params": {"gamma": 6.316834622032531, "lr": 0.7073166026816995}, "datetime": {"datetime": "2024-06-13 14:28:15", "elapsed": 1.549024, "delta": 0.003989}}
{"target": -1493.5422379379586, "params": {"gamma": 6.136273356333854, "lr": 0.6483127561631246}, "datetime": {"datetime": "2024-06-13 14:28:15", "elapsed": 1.553013, "delta": 0.003989}}
{"target": -321.4060705375539, "params": {"gamma": 1.7002372014583604, "lr": 0.14944679893886248}, "datetime": {"datetime": "2024-06-13 14:28:15", "elapsed": 1.557004, "delta": 0.003991}}
{"target": -1586.248366095667, "params": {"gamma": 5.142236260215303, "lr": 0.8753327263545391}, "datetime": {"datetime": "2024-06-13 14:28:15", "elapsed": 1.559995, "delta": 0.002991}}
{"target": -355.2269962059352, "params": {"gamma": 1.8403504620306732, "lr": 0.4628391187082599}, "datetime": {"datetime": "2024-06-13 14:28:15", "elapsed": 1.563984, "delta": 0.003989}}
{"target": -781.3543750835346, "params": {"gamma": 4.289894407965, "lr": 0.4972891859195163}, "datetime": {"datetime": "2024-06-13 14:28:15", "elapsed": 1.567974, "delta": 0.00399}}
{"target": -280.0603928977395, "params": {"gamma": 1.6159461940896331, "lr": 0.34244064113481054}, "datetime": {"datetime": "2024-06-13 14:28:15", "elapsed": 1.571963, "delta": 0.003989}}
{"target": -797.7591346453488, "params": {"gamma": 2.6195421606310987, "lr": 0.844526943229479}, "datetime": {"datetime": "2024-06-13 14:28:15", "elapsed": 1.574955, "delta": 0.002992}}
{"target": -1295.3817754495326, "params": {"gamma": 8.003522125518241, "lr": 0.4266391582681436}, "datetime": {"datetime": "2024-06-13 14:28:15", "elapsed": 1.578945, "delta": 0.00399}}
{"target": -1042.0564573255233, "params": {"gamma": 6.070547592429601, "lr": 0.14546561026621996}, "datetime": {"datetime": "2024-06-13 14:28:15", "elapsed": 1.582934, "delta": 0.003989}}
{"target": -798.7541041629552, "params": {"gamma": 5.096623328881369, "lr": 0.29694708578690454}, "datetime": {"datetime": "2024-06-13 14:28:15", "elapsed": 1.586923, "delta": 0.003989}}
{"target": -2174.468458454569, "params": {"gamma": 8.596649884738442, "lr": 0.6715983809063899}, "datetime": {"datetime": "2024-06-13 14:28:15", "elapsed": 1.589915, "delta": 0.002992}}
{"target": -1468.302670160257, "params": {"gamma": 6.335106652211588, "lr": 0.12475130006917923}, "datetime": {"datetime": "2024-06-13 14:28:15", "elapsed": 1.593905, "delta": 0.00399}}
{"target": -1522.1817053561524, "params": {"gamma": 4.706408207109359, "lr": 0.9865727795868815}, "datetime": {"datetime": "2024-06-13 14:28:15", "elapsed": 1.597894, "delta": 0.003989}}
{"target": -2298.0727946302604, "params": {"gamma": 9.483043441552578, "lr": 0.6450856402604436}, "datetime": {"datetime": "2024-06-13 14:28:15", "elapsed": 1.601453, "delta": 0.003559}}
{"target": -394.6163823591439, "params": {"gamma": 1.5180969854487043, "lr": 0.639126848719905}, "datetime": {"datetime": "2024-06-13 14:28:15", "elapsed": 1.605443, "delta": 0.00399}}
{"target": -1023.2880244487134, "params": {"gamma": 5.657055463326731, "lr": 0.468665837661252}, "datetime": {"datetime": "2024-06-13 14:28:15", "elapsed": 1.609432, "delta": 0.003989}}
{"target": -933.345835273911, "params": {"gamma": 4.280946657213234, "lr": 0.5992697556580301}, "datetime": {"datetime": "2024-06-13 14:28:15", "elapsed": 1.613421, "delta": 0.003989}}
{"target": -2459.846889325272, "params": {"gamma": 8.499848915271139, "lr": 0.7511210403719374}, "datetime": {"datetime": "2024-06-13 14:28:15", "elapsed": 1.61741, "delta": 0.003989}}
{"target": -1869.7730774038291, "params": {"gamma": 5.794026042432034, "lr": 0.9247041815360281}, "datetime": {"datetime": "2024-06-13 14:28:15", "elapsed": 1.620403, "delta": 0.002993}}
{"target": -254.4267267367471, "params": {"gamma": 0.6483350944320471, "lr": 0.9913465087318091}, "datetime": {"datetime": "2024-06-13 14:28:15", "elapsed": 1.624392, "delta": 0.003989}}
{"target": -161.02854867415994, "params": {"gamma": 0.5308924321372274, "lr": 0.19949554613856135}, "datetime": {"datetime": "2024-06-13 14:28:15", "elapsed": 1.628381, "delta": 0.003989}}
{"target": -1270.6762165791993, "params": {"gamma": 4.228103863783965, "lr": 0.10750887618516769}, "datetime": {"datetime": "2024-06-13 14:28:15", "elapsed": 1.632371, "delta": 0.00399}}
{"target": -2619.6949369977983, "params": {"gamma": 6.2370804395660215, "lr": 0.047992564048867314}, "datetime": {"datetime": "2024-06-13 14:28:15", "elapsed": 1.635363, "delta": 0.002992}}
{"target": -1218.3905806130415, "params": {"gamma": 2.8469541861884147, "lr": 0.06103668111967109}, "datetime": {"datetime": "2024-06-13 14:28:15", "elapsed": 1.639352, "delta": 0.003989}}
{"target": -1782.7198386654438, "params": {"gamma": 7.035489791719707, "lr": 0.668456167589482}, "datetime": {"datetime": "2024-06-13 14:28:15", "elapsed": 1.643341, "delta": 0.003989}}
{"target": -627.3407976180241, "params": {"gamma": 3.7864273519127716, "lr": 0.1881942600298212}, "datetime": {"datetime": "2024-06-13 14:28:15", "elapsed": 1.646885, "delta": 0.003544}}
{"target": -1171.6805218958116, "params": {"gamma": 7.4703012854704225, "lr": 0.34037929076546725}, "datetime": {"datetime": "2024-06-13 14:28:15", "elapsed": 1.650873, "delta": 0.003988}}
{"target": -1430.5196180097832, "params": {"gamma": 7.953216372889023, "lr": 0.4879009391796203}, "datetime": {"datetime": "2024-06-13 14:28:15", "elapsed": 1.655206, "delta": 0.004333}}
{"target": -2214.1551870761323, "params": {"gamma": 5.257168774065444, "lr": 0.028490849491567216}, "datetime": {"datetime": "2024-06-13 14:28:15", "elapsed": 1.659194, "delta": 0.003988}}
{"target": -1013.0665393172513, "params": {"gamma": 6.442675966770439, "lr": 0.3506565024321674}, "datetime": {"datetime": "2024-06-13 14:28:15", "elapsed": 1.663183, "delta": 0.003989}}
{"target": -437.6150161451053, "params": {"gamma": 2.292821067893365, "lr": 0.4338833762117006}, "datetime": {"datetime": "2024-06-13 14:28:15", "elapsed": 1.667172, "delta": 0.003989}}
{"target": -699.4022293036011, "params": {"gamma": 3.825292105251905, "lr": 0.46978904008636024}, "datetime": {"datetime": "2024-06-13 14:28:15", "elapsed": 1.670165, "delta": 0.002993}}
{"target": -1516.6889635965495, "params": {"gamma": 9.794854058443883, "lr": 0.36437807036823044}, "datetime": {"datetime": "2024-06-13 14:28:15", "elapsed": 1.674154, "delta": 0.003989}}
{"target": -1662.0378261353796, "params": {"gamma": 7.744326923227059, "lr": 0.5527675965498925}, "datetime": {"datetime": "2024-06-13 14:28:15", "elapsed": 1.678143, "delta": 0.003989}}
{"target": -1391.1410294583593, "params": {"gamma": 8.891421759985722, "lr": 0.354952851149572}, "datetime": {"datetime": "2024-06-13 14:28:15", "elapsed": 1.682132, "delta": 0.003989}}
{"target": -778.9370198465433, "params": {"gamma": 2.455941283184888, "lr": 0.9110192396569683}, "datetime": {"datetime": "2024-06-13 14:28:15", "elapsed": 1.686122, "delta": 0.00399}}
{"target": -201.80495770331606, "params": {"gamma": 0.43629910331389593, "lr": 0.9507534280610023}, "datetime": {"datetime": "2024-06-13 14:28:15", "elapsed": 1.689114, "delta": 0.002992}}
{"target": -901.9705088006795, "params": {"gamma": 5.5645127497935825, "lr": 0.3763632166870875}, "datetime": {"datetime": "2024-06-13 14:28:15", "elapsed": 1.693103, "delta": 0.003989}}
{"target": -4156.957210822156, "params": {"gamma": 9.950528171068772, "lr": 0.05836264614763165}, "datetime": {"datetime": "2024-06-13 14:28:15", "elapsed": 1.697092, "delta": 0.003989}}
{"target": -2177.072416173415, "params": {"gamma": 5.167546891316355, "lr": 0.03109707545554785}, "datetime": {"datetime": "2024-06-13 14:28:15", "elapsed": 1.701082, "delta": 0.00399}}
{"target": -935.4724675205824, "params": {"gamma": 5.712186216123149, "lr": 0.18046850899511557}, "datetime": {"datetime": "2024-06-13 14:28:15", "elapsed": 1.705072, "delta": 0.00399}}
{"target": -2034.7548049383897, "params": {"gamma": 6.309961044194965, "lr": 0.9809236757505815}, "datetime": {"datetime": "2024-06-13 14:28:15", "elapsed": 1.708063, "delta": 0.002991}}
{"target": -1571.7589305240986, "params": {"gamma": 8.749150609572597, "lr": 0.45183624942087064}, "datetime": {"datetime": "2024-06-13 14:28:15", "elapsed": 1.712053, "delta": 0.00399}}
{"target": -2052.466452400876, "params": {"gamma": 7.084900239647121, "lr": 0.7774687500031893}, "datetime": {"datetime": "2024-06-13 14:28:15", "elapsed": 1.716042, "delta": 0.003989}}
{"target": -1071.4651766078237, "params": {"gamma": 4.9489359987414545, "lr": 0.5285334901775651}, "datetime": {"datetime": "2024-06-13 14:28:15", "elapsed": 1.720031, "delta": 0.003989}}
{"target": -263.5130164931727, "params": {"gamma": 1.5086931993235537, "lr": 0.36939992561190627}, "datetime": {"datetime": "2024-06-13 14:28:15", "elapsed": 1.72402, "delta": 0.003989}}
{"target": -383.4031551371207, "params": {"gamma": 1.4230703094747938, "lr": 0.7268937533445626}, "datetime": {"datetime": "2024-06-13 14:28:15", "elapsed": 1.72801, "delta": 0.00399}}
{"target": -866.3334237051976, "params": {"gamma": 4.770652931028231, "lr": 0.44887883670676554}, "datetime": {"datetime": "2024-06-13 14:28:15", "elapsed": 1.731002, "delta": 0.002992}}
{"target": -1903.9006828866086, "params": {"gamma": 8.860093713682348, "lr": 0.5276187723115614}, "datetime": {"datetime": "2024-06-13 14:28:15", "elapsed": 1.734991, "delta": 0.003989}}
{"target": -649.013120514769, "params": {"gamma": 4.091499228336683, "lr": 0.26889202221264585}, "datetime": {"datetime": "2024-06-13 14:28:15", "elapsed": 1.739035, "delta": 0.004044}}
{"target": -171.62595709235953, "params": {"gamma": 0.7210483396625298, "lr": 0.4181361337253158}, "datetime": {"datetime": "2024-06-13 14:28:15", "elapsed": 1.74297, "delta": 0.003935}}
{"target": -141.66978787776927, "params": {"gamma": 0.25850907058342715, "lr": 0.29115394055242805}, "datetime": {"datetime": "2024-06-13 14:28:15", "elapsed": 1.745962, "delta": 0.002992}}
{"target": -1627.3460115121381, "params": {"gamma": 5.035591588974117, "lr": 0.9659330650197223}, "datetime": {"datetime": "2024-06-13 14:28:15", "elapsed": 1.749951, "delta": 0.003989}}
