{"target": -274.8447647736996, "params": {"gamma": 6.250711640076693, "prior": 6.634028573401182, "rate": 7.340553331594224}, "datetime": {"datetime": "2024-06-14 18:10:46", "elapsed": 18.013495, "delta": 0.009973}}
{"target": -263.9349605206117, "params": {"gamma": 5.54904548691878, "prior": 1.162819548016187, "rate": 6.403837458691426}, "datetime": {"datetime": "2024-06-14 18:10:46", "elapsed": 18.023499, "delta": 0.010004}}
{"target": -307.8885809747531, "params": {"gamma": 6.705637999047665, "prior": 2.5760592163646616, "rate": 9.48280432589309}, "datetime": {"datetime": "2024-06-14 18:10:46", "elapsed": 18.033442, "delta": 0.009943}}
{"target": -208.00520418882917, "params": {"gamma": 4.527038501594155, "prior": 8.680484824940818, "rate": 6.5311578451151915}, "datetime": {"datetime": "2024-06-14 18:10:46", "elapsed": 18.043416, "delta": 0.009974}}
{"target": -272.22913962172015, "params": {"gamma": 6.165734558182161, "prior": 5.53906870999164, "rate": 6.4760270347112066}, "datetime": {"datetime": "2024-06-14 18:10:46", "elapsed": 18.053389, "delta": 0.009973}}
{"target": -357.3303666260848, "params": {"gamma": 8.443508165581074, "prior": 7.79110035202588, "rate": 6.726602036977152}, "datetime": {"datetime": "2024-06-14 18:10:46", "elapsed": 18.063362, "delta": 0.009973}}
{"target": -135.06599907689636, "params": {"gamma": 0.31942149138614195, "prior": 0.18607824607212345, "rate": 3.5860179122930487}, "datetime": {"datetime": "2024-06-14 18:10:46", "elapsed": 18.074333, "delta": 0.010971}}
{"target": -141.0692408609077, "params": {"gamma": 0.30730757815686666, "prior": 5.226689787064359, "rate": 0.036535454134401193}, "datetime": {"datetime": "2024-06-14 18:10:46", "elapsed": 18.084306, "delta": 0.009973}}
{"target": -229.80386783377818, "params": {"gamma": 4.80782326402619, "prior": 3.8383252631823646, "rate": 9.57468291548391}, "datetime": {"datetime": "2024-06-14 18:10:46", "elapsed": 18.09428, "delta": 0.009974}}
{"target": -130.89110818767855, "params": {"gamma": 0.5594796463757505, "prior": 0.7453906352106907, "rate": 8.492816205896958}, "datetime": {"datetime": "2024-06-14 18:10:46", "elapsed": 18.104253, "delta": 0.009973}}
{"target": -300.97651748896726, "params": {"gamma": 7.95278352446082, "prior": 9.364876906499536, "rate": 0.7832882493134576}, "datetime": {"datetime": "2024-06-14 18:10:46", "elapsed": 18.114226, "delta": 0.009973}}
{"target": -266.09370530549404, "params": {"gamma": 6.201377645038051, "prior": 5.192608250406824, "rate": 3.2164188746044267}, "datetime": {"datetime": "2024-06-14 18:10:46", "elapsed": 18.124199, "delta": 0.009973}}
{"target": -248.59202110942584, "params": {"gamma": 6.108503694482293, "prior": 9.188970106003065, "rate": 0.6265924993176286}, "datetime": {"datetime": "2024-06-14 18:10:46", "elapsed": 18.134202, "delta": 0.010003}}
{"target": -290.894282316444, "params": {"gamma": 6.597601675698143, "prior": 2.9231979136433965, "rate": 4.05507146708443}, "datetime": {"datetime": "2024-06-14 18:10:46", "elapsed": 18.144146, "delta": 0.009944}}
{"target": -383.61749908140115, "params": {"gamma": 8.497095650065528, "prior": 1.3051221032419362, "rate": 8.429867764940202}, "datetime": {"datetime": "2024-06-14 18:10:46", "elapsed": 18.155117, "delta": 0.010971}}
{"target": -193.25567727691384, "params": {"gamma": 4.043023200888809, "prior": 9.840486039447793, "rate": 9.180238599391384}, "datetime": {"datetime": "2024-06-14 18:10:46", "elapsed": 18.16509, "delta": 0.009973}}
{"target": -192.6714499592716, "params": {"gamma": 4.077336153001339, "prior": 3.0494110501065124, "rate": 2.210242885260159}, "datetime": {"datetime": "2024-06-14 18:10:46", "elapsed": 18.175063, "delta": 0.009973}}
{"target": -141.74611687281023, "params": {"gamma": 2.178141660255354, "prior": 7.710506836041361, "rate": 7.554669376147851}, "datetime": {"datetime": "2024-06-14 18:10:46", "elapsed": 18.18504, "delta": 0.009977}}
{"target": -425.27442950810547, "params": {"gamma": 9.782554060479685, "prior": 0.9247667416835517, "rate": 2.20261362016969}, "datetime": {"datetime": "2024-06-14 18:10:46", "elapsed": 18.195013, "delta": 0.009973}}
{"target": -414.8758532316604, "params": {"gamma": 9.837125648386799, "prior": 5.509106350626703, "rate": 5.537150485250019}, "datetime": {"datetime": "2024-06-14 18:10:46", "elapsed": 18.205554, "delta": 0.010541}}
{"target": -174.1218850414923, "params": {"gamma": 3.4883611819824956, "prior": 7.06748571585924, "rate": 4.998138049601288}, "datetime": {"datetime": "2024-06-14 18:10:46", "elapsed": 18.215527, "delta": 0.009973}}
{"target": -211.93266899791698, "params": {"gamma": 4.695463118034527, "prior": 5.542751161345011, "rate": 0.25277683452447997}, "datetime": {"datetime": "2024-06-14 18:10:46", "elapsed": 18.225501, "delta": 0.009974}}
{"target": -251.6906421759689, "params": {"gamma": 5.313075133078175, "prior": 1.4163491522539797, "rate": 4.589832013123402}, "datetime": {"datetime": "2024-06-14 18:10:46", "elapsed": 18.236471, "delta": 0.01097}}
{"target": -132.6100090906149, "params": {"gamma": 0.8236297527845414, "prior": 8.900720326296751, "rate": 3.7848776219177442}, "datetime": {"datetime": "2024-06-14 18:10:46", "elapsed": 18.246485, "delta": 0.010014}}
{"target": -194.90657710442053, "params": {"gamma": 4.304116749507192, "prior": 7.4464056980919, "rate": 1.5585894193146912}, "datetime": {"datetime": "2024-06-14 18:10:46", "elapsed": 18.255967, "delta": 0.009482}}
{"target": -251.20869877737726, "params": {"gamma": 5.750661895522346, "prior": 5.159372732252272, "rate": 3.6836674731700536}, "datetime": {"datetime": "2024-06-14 18:10:46", "elapsed": 18.266938, "delta": 0.010971}}
{"target": -288.90475998287496, "params": {"gamma": 6.833671828543643, "prior": 7.965413407633205, "rate": 4.677377247445764}, "datetime": {"datetime": "2024-06-14 18:10:46", "elapsed": 18.277908, "delta": 0.01097}}
{"target": -265.71537490756896, "params": {"gamma": 6.273883706867163, "prior": 9.134137256508124, "rate": 4.570261651531608}, "datetime": {"datetime": "2024-06-14 18:10:46", "elapsed": 18.287884, "delta": 0.009976}}
{"target": -130.91307556927876, "params": {"gamma": 1.3510644515976318, "prior": 5.4780076342581925, "rate": 4.300850527874765}, "datetime": {"datetime": "2024-06-14 18:10:46", "elapsed": 18.298029, "delta": 0.010145}}
{"target": -300.52206863859715, "params": {"gamma": 7.6833624868607115, "prior": 7.996978647259612, "rate": 1.719287872743418}, "datetime": {"datetime": "2024-06-14 18:10:46", "elapsed": 18.308002, "delta": 0.009973}}
{"target": -216.8971527938611, "params": {"gamma": 4.379951424269699, "prior": 2.741527848856144, "rate": 9.54693755681465}, "datetime": {"datetime": "2024-06-14 18:10:46", "elapsed": 18.317975, "delta": 0.009973}}
{"target": -395.8277933887986, "params": {"gamma": 9.368784466603346, "prior": 4.400052644616815, "rate": 4.310675867474359}, "datetime": {"datetime": "2024-06-14 18:10:46", "elapsed": 18.327949, "delta": 0.009974}}
{"target": -306.7394767907149, "params": {"gamma": 7.465025027815888, "prior": 6.000161900798046, "rate": 2.5914507949566294}, "datetime": {"datetime": "2024-06-14 18:10:46", "elapsed": 18.337922, "delta": 0.009973}}
{"target": -218.7511339253076, "params": {"gamma": 4.832217482249796, "prior": 8.912072929132934, "rate": 6.815859364103486}, "datetime": {"datetime": "2024-06-14 18:10:46", "elapsed": 18.348893, "delta": 0.010971}}
{"target": -237.47762750279566, "params": {"gamma": 5.631702156360547, "prior": 8.779863851817137, "rate": 2.763487550262558}, "datetime": {"datetime": "2024-06-14 18:10:46", "elapsed": 18.358867, "delta": 0.009974}}
{"target": -442.0332774742411, "params": {"gamma": 9.968477906522146, "prior": 2.07841434989855, "rate": 8.398095485642296}, "datetime": {"datetime": "2024-06-14 18:10:46", "elapsed": 18.36884, "delta": 0.009973}}
{"target": -313.66329554567045, "params": {"gamma": 7.423677265955892, "prior": 8.654133782311007, "rate": 5.849590827242212}, "datetime": {"datetime": "2024-06-14 18:10:46", "elapsed": 18.378813, "delta": 0.009973}}
{"target": -146.6531966712202, "params": {"gamma": 2.324580257505538, "prior": 4.8868473200156455, "rate": 8.623889760611993}, "datetime": {"datetime": "2024-06-14 18:10:46", "elapsed": 18.388788, "delta": 0.009975}}
{"target": -362.0802385339497, "params": {"gamma": 7.9782472422770105, "prior": 1.8177543148375053, "rate": 9.922107078907667}, "datetime": {"datetime": "2024-06-14 18:10:46", "elapsed": 18.398762, "delta": 0.009974}}
{"target": -136.24625919084198, "params": {"gamma": 0.30509199963247896, "prior": 3.987219786468616, "rate": 7.544258751962611}, "datetime": {"datetime": "2024-06-14 18:10:46", "elapsed": 18.408736, "delta": 0.009974}}
{"target": -435.0445516731431, "params": {"gamma": 9.737423089296351, "prior": 1.5070537571269909, "rate": 9.240481445983646}, "datetime": {"datetime": "2024-06-14 18:10:46", "elapsed": 18.418708, "delta": 0.009972}}
{"target": -141.77790068903946, "params": {"gamma": 2.1910205215764544, "prior": 5.571121613460873, "rate": 4.328641890073879}, "datetime": {"datetime": "2024-06-14 18:10:46", "elapsed": 18.428781, "delta": 0.010073}}
{"target": -348.11418319937474, "params": {"gamma": 8.080742990009732, "prior": 1.471838851029407, "rate": 1.909508341737192}, "datetime": {"datetime": "2024-06-14 18:10:46", "elapsed": 18.438755, "delta": 0.009974}}
{"target": -267.6914210361348, "params": {"gamma": 5.6755575331194175, "prior": 2.178521665483254, "rate": 8.800046492896152}, "datetime": {"datetime": "2024-06-14 18:10:46", "elapsed": 18.449755, "delta": 0.011}}
{"target": -254.23458403385044, "params": {"gamma": 5.783951692141619, "prior": 9.126375539251068, "rate": 7.643651482024123}, "datetime": {"datetime": "2024-06-14 18:10:46", "elapsed": 18.459698, "delta": 0.009943}}
{"target": -209.86229311457603, "params": {"gamma": 4.749956447996781, "prior": 6.954842154506416, "rate": 0.5989622103785784}, "datetime": {"datetime": "2024-06-14 18:10:46", "elapsed": 18.469671, "delta": 0.009973}}
{"target": -253.10209885727494, "params": {"gamma": 6.3129540540322955, "prior": 9.842067917397047, "rate": 1.1947254178184115}, "datetime": {"datetime": "2024-06-14 18:10:46", "elapsed": 18.479645, "delta": 0.009974}}
{"target": -219.4264067209585, "params": {"gamma": 4.516215172846799, "prior": 0.2834860525337505, "rate": 6.881590456377558}, "datetime": {"datetime": "2024-06-14 18:10:46", "elapsed": 18.489621, "delta": 0.009976}}
{"target": -140.36928168390475, "params": {"gamma": 0.19520689181535128, "prior": 4.607194980262459, "rate": 2.192284951246659}, "datetime": {"datetime": "2024-06-14 18:10:46", "elapsed": 18.499595, "delta": 0.009974}}
{"target": -344.9308657492494, "params": {"gamma": 8.072347745473287, "prior": 6.491810326909217, "rate": 6.663022020111727}, "datetime": {"datetime": "2024-06-14 18:10:46", "elapsed": 18.509568, "delta": 0.009973}}
{"target": -258.6643399243478, "params": {"gamma": 5.49936117147423, "prior": 2.5794193904395852, "rate": 8.157094551477481}, "datetime": {"datetime": "2024-06-14 18:10:46", "elapsed": 18.520259, "delta": 0.010691}}
{"target": -376.92588317100837, "params": {"gamma": 8.801319434535824, "prior": 4.439339280064714, "rate": 5.863711820741532}, "datetime": {"datetime": "2024-06-14 18:10:46", "elapsed": 18.530075, "delta": 0.009816}}
{"target": -271.0978638224227, "params": {"gamma": 6.243379942629359, "prior": 7.303295041403323, "rate": 5.909446588136741}, "datetime": {"datetime": "2024-06-14 18:10:46", "elapsed": 18.540044, "delta": 0.009969}}
{"target": -338.4631514029394, "params": {"gamma": 8.066169168171944, "prior": 8.258471981731269, "rate": 5.56594710415588}, "datetime": {"datetime": "2024-06-14 18:10:46", "elapsed": 18.550018, "delta": 0.009974}}
{"target": -383.573988612744, "params": {"gamma": 8.829655088096155, "prior": 2.109092556269915, "rate": 4.136740721638024}, "datetime": {"datetime": "2024-06-14 18:10:46", "elapsed": 18.559991, "delta": 0.009973}}
{"target": -294.00677677499596, "params": {"gamma": 6.301468383632087, "prior": 1.1154697020039852, "rate": 7.186717564230962}, "datetime": {"datetime": "2024-06-14 18:10:46", "elapsed": 18.569964, "delta": 0.009973}}
{"target": -221.34010283089702, "params": {"gamma": 4.797353694402805, "prior": 3.852038987367971, "rate": 4.519015226631978}, "datetime": {"datetime": "2024-06-14 18:10:46", "elapsed": 18.579938, "delta": 0.009974}}
{"target": -191.89505316210432, "params": {"gamma": 3.6764939669400882, "prior": 2.471426634522078, "rate": 9.158808384961374}, "datetime": {"datetime": "2024-06-14 18:10:46", "elapsed": 18.589913, "delta": 0.009975}}
{"target": -329.47865102036934, "params": {"gamma": 7.993823586812164, "prior": 3.406006211735859, "rate": 1.691347664222673}, "datetime": {"datetime": "2024-06-14 18:10:46", "elapsed": 18.599916, "delta": 0.010003}}
{"target": -129.94808713676557, "params": {"gamma": 1.1671456351759943, "prior": 7.973795195960528, "rate": 7.020580256606766}, "datetime": {"datetime": "2024-06-14 18:10:46", "elapsed": 18.610858, "delta": 0.010942}}
{"target": -129.23421938629193, "params": {"gamma": 0.7532513187567459, "prior": 1.2542804976959159, "rate": 9.138126532938669}, "datetime": {"datetime": "2024-06-14 18:10:46", "elapsed": 18.620831, "delta": 0.009973}}
{"target": -346.26615759613736, "params": {"gamma": 8.697844167744172, "prior": 2.990329199931283, "rate": 1.0208976946159853}, "datetime": {"datetime": "2024-06-14 18:10:46", "elapsed": 18.630804, "delta": 0.009973}}
{"target": -358.55330681864194, "params": {"gamma": 8.089104924003614, "prior": 0.35911927558226864, "rate": 6.363840611525337}, "datetime": {"datetime": "2024-06-14 18:10:46", "elapsed": 18.640777, "delta": 0.009973}}
{"target": -136.69039272875, "params": {"gamma": 1.6017100608988064, "prior": 6.947081844135219, "rate": 1.6810289418629691}, "datetime": {"datetime": "2024-06-14 18:10:46", "elapsed": 18.650751, "delta": 0.009974}}
{"target": -181.80669858618273, "params": {"gamma": 3.491138224246637, "prior": 1.3086604715542876, "rate": 2.8715832231230745}, "datetime": {"datetime": "2024-06-14 18:10:46", "elapsed": 18.660724, "delta": 0.009973}}
{"target": -129.9298548297509, "params": {"gamma": 1.2918445291131877, "prior": 4.687523094792548, "rate": 6.494427895595687}, "datetime": {"datetime": "2024-06-14 18:10:46", "elapsed": 18.670698, "delta": 0.009974}}
{"target": -188.96199942335542, "params": {"gamma": 3.945711176055152, "prior": 9.534289164446331, "rate": 7.5488990420267905}, "datetime": {"datetime": "2024-06-14 18:10:46", "elapsed": 18.680671, "delta": 0.009973}}
{"target": -237.42773452859888, "params": {"gamma": 5.444208932057693, "prior": 5.67887663019228, "rate": 3.2067189291281246}, "datetime": {"datetime": "2024-06-14 18:10:46", "elapsed": 18.69115, "delta": 0.010479}}
{"target": -231.6691822069657, "params": {"gamma": 5.1256851497310105, "prior": 7.602335802195582, "rate": 0.019094445132394236}, "datetime": {"datetime": "2024-06-14 18:10:46", "elapsed": 18.701123, "delta": 0.009973}}
{"target": -219.64474548850757, "params": {"gamma": 4.806438381858799, "prior": 9.051149756240171, "rate": 8.49515263986085}, "datetime": {"datetime": "2024-06-14 18:10:46", "elapsed": 18.711097, "delta": 0.009974}}
{"target": -142.1651568685061, "params": {"gamma": 2.210733350081861, "prior": 7.388740776568681, "rate": 5.849151492900638}, "datetime": {"datetime": "2024-06-14 18:10:46", "elapsed": 18.72107, "delta": 0.009973}}
{"target": -236.00434303805991, "params": {"gamma": 5.255835607120612, "prior": 6.648300677217822, "rate": 6.321044057567672}, "datetime": {"datetime": "2024-06-14 18:10:46", "elapsed": 18.731043, "delta": 0.009973}}
{"target": -133.02031014545298, "params": {"gamma": 0.7151025607260231, "prior": 4.226738133427656, "rate": 1.9937729109275177}, "datetime": {"datetime": "2024-06-14 18:10:46", "elapsed": 18.741543, "delta": 0.0105}}
{"target": -308.2070481233774, "params": {"gamma": 7.006133824526521, "prior": 2.8057722884778102, "rate": 4.36475792464087}, "datetime": {"datetime": "2024-06-14 18:10:46", "elapsed": 18.751992, "delta": 0.010449}}
{"target": -351.2878796741959, "params": {"gamma": 8.216434846465544, "prior": 7.852323575275002, "rate": 8.541747338132712}, "datetime": {"datetime": "2024-06-14 18:10:46", "elapsed": 18.761965, "delta": 0.009973}}
{"target": -216.05846179198767, "params": {"gamma": 4.791059397936408, "prior": 9.272297925997325, "rate": 0.31651532588659786}, "datetime": {"datetime": "2024-06-14 18:10:46", "elapsed": 18.771938, "delta": 0.009973}}
{"target": -408.43664990747686, "params": {"gamma": 9.382894180194201, "prior": 3.551425046560445, "rate": 8.128417943848676}, "datetime": {"datetime": "2024-06-14 18:10:46", "elapsed": 18.782643, "delta": 0.010705}}
{"target": -396.89667364419853, "params": {"gamma": 9.483262648120892, "prior": 8.928959309652628, "rate": 6.980493154617331}, "datetime": {"datetime": "2024-06-14 18:10:46", "elapsed": 18.79346, "delta": 0.010817}}
{"target": -280.60311991331247, "params": {"gamma": 6.702161211463432, "prior": 9.738421930452827, "rate": 4.651622241751715}, "datetime": {"datetime": "2024-06-14 18:10:47", "elapsed": 18.803433, "delta": 0.009973}}
{"target": -129.90625328212937, "params": {"gamma": 1.041066599814464, "prior": 0.3390594280462933, "rate": 8.813120742542266}, "datetime": {"datetime": "2024-06-14 18:10:47", "elapsed": 18.813407, "delta": 0.009974}}
{"target": -138.70976066156427, "params": {"gamma": 0.2628840047433559, "prior": 9.513197094050101, "rate": 5.699606506289468}, "datetime": {"datetime": "2024-06-14 18:10:47", "elapsed": 18.82338, "delta": 0.009973}}
{"target": -144.83751651192938, "params": {"gamma": 0.001, "prior": 10.0, "rate": 10.0}, "datetime": {"datetime": "2024-06-14 18:11:33", "elapsed": 65.725884, "delta": 46.902504}}
{"target": -129.0064660892807, "params": {"gamma": 0.9709924777705371, "prior": 6.164593250334848, "rate": 9.806064562483806}, "datetime": {"datetime": "2024-06-14 18:12:02", "elapsed": 93.820047, "delta": 28.094163}}
{"target": -129.66694202806082, "params": {"gamma": 0.9558132941081992, "prior": 9.704994561835802, "rate": 9.965278898943858}, "datetime": {"datetime": "2024-06-14 18:12:26", "elapsed": 118.531834, "delta": 24.711787}}
{"target": -129.30437894763654, "params": {"gamma": 0.8867942238245888, "prior": 0.10594719549451517, "rate": 2.029908252503637}, "datetime": {"datetime": "2024-06-14 18:12:53", "elapsed": 145.195053, "delta": 26.663219}}
{"target": -130.9054663588399, "params": {"gamma": 1.0115913135786672, "prior": 0.11222522700188664, "rate": 9.451842725994469}, "datetime": {"datetime": "2024-06-14 18:13:21", "elapsed": 172.798279, "delta": 27.603226}}
{"target": -129.4685798369969, "params": {"gamma": 0.8113592054606471, "prior": 0.30979546925866697, "rate": 6.805496698754322}, "datetime": {"datetime": "2024-06-14 18:13:52", "elapsed": 203.918008, "delta": 31.119729}}
{"target": -128.9414479749599, "params": {"gamma": 0.8447530202294579, "prior": 1.2706855251674527, "rate": 9.971310401347752}, "datetime": {"datetime": "2024-06-14 18:14:26", "elapsed": 238.684439, "delta": 34.766431}}
{"target": -129.3831631299989, "params": {"gamma": 1.1506847128915205, "prior": 8.014450119678528, "rate": 9.986965021925426}, "datetime": {"datetime": "2024-06-14 18:14:54", "elapsed": 265.923358, "delta": 27.238919}}
{"target": -129.61012149784656, "params": {"gamma": 1.1438923349484649, "prior": 0.16259951681262974, "rate": 0.9139432622770137}, "datetime": {"datetime": "2024-06-14 18:15:17", "elapsed": 288.821707, "delta": 22.898349}}
{"target": -128.86377053097573, "params": {"gamma": 1.012359397313973, "prior": 2.9164191203172005, "rate": 9.996697640740363}, "datetime": {"datetime": "2024-06-14 18:15:44", "elapsed": 315.802306, "delta": 26.980599}}
{"target": -129.29353282752376, "params": {"gamma": 0.8744788151754899, "prior": 5.98269788184378, "rate": 9.211644089255662}, "datetime": {"datetime": "2024-06-14 18:16:06", "elapsed": 338.717276, "delta": 22.91497}}
{"target": -128.85971744394314, "params": {"gamma": 1.0387681641301119, "prior": 4.122371053501678, "rate": 8.138556440353657}, "datetime": {"datetime": "2024-06-14 18:16:43", "elapsed": 375.235439, "delta": 36.518163}}
{"target": -129.25141069744836, "params": {"gamma": 1.0180449982277653, "prior": 6.380867121263253, "rate": 7.9296078247219155}, "datetime": {"datetime": "2024-06-14 18:17:02", "elapsed": 394.411254, "delta": 19.175815}}
{"target": -128.89843295297575, "params": {"gamma": 1.0697678543946036, "prior": 4.725615379213233, "rate": 9.998386835926267}, "datetime": {"datetime": "2024-06-14 18:17:33", "elapsed": 425.116471, "delta": 30.705217}}
{"target": -129.1772989772549, "params": {"gamma": 1.1403369765509626, "prior": 1.9420204018006473, "rate": 3.0385592735352174}, "datetime": {"datetime": "2024-06-14 18:17:52", "elapsed": 444.490766, "delta": 19.374295}}
{"target": -130.1259315294531, "params": {"gamma": 0.8823354948404991, "prior": 9.942692526198055, "rate": 9.267541773181394}, "datetime": {"datetime": "2024-06-14 18:18:13", "elapsed": 465.105641, "delta": 20.614875}}
{"target": -128.78860828257643, "params": {"gamma": 0.9864159546373734, "prior": 2.757184486667615, "rate": 6.475029194614079}, "datetime": {"datetime": "2024-06-14 18:19:09", "elapsed": 521.302818, "delta": 56.197177}}
{"target": -128.89653070496567, "params": {"gamma": 0.9795641489527925, "prior": 1.682323438986613, "rate": 9.199132208722322}, "datetime": {"datetime": "2024-06-14 18:19:38", "elapsed": 549.955149, "delta": 28.652331}}
{"target": -129.49994292592092, "params": {"gamma": 1.019798301856144, "prior": 5.344215085497383, "rate": 5.661815216877694}, "datetime": {"datetime": "2024-06-14 18:20:21", "elapsed": 593.64144, "delta": 43.686291}}
{"target": -129.87066336704098, "params": {"gamma": 0.9478134335319778, "prior": 0.12295023690515397, "rate": 4.418082513760156}, "datetime": {"datetime": "2024-06-14 18:20:54", "elapsed": 625.816336, "delta": 32.174896}}
