{"target": -1670.3248474871004, "params": {"gamma": 6.052523738337006, "lr": 0.9904061968899467}, "datetime": {"datetime": "2024-06-13 17:15:19", "elapsed": 2.526598, "delta": 0.003989}}
{"target": -1052.6338457685479, "params": {"gamma": 7.739388583314729, "lr": 0.33427640499382627}, "datetime": {"datetime": "2024-06-13 17:15:19", "elapsed": 2.52959, "delta": 0.002992}}
{"target": -196.5593557823722, "params": {"gamma": 0.8908932100029573, "lr": 0.18490559027840836}, "datetime": {"datetime": "2024-06-13 17:15:19", "elapsed": 2.533579, "delta": 0.003989}}
{"target": -775.6211287678013, "params": {"gamma": 5.2689919070424525, "lr": 0.417102418106858}, "datetime": {"datetime": "2024-06-13 17:15:19", "elapsed": 2.537568, "delta": 0.003989}}
{"target": -2205.68947685452, "params": {"gamma": 8.006795921634268, "lr": 0.9332023381866817}, "datetime": {"datetime": "2024-06-13 17:15:19", "elapsed": 2.541558, "delta": 0.00399}}
{"target": -494.65715745368436, "params": {"gamma": 1.779469614765534, "lr": 0.8600667708762162}, "datetime": {"datetime": "2024-06-13 17:15:19", "elapsed": 2.545547, "delta": 0.003989}}
{"target": -2635.075483344949, "params": {"gamma": 9.57399186834036, "lr": 0.9594706068497821}, "datetime": {"datetime": "2024-06-13 17:15:19", "elapsed": 2.549537, "delta": 0.00399}}
{"target": -191.2207128494622, "params": {"gamma": 0.37958801461658453, "lr": 0.05758350560817371}, "datetime": {"datetime": "2024-06-13 17:15:19", "elapsed": 2.553526, "delta": 0.003989}}
{"target": -141.72962529457206, "params": {"gamma": 0.05896813178397224, "lr": 0.3126811561554764}, "datetime": {"datetime": "2024-06-13 17:15:19", "elapsed": 2.557515, "delta": 0.003989}}
{"target": -140.0654074076456, "params": {"gamma": 0.5579284287083343, "lr": 0.29386248547054417}, "datetime": {"datetime": "2024-06-13 17:15:19", "elapsed": 2.560507, "delta": 0.002992}}
{"target": -988.4669336801808, "params": {"gamma": 3.5608088438258343, "lr": 0.9536770184739218}, "datetime": {"datetime": "2024-06-13 17:15:19", "elapsed": 2.565471, "delta": 0.004964}}
{"target": -689.5837121492967, "params": {"gamma": 4.770032273945294, "lr": 0.27823844242133033}, "datetime": {"datetime": "2024-06-13 17:15:19", "elapsed": 2.56946, "delta": 0.003989}}
{"target": -1039.7356330741657, "params": {"gamma": 5.030548945314497, "lr": 0.6433579246491355}, "datetime": {"datetime": "2024-06-13 17:15:19", "elapsed": 2.572453, "delta": 0.002993}}
{"target": -300.2151152258327, "params": {"gamma": 1.1133454800017826, "lr": 0.7580616581331086}, "datetime": {"datetime": "2024-06-13 17:15:19", "elapsed": 2.57647, "delta": 0.004017}}
{"target": -2131.69836097755, "params": {"gamma": 8.519605767101668, "lr": 0.8442498595694283}, "datetime": {"datetime": "2024-06-13 17:15:19", "elapsed": 2.580431, "delta": 0.003961}}
{"target": -1198.124773287455, "params": {"gamma": 8.905177817288482, "lr": 0.38184239675576115}, "datetime": {"datetime": "2024-06-13 17:15:19", "elapsed": 2.58442, "delta": 0.003989}}
{"target": -1252.1091080916067, "params": {"gamma": 4.438608178466819, "lr": 0.10158147594616618}, "datetime": {"datetime": "2024-06-13 17:15:19", "elapsed": 2.58841, "delta": 0.00399}}
{"target": -634.2192744999264, "params": {"gamma": 2.25884341738992, "lr": 0.971320469273211}, "datetime": {"datetime": "2024-06-13 17:15:19", "elapsed": 2.592399, "delta": 0.003989}}
{"target": -780.2706534863727, "params": {"gamma": 2.8469550657183857, "lr": 0.9073961422409973}, "datetime": {"datetime": "2024-06-13 17:15:19", "elapsed": 2.596154, "delta": 0.003755}}
{"target": -2451.953044647809, "params": {"gamma": 8.905632311496733, "lr": 0.9225044972603934}, "datetime": {"datetime": "2024-06-13 17:15:19", "elapsed": 2.600143, "delta": 0.003989}}
{"target": -438.3751376989623, "params": {"gamma": 1.5623394948435068, "lr": 0.8797221435013809}, "datetime": {"datetime": "2024-06-13 17:15:19", "elapsed": 2.604132, "delta": 0.003989}}
{"target": -1056.1703818401838, "params": {"gamma": 6.320317509680909, "lr": 0.21062817841880244}, "datetime": {"datetime": "2024-06-13 17:15:19", "elapsed": 2.608121, "delta": 0.003989}}
{"target": -764.1269742731903, "params": {"gamma": 3.4518140318860318, "lr": 0.1599187885892832}, "datetime": {"datetime": "2024-06-13 17:15:19", "elapsed": 2.611113, "delta": 0.002992}}
{"target": -1502.294729337005, "params": {"gamma": 4.444037226303826, "lr": 0.08377495384546052}, "datetime": {"datetime": "2024-06-13 17:15:19", "elapsed": 2.615103, "delta": 0.00399}}
{"target": -314.2262475439076, "params": {"gamma": 1.654019586311918, "lr": 0.19719634646666928}, "datetime": {"datetime": "2024-06-13 17:15:19", "elapsed": 2.619092, "delta": 0.003989}}
{"target": -1291.7940731948179, "params": {"gamma": 6.910582388225486, "lr": 0.573802869165353}, "datetime": {"datetime": "2024-06-13 17:15:19", "elapsed": 2.623082, "delta": 0.00399}}
{"target": -1322.3031189944804, "params": {"gamma": 8.733358017233284, "lr": 0.2446340657192081}, "datetime": {"datetime": "2024-06-13 17:15:19", "elapsed": 2.627071, "delta": 0.003989}}
{"target": -2248.8839821974275, "params": {"gamma": 6.296449959232413, "lr": 0.034431265307095615}, "datetime": {"datetime": "2024-06-13 17:15:19", "elapsed": 2.63106, "delta": 0.003989}}
{"target": -1393.724953057919, "params": {"gamma": 5.162468412309614, "lr": 0.8632264817138495}, "datetime": {"datetime": "2024-06-13 17:15:19", "elapsed": 2.635049, "delta": 0.003989}}
{"target": -3512.5768416419223, "params": {"gamma": 9.841281312305282, "lr": 0.009872975358918512}, "datetime": {"datetime": "2024-06-13 17:15:19", "elapsed": 2.638042, "delta": 0.002993}}
{"target": -398.3135243074086, "params": {"gamma": 2.5291619792860742, "lr": 0.22384967032752534}, "datetime": {"datetime": "2024-06-13 17:15:19", "elapsed": 2.642549, "delta": 0.004507}}
{"target": -215.436593764609, "params": {"gamma": 0.4763284046833772, "lr": 0.010172456261775653}, "datetime": {"datetime": "2024-06-13 17:15:19", "elapsed": 2.646539, "delta": 0.00399}}
{"target": -1752.0527269395386, "params": {"gamma": 4.902462927130074, "lr": 0.04548214567029407}, "datetime": {"datetime": "2024-06-13 17:15:19", "elapsed": 2.64953, "delta": 0.002991}}
{"target": -583.4137338577153, "params": {"gamma": 2.784002980338173, "lr": 0.6399745691089123}, "datetime": {"datetime": "2024-06-13 17:15:19", "elapsed": 2.65352, "delta": 0.00399}}
{"target": -434.13071866567105, "params": {"gamma": 2.9476257235674814, "lr": 0.26965470115905144}, "datetime": {"datetime": "2024-06-13 17:15:19", "elapsed": 2.657509, "delta": 0.003989}}
{"target": -801.3580841412119, "params": {"gamma": 5.905874675913428, "lr": 0.38053407720964005}, "datetime": {"datetime": "2024-06-13 17:15:19", "elapsed": 2.661498, "delta": 0.003989}}
{"target": -1072.2045183991656, "params": {"gamma": 7.025527816580048, "lr": 0.4961239512498611}, "datetime": {"datetime": "2024-06-13 17:15:19", "elapsed": 2.665488, "delta": 0.00399}}
{"target": -864.4483132762559, "params": {"gamma": 6.33245944879897, "lr": 0.3533943470016294}, "datetime": {"datetime": "2024-06-13 17:15:19", "elapsed": 2.669477, "delta": 0.003989}}
{"target": -724.9470771668016, "params": {"gamma": 2.871152417608931, "lr": 0.13320711375110195}, "datetime": {"datetime": "2024-06-13 17:15:19", "elapsed": 2.673467, "delta": 0.00399}}
{"target": -2351.203788306042, "params": {"gamma": 9.370866767604843, "lr": 0.8048358460157946}, "datetime": {"datetime": "2024-06-13 17:15:19", "elapsed": 2.677456, "delta": 0.003989}}
{"target": -1664.1326020614815, "params": {"gamma": 9.380347403020368, "lr": 0.1853805246478023}, "datetime": {"datetime": "2024-06-13 17:15:19", "elapsed": 2.681445, "delta": 0.003989}}
{"target": -2568.6693868385405, "params": {"gamma": 9.331624472469432, "lr": 0.9357532076921331}, "datetime": {"datetime": "2024-06-13 17:15:19", "elapsed": 2.685434, "delta": 0.003989}}
{"target": -420.862657419407, "params": {"gamma": 2.8361615915229414, "lr": 0.27463424842386297}, "datetime": {"datetime": "2024-06-13 17:15:19", "elapsed": 2.688969, "delta": 0.003535}}
{"target": -984.0533841816086, "params": {"gamma": 5.514764305160052, "lr": 0.18528923936855235}, "datetime": {"datetime": "2024-06-13 17:15:19", "elapsed": 2.692959, "delta": 0.00399}}
{"target": -792.0611746165919, "params": {"gamma": 4.421569005157032, "lr": 0.1853176459376844}, "datetime": {"datetime": "2024-06-13 17:15:19", "elapsed": 2.696949, "delta": 0.00399}}
{"target": -1439.1922154514991, "params": {"gamma": 9.473811803621638, "lr": 0.4938246574910856}, "datetime": {"datetime": "2024-06-13 17:15:19", "elapsed": 2.69994, "delta": 0.002991}}
{"target": -1981.6513117070392, "params": {"gamma": 9.639213756472554, "lr": 0.6449416725122118}, "datetime": {"datetime": "2024-06-13 17:15:19", "elapsed": 2.703929, "delta": 0.003989}}
{"target": -1339.3082437139524, "params": {"gamma": 4.843673414550824, "lr": 0.9676952459611975}, "datetime": {"datetime": "2024-06-13 17:15:19", "elapsed": 2.707918, "delta": 0.003989}}
{"target": -318.2964900246523, "params": {"gamma": 1.4327546273059197, "lr": 0.6323298746664966}, "datetime": {"datetime": "2024-06-13 17:15:19", "elapsed": 2.711908, "delta": 0.00399}}
{"target": -990.8112342020756, "params": {"gamma": 6.6192217900001395, "lr": 0.43383982715272595}, "datetime": {"datetime": "2024-06-13 17:15:19", "elapsed": 2.715898, "delta": 0.00399}}
{"target": -152.7041489530621, "params": {"gamma": 0.594512896164236, "lr": 0.4927226011660333}, "datetime": {"datetime": "2024-06-13 17:15:19", "elapsed": 2.719887, "delta": 0.003989}}
{"target": -1174.128137431716, "params": {"gamma": 4.651874301237257, "lr": 0.8067468107748635}, "datetime": {"datetime": "2024-06-13 17:15:19", "elapsed": 2.723876, "delta": 0.003989}}
{"target": -364.52636796198533, "params": {"gamma": 2.5673532385398095, "lr": 0.3914303629842686}, "datetime": {"datetime": "2024-06-13 17:15:19", "elapsed": 2.727865, "delta": 0.003989}}
{"target": -537.7671274242701, "params": {"gamma": 2.402481900006551, "lr": 0.6864434151723641}, "datetime": {"datetime": "2024-06-13 17:15:19", "elapsed": 2.731854, "delta": 0.003989}}
{"target": -1933.5614416111353, "params": {"gamma": 9.898844649917818, "lr": 0.1774295368682619}, "datetime": {"datetime": "2024-06-13 17:15:19", "elapsed": 2.735403, "delta": 0.003549}}
{"target": -1244.7667126584863, "params": {"gamma": 8.214645955522746, "lr": 0.2309885592816333}, "datetime": {"datetime": "2024-06-13 17:15:19", "elapsed": 2.739393, "delta": 0.00399}}
{"target": -190.71439882838487, "params": {"gamma": 0.5807001579142975, "lr": 0.13881651804567363}, "datetime": {"datetime": "2024-06-13 17:15:19", "elapsed": 2.743382, "delta": 0.003989}}
{"target": -2514.0492210383127, "params": {"gamma": 9.351596002308344, "lr": 0.8885421033562281}, "datetime": {"datetime": "2024-06-13 17:15:19", "elapsed": 2.747372, "delta": 0.00399}}
{"target": -806.425941069919, "params": {"gamma": 2.893315694333617, "lr": 0.9477640661016069}, "datetime": {"datetime": "2024-06-13 17:15:19", "elapsed": 2.750363, "delta": 0.002991}}
{"target": -1266.0713539359288, "params": {"gamma": 8.499455421778958, "lr": 0.4346547940716735}, "datetime": {"datetime": "2024-06-13 17:15:19", "elapsed": 2.754353, "delta": 0.00399}}
{"target": -970.7830189492967, "params": {"gamma": 4.681027499109862, "lr": 0.6298530215834227}, "datetime": {"datetime": "2024-06-13 17:15:19", "elapsed": 2.758342, "delta": 0.003989}}
{"target": -574.4988656697906, "params": {"gamma": 1.581160317803163, "lr": 0.014782086742092915}, "datetime": {"datetime": "2024-06-13 17:15:19", "elapsed": 2.762331, "delta": 0.003989}}
{"target": -952.7414980296435, "params": {"gamma": 2.655854662706386, "lr": 0.015443631942760883}, "datetime": {"datetime": "2024-06-13 17:15:19", "elapsed": 2.766321, "delta": 0.00399}}
{"target": -1176.9270140202748, "params": {"gamma": 6.745313942778413, "lr": 0.5514688358127765}, "datetime": {"datetime": "2024-06-13 17:15:19", "elapsed": 2.77031, "delta": 0.003989}}
{"target": -796.3686989838529, "params": {"gamma": 3.2171598078821737, "lr": 0.7802023371197586}, "datetime": {"datetime": "2024-06-13 17:15:19", "elapsed": 2.774299, "delta": 0.003989}}
{"target": -246.62261599307172, "params": {"gamma": 1.4587085267165556, "lr": 0.2448806387618836}, "datetime": {"datetime": "2024-06-13 17:15:19", "elapsed": 2.778288, "delta": 0.003989}}
{"target": -530.4449569030368, "params": {"gamma": 2.923845306630798, "lr": 0.19593194649899215}, "datetime": {"datetime": "2024-06-13 17:15:19", "elapsed": 2.782278, "delta": 0.00399}}
{"target": -268.30382584774543, "params": {"gamma": 0.8802988990222627, "lr": 0.8699761802716075}, "datetime": {"datetime": "2024-06-13 17:15:19", "elapsed": 2.786267, "delta": 0.003989}}
{"target": -229.50751066380735, "params": {"gamma": 0.8827982670695292, "lr": 0.6837103358216379}, "datetime": {"datetime": "2024-06-13 17:15:19", "elapsed": 2.789259, "delta": 0.002992}}
{"target": -445.10910940253393, "params": {"gamma": 1.204888367700376, "lr": 0.010699003144174157}, "datetime": {"datetime": "2024-06-13 17:15:19", "elapsed": 2.793278, "delta": 0.004019}}
{"target": -1511.8566450280246, "params": {"gamma": 5.573125032519063, "lr": 0.9071090552203707}, "datetime": {"datetime": "2024-06-13 17:15:19", "elapsed": 2.797239, "delta": 0.003961}}
{"target": -1168.4754486597958, "params": {"gamma": 8.604706216701516, "lr": 0.33845138411825004}, "datetime": {"datetime": "2024-06-13 17:15:19", "elapsed": 2.801227, "delta": 0.003988}}
{"target": -150.31041561126634, "params": {"gamma": 0.27256113442929636, "lr": 0.8008593551300331}, "datetime": {"datetime": "2024-06-13 17:15:19", "elapsed": 2.805217, "delta": 0.00399}}
{"target": -2168.581112477913, "params": {"gamma": 8.06004333796437, "lr": 0.8684881163027721}, "datetime": {"datetime": "2024-06-13 17:15:19", "elapsed": 2.809206, "delta": 0.003989}}
{"target": -1684.0604513414987, "params": {"gamma": 6.696796352155456, "lr": 0.8077788623150765}, "datetime": {"datetime": "2024-06-13 17:15:19", "elapsed": 2.813196, "delta": 0.00399}}
{"target": -1356.1299088099236, "params": {"gamma": 8.9750853247459, "lr": 0.4538299504900123}, "datetime": {"datetime": "2024-06-13 17:15:19", "elapsed": 2.817185, "delta": 0.003989}}
{"target": -979.4439258254529, "params": {"gamma": 5.578695211845391, "lr": 0.5061311288282347}, "datetime": {"datetime": "2024-06-13 17:15:19", "elapsed": 2.821174, "delta": 0.003989}}
{"target": -1503.2352511631102, "params": {"gamma": 6.920147061337664, "lr": 0.6829068676298748}, "datetime": {"datetime": "2024-06-13 17:15:19", "elapsed": 2.825163, "delta": 0.003989}}
{"target": -1314.324798040878, "params": {"gamma": 5.203616044997302, "lr": 0.8284681480854713}, "datetime": {"datetime": "2024-06-13 17:15:19", "elapsed": 2.828155, "delta": 0.002992}}
{"target": -1278.0264139848468, "params": {"gamma": 5.058288088511875, "lr": 0.8248585623852319}, "datetime": {"datetime": "2024-06-13 17:15:19", "elapsed": 2.832145, "delta": 0.00399}}
{"target": -562.600281019255, "params": {"gamma": 2.8191690363442863, "lr": 0.17849483297748825}, "datetime": {"datetime": "2024-06-13 17:15:19", "elapsed": 2.836134, "delta": 0.003989}}
{"target": -2140.691551601583, "params": {"gamma": 9.698735832876796, "lr": 0.7419395254560768}, "datetime": {"datetime": "2024-06-13 17:15:19", "elapsed": 2.840123, "delta": 0.003989}}
{"target": -498.27599755927776, "params": {"gamma": 2.598657141350841, "lr": 0.5812353422911717}, "datetime": {"datetime": "2024-06-13 17:15:19", "elapsed": 2.844113, "delta": 0.00399}}
{"target": -3409.686328425719, "params": {"gamma": 9.55266727312833, "lr": 0.0807539078120788}, "datetime": {"datetime": "2024-06-13 17:15:19", "elapsed": 2.848102, "delta": 0.003989}}
{"target": -205.156155090119, "params": {"gamma": 0.8362585364103492, "lr": 0.6191348314199072}, "datetime": {"datetime": "2024-06-13 17:15:19", "elapsed": 2.852091, "delta": 0.003989}}
{"target": -563.6121564959889, "params": {"gamma": 2.245710294880741, "lr": 0.7651839567335081}, "datetime": {"datetime": "2024-06-13 17:15:19", "elapsed": 2.856081, "delta": 0.00399}}
{"target": -1172.7295821000844, "params": {"gamma": 5.681957276948102, "lr": 0.6661880902234952}, "datetime": {"datetime": "2024-06-13 17:15:19", "elapsed": 2.86007, "delta": 0.003989}}
{"target": -385.35748594396955, "params": {"gamma": 1.0790311940451294, "lr": 0.08428305143655679}, "datetime": {"datetime": "2024-06-13 17:15:19", "elapsed": 2.86406, "delta": 0.00399}}
{"target": -915.8329881858062, "params": {"gamma": 6.251585561986592, "lr": 0.4097312611340205}, "datetime": {"datetime": "2024-06-13 17:15:19", "elapsed": 2.86805, "delta": 0.00399}}
{"target": -165.85102329002322, "params": {"gamma": 0.8734379861959459, "lr": 0.3710639450161891}, "datetime": {"datetime": "2024-06-13 17:15:19", "elapsed": 2.871551, "delta": 0.003501}}
{"target": -1196.3181896447727, "params": {"gamma": 6.72177195215883, "lr": 0.1895874001915857}, "datetime": {"datetime": "2024-06-13 17:15:19", "elapsed": 2.875536, "delta": 0.003985}}
{"target": -2466.135372229447, "params": {"gamma": 8.957395356178512, "lr": 0.9498463888800873}, "datetime": {"datetime": "2024-06-13 17:15:19", "elapsed": 2.879526, "delta": 0.00399}}
{"target": -2122.522148293986, "params": {"gamma": 9.615763851802903, "lr": 0.7300825577402602}, "datetime": {"datetime": "2024-06-13 17:15:19", "elapsed": 2.883515, "delta": 0.003989}}
{"target": -907.516624071366, "params": {"gamma": 4.063477988455463, "lr": 0.7437491963512196}, "datetime": {"datetime": "2024-06-13 17:15:19", "elapsed": 2.887504, "delta": 0.003989}}
{"target": -402.43038866460535, "params": {"gamma": 2.8805808058682407, "lr": 0.3144172223907462}, "datetime": {"datetime": "2024-06-13 17:15:19", "elapsed": 2.891493, "delta": 0.003989}}
{"target": -1140.495986796291, "params": {"gamma": 6.059357715817362, "lr": 0.5948471334079176}, "datetime": {"datetime": "2024-06-13 17:15:19", "elapsed": 2.895483, "delta": 0.00399}}
{"target": -1251.21560231544, "params": {"gamma": 8.786731102181795, "lr": 0.25460075566057694}, "datetime": {"datetime": "2024-06-13 17:15:19", "elapsed": 2.899472, "delta": 0.003989}}
{"target": -2111.2575002852354, "params": {"gamma": 7.662117463663015, "lr": 0.9410132668189013}, "datetime": {"datetime": "2024-06-13 17:15:19", "elapsed": 2.903462, "delta": 0.00399}}
{"target": -145.97846735461354, "params": {"gamma": 0.011328293644688577, "lr": 0.47608911800210485}, "datetime": {"datetime": "2024-06-13 17:15:19", "elapsed": 2.906453, "delta": 0.002991}}
{"target": -1647.4671912222875, "params": {"gamma": 6.570746249918269, "lr": 0.8433232139195225}, "datetime": {"datetime": "2024-06-13 17:15:19", "elapsed": 2.910443, "delta": 0.00399}}
{"target": -477.61034232332923, "params": {"gamma": 1.8382103793481412, "lr": 0.8561592379873718}, "datetime": {"datetime": "2024-06-13 17:15:19", "elapsed": 2.914432, "delta": 0.003989}}
{"target": -993.7433145643643, "params": {"gamma": 3.6442904330904224, "lr": 0.8922739292761724}, "datetime": {"datetime": "2024-06-13 17:15:19", "elapsed": 2.918422, "delta": 0.00399}}
{"target": -167.62019125448722, "params": {"gamma": 0.2780896894835276, "lr": 0.08539013912317062}, "datetime": {"datetime": "2024-06-13 17:15:19", "elapsed": 2.922411, "delta": 0.003989}}
{"target": -1926.9554334976012, "params": {"gamma": 9.81412324707537, "lr": 0.6095019257734966}, "datetime": {"datetime": "2024-06-13 17:15:19", "elapsed": 2.9264, "delta": 0.003989}}
{"target": -824.23681737943, "params": {"gamma": 4.176905835795019, "lr": 0.16921418469369054}, "datetime": {"datetime": "2024-06-13 17:15:19", "elapsed": 2.930208, "delta": 0.003808}}
{"target": -2321.214498319892, "params": {"gamma": 6.499361629743811, "lr": 0.03697506835935782}, "datetime": {"datetime": "2024-06-13 17:15:19", "elapsed": 2.934194, "delta": 0.003986}}
{"target": -432.8401457073487, "params": {"gamma": 3.116827520693586, "lr": 0.32347919698907535}, "datetime": {"datetime": "2024-06-13 17:15:19", "elapsed": 2.938183, "delta": 0.003989}}
{"target": -1252.9812969079587, "params": {"gamma": 6.074811493252022, "lr": 0.6508312566756971}, "datetime": {"datetime": "2024-06-13 17:15:19", "elapsed": 2.942173, "delta": 0.00399}}
{"target": -2330.0490629632122, "params": {"gamma": 8.460699937765456, "lr": 0.9275809425975434}, "datetime": {"datetime": "2024-06-13 17:15:19", "elapsed": 2.946162, "delta": 0.003989}}
{"target": -1235.2812593162864, "params": {"gamma": 6.604916818383386, "lr": 0.5781739184085382}, "datetime": {"datetime": "2024-06-13 17:15:19", "elapsed": 2.950151, "delta": 0.003989}}
{"target": -1105.1384956705197, "params": {"gamma": 3.987756720746455, "lr": 0.966612492642142}, "datetime": {"datetime": "2024-06-13 17:15:19", "elapsed": 2.953143, "delta": 0.002992}}
{"target": -435.0288782287369, "params": {"gamma": 1.541637639151742, "lr": 0.8950868086486484}, "datetime": {"datetime": "2024-06-13 17:15:19", "elapsed": 2.957133, "delta": 0.00399}}
{"target": -552.7604715859919, "params": {"gamma": 3.1108196657805305, "lr": 0.548489089666104}, "datetime": {"datetime": "2024-06-13 17:15:19", "elapsed": 2.961122, "delta": 0.003989}}
{"target": -1036.4734561752623, "params": {"gamma": 6.8209805180697165, "lr": 0.23646965132615538}, "datetime": {"datetime": "2024-06-13 17:15:19", "elapsed": 2.965111, "delta": 0.003989}}
{"target": -315.72138269756636, "params": {"gamma": 1.678199113817666, "lr": 0.508482013429616}, "datetime": {"datetime": "2024-06-13 17:15:19", "elapsed": 2.969101, "delta": 0.00399}}
{"target": -1717.3923635082208, "params": {"gamma": 7.918846891971133, "lr": 0.6924144621670756}, "datetime": {"datetime": "2024-06-13 17:15:19", "elapsed": 2.973596, "delta": 0.004495}}
{"target": -345.13500004191644, "params": {"gamma": 1.1906143983929753, "lr": 0.900742215071733}, "datetime": {"datetime": "2024-06-13 17:15:19", "elapsed": 2.976588, "delta": 0.002992}}
