{"target": -121.96389588953356, "params": {"gamma": 0.657282747746784, "prior": 4.544031005383378, "rate": 8.378448285186794}, "datetime": {"datetime": "2024-06-14 08:53:22", "elapsed": 12.276811, "delta": 0.009974}}
{"target": -125.0626937784076, "params": {"gamma": 1.7983467816471097, "prior": 0.48173470650167005, "rate": 7.327203051217345}, "datetime": {"datetime": "2024-06-14 08:53:22", "elapsed": 12.285786, "delta": 0.008975}}
{"target": -218.70366349245342, "params": {"gamma": 5.630844195010378, "prior": 0.5164002018474038, "rate": 9.848867755318958}, "datetime": {"datetime": "2024-06-14 08:53:22", "elapsed": 12.29576, "delta": 0.009974}}
{"target": -232.834919791428, "params": {"gamma": 5.693754542449788, "prior": 5.893051062330274, "rate": 7.899276512022575}, "datetime": {"datetime": "2024-06-14 08:53:22", "elapsed": 12.305734, "delta": 0.009974}}
{"target": -287.52997177084967, "params": {"gamma": 9.026444072192401, "prior": 0.7014322896639713, "rate": 3.485783580678766}, "datetime": {"datetime": "2024-06-14 08:53:22", "elapsed": 12.315706, "delta": 0.009972}}
{"target": -191.74764556316654, "params": {"gamma": 2.001718538820858, "prior": 4.70500016338409, "rate": 0.9155879517141836}, "datetime": {"datetime": "2024-06-14 08:53:22", "elapsed": 12.32568, "delta": 0.009974}}
{"target": -118.79980079243417, "params": {"gamma": 0.6817896566229965, "prior": 3.07880538798981, "rate": 9.04354823246074}, "datetime": {"datetime": "2024-06-14 08:53:22", "elapsed": 12.336651, "delta": 0.010971}}
{"target": -878.2434016700099, "params": {"gamma": 9.755444236897075, "prior": 7.660828314655607, "rate": 0.008408388692528457}, "datetime": {"datetime": "2024-06-14 08:53:22", "elapsed": 12.346624, "delta": 0.009973}}
{"target": -246.1343950302877, "params": {"gamma": 7.3524203268081045, "prior": 0.3177258488517453, "rate": 1.6864882568683546}, "datetime": {"datetime": "2024-06-14 08:53:22", "elapsed": 12.356597, "delta": 0.009973}}
{"target": -140.379762178966, "params": {"gamma": 0.10612956883701744, "prior": 1.576357287795895, "rate": 6.87536774608507}, "datetime": {"datetime": "2024-06-14 08:53:22", "elapsed": 12.366571, "delta": 0.009974}}
{"target": -247.70452323914114, "params": {"gamma": 7.020466736538225, "prior": 3.773666325556383, "rate": 7.312177051179447}, "datetime": {"datetime": "2024-06-14 08:53:22", "elapsed": 12.375947, "delta": 0.009376}}
{"target": -429.09206108453327, "params": {"gamma": 8.47319475004096, "prior": 1.3905393929713459, "rate": 0.8749857543012785}, "datetime": {"datetime": "2024-06-14 08:53:22", "elapsed": 12.384923, "delta": 0.008976}}
{"target": -210.323640534201, "params": {"gamma": 3.7198426436825134, "prior": 4.098448011756622, "rate": 2.764765794383843}, "datetime": {"datetime": "2024-06-14 08:53:22", "elapsed": 12.394778, "delta": 0.009855}}
{"target": -252.02079769711943, "params": {"gamma": 7.5419276912585245, "prior": 3.2856833854686824, "rate": 8.001642974863078}, "datetime": {"datetime": "2024-06-14 08:53:22", "elapsed": 12.404973, "delta": 0.010195}}
{"target": -410.13629031997385, "params": {"gamma": 9.113172234382187, "prior": 5.180175174658037, "rate": 4.294790874776841}, "datetime": {"datetime": "2024-06-14 08:53:22", "elapsed": 12.41522, "delta": 0.010247}}
{"target": -116.7199238743101, "params": {"gamma": 0.9168564269132811, "prior": 2.8094053076691683, "rate": 8.866591497643999}, "datetime": {"datetime": "2024-06-14 08:53:22", "elapsed": 12.42492, "delta": 0.0097}}
{"target": -159.99986023906843, "params": {"gamma": 2.460197468394256, "prior": 6.24977493002166, "rate": 4.950578951032165}, "datetime": {"datetime": "2024-06-14 08:53:22", "elapsed": 12.434894, "delta": 0.009974}}
{"target": -171.4075152290244, "params": {"gamma": 0.9446309868062094, "prior": 9.003748460789474, "rate": 0.6786405537486796}, "datetime": {"datetime": "2024-06-14 08:53:22", "elapsed": 12.444867, "delta": 0.009973}}
{"target": -331.4689641016448, "params": {"gamma": 6.807342552340344, "prior": 9.722781585845405, "rate": 7.09402853441662}, "datetime": {"datetime": "2024-06-14 08:53:22", "elapsed": 12.453843, "delta": 0.008976}}
{"target": -152.01696673938227, "params": {"gamma": 3.2597612958632975, "prior": 0.8270576470431867, "rate": 5.797790733426387}, "datetime": {"datetime": "2024-06-14 08:53:22", "elapsed": 12.463816, "delta": 0.009973}}
{"target": -260.07143190439695, "params": {"gamma": 7.335436665512681, "prior": 3.6525757331700546, "rate": 6.537860973630521}, "datetime": {"datetime": "2024-06-14 08:53:22", "elapsed": 12.47379, "delta": 0.009974}}
{"target": -220.84760910935825, "params": {"gamma": 5.6663474905763875, "prior": 0.4376535322434657, "rate": 9.207023836034617}, "datetime": {"datetime": "2024-06-14 08:53:22", "elapsed": 12.483763, "delta": 0.009973}}
{"target": -166.69046199554347, "params": {"gamma": 3.80067802872134, "prior": 3.8560792455691626, "rate": 8.463712402100912}, "datetime": {"datetime": "2024-06-14 08:53:22", "elapsed": 12.492739, "delta": 0.008976}}
{"target": -206.12787356071885, "params": {"gamma": 4.843294742066144, "prior": 4.565581063206701, "rate": 6.398927296728125}, "datetime": {"datetime": "2024-06-14 08:53:22", "elapsed": 12.502742, "delta": 0.010003}}
{"target": -139.75987970770453, "params": {"gamma": 2.118501136597562, "prior": 5.330176857702819, "rate": 6.68601667563293}, "datetime": {"datetime": "2024-06-14 08:53:22", "elapsed": 12.512513, "delta": 0.009771}}
{"target": -258.7258640279303, "params": {"gamma": 5.388228223129067, "prior": 7.116735261329858, "rate": 5.985766383139416}, "datetime": {"datetime": "2024-06-14 08:53:22", "elapsed": 12.522484, "delta": 0.009971}}
{"target": -644.0607517674462, "params": {"gamma": 8.414213931463882, "prior": 8.803790551734272, "rate": 0.979294191124055}, "datetime": {"datetime": "2024-06-14 08:53:22", "elapsed": 12.532457, "delta": 0.009973}}
{"target": -137.96457083156506, "params": {"gamma": 2.5866813512262476, "prior": 0.6410959386512911, "rate": 2.289689785820543}, "datetime": {"datetime": "2024-06-14 08:53:22", "elapsed": 12.542431, "delta": 0.009974}}
{"target": -257.4522653147122, "params": {"gamma": 7.209446154413992, "prior": 0.8775978709769626, "rate": 1.5520400109873145}, "datetime": {"datetime": "2024-06-14 08:53:22", "elapsed": 12.552439, "delta": 0.010008}}
{"target": -388.96202963882683, "params": {"gamma": 7.707912505930211, "prior": 4.498819255990509, "rate": 2.9019172561855204}, "datetime": {"datetime": "2024-06-14 08:53:22", "elapsed": 12.56138, "delta": 0.008941}}
{"target": -545.3113393078091, "params": {"gamma": 6.440202978033387, "prior": 8.880690205028927, "rate": 0.3770167983173472}, "datetime": {"datetime": "2024-06-14 08:53:22", "elapsed": 12.571353, "delta": 0.009973}}
{"target": -272.82861268860654, "params": {"gamma": 6.931250350669296, "prior": 6.718652167826616, "rate": 8.680252973877208}, "datetime": {"datetime": "2024-06-14 08:53:22", "elapsed": 12.581356, "delta": 0.010003}}
{"target": -199.12907465430527, "params": {"gamma": 1.964524028194986, "prior": 7.156647032386309, "rate": 1.0399071814446177}, "datetime": {"datetime": "2024-06-14 08:53:22", "elapsed": 12.591299, "delta": 0.009943}}
{"target": -165.76162590461706, "params": {"gamma": 0.5672069415832846, "prior": 6.839880739152903, "rate": 0.22732450662229567}, "datetime": {"datetime": "2024-06-14 08:53:22", "elapsed": 12.601273, "delta": 0.009974}}
{"target": -121.10918166789035, "params": {"gamma": 0.4439465889324353, "prior": 0.46583492545602645, "rate": 4.65463967682463}, "datetime": {"datetime": "2024-06-14 08:53:22", "elapsed": 12.610249, "delta": 0.008976}}
{"target": -521.2535763721448, "params": {"gamma": 7.5789365730024665, "prior": 9.92277231453038, "rate": 2.2668503578440693}, "datetime": {"datetime": "2024-06-14 08:53:22", "elapsed": 12.620222, "delta": 0.009973}}
{"target": -323.03430535974366, "params": {"gamma": 7.924009872480004, "prior": 7.972934055378927, "rate": 8.72255485071234}, "datetime": {"datetime": "2024-06-14 08:53:22", "elapsed": 12.630196, "delta": 0.009974}}
{"target": -148.90709940720205, "params": {"gamma": 3.1432456469635857, "prior": 1.4159580458583867, "rate": 7.967219098261448}, "datetime": {"datetime": "2024-06-14 08:53:22", "elapsed": 12.640169, "delta": 0.009973}}
{"target": -431.71861189454785, "params": {"gamma": 5.675065913341395, "prior": 4.2050738753286225, "rate": 0.587358130182522}, "datetime": {"datetime": "2024-06-14 08:53:22", "elapsed": 12.650143, "delta": 0.009974}}
{"target": -145.6988348440481, "params": {"gamma": 0.06656219698395709, "prior": 3.2286322867153814, "rate": 2.715316394543481}, "datetime": {"datetime": "2024-06-14 08:53:22", "elapsed": 12.659118, "delta": 0.008975}}
{"target": -285.59419441254505, "params": {"gamma": 4.757760549476385, "prior": 9.243757460551764, "rate": 4.167428176120559}, "datetime": {"datetime": "2024-06-14 08:53:22", "elapsed": 12.669092, "delta": 0.009974}}
{"target": -207.42789309150623, "params": {"gamma": 2.8795508249232378, "prior": 8.467940679140908, "rate": 3.0701917238377807}, "datetime": {"datetime": "2024-06-14 08:53:22", "elapsed": 12.679068, "delta": 0.009976}}
{"target": -432.516967691078, "params": {"gamma": 9.155924640477402, "prior": 8.647777248513803, "rate": 6.388553062492898}, "datetime": {"datetime": "2024-06-14 08:53:22", "elapsed": 12.689041, "delta": 0.009973}}
{"target": -245.88267330026463, "params": {"gamma": 7.477004260543885, "prior": 1.6574956757483044, "rate": 6.029139826844452}, "datetime": {"datetime": "2024-06-14 08:53:22", "elapsed": 12.699015, "delta": 0.009974}}
{"target": -213.55189065053122, "params": {"gamma": 3.2710458013785924, "prior": 4.937912730263073, "rate": 2.2546291955209634}, "datetime": {"datetime": "2024-06-14 08:53:22", "elapsed": 12.708988, "delta": 0.009973}}
{"target": -355.1383230712248, "params": {"gamma": 9.019674819004562, "prior": 4.174184394127804, "rate": 4.767863797915282}, "datetime": {"datetime": "2024-06-14 08:53:22", "elapsed": 12.718962, "delta": 0.009974}}
{"target": -239.75448417147447, "params": {"gamma": 7.214306126589714, "prior": 1.3097484479347787, "rate": 5.031147420462448}, "datetime": {"datetime": "2024-06-14 08:53:22", "elapsed": 12.727938, "delta": 0.008976}}
{"target": -458.27772355431375, "params": {"gamma": 8.131663485200999, "prior": 6.805684413213499, "rate": 3.2171856095203215}, "datetime": {"datetime": "2024-06-14 08:53:22", "elapsed": 12.738909, "delta": 0.010971}}
{"target": -310.06113270030846, "params": {"gamma": 7.106943301265306, "prior": 9.350952026926866, "rate": 8.947867607275063}, "datetime": {"datetime": "2024-06-14 08:53:22", "elapsed": 12.748881, "delta": 0.009972}}
{"target": -283.0414517924011, "params": {"gamma": 7.422605646963092, "prior": 2.7344015716166092, "rate": 3.725501581962508}, "datetime": {"datetime": "2024-06-14 08:53:22", "elapsed": 12.758856, "delta": 0.009975}}
{"target": -238.4195106157794, "params": {"gamma": 5.584620793314178, "prior": 3.872384078878505, "rate": 4.558012873762793}, "datetime": {"datetime": "2024-06-14 08:53:22", "elapsed": 12.768828, "delta": 0.009972}}
{"target": -269.98763448157206, "params": {"gamma": 7.935465915232807, "prior": 1.1290073078901408, "rate": 9.7299927856935}, "datetime": {"datetime": "2024-06-14 08:53:22", "elapsed": 12.777804, "delta": 0.008976}}
{"target": -314.79296248099547, "params": {"gamma": 7.046486043044176, "prior": 8.660805896925622, "rate": 7.817018859374792}, "datetime": {"datetime": "2024-06-14 08:53:22", "elapsed": 12.787778, "delta": 0.009974}}
{"target": -300.8461798714182, "params": {"gamma": 4.322404951375301, "prior": 9.430860319493826, "rate": 2.5316090848682102}, "datetime": {"datetime": "2024-06-14 08:53:23", "elapsed": 12.797751, "delta": 0.009973}}
{"target": -125.88218962623617, "params": {"gamma": 0.46343798347233406, "prior": 1.0590944796215522, "rate": 2.0081654825988586}, "datetime": {"datetime": "2024-06-14 08:53:23", "elapsed": 12.806788, "delta": 0.009037}}
{"target": -197.19042219346565, "params": {"gamma": 5.3912662829380675, "prior": 2.3136652704027774, "rate": 8.353372877694195}, "datetime": {"datetime": "2024-06-14 08:53:23", "elapsed": 12.8167, "delta": 0.009912}}
{"target": -143.3484305655699, "params": {"gamma": 0.09437753374081341, "prior": 7.484419195067273, "rate": 9.69010921459811}, "datetime": {"datetime": "2024-06-14 08:53:23", "elapsed": 12.826674, "delta": 0.009974}}
{"target": -154.99863544160687, "params": {"gamma": 2.6725649276388403, "prior": 6.275773513641307, "rate": 7.148081569821106}, "datetime": {"datetime": "2024-06-14 08:53:23", "elapsed": 12.836677, "delta": 0.010003}}
{"target": -159.96189044890735, "params": {"gamma": 3.270247221878411, "prior": 4.387953061937092, "rate": 7.344354052301767}, "datetime": {"datetime": "2024-06-14 08:53:23", "elapsed": 12.84662, "delta": 0.009943}}
{"target": -119.63953630220976, "params": {"gamma": 1.3123707216933747, "prior": 1.5224911326883348, "rate": 3.7546878211627708}, "datetime": {"datetime": "2024-06-14 08:53:23", "elapsed": 12.856594, "delta": 0.009974}}
{"target": -171.72240607937346, "params": {"gamma": 2.2848621090646066, "prior": 3.139165298421994, "rate": 1.5015067831741629}, "datetime": {"datetime": "2024-06-14 08:53:23", "elapsed": 12.866596, "delta": 0.010002}}
{"target": -143.2268716620693, "params": {"gamma": 0.9672639623300204, "prior": 9.168241908051757, "rate": 3.4595881913084976}, "datetime": {"datetime": "2024-06-14 08:53:23", "elapsed": 12.876541, "delta": 0.009945}}
{"target": -271.9174980816232, "params": {"gamma": 5.660096601094165, "prior": 5.51726777421675, "rate": 4.5041251239749585}, "datetime": {"datetime": "2024-06-14 08:53:23", "elapsed": 12.885516, "delta": 0.008975}}
{"target": -248.57145511210314, "params": {"gamma": 7.478457982844058, "prior": 3.3826069277300896, "rate": 8.924882091116567}, "datetime": {"datetime": "2024-06-14 08:53:23", "elapsed": 12.89549, "delta": 0.009974}}
{"target": -134.37504856835756, "params": {"gamma": 0.6812641898485671, "prior": 5.7914069679783005, "rate": 3.391186716940452}, "datetime": {"datetime": "2024-06-14 08:53:23", "elapsed": 12.905464, "delta": 0.009974}}
{"target": -165.38755325168376, "params": {"gamma": 3.6396395485330513, "prior": 3.120469153051323, "rate": 6.036259408805832}, "datetime": {"datetime": "2024-06-14 08:53:23", "elapsed": 12.914439, "delta": 0.008975}}
{"target": -151.51510062491408, "params": {"gamma": 2.34484488740895, "prior": 3.013631376935151, "rate": 2.8556604108589827}, "datetime": {"datetime": "2024-06-14 08:53:23", "elapsed": 12.924413, "delta": 0.009974}}
{"target": -149.1535302618605, "params": {"gamma": 0.06894765796633268, "prior": 3.779023243593732, "rate": 0.4899246143734417}, "datetime": {"datetime": "2024-06-14 08:53:23", "elapsed": 12.934386, "delta": 0.009973}}
{"target": -396.290643293649, "params": {"gamma": 8.743887748991542, "prior": 7.246044050893931, "rate": 5.953475738168867}, "datetime": {"datetime": "2024-06-14 08:53:23", "elapsed": 12.944359, "delta": 0.009973}}
{"target": -351.42561873397597, "params": {"gamma": 7.439039471551036, "prior": 9.020831429535983, "rate": 6.941211543141177}, "datetime": {"datetime": "2024-06-14 08:53:23", "elapsed": 12.954332, "delta": 0.009973}}
{"target": -209.74029249011332, "params": {"gamma": 5.90797241496815, "prior": 1.3301665118919654, "rate": 4.046421932570356}, "datetime": {"datetime": "2024-06-14 08:53:23", "elapsed": 12.963308, "delta": 0.008976}}
{"target": -225.76970846986987, "params": {"gamma": 5.789933531360811, "prior": 6.068159221609412, "rate": 9.607817590001783}, "datetime": {"datetime": "2024-06-14 08:53:23", "elapsed": 12.973282, "delta": 0.009974}}
{"target": -171.11342136460107, "params": {"gamma": 2.0557977104341765, "prior": 6.665198142873705, "rate": 2.5650349774738426}, "datetime": {"datetime": "2024-06-14 08:53:23", "elapsed": 12.983255, "delta": 0.009973}}
{"target": -276.4861373127137, "params": {"gamma": 4.1781946638619605, "prior": 9.722309574884378, "rate": 3.31144322847995}, "datetime": {"datetime": "2024-06-14 08:53:23", "elapsed": 12.993228, "delta": 0.009973}}
{"target": -311.7869651709312, "params": {"gamma": 3.620869630590026, "prior": 4.451727639802938, "rate": 0.4076372311016773}, "datetime": {"datetime": "2024-06-14 08:53:23", "elapsed": 13.003202, "delta": 0.009974}}
{"target": -201.8106365080952, "params": {"gamma": 3.9863038148057774, "prior": 6.227952485750611, "rate": 5.7812217885154835}, "datetime": {"datetime": "2024-06-14 08:53:23", "elapsed": 13.012178, "delta": 0.008976}}
{"target": -387.6253559814859, "params": {"gamma": 8.734253865159978, "prior": 6.447746922370251, "rate": 5.570002490848631}, "datetime": {"datetime": "2024-06-14 08:53:23", "elapsed": 13.022152, "delta": 0.009974}}
{"target": -239.4881699829066, "params": {"gamma": 6.406830923563959, "prior": 0.5714061557653263, "rate": 9.961217364236495}, "datetime": {"datetime": "2024-06-14 08:53:23", "elapsed": 13.032124, "delta": 0.009972}}
{"target": -139.45797648258463, "params": {"gamma": 1.517902470777048, "prior": 4.242624178680719, "rate": 2.953219449966769}, "datetime": {"datetime": "2024-06-14 08:53:23", "elapsed": 13.042098, "delta": 0.009974}}
{"target": -303.6445383529651, "params": {"gamma": 5.7725917240622495, "prior": 5.6396541321313896, "rate": 3.5217911282734677}, "datetime": {"datetime": "2024-06-14 08:53:23", "elapsed": 13.051074, "delta": 0.008976}}
{"target": -374.7574071013958, "params": {"gamma": 9.73632101034662, "prior": 7.537589226886725, "rate": 8.898523787979325}, "datetime": {"datetime": "2024-06-14 08:53:23", "elapsed": 13.061047, "delta": 0.009973}}
{"target": -242.5677989092732, "params": {"gamma": 4.554646543417618, "prior": 6.0341202774811045, "rate": 4.135119304282028}, "datetime": {"datetime": "2024-06-14 08:53:23", "elapsed": 13.07102, "delta": 0.009973}}
{"target": -215.31727429779014, "params": {"gamma": 3.043247399234573, "prior": 5.302158650435817, "rate": 1.9104821219709982}, "datetime": {"datetime": "2024-06-14 08:53:23", "elapsed": 13.080994, "delta": 0.009974}}
{"target": -248.61446406121976, "params": {"gamma": 2.141803137630578, "prior": 5.156795441297785, "rate": 0.13950689289069168}, "datetime": {"datetime": "2024-06-14 08:53:23", "elapsed": 13.090967, "delta": 0.009973}}
{"target": -225.34120952811293, "params": {"gamma": 4.4554255996411385, "prior": 9.967336646400456, "rate": 8.227007128517913}, "datetime": {"datetime": "2024-06-14 08:53:23", "elapsed": 13.099943, "delta": 0.008976}}
{"target": -143.5290743538868, "params": {"gamma": 0.8355220043224125, "prior": 6.5933141384600535, "rate": 2.25470390737774}, "datetime": {"datetime": "2024-06-14 08:53:23", "elapsed": 13.110914, "delta": 0.010971}}
{"target": -120.38763234356149, "params": {"gamma": 1.1804405667721274, "prior": 3.551904901646867, "rate": 6.771991012506975}, "datetime": {"datetime": "2024-06-14 08:53:23", "elapsed": 13.120917, "delta": 0.010003}}
{"target": -213.2771951193448, "params": {"gamma": 5.508094840668205, "prior": 0.5352303689625977, "rate": 8.567685939201464}, "datetime": {"datetime": "2024-06-14 08:53:23", "elapsed": 13.129863, "delta": 0.008946}}
{"target": -342.37307715519495, "params": {"gamma": 4.776472641076445, "prior": 8.582084626197144, "rate": 1.8773524615382258}, "datetime": {"datetime": "2024-06-14 08:53:23", "elapsed": 13.139837, "delta": 0.009974}}
{"target": -128.32493311645987, "params": {"gamma": 0.8382489282379628, "prior": 5.208099654210848, "rate": 4.545992085303224}, "datetime": {"datetime": "2024-06-14 08:53:23", "elapsed": 13.14981, "delta": 0.009973}}
{"target": -139.72570707239439, "params": {"gamma": 0.13993009549948474, "prior": 0.4896104379385867, "rate": 0.9372347244778493}, "datetime": {"datetime": "2024-06-14 08:53:23", "elapsed": 13.159783, "delta": 0.009973}}
{"target": -125.11222185494096, "params": {"gamma": 0.4077341217427622, "prior": 1.839816766707203, "rate": 5.7557859749589015}, "datetime": {"datetime": "2024-06-14 08:53:23", "elapsed": 13.169756, "delta": 0.009973}}
{"target": -400.70042666033993, "params": {"gamma": 4.768049447045129, "prior": 9.79972035532993, "rate": 0.7083006030293989}, "datetime": {"datetime": "2024-06-14 08:53:23", "elapsed": 13.17973, "delta": 0.009974}}
{"target": -310.7848414729097, "params": {"gamma": 8.67428890537549, "prior": 5.827345843187369, "rate": 8.764878981579999}, "datetime": {"datetime": "2024-06-14 08:53:23", "elapsed": 13.189703, "delta": 0.009973}}
{"target": -118.2793042134131, "params": {"gamma": 0.5580803899209963, "prior": 1.0816198620738768, "rate": 8.631084082751796}, "datetime": {"datetime": "2024-06-14 08:53:23", "elapsed": 13.199676, "delta": 0.009973}}
{"target": -509.12578408375845, "params": {"gamma": 5.7042698804473675, "prior": 5.629088630789569, "rate": 0.13111366674830982}, "datetime": {"datetime": "2024-06-14 08:53:23", "elapsed": 13.209207, "delta": 0.009531}}
{"target": -265.3500825542054, "params": {"gamma": 6.422885788360278, "prior": 8.491878366232083, "rate": 9.96126578479924}, "datetime": {"datetime": "2024-06-14 08:53:23", "elapsed": 13.21918, "delta": 0.009973}}
{"target": -196.35824423862817, "params": {"gamma": 4.3301149523829, "prior": 3.182949555977844, "rate": 4.0482984794974595}, "datetime": {"datetime": "2024-06-14 08:53:23", "elapsed": 13.229153, "delta": 0.009973}}
{"target": -136.91798509646196, "params": {"gamma": 2.2810229380137588, "prior": 2.3383759888621203, "rate": 4.337002443043325}, "datetime": {"datetime": "2024-06-14 08:53:23", "elapsed": 13.239126, "delta": 0.009973}}
{"target": -279.8639483609508, "params": {"gamma": 6.845710542660374, "prior": 6.641299157065754, "rate": 7.725129192452083}, "datetime": {"datetime": "2024-06-14 08:53:23", "elapsed": 13.2491, "delta": 0.009974}}
{"target": -143.81755309076132, "params": {"gamma": 2.1689300660171678, "prior": 7.314193149454935, "rate": 7.952743020363484}, "datetime": {"datetime": "2024-06-14 08:53:23", "elapsed": 13.258646, "delta": 0.009546}}
