{"target": -1382.299086776379, "params": {"gamma": 6.139097026322785, "lr": 0.3241385298974466}, "datetime": {"datetime": "2024-06-13 22:59:25", "elapsed": 1.34159, "delta": 0.003621}}
{"target": -968.2242893158234, "params": {"gamma": 4.574144456728294, "lr": 0.44411710701661444}, "datetime": {"datetime": "2024-06-13 22:59:25", "elapsed": 1.345196, "delta": 0.003606}}
{"target": -1725.5669988563427, "params": {"gamma": 8.281525471954389, "lr": 0.4263481542362306}, "datetime": {"datetime": "2024-06-13 22:59:25", "elapsed": 1.349185, "delta": 0.003989}}
{"target": -773.9003366733704, "params": {"gamma": 3.4576425129338477, "lr": 0.6749716048091052}, "datetime": {"datetime": "2024-06-13 22:59:25", "elapsed": 1.352177, "delta": 0.002992}}
{"target": -465.06720599924495, "params": {"gamma": 2.215599075279554, "lr": 0.4672458239265538}, "datetime": {"datetime": "2024-06-13 22:59:25", "elapsed": 1.356167, "delta": 0.00399}}
{"target": -677.5671222885439, "params": {"gamma": 3.1483421075528404, "lr": 0.6268556021628346}, "datetime": {"datetime": "2024-06-13 22:59:25", "elapsed": 1.360158, "delta": 0.003991}}
{"target": -1773.3801492689809, "params": {"gamma": 8.773727386473432, "lr": 0.4476890001456285}, "datetime": {"datetime": "2024-06-13 22:59:25", "elapsed": 1.365143, "delta": 0.004985}}
{"target": -1586.7636203517475, "params": {"gamma": 7.84478973050044, "lr": 0.4569657005615504}, "datetime": {"datetime": "2024-06-13 22:59:25", "elapsed": 1.368135, "delta": 0.002992}}
{"target": -2203.050723057216, "params": {"gamma": 6.562637087839597, "lr": 0.13184097502750214}, "datetime": {"datetime": "2024-06-13 22:59:25", "elapsed": 1.372124, "delta": 0.003989}}
{"target": -1103.750757887444, "params": {"gamma": 4.3303820881695145, "lr": 0.9093119886549367}, "datetime": {"datetime": "2024-06-13 22:59:25", "elapsed": 1.376115, "delta": 0.003991}}
{"target": -1385.5462639786144, "params": {"gamma": 6.055184531308316, "lr": 0.7667745872371021}, "datetime": {"datetime": "2024-06-13 22:59:25", "elapsed": 1.380103, "delta": 0.003988}}
{"target": -1025.5358377889866, "params": {"gamma": 5.047501380350848, "lr": 0.49805562482800747}, "datetime": {"datetime": "2024-06-13 22:59:25", "elapsed": 1.383095, "delta": 0.002992}}
{"target": -2947.101600455995, "params": {"gamma": 8.429155502088307, "lr": 0.06780693434095375}, "datetime": {"datetime": "2024-06-13 22:59:25", "elapsed": 1.387084, "delta": 0.003989}}
{"target": -1455.6791752652628, "params": {"gamma": 5.733149443225297, "lr": 0.9427625754329493}, "datetime": {"datetime": "2024-06-13 22:59:25", "elapsed": 1.391073, "delta": 0.003989}}
{"target": -1618.8626545043162, "params": {"gamma": 5.179082621675048, "lr": 0.1944658095278845}, "datetime": {"datetime": "2024-06-13 22:59:25", "elapsed": 1.39606, "delta": 0.004987}}
{"target": -2103.2648540383084, "params": {"gamma": 8.479545985042318, "lr": 0.25163914235585283}, "datetime": {"datetime": "2024-06-13 22:59:25", "elapsed": 1.40005, "delta": 0.00399}}
{"target": -1474.662144180536, "params": {"gamma": 7.007559638788898, "lr": 0.5402609403968999}, "datetime": {"datetime": "2024-06-13 22:59:25", "elapsed": 1.403041, "delta": 0.002991}}
{"target": -1976.775857680248, "params": {"gamma": 9.488414046513915, "lr": 0.6243367024026759}, "datetime": {"datetime": "2024-06-13 22:59:25", "elapsed": 1.407031, "delta": 0.00399}}
{"target": -2930.024589514203, "params": {"gamma": 8.379941642515245, "lr": 0.007932876194523097}, "datetime": {"datetime": "2024-06-13 22:59:25", "elapsed": 1.411021, "delta": 0.00399}}
{"target": -3455.1953127989777, "params": {"gamma": 9.893411221610213, "lr": 0.07771457033238649}, "datetime": {"datetime": "2024-06-13 22:59:25", "elapsed": 1.41501, "delta": 0.003989}}
{"target": -826.7286129401622, "params": {"gamma": 3.2219730066340815, "lr": 0.9461523954567653}, "datetime": {"datetime": "2024-06-13 22:59:25", "elapsed": 1.418999, "delta": 0.003989}}
{"target": -147.2217688958499, "params": {"gamma": 0.09038208461007943, "lr": 0.8227300054219355}, "datetime": {"datetime": "2024-06-13 22:59:25", "elapsed": 1.421991, "delta": 0.002992}}
{"target": -1810.5542831750952, "params": {"gamma": 8.612255172029577, "lr": 0.4398308142085725}, "datetime": {"datetime": "2024-06-13 22:59:25", "elapsed": 1.426978, "delta": 0.004987}}
{"target": -605.2063632919582, "params": {"gamma": 2.558196192865506, "lr": 0.8026895196332986}, "datetime": {"datetime": "2024-06-13 22:59:25", "elapsed": 1.430967, "delta": 0.003989}}
{"target": -1607.5606071265508, "params": {"gamma": 4.77914218231778, "lr": 0.13433860865569613}, "datetime": {"datetime": "2024-06-13 22:59:25", "elapsed": 1.434956, "delta": 0.003989}}
{"target": -2346.125224709604, "params": {"gamma": 9.278562079257282, "lr": 0.8959699670066484}, "datetime": {"datetime": "2024-06-13 22:59:25", "elapsed": 1.438945, "delta": 0.003989}}
{"target": -1170.657846313374, "params": {"gamma": 4.915959955019337, "lr": 0.8567024965177922}, "datetime": {"datetime": "2024-06-13 22:59:25", "elapsed": 1.442935, "delta": 0.00399}}
{"target": -932.3177452092573, "params": {"gamma": 4.1863616796152225, "lr": 0.6834649001663011}, "datetime": {"datetime": "2024-06-13 22:59:25", "elapsed": 1.446924, "delta": 0.003989}}
{"target": -847.211776004657, "params": {"gamma": 3.9805084034398166, "lr": 0.5057420174508104}, "datetime": {"datetime": "2024-06-13 22:59:25", "elapsed": 1.449916, "delta": 0.002992}}
{"target": -499.64546308493095, "params": {"gamma": 1.896327476636439, "lr": 0.9649889241109139}, "datetime": {"datetime": "2024-06-13 22:59:25", "elapsed": 1.453906, "delta": 0.00399}}
{"target": -1028.7651009400936, "params": {"gamma": 2.9428626667543027, "lr": 0.10345955611640134}, "datetime": {"datetime": "2024-06-13 22:59:25", "elapsed": 1.458892, "delta": 0.004986}}
{"target": -528.7544960876683, "params": {"gamma": 1.4440096868902519, "lr": 0.014092294192442956}, "datetime": {"datetime": "2024-06-13 22:59:25", "elapsed": 1.462881, "delta": 0.003989}}
{"target": -1464.8765510513467, "params": {"gamma": 7.1597410489244835, "lr": 0.5644983202408741}, "datetime": {"datetime": "2024-06-13 22:59:25", "elapsed": 1.465874, "delta": 0.002993}}
{"target": -1669.6775270780813, "params": {"gamma": 7.945988933496338, "lr": 0.5070799232841364}, "datetime": {"datetime": "2024-06-13 22:59:25", "elapsed": 1.469863, "delta": 0.003989}}
{"target": -1748.1642642489307, "params": {"gamma": 7.918418574002035, "lr": 0.6957642142718394}, "datetime": {"datetime": "2024-06-13 22:59:25", "elapsed": 1.473852, "delta": 0.003989}}
{"target": -1621.5446631210286, "params": {"gamma": 7.778706920114895, "lr": 0.4064828689770863}, "datetime": {"datetime": "2024-06-13 22:59:25", "elapsed": 1.477842, "delta": 0.00399}}
{"target": -2153.513649027341, "params": {"gamma": 6.478058561241625, "lr": 0.1797942976929744}, "datetime": {"datetime": "2024-06-13 22:59:25", "elapsed": 1.480833, "delta": 0.002991}}
{"target": -1077.3752981616817, "params": {"gamma": 3.2188778139156518, "lr": 0.1726046201197925}, "datetime": {"datetime": "2024-06-13 22:59:25", "elapsed": 1.484823, "delta": 0.00399}}
{"target": -1192.0613132414537, "params": {"gamma": 4.086963612907611, "lr": 0.2414187479655988}, "datetime": {"datetime": "2024-06-13 22:59:25", "elapsed": 1.489809, "delta": 0.004986}}
{"target": -1038.5010458766512, "params": {"gamma": 4.069813019299451, "lr": 0.9752223424373121}, "datetime": {"datetime": "2024-06-13 22:59:25", "elapsed": 1.493799, "delta": 0.00399}}
{"target": -822.2202444332461, "params": {"gamma": 3.2038729388944907, "lr": 0.9824909449748953}, "datetime": {"datetime": "2024-06-13 22:59:25", "elapsed": 1.496791, "delta": 0.002992}}
{"target": -1352.6248416275025, "params": {"gamma": 6.363424952433981, "lr": 0.375091018393911}, "datetime": {"datetime": "2024-06-13 22:59:25", "elapsed": 1.500555, "delta": 0.003764}}
{"target": -1788.207629984635, "params": {"gamma": 8.574987506336882, "lr": 0.6195867393685738}, "datetime": {"datetime": "2024-06-13 22:59:25", "elapsed": 1.504542, "delta": 0.003987}}
{"target": -596.7435604797748, "params": {"gamma": 2.521078768228263, "lr": 0.7928556779768876}, "datetime": {"datetime": "2024-06-13 22:59:25", "elapsed": 1.508531, "delta": 0.003989}}
{"target": -985.8521270030654, "params": {"gamma": 4.329952148832897, "lr": 0.3575111673304414}, "datetime": {"datetime": "2024-06-13 22:59:25", "elapsed": 1.512521, "delta": 0.00399}}
{"target": -740.4878756709755, "params": {"gamma": 3.3034390883142843, "lr": 0.6973688756131394}, "datetime": {"datetime": "2024-06-13 22:59:25", "elapsed": 1.51651, "delta": 0.003989}}
{"target": -634.172155695134, "params": {"gamma": 2.6872325889383593, "lr": 0.8082780137053801}, "datetime": {"datetime": "2024-06-13 22:59:25", "elapsed": 1.521496, "delta": 0.004986}}
{"target": -636.2806833816378, "params": {"gamma": 2.953592655204078, "lr": 0.5441213835853572}, "datetime": {"datetime": "2024-06-13 22:59:25", "elapsed": 1.524488, "delta": 0.002992}}
{"target": -1162.152242401574, "params": {"gamma": 4.879726996560219, "lr": 0.8553564125953698}, "datetime": {"datetime": "2024-06-13 22:59:25", "elapsed": 1.528478, "delta": 0.00399}}
{"target": -2767.2066480545777, "params": {"gamma": 8.883975957519464, "lr": 0.18438444236776674}, "datetime": {"datetime": "2024-06-13 22:59:25", "elapsed": 1.532467, "delta": 0.003989}}
{"target": -1485.3148240948249, "params": {"gamma": 5.853899240923573, "lr": 0.8982050460171371}, "datetime": {"datetime": "2024-06-13 22:59:25", "elapsed": 1.536458, "delta": 0.003991}}
{"target": -1136.6607793813507, "params": {"gamma": 4.461726073125263, "lr": 0.9218683054838154}, "datetime": {"datetime": "2024-06-13 22:59:25", "elapsed": 1.540475, "delta": 0.004017}}
{"target": -598.5056493325267, "params": {"gamma": 2.790629913679252, "lr": 0.6088311741937957}, "datetime": {"datetime": "2024-06-13 22:59:25", "elapsed": 1.544468, "delta": 0.003993}}
{"target": -1981.502652482608, "params": {"gamma": 6.824854643958388, "lr": 0.2282057333504841}, "datetime": {"datetime": "2024-06-13 22:59:25", "elapsed": 1.548454, "delta": 0.003986}}
{"target": -149.99387270606834, "params": {"gamma": 0.13866135806461027, "lr": 0.4167239623706961}, "datetime": {"datetime": "2024-06-13 22:59:25", "elapsed": 1.552414, "delta": 0.00396}}
{"target": -2119.4494515945717, "params": {"gamma": 9.384880436675484, "lr": 0.34302810983040655}, "datetime": {"datetime": "2024-06-13 22:59:25", "elapsed": 1.556403, "delta": 0.003989}}
{"target": -2589.6146357957127, "params": {"gamma": 7.7976632105305175, "lr": 0.17473631282740743}, "datetime": {"datetime": "2024-06-13 22:59:25", "elapsed": 1.560393, "delta": 0.00399}}
{"target": -1182.7174171624142, "params": {"gamma": 3.420186410188222, "lr": 0.14459772083809674}, "datetime": {"datetime": "2024-06-13 22:59:25", "elapsed": 1.564382, "delta": 0.003989}}
{"target": -1583.9071007023051, "params": {"gamma": 7.167991370649615, "lr": 0.6993076236968142}, "datetime": {"datetime": "2024-06-13 22:59:25", "elapsed": 1.567374, "delta": 0.002992}}
{"target": -1711.9481880721119, "params": {"gamma": 6.88528468217124, "lr": 0.25339603448629966}, "datetime": {"datetime": "2024-06-13 22:59:25", "elapsed": 1.571363, "delta": 0.003989}}
{"target": -2010.0760691250746, "params": {"gamma": 6.923908856112466, "lr": 0.22729754091594956}, "datetime": {"datetime": "2024-06-13 22:59:25", "elapsed": 1.575353, "delta": 0.00399}}
{"target": -956.7583476193162, "params": {"gamma": 4.247066510197466, "lr": 0.37192212166768723}, "datetime": {"datetime": "2024-06-13 22:59:25", "elapsed": 1.579342, "delta": 0.003989}}
{"target": -1255.8428340148034, "params": {"gamma": 3.553723808289602, "lr": 0.05765480724125638}, "datetime": {"datetime": "2024-06-13 22:59:25", "elapsed": 1.584328, "delta": 0.004986}}
{"target": -1392.033986999216, "params": {"gamma": 6.316834622032531, "lr": 0.7073166026816995}, "datetime": {"datetime": "2024-06-13 22:59:25", "elapsed": 1.58732, "delta": 0.002992}}
{"target": -1291.1517643276766, "params": {"gamma": 6.136273356333854, "lr": 0.6483127561631246}, "datetime": {"datetime": "2024-06-13 22:59:25", "elapsed": 1.59131, "delta": 0.00399}}
{"target": -598.6390979565899, "params": {"gamma": 1.7002372014583604, "lr": 0.14944679893886248}, "datetime": {"datetime": "2024-06-13 22:59:25", "elapsed": 1.594936, "delta": 0.003626}}
{"target": -1269.9846972779044, "params": {"gamma": 5.142236260215303, "lr": 0.8753327263545391}, "datetime": {"datetime": "2024-06-13 22:59:25", "elapsed": 1.59892, "delta": 0.003984}}
{"target": -393.6067654545403, "params": {"gamma": 1.8403504620306732, "lr": 0.4628391187082599}, "datetime": {"datetime": "2024-06-13 22:59:25", "elapsed": 1.602909, "delta": 0.003989}}
{"target": -874.0728840793513, "params": {"gamma": 4.289894407965, "lr": 0.4972891859195163}, "datetime": {"datetime": "2024-06-13 22:59:25", "elapsed": 1.606899, "delta": 0.00399}}
{"target": -388.621437000199, "params": {"gamma": 1.6159461940896331, "lr": 0.34244064113481054}, "datetime": {"datetime": "2024-06-13 22:59:25", "elapsed": 1.610889, "delta": 0.00399}}
{"target": -634.6937409740688, "params": {"gamma": 2.6195421606310987, "lr": 0.844526943229479}, "datetime": {"datetime": "2024-06-13 22:59:25", "elapsed": 1.615875, "delta": 0.004986}}
{"target": -1668.0519791846846, "params": {"gamma": 8.003522125518241, "lr": 0.4266391582681436}, "datetime": {"datetime": "2024-06-13 22:59:25", "elapsed": 1.619864, "delta": 0.003989}}
{"target": -2089.622235446438, "params": {"gamma": 6.070547592429601, "lr": 0.14546561026621996}, "datetime": {"datetime": "2024-06-13 22:59:25", "elapsed": 1.623854, "delta": 0.00399}}
{"target": -1176.2092500950273, "params": {"gamma": 5.096623328881369, "lr": 0.29694708578690454}, "datetime": {"datetime": "2024-06-13 22:59:25", "elapsed": 1.626846, "delta": 0.002992}}
{"target": -1896.6456099414543, "params": {"gamma": 8.596649884738442, "lr": 0.6715983809063899}, "datetime": {"datetime": "2024-06-13 22:59:25", "elapsed": 1.630835, "delta": 0.003989}}
{"target": -2111.519060935218, "params": {"gamma": 6.335106652211588, "lr": 0.12475130006917923}, "datetime": {"datetime": "2024-06-13 22:59:25", "elapsed": 1.634824, "delta": 0.003989}}
{"target": -1197.9988019415894, "params": {"gamma": 4.706408207109359, "lr": 0.9865727795868815}, "datetime": {"datetime": "2024-06-13 22:59:25", "elapsed": 1.638813, "delta": 0.003989}}
{"target": -1985.1502717717083, "params": {"gamma": 9.483043441552578, "lr": 0.6450856402604436}, "datetime": {"datetime": "2024-06-13 22:59:25", "elapsed": 1.642803, "delta": 0.00399}}
{"target": -347.9770009718041, "params": {"gamma": 1.5180969854487043, "lr": 0.639126848719905}, "datetime": {"datetime": "2024-06-13 22:59:25", "elapsed": 1.648787, "delta": 0.005984}}
{"target": -1147.6553976969594, "params": {"gamma": 5.657055463326731, "lr": 0.468665837661252}, "datetime": {"datetime": "2024-06-13 22:59:25", "elapsed": 1.652776, "delta": 0.003989}}
{"target": -905.541215217035, "params": {"gamma": 4.280946657213234, "lr": 0.5992697556580301}, "datetime": {"datetime": "2024-06-13 22:59:25", "elapsed": 1.656766, "delta": 0.00399}}
{"target": -1940.02749593057, "params": {"gamma": 8.499848915271139, "lr": 0.7511210403719374}, "datetime": {"datetime": "2024-06-13 22:59:25", "elapsed": 1.660755, "delta": 0.003989}}
{"target": -1470.9677216880507, "params": {"gamma": 5.794026042432034, "lr": 0.9247041815360281}, "datetime": {"datetime": "2024-06-13 22:59:25", "elapsed": 1.664744, "delta": 0.003989}}
{"target": -215.31341649010284, "params": {"gamma": 0.6483350944320471, "lr": 0.9913465087318091}, "datetime": {"datetime": "2024-06-13 22:59:25", "elapsed": 1.668733, "delta": 0.003989}}
{"target": -219.6662778913002, "params": {"gamma": 0.5308924321372274, "lr": 0.19949554613856135}, "datetime": {"datetime": "2024-06-13 22:59:25", "elapsed": 1.671726, "delta": 0.002993}}
{"target": -1469.5349844376708, "params": {"gamma": 4.228103863783965, "lr": 0.10750887618516769}, "datetime": {"datetime": "2024-06-13 22:59:25", "elapsed": 1.676715, "delta": 0.004989}}
{"target": -2186.482835306387, "params": {"gamma": 6.2370804395660215, "lr": 0.047992564048867314}, "datetime": {"datetime": "2024-06-13 22:59:25", "elapsed": 1.681699, "delta": 0.004984}}
{"target": -1011.1461646623337, "params": {"gamma": 2.8469541861884147, "lr": 0.06103668111967109}, "datetime": {"datetime": "2024-06-13 22:59:25", "elapsed": 1.684691, "delta": 0.002992}}
{"target": -1554.9090189936317, "params": {"gamma": 7.035489791719707, "lr": 0.668456167589482}, "datetime": {"datetime": "2024-06-13 22:59:25", "elapsed": 1.68868, "delta": 0.003989}}
{"target": -1187.6914149053048, "params": {"gamma": 3.7864273519127716, "lr": 0.1881942600298212}, "datetime": {"datetime": "2024-06-13 22:59:25", "elapsed": 1.69267, "delta": 0.00399}}
{"target": -1689.7468337482724, "params": {"gamma": 7.4703012854704225, "lr": 0.34037929076546725}, "datetime": {"datetime": "2024-06-13 22:59:25", "elapsed": 1.696662, "delta": 0.003992}}
{"target": -1608.5428531852767, "params": {"gamma": 7.953216372889023, "lr": 0.4879009391796203}, "datetime": {"datetime": "2024-06-13 22:59:25", "elapsed": 1.700651, "delta": 0.003989}}
{"target": -1846.5121575299993, "params": {"gamma": 5.257168774065444, "lr": 0.028490849491567216}, "datetime": {"datetime": "2024-06-13 22:59:25", "elapsed": 1.703643, "delta": 0.002992}}
{"target": -1459.1943555495477, "params": {"gamma": 6.442675966770439, "lr": 0.3506565024321674}, "datetime": {"datetime": "2024-06-13 22:59:26", "elapsed": 1.707633, "delta": 0.00399}}
{"target": -498.64566857595116, "params": {"gamma": 2.292821067893365, "lr": 0.4338833762117006}, "datetime": {"datetime": "2024-06-13 22:59:26", "elapsed": 1.712619, "delta": 0.004986}}
{"target": -781.4778396771841, "params": {"gamma": 3.825292105251905, "lr": 0.46978904008636024}, "datetime": {"datetime": "2024-06-13 22:59:26", "elapsed": 1.716609, "delta": 0.00399}}
{"target": -2186.9887182871835, "params": {"gamma": 9.794854058443883, "lr": 0.36437807036823044}, "datetime": {"datetime": "2024-06-13 22:59:26", "elapsed": 1.720598, "delta": 0.003989}}
{"target": -1601.3502436923322, "params": {"gamma": 7.744326923227059, "lr": 0.5527675965498925}, "datetime": {"datetime": "2024-06-13 22:59:26", "elapsed": 1.724587, "delta": 0.003989}}
{"target": -2008.6878462001962, "params": {"gamma": 8.891421759985722, "lr": 0.354952851149572}, "datetime": {"datetime": "2024-06-13 22:59:26", "elapsed": 1.728576, "delta": 0.003989}}
{"target": -636.7199380966771, "params": {"gamma": 2.455941283184888, "lr": 0.9110192396569683}, "datetime": {"datetime": "2024-06-13 22:59:26", "elapsed": 1.732566, "delta": 0.00399}}
{"target": -178.1682777620886, "params": {"gamma": 0.43629910331389593, "lr": 0.9507534280610023}, "datetime": {"datetime": "2024-06-13 22:59:26", "elapsed": 1.736555, "delta": 0.003989}}
{"target": -1185.086088756992, "params": {"gamma": 5.5645127497935825, "lr": 0.3763632166870875}, "datetime": {"datetime": "2024-06-13 22:59:26", "elapsed": 1.740544, "delta": 0.003989}}
{"target": -3475.0148437894904, "params": {"gamma": 9.950528171068772, "lr": 0.05836264614763165}, "datetime": {"datetime": "2024-06-13 22:59:26", "elapsed": 1.744534, "delta": 0.00399}}
{"target": -1815.4221789671035, "params": {"gamma": 5.167546891316355, "lr": 0.03109707545554785}, "datetime": {"datetime": "2024-06-13 22:59:26", "elapsed": 1.74952, "delta": 0.004986}}
{"target": -1900.4376096543106, "params": {"gamma": 5.712186216123149, "lr": 0.18046850899511557}, "datetime": {"datetime": "2024-06-13 22:59:26", "elapsed": 1.752512, "delta": 0.002992}}
{"target": -1600.5704063510443, "params": {"gamma": 6.309961044194965, "lr": 0.9809236757505815}, "datetime": {"datetime": "2024-06-13 22:59:26", "elapsed": 1.756502, "delta": 0.00399}}
{"target": -1768.4422524110466, "params": {"gamma": 8.749150609572597, "lr": 0.45183624942087064}, "datetime": {"datetime": "2024-06-13 22:59:26", "elapsed": 1.760492, "delta": 0.00399}}
{"target": -1619.0196387959263, "params": {"gamma": 7.084900239647121, "lr": 0.7774687500031893}, "datetime": {"datetime": "2024-06-13 22:59:26", "elapsed": 1.76451, "delta": 0.004018}}
{"target": -1047.4586499309244, "params": {"gamma": 4.9489359987414545, "lr": 0.5285334901775651}, "datetime": {"datetime": "2024-06-13 22:59:26", "elapsed": 1.768499, "delta": 0.003989}}
{"target": -362.982147670485, "params": {"gamma": 1.5086931993235537, "lr": 0.36939992561190627}, "datetime": {"datetime": "2024-06-13 22:59:26", "elapsed": 1.774455, "delta": 0.005956}}
{"target": -347.7136310241345, "params": {"gamma": 1.4230703094747938, "lr": 0.7268937533445626}, "datetime": {"datetime": "2024-06-13 22:59:26", "elapsed": 1.77944, "delta": 0.004985}}
{"target": -970.1364069339054, "params": {"gamma": 4.770652931028231, "lr": 0.44887883670676554}, "datetime": {"datetime": "2024-06-13 22:59:26", "elapsed": 1.78343, "delta": 0.00399}}
{"target": -1859.7069580095547, "params": {"gamma": 8.860093713682348, "lr": 0.5276187723115614}, "datetime": {"datetime": "2024-06-13 22:59:26", "elapsed": 1.787419, "delta": 0.003989}}
{"target": -1026.800759142822, "params": {"gamma": 4.091499228336683, "lr": 0.26889202221264585}, "datetime": {"datetime": "2024-06-13 22:59:26", "elapsed": 1.791408, "delta": 0.003989}}
{"target": -205.2040693917383, "params": {"gamma": 0.7210483396625298, "lr": 0.4181361337253158}, "datetime": {"datetime": "2024-06-13 22:59:26", "elapsed": 1.7944, "delta": 0.002992}}
{"target": -159.5804086081235, "params": {"gamma": 0.25850907058342715, "lr": 0.29115394055242805}, "datetime": {"datetime": "2024-06-13 22:59:26", "elapsed": 1.798761, "delta": 0.004361}}
{"target": -1280.5700215430595, "params": {"gamma": 5.035591588974117, "lr": 0.9659330650197223}, "datetime": {"datetime": "2024-06-13 22:59:26", "elapsed": 1.80275, "delta": 0.003989}}
