{"target": -965.8333532966021, "params": {"gamma": 1.9867164390362086, "lr": 0.0254762357788203}, "datetime": {"datetime": "2024-06-14 01:34:33", "elapsed": 2.252084, "delta": 0.002993}}
{"target": -1622.4587419358988, "params": {"gamma": 7.294247584863271, "lr": 0.7249167472191191}, "datetime": {"datetime": "2024-06-14 01:34:33", "elapsed": 2.256073, "delta": 0.003989}}
{"target": -794.1401484594146, "params": {"gamma": 3.304587071870666, "lr": 0.8434941260636555}, "datetime": {"datetime": "2024-06-14 01:34:33", "elapsed": 2.260062, "delta": 0.003989}}
{"target": -1057.8284441746025, "params": {"gamma": 4.284996317034784, "lr": 0.8646861447635343}, "datetime": {"datetime": "2024-06-14 01:34:33", "elapsed": 2.265049, "delta": 0.004987}}
{"target": -1335.2066925442602, "params": {"gamma": 6.570997180804273, "lr": 0.5810356574180902}, "datetime": {"datetime": "2024-06-14 01:34:33", "elapsed": 2.268041, "delta": 0.002992}}
{"target": -426.06474006275727, "params": {"gamma": 2.008074152862875, "lr": 0.5295466104783949}, "datetime": {"datetime": "2024-06-14 01:34:33", "elapsed": 2.273028, "delta": 0.004987}}
{"target": -1592.1034869512723, "params": {"gamma": 8.944429751857296, "lr": 0.30499397583521604}, "datetime": {"datetime": "2024-06-14 01:34:33", "elapsed": 2.277017, "delta": 0.003989}}
{"target": -2173.9481211423504, "params": {"gamma": 8.709585146001372, "lr": 0.9087452728583881}, "datetime": {"datetime": "2024-06-14 01:34:33", "elapsed": 2.281007, "delta": 0.00399}}
{"target": -731.2927454835707, "params": {"gamma": 3.2991157822561417, "lr": 0.6830743663365642}, "datetime": {"datetime": "2024-06-14 01:34:33", "elapsed": 2.284996, "delta": 0.003989}}
{"target": -4320.134771275467, "params": {"gamma": 8.992310274710121, "lr": 0.07569688175830336}, "datetime": {"datetime": "2024-06-14 01:34:33", "elapsed": 2.288986, "delta": 0.00399}}
{"target": -3059.838179089917, "params": {"gamma": 8.7860000441845, "lr": 0.1908393632684806}, "datetime": {"datetime": "2024-06-14 01:34:33", "elapsed": 2.292974, "delta": 0.003988}}
{"target": -1853.754826601711, "params": {"gamma": 8.497839331269288, "lr": 0.6671187886992039}, "datetime": {"datetime": "2024-06-14 01:34:33", "elapsed": 2.296964, "delta": 0.00399}}
{"target": -1282.8407545995494, "params": {"gamma": 3.4440476153050885, "lr": 0.151375569992799}, "datetime": {"datetime": "2024-06-14 01:34:33", "elapsed": 2.300954, "delta": 0.00399}}
{"target": -1506.9489868624662, "params": {"gamma": 6.354074243923046, "lr": 0.8477880437147416}, "datetime": {"datetime": "2024-06-14 01:34:33", "elapsed": 2.304943, "delta": 0.003989}}
{"target": -1663.9769073380785, "params": {"gamma": 8.218671898265342, "lr": 0.6282395971306578}, "datetime": {"datetime": "2024-06-14 01:34:33", "elapsed": 2.308932, "delta": 0.003989}}
{"target": -1934.8002032517734, "params": {"gamma": 9.563058796042565, "lr": 0.5899231270757698}, "datetime": {"datetime": "2024-06-14 01:34:33", "elapsed": 2.312921, "delta": 0.003989}}
{"target": -395.1377819260659, "params": {"gamma": 1.979130013694545, "lr": 0.4293307226164923}, "datetime": {"datetime": "2024-06-14 01:34:33", "elapsed": 2.31691, "delta": 0.003989}}
{"target": -868.3613633551267, "params": {"gamma": 3.3681232410129716, "lr": 0.991945011907281}, "datetime": {"datetime": "2024-06-14 01:34:33", "elapsed": 2.3209, "delta": 0.00399}}
{"target": -977.8498709542223, "params": {"gamma": 3.8029847246765303, "lr": 0.992700873664818}, "datetime": {"datetime": "2024-06-14 01:34:33", "elapsed": 2.324889, "delta": 0.003989}}
{"target": -1975.1533888734905, "params": {"gamma": 5.188523703083409, "lr": 0.17227970147712546}, "datetime": {"datetime": "2024-06-14 01:34:33", "elapsed": 2.328878, "delta": 0.003989}}
{"target": -204.02474452570502, "params": {"gamma": 0.7466661384435471, "lr": 0.37030569377388767}, "datetime": {"datetime": "2024-06-14 01:34:33", "elapsed": 2.33347, "delta": 0.004592}}
{"target": -285.57808375600854, "params": {"gamma": 1.235065179287484, "lr": 0.6345187162918416}, "datetime": {"datetime": "2024-06-14 01:34:33", "elapsed": 2.337459, "delta": 0.003989}}
{"target": -1062.8063115964019, "params": {"gamma": 4.13978453744836, "lr": 0.9909156325254501}, "datetime": {"datetime": "2024-06-14 01:34:33", "elapsed": 2.341448, "delta": 0.003989}}
{"target": -3436.1298964606303, "params": {"gamma": 9.299626280909525, "lr": 0.14923603230975002}, "datetime": {"datetime": "2024-06-14 01:34:33", "elapsed": 2.345437, "delta": 0.003989}}
{"target": -741.2501109441519, "params": {"gamma": 3.9494277431054683, "lr": 0.46157971096238615}, "datetime": {"datetime": "2024-06-14 01:34:33", "elapsed": 2.349427, "delta": 0.00399}}
{"target": -1272.906000947573, "params": {"gamma": 5.609926602464331, "lr": 0.7803635232892685}, "datetime": {"datetime": "2024-06-14 01:34:33", "elapsed": 2.353416, "delta": 0.003989}}
{"target": -887.1674672479926, "params": {"gamma": 4.872451896825164, "lr": 0.4199935520102408}, "datetime": {"datetime": "2024-06-14 01:34:33", "elapsed": 2.357405, "delta": 0.003989}}
{"target": -682.3816938084537, "params": {"gamma": 2.6207350474886373, "lr": 0.9108061390867584}, "datetime": {"datetime": "2024-06-14 01:34:33", "elapsed": 2.361395, "delta": 0.00399}}
{"target": -148.48370702720842, "params": {"gamma": 0.22369284381650878, "lr": 0.8211218982189646}, "datetime": {"datetime": "2024-06-14 01:34:33", "elapsed": 2.364965, "delta": 0.00357}}
{"target": -432.87146044731134, "params": {"gamma": 1.8854955282645185, "lr": 0.6857568991725472}, "datetime": {"datetime": "2024-06-14 01:34:33", "elapsed": 2.368955, "delta": 0.00399}}
{"target": -914.8100849906775, "params": {"gamma": 3.552738684007098, "lr": 0.9742126278950913}, "datetime": {"datetime": "2024-06-14 01:34:33", "elapsed": 2.372949, "delta": 0.003994}}
{"target": -451.3587687092353, "params": {"gamma": 1.22859852236475, "lr": 0.18756989261723955}, "datetime": {"datetime": "2024-06-14 01:34:33", "elapsed": 2.377931, "delta": 0.004982}}
{"target": -1800.7938502828385, "params": {"gamma": 8.894535312169324, "lr": 0.5834063146082279}, "datetime": {"datetime": "2024-06-14 01:34:33", "elapsed": 2.38192, "delta": 0.003989}}
{"target": -1493.0408627555685, "params": {"gamma": 3.0931546002031376, "lr": 0.0007643854781880233}, "datetime": {"datetime": "2024-06-14 01:34:33", "elapsed": 2.385909, "delta": 0.003989}}
{"target": -856.8069830719837, "params": {"gamma": 2.2767497854842085, "lr": 0.1454036341712357}, "datetime": {"datetime": "2024-06-14 01:34:33", "elapsed": 2.3899, "delta": 0.003991}}
{"target": -525.4736199279295, "params": {"gamma": 2.035134809876536, "lr": 0.8963225568040046}, "datetime": {"datetime": "2024-06-14 01:34:33", "elapsed": 2.393888, "delta": 0.003988}}
{"target": -1929.7366169231543, "params": {"gamma": 8.731070688318136, "lr": 0.7002894376334498}, "datetime": {"datetime": "2024-06-14 01:34:33", "elapsed": 2.397877, "delta": 0.003989}}
{"target": -1104.4658694652437, "params": {"gamma": 4.705506263845939, "lr": 0.8271360023322883}, "datetime": {"datetime": "2024-06-14 01:34:33", "elapsed": 2.401867, "delta": 0.00399}}
{"target": -983.1025568514665, "params": {"gamma": 4.958768144455039, "lr": 0.36348868328490525}, "datetime": {"datetime": "2024-06-14 01:34:33", "elapsed": 2.405857, "delta": 0.00399}}
{"target": -715.0407615692769, "params": {"gamma": 2.7567554245058266, "lr": 0.9247408135383717}, "datetime": {"datetime": "2024-06-14 01:34:33", "elapsed": 2.410664, "delta": 0.004807}}
{"target": -727.0852886885771, "params": {"gamma": 3.8705053533286655, "lr": 0.49288087343132025}, "datetime": {"datetime": "2024-06-14 01:34:33", "elapsed": 2.41465, "delta": 0.003986}}
{"target": -641.2416213315236, "params": {"gamma": 2.5451265850419067, "lr": 0.8849665188380633}, "datetime": {"datetime": "2024-06-14 01:34:33", "elapsed": 2.41864, "delta": 0.00399}}
{"target": -708.198777694158, "params": {"gamma": 3.833251304596062, "lr": 0.29757471531387525}, "datetime": {"datetime": "2024-06-14 01:34:33", "elapsed": 2.422629, "delta": 0.003989}}
{"target": -2501.271927414812, "params": {"gamma": 7.17623202698535, "lr": 0.19086994317230743}, "datetime": {"datetime": "2024-06-14 01:34:33", "elapsed": 2.426619, "delta": 0.00399}}
{"target": -312.79793631176585, "params": {"gamma": 1.1828081008410374, "lr": 0.8369977822135122}, "datetime": {"datetime": "2024-06-14 01:34:33", "elapsed": 2.430608, "delta": 0.003989}}
{"target": -1509.6138519326526, "params": {"gamma": 7.441615077773983, "lr": 0.5905205476471171}, "datetime": {"datetime": "2024-06-14 01:34:33", "elapsed": 2.4336, "delta": 0.002992}}
{"target": -505.6138657532434, "params": {"gamma": 2.429672858073742, "lr": 0.6232471451875841}, "datetime": {"datetime": "2024-06-14 01:34:33", "elapsed": 2.437589, "delta": 0.003989}}
{"target": -1145.633499248551, "params": {"gamma": 6.383914852090989, "lr": 0.32756944411232514}, "datetime": {"datetime": "2024-06-14 01:34:33", "elapsed": 2.442576, "delta": 0.004987}}
{"target": -214.80726123550085, "params": {"gamma": 0.6758259413323553, "lr": 0.8805385975643267}, "datetime": {"datetime": "2024-06-14 01:34:33", "elapsed": 2.446565, "delta": 0.003989}}
{"target": -1040.3130282054142, "params": {"gamma": 4.60010735401151, "lr": 0.7638727180664299}, "datetime": {"datetime": "2024-06-14 01:34:33", "elapsed": 2.450555, "delta": 0.00399}}
{"target": -532.6641080603274, "params": {"gamma": 2.539632320806454, "lr": 0.5913871822675169}, "datetime": {"datetime": "2024-06-14 01:34:33", "elapsed": 2.453547, "delta": 0.002992}}
{"target": -829.2661700553952, "params": {"gamma": 4.288522808327629, "lr": 0.38210064254913956}, "datetime": {"datetime": "2024-06-14 01:34:33", "elapsed": 2.457536, "delta": 0.003989}}
{"target": -363.8038396925173, "params": {"gamma": 1.2680071250853806, "lr": 0.24426666320897583}, "datetime": {"datetime": "2024-06-14 01:34:33", "elapsed": 2.461525, "delta": 0.003989}}
{"target": -206.04654767954318, "params": {"gamma": 0.7943364880002312, "lr": 0.3028583047175786}, "datetime": {"datetime": "2024-06-14 01:34:33", "elapsed": 2.465514, "delta": 0.003989}}
{"target": -1488.5713382742774, "params": {"gamma": 7.417306297515323, "lr": 0.6150157249710488}, "datetime": {"datetime": "2024-06-14 01:34:33", "elapsed": 2.469504, "delta": 0.00399}}
{"target": -3232.726910916155, "params": {"gamma": 6.724438578240325, "lr": 0.00838307952503159}, "datetime": {"datetime": "2024-06-14 01:34:33", "elapsed": 2.473493, "delta": 0.003989}}
{"target": -1361.6852616012998, "params": {"gamma": 6.784091345540948, "lr": 0.503180690542887}, "datetime": {"datetime": "2024-06-14 01:34:33", "elapsed": 2.47848, "delta": 0.004987}}
{"target": -889.2050129203323, "params": {"gamma": 2.309853596391308, "lr": 0.17489650898192222}, "datetime": {"datetime": "2024-06-14 01:34:33", "elapsed": 2.481472, "delta": 0.002992}}
{"target": -460.01591753157606, "params": {"gamma": 1.8506446725427474, "lr": 0.8442600050750985}, "datetime": {"datetime": "2024-06-14 01:34:33", "elapsed": 2.485461, "delta": 0.003989}}
{"target": -2507.6266898226813, "params": {"gamma": 9.825915303261548, "lr": 0.9137396248416316}, "datetime": {"datetime": "2024-06-14 01:34:33", "elapsed": 2.489451, "delta": 0.00399}}
{"target": -796.1172752275106, "params": {"gamma": 3.4743468343077555, "lr": 0.7802245796913637}, "datetime": {"datetime": "2024-06-14 01:34:33", "elapsed": 2.494437, "delta": 0.004986}}
{"target": -1263.6019070815312, "params": {"gamma": 5.464999452423606, "lr": 0.8164423975559377}, "datetime": {"datetime": "2024-06-14 01:34:33", "elapsed": 2.498427, "delta": 0.00399}}
{"target": -988.4323712057014, "params": {"gamma": 4.8377857849378705, "lr": 0.5899512982994037}, "datetime": {"datetime": "2024-06-14 01:34:33", "elapsed": 2.503413, "delta": 0.004986}}
{"target": -3543.243305990757, "params": {"gamma": 7.872847211795091, "lr": 0.10023464310313235}, "datetime": {"datetime": "2024-06-14 01:34:33", "elapsed": 2.507403, "delta": 0.00399}}
{"target": -1038.312492860494, "params": {"gamma": 5.370534161288567, "lr": 0.36598334666965426}, "datetime": {"datetime": "2024-06-14 01:34:33", "elapsed": 2.511392, "delta": 0.003989}}
{"target": -1544.275593263461, "params": {"gamma": 6.043464129845054, "lr": 0.9588025156370005}, "datetime": {"datetime": "2024-06-14 01:34:33", "elapsed": 2.515381, "delta": 0.003989}}
{"target": -762.2555358655346, "params": {"gamma": 3.9288366270246278, "lr": 0.39297299794161644}, "datetime": {"datetime": "2024-06-14 01:34:33", "elapsed": 2.519371, "delta": 0.00399}}
{"target": -1589.5770923259654, "params": {"gamma": 7.9065792989023995, "lr": 0.6450783990854264}, "datetime": {"datetime": "2024-06-14 01:34:33", "elapsed": 2.524357, "delta": 0.004986}}
{"target": -868.6797987824666, "params": {"gamma": 3.9394461945459094, "lr": 0.6889550482302514}, "datetime": {"datetime": "2024-06-14 01:34:33", "elapsed": 2.528346, "delta": 0.003989}}
{"target": -1454.0795519178973, "params": {"gamma": 4.040612088934736, "lr": 0.1361131542481221}, "datetime": {"datetime": "2024-06-14 01:34:33", "elapsed": 2.532336, "delta": 0.00399}}
{"target": -896.1380554061681, "params": {"gamma": 4.506982043452673, "lr": 0.3344193926972726}, "datetime": {"datetime": "2024-06-14 01:34:33", "elapsed": 2.536325, "delta": 0.003989}}
{"target": -571.6624156575806, "params": {"gamma": 2.180471331681618, "lr": 0.9257748016364399}, "datetime": {"datetime": "2024-06-14 01:34:33", "elapsed": 2.540315, "delta": 0.00399}}
{"target": -1400.4446128754905, "params": {"gamma": 6.896704351396498, "lr": 0.5988208906234219}, "datetime": {"datetime": "2024-06-14 01:34:33", "elapsed": 2.544304, "delta": 0.003989}}
{"target": -1496.738558025851, "params": {"gamma": 7.466828063757928, "lr": 0.5419710617714415}, "datetime": {"datetime": "2024-06-14 01:34:33", "elapsed": 2.548293, "delta": 0.003989}}
{"target": -1787.9836588354, "params": {"gamma": 7.005630193122407, "lr": 0.9305598192498451}, "datetime": {"datetime": "2024-06-14 01:34:33", "elapsed": 2.552283, "delta": 0.00399}}
{"target": -3276.153178579614, "params": {"gamma": 8.626304328357714, "lr": 0.1674418575065213}, "datetime": {"datetime": "2024-06-14 01:34:33", "elapsed": 2.556272, "delta": 0.003989}}
{"target": -1272.909299636188, "params": {"gamma": 2.6321271002148183, "lr": 0.07161027944180454}, "datetime": {"datetime": "2024-06-14 01:34:33", "elapsed": 2.560261, "delta": 0.003989}}
{"target": -2602.5022572210155, "params": {"gamma": 9.786749378778312, "lr": 0.23638409866037557}, "datetime": {"datetime": "2024-06-14 01:34:33", "elapsed": 2.56425, "delta": 0.003989}}
{"target": -3106.7292050979413, "params": {"gamma": 6.6063229609300596, "lr": 0.089630698927462}, "datetime": {"datetime": "2024-06-14 01:34:33", "elapsed": 2.56824, "delta": 0.00399}}
{"target": -445.0598511778822, "params": {"gamma": 2.1084986499281, "lr": 0.5028243835184045}, "datetime": {"datetime": "2024-06-14 01:34:33", "elapsed": 2.57223, "delta": 0.00399}}
{"target": -248.29924583642966, "params": {"gamma": 1.0504317296309502, "lr": 0.38887340269472437}, "datetime": {"datetime": "2024-06-14 01:34:33", "elapsed": 2.577216, "delta": 0.004986}}
{"target": -1064.361853303591, "params": {"gamma": 5.3803392136766695, "lr": 0.33920418488509996}, "datetime": {"datetime": "2024-06-14 01:34:33", "elapsed": 2.581205, "delta": 0.003989}}
{"target": -1119.6247532940108, "params": {"gamma": 5.559446211054629, "lr": 0.536768321942464}, "datetime": {"datetime": "2024-06-14 01:34:33", "elapsed": 2.585195, "delta": 0.00399}}
{"target": -861.6416119234617, "params": {"gamma": 3.906714376870321, "lr": 0.6962700831011029}, "datetime": {"datetime": "2024-06-14 01:34:33", "elapsed": 2.589184, "delta": 0.003989}}
{"target": -1483.136441327809, "params": {"gamma": 6.785146057525243, "lr": 0.6873031493743899}, "datetime": {"datetime": "2024-06-14 01:34:33", "elapsed": 2.593174, "delta": 0.00399}}
{"target": -1109.696010622587, "params": {"gamma": 5.615351096734943, "lr": 0.3580799140129358}, "datetime": {"datetime": "2024-06-14 01:34:33", "elapsed": 2.597163, "delta": 0.003989}}
{"target": -1566.571355489322, "params": {"gamma": 6.131510241334756, "lr": 0.9357362666081998}, "datetime": {"datetime": "2024-06-14 01:34:33", "elapsed": 2.601152, "delta": 0.003989}}
{"target": -1525.4932916701841, "params": {"gamma": 5.969288360934786, "lr": 0.9795901743594252}, "datetime": {"datetime": "2024-06-14 01:34:33", "elapsed": 2.605141, "delta": 0.003989}}
{"target": -984.0484987675103, "params": {"gamma": 4.4106251974683035, "lr": 0.7396119625075467}, "datetime": {"datetime": "2024-06-14 01:34:33", "elapsed": 2.609131, "delta": 0.00399}}
{"target": -161.14601768855047, "params": {"gamma": 0.3770011826173517, "lr": 0.7647266390004861}, "datetime": {"datetime": "2024-06-14 01:34:33", "elapsed": 2.61312, "delta": 0.003989}}
{"target": -2493.8997851622653, "params": {"gamma": 5.1832975216877974, "lr": 0.0053165329611032375}, "datetime": {"datetime": "2024-06-14 01:34:33", "elapsed": 2.617109, "delta": 0.003989}}
{"target": -572.5158805584156, "params": {"gamma": 2.772723847721202, "lr": 0.5348322325198115}, "datetime": {"datetime": "2024-06-14 01:34:33", "elapsed": 2.622097, "delta": 0.004988}}
{"target": -3690.826739517313, "params": {"gamma": 7.679860819934835, "lr": 0.05309259545252509}, "datetime": {"datetime": "2024-06-14 01:34:33", "elapsed": 2.626085, "delta": 0.003988}}
{"target": -1269.5329705695917, "params": {"gamma": 5.490985385061347, "lr": 0.800994555798356}, "datetime": {"datetime": "2024-06-14 01:34:33", "elapsed": 2.630075, "delta": 0.00399}}
{"target": -1658.9295582332757, "params": {"gamma": 6.496180965729911, "lr": 0.9314470149929107}, "datetime": {"datetime": "2024-06-14 01:34:33", "elapsed": 2.634064, "delta": 0.003989}}
{"target": -218.25620340092792, "params": {"gamma": 0.7482397187025968, "lr": 0.2768064626005866}, "datetime": {"datetime": "2024-06-14 01:34:33", "elapsed": 2.638053, "delta": 0.003989}}
{"target": -2061.3085523611853, "params": {"gamma": 9.192455805057469, "lr": 0.7650051482981429}, "datetime": {"datetime": "2024-06-14 01:34:33", "elapsed": 2.642043, "delta": 0.00399}}
{"target": -1403.2312795299172, "params": {"gamma": 5.9978037043765156, "lr": 0.8329681438370704}, "datetime": {"datetime": "2024-06-14 01:34:33", "elapsed": 2.646032, "delta": 0.003989}}
{"target": -2283.375256366549, "params": {"gamma": 8.960538872258445, "lr": 0.9727203528528249}, "datetime": {"datetime": "2024-06-14 01:34:33", "elapsed": 2.650021, "delta": 0.003989}}
{"target": -3563.4657873782285, "params": {"gamma": 9.98520655039097, "lr": 0.13964933368410348}, "datetime": {"datetime": "2024-06-14 01:34:33", "elapsed": 2.65401, "delta": 0.003989}}
{"target": -373.43397350976636, "params": {"gamma": 0.7063499053922482, "lr": 0.07346665436012334}, "datetime": {"datetime": "2024-06-14 01:34:33", "elapsed": 2.658, "delta": 0.00399}}
{"target": -145.56168095804588, "params": {"gamma": 0.14842316520856935, "lr": 0.971820072977926}, "datetime": {"datetime": "2024-06-14 01:34:33", "elapsed": 2.661989, "delta": 0.003989}}
{"target": -263.8831531111787, "params": {"gamma": 0.9485743976558341, "lr": 0.8417368261858497}, "datetime": {"datetime": "2024-06-14 01:34:33", "elapsed": 2.665978, "delta": 0.003989}}
{"target": -1264.8450175712408, "params": {"gamma": 6.852044796080089, "lr": 0.4875571674829181}, "datetime": {"datetime": "2024-06-14 01:34:33", "elapsed": 2.669968, "delta": 0.00399}}
{"target": -696.8728316752655, "params": {"gamma": 3.4676021187044235, "lr": 0.35364778706700506}, "datetime": {"datetime": "2024-06-14 01:34:33", "elapsed": 2.673957, "delta": 0.003989}}
{"target": -661.9950990355474, "params": {"gamma": 2.539134984589525, "lr": 0.9110179736986265}, "datetime": {"datetime": "2024-06-14 01:34:33", "elapsed": 2.677947, "delta": 0.00399}}
{"target": -3487.9293129194584, "params": {"gamma": 7.256699812403196, "lr": 0.025925792784269874}, "datetime": {"datetime": "2024-06-14 01:34:33", "elapsed": 2.681936, "delta": 0.003989}}
{"target": -992.2434292307194, "params": {"gamma": 4.615751011217899, "lr": 0.28130127253681136}, "datetime": {"datetime": "2024-06-14 01:34:33", "elapsed": 2.685925, "delta": 0.003989}}
{"target": -154.68736582518886, "params": {"gamma": 0.2906328955928069, "lr": 0.8846818943092944}, "datetime": {"datetime": "2024-06-14 01:34:33", "elapsed": 2.689915, "delta": 0.00399}}
{"target": -1376.8473598237201, "params": {"gamma": 7.710282574188869, "lr": 0.32973507924426093}, "datetime": {"datetime": "2024-06-14 01:34:33", "elapsed": 2.694901, "delta": 0.004986}}
{"target": -1421.4057198947087, "params": {"gamma": 7.965789316779574, "lr": 0.3246383222029966}, "datetime": {"datetime": "2024-06-14 01:34:33", "elapsed": 2.698891, "delta": 0.00399}}
{"target": -795.8730696377227, "params": {"gamma": 3.0795165557326496, "lr": 0.9281090785007262}, "datetime": {"datetime": "2024-06-14 01:34:33", "elapsed": 2.70288, "delta": 0.003989}}
{"target": -1952.405736553817, "params": {"gamma": 9.769184703296556, "lr": 0.5235553047168928}, "datetime": {"datetime": "2024-06-14 01:34:33", "elapsed": 2.70687, "delta": 0.00399}}
{"target": -2338.0453633705865, "params": {"gamma": 9.519399740511682, "lr": 0.8879964939264646}, "datetime": {"datetime": "2024-06-14 01:34:33", "elapsed": 2.710859, "delta": 0.003989}}
{"target": -1002.5874827635356, "params": {"gamma": 5.180807583382493, "lr": 0.3727488020974856}, "datetime": {"datetime": "2024-06-14 01:34:33", "elapsed": 2.714848, "delta": 0.003989}}
{"target": -1310.3717981229322, "params": {"gamma": 7.103835428617774, "lr": 0.455643424642054}, "datetime": {"datetime": "2024-06-14 01:34:33", "elapsed": 2.718837, "delta": 0.003989}}
{"target": -1546.569678051612, "params": {"gamma": 6.052523738337006, "lr": 0.9904061968899467}, "datetime": {"datetime": "2024-06-14 01:34:33", "elapsed": 2.722828, "delta": 0.003991}}
