{"target": -442.1186933902329, "params": {"gamma": 2.351541289225017, "lr": 0.461602080891622}, "datetime": {"datetime": "2024-06-13 14:28:16", "elapsed": 2.208907, "delta": 0.003989}}
{"target": -865.3073287687077, "params": {"gamma": 1.9867164390362086, "lr": 0.0254762357788203}, "datetime": {"datetime": "2024-06-13 14:28:16", "elapsed": 2.212896, "delta": 0.003989}}
{"target": -1830.1011127532838, "params": {"gamma": 7.294247584863271, "lr": 0.7249167472191191}, "datetime": {"datetime": "2024-06-13 14:28:16", "elapsed": 2.215888, "delta": 0.002992}}
{"target": -999.2509418007054, "params": {"gamma": 3.304587071870666, "lr": 0.8434941260636555}, "datetime": {"datetime": "2024-06-13 14:28:16", "elapsed": 2.219878, "delta": 0.00399}}
{"target": -1325.5096546591626, "params": {"gamma": 4.284996317034784, "lr": 0.8646861447635343}, "datetime": {"datetime": "2024-06-13 14:28:16", "elapsed": 2.223867, "delta": 0.003989}}
{"target": -1415.3625469280773, "params": {"gamma": 6.570997180804273, "lr": 0.5810356574180902}, "datetime": {"datetime": "2024-06-13 14:28:16", "elapsed": 2.227856, "delta": 0.003989}}
{"target": -452.2024379207677, "params": {"gamma": 2.008074152862875, "lr": 0.5295466104783949}, "datetime": {"datetime": "2024-06-13 14:28:16", "elapsed": 2.231846, "delta": 0.00399}}
{"target": -1344.5991410419238, "params": {"gamma": 8.944429751857296, "lr": 0.30499397583521604}, "datetime": {"datetime": "2024-06-13 14:28:16", "elapsed": 2.235835, "delta": 0.003989}}
{"target": -2676.135387801011, "params": {"gamma": 8.709585146001372, "lr": 0.9087452728583881}, "datetime": {"datetime": "2024-06-13 14:28:16", "elapsed": 2.239824, "delta": 0.003989}}
{"target": -846.9395563219307, "params": {"gamma": 3.2991157822561417, "lr": 0.6830743663365642}, "datetime": {"datetime": "2024-06-13 14:28:16", "elapsed": 2.243814, "delta": 0.00399}}
{"target": -3760.261968658866, "params": {"gamma": 8.992310274710121, "lr": 0.07569688175830336}, "datetime": {"datetime": "2024-06-13 14:28:16", "elapsed": 2.247803, "delta": 0.003989}}
{"target": -1415.9342911317049, "params": {"gamma": 8.7860000441845, "lr": 0.1908393632684806}, "datetime": {"datetime": "2024-06-13 14:28:16", "elapsed": 2.251792, "delta": 0.003989}}
{"target": -2149.6710603632723, "params": {"gamma": 8.497839331269288, "lr": 0.6671187886992039}, "datetime": {"datetime": "2024-06-13 14:28:16", "elapsed": 2.255782, "delta": 0.00399}}
{"target": -605.8032540657292, "params": {"gamma": 3.4440476153050885, "lr": 0.151375569992799}, "datetime": {"datetime": "2024-06-13 14:28:16", "elapsed": 2.259771, "delta": 0.003989}}
{"target": -1902.692018126352, "params": {"gamma": 6.354074243923046, "lr": 0.8477880437147416}, "datetime": {"datetime": "2024-06-13 14:28:16", "elapsed": 2.262763, "delta": 0.002992}}
{"target": -1935.8359655385193, "params": {"gamma": 8.218671898265342, "lr": 0.6282395971306578}, "datetime": {"datetime": "2024-06-13 14:28:16", "elapsed": 2.266752, "delta": 0.003989}}
{"target": -2059.7961313205874, "params": {"gamma": 9.563058796042565, "lr": 0.5899231270757698}, "datetime": {"datetime": "2024-06-13 14:28:16", "elapsed": 2.270742, "delta": 0.00399}}
{"target": -383.07480818272785, "params": {"gamma": 1.979130013694545, "lr": 0.4293307226164923}, "datetime": {"datetime": "2024-06-13 14:28:16", "elapsed": 2.274731, "delta": 0.003989}}
{"target": -1095.3656993728316, "params": {"gamma": 3.3681232410129716, "lr": 0.991945011907281}, "datetime": {"datetime": "2024-06-13 14:28:16", "elapsed": 2.27872, "delta": 0.003989}}
{"target": -1233.8751113851438, "params": {"gamma": 3.8029847246765303, "lr": 0.992700873664818}, "datetime": {"datetime": "2024-06-13 14:28:16", "elapsed": 2.282787, "delta": 0.004067}}
{"target": -852.3273116146681, "params": {"gamma": 5.188523703083409, "lr": 0.17227970147712546}, "datetime": {"datetime": "2024-06-13 14:28:16", "elapsed": 2.286774, "delta": 0.003987}}
{"target": -169.97834358264265, "params": {"gamma": 0.7466661384435471, "lr": 0.37030569377388767}, "datetime": {"datetime": "2024-06-13 14:28:16", "elapsed": 2.290763, "delta": 0.003989}}
{"target": -322.39588669125243, "params": {"gamma": 1.235065179287484, "lr": 0.6345187162918416}, "datetime": {"datetime": "2024-06-13 14:28:16", "elapsed": 2.294752, "delta": 0.003989}}
{"target": -1341.2887980772562, "params": {"gamma": 4.13978453744836, "lr": 0.9909156325254501}, "datetime": {"datetime": "2024-06-13 14:28:16", "elapsed": 2.298741, "delta": 0.003989}}
{"target": -1579.591752227909, "params": {"gamma": 9.299626280909525, "lr": 0.14923603230975002}, "datetime": {"datetime": "2024-06-13 14:28:16", "elapsed": 2.302731, "delta": 0.00399}}
{"target": -721.2776779316315, "params": {"gamma": 3.9494277431054683, "lr": 0.46157971096238615}, "datetime": {"datetime": "2024-06-13 14:28:16", "elapsed": 2.306721, "delta": 0.00399}}
{"target": -1636.4087054120766, "params": {"gamma": 5.609926602464331, "lr": 0.7803635232892685}, "datetime": {"datetime": "2024-06-13 14:28:16", "elapsed": 2.31071, "delta": 0.003989}}
{"target": -796.626664392388, "params": {"gamma": 4.872451896825164, "lr": 0.4199935520102408}, "datetime": {"datetime": "2024-06-13 14:28:16", "elapsed": 2.314699, "delta": 0.003989}}
{"target": -829.1252312841951, "params": {"gamma": 2.6207350474886373, "lr": 0.9108061390867584}, "datetime": {"datetime": "2024-06-13 14:28:16", "elapsed": 2.317691, "delta": 0.002992}}
{"target": -160.31754598560784, "params": {"gamma": 0.22369284381650878, "lr": 0.8211218982189646}, "datetime": {"datetime": "2024-06-13 14:28:16", "elapsed": 2.321681, "delta": 0.00399}}
{"target": -497.7491160494854, "params": {"gamma": 1.8854955282645185, "lr": 0.6857568991725472}, "datetime": {"datetime": "2024-06-13 14:28:16", "elapsed": 2.326246, "delta": 0.004565}}
{"target": -1154.1390578682847, "params": {"gamma": 3.552738684007098, "lr": 0.9742126278950913}, "datetime": {"datetime": "2024-06-13 14:28:16", "elapsed": 2.330233, "delta": 0.003987}}
{"target": -240.5963743831911, "params": {"gamma": 1.22859852236475, "lr": 0.18756989261723955}, "datetime": {"datetime": "2024-06-13 14:28:16", "elapsed": 2.333224, "delta": 0.002991}}
{"target": -1917.0921069124652, "params": {"gamma": 8.894535312169324, "lr": 0.5834063146082279}, "datetime": {"datetime": "2024-06-13 14:28:16", "elapsed": 2.337214, "delta": 0.00399}}
{"target": -1319.831867267734, "params": {"gamma": 3.0931546002031376, "lr": 0.0007643854781880233}, "datetime": {"datetime": "2024-06-13 14:28:16", "elapsed": 2.341495, "delta": 0.004281}}
{"target": -414.0208675542294, "params": {"gamma": 2.2767497854842085, "lr": 0.1454036341712357}, "datetime": {"datetime": "2024-06-13 14:28:16", "elapsed": 2.345483, "delta": 0.003988}}
{"target": -643.7906256607463, "params": {"gamma": 2.035134809876536, "lr": 0.8963225568040046}, "datetime": {"datetime": "2024-06-13 14:28:16", "elapsed": 2.349472, "delta": 0.003989}}
{"target": -2195.7994625640617, "params": {"gamma": 8.731070688318136, "lr": 0.7002894376334498}, "datetime": {"datetime": "2024-06-13 14:28:16", "elapsed": 2.353461, "delta": 0.003989}}
{"target": -1381.7306303435143, "params": {"gamma": 4.705506263845939, "lr": 0.8271360023322883}, "datetime": {"datetime": "2024-06-13 14:28:16", "elapsed": 2.35745, "delta": 0.003989}}
{"target": -784.3355287481343, "params": {"gamma": 4.958768144455039, "lr": 0.36348868328490525}, "datetime": {"datetime": "2024-06-13 14:28:16", "elapsed": 2.36144, "delta": 0.00399}}
{"target": -901.1661612634928, "params": {"gamma": 2.7567554245058266, "lr": 0.9247408135383717}, "datetime": {"datetime": "2024-06-13 14:28:16", "elapsed": 2.365429, "delta": 0.003989}}
{"target": -707.3677752485498, "params": {"gamma": 3.8705053533286655, "lr": 0.49288087343132025}, "datetime": {"datetime": "2024-06-13 14:28:16", "elapsed": 2.369418, "delta": 0.003989}}
{"target": -796.8838054300957, "params": {"gamma": 2.5451265850419067, "lr": 0.8849665188380633}, "datetime": {"datetime": "2024-06-13 14:28:16", "elapsed": 2.373408, "delta": 0.00399}}
{"target": -605.8054732616067, "params": {"gamma": 3.833251304596062, "lr": 0.29757471531387525}, "datetime": {"datetime": "2024-06-13 14:28:16", "elapsed": 2.377397, "delta": 0.003989}}
{"target": -1161.638430639805, "params": {"gamma": 7.17623202698535, "lr": 0.19086994317230743}, "datetime": {"datetime": "2024-06-13 14:28:16", "elapsed": 2.381387, "delta": 0.00399}}
{"target": -383.78831230624195, "params": {"gamma": 1.1828081008410374, "lr": 0.8369977822135122}, "datetime": {"datetime": "2024-06-13 14:28:16", "elapsed": 2.385376, "delta": 0.003989}}
{"target": -1606.9976553012268, "params": {"gamma": 7.441615077773983, "lr": 0.5905205476471171}, "datetime": {"datetime": "2024-06-13 14:28:16", "elapsed": 2.389365, "delta": 0.003989}}
{"target": -589.6144442883325, "params": {"gamma": 2.429672858073742, "lr": 0.6232471451875841}, "datetime": {"datetime": "2024-06-13 14:28:16", "elapsed": 2.392357, "delta": 0.002992}}
{"target": -965.7778366946314, "params": {"gamma": 6.383914852090989, "lr": 0.32756944411232514}, "datetime": {"datetime": "2024-06-13 14:28:16", "elapsed": 2.396346, "delta": 0.003989}}
{"target": -252.56388443080388, "params": {"gamma": 0.6758259413323553, "lr": 0.8805385975643267}, "datetime": {"datetime": "2024-06-13 14:28:16", "elapsed": 2.400336, "delta": 0.00399}}
{"target": -1337.6715485391094, "params": {"gamma": 4.60010735401151, "lr": 0.7638727180664299}, "datetime": {"datetime": "2024-06-13 14:28:16", "elapsed": 2.405324, "delta": 0.004988}}
{"target": -565.331481643647, "params": {"gamma": 2.539632320806454, "lr": 0.5913871822675169}, "datetime": {"datetime": "2024-06-13 14:28:16", "elapsed": 2.409957, "delta": 0.004633}}
{"target": -700.5198543826642, "params": {"gamma": 4.288522808327629, "lr": 0.38210064254913956}, "datetime": {"datetime": "2024-06-13 14:28:16", "elapsed": 2.413917, "delta": 0.00396}}
{"target": -228.24715083952276, "params": {"gamma": 1.2680071250853806, "lr": 0.24426666320897583}, "datetime": {"datetime": "2024-06-13 14:28:16", "elapsed": 2.417906, "delta": 0.003989}}
{"target": -173.40907622311101, "params": {"gamma": 0.7943364880002312, "lr": 0.3028583047175786}, "datetime": {"datetime": "2024-06-13 14:28:16", "elapsed": 2.421897, "delta": 0.003991}}
{"target": -1746.469590782937, "params": {"gamma": 7.417306297515323, "lr": 0.6150157249710488}, "datetime": {"datetime": "2024-06-13 14:28:16", "elapsed": 2.425885, "delta": 0.003988}}
{"target": -2821.424839141594, "params": {"gamma": 6.724438578240325, "lr": 0.00838307952503159}, "datetime": {"datetime": "2024-06-13 14:28:16", "elapsed": 2.429875, "delta": 0.00399}}
{"target": -1461.8601932696147, "params": {"gamma": 6.784091345540948, "lr": 0.503180690542887}, "datetime": {"datetime": "2024-06-13 14:28:16", "elapsed": 2.433863, "delta": 0.003988}}
{"target": -399.1650161247251, "params": {"gamma": 2.309853596391308, "lr": 0.17489650898192222}, "datetime": {"datetime": "2024-06-13 14:28:16", "elapsed": 2.437853, "delta": 0.00399}}
{"target": -573.8136123203935, "params": {"gamma": 1.8506446725427474, "lr": 0.8442600050750985}, "datetime": {"datetime": "2024-06-13 14:28:16", "elapsed": 2.441842, "delta": 0.003989}}
{"target": -3044.4494673673607, "params": {"gamma": 9.825915303261548, "lr": 0.9137396248416316}, "datetime": {"datetime": "2024-06-13 14:28:16", "elapsed": 2.445831, "delta": 0.003989}}
{"target": -1019.9558201146828, "params": {"gamma": 3.4743468343077555, "lr": 0.7802245796913637}, "datetime": {"datetime": "2024-06-13 14:28:16", "elapsed": 2.449821, "delta": 0.00399}}
{"target": -1601.9976165086164, "params": {"gamma": 5.464999452423606, "lr": 0.8164423975559377}, "datetime": {"datetime": "2024-06-13 14:28:16", "elapsed": 2.45381, "delta": 0.003989}}
{"target": -1051.8072828911222, "params": {"gamma": 4.8377857849378705, "lr": 0.5899512982994037}, "datetime": {"datetime": "2024-06-13 14:28:16", "elapsed": 2.457799, "delta": 0.003989}}
{"target": -2332.4010004128104, "params": {"gamma": 7.872847211795091, "lr": 0.10023464310313235}, "datetime": {"datetime": "2024-06-13 14:28:16", "elapsed": 2.460792, "delta": 0.002993}}
{"target": -840.37813667015, "params": {"gamma": 5.370534161288567, "lr": 0.36598334666965426}, "datetime": {"datetime": "2024-06-13 14:28:16", "elapsed": 2.464781, "delta": 0.003989}}
{"target": -1949.5313217226935, "params": {"gamma": 6.043464129845054, "lr": 0.9588025156370005}, "datetime": {"datetime": "2024-06-13 14:28:16", "elapsed": 2.46877, "delta": 0.003989}}
{"target": -643.9205885793939, "params": {"gamma": 3.9288366270246278, "lr": 0.39297299794161644}, "datetime": {"datetime": "2024-06-13 14:28:16", "elapsed": 2.47276, "delta": 0.00399}}
{"target": -1919.02599831535, "params": {"gamma": 7.9065792989023995, "lr": 0.6450783990854264}, "datetime": {"datetime": "2024-06-13 14:28:16", "elapsed": 2.476749, "delta": 0.003989}}
{"target": -1006.7838390007903, "params": {"gamma": 3.9394461945459094, "lr": 0.6889550482302514}, "datetime": {"datetime": "2024-06-13 14:28:16", "elapsed": 2.480738, "delta": 0.003989}}
{"target": -798.5656468271818, "params": {"gamma": 4.040612088934736, "lr": 0.1361131542481221}, "datetime": {"datetime": "2024-06-13 14:28:16", "elapsed": 2.484727, "delta": 0.003989}}
{"target": -714.8520969500836, "params": {"gamma": 4.506982043452673, "lr": 0.3344193926972726}, "datetime": {"datetime": "2024-06-13 14:28:16", "elapsed": 2.488717, "delta": 0.00399}}
{"target": -719.0867718113685, "params": {"gamma": 2.180471331681618, "lr": 0.9257748016364399}, "datetime": {"datetime": "2024-06-13 14:28:16", "elapsed": 2.492706, "delta": 0.003989}}
{"target": -1490.7279426752493, "params": {"gamma": 6.896704351396498, "lr": 0.5988208906234219}, "datetime": {"datetime": "2024-06-13 14:28:16", "elapsed": 2.496695, "delta": 0.003989}}
{"target": -1607.2121572674607, "params": {"gamma": 7.466828063757928, "lr": 0.5419710617714415}, "datetime": {"datetime": "2024-06-13 14:28:16", "elapsed": 2.500684, "delta": 0.003989}}
{"target": -2257.262539685579, "params": {"gamma": 7.005630193122407, "lr": 0.9305598192498451}, "datetime": {"datetime": "2024-06-13 14:28:16", "elapsed": 2.504674, "delta": 0.00399}}
{"target": -1398.6363306443684, "params": {"gamma": 8.626304328357714, "lr": 0.1674418575065213}, "datetime": {"datetime": "2024-06-13 14:28:16", "elapsed": 2.508663, "delta": 0.003989}}
{"target": -1129.985000179878, "params": {"gamma": 2.6321271002148183, "lr": 0.07161027944180454}, "datetime": {"datetime": "2024-06-13 14:28:16", "elapsed": 2.511656, "delta": 0.002993}}
{"target": -1479.7232772448556, "params": {"gamma": 9.786749378778312, "lr": 0.23638409866037557}, "datetime": {"datetime": "2024-06-13 14:28:16", "elapsed": 2.516642, "delta": 0.004986}}
{"target": -2801.8619419665515, "params": {"gamma": 6.6063229609300596, "lr": 0.089630698927462}, "datetime": {"datetime": "2024-06-13 14:28:16", "elapsed": 2.520698, "delta": 0.004056}}
{"target": -472.8717912776784, "params": {"gamma": 2.1084986499281, "lr": 0.5028243835184045}, "datetime": {"datetime": "2024-06-13 14:28:16", "elapsed": 2.524687, "delta": 0.003989}}
{"target": -210.60513512172608, "params": {"gamma": 1.0504317296309502, "lr": 0.38887340269472437}, "datetime": {"datetime": "2024-06-13 14:28:16", "elapsed": 2.528677, "delta": 0.00399}}
{"target": -849.2559603015427, "params": {"gamma": 5.3803392136766695, "lr": 0.33920418488509996}, "datetime": {"datetime": "2024-06-13 14:28:16", "elapsed": 2.532666, "delta": 0.003989}}
{"target": -1201.2619609020005, "params": {"gamma": 5.559446211054629, "lr": 0.536768321942464}, "datetime": {"datetime": "2024-06-13 14:28:16", "elapsed": 2.536655, "delta": 0.003989}}
{"target": -998.6020134884365, "params": {"gamma": 3.906714376870321, "lr": 0.6962700831011029}, "datetime": {"datetime": "2024-06-13 14:28:16", "elapsed": 2.540645, "delta": 0.00399}}
{"target": -1719.9113718778206, "params": {"gamma": 6.785146057525243, "lr": 0.6873031493743899}, "datetime": {"datetime": "2024-06-13 14:28:16", "elapsed": 2.544634, "delta": 0.003989}}
{"target": -885.4725683136631, "params": {"gamma": 5.615351096734943, "lr": 0.3580799140129358}, "datetime": {"datetime": "2024-06-13 14:28:16", "elapsed": 2.548623, "delta": 0.003989}}
{"target": -1977.6866175836146, "params": {"gamma": 6.131510241334756, "lr": 0.9357362666081998}, "datetime": {"datetime": "2024-06-13 14:28:16", "elapsed": 2.551615, "delta": 0.002992}}
{"target": -1925.812399681979, "params": {"gamma": 5.969288360934786, "lr": 0.9795901743594252}, "datetime": {"datetime": "2024-06-13 14:28:16", "elapsed": 2.555633, "delta": 0.004018}}
{"target": -1151.3710973167513, "params": {"gamma": 4.4106251974683035, "lr": 0.7396119625075467}, "datetime": {"datetime": "2024-06-13 14:28:16", "elapsed": 2.559623, "delta": 0.00399}}
{"target": -180.5750231974323, "params": {"gamma": 0.3770011826173517, "lr": 0.7647266390004861}, "datetime": {"datetime": "2024-06-13 14:28:16", "elapsed": 2.563612, "delta": 0.003989}}
{"target": -2183.5894163330117, "params": {"gamma": 5.1832975216877974, "lr": 0.0053165329611032375}, "datetime": {"datetime": "2024-06-13 14:28:16", "elapsed": 2.567573, "delta": 0.003961}}
{"target": -611.1204201799163, "params": {"gamma": 2.772723847721202, "lr": 0.5348322325198115}, "datetime": {"datetime": "2024-06-13 14:28:16", "elapsed": 2.571563, "delta": 0.00399}}
{"target": -3216.9302288057875, "params": {"gamma": 7.679860819934835, "lr": 0.05309259545252509}, "datetime": {"datetime": "2024-06-13 14:28:16", "elapsed": 2.575551, "delta": 0.003988}}
{"target": -1609.5373202117944, "params": {"gamma": 5.490985385061347, "lr": 0.800994555798356}, "datetime": {"datetime": "2024-06-13 14:28:16", "elapsed": 2.579541, "delta": 0.00399}}
{"target": -2094.311838585626, "params": {"gamma": 6.496180965729911, "lr": 0.9314470149929107}, "datetime": {"datetime": "2024-06-13 14:28:16", "elapsed": 2.58353, "delta": 0.003989}}
{"target": -176.6827865754762, "params": {"gamma": 0.7482397187025968, "lr": 0.2768064626005866}, "datetime": {"datetime": "2024-06-13 14:28:16", "elapsed": 2.587519, "delta": 0.003989}}
{"target": -2659.284922599755, "params": {"gamma": 9.192455805057469, "lr": 0.7650051482981429}, "datetime": {"datetime": "2024-06-13 14:28:16", "elapsed": 2.591508, "delta": 0.003989}}
{"target": -1756.6188861038866, "params": {"gamma": 5.9978037043765156, "lr": 0.8329681438370704}, "datetime": {"datetime": "2024-06-13 14:28:16", "elapsed": 2.596061, "delta": 0.004553}}
{"target": -2882.694031315398, "params": {"gamma": 8.960538872258445, "lr": 0.9727203528528249}, "datetime": {"datetime": "2024-06-13 14:28:16", "elapsed": 2.600049, "delta": 0.003988}}
{"target": -1941.5703263329867, "params": {"gamma": 9.98520655039097, "lr": 0.13964933368410348}, "datetime": {"datetime": "2024-06-13 14:28:16", "elapsed": 2.603041, "delta": 0.002992}}
{"target": -353.1061354610251, "params": {"gamma": 0.7063499053922482, "lr": 0.07346665436012334}, "datetime": {"datetime": "2024-06-13 14:28:16", "elapsed": 2.60703, "delta": 0.003989}}
{"target": -156.41126734699105, "params": {"gamma": 0.14842316520856935, "lr": 0.971820072977926}, "datetime": {"datetime": "2024-06-13 14:28:16", "elapsed": 2.611019, "delta": 0.003989}}
{"target": -319.5517186943095, "params": {"gamma": 0.9485743976558341, "lr": 0.8417368261858497}, "datetime": {"datetime": "2024-06-13 14:28:16", "elapsed": 2.615009, "delta": 0.00399}}
{"target": -1235.1607199772857, "params": {"gamma": 6.852044796080089, "lr": 0.4875571674829181}, "datetime": {"datetime": "2024-06-13 14:28:16", "elapsed": 2.618998, "delta": 0.003989}}
{"target": -555.6404869197075, "params": {"gamma": 3.4676021187044235, "lr": 0.35364778706700506}, "datetime": {"datetime": "2024-06-13 14:28:16", "elapsed": 2.622987, "delta": 0.003989}}
{"target": -804.2628367003315, "params": {"gamma": 2.539134984589525, "lr": 0.9110179736986265}, "datetime": {"datetime": "2024-06-13 14:28:16", "elapsed": 2.627425, "delta": 0.004438}}
{"target": -3041.7552810254715, "params": {"gamma": 7.256699812403196, "lr": 0.025925792784269874}, "datetime": {"datetime": "2024-06-13 14:28:16", "elapsed": 2.631068, "delta": 0.003643}}
{"target": -770.3067364050949, "params": {"gamma": 4.615751011217899, "lr": 0.28130127253681136}, "datetime": {"datetime": "2024-06-13 14:28:16", "elapsed": 2.635057, "delta": 0.003989}}
{"target": -170.1731444577752, "params": {"gamma": 0.2906328955928069, "lr": 0.8846818943092944}, "datetime": {"datetime": "2024-06-13 14:28:16", "elapsed": 2.639047, "delta": 0.00399}}
{"target": -1161.980195833789, "params": {"gamma": 7.710282574188869, "lr": 0.32973507924426093}, "datetime": {"datetime": "2024-06-13 14:28:16", "elapsed": 2.642576, "delta": 0.003529}}
{"target": -1199.7852313395379, "params": {"gamma": 7.965789316779574, "lr": 0.3246383222029966}, "datetime": {"datetime": "2024-06-13 14:28:16", "elapsed": 2.646562, "delta": 0.003986}}
{"target": -1003.5946124572124, "params": {"gamma": 3.0795165557326496, "lr": 0.9281090785007262}, "datetime": {"datetime": "2024-06-13 14:28:16", "elapsed": 2.650552, "delta": 0.00399}}
{"target": -2097.511947400433, "params": {"gamma": 9.769184703296556, "lr": 0.5235553047168928}, "datetime": {"datetime": "2024-06-13 14:28:16", "elapsed": 2.654541, "delta": 0.003989}}
{"target": -2922.7952248956276, "params": {"gamma": 9.519399740511682, "lr": 0.8879964939264646}, "datetime": {"datetime": "2024-06-13 14:28:16", "elapsed": 2.65853, "delta": 0.003989}}
{"target": -811.437054758167, "params": {"gamma": 5.180807583382493, "lr": 0.3727488020974856}, "datetime": {"datetime": "2024-06-13 14:28:16", "elapsed": 2.662519, "delta": 0.003989}}
{"target": -1279.824233660811, "params": {"gamma": 7.103835428617774, "lr": 0.455643424642054}, "datetime": {"datetime": "2024-06-13 14:28:16", "elapsed": 2.666509, "delta": 0.00399}}
