{"target": -632.5206905204967, "params": {"gamma": 6.334974881523022, "lr": 0.2777127324734242}, "datetime": {"datetime": "2024-06-13 19:33:53", "elapsed": 3.886325, "delta": 0.003564}}
{"target": -661.2864963007696, "params": {"gamma": 8.272176051067923, "lr": 0.3645234475558883}, "datetime": {"datetime": "2024-06-13 19:33:53", "elapsed": 3.890315, "delta": 0.00399}}
{"target": -974.8751337589655, "params": {"gamma": 7.3339275785938725, "lr": 0.1924178904137388}, "datetime": {"datetime": "2024-06-13 19:33:53", "elapsed": 3.894304, "delta": 0.003989}}
{"target": -391.68831056602596, "params": {"gamma": 4.814977529509854, "lr": 0.8035946264310272}, "datetime": {"datetime": "2024-06-13 19:33:53", "elapsed": 3.898293, "delta": 0.003989}}
{"target": -568.837031126098, "params": {"gamma": 3.9704851285120673, "lr": 0.16157403985608987}, "datetime": {"datetime": "2024-06-13 19:33:53", "elapsed": 3.902283, "delta": 0.00399}}
{"target": -536.5300709201936, "params": {"gamma": 6.490173244263826, "lr": 0.7533258058943924}, "datetime": {"datetime": "2024-06-13 19:33:53", "elapsed": 3.906272, "delta": 0.003989}}
{"target": -221.91538261934232, "params": {"gamma": 2.8026461610955637, "lr": 0.45136186123240163}, "datetime": {"datetime": "2024-06-13 19:33:53", "elapsed": 3.910261, "delta": 0.003989}}
{"target": -750.8741689741283, "params": {"gamma": 9.004588674948266, "lr": 0.8719856311909184}, "datetime": {"datetime": "2024-06-13 19:33:53", "elapsed": 3.914251, "delta": 0.00399}}
{"target": -557.8692299695239, "params": {"gamma": 7.0721689102320395, "lr": 0.5909005994904067}, "datetime": {"datetime": "2024-06-13 19:33:53", "elapsed": 3.91824, "delta": 0.003989}}
{"target": -681.953880421174, "params": {"gamma": 8.174005321700859, "lr": 0.907644646099839}, "datetime": {"datetime": "2024-06-13 19:33:53", "elapsed": 3.92223, "delta": 0.00399}}
{"target": -144.15882544059303, "params": {"gamma": 0.026073089119563617, "lr": 0.39722776623376177}, "datetime": {"datetime": "2024-06-13 19:33:53", "elapsed": 3.927216, "delta": 0.004986}}
{"target": -469.6970891177163, "params": {"gamma": 5.614535427501098, "lr": 0.7339231362848766}, "datetime": {"datetime": "2024-06-13 19:33:53", "elapsed": 3.931205, "delta": 0.003989}}
{"target": -115.89818405083929, "params": {"gamma": 0.8756401490882502, "lr": 0.3997549876808645}, "datetime": {"datetime": "2024-06-13 19:33:53", "elapsed": 3.935195, "delta": 0.00399}}
{"target": -227.91615970773685, "params": {"gamma": 2.796932173319039, "lr": 0.42351005310518297}, "datetime": {"datetime": "2024-06-13 19:33:53", "elapsed": 3.939184, "delta": 0.003989}}
{"target": -415.799323199465, "params": {"gamma": 4.980288348100211, "lr": 0.660015223526051}, "datetime": {"datetime": "2024-06-13 19:33:53", "elapsed": 3.943173, "delta": 0.003989}}
{"target": -417.96819351217806, "params": {"gamma": 4.962865153563822, "lr": 0.6204682006051905}, "datetime": {"datetime": "2024-06-13 19:33:53", "elapsed": 3.947163, "delta": 0.00399}}
{"target": -445.6114011774473, "params": {"gamma": 5.824816179030337, "lr": 0.42833239803885637}, "datetime": {"datetime": "2024-06-13 19:33:53", "elapsed": 3.951152, "delta": 0.003989}}
{"target": -140.7771981289729, "params": {"gamma": 0.050758670747942644, "lr": 0.19451641385960183}, "datetime": {"datetime": "2024-06-13 19:33:53", "elapsed": 3.955142, "delta": 0.00399}}
{"target": -462.441787131306, "params": {"gamma": 3.2027463362086017, "lr": 0.1469781258549313}, "datetime": {"datetime": "2024-06-13 19:33:53", "elapsed": 3.95913, "delta": 0.003988}}
{"target": -502.69079486007575, "params": {"gamma": 5.987040152182751, "lr": 0.6114994766596024}, "datetime": {"datetime": "2024-06-13 19:33:53", "elapsed": 3.96312, "delta": 0.00399}}
{"target": -458.1968157505871, "params": {"gamma": 5.001432502709699, "lr": 0.32084890160086454}, "datetime": {"datetime": "2024-06-13 19:33:53", "elapsed": 3.967109, "delta": 0.003989}}
{"target": -869.6064704327413, "params": {"gamma": 6.53292726219252, "lr": 0.19028348267904371}, "datetime": {"datetime": "2024-06-13 19:33:53", "elapsed": 3.971099, "delta": 0.00399}}
{"target": -133.43600922071022, "params": {"gamma": 0.05980393346483768, "lr": 0.7349420186839615}, "datetime": {"datetime": "2024-06-13 19:33:53", "elapsed": 3.975088, "delta": 0.003989}}
{"target": -363.3392346097642, "params": {"gamma": 4.435594915197448, "lr": 0.6978416560498484}, "datetime": {"datetime": "2024-06-13 19:33:53", "elapsed": 3.979077, "delta": 0.003989}}
{"target": -377.21719178909746, "params": {"gamma": 1.851248453020123, "lr": 0.06261980198391548}, "datetime": {"datetime": "2024-06-13 19:33:53", "elapsed": 3.983067, "delta": 0.00399}}
{"target": -311.25812548850297, "params": {"gamma": 3.78170775924343, "lr": 0.695996510445494}, "datetime": {"datetime": "2024-06-13 19:33:53", "elapsed": 3.987056, "delta": 0.003989}}
{"target": -170.74245403114128, "params": {"gamma": 1.0290808561757039, "lr": 0.19583423367499242}, "datetime": {"datetime": "2024-06-13 19:33:53", "elapsed": 3.991046, "delta": 0.00399}}
{"target": -383.0942768435233, "params": {"gamma": 4.540072551414793, "lr": 0.6211491896936461}, "datetime": {"datetime": "2024-06-13 19:33:53", "elapsed": 3.995035, "delta": 0.003989}}
{"target": -1465.0239572004637, "params": {"gamma": 7.501492356441782, "lr": 0.1097350212856566}, "datetime": {"datetime": "2024-06-13 19:33:53", "elapsed": 4.000021, "delta": 0.004986}}
{"target": -504.522495952764, "params": {"gamma": 6.246611447949256, "lr": 0.3873605221444808}, "datetime": {"datetime": "2024-06-13 19:33:53", "elapsed": 4.004011, "delta": 0.00399}}
{"target": -1099.301378017, "params": {"gamma": 6.701233597109323, "lr": 0.2035603776619016}, "datetime": {"datetime": "2024-06-13 19:33:53", "elapsed": 4.008, "delta": 0.003989}}
{"target": -705.0638377284325, "params": {"gamma": 5.2796600565097815, "lr": 0.1721625549559327}, "datetime": {"datetime": "2024-06-13 19:33:53", "elapsed": 4.011989, "delta": 0.003989}}
{"target": -118.79543637225126, "params": {"gamma": 0.18779137895775708, "lr": 0.4869502464239571}, "datetime": {"datetime": "2024-06-13 19:33:53", "elapsed": 4.015979, "delta": 0.00399}}
{"target": -166.40620718630453, "params": {"gamma": 1.8425935878323698, "lr": 0.6383433300033875}, "datetime": {"datetime": "2024-06-13 19:33:53", "elapsed": 4.019968, "delta": 0.003989}}
{"target": -444.57842801278446, "params": {"gamma": 5.366211618584989, "lr": 0.7749453799977457}, "datetime": {"datetime": "2024-06-13 19:33:53", "elapsed": 4.023958, "delta": 0.00399}}
{"target": -338.65807574328176, "params": {"gamma": 3.930206066439398, "lr": 0.9894521308362529}, "datetime": {"datetime": "2024-06-13 19:33:53", "elapsed": 4.027946, "delta": 0.003988}}
{"target": -391.7150627327662, "params": {"gamma": 5.152631746924576, "lr": 0.47882340118547173}, "datetime": {"datetime": "2024-06-13 19:33:53", "elapsed": 4.031936, "delta": 0.00399}}
{"target": -590.5931111012663, "params": {"gamma": 7.494675265050945, "lr": 0.5726882932924154}, "datetime": {"datetime": "2024-06-13 19:33:53", "elapsed": 4.035925, "delta": 0.003989}}
{"target": -280.35346406770725, "params": {"gamma": 3.625290707682954, "lr": 0.48924478546014216}, "datetime": {"datetime": "2024-06-13 19:33:53", "elapsed": 4.039915, "delta": 0.00399}}
{"target": -176.1290151160436, "params": {"gamma": 1.8921946110135588, "lr": 0.39358341429686194}, "datetime": {"datetime": "2024-06-13 19:33:53", "elapsed": 4.043905, "delta": 0.00399}}
{"target": -108.57581531393714, "params": {"gamma": 0.30058756348796134, "lr": 0.46252906034220287}, "datetime": {"datetime": "2024-06-13 19:33:53", "elapsed": 4.047893, "delta": 0.003988}}
{"target": -222.47214349810187, "params": {"gamma": 2.7454666539229047, "lr": 0.5267158603586157}, "datetime": {"datetime": "2024-06-13 19:33:53", "elapsed": 4.051883, "delta": 0.00399}}
{"target": -106.24036474390526, "params": {"gamma": 0.2936919419097222, "lr": 0.5550867665221745}, "datetime": {"datetime": "2024-06-13 19:33:53", "elapsed": 4.055872, "delta": 0.003989}}
{"target": -239.81917295191366, "params": {"gamma": 2.9306858383999437, "lr": 0.5774906810135474}, "datetime": {"datetime": "2024-06-13 19:33:53", "elapsed": 4.059862, "delta": 0.00399}}
{"target": -547.8217018146892, "params": {"gamma": 7.327965762760406, "lr": 0.44033782679643774}, "datetime": {"datetime": "2024-06-13 19:33:53", "elapsed": 4.063851, "delta": 0.003989}}
{"target": -1067.4169144083883, "params": {"gamma": 6.6319050719967745, "lr": 0.23890995487021205}, "datetime": {"datetime": "2024-06-13 19:33:53", "elapsed": 4.06784, "delta": 0.003989}}
{"target": -1603.9996687563682, "params": {"gamma": 9.985992286776213, "lr": 0.24287852161976753}, "datetime": {"datetime": "2024-06-13 19:33:53", "elapsed": 4.071829, "delta": 0.003989}}
{"target": -1540.4960261999606, "params": {"gamma": 9.408343315400867, "lr": 0.21721975039101793}, "datetime": {"datetime": "2024-06-13 19:33:53", "elapsed": 4.075818, "delta": 0.003989}}
{"target": -405.27584471583117, "params": {"gamma": 4.97614628166607, "lr": 0.8211769648927358}, "datetime": {"datetime": "2024-06-13 19:33:53", "elapsed": 4.080805, "delta": 0.004987}}
{"target": -582.5101897581405, "params": {"gamma": 7.166163879900548, "lr": 0.705580412120669}, "datetime": {"datetime": "2024-06-13 19:33:53", "elapsed": 4.084795, "delta": 0.00399}}
{"target": -366.1827220135719, "params": {"gamma": 4.4049651591972045, "lr": 0.7541750254551594}, "datetime": {"datetime": "2024-06-13 19:33:53", "elapsed": 4.088785, "delta": 0.00399}}
{"target": -682.508374520731, "params": {"gamma": 9.199615816571573, "lr": 0.4413517453158379}, "datetime": {"datetime": "2024-06-13 19:33:53", "elapsed": 4.092774, "delta": 0.003989}}
{"target": -1034.328441257628, "params": {"gamma": 5.2801268760628535, "lr": 0.06603558401663734}, "datetime": {"datetime": "2024-06-13 19:33:53", "elapsed": 4.096763, "delta": 0.003989}}
{"target": -300.80392613514897, "params": {"gamma": 3.9083399636332565, "lr": 0.4672385663332459}, "datetime": {"datetime": "2024-06-13 19:33:53", "elapsed": 4.100752, "delta": 0.003989}}
{"target": -1746.2986887954287, "params": {"gamma": 8.951481970324929, "lr": 0.11055744025544123}, "datetime": {"datetime": "2024-06-13 19:33:53", "elapsed": 4.104742, "delta": 0.00399}}
{"target": -565.523291847242, "params": {"gamma": 7.311644894386467, "lr": 0.5454711685487195}, "datetime": {"datetime": "2024-06-13 19:33:53", "elapsed": 4.108731, "delta": 0.003989}}
{"target": -1186.58676046731, "params": {"gamma": 6.0657477697349185, "lr": 0.029782944129560285}, "datetime": {"datetime": "2024-06-13 19:33:53", "elapsed": 4.11272, "delta": 0.003989}}
{"target": -178.62199676193956, "params": {"gamma": 1.4683270502280348, "lr": 0.28398322546618515}, "datetime": {"datetime": "2024-06-13 19:33:53", "elapsed": 4.116709, "delta": 0.003989}}
{"target": -136.2781322652751, "params": {"gamma": 0.04971560748810713, "lr": 0.6691577977971368}, "datetime": {"datetime": "2024-06-13 19:33:53", "elapsed": 4.120699, "delta": 0.00399}}
{"target": -671.1691795005122, "params": {"gamma": 8.70270923127706, "lr": 0.5469683092712408}, "datetime": {"datetime": "2024-06-13 19:33:53", "elapsed": 4.124688, "delta": 0.003989}}
{"target": -456.75265478844653, "params": {"gamma": 5.432097311144519, "lr": 0.6157259286130373}, "datetime": {"datetime": "2024-06-13 19:33:53", "elapsed": 4.128677, "delta": 0.003989}}
{"target": -257.74908748696106, "params": {"gamma": 3.022512822657626, "lr": 0.3667319816609417}, "datetime": {"datetime": "2024-06-13 19:33:53", "elapsed": 4.132667, "delta": 0.00399}}
{"target": -466.63152532960464, "params": {"gamma": 5.749822333050388, "lr": 0.8092165837173445}, "datetime": {"datetime": "2024-06-13 19:33:53", "elapsed": 4.136656, "delta": 0.003989}}
{"target": -207.88616710358576, "params": {"gamma": 2.016764747447303, "lr": 0.32752405584828914}, "datetime": {"datetime": "2024-06-13 19:33:53", "elapsed": 4.141643, "delta": 0.004987}}
{"target": -596.034085185148, "params": {"gamma": 7.429469582646582, "lr": 0.3409202491323421}, "datetime": {"datetime": "2024-06-13 19:33:53", "elapsed": 4.145632, "delta": 0.003989}}
{"target": -129.91261310576596, "params": {"gamma": 0.4770616761368438, "lr": 0.15635692867625162}, "datetime": {"datetime": "2024-06-13 19:33:53", "elapsed": 4.149621, "delta": 0.003989}}
{"target": -163.77681084241215, "params": {"gamma": 1.9394547317358086, "lr": 0.4951123625611782}, "datetime": {"datetime": "2024-06-13 19:33:53", "elapsed": 4.153611, "delta": 0.00399}}
{"target": -530.8082805537819, "params": {"gamma": 6.351614485952291, "lr": 0.880219977218583}, "datetime": {"datetime": "2024-06-13 19:33:53", "elapsed": 4.1576, "delta": 0.003989}}
{"target": -805.6954339841649, "params": {"gamma": 9.025463027666028, "lr": 0.307160768485095}, "datetime": {"datetime": "2024-06-13 19:33:53", "elapsed": 4.16159, "delta": 0.00399}}
{"target": -747.5597228338409, "params": {"gamma": 7.534047351182733, "lr": 0.2824280305589726}, "datetime": {"datetime": "2024-06-13 19:33:53", "elapsed": 4.165579, "delta": 0.003989}}
{"target": -345.69122128827746, "params": {"gamma": 3.686400120782994, "lr": 0.2927265620931302}, "datetime": {"datetime": "2024-06-13 19:33:53", "elapsed": 4.169568, "delta": 0.003989}}
{"target": -682.2344807653149, "params": {"gamma": 4.137493671254815, "lr": 0.21471569566838056}, "datetime": {"datetime": "2024-06-13 19:33:53", "elapsed": 4.173557, "delta": 0.003989}}
{"target": -613.1391760022874, "params": {"gamma": 3.1905410786954205, "lr": 0.12191981389008766}, "datetime": {"datetime": "2024-06-13 19:33:53", "elapsed": 4.177547, "delta": 0.00399}}
{"target": -741.6361857816032, "params": {"gamma": 9.63021937771575, "lr": 0.5039830093987828}, "datetime": {"datetime": "2024-06-13 19:33:53", "elapsed": 4.181536, "delta": 0.003989}}
{"target": -767.8262491867802, "params": {"gamma": 9.23108372520405, "lr": 0.7461601407734211}, "datetime": {"datetime": "2024-06-13 19:33:53", "elapsed": 4.185525, "delta": 0.003989}}
{"target": -380.2338640295732, "params": {"gamma": 4.577595171516512, "lr": 0.7546222253081317}, "datetime": {"datetime": "2024-06-13 19:33:53", "elapsed": 4.189515, "delta": 0.00399}}
{"target": -568.4592033656731, "params": {"gamma": 6.280602762990652, "lr": 0.30375843415186865}, "datetime": {"datetime": "2024-06-13 19:33:53", "elapsed": 4.194502, "delta": 0.004987}}
{"target": -425.90042164266737, "params": {"gamma": 5.217071474819306, "lr": 0.7123121956474292}, "datetime": {"datetime": "2024-06-13 19:33:53", "elapsed": 4.198519, "delta": 0.004017}}
{"target": -604.7039512086102, "params": {"gamma": 3.0538300009516193, "lr": 0.012522836886473265}, "datetime": {"datetime": "2024-06-13 19:33:53", "elapsed": 4.20248, "delta": 0.003961}}
{"target": -227.7244431393795, "params": {"gamma": 2.6833600285302275, "lr": 0.7967454755900841}, "datetime": {"datetime": "2024-06-13 19:33:53", "elapsed": 4.206469, "delta": 0.003989}}
{"target": -769.554878041152, "params": {"gamma": 9.300000896546049, "lr": 0.6253311549032551}, "datetime": {"datetime": "2024-06-13 19:33:53", "elapsed": 4.210459, "delta": 0.00399}}
{"target": -126.3565480105198, "params": {"gamma": 1.3289420383195298, "lr": 0.7575703592474212}, "datetime": {"datetime": "2024-06-13 19:33:53", "elapsed": 4.214448, "delta": 0.003989}}
{"target": -436.67923547264456, "params": {"gamma": 5.269526555127393, "lr": 0.753869071621213}, "datetime": {"datetime": "2024-06-13 19:33:53", "elapsed": 4.218438, "delta": 0.00399}}
{"target": -733.3330533258268, "params": {"gamma": 8.586258418997055, "lr": 0.9475415511018243}, "datetime": {"datetime": "2024-06-13 19:33:53", "elapsed": 4.222427, "delta": 0.003989}}
{"target": -529.8794393704154, "params": {"gamma": 6.545720808693693, "lr": 0.8542582098426466}, "datetime": {"datetime": "2024-06-13 19:33:53", "elapsed": 4.226416, "delta": 0.003989}}
{"target": -603.4237183787818, "params": {"gamma": 7.426137988907772, "lr": 0.7271011884036769}, "datetime": {"datetime": "2024-06-13 19:33:53", "elapsed": 4.230405, "delta": 0.003989}}
{"target": -733.4851945141203, "params": {"gamma": 8.58804877191338, "lr": 0.9230030407536653}, "datetime": {"datetime": "2024-06-13 19:33:53", "elapsed": 4.235392, "delta": 0.004987}}
{"target": -719.2782366515524, "params": {"gamma": 9.020857939246921, "lr": 0.39575026156518067}, "datetime": {"datetime": "2024-06-13 19:33:53", "elapsed": 4.239381, "delta": 0.003989}}
{"target": -96.83898549108633, "params": {"gamma": 0.8411287767074533, "lr": 0.8295737184581491}, "datetime": {"datetime": "2024-06-13 19:33:53", "elapsed": 4.243371, "delta": 0.00399}}
{"target": -419.8097347267812, "params": {"gamma": 5.389776601523036, "lr": 0.542076154739123}, "datetime": {"datetime": "2024-06-13 19:33:53", "elapsed": 4.24736, "delta": 0.003989}}
{"target": -1610.592461837421, "params": {"gamma": 8.25192813033363, "lr": 0.03198418437577388}, "datetime": {"datetime": "2024-06-13 19:33:53", "elapsed": 4.251349, "delta": 0.003989}}
{"target": -1712.9794099499832, "params": {"gamma": 8.779726226832842, "lr": 0.03463400133772032}, "datetime": {"datetime": "2024-06-13 19:33:53", "elapsed": 4.255339, "delta": 0.00399}}
{"target": -547.0342697286356, "params": {"gamma": 6.932252389225503, "lr": 0.5874844793504092}, "datetime": {"datetime": "2024-06-13 19:33:53", "elapsed": 4.259328, "delta": 0.003989}}
{"target": -517.7614138510818, "params": {"gamma": 6.417850059155134, "lr": 0.37408018773825613}, "datetime": {"datetime": "2024-06-13 19:33:53", "elapsed": 4.263317, "delta": 0.003989}}
{"target": -223.18655253548087, "params": {"gamma": 2.755344804474391, "lr": 0.5094085814387623}, "datetime": {"datetime": "2024-06-13 19:33:53", "elapsed": 4.268304, "delta": 0.004987}}
{"target": -682.9925592649837, "params": {"gamma": 8.858345348380066, "lr": 0.5652896703655683}, "datetime": {"datetime": "2024-06-13 19:33:53", "elapsed": 4.272293, "delta": 0.003989}}
{"target": -497.76192198034136, "params": {"gamma": 6.631825765751704, "lr": 0.44137923095350085}, "datetime": {"datetime": "2024-06-13 19:33:53", "elapsed": 4.276283, "delta": 0.00399}}
{"target": -808.2731401961238, "params": {"gamma": 9.7214187321274, "lr": 0.7425224523517098}, "datetime": {"datetime": "2024-06-13 19:33:53", "elapsed": 4.280272, "delta": 0.003989}}
{"target": -299.6824005302556, "params": {"gamma": 3.5496702059968834, "lr": 0.6535310326636594}, "datetime": {"datetime": "2024-06-13 19:33:53", "elapsed": 4.284261, "delta": 0.003989}}
{"target": -454.1971624471534, "params": {"gamma": 5.426621502305332, "lr": 0.884056212378686}, "datetime": {"datetime": "2024-06-13 19:33:53", "elapsed": 4.289248, "delta": 0.004987}}
{"target": -546.89409238942, "params": {"gamma": 2.7512654566030514, "lr": 0.10806748517233733}, "datetime": {"datetime": "2024-06-13 19:33:53", "elapsed": 4.293238, "delta": 0.00399}}
{"target": -177.59398456930427, "params": {"gamma": 1.9135292453599602, "lr": 0.38704623260508586}, "datetime": {"datetime": "2024-06-13 19:33:53", "elapsed": 4.298224, "delta": 0.004986}}
{"target": -844.1828996464666, "params": {"gamma": 8.54074388954821, "lr": 0.2708449138359166}, "datetime": {"datetime": "2024-06-13 19:33:53", "elapsed": 4.305206, "delta": 0.006982}}
{"target": -525.6329913034965, "params": {"gamma": 6.263961673283628, "lr": 0.6235518010455583}, "datetime": {"datetime": "2024-06-13 19:33:53", "elapsed": 4.313184, "delta": 0.007978}}
{"target": -802.3546406608015, "params": {"gamma": 4.08106330634394, "lr": 0.05033512965945175}, "datetime": {"datetime": "2024-06-13 19:33:53", "elapsed": 4.319168, "delta": 0.005984}}
{"target": -669.3613867273117, "params": {"gamma": 7.448593896451896, "lr": 0.29572553442388116}, "datetime": {"datetime": "2024-06-13 19:33:53", "elapsed": 4.323157, "delta": 0.003989}}
{"target": -330.49984375858264, "params": {"gamma": 3.9851835072938524, "lr": 0.37723956753050947}, "datetime": {"datetime": "2024-06-13 19:33:53", "elapsed": 4.327147, "delta": 0.00399}}
{"target": -1297.2305795678226, "params": {"gamma": 6.636362714079265, "lr": 0.08633328681516406}, "datetime": {"datetime": "2024-06-13 19:33:53", "elapsed": 4.334128, "delta": 0.006981}}
{"target": -1076.802590432509, "params": {"gamma": 5.49934931479934, "lr": 0.015421822343255842}, "datetime": {"datetime": "2024-06-13 19:33:53", "elapsed": 4.34111, "delta": 0.006982}}
{"target": -771.5706396277881, "params": {"gamma": 9.830406796410628, "lr": 0.5984272223880148}, "datetime": {"datetime": "2024-06-13 19:33:53", "elapsed": 4.348091, "delta": 0.006981}}
{"target": -550.9262948503725, "params": {"gamma": 3.8417581657342703, "lr": 0.1467479307274827}, "datetime": {"datetime": "2024-06-13 19:33:53", "elapsed": 4.355072, "delta": 0.006981}}
{"target": -582.001697996425, "params": {"gamma": 6.9690863860416155, "lr": 0.9058084167065523}, "datetime": {"datetime": "2024-06-13 19:33:53", "elapsed": 4.359061, "delta": 0.003989}}
{"target": -267.33333395148657, "params": {"gamma": 3.1817694146938234, "lr": 0.7664921446562297}, "datetime": {"datetime": "2024-06-13 19:33:53", "elapsed": 4.363489, "delta": 0.004428}}
{"target": -250.7977545714406, "params": {"gamma": 2.8756935223098354, "lr": 0.9572253423743934}, "datetime": {"datetime": "2024-06-13 19:33:53", "elapsed": 4.367478, "delta": 0.003989}}
{"target": -582.9555833652568, "params": {"gamma": 7.023455232193281, "lr": 0.6250155931933211}, "datetime": {"datetime": "2024-06-13 19:33:53", "elapsed": 4.371468, "delta": 0.00399}}
{"target": -917.77740964669, "params": {"gamma": 9.307416596768327, "lr": 0.26904238725191854}, "datetime": {"datetime": "2024-06-13 19:33:53", "elapsed": 4.375457, "delta": 0.003989}}
{"target": -749.0859365452924, "params": {"gamma": 9.236233847661266, "lr": 0.6780829341239825}, "datetime": {"datetime": "2024-06-13 19:33:53", "elapsed": 4.379446, "delta": 0.003989}}
{"target": -607.5714501618861, "params": {"gamma": 7.713853709507418, "lr": 0.5716353364349513}, "datetime": {"datetime": "2024-06-13 19:33:53", "elapsed": 4.383436, "delta": 0.00399}}
