{"target": -566.7051122357326, "params": {"gamma": 3.0745074227980154, "lr": 0.3049656416420632}, "datetime": {"datetime": "2024-06-13 20:37:14", "elapsed": 4.04156, "delta": 0.00399}}
{"target": -2055.43304090729, "params": {"gamma": 8.811802015970617, "lr": 0.1260784803971985}, "datetime": {"datetime": "2024-06-13 20:37:14", "elapsed": 4.045549, "delta": 0.003989}}
{"target": -1265.758264813505, "params": {"gamma": 6.334974881523022, "lr": 0.2777127324734242}, "datetime": {"datetime": "2024-06-13 20:37:14", "elapsed": 4.049539, "delta": 0.00399}}
{"target": -1412.5633075884125, "params": {"gamma": 8.272176051067923, "lr": 0.3645234475558883}, "datetime": {"datetime": "2024-06-13 20:37:14", "elapsed": 4.053528, "delta": 0.003989}}
{"target": -1737.0583749561606, "params": {"gamma": 7.3339275785938725, "lr": 0.1924178904137388}, "datetime": {"datetime": "2024-06-13 20:37:14", "elapsed": 4.058514, "delta": 0.004986}}
{"target": -922.6169159541018, "params": {"gamma": 4.814977529509854, "lr": 0.8035946264310272}, "datetime": {"datetime": "2024-06-13 20:37:14", "elapsed": 4.062504, "delta": 0.00399}}
{"target": -948.7162749214633, "params": {"gamma": 3.9704851285120673, "lr": 0.16157403985608987}, "datetime": {"datetime": "2024-06-13 20:37:14", "elapsed": 4.066493, "delta": 0.003989}}
{"target": -1244.0039475309648, "params": {"gamma": 6.490173244263826, "lr": 0.7533258058943924}, "datetime": {"datetime": "2024-06-13 20:37:14", "elapsed": 4.070483, "delta": 0.00399}}
{"target": -468.39248138714277, "params": {"gamma": 2.8026461610955637, "lr": 0.45136186123240163}, "datetime": {"datetime": "2024-06-13 20:37:14", "elapsed": 4.074472, "delta": 0.003989}}
{"target": -1747.4369686469634, "params": {"gamma": 9.004588674948266, "lr": 0.8719856311909184}, "datetime": {"datetime": "2024-06-13 20:37:14", "elapsed": 4.078462, "delta": 0.00399}}
{"target": -1215.7014246301135, "params": {"gamma": 7.0721689102320395, "lr": 0.5909005994904067}, "datetime": {"datetime": "2024-06-13 20:37:14", "elapsed": 4.083449, "delta": 0.004987}}
{"target": -1632.4918133043857, "params": {"gamma": 8.174005321700859, "lr": 0.907644646099839}, "datetime": {"datetime": "2024-06-13 20:37:14", "elapsed": 4.087437, "delta": 0.003988}}
{"target": -148.9646749835112, "params": {"gamma": 0.026073089119563617, "lr": 0.39722776623376177}, "datetime": {"datetime": "2024-06-13 20:37:14", "elapsed": 4.092044, "delta": 0.004607}}
{"target": -1046.0992809200068, "params": {"gamma": 5.614535427501098, "lr": 0.7339231362848766}, "datetime": {"datetime": "2024-06-13 20:37:15", "elapsed": 4.09603, "delta": 0.003986}}
{"target": -188.55155764632045, "params": {"gamma": 0.8756401490882502, "lr": 0.3997549876808645}, "datetime": {"datetime": "2024-06-13 20:37:15", "elapsed": 4.100019, "delta": 0.003989}}
{"target": -470.2828448872567, "params": {"gamma": 2.796932173319039, "lr": 0.42351005310518297}, "datetime": {"datetime": "2024-06-13 20:37:15", "elapsed": 4.104008, "delta": 0.003989}}
{"target": -877.4780999474079, "params": {"gamma": 4.980288348100211, "lr": 0.660015223526051}, "datetime": {"datetime": "2024-06-13 20:37:15", "elapsed": 4.108467, "delta": 0.004459}}
{"target": -875.1517388821841, "params": {"gamma": 4.962865153563822, "lr": 0.6204682006051905}, "datetime": {"datetime": "2024-06-13 20:37:15", "elapsed": 4.112457, "delta": 0.00399}}
{"target": -962.2980730688124, "params": {"gamma": 5.824816179030337, "lr": 0.42833239803885637}, "datetime": {"datetime": "2024-06-13 20:37:15", "elapsed": 4.116446, "delta": 0.003989}}
{"target": -145.89817334451826, "params": {"gamma": 0.050758670747942644, "lr": 0.19451641385960183}, "datetime": {"datetime": "2024-06-13 20:37:15", "elapsed": 4.121433, "delta": 0.004987}}
{"target": -768.2313609747762, "params": {"gamma": 3.2027463362086017, "lr": 0.1469781258549313}, "datetime": {"datetime": "2024-06-13 20:37:15", "elapsed": 4.125422, "delta": 0.003989}}
{"target": -1052.4133570597928, "params": {"gamma": 5.987040152182751, "lr": 0.6114994766596024}, "datetime": {"datetime": "2024-06-13 20:37:15", "elapsed": 4.129411, "delta": 0.003989}}
{"target": -910.1635616281486, "params": {"gamma": 5.001432502709699, "lr": 0.32084890160086454}, "datetime": {"datetime": "2024-06-13 20:37:15", "elapsed": 4.133401, "delta": 0.00399}}
{"target": -1548.038549642771, "params": {"gamma": 6.53292726219252, "lr": 0.19028348267904371}, "datetime": {"datetime": "2024-06-13 20:37:15", "elapsed": 4.13739, "delta": 0.003989}}
{"target": -146.3546681409696, "params": {"gamma": 0.05980393346483768, "lr": 0.7349420186839615}, "datetime": {"datetime": "2024-06-13 20:37:15", "elapsed": 4.14138, "delta": 0.00399}}
{"target": -821.7044783581283, "params": {"gamma": 4.435594915197448, "lr": 0.6978416560498484}, "datetime": {"datetime": "2024-06-13 20:37:15", "elapsed": 4.146366, "delta": 0.004986}}
{"target": -474.89283714299904, "params": {"gamma": 1.851248453020123, "lr": 0.06261980198391548}, "datetime": {"datetime": "2024-06-13 20:37:15", "elapsed": 4.150355, "delta": 0.003989}}
{"target": -703.5120332320728, "params": {"gamma": 3.78170775924343, "lr": 0.695996510445494}, "datetime": {"datetime": "2024-06-13 20:37:15", "elapsed": 4.154345, "delta": 0.00399}}
{"target": -264.1925940002271, "params": {"gamma": 1.0290808561757039, "lr": 0.19583423367499242}, "datetime": {"datetime": "2024-06-13 20:37:15", "elapsed": 4.158334, "delta": 0.003989}}
{"target": -802.0912381897098, "params": {"gamma": 4.540072551414793, "lr": 0.6211491896936461}, "datetime": {"datetime": "2024-06-13 20:37:15", "elapsed": 4.162323, "delta": 0.003989}}
{"target": -1859.1240638963063, "params": {"gamma": 7.501492356441782, "lr": 0.1097350212856566}, "datetime": {"datetime": "2024-06-13 20:37:15", "elapsed": 4.166312, "delta": 0.003989}}
{"target": -1054.7323831252106, "params": {"gamma": 6.246611447949256, "lr": 0.3873605221444808}, "datetime": {"datetime": "2024-06-13 20:37:15", "elapsed": 4.170302, "delta": 0.00399}}
{"target": -1591.1048795576228, "params": {"gamma": 6.701233597109323, "lr": 0.2035603776619016}, "datetime": {"datetime": "2024-06-13 20:37:15", "elapsed": 4.175289, "delta": 0.004987}}
{"target": -1278.7406539819033, "params": {"gamma": 5.2796600565097815, "lr": 0.1721625549559327}, "datetime": {"datetime": "2024-06-13 20:37:15", "elapsed": 4.179278, "delta": 0.003989}}
{"target": -140.2601858548487, "params": {"gamma": 0.18779137895775708, "lr": 0.4869502464239571}, "datetime": {"datetime": "2024-06-13 20:37:15", "elapsed": 4.183268, "delta": 0.00399}}
{"target": -342.3444416495196, "params": {"gamma": 1.8425935878323698, "lr": 0.6383433300033875}, "datetime": {"datetime": "2024-06-13 20:37:15", "elapsed": 4.187257, "delta": 0.003989}}
{"target": -1030.8696841055514, "params": {"gamma": 5.366211618584989, "lr": 0.7749453799977457}, "datetime": {"datetime": "2024-06-13 20:37:15", "elapsed": 4.191246, "delta": 0.003989}}
{"target": -794.02531798599, "params": {"gamma": 3.930206066439398, "lr": 0.9894521308362529}, "datetime": {"datetime": "2024-06-13 20:37:15", "elapsed": 4.195235, "delta": 0.003989}}
{"target": -847.3554542150488, "params": {"gamma": 5.152631746924576, "lr": 0.47882340118547173}, "datetime": {"datetime": "2024-06-13 20:37:15", "elapsed": 4.200222, "delta": 0.004987}}
{"target": -1287.4728024364, "params": {"gamma": 7.494675265050945, "lr": 0.5726882932924154}, "datetime": {"datetime": "2024-06-13 20:37:15", "elapsed": 4.204212, "delta": 0.00399}}
{"target": -600.2606862950527, "params": {"gamma": 3.625290707682954, "lr": 0.48924478546014216}, "datetime": {"datetime": "2024-06-13 20:37:15", "elapsed": 4.209198, "delta": 0.004986}}
{"target": -336.80595197426265, "params": {"gamma": 1.8921946110135588, "lr": 0.39358341429686194}, "datetime": {"datetime": "2024-06-13 20:37:15", "elapsed": 4.213187, "delta": 0.003989}}
{"target": -139.8698573305258, "params": {"gamma": 0.30058756348796134, "lr": 0.46252906034220287}, "datetime": {"datetime": "2024-06-13 20:37:15", "elapsed": 4.217177, "delta": 0.00399}}
{"target": -475.33793363107424, "params": {"gamma": 2.7454666539229047, "lr": 0.5267158603586157}, "datetime": {"datetime": "2024-06-13 20:37:15", "elapsed": 4.22169, "delta": 0.004513}}
{"target": -141.13724289831276, "params": {"gamma": 0.2936919419097222, "lr": 0.5550867665221745}, "datetime": {"datetime": "2024-06-13 20:37:15", "elapsed": 4.225671, "delta": 0.003981}}
{"target": -515.2686481368162, "params": {"gamma": 2.9306858383999437, "lr": 0.5774906810135474}, "datetime": {"datetime": "2024-06-13 20:37:15", "elapsed": 4.229661, "delta": 0.00399}}
{"target": -1207.8573466119792, "params": {"gamma": 7.327965762760406, "lr": 0.44033782679643774}, "datetime": {"datetime": "2024-06-13 20:37:15", "elapsed": 4.23365, "delta": 0.003989}}
{"target": -1564.7626203463676, "params": {"gamma": 6.6319050719967745, "lr": 0.23890995487021205}, "datetime": {"datetime": "2024-06-13 20:37:15", "elapsed": 4.237639, "delta": 0.003989}}
{"target": -2352.947434146279, "params": {"gamma": 9.985992286776213, "lr": 0.24287852161976753}, "datetime": {"datetime": "2024-06-13 20:37:15", "elapsed": 4.242626, "delta": 0.004987}}
{"target": -2231.313162640311, "params": {"gamma": 9.408343315400867, "lr": 0.21721975039101793}, "datetime": {"datetime": "2024-06-13 20:37:15", "elapsed": 4.246615, "delta": 0.003989}}
{"target": -952.9444445415262, "params": {"gamma": 4.97614628166607, "lr": 0.8211769648927358}, "datetime": {"datetime": "2024-06-13 20:37:15", "elapsed": 4.250605, "delta": 0.00399}}
{"target": -1316.7082227585497, "params": {"gamma": 7.166163879900548, "lr": 0.705580412120669}, "datetime": {"datetime": "2024-06-13 20:37:15", "elapsed": 4.254594, "delta": 0.003989}}
{"target": -848.9299450180938, "params": {"gamma": 4.4049651591972045, "lr": 0.7541750254551594}, "datetime": {"datetime": "2024-06-13 20:37:15", "elapsed": 4.258583, "delta": 0.003989}}
{"target": -1513.8459974263385, "params": {"gamma": 9.199615816571573, "lr": 0.4413517453158379}, "datetime": {"datetime": "2024-06-13 20:37:15", "elapsed": 4.26357, "delta": 0.004987}}
{"target": -1316.8161350079954, "params": {"gamma": 5.2801268760628535, "lr": 0.06603558401663734}, "datetime": {"datetime": "2024-06-13 20:37:15", "elapsed": 4.267875, "delta": 0.004305}}
{"target": -645.9122437499344, "params": {"gamma": 3.9083399636332565, "lr": 0.4672385663332459}, "datetime": {"datetime": "2024-06-13 20:37:15", "elapsed": 4.271373, "delta": 0.003498}}
{"target": -2217.2583875860846, "params": {"gamma": 8.951481970324929, "lr": 0.11055744025544123}, "datetime": {"datetime": "2024-06-13 20:37:15", "elapsed": 4.275363, "delta": 0.00399}}
{"target": -1229.0837298444383, "params": {"gamma": 7.311644894386467, "lr": 0.5454711685487195}, "datetime": {"datetime": "2024-06-13 20:37:15", "elapsed": 4.28035, "delta": 0.004987}}
{"target": -1510.7837583161788, "params": {"gamma": 6.0657477697349185, "lr": 0.029782944129560285}, "datetime": {"datetime": "2024-06-13 20:37:15", "elapsed": 4.284339, "delta": 0.003989}}
{"target": -312.74926601630716, "params": {"gamma": 1.4683270502280348, "lr": 0.28398322546618515}, "datetime": {"datetime": "2024-06-13 20:37:15", "elapsed": 4.288328, "delta": 0.003989}}
{"target": -147.06643625464704, "params": {"gamma": 0.04971560748810713, "lr": 0.6691577977971368}, "datetime": {"datetime": "2024-06-13 20:37:15", "elapsed": 4.292317, "delta": 0.003989}}
{"target": -1459.9435623469592, "params": {"gamma": 8.70270923127706, "lr": 0.5469683092712408}, "datetime": {"datetime": "2024-06-13 20:37:15", "elapsed": 4.296307, "delta": 0.00399}}
{"target": -956.3271652555958, "params": {"gamma": 5.432097311144519, "lr": 0.6157259286130373}, "datetime": {"datetime": "2024-06-13 20:37:15", "elapsed": 4.301294, "delta": 0.004987}}
{"target": -527.2563907962306, "params": {"gamma": 3.022512822657626, "lr": 0.3667319816609417}, "datetime": {"datetime": "2024-06-13 20:37:15", "elapsed": 4.305283, "delta": 0.003989}}
{"target": -1098.6875836502652, "params": {"gamma": 5.749822333050388, "lr": 0.8092165837173445}, "datetime": {"datetime": "2024-06-13 20:37:15", "elapsed": 4.309272, "delta": 0.003989}}
{"target": -380.8420720729361, "params": {"gamma": 2.016764747447303, "lr": 0.32752405584828914}, "datetime": {"datetime": "2024-06-13 20:37:15", "elapsed": 4.31426, "delta": 0.004988}}
{"target": -1285.0173856892877, "params": {"gamma": 7.429469582646582, "lr": 0.3409202491323421}, "datetime": {"datetime": "2024-06-13 20:37:15", "elapsed": 4.318248, "delta": 0.003988}}
{"target": -166.49889477376595, "params": {"gamma": 0.4770616761368438, "lr": 0.15635692867625162}, "datetime": {"datetime": "2024-06-13 20:37:15", "elapsed": 4.323235, "delta": 0.004987}}
{"target": -332.964291228439, "params": {"gamma": 1.9394547317358086, "lr": 0.4951123625611782}, "datetime": {"datetime": "2024-06-13 20:37:15", "elapsed": 4.327224, "delta": 0.003989}}
{"target": -1255.608900245444, "params": {"gamma": 6.351614485952291, "lr": 0.880219977218583}, "datetime": {"datetime": "2024-06-13 20:37:15", "elapsed": 4.331215, "delta": 0.003991}}
{"target": -1630.139168410957, "params": {"gamma": 9.025463027666028, "lr": 0.307160768485095}, "datetime": {"datetime": "2024-06-13 20:37:15", "elapsed": 4.3362, "delta": 0.004985}}
{"target": -1502.5438513180825, "params": {"gamma": 7.534047351182733, "lr": 0.2824280305589726}, "datetime": {"datetime": "2024-06-13 20:37:15", "elapsed": 4.340189, "delta": 0.003989}}
{"target": -697.5058157198154, "params": {"gamma": 3.686400120782994, "lr": 0.2927265620931302}, "datetime": {"datetime": "2024-06-13 20:37:15", "elapsed": 4.344209, "delta": 0.00402}}
{"target": -985.0914835360556, "params": {"gamma": 4.137493671254815, "lr": 0.21471569566838056}, "datetime": {"datetime": "2024-06-13 20:37:15", "elapsed": 4.348168, "delta": 0.003959}}
{"target": -786.0496987252608, "params": {"gamma": 3.1905410786954205, "lr": 0.12191981389008766}, "datetime": {"datetime": "2024-06-13 20:37:15", "elapsed": 4.352158, "delta": 0.00399}}
{"target": -1615.2703375773417, "params": {"gamma": 9.63021937771575, "lr": 0.5039830093987828}, "datetime": {"datetime": "2024-06-13 20:37:15", "elapsed": 4.357144, "delta": 0.004986}}
{"target": -1709.2349254791409, "params": {"gamma": 9.23108372520405, "lr": 0.7461601407734211}, "datetime": {"datetime": "2024-06-13 20:37:15", "elapsed": 4.361133, "delta": 0.003989}}
{"target": -881.568591676348, "params": {"gamma": 4.577595171516512, "lr": 0.7546222253081317}, "datetime": {"datetime": "2024-06-13 20:37:15", "elapsed": 4.365123, "delta": 0.00399}}
{"target": -1138.921781101411, "params": {"gamma": 6.280602762990652, "lr": 0.30375843415186865}, "datetime": {"datetime": "2024-06-13 20:37:15", "elapsed": 4.369112, "delta": 0.003989}}
{"target": -963.2309441684317, "params": {"gamma": 5.217071474819306, "lr": 0.7123121956474292}, "datetime": {"datetime": "2024-06-13 20:37:15", "elapsed": 4.373101, "delta": 0.003989}}
{"target": -768.1859129235306, "params": {"gamma": 3.0538300009516193, "lr": 0.012522836886473265}, "datetime": {"datetime": "2024-06-13 20:37:15", "elapsed": 4.378088, "delta": 0.004987}}
{"target": -525.4196213375463, "params": {"gamma": 2.6833600285302275, "lr": 0.7967454755900841}, "datetime": {"datetime": "2024-06-13 20:37:15", "elapsed": 4.382078, "delta": 0.00399}}
{"target": -1626.7997411043575, "params": {"gamma": 9.300000896546049, "lr": 0.6253311549032551}, "datetime": {"datetime": "2024-06-13 20:37:15", "elapsed": 4.386067, "delta": 0.003989}}
{"target": -280.73211161881517, "params": {"gamma": 1.3289420383195298, "lr": 0.7575703592474212}, "datetime": {"datetime": "2024-06-13 20:37:15", "elapsed": 4.390056, "delta": 0.003989}}
{"target": -1012.5512036944111, "params": {"gamma": 5.269526555127393, "lr": 0.753869071621213}, "datetime": {"datetime": "2024-06-13 20:37:15", "elapsed": 4.394045, "delta": 0.003989}}
{"target": -1714.0839728907195, "params": {"gamma": 8.586258418997055, "lr": 0.9475415511018243}, "datetime": {"datetime": "2024-06-13 20:37:15", "elapsed": 4.399033, "delta": 0.004988}}
{"target": -1264.552431011065, "params": {"gamma": 6.545720808693693, "lr": 0.8542582098426466}, "datetime": {"datetime": "2024-06-13 20:37:15", "elapsed": 4.403022, "delta": 0.003989}}
{"target": -1381.7771233327348, "params": {"gamma": 7.426137988907772, "lr": 0.7271011884036769}, "datetime": {"datetime": "2024-06-13 20:37:15", "elapsed": 4.407011, "delta": 0.003989}}
{"target": -1714.4383311330398, "params": {"gamma": 8.58804877191338, "lr": 0.9230030407536653}, "datetime": {"datetime": "2024-06-13 20:37:15", "elapsed": 4.411997, "delta": 0.004986}}
{"target": -1516.5443541983198, "params": {"gamma": 9.020857939246921, "lr": 0.39575026156518067}, "datetime": {"datetime": "2024-06-13 20:37:15", "elapsed": 4.415987, "delta": 0.00399}}
{"target": -204.01360339966473, "params": {"gamma": 0.8411287767074533, "lr": 0.8295737184581491}, "datetime": {"datetime": "2024-06-13 20:37:15", "elapsed": 4.420973, "delta": 0.004986}}
{"target": -911.628751131924, "params": {"gamma": 5.389776601523036, "lr": 0.542076154739123}, "datetime": {"datetime": "2024-06-13 20:37:15", "elapsed": 4.424963, "delta": 0.00399}}
{"target": -2050.7104606057674, "params": {"gamma": 8.25192813033363, "lr": 0.03198418437577388}, "datetime": {"datetime": "2024-06-13 20:37:15", "elapsed": 4.428952, "delta": 0.003989}}
{"target": -2181.0734885014713, "params": {"gamma": 8.779726226832842, "lr": 0.03463400133772032}, "datetime": {"datetime": "2024-06-13 20:37:15", "elapsed": 4.433939, "delta": 0.004987}}
{"target": -1191.9370091376086, "params": {"gamma": 6.932252389225503, "lr": 0.5874844793504092}, "datetime": {"datetime": "2024-06-13 20:37:15", "elapsed": 4.437928, "delta": 0.003989}}
{"target": -1099.233333470817, "params": {"gamma": 6.417850059155134, "lr": 0.37408018773825613}, "datetime": {"datetime": "2024-06-13 20:37:15", "elapsed": 4.441917, "delta": 0.003989}}
{"target": -476.9488099600868, "params": {"gamma": 2.755344804474391, "lr": 0.5094085814387623}, "datetime": {"datetime": "2024-06-13 20:37:15", "elapsed": 4.445907, "delta": 0.00399}}
{"target": -1485.7754072951684, "params": {"gamma": 8.858345348380066, "lr": 0.5652896703655683}, "datetime": {"datetime": "2024-06-13 20:37:15", "elapsed": 4.450893, "delta": 0.004986}}
{"target": -1094.0695452008194, "params": {"gamma": 6.631825765751704, "lr": 0.44137923095350085}, "datetime": {"datetime": "2024-06-13 20:37:15", "elapsed": 4.454711, "delta": 0.003818}}
{"target": -1799.1931570862116, "params": {"gamma": 9.7214187321274, "lr": 0.7425224523517098}, "datetime": {"datetime": "2024-06-13 20:37:15", "elapsed": 4.458701, "delta": 0.00399}}
{"target": -630.8068438250172, "params": {"gamma": 3.5496702059968834, "lr": 0.6535310326636594}, "datetime": {"datetime": "2024-06-13 20:37:15", "elapsed": 4.462692, "delta": 0.003991}}
{"target": -1074.919109700673, "params": {"gamma": 5.426621502305332, "lr": 0.884056212378686}, "datetime": {"datetime": "2024-06-13 20:37:15", "elapsed": 4.467679, "delta": 0.004987}}
{"target": -687.8903622222808, "params": {"gamma": 2.7512654566030514, "lr": 0.10806748517233733}, "datetime": {"datetime": "2024-06-13 20:37:15", "elapsed": 4.471674, "delta": 0.003995}}
{"target": -340.18177667664906, "params": {"gamma": 1.9135292453599602, "lr": 0.38704623260508586}, "datetime": {"datetime": "2024-06-13 20:37:15", "elapsed": 4.47566, "delta": 0.003986}}
{"target": -1701.3579017670866, "params": {"gamma": 8.54074388954821, "lr": 0.2708449138359166}, "datetime": {"datetime": "2024-06-13 20:37:15", "elapsed": 4.479649, "delta": 0.003989}}
{"target": -1100.3852551749872, "params": {"gamma": 6.263961673283628, "lr": 0.6235518010455583}, "datetime": {"datetime": "2024-06-13 20:37:15", "elapsed": 4.483642, "delta": 0.003993}}
{"target": -1020.9945488467033, "params": {"gamma": 4.08106330634394, "lr": 0.05033512965945175}, "datetime": {"datetime": "2024-06-13 20:37:15", "elapsed": 4.488628, "delta": 0.004986}}
{"target": -1392.6083122489997, "params": {"gamma": 7.448593896451896, "lr": 0.29572553442388116}, "datetime": {"datetime": "2024-06-13 20:37:15", "elapsed": 4.492356, "delta": 0.003728}}
{"target": -678.9323873739446, "params": {"gamma": 3.9851835072938524, "lr": 0.37723956753050947}, "datetime": {"datetime": "2024-06-13 20:37:15", "elapsed": 4.497343, "delta": 0.004987}}
{"target": -1651.0044772522965, "params": {"gamma": 6.636362714079265, "lr": 0.08633328681516406}, "datetime": {"datetime": "2024-06-13 20:37:15", "elapsed": 4.501049, "delta": 0.003706}}
{"target": -1370.9348361061964, "params": {"gamma": 5.49934931479934, "lr": 0.015421822343255842}, "datetime": {"datetime": "2024-06-13 20:37:15", "elapsed": 4.505036, "delta": 0.003987}}
{"target": -1684.399511384427, "params": {"gamma": 9.830406796410628, "lr": 0.5984272223880148}, "datetime": {"datetime": "2024-06-13 20:37:15", "elapsed": 4.510022, "delta": 0.004986}}
{"target": -918.4190629755117, "params": {"gamma": 3.8417581657342703, "lr": 0.1467479307274827}, "datetime": {"datetime": "2024-06-13 20:37:15", "elapsed": 4.514013, "delta": 0.003991}}
{"target": -1394.0752485370137, "params": {"gamma": 6.9690863860416155, "lr": 0.9058084167065523}, "datetime": {"datetime": "2024-06-13 20:37:15", "elapsed": 4.518001, "delta": 0.003988}}
{"target": -618.5147939869237, "params": {"gamma": 3.1817694146938234, "lr": 0.7664921446562297}, "datetime": {"datetime": "2024-06-13 20:37:15", "elapsed": 4.522988, "delta": 0.004987}}
{"target": -587.407888897639, "params": {"gamma": 2.8756935223098354, "lr": 0.9572253423743934}, "datetime": {"datetime": "2024-06-13 20:37:15", "elapsed": 4.526977, "delta": 0.003989}}
{"target": -1232.010270738403, "params": {"gamma": 7.023455232193281, "lr": 0.6250155931933211}, "datetime": {"datetime": "2024-06-13 20:37:15", "elapsed": 4.530968, "delta": 0.003991}}
