{"target": -529.9898534955041, "params": {"gamma": 3.0745074227980154, "lr": 0.3049656416420632}, "datetime": {"datetime": "2024-06-13 18:39:25", "elapsed": 4.06777, "delta": 0.004983}}
{"target": -2471.179099378091, "params": {"gamma": 8.811802015970617, "lr": 0.1260784803971985}, "datetime": {"datetime": "2024-06-13 18:39:25", "elapsed": 4.07176, "delta": 0.00399}}
{"target": -997.1269251940711, "params": {"gamma": 6.334974881523022, "lr": 0.2777127324734242}, "datetime": {"datetime": "2024-06-13 18:39:25", "elapsed": 4.075749, "delta": 0.003989}}
{"target": -1151.5307468824622, "params": {"gamma": 8.272176051067923, "lr": 0.3645234475558883}, "datetime": {"datetime": "2024-06-13 18:39:25", "elapsed": 4.079739, "delta": 0.00399}}
{"target": -1451.655045117023, "params": {"gamma": 7.3339275785938725, "lr": 0.1924178904137388}, "datetime": {"datetime": "2024-06-13 18:39:25", "elapsed": 4.083728, "delta": 0.003989}}
{"target": -1326.6790591778806, "params": {"gamma": 4.814977529509854, "lr": 0.8035946264310272}, "datetime": {"datetime": "2024-06-13 18:39:25", "elapsed": 4.087717, "delta": 0.003989}}
{"target": -987.35715317637, "params": {"gamma": 3.9704851285120673, "lr": 0.16157403985608987}, "datetime": {"datetime": "2024-06-13 18:39:25", "elapsed": 4.091706, "delta": 0.003989}}
{"target": -1600.03550638166, "params": {"gamma": 6.490173244263826, "lr": 0.7533258058943924}, "datetime": {"datetime": "2024-06-13 18:39:25", "elapsed": 4.096693, "delta": 0.004987}}
{"target": -446.4295994138777, "params": {"gamma": 2.8026461610955637, "lr": 0.45136186123240163}, "datetime": {"datetime": "2024-06-13 18:39:25", "elapsed": 4.100682, "delta": 0.003989}}
{"target": -2628.0387753271384, "params": {"gamma": 9.004588674948266, "lr": 0.8719856311909184}, "datetime": {"datetime": "2024-06-13 18:39:25", "elapsed": 4.104672, "delta": 0.00399}}
{"target": -1247.3202311978164, "params": {"gamma": 7.0721689102320395, "lr": 0.5909005994904067}, "datetime": {"datetime": "2024-06-13 18:39:25", "elapsed": 4.108661, "delta": 0.003989}}
{"target": -2466.179112455421, "params": {"gamma": 8.174005321700859, "lr": 0.907644646099839}, "datetime": {"datetime": "2024-06-13 18:39:25", "elapsed": 4.113648, "delta": 0.004987}}
{"target": -148.3676150122759, "params": {"gamma": 0.026073089119563617, "lr": 0.39722776623376177}, "datetime": {"datetime": "2024-06-13 18:39:25", "elapsed": 4.117637, "delta": 0.003989}}
{"target": -1325.7451970092934, "params": {"gamma": 5.614535427501098, "lr": 0.7339231362848766}, "datetime": {"datetime": "2024-06-13 18:39:25", "elapsed": 4.121626, "delta": 0.003989}}
{"target": -197.6320893694018, "params": {"gamma": 0.8756401490882502, "lr": 0.3997549876808645}, "datetime": {"datetime": "2024-06-13 18:39:25", "elapsed": 4.125616, "delta": 0.00399}}
{"target": -477.3557206913333, "params": {"gamma": 2.796932173319039, "lr": 0.42351005310518297}, "datetime": {"datetime": "2024-06-13 18:39:25", "elapsed": 4.130602, "delta": 0.004986}}
{"target": -985.3666393614653, "params": {"gamma": 4.980288348100211, "lr": 0.660015223526051}, "datetime": {"datetime": "2024-06-13 18:39:25", "elapsed": 4.134592, "delta": 0.00399}}
{"target": -929.2279988441619, "params": {"gamma": 4.962865153563822, "lr": 0.6204682006051905}, "datetime": {"datetime": "2024-06-13 18:39:25", "elapsed": 4.138581, "delta": 0.003989}}
{"target": -958.3579855952494, "params": {"gamma": 5.824816179030337, "lr": 0.42833239803885637}, "datetime": {"datetime": "2024-06-13 18:39:25", "elapsed": 4.14257, "delta": 0.003989}}
{"target": -148.9839767237998, "params": {"gamma": 0.050758670747942644, "lr": 0.19451641385960183}, "datetime": {"datetime": "2024-06-13 18:39:25", "elapsed": 4.147557, "delta": 0.004987}}
{"target": -804.7279435054265, "params": {"gamma": 3.2027463362086017, "lr": 0.1469781258549313}, "datetime": {"datetime": "2024-06-13 18:39:25", "elapsed": 4.151546, "delta": 0.003989}}
{"target": -1115.145659933454, "params": {"gamma": 5.987040152182751, "lr": 0.6114994766596024}, "datetime": {"datetime": "2024-06-13 18:39:25", "elapsed": 4.155536, "delta": 0.00399}}
{"target": -839.8047996010209, "params": {"gamma": 5.001432502709699, "lr": 0.32084890160086454}, "datetime": {"datetime": "2024-06-13 18:39:25", "elapsed": 4.159525, "delta": 0.003989}}
{"target": -1295.52336246672, "params": {"gamma": 6.53292726219252, "lr": 0.19028348267904371}, "datetime": {"datetime": "2024-06-13 18:39:25", "elapsed": 4.163515, "delta": 0.00399}}
{"target": -148.24006948456937, "params": {"gamma": 0.05980393346483768, "lr": 0.7349420186839615}, "datetime": {"datetime": "2024-06-13 18:39:25", "elapsed": 4.167504, "delta": 0.003989}}
{"target": -1032.544098722164, "params": {"gamma": 4.435594915197448, "lr": 0.6978416560498484}, "datetime": {"datetime": "2024-06-13 18:39:25", "elapsed": 4.172491, "delta": 0.004987}}
{"target": -905.8714100655977, "params": {"gamma": 1.851248453020123, "lr": 0.06261980198391548}, "datetime": {"datetime": "2024-06-13 18:39:25", "elapsed": 4.176077, "delta": 0.003586}}
{"target": -885.0001989362843, "params": {"gamma": 3.78170775924343, "lr": 0.695996510445494}, "datetime": {"datetime": "2024-06-13 18:39:25", "elapsed": 4.180067, "delta": 0.00399}}
{"target": -253.03204908351694, "params": {"gamma": 1.0290808561757039, "lr": 0.19583423367499242}, "datetime": {"datetime": "2024-06-13 18:39:25", "elapsed": 4.184567, "delta": 0.0045}}
{"target": -852.6066053784019, "params": {"gamma": 4.540072551414793, "lr": 0.6211491896936461}, "datetime": {"datetime": "2024-06-13 18:39:25", "elapsed": 4.188551, "delta": 0.003984}}
{"target": -2891.409884785843, "params": {"gamma": 7.501492356441782, "lr": 0.1097350212856566}, "datetime": {"datetime": "2024-06-13 18:39:25", "elapsed": 4.193538, "delta": 0.004987}}
{"target": -988.166082227432, "params": {"gamma": 6.246611447949256, "lr": 0.3873605221444808}, "datetime": {"datetime": "2024-06-13 18:39:25", "elapsed": 4.197527, "delta": 0.003989}}
{"target": -1195.1030676434, "params": {"gamma": 6.701233597109323, "lr": 0.2035603776619016}, "datetime": {"datetime": "2024-06-13 18:39:25", "elapsed": 4.201516, "delta": 0.003989}}
{"target": -1112.1396098831779, "params": {"gamma": 5.2796600565097815, "lr": 0.1721625549559327}, "datetime": {"datetime": "2024-06-13 18:39:25", "elapsed": 4.206503, "delta": 0.004987}}
{"target": -146.77902130309297, "params": {"gamma": 0.18779137895775708, "lr": 0.4869502464239571}, "datetime": {"datetime": "2024-06-13 18:39:25", "elapsed": 4.210492, "delta": 0.003989}}
{"target": -390.9650529178304, "params": {"gamma": 1.8425935878323698, "lr": 0.6383433300033875}, "datetime": {"datetime": "2024-06-13 18:39:25", "elapsed": 4.214482, "delta": 0.00399}}
{"target": -1326.6548558305453, "params": {"gamma": 5.366211618584989, "lr": 0.7749453799977457}, "datetime": {"datetime": "2024-06-13 18:39:25", "elapsed": 4.218471, "delta": 0.003989}}
{"target": -1245.5721011825665, "params": {"gamma": 3.930206066439398, "lr": 0.9894521308362529}, "datetime": {"datetime": "2024-06-13 18:39:25", "elapsed": 4.22246, "delta": 0.003989}}
{"target": -806.6541781872828, "params": {"gamma": 5.152631746924576, "lr": 0.47882340118547173}, "datetime": {"datetime": "2024-06-13 18:39:25", "elapsed": 4.227447, "delta": 0.004987}}
{"target": -1304.6765422790645, "params": {"gamma": 7.494675265050945, "lr": 0.5726882932924154}, "datetime": {"datetime": "2024-06-13 18:39:25", "elapsed": 4.231436, "delta": 0.003989}}
{"target": -577.3060232706991, "params": {"gamma": 3.625290707682954, "lr": 0.48924478546014216}, "datetime": {"datetime": "2024-06-13 18:39:25", "elapsed": 4.235426, "delta": 0.00399}}
{"target": -329.876309094881, "params": {"gamma": 1.8921946110135588, "lr": 0.39358341429686194}, "datetime": {"datetime": "2024-06-13 18:39:25", "elapsed": 4.240412, "delta": 0.004986}}
{"target": -149.5875364305066, "params": {"gamma": 0.30058756348796134, "lr": 0.46252906034220287}, "datetime": {"datetime": "2024-06-13 18:39:25", "elapsed": 4.244401, "delta": 0.003989}}
{"target": -507.86932627499954, "params": {"gamma": 2.7454666539229047, "lr": 0.5267158603586157}, "datetime": {"datetime": "2024-06-13 18:39:25", "elapsed": 4.248391, "delta": 0.00399}}
{"target": -152.43478366689237, "params": {"gamma": 0.2936919419097222, "lr": 0.5550867665221745}, "datetime": {"datetime": "2024-06-13 18:39:25", "elapsed": 4.25238, "delta": 0.003989}}
{"target": -528.3704358179175, "params": {"gamma": 2.9306858383999437, "lr": 0.5774906810135474}, "datetime": {"datetime": "2024-06-13 18:39:25", "elapsed": 4.257367, "delta": 0.004987}}
{"target": -1218.9539071365182, "params": {"gamma": 7.327965762760406, "lr": 0.44033782679643774}, "datetime": {"datetime": "2024-06-13 18:39:25", "elapsed": 4.261356, "delta": 0.003989}}
{"target": -877.258620431496, "params": {"gamma": 6.6319050719967745, "lr": 0.23890995487021205}, "datetime": {"datetime": "2024-06-13 18:39:25", "elapsed": 4.265345, "delta": 0.003989}}
{"target": -1301.3746313763065, "params": {"gamma": 9.985992286776213, "lr": 0.24287852161976753}, "datetime": {"datetime": "2024-06-13 18:39:25", "elapsed": 4.269335, "delta": 0.00399}}
{"target": -1667.4084316050846, "params": {"gamma": 9.408343315400867, "lr": 0.21721975039101793}, "datetime": {"datetime": "2024-06-13 18:39:25", "elapsed": 4.274322, "delta": 0.004987}}
{"target": -1378.258843430584, "params": {"gamma": 4.97614628166607, "lr": 0.8211769648927358}, "datetime": {"datetime": "2024-06-13 18:39:25", "elapsed": 4.278311, "delta": 0.003989}}
{"target": -1650.3079656010202, "params": {"gamma": 7.166163879900548, "lr": 0.705580412120669}, "datetime": {"datetime": "2024-06-13 18:39:25", "elapsed": 4.2823, "delta": 0.003989}}
{"target": -1093.1797214188794, "params": {"gamma": 4.4049651591972045, "lr": 0.7541750254551594}, "datetime": {"datetime": "2024-06-13 18:39:25", "elapsed": 4.286452, "delta": 0.004152}}
{"target": -1523.8826132376666, "params": {"gamma": 9.199615816571573, "lr": 0.4413517453158379}, "datetime": {"datetime": "2024-06-13 18:39:25", "elapsed": 4.291438, "delta": 0.004986}}
{"target": -2516.877374430894, "params": {"gamma": 5.2801268760628535, "lr": 0.06603558401663734}, "datetime": {"datetime": "2024-06-13 18:39:25", "elapsed": 4.295518, "delta": 0.00408}}
{"target": -619.5991651422731, "params": {"gamma": 3.9083399636332565, "lr": 0.4672385663332459}, "datetime": {"datetime": "2024-06-13 18:39:25", "elapsed": 4.329898, "delta": 0.03438}}
{"target": -3447.456810285545, "params": {"gamma": 8.951481970324929, "lr": 0.11055744025544123}, "datetime": {"datetime": "2024-06-13 18:39:25", "elapsed": 4.334892, "delta": 0.004994}}
{"target": -1321.695384412396, "params": {"gamma": 7.311644894386467, "lr": 0.5454711685487195}, "datetime": {"datetime": "2024-06-13 18:39:25", "elapsed": 4.338877, "delta": 0.003985}}
{"target": -2886.832853737014, "params": {"gamma": 6.0657477697349185, "lr": 0.029782944129560285}, "datetime": {"datetime": "2024-06-13 18:39:25", "elapsed": 4.343863, "delta": 0.004986}}
{"target": -275.40558008766277, "params": {"gamma": 1.4683270502280348, "lr": 0.28398322546618515}, "datetime": {"datetime": "2024-06-13 18:39:25", "elapsed": 4.347859, "delta": 0.003996}}
{"target": -148.14427433427483, "params": {"gamma": 0.04971560748810713, "lr": 0.6691577977971368}, "datetime": {"datetime": "2024-06-13 18:39:25", "elapsed": 4.351848, "delta": 0.003989}}
{"target": -1568.446418883914, "params": {"gamma": 8.70270923127706, "lr": 0.5469683092712408}, "datetime": {"datetime": "2024-06-13 18:39:25", "elapsed": 4.356838, "delta": 0.00499}}
{"target": -1014.3650844338051, "params": {"gamma": 5.432097311144519, "lr": 0.6157259286130373}, "datetime": {"datetime": "2024-06-13 18:39:25", "elapsed": 4.360827, "delta": 0.003989}}
{"target": -442.6347795326385, "params": {"gamma": 3.022512822657626, "lr": 0.3667319816609417}, "datetime": {"datetime": "2024-06-13 18:39:25", "elapsed": 4.364737, "delta": 0.00391}}
{"target": -1580.1286206844925, "params": {"gamma": 5.749822333050388, "lr": 0.8092165837173445}, "datetime": {"datetime": "2024-06-13 18:39:25", "elapsed": 4.369104, "delta": 0.004367}}
{"target": -365.20562218783687, "params": {"gamma": 2.016764747447303, "lr": 0.32752405584828914}, "datetime": {"datetime": "2024-06-13 18:39:25", "elapsed": 4.373093, "delta": 0.003989}}
{"target": -1065.9805185208352, "params": {"gamma": 7.429469582646582, "lr": 0.3409202491323421}, "datetime": {"datetime": "2024-06-13 18:39:25", "elapsed": 4.377085, "delta": 0.003992}}
{"target": -197.34191958110554, "params": {"gamma": 0.4770616761368438, "lr": 0.15635692867625162}, "datetime": {"datetime": "2024-06-13 18:39:25", "elapsed": 4.382071, "delta": 0.004986}}
{"target": -331.3127675836896, "params": {"gamma": 1.9394547317358086, "lr": 0.4951123625611782}, "datetime": {"datetime": "2024-06-13 18:39:25", "elapsed": 4.386063, "delta": 0.003992}}
{"target": -1860.3176694244414, "params": {"gamma": 6.351614485952291, "lr": 0.880219977218583}, "datetime": {"datetime": "2024-06-13 18:39:25", "elapsed": 4.390052, "delta": 0.003989}}
{"target": -1493.0188552962309, "params": {"gamma": 9.025463027666028, "lr": 0.307160768485095}, "datetime": {"datetime": "2024-06-13 18:39:25", "elapsed": 4.394632, "delta": 0.00458}}
{"target": -1179.2449406689811, "params": {"gamma": 7.534047351182733, "lr": 0.2824280305589726}, "datetime": {"datetime": "2024-06-13 18:39:25", "elapsed": 4.398612, "delta": 0.00398}}
{"target": -622.1057459151915, "params": {"gamma": 3.686400120782994, "lr": 0.2927265620931302}, "datetime": {"datetime": "2024-06-13 18:39:25", "elapsed": 4.403598, "delta": 0.004986}}
{"target": -748.8382563160122, "params": {"gamma": 4.137493671254815, "lr": 0.21471569566838056}, "datetime": {"datetime": "2024-06-13 18:39:25", "elapsed": 4.407587, "delta": 0.003989}}
{"target": -1061.2559725884812, "params": {"gamma": 3.1905410786954205, "lr": 0.12191981389008766}, "datetime": {"datetime": "2024-06-13 18:39:25", "elapsed": 4.411576, "delta": 0.003989}}
{"target": -1703.439301588395, "params": {"gamma": 9.63021937771575, "lr": 0.5039830093987828}, "datetime": {"datetime": "2024-06-13 18:39:25", "elapsed": 4.416563, "delta": 0.004987}}
{"target": -2162.676089225751, "params": {"gamma": 9.23108372520405, "lr": 0.7461601407734211}, "datetime": {"datetime": "2024-06-13 18:39:25", "elapsed": 4.42155, "delta": 0.004987}}
{"target": -1135.0723272895154, "params": {"gamma": 4.577595171516512, "lr": 0.7546222253081317}, "datetime": {"datetime": "2024-06-13 18:39:25", "elapsed": 4.425539, "delta": 0.003989}}
{"target": -1047.2020079527522, "params": {"gamma": 6.280602762990652, "lr": 0.30375843415186865}, "datetime": {"datetime": "2024-06-13 18:39:25", "elapsed": 4.429529, "delta": 0.00399}}
{"target": -1209.1922272775078, "params": {"gamma": 5.217071474819306, "lr": 0.7123121956474292}, "datetime": {"datetime": "2024-06-13 18:39:25", "elapsed": 4.434515, "delta": 0.004986}}
{"target": -1469.3805529658077, "params": {"gamma": 3.0538300009516193, "lr": 0.012522836886473265}, "datetime": {"datetime": "2024-06-13 18:39:25", "elapsed": 4.438505, "delta": 0.00399}}
{"target": -699.726639402423, "params": {"gamma": 2.6833600285302275, "lr": 0.7967454755900841}, "datetime": {"datetime": "2024-06-13 18:39:25", "elapsed": 4.442494, "delta": 0.003989}}
{"target": -1807.3698279396574, "params": {"gamma": 9.300000896546049, "lr": 0.6253311549032551}, "datetime": {"datetime": "2024-06-13 18:39:25", "elapsed": 4.447391, "delta": 0.004897}}
{"target": -360.2795110469294, "params": {"gamma": 1.3289420383195298, "lr": 0.7575703592474212}, "datetime": {"datetime": "2024-06-13 18:39:25", "elapsed": 4.451379, "delta": 0.003988}}
{"target": -1303.152635030451, "params": {"gamma": 5.269526555127393, "lr": 0.753869071621213}, "datetime": {"datetime": "2024-06-13 18:39:25", "elapsed": 4.455375, "delta": 0.003996}}
{"target": -2701.4258231660465, "params": {"gamma": 8.586258418997055, "lr": 0.9475415511018243}, "datetime": {"datetime": "2024-06-13 18:39:25", "elapsed": 4.45936, "delta": 0.003985}}
{"target": -1832.8336060624524, "params": {"gamma": 6.545720808693693, "lr": 0.8542582098426466}, "datetime": {"datetime": "2024-06-13 18:39:26", "elapsed": 4.464347, "delta": 0.004987}}
{"target": -1717.2896393685564, "params": {"gamma": 7.426137988907772, "lr": 0.7271011884036769}, "datetime": {"datetime": "2024-06-13 18:39:26", "elapsed": 4.468339, "delta": 0.003992}}
{"target": -2701.9861380014686, "params": {"gamma": 8.58804877191338, "lr": 0.9230030407536653}, "datetime": {"datetime": "2024-06-13 18:39:26", "elapsed": 4.472329, "delta": 0.00399}}
{"target": -1414.9747993821597, "params": {"gamma": 9.020857939246921, "lr": 0.39575026156518067}, "datetime": {"datetime": "2024-06-13 18:39:26", "elapsed": 4.477039, "delta": 0.00471}}
{"target": -277.36524869895425, "params": {"gamma": 0.8411287767074533, "lr": 0.8295737184581491}, "datetime": {"datetime": "2024-06-13 18:39:26", "elapsed": 4.481028, "delta": 0.003989}}
{"target": -964.3429937564766, "params": {"gamma": 5.389776601523036, "lr": 0.542076154739123}, "datetime": {"datetime": "2024-06-13 18:39:26", "elapsed": 4.485017, "delta": 0.003989}}
{"target": -3916.4702575176784, "params": {"gamma": 8.25192813033363, "lr": 0.03198418437577388}, "datetime": {"datetime": "2024-06-13 18:39:26", "elapsed": 4.489007, "delta": 0.00399}}
{"target": -4165.060380832797, "params": {"gamma": 8.779726226832842, "lr": 0.03463400133772032}, "datetime": {"datetime": "2024-06-13 18:39:26", "elapsed": 4.493994, "delta": 0.004987}}
{"target": -1223.1368311386507, "params": {"gamma": 6.932252389225503, "lr": 0.5874844793504092}, "datetime": {"datetime": "2024-06-13 18:39:26", "elapsed": 4.497984, "delta": 0.00399}}
{"target": -899.6695837599143, "params": {"gamma": 6.417850059155134, "lr": 0.37408018773825613}, "datetime": {"datetime": "2024-06-13 18:39:26", "elapsed": 4.501972, "delta": 0.003988}}
{"target": -509.5470445370466, "params": {"gamma": 2.755344804474391, "lr": 0.5094085814387623}, "datetime": {"datetime": "2024-06-13 18:39:26", "elapsed": 4.506959, "delta": 0.004987}}
{"target": -1605.6117343410958, "params": {"gamma": 8.858345348380066, "lr": 0.5652896703655683}, "datetime": {"datetime": "2024-06-13 18:39:26", "elapsed": 4.510949, "delta": 0.00399}}
{"target": -1105.5990114553676, "params": {"gamma": 6.631825765751704, "lr": 0.44137923095350085}, "datetime": {"datetime": "2024-06-13 18:39:26", "elapsed": 4.515935, "delta": 0.004986}}
{"target": -2276.180609321876, "params": {"gamma": 9.7214187321274, "lr": 0.7425224523517098}, "datetime": {"datetime": "2024-06-13 18:39:26", "elapsed": 4.520922, "delta": 0.004987}}
{"target": -711.6310049285975, "params": {"gamma": 3.5496702059968834, "lr": 0.6535310326636594}, "datetime": {"datetime": "2024-06-13 18:39:26", "elapsed": 4.524911, "delta": 0.003989}}
{"target": -1592.334823619743, "params": {"gamma": 5.426621502305332, "lr": 0.884056212378686}, "datetime": {"datetime": "2024-06-13 18:39:26", "elapsed": 4.528901, "delta": 0.00399}}
{"target": -1073.273768987171, "params": {"gamma": 2.7512654566030514, "lr": 0.10806748517233733}, "datetime": {"datetime": "2024-06-13 18:39:26", "elapsed": 4.533887, "delta": 0.004986}}
{"target": -332.9097385978572, "params": {"gamma": 1.9135292453599602, "lr": 0.38704623260508586}, "datetime": {"datetime": "2024-06-13 18:39:26", "elapsed": 4.537876, "delta": 0.003989}}
{"target": -1332.212417579961, "params": {"gamma": 8.54074388954821, "lr": 0.2708449138359166}, "datetime": {"datetime": "2024-06-13 18:39:26", "elapsed": 4.541866, "delta": 0.00399}}
{"target": -1165.462764132762, "params": {"gamma": 6.263961673283628, "lr": 0.6235518010455583}, "datetime": {"datetime": "2024-06-13 18:39:26", "elapsed": 4.545855, "delta": 0.003989}}
{"target": -1952.4242921040327, "params": {"gamma": 4.08106330634394, "lr": 0.05033512965945175}, "datetime": {"datetime": "2024-06-13 18:39:26", "elapsed": 4.550842, "delta": 0.004987}}
{"target": -1225.676206874013, "params": {"gamma": 7.448593896451896, "lr": 0.29572553442388116}, "datetime": {"datetime": "2024-06-13 18:39:26", "elapsed": 4.554831, "delta": 0.003989}}
{"target": -641.7199330218375, "params": {"gamma": 3.9851835072938524, "lr": 0.37723956753050947}, "datetime": {"datetime": "2024-06-13 18:39:26", "elapsed": 4.55882, "delta": 0.003989}}
{"target": -3202.0076426016426, "params": {"gamma": 6.636362714079265, "lr": 0.08633328681516406}, "datetime": {"datetime": "2024-06-13 18:39:26", "elapsed": 4.563807, "delta": 0.004987}}
{"target": -2620.1051166077887, "params": {"gamma": 5.49934931479934, "lr": 0.015421822343255842}, "datetime": {"datetime": "2024-06-13 18:39:26", "elapsed": 4.567796, "delta": 0.003989}}
{"target": -1724.2882622355794, "params": {"gamma": 9.830406796410628, "lr": 0.5984272223880148}, "datetime": {"datetime": "2024-06-13 18:39:26", "elapsed": 4.571786, "delta": 0.00399}}
{"target": -956.674879852219, "params": {"gamma": 3.8417581657342703, "lr": 0.1467479307274827}, "datetime": {"datetime": "2024-06-13 18:39:26", "elapsed": 4.575775, "delta": 0.003989}}
{"target": -2104.81908790846, "params": {"gamma": 6.9690863860416155, "lr": 0.9058084167065523}, "datetime": {"datetime": "2024-06-13 18:39:26", "elapsed": 4.580762, "delta": 0.004987}}
{"target": -797.2797088437671, "params": {"gamma": 3.1817694146938234, "lr": 0.7664921446562297}, "datetime": {"datetime": "2024-06-13 18:39:26", "elapsed": 4.584751, "delta": 0.003989}}
{"target": -917.7799287827497, "params": {"gamma": 2.8756935223098354, "lr": 0.9572253423743934}, "datetime": {"datetime": "2024-06-13 18:39:26", "elapsed": 4.589039, "delta": 0.004288}}
{"target": -1371.6049327549044, "params": {"gamma": 7.023455232193281, "lr": 0.6250155931933211}, "datetime": {"datetime": "2024-06-13 18:39:26", "elapsed": 4.593028, "delta": 0.003989}}
