{"target": -105.01264030678422, "params": {"p_ai": 4.634748122750124, "p_al": 5.099229852311732, "p_ex": 5.116287316757662, "prior": 9.971390854869842, "rate": 1.296828576884128}, "datetime": {"datetime": "2024-06-12 21:59:14", "elapsed": 65.037036, "delta": 0.113695}}
{"target": -107.75541971548962, "params": {"p_ai": 7.561942713988967, "p_al": 7.937773715501701, "p_ex": 5.849241105106437, "prior": 4.627919064512984, "rate": 8.934372946865443}, "datetime": {"datetime": "2024-06-12 21:59:14", "elapsed": 65.15173, "delta": 0.114694}}
{"target": -145.65067940983587, "params": {"p_ai": 8.281974010512174, "p_al": 0.5038590693510084, "p_ex": 9.629874547125452, "prior": 0.07439157764468438, "rate": 5.731748914634736}, "datetime": {"datetime": "2024-06-12 21:59:14", "elapsed": 65.266424, "delta": 0.114694}}
{"target": -122.82541169208181, "params": {"p_ai": 5.7247357384538, "p_al": 8.343962268240377, "p_ex": 3.8477759631858306, "prior": 0.911317649590776, "rate": 5.81729100641988}, "datetime": {"datetime": "2024-06-12 21:59:14", "elapsed": 65.379973, "delta": 0.113549}}
{"target": -166.89036849301695, "params": {"p_ai": 0.24943375777694893, "p_al": 3.618595813310707, "p_ex": 9.853182704051143, "prior": 8.687919916680645, "rate": 1.525814920870293}, "datetime": {"datetime": "2024-06-12 21:59:15", "elapsed": 65.495664, "delta": 0.115691}}
{"target": -113.22218345929404, "params": {"p_ai": 7.988462064471767, "p_al": 8.110158197295846, "p_ex": 9.282143984052633, "prior": 2.2446182761738016, "rate": 4.990175777525101}, "datetime": {"datetime": "2024-06-12 21:59:15", "elapsed": 65.61036, "delta": 0.114696}}
{"target": -121.33510787557249, "params": {"p_ai": 8.274613470019348, "p_al": 6.673670516196978, "p_ex": 5.939767497694312, "prior": 6.520106231886649, "rate": 2.385921611977331}, "datetime": {"datetime": "2024-06-12 21:59:15", "elapsed": 65.724055, "delta": 0.113695}}
{"target": -112.89083351295592, "params": {"p_ai": 0.2563753086730316, "p_al": 7.362836317207894, "p_ex": 3.268591461483445, "prior": 3.7681921123145443, "rate": 6.126547925441392}, "datetime": {"datetime": "2024-06-12 21:59:15", "elapsed": 65.838749, "delta": 0.114694}}
{"target": -93.5434569571866, "params": {"p_ai": 6.571993258592808, "p_al": 2.0297861073278014, "p_ex": 8.260489346916343, "prior": 3.802685845849549, "rate": 6.317812340605414}, "datetime": {"datetime": "2024-06-12 21:59:15", "elapsed": 65.953744, "delta": 0.114995}}
{"target": -137.19611471205147, "params": {"p_ai": 9.664147745107453, "p_al": 5.648297566431096, "p_ex": 3.58975250674678, "prior": 6.1900821172926825, "rate": 5.018429387513632}, "datetime": {"datetime": "2024-06-12 21:59:15", "elapsed": 66.068435, "delta": 0.114691}}
{"target": -101.45209201752974, "params": {"p_ai": 4.524310101530738, "p_al": 7.32297507682793, "p_ex": 9.245176989691043, "prior": 4.793234881420612, "rate": 0.8832132798499579}, "datetime": {"datetime": "2024-06-12 21:59:15", "elapsed": 66.183129, "delta": 0.114694}}
{"target": -134.2659498219818, "params": {"p_ai": 5.696965913284056, "p_al": 2.450263600293229, "p_ex": 0.3967395368422162, "prior": 7.881613926230188, "rate": 2.728409598411216}, "datetime": {"datetime": "2024-06-12 21:59:15", "elapsed": 66.297398, "delta": 0.114269}}
{"target": -158.64099415113884, "params": {"p_ai": 7.7709278589308965, "p_al": 4.882601221938961, "p_ex": 3.1800409748600784, "prior": 3.1409404750589167, "rate": 0.42120557610105835}, "datetime": {"datetime": "2024-06-12 21:59:15", "elapsed": 66.412361, "delta": 0.114963}}
{"target": -164.0890028184469, "params": {"p_ai": 5.344463969208603, "p_al": 8.235692008411606, "p_ex": 0.8398696296412803, "prior": 1.0864784973815673, "rate": 5.293030012750302}, "datetime": {"datetime": "2024-06-12 21:59:16", "elapsed": 66.526057, "delta": 0.113696}}
{"target": -161.33927780014892, "params": {"p_ai": 6.601757954426345, "p_al": 6.947765177374281, "p_ex": 3.1329037297737132, "prior": 0.37873998028565886, "rate": 4.146214234044257}, "datetime": {"datetime": "2024-06-12 21:59:16", "elapsed": 66.640946, "delta": 0.114889}}
{"target": -88.54505923336977, "params": {"p_ai": 2.2612156645820662, "p_al": 0.012147187693814215, "p_ex": 6.857480005685141, "prior": 9.520673328006277, "rate": 3.9121264535897473}, "datetime": {"datetime": "2024-06-12 21:59:16", "elapsed": 66.755604, "delta": 0.114658}}
{"target": -74.37766862018091, "params": {"p_ai": 3.0036839952852596, "p_al": 5.537964374290343, "p_ex": 8.519910604390748, "prior": 7.9498792795045405, "rate": 6.847882293080787}, "datetime": {"datetime": "2024-06-12 21:59:16", "elapsed": 66.869888, "delta": 0.114284}}
{"target": -106.11559845108566, "params": {"p_ai": 4.321638805905765, "p_al": 6.904649764523284, "p_ex": 2.161037487164819, "prior": 2.8401504350246216, "rate": 7.778428288392944}, "datetime": {"datetime": "2024-06-12 21:59:16", "elapsed": 66.98417, "delta": 0.114282}}
{"target": -169.39572111679948, "params": {"p_ai": 9.299871383327218, "p_al": 1.9013049866632814, "p_ex": 2.9613368308929076, "prior": 0.06309646163797043, "rate": 4.316190890558737}, "datetime": {"datetime": "2024-06-12 21:59:16", "elapsed": 67.100829, "delta": 0.116659}}
{"target": -137.19862429825017, "params": {"p_ai": 2.103740422454257, "p_al": 6.414606400753661, "p_ex": 7.096182567565407, "prior": 1.188658366270452, "rate": 0.8223578763172843}, "datetime": {"datetime": "2024-06-12 21:59:16", "elapsed": 67.219512, "delta": 0.118683}}
{"target": -119.45900009508145, "params": {"p_ai": 9.063444360733778, "p_al": 3.8929983086548985, "p_ex": 5.334501569162878, "prior": 9.632452407571792, "rate": 7.590781068151137}, "datetime": {"datetime": "2024-06-12 21:59:16", "elapsed": 67.33315, "delta": 0.113638}}
{"target": -107.34086455845849, "params": {"p_ai": 3.256077435692296, "p_al": 0.8594071619018152, "p_ex": 5.360704142867423, "prior": 3.3619183039303744, "rate": 0.21783235985649294}, "datetime": {"datetime": "2024-06-12 21:59:16", "elapsed": 67.447557, "delta": 0.114407}}
{"target": -105.90546483670781, "params": {"p_ai": 7.711752180204535, "p_al": 3.849706389409975, "p_ex": 5.713640179437297, "prior": 7.557672815106508, "rate": 9.408533351590556}, "datetime": {"datetime": "2024-06-12 21:59:17", "elapsed": 67.563944, "delta": 0.116387}}
{"target": -140.50387428433058, "params": {"p_ai": 6.123611064507542, "p_al": 3.1546463916226513, "p_ex": 1.1016550019623323, "prior": 0.7401149602248109, "rate": 3.197588047953422}, "datetime": {"datetime": "2024-06-12 21:59:17", "elapsed": 67.677643, "delta": 0.113699}}
{"target": -169.87470495729613, "params": {"p_ai": 6.608730550421095, "p_al": 6.9518254952121765, "p_ex": 2.0779726825898135, "prior": 0.8288765899448861, "rate": 3.055801102199025}, "datetime": {"datetime": "2024-06-12 21:59:17", "elapsed": 67.791665, "delta": 0.114022}}
{"target": -95.86011962762731, "params": {"p_ai": 5.476198023985873, "p_al": 7.546942075074172, "p_ex": 5.297043548379857, "prior": 2.8705505437179983, "rate": 6.242173052915846}, "datetime": {"datetime": "2024-06-12 21:59:17", "elapsed": 67.914315, "delta": 0.12265}}
{"target": -75.80477311405271, "params": {"p_ai": 2.649101715106782, "p_al": 6.527276450430897, "p_ex": 8.419138180259552, "prior": 6.389839255863949, "rate": 5.656749058298363}, "datetime": {"datetime": "2024-06-12 21:59:17", "elapsed": 68.032, "delta": 0.117685}}
{"target": -74.51912743705311, "params": {"p_ai": 3.072113950599342, "p_al": 8.767893622339674, "p_ex": 9.888230025288278, "prior": 7.775016832668201, "rate": 5.736864931846622}, "datetime": {"datetime": "2024-06-12 21:59:17", "elapsed": 68.146267, "delta": 0.114267}}
{"target": -92.18221379864322, "params": {"p_ai": 1.4136520470773757, "p_al": 3.1499752949036433, "p_ex": 3.669226326593246, "prior": 2.9196603150536307, "rate": 4.46008219467453}, "datetime": {"datetime": "2024-06-12 21:59:17", "elapsed": 68.259967, "delta": 0.1137}}
{"target": -112.19964847103115, "params": {"p_ai": 6.106714536159591, "p_al": 2.129932990561121, "p_ex": 2.4983477831127514, "prior": 1.1223926817277465, "rate": 3.07657830315885}, "datetime": {"datetime": "2024-06-12 21:59:17", "elapsed": 68.374664, "delta": 0.114697}}
{"target": -77.63056648753903, "params": {"p_ai": 4.9749853375678486, "p_al": 4.898588039316173, "p_ex": 9.955776541252115, "prior": 9.811104522073206, "rate": 4.366191154039751}, "datetime": {"datetime": "2024-06-12 21:59:18", "elapsed": 68.489358, "delta": 0.114694}}
{"target": -124.90495294857156, "params": {"p_ai": 9.720234197281384, "p_al": 2.1447646438539647, "p_ex": 5.411667740203425, "prior": 4.534899709382847, "rate": 9.67612136622795}, "datetime": {"datetime": "2024-06-12 21:59:18", "elapsed": 68.628984, "delta": 0.139626}}
{"target": -117.87902706619612, "params": {"p_ai": 8.361926055130448, "p_al": 2.142255100882632, "p_ex": 4.395951482451757, "prior": 1.685601239492825, "rate": 5.29134301734205}, "datetime": {"datetime": "2024-06-12 21:59:18", "elapsed": 68.741683, "delta": 0.112699}}
{"target": -129.46654177628932, "params": {"p_ai": 7.935053256996167, "p_al": 0.35975561051120136, "p_ex": 1.9143974164796644, "prior": 9.77457818836577, "rate": 9.608012262900427}, "datetime": {"datetime": "2024-06-12 21:59:18", "elapsed": 68.865976, "delta": 0.124293}}
{"target": -109.32220595559575, "params": {"p_ai": 5.566359999361917, "p_al": 6.461261124237896, "p_ex": 2.7216580499184504, "prior": 9.520958766042686, "rate": 6.698078288466073}, "datetime": {"datetime": "2024-06-12 21:59:18", "elapsed": 68.991933, "delta": 0.125957}}
{"target": -89.28665133791533, "params": {"p_ai": 6.6684131433924785, "p_al": 0.11202223036585872, "p_ex": 8.529845528647078, "prior": 7.78348386058334, "rate": 6.849555045051163}, "datetime": {"datetime": "2024-06-12 21:59:18", "elapsed": 69.114633, "delta": 0.1227}}
{"target": -115.21261419977643, "params": {"p_ai": 7.4080773483828315, "p_al": 1.5665676735591734, "p_ex": 7.188031753433652, "prior": 0.9690872885214075, "rate": 7.069787530938304}, "datetime": {"datetime": "2024-06-12 21:59:18", "elapsed": 69.233289, "delta": 0.118656}}
{"target": -102.04700052941077, "params": {"p_ai": 0.027315329458906884, "p_al": 7.76228166881635, "p_ex": 4.916080290630613, "prior": 2.044664276112351, "rate": 7.292736897839507}, "datetime": {"datetime": "2024-06-12 21:59:18", "elapsed": 69.353975, "delta": 0.120686}}
{"target": -104.2770878644581, "params": {"p_ai": 3.1572256636998253, "p_al": 8.83829208238512, "p_ex": 1.803155018796988, "prior": 9.385567992205967, "rate": 9.707530730383564}, "datetime": {"datetime": "2024-06-12 21:59:19", "elapsed": 69.468667, "delta": 0.114692}}
{"target": -78.6541323846823, "params": {"p_ai": 3.0455479552792557, "p_al": 8.625001510643305, "p_ex": 8.421949009551232, "prior": 4.246702488235933, "rate": 3.637480394119995}, "datetime": {"datetime": "2024-06-12 21:59:19", "elapsed": 69.579596, "delta": 0.110929}}
{"target": -106.32939335261139, "params": {"p_ai": 2.825092294877215, "p_al": 9.93237460787099, "p_ex": 2.5582545184920447, "prior": 9.206835301993463, "rate": 4.283923802383466}, "datetime": {"datetime": "2024-06-12 21:59:19", "elapsed": 69.690302, "delta": 0.110706}}
{"target": -155.52304759537665, "params": {"p_ai": 9.354334696401745, "p_al": 8.38860949714763, "p_ex": 1.5586174788295128, "prior": 5.743259260154481, "rate": 6.7353566438421755}, "datetime": {"datetime": "2024-06-12 21:59:19", "elapsed": 69.801004, "delta": 0.110702}}
{"target": -110.75890559307351, "params": {"p_ai": 4.058798239584453, "p_al": 0.04976556777778367, "p_ex": 3.2539879663598352, "prior": 8.389610534784513, "rate": 0.629176978192477}, "datetime": {"datetime": "2024-06-12 21:59:19", "elapsed": 69.911391, "delta": 0.110387}}
{"target": -101.13789775266726, "params": {"p_ai": 1.0550920446467325, "p_al": 7.0181716777726475, "p_ex": 5.142068519294122, "prior": 4.9821700831201285, "rate": 3.736723579545134}, "datetime": {"datetime": "2024-06-12 21:59:19", "elapsed": 70.022095, "delta": 0.110704}}
{"target": -119.89353303332136, "params": {"p_ai": 6.035532653096519, "p_al": 8.514836200003508, "p_ex": 2.7699536416334585, "prior": 8.447768867073506, "rate": 4.166774866572612}, "datetime": {"datetime": "2024-06-12 21:59:19", "elapsed": 70.1328, "delta": 0.110705}}
{"target": -106.85776031705707, "params": {"p_ai": 5.010339139927012, "p_al": 7.296504162303235, "p_ex": 2.5879583533585664, "prior": 9.216447549642744, "rate": 7.020992572824255}, "datetime": {"datetime": "2024-06-12 21:59:19", "elapsed": 70.244501, "delta": 0.111701}}
{"target": -97.25219288384322, "params": {"p_ai": 6.189685300551793, "p_al": 2.7308153642818653, "p_ex": 6.958788715138101, "prior": 2.5728902697861002, "rate": 8.164710250604447}, "datetime": {"datetime": "2024-06-12 21:59:19", "elapsed": 70.355115, "delta": 0.110614}}
{"target": -122.16911745029923, "params": {"p_ai": 0.11571307777403769, "p_al": 1.6662098984717895, "p_ex": 5.578732058631829, "prior": 7.12309771502542, "rate": 4.925314058477191}, "datetime": {"datetime": "2024-06-12 21:59:19", "elapsed": 70.46589, "delta": 0.110775}}
{"target": -128.407466688088, "params": {"p_ai": 8.77821720529802, "p_al": 9.758723505691574, "p_ex": 4.643306398374889, "prior": 7.680101807848576, "rate": 4.9482265662014395}, "datetime": {"datetime": "2024-06-12 21:59:20", "elapsed": 70.576594, "delta": 0.110704}}
{"target": -129.2733116355869, "params": {"p_ai": 6.651322684579871, "p_al": 2.2495249246936897, "p_ex": 1.0963076304454686, "prior": 9.790110366804328, "rate": 8.150131602400142}, "datetime": {"datetime": "2024-06-12 21:59:20", "elapsed": 70.687326, "delta": 0.110732}}
{"target": -92.56110284676197, "params": {"p_ai": 2.85454994096286, "p_al": 5.858698015894784, "p_ex": 3.8013319815826336, "prior": 1.7642040696578871, "rate": 4.188932595381877}, "datetime": {"datetime": "2024-06-12 21:59:20", "elapsed": 70.798508, "delta": 0.111182}}
{"target": -85.81490505955732, "params": {"p_ai": 2.9725807541730793, "p_al": 0.16722444122252625, "p_ex": 3.8742957016810964, "prior": 9.209209125043717, "rate": 8.28217438681578}, "datetime": {"datetime": "2024-06-12 21:59:20", "elapsed": 70.90915, "delta": 0.110642}}
{"target": -112.66821367174752, "params": {"p_ai": 5.741173477210314, "p_al": 3.1871500009390448, "p_ex": 2.31341168455949, "prior": 9.560239816725709, "rate": 5.646536380588049}, "datetime": {"datetime": "2024-06-12 21:59:20", "elapsed": 71.018857, "delta": 0.109707}}
{"target": -88.95445159410387, "params": {"p_ai": 2.176835430287672, "p_al": 2.4955710289351303, "p_ex": 9.59600242910666, "prior": 2.3889025188306237, "rate": 1.068034169467023}, "datetime": {"datetime": "2024-06-12 21:59:20", "elapsed": 71.129564, "delta": 0.110707}}
{"target": -77.95670027949988, "params": {"p_ai": 1.840435435586939, "p_al": 7.662481844372273, "p_ex": 7.087933795056683, "prior": 4.379981305846461, "rate": 7.938251266657136}, "datetime": {"datetime": "2024-06-12 21:59:20", "elapsed": 71.240169, "delta": 0.110605}}
{"target": -124.70295722011916, "params": {"p_ai": 5.1756094087340525, "p_al": 4.136568013129941, "p_ex": 1.1753019203396682, "prior": 8.839226748297556, "rate": 2.7566565508887577}, "datetime": {"datetime": "2024-06-12 21:59:20", "elapsed": 71.351869, "delta": 0.1117}}
{"target": -125.79840228947782, "params": {"p_ai": 6.162990972575274, "p_al": 9.8458132098281, "p_ex": 1.8949908024154942, "prior": 9.651914729938635, "rate": 6.527500968888528}, "datetime": {"datetime": "2024-06-12 21:59:20", "elapsed": 71.462575, "delta": 0.110706}}
{"target": -84.15872030743058, "params": {"p_ai": 1.28818731436088, "p_al": 7.719499533584411, "p_ex": 9.51780600679268, "prior": 5.628242716344561, "rate": 6.885863442381723}, "datetime": {"datetime": "2024-06-12 21:59:21", "elapsed": 71.573249, "delta": 0.110674}}
{"target": -151.35017881855146, "params": {"p_ai": 0.26445244082095803, "p_al": 9.890767779393961, "p_ex": 3.1852527410170115, "prior": 0.24001388988282726, "rate": 8.08583294059341}, "datetime": {"datetime": "2024-06-12 21:59:21", "elapsed": 71.683953, "delta": 0.110704}}
{"target": -224.66382343186058, "params": {"p_ai": 9.732552265118914, "p_al": 7.376147510656895, "p_ex": 0.028355324647958178, "prior": 0.6345417532289791, "rate": 5.843109782870581}, "datetime": {"datetime": "2024-06-12 21:59:21", "elapsed": 71.794716, "delta": 0.110763}}
{"target": -74.9616016599831, "params": {"p_ai": 3.3578153624482754, "p_al": 8.818452974037214, "p_ex": 8.736820024200027, "prior": 9.875201568135711, "rate": 7.158603858756865}, "datetime": {"datetime": "2024-06-12 21:59:21", "elapsed": 71.905569, "delta": 0.110853}}
{"target": -152.85055065360314, "params": {"p_ai": 8.768960114386706, "p_al": 3.197181468508664, "p_ex": 1.1126583422461405, "prior": 8.653775693718016, "rate": 3.035422507017289}, "datetime": {"datetime": "2024-06-12 21:59:21", "elapsed": 72.016072, "delta": 0.110503}}
{"target": -85.09604777760069, "params": {"p_ai": 4.193903649370696, "p_al": 6.460656540458656, "p_ex": 6.051386242420971, "prior": 4.209809922064285, "rate": 3.862118968194065}, "datetime": {"datetime": "2024-06-12 21:59:21", "elapsed": 72.131762, "delta": 0.11569}}
{"target": -107.28063384073614, "params": {"p_ai": 1.227687737548204, "p_al": 5.339084981149863, "p_ex": 2.329308118342716, "prior": 7.548323703153514, "rate": 6.749030971060837}, "datetime": {"datetime": "2024-06-12 21:59:21", "elapsed": 72.242813, "delta": 0.111051}}
{"target": -175.5027392195991, "params": {"p_ai": 0.7201977211273354, "p_al": 9.892657582673268, "p_ex": 7.804788898807839, "prior": 2.279031043019085, "rate": 0.30839744067862085}, "datetime": {"datetime": "2024-06-12 21:59:21", "elapsed": 72.354514, "delta": 0.111701}}
{"target": -84.86066947519531, "params": {"p_ai": 4.784239938885914, "p_al": 3.5280716325732393, "p_ex": 5.465568482142916, "prior": 6.596979890293786, "rate": 7.972400853780025}, "datetime": {"datetime": "2024-06-12 21:59:21", "elapsed": 72.465217, "delta": 0.110703}}
{"target": -123.66190348942314, "params": {"p_ai": 0.1364299240444373, "p_al": 7.143240843274906, "p_ex": 2.95384434705289, "prior": 9.864039353798532, "rate": 8.46257106414723}, "datetime": {"datetime": "2024-06-12 21:59:22", "elapsed": 72.576385, "delta": 0.111168}}
{"target": -147.8930075072136, "params": {"p_ai": 5.604451409666734, "p_al": 5.9780590880830164, "p_ex": 1.9215646543725684, "prior": 2.263289634282068, "rate": 1.5409777702011733}, "datetime": {"datetime": "2024-06-12 21:59:22", "elapsed": 72.68709, "delta": 0.110705}}
{"target": -95.24125253094856, "params": {"p_ai": 3.778757661096953, "p_al": 1.1204424879714694, "p_ex": 5.113217663448985, "prior": 6.385141076060073, "rate": 1.2230015699915957}, "datetime": {"datetime": "2024-06-12 21:59:22", "elapsed": 72.797306, "delta": 0.110216}}
{"target": -80.13229352854012, "params": {"p_ai": 3.442619392943751, "p_al": 0.7044084489723932, "p_ex": 5.25808611153342, "prior": 6.503247402260852, "rate": 6.155105941609653}, "datetime": {"datetime": "2024-06-12 21:59:22", "elapsed": 72.90913, "delta": 0.111824}}
{"target": -118.77291669226796, "params": {"p_ai": 8.138881758532042, "p_al": 2.3564267987877012, "p_ex": 6.182200236562616, "prior": 3.028982363807174, "rate": 0.8885882930853439}, "datetime": {"datetime": "2024-06-12 21:59:22", "elapsed": 73.019418, "delta": 0.110288}}
{"target": -96.13972719892898, "params": {"p_ai": 3.053309454186566, "p_al": 0.7144933929712171, "p_ex": 9.585783535985689, "prior": 7.271927183834367, "rate": 1.0155071173822163}, "datetime": {"datetime": "2024-06-12 21:59:22", "elapsed": 73.131121, "delta": 0.111703}}
{"target": -104.48761128303184, "params": {"p_ai": 7.862906954163588, "p_al": 3.5222014456052215, "p_ex": 9.1144399680976, "prior": 4.955478850036387, "rate": 8.727054537125737}, "datetime": {"datetime": "2024-06-12 21:59:22", "elapsed": 73.240831, "delta": 0.10971}}
{"target": -91.06772131714806, "params": {"p_ai": 2.206077417642493, "p_al": 3.6725560667067523, "p_ex": 3.6690025846416687, "prior": 0.9722296833512493, "rate": 3.310813326223882}, "datetime": {"datetime": "2024-06-12 21:59:22", "elapsed": 73.351535, "delta": 0.110704}}
{"target": -93.46858175934528, "params": {"p_ai": 6.597438328584157, "p_al": 4.665968370246033, "p_ex": 8.792436465874568, "prior": 2.6974329936370927, "rate": 3.5488386678677664}, "datetime": {"datetime": "2024-06-12 21:59:22", "elapsed": 73.464911, "delta": 0.113376}}
{"target": -101.7122029170992, "params": {"p_ai": 3.2042225472159718, "p_al": 5.517827968246455, "p_ex": 1.8830059366472722, "prior": 1.7332694708102208, "rate": 9.394879760160336}, "datetime": {"datetime": "2024-06-12 21:59:23", "elapsed": 73.575617, "delta": 0.110706}}
{"target": -183.84262200308999, "params": {"p_ai": 3.767100489749554, "p_al": 5.871394250695616, "p_ex": 0.5524656981032197, "prior": 1.409439110996769, "rate": 0.964489160060572}, "datetime": {"datetime": "2024-06-12 21:59:23", "elapsed": 73.685829, "delta": 0.110212}}
{"target": -111.69627765995524, "params": {"p_ai": 8.121343564013504, "p_al": 1.0323646790520586, "p_ex": 5.163644140749812, "prior": 1.556623402022749, "rate": 2.7888887375330564}, "datetime": {"datetime": "2024-06-12 21:59:23", "elapsed": 73.797038, "delta": 0.111209}}
{"target": -150.4492692139315, "params": {"p_ai": 8.826137423028198, "p_al": 6.316306057543976, "p_ex": 9.636663439420486, "prior": 5.997543941794315, "rate": 0.0961876424493635}, "datetime": {"datetime": "2024-06-12 21:59:23", "elapsed": 73.908684, "delta": 0.111646}}
{"target": -91.5416642395338, "params": {"p_ai": 4.156994414198696, "p_al": 0.22539510183243922, "p_ex": 3.1405292961414175, "prior": 4.816767682276697, "rate": 5.755017951896957}, "datetime": {"datetime": "2024-06-12 21:59:23", "elapsed": 74.019388, "delta": 0.110704}}
{"target": -101.19294000622217, "params": {"p_ai": 2.38726337908637, "p_al": 5.583307497898072, "p_ex": 3.949806420938232, "prior": 5.066315292881764, "rate": 1.9604741784106727}, "datetime": {"datetime": "2024-06-12 21:59:23", "elapsed": 74.130092, "delta": 0.110704}}
