{"target": -963.3480523279042, "params": {"gamma": 5.336999796367143, "lr": 0.31446701118584963}, "datetime": {"datetime": "2024-06-14 01:34:31", "elapsed": 0.871221, "delta": 0.003989}}
{"target": -1743.7001122658196, "params": {"gamma": 9.1078175389072, "lr": 0.36655664385123443}, "datetime": {"datetime": "2024-06-14 01:34:31", "elapsed": 0.874213, "delta": 0.002992}}
{"target": -878.4311548600598, "params": {"gamma": 4.336489680404373, "lr": 0.5122926922783614}, "datetime": {"datetime": "2024-06-14 01:34:31", "elapsed": 0.878202, "delta": 0.003989}}
{"target": -4510.310573055197, "params": {"gamma": 9.388925887219763, "lr": 0.030949006271150714}, "datetime": {"datetime": "2024-06-14 01:34:31", "elapsed": 0.882192, "delta": 0.00399}}
{"target": -1788.4811572869132, "params": {"gamma": 7.1690697576532605, "lr": 0.8910189542923389}, "datetime": {"datetime": "2024-06-14 01:34:31", "elapsed": 0.885184, "delta": 0.002992}}
{"target": -150.72454972762807, "params": {"gamma": 0.2738449479511707, "lr": 0.5220512472525107}, "datetime": {"datetime": "2024-06-14 01:34:31", "elapsed": 0.889176, "delta": 0.003992}}
{"target": -810.3748693671658, "params": {"gamma": 3.2605721278884827, "lr": 0.8594893208655858}, "datetime": {"datetime": "2024-06-14 01:34:31", "elapsed": 0.893162, "delta": 0.003986}}
{"target": -1223.7558178681766, "params": {"gamma": 5.585606992674257, "lr": 0.6902278681627478}, "datetime": {"datetime": "2024-06-14 01:34:31", "elapsed": 0.897152, "delta": 0.00399}}
{"target": -925.5950886829887, "params": {"gamma": 4.529082146015424, "lr": 0.6283090375213571}, "datetime": {"datetime": "2024-06-14 01:34:31", "elapsed": 0.900683, "delta": 0.003531}}
{"target": -1401.561301101065, "params": {"gamma": 2.901678420022571, "lr": 0.009348577966515781}, "datetime": {"datetime": "2024-06-14 01:34:31", "elapsed": 0.903676, "delta": 0.002993}}
{"target": -1038.3541947369442, "params": {"gamma": 5.767982593935921, "lr": 0.3114442141324628}, "datetime": {"datetime": "2024-06-14 01:34:31", "elapsed": 0.907665, "delta": 0.003989}}
{"target": -1326.5705905335383, "params": {"gamma": 5.1731587174127975, "lr": 0.9164058530538978}, "datetime": {"datetime": "2024-06-14 01:34:31", "elapsed": 0.911654, "delta": 0.003989}}
{"target": -1140.0341956074337, "params": {"gamma": 4.265321410225459, "lr": 0.2473960366023854}, "datetime": {"datetime": "2024-06-14 01:34:31", "elapsed": 0.915643, "delta": 0.003989}}
{"target": -955.3150697853431, "params": {"gamma": 3.7135663190292654, "lr": 0.9318611166365406}, "datetime": {"datetime": "2024-06-14 01:34:32", "elapsed": 0.919633, "delta": 0.00399}}
{"target": -2213.656516921392, "params": {"gamma": 9.368746944709628, "lr": 0.8443299485657132}, "datetime": {"datetime": "2024-06-14 01:34:32", "elapsed": 0.922625, "delta": 0.002992}}
{"target": -2447.584274231936, "params": {"gamma": 9.202144936542298, "lr": 0.22790028995131695}, "datetime": {"datetime": "2024-06-14 01:34:32", "elapsed": 0.926614, "delta": 0.003989}}
{"target": -273.0062309463783, "params": {"gamma": 0.8757346133263552, "lr": 0.22730973628468876}, "datetime": {"datetime": "2024-06-14 01:34:32", "elapsed": 0.930604, "delta": 0.00399}}
{"target": -1202.8843044966145, "params": {"gamma": 3.1444517845243904, "lr": 0.17476587635631158}, "datetime": {"datetime": "2024-06-14 01:34:32", "elapsed": 0.933596, "delta": 0.002992}}
{"target": -1097.571789855564, "params": {"gamma": 6.071334525562633, "lr": 0.41358641500116133}, "datetime": {"datetime": "2024-06-14 01:34:32", "elapsed": 0.937585, "delta": 0.003989}}
{"target": -2843.904650520225, "params": {"gamma": 8.163698766760314, "lr": 0.18513039826903066}, "datetime": {"datetime": "2024-06-14 01:34:32", "elapsed": 0.941574, "delta": 0.003989}}
{"target": -1869.1068978328199, "params": {"gamma": 7.019063421033349, "lr": 0.24035562484913886}, "datetime": {"datetime": "2024-06-14 01:34:32", "elapsed": 0.945563, "delta": 0.003989}}
{"target": -1134.25425517966, "params": {"gamma": 5.742616669319757, "lr": 0.34898759722078887}, "datetime": {"datetime": "2024-06-14 01:34:32", "elapsed": 0.948555, "delta": 0.002992}}
{"target": -210.97405312944647, "params": {"gamma": 0.5705870304288444, "lr": 0.22881367096037586}, "datetime": {"datetime": "2024-06-14 01:34:32", "elapsed": 0.952545, "delta": 0.00399}}
{"target": -1226.7568094250232, "params": {"gamma": 6.641361450992581, "lr": 0.4972500933605313}, "datetime": {"datetime": "2024-06-14 01:34:32", "elapsed": 0.956534, "delta": 0.003989}}
{"target": -1975.9542812911714, "params": {"gamma": 5.190640824752714, "lr": 0.1747201501089225}, "datetime": {"datetime": "2024-06-14 01:34:32", "elapsed": 0.959526, "delta": 0.002992}}
{"target": -1459.2361175151227, "params": {"gamma": 5.7075877996110185, "lr": 0.99675342520821}, "datetime": {"datetime": "2024-06-14 01:34:32", "elapsed": 0.963515, "delta": 0.003989}}
{"target": -1655.2825988376258, "params": {"gamma": 8.168534252807428, "lr": 0.5943726238309778}, "datetime": {"datetime": "2024-06-14 01:34:32", "elapsed": 0.967505, "delta": 0.00399}}
{"target": -2434.38441776539, "params": {"gamma": 9.759914694240718, "lr": 0.9015625846693213}, "datetime": {"datetime": "2024-06-14 01:34:32", "elapsed": 0.971494, "delta": 0.003989}}
{"target": -2864.539767486526, "params": {"gamma": 5.956483728092853, "lr": 0.032426325314457105}, "datetime": {"datetime": "2024-06-14 01:34:32", "elapsed": 0.975483, "delta": 0.003989}}
{"target": -475.4114416140436, "params": {"gamma": 0.93667738107899, "lr": 0.06537171504222639}, "datetime": {"datetime": "2024-06-14 01:34:32", "elapsed": 0.979473, "delta": 0.00399}}
{"target": -872.074171778608, "params": {"gamma": 4.517879753766062, "lr": 0.37543483316785775}, "datetime": {"datetime": "2024-06-14 01:34:32", "elapsed": 0.983463, "delta": 0.00399}}
{"target": -3702.8017139624376, "params": {"gamma": 9.753524992668595, "lr": 0.1679832931996149}, "datetime": {"datetime": "2024-06-14 01:34:32", "elapsed": 0.987451, "delta": 0.003988}}
{"target": -2180.434280444618, "params": {"gamma": 9.72790313173462, "lr": 0.7674748688630131}, "datetime": {"datetime": "2024-06-14 01:34:32", "elapsed": 0.990444, "delta": 0.002993}}
{"target": -1668.762914870944, "params": {"gamma": 8.242554158405353, "lr": 0.6326158167779973}, "datetime": {"datetime": "2024-06-14 01:34:32", "elapsed": 0.994433, "delta": 0.003989}}
{"target": -1235.1261632596668, "params": {"gamma": 6.6876589692971145, "lr": 0.47688233352119336}, "datetime": {"datetime": "2024-06-14 01:34:32", "elapsed": 0.998423, "delta": 0.00399}}
{"target": -147.9253815010018, "params": {"gamma": 0.13235043287379938, "lr": 0.3530060855418248}, "datetime": {"datetime": "2024-06-14 01:34:32", "elapsed": 1.002416, "delta": 0.003993}}
{"target": -1095.714489872342, "params": {"gamma": 4.9212259431340915, "lr": 0.7300912110901043}, "datetime": {"datetime": "2024-06-14 01:34:32", "elapsed": 1.006405, "delta": 0.003989}}
{"target": -873.8879766411683, "params": {"gamma": 4.686814799118347, "lr": 0.4574049160894317}, "datetime": {"datetime": "2024-06-14 01:34:32", "elapsed": 1.010394, "delta": 0.003989}}
{"target": -678.6290219234404, "params": {"gamma": 1.377489746715086, "lr": 0.01088873380347899}, "datetime": {"datetime": "2024-06-14 01:34:32", "elapsed": 1.015381, "delta": 0.004987}}
{"target": -1354.656152570228, "params": {"gamma": 7.583024326509486, "lr": 0.3199528380776784}, "datetime": {"datetime": "2024-06-14 01:34:32", "elapsed": 1.020368, "delta": 0.004987}}
{"target": -2960.782096708576, "params": {"gamma": 9.843850118484914, "lr": 0.220234226159156}, "datetime": {"datetime": "2024-06-14 01:34:32", "elapsed": 1.024356, "delta": 0.003988}}
{"target": -692.2367440145829, "params": {"gamma": 3.387741546791315, "lr": 0.5238961356661317}, "datetime": {"datetime": "2024-06-14 01:34:32", "elapsed": 1.028346, "delta": 0.00399}}
{"target": -1390.9071689757945, "params": {"gamma": 7.549159679148268, "lr": 0.46385778390029564}, "datetime": {"datetime": "2024-06-14 01:34:32", "elapsed": 1.032336, "delta": 0.00399}}
{"target": -270.6263820527337, "params": {"gamma": 1.2491006085736511, "lr": 0.3125013784920495}, "datetime": {"datetime": "2024-06-14 01:34:32", "elapsed": 1.036325, "delta": 0.003989}}
{"target": -1107.1262221159125, "params": {"gamma": 5.045687177840246, "lr": 0.6738490080168676}, "datetime": {"datetime": "2024-06-14 01:34:32", "elapsed": 1.040315, "delta": 0.00399}}
{"target": -2752.8533241461223, "params": {"gamma": 7.70172941316461, "lr": 0.13033578095435427}, "datetime": {"datetime": "2024-06-14 01:34:32", "elapsed": 1.043306, "delta": 0.002991}}
{"target": -148.3327555515918, "params": {"gamma": 0.23012839809249527, "lr": 0.5190823222119895}, "datetime": {"datetime": "2024-06-14 01:34:32", "elapsed": 1.047295, "delta": 0.003989}}
{"target": -3892.315064111007, "params": {"gamma": 8.1000771179135, "lr": 0.012603767029876312}, "datetime": {"datetime": "2024-06-14 01:34:32", "elapsed": 1.051285, "delta": 0.00399}}
{"target": -1470.130984295772, "params": {"gamma": 6.725025976692686, "lr": 0.6868082266569918}, "datetime": {"datetime": "2024-06-14 01:34:32", "elapsed": 1.055274, "delta": 0.003989}}
{"target": -1154.259713084021, "params": {"gamma": 4.49301828911279, "lr": 0.9147886867419343}, "datetime": {"datetime": "2024-06-14 01:34:32", "elapsed": 1.058266, "delta": 0.002992}}
{"target": -3098.253769719334, "params": {"gamma": 6.443966486485173, "lr": 0.005239837651465851}, "datetime": {"datetime": "2024-06-14 01:34:32", "elapsed": 1.062256, "delta": 0.00399}}
{"target": -1193.442123609445, "params": {"gamma": 4.844800026698242, "lr": 0.8593178060976}, "datetime": {"datetime": "2024-06-14 01:34:32", "elapsed": 1.066245, "delta": 0.003989}}
{"target": -1668.6539332120772, "params": {"gamma": 8.304165300803357, "lr": 0.6491541971124779}, "datetime": {"datetime": "2024-06-14 01:34:32", "elapsed": 1.070235, "delta": 0.00399}}
{"target": -1368.5169571490153, "params": {"gamma": 6.737310540562419, "lr": 0.5784995797892005}, "datetime": {"datetime": "2024-06-14 01:34:32", "elapsed": 1.074224, "delta": 0.003989}}
{"target": -563.8827325567318, "params": {"gamma": 2.741923631893355, "lr": 0.5605299905360588}, "datetime": {"datetime": "2024-06-14 01:34:32", "elapsed": 1.078213, "delta": 0.003989}}
{"target": -1322.5464328502396, "params": {"gamma": 6.717626118389386, "lr": 0.35242963021640883}, "datetime": {"datetime": "2024-06-14 01:34:32", "elapsed": 1.082203, "delta": 0.00399}}
{"target": -2980.872110214135, "params": {"gamma": 8.558427844172023, "lr": 0.1950374860087073}, "datetime": {"datetime": "2024-06-14 01:34:32", "elapsed": 1.086191, "delta": 0.003988}}
{"target": -1346.761691320211, "params": {"gamma": 7.473460782508901, "lr": 0.2896027461868774}, "datetime": {"datetime": "2024-06-14 01:34:32", "elapsed": 1.090182, "delta": 0.003991}}
{"target": -1390.5881972046368, "params": {"gamma": 7.738219073154577, "lr": 0.4277373293360762}, "datetime": {"datetime": "2024-06-14 01:34:32", "elapsed": 1.09417, "delta": 0.003988}}
{"target": -1585.3569874553968, "params": {"gamma": 8.077176392712982, "lr": 0.3535348626679904}, "datetime": {"datetime": "2024-06-14 01:34:32", "elapsed": 1.098159, "delta": 0.003989}}
{"target": -498.6875418867809, "params": {"gamma": 2.137718683058182, "lr": 0.7672845084217665}, "datetime": {"datetime": "2024-06-14 01:34:32", "elapsed": 1.102149, "delta": 0.00399}}
{"target": -695.9330817814166, "params": {"gamma": 3.0871108343588807, "lr": 0.7332450677264275}, "datetime": {"datetime": "2024-06-14 01:34:32", "elapsed": 1.106139, "delta": 0.00399}}
{"target": -2241.147653168585, "params": {"gamma": 7.444987057624244, "lr": 0.22139670090820107}, "datetime": {"datetime": "2024-06-14 01:34:32", "elapsed": 1.110129, "delta": 0.00399}}
{"target": -759.0659987741893, "params": {"gamma": 2.141907256069664, "lr": 0.1989479234270667}, "datetime": {"datetime": "2024-06-14 01:34:32", "elapsed": 1.114117, "delta": 0.003988}}
{"target": -309.4539398893392, "params": {"gamma": 1.4260408593206808, "lr": 0.3770825992073341}, "datetime": {"datetime": "2024-06-14 01:34:32", "elapsed": 1.118106, "delta": 0.003989}}
{"target": -200.4993415671389, "params": {"gamma": 0.26725221903152313, "lr": 0.11092036903424063}, "datetime": {"datetime": "2024-06-14 01:34:32", "elapsed": 1.122095, "delta": 0.003989}}
{"target": -1527.1920490449547, "params": {"gamma": 6.745965673610343, "lr": 0.7997765368973863}, "datetime": {"datetime": "2024-06-14 01:34:32", "elapsed": 1.126085, "delta": 0.00399}}
{"target": -257.9793945425297, "params": {"gamma": 0.8062147417567307, "lr": 0.23170231048579204}, "datetime": {"datetime": "2024-06-14 01:34:32", "elapsed": 1.130074, "delta": 0.003989}}
{"target": -546.1175352369188, "params": {"gamma": 2.0770489923763398, "lr": 0.9173335630816306}, "datetime": {"datetime": "2024-06-14 01:34:32", "elapsed": 1.134064, "delta": 0.00399}}
{"target": -1419.7132378569902, "params": {"gamma": 7.113433866846732, "lr": 0.5538846110514143}, "datetime": {"datetime": "2024-06-14 01:34:32", "elapsed": 1.138053, "delta": 0.003989}}
{"target": -734.0966136757348, "params": {"gamma": 3.0458753612182816, "lr": 0.8348540476317985}, "datetime": {"datetime": "2024-06-14 01:34:32", "elapsed": 1.142042, "delta": 0.003989}}
{"target": -1116.7992850954256, "params": {"gamma": 4.353624270337571, "lr": 0.9234562151187752}, "datetime": {"datetime": "2024-06-14 01:34:32", "elapsed": 1.146031, "delta": 0.003989}}
{"target": -1302.5921491587028, "params": {"gamma": 7.0608119915549965, "lr": 0.47803130796528337}, "datetime": {"datetime": "2024-06-14 01:34:32", "elapsed": 1.149023, "delta": 0.002992}}
{"target": -349.03401081958833, "params": {"gamma": 1.2629748273898376, "lr": 0.9760435504677476}, "datetime": {"datetime": "2024-06-14 01:34:32", "elapsed": 1.153013, "delta": 0.00399}}
{"target": -498.3692799119643, "params": {"gamma": 1.5991766697905894, "lr": 0.2026021252196626}, "datetime": {"datetime": "2024-06-14 01:34:32", "elapsed": 1.157002, "delta": 0.003989}}
{"target": -789.0891602069055, "params": {"gamma": 4.312386369848549, "lr": 0.40420190577514725}, "datetime": {"datetime": "2024-06-14 01:34:32", "elapsed": 1.160991, "delta": 0.003989}}
{"target": -352.9255220306993, "params": {"gamma": 1.4683680561621768, "lr": 0.7293189193611234}, "datetime": {"datetime": "2024-06-14 01:34:32", "elapsed": 1.164981, "delta": 0.00399}}
{"target": -403.38379974478005, "params": {"gamma": 1.8882619237049822, "lr": 0.6438956443116628}, "datetime": {"datetime": "2024-06-14 01:34:32", "elapsed": 1.16897, "delta": 0.003989}}
{"target": -2270.640573437764, "params": {"gamma": 7.543305199812411, "lr": 0.21073239208332073}, "datetime": {"datetime": "2024-06-14 01:34:32", "elapsed": 1.172963, "delta": 0.003993}}
{"target": -1334.202640767062, "params": {"gamma": 6.0099415268282925, "lr": 0.7489283752458364}, "datetime": {"datetime": "2024-06-14 01:34:32", "elapsed": 1.176949, "delta": 0.003986}}
{"target": -1297.4678767120793, "params": {"gamma": 6.382548887492715, "lr": 0.5971273029466491}, "datetime": {"datetime": "2024-06-14 01:34:32", "elapsed": 1.180938, "delta": 0.003989}}
{"target": -667.4794631308425, "params": {"gamma": 2.955527374269315, "lr": 0.7316064712415088}, "datetime": {"datetime": "2024-06-14 01:34:32", "elapsed": 1.184927, "delta": 0.003989}}
{"target": -1692.271260973804, "params": {"gamma": 9.453139091559498, "lr": 0.42556139026154693}, "datetime": {"datetime": "2024-06-14 01:34:32", "elapsed": 1.188917, "delta": 0.00399}}
{"target": -3758.9976497018583, "params": {"gamma": 7.822035986497222, "lr": 0.056141039661915304}, "datetime": {"datetime": "2024-06-14 01:34:32", "elapsed": 1.191909, "delta": 0.002992}}
{"target": -2909.548934125367, "params": {"gamma": 8.35288075329717, "lr": 0.1922500168221477}, "datetime": {"datetime": "2024-06-14 01:34:32", "elapsed": 1.196896, "delta": 0.004987}}
{"target": -722.903301426236, "params": {"gamma": 3.951573592030842, "lr": 0.30008104592535645}, "datetime": {"datetime": "2024-06-14 01:34:32", "elapsed": 1.200885, "delta": 0.003989}}
{"target": -241.48536469613447, "params": {"gamma": 0.8019563344166869, "lr": 0.9046310029362429}, "datetime": {"datetime": "2024-06-14 01:34:32", "elapsed": 1.203877, "delta": 0.002992}}
{"target": -753.7989171454309, "params": {"gamma": 3.702171621359829, "lr": 0.5306974384761395}, "datetime": {"datetime": "2024-06-14 01:34:32", "elapsed": 1.207866, "delta": 0.003989}}
{"target": -1773.3925835419689, "params": {"gamma": 4.941668542697355, "lr": 0.13216114194293815}, "datetime": {"datetime": "2024-06-14 01:34:32", "elapsed": 1.211855, "delta": 0.003989}}
{"target": -1003.1355277559913, "params": {"gamma": 2.0653341348354406, "lr": 0.07618880903232117}, "datetime": {"datetime": "2024-06-14 01:34:32", "elapsed": 1.215845, "delta": 0.00399}}
{"target": -1094.7806317010752, "params": {"gamma": 5.07970907775293, "lr": 0.2615495518329871}, "datetime": {"datetime": "2024-06-14 01:34:32", "elapsed": 1.219834, "delta": 0.003989}}
{"target": -1613.074743673415, "params": {"gamma": 3.5712590272190368, "lr": 0.10806532869723684}, "datetime": {"datetime": "2024-06-14 01:34:32", "elapsed": 1.223823, "delta": 0.003989}}
{"target": -3544.538007801957, "params": {"gamma": 7.87573084468542, "lr": 0.1065838767888011}, "datetime": {"datetime": "2024-06-14 01:34:32", "elapsed": 1.227813, "delta": 0.00399}}
{"target": -3742.0055997161116, "params": {"gamma": 9.857102528308165, "lr": 0.17716116443841734}, "datetime": {"datetime": "2024-06-14 01:34:32", "elapsed": 1.230805, "delta": 0.002992}}
{"target": -2753.3163683557354, "params": {"gamma": 5.724478719234059, "lr": 0.044845334589088126}, "datetime": {"datetime": "2024-06-14 01:34:32", "elapsed": 1.234794, "delta": 0.003989}}
{"target": -2742.4722496046925, "params": {"gamma": 7.871375780268687, "lr": 0.18960594781829654}, "datetime": {"datetime": "2024-06-14 01:34:32", "elapsed": 1.238784, "delta": 0.00399}}
{"target": -1174.1537082798013, "params": {"gamma": 5.279511880102859, "lr": 0.7400775431590716}, "datetime": {"datetime": "2024-06-14 01:34:32", "elapsed": 1.242773, "delta": 0.003989}}
{"target": -330.449457211912, "params": {"gamma": 1.5001649176876422, "lr": 0.5510871741869717}, "datetime": {"datetime": "2024-06-14 01:34:32", "elapsed": 1.246762, "delta": 0.003989}}
{"target": -504.9942327897576, "params": {"gamma": 2.1669554660794654, "lr": 0.7591960493171447}, "datetime": {"datetime": "2024-06-14 01:34:32", "elapsed": 1.250752, "delta": 0.00399}}
{"target": -2747.4560672714174, "params": {"gamma": 7.229429020368581, "lr": 0.17654903427708302}, "datetime": {"datetime": "2024-06-14 01:34:32", "elapsed": 1.253743, "delta": 0.002991}}
{"target": -4141.519734200307, "params": {"gamma": 8.619803610113067, "lr": 0.019775099516344263}, "datetime": {"datetime": "2024-06-14 01:34:32", "elapsed": 1.257733, "delta": 0.00399}}
{"target": -1712.8724413215018, "params": {"gamma": 8.60250973723373, "lr": 0.5589038111609383}, "datetime": {"datetime": "2024-06-14 01:34:32", "elapsed": 1.261722, "delta": 0.003989}}
{"target": -914.5674943635511, "params": {"gamma": 4.032801500586387, "lr": 0.7587469310223366}, "datetime": {"datetime": "2024-06-14 01:34:32", "elapsed": 1.265711, "delta": 0.003989}}
{"target": -1829.5193663577957, "params": {"gamma": 7.169573087923007, "lr": 0.9873261748084265}, "datetime": {"datetime": "2024-06-14 01:34:32", "elapsed": 1.268704, "delta": 0.002993}}
{"target": -1344.216049435438, "params": {"gamma": 2.7815724010812146, "lr": 0.0037936724093425855}, "datetime": {"datetime": "2024-06-14 01:34:32", "elapsed": 1.272694, "delta": 0.00399}}
{"target": -2284.717401555403, "params": {"gamma": 9.339092180540563, "lr": 0.8578971045378938}, "datetime": {"datetime": "2024-06-14 01:34:32", "elapsed": 1.276682, "delta": 0.003988}}
{"target": -1461.5137900226941, "params": {"gamma": 7.28877992431504, "lr": 0.5166887829215384}, "datetime": {"datetime": "2024-06-14 01:34:32", "elapsed": 1.280671, "delta": 0.003989}}
{"target": -1599.713963329773, "params": {"gamma": 7.069855496242362, "lr": 0.7805295568767427}, "datetime": {"datetime": "2024-06-14 01:34:32", "elapsed": 1.283664, "delta": 0.002993}}
{"target": -851.8554371190842, "params": {"gamma": 3.749384559425057, "lr": 0.7703225253299576}, "datetime": {"datetime": "2024-06-14 01:34:32", "elapsed": 1.287653, "delta": 0.003989}}
{"target": -1506.260990621191, "params": {"gamma": 7.506492567432579, "lr": 0.6132112115442597}, "datetime": {"datetime": "2024-06-14 01:34:32", "elapsed": 1.291642, "delta": 0.003989}}
{"target": -885.8467335562434, "params": {"gamma": 4.019257373754407, "lr": 0.6973080192643409}, "datetime": {"datetime": "2024-06-14 01:34:32", "elapsed": 1.295631, "delta": 0.003989}}
{"target": -147.00505872033136, "params": {"gamma": 0.032125465394095866, "lr": 0.7748966467245978}, "datetime": {"datetime": "2024-06-14 01:34:32", "elapsed": 1.299621, "delta": 0.00399}}
{"target": -2384.5486442371175, "params": {"gamma": 8.964269607966013, "lr": 0.23931570743750463}, "datetime": {"datetime": "2024-06-14 01:34:32", "elapsed": 1.302613, "delta": 0.002992}}
{"target": -388.13373741578704, "params": {"gamma": 1.208551075907988, "lr": 0.2202839877937276}, "datetime": {"datetime": "2024-06-14 01:34:32", "elapsed": 1.306602, "delta": 0.003989}}
{"target": -755.91632341838, "params": {"gamma": 3.021665216169693, "lr": 0.8830285085638342}, "datetime": {"datetime": "2024-06-14 01:34:32", "elapsed": 1.310591, "delta": 0.003989}}
{"target": -988.0453249920038, "params": {"gamma": 5.432121135950708, "lr": 0.2867116496064306}, "datetime": {"datetime": "2024-06-14 01:34:32", "elapsed": 1.314581, "delta": 0.00399}}
{"target": -293.4586921273942, "params": {"gamma": 1.3844085432396722, "lr": 0.29014446310454167}, "datetime": {"datetime": "2024-06-14 01:34:32", "elapsed": 1.31857, "delta": 0.003989}}
