{"target": -312.8833544027369, "params": {"p_ai": 4.036824289622301, "p_al": 0.6069375019805211, "p_ex": 1.789668289049935, "prior": 7.359452519624915, "rate": 5.66173735456015}, "datetime": {"datetime": "2024-06-13 09:18:53", "elapsed": 104.518502, "delta": 0.107716}}
{"target": -514.5692572198182, "params": {"p_ai": 8.232546464042965, "p_al": 5.011999831149711, "p_ex": 7.678856294339033, "prior": 5.099670086770199, "rate": 5.681122236748865}, "datetime": {"datetime": "2024-06-13 09:18:54", "elapsed": 104.625217, "delta": 0.106715}}
{"target": -241.57689137720217, "params": {"p_ai": 1.8469950250075597, "p_al": 5.444465844143353, "p_ex": 2.0111304539680037, "prior": 5.562635501797696, "rate": 1.4152709353449207}, "datetime": {"datetime": "2024-06-13 09:18:54", "elapsed": 104.73014, "delta": 0.104923}}
{"target": -281.1838552384947, "params": {"p_ai": 1.860913882924621, "p_al": 7.648074817970597, "p_ex": 0.7097917708485983, "prior": 3.693767142270499, "rate": 8.77890231116656}, "datetime": {"datetime": "2024-06-13 09:18:54", "elapsed": 104.838372, "delta": 0.108232}}
{"target": -188.33563825999823, "params": {"p_ai": 1.0442696607468924, "p_al": 3.592172999392244, "p_ex": 1.1404897156144356, "prior": 8.765531034947044, "rate": 1.2632448916905008}, "datetime": {"datetime": "2024-06-13 09:18:54", "elapsed": 104.944865, "delta": 0.106493}}
{"target": -226.34550174944584, "params": {"p_ai": 2.5463005229193905, "p_al": 4.219641618837235, "p_ex": 6.652894921984129, "prior": 3.4477083901724783, "rate": 2.135803151301911}, "datetime": {"datetime": "2024-06-13 09:18:54", "elapsed": 105.051648, "delta": 0.106783}}
{"target": -257.8642263672821, "params": {"p_ai": 3.734477672558837, "p_al": 5.710675237020803, "p_ex": 9.907522742580955, "prior": 3.2723245929378826, "rate": 3.6226711604734505}, "datetime": {"datetime": "2024-06-13 09:18:54", "elapsed": 105.157115, "delta": 0.105467}}
{"target": -478.1740555066137, "params": {"p_ai": 7.062646301466503, "p_al": 2.9900579784113206, "p_ex": 3.497657509767646, "prior": 9.947082647057805, "rate": 6.043069520448973}, "datetime": {"datetime": "2024-06-13 09:18:54", "elapsed": 105.270951, "delta": 0.113836}}
{"target": -568.8436325493234, "params": {"p_ai": 8.28827913958632, "p_al": 0.3176252391757072, "p_ex": 1.4557567070423627, "prior": 7.2775552138753135, "rate": 5.397899711964559}, "datetime": {"datetime": "2024-06-13 09:18:54", "elapsed": 105.382853, "delta": 0.111902}}
{"target": -725.4898103777732, "params": {"p_ai": 9.952649800093342, "p_al": 4.956800964848641, "p_ex": 3.8416545812104723, "prior": 1.9445456383363844, "rate": 5.902074279216289}, "datetime": {"datetime": "2024-06-13 09:18:54", "elapsed": 105.487795, "delta": 0.104942}}
{"target": -1061.82933245041, "params": {"p_ai": 7.666485240265026, "p_al": 9.244467433023058, "p_ex": 1.3771206367777737, "prior": 0.08189114312752561, "rate": 4.780126931726139}, "datetime": {"datetime": "2024-06-13 09:18:55", "elapsed": 105.592515, "delta": 0.10472}}
{"target": -194.47476664655298, "params": {"p_ai": 1.830292914982966, "p_al": 6.103775776452777, "p_ex": 6.203072776459787, "prior": 4.096892220528767, "rate": 6.772375433611433}, "datetime": {"datetime": "2024-06-13 09:18:55", "elapsed": 105.697236, "delta": 0.104721}}
{"target": -339.28646904813775, "params": {"p_ai": 1.997506020536704, "p_al": 8.086011222867347, "p_ex": 0.5043465023721727, "prior": 1.7194467246754197, "rate": 9.806042588376602}, "datetime": {"datetime": "2024-06-13 09:18:55", "elapsed": 105.803896, "delta": 0.10666}}
{"target": -575.603180563964, "params": {"p_ai": 9.003871416888757, "p_al": 9.397350482215943, "p_ex": 9.084534489161134, "prior": 4.414730582333611, "rate": 9.38810223223617}, "datetime": {"datetime": "2024-06-13 09:18:55", "elapsed": 105.908616, "delta": 0.10472}}
{"target": -182.12957726986508, "params": {"p_ai": 2.374897217223815, "p_al": 0.4960936050759842, "p_ex": 5.573083480654817, "prior": 3.133889031009968, "rate": 5.321241086655658}, "datetime": {"datetime": "2024-06-13 09:18:55", "elapsed": 106.014932, "delta": 0.106316}}
{"target": -323.95330023812875, "params": {"p_ai": 4.716614085966288, "p_al": 4.831840962748342, "p_ex": 5.701205216020305, "prior": 9.234499334273318, "rate": 2.362688743098965}, "datetime": {"datetime": "2024-06-13 09:18:55", "elapsed": 106.123907, "delta": 0.108975}}
{"target": -656.0591605012847, "params": {"p_ai": 8.76092541084365, "p_al": 7.338620497153172, "p_ex": 0.793028419268005, "prior": 8.35403947254459, "rate": 3.977042541433784}, "datetime": {"datetime": "2024-06-13 09:18:55", "elapsed": 106.249962, "delta": 0.126055}}
{"target": -263.7320241487973, "params": {"p_ai": 3.358045360101825, "p_al": 0.004929638918432948, "p_ex": 2.4588060546759145, "prior": 6.879775552325568, "rate": 8.511875178501727}, "datetime": {"datetime": "2024-06-13 09:18:55", "elapsed": 106.361425, "delta": 0.111463}}
{"target": -247.02553170659087, "params": {"p_ai": 2.411253644225826, "p_al": 3.710026765329585, "p_ex": 1.5050829543145978, "prior": 8.035198140908488, "rate": 7.170520210321555}, "datetime": {"datetime": "2024-06-13 09:18:55", "elapsed": 106.467175, "delta": 0.10575}}
{"target": -416.7621294169275, "params": {"p_ai": 7.005081395607865, "p_al": 6.788866386536979, "p_ex": 8.920557995853095, "prior": 8.830426892992689, "rate": 6.254053116944359}, "datetime": {"datetime": "2024-06-13 09:18:55", "elapsed": 106.570881, "delta": 0.103706}}
{"target": -287.946283029845, "params": {"p_ai": 2.888494992021912, "p_al": 4.031624750430216, "p_ex": 0.29054354730172277, "prior": 9.164923656007396, "rate": 6.874789890986447}, "datetime": {"datetime": "2024-06-13 09:18:56", "elapsed": 106.677567, "delta": 0.106686}}
{"target": -506.83100765798554, "params": {"p_ai": 9.08180006447146, "p_al": 3.021569284048893, "p_ex": 9.448319713154849, "prior": 8.640447686233587, "rate": 8.860241578122423}, "datetime": {"datetime": "2024-06-13 09:18:56", "elapsed": 106.781853, "delta": 0.104286}}
{"target": -147.93155574627048, "params": {"p_ai": 0.0024131607540603924, "p_al": 3.773024949034168, "p_ex": 1.2241305975352685, "prior": 9.328146256783993, "rate": 5.137558817898313}, "datetime": {"datetime": "2024-06-13 09:18:56", "elapsed": 106.886525, "delta": 0.104672}}
{"target": -335.6423797308874, "params": {"p_ai": 4.893874797855624, "p_al": 4.869724747174828, "p_ex": 5.703348718331128, "prior": 5.445530591045077, "rate": 9.171191497772435}, "datetime": {"datetime": "2024-06-13 09:18:56", "elapsed": 106.991778, "delta": 0.105253}}
{"target": -636.4105894024119, "params": {"p_ai": 8.843961080725371, "p_al": 7.83740887369155, "p_ex": 3.227950630409935, "prior": 7.8445897782918435, "rate": 1.4527095656428062}, "datetime": {"datetime": "2024-06-13 09:18:56", "elapsed": 107.096144, "delta": 0.104366}}
{"target": -567.131122555504, "params": {"p_ai": 8.602401775503456, "p_al": 7.730224416470844, "p_ex": 7.7598953885519135, "prior": 5.287458244919481, "rate": 4.502403481540989}, "datetime": {"datetime": "2024-06-13 09:18:56", "elapsed": 107.201853, "delta": 0.105709}}
{"target": -173.78772855294514, "params": {"p_ai": 2.267088295432349, "p_al": 8.086973092518448, "p_ex": 9.659325036522198, "prior": 5.435776190031357, "rate": 9.022172363016855}, "datetime": {"datetime": "2024-06-13 09:18:56", "elapsed": 107.306497, "delta": 0.104644}}
{"target": -252.61887914733228, "params": {"p_ai": 2.824222069304223, "p_al": 5.1780347582439115, "p_ex": 3.282297731662208, "prior": 9.918019790908655, "rate": 2.503916201575952}, "datetime": {"datetime": "2024-06-13 09:18:56", "elapsed": 107.418403, "delta": 0.111906}}
{"target": -541.8095912366387, "params": {"p_ai": 6.7878761196273985, "p_al": 7.642256587918056, "p_ex": 0.3232341605855957, "prior": 9.822730012274928, "rate": 0.914136075297375}, "datetime": {"datetime": "2024-06-13 09:18:56", "elapsed": 107.531914, "delta": 0.113511}}
{"target": -404.2823619238845, "params": {"p_ai": 6.14113424455818, "p_al": 1.4943587574456791, "p_ex": 5.208444170554118, "prior": 0.9343575909094749, "rate": 7.812223199457574}, "datetime": {"datetime": "2024-06-13 09:18:57", "elapsed": 107.640883, "delta": 0.108969}}
{"target": -1023.6543918454796, "params": {"p_ai": 7.729537241828221, "p_al": 5.981889500526001, "p_ex": 0.1464186524360543, "prior": 0.42120018122586705, "rate": 1.8105256034517658}, "datetime": {"datetime": "2024-06-13 09:18:57", "elapsed": 107.74931, "delta": 0.108427}}
{"target": -606.8779883642234, "params": {"p_ai": 9.720334679149751, "p_al": 2.5467472891170426, "p_ex": 7.5103372498064225, "prior": 2.8130708604490677, "rate": 2.555930656746099}, "datetime": {"datetime": "2024-06-13 09:18:57", "elapsed": 107.857827, "delta": 0.108517}}
{"target": -267.79537724280124, "params": {"p_ai": 2.5793794960502834, "p_al": 2.971232902105741, "p_ex": 0.0904371047664351, "prior": 9.871774644497181, "rate": 5.6650398975873095}, "datetime": {"datetime": "2024-06-13 09:18:57", "elapsed": 107.962147, "delta": 0.10432}}
{"target": -501.2791592129735, "params": {"p_ai": 6.018822270456636, "p_al": 5.383062448523599, "p_ex": 0.4393316428380598, "prior": 4.715733368498675, "rate": 5.397225335584681}, "datetime": {"datetime": "2024-06-13 09:18:57", "elapsed": 108.067318, "delta": 0.105171}}
{"target": -530.5350519228575, "params": {"p_ai": 6.729884951727836, "p_al": 5.342145859164941, "p_ex": 0.5516680175572997, "prior": 6.20136980037383, "rate": 5.812170852564193}, "datetime": {"datetime": "2024-06-13 09:18:57", "elapsed": 108.190254, "delta": 0.122936}}
{"target": -436.90409332230723, "params": {"p_ai": 5.456417661915516, "p_al": 8.432969520852312, "p_ex": 4.4744202102791135, "prior": 6.036050897636029, "rate": 1.2370052511020126}, "datetime": {"datetime": "2024-06-13 09:18:57", "elapsed": 108.294476, "delta": 0.104222}}
{"target": -401.1524685595565, "params": {"p_ai": 2.524540150676985, "p_al": 8.503692903217253, "p_ex": 0.16322740050218212, "prior": 1.563353530050915, "rate": 8.234026362621865}, "datetime": {"datetime": "2024-06-13 09:18:57", "elapsed": 108.414509, "delta": 0.120033}}
{"target": -174.72653458505673, "params": {"p_ai": 2.2941474771120194, "p_al": 2.5926903584258394, "p_ex": 7.008205276120064, "prior": 9.665286266010238, "rate": 1.9835999198248373}, "datetime": {"datetime": "2024-06-13 09:18:57", "elapsed": 108.57178, "delta": 0.157271}}
{"target": -492.9411825153062, "params": {"p_ai": 7.47522538165057, "p_al": 1.4059219435725394, "p_ex": 3.8255932152218004, "prior": 3.2335692247824284, "rate": 8.837971404321385}, "datetime": {"datetime": "2024-06-13 09:18:58", "elapsed": 108.711624, "delta": 0.139844}}
{"target": -515.9560792179967, "params": {"p_ai": 6.554158581010341, "p_al": 3.3364200246523024, "p_ex": 0.2170579835200867, "prior": 3.690717582622661, "rate": 9.721834537767403}, "datetime": {"datetime": "2024-06-13 09:18:58", "elapsed": 108.81973, "delta": 0.108106}}
{"target": -448.5918373051175, "params": {"p_ai": 5.291461768734136, "p_al": 7.42170608723287, "p_ex": 3.4545429801032963, "prior": 4.606438063386967, "rate": 2.1171453464815797}, "datetime": {"datetime": "2024-06-13 09:18:58", "elapsed": 108.927006, "delta": 0.107276}}
{"target": -620.055410910968, "params": {"p_ai": 8.369760341642717, "p_al": 3.5987287851418053, "p_ex": 0.37184424137389627, "prior": 6.8902029107172815, "rate": 1.5587330522055973}, "datetime": {"datetime": "2024-06-13 09:18:58", "elapsed": 109.063507, "delta": 0.136501}}
{"target": -484.2511368137825, "params": {"p_ai": 7.98771294193551, "p_al": 0.1536092638006946, "p_ex": 5.856645849985007, "prior": 4.955667253979119, "rate": 9.974619875851158}, "datetime": {"datetime": "2024-06-13 09:18:58", "elapsed": 109.170195, "delta": 0.106688}}
{"target": -278.7409139976382, "params": {"p_ai": 1.344572993526239, "p_al": 6.725864268561899, "p_ex": 0.950359807521899, "prior": 1.6185223747759032, "rate": 9.883324584988317}, "datetime": {"datetime": "2024-06-13 09:18:58", "elapsed": 109.299025, "delta": 0.12883}}
{"target": -538.1454563770739, "params": {"p_ai": 8.066844009546434, "p_al": 2.447158246382357, "p_ex": 8.46315815656222, "prior": 0.3569669900902298, "rate": 5.356534904767137}, "datetime": {"datetime": "2024-06-13 09:18:58", "elapsed": 109.415709, "delta": 0.116684}}
{"target": -184.84568901935035, "params": {"p_ai": 0.9156560813263981, "p_al": 9.709085760754236, "p_ex": 5.8314262663101335, "prior": 5.557857005100962, "rate": 3.18041275716764}, "datetime": {"datetime": "2024-06-13 09:18:58", "elapsed": 109.528715, "delta": 0.113006}}
{"target": -717.0867050640509, "params": {"p_ai": 8.499195516950698, "p_al": 5.302014980143714, "p_ex": 0.1719651432931162, "prior": 1.849764010582726, "rate": 4.335249630012873}, "datetime": {"datetime": "2024-06-13 09:18:59", "elapsed": 109.688207, "delta": 0.159492}}
{"target": -295.5490390496861, "params": {"p_ai": 0.8006841346400438, "p_al": 2.807294876301211, "p_ex": 2.50470246829456, "prior": 0.0070858144496818345, "rate": 6.929160306974375}, "datetime": {"datetime": "2024-06-13 09:18:59", "elapsed": 109.81173, "delta": 0.123523}}
{"target": -563.955694606703, "params": {"p_ai": 7.739122475175086, "p_al": 8.203672630915388, "p_ex": 8.516444514251624, "prior": 1.516097284927453, "rate": 8.900476347891459}, "datetime": {"datetime": "2024-06-13 09:18:59", "elapsed": 109.924609, "delta": 0.112879}}
{"target": -447.0943617692599, "params": {"p_ai": 6.582470685255508, "p_al": 6.961640494479081, "p_ex": 5.641152570424658, "prior": 9.396880301472725, "rate": 2.5192185879677065}, "datetime": {"datetime": "2024-06-13 09:18:59", "elapsed": 110.045987, "delta": 0.121378}}
{"target": -546.6501556138493, "params": {"p_ai": 7.869055952943655, "p_al": 4.953089405221723, "p_ex": 8.909111167255265, "prior": 2.7627106992521195, "rate": 0.15345384499933612}, "datetime": {"datetime": "2024-06-13 09:18:59", "elapsed": 110.162152, "delta": 0.116165}}
{"target": -150.77051448839305, "params": {"p_ai": 0.6498451553396644, "p_al": 8.996451227127428, "p_ex": 6.411861082231753, "prior": 7.302956948346961, "rate": 5.044112683675495}, "datetime": {"datetime": "2024-06-13 09:18:59", "elapsed": 110.278067, "delta": 0.115915}}
{"target": -331.2673091482738, "params": {"p_ai": 5.5761884295247635, "p_al": 3.6395809320717802, "p_ex": 7.826573847079232, "prior": 7.568895646824035, "rate": 7.000361363341032}, "datetime": {"datetime": "2024-06-13 09:18:59", "elapsed": 110.393986, "delta": 0.115919}}
{"target": -583.4026323927537, "params": {"p_ai": 9.618962257003597, "p_al": 7.688614872456184, "p_ex": 9.779247988847397, "prior": 5.903174220486923, "rate": 6.192971647774601}, "datetime": {"datetime": "2024-06-13 09:18:59", "elapsed": 110.498942, "delta": 0.104956}}
{"target": -490.4701041463338, "params": {"p_ai": 6.390893117652819, "p_al": 3.264387498125066, "p_ex": 0.33125715159731645, "prior": 7.881975609758543, "rate": 7.102168318001721}, "datetime": {"datetime": "2024-06-13 09:19:00", "elapsed": 110.612637, "delta": 0.113695}}
{"target": -128.3306274410487, "params": {"p_ai": 0.7912378849771072, "p_al": 1.486669782533265, "p_ex": 6.863716101718253, "prior": 5.350838735760061, "rate": 1.9129532131472144}, "datetime": {"datetime": "2024-06-13 09:19:00", "elapsed": 110.731321, "delta": 0.118684}}
{"target": -244.00016572978922, "params": {"p_ai": 0.5604775554987163, "p_al": 6.114511590773306, "p_ex": 0.5370626571610718, "prior": 2.136539544210775, "rate": 5.027124040449976}, "datetime": {"datetime": "2024-06-13 09:19:00", "elapsed": 110.838913, "delta": 0.107592}}
{"target": -240.1453436973958, "params": {"p_ai": 0.941217065094407, "p_al": 4.089652201039502, "p_ex": 0.2021378650325921, "prior": 1.1955179943126049, "rate": 9.40068507565786}, "datetime": {"datetime": "2024-06-13 09:19:00", "elapsed": 110.94417, "delta": 0.105257}}
{"target": -412.51202503539145, "params": {"p_ai": 5.589052028891483, "p_al": 6.864927298504364, "p_ex": 3.7783242612042365, "prior": 7.6314509854431005, "rate": 8.963993959368008}, "datetime": {"datetime": "2024-06-13 09:19:00", "elapsed": 111.049586, "delta": 0.105416}}
{"target": -550.9415797391019, "params": {"p_ai": 9.102011437176152, "p_al": 4.965364995168459, "p_ex": 7.626339709379889, "prior": 7.089911370081905, "rate": 9.513017241338671}, "datetime": {"datetime": "2024-06-13 09:19:00", "elapsed": 111.165061, "delta": 0.115475}}
{"target": -266.92333730718616, "params": {"p_ai": 2.416303346981715, "p_al": 5.613835738122402, "p_ex": 0.4386889024105297, "prior": 9.231856412216342, "rate": 9.452620531007295}, "datetime": {"datetime": "2024-06-13 09:19:00", "elapsed": 111.270562, "delta": 0.105501}}
{"target": -381.4809677097573, "params": {"p_ai": 5.0095625425504435, "p_al": 5.861588364410452, "p_ex": 7.719646508723738, "prior": 2.494062511590284, "rate": 3.7905257699858756}, "datetime": {"datetime": "2024-06-13 09:19:00", "elapsed": 111.376204, "delta": 0.105642}}
{"target": -226.77030193420225, "params": {"p_ai": 2.886767356393754, "p_al": 5.388500848183928, "p_ex": 9.489619281316324, "prior": 3.8546215947990015, "rate": 0.4510526483715768}, "datetime": {"datetime": "2024-06-13 09:19:00", "elapsed": 111.481709, "delta": 0.105505}}
{"target": -504.4310043489618, "params": {"p_ai": 6.8255038084621535, "p_al": 4.950811571138601, "p_ex": 2.96582349698632, "prior": 4.159470178485402, "rate": 8.625240458520828}, "datetime": {"datetime": "2024-06-13 09:19:01", "elapsed": 111.590546, "delta": 0.108837}}
{"target": -487.4179216457196, "params": {"p_ai": 8.210356117785, "p_al": 1.7092925546648687, "p_ex": 6.85164764918238, "prior": 9.976635949364582, "rate": 7.843808621110356}, "datetime": {"datetime": "2024-06-13 09:19:01", "elapsed": 111.698229, "delta": 0.107683}}
{"target": -521.6156979733946, "params": {"p_ai": 7.250738507998258, "p_al": 3.1008897721241295, "p_ex": 1.5955484350535305, "prior": 8.643357218080194, "rate": 6.103851837947851}, "datetime": {"datetime": "2024-06-13 09:19:01", "elapsed": 111.803845, "delta": 0.105616}}
{"target": -292.6689488632455, "params": {"p_ai": 3.90151389493923, "p_al": 7.556151757473976, "p_ex": 7.18656022932733, "prior": 6.473683921648569, "rate": 2.0734263522718335}, "datetime": {"datetime": "2024-06-13 09:19:01", "elapsed": 111.913577, "delta": 0.109732}}
{"target": -773.3977905334315, "params": {"p_ai": 8.8553926501292, "p_al": 7.190340618322544, "p_ex": 3.0270030035828013, "prior": 0.636921390268151, "rate": 9.128051358543207}, "datetime": {"datetime": "2024-06-13 09:19:01", "elapsed": 112.029216, "delta": 0.115639}}
{"target": -550.3349456232961, "params": {"p_ai": 7.938706734457834, "p_al": 4.986337846072983, "p_ex": 4.139838016887461, "prior": 6.1560091774169186, "rate": 3.9857532458547134}, "datetime": {"datetime": "2024-06-13 09:19:01", "elapsed": 112.134933, "delta": 0.105717}}
{"target": -146.67058677045708, "params": {"p_ai": 0.3901414822148927, "p_al": 3.020381352721477, "p_ex": 2.4635393026772414, "prior": 9.723053574133592, "rate": 7.675212992944449}, "datetime": {"datetime": "2024-06-13 09:19:01", "elapsed": 112.241542, "delta": 0.106609}}
{"target": -369.5888642097475, "params": {"p_ai": 4.03756244174214, "p_al": 7.36653545986381, "p_ex": 3.027247496390776, "prior": 5.273430978494289, "rate": 2.0722252550467415}, "datetime": {"datetime": "2024-06-13 09:19:01", "elapsed": 112.345889, "delta": 0.104347}}
{"target": -263.98160039475084, "params": {"p_ai": 2.5433485755736505, "p_al": 4.340796665124917, "p_ex": 0.8251761637855287, "prior": 8.533026279332793, "rate": 9.163375833703464}, "datetime": {"datetime": "2024-06-13 09:19:01", "elapsed": 112.456968, "delta": 0.111079}}
{"target": -181.67422996442224, "params": {"p_ai": 2.131865517652924, "p_al": 4.7377463955953685, "p_ex": 8.414755557056594, "prior": 2.8835014556151, "rate": 6.107477511684517}, "datetime": {"datetime": "2024-06-13 09:19:01", "elapsed": 112.561385, "delta": 0.104417}}
{"target": -282.7957010753327, "params": {"p_ai": 4.421038071544468, "p_al": 3.9755172922412867, "p_ex": 7.893952838867759, "prior": 4.645661627447652, "rate": 4.648560381634333}, "datetime": {"datetime": "2024-06-13 09:19:02", "elapsed": 112.667103, "delta": 0.105718}}
{"target": -814.4843554840584, "params": {"p_ai": 9.92029301475014, "p_al": 9.622335724671418, "p_ex": 2.3515737989342904, "prior": 2.270310717446777, "rate": 6.627717437420285}, "datetime": {"datetime": "2024-06-13 09:19:02", "elapsed": 112.774384, "delta": 0.107281}}
{"target": -288.9667205218184, "params": {"p_ai": 4.12005240559699, "p_al": 7.18782165147362, "p_ex": 7.33480011223453, "prior": 7.833165317126014, "rate": 2.633881563500563}, "datetime": {"datetime": "2024-06-13 09:19:02", "elapsed": 112.881591, "delta": 0.107207}}
{"target": -814.247485874546, "params": {"p_ai": 9.983583794835354, "p_al": 4.937510667267648, "p_ex": 0.8401812170627261, "prior": 1.1210448167623643, "rate": 5.615435741740323}, "datetime": {"datetime": "2024-06-13 09:19:02", "elapsed": 112.995155, "delta": 0.113564}}
{"target": -379.4996085046999, "params": {"p_ai": 5.101579315319213, "p_al": 9.348420230005587, "p_ex": 9.008359782293162, "prior": 4.654571074889556, "rate": 2.0655648551479264}, "datetime": {"datetime": "2024-06-13 09:19:02", "elapsed": 113.109879, "delta": 0.114724}}
{"target": -354.0685814483869, "params": {"p_ai": 5.644611641557381, "p_al": 3.0880250843924477, "p_ex": 6.506205753925493, "prior": 5.151524964800736, "rate": 8.431957734316212}, "datetime": {"datetime": "2024-06-13 09:19:02", "elapsed": 113.216945, "delta": 0.107066}}
{"target": -150.43395008729644, "params": {"p_ai": 1.318272408917089, "p_al": 2.510816765750457, "p_ex": 5.975716811020777, "prior": 6.252522597888486, "rate": 4.126528259704839}, "datetime": {"datetime": "2024-06-13 09:19:02", "elapsed": 113.323358, "delta": 0.106413}}
{"target": -654.1937137036635, "params": {"p_ai": 9.00602115151299, "p_al": 8.102939975399439, "p_ex": 5.408957978271053, "prior": 4.050888574518294, "rate": 3.9723842641831384}, "datetime": {"datetime": "2024-06-13 09:19:02", "elapsed": 113.428082, "delta": 0.104724}}
