{"target": -146.36886904570537, "params": {"p_ai": 9.475541865009603, "p_al": 2.2151059105005597, "p_ex": 2.6714531248239735, "prior": 0.8156581748077427, "rate": 4.286759667809202}, "datetime": {"datetime": "2024-06-13 01:25:17", "elapsed": 9.306144, "delta": 0.112667}}
{"target": -92.75439385302758, "params": {"p_ai": 1.091078621426664, "p_al": 6.3382338193585674, "p_ex": 8.029829410500005, "prior": 6.968308160705665, "rate": 7.66234759937663}, "datetime": {"datetime": "2024-06-13 01:25:17", "elapsed": 9.419348, "delta": 0.113204}}
{"target": -93.04124293873014, "params": {"p_ai": 3.4251987443153546, "p_al": 8.45866897879375, "p_ex": 4.2882589812194265, "prior": 8.240274694252776, "rate": 6.265335090084314}, "datetime": {"datetime": "2024-06-13 01:25:17", "elapsed": 9.533049, "delta": 0.113701}}
{"target": -126.53320417930091, "params": {"p_ai": 1.435087063653779, "p_al": 0.7847906116496246, "p_ex": 0.1843080964871599, "prior": 0.6681832513959254, "rate": 4.586379553270611}, "datetime": {"datetime": "2024-06-13 01:25:18", "elapsed": 9.646379, "delta": 0.11333}}
{"target": -90.81889383916857, "params": {"p_ai": 1.1343058857531372, "p_al": 0.27880570513785086, "p_ex": 7.5488599524232844, "prior": 3.949109954125934, "rate": 7.469638017579644}, "datetime": {"datetime": "2024-06-13 01:25:18", "elapsed": 9.759078, "delta": 0.112699}}
{"target": -93.23708929449712, "params": {"p_ai": 4.52459586263777, "p_al": 4.501417383260611, "p_ex": 4.7812469946715925, "prior": 4.740565261695378, "rate": 8.031830257799582}, "datetime": {"datetime": "2024-06-13 01:25:18", "elapsed": 9.87178, "delta": 0.112702}}
{"target": -140.72385605298382, "params": {"p_ai": 4.024522806057501, "p_al": 9.046956917275887, "p_ex": 0.3715734184924046, "prior": 7.738969552861467, "rate": 1.2572881699962504}, "datetime": {"datetime": "2024-06-13 01:25:18", "elapsed": 9.983986, "delta": 0.112206}}
{"target": -117.80193960066858, "params": {"p_ai": 6.185517155553943, "p_al": 0.10463224909098416, "p_ex": 5.386734198480894, "prior": 0.031176548239344033, "rate": 9.511986661116556}, "datetime": {"datetime": "2024-06-13 01:25:18", "elapsed": 10.097413, "delta": 0.113427}}
{"target": -148.6515751121653, "params": {"p_ai": 9.054114934994077, "p_al": 7.959873452480752, "p_ex": 9.15282792482796, "prior": 1.4564367533528122, "rate": 1.5781429686354622}, "datetime": {"datetime": "2024-06-13 01:25:18", "elapsed": 10.209115, "delta": 0.111702}}
{"target": -88.06864130536125, "params": {"p_ai": 1.8771290973514374, "p_al": 6.225336527096912, "p_ex": 9.05818915058701, "prior": 9.899561828412377, "rate": 7.111513465199394}, "datetime": {"datetime": "2024-06-13 01:25:18", "elapsed": 10.322624, "delta": 0.113509}}
{"target": -157.29789633618665, "params": {"p_ai": 7.318272291013812, "p_al": 9.093022752238, "p_ex": 4.009336449978838, "prior": 2.4992569515701426, "rate": 1.7351282777004415}, "datetime": {"datetime": "2024-06-13 01:25:18", "elapsed": 10.43632, "delta": 0.113696}}
{"target": -113.42665906753317, "params": {"p_ai": 1.1954510462869563, "p_al": 8.126293269740254, "p_ex": 1.4687769417990144, "prior": 2.6437105297862797, "rate": 8.191072697156674}, "datetime": {"datetime": "2024-06-13 01:25:18", "elapsed": 10.549019, "delta": 0.112699}}
{"target": -112.20388650352797, "params": {"p_ai": 3.106561930690306, "p_al": 9.824192075480136, "p_ex": 2.6671203828142005, "prior": 5.336999796367143, "rate": 3.1453556448473106}, "datetime": {"datetime": "2024-06-13 01:25:19", "elapsed": 10.668699, "delta": 0.11968}}
{"target": -135.88448653993035, "params": {"p_ai": 9.1078175389072, "p_al": 3.666199881868493, "p_ex": 4.336489680404373, "prior": 5.123414630091336, "rate": 9.388925887219763}, "datetime": {"datetime": "2024-06-13 01:25:19", "elapsed": 10.781549, "delta": 0.11285}}
{"target": -103.4864995901245, "params": {"p_ai": 0.310459113705236, "p_al": 7.1690697576532605, "p_ex": 8.910298523969097, "prior": 0.2738449479511707, "rate": 5.220990421277856}, "datetime": {"datetime": "2024-06-13 01:25:19", "elapsed": 10.898267, "delta": 0.116718}}
{"target": -89.65880302781228, "params": {"p_ai": 3.2605721278884827, "p_al": 8.595033719334992, "p_ex": 5.585606992674257, "prior": 6.902588453759316, "rate": 4.529082146015424}, "datetime": {"datetime": "2024-06-13 01:25:19", "elapsed": 11.015409, "delta": 0.117142}}
{"target": -151.39980125508433, "params": {"p_ai": 6.2834620661760505, "p_al": 2.901678420022571, "p_ex": 0.0944764310871913, "prior": 5.767982593935921, "rate": 3.1151306971104957}, "datetime": {"datetime": "2024-06-13 01:25:19", "elapsed": 11.134, "delta": 0.118591}}
{"target": -112.94200444241613, "params": {"p_ai": 5.1731587174127975, "p_al": 9.164142124685924, "p_ex": 4.265321410225459, "prior": 2.4747129699872517, "rate": 3.7135663190292654}, "datetime": {"datetime": "2024-06-13 01:25:19", "elapsed": 11.252683, "delta": 0.118683}}
{"target": -135.73076984967625, "params": {"p_ai": 9.31867930524877, "p_al": 9.368746944709628, "p_ex": 8.443455155708566, "prior": 9.202144936542298, "rate": 2.279774999223218}, "datetime": {"datetime": "2024-06-13 01:25:19", "elapsed": 11.37336, "delta": 0.120677}}
{"target": -97.61123430094553, "params": {"p_ai": 0.8757346133263552, "p_al": 2.273870053110603, "p_ex": 3.1444517845243904, "prior": 1.7484839976867594, "rate": 6.071334525562633}, "datetime": {"datetime": "2024-06-13 01:25:19", "elapsed": 11.490618, "delta": 0.117258}}
{"target": -123.7991321826949, "params": {"p_ai": 4.136450563596613, "p_al": 8.163698766760314, "p_ex": 1.8521188522920375, "prior": 7.019063421033349, "rate": 2.4043158928665394}, "datetime": {"datetime": "2024-06-13 01:25:19", "elapsed": 11.608276, "delta": 0.117658}}
{"target": -136.04935060135122, "params": {"p_ai": 5.742616669319757, "p_al": 3.490526984610668, "p_ex": 0.5705870304288444, "prior": 2.288907895932798, "rate": 6.641361450992581}, "datetime": {"datetime": "2024-06-13 01:25:20", "elapsed": 11.722972, "delta": 0.114696}}
{"target": -114.47905891668147, "params": {"p_ai": 4.973003683511953, "p_al": 5.190640824752714, "p_ex": 1.7480267809391161, "prior": 5.7075877996110185, "rate": 9.967537498656892}, "datetime": {"datetime": "2024-06-13 01:25:20", "elapsed": 11.836668, "delta": 0.113696}}
{"target": -115.44710593302791, "params": {"p_ai": 8.168534252807428, "p_al": 5.944131865685947, "p_ex": 9.759914694240718, "prior": 9.015724284108543, "rate": 5.956483728092853}, "datetime": {"datetime": "2024-06-13 01:25:20", "elapsed": 11.950871, "delta": 0.114203}}
{"target": -137.70899092006505, "params": {"p_ai": 0.32523082681925664, "p_al": 0.93667738107899, "p_ex": 0.6546517787072217, "prior": 4.517879753766062, "rate": 3.75497289684541}, "datetime": {"datetime": "2024-06-13 01:25:20", "elapsed": 12.076729, "delta": 0.125858}}
{"target": -134.83278726380442, "params": {"p_ai": 9.753524992668595, "p_al": 1.6806649487029495, "p_ex": 9.72790313173462, "prior": 7.674981213761269, "rate": 8.242554158405353}, "datetime": {"datetime": "2024-06-13 01:25:20", "elapsed": 12.190922, "delta": 0.114193}}
{"target": -122.8444071882142, "params": {"p_ai": 6.326525551963195, "p_al": 6.6876589692971145, "p_ex": 4.769346452878413, "prior": 0.13235043287379938, "rate": 3.530707849332706}, "datetime": {"datetime": "2024-06-13 01:25:20", "elapsed": 12.305157, "delta": 0.114235}}
{"target": -117.85732437280343, "params": {"p_ai": 4.9212259431340915, "p_al": 7.3011820196899535, "p_ex": 4.686814799118347, "prior": 4.574591755978228, "rate": 1.377489746715086}, "datetime": {"datetime": "2024-06-13 01:25:20", "elapsed": 12.417961, "delta": 0.112804}}
{"target": -139.08890673538798, "params": {"p_ai": 0.10987644930098642, "p_al": 7.583024326509486, "p_ex": 3.200208427938706, "prior": 9.843850118484914, "rate": 2.2031220273654006}, "datetime": {"datetime": "2024-06-13 01:25:20", "elapsed": 12.531165, "delta": 0.113204}}
{"target": -94.35573751687198, "params": {"p_ai": 3.387741546791315, "p_al": 5.239437460525651, "p_ex": 7.549159679148268, "prior": 4.639113981219056, "rate": 1.2491006085736511}, "datetime": {"datetime": "2024-06-13 01:25:21", "elapsed": 12.644369, "delta": 0.113204}}
{"target": -99.35880277339766, "params": {"p_ai": 3.125701283542003, "p_al": 5.045687177840246, "p_ex": 6.73881623116066, "prior": 7.70172941316461, "rate": 1.3042274737625883}, "datetime": {"datetime": "2024-06-13 01:25:21", "elapsed": 12.757068, "delta": 0.112699}}
{"target": -107.23985630643458, "params": {"p_ai": 0.23012839809249527, "p_al": 5.191304139797683, "p_ex": 8.1000771179135, "prior": 0.12702506653173326, "rate": 6.725025976692686}, "datetime": {"datetime": "2024-06-13 01:25:21", "elapsed": 12.870764, "delta": 0.113696}}
{"target": -138.1379308852183, "params": {"p_ai": 6.868395458343262, "p_al": 4.49301828911279, "p_ex": 9.1479720787326, "prior": 6.443966486485173, "rate": 0.05339313667700704}, "datetime": {"datetime": "2024-06-13 01:25:21", "elapsed": 12.98446, "delta": 0.113696}}
{"target": -90.41018249952322, "params": {"p_ai": 4.844800026698242, "p_al": 8.593318743169903, "p_ex": 8.304165300803357, "prior": 6.491892816927667, "rate": 6.737310540562419}, "datetime": {"datetime": "2024-06-13 01:25:21", "elapsed": 13.098376, "delta": 0.113916}}
{"target": -102.34749742723477, "params": {"p_ai": 5.7854172983122165, "p_al": 2.741923631893355, "p_ex": 5.605739375370052, "prior": 6.717626118389386, "rate": 3.5249438725338718}, "datetime": {"datetime": "2024-06-13 01:25:21", "elapsed": 13.211075, "delta": 0.112699}}
{"target": -129.88689032727618, "params": {"p_ai": 8.558427844172023, "p_al": 1.9511798226010642, "p_ex": 7.473460782508901, "prior": 2.8967378591225876, "rate": 7.738219073154577}, "datetime": {"datetime": "2024-06-13 01:25:21", "elapsed": 13.32559, "delta": 0.114515}}
{"target": -99.20158248752227, "params": {"p_ai": 4.277945556031427, "p_al": 8.077176392712982, "p_ex": 3.535995091817236, "prior": 2.137718683058182, "rate": 7.673077799709245}, "datetime": {"datetime": "2024-06-13 01:25:21", "elapsed": 13.438289, "delta": 0.112699}}
{"target": -90.19333778061582, "params": {"p_ai": 3.0871108343588807, "p_al": 7.332717432196549, "p_ex": 7.444987057624244, "prior": 2.2147456123811025, "rate": 2.141907256069664}, "datetime": {"datetime": "2024-06-13 01:25:21", "elapsed": 13.551516, "delta": 0.113227}}
{"target": -92.04763017892272, "params": {"p_ai": 1.9902802863472397, "p_al": 1.4260408593206808, "p_ex": 3.7714489094741337, "prior": 0.26725221903152313, "rate": 1.110092769973372}, "datetime": {"datetime": "2024-06-13 01:25:22", "elapsed": 13.664715, "delta": 0.113199}}
{"target": -177.06340402095984, "params": {"p_ai": 6.745965673610343, "p_al": 7.997965592436966, "p_ex": 0.8062147417567307, "prior": 2.3177914025474347, "rate": 2.0770489923763398}, "datetime": {"datetime": "2024-06-13 01:25:22", "elapsed": 13.777416, "delta": 0.112701}}
{"target": -136.37730480966306, "params": {"p_ai": 9.173418297253225, "p_al": 7.113433866846732, "p_ex": 5.539292225903092, "prior": 3.0458753612182816, "rate": 8.348705622270353}, "datetime": {"datetime": "2024-06-13 01:25:22", "elapsed": 13.890118, "delta": 0.112702}}
{"target": -109.8842254088989, "params": {"p_ai": 4.353624270337571, "p_al": 9.234638694972633, "p_ex": 7.0608119915549965, "prior": 4.780835048344869, "rate": 1.2629748273898376}, "datetime": {"datetime": "2024-06-13 01:25:22", "elapsed": 14.002801, "delta": 0.112683}}
{"target": -158.32481382699902, "params": {"p_ai": 9.760459461127008, "p_al": 1.5991766697905894, "p_ex": 2.026818650071406, "prior": 4.312386369848549, "rate": 4.042614855845698}, "datetime": {"datetime": "2024-06-13 01:25:22", "elapsed": 14.116085, "delta": 0.113284}}
{"target": -108.35241254719597, "params": {"p_ai": 1.4683680561621768, "p_al": 7.293459874691873, "p_ex": 1.8882619237049822, "prior": 6.439312547472317, "rate": 7.543305199812411}, "datetime": {"datetime": "2024-06-13 01:25:22", "elapsed": 14.236764, "delta": 0.120679}}
{"target": -84.09150902559801, "params": {"p_ai": 2.108113188441124, "p_al": 6.0099415268282925, "p_ex": 7.489534824083119, "prior": 6.382548887492715, "rate": 5.971675902163545}, "datetime": {"datetime": "2024-06-13 01:25:22", "elapsed": 14.34997, "delta": 0.113206}}
{"target": -83.86071904881832, "params": {"p_ai": 2.955527374269315, "p_al": 7.316333105943847, "p_ex": 9.453139091559498, "prior": 4.256188341225208, "rate": 7.822035986497222}, "datetime": {"datetime": "2024-06-13 01:25:22", "elapsed": 14.464005, "delta": 0.114035}}
{"target": -123.80319093454683, "params": {"p_ai": 0.5623542555794911, "p_al": 8.35288075329717, "p_ex": 1.9233079182046549, "prior": 3.951573592030842, "rate": 3.001510378207639}, "datetime": {"datetime": "2024-06-13 01:25:22", "elapsed": 14.577213, "delta": 0.113208}}
{"target": -107.11188766054508, "params": {"p_ai": 0.8019563344166869, "p_al": 9.046405398359493, "p_ex": 3.702171621359829, "prior": 5.30744368732292, "rate": 4.941668542697355}, "datetime": {"datetime": "2024-06-13 01:25:23", "elapsed": 14.689911, "delta": 0.112698}}
{"target": -123.25817146051614, "params": {"p_ai": 1.3224792582874385, "p_al": 2.0653341348354406, "p_ex": 0.7628119015141794, "prior": 5.07970907775293, "rate": 2.616233968778038}, "datetime": {"datetime": "2024-06-13 01:25:23", "elapsed": 14.80461, "delta": 0.114699}}
{"target": -95.6180170626604, "params": {"p_ai": 3.5712590272190368, "p_al": 1.0815452216436712, "p_ex": 7.87573084468542, "prior": 1.0667321840112223, "rate": 9.857102528308165}, "datetime": {"datetime": "2024-06-13 01:25:23", "elapsed": 14.918301, "delta": 0.113691}}
{"target": -125.12803030435782, "params": {"p_ai": 1.772434483219735, "p_al": 5.724478719234059, "p_ex": 0.4494085005562922, "prior": 7.871375780268687, "rate": 1.8968698722351471}, "datetime": {"datetime": "2024-06-13 01:25:23", "elapsed": 15.031267, "delta": 0.112966}}
{"target": -137.4118056183816, "params": {"p_ai": 5.279511880102859, "p_al": 7.401035354047558, "p_ex": 1.5001649176876422, "prior": 5.511320654695531, "rate": 2.1669554660794654}, "datetime": {"datetime": "2024-06-13 01:25:23", "elapsed": 15.144681, "delta": 0.113414}}
{"target": -166.5856271401657, "params": {"p_ai": 7.592201297122131, "p_al": 7.229429020368581, "p_ex": 1.7663137937365532, "prior": 8.619803610113067, "rate": 0.1987312200639263}, "datetime": {"datetime": "2024-06-13 01:25:23", "elapsed": 15.258515, "delta": 0.113834}}
{"target": -134.26775937296998, "params": {"p_ai": 8.60250973723373, "p_al": 5.589479207798223, "p_ex": 4.032801500586387, "prior": 7.587710563292345, "rate": 7.169573087923007}, "datetime": {"datetime": "2024-06-13 01:25:23", "elapsed": 15.371215, "delta": 0.1127}}
{"target": -184.31343395215086, "params": {"p_ai": 9.873274421909457, "p_al": 2.7815724010812146, "p_ex": 0.03893293042101652, "prior": 9.339092180540563, "rate": 8.5791131482744}, "datetime": {"datetime": "2024-06-13 01:25:23", "elapsed": 15.489557, "delta": 0.118342}}
{"target": -112.57260907701398, "params": {"p_ai": 7.28877992431504, "p_al": 5.167371140432463, "p_ex": 7.069855496242362, "prior": 7.805515039210552, "rate": 3.749384559425057}, "datetime": {"datetime": "2024-06-13 01:25:23", "elapsed": 15.602331, "delta": 0.112774}}
{"target": -120.41339569030092, "params": {"p_ai": 7.703454930774247, "p_al": 7.506492567432579, "p_ex": 6.132498904231054, "prior": 4.019257373754407, "rate": 6.9733828846241455}, "datetime": {"datetime": "2024-06-13 01:25:24", "elapsed": 15.715029, "delta": 0.112698}}
{"target": -129.96239977747902, "params": {"p_ai": 0.032125465394095866, "p_al": 7.749191570599254, "p_ex": 8.964269607966013, "prior": 2.393917758667609, "rate": 1.208551075907988}, "datetime": {"datetime": "2024-06-13 01:25:24", "elapsed": 15.827681, "delta": 0.112652}}
{"target": -87.95382551910797, "params": {"p_ai": 2.2036195939494823, "p_al": 3.021665216169693, "p_ex": 8.830402057129778, "prior": 5.432121135950708, "rate": 2.8678297844146994}, "datetime": {"datetime": "2024-06-13 01:25:24", "elapsed": 15.939385, "delta": 0.111704}}
{"target": -88.05870347619279, "params": {"p_ai": 1.3844085432396722, "p_al": 2.902154486582312, "p_ex": 6.139097026322785, "prior": 3.242061160444569, "rate": 4.574144456728294}, "datetime": {"datetime": "2024-06-13 01:25:24", "elapsed": 16.052299, "delta": 0.112914}}
{"target": -97.34228648796348, "params": {"p_ai": 4.441726953059129, "p_al": 8.281525471954389, "p_ex": 4.264055194208071, "prior": 3.4576425129338477, "rate": 6.7500410764862435}, "datetime": {"datetime": "2024-06-13 01:25:24", "elapsed": 16.172616, "delta": 0.120317}}
{"target": -92.81484507636709, "params": {"p_ai": 2.215599075279554, "p_al": 4.672990993441612, "p_ex": 3.1483421075528404, "prior": 6.268929166026184, "rate": 8.773727386473432}, "datetime": {"datetime": "2024-06-13 01:25:24", "elapsed": 16.285248, "delta": 0.112632}}
{"target": -115.27813268574602, "params": {"p_ai": 4.47744231245614, "p_al": 7.84478973050044, "p_ex": 4.570200039914943, "prior": 6.562637087839597, "rate": 1.3192779092999938}, "datetime": {"datetime": "2024-06-13 01:25:24", "elapsed": 16.398879, "delta": 0.113631}}
{"target": -92.36697001405963, "params": {"p_ai": 4.3303820881695145, "p_al": 9.093210574560711, "p_ex": 6.055184531308316, "prior": 7.6679790977837845, "rate": 5.047501380350848}, "datetime": {"datetime": "2024-06-13 01:25:24", "elapsed": 16.511117, "delta": 0.112238}}
{"target": -131.95483730956377, "params": {"p_ai": 4.981058192655247, "p_al": 8.429155502088307, "p_ex": 0.6790015364751966, "prior": 5.733149443225297, "rate": 9.42768299175406}, "datetime": {"datetime": "2024-06-13 01:25:24", "elapsed": 16.624343, "delta": 0.113226}}
{"target": -100.17004944534303, "params": {"p_ai": 5.179082621675048, "p_al": 1.945463629469317, "p_ex": 8.479545985042318, "prior": 2.5171397844161723, "rate": 7.007559638788898}, "datetime": {"datetime": "2024-06-13 01:25:25", "elapsed": 16.738009, "delta": 0.113666}}
{"target": -140.14351898822946, "params": {"p_ai": 5.403069143028603, "p_al": 9.488414046513915, "p_ex": 6.2437426873243576, "prior": 8.379941642515245, "rate": 0.08032082906903645}, "datetime": {"datetime": "2024-06-13 01:25:25", "elapsed": 16.850708, "delta": 0.112699}}
{"target": -176.75402187157124, "params": {"p_ai": 9.893411221610213, "p_al": 0.7780679887535326, "p_ex": 3.2219730066340815, "prior": 9.461577802172197, "rate": 0.09038208461007943}, "datetime": {"datetime": "2024-06-13 01:25:25", "elapsed": 16.963406, "delta": 0.112698}}
{"target": -130.78248507249597, "params": {"p_ai": 8.227477324213933, "p_al": 8.612255172029577, "p_ex": 4.398868311271517, "prior": 2.558196192865506, "rate": 8.027092506813352}, "datetime": {"datetime": "2024-06-13 01:25:25", "elapsed": 17.076254, "delta": 0.112848}}
{"target": -85.90344605151414, "params": {"p_ai": 4.77914218231778, "p_al": 1.3442517479483056, "p_ex": 9.278562079257282, "prior": 8.959803700099478, "rate": 4.915959955019337}, "datetime": {"datetime": "2024-06-13 01:25:25", "elapsed": 17.189828, "delta": 0.113574}}
{"target": -125.99650398353043, "params": {"p_ai": 8.567168262681404, "p_al": 4.1863616796152225, "p_ex": 6.834965536762845, "prior": 3.9805084034398166, "rate": 5.057914432490653}, "datetime": {"datetime": "2024-06-13 01:25:25", "elapsed": 17.302555, "delta": 0.112727}}
{"target": -170.93039398181148, "params": {"p_ai": 1.896327476636439, "p_al": 9.649924252185027, "p_ex": 2.9428626667543027, "prior": 1.035492101607897, "rate": 1.4440096868902519}, "datetime": {"datetime": "2024-06-13 01:25:25", "elapsed": 17.415942, "delta": 0.113387}}
{"target": -120.8160040982356, "params": {"p_ai": 0.14190884963023712, "p_al": 7.1597410489244835, "p_ex": 5.645418704088501, "prior": 7.945988933496338, "rate": 5.0712921529180806}, "datetime": {"datetime": "2024-06-13 01:25:25", "elapsed": 17.528641, "delta": 0.112699}}
{"target": -120.81562344196703, "params": {"p_ai": 7.918418574002035, "p_al": 6.957946378504123, "p_ex": 7.778706920114895, "prior": 4.065422206901887, "rate": 6.478058561241625}, "datetime": {"datetime": "2024-06-13 01:25:26", "elapsed": 17.64134, "delta": 0.112699}}
{"target": -111.68460424800347, "params": {"p_ai": 1.798763182632051, "p_al": 3.2188778139156518, "p_ex": 1.7268735965778053, "prior": 4.086963612907611, "rate": 2.4149460609080227}, "datetime": {"datetime": "2024-06-13 01:25:26", "elapsed": 17.753041, "delta": 0.111701}}
{"target": -103.64176892672012, "params": {"p_ai": 4.069813019299451, "p_al": 9.752248202030684, "p_ex": 3.2038729388944907, "prior": 9.824926958803978, "rate": 6.363424952433981}, "datetime": {"datetime": "2024-06-13 01:25:26", "elapsed": 17.867952, "delta": 0.114911}}
{"target": -89.22481593586488, "params": {"p_ai": 3.7515350929207165, "p_al": 8.574987506336882, "p_ex": 6.19624780694637, "prior": 2.521078768228263, "rate": 7.9287639240909}, "datetime": {"datetime": "2024-06-13 01:25:26", "elapsed": 17.98065, "delta": 0.112698}}
{"target": -106.06569118274162, "params": {"p_ai": 4.329952148832897, "p_al": 3.5757541621370836, "p_ex": 3.3034390883142843, "prior": 6.973991387255782, "rate": 2.6872325889383593}, "datetime": {"datetime": "2024-06-13 01:25:26", "elapsed": 18.094072, "delta": 0.113422}}
{"target": -123.15753780961656, "params": {"p_ai": 8.082971859040095, "p_al": 2.953592655204078, "p_ex": 5.441669714469987, "prior": 4.879726996560219, "rate": 8.553708769541101}, "datetime": {"datetime": "2024-06-13 01:25:26", "elapsed": 18.207674, "delta": 0.113602}}
{"target": -130.15788898701985, "params": {"p_ai": 8.883975957519464, "p_al": 1.8446600392352996, "p_ex": 5.853899240923573, "prior": 8.982152255125355, "rate": 4.461726073125263}, "datetime": {"datetime": "2024-06-13 01:25:26", "elapsed": 18.321374, "delta": 0.1137}}
{"target": -135.92635422248753, "params": {"p_ai": 9.218761186532669, "p_al": 2.790629913679252, "p_ex": 6.0887029107637645, "prior": 6.824854643958388, "rate": 2.2828291277714907}, "datetime": {"datetime": "2024-06-13 01:25:26", "elapsed": 18.434228, "delta": 0.112854}}
