{"target": -1105.1674614367441, "params": {"gamma": 7.739388583314729, "lr": 0.33427640499382627}, "datetime": {"datetime": "2024-06-13 18:28:20", "elapsed": 2.603002, "delta": 0.00399}}
{"target": -197.41319912261974, "params": {"gamma": 0.8908932100029573, "lr": 0.18490559027840836}, "datetime": {"datetime": "2024-06-13 18:28:20", "elapsed": 2.606991, "delta": 0.003989}}
{"target": -751.2642046169033, "params": {"gamma": 5.2689919070424525, "lr": 0.417102418106858}, "datetime": {"datetime": "2024-06-13 18:28:20", "elapsed": 2.610981, "delta": 0.00399}}
{"target": -2114.2611769243795, "params": {"gamma": 8.006795921634268, "lr": 0.9332023381866817}, "datetime": {"datetime": "2024-06-13 18:28:20", "elapsed": 2.61497, "delta": 0.003989}}
{"target": -452.8689747797777, "params": {"gamma": 1.779469614765534, "lr": 0.8600667708762162}, "datetime": {"datetime": "2024-06-13 18:28:20", "elapsed": 2.61896, "delta": 0.00399}}
{"target": -2526.3464183057513, "params": {"gamma": 9.57399186834036, "lr": 0.9594706068497821}, "datetime": {"datetime": "2024-06-13 18:28:20", "elapsed": 2.622949, "delta": 0.003989}}
{"target": -218.57726763828785, "params": {"gamma": 0.37958801461658453, "lr": 0.05758350560817371}, "datetime": {"datetime": "2024-06-13 18:28:20", "elapsed": 2.626938, "delta": 0.003989}}
{"target": -146.58017424515484, "params": {"gamma": 0.05896813178397224, "lr": 0.3126811561554764}, "datetime": {"datetime": "2024-06-13 18:28:20", "elapsed": 2.630928, "delta": 0.00399}}
{"target": -142.94089384074718, "params": {"gamma": 0.5579284287083343, "lr": 0.29386248547054417}, "datetime": {"datetime": "2024-06-13 18:28:20", "elapsed": 2.634918, "delta": 0.00399}}
{"target": -947.0648095132245, "params": {"gamma": 3.5608088438258343, "lr": 0.9536770184739218}, "datetime": {"datetime": "2024-06-13 18:28:20", "elapsed": 2.638906, "delta": 0.003988}}
{"target": -607.5354669010438, "params": {"gamma": 4.770032273945294, "lr": 0.27823844242133033}, "datetime": {"datetime": "2024-06-13 18:28:20", "elapsed": 2.642895, "delta": 0.003989}}
{"target": -912.1030954414563, "params": {"gamma": 5.030548945314497, "lr": 0.6433579246491355}, "datetime": {"datetime": "2024-06-13 18:28:20", "elapsed": 2.646885, "delta": 0.00399}}
{"target": -273.18247599489456, "params": {"gamma": 1.1133454800017826, "lr": 0.7580616581331086}, "datetime": {"datetime": "2024-06-13 18:28:20", "elapsed": 2.650874, "delta": 0.003989}}
{"target": -2037.3602745420292, "params": {"gamma": 8.519605767101668, "lr": 0.8442498595694283}, "datetime": {"datetime": "2024-06-13 18:28:20", "elapsed": 2.654864, "delta": 0.00399}}
{"target": -1241.9477122381077, "params": {"gamma": 8.905177817288482, "lr": 0.38184239675576115}, "datetime": {"datetime": "2024-06-13 18:28:20", "elapsed": 2.658853, "delta": 0.003989}}
{"target": -1374.4087411008557, "params": {"gamma": 4.438608178466819, "lr": 0.10158147594616618}, "datetime": {"datetime": "2024-06-13 18:28:20", "elapsed": 2.662842, "delta": 0.003989}}
{"target": -608.5655540473599, "params": {"gamma": 2.25884341738992, "lr": 0.971320469273211}, "datetime": {"datetime": "2024-06-13 18:28:20", "elapsed": 2.666832, "delta": 0.00399}}
{"target": -744.712142301822, "params": {"gamma": 2.8469550657183857, "lr": 0.9073961422409973}, "datetime": {"datetime": "2024-06-13 18:28:20", "elapsed": 2.670821, "delta": 0.003989}}
{"target": -2350.59631397178, "params": {"gamma": 8.905632311496733, "lr": 0.9225044972603934}, "datetime": {"datetime": "2024-06-13 18:28:20", "elapsed": 2.67481, "delta": 0.003989}}
{"target": -417.4766176865121, "params": {"gamma": 1.5623394948435068, "lr": 0.8797221435013809}, "datetime": {"datetime": "2024-06-13 18:28:20", "elapsed": 2.678799, "delta": 0.003989}}
{"target": -1104.5776932393728, "params": {"gamma": 6.320317509680909, "lr": 0.21062817841880244}, "datetime": {"datetime": "2024-06-13 18:28:20", "elapsed": 2.682789, "delta": 0.00399}}
{"target": -661.5829719893734, "params": {"gamma": 3.4518140318860318, "lr": 0.1599187885892832}, "datetime": {"datetime": "2024-06-13 18:28:20", "elapsed": 2.686778, "delta": 0.003989}}
{"target": -1615.630351987351, "params": {"gamma": 4.444037226303826, "lr": 0.08377495384546052}, "datetime": {"datetime": "2024-06-13 18:28:20", "elapsed": 2.690767, "delta": 0.003989}}
{"target": -296.5112131500337, "params": {"gamma": 1.654019586311918, "lr": 0.19719634646666928}, "datetime": {"datetime": "2024-06-13 18:28:20", "elapsed": 2.694757, "delta": 0.00399}}
{"target": -1218.7313625899421, "params": {"gamma": 6.910582388225486, "lr": 0.573802869165353}, "datetime": {"datetime": "2024-06-13 18:28:20", "elapsed": 2.698746, "delta": 0.003989}}
{"target": -1260.6128364541694, "params": {"gamma": 8.733358017233284, "lr": 0.2446340657192081}, "datetime": {"datetime": "2024-06-13 18:28:20", "elapsed": 2.702735, "delta": 0.003989}}
{"target": -2336.410202459595, "params": {"gamma": 6.296449959232413, "lr": 0.034431265307095615}, "datetime": {"datetime": "2024-06-13 18:28:20", "elapsed": 2.705727, "delta": 0.002992}}
{"target": -1269.9313103370932, "params": {"gamma": 5.162468412309614, "lr": 0.8632264817138495}, "datetime": {"datetime": "2024-06-13 18:28:20", "elapsed": 2.709716, "delta": 0.003989}}
{"target": -3630.1931682846734, "params": {"gamma": 9.841281312305282, "lr": 0.009872975358918512}, "datetime": {"datetime": "2024-06-13 18:28:20", "elapsed": 2.713934, "delta": 0.004218}}
{"target": -392.15995454931834, "params": {"gamma": 2.5291619792860742, "lr": 0.22384967032752534}, "datetime": {"datetime": "2024-06-13 18:28:20", "elapsed": 2.717924, "delta": 0.00399}}
{"target": -246.4277901703414, "params": {"gamma": 0.4763284046833772, "lr": 0.010172456261775653}, "datetime": {"datetime": "2024-06-13 18:28:20", "elapsed": 2.721912, "delta": 0.003988}}
{"target": -1827.8554568474983, "params": {"gamma": 4.902462927130074, "lr": 0.04548214567029407}, "datetime": {"datetime": "2024-06-13 18:28:20", "elapsed": 2.725901, "delta": 0.003989}}
{"target": -514.9202580645231, "params": {"gamma": 2.784002980338173, "lr": 0.6399745691089123}, "datetime": {"datetime": "2024-06-13 18:28:20", "elapsed": 2.729891, "delta": 0.00399}}
{"target": -392.8665210915715, "params": {"gamma": 2.9476257235674814, "lr": 0.26965470115905144}, "datetime": {"datetime": "2024-06-13 18:28:20", "elapsed": 2.73388, "delta": 0.003989}}
{"target": -830.1801121555278, "params": {"gamma": 5.905874675913428, "lr": 0.38053407720964005}, "datetime": {"datetime": "2024-06-13 18:28:20", "elapsed": 2.736872, "delta": 0.002992}}
{"target": -992.6664691040177, "params": {"gamma": 7.025527816580048, "lr": 0.4961239512498611}, "datetime": {"datetime": "2024-06-13 18:28:20", "elapsed": 2.740861, "delta": 0.003989}}
{"target": -908.406757346505, "params": {"gamma": 6.33245944879897, "lr": 0.3533943470016294}, "datetime": {"datetime": "2024-06-13 18:28:20", "elapsed": 2.744851, "delta": 0.00399}}
{"target": -691.7503942180309, "params": {"gamma": 2.871152417608931, "lr": 0.13320711375110195}, "datetime": {"datetime": "2024-06-13 18:28:20", "elapsed": 2.74884, "delta": 0.003989}}
{"target": -2131.755054602522, "params": {"gamma": 9.370866767604843, "lr": 0.8048358460157946}, "datetime": {"datetime": "2024-06-13 18:28:20", "elapsed": 2.752829, "delta": 0.003989}}
{"target": -1475.6363532456787, "params": {"gamma": 9.380347403020368, "lr": 0.1853805246478023}, "datetime": {"datetime": "2024-06-13 18:28:20", "elapsed": 2.756855, "delta": 0.004026}}
{"target": -2462.6129606924947, "params": {"gamma": 9.331624472469432, "lr": 0.9357532076921331}, "datetime": {"datetime": "2024-06-13 18:28:20", "elapsed": 2.760808, "delta": 0.003953}}
{"target": -379.9747167676117, "params": {"gamma": 2.8361615915229414, "lr": 0.27463424842386297}, "datetime": {"datetime": "2024-06-13 18:28:20", "elapsed": 2.764798, "delta": 0.00399}}
{"target": -878.8265095322039, "params": {"gamma": 5.514764305160052, "lr": 0.18528923936855235}, "datetime": {"datetime": "2024-06-13 18:28:20", "elapsed": 2.768787, "delta": 0.003989}}
{"target": -710.5963684247296, "params": {"gamma": 4.421569005157032, "lr": 0.1853176459376844}, "datetime": {"datetime": "2024-06-13 18:28:20", "elapsed": 2.772777, "delta": 0.00399}}
{"target": -1331.587422769597, "params": {"gamma": 9.473811803621638, "lr": 0.4938246574910856}, "datetime": {"datetime": "2024-06-13 18:28:20", "elapsed": 2.776765, "delta": 0.003988}}
{"target": -1733.844531133175, "params": {"gamma": 9.639213756472554, "lr": 0.6449416725122118}, "datetime": {"datetime": "2024-06-13 18:28:20", "elapsed": 2.780755, "delta": 0.00399}}
{"target": -1283.1575200324269, "params": {"gamma": 4.843673414550824, "lr": 0.9676952459611975}, "datetime": {"datetime": "2024-06-13 18:28:20", "elapsed": 2.784744, "delta": 0.003989}}
{"target": -285.55006071706583, "params": {"gamma": 1.4327546273059197, "lr": 0.6323298746664966}, "datetime": {"datetime": "2024-06-13 18:28:20", "elapsed": 2.788733, "delta": 0.003989}}
{"target": -960.3159394173548, "params": {"gamma": 6.6192217900001395, "lr": 0.43383982715272595}, "datetime": {"datetime": "2024-06-13 18:28:20", "elapsed": 2.792723, "delta": 0.00399}}
{"target": -150.69087026589003, "params": {"gamma": 0.594512896164236, "lr": 0.4927226011660333}, "datetime": {"datetime": "2024-06-13 18:28:20", "elapsed": 2.796712, "delta": 0.003989}}
{"target": -1066.2444677758363, "params": {"gamma": 4.651874301237257, "lr": 0.8067468107748635}, "datetime": {"datetime": "2024-06-13 18:28:20", "elapsed": 2.800702, "delta": 0.00399}}
{"target": -377.59902444639835, "params": {"gamma": 2.5673532385398095, "lr": 0.3914303629842686}, "datetime": {"datetime": "2024-06-13 18:28:20", "elapsed": 2.80469, "delta": 0.003988}}
{"target": -499.47699860740033, "params": {"gamma": 2.402481900006551, "lr": 0.6864434151723641}, "datetime": {"datetime": "2024-06-13 18:28:20", "elapsed": 2.80868, "delta": 0.00399}}
{"target": -1565.6344904374341, "params": {"gamma": 9.898844649917818, "lr": 0.1774295368682619}, "datetime": {"datetime": "2024-06-13 18:28:20", "elapsed": 2.812669, "delta": 0.003989}}
{"target": -1187.506413880461, "params": {"gamma": 8.214645955522746, "lr": 0.2309885592816333}, "datetime": {"datetime": "2024-06-13 18:28:20", "elapsed": 2.816659, "delta": 0.00399}}
{"target": -202.6569229344055, "params": {"gamma": 0.5807001579142975, "lr": 0.13881651804567363}, "datetime": {"datetime": "2024-06-13 18:28:20", "elapsed": 2.820649, "delta": 0.00399}}
{"target": -2381.0765577165016, "params": {"gamma": 9.351596002308344, "lr": 0.8885421033562281}, "datetime": {"datetime": "2024-06-13 18:28:20", "elapsed": 2.824638, "delta": 0.003989}}
{"target": -772.9602109528912, "params": {"gamma": 2.893315694333617, "lr": 0.9477640661016069}, "datetime": {"datetime": "2024-06-13 18:28:20", "elapsed": 2.828627, "delta": 0.003989}}
{"target": -1227.1195575550034, "params": {"gamma": 8.499455421778958, "lr": 0.4346547940716735}, "datetime": {"datetime": "2024-06-13 18:28:20", "elapsed": 2.831619, "delta": 0.002992}}
{"target": -850.6534472417086, "params": {"gamma": 4.681027499109862, "lr": 0.6298530215834227}, "datetime": {"datetime": "2024-06-13 18:28:20", "elapsed": 2.835608, "delta": 0.003989}}
{"target": -624.1172953518497, "params": {"gamma": 1.581160317803163, "lr": 0.014782086742092915}, "datetime": {"datetime": "2024-06-13 18:28:20", "elapsed": 2.839598, "delta": 0.00399}}
{"target": -1010.6033336494178, "params": {"gamma": 2.655854662706386, "lr": 0.015443631942760883}, "datetime": {"datetime": "2024-06-13 18:28:20", "elapsed": 2.843587, "delta": 0.003989}}
{"target": -1098.9476102565834, "params": {"gamma": 6.745313942778413, "lr": 0.5514688358127765}, "datetime": {"datetime": "2024-06-13 18:28:20", "elapsed": 2.847576, "delta": 0.003989}}
{"target": -721.7998525441678, "params": {"gamma": 3.2171598078821737, "lr": 0.7802023371197586}, "datetime": {"datetime": "2024-06-13 18:28:20", "elapsed": 2.851565, "delta": 0.003989}}
{"target": -252.62497628972062, "params": {"gamma": 1.4587085267165556, "lr": 0.2448806387618836}, "datetime": {"datetime": "2024-06-13 18:28:20", "elapsed": 2.855555, "delta": 0.00399}}
{"target": -482.36922864346076, "params": {"gamma": 2.923845306630798, "lr": 0.19593194649899215}, "datetime": {"datetime": "2024-06-13 18:28:20", "elapsed": 2.859544, "delta": 0.003989}}
{"target": -248.99759871234022, "params": {"gamma": 0.8802988990222627, "lr": 0.8699761802716075}, "datetime": {"datetime": "2024-06-13 18:28:20", "elapsed": 2.863533, "delta": 0.003989}}
{"target": -216.74289609638774, "params": {"gamma": 0.8827982670695292, "lr": 0.6837103358216379}, "datetime": {"datetime": "2024-06-13 18:28:20", "elapsed": 2.867523, "delta": 0.00399}}
{"target": -490.90880411075153, "params": {"gamma": 1.204888367700376, "lr": 0.010699003144174157}, "datetime": {"datetime": "2024-06-13 18:28:20", "elapsed": 2.871512, "delta": 0.003989}}
{"target": -1442.438285467855, "params": {"gamma": 5.573125032519063, "lr": 0.9071090552203707}, "datetime": {"datetime": "2024-06-13 18:28:20", "elapsed": 2.875501, "delta": 0.003989}}
{"target": -1226.2493628958334, "params": {"gamma": 8.604706216701516, "lr": 0.33845138411825004}, "datetime": {"datetime": "2024-06-13 18:28:20", "elapsed": 2.879491, "delta": 0.00399}}
{"target": -145.2420062731157, "params": {"gamma": 0.27256113442929636, "lr": 0.8008593551300331}, "datetime": {"datetime": "2024-06-13 18:28:20", "elapsed": 2.88348, "delta": 0.003989}}
{"target": -1976.4547580469048, "params": {"gamma": 8.06004333796437, "lr": 0.8684881163027721}, "datetime": {"datetime": "2024-06-13 18:28:20", "elapsed": 2.88747, "delta": 0.00399}}
{"target": -1527.6550134208053, "params": {"gamma": 6.696796352155456, "lr": 0.8077788623150765}, "datetime": {"datetime": "2024-06-13 18:28:20", "elapsed": 2.891459, "delta": 0.003989}}
{"target": -1262.5311435581104, "params": {"gamma": 8.9750853247459, "lr": 0.4538299504900123}, "datetime": {"datetime": "2024-06-13 18:28:20", "elapsed": 2.895448, "delta": 0.003989}}
{"target": -908.5571953497814, "params": {"gamma": 5.578695211845391, "lr": 0.5061311288282347}, "datetime": {"datetime": "2024-06-13 18:28:20", "elapsed": 2.900435, "delta": 0.004987}}
{"target": -1395.9270373089169, "params": {"gamma": 6.920147061337664, "lr": 0.6829068676298748}, "datetime": {"datetime": "2024-06-13 18:28:20", "elapsed": 2.904424, "delta": 0.003989}}
{"target": -1197.6773156272322, "params": {"gamma": 5.203616044997302, "lr": 0.8284681480854713}, "datetime": {"datetime": "2024-06-13 18:28:20", "elapsed": 2.908413, "delta": 0.003989}}
{"target": -1164.6806302366558, "params": {"gamma": 5.058288088511875, "lr": 0.8248585623852319}, "datetime": {"datetime": "2024-06-13 18:28:20", "elapsed": 2.912403, "delta": 0.00399}}
{"target": -469.4311104935449, "params": {"gamma": 2.8191690363442863, "lr": 0.17849483297748825}, "datetime": {"datetime": "2024-06-13 18:28:20", "elapsed": 2.916439, "delta": 0.004036}}
{"target": -2018.0719787437774, "params": {"gamma": 9.698735832876796, "lr": 0.7419395254560768}, "datetime": {"datetime": "2024-06-13 18:28:20", "elapsed": 2.920431, "delta": 0.003992}}
{"target": -472.11277149596657, "params": {"gamma": 2.598657141350841, "lr": 0.5812353422911717}, "datetime": {"datetime": "2024-06-13 18:28:20", "elapsed": 2.923423, "delta": 0.002992}}
{"target": -3524.8498450617867, "params": {"gamma": 9.55266727312833, "lr": 0.0807539078120788}, "datetime": {"datetime": "2024-06-13 18:28:20", "elapsed": 2.927412, "delta": 0.003989}}
{"target": -192.7832238678158, "params": {"gamma": 0.8362585364103492, "lr": 0.6191348314199072}, "datetime": {"datetime": "2024-06-13 18:28:20", "elapsed": 2.931401, "delta": 0.003989}}
{"target": -506.19763731770655, "params": {"gamma": 2.245710294880741, "lr": 0.7651839567335081}, "datetime": {"datetime": "2024-06-13 18:28:20", "elapsed": 2.935391, "delta": 0.00399}}
{"target": -1028.0551018133617, "params": {"gamma": 5.681957276948102, "lr": 0.6661880902234952}, "datetime": {"datetime": "2024-06-13 18:28:20", "elapsed": 2.93938, "delta": 0.003989}}
{"target": -432.67402151053255, "params": {"gamma": 1.0790311940451294, "lr": 0.08428305143655679}, "datetime": {"datetime": "2024-06-13 18:28:20", "elapsed": 2.943369, "delta": 0.003989}}
{"target": -887.4468509253513, "params": {"gamma": 6.251585561986592, "lr": 0.4097312611340205}, "datetime": {"datetime": "2024-06-13 18:28:20", "elapsed": 2.947911, "delta": 0.004542}}
{"target": -174.8957594640027, "params": {"gamma": 0.8734379861959459, "lr": 0.3710639450161891}, "datetime": {"datetime": "2024-06-13 18:28:20", "elapsed": 2.951408, "delta": 0.003497}}
{"target": -1065.0366452869107, "params": {"gamma": 6.72177195215883, "lr": 0.1895874001915857}, "datetime": {"datetime": "2024-06-13 18:28:20", "elapsed": 2.955397, "delta": 0.003989}}
{"target": -2364.2074079836243, "params": {"gamma": 8.957395356178512, "lr": 0.9498463888800873}, "datetime": {"datetime": "2024-06-13 18:28:20", "elapsed": 2.959387, "delta": 0.00399}}
{"target": -2000.9398046914114, "params": {"gamma": 9.615763851802903, "lr": 0.7300825577402602}, "datetime": {"datetime": "2024-06-13 18:28:20", "elapsed": 2.963376, "delta": 0.003989}}
{"target": -855.5869310171669, "params": {"gamma": 4.063477988455463, "lr": 0.7437491963512196}, "datetime": {"datetime": "2024-06-13 18:28:20", "elapsed": 2.967366, "delta": 0.00399}}
{"target": -394.14152558517696, "params": {"gamma": 2.8805808058682407, "lr": 0.3144172223907462}, "datetime": {"datetime": "2024-06-13 18:28:20", "elapsed": 2.971355, "delta": 0.003989}}
{"target": -1070.41751952025, "params": {"gamma": 6.059357715817362, "lr": 0.5948471334079176}, "datetime": {"datetime": "2024-06-13 18:28:20", "elapsed": 2.975344, "delta": 0.003989}}
{"target": -1086.7971972548012, "params": {"gamma": 8.786731102181795, "lr": 0.25460075566057694}, "datetime": {"datetime": "2024-06-13 18:28:20", "elapsed": 2.979334, "delta": 0.00399}}
{"target": -2023.6423617422595, "params": {"gamma": 7.662117463663015, "lr": 0.9410132668189013}, "datetime": {"datetime": "2024-06-13 18:28:20", "elapsed": 2.98432, "delta": 0.004986}}
{"target": -148.7158360584374, "params": {"gamma": 0.011328293644688577, "lr": 0.47608911800210485}, "datetime": {"datetime": "2024-06-13 18:28:20", "elapsed": 2.98831, "delta": 0.00399}}
{"target": -1574.6836479788465, "params": {"gamma": 6.570746249918269, "lr": 0.8433232139195225}, "datetime": {"datetime": "2024-06-13 18:28:20", "elapsed": 2.992299, "delta": 0.003989}}
{"target": -458.69521806390566, "params": {"gamma": 1.8382103793481412, "lr": 0.8561592379873718}, "datetime": {"datetime": "2024-06-13 18:28:20", "elapsed": 2.996288, "delta": 0.003989}}
{"target": -948.0339732500586, "params": {"gamma": 3.6442904330904224, "lr": 0.8922739292761724}, "datetime": {"datetime": "2024-06-13 18:28:20", "elapsed": 3.001275, "delta": 0.004987}}
{"target": -189.53049359257798, "params": {"gamma": 0.2780896894835276, "lr": 0.08539013912317062}, "datetime": {"datetime": "2024-06-13 18:28:20", "elapsed": 3.005265, "delta": 0.00399}}
{"target": -1736.3248016949067, "params": {"gamma": 9.81412324707537, "lr": 0.6095019257734966}, "datetime": {"datetime": "2024-06-13 18:28:20", "elapsed": 3.009253, "delta": 0.003988}}
{"target": -677.2339011448663, "params": {"gamma": 4.176905835795019, "lr": 0.16921418469369054}, "datetime": {"datetime": "2024-06-13 18:28:20", "elapsed": 3.013243, "delta": 0.00399}}
{"target": -2410.4577509175733, "params": {"gamma": 6.499361629743811, "lr": 0.03697506835935782}, "datetime": {"datetime": "2024-06-13 18:28:20", "elapsed": 3.016235, "delta": 0.002992}}
{"target": -422.99008975706, "params": {"gamma": 3.116827520693586, "lr": 0.32347919698907535}, "datetime": {"datetime": "2024-06-13 18:28:20", "elapsed": 3.020224, "delta": 0.003989}}
{"target": -1098.0431101815502, "params": {"gamma": 6.074811493252022, "lr": 0.6508312566756971}, "datetime": {"datetime": "2024-06-13 18:28:20", "elapsed": 3.024214, "delta": 0.00399}}
{"target": -2233.6046069810773, "params": {"gamma": 8.460699937765456, "lr": 0.9275809425975434}, "datetime": {"datetime": "2024-06-13 18:28:20", "elapsed": 3.028203, "delta": 0.003989}}
{"target": -1165.4600873078475, "params": {"gamma": 6.604916818383386, "lr": 0.5781739184085382}, "datetime": {"datetime": "2024-06-13 18:28:20", "elapsed": 3.032192, "delta": 0.003989}}
{"target": -1058.7705813991047, "params": {"gamma": 3.987756720746455, "lr": 0.966612492642142}, "datetime": {"datetime": "2024-06-13 18:28:20", "elapsed": 3.036182, "delta": 0.00399}}
{"target": -417.02310776349435, "params": {"gamma": 1.541637639151742, "lr": 0.8950868086486484}, "datetime": {"datetime": "2024-06-13 18:28:20", "elapsed": 3.040171, "delta": 0.003989}}
{"target": -520.5691076733037, "params": {"gamma": 3.1108196657805305, "lr": 0.548489089666104}, "datetime": {"datetime": "2024-06-13 18:28:20", "elapsed": 3.04416, "delta": 0.003989}}
{"target": -991.1581994616631, "params": {"gamma": 6.8209805180697165, "lr": 0.23646965132615538}, "datetime": {"datetime": "2024-06-13 18:28:20", "elapsed": 3.04815, "delta": 0.00399}}
{"target": -297.0254991521109, "params": {"gamma": 1.678199113817666, "lr": 0.508482013429616}, "datetime": {"datetime": "2024-06-13 18:28:20", "elapsed": 3.052139, "delta": 0.003989}}
{"target": -1595.1141157419613, "params": {"gamma": 7.918846891971133, "lr": 0.6924144621670756}, "datetime": {"datetime": "2024-06-13 18:28:20", "elapsed": 3.056128, "delta": 0.003989}}
{"target": -331.93910987143295, "params": {"gamma": 1.1906143983929753, "lr": 0.900742215071733}, "datetime": {"datetime": "2024-06-13 18:28:20", "elapsed": 3.060118, "delta": 0.00399}}
{"target": -1271.1460805195015, "params": {"gamma": 4.797895932924502, "lr": 0.9466766792396476}, "datetime": {"datetime": "2024-06-13 18:28:20", "elapsed": 3.064107, "delta": 0.003989}}
