{"target": -174.16034007865858, "params": {"gamma": 5.695374633041013, "prior": 1.693617224474527, "rate": 4.6693333476103005}, "datetime": {"datetime": "2024-06-14 04:54:05", "elapsed": 0.888043, "delta": 0.008976}}
{"target": -128.78583084688347, "params": {"gamma": 3.452375339500995, "prior": 2.327895582359438, "rate": 5.925526175789202}, "datetime": {"datetime": "2024-06-14 04:54:05", "elapsed": 0.896561, "delta": 0.008518}}
{"target": -151.23610679991685, "params": {"gamma": 3.1233861071814677, "prior": 9.171424979336672, "rate": 9.09644561399062}, "datetime": {"datetime": "2024-06-14 04:54:05", "elapsed": 0.905537, "delta": 0.008976}}
{"target": -121.47407881564352, "params": {"gamma": 2.57192581952818, "prior": 1.1978238773658891, "rate": 1.9304343574591094}, "datetime": {"datetime": "2024-06-14 04:54:05", "elapsed": 0.914513, "delta": 0.008976}}
{"target": -339.12642713518744, "params": {"gamma": 4.996342122618183, "prior": 7.312998112948502, "rate": 2.082736189649506}, "datetime": {"datetime": "2024-06-14 04:54:05", "elapsed": 0.923489, "delta": 0.008976}}
{"target": -172.36743628291612, "params": {"gamma": 2.48108755021393, "prior": 8.531551561870033, "rate": 4.159071333957006}, "datetime": {"datetime": "2024-06-14 04:54:05", "elapsed": 0.931496, "delta": 0.008007}}
{"target": -361.62456610564703, "params": {"gamma": 6.167233986485208, "prior": 2.413294778468576, "rate": 1.0205706269985484}, "datetime": {"datetime": "2024-06-14 04:54:05", "elapsed": 0.940444, "delta": 0.008948}}
{"target": -338.71722365864446, "params": {"gamma": 5.159054312668331, "prior": 4.8236957717928455, "rate": 1.5275637692875392}, "datetime": {"datetime": "2024-06-14 04:54:05", "elapsed": 0.949419, "delta": 0.008975}}
{"target": -211.1828884021203, "params": {"gamma": 6.218440511172415, "prior": 5.485700176257987, "rate": 6.541719332360473}, "datetime": {"datetime": "2024-06-14 04:54:05", "elapsed": 0.958396, "delta": 0.008977}}
{"target": -157.71626304768353, "params": {"gamma": 1.4463108557064734, "prior": 7.540125389638914, "rate": 2.221269348859427}, "datetime": {"datetime": "2024-06-14 04:54:05", "elapsed": 0.967372, "delta": 0.008976}}
{"target": -473.4441476390049, "params": {"gamma": 5.193998891835965, "prior": 7.8744306793940275, "rate": 0.22428194949007}, "datetime": {"datetime": "2024-06-14 04:54:05", "elapsed": 0.976347, "delta": 0.008975}}
{"target": -155.68124626494202, "params": {"gamma": 3.2443002348021386, "prior": 8.7419315263611, "rate": 8.447251366413093}, "datetime": {"datetime": "2024-06-14 04:54:05", "elapsed": 0.985324, "delta": 0.008977}}
{"target": -199.81941755237156, "params": {"gamma": 5.384867485352843, "prior": 8.67942191424848, "rate": 9.498110107544912}, "datetime": {"datetime": "2024-06-14 04:54:05", "elapsed": 0.994306, "delta": 0.008982}}
{"target": -643.5844062222385, "params": {"gamma": 8.264243569295784, "prior": 8.555742893981733, "rate": 0.9883352748016633}, "datetime": {"datetime": "2024-06-14 04:54:05", "elapsed": 1.00527, "delta": 0.010964}}
{"target": -263.8014290905821, "params": {"gamma": 6.51339201907757, "prior": 7.064818182711264, "rate": 6.102797885653651}, "datetime": {"datetime": "2024-06-14 04:54:05", "elapsed": 1.014246, "delta": 0.008976}}
{"target": -328.345439509001, "params": {"gamma": 7.996353002098545, "prior": 0.4422550767291791, "rate": 7.702617106815245}, "datetime": {"datetime": "2024-06-14 04:54:05", "elapsed": 1.023222, "delta": 0.008976}}
{"target": -271.03835501553436, "params": {"gamma": 7.317554278794531, "prior": 2.671014093653696, "rate": 2.571435918922645}, "datetime": {"datetime": "2024-06-14 04:54:05", "elapsed": 1.032198, "delta": 0.008976}}
{"target": -184.65393968991162, "params": {"gamma": 6.323400870983849, "prior": 3.5184448697517077, "rate": 7.966090191394868}, "datetime": {"datetime": "2024-06-14 04:54:05", "elapsed": 1.041174, "delta": 0.008976}}
{"target": -166.3602163103736, "params": {"gamma": 4.46201617380257, "prior": 7.849219206363302, "rate": 9.904727364454784}, "datetime": {"datetime": "2024-06-14 04:54:05", "elapsed": 1.05015, "delta": 0.008976}}
{"target": -131.07919627158034, "params": {"gamma": 3.0031831469994668, "prior": 1.515757699755184, "rate": 9.01318305505639}, "datetime": {"datetime": "2024-06-14 04:54:05", "elapsed": 1.059126, "delta": 0.008976}}
{"target": -264.978177491907, "params": {"gamma": 5.416052229494846, "prior": 9.749929671465313, "rate": 6.366407395618971}, "datetime": {"datetime": "2024-06-14 04:54:05", "elapsed": 1.067105, "delta": 0.007979}}
{"target": -353.626858843267, "params": {"gamma": 9.939136333080178, "prior": 5.506100961015221, "rate": 5.264732913121308}, "datetime": {"datetime": "2024-06-14 04:54:05", "elapsed": 1.076081, "delta": 0.008976}}
{"target": -188.75236962042493, "params": {"gamma": 1.3551436028186268, "prior": 3.6214811927404233, "rate": 0.2631594543964365}, "datetime": {"datetime": "2024-06-14 04:54:05", "elapsed": 1.085057, "delta": 0.008976}}
{"target": -211.76417870778087, "params": {"gamma": 1.6047914000169714, "prior": 7.481808207804211, "rate": 0.3049664995979595}, "datetime": {"datetime": "2024-06-14 04:54:05", "elapsed": 1.094034, "delta": 0.008977}}
{"target": -180.20900435774226, "params": {"gamma": 3.6660644293402, "prior": 8.637227903096637, "rate": 6.927084497356036}, "datetime": {"datetime": "2024-06-14 04:54:05", "elapsed": 1.103009, "delta": 0.008975}}
{"target": -197.14932099557967, "params": {"gamma": 6.90973047851962, "prior": 1.9675043294575778, "rate": 4.419600903203486}, "datetime": {"datetime": "2024-06-14 04:54:05", "elapsed": 1.111985, "delta": 0.008976}}
{"target": -420.7591233250626, "params": {"gamma": 5.816192496035568, "prior": 9.898541905870681, "rate": 2.0398583461059854}, "datetime": {"datetime": "2024-06-14 04:54:05", "elapsed": 1.120933, "delta": 0.008948}}
{"target": -113.64152233782252, "params": {"gamma": 2.478081284721786, "prior": 2.695513529351828, "rate": 7.50197396056663}, "datetime": {"datetime": "2024-06-14 04:54:05", "elapsed": 1.129908, "delta": 0.008975}}
{"target": -179.08871355868047, "params": {"gamma": 4.570296299029493, "prior": 0.6636014402698404, "rate": 5.085653889861787}, "datetime": {"datetime": "2024-06-14 04:54:05", "elapsed": 1.138884, "delta": 0.008976}}
{"target": -172.15171061857328, "params": {"gamma": 2.120389686272116, "prior": 8.006182023126081, "rate": 2.9740164836912153}, "datetime": {"datetime": "2024-06-14 04:54:05", "elapsed": 1.149856, "delta": 0.010972}}
{"target": -130.25849126510272, "params": {"gamma": 0.2770325135330818, "prior": 5.9749812496997485, "rate": 8.438560448882956}, "datetime": {"datetime": "2024-06-14 04:54:05", "elapsed": 1.159829, "delta": 0.009973}}
{"target": -198.66444716377816, "params": {"gamma": 3.81078022449808, "prior": 7.52359727618882, "rate": 5.111903641492986}, "datetime": {"datetime": "2024-06-14 04:54:05", "elapsed": 1.168805, "delta": 0.008976}}
{"target": -231.76092778438706, "params": {"gamma": 5.409977097816925, "prior": 9.598399778511348, "rate": 8.039804954094969}, "datetime": {"datetime": "2024-06-14 04:54:05", "elapsed": 1.177781, "delta": 0.008976}}
{"target": -135.4574448813893, "params": {"gamma": 0.3241983431691163, "prior": 7.1229337871898215, "rate": 4.650549814153498}, "datetime": {"datetime": "2024-06-14 04:54:05", "elapsed": 1.186756, "delta": 0.008975}}
{"target": -295.06860685835073, "params": {"gamma": 9.475541865009603, "prior": 2.2921840698025346, "rate": 2.6714531248239735}, "datetime": {"datetime": "2024-06-14 04:54:05", "elapsed": 1.195733, "delta": 0.008977}}
{"target": -147.1952638209145, "params": {"gamma": 0.8156581748077427, "prior": 4.343326403771487, "rate": 1.091078621426664}, "datetime": {"datetime": "2024-06-14 04:54:05", "elapsed": 1.203711, "delta": 0.007978}}
{"target": -257.6815217236186, "params": {"gamma": 6.3382338193585674, "prior": 8.049336050000004, "rate": 6.968308160705665}, "datetime": {"datetime": "2024-06-14 04:54:05", "elapsed": 1.212687, "delta": 0.008976}}
{"target": -215.43009688191546, "params": {"gamma": 7.66234759937663, "prior": 3.4902957864508464, "rate": 8.45866897879375}, "datetime": {"datetime": "2024-06-14 04:54:05", "elapsed": 1.221663, "delta": 0.008976}}
{"target": -205.2235111804981, "params": {"gamma": 4.2882589812194265, "prior": 8.257697717081955, "rate": 6.265335090084314}, "datetime": {"datetime": "2024-06-14 04:54:05", "elapsed": 1.230639, "delta": 0.008976}}
{"target": -167.18226953630023, "params": {"gamma": 1.435087063653779, "prior": 0.8760303085639848, "rate": 0.1843080964871599}, "datetime": {"datetime": "2024-06-14 04:54:05", "elapsed": 1.239615, "delta": 0.008976}}
{"target": -145.91751765513214, "params": {"gamma": 0.6681832513959254, "prior": 4.639979755713475, "rate": 1.1343058857531372}, "datetime": {"datetime": "2024-06-14 04:54:05", "elapsed": 1.247594, "delta": 0.007979}}
{"target": -139.06882963036176, "params": {"gamma": 0.27880570513785086, "prior": 7.573128665765627, "rate": 3.949109954125934}, "datetime": {"datetime": "2024-06-14 04:54:05", "elapsed": 1.256571, "delta": 0.008977}}
{"target": -271.90346667721127, "params": {"gamma": 7.469638017579644, "prior": 4.57880778478987, "rate": 4.501417383260611}, "datetime": {"datetime": "2024-06-14 04:54:05", "elapsed": 1.265546, "delta": 0.008975}}
{"target": -157.97436422770804, "params": {"gamma": 4.7812469946715925, "prior": 4.79263887296572, "rate": 8.031830257799582}, "datetime": {"datetime": "2024-06-14 04:54:05", "elapsed": 1.274522, "delta": 0.008976}}
{"target": -373.9288215916349, "params": {"gamma": 4.024522806057501, "prior": 9.056392987401868, "rate": 0.3715734184924046}, "datetime": {"datetime": "2024-06-14 04:54:05", "elapsed": 1.283498, "delta": 0.008976}}
{"target": -248.8042302629565, "params": {"gamma": 7.738969552861467, "prior": 1.3438496732636145, "rate": 6.185517155553943}, "datetime": {"datetime": "2024-06-14 04:54:05", "elapsed": 1.292474, "delta": 0.008976}}
{"target": -153.97404360987355, "params": {"gamma": 0.10463224909098416, "prior": 5.4324100975058345, "rate": 0.031176548239344033}, "datetime": {"datetime": "2024-06-14 04:54:05", "elapsed": 1.30145, "delta": 0.008976}}
{"target": -361.71471830460297, "params": {"gamma": 9.511986661116556, "prior": 9.063480133657503, "rate": 7.959873452480752}, "datetime": {"datetime": "2024-06-14 04:54:05", "elapsed": 1.310426, "delta": 0.008976}}
{"target": -313.1997517579778, "params": {"gamma": 9.15282792482796, "prior": 1.541026488468131, "rate": 1.5781429686354622}, "datetime": {"datetime": "2024-06-14 04:54:05", "elapsed": 1.319402, "delta": 0.008976}}
{"target": -115.2378186956227, "params": {"gamma": 1.8771290973514374, "prior": 6.262709432769219, "rate": 9.05818915058701}, "datetime": {"datetime": "2024-06-14 04:54:05", "elapsed": 1.328378, "delta": 0.008976}}
{"target": -334.78279100896117, "params": {"gamma": 9.899561828412377, "prior": 7.1401123417815775, "rate": 7.318272291013812}, "datetime": {"datetime": "2024-06-14 04:54:05", "elapsed": 1.337354, "delta": 0.008976}}
{"target": -437.25778037640407, "params": {"gamma": 9.093022752238, "prior": 4.0686499504740965, "rate": 2.4992569515701426}, "datetime": {"datetime": "2024-06-14 04:54:05", "elapsed": 1.345335, "delta": 0.007981}}
{"target": -107.73923828488606, "params": {"gamma": 1.7351282777004415, "prior": 1.2826247983039172, "rate": 8.126293269740254}, "datetime": {"datetime": "2024-06-14 04:54:05", "elapsed": 1.354309, "delta": 0.008974}}
{"target": -103.39074959565035, "params": {"gamma": 1.4687769417990144, "prior": 2.716545078996317, "rate": 8.191072697156674}, "datetime": {"datetime": "2024-06-14 04:54:05", "elapsed": 1.363285, "delta": 0.008976}}
{"target": -233.4448069611433, "params": {"gamma": 3.106561930690306, "prior": 9.825932748000135, "rate": 2.6671203828142005}, "datetime": {"datetime": "2024-06-14 04:54:05", "elapsed": 1.372261, "delta": 0.008976}}
{"target": -166.83195281359048, "params": {"gamma": 5.336999796367143, "prior": 3.2132234107399116, "rate": 9.1078175389072}, "datetime": {"datetime": "2024-06-14 04:54:05", "elapsed": 1.381237, "delta": 0.008976}}
{"target": -154.11705189162168, "params": {"gamma": 3.666199881868493, "prior": 4.392564040004329, "rate": 5.123414630091336}, "datetime": {"datetime": "2024-06-14 04:54:05", "elapsed": 1.390213, "delta": 0.008976}}
{"target": -383.4766303098069, "params": {"gamma": 9.388925887219763, "prior": 0.4063951620843921, "rate": 7.1690697576532605}, "datetime": {"datetime": "2024-06-14 04:54:05", "elapsed": 1.399189, "delta": 0.008976}}
{"target": -353.4994961079501, "params": {"gamma": 8.910298523969097, "prior": 0.37014351282294133, "rate": 5.220990421277856}, "datetime": {"datetime": "2024-06-14 04:54:05", "elapsed": 1.408165, "delta": 0.008976}}
{"target": -182.7651826565374, "params": {"gamma": 3.2605721278884827, "prior": 8.6089442765693, "rate": 5.585606992674257}, "datetime": {"datetime": "2024-06-14 04:54:05", "elapsed": 1.417141, "delta": 0.008976}}
{"target": -212.62001130289826, "params": {"gamma": 6.902588453759316, "prior": 4.58324964952022, "rate": 6.2834620661760505}, "datetime": {"datetime": "2024-06-14 04:54:05", "elapsed": 1.426117, "delta": 0.008976}}
{"target": -149.612661768902, "params": {"gamma": 2.901678420022571, "prior": 0.19255092186850625, "rate": 5.767982593935921}, "datetime": {"datetime": "2024-06-14 04:54:05", "elapsed": 1.435093, "delta": 0.008976}}
{"target": -127.58490187951497, "params": {"gamma": 3.1151306971104957, "prior": 5.220949225161185, "rate": 9.164142124685924}, "datetime": {"datetime": "2024-06-14 04:54:06", "elapsed": 1.444071, "delta": 0.008978}}
{"target": -154.08936094257865, "params": {"gamma": 4.265321410225459, "prior": 2.549220762363616, "rate": 3.7135663190292654}, "datetime": {"datetime": "2024-06-14 04:54:06", "elapsed": 1.453046, "delta": 0.008975}}
{"target": -348.78530945771405, "params": {"gamma": 9.31867930524877, "prior": 9.374996974960027, "rate": 8.443455155708566}, "datetime": {"datetime": "2024-06-14 04:54:06", "elapsed": 1.462021, "delta": 0.008975}}
{"target": -556.0432026649448, "params": {"gamma": 9.202144936542298, "prior": 2.356212870518038, "rate": 0.8757346133263552}, "datetime": {"datetime": "2024-06-14 04:54:06", "elapsed": 1.470997, "delta": 0.008976}}
{"target": -159.78215417452967, "params": {"gamma": 2.273870053110603, "prior": 3.2123284995290997, "rate": 1.7484839976867594}, "datetime": {"datetime": "2024-06-14 04:54:06", "elapsed": 1.478976, "delta": 0.007979}}
{"target": -179.44093868628232, "params": {"gamma": 6.071334525562633, "prior": 4.194505508511497, "rate": 8.163698766760314}, "datetime": {"datetime": "2024-06-14 04:54:06", "elapsed": 1.487951, "delta": 0.008975}}
{"target": -165.92169165588302, "params": {"gamma": 1.8521188522920375, "prior": 7.048577644587473, "rate": 2.4043158928665394}, "datetime": {"datetime": "2024-06-14 04:54:06", "elapsed": 1.496927, "delta": 0.008976}}
{"target": -435.73821327219434, "params": {"gamma": 5.742616669319757, "prior": 3.55497721248581, "rate": 0.5705870304288444}, "datetime": {"datetime": "2024-06-14 04:54:06", "elapsed": 1.505903, "delta": 0.008976}}
{"target": -145.37134967232146, "params": {"gamma": 2.288907895932798, "prior": 6.674615298012455, "rate": 4.973003683511953}, "datetime": {"datetime": "2024-06-14 04:54:06", "elapsed": 1.514879, "delta": 0.008976}}
{"target": -165.69113648022537, "params": {"gamma": 5.190640824752714, "prior": 1.8297294860783329, "rate": 5.7075877996110185}, "datetime": {"datetime": "2024-06-14 04:54:06", "elapsed": 1.523884, "delta": 0.009005}}
{"target": -430.7467639752854, "params": {"gamma": 9.967537498656892, "prior": 8.186667577037056, "rate": 5.944131865685947}, "datetime": {"datetime": "2024-06-14 04:54:06", "elapsed": 1.531834, "delta": 0.00795}}
{"target": -448.51099258685724, "params": {"gamma": 9.759914694240718, "prior": 9.025469588226281, "rate": 5.956483728092853}, "datetime": {"datetime": "2024-06-14 04:54:06", "elapsed": 1.54081, "delta": 0.008976}}
{"target": -135.66929632245473, "params": {"gamma": 0.32523082681925664, "prior": 1.0264132485930595, "rate": 0.6546517787072217}, "datetime": {"datetime": "2024-06-14 04:54:06", "elapsed": 1.549786, "delta": 0.008976}}
{"target": -148.4657574703409, "params": {"gamma": 4.517879753766062, "prior": 3.816804848361792, "rate": 9.753524992668595}, "datetime": {"datetime": "2024-06-14 04:54:06", "elapsed": 1.558762, "delta": 0.008976}}
{"target": -130.24207520449707, "params": {"gamma": 1.6806649487029495, "prior": 9.730597160133286, "rate": 7.674981213761269}, "datetime": {"datetime": "2024-06-14 04:54:06", "elapsed": 1.567738, "delta": 0.008976}}
{"target": -281.9258312397137, "params": {"gamma": 8.242554158405353, "prior": 6.362896586102173, "rate": 6.6876589692971145}, "datetime": {"datetime": "2024-06-14 04:54:06", "elapsed": 1.576714, "delta": 0.008976}}
{"target": -203.34845042397893, "params": {"gamma": 4.769346452878413, "prior": 0.23004993353841524, "rate": 3.530707849332706}, "datetime": {"datetime": "2024-06-14 04:54:06", "elapsed": 1.58569, "delta": 0.008976}}
{"target": -247.44587546900337, "params": {"gamma": 4.9212259431340915, "prior": 7.327902989792033, "rate": 4.686814799118347}, "datetime": {"datetime": "2024-06-14 04:54:06", "elapsed": 1.594666, "delta": 0.008976}}
{"target": -393.70900283350414, "params": {"gamma": 4.574591755978228, "prior": 1.4628611353614713, "rate": 0.10987644930098642}, "datetime": {"datetime": "2024-06-14 04:54:06", "elapsed": 1.603642, "delta": 0.008976}}
{"target": -221.3115833474827, "params": {"gamma": 7.583024326509486, "prior": 3.267533096969016, "rate": 9.843850118484914}, "datetime": {"datetime": "2024-06-14 04:54:06", "elapsed": 1.611621, "delta": 0.007979}}
{"target": -117.96029685988155, "params": {"gamma": 2.2031220273654006, "prior": 3.453209452268629, "rate": 5.239437460525651}, "datetime": {"datetime": "2024-06-14 04:54:06", "elapsed": 1.620597, "delta": 0.008976}}
{"target": -507.8638061468567, "params": {"gamma": 7.549159679148268, "prior": 4.692192060612927, "rate": 1.2491006085736511}, "datetime": {"datetime": "2024-06-14 04:54:06", "elapsed": 1.629573, "delta": 0.008976}}
{"target": -137.0064766238981, "params": {"gamma": 3.125701283542003, "prior": 5.094739780039847, "rate": 6.73881623116066}, "datetime": {"datetime": "2024-06-14 04:54:06", "elapsed": 1.638549, "delta": 0.008976}}
{"target": -571.5705543489572, "params": {"gamma": 7.70172941316461, "prior": 1.3903242314481075, "rate": 0.23012839809249527}, "datetime": {"datetime": "2024-06-14 04:54:06", "elapsed": 1.647525, "delta": 0.008976}}
{"target": -488.3281611090419, "params": {"gamma": 5.191304139797683, "prior": 8.118888235557922, "rate": 0.12702506653173326}, "datetime": {"datetime": "2024-06-14 04:54:06", "elapsed": 1.656501, "delta": 0.008976}}
{"target": -320.0434235431897, "params": {"gamma": 6.725025976692686, "prior": 6.899401443904219, "rate": 4.49301828911279}, "datetime": {"datetime": "2024-06-14 04:54:06", "elapsed": 1.665477, "delta": 0.008976}}
{"target": -821.3366821996602, "params": {"gamma": 9.1479720787326, "prior": 6.47917473909423, "rate": 0.05339313667700704}, "datetime": {"datetime": "2024-06-14 04:54:06", "elapsed": 1.674453, "delta": 0.008976}}
{"target": -198.3808501110373, "params": {"gamma": 4.844800026698242, "prior": 8.60724628036624, "rate": 8.304165300803357}, "datetime": {"datetime": "2024-06-14 04:54:06", "elapsed": 1.682431, "delta": 0.007978}}
{"target": -264.81128342182876, "params": {"gamma": 6.491892816927667, "prior": 6.769614396596453, "rate": 5.7854172983122165}, "datetime": {"datetime": "2024-06-14 04:54:06", "elapsed": 1.691407, "delta": 0.008976}}
{"target": -134.3449338858557, "params": {"gamma": 2.741923631893355, "prior": 5.649246906306982, "rate": 6.717626118389386}, "datetime": {"datetime": "2024-06-14 04:54:06", "elapsed": 1.700384, "delta": 0.008977}}
{"target": -267.26135271143585, "params": {"gamma": 3.5249438725338718, "prior": 8.572700835813885, "rate": 1.9511798226010642}, "datetime": {"datetime": "2024-06-14 04:54:06", "elapsed": 1.709359, "delta": 0.008975}}
{"target": -213.22895183062988, "params": {"gamma": 7.473460782508901, "prior": 2.9670671872500867, "rate": 7.738219073154577}, "datetime": {"datetime": "2024-06-14 04:54:06", "elapsed": 1.718335, "delta": 0.008976}}
{"target": -259.1041644870055, "params": {"gamma": 4.277945556031427, "prior": 8.096214250210874, "rate": 3.535995091817236}, "datetime": {"datetime": "2024-06-14 04:54:06", "elapsed": 1.727314, "delta": 0.008979}}
{"target": -169.38602839958278, "params": {"gamma": 2.137718683058182, "prior": 7.696116633375489, "rate": 3.0871108343588807}, "datetime": {"datetime": "2024-06-14 04:54:06", "elapsed": 1.73629, "delta": 0.008976}}
{"target": -479.6543253164821, "params": {"gamma": 7.332717432196549, "prior": 7.4702842154695475, "rate": 2.2147456123811025}, "datetime": {"datetime": "2024-06-14 04:54:06", "elapsed": 1.745267, "delta": 0.008977}}
{"target": -145.18368756094807, "params": {"gamma": 2.141907256069664, "prior": 2.0695844419279603, "rate": 1.4260408593206808}, "datetime": {"datetime": "2024-06-14 04:54:06", "elapsed": 1.754242, "delta": 0.008975}}
{"target": -135.47839098750384, "params": {"gamma": 3.7714489094741337, "prior": 0.3636160584470526, "rate": 1.110092769973372}, "datetime": {"datetime": "2024-06-14 04:54:06", "elapsed": 1.763218, "delta": 0.008976}}
{"target": -539.9500466077141, "params": {"gamma": 6.745965673610343, "prior": 8.017787715284124, "rate": 0.8062147417567307}, "datetime": {"datetime": "2024-06-14 04:54:06", "elapsed": 1.772194, "delta": 0.008976}}
{"target": -113.16311843279914, "params": {"gamma": 2.3177914025474347, "prior": 2.1554940518577625, "rate": 9.173418297253225}, "datetime": {"datetime": "2024-06-14 04:54:06", "elapsed": 1.780172, "delta": 0.007978}}
