{"target": -211.18453057990982, "params": {"gamma": 5.5889624922088075, "prior": 2.626743526039231, "rate": 5.1791698014639245}, "datetime": {"datetime": "2024-06-14 08:53:24", "elapsed": 14.274275, "delta": 0.009973}}
{"target": -290.5473482792644, "params": {"gamma": 9.297580185091476, "prior": 1.9346601105112133, "rate": 7.342339864091912}, "datetime": {"datetime": "2024-06-14 08:53:24", "elapsed": 14.284248, "delta": 0.009973}}
{"target": -560.0108057030734, "params": {"gamma": 8.72195678460364, "prior": 6.72761646306554, "rate": 2.0377529908899317}, "datetime": {"datetime": "2024-06-14 08:53:24", "elapsed": 14.294222, "delta": 0.009974}}
{"target": -158.8046257941665, "params": {"gamma": 1.2925307977203897, "prior": 5.198826614589597, "rate": 1.3039515035572151}, "datetime": {"datetime": "2024-06-14 08:53:24", "elapsed": 14.304195, "delta": 0.009973}}
{"target": -440.2250908309741, "params": {"gamma": 8.257174308347446, "prior": 5.284080834265936, "rate": 2.9149454507613863}, "datetime": {"datetime": "2024-06-14 08:53:24", "elapsed": 14.313171, "delta": 0.008976}}
{"target": -210.3335209858345, "params": {"gamma": 5.681699207758667, "prior": 2.6803100664115536, "rate": 5.845117576613796}, "datetime": {"datetime": "2024-06-14 08:53:24", "elapsed": 14.323144, "delta": 0.009973}}
{"target": -135.4878690676294, "params": {"gamma": 2.32199215010331, "prior": 2.268615316993386, "rate": 5.185542309916678}, "datetime": {"datetime": "2024-06-14 08:53:24", "elapsed": 14.333118, "delta": 0.009974}}
{"target": -618.5461407550586, "params": {"gamma": 8.35432241661817, "prior": 6.483230627566245, "rate": 0.9428132212047013}, "datetime": {"datetime": "2024-06-14 08:53:24", "elapsed": 14.343092, "delta": 0.009974}}
{"target": -133.41557865941863, "params": {"gamma": 1.3415491851440944, "prior": 3.963975898564573, "rate": 3.1963273640149286}, "datetime": {"datetime": "2024-06-14 08:53:24", "elapsed": 14.353094, "delta": 0.010002}}
{"target": -744.0960941862517, "params": {"gamma": 8.912314797811076, "prior": 8.92378573099424, "rate": 0.2992111861366949}, "datetime": {"datetime": "2024-06-14 08:53:24", "elapsed": 14.363038, "delta": 0.009944}}
{"target": -167.79539280055099, "params": {"gamma": 2.1060088559719117, "prior": 3.9446918559051225, "rate": 1.7645710751045083}, "datetime": {"datetime": "2024-06-14 08:53:24", "elapsed": 14.373011, "delta": 0.009973}}
{"target": -287.63585815117017, "params": {"gamma": 9.186944713043502, "prior": 1.9770256796040655, "rate": 7.3401256292133965}, "datetime": {"datetime": "2024-06-14 08:53:24", "elapsed": 14.382984, "delta": 0.009973}}
{"target": -325.2840124647262, "params": {"gamma": 9.569199419728829, "prior": 4.829408647933721, "rate": 8.142378714413438}, "datetime": {"datetime": "2024-06-14 08:53:24", "elapsed": 14.392958, "delta": 0.009974}}
{"target": -211.35511173491423, "params": {"gamma": 4.282765599393484, "prior": 8.153147623700525, "rate": 7.6172232645805815}, "datetime": {"datetime": "2024-06-14 08:53:24", "elapsed": 14.401934, "delta": 0.008976}}
{"target": -306.1733776699726, "params": {"gamma": 9.596076873702136, "prior": 3.432340065789796, "rate": 7.666177450236105}, "datetime": {"datetime": "2024-06-14 08:53:24", "elapsed": 14.411907, "delta": 0.009973}}
{"target": -382.1766447678743, "params": {"gamma": 9.216256420526488, "prior": 8.12663966088829, "rate": 8.143560581729513}, "datetime": {"datetime": "2024-06-14 08:53:24", "elapsed": 14.421902, "delta": 0.009995}}
{"target": -336.49402528608334, "params": {"gamma": 9.483034089579148, "prior": 2.9777607367995413, "rate": 4.402025448023279}, "datetime": {"datetime": "2024-06-14 08:53:24", "elapsed": 14.431854, "delta": 0.009952}}
{"target": -143.84154105622287, "params": {"gamma": 1.0614689514075122, "prior": 8.785093022870859, "rate": 3.4376495800562545}, "datetime": {"datetime": "2024-06-14 08:53:24", "elapsed": 14.441827, "delta": 0.009973}}
{"target": -312.77521464031395, "params": {"gamma": 9.052543557612724, "prior": 2.118189958793863, "rate": 3.49670854682447}, "datetime": {"datetime": "2024-06-14 08:53:24", "elapsed": 14.451801, "delta": 0.009974}}
{"target": -333.02128277864284, "params": {"gamma": 6.905103296395332, "prior": 9.234794588551267, "rate": 6.879772184061891}, "datetime": {"datetime": "2024-06-14 08:53:24", "elapsed": 14.461774, "delta": 0.009973}}
{"target": -154.86001133178422, "params": {"gamma": 3.4015950863695554, "prior": 0.49643025309015587, "rate": 3.3181754241303745}, "datetime": {"datetime": "2024-06-14 08:53:24", "elapsed": 14.471747, "delta": 0.009973}}
{"target": -211.07067790118205, "params": {"gamma": 4.762134435981242, "prior": 7.330961340576835, "rate": 8.936392304537144}, "datetime": {"datetime": "2024-06-14 08:53:24", "elapsed": 14.481721, "delta": 0.009974}}
{"target": -143.8726420981292, "params": {"gamma": 0.06408410135224346, "prior": 0.8596711762344525, "rate": 2.818623672892344}, "datetime": {"datetime": "2024-06-14 08:53:24", "elapsed": 14.491694, "delta": 0.009973}}
{"target": -263.38563713248334, "params": {"gamma": 5.356653678219738, "prior": 5.404277422789192, "rate": 4.25320952977812}, "datetime": {"datetime": "2024-06-14 08:53:24", "elapsed": 14.501667, "delta": 0.009973}}
{"target": -628.541779883284, "params": {"gamma": 8.836490541785956, "prior": 7.300785245839415, "rate": 1.360477671934808}, "datetime": {"datetime": "2024-06-14 08:53:24", "elapsed": 14.511641, "delta": 0.009974}}
{"target": -160.29131278119291, "params": {"gamma": 2.3521283159904485, "prior": 5.10252796959535, "rate": 3.625823024683793}, "datetime": {"datetime": "2024-06-14 08:53:24", "elapsed": 14.521614, "delta": 0.009973}}
{"target": -268.63031941853103, "params": {"gamma": 8.086391818387844, "prior": 4.251421809439748, "rate": 9.41168440870445}, "datetime": {"datetime": "2024-06-14 08:53:24", "elapsed": 14.531587, "delta": 0.009973}}
{"target": -128.769363366707, "params": {"gamma": 1.8253827869110664, "prior": 4.879596033761096, "rate": 8.942579468503189}, "datetime": {"datetime": "2024-06-14 08:53:24", "elapsed": 14.541346, "delta": 0.009759}}
{"target": -131.89937960905183, "params": {"gamma": 0.6582946776379386, "prior": 2.8643934665653927, "rate": 2.0285264812184285}, "datetime": {"datetime": "2024-06-14 08:53:24", "elapsed": 14.55132, "delta": 0.009974}}
{"target": -323.74726263294934, "params": {"gamma": 9.848142780102968, "prior": 4.737692189034398, "rate": 8.881823309179376}, "datetime": {"datetime": "2024-06-14 08:53:24", "elapsed": 14.561294, "delta": 0.009974}}
{"target": -271.83240130535745, "params": {"gamma": 8.539400167342631, "prior": 1.1292889740891987, "rate": 3.500085683547541}, "datetime": {"datetime": "2024-06-14 08:53:24", "elapsed": 14.571266, "delta": 0.009972}}
{"target": -222.6603446924804, "params": {"gamma": 4.967458463909608, "prior": 8.801060937259923, "rate": 9.818558826019503}, "datetime": {"datetime": "2024-06-14 08:53:24", "elapsed": 14.581239, "delta": 0.009973}}
{"target": -175.22063700275964, "params": {"gamma": 3.370152344242372, "prior": 7.8412910908400715, "rate": 8.587314644739731}, "datetime": {"datetime": "2024-06-14 08:53:24", "elapsed": 14.591213, "delta": 0.009974}}
{"target": -142.76412404709487, "params": {"gamma": 2.8132116645345953, "prior": 2.0693816102392013, "rate": 6.46649017792085}, "datetime": {"datetime": "2024-06-14 08:53:24", "elapsed": 14.601186, "delta": 0.009973}}
{"target": -203.43100336477045, "params": {"gamma": 5.641829191069348, "prior": 1.630298027663653, "rate": 7.421983140023526}, "datetime": {"datetime": "2024-06-14 08:53:24", "elapsed": 14.61116, "delta": 0.009974}}
{"target": -365.2557229802016, "params": {"gamma": 3.6015667876147712, "prior": 6.08627280178168, "rate": 0.06592323285271869}, "datetime": {"datetime": "2024-06-14 08:53:24", "elapsed": 14.621133, "delta": 0.009973}}
{"target": -340.72970096497136, "params": {"gamma": 5.905563148843087, "prior": 7.360917509441076, "rate": 3.457397702569941}, "datetime": {"datetime": "2024-06-14 08:53:24", "elapsed": 14.631107, "delta": 0.009974}}
{"target": -325.35815201196965, "params": {"gamma": 7.593538905555558, "prior": 4.327004199431187, "rate": 4.2325773823623205}, "datetime": {"datetime": "2024-06-14 08:53:24", "elapsed": 14.641121, "delta": 0.010014}}
{"target": -161.0477057784233, "params": {"gamma": 2.994227023324736, "prior": 7.436483296398663, "rate": 9.17093155390691}, "datetime": {"datetime": "2024-06-14 08:53:24", "elapsed": 14.651053, "delta": 0.009932}}
{"target": -225.749327884925, "params": {"gamma": 4.431569286643207, "prior": 9.87114802409179, "rate": 7.995077879366126}, "datetime": {"datetime": "2024-06-14 08:53:24", "elapsed": 14.661027, "delta": 0.009974}}
{"target": -158.9418811614544, "params": {"gamma": 3.1130412574876014, "prior": 2.407742452022888, "rate": 3.5900011043724316}, "datetime": {"datetime": "2024-06-14 08:53:24", "elapsed": 14.671039, "delta": 0.010012}}
{"target": -184.5459763561257, "params": {"gamma": 4.047288190987675, "prior": 5.009393075339859, "rate": 7.015635889608674}, "datetime": {"datetime": "2024-06-14 08:53:24", "elapsed": 14.680973, "delta": 0.009934}}
{"target": -277.1449764723335, "params": {"gamma": 8.410142349236114, "prior": 0.6848328152847544, "rate": 4.531267048059634}, "datetime": {"datetime": "2024-06-14 08:53:24", "elapsed": 14.690975, "delta": 0.010002}}
{"target": -193.4494289027216, "params": {"gamma": 4.276131343403098, "prior": 4.29792090355555, "rate": 5.637207208839824}, "datetime": {"datetime": "2024-06-14 08:53:24", "elapsed": 14.701585, "delta": 0.01061}}
{"target": -293.9120243517136, "params": {"gamma": 9.3980782998847, "prior": 3.3701820193455276, "rate": 9.489732453291571}, "datetime": {"datetime": "2024-06-14 08:53:24", "elapsed": 14.711558, "delta": 0.009973}}
{"target": -146.79644872218196, "params": {"gamma": 2.4595966948386168, "prior": 5.529209774430184, "rate": 7.134294959360631}, "datetime": {"datetime": "2024-06-14 08:53:24", "elapsed": 14.722529, "delta": 0.010971}}
{"target": -337.6732731242626, "params": {"gamma": 8.806336338229208, "prior": 7.838817028821818, "rate": 9.657646828616505}, "datetime": {"datetime": "2024-06-14 08:53:24", "elapsed": 14.732502, "delta": 0.009973}}
{"target": -277.62574152250545, "params": {"gamma": 5.511879884156932, "prior": 9.063720741650819, "rate": 6.547188885206358}, "datetime": {"datetime": "2024-06-14 08:53:24", "elapsed": 14.743473, "delta": 0.010971}}
{"target": -123.56075021744643, "params": {"gamma": 1.6909319518823145, "prior": 0.4035410799066549, "rate": 7.608044237084763}, "datetime": {"datetime": "2024-06-14 08:53:24", "elapsed": 14.753446, "delta": 0.009973}}
{"target": -419.6001155109981, "params": {"gamma": 6.776523100769331, "prior": 2.9543033032339645, "rate": 1.061060113331068}, "datetime": {"datetime": "2024-06-14 08:53:24", "elapsed": 14.763419, "delta": 0.009973}}
{"target": -333.0122745510099, "params": {"gamma": 6.894912753981151, "prior": 7.519579902429176, "rate": 5.583261815945312}, "datetime": {"datetime": "2024-06-14 08:53:24", "elapsed": 14.773393, "delta": 0.009974}}
{"target": -234.90615474215613, "params": {"gamma": 6.6527083965787845, "prior": 4.10020372138982, "rate": 8.661009108350234}, "datetime": {"datetime": "2024-06-14 08:53:24", "elapsed": 14.783365, "delta": 0.009972}}
{"target": -257.904179648387, "params": {"gamma": 5.3244804162311095, "prior": 8.95890809663211, "rate": 7.397355841077811}, "datetime": {"datetime": "2024-06-14 08:53:24", "elapsed": 14.793339, "delta": 0.009974}}
{"target": -224.66545427077824, "params": {"gamma": 5.229495878098283, "prior": 7.224605596526511, "rate": 8.867573377717738}, "datetime": {"datetime": "2024-06-14 08:53:25", "elapsed": 14.803312, "delta": 0.009973}}
{"target": -130.06105083985037, "params": {"gamma": 1.9459183399439965, "prior": 4.355070012521711, "rate": 8.593650736304962}, "datetime": {"datetime": "2024-06-14 08:53:25", "elapsed": 14.813285, "delta": 0.009973}}
{"target": -129.60495463704314, "params": {"gamma": 0.30593315470351806, "prior": 1.417513603339808, "rate": 4.0540634531511355}, "datetime": {"datetime": "2024-06-14 08:53:25", "elapsed": 14.823259, "delta": 0.009974}}
{"target": -123.5475806168199, "params": {"gamma": 1.1244776218587826, "prior": 7.288904924237335, "rate": 9.74812518591709}, "datetime": {"datetime": "2024-06-14 08:53:25", "elapsed": 14.833232, "delta": 0.009973}}
{"target": -377.04887877759296, "params": {"gamma": 4.891176585226112, "prior": 9.606648176679078, "rate": 1.3585554114606393}, "datetime": {"datetime": "2024-06-14 08:53:25", "elapsed": 14.843207, "delta": 0.009975}}
{"target": -271.32374353445084, "params": {"gamma": 7.004733804599716, "prior": 5.8702973117927115, "rate": 7.917543891275795}, "datetime": {"datetime": "2024-06-14 08:53:25", "elapsed": 14.853179, "delta": 0.009972}}
{"target": -317.89745998336645, "params": {"gamma": 5.377468422835572, "prior": 9.80093869090961, "rate": 4.397088163352406}, "datetime": {"datetime": "2024-06-14 08:53:25", "elapsed": 14.863153, "delta": 0.009974}}
{"target": -537.1938855788504, "params": {"gamma": 9.502773262661462, "prior": 9.190957370002844, "rate": 4.2392728592820275}, "datetime": {"datetime": "2024-06-14 08:53:25", "elapsed": 14.873126, "delta": 0.009973}}
{"target": -175.9935241566815, "params": {"gamma": 4.105808538326242, "prior": 0.2974759465557887, "rate": 4.485492635920682}, "datetime": {"datetime": "2024-06-14 08:53:25", "elapsed": 14.883099, "delta": 0.009973}}
{"target": -146.22114614503306, "params": {"gamma": 1.9949007104567833, "prior": 3.4256637772910272, "rate": 2.8258754102309727}, "datetime": {"datetime": "2024-06-14 08:53:25", "elapsed": 14.893073, "delta": 0.009974}}
{"target": -262.3659262164249, "params": {"gamma": 6.702309477116513, "prior": 4.457718385964588, "rate": 6.002889962165791}, "datetime": {"datetime": "2024-06-14 08:53:25", "elapsed": 14.903046, "delta": 0.009973}}
{"target": -409.11690480189156, "params": {"gamma": 8.435340806411245, "prior": 8.344442848168343, "rate": 5.855987869562886}, "datetime": {"datetime": "2024-06-14 08:53:25", "elapsed": 14.913019, "delta": 0.009973}}
{"target": -332.6276487271455, "params": {"gamma": 4.405923932616606, "prior": 4.064061545938616, "rate": 0.7122002336399037}, "datetime": {"datetime": "2024-06-14 08:53:25", "elapsed": 14.922992, "delta": 0.009973}}
{"target": -274.0811189454356, "params": {"gamma": 4.674352425274426, "prior": 4.090123873148685, "rate": 2.0161053969500373}, "datetime": {"datetime": "2024-06-14 08:53:25", "elapsed": 14.932966, "delta": 0.009974}}
{"target": -299.3284729774702, "params": {"gamma": 8.027446895117734, "prior": 7.011664981432901, "rate": 9.754105729983317}, "datetime": {"datetime": "2024-06-14 08:53:25", "elapsed": 14.941942, "delta": 0.008976}}
{"target": -184.43722202722813, "params": {"gamma": 3.8557726961887338, "prior": 4.227583085286738, "rate": 5.197829460123607}, "datetime": {"datetime": "2024-06-14 08:53:25", "elapsed": 14.951915, "delta": 0.009973}}
{"target": -166.99713241528326, "params": {"gamma": 3.5335312774873016, "prior": 5.497942769513592, "rate": 8.897635664817782}, "datetime": {"datetime": "2024-06-14 08:53:25", "elapsed": 14.961888, "delta": 0.009973}}
{"target": -241.8365708728433, "params": {"gamma": 7.305463347346481, "prior": 2.144468303025567, "rate": 8.001728642806308}, "datetime": {"datetime": "2024-06-14 08:53:25", "elapsed": 14.971863, "delta": 0.009975}}
{"target": -475.2049385296239, "params": {"gamma": 7.953285322327399, "prior": 8.011000507978151, "rate": 3.168709736973412}, "datetime": {"datetime": "2024-06-14 08:53:25", "elapsed": 14.981835, "delta": 0.009972}}
{"target": -443.98992712508857, "params": {"gamma": 6.129902255734795, "prior": 6.557680721273064, "rate": 1.203129814105274}, "datetime": {"datetime": "2024-06-14 08:53:25", "elapsed": 14.991808, "delta": 0.009973}}
{"target": -307.54068162021105, "params": {"gamma": 9.1868342285534, "prior": 3.7445441578197576, "rate": 6.884078859625151}, "datetime": {"datetime": "2024-06-14 08:53:25", "elapsed": 15.001782, "delta": 0.009974}}
{"target": -338.2309797467582, "params": {"gamma": 9.283455455258283, "prior": 6.781234415399158, "rate": 9.38483564986149}, "datetime": {"datetime": "2024-06-14 08:53:25", "elapsed": 15.011755, "delta": 0.009973}}
{"target": -234.70214555504404, "params": {"gamma": 6.991377462572233, "prior": 1.7914931567760517, "rate": 7.289326185240949}, "datetime": {"datetime": "2024-06-14 08:53:25", "elapsed": 15.021483, "delta": 0.009728}}
{"target": -170.99551451168253, "params": {"gamma": 4.05779575275768, "prior": 3.2538756044600095, "rate": 7.806682064739028}, "datetime": {"datetime": "2024-06-14 08:53:25", "elapsed": 15.031453, "delta": 0.00997}}
{"target": -549.9789864831777, "params": {"gamma": 7.905100864498175, "prior": 9.495216479998318, "rate": 2.032649766796406}, "datetime": {"datetime": "2024-06-14 08:53:25", "elapsed": 15.041427, "delta": 0.009974}}
{"target": -277.37606418180025, "params": {"gamma": 5.32711064694857, "prior": 7.744012340448712, "rate": 5.163972338729523}, "datetime": {"datetime": "2024-06-14 08:53:25", "elapsed": 15.0514, "delta": 0.009973}}
{"target": -151.64328401663937, "params": {"gamma": 2.2886357530249133, "prior": 9.95337388401892, "rate": 8.893309115794231}, "datetime": {"datetime": "2024-06-14 08:53:25", "elapsed": 15.061373, "delta": 0.009973}}
{"target": -226.48973370368094, "params": {"gamma": 5.77185622802849, "prior": 5.426673287750362, "rate": 8.39992120466477}, "datetime": {"datetime": "2024-06-14 08:53:25", "elapsed": 15.070349, "delta": 0.008976}}
{"target": -493.78169878721235, "params": {"gamma": 9.146425179600218, "prior": 8.213895021249606, "rate": 4.3286649457508}, "datetime": {"datetime": "2024-06-14 08:53:25", "elapsed": 15.080323, "delta": 0.009974}}
{"target": -278.5439907877801, "params": {"gamma": 8.556375691660442, "prior": 2.333492784740386, "rate": 5.405620154121501}, "datetime": {"datetime": "2024-06-14 08:53:25", "elapsed": 15.090296, "delta": 0.009973}}
{"target": -167.87734483734025, "params": {"gamma": 3.1521877359098176, "prior": 1.2843815076826866, "rate": 1.455974015579314}, "datetime": {"datetime": "2024-06-14 08:53:25", "elapsed": 15.100269, "delta": 0.009973}}
{"target": -291.80116491002724, "params": {"gamma": 9.366111572060866, "prior": 2.0304250356307176, "rate": 6.499451382283563}, "datetime": {"datetime": "2024-06-14 08:53:25", "elapsed": 15.110243, "delta": 0.009974}}
{"target": -201.18930120418244, "params": {"gamma": 2.391972458242885, "prior": 5.302148770050018, "rate": 1.307211406941315}, "datetime": {"datetime": "2024-06-14 08:53:25", "elapsed": 15.120216, "delta": 0.009973}}
{"target": -150.72255547555756, "params": {"gamma": 2.89611392001835, "prior": 4.065192847476347, "rate": 7.067081063453817}, "datetime": {"datetime": "2024-06-14 08:53:25", "elapsed": 15.130189, "delta": 0.009973}}
{"target": -311.99357284054844, "params": {"gamma": 9.0107982835773, "prior": 4.342913606645138, "rate": 7.138505863828612}, "datetime": {"datetime": "2024-06-14 08:53:25", "elapsed": 15.140163, "delta": 0.009974}}
{"target": -118.54904332793465, "params": {"gamma": 1.391725519034242, "prior": 1.0956932372792056, "rate": 4.481647794143768}, "datetime": {"datetime": "2024-06-14 08:53:25", "elapsed": 15.150137, "delta": 0.009974}}
{"target": -248.95368026019435, "params": {"gamma": 7.605301828565939, "prior": 2.392991312329407, "rate": 8.09151910411932}, "datetime": {"datetime": "2024-06-14 08:53:25", "elapsed": 15.160109, "delta": 0.009972}}
{"target": -136.59928896810413, "params": {"gamma": 2.5248249478764953, "prior": 0.9296321465117505, "rate": 5.130493139683857}, "datetime": {"datetime": "2024-06-14 08:53:25", "elapsed": 15.170083, "delta": 0.009974}}
{"target": -148.40023882617186, "params": {"gamma": 0.010777103781384231, "prior": 7.110319091630252, "rate": 7.390853426863938}, "datetime": {"datetime": "2024-06-14 08:53:25", "elapsed": 15.180056, "delta": 0.009973}}
{"target": -457.47892254928934, "params": {"gamma": 9.73322264344219, "prior": 6.6653296080007065, "rate": 4.942673042576449}, "datetime": {"datetime": "2024-06-14 08:53:25", "elapsed": 15.190029, "delta": 0.009973}}
{"target": -146.92817327240363, "params": {"gamma": 0.7371595478477164, "prior": 5.389520768514386, "rate": 1.4191621099841882}, "datetime": {"datetime": "2024-06-14 08:53:25", "elapsed": 15.200003, "delta": 0.009974}}
{"target": -490.1120574513157, "params": {"gamma": 8.024085235114102, "prior": 5.803873620313776, "rate": 2.1299294622685796}, "datetime": {"datetime": "2024-06-14 08:53:25", "elapsed": 15.209976, "delta": 0.009973}}
{"target": -248.21458827715006, "params": {"gamma": 7.070844731569463, "prior": 3.3967839214683155, "rate": 6.691313025057773}, "datetime": {"datetime": "2024-06-14 08:53:25", "elapsed": 15.219522, "delta": 0.009546}}
{"target": -257.3528342963972, "params": {"gamma": 7.795731330379866, "prior": 0.9571035750915102, "rate": 5.107053969244893}, "datetime": {"datetime": "2024-06-14 08:53:25", "elapsed": 15.229496, "delta": 0.009974}}
{"target": -139.27338514055094, "params": {"gamma": 1.0376399462769927, "prior": 6.5296689069268, "rate": 3.155663327191296}, "datetime": {"datetime": "2024-06-14 08:53:25", "elapsed": 15.239469, "delta": 0.009973}}
{"target": -238.05630157051274, "params": {"gamma": 6.435368403054906, "prior": 0.5806824424773391, "rate": 8.67009697380327}, "datetime": {"datetime": "2024-06-14 08:53:25", "elapsed": 15.249033, "delta": 0.009564}}
{"target": -323.728072619014, "params": {"gamma": 4.78211439086565, "prior": 7.956176567412768, "rate": 2.267143144700332}, "datetime": {"datetime": "2024-06-14 08:53:25", "elapsed": 15.258546, "delta": 0.009513}}
{"target": -174.02114723861501, "params": {"gamma": 3.3504024487870745, "prior": 7.661371739793161, "rate": 8.534375742625368}, "datetime": {"datetime": "2024-06-14 08:53:25", "elapsed": 15.268518, "delta": 0.009972}}
