{"target": -699.8065525763807, "params": {"gamma": 5.336999796367143, "lr": 0.31446701118584963}, "datetime": {"datetime": "2024-06-13 18:28:18", "elapsed": 0.821608, "delta": 0.003989}}
{"target": -1262.7663344497378, "params": {"gamma": 9.1078175389072, "lr": 0.36655664385123443}, "datetime": {"datetime": "2024-06-13 18:28:18", "elapsed": 0.8246, "delta": 0.002992}}
{"target": -710.6926826238497, "params": {"gamma": 4.336489680404373, "lr": 0.5122926922783614}, "datetime": {"datetime": "2024-06-13 18:28:18", "elapsed": 0.828589, "delta": 0.003989}}
{"target": -3465.084807687267, "params": {"gamma": 9.388925887219763, "lr": 0.030949006271150714}, "datetime": {"datetime": "2024-06-13 18:28:18", "elapsed": 0.831581, "delta": 0.002992}}
{"target": -1852.3204694694634, "params": {"gamma": 7.1690697576532605, "lr": 0.8910189542923389}, "datetime": {"datetime": "2024-06-13 18:28:18", "elapsed": 0.83557, "delta": 0.003989}}
{"target": -137.68123419228115, "params": {"gamma": 0.2738449479511707, "lr": 0.5220512472525107}, "datetime": {"datetime": "2024-06-13 18:28:18", "elapsed": 0.83956, "delta": 0.00399}}
{"target": -807.6923693860026, "params": {"gamma": 3.2605721278884827, "lr": 0.8594893208655858}, "datetime": {"datetime": "2024-06-13 18:28:18", "elapsed": 0.842552, "delta": 0.002992}}
{"target": -1129.8741520315175, "params": {"gamma": 5.585606992674257, "lr": 0.6902278681627478}, "datetime": {"datetime": "2024-06-13 18:28:18", "elapsed": 0.845963, "delta": 0.003411}}
{"target": -823.6600234181351, "params": {"gamma": 4.529082146015424, "lr": 0.6283090375213571}, "datetime": {"datetime": "2024-06-13 18:28:18", "elapsed": 0.849953, "delta": 0.00399}}
{"target": -1099.664850592045, "params": {"gamma": 2.901678420022571, "lr": 0.009348577966515781}, "datetime": {"datetime": "2024-06-13 18:28:18", "elapsed": 0.852983, "delta": 0.00303}}
{"target": -754.0672612052441, "params": {"gamma": 5.767982593935921, "lr": 0.3114442141324628}, "datetime": {"datetime": "2024-06-13 18:28:18", "elapsed": 0.856934, "delta": 0.003951}}
{"target": -1354.7361838438578, "params": {"gamma": 5.1731587174127975, "lr": 0.9164058530538978}, "datetime": {"datetime": "2024-06-13 18:28:18", "elapsed": 0.859926, "delta": 0.002992}}
{"target": -632.0968193246188, "params": {"gamma": 4.265321410225459, "lr": 0.2473960366023854}, "datetime": {"datetime": "2024-06-13 18:28:18", "elapsed": 0.863915, "delta": 0.003989}}
{"target": -987.0086753692912, "params": {"gamma": 3.7135663190292654, "lr": 0.9318611166365406}, "datetime": {"datetime": "2024-06-13 18:28:18", "elapsed": 0.867905, "delta": 0.00399}}
{"target": -2238.99842711563, "params": {"gamma": 9.368746944709628, "lr": 0.8443299485657132}, "datetime": {"datetime": "2024-06-13 18:28:18", "elapsed": 0.870897, "delta": 0.002992}}
{"target": -1326.6901090280237, "params": {"gamma": 9.202144936542298, "lr": 0.22790028995131695}, "datetime": {"datetime": "2024-06-13 18:28:18", "elapsed": 0.874886, "delta": 0.003989}}
{"target": -186.8309649935417, "params": {"gamma": 0.8757346133263552, "lr": 0.22730973628468876}, "datetime": {"datetime": "2024-06-13 18:28:18", "elapsed": 0.878875, "delta": 0.003989}}
{"target": -518.7886220570905, "params": {"gamma": 3.1444517845243904, "lr": 0.17476587635631158}, "datetime": {"datetime": "2024-06-13 18:28:18", "elapsed": 0.881868, "delta": 0.002993}}
{"target": -862.4456521827724, "params": {"gamma": 6.071334525562633, "lr": 0.41358641500116133}, "datetime": {"datetime": "2024-06-13 18:28:18", "elapsed": 0.885857, "delta": 0.003989}}
{"target": -1287.700369013077, "params": {"gamma": 8.163698766760314, "lr": 0.18513039826903066}, "datetime": {"datetime": "2024-06-13 18:28:18", "elapsed": 0.888848, "delta": 0.002991}}
{"target": -1019.0558875669701, "params": {"gamma": 7.019063421033349, "lr": 0.24035562484913886}, "datetime": {"datetime": "2024-06-13 18:28:18", "elapsed": 0.892838, "delta": 0.00399}}
{"target": -825.9945487392674, "params": {"gamma": 5.742616669319757, "lr": 0.34898759722078887}, "datetime": {"datetime": "2024-06-13 18:28:18", "elapsed": 0.89583, "delta": 0.002992}}
{"target": -160.2769908909386, "params": {"gamma": 0.5705870304288444, "lr": 0.22881367096037586}, "datetime": {"datetime": "2024-06-13 18:28:18", "elapsed": 0.899819, "delta": 0.003989}}
{"target": -939.5179522574111, "params": {"gamma": 6.641361450992581, "lr": 0.4972500933605313}, "datetime": {"datetime": "2024-06-13 18:28:18", "elapsed": 0.903809, "delta": 0.00399}}
{"target": -834.0747800307572, "params": {"gamma": 5.190640824752714, "lr": 0.1747201501089225}, "datetime": {"datetime": "2024-06-13 18:28:18", "elapsed": 0.9068, "delta": 0.002991}}
{"target": -1509.9759112873944, "params": {"gamma": 5.7075877996110185, "lr": 0.99675342520821}, "datetime": {"datetime": "2024-06-13 18:28:18", "elapsed": 0.91079, "delta": 0.00399}}
{"target": -1438.0661992428927, "params": {"gamma": 8.168534252807428, "lr": 0.5943726238309778}, "datetime": {"datetime": "2024-06-13 18:28:18", "elapsed": 0.914352, "delta": 0.003562}}
{"target": -2518.0421183419453, "params": {"gamma": 9.759914694240718, "lr": 0.9015625846693213}, "datetime": {"datetime": "2024-06-13 18:28:18", "elapsed": 0.917344, "delta": 0.002992}}
{"target": -2212.356052122279, "params": {"gamma": 5.956483728092853, "lr": 0.032426325314457105}, "datetime": {"datetime": "2024-06-13 18:28:18", "elapsed": 0.921333, "delta": 0.003989}}
{"target": -397.51771457396836, "params": {"gamma": 0.93667738107899, "lr": 0.06537171504222639}, "datetime": {"datetime": "2024-06-13 18:28:18", "elapsed": 0.925322, "delta": 0.003989}}
{"target": -640.3673826211215, "params": {"gamma": 4.517879753766062, "lr": 0.37543483316785775}, "datetime": {"datetime": "2024-06-13 18:28:18", "elapsed": 0.928314, "delta": 0.002992}}
{"target": -1543.039401229844, "params": {"gamma": 9.753524992668595, "lr": 0.1679832931996149}, "datetime": {"datetime": "2024-06-13 18:28:18", "elapsed": 0.932304, "delta": 0.00399}}
{"target": -2124.1654352672454, "params": {"gamma": 9.72790313173462, "lr": 0.7674748688630131}, "datetime": {"datetime": "2024-06-13 18:28:18", "elapsed": 0.935296, "delta": 0.002992}}
{"target": -1485.314805463701, "params": {"gamma": 8.242554158405353, "lr": 0.6326158167779973}, "datetime": {"datetime": "2024-06-13 18:28:18", "elapsed": 0.939285, "delta": 0.003989}}
{"target": -945.9222676606612, "params": {"gamma": 6.6876589692971145, "lr": 0.47688233352119336}, "datetime": {"datetime": "2024-06-13 18:28:18", "elapsed": 0.942277, "delta": 0.002992}}
{"target": -141.66613186396648, "params": {"gamma": 0.13235043287379938, "lr": 0.3530060855418248}, "datetime": {"datetime": "2024-06-13 18:28:18", "elapsed": 0.946266, "delta": 0.003989}}
{"target": -1032.1202403954721, "params": {"gamma": 4.9212259431340915, "lr": 0.7300912110901043}, "datetime": {"datetime": "2024-06-13 18:28:18", "elapsed": 0.950256, "delta": 0.00399}}
{"target": -669.5705711366152, "params": {"gamma": 4.686814799118347, "lr": 0.4574049160894317}, "datetime": {"datetime": "2024-06-13 18:28:18", "elapsed": 0.953248, "delta": 0.002992}}
{"target": -551.7859193449904, "params": {"gamma": 1.377489746715086, "lr": 0.01088873380347899}, "datetime": {"datetime": "2024-06-13 18:28:18", "elapsed": 0.957237, "delta": 0.003989}}
{"target": -983.1194164657719, "params": {"gamma": 7.583024326509486, "lr": 0.3199528380776784}, "datetime": {"datetime": "2024-06-13 18:28:18", "elapsed": 0.960767, "delta": 0.00353}}
{"target": -1706.8904417705864, "params": {"gamma": 9.843850118484914, "lr": 0.220234226159156}, "datetime": {"datetime": "2024-06-13 18:28:18", "elapsed": 0.964757, "delta": 0.00399}}
{"target": -560.4617938908613, "params": {"gamma": 3.387741546791315, "lr": 0.5238961356661317}, "datetime": {"datetime": "2024-06-13 18:28:18", "elapsed": 0.967778, "delta": 0.003021}}
{"target": -1065.130355015561, "params": {"gamma": 7.549159679148268, "lr": 0.46385778390029564}, "datetime": {"datetime": "2024-06-13 18:28:18", "elapsed": 0.971737, "delta": 0.003959}}
{"target": -207.60126150845943, "params": {"gamma": 1.2491006085736511, "lr": 0.3125013784920495}, "datetime": {"datetime": "2024-06-13 18:28:18", "elapsed": 0.974758, "delta": 0.003021}}
{"target": -1022.3231865997539, "params": {"gamma": 5.045687177840246, "lr": 0.6738490080168676}, "datetime": {"datetime": "2024-06-13 18:28:18", "elapsed": 0.978719, "delta": 0.003961}}
{"target": -1811.4731958230213, "params": {"gamma": 7.70172941316461, "lr": 0.13033578095435427}, "datetime": {"datetime": "2024-06-13 18:28:18", "elapsed": 0.982708, "delta": 0.003989}}
{"target": -137.39810278916127, "params": {"gamma": 0.23012839809249527, "lr": 0.5190823222119895}, "datetime": {"datetime": "2024-06-13 18:28:18", "elapsed": 0.986697, "delta": 0.003989}}
{"target": -2994.6648996656795, "params": {"gamma": 8.1000771179135, "lr": 0.012603767029876312}, "datetime": {"datetime": "2024-06-13 18:28:18", "elapsed": 0.990686, "delta": 0.003989}}
{"target": -1357.0166692787138, "params": {"gamma": 6.725025976692686, "lr": 0.6868082266569918}, "datetime": {"datetime": "2024-06-13 18:28:18", "elapsed": 0.994676, "delta": 0.00399}}
{"target": -1178.2892989030506, "params": {"gamma": 4.49301828911279, "lr": 0.9147886867419343}, "datetime": {"datetime": "2024-06-13 18:28:18", "elapsed": 0.998665, "delta": 0.003989}}
{"target": -2390.242375283647, "params": {"gamma": 6.443966486485173, "lr": 0.005239837651465851}, "datetime": {"datetime": "2024-06-13 18:28:18", "elapsed": 1.001657, "delta": 0.002992}}
{"target": -1192.5634627332036, "params": {"gamma": 4.844800026698242, "lr": 0.8593178060976}, "datetime": {"datetime": "2024-06-13 18:28:18", "elapsed": 1.005646, "delta": 0.003989}}
{"target": -1495.6142227034384, "params": {"gamma": 8.304165300803357, "lr": 0.6491541971124779}, "datetime": {"datetime": "2024-06-13 18:28:18", "elapsed": 1.009636, "delta": 0.00399}}
{"target": -1188.532053157935, "params": {"gamma": 6.737310540562419, "lr": 0.5784995797892005}, "datetime": {"datetime": "2024-06-13 18:28:18", "elapsed": 1.012628, "delta": 0.002992}}
{"target": -477.11585308767826, "params": {"gamma": 2.741923631893355, "lr": 0.5605299905360588}, "datetime": {"datetime": "2024-06-13 18:28:18", "elapsed": 1.016618, "delta": 0.00399}}
{"target": -962.2528190266795, "params": {"gamma": 6.717626118389386, "lr": 0.35242963021640883}, "datetime": {"datetime": "2024-06-13 18:28:18", "elapsed": 1.020609, "delta": 0.003991}}
{"target": -1348.6708446261257, "params": {"gamma": 8.558427844172023, "lr": 0.1950374860087073}, "datetime": {"datetime": "2024-06-13 18:28:18", "elapsed": 1.028585, "delta": 0.007976}}
{"target": -868.6620630885279, "params": {"gamma": 7.473460782508901, "lr": 0.2896027461868774}, "datetime": {"datetime": "2024-06-13 18:28:18", "elapsed": 1.034569, "delta": 0.005984}}
{"target": -1093.8245278827694, "params": {"gamma": 7.738219073154577, "lr": 0.4277373293360762}, "datetime": {"datetime": "2024-06-13 18:28:18", "elapsed": 1.038559, "delta": 0.00399}}
{"target": -1152.4294758201129, "params": {"gamma": 8.077176392712982, "lr": 0.3535348626679904}, "datetime": {"datetime": "2024-06-13 18:28:18", "elapsed": 1.04155, "delta": 0.002991}}
{"target": -483.3643185174899, "params": {"gamma": 2.137718683058182, "lr": 0.7672845084217665}, "datetime": {"datetime": "2024-06-13 18:28:18", "elapsed": 1.04554, "delta": 0.00399}}
{"target": -655.4988135588238, "params": {"gamma": 3.0871108343588807, "lr": 0.7332450677264275}, "datetime": {"datetime": "2024-06-13 18:28:18", "elapsed": 1.049529, "delta": 0.003989}}
{"target": -1296.767713124097, "params": {"gamma": 7.444987057624244, "lr": 0.22139670090820107}, "datetime": {"datetime": "2024-06-13 18:28:18", "elapsed": 1.052521, "delta": 0.002992}}
{"target": -366.28662930154553, "params": {"gamma": 2.141907256069664, "lr": 0.1989479234270667}, "datetime": {"datetime": "2024-06-13 18:28:18", "elapsed": 1.056511, "delta": 0.00399}}
{"target": -233.45781646207143, "params": {"gamma": 1.4260408593206808, "lr": 0.3770825992073341}, "datetime": {"datetime": "2024-06-13 18:28:18", "elapsed": 1.0605, "delta": 0.003989}}
{"target": -174.59713510330846, "params": {"gamma": 0.26725221903152313, "lr": 0.11092036903424063}, "datetime": {"datetime": "2024-06-13 18:28:18", "elapsed": 1.063492, "delta": 0.002992}}
{"target": -1494.1215786002765, "params": {"gamma": 6.745965673610343, "lr": 0.7997765368973863}, "datetime": {"datetime": "2024-06-13 18:28:18", "elapsed": 1.067481, "delta": 0.003989}}
{"target": -180.0898126704983, "params": {"gamma": 0.8062147417567307, "lr": 0.23170231048579204}, "datetime": {"datetime": "2024-06-13 18:28:18", "elapsed": 1.07147, "delta": 0.003989}}
{"target": -561.7938472890003, "params": {"gamma": 2.0770489923763398, "lr": 0.9173335630816306}, "datetime": {"datetime": "2024-06-13 18:28:18", "elapsed": 1.074463, "delta": 0.002993}}
{"target": -1157.7912511916977, "params": {"gamma": 7.113433866846732, "lr": 0.5538846110514143}, "datetime": {"datetime": "2024-06-13 18:28:18", "elapsed": 1.078452, "delta": 0.003989}}
{"target": -740.1568503421526, "params": {"gamma": 3.0458753612182816, "lr": 0.8348540476317985}, "datetime": {"datetime": "2024-06-13 18:28:18", "elapsed": 1.081444, "delta": 0.002992}}
{"target": -1154.6293844385937, "params": {"gamma": 4.353624270337571, "lr": 0.9234562151187752}, "datetime": {"datetime": "2024-06-13 18:28:18", "elapsed": 1.085433, "delta": 0.003989}}
{"target": -997.5486732273519, "params": {"gamma": 7.0608119915549965, "lr": 0.47803130796528337}, "datetime": {"datetime": "2024-06-13 18:28:18", "elapsed": 1.089424, "delta": 0.003991}}
{"target": -356.1561608885493, "params": {"gamma": 1.2629748273898376, "lr": 0.9760435504677476}, "datetime": {"datetime": "2024-06-13 18:28:18", "elapsed": 1.093412, "delta": 0.003988}}
{"target": -311.91502403307595, "params": {"gamma": 1.5991766697905894, "lr": 0.2026021252196626}, "datetime": {"datetime": "2024-06-13 18:28:18", "elapsed": 1.096404, "delta": 0.002992}}
{"target": -619.1038369608873, "params": {"gamma": 4.312386369848549, "lr": 0.40420190577514725}, "datetime": {"datetime": "2024-06-13 18:28:18", "elapsed": 1.100393, "delta": 0.003989}}
{"target": -331.1265821714347, "params": {"gamma": 1.4683680561621768, "lr": 0.7293189193611234}, "datetime": {"datetime": "2024-06-13 18:28:18", "elapsed": 1.104383, "delta": 0.00399}}
{"target": -360.53988082193064, "params": {"gamma": 1.8882619237049822, "lr": 0.6438956443116628}, "datetime": {"datetime": "2024-06-13 18:28:18", "elapsed": 1.108372, "delta": 0.003989}}
{"target": -1313.5733193705187, "params": {"gamma": 7.543305199812411, "lr": 0.21073239208332073}, "datetime": {"datetime": "2024-06-13 18:28:18", "elapsed": 1.111364, "delta": 0.002992}}
{"target": -1256.5993989818012, "params": {"gamma": 6.0099415268282925, "lr": 0.7489283752458364}, "datetime": {"datetime": "2024-06-13 18:28:18", "elapsed": 1.115353, "delta": 0.003989}}
{"target": -1126.7145778239405, "params": {"gamma": 6.382548887492715, "lr": 0.5971273029466491}, "datetime": {"datetime": "2024-06-13 18:28:18", "elapsed": 1.119343, "delta": 0.00399}}
{"target": -628.661060978169, "params": {"gamma": 2.955527374269315, "lr": 0.7316064712415088}, "datetime": {"datetime": "2024-06-13 18:28:18", "elapsed": 1.123332, "delta": 0.003989}}
{"target": -1332.083182535522, "params": {"gamma": 9.453139091559498, "lr": 0.42556139026154693}, "datetime": {"datetime": "2024-06-13 18:28:18", "elapsed": 1.126324, "delta": 0.002992}}
{"target": -2893.184263585844, "params": {"gamma": 7.822035986497222, "lr": 0.056141039661915304}, "datetime": {"datetime": "2024-06-13 18:28:18", "elapsed": 1.130313, "delta": 0.003989}}
{"target": -1316.9211928535042, "params": {"gamma": 8.35288075329717, "lr": 0.1922500168221477}, "datetime": {"datetime": "2024-06-13 18:28:18", "elapsed": 1.134303, "delta": 0.00399}}
{"target": -526.2241598061462, "params": {"gamma": 3.951573592030842, "lr": 0.30008104592535645}, "datetime": {"datetime": "2024-06-13 18:28:18", "elapsed": 1.138292, "delta": 0.003989}}
{"target": -242.35593184698618, "params": {"gamma": 0.8019563344166869, "lr": 0.9046310029362429}, "datetime": {"datetime": "2024-06-13 18:28:18", "elapsed": 1.141284, "delta": 0.002992}}
{"target": -610.1104376082315, "params": {"gamma": 3.702171621359829, "lr": 0.5306974384761395}, "datetime": {"datetime": "2024-06-13 18:28:18", "elapsed": 1.145273, "delta": 0.003989}}
{"target": -1170.1555143387257, "params": {"gamma": 4.941668542697355, "lr": 0.13216114194293815}, "datetime": {"datetime": "2024-06-13 18:28:18", "elapsed": 1.149263, "delta": 0.00399}}
{"target": -797.4844765225483, "params": {"gamma": 2.0653341348354406, "lr": 0.07618880903232117}, "datetime": {"datetime": "2024-06-13 18:28:18", "elapsed": 1.152255, "delta": 0.002992}}
{"target": -644.367282924049, "params": {"gamma": 5.07970907775293, "lr": 0.2615495518329871}, "datetime": {"datetime": "2024-06-13 18:28:18", "elapsed": 1.156244, "delta": 0.003989}}
{"target": -1111.2244083870964, "params": {"gamma": 3.5712590272190368, "lr": 0.10806532869723684}, "datetime": {"datetime": "2024-06-13 18:28:18", "elapsed": 1.159236, "delta": 0.002992}}
{"target": -2420.362401862398, "params": {"gamma": 7.87573084468542, "lr": 0.1065838767888011}, "datetime": {"datetime": "2024-06-13 18:28:18", "elapsed": 1.163225, "delta": 0.003989}}
{"target": -1559.1441793238503, "params": {"gamma": 9.857102528308165, "lr": 0.17716116443841734}, "datetime": {"datetime": "2024-06-13 18:28:18", "elapsed": 1.167215, "delta": 0.00399}}
{"target": -2127.704582763575, "params": {"gamma": 5.724478719234059, "lr": 0.044845334589088126}, "datetime": {"datetime": "2024-06-13 18:28:18", "elapsed": 1.170206, "delta": 0.002991}}
{"target": -1242.5507878131673, "params": {"gamma": 7.871375780268687, "lr": 0.18960594781829654}, "datetime": {"datetime": "2024-06-13 18:28:18", "elapsed": 1.174196, "delta": 0.00399}}
{"target": -1105.9604853131295, "params": {"gamma": 5.279511880102859, "lr": 0.7400775431590716}, "datetime": {"datetime": "2024-06-13 18:28:18", "elapsed": 1.178185, "delta": 0.003989}}
{"target": -273.9274893532303, "params": {"gamma": 1.5001649176876422, "lr": 0.5510871741869717}, "datetime": {"datetime": "2024-06-13 18:28:18", "elapsed": 1.181177, "delta": 0.002992}}
{"target": -489.53905541647754, "params": {"gamma": 2.1669554660794654, "lr": 0.7591960493171447}, "datetime": {"datetime": "2024-06-13 18:28:18", "elapsed": 1.185167, "delta": 0.00399}}
{"target": -1150.6441575407339, "params": {"gamma": 7.229429020368581, "lr": 0.17654903427708302}, "datetime": {"datetime": "2024-06-13 18:28:18", "elapsed": 1.188159, "delta": 0.002992}}
{"target": -3184.359534393271, "params": {"gamma": 8.619803610113067, "lr": 0.019775099516344263}, "datetime": {"datetime": "2024-06-13 18:28:18", "elapsed": 1.192148, "delta": 0.003989}}
{"target": -1442.5326598458446, "params": {"gamma": 8.60250973723373, "lr": 0.5589038111609383}, "datetime": {"datetime": "2024-06-13 18:28:18", "elapsed": 1.196137, "delta": 0.003989}}
{"target": -889.5863005702158, "params": {"gamma": 4.032801500586387, "lr": 0.7587469310223366}, "datetime": {"datetime": "2024-06-13 18:28:18", "elapsed": 1.199129, "delta": 0.002992}}
{"target": -1894.1607291912528, "params": {"gamma": 7.169573087923007, "lr": 0.9873261748084265}, "datetime": {"datetime": "2024-06-13 18:28:18", "elapsed": 1.203118, "delta": 0.003989}}
{"target": -1056.1308759495919, "params": {"gamma": 2.7815724010812146, "lr": 0.0037936724093425855}, "datetime": {"datetime": "2024-06-13 18:28:18", "elapsed": 1.207108, "delta": 0.00399}}
{"target": -2288.4925619067294, "params": {"gamma": 9.339092180540563, "lr": 0.8578971045378938}, "datetime": {"datetime": "2024-06-13 18:28:18", "elapsed": 1.210099, "delta": 0.002991}}
{"target": -1181.7185286732572, "params": {"gamma": 7.28877992431504, "lr": 0.5166887829215384}, "datetime": {"datetime": "2024-06-13 18:28:18", "elapsed": 1.214089, "delta": 0.00399}}
{"target": -1565.178416383574, "params": {"gamma": 7.069855496242362, "lr": 0.7805295568767427}, "datetime": {"datetime": "2024-06-13 18:28:18", "elapsed": 1.218079, "delta": 0.00399}}
{"target": -828.3988195817137, "params": {"gamma": 3.749384559425057, "lr": 0.7703225253299576}, "datetime": {"datetime": "2024-06-13 18:28:18", "elapsed": 1.221071, "delta": 0.002992}}
{"target": -1331.5293953605878, "params": {"gamma": 7.506492567432579, "lr": 0.6132112115442597}, "datetime": {"datetime": "2024-06-13 18:28:18", "elapsed": 1.22506, "delta": 0.003989}}
{"target": -818.1984602360191, "params": {"gamma": 4.019257373754407, "lr": 0.6973080192643409}, "datetime": {"datetime": "2024-06-13 18:28:18", "elapsed": 1.229049, "delta": 0.003989}}
{"target": -146.24791399309254, "params": {"gamma": 0.032125465394095866, "lr": 0.7748966467245978}, "datetime": {"datetime": "2024-06-13 18:28:18", "elapsed": 1.232041, "delta": 0.002992}}
{"target": -1293.1599643859759, "params": {"gamma": 8.964269607966013, "lr": 0.23931570743750463}, "datetime": {"datetime": "2024-06-13 18:28:18", "elapsed": 1.236031, "delta": 0.00399}}
{"target": -253.10680503371938, "params": {"gamma": 1.208551075907988, "lr": 0.2202839877937276}, "datetime": {"datetime": "2024-06-13 18:28:18", "elapsed": 1.24002, "delta": 0.003989}}
{"target": -779.3399939552405, "params": {"gamma": 3.021665216169693, "lr": 0.8830285085638342}, "datetime": {"datetime": "2024-06-13 18:28:18", "elapsed": 1.243012, "delta": 0.002992}}
{"target": -637.727033243091, "params": {"gamma": 5.432121135950708, "lr": 0.2867116496064306}, "datetime": {"datetime": "2024-06-13 18:28:18", "elapsed": 1.247001, "delta": 0.003989}}
{"target": -201.4413588889693, "params": {"gamma": 1.3844085432396722, "lr": 0.29014446310454167}, "datetime": {"datetime": "2024-06-13 18:28:18", "elapsed": 1.249993, "delta": 0.002992}}
