{"target": -970.1507626976481, "params": {"gamma": 5.336999796367143, "lr": 0.31446701118584963}, "datetime": {"datetime": "2024-06-13 20:37:11", "elapsed": 0.816592, "delta": 0.003989}}
{"target": -1553.7813569291773, "params": {"gamma": 9.1078175389072, "lr": 0.36655664385123443}, "datetime": {"datetime": "2024-06-13 20:37:11", "elapsed": 0.819584, "delta": 0.002992}}
{"target": -737.1773301623623, "params": {"gamma": 4.336489680404373, "lr": 0.5122926922783614}, "datetime": {"datetime": "2024-06-13 20:37:11", "elapsed": 0.823573, "delta": 0.003989}}
{"target": -2331.5437692352007, "params": {"gamma": 9.388925887219763, "lr": 0.030949006271150714}, "datetime": {"datetime": "2024-06-13 20:37:11", "elapsed": 0.827563, "delta": 0.00399}}
{"target": -1433.6379496268153, "params": {"gamma": 7.1690697576532605, "lr": 0.8910189542923389}, "datetime": {"datetime": "2024-06-13 20:37:11", "elapsed": 0.830555, "delta": 0.002992}}
{"target": -140.8790265893995, "params": {"gamma": 0.2738449479511707, "lr": 0.5220512472525107}, "datetime": {"datetime": "2024-06-13 20:37:11", "elapsed": 0.834544, "delta": 0.003989}}
{"target": -645.6839926578376, "params": {"gamma": 3.2605721278884827, "lr": 0.8594893208655858}, "datetime": {"datetime": "2024-06-13 20:37:11", "elapsed": 0.838534, "delta": 0.00399}}
{"target": -1030.0302846053387, "params": {"gamma": 5.585606992674257, "lr": 0.6902278681627478}, "datetime": {"datetime": "2024-06-13 20:37:11", "elapsed": 0.841526, "delta": 0.002992}}
{"target": -800.1933517556392, "params": {"gamma": 4.529082146015424, "lr": 0.6283090375213571}, "datetime": {"datetime": "2024-06-13 20:37:11", "elapsed": 0.845515, "delta": 0.003989}}
{"target": -730.8462008537285, "params": {"gamma": 2.901678420022571, "lr": 0.009348577966515781}, "datetime": {"datetime": "2024-06-13 20:37:11", "elapsed": 0.848507, "delta": 0.002992}}
{"target": -1047.2227760231585, "params": {"gamma": 5.767982593935921, "lr": 0.3114442141324628}, "datetime": {"datetime": "2024-06-13 20:37:11", "elapsed": 0.852497, "delta": 0.00399}}
{"target": -1039.0633532796603, "params": {"gamma": 5.1731587174127975, "lr": 0.9164058530538978}, "datetime": {"datetime": "2024-06-13 20:37:11", "elapsed": 0.856486, "delta": 0.003989}}
{"target": -1008.8833905027057, "params": {"gamma": 4.265321410225459, "lr": 0.2473960366023854}, "datetime": {"datetime": "2024-06-13 20:37:11", "elapsed": 0.859478, "delta": 0.002992}}
{"target": -751.4382103390318, "params": {"gamma": 3.7135663190292654, "lr": 0.9318611166365406}, "datetime": {"datetime": "2024-06-13 20:37:11", "elapsed": 0.863467, "delta": 0.003989}}
{"target": -1803.3975864391803, "params": {"gamma": 9.368746944709628, "lr": 0.8443299485657132}, "datetime": {"datetime": "2024-06-13 20:37:11", "elapsed": 0.866459, "delta": 0.002992}}
{"target": -2168.7444055664364, "params": {"gamma": 9.202144936542298, "lr": 0.22790028995131695}, "datetime": {"datetime": "2024-06-13 20:37:11", "elapsed": 0.870448, "delta": 0.003989}}
{"target": -231.45541183381445, "params": {"gamma": 0.8757346133263552, "lr": 0.22730973628468876}, "datetime": {"datetime": "2024-06-13 20:37:11", "elapsed": 0.873256, "delta": 0.002808}}
{"target": -765.0182749133625, "params": {"gamma": 3.1444517845243904, "lr": 0.17476587635631158}, "datetime": {"datetime": "2024-06-13 20:37:11", "elapsed": 0.877246, "delta": 0.00399}}
{"target": -1002.5631871454565, "params": {"gamma": 6.071334525562633, "lr": 0.41358641500116133}, "datetime": {"datetime": "2024-06-13 20:37:11", "elapsed": 0.880238, "delta": 0.002992}}
{"target": -1932.8769517893763, "params": {"gamma": 8.163698766760314, "lr": 0.18513039826903066}, "datetime": {"datetime": "2024-06-13 20:37:11", "elapsed": 0.884228, "delta": 0.00399}}
{"target": -1655.7362562469882, "params": {"gamma": 7.019063421033349, "lr": 0.24035562484913886}, "datetime": {"datetime": "2024-06-13 20:37:11", "elapsed": 0.888217, "delta": 0.003989}}
{"target": -996.6627749976758, "params": {"gamma": 5.742616669319757, "lr": 0.34898759722078887}, "datetime": {"datetime": "2024-06-13 20:37:11", "elapsed": 0.891209, "delta": 0.002992}}
{"target": -176.2010464202103, "params": {"gamma": 0.5705870304288444, "lr": 0.22881367096037586}, "datetime": {"datetime": "2024-06-13 20:37:11", "elapsed": 0.895198, "delta": 0.003989}}
{"target": -1089.022487155733, "params": {"gamma": 6.641361450992581, "lr": 0.4972500933605313}, "datetime": {"datetime": "2024-06-13 20:37:11", "elapsed": 0.898191, "delta": 0.002993}}
{"target": -1257.296892197033, "params": {"gamma": 5.190640824752714, "lr": 0.1747201501089225}, "datetime": {"datetime": "2024-06-13 20:37:11", "elapsed": 0.901182, "delta": 0.002991}}
{"target": -1144.6360149823072, "params": {"gamma": 5.7075877996110185, "lr": 0.99675342520821}, "datetime": {"datetime": "2024-06-13 20:37:11", "elapsed": 0.905171, "delta": 0.003989}}
{"target": -1401.9652613736155, "params": {"gamma": 8.168534252807428, "lr": 0.5943726238309778}, "datetime": {"datetime": "2024-06-13 20:37:11", "elapsed": 0.909161, "delta": 0.00399}}
{"target": -1946.403645067661, "params": {"gamma": 9.759914694240718, "lr": 0.9015625846693213}, "datetime": {"datetime": "2024-06-13 20:37:11", "elapsed": 0.912153, "delta": 0.002992}}
{"target": -1483.8033359623078, "params": {"gamma": 5.956483728092853, "lr": 0.032426325314457105}, "datetime": {"datetime": "2024-06-13 20:37:11", "elapsed": 0.916143, "delta": 0.00399}}
{"target": -260.8584877089223, "params": {"gamma": 0.93667738107899, "lr": 0.06537171504222639}, "datetime": {"datetime": "2024-06-13 20:37:11", "elapsed": 0.919134, "delta": 0.002991}}
{"target": -767.297653582852, "params": {"gamma": 4.517879753766062, "lr": 0.37543483316785775}, "datetime": {"datetime": "2024-06-13 20:37:11", "elapsed": 0.923124, "delta": 0.00399}}
{"target": -2356.8390115380307, "params": {"gamma": 9.753524992668595, "lr": 0.1679832931996149}, "datetime": {"datetime": "2024-06-13 20:37:11", "elapsed": 0.927113, "delta": 0.003989}}
{"target": -1858.7854826798764, "params": {"gamma": 9.72790313173462, "lr": 0.7674748688630131}, "datetime": {"datetime": "2024-06-13 20:37:11", "elapsed": 0.930106, "delta": 0.002993}}
{"target": -1443.3922339655562, "params": {"gamma": 8.242554158405353, "lr": 0.6326158167779973}, "datetime": {"datetime": "2024-06-13 20:37:11", "elapsed": 0.934094, "delta": 0.003988}}
{"target": -1096.542235981576, "params": {"gamma": 6.6876589692971145, "lr": 0.47688233352119336}, "datetime": {"datetime": "2024-06-13 20:37:11", "elapsed": 0.938084, "delta": 0.00399}}
{"target": -142.57623961259083, "params": {"gamma": 0.13235043287379938, "lr": 0.3530060855418248}, "datetime": {"datetime": "2024-06-13 20:37:11", "elapsed": 0.941076, "delta": 0.002992}}
{"target": -919.1786527607738, "params": {"gamma": 4.9212259431340915, "lr": 0.7300912110901043}, "datetime": {"datetime": "2024-06-13 20:37:11", "elapsed": 0.945065, "delta": 0.003989}}
{"target": -771.8438081418872, "params": {"gamma": 4.686814799118347, "lr": 0.4574049160894317}, "datetime": {"datetime": "2024-06-13 20:37:11", "elapsed": 0.948057, "delta": 0.002992}}
{"target": -361.85923966474553, "params": {"gamma": 1.377489746715086, "lr": 0.01088873380347899}, "datetime": {"datetime": "2024-06-13 20:37:11", "elapsed": 0.952046, "delta": 0.003989}}
{"target": -1371.9764058646304, "params": {"gamma": 7.583024326509486, "lr": 0.3199528380776784}, "datetime": {"datetime": "2024-06-13 20:37:11", "elapsed": 0.955038, "delta": 0.002992}}
{"target": -2334.3099407352324, "params": {"gamma": 9.843850118484914, "lr": 0.220234226159156}, "datetime": {"datetime": "2024-06-13 20:37:11", "elapsed": 0.959027, "delta": 0.003989}}
{"target": -580.5944087855456, "params": {"gamma": 3.387741546791315, "lr": 0.5238961356661317}, "datetime": {"datetime": "2024-06-13 20:37:11", "elapsed": 0.96202, "delta": 0.002993}}
{"target": -1236.4900319960573, "params": {"gamma": 7.549159679148268, "lr": 0.46385778390029564}, "datetime": {"datetime": "2024-06-13 20:37:11", "elapsed": 0.966009, "delta": 0.003989}}
{"target": -251.8316282894959, "params": {"gamma": 1.2491006085736511, "lr": 0.3125013784920495}, "datetime": {"datetime": "2024-06-13 20:37:11", "elapsed": 0.969001, "delta": 0.002992}}
{"target": -932.1765995903553, "params": {"gamma": 5.045687177840246, "lr": 0.6738490080168676}, "datetime": {"datetime": "2024-06-13 20:37:11", "elapsed": 0.97299, "delta": 0.003989}}
{"target": -1797.905595924087, "params": {"gamma": 7.70172941316461, "lr": 0.13033578095435427}, "datetime": {"datetime": "2024-06-13 20:37:11", "elapsed": 0.976979, "delta": 0.003989}}
{"target": -140.58065591757307, "params": {"gamma": 0.23012839809249527, "lr": 0.5190823222119895}, "datetime": {"datetime": "2024-06-13 20:37:11", "elapsed": 0.979972, "delta": 0.002993}}
{"target": -2013.2045010376216, "params": {"gamma": 8.1000771179135, "lr": 0.012603767029876312}, "datetime": {"datetime": "2024-06-13 20:37:11", "elapsed": 0.983961, "delta": 0.003989}}
{"target": -1236.6754960522119, "params": {"gamma": 6.725025976692686, "lr": 0.6868082266569918}, "datetime": {"datetime": "2024-06-13 20:37:11", "elapsed": 0.986953, "delta": 0.002992}}
{"target": -904.862781976473, "params": {"gamma": 4.49301828911279, "lr": 0.9147886867419343}, "datetime": {"datetime": "2024-06-13 20:37:11", "elapsed": 0.990942, "delta": 0.003989}}
{"target": -1604.1825309381193, "params": {"gamma": 6.443966486485173, "lr": 0.005239837651465851}, "datetime": {"datetime": "2024-06-13 20:37:11", "elapsed": 0.994931, "delta": 0.003989}}
{"target": -948.1488701912336, "params": {"gamma": 4.844800026698242, "lr": 0.8593178060976}, "datetime": {"datetime": "2024-06-13 20:37:11", "elapsed": 0.998921, "delta": 0.00399}}
{"target": -1453.3843617038906, "params": {"gamma": 8.304165300803357, "lr": 0.6491541971124779}, "datetime": {"datetime": "2024-06-13 20:37:11", "elapsed": 1.002912, "delta": 0.003991}}
{"target": -1158.829918609659, "params": {"gamma": 6.737310540562419, "lr": 0.5784995797892005}, "datetime": {"datetime": "2024-06-13 20:37:11", "elapsed": 1.006901, "delta": 0.003989}}
{"target": -473.75507667769654, "params": {"gamma": 2.741923631893355, "lr": 0.5605299905360588}, "datetime": {"datetime": "2024-06-13 20:37:11", "elapsed": 1.01089, "delta": 0.003989}}
{"target": -1163.3150217791158, "params": {"gamma": 6.717626118389386, "lr": 0.35242963021640883}, "datetime": {"datetime": "2024-06-13 20:37:11", "elapsed": 1.015277, "delta": 0.004387}}
{"target": -2026.031146191019, "params": {"gamma": 8.558427844172023, "lr": 0.1950374860087073}, "datetime": {"datetime": "2024-06-13 20:37:11", "elapsed": 1.019268, "delta": 0.003991}}
{"target": -1397.2077422749344, "params": {"gamma": 7.473460782508901, "lr": 0.2896027461868774}, "datetime": {"datetime": "2024-06-13 20:37:11", "elapsed": 1.02226, "delta": 0.002992}}
{"target": -1274.963419480414, "params": {"gamma": 7.738219073154577, "lr": 0.4277373293360762}, "datetime": {"datetime": "2024-06-13 20:37:11", "elapsed": 1.026249, "delta": 0.003989}}
{"target": -1395.7647572279634, "params": {"gamma": 8.077176392712982, "lr": 0.3535348626679904}, "datetime": {"datetime": "2024-06-13 20:37:11", "elapsed": 1.030238, "delta": 0.003989}}
{"target": -424.65921504523186, "params": {"gamma": 2.137718683058182, "lr": 0.7672845084217665}, "datetime": {"datetime": "2024-06-13 20:37:11", "elapsed": 1.034228, "delta": 0.00399}}
{"target": -584.7933433986469, "params": {"gamma": 3.0871108343588807, "lr": 0.7332450677264275}, "datetime": {"datetime": "2024-06-13 20:37:11", "elapsed": 1.038216, "delta": 0.003988}}
{"target": -1766.9895185395826, "params": {"gamma": 7.444987057624244, "lr": 0.22139670090820107}, "datetime": {"datetime": "2024-06-13 20:37:11", "elapsed": 1.042206, "delta": 0.00399}}
{"target": -514.8069376269109, "params": {"gamma": 2.141907256069664, "lr": 0.1989479234270667}, "datetime": {"datetime": "2024-06-13 20:37:11", "elapsed": 1.045197, "delta": 0.002991}}
{"target": -264.7762972148852, "params": {"gamma": 1.4260408593206808, "lr": 0.3770825992073341}, "datetime": {"datetime": "2024-06-13 20:37:11", "elapsed": 1.049189, "delta": 0.003992}}
{"target": -144.8542019197612, "params": {"gamma": 0.26725221903152313, "lr": 0.11092036903424063}, "datetime": {"datetime": "2024-06-13 20:37:11", "elapsed": 1.053177, "delta": 0.003988}}
{"target": -1292.5428028543308, "params": {"gamma": 6.745965673610343, "lr": 0.7997765368973863}, "datetime": {"datetime": "2024-06-13 20:37:11", "elapsed": 1.056168, "delta": 0.002991}}
{"target": -217.82937935824347, "params": {"gamma": 0.8062147417567307, "lr": 0.23170231048579204}, "datetime": {"datetime": "2024-06-13 20:37:11", "elapsed": 1.060158, "delta": 0.00399}}
{"target": -433.1017597616295, "params": {"gamma": 2.0770489923763398, "lr": 0.9173335630816306}, "datetime": {"datetime": "2024-06-13 20:37:11", "elapsed": 1.06315, "delta": 0.002992}}
{"target": -1196.1940474264395, "params": {"gamma": 7.113433866846732, "lr": 0.5538846110514143}, "datetime": {"datetime": "2024-06-13 20:37:11", "elapsed": 1.068136, "delta": 0.004986}}
{"target": -599.4917941248474, "params": {"gamma": 3.0458753612182816, "lr": 0.8348540476317985}, "datetime": {"datetime": "2024-06-13 20:37:11", "elapsed": 1.071128, "delta": 0.002992}}
{"target": -877.3890544634911, "params": {"gamma": 4.353624270337571, "lr": 0.9234562151187752}, "datetime": {"datetime": "2024-06-13 20:37:11", "elapsed": 1.075118, "delta": 0.00399}}
{"target": -1157.1553969347094, "params": {"gamma": 7.0608119915549965, "lr": 0.47803130796528337}, "datetime": {"datetime": "2024-06-13 20:37:11", "elapsed": 1.079107, "delta": 0.003989}}
{"target": -281.97123177661604, "params": {"gamma": 1.2629748273898376, "lr": 0.9760435504677476}, "datetime": {"datetime": "2024-06-13 20:37:11", "elapsed": 1.082099, "delta": 0.002992}}
{"target": -390.6409373906146, "params": {"gamma": 1.5991766697905894, "lr": 0.2026021252196626}, "datetime": {"datetime": "2024-06-13 20:37:11", "elapsed": 1.086089, "delta": 0.00399}}
{"target": -715.597515348467, "params": {"gamma": 4.312386369848549, "lr": 0.40420190577514725}, "datetime": {"datetime": "2024-06-13 20:37:11", "elapsed": 1.090078, "delta": 0.003989}}
{"target": -297.8077053979247, "params": {"gamma": 1.4683680561621768, "lr": 0.7293189193611234}, "datetime": {"datetime": "2024-06-13 20:37:11", "elapsed": 1.09307, "delta": 0.002992}}
{"target": -349.8297471497584, "params": {"gamma": 1.8882619237049822, "lr": 0.6438956443116628}, "datetime": {"datetime": "2024-06-13 20:37:12", "elapsed": 1.09706, "delta": 0.00399}}
{"target": -1790.2406550603569, "params": {"gamma": 7.543305199812411, "lr": 0.21073239208332073}, "datetime": {"datetime": "2024-06-13 20:37:12", "elapsed": 1.101049, "delta": 0.003989}}
{"target": -1118.5368441949695, "params": {"gamma": 6.0099415268282925, "lr": 0.7489283752458364}, "datetime": {"datetime": "2024-06-13 20:37:12", "elapsed": 1.105038, "delta": 0.003989}}
{"target": -1098.5918269875567, "params": {"gamma": 6.382548887492715, "lr": 0.5971273029466491}, "datetime": {"datetime": "2024-06-13 20:37:12", "elapsed": 1.109027, "delta": 0.003989}}
{"target": -560.9705294512554, "params": {"gamma": 2.955527374269315, "lr": 0.7316064712415088}, "datetime": {"datetime": "2024-06-13 20:37:12", "elapsed": 1.112019, "delta": 0.002992}}
{"target": -1555.3133919749603, "params": {"gamma": 9.453139091559498, "lr": 0.42556139026154693}, "datetime": {"datetime": "2024-06-13 20:37:12", "elapsed": 1.116014, "delta": 0.003995}}
{"target": -1944.5311642317463, "params": {"gamma": 7.822035986497222, "lr": 0.056141039661915304}, "datetime": {"datetime": "2024-06-13 20:37:12", "elapsed": 1.119998, "delta": 0.003984}}
{"target": -1977.5229131560145, "params": {"gamma": 8.35288075329717, "lr": 0.1922500168221477}, "datetime": {"datetime": "2024-06-13 20:37:12", "elapsed": 1.123987, "delta": 0.003989}}
{"target": -722.7139564958848, "params": {"gamma": 3.951573592030842, "lr": 0.30008104592535645}, "datetime": {"datetime": "2024-06-13 20:37:12", "elapsed": 1.126979, "delta": 0.002992}}
{"target": -204.98310905901033, "params": {"gamma": 0.8019563344166869, "lr": 0.9046310029362429}, "datetime": {"datetime": "2024-06-13 20:37:12", "elapsed": 1.130969, "delta": 0.00399}}
{"target": -632.3907450839571, "params": {"gamma": 3.702171621359829, "lr": 0.5306974384761395}, "datetime": {"datetime": "2024-06-13 20:37:12", "elapsed": 1.134958, "delta": 0.003989}}
{"target": -1157.7798521947595, "params": {"gamma": 4.941668542697355, "lr": 0.13216114194293815}, "datetime": {"datetime": "2024-06-13 20:37:12", "elapsed": 1.138947, "delta": 0.003989}}
{"target": -526.6644711236487, "params": {"gamma": 2.0653341348354406, "lr": 0.07618880903232117}, "datetime": {"datetime": "2024-06-13 20:37:12", "elapsed": 1.142937, "delta": 0.00399}}
{"target": -1017.9566625275331, "params": {"gamma": 5.07970907775293, "lr": 0.2615495518329871}, "datetime": {"datetime": "2024-06-13 20:37:12", "elapsed": 1.145929, "delta": 0.002992}}
{"target": -889.2308923480286, "params": {"gamma": 3.5712590272190368, "lr": 0.10806532869723684}, "datetime": {"datetime": "2024-06-13 20:37:12", "elapsed": 1.149918, "delta": 0.003989}}
{"target": -1951.5556220472295, "params": {"gamma": 7.87573084468542, "lr": 0.1065838767888011}, "datetime": {"datetime": "2024-06-13 20:37:12", "elapsed": 1.153907, "delta": 0.003989}}
{"target": -2381.8010830371118, "params": {"gamma": 9.857102528308165, "lr": 0.17716116443841734}, "datetime": {"datetime": "2024-06-13 20:37:12", "elapsed": 1.156899, "delta": 0.002992}}
{"target": -1426.517778405213, "params": {"gamma": 5.724478719234059, "lr": 0.044845334589088126}, "datetime": {"datetime": "2024-06-13 20:37:12", "elapsed": 1.160889, "delta": 0.00399}}
{"target": -1863.890673860454, "params": {"gamma": 7.871375780268687, "lr": 0.18960594781829654}, "datetime": {"datetime": "2024-06-13 20:37:12", "elapsed": 1.164879, "delta": 0.00399}}
{"target": -984.7507568245553, "params": {"gamma": 5.279511880102859, "lr": 0.7400775431590716}, "datetime": {"datetime": "2024-06-13 20:37:12", "elapsed": 1.168867, "delta": 0.003988}}
{"target": -276.69472920695233, "params": {"gamma": 1.5001649176876422, "lr": 0.5510871741869717}, "datetime": {"datetime": "2024-06-13 20:37:12", "elapsed": 1.171859, "delta": 0.002992}}
{"target": -430.0122382893652, "params": {"gamma": 2.1669554660794654, "lr": 0.7591960493171447}, "datetime": {"datetime": "2024-06-13 20:37:12", "elapsed": 1.175848, "delta": 0.003989}}
{"target": -1748.5453137412064, "params": {"gamma": 7.229429020368581, "lr": 0.17654903427708302}, "datetime": {"datetime": "2024-06-13 20:37:12", "elapsed": 1.17884, "delta": 0.002992}}
{"target": -2141.573375926597, "params": {"gamma": 8.619803610113067, "lr": 0.019775099516344263}, "datetime": {"datetime": "2024-06-13 20:37:12", "elapsed": 1.182831, "delta": 0.003991}}
{"target": -1443.313058791453, "params": {"gamma": 8.60250973723373, "lr": 0.5589038111609383}, "datetime": {"datetime": "2024-06-13 20:37:12", "elapsed": 1.186819, "delta": 0.003988}}
{"target": -778.6419662190344, "params": {"gamma": 4.032801500586387, "lr": 0.7587469310223366}, "datetime": {"datetime": "2024-06-13 20:37:12", "elapsed": 1.189811, "delta": 0.002992}}
{"target": -1433.737528233525, "params": {"gamma": 7.169573087923007, "lr": 0.9873261748084265}, "datetime": {"datetime": "2024-06-13 20:37:12", "elapsed": 1.193823, "delta": 0.004012}}
{"target": -701.4011197807123, "params": {"gamma": 2.7815724010812146, "lr": 0.0037936724093425855}, "datetime": {"datetime": "2024-06-13 20:37:12", "elapsed": 1.197814, "delta": 0.003991}}
{"target": -1811.799223207668, "params": {"gamma": 9.339092180540563, "lr": 0.8578971045378938}, "datetime": {"datetime": "2024-06-13 20:37:12", "elapsed": 1.201314, "delta": 0.0035}}
{"target": -1226.6480716550236, "params": {"gamma": 7.28877992431504, "lr": 0.5166887829215384}, "datetime": {"datetime": "2024-06-13 20:37:12", "elapsed": 1.204811, "delta": 0.003497}}
{"target": -1354.015773001377, "params": {"gamma": 7.069855496242362, "lr": 0.7805295568767427}, "datetime": {"datetime": "2024-06-13 20:37:12", "elapsed": 1.2088, "delta": 0.003989}}
{"target": -725.2033495369435, "params": {"gamma": 3.749384559425057, "lr": 0.7703225253299576}, "datetime": {"datetime": "2024-06-13 20:37:12", "elapsed": 1.212297, "delta": 0.003497}}
{"target": -1315.7536486470378, "params": {"gamma": 7.506492567432579, "lr": 0.6132112115442597}, "datetime": {"datetime": "2024-06-13 20:37:12", "elapsed": 1.215289, "delta": 0.002992}}
{"target": -746.4155111380126, "params": {"gamma": 4.019257373754407, "lr": 0.6973080192643409}, "datetime": {"datetime": "2024-06-13 20:37:12", "elapsed": 1.219278, "delta": 0.003989}}
{"target": -148.29838101649216, "params": {"gamma": 0.032125465394095866, "lr": 0.7748966467245978}, "datetime": {"datetime": "2024-06-13 20:37:12", "elapsed": 1.223268, "delta": 0.00399}}
{"target": -2112.8442468203166, "params": {"gamma": 8.964269607966013, "lr": 0.23931570743750463}, "datetime": {"datetime": "2024-06-13 20:37:12", "elapsed": 1.227257, "delta": 0.003989}}
{"target": -303.123612645573, "params": {"gamma": 1.208551075907988, "lr": 0.2202839877937276}, "datetime": {"datetime": "2024-06-13 20:37:12", "elapsed": 1.230249, "delta": 0.002992}}
{"target": -607.9854096389936, "params": {"gamma": 3.021665216169693, "lr": 0.8830285085638342}, "datetime": {"datetime": "2024-06-13 20:37:12", "elapsed": 1.234238, "delta": 0.003989}}
{"target": -1019.7384509215075, "params": {"gamma": 5.432121135950708, "lr": 0.2867116496064306}, "datetime": {"datetime": "2024-06-13 20:37:12", "elapsed": 1.238148, "delta": 0.00391}}
{"target": -281.3777199084184, "params": {"gamma": 1.3844085432396722, "lr": 0.29014446310454167}, "datetime": {"datetime": "2024-06-13 20:37:12", "elapsed": 1.242137, "delta": 0.003989}}
