{"target": -234.0664389017386, "params": {"gamma": 2.3106546042570515, "prior": 0.6739605523903935, "rate": 1.3890263639386906}, "datetime": {"datetime": "2024-06-14 12:31:13", "elapsed": 4.541494, "delta": 0.008976}}
{"target": -655.5037490239046, "params": {"gamma": 9.351596002308344, "prior": 8.896566823226658, "rate": 2.893315694333617}, "datetime": {"datetime": "2024-06-14 12:31:13", "elapsed": 4.55047, "delta": 0.008976}}
{"target": -685.2449227221714, "params": {"gamma": 9.477692896949968, "prior": 8.514312298791047, "rate": 4.347113285922664}, "datetime": {"datetime": "2024-06-14 12:31:13", "elapsed": 4.560443, "delta": 0.009973}}
{"target": -347.74673101230263, "params": {"gamma": 4.681027499109862, "prior": 6.335544913675885, "rate": 1.581160317803163}, "datetime": {"datetime": "2024-06-14 12:31:13", "elapsed": 4.569419, "delta": 0.008976}}
{"target": -151.71774058696226, "params": {"gamma": 0.14880608533418707, "prior": 2.72856897297662, "rate": 0.15542087579566607}, "datetime": {"datetime": "2024-06-14 12:31:13", "elapsed": 4.578395, "delta": 0.008976}}
{"target": -501.37826777612884, "params": {"gamma": 6.745313942778413, "prior": 5.559541474546487, "rate": 3.2171598078821737}, "datetime": {"datetime": "2024-06-14 12:31:13", "elapsed": 4.587371, "delta": 0.008976}}
{"target": -613.4149684257566, "params": {"gamma": 7.802243168860467, "prior": 1.543275769026293, "rate": 2.449561506980074}, "datetime": {"datetime": "2024-06-14 12:31:13", "elapsed": 4.596347, "delta": 0.008976}}
{"target": -250.62826862336377, "params": {"gamma": 2.923845306630798, "prior": 2.0397262703400223, "rate": 0.8802988990222627}, "datetime": {"datetime": "2024-06-14 12:31:13", "elapsed": 4.605323, "delta": 0.008976}}
{"target": -740.4875113120837, "params": {"gamma": 8.699891826535803, "prior": 0.9730675911579497, "rate": 6.837419647880558}, "datetime": {"datetime": "2024-06-14 12:31:13", "elapsed": 4.615296, "delta": 0.009973}}
{"target": -188.02963409152957, "params": {"gamma": 1.204888367700376, "prior": 0.20592013112732416, "rate": 5.573125032519063}, "datetime": {"datetime": "2024-06-14 12:31:13", "elapsed": 4.624108, "delta": 0.008812}}
{"target": -645.183250981187, "params": {"gamma": 9.071183443148486, "prior": 8.618521006635163, "rate": 3.3851753897983823}, "datetime": {"datetime": "2024-06-14 12:31:13", "elapsed": 4.633084, "delta": 0.008976}}
{"target": -151.49125539666005, "params": {"gamma": 0.27256113442929636, "prior": 8.028507615787328, "rate": 8.06004333796437}, "datetime": {"datetime": "2024-06-14 12:31:13", "elapsed": 4.64206, "delta": 0.008976}}
{"target": -667.4368183878431, "params": {"gamma": 8.685012674911418, "prior": 6.729501338767777, "rate": 8.077980844288449}, "datetime": {"datetime": "2024-06-14 12:31:13", "elapsed": 4.651036, "delta": 0.008976}}
{"target": -689.3228742196878, "params": {"gamma": 8.9750853247459, "prior": 4.592916509851121, "rate": 5.578695211845391}, "datetime": {"datetime": "2024-06-14 12:31:13", "elapsed": 4.661009, "delta": 0.009973}}
{"target": -400.2256936882908, "params": {"gamma": 5.06180515715352, "prior": 6.9506406547897654, "rate": 6.829385769431119}, "datetime": {"datetime": "2024-06-14 12:31:13", "elapsed": 4.669986, "delta": 0.008977}}
{"target": -398.05293390754474, "params": {"gamma": 5.203616044997302, "prior": 8.301834666046165, "rate": 5.058288088511875}, "datetime": {"datetime": "2024-06-14 12:31:13", "elapsed": 4.678962, "delta": 0.008976}}
{"target": -608.1585627333054, "params": {"gamma": 8.248760765289934, "prior": 2.8902663726181053, "rate": 1.7857698349419049}, "datetime": {"datetime": "2024-06-14 12:31:13", "elapsed": 4.687937, "delta": 0.008975}}
{"target": -681.9692386983606, "params": {"gamma": 9.698735832876796, "prior": 7.44520130201516, "rate": 2.598657141350841}, "datetime": {"datetime": "2024-06-14 12:31:13", "elapsed": 4.696913, "delta": 0.008976}}
{"target": -405.59162683107274, "params": {"gamma": 5.8127721875694265, "prior": 9.557096310028049, "rate": 0.808458324212976}, "datetime": {"datetime": "2024-06-14 12:31:13", "elapsed": 4.706452, "delta": 0.009539}}
{"target": -161.7638227763721, "params": {"gamma": 0.8362585364103492, "prior": 6.229434831057081, "rate": 2.245710294880741}, "datetime": {"datetime": "2024-06-14 12:31:13", "elapsed": 4.715428, "delta": 0.008976}}
{"target": -590.4692664502929, "params": {"gamma": 7.652074383378348, "prior": 5.72471017519614, "rate": 6.66221471414473}, "datetime": {"datetime": "2024-06-14 12:31:13", "elapsed": 4.724404, "delta": 0.008976}}
{"target": -176.7970254322131, "params": {"gamma": 1.0790311940451294, "prior": 0.9344022092219122, "rate": 6.251585561986592}, "datetime": {"datetime": "2024-06-14 12:31:13", "elapsed": 4.73338, "delta": 0.008976}}
{"target": -364.60421016448714, "params": {"gamma": 4.097902880079071, "prior": 0.9637999863326198, "rate": 3.711268386216875}, "datetime": {"datetime": "2024-06-14 12:31:13", "elapsed": 4.742356, "delta": 0.008976}}
{"target": -567.747359854006, "params": {"gamma": 6.72177195215883, "prior": 1.9769152618966988, "rate": 8.957395356178512}, "datetime": {"datetime": "2024-06-14 12:31:13", "elapsed": 4.751332, "delta": 0.008976}}
{"target": -705.7771463857366, "params": {"gamma": 9.498514042411992, "prior": 9.619568170101886, "rate": 7.301095494844863}, "datetime": {"datetime": "2024-06-14 12:31:13", "elapsed": 4.760308, "delta": 0.008976}}
{"target": -316.0813376721637, "params": {"gamma": 4.063477988455463, "prior": 7.463117043877074, "rate": 2.8805808058682407}, "datetime": {"datetime": "2024-06-14 12:31:13", "elapsed": 4.769284, "delta": 0.008976}}
{"target": -273.62511200338713, "params": {"gamma": 3.144857806685071, "prior": 6.098373976056793, "rate": 5.948876486945769}, "datetime": {"datetime": "2024-06-14 12:31:13", "elapsed": 4.77826, "delta": 0.008976}}
{"target": -712.6831031751364, "params": {"gamma": 8.786731102181795, "prior": 2.620547481039712, "rate": 7.662117463663015}, "datetime": {"datetime": "2024-06-14 12:31:13", "elapsed": 4.788233, "delta": 0.009973}}
{"target": -859.529160118055, "params": {"gamma": 9.410191654922194, "prior": 0.11022603331157285, "rate": 4.761415090903047}, "datetime": {"datetime": "2024-06-14 12:31:13", "elapsed": 4.797238, "delta": 0.009005}}
{"target": -462.11131417444824, "params": {"gamma": 6.570746249918269, "prior": 8.448899817803273, "rate": 1.8382103793481412}, "datetime": {"datetime": "2024-06-14 12:31:13", "elapsed": 4.806785, "delta": 0.009547}}
{"target": -687.3251694943594, "params": {"gamma": 8.56173622063573, "prior": 3.7072182505845768, "rate": 8.922847018832448}, "datetime": {"datetime": "2024-06-14 12:31:13", "elapsed": 4.815762, "delta": 0.008977}}
{"target": -151.3661882826696, "params": {"gamma": 0.2780896894835276, "prior": 0.9453623773193891, "rate": 9.81412324707537}, "datetime": {"datetime": "2024-06-14 12:31:13", "elapsed": 4.824738, "delta": 0.008976}}
{"target": -446.6155852410532, "params": {"gamma": 6.095409755809193, "prior": 4.234560233460414, "rate": 1.6929726327522117}, "datetime": {"datetime": "2024-06-14 12:31:13", "elapsed": 4.833713, "delta": 0.008975}}
{"target": -561.9527752913249, "params": {"gamma": 6.499361629743811, "prior": 0.46605317675764246, "rate": 3.116827520693586}, "datetime": {"datetime": "2024-06-14 12:31:13", "elapsed": 4.84269, "delta": 0.008977}}
{"target": -280.65003710379136, "params": {"gamma": 3.2354684906937643, "prior": 6.11367474579408, "rate": 6.508661735500295}, "datetime": {"datetime": "2024-06-14 12:31:13", "elapsed": 4.851666, "delta": 0.008976}}
{"target": -628.9785751083537, "params": {"gamma": 8.460699937765456, "prior": 9.28305133171568, "rate": 6.604916818383386}, "datetime": {"datetime": "2024-06-14 12:31:13", "elapsed": 4.861639, "delta": 0.009973}}
{"target": -476.66326445214014, "params": {"gamma": 5.782161010166973, "prior": 4.047283881927183, "rate": 9.666158313928777}, "datetime": {"datetime": "2024-06-14 12:31:13", "elapsed": 4.870615, "delta": 0.008976}}
{"target": -183.83157391743617, "params": {"gamma": 1.541637639151742, "prior": 8.96135940562162, "rate": 3.1108196657805305}, "datetime": {"datetime": "2024-06-14 12:31:13", "elapsed": 4.879591, "delta": 0.008976}}
{"target": -403.438673837266, "params": {"gamma": 5.485342407571374, "prior": 6.852455958484867, "rate": 2.3654600436102275}, "datetime": {"datetime": "2024-06-14 12:31:13", "elapsed": 4.888567, "delta": 0.008976}}
{"target": -196.70848251717274, "params": {"gamma": 1.678199113817666, "prior": 5.133971932953198, "rate": 7.918846891971133}, "datetime": {"datetime": "2024-06-14 12:31:13", "elapsed": 4.897543, "delta": 0.008976}}
{"target": -597.3828437145414, "params": {"gamma": 6.9244522072085894, "prior": 1.277836038012847, "rate": 9.007521408502258}, "datetime": {"datetime": "2024-06-14 12:31:13", "elapsed": 4.906519, "delta": 0.008976}}
{"target": -370.1709717185824, "params": {"gamma": 4.797895932924502, "prior": 9.47209912447251, "rate": 5.53478362877641}, "datetime": {"datetime": "2024-06-14 12:31:13", "elapsed": 4.916492, "delta": 0.009973}}
{"target": -165.5148935428605, "params": {"gamma": 0.8489334147818686, "prior": 2.1043840531779026, "rate": 8.542525491190911}, "datetime": {"datetime": "2024-06-14 12:31:13", "elapsed": 4.925009, "delta": 0.008517}}
{"target": -507.85825891069, "params": {"gamma": 7.0595677402804276, "prior": 8.95990124951395, "rate": 3.2921308719412035}, "datetime": {"datetime": "2024-06-14 12:31:13", "elapsed": 4.934982, "delta": 0.009973}}
{"target": -413.34838562804686, "params": {"gamma": 5.280485964979625, "prior": 6.538941511592786, "rate": 5.943314245013059}, "datetime": {"datetime": "2024-06-14 12:31:13", "elapsed": 4.943958, "delta": 0.008976}}
{"target": -220.50914073784577, "params": {"gamma": 2.315397892406944, "prior": 4.325531359537532, "rate": 2.481866529137688}, "datetime": {"datetime": "2024-06-14 12:31:13", "elapsed": 4.952934, "delta": 0.008976}}
{"target": -557.5393841763383, "params": {"gamma": 8.456304007349223, "prior": 9.868106705184019, "rate": 0.6666414605206605}, "datetime": {"datetime": "2024-06-14 12:31:13", "elapsed": 4.96191, "delta": 0.008976}}
{"target": -569.758822389155, "params": {"gamma": 7.139566394637347, "prior": 3.3681439667708357, "rate": 6.254728347736019}, "datetime": {"datetime": "2024-06-14 12:31:13", "elapsed": 4.971435, "delta": 0.009525}}
{"target": -234.40846971587635, "params": {"gamma": 2.582038363169428, "prior": 6.5449753321541015, "rate": 3.7121006974428328}, "datetime": {"datetime": "2024-06-14 12:31:13", "elapsed": 4.98041, "delta": 0.008975}}
{"target": -262.5520434816753, "params": {"gamma": 2.9489139744901, "prior": 9.126455419608208, "rate": 9.425046243387849}, "datetime": {"datetime": "2024-06-14 12:31:13", "elapsed": 4.990383, "delta": 0.009973}}
{"target": -520.192695414577, "params": {"gamma": 6.135886715574795, "prior": 2.223231030223857, "rate": 9.394249290190688}, "datetime": {"datetime": "2024-06-14 12:31:13", "elapsed": 4.999368, "delta": 0.008985}}
{"target": -528.5032584863275, "params": {"gamma": 7.504785013686519, "prior": 7.53578909249578, "rate": 2.1180016271500137}, "datetime": {"datetime": "2024-06-14 12:31:13", "elapsed": 5.008338, "delta": 0.00897}}
{"target": -669.7039867070033, "params": {"gamma": 8.30173510509683, "prior": 2.47694202619598, "rate": 6.316575831756353}, "datetime": {"datetime": "2024-06-14 12:31:13", "elapsed": 5.017314, "delta": 0.008976}}
{"target": -522.9047472311471, "params": {"gamma": 7.107684959425964, "prior": 7.449595954100307, "rate": 3.9032567812912102}, "datetime": {"datetime": "2024-06-14 12:31:13", "elapsed": 5.02629, "delta": 0.008976}}
{"target": -564.6378979909076, "params": {"gamma": 7.598494141764259, "prior": 9.039065431004929, "rate": 5.8746127723565325}, "datetime": {"datetime": "2024-06-14 12:31:13", "elapsed": 5.036263, "delta": 0.009973}}
{"target": -163.6182821780029, "params": {"gamma": 0.9050067472322914, "prior": 1.376862243008533, "rate": 1.0535200041012063}, "datetime": {"datetime": "2024-06-14 12:31:13", "elapsed": 5.045239, "delta": 0.008976}}
{"target": -210.3937634056108, "params": {"gamma": 1.7281019057654774, "prior": 1.3516658138678819, "rate": 7.783230599786209}, "datetime": {"datetime": "2024-06-14 12:31:13", "elapsed": 5.054215, "delta": 0.008976}}
{"target": -152.86590017965275, "params": {"gamma": 0.39507571033225836, "prior": 2.491428331674554, "rate": 8.790784947183296}, "datetime": {"datetime": "2024-06-14 12:31:13", "elapsed": 5.063192, "delta": 0.008977}}
{"target": -758.6357111281624, "params": {"gamma": 9.7352150895021, "prior": 6.093677876497776, "rate": 9.762406407339324}, "datetime": {"datetime": "2024-06-14 12:31:13", "elapsed": 5.072167, "delta": 0.008975}}
{"target": -154.17056894921066, "params": {"gamma": 0.43547196560805285, "prior": 9.490870406922475, "rate": 3.113649528479215}, "datetime": {"datetime": "2024-06-14 12:31:13", "elapsed": 5.081143, "delta": 0.008976}}
{"target": -611.3735076783056, "params": {"gamma": 7.989929430775569, "prior": 8.125228124124325, "rate": 8.600125917211868}, "datetime": {"datetime": "2024-06-14 12:31:13", "elapsed": 5.09015, "delta": 0.009007}}
{"target": -343.3574530011123, "params": {"gamma": 4.586049558214109, "prior": 9.313379482437938, "rate": 2.579671951285972}, "datetime": {"datetime": "2024-06-14 12:31:13", "elapsed": 5.100094, "delta": 0.009944}}
{"target": -728.6734050761785, "params": {"gamma": 9.344520479803316, "prior": 6.229284369191439, "rate": 9.85446370453336}, "datetime": {"datetime": "2024-06-14 12:31:13", "elapsed": 5.109069, "delta": 0.008975}}
{"target": -152.1773370091878, "params": {"gamma": 0.3274060157599613, "prior": 7.279149922443812, "rate": 5.655976799568431}, "datetime": {"datetime": "2024-06-14 12:31:13", "elapsed": 5.118045, "delta": 0.008976}}
{"target": -396.3658101092769, "params": {"gamma": 4.924748049935798, "prior": 2.6662594439422964, "rate": 3.268980017978885}, "datetime": {"datetime": "2024-06-14 12:31:13", "elapsed": 5.128018, "delta": 0.009973}}
{"target": -252.46552736687886, "params": {"gamma": 2.495372604807176, "prior": 2.270752312218102, "rate": 7.996808714410864}, "datetime": {"datetime": "2024-06-14 12:31:13", "elapsed": 5.136994, "delta": 0.008976}}
{"target": -451.37059694002073, "params": {"gamma": 5.024447663976686, "prior": 0.9235798981002775, "rate": 7.770064936081777}, "datetime": {"datetime": "2024-06-14 12:31:13", "elapsed": 5.145971, "delta": 0.008977}}
{"target": -410.2928922620132, "params": {"gamma": 5.336957111761226, "prior": 7.419939094729182, "rate": 5.154421537738071}, "datetime": {"datetime": "2024-06-14 12:31:13", "elapsed": 5.155972, "delta": 0.010001}}
{"target": -307.28147034838383, "params": {"gamma": 4.0000592939273325, "prior": 9.86384314611932, "rate": 0.2833979590089639}, "datetime": {"datetime": "2024-06-14 12:31:13", "elapsed": 5.164919, "delta": 0.008947}}
{"target": -665.6252631638192, "params": {"gamma": 9.327706315740619, "prior": 9.315464180823684, "rate": 3.909796196303079}, "datetime": {"datetime": "2024-06-14 12:31:13", "elapsed": 5.173895, "delta": 0.008976}}
{"target": -208.94195843652156, "params": {"gamma": 2.145434246462065, "prior": 6.230211649539066, "rate": 1.7805453823662243}, "datetime": {"datetime": "2024-06-14 12:31:13", "elapsed": 5.182872, "delta": 0.008977}}
{"target": -616.4587412422184, "params": {"gamma": 8.032278735085756, "prior": 2.613945173189579, "rate": 2.9087707441717465}, "datetime": {"datetime": "2024-06-14 12:31:13", "elapsed": 5.191847, "delta": 0.008975}}
{"target": -670.0851394421393, "params": {"gamma": 9.15924198430956, "prior": 9.038876651396649, "rate": 5.354273536413487}, "datetime": {"datetime": "2024-06-14 12:31:13", "elapsed": 5.201824, "delta": 0.009977}}
{"target": -698.3491291645059, "params": {"gamma": 8.628526966805577, "prior": 3.5900724311701118, "rate": 9.978844897970799}, "datetime": {"datetime": "2024-06-14 12:31:13", "elapsed": 5.2108, "delta": 0.008976}}
{"target": -322.7959431272827, "params": {"gamma": 4.337463704310366, "prior": 3.0186389168051044, "rate": 0.4167007652577235}, "datetime": {"datetime": "2024-06-14 12:31:13", "elapsed": 5.219776, "delta": 0.008976}}
{"target": -769.6183298984665, "params": {"gamma": 9.897079830913631, "prior": 4.702387546027041, "rate": 7.346115555489657}, "datetime": {"datetime": "2024-06-14 12:31:13", "elapsed": 5.228752, "delta": 0.008976}}
{"target": -439.3267254113979, "params": {"gamma": 6.408435432834701, "prior": 7.258624656693496, "rate": 0.5120579273573367}, "datetime": {"datetime": "2024-06-14 12:31:13", "elapsed": 5.237728, "delta": 0.008976}}
{"target": -673.1969727541218, "params": {"gamma": 9.200534008691728, "prior": 9.275728057232191, "rate": 5.520398276514817}, "datetime": {"datetime": "2024-06-14 12:31:13", "elapsed": 5.247701, "delta": 0.009973}}
{"target": -763.7090528848337, "params": {"gamma": 9.639194970956826, "prior": 2.881459816204638, "rate": 6.0218641247383164}, "datetime": {"datetime": "2024-06-14 12:31:13", "elapsed": 5.256677, "delta": 0.008976}}
{"target": -313.13602567740884, "params": {"gamma": 3.9652304378361865, "prior": 6.317429994376759, "rate": 3.0070222529489574}, "datetime": {"datetime": "2024-06-14 12:31:13", "elapsed": 5.265653, "delta": 0.008976}}
{"target": -598.0997319900072, "params": {"gamma": 8.193764488175546, "prior": 0.7908811871916644, "rate": 0.4197338254296628}, "datetime": {"datetime": "2024-06-14 12:31:13", "elapsed": 5.274629, "delta": 0.008976}}
{"target": -154.57768379463235, "params": {"gamma": 0.49491444994850975, "prior": 1.5895047808398683, "rate": 3.954109387473109}, "datetime": {"datetime": "2024-06-14 12:31:13", "elapsed": 5.283605, "delta": 0.008976}}
{"target": -799.159559821957, "params": {"gamma": 9.553944502582489, "prior": 1.1968748529899662, "rate": 6.475882305178456}, "datetime": {"datetime": "2024-06-14 12:31:13", "elapsed": 5.292581, "delta": 0.008976}}
{"target": -400.5191613343836, "params": {"gamma": 5.276687463055037, "prior": 3.5970998192322843, "rate": 1.9827940939725983}, "datetime": {"datetime": "2024-06-14 12:31:13", "elapsed": 5.302066, "delta": 0.009485}}
{"target": -247.50711712630599, "params": {"gamma": 2.20672022439151, "prior": 0.5338329462987547, "rate": 7.131926567624986}, "datetime": {"datetime": "2024-06-14 12:31:13", "elapsed": 5.312101, "delta": 0.010035}}
{"target": -520.1476909739789, "params": {"gamma": 6.538748151763354, "prior": 4.493320947974752, "rate": 7.189675941410347}, "datetime": {"datetime": "2024-06-14 12:31:13", "elapsed": 5.321048, "delta": 0.008947}}
{"target": -169.92641318638547, "params": {"gamma": 1.100649748480759, "prior": 9.393319816352417, "rate": 8.476419465684636}, "datetime": {"datetime": "2024-06-14 12:31:13", "elapsed": 5.331051, "delta": 0.010003}}
{"target": -511.00443287989793, "params": {"gamma": 6.590697560999168, "prior": 3.8504285697511453, "rate": 4.16625072341846}, "datetime": {"datetime": "2024-06-14 12:31:13", "elapsed": 5.340003, "delta": 0.008952}}
{"target": -382.22231936896486, "params": {"gamma": 4.822057067652517, "prior": 9.359309323067325, "rate": 8.636065956226108}, "datetime": {"datetime": "2024-06-14 12:31:13", "elapsed": 5.348976, "delta": 0.008973}}
{"target": -392.39984398241245, "params": {"gamma": 4.779760568316378, "prior": 5.589733132953853, "rate": 8.754163218930938}, "datetime": {"datetime": "2024-06-14 12:31:13", "elapsed": 5.357952, "delta": 0.008976}}
{"target": -725.5602255932694, "params": {"gamma": 9.492695073289129, "prior": 6.427929083095635, "rate": 7.485454680577448}, "datetime": {"datetime": "2024-06-14 12:31:13", "elapsed": 5.36693, "delta": 0.008978}}
{"target": -295.7217282272828, "params": {"gamma": 3.516897438698066, "prior": 9.188480358953182, "rate": 8.367683746488458}, "datetime": {"datetime": "2024-06-14 12:31:13", "elapsed": 5.375908, "delta": 0.008978}}
{"target": -432.0383838202461, "params": {"gamma": 5.521006756366404, "prior": 8.68950937519022, "rate": 8.498868942521883}, "datetime": {"datetime": "2024-06-14 12:31:13", "elapsed": 5.384884, "delta": 0.008976}}
{"target": -668.7086099679401, "params": {"gamma": 8.084305154704811, "prior": 1.393858961534142, "rate": 5.3604897456433}, "datetime": {"datetime": "2024-06-14 12:31:13", "elapsed": 5.394889, "delta": 0.010005}}
{"target": -655.630597362068, "params": {"gamma": 9.007930363954452, "prior": 7.73123512248292, "rate": 4.207711277052893}, "datetime": {"datetime": "2024-06-14 12:31:13", "elapsed": 5.403838, "delta": 0.008949}}
{"target": -751.6679653991874, "params": {"gamma": 9.778826053206298, "prior": 2.5826542510627224, "rate": 3.336768678250129}, "datetime": {"datetime": "2024-06-14 12:31:13", "elapsed": 5.412816, "delta": 0.008978}}
{"target": -726.9565647998965, "params": {"gamma": 9.54205087378846, "prior": 8.106281947034368, "rate": 9.003499705102108}, "datetime": {"datetime": "2024-06-14 12:31:13", "elapsed": 5.42279, "delta": 0.009974}}
{"target": -150.70966633172813, "params": {"gamma": 0.11688430450954196, "prior": 3.859667887036548, "rate": 2.355984044142083}, "datetime": {"datetime": "2024-06-14 12:31:13", "elapsed": 5.431772, "delta": 0.008982}}
{"target": -262.41999496829783, "params": {"gamma": 2.9600545838222256, "prior": 7.406155414398024, "rate": 7.241124363795878}, "datetime": {"datetime": "2024-06-14 12:31:13", "elapsed": 5.440749, "delta": 0.008977}}
{"target": -381.16391208109064, "params": {"gamma": 4.618532302580416, "prior": 3.716217165950228, "rate": 5.847331438432254}, "datetime": {"datetime": "2024-06-14 12:31:13", "elapsed": 5.450028, "delta": 0.009279}}
{"target": -422.6298787258919, "params": {"gamma": 5.33754383858813, "prior": 5.550737634177834, "rate": 6.155155234075464}, "datetime": {"datetime": "2024-06-14 12:31:13", "elapsed": 5.459996, "delta": 0.009968}}
{"target": -307.4237489444832, "params": {"gamma": 3.957087074403221, "prior": 7.740012975913038, "rate": 2.512780630310517}, "datetime": {"datetime": "2024-06-14 12:31:13", "elapsed": 5.468972, "delta": 0.008976}}
