{"target": -238.69222747387454, "params": {"gamma": 5.695374633041013, "prior": 1.693617224474527, "rate": 4.6693333476103005}, "datetime": {"datetime": "2024-06-14 05:06:39", "elapsed": 0.869793, "delta": 0.008976}}
{"target": -172.92922129286453, "params": {"gamma": 3.452375339500995, "prior": 2.327895582359438, "rate": 5.925526175789202}, "datetime": {"datetime": "2024-06-14 05:06:39", "elapsed": 0.878769, "delta": 0.008976}}
{"target": -185.1487802676229, "params": {"gamma": 3.1233861071814677, "prior": 9.171424979336672, "rate": 9.09644561399062}, "datetime": {"datetime": "2024-06-14 05:06:39", "elapsed": 0.886749, "delta": 0.00798}}
{"target": -155.66600861128822, "params": {"gamma": 2.57192581952818, "prior": 1.1978238773658891, "rate": 1.9304343574591094}, "datetime": {"datetime": "2024-06-14 05:06:39", "elapsed": 0.895724, "delta": 0.008975}}
{"target": -326.47241992092165, "params": {"gamma": 4.996342122618183, "prior": 7.312998112948502, "rate": 2.082736189649506}, "datetime": {"datetime": "2024-06-14 05:06:39", "elapsed": 0.9047, "delta": 0.008976}}
{"target": -181.4989025275352, "params": {"gamma": 2.48108755021393, "prior": 8.531551561870033, "rate": 4.159071333957006}, "datetime": {"datetime": "2024-06-14 05:06:39", "elapsed": 0.913676, "delta": 0.008976}}
{"target": -371.20921788766435, "params": {"gamma": 6.167233986485208, "prior": 2.413294778468576, "rate": 1.0205706269985484}, "datetime": {"datetime": "2024-06-14 05:06:39", "elapsed": 0.921655, "delta": 0.007979}}
{"target": -330.7915842278023, "params": {"gamma": 5.159054312668331, "prior": 4.8236957717928455, "rate": 1.5275637692875392}, "datetime": {"datetime": "2024-06-14 05:06:39", "elapsed": 0.930631, "delta": 0.008976}}
{"target": -299.56856468487695, "params": {"gamma": 6.218440511172415, "prior": 5.485700176257987, "rate": 6.541719332360473}, "datetime": {"datetime": "2024-06-14 05:06:39", "elapsed": 0.939607, "delta": 0.008976}}
{"target": -156.5629504646005, "params": {"gamma": 1.4463108557064734, "prior": 7.540125389638914, "rate": 2.221269348859427}, "datetime": {"datetime": "2024-06-14 05:06:39", "elapsed": 0.947586, "delta": 0.007979}}
{"target": -406.0093771702455, "params": {"gamma": 5.193998891835965, "prior": 7.8744306793940275, "rate": 0.22428194949007}, "datetime": {"datetime": "2024-06-14 05:06:39", "elapsed": 0.956562, "delta": 0.008976}}
{"target": -190.41314706334754, "params": {"gamma": 3.2443002348021386, "prior": 8.7419315263611, "rate": 8.447251366413093}, "datetime": {"datetime": "2024-06-14 05:06:39", "elapsed": 0.965538, "delta": 0.008976}}
{"target": -270.5015819680144, "params": {"gamma": 5.384867485352843, "prior": 8.67942191424848, "rate": 9.498110107544912}, "datetime": {"datetime": "2024-06-14 05:06:39", "elapsed": 0.974513, "delta": 0.008975}}
{"target": -563.9436579840634, "params": {"gamma": 8.264243569295784, "prior": 8.555742893981733, "rate": 0.9883352748016633}, "datetime": {"datetime": "2024-06-14 05:06:39", "elapsed": 0.982492, "delta": 0.007979}}
{"target": -337.1026644631678, "params": {"gamma": 6.51339201907757, "prior": 7.064818182711264, "rate": 6.102797885653651}, "datetime": {"datetime": "2024-06-14 05:06:39", "elapsed": 0.991468, "delta": 0.008976}}
{"target": -344.01621687034265, "params": {"gamma": 7.996353002098545, "prior": 0.4422550767291791, "rate": 7.702617106815245}, "datetime": {"datetime": "2024-06-14 05:06:39", "elapsed": 1.000444, "delta": 0.008976}}
{"target": -365.0431052150309, "params": {"gamma": 7.317554278794531, "prior": 2.671014093653696, "rate": 2.571435918922645}, "datetime": {"datetime": "2024-06-14 05:06:39", "elapsed": 1.011415, "delta": 0.010971}}
{"target": -265.4821431873487, "params": {"gamma": 6.323400870983849, "prior": 3.5184448697517077, "rate": 7.966090191394868}, "datetime": {"datetime": "2024-06-14 05:06:39", "elapsed": 1.019393, "delta": 0.007978}}
{"target": -226.22124731606658, "params": {"gamma": 4.46201617380257, "prior": 7.849219206363302, "rate": 9.904727364454784}, "datetime": {"datetime": "2024-06-14 05:06:39", "elapsed": 1.035351, "delta": 0.015958}}
{"target": -158.2400250641064, "params": {"gamma": 3.0031831469994668, "prior": 1.515757699755184, "rate": 9.01318305505639}, "datetime": {"datetime": "2024-06-14 05:06:39", "elapsed": 1.044327, "delta": 0.008976}}
{"target": -304.26563514387027, "params": {"gamma": 5.416052229494846, "prior": 9.749929671465313, "rate": 6.366407395618971}, "datetime": {"datetime": "2024-06-14 05:06:39", "elapsed": 1.052902, "delta": 0.008575}}
{"target": -487.6490743785111, "params": {"gamma": 9.939136333080178, "prior": 5.506100961015221, "rate": 5.264732913121308}, "datetime": {"datetime": "2024-06-14 05:06:39", "elapsed": 1.061907, "delta": 0.009005}}
{"target": -175.62051286761775, "params": {"gamma": 1.3551436028186268, "prior": 3.6214811927404233, "rate": 0.2631594543964365}, "datetime": {"datetime": "2024-06-14 05:06:39", "elapsed": 1.070853, "delta": 0.008946}}
{"target": -192.9711186772801, "params": {"gamma": 1.6047914000169714, "prior": 7.481808207804211, "rate": 0.3049664995979595}, "datetime": {"datetime": "2024-06-14 05:06:39", "elapsed": 1.079831, "delta": 0.008978}}
{"target": -213.7260848284864, "params": {"gamma": 3.6660644293402, "prior": 8.637227903096637, "rate": 6.927084497356036}, "datetime": {"datetime": "2024-06-14 05:06:39", "elapsed": 1.088834, "delta": 0.009003}}
{"target": -285.54252855607257, "params": {"gamma": 6.90973047851962, "prior": 1.9675043294575778, "rate": 4.419600903203486}, "datetime": {"datetime": "2024-06-14 05:06:39", "elapsed": 1.097782, "delta": 0.008948}}
{"target": -388.49896825863794, "params": {"gamma": 5.816192496035568, "prior": 9.898541905870681, "rate": 2.0398583461059854}, "datetime": {"datetime": "2024-06-14 05:06:39", "elapsed": 1.107518, "delta": 0.009736}}
{"target": -146.20811828126145, "params": {"gamma": 2.478081284721786, "prior": 2.695513529351828, "rate": 7.50197396056663}, "datetime": {"datetime": "2024-06-14 05:06:39", "elapsed": 1.116495, "delta": 0.008977}}
{"target": -205.80604435432448, "params": {"gamma": 4.570296299029493, "prior": 0.6636014402698404, "rate": 5.085653889861787}, "datetime": {"datetime": "2024-06-14 05:06:39", "elapsed": 1.124473, "delta": 0.007978}}
{"target": -174.48995482193232, "params": {"gamma": 2.120389686272116, "prior": 8.006182023126081, "rate": 2.9740164836912153}, "datetime": {"datetime": "2024-06-14 05:06:39", "elapsed": 1.133449, "delta": 0.008976}}
{"target": -131.93690824701167, "params": {"gamma": 0.2770325135330818, "prior": 5.9749812496997485, "rate": 8.438560448882956}, "datetime": {"datetime": "2024-06-14 05:06:39", "elapsed": 1.142425, "delta": 0.008976}}
{"target": -226.6685839280015, "params": {"gamma": 3.81078022449808, "prior": 7.52359727618882, "rate": 5.111903641492986}, "datetime": {"datetime": "2024-06-14 05:06:39", "elapsed": 1.150404, "delta": 0.007979}}
{"target": -288.25761353614433, "params": {"gamma": 5.409977097816925, "prior": 9.598399778511348, "rate": 8.039804954094969}, "datetime": {"datetime": "2024-06-14 05:06:39", "elapsed": 1.15938, "delta": 0.008976}}
{"target": -135.07755194910646, "params": {"gamma": 0.3241983431691163, "prior": 7.1229337871898215, "rate": 4.650549814153498}, "datetime": {"datetime": "2024-06-14 05:06:39", "elapsed": 1.168355, "delta": 0.008975}}
{"target": -441.6612115789803, "params": {"gamma": 9.475541865009603, "prior": 2.2921840698025346, "rate": 2.6714531248239735}, "datetime": {"datetime": "2024-06-14 05:06:39", "elapsed": 1.176334, "delta": 0.007979}}
{"target": -144.71724525021554, "params": {"gamma": 0.8156581748077427, "prior": 4.343326403771487, "rate": 1.091078621426664}, "datetime": {"datetime": "2024-06-14 05:06:39", "elapsed": 1.18531, "delta": 0.008976}}
{"target": -328.7753538345409, "params": {"gamma": 6.3382338193585674, "prior": 8.049336050000004, "rate": 6.968308160705665}, "datetime": {"datetime": "2024-06-14 05:06:39", "elapsed": 1.194286, "delta": 0.008976}}
{"target": -307.17984264710765, "params": {"gamma": 7.66234759937663, "prior": 3.4902957864508464, "rate": 8.45866897879375}, "datetime": {"datetime": "2024-06-14 05:06:39", "elapsed": 1.202265, "delta": 0.007979}}
{"target": -242.96711455461843, "params": {"gamma": 4.2882589812194265, "prior": 8.257697717081955, "rate": 6.265335090084314}, "datetime": {"datetime": "2024-06-14 05:06:39", "elapsed": 1.210985, "delta": 0.00872}}
{"target": -162.1486526085118, "params": {"gamma": 1.435087063653779, "prior": 0.8760303085639848, "rate": 0.1843080964871599}, "datetime": {"datetime": "2024-06-14 05:06:39", "elapsed": 1.21996, "delta": 0.008975}}
{"target": -143.08410836829333, "params": {"gamma": 0.6681832513959254, "prior": 4.639979755713475, "rate": 1.1343058857531372}, "datetime": {"datetime": "2024-06-14 05:06:39", "elapsed": 1.228936, "delta": 0.008976}}
{"target": -137.12765932429826, "params": {"gamma": 0.27880570513785086, "prior": 7.573128665765627, "rate": 3.949109954125934}, "datetime": {"datetime": "2024-06-14 05:06:39", "elapsed": 1.236915, "delta": 0.007979}}
{"target": -370.05474069090064, "params": {"gamma": 7.469638017579644, "prior": 4.57880778478987, "rate": 4.501417383260611}, "datetime": {"datetime": "2024-06-14 05:06:39", "elapsed": 1.245891, "delta": 0.008976}}
{"target": -225.6029799544731, "params": {"gamma": 4.7812469946715925, "prior": 4.79263887296572, "rate": 8.031830257799582}, "datetime": {"datetime": "2024-06-14 05:06:39", "elapsed": 1.254867, "delta": 0.008976}}
{"target": -325.8848733584163, "params": {"gamma": 4.024522806057501, "prior": 9.056392987401868, "rate": 0.3715734184924046}, "datetime": {"datetime": "2024-06-14 05:06:39", "elapsed": 1.262846, "delta": 0.007979}}
{"target": -296.24983544542533, "params": {"gamma": 7.738969552861467, "prior": 1.3438496732636145, "rate": 6.185517155553943}, "datetime": {"datetime": "2024-06-14 05:06:39", "elapsed": 1.271822, "delta": 0.008976}}
{"target": -145.99583844539114, "params": {"gamma": 0.10463224909098416, "prior": 5.4324100975058345, "rate": 0.031176548239344033}, "datetime": {"datetime": "2024-06-14 05:06:39", "elapsed": 1.280798, "delta": 0.008976}}
{"target": -478.05794870364537, "params": {"gamma": 9.511986661116556, "prior": 9.063480133657503, "rate": 7.959873452480752}, "datetime": {"datetime": "2024-06-14 05:06:39", "elapsed": 1.288777, "delta": 0.007979}}
{"target": -442.6558918514331, "params": {"gamma": 9.15282792482796, "prior": 1.541026488468131, "rate": 1.5781429686354622}, "datetime": {"datetime": "2024-06-14 05:06:39", "elapsed": 1.297753, "delta": 0.008976}}
{"target": -139.4588036512416, "params": {"gamma": 1.8771290973514374, "prior": 6.262709432769219, "rate": 9.05818915058701}, "datetime": {"datetime": "2024-06-14 05:06:39", "elapsed": 1.306729, "delta": 0.008976}}
{"target": -476.821156400645, "params": {"gamma": 9.899561828412377, "prior": 7.1401123417815775, "rate": 7.318272291013812}, "datetime": {"datetime": "2024-06-14 05:06:39", "elapsed": 1.315704, "delta": 0.008975}}
{"target": -498.363251907967, "params": {"gamma": 9.093022752238, "prior": 4.0686499504740965, "rate": 2.4992569515701426}, "datetime": {"datetime": "2024-06-14 05:06:39", "elapsed": 1.323684, "delta": 0.00798}}
{"target": -128.17573122982176, "params": {"gamma": 1.7351282777004415, "prior": 1.2826247983039172, "rate": 8.126293269740254}, "datetime": {"datetime": "2024-06-14 05:06:39", "elapsed": 1.332688, "delta": 0.009004}}
{"target": -124.87216700194055, "params": {"gamma": 1.4687769417990144, "prior": 2.716545078996317, "rate": 8.191072697156674}, "datetime": {"datetime": "2024-06-14 05:06:39", "elapsed": 1.341635, "delta": 0.008947}}
{"target": -226.55452445384927, "params": {"gamma": 3.106561930690306, "prior": 9.825932748000135, "rate": 2.6671203828142005}, "datetime": {"datetime": "2024-06-14 05:06:39", "elapsed": 1.349614, "delta": 0.007979}}
{"target": -226.97002303690027, "params": {"gamma": 5.336999796367143, "prior": 3.2132234107399116, "rate": 9.1078175389072}, "datetime": {"datetime": "2024-06-14 05:06:39", "elapsed": 1.35859, "delta": 0.008976}}
{"target": -199.62681712901968, "params": {"gamma": 3.666199881868493, "prior": 4.392564040004329, "rate": 5.123414630091336}, "datetime": {"datetime": "2024-06-14 05:06:39", "elapsed": 1.367566, "delta": 0.008976}}
{"target": -397.419166432703, "params": {"gamma": 9.388925887219763, "prior": 0.4063951620843921, "rate": 7.1690697576532605}, "datetime": {"datetime": "2024-06-14 05:06:39", "elapsed": 1.375544, "delta": 0.007978}}
{"target": -370.2455270059133, "params": {"gamma": 8.910298523969097, "prior": 0.37014351282294133, "rate": 5.220990421277856}, "datetime": {"datetime": "2024-06-14 05:06:39", "elapsed": 1.384521, "delta": 0.008977}}
{"target": -204.61233266993727, "params": {"gamma": 3.2605721278884827, "prior": 8.6089442765693, "rate": 5.585606992674257}, "datetime": {"datetime": "2024-06-14 05:06:39", "elapsed": 1.393496, "delta": 0.008975}}
{"target": -317.1068712822429, "params": {"gamma": 6.902588453759316, "prior": 4.58324964952022, "rate": 6.2834620661760505}, "datetime": {"datetime": "2024-06-14 05:06:39", "elapsed": 1.401475, "delta": 0.007979}}
{"target": -168.16039969559023, "params": {"gamma": 2.901678420022571, "prior": 0.19255092186850625, "rate": 5.767982593935921}, "datetime": {"datetime": "2024-06-14 05:06:39", "elapsed": 1.410451, "delta": 0.008976}}
{"target": -169.7986850108634, "params": {"gamma": 3.1151306971104957, "prior": 5.220949225161185, "rate": 9.164142124685924}, "datetime": {"datetime": "2024-06-14 05:06:39", "elapsed": 1.419427, "delta": 0.008976}}
{"target": -213.02488877031848, "params": {"gamma": 4.265321410225459, "prior": 2.549220762363616, "rate": 3.7135663190292654}, "datetime": {"datetime": "2024-06-14 05:06:39", "elapsed": 1.427406, "delta": 0.007979}}
{"target": -465.73486437915545, "params": {"gamma": 9.31867930524877, "prior": 9.374996974960027, "rate": 8.443455155708566}, "datetime": {"datetime": "2024-06-14 05:06:39", "elapsed": 1.436382, "delta": 0.008976}}
{"target": -553.3957378471025, "params": {"gamma": 9.202144936542298, "prior": 2.356212870518038, "rate": 0.8757346133263552}, "datetime": {"datetime": "2024-06-14 05:06:39", "elapsed": 1.444361, "delta": 0.007979}}
{"target": -170.82843962486157, "params": {"gamma": 2.273870053110603, "prior": 3.2123284995290997, "rate": 1.7484839976867594}, "datetime": {"datetime": "2024-06-14 05:06:39", "elapsed": 1.453336, "delta": 0.008975}}
{"target": -263.8299754284194, "params": {"gamma": 6.071334525562633, "prior": 4.194505508511497, "rate": 8.163698766760314}, "datetime": {"datetime": "2024-06-14 05:06:39", "elapsed": 1.462313, "delta": 0.008977}}
{"target": -166.68190265413057, "params": {"gamma": 1.8521188522920375, "prior": 7.048577644587473, "rate": 2.4043158928665394}, "datetime": {"datetime": "2024-06-14 05:06:39", "elapsed": 1.471288, "delta": 0.008975}}
{"target": -394.00663287732317, "params": {"gamma": 5.742616669319757, "prior": 3.55497721248581, "rate": 0.5705870304288444}, "datetime": {"datetime": "2024-06-14 05:06:39", "elapsed": 1.479268, "delta": 0.00798}}
{"target": -163.67082715776417, "params": {"gamma": 2.288907895932798, "prior": 6.674615298012455, "rate": 4.973003683511953}, "datetime": {"datetime": "2024-06-14 05:06:39", "elapsed": 1.488243, "delta": 0.008975}}
{"target": -220.81023958102207, "params": {"gamma": 5.190640824752714, "prior": 1.8297294860783329, "rate": 5.7075877996110185}, "datetime": {"datetime": "2024-06-14 05:06:39", "elapsed": 1.49722, "delta": 0.008977}}
{"target": -524.223594829149, "params": {"gamma": 9.967537498656892, "prior": 8.186667577037056, "rate": 5.944131865685947}, "datetime": {"datetime": "2024-06-14 05:06:39", "elapsed": 1.505198, "delta": 0.007978}}
{"target": -525.1720264471097, "params": {"gamma": 9.759914694240718, "prior": 9.025469588226281, "rate": 5.956483728092853}, "datetime": {"datetime": "2024-06-14 05:06:39", "elapsed": 1.514174, "delta": 0.008976}}
{"target": -135.2071973491737, "params": {"gamma": 0.32523082681925664, "prior": 1.0264132485930595, "rate": 0.6546517787072217}, "datetime": {"datetime": "2024-06-14 05:06:39", "elapsed": 1.52315, "delta": 0.008976}}
{"target": -204.1482983993501, "params": {"gamma": 4.517879753766062, "prior": 3.816804848361792, "rate": 9.753524992668595}, "datetime": {"datetime": "2024-06-14 05:06:39", "elapsed": 1.531129, "delta": 0.007979}}
{"target": -144.68805622583642, "params": {"gamma": 1.6806649487029495, "prior": 9.730597160133286, "rate": 7.674981213761269}, "datetime": {"datetime": "2024-06-14 05:06:39", "elapsed": 1.540105, "delta": 0.008976}}
{"target": -398.4500140932255, "params": {"gamma": 8.242554158405353, "prior": 6.362896586102173, "rate": 6.6876589692971145}, "datetime": {"datetime": "2024-06-14 05:06:39", "elapsed": 1.54908, "delta": 0.008975}}
{"target": -224.01050555037594, "params": {"gamma": 4.769346452878413, "prior": 0.23004993353841524, "rate": 3.530707849332706}, "datetime": {"datetime": "2024-06-14 05:06:39", "elapsed": 1.558057, "delta": 0.008977}}
{"target": -281.3191943839318, "params": {"gamma": 4.9212259431340915, "prior": 7.327902989792033, "rate": 4.686814799118347}, "datetime": {"datetime": "2024-06-14 05:06:39", "elapsed": 1.566036, "delta": 0.007979}}
{"target": -345.83633183417345, "params": {"gamma": 4.574591755978228, "prior": 1.4628611353614713, "rate": 0.10987644930098642}, "datetime": {"datetime": "2024-06-14 05:06:39", "elapsed": 1.575011, "delta": 0.008975}}
{"target": -295.9764316551965, "params": {"gamma": 7.583024326509486, "prior": 3.267533096969016, "rate": 9.843850118484914}, "datetime": {"datetime": "2024-06-14 05:06:39", "elapsed": 1.584017, "delta": 0.009006}}
{"target": -146.72983699463737, "params": {"gamma": 2.2031220273654006, "prior": 3.453209452268629, "rate": 5.239437460525651}, "datetime": {"datetime": "2024-06-14 05:06:39", "elapsed": 1.592963, "delta": 0.008946}}
{"target": -479.7214994812372, "params": {"gamma": 7.549159679148268, "prior": 4.692192060612927, "rate": 1.2491006085736511}, "datetime": {"datetime": "2024-06-14 05:06:39", "elapsed": 1.600942, "delta": 0.007979}}
{"target": -176.92557932164536, "params": {"gamma": 3.125701283542003, "prior": 5.094739780039847, "rate": 6.73881623116066}, "datetime": {"datetime": "2024-06-14 05:06:39", "elapsed": 1.609918, "delta": 0.008976}}
{"target": -513.6581689172498, "params": {"gamma": 7.70172941316461, "prior": 1.3903242314481075, "rate": 0.23012839809249527}, "datetime": {"datetime": "2024-06-14 05:06:39", "elapsed": 1.618894, "delta": 0.008976}}
{"target": -416.31733046803447, "params": {"gamma": 5.191304139797683, "prior": 8.118888235557922, "rate": 0.12702506653173326}, "datetime": {"datetime": "2024-06-14 05:06:39", "elapsed": 1.62787, "delta": 0.008976}}
{"target": -370.00467814119975, "params": {"gamma": 6.725025976692686, "prior": 6.899401443904219, "rate": 4.49301828911279}, "datetime": {"datetime": "2024-06-14 05:06:39", "elapsed": 1.635849, "delta": 0.007979}}
{"target": -685.7247936377908, "params": {"gamma": 9.1479720787326, "prior": 6.47917473909423, "rate": 0.05339313667700704}, "datetime": {"datetime": "2024-06-14 05:06:40", "elapsed": 1.644825, "delta": 0.008976}}
{"target": -254.96027056872072, "params": {"gamma": 4.844800026698242, "prior": 8.60724628036624, "rate": 8.304165300803357}, "datetime": {"datetime": "2024-06-14 05:06:40", "elapsed": 1.6538, "delta": 0.008975}}
{"target": -336.94718482139876, "params": {"gamma": 6.491892816927667, "prior": 6.769614396596453, "rate": 5.7854172983122165}, "datetime": {"datetime": "2024-06-14 05:06:40", "elapsed": 1.662777, "delta": 0.008977}}
{"target": -167.16764690784214, "params": {"gamma": 2.741923631893355, "prior": 5.649246906306982, "rate": 6.717626118389386}, "datetime": {"datetime": "2024-06-14 05:06:40", "elapsed": 1.671327, "delta": 0.00855}}
{"target": -253.55180178211702, "params": {"gamma": 3.5249438725338718, "prior": 8.572700835813885, "rate": 1.9511798226010642}, "datetime": {"datetime": "2024-06-14 05:06:40", "elapsed": 1.680303, "delta": 0.008976}}
{"target": -297.5526692908118, "params": {"gamma": 7.473460782508901, "prior": 2.9670671872500867, "rate": 7.738219073154577}, "datetime": {"datetime": "2024-06-14 05:06:40", "elapsed": 1.688281, "delta": 0.007978}}
{"target": -268.3537087761914, "params": {"gamma": 4.277945556031427, "prior": 8.096214250210874, "rate": 3.535995091817236}, "datetime": {"datetime": "2024-06-14 05:06:40", "elapsed": 1.697258, "delta": 0.008977}}
{"target": -173.3091911705629, "params": {"gamma": 2.137718683058182, "prior": 7.696116633375489, "rate": 3.0871108343588807}, "datetime": {"datetime": "2024-06-14 05:06:40", "elapsed": 1.706234, "delta": 0.008976}}
{"target": -460.32635771558813, "params": {"gamma": 7.332717432196549, "prior": 7.4702842154695475, "rate": 2.2147456123811025}, "datetime": {"datetime": "2024-06-14 05:06:40", "elapsed": 1.715116, "delta": 0.008882}}
{"target": -160.68375551795364, "params": {"gamma": 2.141907256069664, "prior": 2.0695844419279603, "rate": 1.4260408593206808}, "datetime": {"datetime": "2024-06-14 05:06:40", "elapsed": 1.72309, "delta": 0.007974}}
{"target": -179.655763452234, "params": {"gamma": 3.7714489094741337, "prior": 0.3636160584470526, "rate": 1.110092769973372}, "datetime": {"datetime": "2024-06-14 05:06:40", "elapsed": 1.732067, "delta": 0.008977}}
{"target": -472.5801351871006, "params": {"gamma": 6.745965673610343, "prior": 8.017787715284124, "rate": 0.8062147417567307}, "datetime": {"datetime": "2024-06-14 05:06:40", "elapsed": 1.741042, "delta": 0.008975}}
{"target": -140.58896689035865, "params": {"gamma": 2.3177914025474347, "prior": 2.1554940518577625, "rate": 9.173418297253225}, "datetime": {"datetime": "2024-06-14 05:06:40", "elapsed": 1.749021, "delta": 0.007979}}
