{"target": -390.1539684992771, "params": {"gamma": 4.903044972676658, "lr": 0.5991103076458784}, "datetime": {"datetime": "2024-06-13 19:33:49", "elapsed": 0.387038, "delta": 0.002992}}
{"target": -118.87567610843867, "params": {"gamma": 0.15631722223280642, "lr": 0.5934814081966372}, "datetime": {"datetime": "2024-06-13 19:33:49", "elapsed": 0.391027, "delta": 0.003989}}
{"target": -353.52386058672016, "params": {"gamma": 4.337329813545594, "lr": 0.8073605288848414}, "datetime": {"datetime": "2024-06-13 19:33:49", "elapsed": 0.394019, "delta": 0.002992}}
{"target": -267.4266585036176, "params": {"gamma": 3.153132786150634, "lr": 0.8928887085251513}, "datetime": {"datetime": "2024-06-13 19:33:49", "elapsed": 0.397012, "delta": 0.002993}}
{"target": -770.5845812819484, "params": {"gamma": 5.778994295630071, "lr": 0.18401020162746506}, "datetime": {"datetime": "2024-06-13 19:33:49", "elapsed": 0.401, "delta": 0.003988}}
{"target": -659.6011467164998, "params": {"gamma": 7.8795044090212185, "lr": 0.6120311770449339}, "datetime": {"datetime": "2024-06-13 19:33:49", "elapsed": 0.403994, "delta": 0.002994}}
{"target": -104.17974283089909, "params": {"gamma": 0.5400388114654558, "lr": 0.4201936800011322}, "datetime": {"datetime": "2024-06-13 19:33:49", "elapsed": 0.407982, "delta": 0.003988}}
{"target": -580.8169164985063, "params": {"gamma": 6.791009296817731, "lr": 0.9186017779775258}, "datetime": {"datetime": "2024-06-13 19:33:49", "elapsed": 0.410974, "delta": 0.002992}}
{"target": -147.51441221323856, "params": {"gamma": 0.005019846888682974, "lr": 0.9767591490310596}, "datetime": {"datetime": "2024-06-13 19:33:49", "elapsed": 0.414964, "delta": 0.00399}}
{"target": -324.9109119718827, "params": {"gamma": 3.766426567142999, "lr": 0.9737835383583225}, "datetime": {"datetime": "2024-06-13 19:33:49", "elapsed": 0.418952, "delta": 0.003988}}
{"target": -491.23143575445516, "params": {"gamma": 6.047556293639557, "lr": 0.828845807980693}, "datetime": {"datetime": "2024-06-13 19:33:49", "elapsed": 0.422943, "delta": 0.003991}}
{"target": -478.49028002138175, "params": {"gamma": 5.747540335576315, "lr": 0.6280761983073504}, "datetime": {"datetime": "2024-06-13 19:33:49", "elapsed": 0.426932, "delta": 0.003989}}
{"target": -234.29229074166813, "params": {"gamma": 2.8564772406752437, "lr": 0.586833340656083}, "datetime": {"datetime": "2024-06-13 19:33:49", "elapsed": 0.429923, "delta": 0.002991}}
{"target": -626.075903365013, "params": {"gamma": 7.500467615262897, "lr": 0.8583138364290424}, "datetime": {"datetime": "2024-06-13 19:33:49", "elapsed": 0.433912, "delta": 0.003989}}
{"target": -613.4745217478414, "params": {"gamma": 7.551066802488335, "lr": 0.698057248447303}, "datetime": {"datetime": "2024-06-13 19:33:50", "elapsed": 0.437904, "delta": 0.003992}}
{"target": -772.7893004125843, "params": {"gamma": 8.644929821115943, "lr": 0.32268099683674645}, "datetime": {"datetime": "2024-06-13 19:33:50", "elapsed": 0.441891, "delta": 0.003987}}
{"target": -506.35737847311424, "params": {"gamma": 6.708217119085085, "lr": 0.45087393641334916}, "datetime": {"datetime": "2024-06-13 19:33:50", "elapsed": 0.445881, "delta": 0.00399}}
{"target": -300.54536430871696, "params": {"gamma": 3.8216454175631407, "lr": 0.4108113499221856}, "datetime": {"datetime": "2024-06-13 19:33:50", "elapsed": 0.448873, "delta": 0.002992}}
{"target": -373.6882214946737, "params": {"gamma": 4.015394355111937, "lr": 0.3173839459582769}, "datetime": {"datetime": "2024-06-13 19:33:50", "elapsed": 0.452862, "delta": 0.003989}}
{"target": -468.13544484839014, "params": {"gamma": 6.219571759835095, "lr": 0.43024727082126435}, "datetime": {"datetime": "2024-06-13 19:33:50", "elapsed": 0.455854, "delta": 0.002992}}
{"target": -789.4758583783596, "params": {"gamma": 9.738046977194596, "lr": 0.6778008914343111}, "datetime": {"datetime": "2024-06-13 19:33:50", "elapsed": 0.459843, "delta": 0.003989}}
{"target": -172.97805758131705, "params": {"gamma": 1.9865003143826816, "lr": 0.4267010093480328}, "datetime": {"datetime": "2024-06-13 19:33:50", "elapsed": 0.462835, "delta": 0.002992}}
{"target": -287.58136987687095, "params": {"gamma": 3.4341190515044557, "lr": 0.7976388039585666}, "datetime": {"datetime": "2024-06-13 19:33:50", "elapsed": 0.465827, "delta": 0.002992}}
{"target": -733.9053109345224, "params": {"gamma": 8.800102887345755, "lr": 0.903841955826372}, "datetime": {"datetime": "2024-06-13 19:33:50", "elapsed": 0.469816, "delta": 0.003989}}
{"target": -660.5803803609529, "params": {"gamma": 6.627535403940247, "lr": 0.2702082620297578}, "datetime": {"datetime": "2024-06-13 19:33:50", "elapsed": 0.472808, "delta": 0.002992}}
{"target": -210.3914589755538, "params": {"gamma": 2.5244146483443926, "lr": 0.8548979426974024}, "datetime": {"datetime": "2024-06-13 19:33:50", "elapsed": 0.476798, "delta": 0.00399}}
{"target": -428.7464190614397, "params": {"gamma": 5.277618748441158, "lr": 0.8021610840045981}, "datetime": {"datetime": "2024-06-13 19:33:50", "elapsed": 0.47979, "delta": 0.002992}}
{"target": -478.815129076772, "params": {"gamma": 5.725312683398872, "lr": 0.7331425252875111}, "datetime": {"datetime": "2024-06-13 19:33:50", "elapsed": 0.482782, "delta": 0.002992}}
{"target": -430.2324775598792, "params": {"gamma": 5.190597263013095, "lr": 0.770883910501888}, "datetime": {"datetime": "2024-06-13 19:33:50", "elapsed": 0.486771, "delta": 0.003989}}
{"target": -431.17777204824415, "params": {"gamma": 5.689011049056451, "lr": 0.4657098785919809}, "datetime": {"datetime": "2024-06-13 19:33:50", "elapsed": 0.489763, "delta": 0.002992}}
{"target": -676.4156118472661, "params": {"gamma": 3.4275463906248644, "lr": 0.06820934841670412}, "datetime": {"datetime": "2024-06-13 19:33:50", "elapsed": 0.493752, "delta": 0.003989}}
{"target": -744.2443008928756, "params": {"gamma": 3.7798638691016704, "lr": 0.07962607769825236}, "datetime": {"datetime": "2024-06-13 19:33:50", "elapsed": 0.496744, "delta": 0.002992}}
{"target": -1302.814685643782, "params": {"gamma": 9.82818832019072, "lr": 0.18161285133076377}, "datetime": {"datetime": "2024-06-13 19:33:50", "elapsed": 0.500734, "delta": 0.00399}}
{"target": -677.3717000320524, "params": {"gamma": 8.118775118507678, "lr": 0.8749616449558981}, "datetime": {"datetime": "2024-06-13 19:33:50", "elapsed": 0.503727, "delta": 0.002993}}
{"target": -533.0971438882967, "params": {"gamma": 6.884444110607048, "lr": 0.5694944127453757}, "datetime": {"datetime": "2024-06-13 19:33:50", "elapsed": 0.506718, "delta": 0.002991}}
{"target": -143.35491274577564, "params": {"gamma": 1.610553396719272, "lr": 0.4668800227633063}, "datetime": {"datetime": "2024-06-13 19:33:50", "elapsed": 0.510707, "delta": 0.003989}}
{"target": -560.3880919789065, "params": {"gamma": 3.452375339500995, "lr": 0.2250399578140846}, "datetime": {"datetime": "2024-06-13 19:33:50", "elapsed": 0.514696, "delta": 0.003989}}
{"target": -537.8146139654489, "params": {"gamma": 5.925526175789202, "lr": 0.31226983770191696}, "datetime": {"datetime": "2024-06-13 19:33:50", "elapsed": 0.517689, "delta": 0.002993}}
{"target": -782.357556490719, "params": {"gamma": 9.163139229130039, "lr": 0.9096355249515571}, "datetime": {"datetime": "2024-06-13 19:33:50", "elapsed": 0.520681, "delta": 0.002992}}
{"target": -512.7664911816147, "params": {"gamma": 2.57192581952818, "lr": 0.1108913007440292}, "datetime": {"datetime": "2024-06-13 19:33:50", "elapsed": 0.52467, "delta": 0.003989}}
{"target": -163.1993307868621, "params": {"gamma": 1.9304343574591094, "lr": 0.49958417067888605}, "datetime": {"datetime": "2024-06-13 19:33:50", "elapsed": 0.527662, "delta": 0.002992}}
{"target": -1194.6087046755986, "params": {"gamma": 7.286128094077989, "lr": 0.20819443840879148}, "datetime": {"datetime": "2024-06-13 19:33:50", "elapsed": 0.531651, "delta": 0.003989}}
{"target": -207.0824126708732, "params": {"gamma": 2.48108755021393, "lr": 0.851671874936367}, "datetime": {"datetime": "2024-06-13 19:33:50", "elapsed": 0.534643, "delta": 0.002992}}
{"target": -351.75501885281085, "params": {"gamma": 4.159071333957006, "lr": 0.6166850671552362}, "datetime": {"datetime": "2024-06-13 19:33:50", "elapsed": 0.538633, "delta": 0.00399}}
{"target": -468.33914205743594, "params": {"gamma": 2.3374277262532615, "lr": 0.10196725942579743}, "datetime": {"datetime": "2024-06-13 19:33:50", "elapsed": 0.541624, "delta": 0.002991}}
{"target": -392.18695284007924, "params": {"gamma": 5.159054312668331, "lr": 0.47714098704978236}, "datetime": {"datetime": "2024-06-13 19:33:50", "elapsed": 0.544617, "delta": 0.002993}}
{"target": -144.29414817086976, "params": {"gamma": 1.5275637692875392, "lr": 0.6218062317404155}, "datetime": {"datetime": "2024-06-13 19:33:50", "elapsed": 0.548605, "delta": 0.003988}}
{"target": -453.3895643643772, "params": {"gamma": 5.440557178020568, "lr": 0.6541373469707443}, "datetime": {"datetime": "2024-06-13 19:33:50", "elapsed": 0.551598, "delta": 0.002993}}
{"target": -134.38906398898413, "params": {"gamma": 1.4463108557064734, "lr": 0.7515278171352439}, "datetime": {"datetime": "2024-06-13 19:33:50", "elapsed": 0.55459, "delta": 0.002992}}
{"target": -185.17745622106472, "params": {"gamma": 2.221269348859427, "lr": 0.519351824366033}, "datetime": {"datetime": "2024-06-13 19:33:50", "elapsed": 0.558579, "delta": 0.003989}}
{"target": -1533.2413800811848, "params": {"gamma": 7.853174986187969, "lr": 0.02233042799180618}, "datetime": {"datetime": "2024-06-13 19:33:50", "elapsed": 0.562568, "delta": 0.003989}}
{"target": -274.8515888851567, "params": {"gamma": 3.2443002348021386, "lr": 0.872922376400111}, "datetime": {"datetime": "2024-06-13 19:33:50", "elapsed": 0.56556, "delta": 0.002992}}
{"target": -651.7636388036275, "params": {"gamma": 8.447251366413093, "lr": 0.5384405925945437}, "datetime": {"datetime": "2024-06-13 19:33:50", "elapsed": 0.568552, "delta": 0.002992}}
{"target": -740.1277712812124, "params": {"gamma": 8.666216133390963, "lr": 0.9498059913536265}, "datetime": {"datetime": "2024-06-13 19:33:50", "elapsed": 0.572542, "delta": 0.00399}}
{"target": -668.1035585687723, "params": {"gamma": 8.264243569295784, "lr": 0.8541154438365387}, "datetime": {"datetime": "2024-06-13 19:33:50", "elapsed": 0.576531, "delta": 0.003989}}
{"target": -109.5834761408109, "params": {"gamma": 0.9883352748016633, "lr": 0.651304332340991}, "datetime": {"datetime": "2024-06-13 19:33:50", "elapsed": 0.58052, "delta": 0.003989}}
{"target": -589.5905789925142, "params": {"gamma": 7.035466364538378, "lr": 0.6102408126466297}, "datetime": {"datetime": "2024-06-13 19:33:50", "elapsed": 0.583513, "delta": 0.002993}}
{"target": -1561.0150640907368, "params": {"gamma": 7.996353002098545, "lr": 0.03457121987163425}, "datetime": {"datetime": "2024-06-13 19:33:50", "elapsed": 0.587502, "delta": 0.003989}}
{"target": -641.7639180421564, "params": {"gamma": 7.702617106815245, "lr": 0.731728600739527}, "datetime": {"datetime": "2024-06-13 19:33:50", "elapsed": 0.590494, "delta": 0.002992}}
{"target": -277.9396140425726, "params": {"gamma": 2.5977242345902325, "lr": 0.2570692988221467}, "datetime": {"datetime": "2024-06-13 19:33:50", "elapsed": 0.594483, "delta": 0.003989}}
{"target": -510.4588023683619, "params": {"gamma": 6.323400870983849, "lr": 0.34529746159108154}, "datetime": {"datetime": "2024-06-13 19:33:50", "elapsed": 0.597475, "delta": 0.002992}}
{"target": -599.3078876801253, "params": {"gamma": 7.966090191394868, "lr": 0.44614623200345727}, "datetime": {"datetime": "2024-06-13 19:33:50", "elapsed": 0.601465, "delta": 0.00399}}
{"target": -668.8782730334891, "params": {"gamma": 7.827711398426936, "lr": 0.9904717836238407}, "datetime": {"datetime": "2024-06-13 19:33:50", "elapsed": 0.604458, "delta": 0.002993}}
{"target": -435.0085070523419, "params": {"gamma": 3.0031831469994668, "lr": 0.14300582825809938}, "datetime": {"datetime": "2024-06-13 19:33:50", "elapsed": 0.608446, "delta": 0.003988}}
{"target": -694.7557304510019, "params": {"gamma": 9.01318305505639, "lr": 0.5415593788873733}, "datetime": {"datetime": "2024-06-13 19:33:50", "elapsed": 0.611438, "delta": 0.002992}}
{"target": -806.2386275430343, "params": {"gamma": 9.747428968179968, "lr": 0.6366044000018972}, "datetime": {"datetime": "2024-06-13 19:33:50", "elapsed": 0.615427, "delta": 0.003989}}
{"target": -765.10842867244, "params": {"gamma": 9.939136333080178, "lr": 0.5460708041429516}, "datetime": {"datetime": "2024-06-13 19:33:50", "elapsed": 0.618419, "delta": 0.002992}}
{"target": -867.2527556454766, "params": {"gamma": 5.264732913121308, "lr": 0.1354279030721699}, "datetime": {"datetime": "2024-06-13 19:33:50", "elapsed": 0.622409, "delta": 0.00399}}
{"target": -701.450935181176, "params": {"gamma": 3.5576960046678274, "lr": 0.026218567296373285}, "datetime": {"datetime": "2024-06-13 19:33:50", "elapsed": 0.625401, "delta": 0.002992}}
{"target": -147.75925705580138, "params": {"gamma": 1.6047914000169714, "lr": 0.7456371927074961}, "datetime": {"datetime": "2024-06-13 19:33:50", "elapsed": 0.62939, "delta": 0.003989}}
{"target": -112.57978822438305, "params": {"gamma": 0.3049664995979595, "lr": 0.36654309724374434}, "datetime": {"datetime": "2024-06-13 19:33:50", "elapsed": 0.632382, "delta": 0.002992}}
{"target": -699.7795466038356, "params": {"gamma": 8.623600182127603, "lr": 0.6926777175073543}, "datetime": {"datetime": "2024-06-13 19:33:50", "elapsed": 0.635374, "delta": 0.002992}}
{"target": -919.1208875724066, "params": {"gamma": 6.90973047851962, "lr": 0.18863680095531088}, "datetime": {"datetime": "2024-06-13 19:33:50", "elapsed": 0.639392, "delta": 0.004018}}
{"target": -352.9467742838644, "params": {"gamma": 4.419600903203486, "lr": 0.5815774073442912}, "datetime": {"datetime": "2024-06-13 19:33:50", "elapsed": 0.642385, "delta": 0.002993}}
{"target": -1620.231242479845, "params": {"gamma": 9.897527324929388, "lr": 0.20390622523312185}, "datetime": {"datetime": "2024-06-13 19:33:50", "elapsed": 0.646375, "delta": 0.00399}}
{"target": -266.99725159810765, "params": {"gamma": 2.478081284721786, "lr": 0.26217308377291193}, "datetime": {"datetime": "2024-06-13 19:33:50", "elapsed": 0.649365, "delta": 0.00299}}
{"target": -564.9994543916922, "params": {"gamma": 7.50197396056663, "lr": 0.4569753274356928}, "datetime": {"datetime": "2024-06-13 19:33:50", "elapsed": 0.653326, "delta": 0.003961}}
{"target": -97.50591143698418, "params": {"gamma": 0.5702374546725388, "lr": 0.5085162406102396}, "datetime": {"datetime": "2024-06-13 19:33:50", "elapsed": 0.656318, "delta": 0.002992}}
{"target": -183.96616492207443, "params": {"gamma": 2.120389686272116, "lr": 0.7986042447602102}, "datetime": {"datetime": "2024-06-13 19:33:50", "elapsed": 0.660307, "delta": 0.003989}}
{"target": -589.429440287436, "params": {"gamma": 2.9740164836912153, "lr": 0.02760601195450363}, "datetime": {"datetime": "2024-06-13 19:33:50", "elapsed": 0.663299, "delta": 0.002992}}
{"target": -480.7882348234007, "params": {"gamma": 5.934731062196747, "lr": 0.8438404289311888}, "datetime": {"datetime": "2024-06-13 19:33:50", "elapsed": 0.667288, "delta": 0.003989}}
{"target": -321.77215188929097, "params": {"gamma": 3.81078022449808, "lr": 0.7498583107261434}, "datetime": {"datetime": "2024-06-13 19:33:50", "elapsed": 0.670281, "delta": 0.002993}}
{"target": -398.8002186361179, "params": {"gamma": 5.111903641492986, "lr": 0.5409518049621886}, "datetime": {"datetime": "2024-06-13 19:33:50", "elapsed": 0.67427, "delta": 0.003989}}
{"target": -775.8412849294189, "params": {"gamma": 9.594383776296462, "lr": 0.8039608914986468}, "datetime": {"datetime": "2024-06-13 19:33:50", "elapsed": 0.677262, "delta": 0.002992}}
{"target": -96.76893445578683, "params": {"gamma": 0.3241983431691163, "lr": 0.7093872512312951}, "datetime": {"datetime": "2024-06-13 19:33:50", "elapsed": 0.680254, "delta": 0.002992}}
{"target": -399.3690649116434, "params": {"gamma": 4.650549814153498, "lr": 0.9475489413950998}, "datetime": {"datetime": "2024-06-13 19:33:50", "elapsed": 0.684243, "delta": 0.003989}}
{"target": -243.20144846814773, "params": {"gamma": 2.2151059105005597, "lr": 0.2670720196843658}, "datetime": {"datetime": "2024-06-13 19:33:50", "elapsed": 0.687235, "delta": 0.002992}}
{"target": -108.19738116789463, "params": {"gamma": 0.8156581748077427, "lr": 0.42861882866378653}, "datetime": {"datetime": "2024-06-13 19:33:50", "elapsed": 0.691225, "delta": 0.00399}}
{"target": -115.36562224984642, "params": {"gamma": 1.091078621426664, "lr": 0.6337867606119179}, "datetime": {"datetime": "2024-06-13 19:33:50", "elapsed": 0.694216, "delta": 0.002991}}
{"target": -651.9965440665793, "params": {"gamma": 8.029829410500005, "lr": 0.6968004961201785}, "datetime": {"datetime": "2024-06-13 19:33:50", "elapsed": 0.698206, "delta": 0.00399}}
{"target": -614.063100036346, "params": {"gamma": 7.66234759937663, "lr": 0.3424541198435198}, "datetime": {"datetime": "2024-06-13 19:33:50", "elapsed": 0.701198, "delta": 0.002992}}
{"target": -629.1787911037253, "params": {"gamma": 8.45866897879375, "lr": 0.42876877499944255}, "datetime": {"datetime": "2024-06-13 19:33:50", "elapsed": 0.704193, "delta": 0.002995}}
{"target": -682.6786360833489, "params": {"gamma": 8.240274694252776, "lr": 0.6264961586242938}, "datetime": {"datetime": "2024-06-13 19:33:50", "elapsed": 0.708179, "delta": 0.003986}}
{"target": -300.94104601595865, "params": {"gamma": 1.435087063653779, "lr": 0.07838689985494796}, "datetime": {"datetime": "2024-06-13 19:33:50", "elapsed": 0.711172, "delta": 0.002993}}
{"target": -134.48189870999676, "params": {"gamma": 0.1843080964871599, "lr": 0.06672499763935646}, "datetime": {"datetime": "2024-06-13 19:33:50", "elapsed": 0.71516, "delta": 0.003988}}
{"target": -872.6970246370319, "params": {"gamma": 4.586379553270611, "lr": 0.11334192276759048}, "datetime": {"datetime": "2024-06-13 19:33:50", "elapsed": 0.718152, "delta": 0.002992}}
{"target": -98.4401939906429, "params": {"gamma": 0.27880570513785086, "lr": 0.7548614813904674}, "datetime": {"datetime": "2024-06-13 19:33:50", "elapsed": 0.722142, "delta": 0.00399}}
{"target": -333.05461738402386, "params": {"gamma": 3.949109954125934, "lr": 0.7469384956075251}, "datetime": {"datetime": "2024-06-13 19:33:50", "elapsed": 0.725134, "delta": 0.002992}}
{"target": -345.676320125165, "params": {"gamma": 4.52459586263777, "lr": 0.4500867470007611}, "datetime": {"datetime": "2024-06-13 19:33:50", "elapsed": 0.729123, "delta": 0.003989}}
{"target": -364.46216261944164, "params": {"gamma": 4.7812469946715925, "lr": 0.47400392656219403}, "datetime": {"datetime": "2024-06-13 19:33:50", "elapsed": 0.732116, "delta": 0.002993}}
{"target": -606.4937829580623, "params": {"gamma": 8.031830257799582, "lr": 0.40239251985773583}, "datetime": {"datetime": "2024-06-13 19:33:50", "elapsed": 0.736104, "delta": 0.003988}}
{"target": -1764.8201795890018, "params": {"gamma": 9.046956917275887, "lr": 0.037061047954035864}, "datetime": {"datetime": "2024-06-13 19:33:50", "elapsed": 0.739097, "delta": 0.002993}}
{"target": -1265.4009548790852, "params": {"gamma": 7.738969552861467, "lr": 0.12564138113773882}, "datetime": {"datetime": "2024-06-13 19:33:50", "elapsed": 0.742089, "delta": 0.002992}}
{"target": -1209.807622458101, "params": {"gamma": 6.185517155553943, "lr": 0.010364261335231939}, "datetime": {"datetime": "2024-06-13 19:33:50", "elapsed": 0.746078, "delta": 0.003989}}
{"target": -1054.9820120573486, "params": {"gamma": 5.386734198480894, "lr": 0.0030179566195963625}, "datetime": {"datetime": "2024-06-13 19:33:50", "elapsed": 0.74907, "delta": 0.002992}}
{"target": -792.9810094436455, "params": {"gamma": 9.511986661116556, "lr": 0.905402033702778}, "datetime": {"datetime": "2024-06-13 19:33:50", "elapsed": 0.753059, "delta": 0.003989}}
{"target": -680.1073721733242, "params": {"gamma": 7.959873452480752, "lr": 0.9152743199147875}, "datetime": {"datetime": "2024-06-13 19:33:50", "elapsed": 0.756052, "delta": 0.002993}}
{"target": -230.24177433407485, "params": {"gamma": 1.4564367533528122, "lr": 0.15773006987053328}, "datetime": {"datetime": "2024-06-13 19:33:50", "elapsed": 0.759072, "delta": 0.00302}}
{"target": -169.72810401089518, "params": {"gamma": 1.8771290973514374, "lr": 0.6224959022999211}, "datetime": {"datetime": "2024-06-13 19:33:50", "elapsed": 0.763033, "delta": 0.003961}}
{"target": -773.4384019950729, "params": {"gamma": 9.05818915058701, "lr": 0.9899551783590737}, "datetime": {"datetime": "2024-06-13 19:33:50", "elapsed": 0.766024, "delta": 0.002991}}
{"target": -593.0263383986165, "params": {"gamma": 7.111513465199394, "lr": 0.7318004091422953}, "datetime": {"datetime": "2024-06-13 19:33:50", "elapsed": 0.770014, "delta": 0.00399}}
{"target": -683.9288662883747, "params": {"gamma": 9.093022752238, "lr": 0.4008737323711209}, "datetime": {"datetime": "2024-06-13 19:33:50", "elapsed": 0.773006, "delta": 0.002992}}
{"target": -344.5348793133444, "params": {"gamma": 2.4992569515701426, "lr": 0.17343017078712286}, "datetime": {"datetime": "2024-06-13 19:33:50", "elapsed": 0.775998, "delta": 0.002992}}
{"target": -116.1453800659337, "params": {"gamma": 1.1954510462869563, "lr": 0.8126105880328287}, "datetime": {"datetime": "2024-06-13 19:33:50", "elapsed": 0.779987, "delta": 0.003989}}
{"target": -178.65889276183364, "params": {"gamma": 1.4687769417990144, "lr": 0.2642974827269007}, "datetime": {"datetime": "2024-06-13 19:33:50", "elapsed": 0.782979, "delta": 0.002992}}
{"target": -733.5464110419263, "params": {"gamma": 8.191072697156674, "lr": 0.31058725179421}, "datetime": {"datetime": "2024-06-13 19:33:50", "elapsed": 0.786969, "delta": 0.00399}}
{"target": -967.3857306410936, "params": {"gamma": 9.824192075480136, "lr": 0.2666387021516352}, "datetime": {"datetime": "2024-06-13 19:33:50", "elapsed": 0.789961, "delta": 0.002992}}
