{"target": -264.2737861256213, "params": {"gamma": 5.618566827974954, "prior": 4.710139830525047, "rate": 1.5828405185913081}, "datetime": {"datetime": "2024-06-14 11:40:50", "elapsed": 13.087955, "delta": 0.009973}}
{"target": -156.12341714281524, "params": {"gamma": 0.46548205758633604, "prior": 4.691938262951814, "rate": 6.54336650017196}, "datetime": {"datetime": "2024-06-14 11:40:50", "elapsed": 13.097928, "delta": 0.009973}}
{"target": -209.97139208998018, "params": {"gamma": 2.1262506191650012, "prior": 4.059501088269441, "rate": 4.976881207213625}, "datetime": {"datetime": "2024-06-14 11:40:50", "elapsed": 13.106904, "delta": 0.008976}}
{"target": -488.40539192507634, "params": {"gamma": 9.549084662565308, "prior": 8.786706772952215, "rate": 8.740622431637016}, "datetime": {"datetime": "2024-06-14 11:40:50", "elapsed": 13.116877, "delta": 0.009973}}
{"target": -409.98329619166617, "params": {"gamma": 9.966008787860254, "prior": 7.7571875030905035, "rate": 2.031395720720704}, "datetime": {"datetime": "2024-06-14 11:40:50", "elapsed": 13.126851, "delta": 0.009974}}
{"target": -954.795560636465, "params": {"gamma": 8.399033519310658, "prior": 1.7458576605066427, "rate": 8.890981709818412}, "datetime": {"datetime": "2024-06-14 11:40:50", "elapsed": 13.136824, "delta": 0.009973}}
{"target": -319.08515599607165, "params": {"gamma": 3.3864593795504314, "prior": 2.950652172676902, "rate": 6.06262377611874}, "datetime": {"datetime": "2024-06-14 11:40:50", "elapsed": 13.1458, "delta": 0.008976}}
{"target": -147.20397547424608, "params": {"gamma": 0.6070548531937172, "prior": 9.080172928574301, "rate": 3.8113259129552914}, "datetime": {"datetime": "2024-06-14 11:40:50", "elapsed": 13.155774, "delta": 0.009974}}
{"target": -418.77816799476466, "params": {"gamma": 7.900041725850161, "prior": 7.134419608014303, "rate": 7.0417771519431795}, "datetime": {"datetime": "2024-06-14 11:40:50", "elapsed": 13.165797, "delta": 0.010023}}
{"target": -359.91711452730345, "params": {"gamma": 5.326729042736205, "prior": 4.720087553406988, "rate": 6.454333923418758}, "datetime": {"datetime": "2024-06-14 11:40:50", "elapsed": 13.17577, "delta": 0.009973}}
{"target": -657.9382786284532, "params": {"gamma": 6.916080494254339, "prior": 2.434600133254994, "rate": 7.538328274742676}, "datetime": {"datetime": "2024-06-14 11:40:50", "elapsed": 13.185743, "delta": 0.009973}}
{"target": -466.2446118124292, "params": {"gamma": 9.366235064689338, "prior": 8.169466711621713, "rate": 7.306366078682459}, "datetime": {"datetime": "2024-06-14 11:40:50", "elapsed": 13.195717, "delta": 0.009974}}
{"target": -1112.8441061102842, "params": {"gamma": 8.217287677383837, "prior": 0.1688536836406846, "rate": 1.7490656420010366}, "datetime": {"datetime": "2024-06-14 11:40:50", "elapsed": 13.204695, "delta": 0.008978}}
{"target": -270.46102196998226, "params": {"gamma": 3.4204500359621868, "prior": 7.36182952566306, "rate": 9.783754518567227}, "datetime": {"datetime": "2024-06-14 11:40:50", "elapsed": 13.2147, "delta": 0.010005}}
{"target": -540.5500282256669, "params": {"gamma": 7.329045588922614, "prior": 4.842030034998996, "rate": 9.210597067436987}, "datetime": {"datetime": "2024-06-14 11:40:50", "elapsed": 13.224834, "delta": 0.010134}}
{"target": -202.06106147209138, "params": {"gamma": 3.7776137015044906, "prior": 6.452737261640754, "rate": 0.01604319738412774}, "datetime": {"datetime": "2024-06-14 11:40:50", "elapsed": 13.233841, "delta": 0.009007}}
{"target": -199.4760673972857, "params": {"gamma": 1.794416084834932, "prior": 3.0189038120395777, "rate": 3.8705109944468274}, "datetime": {"datetime": "2024-06-14 11:40:50", "elapsed": 13.244785, "delta": 0.010944}}
{"target": -231.38949743300248, "params": {"gamma": 4.598745249224747, "prior": 7.987515713645756, "rate": 2.7991759941470526}, "datetime": {"datetime": "2024-06-14 11:40:50", "elapsed": 13.253789, "delta": 0.009004}}
{"target": -173.36646171943116, "params": {"gamma": 0.8275331899589359, "prior": 5.261564230524021, "rate": 9.81153872947284}, "datetime": {"datetime": "2024-06-14 11:40:50", "elapsed": 13.263734, "delta": 0.009945}}
{"target": -412.0221922103443, "params": {"gamma": 4.00818395641571, "prior": 2.6461917102343175, "rate": 7.763638646345232}, "datetime": {"datetime": "2024-06-14 11:40:50", "elapsed": 13.273707, "delta": 0.009973}}
{"target": -982.2716653295921, "params": {"gamma": 6.156219784190765, "prior": 0.17472852864200794, "rate": 9.862064844626225}, "datetime": {"datetime": "2024-06-14 11:40:50", "elapsed": 13.283681, "delta": 0.009974}}
{"target": -418.04182876710746, "params": {"gamma": 4.889696405678729, "prior": 3.109816521594326, "rate": 6.651105432765965}, "datetime": {"datetime": "2024-06-14 11:40:50", "elapsed": 13.293657, "delta": 0.009976}}
{"target": -249.8886281994533, "params": {"gamma": 2.8563222513640976, "prior": 4.689084919733314, "rate": 6.518558892191261}, "datetime": {"datetime": "2024-06-14 11:40:50", "elapsed": 13.302616, "delta": 0.008959}}
{"target": -184.69072484450808, "params": {"gamma": 1.2196983897335782, "prior": 4.725508951667924, "rate": 7.35232222858189}, "datetime": {"datetime": "2024-06-14 11:40:50", "elapsed": 13.312589, "delta": 0.009973}}
{"target": -1449.639692356101, "params": {"gamma": 9.605219885684939, "prior": 0.3117559709580553, "rate": 8.324959625901556}, "datetime": {"datetime": "2024-06-14 11:40:50", "elapsed": 13.322563, "delta": 0.009974}}
{"target": -475.2846321578626, "params": {"gamma": 9.391521053346748, "prior": 9.859596421590911, "rate": 9.378378518554022}, "datetime": {"datetime": "2024-06-14 11:40:50", "elapsed": 13.332535, "delta": 0.009972}}
{"target": -146.491693181011, "params": {"gamma": 1.2933848293668193, "prior": 8.871599920049611, "rate": 1.529468431828893}, "datetime": {"datetime": "2024-06-14 11:40:50", "elapsed": 13.342643, "delta": 0.010108}}
{"target": -231.48446380285284, "params": {"gamma": 3.6058030535750842, "prior": 3.6755031909663085, "rate": 2.7985741373137722}, "datetime": {"datetime": "2024-06-14 11:40:50", "elapsed": 13.352387, "delta": 0.009744}}
{"target": -189.88365242491093, "params": {"gamma": 3.548687634297447, "prior": 5.475715491805219, "rate": 0.7860916495607814}, "datetime": {"datetime": "2024-06-14 11:40:50", "elapsed": 13.361363, "delta": 0.008976}}
{"target": -197.5338808330734, "params": {"gamma": 3.7293238414408294, "prior": 5.873866921901378, "rate": 1.3433598503872748}, "datetime": {"datetime": "2024-06-14 11:40:50", "elapsed": 13.371908, "delta": 0.010545}}
{"target": -165.3060199075137, "params": {"gamma": 2.430636464974349, "prior": 3.1965129173207756, "rate": 0.7462639779838585}, "datetime": {"datetime": "2024-06-14 11:40:50", "elapsed": 13.381881, "delta": 0.009973}}
{"target": -515.9298846733643, "params": {"gamma": 8.077100262224654, "prior": 2.7076349809785905, "rate": 4.106599490946104}, "datetime": {"datetime": "2024-06-14 11:40:50", "elapsed": 13.391854, "delta": 0.009973}}
{"target": -218.40477966294438, "params": {"gamma": 4.054723246527664, "prior": 3.1168827992527173, "rate": 1.2782527317471344}, "datetime": {"datetime": "2024-06-14 11:40:50", "elapsed": 13.40083, "delta": 0.008976}}
{"target": -389.5240524585602, "params": {"gamma": 8.935700181344412, "prior": 6.8458089939758615, "rate": 2.669647727792136}, "datetime": {"datetime": "2024-06-14 11:40:50", "elapsed": 13.410803, "delta": 0.009973}}
{"target": -180.7556272973515, "params": {"gamma": 0.9252168378068174, "prior": 1.3226006592467376, "rate": 2.765087577252426}, "datetime": {"datetime": "2024-06-14 11:40:50", "elapsed": 13.421324, "delta": 0.010521}}
{"target": -166.3156394729699, "params": {"gamma": 0.49138574517622646, "prior": 1.536953953174493, "rate": 4.75082044615585}, "datetime": {"datetime": "2024-06-14 11:40:50", "elapsed": 13.458258, "delta": 0.036934}}
{"target": -602.602298719296, "params": {"gamma": 9.359858045746865, "prior": 4.39728295824498, "rate": 7.091695404396912}, "datetime": {"datetime": "2024-06-14 11:40:50", "elapsed": 13.468202, "delta": 0.009944}}
{"target": -255.4894259280408, "params": {"gamma": 5.703480436122253, "prior": 9.764817437319463, "rate": 1.7829338600348927}, "datetime": {"datetime": "2024-06-14 11:40:50", "elapsed": 13.478176, "delta": 0.009974}}
{"target": -662.9846244798581, "params": {"gamma": 7.391311728201115, "prior": 3.56902627908651, "rate": 9.912129823702113}, "datetime": {"datetime": "2024-06-14 11:40:50", "elapsed": 13.488149, "delta": 0.009973}}
{"target": -238.4394916013998, "params": {"gamma": 3.5287645393308957, "prior": 9.789953507003169, "rate": 8.603854098454429}, "datetime": {"datetime": "2024-06-14 11:40:50", "elapsed": 13.498122, "delta": 0.009973}}
{"target": -694.1154797506531, "params": {"gamma": 5.97776886311117, "prior": 0.3717347713456658, "rate": 1.8561349624416226}, "datetime": {"datetime": "2024-06-14 11:40:50", "elapsed": 13.508095, "delta": 0.009973}}
{"target": -143.14615965486735, "params": {"gamma": 0.5660612431019523, "prior": 7.945371439682299, "rate": 0.7404368885098506}, "datetime": {"datetime": "2024-06-14 11:40:50", "elapsed": 13.517626, "delta": 0.009531}}
{"target": -975.9599548374188, "params": {"gamma": 7.864807897266238, "prior": 0.37672330549397026, "rate": 2.552807324311116}, "datetime": {"datetime": "2024-06-14 11:40:50", "elapsed": 13.527815, "delta": 0.010189}}
{"target": -227.31070622062697, "params": {"gamma": 2.9765362830187123, "prior": 5.689604254646701, "rate": 5.621050378621821}, "datetime": {"datetime": "2024-06-14 11:40:50", "elapsed": 13.537788, "delta": 0.009973}}
{"target": -369.78133728554513, "params": {"gamma": 8.874122245059352, "prior": 6.41003665642897, "rate": 1.615458841587833}, "datetime": {"datetime": "2024-06-14 11:40:50", "elapsed": 13.547269, "delta": 0.009481}}
{"target": -148.4512776536744, "params": {"gamma": 0.27092093445094007, "prior": 7.6436267297477904, "rate": 5.3561524093705035}, "datetime": {"datetime": "2024-06-14 11:40:50", "elapsed": 13.557243, "delta": 0.009974}}
{"target": -385.96528491732613, "params": {"gamma": 5.786712866351162, "prior": 4.199639973876964, "rate": 5.898561065889926}, "datetime": {"datetime": "2024-06-14 11:40:50", "elapsed": 13.567216, "delta": 0.009973}}
{"target": -297.08965383887767, "params": {"gamma": 4.056908149188704, "prior": 4.512354814204365, "rate": 5.927803620451909}, "datetime": {"datetime": "2024-06-14 11:40:50", "elapsed": 13.57719, "delta": 0.009974}}
{"target": -722.8636952964594, "params": {"gamma": 4.923952760842727, "prior": 0.685123570453242, "rate": 9.767920289447702}, "datetime": {"datetime": "2024-06-14 11:40:50", "elapsed": 13.587163, "delta": 0.009973}}
{"target": -520.8656000331023, "params": {"gamma": 8.55152126248045, "prior": 3.8529477154984746, "rate": 5.465701902352132}, "datetime": {"datetime": "2024-06-14 11:40:50", "elapsed": 13.596139, "delta": 0.008976}}
{"target": -744.6442915686943, "params": {"gamma": 9.328810392069327, "prior": 4.039856882837672, "rate": 9.447782220977258}, "datetime": {"datetime": "2024-06-14 11:40:50", "elapsed": 13.606113, "delta": 0.009974}}
{"target": -150.82553594459753, "params": {"gamma": 0.3058322755797807, "prior": 7.483415270128151, "rate": 7.9702691040219795}, "datetime": {"datetime": "2024-06-14 11:40:50", "elapsed": 13.616085, "delta": 0.009972}}
{"target": -268.9505421982157, "params": {"gamma": 1.93915729117472, "prior": 1.7123810753953614, "rate": 5.911191778228094}, "datetime": {"datetime": "2024-06-14 11:40:50", "elapsed": 13.626059, "delta": 0.009974}}
{"target": -229.24689437300515, "params": {"gamma": 4.797437426866516, "prior": 5.906771763997412, "rate": 1.3235786977154271}, "datetime": {"datetime": "2024-06-14 11:40:50", "elapsed": 13.636032, "delta": 0.009973}}
{"target": -245.0781068123812, "params": {"gamma": 2.7780929606304388, "prior": 0.789756371223281, "rate": 1.0808592298701158}, "datetime": {"datetime": "2024-06-14 11:40:50", "elapsed": 13.645514, "delta": 0.009482}}
{"target": -1031.5122545953666, "params": {"gamma": 7.164060397933428, "prior": 0.3613793596910616, "rate": 5.396963570672858}, "datetime": {"datetime": "2024-06-14 11:40:50", "elapsed": 13.655487, "delta": 0.009973}}
{"target": -201.75019211746243, "params": {"gamma": 2.9873312333774114, "prior": 8.698123271650664, "rate": 5.4508437359806505}, "datetime": {"datetime": "2024-06-14 11:40:50", "elapsed": 13.666458, "delta": 0.010971}}
{"target": -506.2550615261745, "params": {"gamma": 9.975479797714407, "prior": 5.654651317130731, "rate": 5.621416031788874}, "datetime": {"datetime": "2024-06-14 11:40:50", "elapsed": 13.675435, "delta": 0.008977}}
{"target": -290.54286022700063, "params": {"gamma": 3.351731873456963, "prior": 2.598016846624347, "rate": 4.27426940599577}, "datetime": {"datetime": "2024-06-14 11:40:50", "elapsed": 13.686404, "delta": 0.010969}}
{"target": -327.02658051742094, "params": {"gamma": 2.2725263696062235, "prior": 0.8016724751186088, "rate": 4.2510872816074885}, "datetime": {"datetime": "2024-06-14 11:40:50", "elapsed": 13.69538, "delta": 0.008976}}
{"target": -150.14772983072322, "params": {"gamma": 1.0650645144221098, "prior": 7.2588960645487015, "rate": 2.984641891979689}, "datetime": {"datetime": "2024-06-14 11:40:50", "elapsed": 13.705354, "delta": 0.009974}}
{"target": -507.5139055214, "params": {"gamma": 4.904126225336482, "prior": 2.036274494273748, "rate": 6.808584262587829}, "datetime": {"datetime": "2024-06-14 11:40:50", "elapsed": 13.715327, "delta": 0.009973}}
{"target": -333.6455829604425, "params": {"gamma": 8.308430641906321, "prior": 2.282027181056831, "rate": 0.07907888226929988}, "datetime": {"datetime": "2024-06-14 11:40:50", "elapsed": 13.7253, "delta": 0.009973}}
{"target": -179.96195096915287, "params": {"gamma": 2.5097921802793786, "prior": 6.31359939215205, "rate": 3.1088574555471813}, "datetime": {"datetime": "2024-06-14 11:40:50", "elapsed": 13.735661, "delta": 0.010361}}
{"target": -373.19985494143276, "params": {"gamma": 8.36222517696091, "prior": 8.542118072949869, "rate": 3.7180338874028376}, "datetime": {"datetime": "2024-06-14 11:40:50", "elapsed": 13.745239, "delta": 0.009578}}
{"target": -576.1261860974026, "params": {"gamma": 3.6539795857073187, "prior": 0.2639694600704467, "rate": 5.497237804999031}, "datetime": {"datetime": "2024-06-14 11:40:50", "elapsed": 13.755213, "delta": 0.009974}}
{"target": -157.23968554556424, "params": {"gamma": 1.5435516702923755, "prior": 1.2155274275217443, "rate": 0.5343279544192256}, "datetime": {"datetime": "2024-06-14 11:40:50", "elapsed": 13.764188, "delta": 0.008975}}
{"target": -153.35393722763496, "params": {"gamma": 1.7936587903460857, "prior": 1.6437150285544317, "rate": 0.3558683019833646}, "datetime": {"datetime": "2024-06-14 11:40:50", "elapsed": 13.774162, "delta": 0.009974}}
{"target": -447.1986686848114, "params": {"gamma": 9.82434211273752, "prior": 6.617214564837837, "rate": 3.8705537217530446}, "datetime": {"datetime": "2024-06-14 11:40:50", "elapsed": 13.784135, "delta": 0.009973}}
{"target": -192.19935212686542, "params": {"gamma": 0.6257922981876658, "prior": 0.5677285559900357, "rate": 8.049719394631913}, "datetime": {"datetime": "2024-06-14 11:40:50", "elapsed": 13.794113, "delta": 0.009978}}
{"target": -315.30101511515596, "params": {"gamma": 4.228375279460253, "prior": 1.1717762927933444, "rate": 1.6711743461337876}, "datetime": {"datetime": "2024-06-14 11:40:50", "elapsed": 13.804123, "delta": 0.01001}}
{"target": -294.91098324528673, "params": {"gamma": 6.802265132639049, "prior": 4.329618010053698, "rate": 0.9689860913418493}, "datetime": {"datetime": "2024-06-14 11:40:50", "elapsed": 13.814059, "delta": 0.009936}}
{"target": -483.3396162360798, "params": {"gamma": 3.920704589637105, "prior": 0.5430825876121436, "rate": 2.710990200499908}, "datetime": {"datetime": "2024-06-14 11:40:50", "elapsed": 13.824033, "delta": 0.009974}}
{"target": -378.9181377853779, "params": {"gamma": 5.031293904777502, "prior": 4.6290449340530495, "rate": 7.686577408158113}, "datetime": {"datetime": "2024-06-14 11:40:50", "elapsed": 13.834006, "delta": 0.009973}}
{"target": -152.34482842932167, "params": {"gamma": 1.6031430865858975, "prior": 5.149437940488653, "rate": 1.4161287835344174}, "datetime": {"datetime": "2024-06-14 11:40:50", "elapsed": 13.843979, "delta": 0.009973}}
{"target": -159.59186408158817, "params": {"gamma": 1.8945065357360218, "prior": 4.157996176719801, "rate": 1.4594799700408772}, "datetime": {"datetime": "2024-06-14 11:40:50", "elapsed": 13.853952, "delta": 0.009973}}
{"target": -454.8434924876304, "params": {"gamma": 5.623712931107031, "prior": 4.6067950147829295, "rate": 9.42102448081776}, "datetime": {"datetime": "2024-06-14 11:40:50", "elapsed": 13.862928, "delta": 0.008976}}
{"target": -789.4354986749457, "params": {"gamma": 6.700279053399254, "prior": 1.1211081382406665, "rate": 6.071461447289983}, "datetime": {"datetime": "2024-06-14 11:40:50", "elapsed": 13.872902, "delta": 0.009974}}
{"target": -301.9885780503792, "params": {"gamma": 4.203872166556974, "prior": 5.056256533803172, "rate": 6.558399608979977}, "datetime": {"datetime": "2024-06-14 11:40:50", "elapsed": 13.882875, "delta": 0.009973}}
{"target": -203.27516147333284, "params": {"gamma": 1.857995271651951, "prior": 3.659391503666097, "rate": 4.80431758722436}, "datetime": {"datetime": "2024-06-14 11:40:50", "elapsed": 13.892849, "delta": 0.009974}}
{"target": -445.9041772190663, "params": {"gamma": 6.148214863550358, "prior": 2.9270157375806125, "rate": 5.028231781609626}, "datetime": {"datetime": "2024-06-14 11:40:50", "elapsed": 13.902822, "delta": 0.009973}}
{"target": -193.69095198092631, "params": {"gamma": 2.786182582989594, "prior": 5.766659556664776, "rate": 3.423551750452962}, "datetime": {"datetime": "2024-06-14 11:40:50", "elapsed": 13.912795, "delta": 0.009973}}
{"target": -470.2877687268751, "params": {"gamma": 8.3917704255985, "prior": 6.890536777175542, "rate": 8.16146205993121}, "datetime": {"datetime": "2024-06-14 11:40:50", "elapsed": 13.922769, "delta": 0.009974}}
{"target": -228.4045590922176, "params": {"gamma": 1.5433064281287947, "prior": 1.933417151252388, "rate": 5.426405215883123}, "datetime": {"datetime": "2024-06-14 11:40:50", "elapsed": 13.932742, "delta": 0.009973}}
{"target": -150.17806752713983, "params": {"gamma": 0.6149211908273852, "prior": 5.426779331886682, "rate": 3.360634014854361}, "datetime": {"datetime": "2024-06-14 11:40:50", "elapsed": 13.942715, "delta": 0.009973}}
{"target": -185.41083538808059, "params": {"gamma": 3.2452188194691933, "prior": 2.3755465724366975, "rate": 0.0478627093242713}, "datetime": {"datetime": "2024-06-14 11:40:50", "elapsed": 13.952689, "delta": 0.009974}}
{"target": -318.86164247874905, "params": {"gamma": 6.87104638723164, "prior": 7.552533805640476, "rate": 3.383495876309245}, "datetime": {"datetime": "2024-06-14 11:40:51", "elapsed": 13.962662, "delta": 0.009973}}
{"target": -273.85023165494766, "params": {"gamma": 4.698566381850696, "prior": 7.994084512409785, "rate": 6.475029921813591}, "datetime": {"datetime": "2024-06-14 11:40:51", "elapsed": 13.972635, "delta": 0.009973}}
{"target": -154.9730359220857, "params": {"gamma": 0.23075873965417942, "prior": 2.91132760594111, "rate": 9.543993923653835}, "datetime": {"datetime": "2024-06-14 11:40:51", "elapsed": 13.982414, "delta": 0.009779}}
{"target": -771.8931037034149, "params": {"gamma": 8.831663399364862, "prior": 3.3196577156813976, "rate": 9.106428259046453}, "datetime": {"datetime": "2024-06-14 11:40:51", "elapsed": 13.992386, "delta": 0.009972}}
{"target": -327.37427712847517, "params": {"gamma": 4.792271643587237, "prior": 2.1004803357874806, "rate": 2.7152226317759873}, "datetime": {"datetime": "2024-06-14 11:40:51", "elapsed": 14.00236, "delta": 0.009974}}
{"target": -357.0385349845232, "params": {"gamma": 2.4105781820003296, "prior": 0.6501970175159, "rate": 4.371923976318957}, "datetime": {"datetime": "2024-06-14 11:40:51", "elapsed": 14.013331, "delta": 0.010971}}
{"target": -472.48529615458466, "params": {"gamma": 9.045924292349737, "prior": 5.304998895374705, "rate": 5.45501927258241}, "datetime": {"datetime": "2024-06-14 11:40:51", "elapsed": 14.023109, "delta": 0.009778}}
{"target": -260.7454998958951, "params": {"gamma": 2.270769102045196, "prior": 0.5593682144374752, "rate": 1.2589544199559672}, "datetime": {"datetime": "2024-06-14 11:40:51", "elapsed": 14.03269, "delta": 0.009581}}
{"target": -206.08075498110057, "params": {"gamma": 2.152041802423628, "prior": 8.746594812552626, "rate": 9.883297769252295}, "datetime": {"datetime": "2024-06-14 11:40:51", "elapsed": 14.042664, "delta": 0.009974}}
{"target": -148.44995269913213, "params": {"gamma": 0.17864471946155067, "prior": 4.488768556876849, "rate": 3.6926037105639593}, "datetime": {"datetime": "2024-06-14 11:40:51", "elapsed": 14.052637, "delta": 0.009973}}
{"target": -281.6174016101363, "params": {"gamma": 5.365099171557174, "prior": 6.203575904526908, "rate": 3.9606016122470797}, "datetime": {"datetime": "2024-06-14 11:40:51", "elapsed": 14.06261, "delta": 0.009973}}
{"target": -152.48574369496737, "params": {"gamma": 1.8394567778102808, "prior": 5.8942150336226105, "rate": 0.33393439959498467}, "datetime": {"datetime": "2024-06-14 11:40:51", "elapsed": 14.072613, "delta": 0.010003}}
{"target": -358.30415973189173, "params": {"gamma": 8.939882672498515, "prior": 6.47966689423678, "rate": 0.9463480982929026}, "datetime": {"datetime": "2024-06-14 11:40:51", "elapsed": 14.082557, "delta": 0.009944}}
{"target": -309.41858741248916, "params": {"gamma": 5.514198481896219, "prior": 1.37684577932591, "rate": 1.189089580581743}, "datetime": {"datetime": "2024-06-14 11:40:51", "elapsed": 14.09253, "delta": 0.009973}}
{"target": -211.00168376123366, "params": {"gamma": 2.656223467019746, "prior": 7.652792185558542, "rate": 6.982511237812883}, "datetime": {"datetime": "2024-06-14 11:40:51", "elapsed": 14.102503, "delta": 0.009973}}
