{"target": -188.58573068707761, "params": {"p_ai": 6.802265132639049, "p_al": 4.272914190154236, "p_ex": 0.9689860913418493, "prior": 3.920704589637105, "rate": 0.44851341348826507}, "datetime": {"datetime": "2024-06-13 00:15:51", "elapsed": 95.563652, "delta": 0.104721}}
{"target": -118.11613136274849, "params": {"p_ai": 2.710990200499908, "p_al": 5.031293904777502, "p_ex": 4.575335383393581, "prior": 7.686577408158113, "rate": 1.6031430865858975}, "datetime": {"datetime": "2024-06-13 00:15:51", "elapsed": 95.669874, "delta": 0.106222}}
{"target": -144.99374098413324, "params": {"p_ai": 5.10093231989354, "p_al": 1.4161287835344174, "p_ex": 1.8945065357360218, "prior": 4.0995761384869995, "rate": 1.4594799700408772}, "datetime": {"datetime": "2024-06-13 00:15:51", "elapsed": 95.776722, "delta": 0.106848}}
{"target": -123.59278408667227, "params": {"p_ai": 5.623712931107031, "p_al": 4.55286296493076, "p_ex": 9.42102448081776, "prior": 6.700279053399254, "rate": 1.0323192196230728}, "datetime": {"datetime": "2024-06-13 00:15:51", "elapsed": 95.881976, "delta": 0.105254}}
{"target": -142.7175023311523, "params": {"p_ai": 6.071461447289983, "p_al": 4.203872166556974, "p_ex": 5.006819099141204, "prior": 6.558399608979977, "rate": 1.857995271651951}, "datetime": {"datetime": "2024-06-13 00:15:51", "elapsed": 95.988662, "delta": 0.106686}}
{"target": -110.95012296958527, "params": {"p_ai": 3.5959854187027576, "p_al": 4.80431758722436, "p_ex": 6.148214863550358, "prior": 2.8562858949564185, "rate": 5.028231781609626}, "datetime": {"datetime": "2024-06-13 00:15:51", "elapsed": 96.094382, "delta": 0.10572}}
{"target": -113.91203721568961, "params": {"p_ai": 2.786182582989594, "p_al": 5.724326152231424, "p_ex": 3.423551750452962, "prior": 8.3917704255985, "rate": 6.859442144947297}, "datetime": {"datetime": "2024-06-13 00:15:51", "elapsed": 96.201894, "delta": 0.107512}}
{"target": -188.87048997696414, "params": {"p_ai": 8.16146205993121, "p_al": 1.5433064281287947, "p_ex": 1.852751322764912, "prior": 5.426405215883123, "rate": 0.6149211908273852}, "datetime": {"datetime": "2024-06-13 00:15:51", "elapsed": 96.307612, "delta": 0.105718}}
{"target": -171.9667695702629, "params": {"p_ai": 5.38104712520555, "p_al": 3.360634014854361, "p_ex": 3.2452188194691933, "prior": 2.2993020381610645, "rate": 0.0478627093242713}, "datetime": {"datetime": "2024-06-13 00:15:52", "elapsed": 96.413163, "delta": 0.105551}}
{"target": -159.57313023824256, "params": {"p_ai": 6.87104638723164, "p_al": 7.528059143696881, "p_ex": 3.383495876309245, "prior": 4.698566381850696, "rate": 7.9740253575338835}, "datetime": {"datetime": "2024-06-13 00:15:52", "elapsed": 96.519386, "delta": 0.106223}}
{"target": -150.3713473462468, "params": {"p_ai": 6.475029921813591, "p_al": 0.23075873965417942, "p_ex": 2.840440882000521, "prior": 9.543993923653835, "rate": 8.831663399364862}, "datetime": {"datetime": "2024-06-13 00:15:52", "elapsed": 96.6261, "delta": 0.106714}}
{"target": -142.90231718167672, "params": {"p_ai": 3.2528542928382116, "p_al": 9.106428259046453, "p_ex": 4.792271643587237, "prior": 2.0214851391453554, "rate": 2.7152226317759873}, "datetime": {"datetime": "2024-06-13 00:15:52", "elapsed": 96.731817, "delta": 0.105717}}
{"target": -108.83489417440103, "params": {"p_ai": 2.4105781820003296, "p_al": 0.556698987691059, "p_ex": 4.371923976318957, "prior": 9.045924292349737, "rate": 5.258048884328453}, "datetime": {"datetime": "2024-06-13 00:15:52", "elapsed": 96.838705, "delta": 0.106888}}
{"target": -170.70455893884085, "params": {"p_ai": 5.45501927258241, "p_al": 2.270769102045196, "p_ex": 0.46496189658185, "prior": 1.2589544199559672, "rate": 2.152041802423628}, "datetime": {"datetime": "2024-06-13 00:15:52", "elapsed": 96.950443, "delta": 0.111738}}
{"target": -230.4755086105655, "params": {"p_ai": 8.734060760678151, "p_al": 9.883297769252295, "p_ex": 0.17864471946155067, "prior": 4.433656242445618, "rate": 3.6926037105639593}, "datetime": {"datetime": "2024-06-13 00:15:52", "elapsed": 97.05616, "delta": 0.105717}}
{"target": -145.12410263879755, "params": {"p_ai": 5.365099171557174, "p_al": 6.165611663572178, "p_ex": 3.9606016122470797, "prior": 1.8394567778102808, "rate": 5.853157183958837}, "datetime": {"datetime": "2024-06-13 00:15:52", "elapsed": 97.162743, "delta": 0.106583}}
{"target": -135.25750829119852, "params": {"p_ai": 0.33393439959498467, "p_al": 8.939882672498515, "p_ex": 6.4444635631791485, "prior": 0.9463480982929026, "rate": 5.514198481896219}, "datetime": {"datetime": "2024-06-13 00:15:52", "elapsed": 97.268489, "delta": 0.105746}}
{"target": -116.44665606699807, "params": {"p_ai": 1.290614237119169, "p_al": 1.189089580581743, "p_ex": 2.656223467019746, "prior": 7.629320107414128, "rate": 6.982511237812883}, "datetime": {"datetime": "2024-06-13 00:15:53", "elapsed": 97.375174, "delta": 0.106685}}
{"target": -134.89732883969808, "params": {"p_ai": 5.5889624922088075, "p_al": 2.553010961299623, "p_ex": 5.1791698014639245, "prior": 9.297580185091476, "rate": 1.8540067116163252}, "datetime": {"datetime": "2024-06-13 00:15:53", "elapsed": 97.480892, "delta": 0.105718}}
{"target": -201.27715257282443, "params": {"p_ai": 7.342339864091912, "p_al": 8.72195678460364, "p_ex": 6.694892627696197, "prior": 2.0377529908899317, "rate": 1.2925307977203897}, "datetime": {"datetime": "2024-06-13 00:15:53", "elapsed": 97.587115, "delta": 0.106223}}
{"target": -113.47567716999887, "params": {"p_ai": 5.150814880735495, "p_al": 1.3039515035572151, "p_ex": 8.257174308347446, "prior": 5.236921642608596, "rate": 2.9149454507613863}, "datetime": {"datetime": "2024-06-13 00:15:53", "elapsed": 97.692836, "delta": 0.105721}}
{"target": -131.79075957141995, "params": {"p_ai": 5.681699207758667, "p_al": 2.607113167075669, "p_ex": 5.845117576613796, "prior": 2.32199215010331, "rate": 2.1913014701633196}, "datetime": {"datetime": "2024-06-13 00:15:53", "elapsed": 97.799642, "delta": 0.106806}}
{"target": -219.52964625497705, "params": {"p_ai": 5.185542309916678, "p_al": 8.35432241661817, "p_ex": 6.448062933841908, "prior": 0.9428132212047013, "rate": 1.3415491851440944}, "datetime": {"datetime": "2024-06-13 00:15:53", "elapsed": 97.907991, "delta": 0.108349}}
{"target": -122.99202165936552, "params": {"p_ai": 3.9036156575502186, "p_al": 3.1963273640149286, "p_ex": 8.912314797811076, "prior": 8.913023588304181, "rate": 0.2992111861366949}, "datetime": {"datetime": "2024-06-13 00:15:53", "elapsed": 98.018137, "delta": 0.110146}}
{"target": -125.45682075913858, "params": {"p_ai": 2.1060088559719117, "p_al": 3.8841387744641738, "p_ex": 1.7645710751045083, "prior": 9.186944713043502, "rate": 1.8967959364001061}, "datetime": {"datetime": "2024-06-13 00:15:53", "elapsed": 98.12485, "delta": 0.106713}}
{"target": -161.79338137778444, "params": {"p_ai": 7.3401256292133965, "p_al": 9.569199419728829, "p_ex": 4.777702734413059, "prior": 8.142378714413438, "rate": 4.282765599393484}, "datetime": {"datetime": "2024-06-13 00:15:53", "elapsed": 98.231658, "delta": 0.106808}}
{"target": -165.4823640230135, "params": {"p_ai": 8.13467909993753, "p_al": 7.6172232645805815, "p_ex": 9.596076873702136, "prior": 3.3666634664476933, "rate": 7.666177450236105}, "datetime": {"datetime": "2024-06-13 00:15:53", "elapsed": 98.342496, "delta": 0.110838}}
{"target": -170.87700339757805, "params": {"p_ai": 9.216256420526488, "p_al": 8.107906057497173, "p_ex": 8.143560581729513, "prior": 9.483034089579148, "rate": 2.9075383441675364}, "datetime": {"datetime": "2024-06-13 00:15:54", "elapsed": 98.449575, "delta": 0.107079}}
{"target": -114.73447706450928, "params": {"p_ai": 4.402025448023279, "p_al": 1.0614689514075122, "p_ex": 8.772943953099569, "prior": 3.4376495800562545, "rate": 9.052543557612724}, "datetime": {"datetime": "2024-06-13 00:15:54", "elapsed": 98.555304, "delta": 0.105729}}
{"target": -102.44826410545332, "params": {"p_ai": 2.0393718583818017, "p_al": 3.49670854682447, "p_ex": 6.905103296395332, "prior": 9.22714253443678, "rate": 6.879772184061891}, "datetime": {"datetime": "2024-06-13 00:15:54", "elapsed": 98.662588, "delta": 0.107284}}
{"target": -113.40338371765847, "params": {"p_ai": 3.4015950863695554, "p_al": 0.40139455562105736, "p_ex": 3.3181754241303745, "prior": 4.762134435981242, "rate": 7.304270953982604}, "datetime": {"datetime": "2024-06-13 00:15:54", "elapsed": 98.769035, "delta": 0.106447}}
{"target": -196.8380843365011, "params": {"p_ai": 8.936392304537144, "p_al": 0.06408410135224346, "p_ex": 0.7682678879967971, "prior": 2.818623672892344, "rate": 5.356653678219738}, "datetime": {"datetime": "2024-06-13 00:15:54", "elapsed": 98.875413, "delta": 0.106378}}
{"target": -120.55080628487917, "params": {"p_ai": 5.358320197017084, "p_al": 4.25320952977812, "p_ex": 8.836490541785956, "prior": 7.273793098297809, "rate": 1.360477671934808}, "datetime": {"datetime": "2024-06-13 00:15:54", "elapsed": 98.982004, "delta": 0.106591}}
{"target": -114.27625372644437, "params": {"p_ai": 2.3521283159904485, "p_al": 5.053553249291305, "p_ex": 3.625823024683793, "prior": 8.086391818387844, "rate": 4.1939360275341455}, "datetime": {"datetime": "2024-06-13 00:15:54", "elapsed": 99.087889, "delta": 0.105885}}
{"target": -191.39115716107972, "params": {"p_ai": 9.41168440870445, "p_al": 1.8253827869110664, "p_ex": 4.828391994098708, "prior": 8.942579468503189, "rate": 0.6582946776379386}, "datetime": {"datetime": "2024-06-13 00:15:54", "elapsed": 99.193976, "delta": 0.106087}}
{"target": -101.2606369830693, "params": {"p_ai": 2.7930374012310466, "p_al": 2.0285264812184285, "p_ex": 9.848142780102968, "prior": 4.685069110924743, "rate": 8.881823309179376}, "datetime": {"datetime": "2024-06-13 00:15:54", "elapsed": 99.299764, "delta": 0.105788}}
{"target": -173.34595658650812, "params": {"p_ai": 8.539400167342631, "p_al": 1.0405818638300903, "p_ex": 3.500085683547541, "prior": 4.967458463909608, "rate": 8.789071546632522}, "datetime": {"datetime": "2024-06-13 00:15:55", "elapsed": 99.409471, "delta": 0.109707}}
{"target": -175.7782062181053, "params": {"p_ai": 9.818558826019503, "p_al": 3.370152344242372, "p_ex": 7.819704001748473, "prior": 8.587314644739731, "rate": 2.8132116645345953}, "datetime": {"datetime": "2024-06-13 00:15:55", "elapsed": 99.519178, "delta": 0.109707}}
{"target": -112.1921307577758, "params": {"p_ai": 1.9900754263415932, "p_al": 6.46649017792085, "p_ex": 5.641829191069348, "prior": 1.5466010079402892, "rate": 7.421983140023526}, "datetime": {"datetime": "2024-06-13 00:15:55", "elapsed": 99.62889, "delta": 0.109712}}
{"target": -147.57295736003346, "params": {"p_ai": 3.6015667876147712, "p_al": 6.0471355297994975, "p_ex": 0.06592323285271869, "prior": 5.905563148843087, "rate": 7.334526684535487}, "datetime": {"datetime": "2024-06-13 00:15:55", "elapsed": 99.739209, "delta": 0.110319}}
{"target": -124.34879038574466, "params": {"p_ai": 3.457397702569941, "p_al": 7.593538905555558, "p_ex": 4.2702742414255, "prior": 4.2325773823623205, "rate": 2.994227023324736}, "datetime": {"datetime": "2024-06-13 00:15:55", "elapsed": 99.8485, "delta": 0.109291}}
{"target": -159.45186703648812, "params": {"p_ai": 7.41084812936265, "p_al": 9.17093155390691, "p_ex": 4.431569286643207, "prior": 9.869859504332707, "rate": 7.995077879366126}, "datetime": {"datetime": "2024-06-13 00:15:55", "elapsed": 99.959203, "delta": 0.110703}}
{"target": -112.53250517245237, "params": {"p_ai": 3.1130412574876014, "p_al": 2.3318198765431166, "p_ex": 3.5900011043724316, "prior": 4.047288190987675, "rate": 4.9594870060932585}, "datetime": {"datetime": "2024-06-13 00:15:55", "elapsed": 100.06891, "delta": 0.109707}}
{"target": -195.5351302466718, "params": {"p_ai": 7.015635889608674, "p_al": 8.410142349236114, "p_ex": 0.591681143437602, "prior": 4.531267048059634, "rate": 4.276131343403098}, "datetime": {"datetime": "2024-06-13 00:15:55", "elapsed": 100.181049, "delta": 0.112139}}
{"target": -117.89574640170036, "params": {"p_ai": 4.240900112591106, "p_al": 5.637207208839824, "p_ex": 9.3980782998847, "prior": 3.3038838395389827, "rate": 9.489732453291571}, "datetime": {"datetime": "2024-06-13 00:15:55", "elapsed": 100.290703, "delta": 0.109654}}
{"target": -100.61197969609735, "params": {"p_ai": 2.4595966948386168, "p_al": 5.484501872174486, "p_ex": 7.134294959360631, "prior": 8.806336338229208, "rate": 7.817205199110037}, "datetime": {"datetime": "2024-06-13 00:15:56", "elapsed": 100.40092, "delta": 0.110217}}
{"target": -173.9210778768523, "params": {"p_ai": 9.657646828616505, "p_al": 5.511879884156932, "p_ex": 9.054357949067327, "prior": 6.547188885206358, "rate": 1.6909319518823145}, "datetime": {"datetime": "2024-06-13 00:15:56", "elapsed": 100.510133, "delta": 0.109213}}
{"target": -134.7287889138197, "params": {"p_ai": 0.3075764907057214, "p_al": 7.608044237084763, "p_ex": 6.776523100769331, "prior": 2.883846336266304, "rate": 1.061060113331068}, "datetime": {"datetime": "2024-06-13 00:15:56", "elapsed": 100.618845, "delta": 0.108712}}
{"target": -150.26578807644503, "params": {"p_ai": 6.894912753981151, "p_al": 7.494775701453469, "p_ex": 5.583261815945312, "prior": 6.6527083965787845, "rate": 4.04120575860372}, "datetime": {"datetime": "2024-06-13 00:15:56", "elapsed": 100.729983, "delta": 0.111138}}
{"target": -157.720620323043, "params": {"p_ai": 8.661009108350234, "p_al": 5.3244804162311095, "p_ex": 8.94849717759843, "prior": 7.397355841077811, "rate": 5.229495878098283}, "datetime": {"datetime": "2024-06-13 00:15:56", "elapsed": 100.841087, "delta": 0.111104}}
{"target": -177.143943280391, "params": {"p_ai": 7.196851652491778, "p_al": 8.867573377717738, "p_ex": 1.9459183399439965, "prior": 4.298620712646929, "rate": 8.593650736304962}, "datetime": {"datetime": "2024-06-13 00:15:56", "elapsed": 100.950645, "delta": 0.109558}}
{"target": -113.87991436683652, "params": {"p_ai": 0.30593315470351806, "p_al": 1.3316887393732058, "p_ex": 4.0540634531511355, "prior": 1.1244776218587826, "rate": 7.261793973479709}, "datetime": {"datetime": "2024-06-13 00:15:56", "elapsed": 101.060354, "delta": 0.109709}}
{"target": -201.8497337580876, "params": {"p_ai": 9.74812518591709, "p_al": 4.891176585226112, "p_ex": 9.60271465844587, "prior": 1.3585554114606393, "rate": 7.004733804599716}, "datetime": {"datetime": "2024-06-13 00:15:56", "elapsed": 101.171393, "delta": 0.111039}}
{"target": -136.61260321857895, "params": {"p_ai": 5.82900028491064, "p_al": 7.917543891275795, "p_ex": 5.377468422835572, "prior": 9.798948077818707, "rate": 4.397088163352406}, "datetime": {"datetime": "2024-06-13 00:15:56", "elapsed": 101.281216, "delta": 0.109823}}
{"target": -241.59904514899475, "params": {"p_ai": 9.502773262661462, "p_al": 9.182866943702871, "p_ex": 4.2392728592820275, "prior": 4.105808538326242, "rate": 0.20045070602134657}, "datetime": {"datetime": "2024-06-13 00:15:57", "elapsed": 101.403886, "delta": 0.12267}}
{"target": -124.5761271765314, "params": {"p_ai": 4.485492635920682, "p_al": 1.9949007104567833, "p_ex": 3.3599204150639372, "prior": 2.8258754102309727, "rate": 6.702309477116513}, "datetime": {"datetime": "2024-06-13 00:15:57", "elapsed": 101.53753, "delta": 0.133644}}
{"target": -108.07224792332144, "params": {"p_ai": 4.4022955698242345, "p_al": 6.002889962165791, "p_ex": 8.435340806411245, "prior": 8.327887276650028, "rate": 5.855987869562886}, "datetime": {"datetime": "2024-06-13 00:15:57", "elapsed": 101.654246, "delta": 0.116716}}
{"target": -148.71261468351878, "params": {"p_ai": 4.405923932616606, "p_al": 4.0047021613980025, "p_ex": 0.7122002336399037, "prior": 4.674352425274426, "rate": 4.031025111880172}, "datetime": {"datetime": "2024-06-13 00:15:57", "elapsed": 101.780636, "delta": 0.12639}}
{"target": -109.14871412173923, "params": {"p_ai": 2.0161053969500373, "p_al": 8.027446895117734, "p_ex": 6.981781631247231, "prior": 9.754105729983317, "rate": 3.8557726961887338}, "datetime": {"datetime": "2024-06-13 00:15:57", "elapsed": 101.899317, "delta": 0.118681}}
{"target": -122.45511707245016, "params": {"p_ai": 4.169858916139606, "p_al": 5.197829460123607, "p_ex": 3.5335312774873016, "prior": 5.4529221972087285, "rate": 8.897635664817782}, "datetime": {"datetime": "2024-06-13 00:15:57", "elapsed": 102.012503, "delta": 0.113186}}
{"target": -141.57265326265366, "params": {"p_ai": 7.305463347346481, "p_al": 2.0659129860558227, "p_ex": 8.001728642806308, "prior": 7.953285322327399, "rate": 7.991110513057933}, "datetime": {"datetime": "2024-06-13 00:15:57", "elapsed": 102.123206, "delta": 0.110703}}
{"target": -123.91736262426518, "params": {"p_ai": 3.168709736973412, "p_al": 6.129902255734795, "p_ex": 6.523257528485796, "prior": 1.203129814105274, "rate": 9.1868342285534}, "datetime": {"datetime": "2024-06-13 00:15:57", "elapsed": 102.244673, "delta": 0.121467}}
{"target": -104.31528789204454, "params": {"p_ai": 3.681989599397955, "p_al": 6.884078859625151, "p_ex": 9.283455455258283, "prior": 6.74904675955315, "rate": 9.38483564986149}, "datetime": {"datetime": "2024-06-13 00:15:57", "elapsed": 102.353382, "delta": 0.108709}}
{"target": -139.26651641226272, "params": {"p_ai": 6.991377462572233, "p_al": 1.709408088343812, "p_ex": 7.289326185240949, "prior": 4.05779575275768, "rate": 3.1864143605046094}, "datetime": {"datetime": "2024-06-13 00:15:58", "elapsed": 102.464086, "delta": 0.110704}}
{"target": -169.6729108091636, "params": {"p_ai": 7.806682064739028, "p_al": 7.905100864498175, "p_ex": 9.4901686447983, "prior": 2.032649766796406, "rate": 5.32711064694857}, "datetime": {"datetime": "2024-06-13 00:15:58", "elapsed": 102.573692, "delta": 0.109606}}
{"target": -173.20136850882733, "params": {"p_ai": 7.7214524638532, "p_al": 5.163972338729523, "p_ex": 2.2886357530249133, "prior": 9.952907622859108, "rate": 8.893309115794231}, "datetime": {"datetime": "2024-06-13 00:15:58", "elapsed": 102.682386, "delta": 0.108694}}
{"target": -122.32621342122074, "params": {"p_ai": 5.77185622802849, "p_al": 5.380940020627867, "p_ex": 8.39992120466477, "prior": 9.146425179600218, "rate": 8.196033971462102}, "datetime": {"datetime": "2024-06-13 00:15:58", "elapsed": 102.791817, "delta": 0.109431}}
{"target": -146.5575227669955, "params": {"p_ai": 4.3286649457508, "p_al": 8.556375691660442, "p_ex": 2.25682771258779, "prior": 5.405620154121501, "rate": 3.1521877359098176}, "datetime": {"datetime": "2024-06-13 00:15:58", "elapsed": 102.902489, "delta": 0.110672}}
{"target": -107.33289911484759, "params": {"p_ai": 1.197225322759513, "p_al": 1.455974015579314, "p_ex": 9.366111572060866, "prior": 1.9507292859870247, "rate": 6.499451382283563}, "datetime": {"datetime": "2024-06-13 00:15:58", "elapsed": 103.0122, "delta": 0.109711}}
{"target": -132.2281469952292, "params": {"p_ai": 2.391972458242885, "p_al": 5.255170257750519, "p_ex": 1.307211406941315, "prior": 2.89611392001835, "rate": 4.005844775951111}, "datetime": {"datetime": "2024-06-13 00:15:58", "elapsed": 103.122413, "delta": 0.110213}}
{"target": -173.25654353927942, "params": {"p_ai": 7.067081063453817, "p_al": 9.0107982835773, "p_ex": 4.28634274271159, "prior": 7.138505863828612, "rate": 1.391725519034242}, "datetime": {"datetime": "2024-06-13 00:15:58", "elapsed": 103.233246, "delta": 0.110833}}
{"target": -106.06467299103944, "params": {"p_ai": 1.0066501696519974, "p_al": 4.481647794143768, "p_ex": 7.605301828565939, "prior": 2.316921225452701, "rate": 8.09151910411932}, "datetime": {"datetime": "2024-06-13 00:15:58", "elapsed": 103.341465, "delta": 0.108219}}
{"target": -135.15768390916637, "params": {"p_ai": 2.5248249478764953, "p_al": 0.838928467976868, "p_ex": 5.130493139683857, "prior": 0.010777103781384231, "rate": 7.081422282546556}, "datetime": {"datetime": "2024-06-13 00:15:59", "elapsed": 103.446693, "delta": 0.105228}}
{"target": -183.88869825465383, "params": {"p_ai": 7.390853426863938, "p_al": 9.73322264344219, "p_ex": 6.631982904080714, "prior": 4.942673042576449, "rate": 0.7371595478477164}, "datetime": {"datetime": "2024-06-13 00:15:59", "elapsed": 103.553901, "delta": 0.107208}}
{"target": -116.92538423416133, "params": {"p_ai": 5.343415976199531, "p_al": 1.4191621099841882, "p_ex": 8.024085235114102, "prior": 5.761912356516914, "rate": 2.1299294622685796}, "datetime": {"datetime": "2024-06-13 00:15:59", "elapsed": 103.660616, "delta": 0.106715}}
{"target": -151.34512503106436, "params": {"p_ai": 7.070844731569463, "p_al": 3.3307517606829986, "p_ex": 6.691313025057773, "prior": 7.795731330379866, "rate": 0.8666746108424254}, "datetime": {"datetime": "2024-06-13 00:15:59", "elapsed": 103.766939, "delta": 0.106323}}
{"target": -121.04011294625603, "params": {"p_ai": 5.107053969244893, "p_al": 1.0376399462769927, "p_ex": 6.49496559599607, "prior": 3.155663327191296, "rate": 6.435368403054906}, "datetime": {"datetime": "2024-06-13 00:15:59", "elapsed": 103.873234, "delta": 0.106295}}
{"target": -131.3198983635669, "params": {"p_ai": 0.4864892669021125, "p_al": 8.67009697380327, "p_ex": 4.78211439086565, "prior": 7.9357383330868965, "rate": 2.267143144700332}, "datetime": {"datetime": "2024-06-13 00:15:59", "elapsed": 103.982896, "delta": 0.109662}}
{"target": -107.01652662869746, "params": {"p_ai": 3.3504024487870745, "p_al": 7.637985457191093, "p_ex": 8.534375742625368, "prior": 4.371801524592517, "rate": 9.303392967733627}, "datetime": {"datetime": "2024-06-13 00:15:59", "elapsed": 104.091605, "delta": 0.108709}}
{"target": -135.08998181354818, "params": {"p_ai": 5.796563374104747, "p_al": 0.4919257168276211, "p_ex": 4.5291605182121115, "prior": 1.6048400632304824, "rate": 7.3285116447675644}, "datetime": {"datetime": "2024-06-13 00:15:59", "elapsed": 104.19819, "delta": 0.106585}}
{"target": -102.10940090490033, "params": {"p_ai": 3.4741793266387537, "p_al": 2.0125752194218203, "p_ex": 8.428037552609165, "prior": 8.178145521691025, "rate": 3.4371232618649366}, "datetime": {"datetime": "2024-06-13 00:15:59", "elapsed": 104.30493, "delta": 0.10674}}
