{"target": -670.6967053516157, "params": {"p_ai": 7.645880298369269, "p_al": 8.425928176116589, "p_ex": 1.6482835391778359, "prior": 0.30037904725966913, "rate": 8.473957498284374}, "datetime": {"datetime": "2024-06-13 10:49:02", "elapsed": 192.78885, "delta": 0.114217}}
{"target": -147.8924889174931, "params": {"p_ai": 1.5978999676705834, "p_al": 9.452474222268522, "p_ex": 9.6751511743209, "prior": 5.782286585742874, "rate": 4.86086482203078}, "datetime": {"datetime": "2024-06-13 10:49:02", "elapsed": 192.899552, "delta": 0.110702}}
{"target": -252.49309756768812, "params": {"p_ai": 3.5399302818946294, "p_al": 6.5943311229624895, "p_ex": 3.844215056434075, "prior": 4.3495227253084305, "rate": 6.133381178285857}, "datetime": {"datetime": "2024-06-13 10:49:02", "elapsed": 193.006282, "delta": 0.10673}}
{"target": -157.47273038108654, "params": {"p_ai": 0.3473141052424417, "p_al": 2.188825121599359, "p_ex": 0.20289921348127768, "prior": 7.631571605150463, "rate": 3.8992865170858697}, "datetime": {"datetime": "2024-06-13 10:49:02", "elapsed": 193.113994, "delta": 0.107712}}
{"target": -266.3891546988529, "params": {"p_ai": 4.22727425904962, "p_al": 5.497285048261972, "p_ex": 3.885205367729676, "prior": 8.106519351470153, "rate": 4.359609666811914}, "datetime": {"datetime": "2024-06-13 10:49:02", "elapsed": 193.2211, "delta": 0.107106}}
{"target": -358.4602995884191, "params": {"p_ai": 5.80198491688987, "p_al": 9.711741256756822, "p_ex": 9.921002784020551, "prior": 2.0295308814845776, "rate": 4.445757341308546}, "datetime": {"datetime": "2024-06-13 10:49:03", "elapsed": 193.332801, "delta": 0.111701}}
{"target": -288.8936555191387, "params": {"p_ai": 4.748013525117315, "p_al": 2.9770880479348993, "p_ex": 2.8357623029416175, "prior": 8.396372357036437, "rate": 9.620978455330851}, "datetime": {"datetime": "2024-06-13 10:49:03", "elapsed": 193.443301, "delta": 0.1105}}
{"target": -210.27750629146024, "params": {"p_ai": 2.1076840135391466, "p_al": 8.917445975561035, "p_ex": 3.9203700212971393, "prior": 6.5146061335727365, "rate": 2.8393185641702403}, "datetime": {"datetime": "2024-06-13 10:49:03", "elapsed": 193.554005, "delta": 0.110704}}
{"target": -542.9966233701598, "params": {"p_ai": 9.410875568311575, "p_al": 7.868385331278608, "p_ex": 1.9285394211365976, "prior": 6.150775174565332, "rate": 9.687992957861107}, "datetime": {"datetime": "2024-06-13 10:49:03", "elapsed": 193.661717, "delta": 0.107712}}
{"target": -221.2106647465236, "params": {"p_ai": 2.8465689977486646, "p_al": 3.6159658554883047, "p_ex": 2.0369185898923603, "prior": 6.388041442880768, "rate": 8.928304617572111}, "datetime": {"datetime": "2024-06-13 10:49:03", "elapsed": 193.767748, "delta": 0.106031}}
{"target": -222.6573473462619, "params": {"p_ai": 3.4176241990607132, "p_al": 1.2448634162566206, "p_ex": 3.477421754593186, "prior": 6.267597206391761, "rate": 7.3486489013360865}, "datetime": {"datetime": "2024-06-13 10:49:03", "elapsed": 193.874462, "delta": 0.106714}}
{"target": -293.56635489025854, "params": {"p_ai": 6.06569582390842, "p_al": 0.7629895690074862, "p_ex": 9.3982712422239, "prior": 1.894725384461439, "rate": 5.741282328755557}, "datetime": {"datetime": "2024-06-13 10:49:03", "elapsed": 193.993656, "delta": 0.119194}}
{"target": -524.460103099055, "params": {"p_ai": 9.068436048386324, "p_al": 9.733885041132165, "p_ex": 8.577853729314828, "prior": 1.291782040051848, "rate": 9.070273779416}, "datetime": {"datetime": "2024-06-13 10:49:03", "elapsed": 194.122315, "delta": 0.128659}}
{"target": -269.684468105135, "params": {"p_ai": 3.275804194147744, "p_al": 5.824276030034087, "p_ex": 1.4054507070834954, "prior": 5.127731944797223, "rate": 4.673829224260694}, "datetime": {"datetime": "2024-06-13 10:49:03", "elapsed": 194.230028, "delta": 0.107713}}
{"target": -152.27339216422249, "params": {"p_ai": 0.05412463096336683, "p_al": 2.8627981380082383, "p_ex": 1.4353441109910539, "prior": 3.535888803118109, "rate": 2.717438398776244}, "datetime": {"datetime": "2024-06-13 10:49:04", "elapsed": 194.336652, "delta": 0.106624}}
{"target": -385.57509563568095, "params": {"p_ai": 4.7117904347979795, "p_al": 7.71575011442118, "p_ex": 0.2073443349830716, "prior": 2.2765746598404175, "rate": 9.835323401060291}, "datetime": {"datetime": "2024-06-13 10:49:04", "elapsed": 194.445629, "delta": 0.108977}}
{"target": -137.8396408338843, "params": {"p_ai": 0.5970308479826237, "p_al": 5.955464938899415, "p_ex": 9.98281883181317, "prior": 6.0082711762639684, "rate": 0.5272825380733861}, "datetime": {"datetime": "2024-06-13 10:49:04", "elapsed": 194.552928, "delta": 0.107299}}
{"target": -151.02863193330407, "params": {"p_ai": 1.247615184842307, "p_al": 8.951569138924695, "p_ex": 8.684303256584421, "prior": 5.488239219259834, "rate": 2.626539687739553}, "datetime": {"datetime": "2024-06-13 10:49:04", "elapsed": 194.659733, "delta": 0.106805}}
{"target": -264.46559036872, "params": {"p_ai": 5.1039668610753, "p_al": 2.5384842446128597, "p_ex": 6.9016542129425655, "prior": 6.04163629803445, "rate": 7.880027078729962}, "datetime": {"datetime": "2024-06-13 10:49:04", "elapsed": 194.766784, "delta": 0.107051}}
{"target": -242.67381076323886, "params": {"p_ai": 4.876896746797732, "p_al": 0.3845673476300403, "p_ex": 7.90042369060565, "prior": 2.094541457312883, "rate": 2.267156482485757}, "datetime": {"datetime": "2024-06-13 10:49:04", "elapsed": 194.87253, "delta": 0.105746}}
{"target": -299.615552392146, "params": {"p_ai": 5.41683776675973, "p_al": 8.22612677728021, "p_ex": 9.490988142671121, "prior": 2.4084901850032217, "rate": 8.962075541212121}, "datetime": {"datetime": "2024-06-13 10:49:04", "elapsed": 194.979751, "delta": 0.107221}}
{"target": -537.1574253864148, "params": {"p_ai": 9.110403004648784, "p_al": 7.4444611630978255, "p_ex": 3.7432420544888587, "prior": 5.478992530320113, "rate": 1.3771949885420756}, "datetime": {"datetime": "2024-06-13 10:49:04", "elapsed": 195.086315, "delta": 0.106564}}
{"target": -310.9727946075548, "params": {"p_ai": 5.753158422825508, "p_al": 5.7565603831271615, "p_ex": 5.83514747894246, "prior": 9.202384133084522, "rate": 5.331475425824364}, "datetime": {"datetime": "2024-06-13 10:49:04", "elapsed": 195.193029, "delta": 0.106714}}
{"target": -293.86105482403184, "params": {"p_ai": 2.409700392701995, "p_al": 5.452802431964457, "p_ex": 1.274615719654313, "prior": 0.7487324891180922, "rate": 8.306273843360378}, "datetime": {"datetime": "2024-06-13 10:49:05", "elapsed": 195.299744, "delta": 0.106715}}
{"target": -370.5080656581974, "params": {"p_ai": 7.231830226352597, "p_al": 0.8400330773631136, "p_ex": 5.5762639335783595, "prior": 5.251530374957857, "rate": 5.073609981034573}, "datetime": {"datetime": "2024-06-13 10:49:05", "elapsed": 195.406459, "delta": 0.106715}}
{"target": -130.10783189104671, "params": {"p_ai": 0.3250148579303004, "p_al": 9.603745417992133, "p_ex": 9.276571265567167, "prior": 9.644181333074515, "rate": 5.334287319735669}, "datetime": {"datetime": "2024-06-13 10:49:05", "elapsed": 195.514165, "delta": 0.107706}}
{"target": -158.91316512061172, "params": {"p_ai": 1.2672723072303933, "p_al": 7.3231587173976855, "p_ex": 9.497378466167685, "prior": 2.59340128734707, "rate": 2.8384022086892235}, "datetime": {"datetime": "2024-06-13 10:49:05", "elapsed": 195.620869, "delta": 0.106704}}
{"target": -247.97385831977215, "params": {"p_ai": 4.471117688109057, "p_al": 1.5870255474868245, "p_ex": 5.6862453459868885, "prior": 4.495877535685449, "rate": 8.874344555260828}, "datetime": {"datetime": "2024-06-13 10:49:05", "elapsed": 195.727792, "delta": 0.106923}}
{"target": -168.88110114741116, "params": {"p_ai": 2.1491000490954177, "p_al": 1.6803317413176135, "p_ex": 4.956843174631359, "prior": 5.166738512123674, "rate": 4.062554841030758}, "datetime": {"datetime": "2024-06-13 10:49:05", "elapsed": 195.834505, "delta": 0.106713}}
{"target": -172.7601942186336, "params": {"p_ai": 2.3687273731167005, "p_al": 5.364100211184668, "p_ex": 9.621446145291596, "prior": 2.5650999457370163, "rate": 2.8326148102639097}, "datetime": {"datetime": "2024-06-13 10:49:05", "elapsed": 195.947205, "delta": 0.1127}}
{"target": -282.13999077252834, "params": {"p_ai": 0.3156173831849737, "p_al": 8.761177238697952, "p_ex": 2.7445718970028596, "prior": 0.5985643995254315, "rate": 7.520772391218443}, "datetime": {"datetime": "2024-06-13 10:49:05", "elapsed": 196.053795, "delta": 0.10659}}
{"target": -513.8143890681959, "params": {"p_ai": 9.291961802847371, "p_al": 4.239885742344293, "p_ex": 3.251736113269821, "prior": 6.888555165202704, "rate": 2.0713875028878537}, "datetime": {"datetime": "2024-06-13 10:49:05", "elapsed": 196.160684, "delta": 0.106889}}
{"target": -297.48457774695476, "params": {"p_ai": 5.515629599124463, "p_al": 4.945852933269145, "p_ex": 5.8740064697773695, "prior": 8.352569404187673, "rate": 6.841598833004274}, "datetime": {"datetime": "2024-06-13 10:49:05", "elapsed": 196.266401, "delta": 0.105717}}
{"target": -553.6609362682151, "params": {"p_ai": 8.823990270310057, "p_al": 2.794271110188989, "p_ex": 2.5003070621346244, "prior": 1.881931529271208, "rate": 0.08454172142067419}, "datetime": {"datetime": "2024-06-13 10:49:06", "elapsed": 196.373116, "delta": 0.106715}}
{"target": -433.7103110363679, "params": {"p_ai": 6.574904035985843, "p_al": 3.7187985171872686, "p_ex": 1.6620934543483672, "prior": 2.5925270594447696, "rate": 1.8258424621610987}, "datetime": {"datetime": "2024-06-13 10:49:06", "elapsed": 196.480468, "delta": 0.107352}}
{"target": -190.11829519262386, "params": {"p_ai": 1.781546189039877, "p_al": 2.2784543286176056, "p_ex": 0.9650089891972059, "prior": 5.4415067153569385, "rate": 8.362122785682642}, "datetime": {"datetime": "2024-06-13 10:49:06", "elapsed": 196.589202, "delta": 0.108734}}
{"target": -211.8946766081707, "params": {"p_ai": 3.467054606940248, "p_al": 9.12608656635545, "p_ex": 6.839509200906585, "prior": 8.260545308504511, "rate": 9.248617824767361}, "datetime": {"datetime": "2024-06-13 10:49:06", "elapsed": 196.695646, "delta": 0.106444}}
{"target": -553.8417050901769, "params": {"p_ai": 7.189736571238775, "p_al": 7.70451096450661, "p_ex": 0.7411015766992916, "prior": 1.8876651008462522, "rate": 3.141201863910027}, "datetime": {"datetime": "2024-06-13 10:49:06", "elapsed": 196.80316, "delta": 0.107514}}
{"target": -300.89383923168117, "params": {"p_ai": 3.3445682522866194, "p_al": 4.653584162931725, "p_ex": 0.9534921805564841, "prior": 3.442930633309283, "rate": 0.7325063572854406}, "datetime": {"datetime": "2024-06-13 10:49:06", "elapsed": 196.909432, "delta": 0.106272}}
{"target": -352.304228110547, "params": {"p_ai": 3.234817809537565, "p_al": 6.615345368782571, "p_ex": 0.03020823973305364, "prior": 2.844351145629914, "rate": 0.7293916525625277}, "datetime": {"datetime": "2024-06-13 10:49:06", "elapsed": 197.016263, "delta": 0.106831}}
{"target": -357.75237782059145, "params": {"p_ai": 7.107909537459364, "p_al": 8.41283813983524, "p_ex": 9.783327087193005, "prior": 6.172059674088251, "rate": 2.249774333625094}, "datetime": {"datetime": "2024-06-13 10:49:06", "elapsed": 197.122492, "delta": 0.106229}}
{"target": -155.63196785513247, "params": {"p_ai": 2.2838827103711767, "p_al": 4.935774080812867, "p_ex": 9.31353395186366, "prior": 6.28093252568466, "rate": 1.8148191852404827}, "datetime": {"datetime": "2024-06-13 10:49:06", "elapsed": 197.229207, "delta": 0.106715}}
{"target": -322.38535602865636, "params": {"p_ai": 5.160577155977621, "p_al": 4.091817715225468, "p_ex": 8.690815371881804, "prior": 1.0450515847490052, "rate": 2.177056840566083}, "datetime": {"datetime": "2024-06-13 10:49:07", "elapsed": 197.336919, "delta": 0.107712}}
{"target": -394.3915745618785, "params": {"p_ai": 7.593525604372422, "p_al": 9.732488385860462, "p_ex": 8.088499978305192, "prior": 5.704757143227955, "rate": 8.096250582654447}, "datetime": {"datetime": "2024-06-13 10:49:07", "elapsed": 197.443633, "delta": 0.106714}}
{"target": -236.70179366889235, "params": {"p_ai": 3.787004026601381, "p_al": 2.398840267875232, "p_ex": 4.423918203145034, "prior": 2.9311627848052377, "rate": 6.4439470667819645}, "datetime": {"datetime": "2024-06-13 10:49:07", "elapsed": 197.550348, "delta": 0.106715}}
{"target": -449.9708079628876, "params": {"p_ai": 9.161325203993677, "p_al": 6.7142951176629735, "p_ex": 7.837526018021149, "prior": 9.199103504930617, "rate": 7.3200532325994585}, "datetime": {"datetime": "2024-06-13 10:49:07", "elapsed": 197.657062, "delta": 0.106714}}
{"target": -227.60881922621627, "params": {"p_ai": 4.563877389987818, "p_al": 7.422213927116531, "p_ex": 9.905897852443383, "prior": 6.738876319458758, "rate": 7.271629540115007}, "datetime": {"datetime": "2024-06-13 10:49:07", "elapsed": 197.764341, "delta": 0.107279}}
{"target": -195.8006047506994, "params": {"p_ai": 1.354184926108273, "p_al": 8.173628183879769, "p_ex": 9.291854891008802, "prior": 0.8303224228594415, "rate": 9.222212109683678}, "datetime": {"datetime": "2024-06-13 10:49:07", "elapsed": 197.880031, "delta": 0.11569}}
{"target": -462.3633180484363, "params": {"p_ai": 7.60036665212304, "p_al": 2.527489150207483, "p_ex": 0.3487616722491927, "prior": 5.933706834543027, "rate": 1.400823358451484}, "datetime": {"datetime": "2024-06-13 10:49:07", "elapsed": 197.99273, "delta": 0.112699}}
{"target": -583.241806632519, "params": {"p_ai": 8.806505853274864, "p_al": 6.43516094643063, "p_ex": 0.4128521467121199, "prior": 1.9449290747344254, "rate": 6.245507162043737}, "datetime": {"datetime": "2024-06-13 10:49:07", "elapsed": 198.098385, "delta": 0.105655}}
{"target": -306.83051401401104, "params": {"p_ai": 5.2669972557982545, "p_al": 2.9032784046400546, "p_ex": 3.951787231525057, "prior": 2.4664303735141795, "rate": 9.983893314244774}, "datetime": {"datetime": "2024-06-13 10:49:07", "elapsed": 198.204597, "delta": 0.106212}}
{"target": -803.7239069094297, "params": {"p_ai": 8.833065163393082, "p_al": 7.409960187825591, "p_ex": 2.4661332467547283, "prior": 0.8897232030252922, "rate": 0.9622179788592258}, "datetime": {"datetime": "2024-06-13 10:49:08", "elapsed": 198.316298, "delta": 0.111701}}
{"target": -507.91566958543825, "params": {"p_ai": 8.81485888797655, "p_al": 2.23989850108183, "p_ex": 0.5513021433819707, "prior": 6.087876583248063, "rate": 7.5406482431227655}, "datetime": {"datetime": "2024-06-13 10:49:08", "elapsed": 198.422562, "delta": 0.106264}}
{"target": -594.4577177726634, "params": {"p_ai": 9.05545783378447, "p_al": 4.840787675596431, "p_ex": 7.185726268279502, "prior": 0.4693751310064283, "rate": 3.046102797161592}, "datetime": {"datetime": "2024-06-13 10:49:08", "elapsed": 198.529281, "delta": 0.106719}}
{"target": -169.35876804066973, "params": {"p_ai": 0.8724383363741328, "p_al": 4.003969423171581, "p_ex": 1.9943620684552943, "prior": 4.985870067389963, "rate": 2.4186709251979432}, "datetime": {"datetime": "2024-06-13 10:49:08", "elapsed": 198.665425, "delta": 0.136144}}
{"target": -185.48273153311382, "params": {"p_ai": 1.9135365385302465, "p_al": 6.018254713357541, "p_ex": 4.806579427769891, "prior": 3.8159056130442353, "rate": 4.190704510941355}, "datetime": {"datetime": "2024-06-13 10:49:08", "elapsed": 198.785219, "delta": 0.119794}}
{"target": -590.8872269992887, "params": {"p_ai": 9.46962652699391, "p_al": 6.112896872215864, "p_ex": 2.018777721178968, "prior": 2.6686013544941507, "rate": 2.9977662655825186}, "datetime": {"datetime": "2024-06-13 10:49:08", "elapsed": 198.899998, "delta": 0.114779}}
{"target": -418.8388692954573, "params": {"p_ai": 7.11491287284615, "p_al": 5.095664163185219, "p_ex": 2.126962754862719, "prior": 5.806031398863331, "rate": 8.757324382383848}, "datetime": {"datetime": "2024-06-13 10:49:08", "elapsed": 199.016856, "delta": 0.116858}}
{"target": -250.51377235161468, "params": {"p_ai": 1.264164532619279, "p_al": 9.924544608485885, "p_ex": 5.733538660519559, "prior": 0.7560766698720095, "rate": 9.247063064814338}, "datetime": {"datetime": "2024-06-13 10:49:08", "elapsed": 199.133533, "delta": 0.116677}}
{"target": -413.10093990636483, "params": {"p_ai": 6.613348799490278, "p_al": 2.5843758139259245, "p_ex": 0.114106515326011, "prior": 8.27847416292545, "rate": 1.9689075126292552}, "datetime": {"datetime": "2024-06-13 10:49:08", "elapsed": 199.240248, "delta": 0.106715}}
{"target": -492.60741335873377, "params": {"p_ai": 9.103998761089683, "p_al": 2.6213911979120468, "p_ex": 3.0760627752677463, "prior": 4.2905941990788286, "rate": 8.495349229668236}, "datetime": {"datetime": "2024-06-13 10:49:09", "elapsed": 199.355938, "delta": 0.11569}}
{"target": -211.6322581138632, "params": {"p_ai": 3.763714874706974, "p_al": 6.691159428225323, "p_ex": 7.312126292070396, "prior": 8.946795636693912, "rate": 9.3853231228861}, "datetime": {"datetime": "2024-06-13 10:49:09", "elapsed": 199.46764, "delta": 0.111702}}
{"target": -456.52716424965945, "params": {"p_ai": 8.723639161073988, "p_al": 4.5260419014527065, "p_ex": 5.508787884479991, "prior": 5.774642121010108, "rate": 4.856321710522147}, "datetime": {"datetime": "2024-06-13 10:49:09", "elapsed": 199.576349, "delta": 0.108709}}
{"target": -546.887580139219, "params": {"p_ai": 9.140654616001479, "p_al": 7.863665142247982, "p_ex": 0.9341801465789235, "prior": 9.909334174074031, "rate": 1.9134182981396977}, "datetime": {"datetime": "2024-06-13 10:49:09", "elapsed": 199.683622, "delta": 0.107273}}
{"target": -203.67397017943807, "params": {"p_ai": 2.6946420098118167, "p_al": 1.5126957009561108, "p_ex": 2.6359153304102105, "prior": 3.7282649382430666, "rate": 9.73889819201254}, "datetime": {"datetime": "2024-06-13 10:49:09", "elapsed": 199.790888, "delta": 0.107266}}
{"target": -188.50013945589828, "params": {"p_ai": 1.6701170895816995, "p_al": 6.1022227291918485, "p_ex": 4.4794046592886625, "prior": 5.870684627503185, "rate": 0.5374403481319142}, "datetime": {"datetime": "2024-06-13 10:49:09", "elapsed": 199.898606, "delta": 0.107718}}
{"target": -199.19580463923216, "params": {"p_ai": 3.093992449316217, "p_al": 0.9100222216758822, "p_ex": 4.635021288415472, "prior": 8.91997251668201, "rate": 8.214027125504684}, "datetime": {"datetime": "2024-06-13 10:49:09", "elapsed": 200.006311, "delta": 0.107705}}
{"target": -470.1714858857545, "params": {"p_ai": 8.721673110762312, "p_al": 3.996566139166351, "p_ex": 5.093869191705719, "prior": 2.5728041383019566, "rate": 6.070272808746701}, "datetime": {"datetime": "2024-06-13 10:49:09", "elapsed": 200.114028, "delta": 0.107717}}
{"target": -262.87536279539654, "params": {"p_ai": 4.46366590882885, "p_al": 4.964567665644117, "p_ex": 5.41008966027013, "prior": 5.805041396958066, "rate": 4.647146134690929}, "datetime": {"datetime": "2024-06-13 10:49:09", "elapsed": 200.221742, "delta": 0.107714}}
{"target": -479.2459927209345, "params": {"p_ai": 7.985073244973555, "p_al": 4.092930293005516, "p_ex": 0.43727715568411757, "prior": 8.334285054155176, "rate": 4.848426493578269}, "datetime": {"datetime": "2024-06-13 10:49:10", "elapsed": 200.329454, "delta": 0.107712}}
{"target": -316.7485136543147, "params": {"p_ai": 4.785260085652449, "p_al": 1.7691646741264269, "p_ex": 4.430590877348969, "prior": 1.435575847434563, "rate": 0.41333672859875353}, "datetime": {"datetime": "2024-06-13 10:49:10", "elapsed": 200.445498, "delta": 0.116044}}
{"target": -540.491410682638, "params": {"p_ai": 9.631664535876418, "p_al": 2.620251162143144, "p_ex": 1.3618514879034485, "prior": 6.880876016593594, "rate": 3.7399373051639726}, "datetime": {"datetime": "2024-06-13 10:49:10", "elapsed": 200.556653, "delta": 0.111155}}
{"target": -361.3857403482435, "params": {"p_ai": 6.231176312791222, "p_al": 7.0647537144614585, "p_ex": 6.621431853723695, "prior": 2.2699084221617496, "rate": 7.833946869447758}, "datetime": {"datetime": "2024-06-13 10:49:10", "elapsed": 200.736795, "delta": 0.180142}}
{"target": -219.666804854146, "params": {"p_ai": 0.7106273630209408, "p_al": 7.881639009606957, "p_ex": 1.6242917858112043, "prior": 4.050691533188868, "rate": 0.0629721530464926}, "datetime": {"datetime": "2024-06-13 10:49:10", "elapsed": 200.849004, "delta": 0.112209}}
{"target": -148.98964429816147, "params": {"p_ai": 1.629359570418598, "p_al": 6.778911007822735, "p_ex": 7.50169125304418, "prior": 9.10200874208432, "rate": 4.202836389683321}, "datetime": {"datetime": "2024-06-13 10:49:10", "elapsed": 200.956715, "delta": 0.107711}}
{"target": -407.36234912760415, "params": {"p_ai": 6.103673669256451, "p_al": 4.9209359232553025, "p_ex": 0.25505952413242966, "prior": 4.483299010470711, "rate": 6.894808923476805}, "datetime": {"datetime": "2024-06-13 10:49:10", "elapsed": 201.064298, "delta": 0.107583}}
{"target": -320.6897176863712, "params": {"p_ai": 6.769052402167239, "p_al": 2.935059826190939, "p_ex": 8.774877039679437, "prior": 7.7124659032652225, "rate": 8.537361539915066}, "datetime": {"datetime": "2024-06-13 10:49:10", "elapsed": 201.173008, "delta": 0.10871}}
{"target": -518.714147610441, "params": {"p_ai": 9.371581875455856, "p_al": 2.3508042096415482, "p_ex": 7.173131504668459, "prior": 0.4404809544682865, "rate": 3.036942440429322}, "datetime": {"datetime": "2024-06-13 10:49:10", "elapsed": 201.279722, "delta": 0.106714}}
{"target": -305.8245264731227, "params": {"p_ai": 4.8310017836709145, "p_al": 3.644838951583288, "p_ex": 1.9855339344892702, "prior": 6.987144597858653, "rate": 9.253095850988169}, "datetime": {"datetime": "2024-06-13 10:49:11", "elapsed": 201.388733, "delta": 0.109011}}
{"target": -154.79683806895537, "params": {"p_ai": 0.9994800071896959, "p_al": 2.302146241513983, "p_ex": 2.849180340028503, "prior": 6.6800625926414545, "rate": 3.866783199329621}, "datetime": {"datetime": "2024-06-13 10:49:11", "elapsed": 201.495448, "delta": 0.106715}}
{"target": -402.8557566261753, "params": {"p_ai": 7.6562105910740685, "p_al": 0.9573677553367381, "p_ex": 4.602344211627279, "prior": 2.9268592456242746, "rate": 5.1346429831113305}, "datetime": {"datetime": "2024-06-13 10:49:11", "elapsed": 201.602162, "delta": 0.106714}}
