{"target": -1551.404873904713, "params": {"gamma": 4.797895932924502, "lr": 0.9466766792396476}, "datetime": {"datetime": "2024-06-13 14:28:16", "elapsed": 3.152907, "delta": 0.003989}}
{"target": -2349.878659677491, "params": {"gamma": 5.53478362877641, "lr": 0.08480182166035288}, "datetime": {"datetime": "2024-06-13 14:28:16", "elapsed": 3.156897, "delta": 0.00399}}
{"target": -624.4060464278224, "params": {"gamma": 2.0254278937096815, "lr": 0.8542379729163827}, "datetime": {"datetime": "2024-06-13 14:28:16", "elapsed": 3.161884, "delta": 0.004987}}
{"target": -2171.5169939302277, "params": {"gamma": 7.0595677402804276, "lr": 0.8949395201529242}, "datetime": {"datetime": "2024-06-13 14:28:16", "elapsed": 3.16687, "delta": 0.004986}}
{"target": -720.3648297219958, "params": {"gamma": 3.2921308719412035, "lr": 0.5280013966376261}, "datetime": {"datetime": "2024-06-13 14:28:16", "elapsed": 3.170738, "delta": 0.003868}}
{"target": -1407.022396269927, "params": {"gamma": 6.504330926708715, "lr": 0.5942908535866644}, "datetime": {"datetime": "2024-06-13 14:28:16", "elapsed": 3.174726, "delta": 0.003988}}
{"target": -394.14419875554586, "params": {"gamma": 2.315397892406944, "lr": 0.4268213494482356}, "datetime": {"datetime": "2024-06-13 14:28:16", "elapsed": 3.178715, "delta": 0.003989}}
{"target": -757.4385955577894, "params": {"gamma": 2.481866529137688, "lr": 0.8456149622311454}, "datetime": {"datetime": "2024-06-13 14:28:16", "elapsed": 3.182704, "delta": 0.003989}}
{"target": -4122.2891289616555, "params": {"gamma": 9.866787772235858, "lr": 0.06657080313237929}, "datetime": {"datetime": "2024-06-13 14:28:16", "elapsed": 3.186693, "delta": 0.003989}}
{"target": -1077.5448840586866, "params": {"gamma": 7.139566394637347, "lr": 0.3301155521990743}, "datetime": {"datetime": "2024-06-13 14:28:16", "elapsed": 3.190683, "delta": 0.00399}}
{"target": -981.3802571532317, "params": {"gamma": 6.254728347736019, "lr": 0.258129649281871}, "datetime": {"datetime": "2024-06-13 14:28:17", "elapsed": 3.19567, "delta": 0.004987}}
{"target": -1014.4462252654371, "params": {"gamma": 6.510425085475643, "lr": 0.37114718446272954}, "datetime": {"datetime": "2024-06-13 14:28:17", "elapsed": 3.200657, "delta": 0.004987}}
{"target": -929.2998172395805, "params": {"gamma": 2.9489139744901, "lr": 0.9117631736977988}, "datetime": {"datetime": "2024-06-13 14:28:17", "elapsed": 3.204645, "delta": 0.003988}}
{"target": -2214.1320439755746, "params": {"gamma": 9.425046243387849, "lr": 0.6135500265601355}, "datetime": {"datetime": "2024-06-13 14:28:17", "elapsed": 3.208635, "delta": 0.00399}}
{"target": -708.0718825241124, "params": {"gamma": 2.1454633405260957, "lr": 0.9394188709061594}, "datetime": {"datetime": "2024-06-13 14:28:17", "elapsed": 3.212624, "delta": 0.003989}}
{"target": -2173.3449053178488, "params": {"gamma": 7.504785013686519, "lr": 0.7510898073228061}, "datetime": {"datetime": "2024-06-13 14:28:17", "elapsed": 3.216614, "delta": 0.00399}}
{"target": -636.0832705076181, "params": {"gamma": 2.1180016271500137, "lr": 0.8301565261622993}, "datetime": {"datetime": "2024-06-13 14:28:17", "elapsed": 3.220605, "delta": 0.003991}}
{"target": -583.212344563075, "params": {"gamma": 2.4017114464579397, "lr": 0.6316207452501602}, "datetime": {"datetime": "2024-06-13 14:28:17", "elapsed": 3.225591, "delta": 0.004986}}
{"target": -1843.5393601549983, "params": {"gamma": 7.107684959425964, "lr": 0.7423834297071017}, "datetime": {"datetime": "2024-06-13 14:28:17", "elapsed": 3.229581, "delta": 0.00399}}
{"target": -1137.6379234458507, "params": {"gamma": 3.9032567812912102, "lr": 0.7598253967160974}, "datetime": {"datetime": "2024-06-13 14:28:17", "elapsed": 3.23357, "delta": 0.003989}}
{"target": -1945.891710443411, "params": {"gamma": 9.029456085314978, "lr": 0.5874200192375769}, "datetime": {"datetime": "2024-06-13 14:28:17", "elapsed": 3.23756, "delta": 0.00399}}
{"target": -226.54452351764067, "params": {"gamma": 0.9050067472322914, "lr": 0.12897598414227607}, "datetime": {"datetime": "2024-06-13 14:28:17", "elapsed": 3.241187, "delta": 0.003627}}
{"target": -214.7643900834151, "params": {"gamma": 1.0535200041012063, "lr": 0.17272746332288003}, "datetime": {"datetime": "2024-06-13 14:28:17", "elapsed": 3.245176, "delta": 0.003989}}
{"target": -394.3871934403224, "params": {"gamma": 1.2651824720065605, "lr": 0.7783008900676276}, "datetime": {"datetime": "2024-06-13 14:28:17", "elapsed": 3.249165, "delta": 0.003989}}
{"target": -144.72401122279237, "params": {"gamma": 0.39507571033225836, "lr": 0.24155841734086403}, "datetime": {"datetime": "2024-06-13 14:28:17", "elapsed": 3.253155, "delta": 0.00399}}
{"target": -2828.379607008875, "params": {"gamma": 8.790784947183296, "lr": 0.9735188608362936}, "datetime": {"datetime": "2024-06-13 14:28:17", "elapsed": 3.259139, "delta": 0.005984}}
{"target": -1953.096960575431, "params": {"gamma": 6.054614655262755, "lr": 0.9762382645603884}, "datetime": {"datetime": "2024-06-13 14:28:17", "elapsed": 3.263128, "delta": 0.003989}}
{"target": -201.62101870184176, "params": {"gamma": 0.43547196560805285, "lr": 0.9485727683760076}, "datetime": {"datetime": "2024-06-13 14:28:17", "elapsed": 3.267117, "delta": 0.003989}}
{"target": -916.2816587737218, "params": {"gamma": 3.113649528479215, "lr": 0.798972840361593}, "datetime": {"datetime": "2024-06-13 14:28:17", "elapsed": 3.271107, "delta": 0.00399}}
{"target": -2491.8937791084504, "params": {"gamma": 8.106480405365568, "lr": 0.8599985915803449}, "datetime": {"datetime": "2024-06-13 14:28:17", "elapsed": 3.275096, "delta": 0.003989}}
{"target": -1483.742444753654, "params": {"gamma": 4.586049558214109, "lr": 0.9306443921654484}, "datetime": {"datetime": "2024-06-13 14:28:17", "elapsed": 3.279085, "delta": 0.003989}}
{"target": -845.0866205940766, "params": {"gamma": 2.579671951285972, "lr": 0.9344454925295846}, "datetime": {"datetime": "2024-06-13 14:28:17", "elapsed": 3.283075, "delta": 0.00399}}
{"target": -1996.8954220751748, "params": {"gamma": 6.191577212883354, "lr": 0.9854449149448306}, "datetime": {"datetime": "2024-06-13 14:28:17", "elapsed": 3.287064, "delta": 0.003989}}
{"target": -163.08707983104, "params": {"gamma": 0.3274060157599613, "lr": 0.7251666588327084}, "datetime": {"datetime": "2024-06-13 14:28:17", "elapsed": 3.29604, "delta": 0.008976}}
{"target": -1023.0968842116116, "params": {"gamma": 5.655976799568431, "lr": 0.4924240473983196}, "datetime": {"datetime": "2024-06-13 14:28:17", "elapsed": 3.304019, "delta": 0.007979}}
{"target": -409.03156940591646, "params": {"gamma": 2.5929220383817193, "lr": 0.3268306848663751}, "datetime": {"datetime": "2024-06-13 14:28:17", "elapsed": 3.308009, "delta": 0.00399}}
{"target": -407.8841253413842, "params": {"gamma": 2.495372604807176, "lr": 0.21926791032506077}, "datetime": {"datetime": "2024-06-13 14:28:17", "elapsed": 3.311997, "delta": 0.003988}}
{"target": -1720.0608546237438, "params": {"gamma": 7.996808714410864, "lr": 0.5023950058982584}, "datetime": {"datetime": "2024-06-13 14:28:17", "elapsed": 3.316984, "delta": 0.004987}}
{"target": -279.5219693267605, "params": {"gamma": 0.8328156970812803, "lr": 0.7769841920273803}, "datetime": {"datetime": "2024-06-13 14:28:17", "elapsed": 3.321626, "delta": 0.004642}}
{"target": -1388.8884851707355, "params": {"gamma": 5.336957111761226, "lr": 0.739387787346382}, "datetime": {"datetime": "2024-06-13 14:28:17", "elapsed": 3.325614, "delta": 0.003988}}
{"target": -837.1486157313542, "params": {"gamma": 5.154421537738071, "lr": 0.39994592398513173}, "datetime": {"datetime": "2024-06-13 14:28:17", "elapsed": 3.329604, "delta": 0.00399}}
{"target": -4120.506387844897, "params": {"gamma": 9.862481577580514, "lr": 0.02824262016291268}, "datetime": {"datetime": "2024-06-13 14:28:17", "elapsed": 3.333592, "delta": 0.003988}}
{"target": -3000.1748670106863, "params": {"gamma": 9.327706315740619, "lr": 0.930854967759968}, "datetime": {"datetime": "2024-06-13 14:28:17", "elapsed": 3.33858, "delta": 0.004988}}
{"target": -621.9358030573514, "params": {"gamma": 3.909796196303079, "lr": 0.2144648711333198}, "datetime": {"datetime": "2024-06-13 14:28:17", "elapsed": 3.342569, "delta": 0.003989}}
{"target": -1011.7769966074478, "params": {"gamma": 6.192513766034457, "lr": 0.17797233547016944}, "datetime": {"datetime": "2024-06-13 14:28:17", "elapsed": 3.346558, "delta": 0.003989}}
{"target": -1255.0252904465715, "params": {"gamma": 8.032278735085756, "lr": 0.2539338558777352}, "datetime": {"datetime": "2024-06-13 14:28:17", "elapsed": 3.350547, "delta": 0.003989}}
{"target": -917.0325084876096, "params": {"gamma": 2.9087707441717465, "lr": 0.915915790009957}, "datetime": {"datetime": "2024-06-13 14:28:17", "elapsed": 3.355534, "delta": 0.004987}}
{"target": -1939.928548784035, "params": {"gamma": 9.029265417910615, "lr": 0.5353808917305217}, "datetime": {"datetime": "2024-06-13 14:28:17", "elapsed": 3.359523, "delta": 0.003989}}
{"target": -1350.5370000521007, "params": {"gamma": 8.628526966805577, "lr": 0.3525325688050618}, "datetime": {"datetime": "2024-06-13 14:28:17", "elapsed": 3.363512, "delta": 0.003989}}
{"target": -1819.2389819678135, "params": {"gamma": 9.978844897970799, "lr": 0.433689739404977}, "datetime": {"datetime": "2024-06-13 14:28:17", "elapsed": 3.367501, "delta": 0.003989}}
{"target": -1260.349806341942, "params": {"gamma": 2.948825305973155, "lr": 0.04157423394916726}, "datetime": {"datetime": "2024-06-13 14:28:17", "elapsed": 3.371492, "delta": 0.003991}}
{"target": -1775.4842540896807, "params": {"gamma": 9.897079830913631, "lr": 0.4648876309118224}, "datetime": {"datetime": "2024-06-13 14:28:17", "elapsed": 3.375481, "delta": 0.003989}}
{"target": -1784.2927699889622, "params": {"gamma": 7.346115555489657, "lr": 0.6408076240458747}, "datetime": {"datetime": "2024-06-13 14:28:17", "elapsed": 3.37947, "delta": 0.003989}}
{"target": -3031.203860159907, "params": {"gamma": 7.231210903260432, "lr": 0.05111090382611627}, "datetime": {"datetime": "2024-06-13 14:28:17", "elapsed": 3.384457, "delta": 0.004987}}
{"target": -2959.483854226895, "params": {"gamma": 9.200534008691728, "lr": 0.9268412179022415}, "datetime": {"datetime": "2024-06-13 14:28:17", "elapsed": 3.388447, "delta": 0.00399}}
{"target": -1782.2937479160644, "params": {"gamma": 5.520398276514817, "lr": 0.963915888684551}, "datetime": {"datetime": "2024-06-13 14:28:17", "elapsed": 3.393433, "delta": 0.004986}}
{"target": -676.847701058251, "params": {"gamma": 2.8102744143666842, "lr": 0.6021466271365452}, "datetime": {"datetime": "2024-06-13 14:28:17", "elapsed": 3.397422, "delta": 0.003989}}
{"target": -944.2840435056299, "params": {"gamma": 3.9652304378361865, "lr": 0.6280232317552282}, "datetime": {"datetime": "2024-06-13 14:28:17", "elapsed": 3.401411, "delta": 0.003989}}
{"target": -890.6734085766333, "params": {"gamma": 3.0070222529489574, "lr": 0.8193583846560202}, "datetime": {"datetime": "2024-06-13 14:28:17", "elapsed": 3.405401, "delta": 0.00399}}
{"target": -350.2510371124717, "params": {"gamma": 0.6987899990635812, "lr": 0.04187757029999628}, "datetime": {"datetime": "2024-06-13 14:28:17", "elapsed": 3.40939, "delta": 0.003989}}
{"target": -157.24171458734048, "params": {"gamma": 0.49491444994850975, "lr": 0.15045502836766345}, "datetime": {"datetime": "2024-06-13 14:28:17", "elapsed": 3.413379, "delta": 0.003989}}
{"target": -1282.0600740728262, "params": {"gamma": 3.954109387473109, "lr": 0.9553899892571747}, "datetime": {"datetime": "2024-06-13 14:28:17", "elapsed": 3.418366, "delta": 0.004987}}
{"target": -303.116987681858, "params": {"gamma": 1.1088436015198657, "lr": 0.6475529858164272}, "datetime": {"datetime": "2024-06-13 14:28:17", "elapsed": 3.422358, "delta": 0.003992}}
{"target": -833.2879745785476, "params": {"gamma": 5.276687463055037, "lr": 0.353242405983059}, "datetime": {"datetime": "2024-06-13 14:28:17", "elapsed": 3.426347, "delta": 0.003989}}
{"target": -332.22084612914915, "params": {"gamma": 1.9827940939725983, "lr": 0.22059408184733575}, "datetime": {"datetime": "2024-06-13 14:28:17", "elapsed": 3.430337, "delta": 0.00399}}
{"target": -178.25740328230773, "params": {"gamma": 0.4391712757617422, "lr": 0.7131639731598145}, "datetime": {"datetime": "2024-06-13 14:28:17", "elapsed": 3.435323, "delta": 0.004986}}
{"target": -1198.5065566791536, "params": {"gamma": 6.538748151763354, "lr": 0.4437697927247224}, "datetime": {"datetime": "2024-06-13 14:28:17", "elapsed": 3.439313, "delta": 0.00399}}
{"target": -2133.2807655517954, "params": {"gamma": 7.189675941410347, "lr": 0.10997597244532042}, "datetime": {"datetime": "2024-06-13 14:28:17", "elapsed": 3.443302, "delta": 0.003989}}
{"target": -2803.312714085326, "params": {"gamma": 9.387253014515942, "lr": 0.8476267092393875}, "datetime": {"datetime": "2024-06-13 14:28:17", "elapsed": 3.447293, "delta": 0.003991}}
{"target": -1064.3478160693442, "params": {"gamma": 6.590697560999168, "lr": 0.37883116866173183}, "datetime": {"datetime": "2024-06-13 14:28:17", "elapsed": 3.452278, "delta": 0.004985}}
{"target": -759.5249860840989, "params": {"gamma": 4.16625072341846, "lr": 0.48215392215746744}, "datetime": {"datetime": "2024-06-13 14:28:17", "elapsed": 3.456267, "delta": 0.003989}}
{"target": -2872.619837148496, "params": {"gamma": 9.352902416297999, "lr": 0.8635929549181026}, "datetime": {"datetime": "2024-06-13 14:28:17", "elapsed": 3.460257, "delta": 0.00399}}
{"target": -1034.2447790509732, "params": {"gamma": 4.779760568316378, "lr": 0.554518498278167}, "datetime": {"datetime": "2024-06-13 14:28:17", "elapsed": 3.464246, "delta": 0.003989}}
{"target": -2816.6622149906966, "params": {"gamma": 8.754163218930938, "lr": 0.9492644337722901}, "datetime": {"datetime": "2024-06-13 14:28:17", "elapsed": 3.468235, "delta": 0.003989}}
{"target": -1659.7780207834453, "params": {"gamma": 6.392208373926592, "lr": 0.7485203200897537}, "datetime": {"datetime": "2024-06-13 14:28:17", "elapsed": 3.472225, "delta": 0.00399}}
{"target": -1142.7251212392268, "params": {"gamma": 3.516897438698066, "lr": 0.91802831908618}, "datetime": {"datetime": "2024-06-13 14:28:17", "elapsed": 3.476214, "delta": 0.003989}}
{"target": -1794.1493550639505, "params": {"gamma": 8.367683746488458, "lr": 0.5520558812247628}, "datetime": {"datetime": "2024-06-13 14:28:17", "elapsed": 3.481201, "delta": 0.004987}}
{"target": -2592.2139221178254, "params": {"gamma": 8.676404468942122, "lr": 0.8498718814403323}, "datetime": {"datetime": "2024-06-13 14:28:17", "elapsed": 3.48519, "delta": 0.003989}}
{"target": -1575.6755465196045, "params": {"gamma": 8.084305154704811, "lr": 0.13069282439738805}, "datetime": {"datetime": "2024-06-13 14:28:17", "elapsed": 3.48918, "delta": 0.00399}}
{"target": -1653.5747068350047, "params": {"gamma": 5.3604897456433, "lr": 0.900783114706916}, "datetime": {"datetime": "2024-06-13 14:28:17", "elapsed": 3.494166, "delta": 0.004986}}
{"target": -1248.3525290609425, "params": {"gamma": 7.70854747370775, "lr": 0.4207131990251918}, "datetime": {"datetime": "2024-06-13 14:28:17", "elapsed": 3.498155, "delta": 0.003989}}
{"target": -1523.971089585876, "params": {"gamma": 9.778826053206298, "lr": 0.25077315667300226}, "datetime": {"datetime": "2024-06-13 14:28:17", "elapsed": 3.502144, "delta": 0.003989}}
{"target": -1085.3887397014219, "params": {"gamma": 3.336768678250129, "lr": 0.954200507429589}, "datetime": {"datetime": "2024-06-13 14:28:17", "elapsed": 3.506134, "delta": 0.00399}}
{"target": -2486.0828879246938, "params": {"gamma": 8.087344766504712, "lr": 0.9003400045106619}, "datetime": {"datetime": "2024-06-13 14:28:17", "elapsed": 3.511122, "delta": 0.004988}}
{"target": -147.0881447016993, "params": {"gamma": 0.11688430450954196, "lr": 0.37976443303399476}, "datetime": {"datetime": "2024-06-13 14:28:17", "elapsed": 3.51511, "delta": 0.003988}}
{"target": -383.5923946900511, "params": {"gamma": 2.355984044142083, "lr": 0.2959350518874113}, "datetime": {"datetime": "2024-06-13 14:28:17", "elapsed": 3.520097, "delta": 0.004987}}
{"target": -1851.4572365298332, "params": {"gamma": 7.380216968542006, "lr": 0.7240848448640741}, "datetime": {"datetime": "2024-06-13 14:28:17", "elapsed": 3.523596, "delta": 0.003499}}
{"target": -725.7536281597288, "params": {"gamma": 4.618532302580416, "lr": 0.3652744612070937}, "datetime": {"datetime": "2024-06-13 14:28:17", "elapsed": 3.528583, "delta": 0.004987}}
{"target": -1262.5011518163863, "params": {"gamma": 5.847331438432254, "lr": 0.5337077546342763}, "datetime": {"datetime": "2024-06-13 14:28:17", "elapsed": 3.532572, "delta": 0.003989}}
{"target": -1301.6183927739428, "params": {"gamma": 5.5062450105196135, "lr": 0.6154770711146578}, "datetime": {"datetime": "2024-06-13 14:28:17", "elapsed": 3.536562, "delta": 0.00399}}
{"target": -1153.075998758991, "params": {"gamma": 3.957087074403221, "lr": 0.7717184824154584}, "datetime": {"datetime": "2024-06-13 14:28:17", "elapsed": 3.541549, "delta": 0.004987}}
{"target": -626.6721477702421, "params": {"gamma": 2.512780630310517, "lr": 0.655760767903366}, "datetime": {"datetime": "2024-06-13 14:28:17", "elapsed": 3.546652, "delta": 0.005103}}
{"target": -4013.5011451673286, "params": {"gamma": 9.604011085051962, "lr": 0.0035547604644260433}, "datetime": {"datetime": "2024-06-13 14:28:17", "elapsed": 3.550642, "delta": 0.00399}}
{"target": -2146.1662936542925, "params": {"gamma": 7.233887082898668, "lr": 0.10899503392964371}, "datetime": {"datetime": "2024-06-13 14:28:17", "elapsed": 3.554631, "delta": 0.003989}}
{"target": -1287.1631476349723, "params": {"gamma": 5.438331129146589, "lr": 0.6269160166803346}, "datetime": {"datetime": "2024-06-13 14:28:17", "elapsed": 3.559182, "delta": 0.004551}}
{"target": -771.1143246264783, "params": {"gamma": 2.4302283105822404, "lr": 0.9138438752466082}, "datetime": {"datetime": "2024-06-13 14:28:17", "elapsed": 3.563171, "delta": 0.003989}}
{"target": -948.9252255977202, "params": {"gamma": 6.223502974387487, "lr": 0.23169469139485988}, "datetime": {"datetime": "2024-06-13 14:28:17", "elapsed": 3.56716, "delta": 0.003989}}
{"target": -2282.4732132676227, "params": {"gamma": 7.701551743810476, "lr": 0.10550707999733477}, "datetime": {"datetime": "2024-06-13 14:28:17", "elapsed": 3.57115, "delta": 0.00399}}
{"target": -2121.397233058974, "params": {"gamma": 5.552697959994914, "lr": 0.0949560698024915}, "datetime": {"datetime": "2024-06-13 14:28:17", "elapsed": 3.576136, "delta": 0.004986}}
{"target": -912.9917655715416, "params": {"gamma": 5.810259742677521, "lr": 0.2529801127201884}, "datetime": {"datetime": "2024-06-13 14:28:17", "elapsed": 3.580126, "delta": 0.00399}}
{"target": -1631.5833467860966, "params": {"gamma": 6.495018612739509, "lr": 0.71582695285818}, "datetime": {"datetime": "2024-06-13 14:28:17", "elapsed": 3.584115, "delta": 0.003989}}
{"target": -1278.8579451190565, "params": {"gamma": 5.242331960072044, "lr": 0.6575214077031101}, "datetime": {"datetime": "2024-06-13 14:28:17", "elapsed": 3.588106, "delta": 0.003991}}
{"target": -2376.6497986295153, "params": {"gamma": 8.133125159405232, "lr": 0.8075122716430321}, "datetime": {"datetime": "2024-06-13 14:28:17", "elapsed": 3.593091, "delta": 0.004985}}
{"target": -1119.0308349690831, "params": {"gamma": 6.197200238546574, "lr": 0.45110246212077487}, "datetime": {"datetime": "2024-06-13 14:28:17", "elapsed": 3.59708, "delta": 0.003989}}
{"target": -1263.0997711749544, "params": {"gamma": 4.080091940484627, "lr": 0.8747476199043634}, "datetime": {"datetime": "2024-06-13 14:28:17", "elapsed": 3.60107, "delta": 0.00399}}
{"target": -1138.4813088453036, "params": {"gamma": 7.029614389411599, "lr": 0.18493502237340165}, "datetime": {"datetime": "2024-06-13 14:28:17", "elapsed": 3.605589, "delta": 0.004519}}
{"target": -1744.275615133756, "params": {"gamma": 5.657755734146004, "lr": 0.9088080323000569}, "datetime": {"datetime": "2024-06-13 14:28:17", "elapsed": 3.610576, "delta": 0.004987}}
{"target": -475.4071864084468, "params": {"gamma": 1.5077492324904636, "lr": 0.8455176755307064}, "datetime": {"datetime": "2024-06-13 14:28:17", "elapsed": 3.614565, "delta": 0.003989}}
{"target": -1474.7007206741325, "params": {"gamma": 8.202204460687183, "lr": 0.4993411012978345}, "datetime": {"datetime": "2024-06-13 14:28:17", "elapsed": 3.618554, "delta": 0.003989}}
{"target": -149.25713303941473, "params": {"gamma": 0.37680093100554635, "lr": 0.14750250539693543}, "datetime": {"datetime": "2024-06-13 14:28:17", "elapsed": 3.623541, "delta": 0.004987}}
{"target": -3857.1995846269106, "params": {"gamma": 9.226464308192023, "lr": 0.04415479603186245}, "datetime": {"datetime": "2024-06-13 14:28:17", "elapsed": 3.62753, "delta": 0.003989}}
{"target": -888.1328508940894, "params": {"gamma": 3.7256151652871896, "lr": 0.6190396347254709}, "datetime": {"datetime": "2024-06-13 14:28:17", "elapsed": 3.63152, "delta": 0.00399}}
{"target": -653.0595423826068, "params": {"gamma": 1.9702834411012529, "lr": 0.9810797572402973}, "datetime": {"datetime": "2024-06-13 14:28:17", "elapsed": 3.635509, "delta": 0.003989}}
{"target": -361.38653805930306, "params": {"gamma": 1.5605963552011808, "lr": 0.5396791951612744}, "datetime": {"datetime": "2024-06-13 14:28:17", "elapsed": 3.640496, "delta": 0.004987}}
{"target": -942.5220724218065, "params": {"gamma": 6.180495232142101, "lr": 0.2309899486697039}, "datetime": {"datetime": "2024-06-13 14:28:17", "elapsed": 3.644485, "delta": 0.003989}}
{"target": -847.4030172553707, "params": {"gamma": 4.663623583104205, "lr": 0.49100852913292925}, "datetime": {"datetime": "2024-06-13 14:28:17", "elapsed": 3.648474, "delta": 0.003989}}
{"target": -1807.5024804283612, "params": {"gamma": 7.668856900889094, "lr": 0.6342807527738734}, "datetime": {"datetime": "2024-06-13 14:28:17", "elapsed": 3.653034, "delta": 0.00456}}
