{"target": -119.02299516073381, "params": {"p_ai": 2.7061915448180063, "p_al": 5.551536759147852, "p_ex": 2.2741241303667166, "prior": 3.6575972715218814, "rate": 1.7004612134515082}, "datetime": {"datetime": "2024-06-13 01:40:17", "elapsed": 128.311843, "delta": 0.112703}}
{"target": -116.6573083930912, "params": {"p_ai": 6.643061519123759, "p_al": 0.8175901478189503, "p_ex": 3.433543606188945, "prior": 5.3107221521185295, "rate": 5.49575129209153}, "datetime": {"datetime": "2024-06-13 01:40:17", "elapsed": 128.416877, "delta": 0.105034}}
{"target": -111.39688250132455, "params": {"p_ai": 3.677175933029681, "p_al": 6.437876645073682, "p_ex": 1.6453163516465605, "prior": 7.243247353069469, "rate": 9.252571309317567}, "datetime": {"datetime": "2024-06-13 01:40:17", "elapsed": 128.524442, "delta": 0.107565}}
{"target": -191.28279996866323, "params": {"p_ai": 9.89826955011051, "p_al": 8.784947093335155, "p_ex": 2.6099276976291326, "prior": 0.3818952332065484, "rate": 9.740283624676325}, "datetime": {"datetime": "2024-06-13 01:40:17", "elapsed": 128.638232, "delta": 0.11379}}
{"target": -126.2971959025923, "params": {"p_ai": 5.571641801344693, "p_al": 5.397560081958406, "p_ex": 1.465464869178477, "prior": 9.125009283215782, "rate": 9.576138273785006}, "datetime": {"datetime": "2024-06-13 01:40:17", "elapsed": 128.750383, "delta": 0.112151}}
{"target": -137.51855423459813, "params": {"p_ai": 8.596439320830738, "p_al": 6.9279118901459045, "p_ex": 3.859627585088117, "prior": 9.267352092034798, "rate": 8.544809516004866}, "datetime": {"datetime": "2024-06-13 01:40:17", "elapsed": 128.870062, "delta": 0.119679}}
{"target": -271.6552994747057, "params": {"p_ai": 8.379024516817376, "p_al": 5.8409848737222285, "p_ex": 0.7007046990238234, "prior": 0.25752210236660716, "rate": 2.2567955948701104}, "datetime": {"datetime": "2024-06-13 01:40:17", "elapsed": 128.97578, "delta": 0.105718}}
{"target": -95.7093755165416, "params": {"p_ai": 0.9239309758273341, "p_al": 7.45130882238386, "p_ex": 8.51070339828235, "prior": 5.405159526644196, "rate": 6.1131003659679655}, "datetime": {"datetime": "2024-06-13 01:40:17", "elapsed": 129.089508, "delta": 0.113728}}
{"target": -93.99962079253486, "params": {"p_ai": 4.731902707739321, "p_al": 9.351951586700345, "p_ex": 6.128514211087152, "prior": 6.203990861829056, "rate": 8.580208026741758}, "datetime": {"datetime": "2024-06-13 01:40:18", "elapsed": 129.215169, "delta": 0.125661}}
{"target": -83.60230926081955, "params": {"p_ai": 3.8379917930713003, "p_al": 0.6420310210335805, "p_ex": 7.401731824801189, "prior": 8.44204861554971, "rate": 5.202814541190575}, "datetime": {"datetime": "2024-06-13 01:40:18", "elapsed": 129.322881, "delta": 0.107712}}
{"target": -97.99947325256443, "params": {"p_ai": 4.676977687754546, "p_al": 0.987142537075401, "p_ex": 3.133268193586339, "prior": 1.874674331719403, "rate": 7.474501978620315}, "datetime": {"datetime": "2024-06-13 01:40:18", "elapsed": 129.441494, "delta": 0.118613}}
{"target": -175.38387299448877, "params": {"p_ai": 1.6045038159297442, "p_al": 6.846623571588664, "p_ex": 4.407269577320239, "prior": 0.043508732555992635, "rate": 7.023676887864597}, "datetime": {"datetime": "2024-06-13 01:40:18", "elapsed": 129.5542, "delta": 0.112706}}
{"target": -144.13402021131947, "params": {"p_ai": 7.929131931881175, "p_al": 3.3855550010290583, "p_ex": 4.773882825112012, "prior": 0.48811879033758315, "rate": 2.266480219503109}, "datetime": {"datetime": "2024-06-13 01:40:18", "elapsed": 129.668892, "delta": 0.114692}}
{"target": -144.40650309897626, "params": {"p_ai": 6.962873018760896, "p_al": 1.4122321175042711, "p_ex": 2.306679165248376, "prior": 6.948181779870129, "rate": 0.6845866257697049}, "datetime": {"datetime": "2024-06-13 01:40:18", "elapsed": 129.791629, "delta": 0.122737}}
{"target": -116.8075424452739, "params": {"p_ai": 7.293595295754525, "p_al": 6.27495190082751, "p_ex": 6.521008661786764, "prior": 3.215347493799763, "rate": 5.384891487927224}, "datetime": {"datetime": "2024-06-13 01:40:18", "elapsed": 129.916294, "delta": 0.124665}}
{"target": -111.51944976727943, "params": {"p_ai": 0.7887473490820756, "p_al": 2.8458775406885355, "p_ex": 2.0294573283473936, "prior": 5.113969351191433, "rate": 6.522440291218193}, "datetime": {"datetime": "2024-06-13 01:40:18", "elapsed": 130.043438, "delta": 0.127144}}
{"target": -144.01951129245464, "params": {"p_ai": 6.1512526136396435, "p_al": 1.3372369889231592, "p_ex": 1.8023733048329271, "prior": 4.973069889478345, "rate": 0.20146961312499756}, "datetime": {"datetime": "2024-06-13 01:40:19", "elapsed": 130.166359, "delta": 0.122921}}
{"target": -146.76376518927586, "params": {"p_ai": 7.361643532435028, "p_al": 5.924651494475185, "p_ex": 1.5891739371963378, "prior": 9.173200408445041, "rate": 5.4377158853477745}, "datetime": {"datetime": "2024-06-13 01:40:19", "elapsed": 130.293183, "delta": 0.126824}}
{"target": -146.2605916716238, "params": {"p_ai": 9.97762896209747, "p_al": 0.4242010623176478, "p_ex": 8.129651828814083, "prior": 0.7747294862906213, "rate": 9.402529343397688}, "datetime": {"datetime": "2024-06-13 01:40:19", "elapsed": 130.439792, "delta": 0.146609}}
{"target": -84.13031553870697, "params": {"p_ai": 3.6149986862617034, "p_al": 6.666456072982171, "p_ex": 7.146353634479567, "prior": 7.131275274660046, "rate": 6.939821328192214}, "datetime": {"datetime": "2024-06-13 01:40:19", "elapsed": 130.550173, "delta": 0.110381}}
{"target": -114.5421740946133, "params": {"p_ai": 0.11748517145472634, "p_al": 2.205535767342267, "p_ex": 7.972921450582112, "prior": 7.8699157486551785, "rate": 8.016818919127896}, "datetime": {"datetime": "2024-06-13 01:40:19", "elapsed": 130.662381, "delta": 0.112208}}
{"target": -138.0669338705959, "params": {"p_ai": 0.07927811264372071, "p_al": 0.4144199190423039, "p_ex": 0.7391872360694571, "prior": 8.737602735810952, "rate": 4.774912860347134}, "datetime": {"datetime": "2024-06-13 01:40:19", "elapsed": 130.775079, "delta": 0.112698}}
{"target": -111.83561654857883, "params": {"p_ai": 7.317500356968684, "p_al": 2.183949213082025, "p_ex": 6.698630184253987, "prior": 4.4408276082375435, "rate": 9.886413298777915}, "datetime": {"datetime": "2024-06-13 01:40:19", "elapsed": 130.880797, "delta": 0.105718}}
{"target": -99.44010491984163, "params": {"p_ai": 2.8631963438173162, "p_al": 1.085825710832541, "p_ex": 5.469464234701368, "prior": 6.812033826481595, "rate": 1.3480679545648442}, "datetime": {"datetime": "2024-06-13 01:40:19", "elapsed": 130.992528, "delta": 0.111731}}
{"target": -136.05298369963936, "params": {"p_ai": 5.392901192387062, "p_al": 7.44416634258219, "p_ex": 1.119322503851708, "prior": 7.8569269600463345, "rate": 5.442041945598127}, "datetime": {"datetime": "2024-06-13 01:40:19", "elapsed": 131.105937, "delta": 0.113409}}
{"target": -114.69831717759325, "params": {"p_ai": 0.10623483138674873, "p_al": 5.8913898474832616, "p_ex": 8.046897623198458, "prior": 9.909439719657145, "rate": 9.913104880835647}, "datetime": {"datetime": "2024-06-13 01:40:20", "elapsed": 131.212265, "delta": 0.106328}}
{"target": -89.28926588971005, "params": {"p_ai": 4.140090065746697, "p_al": 0.3743127129178004, "p_ex": 9.704150904631645, "prior": 2.206176297499315, "rate": 9.5501607193531}, "datetime": {"datetime": "2024-06-13 01:40:20", "elapsed": 131.321324, "delta": 0.109059}}
{"target": -132.63219894406416, "params": {"p_ai": 9.653762669781447, "p_al": 3.2840386535047608, "p_ex": 7.62780696486226, "prior": 6.319586168107425, "rate": 8.464461086294422}, "datetime": {"datetime": "2024-06-13 01:40:20", "elapsed": 131.439297, "delta": 0.117973}}
{"target": -143.31469512063657, "params": {"p_ai": 9.544035135085789, "p_al": 2.0588356204878395, "p_ex": 4.0940353992220615, "prior": 7.285842010161719, "rate": 5.89959999342087}, "datetime": {"datetime": "2024-06-13 01:40:20", "elapsed": 131.556905, "delta": 0.117608}}
{"target": -154.69315805252472, "params": {"p_ai": 9.412018487374732, "p_al": 4.469426948316884, "p_ex": 6.176220237387426, "prior": 0.8257998508466136, "rate": 2.304899578652952}, "datetime": {"datetime": "2024-06-13 01:40:20", "elapsed": 131.663621, "delta": 0.106716}}
{"target": -127.810763813879, "params": {"p_ai": 1.2207449292190957, "p_al": 7.6671270447481055, "p_ex": 0.19366529164355087, "prior": 9.410041542782743, "rate": 8.359059532752736}, "datetime": {"datetime": "2024-06-13 01:40:20", "elapsed": 131.768343, "delta": 0.104722}}
{"target": -118.33589922292511, "params": {"p_ai": 6.79041523904395, "p_al": 0.287472757019644, "p_ex": 2.5797195845736116, "prior": 1.3636830617435978, "rate": 7.107276697868662}, "datetime": {"datetime": "2024-06-13 01:40:20", "elapsed": 131.873429, "delta": 0.105086}}
{"target": -108.81690019721148, "params": {"p_ai": 0.6955896759323784, "p_al": 8.898991301873886, "p_ex": 5.5441454803395365, "prior": 1.0347873320504477, "rate": 4.605794953880978}, "datetime": {"datetime": "2024-06-13 01:40:20", "elapsed": 131.977881, "delta": 0.104452}}
{"target": -99.91277060556459, "params": {"p_ai": 1.420708870074053, "p_al": 4.2320142745965645, "p_ex": 7.139017715384798, "prior": 6.9632397809612465, "rate": 3.4821441097665633}, "datetime": {"datetime": "2024-06-13 01:40:20", "elapsed": 132.0836, "delta": 0.105719}}
{"target": -124.19497064183419, "params": {"p_ai": 3.488244094202035, "p_al": 0.7621695729331112, "p_ex": 0.8760392519742505, "prior": 0.499760791615866, "rate": 0.7456871035159343}, "datetime": {"datetime": "2024-06-13 01:40:21", "elapsed": 132.18932, "delta": 0.10572}}
{"target": -103.55426409730082, "params": {"p_ai": 3.8515090645155543, "p_al": 8.163897450963361, "p_ex": 3.4124298215214486, "prior": 5.061675932364424, "rate": 6.2352482497544015}, "datetime": {"datetime": "2024-06-13 01:40:21", "elapsed": 132.294322, "delta": 0.105002}}
{"target": -98.06158307354104, "params": {"p_ai": 5.853298876036619, "p_al": 1.3396174079384058, "p_ex": 6.194522242049073, "prior": 5.224041629207239, "rate": 7.515029835506268}, "datetime": {"datetime": "2024-06-13 01:40:21", "elapsed": 132.399638, "delta": 0.105316}}
{"target": -108.95501376046847, "params": {"p_ai": 6.757105175136401, "p_al": 4.790099669145408, "p_ex": 9.561384493433588, "prior": 2.609904169762354, "rate": 7.106762008055519}, "datetime": {"datetime": "2024-06-13 01:40:21", "elapsed": 132.504913, "delta": 0.105275}}
{"target": -113.5474484418998, "params": {"p_ai": 2.0172175378644654, "p_al": 6.6365169120567895, "p_ex": 2.4959077411444683, "prior": 2.0632680457495662, "rate": 3.7023452626987923}, "datetime": {"datetime": "2024-06-13 01:40:21", "elapsed": 132.616459, "delta": 0.111546}}
{"target": -110.27853994949814, "params": {"p_ai": 5.08905797077081, "p_al": 6.809575599973286, "p_ex": 3.0966430250828494, "prior": 3.823984702090153, "rate": 7.609523421370097}, "datetime": {"datetime": "2024-06-13 01:40:21", "elapsed": 132.721891, "delta": 0.105432}}
{"target": -118.08533979849533, "params": {"p_ai": 3.3009775334792892, "p_al": 0.6389302477394126, "p_ex": 0.4619984701873777, "prior": 1.3501187413118958, "rate": 4.6956879815628625}, "datetime": {"datetime": "2024-06-13 01:40:21", "elapsed": 132.830756, "delta": 0.108865}}
{"target": -126.25786023677097, "params": {"p_ai": 3.841656904566708, "p_al": 6.752309274195855, "p_ex": 0.9548504944907202, "prior": 1.6188869456077883, "rate": 9.691470061990488}, "datetime": {"datetime": "2024-06-13 01:40:21", "elapsed": 132.935477, "delta": 0.104721}}
{"target": -130.39840810321525, "params": {"p_ai": 4.245425840176191, "p_al": 9.160614397223645, "p_ex": 2.344222825667408, "prior": 9.82549189507284, "rate": 1.2657560912369308}, "datetime": {"datetime": "2024-06-13 01:40:21", "elapsed": 133.039519, "delta": 0.104042}}
{"target": -156.69440286574377, "params": {"p_ai": 7.799448863276144, "p_al": 9.806336088614513, "p_ex": 4.870775648499671, "prior": 4.899366193657506, "rate": 1.752284357375709}, "datetime": {"datetime": "2024-06-13 01:40:22", "elapsed": 133.144239, "delta": 0.10472}}
{"target": -101.7558341038084, "params": {"p_ai": 6.089802440767087, "p_al": 2.4295775245574616, "p_ex": 7.168254783755872, "prior": 4.741189506023386, "rate": 2.324649181626976}, "datetime": {"datetime": "2024-06-13 01:40:22", "elapsed": 133.247962, "delta": 0.103723}}
{"target": -116.77124140917732, "params": {"p_ai": 4.6073383436908015, "p_al": 0.24704859801768705, "p_ex": 0.972215732115876, "prior": 1.0154469987440211, "rate": 3.892823066414893}, "datetime": {"datetime": "2024-06-13 01:40:22", "elapsed": 133.352685, "delta": 0.104723}}
{"target": -151.18889108760098, "params": {"p_ai": 7.159942772936529, "p_al": 0.5297678458472732, "p_ex": 0.1258669758126186, "prior": 1.4755521628278907, "rate": 9.366816161134114}, "datetime": {"datetime": "2024-06-13 01:40:22", "elapsed": 133.458065, "delta": 0.10538}}
{"target": -150.38856045372802, "params": {"p_ai": 8.657484737033041, "p_al": 4.02579472876201, "p_ex": 1.613779004758811, "prior": 3.5488881305389306, "rate": 9.348391095001308}, "datetime": {"datetime": "2024-06-13 01:40:22", "elapsed": 133.561997, "delta": 0.103932}}
{"target": -112.92795497185838, "params": {"p_ai": 6.4358408182571365, "p_al": 4.711213076366681, "p_ex": 4.0242752805752815, "prior": 8.965642815325833, "rate": 9.734754256710598}, "datetime": {"datetime": "2024-06-13 01:40:22", "elapsed": 133.672551, "delta": 0.110554}}
{"target": -143.46275614462107, "params": {"p_ai": 7.7869753507416215, "p_al": 8.333599849287312, "p_ex": 3.071586324313191, "prior": 9.395236269592925, "rate": 4.527534268378247}, "datetime": {"datetime": "2024-06-13 01:40:22", "elapsed": 133.778332, "delta": 0.105781}}
{"target": -90.55730902444117, "params": {"p_ai": 1.7938776250378565, "p_al": 5.963426293699693, "p_ex": 6.841349758798248, "prior": 4.373998411097966, "rate": 3.734074268941365}, "datetime": {"datetime": "2024-06-13 01:40:22", "elapsed": 133.882561, "delta": 0.104229}}
{"target": -109.88073545801406, "params": {"p_ai": 7.043443913896231, "p_al": 2.598151186928258, "p_ex": 6.863787983576111, "prior": 5.749631753575748, "rate": 3.35073601238623}, "datetime": {"datetime": "2024-06-13 01:40:22", "elapsed": 133.987831, "delta": 0.10527}}
{"target": -111.28302927762954, "params": {"p_ai": 6.767227184562461, "p_al": 0.42991520195032884, "p_ex": 5.488704270923013, "prior": 5.9563986456304185, "rate": 2.872909538862936}, "datetime": {"datetime": "2024-06-13 01:40:22", "elapsed": 134.092553, "delta": 0.104722}}
{"target": -114.24782097834284, "params": {"p_ai": 3.563460688769355, "p_al": 8.630321972077564, "p_ex": 6.194089730133611, "prior": 6.399778735864268, "rate": 1.047005349020826}, "datetime": {"datetime": "2024-06-13 01:40:23", "elapsed": 134.196521, "delta": 0.103968}}
{"target": -122.78078081421856, "params": {"p_ai": 2.3799396807451942, "p_al": 7.193086839135479, "p_ex": 6.994998457733764, "prior": 4.466772119490434, "rate": 0.39348351864646447}, "datetime": {"datetime": "2024-06-13 01:40:23", "elapsed": 134.300244, "delta": 0.103723}}
{"target": -88.4097065711149, "params": {"p_ai": 0.5049130038716211, "p_al": 0.8859470913492865, "p_ex": 8.643400341010897, "prior": 1.3618135756405632, "rate": 6.582959085760428}, "datetime": {"datetime": "2024-06-13 01:40:23", "elapsed": 134.405542, "delta": 0.105298}}
{"target": -107.56366884157698, "params": {"p_ai": 5.770084562623694, "p_al": 7.266228853972071, "p_ex": 5.82610600476557, "prior": 1.7949995442232674, "rate": 7.341101868124544}, "datetime": {"datetime": "2024-06-13 01:40:23", "elapsed": 134.514924, "delta": 0.109382}}
{"target": -129.62396569020305, "params": {"p_ai": 5.954844690287586, "p_al": 5.462303133863888, "p_ex": 7.271505483561953, "prior": 3.1401553121856125, "rate": 0.7070044064524976}, "datetime": {"datetime": "2024-06-13 01:40:23", "elapsed": 134.624851, "delta": 0.109927}}
{"target": -111.85337240073895, "params": {"p_ai": 0.8830516218972694, "p_al": 3.2779459454119095, "p_ex": 2.3175925349554958, "prior": 7.482423522710521, "rate": 6.076781046762146}, "datetime": {"datetime": "2024-06-13 01:40:23", "elapsed": 134.731075, "delta": 0.106224}}
{"target": -101.13636276643551, "params": {"p_ai": 0.9552179435981168, "p_al": 7.198813564213823, "p_ex": 9.161062049218932, "prior": 8.243977577493776, "rate": 6.733417233867527}, "datetime": {"datetime": "2024-06-13 01:40:23", "elapsed": 134.8363, "delta": 0.105225}}
{"target": -152.44389065727069, "params": {"p_ai": 7.766629938474206, "p_al": 1.5020910745748688, "p_ex": 0.6560602618298174, "prior": 7.48005182203822, "rate": 9.847835465529368}, "datetime": {"datetime": "2024-06-13 01:40:23", "elapsed": 134.941525, "delta": 0.105225}}
{"target": -120.48580240679028, "params": {"p_ai": 2.4031907579466307, "p_al": 5.619797616107539, "p_ex": 0.8091769372501549, "prior": 5.612305261605366, "rate": 4.504913415351544}, "datetime": {"datetime": "2024-06-13 01:40:23", "elapsed": 135.04675, "delta": 0.105225}}
{"target": -84.7434011604607, "params": {"p_ai": 2.4062820534374763, "p_al": 5.654225135269962, "p_ex": 6.540280835328817, "prior": 9.116800222132982, "rate": 7.826656032450588}, "datetime": {"datetime": "2024-06-13 01:40:24", "elapsed": 135.151906, "delta": 0.105156}}
{"target": -166.11034825410616, "params": {"p_ai": 9.768306480312317, "p_al": 4.427740303223043, "p_ex": 1.4110733548523686, "prior": 4.100272268158262, "rate": 7.923180259884998}, "datetime": {"datetime": "2024-06-13 01:40:24", "elapsed": 135.256626, "delta": 0.10472}}
{"target": -93.00062339874133, "params": {"p_ai": 2.111154225115293, "p_al": 1.7746357532837245, "p_ex": 6.451376511481533, "prior": 9.470421093516846, "rate": 4.093223892899532}, "datetime": {"datetime": "2024-06-13 01:40:24", "elapsed": 135.361354, "delta": 0.104728}}
{"target": -203.27020774011996, "params": {"p_ai": 6.969021920835418, "p_al": 4.040326479321738, "p_ex": 3.4988123408124614, "prior": 1.3305560483527752, "rate": 0.20010601712529721}, "datetime": {"datetime": "2024-06-13 01:40:24", "elapsed": 135.466045, "delta": 0.104691}}
{"target": -99.11881055736079, "params": {"p_ai": 1.197586619675433, "p_al": 4.442961703084566, "p_ex": 7.298117714260949, "prior": 0.5378488816753316, "rate": 2.217456203022386}, "datetime": {"datetime": "2024-06-13 01:40:24", "elapsed": 135.576848, "delta": 0.110803}}
{"target": -105.6335357936502, "params": {"p_ai": 0.3116139329060451, "p_al": 8.333410700210338, "p_ex": 3.8193753033278455, "prior": 2.846507590066479, "rate": 7.836932380069754}, "datetime": {"datetime": "2024-06-13 01:40:24", "elapsed": 135.680907, "delta": 0.104059}}
{"target": -106.44028673816932, "params": {"p_ai": 2.7897568590775843, "p_al": 2.808893684421618, "p_ex": 9.350078511382993, "prior": 1.6429847448957435, "rate": 0.38006274754096064}, "datetime": {"datetime": "2024-06-13 01:40:24", "elapsed": 135.78463, "delta": 0.103723}}
{"target": -148.61730219121836, "params": {"p_ai": 9.560469475162419, "p_al": 3.062042314483216, "p_ex": 4.141345088578538, "prior": 7.968125571768832, "rate": 3.5624890594864684}, "datetime": {"datetime": "2024-06-13 01:40:24", "elapsed": 135.889125, "delta": 0.104495}}
{"target": -157.73465395196894, "params": {"p_ai": 1.0494742668435404, "p_al": 7.88921878451572, "p_ex": 1.2970264103656446, "prior": 1.9812012742164533, "rate": 1.3979328301899665}, "datetime": {"datetime": "2024-06-13 01:40:24", "elapsed": 135.993845, "delta": 0.10472}}
{"target": -80.17324270562382, "params": {"p_ai": 2.2173755372878663, "p_al": 2.354234048217941, "p_ex": 7.264313235831321, "prior": 0.9533448515364066, "rate": 6.682769873132793}, "datetime": {"datetime": "2024-06-13 01:40:24", "elapsed": 136.097318, "delta": 0.103473}}
{"target": -144.47880484491336, "params": {"p_ai": 9.109410975120161, "p_al": 6.300349510334152, "p_ex": 3.369507946921146, "prior": 8.394663098559622, "rate": 8.985737732281825}, "datetime": {"datetime": "2024-06-13 01:40:25", "elapsed": 136.202543, "delta": 0.105225}}
{"target": -105.64508757599644, "params": {"p_ai": 4.935091406143817, "p_al": 5.635261569555779, "p_ex": 5.807051532572361, "prior": 1.328439684182636, "rate": 3.7312336873677587}, "datetime": {"datetime": "2024-06-13 01:40:25", "elapsed": 136.306636, "delta": 0.104093}}
{"target": -116.04292287496156, "params": {"p_ai": 8.116330034243894, "p_al": 5.1965264951790315, "p_ex": 9.395907280046464, "prior": 6.158570594296331, "rate": 7.794768289050584}, "datetime": {"datetime": "2024-06-13 01:40:25", "elapsed": 136.410864, "delta": 0.104228}}
{"target": -82.22176723834092, "params": {"p_ai": 2.48104066764581, "p_al": 5.593517106085654, "p_ex": 8.106583163034346, "prior": 1.5279573890979847, "rate": 5.402050286672557}, "datetime": {"datetime": "2024-06-13 01:40:25", "elapsed": 136.516149, "delta": 0.105285}}
{"target": -107.51676188530143, "params": {"p_ai": 6.103402627788557, "p_al": 1.871381045082322, "p_ex": 6.369268718357501, "prior": 0.6766804542419637, "rate": 7.795616893993214}, "datetime": {"datetime": "2024-06-13 01:40:25", "elapsed": 136.620979, "delta": 0.10483}}
{"target": -88.89586286039307, "params": {"p_ai": 3.26041099352799, "p_al": 4.8283595940468755, "p_ex": 3.8237242223799583, "prior": 3.2704496320762626, "rate": 9.876809150457492}, "datetime": {"datetime": "2024-06-13 01:40:25", "elapsed": 136.725685, "delta": 0.104706}}
{"target": -166.60610681161504, "params": {"p_ai": 8.790099776507047, "p_al": 3.0236342900834936, "p_ex": 1.6073098980554605, "prior": 5.293610676011789, "rate": 1.3814569869325048}, "datetime": {"datetime": "2024-06-13 01:40:25", "elapsed": 136.830405, "delta": 0.10472}}
{"target": -145.5502661641896, "params": {"p_ai": 6.498254970280009, "p_al": 2.330305548399601, "p_ex": 0.9664694644135687, "prior": 0.22090350813201842, "rate": 8.59077256052087}, "datetime": {"datetime": "2024-06-13 01:40:25", "elapsed": 136.936125, "delta": 0.10572}}
