{"target": -97.68667281614097, "params": {"p_ai": 3.1432456469635857, "p_al": 1.3301176263169703, "p_ex": 7.967219098261448, "prior": 5.675065913341395, "rate": 4.14712461408191}, "datetime": {"datetime": "2024-06-12 20:59:59", "elapsed": 99.309161, "delta": 0.131581}}
{"target": -117.933676324449, "params": {"p_ai": 0.587358130182522, "p_al": 0.06656219698395709, "p_ex": 3.1609186095825352, "prior": 2.715316394543481, "rate": 4.757760549476385}, "datetime": {"datetime": "2024-06-12 21:00:00", "elapsed": 99.477143, "delta": 0.167982}}
{"target": -212.88003060709974, "params": {"p_ai": 9.236195035157282, "p_al": 4.167428176120559, "p_ex": 2.8795508249232378, "prior": 8.452620085932317, "rate": 3.0701917238377807}, "datetime": {"datetime": "2024-06-12 21:00:00", "elapsed": 99.605733, "delta": 0.12859}}
{"target": -205.49328997105027, "params": {"p_ai": 9.155924640477402, "p_al": 8.63425502099894, "p_ex": 6.388553062492898, "prior": 7.477004260543885, "rate": 1.5740706325057872}, "datetime": {"datetime": "2024-06-12 21:00:00", "elapsed": 99.728712, "delta": 0.122979}}
{"target": -144.59209172771818, "params": {"p_ai": 6.029139826844452, "p_al": 3.2710458013785924, "p_ex": 4.887291857565705, "prior": 2.2546291955209634, "rate": 9.019674819004562}, "datetime": {"datetime": "2024-06-12 21:00:00", "elapsed": 99.882612, "delta": 0.1539}}
{"target": -118.51344334453177, "params": {"p_ai": 4.115926238069083, "p_al": 4.767863797915282, "p_ex": 7.214306126589714, "prior": 1.2228459324141263, "rate": 5.031147420462448}, "datetime": {"datetime": "2024-06-12 21:00:00", "elapsed": 100.01149, "delta": 0.128878}}
{"target": -185.84962780984728, "params": {"p_ai": 8.131663485200999, "p_al": 6.773741257345636, "p_ex": 3.2171856095203215, "prior": 7.106943301265306, "rate": 9.344461547196135}, "datetime": {"datetime": "2024-06-12 21:00:00", "elapsed": 100.131437, "delta": 0.119947}}
{"target": -213.89101842956038, "params": {"p_ai": 8.947867607275063, "p_al": 7.422605646963092, "p_ex": 2.6617455873327756, "prior": 3.725501581962508, "rate": 5.584620793314178}, "datetime": {"datetime": "2024-06-12 21:00:00", "elapsed": 100.24886, "delta": 0.117423}}
{"target": -127.69143071265874, "params": {"p_ai": 3.81110791966729, "p_al": 4.558012873762793, "p_ex": 7.935465915232807, "prior": 1.040297380969042, "rate": 9.7299927856935}, "datetime": {"datetime": "2024-06-12 21:00:01", "elapsed": 100.37363, "delta": 0.12477}}
{"target": -151.92410345224954, "params": {"p_ai": 7.046486043044176, "p_al": 8.647413955894878, "p_ex": 7.817018859374792, "prior": 4.322404951375301, "rate": 9.425168922688764}, "datetime": {"datetime": "2024-06-12 21:00:01", "elapsed": 100.492986, "delta": 0.119356}}
{"target": -128.1753822081476, "params": {"p_ai": 2.5316090848682102, "p_al": 0.46343798347233406, "p_ex": 0.9696854244177677, "prior": 2.0081654825988586, "rate": 5.3912662829380675}, "datetime": {"datetime": "2024-06-12 21:00:01", "elapsed": 100.610672, "delta": 0.117686}}
{"target": -149.04404558183182, "params": {"p_ai": 2.236801923106805, "p_al": 8.353372877694195, "p_ex": 0.09437753374081341, "prior": 7.459263387017947, "rate": 9.69010921459811}, "datetime": {"datetime": "2024-06-12 21:00:01", "elapsed": 100.728425, "delta": 0.117753}}
{"target": -100.00696803115625, "params": {"p_ai": 2.6725649276388403, "p_al": 6.238531248777721, "p_ex": 7.148081569821106, "prior": 3.270247221878411, "rate": 4.331832592556465}, "datetime": {"datetime": "2024-06-12 21:00:01", "elapsed": 100.845584, "delta": 0.117159}}
{"target": -190.9982645454739, "params": {"p_ai": 7.344354052301767, "p_al": 1.3123707216933747, "p_ex": 1.437716044015218, "prior": 3.7546878211627708, "rate": 2.2848621090646066}, "datetime": {"datetime": "2024-06-12 21:00:01", "elapsed": 100.96284, "delta": 0.117256}}
{"target": -137.67369674311826, "params": {"p_ai": 3.0705569514062137, "p_al": 1.5015067831741629, "p_ex": 0.9672639623300204, "prior": 9.159924327132273, "rate": 3.4595881913084976}, "datetime": {"datetime": "2024-06-12 21:00:01", "elapsed": 101.081289, "delta": 0.118449}}
{"target": -144.7653408912231, "params": {"p_ai": 5.660096601094165, "p_al": 5.472440451958918, "p_ex": 4.5041251239749585, "prior": 7.478457982844058, "rate": 3.3164329970073902}, "datetime": {"datetime": "2024-06-12 21:00:01", "elapsed": 101.198483, "delta": 0.117194}}
{"target": -180.99114625599606, "params": {"p_ai": 8.924882091116567, "p_al": 0.6812641898485671, "p_ex": 5.749321037658085, "prior": 3.391186716940452, "rate": 3.6396395485330513}, "datetime": {"datetime": "2024-06-12 21:00:02", "elapsed": 101.316794, "delta": 0.118311}}
{"target": -141.50514234081825, "params": {"p_ai": 3.051673844581836, "p_al": 6.036259408805832, "p_ex": 2.34484488740895, "prior": 2.9437676907045023, "rate": 2.8556604108589827}, "datetime": {"datetime": "2024-06-12 21:00:02", "elapsed": 101.436616, "delta": 0.119822}}
{"target": -149.55841721849225, "params": {"p_ai": 0.06894765796633268, "p_al": 3.716813476029669, "p_ex": 0.4899246143734417, "prior": 8.743887748991542, "rate": 7.2185044914028715}, "datetime": {"datetime": "2024-06-12 21:00:02", "elapsed": 101.55467, "delta": 0.118054}}
{"target": -123.75825649241523, "params": {"p_ai": 5.953475738168867, "p_al": 7.439039471551036, "p_ex": 9.011039743831343, "prior": 6.941211543141177, "rate": 5.90797241496815}, "datetime": {"datetime": "2024-06-12 21:00:02", "elapsed": 101.672541, "delta": 0.117871}}
{"target": -103.72598153047525, "params": {"p_ai": 1.2434681770108849, "p_al": 4.046421932570356, "p_ex": 5.789933531360811, "prior": 6.028840813825507, "rate": 9.607817590001783}, "datetime": {"datetime": "2024-06-12 21:00:02", "elapsed": 101.798594, "delta": 0.126053}}
{"target": -114.70846575320837, "params": {"p_ai": 2.0557977104341765, "p_al": 6.631850124302443, "p_ex": 2.5650349774738426, "prior": 4.1781946638619605, "rate": 9.719532670633221}, "datetime": {"datetime": "2024-06-12 21:00:02", "elapsed": 101.916456, "delta": 0.117862}}
{"target": -118.08374154953825, "params": {"p_ai": 3.31144322847995, "p_al": 3.620869630590026, "p_ex": 4.396244916200968, "prior": 0.4076372311016773, "rate": 3.9863038148057774}, "datetime": {"datetime": "2024-06-12 21:00:02", "elapsed": 102.032699, "delta": 0.116243}}
{"target": -127.55475206909362, "params": {"p_ai": 6.190232010608117, "p_al": 5.7812217885154835, "p_ex": 8.734253865159978, "prior": 6.412224391593954, "rate": 5.570002490848631}, "datetime": {"datetime": "2024-06-12 21:00:02", "elapsed": 102.152607, "delta": 0.119908}}
{"target": -148.05438175052882, "params": {"p_ai": 6.406830923563959, "p_al": 0.4771202173229796, "p_ex": 9.961217364236495, "prior": 1.517902470777048, "rate": 4.185050420467527}, "datetime": {"datetime": "2024-06-12 21:00:02", "elapsed": 102.269296, "delta": 0.116689}}
{"target": -104.3768717263524, "params": {"p_ai": 2.953219449966769, "p_al": 5.7725917240622495, "p_ex": 5.596050673452704, "prior": 3.5217911282734677, "rate": 9.73632101034662}, "datetime": {"datetime": "2024-06-12 21:00:03", "elapsed": 102.387491, "delta": 0.118195}}
{"target": -178.26857597934912, "params": {"p_ai": 7.512965119155592, "p_al": 8.898523787979325, "p_ex": 4.554646543417618, "prior": 5.994461480255916, "rate": 4.135119304282028}, "datetime": {"datetime": "2024-06-12 21:00:03", "elapsed": 102.504727, "delta": 0.117236}}
{"target": -134.56985282616776, "params": {"p_ai": 3.043247399234573, "p_al": 5.255180236940175, "p_ex": 1.9104821219709982, "prior": 2.141803137630578, "rate": 5.108363395710763}, "datetime": {"datetime": "2024-06-12 21:00:03", "elapsed": 102.62192, "delta": 0.117193}}
{"target": -187.83434787731323, "params": {"p_ai": 0.13950689289069168, "p_al": 4.4554255996411385, "p_ex": 9.96701001286446, "prior": 8.227007128517913, "rate": 0.8355220043224125}, "datetime": {"datetime": "2024-06-12 21:00:03", "elapsed": 102.7576, "delta": 0.13568}}
{"target": -178.00851576106976, "params": {"p_ai": 6.559247279844655, "p_al": 2.25470390737774, "p_ex": 1.1804405667721274, "prior": 3.4874239506633353, "rate": 6.771991012506975}, "datetime": {"datetime": "2024-06-12 21:00:03", "elapsed": 102.875723, "delta": 0.118123}}
{"target": -126.56085654750626, "params": {"p_ai": 5.508094840668205, "p_al": 0.4405826726522236, "p_ex": 8.567685939201464, "prior": 4.776472641076445, "rate": 8.567905472459115}, "datetime": {"datetime": "2024-06-12 21:00:03", "elapsed": 102.99346, "delta": 0.117737}}
{"target": -136.4009181213759, "params": {"p_ai": 1.8773524615382258, "p_al": 0.8382489282379628, "p_ex": 5.160180650752958, "prior": 4.545992085303224, "rate": 0.13993009549948474}, "datetime": {"datetime": "2024-06-12 21:00:03", "elapsed": 103.111193, "delta": 0.117733}}
{"target": -143.65168460587714, "params": {"p_ai": 0.39450654231797255, "p_al": 0.9372347244778493, "p_ex": 0.4077341217427622, "prior": 1.7582149343742748, "rate": 5.7557859749589015}, "datetime": {"datetime": "2024-06-12 21:00:03", "elapsed": 103.229057, "delta": 0.117864}}
{"target": -173.65900361335477, "params": {"p_ai": 4.768049447045129, "p_al": 9.79771755888323, "p_ex": 0.7083006030293989, "prior": 8.67428890537549, "rate": 5.785619301619244}, "datetime": {"datetime": "2024-06-12 21:00:04", "elapsed": 103.346742, "delta": 0.117685}}
{"target": -215.9548858665264, "params": {"p_ai": 8.764878981579999, "p_al": 0.5580803899209963, "p_ex": 0.9924360606946157, "prior": 8.631084082751796, "rate": 5.7042698804473675}, "datetime": {"datetime": "2024-06-12 21:00:04", "elapsed": 103.464428, "delta": 0.117686}}
{"target": -127.01552916151965, "params": {"p_ai": 5.585379517097466, "p_al": 0.13111366674830982, "p_ex": 6.422885788360278, "prior": 8.476797149894404, "rate": 9.96126578479924}, "datetime": {"datetime": "2024-06-12 21:00:04", "elapsed": 103.582112, "delta": 0.117684}}
{"target": -128.69638312820425, "params": {"p_ai": 4.3301149523829, "p_al": 3.114779051537622, "p_ex": 4.0482984794974595, "prior": 2.2810229380137588, "rate": 2.2617597487507415}, "datetime": {"datetime": "2024-06-12 21:00:04", "elapsed": 103.69938, "delta": 0.117268}}
{"target": -122.60838527616383, "params": {"p_ai": 4.337002443043325, "p_al": 6.845710542660374, "p_ex": 6.607712148636413, "prior": 7.725129192452083, "rate": 2.1689300660171678}, "datetime": {"datetime": "2024-06-12 21:00:04", "elapsed": 103.817756, "delta": 0.118376}}
{"target": -185.57901412006382, "params": {"p_ai": 7.287335080949485, "p_al": 7.952743020363484, "p_ex": 5.618566827974954, "prior": 4.657241228830299, "rate": 1.5828405185913081}, "datetime": {"datetime": "2024-06-12 21:00:04", "elapsed": 103.935973, "delta": 0.118217}}
{"target": -111.737773947967, "params": {"p_ai": 0.46548205758633604, "p_al": 4.638857645581332, "p_ex": 6.54336650017196, "prior": 2.1262506191650012, "rate": 4.0000960991521355}, "datetime": {"datetime": "2024-06-12 21:00:04", "elapsed": 104.054656, "delta": 0.118683}}
{"target": -113.29312727061766, "params": {"p_ai": 4.976881207213625, "p_al": 9.549084662565308, "p_ex": 8.774573840681738, "prior": 8.740622431637016, "rate": 9.966008787860254}, "datetime": {"datetime": "2024-06-12 21:00:04", "elapsed": 104.172498, "delta": 0.117842}}
{"target": -177.3412117694179, "params": {"p_ai": 7.734759378121409, "p_al": 2.031395720720704, "p_ex": 8.399033519310658, "prior": 1.663316237111709, "rate": 8.890981709818412}, "datetime": {"datetime": "2024-06-12 21:00:04", "elapsed": 104.289186, "delta": 0.116688}}
{"target": -120.58240213753992, "params": {"p_ai": 3.3864593795504314, "p_al": 2.880158694403671, "p_ex": 6.06262377611874, "prior": 0.6070548531937172, "rate": 9.070974657860043}, "datetime": {"datetime": "2024-06-12 21:00:05", "elapsed": 104.406381, "delta": 0.117195}}
{"target": -106.39311046844615, "params": {"p_ai": 3.8113259129552914, "p_al": 7.900041725850161, "p_ex": 7.105763804094447, "prior": 7.0417771519431795, "rate": 5.326729042736205}, "datetime": {"datetime": "2024-06-12 21:00:05", "elapsed": 104.524747, "delta": 0.118366}}
{"target": -122.340736078885, "params": {"p_ai": 4.667288428941059, "p_al": 6.454333923418758, "p_ex": 6.916080494254339, "prior": 2.3589461345875438, "rate": 7.538328274742676}, "datetime": {"datetime": "2024-06-12 21:00:05", "elapsed": 104.642463, "delta": 0.117716}}
{"target": -226.0963274307506, "params": {"p_ai": 9.366235064689338, "p_al": 8.151161378737928, "p_ex": 7.306366078682459, "prior": 8.217287677383837, "rate": 0.07054222047709144}, "datetime": {"datetime": "2024-06-12 21:00:05", "elapsed": 104.786906, "delta": 0.144443}}
{"target": -102.61957865399557, "params": {"p_ai": 1.7490656420010366, "p_al": 3.4204500359621868, "p_ex": 7.335447820919692, "prior": 9.783754518567227, "rate": 7.329045588922614}, "datetime": {"datetime": "2024-06-12 21:00:05", "elapsed": 104.908962, "delta": 0.122056}}
{"target": -180.5978453189831, "params": {"p_ai": 4.790450335348987, "p_al": 9.210597067436987, "p_ex": 3.7776137015044906, "prior": 6.417264634257163, "rate": 0.01604319738412774}, "datetime": {"datetime": "2024-06-12 21:00:05", "elapsed": 105.025649, "delta": 0.116687}}
{"target": -105.49386320839031, "params": {"p_ai": 1.794416084834932, "p_al": 2.9490928501599734, "p_ex": 3.8705109944468274, "prior": 4.598745249224747, "rate": 7.967390870782215}, "datetime": {"datetime": "2024-06-12 21:00:05", "elapsed": 105.143887, "delta": 0.118238}}
{"target": -108.52167534774846, "params": {"p_ai": 2.7991759941470526, "p_al": 0.8275331899589359, "p_ex": 5.214179872829262, "prior": 9.81153872947284, "rate": 4.00818395641571}, "datetime": {"datetime": "2024-06-12 21:00:05", "elapsed": 105.261576, "delta": 0.117689}}
{"target": -120.50485240460785, "params": {"p_ai": 2.5726536273366607, "p_al": 7.763638646345232, "p_ex": 6.156219784190765, "prior": 0.076475813928428, "rate": 9.862064844626225}, "datetime": {"datetime": "2024-06-12 21:00:06", "elapsed": 105.383756, "delta": 0.12218}}
{"target": -119.45727085821288, "params": {"p_ai": 4.889696405678729, "p_al": 3.040914686810269, "p_ex": 6.651105432765965, "prior": 2.8563222513640976, "rate": 4.635975768930647}, "datetime": {"datetime": "2024-06-12 21:00:06", "elapsed": 105.540046, "delta": 0.15629}}
{"target": -148.2836850816165, "params": {"p_ai": 6.518558892191261, "p_al": 1.2196983897335782, "p_ex": 4.672764041184604, "prior": 7.35232222858189, "rate": 9.605219885684939}, "datetime": {"datetime": "2024-06-12 21:00:06", "elapsed": 105.657956, "delta": 0.11791}}
{"target": -129.11341676104672, "params": {"p_ai": 0.21487353066763587, "p_al": 8.324959625901556, "p_ex": 9.391521053346748, "prior": 9.85819238580682, "rate": 9.378378518554022}, "datetime": {"datetime": "2024-06-12 21:00:06", "elapsed": 105.77557, "delta": 0.117614}}
{"target": -144.60184504383616, "params": {"p_ai": 1.2933848293668193, "p_al": 8.860315919250107, "p_ex": 1.529468431828893, "prior": 3.6058030535750842, "rate": 3.6122582228759716}, "datetime": {"datetime": "2024-06-12 21:00:06", "elapsed": 105.894566, "delta": 0.118996}}
{"target": -107.69339086858885, "params": {"p_ai": 2.7985741373137722, "p_al": 3.548687634297447, "p_ex": 5.430472646723272, "prior": 0.7860916495607814, "rate": 3.7293238414408294}, "datetime": {"datetime": "2024-06-12 21:00:06", "elapsed": 106.013754, "delta": 0.119188}}
{"target": -165.22637094603292, "params": {"p_ai": 5.832605591120393, "p_al": 1.3433598503872748, "p_ex": 2.430636464974349, "prior": 3.128478046493983, "rate": 0.7462639779838585}, "datetime": {"datetime": "2024-06-12 21:00:06", "elapsed": 106.131668, "delta": 0.117914}}
{"target": -179.4770104756345, "params": {"p_ai": 8.077100262224654, "p_al": 2.6347113307883765, "p_ex": 4.106599490946104, "prior": 4.054723246527664, "rate": 3.0480516272452443}, "datetime": {"datetime": "2024-06-12 21:00:06", "elapsed": 106.249424, "delta": 0.117756}}
{"target": -147.0606436300672, "params": {"p_ai": 1.2782527317471344, "p_al": 8.935700181344412, "p_ex": 6.81426708391562, "prior": 2.669647727792136, "rate": 0.9252168378068174}, "datetime": {"datetime": "2024-06-12 21:00:07", "elapsed": 106.367634, "delta": 0.11821}}
{"target": -140.67855777647102, "params": {"p_ai": 1.2358266658392048, "p_al": 2.765087577252426, "p_ex": 0.49138574517622646, "prior": 1.4523234927062378, "rate": 4.75082044615585}, "datetime": {"datetime": "2024-06-12 21:00:07", "elapsed": 106.487055, "delta": 0.119421}}
{"target": -186.91475844651367, "params": {"p_ai": 9.359858045746865, "p_al": 4.34125578782743, "p_ex": 7.091695404396912, "prior": 5.703480436122253, "rate": 9.762465611692658}, "datetime": {"datetime": "2024-06-12 21:00:07", "elapsed": 106.603743, "delta": 0.116688}}
{"target": -121.94442466347807, "params": {"p_ai": 1.7829338600348927, "p_al": 7.391311728201115, "p_ex": 3.5047165418773747, "prior": 9.912129823702113, "rate": 3.5287645393308957}, "datetime": {"datetime": "2024-06-12 21:00:07", "elapsed": 106.722463, "delta": 0.11872}}
{"target": -358.89981448839467, "params": {"p_ai": 9.7878530420732, "p_al": 8.603854098454429, "p_ex": 5.97776886311117, "prior": 0.2754521190591224, "rate": 1.8561349624416226}, "datetime": {"datetime": "2024-06-12 21:00:07", "elapsed": 106.839732, "delta": 0.117269}}
{"target": -142.34615350290076, "params": {"p_ai": 0.5660612431019523, "p_al": 7.924825154079123, "p_ex": 0.7404368885098506, "prior": 7.864807897266238, "rate": 0.28049053854891}, "datetime": {"datetime": "2024-06-12 21:00:07", "elapsed": 106.957277, "delta": 0.117545}}
{"target": -100.6296386349938, "params": {"p_ai": 2.552807324311116, "p_al": 2.9765362830187123, "p_ex": 5.646500297193168, "prior": 5.621050378621821, "rate": 8.874122245059352}, "datetime": {"datetime": "2024-06-12 21:00:07", "elapsed": 107.074963, "delta": 0.117686}}
{"target": -188.4236931540672, "params": {"p_ai": 6.374137022993261, "p_al": 1.615458841587833, "p_ex": 0.27092093445094007, "prior": 7.620062997045269, "rate": 5.3561524093705035}, "datetime": {"datetime": "2024-06-12 21:00:07", "elapsed": 107.193646, "delta": 0.118683}}
{"target": -133.53311873424724, "params": {"p_ai": 5.786712866351162, "p_al": 4.141636373615735, "p_ex": 5.898561065889926, "prior": 4.056908149188704, "rate": 4.45747836234641}, "datetime": {"datetime": "2024-06-12 21:00:07", "elapsed": 107.311331, "delta": 0.117685}}
{"target": -180.34523623245954, "params": {"p_ai": 5.927803620451909, "p_al": 4.923952760842727, "p_ex": 0.5919748061577745, "prior": 9.767920289447702, "rate": 8.55152126248045}, "datetime": {"datetime": "2024-06-12 21:00:08", "elapsed": 107.428528, "delta": 0.117197}}
{"target": -110.48181721154505, "params": {"p_ai": 3.791477192653459, "p_al": 5.465701902352132, "p_ex": 9.328810392069327, "prior": 3.9802554516660487, "rate": 9.447782220977258}, "datetime": {"datetime": "2024-06-12 21:00:08", "elapsed": 107.547214, "delta": 0.118686}}
{"target": -132.01367627079222, "params": {"p_ai": 0.3058322755797807, "p_al": 7.458249422829433, "p_ex": 7.9702691040219795, "prior": 1.93915729117472, "rate": 1.6295048861493149}, "datetime": {"datetime": "2024-06-12 21:00:08", "elapsed": 107.664699, "delta": 0.117485}}
{"target": -147.15907357781782, "params": {"p_ai": 5.911191778228094, "p_al": 4.797437426866516, "p_ex": 5.865839481637387, "prior": 1.3235786977154271, "rate": 2.7780929606304388}, "datetime": {"datetime": "2024-06-12 21:00:08", "elapsed": 107.782536, "delta": 0.117837}}
{"target": -128.15260193684398, "params": {"p_ai": 0.6976539349355139, "p_al": 1.0808592298701158, "p_ex": 7.164060397933428, "prior": 0.2649931532879722, "rate": 5.396963570672858}, "datetime": {"datetime": "2024-06-12 21:00:08", "elapsed": 107.899225, "delta": 0.116689}}
{"target": -109.27053840640667, "params": {"p_ai": 2.9873312333774114, "p_al": 8.685104504367171, "p_ex": 5.4508437359806505, "prior": 9.975479797714407, "rate": 5.611197830302039}, "datetime": {"datetime": "2024-06-12 21:00:08", "elapsed": 108.017222, "delta": 0.117997}}
{"target": -159.92135656822657, "params": {"p_ai": 5.621416031788874, "p_al": 3.351731873456963, "p_ex": 2.52399701509059, "prior": 4.27426940599577, "rate": 2.2725263696062235}, "datetime": {"datetime": "2024-06-12 21:00:08", "elapsed": 108.140892, "delta": 0.12367}}
{"target": -138.36595584838298, "params": {"p_ai": 0.709689199869795, "p_al": 4.2510872816074885, "p_ex": 1.0650645144221098, "prior": 7.231485025194189, "rate": 2.984641891979689}, "datetime": {"datetime": "2024-06-12 21:00:08", "elapsed": 108.258555, "delta": 0.117663}}
{"target": -120.55591987815852, "params": {"p_ai": 4.904126225336482, "p_al": 1.9566372392164855, "p_ex": 6.808584262587829, "prior": 8.308430641906321, "rate": 2.2048474528673996}, "datetime": {"datetime": "2024-06-12 21:00:09", "elapsed": 108.380229, "delta": 0.121674}}
{"target": -119.64648048898493, "params": {"p_ai": 0.07907888226929988, "p_al": 2.5097921802793786, "p_ex": 6.276735386073572, "prior": 3.1088574555471813, "rate": 8.36222517696091}, "datetime": {"datetime": "2024-06-12 21:00:09", "elapsed": 108.497915, "delta": 0.117686}}
{"target": -198.98794198402288, "params": {"p_ai": 8.527539253679366, "p_al": 3.7180338874028376, "p_ex": 3.6539795857073187, "prior": 0.16660915467115117, "rate": 5.497237804999031}, "datetime": {"datetime": "2024-06-12 21:00:09", "elapsed": 108.6156, "delta": 0.117685}}
{"target": -137.3218691218266, "params": {"p_ai": 1.5435516702923755, "p_al": 1.1276827017969615, "p_ex": 0.5343279544192256, "prior": 1.7936587903460857, "rate": 1.5601521788399757}, "datetime": {"datetime": "2024-06-12 21:00:09", "elapsed": 108.739459, "delta": 0.123859}}
{"target": -150.47038436535703, "params": {"p_ai": 0.3558683019833646, "p_al": 9.82434211273752, "p_ex": 6.583386710486216, "prior": 3.8705537217530446, "rate": 0.6257922981876658}, "datetime": {"datetime": "2024-06-12 21:00:09", "elapsed": 108.891054, "delta": 0.151595}}
