{"target": -487.07892337368503, "params": {"gamma": 5.336999796367143, "lr": 0.31446701118584963}, "datetime": {"datetime": "2024-06-13 19:33:50", "elapsed": 0.79395, "delta": 0.003989}}
{"target": -726.0148075587011, "params": {"gamma": 9.1078175389072, "lr": 0.36655664385123443}, "datetime": {"datetime": "2024-06-13 19:33:50", "elapsed": 0.796942, "delta": 0.002992}}
{"target": -340.3490136752139, "params": {"gamma": 4.336489680404373, "lr": 0.5122926922783614}, "datetime": {"datetime": "2024-06-13 19:33:50", "elapsed": 0.799934, "delta": 0.002992}}
{"target": -1831.1602837242967, "params": {"gamma": 9.388925887219763, "lr": 0.030949006271150714}, "datetime": {"datetime": "2024-06-13 19:33:50", "elapsed": 0.803923, "delta": 0.003989}}
{"target": -598.5871476711337, "params": {"gamma": 7.1690697576532605, "lr": 0.8910189542923389}, "datetime": {"datetime": "2024-06-13 19:33:50", "elapsed": 0.806916, "delta": 0.002993}}
{"target": -107.80654494549479, "params": {"gamma": 0.2738449479511707, "lr": 0.5220512472525107}, "datetime": {"datetime": "2024-06-13 19:33:50", "elapsed": 0.810942, "delta": 0.004026}}
{"target": -276.17131388484955, "params": {"gamma": 3.2605721278884827, "lr": 0.8594893208655858}, "datetime": {"datetime": "2024-06-13 19:33:50", "elapsed": 0.813897, "delta": 0.002955}}
{"target": -455.4706568188711, "params": {"gamma": 5.585606992674257, "lr": 0.6902278681627478}, "datetime": {"datetime": "2024-06-13 19:33:50", "elapsed": 0.817886, "delta": 0.003989}}
{"target": -379.0246842878312, "params": {"gamma": 4.529082146015424, "lr": 0.6283090375213571}, "datetime": {"datetime": "2024-06-13 19:33:50", "elapsed": 0.820878, "delta": 0.002992}}
{"target": -575.6001874774614, "params": {"gamma": 2.901678420022571, "lr": 0.009348577966515781}, "datetime": {"datetime": "2024-06-13 19:33:50", "elapsed": 0.824867, "delta": 0.003989}}
{"target": -524.225099118256, "params": {"gamma": 5.767982593935921, "lr": 0.3114442141324628}, "datetime": {"datetime": "2024-06-13 19:33:50", "elapsed": 0.827859, "delta": 0.002992}}
{"target": -443.5785626016264, "params": {"gamma": 5.1731587174127975, "lr": 0.9164058530538978}, "datetime": {"datetime": "2024-06-13 19:33:50", "elapsed": 0.831848, "delta": 0.003989}}
{"target": -689.4754231643572, "params": {"gamma": 4.265321410225459, "lr": 0.2473960366023854}, "datetime": {"datetime": "2024-06-13 19:33:50", "elapsed": 0.83484, "delta": 0.002992}}
{"target": -320.47989266352135, "params": {"gamma": 3.7135663190292654, "lr": 0.9318611166365406}, "datetime": {"datetime": "2024-06-13 19:33:50", "elapsed": 0.837833, "delta": 0.002993}}
{"target": -756.9881484061103, "params": {"gamma": 9.368746944709628, "lr": 0.8443299485657132}, "datetime": {"datetime": "2024-06-13 19:33:50", "elapsed": 0.841866, "delta": 0.004033}}
{"target": -1478.5871604940942, "params": {"gamma": 9.202144936542298, "lr": 0.22790028995131695}, "datetime": {"datetime": "2024-06-13 19:33:50", "elapsed": 0.845364, "delta": 0.003498}}
{"target": -173.74346398132687, "params": {"gamma": 0.8757346133263552, "lr": 0.22730973628468876}, "datetime": {"datetime": "2024-06-13 19:33:50", "elapsed": 0.848356, "delta": 0.002992}}
{"target": -426.81988171905886, "params": {"gamma": 3.1444517845243904, "lr": 0.17476587635631158}, "datetime": {"datetime": "2024-06-13 19:33:50", "elapsed": 0.851348, "delta": 0.002992}}
{"target": -463.5586209191919, "params": {"gamma": 6.071334525562633, "lr": 0.41358641500116133}, "datetime": {"datetime": "2024-06-13 19:33:50", "elapsed": 0.855338, "delta": 0.00399}}
{"target": -1083.9582966492435, "params": {"gamma": 8.163698766760314, "lr": 0.18513039826903066}, "datetime": {"datetime": "2024-06-13 19:33:50", "elapsed": 0.858329, "delta": 0.002991}}
{"target": -1129.338568405178, "params": {"gamma": 7.019063421033349, "lr": 0.24035562484913886}, "datetime": {"datetime": "2024-06-13 19:33:50", "elapsed": 0.862319, "delta": 0.00399}}
{"target": -465.58445533308173, "params": {"gamma": 5.742616669319757, "lr": 0.34898759722078887}, "datetime": {"datetime": "2024-06-13 19:33:50", "elapsed": 0.865311, "delta": 0.002992}}
{"target": -141.0309757957479, "params": {"gamma": 0.5705870304288444, "lr": 0.22881367096037586}, "datetime": {"datetime": "2024-06-13 19:33:50", "elapsed": 0.8693, "delta": 0.003989}}
{"target": -501.4208875073356, "params": {"gamma": 6.641361450992581, "lr": 0.4972500933605313}, "datetime": {"datetime": "2024-06-13 19:33:50", "elapsed": 0.872292, "delta": 0.002992}}
{"target": -693.3909066931816, "params": {"gamma": 5.190640824752714, "lr": 0.1747201501089225}, "datetime": {"datetime": "2024-06-13 19:33:50", "elapsed": 0.876281, "delta": 0.003989}}
{"target": -488.8688069980369, "params": {"gamma": 5.7075877996110185, "lr": 0.99675342520821}, "datetime": {"datetime": "2024-06-13 19:33:50", "elapsed": 0.879274, "delta": 0.002993}}
{"target": -642.7966347464098, "params": {"gamma": 8.168534252807428, "lr": 0.5943726238309778}, "datetime": {"datetime": "2024-06-13 19:33:50", "elapsed": 0.882265, "delta": 0.002991}}
{"target": -813.5563324155237, "params": {"gamma": 9.759914694240718, "lr": 0.9015625846693213}, "datetime": {"datetime": "2024-06-13 19:33:50", "elapsed": 0.886254, "delta": 0.003989}}
{"target": -1165.40426219984, "params": {"gamma": 5.956483728092853, "lr": 0.032426325314457105}, "datetime": {"datetime": "2024-06-13 19:33:50", "elapsed": 0.889783, "delta": 0.003529}}
{"target": -214.34247302866797, "params": {"gamma": 0.93667738107899, "lr": 0.06537171504222639}, "datetime": {"datetime": "2024-06-13 19:33:50", "elapsed": 0.893279, "delta": 0.003496}}
{"target": -371.2644229455765, "params": {"gamma": 4.517879753766062, "lr": 0.37543483316785775}, "datetime": {"datetime": "2024-06-13 19:33:50", "elapsed": 0.896271, "delta": 0.002992}}
{"target": -1292.996998801306, "params": {"gamma": 9.753524992668595, "lr": 0.1679832931996149}, "datetime": {"datetime": "2024-06-13 19:33:50", "elapsed": 0.899263, "delta": 0.002992}}
{"target": -801.8724546379715, "params": {"gamma": 9.72790313173462, "lr": 0.7674748688630131}, "datetime": {"datetime": "2024-06-13 19:33:50", "elapsed": 0.903253, "delta": 0.00399}}
{"target": -682.8654874449466, "params": {"gamma": 8.242554158405353, "lr": 0.6326158167779973}, "datetime": {"datetime": "2024-06-13 19:33:50", "elapsed": 0.906245, "delta": 0.002992}}
{"target": -504.8393492854162, "params": {"gamma": 6.6876589692971145, "lr": 0.47688233352119336}, "datetime": {"datetime": "2024-06-13 19:33:50", "elapsed": 0.910234, "delta": 0.003989}}
{"target": -127.92086072430226, "params": {"gamma": 0.13235043287379938, "lr": 0.3530060855418248}, "datetime": {"datetime": "2024-06-13 19:33:50", "elapsed": 0.913226, "delta": 0.002992}}
{"target": -412.6882900035313, "params": {"gamma": 4.9212259431340915, "lr": 0.7300912110901043}, "datetime": {"datetime": "2024-06-13 19:33:50", "elapsed": 0.917216, "delta": 0.00399}}
{"target": -357.5449077314421, "params": {"gamma": 4.686814799118347, "lr": 0.4574049160894317}, "datetime": {"datetime": "2024-06-13 19:33:50", "elapsed": 0.920207, "delta": 0.002991}}
{"target": -290.58376604517895, "params": {"gamma": 1.377489746715086, "lr": 0.01088873380347899}, "datetime": {"datetime": "2024-06-13 19:33:50", "elapsed": 0.924197, "delta": 0.00399}}
{"target": -680.9808465399996, "params": {"gamma": 7.583024326509486, "lr": 0.3199528380776784}, "datetime": {"datetime": "2024-06-13 19:33:50", "elapsed": 0.927189, "delta": 0.002992}}
{"target": -1611.4820131523543, "params": {"gamma": 9.843850118484914, "lr": 0.220234226159156}, "datetime": {"datetime": "2024-06-13 19:33:50", "elapsed": 0.931178, "delta": 0.003989}}
{"target": -269.5144165804838, "params": {"gamma": 3.387741546791315, "lr": 0.5238961356661317}, "datetime": {"datetime": "2024-06-13 19:33:50", "elapsed": 0.93417, "delta": 0.002992}}
{"target": -568.4869882915837, "params": {"gamma": 7.549159679148268, "lr": 0.46385778390029564}, "datetime": {"datetime": "2024-06-13 19:33:50", "elapsed": 0.937162, "delta": 0.002992}}
{"target": -151.2354971054855, "params": {"gamma": 1.2491006085736511, "lr": 0.3125013784920495}, "datetime": {"datetime": "2024-06-13 19:33:50", "elapsed": 0.941151, "delta": 0.003989}}
{"target": -412.1608952368456, "params": {"gamma": 5.045687177840246, "lr": 0.6738490080168676}, "datetime": {"datetime": "2024-06-13 19:33:50", "elapsed": 0.945141, "delta": 0.00399}}
{"target": -1259.4060034191732, "params": {"gamma": 7.70172941316461, "lr": 0.13033578095435427}, "datetime": {"datetime": "2024-06-13 19:33:50", "elapsed": 0.948132, "delta": 0.002991}}
{"target": -111.84220328678461, "params": {"gamma": 0.23012839809249527, "lr": 0.5190823222119895}, "datetime": {"datetime": "2024-06-13 19:33:50", "elapsed": 0.951125, "delta": 0.002993}}
{"target": -1581.1357177163877, "params": {"gamma": 8.1000771179135, "lr": 0.012603767029876312}, "datetime": {"datetime": "2024-06-13 19:33:50", "elapsed": 0.955114, "delta": 0.003989}}
{"target": -547.0307464277755, "params": {"gamma": 6.725025976692686, "lr": 0.6868082266569918}, "datetime": {"datetime": "2024-06-13 19:33:50", "elapsed": 0.959103, "delta": 0.003989}}
{"target": -386.0650211707056, "params": {"gamma": 4.49301828911279, "lr": 0.9147886867419343}, "datetime": {"datetime": "2024-06-13 19:33:50", "elapsed": 0.962096, "delta": 0.002993}}
{"target": -1259.921013346567, "params": {"gamma": 6.443966486485173, "lr": 0.005239837651465851}, "datetime": {"datetime": "2024-06-13 19:33:50", "elapsed": 0.96512, "delta": 0.003024}}
{"target": -406.1078748474153, "params": {"gamma": 4.844800026698242, "lr": 0.8593178060976}, "datetime": {"datetime": "2024-06-13 19:33:50", "elapsed": 0.969106, "delta": 0.003986}}
{"target": -687.9158916453423, "params": {"gamma": 8.304165300803357, "lr": 0.6491541971124779}, "datetime": {"datetime": "2024-06-13 19:33:50", "elapsed": 0.972069, "delta": 0.002963}}
{"target": -531.940126612885, "params": {"gamma": 6.737310540562419, "lr": 0.5784995797892005}, "datetime": {"datetime": "2024-06-13 19:33:50", "elapsed": 0.976058, "delta": 0.003989}}
{"target": -222.21599028052057, "params": {"gamma": 2.741923631893355, "lr": 0.5605299905360588}, "datetime": {"datetime": "2024-06-13 19:33:50", "elapsed": 0.980047, "delta": 0.003989}}
{"target": -540.946523728712, "params": {"gamma": 6.717626118389386, "lr": 0.35242963021640883}, "datetime": {"datetime": "2024-06-13 19:33:50", "elapsed": 0.984037, "delta": 0.00399}}
{"target": -1135.8563314542944, "params": {"gamma": 8.558427844172023, "lr": 0.1950374860087073}, "datetime": {"datetime": "2024-06-13 19:33:50", "elapsed": 0.989023, "delta": 0.004986}}
{"target": -671.5106838627644, "params": {"gamma": 7.473460782508901, "lr": 0.2896027461868774}, "datetime": {"datetime": "2024-06-13 19:33:50", "elapsed": 0.995007, "delta": 0.005984}}
{"target": -585.0737865092457, "params": {"gamma": 7.738219073154577, "lr": 0.4277373293360762}, "datetime": {"datetime": "2024-06-13 19:33:50", "elapsed": 0.998997, "delta": 0.00399}}
{"target": -646.1847220554974, "params": {"gamma": 8.077176392712982, "lr": 0.3535348626679904}, "datetime": {"datetime": "2024-06-13 19:33:50", "elapsed": 1.001988, "delta": 0.002991}}
{"target": -185.29057173267867, "params": {"gamma": 2.137718683058182, "lr": 0.7672845084217665}, "datetime": {"datetime": "2024-06-13 19:33:50", "elapsed": 1.005978, "delta": 0.00399}}
{"target": -263.1074487122661, "params": {"gamma": 3.0871108343588807, "lr": 0.7332450677264275}, "datetime": {"datetime": "2024-06-13 19:33:50", "elapsed": 1.00897, "delta": 0.002992}}
{"target": -1220.4970828679157, "params": {"gamma": 7.444987057624244, "lr": 0.22139670090820107}, "datetime": {"datetime": "2024-06-13 19:33:50", "elapsed": 1.01296, "delta": 0.00399}}
{"target": -299.85881363323017, "params": {"gamma": 2.141907256069664, "lr": 0.1989479234270667}, "datetime": {"datetime": "2024-06-13 19:33:50", "elapsed": 1.017947, "delta": 0.004987}}
{"target": -145.50932397237082, "params": {"gamma": 1.4260408593206808, "lr": 0.3770825992073341}, "datetime": {"datetime": "2024-06-13 19:33:50", "elapsed": 1.021935, "delta": 0.003988}}
{"target": -134.95045422091124, "params": {"gamma": 0.26725221903152313, "lr": 0.11092036903424063}, "datetime": {"datetime": "2024-06-13 19:33:50", "elapsed": 1.025926, "delta": 0.003991}}
{"target": -557.4774445895746, "params": {"gamma": 6.745965673610343, "lr": 0.7997765368973863}, "datetime": {"datetime": "2024-06-13 19:33:50", "elapsed": 1.029914, "delta": 0.003988}}
{"target": -165.41631757647684, "params": {"gamma": 0.8062147417567307, "lr": 0.23170231048579204}, "datetime": {"datetime": "2024-06-13 19:33:50", "elapsed": 1.032906, "delta": 0.002992}}
{"target": -186.1380415348162, "params": {"gamma": 2.0770489923763398, "lr": 0.9173335630816306}, "datetime": {"datetime": "2024-06-13 19:33:50", "elapsed": 1.036896, "delta": 0.00399}}
{"target": -550.4768051190969, "params": {"gamma": 7.113433866846732, "lr": 0.5538846110514143}, "datetime": {"datetime": "2024-06-13 19:33:50", "elapsed": 1.039887, "delta": 0.002991}}
{"target": -250.7166454494492, "params": {"gamma": 3.0458753612182816, "lr": 0.8348540476317985}, "datetime": {"datetime": "2024-06-13 19:33:50", "elapsed": 1.043877, "delta": 0.00399}}
{"target": -374.30374377258653, "params": {"gamma": 4.353624270337571, "lr": 0.9234562151187752}, "datetime": {"datetime": "2024-06-13 19:33:50", "elapsed": 1.046869, "delta": 0.002992}}
{"target": -532.4001609315983, "params": {"gamma": 7.0608119915549965, "lr": 0.47803130796528337}, "datetime": {"datetime": "2024-06-13 19:33:50", "elapsed": 1.050858, "delta": 0.003989}}
{"target": -124.78897362595507, "params": {"gamma": 1.2629748273898376, "lr": 0.9760435504677476}, "datetime": {"datetime": "2024-06-13 19:33:50", "elapsed": 1.053851, "delta": 0.002993}}
{"target": -279.08388688584597, "params": {"gamma": 1.5991766697905894, "lr": 0.2026021252196626}, "datetime": {"datetime": "2024-06-13 19:33:50", "elapsed": 1.057839, "delta": 0.003988}}
{"target": -335.87383691950237, "params": {"gamma": 4.312386369848549, "lr": 0.40420190577514725}, "datetime": {"datetime": "2024-06-13 19:33:50", "elapsed": 1.060831, "delta": 0.002992}}
{"target": -137.95037666396368, "params": {"gamma": 1.4683680561621768, "lr": 0.7293189193611234}, "datetime": {"datetime": "2024-06-13 19:33:50", "elapsed": 1.06482, "delta": 0.003989}}
{"target": -169.77806683957812, "params": {"gamma": 1.8882619237049822, "lr": 0.6438956443116628}, "datetime": {"datetime": "2024-06-13 19:33:50", "elapsed": 1.067813, "delta": 0.002993}}
{"target": -1236.519876408492, "params": {"gamma": 7.543305199812411, "lr": 0.21073239208332073}, "datetime": {"datetime": "2024-06-13 19:33:50", "elapsed": 1.071802, "delta": 0.003989}}
{"target": -502.251041187066, "params": {"gamma": 6.0099415268282925, "lr": 0.7489283752458364}, "datetime": {"datetime": "2024-06-13 19:33:50", "elapsed": 1.074794, "delta": 0.002992}}
{"target": -504.47840951266585, "params": {"gamma": 6.382548887492715, "lr": 0.5971273029466491}, "datetime": {"datetime": "2024-06-13 19:33:50", "elapsed": 1.078783, "delta": 0.003989}}
{"target": -252.53074634773932, "params": {"gamma": 2.955527374269315, "lr": 0.7316064712415088}, "datetime": {"datetime": "2024-06-13 19:33:50", "elapsed": 1.081775, "delta": 0.002992}}
{"target": -710.2105663534628, "params": {"gamma": 9.453139091559498, "lr": 0.42556139026154693}, "datetime": {"datetime": "2024-06-13 19:33:50", "elapsed": 1.085765, "delta": 0.00399}}
{"target": -1527.2010901204897, "params": {"gamma": 7.822035986497222, "lr": 0.056141039661915304}, "datetime": {"datetime": "2024-06-13 19:33:50", "elapsed": 1.088757, "delta": 0.002992}}
{"target": -1108.8311305971783, "params": {"gamma": 8.35288075329717, "lr": 0.1922500168221477}, "datetime": {"datetime": "2024-06-13 19:33:50", "elapsed": 1.092746, "delta": 0.003989}}
{"target": -368.24661649605076, "params": {"gamma": 3.951573592030842, "lr": 0.30008104592535645}, "datetime": {"datetime": "2024-06-13 19:33:50", "elapsed": 1.095738, "delta": 0.002992}}
{"target": -95.42244357229127, "params": {"gamma": 0.8019563344166869, "lr": 0.9046310029362429}, "datetime": {"datetime": "2024-06-13 19:33:50", "elapsed": 1.099727, "delta": 0.003989}}
{"target": -292.8646992164999, "params": {"gamma": 3.702171621359829, "lr": 0.5306974384761395}, "datetime": {"datetime": "2024-06-13 19:33:50", "elapsed": 1.102719, "delta": 0.002992}}
{"target": -815.3243497819416, "params": {"gamma": 4.941668542697355, "lr": 0.13216114194293815}, "datetime": {"datetime": "2024-06-13 19:33:50", "elapsed": 1.106709, "delta": 0.00399}}
{"target": -417.1448001228032, "params": {"gamma": 2.0653341348354406, "lr": 0.07618880903232117}, "datetime": {"datetime": "2024-06-13 19:33:50", "elapsed": 1.109701, "delta": 0.002992}}
{"target": -512.2735314815314, "params": {"gamma": 5.07970907775293, "lr": 0.2615495518329871}, "datetime": {"datetime": "2024-06-13 19:33:50", "elapsed": 1.11369, "delta": 0.003989}}
{"target": -704.0614227278442, "params": {"gamma": 3.5712590272190368, "lr": 0.10806532869723684}, "datetime": {"datetime": "2024-06-13 19:33:50", "elapsed": 1.117679, "delta": 0.003989}}
{"target": -1537.6167399560736, "params": {"gamma": 7.87573084468542, "lr": 0.1065838767888011}, "datetime": {"datetime": "2024-06-13 19:33:50", "elapsed": 1.120673, "delta": 0.002994}}
{"target": -1306.6167025098587, "params": {"gamma": 9.857102528308165, "lr": 0.17716116443841734}, "datetime": {"datetime": "2024-06-13 19:33:50", "elapsed": 1.124661, "delta": 0.003988}}
{"target": -1120.4324297131648, "params": {"gamma": 5.724478719234059, "lr": 0.044845334589088126}, "datetime": {"datetime": "2024-06-13 19:33:50", "elapsed": 1.12865, "delta": 0.003989}}
{"target": -1045.5265370088468, "params": {"gamma": 7.871375780268687, "lr": 0.18960594781829654}, "datetime": {"datetime": "2024-06-13 19:33:50", "elapsed": 1.131642, "delta": 0.002992}}
{"target": -442.13501789830303, "params": {"gamma": 5.279511880102859, "lr": 0.7400775431590716}, "datetime": {"datetime": "2024-06-13 19:33:50", "elapsed": 1.135631, "delta": 0.003989}}
{"target": -137.2775758444948, "params": {"gamma": 1.5001649176876422, "lr": 0.5510871741869717}, "datetime": {"datetime": "2024-06-13 19:33:50", "elapsed": 1.138624, "delta": 0.002993}}
{"target": -187.5290011387489, "params": {"gamma": 2.1669554660794654, "lr": 0.7591960493171447}, "datetime": {"datetime": "2024-06-13 19:33:50", "elapsed": 1.142613, "delta": 0.003989}}
{"target": -961.1394533674472, "params": {"gamma": 7.229429020368581, "lr": 0.17654903427708302}, "datetime": {"datetime": "2024-06-13 19:33:50", "elapsed": 1.145605, "delta": 0.002992}}
{"target": -1681.9558897498805, "params": {"gamma": 8.619803610113067, "lr": 0.019775099516344263}, "datetime": {"datetime": "2024-06-13 19:33:50", "elapsed": 1.149594, "delta": 0.003989}}
{"target": -663.5574750744959, "params": {"gamma": 8.60250973723373, "lr": 0.5589038111609383}, "datetime": {"datetime": "2024-06-13 19:33:50", "elapsed": 1.152586, "delta": 0.002992}}
{"target": -335.95266653216606, "params": {"gamma": 4.032801500586387, "lr": 0.7587469310223366}, "datetime": {"datetime": "2024-06-13 19:33:50", "elapsed": 1.156575, "delta": 0.003989}}
{"target": -612.9680395582982, "params": {"gamma": 7.169573087923007, "lr": 0.9873261748084265}, "datetime": {"datetime": "2024-06-13 19:33:50", "elapsed": 1.159567, "delta": 0.002992}}
{"target": -552.6724451973744, "params": {"gamma": 2.7815724010812146, "lr": 0.0037936724093425855}, "datetime": {"datetime": "2024-06-13 19:33:50", "elapsed": 1.163557, "delta": 0.00399}}
{"target": -778.6330088782463, "params": {"gamma": 9.339092180540563, "lr": 0.8578971045378938}, "datetime": {"datetime": "2024-06-13 19:33:50", "elapsed": 1.166549, "delta": 0.002992}}
{"target": -563.7874579621154, "params": {"gamma": 7.28877992431504, "lr": 0.5166887829215384}, "datetime": {"datetime": "2024-06-13 19:33:50", "elapsed": 1.170538, "delta": 0.003989}}
{"target": -584.0081535780525, "params": {"gamma": 7.069855496242362, "lr": 0.7805295568767427}, "datetime": {"datetime": "2024-06-13 19:33:50", "elapsed": 1.174527, "delta": 0.003989}}
{"target": -313.00525073341225, "params": {"gamma": 3.749384559425057, "lr": 0.7703225253299576}, "datetime": {"datetime": "2024-06-13 19:33:50", "elapsed": 1.17752, "delta": 0.002993}}
{"target": -628.6573772372858, "params": {"gamma": 7.506492567432579, "lr": 0.6132112115442597}, "datetime": {"datetime": "2024-06-13 19:33:50", "elapsed": 1.181509, "delta": 0.003989}}
{"target": -330.1387489618219, "params": {"gamma": 4.019257373754407, "lr": 0.6973080192643409}, "datetime": {"datetime": "2024-06-13 19:33:50", "elapsed": 1.184501, "delta": 0.002992}}
{"target": -140.22008854509625, "params": {"gamma": 0.032125465394095866, "lr": 0.7748966467245978}, "datetime": {"datetime": "2024-06-13 19:33:50", "elapsed": 1.188491, "delta": 0.00399}}
{"target": -1440.5286241463702, "params": {"gamma": 8.964269607966013, "lr": 0.23931570743750463}, "datetime": {"datetime": "2024-06-13 19:33:50", "elapsed": 1.191482, "delta": 0.002991}}
{"target": -221.67258567189742, "params": {"gamma": 1.208551075907988, "lr": 0.2202839877937276}, "datetime": {"datetime": "2024-06-13 19:33:50", "elapsed": 1.195471, "delta": 0.003989}}
{"target": -256.80145442682533, "params": {"gamma": 3.021665216169693, "lr": 0.8830285085638342}, "datetime": {"datetime": "2024-06-13 19:33:50", "elapsed": 1.198463, "delta": 0.002992}}
{"target": -495.2730258407646, "params": {"gamma": 5.432121135950708, "lr": 0.2867116496064306}, "datetime": {"datetime": "2024-06-13 19:33:50", "elapsed": 1.202453, "delta": 0.00399}}
{"target": -160.51374265105153, "params": {"gamma": 1.3844085432396722, "lr": 0.29014446310454167}, "datetime": {"datetime": "2024-06-13 19:33:50", "elapsed": 1.205445, "delta": 0.002992}}
