{"target": -185.3444144548268, "params": {"gamma": 3.957087074403221, "prior": 7.740012975913038, "rate": 2.512780630310517}, "datetime": {"datetime": "2024-06-14 18:10:33", "elapsed": 5.353486, "delta": 0.008976}}
{"target": -272.1849705804473, "params": {"gamma": 6.557951918265758, "prior": 9.60793176737818, "rate": 0.03654404988379601}, "datetime": {"datetime": "2024-06-14 18:10:33", "elapsed": 5.362461, "delta": 0.008975}}
{"target": -330.9766400926579, "params": {"gamma": 7.233887082898668, "prior": 1.1790508359034728, "rate": 5.438331129146589}, "datetime": {"datetime": "2024-06-14 18:10:33", "elapsed": 5.371438, "delta": 0.008977}}
{"target": -290.3846938663281, "params": {"gamma": 6.269533250786666, "prior": 2.5051765451309316, "rate": 9.138524908590835}, "datetime": {"datetime": "2024-06-14 18:10:33", "elapsed": 5.381254, "delta": 0.009816}}
{"target": -287.2336729645966, "params": {"gamma": 6.223502974387487, "prior": 2.393777444809113, "rate": 7.701551743810476}, "datetime": {"datetime": "2024-06-14 18:10:33", "elapsed": 5.389738, "delta": 0.008484}}
{"target": -135.1861006035283, "params": {"gamma": 1.0559652928933503, "prior": 5.596730653460311, "rate": 0.9504657419551125}, "datetime": {"datetime": "2024-06-14 18:10:33", "elapsed": 5.398714, "delta": 0.008976}}
{"target": -268.01237798963257, "params": {"gamma": 5.810259742677521, "prior": 2.604503115929865, "rate": 6.495018612739509}, "datetime": {"datetime": "2024-06-14 18:10:33", "elapsed": 5.40769, "delta": 0.008976}}
{"target": -311.3408044939848, "params": {"gamma": 7.158553701628942, "prior": 5.289437584229746, "rate": 6.575556555623399}, "datetime": {"datetime": "2024-06-14 18:10:33", "elapsed": 5.416666, "delta": 0.008976}}
{"target": -343.2692796739252, "params": {"gamma": 8.133125159405232, "prior": 8.094371489266019, "rate": 6.197200238546574}, "datetime": {"datetime": "2024-06-14 18:10:33", "elapsed": 5.425642, "delta": 0.008976}}
{"target": -217.0865639214844, "params": {"gamma": 4.511573518745629, "prior": 4.1387048915689375, "rate": 8.74760145142373}, "datetime": {"datetime": "2024-06-14 18:10:33", "elapsed": 5.434618, "delta": 0.008976}}
{"target": -318.094495101513, "params": {"gamma": 7.029614389411599, "prior": 1.9308567214966765, "rate": 5.657755734146004}, "datetime": {"datetime": "2024-06-14 18:10:33", "elapsed": 5.443594, "delta": 0.008976}}
{"target": -407.7817595933245, "params": {"gamma": 9.08817151496827, "prior": 1.5918309232578849, "rate": 8.455331237631533}, "datetime": {"datetime": "2024-06-14 18:10:33", "elapsed": 5.45257, "delta": 0.008976}}
{"target": -308.2562017604678, "params": {"gamma": 8.202204460687183, "prior": 5.043476902848561, "rate": 0.37680093100554635}, "datetime": {"datetime": "2024-06-14 18:10:33", "elapsed": 5.461546, "delta": 0.008976}}
{"target": -141.464419104227, "params": {"gamma": 1.4758775514639575, "prior": 9.234123077417845, "rate": 0.4425038055225927}, "datetime": {"datetime": "2024-06-14 18:10:33", "elapsed": 5.470522, "delta": 0.008976}}
{"target": -178.75726676590833, "params": {"gamma": 3.7256151652871896, "prior": 6.228492383782162, "rate": 1.9702834411012529}, "datetime": {"datetime": "2024-06-14 18:10:33", "elapsed": 5.479498, "delta": 0.008976}}
{"target": -432.3373595159722, "params": {"gamma": 9.810816492645733, "prior": 1.6441548071298822, "rate": 5.3972522724175835}, "datetime": {"datetime": "2024-06-14 18:10:33", "elapsed": 5.488474, "delta": 0.008976}}
{"target": -279.1011446319596, "params": {"gamma": 6.180495232142101, "prior": 2.3868004918300687, "rate": 4.663623583104205}, "datetime": {"datetime": "2024-06-14 18:10:33", "elapsed": 5.49745, "delta": 0.008976}}
{"target": -222.20034129200306, "params": {"gamma": 4.91059428280016, "prior": 7.691937525632765, "rate": 6.343173246985961}, "datetime": {"datetime": "2024-06-14 18:10:33", "elapsed": 5.506426, "delta": 0.008976}}
{"target": -212.25742325713045, "params": {"gamma": 4.676032980600331, "prior": 6.702731177620354, "rate": 4.534320887795462}, "datetime": {"datetime": "2024-06-14 18:10:33", "elapsed": 5.515402, "delta": 0.008976}}
{"target": -224.24541785486412, "params": {"gamma": 5.257590201822755, "prior": 6.619823611427782, "rate": 1.8127726241566626}, "datetime": {"datetime": "2024-06-14 18:10:33", "elapsed": 5.525376, "delta": 0.009974}}
{"target": -343.0424580569942, "params": {"gamma": 7.8807074621719, "prior": 6.068366841630134, "rate": 9.80334851848814}, "datetime": {"datetime": "2024-06-14 18:10:33", "elapsed": 5.534351, "delta": 0.008975}}
{"target": -144.6437310907222, "params": {"gamma": 2.2246095521182263, "prior": 4.716038094249078, "rate": 8.956522384191866}, "datetime": {"datetime": "2024-06-14 18:10:33", "elapsed": 5.543328, "delta": 0.008977}}
{"target": -258.0538402686979, "params": {"gamma": 6.014732663578183, "prior": 7.286992573903269, "rate": 4.137287971849402}, "datetime": {"datetime": "2024-06-14 18:10:33", "elapsed": 5.552303, "delta": 0.008975}}
{"target": -272.7837846134913, "params": {"gamma": 6.843411908691368, "prior": 9.465944795490875, "rate": 2.0026604713274816}, "datetime": {"datetime": "2024-06-14 18:10:33", "elapsed": 5.560282, "delta": 0.007979}}
{"target": -311.85354388652104, "params": {"gamma": 8.073845273509328, "prior": 9.698426319788975, "rate": 0.146672748901554}, "datetime": {"datetime": "2024-06-14 18:10:33", "elapsed": 5.569258, "delta": 0.008976}}
{"target": -146.42999713237728, "params": {"gamma": 2.152880656357681, "prior": 1.2620315110999845, "rate": 7.674467753896792}, "datetime": {"datetime": "2024-06-14 18:10:33", "elapsed": 5.578234, "delta": 0.008976}}
{"target": -132.9342509240514, "params": {"gamma": 0.8130846428413901, "prior": 9.984294230049985, "rate": 3.8967305467771722}, "datetime": {"datetime": "2024-06-14 18:10:33", "elapsed": 5.58721, "delta": 0.008976}}
{"target": -394.77473572656237, "params": {"gamma": 9.05212245656447, "prior": 1.9669182746447318, "rate": 4.409281126023087}, "datetime": {"datetime": "2024-06-14 18:10:33", "elapsed": 5.597184, "delta": 0.009974}}
{"target": -355.7579490665168, "params": {"gamma": 8.448273378243028, "prior": 5.993170828665236, "rate": 4.6221188088168805}, "datetime": {"datetime": "2024-06-14 18:10:33", "elapsed": 5.60616, "delta": 0.008976}}
{"target": -229.19181973579038, "params": {"gamma": 5.12698481782442, "prior": 5.781466716234239, "rate": 4.403751756648346}, "datetime": {"datetime": "2024-06-14 18:10:33", "elapsed": 5.615135, "delta": 0.008975}}
{"target": -137.63556328512135, "params": {"gamma": 1.936396018280381, "prior": 1.2282610384459451, "rate": 1.5131280457741099}, "datetime": {"datetime": "2024-06-14 18:10:33", "elapsed": 5.624112, "delta": 0.008977}}
{"target": -132.50354141902318, "params": {"gamma": 0.5258571475674859, "prior": 5.630896469529952, "rate": 8.47736241934607}, "datetime": {"datetime": "2024-06-14 18:10:33", "elapsed": 5.633088, "delta": 0.008976}}
{"target": -190.09851974179654, "params": {"gamma": 3.5918342699021832, "prior": 0.8455776390945964, "rate": 4.257818395439178}, "datetime": {"datetime": "2024-06-14 18:10:33", "elapsed": 5.642064, "delta": 0.008976}}
{"target": -272.4161012846794, "params": {"gamma": 6.020476376881542, "prior": 4.311494309198812, "rate": 8.107401614840093}, "datetime": {"datetime": "2024-06-14 18:10:33", "elapsed": 5.651039, "delta": 0.008975}}
{"target": -394.9261002446851, "params": {"gamma": 9.418920575620866, "prior": 8.71211665535671, "rate": 7.040290983300606}, "datetime": {"datetime": "2024-06-14 18:10:33", "elapsed": 5.660053, "delta": 0.009014}}
{"target": -216.08169674086986, "params": {"gamma": 4.7035189488969715, "prior": 6.858710624742188, "rate": 0.13516968725473882}, "datetime": {"datetime": "2024-06-14 18:10:33", "elapsed": 5.668991, "delta": 0.008938}}
{"target": -438.0920556508169, "params": {"gamma": 9.824798706901937, "prior": 1.8035655851060701, "rate": 9.062697699220857}, "datetime": {"datetime": "2024-06-14 18:10:33", "elapsed": 5.677968, "delta": 0.008977}}
{"target": -323.1456449442329, "params": {"gamma": 8.071291906759395, "prior": 8.02138287543118, "rate": 2.690091641792864}, "datetime": {"datetime": "2024-06-14 18:10:33", "elapsed": 5.686944, "delta": 0.008976}}
{"target": -144.02833588698422, "params": {"gamma": 2.1923189037668234, "prior": 4.345126859849478, "rate": 8.493861636205818}, "datetime": {"datetime": "2024-06-14 18:10:33", "elapsed": 5.69592, "delta": 0.008976}}
{"target": -202.3862319124051, "params": {"gamma": 4.5043460450747315, "prior": 9.360659128669912, "rate": 3.5274405931901285}, "datetime": {"datetime": "2024-06-14 18:10:33", "elapsed": 5.704896, "delta": 0.008976}}
{"target": -266.60246391445094, "params": {"gamma": 6.194302264801901, "prior": 9.808920459922224, "rate": 6.434981759885809}, "datetime": {"datetime": "2024-06-14 18:10:33", "elapsed": 5.713872, "delta": 0.008976}}
{"target": -134.98181008183226, "params": {"gamma": 0.45593666218999723, "prior": 4.6892152004219465, "rate": 3.348178685792924}, "datetime": {"datetime": "2024-06-14 18:10:33", "elapsed": 5.722848, "delta": 0.008976}}
{"target": -229.99261065398136, "params": {"gamma": 5.322283303668225, "prior": 2.9189874652700007, "rate": 1.223490041069798}, "datetime": {"datetime": "2024-06-14 18:10:33", "elapsed": 5.732821, "delta": 0.009973}}
{"target": -293.08659807389347, "params": {"gamma": 6.683221598519268, "prior": 6.845461573423933, "rate": 8.671525860690885}, "datetime": {"datetime": "2024-06-14 18:10:33", "elapsed": 5.741797, "delta": 0.008976}}
{"target": -130.3330122427617, "params": {"gamma": 1.3246825541338114, "prior": 8.006341051952507, "rate": 8.267860615312884}, "datetime": {"datetime": "2024-06-14 18:10:33", "elapsed": 5.750773, "delta": 0.008976}}
{"target": -284.3254240116173, "params": {"gamma": 6.465852807575769, "prior": 2.128729243228275, "rate": 2.6149457233439732}, "datetime": {"datetime": "2024-06-14 18:10:33", "elapsed": 5.760746, "delta": 0.009973}}
{"target": -197.5474044680679, "params": {"gamma": 4.185549678574218, "prior": 5.46381082054904, "rate": 4.774902117966579}, "datetime": {"datetime": "2024-06-14 18:10:33", "elapsed": 5.769722, "delta": 0.008976}}
{"target": -215.8204685900989, "params": {"gamma": 4.67513146056165, "prior": 8.414423030956907, "rate": 8.70115355071037}, "datetime": {"datetime": "2024-06-14 18:10:33", "elapsed": 5.778698, "delta": 0.008976}}
{"target": -341.72237320252754, "params": {"gamma": 8.16772288980329, "prior": 8.790234044483526, "rate": 5.710516610608794}, "datetime": {"datetime": "2024-06-14 18:10:33", "elapsed": 5.788672, "delta": 0.009974}}
{"target": -406.80336508193454, "params": {"gamma": 9.64039729725748, "prior": 6.104789047679629, "rate": 6.039873463055735}, "datetime": {"datetime": "2024-06-14 18:10:34", "elapsed": 5.797647, "delta": 0.008975}}
{"target": -170.7891783855433, "params": {"gamma": 3.193658073009114, "prior": 6.843921422758488, "rate": 0.5206049193651046}, "datetime": {"datetime": "2024-06-14 18:10:34", "elapsed": 5.806624, "delta": 0.008977}}
{"target": -131.30275410129033, "params": {"gamma": 1.3463296636984106, "prior": 1.3893974589703744, "rate": 6.5523576709601326}, "datetime": {"datetime": "2024-06-14 18:10:34", "elapsed": 5.8156, "delta": 0.008976}}
{"target": -141.18997756572702, "params": {"gamma": 1.7541505851216117, "prior": 3.4773535501903177, "rate": 0.44407224667521283}, "datetime": {"datetime": "2024-06-14 18:10:34", "elapsed": 5.824576, "delta": 0.008976}}
{"target": -144.73079012936492, "params": {"gamma": 2.33810986680499, "prior": 9.645820816008012, "rate": 5.091884885761161}, "datetime": {"datetime": "2024-06-14 18:10:34", "elapsed": 5.833552, "delta": 0.008976}}
{"target": -131.9584567572323, "params": {"gamma": 1.5115941101958479, "prior": 5.277784464171196, "rate": 9.435150329726897}, "datetime": {"datetime": "2024-06-14 18:10:34", "elapsed": 5.842528, "delta": 0.008976}}
{"target": -362.5823973575969, "params": {"gamma": 8.656994454049334, "prior": 3.98145210241083, "rate": 2.8393912922180533}, "datetime": {"datetime": "2024-06-14 18:10:34", "elapsed": 5.851504, "delta": 0.008976}}
{"target": -327.01780924861765, "params": {"gamma": 7.617536897064726, "prior": 2.4807948155505692, "rate": 2.5430693142188665}, "datetime": {"datetime": "2024-06-14 18:10:34", "elapsed": 5.86048, "delta": 0.008976}}
{"target": -131.90827397365354, "params": {"gamma": 0.841779455445115, "prior": 8.655026538163867, "rate": 4.4795412572871784}, "datetime": {"datetime": "2024-06-14 18:10:34", "elapsed": 5.869456, "delta": 0.008976}}
{"target": -250.6475064896662, "params": {"gamma": 5.618300819839127, "prior": 7.393438481165847, "rate": 7.965092182444826}, "datetime": {"datetime": "2024-06-14 18:10:34", "elapsed": 5.878432, "delta": 0.008976}}
{"target": -221.72964642085304, "params": {"gamma": 4.475633881764149, "prior": 1.9228628061404038, "rate": 8.287499782431489}, "datetime": {"datetime": "2024-06-14 18:10:34", "elapsed": 5.887408, "delta": 0.008976}}
{"target": -137.75612675060142, "params": {"gamma": 0.3109486003227299, "prior": 9.47260986911873, "rate": 5.770201486928539}, "datetime": {"datetime": "2024-06-14 18:10:34", "elapsed": 5.896384, "delta": 0.008976}}
{"target": -353.40291904771533, "params": {"gamma": 8.754011995768419, "prior": 6.124797826038231, "rate": 2.5173441819390847}, "datetime": {"datetime": "2024-06-14 18:10:34", "elapsed": 5.90536, "delta": 0.008976}}
{"target": -163.73311841580227, "params": {"gamma": 2.962003105035548, "prior": 5.375933334413366, "rate": 9.620820050258088}, "datetime": {"datetime": "2024-06-14 18:10:34", "elapsed": 5.915333, "delta": 0.009973}}
{"target": -136.14817951569623, "params": {"gamma": 1.8457715492972864, "prior": 5.147993943616779, "rate": 3.4385372462650072}, "datetime": {"datetime": "2024-06-14 18:10:34", "elapsed": 5.924309, "delta": 0.008976}}
{"target": -319.5535913276338, "params": {"gamma": 7.697483724226901, "prior": 8.048378215680998, "rate": 4.246174543111865}, "datetime": {"datetime": "2024-06-14 18:10:34", "elapsed": 5.933285, "delta": 0.008976}}
{"target": -141.79462046832174, "params": {"gamma": 2.042020877443364, "prior": 0.7641856572556677, "rate": 1.9872839959411943}, "datetime": {"datetime": "2024-06-14 18:10:34", "elapsed": 5.942262, "delta": 0.008977}}
{"target": -155.87544197186054, "params": {"gamma": 2.7247361004436925, "prior": 6.028010287301183, "rate": 8.730961889247082}, "datetime": {"datetime": "2024-06-14 18:10:34", "elapsed": 5.951237, "delta": 0.008975}}
{"target": -130.7817418838126, "params": {"gamma": 1.2831811575160175, "prior": 9.58606854297747, "rate": 6.832025267697611}, "datetime": {"datetime": "2024-06-14 18:10:34", "elapsed": 5.960213, "delta": 0.008976}}
{"target": -304.6681270763236, "params": {"gamma": 7.419900392548125, "prior": 9.830519780617808, "rate": 4.161591625408803}, "datetime": {"datetime": "2024-06-14 18:10:34", "elapsed": 5.969219, "delta": 0.009006}}
{"target": -235.8863202896439, "params": {"gamma": 5.316303075493122, "prior": 6.824208206937614, "rate": 5.129238550757324}, "datetime": {"datetime": "2024-06-14 18:10:34", "elapsed": 5.978194, "delta": 0.008975}}
{"target": -166.8180914954589, "params": {"gamma": 2.991824334263695, "prior": 1.143308260027389, "rate": 2.8500365250757254}, "datetime": {"datetime": "2024-06-14 18:10:34", "elapsed": 5.987141, "delta": 0.008947}}
{"target": -332.12893299811867, "params": {"gamma": 7.688759630029292, "prior": 6.443748774073277, "rate": 8.013505701328722}, "datetime": {"datetime": "2024-06-14 18:10:34", "elapsed": 5.996117, "delta": 0.008976}}
{"target": -244.05911776024826, "params": {"gamma": 5.171688199172296, "prior": 2.3977902162787172, "rate": 6.279991307892046}, "datetime": {"datetime": "2024-06-14 18:10:34", "elapsed": 6.005122, "delta": 0.009005}}
{"target": -170.61788085642445, "params": {"gamma": 3.040750894733009, "prior": 0.39233457492600754, "rate": 9.03340843699194}, "datetime": {"datetime": "2024-06-14 18:10:34", "elapsed": 6.014069, "delta": 0.008947}}
{"target": -203.9535410631264, "params": {"gamma": 4.2042753184590484, "prior": 4.318694726204651, "rate": 7.412776101583259}, "datetime": {"datetime": "2024-06-14 18:10:34", "elapsed": 6.024042, "delta": 0.009973}}
{"target": -411.0590260119202, "params": {"gamma": 9.484635584653631, "prior": 0.8179037276500872, "rate": 1.7278381802346168}, "datetime": {"datetime": "2024-06-14 18:10:34", "elapsed": 6.033019, "delta": 0.008977}}
{"target": -172.24069005647286, "params": {"gamma": 3.224252533837974, "prior": 2.5594000386689704, "rate": 4.9554543186305695}, "datetime": {"datetime": "2024-06-14 18:10:34", "elapsed": 6.041995, "delta": 0.008976}}
{"target": -346.01637002603485, "params": {"gamma": 8.244771648366036, "prior": 8.55432690792754, "rate": 5.958703590644958}, "datetime": {"datetime": "2024-06-14 18:10:34", "elapsed": 6.051002, "delta": 0.009007}}
{"target": -151.92367973222937, "params": {"gamma": 2.4024971645768356, "prior": 1.9462776138995845, "rate": 7.434161733507989}, "datetime": {"datetime": "2024-06-14 18:10:34", "elapsed": 6.059947, "delta": 0.008945}}
{"target": -146.82813194188788, "params": {"gamma": 2.372903362377833, "prior": 5.440959820172842, "rate": 7.493058590484791}, "datetime": {"datetime": "2024-06-14 18:10:34", "elapsed": 6.068922, "delta": 0.008975}}
{"target": -146.44045325059056, "params": {"gamma": 2.283262797049244, "prior": 1.8275617569701659, "rate": 0.39831713007193664}, "datetime": {"datetime": "2024-06-14 18:10:34", "elapsed": 6.077898, "delta": 0.008976}}
{"target": -138.47745787114434, "params": {"gamma": 1.4765408081617755, "prior": 8.52924517877521, "rate": 1.0472544815378406}, "datetime": {"datetime": "2024-06-14 18:10:34", "elapsed": 6.086874, "delta": 0.008976}}
{"target": -148.71712429694725, "params": {"gamma": 2.2372268102276505, "prior": 0.4242962774851736, "rate": 6.763889997877335}, "datetime": {"datetime": "2024-06-14 18:10:34", "elapsed": 6.09585, "delta": 0.008976}}
{"target": -145.36332345399111, "params": {"gamma": 2.317799711505731, "prior": 4.194558006237466, "rate": 1.393872412065944}, "datetime": {"datetime": "2024-06-14 18:10:34", "elapsed": 6.104826, "delta": 0.008976}}
{"target": -185.51872440379233, "params": {"gamma": 3.772795658827454, "prior": 4.301930915772191, "rate": 4.730176553648271}, "datetime": {"datetime": "2024-06-14 18:10:34", "elapsed": 6.1148, "delta": 0.009974}}
{"target": -213.35138504927437, "params": {"gamma": 4.228995288573093, "prior": 1.1172899823542268, "rate": 7.72603008604881}, "datetime": {"datetime": "2024-06-14 18:10:34", "elapsed": 6.123776, "delta": 0.008976}}
{"target": -131.5280017267088, "params": {"gamma": 1.3729228288956241, "prior": 4.300494505825538, "rate": 2.7202891684153423}, "datetime": {"datetime": "2024-06-14 18:10:34", "elapsed": 6.132752, "delta": 0.008976}}
{"target": -160.8576154714004, "params": {"gamma": 3.0107784228559833, "prior": 6.756965648605682, "rate": 5.178349451410332}, "datetime": {"datetime": "2024-06-14 18:10:34", "elapsed": 6.141728, "delta": 0.008976}}
{"target": -136.87572918739576, "params": {"gamma": 1.9016804177489257, "prior": 4.744430954350433, "rate": 3.396069147094239}, "datetime": {"datetime": "2024-06-14 18:10:34", "elapsed": 6.150704, "delta": 0.008976}}
{"target": -321.32959591957746, "params": {"gamma": 7.045267485283013, "prior": 2.338342504082235, "rate": 8.450036385446094}, "datetime": {"datetime": "2024-06-14 18:10:34", "elapsed": 6.15968, "delta": 0.008976}}
{"target": -229.79130299907703, "params": {"gamma": 5.262770419251413, "prior": 5.056133771938582, "rate": 2.537604383069914}, "datetime": {"datetime": "2024-06-14 18:10:34", "elapsed": 6.168656, "delta": 0.008976}}
{"target": -137.47666665189504, "params": {"gamma": 1.8623705416969032, "prior": 4.771008721102208, "rate": 9.818262353834747}, "datetime": {"datetime": "2024-06-14 18:10:34", "elapsed": 6.177632, "delta": 0.008976}}
{"target": -130.5661671879157, "params": {"gamma": 1.3299294703806088, "prior": 2.9062780810377657, "rate": 8.006611101660276}, "datetime": {"datetime": "2024-06-14 18:10:34", "elapsed": 6.186608, "delta": 0.008976}}
{"target": -290.0525145666804, "params": {"gamma": 6.648104208209039, "prior": 2.859708246065027, "rate": 3.1471614201443434}, "datetime": {"datetime": "2024-06-14 18:10:34", "elapsed": 6.195584, "delta": 0.008976}}
{"target": -200.41363080222658, "params": {"gamma": 4.200062595764889, "prior": 6.067588946198732, "rate": 7.193668333443535}, "datetime": {"datetime": "2024-06-14 18:10:34", "elapsed": 6.205132, "delta": 0.009548}}
{"target": -342.1205657660584, "params": {"gamma": 8.573146034178855, "prior": 6.843003557538256, "rate": 2.370583662652512}, "datetime": {"datetime": "2024-06-14 18:10:34", "elapsed": 6.214108, "delta": 0.008976}}
{"target": -370.8932264142319, "params": {"gamma": 9.257279632827263, "prior": 7.833834466690084, "rate": 3.0745074227980154}, "datetime": {"datetime": "2024-06-14 18:10:34", "elapsed": 6.223084, "delta": 0.008976}}
{"target": -164.06595254368366, "params": {"gamma": 3.0503514507789897, "prior": 8.823566352446155, "rate": 1.2616587254915876}, "datetime": {"datetime": "2024-06-14 18:10:34", "elapsed": 6.23206, "delta": 0.008976}}
{"target": -290.42362171953533, "params": {"gamma": 6.334974881523022, "prior": 2.8493560514869, "rate": 8.272176051067923}, "datetime": {"datetime": "2024-06-14 18:10:34", "elapsed": 6.241036, "delta": 0.008976}}
{"target": -176.61753785577594, "params": {"gamma": 3.645869952111327, "prior": 7.360324335241457, "rate": 1.9249864862469743}, "datetime": {"datetime": "2024-06-14 18:10:34", "elapsed": 6.250562, "delta": 0.009526}}
{"target": -214.3397810631973, "params": {"gamma": 4.814977529509854, "prior": 8.05558680166717, "rate": 3.9704851285120673}, "datetime": {"datetime": "2024-06-14 18:10:34", "elapsed": 6.259538, "delta": 0.008976}}
