{"target": -769.911820036251, "params": {"gamma": 4.534320887795462, "lr": 0.5257115913414097}, "datetime": {"datetime": "2024-06-13 20:37:14", "elapsed": 3.557843, "delta": 0.00356}}
{"target": -1593.497452045039, "params": {"gamma": 6.586021847542061, "lr": 0.18119538195386165}, "datetime": {"datetime": "2024-06-13 20:37:14", "elapsed": 3.561833, "delta": 0.00399}}
{"target": -1380.6417222751404, "params": {"gamma": 7.8807074621719, "lr": 0.6028653375383973}, "datetime": {"datetime": "2024-06-13 20:37:14", "elapsed": 3.566819, "delta": 0.004986}}
{"target": -2310.0263335417494, "params": {"gamma": 9.80334851848814, "lr": 0.22238319353117575}, "datetime": {"datetime": "2024-06-13 20:37:14", "elapsed": 3.570809, "delta": 0.00399}}
{"target": -938.4202955101479, "params": {"gamma": 4.663198475191569, "lr": 0.8956418025994466}, "datetime": {"datetime": "2024-06-13 20:37:14", "elapsed": 3.575796, "delta": 0.004987}}
{"target": -1122.2436668880953, "params": {"gamma": 6.014732663578183, "lr": 0.725958845848815}, "datetime": {"datetime": "2024-06-13 20:37:14", "elapsed": 3.579785, "delta": 0.003989}}
{"target": -767.7489202909236, "params": {"gamma": 4.137287971849402, "lr": 0.6843096218313198}, "datetime": {"datetime": "2024-06-13 20:37:14", "elapsed": 3.583774, "delta": 0.003989}}
{"target": -2243.6727883331328, "params": {"gamma": 9.460604243445784, "lr": 0.20018606573932207}, "datetime": {"datetime": "2024-06-13 20:37:14", "elapsed": 3.587763, "delta": 0.003989}}
{"target": -1612.6695823128775, "params": {"gamma": 8.073845273509328, "lr": 0.9695380120998964}, "datetime": {"datetime": "2024-06-13 20:37:14", "elapsed": 3.59176, "delta": 0.003997}}
{"target": -141.06008305833163, "params": {"gamma": 0.146672748901554, "lr": 0.21520958659442757}, "datetime": {"datetime": "2024-06-13 20:37:14", "elapsed": 3.595744, "delta": 0.003984}}
{"target": -254.87877350861484, "params": {"gamma": 1.1746518262109842, "lr": 0.7674235177414532}, "datetime": {"datetime": "2024-06-13 20:37:14", "elapsed": 3.599734, "delta": 0.00399}}
{"target": -206.61962231334695, "params": {"gamma": 0.8130846428413901, "lr": 0.9984135585909075}, "datetime": {"datetime": "2024-06-13 20:37:14", "elapsed": 3.603723, "delta": 0.003989}}
{"target": -787.4413947990556, "params": {"gamma": 3.8967305467771722, "lr": 0.9052027659330404}, "datetime": {"datetime": "2024-06-13 20:37:14", "elapsed": 3.607712, "delta": 0.003989}}
{"target": -326.2046845205329, "params": {"gamma": 1.886587457391179, "lr": 0.44087219982229087}, "datetime": {"datetime": "2024-06-13 20:37:14", "elapsed": 3.611702, "delta": 0.00399}}
{"target": -1449.5008987804586, "params": {"gamma": 8.448273378243028, "lr": 0.5952697806732562}, "datetime": {"datetime": "2024-06-13 20:37:14", "elapsed": 3.615692, "delta": 0.00399}}
{"target": -784.4453308265433, "params": {"gamma": 4.6221188088168805, "lr": 0.5126497467571176}, "datetime": {"datetime": "2024-06-13 20:37:14", "elapsed": 3.619681, "delta": 0.003989}}
{"target": -948.2279998808457, "params": {"gamma": 5.739281383396582, "lr": 0.4403192075855932}, "datetime": {"datetime": "2024-06-13 20:37:14", "elapsed": 3.62367, "delta": 0.003989}}
{"target": -483.8422525050593, "params": {"gamma": 1.936396018280381, "lr": 0.11396576145918635}, "datetime": {"datetime": "2024-06-13 20:37:14", "elapsed": 3.627659, "delta": 0.003989}}
{"target": -393.9259539588349, "params": {"gamma": 1.5131280457741099, "lr": 0.0524909638531339}, "datetime": {"datetime": "2024-06-13 20:37:14", "elapsed": 3.631649, "delta": 0.00399}}
{"target": -1081.7974396775985, "params": {"gamma": 5.587205434225252, "lr": 0.8477210140360106}, "datetime": {"datetime": "2024-06-13 20:37:14", "elapsed": 3.636635, "delta": 0.004986}}
{"target": -900.4734362610263, "params": {"gamma": 3.5918342699021832, "lr": 0.07531087263581782}, "datetime": {"datetime": "2024-06-13 20:37:14", "elapsed": 3.640624, "delta": 0.003989}}
{"target": -753.3755693523533, "params": {"gamma": 4.257818395439178, "lr": 0.6020078384720013}, "datetime": {"datetime": "2024-06-13 20:37:14", "elapsed": 3.644614, "delta": 0.00399}}
{"target": -817.2983917968506, "params": {"gamma": 4.254609252290801, "lr": 0.81072123360737}, "datetime": {"datetime": "2024-06-13 20:37:14", "elapsed": 3.648603, "delta": 0.003989}}
{"target": -1827.1598265618388, "params": {"gamma": 9.418920575620866, "lr": 0.8699107732683544}, "datetime": {"datetime": "2024-06-13 20:37:14", "elapsed": 3.652593, "delta": 0.00399}}
{"target": -1153.8218686390119, "params": {"gamma": 7.040290983300606, "lr": 0.4702989247821753}, "datetime": {"datetime": "2024-06-13 20:37:14", "elapsed": 3.656582, "delta": 0.003989}}
{"target": -1698.850640314657, "params": {"gamma": 6.827297730989611, "lr": 0.013418310556529534}, "datetime": {"datetime": "2024-06-13 20:37:14", "elapsed": 3.660571, "delta": 0.003989}}
{"target": -2374.0158965498995, "params": {"gamma": 9.824798706901937, "lr": 0.17207733182889595}, "datetime": {"datetime": "2024-06-13 20:37:14", "elapsed": 3.664561, "delta": 0.00399}}
{"target": -1724.0942016315387, "params": {"gamma": 9.062697699220857, "lr": 0.8071099016661061}, "datetime": {"datetime": "2024-06-13 20:37:14", "elapsed": 3.66855, "delta": 0.003989}}
{"target": -1594.8798343165113, "params": {"gamma": 8.00159670418549, "lr": 0.2689360577850649}, "datetime": {"datetime": "2024-06-13 20:37:14", "elapsed": 3.673537, "delta": 0.004987}}
{"target": -373.84709259628977, "params": {"gamma": 2.1923189037668234, "lr": 0.42880069291408873}, "datetime": {"datetime": "2024-06-13 20:37:14", "elapsed": 3.677526, "delta": 0.003989}}
{"target": -1389.980426037835, "params": {"gamma": 8.493861636205818, "lr": 0.45037964247172024}, "datetime": {"datetime": "2024-06-13 20:37:14", "elapsed": 3.681515, "delta": 0.003989}}
{"target": -1614.13873470256, "params": {"gamma": 9.354265719956611, "lr": 0.352679327251738}, "datetime": {"datetime": "2024-06-13 20:37:14", "elapsed": 3.686502, "delta": 0.004987}}
{"target": -1240.8443736400482, "params": {"gamma": 6.194302264801901, "lr": 0.9806990363557802}, "datetime": {"datetime": "2024-06-13 20:37:14", "elapsed": 3.690491, "delta": 0.003989}}
{"target": -1601.963720497146, "params": {"gamma": 6.434981759885809, "lr": 0.04549821604060378}, "datetime": {"datetime": "2024-06-13 20:37:14", "elapsed": 3.694481, "delta": 0.00399}}
{"target": -807.6933509479597, "params": {"gamma": 4.636107352426167, "lr": 0.3347513437136638}, "datetime": {"datetime": "2024-06-13 20:37:14", "elapsed": 3.69847, "delta": 0.003989}}
{"target": -1065.8307279503092, "params": {"gamma": 5.322283303668225, "lr": 0.2847462086131314}, "datetime": {"datetime": "2024-06-13 20:37:14", "elapsed": 3.702459, "delta": 0.003989}}
{"target": -254.30862622897587, "params": {"gamma": 1.223490041069798, "lr": 0.6682889887508018}, "datetime": {"datetime": "2024-06-13 20:37:14", "elapsed": 3.706449, "delta": 0.00399}}
{"target": -1326.125900183379, "params": {"gamma": 6.8139161891581725, "lr": 0.8671392999990885}, "datetime": {"datetime": "2024-06-13 20:37:14", "elapsed": 3.710438, "delta": 0.003989}}
{"target": -280.00779100975853, "params": {"gamma": 1.3246825541338114, "lr": 0.798620308278031}, "datetime": {"datetime": "2024-06-13 20:37:14", "elapsed": 3.715425, "delta": 0.004987}}
{"target": -1447.0881440038308, "params": {"gamma": 8.267860615312884, "lr": 0.6465499357511519}, "datetime": {"datetime": "2024-06-13 20:37:14", "elapsed": 3.719414, "delta": 0.003989}}
{"target": -423.3411772681616, "params": {"gamma": 2.0500165356605575, "lr": 0.2614207144058379}, "datetime": {"datetime": "2024-06-13 20:37:14", "elapsed": 3.723403, "delta": 0.003989}}
{"target": -712.2160788940962, "params": {"gamma": 4.185549678574218, "lr": 0.5417990727827313}, "datetime": {"datetime": "2024-06-13 20:37:14", "elapsed": 3.727392, "delta": 0.003989}}
{"target": -786.1167005965923, "params": {"gamma": 4.774902117966579, "lr": 0.4674598920453694}, "datetime": {"datetime": "2024-06-13 20:37:14", "elapsed": 3.731382, "delta": 0.00399}}
{"target": -1630.8464459887268, "params": {"gamma": 8.398567261266477, "lr": 0.8701023653075677}, "datetime": {"datetime": "2024-06-13 20:37:14", "elapsed": 3.735371, "delta": 0.003989}}
{"target": -1610.9695703976672, "params": {"gamma": 8.16772288980329, "lr": 0.8778014186346996}, "datetime": {"datetime": "2024-06-13 20:37:14", "elapsed": 3.73936, "delta": 0.003989}}
{"target": -1145.2147973688586, "params": {"gamma": 5.710516610608794, "lr": 0.9640361333390818}, "datetime": {"datetime": "2024-06-13 20:37:14", "elapsed": 3.74335, "delta": 0.00399}}
{"target": -1066.0621687017556, "params": {"gamma": 6.065836938156427, "lr": 0.6039477410796814}, "datetime": {"datetime": "2024-06-13 20:37:14", "elapsed": 3.748336, "delta": 0.004986}}
{"target": -597.5689480836149, "params": {"gamma": 3.193658073009114, "lr": 0.681204184117019}, "datetime": {"datetime": "2024-06-13 20:37:14", "elapsed": 3.752356, "delta": 0.00402}}
{"target": -171.7171864121556, "params": {"gamma": 0.5206049193651046, "lr": 0.13454642101194225}, "datetime": {"datetime": "2024-06-13 20:37:14", "elapsed": 3.756316, "delta": 0.00396}}
{"target": -256.55232025214616, "params": {"gamma": 1.303291433560078, "lr": 0.6552012872247357}, "datetime": {"datetime": "2024-06-13 20:37:14", "elapsed": 3.760304, "delta": 0.003988}}
{"target": -322.27388838244826, "params": {"gamma": 1.7541505851216117, "lr": 0.3411468232515472}, "datetime": {"datetime": "2024-06-13 20:37:14", "elapsed": 3.764297, "delta": 0.003993}}
{"target": -158.4101749554196, "params": {"gamma": 0.44407224667521283, "lr": 0.2337343601165106}, "datetime": {"datetime": "2024-06-13 20:37:14", "elapsed": 3.769281, "delta": 0.004984}}
{"target": -1617.2721152961492, "params": {"gamma": 9.642279024168092, "lr": 0.5091394025163677}, "datetime": {"datetime": "2024-06-13 20:37:14", "elapsed": 3.77327, "delta": 0.003989}}
{"target": -279.0228377049157, "params": {"gamma": 1.5115941101958479, "lr": 0.5230085317344643}, "datetime": {"datetime": "2024-06-13 20:37:14", "elapsed": 3.777259, "delta": 0.003989}}
{"target": -1830.2827920151788, "params": {"gamma": 9.435150329726897, "lr": 0.865686014006334}, "datetime": {"datetime": "2024-06-13 20:37:14", "elapsed": 3.78125, "delta": 0.003991}}
{"target": -789.5206377446527, "params": {"gamma": 3.9212666234349385, "lr": 0.28386751597340265}, "datetime": {"datetime": "2024-06-13 20:37:14", "elapsed": 3.785238, "delta": 0.003988}}
{"target": -1796.3693823433935, "params": {"gamma": 7.617536897064726, "lr": 0.2404843248030878}, "datetime": {"datetime": "2024-06-13 20:37:14", "elapsed": 3.789227, "delta": 0.003989}}
{"target": -642.4098080998433, "params": {"gamma": 2.5430693142188665, "lr": 0.08408635417992949}, "datetime": {"datetime": "2024-06-13 20:37:14", "elapsed": 3.794214, "delta": 0.004987}}
{"target": -1413.9818103931048, "params": {"gamma": 8.641576803545505, "lr": 0.44789891562027984}, "datetime": {"datetime": "2024-06-13 20:37:14", "elapsed": 3.798204, "delta": 0.00399}}
{"target": -1046.7889433234325, "params": {"gamma": 5.618300819839127, "lr": 0.7367109576935199}, "datetime": {"datetime": "2024-06-13 20:37:14", "elapsed": 3.802193, "delta": 0.003989}}
{"target": -1304.0663804785136, "params": {"gamma": 7.965092182444826, "lr": 0.44750813899031383}, "datetime": {"datetime": "2024-06-13 20:37:14", "elapsed": 3.806182, "delta": 0.003989}}
{"target": -370.8879546527038, "params": {"gamma": 1.8420914342018075, "lr": 0.8287328515283018}, "datetime": {"datetime": "2024-06-13 20:37:14", "elapsed": 3.810171, "delta": 0.003989}}
{"target": -147.41343408312582, "params": {"gamma": 0.3109486003227299, "lr": 0.9467282696079524}, "datetime": {"datetime": "2024-06-13 20:37:14", "elapsed": 3.814162, "delta": 0.003991}}
{"target": -1141.9986217669718, "params": {"gamma": 5.770201486928539, "lr": 0.875388738450687}, "datetime": {"datetime": "2024-06-13 20:37:14", "elapsed": 3.81815, "delta": 0.003988}}
{"target": -1216.6074559355602, "params": {"gamma": 6.086045804298614, "lr": 0.2516595841523237}, "datetime": {"datetime": "2024-06-13 20:37:14", "elapsed": 3.822139, "delta": 0.003989}}
{"target": -510.7164029081539, "params": {"gamma": 2.962003105035548, "lr": 0.5329225590316532}, "datetime": {"datetime": "2024-06-13 20:37:14", "elapsed": 3.827126, "delta": 0.004987}}
{"target": -2276.7531854650206, "params": {"gamma": 9.620820050258088, "lr": 0.18449560449017766}, "datetime": {"datetime": "2024-06-13 20:37:14", "elapsed": 3.831116, "delta": 0.00399}}
{"target": -886.7936493233325, "params": {"gamma": 5.099473883052948, "lr": 0.3437881034368444}, "datetime": {"datetime": "2024-06-13 20:37:14", "elapsed": 3.835105, "delta": 0.003989}}
{"target": -1466.2258634731163, "params": {"gamma": 7.697483724226901, "lr": 0.802866486432424}, "datetime": {"datetime": "2024-06-13 20:37:14", "elapsed": 3.839094, "delta": 0.003989}}
{"target": -1010.7587175893941, "params": {"gamma": 4.246174543111865, "lr": 0.20412249999433585}, "datetime": {"datetime": "2024-06-13 20:37:14", "elapsed": 3.843112, "delta": 0.004018}}
{"target": -194.1966683810693, "params": {"gamma": 0.6718275138282244, "lr": 0.1986482644205615}, "datetime": {"datetime": "2024-06-13 20:37:14", "elapsed": 3.847073, "delta": 0.003961}}
{"target": -480.96073939463116, "params": {"gamma": 2.7247361004436925, "lr": 0.5987889179092104}, "datetime": {"datetime": "2024-06-13 20:37:14", "elapsed": 3.851092, "delta": 0.004019}}
{"target": -2036.678520395661, "params": {"gamma": 8.730961889247082, "lr": 0.1282309388454863}, "datetime": {"datetime": "2024-06-13 20:37:14", "elapsed": 3.855081, "delta": 0.003989}}
{"target": -1755.089560990771, "params": {"gamma": 9.581929228407246, "lr": 0.6831708438541465}, "datetime": {"datetime": "2024-06-13 20:37:14", "elapsed": 3.860038, "delta": 0.004957}}
{"target": -1483.264878896765, "params": {"gamma": 7.419900392548125, "lr": 0.9828807859209906}, "datetime": {"datetime": "2024-06-13 20:37:14", "elapsed": 3.86303, "delta": 0.002992}}
{"target": -708.2553781170326, "params": {"gamma": 4.161591625408803, "lr": 0.5315834658959018}, "datetime": {"datetime": "2024-06-13 20:37:14", "elapsed": 3.868016, "delta": 0.004986}}
{"target": -1144.2868502019637, "params": {"gamma": 6.792450289006991, "lr": 0.5128751425899913}, "datetime": {"datetime": "2024-06-13 20:37:14", "elapsed": 3.872006, "delta": 0.00399}}
{"target": -746.8412777565793, "params": {"gamma": 2.991824334263695, "lr": 0.10538467273003926}, "datetime": {"datetime": "2024-06-13 20:37:14", "elapsed": 3.875995, "delta": 0.003989}}
{"target": -556.4698766542904, "params": {"gamma": 2.8500365250757254, "lr": 0.7688528482877579}, "datetime": {"datetime": "2024-06-13 20:37:14", "elapsed": 3.879984, "delta": 0.003989}}
{"target": -1222.8526623876005, "params": {"gamma": 6.40818626181401, "lr": 0.8013307032031926}, "datetime": {"datetime": "2024-06-13 20:37:14", "elapsed": 3.883974, "delta": 0.00399}}
{"target": -1221.7013757301318, "params": {"gamma": 5.171688199172296, "lr": 0.23210002184633505}, "datetime": {"datetime": "2024-06-13 20:37:14", "elapsed": 3.887964, "delta": 0.00399}}
{"target": -1138.8123886926164, "params": {"gamma": 6.279991307892046, "lr": 0.30400549002230315}, "datetime": {"datetime": "2024-06-13 20:37:14", "elapsed": 3.891953, "delta": 0.003989}}
{"target": -146.70681264145836, "params": {"gamma": 0.29625792067526757, "lr": 0.9033311768168756}, "datetime": {"datetime": "2024-06-13 20:37:14", "elapsed": 3.895942, "delta": 0.003989}}
{"target": -698.0021362937753, "params": {"gamma": 4.2042753184590484, "lr": 0.4261307804247122}, "datetime": {"datetime": "2024-06-13 20:37:14", "elapsed": 3.899931, "delta": 0.003989}}
{"target": -1481.8552638085757, "params": {"gamma": 7.412776101583259, "lr": 0.9484584043057936}, "datetime": {"datetime": "2024-06-13 20:37:14", "elapsed": 3.904918, "delta": 0.004987}}
{"target": -207.1488691493106, "params": {"gamma": 0.7260827649265881, "lr": 0.17270108813227492}, "datetime": {"datetime": "2024-06-13 20:37:14", "elapsed": 3.908907, "delta": 0.003989}}
{"target": -764.8226624573571, "params": {"gamma": 3.224252533837974, "lr": 0.248424246330199}, "datetime": {"datetime": "2024-06-13 20:37:14", "elapsed": 3.912899, "delta": 0.003992}}
{"target": -949.0500151959332, "params": {"gamma": 4.9554543186305695, "lr": 0.8244596107976835}, "datetime": {"datetime": "2024-06-13 20:37:14", "elapsed": 3.916888, "delta": 0.003989}}
{"target": -1465.0664527361228, "params": {"gamma": 8.539870177006817, "lr": 0.5958299420587015}, "datetime": {"datetime": "2024-06-13 20:37:14", "elapsed": 3.920878, "delta": 0.00399}}
{"target": -575.472833991497, "params": {"gamma": 2.4024971645768356, "lr": 0.18649268827268528}, "datetime": {"datetime": "2024-06-13 20:37:14", "elapsed": 3.924872, "delta": 0.003994}}
{"target": -1753.2782158292994, "params": {"gamma": 7.434161733507989, "lr": 0.23721405764354764}, "datetime": {"datetime": "2024-06-13 20:37:14", "elapsed": 3.92889, "delta": 0.004018}}
{"target": -1005.9629889924843, "params": {"gamma": 5.395369418374571, "lr": 0.7492807871271918}, "datetime": {"datetime": "2024-06-13 20:37:14", "elapsed": 3.933879, "delta": 0.004989}}
{"target": -559.0935462781217, "params": {"gamma": 2.283262797049244, "lr": 0.17450118757274402}, "datetime": {"datetime": "2024-06-13 20:37:14", "elapsed": 3.937837, "delta": 0.003958}}
{"target": -156.1959039805117, "params": {"gamma": 0.39831713007193664, "lr": 0.14756883769994755}, "datetime": {"datetime": "2024-06-13 20:37:14", "elapsed": 3.941826, "delta": 0.003989}}
{"target": -2109.3353368064304, "params": {"gamma": 8.51453763056296, "lr": 0.10463591174495857}, "datetime": {"datetime": "2024-06-13 20:37:14", "elapsed": 3.945816, "delta": 0.00399}}
{"target": -568.4237101318972, "params": {"gamma": 2.2372268102276505, "lr": 0.03275719974597713}, "datetime": {"datetime": "2024-06-13 20:37:14", "elapsed": 3.949805, "delta": 0.003989}}
{"target": -1595.7757713037677, "params": {"gamma": 6.763889997877335, "lr": 0.2317031414647196}, "datetime": {"datetime": "2024-06-13 20:37:14", "elapsed": 3.953794, "delta": 0.003989}}
{"target": -971.2595375244613, "params": {"gamma": 4.136503586299842, "lr": 0.13930117132372677}, "datetime": {"datetime": "2024-06-13 20:37:14", "elapsed": 3.957784, "delta": 0.00399}}
{"target": -627.8745830256851, "params": {"gamma": 3.772795658827454, "lr": 0.4244374662396153}, "datetime": {"datetime": "2024-06-13 20:37:14", "elapsed": 3.961773, "delta": 0.003989}}
{"target": -783.6604813810495, "params": {"gamma": 4.730176553648271, "lr": 0.4228418130386131}, "datetime": {"datetime": "2024-06-13 20:37:14", "elapsed": 3.96676, "delta": 0.004987}}
{"target": -231.275341031393, "params": {"gamma": 1.028462882177769, "lr": 0.772580266631544}, "datetime": {"datetime": "2024-06-13 20:37:14", "elapsed": 3.970749, "delta": 0.003989}}
{"target": -249.5215869504679, "params": {"gamma": 1.3729228288956241, "lr": 0.424292374325812}, "datetime": {"datetime": "2024-06-13 20:37:14", "elapsed": 3.974738, "delta": 0.003989}}
{"target": -504.0330930280651, "params": {"gamma": 2.7202891684153423, "lr": 0.3010079430799063}, "datetime": {"datetime": "2024-06-13 20:37:14", "elapsed": 3.978728, "delta": 0.00399}}
{"target": -1133.0179381612259, "params": {"gamma": 6.72453530509174, "lr": 0.5177867238134145}, "datetime": {"datetime": "2024-06-13 20:37:14", "elapsed": 3.982717, "delta": 0.003989}}
{"target": -327.174933453757, "params": {"gamma": 1.9016804177489257, "lr": 0.4691344398333771}, "datetime": {"datetime": "2024-06-13 20:37:14", "elapsed": 3.986706, "delta": 0.003989}}
{"target": -633.9826557163902, "params": {"gamma": 3.396069147094239, "lr": 0.7044971982481261}, "datetime": {"datetime": "2024-06-13 20:37:14", "elapsed": 3.990696, "delta": 0.00399}}
{"target": -452.95681718856474, "params": {"gamma": 2.2617259291230574, "lr": 0.8449881373583452}, "datetime": {"datetime": "2024-06-13 20:37:14", "elapsed": 3.995682, "delta": 0.004986}}
{"target": -890.5759802477158, "params": {"gamma": 5.262770419251413, "lr": 0.5006195729230891}, "datetime": {"datetime": "2024-06-13 20:37:14", "elapsed": 3.999672, "delta": 0.00399}}
{"target": -607.0284743611254, "params": {"gamma": 2.537604383069914, "lr": 0.18615566973666398}, "datetime": {"datetime": "2024-06-13 20:37:14", "elapsed": 4.003661, "delta": 0.003989}}
{"target": -949.37168990618, "params": {"gamma": 4.7187188083132305, "lr": 0.9818244178252573}, "datetime": {"datetime": "2024-06-13 20:37:14", "elapsed": 4.007651, "delta": 0.00399}}
{"target": -287.19243930256, "params": {"gamma": 1.3299294703806088, "lr": 0.28346243242805713}, "datetime": {"datetime": "2024-06-13 20:37:14", "elapsed": 4.01164, "delta": 0.003989}}
{"target": -1401.7820833034418, "params": {"gamma": 8.006611101660276, "lr": 0.6647768985107549}, "datetime": {"datetime": "2024-06-13 20:37:14", "elapsed": 4.016626, "delta": 0.004986}}
{"target": -516.0444108009624, "params": {"gamma": 2.788305328525677, "lr": 0.31464760677511183}, "datetime": {"datetime": "2024-06-13 20:37:14", "elapsed": 4.020616, "delta": 0.00399}}
{"target": -743.4144352165065, "params": {"gamma": 4.200062595764889, "lr": 0.6027867622422961}, "datetime": {"datetime": "2024-06-13 20:37:14", "elapsed": 4.024605, "delta": 0.003989}}
{"target": -1399.124172055719, "params": {"gamma": 7.193668333443535, "lr": 0.8573003334512307}, "datetime": {"datetime": "2024-06-13 20:37:14", "elapsed": 4.028594, "delta": 0.003989}}
{"target": -1606.9474289260077, "params": {"gamma": 6.811433593113639, "lr": 0.23698206447169834}, "datetime": {"datetime": "2024-06-13 20:37:14", "elapsed": 4.032585, "delta": 0.003991}}
{"target": -1769.3906066739196, "params": {"gamma": 9.257279632827263, "lr": 0.7811954006757661}, "datetime": {"datetime": "2024-06-13 20:37:14", "elapsed": 4.03757, "delta": 0.004985}}
