{"target": -1313.479965104902, "params": {"gamma": 5.53478362877641, "lr": 0.08480182166035288}, "datetime": {"datetime": "2024-06-13 21:42:35", "elapsed": 3.018557, "delta": 0.004986}}
{"target": -365.3928066849083, "params": {"gamma": 2.0254278937096815, "lr": 0.8542379729163827}, "datetime": {"datetime": "2024-06-13 21:42:35", "elapsed": 3.022546, "delta": 0.003989}}
{"target": -1247.6448127270153, "params": {"gamma": 7.0595677402804276, "lr": 0.8949395201529242}, "datetime": {"datetime": "2024-06-13 21:42:35", "elapsed": 3.026536, "delta": 0.00399}}
{"target": -476.97218124665136, "params": {"gamma": 3.2921308719412035, "lr": 0.5280013966376261}, "datetime": {"datetime": "2024-06-13 21:42:35", "elapsed": 3.030525, "delta": 0.003989}}
{"target": -982.0786295502072, "params": {"gamma": 6.504330926708715, "lr": 0.5942908535866644}, "datetime": {"datetime": "2024-06-13 21:42:35", "elapsed": 3.034514, "delta": 0.003989}}
{"target": -321.6490641306948, "params": {"gamma": 2.315397892406944, "lr": 0.4268213494482356}, "datetime": {"datetime": "2024-06-13 21:42:35", "elapsed": 3.037506, "delta": 0.002992}}
{"target": -438.1448123591612, "params": {"gamma": 2.481866529137688, "lr": 0.8456149622311454}, "datetime": {"datetime": "2024-06-13 21:42:35", "elapsed": 3.041495, "delta": 0.003989}}
{"target": -2402.8654243303286, "params": {"gamma": 9.866787772235858, "lr": 0.06657080313237929}, "datetime": {"datetime": "2024-06-13 21:42:35", "elapsed": 3.045485, "delta": 0.00399}}
{"target": -1089.153755323092, "params": {"gamma": 7.139566394637347, "lr": 0.3301155521990743}, "datetime": {"datetime": "2024-06-13 21:42:35", "elapsed": 3.049474, "delta": 0.003989}}
{"target": -1023.8230433097538, "params": {"gamma": 6.254728347736019, "lr": 0.258129649281871}, "datetime": {"datetime": "2024-06-13 21:42:35", "elapsed": 3.053464, "delta": 0.00399}}
{"target": -901.1346430452231, "params": {"gamma": 6.510425085475643, "lr": 0.37114718446272954}, "datetime": {"datetime": "2024-06-13 21:42:35", "elapsed": 3.057453, "delta": 0.003989}}
{"target": -536.3198238931831, "params": {"gamma": 2.9489139744901, "lr": 0.9117631736977988}, "datetime": {"datetime": "2024-06-13 21:42:35", "elapsed": 3.061443, "delta": 0.00399}}
{"target": -1390.0404633195235, "params": {"gamma": 9.425046243387849, "lr": 0.6135500265601355}, "datetime": {"datetime": "2024-06-13 21:42:35", "elapsed": 3.065432, "delta": 0.003989}}
{"target": -400.9432922539547, "params": {"gamma": 2.1454633405260957, "lr": 0.9394188709061594}, "datetime": {"datetime": "2024-06-13 21:42:35", "elapsed": 3.069421, "delta": 0.003989}}
{"target": -1231.9776384692777, "params": {"gamma": 7.504785013686519, "lr": 0.7510898073228061}, "datetime": {"datetime": "2024-06-13 21:42:35", "elapsed": 3.072413, "delta": 0.002992}}
{"target": -369.47474837724934, "params": {"gamma": 2.1180016271500137, "lr": 0.8301565261622993}, "datetime": {"datetime": "2024-06-13 21:42:35", "elapsed": 3.076403, "delta": 0.00399}}
{"target": -384.6294353941711, "params": {"gamma": 2.4017114464579397, "lr": 0.6316207452501602}, "datetime": {"datetime": "2024-06-13 21:42:35", "elapsed": 3.081389, "delta": 0.004986}}
{"target": -1176.935116187792, "params": {"gamma": 7.107684959425964, "lr": 0.7423834297071017}, "datetime": {"datetime": "2024-06-13 21:42:35", "elapsed": 3.085379, "delta": 0.00399}}
{"target": -650.6500643077175, "params": {"gamma": 3.9032567812912102, "lr": 0.7598253967160974}, "datetime": {"datetime": "2024-06-13 21:42:35", "elapsed": 3.08837, "delta": 0.002991}}
{"target": -1357.9806040954927, "params": {"gamma": 9.029456085314978, "lr": 0.5874200192375769}, "datetime": {"datetime": "2024-06-13 21:42:35", "elapsed": 3.09236, "delta": 0.00399}}
{"target": -243.14478464837524, "params": {"gamma": 0.9050067472322914, "lr": 0.12897598414227607}, "datetime": {"datetime": "2024-06-13 21:42:35", "elapsed": 3.096349, "delta": 0.003989}}
{"target": -224.89396522109186, "params": {"gamma": 1.0535200041012063, "lr": 0.17272746332288003}, "datetime": {"datetime": "2024-06-13 21:42:35", "elapsed": 3.100338, "delta": 0.003989}}
{"target": -241.8206249940801, "params": {"gamma": 1.2651824720065605, "lr": 0.7783008900676276}, "datetime": {"datetime": "2024-06-13 21:42:35", "elapsed": 3.104328, "delta": 0.00399}}
{"target": -141.67668395790227, "params": {"gamma": 0.39507571033225836, "lr": 0.24155841734086403}, "datetime": {"datetime": "2024-06-13 21:42:35", "elapsed": 3.108318, "delta": 0.00399}}
{"target": -1547.1520078254468, "params": {"gamma": 8.790784947183296, "lr": 0.9735188608362936}, "datetime": {"datetime": "2024-06-13 21:42:35", "elapsed": 3.112307, "delta": 0.003989}}
{"target": -1071.7775659010124, "params": {"gamma": 6.054614655262755, "lr": 0.9762382645603884}, "datetime": {"datetime": "2024-06-13 21:42:35", "elapsed": 3.116296, "delta": 0.003989}}
{"target": -149.2115158945456, "params": {"gamma": 0.43547196560805285, "lr": 0.9485727683760076}, "datetime": {"datetime": "2024-06-13 21:42:35", "elapsed": 3.120285, "delta": 0.003989}}
{"target": -524.6103848151321, "params": {"gamma": 3.113649528479215, "lr": 0.798972840361593}, "datetime": {"datetime": "2024-06-13 21:42:35", "elapsed": 3.124274, "delta": 0.003989}}
{"target": -1391.631743124282, "params": {"gamma": 8.106480405365568, "lr": 0.8599985915803449}, "datetime": {"datetime": "2024-06-13 21:42:35", "elapsed": 3.128264, "delta": 0.00399}}
{"target": -817.4452262411094, "params": {"gamma": 4.586049558214109, "lr": 0.9306443921654484}, "datetime": {"datetime": "2024-06-13 21:42:35", "elapsed": 3.132253, "delta": 0.003989}}
{"target": -473.7448357107619, "params": {"gamma": 2.579671951285972, "lr": 0.9344454925295846}, "datetime": {"datetime": "2024-06-13 21:42:35", "elapsed": 3.136242, "delta": 0.003989}}
{"target": -1095.5418045543383, "params": {"gamma": 6.191577212883354, "lr": 0.9854449149448306}, "datetime": {"datetime": "2024-06-13 21:42:35", "elapsed": 3.140232, "delta": 0.00399}}
{"target": -139.50899143023602, "params": {"gamma": 0.3274060157599613, "lr": 0.7251666588327084}, "datetime": {"datetime": "2024-06-13 21:42:35", "elapsed": 3.144221, "delta": 0.003989}}
{"target": -746.8567881035154, "params": {"gamma": 5.655976799568431, "lr": 0.4924240473983196}, "datetime": {"datetime": "2024-06-13 21:42:35", "elapsed": 3.14821, "delta": 0.003989}}
{"target": -409.01201929177506, "params": {"gamma": 2.5929220383817193, "lr": 0.3268306848663751}, "datetime": {"datetime": "2024-06-13 21:42:35", "elapsed": 3.1522, "delta": 0.00399}}
{"target": -415.4213168887461, "params": {"gamma": 2.495372604807176, "lr": 0.21926791032506077}, "datetime": {"datetime": "2024-06-13 21:42:35", "elapsed": 3.155192, "delta": 0.002992}}
{"target": -1125.7219683215415, "params": {"gamma": 7.996808714410864, "lr": 0.5023950058982584}, "datetime": {"datetime": "2024-06-13 21:42:35", "elapsed": 3.159181, "delta": 0.003989}}
{"target": -184.54105938763104, "params": {"gamma": 0.8328156970812803, "lr": 0.7769841920273803}, "datetime": {"datetime": "2024-06-13 21:42:35", "elapsed": 3.16317, "delta": 0.003989}}
{"target": -887.9615077672521, "params": {"gamma": 5.336957111761226, "lr": 0.739387787346382}, "datetime": {"datetime": "2024-06-13 21:42:35", "elapsed": 3.16716, "delta": 0.00399}}
{"target": -741.459002772458, "params": {"gamma": 5.154421537738071, "lr": 0.39994592398513173}, "datetime": {"datetime": "2024-06-13 21:42:35", "elapsed": 3.171149, "delta": 0.003989}}
{"target": -2401.827670532443, "params": {"gamma": 9.862481577580514, "lr": 0.02824262016291268}, "datetime": {"datetime": "2024-06-13 21:42:35", "elapsed": 3.175139, "delta": 0.00399}}
{"target": -1640.5220845865601, "params": {"gamma": 9.327706315740619, "lr": 0.930854967759968}, "datetime": {"datetime": "2024-06-13 21:42:35", "elapsed": 3.179128, "delta": 0.003989}}
{"target": -633.8665373147558, "params": {"gamma": 3.909796196303079, "lr": 0.2144648711333198}, "datetime": {"datetime": "2024-06-13 21:42:35", "elapsed": 3.183117, "delta": 0.003989}}
{"target": -1086.113810042027, "params": {"gamma": 6.192513766034457, "lr": 0.17797233547016944}, "datetime": {"datetime": "2024-06-13 21:42:35", "elapsed": 3.187106, "delta": 0.003989}}
{"target": -1309.8834060027089, "params": {"gamma": 8.032278735085756, "lr": 0.2539338558777352}, "datetime": {"datetime": "2024-06-13 21:42:35", "elapsed": 3.191096, "delta": 0.00399}}
{"target": -529.4940285383525, "params": {"gamma": 2.9087707441717465, "lr": 0.915915790009957}, "datetime": {"datetime": "2024-06-13 21:42:35", "elapsed": 3.195085, "delta": 0.003989}}
{"target": -1268.656593496953, "params": {"gamma": 9.029265417910615, "lr": 0.5353808917305217}, "datetime": {"datetime": "2024-06-13 21:42:35", "elapsed": 3.199074, "delta": 0.003989}}
{"target": -1263.5194286304577, "params": {"gamma": 8.628526966805577, "lr": 0.3525325688050618}, "datetime": {"datetime": "2024-06-13 21:42:35", "elapsed": 3.203064, "delta": 0.00399}}
{"target": -1314.6621351486954, "params": {"gamma": 9.978844897970799, "lr": 0.433689739404977}, "datetime": {"datetime": "2024-06-13 21:42:35", "elapsed": 3.207053, "delta": 0.003989}}
{"target": -738.0415330631434, "params": {"gamma": 2.948825305973155, "lr": 0.04157423394916726}, "datetime": {"datetime": "2024-06-13 21:42:35", "elapsed": 3.211042, "delta": 0.003989}}
{"target": -1292.8091223213082, "params": {"gamma": 9.897079830913631, "lr": 0.4648876309118224}, "datetime": {"datetime": "2024-06-13 21:42:35", "elapsed": 3.215032, "delta": 0.00399}}
{"target": -1122.796173755646, "params": {"gamma": 7.346115555489657, "lr": 0.6408076240458747}, "datetime": {"datetime": "2024-06-13 21:42:35", "elapsed": 3.219021, "delta": 0.003989}}
{"target": -1767.7550553217322, "params": {"gamma": 7.231210903260432, "lr": 0.05111090382611627}, "datetime": {"datetime": "2024-06-13 21:42:35", "elapsed": 3.223011, "delta": 0.00399}}
{"target": -1618.4056224898636, "params": {"gamma": 9.200534008691728, "lr": 0.9268412179022415}, "datetime": {"datetime": "2024-06-13 21:42:35", "elapsed": 3.227, "delta": 0.003989}}
{"target": -979.1437184146407, "params": {"gamma": 5.520398276514817, "lr": 0.963915888684551}, "datetime": {"datetime": "2024-06-13 21:42:35", "elapsed": 3.230989, "delta": 0.003989}}
{"target": -430.50831926914367, "params": {"gamma": 2.8102744143666842, "lr": 0.6021466271365452}, "datetime": {"datetime": "2024-06-13 21:42:35", "elapsed": 3.234978, "delta": 0.003989}}
{"target": -614.69429432536, "params": {"gamma": 3.9652304378361865, "lr": 0.6280232317552282}, "datetime": {"datetime": "2024-06-13 21:42:35", "elapsed": 3.238968, "delta": 0.00399}}
{"target": -508.02615202689236, "params": {"gamma": 3.0070222529489574, "lr": 0.8193583846560202}, "datetime": {"datetime": "2024-06-13 21:42:35", "elapsed": 3.242957, "delta": 0.003989}}
{"target": -220.53774374824224, "params": {"gamma": 0.6987899990635812, "lr": 0.04187757029999628}, "datetime": {"datetime": "2024-06-13 21:42:35", "elapsed": 3.246946, "delta": 0.003989}}
{"target": -165.129279322026, "params": {"gamma": 0.49491444994850975, "lr": 0.15045502836766345}, "datetime": {"datetime": "2024-06-13 21:42:35", "elapsed": 3.250936, "delta": 0.00399}}
{"target": -708.4587533244994, "params": {"gamma": 3.954109387473109, "lr": 0.9553899892571747}, "datetime": {"datetime": "2024-06-13 21:42:35", "elapsed": 3.254925, "delta": 0.003989}}
{"target": -208.55663455124164, "params": {"gamma": 1.1088436015198657, "lr": 0.6475529858164272}, "datetime": {"datetime": "2024-06-13 21:42:35", "elapsed": 3.257917, "delta": 0.002992}}
{"target": -779.640234295935, "params": {"gamma": 5.276687463055037, "lr": 0.353242405983059}, "datetime": {"datetime": "2024-06-13 21:42:35", "elapsed": 3.261906, "delta": 0.003989}}
{"target": -338.2575755728225, "params": {"gamma": 1.9827940939725983, "lr": 0.22059408184733575}, "datetime": {"datetime": "2024-06-13 21:42:35", "elapsed": 3.265896, "delta": 0.00399}}
{"target": -144.04387306325214, "params": {"gamma": 0.4391712757617422, "lr": 0.7131639731598145}, "datetime": {"datetime": "2024-06-13 21:42:35", "elapsed": 3.269885, "delta": 0.003989}}
{"target": -867.882063343151, "params": {"gamma": 6.538748151763354, "lr": 0.4437697927247224}, "datetime": {"datetime": "2024-06-13 21:42:35", "elapsed": 3.273875, "delta": 0.00399}}
{"target": -1571.7731781888913, "params": {"gamma": 7.189675941410347, "lr": 0.10997597244532042}, "datetime": {"datetime": "2024-06-13 21:42:35", "elapsed": 3.277864, "delta": 0.003989}}
{"target": -1580.4377302604735, "params": {"gamma": 9.387253014515942, "lr": 0.8476267092393875}, "datetime": {"datetime": "2024-06-13 21:42:35", "elapsed": 3.281853, "delta": 0.003989}}
{"target": -942.8716671598312, "params": {"gamma": 6.590697560999168, "lr": 0.37883116866173183}, "datetime": {"datetime": "2024-06-13 21:42:35", "elapsed": 3.286386, "delta": 0.004533}}
{"target": -556.3845009309706, "params": {"gamma": 4.16625072341846, "lr": 0.48215392215746744}, "datetime": {"datetime": "2024-06-13 21:42:35", "elapsed": 3.290372, "delta": 0.003986}}
{"target": -1602.7793100216159, "params": {"gamma": 9.352902416297999, "lr": 0.8635929549181026}, "datetime": {"datetime": "2024-06-13 21:42:35", "elapsed": 3.294361, "delta": 0.003989}}
{"target": -677.9375198634349, "params": {"gamma": 4.779760568316378, "lr": 0.554518498278167}, "datetime": {"datetime": "2024-06-13 21:42:35", "elapsed": 3.29835, "delta": 0.003989}}
{"target": -1540.7841067740994, "params": {"gamma": 8.754163218930938, "lr": 0.9492644337722901}, "datetime": {"datetime": "2024-06-13 21:42:35", "elapsed": 3.30234, "delta": 0.00399}}
{"target": -1060.0989296644261, "params": {"gamma": 6.392208373926592, "lr": 0.7485203200897537}, "datetime": {"datetime": "2024-06-13 21:42:35", "elapsed": 3.306329, "delta": 0.003989}}
{"target": -633.3460543599921, "params": {"gamma": 3.516897438698066, "lr": 0.91802831908618}, "datetime": {"datetime": "2024-06-13 21:42:35", "elapsed": 3.31032, "delta": 0.003991}}
{"target": -1172.185402317486, "params": {"gamma": 8.367683746488458, "lr": 0.5520558812247628}, "datetime": {"datetime": "2024-06-13 21:42:35", "elapsed": 3.314308, "delta": 0.003988}}
{"target": -1462.139539080125, "params": {"gamma": 8.676404468942122, "lr": 0.8498718814403323}, "datetime": {"datetime": "2024-06-13 21:42:35", "elapsed": 3.317871, "delta": 0.003563}}
{"target": -1843.7344299178885, "params": {"gamma": 8.084305154704811, "lr": 0.13069282439738805}, "datetime": {"datetime": "2024-06-13 21:42:35", "elapsed": 3.321854, "delta": 0.003983}}
{"target": -951.9283177244748, "params": {"gamma": 5.3604897456433, "lr": 0.900783114706916}, "datetime": {"datetime": "2024-06-13 21:42:35", "elapsed": 3.325844, "delta": 0.00399}}
{"target": -1001.7855957532277, "params": {"gamma": 7.70854747370775, "lr": 0.4207131990251918}, "datetime": {"datetime": "2024-06-13 21:42:35", "elapsed": 3.330831, "delta": 0.004987}}
{"target": -1591.0441846952574, "params": {"gamma": 9.778826053206298, "lr": 0.25077315667300226}, "datetime": {"datetime": "2024-06-13 21:42:35", "elapsed": 3.334819, "delta": 0.003988}}
{"target": -602.4956235167932, "params": {"gamma": 3.336768678250129, "lr": 0.954200507429589}, "datetime": {"datetime": "2024-06-13 21:42:35", "elapsed": 3.338809, "delta": 0.00399}}
{"target": -1426.7828515302845, "params": {"gamma": 8.087344766504712, "lr": 0.9003400045106619}, "datetime": {"datetime": "2024-06-13 21:42:35", "elapsed": 3.342798, "delta": 0.003989}}
{"target": -138.05226573404786, "params": {"gamma": 0.11688430450954196, "lr": 0.37976443303399476}, "datetime": {"datetime": "2024-06-13 21:42:35", "elapsed": 3.346787, "delta": 0.003989}}
{"target": -378.50265352690144, "params": {"gamma": 2.355984044142083, "lr": 0.2959350518874113}, "datetime": {"datetime": "2024-06-13 21:42:35", "elapsed": 3.350777, "delta": 0.00399}}
{"target": -1225.8586770392394, "params": {"gamma": 7.380216968542006, "lr": 0.7240848448640741}, "datetime": {"datetime": "2024-06-13 21:42:35", "elapsed": 3.354766, "delta": 0.003989}}
{"target": -645.4593052942366, "params": {"gamma": 4.618532302580416, "lr": 0.3652744612070937}, "datetime": {"datetime": "2024-06-13 21:42:35", "elapsed": 3.358756, "delta": 0.00399}}
{"target": -828.372731210831, "params": {"gamma": 5.847331438432254, "lr": 0.5337077546342763}, "datetime": {"datetime": "2024-06-13 21:42:35", "elapsed": 3.362745, "delta": 0.003989}}
{"target": -818.8069399983805, "params": {"gamma": 5.5062450105196135, "lr": 0.6154770711146578}, "datetime": {"datetime": "2024-06-13 21:42:35", "elapsed": 3.366734, "delta": 0.003989}}
{"target": -659.2817616424425, "params": {"gamma": 3.957087074403221, "lr": 0.7717184824154584}, "datetime": {"datetime": "2024-06-13 21:42:35", "elapsed": 3.370723, "delta": 0.003989}}
{"target": -400.6551679988577, "params": {"gamma": 2.512780630310517, "lr": 0.655760767903366}, "datetime": {"datetime": "2024-06-13 21:42:35", "elapsed": 3.374714, "delta": 0.003991}}
{"target": -2339.53882706596, "params": {"gamma": 9.604011085051962, "lr": 0.0035547604644260433}, "datetime": {"datetime": "2024-06-13 21:42:35", "elapsed": 3.378702, "delta": 0.003988}}
{"target": -1581.320143155425, "params": {"gamma": 7.233887082898668, "lr": 0.10899503392964371}, "datetime": {"datetime": "2024-06-13 21:42:35", "elapsed": 3.382691, "delta": 0.003989}}
{"target": -835.4373204073989, "params": {"gamma": 5.438331129146589, "lr": 0.6269160166803346}, "datetime": {"datetime": "2024-06-13 21:42:35", "elapsed": 3.386681, "delta": 0.00399}}
{"target": -448.57532199046983, "params": {"gamma": 2.4302283105822404, "lr": 0.9138438752466082}, "datetime": {"datetime": "2024-06-13 21:42:35", "elapsed": 3.390699, "delta": 0.004018}}
{"target": -1001.5274997536187, "params": {"gamma": 6.223502974387487, "lr": 0.23169469139485988}, "datetime": {"datetime": "2024-06-13 21:42:35", "elapsed": 3.394659, "delta": 0.00396}}
{"target": -1682.3126072079417, "params": {"gamma": 7.701551743810476, "lr": 0.10550707999733477}, "datetime": {"datetime": "2024-06-13 21:42:35", "elapsed": 3.398649, "delta": 0.00399}}
{"target": -1251.694651096907, "params": {"gamma": 5.552697959994914, "lr": 0.0949560698024915}, "datetime": {"datetime": "2024-06-13 21:42:35", "elapsed": 3.402638, "delta": 0.003989}}
{"target": -952.3350972989053, "params": {"gamma": 5.810259742677521, "lr": 0.2529801127201884}, "datetime": {"datetime": "2024-06-13 21:42:35", "elapsed": 3.406627, "delta": 0.003989}}
{"target": -1080.85292429851, "params": {"gamma": 6.495018612739509, "lr": 0.71582695285818}, "datetime": {"datetime": "2024-06-13 21:42:35", "elapsed": 3.410617, "delta": 0.00399}}
{"target": -805.9782218654224, "params": {"gamma": 5.242331960072044, "lr": 0.6575214077031101}, "datetime": {"datetime": "2024-06-13 21:42:35", "elapsed": 3.414606, "delta": 0.003989}}
{"target": -1328.9907778686613, "params": {"gamma": 8.133125159405232, "lr": 0.8075122716430321}, "datetime": {"datetime": "2024-06-13 21:42:35", "elapsed": 3.418595, "delta": 0.003989}}
{"target": -823.5902790539926, "params": {"gamma": 6.197200238546574, "lr": 0.45110246212077487}, "datetime": {"datetime": "2024-06-13 21:42:35", "elapsed": 3.422585, "delta": 0.00399}}
{"target": -711.3888669913781, "params": {"gamma": 4.080091940484627, "lr": 0.8747476199043634}, "datetime": {"datetime": "2024-06-13 21:42:35", "elapsed": 3.426574, "delta": 0.003989}}
{"target": -1170.247234889414, "params": {"gamma": 7.029614389411599, "lr": 0.18493502237340165}, "datetime": {"datetime": "2024-06-13 21:42:35", "elapsed": 3.430564, "delta": 0.00399}}
{"target": -1003.6039580487796, "params": {"gamma": 5.657755734146004, "lr": 0.9088080323000569}, "datetime": {"datetime": "2024-06-13 21:42:35", "elapsed": 3.434553, "delta": 0.003989}}
{"target": -285.15316728759547, "params": {"gamma": 1.5077492324904636, "lr": 0.8455176755307064}, "datetime": {"datetime": "2024-06-13 21:42:35", "elapsed": 3.438542, "delta": 0.003989}}
{"target": -1074.3663938110224, "params": {"gamma": 8.202204460687183, "lr": 0.4993411012978345}, "datetime": {"datetime": "2024-06-13 21:42:35", "elapsed": 3.442532, "delta": 0.00399}}
{"target": -152.44502794590056, "params": {"gamma": 0.37680093100554635, "lr": 0.14750250539693543}, "datetime": {"datetime": "2024-06-13 21:42:35", "elapsed": 3.44713, "delta": 0.004598}}
{"target": -2248.5545822788918, "params": {"gamma": 9.226464308192023, "lr": 0.04415479603186245}, "datetime": {"datetime": "2024-06-13 21:42:35", "elapsed": 3.451119, "delta": 0.003989}}
{"target": -561.0548849708947, "params": {"gamma": 3.7256151652871896, "lr": 0.6190396347254709}, "datetime": {"datetime": "2024-06-13 21:42:35", "elapsed": 3.455108, "delta": 0.003989}}
{"target": -371.90990813859787, "params": {"gamma": 1.9702834411012529, "lr": 0.9810797572402973}, "datetime": {"datetime": "2024-06-13 21:42:35", "elapsed": 3.459098, "delta": 0.00399}}
{"target": -248.63001131351, "params": {"gamma": 1.5605963552011808, "lr": 0.5396791951612744}, "datetime": {"datetime": "2024-06-13 21:42:35", "elapsed": 3.463087, "delta": 0.003989}}
{"target": -994.7387477145579, "params": {"gamma": 6.180495232142101, "lr": 0.2309899486697039}, "datetime": {"datetime": "2024-06-13 21:42:35", "elapsed": 3.467076, "delta": 0.003989}}
{"target": -619.7956450297627, "params": {"gamma": 4.663623583104205, "lr": 0.49100852913292925}, "datetime": {"datetime": "2024-06-13 21:42:35", "elapsed": 3.471066, "delta": 0.00399}}
{"target": -1171.4718613562916, "params": {"gamma": 7.668856900889094, "lr": 0.6342807527738734}, "datetime": {"datetime": "2024-06-13 21:42:35", "elapsed": 3.475055, "delta": 0.003989}}
{"target": -751.380782194161, "params": {"gamma": 4.676032980600331, "lr": 0.6669425431939752}, "datetime": {"datetime": "2024-06-13 21:42:35", "elapsed": 3.479045, "delta": 0.00399}}
{"target": -647.2036808168122, "params": {"gamma": 4.534320887795462, "lr": 0.5257115913414097}, "datetime": {"datetime": "2024-06-13 21:42:35", "elapsed": 3.483034, "delta": 0.003989}}
