{"target": -1462.032537266183, "params": {"gamma": 4.623891705947023, "lr": 0.9606566952869964}, "datetime": {"datetime": "2024-06-13 18:39:28", "elapsed": 6.686589, "delta": 0.004987}}
{"target": -483.58921176420716, "params": {"gamma": 0.9370488703914385, "lr": 0.0655985161350432}, "datetime": {"datetime": "2024-06-13 18:39:28", "elapsed": 6.691575, "delta": 0.004986}}
{"target": -2423.337689637509, "params": {"gamma": 8.799475826643015, "lr": 0.8213720415432885}, "datetime": {"datetime": "2024-06-13 18:39:28", "elapsed": 6.695565, "delta": 0.00399}}
{"target": -1267.4148574696321, "params": {"gamma": 8.199874253028593, "lr": 0.46781804781537173}, "datetime": {"datetime": "2024-06-13 18:39:28", "elapsed": 6.700551, "delta": 0.004986}}
{"target": -710.8256550517242, "params": {"gamma": 4.275493453510745, "lr": 0.4010683054344961}, "datetime": {"datetime": "2024-06-13 18:39:28", "elapsed": 6.705538, "delta": 0.004987}}
{"target": -1373.8580899075137, "params": {"gamma": 5.822568206350932, "lr": 0.7289706693761112}, "datetime": {"datetime": "2024-06-13 18:39:28", "elapsed": 6.709527, "delta": 0.003989}}
{"target": -1535.6435214449002, "params": {"gamma": 7.843135731493912, "lr": 0.6547991875604179}, "datetime": {"datetime": "2024-06-13 18:39:28", "elapsed": 6.714514, "delta": 0.004987}}
{"target": -926.3860022382534, "params": {"gamma": 5.625099180595456, "lr": 0.412392608220297}, "datetime": {"datetime": "2024-06-13 18:39:28", "elapsed": 6.718503, "delta": 0.003989}}
{"target": -545.0337583601355, "params": {"gamma": 3.1998307053765016, "lr": 0.2862477928261852}, "datetime": {"datetime": "2024-06-13 18:39:28", "elapsed": 6.72349, "delta": 0.004987}}
{"target": -700.8324096381729, "params": {"gamma": 2.9624710073123492, "lr": 0.6827528661644432}, "datetime": {"datetime": "2024-06-13 18:39:28", "elapsed": 6.727479, "delta": 0.003989}}
{"target": -1342.8282275158792, "params": {"gamma": 7.624649380413635, "lr": 0.5976197869899762}, "datetime": {"datetime": "2024-06-13 18:39:28", "elapsed": 6.732465, "delta": 0.004986}}
{"target": -464.84562585833237, "params": {"gamma": 2.229416058643355, "lr": 0.1943950205047229}, "datetime": {"datetime": "2024-06-13 18:39:28", "elapsed": 6.737452, "delta": 0.004987}}
{"target": -2410.644487233108, "params": {"gamma": 7.657095501588769, "lr": 0.9786938189750454}, "datetime": {"datetime": "2024-06-13 18:39:28", "elapsed": 6.741442, "delta": 0.00399}}
{"target": -147.1847204592619, "params": {"gamma": 0.1600837059640327, "lr": 0.24889814198257976}, "datetime": {"datetime": "2024-06-13 18:39:28", "elapsed": 6.746428, "delta": 0.004986}}
{"target": -1830.3730431175338, "params": {"gamma": 7.923336404835708, "lr": 0.7191652977533548}, "datetime": {"datetime": "2024-06-13 18:39:28", "elapsed": 6.750418, "delta": 0.00399}}
{"target": -467.3750145108629, "params": {"gamma": 2.4605535974366086, "lr": 0.5548923810758453}, "datetime": {"datetime": "2024-06-13 18:39:28", "elapsed": 6.755404, "delta": 0.004986}}
{"target": -1360.3374026373335, "params": {"gamma": 5.856272355196109, "lr": 0.7213842766472296}, "datetime": {"datetime": "2024-06-13 18:39:28", "elapsed": 6.759394, "delta": 0.00399}}
{"target": -768.4928548520172, "params": {"gamma": 4.637273438415798, "lr": 0.40484847152272274}, "datetime": {"datetime": "2024-06-13 18:39:28", "elapsed": 6.76438, "delta": 0.004986}}
{"target": -431.70837891362663, "params": {"gamma": 3.080786698738075, "lr": 0.23830890840682273}, "datetime": {"datetime": "2024-06-13 18:39:28", "elapsed": 6.76837, "delta": 0.00399}}
{"target": -231.9415908581901, "params": {"gamma": 0.925941078147889, "lr": 0.6458833874176423}, "datetime": {"datetime": "2024-06-13 18:39:28", "elapsed": 6.773356, "delta": 0.004986}}
{"target": -1543.8675846019805, "params": {"gamma": 6.696034914953822, "lr": 0.6873434739168471}, "datetime": {"datetime": "2024-06-13 18:39:28", "elapsed": 6.778343, "delta": 0.004987}}
{"target": -147.90534786809255, "params": {"gamma": 0.03245405892326011, "lr": 0.43825303252098613}, "datetime": {"datetime": "2024-06-13 18:39:28", "elapsed": 6.782333, "delta": 0.00399}}
{"target": -260.16564298425425, "params": {"gamma": 1.22641109574872, "lr": 0.5266093357063074}, "datetime": {"datetime": "2024-06-13 18:39:28", "elapsed": 6.787319, "delta": 0.004986}}
{"target": -1509.3394613417915, "params": {"gamma": 9.797416469397842, "lr": 0.4992770109633381}, "datetime": {"datetime": "2024-06-13 18:39:28", "elapsed": 6.792306, "delta": 0.004987}}
{"target": -1037.7675583395928, "params": {"gamma": 3.747125142755934, "lr": 0.8138399923945955}, "datetime": {"datetime": "2024-06-13 18:39:28", "elapsed": 6.797292, "delta": 0.004986}}
{"target": -1585.1770661877913, "params": {"gamma": 9.68204618100875, "lr": 0.28712337752879535}, "datetime": {"datetime": "2024-06-13 18:39:28", "elapsed": 6.801282, "delta": 0.00399}}
{"target": -2527.4031983773216, "params": {"gamma": 8.030197397425262, "lr": 0.9961414373632698}, "datetime": {"datetime": "2024-06-13 18:39:28", "elapsed": 6.806268, "delta": 0.004986}}
{"target": -244.3315309485562, "params": {"gamma": 1.1191305732763266, "lr": 0.5310473545872221}, "datetime": {"datetime": "2024-06-13 18:39:28", "elapsed": 6.810258, "delta": 0.00399}}
{"target": -1278.6925258090462, "params": {"gamma": 8.135452268270518, "lr": 0.37629418365689815}, "datetime": {"datetime": "2024-06-13 18:39:28", "elapsed": 6.81575, "delta": 0.005492}}
{"target": -1106.120266781537, "params": {"gamma": 4.4582994882209785, "lr": 0.7509025596645666}, "datetime": {"datetime": "2024-06-13 18:39:28", "elapsed": 6.81974, "delta": 0.00399}}
{"target": -197.20495389616238, "params": {"gamma": 0.9843654431052541, "lr": 0.3605263049964609}, "datetime": {"datetime": "2024-06-13 18:39:28", "elapsed": 6.824726, "delta": 0.004986}}
{"target": -751.6913795012763, "params": {"gamma": 5.637498846609272, "lr": 0.23858559594258377}, "datetime": {"datetime": "2024-06-13 18:39:28", "elapsed": 6.828716, "delta": 0.00399}}
{"target": -2064.8206623800183, "params": {"gamma": 8.399697763448607, "lr": 0.7658509922899394}, "datetime": {"datetime": "2024-06-13 18:39:28", "elapsed": 6.833702, "delta": 0.004986}}
{"target": -1707.8426414370372, "params": {"gamma": 9.655460253343795, "lr": 0.5229880750137287}, "datetime": {"datetime": "2024-06-13 18:39:28", "elapsed": 6.838689, "delta": 0.004987}}
{"target": -369.42865061698154, "params": {"gamma": 1.06614005524794, "lr": 0.936617023061487}, "datetime": {"datetime": "2024-06-13 18:39:28", "elapsed": 6.842678, "delta": 0.003989}}
{"target": -1478.825207105325, "params": {"gamma": 8.342525658973996, "lr": 0.5444181610032376}, "datetime": {"datetime": "2024-06-13 18:39:28", "elapsed": 6.847665, "delta": 0.004987}}
{"target": -2443.4478310523423, "params": {"gamma": 8.363186471576656, "lr": 0.8816909193539424}, "datetime": {"datetime": "2024-06-13 18:39:28", "elapsed": 6.852651, "delta": 0.004986}}
{"target": -1409.8493090346021, "params": {"gamma": 7.76103529253161, "lr": 0.5712539770424174}, "datetime": {"datetime": "2024-06-13 18:39:28", "elapsed": 6.857638, "delta": 0.004987}}
{"target": -1724.2283740251576, "params": {"gamma": 6.153371915939358, "lr": 0.8443906826433587}, "datetime": {"datetime": "2024-06-13 18:39:28", "elapsed": 6.861628, "delta": 0.00399}}
{"target": -1111.6280152734057, "params": {"gamma": 6.222544146503024, "lr": 0.20647995918763162}, "datetime": {"datetime": "2024-06-13 18:39:28", "elapsed": 6.866614, "delta": 0.004986}}
{"target": -1229.9669406626876, "params": {"gamma": 6.915192747116144, "lr": 0.5320137500773816}, "datetime": {"datetime": "2024-06-13 18:39:28", "elapsed": 6.871601, "delta": 0.004987}}
{"target": -1271.906227425036, "params": {"gamma": 2.633207341942995, "lr": 0.0007865415296364198}, "datetime": {"datetime": "2024-06-13 18:39:28", "elapsed": 6.87559, "delta": 0.003989}}
{"target": -565.4681833953724, "params": {"gamma": 2.3557421152378364, "lr": 0.673566697976032}, "datetime": {"datetime": "2024-06-13 18:39:28", "elapsed": 6.880165, "delta": 0.004575}}
{"target": -2418.9205166774855, "params": {"gamma": 8.783323676609767, "lr": 0.8307025692405677}, "datetime": {"datetime": "2024-06-13 18:39:28", "elapsed": 6.88615, "delta": 0.005985}}
{"target": -549.5009091361779, "params": {"gamma": 1.0819657484995155, "lr": 0.07112497952283825}, "datetime": {"datetime": "2024-06-13 18:39:28", "elapsed": 6.891136, "delta": 0.004986}}
{"target": -1191.7206506984792, "params": {"gamma": 7.616161526478173, "lr": 0.2848333721183067}, "datetime": {"datetime": "2024-06-13 18:39:28", "elapsed": 6.896123, "delta": 0.004987}}
{"target": -1312.0480539672933, "params": {"gamma": 2.718758721913716, "lr": 0.0020003006084317043}, "datetime": {"datetime": "2024-06-13 18:39:28", "elapsed": 6.900112, "delta": 0.003989}}
{"target": -323.76296559904256, "params": {"gamma": 0.9862915673948899, "lr": 0.13559704739235312}, "datetime": {"datetime": "2024-06-13 18:39:28", "elapsed": 6.905098, "delta": 0.004986}}
{"target": -278.87323595783977, "params": {"gamma": 1.5944427020857364, "lr": 0.44531360261536523}, "datetime": {"datetime": "2024-06-13 18:39:28", "elapsed": 6.909648, "delta": 0.00455}}
{"target": -2229.2106674469615, "params": {"gamma": 8.141544011423479, "lr": 0.8122981153684475}, "datetime": {"datetime": "2024-06-13 18:39:28", "elapsed": 6.914673, "delta": 0.005025}}
{"target": -1507.647586032396, "params": {"gamma": 9.099986227202798, "lr": 0.4435920386203337}, "datetime": {"datetime": "2024-06-13 18:39:28", "elapsed": 6.918626, "delta": 0.003953}}
{"target": -1099.0282454313933, "params": {"gamma": 7.087396368942189, "lr": 0.4883341181204487}, "datetime": {"datetime": "2024-06-13 18:39:28", "elapsed": 6.923613, "delta": 0.004987}}
{"target": -293.5950609557225, "params": {"gamma": 0.49937573878707536, "lr": 0.0804314339695471}, "datetime": {"datetime": "2024-06-13 18:39:28", "elapsed": 6.927603, "delta": 0.00399}}
{"target": -789.4475796209848, "params": {"gamma": 2.4601774098261746, "lr": 0.9816217286230167}, "datetime": {"datetime": "2024-06-13 18:39:28", "elapsed": 6.932589, "delta": 0.004986}}
{"target": -1085.8864703768984, "params": {"gamma": 6.919480375538572, "lr": 0.26800758185732043}, "datetime": {"datetime": "2024-06-13 18:39:28", "elapsed": 6.937576, "delta": 0.004987}}
{"target": -1385.5562201954456, "params": {"gamma": 7.062926182268611, "lr": 0.6613461343815696}, "datetime": {"datetime": "2024-06-13 18:39:28", "elapsed": 6.941565, "delta": 0.003989}}
{"target": -153.02419714320385, "params": {"gamma": 0.4338583185782008, "lr": 0.3614875846417379}, "datetime": {"datetime": "2024-06-13 18:39:28", "elapsed": 6.946552, "delta": 0.004987}}
{"target": -3674.182044057219, "params": {"gamma": 7.737506106039536, "lr": 0.07852291483410356}, "datetime": {"datetime": "2024-06-13 18:39:28", "elapsed": 6.951539, "delta": 0.004987}}
{"target": -2782.07668029773, "params": {"gamma": 8.84395678364194, "lr": 0.9308682962545582}, "datetime": {"datetime": "2024-06-13 18:39:28", "elapsed": 6.955528, "delta": 0.003989}}
{"target": -2789.6999831402695, "params": {"gamma": 8.531002038386509, "lr": 0.117377604100948}, "datetime": {"datetime": "2024-06-13 18:39:28", "elapsed": 6.960514, "delta": 0.004986}}
{"target": -1307.6140071589903, "params": {"gamma": 5.652169643537417, "lr": 0.7075599478322232}, "datetime": {"datetime": "2024-06-13 18:39:28", "elapsed": 6.965501, "delta": 0.004987}}
{"target": -3936.430757483688, "params": {"gamma": 8.879912919311819, "lr": 0.09577602929981288}, "datetime": {"datetime": "2024-06-13 18:39:28", "elapsed": 6.96949, "delta": 0.003989}}
{"target": -1274.0336493152638, "params": {"gamma": 8.157890074908734, "lr": 0.27801633166878204}, "datetime": {"datetime": "2024-06-13 18:39:28", "elapsed": 6.974477, "delta": 0.004987}}
{"target": -1375.5687147348924, "params": {"gamma": 5.923281570273373, "lr": 0.7197957093739197}, "datetime": {"datetime": "2024-06-13 18:39:28", "elapsed": 6.979464, "delta": 0.004987}}
{"target": -1277.4673717707492, "params": {"gamma": 7.7704144744548165, "lr": 0.29466484899886947}, "datetime": {"datetime": "2024-06-13 18:39:28", "elapsed": 6.983453, "delta": 0.003989}}
{"target": -1004.5840064478389, "params": {"gamma": 6.074158012949801, "lr": 0.2874728742023305}, "datetime": {"datetime": "2024-06-13 18:39:28", "elapsed": 6.98844, "delta": 0.004987}}
{"target": -2729.168217449312, "params": {"gamma": 9.983169186094411, "lr": 0.8145056079423507}, "datetime": {"datetime": "2024-06-13 18:39:28", "elapsed": 6.993426, "delta": 0.004986}}
{"target": -1220.1938760551593, "params": {"gamma": 4.140365184777405, "lr": 0.8791421856642359}, "datetime": {"datetime": "2024-06-13 18:39:28", "elapsed": 6.997416, "delta": 0.00399}}
{"target": -2306.810840341384, "params": {"gamma": 7.325278649969429, "lr": 0.928746930727756}, "datetime": {"datetime": "2024-06-13 18:39:28", "elapsed": 7.002402, "delta": 0.004986}}
{"target": -317.54044160101813, "params": {"gamma": 1.7169353317749951, "lr": 0.2948350049208741}, "datetime": {"datetime": "2024-06-13 18:39:28", "elapsed": 7.007389, "delta": 0.004987}}
{"target": -213.62884812836336, "params": {"gamma": 0.9382730240703474, "lr": 0.3179810316787127}, "datetime": {"datetime": "2024-06-13 18:39:28", "elapsed": 7.012376, "delta": 0.004987}}
{"target": -758.5111161752403, "params": {"gamma": 3.812504948851634, "lr": 0.6327125396187535}, "datetime": {"datetime": "2024-06-13 18:39:28", "elapsed": 7.017365, "delta": 0.004989}}
{"target": -1101.234862706651, "params": {"gamma": 4.715727863547479, "lr": 0.717668980777047}, "datetime": {"datetime": "2024-06-13 18:39:28", "elapsed": 7.022353, "delta": 0.004988}}
{"target": -582.9194120030684, "params": {"gamma": 2.692966111483643, "lr": 0.17305671918218446}, "datetime": {"datetime": "2024-06-13 18:39:28", "elapsed": 7.02734, "delta": 0.004987}}
{"target": -644.6009911899116, "params": {"gamma": 3.7918469051508774, "lr": 0.43808143742785455}, "datetime": {"datetime": "2024-06-13 18:39:28", "elapsed": 7.032326, "delta": 0.004986}}
{"target": -1300.7417089492487, "params": {"gamma": 4.221843551590521, "lr": 0.913569686661525}, "datetime": {"datetime": "2024-06-13 18:39:28", "elapsed": 7.037313, "delta": 0.004987}}
{"target": -409.44764748386007, "params": {"gamma": 2.696400616451196, "lr": 0.3520434026951569}, "datetime": {"datetime": "2024-06-13 18:39:28", "elapsed": 7.0423, "delta": 0.004987}}
{"target": -330.0228284203934, "params": {"gamma": 2.1528813919731067, "lr": 0.37192301140427286}, "datetime": {"datetime": "2024-06-13 18:39:28", "elapsed": 7.047286, "delta": 0.004986}}
{"target": -691.6907355141306, "params": {"gamma": 3.8991640529202587, "lr": 0.5754270571118745}, "datetime": {"datetime": "2024-06-13 18:39:28", "elapsed": 7.052272, "delta": 0.004986}}
{"target": -462.2134789738932, "params": {"gamma": 2.7843714212458077, "lr": 0.2594923085078481}, "datetime": {"datetime": "2024-06-13 18:39:28", "elapsed": 7.05726, "delta": 0.004988}}
{"target": -2203.664352945615, "params": {"gamma": 7.190894889170183, "lr": 0.9101787075725445}, "datetime": {"datetime": "2024-06-13 18:39:28", "elapsed": 7.063245, "delta": 0.005985}}
{"target": -284.59073617154155, "params": {"gamma": 1.2218460988148518, "lr": 0.18228897074998485}, "datetime": {"datetime": "2024-06-13 18:39:28", "elapsed": 7.06823, "delta": 0.004985}}
{"target": -342.92183278295414, "params": {"gamma": 1.3319633391141557, "lr": 0.6836076828044971}, "datetime": {"datetime": "2024-06-13 18:39:28", "elapsed": 7.073217, "delta": 0.004987}}
{"target": -422.9158746869841, "params": {"gamma": 2.1408837173038955, "lr": 0.6045716033063737}, "datetime": {"datetime": "2024-06-13 18:39:28", "elapsed": 7.078203, "delta": 0.004986}}
{"target": -574.7618022499929, "params": {"gamma": 2.0175856692950274, "lr": 0.8177571936931245}, "datetime": {"datetime": "2024-06-13 18:39:28", "elapsed": 7.08319, "delta": 0.004987}}
{"target": -745.5269741519941, "params": {"gamma": 3.161755215449723, "lr": 0.6696167646858762}, "datetime": {"datetime": "2024-06-13 18:39:28", "elapsed": 7.088176, "delta": 0.004986}}
{"target": -287.2087320878005, "params": {"gamma": 1.4881868944628063, "lr": 0.30594544708616045}, "datetime": {"datetime": "2024-06-13 18:39:28", "elapsed": 7.092166, "delta": 0.00399}}
{"target": -599.6061322531718, "params": {"gamma": 2.9731172115714624, "lr": 0.6350799325450489}, "datetime": {"datetime": "2024-06-13 18:39:28", "elapsed": 7.097153, "delta": 0.004987}}
{"target": -1905.7564764364222, "params": {"gamma": 6.809124390706244, "lr": 0.8452486465038237}, "datetime": {"datetime": "2024-06-13 18:39:28", "elapsed": 7.102495, "delta": 0.005342}}
{"target": -476.4481163448821, "params": {"gamma": 1.8342857207824639, "lr": 0.7604297643064385}, "datetime": {"datetime": "2024-06-13 18:39:28", "elapsed": 7.107481, "delta": 0.004986}}
{"target": -1295.4692142047925, "params": {"gamma": 7.119682083391317, "lr": 0.5575439140774725}, "datetime": {"datetime": "2024-06-13 18:39:28", "elapsed": 7.112468, "delta": 0.004987}}
{"target": -3137.4460297668306, "params": {"gamma": 6.50197970017053, "lr": 0.0899951030326972}, "datetime": {"datetime": "2024-06-13 18:39:28", "elapsed": 7.117457, "delta": 0.004989}}
{"target": -277.9417340924784, "params": {"gamma": 1.4696112814099909, "lr": 0.41557172071663584}, "datetime": {"datetime": "2024-06-13 18:39:28", "elapsed": 7.122444, "delta": 0.004987}}
{"target": -1490.5919078817972, "params": {"gamma": 7.1139955123219485, "lr": 0.16782116362359434}, "datetime": {"datetime": "2024-06-13 18:39:28", "elapsed": 7.126433, "delta": 0.003989}}
{"target": -616.9149518834658, "params": {"gamma": 3.8904024131038595, "lr": 0.49794595388742613}, "datetime": {"datetime": "2024-06-13 18:39:28", "elapsed": 7.13142, "delta": 0.004987}}
{"target": -4433.90355587813, "params": {"gamma": 9.350522223405173, "lr": 0.055196248654505564}, "datetime": {"datetime": "2024-06-13 18:39:28", "elapsed": 7.136408, "delta": 0.004988}}
{"target": -2608.785845228424, "params": {"gamma": 8.290245901995016, "lr": 0.9841598458987846}, "datetime": {"datetime": "2024-06-13 18:39:28", "elapsed": 7.14143, "delta": 0.005022}}
{"target": -820.9271415569672, "params": {"gamma": 2.6734588625853686, "lr": 0.8900573037740913}, "datetime": {"datetime": "2024-06-13 18:39:28", "elapsed": 7.14638, "delta": 0.00495}}
{"target": -754.5164685575063, "params": {"gamma": 2.9037110876153163, "lr": 0.7990074981966317}, "datetime": {"datetime": "2024-06-13 18:39:28", "elapsed": 7.151368, "delta": 0.004988}}
{"target": -820.4385206186184, "params": {"gamma": 4.599113822624364, "lr": 0.59760864887687}, "datetime": {"datetime": "2024-06-13 18:39:28", "elapsed": 7.155356, "delta": 0.003988}}
{"target": -568.063619055355, "params": {"gamma": 2.367437100274259, "lr": 0.687614962160815}, "datetime": {"datetime": "2024-06-13 18:39:28", "elapsed": 7.160342, "delta": 0.004986}}
{"target": -306.6914975741233, "params": {"gamma": 1.4876999762661907, "lr": 0.5596864990017729}, "datetime": {"datetime": "2024-06-13 18:39:28", "elapsed": 7.165329, "delta": 0.004987}}
{"target": -1389.6166811174496, "params": {"gamma": 4.943794976509587, "lr": 0.8372059959494197}, "datetime": {"datetime": "2024-06-13 18:39:28", "elapsed": 7.170316, "delta": 0.004987}}
{"target": -1234.0299070486346, "params": {"gamma": 4.815203685221957, "lr": 0.7847309599867293}, "datetime": {"datetime": "2024-06-13 18:39:28", "elapsed": 7.174305, "delta": 0.003989}}
{"target": -678.648662181969, "params": {"gamma": 4.003542773051022, "lr": 0.3079059334309052}, "datetime": {"datetime": "2024-06-13 18:39:28", "elapsed": 7.179292, "delta": 0.004987}}
{"target": -1286.585111880251, "params": {"gamma": 7.872484136639694, "lr": 0.4184642639114249}, "datetime": {"datetime": "2024-06-13 18:39:28", "elapsed": 7.184278, "delta": 0.004986}}
{"target": -873.4084570121673, "params": {"gamma": 4.968163846072137, "lr": 0.577322531324329}, "datetime": {"datetime": "2024-06-13 18:39:28", "elapsed": 7.189266, "delta": 0.004988}}
{"target": -1424.6780565003269, "params": {"gamma": 8.196837713155396, "lr": 0.5813199746267194}, "datetime": {"datetime": "2024-06-13 18:39:28", "elapsed": 7.194252, "delta": 0.004986}}
{"target": -1009.1863324408893, "params": {"gamma": 4.062022883905419, "lr": 0.16058682850924277}, "datetime": {"datetime": "2024-06-13 18:39:28", "elapsed": 7.198241, "delta": 0.003989}}
{"target": -2054.4496552004816, "params": {"gamma": 7.021410937836175, "lr": 0.8832328216518347}, "datetime": {"datetime": "2024-06-13 18:39:28", "elapsed": 7.203228, "delta": 0.004987}}
{"target": -218.7157855955791, "params": {"gamma": 1.0846805001536175, "lr": 0.46621397581308155}, "datetime": {"datetime": "2024-06-13 18:39:28", "elapsed": 7.208215, "delta": 0.004987}}
{"target": -1692.524073293198, "params": {"gamma": 9.34542051628517, "lr": 0.5635091674751708}, "datetime": {"datetime": "2024-06-13 18:39:28", "elapsed": 7.213202, "delta": 0.004987}}
{"target": -2598.27486543269, "params": {"gamma": 5.452989887556196, "lr": 0.06347554987814286}, "datetime": {"datetime": "2024-06-13 18:39:28", "elapsed": 7.218188, "delta": 0.004986}}
{"target": -1056.9922437788618, "params": {"gamma": 5.353466496108746, "lr": 0.654541303819938}, "datetime": {"datetime": "2024-06-13 18:39:28", "elapsed": 7.223175, "delta": 0.004987}}
{"target": -487.2196173399583, "params": {"gamma": 1.466771864485812, "lr": 0.9563647276468465}, "datetime": {"datetime": "2024-06-13 18:39:28", "elapsed": 7.227164, "delta": 0.003989}}
{"target": -478.63729784284794, "params": {"gamma": 1.962311768641484, "lr": 0.673925993557942}, "datetime": {"datetime": "2024-06-13 18:39:28", "elapsed": 7.23215, "delta": 0.004986}}
{"target": -1070.5657658985772, "params": {"gamma": 2.744137192928587, "lr": 0.10843083383187457}, "datetime": {"datetime": "2024-06-13 18:39:28", "elapsed": 7.237137, "delta": 0.004987}}
