{"target": -953.6176234697083, "params": {"gamma": 6.586021847542061, "lr": 0.18119538195386165}, "datetime": {"datetime": "2024-06-13 19:11:58", "elapsed": 3.384666, "delta": 0.00399}}
{"target": -850.6173821735517, "params": {"gamma": 7.8807074621719, "lr": 0.6028653375383973}, "datetime": {"datetime": "2024-06-13 19:11:58", "elapsed": 3.388655, "delta": 0.003989}}
{"target": -1197.3279179894118, "params": {"gamma": 9.80334851848814, "lr": 0.22238319353117575}, "datetime": {"datetime": "2024-06-13 19:11:58", "elapsed": 3.392645, "delta": 0.00399}}
{"target": -756.5163866107141, "params": {"gamma": 4.663198475191569, "lr": 0.8956418025994466}, "datetime": {"datetime": "2024-06-13 19:11:58", "elapsed": 3.396634, "delta": 0.003989}}
{"target": -795.9320960460169, "params": {"gamma": 6.014732663578183, "lr": 0.725958845848815}, "datetime": {"datetime": "2024-06-13 19:11:58", "elapsed": 3.400624, "delta": 0.00399}}
{"target": -552.5430292049718, "params": {"gamma": 4.137287971849402, "lr": 0.6843096218313198}, "datetime": {"datetime": "2024-06-13 19:11:58", "elapsed": 3.404613, "delta": 0.003989}}
{"target": -1116.9981233336307, "params": {"gamma": 9.460604243445784, "lr": 0.20018606573932207}, "datetime": {"datetime": "2024-06-13 19:11:58", "elapsed": 3.408602, "delta": 0.003989}}
{"target": -1321.3752954129427, "params": {"gamma": 8.073845273509328, "lr": 0.9695380120998964}, "datetime": {"datetime": "2024-06-13 19:11:58", "elapsed": 3.412591, "delta": 0.003989}}
{"target": -134.83214425547132, "params": {"gamma": 0.146672748901554, "lr": 0.21520958659442757}, "datetime": {"datetime": "2024-06-13 19:11:58", "elapsed": 3.416581, "delta": 0.00399}}
{"target": -197.1326834392511, "params": {"gamma": 1.1746518262109842, "lr": 0.7674235177414532}, "datetime": {"datetime": "2024-06-13 19:11:58", "elapsed": 3.42057, "delta": 0.003989}}
{"target": -181.52630126200197, "params": {"gamma": 0.8130846428413901, "lr": 0.9984135585909075}, "datetime": {"datetime": "2024-06-13 19:11:58", "elapsed": 3.423562, "delta": 0.002992}}
{"target": -636.1953988754744, "params": {"gamma": 3.8967305467771722, "lr": 0.9052027659330404}, "datetime": {"datetime": "2024-06-13 19:11:58", "elapsed": 3.427552, "delta": 0.00399}}
{"target": -205.1107457754145, "params": {"gamma": 1.886587457391179, "lr": 0.44087219982229087}, "datetime": {"datetime": "2024-06-13 19:11:58", "elapsed": 3.431541, "delta": 0.003989}}
{"target": -913.658663401049, "params": {"gamma": 8.448273378243028, "lr": 0.5952697806732562}, "datetime": {"datetime": "2024-06-13 19:11:58", "elapsed": 3.43553, "delta": 0.003989}}
{"target": -486.7064527655115, "params": {"gamma": 4.6221188088168805, "lr": 0.5126497467571176}, "datetime": {"datetime": "2024-06-13 19:11:58", "elapsed": 3.43952, "delta": 0.00399}}
{"target": -556.9566772211604, "params": {"gamma": 5.739281383396582, "lr": 0.4403192075855932}, "datetime": {"datetime": "2024-06-13 19:11:58", "elapsed": 3.443509, "delta": 0.003989}}
{"target": -322.802631763664, "params": {"gamma": 1.936396018280381, "lr": 0.11396576145918635}, "datetime": {"datetime": "2024-06-13 19:11:58", "elapsed": 3.447498, "delta": 0.003989}}
{"target": -330.5738681808498, "params": {"gamma": 1.5131280457741099, "lr": 0.0524909638531339}, "datetime": {"datetime": "2024-06-13 19:11:58", "elapsed": 3.450491, "delta": 0.002993}}
{"target": -865.8440721063529, "params": {"gamma": 5.587205434225252, "lr": 0.8477210140360106}, "datetime": {"datetime": "2024-06-13 19:11:58", "elapsed": 3.45448, "delta": 0.003989}}
{"target": -714.8447924637653, "params": {"gamma": 3.5918342699021832, "lr": 0.07531087263581782}, "datetime": {"datetime": "2024-06-13 19:11:58", "elapsed": 3.458469, "delta": 0.003989}}
{"target": -472.123633873058, "params": {"gamma": 4.257818395439178, "lr": 0.6020078384720013}, "datetime": {"datetime": "2024-06-13 19:11:58", "elapsed": 3.462458, "delta": 0.003989}}
{"target": -620.1449243755573, "params": {"gamma": 4.254609252290801, "lr": 0.81072123360737}, "datetime": {"datetime": "2024-06-13 19:11:58", "elapsed": 3.466448, "delta": 0.00399}}
{"target": -1474.040765035415, "params": {"gamma": 9.418920575620866, "lr": 0.8699107732683544}, "datetime": {"datetime": "2024-06-13 19:11:58", "elapsed": 3.470437, "delta": 0.003989}}
{"target": -670.9474991300226, "params": {"gamma": 7.040290983300606, "lr": 0.4702989247821753}, "datetime": {"datetime": "2024-06-13 19:11:58", "elapsed": 3.474426, "delta": 0.003989}}
{"target": -1323.723606634103, "params": {"gamma": 6.827297730989611, "lr": 0.013418310556529534}, "datetime": {"datetime": "2024-06-13 19:11:58", "elapsed": 3.478415, "delta": 0.003989}}
{"target": -1411.7283254708407, "params": {"gamma": 9.824798706901937, "lr": 0.17207733182889595}, "datetime": {"datetime": "2024-06-13 19:11:58", "elapsed": 3.482405, "delta": 0.00399}}
{"target": -1295.3983468312997, "params": {"gamma": 9.062697699220857, "lr": 0.8071099016661061}, "datetime": {"datetime": "2024-06-13 19:11:58", "elapsed": 3.486394, "delta": 0.003989}}
{"target": -849.5817285153578, "params": {"gamma": 8.00159670418549, "lr": 0.2689360577850649}, "datetime": {"datetime": "2024-06-13 19:11:58", "elapsed": 3.490383, "delta": 0.003989}}
{"target": -230.84756679235974, "params": {"gamma": 2.1923189037668234, "lr": 0.42880069291408873}, "datetime": {"datetime": "2024-06-13 19:11:58", "elapsed": 3.493375, "delta": 0.002992}}
{"target": -805.9835047386986, "params": {"gamma": 8.493861636205818, "lr": 0.45037964247172024}, "datetime": {"datetime": "2024-06-13 19:11:58", "elapsed": 3.497365, "delta": 0.00399}}
{"target": -939.2459395803616, "params": {"gamma": 9.354265719956611, "lr": 0.352679327251738}, "datetime": {"datetime": "2024-06-13 19:11:58", "elapsed": 3.501354, "delta": 0.003989}}
{"target": -1018.076324969315, "params": {"gamma": 6.194302264801901, "lr": 0.9806990363557802}, "datetime": {"datetime": "2024-06-13 19:11:58", "elapsed": 3.505344, "delta": 0.00399}}
{"target": -1249.7918310323266, "params": {"gamma": 6.434981759885809, "lr": 0.04549821604060378}, "datetime": {"datetime": "2024-06-13 19:11:58", "elapsed": 3.509333, "delta": 0.003989}}
{"target": -472.6038410830541, "params": {"gamma": 4.636107352426167, "lr": 0.3347513437136638}, "datetime": {"datetime": "2024-06-13 19:11:58", "elapsed": 3.513322, "delta": 0.003989}}
{"target": -571.3295970762285, "params": {"gamma": 5.322283303668225, "lr": 0.2847462086131314}, "datetime": {"datetime": "2024-06-13 19:11:58", "elapsed": 3.517312, "delta": 0.00399}}
{"target": -199.4780062810631, "params": {"gamma": 1.223490041069798, "lr": 0.6682889887508018}, "datetime": {"datetime": "2024-06-13 19:11:58", "elapsed": 3.521301, "delta": 0.003989}}
{"target": -1071.8765799096604, "params": {"gamma": 6.8139161891581725, "lr": 0.8671392999990885}, "datetime": {"datetime": "2024-06-13 19:11:58", "elapsed": 3.52529, "delta": 0.003989}}
{"target": -213.5212546155712, "params": {"gamma": 1.3246825541338114, "lr": 0.798620308278031}, "datetime": {"datetime": "2024-06-13 19:11:58", "elapsed": 3.52928, "delta": 0.00399}}
{"target": -891.2184208152881, "params": {"gamma": 8.267860615312884, "lr": 0.6465499357511519}, "datetime": {"datetime": "2024-06-13 19:11:58", "elapsed": 3.533269, "delta": 0.003989}}
{"target": -238.46417915961942, "params": {"gamma": 2.0500165356605575, "lr": 0.2614207144058379}, "datetime": {"datetime": "2024-06-13 19:11:58", "elapsed": 3.537258, "delta": 0.003989}}
{"target": -443.9754993324016, "params": {"gamma": 4.185549678574218, "lr": 0.5417990727827313}, "datetime": {"datetime": "2024-06-13 19:11:58", "elapsed": 3.54025, "delta": 0.002992}}
{"target": -461.1520979739771, "params": {"gamma": 4.774902117966579, "lr": 0.4674598920453694}, "datetime": {"datetime": "2024-06-13 19:11:58", "elapsed": 3.54424, "delta": 0.00399}}
{"target": -1316.4682850218176, "params": {"gamma": 8.398567261266477, "lr": 0.8701023653075677}, "datetime": {"datetime": "2024-06-13 19:11:58", "elapsed": 3.548229, "delta": 0.003989}}
{"target": -1280.8255225970186, "params": {"gamma": 8.16772288980329, "lr": 0.8778014186346996}, "datetime": {"datetime": "2024-06-13 19:11:58", "elapsed": 3.552218, "delta": 0.003989}}
{"target": -940.0797038788306, "params": {"gamma": 5.710516610608794, "lr": 0.9640361333390818}, "datetime": {"datetime": "2024-06-13 19:11:58", "elapsed": 3.556207, "delta": 0.003989}}
{"target": -660.5149573728464, "params": {"gamma": 6.065836938156427, "lr": 0.6039477410796814}, "datetime": {"datetime": "2024-06-13 19:11:58", "elapsed": 3.560197, "delta": 0.00399}}
{"target": -433.994454331522, "params": {"gamma": 3.193658073009114, "lr": 0.681204184117019}, "datetime": {"datetime": "2024-06-13 19:11:58", "elapsed": 3.564186, "delta": 0.003989}}
{"target": -138.96911306832305, "params": {"gamma": 0.5206049193651046, "lr": 0.13454642101194225}, "datetime": {"datetime": "2024-06-13 19:11:58", "elapsed": 3.568176, "delta": 0.00399}}
{"target": -181.2987859811727, "params": {"gamma": 1.303291433560078, "lr": 0.6552012872247357}, "datetime": {"datetime": "2024-06-13 19:11:58", "elapsed": 3.572165, "delta": 0.003989}}
{"target": -197.54016609660388, "params": {"gamma": 1.7541505851216117, "lr": 0.3411468232515472}, "datetime": {"datetime": "2024-06-13 19:11:58", "elapsed": 3.57666, "delta": 0.004495}}
{"target": -129.18783907875746, "params": {"gamma": 0.44407224667521283, "lr": 0.2337343601165106}, "datetime": {"datetime": "2024-06-13 19:11:58", "elapsed": 3.580649, "delta": 0.003989}}
{"target": -983.8539013114498, "params": {"gamma": 9.642279024168092, "lr": 0.5091394025163677}, "datetime": {"datetime": "2024-06-13 19:11:58", "elapsed": 3.584639, "delta": 0.00399}}
{"target": -193.95101459161816, "params": {"gamma": 1.5115941101958479, "lr": 0.5230085317344643}, "datetime": {"datetime": "2024-06-13 19:11:58", "elapsed": 3.588628, "delta": 0.003989}}
{"target": -1476.5474053752152, "params": {"gamma": 9.435150329726897, "lr": 0.865686014006334}, "datetime": {"datetime": "2024-06-13 19:11:58", "elapsed": 3.592617, "delta": 0.003989}}
{"target": -426.55616249938663, "params": {"gamma": 3.9212666234349385, "lr": 0.28386751597340265}, "datetime": {"datetime": "2024-06-13 19:11:58", "elapsed": 3.595609, "delta": 0.002992}}
{"target": -932.9247107576382, "params": {"gamma": 7.617536897064726, "lr": 0.2404843248030878}, "datetime": {"datetime": "2024-06-13 19:11:58", "elapsed": 3.599598, "delta": 0.003989}}
{"target": -490.57394003777245, "params": {"gamma": 2.5430693142188665, "lr": 0.08408635417992949}, "datetime": {"datetime": "2024-06-13 19:11:58", "elapsed": 3.603588, "delta": 0.00399}}
{"target": -819.712256262047, "params": {"gamma": 8.641576803545505, "lr": 0.44789891562027984}, "datetime": {"datetime": "2024-06-13 19:11:58", "elapsed": 3.607577, "delta": 0.003989}}
{"target": -745.1973072098522, "params": {"gamma": 5.618300819839127, "lr": 0.7367109576935199}, "datetime": {"datetime": "2024-06-13 19:11:58", "elapsed": 3.611566, "delta": 0.003989}}
{"target": -756.8465304775166, "params": {"gamma": 7.965092182444826, "lr": 0.44750813899031383}, "datetime": {"datetime": "2024-06-13 19:11:58", "elapsed": 3.615556, "delta": 0.00399}}
{"target": -292.9329858673354, "params": {"gamma": 1.8420914342018075, "lr": 0.8287328515283018}, "datetime": {"datetime": "2024-06-13 19:11:58", "elapsed": 3.619545, "delta": 0.003989}}
{"target": -138.11090791827567, "params": {"gamma": 0.3109486003227299, "lr": 0.9467282696079524}, "datetime": {"datetime": "2024-06-13 19:11:58", "elapsed": 3.623535, "delta": 0.00399}}
{"target": -910.9595027328812, "params": {"gamma": 5.770201486928539, "lr": 0.875388738450687}, "datetime": {"datetime": "2024-06-13 19:11:58", "elapsed": 3.627554, "delta": 0.004019}}
{"target": -650.5625722139174, "params": {"gamma": 6.086045804298614, "lr": 0.2516595841523237}, "datetime": {"datetime": "2024-06-13 19:11:58", "elapsed": 3.631044, "delta": 0.00349}}
{"target": -325.73776450243236, "params": {"gamma": 2.962003105035548, "lr": 0.5329225590316532}, "datetime": {"datetime": "2024-06-13 19:11:58", "elapsed": 3.635034, "delta": 0.00399}}
{"target": -1305.9024705674105, "params": {"gamma": 9.620820050258088, "lr": 0.18449560449017766}, "datetime": {"datetime": "2024-06-13 19:11:58", "elapsed": 3.639023, "delta": 0.003989}}
{"target": -518.3023351377645, "params": {"gamma": 5.099473883052948, "lr": 0.3437881034368444}, "datetime": {"datetime": "2024-06-13 19:11:58", "elapsed": 3.643012, "delta": 0.003989}}
{"target": -1103.1339249486116, "params": {"gamma": 7.697483724226901, "lr": 0.802866486432424}, "datetime": {"datetime": "2024-06-13 19:11:58", "elapsed": 3.647001, "delta": 0.003989}}
{"target": -515.72145672066, "params": {"gamma": 4.246174543111865, "lr": 0.20412249999433585}, "datetime": {"datetime": "2024-06-13 19:11:58", "elapsed": 3.650991, "delta": 0.00399}}
{"target": -151.29933650115595, "params": {"gamma": 0.6718275138282244, "lr": 0.1986482644205615}, "datetime": {"datetime": "2024-06-13 19:11:58", "elapsed": 3.65498, "delta": 0.003989}}
{"target": -315.8178137925658, "params": {"gamma": 2.7247361004436925, "lr": 0.5987889179092104}, "datetime": {"datetime": "2024-06-13 19:11:58", "elapsed": 3.658969, "delta": 0.003989}}
{"target": -1245.9092595815828, "params": {"gamma": 8.730961889247082, "lr": 0.1282309388454863}, "datetime": {"datetime": "2024-06-13 19:11:58", "elapsed": 3.662959, "delta": 0.00399}}
{"target": -1246.7478980559401, "params": {"gamma": 9.581929228407246, "lr": 0.6831708438541465}, "datetime": {"datetime": "2024-06-13 19:11:58", "elapsed": 3.666948, "delta": 0.003989}}
{"target": -1215.817760510235, "params": {"gamma": 7.419900392548125, "lr": 0.9828807859209906}, "datetime": {"datetime": "2024-06-13 19:11:58", "elapsed": 3.670938, "delta": 0.00399}}
{"target": -441.6363683085507, "params": {"gamma": 4.161591625408803, "lr": 0.5315834658959018}, "datetime": {"datetime": "2024-06-13 19:11:58", "elapsed": 3.674957, "delta": 0.004019}}
{"target": -700.9085578894544, "params": {"gamma": 6.792450289006991, "lr": 0.5128751425899913}, "datetime": {"datetime": "2024-06-13 19:11:58", "elapsed": 3.679031, "delta": 0.004074}}
{"target": -525.3361071004708, "params": {"gamma": 2.991824334263695, "lr": 0.10538467273003926}, "datetime": {"datetime": "2024-06-13 19:11:58", "elapsed": 3.68302, "delta": 0.003989}}
{"target": -399.55237108416816, "params": {"gamma": 2.8500365250757254, "lr": 0.7688528482877579}, "datetime": {"datetime": "2024-06-13 19:11:58", "elapsed": 3.687009, "delta": 0.003989}}
{"target": -921.7816163502323, "params": {"gamma": 6.40818626181401, "lr": 0.8013307032031926}, "datetime": {"datetime": "2024-06-13 19:11:58", "elapsed": 3.690998, "delta": 0.003989}}
{"target": -637.4422384667185, "params": {"gamma": 5.171688199172296, "lr": 0.23210002184633505}, "datetime": {"datetime": "2024-06-13 19:11:58", "elapsed": 3.693991, "delta": 0.002993}}
{"target": -667.0189174023411, "params": {"gamma": 6.279991307892046, "lr": 0.30400549002230315}, "datetime": {"datetime": "2024-06-13 19:11:58", "elapsed": 3.69798, "delta": 0.003989}}
{"target": -137.52248947409453, "params": {"gamma": 0.29625792067526757, "lr": 0.9033311768168756}, "datetime": {"datetime": "2024-06-13 19:11:58", "elapsed": 3.701969, "delta": 0.003989}}
{"target": -413.1724553594155, "params": {"gamma": 4.2042753184590484, "lr": 0.4261307804247122}, "datetime": {"datetime": "2024-06-13 19:11:58", "elapsed": 3.705958, "delta": 0.003989}}
{"target": -1214.6679144132968, "params": {"gamma": 7.412776101583259, "lr": 0.9484584043057936}, "datetime": {"datetime": "2024-06-13 19:11:58", "elapsed": 3.709948, "delta": 0.00399}}
{"target": -159.11242203443317, "params": {"gamma": 0.7260827649265881, "lr": 0.17270108813227492}, "datetime": {"datetime": "2024-06-13 19:11:58", "elapsed": 3.713937, "delta": 0.003989}}
{"target": -404.0328115672803, "params": {"gamma": 3.224252533837974, "lr": 0.248424246330199}, "datetime": {"datetime": "2024-06-13 19:11:58", "elapsed": 3.717927, "delta": 0.00399}}
{"target": -722.9673589178633, "params": {"gamma": 4.9554543186305695, "lr": 0.8244596107976835}, "datetime": {"datetime": "2024-06-13 19:11:58", "elapsed": 3.721916, "delta": 0.003989}}
{"target": -923.3134334592952, "params": {"gamma": 8.539870177006817, "lr": 0.5958299420587015}, "datetime": {"datetime": "2024-06-13 19:11:58", "elapsed": 3.725905, "delta": 0.003989}}
{"target": -347.6488234240652, "params": {"gamma": 2.4024971645768356, "lr": 0.18649268827268528}, "datetime": {"datetime": "2024-06-13 19:11:58", "elapsed": 3.729894, "delta": 0.003989}}
{"target": -910.7496117232471, "params": {"gamma": 7.434161733507989, "lr": 0.23721405764354764}, "datetime": {"datetime": "2024-06-13 19:11:58", "elapsed": 3.733884, "delta": 0.00399}}
{"target": -716.6899243985173, "params": {"gamma": 5.395369418374571, "lr": 0.7492807871271918}, "datetime": {"datetime": "2024-06-13 19:11:58", "elapsed": 3.737875, "delta": 0.003991}}
{"target": -350.47630399115315, "params": {"gamma": 2.283262797049244, "lr": 0.17450118757274402}, "datetime": {"datetime": "2024-06-13 19:11:58", "elapsed": 3.741863, "delta": 0.003988}}
{"target": -135.0583187842361, "params": {"gamma": 0.39831713007193664, "lr": 0.14756883769994755}, "datetime": {"datetime": "2024-06-13 19:11:58", "elapsed": 3.745852, "delta": 0.003989}}
{"target": -1428.9705110341429, "params": {"gamma": 8.51453763056296, "lr": 0.10463591174495857}, "datetime": {"datetime": "2024-06-13 19:11:58", "elapsed": 3.749841, "delta": 0.003989}}
{"target": -462.53600587930794, "params": {"gamma": 2.2372268102276505, "lr": 0.03275719974597713}, "datetime": {"datetime": "2024-06-13 19:11:58", "elapsed": 3.75383, "delta": 0.003989}}
{"target": -829.712714499131, "params": {"gamma": 6.763889997877335, "lr": 0.2317031414647196}, "datetime": {"datetime": "2024-06-13 19:11:58", "elapsed": 3.75782, "delta": 0.00399}}
{"target": -603.4298323300038, "params": {"gamma": 4.136503586299842, "lr": 0.13930117132372677}, "datetime": {"datetime": "2024-06-13 19:11:58", "elapsed": 3.761809, "delta": 0.003989}}
{"target": -373.129373219579, "params": {"gamma": 3.772795658827454, "lr": 0.4244374662396153}, "datetime": {"datetime": "2024-06-13 19:11:58", "elapsed": 3.764801, "delta": 0.002992}}
{"target": -462.2618647870789, "params": {"gamma": 4.730176553648271, "lr": 0.4228418130386131}, "datetime": {"datetime": "2024-06-13 19:11:58", "elapsed": 3.76879, "delta": 0.003989}}
{"target": -181.9209959736461, "params": {"gamma": 1.028462882177769, "lr": 0.772580266631544}, "datetime": {"datetime": "2024-06-13 19:11:58", "elapsed": 3.77278, "delta": 0.00399}}
{"target": -165.08184625138284, "params": {"gamma": 1.3729228288956241, "lr": 0.424292374325812}, "datetime": {"datetime": "2024-06-13 19:11:58", "elapsed": 3.776771, "delta": 0.003991}}
{"target": -302.75998683423677, "params": {"gamma": 2.7202891684153423, "lr": 0.3010079430799063}, "datetime": {"datetime": "2024-06-13 19:11:58", "elapsed": 3.780761, "delta": 0.00399}}
{"target": -694.1796954332322, "params": {"gamma": 6.72453530509174, "lr": 0.5177867238134145}, "datetime": {"datetime": "2024-06-13 19:11:58", "elapsed": 3.78475, "delta": 0.003989}}
{"target": -205.37318043333838, "params": {"gamma": 1.9016804177489257, "lr": 0.4691344398333771}, "datetime": {"datetime": "2024-06-13 19:11:58", "elapsed": 3.789281, "delta": 0.004531}}
{"target": -462.65456622116653, "params": {"gamma": 3.396069147094239, "lr": 0.7044971982481261}, "datetime": {"datetime": "2024-06-13 19:11:58", "elapsed": 3.793264, "delta": 0.003983}}
{"target": -369.238364222568, "params": {"gamma": 2.2617259291230574, "lr": 0.8449881373583452}, "datetime": {"datetime": "2024-06-13 19:11:58", "elapsed": 3.797254, "delta": 0.00399}}
{"target": -549.698644820239, "params": {"gamma": 5.262770419251413, "lr": 0.5006195729230891}, "datetime": {"datetime": "2024-06-13 19:11:58", "elapsed": 3.801243, "delta": 0.003989}}
{"target": -365.03454491133886, "params": {"gamma": 2.537604383069914, "lr": 0.18615566973666398}, "datetime": {"datetime": "2024-06-13 19:11:58", "elapsed": 3.805233, "delta": 0.00399}}
{"target": -780.3959686174114, "params": {"gamma": 4.7187188083132305, "lr": 0.9818244178252573}, "datetime": {"datetime": "2024-06-13 19:11:58", "elapsed": 3.809222, "delta": 0.003989}}
{"target": -173.67826796544034, "params": {"gamma": 1.3299294703806088, "lr": 0.28346243242805713}, "datetime": {"datetime": "2024-06-13 19:11:58", "elapsed": 3.812214, "delta": 0.002992}}
{"target": -863.8195553670788, "params": {"gamma": 8.006611101660276, "lr": 0.6647768985107549}, "datetime": {"datetime": "2024-06-13 19:11:58", "elapsed": 3.816204, "delta": 0.00399}}
{"target": -309.54129935195766, "params": {"gamma": 2.788305328525677, "lr": 0.31464760677511183}, "datetime": {"datetime": "2024-06-13 19:11:58", "elapsed": 3.820193, "delta": 0.003989}}
{"target": -466.14279615296397, "params": {"gamma": 4.200062595764889, "lr": 0.6027867622422961}, "datetime": {"datetime": "2024-06-13 19:11:58", "elapsed": 3.824182, "delta": 0.003989}}
{"target": -1130.4703540803323, "params": {"gamma": 7.193668333443535, "lr": 0.8573003334512307}, "datetime": {"datetime": "2024-06-13 19:11:58", "elapsed": 3.828171, "delta": 0.003989}}
{"target": -835.45970036567, "params": {"gamma": 6.811433593113639, "lr": 0.23698206447169834}, "datetime": {"datetime": "2024-06-13 19:11:58", "elapsed": 3.832161, "delta": 0.00399}}
{"target": -1238.1399418537383, "params": {"gamma": 9.257279632827263, "lr": 0.7811954006757661}, "datetime": {"datetime": "2024-06-13 19:11:58", "elapsed": 3.836732, "delta": 0.004571}}
{"target": -338.2528548232337, "params": {"gamma": 3.0745074227980154, "lr": 0.3049656416420632}, "datetime": {"datetime": "2024-06-13 19:11:58", "elapsed": 3.840715, "delta": 0.003983}}
{"target": -1257.2262878100612, "params": {"gamma": 8.811802015970617, "lr": 0.1260784803971985}, "datetime": {"datetime": "2024-06-13 19:11:58", "elapsed": 3.844704, "delta": 0.003989}}
