{"target": -652.6992190655187, "params": {"gamma": 2.5826284514108324, "lr": 0.03724025561078481}, "datetime": {"datetime": "2024-06-13 20:37:15", "elapsed": 5.046004, "delta": 0.003989}}
{"target": -141.1021576305382, "params": {"gamma": 0.16150603946145364, "lr": 0.15270593118117648}, "datetime": {"datetime": "2024-06-13 20:37:15", "elapsed": 5.050991, "delta": 0.004987}}
{"target": -889.849832984517, "params": {"gamma": 4.621379845784425, "lr": 0.7559010975378051}, "datetime": {"datetime": "2024-06-13 20:37:15", "elapsed": 5.05498, "delta": 0.003989}}
{"target": -1260.9013291565116, "params": {"gamma": 7.2884205045195944, "lr": 0.3523894424830367}, "datetime": {"datetime": "2024-06-13 20:37:15", "elapsed": 5.058969, "delta": 0.003989}}
{"target": -918.2780819887199, "params": {"gamma": 4.7919136483503735, "lr": 0.8140737533756652}, "datetime": {"datetime": "2024-06-13 20:37:15", "elapsed": 5.063957, "delta": 0.004988}}
{"target": -1515.3626441240613, "params": {"gamma": 8.384190660883412, "lr": 0.3199167004179855}, "datetime": {"datetime": "2024-06-13 20:37:15", "elapsed": 5.067945, "delta": 0.003988}}
{"target": -146.33703466387072, "params": {"gamma": 0.043645919052664246, "lr": 0.046930843226232644}, "datetime": {"datetime": "2024-06-13 20:37:15", "elapsed": 5.072972, "delta": 0.005027}}
{"target": -1471.7931174390756, "params": {"gamma": 7.378335968662237, "lr": 0.27263228107250803}, "datetime": {"datetime": "2024-06-13 20:37:15", "elapsed": 5.076921, "delta": 0.003949}}
{"target": -1142.8345477746525, "params": {"gamma": 4.815376636054336, "lr": 0.1920312660311443}, "datetime": {"datetime": "2024-06-13 20:37:15", "elapsed": 5.081464, "delta": 0.004543}}
{"target": -1422.904245657875, "params": {"gamma": 8.471282047905861, "lr": 0.5033776096365531}, "datetime": {"datetime": "2024-06-13 20:37:15", "elapsed": 5.085448, "delta": 0.003984}}
{"target": -990.1598694020998, "params": {"gamma": 5.272074597046892, "lr": 0.28807958808575485}, "datetime": {"datetime": "2024-06-13 20:37:15", "elapsed": 5.090434, "delta": 0.004986}}
{"target": -1277.4091761093257, "params": {"gamma": 5.120480307408566, "lr": 0.0019636453825200295}, "datetime": {"datetime": "2024-06-13 20:37:15", "elapsed": 5.094424, "delta": 0.00399}}
{"target": -491.31339733958174, "params": {"gamma": 2.7736731083917574, "lr": 0.34876298353843593}, "datetime": {"datetime": "2024-06-13 20:37:16", "elapsed": 5.098413, "delta": 0.003989}}
{"target": -715.1403131000061, "params": {"gamma": 2.8402249120040706, "lr": 0.08595222757741783}, "datetime": {"datetime": "2024-06-13 20:37:16", "elapsed": 5.103399, "delta": 0.004986}}
{"target": -1002.8450456900654, "params": {"gamma": 5.2182903111313514, "lr": 0.7884791333735152}, "datetime": {"datetime": "2024-06-13 20:37:16", "elapsed": 5.107389, "delta": 0.00399}}
{"target": -1541.448576937208, "params": {"gamma": 9.426041757646109, "lr": 0.49728979211666346}, "datetime": {"datetime": "2024-06-13 20:37:16", "elapsed": 5.111378, "delta": 0.003989}}
{"target": -1113.243110866553, "params": {"gamma": 5.93794482969608, "lr": 0.2908599378104706}, "datetime": {"datetime": "2024-06-13 20:37:16", "elapsed": 5.116365, "delta": 0.004987}}
{"target": -365.91966384471266, "params": {"gamma": 1.492445929692968, "lr": 0.13187169072844107}, "datetime": {"datetime": "2024-06-13 20:37:16", "elapsed": 5.120354, "delta": 0.003989}}
{"target": -1359.4037363787434, "params": {"gamma": 7.323875397919708, "lr": 0.7344694353499344}, "datetime": {"datetime": "2024-06-13 20:37:16", "elapsed": 5.124344, "delta": 0.00399}}
{"target": -312.3585147938563, "params": {"gamma": 1.7943208163497153, "lr": 0.41356037977579185}, "datetime": {"datetime": "2024-06-13 20:37:16", "elapsed": 5.128333, "delta": 0.003989}}
{"target": -1389.6809256938725, "params": {"gamma": 5.941849134587504, "lr": 0.12528194618614874}, "datetime": {"datetime": "2024-06-13 20:37:16", "elapsed": 5.13332, "delta": 0.004987}}
{"target": -1375.9938139591502, "params": {"gamma": 7.85390412973879, "lr": 0.619992203320239}, "datetime": {"datetime": "2024-06-13 20:37:16", "elapsed": 5.13731, "delta": 0.00399}}
{"target": -1132.8437153237455, "params": {"gamma": 6.152601693393037, "lr": 0.7012080919186323}, "datetime": {"datetime": "2024-06-13 20:37:16", "elapsed": 5.142296, "delta": 0.004986}}
{"target": -1653.9986698778473, "params": {"gamma": 9.871843637581678, "lr": 0.5623944559571782}, "datetime": {"datetime": "2024-06-13 20:37:16", "elapsed": 5.146285, "delta": 0.003989}}
{"target": -1423.0809438639512, "params": {"gamma": 8.644298200721781, "lr": 0.4187086750571659}, "datetime": {"datetime": "2024-06-13 20:37:16", "elapsed": 5.151272, "delta": 0.004987}}
{"target": -1310.2003960913564, "params": {"gamma": 6.545039042923117, "lr": 0.9252611878587662}, "datetime": {"datetime": "2024-06-13 20:37:16", "elapsed": 5.156258, "delta": 0.004986}}
{"target": -1203.554033368897, "params": {"gamma": 6.64184400562511, "lr": 0.3030806759430662}, "datetime": {"datetime": "2024-06-13 20:37:16", "elapsed": 5.160248, "delta": 0.00399}}
{"target": -1074.8035935762482, "params": {"gamma": 6.199836992922438, "lr": 0.35131832035819255}, "datetime": {"datetime": "2024-06-13 20:37:16", "elapsed": 5.164237, "delta": 0.003989}}
{"target": -575.6988811034848, "params": {"gamma": 3.224344384669061, "lr": 0.6102050587463702}, "datetime": {"datetime": "2024-06-13 20:37:16", "elapsed": 5.168226, "delta": 0.003989}}
{"target": -282.2713269521936, "params": {"gamma": 1.6040719966518822, "lr": 0.4867389357577533}, "datetime": {"datetime": "2024-06-13 20:37:16", "elapsed": 5.173213, "delta": 0.004987}}
{"target": -1589.0579292814925, "params": {"gamma": 9.456397215578926, "lr": 0.38391424197853796}, "datetime": {"datetime": "2024-06-13 20:37:16", "elapsed": 5.177203, "delta": 0.00399}}
{"target": -325.4550677696227, "params": {"gamma": 1.8904369698648686, "lr": 0.468838949642181}, "datetime": {"datetime": "2024-06-13 20:37:16", "elapsed": 5.181191, "delta": 0.003988}}
{"target": -1620.1976305265757, "params": {"gamma": 8.409237406703872, "lr": 0.8426677225950326}, "datetime": {"datetime": "2024-06-13 20:37:16", "elapsed": 5.186178, "delta": 0.004987}}
{"target": -2057.2005503007654, "params": {"gamma": 8.278204591352763, "lr": 0.011475512605813365}, "datetime": {"datetime": "2024-06-13 20:37:16", "elapsed": 5.190168, "delta": 0.00399}}
{"target": -547.6149095955058, "params": {"gamma": 2.6711360589730235, "lr": 0.9998757875742624}, "datetime": {"datetime": "2024-06-13 20:37:16", "elapsed": 5.194157, "delta": 0.003989}}
{"target": -224.1621361835275, "params": {"gamma": 1.1977130886476726, "lr": 0.4900894960876333}, "datetime": {"datetime": "2024-06-13 20:37:16", "elapsed": 5.199144, "delta": 0.004987}}
{"target": -1933.9648565793946, "params": {"gamma": 7.900471479876251, "lr": 0.12221391009385618}, "datetime": {"datetime": "2024-06-13 20:37:16", "elapsed": 5.203133, "delta": 0.003989}}
{"target": -1086.2723817821359, "params": {"gamma": 6.624429397731788, "lr": 0.4880804455213241}, "datetime": {"datetime": "2024-06-13 20:37:16", "elapsed": 5.207122, "delta": 0.003989}}
{"target": -403.0192662959675, "params": {"gamma": 1.9437055308797813, "lr": 0.8786300265827204}, "datetime": {"datetime": "2024-06-13 20:37:16", "elapsed": 5.212109, "delta": 0.004987}}
{"target": -337.9469224351395, "params": {"gamma": 1.8156924881797458, "lr": 0.6390528592947753}, "datetime": {"datetime": "2024-06-13 20:37:16", "elapsed": 5.216099, "delta": 0.00399}}
{"target": -1245.1604340663653, "params": {"gamma": 7.4085279551010945, "lr": 0.5626728865932282}, "datetime": {"datetime": "2024-06-13 20:37:16", "elapsed": 5.221085, "delta": 0.004986}}
{"target": -1540.7599635261122, "params": {"gamma": 6.288786844403314, "lr": 0.11896539662200445}, "datetime": {"datetime": "2024-06-13 20:37:16", "elapsed": 5.225075, "delta": 0.00399}}
{"target": -540.3985729499507, "params": {"gamma": 3.0810618335582585, "lr": 0.5869622072296792}, "datetime": {"datetime": "2024-06-13 20:37:16", "elapsed": 5.229064, "delta": 0.003989}}
{"target": -700.5484599875655, "params": {"gamma": 3.955241699358807, "lr": 0.6639460814328006}, "datetime": {"datetime": "2024-06-13 20:37:16", "elapsed": 5.233053, "delta": 0.003989}}
{"target": -2016.8902277401546, "params": {"gamma": 8.519694493398179, "lr": 0.19022208931218354}, "datetime": {"datetime": "2024-06-13 20:37:16", "elapsed": 5.23804, "delta": 0.004987}}
{"target": -1518.5365411053438, "params": {"gamma": 9.032823736002479, "lr": 0.38317585043109326}, "datetime": {"datetime": "2024-06-13 20:37:16", "elapsed": 5.242029, "delta": 0.003989}}
{"target": -1649.5749009739998, "params": {"gamma": 9.431300182951817, "lr": 0.6173823130249652}, "datetime": {"datetime": "2024-06-13 20:37:16", "elapsed": 5.246018, "delta": 0.003989}}
{"target": -1328.2797488158749, "params": {"gamma": 7.901165115937855, "lr": 0.514775428373226}, "datetime": {"datetime": "2024-06-13 20:37:16", "elapsed": 5.251005, "delta": 0.004987}}
{"target": -965.6659041580689, "params": {"gamma": 5.311915799238696, "lr": 0.3275938987659719}, "datetime": {"datetime": "2024-06-13 20:37:16", "elapsed": 5.254995, "delta": 0.00399}}
{"target": -245.335504177372, "params": {"gamma": 1.2945177075663274, "lr": 0.3838219118604237}, "datetime": {"datetime": "2024-06-13 20:37:16", "elapsed": 5.259981, "delta": 0.004986}}
{"target": -547.3483625534617, "params": {"gamma": 2.1505498314359848, "lr": 0.03286525588191658}, "datetime": {"datetime": "2024-06-13 20:37:16", "elapsed": 5.263971, "delta": 0.00399}}
{"target": -670.3914805598325, "params": {"gamma": 2.7495934114227696, "lr": 0.18057605266685695}, "datetime": {"datetime": "2024-06-13 20:37:16", "elapsed": 5.268957, "delta": 0.004986}}
{"target": -2175.0718423704075, "params": {"gamma": 8.75542762006619, "lr": 0.08123656243140498}, "datetime": {"datetime": "2024-06-13 20:37:16", "elapsed": 5.272947, "delta": 0.00399}}
{"target": -357.4684325188743, "params": {"gamma": 1.8397720952197505, "lr": 0.7040306955363342}, "datetime": {"datetime": "2024-06-13 20:37:16", "elapsed": 5.277822, "delta": 0.004875}}
{"target": -1830.045727199632, "params": {"gamma": 9.192339684311714, "lr": 0.2514584522319341}, "datetime": {"datetime": "2024-06-13 20:37:16", "elapsed": 5.281812, "delta": 0.00399}}
{"target": -143.40108808216206, "params": {"gamma": 0.21399001348235436, "lr": 0.9605044727550998}, "datetime": {"datetime": "2024-06-13 20:37:16", "elapsed": 5.286798, "delta": 0.004986}}
{"target": -1235.8836246706232, "params": {"gamma": 6.8225241840990325, "lr": 0.3106626960638559}, "datetime": {"datetime": "2024-06-13 20:37:16", "elapsed": 5.290787, "delta": 0.003989}}
{"target": -817.3667961539022, "params": {"gamma": 4.724262048710183, "lr": 0.5992558738787634}, "datetime": {"datetime": "2024-06-13 20:37:16", "elapsed": 5.294777, "delta": 0.00399}}
{"target": -736.794099346403, "params": {"gamma": 3.7393118520813564, "lr": 0.874487796621177}, "datetime": {"datetime": "2024-06-13 20:37:16", "elapsed": 5.298766, "delta": 0.003989}}
{"target": -1452.0235492629286, "params": {"gamma": 7.261999710487967, "lr": 0.9543407046242112}, "datetime": {"datetime": "2024-06-13 20:37:16", "elapsed": 5.303754, "delta": 0.004988}}
{"target": -711.7290587479488, "params": {"gamma": 3.5113041629592687, "lr": 0.9371740887217811}, "datetime": {"datetime": "2024-06-13 20:37:16", "elapsed": 5.307743, "delta": 0.003989}}
{"target": -844.8478247317289, "params": {"gamma": 4.791526641683215, "lr": 0.6423226386484714}, "datetime": {"datetime": "2024-06-13 20:37:16", "elapsed": 5.312729, "delta": 0.004986}}
{"target": -1403.7731114297223, "params": {"gamma": 7.36673540034412, "lr": 0.8093379690056801}, "datetime": {"datetime": "2024-06-13 20:37:16", "elapsed": 5.316718, "delta": 0.003989}}
{"target": -654.7704884072278, "params": {"gamma": 3.963197413459656, "lr": 0.44794597851477114}, "datetime": {"datetime": "2024-06-13 20:37:16", "elapsed": 5.321705, "delta": 0.004987}}
{"target": -1519.1496699334507, "params": {"gamma": 8.172952984101395, "lr": 0.7175572030909549}, "datetime": {"datetime": "2024-06-13 20:37:16", "elapsed": 5.325694, "delta": 0.003989}}
{"target": -1876.8489555266804, "params": {"gamma": 9.408551244537064, "lr": 0.9795978714178412}, "datetime": {"datetime": "2024-06-13 20:37:16", "elapsed": 5.329684, "delta": 0.00399}}
{"target": -431.6621162834664, "params": {"gamma": 1.7899544503221003, "lr": 0.2279194118127552}, "datetime": {"datetime": "2024-06-13 20:37:16", "elapsed": 5.334671, "delta": 0.004987}}
{"target": -1329.3805707424106, "params": {"gamma": 7.16014848634319, "lr": 0.7473827346542434}, "datetime": {"datetime": "2024-06-13 20:37:16", "elapsed": 5.33866, "delta": 0.003989}}
{"target": -1193.1792373240005, "params": {"gamma": 6.032192362771022, "lr": 0.8772997642215113}, "datetime": {"datetime": "2024-06-13 20:37:16", "elapsed": 5.342649, "delta": 0.003989}}
{"target": -448.8154920583688, "params": {"gamma": 2.5206526306452743, "lr": 0.3394873942967924}, "datetime": {"datetime": "2024-06-13 20:37:16", "elapsed": 5.347636, "delta": 0.004987}}
{"target": -900.430644935405, "params": {"gamma": 4.946973834220983, "lr": 0.31502708896856757}, "datetime": {"datetime": "2024-06-13 20:37:16", "elapsed": 5.351625, "delta": 0.003989}}
{"target": -1006.3259502099032, "params": {"gamma": 5.454845454328703, "lr": 0.6824780792979444}, "datetime": {"datetime": "2024-06-13 20:37:16", "elapsed": 5.355615, "delta": 0.00399}}
{"target": -373.9920534509238, "params": {"gamma": 2.2044486446357947, "lr": 0.48533745396838057}, "datetime": {"datetime": "2024-06-13 20:37:16", "elapsed": 5.360601, "delta": 0.004986}}
{"target": -1792.0092520290166, "params": {"gamma": 9.929820595017146, "lr": 0.3241613031812349}, "datetime": {"datetime": "2024-06-13 20:37:16", "elapsed": 5.364591, "delta": 0.00399}}
{"target": -149.10465820863067, "params": {"gamma": 0.35458383299364826, "lr": 0.8173517292840132}, "datetime": {"datetime": "2024-06-13 20:37:16", "elapsed": 5.36858, "delta": 0.003989}}
{"target": -1255.9568362151267, "params": {"gamma": 5.033564529213024, "lr": 0.052783856118570505}, "datetime": {"datetime": "2024-06-13 20:37:16", "elapsed": 5.373566, "delta": 0.004986}}
{"target": -1465.3998893023863, "params": {"gamma": 8.903159967215188, "lr": 0.4045143799803578}, "datetime": {"datetime": "2024-06-13 20:37:16", "elapsed": 5.377556, "delta": 0.00399}}
{"target": -1529.100433189005, "params": {"gamma": 9.292802548221829, "lr": 0.40207817380056154}, "datetime": {"datetime": "2024-06-13 20:37:16", "elapsed": 5.382543, "delta": 0.004987}}
{"target": -210.7833443713298, "params": {"gamma": 0.7692460154620339, "lr": 0.2453011441199927}, "datetime": {"datetime": "2024-06-13 20:37:16", "elapsed": 5.386532, "delta": 0.003989}}
{"target": -678.8763627220917, "params": {"gamma": 3.503254796566321, "lr": 0.7507282923552251}, "datetime": {"datetime": "2024-06-13 20:37:16", "elapsed": 5.391518, "delta": 0.004986}}
{"target": -320.30896348012095, "params": {"gamma": 1.8482967753404873, "lr": 0.4309736537258744}, "datetime": {"datetime": "2024-06-13 20:37:16", "elapsed": 5.395508, "delta": 0.00399}}
{"target": -1466.2747165829878, "params": {"gamma": 8.732580952739871, "lr": 0.5337610913727832}, "datetime": {"datetime": "2024-06-13 20:37:16", "elapsed": 5.399497, "delta": 0.003989}}
{"target": -282.1931277945007, "params": {"gamma": 1.0324440427708175, "lr": 0.024522487054632225}, "datetime": {"datetime": "2024-06-13 20:37:16", "elapsed": 5.404483, "delta": 0.004986}}
{"target": -1411.7421324304587, "params": {"gamma": 7.058392201809326, "lr": 0.979127490958217}, "datetime": {"datetime": "2024-06-13 20:37:16", "elapsed": 5.408473, "delta": 0.00399}}
{"target": -1502.4805117665283, "params": {"gamma": 7.851867464260117, "lr": 0.7647261968454175}, "datetime": {"datetime": "2024-06-13 20:37:16", "elapsed": 5.413461, "delta": 0.004988}}
{"target": -1294.2192984969338, "params": {"gamma": 6.754799709264521, "lr": 0.7955027102986651}, "datetime": {"datetime": "2024-06-13 20:37:16", "elapsed": 5.417449, "delta": 0.003988}}
{"target": -148.12420295002028, "params": {"gamma": 0.40113783894076427, "lr": 0.264681631716854}, "datetime": {"datetime": "2024-06-13 20:37:16", "elapsed": 5.422435, "delta": 0.004986}}
{"target": -1353.1050093330628, "params": {"gamma": 6.9542799621795535, "lr": 0.8669883296077439}, "datetime": {"datetime": "2024-06-13 20:37:16", "elapsed": 5.426425, "delta": 0.00399}}
{"target": -1632.143017265217, "params": {"gamma": 6.746394111296426, "lr": 0.17627612798343162}, "datetime": {"datetime": "2024-06-13 20:37:16", "elapsed": 5.430415, "delta": 0.00399}}
{"target": -1867.8613571705662, "params": {"gamma": 9.363148290996985, "lr": 0.9033787001108529}, "datetime": {"datetime": "2024-06-13 20:37:16", "elapsed": 5.435401, "delta": 0.004986}}
{"target": -231.11855596644241, "params": {"gamma": 0.8677009826349238, "lr": 0.193000037574253}, "datetime": {"datetime": "2024-06-13 20:37:16", "elapsed": 5.43939, "delta": 0.003989}}
{"target": -524.3260111513766, "params": {"gamma": 2.7526551130746566, "lr": 0.7384118706046068}, "datetime": {"datetime": "2024-06-13 20:37:16", "elapsed": 5.444377, "delta": 0.004987}}
{"target": -1474.243745785483, "params": {"gamma": 8.59387390968027, "lr": 0.5783223874515512}, "datetime": {"datetime": "2024-06-13 20:37:16", "elapsed": 5.448366, "delta": 0.003989}}
{"target": -343.6735892603528, "params": {"gamma": 1.9972560609459706, "lr": 0.41508988762136245}, "datetime": {"datetime": "2024-06-13 20:37:16", "elapsed": 5.453353, "delta": 0.004987}}
{"target": -302.8319204714438, "params": {"gamma": 1.3794541434408072, "lr": 0.9173961868584244}, "datetime": {"datetime": "2024-06-13 20:37:16", "elapsed": 5.457343, "delta": 0.00399}}
{"target": -1285.8556422758725, "params": {"gamma": 7.645544873164326, "lr": 0.5102138338060775}, "datetime": {"datetime": "2024-06-13 20:37:16", "elapsed": 5.461332, "delta": 0.003989}}
{"target": -1132.5723327288179, "params": {"gamma": 4.536296856665209, "lr": 0.0978420783455699}, "datetime": {"datetime": "2024-06-13 20:37:16", "elapsed": 5.466319, "delta": 0.004987}}
{"target": -785.2960408466441, "params": {"gamma": 3.1874348876469725, "lr": 0.12063279535739646}, "datetime": {"datetime": "2024-06-13 20:37:16", "elapsed": 5.470308, "delta": 0.003989}}
{"target": -1315.4061766848888, "params": {"gamma": 7.823598295559239, "lr": 0.5448837066761946}, "datetime": {"datetime": "2024-06-13 20:37:16", "elapsed": 5.475294, "delta": 0.004986}}
{"target": -543.1274029902656, "params": {"gamma": 2.2735465367701733, "lr": 0.22420283925593631}, "datetime": {"datetime": "2024-06-13 20:37:16", "elapsed": 5.479283, "delta": 0.003989}}
{"target": -483.6547165353167, "params": {"gamma": 2.6047215769603396, "lr": 0.308872752316256}, "datetime": {"datetime": "2024-06-13 20:37:16", "elapsed": 5.48427, "delta": 0.004987}}
{"target": -732.7427928747095, "params": {"gamma": 3.8776636126823174, "lr": 0.29754893237723723}, "datetime": {"datetime": "2024-06-13 20:37:16", "elapsed": 5.48826, "delta": 0.00399}}
{"target": -1691.0913145126415, "params": {"gamma": 6.795879389436971, "lr": 0.03507361930507891}, "datetime": {"datetime": "2024-06-13 20:37:16", "elapsed": 5.492249, "delta": 0.003989}}
{"target": -620.1018344622644, "params": {"gamma": 3.2817750389987497, "lr": 0.7452918728580155}, "datetime": {"datetime": "2024-06-13 20:37:16", "elapsed": 5.497237, "delta": 0.004988}}
{"target": -1793.1360687862584, "params": {"gamma": 9.428137042767773, "lr": 0.8027325501575512}, "datetime": {"datetime": "2024-06-13 20:37:16", "elapsed": 5.502223, "delta": 0.004986}}
{"target": -574.5757855666589, "params": {"gamma": 2.4090212695059683, "lr": 0.2329154683838317}, "datetime": {"datetime": "2024-06-13 20:37:16", "elapsed": 5.506212, "delta": 0.003989}}
{"target": -395.6453982525794, "params": {"gamma": 1.904177610377174, "lr": 0.8824975348586093}, "datetime": {"datetime": "2024-06-13 20:37:16", "elapsed": 5.510747, "delta": 0.004535}}
{"target": -469.07127288262774, "params": {"gamma": 2.3793190167249576, "lr": 0.7581806234131274}, "datetime": {"datetime": "2024-06-13 20:37:16", "elapsed": 5.515243, "delta": 0.004496}}
{"target": -659.6963461283844, "params": {"gamma": 2.611236264315461, "lr": 0.03308184340751563}, "datetime": {"datetime": "2024-06-13 20:37:16", "elapsed": 5.519232, "delta": 0.003989}}
{"target": -1364.9671126123217, "params": {"gamma": 7.334743552987591, "lr": 0.7262018097952009}, "datetime": {"datetime": "2024-06-13 20:37:16", "elapsed": 5.523221, "delta": 0.003989}}
{"target": -197.66957923162573, "params": {"gamma": 0.8905021504995737, "lr": 0.3267012579296016}, "datetime": {"datetime": "2024-06-13 20:37:16", "elapsed": 5.528208, "delta": 0.004987}}
{"target": -2249.2469841565803, "params": {"gamma": 9.483704536600037, "lr": 0.16294899858218448}, "datetime": {"datetime": "2024-06-13 20:37:16", "elapsed": 5.532198, "delta": 0.00399}}
{"target": -191.9690929523169, "params": {"gamma": 0.8676380540564483, "lr": 0.5946038881116259}, "datetime": {"datetime": "2024-06-13 20:37:16", "elapsed": 5.537184, "delta": 0.004986}}
{"target": -2171.005659036266, "params": {"gamma": 9.309967663594373, "lr": 0.1337783077430914}, "datetime": {"datetime": "2024-06-13 20:37:16", "elapsed": 5.541762, "delta": 0.004578}}
{"target": -947.5634410021377, "params": {"gamma": 5.130609924306518, "lr": 0.6839992141169576}, "datetime": {"datetime": "2024-06-13 20:37:16", "elapsed": 5.545748, "delta": 0.003986}}
{"target": -443.114263772836, "params": {"gamma": 1.7191257663086643, "lr": 0.011259893492189477}, "datetime": {"datetime": "2024-06-13 20:37:16", "elapsed": 5.550735, "delta": 0.004987}}
{"target": -2205.08577169517, "params": {"gamma": 8.876943621666769, "lr": 0.035231270653359514}, "datetime": {"datetime": "2024-06-13 20:37:16", "elapsed": 5.554725, "delta": 0.00399}}
