{"target": -307.16031901781014, "params": {"gamma": 6.864927298504364, "prior": 3.8399250110933036, "rate": 7.6314509854431005}, "datetime": {"datetime": "2024-06-14 04:07:41", "elapsed": 16.64839, "delta": 0.009481}}
{"target": -492.79558168973824, "params": {"gamma": 8.963993959368008, "prior": 9.110902413045697, "rate": 4.965364995168459}, "datetime": {"datetime": "2024-06-14 04:07:41", "elapsed": 16.658363, "delta": 0.009973}}
{"target": -318.837128774618, "params": {"gamma": 7.626339709379889, "prior": 7.118724128793965, "rate": 9.513017241338671}, "datetime": {"datetime": "2024-06-14 04:07:41", "elapsed": 16.668869, "delta": 0.010506}}
{"target": -245.57297757230197, "params": {"gamma": 2.416303346981715, "prior": 5.657263107051882, "rate": 0.4386889024105297}, "datetime": {"datetime": "2024-06-14 04:07:41", "elapsed": 16.679842, "delta": 0.010973}}
{"target": -512.3444776493013, "params": {"gamma": 9.231856412216342, "prior": 9.458040129710191, "rate": 5.0095625425504435}, "datetime": {"datetime": "2024-06-14 04:07:41", "elapsed": 16.689813, "delta": 0.009971}}
{"target": -386.94560332458326, "params": {"gamma": 5.861588364410452, "prior": 7.742224266063105, "rate": 2.494062511590284}, "datetime": {"datetime": "2024-06-14 04:07:41", "elapsed": 16.700784, "delta": 0.010971}}
{"target": -193.89949885695995, "params": {"gamma": 3.7905257699858756, "prior": 2.9571954023700533, "rate": 5.388500848183928}, "datetime": {"datetime": "2024-06-14 04:07:41", "elapsed": 16.711755, "delta": 0.010971}}
{"target": -723.5900423582684, "params": {"gamma": 9.489619281316324, "prior": 3.915466925543566, "rate": 0.4510526483715768}, "datetime": {"datetime": "2024-06-14 04:07:41", "elapsed": 16.721728, "delta": 0.009973}}
{"target": -369.5488327962935, "params": {"gamma": 6.8255038084621535, "prior": 5.0008035357807925, "rate": 2.96582349698632}, "datetime": {"datetime": "2024-06-14 04:07:41", "elapsed": 16.731701, "delta": 0.009973}}
{"target": -213.65980708329602, "params": {"gamma": 4.159470178485402, "prior": 8.638851939129534, "rate": 8.210356117785}, "datetime": {"datetime": "2024-06-14 04:07:41", "elapsed": 16.742672, "delta": 0.010971}}
{"target": -134.65687382396052, "params": {"gamma": 1.7092925546648687, "prior": 6.882819454636019, "rate": 9.976635949364582}, "datetime": {"datetime": "2024-06-14 04:07:41", "elapsed": 16.752646, "delta": 0.009974}}
{"target": -470.9831022224127, "params": {"gamma": 7.843808621110356, "prior": 7.277958918810155, "rate": 3.1008897721241295}, "datetime": {"datetime": "2024-06-14 04:07:41", "elapsed": 16.762619, "delta": 0.009973}}
{"target": -145.17705303461028, "params": {"gamma": 1.5955484350535305, "prior": 8.656789324831875, "rate": 6.103851837947851}, "datetime": {"datetime": "2024-06-14 04:07:41", "elapsed": 16.772592, "delta": 0.009973}}
{"target": -204.8624124683732, "params": {"gamma": 3.90151389493923, "prior": 7.580348274726708, "rate": 7.18656022932733}, "datetime": {"datetime": "2024-06-14 04:07:41", "elapsed": 16.783563, "delta": 0.010971}}
{"target": -359.8032815999091, "params": {"gamma": 6.473683921648569, "prior": 2.1519072794770633, "rate": 8.8553926501292}, "datetime": {"datetime": "2024-06-14 04:07:41", "elapsed": 16.793536, "delta": 0.009973}}
{"target": -513.7593707320947, "params": {"gamma": 7.190340618322544, "prior": 3.096042577804754, "rate": 0.636921390268151}, "datetime": {"datetime": "2024-06-14 04:07:41", "elapsed": 16.803509, "delta": 0.009973}}
{"target": -475.23331676362534, "params": {"gamma": 9.128051358543207, "prior": 7.959115578671122, "rate": 4.986337846072983}, "datetime": {"datetime": "2024-06-14 04:07:41", "elapsed": 16.813483, "delta": 0.009974}}
{"target": -236.6275341492768, "params": {"gamma": 4.139838016887461, "prior": 6.194068492491998, "rate": 3.9857532458547134}, "datetime": {"datetime": "2024-06-14 04:07:41", "elapsed": 16.824453, "delta": 0.01097}}
{"target": -139.87810275100324, "params": {"gamma": 0.3901414822148927, "prior": 3.089486487843047, "rate": 2.4635393026772414}, "datetime": {"datetime": "2024-06-14 04:07:41", "elapsed": 16.834427, "delta": 0.009974}}
{"target": -540.7058862097471, "params": {"gamma": 9.723053574133592, "prior": 7.698230686083612, "rate": 4.03756244174214}, "datetime": {"datetime": "2024-06-14 04:07:41", "elapsed": 16.844401, "delta": 0.009974}}
{"target": -315.4744059983275, "params": {"gamma": 7.36653545986381, "prior": 3.096284649891858, "rate": 5.273430978494289}, "datetime": {"datetime": "2024-06-14 04:07:41", "elapsed": 16.854374, "delta": 0.009973}}
{"target": -142.19139678759157, "params": {"gamma": 2.0722252550467415, "prior": 2.617176807498664, "rate": 4.340796665124917}, "datetime": {"datetime": "2024-06-14 04:07:41", "elapsed": 16.865344, "delta": 0.01097}}
{"target": -129.65630294923986, "params": {"gamma": 0.8251761637855287, "prior": 8.547550771616626, "rate": 9.163375833703464}, "datetime": {"datetime": "2024-06-14 04:07:41", "elapsed": 16.875317, "delta": 0.009973}}
{"target": -143.77675534063656, "params": {"gamma": 2.131865517652924, "prior": 4.789847916431056, "rate": 8.414755557056594}, "datetime": {"datetime": "2024-06-14 04:07:41", "elapsed": 16.885291, "delta": 0.009974}}
{"target": -181.78990821399637, "params": {"gamma": 2.8835014556151, "prior": 6.146017338301501, "rate": 4.421038071544468}, "datetime": {"datetime": "2024-06-14 04:07:41", "elapsed": 16.895264, "delta": 0.009973}}
{"target": -235.90496710108448, "params": {"gamma": 3.9755172922412867, "prior": 7.914804790958176, "rate": 4.645661627447652}, "datetime": {"datetime": "2024-06-14 04:07:41", "elapsed": 16.905237, "delta": 0.009973}}
{"target": -229.80637623139458, "params": {"gamma": 4.648560381634333, "prior": 9.92108219282192, "rate": 9.622335724671418}, "datetime": {"datetime": "2024-06-14 04:07:41", "elapsed": 16.916208, "delta": 0.010971}}
{"target": -156.3713713870197, "params": {"gamma": 2.3515737989342904, "prior": 2.3468422945017595, "rate": 6.627717437420285}, "datetime": {"datetime": "2024-06-14 04:07:41", "elapsed": 16.926181, "delta": 0.009973}}
{"target": -209.30200571164306, "params": {"gamma": 4.12005240559699, "prior": 7.21566500145903, "rate": 7.33480011223453}, "datetime": {"datetime": "2024-06-14 04:07:41", "elapsed": 16.936155, "delta": 0.009974}}
{"target": -415.3870093034405, "params": {"gamma": 7.833165317126014, "prior": 2.706813429208478, "rate": 9.983583794835354}, "datetime": {"datetime": "2024-06-14 04:07:41", "elapsed": 16.947127, "delta": 0.010972}}
{"target": -230.6007377151602, "params": {"gamma": 4.937510667267648, "prior": 0.9308724921413128, "rate": 1.1210448167623643}, "datetime": {"datetime": "2024-06-14 04:07:41", "elapsed": 16.957099, "delta": 0.009972}}
{"target": -256.3806055904814, "params": {"gamma": 5.615435741740323, "prior": 5.150078530019021, "rate": 9.348420230005587}, "datetime": {"datetime": "2024-06-14 04:07:41", "elapsed": 16.967072, "delta": 0.009973}}
{"target": -533.3473046692353, "params": {"gamma": 9.008359782293162, "prior": 4.707496113752034, "rate": 2.0655648551479264}, "datetime": {"datetime": "2024-06-14 04:07:41", "elapsed": 16.977046, "delta": 0.009974}}
{"target": -263.8335410977439, "params": {"gamma": 5.644611641557381, "prior": 3.156460479596483, "rate": 6.506205753925493}, "datetime": {"datetime": "2024-06-14 04:07:41", "elapsed": 16.988016, "delta": 0.01097}}
{"target": -396.0284359706767, "params": {"gamma": 5.151524964800736, "prior": 8.447482905263575, "rate": 1.318272408917089}, "datetime": {"datetime": "2024-06-14 04:07:41", "elapsed": 16.998987, "delta": 0.010971}}
{"target": -158.3005510203868, "params": {"gamma": 2.510816765750457, "prior": 6.015561199030471, "rate": 6.252522597888486}, "datetime": {"datetime": "2024-06-14 04:07:41", "elapsed": 17.00896, "delta": 0.009973}}
{"target": -215.29451553758375, "params": {"gamma": 4.126528259704839, "prior": 9.015862526250485, "rate": 8.102939975399439}, "datetime": {"datetime": "2024-06-14 04:07:41", "elapsed": 17.018933, "delta": 0.009973}}
{"target": -257.3521171943323, "params": {"gamma": 5.408957978271053, "prior": 4.109790667839894, "rate": 3.9723842641831384}, "datetime": {"datetime": "2024-06-14 04:07:41", "elapsed": 17.028907, "delta": 0.009974}}
{"target": -160.5855846057998, "params": {"gamma": 1.1407744850837678, "prior": 9.378724974180852, "rate": 2.3461206012549862}, "datetime": {"datetime": "2024-06-14 04:07:41", "elapsed": 17.039911, "delta": 0.011004}}
{"target": -138.71044937202709, "params": {"gamma": 1.5290154598338772, "prior": 5.149156483909666, "rate": 4.550990310069778}, "datetime": {"datetime": "2024-06-14 04:07:41", "elapsed": 17.04988, "delta": 0.009969}}
{"target": -128.68863166517104, "params": {"gamma": 0.741195677957228, "prior": 5.798171437543058, "rate": 6.98565427848021}, "datetime": {"datetime": "2024-06-14 04:07:41", "elapsed": 17.059824, "delta": 0.009944}}
{"target": -239.54887859356938, "params": {"gamma": 4.905996798082162, "prior": 0.8216471576437056, "rate": 1.7974602213999658}, "datetime": {"datetime": "2024-06-14 04:07:41", "elapsed": 17.070795, "delta": 0.010971}}
{"target": -171.9952457239505, "params": {"gamma": 1.1602386580615005, "prior": 5.876279483963145, "rate": 0.8517929419359279}, "datetime": {"datetime": "2024-06-14 04:07:41", "elapsed": 17.080769, "delta": 0.009974}}
{"target": -208.33478509906823, "params": {"gamma": 3.8411646857898374, "prior": 1.5568483148669632, "rate": 4.115450872320082}, "datetime": {"datetime": "2024-06-14 04:07:41", "elapsed": 17.090742, "delta": 0.009973}}
{"target": -299.62723085802685, "params": {"gamma": 6.253124313642986, "prior": 3.6594426508543156, "rate": 8.959947493135243}, "datetime": {"datetime": "2024-06-14 04:07:41", "elapsed": 17.101712, "delta": 0.01097}}
{"target": -218.27477138748753, "params": {"gamma": 4.175385995901437, "prior": 9.343186839462406, "rate": 8.204747872100748}, "datetime": {"datetime": "2024-06-14 04:07:41", "elapsed": 17.111686, "delta": 0.009974}}
{"target": -129.12476223672613, "params": {"gamma": 1.1673082330925828, "prior": 1.1292596538179704, "rate": 1.3289685737075208}, "datetime": {"datetime": "2024-06-14 04:07:41", "elapsed": 17.121659, "delta": 0.009973}}
{"target": -281.547253842088, "params": {"gamma": 6.3850452068779955, "prior": 6.877462138363933, "rate": 7.900310828063816}, "datetime": {"datetime": "2024-06-14 04:07:41", "elapsed": 17.13263, "delta": 0.010971}}
{"target": -254.92423945837677, "params": {"gamma": 5.423716313506835, "prior": 6.7860429050825894, "rate": 6.86782996092407}, "datetime": {"datetime": "2024-06-14 04:07:41", "elapsed": 17.142603, "delta": 0.009973}}
{"target": -207.83459709767496, "params": {"gamma": 3.3829604515267047, "prior": 6.540111495995206, "rate": 4.041556089281965}, "datetime": {"datetime": "2024-06-14 04:07:41", "elapsed": 17.152856, "delta": 0.010253}}
{"target": -379.9592384076829, "params": {"gamma": 6.402004807053291, "prior": 9.352740161515133, "rate": 4.300276952021971}, "datetime": {"datetime": "2024-06-14 04:07:41", "elapsed": 17.163336, "delta": 0.01048}}
{"target": -235.03347935315213, "params": {"gamma": 5.062169284611167, "prior": 3.387441539928508, "rate": 5.787626649270162}, "datetime": {"datetime": "2024-06-14 04:07:41", "elapsed": 17.179293, "delta": 0.015957}}
{"target": -419.803015802279, "params": {"gamma": 8.63433961200101, "prior": 2.9081286245045184, "rate": 8.3440688316731}, "datetime": {"datetime": "2024-06-14 04:07:41", "elapsed": 17.192258, "delta": 0.012965}}
{"target": -241.184802204436, "params": {"gamma": 5.19525257002433, "prior": 2.338154974562283, "rate": 4.195052837461809}, "datetime": {"datetime": "2024-06-14 04:07:42", "elapsed": 17.205366, "delta": 0.013108}}
{"target": -208.61447919384898, "params": {"gamma": 1.6707797438122824, "prior": 9.132705794826414, "rate": 0.5804135275146948}, "datetime": {"datetime": "2024-06-14 04:07:42", "elapsed": 17.216337, "delta": 0.010971}}
{"target": -301.5782483932423, "params": {"gamma": 6.0404303253472555, "prior": 1.1291215126301983, "rate": 3.135467231273893}, "datetime": {"datetime": "2024-06-14 04:07:42", "elapsed": 17.22631, "delta": 0.009973}}
{"target": -131.2343111278395, "params": {"gamma": 1.430273657454418, "prior": 5.045153826684863, "rate": 6.361341648049341}, "datetime": {"datetime": "2024-06-14 04:07:42", "elapsed": 17.236283, "delta": 0.009973}}
{"target": -348.1280844551113, "params": {"gamma": 8.292725454727396, "prior": 4.5551280553231495, "rate": 7.694721722549676}, "datetime": {"datetime": "2024-06-14 04:07:42", "elapsed": 17.246257, "delta": 0.009974}}
{"target": -465.0631081566365, "params": {"gamma": 5.953782798974832, "prior": 9.725416897155455, "rate": 1.1980382373790506}, "datetime": {"datetime": "2024-06-14 04:07:42", "elapsed": 17.25623, "delta": 0.009973}}
{"target": -363.55651713383605, "params": {"gamma": 8.163360508295652, "prior": 8.36804642863598, "rate": 7.915926255491784}, "datetime": {"datetime": "2024-06-14 04:07:42", "elapsed": 17.267201, "delta": 0.010971}}
{"target": -219.87507929539015, "params": {"gamma": 4.548793901755333, "prior": 5.319373120578599, "rate": 9.853860789595378}, "datetime": {"datetime": "2024-06-14 04:07:42", "elapsed": 17.277174, "delta": 0.009973}}
{"target": -499.1479729331989, "params": {"gamma": 9.446413498524006, "prior": 7.653717361291417, "rate": 4.603153079254813}, "datetime": {"datetime": "2024-06-14 04:07:42", "elapsed": 17.287147, "delta": 0.009973}}
{"target": -353.77889078765713, "params": {"gamma": 5.4028153672728605, "prior": 8.065147279335433, "rate": 2.7694190259593214}, "datetime": {"datetime": "2024-06-14 04:07:42", "elapsed": 17.297121, "delta": 0.009974}}
{"target": -160.63678199259772, "params": {"gamma": 2.5660746449201204, "prior": 2.2172273194191625, "rate": 5.5125104016000455}, "datetime": {"datetime": "2024-06-14 04:07:42", "elapsed": 17.307094, "delta": 0.009973}}
{"target": -480.03599479368705, "params": {"gamma": 9.51400463278507, "prior": 2.453593275447689, "rate": 8.016191948242625}, "datetime": {"datetime": "2024-06-14 04:07:42", "elapsed": 17.318065, "delta": 0.010971}}
{"target": -145.41756489035976, "params": {"gamma": 0.3050697728019885, "prior": 5.111578112737991, "rate": 2.840969561694019}, "datetime": {"datetime": "2024-06-14 04:07:42", "elapsed": 17.328069, "delta": 0.010004}}
{"target": -162.91859329542777, "params": {"gamma": 2.8279345769967326, "prior": 3.9805415181824153, "rate": 5.35503815277569}, "datetime": {"datetime": "2024-06-14 04:07:42", "elapsed": 17.339009, "delta": 0.01094}}
{"target": -573.8370060400515, "params": {"gamma": 7.729080748891848, "prior": 9.620416719522808, "rate": 1.5047059924704762}, "datetime": {"datetime": "2024-06-14 04:07:42", "elapsed": 17.348982, "delta": 0.009973}}
{"target": -245.42414519303003, "params": {"gamma": 3.948506624298461, "prior": 1.711128575734629, "rate": 8.366584905960446}, "datetime": {"datetime": "2024-06-14 04:07:42", "elapsed": 17.358955, "delta": 0.009973}}
{"target": -132.82269982158695, "params": {"gamma": 0.848939363998362, "prior": 8.577228644378229, "rate": 7.408710726097538}, "datetime": {"datetime": "2024-06-14 04:07:42", "elapsed": 17.368929, "delta": 0.009974}}
{"target": -626.9633502043096, "params": {"gamma": 8.583506747549555, "prior": 8.910210077238986, "rate": 1.5086156837021263}, "datetime": {"datetime": "2024-06-14 04:07:42", "elapsed": 17.379899, "delta": 0.01097}}
{"target": -270.59322354274974, "params": {"gamma": 5.5673037568750585, "prior": 3.0949243389652152, "rate": 2.7129607380351044}, "datetime": {"datetime": "2024-06-14 04:07:42", "elapsed": 17.389873, "delta": 0.009974}}
{"target": -158.95134068637702, "params": {"gamma": 0.16532732155215554, "prior": 5.200289634664171, "rate": 0.19147494677606597}, "datetime": {"datetime": "2024-06-14 04:07:42", "elapsed": 17.400844, "delta": 0.010971}}
{"target": -378.09645333276677, "params": {"gamma": 8.982387549518384, "prior": 2.743118745199252, "rate": 4.934240682090825}, "datetime": {"datetime": "2024-06-14 04:07:42", "elapsed": 17.410817, "delta": 0.009973}}
{"target": -437.2741068000509, "params": {"gamma": 6.364538822186757, "prior": 0.11484759273546576, "rate": 1.1332762215360346}, "datetime": {"datetime": "2024-06-14 04:07:42", "elapsed": 17.421787, "delta": 0.01097}}
{"target": -219.97133647901478, "params": {"gamma": 4.6659477575289365, "prior": 6.27045023526184, "rate": 8.196890952415792}, "datetime": {"datetime": "2024-06-14 04:07:42", "elapsed": 17.431761, "delta": 0.009974}}
{"target": -236.93738663416738, "params": {"gamma": 4.148641338539144, "prior": 9.27585593466577, "rate": 5.974235073828673}, "datetime": {"datetime": "2024-06-14 04:07:42", "elapsed": 17.441734, "delta": 0.009973}}
{"target": -155.4412981550449, "params": {"gamma": 0.019306140396848814, "prior": 6.83237546346491, "rate": 2.128523676734889}, "datetime": {"datetime": "2024-06-14 04:07:42", "elapsed": 17.451707, "delta": 0.009973}}
{"target": -148.47880955297387, "params": {"gamma": 0.1535430664843777, "prior": 7.383907493191389, "rate": 5.519551912752578}, "datetime": {"datetime": "2024-06-14 04:07:42", "elapsed": 17.46268, "delta": 0.010973}}
{"target": -414.456633635684, "params": {"gamma": 7.836427271615353, "prior": 0.9728738222321646, "rate": 3.557641134340776}, "datetime": {"datetime": "2024-06-14 04:07:42", "elapsed": 17.473649, "delta": 0.010969}}
{"target": -177.28027551048504, "params": {"gamma": 2.997716685977381, "prior": 5.733129677407973, "rate": 5.102021899170938}, "datetime": {"datetime": "2024-06-14 04:07:42", "elapsed": 17.483622, "delta": 0.009973}}
{"target": -386.8065313694274, "params": {"gamma": 7.821480373966176, "prior": 1.951873292249901, "rate": 5.765378570105822}, "datetime": {"datetime": "2024-06-14 04:07:42", "elapsed": 17.493595, "delta": 0.009973}}
{"target": -281.62378701149925, "params": {"gamma": 6.444129706059222, "prior": 4.652693074134186, "rate": 5.580214322469496}, "datetime": {"datetime": "2024-06-14 04:07:42", "elapsed": 17.504566, "delta": 0.010971}}
{"target": -549.101419644235, "params": {"gamma": 9.743286307322958, "prior": 7.541556933766897, "rate": 3.8104826236472786}, "datetime": {"datetime": "2024-06-14 04:07:42", "elapsed": 17.51454, "delta": 0.009974}}
{"target": -350.7676104747053, "params": {"gamma": 4.340728838399114, "prior": 7.1570316925553605, "rate": 0.9380272253159303}, "datetime": {"datetime": "2024-06-14 04:07:42", "elapsed": 17.52551, "delta": 0.01097}}
{"target": -308.2064480831444, "params": {"gamma": 6.378444418173399, "prior": 1.2321491091836958, "rate": 1.0193780310022393}, "datetime": {"datetime": "2024-06-14 04:07:42", "elapsed": 17.535483, "delta": 0.009973}}
{"target": -375.82270117170845, "params": {"gamma": 6.667021122891057, "prior": 1.7542887876159898, "rate": 7.647419971523622}, "datetime": {"datetime": "2024-06-14 04:07:42", "elapsed": 17.545457, "delta": 0.009974}}
{"target": -323.51291752188683, "params": {"gamma": 7.506153520363204, "prior": 3.18900068961921, "rate": 5.7090751316208}, "datetime": {"datetime": "2024-06-14 04:07:42", "elapsed": 17.556428, "delta": 0.010971}}
{"target": -448.26267857879554, "params": {"gamma": 6.451761309420609, "prior": 8.133499632738395, "rate": 2.0154617304835343}, "datetime": {"datetime": "2024-06-14 04:07:42", "elapsed": 17.566401, "delta": 0.009973}}
{"target": -388.31810910515566, "params": {"gamma": 6.762750921175965, "prior": 8.246616776474657, "rate": 4.144442403173417}, "datetime": {"datetime": "2024-06-14 04:07:42", "elapsed": 17.576374, "delta": 0.009973}}
{"target": -232.53800579203119, "params": {"gamma": 4.93747435337824, "prior": 5.191069021280379, "rate": 9.393346948548995}, "datetime": {"datetime": "2024-06-14 04:07:42", "elapsed": 17.587345, "delta": 0.010971}}
{"target": -136.28219158201745, "params": {"gamma": 0.5174559628579339, "prior": 5.75837295853161, "rate": 4.89811116337683}, "datetime": {"datetime": "2024-06-14 04:07:42", "elapsed": 17.597318, "delta": 0.009973}}
{"target": -183.55622107439345, "params": {"gamma": 3.43893717379704, "prior": 6.732175526529206, "rate": 7.6946306666071145}, "datetime": {"datetime": "2024-06-14 04:07:42", "elapsed": 17.607291, "delta": 0.009973}}
{"target": -315.0817306391283, "params": {"gamma": 5.401055710011223, "prior": 0.5122166664564219, "rate": 2.351573570535765}, "datetime": {"datetime": "2024-06-14 04:07:42", "elapsed": 17.617813, "delta": 0.010522}}
{"target": -142.67452141012168, "params": {"gamma": 0.20537707355366863, "prior": 3.3450050943537124, "rate": 4.6810927226785255}, "datetime": {"datetime": "2024-06-14 04:07:42", "elapsed": 17.627788, "delta": 0.009975}}
{"target": -359.073654235455, "params": {"gamma": 7.845906561782468, "prior": 5.369502262702111, "rate": 4.774787580289247}, "datetime": {"datetime": "2024-06-14 04:07:42", "elapsed": 17.638757, "delta": 0.010969}}
{"target": -542.1359675734903, "params": {"gamma": 6.97979925706494, "prior": 0.27243013449192005, "rate": 6.950212658575371}, "datetime": {"datetime": "2024-06-14 04:07:42", "elapsed": 17.64924, "delta": 0.010483}}
{"target": -175.25151596082054, "params": {"gamma": 3.120283908366149, "prior": 5.641930498717792, "rate": 6.068459647449929}, "datetime": {"datetime": "2024-06-14 04:07:42", "elapsed": 17.65921, "delta": 0.00997}}
{"target": -137.46800547449328, "params": {"gamma": 1.8222444288432162, "prior": 2.5776986435657308, "rate": 5.788601767479563}, "datetime": {"datetime": "2024-06-14 04:07:42", "elapsed": 17.669359, "delta": 0.010149}}
{"target": -156.8605476263113, "params": {"gamma": 2.626964094789226, "prior": 2.4702287887304846, "rate": 3.5909544712195682}, "datetime": {"datetime": "2024-06-14 04:07:42", "elapsed": 17.68033, "delta": 0.010971}}
{"target": -482.11742562573517, "params": {"gamma": 9.044205571519699, "prior": 8.705182024603866, "rate": 5.140843749597316}, "datetime": {"datetime": "2024-06-14 04:07:42", "elapsed": 17.690303, "delta": 0.009973}}
