{"target": -120.02573324820948, "params": {"gamma": 0.9757322278999965, "prior": 2.4684372947773445, "rate": 6.566698559122072}, "datetime": {"datetime": "2024-06-14 07:09:18", "elapsed": 614.589544, "delta": 27.838284}}
{"target": -118.78945526956733, "params": {"gamma": 0.9512155518525217, "prior": 1.5626184234670606, "rate": 7.261687606093066}, "datetime": {"datetime": "2024-06-14 07:09:44", "elapsed": 640.613109, "delta": 26.023565}}
{"target": -124.42449200843605, "params": {"gamma": 0.3531455272339538, "prior": 0.10408138229120066, "rate": 8.15258159979918}, "datetime": {"datetime": "2024-06-14 07:10:17", "elapsed": 673.550377, "delta": 32.937268}}
{"target": -118.7082290032943, "params": {"gamma": 0.8648871603040469, "prior": 1.0329690449467388, "rate": 9.785436594113051}, "datetime": {"datetime": "2024-06-14 07:10:42", "elapsed": 698.906827, "delta": 25.35645}}
{"target": -120.14210475973029, "params": {"gamma": 0.7653022804068642, "prior": 0.11037148832389322, "rate": 7.613919997083822}, "datetime": {"datetime": "2024-06-14 07:11:02", "elapsed": 718.820624, "delta": 19.913797}}
