{"target": -359.085441967203, "params": {"p_ai": 5.570707065746649, "p_al": 3.8618893998999058, "p_ex": 6.87097682961531, "prior": 6.809352847294272, "rate": 1.8202456075422737}, "datetime": {"datetime": "2024-06-13 09:19:46", "elapsed": 157.213613, "delta": 0.13219}}
{"target": -510.4260351656031, "params": {"p_ai": 7.641746500371065, "p_al": 1.6526003053425689, "p_ex": 3.2417494592425355, "prior": 8.702238530429504, "rate": 5.717108934550803}, "datetime": {"datetime": "2024-06-13 09:19:46", "elapsed": 157.334203, "delta": 0.12059}}
{"target": -228.16381412206317, "params": {"p_ai": 2.5667353379030313, "p_al": 9.23932009155619, "p_ex": 6.606113728339876, "prior": 5.545550824057651, "rate": 9.933210616589482}, "datetime": {"datetime": "2024-06-13 09:19:46", "elapsed": 157.440919, "delta": 0.106716}}
{"target": -675.4753620265421, "params": {"p_ai": 8.455687753580412, "p_al": 6.772250851531259, "p_ex": 0.8182235485602576, "prior": 3.6450932454243863, "rate": 5.022181600633578}, "datetime": {"datetime": "2024-06-13 09:19:46", "elapsed": 157.55762, "delta": 0.116701}}
{"target": -390.8357885672187, "params": {"p_ai": 6.1769374633694545, "p_al": 6.399141051907529, "p_ex": 7.251423345425811, "prior": 9.102478473258811, "rate": 5.68320259597498}, "datetime": {"datetime": "2024-06-13 09:19:47", "elapsed": 157.671318, "delta": 0.113698}}
{"target": -626.3684727930574, "params": {"p_ai": 9.802709051425852, "p_al": 1.132867148596149, "p_ex": 4.657323807567154, "prior": 1.0176245468442442, "rate": 7.424757290371788}, "datetime": {"datetime": "2024-06-13 09:19:47", "elapsed": 157.782212, "delta": 0.110894}}
{"target": -690.3926454519766, "params": {"p_ai": 8.068449360272416, "p_al": 5.2320457837101975, "p_ex": 4.325879597688983, "prior": 0.6708823978417238, "rate": 5.646563656382959}, "datetime": {"datetime": "2024-06-13 09:19:47", "elapsed": 157.89143, "delta": 0.109218}}
{"target": -173.01782411073978, "params": {"p_ai": 2.549022595029336, "p_al": 0.8242363640196037, "p_ex": 7.337359610523183, "prior": 7.43468597913671, "rate": 3.7114298106728287}, "datetime": {"datetime": "2024-06-13 09:19:47", "elapsed": 158.006836, "delta": 0.115406}}
{"target": -235.9328120598192, "params": {"p_ai": 1.845560863914552, "p_al": 5.129381674275744, "p_ex": 0.9354702702971923, "prior": 7.784640160871572, "rate": 4.760067048122293}, "datetime": {"datetime": "2024-06-13 09:19:47", "elapsed": 158.130535, "delta": 0.123699}}
{"target": -568.5958820379893, "params": {"p_ai": 9.609669775653595, "p_al": 1.0910953604333562, "p_ex": 6.979897988792099, "prior": 8.035812360308835, "rate": 7.269009336494058}, "datetime": {"datetime": "2024-06-13 09:19:47", "elapsed": 158.247566, "delta": 0.117031}}
{"target": -403.82682434632375, "params": {"p_ai": 4.6150821682690095, "p_al": 5.461554103867576, "p_ex": 6.152271588669034, "prior": 0.5919952593190889, "rate": 9.956734917533865}, "datetime": {"datetime": "2024-06-13 09:19:47", "elapsed": 158.352866, "delta": 0.1053}}
{"target": -369.824760470371, "params": {"p_ai": 2.549821268966647, "p_al": 6.434430472061677, "p_ex": 1.2652046007720967, "prior": 1.679464516635827, "rate": 4.911557570716647}, "datetime": {"datetime": "2024-06-13 09:19:47", "elapsed": 158.457932, "delta": 0.105066}}
{"target": -316.84010576346094, "params": {"p_ai": 2.8857188289562163, "p_al": 5.042897344255423, "p_ex": 1.0227116003946706, "prior": 4.193530323359763, "rate": 2.6867470652735372}, "datetime": {"datetime": "2024-06-13 09:19:47", "elapsed": 158.564617, "delta": 0.106685}}
{"target": -308.29428739692094, "params": {"p_ai": 5.819440487578645, "p_al": 1.7178834329509671, "p_ex": 9.623255002566271, "prior": 5.442570978471566, "rate": 7.019820788358971}, "datetime": {"datetime": "2024-06-13 09:19:48", "elapsed": 158.670369, "delta": 0.105752}}
{"target": -603.7564271103063, "params": {"p_ai": 9.323729947047374, "p_al": 3.454332308812005, "p_ex": 5.157651729646913, "prior": 7.866126970289994, "rate": 0.6950313988201535}, "datetime": {"datetime": "2024-06-13 09:19:48", "elapsed": 158.775087, "delta": 0.104718}}
{"target": -496.71665605327064, "params": {"p_ai": 7.532460476975046, "p_al": 1.1756767278394176, "p_ex": 3.8919114159978747, "prior": 6.97023169596312, "rate": 0.5996583880118789}, "datetime": {"datetime": "2024-06-13 09:19:48", "elapsed": 158.880804, "delta": 0.105717}}
{"target": -674.9045269362596, "params": {"p_ai": 6.650163606858123, "p_al": 9.719171641644328, "p_ex": 2.4949528876446143, "prior": 2.5921151685676955, "rate": 0.8732224909576163}, "datetime": {"datetime": "2024-06-13 09:19:48", "elapsed": 158.986171, "delta": 0.105367}}
{"target": -128.00828329348195, "params": {"p_ai": 0.9311546173432517, "p_al": 3.144738983084279, "p_ex": 8.325478322610477, "prior": 5.124685126834491, "rate": 3.857018291271997}, "datetime": {"datetime": "2024-06-13 09:19:48", "elapsed": 159.091406, "delta": 0.105235}}
{"target": -211.60992315649773, "params": {"p_ai": 1.825860476246027, "p_al": 9.760200540550123, "p_ex": 7.414637711366844, "prior": 3.4022965841828734, "rate": 9.223420470499212}, "datetime": {"datetime": "2024-06-13 09:19:48", "elapsed": 159.19666, "delta": 0.105254}}
{"target": -403.0285059778317, "params": {"p_ai": 5.863722456927596, "p_al": 2.6527101212907347, "p_ex": 4.816182444659119, "prior": 4.344425040422925, "rate": 3.025705323209395}, "datetime": {"datetime": "2024-06-13 09:19:48", "elapsed": 159.301467, "delta": 0.104807}}
{"target": -505.4122198237751, "params": {"p_ai": 6.567963904475069, "p_al": 7.922147393430575, "p_ex": 3.533286895679186, "prior": 4.379301965349058, "rate": 9.63039754689752}, "datetime": {"datetime": "2024-06-13 09:19:48", "elapsed": 159.40691, "delta": 0.105443}}
{"target": -200.9097144971755, "params": {"p_ai": 2.595870119091476, "p_al": 7.1928850233868555, "p_ex": 8.51152805591894, "prior": 7.418586210097494, "rate": 2.1663143590325595}, "datetime": {"datetime": "2024-06-13 09:19:48", "elapsed": 159.511632, "delta": 0.104722}}
{"target": -305.45082652782713, "params": {"p_ai": 4.353639765707252, "p_al": 6.087989214150046, "p_ex": 5.91597437659046, "prior": 9.518904172044687, "rate": 3.584674882177731}, "datetime": {"datetime": "2024-06-13 09:19:49", "elapsed": 159.617322, "delta": 0.10569}}
{"target": -348.41124654235495, "params": {"p_ai": 5.3184013885853965, "p_al": 3.9843758336063404, "p_ex": 6.1476783430983035, "prior": 4.6489963534302525, "rate": 9.554909499707458}, "datetime": {"datetime": "2024-06-13 09:19:49", "elapsed": 159.74549, "delta": 0.128168}}
{"target": -547.5378793854723, "params": {"p_ai": 7.085161850979339, "p_al": 4.98898575822155, "p_ex": 4.9295913692550375, "prior": 2.485717918581682, "rate": 2.154647890609912}, "datetime": {"datetime": "2024-06-13 09:19:49", "elapsed": 159.853469, "delta": 0.107979}}
{"target": -330.3879562398895, "params": {"p_ai": 3.839213345484957, "p_al": 2.6948981495554443, "p_ex": 2.9837535145475824, "prior": 2.15053359947619, "rate": 4.307723323043663}, "datetime": {"datetime": "2024-06-13 09:19:49", "elapsed": 159.958483, "delta": 0.105014}}
{"target": -197.78407016936993, "params": {"p_ai": 2.3742519356894274, "p_al": 4.291053292961831, "p_ex": 7.382547600181749, "prior": 1.9039327426028603, "rate": 9.804812350553577}, "datetime": {"datetime": "2024-06-13 09:19:49", "elapsed": 160.063833, "delta": 0.10535}}
{"target": -183.52537666596675, "params": {"p_ai": 2.510149272471791, "p_al": 0.9201850394391212, "p_ex": 6.622377220843448, "prior": 1.2422326310329728, "rate": 4.585985552074093}, "datetime": {"datetime": "2024-06-13 09:19:49", "elapsed": 160.169546, "delta": 0.105713}}
{"target": -374.7475001184637, "params": {"p_ai": 5.549552121286815, "p_al": 9.122267296699032, "p_ex": 8.40796832527321, "prior": 4.765261881514484, "rate": 8.806117671423612}, "datetime": {"datetime": "2024-06-13 09:19:49", "elapsed": 160.274134, "delta": 0.104588}}
{"target": -489.0620077958444, "params": {"p_ai": 8.135497423493536, "p_al": 1.9471917037767061, "p_ex": 6.724817912877283, "prior": 7.192553425857825, "rate": 6.526073980659255}, "datetime": {"datetime": "2024-06-13 09:19:49", "elapsed": 160.380849, "delta": 0.106715}}
{"target": -304.06640753750156, "params": {"p_ai": 4.057167300283953, "p_al": 0.43706055846466224, "p_ex": 3.790552867999634, "prior": 0.33257894683759875, "rate": 2.4427912670623453}, "datetime": {"datetime": "2024-06-13 09:19:49", "elapsed": 160.4866, "delta": 0.105751}}
{"target": -599.748266099262, "params": {"p_ai": 8.427994479486472, "p_al": 4.747672284544124, "p_ex": 1.9562151115667903, "prior": 9.33445475081842, "rate": 1.7592635009829212}, "datetime": {"datetime": "2024-06-13 09:19:50", "elapsed": 160.592316, "delta": 0.105716}}
{"target": -530.3302817243649, "params": {"p_ai": 7.102185784940643, "p_al": 2.5223293312259516, "p_ex": 1.2584243859027127, "prior": 4.235788430787851, "rate": 3.069439271607996}, "datetime": {"datetime": "2024-06-13 09:19:50", "elapsed": 160.698004, "delta": 0.105688}}
{"target": -366.75522130960604, "params": {"p_ai": 5.5627939162736055, "p_al": 0.057950088725271263, "p_ex": 4.0193390792164285, "prior": 3.244414864326125, "rate": 2.0895692938485664}, "datetime": {"datetime": "2024-06-13 09:19:50", "elapsed": 160.802186, "delta": 0.104182}}
{"target": -548.7639951256327, "params": {"p_ai": 7.647203244653368, "p_al": 2.158057811143895, "p_ex": 3.672919163743425, "prior": 0.6155566824563551, "rate": 7.990938077660049}, "datetime": {"datetime": "2024-06-13 09:19:50", "elapsed": 160.912888, "delta": 0.110702}}
{"target": -576.2950594842496, "params": {"p_ai": 8.577774053116217, "p_al": 9.790052219653413, "p_ex": 9.506482093495103, "prior": 4.8714088622083676, "rate": 2.963844578804496}, "datetime": {"datetime": "2024-06-13 09:19:50", "elapsed": 161.01932, "delta": 0.106432}}
{"target": -524.9339482405738, "params": {"p_ai": 6.941959592334977, "p_al": 7.246334888135901, "p_ex": 8.683682540763046, "prior": 2.0640130834583252, "rate": 3.9901377594360703}, "datetime": {"datetime": "2024-06-13 09:19:50", "elapsed": 161.1286, "delta": 0.10928}}
{"target": -505.4895032495058, "params": {"p_ai": 7.888644250363198, "p_al": 2.227648655419227, "p_ex": 4.82232740498444, "prior": 7.809873960783892, "rate": 6.046992979618699}, "datetime": {"datetime": "2024-06-13 09:19:50", "elapsed": 161.234861, "delta": 0.106261}}
{"target": -205.03927600602313, "params": {"p_ai": 1.991212741788793, "p_al": 4.923909201502932, "p_ex": 9.802765005727752, "prior": 1.9199717037804547, "rate": 2.427832758701525}, "datetime": {"datetime": "2024-06-13 09:19:50", "elapsed": 161.340168, "delta": 0.105307}}
{"target": -275.6966632349859, "params": {"p_ai": 4.155134299366303, "p_al": 7.950636379009953, "p_ex": 8.599370987311648, "prior": 7.688080461729196, "rate": 4.227157523440218}, "datetime": {"datetime": "2024-06-13 09:19:50", "elapsed": 161.446883, "delta": 0.106715}}
{"target": -270.1971663447246, "params": {"p_ai": 2.626669492861092, "p_al": 5.911498217644846, "p_ex": 5.563710236157524, "prior": 3.230864751305254, "rate": 2.4487955235744954}, "datetime": {"datetime": "2024-06-13 09:19:50", "elapsed": 161.552665, "delta": 0.105782}}
{"target": -438.28482874429017, "params": {"p_ai": 6.292076079141393, "p_al": 3.6150392336227193, "p_ex": 4.466163623909623, "prior": 4.237468544878544, "rate": 6.050216734749668}, "datetime": {"datetime": "2024-06-13 09:19:51", "elapsed": 161.668326, "delta": 0.115661}}
{"target": -131.86521158639965, "params": {"p_ai": 0.6720996143698694, "p_al": 4.6483715961135195, "p_ex": 9.363241142865018, "prior": 1.4816917977329311, "rate": 8.81601186201042}, "datetime": {"datetime": "2024-06-13 09:19:51", "elapsed": 161.786517, "delta": 0.118191}}
{"target": -227.77225864054338, "params": {"p_ai": 1.9867116676457621, "p_al": 4.828800929418997, "p_ex": 4.910182450155894, "prior": 2.3487670795262607, "rate": 5.966237893981851}, "datetime": {"datetime": "2024-06-13 09:19:51", "elapsed": 161.899687, "delta": 0.11317}}
{"target": -535.8450491200184, "params": {"p_ai": 8.370755177596735, "p_al": 2.428470066784845, "p_ex": 5.057751716277262, "prior": 4.6844784297828275, "rate": 8.049214381625918}, "datetime": {"datetime": "2024-06-13 09:19:51", "elapsed": 162.005652, "delta": 0.105965}}
{"target": -341.41572784750696, "params": {"p_ai": 4.8551720373679625, "p_al": 0.4808923524723822, "p_ex": 2.989784086816148, "prior": 7.216616729239001, "rate": 5.408084708481691}, "datetime": {"datetime": "2024-06-13 09:19:51", "elapsed": 162.111964, "delta": 0.106312}}
{"target": -782.455025583838, "params": {"p_ai": 7.130408516250978, "p_al": 8.904361093565882, "p_ex": 0.37043952512420786, "prior": 1.6165813179834319, "rate": 2.062616153311377}, "datetime": {"datetime": "2024-06-13 09:19:51", "elapsed": 162.224664, "delta": 0.1127}}
{"target": -407.8868583364122, "params": {"p_ai": 5.482373770995407, "p_al": 6.875285638033866, "p_ex": 3.4239746509233417, "prior": 8.69815134313035, "rate": 8.792097795595758}, "datetime": {"datetime": "2024-06-13 09:19:51", "elapsed": 162.341353, "delta": 0.116689}}
{"target": -490.48727700263066, "params": {"p_ai": 1.9020281611260257, "p_al": 5.318731289606638, "p_ex": 9.89533223269701, "prior": 0.5766681566686965, "rate": 0.8352246167464471}, "datetime": {"datetime": "2024-06-13 09:19:51", "elapsed": 162.449636, "delta": 0.108283}}
{"target": -696.7501358901893, "params": {"p_ai": 4.17687548119399, "p_al": 8.546270166610421, "p_ex": 3.986491570183943, "prior": 0.10047872209267601, "rate": 6.455776471782982}, "datetime": {"datetime": "2024-06-13 09:19:51", "elapsed": 162.565327, "delta": 0.115691}}
{"target": -269.2925810316224, "params": {"p_ai": 2.938740758027726, "p_al": 1.5001546469653306, "p_ex": 1.0787439610589478, "prior": 8.689114300105738, "rate": 0.033649190010560236}, "datetime": {"datetime": "2024-06-13 09:19:52", "elapsed": 162.679023, "delta": 0.113696}}
{"target": -472.9619278187069, "params": {"p_ai": 5.1863463087416415, "p_al": 5.508657930632633, "p_ex": 1.160383142892338, "prior": 2.0012109061146504, "rate": 8.622359909234016}, "datetime": {"datetime": "2024-06-13 09:19:52", "elapsed": 162.785737, "delta": 0.106714}}
{"target": -200.9999916328221, "params": {"p_ai": 1.1706045030374341, "p_al": 8.247211703646046, "p_ex": 1.9317000898235421, "prior": 9.95546289182723, "rate": 4.714645365285202}, "datetime": {"datetime": "2024-06-13 09:19:52", "elapsed": 162.898541, "delta": 0.112804}}
{"target": -432.26346329774515, "params": {"p_ai": 5.47316235739433, "p_al": 0.8236566490081167, "p_ex": 0.5138813084825806, "prior": 2.0750373843877523, "rate": 1.6087283408450508}, "datetime": {"datetime": "2024-06-13 09:19:52", "elapsed": 163.004694, "delta": 0.106153}}
{"target": -326.9482300489965, "params": {"p_ai": 4.5111904649630885, "p_al": 6.299850282915464, "p_ex": 7.263567878118075, "prior": 4.561033003776881, "rate": 3.769926324961166}, "datetime": {"datetime": "2024-06-13 09:19:52", "elapsed": 163.110411, "delta": 0.105717}}
{"target": -177.1390865152614, "params": {"p_ai": 0.6450811413443532, "p_al": 5.3838314013031106, "p_ex": 4.510915596950936, "prior": 4.024173450925323, "rate": 0.739297377549636}, "datetime": {"datetime": "2024-06-13 09:19:52", "elapsed": 163.216158, "delta": 0.105747}}
{"target": -158.76296454886662, "params": {"p_ai": 1.9389589620400425, "p_al": 6.084710003782394, "p_ex": 9.150926960614223, "prior": 6.315562232208938, "rate": 5.777179416959185}, "datetime": {"datetime": "2024-06-13 09:19:52", "elapsed": 163.321699, "delta": 0.105541}}
{"target": -237.37686264004822, "params": {"p_ai": 3.424458668570204, "p_al": 1.3555854633492914, "p_ex": 5.08436213366298, "prior": 6.462997600713831, "rate": 9.67519299616602}, "datetime": {"datetime": "2024-06-13 09:19:52", "elapsed": 163.42742, "delta": 0.105721}}
{"target": -521.5535239199136, "params": {"p_ai": 7.619765598704901, "p_al": 1.8308008482704898, "p_ex": 2.397370725640492, "prior": 9.57009458791186, "rate": 7.580236326081433}, "datetime": {"datetime": "2024-06-13 09:19:52", "elapsed": 163.534133, "delta": 0.106713}}
{"target": -207.60133739549158, "params": {"p_ai": 1.9300095784021698, "p_al": 7.01981330459048, "p_ex": 8.334912290375726, "prior": 4.363068671345741, "rate": 0.09575780663839235}, "datetime": {"datetime": "2024-06-13 09:19:53", "elapsed": 163.640894, "delta": 0.106761}}
{"target": -465.08108348032874, "params": {"p_ai": 6.681434519852933, "p_al": 0.6982839964459406, "p_ex": 2.378790532340036, "prior": 0.9712126349750136, "rate": 8.704808021732656}, "datetime": {"datetime": "2024-06-13 09:19:53", "elapsed": 163.746616, "delta": 0.105722}}
{"target": -499.7516309302701, "params": {"p_ai": 8.34054282055566, "p_al": 2.3523727837850754, "p_ex": 7.544077071128042, "prior": 5.084126551345622, "rate": 4.212130083272633}, "datetime": {"datetime": "2024-06-13 09:19:53", "elapsed": 163.854299, "delta": 0.107683}}
{"target": -253.47168587379318, "params": {"p_ai": 2.1879858666385315, "p_al": 2.2173554367748403, "p_ex": 0.908931616755804, "prior": 2.4889238271796565, "rate": 5.896920756142721}, "datetime": {"datetime": "2024-06-13 09:19:53", "elapsed": 163.960017, "delta": 0.105718}}
{"target": -597.9928389331469, "params": {"p_ai": 8.822265306848173, "p_al": 1.5513240228977372, "p_ex": 2.6195303249388067, "prior": 6.336155320254513, "rate": 1.0128605823073944}, "datetime": {"datetime": "2024-06-13 09:19:53", "elapsed": 164.078877, "delta": 0.11886}}
{"target": -428.23058274864013, "params": {"p_ai": 5.153921282646919, "p_al": 4.46909154508257, "p_ex": 0.5052938192735241, "prior": 7.6579931162870505, "rate": 0.9528564523206144}, "datetime": {"datetime": "2024-06-13 09:19:53", "elapsed": 164.186015, "delta": 0.107138}}
{"target": -246.20675853117723, "params": {"p_ai": 3.3843657437612205, "p_al": 5.790074844308275, "p_ex": 8.508682332431707, "prior": 2.6092797416438254, "rate": 8.103007595133162}, "datetime": {"datetime": "2024-06-13 09:19:53", "elapsed": 164.290762, "delta": 0.104747}}
{"target": -323.13207670075144, "params": {"p_ai": 4.367210182917103, "p_al": 8.27634847928233, "p_ex": 9.215999806660857, "prior": 4.382605484176173, "rate": 2.6213106647344735}, "datetime": {"datetime": "2024-06-13 09:19:53", "elapsed": 164.396447, "delta": 0.105685}}
{"target": -280.38318584883416, "params": {"p_ai": 4.614951273141985, "p_al": 0.9490248493347024, "p_ex": 6.5881187182673475, "prior": 6.323835312579325, "rate": 4.968501963004823}, "datetime": {"datetime": "2024-06-13 09:19:53", "elapsed": 164.503161, "delta": 0.106714}}
{"target": -341.04630716549315, "params": {"p_ai": 4.7020856765161065, "p_al": 1.2859370672436552, "p_ex": 3.344550147403386, "prior": 2.6866939699212384, "rate": 5.358561014717092}, "datetime": {"datetime": "2024-06-13 09:19:54", "elapsed": 164.609444, "delta": 0.106283}}
{"target": -320.3006379482808, "params": {"p_ai": 4.198659544982929, "p_al": 8.360489112107674, "p_ex": 7.012377753383944, "prior": 4.959488359464544, "rate": 5.995609167902584}, "datetime": {"datetime": "2024-06-13 09:19:54", "elapsed": 164.715191, "delta": 0.105747}}
{"target": -243.5227427166799, "params": {"p_ai": 3.967775618698588, "p_al": 2.17528315801882, "p_ex": 7.422640148841071, "prior": 9.226456982114145, "rate": 2.613604563077292}, "datetime": {"datetime": "2024-06-13 09:19:54", "elapsed": 164.820972, "delta": 0.105781}}
{"target": -514.2569896451763, "params": {"p_ai": 6.323284870025931, "p_al": 7.09607452720982, "p_ex": 7.3710671943071, "prior": 2.7029262942568364, "rate": 1.024334263146277}, "datetime": {"datetime": "2024-06-13 09:19:54", "elapsed": 164.928717, "delta": 0.107745}}
{"target": -554.8436283000989, "params": {"p_ai": 7.185838421507484, "p_al": 4.432502126422837, "p_ex": 6.827359618129039, "prior": 0.5852331553316763, "rate": 6.543172400849333}, "datetime": {"datetime": "2024-06-13 09:19:54", "elapsed": 165.036638, "delta": 0.107921}}
{"target": -323.3211260409939, "params": {"p_ai": 2.884487893175923, "p_al": 8.778583385115077, "p_ex": 1.653832432604621, "prior": 4.456248424711869, "rate": 9.691567095079847}, "datetime": {"datetime": "2024-06-13 09:19:54", "elapsed": 165.142358, "delta": 0.10572}}
{"target": -226.15806741763325, "params": {"p_ai": 0.8621946199190262, "p_al": 4.00523582405112, "p_ex": 2.8553005975311763, "prior": 0.8277057437039895, "rate": 7.0980192589693125}, "datetime": {"datetime": "2024-06-13 09:19:54", "elapsed": 165.248572, "delta": 0.106214}}
{"target": -696.7244914355927, "params": {"p_ai": 5.624844106177818, "p_al": 9.88043777704123, "p_ex": 2.2768642495507527, "prior": 1.0475183180092338, "rate": 4.699600102098296}, "datetime": {"datetime": "2024-06-13 09:19:54", "elapsed": 165.356146, "delta": 0.107574}}
{"target": -609.274982184699, "params": {"p_ai": 7.252886102412543, "p_al": 2.031980046884213, "p_ex": 1.9353061132368568, "prior": 0.16547877208318693, "rate": 6.134148945872518}, "datetime": {"datetime": "2024-06-13 09:19:54", "elapsed": 165.463587, "delta": 0.107441}}
{"target": -474.50396710086335, "params": {"p_ai": 5.867117373471412, "p_al": 4.601979168445047, "p_ex": 7.062314912212693, "prior": 0.5940881024687412, "rate": 6.650141696408433}, "datetime": {"datetime": "2024-06-13 09:19:54", "elapsed": 165.570712, "delta": 0.107125}}
{"target": -138.10321052362465, "params": {"p_ai": 1.8859377873976535, "p_al": 1.3427130043020572, "p_ex": 8.948826097560175, "prior": 6.886089309604159, "rate": 6.348178656416854}, "datetime": {"datetime": "2024-06-13 09:19:55", "elapsed": 165.67643, "delta": 0.105718}}
{"target": -138.59176353827246, "params": {"p_ai": 0.6252493986436388, "p_al": 1.004604058030337, "p_ex": 4.1820213069373615, "prior": 7.761981454491674, "rate": 0.09359866520452383}, "datetime": {"datetime": "2024-06-13 09:19:55", "elapsed": 165.78511, "delta": 0.10868}}
{"target": -255.25819625769014, "params": {"p_ai": 4.647927590727924, "p_al": 2.0030476642125916, "p_ex": 8.93593825245046, "prior": 5.9832498935355245, "rate": 6.875850505742911}, "datetime": {"datetime": "2024-06-13 09:19:55", "elapsed": 165.889859, "delta": 0.104749}}
