{"target": -527.0380183091501, "params": {"gamma": 2.575325379792938, "lr": 0.6516840317406685}, "datetime": {"datetime": "2024-06-13 18:39:27", "elapsed": 5.624439, "delta": 0.004987}}
{"target": -1377.6638074914752, "params": {"gamma": 2.8585435506242662, "lr": 0.009707596574816568}, "datetime": {"datetime": "2024-06-13 18:39:27", "elapsed": 5.628429, "delta": 0.00399}}
{"target": -961.9148148183558, "params": {"gamma": 5.754942892815359, "lr": 0.30779227833471057}, "datetime": {"datetime": "2024-06-13 18:39:27", "elapsed": 5.633415, "delta": 0.004986}}
{"target": -501.93429187181704, "params": {"gamma": 1.5159891044593792, "lr": 0.9712833117325801}, "datetime": {"datetime": "2024-06-13 18:39:27", "elapsed": 5.637404, "delta": 0.003989}}
{"target": -412.9493501105704, "params": {"gamma": 1.6505577067216257, "lr": 0.7272354411432771}, "datetime": {"datetime": "2024-06-13 18:39:27", "elapsed": 5.641394, "delta": 0.00399}}
{"target": -2599.843833745658, "params": {"gamma": 8.907351190743636, "lr": 0.8587151157269453}, "datetime": {"datetime": "2024-06-13 18:39:27", "elapsed": 5.646381, "delta": 0.004987}}
{"target": -283.97742344459976, "params": {"gamma": 1.8433864145173096, "lr": 0.23680853369423926}, "datetime": {"datetime": "2024-06-13 18:39:27", "elapsed": 5.650369, "delta": 0.003988}}
{"target": -158.21537669940545, "params": {"gamma": 0.1846080023892216, "lr": 0.9314054672648543}, "datetime": {"datetime": "2024-06-13 18:39:27", "elapsed": 5.655356, "delta": 0.004987}}
{"target": -1558.4067132973119, "params": {"gamma": 8.871324645396406, "lr": 0.5954661689695429}, "datetime": {"datetime": "2024-06-13 18:39:27", "elapsed": 5.659346, "delta": 0.00399}}
{"target": -275.2665361244423, "params": {"gamma": 1.0945671874130298, "lr": 0.17354264684250154}, "datetime": {"datetime": "2024-06-13 18:39:27", "elapsed": 5.663335, "delta": 0.003989}}
{"target": -911.387609343945, "params": {"gamma": 5.770026748955153, "lr": 0.25165697350014493}, "datetime": {"datetime": "2024-06-13 18:39:27", "elapsed": 5.668322, "delta": 0.004987}}
{"target": -645.4010689229896, "params": {"gamma": 3.0024181605272484, "lr": 0.17098734894301837}, "datetime": {"datetime": "2024-06-13 18:39:27", "elapsed": 5.672311, "delta": 0.003989}}
{"target": -325.34286867400226, "params": {"gamma": 1.8967275990085757, "lr": 0.4634211543904514}, "datetime": {"datetime": "2024-06-13 18:39:27", "elapsed": 5.677298, "delta": 0.004987}}
{"target": -913.8302069035332, "params": {"gamma": 5.099229852311732, "lr": 0.5115798896647326}, "datetime": {"datetime": "2024-06-13 18:39:27", "elapsed": 5.681287, "delta": 0.003989}}
{"target": -2793.5375371823993, "params": {"gamma": 9.971390854869842, "lr": 0.1295958172701398}, "datetime": {"datetime": "2024-06-13 18:39:27", "elapsed": 5.685276, "delta": 0.003989}}
{"target": -1926.8595144466115, "params": {"gamma": 7.561942713988967, "lr": 0.7937567472248925}, "datetime": {"datetime": "2024-06-13 18:39:27", "elapsed": 5.690264, "delta": 0.004988}}
{"target": -911.8072511947803, "params": {"gamma": 5.849241105106437, "lr": 0.4627381802693252}, "datetime": {"datetime": "2024-06-13 18:39:27", "elapsed": 5.694252, "delta": 0.003988}}
{"target": -2460.2285537636403, "params": {"gamma": 8.934372946865443, "lr": 0.8281802190731247}, "datetime": {"datetime": "2024-06-13 18:39:27", "elapsed": 5.698242, "delta": 0.00399}}
{"target": -218.13407666225746, "params": {"gamma": 0.5038590693510084, "lr": 0.962983753087854}, "datetime": {"datetime": "2024-06-13 18:39:27", "elapsed": 5.703228, "delta": 0.004986}}
{"target": -146.12537474890317, "params": {"gamma": 0.07439157764468438, "lr": 0.5731322046839419}, "datetime": {"datetime": "2024-06-13 18:39:27", "elapsed": 5.707218, "delta": 0.00399}}
{"target": -1605.6079516343289, "params": {"gamma": 5.7247357384538, "lr": 0.8343796647905168}, "datetime": {"datetime": "2024-06-13 18:39:27", "elapsed": 5.712205, "delta": 0.004987}}
{"target": -1715.7761030522172, "params": {"gamma": 3.8477759631858306, "lr": 0.09104086904598219}, "datetime": {"datetime": "2024-06-13 18:39:27", "elapsed": 5.716194, "delta": 0.003989}}
{"target": -2769.8267252716882, "params": {"gamma": 5.81729100641988, "lr": 0.024845860363731265}, "datetime": {"datetime": "2024-06-13 18:39:27", "elapsed": 5.72118, "delta": 0.004986}}
{"target": -1148.4984427361712, "params": {"gamma": 3.618595813310707, "lr": 0.9853168020853229}, "datetime": {"datetime": "2024-06-13 18:39:27", "elapsed": 5.72517, "delta": 0.00399}}
{"target": -2116.1169370322536, "params": {"gamma": 8.687919916680645, "lr": 0.15249674176120542}, "datetime": {"datetime": "2024-06-13 18:39:27", "elapsed": 5.730157, "delta": 0.004987}}
{"target": -2187.6555235842607, "params": {"gamma": 7.988462064471767, "lr": 0.8109969194215267}, "datetime": {"datetime": "2024-06-13 18:39:27", "elapsed": 5.734146, "delta": 0.003989}}
{"target": -1212.3496335036098, "params": {"gamma": 9.282143984052633, "lr": 0.22438426604398454}, "datetime": {"datetime": "2024-06-13 18:39:27", "elapsed": 5.738135, "delta": 0.003989}}
{"target": -1382.088615956922, "params": {"gamma": 4.990175777525101, "lr": 0.8274440914110759}, "datetime": {"datetime": "2024-06-13 18:39:27", "elapsed": 5.743122, "delta": 0.004987}}
{"target": -1178.4485890594417, "params": {"gamma": 6.673670516196978, "lr": 0.5939361433837695}, "datetime": {"datetime": "2024-06-13 18:39:27", "elapsed": 5.747111, "delta": 0.003989}}
{"target": -863.1330727698655, "params": {"gamma": 6.520106231886649, "lr": 0.23851601279901302}, "datetime": {"datetime": "2024-06-13 18:39:27", "elapsed": 5.752098, "delta": 0.004987}}
{"target": -157.86363885252524, "params": {"gamma": 0.2563753086730316, "lr": 0.736257257446534}, "datetime": {"datetime": "2024-06-13 18:39:27", "elapsed": 5.756087, "delta": 0.003989}}
{"target": -533.026376052074, "params": {"gamma": 3.268591461483445, "lr": 0.3767568869201464}, "datetime": {"datetime": "2024-06-13 18:39:27", "elapsed": 5.761074, "delta": 0.004987}}
{"target": -1205.512291711005, "params": {"gamma": 6.126547925441392, "lr": 0.657165042363517}, "datetime": {"datetime": "2024-06-13 18:39:27", "elapsed": 5.765063, "delta": 0.003989}}
{"target": -580.5362856671945, "params": {"gamma": 2.0297861073278014, "lr": 0.8260315378454188}, "datetime": {"datetime": "2024-06-13 18:39:27", "elapsed": 5.77005, "delta": 0.004987}}
{"target": -756.6455447504961, "params": {"gamma": 3.802685845849549, "lr": 0.6317444085013915}, "datetime": {"datetime": "2024-06-13 18:39:27", "elapsed": 5.774039, "delta": 0.003989}}
{"target": -1749.4007696002666, "params": {"gamma": 9.664147745107453, "lr": 0.5647862352666362}, "datetime": {"datetime": "2024-06-13 18:39:27", "elapsed": 5.779026, "delta": 0.004987}}
{"target": -680.9167448615785, "params": {"gamma": 3.58975250674678, "lr": 0.6189701087401422}, "datetime": {"datetime": "2024-06-13 18:39:27", "elapsed": 5.783015, "delta": 0.003989}}
{"target": -769.6083193934132, "params": {"gamma": 5.018429387513632, "lr": 0.45237624777785157}, "datetime": {"datetime": "2024-06-13 18:39:27", "elapsed": 5.788002, "delta": 0.004987}}
{"target": -2306.0900165064204, "params": {"gamma": 7.32297507682793, "lr": 0.9245101499841026}, "datetime": {"datetime": "2024-06-13 18:39:27", "elapsed": 5.791991, "delta": 0.003989}}
{"target": -2316.7323623761763, "params": {"gamma": 4.793234881420612, "lr": 0.08823015100009579}, "datetime": {"datetime": "2024-06-13 18:39:27", "elapsed": 5.796978, "delta": 0.004987}}
{"target": -759.1944918763062, "params": {"gamma": 5.696965913284056, "lr": 0.2449508551148344}, "datetime": {"datetime": "2024-06-13 18:39:27", "elapsed": 5.800967, "delta": 0.003989}}
{"target": -177.46870414786383, "params": {"gamma": 0.3967395368422162, "lr": 0.7881402066436831}, "datetime": {"datetime": "2024-06-13 18:39:27", "elapsed": 5.805954, "delta": 0.004987}}
{"target": -688.3692875489836, "params": {"gamma": 2.728409598411216, "lr": 0.7770704929423838}, "datetime": {"datetime": "2024-06-13 18:39:27", "elapsed": 5.809943, "delta": 0.003989}}
{"target": -820.5714972856804, "params": {"gamma": 4.882601221938961, "lr": 0.31793589107511533}, "datetime": {"datetime": "2024-06-13 18:39:27", "elapsed": 5.813933, "delta": 0.00399}}
{"target": -1510.3078501299426, "params": {"gamma": 3.1409404750589167, "lr": 0.04202476008611444}, "datetime": {"datetime": "2024-06-13 18:39:27", "elapsed": 5.818919, "delta": 0.004986}}
{"target": -1478.8290452782749, "params": {"gamma": 5.344463969208603, "lr": 0.8235515559967603}, "datetime": {"datetime": "2024-06-13 18:39:27", "elapsed": 5.822908, "delta": 0.003989}}
{"target": -364.47840652586495, "params": {"gamma": 0.8398696296412803, "lr": 0.10855870560871761}, "datetime": {"datetime": "2024-06-13 18:39:27", "elapsed": 5.827895, "delta": 0.004987}}
{"target": -1045.3887859539109, "params": {"gamma": 5.293030012750302, "lr": 0.6601418096235968}, "datetime": {"datetime": "2024-06-13 18:39:27", "elapsed": 5.832882, "delta": 0.004987}}
{"target": -1155.5134115453138, "params": {"gamma": 6.947765177374281, "lr": 0.313221695146886}, "datetime": {"datetime": "2024-06-13 18:39:27", "elapsed": 5.836872, "delta": 0.00399}}
{"target": -155.4494464733303, "params": {"gamma": 0.37873998028565886, "lr": 0.4145628796923949}, "datetime": {"datetime": "2024-06-13 18:39:27", "elapsed": 5.841858, "delta": 0.004986}}
{"target": -1097.5444841310057, "params": {"gamma": 2.2612156645820662, "lr": 0.0011148302524066622}, "datetime": {"datetime": "2024-06-13 18:39:27", "elapsed": 5.846845, "delta": 0.004987}}
{"target": -2160.436647715518, "params": {"gamma": 6.857480005685141, "lr": 0.9520625390545332}, "datetime": {"datetime": "2024-06-13 18:39:27", "elapsed": 5.850834, "delta": 0.003989}}
{"target": -663.9407513852674, "params": {"gamma": 3.9121264535897473, "lr": 0.3002984293714631}, "datetime": {"datetime": "2024-06-13 18:39:27", "elapsed": 5.855821, "delta": 0.004987}}
{"target": -1553.9336705453977, "params": {"gamma": 5.537964374290343, "lr": 0.8519762580648814}, "datetime": {"datetime": "2024-06-13 18:39:27", "elapsed": 5.85981, "delta": 0.003989}}
{"target": -1827.767554761957, "params": {"gamma": 7.9498792795045405, "lr": 0.6847567049785765}, "datetime": {"datetime": "2024-06-13 18:39:27", "elapsed": 5.864378, "delta": 0.004568}}
{"target": -1006.8094284463269, "params": {"gamma": 4.321638805905765, "lr": 0.6904340198543137}, "datetime": {"datetime": "2024-06-13 18:39:27", "elapsed": 5.868368, "delta": 0.00399}}
{"target": -371.5567827092081, "params": {"gamma": 2.161037487164819, "lr": 0.28394343784624676}, "datetime": {"datetime": "2024-06-13 18:39:27", "elapsed": 5.873354, "delta": 0.004986}}
{"target": -2448.6138213430163, "params": {"gamma": 7.778428288392944, "lr": 0.9299801363463566}, "datetime": {"datetime": "2024-06-13 18:39:27", "elapsed": 5.877343, "delta": 0.003989}}
{"target": -344.7093890154594, "params": {"gamma": 1.9013049866632814, "lr": 0.29606328941823257}, "datetime": {"datetime": "2024-06-13 18:39:27", "elapsed": 5.88233, "delta": 0.004987}}
{"target": -147.14031917544287, "params": {"gamma": 0.06309646163797043, "lr": 0.43156224528040166}, "datetime": {"datetime": "2024-06-13 18:39:27", "elapsed": 5.88632, "delta": 0.00399}}
{"target": -439.0134212382308, "params": {"gamma": 2.103740422454257, "lr": 0.6414247825536215}, "datetime": {"datetime": "2024-06-13 18:39:27", "elapsed": 5.891306, "delta": 0.004986}}
{"target": -2324.8468772181895, "params": {"gamma": 7.096182567565407, "lr": 0.11877771439848506}, "datetime": {"datetime": "2024-06-13 18:39:27", "elapsed": 5.895296, "delta": 0.00399}}
{"target": -290.7645194752534, "params": {"gamma": 0.8223578763172843, "lr": 0.9063350695803358}, "datetime": {"datetime": "2024-06-13 18:39:27", "elapsed": 5.900282, "delta": 0.004986}}
{"target": -704.7278446914374, "params": {"gamma": 3.8929983086548985, "lr": 0.5334034972660143}, "datetime": {"datetime": "2024-06-13 18:39:27", "elapsed": 5.904271, "delta": 0.003989}}
{"target": -2364.9540162046596, "params": {"gamma": 9.632452407571792, "lr": 0.7590540122163353}, "datetime": {"datetime": "2024-06-13 18:39:27", "elapsed": 5.908261, "delta": 0.00399}}
{"target": -1579.6205839711693, "params": {"gamma": 3.256077435692296, "lr": 0.08584930112029354}, "datetime": {"datetime": "2024-06-13 18:39:27", "elapsed": 5.912833, "delta": 0.004572}}
{"target": -776.9257496896835, "params": {"gamma": 5.360704142867423, "lr": 0.33612544293733115}, "datetime": {"datetime": "2024-06-13 18:39:27", "elapsed": 5.917819, "delta": 0.004986}}
{"target": -154.83773952562788, "params": {"gamma": 0.21783235985649294, "lr": 0.7711523332537787}, "datetime": {"datetime": "2024-06-13 18:39:27", "elapsed": 5.921809, "delta": 0.00399}}
{"target": -713.9316504424511, "params": {"gamma": 3.849706389409975, "lr": 0.5713211500587355}, "datetime": {"datetime": "2024-06-13 18:39:27", "elapsed": 5.926795, "delta": 0.004986}}
{"target": -2379.53209770576, "params": {"gamma": 7.557672815106508, "lr": 0.9408474199010457}, "datetime": {"datetime": "2024-06-13 18:39:27", "elapsed": 5.930785, "delta": 0.00399}}
{"target": -1021.7244202453188, "params": {"gamma": 6.123611064507542, "lr": 0.31539617878014314}, "datetime": {"datetime": "2024-06-13 18:39:27", "elapsed": 5.935772, "delta": 0.004987}}
{"target": -558.5082355255028, "params": {"gamma": 1.1016550019623323, "lr": 0.07391888791127221}, "datetime": {"datetime": "2024-06-13 18:39:27", "elapsed": 5.939761, "delta": 0.003989}}
{"target": -644.6495864115309, "params": {"gamma": 3.197588047953422, "lr": 0.660839138956005}, "datetime": {"datetime": "2024-06-13 18:39:27", "elapsed": 5.944747, "delta": 0.004986}}
{"target": -1238.8110682179447, "params": {"gamma": 6.9518254952121765, "lr": 0.20771804006298766}, "datetime": {"datetime": "2024-06-13 18:39:27", "elapsed": 5.949734, "delta": 0.004987}}
{"target": -200.6715892636458, "params": {"gamma": 0.8288765899448861, "lr": 0.3055106612860311}, "datetime": {"datetime": "2024-06-13 18:39:27", "elapsed": 5.953723, "delta": 0.003989}}
{"target": -1353.3939886274516, "params": {"gamma": 5.476198023985873, "lr": 0.7546696744748647}, "datetime": {"datetime": "2024-06-13 18:39:27", "elapsed": 5.95871, "delta": 0.004987}}
{"target": -879.7272914166435, "params": {"gamma": 5.297043548379857, "lr": 0.28698375274707455}, "datetime": {"datetime": "2024-06-13 18:39:27", "elapsed": 5.962701, "delta": 0.003991}}
{"target": -983.0387624875128, "params": {"gamma": 6.242173052915846, "lr": 0.2648366551761958}, "datetime": {"datetime": "2024-06-13 18:39:27", "elapsed": 5.967686, "delta": 0.004985}}
{"target": -1827.7276043720829, "params": {"gamma": 6.527276450430897, "lr": 0.8418980078267378}, "datetime": {"datetime": "2024-06-13 18:39:27", "elapsed": 5.971675, "delta": 0.003989}}
{"target": -1165.3656314603668, "params": {"gamma": 6.389839255863949, "lr": 0.5656314689767339}, "datetime": {"datetime": "2024-06-13 18:39:27", "elapsed": 5.976661, "delta": 0.004986}}
{"target": -912.3074892976654, "params": {"gamma": 3.072113950599342, "lr": 0.8767770399379612}, "datetime": {"datetime": "2024-06-13 18:39:27", "elapsed": 5.980652, "delta": 0.003991}}
{"target": -2427.230272681721, "params": {"gamma": 9.888230025288278, "lr": 0.777479431209941}, "datetime": {"datetime": "2024-06-13 18:39:27", "elapsed": 5.985638, "delta": 0.004986}}
{"target": -1616.5649127774038, "params": {"gamma": 5.736864931846622, "lr": 0.14127933264100168}, "datetime": {"datetime": "2024-06-13 18:39:27", "elapsed": 5.989658, "delta": 0.00402}}
{"target": -459.4628693481645, "params": {"gamma": 3.1499752949036433, "lr": 0.3668593185911837}, "datetime": {"datetime": "2024-06-13 18:39:27", "elapsed": 5.994644, "delta": 0.004986}}
{"target": -463.2149696063611, "params": {"gamma": 2.9196603150536307, "lr": 0.4459528147489278}, "datetime": {"datetime": "2024-06-13 18:39:27", "elapsed": 5.998603, "delta": 0.003959}}
{"target": -1091.4339283220218, "params": {"gamma": 6.106714536159591, "lr": 0.2129145905151636}, "datetime": {"datetime": "2024-06-13 18:39:27", "elapsed": 6.003621, "delta": 0.005018}}
{"target": -838.9129192134407, "params": {"gamma": 2.4983477831127514, "lr": 0.11215048322109678}, "datetime": {"datetime": "2024-06-13 18:39:27", "elapsed": 6.008577, "delta": 0.004956}}
{"target": -495.8195962152286, "params": {"gamma": 3.07657830315885, "lr": 0.49744827858464324}, "datetime": {"datetime": "2024-06-13 18:39:27", "elapsed": 6.012567, "delta": 0.00399}}
{"target": -1547.842298120639, "params": {"gamma": 4.898588039316173, "lr": 0.9955772118463961}, "datetime": {"datetime": "2024-06-13 18:39:27", "elapsed": 6.017553, "delta": 0.004986}}
{"target": -1623.531955435166, "params": {"gamma": 9.811104522073206, "lr": 0.4365627716811432}, "datetime": {"datetime": "2024-06-13 18:39:27", "elapsed": 6.02254, "delta": 0.004987}}
{"target": -1721.8317614236018, "params": {"gamma": 9.720234197281384, "lr": 0.21439790417581406}, "datetime": {"datetime": "2024-06-13 18:39:27", "elapsed": 6.026529, "delta": 0.003989}}
{"target": -827.5366907406793, "params": {"gamma": 5.411667740203425, "lr": 0.4534353144697316}, "datetime": {"datetime": "2024-06-13 18:39:27", "elapsed": 6.031516, "delta": 0.004987}}
{"target": -2699.7364606463702, "params": {"gamma": 9.67612136622795, "lr": 0.8361762231353584}, "datetime": {"datetime": "2024-06-13 18:39:27", "elapsed": 6.035505, "delta": 0.003989}}
{"target": -382.292521735605, "params": {"gamma": 2.142255100882632, "lr": 0.43953910215539116}, "datetime": {"datetime": "2024-06-13 18:39:27", "elapsed": 6.040492, "delta": 0.004987}}
{"target": -331.7015546672047, "params": {"gamma": 1.685601239492825, "lr": 0.5290872104552504}, "datetime": {"datetime": "2024-06-13 18:39:27", "elapsed": 6.044481, "delta": 0.003989}}
{"target": -3767.2247195937434, "params": {"gamma": 7.935053256996167, "lr": 0.03587914896601674}, "datetime": {"datetime": "2024-06-13 18:39:27", "elapsed": 6.049468, "delta": 0.004987}}
{"target": -622.2732732026699, "params": {"gamma": 1.9143974164796644, "lr": 0.9774555643930162}, "datetime": {"datetime": "2024-06-13 18:39:27", "elapsed": 6.053457, "delta": 0.003989}}
{"target": -1739.383230426959, "params": {"gamma": 9.608012262900427, "lr": 0.5565916591021018}, "datetime": {"datetime": "2024-06-13 18:39:27", "elapsed": 6.058443, "delta": 0.004986}}
{"target": -1016.3004160831896, "params": {"gamma": 6.461261124237896, "lr": 0.27209301429327437}, "datetime": {"datetime": "2024-06-13 18:39:27", "elapsed": 6.063431, "delta": 0.004988}}
{"target": -2183.566642816815, "params": {"gamma": 9.520958766042686, "lr": 0.66977480632724}, "datetime": {"datetime": "2024-06-13 18:39:27", "elapsed": 6.067419, "delta": 0.003988}}
{"target": -3170.660943654326, "params": {"gamma": 6.6684131433924785, "lr": 0.011103333369922863}, "datetime": {"datetime": "2024-06-13 18:39:27", "elapsed": 6.072406, "delta": 0.004987}}
{"target": -2171.1949235039565, "params": {"gamma": 8.529845528647078, "lr": 0.7783262186802019}, "datetime": {"datetime": "2024-06-13 18:39:27", "elapsed": 6.076396, "delta": 0.00399}}
{"target": -1611.4603123310892, "params": {"gamma": 6.849555045051163, "lr": 0.740781813019585}, "datetime": {"datetime": "2024-06-13 18:39:27", "elapsed": 6.080385, "delta": 0.003989}}
{"target": -394.78227681896107, "params": {"gamma": 1.5665676735591734, "lr": 0.71877505284865}, "datetime": {"datetime": "2024-06-13 18:39:27", "elapsed": 6.085371, "delta": 0.004986}}
{"target": -269.3866682186263, "params": {"gamma": 0.9690872885214075, "lr": 0.7069494480386341}, "datetime": {"datetime": "2024-06-13 18:39:27", "elapsed": 6.089361, "delta": 0.00399}}
{"target": -148.3181728826628, "params": {"gamma": 0.027315329458906884, "lr": 0.7762057874603809}, "datetime": {"datetime": "2024-06-13 18:39:27", "elapsed": 6.094348, "delta": 0.004987}}
{"target": -884.0502654266858, "params": {"gamma": 4.916080290630613, "lr": 0.20438686629786484}, "datetime": {"datetime": "2024-06-13 18:39:27", "elapsed": 6.098337, "delta": 0.003989}}
{"target": -1211.5364236341363, "params": {"gamma": 7.292736897839507, "lr": 0.3156541317831608}, "datetime": {"datetime": "2024-06-13 18:39:27", "elapsed": 6.103324, "delta": 0.004987}}
{"target": -1846.606337988125, "params": {"gamma": 8.83829208238512, "lr": 0.18023352523222202}, "datetime": {"datetime": "2024-06-13 18:39:27", "elapsed": 6.107313, "delta": 0.003989}}
{"target": -2951.586570130126, "params": {"gamma": 9.385567992205967, "lr": 0.9707501480531616}, "datetime": {"datetime": "2024-06-13 18:39:27", "elapsed": 6.1123, "delta": 0.004987}}
{"target": -903.5169204750072, "params": {"gamma": 3.0455479552792557, "lr": 0.8624863997043009}, "datetime": {"datetime": "2024-06-13 18:39:27", "elapsed": 6.117287, "delta": 0.004987}}
{"target": -1374.7276639739787, "params": {"gamma": 8.421949009551232, "lr": 0.4246127100946028}, "datetime": {"datetime": "2024-06-13 18:39:27", "elapsed": 6.121276, "delta": 0.003989}}
{"target": -589.1533531271696, "params": {"gamma": 3.637480394119995, "lr": 0.282437473235045}, "datetime": {"datetime": "2024-06-13 18:39:27", "elapsed": 6.126262, "delta": 0.004986}}
{"target": -1543.709342519062, "params": {"gamma": 9.93237460787099, "lr": 0.25575102695189966}, "datetime": {"datetime": "2024-06-13 18:39:27", "elapsed": 6.130252, "delta": 0.00399}}
{"target": -1500.6566878804588, "params": {"gamma": 9.206835301993463, "lr": 0.4283352137597225}, "datetime": {"datetime": "2024-06-13 18:39:27", "elapsed": 6.135276, "delta": 0.005024}}
{"target": -2610.609648502975, "params": {"gamma": 9.354334696401745, "lr": 0.8388448341981828}, "datetime": {"datetime": "2024-06-13 18:39:27", "elapsed": 6.139227, "delta": 0.003951}}
{"target": -304.35749621369223, "params": {"gamma": 1.5586174788295128, "lr": 0.5742833543508832}, "datetime": {"datetime": "2024-06-13 18:39:27", "elapsed": 6.144214, "delta": 0.004987}}
