{"target": -488.5105470329016, "params": {"gamma": 5.336999796367143, "lr": 0.31446701118584963}, "datetime": {"datetime": "2024-06-13 19:54:33", "elapsed": 0.760765, "delta": 0.002992}}
{"target": -834.5648968869488, "params": {"gamma": 9.1078175389072, "lr": 0.36655664385123443}, "datetime": {"datetime": "2024-06-13 19:54:33", "elapsed": 0.764754, "delta": 0.003989}}
{"target": -460.4649273613981, "params": {"gamma": 4.336489680404373, "lr": 0.5122926922783614}, "datetime": {"datetime": "2024-06-13 19:54:33", "elapsed": 0.767746, "delta": 0.002992}}
{"target": -1867.3266826157667, "params": {"gamma": 9.388925887219763, "lr": 0.030949006271150714}, "datetime": {"datetime": "2024-06-13 19:54:33", "elapsed": 0.770738, "delta": 0.002992}}
{"target": -989.4082885202671, "params": {"gamma": 7.1690697576532605, "lr": 0.8910189542923389}, "datetime": {"datetime": "2024-06-13 19:54:33", "elapsed": 0.774728, "delta": 0.00399}}
{"target": -134.68633666301184, "params": {"gamma": 0.2738449479511707, "lr": 0.5220512472525107}, "datetime": {"datetime": "2024-06-13 19:54:33", "elapsed": 0.77772, "delta": 0.002992}}
{"target": -436.1300099775718, "params": {"gamma": 3.2605721278884827, "lr": 0.8594893208655858}, "datetime": {"datetime": "2024-06-13 19:54:33", "elapsed": 0.780712, "delta": 0.002992}}
{"target": -623.5964558137646, "params": {"gamma": 5.585606992674257, "lr": 0.6902278681627478}, "datetime": {"datetime": "2024-06-13 19:54:33", "elapsed": 0.784701, "delta": 0.003989}}
{"target": -450.68485720201926, "params": {"gamma": 4.529082146015424, "lr": 0.6283090375213571}, "datetime": {"datetime": "2024-06-13 19:54:33", "elapsed": 0.787693, "delta": 0.002992}}
{"target": -583.9283960598659, "params": {"gamma": 2.901678420022571, "lr": 0.009348577966515781}, "datetime": {"datetime": "2024-06-13 19:54:33", "elapsed": 0.790685, "delta": 0.002992}}
{"target": -525.0709420437508, "params": {"gamma": 5.767982593935921, "lr": 0.3114442141324628}, "datetime": {"datetime": "2024-06-13 19:54:33", "elapsed": 0.794674, "delta": 0.003989}}
{"target": -720.2073856547582, "params": {"gamma": 5.1731587174127975, "lr": 0.9164058530538978}, "datetime": {"datetime": "2024-06-13 19:54:33", "elapsed": 0.797667, "delta": 0.002993}}
{"target": -437.780467616253, "params": {"gamma": 4.265321410225459, "lr": 0.2473960366023854}, "datetime": {"datetime": "2024-06-13 19:54:33", "elapsed": 0.800658, "delta": 0.002991}}
{"target": -526.1482238317475, "params": {"gamma": 3.7135663190292654, "lr": 0.9318611166365406}, "datetime": {"datetime": "2024-06-13 19:54:33", "elapsed": 0.804648, "delta": 0.00399}}
{"target": -1206.1695426998463, "params": {"gamma": 9.368746944709628, "lr": 0.8443299485657132}, "datetime": {"datetime": "2024-06-13 19:54:33", "elapsed": 0.80764, "delta": 0.002992}}
{"target": -923.0540677919369, "params": {"gamma": 9.202144936542298, "lr": 0.22790028995131695}, "datetime": {"datetime": "2024-06-13 19:54:33", "elapsed": 0.810632, "delta": 0.002992}}
{"target": -136.12997337081805, "params": {"gamma": 0.8757346133263552, "lr": 0.22730973628468876}, "datetime": {"datetime": "2024-06-13 19:54:33", "elapsed": 0.813624, "delta": 0.002992}}
{"target": -408.73297933395304, "params": {"gamma": 3.1444517845243904, "lr": 0.17476587635631158}, "datetime": {"datetime": "2024-06-13 19:54:33", "elapsed": 0.817613, "delta": 0.003989}}
{"target": -597.09719626855, "params": {"gamma": 6.071334525562633, "lr": 0.41358641500116133}, "datetime": {"datetime": "2024-06-13 19:54:33", "elapsed": 0.820605, "delta": 0.002992}}
{"target": -965.1774920835109, "params": {"gamma": 8.163698766760314, "lr": 0.18513039826903066}, "datetime": {"datetime": "2024-06-13 19:54:33", "elapsed": 0.824595, "delta": 0.00399}}
{"target": -708.0776918995164, "params": {"gamma": 7.019063421033349, "lr": 0.24035562484913886}, "datetime": {"datetime": "2024-06-13 19:54:33", "elapsed": 0.827587, "delta": 0.002992}}
{"target": -533.5798700081709, "params": {"gamma": 5.742616669319757, "lr": 0.34898759722078887}, "datetime": {"datetime": "2024-06-13 19:54:33", "elapsed": 0.830579, "delta": 0.002992}}
{"target": -122.6756480050268, "params": {"gamma": 0.5705870304288444, "lr": 0.22881367096037586}, "datetime": {"datetime": "2024-06-13 19:54:33", "elapsed": 0.834568, "delta": 0.003989}}
{"target": -641.237524726208, "params": {"gamma": 6.641361450992581, "lr": 0.4972500933605313}, "datetime": {"datetime": "2024-06-13 19:54:33", "elapsed": 0.83756, "delta": 0.002992}}
{"target": -654.6529542729288, "params": {"gamma": 5.190640824752714, "lr": 0.1747201501089225}, "datetime": {"datetime": "2024-06-13 19:54:33", "elapsed": 0.841549, "delta": 0.003989}}
{"target": -791.599743183129, "params": {"gamma": 5.7075877996110185, "lr": 0.99675342520821}, "datetime": {"datetime": "2024-06-13 19:54:33", "elapsed": 0.844541, "delta": 0.002992}}
{"target": -763.786789077316, "params": {"gamma": 8.168534252807428, "lr": 0.5943726238309778}, "datetime": {"datetime": "2024-06-13 19:54:33", "elapsed": 0.847534, "delta": 0.002993}}
{"target": -1337.711047376384, "params": {"gamma": 9.759914694240718, "lr": 0.9015625846693213}, "datetime": {"datetime": "2024-06-13 19:54:33", "elapsed": 0.851523, "delta": 0.003989}}
{"target": -1187.7509909275482, "params": {"gamma": 5.956483728092853, "lr": 0.032426325314457105}, "datetime": {"datetime": "2024-06-13 19:54:33", "elapsed": 0.854514, "delta": 0.002991}}
{"target": -206.44647667640666, "params": {"gamma": 0.93667738107899, "lr": 0.06537171504222639}, "datetime": {"datetime": "2024-06-13 19:54:33", "elapsed": 0.857507, "delta": 0.002993}}
{"target": -437.99275813118993, "params": {"gamma": 4.517879753766062, "lr": 0.37543483316785775}, "datetime": {"datetime": "2024-06-13 19:54:33", "elapsed": 0.861496, "delta": 0.003989}}
{"target": -1206.5186737959962, "params": {"gamma": 9.753524992668595, "lr": 0.1679832931996149}, "datetime": {"datetime": "2024-06-13 19:54:33", "elapsed": 0.864488, "delta": 0.002992}}
{"target": -1220.1112521043922, "params": {"gamma": 9.72790313173462, "lr": 0.7674748688630131}, "datetime": {"datetime": "2024-06-13 19:54:33", "elapsed": 0.86748, "delta": 0.002992}}
{"target": -789.5940427394199, "params": {"gamma": 8.242554158405353, "lr": 0.6326158167779973}, "datetime": {"datetime": "2024-06-13 19:54:33", "elapsed": 0.871469, "delta": 0.003989}}
{"target": -645.5603118047978, "params": {"gamma": 6.6876589692971145, "lr": 0.47688233352119336}, "datetime": {"datetime": "2024-06-13 19:54:33", "elapsed": 0.874461, "delta": 0.002992}}
{"target": -134.05683178766995, "params": {"gamma": 0.13235043287379938, "lr": 0.3530060855418248}, "datetime": {"datetime": "2024-06-13 19:54:33", "elapsed": 0.877453, "delta": 0.002992}}
{"target": -582.2441903485831, "params": {"gamma": 4.9212259431340915, "lr": 0.7300912110901043}, "datetime": {"datetime": "2024-06-13 19:54:33", "elapsed": 0.881443, "delta": 0.00399}}
{"target": -459.19436927350614, "params": {"gamma": 4.686814799118347, "lr": 0.4574049160894317}, "datetime": {"datetime": "2024-06-13 19:54:33", "elapsed": 0.884434, "delta": 0.002991}}
{"target": -287.2662225676433, "params": {"gamma": 1.377489746715086, "lr": 0.01088873380347899}, "datetime": {"datetime": "2024-06-13 19:54:33", "elapsed": 0.887427, "delta": 0.002993}}
{"target": -679.2363452652471, "params": {"gamma": 7.583024326509486, "lr": 0.3199528380776784}, "datetime": {"datetime": "2024-06-13 19:54:33", "elapsed": 0.891416, "delta": 0.003989}}
{"target": -985.4249634576353, "params": {"gamma": 9.843850118484914, "lr": 0.220234226159156}, "datetime": {"datetime": "2024-06-13 19:54:33", "elapsed": 0.894408, "delta": 0.002992}}
{"target": -368.72900021783914, "params": {"gamma": 3.387741546791315, "lr": 0.5238961356661317}, "datetime": {"datetime": "2024-06-13 19:54:33", "elapsed": 0.8974, "delta": 0.002992}}
{"target": -726.0325871689715, "params": {"gamma": 7.549159679148268, "lr": 0.46385778390029564}, "datetime": {"datetime": "2024-06-13 19:54:33", "elapsed": 0.901389, "delta": 0.003989}}
{"target": -157.15749671546882, "params": {"gamma": 1.2491006085736511, "lr": 0.3125013784920495}, "datetime": {"datetime": "2024-06-13 19:54:33", "elapsed": 0.904381, "delta": 0.002992}}
{"target": -566.5526383343819, "params": {"gamma": 5.045687177840246, "lr": 0.6738490080168676}, "datetime": {"datetime": "2024-06-13 19:54:33", "elapsed": 0.907374, "delta": 0.002993}}
{"target": -921.5396688557566, "params": {"gamma": 7.70172941316461, "lr": 0.13033578095435427}, "datetime": {"datetime": "2024-06-13 19:54:33", "elapsed": 0.911363, "delta": 0.003989}}
{"target": -135.39803942281824, "params": {"gamma": 0.23012839809249527, "lr": 0.5190823222119895}, "datetime": {"datetime": "2024-06-13 19:54:33", "elapsed": 0.914354, "delta": 0.002991}}
{"target": -1612.1388127565108, "params": {"gamma": 8.1000771179135, "lr": 0.012603767029876312}, "datetime": {"datetime": "2024-06-13 19:54:33", "elapsed": 0.918344, "delta": 0.00399}}
{"target": -744.1800080813806, "params": {"gamma": 6.725025976692686, "lr": 0.6868082266569918}, "datetime": {"datetime": "2024-06-13 19:54:33", "elapsed": 0.921336, "delta": 0.002992}}
{"target": -629.5449254271084, "params": {"gamma": 4.49301828911279, "lr": 0.9147886867419343}, "datetime": {"datetime": "2024-06-13 19:54:33", "elapsed": 0.924328, "delta": 0.002992}}
{"target": -1284.2534657385834, "params": {"gamma": 6.443966486485173, "lr": 0.005239837651465851}, "datetime": {"datetime": "2024-06-13 19:54:33", "elapsed": 0.928317, "delta": 0.003989}}
{"target": -627.8959552721898, "params": {"gamma": 4.844800026698242, "lr": 0.8593178060976}, "datetime": {"datetime": "2024-06-13 19:54:33", "elapsed": 0.931309, "delta": 0.002992}}
{"target": -795.229438918951, "params": {"gamma": 8.304165300803357, "lr": 0.6491541971124779}, "datetime": {"datetime": "2024-06-13 19:54:33", "elapsed": 0.934301, "delta": 0.002992}}
{"target": -636.4966763119002, "params": {"gamma": 6.737310540562419, "lr": 0.5784995797892005}, "datetime": {"datetime": "2024-06-13 19:54:33", "elapsed": 0.938291, "delta": 0.00399}}
{"target": -310.0544691538253, "params": {"gamma": 2.741923631893355, "lr": 0.5605299905360588}, "datetime": {"datetime": "2024-06-13 19:54:33", "elapsed": 0.941283, "delta": 0.002992}}
{"target": -620.7136052650294, "params": {"gamma": 6.717626118389386, "lr": 0.35242963021640883}, "datetime": {"datetime": "2024-06-13 19:54:33", "elapsed": 0.945273, "delta": 0.00399}}
{"target": -1010.5672447380446, "params": {"gamma": 8.558427844172023, "lr": 0.1950374860087073}, "datetime": {"datetime": "2024-06-13 19:54:33", "elapsed": 0.948264, "delta": 0.002991}}
{"target": -669.9259844259318, "params": {"gamma": 7.473460782508901, "lr": 0.2896027461868774}, "datetime": {"datetime": "2024-06-13 19:54:33", "elapsed": 0.952253, "delta": 0.003989}}
{"target": -755.29698927316, "params": {"gamma": 7.738219073154577, "lr": 0.4277373293360762}, "datetime": {"datetime": "2024-06-13 19:54:33", "elapsed": 0.955245, "delta": 0.002992}}
{"target": -742.3353541654363, "params": {"gamma": 8.077176392712982, "lr": 0.3535348626679904}, "datetime": {"datetime": "2024-06-13 19:54:33", "elapsed": 0.958237, "delta": 0.002992}}
{"target": -295.7688143435912, "params": {"gamma": 2.137718683058182, "lr": 0.7672845084217665}, "datetime": {"datetime": "2024-06-13 19:54:33", "elapsed": 0.962227, "delta": 0.00399}}
{"target": -379.20958459137984, "params": {"gamma": 3.0871108343588807, "lr": 0.7332450677264275}, "datetime": {"datetime": "2024-06-13 19:54:33", "elapsed": 0.965219, "delta": 0.002992}}
{"target": -751.5671542905408, "params": {"gamma": 7.444987057624244, "lr": 0.22139670090820107}, "datetime": {"datetime": "2024-06-13 19:54:33", "elapsed": 0.969208, "delta": 0.003989}}
{"target": -277.94205952461584, "params": {"gamma": 2.141907256069664, "lr": 0.1989479234270667}, "datetime": {"datetime": "2024-06-13 19:54:33", "elapsed": 0.972201, "delta": 0.002993}}
{"target": -168.63557888627847, "params": {"gamma": 1.4260408593206808, "lr": 0.3770825992073341}, "datetime": {"datetime": "2024-06-13 19:54:33", "elapsed": 0.976189, "delta": 0.003988}}
{"target": -119.28734237423346, "params": {"gamma": 0.26725221903152313, "lr": 0.11092036903424063}, "datetime": {"datetime": "2024-06-13 19:54:33", "elapsed": 0.979181, "delta": 0.002992}}
{"target": -860.1888517485262, "params": {"gamma": 6.745965673610343, "lr": 0.7997765368973863}, "datetime": {"datetime": "2024-06-13 19:54:33", "elapsed": 0.983171, "delta": 0.00399}}
{"target": -132.3068227500367, "params": {"gamma": 0.8062147417567307, "lr": 0.23170231048579204}, "datetime": {"datetime": "2024-06-13 19:54:33", "elapsed": 0.98716, "delta": 0.003989}}
{"target": -314.19379430829173, "params": {"gamma": 2.0770489923763398, "lr": 0.9173335630816306}, "datetime": {"datetime": "2024-06-13 19:54:33", "elapsed": 0.990152, "delta": 0.002992}}
{"target": -731.8461931918697, "params": {"gamma": 7.113433866846732, "lr": 0.5538846110514143}, "datetime": {"datetime": "2024-06-13 19:54:33", "elapsed": 0.993144, "delta": 0.002992}}
{"target": -413.85483893522087, "params": {"gamma": 3.0458753612182816, "lr": 0.8348540476317985}, "datetime": {"datetime": "2024-06-13 19:54:33", "elapsed": 0.997134, "delta": 0.00399}}
{"target": -611.0041240209185, "params": {"gamma": 4.353624270337571, "lr": 0.9234562151187752}, "datetime": {"datetime": "2024-06-13 19:54:33", "elapsed": 1.001124, "delta": 0.00399}}
{"target": -680.4093362308363, "params": {"gamma": 7.0608119915549965, "lr": 0.47803130796528337}, "datetime": {"datetime": "2024-06-13 19:54:33", "elapsed": 1.005113, "delta": 0.003989}}
{"target": -216.7951532803083, "params": {"gamma": 1.2629748273898376, "lr": 0.9760435504677476}, "datetime": {"datetime": "2024-06-13 19:54:33", "elapsed": 1.009102, "delta": 0.003989}}
{"target": -193.20514523365065, "params": {"gamma": 1.5991766697905894, "lr": 0.2026021252196626}, "datetime": {"datetime": "2024-06-13 19:54:33", "elapsed": 1.013092, "delta": 0.00399}}
{"target": -430.7323116734057, "params": {"gamma": 4.312386369848549, "lr": 0.40420190577514725}, "datetime": {"datetime": "2024-06-13 19:54:33", "elapsed": 1.01708, "delta": 0.003988}}
{"target": -209.5983224430029, "params": {"gamma": 1.4683680561621768, "lr": 0.7293189193611234}, "datetime": {"datetime": "2024-06-13 19:54:33", "elapsed": 1.020072, "delta": 0.002992}}
{"target": -219.30930705821967, "params": {"gamma": 1.8882619237049822, "lr": 0.6438956443116628}, "datetime": {"datetime": "2024-06-13 19:54:33", "elapsed": 1.024061, "delta": 0.003989}}
{"target": -761.1499459438063, "params": {"gamma": 7.543305199812411, "lr": 0.21073239208332073}, "datetime": {"datetime": "2024-06-13 19:54:33", "elapsed": 1.027053, "delta": 0.002992}}
{"target": -703.8443241392471, "params": {"gamma": 6.0099415268282925, "lr": 0.7489283752458364}, "datetime": {"datetime": "2024-06-13 19:54:33", "elapsed": 1.031043, "delta": 0.00399}}
{"target": -604.9663346014795, "params": {"gamma": 6.382548887492715, "lr": 0.5971273029466491}, "datetime": {"datetime": "2024-06-13 19:54:33", "elapsed": 1.034035, "delta": 0.002992}}
{"target": -364.86254502433616, "params": {"gamma": 2.955527374269315, "lr": 0.7316064712415088}, "datetime": {"datetime": "2024-06-13 19:54:33", "elapsed": 1.037027, "delta": 0.002992}}
{"target": -918.1713570710195, "params": {"gamma": 9.453139091559498, "lr": 0.42556139026154693}, "datetime": {"datetime": "2024-06-13 19:54:33", "elapsed": 1.041016, "delta": 0.003989}}
{"target": -1557.0885226060461, "params": {"gamma": 7.822035986497222, "lr": 0.056141039661915304}, "datetime": {"datetime": "2024-06-13 19:54:33", "elapsed": 1.044008, "delta": 0.002992}}
{"target": -986.9312582015718, "params": {"gamma": 8.35288075329717, "lr": 0.1922500168221477}, "datetime": {"datetime": "2024-06-13 19:54:33", "elapsed": 1.047, "delta": 0.002992}}
{"target": -371.3845955826441, "params": {"gamma": 3.951573592030842, "lr": 0.30008104592535645}, "datetime": {"datetime": "2024-06-13 19:54:33", "elapsed": 1.05099, "delta": 0.00399}}
{"target": -169.13327192993663, "params": {"gamma": 0.8019563344166869, "lr": 0.9046310029362429}, "datetime": {"datetime": "2024-06-13 19:54:33", "elapsed": 1.053981, "delta": 0.002991}}
{"target": -398.9955659300803, "params": {"gamma": 3.702171621359829, "lr": 0.5306974384761395}, "datetime": {"datetime": "2024-06-13 19:54:33", "elapsed": 1.057971, "delta": 0.00399}}
{"target": -600.4073362612862, "params": {"gamma": 4.941668542697355, "lr": 0.13216114194293815}, "datetime": {"datetime": "2024-06-13 19:54:33", "elapsed": 1.060962, "delta": 0.002991}}
{"target": -419.88697873379454, "params": {"gamma": 2.0653341348354406, "lr": 0.07618880903232117}, "datetime": {"datetime": "2024-06-13 19:54:33", "elapsed": 1.064952, "delta": 0.00399}}
{"target": -496.8859191489693, "params": {"gamma": 5.07970907775293, "lr": 0.2615495518329871}, "datetime": {"datetime": "2024-06-13 19:54:33", "elapsed": 1.067944, "delta": 0.002992}}
{"target": -529.3379839611537, "params": {"gamma": 3.5712590272190368, "lr": 0.10806532869723684}, "datetime": {"datetime": "2024-06-13 19:54:33", "elapsed": 1.071933, "delta": 0.003989}}
{"target": -1154.255234120466, "params": {"gamma": 7.87573084468542, "lr": 0.1065838767888011}, "datetime": {"datetime": "2024-06-13 19:54:33", "elapsed": 1.074926, "delta": 0.002993}}
{"target": -1219.051303992744, "params": {"gamma": 9.857102528308165, "lr": 0.17716116443841734}, "datetime": {"datetime": "2024-06-13 19:54:33", "elapsed": 1.078915, "delta": 0.003989}}
{"target": -1141.8269499333044, "params": {"gamma": 5.724478719234059, "lr": 0.044845334589088126}, "datetime": {"datetime": "2024-06-13 19:54:33", "elapsed": 1.081907, "delta": 0.002992}}
{"target": -931.5646087613593, "params": {"gamma": 7.871375780268687, "lr": 0.18960594781829654}, "datetime": {"datetime": "2024-06-13 19:54:33", "elapsed": 1.085896, "delta": 0.003989}}
{"target": -622.2240234728905, "params": {"gamma": 5.279511880102859, "lr": 0.7400775431590716}, "datetime": {"datetime": "2024-06-13 19:54:33", "elapsed": 1.088888, "delta": 0.002992}}
{"target": -196.48343441107696, "params": {"gamma": 1.5001649176876422, "lr": 0.5510871741869717}, "datetime": {"datetime": "2024-06-13 19:54:33", "elapsed": 1.092877, "delta": 0.003989}}
{"target": -299.10036443831916, "params": {"gamma": 2.1669554660794654, "lr": 0.7591960493171447}, "datetime": {"datetime": "2024-06-13 19:54:33", "elapsed": 1.095869, "delta": 0.002992}}
{"target": -901.13244001284, "params": {"gamma": 7.229429020368581, "lr": 0.17654903427708302}, "datetime": {"datetime": "2024-06-13 19:54:33", "elapsed": 1.099859, "delta": 0.00399}}
{"target": -1715.0423151900957, "params": {"gamma": 8.619803610113067, "lr": 0.019775099516344263}, "datetime": {"datetime": "2024-06-13 19:54:33", "elapsed": 1.102851, "delta": 0.002992}}
{"target": -886.3292233598233, "params": {"gamma": 8.60250973723373, "lr": 0.5589038111609383}, "datetime": {"datetime": "2024-06-13 19:54:33", "elapsed": 1.10684, "delta": 0.003989}}
{"target": -521.0655931272046, "params": {"gamma": 4.032801500586387, "lr": 0.7587469310223366}, "datetime": {"datetime": "2024-06-13 19:54:33", "elapsed": 1.109832, "delta": 0.002992}}
{"target": -987.2226598003783, "params": {"gamma": 7.169573087923007, "lr": 0.9873261748084265}, "datetime": {"datetime": "2024-06-13 19:54:33", "elapsed": 1.113822, "delta": 0.00399}}
{"target": -560.2901057304025, "params": {"gamma": 2.7815724010812146, "lr": 0.0037936724093425855}, "datetime": {"datetime": "2024-06-13 19:54:33", "elapsed": 1.116814, "delta": 0.002992}}
{"target": -1177.397986997017, "params": {"gamma": 9.339092180540563, "lr": 0.8578971045378938}, "datetime": {"datetime": "2024-06-13 19:54:33", "elapsed": 1.12035, "delta": 0.003536}}
{"target": -749.0206531734806, "params": {"gamma": 7.28877992431504, "lr": 0.5166887829215384}, "datetime": {"datetime": "2024-06-13 19:54:33", "elapsed": 1.124339, "delta": 0.003989}}
{"target": -900.321743796422, "params": {"gamma": 7.069855496242362, "lr": 0.7805295568767427}, "datetime": {"datetime": "2024-06-13 19:54:33", "elapsed": 1.127332, "delta": 0.002993}}
{"target": -486.66288305157013, "params": {"gamma": 3.749384559425057, "lr": 0.7703225253299576}, "datetime": {"datetime": "2024-06-13 19:54:33", "elapsed": 1.130325, "delta": 0.002993}}
{"target": -722.2777615516778, "params": {"gamma": 7.506492567432579, "lr": 0.6132112115442597}, "datetime": {"datetime": "2024-06-13 19:54:33", "elapsed": 1.134312, "delta": 0.003987}}
{"target": -458.5056454838135, "params": {"gamma": 4.019257373754407, "lr": 0.6973080192643409}, "datetime": {"datetime": "2024-06-13 19:54:33", "elapsed": 1.138302, "delta": 0.00399}}
{"target": -143.09967999862332, "params": {"gamma": 0.032125465394095866, "lr": 0.7748966467245978}, "datetime": {"datetime": "2024-06-13 19:54:33", "elapsed": 1.141294, "delta": 0.002992}}
{"target": -899.6252973814957, "params": {"gamma": 8.964269607966013, "lr": 0.23931570743750463}, "datetime": {"datetime": "2024-06-13 19:54:33", "elapsed": 1.144286, "delta": 0.002992}}
{"target": -161.12094019538637, "params": {"gamma": 1.208551075907988, "lr": 0.2202839877937276}, "datetime": {"datetime": "2024-06-13 19:54:33", "elapsed": 1.148275, "delta": 0.003989}}
{"target": -407.5036199220167, "params": {"gamma": 3.021665216169693, "lr": 0.8830285085638342}, "datetime": {"datetime": "2024-06-13 19:54:33", "elapsed": 1.151267, "delta": 0.002992}}
{"target": -496.57688257623505, "params": {"gamma": 5.432121135950708, "lr": 0.2867116496064306}, "datetime": {"datetime": "2024-06-13 19:54:33", "elapsed": 1.155257, "delta": 0.00399}}
{"target": -166.06271056346517, "params": {"gamma": 1.3844085432396722, "lr": 0.29014446310454167}, "datetime": {"datetime": "2024-06-13 19:54:33", "elapsed": 1.158249, "delta": 0.002992}}
