{"target": -149.74442231139125, "params": {"gamma": 2.3106546042570515, "prior": 0.6739605523903935, "rate": 1.3890263639386906}, "datetime": {"datetime": "2024-06-14 04:07:29", "elapsed": 4.711285, "delta": 0.008978}}
{"target": -601.5687879431408, "params": {"gamma": 9.351596002308344, "prior": 8.896566823226658, "rate": 2.893315694333617}, "datetime": {"datetime": "2024-06-14 04:07:29", "elapsed": 4.721256, "delta": 0.009971}}
{"target": -532.5597141398007, "params": {"gamma": 9.477692896949968, "prior": 8.514312298791047, "rate": 4.347113285922664}, "datetime": {"datetime": "2024-06-14 04:07:29", "elapsed": 4.730232, "delta": 0.008976}}
{"target": -335.63425384717254, "params": {"gamma": 4.681027499109862, "prior": 6.335544913675885, "rate": 1.581160317803163}, "datetime": {"datetime": "2024-06-14 04:07:29", "elapsed": 4.739208, "delta": 0.008976}}
{"target": -157.82191835895333, "params": {"gamma": 0.14880608533418707, "prior": 2.72856897297662, "rate": 0.15542087579566607}, "datetime": {"datetime": "2024-06-14 04:07:29", "elapsed": 4.749181, "delta": 0.009973}}
{"target": -368.8401770931173, "params": {"gamma": 6.745313942778413, "prior": 5.559541474546487, "rate": 3.2171598078821737}, "datetime": {"datetime": "2024-06-14 04:07:29", "elapsed": 4.758158, "delta": 0.008977}}
{"target": -327.39909081549376, "params": {"gamma": 7.802243168860467, "prior": 1.543275769026293, "rate": 2.449561506980074}, "datetime": {"datetime": "2024-06-14 04:07:29", "elapsed": 4.767133, "delta": 0.008975}}
{"target": -207.64930727216893, "params": {"gamma": 2.923845306630798, "prior": 2.0397262703400223, "rate": 0.8802988990222627}, "datetime": {"datetime": "2024-06-14 04:07:29", "elapsed": 4.776109, "delta": 0.008976}}
{"target": -549.5490512103221, "params": {"gamma": 8.699891826535803, "prior": 0.9730675911579497, "rate": 6.837419647880558}, "datetime": {"datetime": "2024-06-14 04:07:29", "elapsed": 4.785085, "delta": 0.008976}}
{"target": -146.56564688488672, "params": {"gamma": 1.204888367700376, "prior": 0.20592013112732416, "rate": 5.573125032519063}, "datetime": {"datetime": "2024-06-14 04:07:29", "elapsed": 4.795059, "delta": 0.009974}}
{"target": -555.2380484346287, "params": {"gamma": 9.071183443148486, "prior": 8.618521006635163, "rate": 3.3851753897983823}, "datetime": {"datetime": "2024-06-14 04:07:29", "elapsed": 4.804035, "delta": 0.008976}}
{"target": -141.71869337979413, "params": {"gamma": 0.27256113442929636, "prior": 8.028507615787328, "rate": 8.06004333796437}, "datetime": {"datetime": "2024-06-14 04:07:29", "elapsed": 4.813011, "delta": 0.008976}}
{"target": -359.2687940819609, "params": {"gamma": 8.685012674911418, "prior": 6.729501338767777, "rate": 8.077980844288449}, "datetime": {"datetime": "2024-06-14 04:07:29", "elapsed": 4.822984, "delta": 0.009973}}
{"target": -368.7069508042326, "params": {"gamma": 8.9750853247459, "prior": 4.592916509851121, "rate": 5.578695211845391}, "datetime": {"datetime": "2024-06-14 04:07:29", "elapsed": 4.83196, "delta": 0.008976}}
{"target": -243.7788784671063, "params": {"gamma": 5.06180515715352, "prior": 6.9506406547897654, "rate": 6.829385769431119}, "datetime": {"datetime": "2024-06-14 04:07:29", "elapsed": 4.840936, "delta": 0.008976}}
{"target": -288.4709737870887, "params": {"gamma": 5.203616044997302, "prior": 8.301834666046165, "rate": 5.058288088511875}, "datetime": {"datetime": "2024-06-14 04:07:29", "elapsed": 4.849912, "delta": 0.008976}}
{"target": -433.9939089461543, "params": {"gamma": 8.248760765289934, "prior": 2.8902663726181053, "rate": 1.7857698349419049}, "datetime": {"datetime": "2024-06-14 04:07:29", "elapsed": 4.859885, "delta": 0.009973}}
{"target": -612.2469091486099, "params": {"gamma": 9.698735832876796, "prior": 7.44520130201516, "rate": 2.598657141350841}, "datetime": {"datetime": "2024-06-14 04:07:29", "elapsed": 4.868862, "delta": 0.008977}}
{"target": -474.1526949077043, "params": {"gamma": 5.8127721875694265, "prior": 9.557096310028049, "rate": 0.808458324212976}, "datetime": {"datetime": "2024-06-14 04:07:29", "elapsed": 4.878863, "delta": 0.010001}}
{"target": -148.1446491586459, "params": {"gamma": 0.8362585364103492, "prior": 6.229434831057081, "rate": 2.245710294880741}, "datetime": {"datetime": "2024-06-14 04:07:29", "elapsed": 4.887811, "delta": 0.008948}}
{"target": -324.9898983840854, "params": {"gamma": 7.652074383378348, "prior": 5.72471017519614, "rate": 6.66221471414473}, "datetime": {"datetime": "2024-06-14 04:07:29", "elapsed": 4.896787, "delta": 0.008976}}
{"target": -129.6845761775918, "params": {"gamma": 1.0790311940451294, "prior": 0.9344022092219122, "rate": 6.251585561986592}, "datetime": {"datetime": "2024-06-14 04:07:29", "elapsed": 4.906796, "delta": 0.010009}}
{"target": -238.74025806324053, "params": {"gamma": 4.097902880079071, "prior": 0.9637999863326198, "rate": 3.711268386216875}, "datetime": {"datetime": "2024-06-14 04:07:29", "elapsed": 4.915736, "delta": 0.00894}}
{"target": -382.86609107287273, "params": {"gamma": 6.72177195215883, "prior": 1.9769152618966988, "rate": 8.957395356178512}, "datetime": {"datetime": "2024-06-14 04:07:29", "elapsed": 4.925709, "delta": 0.009973}}
{"target": -455.59227578033176, "params": {"gamma": 9.498514042411992, "prior": 9.619568170101886, "rate": 7.301095494844863}, "datetime": {"datetime": "2024-06-14 04:07:29", "elapsed": 4.934686, "delta": 0.008977}}
{"target": -269.7039179576799, "params": {"gamma": 4.063477988455463, "prior": 7.463117043877074, "rate": 2.8805808058682407}, "datetime": {"datetime": "2024-06-14 04:07:29", "elapsed": 4.943661, "delta": 0.008975}}
{"target": -178.83919828505057, "params": {"gamma": 3.144857806685071, "prior": 6.098373976056793, "rate": 5.948876486945769}, "datetime": {"datetime": "2024-06-14 04:07:29", "elapsed": 4.953635, "delta": 0.009974}}
{"target": -429.3563527301099, "params": {"gamma": 8.786731102181795, "prior": 2.620547481039712, "rate": 7.662117463663015}, "datetime": {"datetime": "2024-06-14 04:07:29", "elapsed": 4.962611, "delta": 0.008976}}
{"target": -754.1075735615102, "params": {"gamma": 9.410191654922194, "prior": 0.11022603331157285, "rate": 4.761415090903047}, "datetime": {"datetime": "2024-06-14 04:07:29", "elapsed": 4.971587, "delta": 0.008976}}
{"target": -467.47856667183044, "params": {"gamma": 6.570746249918269, "prior": 8.448899817803273, "rate": 1.8382103793481412}, "datetime": {"datetime": "2024-06-14 04:07:29", "elapsed": 4.98156, "delta": 0.009973}}
{"target": -393.3176220123819, "params": {"gamma": 8.56173622063573, "prior": 3.7072182505845768, "rate": 8.922847018832448}, "datetime": {"datetime": "2024-06-14 04:07:29", "elapsed": 4.990536, "delta": 0.008976}}
{"target": -132.27991846141555, "params": {"gamma": 0.2780896894835276, "prior": 0.9453623773193891, "rate": 9.81412324707537}, "datetime": {"datetime": "2024-06-14 04:07:29", "elapsed": 4.999512, "delta": 0.008976}}
{"target": -378.7483358842052, "params": {"gamma": 6.095409755809193, "prior": 4.234560233460414, "rate": 1.6929726327522117}, "datetime": {"datetime": "2024-06-14 04:07:29", "elapsed": 5.008488, "delta": 0.008976}}
{"target": -410.8203641488499, "params": {"gamma": 6.499361629743811, "prior": 0.46605317675764246, "rate": 3.116827520693586}, "datetime": {"datetime": "2024-06-14 04:07:29", "elapsed": 5.018459, "delta": 0.009971}}
{"target": -179.05672514009265, "params": {"gamma": 3.2354684906937643, "prior": 6.11367474579408, "rate": 6.508661735500295}, "datetime": {"datetime": "2024-06-14 04:07:29", "elapsed": 5.027435, "delta": 0.008976}}
{"target": -420.0694193243385, "params": {"gamma": 8.460699937765456, "prior": 9.28305133171568, "rate": 6.604916818383386}, "datetime": {"datetime": "2024-06-14 04:07:29", "elapsed": 5.036411, "delta": 0.008976}}
{"target": -278.7514510128152, "params": {"gamma": 5.782161010166973, "prior": 4.047283881927183, "rate": 9.666158313928777}, "datetime": {"datetime": "2024-06-14 04:07:29", "elapsed": 5.045388, "delta": 0.008977}}
{"target": -163.42127155781915, "params": {"gamma": 1.541637639151742, "prior": 8.96135940562162, "rate": 3.1108196657805305}, "datetime": {"datetime": "2024-06-14 04:07:29", "elapsed": 5.05536, "delta": 0.009972}}
{"target": -358.1278134065325, "params": {"gamma": 5.485342407571374, "prior": 6.852455958484867, "rate": 2.3654600436102275}, "datetime": {"datetime": "2024-06-14 04:07:29", "elapsed": 5.064336, "delta": 0.008976}}
{"target": -133.67604854367818, "params": {"gamma": 1.678199113817666, "prior": 5.133971932953198, "rate": 7.918846891971133}, "datetime": {"datetime": "2024-06-14 04:07:29", "elapsed": 5.073313, "delta": 0.008977}}
{"target": -441.6028483351366, "params": {"gamma": 6.9244522072085894, "prior": 1.277836038012847, "rate": 9.007521408502258}, "datetime": {"datetime": "2024-06-14 04:07:29", "elapsed": 5.083285, "delta": 0.009972}}
{"target": -273.42854203026934, "params": {"gamma": 4.797895932924502, "prior": 9.47209912447251, "rate": 5.53478362877641}, "datetime": {"datetime": "2024-06-14 04:07:29", "elapsed": 5.092261, "delta": 0.008976}}
{"target": -122.66572552361582, "params": {"gamma": 0.8489334147818686, "prior": 2.1043840531779026, "rate": 8.542525491190911}, "datetime": {"datetime": "2024-06-14 04:07:29", "elapsed": 5.101238, "delta": 0.008977}}
{"target": -444.66882953816815, "params": {"gamma": 7.0595677402804276, "prior": 8.95990124951395, "rate": 3.2921308719412035}, "datetime": {"datetime": "2024-06-14 04:07:29", "elapsed": 5.111211, "delta": 0.009973}}
{"target": -256.9053551560378, "params": {"gamma": 5.280485964979625, "prior": 6.538941511592786, "rate": 5.943314245013059}, "datetime": {"datetime": "2024-06-14 04:07:29", "elapsed": 5.120187, "delta": 0.008976}}
{"target": -171.43502720964554, "params": {"gamma": 2.315397892406944, "prior": 4.325531359537532, "rate": 2.481866529137688}, "datetime": {"datetime": "2024-06-14 04:07:29", "elapsed": 5.129163, "delta": 0.008976}}
{"target": -680.0341102964956, "params": {"gamma": 8.456304007349223, "prior": 9.868106705184019, "rate": 0.6666414605206605}, "datetime": {"datetime": "2024-06-14 04:07:29", "elapsed": 5.139136, "delta": 0.009973}}
{"target": -312.57379055690177, "params": {"gamma": 7.139566394637347, "prior": 3.3681439667708357, "rate": 6.254728347736019}, "datetime": {"datetime": "2024-06-14 04:07:29", "elapsed": 5.148112, "delta": 0.008976}}
{"target": -181.2113830534783, "params": {"gamma": 2.582038363169428, "prior": 6.5449753321541015, "rate": 3.7121006974428328}, "datetime": {"datetime": "2024-06-14 04:07:29", "elapsed": 5.157088, "delta": 0.008976}}
{"target": -171.12680681224188, "params": {"gamma": 2.9489139744901, "prior": 9.126455419608208, "rate": 9.425046243387849}, "datetime": {"datetime": "2024-06-14 04:07:29", "elapsed": 5.166064, "delta": 0.008976}}
{"target": -345.2799614050184, "params": {"gamma": 6.135886715574795, "prior": 2.223231030223857, "rate": 9.394249290190688}, "datetime": {"datetime": "2024-06-14 04:07:29", "elapsed": 5.176037, "delta": 0.009973}}
{"target": -503.36707926094084, "params": {"gamma": 7.504785013686519, "prior": 7.53578909249578, "rate": 2.1180016271500137}, "datetime": {"datetime": "2024-06-14 04:07:29", "elapsed": 5.185013, "delta": 0.008976}}
{"target": -389.48985506360674, "params": {"gamma": 8.30173510509683, "prior": 2.47694202619598, "rate": 6.316575831756353}, "datetime": {"datetime": "2024-06-14 04:07:29", "elapsed": 5.19399, "delta": 0.008977}}
{"target": -400.9637282803065, "params": {"gamma": 7.107684959425964, "prior": 7.449595954100307, "rate": 3.9032567812912102}, "datetime": {"datetime": "2024-06-14 04:07:29", "elapsed": 5.203963, "delta": 0.009973}}
{"target": -394.13419263775853, "params": {"gamma": 7.598494141764259, "prior": 9.039065431004929, "rate": 5.8746127723565325}, "datetime": {"datetime": "2024-06-14 04:07:30", "elapsed": 5.212939, "delta": 0.008976}}
{"target": -134.83933879086214, "params": {"gamma": 0.9050067472322914, "prior": 1.376862243008533, "rate": 1.0535200041012063}, "datetime": {"datetime": "2024-06-14 04:07:30", "elapsed": 5.222912, "delta": 0.009973}}
{"target": -149.17181798234253, "params": {"gamma": 1.7281019057654774, "prior": 1.3516658138678819, "rate": 7.783230599786209}, "datetime": {"datetime": "2024-06-14 04:07:30", "elapsed": 5.231888, "delta": 0.008976}}
{"target": -128.78130667609307, "params": {"gamma": 0.39507571033225836, "prior": 2.491428331674554, "rate": 8.790784947183296}, "datetime": {"datetime": "2024-06-14 04:07:30", "elapsed": 5.240864, "delta": 0.008976}}
{"target": -396.23769626159634, "params": {"gamma": 9.7352150895021, "prior": 6.093677876497776, "rate": 9.762406407339324}, "datetime": {"datetime": "2024-06-14 04:07:30", "elapsed": 5.250579, "delta": 0.009715}}
{"target": -148.56832384773304, "params": {"gamma": 0.43547196560805285, "prior": 9.490870406922475, "rate": 3.113649528479215}, "datetime": {"datetime": "2024-06-14 04:07:30", "elapsed": 5.259554, "delta": 0.008975}}
{"target": -344.3940665678558, "params": {"gamma": 7.989929430775569, "prior": 8.125228124124325, "rate": 8.600125917211868}, "datetime": {"datetime": "2024-06-14 04:07:30", "elapsed": 5.269528, "delta": 0.009974}}
{"target": -322.6168958658649, "params": {"gamma": 4.586049558214109, "prior": 9.313379482437938, "rate": 2.579671951285972}, "datetime": {"datetime": "2024-06-14 04:07:30", "elapsed": 5.278504, "delta": 0.008976}}
{"target": -381.5767282469274, "params": {"gamma": 9.344520479803316, "prior": 6.229284369191439, "rate": 9.85446370453336}, "datetime": {"datetime": "2024-06-14 04:07:30", "elapsed": 5.28748, "delta": 0.008976}}
{"target": -141.89774313792836, "params": {"gamma": 0.3274060157599613, "prior": 7.279149922443812, "rate": 5.655976799568431}, "datetime": {"datetime": "2024-06-14 04:07:30", "elapsed": 5.297453, "delta": 0.009973}}
{"target": -229.69755097856205, "params": {"gamma": 4.924748049935798, "prior": 2.6662594439422964, "rate": 3.268980017978885}, "datetime": {"datetime": "2024-06-14 04:07:30", "elapsed": 5.306429, "delta": 0.008976}}
{"target": -166.95380747793044, "params": {"gamma": 2.495372604807176, "prior": 2.270752312218102, "rate": 7.996808714410864}, "datetime": {"datetime": "2024-06-14 04:07:30", "elapsed": 5.315405, "delta": 0.008976}}
{"target": -340.4203725111334, "params": {"gamma": 5.024447663976686, "prior": 0.9235798981002775, "rate": 7.770064936081777}, "datetime": {"datetime": "2024-06-14 04:07:30", "elapsed": 5.32538, "delta": 0.009975}}
{"target": -282.0017962656579, "params": {"gamma": 5.336957111761226, "prior": 7.419939094729182, "rate": 5.154421537738071}, "datetime": {"datetime": "2024-06-14 04:07:30", "elapsed": 5.334354, "delta": 0.008974}}
{"target": -376.00947296919844, "params": {"gamma": 4.0000592939273325, "prior": 9.86384314611932, "rate": 0.2833979590089639}, "datetime": {"datetime": "2024-06-14 04:07:30", "elapsed": 5.344328, "delta": 0.009974}}
{"target": -559.3907516248597, "params": {"gamma": 9.327706315740619, "prior": 9.315464180823684, "rate": 3.909796196303079}, "datetime": {"datetime": "2024-06-14 04:07:30", "elapsed": 5.353304, "delta": 0.008976}}
{"target": -191.4927634874558, "params": {"gamma": 2.145434246462065, "prior": 6.230211649539066, "rate": 1.7805453823662243}, "datetime": {"datetime": "2024-06-14 04:07:30", "elapsed": 5.36228, "delta": 0.008976}}
{"target": -341.5603255150529, "params": {"gamma": 8.032278735085756, "prior": 2.613945173189579, "rate": 2.9087707441717465}, "datetime": {"datetime": "2024-06-14 04:07:30", "elapsed": 5.372253, "delta": 0.009973}}
{"target": -487.4260509545224, "params": {"gamma": 9.15924198430956, "prior": 9.038876651396649, "rate": 5.354273536413487}, "datetime": {"datetime": "2024-06-14 04:07:30", "elapsed": 5.381229, "delta": 0.008976}}
{"target": -415.1314382565271, "params": {"gamma": 8.628526966805577, "prior": 3.5900724311701118, "rate": 9.978844897970799}, "datetime": {"datetime": "2024-06-14 04:07:30", "elapsed": 5.391203, "delta": 0.009974}}
{"target": -348.0624609434926, "params": {"gamma": 4.337463704310366, "prior": 3.0186389168051044, "rate": 0.4167007652577235}, "datetime": {"datetime": "2024-06-14 04:07:30", "elapsed": 5.400178, "delta": 0.008975}}
{"target": -400.4451809553879, "params": {"gamma": 9.897079830913631, "prior": 4.702387546027041, "rate": 7.346115555489657}, "datetime": {"datetime": "2024-06-14 04:07:30", "elapsed": 5.410152, "delta": 0.009974}}
{"target": -525.7315544295066, "params": {"gamma": 6.408435432834701, "prior": 7.258624656693496, "rate": 0.5120579273573367}, "datetime": {"datetime": "2024-06-14 04:07:30", "elapsed": 5.419128, "delta": 0.008976}}
{"target": -488.646307378236, "params": {"gamma": 9.200534008691728, "prior": 9.275728057232191, "rate": 5.520398276514817}, "datetime": {"datetime": "2024-06-14 04:07:30", "elapsed": 5.428104, "delta": 0.008976}}
{"target": -419.5129234025809, "params": {"gamma": 9.639194970956826, "prior": 2.881459816204638, "rate": 6.0218641247383164}, "datetime": {"datetime": "2024-06-14 04:07:30", "elapsed": 5.437853, "delta": 0.009749}}
{"target": -250.04749322334382, "params": {"gamma": 3.9652304378361865, "prior": 6.317429994376759, "rate": 3.0070222529489574}, "datetime": {"datetime": "2024-06-14 04:07:30", "elapsed": 5.446829, "delta": 0.008976}}
{"target": -456.50766926150834, "params": {"gamma": 8.193764488175546, "prior": 0.7908811871916644, "rate": 0.4197338254296628}, "datetime": {"datetime": "2024-06-14 04:07:30", "elapsed": 5.456802, "delta": 0.009973}}
{"target": -127.03624708711438, "params": {"gamma": 0.49491444994850975, "prior": 1.5895047808398683, "rate": 3.954109387473109}, "datetime": {"datetime": "2024-06-14 04:07:30", "elapsed": 5.465778, "delta": 0.008976}}
{"target": -562.5404063977509, "params": {"gamma": 9.553944502582489, "prior": 1.1968748529899662, "rate": 6.475882305178456}, "datetime": {"datetime": "2024-06-14 04:07:30", "elapsed": 5.474754, "delta": 0.008976}}
{"target": -301.6724719031692, "params": {"gamma": 5.276687463055037, "prior": 3.5970998192322843, "rate": 1.9827940939725983}, "datetime": {"datetime": "2024-06-14 04:07:30", "elapsed": 5.484727, "delta": 0.009973}}
{"target": -190.14617170354757, "params": {"gamma": 2.20672022439151, "prior": 0.5338329462987547, "rate": 7.131926567624986}, "datetime": {"datetime": "2024-06-14 04:07:30", "elapsed": 5.493703, "delta": 0.008976}}
{"target": -283.7471288968498, "params": {"gamma": 6.538748151763354, "prior": 4.493320947974752, "rate": 7.189675941410347}, "datetime": {"datetime": "2024-06-14 04:07:30", "elapsed": 5.503677, "delta": 0.009974}}
{"target": -132.82572645113356, "params": {"gamma": 1.100649748480759, "prior": 9.393319816352417, "rate": 8.476419465684636}, "datetime": {"datetime": "2024-06-14 04:07:30", "elapsed": 5.512653, "delta": 0.008976}}
{"target": -292.20815738786223, "params": {"gamma": 6.590697560999168, "prior": 3.8504285697511453, "rate": 4.16625072341846}, "datetime": {"datetime": "2024-06-14 04:07:30", "elapsed": 5.521629, "delta": 0.008976}}
{"target": -238.92999914640305, "params": {"gamma": 4.822057067652517, "prior": 9.359309323067325, "rate": 8.636065956226108}, "datetime": {"datetime": "2024-06-14 04:07:30", "elapsed": 5.531602, "delta": 0.009973}}
{"target": -223.72544363209394, "params": {"gamma": 4.779760568316378, "prior": 5.589733132953853, "rate": 8.754163218930938}, "datetime": {"datetime": "2024-06-14 04:07:30", "elapsed": 5.540578, "delta": 0.008976}}
{"target": -389.91196571148004, "params": {"gamma": 9.492695073289129, "prior": 6.427929083095635, "rate": 7.485454680577448}, "datetime": {"datetime": "2024-06-14 04:07:30", "elapsed": 5.549554, "delta": 0.008976}}
{"target": -193.49664103522207, "params": {"gamma": 3.516897438698066, "prior": 9.188480358953182, "rate": 8.367683746488458}, "datetime": {"datetime": "2024-06-14 04:07:30", "elapsed": 5.559528, "delta": 0.009974}}
{"target": -260.63306778293406, "params": {"gamma": 5.521006756366404, "prior": 8.68950937519022, "rate": 8.498868942521883}, "datetime": {"datetime": "2024-06-14 04:07:30", "elapsed": 5.568504, "delta": 0.008976}}
{"target": -433.39474273609017, "params": {"gamma": 8.084305154704811, "prior": 1.393858961534142, "rate": 5.3604897456433}, "datetime": {"datetime": "2024-06-14 04:07:30", "elapsed": 5.57748, "delta": 0.008976}}
{"target": -495.37307576936286, "params": {"gamma": 9.007930363954452, "prior": 7.73123512248292, "rate": 4.207711277052893}, "datetime": {"datetime": "2024-06-14 04:07:30", "elapsed": 5.587453, "delta": 0.009973}}
{"target": -393.77008359946905, "params": {"gamma": 9.778826053206298, "prior": 2.5826542510627224, "rate": 3.336768678250129}, "datetime": {"datetime": "2024-06-14 04:07:30", "elapsed": 5.596429, "delta": 0.008976}}
{"target": -396.05341649292484, "params": {"gamma": 9.54205087378846, "prior": 8.106281947034368, "rate": 9.003499705102108}, "datetime": {"datetime": "2024-06-14 04:07:30", "elapsed": 5.605405, "delta": 0.008976}}
{"target": -150.8256316878995, "params": {"gamma": 0.11688430450954196, "prior": 3.859667887036548, "rate": 2.355984044142083}, "datetime": {"datetime": "2024-06-14 04:07:30", "elapsed": 5.615441, "delta": 0.010036}}
{"target": -173.02472519950535, "params": {"gamma": 2.9600545838222256, "prior": 7.406155414398024, "rate": 7.241124363795878}, "datetime": {"datetime": "2024-06-14 04:07:30", "elapsed": 5.624417, "delta": 0.008976}}
{"target": -218.47204172997147, "params": {"gamma": 4.618532302580416, "prior": 3.716217165950228, "rate": 5.847331438432254}, "datetime": {"datetime": "2024-06-14 04:07:30", "elapsed": 5.633423, "delta": 0.009006}}
{"target": -247.07462503628943, "params": {"gamma": 5.33754383858813, "prior": 5.550737634177834, "rate": 6.155155234075464}, "datetime": {"datetime": "2024-06-14 04:07:30", "elapsed": 5.643367, "delta": 0.009944}}
