{"target": -676.8930112829257, "params": {"gamma": 8.339212870314833, "lr": 0.6982817992918626}, "datetime": {"datetime": "2024-06-13 19:33:53", "elapsed": 4.387425, "delta": 0.003989}}
{"target": -140.0537576904731, "params": {"gamma": 1.466940409067313, "lr": 0.6124611286280749}, "datetime": {"datetime": "2024-06-13 19:33:53", "elapsed": 4.391414, "delta": 0.003989}}
{"target": -244.07387622158166, "params": {"gamma": 2.793924035827702, "lr": 0.9158787230673001}, "datetime": {"datetime": "2024-06-13 19:33:53", "elapsed": 4.396401, "delta": 0.004987}}
{"target": -205.25188538800154, "params": {"gamma": 1.9831246698113274, "lr": 0.28571649537130284}, "datetime": {"datetime": "2024-06-13 19:33:53", "elapsed": 4.40039, "delta": 0.003989}}
{"target": -101.285350962157, "params": {"gamma": 0.47749939499181976, "lr": 0.44757914405063814}, "datetime": {"datetime": "2024-06-13 19:33:53", "elapsed": 4.40438, "delta": 0.00399}}
{"target": -442.12268435473135, "params": {"gamma": 5.576320563895948, "lr": 0.5735610825770953}, "datetime": {"datetime": "2024-06-13 19:33:53", "elapsed": 4.40837, "delta": 0.00399}}
{"target": -721.835470196152, "params": {"gamma": 9.053868422216771, "lr": 0.34741393280060506}, "datetime": {"datetime": "2024-06-13 19:33:53", "elapsed": 4.413356, "delta": 0.004986}}
{"target": -363.89573973324474, "params": {"gamma": 4.475836267532962, "lr": 0.8512376625014975}, "datetime": {"datetime": "2024-06-13 19:33:53", "elapsed": 4.417344, "delta": 0.003988}}
{"target": -480.2224130488605, "params": {"gamma": 5.768716203017017, "lr": 0.6539929348777337}, "datetime": {"datetime": "2024-06-13 19:33:53", "elapsed": 4.421334, "delta": 0.00399}}
{"target": -220.63737169451915, "params": {"gamma": 2.784314944612766, "lr": 0.48747130162584906}, "datetime": {"datetime": "2024-06-13 19:33:53", "elapsed": 4.426321, "delta": 0.004987}}
{"target": -1019.2889744271108, "params": {"gamma": 6.209902923417142, "lr": 0.13339403014523998}, "datetime": {"datetime": "2024-06-13 19:33:53", "elapsed": 4.43031, "delta": 0.003989}}
{"target": -136.3363835501971, "params": {"gamma": 0.3300542572087522, "lr": 0.11341100113082614}, "datetime": {"datetime": "2024-06-13 19:33:53", "elapsed": 4.4343, "delta": 0.00399}}
{"target": -936.5429793714521, "params": {"gamma": 4.775133302320191, "lr": 0.02402673463080851}, "datetime": {"datetime": "2024-06-13 19:33:54", "elapsed": 4.43829, "delta": 0.00399}}
{"target": -1224.7267501634544, "params": {"gamma": 6.26246308244308, "lr": 0.09758261797608447}, "datetime": {"datetime": "2024-06-13 19:33:54", "elapsed": 4.442278, "delta": 0.003988}}
{"target": -208.1078616477936, "params": {"gamma": 2.5103644156247413, "lr": 0.42649294585621844}, "datetime": {"datetime": "2024-06-13 19:33:54", "elapsed": 4.446268, "delta": 0.00399}}
{"target": -154.2296561415471, "params": {"gamma": 1.159151640315784, "lr": 0.2705519937974664}, "datetime": {"datetime": "2024-06-13 19:33:54", "elapsed": 4.450257, "delta": 0.003989}}
{"target": -103.9289544893561, "params": {"gamma": 0.21177564868227716, "lr": 0.9850455536104694}, "datetime": {"datetime": "2024-06-13 19:33:54", "elapsed": 4.455244, "delta": 0.004987}}
{"target": -494.4370186119664, "params": {"gamma": 6.116124507605985, "lr": 0.3783538388352491}, "datetime": {"datetime": "2024-06-13 19:33:54", "elapsed": 4.459233, "delta": 0.003989}}
{"target": -114.98421716212309, "params": {"gamma": 0.2662569827533811, "lr": 0.3898387483749842}, "datetime": {"datetime": "2024-06-13 19:33:54", "elapsed": 4.463222, "delta": 0.003989}}
{"target": -388.8606892656406, "params": {"gamma": 4.526133705237957, "lr": 0.9310031937645028}, "datetime": {"datetime": "2024-06-13 19:33:54", "elapsed": 4.467212, "delta": 0.00399}}
{"target": -240.26919318927975, "params": {"gamma": 2.7857632142087283, "lr": 0.6147818910832991}, "datetime": {"datetime": "2024-06-13 19:33:54", "elapsed": 4.471201, "delta": 0.003989}}
{"target": -885.25449727137, "params": {"gamma": 6.6520183774673525, "lr": 0.18596096979633892}, "datetime": {"datetime": "2024-06-13 19:33:54", "elapsed": 4.47519, "delta": 0.003989}}
{"target": -419.41663370148643, "params": {"gamma": 5.058127726515332, "lr": 0.7865007628599349}, "datetime": {"datetime": "2024-06-13 19:33:54", "elapsed": 4.480177, "delta": 0.004987}}
{"target": -108.60704234992126, "params": {"gamma": 0.966693765249707, "lr": 0.6060352981689622}, "datetime": {"datetime": "2024-06-13 19:33:54", "elapsed": 4.484166, "delta": 0.003989}}
{"target": -134.80235991751596, "params": {"gamma": 0.261573266951244, "lr": 0.00704672381007565}, "datetime": {"datetime": "2024-06-13 19:33:54", "elapsed": 4.488156, "delta": 0.00399}}
{"target": -100.55439512656093, "params": {"gamma": 0.5962265427935735, "lr": 0.4814004591490364}, "datetime": {"datetime": "2024-06-13 19:33:54", "elapsed": 4.492145, "delta": 0.003989}}
{"target": -695.9043463123284, "params": {"gamma": 9.257115382793618, "lr": 0.4055573841390242}, "datetime": {"datetime": "2024-06-13 19:33:54", "elapsed": 4.496134, "delta": 0.003989}}
{"target": -93.40774552714568, "params": {"gamma": 0.7512513607260716, "lr": 0.8613524744830288}, "datetime": {"datetime": "2024-06-13 19:33:54", "elapsed": 4.500124, "delta": 0.00399}}
{"target": -474.7191291477174, "params": {"gamma": 5.193456557118933, "lr": 0.3189358689174241}, "datetime": {"datetime": "2024-06-13 19:33:54", "elapsed": 4.504113, "delta": 0.003989}}
{"target": -822.0654032201116, "params": {"gamma": 9.630360355507971, "lr": 0.9382617685023783}, "datetime": {"datetime": "2024-06-13 19:33:54", "elapsed": 4.5091, "delta": 0.004987}}
{"target": -435.01101090626776, "params": {"gamma": 2.6009297005949668, "lr": 0.20139185371372026}, "datetime": {"datetime": "2024-06-13 19:33:54", "elapsed": 4.513089, "delta": 0.003989}}
{"target": -477.1558651613835, "params": {"gamma": 5.889498124357467, "lr": 0.8425182098415589}, "datetime": {"datetime": "2024-06-13 19:33:54", "elapsed": 4.517078, "delta": 0.003989}}
{"target": -272.6706369995504, "params": {"gamma": 3.3678741763608038, "lr": 0.5864294214642616}, "datetime": {"datetime": "2024-06-13 19:33:54", "elapsed": 4.521068, "delta": 0.00399}}
{"target": -237.00831351732725, "params": {"gamma": 1.623287749788599, "lr": 0.19459373523814183}, "datetime": {"datetime": "2024-06-13 19:33:54", "elapsed": 4.525057, "delta": 0.003989}}
{"target": -1079.4471405302204, "params": {"gamma": 7.613590824704965, "lr": 0.15009846135204996}, "datetime": {"datetime": "2024-06-13 19:33:54", "elapsed": 4.529756, "delta": 0.004699}}
{"target": -223.22816379085768, "params": {"gamma": 2.659804503437227, "lr": 0.6894948631776694}, "datetime": {"datetime": "2024-06-13 19:33:54", "elapsed": 4.533888, "delta": 0.004132}}
{"target": -135.37801863686477, "params": {"gamma": 0.15187798702215813, "lr": 0.03219440386857053}, "datetime": {"datetime": "2024-06-13 19:33:54", "elapsed": 4.538382, "delta": 0.004494}}
{"target": -246.84785669786675, "params": {"gamma": 2.8759718743002627, "lr": 0.3366231805122991}, "datetime": {"datetime": "2024-06-13 19:33:54", "elapsed": 4.542371, "delta": 0.003989}}
{"target": -296.74030247934013, "params": {"gamma": 3.622798839194582, "lr": 0.8071905755135196}, "datetime": {"datetime": "2024-06-13 19:33:54", "elapsed": 4.54636, "delta": 0.003989}}
{"target": -109.99913267563099, "params": {"gamma": 0.3607736956187603, "lr": 0.3583952446253251}, "datetime": {"datetime": "2024-06-13 19:33:54", "elapsed": 4.55035, "delta": 0.00399}}
{"target": -906.6505407889649, "params": {"gamma": 6.383143054534976, "lr": 0.14300410951832265}, "datetime": {"datetime": "2024-06-13 19:33:54", "elapsed": 4.554339, "delta": 0.003989}}
{"target": -710.3249179869762, "params": {"gamma": 8.577528406499894, "lr": 0.6455644082734328}, "datetime": {"datetime": "2024-06-13 19:33:54", "elapsed": 4.558328, "delta": 0.003989}}
{"target": -213.9422634427487, "params": {"gamma": 1.1538189613747907, "lr": 0.2080974099989472}, "datetime": {"datetime": "2024-06-13 19:33:54", "elapsed": 4.562318, "delta": 0.00399}}
{"target": -564.4321937698156, "params": {"gamma": 7.455237809150899, "lr": 0.40340662833417285}, "datetime": {"datetime": "2024-06-13 19:33:54", "elapsed": 4.566307, "delta": 0.003989}}
{"target": -406.13445847672915, "params": {"gamma": 4.84521613942412, "lr": 0.8874550780727275}, "datetime": {"datetime": "2024-06-13 19:33:54", "elapsed": 4.570297, "delta": 0.00399}}
{"target": -132.72694906860818, "params": {"gamma": 1.3752980526926846, "lr": 0.9643727973861176}, "datetime": {"datetime": "2024-06-13 19:33:54", "elapsed": 4.575283, "delta": 0.004986}}
{"target": -144.74078428969003, "params": {"gamma": 0.4272541882840023, "lr": 0.09944025725488481}, "datetime": {"datetime": "2024-06-13 19:33:54", "elapsed": 4.579272, "delta": 0.003989}}
{"target": -188.9349027934627, "params": {"gamma": 2.2331610709734946, "lr": 0.8065850822605141}, "datetime": {"datetime": "2024-06-13 19:33:54", "elapsed": 4.583262, "delta": 0.00399}}
{"target": -381.4822130918803, "params": {"gamma": 4.559272200887655, "lr": 0.6532511422613194}, "datetime": {"datetime": "2024-06-13 19:33:54", "elapsed": 4.587251, "delta": 0.003989}}
{"target": -251.3608478583092, "params": {"gamma": 1.7440370540608525, "lr": 0.16672193292652826}, "datetime": {"datetime": "2024-06-13 19:33:54", "elapsed": 4.591241, "delta": 0.00399}}
{"target": -436.3340440886869, "params": {"gamma": 5.208962557197339, "lr": 0.7402936352802216}, "datetime": {"datetime": "2024-06-13 19:33:54", "elapsed": 4.59523, "delta": 0.003989}}
{"target": -387.9934482911287, "params": {"gamma": 4.62528217768507, "lr": 0.8696140851211128}, "datetime": {"datetime": "2024-06-13 19:33:54", "elapsed": 4.600327, "delta": 0.005097}}
{"target": -1063.0275851399208, "params": {"gamma": 6.604458934771733, "lr": 0.2490900884519328}, "datetime": {"datetime": "2024-06-13 19:33:54", "elapsed": 4.604316, "delta": 0.003989}}
{"target": -208.34993599804523, "params": {"gamma": 2.3497873058002465, "lr": 0.3740467168670696}, "datetime": {"datetime": "2024-06-13 19:33:54", "elapsed": 4.608305, "delta": 0.003989}}
{"target": -646.6778318957032, "params": {"gamma": 7.566403946905877, "lr": 0.9379376643097822}, "datetime": {"datetime": "2024-06-13 19:33:54", "elapsed": 4.613292, "delta": 0.004987}}
{"target": -851.7136471791081, "params": {"gamma": 8.61919808718901, "lr": 0.26161079268292176}, "datetime": {"datetime": "2024-06-13 19:33:54", "elapsed": 4.618279, "delta": 0.004987}}
{"target": -348.82449762433413, "params": {"gamma": 4.12337700085772, "lr": 0.6115440994503215}, "datetime": {"datetime": "2024-06-13 19:33:54", "elapsed": 4.622268, "delta": 0.003989}}
{"target": -444.4516804787133, "params": {"gamma": 5.468797723702268, "lr": 0.3892749454089657}, "datetime": {"datetime": "2024-06-13 19:33:54", "elapsed": 4.627254, "delta": 0.004986}}
{"target": -107.16854790464541, "params": {"gamma": 1.0151063480358857, "lr": 0.7122448043972556}, "datetime": {"datetime": "2024-06-13 19:33:54", "elapsed": 4.632241, "delta": 0.004987}}
{"target": -99.48469843844929, "params": {"gamma": 0.8822635040904132, "lr": 0.8660774293737196}, "datetime": {"datetime": "2024-06-13 19:33:54", "elapsed": 4.63623, "delta": 0.003989}}
{"target": -700.6664866302781, "params": {"gamma": 8.634620954886014, "lr": 0.7084507915153727}, "datetime": {"datetime": "2024-06-13 19:33:54", "elapsed": 4.641218, "delta": 0.004988}}
{"target": -397.66647452555503, "params": {"gamma": 4.864759313503054, "lr": 0.6991465654129165}, "datetime": {"datetime": "2024-06-13 19:33:54", "elapsed": 4.647201, "delta": 0.005983}}
{"target": -329.2794291430243, "params": {"gamma": 3.950475613957549, "lr": 0.7974959842933487}, "datetime": {"datetime": "2024-06-13 19:33:54", "elapsed": 4.652187, "delta": 0.004986}}
{"target": -1114.6761928352676, "params": {"gamma": 7.864384405716199, "lr": 0.15552858387362167}, "datetime": {"datetime": "2024-06-13 19:33:54", "elapsed": 4.656176, "delta": 0.003989}}
{"target": -269.44379710577607, "params": {"gamma": 3.1788576859556272, "lr": 0.34398317678599033}, "datetime": {"datetime": "2024-06-13 19:33:54", "elapsed": 4.660166, "delta": 0.00399}}
{"target": -288.40956768421427, "params": {"gamma": 3.6423388162366046, "lr": 0.5666455566878987}, "datetime": {"datetime": "2024-06-13 19:33:54", "elapsed": 4.664155, "delta": 0.003989}}
{"target": -95.86084906232749, "params": {"gamma": 0.4178327377603575, "lr": 0.6599697189638991}, "datetime": {"datetime": "2024-06-13 19:33:54", "elapsed": 4.668144, "delta": 0.003989}}
{"target": -174.97924268647634, "params": {"gamma": 2.0171159588072864, "lr": 0.4164625561731081}, "datetime": {"datetime": "2024-06-13 19:33:54", "elapsed": 4.673131, "delta": 0.004987}}
{"target": -370.6196063967827, "params": {"gamma": 4.5094756723505, "lr": 0.3487267695476459}, "datetime": {"datetime": "2024-06-13 19:33:54", "elapsed": 4.67712, "delta": 0.003989}}
{"target": -516.0021980048413, "params": {"gamma": 3.8334198209699974, "lr": 0.18030606084775935}, "datetime": {"datetime": "2024-06-13 19:33:54", "elapsed": 4.68111, "delta": 0.00399}}
{"target": -98.7251604547952, "params": {"gamma": 0.68223244388335, "lr": 0.5512566489358516}, "datetime": {"datetime": "2024-06-13 19:33:54", "elapsed": 4.685099, "delta": 0.003989}}
{"target": -847.129436997401, "params": {"gamma": 5.959073589220895, "lr": 0.1454997892217088}, "datetime": {"datetime": "2024-06-13 19:33:54", "elapsed": 4.689088, "delta": 0.003989}}
{"target": -231.22355216603353, "params": {"gamma": 2.310186141512919, "lr": 0.2863771315373824}, "datetime": {"datetime": "2024-06-13 19:33:54", "elapsed": 4.694075, "delta": 0.004987}}
{"target": -1176.9502797216223, "params": {"gamma": 8.307682917677353, "lr": 0.15342094116241234}, "datetime": {"datetime": "2024-06-13 19:33:54", "elapsed": 4.698064, "delta": 0.003989}}
{"target": -429.802553647128, "params": {"gamma": 5.521835936727261, "lr": 0.5681397176921924}, "datetime": {"datetime": "2024-06-13 19:33:54", "elapsed": 4.702054, "delta": 0.00399}}
{"target": -288.7115848485135, "params": {"gamma": 3.434857510993614, "lr": 0.3506171893069536}, "datetime": {"datetime": "2024-06-13 19:33:54", "elapsed": 4.706043, "delta": 0.003989}}
{"target": -738.6685140078887, "params": {"gamma": 9.591161063174503, "lr": 0.5533439494595207}, "datetime": {"datetime": "2024-06-13 19:33:54", "elapsed": 4.71103, "delta": 0.004987}}
{"target": -493.02660190346603, "params": {"gamma": 6.527659277808647, "lr": 0.4907401164444133}, "datetime": {"datetime": "2024-06-13 19:33:54", "elapsed": 4.715019, "delta": 0.003989}}
{"target": -542.4476962190571, "params": {"gamma": 6.466853166736234, "lr": 0.605250785507062}, "datetime": {"datetime": "2024-06-13 19:33:54", "elapsed": 4.719008, "delta": 0.003989}}
{"target": -147.1629886896109, "params": {"gamma": 1.452587755908036, "lr": 0.3346805328845932}, "datetime": {"datetime": "2024-06-13 19:33:54", "elapsed": 4.722997, "delta": 0.003989}}
{"target": -761.2245790014318, "params": {"gamma": 4.604879500595876, "lr": 0.12782166160638486}, "datetime": {"datetime": "2024-06-13 19:33:54", "elapsed": 4.727985, "delta": 0.004988}}
{"target": -588.7375151323583, "params": {"gamma": 3.6313701627213772, "lr": 0.22814163429292222}, "datetime": {"datetime": "2024-06-13 19:33:54", "elapsed": 4.731974, "delta": 0.003989}}
{"target": -677.0093288990358, "params": {"gamma": 8.47517852010175, "lr": 0.34147408002129864}, "datetime": {"datetime": "2024-06-13 19:33:54", "elapsed": 4.735963, "delta": 0.003989}}
{"target": -191.68898854015035, "params": {"gamma": 2.268666417341983, "lr": 0.4081814028522822}, "datetime": {"datetime": "2024-06-13 19:33:54", "elapsed": 4.74095, "delta": 0.004987}}
{"target": -1334.9691948064374, "params": {"gamma": 6.830957412174848, "lr": 0.06562199896142484}, "datetime": {"datetime": "2024-06-13 19:33:54", "elapsed": 4.745936, "delta": 0.004986}}
{"target": -159.2452581398393, "params": {"gamma": 1.8081114068162947, "lr": 0.6943069389237286}, "datetime": {"datetime": "2024-06-13 19:33:54", "elapsed": 4.749926, "delta": 0.00399}}
{"target": -630.0112294266132, "params": {"gamma": 7.522813791436128, "lr": 0.6177542796100679}, "datetime": {"datetime": "2024-06-13 19:33:54", "elapsed": 4.753915, "delta": 0.003989}}
{"target": -1166.5810312195906, "params": {"gamma": 8.792106406805418, "lr": 0.16880019007759361}, "datetime": {"datetime": "2024-06-13 19:33:54", "elapsed": 4.758902, "delta": 0.004987}}
{"target": -601.6036769857969, "params": {"gamma": 7.0357737742820845, "lr": 0.9172601590800086}, "datetime": {"datetime": "2024-06-13 19:33:54", "elapsed": 4.762891, "delta": 0.003989}}
{"target": -260.37284452215226, "params": {"gamma": 1.508245851371479, "lr": 0.24376397739618116}, "datetime": {"datetime": "2024-06-13 19:33:54", "elapsed": 4.76688, "delta": 0.003989}}
{"target": -444.3360679897248, "params": {"gamma": 5.467299036335953, "lr": 0.3441193369759975}, "datetime": {"datetime": "2024-06-13 19:33:54", "elapsed": 4.77087, "delta": 0.00399}}
{"target": -1349.65895765627, "params": {"gamma": 6.90670016874316, "lr": 0.05756761842510749}, "datetime": {"datetime": "2024-06-13 19:33:54", "elapsed": 4.775856, "delta": 0.004986}}
{"target": -145.04168977488305, "params": {"gamma": 1.6084806590922747, "lr": 0.7162383064796215}, "datetime": {"datetime": "2024-06-13 19:33:54", "elapsed": 4.779846, "delta": 0.00399}}
{"target": -828.5123543051519, "params": {"gamma": 9.706216365641005, "lr": 0.9295503765123406}, "datetime": {"datetime": "2024-06-13 19:33:54", "elapsed": 4.783835, "delta": 0.003989}}
{"target": -1470.1471597600396, "params": {"gamma": 9.010768867234715, "lr": 0.12774331390359328}, "datetime": {"datetime": "2024-06-13 19:33:54", "elapsed": 4.788822, "delta": 0.004987}}
{"target": -305.46552672136363, "params": {"gamma": 1.4601432517979631, "lr": 0.07226475681487265}, "datetime": {"datetime": "2024-06-13 19:33:54", "elapsed": 4.792811, "delta": 0.003989}}
{"target": -454.1341351320525, "params": {"gamma": 5.425859791214765, "lr": 0.8824861729023715}, "datetime": {"datetime": "2024-06-13 19:33:54", "elapsed": 4.7968, "delta": 0.003989}}
{"target": -440.67087308720266, "params": {"gamma": 5.318387208768819, "lr": 0.7817152853959399}, "datetime": {"datetime": "2024-06-13 19:33:54", "elapsed": 4.80079, "delta": 0.00399}}
{"target": -167.47022404557805, "params": {"gamma": 1.8853494153257044, "lr": 0.863111260166335}, "datetime": {"datetime": "2024-06-13 19:33:54", "elapsed": 4.804779, "delta": 0.003989}}
{"target": -381.63972478969134, "params": {"gamma": 1.8750602824827893, "lr": 0.054764126066523255}, "datetime": {"datetime": "2024-06-13 19:33:54", "elapsed": 4.809766, "delta": 0.004987}}
{"target": -331.2613632390678, "params": {"gamma": 4.215488613270554, "lr": 0.5551044300084385}, "datetime": {"datetime": "2024-06-13 19:33:54", "elapsed": 4.813755, "delta": 0.003989}}
{"target": -1892.9525810065031, "params": {"gamma": 9.707449353204424, "lr": 0.09175383344119148}, "datetime": {"datetime": "2024-06-13 19:33:54", "elapsed": 4.817744, "delta": 0.003989}}
{"target": -544.7292590523987, "params": {"gamma": 2.7399070142023203, "lr": 0.10510706908204948}, "datetime": {"datetime": "2024-06-13 19:33:54", "elapsed": 4.821733, "delta": 0.003989}}
{"target": -364.2790572699838, "params": {"gamma": 3.9050059277394262, "lr": 0.2890110831877697}, "datetime": {"datetime": "2024-06-13 19:33:54", "elapsed": 4.82672, "delta": 0.004987}}
{"target": -418.60238987551804, "params": {"gamma": 5.133490194329599, "lr": 0.348256681750747}, "datetime": {"datetime": "2024-06-13 19:33:54", "elapsed": 4.830739, "delta": 0.004019}}
{"target": -765.344359723029, "params": {"gamma": 9.28235195448276, "lr": 0.7899477963830404}, "datetime": {"datetime": "2024-06-13 19:33:54", "elapsed": 4.8347, "delta": 0.003961}}
{"target": -1405.666639837948, "params": {"gamma": 8.610252674771141, "lr": 0.12950094594289585}, "datetime": {"datetime": "2024-06-13 19:33:54", "elapsed": 4.839686, "delta": 0.004986}}
{"target": -944.5430366494076, "params": {"gamma": 5.751126599720151, "lr": 0.21478253588485874}, "datetime": {"datetime": "2024-06-13 19:33:54", "elapsed": 4.843675, "delta": 0.003989}}
{"target": -1694.1217761235127, "params": {"gamma": 8.682517475837448, "lr": 0.015019421753424078}, "datetime": {"datetime": "2024-06-13 19:33:54", "elapsed": 4.847664, "delta": 0.003989}}
{"target": -124.43389565880918, "params": {"gamma": 1.0583364070853916, "lr": 0.3760570755473156}, "datetime": {"datetime": "2024-06-13 19:33:54", "elapsed": 4.852267, "delta": 0.004603}}
{"target": -411.3679036577449, "params": {"gamma": 4.021536967025843, "lr": 0.2772200829786826}, "datetime": {"datetime": "2024-06-13 19:33:54", "elapsed": 4.856284, "delta": 0.004017}}
{"target": -214.2889679666226, "params": {"gamma": 0.9615339246006319, "lr": 0.11873040511259358}, "datetime": {"datetime": "2024-06-13 19:33:54", "elapsed": 4.860273, "delta": 0.003989}}
{"target": -275.9717010072199, "params": {"gamma": 3.1801295937194918, "lr": 0.9507928340777205}, "datetime": {"datetime": "2024-06-13 19:33:54", "elapsed": 4.864264, "delta": 0.003991}}
{"target": -183.07513868349545, "params": {"gamma": 2.0748582416284203, "lr": 0.7472803210592225}, "datetime": {"datetime": "2024-06-13 19:33:54", "elapsed": 4.86922, "delta": 0.004956}}
{"target": -514.7998011969204, "params": {"gamma": 2.5826284514108324, "lr": 0.03724025561078481}, "datetime": {"datetime": "2024-06-13 19:33:54", "elapsed": 4.87321, "delta": 0.00399}}
{"target": -129.57775644170536, "params": {"gamma": 0.16150603946145364, "lr": 0.15270593118117648}, "datetime": {"datetime": "2024-06-13 19:33:54", "elapsed": 4.877199, "delta": 0.003989}}
{"target": -383.80009994044366, "params": {"gamma": 4.621379845784425, "lr": 0.7559010975378051}, "datetime": {"datetime": "2024-06-13 19:33:54", "elapsed": 4.881764, "delta": 0.004565}}
