{"target": -136.36135337074788, "params": {"gamma": 0.7466661384435471, "prior": 3.766026368361488, "rate": 1.235065179287484}, "datetime": {"datetime": "2024-06-14 05:32:41", "elapsed": 3.615902, "delta": 0.008976}}
{"target": -278.97635750121987, "params": {"gamma": 6.345552644202125, "prior": 4.1978064727211475, "rate": 9.909165409621975}, "datetime": {"datetime": "2024-06-14 05:32:41", "elapsed": 3.624878, "delta": 0.008976}}
{"target": -388.45994562500283, "params": {"gamma": 9.299626280909525, "prior": 1.5774367198665253, "rate": 3.9494277431054683}, "datetime": {"datetime": "2024-06-14 05:32:41", "elapsed": 3.633747, "delta": 0.008869}}
{"target": -223.00574005889828, "params": {"gamma": 4.6163355299129, "prior": 5.6533926757072575, "rate": 7.803854869369396}, "datetime": {"datetime": "2024-06-14 05:32:41", "elapsed": 3.642723, "delta": 0.008976}}
{"target": -257.2481110743675, "params": {"gamma": 4.872451896825164, "prior": 4.257936164901384, "rate": 2.6207350474886373}, "datetime": {"datetime": "2024-06-14 05:32:41", "elapsed": 3.651699, "delta": 0.008976}}
{"target": -415.13477583074985, "params": {"gamma": 9.108150584728497, "prior": 0.32048796417476116, "rate": 8.211397860291427}, "datetime": {"datetime": "2024-06-14 05:32:41", "elapsed": 3.660675, "delta": 0.008976}}
{"target": -145.8480424779692, "params": {"gamma": 1.8854955282645185, "prior": 6.888993301808218, "rate": 3.552738684007098}, "datetime": {"datetime": "2024-06-14 05:32:41", "elapsed": 3.669651, "delta": 0.008976}}
{"target": -422.8562856942176, "params": {"gamma": 9.742152066323019, "prior": 1.3154440815492576, "rate": 1.8765113562797784}, "datetime": {"datetime": "2024-06-14 05:32:41", "elapsed": 3.678629, "delta": 0.008978}}
{"target": -459.601269900243, "params": {"gamma": 8.894535312169324, "prior": 5.875722514621456, "rate": 3.0931546002031376}, "datetime": {"datetime": "2024-06-14 05:32:41", "elapsed": 3.688605, "delta": 0.009976}}
{"target": -151.96505140482714, "params": {"gamma": 0.008643090396402046, "prior": 2.353217609390305, "rate": 1.4548909380781856}, "datetime": {"datetime": "2024-06-14 05:32:41", "elapsed": 3.697588, "delta": 0.008983}}
{"target": -140.85798088333718, "params": {"gamma": 2.035134809876536, "prior": 8.973593312359645, "rate": 8.731070688318136}, "datetime": {"datetime": "2024-06-14 05:32:41", "elapsed": 3.706559, "delta": 0.008971}}
{"target": -308.44845772942404, "params": {"gamma": 7.0031940868968645, "prior": 4.757926993906869, "rate": 8.271532887320552}, "datetime": {"datetime": "2024-06-14 05:32:41", "elapsed": 3.715538, "delta": 0.008979}}
{"target": -253.83866436468085, "params": {"gamma": 4.958768144455039, "prior": 3.698537964520562, "rate": 2.7567554245058266}, "datetime": {"datetime": "2024-06-14 05:32:41", "elapsed": 3.724514, "delta": 0.008976}}
{"target": -410.0186629215455, "params": {"gamma": 9.247483394570178, "prior": 3.931193419137293, "rate": 4.929315853439772}, "datetime": {"datetime": "2024-06-14 05:32:41", "elapsed": 3.733492, "delta": 0.008978}}
{"target": -169.8619148075574, "params": {"gamma": 2.5451265850419067, "prior": 8.861168536496827, "rate": 3.833251304596062}, "datetime": {"datetime": "2024-06-14 05:32:41", "elapsed": 3.742468, "delta": 0.008976}}
{"target": -198.976567814008, "params": {"gamma": 2.9764495784234386, "prior": 7.2041901257280685, "rate": 1.909508561779902}, "datetime": {"datetime": "2024-06-14 05:32:41", "elapsed": 3.751447, "delta": 0.008979}}
{"target": -126.14295459610955, "params": {"gamma": 1.1828081008410374, "prior": 8.386278043913771, "rate": 7.441615077773983}, "datetime": {"datetime": "2024-06-14 05:32:41", "elapsed": 3.760425, "delta": 0.008978}}
{"target": -262.420437169533, "params": {"gamma": 5.905614955923525, "prior": 2.5046265921522197, "rate": 6.2328482047306535}, "datetime": {"datetime": "2024-06-14 05:32:41", "elapsed": 3.770398, "delta": 0.009973}}
{"target": -384.6061084327367, "params": {"gamma": 6.383914852090989, "prior": 3.342937496712019, "rate": 0.6758259413323553}, "datetime": {"datetime": "2024-06-14 05:32:41", "elapsed": 3.779376, "delta": 0.008978}}
{"target": -379.58894435306644, "params": {"gamma": 8.805505437045703, "prior": 4.6535716376351575, "rate": 7.638963307946233}, "datetime": {"datetime": "2024-06-14 05:32:41", "elapsed": 3.788353, "delta": 0.008977}}
{"target": -159.71599827941282, "params": {"gamma": 2.539632320806454, "prior": 5.954733104448417, "rate": 4.288522808327629}, "datetime": {"datetime": "2024-06-14 05:32:41", "elapsed": 3.797837, "delta": 0.009484}}
{"target": -190.80037074708073, "params": {"gamma": 3.8216243248488464, "prior": 1.3544625000845356, "rate": 2.4434223654265494}, "datetime": {"datetime": "2024-06-14 05:32:41", "elapsed": 3.807814, "delta": 0.009977}}
{"target": -119.10397936877793, "params": {"gamma": 0.7943364880002312, "prior": 3.098297216704028, "rate": 7.417306297515323}, "datetime": {"datetime": "2024-06-14 05:32:42", "elapsed": 3.816785, "delta": 0.008971}}
{"target": -450.77971389944236, "params": {"gamma": 6.150542233985518, "prior": 6.7568698794458655, "rate": 0.08482241217079087}, "datetime": {"datetime": "2024-06-14 05:32:42", "elapsed": 3.826366, "delta": 0.009581}}
{"target": -363.7748161877146, "params": {"gamma": 6.784091345540948, "prior": 5.081488836374581, "rate": 2.309853596391308}, "datetime": {"datetime": "2024-06-14 05:32:42", "elapsed": 3.835342, "delta": 0.008976}}
{"target": -127.67399608789444, "params": {"gamma": 1.7497901933102402, "prior": 1.9313313589532155, "rate": 8.44275579074591}, "datetime": {"datetime": "2024-06-14 05:32:42", "elapsed": 3.844321, "delta": 0.008979}}
{"target": -534.888247465555, "params": {"gamma": 9.825915303261548, "prior": 9.146022285932153, "rate": 3.4743468343077555}, "datetime": {"datetime": "2024-06-14 05:32:42", "elapsed": 3.853916, "delta": 0.009595}}
{"target": -344.12148160745517, "params": {"gamma": 7.802465572333946, "prior": 5.509900447944164, "rate": 8.16460753316182}, "datetime": {"datetime": "2024-06-14 05:32:42", "elapsed": 3.8624, "delta": 0.008484}}
{"target": -232.15524782141335, "params": {"gamma": 4.8377857849378705, "prior": 5.9405178531640965, "rate": 7.872847211795091}, "datetime": {"datetime": "2024-06-14 05:32:42", "elapsed": 3.871417, "delta": 0.009017}}
{"target": -127.84701287744076, "params": {"gamma": 1.0032461963882202, "prior": 5.416370456721353, "rate": 3.660467483349873}, "datetime": {"datetime": "2024-06-14 05:32:42", "elapsed": 3.880396, "delta": 0.008979}}
{"target": -332.05885119861676, "params": {"gamma": 6.043464129845054, "prior": 9.592144904806304, "rate": 3.9288366270246278}, "datetime": {"datetime": "2024-06-14 05:32:42", "elapsed": 3.889372, "delta": 0.008976}}
{"target": -208.44218195169597, "params": {"gamma": 3.930337006418223, "prior": 7.927306236537028, "rate": 6.451138912455179}, "datetime": {"datetime": "2024-06-14 05:32:42", "elapsed": 3.898367, "delta": 0.008995}}
{"target": -218.07659078885285, "params": {"gamma": 3.9394461945459094, "prior": 6.920654977479489, "rate": 4.040612088934736}, "datetime": {"datetime": "2024-06-14 05:32:42", "elapsed": 3.90734, "delta": 0.008973}}
{"target": -130.23378990443936, "params": {"gamma": 1.3619954293269727, "prior": 4.561368359854131, "rate": 3.3448595075800287}, "datetime": {"datetime": "2024-06-14 05:32:42", "elapsed": 3.916316, "delta": 0.008976}}
{"target": -148.1992245036641, "params": {"gamma": 2.180471331681618, "prior": 9.265170536200754, "rate": 6.896704351396498}, "datetime": {"datetime": "2024-06-14 05:32:42", "elapsed": 3.925797, "delta": 0.009481}}
{"target": -300.4364768658633, "params": {"gamma": 5.988610085343597, "prior": 7.49190897401775, "rate": 5.420168646652644}, "datetime": {"datetime": "2024-06-14 05:32:42", "elapsed": 3.934378, "delta": 0.008581}}
{"target": -332.75222615650625, "params": {"gamma": 7.005630193122407, "prior": 9.312542210573467, "rate": 8.626304328357714}, "datetime": {"datetime": "2024-06-14 05:32:42", "elapsed": 3.944352, "delta": 0.009974}}
{"target": -152.34006603407548, "params": {"gamma": 1.6752511332077065, "prior": 2.705076336846355, "rate": 0.7170311841386036}, "datetime": {"datetime": "2024-06-14 05:32:42", "elapsed": 3.95333, "delta": 0.008978}}
{"target": -406.0645912789808, "params": {"gamma": 9.786749378778312, "prior": 2.4402025767377182, "rate": 6.6063229609300596}, "datetime": {"datetime": "2024-06-14 05:32:42", "elapsed": 3.961937, "delta": 0.008607}}
{"target": -118.844732902732, "params": {"gamma": 0.8972173585756926, "prior": 2.1866323266614858, "rate": 5.028741010800528}, "datetime": {"datetime": "2024-06-14 05:32:42", "elapsed": 3.970913, "delta": 0.008976}}
{"target": -121.80236990538421, "params": {"gamma": 1.0504317296309502, "prior": 3.9498466866777715, "rate": 5.3803392136766695}, "datetime": {"datetime": "2024-06-14 05:32:42", "elapsed": 3.97989, "delta": 0.008977}}
{"target": -184.43354730996893, "params": {"gamma": 3.3927026446661146, "prior": 5.603412090153097, "rate": 5.368146451102699}, "datetime": {"datetime": "2024-06-14 05:32:42", "elapsed": 3.989863, "delta": 0.009973}}
{"target": -203.3881308719646, "params": {"gamma": 3.906714376870321, "prior": 6.993073822700919, "rate": 6.785146057525243}, "datetime": {"datetime": "2024-06-14 05:32:42", "elapsed": 3.998839, "delta": 0.008976}}
{"target": -348.30752416366784, "params": {"gamma": 6.8733441905945245, "prior": 5.6587634621138045, "rate": 3.5814410602153455}, "datetime": {"datetime": "2024-06-14 05:32:42", "elapsed": 4.007815, "delta": 0.008976}}
{"target": -313.23471654208396, "params": {"gamma": 6.131510241334756, "prior": 9.363789039421178, "rate": 5.969288360934786}, "datetime": {"datetime": "2024-06-14 05:32:42", "elapsed": 4.016791, "delta": 0.008976}}
{"target": -417.88722560098654, "params": {"gamma": 9.795922153419893, "prior": 4.465965542047824, "rate": 7.39638001311296}, "datetime": {"datetime": "2024-06-14 05:32:42", "elapsed": 4.025767, "delta": 0.008976}}
{"target": -134.93470330587726, "params": {"gamma": 0.3770011826173517, "prior": 7.6707937261048125, "rate": 5.1832975216877974}, "datetime": {"datetime": "2024-06-14 05:32:42", "elapsed": 4.034743, "delta": 0.008976}}
{"target": -147.947117066872, "params": {"gamma": 0.05416001307807128, "prior": 2.8442810373477254, "rate": 5.348787492965596}, "datetime": {"datetime": "2024-06-14 05:32:42", "elapsed": 4.043719, "delta": 0.008976}}
{"target": -336.1682708287079, "params": {"gamma": 7.679860819934835, "prior": 0.6256166949799984, "rate": 5.490985385061347}, "datetime": {"datetime": "2024-06-14 05:32:42", "elapsed": 4.052695, "delta": 0.008976}}
{"target": -353.7868390018589, "params": {"gamma": 8.010144563427762, "prior": 6.530872243296941, "rate": 9.314538702914113}, "datetime": {"datetime": "2024-06-14 05:32:42", "elapsed": 4.062668, "delta": 0.009973}}
{"target": -118.39588616414187, "params": {"gamma": 0.7482397187025968, "prior": 2.8403839797458077, "rate": 9.192455805057469}, "datetime": {"datetime": "2024-06-14 05:32:42", "elapsed": 4.071644, "delta": 0.008976}}
{"target": -340.829907202759, "params": {"gamma": 7.650286477833132, "prior": 6.037429410273777, "rate": 8.329848470226867}, "datetime": {"datetime": "2024-06-14 05:32:42", "elapsed": 4.080622, "delta": 0.008978}}
{"target": -410.6929030146492, "params": {"gamma": 8.960538872258445, "prior": 9.729931493242967, "rate": 9.98520655039097}, "datetime": {"datetime": "2024-06-14 05:32:42", "elapsed": 4.08977, "delta": 0.009148}}
{"target": -128.2925515963671, "params": {"gamma": 1.3973536875073507, "prior": 0.7983662429626219, "rate": 0.7355930769468734}, "datetime": {"datetime": "2024-06-14 05:32:42", "elapsed": 4.098747, "delta": 0.008977}}
{"target": -150.81017225976186, "params": {"gamma": 0.14842316520856935, "prior": 9.721018722481467, "rate": 0.9485743976558341}, "datetime": {"datetime": "2024-06-14 05:32:42", "elapsed": 4.107722, "delta": 0.008975}}
{"target": -413.1895349857209, "params": {"gamma": 8.417526525032311, "prior": 6.883212669386226, "rate": 4.876084117661699}, "datetime": {"datetime": "2024-06-14 05:32:42", "elapsed": 4.116698, "delta": 0.008976}}
{"target": -193.69178744318023, "params": {"gamma": 3.4676021187044235, "prior": 3.6011130919633505, "rate": 2.539134984589525}, "datetime": {"datetime": "2024-06-14 05:32:42", "elapsed": 4.126671, "delta": 0.009973}}
{"target": -605.3939667339152, "params": {"gamma": 9.110268719012566, "prior": 7.283861200399203, "rate": 0.2602320020499145}, "datetime": {"datetime": "2024-06-14 05:32:42", "elapsed": 4.135648, "delta": 0.008977}}
{"target": -309.9519798105342, "params": {"gamma": 4.615751011217899, "prior": 2.884882598114433, "rate": 0.2906328955928069}, "datetime": {"datetime": "2024-06-14 05:32:42", "elapsed": 4.144623, "delta": 0.008975}}
{"target": -473.9935607504822, "params": {"gamma": 8.846934261198635, "prior": 7.732953043751355, "rate": 3.298021057363365}, "datetime": {"datetime": "2024-06-14 05:32:42", "elapsed": 4.1536, "delta": 0.008977}}
{"target": -374.15374115904325, "params": {"gamma": 7.965789316779574, "prior": 3.3139193898096666, "rate": 3.0795165557326496}, "datetime": {"datetime": "2024-06-14 05:32:42", "elapsed": 4.162575, "delta": 0.008975}}
{"target": -477.4266942943458, "params": {"gamma": 9.281162675928762, "prior": 9.771470003263916, "rate": 5.236029491864212}, "datetime": {"datetime": "2024-06-14 05:32:42", "elapsed": 4.171551, "delta": 0.008976}}
{"target": -481.9453721836934, "params": {"gamma": 9.519399740511682, "prior": 8.891165289872, "rate": 5.180807583382493}, "datetime": {"datetime": "2024-06-14 05:32:42", "elapsed": 4.18053, "delta": 0.008979}}
{"target": -206.63571942012933, "params": {"gamma": 3.728115272172759, "prior": 7.132510325364133, "rate": 4.5569786029958985}, "datetime": {"datetime": "2024-06-14 05:32:42", "elapsed": 4.189506, "delta": 0.008976}}
{"target": -299.6351893092828, "params": {"gamma": 6.052523738337006, "prior": 9.905021349210472, "rate": 7.739388583314729}, "datetime": {"datetime": "2024-06-14 05:32:42", "elapsed": 4.199479, "delta": 0.009973}}
{"target": -174.29716732864856, "params": {"gamma": 3.343429773533269, "prior": 0.9810823861415419, "rate": 1.8498709971938052}, "datetime": {"datetime": "2024-06-14 05:32:42", "elapsed": 4.208456, "delta": 0.008977}}
{"target": -242.01061128929564, "params": {"gamma": 5.2689919070424525, "prior": 4.229313939257894, "rate": 8.006795921634268}, "datetime": {"datetime": "2024-06-14 05:32:42", "elapsed": 4.217431, "delta": 0.008975}}
{"target": -391.1391893477102, "params": {"gamma": 9.332090179528631, "prior": 1.8608610047183507, "rate": 8.600807641991286}, "datetime": {"datetime": "2024-06-14 05:32:42", "elapsed": 4.22597, "delta": 0.008539}}
{"target": -630.844597874195, "params": {"gamma": 9.57399186834036, "prior": 9.598759007812843, "rate": 0.37958801461658453}, "datetime": {"datetime": "2024-06-14 05:32:42", "elapsed": 4.23594, "delta": 0.00997}}
{"target": -117.76451020425209, "params": {"gamma": 0.576777472576129, "prior": 0.15739418988512105, "rate": 3.127498880398609}, "datetime": {"datetime": "2024-06-14 05:32:42", "elapsed": 4.244915, "delta": 0.008975}}
{"target": -126.25305865259679, "params": {"gamma": 0.5579284287083343, "prior": 3.0092386061583873, "rate": 3.5608088438258343}, "datetime": {"datetime": "2024-06-14 05:32:42", "elapsed": 4.253892, "delta": 0.008977}}
{"target": -483.63774939033107, "params": {"gamma": 9.536816507720744, "prior": 4.821814132619101, "rate": 2.783106185770882}, "datetime": {"datetime": "2024-06-14 05:32:42", "elapsed": 4.262442, "delta": 0.00855}}
{"target": -315.6582251524992, "params": {"gamma": 5.030548945314497, "prior": 6.469243454026442, "rate": 1.1133454800017826}, "datetime": {"datetime": "2024-06-14 05:32:42", "elapsed": 4.272415, "delta": 0.009973}}
{"target": -353.8884717193936, "params": {"gamma": 7.580858519672953, "prior": 8.534263135744226, "rate": 8.442654345834713}, "datetime": {"datetime": "2024-06-14 05:32:42", "elapsed": 4.281393, "delta": 0.008978}}
{"target": -401.3450563959575, "params": {"gamma": 8.905177817288482, "prior": 3.8802397278820355, "rate": 4.438608178466819}, "datetime": {"datetime": "2024-06-14 05:32:42", "elapsed": 4.290369, "delta": 0.008976}}
{"target": -117.32651439922945, "params": {"gamma": 1.0167131779857155, "prior": 2.335488532069228, "rate": 9.713233372262836}, "datetime": {"datetime": "2024-06-14 05:32:42", "elapsed": 4.299346, "delta": 0.008977}}
{"target": -164.99563993863, "params": {"gamma": 2.8469550657183857, "prior": 9.083221808185874, "rate": 8.905632311496733}, "datetime": {"datetime": "2024-06-14 05:32:42", "elapsed": 4.308321, "delta": 0.008975}}
{"target": -388.97039417546864, "params": {"gamma": 9.225122468106674, "prior": 1.645880687963868, "rate": 8.797341712870308}, "datetime": {"datetime": "2024-06-14 05:32:42", "elapsed": 4.317297, "delta": 0.008976}}
{"target": -284.70433300819104, "params": {"gamma": 6.320317509680909, "prior": 2.1852189663461443, "rate": 3.4518140318860318}, "datetime": {"datetime": "2024-06-14 05:32:42", "elapsed": 4.326273, "delta": 0.008976}}
{"target": -157.04340530081865, "params": {"gamma": 1.6000279671042428, "prior": 4.499046758716659, "rate": 0.8386657635007598}, "datetime": {"datetime": "2024-06-14 05:32:42", "elapsed": 4.33525, "delta": 0.008977}}
{"target": -125.95575452165286, "params": {"gamma": 1.654019586311918, "prior": 2.052243830020026, "rate": 6.910582388225486}, "datetime": {"datetime": "2024-06-14 05:32:42", "elapsed": 4.344225, "delta": 0.008975}}
{"target": -334.66436458015284, "params": {"gamma": 5.738454888784365, "prior": 8.745899026963649, "rate": 2.447096023126362}, "datetime": {"datetime": "2024-06-14 05:32:42", "elapsed": 4.354199, "delta": 0.009974}}
{"target": -285.65707597311217, "params": {"gamma": 6.296449959232413, "prior": 0.4408695265402466, "rate": 5.162468412309614}, "datetime": {"datetime": "2024-06-14 05:32:42", "elapsed": 4.363175, "delta": 0.008976}}
{"target": -606.7292407243333, "params": {"gamma": 8.632401590656782, "prior": 9.842852784460677, "rate": 0.09971988061382621}, "datetime": {"datetime": "2024-06-14 05:32:42", "elapsed": 4.372151, "delta": 0.008976}}
{"target": -186.6938200962808, "params": {"gamma": 2.5291619792860742, "prior": 2.316111736242501, "rate": 0.4763284046833772}, "datetime": {"datetime": "2024-06-14 05:32:42", "elapsed": 4.381129, "delta": 0.008978}}
{"target": -151.3649391068791, "params": {"gamma": 0.10271439016149476, "prior": 4.952933591217894, "rate": 0.4557759745572704}, "datetime": {"datetime": "2024-06-14 05:32:42", "elapsed": 4.390105, "delta": 0.008976}}
{"target": -177.38965306671167, "params": {"gamma": 2.784002980338173, "prior": 6.435748234178231, "rate": 2.9476257235674814}, "datetime": {"datetime": "2024-06-14 05:32:42", "elapsed": 4.399081, "delta": 0.008976}}
{"target": -167.1437877852549, "params": {"gamma": 2.6972773568893555, "prior": 5.946410570211314, "rate": 3.805960238019191}, "datetime": {"datetime": "2024-06-14 05:32:42", "elapsed": 4.409055, "delta": 0.009974}}
{"target": -319.3376563413909, "params": {"gamma": 7.025527816580048, "prior": 5.011627117373624, "rate": 6.33245944879897}, "datetime": {"datetime": "2024-06-14 05:32:42", "elapsed": 4.41803, "delta": 0.008975}}
{"target": -208.1888560286947, "params": {"gamma": 3.5345900756692927, "prior": 2.9417350669395357, "rate": 1.3329379303972684}, "datetime": {"datetime": "2024-06-14 05:32:42", "elapsed": 4.427006, "delta": 0.008976}}
{"target": -419.77875717231376, "params": {"gamma": 9.370866767604843, "prior": 8.067874875556367, "rate": 9.380347403020368}, "datetime": {"datetime": "2024-06-14 05:32:42", "elapsed": 4.435982, "delta": 0.008976}}
{"target": -136.15816345667935, "params": {"gamma": 1.8546198659533752, "prior": 9.338242051949933, "rate": 9.357596323713638}, "datetime": {"datetime": "2024-06-14 05:32:42", "elapsed": 4.444958, "delta": 0.008976}}
{"target": -157.9260098227665, "params": {"gamma": 2.8361615915229414, "prior": 2.8188790593962434, "rate": 5.514764305160052}, "datetime": {"datetime": "2024-06-14 05:32:42", "elapsed": 4.453934, "delta": 0.008976}}
{"target": -148.793181550142, "params": {"gamma": 1.8537071044461548, "prior": 4.476800995204981, "rate": 1.8539911417309063}, "datetime": {"datetime": "2024-06-14 05:32:42", "elapsed": 4.46291, "delta": 0.008976}}
{"target": -400.0553302258073, "params": {"gamma": 9.473811803621638, "prior": 4.988864109161748, "rate": 9.639213756472554}, "datetime": {"datetime": "2024-06-14 05:32:42", "elapsed": 4.472883, "delta": 0.009973}}
{"target": -285.0710763776721, "params": {"gamma": 6.449771783449607, "prior": 4.894726153020617, "rate": 9.676984764366013}, "datetime": {"datetime": "2024-06-14 05:32:42", "elapsed": 4.481368, "delta": 0.008485}}
{"target": -127.67166561472537, "params": {"gamma": 1.4327546273059197, "prior": 6.360065759198316, "rate": 6.6192217900001395}, "datetime": {"datetime": "2024-06-14 05:32:42", "elapsed": 4.491342, "delta": 0.009974}}
{"target": -207.65387566313407, "params": {"gamma": 4.3389644317001075, "prior": 0.6876365308556791, "rate": 4.927733289059168}, "datetime": {"datetime": "2024-06-14 05:32:42", "elapsed": 4.500318, "delta": 0.008976}}
{"target": -272.82446690645736, "params": {"gamma": 4.651874301237257, "prior": 8.08679342667115, "rate": 2.5673532385398095}, "datetime": {"datetime": "2024-06-14 05:32:42", "elapsed": 4.509294, "delta": 0.008976}}
{"target": -191.3995344133393, "params": {"gamma": 3.914912199479702, "prior": 2.4777048514916347, "rate": 6.864747708308469}, "datetime": {"datetime": "2024-06-14 05:32:42", "elapsed": 4.51827, "delta": 0.008976}}
{"target": -412.2539850636111, "params": {"gamma": 9.898844649917818, "prior": 1.856552414995793, "rate": 8.214645955522746}, "datetime": {"datetime": "2024-06-14 05:32:42", "elapsed": 4.527246, "delta": 0.008976}}
