{"target": -123.87663761529814, "params": {"p_ai": 1.4279566540748827, "p_al": 4.029886990464706, "p_ex": 0.9365508000919157, "prior": 1.1798186144028775, "rate": 3.7487938794307722}, "datetime": {"datetime": "2024-06-12 22:00:36", "elapsed": 146.644439, "delta": 0.113766}}
{"target": -112.39983221797598, "params": {"p_ai": 1.6546967791248957, "p_al": 7.189803640791438, "p_ex": 1.2593877715931971, "prior": 7.3885980982763915, "rate": 8.414001455172476}, "datetime": {"datetime": "2024-06-12 22:00:36", "elapsed": 146.754936, "delta": 0.110497}}
{"target": -98.04304863480702, "params": {"p_ai": 0.8277240020145509, "p_al": 0.40174085176928154, "p_ex": 4.935835222553207, "prior": 6.007983741691986, "rate": 6.840309611765913}, "datetime": {"datetime": "2024-06-12 22:00:36", "elapsed": 146.866109, "delta": 0.111173}}
{"target": -101.09438134748764, "params": {"p_ai": 4.783269121725012, "p_al": 5.43204650511011, "p_ex": 5.496552402245287, "prior": 7.138106637477267, "rate": 1.5624524636119834}, "datetime": {"datetime": "2024-06-12 22:00:36", "elapsed": 146.976262, "delta": 0.110153}}
{"target": -119.26349255775422, "params": {"p_ai": 0.21840247284079448, "p_al": 5.0810198285396355, "p_ex": 9.536924746726761, "prior": 0.2525090092699558, "rate": 6.128403575008314}, "datetime": {"datetime": "2024-06-12 22:00:36", "elapsed": 147.087344, "delta": 0.111082}}
{"target": -139.65399307783463, "params": {"p_ai": 4.939320683010433, "p_al": 9.002060207394416, "p_ex": 0.23704776287753082, "prior": 6.595399054482834, "rate": 6.562552010470135}, "datetime": {"datetime": "2024-06-12 22:00:36", "elapsed": 147.198937, "delta": 0.111593}}
{"target": -115.8117896186353, "params": {"p_ai": 8.837644098733263, "p_al": 5.364682726700318, "p_ex": 6.906781308399074, "prior": 4.127253846938141, "rate": 8.266081764202346}, "datetime": {"datetime": "2024-06-12 22:00:36", "elapsed": 147.320352, "delta": 0.121415}}
{"target": -131.6941278907916, "params": {"p_ai": 6.8504352216905025, "p_al": 1.0810222412253256, "p_ex": 1.3998087495288447, "prior": 1.5815613030149898, "rate": 1.2062726776522048}, "datetime": {"datetime": "2024-06-12 22:00:36", "elapsed": 147.431619, "delta": 0.111267}}
{"target": -76.71901049520189, "params": {"p_ai": 2.3035455339210555, "p_al": 4.234200487143697, "p_ex": 6.707944311433513, "prior": 3.3668765115423156, "rate": 5.198024236880238}, "datetime": {"datetime": "2024-06-12 22:00:37", "elapsed": 147.543199, "delta": 0.11158}}
{"target": -115.89993017120857, "params": {"p_ai": 8.211382294641277, "p_al": 8.846034811358733, "p_ex": 7.045232769327324, "prior": 8.345070705454033, "rate": 3.0914422049730192}, "datetime": {"datetime": "2024-06-12 22:00:37", "elapsed": 147.653418, "delta": 0.110219}}
{"target": -178.8365941046311, "params": {"p_ai": 7.906380261917968, "p_al": 9.166710416312725, "p_ex": 0.38501668004467343, "prior": 4.456841648918111, "rate": 2.400051758658205}, "datetime": {"datetime": "2024-06-12 22:00:37", "elapsed": 147.763127, "delta": 0.109709}}
{"target": -118.72694220164254, "params": {"p_ai": 4.940660386293297, "p_al": 6.175140602793566, "p_ex": 2.091272826194304, "prior": 8.744398930353034, "rate": 2.5596605190716057}, "datetime": {"datetime": "2024-06-12 22:00:37", "elapsed": 147.87389, "delta": 0.110763}}
{"target": -92.99325588869168, "params": {"p_ai": 7.136377798802829, "p_al": 8.522447753288162, "p_ex": 9.324182212105026, "prior": 9.557336945828917, "rate": 6.802327869110957}, "datetime": {"datetime": "2024-06-12 22:00:37", "elapsed": 147.984532, "delta": 0.110642}}
{"target": -149.15738226837732, "params": {"p_ai": 6.285568395410022, "p_al": 5.960060465580838, "p_ex": 4.851726446735362, "prior": 3.6049594608485735, "rate": 0.20863241585354705}, "datetime": {"datetime": "2024-06-12 22:00:37", "elapsed": 148.09527, "delta": 0.110738}}
{"target": -121.24589328485301, "params": {"p_ai": 7.486975885448935, "p_al": 3.937358788422066, "p_ex": 2.79410515735981, "prior": 7.775533086066571, "rate": 6.602998827874746}, "datetime": {"datetime": "2024-06-12 22:00:37", "elapsed": 148.227081, "delta": 0.131811}}
{"target": -128.24887694653154, "params": {"p_ai": 9.098056643649587, "p_al": 1.2770187303406033, "p_ex": 3.824203127550404, "prior": 5.774271922004235, "rate": 3.5456217583267438}, "datetime": {"datetime": "2024-06-12 22:00:37", "elapsed": 148.351569, "delta": 0.124488}}
{"target": -139.28227349961708, "params": {"p_ai": 3.4811350231133904, "p_al": 4.8414028576161146, "p_ex": 0.7153129490863941, "prior": 0.387818224896804, "rate": 8.406255835018216}, "datetime": {"datetime": "2024-06-12 22:00:37", "elapsed": 148.463614, "delta": 0.112045}}
{"target": -120.30245437358971, "params": {"p_ai": 0.07468152752854851, "p_al": 7.037874280718394, "p_ex": 4.456185466685769, "prior": 9.695126199772558, "rate": 8.099409010025607}, "datetime": {"datetime": "2024-06-12 22:00:38", "elapsed": 148.590613, "delta": 0.126999}}
{"target": -120.0907883245471, "params": {"p_ai": 3.996718434730743, "p_al": 3.938902959796732, "p_ex": 1.286813012611449, "prior": 3.6465500824313426, "rate": 2.0426073909631612}, "datetime": {"datetime": "2024-06-12 22:00:38", "elapsed": 148.712288, "delta": 0.121675}}
{"target": -95.07686169694983, "params": {"p_ai": 3.1614000068530106, "p_al": 5.623594945544146, "p_ex": 8.619255993738198, "prior": 0.9829189309028393, "rate": 8.300738150352977}, "datetime": {"datetime": "2024-06-12 22:00:38", "elapsed": 148.836496, "delta": 0.124208}}
{"target": -161.74405294263823, "params": {"p_ai": 9.206746670882922, "p_al": 2.2370564954994667, "p_ex": 2.0092749988734764, "prior": 7.68458337573151, "rate": 0.2062614705948202}, "datetime": {"datetime": "2024-06-12 22:00:38", "elapsed": 148.962458, "delta": 0.125962}}
{"target": -96.65750178885614, "params": {"p_ai": 4.899945500231934, "p_al": 0.22473218478826035, "p_ex": 8.073172073706955, "prior": 0.2445885062795086, "rate": 1.606378549398885}, "datetime": {"datetime": "2024-06-12 22:00:38", "elapsed": 149.085844, "delta": 0.123386}}
{"target": -169.13692387749057, "params": {"p_ai": 2.4620681009293874, "p_al": 9.97118086318404, "p_ex": 4.2080717220070545, "prior": 0.723555571610517, "rate": 2.5034633033992453}, "datetime": {"datetime": "2024-06-12 22:00:38", "elapsed": 149.196743, "delta": 0.110899}}
{"target": -161.50876554014624, "params": {"p_ai": 4.116278798256325, "p_al": 4.203178877087594, "p_ex": 1.2225962712638043, "prior": 0.09602835634617231, "rate": 8.154738679164394}, "datetime": {"datetime": "2024-06-12 22:00:38", "elapsed": 149.307396, "delta": 0.110653}}
{"target": -85.10624133656064, "params": {"p_ai": 2.420309422756816, "p_al": 0.8351610320295642, "p_ex": 3.902842935821451, "prior": 4.325960177896798, "rate": 5.241434014055874}, "datetime": {"datetime": "2024-06-12 22:00:38", "elapsed": 149.41737, "delta": 0.109974}}
{"target": -138.93924833723412, "params": {"p_ai": 7.603376815898056, "p_al": 7.881595226853473, "p_ex": 4.69433737684428, "prior": 8.84778674480025, "rate": 0.7923520325099378}, "datetime": {"datetime": "2024-06-12 22:00:39", "elapsed": 149.52781, "delta": 0.11044}}
{"target": -76.1064693635161, "params": {"p_ai": 3.5574531720980214, "p_al": 3.5994139100209117, "p_ex": 7.109371396496036, "prior": 8.454594325305903, "rate": 7.232506818121953}, "datetime": {"datetime": "2024-06-12 22:00:39", "elapsed": 149.638739, "delta": 0.110929}}
{"target": -133.68233695428745, "params": {"p_ai": 1.1093004471254597, "p_al": 5.993923463011581, "p_ex": 5.096712967465722, "prior": 6.054228201320038, "rate": 0.1226722842462226}, "datetime": {"datetime": "2024-06-12 22:00:39", "elapsed": 149.74887, "delta": 0.110131}}
{"target": -93.71550914909453, "params": {"p_ai": 2.8847318994074884, "p_al": 0.5195115021213401, "p_ex": 3.8593275631561745, "prior": 7.591105253188898, "rate": 2.760741862083189}, "datetime": {"datetime": "2024-06-12 22:00:39", "elapsed": 149.8603, "delta": 0.11143}}
{"target": -134.3585555605107, "params": {"p_ai": 6.141529398043521, "p_al": 6.274707164228254, "p_ex": 2.5170584045891635, "prior": 4.750942300769668, "rate": 1.4358112359468298}, "datetime": {"datetime": "2024-06-12 22:00:39", "elapsed": 149.974123, "delta": 0.113823}}
{"target": -119.83948025622215, "params": {"p_ai": 0.7011116324724777, "p_al": 7.929860841730195, "p_ex": 1.795562784233606, "prior": 1.262946483912148, "rate": 9.671184251007993}, "datetime": {"datetime": "2024-06-12 22:00:39", "elapsed": 150.084555, "delta": 0.110432}}
{"target": -115.37339447216384, "params": {"p_ai": 0.5573731780335549, "p_al": 6.819790241413085, "p_ex": 3.7501223484584494, "prior": 1.7357003045831663, "rate": 2.729343170863875}, "datetime": {"datetime": "2024-06-12 22:00:39", "elapsed": 150.195261, "delta": 0.110706}}
{"target": -137.1786815252538, "params": {"p_ai": 7.317227227933917, "p_al": 8.554888420670306, "p_ex": 2.689038141484899, "prior": 3.472099394055825, "rate": 4.096110345006913}, "datetime": {"datetime": "2024-06-12 22:00:39", "elapsed": 150.305841, "delta": 0.11058}}
{"target": -136.40002839218786, "params": {"p_ai": 8.27463349798043, "p_al": 7.499462592816369, "p_ex": 2.0949993417644017, "prior": 5.4290024784475, "rate": 7.667626272976248}, "datetime": {"datetime": "2024-06-12 22:00:39", "elapsed": 150.416545, "delta": 0.110704}}
{"target": -127.0282605627277, "params": {"p_ai": 4.7879383529564326, "p_al": 5.555441020744501, "p_ex": 2.1259267050941175, "prior": 6.5937001865309925, "rate": 0.7216957676120941}, "datetime": {"datetime": "2024-06-12 22:00:40", "elapsed": 150.52777, "delta": 0.111225}}
{"target": -91.56249772864338, "params": {"p_ai": 3.6179707035344424, "p_al": 4.004629392388292, "p_ex": 6.088185685201007, "prior": 9.486748635275, "rate": 2.1920032707429677}, "datetime": {"datetime": "2024-06-12 22:00:40", "elapsed": 150.639471, "delta": 0.111701}}
{"target": -112.62672565532296, "params": {"p_ai": 5.442028448956808, "p_al": 8.022602169272844, "p_ex": 6.029957106555403, "prior": 7.3885446090964555, "rate": 1.165421009227606}, "datetime": {"datetime": "2024-06-12 22:00:40", "elapsed": 150.749356, "delta": 0.109885}}
{"target": -123.88728774673771, "params": {"p_ai": 8.358036825075693, "p_al": 3.113679458977735, "p_ex": 4.371665866048249, "prior": 0.8497142025282297, "rate": 6.8720980563405405}, "datetime": {"datetime": "2024-06-12 22:00:40", "elapsed": 150.860211, "delta": 0.110855}}
{"target": -210.57940421199942, "params": {"p_ai": 8.473226850336655, "p_al": 4.8374026461852715, "p_ex": 1.0144159817281404, "prior": 1.0304774415742601, "rate": 1.1571614255769536}, "datetime": {"datetime": "2024-06-12 22:00:40", "elapsed": 150.970527, "delta": 0.110316}}
{"target": -153.00783953807021, "params": {"p_ai": 4.949616547462121, "p_al": 6.220627804926973, "p_ex": 0.3335849123921304, "prior": 0.6267721727276038, "rate": 9.865505216902308}, "datetime": {"datetime": "2024-06-12 22:00:40", "elapsed": 151.081029, "delta": 0.110502}}
{"target": -100.15734614681786, "params": {"p_ai": 2.911746387509673, "p_al": 4.767839668205347, "p_ex": 6.3067125618904285, "prior": 7.149275299157485, "rate": 1.0953535294440504}, "datetime": {"datetime": "2024-06-12 22:00:40", "elapsed": 151.191113, "delta": 0.110084}}
{"target": -104.0198300020701, "params": {"p_ai": 1.0974360729101045, "p_al": 9.120713340531383, "p_ex": 3.241590644593953, "prior": 7.238884009716445, "rate": 7.096501104751053}, "datetime": {"datetime": "2024-06-12 22:00:40", "elapsed": 151.301726, "delta": 0.110613}}
{"target": -76.69736703696934, "params": {"p_ai": 4.688619507465229, "p_al": 0.914017224130388, "p_ex": 8.898432826656682, "prior": 8.345353289055549, "rate": 4.317297116530302}, "datetime": {"datetime": "2024-06-12 22:00:40", "elapsed": 151.412957, "delta": 0.111231}}
{"target": -95.50210317032968, "params": {"p_ai": 4.559525834561577, "p_al": 5.459471626378892, "p_ex": 3.785573297339121, "prior": 5.047292825654079, "rate": 4.727269672018876}, "datetime": {"datetime": "2024-06-12 22:00:41", "elapsed": 151.5242, "delta": 0.111243}}
{"target": -128.3014680401257, "params": {"p_ai": 2.859396758603877, "p_al": 8.724991808089245, "p_ex": 0.4725551221123667, "prior": 3.6437422620890763, "rate": 7.740580109571957}, "datetime": {"datetime": "2024-06-12 22:00:41", "elapsed": 151.634029, "delta": 0.109829}}
{"target": -90.031661483046, "params": {"p_ai": 4.855653301753838, "p_al": 7.863005357249527, "p_ex": 4.826582597220067, "prior": 9.894652497502703, "rate": 8.840545168003166}, "datetime": {"datetime": "2024-06-12 22:00:41", "elapsed": 151.74543, "delta": 0.111401}}
{"target": -98.97402148015385, "params": {"p_ai": 0.07831212778797367, "p_al": 4.751032356732131, "p_ex": 8.57428103860396, "prior": 3.4359136145118434, "rate": 7.290202296376493}, "datetime": {"datetime": "2024-06-12 22:00:41", "elapsed": 151.855722, "delta": 0.110292}}
{"target": -90.56399907712093, "params": {"p_ai": 4.183744766266581, "p_al": 0.9585392958462935, "p_ex": 3.1532433917757894, "prior": 3.1308531715362826, "rate": 6.545849893132512}, "datetime": {"datetime": "2024-06-12 22:00:41", "elapsed": 151.965818, "delta": 0.110096}}
{"target": -160.65188490206188, "params": {"p_ai": 9.2687875185922, "p_al": 7.037200604701104, "p_ex": 3.231017446456585, "prior": 6.831512703701488, "rate": 0.8419392132049751}, "datetime": {"datetime": "2024-06-12 22:00:41", "elapsed": 152.07611, "delta": 0.110292}}
{"target": -79.37478971387416, "params": {"p_ai": 3.7556365905474465, "p_al": 1.9013971065648507, "p_ex": 6.930796694970291, "prior": 6.6213941581181786, "rate": 3.5313711432227763}, "datetime": {"datetime": "2024-06-12 22:00:41", "elapsed": 152.186814, "delta": 0.110704}}
{"target": -93.73409844028656, "params": {"p_ai": 1.8068468119614796, "p_al": 1.5674501046743812, "p_ex": 2.370658744353432, "prior": 3.2852652761803105, "rate": 8.696087149900197}, "datetime": {"datetime": "2024-06-12 22:00:41", "elapsed": 152.298055, "delta": 0.111241}}
{"target": -124.94411373982884, "params": {"p_ai": 1.2200175486361586, "p_al": 1.6822606829827977, "p_ex": 3.705180601429274, "prior": 6.043855836461611, "rate": 0.5590941737040515}, "datetime": {"datetime": "2024-06-12 22:00:41", "elapsed": 152.408759, "delta": 0.110704}}
{"target": -110.2675644791823, "params": {"p_ai": 2.4530157395110272, "p_al": 8.339880336832202, "p_ex": 6.6291727017770885, "prior": 3.514955268114378, "rate": 1.1430089325855246}, "datetime": {"datetime": "2024-06-12 22:00:42", "elapsed": 152.520474, "delta": 0.111715}}
{"target": -76.83057208164423, "params": {"p_ai": 3.2497116180828423, "p_al": 2.4459159076333763, "p_ex": 7.105940711956388, "prior": 3.0061649444424168, "rate": 6.772681332069404}, "datetime": {"datetime": "2024-06-12 22:00:42", "elapsed": 152.637475, "delta": 0.117001}}
{"target": -81.48833627934003, "params": {"p_ai": 4.127147676669158, "p_al": 3.5000338791625603, "p_ex": 7.858439735785224, "prior": 1.8548504645300572, "rate": 4.568772154035324}, "datetime": {"datetime": "2024-06-12 22:00:42", "elapsed": 152.747181, "delta": 0.109706}}
{"target": -107.48451493688724, "params": {"p_ai": 5.835530117986011, "p_al": 3.212684807280133, "p_ex": 7.062774790669378, "prior": 9.178333561636288, "rate": 0.7316329870406574}, "datetime": {"datetime": "2024-06-12 22:00:42", "elapsed": 152.858589, "delta": 0.111408}}
{"target": -128.78446432040315, "params": {"p_ai": 1.8150914190678362, "p_al": 5.0916122463155125, "p_ex": 7.999007220987372, "prior": 6.3099451378100975, "rate": 0.19788728779717554}, "datetime": {"datetime": "2024-06-12 22:00:42", "elapsed": 152.969567, "delta": 0.110978}}
{"target": -110.35769175773218, "params": {"p_ai": 3.3004827361213245, "p_al": 6.538626611010611, "p_ex": 6.871688718445077, "prior": 4.823006920556168, "rate": 0.5382932557142641}, "datetime": {"datetime": "2024-06-12 22:00:42", "elapsed": 153.080248, "delta": 0.110681}}
{"target": -94.69020983718009, "params": {"p_ai": 6.278247599644344, "p_al": 5.040797331247155, "p_ex": 7.254407536263888, "prior": 3.9055515518702113, "rate": 8.357418355008}, "datetime": {"datetime": "2024-06-12 22:00:42", "elapsed": 153.191452, "delta": 0.111204}}
{"target": -127.4658786161553, "params": {"p_ai": 3.0757148001887096, "p_al": 8.638004395565735, "p_ex": 0.14579244295210492, "prior": 7.627665696023684, "rate": 8.273847648386488}, "datetime": {"datetime": "2024-06-12 22:00:42", "elapsed": 153.302297, "delta": 0.110845}}
{"target": -156.27029144499338, "params": {"p_ai": 6.809289540861383, "p_al": 9.027438680748295, "p_ex": 2.018139331359617, "prior": 3.5201397919808, "rate": 2.2921758844190845}, "datetime": {"datetime": "2024-06-12 22:00:42", "elapsed": 153.413462, "delta": 0.111165}}
{"target": -122.68074004873165, "params": {"p_ai": 8.449338509914456, "p_al": 7.464354945562864, "p_ex": 8.690659271861168, "prior": 3.476881366525707, "rate": 1.5403536798332855}, "datetime": {"datetime": "2024-06-12 22:00:43", "elapsed": 153.525292, "delta": 0.11183}}
{"target": -129.49334503472937, "params": {"p_ai": 9.682858797805498, "p_al": 4.48978706650765, "p_ex": 7.299294135688072, "prior": 6.542015507469736, "rate": 1.4293254770000592}, "datetime": {"datetime": "2024-06-12 22:00:43", "elapsed": 153.637252, "delta": 0.11196}}
{"target": -118.02609861675468, "params": {"p_ai": 8.441932253993109, "p_al": 9.784654514150654, "p_ex": 9.662519410868244, "prior": 3.364703644014265, "rate": 9.259563218013493}, "datetime": {"datetime": "2024-06-12 22:00:43", "elapsed": 153.747956, "delta": 0.110704}}
{"target": -129.17604138095834, "params": {"p_ai": 1.3333118419790204, "p_al": 9.397284729643939, "p_ex": 0.44195907415044206, "prior": 4.091368046213268, "rate": 8.430225045191426}, "datetime": {"datetime": "2024-06-12 22:00:43", "elapsed": 153.858241, "delta": 0.110285}}
{"target": -124.03095808042302, "params": {"p_ai": 7.262581148720565, "p_al": 7.209549890498004, "p_ex": 2.7741757864966834, "prior": 4.212717575922968, "rate": 5.8959097870267625}, "datetime": {"datetime": "2024-06-12 22:00:43", "elapsed": 153.968592, "delta": 0.110351}}
{"target": -82.23522527783867, "params": {"p_ai": 3.891986952147379, "p_al": 5.060246349315631, "p_ex": 5.403954487123307, "prior": 8.24287578176365, "rate": 7.250054232337262}, "datetime": {"datetime": "2024-06-12 22:00:43", "elapsed": 154.080325, "delta": 0.111733}}
{"target": -122.7173327202241, "params": {"p_ai": 6.605222133006148, "p_al": 0.3598033746243215, "p_ex": 1.5546967280502506, "prior": 8.865381830553787, "rate": 7.657785349882481}, "datetime": {"datetime": "2024-06-12 22:00:43", "elapsed": 154.19054, "delta": 0.110215}}
{"target": -104.11290204895391, "params": {"p_ai": 1.8046637957872491, "p_al": 0.6524949715348244, "p_ex": 1.6281542566356162, "prior": 8.374218512150179, "rate": 9.731091914278464}, "datetime": {"datetime": "2024-06-12 22:00:43", "elapsed": 154.301278, "delta": 0.110738}}
{"target": -155.06056287565184, "params": {"p_ai": 7.551294251085085, "p_al": 7.846261256321505, "p_ex": 0.2948143897467438, "prior": 8.746507176043488, "rate": 6.811814507289089}, "datetime": {"datetime": "2024-06-12 22:00:43", "elapsed": 154.411282, "delta": 0.110004}}
{"target": -98.84860079031489, "params": {"p_ai": 3.491117394447596, "p_al": 4.996307812122189, "p_ex": 9.500625939679805, "prior": 0.5418231030837052, "rate": 1.9178056358084192}, "datetime": {"datetime": "2024-06-12 22:00:44", "elapsed": 154.521986, "delta": 0.110704}}
{"target": -110.49422080692031, "params": {"p_ai": 1.5023582570289036, "p_al": 5.382930850808608, "p_ex": 2.3570269485381226, "prior": 0.7682631345285783, "rate": 5.150477461127861}, "datetime": {"datetime": "2024-06-12 22:00:44", "elapsed": 154.631692, "delta": 0.109706}}
{"target": -212.43569315080634, "params": {"p_ai": 8.362708321759683, "p_al": 6.819784382074199, "p_ex": 0.3682001150492693, "prior": 0.45365509155135486, "rate": 5.381313363958052}, "datetime": {"datetime": "2024-06-12 22:00:44", "elapsed": 154.744626, "delta": 0.112934}}
{"target": -103.70730593689579, "params": {"p_ai": 1.4150273701349951, "p_al": 7.072618884594694, "p_ex": 2.475208355841432, "prior": 4.4001635851432885, "rate": 6.20328470504274}, "datetime": {"datetime": "2024-06-12 22:00:44", "elapsed": 154.857556, "delta": 0.11293}}
{"target": -115.09132803802318, "params": {"p_ai": 9.727401234811984, "p_al": 1.9708617551910437, "p_ex": 9.11847912589639, "prior": 3.5084000862768674, "rate": 1.620079386052706}, "datetime": {"datetime": "2024-06-12 22:00:44", "elapsed": 154.968346, "delta": 0.11079}}
{"target": -156.79931356474341, "params": {"p_ai": 4.209214604363843, "p_al": 8.414948403855572, "p_ex": 0.4388179602825087, "prior": 1.3705759290135842, "rate": 5.899809868120774}, "datetime": {"datetime": "2024-06-12 22:00:44", "elapsed": 155.079472, "delta": 0.111126}}
{"target": -81.43657100750087, "params": {"p_ai": 4.086392620197625, "p_al": 4.783302797395642, "p_ex": 8.220717104784246, "prior": 1.6735483806311797, "rate": 3.22090203722221}, "datetime": {"datetime": "2024-06-12 22:00:44", "elapsed": 155.189691, "delta": 0.110219}}
{"target": -80.58201695154344, "params": {"p_ai": 2.0558855352123273, "p_al": 0.994129546634683, "p_ex": 5.2440273923637495, "prior": 2.126509929595719, "rate": 9.043863370876949}, "datetime": {"datetime": "2024-06-12 22:00:44", "elapsed": 155.30024, "delta": 0.110549}}
{"target": -146.46959087204624, "params": {"p_ai": 0.4612609769887088, "p_al": 8.972847420576791, "p_ex": 5.877759258904735, "prior": 8.616106541168397, "rate": 0.2926751386192975}, "datetime": {"datetime": "2024-06-12 22:00:44", "elapsed": 155.410944, "delta": 0.110704}}
{"target": -126.75657765965182, "params": {"p_ai": 3.3307736556222323, "p_al": 5.011600389259751, "p_ex": 2.171900960239031, "prior": 4.226542048262939, "rate": 0.2962973203527067}, "datetime": {"datetime": "2024-06-12 22:00:45", "elapsed": 155.521856, "delta": 0.110912}}
