{"target": -1038.9277531432213, "params": {"gamma": 7.909964984873447, "lr": 0.7157485483912336}, "datetime": {"datetime": "2024-06-13 19:12:01", "elapsed": 6.855109, "delta": 0.003989}}
{"target": -339.59713503992015, "params": {"gamma": 2.6971628183640655, "lr": 0.21045779104067575}, "datetime": {"datetime": "2024-06-13 19:12:01", "elapsed": 6.860095, "delta": 0.004986}}
{"target": -146.10677219566298, "params": {"gamma": 1.092174154085908, "lr": 0.3966811014027529}, "datetime": {"datetime": "2024-06-13 19:12:01", "elapsed": 6.864084, "delta": 0.003989}}
{"target": -149.10178720043385, "params": {"gamma": 0.8735791351201521, "lr": 0.6553896564824753}, "datetime": {"datetime": "2024-06-13 19:12:01", "elapsed": 6.869071, "delta": 0.004987}}
{"target": -1269.9327246842442, "params": {"gamma": 9.49833931470982, "lr": 0.755633280579152}, "datetime": {"datetime": "2024-06-13 19:12:01", "elapsed": 6.87306, "delta": 0.003989}}
{"target": -269.803390111704, "params": {"gamma": 1.1698003792568261, "lr": 0.020481248718401956}, "datetime": {"datetime": "2024-06-13 19:12:01", "elapsed": 6.878047, "delta": 0.004987}}
{"target": -561.1200091637139, "params": {"gamma": 3.349553409033682, "lr": 0.9928761567590365}, "datetime": {"datetime": "2024-06-13 19:12:01", "elapsed": 6.882036, "delta": 0.003989}}
{"target": -428.9232527859507, "params": {"gamma": 3.129004648022036, "lr": 0.7375077987941283}, "datetime": {"datetime": "2024-06-13 19:12:01", "elapsed": 6.887023, "delta": 0.004987}}
{"target": -778.5168853905176, "params": {"gamma": 7.165577236537339, "lr": 0.5725575976952813}, "datetime": {"datetime": "2024-06-13 19:12:01", "elapsed": 6.891012, "delta": 0.003989}}
{"target": -450.58755422406495, "params": {"gamma": 3.6770929306387004, "lr": 0.2082656940300881}, "datetime": {"datetime": "2024-06-13 19:12:01", "elapsed": 6.895999, "delta": 0.004987}}
{"target": -1884.0412008487758, "params": {"gamma": 9.800012165219913, "lr": 0.06589377000512553}, "datetime": {"datetime": "2024-06-13 19:12:01", "elapsed": 6.899988, "delta": 0.003989}}
{"target": -267.5007743225321, "params": {"gamma": 2.363041291619063, "lr": 0.3088994705101167}, "datetime": {"datetime": "2024-06-13 19:12:01", "elapsed": 6.904975, "delta": 0.004987}}
{"target": -1193.5765248173536, "params": {"gamma": 9.09512403146957, "lr": 0.7133692630190983}, "datetime": {"datetime": "2024-06-13 19:12:01", "elapsed": 6.908964, "delta": 0.003989}}
{"target": -390.95109298660213, "params": {"gamma": 2.654453130529889, "lr": 0.16450130293866305}, "datetime": {"datetime": "2024-06-13 19:12:01", "elapsed": 6.912954, "delta": 0.00399}}
{"target": -1178.5121362950867, "params": {"gamma": 8.805093637851785, "lr": 0.7937831324318396}, "datetime": {"datetime": "2024-06-13 19:12:01", "elapsed": 6.91794, "delta": 0.004986}}
{"target": -140.90206642923582, "params": {"gamma": 0.38483593233206737, "lr": 0.8793008435965847}, "datetime": {"datetime": "2024-06-13 19:12:01", "elapsed": 6.92193, "delta": 0.00399}}
{"target": -563.2984717477757, "params": {"gamma": 5.879809512359401, "lr": 0.4575371969863721}, "datetime": {"datetime": "2024-06-13 19:12:01", "elapsed": 6.926917, "delta": 0.004987}}
{"target": -1307.0540599805904, "params": {"gamma": 6.73884491695568, "lr": 0.03944279853538757}, "datetime": {"datetime": "2024-06-13 19:12:01", "elapsed": 6.930906, "delta": 0.003989}}
{"target": -622.6688235061191, "params": {"gamma": 3.303881713493146, "lr": 0.08804841780935202}, "datetime": {"datetime": "2024-06-13 19:12:01", "elapsed": 6.935892, "delta": 0.004986}}
{"target": -679.8392781212324, "params": {"gamma": 6.836691010345723, "lr": 0.3980117152162973}, "datetime": {"datetime": "2024-06-13 19:12:01", "elapsed": 6.939882, "delta": 0.00399}}
{"target": -514.0891230472524, "params": {"gamma": 4.790061963647635, "lr": 0.2898033391923721}, "datetime": {"datetime": "2024-06-13 19:12:01", "elapsed": 6.944868, "delta": 0.004986}}
{"target": -1522.726205019363, "params": {"gamma": 7.883156906603142, "lr": 0.046512682267751626}, "datetime": {"datetime": "2024-06-13 19:12:01", "elapsed": 6.948858, "delta": 0.00399}}
{"target": -324.6186444387621, "params": {"gamma": 2.811975337992219, "lr": 0.590595861758878}, "datetime": {"datetime": "2024-06-13 19:12:01", "elapsed": 6.953844, "delta": 0.004986}}
{"target": -852.8023516523257, "params": {"gamma": 7.901544890842957, "lr": 0.6015993359119542}, "datetime": {"datetime": "2024-06-13 19:12:01", "elapsed": 6.957834, "delta": 0.00399}}
{"target": -1413.7842823257913, "params": {"gamma": 7.305156197867701, "lr": 0.023527914877828127}, "datetime": {"datetime": "2024-06-13 19:12:01", "elapsed": 6.962821, "delta": 0.004987}}
{"target": -520.3851076969922, "params": {"gamma": 2.5499809694961213, "lr": 0.04209175984237279}, "datetime": {"datetime": "2024-06-13 19:12:01", "elapsed": 6.96681, "delta": 0.003989}}
{"target": -825.7433550428046, "params": {"gamma": 5.000623972289424, "lr": 0.9891402961407735}, "datetime": {"datetime": "2024-06-13 19:12:01", "elapsed": 6.971923, "delta": 0.005113}}
{"target": -132.54456294123608, "params": {"gamma": 0.1362915505440842, "lr": 0.4408790383372555}, "datetime": {"datetime": "2024-06-13 19:12:01", "elapsed": 6.976909, "delta": 0.004986}}
{"target": -141.1077764865481, "params": {"gamma": 0.0488593946407395, "lr": 0.6128886193293469}, "datetime": {"datetime": "2024-06-13 19:12:01", "elapsed": 6.980899, "delta": 0.00399}}
{"target": -269.91927477827454, "params": {"gamma": 1.8344039025545689, "lr": 0.7127417837905282}, "datetime": {"datetime": "2024-06-13 19:12:01", "elapsed": 6.985885, "delta": 0.004986}}
{"target": -261.2354408737416, "params": {"gamma": 1.5973254712175065, "lr": 0.8285756552303601}, "datetime": {"datetime": "2024-06-13 19:12:01", "elapsed": 6.990872, "delta": 0.004987}}
{"target": -224.80488872708835, "params": {"gamma": 2.0625754591785816, "lr": 0.35221627383195075}, "datetime": {"datetime": "2024-06-13 19:12:01", "elapsed": 6.994861, "delta": 0.003989}}
{"target": -352.4989327621674, "params": {"gamma": 2.3065541407607677, "lr": 0.8076844924516463}, "datetime": {"datetime": "2024-06-13 19:12:01", "elapsed": 6.999848, "delta": 0.004987}}
{"target": -777.5294848222242, "params": {"gamma": 4.903209285941475, "lr": 0.8738335058866241}, "datetime": {"datetime": "2024-06-13 19:12:01", "elapsed": 7.004834, "delta": 0.004986}}
{"target": -160.0237555684526, "params": {"gamma": 1.3017296410083459, "lr": 0.4989581103650381}, "datetime": {"datetime": "2024-06-13 19:12:01", "elapsed": 7.008824, "delta": 0.00399}}
{"target": -1271.739281917999, "params": {"gamma": 7.766359726186858, "lr": 0.9812101687911365}, "datetime": {"datetime": "2024-06-13 19:12:01", "elapsed": 7.012813, "delta": 0.003989}}
{"target": -920.6796540239345, "params": {"gamma": 6.734103924215217, "lr": 0.18300117978695374}, "datetime": {"datetime": "2024-06-13 19:12:01", "elapsed": 7.0178, "delta": 0.004987}}
{"target": -1468.9731603806733, "params": {"gamma": 7.597969782524479, "lr": 0.07463521512286109}, "datetime": {"datetime": "2024-06-13 19:12:01", "elapsed": 7.022786, "delta": 0.004986}}
{"target": -1100.9760432201447, "params": {"gamma": 7.62796186474408, "lr": 0.8278152309219722}, "datetime": {"datetime": "2024-06-13 19:12:01", "elapsed": 7.026776, "delta": 0.00399}}
{"target": -536.6944691508271, "params": {"gamma": 5.592537951402159, "lr": 0.49272082980822784}, "datetime": {"datetime": "2024-06-13 19:12:01", "elapsed": 7.030765, "delta": 0.003989}}
{"target": -1802.1062112829266, "params": {"gamma": 9.36533769934676, "lr": 9.695068767479054e-05}, "datetime": {"datetime": "2024-06-13 19:12:01", "elapsed": 7.035752, "delta": 0.004987}}
{"target": -137.16164160160852, "params": {"gamma": 0.0966593768907281, "lr": 0.25195142314544017}, "datetime": {"datetime": "2024-06-13 19:12:01", "elapsed": 7.039741, "delta": 0.003989}}
{"target": -529.4615184776453, "params": {"gamma": 5.057258956122923, "lr": 0.5404166504960898}, "datetime": {"datetime": "2024-06-13 19:12:01", "elapsed": 7.044728, "delta": 0.004987}}
{"target": -403.7431690698734, "params": {"gamma": 3.7135529478230405, "lr": 0.29271137519518675}, "datetime": {"datetime": "2024-06-13 19:12:01", "elapsed": 7.048717, "delta": 0.003989}}
{"target": -314.9983812056065, "params": {"gamma": 2.0244710973929743, "lr": 0.8002818943961242}, "datetime": {"datetime": "2024-06-13 19:12:01", "elapsed": 7.053704, "delta": 0.004987}}
{"target": -313.8718975797252, "params": {"gamma": 3.159913122914842, "lr": 0.492467985547119}, "datetime": {"datetime": "2024-06-13 19:12:01", "elapsed": 7.057693, "delta": 0.003989}}
{"target": -874.987196513231, "params": {"gamma": 8.11309762614833, "lr": 0.6123589424601151}, "datetime": {"datetime": "2024-06-13 19:12:01", "elapsed": 7.06268, "delta": 0.004987}}
{"target": -600.9987910927304, "params": {"gamma": 4.086676353275073, "lr": 0.17690422236042747}, "datetime": {"datetime": "2024-06-13 19:12:01", "elapsed": 7.066669, "delta": 0.003989}}
{"target": -387.90191113889324, "params": {"gamma": 3.977123246381154, "lr": 0.48521265373011824}, "datetime": {"datetime": "2024-06-13 19:12:01", "elapsed": 7.071685, "delta": 0.005016}}
{"target": -1047.5679339771427, "params": {"gamma": 9.905855341048484, "lr": 0.28419507592058557}, "datetime": {"datetime": "2024-06-13 19:12:01", "elapsed": 7.075674, "delta": 0.003989}}
{"target": -226.5118272337024, "params": {"gamma": 1.6572311251158391, "lr": 0.22057551351544413}, "datetime": {"datetime": "2024-06-13 19:12:01", "elapsed": 7.080632, "delta": 0.004958}}
{"target": -440.1201070967755, "params": {"gamma": 2.115461976224172, "lr": 0.07604769057476157}, "datetime": {"datetime": "2024-06-13 19:12:01", "elapsed": 7.085619, "delta": 0.004987}}
{"target": -398.6741555352077, "params": {"gamma": 3.6497120765361126, "lr": 0.28473402479064247}, "datetime": {"datetime": "2024-06-13 19:12:01", "elapsed": 7.089609, "delta": 0.00399}}
{"target": -1187.8613429367053, "params": {"gamma": 8.876000332641663, "lr": 0.780259609956419}, "datetime": {"datetime": "2024-06-13 19:12:01", "elapsed": 7.094595, "delta": 0.004986}}
{"target": -208.71586136624094, "params": {"gamma": 1.09154050351661, "lr": 0.8505034953674093}, "datetime": {"datetime": "2024-06-13 19:12:01", "elapsed": 7.099862, "delta": 0.005267}}
{"target": -187.17624879863394, "params": {"gamma": 1.0968764704846565, "lr": 0.7202077467752445}, "datetime": {"datetime": "2024-06-13 19:12:01", "elapsed": 7.10385, "delta": 0.003988}}
{"target": -1047.0809806214424, "params": {"gamma": 5.728670154913063, "lr": 0.08680838426747961}, "datetime": {"datetime": "2024-06-13 19:12:01", "elapsed": 7.108676, "delta": 0.004826}}
{"target": -1417.585380582149, "params": {"gamma": 9.053375032737591, "lr": 0.8745665148853765}, "datetime": {"datetime": "2024-06-13 19:12:01", "elapsed": 7.112662, "delta": 0.003986}}
{"target": -835.9665996958361, "params": {"gamma": 8.438673461887907, "lr": 0.3695673551173151}, "datetime": {"datetime": "2024-06-13 19:12:01", "elapsed": 7.117649, "delta": 0.004987}}
{"target": -384.96040467683054, "params": {"gamma": 2.2302911723421603, "lr": 0.9971116548587963}, "datetime": {"datetime": "2024-06-13 19:12:01", "elapsed": 7.121638, "delta": 0.003989}}
{"target": -1577.4647676154175, "params": {"gamma": 8.17356631642956, "lr": 0.042128160628106315}, "datetime": {"datetime": "2024-06-13 19:12:01", "elapsed": 7.126625, "delta": 0.004987}}
{"target": -547.6976400073776, "params": {"gamma": 3.733405500770418, "lr": 0.8121869757489847}, "datetime": {"datetime": "2024-06-13 19:12:01", "elapsed": 7.130614, "delta": 0.003989}}
{"target": -651.0243584315042, "params": {"gamma": 5.284318582532073, "lr": 0.24713082560012845}, "datetime": {"datetime": "2024-06-13 19:12:01", "elapsed": 7.135601, "delta": 0.004987}}
{"target": -842.0444006086361, "params": {"gamma": 7.9290864165444885, "lr": 0.2617510439444676}, "datetime": {"datetime": "2024-06-13 19:12:01", "elapsed": 7.140588, "delta": 0.004987}}
{"target": -145.06393923945424, "params": {"gamma": 0.00498340216746315, "lr": 0.23131891895573253}, "datetime": {"datetime": "2024-06-13 19:12:01", "elapsed": 7.144577, "delta": 0.003989}}
{"target": -1066.005966333885, "params": {"gamma": 9.933709519335848, "lr": 0.6562008343421062}, "datetime": {"datetime": "2024-06-13 19:12:01", "elapsed": 7.148566, "delta": 0.003989}}
{"target": -312.65305944576755, "params": {"gamma": 2.20746055274965, "lr": 0.6861397019787449}, "datetime": {"datetime": "2024-06-13 19:12:01", "elapsed": 7.153553, "delta": 0.004987}}
{"target": -744.6539096321317, "params": {"gamma": 6.8696820453199665, "lr": 0.640742769936858}, "datetime": {"datetime": "2024-06-13 19:12:01", "elapsed": 7.15854, "delta": 0.004987}}
{"target": -139.48736605849973, "params": {"gamma": 0.7064146187020427, "lr": 0.2429641169892971}, "datetime": {"datetime": "2024-06-13 19:12:01", "elapsed": 7.163526, "delta": 0.004986}}
{"target": -1141.4332192043776, "params": {"gamma": 8.708501091076558, "lr": 0.7347408193015217}, "datetime": {"datetime": "2024-06-13 19:12:01", "elapsed": 7.167516, "delta": 0.00399}}
{"target": -203.45986154362765, "params": {"gamma": 1.6789922438348501, "lr": 0.29858946127654595}, "datetime": {"datetime": "2024-06-13 19:12:01", "elapsed": 7.172503, "delta": 0.004987}}
{"target": -817.8172188001281, "params": {"gamma": 5.627657565327734, "lr": 0.826445766022829}, "datetime": {"datetime": "2024-06-13 19:12:01", "elapsed": 7.176492, "delta": 0.003989}}
{"target": -367.18417568093525, "params": {"gamma": 2.0059625473387035, "lr": 0.10166529365348886}, "datetime": {"datetime": "2024-06-13 19:12:01", "elapsed": 7.181478, "delta": 0.004986}}
{"target": -636.0977812586086, "params": {"gamma": 3.8193070270168987, "lr": 0.912353469252759}, "datetime": {"datetime": "2024-06-13 19:12:01", "elapsed": 7.185467, "delta": 0.003989}}
{"target": -463.0262063203359, "params": {"gamma": 2.605874679054985, "lr": 0.10830435271308025}, "datetime": {"datetime": "2024-06-13 19:12:01", "elapsed": 7.190454, "delta": 0.004987}}
{"target": -121.66714276667247, "params": {"gamma": 0.56037370979255, "lr": 0.3516705558700568}, "datetime": {"datetime": "2024-06-13 19:12:01", "elapsed": 7.194444, "delta": 0.00399}}
{"target": -129.333517469006, "params": {"gamma": 0.37723182573995767, "lr": 0.583033921230445}, "datetime": {"datetime": "2024-06-13 19:12:01", "elapsed": 7.199431, "delta": 0.004987}}
{"target": -641.7629092163955, "params": {"gamma": 6.725895546392632, "lr": 0.46048358998473815}, "datetime": {"datetime": "2024-06-13 19:12:01", "elapsed": 7.204417, "delta": 0.004986}}
{"target": -762.2781852717887, "params": {"gamma": 7.411427420391562, "lr": 0.5010249644140818}, "datetime": {"datetime": "2024-06-13 19:12:01", "elapsed": 7.208407, "delta": 0.00399}}
{"target": -861.1353531528786, "params": {"gamma": 7.023823855740785, "lr": 0.2306409059229675}, "datetime": {"datetime": "2024-06-13 19:12:01", "elapsed": 7.213393, "delta": 0.004986}}
{"target": -765.7455809500125, "params": {"gamma": 7.446379482205204, "lr": 0.5016372020053996}, "datetime": {"datetime": "2024-06-13 19:12:01", "elapsed": 7.21838, "delta": 0.004987}}
{"target": -672.2187412922825, "params": {"gamma": 7.053982930260369, "lr": 0.44669779031638923}, "datetime": {"datetime": "2024-06-13 19:12:01", "elapsed": 7.222369, "delta": 0.003989}}
{"target": -990.7691402064607, "params": {"gamma": 5.059900155144239, "lr": 0.04153518297857339}, "datetime": {"datetime": "2024-06-13 19:12:01", "elapsed": 7.227356, "delta": 0.004987}}
{"target": -709.0240142169678, "params": {"gamma": 4.893603596752043, "lr": 0.14228750219732444}, "datetime": {"datetime": "2024-06-13 19:12:01", "elapsed": 7.231345, "delta": 0.003989}}
{"target": -168.93918333932544, "params": {"gamma": 1.425815973998472, "lr": 0.43335040255954493}, "datetime": {"datetime": "2024-06-13 19:12:01", "elapsed": 7.236332, "delta": 0.004987}}
{"target": -583.808629966711, "params": {"gamma": 5.762571683469249, "lr": 0.343048695191552}, "datetime": {"datetime": "2024-06-13 19:12:01", "elapsed": 7.240321, "delta": 0.003989}}
{"target": -243.11727988179115, "params": {"gamma": 1.6057554110518168, "lr": 0.7414104169799515}, "datetime": {"datetime": "2024-06-13 19:12:01", "elapsed": 7.245308, "delta": 0.004987}}
{"target": -1259.8895568550665, "params": {"gamma": 9.630952636256579, "lr": 0.7336422859505056}, "datetime": {"datetime": "2024-06-13 19:12:01", "elapsed": 7.250294, "delta": 0.004986}}
{"target": -171.78117494928918, "params": {"gamma": 0.7715652507427674, "lr": 0.8409081581252351}, "datetime": {"datetime": "2024-06-13 19:12:01", "elapsed": 7.254284, "delta": 0.00399}}
{"target": -125.84326745117087, "params": {"gamma": 0.6760729900832833, "lr": 0.4363120485992489}, "datetime": {"datetime": "2024-06-13 19:12:01", "elapsed": 7.25927, "delta": 0.004986}}
{"target": -983.3956509557556, "params": {"gamma": 9.288699130413471, "lr": 0.26318010363654454}, "datetime": {"datetime": "2024-06-13 19:12:01", "elapsed": 7.26326, "delta": 0.00399}}
{"target": -208.6237237247161, "params": {"gamma": 1.2804037657560603, "lr": 0.7622387720608016}, "datetime": {"datetime": "2024-06-13 19:12:01", "elapsed": 7.268246, "delta": 0.004986}}
{"target": -977.8321510679065, "params": {"gamma": 9.286152605869912, "lr": 0.32576842070431766}, "datetime": {"datetime": "2024-06-13 19:12:01", "elapsed": 7.272236, "delta": 0.00399}}
{"target": -337.7664742103957, "params": {"gamma": 2.3253485203555204, "lr": 0.1824854764117131}, "datetime": {"datetime": "2024-06-13 19:12:01", "elapsed": 7.277222, "delta": 0.004986}}
{"target": -1038.4981251279814, "params": {"gamma": 9.632391991118075, "lr": 0.5766346346502746}, "datetime": {"datetime": "2024-06-13 19:12:01", "elapsed": 7.281212, "delta": 0.00399}}
{"target": -906.9549208939326, "params": {"gamma": 8.601017631330931, "lr": 0.3083449860518661}, "datetime": {"datetime": "2024-06-13 19:12:01", "elapsed": 7.286198, "delta": 0.004986}}
{"target": -123.783381249457, "params": {"gamma": 0.5653078671540508, "lr": 0.45380418511530174}, "datetime": {"datetime": "2024-06-13 19:12:01", "elapsed": 7.290188, "delta": 0.00399}}
{"target": -242.78258134607395, "params": {"gamma": 2.0718938489778145, "lr": 0.5189836643290452}, "datetime": {"datetime": "2024-06-13 19:12:01", "elapsed": 7.295174, "delta": 0.004986}}
{"target": -574.8776004729731, "params": {"gamma": 5.3803383685417385, "lr": 0.2942882172433129}, "datetime": {"datetime": "2024-06-13 19:12:01", "elapsed": 7.300161, "delta": 0.004987}}
{"target": -618.174695490519, "params": {"gamma": 3.0752313679559293, "lr": 0.024173672214832798}, "datetime": {"datetime": "2024-06-13 19:12:01", "elapsed": 7.30415, "delta": 0.003989}}
{"target": -453.28385937756354, "params": {"gamma": 4.204599737289876, "lr": 0.3236894136587639}, "datetime": {"datetime": "2024-06-13 19:12:01", "elapsed": 7.309137, "delta": 0.004987}}
{"target": -976.4701672960904, "params": {"gamma": 6.1952817624864025, "lr": 0.8597630666919952}, "datetime": {"datetime": "2024-06-13 19:12:01", "elapsed": 7.314124, "delta": 0.004987}}
{"target": -965.7351327624201, "params": {"gamma": 4.926911767488365, "lr": 0.0827082980318894}, "datetime": {"datetime": "2024-06-13 19:12:01", "elapsed": 7.318113, "delta": 0.003989}}
{"target": -1333.7452661338452, "params": {"gamma": 9.334871102884591, "lr": 0.8083269668547564}, "datetime": {"datetime": "2024-06-13 19:12:01", "elapsed": 7.3231, "delta": 0.004987}}
{"target": -397.1888384470632, "params": {"gamma": 3.6558227125345977, "lr": 0.3307289110251447}, "datetime": {"datetime": "2024-06-13 19:12:01", "elapsed": 7.327089, "delta": 0.003989}}
{"target": -927.6752156250444, "params": {"gamma": 9.379402853367585, "lr": 0.37489434056111615}, "datetime": {"datetime": "2024-06-13 19:12:01", "elapsed": 7.332076, "delta": 0.004987}}
{"target": -1044.5398597267213, "params": {"gamma": 6.358386384013082, "lr": 0.9853443380985734}, "datetime": {"datetime": "2024-06-13 19:12:01", "elapsed": 7.336065, "delta": 0.003989}}
{"target": -126.25027120144587, "params": {"gamma": 0.36836090554034395, "lr": 0.3146309781487783}, "datetime": {"datetime": "2024-06-13 19:12:01", "elapsed": 7.341052, "delta": 0.004987}}
{"target": -397.79925945052196, "params": {"gamma": 2.313125983692789, "lr": 0.9223654191512636}, "datetime": {"datetime": "2024-06-13 19:12:01", "elapsed": 7.345041, "delta": 0.003989}}
{"target": -1075.8676227805345, "params": {"gamma": 5.511816168783595, "lr": 0.05371353840991677}, "datetime": {"datetime": "2024-06-13 19:12:01", "elapsed": 7.350028, "delta": 0.004987}}
{"target": -987.3001572005004, "params": {"gamma": 7.552727246484496, "lr": 0.6840838213346168}, "datetime": {"datetime": "2024-06-13 19:12:01", "elapsed": 7.354017, "delta": 0.003989}}
{"target": -1087.0762647743052, "params": {"gamma": 6.622078860248277, "lr": 0.9557287749268826}, "datetime": {"datetime": "2024-06-13 19:12:01", "elapsed": 7.359004, "delta": 0.004987}}
{"target": -1170.7394438616311, "params": {"gamma": 8.746141385554216, "lr": 0.7532514851657419}, "datetime": {"datetime": "2024-06-13 19:12:01", "elapsed": 7.36399, "delta": 0.004986}}
{"target": -340.58657769186135, "params": {"gamma": 2.2274368777620133, "lr": 0.13801496204321861}, "datetime": {"datetime": "2024-06-13 19:12:01", "elapsed": 7.36798, "delta": 0.00399}}
{"target": -285.5570199094621, "params": {"gamma": 2.2096624750777165, "lr": 0.2055098610936521}, "datetime": {"datetime": "2024-06-13 19:12:01", "elapsed": 7.372966, "delta": 0.004986}}
{"target": -620.1883666177811, "params": {"gamma": 5.680077493599765, "lr": 0.6630438231677197}, "datetime": {"datetime": "2024-06-13 19:12:01", "elapsed": 7.377953, "delta": 0.004987}}
{"target": -1031.2024618421763, "params": {"gamma": 5.274647786496121, "lr": 0.05634939173447451}, "datetime": {"datetime": "2024-06-13 19:12:02", "elapsed": 7.381942, "delta": 0.003989}}
