{"target": -2198.7501198706136, "params": {"gamma": 8.811802015970617, "lr": 0.1260784803971985}, "datetime": {"datetime": "2024-06-13 17:15:20", "elapsed": 3.983983, "delta": 0.003989}}
{"target": -908.9884656579233, "params": {"gamma": 6.334974881523022, "lr": 0.2777127324734242}, "datetime": {"datetime": "2024-06-13 17:15:20", "elapsed": 3.987972, "delta": 0.003989}}
{"target": -1125.338867087328, "params": {"gamma": 8.272176051067923, "lr": 0.3645234475558883}, "datetime": {"datetime": "2024-06-13 17:15:20", "elapsed": 3.991962, "delta": 0.00399}}
{"target": -1304.0176807668086, "params": {"gamma": 7.3339275785938725, "lr": 0.1924178904137388}, "datetime": {"datetime": "2024-06-13 17:15:20", "elapsed": 3.995952, "delta": 0.00399}}
{"target": -1214.7741292097282, "params": {"gamma": 4.814977529509854, "lr": 0.8035946264310272}, "datetime": {"datetime": "2024-06-13 17:15:20", "elapsed": 3.999941, "delta": 0.003989}}
{"target": -877.2655035417298, "params": {"gamma": 3.9704851285120673, "lr": 0.16157403985608987}, "datetime": {"datetime": "2024-06-13 17:15:20", "elapsed": 4.00393, "delta": 0.003989}}
{"target": -1590.4470556500055, "params": {"gamma": 6.490173244263826, "lr": 0.7533258058943924}, "datetime": {"datetime": "2024-06-13 17:15:20", "elapsed": 4.007919, "delta": 0.003989}}
{"target": -440.9291003614114, "params": {"gamma": 2.8026461610955637, "lr": 0.45136186123240163}, "datetime": {"datetime": "2024-06-13 17:15:20", "elapsed": 4.011909, "delta": 0.00399}}
{"target": -2421.229125792163, "params": {"gamma": 9.004588674948266, "lr": 0.8719856311909184}, "datetime": {"datetime": "2024-06-13 17:15:20", "elapsed": 4.015898, "delta": 0.003989}}
{"target": -1328.7430732901119, "params": {"gamma": 7.0721689102320395, "lr": 0.5909005994904067}, "datetime": {"datetime": "2024-06-13 17:15:20", "elapsed": 4.019887, "delta": 0.003989}}
{"target": -2211.3239084443544, "params": {"gamma": 8.174005321700859, "lr": 0.907644646099839}, "datetime": {"datetime": "2024-06-13 17:15:20", "elapsed": 4.023877, "delta": 0.00399}}
{"target": -144.27110622834104, "params": {"gamma": 0.026073089119563617, "lr": 0.39722776623376177}, "datetime": {"datetime": "2024-06-13 17:15:20", "elapsed": 4.028863, "delta": 0.004986}}
{"target": -1246.553610726205, "params": {"gamma": 5.614535427501098, "lr": 0.7339231362848766}, "datetime": {"datetime": "2024-06-13 17:15:20", "elapsed": 4.032853, "delta": 0.00399}}
{"target": -164.92822039540403, "params": {"gamma": 0.8756401490882502, "lr": 0.3997549876808645}, "datetime": {"datetime": "2024-06-13 17:15:20", "elapsed": 4.036842, "delta": 0.003989}}
{"target": -425.33432199459025, "params": {"gamma": 2.796932173319039, "lr": 0.42351005310518297}, "datetime": {"datetime": "2024-06-13 17:15:20", "elapsed": 4.040831, "delta": 0.003989}}
{"target": -1029.4795573287834, "params": {"gamma": 4.980288348100211, "lr": 0.660015223526051}, "datetime": {"datetime": "2024-06-13 17:15:20", "elapsed": 4.045819, "delta": 0.004988}}
{"target": -981.5284612833567, "params": {"gamma": 4.962865153563822, "lr": 0.6204682006051905}, "datetime": {"datetime": "2024-06-13 17:15:20", "elapsed": 4.049807, "delta": 0.003988}}
{"target": -854.9110340418069, "params": {"gamma": 5.824816179030337, "lr": 0.42833239803885637}, "datetime": {"datetime": "2024-06-13 17:15:20", "elapsed": 4.054794, "delta": 0.004987}}
{"target": -142.73841893230622, "params": {"gamma": 0.050758670747942644, "lr": 0.19451641385960183}, "datetime": {"datetime": "2024-06-13 17:15:20", "elapsed": 4.058783, "delta": 0.003989}}
{"target": -709.8928506549009, "params": {"gamma": 3.2027463362086017, "lr": 0.1469781258549313}, "datetime": {"datetime": "2024-06-13 17:15:20", "elapsed": 4.062773, "delta": 0.00399}}
{"target": -1180.9373662343862, "params": {"gamma": 5.987040152182751, "lr": 0.6114994766596024}, "datetime": {"datetime": "2024-06-13 17:15:20", "elapsed": 4.066762, "delta": 0.003989}}
{"target": -678.459344049692, "params": {"gamma": 5.001432502709699, "lr": 0.32084890160086454}, "datetime": {"datetime": "2024-06-13 17:15:20", "elapsed": 4.070751, "delta": 0.003989}}
{"target": -1163.0982143655797, "params": {"gamma": 6.53292726219252, "lr": 0.19028348267904371}, "datetime": {"datetime": "2024-06-13 17:15:20", "elapsed": 4.074741, "delta": 0.00399}}
{"target": -142.63450655236633, "params": {"gamma": 0.05980393346483768, "lr": 0.7349420186839615}, "datetime": {"datetime": "2024-06-13 17:15:20", "elapsed": 4.07873, "delta": 0.003989}}
{"target": -970.8725120922809, "params": {"gamma": 4.435594915197448, "lr": 0.6978416560498484}, "datetime": {"datetime": "2024-06-13 17:15:20", "elapsed": 4.082719, "delta": 0.003989}}
{"target": -668.784425845392, "params": {"gamma": 1.851248453020123, "lr": 0.06261980198391548}, "datetime": {"datetime": "2024-06-13 17:15:20", "elapsed": 4.086708, "delta": 0.003989}}
{"target": -831.060775646488, "params": {"gamma": 3.78170775924343, "lr": 0.695996510445494}, "datetime": {"datetime": "2024-06-13 17:15:20", "elapsed": 4.090698, "delta": 0.00399}}
{"target": -216.09795158944053, "params": {"gamma": 1.0290808561757039, "lr": 0.19583423367499242}, "datetime": {"datetime": "2024-06-13 17:15:20", "elapsed": 4.095685, "delta": 0.004987}}
{"target": -899.3050873261329, "params": {"gamma": 4.540072551414793, "lr": 0.6211491896936461}, "datetime": {"datetime": "2024-06-13 17:15:20", "elapsed": 4.099674, "delta": 0.003989}}
{"target": -2106.112673565956, "params": {"gamma": 7.501492356441782, "lr": 0.1097350212856566}, "datetime": {"datetime": "2024-06-13 17:15:20", "elapsed": 4.103663, "delta": 0.003989}}
{"target": -846.3688216464211, "params": {"gamma": 6.246611447949256, "lr": 0.3873605221444808}, "datetime": {"datetime": "2024-06-13 17:15:20", "elapsed": 4.107653, "delta": 0.00399}}
{"target": -1118.9866989760483, "params": {"gamma": 6.701233597109323, "lr": 0.2035603776619016}, "datetime": {"datetime": "2024-06-13 17:15:20", "elapsed": 4.111642, "delta": 0.003989}}
{"target": -1037.7307760586536, "params": {"gamma": 5.2796600565097815, "lr": 0.1721625549559327}, "datetime": {"datetime": "2024-06-13 17:15:20", "elapsed": 4.115631, "delta": 0.003989}}
{"target": -137.26133806171208, "params": {"gamma": 0.18779137895775708, "lr": 0.4869502464239571}, "datetime": {"datetime": "2024-06-13 17:15:20", "elapsed": 4.119621, "delta": 0.00399}}
{"target": -396.2932943198522, "params": {"gamma": 1.8425935878323698, "lr": 0.6383433300033875}, "datetime": {"datetime": "2024-06-13 17:15:20", "elapsed": 4.12361, "delta": 0.003989}}
{"target": -1317.5139111449234, "params": {"gamma": 5.366211618584989, "lr": 0.7749453799977457}, "datetime": {"datetime": "2024-06-13 17:15:20", "elapsed": 4.127599, "delta": 0.003989}}
{"target": -1089.4046393415802, "params": {"gamma": 3.930206066439398, "lr": 0.9894521308362529}, "datetime": {"datetime": "2024-06-13 17:15:20", "elapsed": 4.132586, "delta": 0.004987}}
{"target": -791.9224367652903, "params": {"gamma": 5.152631746924576, "lr": 0.47882340118547173}, "datetime": {"datetime": "2024-06-13 17:15:20", "elapsed": 4.136575, "delta": 0.003989}}
{"target": -1399.8014223240264, "params": {"gamma": 7.494675265050945, "lr": 0.5726882932924154}, "datetime": {"datetime": "2024-06-13 17:15:20", "elapsed": 4.140565, "delta": 0.00399}}
{"target": -564.4265098305107, "params": {"gamma": 3.625290707682954, "lr": 0.48924478546014216}, "datetime": {"datetime": "2024-06-13 17:15:20", "elapsed": 4.144554, "delta": 0.003989}}
{"target": -279.5252554745336, "params": {"gamma": 1.8921946110135588, "lr": 0.39358341429686194}, "datetime": {"datetime": "2024-06-13 17:15:20", "elapsed": 4.148543, "delta": 0.003989}}
{"target": -137.38661141427437, "params": {"gamma": 0.30058756348796134, "lr": 0.46252906034220287}, "datetime": {"datetime": "2024-06-13 17:15:20", "elapsed": 4.152533, "delta": 0.00399}}
{"target": -492.9969847239859, "params": {"gamma": 2.7454666539229047, "lr": 0.5267158603586157}, "datetime": {"datetime": "2024-06-13 17:15:20", "elapsed": 4.157519, "delta": 0.004986}}
{"target": -139.41717426978175, "params": {"gamma": 0.2936919419097222, "lr": 0.5550867665221745}, "datetime": {"datetime": "2024-06-13 17:15:20", "elapsed": 4.161509, "delta": 0.00399}}
{"target": -558.5699233868204, "params": {"gamma": 2.9306858383999437, "lr": 0.5774906810135474}, "datetime": {"datetime": "2024-06-13 17:15:20", "elapsed": 4.165499, "delta": 0.00399}}
{"target": -1094.5429536338006, "params": {"gamma": 7.327965762760406, "lr": 0.44033782679643774}, "datetime": {"datetime": "2024-06-13 17:15:20", "elapsed": 4.169487, "delta": 0.003988}}
{"target": -1008.2206212967029, "params": {"gamma": 6.6319050719967745, "lr": 0.23890995487021205}, "datetime": {"datetime": "2024-06-13 17:15:20", "elapsed": 4.173477, "delta": 0.00399}}
{"target": -1509.556426192055, "params": {"gamma": 9.985992286776213, "lr": 0.24287852161976753}, "datetime": {"datetime": "2024-06-13 17:15:20", "elapsed": 4.177466, "delta": 0.003989}}
{"target": -1565.5674325157202, "params": {"gamma": 9.408343315400867, "lr": 0.21721975039101793}, "datetime": {"datetime": "2024-06-13 17:15:20", "elapsed": 4.181455, "delta": 0.003989}}
{"target": -1257.5120763183716, "params": {"gamma": 4.97614628166607, "lr": 0.8211769648927358}, "datetime": {"datetime": "2024-06-13 17:15:20", "elapsed": 4.186442, "delta": 0.004987}}
{"target": -1555.9862585163057, "params": {"gamma": 7.166163879900548, "lr": 0.705580412120669}, "datetime": {"datetime": "2024-06-13 17:15:20", "elapsed": 4.190431, "delta": 0.003989}}
{"target": -1084.3039150303302, "params": {"gamma": 4.4049651591972045, "lr": 0.7541750254551594}, "datetime": {"datetime": "2024-06-13 17:15:20", "elapsed": 4.19442, "delta": 0.003989}}
{"target": -1368.6119027793577, "params": {"gamma": 9.199615816571573, "lr": 0.4413517453158379}, "datetime": {"datetime": "2024-06-13 17:15:20", "elapsed": 4.198409, "delta": 0.003989}}
{"target": -1886.637253580526, "params": {"gamma": 5.2801268760628535, "lr": 0.06603558401663734}, "datetime": {"datetime": "2024-06-13 17:15:20", "elapsed": 4.203397, "delta": 0.004988}}
{"target": -606.4381305337323, "params": {"gamma": 3.9083399636332565, "lr": 0.4672385663332459}, "datetime": {"datetime": "2024-06-13 17:15:20", "elapsed": 4.207386, "delta": 0.003989}}
{"target": -2510.6394843802464, "params": {"gamma": 8.951481970324929, "lr": 0.11055744025544123}, "datetime": {"datetime": "2024-06-13 17:15:20", "elapsed": 4.211375, "delta": 0.003989}}
{"target": -1274.5621320230932, "params": {"gamma": 7.311644894386467, "lr": 0.5454711685487195}, "datetime": {"datetime": "2024-06-13 17:15:20", "elapsed": 4.215365, "delta": 0.00399}}
{"target": -2166.6492576014693, "params": {"gamma": 6.0657477697349185, "lr": 0.029782944129560285}, "datetime": {"datetime": "2024-06-13 17:15:20", "elapsed": 4.220351, "delta": 0.004986}}
{"target": -239.8975587408741, "params": {"gamma": 1.4683270502280348, "lr": 0.28398322546618515}, "datetime": {"datetime": "2024-06-13 17:15:20", "elapsed": 4.22434, "delta": 0.003989}}
{"target": -143.34663814559053, "params": {"gamma": 0.04971560748810713, "lr": 0.6691577977971368}, "datetime": {"datetime": "2024-06-13 17:15:20", "elapsed": 4.22833, "delta": 0.00399}}
{"target": -1514.4461946880415, "params": {"gamma": 8.70270923127706, "lr": 0.5469683092712408}, "datetime": {"datetime": "2024-06-13 17:15:20", "elapsed": 4.23232, "delta": 0.00399}}
{"target": -1072.8584040861485, "params": {"gamma": 5.432097311144519, "lr": 0.6157259286130373}, "datetime": {"datetime": "2024-06-13 17:15:20", "elapsed": 4.237306, "delta": 0.004986}}
{"target": -426.3878426696964, "params": {"gamma": 3.022512822657626, "lr": 0.3667319816609417}, "datetime": {"datetime": "2024-06-13 17:15:20", "elapsed": 4.241295, "delta": 0.003989}}
{"target": -1447.8542365974035, "params": {"gamma": 5.749822333050388, "lr": 0.8092165837173445}, "datetime": {"datetime": "2024-06-13 17:15:20", "elapsed": 4.245285, "delta": 0.00399}}
{"target": -293.27534352127054, "params": {"gamma": 2.016764747447303, "lr": 0.32752405584828914}, "datetime": {"datetime": "2024-06-13 17:15:20", "elapsed": 4.249274, "delta": 0.003989}}
{"target": -1011.1589189593601, "params": {"gamma": 7.429469582646582, "lr": 0.3409202491323421}, "datetime": {"datetime": "2024-06-13 17:15:20", "elapsed": 4.254261, "delta": 0.004987}}
{"target": -155.90743547887078, "params": {"gamma": 0.4770616761368438, "lr": 0.15635692867625162}, "datetime": {"datetime": "2024-06-13 17:15:20", "elapsed": 4.25825, "delta": 0.003989}}
{"target": -318.432566058788, "params": {"gamma": 1.9394547317358086, "lr": 0.4951123625611782}, "datetime": {"datetime": "2024-06-13 17:15:20", "elapsed": 4.262239, "delta": 0.003989}}
{"target": -1711.6579253316472, "params": {"gamma": 6.351614485952291, "lr": 0.880219977218583}, "datetime": {"datetime": "2024-06-13 17:15:20", "elapsed": 4.266229, "delta": 0.00399}}
{"target": -1207.0090246905352, "params": {"gamma": 9.025463027666028, "lr": 0.307160768485095}, "datetime": {"datetime": "2024-06-13 17:15:20", "elapsed": 4.271215, "delta": 0.004986}}
{"target": -1077.3429639143503, "params": {"gamma": 7.534047351182733, "lr": 0.2824280305589726}, "datetime": {"datetime": "2024-06-13 17:15:20", "elapsed": 4.275205, "delta": 0.00399}}
{"target": -505.77302417205334, "params": {"gamma": 3.686400120782994, "lr": 0.2927265620931302}, "datetime": {"datetime": "2024-06-13 17:15:20", "elapsed": 4.279195, "delta": 0.00399}}
{"target": -696.6833007404286, "params": {"gamma": 4.137493671254815, "lr": 0.21471569566838056}, "datetime": {"datetime": "2024-06-13 17:15:21", "elapsed": 4.283183, "delta": 0.003988}}
{"target": -833.210469352916, "params": {"gamma": 3.1905410786954205, "lr": 0.12191981389008766}, "datetime": {"datetime": "2024-06-13 17:15:21", "elapsed": 4.287173, "delta": 0.00399}}
{"target": -1679.9341604232236, "params": {"gamma": 9.63021937771575, "lr": 0.5039830093987828}, "datetime": {"datetime": "2024-06-13 17:15:21", "elapsed": 4.291162, "delta": 0.003989}}
{"target": -2038.2849132740369, "params": {"gamma": 9.23108372520405, "lr": 0.7461601407734211}, "datetime": {"datetime": "2024-06-13 17:15:21", "elapsed": 4.295151, "delta": 0.003989}}
{"target": -1126.1619018868014, "params": {"gamma": 4.577595171516512, "lr": 0.7546222253081317}, "datetime": {"datetime": "2024-06-13 17:15:21", "elapsed": 4.300138, "delta": 0.004987}}
{"target": -846.2880597937983, "params": {"gamma": 6.280602762990652, "lr": 0.30375843415186865}, "datetime": {"datetime": "2024-06-13 17:15:21", "elapsed": 4.304127, "delta": 0.003989}}
{"target": -1138.2003429765173, "params": {"gamma": 5.217071474819306, "lr": 0.7123121956474292}, "datetime": {"datetime": "2024-06-13 17:15:21", "elapsed": 4.308117, "delta": 0.00399}}
{"target": -1093.9868918978493, "params": {"gamma": 3.0538300009516193, "lr": 0.012522836886473265}, "datetime": {"datetime": "2024-06-13 17:15:21", "elapsed": 4.312134, "delta": 0.004017}}
{"target": -667.8946570942533, "params": {"gamma": 2.6833600285302275, "lr": 0.7967454755900841}, "datetime": {"datetime": "2024-06-13 17:15:21", "elapsed": 4.317093, "delta": 0.004959}}
{"target": -1916.9393953853485, "params": {"gamma": 9.300000896546049, "lr": 0.6253311549032551}, "datetime": {"datetime": "2024-06-13 17:15:21", "elapsed": 4.321082, "delta": 0.003989}}
{"target": -348.69068596584526, "params": {"gamma": 1.3289420383195298, "lr": 0.7575703592474212}, "datetime": {"datetime": "2024-06-13 17:15:21", "elapsed": 4.325071, "delta": 0.003989}}
{"target": -1294.0449372932958, "params": {"gamma": 5.269526555127393, "lr": 0.753869071621213}, "datetime": {"datetime": "2024-06-13 17:15:21", "elapsed": 4.329061, "delta": 0.00399}}
{"target": -2364.4497622913555, "params": {"gamma": 8.586258418997055, "lr": 0.9475415511018243}, "datetime": {"datetime": "2024-06-13 17:15:21", "elapsed": 4.334047, "delta": 0.004986}}
{"target": -1641.2499426500442, "params": {"gamma": 6.545720808693693, "lr": 0.8542582098426466}, "datetime": {"datetime": "2024-06-13 17:15:21", "elapsed": 4.338037, "delta": 0.00399}}
{"target": -1628.9138418624955, "params": {"gamma": 7.426137988907772, "lr": 0.7271011884036769}, "datetime": {"datetime": "2024-06-13 17:15:21", "elapsed": 4.342026, "delta": 0.003989}}
{"target": -2364.940287134212, "params": {"gamma": 8.58804877191338, "lr": 0.9230030407536653}, "datetime": {"datetime": "2024-06-13 17:15:21", "elapsed": 4.346017, "delta": 0.003991}}
{"target": -1213.4428081063515, "params": {"gamma": 9.020857939246921, "lr": 0.39575026156518067}, "datetime": {"datetime": "2024-06-13 17:15:21", "elapsed": 4.350005, "delta": 0.003988}}
{"target": -246.5034052846976, "params": {"gamma": 0.8411287767074533, "lr": 0.8295737184581491}, "datetime": {"datetime": "2024-06-13 17:15:21", "elapsed": 4.354991, "delta": 0.004986}}
{"target": -946.8249348052519, "params": {"gamma": 5.389776601523036, "lr": 0.542076154739123}, "datetime": {"datetime": "2024-06-13 17:15:21", "elapsed": 4.358981, "delta": 0.00399}}
{"target": -2945.9770010883394, "params": {"gamma": 8.25192813033363, "lr": 0.03198418437577388}, "datetime": {"datetime": "2024-06-13 17:15:21", "elapsed": 4.362972, "delta": 0.003991}}
{"target": -3134.1346680110205, "params": {"gamma": 8.779726226832842, "lr": 0.03463400133772032}, "datetime": {"datetime": "2024-06-13 17:15:21", "elapsed": 4.367957, "delta": 0.004985}}
{"target": -1302.7320742994082, "params": {"gamma": 6.932252389225503, "lr": 0.5874844793504092}, "datetime": {"datetime": "2024-06-13 17:15:21", "elapsed": 4.371946, "delta": 0.003989}}
{"target": -877.2441431156134, "params": {"gamma": 6.417850059155134, "lr": 0.37408018773825613}, "datetime": {"datetime": "2024-06-13 17:15:21", "elapsed": 4.375935, "delta": 0.003989}}
{"target": -494.6695453309558, "params": {"gamma": 2.755344804474391, "lr": 0.5094085814387623}, "datetime": {"datetime": "2024-06-13 17:15:21", "elapsed": 4.379925, "delta": 0.00399}}
{"target": -1595.824422551282, "params": {"gamma": 8.858345348380066, "lr": 0.5652896703655683}, "datetime": {"datetime": "2024-06-13 17:15:21", "elapsed": 4.383914, "delta": 0.003989}}
{"target": -992.6555423131045, "params": {"gamma": 6.631825765751704, "lr": 0.44137923095350085}, "datetime": {"datetime": "2024-06-13 17:15:21", "elapsed": 4.387903, "delta": 0.003989}}
{"target": -2145.658718623251, "params": {"gamma": 9.7214187321274, "lr": 0.7425224523517098}, "datetime": {"datetime": "2024-06-13 17:15:21", "elapsed": 4.39289, "delta": 0.004987}}
{"target": -738.1962850452182, "params": {"gamma": 3.5496702059968834, "lr": 0.6535310326636594}, "datetime": {"datetime": "2024-06-13 17:15:21", "elapsed": 4.39688, "delta": 0.00399}}
{"target": -1464.334929082303, "params": {"gamma": 5.426621502305332, "lr": 0.884056212378686}, "datetime": {"datetime": "2024-06-13 17:15:21", "elapsed": 4.400869, "delta": 0.003989}}
{"target": -783.866205386193, "params": {"gamma": 2.7512654566030514, "lr": 0.10806748517233733}, "datetime": {"datetime": "2024-06-13 17:15:21", "elapsed": 4.404858, "delta": 0.003989}}
{"target": -282.1576561057791, "params": {"gamma": 1.9135292453599602, "lr": 0.38704623260508586}, "datetime": {"datetime": "2024-06-13 17:15:21", "elapsed": 4.408847, "delta": 0.003989}}
{"target": -1216.6612828156794, "params": {"gamma": 8.54074388954821, "lr": 0.2708449138359166}, "datetime": {"datetime": "2024-06-13 17:15:21", "elapsed": 4.412837, "delta": 0.00399}}
{"target": -1234.8881923445815, "params": {"gamma": 6.263961673283628, "lr": 0.6235518010455583}, "datetime": {"datetime": "2024-06-13 17:15:21", "elapsed": 4.417823, "delta": 0.004986}}
{"target": -1459.4419720658218, "params": {"gamma": 4.08106330634394, "lr": 0.05033512965945175}, "datetime": {"datetime": "2024-06-13 17:15:21", "elapsed": 4.421813, "delta": 0.00399}}
{"target": -1000.6868693440833, "params": {"gamma": 7.448593896451896, "lr": 0.29572553442388116}, "datetime": {"datetime": "2024-06-13 17:15:21", "elapsed": 4.425802, "delta": 0.003989}}
{"target": -548.5117995974463, "params": {"gamma": 3.9851835072938524, "lr": 0.37723956753050947}, "datetime": {"datetime": "2024-06-13 17:15:21", "elapsed": 4.429792, "delta": 0.00399}}
{"target": -2240.668235377432, "params": {"gamma": 6.636362714079265, "lr": 0.08633328681516406}, "datetime": {"datetime": "2024-06-13 17:15:21", "elapsed": 4.433781, "delta": 0.003989}}
{"target": -1964.767603045755, "params": {"gamma": 5.49934931479934, "lr": 0.015421822343255842}, "datetime": {"datetime": "2024-06-13 17:15:21", "elapsed": 4.43777, "delta": 0.003989}}
{"target": -1841.6568994208276, "params": {"gamma": 9.830406796410628, "lr": 0.5984272223880148}, "datetime": {"datetime": "2024-06-13 17:15:21", "elapsed": 4.44176, "delta": 0.00399}}
{"target": -849.1662795927065, "params": {"gamma": 3.8417581657342703, "lr": 0.1467479307274827}, "datetime": {"datetime": "2024-06-13 17:15:21", "elapsed": 4.445749, "delta": 0.003989}}
{"target": -1887.2432087430186, "params": {"gamma": 6.9690863860416155, "lr": 0.9058084167065523}, "datetime": {"datetime": "2024-06-13 17:15:21", "elapsed": 4.449738, "delta": 0.003989}}
{"target": -788.3404279520028, "params": {"gamma": 3.1817694146938234, "lr": 0.7664921446562297}, "datetime": {"datetime": "2024-06-13 17:15:21", "elapsed": 4.454725, "delta": 0.004987}}
{"target": -801.6290116703371, "params": {"gamma": 2.8756935223098354, "lr": 0.9572253423743934}, "datetime": {"datetime": "2024-06-13 17:15:21", "elapsed": 4.458714, "delta": 0.003989}}
{"target": -1450.3617135323045, "params": {"gamma": 7.023455232193281, "lr": 0.6250155931933211}, "datetime": {"datetime": "2024-06-13 17:15:21", "elapsed": 4.462704, "delta": 0.00399}}
{"target": -1324.3604613245625, "params": {"gamma": 9.307416596768327, "lr": 0.26904238725191854}, "datetime": {"datetime": "2024-06-13 17:15:21", "elapsed": 4.466694, "delta": 0.00399}}
