{"target": -143.13492692710665, "params": {"gamma": 0.311939657480023, "prior": 5.754639817943711, "rate": 1.8055046214421606}, "datetime": {"datetime": "2024-06-14 04:54:07", "elapsed": 2.704895, "delta": 0.008976}}
{"target": -252.23382351170685, "params": {"gamma": 6.309961044194965, "prior": 9.811144389930757, "rate": 8.749150609572597}, "datetime": {"datetime": "2024-06-14 04:54:07", "elapsed": 2.713871, "delta": 0.008976}}
{"target": -178.37532898652242, "params": {"gamma": 4.518910657959286, "prior": 7.113762613512001, "rate": 7.77491003128189}, "datetime": {"datetime": "2024-06-14 04:54:07", "elapsed": 2.722847, "delta": 0.008976}}
{"target": -336.84762492611264, "params": {"gamma": 4.9489359987414545, "prior": 5.332481552757894, "rate": 1.5086931993235537}, "datetime": {"datetime": "2024-06-14 04:54:07", "elapsed": 2.731823, "delta": 0.008976}}
{"target": -142.60147708568704, "params": {"gamma": 3.6946298561934507, "prior": 1.5079904054205882, "rate": 7.269210639692282}, "datetime": {"datetime": "2024-06-14 04:54:07", "elapsed": 2.740841, "delta": 0.009018}}
{"target": -154.1081446034038, "params": {"gamma": 4.770652931028231, "prior": 4.543900483396978, "rate": 8.860093713682348}, "datetime": {"datetime": "2024-06-14 04:54:07", "elapsed": 2.749326, "delta": 0.008485}}
{"target": -260.2737707146524, "params": {"gamma": 5.2766601043433035, "prior": 4.149999235976913, "rate": 2.6896513301042457}, "datetime": {"datetime": "2024-06-14 04:54:07", "elapsed": 2.758302, "delta": 0.008976}}
{"target": -166.61717403183536, "params": {"gamma": 0.7210483396625298, "prior": 4.239547723880626, "rate": 0.25850907058342715}, "datetime": {"datetime": "2024-06-14 04:54:07", "elapsed": 2.767278, "delta": 0.008976}}
{"target": -122.9249366703967, "params": {"gamma": 2.912248251583728, "prior": 5.084744147499125, "rate": 9.659364717132203}, "datetime": {"datetime": "2024-06-14 04:54:07", "elapsed": 2.776253, "delta": 0.008975}}
{"target": -125.26697681515718, "params": {"gamma": 1.0947197590216522, "prior": 6.7631064367445575, "rate": 4.999823778620901}, "datetime": {"datetime": "2024-06-14 04:54:07", "elapsed": 2.78523, "delta": 0.008977}}
{"target": -400.58529539780386, "params": {"gamma": 7.771205194528555, "prior": 1.521709278954672, "rate": 0.8329431617223197}, "datetime": {"datetime": "2024-06-14 04:54:07", "elapsed": 2.794206, "delta": 0.008976}}
{"target": -291.76707271786563, "params": {"gamma": 3.9927868349191855, "prior": 7.989926294601011, "rate": 1.917565713359991}, "datetime": {"datetime": "2024-06-14 04:54:07", "elapsed": 2.803181, "delta": 0.008975}}
{"target": -337.3736758909163, "params": {"gamma": 7.678004144280593, "prior": 2.9739501709124956, "rate": 2.1696979846303415}, "datetime": {"datetime": "2024-06-14 04:54:07", "elapsed": 2.812158, "delta": 0.008977}}
{"target": -139.3101072565778, "params": {"gamma": 0.1681391751809873, "prior": 4.046724693231549, "rate": 3.8114338314432303}, "datetime": {"datetime": "2024-06-14 04:54:07", "elapsed": 2.821134, "delta": 0.008976}}
{"target": -190.28461222268174, "params": {"gamma": 6.593790017017453, "prior": 0.8020921646568335, "rate": 1.5268872664356763}, "datetime": {"datetime": "2024-06-14 04:54:07", "elapsed": 2.830109, "delta": 0.008975}}
{"target": -131.691976848328, "params": {"gamma": 0.16674225312644053, "prior": 1.2265839288293277, "rate": 6.518240970824895}, "datetime": {"datetime": "2024-06-14 04:54:07", "elapsed": 2.839085, "delta": 0.008976}}
{"target": -143.68823467132628, "params": {"gamma": 4.027165864897017, "prior": 3.278160510256427, "rate": 5.579562030443482}, "datetime": {"datetime": "2024-06-14 04:54:07", "elapsed": 2.848061, "delta": 0.008976}}
{"target": -389.5614167634914, "params": {"gamma": 9.9346111705354, "prior": 8.361416488778493, "rate": 6.99653220081344}, "datetime": {"datetime": "2024-06-14 04:54:07", "elapsed": 2.856582, "delta": 0.008521}}
{"target": -258.252508814834, "params": {"gamma": 9.182667632731448, "prior": 0.4933141961625397, "rate": 0.7042640827136369}, "datetime": {"datetime": "2024-06-14 04:54:07", "elapsed": 2.865558, "delta": 0.008976}}
{"target": -153.16617826352126, "params": {"gamma": 4.740588893590559, "prior": 3.5567573882750656, "rate": 9.37258336922236}, "datetime": {"datetime": "2024-06-14 04:54:07", "elapsed": 2.874534, "delta": 0.008976}}
{"target": -160.79676527245473, "params": {"gamma": 4.896160046490541, "prior": 5.442526189924171, "rate": 8.952708396946477}, "datetime": {"datetime": "2024-06-14 04:54:07", "elapsed": 2.883511, "delta": 0.008977}}
{"target": -306.16567430605016, "params": {"gamma": 4.466903823191082, "prior": 8.782640453776484, "rate": 2.536563911966912}, "datetime": {"datetime": "2024-06-14 04:54:07", "elapsed": 2.892515, "delta": 0.009004}}
{"target": -123.55370094688645, "params": {"gamma": 2.7388232318769274, "prior": 3.3507777618671426, "rate": 5.476095140539054}, "datetime": {"datetime": "2024-06-14 04:54:07", "elapsed": 2.902042, "delta": 0.009527}}
{"target": -199.1459381000411, "params": {"gamma": 2.2020666115957854, "prior": 6.747148793704605, "rate": 1.4287900347472011}, "datetime": {"datetime": "2024-06-14 04:54:07", "elapsed": 2.911019, "delta": 0.008977}}
{"target": -147.60608159740846, "params": {"gamma": 0.9419086447218946, "prior": 8.714898287433238, "rate": 2.3694501668664283}, "datetime": {"datetime": "2024-06-14 04:54:07", "elapsed": 2.919994, "delta": 0.008975}}
{"target": -175.75695279206982, "params": {"gamma": 3.8606541062149327, "prior": 5.758266717980789, "rate": 5.258493897544749}, "datetime": {"datetime": "2024-06-14 04:54:07", "elapsed": 2.928971, "delta": 0.008977}}
{"target": -118.42771574711823, "params": {"gamma": 0.7611627705416266, "prior": 8.75384676242048, "rate": 9.511405048568502}, "datetime": {"datetime": "2024-06-14 04:54:07", "elapsed": 2.937977, "delta": 0.009006}}
{"target": -222.7619746943289, "params": {"gamma": 8.125260534442543, "prior": 2.9096381659740556, "rate": 5.278940114383477}, "datetime": {"datetime": "2024-06-14 04:54:07", "elapsed": 2.946923, "delta": 0.008946}}
{"target": -132.2372737449566, "params": {"gamma": 3.394827823452077, "prior": 5.5912063767979, "rate": 9.744060285661112}, "datetime": {"datetime": "2024-06-14 04:54:07", "elapsed": 2.955898, "delta": 0.008975}}
{"target": -197.47467875478847, "params": {"gamma": 3.1177174742720952, "prior": 6.72108639863641, "rate": 3.26034610588255}, "datetime": {"datetime": "2024-06-14 04:54:07", "elapsed": 2.964874, "delta": 0.008976}}
{"target": -220.46148103363237, "params": {"gamma": 7.744998182884782, "prior": 3.325518669470728, "rate": 8.898383587132303}, "datetime": {"datetime": "2024-06-14 04:54:07", "elapsed": 2.973851, "delta": 0.008977}}
{"target": -365.84597906617154, "params": {"gamma": 7.51732550147175, "prior": 7.650057744906595, "rate": 4.695320806570698}, "datetime": {"datetime": "2024-06-14 04:54:07", "elapsed": 2.982826, "delta": 0.008975}}
{"target": -113.63398569267186, "params": {"gamma": 2.108434260184585, "prior": 0.5106032878073389, "rate": 3.218966170902475}, "datetime": {"datetime": "2024-06-14 04:54:07", "elapsed": 2.990805, "delta": 0.007979}}
{"target": -129.56939139864454, "params": {"gamma": 0.3720895322754502, "prior": 6.969168572601607, "rate": 6.703829969329749}, "datetime": {"datetime": "2024-06-14 04:54:07", "elapsed": 3.000779, "delta": 0.009974}}
{"target": -214.36779596393967, "params": {"gamma": 4.305287355667006, "prior": 7.701110878815912, "rate": 5.360548938900898}, "datetime": {"datetime": "2024-06-14 04:54:07", "elapsed": 3.009755, "delta": 0.008976}}
{"target": -124.76653832169231, "params": {"gamma": 0.3995594064278903, "prior": 1.4344518678107228, "rate": 1.9349705737501688}, "datetime": {"datetime": "2024-06-14 04:54:07", "elapsed": 3.01873, "delta": 0.008975}}
{"target": -148.8284764582744, "params": {"gamma": 3.357302347845333, "prior": 0.6178981697310199, "rate": 6.051562688223163}, "datetime": {"datetime": "2024-06-14 04:54:07", "elapsed": 3.027707, "delta": 0.008977}}
{"target": -245.00900082947658, "params": {"gamma": 5.121098214211664, "prior": 6.212864018969845, "rate": 4.324123592048677}, "datetime": {"datetime": "2024-06-14 04:54:07", "elapsed": 3.036682, "delta": 0.008975}}
{"target": -726.4839138121192, "params": {"gamma": 8.47715698190614, "prior": 4.595184654985598, "rate": 0.15501979439941704}, "datetime": {"datetime": "2024-06-14 04:54:07", "elapsed": 3.045658, "delta": 0.008976}}
{"target": -265.1892325471304, "params": {"gamma": 8.730808416322548, "prior": 6.596395322666579, "rate": 8.23020740344406}, "datetime": {"datetime": "2024-06-14 04:54:07", "elapsed": 3.054634, "delta": 0.008976}}
{"target": -287.4849737957707, "params": {"gamma": 9.517805154645483, "prior": 0.6040325968171834, "rate": 2.3514835690460547}, "datetime": {"datetime": "2024-06-14 04:54:07", "elapsed": 3.063611, "delta": 0.008977}}
{"target": -112.39131579448518, "params": {"gamma": 0.6343710911199417, "prior": 4.274413071721264, "rate": 8.638427625869019}, "datetime": {"datetime": "2024-06-14 04:54:07", "elapsed": 3.072587, "delta": 0.008976}}
{"target": -146.35645011509985, "params": {"gamma": 0.817158203167966, "prior": 4.783808333570197, "rate": 1.2563055549774276}, "datetime": {"datetime": "2024-06-14 04:54:07", "elapsed": 3.081562, "delta": 0.008975}}
{"target": -650.2614116466829, "params": {"gamma": 7.729083136069011, "prior": 8.43007935227885, "rate": 0.4338660909233998}, "datetime": {"datetime": "2024-06-14 04:54:07", "elapsed": 3.090538, "delta": 0.008976}}
{"target": -164.10812433554833, "params": {"gamma": 4.864920990960778, "prior": 2.470169336963784, "rate": 9.5247853431509}, "datetime": {"datetime": "2024-06-14 04:54:07", "elapsed": 3.099514, "delta": 0.008976}}
{"target": -255.6176062371759, "params": {"gamma": 9.438982385210178, "prior": 6.1779466236085385, "rate": 9.734900485854638}, "datetime": {"datetime": "2024-06-14 04:54:07", "elapsed": 3.108491, "delta": 0.008977}}
{"target": -211.7927267508768, "params": {"gamma": 3.4492685758187935, "prior": 8.98872210491005, "rate": 4.346515139111687}, "datetime": {"datetime": "2024-06-14 04:54:07", "elapsed": 3.117466, "delta": 0.008975}}
{"target": -148.32491456901545, "params": {"gamma": 2.35891055683799, "prior": 9.414196835693854, "rate": 6.842496291781293}, "datetime": {"datetime": "2024-06-14 04:54:07", "elapsed": 3.126443, "delta": 0.008977}}
{"target": -125.11227102020669, "params": {"gamma": 0.6500509418059542, "prior": 8.717206082548355, "rate": 7.01410156603883}, "datetime": {"datetime": "2024-06-14 04:54:07", "elapsed": 3.135305, "delta": 0.008862}}
{"target": -381.78161198888205, "params": {"gamma": 6.049663802869843, "prior": 7.350511501875372, "rate": 2.535136985955308}, "datetime": {"datetime": "2024-06-14 04:54:07", "elapsed": 3.14428, "delta": 0.008975}}
{"target": -505.90721489357105, "params": {"gamma": 6.00528906379017, "prior": 8.164729894490387, "rate": 0.542082489579675}, "datetime": {"datetime": "2024-06-14 04:54:07", "elapsed": 3.153255, "delta": 0.008975}}
{"target": -127.22860135924232, "params": {"gamma": 1.3059762027213204, "prior": 8.440213518568495, "rate": 6.183840347409528}, "datetime": {"datetime": "2024-06-14 04:54:07", "elapsed": 3.162231, "delta": 0.008976}}
{"target": -192.86070827157835, "params": {"gamma": 5.3133468170001, "prior": 2.558078217071276, "rate": 2.9514906739197095}, "datetime": {"datetime": "2024-06-14 04:54:07", "elapsed": 3.171207, "delta": 0.008976}}
{"target": -654.180353120761, "params": {"gamma": 8.726988963029699, "prior": 4.274492755012122, "rate": 0.6452381255404884}, "datetime": {"datetime": "2024-06-14 04:54:07", "elapsed": 3.180689, "delta": 0.009482}}
{"target": -272.60071261155014, "params": {"gamma": 8.969953710006317, "prior": 2.1134702449581058, "rate": 8.262449127388422}, "datetime": {"datetime": "2024-06-14 04:54:07", "elapsed": 3.189664, "delta": 0.008975}}
{"target": -271.1663123707638, "params": {"gamma": 8.81782446020499, "prior": 4.918832373701547, "rate": 5.98504846635326}, "datetime": {"datetime": "2024-06-14 04:54:07", "elapsed": 3.198641, "delta": 0.008977}}
{"target": -178.40927178692866, "params": {"gamma": 5.273147297397685, "prior": 6.28573081243644, "rate": 8.550562171752167}, "datetime": {"datetime": "2024-06-14 04:54:07", "elapsed": 3.207616, "delta": 0.008975}}
{"target": -168.67210959745097, "params": {"gamma": 2.8221123446002014, "prior": 8.849179530987948, "rate": 5.677335610861374}, "datetime": {"datetime": "2024-06-14 04:54:07", "elapsed": 3.216593, "delta": 0.008977}}
{"target": -103.93084784033205, "params": {"gamma": 1.151915306628067, "prior": 2.347311535625114, "rate": 5.960227873744525}, "datetime": {"datetime": "2024-06-14 04:54:07", "elapsed": 3.225568, "delta": 0.008975}}
{"target": -129.1789184841741, "params": {"gamma": 2.395222922809899, "prior": 1.4010150393208598, "rate": 1.6193152935242277}, "datetime": {"datetime": "2024-06-14 04:54:07", "elapsed": 3.234545, "delta": 0.008977}}
{"target": -234.13584643876948, "params": {"gamma": 8.448880309839154, "prior": 6.061618173537837, "rate": 9.635707304796231}, "datetime": {"datetime": "2024-06-14 04:54:07", "elapsed": 3.243521, "delta": 0.008976}}
{"target": -158.85947105490686, "params": {"gamma": 3.4574464537469587, "prior": 5.996688471536002, "rate": 5.9902539044452245}, "datetime": {"datetime": "2024-06-14 04:54:07", "elapsed": 3.251499, "delta": 0.007978}}
{"target": -241.79821348230982, "params": {"gamma": 6.157427167752284, "prior": 0.6858543511386517, "rate": 7.503421528562285}, "datetime": {"datetime": "2024-06-14 04:54:07", "elapsed": 3.261473, "delta": 0.009974}}
{"target": -580.5564864039559, "params": {"gamma": 9.482146772378064, "prior": 5.393322666077928, "rate": 1.926367653529729}, "datetime": {"datetime": "2024-06-14 04:54:07", "elapsed": 3.270449, "delta": 0.008976}}
{"target": -313.6864042857301, "params": {"gamma": 7.529506223884443, "prior": 0.17245779634585162, "rate": 3.2832327804041577}, "datetime": {"datetime": "2024-06-14 04:54:07", "elapsed": 3.279425, "delta": 0.008976}}
{"target": -257.0028826491414, "params": {"gamma": 9.176145870096288, "prior": 5.92483659564938, "rate": 8.55204764875745}, "datetime": {"datetime": "2024-06-14 04:54:07", "elapsed": 3.288401, "delta": 0.008976}}
{"target": -219.80770523000538, "params": {"gamma": 6.047115851439529, "prior": 8.243523709986324, "rate": 8.79495575076974}, "datetime": {"datetime": "2024-06-14 04:54:07", "elapsed": 3.297376, "delta": 0.008975}}
{"target": -134.20038483709104, "params": {"gamma": 3.210542758870008, "prior": 1.3172522383665672, "rate": 7.213312138521522}, "datetime": {"datetime": "2024-06-14 04:54:07", "elapsed": 3.306382, "delta": 0.009006}}
{"target": -156.71732804017927, "params": {"gamma": 4.404030521225552, "prior": 1.3546835205058854, "rate": 5.898646657450783}, "datetime": {"datetime": "2024-06-14 04:54:07", "elapsed": 3.315328, "delta": 0.008946}}
{"target": -118.49974982416907, "params": {"gamma": 0.36164707738402946, "prior": 2.0818029524687707, "rate": 7.883223595490022}, "datetime": {"datetime": "2024-06-14 04:54:07", "elapsed": 3.324305, "delta": 0.008977}}
{"target": -151.82515362231504, "params": {"gamma": 0.12195550339356331, "prior": 3.1031221499148343, "rate": 0.2147382349196191}, "datetime": {"datetime": "2024-06-14 04:54:07", "elapsed": 3.333281, "delta": 0.008976}}
{"target": -531.7911446677289, "params": {"gamma": 9.974852442290567, "prior": 5.862096765800271, "rate": 2.93446940858208}, "datetime": {"datetime": "2024-06-14 04:54:07", "elapsed": 3.342257, "delta": 0.008976}}
{"target": -351.30645168089336, "params": {"gamma": 9.289565669469264, "prior": 5.120482293127225, "rate": 4.547467583296517}, "datetime": {"datetime": "2024-06-14 04:54:07", "elapsed": 3.351233, "delta": 0.008976}}
{"target": -209.33064766656886, "params": {"gamma": 5.879127191455569, "prior": 2.7149626776846394, "rate": 3.0535777051749857}, "datetime": {"datetime": "2024-06-14 04:54:07", "elapsed": 3.360209, "delta": 0.008976}}
{"target": -133.52310474482113, "params": {"gamma": 3.7171741126651003, "prior": 2.520035193778948, "rate": 5.845888113900182}, "datetime": {"datetime": "2024-06-14 04:54:07", "elapsed": 3.369213, "delta": 0.009004}}
{"target": -273.57294346834476, "params": {"gamma": 6.958765493189333, "prior": 0.8122774796236112, "rate": 9.710862112935013}, "datetime": {"datetime": "2024-06-14 04:54:07", "elapsed": 3.378161, "delta": 0.008948}}
{"target": -283.82739056309606, "params": {"gamma": 7.53095348803868, "prior": 8.081015313238742, "rate": 7.516652400408825}, "datetime": {"datetime": "2024-06-14 04:54:07", "elapsed": 3.387137, "delta": 0.008976}}
{"target": -121.05974207560944, "params": {"gamma": 0.8015297117349018, "prior": 4.868793201909653, "rate": 4.457283891060159}, "datetime": {"datetime": "2024-06-14 04:54:07", "elapsed": 3.396113, "delta": 0.008976}}
{"target": -199.76806109405067, "params": {"gamma": 6.725054032598774, "prior": 4.5424988623607865, "rate": 7.043429670440712}, "datetime": {"datetime": "2024-06-14 04:54:07", "elapsed": 3.405089, "delta": 0.008976}}
{"target": -270.06585255883266, "params": {"gamma": 6.816771730688627, "prior": 7.001770434652286, "rate": 6.186388824872803}, "datetime": {"datetime": "2024-06-14 04:54:07", "elapsed": 3.414065, "delta": 0.008976}}
{"target": -120.15459904649663, "params": {"gamma": 1.5106563520631782, "prior": 7.631944317426985, "rate": 7.810677176117377}, "datetime": {"datetime": "2024-06-14 04:54:07", "elapsed": 3.423042, "delta": 0.008977}}
{"target": -390.972574652025, "params": {"gamma": 9.041125756152136, "prior": 2.414310056780649, "rate": 1.7676122518303419}, "datetime": {"datetime": "2024-06-14 04:54:07", "elapsed": 3.432053, "delta": 0.009011}}
{"target": -136.88562254062353, "params": {"gamma": 3.9116001319445175, "prior": 3.2735900745520863, "rate": 8.154953813127257}, "datetime": {"datetime": "2024-06-14 04:54:08", "elapsed": 3.440993, "delta": 0.00894}}
{"target": -318.35219494739613, "params": {"gamma": 6.135645470784649, "prior": 7.624017348262513, "rate": 4.277223331869946}, "datetime": {"datetime": "2024-06-14 04:54:08", "elapsed": 3.449969, "delta": 0.008976}}
{"target": -103.40560267075823, "params": {"gamma": 0.9953061885929767, "prior": 1.238846619297438, "rate": 3.734697910240216}, "datetime": {"datetime": "2024-06-14 04:54:08", "elapsed": 3.458945, "delta": 0.008976}}
{"target": -138.0831509121024, "params": {"gamma": 1.939283827327562, "prior": 8.225390336367088, "rate": 5.996760448228745}, "datetime": {"datetime": "2024-06-14 04:54:08", "elapsed": 3.468918, "delta": 0.009973}}
{"target": -507.47991669659405, "params": {"gamma": 6.888763744927632, "prior": 4.9619886169125325, "rate": 0.8826486387405684}, "datetime": {"datetime": "2024-06-14 04:54:08", "elapsed": 3.477894, "delta": 0.008976}}
{"target": -174.52422818244142, "params": {"gamma": 2.351541289225017, "prior": 4.669860600827058, "rate": 1.9867164390362086}, "datetime": {"datetime": "2024-06-14 04:54:08", "elapsed": 3.48687, "delta": 0.008976}}
{"target": -134.31180630362059, "params": {"gamma": 0.2557368815524242, "prior": 7.321037212735911, "rate": 7.249442555443973}, "datetime": {"datetime": "2024-06-14 04:54:08", "elapsed": 3.495846, "delta": 0.008976}}
{"target": -202.14256046000767, "params": {"gamma": 3.304587071870666, "prior": 8.45059184803019, "rate": 4.284996317034784}, "datetime": {"datetime": "2024-06-14 04:54:08", "elapsed": 3.504822, "delta": 0.008976}}
{"target": -331.82180947828766, "params": {"gamma": 8.64699676149058, "prior": 6.604947703766606, "rate": 5.810775538523484}, "datetime": {"datetime": "2024-06-14 04:54:08", "elapsed": 3.513798, "delta": 0.008976}}
{"target": -113.52614149671129, "params": {"gamma": 2.008074152862875, "prior": 5.342511443736109, "rate": 8.944429751857296}, "datetime": {"datetime": "2024-06-14 04:54:08", "elapsed": 3.522774, "delta": 0.008976}}
{"target": -146.8642783104896, "params": {"gamma": 3.0506347643763254, "prior": 8.722361530694428, "rate": 9.087543983311022}, "datetime": {"datetime": "2024-06-14 04:54:08", "elapsed": 3.53175, "delta": 0.008976}}
{"target": -140.64457593406556, "params": {"gamma": 3.2991157822561417, "prior": 6.862436226731985, "rate": 8.992310274710121}, "datetime": {"datetime": "2024-06-14 04:54:08", "elapsed": 3.540726, "delta": 0.008976}}
{"target": -149.05042571811438, "params": {"gamma": 0.7578931207012753, "prior": 8.798019845727227, "rate": 1.9092027933215376}, "datetime": {"datetime": "2024-06-14 04:54:08", "elapsed": 3.549702, "delta": 0.008976}}
{"target": -449.9316290871924, "params": {"gamma": 8.497839331269288, "prior": 6.704476008122119, "rate": 3.4440476153050885}, "datetime": {"datetime": "2024-06-14 04:54:08", "elapsed": 3.558678, "delta": 0.008976}}
{"target": -113.8685141251392, "params": {"gamma": 1.5146043243579972, "prior": 6.390172518735689, "rate": 8.478032649103701}, "datetime": {"datetime": "2024-06-14 04:54:08", "elapsed": 3.568015, "delta": 0.009337}}
{"target": -232.4584885839387, "params": {"gamma": 8.218671898265342, "prior": 6.319572011593512, "rate": 9.563058796042565}, "datetime": {"datetime": "2024-06-14 04:54:08", "elapsed": 3.576992, "delta": 0.008977}}
{"target": -175.53280861058568, "params": {"gamma": 5.899641347630623, "prior": 2.058544568014401, "rate": 4.293877895442307}, "datetime": {"datetime": "2024-06-14 04:54:08", "elapsed": 3.585967, "delta": 0.008975}}
{"target": -224.89595715253154, "params": {"gamma": 3.3681232410129716, "prior": 9.920255617882082, "rate": 3.8029847246765303}, "datetime": {"datetime": "2024-06-14 04:54:08", "elapsed": 3.594943, "delta": 0.008976}}
{"target": -623.7468952170125, "params": {"gamma": 9.927016035774514, "prior": 5.2361620822608, "rate": 1.7236247350697775}, "datetime": {"datetime": "2024-06-14 04:54:08", "elapsed": 3.603919, "delta": 0.008976}}
