{"target": -925.7776172986785, "params": {"gamma": 4.903044972676658, "lr": 0.5991103076458784}, "datetime": {"datetime": "2024-06-13 17:15:17", "elapsed": 0.394944, "delta": 0.003989}}
{"target": -139.14006488091422, "params": {"gamma": 0.15631722223280642, "lr": 0.5934814081966372}, "datetime": {"datetime": "2024-06-13 17:15:17", "elapsed": 0.397937, "delta": 0.002993}}
{"target": -1095.7686897779095, "params": {"gamma": 4.337329813545594, "lr": 0.8073605288848414}, "datetime": {"datetime": "2024-06-13 17:15:17", "elapsed": 0.401926, "delta": 0.003989}}
{"target": -862.1445503650539, "params": {"gamma": 3.153132786150634, "lr": 0.8928887085251513}, "datetime": {"datetime": "2024-06-13 17:15:17", "elapsed": 0.404917, "delta": 0.002991}}
{"target": -1030.5052899125915, "params": {"gamma": 5.778994295630071, "lr": 0.18401020162746506}, "datetime": {"datetime": "2024-06-13 17:15:17", "elapsed": 0.407909, "delta": 0.002992}}
{"target": -1549.7650479000067, "params": {"gamma": 7.8795044090212185, "lr": 0.6120311770449339}, "datetime": {"datetime": "2024-06-13 17:15:17", "elapsed": 0.411898, "delta": 0.003989}}
{"target": -146.57364084890446, "params": {"gamma": 0.5400388114654558, "lr": 0.4201936800011322}, "datetime": {"datetime": "2024-06-13 17:15:17", "elapsed": 0.414891, "delta": 0.002993}}
{"target": -1872.6121741930112, "params": {"gamma": 6.791009296817731, "lr": 0.9186017779775258}, "datetime": {"datetime": "2024-06-13 17:15:17", "elapsed": 0.41888, "delta": 0.003989}}
{"target": -146.53876046407285, "params": {"gamma": 0.005019846888682974, "lr": 0.9767591490310596}, "datetime": {"datetime": "2024-06-13 17:15:17", "elapsed": 0.421872, "delta": 0.002992}}
{"target": -1044.639863126758, "params": {"gamma": 3.766426567142999, "lr": 0.9737835383583225}, "datetime": {"datetime": "2024-06-13 17:15:17", "elapsed": 0.424864, "delta": 0.002992}}
{"target": -1525.1829551350106, "params": {"gamma": 6.047556293639557, "lr": 0.828845807980693}, "datetime": {"datetime": "2024-06-13 17:15:17", "elapsed": 0.428854, "delta": 0.00399}}
{"target": -1189.001686096101, "params": {"gamma": 5.747540335576315, "lr": 0.6280761983073504}, "datetime": {"datetime": "2024-06-13 17:15:17", "elapsed": 0.431846, "delta": 0.002992}}
{"target": -547.8663206041346, "params": {"gamma": 2.8564772406752437, "lr": 0.586833340656083}, "datetime": {"datetime": "2024-06-13 17:15:17", "elapsed": 0.435835, "delta": 0.003989}}
{"target": -2018.9116080707224, "params": {"gamma": 7.500467615262897, "lr": 0.8583138364290424}, "datetime": {"datetime": "2024-06-13 17:15:17", "elapsed": 0.438827, "delta": 0.002992}}
{"target": -1638.5227071377954, "params": {"gamma": 7.551066802488335, "lr": 0.698057248447303}, "datetime": {"datetime": "2024-06-13 17:15:17", "elapsed": 0.442816, "delta": 0.003989}}
{"target": -1156.982501888763, "params": {"gamma": 8.644929821115943, "lr": 0.32268099683674645}, "datetime": {"datetime": "2024-06-13 17:15:17", "elapsed": 0.445808, "delta": 0.002992}}
{"target": -1018.6576164936946, "params": {"gamma": 6.708217119085085, "lr": 0.45087393641334916}, "datetime": {"datetime": "2024-06-13 17:15:17", "elapsed": 0.4488, "delta": 0.002992}}
{"target": -569.7456581302924, "params": {"gamma": 3.8216454175631407, "lr": 0.4108113499221856}, "datetime": {"datetime": "2024-06-13 17:15:17", "elapsed": 0.45279, "delta": 0.00399}}
{"target": -549.509353523081, "params": {"gamma": 4.015394355111937, "lr": 0.3173839459582769}, "datetime": {"datetime": "2024-06-13 17:15:17", "elapsed": 0.456779, "delta": 0.003989}}
{"target": -932.3413862390263, "params": {"gamma": 6.219571759835095, "lr": 0.43024727082126435}, "datetime": {"datetime": "2024-06-13 17:15:17", "elapsed": 0.45977, "delta": 0.002991}}
{"target": -2107.5581351183605, "params": {"gamma": 9.738046977194596, "lr": 0.6778008914343111}, "datetime": {"datetime": "2024-06-13 17:15:17", "elapsed": 0.462763, "delta": 0.002993}}
{"target": -313.5707251091871, "params": {"gamma": 1.9865003143826816, "lr": 0.4267010093480328}, "datetime": {"datetime": "2024-06-13 17:15:17", "elapsed": 0.466752, "delta": 0.003989}}
{"target": -848.7412160709677, "params": {"gamma": 3.4341190515044557, "lr": 0.7976388039585666}, "datetime": {"datetime": "2024-06-13 17:15:17", "elapsed": 0.469744, "delta": 0.002992}}
{"target": -2379.732213445549, "params": {"gamma": 8.800102887345755, "lr": 0.903841955826372}, "datetime": {"datetime": "2024-06-13 17:15:17", "elapsed": 0.473733, "delta": 0.003989}}
{"target": -947.9767257175723, "params": {"gamma": 6.627535403940247, "lr": 0.2702082620297578}, "datetime": {"datetime": "2024-06-13 17:15:17", "elapsed": 0.476725, "delta": 0.002992}}
{"target": -644.8942163006466, "params": {"gamma": 2.5244146483443926, "lr": 0.8548979426974024}, "datetime": {"datetime": "2024-06-13 17:15:17", "elapsed": 0.479718, "delta": 0.002993}}
{"target": -1330.1029407964957, "params": {"gamma": 5.277618748441158, "lr": 0.8021610840045981}, "datetime": {"datetime": "2024-06-13 17:15:17", "elapsed": 0.483707, "delta": 0.003989}}
{"target": -1270.7909144410164, "params": {"gamma": 5.725312683398872, "lr": 0.7331425252875111}, "datetime": {"datetime": "2024-06-13 17:15:17", "elapsed": 0.486699, "delta": 0.002992}}
{"target": -1274.8874713168059, "params": {"gamma": 5.190597263013095, "lr": 0.770883910501888}, "datetime": {"datetime": "2024-06-13 17:15:17", "elapsed": 0.490689, "delta": 0.00399}}
{"target": -872.1115514882431, "params": {"gamma": 5.689011049056451, "lr": 0.4657098785919809}, "datetime": {"datetime": "2024-06-13 17:15:17", "elapsed": 0.49368, "delta": 0.002991}}
{"target": -1226.8400690431733, "params": {"gamma": 3.4275463906248644, "lr": 0.06820934841670412}, "datetime": {"datetime": "2024-06-13 17:15:17", "elapsed": 0.496672, "delta": 0.002992}}
{"target": -1352.2053804234017, "params": {"gamma": 3.7798638691016704, "lr": 0.07962607769825236}, "datetime": {"datetime": "2024-06-13 17:15:17", "elapsed": 0.500662, "delta": 0.00399}}
{"target": -1919.8547411310872, "params": {"gamma": 9.82818832019072, "lr": 0.18161285133076377}, "datetime": {"datetime": "2024-06-13 17:15:17", "elapsed": 0.503653, "delta": 0.002991}}
{"target": -2184.2904157851117, "params": {"gamma": 8.118775118507678, "lr": 0.8749616449558981}, "datetime": {"datetime": "2024-06-13 17:15:17", "elapsed": 0.506645, "delta": 0.002992}}
{"target": -1243.6006762180423, "params": {"gamma": 6.884444110607048, "lr": 0.5694944127453757}, "datetime": {"datetime": "2024-06-13 17:15:17", "elapsed": 0.510635, "delta": 0.00399}}
{"target": -272.5722067019589, "params": {"gamma": 1.610553396719272, "lr": 0.4668800227633063}, "datetime": {"datetime": "2024-06-13 17:15:17", "elapsed": 0.513627, "delta": 0.002992}}
{"target": -534.2236968591067, "params": {"gamma": 3.452375339500995, "lr": 0.2250399578140846}, "datetime": {"datetime": "2024-06-13 17:15:17", "elapsed": 0.517617, "delta": 0.00399}}
{"target": -799.6681663523811, "params": {"gamma": 5.925526175789202, "lr": 0.31226983770191696}, "datetime": {"datetime": "2024-06-13 17:15:17", "elapsed": 0.520608, "delta": 0.002991}}
{"target": -2504.180165884163, "params": {"gamma": 9.163139229130039, "lr": 0.9096355249515571}, "datetime": {"datetime": "2024-06-13 17:15:17", "elapsed": 0.5236, "delta": 0.002992}}
{"target": -734.4483046441154, "params": {"gamma": 2.57192581952818, "lr": 0.1108913007440292}, "datetime": {"datetime": "2024-06-13 17:15:17", "elapsed": 0.527589, "delta": 0.003989}}
{"target": -317.1573054791332, "params": {"gamma": 1.9304343574591094, "lr": 0.49958417067888605}, "datetime": {"datetime": "2024-06-13 17:15:17", "elapsed": 0.530581, "delta": 0.002992}}
{"target": -1215.4573303224254, "params": {"gamma": 7.286128094077989, "lr": 0.20819443840879148}, "datetime": {"datetime": "2024-06-13 17:15:17", "elapsed": 0.534571, "delta": 0.00399}}
{"target": -634.2646101202535, "params": {"gamma": 2.48108755021393, "lr": 0.851671874936367}, "datetime": {"datetime": "2024-06-13 17:15:17", "elapsed": 0.537864, "delta": 0.003293}}
{"target": -825.29041537192, "params": {"gamma": 4.159071333957006, "lr": 0.6166850671552362}, "datetime": {"datetime": "2024-06-13 17:15:17", "elapsed": 0.541363, "delta": 0.003499}}
{"target": -670.0280347685141, "params": {"gamma": 2.3374277262532615, "lr": 0.10196725942579743}, "datetime": {"datetime": "2024-06-13 17:15:17", "elapsed": 0.544355, "delta": 0.002992}}
{"target": -792.882038383372, "params": {"gamma": 5.159054312668331, "lr": 0.47714098704978236}, "datetime": {"datetime": "2024-06-13 17:15:17", "elapsed": 0.548344, "delta": 0.003989}}
{"target": -323.1924229276912, "params": {"gamma": 1.5275637692875392, "lr": 0.6218062317404155}, "datetime": {"datetime": "2024-06-13 17:15:17", "elapsed": 0.551337, "delta": 0.002993}}
{"target": -1123.43147241203, "params": {"gamma": 5.440557178020568, "lr": 0.6541373469707443}, "datetime": {"datetime": "2024-06-13 17:15:17", "elapsed": 0.555326, "delta": 0.003989}}
{"target": -375.5851878443287, "params": {"gamma": 1.4463108557064734, "lr": 0.7515278171352439}, "datetime": {"datetime": "2024-06-13 17:15:17", "elapsed": 0.558318, "delta": 0.002992}}
{"target": -404.87900321658816, "params": {"gamma": 2.221269348859427, "lr": 0.519351824366033}, "datetime": {"datetime": "2024-06-13 17:15:17", "elapsed": 0.562307, "delta": 0.003989}}
{"target": -2803.8243195146815, "params": {"gamma": 7.853174986187969, "lr": 0.02233042799180618}, "datetime": {"datetime": "2024-06-13 17:15:17", "elapsed": 0.565299, "delta": 0.002992}}
{"target": -881.7286150186231, "params": {"gamma": 3.2443002348021386, "lr": 0.872922376400111}, "datetime": {"datetime": "2024-06-13 17:15:17", "elapsed": 0.569288, "delta": 0.003989}}
{"target": -1475.3195925493415, "params": {"gamma": 8.447251366413093, "lr": 0.5384405925945437}, "datetime": {"datetime": "2024-06-13 17:15:17", "elapsed": 0.573278, "delta": 0.00399}}
{"target": -2386.356787033956, "params": {"gamma": 8.666216133390963, "lr": 0.9498059913536265}, "datetime": {"datetime": "2024-06-13 17:15:17", "elapsed": 0.57627, "delta": 0.002992}}
{"target": -2068.24456144233, "params": {"gamma": 8.264243569295784, "lr": 0.8541154438365387}, "datetime": {"datetime": "2024-06-13 17:15:17", "elapsed": 0.579262, "delta": 0.002992}}
{"target": -236.61700561738604, "params": {"gamma": 0.9883352748016633, "lr": 0.651304332340991}, "datetime": {"datetime": "2024-06-13 17:15:17", "elapsed": 0.583252, "delta": 0.00399}}
{"target": -1385.2372482839703, "params": {"gamma": 7.035466364538378, "lr": 0.6102408126466297}, "datetime": {"datetime": "2024-06-13 17:15:17", "elapsed": 0.587241, "delta": 0.003989}}
{"target": -2854.8661403498445, "params": {"gamma": 7.996353002098545, "lr": 0.03457121987163425}, "datetime": {"datetime": "2024-06-13 17:15:17", "elapsed": 0.590233, "delta": 0.002992}}
{"target": -1703.605069628076, "params": {"gamma": 7.702617106815245, "lr": 0.731728600739527}, "datetime": {"datetime": "2024-06-13 17:15:17", "elapsed": 0.594222, "delta": 0.003989}}
{"target": -386.29312629436845, "params": {"gamma": 2.5977242345902325, "lr": 0.2570692988221467}, "datetime": {"datetime": "2024-06-13 17:15:17", "elapsed": 0.597214, "delta": 0.002992}}
{"target": -863.2376854535794, "params": {"gamma": 6.323400870983849, "lr": 0.34529746159108154}, "datetime": {"datetime": "2024-06-13 17:15:17", "elapsed": 0.601204, "delta": 0.00399}}
{"target": -1205.876926177305, "params": {"gamma": 7.966090191394868, "lr": 0.44614623200345727}, "datetime": {"datetime": "2024-06-13 17:15:17", "elapsed": 0.604195, "delta": 0.002991}}
{"target": -2156.625192099691, "params": {"gamma": 7.827711398426936, "lr": 0.9904717836238407}, "datetime": {"datetime": "2024-06-13 17:15:17", "elapsed": 0.608184, "delta": 0.003989}}
{"target": -666.5013026916193, "params": {"gamma": 3.0031831469994668, "lr": 0.14300582825809938}, "datetime": {"datetime": "2024-06-13 17:15:17", "elapsed": 0.611176, "delta": 0.002992}}
{"target": -1573.2038611271448, "params": {"gamma": 9.01318305505639, "lr": 0.5415593788873733}, "datetime": {"datetime": "2024-06-13 17:15:17", "elapsed": 0.615166, "delta": 0.00399}}
{"target": -2003.7793542474394, "params": {"gamma": 9.747428968179968, "lr": 0.6366044000018972}, "datetime": {"datetime": "2024-06-13 17:15:17", "elapsed": 0.618158, "delta": 0.002992}}
{"target": -1727.7007731656406, "params": {"gamma": 9.939136333080178, "lr": 0.5460708041429516}, "datetime": {"datetime": "2024-06-13 17:15:17", "elapsed": 0.622147, "delta": 0.003989}}
{"target": -1317.5194850786465, "params": {"gamma": 5.264732913121308, "lr": 0.1354279030721699}, "datetime": {"datetime": "2024-06-13 17:15:17", "elapsed": 0.62514, "delta": 0.002993}}
{"target": -1273.140431208561, "params": {"gamma": 3.5576960046678274, "lr": 0.026218567296373285}, "datetime": {"datetime": "2024-06-13 17:15:17", "elapsed": 0.629128, "delta": 0.003988}}
{"target": -376.73150676832796, "params": {"gamma": 1.6047914000169714, "lr": 0.7456371927074961}, "datetime": {"datetime": "2024-06-13 17:15:17", "elapsed": 0.632121, "delta": 0.002993}}
{"target": -132.64795039669934, "params": {"gamma": 0.3049664995979595, "lr": 0.36654309724374434}, "datetime": {"datetime": "2024-06-13 17:15:17", "elapsed": 0.63611, "delta": 0.003989}}
{"target": -1868.5350092115607, "params": {"gamma": 8.623600182127603, "lr": 0.6926777175073543}, "datetime": {"datetime": "2024-06-13 17:15:17", "elapsed": 0.639102, "delta": 0.002992}}
{"target": -1229.3845766025688, "params": {"gamma": 6.90973047851962, "lr": 0.18863680095531088}, "datetime": {"datetime": "2024-06-13 17:15:17", "elapsed": 0.642094, "delta": 0.002992}}
{"target": -831.7316320336918, "params": {"gamma": 4.419600903203486, "lr": 0.5815774073442912}, "datetime": {"datetime": "2024-06-13 17:15:17", "elapsed": 0.646084, "delta": 0.00399}}
{"target": -1646.2777512345504, "params": {"gamma": 9.897527324929388, "lr": 0.20390622523312185}, "datetime": {"datetime": "2024-06-13 17:15:17", "elapsed": 0.649075, "delta": 0.002991}}
{"target": -370.06027937443065, "params": {"gamma": 2.478081284721786, "lr": 0.26217308377291193}, "datetime": {"datetime": "2024-06-13 17:15:17", "elapsed": 0.653065, "delta": 0.00399}}
{"target": -1143.5922012993296, "params": {"gamma": 7.50197396056663, "lr": 0.4569753274356928}, "datetime": {"datetime": "2024-06-13 17:15:17", "elapsed": 0.656056, "delta": 0.002991}}
{"target": -158.75922728473867, "params": {"gamma": 0.5702374546725388, "lr": 0.5085162406102396}, "datetime": {"datetime": "2024-06-13 17:15:17", "elapsed": 0.660046, "delta": 0.00399}}
{"target": -533.3842482621025, "params": {"gamma": 2.120389686272116, "lr": 0.7986042447602102}, "datetime": {"datetime": "2024-06-13 17:15:17", "elapsed": 0.663038, "delta": 0.002992}}
{"target": -1065.6372436303675, "params": {"gamma": 2.9740164836912153, "lr": 0.02760601195450363}, "datetime": {"datetime": "2024-06-13 17:15:17", "elapsed": 0.667027, "delta": 0.003989}}
{"target": -1489.4702362223816, "params": {"gamma": 5.934731062196747, "lr": 0.8438404289311888}, "datetime": {"datetime": "2024-06-13 17:15:17", "elapsed": 0.67002, "delta": 0.002993}}
{"target": -852.382623158841, "params": {"gamma": 3.81078022449808, "lr": 0.7498583107261434}, "datetime": {"datetime": "2024-06-13 17:15:17", "elapsed": 0.674009, "delta": 0.003989}}
{"target": -898.8657929304308, "params": {"gamma": 5.111903641492986, "lr": 0.5409518049621886}, "datetime": {"datetime": "2024-06-13 17:15:17", "elapsed": 0.677, "delta": 0.002991}}
{"target": -2406.970733810181, "params": {"gamma": 9.594383776296462, "lr": 0.8039608914986468}, "datetime": {"datetime": "2024-06-13 17:15:17", "elapsed": 0.68099, "delta": 0.00399}}
{"target": -148.45399824961402, "params": {"gamma": 0.3241983431691163, "lr": 0.7093872512312951}, "datetime": {"datetime": "2024-06-13 17:15:17", "elapsed": 0.684979, "delta": 0.003989}}
{"target": -1286.4499665559294, "params": {"gamma": 4.650549814153498, "lr": 0.9475489413950998}, "datetime": {"datetime": "2024-06-13 17:15:17", "elapsed": 0.687971, "delta": 0.002992}}
{"target": -334.679145807456, "params": {"gamma": 2.2151059105005597, "lr": 0.2670720196843658}, "datetime": {"datetime": "2024-06-13 17:15:17", "elapsed": 0.690964, "delta": 0.002993}}
{"target": -172.12010755013475, "params": {"gamma": 0.8156581748077427, "lr": 0.42861882866378653}, "datetime": {"datetime": "2024-06-13 17:15:17", "elapsed": 0.694989, "delta": 0.004025}}
{"target": -255.29499279397498, "params": {"gamma": 1.091078621426664, "lr": 0.6337867606119179}, "datetime": {"datetime": "2024-06-13 17:15:17", "elapsed": 0.698487, "delta": 0.003498}}
{"target": -1741.1931058899904, "params": {"gamma": 8.029829410500005, "lr": 0.6968004961201785}, "datetime": {"datetime": "2024-06-13 17:15:17", "elapsed": 0.701479, "delta": 0.002992}}
{"target": -1042.3229842299047, "params": {"gamma": 7.66234759937663, "lr": 0.3424541198435198}, "datetime": {"datetime": "2024-06-13 17:15:17", "elapsed": 0.705468, "delta": 0.003989}}
{"target": -1260.0984831149835, "params": {"gamma": 8.45866897879375, "lr": 0.42876877499944255}, "datetime": {"datetime": "2024-06-13 17:15:17", "elapsed": 0.70846, "delta": 0.002992}}
{"target": -1699.72935031964, "params": {"gamma": 8.240274694252776, "lr": 0.6264961586242938}, "datetime": {"datetime": "2024-06-13 17:15:17", "elapsed": 0.71245, "delta": 0.00399}}
{"target": -523.9204984425963, "params": {"gamma": 1.435087063653779, "lr": 0.07838689985494796}, "datetime": {"datetime": "2024-06-13 17:15:17", "elapsed": 0.715441, "delta": 0.002991}}
{"target": -155.28807746734574, "params": {"gamma": 0.1843080964871599, "lr": 0.06672499763935646}, "datetime": {"datetime": "2024-06-13 17:15:17", "elapsed": 0.719431, "delta": 0.00399}}
{"target": -1189.984837420373, "params": {"gamma": 4.586379553270611, "lr": 0.11334192276759048}, "datetime": {"datetime": "2024-06-13 17:15:17", "elapsed": 0.722423, "delta": 0.002992}}
{"target": -150.07221281936148, "params": {"gamma": 0.27880570513785086, "lr": 0.7548614813904674}, "datetime": {"datetime": "2024-06-13 17:15:17", "elapsed": 0.726483, "delta": 0.00406}}
{"target": -882.5580305135329, "params": {"gamma": 3.949109954125934, "lr": 0.7469384956075251}, "datetime": {"datetime": "2024-06-13 17:15:17", "elapsed": 0.729982, "delta": 0.003499}}
{"target": -694.3354487342735, "params": {"gamma": 4.52459586263777, "lr": 0.4500867470007611}, "datetime": {"datetime": "2024-06-13 17:15:17", "elapsed": 0.732974, "delta": 0.002992}}
{"target": -736.4632419294309, "params": {"gamma": 4.7812469946715925, "lr": 0.47400392656219403}, "datetime": {"datetime": "2024-06-13 17:15:17", "elapsed": 0.736963, "delta": 0.003989}}
{"target": -1170.175751307445, "params": {"gamma": 8.031830257799582, "lr": 0.40239251985773583}, "datetime": {"datetime": "2024-06-13 17:15:17", "elapsed": 0.739955, "delta": 0.002992}}
{"target": -3229.401615162314, "params": {"gamma": 9.046956917275887, "lr": 0.037061047954035864}, "datetime": {"datetime": "2024-06-13 17:15:17", "elapsed": 0.743945, "delta": 0.00399}}
{"target": -1932.16357526609, "params": {"gamma": 7.738969552861467, "lr": 0.12564138113773882}, "datetime": {"datetime": "2024-06-13 17:15:17", "elapsed": 0.746937, "delta": 0.002992}}
{"target": -2209.341230480116, "params": {"gamma": 6.185517155553943, "lr": 0.010364261335231939}, "datetime": {"datetime": "2024-06-13 17:15:17", "elapsed": 0.750926, "delta": 0.003989}}
{"target": -1924.6312210154251, "params": {"gamma": 5.386734198480894, "lr": 0.0030179566195963625}, "datetime": {"datetime": "2024-06-13 17:15:17", "elapsed": 0.753919, "delta": 0.002993}}
{"target": -2571.2198944523916, "params": {"gamma": 9.511986661116556, "lr": 0.905402033702778}, "datetime": {"datetime": "2024-06-13 17:15:17", "elapsed": 0.75691, "delta": 0.002991}}
{"target": -2176.914196249197, "params": {"gamma": 7.959873452480752, "lr": 0.9152743199147875}, "datetime": {"datetime": "2024-06-13 17:15:17", "elapsed": 0.7609, "delta": 0.00399}}
{"target": -335.3264327113206, "params": {"gamma": 1.4564367533528122, "lr": 0.15773006987053328}, "datetime": {"datetime": "2024-06-13 17:15:17", "elapsed": 0.764397, "delta": 0.003497}}
{"target": -387.57294418920077, "params": {"gamma": 1.8771290973514374, "lr": 0.6224959022999211}, "datetime": {"datetime": "2024-06-13 17:15:17", "elapsed": 0.767388, "delta": 0.002991}}
{"target": -2493.751482927009, "params": {"gamma": 9.05818915058701, "lr": 0.9899551783590737}, "datetime": {"datetime": "2024-06-13 17:15:17", "elapsed": 0.771378, "delta": 0.00399}}
{"target": -1574.1918376438643, "params": {"gamma": 7.111513465199394, "lr": 0.7318004091422953}, "datetime": {"datetime": "2024-06-13 17:15:17", "elapsed": 0.775367, "delta": 0.003989}}
{"target": -1321.8675951842688, "params": {"gamma": 9.093022752238, "lr": 0.4008737323711209}, "datetime": {"datetime": "2024-06-13 17:15:17", "elapsed": 0.778359, "delta": 0.002992}}
{"target": -501.44622729637666, "params": {"gamma": 2.4992569515701426, "lr": 0.17343017078712286}, "datetime": {"datetime": "2024-06-13 17:15:17", "elapsed": 0.781351, "delta": 0.002992}}
{"target": -325.18597469811664, "params": {"gamma": 1.1954510462869563, "lr": 0.8126105880328287}, "datetime": {"datetime": "2024-06-13 17:15:17", "elapsed": 0.78534, "delta": 0.003989}}
{"target": -238.1051346452778, "params": {"gamma": 1.4687769417990144, "lr": 0.2642974827269007}, "datetime": {"datetime": "2024-06-13 17:15:17", "elapsed": 0.788332, "delta": 0.002992}}
{"target": -1097.3210053535915, "params": {"gamma": 8.191072697156674, "lr": 0.31058725179421}, "datetime": {"datetime": "2024-06-13 17:15:17", "elapsed": 0.792322, "delta": 0.00399}}
{"target": -1396.959164732526, "params": {"gamma": 9.824192075480136, "lr": 0.2666387021516352}, "datetime": {"datetime": "2024-06-13 17:15:17", "elapsed": 0.795314, "delta": 0.002992}}
