{"target": -306.35026658910186, "params": {"gamma": 6.250711640076693, "prior": 6.634028573401182, "rate": 7.340553331594224}, "datetime": {"datetime": "2024-06-14 05:06:56", "elapsed": 18.062815, "delta": 0.009974}}
{"target": -230.80037408636994, "params": {"gamma": 5.54904548691878, "prior": 1.162819548016187, "rate": 6.403837458691426}, "datetime": {"datetime": "2024-06-14 05:06:56", "elapsed": 18.072788, "delta": 0.009973}}
{"target": -264.7910147974276, "params": {"gamma": 6.705637999047665, "prior": 2.5760592163646616, "rate": 9.48280432589309}, "datetime": {"datetime": "2024-06-14 05:06:56", "elapsed": 18.083761, "delta": 0.010973}}
{"target": -254.11623568870277, "params": {"gamma": 4.527038501594155, "prior": 8.680484824940818, "rate": 6.5311578451151915}, "datetime": {"datetime": "2024-06-14 05:06:56", "elapsed": 18.093734, "delta": 0.009973}}
{"target": -298.7809505804699, "params": {"gamma": 6.165734558182161, "prior": 5.53906870999164, "rate": 6.4760270347112066}, "datetime": {"datetime": "2024-06-14 05:06:56", "elapsed": 18.103355, "delta": 0.009621}}
{"target": -428.6689725122257, "params": {"gamma": 8.443508165581074, "prior": 7.79110035202588, "rate": 6.726602036977152}, "datetime": {"datetime": "2024-06-14 05:06:56", "elapsed": 18.114327, "delta": 0.010972}}
{"target": -123.53040502645626, "params": {"gamma": 0.31942149138614195, "prior": 0.18607824607212345, "rate": 3.5860179122930487}, "datetime": {"datetime": "2024-06-14 05:06:56", "elapsed": 18.124328, "delta": 0.010001}}
{"target": -151.428252257331, "params": {"gamma": 0.30730757815686666, "prior": 5.226689787064359, "rate": 0.036535454134401193}, "datetime": {"datetime": "2024-06-14 05:06:56", "elapsed": 18.134272, "delta": 0.009944}}
{"target": -213.5637972961261, "params": {"gamma": 4.80782326402619, "prior": 3.8383252631823646, "rate": 9.57468291548391}, "datetime": {"datetime": "2024-06-14 05:06:56", "elapsed": 18.144245, "delta": 0.009973}}
{"target": -117.77166861128612, "params": {"gamma": 0.5594796463757505, "prior": 0.7453906352106907, "rate": 8.492816205896958}, "datetime": {"datetime": "2024-06-14 05:06:56", "elapsed": 18.154219, "delta": 0.009974}}
{"target": -555.2329579960473, "params": {"gamma": 7.95278352446082, "prior": 9.364876906499536, "rate": 0.7832882493134576}, "datetime": {"datetime": "2024-06-14 05:06:56", "elapsed": 18.164192, "delta": 0.009973}}
{"target": -347.1512750867944, "params": {"gamma": 6.201377645038051, "prior": 5.192608250406824, "rate": 3.2164188746044267}, "datetime": {"datetime": "2024-06-14 05:06:56", "elapsed": 18.174165, "delta": 0.009973}}
{"target": -443.77722290512264, "params": {"gamma": 6.108503694482293, "prior": 9.188970106003065, "rate": 0.6265924993176286}, "datetime": {"datetime": "2024-06-14 05:06:56", "elapsed": 18.184142, "delta": 0.009977}}
{"target": -304.05228120556575, "params": {"gamma": 6.597601675698143, "prior": 2.9231979136433965, "rate": 4.05507146708443}, "datetime": {"datetime": "2024-06-14 05:06:56", "elapsed": 18.195112, "delta": 0.01097}}
{"target": -326.2716567443188, "params": {"gamma": 8.497095650065528, "prior": 1.3051221032419362, "rate": 8.429867764940202}, "datetime": {"datetime": "2024-06-14 05:06:56", "elapsed": 18.205086, "delta": 0.009974}}
{"target": -223.04462253576037, "params": {"gamma": 4.043023200888809, "prior": 9.840486039447793, "rate": 9.180238599391384}, "datetime": {"datetime": "2024-06-14 05:06:56", "elapsed": 18.215059, "delta": 0.009973}}
{"target": -235.7000648092303, "params": {"gamma": 4.077336153001339, "prior": 3.0494110501065124, "rate": 2.210242885260159}, "datetime": {"datetime": "2024-06-14 05:06:56", "elapsed": 18.225033, "delta": 0.009974}}
{"target": -154.11271571387917, "params": {"gamma": 2.178141660255354, "prior": 7.710506836041361, "rate": 7.554669376147851}, "datetime": {"datetime": "2024-06-14 05:06:56", "elapsed": 18.235006, "delta": 0.009973}}
{"target": -380.6395970474106, "params": {"gamma": 9.782554060479685, "prior": 0.9247667416835517, "rate": 2.20261362016969}, "datetime": {"datetime": "2024-06-14 05:06:56", "elapsed": 18.244979, "delta": 0.009973}}
{"target": -476.4568253941211, "params": {"gamma": 9.837125648386799, "prior": 5.509106350626703, "rate": 5.537150485250019}, "datetime": {"datetime": "2024-06-14 05:06:56", "elapsed": 18.254952, "delta": 0.009973}}
{"target": -211.10959590250542, "params": {"gamma": 3.4883611819824956, "prior": 7.06748571585924, "rate": 4.998138049601288}, "datetime": {"datetime": "2024-06-14 05:06:56", "elapsed": 18.264926, "delta": 0.009974}}
{"target": -364.95691171473163, "params": {"gamma": 4.695463118034527, "prior": 5.542751161345011, "rate": 0.25277683452447997}, "datetime": {"datetime": "2024-06-14 05:06:56", "elapsed": 18.274899, "delta": 0.009973}}
{"target": -223.94681493777742, "params": {"gamma": 5.313075133078175, "prior": 1.4163491522539797, "rate": 4.589832013123402}, "datetime": {"datetime": "2024-06-14 05:06:56", "elapsed": 18.285378, "delta": 0.010479}}
{"target": -138.2770840895691, "params": {"gamma": 0.8236297527845414, "prior": 8.900720326296751, "rate": 3.7848776219177442}, "datetime": {"datetime": "2024-06-14 05:06:56", "elapsed": 18.295351, "delta": 0.009973}}
{"target": -299.30812538443513, "params": {"gamma": 4.304116749507192, "prior": 7.4464056980919, "rate": 1.5585894193146912}, "datetime": {"datetime": "2024-06-14 05:06:56", "elapsed": 18.305326, "delta": 0.009975}}
{"target": -314.7972792246602, "params": {"gamma": 5.750661895522346, "prior": 5.159372732252272, "rate": 3.6836674731700536}, "datetime": {"datetime": "2024-06-14 05:06:56", "elapsed": 18.316296, "delta": 0.01097}}
{"target": -383.7980357643774, "params": {"gamma": 6.833671828543643, "prior": 7.965413407633205, "rate": 4.677377247445764}, "datetime": {"datetime": "2024-06-14 05:06:56", "elapsed": 18.326269, "delta": 0.009973}}
{"target": -365.9530662901461, "params": {"gamma": 6.273883706867163, "prior": 9.134137256508124, "rate": 4.570261651531608}, "datetime": {"datetime": "2024-06-14 05:06:56", "elapsed": 18.337239, "delta": 0.01097}}
{"target": -137.48030430643442, "params": {"gamma": 1.3510644515976318, "prior": 5.4780076342581925, "rate": 4.300850527874765}, "datetime": {"datetime": "2024-06-14 05:06:56", "elapsed": 18.347214, "delta": 0.009975}}
{"target": -499.80031748944884, "params": {"gamma": 7.6833624868607115, "prior": 7.996978647259612, "rate": 1.719287872743418}, "datetime": {"datetime": "2024-06-14 05:06:56", "elapsed": 18.358183, "delta": 0.010969}}
{"target": -195.769765480679, "params": {"gamma": 4.379951424269699, "prior": 2.741527848856144, "rate": 9.54693755681465}, "datetime": {"datetime": "2024-06-14 05:06:56", "elapsed": 18.368157, "delta": 0.009974}}
{"target": -457.92513772917215, "params": {"gamma": 9.368784466603346, "prior": 4.400052644616815, "rate": 4.310675867474359}, "datetime": {"datetime": "2024-06-14 05:06:56", "elapsed": 18.37813, "delta": 0.009973}}
{"target": -441.996390736479, "params": {"gamma": 7.465025027815888, "prior": 6.000161900798046, "rate": 2.5914507949566294}, "datetime": {"datetime": "2024-06-14 05:06:56", "elapsed": 18.388103, "delta": 0.009973}}
{"target": -267.1718084042643, "params": {"gamma": 4.832217482249796, "prior": 8.912072929132934, "rate": 6.815859364103486}, "datetime": {"datetime": "2024-06-14 05:06:56", "elapsed": 18.399074, "delta": 0.010971}}
{"target": -357.8922218806986, "params": {"gamma": 5.631702156360547, "prior": 8.779863851817137, "rate": 2.763487550262558}, "datetime": {"datetime": "2024-06-14 05:06:56", "elapsed": 18.409047, "delta": 0.009973}}
{"target": -366.1867884450383, "params": {"gamma": 9.968477906522146, "prior": 2.07841434989855, "rate": 8.398095485642296}, "datetime": {"datetime": "2024-06-14 05:06:56", "elapsed": 18.419344, "delta": 0.010297}}
{"target": -402.36868214667686, "params": {"gamma": 7.423677265955892, "prior": 8.654133782311007, "rate": 5.849590827242212}, "datetime": {"datetime": "2024-06-14 05:06:56", "elapsed": 18.429317, "delta": 0.009973}}
{"target": -147.55407587416263, "params": {"gamma": 2.324580257505538, "prior": 4.8868473200156455, "rate": 8.623889760611993}, "datetime": {"datetime": "2024-06-14 05:06:56", "elapsed": 18.43929, "delta": 0.009973}}
{"target": -305.76318448872235, "params": {"gamma": 7.9782472422770105, "prior": 1.8177543148375053, "rate": 9.922107078907667}, "datetime": {"datetime": "2024-06-14 05:06:56", "elapsed": 18.449264, "delta": 0.009974}}
{"target": -129.71929789955618, "params": {"gamma": 0.30509199963247896, "prior": 3.987219786468616, "rate": 7.544258751962611}, "datetime": {"datetime": "2024-06-14 05:06:56", "elapsed": 18.459237, "delta": 0.009973}}
{"target": -364.6603479785138, "params": {"gamma": 9.737423089296351, "prior": 1.5070537571269909, "rate": 9.240481445983646}, "datetime": {"datetime": "2024-06-14 05:06:56", "elapsed": 18.46921, "delta": 0.009973}}
{"target": -159.52850876426143, "params": {"gamma": 2.1910205215764544, "prior": 5.571121613460873, "rate": 4.328641890073879}, "datetime": {"datetime": "2024-06-14 05:06:56", "elapsed": 18.479184, "delta": 0.009974}}
{"target": -370.1693606249562, "params": {"gamma": 8.080742990009732, "prior": 1.471838851029407, "rate": 1.909508341737192}, "datetime": {"datetime": "2024-06-14 05:06:56", "elapsed": 18.490154, "delta": 0.01097}}
{"target": -233.0459444476044, "params": {"gamma": 5.6755575331194175, "prior": 2.178521665483254, "rate": 8.800046492896152}, "datetime": {"datetime": "2024-06-14 05:06:56", "elapsed": 18.500128, "delta": 0.009974}}
{"target": -305.4692436334031, "params": {"gamma": 5.783951692141619, "prior": 9.126375539251068, "rate": 7.643651482024123}, "datetime": {"datetime": "2024-06-14 05:06:56", "elapsed": 18.510101, "delta": 0.009973}}
{"target": -352.98253812043777, "params": {"gamma": 4.749956447996781, "prior": 6.954842154506416, "rate": 0.5989622103785784}, "datetime": {"datetime": "2024-06-14 05:06:56", "elapsed": 18.520074, "delta": 0.009973}}
{"target": -439.1550320501607, "params": {"gamma": 6.3129540540322955, "prior": 9.842067917397047, "rate": 1.1947254178184115}, "datetime": {"datetime": "2024-06-14 05:06:56", "elapsed": 18.530049, "delta": 0.009975}}
{"target": -222.1907660377573, "params": {"gamma": 4.516215172846799, "prior": 0.2834860525337505, "rate": 6.881590456377558}, "datetime": {"datetime": "2024-06-14 05:06:56", "elapsed": 18.540021, "delta": 0.009972}}
{"target": -138.96024220805427, "params": {"gamma": 0.19520689181535128, "prior": 4.607194980262459, "rate": 2.192284951246659}, "datetime": {"datetime": "2024-06-14 05:06:56", "elapsed": 18.550992, "delta": 0.010971}}
{"target": -393.21739464159833, "params": {"gamma": 8.072347745473287, "prior": 6.491810326909217, "rate": 6.663022020111727}, "datetime": {"datetime": "2024-06-14 05:06:56", "elapsed": 18.560965, "delta": 0.009973}}
{"target": -229.92103600932458, "params": {"gamma": 5.49936117147423, "prior": 2.5794193904395852, "rate": 8.157094551477481}, "datetime": {"datetime": "2024-06-14 05:06:56", "elapsed": 18.571936, "delta": 0.010971}}
{"target": -398.4496081463174, "params": {"gamma": 8.801319434535824, "prior": 4.439339280064714, "rate": 5.863711820741532}, "datetime": {"datetime": "2024-06-14 05:06:56", "elapsed": 18.581909, "delta": 0.009973}}
{"target": -329.46651483018377, "params": {"gamma": 6.243379942629359, "prior": 7.303295041403323, "rate": 5.909446588136741}, "datetime": {"datetime": "2024-06-14 05:06:56", "elapsed": 18.591882, "delta": 0.009973}}
{"target": -435.4222255956867, "params": {"gamma": 8.066169168171944, "prior": 8.258471981731269, "rate": 5.56594710415588}, "datetime": {"datetime": "2024-06-14 05:06:56", "elapsed": 18.601856, "delta": 0.009974}}
{"target": -361.7522086185723, "params": {"gamma": 8.829655088096155, "prior": 2.109092556269915, "rate": 4.136740721638024}, "datetime": {"datetime": "2024-06-14 05:06:56", "elapsed": 18.612827, "delta": 0.010971}}
{"target": -256.41628085674336, "params": {"gamma": 6.301468383632087, "prior": 1.1154697020039852, "rate": 7.186717564230962}, "datetime": {"datetime": "2024-06-14 05:06:56", "elapsed": 18.6228, "delta": 0.009973}}
{"target": -242.70509246893545, "params": {"gamma": 4.797353694402805, "prior": 3.852038987367971, "rate": 4.519015226631978}, "datetime": {"datetime": "2024-06-14 05:06:56", "elapsed": 18.632773, "delta": 0.009973}}
{"target": -175.6440977317334, "params": {"gamma": 3.6764939669400882, "prior": 2.471426634522078, "rate": 9.158808384961374}, "datetime": {"datetime": "2024-06-14 05:06:57", "elapsed": 18.643744, "delta": 0.010971}}
{"target": -459.90728057089, "params": {"gamma": 7.993823586812164, "prior": 3.406006211735859, "rate": 1.691347664222673}, "datetime": {"datetime": "2024-06-14 05:06:57", "elapsed": 18.653256, "delta": 0.009512}}
{"target": -132.77586930912392, "params": {"gamma": 1.1671456351759943, "prior": 7.973795195960528, "rate": 7.020580256606766}, "datetime": {"datetime": "2024-06-14 05:06:57", "elapsed": 18.66323, "delta": 0.009974}}
{"target": -116.6982696665462, "params": {"gamma": 0.7532513187567459, "prior": 1.2542804976959159, "rate": 9.138126532938669}, "datetime": {"datetime": "2024-06-14 05:06:57", "elapsed": 18.674226, "delta": 0.010996}}
{"target": -530.9360383594243, "params": {"gamma": 8.697844167744172, "prior": 2.990329199931283, "rate": 1.0208976946159853}, "datetime": {"datetime": "2024-06-14 05:06:57", "elapsed": 18.684173, "delta": 0.009947}}
{"target": -348.0932653391958, "params": {"gamma": 8.089104924003614, "prior": 0.35911927558226864, "rate": 6.363840611525337}, "datetime": {"datetime": "2024-06-14 05:06:57", "elapsed": 18.694146, "delta": 0.009973}}
{"target": -165.03565013765456, "params": {"gamma": 1.6017100608988064, "prior": 6.947081844135219, "rate": 1.6810289418629691}, "datetime": {"datetime": "2024-06-14 05:06:57", "elapsed": 18.70412, "delta": 0.009974}}
{"target": -176.48729749436072, "params": {"gamma": 3.491138224246637, "prior": 1.3086604715542876, "rate": 2.8715832231230745}, "datetime": {"datetime": "2024-06-14 05:06:57", "elapsed": 18.714093, "delta": 0.009973}}
{"target": -128.8400729721322, "params": {"gamma": 1.2918445291131877, "prior": 4.687523094792548, "rate": 6.494427895595687}, "datetime": {"datetime": "2024-06-14 05:06:57", "elapsed": 18.724067, "delta": 0.009974}}
{"target": -226.0585382021859, "params": {"gamma": 3.945711176055152, "prior": 9.534289164446331, "rate": 7.5488990420267905}, "datetime": {"datetime": "2024-06-14 05:06:57", "elapsed": 18.735037, "delta": 0.01097}}
{"target": -314.65706098296306, "params": {"gamma": 5.444208932057693, "prior": 5.67887663019228, "rate": 3.2067189291281246}, "datetime": {"datetime": "2024-06-14 05:06:57", "elapsed": 18.745011, "delta": 0.009974}}
{"target": -428.1962154172899, "params": {"gamma": 5.1256851497310105, "prior": 7.602335802195582, "rate": 0.019094445132394236}, "datetime": {"datetime": "2024-06-14 05:06:57", "elapsed": 18.754984, "delta": 0.009973}}
{"target": -254.81207357055797, "params": {"gamma": 4.806438381858799, "prior": 9.051149756240171, "rate": 8.49515263986085}, "datetime": {"datetime": "2024-06-14 05:06:57", "elapsed": 18.764957, "delta": 0.009973}}
{"target": -159.73069674426773, "params": {"gamma": 2.210733350081861, "prior": 7.388740776568681, "rate": 5.849151492900638}, "datetime": {"datetime": "2024-06-14 05:06:57", "elapsed": 18.774965, "delta": 0.010008}}
{"target": -273.51994409767764, "params": {"gamma": 5.255835607120612, "prior": 6.648300677217822, "rate": 6.321044057567672}, "datetime": {"datetime": "2024-06-14 05:06:57", "elapsed": 18.784904, "delta": 0.009939}}
{"target": -136.1819782481631, "params": {"gamma": 0.7151025607260231, "prior": 4.226738133427656, "rate": 1.9937729109275177}, "datetime": {"datetime": "2024-06-14 05:06:57", "elapsed": 18.794877, "delta": 0.009973}}
{"target": -311.6016720879166, "params": {"gamma": 7.006133824526521, "prior": 2.8057722884778102, "rate": 4.36475792464087}, "datetime": {"datetime": "2024-06-14 05:06:57", "elapsed": 18.80485, "delta": 0.009973}}
{"target": -393.71357753959296, "params": {"gamma": 8.216434846465544, "prior": 7.852323575275002, "rate": 8.541747338132712}, "datetime": {"datetime": "2024-06-14 05:06:57", "elapsed": 18.815821, "delta": 0.010971}}
{"target": -376.9927967890771, "params": {"gamma": 4.791059397936408, "prior": 9.272297925997325, "rate": 0.31651532588659786}, "datetime": {"datetime": "2024-06-14 05:06:57", "elapsed": 18.825795, "delta": 0.009974}}
{"target": -369.6095543666252, "params": {"gamma": 9.382894180194201, "prior": 3.551425046560445, "rate": 8.128417943848676}, "datetime": {"datetime": "2024-06-14 05:06:57", "elapsed": 18.835768, "delta": 0.009973}}
{"target": -490.8052601967601, "params": {"gamma": 9.483262648120892, "prior": 8.928959309652628, "rate": 6.980493154617331}, "datetime": {"datetime": "2024-06-14 05:06:57", "elapsed": 18.845741, "delta": 0.009973}}
{"target": -392.3506701830205, "params": {"gamma": 6.702161211463432, "prior": 9.738421930452827, "rate": 4.651622241751715}, "datetime": {"datetime": "2024-06-14 05:06:57", "elapsed": 18.856712, "delta": 0.010971}}
{"target": -118.20846818079752, "params": {"gamma": 1.041066599814464, "prior": 0.3390594280462933, "rate": 8.813120742542266}, "datetime": {"datetime": "2024-06-14 05:06:57", "elapsed": 18.866686, "delta": 0.009974}}
{"target": -136.6360902650371, "params": {"gamma": 0.2628840047433559, "prior": 9.513197094050101, "rate": 5.699606506289468}, "datetime": {"datetime": "2024-06-14 05:06:57", "elapsed": 18.876659, "delta": 0.009973}}
{"target": -143.43558551416436, "params": {"gamma": 0.0010000025335660581, "prior": 10.0, "rate": 9.99999999516056}, "datetime": {"datetime": "2024-06-14 05:07:29", "elapsed": 50.854384, "delta": 31.977725}}
{"target": -116.21467127210498, "params": {"gamma": 0.8261411067664496, "prior": 0.42093084215577115, "rate": 9.951519578371041}, "datetime": {"datetime": "2024-06-14 05:07:53", "elapsed": 75.287297, "delta": 24.432913}}
{"target": -116.47595909554559, "params": {"gamma": 0.6183676838181322, "prior": 0.14158028787412116, "rate": 6.852554796018052}, "datetime": {"datetime": "2024-06-14 05:08:39", "elapsed": 121.516551, "delta": 46.229254}}
{"target": -139.59094712052385, "params": {"gamma": 0.04416983260444665, "prior": 0.1, "rate": 10.0}, "datetime": {"datetime": "2024-06-14 05:09:07", "elapsed": 149.106433, "delta": 27.589882}}
{"target": -117.44109397089156, "params": {"gamma": 1.0132540770627771, "prior": 0.6396498111615939, "rate": 9.595459809518994}, "datetime": {"datetime": "2024-06-14 05:09:53", "elapsed": 195.153429, "delta": 46.046996}}
{"target": -116.36043499698822, "params": {"gamma": 0.8524776319803822, "prior": 0.1008249889197522, "rate": 2.513806734427725}, "datetime": {"datetime": "2024-06-14 05:10:24", "elapsed": 226.48619, "delta": 31.332761}}
{"target": -116.51347988955776, "params": {"gamma": 0.8447530202294579, "prior": 1.2706855251674527, "rate": 9.971310401347752}, "datetime": {"datetime": "2024-06-14 05:10:53", "elapsed": 255.257374, "delta": 28.771184}}
{"target": -116.16107746412547, "params": {"gamma": 0.6798991456294813, "prior": 0.23808729645697854, "rate": 7.309201755256322}, "datetime": {"datetime": "2024-06-14 05:11:19", "elapsed": 280.640418, "delta": 25.383044}}
{"target": -116.85267545512338, "params": {"gamma": 0.9550974793526632, "prior": 0.12585307964045003, "rate": 1.6771109205213812}, "datetime": {"datetime": "2024-06-14 05:11:46", "elapsed": 307.847503, "delta": 27.207085}}
{"target": -116.35638644807312, "params": {"gamma": 0.8557116324158699, "prior": 0.17711751142718474, "rate": 4.118570601450691}, "datetime": {"datetime": "2024-06-14 05:12:18", "elapsed": 339.924963, "delta": 32.07746}}
{"target": -116.51846923816895, "params": {"gamma": 0.6788439174862995, "prior": 0.6024352656229015, "rate": 6.848172034405343}, "datetime": {"datetime": "2024-06-14 05:12:36", "elapsed": 358.022572, "delta": 18.097609}}
{"target": -116.46332716314411, "params": {"gamma": 0.794558354099166, "prior": 0.6271432870803401, "rate": 5.071837885452029}, "datetime": {"datetime": "2024-06-14 05:13:01", "elapsed": 383.476088, "delta": 25.453516}}
{"target": -116.15696661602537, "params": {"gamma": 0.7183294120234132, "prior": 0.10844732111462368, "rate": 9.173385829776766}, "datetime": {"datetime": "2024-06-14 05:13:19", "elapsed": 401.625379, "delta": 18.149291}}
{"target": -116.13373212004444, "params": {"gamma": 0.6944717999516156, "prior": 0.15896672425233843, "rate": 8.506168655602215}, "datetime": {"datetime": "2024-06-14 05:13:49", "elapsed": 431.62521, "delta": 29.999831}}
{"target": -117.19158054112637, "params": {"gamma": 0.915179055537865, "prior": 0.7388328916926055, "rate": 4.146687446214645}, "datetime": {"datetime": "2024-06-14 05:14:15", "elapsed": 456.882557, "delta": 25.257347}}
{"target": -117.56570911606184, "params": {"gamma": 0.9499813318962038, "prior": 0.12208466818860764, "rate": 6.668772408916911}, "datetime": {"datetime": "2024-06-14 05:14:33", "elapsed": 475.004475, "delta": 18.121918}}
{"target": -118.80077120285162, "params": {"gamma": 1.036155466651229, "prior": 0.15626896572982385, "rate": 9.944051404432528}, "datetime": {"datetime": "2024-06-14 05:15:11", "elapsed": 512.71814, "delta": 37.713665}}
{"target": -116.0772098326627, "params": {"gamma": 0.7833942159821691, "prior": 0.3807077880985398, "rate": 5.984920521964422}, "datetime": {"datetime": "2024-06-14 05:15:37", "elapsed": 539.536902, "delta": 26.818762}}
{"target": -117.3604941758762, "params": {"gamma": 0.9637234558098517, "prior": 1.6514347431095202, "rate": 9.422924175678952}, "datetime": {"datetime": "2024-06-14 05:16:10", "elapsed": 571.749203, "delta": 32.212301}}
{"target": -117.06684209273189, "params": {"gamma": 0.7567684665323239, "prior": 1.2588890367932393, "rate": 7.520519593108761}, "datetime": {"datetime": "2024-06-14 05:16:58", "elapsed": 620.195519, "delta": 48.446316}}
