{"target": -915.1922747796883, "params": {"gamma": 8.339212870314833, "lr": 0.6982817992918626}, "datetime": {"datetime": "2024-06-13 19:54:36", "elapsed": 4.297924, "delta": 0.00399}}
{"target": -186.84566319884013, "params": {"gamma": 1.466940409067313, "lr": 0.6124611286280749}, "datetime": {"datetime": "2024-06-13 19:54:36", "elapsed": 4.301912, "delta": 0.003988}}
{"target": -405.6498365963904, "params": {"gamma": 2.793924035827702, "lr": 0.9158787230673001}, "datetime": {"datetime": "2024-06-13 19:54:36", "elapsed": 4.305902, "delta": 0.00399}}
{"target": -209.95795949306563, "params": {"gamma": 1.9831246698113274, "lr": 0.28571649537130284}, "datetime": {"datetime": "2024-06-13 19:54:36", "elapsed": 4.30944, "delta": 0.003538}}
{"target": -126.38053884853261, "params": {"gamma": 0.47749939499181976, "lr": 0.44757914405063814}, "datetime": {"datetime": "2024-06-13 19:54:36", "elapsed": 4.31343, "delta": 0.00399}}
{"target": -533.3781303738102, "params": {"gamma": 5.576320563895948, "lr": 0.5735610825770953}, "datetime": {"datetime": "2024-06-13 19:54:36", "elapsed": 4.317419, "delta": 0.003989}}
{"target": -829.7368452768408, "params": {"gamma": 9.053868422216771, "lr": 0.34741393280060506}, "datetime": {"datetime": "2024-06-13 19:54:36", "elapsed": 4.321408, "delta": 0.003989}}
{"target": -590.9854954658666, "params": {"gamma": 4.475836267532962, "lr": 0.8512376625014975}, "datetime": {"datetime": "2024-06-13 19:54:36", "elapsed": 4.325397, "delta": 0.003989}}
{"target": -563.5064809078627, "params": {"gamma": 5.768716203017017, "lr": 0.6539929348777337}, "datetime": {"datetime": "2024-06-13 19:54:36", "elapsed": 4.329386, "delta": 0.003989}}
{"target": -285.5395575829271, "params": {"gamma": 2.784314944612766, "lr": 0.48747130162584906}, "datetime": {"datetime": "2024-06-13 19:54:36", "elapsed": 4.333376, "delta": 0.00399}}
{"target": -747.8385066722452, "params": {"gamma": 6.209902923417142, "lr": 0.13339403014523998}, "datetime": {"datetime": "2024-06-13 19:54:36", "elapsed": 4.337366, "delta": 0.00399}}
{"target": -119.00634743282023, "params": {"gamma": 0.3300542572087522, "lr": 0.11341100113082614}, "datetime": {"datetime": "2024-06-13 19:54:36", "elapsed": 4.341355, "delta": 0.003989}}
{"target": -953.9559655052676, "params": {"gamma": 4.775133302320191, "lr": 0.02402673463080851}, "datetime": {"datetime": "2024-06-13 19:54:36", "elapsed": 4.345344, "delta": 0.003989}}
{"target": -1138.728829624184, "params": {"gamma": 6.26246308244308, "lr": 0.09758261797608447}, "datetime": {"datetime": "2024-06-13 19:54:36", "elapsed": 4.349334, "delta": 0.00399}}
{"target": -263.76104726998904, "params": {"gamma": 2.5103644156247413, "lr": 0.42649294585621844}, "datetime": {"datetime": "2024-06-13 19:54:36", "elapsed": 4.353323, "delta": 0.003989}}
{"target": -154.38847140416055, "params": {"gamma": 1.159151640315784, "lr": 0.2705519937974664}, "datetime": {"datetime": "2024-06-13 19:54:36", "elapsed": 4.357312, "delta": 0.003989}}
{"target": -137.05873016977839, "params": {"gamma": 0.21177564868227716, "lr": 0.9850455536104694}, "datetime": {"datetime": "2024-06-13 19:54:36", "elapsed": 4.361301, "delta": 0.003989}}
{"target": -585.2856186130857, "params": {"gamma": 6.116124507605985, "lr": 0.3783538388352491}, "datetime": {"datetime": "2024-06-13 19:54:36", "elapsed": 4.365291, "delta": 0.00399}}
{"target": -127.05606682310473, "params": {"gamma": 0.2662569827533811, "lr": 0.3898387483749842}, "datetime": {"datetime": "2024-06-13 19:54:36", "elapsed": 4.36928, "delta": 0.003989}}
{"target": -633.9520444874973, "params": {"gamma": 4.526133705237957, "lr": 0.9310031937645028}, "datetime": {"datetime": "2024-06-13 19:54:36", "elapsed": 4.373269, "delta": 0.003989}}
{"target": -294.8824859842028, "params": {"gamma": 2.7857632142087283, "lr": 0.6147818910832991}, "datetime": {"datetime": "2024-06-13 19:54:36", "elapsed": 4.377259, "delta": 0.00399}}
{"target": -791.3786198097336, "params": {"gamma": 6.6520183774673525, "lr": 0.18596096979633892}, "datetime": {"datetime": "2024-06-13 19:54:36", "elapsed": 4.381248, "delta": 0.003989}}
{"target": -651.3308006932145, "params": {"gamma": 5.058127726515332, "lr": 0.7865007628599349}, "datetime": {"datetime": "2024-06-13 19:54:36", "elapsed": 4.385238, "delta": 0.00399}}
{"target": -153.82831709340715, "params": {"gamma": 0.966693765249707, "lr": 0.6060352981689622}, "datetime": {"datetime": "2024-06-13 19:54:36", "elapsed": 4.389227, "delta": 0.003989}}
{"target": -123.42025026972742, "params": {"gamma": 0.261573266951244, "lr": 0.00704672381007565}, "datetime": {"datetime": "2024-06-13 19:54:36", "elapsed": 4.393216, "delta": 0.003989}}
{"target": -128.19129562150226, "params": {"gamma": 0.5962265427935735, "lr": 0.4814004591490364}, "datetime": {"datetime": "2024-06-13 19:54:36", "elapsed": 4.398203, "delta": 0.004987}}
{"target": -899.5518305406503, "params": {"gamma": 9.257115382793618, "lr": 0.4055573841390242}, "datetime": {"datetime": "2024-06-13 19:54:36", "elapsed": 4.402192, "delta": 0.003989}}
{"target": -158.95017477873, "params": {"gamma": 0.7512513607260716, "lr": 0.8613524744830288}, "datetime": {"datetime": "2024-06-13 19:54:36", "elapsed": 4.406181, "delta": 0.003989}}
{"target": -476.34169281161303, "params": {"gamma": 5.193456557118933, "lr": 0.3189358689174241}, "datetime": {"datetime": "2024-06-13 19:54:36", "elapsed": 4.409716, "delta": 0.003535}}
{"target": -1316.844509769016, "params": {"gamma": 9.630360355507971, "lr": 0.9382617685023783}, "datetime": {"datetime": "2024-06-13 19:54:36", "elapsed": 4.413706, "delta": 0.00399}}
{"target": -283.5298824438979, "params": {"gamma": 2.6009297005949668, "lr": 0.20139185371372026}, "datetime": {"datetime": "2024-06-13 19:54:36", "elapsed": 4.417695, "delta": 0.003989}}
{"target": -768.219363823214, "params": {"gamma": 5.889498124357467, "lr": 0.8425182098415589}, "datetime": {"datetime": "2024-06-13 19:54:36", "elapsed": 4.421684, "delta": 0.003989}}
{"target": -338.95314348128454, "params": {"gamma": 3.3678741763608038, "lr": 0.5864294214642616}, "datetime": {"datetime": "2024-06-13 19:54:36", "elapsed": 4.425673, "delta": 0.003989}}
{"target": -222.06957780200034, "params": {"gamma": 1.623287749788599, "lr": 0.19459373523814183}, "datetime": {"datetime": "2024-06-13 19:54:36", "elapsed": 4.429663, "delta": 0.00399}}
{"target": -911.2741074083683, "params": {"gamma": 7.613590824704965, "lr": 0.15009846135204996}, "datetime": {"datetime": "2024-06-13 19:54:36", "elapsed": 4.433652, "delta": 0.003989}}
{"target": -317.6365797049057, "params": {"gamma": 2.659804503437227, "lr": 0.6894948631776694}, "datetime": {"datetime": "2024-06-13 19:54:36", "elapsed": 4.437641, "delta": 0.003989}}
{"target": -125.99912335162183, "params": {"gamma": 0.15187798702215813, "lr": 0.03219440386857053}, "datetime": {"datetime": "2024-06-13 19:54:36", "elapsed": 4.441632, "delta": 0.003991}}
{"target": -280.6019339993155, "params": {"gamma": 2.8759718743002627, "lr": 0.3366231805122991}, "datetime": {"datetime": "2024-06-13 19:54:36", "elapsed": 4.446619, "delta": 0.004987}}
{"target": -476.5510423302237, "params": {"gamma": 3.622798839194582, "lr": 0.8071905755135196}, "datetime": {"datetime": "2024-06-13 19:54:36", "elapsed": 4.450606, "delta": 0.003987}}
{"target": -123.96925675319812, "params": {"gamma": 0.3607736956187603, "lr": 0.3583952446253251}, "datetime": {"datetime": "2024-06-13 19:54:36", "elapsed": 4.454596, "delta": 0.00399}}
{"target": -768.0011530035173, "params": {"gamma": 6.383143054534976, "lr": 0.14300410951832265}, "datetime": {"datetime": "2024-06-13 19:54:36", "elapsed": 4.459583, "delta": 0.004987}}
{"target": -820.2342332397276, "params": {"gamma": 8.577528406499894, "lr": 0.6455644082734328}, "datetime": {"datetime": "2024-06-13 19:54:36", "elapsed": 4.463572, "delta": 0.003989}}
{"target": -156.90946274305364, "params": {"gamma": 1.1538189613747907, "lr": 0.2080974099989472}, "datetime": {"datetime": "2024-06-13 19:54:36", "elapsed": 4.467561, "delta": 0.003989}}
{"target": -728.4277009863738, "params": {"gamma": 7.455237809150899, "lr": 0.40340662833417285}, "datetime": {"datetime": "2024-06-13 19:54:36", "elapsed": 4.47155, "delta": 0.003989}}
{"target": -627.9388480520015, "params": {"gamma": 4.84521613942412, "lr": 0.8874550780727275}, "datetime": {"datetime": "2024-06-13 19:54:36", "elapsed": 4.475541, "delta": 0.003991}}
{"target": -229.52141253320227, "params": {"gamma": 1.3752980526926846, "lr": 0.9643727973861176}, "datetime": {"datetime": "2024-06-13 19:54:36", "elapsed": 4.47953, "delta": 0.003989}}
{"target": -128.71955112415836, "params": {"gamma": 0.4272541882840023, "lr": 0.09944025725488481}, "datetime": {"datetime": "2024-06-13 19:54:36", "elapsed": 4.483518, "delta": 0.003988}}
{"target": -310.9420643277995, "params": {"gamma": 2.2331610709734946, "lr": 0.8065850822605141}, "datetime": {"datetime": "2024-06-13 19:54:36", "elapsed": 4.487508, "delta": 0.00399}}
{"target": -453.4227957249455, "params": {"gamma": 4.559272200887655, "lr": 0.6532511422613194}, "datetime": {"datetime": "2024-06-13 19:54:36", "elapsed": 4.491497, "delta": 0.003989}}
{"target": -245.3182101052235, "params": {"gamma": 1.7440370540608525, "lr": 0.16672193292652826}, "datetime": {"datetime": "2024-06-13 19:54:36", "elapsed": 4.496484, "delta": 0.004987}}
{"target": -614.3479936764958, "params": {"gamma": 5.208962557197339, "lr": 0.7402936352802216}, "datetime": {"datetime": "2024-06-13 19:54:36", "elapsed": 4.500473, "delta": 0.003989}}
{"target": -601.1813177921837, "params": {"gamma": 4.62528217768507, "lr": 0.8696140851211128}, "datetime": {"datetime": "2024-06-13 19:54:36", "elapsed": 4.504462, "delta": 0.003989}}
{"target": -667.2722409923965, "params": {"gamma": 6.604458934771733, "lr": 0.2490900884519328}, "datetime": {"datetime": "2024-06-13 19:54:36", "elapsed": 4.508452, "delta": 0.00399}}
{"target": -236.26691646573727, "params": {"gamma": 2.3497873058002465, "lr": 0.3740467168670696}, "datetime": {"datetime": "2024-06-13 19:54:36", "elapsed": 4.512441, "delta": 0.003989}}
{"target": -1040.361869228155, "params": {"gamma": 7.566403946905877, "lr": 0.9379376643097822}, "datetime": {"datetime": "2024-06-13 19:54:36", "elapsed": 4.516431, "delta": 0.00399}}
{"target": -820.5472141372151, "params": {"gamma": 8.61919808718901, "lr": 0.26161079268292176}, "datetime": {"datetime": "2024-06-13 19:54:36", "elapsed": 4.521417, "delta": 0.004986}}
{"target": -413.9690405735091, "params": {"gamma": 4.12337700085772, "lr": 0.6115440994503215}, "datetime": {"datetime": "2024-06-13 19:54:36", "elapsed": 4.525406, "delta": 0.003989}}
{"target": -525.5326927262172, "params": {"gamma": 5.468797723702268, "lr": 0.3892749454089657}, "datetime": {"datetime": "2024-06-13 19:54:36", "elapsed": 4.529396, "delta": 0.00399}}
{"target": -163.52480669523825, "params": {"gamma": 1.0151063480358857, "lr": 0.7122448043972556}, "datetime": {"datetime": "2024-06-13 19:54:36", "elapsed": 4.533385, "delta": 0.003989}}
{"target": -169.9767399686012, "params": {"gamma": 0.8822635040904132, "lr": 0.8660774293737196}, "datetime": {"datetime": "2024-06-13 19:54:36", "elapsed": 4.537374, "delta": 0.003989}}
{"target": -946.497914946406, "params": {"gamma": 8.634620954886014, "lr": 0.7084507915153727}, "datetime": {"datetime": "2024-06-13 19:54:36", "elapsed": 4.541364, "delta": 0.00399}}
{"target": -547.4608097012404, "params": {"gamma": 4.864759313503054, "lr": 0.6991465654129165}, "datetime": {"datetime": "2024-06-13 19:54:36", "elapsed": 4.545353, "delta": 0.003989}}
{"target": -515.0100722983734, "params": {"gamma": 3.950475613957549, "lr": 0.7974959842933487}, "datetime": {"datetime": "2024-06-13 19:54:36", "elapsed": 4.549342, "delta": 0.003989}}
{"target": -940.4847654826128, "params": {"gamma": 7.864384405716199, "lr": 0.15552858387362167}, "datetime": {"datetime": "2024-06-13 19:54:36", "elapsed": 4.553331, "delta": 0.003989}}
{"target": -306.69598017927683, "params": {"gamma": 3.1788576859556272, "lr": 0.34398317678599033}, "datetime": {"datetime": "2024-06-13 19:54:36", "elapsed": 4.557321, "delta": 0.00399}}
{"target": -396.86543033136434, "params": {"gamma": 3.6423388162366046, "lr": 0.5666455566878987}, "datetime": {"datetime": "2024-06-13 19:54:36", "elapsed": 4.561311, "delta": 0.00399}}
{"target": -133.8139085138261, "params": {"gamma": 0.4178327377603575, "lr": 0.6599697189638991}, "datetime": {"datetime": "2024-06-13 19:54:36", "elapsed": 4.566297, "delta": 0.004986}}
{"target": -220.29255055379784, "params": {"gamma": 2.0171159588072864, "lr": 0.4164625561731081}, "datetime": {"datetime": "2024-06-13 19:54:36", "elapsed": 4.570286, "delta": 0.003989}}
{"target": -423.725474279153, "params": {"gamma": 4.5094756723505, "lr": 0.3487267695476459}, "datetime": {"datetime": "2024-06-13 19:54:36", "elapsed": 4.574276, "delta": 0.00399}}
{"target": -491.14165368046025, "params": {"gamma": 3.8334198209699974, "lr": 0.18030606084775935}, "datetime": {"datetime": "2024-06-13 19:54:36", "elapsed": 4.578265, "delta": 0.003989}}
{"target": -142.2004679421267, "params": {"gamma": 0.68223244388335, "lr": 0.5512566489358516}, "datetime": {"datetime": "2024-06-13 19:54:36", "elapsed": 4.582254, "delta": 0.003989}}
{"target": -718.6524244558755, "params": {"gamma": 5.959073589220895, "lr": 0.1454997892217088}, "datetime": {"datetime": "2024-06-13 19:54:36", "elapsed": 4.586563, "delta": 0.004309}}
{"target": -235.70490220708572, "params": {"gamma": 2.310186141512919, "lr": 0.2863771315373824}, "datetime": {"datetime": "2024-06-13 19:54:36", "elapsed": 4.590061, "delta": 0.003498}}
{"target": -992.1205075755896, "params": {"gamma": 8.307682917677353, "lr": 0.15342094116241234}, "datetime": {"datetime": "2024-06-13 19:54:36", "elapsed": 4.594051, "delta": 0.00399}}
{"target": -581.598927543806, "params": {"gamma": 5.521835936727261, "lr": 0.5681397176921924}, "datetime": {"datetime": "2024-06-13 19:54:36", "elapsed": 4.59804, "delta": 0.003989}}
{"target": -328.9680382408427, "params": {"gamma": 3.434857510993614, "lr": 0.3506171893069536}, "datetime": {"datetime": "2024-06-13 19:54:36", "elapsed": 4.602029, "delta": 0.003989}}
{"target": -974.6030704299819, "params": {"gamma": 9.591161063174503, "lr": 0.5533439494595207}, "datetime": {"datetime": "2024-06-13 19:54:36", "elapsed": 4.607016, "delta": 0.004987}}
{"target": -630.6222503460444, "params": {"gamma": 6.527659277808647, "lr": 0.4907401164444133}, "datetime": {"datetime": "2024-06-13 19:54:36", "elapsed": 4.611006, "delta": 0.00399}}
{"target": -627.2491559144689, "params": {"gamma": 6.466853166736234, "lr": 0.605250785507062}, "datetime": {"datetime": "2024-06-13 19:54:36", "elapsed": 4.614995, "delta": 0.003989}}
{"target": -166.7608775911885, "params": {"gamma": 1.452587755908036, "lr": 0.3346805328845932}, "datetime": {"datetime": "2024-06-13 19:54:36", "elapsed": 4.618984, "delta": 0.003989}}
{"target": -561.348348448999, "params": {"gamma": 4.604879500595876, "lr": 0.12782166160638486}, "datetime": {"datetime": "2024-06-13 19:54:36", "elapsed": 4.622973, "delta": 0.003989}}
{"target": -376.23024467584287, "params": {"gamma": 3.6313701627213772, "lr": 0.22814163429292222}, "datetime": {"datetime": "2024-06-13 19:54:36", "elapsed": 4.626963, "delta": 0.00399}}
{"target": -777.9499869336296, "params": {"gamma": 8.47517852010175, "lr": 0.34147408002129864}, "datetime": {"datetime": "2024-06-13 19:54:36", "elapsed": 4.630952, "delta": 0.003989}}
{"target": -242.22744015575188, "params": {"gamma": 2.268666417341983, "lr": 0.4081814028522822}, "datetime": {"datetime": "2024-06-13 19:54:36", "elapsed": 4.635939, "delta": 0.004987}}
{"target": -1360.8679198474595, "params": {"gamma": 6.830957412174848, "lr": 0.06562199896142484}, "datetime": {"datetime": "2024-06-13 19:54:36", "elapsed": 4.639928, "delta": 0.003989}}
{"target": -233.26829508702534, "params": {"gamma": 1.8081114068162947, "lr": 0.6943069389237286}, "datetime": {"datetime": "2024-06-13 19:54:36", "elapsed": 4.643917, "delta": 0.003989}}
{"target": -723.7701845339031, "params": {"gamma": 7.522813791436128, "lr": 0.6177542796100679}, "datetime": {"datetime": "2024-06-13 19:54:36", "elapsed": 4.647908, "delta": 0.003991}}
{"target": -1090.1911566226568, "params": {"gamma": 8.792106406805418, "lr": 0.16880019007759361}, "datetime": {"datetime": "2024-06-13 19:54:36", "elapsed": 4.651896, "delta": 0.003988}}
{"target": -969.3082911438598, "params": {"gamma": 7.0357737742820845, "lr": 0.9172601590800086}, "datetime": {"datetime": "2024-06-13 19:54:36", "elapsed": 4.655885, "delta": 0.003989}}
{"target": -181.49292379494477, "params": {"gamma": 1.508245851371479, "lr": 0.24376397739618116}, "datetime": {"datetime": "2024-06-13 19:54:36", "elapsed": 4.659875, "delta": 0.00399}}
{"target": -509.00518410735106, "params": {"gamma": 5.467299036335953, "lr": 0.3441193369759975}, "datetime": {"datetime": "2024-06-13 19:54:36", "elapsed": 4.663864, "delta": 0.003989}}
{"target": -1375.8634816407773, "params": {"gamma": 6.90670016874316, "lr": 0.05756761842510749}, "datetime": {"datetime": "2024-06-13 19:54:36", "elapsed": 4.667854, "delta": 0.00399}}
{"target": -224.63784640857156, "params": {"gamma": 1.6084806590922747, "lr": 0.7162383064796215}, "datetime": {"datetime": "2024-06-13 19:54:36", "elapsed": 4.671843, "delta": 0.003989}}
{"target": -1327.0077011075757, "params": {"gamma": 9.706216365641005, "lr": 0.9295503765123406}, "datetime": {"datetime": "2024-06-13 19:54:36", "elapsed": 4.675832, "delta": 0.003989}}
{"target": -1074.0222961312597, "params": {"gamma": 9.010768867234715, "lr": 0.12774331390359328}, "datetime": {"datetime": "2024-06-13 19:54:36", "elapsed": 4.679821, "delta": 0.003989}}
{"target": -302.956482334435, "params": {"gamma": 1.4601432517979631, "lr": 0.07226475681487265}, "datetime": {"datetime": "2024-06-13 19:54:36", "elapsed": 4.684809, "delta": 0.004988}}
{"target": -698.7203599829086, "params": {"gamma": 5.425859791214765, "lr": 0.8824861729023715}, "datetime": {"datetime": "2024-06-13 19:54:36", "elapsed": 4.688797, "delta": 0.003988}}
{"target": -683.4839257213339, "params": {"gamma": 5.318387208768819, "lr": 0.7817152853959399}, "datetime": {"datetime": "2024-06-13 19:54:36", "elapsed": 4.692786, "delta": 0.003989}}
{"target": -274.69781934360157, "params": {"gamma": 1.8853494153257044, "lr": 0.863111260166335}, "datetime": {"datetime": "2024-06-13 19:54:36", "elapsed": 4.696776, "delta": 0.00399}}
{"target": -382.85715762310485, "params": {"gamma": 1.8750602824827893, "lr": 0.054764126066523255}, "datetime": {"datetime": "2024-06-13 19:54:36", "elapsed": 4.701762, "delta": 0.004986}}
{"target": -448.70770095642376, "params": {"gamma": 4.215488613270554, "lr": 0.5551044300084385}, "datetime": {"datetime": "2024-06-13 19:54:36", "elapsed": 4.705752, "delta": 0.00399}}
{"target": -1760.5135312007142, "params": {"gamma": 9.707449353204424, "lr": 0.09175383344119148}, "datetime": {"datetime": "2024-06-13 19:54:36", "elapsed": 4.709742, "delta": 0.00399}}
{"target": -410.25286127126355, "params": {"gamma": 2.7399070142023203, "lr": 0.10510706908204948}, "datetime": {"datetime": "2024-06-13 19:54:37", "elapsed": 4.713731, "delta": 0.003989}}
{"target": -367.4672822306558, "params": {"gamma": 3.9050059277394262, "lr": 0.2890110831877697}, "datetime": {"datetime": "2024-06-13 19:54:37", "elapsed": 4.71772, "delta": 0.003989}}
{"target": -479.2386976504839, "params": {"gamma": 5.133490194329599, "lr": 0.348256681750747}, "datetime": {"datetime": "2024-06-13 19:54:37", "elapsed": 4.721709, "delta": 0.003989}}
{"target": -1174.5952307655773, "params": {"gamma": 9.28235195448276, "lr": 0.7899477963830404}, "datetime": {"datetime": "2024-06-13 19:54:37", "elapsed": 4.725699, "delta": 0.00399}}
{"target": -1027.3658901489487, "params": {"gamma": 8.610252674771141, "lr": 0.12950094594289585}, "datetime": {"datetime": "2024-06-13 19:54:37", "elapsed": 4.729688, "delta": 0.003989}}
{"target": -586.5686580511687, "params": {"gamma": 5.751126599720151, "lr": 0.21478253588485874}, "datetime": {"datetime": "2024-06-13 19:54:37", "elapsed": 4.734675, "delta": 0.004987}}
{"target": -1727.459451706721, "params": {"gamma": 8.682517475837448, "lr": 0.015019421753424078}, "datetime": {"datetime": "2024-06-13 19:54:37", "elapsed": 4.738664, "delta": 0.003989}}
{"target": -144.29511401150148, "params": {"gamma": 1.0583364070853916, "lr": 0.3760570755473156}, "datetime": {"datetime": "2024-06-13 19:54:37", "elapsed": 4.742653, "delta": 0.003989}}
{"target": -394.4425850157591, "params": {"gamma": 4.021536967025843, "lr": 0.2772200829786826}, "datetime": {"datetime": "2024-06-13 19:54:37", "elapsed": 4.746643, "delta": 0.00399}}
{"target": -168.11872188839314, "params": {"gamma": 0.9615339246006319, "lr": 0.11873040511259358}, "datetime": {"datetime": "2024-06-13 19:54:37", "elapsed": 4.750632, "delta": 0.003989}}
{"target": -455.9642079696423, "params": {"gamma": 3.1801295937194918, "lr": 0.9507928340777205}, "datetime": {"datetime": "2024-06-13 19:54:37", "elapsed": 4.754621, "delta": 0.003989}}
{"target": -270.728883418558, "params": {"gamma": 2.0748582416284203, "lr": 0.7472803210592225}, "datetime": {"datetime": "2024-06-13 19:54:37", "elapsed": 4.758611, "delta": 0.00399}}
{"target": -521.1813042968273, "params": {"gamma": 2.5826284514108324, "lr": 0.03724025561078481}, "datetime": {"datetime": "2024-06-13 19:54:37", "elapsed": 4.7626, "delta": 0.003989}}
{"target": -123.52108197533718, "params": {"gamma": 0.16150603946145364, "lr": 0.15270593118117648}, "datetime": {"datetime": "2024-06-13 19:54:37", "elapsed": 4.767587, "delta": 0.004987}}
{"target": -592.8336678688449, "params": {"gamma": 4.621379845784425, "lr": 0.7559010975378051}, "datetime": {"datetime": "2024-06-13 19:54:37", "elapsed": 4.771576, "delta": 0.003989}}
