{"target": -1685.5426089017897, "params": {"gamma": 6.052523738337006, "lr": 0.9904061968899467}, "datetime": {"datetime": "2024-06-13 22:26:35", "elapsed": 2.75841, "delta": 0.003497}}
{"target": -1845.8359741770432, "params": {"gamma": 7.739388583314729, "lr": 0.33427640499382627}, "datetime": {"datetime": "2024-06-13 22:26:35", "elapsed": 2.762399, "delta": 0.003989}}
{"target": -275.2207941415325, "params": {"gamma": 0.8908932100029573, "lr": 0.18490559027840836}, "datetime": {"datetime": "2024-06-13 22:26:35", "elapsed": 2.766389, "delta": 0.00399}}
{"target": -1148.0024518072337, "params": {"gamma": 5.2689919070424525, "lr": 0.417102418106858}, "datetime": {"datetime": "2024-06-13 22:26:35", "elapsed": 2.770378, "delta": 0.003989}}
{"target": -2223.465561611552, "params": {"gamma": 8.006795921634268, "lr": 0.9332023381866817}, "datetime": {"datetime": "2024-06-13 22:26:35", "elapsed": 2.774367, "delta": 0.003989}}
{"target": -505.80930898037224, "params": {"gamma": 1.779469614765534, "lr": 0.8600667708762162}, "datetime": {"datetime": "2024-06-13 22:26:35", "elapsed": 2.777359, "delta": 0.002992}}
{"target": -2655.0820463002115, "params": {"gamma": 9.57399186834036, "lr": 0.9594706068497821}, "datetime": {"datetime": "2024-06-13 22:26:35", "elapsed": 2.781349, "delta": 0.00399}}
{"target": -196.34223114553035, "params": {"gamma": 0.37958801461658453, "lr": 0.05758350560817371}, "datetime": {"datetime": "2024-06-13 22:26:35", "elapsed": 2.785339, "delta": 0.00399}}
{"target": -146.73000279802565, "params": {"gamma": 0.05896813178397224, "lr": 0.3126811561554764}, "datetime": {"datetime": "2024-06-13 22:26:35", "elapsed": 2.789327, "delta": 0.003988}}
{"target": -192.89081759397874, "params": {"gamma": 0.5579284287083343, "lr": 0.29386248547054417}, "datetime": {"datetime": "2024-06-13 22:26:35", "elapsed": 2.793316, "delta": 0.003989}}
{"target": -1001.5184941220024, "params": {"gamma": 3.5608088438258343, "lr": 0.9536770184739218}, "datetime": {"datetime": "2024-06-13 22:26:35", "elapsed": 2.797307, "delta": 0.003991}}
{"target": -1099.7694928419937, "params": {"gamma": 4.770032273945294, "lr": 0.27823844242133033}, "datetime": {"datetime": "2024-06-13 22:26:35", "elapsed": 2.801295, "delta": 0.003988}}
{"target": -1176.8088550658426, "params": {"gamma": 5.030548945314497, "lr": 0.6433579246491355}, "datetime": {"datetime": "2024-06-13 22:26:35", "elapsed": 2.805285, "delta": 0.00399}}
{"target": -318.5545296288766, "params": {"gamma": 1.1133454800017826, "lr": 0.7580616581331086}, "datetime": {"datetime": "2024-06-13 22:26:35", "elapsed": 2.810271, "delta": 0.004986}}
{"target": -2247.86610118832, "params": {"gamma": 8.519605767101668, "lr": 0.8442498595694283}, "datetime": {"datetime": "2024-06-13 22:26:35", "elapsed": 2.813263, "delta": 0.002992}}
{"target": -2104.5869247891605, "params": {"gamma": 8.905177817288482, "lr": 0.38184239675576115}, "datetime": {"datetime": "2024-06-13 22:26:35", "elapsed": 2.817256, "delta": 0.003993}}
{"target": -1443.0321295221381, "params": {"gamma": 4.438608178466819, "lr": 0.10158147594616618}, "datetime": {"datetime": "2024-06-13 22:26:35", "elapsed": 2.821245, "delta": 0.003989}}
{"target": -647.530469832958, "params": {"gamma": 2.25884341738992, "lr": 0.971320469273211}, "datetime": {"datetime": "2024-06-13 22:26:35", "elapsed": 2.825234, "delta": 0.003989}}
{"target": -795.7788168905338, "params": {"gamma": 2.8469550657183857, "lr": 0.9073961422409973}, "datetime": {"datetime": "2024-06-13 22:26:35", "elapsed": 2.829224, "delta": 0.00399}}
{"target": -2470.9970988301397, "params": {"gamma": 8.905632311496733, "lr": 0.9225044972603934}, "datetime": {"datetime": "2024-06-13 22:26:35", "elapsed": 2.833213, "delta": 0.003989}}
{"target": -454.0567319268282, "params": {"gamma": 1.5623394948435068, "lr": 0.8797221435013809}, "datetime": {"datetime": "2024-06-13 22:26:35", "elapsed": 2.837202, "delta": 0.003989}}
{"target": -1607.434178486932, "params": {"gamma": 6.320317509680909, "lr": 0.21062817841880244}, "datetime": {"datetime": "2024-06-13 22:26:35", "elapsed": 2.841192, "delta": 0.00399}}
{"target": -1120.5919785682618, "params": {"gamma": 3.4518140318860318, "lr": 0.1599187885892832}, "datetime": {"datetime": "2024-06-13 22:26:35", "elapsed": 2.845181, "delta": 0.003989}}
{"target": -1485.01992120723, "params": {"gamma": 4.444037226303826, "lr": 0.08377495384546052}, "datetime": {"datetime": "2024-06-13 22:26:36", "elapsed": 2.84917, "delta": 0.003989}}
{"target": -460.1433992513238, "params": {"gamma": 1.654019586311918, "lr": 0.19719634646666928}, "datetime": {"datetime": "2024-06-13 22:26:36", "elapsed": 2.853159, "delta": 0.003989}}
{"target": -1561.561123482052, "params": {"gamma": 6.910582388225486, "lr": 0.573802869165353}, "datetime": {"datetime": "2024-06-13 22:26:36", "elapsed": 2.856185, "delta": 0.003026}}
{"target": -2057.3189524134823, "params": {"gamma": 8.733358017233284, "lr": 0.2446340657192081}, "datetime": {"datetime": "2024-06-13 22:26:36", "elapsed": 2.860141, "delta": 0.003956}}
{"target": -2077.305478864456, "params": {"gamma": 6.296449959232413, "lr": 0.034431265307095615}, "datetime": {"datetime": "2024-06-13 22:26:36", "elapsed": 2.86413, "delta": 0.003989}}
{"target": -1393.9005136859776, "params": {"gamma": 5.162468412309614, "lr": 0.8632264817138495}, "datetime": {"datetime": "2024-06-13 22:26:36", "elapsed": 2.86812, "delta": 0.00399}}
{"target": -3223.8870710760566, "params": {"gamma": 9.841281312305282, "lr": 0.009872975358918512}, "datetime": {"datetime": "2024-06-13 22:26:36", "elapsed": 2.872109, "delta": 0.003989}}
{"target": -613.4497814036337, "params": {"gamma": 2.5291619792860742, "lr": 0.22384967032752534}, "datetime": {"datetime": "2024-06-13 22:26:36", "elapsed": 2.876098, "delta": 0.003989}}
{"target": -220.49876682723595, "params": {"gamma": 0.4763284046833772, "lr": 0.010172456261775653}, "datetime": {"datetime": "2024-06-13 22:26:36", "elapsed": 2.880087, "delta": 0.003989}}
{"target": -1626.6143710747358, "params": {"gamma": 4.902462927130074, "lr": 0.04548214567029407}, "datetime": {"datetime": "2024-06-13 22:26:36", "elapsed": 2.884078, "delta": 0.003991}}
{"target": -664.6225100138809, "params": {"gamma": 2.784002980338173, "lr": 0.6399745691089123}, "datetime": {"datetime": "2024-06-13 22:26:36", "elapsed": 2.888066, "delta": 0.003988}}
{"target": -687.6896536324394, "params": {"gamma": 2.9476257235674814, "lr": 0.26965470115905144}, "datetime": {"datetime": "2024-06-13 22:26:36", "elapsed": 2.892056, "delta": 0.00399}}
{"target": -1400.1324272346333, "params": {"gamma": 5.905874675913428, "lr": 0.38053407720964005}, "datetime": {"datetime": "2024-06-13 22:26:36", "elapsed": 2.896045, "delta": 0.003989}}
{"target": -1541.445962215908, "params": {"gamma": 7.025527816580048, "lr": 0.4961239512498611}, "datetime": {"datetime": "2024-06-13 22:26:36", "elapsed": 2.900034, "delta": 0.003989}}
{"target": -1511.8469284191701, "params": {"gamma": 6.33245944879897, "lr": 0.3533943470016294}, "datetime": {"datetime": "2024-06-13 22:26:36", "elapsed": 2.904024, "delta": 0.00399}}
{"target": -929.7431025544148, "params": {"gamma": 2.871152417608931, "lr": 0.13320711375110195}, "datetime": {"datetime": "2024-06-13 22:26:36", "elapsed": 2.908013, "delta": 0.003989}}
{"target": -2362.5244464738316, "params": {"gamma": 9.370866767604843, "lr": 0.8048358460157946}, "datetime": {"datetime": "2024-06-13 22:26:36", "elapsed": 2.912002, "delta": 0.003989}}
{"target": -2481.6275747062728, "params": {"gamma": 9.380347403020368, "lr": 0.1853805246478023}, "datetime": {"datetime": "2024-06-13 22:26:36", "elapsed": 2.91699, "delta": 0.004988}}
{"target": -2588.3253838740925, "params": {"gamma": 9.331624472469432, "lr": 0.9357532076921331}, "datetime": {"datetime": "2024-06-13 22:26:36", "elapsed": 2.920978, "delta": 0.003988}}
{"target": -662.6761405053935, "params": {"gamma": 2.8361615915229414, "lr": 0.27463424842386297}, "datetime": {"datetime": "2024-06-13 22:26:36", "elapsed": 2.924968, "delta": 0.00399}}
{"target": -1465.3548728829207, "params": {"gamma": 5.514764305160052, "lr": 0.18528923936855235}, "datetime": {"datetime": "2024-06-13 22:26:36", "elapsed": 2.928958, "delta": 0.00399}}
{"target": -1178.3533526170565, "params": {"gamma": 4.421569005157032, "lr": 0.1853176459376844}, "datetime": {"datetime": "2024-06-13 22:26:36", "elapsed": 2.932947, "delta": 0.003989}}
{"target": -2072.525595019591, "params": {"gamma": 9.473811803621638, "lr": 0.4938246574910856}, "datetime": {"datetime": "2024-06-13 22:26:36", "elapsed": 2.937933, "delta": 0.004986}}
{"target": -2233.745991925588, "params": {"gamma": 9.639213756472554, "lr": 0.6449416725122118}, "datetime": {"datetime": "2024-06-13 22:26:36", "elapsed": 2.941923, "delta": 0.00399}}
{"target": -1353.2237506290253, "params": {"gamma": 4.843673414550824, "lr": 0.9676952459611975}, "datetime": {"datetime": "2024-06-13 22:26:36", "elapsed": 2.945912, "delta": 0.003989}}
{"target": -363.8201816151024, "params": {"gamma": 1.4327546273059197, "lr": 0.6323298746664966}, "datetime": {"datetime": "2024-06-13 22:26:36", "elapsed": 2.949901, "delta": 0.003989}}
{"target": -1462.9402266018678, "params": {"gamma": 6.6192217900001395, "lr": 0.43383982715272595}, "datetime": {"datetime": "2024-06-13 22:26:36", "elapsed": 2.95389, "delta": 0.003989}}
{"target": -192.36896723996125, "params": {"gamma": 0.594512896164236, "lr": 0.4927226011660333}, "datetime": {"datetime": "2024-06-13 22:26:36", "elapsed": 2.957879, "delta": 0.003989}}
{"target": -1188.328419122516, "params": {"gamma": 4.651874301237257, "lr": 0.8067468107748635}, "datetime": {"datetime": "2024-06-13 22:26:36", "elapsed": 2.961869, "delta": 0.00399}}
{"target": -620.2250228176622, "params": {"gamma": 2.5673532385398095, "lr": 0.3914303629842686}, "datetime": {"datetime": "2024-06-13 22:26:36", "elapsed": 2.965858, "delta": 0.003989}}
{"target": -592.0335980684417, "params": {"gamma": 2.402481900006551, "lr": 0.6864434151723641}, "datetime": {"datetime": "2024-06-13 22:26:36", "elapsed": 2.969848, "delta": 0.00399}}
{"target": -2891.684307258369, "params": {"gamma": 9.898844649917818, "lr": 0.1774295368682619}, "datetime": {"datetime": "2024-06-13 22:26:36", "elapsed": 2.973837, "delta": 0.003989}}
{"target": -1936.2196550121616, "params": {"gamma": 8.214645955522746, "lr": 0.2309885592816333}, "datetime": {"datetime": "2024-06-13 22:26:36", "elapsed": 2.977826, "delta": 0.003989}}
{"target": -234.3600091891734, "params": {"gamma": 0.5807001579142975, "lr": 0.13881651804567363}, "datetime": {"datetime": "2024-06-13 22:26:36", "elapsed": 2.98182, "delta": 0.003994}}
{"target": -2529.8900919428334, "params": {"gamma": 9.351596002308344, "lr": 0.8885421033562281}, "datetime": {"datetime": "2024-06-13 22:26:36", "elapsed": 2.986803, "delta": 0.004983}}
{"target": -819.4088066930151, "params": {"gamma": 2.893315694333617, "lr": 0.9477640661016069}, "datetime": {"datetime": "2024-06-13 22:26:36", "elapsed": 2.990792, "delta": 0.003989}}
{"target": -1875.4436964213521, "params": {"gamma": 8.499455421778958, "lr": 0.4346547940716735}, "datetime": {"datetime": "2024-06-13 22:26:36", "elapsed": 2.994781, "delta": 0.003989}}
{"target": -1093.7813431993216, "params": {"gamma": 4.681027499109862, "lr": 0.6298530215834227}, "datetime": {"datetime": "2024-06-13 22:26:36", "elapsed": 2.99877, "delta": 0.003989}}
{"target": -557.3263792913491, "params": {"gamma": 1.581160317803163, "lr": 0.014782086742092915}, "datetime": {"datetime": "2024-06-13 22:26:36", "elapsed": 3.00276, "delta": 0.00399}}
{"target": -901.6100459036718, "params": {"gamma": 2.655854662706386, "lr": 0.015443631942760883}, "datetime": {"datetime": "2024-06-13 22:26:36", "elapsed": 3.006749, "delta": 0.003989}}
{"target": -1479.4693454465282, "params": {"gamma": 6.745313942778413, "lr": 0.5514688358127765}, "datetime": {"datetime": "2024-06-13 22:26:36", "elapsed": 3.010738, "delta": 0.003989}}
{"target": -820.6363411069524, "params": {"gamma": 3.2171598078821737, "lr": 0.7802023371197586}, "datetime": {"datetime": "2024-06-13 22:26:36", "elapsed": 3.015725, "delta": 0.004987}}
{"target": -372.7048971076604, "params": {"gamma": 1.4587085267165556, "lr": 0.2448806387618836}, "datetime": {"datetime": "2024-06-13 22:26:36", "elapsed": 3.019714, "delta": 0.003989}}
{"target": -786.6889369770397, "params": {"gamma": 2.923845306630798, "lr": 0.19593194649899215}, "datetime": {"datetime": "2024-06-13 22:26:36", "elapsed": 3.023704, "delta": 0.00399}}
{"target": -282.7186652406724, "params": {"gamma": 0.8802988990222627, "lr": 0.8699761802716075}, "datetime": {"datetime": "2024-06-13 22:26:36", "elapsed": 3.027693, "delta": 0.003989}}
{"target": -257.53490450675275, "params": {"gamma": 0.8827982670695292, "lr": 0.6837103358216379}, "datetime": {"datetime": "2024-06-13 22:26:36", "elapsed": 3.031682, "delta": 0.003989}}
{"target": -438.2900735601288, "params": {"gamma": 1.204888367700376, "lr": 0.010699003144174157}, "datetime": {"datetime": "2024-06-13 22:26:36", "elapsed": 3.035673, "delta": 0.003991}}
{"target": -1528.3875757163007, "params": {"gamma": 5.573125032519063, "lr": 0.9071090552203707}, "datetime": {"datetime": "2024-06-13 22:26:36", "elapsed": 3.039661, "delta": 0.003988}}
{"target": -2051.3062129809373, "params": {"gamma": 8.604706216701516, "lr": 0.33845138411825004}, "datetime": {"datetime": "2024-06-13 22:26:36", "elapsed": 3.04365, "delta": 0.003989}}
{"target": -161.73983624920822, "params": {"gamma": 0.27256113442929636, "lr": 0.8008593551300331}, "datetime": {"datetime": "2024-06-13 22:26:36", "elapsed": 3.048638, "delta": 0.004988}}
{"target": -2161.0498423795466, "params": {"gamma": 8.06004333796437, "lr": 0.8684881163027721}, "datetime": {"datetime": "2024-06-13 22:26:36", "elapsed": 3.052626, "delta": 0.003988}}
{"target": -1696.8874410403814, "params": {"gamma": 6.696796352155456, "lr": 0.8077788623150765}, "datetime": {"datetime": "2024-06-13 22:26:36", "elapsed": 3.056615, "delta": 0.003989}}
{"target": -1964.323608428762, "params": {"gamma": 8.9750853247459, "lr": 0.4538299504900123}, "datetime": {"datetime": "2024-06-13 22:26:36", "elapsed": 3.060605, "delta": 0.00399}}
{"target": -1231.6477995141984, "params": {"gamma": 5.578695211845391, "lr": 0.5061311288282347}, "datetime": {"datetime": "2024-06-13 22:26:36", "elapsed": 3.064594, "delta": 0.003989}}
{"target": -1641.834383270703, "params": {"gamma": 6.920147061337664, "lr": 0.6829068676298748}, "datetime": {"datetime": "2024-06-13 22:26:36", "elapsed": 3.068584, "delta": 0.00399}}
{"target": -1343.6667483653916, "params": {"gamma": 5.203616044997302, "lr": 0.8284681480854713}, "datetime": {"datetime": "2024-06-13 22:26:36", "elapsed": 3.072573, "delta": 0.003989}}
{"target": -1307.030156793619, "params": {"gamma": 5.058288088511875, "lr": 0.8248585623852319}, "datetime": {"datetime": "2024-06-13 22:26:36", "elapsed": 3.076562, "delta": 0.003989}}
{"target": -834.6796766690837, "params": {"gamma": 2.8191690363442863, "lr": 0.17849483297748825}, "datetime": {"datetime": "2024-06-13 22:26:36", "elapsed": 3.080552, "delta": 0.00399}}
{"target": -2371.4571373969047, "params": {"gamma": 9.698735832876796, "lr": 0.7419395254560768}, "datetime": {"datetime": "2024-06-13 22:26:36", "elapsed": 3.084541, "delta": 0.003989}}
{"target": -603.4681805347361, "params": {"gamma": 2.598657141350841, "lr": 0.5812353422911717}, "datetime": {"datetime": "2024-06-13 22:26:36", "elapsed": 3.08853, "delta": 0.003989}}
{"target": -3130.5252442596293, "params": {"gamma": 9.55266727312833, "lr": 0.0807539078120788}, "datetime": {"datetime": "2024-06-13 22:26:36", "elapsed": 3.09252, "delta": 0.00399}}
{"target": -241.5457238373317, "params": {"gamma": 0.8362585364103492, "lr": 0.6191348314199072}, "datetime": {"datetime": "2024-06-13 22:26:36", "elapsed": 3.096509, "delta": 0.003989}}
{"target": -584.8312241484027, "params": {"gamma": 2.245710294880741, "lr": 0.7651839567335081}, "datetime": {"datetime": "2024-06-13 22:26:36", "elapsed": 3.100499, "delta": 0.00399}}
{"target": -1326.0318568212465, "params": {"gamma": 5.681957276948102, "lr": 0.6661880902234952}, "datetime": {"datetime": "2024-06-13 22:26:36", "elapsed": 3.104488, "delta": 0.003989}}
{"target": -395.32845799424337, "params": {"gamma": 1.0790311940451294, "lr": 0.08428305143655679}, "datetime": {"datetime": "2024-06-13 22:26:36", "elapsed": 3.108476, "delta": 0.003988}}
{"target": -1359.4000027839734, "params": {"gamma": 6.251585561986592, "lr": 0.4097312611340205}, "datetime": {"datetime": "2024-06-13 22:26:36", "elapsed": 3.112466, "delta": 0.00399}}
{"target": -242.91228378174392, "params": {"gamma": 0.8734379861959459, "lr": 0.3710639450161891}, "datetime": {"datetime": "2024-06-13 22:26:36", "elapsed": 3.116456, "delta": 0.00399}}
{"target": -1782.5692293826721, "params": {"gamma": 6.72177195215883, "lr": 0.1895874001915857}, "datetime": {"datetime": "2024-06-13 22:26:36", "elapsed": 3.120445, "delta": 0.003989}}
{"target": -2485.2534661595146, "params": {"gamma": 8.957395356178512, "lr": 0.9498463888800873}, "datetime": {"datetime": "2024-06-13 22:26:36", "elapsed": 3.124434, "delta": 0.003989}}
{"target": -2351.382325375321, "params": {"gamma": 9.615763851802903, "lr": 0.7300825577402602}, "datetime": {"datetime": "2024-06-13 22:26:36", "elapsed": 3.128423, "delta": 0.003989}}
{"target": -1009.6680715789659, "params": {"gamma": 4.063477988455463, "lr": 0.7437491963512196}, "datetime": {"datetime": "2024-06-13 22:26:36", "elapsed": 3.132413, "delta": 0.00399}}
{"target": -678.3712930947131, "params": {"gamma": 2.8805808058682407, "lr": 0.3144172223907462}, "datetime": {"datetime": "2024-06-13 22:26:36", "elapsed": 3.136402, "delta": 0.003989}}
{"target": -1371.55646126851, "params": {"gamma": 6.059357715817362, "lr": 0.5948471334079176}, "datetime": {"datetime": "2024-06-13 22:26:36", "elapsed": 3.140392, "delta": 0.00399}}
{"target": -2012.899984456421, "params": {"gamma": 8.786731102181795, "lr": 0.25460075566057694}, "datetime": {"datetime": "2024-06-13 22:26:36", "elapsed": 3.144381, "delta": 0.003989}}
{"target": -2128.558453986935, "params": {"gamma": 7.662117463663015, "lr": 0.9410132668189013}, "datetime": {"datetime": "2024-06-13 22:26:36", "elapsed": 3.148371, "delta": 0.00399}}
{"target": -146.72653557396154, "params": {"gamma": 0.011328293644688577, "lr": 0.47608911800210485}, "datetime": {"datetime": "2024-06-13 22:26:36", "elapsed": 3.15236, "delta": 0.003989}}
{"target": -1740.3585138550163, "params": {"gamma": 6.570746249918269, "lr": 0.8433232139195225}, "datetime": {"datetime": "2024-06-13 22:26:36", "elapsed": 3.156349, "delta": 0.003989}}
{"target": -514.8018588997122, "params": {"gamma": 1.8382103793481412, "lr": 0.8561592379873718}, "datetime": {"datetime": "2024-06-13 22:26:36", "elapsed": 3.160339, "delta": 0.00399}}
{"target": -1005.6379776289549, "params": {"gamma": 3.6442904330904224, "lr": 0.8922739292761724}, "datetime": {"datetime": "2024-06-13 22:26:36", "elapsed": 3.164328, "delta": 0.003989}}
{"target": -173.77151045538585, "params": {"gamma": 0.2780896894835276, "lr": 0.08539013912317062}, "datetime": {"datetime": "2024-06-13 22:26:36", "elapsed": 3.168317, "delta": 0.003989}}
{"target": -2248.6543156079806, "params": {"gamma": 9.81412324707537, "lr": 0.6095019257734966}, "datetime": {"datetime": "2024-06-13 22:26:36", "elapsed": 3.172306, "delta": 0.003989}}
{"target": -1227.6252513104703, "params": {"gamma": 4.176905835795019, "lr": 0.16921418469369054}, "datetime": {"datetime": "2024-06-13 22:26:36", "elapsed": 3.176295, "delta": 0.003989}}
{"target": -2142.925374902378, "params": {"gamma": 6.499361629743811, "lr": 0.03697506835935782}, "datetime": {"datetime": "2024-06-13 22:26:36", "elapsed": 3.180285, "delta": 0.00399}}
{"target": -731.567261938184, "params": {"gamma": 3.116827520693586, "lr": 0.32347919698907535}, "datetime": {"datetime": "2024-06-13 22:26:36", "elapsed": 3.184275, "delta": 0.00399}}
{"target": -1416.0776582036954, "params": {"gamma": 6.074811493252022, "lr": 0.6508312566756971}, "datetime": {"datetime": "2024-06-13 22:26:36", "elapsed": 3.188264, "delta": 0.003989}}
{"target": -2348.460918808042, "params": {"gamma": 8.460699937765456, "lr": 0.9275809425975434}, "datetime": {"datetime": "2024-06-13 22:26:36", "elapsed": 3.192253, "delta": 0.003989}}
{"target": -1493.31883361045, "params": {"gamma": 6.604916818383386, "lr": 0.5781739184085382}, "datetime": {"datetime": "2024-06-13 22:26:36", "elapsed": 3.196242, "delta": 0.003989}}
{"target": -1118.3925553179913, "params": {"gamma": 3.987756720746455, "lr": 0.966612492642142}, "datetime": {"datetime": "2024-06-13 22:26:36", "elapsed": 3.200232, "delta": 0.00399}}
{"target": -449.9298528708426, "params": {"gamma": 1.541637639151742, "lr": 0.8950868086486484}, "datetime": {"datetime": "2024-06-13 22:26:36", "elapsed": 3.204221, "delta": 0.003989}}
{"target": -694.7307140747513, "params": {"gamma": 3.1108196657805305, "lr": 0.548489089666104}, "datetime": {"datetime": "2024-06-13 22:26:36", "elapsed": 3.209208, "delta": 0.004987}}
{"target": -1610.9020506213747, "params": {"gamma": 6.8209805180697165, "lr": 0.23646965132615538}, "datetime": {"datetime": "2024-06-13 22:26:36", "elapsed": 3.213197, "delta": 0.003989}}
{"target": -394.534968806226, "params": {"gamma": 1.678199113817666, "lr": 0.508482013429616}, "datetime": {"datetime": "2024-06-13 22:26:36", "elapsed": 3.217216, "delta": 0.004019}}
{"target": -1874.8949716665256, "params": {"gamma": 7.918846891971133, "lr": 0.6924144621670756}, "datetime": {"datetime": "2024-06-13 22:26:36", "elapsed": 3.221207, "delta": 0.003991}}
{"target": -362.0528871155838, "params": {"gamma": 1.1906143983929753, "lr": 0.900742215071733}, "datetime": {"datetime": "2024-06-13 22:26:36", "elapsed": 3.225165, "delta": 0.003958}}
