{"target": -148.97395237053493, "params": {"gamma": 0.7466661384435471, "prior": 3.766026368361488, "rate": 1.235065179287484}, "datetime": {"datetime": "2024-06-14 04:07:28", "elapsed": 3.7774, "delta": 0.008977}}
{"target": -300.36998112344395, "params": {"gamma": 6.345552644202125, "prior": 4.1978064727211475, "rate": 9.909165409621975}, "datetime": {"datetime": "2024-06-14 04:07:28", "elapsed": 3.786375, "delta": 0.008975}}
{"target": -429.7852823454034, "params": {"gamma": 9.299626280909525, "prior": 1.5774367198665253, "rate": 3.9494277431054683}, "datetime": {"datetime": "2024-06-14 04:07:28", "elapsed": 3.795352, "delta": 0.008977}}
{"target": -217.83148259275188, "params": {"gamma": 4.6163355299129, "prior": 5.6533926757072575, "rate": 7.803854869369396}, "datetime": {"datetime": "2024-06-14 04:07:28", "elapsed": 3.805325, "delta": 0.009973}}
{"target": -272.33399791994333, "params": {"gamma": 4.872451896825164, "prior": 4.257936164901384, "rate": 2.6207350474886373}, "datetime": {"datetime": "2024-06-14 04:07:28", "elapsed": 3.814301, "delta": 0.008976}}
{"target": -703.4846035792633, "params": {"gamma": 9.108150584728497, "prior": 0.32048796417476116, "rate": 8.211397860291427}, "datetime": {"datetime": "2024-06-14 04:07:28", "elapsed": 3.823277, "delta": 0.008976}}
{"target": -161.53778549514064, "params": {"gamma": 1.8854955282645185, "prior": 6.888993301808218, "rate": 3.552738684007098}, "datetime": {"datetime": "2024-06-14 04:07:28", "elapsed": 3.832253, "delta": 0.008976}}
{"target": -391.6400560852097, "params": {"gamma": 9.742152066323019, "prior": 1.3154440815492576, "rate": 1.8765113562797784}, "datetime": {"datetime": "2024-06-14 04:07:28", "elapsed": 3.842255, "delta": 0.010002}}
{"target": -495.34619225309297, "params": {"gamma": 8.894535312169324, "prior": 5.875722514621456, "rate": 3.0931546002031376}, "datetime": {"datetime": "2024-06-14 04:07:28", "elapsed": 3.851203, "delta": 0.008948}}
{"target": -155.54048559963127, "params": {"gamma": 0.008643090396402046, "prior": 2.353217609390305, "rate": 1.4548909380781856}, "datetime": {"datetime": "2024-06-14 04:07:28", "elapsed": 3.860207, "delta": 0.009004}}
{"target": -147.39514950660205, "params": {"gamma": 2.035134809876536, "prior": 8.973593312359645, "rate": 8.731070688318136}, "datetime": {"datetime": "2024-06-14 04:07:28", "elapsed": 3.869154, "delta": 0.008947}}
{"target": -303.620033928197, "params": {"gamma": 7.0031940868968645, "prior": 4.757926993906869, "rate": 8.271532887320552}, "datetime": {"datetime": "2024-06-14 04:07:28", "elapsed": 3.87813, "delta": 0.008976}}
{"target": -259.73823396142507, "params": {"gamma": 4.958768144455039, "prior": 3.698537964520562, "rate": 2.7567554245058266}, "datetime": {"datetime": "2024-06-14 04:07:28", "elapsed": 3.888103, "delta": 0.009973}}
{"target": -376.5363360287642, "params": {"gamma": 9.247483394570178, "prior": 3.931193419137293, "rate": 4.929315853439772}, "datetime": {"datetime": "2024-06-14 04:07:28", "elapsed": 3.89708, "delta": 0.008977}}
{"target": -191.53095716743317, "params": {"gamma": 2.5451265850419067, "prior": 8.861168536496827, "rate": 3.833251304596062}, "datetime": {"datetime": "2024-06-14 04:07:28", "elapsed": 3.906055, "delta": 0.008975}}
{"target": -234.1498695585845, "params": {"gamma": 2.9764495784234386, "prior": 7.2041901257280685, "rate": 1.909508561779902}, "datetime": {"datetime": "2024-06-14 04:07:28", "elapsed": 3.915031, "delta": 0.008976}}
{"target": -133.81582863184133, "params": {"gamma": 1.1828081008410374, "prior": 8.386278043913771, "rate": 7.441615077773983}, "datetime": {"datetime": "2024-06-14 04:07:28", "elapsed": 3.925005, "delta": 0.009974}}
{"target": -286.7973847558728, "params": {"gamma": 5.905614955923525, "prior": 2.5046265921522197, "rate": 6.2328482047306535}, "datetime": {"datetime": "2024-06-14 04:07:28", "elapsed": 3.933981, "delta": 0.008976}}
{"target": -461.10048109498064, "params": {"gamma": 6.383914852090989, "prior": 3.342937496712019, "rate": 0.6758259413323553}, "datetime": {"datetime": "2024-06-14 04:07:28", "elapsed": 3.942957, "delta": 0.008976}}
{"target": -364.61916928231625, "params": {"gamma": 8.805505437045703, "prior": 4.6535716376351575, "rate": 7.638963307946233}, "datetime": {"datetime": "2024-06-14 04:07:28", "elapsed": 3.951933, "delta": 0.008976}}
{"target": -170.2709887137209, "params": {"gamma": 2.539632320806454, "prior": 5.954733104448417, "rate": 4.288522808327629}, "datetime": {"datetime": "2024-06-14 04:07:28", "elapsed": 3.961415, "delta": 0.009482}}
{"target": -194.71109462456982, "params": {"gamma": 3.8216243248488464, "prior": 1.3544625000845356, "rate": 2.4434223654265494}, "datetime": {"datetime": "2024-06-14 04:07:28", "elapsed": 3.971388, "delta": 0.009973}}
{"target": -122.78669823462522, "params": {"gamma": 0.7943364880002312, "prior": 3.098297216704028, "rate": 7.417306297515323}, "datetime": {"datetime": "2024-06-14 04:07:28", "elapsed": 3.980364, "delta": 0.008976}}
{"target": -555.942756945135, "params": {"gamma": 6.150542233985518, "prior": 6.7568698794458655, "rate": 0.08482241217079087}, "datetime": {"datetime": "2024-06-14 04:07:28", "elapsed": 3.98934, "delta": 0.008976}}
{"target": -402.3847327732652, "params": {"gamma": 6.784091345540948, "prior": 5.081488836374581, "rate": 2.309853596391308}, "datetime": {"datetime": "2024-06-14 04:07:28", "elapsed": 3.998315, "delta": 0.008975}}
{"target": -144.6859181915289, "params": {"gamma": 1.7497901933102402, "prior": 1.9313313589532155, "rate": 8.44275579074591}, "datetime": {"datetime": "2024-06-14 04:07:28", "elapsed": 4.008177, "delta": 0.009862}}
{"target": -606.0053629787258, "params": {"gamma": 9.825915303261548, "prior": 9.146022285932153, "rate": 3.4743468343077555}, "datetime": {"datetime": "2024-06-14 04:07:28", "elapsed": 4.017152, "delta": 0.008975}}
{"target": -325.25438983365586, "params": {"gamma": 7.802465572333946, "prior": 5.509900447944164, "rate": 8.16460753316182}, "datetime": {"datetime": "2024-06-14 04:07:28", "elapsed": 4.026129, "delta": 0.008977}}
{"target": -225.39310277754498, "params": {"gamma": 4.8377857849378705, "prior": 5.9405178531640965, "rate": 7.872847211795091}, "datetime": {"datetime": "2024-06-14 04:07:28", "elapsed": 4.036104, "delta": 0.009975}}
{"target": -137.52299645062524, "params": {"gamma": 1.0032461963882202, "prior": 5.416370456721353, "rate": 3.660467483349873}, "datetime": {"datetime": "2024-06-14 04:07:28", "elapsed": 4.045479, "delta": 0.009375}}
{"target": -373.18634871366123, "params": {"gamma": 6.043464129845054, "prior": 9.592144904806304, "rate": 3.9288366270246278}, "datetime": {"datetime": "2024-06-14 04:07:28", "elapsed": 4.055452, "delta": 0.009973}}
{"target": -213.4811321077184, "params": {"gamma": 3.930337006418223, "prior": 7.927306236537028, "rate": 6.451138912455179}, "datetime": {"datetime": "2024-06-14 04:07:28", "elapsed": 4.064431, "delta": 0.008979}}
{"target": -234.69024393344762, "params": {"gamma": 3.9394461945459094, "prior": 6.920654977479489, "rate": 4.040612088934736}, "datetime": {"datetime": "2024-06-14 04:07:28", "elapsed": 4.073169, "delta": 0.008738}}
{"target": -139.94724971013412, "params": {"gamma": 1.3619954293269727, "prior": 4.561368359854131, "rate": 3.3448595075800287}, "datetime": {"datetime": "2024-06-14 04:07:28", "elapsed": 4.083143, "delta": 0.009974}}
{"target": -158.2790235547014, "params": {"gamma": 2.180471331681618, "prior": 9.265170536200754, "rate": 6.896704351396498}, "datetime": {"datetime": "2024-06-14 04:07:28", "elapsed": 4.092119, "delta": 0.008976}}
{"target": -306.30637673346797, "params": {"gamma": 5.988610085343597, "prior": 7.49190897401775, "rate": 5.420168646652644}, "datetime": {"datetime": "2024-06-14 04:07:28", "elapsed": 4.101095, "delta": 0.008976}}
{"target": -321.07628031970654, "params": {"gamma": 7.005630193122407, "prior": 9.312542210573467, "rate": 8.626304328357714}, "datetime": {"datetime": "2024-06-14 04:07:28", "elapsed": 4.11007, "delta": 0.008975}}
{"target": -175.4731718234855, "params": {"gamma": 1.6752511332077065, "prior": 2.705076336846355, "rate": 0.7170311841386036}, "datetime": {"datetime": "2024-06-14 04:07:28", "elapsed": 4.120044, "delta": 0.009974}}
{"target": -462.79043046671467, "params": {"gamma": 9.786749378778312, "prior": 2.4402025767377182, "rate": 6.6063229609300596}, "datetime": {"datetime": "2024-06-14 04:07:28", "elapsed": 4.12902, "delta": 0.008976}}
{"target": -122.78358783206394, "params": {"gamma": 0.8972173585756926, "prior": 2.1866323266614858, "rate": 5.028741010800528}, "datetime": {"datetime": "2024-06-14 04:07:28", "elapsed": 4.137996, "delta": 0.008976}}
{"target": -126.5947433565314, "params": {"gamma": 1.0504317296309502, "prior": 3.9498466866777715, "rate": 5.3803392136766695}, "datetime": {"datetime": "2024-06-14 04:07:28", "elapsed": 4.146972, "delta": 0.008976}}
{"target": -187.4061341486878, "params": {"gamma": 3.3927026446661146, "prior": 5.603412090153097, "rate": 5.368146451102699}, "datetime": {"datetime": "2024-06-14 04:07:28", "elapsed": 4.156663, "delta": 0.009691}}
{"target": -204.03510938337476, "params": {"gamma": 3.906714376870321, "prior": 6.993073822700919, "rate": 6.785146057525243}, "datetime": {"datetime": "2024-06-14 04:07:28", "elapsed": 4.165641, "delta": 0.008978}}
{"target": -363.15000023968895, "params": {"gamma": 6.8733441905945245, "prior": 5.6587634621138045, "rate": 3.5814410602153455}, "datetime": {"datetime": "2024-06-14 04:07:28", "elapsed": 4.174617, "delta": 0.008976}}
{"target": -327.04010280034055, "params": {"gamma": 6.131510241334756, "prior": 9.363789039421178, "rate": 5.969288360934786}, "datetime": {"datetime": "2024-06-14 04:07:28", "elapsed": 4.18459, "delta": 0.009973}}
{"target": -400.8240709089571, "params": {"gamma": 9.795922153419893, "prior": 4.465965542047824, "rate": 7.39638001311296}, "datetime": {"datetime": "2024-06-14 04:07:28", "elapsed": 4.193566, "delta": 0.008976}}
{"target": -141.87700932779939, "params": {"gamma": 0.3770011826173517, "prior": 7.6707937261048125, "rate": 5.1832975216877974}, "datetime": {"datetime": "2024-06-14 04:07:28", "elapsed": 4.202542, "delta": 0.008976}}
{"target": -151.5143317038683, "params": {"gamma": 0.05416001307807128, "prior": 2.8442810373477254, "rate": 5.348787492965596}, "datetime": {"datetime": "2024-06-14 04:07:29", "elapsed": 4.212516, "delta": 0.009974}}
{"target": -511.6364355140118, "params": {"gamma": 7.679860819934835, "prior": 0.6256166949799984, "rate": 5.490985385061347}, "datetime": {"datetime": "2024-06-14 04:07:29", "elapsed": 4.221492, "delta": 0.008976}}
{"target": -331.8029466287475, "params": {"gamma": 8.010144563427762, "prior": 6.530872243296941, "rate": 9.314538702914113}, "datetime": {"datetime": "2024-06-14 04:07:29", "elapsed": 4.230468, "delta": 0.008976}}
{"target": -122.34617595402193, "params": {"gamma": 0.7482397187025968, "prior": 2.8403839797458077, "rate": 9.192455805057469}, "datetime": {"datetime": "2024-06-14 04:07:29", "elapsed": 4.239444, "delta": 0.008976}}
{"target": -319.36323884289703, "params": {"gamma": 7.650286477833132, "prior": 6.037429410273777, "rate": 8.329848470226867}, "datetime": {"datetime": "2024-06-14 04:07:29", "elapsed": 4.249417, "delta": 0.009973}}
{"target": -383.6423666294904, "params": {"gamma": 8.960538872258445, "prior": 9.729931493242967, "rate": 9.98520655039097}, "datetime": {"datetime": "2024-06-14 04:07:29", "elapsed": 4.258393, "delta": 0.008976}}
{"target": -135.75242142598415, "params": {"gamma": 1.3973536875073507, "prior": 0.7983662429626219, "rate": 0.7355930769468734}, "datetime": {"datetime": "2024-06-14 04:07:29", "elapsed": 4.267369, "delta": 0.008976}}
{"target": -156.51114326408876, "params": {"gamma": 0.14842316520856935, "prior": 9.721018722481467, "rate": 0.9485743976558341}, "datetime": {"datetime": "2024-06-14 04:07:29", "elapsed": 4.276345, "delta": 0.008976}}
{"target": -418.82004604556806, "params": {"gamma": 8.417526525032311, "prior": 6.883212669386226, "rate": 4.876084117661699}, "datetime": {"datetime": "2024-06-14 04:07:29", "elapsed": 4.286319, "delta": 0.009974}}
{"target": -203.96726814116028, "params": {"gamma": 3.4676021187044235, "prior": 3.6011130919633505, "rate": 2.539134984589525}, "datetime": {"datetime": "2024-06-14 04:07:29", "elapsed": 4.295295, "delta": 0.008976}}
{"target": -757.0525193796456, "params": {"gamma": 9.110268719012566, "prior": 7.283861200399203, "rate": 0.2602320020499145}, "datetime": {"datetime": "2024-06-14 04:07:29", "elapsed": 4.30427, "delta": 0.008975}}
{"target": -381.4083501838022, "params": {"gamma": 4.615751011217899, "prior": 2.884882598114433, "rate": 0.2906328955928069}, "datetime": {"datetime": "2024-06-14 04:07:29", "elapsed": 4.314244, "delta": 0.009974}}
{"target": -528.7388748042223, "params": {"gamma": 8.846934261198635, "prior": 7.732953043751355, "rate": 3.298021057363365}, "datetime": {"datetime": "2024-06-14 04:07:29", "elapsed": 4.32322, "delta": 0.008976}}
{"target": -358.11691725050713, "params": {"gamma": 7.965789316779574, "prior": 3.3139193898096666, "rate": 3.0795165557326496}, "datetime": {"datetime": "2024-06-14 04:07:29", "elapsed": 4.332197, "delta": 0.008977}}
{"target": -512.8102478040643, "params": {"gamma": 9.281162675928762, "prior": 9.771470003263916, "rate": 5.236029491864212}, "datetime": {"datetime": "2024-06-14 04:07:29", "elapsed": 4.341172, "delta": 0.008975}}
{"target": -509.1271871446009, "params": {"gamma": 9.519399740511682, "prior": 8.891165289872, "rate": 5.180807583382493}, "datetime": {"datetime": "2024-06-14 04:07:29", "elapsed": 4.351146, "delta": 0.009974}}
{"target": -219.9085059860997, "params": {"gamma": 3.728115272172759, "prior": 7.132510325364133, "rate": 4.5569786029958985}, "datetime": {"datetime": "2024-06-14 04:07:29", "elapsed": 4.360121, "delta": 0.008975}}
{"target": -300.8163222402712, "params": {"gamma": 6.052523738337006, "prior": 9.905021349210472, "rate": 7.739388583314729}, "datetime": {"datetime": "2024-06-14 04:07:29", "elapsed": 4.369097, "delta": 0.008976}}
{"target": -180.01194056609472, "params": {"gamma": 3.343429773533269, "prior": 0.9810823861415419, "rate": 1.8498709971938052}, "datetime": {"datetime": "2024-06-14 04:07:29", "elapsed": 4.378074, "delta": 0.008977}}
{"target": -245.90288820461888, "params": {"gamma": 5.2689919070424525, "prior": 4.229313939257894, "rate": 8.006795921634268}, "datetime": {"datetime": "2024-06-14 04:07:29", "elapsed": 4.388047, "delta": 0.009973}}
{"target": -525.4792303758579, "params": {"gamma": 9.332090179528631, "prior": 1.8608610047183507, "rate": 8.600807641991286}, "datetime": {"datetime": "2024-06-14 04:07:29", "elapsed": 4.397024, "delta": 0.008977}}
{"target": -788.7983286314416, "params": {"gamma": 9.57399186834036, "prior": 9.598759007812843, "rate": 0.37958801461658453}, "datetime": {"datetime": "2024-06-14 04:07:29", "elapsed": 4.407027, "delta": 0.010003}}
{"target": -126.4658024367035, "params": {"gamma": 0.576777472576129, "prior": 0.15739418988512105, "rate": 3.127498880398609}, "datetime": {"datetime": "2024-06-14 04:07:29", "elapsed": 4.415972, "delta": 0.008945}}
{"target": -131.57177720464958, "params": {"gamma": 0.5579284287083343, "prior": 3.0092386061583873, "rate": 3.5608088438258343}, "datetime": {"datetime": "2024-06-14 04:07:29", "elapsed": 4.424948, "delta": 0.008976}}
{"target": -511.9100146946801, "params": {"gamma": 9.536816507720744, "prior": 4.821814132619101, "rate": 2.783106185770882}, "datetime": {"datetime": "2024-06-14 04:07:29", "elapsed": 4.433924, "delta": 0.008976}}
{"target": -382.0997771140593, "params": {"gamma": 5.030548945314497, "prior": 6.469243454026442, "rate": 1.1133454800017826}, "datetime": {"datetime": "2024-06-14 04:07:29", "elapsed": 4.443897, "delta": 0.009973}}
{"target": -336.0446366548172, "params": {"gamma": 7.580858519672953, "prior": 8.534263135744226, "rate": 8.442654345834713}, "datetime": {"datetime": "2024-06-14 04:07:29", "elapsed": 4.452873, "delta": 0.008976}}
{"target": -370.48056502783066, "params": {"gamma": 8.905177817288482, "prior": 3.8802397278820355, "rate": 4.438608178466819}, "datetime": {"datetime": "2024-06-14 04:07:29", "elapsed": 4.462147, "delta": 0.009274}}
{"target": -124.61997428540579, "params": {"gamma": 1.0167131779857155, "prior": 2.335488532069228, "rate": 9.713233372262836}, "datetime": {"datetime": "2024-06-14 04:07:29", "elapsed": 4.471123, "delta": 0.008976}}
{"target": -169.5078731300292, "params": {"gamma": 2.8469550657183857, "prior": 9.083221808185874, "rate": 8.905632311496733}, "datetime": {"datetime": "2024-06-14 04:07:29", "elapsed": 4.480099, "delta": 0.008976}}
{"target": -541.9101958796872, "params": {"gamma": 9.225122468106674, "prior": 1.645880687963868, "rate": 8.797341712870308}, "datetime": {"datetime": "2024-06-14 04:07:29", "elapsed": 4.490072, "delta": 0.009973}}
{"target": -275.85869717387914, "params": {"gamma": 6.320317509680909, "prior": 2.1852189663461443, "rate": 3.4518140318860318}, "datetime": {"datetime": "2024-06-14 04:07:29", "elapsed": 4.499048, "delta": 0.008976}}
{"target": -182.20153205521822, "params": {"gamma": 1.6000279671042428, "prior": 4.499046758716659, "rate": 0.8386657635007598}, "datetime": {"datetime": "2024-06-14 04:07:29", "elapsed": 4.508024, "delta": 0.008976}}
{"target": -137.5672093863122, "params": {"gamma": 1.654019586311918, "prior": 2.052243830020026, "rate": 6.910582388225486}, "datetime": {"datetime": "2024-06-14 04:07:29", "elapsed": 4.517, "delta": 0.008976}}
{"target": -392.2089408219952, "params": {"gamma": 5.738454888784365, "prior": 8.745899026963649, "rate": 2.447096023126362}, "datetime": {"datetime": "2024-06-14 04:07:29", "elapsed": 4.526973, "delta": 0.009973}}
{"target": -445.97674557428434, "params": {"gamma": 6.296449959232413, "prior": 0.4408695265402466, "rate": 5.162468412309614}, "datetime": {"datetime": "2024-06-14 04:07:29", "elapsed": 4.53595, "delta": 0.008977}}
{"target": -754.1358527717246, "params": {"gamma": 8.632401590656782, "prior": 9.842852784460677, "rate": 0.09971988061382621}, "datetime": {"datetime": "2024-06-14 04:07:29", "elapsed": 4.544926, "delta": 0.008976}}
{"target": -221.6964407477118, "params": {"gamma": 2.5291619792860742, "prior": 2.316111736242501, "rate": 0.4763284046833772}, "datetime": {"datetime": "2024-06-14 04:07:29", "elapsed": 4.554899, "delta": 0.009973}}
{"target": -156.37382638160295, "params": {"gamma": 0.10271439016149476, "prior": 4.952933591217894, "rate": 0.4557759745572704}, "datetime": {"datetime": "2024-06-14 04:07:29", "elapsed": 4.564008, "delta": 0.009109}}
{"target": -198.7534882662669, "params": {"gamma": 2.784002980338173, "prior": 6.435748234178231, "rate": 2.9476257235674814}, "datetime": {"datetime": "2024-06-14 04:07:29", "elapsed": 4.573489, "delta": 0.009481}}
{"target": -180.22145713979577, "params": {"gamma": 2.6972773568893555, "prior": 5.946410570211314, "rate": 3.805960238019191}, "datetime": {"datetime": "2024-06-14 04:07:29", "elapsed": 4.582466, "delta": 0.008977}}
{"target": -299.62580493471376, "params": {"gamma": 7.025527816580048, "prior": 5.011627117373624, "rate": 6.33245944879897}, "datetime": {"datetime": "2024-06-14 04:07:29", "elapsed": 4.591441, "delta": 0.008975}}
{"target": -232.77887624150353, "params": {"gamma": 3.5345900756692927, "prior": 2.9417350669395357, "rate": 1.3329379303972684}, "datetime": {"datetime": "2024-06-14 04:07:29", "elapsed": 4.600417, "delta": 0.008976}}
{"target": -385.7137240799444, "params": {"gamma": 9.370866767604843, "prior": 8.067874875556367, "rate": 9.380347403020368}, "datetime": {"datetime": "2024-06-14 04:07:29", "elapsed": 4.610391, "delta": 0.009974}}
{"target": -142.6237244983023, "params": {"gamma": 1.8546198659533752, "prior": 9.338242051949933, "rate": 9.357596323713638}, "datetime": {"datetime": "2024-06-14 04:07:29", "elapsed": 4.618955, "delta": 0.008564}}
{"target": -164.65430683183666, "params": {"gamma": 2.8361615915229414, "prior": 2.8188790593962434, "rate": 5.514764305160052}, "datetime": {"datetime": "2024-06-14 04:07:29", "elapsed": 4.627931, "delta": 0.008976}}
{"target": -167.73268349019838, "params": {"gamma": 1.8537071044461548, "prior": 4.476800995204981, "rate": 1.8539911417309063}, "datetime": {"datetime": "2024-06-14 04:07:29", "elapsed": 4.637904, "delta": 0.009973}}
{"target": -403.85489335060595, "params": {"gamma": 9.473811803621638, "prior": 4.988864109161748, "rate": 9.639213756472554}, "datetime": {"datetime": "2024-06-14 04:07:29", "elapsed": 4.64688, "delta": 0.008976}}
{"target": -291.2642775985424, "params": {"gamma": 6.449771783449607, "prior": 4.894726153020617, "rate": 9.676984764366013}, "datetime": {"datetime": "2024-06-14 04:07:29", "elapsed": 4.655856, "delta": 0.008976}}
{"target": -134.07423238713127, "params": {"gamma": 1.4327546273059197, "prior": 6.360065759198316, "rate": 6.6192217900001395}, "datetime": {"datetime": "2024-06-14 04:07:29", "elapsed": 4.665405, "delta": 0.009549}}
{"target": -289.29544917049157, "params": {"gamma": 4.3389644317001075, "prior": 0.6876365308556791, "rate": 4.927733289059168}, "datetime": {"datetime": "2024-06-14 04:07:29", "elapsed": 4.674381, "delta": 0.008976}}
{"target": -316.51993342435895, "params": {"gamma": 4.651874301237257, "prior": 8.08679342667115, "rate": 2.5673532385398095}, "datetime": {"datetime": "2024-06-14 04:07:29", "elapsed": 4.683357, "delta": 0.008976}}
{"target": -213.39624814274651, "params": {"gamma": 3.914912199479702, "prior": 2.4777048514916347, "rate": 6.864747708308469}, "datetime": {"datetime": "2024-06-14 04:07:29", "elapsed": 4.692334, "delta": 0.008977}}
{"target": -549.0121415438495, "params": {"gamma": 9.898844649917818, "prior": 1.856552414995793, "rate": 8.214645955522746}, "datetime": {"datetime": "2024-06-14 04:07:29", "elapsed": 4.702307, "delta": 0.009973}}
