{"target": -144.19520903648402, "params": {"gamma": 0.311939657480023, "prior": 5.754639817943711, "rate": 1.8055046214421606}, "datetime": {"datetime": "2024-06-14 06:59:06", "elapsed": 2.668993, "delta": 0.008976}}
{"target": -271.1529102067981, "params": {"gamma": 6.309961044194965, "prior": 9.811144389930757, "rate": 8.749150609572597}, "datetime": {"datetime": "2024-06-14 06:59:06", "elapsed": 2.676971, "delta": 0.007978}}
{"target": -200.90258957392464, "params": {"gamma": 4.518910657959286, "prior": 7.113762613512001, "rate": 7.77491003128189}, "datetime": {"datetime": "2024-06-14 06:59:06", "elapsed": 2.685948, "delta": 0.008977}}
{"target": -310.82838347996557, "params": {"gamma": 4.9489359987414545, "prior": 5.332481552757894, "rate": 1.5086931993235537}, "datetime": {"datetime": "2024-06-14 06:59:06", "elapsed": 2.694924, "delta": 0.008976}}
{"target": -173.99694371259062, "params": {"gamma": 3.6946298561934507, "prior": 1.5079904054205882, "rate": 7.269210639692282}, "datetime": {"datetime": "2024-06-14 06:59:06", "elapsed": 2.7039, "delta": 0.008976}}
{"target": -189.75576484118452, "params": {"gamma": 4.770652931028231, "prior": 4.543900483396978, "rate": 8.860093713682348}, "datetime": {"datetime": "2024-06-14 06:59:06", "elapsed": 2.712875, "delta": 0.008975}}
{"target": -261.5954973492498, "params": {"gamma": 5.2766601043433035, "prior": 4.149999235976913, "rate": 2.6896513301042457}, "datetime": {"datetime": "2024-06-14 06:59:06", "elapsed": 2.722244, "delta": 0.009369}}
{"target": -162.25243857714122, "params": {"gamma": 0.7210483396625298, "prior": 4.239547723880626, "rate": 0.25850907058342715}, "datetime": {"datetime": "2024-06-14 06:59:06", "elapsed": 2.730223, "delta": 0.007979}}
{"target": -149.093907133277, "params": {"gamma": 2.912248251583728, "prior": 5.084744147499125, "rate": 9.659364717132203}, "datetime": {"datetime": "2024-06-14 06:59:06", "elapsed": 2.739199, "delta": 0.008976}}
{"target": -133.75366808867798, "params": {"gamma": 1.0947197590216522, "prior": 6.7631064367445575, "rate": 4.999823778620901}, "datetime": {"datetime": "2024-06-14 06:59:06", "elapsed": 2.748175, "delta": 0.008976}}
{"target": -387.30916329542157, "params": {"gamma": 7.771205194528555, "prior": 1.521709278954672, "rate": 0.8329431617223197}, "datetime": {"datetime": "2024-06-14 06:59:06", "elapsed": 2.757151, "delta": 0.008976}}
{"target": -270.5669245073815, "params": {"gamma": 3.9927868349191855, "prior": 7.989926294601011, "rate": 1.917565713359991}, "datetime": {"datetime": "2024-06-14 06:59:06", "elapsed": 2.766127, "delta": 0.008976}}
{"target": -345.17839680666737, "params": {"gamma": 7.678004144280593, "prior": 2.9739501709124956, "rate": 2.1696979846303415}, "datetime": {"datetime": "2024-06-14 06:59:06", "elapsed": 2.775103, "delta": 0.008976}}
{"target": -140.87248425606145, "params": {"gamma": 0.1681391751809873, "prior": 4.046724693231549, "rate": 3.8114338314432303}, "datetime": {"datetime": "2024-06-14 06:59:06", "elapsed": 2.784079, "delta": 0.008976}}
{"target": -233.31250204170115, "params": {"gamma": 6.593790017017453, "prior": 0.8020921646568335, "rate": 1.5268872664356763}, "datetime": {"datetime": "2024-06-14 06:59:06", "elapsed": 2.793054, "delta": 0.008975}}
{"target": -135.56914206958334, "params": {"gamma": 0.16674225312644053, "prior": 1.2265839288293277, "rate": 6.518240970824895}, "datetime": {"datetime": "2024-06-14 06:59:06", "elapsed": 2.802031, "delta": 0.008977}}
{"target": -174.44263138900513, "params": {"gamma": 4.027165864897017, "prior": 3.278160510256427, "rate": 5.579562030443482}, "datetime": {"datetime": "2024-06-14 06:59:06", "elapsed": 2.81001, "delta": 0.007979}}
{"target": -413.0000850771293, "params": {"gamma": 9.9346111705354, "prior": 8.361416488778493, "rate": 6.99653220081344}, "datetime": {"datetime": "2024-06-14 06:59:06", "elapsed": 2.819491, "delta": 0.009481}}
{"target": -315.4840375788881, "params": {"gamma": 9.182667632731448, "prior": 0.4933141961625397, "rate": 0.7042640827136369}, "datetime": {"datetime": "2024-06-14 06:59:06", "elapsed": 2.828467, "delta": 0.008976}}
{"target": -188.98687905763316, "params": {"gamma": 4.740588893590559, "prior": 3.5567573882750656, "rate": 9.37258336922236}, "datetime": {"datetime": "2024-06-14 06:59:06", "elapsed": 2.837443, "delta": 0.008976}}
{"target": -195.49069665977612, "params": {"gamma": 4.896160046490541, "prior": 5.442526189924171, "rate": 8.952708396946477}, "datetime": {"datetime": "2024-06-14 06:59:06", "elapsed": 2.846419, "delta": 0.008976}}
{"target": -284.37101821248285, "params": {"gamma": 4.466903823191082, "prior": 8.782640453776484, "rate": 2.536563911966912}, "datetime": {"datetime": "2024-06-14 06:59:06", "elapsed": 2.855395, "delta": 0.008976}}
{"target": -146.9320518102523, "params": {"gamma": 2.7388232318769274, "prior": 3.3507777618671426, "rate": 5.476095140539054}, "datetime": {"datetime": "2024-06-14 06:59:06", "elapsed": 2.864371, "delta": 0.008976}}
{"target": -191.7803442938133, "params": {"gamma": 2.2020666115957854, "prior": 6.747148793704605, "rate": 1.4287900347472011}, "datetime": {"datetime": "2024-06-14 06:59:06", "elapsed": 2.873347, "delta": 0.008976}}
{"target": -149.55104232606024, "params": {"gamma": 0.9419086447218946, "prior": 8.714898287433238, "rate": 2.3694501668664283}, "datetime": {"datetime": "2024-06-14 06:59:06", "elapsed": 2.882323, "delta": 0.008976}}
{"target": -190.17718081380906, "params": {"gamma": 3.8606541062149327, "prior": 5.758266717980789, "rate": 5.258493897544749}, "datetime": {"datetime": "2024-06-14 06:59:06", "elapsed": 2.891299, "delta": 0.008976}}
{"target": -128.42458214893057, "params": {"gamma": 0.7611627705416266, "prior": 8.75384676242048, "rate": 9.511405048568502}, "datetime": {"datetime": "2024-06-14 06:59:06", "elapsed": 2.900275, "delta": 0.008976}}
{"target": -272.5051370473729, "params": {"gamma": 8.125260534442543, "prior": 2.9096381659740556, "rate": 5.278940114383477}, "datetime": {"datetime": "2024-06-14 06:59:06", "elapsed": 2.909251, "delta": 0.008976}}
{"target": -160.00710264608827, "params": {"gamma": 3.394827823452077, "prior": 5.5912063767979, "rate": 9.744060285661112}, "datetime": {"datetime": "2024-06-14 06:59:06", "elapsed": 2.918732, "delta": 0.009481}}
{"target": -195.34788876247703, "params": {"gamma": 3.1177174742720952, "prior": 6.72108639863641, "rate": 3.26034610588255}, "datetime": {"datetime": "2024-06-14 06:59:06", "elapsed": 2.927709, "delta": 0.008977}}
{"target": -260.544130061824, "params": {"gamma": 7.744998182884782, "prior": 3.325518669470728, "rate": 8.898383587132303}, "datetime": {"datetime": "2024-06-14 06:59:06", "elapsed": 2.936685, "delta": 0.008976}}
{"target": -361.02738142976665, "params": {"gamma": 7.51732550147175, "prior": 7.650057744906595, "rate": 4.695320806570698}, "datetime": {"datetime": "2024-06-14 06:59:06", "elapsed": 2.94566, "delta": 0.008975}}
{"target": -138.08683628589304, "params": {"gamma": 2.108434260184585, "prior": 0.5106032878073389, "rate": 3.218966170902475}, "datetime": {"datetime": "2024-06-14 06:59:06", "elapsed": 2.954637, "delta": 0.008977}}
{"target": -135.23764715518584, "params": {"gamma": 0.3720895322754502, "prior": 6.969168572601607, "rate": 6.703829969329749}, "datetime": {"datetime": "2024-06-14 06:59:06", "elapsed": 2.963613, "delta": 0.008976}}
{"target": -219.6425448268909, "params": {"gamma": 4.305287355667006, "prior": 7.701110878815912, "rate": 5.360548938900898}, "datetime": {"datetime": "2024-06-14 06:59:06", "elapsed": 2.972589, "delta": 0.008976}}
{"target": -132.03989152050332, "params": {"gamma": 0.3995594064278903, "prior": 1.4344518678107228, "rate": 1.9349705737501688}, "datetime": {"datetime": "2024-06-14 06:59:06", "elapsed": 2.981564, "delta": 0.008975}}
{"target": -178.32067238905861, "params": {"gamma": 3.357302347845333, "prior": 0.6178981697310199, "rate": 6.051562688223163}, "datetime": {"datetime": "2024-06-14 06:59:06", "elapsed": 2.99054, "delta": 0.008976}}
{"target": -249.76989929065152, "params": {"gamma": 5.121098214211664, "prior": 6.212864018969845, "rate": 4.324123592048677}, "datetime": {"datetime": "2024-06-14 06:59:06", "elapsed": 2.999517, "delta": 0.008977}}
{"target": -640.3918256937781, "params": {"gamma": 8.47715698190614, "prior": 4.595184654985598, "rate": 0.15501979439941704}, "datetime": {"datetime": "2024-06-14 06:59:06", "elapsed": 3.007495, "delta": 0.007978}}
{"target": -315.5401535352681, "params": {"gamma": 8.730808416322548, "prior": 6.596395322666579, "rate": 8.23020740344406}, "datetime": {"datetime": "2024-06-14 06:59:06", "elapsed": 3.017075, "delta": 0.00958}}
{"target": -321.43563451919033, "params": {"gamma": 9.517805154645483, "prior": 0.6040325968171834, "rate": 2.3514835690460547}, "datetime": {"datetime": "2024-06-14 06:59:06", "elapsed": 3.025024, "delta": 0.007949}}
{"target": -124.14072799363588, "params": {"gamma": 0.6343710911199417, "prior": 4.274413071721264, "rate": 8.638427625869019}, "datetime": {"datetime": "2024-06-14 06:59:06", "elapsed": 3.034, "delta": 0.008976}}
{"target": -148.359777519142, "params": {"gamma": 0.817158203167966, "prior": 4.783808333570197, "rate": 1.2563055549774276}, "datetime": {"datetime": "2024-06-14 06:59:06", "elapsed": 3.042977, "delta": 0.008977}}
{"target": -574.7044703131218, "params": {"gamma": 7.729083136069011, "prior": 8.43007935227885, "rate": 0.4338660909233998}, "datetime": {"datetime": "2024-06-14 06:59:06", "elapsed": 3.051952, "delta": 0.008975}}
{"target": -198.78452811553166, "params": {"gamma": 4.864920990960778, "prior": 2.470169336963784, "rate": 9.5247853431509}, "datetime": {"datetime": "2024-06-14 06:59:06", "elapsed": 3.061926, "delta": 0.009974}}
{"target": -314.4095773147133, "params": {"gamma": 9.438982385210178, "prior": 6.1779466236085385, "rate": 9.734900485854638}, "datetime": {"datetime": "2024-06-14 06:59:06", "elapsed": 3.072897, "delta": 0.010971}}
{"target": -208.14109710542755, "params": {"gamma": 3.4492685758187935, "prior": 8.98872210491005, "rate": 4.346515139111687}, "datetime": {"datetime": "2024-06-14 06:59:06", "elapsed": 3.081872, "delta": 0.008975}}
{"target": -156.29312226170876, "params": {"gamma": 2.35891055683799, "prior": 9.414196835693854, "rate": 6.842496291781293}, "datetime": {"datetime": "2024-06-14 06:59:06", "elapsed": 3.091846, "delta": 0.009974}}
{"target": -132.81046228745552, "params": {"gamma": 0.6500509418059542, "prior": 8.717206082548355, "rate": 7.01410156603883}, "datetime": {"datetime": "2024-06-14 06:59:07", "elapsed": 3.100822, "delta": 0.008976}}
{"target": -353.2787448934637, "params": {"gamma": 6.049663802869843, "prior": 7.350511501875372, "rate": 2.535136985955308}, "datetime": {"datetime": "2024-06-14 06:59:07", "elapsed": 3.109798, "delta": 0.008976}}
{"target": -451.3348998291899, "params": {"gamma": 6.00528906379017, "prior": 8.164729894490387, "rate": 0.542082489579675}, "datetime": {"datetime": "2024-06-14 06:59:07", "elapsed": 3.118774, "delta": 0.008976}}
{"target": -135.74743568697124, "params": {"gamma": 1.3059762027213204, "prior": 8.440213518568495, "rate": 6.183840347409528}, "datetime": {"datetime": "2024-06-14 06:59:07", "elapsed": 3.126753, "delta": 0.007979}}
{"target": -220.68180293363145, "params": {"gamma": 5.3133468170001, "prior": 2.558078217071276, "rate": 2.9514906739197095}, "datetime": {"datetime": "2024-06-14 06:59:07", "elapsed": 3.136726, "delta": 0.009973}}
{"target": -580.488773047662, "params": {"gamma": 8.726988963029699, "prior": 4.274492755012122, "rate": 0.6452381255404884}, "datetime": {"datetime": "2024-06-14 06:59:07", "elapsed": 3.145702, "delta": 0.008976}}
{"target": -306.85323776350816, "params": {"gamma": 8.969953710006317, "prior": 2.1134702449581058, "rate": 8.262449127388422}, "datetime": {"datetime": "2024-06-14 06:59:07", "elapsed": 3.154678, "delta": 0.008976}}
{"target": -320.8960873941585, "params": {"gamma": 8.81782446020499, "prior": 4.918832373701547, "rate": 5.98504846635326}, "datetime": {"datetime": "2024-06-14 06:59:07", "elapsed": 3.162656, "delta": 0.007978}}
{"target": -211.30351289845137, "params": {"gamma": 5.273147297397685, "prior": 6.28573081243644, "rate": 8.550562171752167}, "datetime": {"datetime": "2024-06-14 06:59:07", "elapsed": 3.171633, "delta": 0.008977}}
{"target": -173.58134044010527, "params": {"gamma": 2.8221123446002014, "prior": 8.849179530987948, "rate": 5.677335610861374}, "datetime": {"datetime": "2024-06-14 06:59:07", "elapsed": 3.180608, "delta": 0.008975}}
{"target": -120.66683053051747, "params": {"gamma": 1.151915306628067, "prior": 2.347311535625114, "rate": 5.960227873744525}, "datetime": {"datetime": "2024-06-14 06:59:07", "elapsed": 3.189585, "delta": 0.008977}}
{"target": -145.49711409056778, "params": {"gamma": 2.395222922809899, "prior": 1.4010150393208598, "rate": 1.6193152935242277}, "datetime": {"datetime": "2024-06-14 06:59:07", "elapsed": 3.198561, "delta": 0.008976}}
{"target": -287.2411998965273, "params": {"gamma": 8.448880309839154, "prior": 6.061618173537837, "rate": 9.635707304796231}, "datetime": {"datetime": "2024-06-14 06:59:07", "elapsed": 3.207537, "delta": 0.008976}}
{"target": -175.1420579648705, "params": {"gamma": 3.4574464537469587, "prior": 5.996688471536002, "rate": 5.9902539044452245}, "datetime": {"datetime": "2024-06-14 06:59:07", "elapsed": 3.216512, "delta": 0.008975}}
{"target": -273.6716118089861, "params": {"gamma": 6.157427167752284, "prior": 0.6858543511386517, "rate": 7.503421528562285}, "datetime": {"datetime": "2024-06-14 06:59:07", "elapsed": 3.225488, "delta": 0.008976}}
{"target": -532.046519528879, "params": {"gamma": 9.482146772378064, "prior": 5.393322666077928, "rate": 1.926367653529729}, "datetime": {"datetime": "2024-06-14 06:59:07", "elapsed": 3.234465, "delta": 0.008977}}
{"target": -345.2128596526583, "params": {"gamma": 7.529506223884443, "prior": 0.17245779634585162, "rate": 3.2832327804041577}, "datetime": {"datetime": "2024-06-14 06:59:07", "elapsed": 3.24344, "delta": 0.008975}}
{"target": -314.31899336232686, "params": {"gamma": 9.176145870096288, "prior": 5.92483659564938, "rate": 8.55204764875745}, "datetime": {"datetime": "2024-06-14 06:59:07", "elapsed": 3.252417, "delta": 0.008977}}
{"target": -247.67370447139893, "params": {"gamma": 6.047115851439529, "prior": 8.243523709986324, "rate": 8.79495575076974}, "datetime": {"datetime": "2024-06-14 06:59:07", "elapsed": 3.261422, "delta": 0.009005}}
{"target": -163.7848586880927, "params": {"gamma": 3.210542758870008, "prior": 1.3172522383665672, "rate": 7.213312138521522}, "datetime": {"datetime": "2024-06-14 06:59:07", "elapsed": 3.270369, "delta": 0.008947}}
{"target": -190.04826329689408, "params": {"gamma": 4.404030521225552, "prior": 1.3546835205058854, "rate": 5.898646657450783}, "datetime": {"datetime": "2024-06-14 06:59:07", "elapsed": 3.279345, "delta": 0.008976}}
{"target": -127.60969520407404, "params": {"gamma": 0.36164707738402946, "prior": 2.0818029524687707, "rate": 7.883223595490022}, "datetime": {"datetime": "2024-06-14 06:59:07", "elapsed": 3.288322, "delta": 0.008977}}
{"target": -148.5654557434055, "params": {"gamma": 0.12195550339356331, "prior": 3.1031221499148343, "rate": 0.2147382349196191}, "datetime": {"datetime": "2024-06-14 06:59:07", "elapsed": 3.298296, "delta": 0.009974}}
{"target": -504.9366787189453, "params": {"gamma": 9.974852442290567, "prior": 5.862096765800271, "rate": 2.93446940858208}, "datetime": {"datetime": "2024-06-14 06:59:07", "elapsed": 3.307272, "delta": 0.008976}}
{"target": -378.7829337731865, "params": {"gamma": 9.289565669469264, "prior": 5.120482293127225, "rate": 4.547467583296517}, "datetime": {"datetime": "2024-06-14 06:59:07", "elapsed": 3.317244, "delta": 0.009972}}
{"target": -238.7969050487602, "params": {"gamma": 5.879127191455569, "prior": 2.7149626776846394, "rate": 3.0535777051749857}, "datetime": {"datetime": "2024-06-14 06:59:07", "elapsed": 3.326219, "delta": 0.008975}}
{"target": -165.45107730097791, "params": {"gamma": 3.7171741126651003, "prior": 2.520035193778948, "rate": 5.845888113900182}, "datetime": {"datetime": "2024-06-14 06:59:07", "elapsed": 3.335195, "delta": 0.008976}}
{"target": -305.3943328656913, "params": {"gamma": 6.958765493189333, "prior": 0.8122774796236112, "rate": 9.710862112935013}, "datetime": {"datetime": "2024-06-14 06:59:07", "elapsed": 3.344171, "delta": 0.008976}}
{"target": -309.33349798225794, "params": {"gamma": 7.53095348803868, "prior": 8.081015313238742, "rate": 7.516652400408825}, "datetime": {"datetime": "2024-06-14 06:59:07", "elapsed": 3.353147, "delta": 0.008976}}
{"target": -130.26142623784958, "params": {"gamma": 0.8015297117349018, "prior": 4.868793201909653, "rate": 4.457283891060159}, "datetime": {"datetime": "2024-06-14 06:59:07", "elapsed": 3.36312, "delta": 0.009973}}
{"target": -243.2777675695093, "params": {"gamma": 6.725054032598774, "prior": 4.5424988623607865, "rate": 7.043429670440712}, "datetime": {"datetime": "2024-06-14 06:59:07", "elapsed": 3.372097, "delta": 0.008977}}
{"target": -289.7640992338687, "params": {"gamma": 6.816771730688627, "prior": 7.001770434652286, "rate": 6.186388824872803}, "datetime": {"datetime": "2024-06-14 06:59:07", "elapsed": 3.381073, "delta": 0.008976}}
{"target": -132.25520366161615, "params": {"gamma": 1.5106563520631782, "prior": 7.631944317426985, "rate": 7.810677176117377}, "datetime": {"datetime": "2024-06-14 06:59:07", "elapsed": 3.390048, "delta": 0.008975}}
{"target": -399.96154002362033, "params": {"gamma": 9.041125756152136, "prior": 2.414310056780649, "rate": 1.7676122518303419}, "datetime": {"datetime": "2024-06-14 06:59:07", "elapsed": 3.399025, "delta": 0.008977}}
{"target": -169.898277116176, "params": {"gamma": 3.9116001319445175, "prior": 3.2735900745520863, "rate": 8.154953813127257}, "datetime": {"datetime": "2024-06-14 06:59:07", "elapsed": 3.408, "delta": 0.008975}}
{"target": -310.82888479631845, "params": {"gamma": 6.135645470784649, "prior": 7.624017348262513, "rate": 4.277223331869946}, "datetime": {"datetime": "2024-06-14 06:59:07", "elapsed": 3.416977, "delta": 0.008977}}
{"target": -119.60641264787947, "params": {"gamma": 0.9953061885929767, "prior": 1.238846619297438, "rate": 3.734697910240216}, "datetime": {"datetime": "2024-06-14 06:59:07", "elapsed": 3.42695, "delta": 0.009973}}
{"target": -146.36200338660177, "params": {"gamma": 1.939283827327562, "prior": 8.225390336367088, "rate": 5.996760448228745}, "datetime": {"datetime": "2024-06-14 06:59:07", "elapsed": 3.435926, "delta": 0.008976}}
{"target": -454.7676605634807, "params": {"gamma": 6.888763744927632, "prior": 4.9619886169125325, "rate": 0.8826486387405684}, "datetime": {"datetime": "2024-06-14 06:59:07", "elapsed": 3.444902, "delta": 0.008976}}
{"target": -173.6488028761727, "params": {"gamma": 2.351541289225017, "prior": 4.669860600827058, "rate": 1.9867164390362086}, "datetime": {"datetime": "2024-06-14 06:59:07", "elapsed": 3.453878, "delta": 0.008976}}
{"target": -137.99249618268504, "params": {"gamma": 0.2557368815524242, "prior": 7.321037212735911, "rate": 7.249442555443973}, "datetime": {"datetime": "2024-06-14 06:59:07", "elapsed": 3.462854, "delta": 0.008976}}
{"target": -200.25086573479533, "params": {"gamma": 3.304587071870666, "prior": 8.45059184803019, "rate": 4.284996317034784}, "datetime": {"datetime": "2024-06-14 06:59:07", "elapsed": 3.472551, "delta": 0.009697}}
{"target": -356.4368713797744, "params": {"gamma": 8.64699676149058, "prior": 6.604947703766606, "rate": 5.810775538523484}, "datetime": {"datetime": "2024-06-14 06:59:07", "elapsed": 3.481035, "delta": 0.008484}}
{"target": -133.04904739189192, "params": {"gamma": 2.008074152862875, "prior": 5.342511443736109, "rate": 8.944429751857296}, "datetime": {"datetime": "2024-06-14 06:59:07", "elapsed": 3.491009, "delta": 0.009974}}
{"target": -163.15955044900323, "params": {"gamma": 3.0506347643763254, "prior": 8.722361530694428, "rate": 9.087543983311022}, "datetime": {"datetime": "2024-06-14 06:59:07", "elapsed": 3.499016, "delta": 0.008007}}
{"target": -163.00923563985495, "params": {"gamma": 3.2991157822561417, "prior": 6.862436226731985, "rate": 8.992310274710121}, "datetime": {"datetime": "2024-06-14 06:59:07", "elapsed": 3.508812, "delta": 0.009796}}
{"target": -150.1879004642835, "params": {"gamma": 0.7578931207012753, "prior": 8.798019845727227, "rate": 1.9092027933215376}, "datetime": {"datetime": "2024-06-14 06:59:07", "elapsed": 3.517788, "delta": 0.008976}}
{"target": -429.9932448399533, "params": {"gamma": 8.497839331269288, "prior": 6.704476008122119, "rate": 3.4440476153050885}, "datetime": {"datetime": "2024-06-14 06:59:07", "elapsed": 3.526763, "delta": 0.008975}}
{"target": -128.55874745722622, "params": {"gamma": 1.5146043243579972, "prior": 6.390172518735689, "rate": 8.478032649103701}, "datetime": {"datetime": "2024-06-14 06:59:07", "elapsed": 3.535739, "delta": 0.008976}}
{"target": -284.26022595913315, "params": {"gamma": 8.218671898265342, "prior": 6.319572011593512, "rate": 9.563058796042565}, "datetime": {"datetime": "2024-06-14 06:59:07", "elapsed": 3.545713, "delta": 0.009974}}
{"target": -215.49893994927143, "params": {"gamma": 5.899641347630623, "prior": 2.058544568014401, "rate": 4.293877895442307}, "datetime": {"datetime": "2024-06-14 06:59:07", "elapsed": 3.555261, "delta": 0.009548}}
{"target": -216.54946152410852, "params": {"gamma": 3.3681232410129716, "prior": 9.920255617882082, "rate": 3.8029847246765303}, "datetime": {"datetime": "2024-06-14 06:59:07", "elapsed": 3.563239, "delta": 0.007978}}
{"target": -567.8368754065074, "params": {"gamma": 9.927016035774514, "prior": 5.2361620822608, "rate": 1.7236247350697775}, "datetime": {"datetime": "2024-06-14 06:59:07", "elapsed": 3.573212, "delta": 0.009973}}
