{"target": -652.4705769062787, "params": {"gamma": 6.139097026322785, "lr": 0.3241385298974466}, "datetime": {"datetime": "2024-06-13 19:11:55", "elapsed": 1.186506, "delta": 0.003989}}
{"target": -447.6720079178572, "params": {"gamma": 4.574144456728294, "lr": 0.44411710701661444}, "datetime": {"datetime": "2024-06-13 19:11:55", "elapsed": 1.189497, "delta": 0.002991}}
{"target": -796.6389436237436, "params": {"gamma": 8.281525471954389, "lr": 0.4263481542362306}, "datetime": {"datetime": "2024-06-13 19:11:55", "elapsed": 1.193487, "delta": 0.00399}}
{"target": -467.0025804597193, "params": {"gamma": 3.4576425129338477, "lr": 0.6749716048091052}, "datetime": {"datetime": "2024-06-13 19:11:55", "elapsed": 1.196479, "delta": 0.002992}}
{"target": -231.3437811779148, "params": {"gamma": 2.215599075279554, "lr": 0.4672458239265538}, "datetime": {"datetime": "2024-06-13 19:11:55", "elapsed": 1.199471, "delta": 0.002992}}
{"target": -358.1105015382266, "params": {"gamma": 3.1483421075528404, "lr": 0.6268556021628346}, "datetime": {"datetime": "2024-06-13 19:11:55", "elapsed": 1.20346, "delta": 0.003989}}
{"target": -831.9950467944271, "params": {"gamma": 8.773727386473432, "lr": 0.4476890001456285}, "datetime": {"datetime": "2024-06-13 19:11:55", "elapsed": 1.206453, "delta": 0.002993}}
{"target": -745.6690703979751, "params": {"gamma": 7.84478973050044, "lr": 0.4569657005615504}, "datetime": {"datetime": "2024-06-13 19:11:55", "elapsed": 1.210441, "delta": 0.003988}}
{"target": -942.4025769025877, "params": {"gamma": 6.562637087839597, "lr": 0.13184097502750214}, "datetime": {"datetime": "2024-06-13 19:11:55", "elapsed": 1.213433, "delta": 0.002992}}
{"target": -718.0064430399717, "params": {"gamma": 4.3303820881695145, "lr": 0.9093119886549367}, "datetime": {"datetime": "2024-06-13 19:11:55", "elapsed": 1.217424, "delta": 0.003991}}
{"target": -816.4452581766319, "params": {"gamma": 6.055184531308316, "lr": 0.7667745872371021}, "datetime": {"datetime": "2024-06-13 19:11:55", "elapsed": 1.220415, "delta": 0.002991}}
{"target": -486.30091361599943, "params": {"gamma": 5.047501380350848, "lr": 0.49805562482800747}, "datetime": {"datetime": "2024-06-13 19:11:55", "elapsed": 1.224404, "delta": 0.003989}}
{"target": -1625.6409121360477, "params": {"gamma": 8.429155502088307, "lr": 0.06780693434095375}, "datetime": {"datetime": "2024-06-13 19:11:55", "elapsed": 1.227396, "delta": 0.002992}}
{"target": -943.7274808933464, "params": {"gamma": 5.733149443225297, "lr": 0.9427625754329493}, "datetime": {"datetime": "2024-06-13 19:11:55", "elapsed": 1.231385, "delta": 0.003989}}
{"target": -713.4390935690653, "params": {"gamma": 5.179082621675048, "lr": 0.1944658095278845}, "datetime": {"datetime": "2024-06-13 19:11:55", "elapsed": 1.234378, "delta": 0.002993}}
{"target": -899.2676466966386, "params": {"gamma": 8.479545985042318, "lr": 0.25163914235585283}, "datetime": {"datetime": "2024-06-13 19:11:55", "elapsed": 1.238367, "delta": 0.003989}}
{"target": -722.2276918478294, "params": {"gamma": 7.007559638788898, "lr": 0.5402609403968999}, "datetime": {"datetime": "2024-06-13 19:11:55", "elapsed": 1.241359, "delta": 0.002992}}
{"target": -1019.2737568708798, "params": {"gamma": 9.488414046513915, "lr": 0.6243367024026759}, "datetime": {"datetime": "2024-06-13 19:11:55", "elapsed": 1.245348, "delta": 0.003989}}
{"target": -1616.3645182707157, "params": {"gamma": 8.379941642515245, "lr": 0.007932876194523097}, "datetime": {"datetime": "2024-06-13 19:11:55", "elapsed": 1.24834, "delta": 0.002992}}
{"target": -1901.6467350850141, "params": {"gamma": 9.893411221610213, "lr": 0.07771457033238649}, "datetime": {"datetime": "2024-06-13 19:11:55", "elapsed": 1.251332, "delta": 0.002992}}
{"target": -540.8289123179035, "params": {"gamma": 3.2219730066340815, "lr": 0.9461523954567653}, "datetime": {"datetime": "2024-06-13 19:11:55", "elapsed": 1.255322, "delta": 0.00399}}
{"target": -138.60242533103016, "params": {"gamma": 0.09038208461007943, "lr": 0.8227300054219355}, "datetime": {"datetime": "2024-06-13 19:11:55", "elapsed": 1.258314, "delta": 0.002992}}
{"target": -827.8650548590344, "params": {"gamma": 8.612255172029577, "lr": 0.4398308142085725}, "datetime": {"datetime": "2024-06-13 19:11:55", "elapsed": 1.262303, "delta": 0.003989}}
{"target": -386.38299822686065, "params": {"gamma": 2.558196192865506, "lr": 0.8026895196332986}, "datetime": {"datetime": "2024-06-13 19:11:55", "elapsed": 1.265295, "delta": 0.002992}}
{"target": -693.0422042008819, "params": {"gamma": 4.77914218231778, "lr": 0.13433860865569613}, "datetime": {"datetime": "2024-06-13 19:11:55", "elapsed": 1.269284, "delta": 0.003989}}
{"target": -1484.7899816390413, "params": {"gamma": 9.278562079257282, "lr": 0.8959699670066484}, "datetime": {"datetime": "2024-06-13 19:11:55", "elapsed": 1.272276, "delta": 0.002992}}
{"target": -764.517348131023, "params": {"gamma": 4.915959955019337, "lr": 0.8567024965177922}, "datetime": {"datetime": "2024-06-13 19:11:55", "elapsed": 1.276266, "delta": 0.00399}}
{"target": -558.7431182455856, "params": {"gamma": 4.1863616796152225, "lr": 0.6834649001663011}, "datetime": {"datetime": "2024-06-13 19:11:55", "elapsed": 1.279258, "delta": 0.002992}}
{"target": -423.979424066053, "params": {"gamma": 3.9805084034398166, "lr": 0.5057420174508104}, "datetime": {"datetime": "2024-06-13 19:11:55", "elapsed": 1.283252, "delta": 0.003994}}
{"target": -333.7426818485352, "params": {"gamma": 1.896327476636439, "lr": 0.9649889241109139}, "datetime": {"datetime": "2024-06-13 19:11:55", "elapsed": 1.286239, "delta": 0.002987}}
{"target": -517.4114274977743, "params": {"gamma": 2.9428626667543027, "lr": 0.10345955611640134}, "datetime": {"datetime": "2024-06-13 19:11:55", "elapsed": 1.290228, "delta": 0.003989}}
{"target": -318.20531188440555, "params": {"gamma": 1.4440096868902519, "lr": 0.014092294192442956}, "datetime": {"datetime": "2024-06-13 19:11:55", "elapsed": 1.29322, "delta": 0.002992}}
{"target": -743.0907153078991, "params": {"gamma": 7.1597410489244835, "lr": 0.5644983202408741}, "datetime": {"datetime": "2024-06-13 19:11:55", "elapsed": 1.29721, "delta": 0.00399}}
{"target": -815.3279568121409, "params": {"gamma": 7.945988933496338, "lr": 0.5070799232841364}, "datetime": {"datetime": "2024-06-13 19:11:55", "elapsed": 1.300708, "delta": 0.003498}}
{"target": -1034.0314341624544, "params": {"gamma": 7.918418574002035, "lr": 0.6957642142718394}, "datetime": {"datetime": "2024-06-13 19:11:55", "elapsed": 1.3037, "delta": 0.002992}}
{"target": -749.1764275388476, "params": {"gamma": 7.778706920114895, "lr": 0.4064828689770863}, "datetime": {"datetime": "2024-06-13 19:11:55", "elapsed": 1.307689, "delta": 0.003989}}
{"target": -938.3558372386881, "params": {"gamma": 6.478058561241625, "lr": 0.1797942976929744}, "datetime": {"datetime": "2024-06-13 19:11:55", "elapsed": 1.310681, "delta": 0.002992}}
{"target": -479.51139088893103, "params": {"gamma": 3.2188778139156518, "lr": 0.1726046201197925}, "datetime": {"datetime": "2024-06-13 19:11:55", "elapsed": 1.31467, "delta": 0.003989}}
{"target": -506.96004260955624, "params": {"gamma": 4.086963612907611, "lr": 0.2414187479655988}, "datetime": {"datetime": "2024-06-13 19:11:55", "elapsed": 1.317663, "delta": 0.002993}}
{"target": -676.2113955421395, "params": {"gamma": 4.069813019299451, "lr": 0.9752223424373121}, "datetime": {"datetime": "2024-06-13 19:11:55", "elapsed": 1.321652, "delta": 0.003989}}
{"target": -537.9532114828088, "params": {"gamma": 3.2038729388944907, "lr": 0.9824909449748953}, "datetime": {"datetime": "2024-06-13 19:11:55", "elapsed": 1.324644, "delta": 0.002992}}
{"target": -633.74085949168, "params": {"gamma": 6.363424952433981, "lr": 0.375091018393911}, "datetime": {"datetime": "2024-06-13 19:11:55", "elapsed": 1.328665, "delta": 0.004021}}
{"target": -923.4343896820247, "params": {"gamma": 8.574987506336882, "lr": 0.6195867393685738}, "datetime": {"datetime": "2024-06-13 19:11:55", "elapsed": 1.331655, "delta": 0.00299}}
{"target": -357.89331704824485, "params": {"gamma": 2.521078768228263, "lr": 0.7928556779768876}, "datetime": {"datetime": "2024-06-13 19:11:55", "elapsed": 1.335643, "delta": 0.003988}}
{"target": -442.46682027250216, "params": {"gamma": 4.329952148832897, "lr": 0.3575111673304414}, "datetime": {"datetime": "2024-06-13 19:11:55", "elapsed": 1.338607, "delta": 0.002964}}
{"target": -447.70280478435023, "params": {"gamma": 3.3034390883142843, "lr": 0.6973688756131394}, "datetime": {"datetime": "2024-06-13 19:11:55", "elapsed": 1.342596, "delta": 0.003989}}
{"target": -403.8802136503022, "params": {"gamma": 2.6872325889383593, "lr": 0.8082780137053801}, "datetime": {"datetime": "2024-06-13 19:11:55", "elapsed": 1.346585, "delta": 0.003989}}
{"target": -324.9370993780167, "params": {"gamma": 2.953592655204078, "lr": 0.5441213835853572}, "datetime": {"datetime": "2024-06-13 19:11:55", "elapsed": 1.349578, "delta": 0.002993}}
{"target": -759.0535791391318, "params": {"gamma": 4.879726996560219, "lr": 0.8553564125953698}, "datetime": {"datetime": "2024-06-13 19:11:55", "elapsed": 1.353567, "delta": 0.003989}}
{"target": -1207.5514051936934, "params": {"gamma": 8.883975957519464, "lr": 0.18438444236776674}, "datetime": {"datetime": "2024-06-13 19:11:55", "elapsed": 1.356558, "delta": 0.002991}}
{"target": -944.082910803594, "params": {"gamma": 5.853899240923573, "lr": 0.8982050460171371}, "datetime": {"datetime": "2024-06-13 19:11:55", "elapsed": 1.360548, "delta": 0.00399}}
{"target": -739.096040260546, "params": {"gamma": 4.461726073125263, "lr": 0.9218683054838154}, "datetime": {"datetime": "2024-06-13 19:11:55", "elapsed": 1.363539, "delta": 0.002991}}
{"target": -321.96931686520963, "params": {"gamma": 2.790629913679252, "lr": 0.6088311741937957}, "datetime": {"datetime": "2024-06-13 19:11:55", "elapsed": 1.367529, "delta": 0.00399}}
{"target": -837.0820491224757, "params": {"gamma": 6.824854643958388, "lr": 0.2282057333504841}, "datetime": {"datetime": "2024-06-13 19:11:55", "elapsed": 1.371518, "delta": 0.003989}}
{"target": -132.3693033113641, "params": {"gamma": 0.13866135806461027, "lr": 0.4167239623706961}, "datetime": {"datetime": "2024-06-13 19:11:55", "elapsed": 1.374511, "delta": 0.002993}}
{"target": -942.2766804561203, "params": {"gamma": 9.384880436675484, "lr": 0.34302810983040655}, "datetime": {"datetime": "2024-06-13 19:11:55", "elapsed": 1.378499, "delta": 0.003988}}
{"target": -1124.9556413083799, "params": {"gamma": 7.7976632105305175, "lr": 0.17473631282740743}, "datetime": {"datetime": "2024-06-13 19:11:55", "elapsed": 1.381491, "delta": 0.002992}}
{"target": -493.94470651214937, "params": {"gamma": 3.420186410188222, "lr": 0.14459772083809674}, "datetime": {"datetime": "2024-06-13 19:11:56", "elapsed": 1.385481, "delta": 0.00399}}
{"target": -938.1531778950504, "params": {"gamma": 7.167991370649615, "lr": 0.6993076236968142}, "datetime": {"datetime": "2024-06-13 19:11:56", "elapsed": 1.38947, "delta": 0.003989}}
{"target": -733.5684538908365, "params": {"gamma": 6.88528468217124, "lr": 0.25339603448629966}, "datetime": {"datetime": "2024-06-13 19:11:56", "elapsed": 1.392462, "delta": 0.002992}}
{"target": -849.0562789764451, "params": {"gamma": 6.923908856112466, "lr": 0.22729754091594956}, "datetime": {"datetime": "2024-06-13 19:11:56", "elapsed": 1.396452, "delta": 0.00399}}
{"target": -428.17161760735945, "params": {"gamma": 4.247066510197466, "lr": 0.37192212166768723}, "datetime": {"datetime": "2024-06-13 19:11:56", "elapsed": 1.399444, "delta": 0.002992}}
{"target": -707.7016857589731, "params": {"gamma": 3.553723808289602, "lr": 0.05765480724125638}, "datetime": {"datetime": "2024-06-13 19:11:56", "elapsed": 1.403433, "delta": 0.003989}}
{"target": -835.8291992839506, "params": {"gamma": 6.316834622032531, "lr": 0.7073166026816995}, "datetime": {"datetime": "2024-06-13 19:11:56", "elapsed": 1.406425, "delta": 0.002992}}
{"target": -667.8799803541818, "params": {"gamma": 6.136273356333854, "lr": 0.6483127561631246}, "datetime": {"datetime": "2024-06-13 19:11:56", "elapsed": 1.410414, "delta": 0.003989}}
{"target": -266.3220165210574, "params": {"gamma": 1.7002372014583604, "lr": 0.14944679893886248}, "datetime": {"datetime": "2024-06-13 19:11:56", "elapsed": 1.413406, "delta": 0.002992}}
{"target": -814.2836614581155, "params": {"gamma": 5.142236260215303, "lr": 0.8753327263545391}, "datetime": {"datetime": "2024-06-13 19:11:56", "elapsed": 1.417396, "delta": 0.00399}}
{"target": -200.4368074591833, "params": {"gamma": 1.8403504620306732, "lr": 0.4628391187082599}, "datetime": {"datetime": "2024-06-13 19:11:56", "elapsed": 1.420388, "delta": 0.002992}}
{"target": -416.54230096857185, "params": {"gamma": 4.289894407965, "lr": 0.4972891859195163}, "datetime": {"datetime": "2024-06-13 19:11:56", "elapsed": 1.424377, "delta": 0.003989}}
{"target": -185.81189226390893, "params": {"gamma": 1.6159461940896331, "lr": 0.34244064113481054}, "datetime": {"datetime": "2024-06-13 19:11:56", "elapsed": 1.427369, "delta": 0.002992}}
{"target": -421.3658086228181, "params": {"gamma": 2.6195421606310987, "lr": 0.844526943229479}, "datetime": {"datetime": "2024-06-13 19:11:56", "elapsed": 1.431359, "delta": 0.00399}}
{"target": -770.395451604232, "params": {"gamma": 8.003522125518241, "lr": 0.4266391582681436}, "datetime": {"datetime": "2024-06-13 19:11:56", "elapsed": 1.435348, "delta": 0.003989}}
{"target": -855.4281367155721, "params": {"gamma": 6.070547592429601, "lr": 0.14546561026621996}, "datetime": {"datetime": "2024-06-13 19:11:56", "elapsed": 1.43834, "delta": 0.002992}}
{"target": -545.643791606116, "params": {"gamma": 5.096623328881369, "lr": 0.29694708578690454}, "datetime": {"datetime": "2024-06-13 19:11:56", "elapsed": 1.442329, "delta": 0.003989}}
{"target": -1120.7358018785603, "params": {"gamma": 8.596649884738442, "lr": 0.6715983809063899}, "datetime": {"datetime": "2024-06-13 19:11:56", "elapsed": 1.445321, "delta": 0.002992}}
{"target": -977.3590656931393, "params": {"gamma": 6.335106652211588, "lr": 0.12475130006917923}, "datetime": {"datetime": "2024-06-13 19:11:56", "elapsed": 1.449312, "delta": 0.003991}}
{"target": -778.4166503306707, "params": {"gamma": 4.706408207109359, "lr": 0.9865727795868815}, "datetime": {"datetime": "2024-06-13 19:11:56", "elapsed": 1.4533, "delta": 0.003988}}
{"target": -1018.7100891887563, "params": {"gamma": 9.483043441552578, "lr": 0.6450856402604436}, "datetime": {"datetime": "2024-06-13 19:11:56", "elapsed": 1.456292, "delta": 0.002992}}
{"target": -199.756214536688, "params": {"gamma": 1.5180969854487043, "lr": 0.639126848719905}, "datetime": {"datetime": "2024-06-13 19:11:56", "elapsed": 1.460281, "delta": 0.003989}}
{"target": -542.6672295858054, "params": {"gamma": 5.657055463326731, "lr": 0.468665837661252}, "datetime": {"datetime": "2024-06-13 19:11:56", "elapsed": 1.463273, "delta": 0.002992}}
{"target": -475.85731974701065, "params": {"gamma": 4.280946657213234, "lr": 0.5992697556580301}, "datetime": {"datetime": "2024-06-13 19:11:56", "elapsed": 1.467263, "delta": 0.00399}}
{"target": -1138.2695453194365, "params": {"gamma": 8.499848915271139, "lr": 0.7511210403719374}, "datetime": {"datetime": "2024-06-13 19:11:56", "elapsed": 1.470255, "delta": 0.002992}}
{"target": -953.5396860104206, "params": {"gamma": 5.794026042432034, "lr": 0.9247041815360281}, "datetime": {"datetime": "2024-06-13 19:11:56", "elapsed": 1.474244, "delta": 0.003989}}
{"target": -163.20525149710565, "params": {"gamma": 0.6483350944320471, "lr": 0.9913465087318091}, "datetime": {"datetime": "2024-06-13 19:11:56", "elapsed": 1.477236, "delta": 0.002992}}
{"target": -142.25853283012958, "params": {"gamma": 0.5308924321372274, "lr": 0.19949554613856135}, "datetime": {"datetime": "2024-06-13 19:11:56", "elapsed": 1.481225, "delta": 0.003989}}
{"target": -726.598329945212, "params": {"gamma": 4.228103863783965, "lr": 0.10750887618516769}, "datetime": {"datetime": "2024-06-13 19:11:56", "elapsed": 1.484218, "delta": 0.002993}}
{"target": -1212.5007747246982, "params": {"gamma": 6.2370804395660215, "lr": 0.047992564048867314}, "datetime": {"datetime": "2024-06-13 19:11:56", "elapsed": 1.488206, "delta": 0.003988}}
{"target": -575.5964074803213, "params": {"gamma": 2.8469541861884147, "lr": 0.06103668111967109}, "datetime": {"datetime": "2024-06-13 19:11:56", "elapsed": 1.491199, "delta": 0.002993}}
{"target": -921.2321758965144, "params": {"gamma": 7.035489791719707, "lr": 0.668456167589482}, "datetime": {"datetime": "2024-06-13 19:11:56", "elapsed": 1.495188, "delta": 0.003989}}
{"target": -528.5743281104634, "params": {"gamma": 3.7864273519127716, "lr": 0.1881942600298212}, "datetime": {"datetime": "2024-06-13 19:11:56", "elapsed": 1.499178, "delta": 0.00399}}
{"target": -752.7551458175539, "params": {"gamma": 7.4703012854704225, "lr": 0.34037929076546725}, "datetime": {"datetime": "2024-06-13 19:11:56", "elapsed": 1.502169, "delta": 0.002991}}
{"target": -755.7430981731793, "params": {"gamma": 7.953216372889023, "lr": 0.4879009391796203}, "datetime": {"datetime": "2024-06-13 19:11:56", "elapsed": 1.506158, "delta": 0.003989}}
{"target": -1027.9110985920054, "params": {"gamma": 5.257168774065444, "lr": 0.028490849491567216}, "datetime": {"datetime": "2024-06-13 19:11:56", "elapsed": 1.509151, "delta": 0.002993}}
{"target": -651.0669001164288, "params": {"gamma": 6.442675966770439, "lr": 0.3506565024321674}, "datetime": {"datetime": "2024-06-13 19:11:56", "elapsed": 1.51314, "delta": 0.003989}}
{"target": -239.51070865470444, "params": {"gamma": 2.292821067893365, "lr": 0.4338833762117006}, "datetime": {"datetime": "2024-06-13 19:11:56", "elapsed": 1.516132, "delta": 0.002992}}
{"target": -374.0470021288559, "params": {"gamma": 3.825292105251905, "lr": 0.46978904008636024}, "datetime": {"datetime": "2024-06-13 19:11:56", "elapsed": 1.520121, "delta": 0.003989}}
{"target": -968.1784688606244, "params": {"gamma": 9.794854058443883, "lr": 0.36437807036823044}, "datetime": {"datetime": "2024-06-13 19:11:56", "elapsed": 1.52411, "delta": 0.003989}}
{"target": -794.6178356613893, "params": {"gamma": 7.744326923227059, "lr": 0.5527675965498925}, "datetime": {"datetime": "2024-06-13 19:11:56", "elapsed": 1.527103, "delta": 0.002993}}
{"target": -893.4266569575714, "params": {"gamma": 8.891421759985722, "lr": 0.354952851149572}, "datetime": {"datetime": "2024-06-13 19:11:56", "elapsed": 1.531092, "delta": 0.003989}}
{"target": -420.03481011129435, "params": {"gamma": 2.455941283184888, "lr": 0.9110192396569683}, "datetime": {"datetime": "2024-06-13 19:11:56", "elapsed": 1.534084, "delta": 0.002992}}
{"target": -144.7428192075611, "params": {"gamma": 0.43629910331389593, "lr": 0.9507534280610023}, "datetime": {"datetime": "2024-06-13 19:11:56", "elapsed": 1.538073, "delta": 0.003989}}
{"target": -555.9861312550488, "params": {"gamma": 5.5645127497935825, "lr": 0.3763632166870875}, "datetime": {"datetime": "2024-06-13 19:11:56", "elapsed": 1.541066, "delta": 0.002993}}
{"target": -1912.4131735085662, "params": {"gamma": 9.950528171068772, "lr": 0.05836264614763165}, "datetime": {"datetime": "2024-06-13 19:11:56", "elapsed": 1.545055, "delta": 0.003989}}
{"target": -1011.0359374109672, "params": {"gamma": 5.167546891316355, "lr": 0.03109707545554785}, "datetime": {"datetime": "2024-06-13 19:11:56", "elapsed": 1.548047, "delta": 0.002992}}
{"target": -830.1343615720787, "params": {"gamma": 5.712186216123149, "lr": 0.18046850899511557}, "datetime": {"datetime": "2024-06-13 19:11:56", "elapsed": 1.552036, "delta": 0.003989}}
{"target": -1036.7293761123788, "params": {"gamma": 6.309961044194965, "lr": 0.9809236757505815}, "datetime": {"datetime": "2024-06-13 19:11:56", "elapsed": 1.556025, "delta": 0.003989}}
{"target": -829.7107060452703, "params": {"gamma": 8.749150609572597, "lr": 0.45183624942087064}, "datetime": {"datetime": "2024-06-13 19:11:56", "elapsed": 1.559017, "delta": 0.002992}}
{"target": -951.863563668226, "params": {"gamma": 7.084900239647121, "lr": 0.7774687500031893}, "datetime": {"datetime": "2024-06-13 19:11:56", "elapsed": 1.563007, "delta": 0.00399}}
{"target": -518.8053761218071, "params": {"gamma": 4.9489359987414545, "lr": 0.5285334901775651}, "datetime": {"datetime": "2024-06-13 19:11:56", "elapsed": 1.565999, "delta": 0.002992}}
{"target": -175.96154443664696, "params": {"gamma": 1.5086931993235537, "lr": 0.36939992561190627}, "datetime": {"datetime": "2024-06-13 19:11:56", "elapsed": 1.569988, "delta": 0.003989}}
{"target": -222.33869947710258, "params": {"gamma": 1.4230703094747938, "lr": 0.7268937533445626}, "datetime": {"datetime": "2024-06-13 19:11:56", "elapsed": 1.57298, "delta": 0.002992}}
{"target": -460.7604565467176, "params": {"gamma": 4.770652931028231, "lr": 0.44887883670676554}, "datetime": {"datetime": "2024-06-13 19:11:56", "elapsed": 1.576969, "delta": 0.003989}}
{"target": -906.1171375307747, "params": {"gamma": 8.860093713682348, "lr": 0.5276187723115614}, "datetime": {"datetime": "2024-06-13 19:11:56", "elapsed": 1.579961, "delta": 0.002992}}
{"target": -444.0770185664629, "params": {"gamma": 4.091499228336683, "lr": 0.26889202221264585}, "datetime": {"datetime": "2024-06-13 19:11:56", "elapsed": 1.583951, "delta": 0.00399}}
{"target": -127.37018839570112, "params": {"gamma": 0.7210483396625298, "lr": 0.4181361337253158}, "datetime": {"datetime": "2024-06-13 19:11:56", "elapsed": 1.58794, "delta": 0.003989}}
{"target": -128.7633505863342, "params": {"gamma": 0.25850907058342715, "lr": 0.29115394055242805}, "datetime": {"datetime": "2024-06-13 19:11:56", "elapsed": 1.590932, "delta": 0.002992}}
{"target": -831.3709548608764, "params": {"gamma": 5.035591588974117, "lr": 0.9659330650197223}, "datetime": {"datetime": "2024-06-13 19:11:56", "elapsed": 1.594921, "delta": 0.003989}}
