{"target": -850.6773264387626, "params": {"gamma": 4.534320887795462, "lr": 0.5257115913414097}, "datetime": {"datetime": "2024-06-13 17:05:00", "elapsed": 3.483227, "delta": 0.004987}}
{"target": -1377.5855329487479, "params": {"gamma": 6.586021847542061, "lr": 0.18119538195386165}, "datetime": {"datetime": "2024-06-13 17:05:00", "elapsed": 3.486451, "delta": 0.003224}}
{"target": -1571.0887630696263, "params": {"gamma": 7.8807074621719, "lr": 0.6028653375383973}, "datetime": {"datetime": "2024-06-13 17:05:00", "elapsed": 3.49044, "delta": 0.003989}}
{"target": -1656.5427750775498, "params": {"gamma": 9.80334851848814, "lr": 0.22238319353117575}, "datetime": {"datetime": "2024-06-13 17:05:00", "elapsed": 3.49443, "delta": 0.00399}}
{"target": -1120.321592322973, "params": {"gamma": 4.663198475191569, "lr": 0.8956418025994466}, "datetime": {"datetime": "2024-06-13 17:05:00", "elapsed": 3.498419, "delta": 0.003989}}
{"target": -1296.2828002102724, "params": {"gamma": 6.014732663578183, "lr": 0.725958845848815}, "datetime": {"datetime": "2024-06-13 17:05:00", "elapsed": 3.502408, "delta": 0.003989}}
{"target": -898.0027408050036, "params": {"gamma": 4.137287971849402, "lr": 0.6843096218313198}, "datetime": {"datetime": "2024-06-13 17:05:00", "elapsed": 3.506397, "delta": 0.003989}}
{"target": -1744.7170545106121, "params": {"gamma": 9.460604243445784, "lr": 0.20018606573932207}, "datetime": {"datetime": "2024-06-13 17:05:00", "elapsed": 3.510387, "delta": 0.00399}}
{"target": -1987.3590008082115, "params": {"gamma": 8.073845273509328, "lr": 0.9695380120998964}, "datetime": {"datetime": "2024-06-13 17:05:00", "elapsed": 3.514376, "delta": 0.003989}}
{"target": -146.08109438303882, "params": {"gamma": 0.146672748901554, "lr": 0.21520958659442757}, "datetime": {"datetime": "2024-06-13 17:05:00", "elapsed": 3.518365, "delta": 0.003989}}
{"target": -286.0847071321425, "params": {"gamma": 1.1746518262109842, "lr": 0.7674235177414532}, "datetime": {"datetime": "2024-06-13 17:05:00", "elapsed": 3.522355, "delta": 0.00399}}
{"target": -238.15342011038732, "params": {"gamma": 0.8130846428413901, "lr": 0.9984135585909075}, "datetime": {"datetime": "2024-06-13 17:05:00", "elapsed": 3.526344, "delta": 0.003989}}
{"target": -937.6102188099655, "params": {"gamma": 3.8967305467771722, "lr": 0.9052027659330404}, "datetime": {"datetime": "2024-06-13 17:05:00", "elapsed": 3.530334, "delta": 0.00399}}
{"target": -344.0614234853115, "params": {"gamma": 1.886587457391179, "lr": 0.44087219982229087}, "datetime": {"datetime": "2024-06-13 17:05:00", "elapsed": 3.534323, "delta": 0.003989}}
{"target": -1588.7749073413568, "params": {"gamma": 8.448273378243028, "lr": 0.5952697806732562}, "datetime": {"datetime": "2024-06-13 17:05:00", "elapsed": 3.538312, "delta": 0.003989}}
{"target": -866.6937705904758, "params": {"gamma": 4.6221188088168805, "lr": 0.5126497467571176}, "datetime": {"datetime": "2024-06-13 17:05:00", "elapsed": 3.542301, "delta": 0.003989}}
{"target": -971.777780462998, "params": {"gamma": 5.739281383396582, "lr": 0.4403192075855932}, "datetime": {"datetime": "2024-06-13 17:05:00", "elapsed": 3.546291, "delta": 0.00399}}
{"target": -610.0194619450202, "params": {"gamma": 1.936396018280381, "lr": 0.11396576145918635}, "datetime": {"datetime": "2024-06-13 17:05:00", "elapsed": 3.550281, "delta": 0.00399}}
{"target": -625.6681243998157, "params": {"gamma": 1.5131280457741099, "lr": 0.0524909638531339}, "datetime": {"datetime": "2024-06-13 17:05:00", "elapsed": 3.555267, "delta": 0.004986}}
{"target": -1290.8136958498385, "params": {"gamma": 5.587205434225252, "lr": 0.8477210140360106}, "datetime": {"datetime": "2024-06-13 17:05:00", "elapsed": 3.559256, "delta": 0.003989}}
{"target": -1412.73577611886, "params": {"gamma": 3.5918342699021832, "lr": 0.07531087263581782}, "datetime": {"datetime": "2024-06-13 17:05:00", "elapsed": 3.563245, "delta": 0.003989}}
{"target": -856.5360309593209, "params": {"gamma": 4.257818395439178, "lr": 0.6020078384720013}, "datetime": {"datetime": "2024-06-13 17:05:00", "elapsed": 3.567235, "delta": 0.00399}}
{"target": -960.2083925679941, "params": {"gamma": 4.254609252290801, "lr": 0.81072123360737}, "datetime": {"datetime": "2024-06-13 17:05:00", "elapsed": 3.571224, "delta": 0.003989}}
{"target": -2203.7833297503826, "params": {"gamma": 9.418920575620866, "lr": 0.8699107732683544}, "datetime": {"datetime": "2024-06-13 17:05:00", "elapsed": 3.575213, "delta": 0.003989}}
{"target": -1180.4668035905042, "params": {"gamma": 7.040290983300606, "lr": 0.4702989247821753}, "datetime": {"datetime": "2024-06-13 17:05:00", "elapsed": 3.579203, "delta": 0.00399}}
{"target": -2644.8905680251037, "params": {"gamma": 6.827297730989611, "lr": 0.013418310556529534}, "datetime": {"datetime": "2024-06-13 17:05:00", "elapsed": 3.583192, "delta": 0.003989}}
{"target": -2044.7057097977913, "params": {"gamma": 9.824798706901937, "lr": 0.17207733182889595}, "datetime": {"datetime": "2024-06-13 17:05:00", "elapsed": 3.587182, "delta": 0.00399}}
{"target": -2026.5330511428083, "params": {"gamma": 9.062697699220857, "lr": 0.8071099016661061}, "datetime": {"datetime": "2024-06-13 17:05:00", "elapsed": 3.591171, "delta": 0.003989}}
{"target": -1233.10883635266, "params": {"gamma": 8.00159670418549, "lr": 0.2689360577850649}, "datetime": {"datetime": "2024-06-13 17:05:00", "elapsed": 3.59516, "delta": 0.003989}}
{"target": -391.9930389677227, "params": {"gamma": 2.1923189037668234, "lr": 0.42880069291408873}, "datetime": {"datetime": "2024-06-13 17:05:00", "elapsed": 3.599149, "delta": 0.003989}}
{"target": -1432.228231479489, "params": {"gamma": 8.493861636205818, "lr": 0.45037964247172024}, "datetime": {"datetime": "2024-06-13 17:05:00", "elapsed": 3.603139, "delta": 0.00399}}
{"target": -1432.1186172070202, "params": {"gamma": 9.354265719956611, "lr": 0.352679327251738}, "datetime": {"datetime": "2024-06-13 17:05:00", "elapsed": 3.607128, "delta": 0.003989}}
{"target": -1528.0619110038729, "params": {"gamma": 6.194302264801901, "lr": 0.9806990363557802}, "datetime": {"datetime": "2024-06-13 17:05:00", "elapsed": 3.611117, "delta": 0.003989}}
{"target": -2495.4287464495683, "params": {"gamma": 6.434981759885809, "lr": 0.04549821604060378}, "datetime": {"datetime": "2024-06-13 17:05:00", "elapsed": 3.615107, "delta": 0.00399}}
{"target": -722.875537978241, "params": {"gamma": 4.636107352426167, "lr": 0.3347513437136638}, "datetime": {"datetime": "2024-06-13 17:05:00", "elapsed": 3.619096, "delta": 0.003989}}
{"target": -827.588547325464, "params": {"gamma": 5.322283303668225, "lr": 0.2847462086131314}, "datetime": {"datetime": "2024-06-13 17:05:00", "elapsed": 3.623085, "delta": 0.003989}}
{"target": -293.31064825183, "params": {"gamma": 1.223490041069798, "lr": 0.6682889887508018}, "datetime": {"datetime": "2024-06-13 17:05:00", "elapsed": 3.627075, "delta": 0.00399}}
{"target": -1598.210024621095, "params": {"gamma": 6.8139161891581725, "lr": 0.8671392999990885}, "datetime": {"datetime": "2024-06-13 17:05:00", "elapsed": 3.631064, "delta": 0.003989}}
{"target": -317.58717131969473, "params": {"gamma": 1.3246825541338114, "lr": 0.798620308278031}, "datetime": {"datetime": "2024-06-13 17:05:00", "elapsed": 3.635053, "delta": 0.003989}}
{"target": -1649.6040976613592, "params": {"gamma": 8.267860615312884, "lr": 0.6465499357511519}, "datetime": {"datetime": "2024-06-13 17:05:00", "elapsed": 3.639043, "delta": 0.00399}}
{"target": -339.974356325936, "params": {"gamma": 2.0500165356605575, "lr": 0.2614207144058379}, "datetime": {"datetime": "2024-06-13 17:05:00", "elapsed": 3.643032, "delta": 0.003989}}
{"target": -787.0955577703526, "params": {"gamma": 4.185549678574218, "lr": 0.5417990727827313}, "datetime": {"datetime": "2024-06-13 17:05:00", "elapsed": 3.647022, "delta": 0.00399}}
{"target": -808.4128418781618, "params": {"gamma": 4.774902117966579, "lr": 0.4674598920453694}, "datetime": {"datetime": "2024-06-13 17:05:00", "elapsed": 3.652008, "delta": 0.004986}}
{"target": -1966.5691000932177, "params": {"gamma": 8.398567261266477, "lr": 0.8701023653075677}, "datetime": {"datetime": "2024-06-13 17:05:00", "elapsed": 3.655997, "delta": 0.003989}}
{"target": -1917.003858916221, "params": {"gamma": 8.16772288980329, "lr": 0.8778014186346996}, "datetime": {"datetime": "2024-06-13 17:05:00", "elapsed": 3.659987, "delta": 0.00399}}
{"target": -1409.9060412671265, "params": {"gamma": 5.710516610608794, "lr": 0.9640361333390818}, "datetime": {"datetime": "2024-06-13 17:05:00", "elapsed": 3.663976, "delta": 0.003989}}
{"target": -1212.8454748053236, "params": {"gamma": 6.065836938156427, "lr": 0.6039477410796814}, "datetime": {"datetime": "2024-06-13 17:05:00", "elapsed": 3.667966, "delta": 0.00399}}
{"target": -698.5594260176223, "params": {"gamma": 3.193658073009114, "lr": 0.681204184117019}, "datetime": {"datetime": "2024-06-13 17:05:00", "elapsed": 3.671955, "delta": 0.003989}}
{"target": -192.79833728950302, "params": {"gamma": 0.5206049193651046, "lr": 0.13454642101194225}, "datetime": {"datetime": "2024-06-13 17:05:00", "elapsed": 3.675944, "delta": 0.003989}}
{"target": -288.0986569943848, "params": {"gamma": 1.303291433560078, "lr": 0.6552012872247357}, "datetime": {"datetime": "2024-06-13 17:05:00", "elapsed": 3.679934, "delta": 0.00399}}
{"target": -299.9456708109516, "params": {"gamma": 1.7541505851216117, "lr": 0.3411468232515472}, "datetime": {"datetime": "2024-06-13 17:05:00", "elapsed": 3.683923, "delta": 0.003989}}
{"target": -156.18235323710766, "params": {"gamma": 0.44407224667521283, "lr": 0.2337343601165106}, "datetime": {"datetime": "2024-06-13 17:05:00", "elapsed": 3.687912, "delta": 0.003989}}
{"target": -1784.6727735541635, "params": {"gamma": 9.642279024168092, "lr": 0.5091394025163677}, "datetime": {"datetime": "2024-06-13 17:05:00", "elapsed": 3.691901, "delta": 0.003989}}
{"target": -309.12757320333094, "params": {"gamma": 1.5115941101958479, "lr": 0.5230085317344643}, "datetime": {"datetime": "2024-06-13 17:05:00", "elapsed": 3.695891, "delta": 0.00399}}
{"target": -2207.5565482505044, "params": {"gamma": 9.435150329726897, "lr": 0.865686014006334}, "datetime": {"datetime": "2024-06-13 17:05:00", "elapsed": 3.69988, "delta": 0.003989}}
{"target": -616.35347777888, "params": {"gamma": 3.9212666234349385, "lr": 0.28386751597340265}, "datetime": {"datetime": "2024-06-13 17:05:00", "elapsed": 3.70387, "delta": 0.00399}}
{"target": -1292.6714632884743, "params": {"gamma": 7.617536897064726, "lr": 0.2404843248030878}, "datetime": {"datetime": "2024-06-13 17:05:00", "elapsed": 3.707859, "delta": 0.003989}}
{"target": -992.5886281720786, "params": {"gamma": 2.5430693142188665, "lr": 0.08408635417992949}, "datetime": {"datetime": "2024-06-13 17:05:00", "elapsed": 3.711848, "delta": 0.003989}}
{"target": -1456.7436004303672, "params": {"gamma": 8.641576803545505, "lr": 0.44789891562027984}, "datetime": {"datetime": "2024-06-13 17:05:00", "elapsed": 3.715838, "delta": 0.00399}}
{"target": -1240.8650635917693, "params": {"gamma": 5.618300819839127, "lr": 0.7367109576935199}, "datetime": {"datetime": "2024-06-13 17:05:00", "elapsed": 3.719827, "delta": 0.003989}}
{"target": -1344.4762970844602, "params": {"gamma": 7.965092182444826, "lr": 0.44750813899031383}, "datetime": {"datetime": "2024-06-13 17:05:00", "elapsed": 3.723816, "delta": 0.003989}}
{"target": -437.75386601517744, "params": {"gamma": 1.8420914342018075, "lr": 0.8287328515283018}, "datetime": {"datetime": "2024-06-13 17:05:00", "elapsed": 3.727805, "delta": 0.003989}}
{"target": -151.70455035893212, "params": {"gamma": 0.3109486003227299, "lr": 0.9467282696079524}, "datetime": {"datetime": "2024-06-13 17:05:00", "elapsed": 3.731795, "delta": 0.00399}}
{"target": -1358.608817649374, "params": {"gamma": 5.770201486928539, "lr": 0.875388738450687}, "datetime": {"datetime": "2024-06-13 17:05:00", "elapsed": 3.735784, "delta": 0.003989}}
{"target": -943.093506497098, "params": {"gamma": 6.086045804298614, "lr": 0.2516595841523237}, "datetime": {"datetime": "2024-06-13 17:05:00", "elapsed": 3.739773, "delta": 0.003989}}
{"target": -565.032344088671, "params": {"gamma": 2.962003105035548, "lr": 0.5329225590316532}, "datetime": {"datetime": "2024-06-13 17:05:00", "elapsed": 3.743763, "delta": 0.00399}}
{"target": -1865.2643497045378, "params": {"gamma": 9.620820050258088, "lr": 0.18449560449017766}, "datetime": {"datetime": "2024-06-13 17:05:00", "elapsed": 3.747753, "delta": 0.00399}}
{"target": -792.3482501552712, "params": {"gamma": 5.099473883052948, "lr": 0.3437881034368444}, "datetime": {"datetime": "2024-06-13 17:05:00", "elapsed": 3.752739, "delta": 0.004986}}
{"target": -1723.520656116753, "params": {"gamma": 7.697483724226901, "lr": 0.802866486432424}, "datetime": {"datetime": "2024-06-13 17:05:00", "elapsed": 3.756728, "delta": 0.003989}}
{"target": -796.6152166014601, "params": {"gamma": 4.246174543111865, "lr": 0.20412249999433585}, "datetime": {"datetime": "2024-06-13 17:05:00", "elapsed": 3.760717, "delta": 0.003989}}
{"target": -190.03732919315942, "params": {"gamma": 0.6718275138282244, "lr": 0.1986482644205615}, "datetime": {"datetime": "2024-06-13 17:05:00", "elapsed": 3.764707, "delta": 0.00399}}
{"target": -528.1492379020963, "params": {"gamma": 2.7247361004436925, "lr": 0.5987889179092104}, "datetime": {"datetime": "2024-06-13 17:05:00", "elapsed": 3.768696, "delta": 0.003989}}
{"target": -2178.2498327964818, "params": {"gamma": 8.730961889247082, "lr": 0.1282309388454863}, "datetime": {"datetime": "2024-06-13 17:05:00", "elapsed": 3.772685, "delta": 0.003989}}
{"target": -2054.2006791722897, "params": {"gamma": 9.581929228407246, "lr": 0.6831708438541465}, "datetime": {"datetime": "2024-06-13 17:05:00", "elapsed": 3.776675, "delta": 0.00399}}
{"target": -1827.5269606709112, "params": {"gamma": 7.419900392548125, "lr": 0.9828807859209906}, "datetime": {"datetime": "2024-06-13 17:05:00", "elapsed": 3.781661, "delta": 0.004986}}
{"target": -782.7308385106145, "params": {"gamma": 4.161591625408803, "lr": 0.5315834658959018}, "datetime": {"datetime": "2024-06-13 17:05:00", "elapsed": 3.785651, "delta": 0.00399}}
{"target": -1263.2922860593642, "params": {"gamma": 6.792450289006991, "lr": 0.5128751425899913}, "datetime": {"datetime": "2024-06-13 17:05:00", "elapsed": 3.78964, "delta": 0.003989}}
{"target": -1024.1375008934197, "params": {"gamma": 2.991824334263695, "lr": 0.10538467273003926}, "datetime": {"datetime": "2024-06-13 17:05:00", "elapsed": 3.793629, "delta": 0.003989}}
{"target": -632.6768153866421, "params": {"gamma": 2.8500365250757254, "lr": 0.7688528482877579}, "datetime": {"datetime": "2024-06-13 17:05:00", "elapsed": 3.797618, "delta": 0.003989}}
{"target": -1437.4371104045445, "params": {"gamma": 6.40818626181401, "lr": 0.8013307032031926}, "datetime": {"datetime": "2024-06-13 17:05:00", "elapsed": 3.801608, "delta": 0.00399}}
{"target": -885.861537226073, "params": {"gamma": 5.171688199172296, "lr": 0.23210002184633505}, "datetime": {"datetime": "2024-06-13 17:05:00", "elapsed": 3.805597, "delta": 0.003989}}
{"target": -976.5763660576247, "params": {"gamma": 6.279991307892046, "lr": 0.30400549002230315}, "datetime": {"datetime": "2024-06-13 17:05:00", "elapsed": 3.809587, "delta": 0.00399}}
{"target": -149.25315004138588, "params": {"gamma": 0.29625792067526757, "lr": 0.9033311768168756}, "datetime": {"datetime": "2024-06-13 17:05:00", "elapsed": 3.813576, "delta": 0.003989}}
{"target": -720.0563578180025, "params": {"gamma": 4.2042753184590484, "lr": 0.4261307804247122}, "datetime": {"datetime": "2024-06-13 17:05:00", "elapsed": 3.81837, "delta": 0.004794}}
{"target": -1825.785827524275, "params": {"gamma": 7.412776101583259, "lr": 0.9484584043057936}, "datetime": {"datetime": "2024-06-13 17:05:00", "elapsed": 3.822991, "delta": 0.004621}}
{"target": -204.7649843619572, "params": {"gamma": 0.7260827649265881, "lr": 0.17270108813227492}, "datetime": {"datetime": "2024-06-13 17:05:00", "elapsed": 3.826583, "delta": 0.003592}}
{"target": -563.7775176986817, "params": {"gamma": 3.224252533837974, "lr": 0.248424246330199}, "datetime": {"datetime": "2024-06-13 17:05:00", "elapsed": 3.83008, "delta": 0.003497}}
{"target": -1130.2215655907794, "params": {"gamma": 4.9554543186305695, "lr": 0.8244596107976835}, "datetime": {"datetime": "2024-06-13 17:05:00", "elapsed": 3.835066, "delta": 0.004986}}
{"target": -1605.8085163891078, "params": {"gamma": 8.539870177006817, "lr": 0.5958299420587015}, "datetime": {"datetime": "2024-06-13 17:05:00", "elapsed": 3.839056, "delta": 0.00399}}
{"target": -487.9280770728926, "params": {"gamma": 2.4024971645768356, "lr": 0.18649268827268528}, "datetime": {"datetime": "2024-06-13 17:05:00", "elapsed": 3.843045, "delta": 0.003989}}
{"target": -1262.1509038197553, "params": {"gamma": 7.434161733507989, "lr": 0.23721405764354764}, "datetime": {"datetime": "2024-06-13 17:05:00", "elapsed": 3.847035, "delta": 0.00399}}
{"target": -1192.412293255304, "params": {"gamma": 5.395369418374571, "lr": 0.7492807871271918}, "datetime": {"datetime": "2024-06-13 17:05:00", "elapsed": 3.851024, "delta": 0.003989}}
{"target": -496.61131295384314, "params": {"gamma": 2.283262797049244, "lr": 0.17450118757274402}, "datetime": {"datetime": "2024-06-13 17:05:00", "elapsed": 3.85601, "delta": 0.004986}}
{"target": -161.6286215946774, "params": {"gamma": 0.39831713007193664, "lr": 0.14756883769994755}, "datetime": {"datetime": "2024-06-13 17:05:00", "elapsed": 3.86, "delta": 0.00399}}
{"target": -2882.5796202983315, "params": {"gamma": 8.51453763056296, "lr": 0.10463591174495857}, "datetime": {"datetime": "2024-06-13 17:05:00", "elapsed": 3.863989, "delta": 0.003989}}
{"target": -898.460791638435, "params": {"gamma": 2.2372268102276505, "lr": 0.03275719974597713}, "datetime": {"datetime": "2024-06-13 17:05:00", "elapsed": 3.867978, "delta": 0.003989}}
{"target": -1150.608313208496, "params": {"gamma": 6.763889997877335, "lr": 0.2317031414647196}, "datetime": {"datetime": "2024-06-13 17:05:00", "elapsed": 3.871968, "delta": 0.00399}}
{"target": -1041.9234182776654, "params": {"gamma": 4.136503586299842, "lr": 0.13930117132372677}, "datetime": {"datetime": "2024-06-13 17:05:00", "elapsed": 3.875957, "delta": 0.003989}}
{"target": -648.9906642374727, "params": {"gamma": 3.772795658827454, "lr": 0.4244374662396153}, "datetime": {"datetime": "2024-06-13 17:05:00", "elapsed": 3.879852, "delta": 0.003895}}
{"target": -806.9069549058916, "params": {"gamma": 4.730176553648271, "lr": 0.4228418130386131}, "datetime": {"datetime": "2024-06-13 17:05:00", "elapsed": 3.884832, "delta": 0.00498}}
{"target": -258.0319965550094, "params": {"gamma": 1.028462882177769, "lr": 0.772580266631544}, "datetime": {"datetime": "2024-06-13 17:05:00", "elapsed": 3.888822, "delta": 0.00399}}
{"target": -266.6241108073544, "params": {"gamma": 1.3729228288956241, "lr": 0.424292374325812}, "datetime": {"datetime": "2024-06-13 17:05:00", "elapsed": 3.892812, "delta": 0.00399}}
{"target": -440.7079878027952, "params": {"gamma": 2.7202891684153423, "lr": 0.3010079430799063}, "datetime": {"datetime": "2024-06-13 17:05:00", "elapsed": 3.896801, "delta": 0.003989}}
{"target": -1250.871204600983, "params": {"gamma": 6.72453530509174, "lr": 0.5177867238134145}, "datetime": {"datetime": "2024-06-13 17:05:00", "elapsed": 3.90079, "delta": 0.003989}}
{"target": -344.6306370503566, "params": {"gamma": 1.9016804177489257, "lr": 0.4691344398333771}, "datetime": {"datetime": "2024-06-13 17:05:00", "elapsed": 3.90478, "delta": 0.00399}}
{"target": -748.0132088451187, "params": {"gamma": 3.396069147094239, "lr": 0.7044971982481261}, "datetime": {"datetime": "2024-06-13 17:05:00", "elapsed": 3.908769, "delta": 0.003989}}
{"target": -535.8951619291239, "params": {"gamma": 2.2617259291230574, "lr": 0.8449881373583452}, "datetime": {"datetime": "2024-06-13 17:05:00", "elapsed": 3.912758, "delta": 0.003989}}
{"target": -983.6573167234825, "params": {"gamma": 5.262770419251413, "lr": 0.5006195729230891}, "datetime": {"datetime": "2024-06-13 17:05:00", "elapsed": 3.917745, "delta": 0.004987}}
{"target": -513.1481621815402, "params": {"gamma": 2.537604383069914, "lr": 0.18615566973666398}, "datetime": {"datetime": "2024-06-13 17:05:00", "elapsed": 3.921734, "delta": 0.003989}}
{"target": -1167.8624868626468, "params": {"gamma": 4.7187188083132305, "lr": 0.9818244178252573}, "datetime": {"datetime": "2024-06-13 17:05:00", "elapsed": 3.925723, "delta": 0.003989}}
{"target": -241.05647325243294, "params": {"gamma": 1.3299294703806088, "lr": 0.28346243242805713}, "datetime": {"datetime": "2024-06-13 17:05:00", "elapsed": 3.929713, "delta": 0.00399}}
{"target": -1597.8911469718532, "params": {"gamma": 8.006611101660276, "lr": 0.6647768985107549}, "datetime": {"datetime": "2024-06-13 17:05:00", "elapsed": 3.933702, "delta": 0.003989}}
{"target": -450.784441034039, "params": {"gamma": 2.788305328525677, "lr": 0.31464760677511183}, "datetime": {"datetime": "2024-06-13 17:05:00", "elapsed": 3.937691, "delta": 0.003989}}
{"target": -845.1787274105201, "params": {"gamma": 4.200062595764889, "lr": 0.6027867622422961}, "datetime": {"datetime": "2024-06-13 17:05:00", "elapsed": 3.941681, "delta": 0.00399}}
{"target": -1686.4765968139263, "params": {"gamma": 7.193668333443535, "lr": 0.8573003334512307}, "datetime": {"datetime": "2024-06-13 17:05:00", "elapsed": 3.945671, "delta": 0.00399}}
{"target": -1158.5192037966788, "params": {"gamma": 6.811433593113639, "lr": 0.23698206447169834}, "datetime": {"datetime": "2024-06-13 17:05:00", "elapsed": 3.949659, "delta": 0.003988}}
{"target": -2018.3195954911225, "params": {"gamma": 9.257279632827263, "lr": 0.7811954006757661}, "datetime": {"datetime": "2024-06-13 17:05:00", "elapsed": 3.954646, "delta": 0.004987}}
{"target": -493.3455247563434, "params": {"gamma": 3.0745074227980154, "lr": 0.3049656416420632}, "datetime": {"datetime": "2024-06-13 17:05:00", "elapsed": 3.958636, "delta": 0.00399}}
