{"target": -1027.720302983691, "params": {"gamma": 5.680077493599765, "lr": 0.6630438231677197}, "datetime": {"datetime": "2024-06-13 18:28:25", "elapsed": 7.856202, "delta": 0.004987}}
{"target": -1963.5995057631874, "params": {"gamma": 5.274647786496121, "lr": 0.05634939173447451}, "datetime": {"datetime": "2024-06-13 18:28:25", "elapsed": 7.861188, "delta": 0.004986}}
{"target": -965.7453865350316, "params": {"gamma": 3.6322627869363457, "lr": 0.9677274091080609}, "datetime": {"datetime": "2024-06-13 18:28:25", "elapsed": 7.865178, "delta": 0.00399}}
{"target": -969.2615276932667, "params": {"gamma": 6.955420242475687, "lr": 0.36973977954151527}, "datetime": {"datetime": "2024-06-13 18:28:25", "elapsed": 7.870165, "delta": 0.004987}}
{"target": -839.5448831127449, "params": {"gamma": 6.716589859874733, "lr": 0.26510969397346273}, "datetime": {"datetime": "2024-06-13 18:28:25", "elapsed": 7.875151, "delta": 0.004986}}
{"target": -175.0636081712756, "params": {"gamma": 0.7756981624656162, "lr": 0.5280671392556082}, "datetime": {"datetime": "2024-06-13 18:28:25", "elapsed": 7.880138, "delta": 0.004987}}
{"target": -425.14120072453585, "params": {"gamma": 2.8984014893930756, "lr": 0.48165189565416366}, "datetime": {"datetime": "2024-06-13 18:28:25", "elapsed": 7.885125, "delta": 0.004987}}
{"target": -1623.3511803729955, "params": {"gamma": 9.020043950898684, "lr": 0.6517403667487239}, "datetime": {"datetime": "2024-06-13 18:28:25", "elapsed": 7.890111, "delta": 0.004986}}
{"target": -2224.812875886958, "params": {"gamma": 7.233468037123845, "lr": 0.1025865252271354}, "datetime": {"datetime": "2024-06-13 18:28:25", "elapsed": 7.8941, "delta": 0.003989}}
{"target": -685.9945461521634, "params": {"gamma": 4.7971011998412845, "lr": 0.40434189038945745}, "datetime": {"datetime": "2024-06-13 18:28:25", "elapsed": 7.899087, "delta": 0.004987}}
{"target": -754.8981411950153, "params": {"gamma": 6.468925570274098, "lr": 0.287735134554958}, "datetime": {"datetime": "2024-06-13 18:28:25", "elapsed": 7.904074, "delta": 0.004987}}
{"target": -1017.8034592859375, "params": {"gamma": 3.8312640574634482, "lr": 0.981016791950987}, "datetime": {"datetime": "2024-06-13 18:28:25", "elapsed": 7.909128, "delta": 0.005054}}
{"target": -228.74910006348995, "params": {"gamma": 1.1489908672848812, "lr": 0.19990786306137587}, "datetime": {"datetime": "2024-06-13 18:28:25", "elapsed": 7.913114, "delta": 0.003986}}
{"target": -497.28471455307977, "params": {"gamma": 2.3912225972933583, "lr": 0.6966542004402304}, "datetime": {"datetime": "2024-06-13 18:28:25", "elapsed": 7.918101, "delta": 0.004987}}
{"target": -1579.94658649076, "params": {"gamma": 7.1371672251136955, "lr": 0.7847549365756692}, "datetime": {"datetime": "2024-06-13 18:28:25", "elapsed": 7.923087, "delta": 0.004986}}
{"target": -920.6026335524554, "params": {"gamma": 3.8110627039036813, "lr": 0.8524032876575542}, "datetime": {"datetime": "2024-06-13 18:28:25", "elapsed": 7.928074, "delta": 0.004987}}
{"target": -1430.3345389801302, "params": {"gamma": 6.973768049350303, "lr": 0.7132598975767365}, "datetime": {"datetime": "2024-06-13 18:28:25", "elapsed": 7.932063, "delta": 0.003989}}
{"target": -1481.3022710547284, "params": {"gamma": 8.220064454506392, "lr": 0.6289244383408126}, "datetime": {"datetime": "2024-06-13 18:28:25", "elapsed": 7.93705, "delta": 0.004987}}
{"target": -1580.1210085324485, "params": {"gamma": 4.2228540008601385, "lr": 0.030798811164673312}, "datetime": {"datetime": "2024-06-13 18:28:25", "elapsed": 7.942037, "delta": 0.004987}}
{"target": -1004.7239445270557, "params": {"gamma": 5.9549611772267355, "lr": 0.5637635695018256}, "datetime": {"datetime": "2024-06-13 18:28:25", "elapsed": 7.947023, "delta": 0.004986}}
{"target": -784.3755867301542, "params": {"gamma": 6.008479407469643, "lr": 0.3228534686765717}, "datetime": {"datetime": "2024-06-13 18:28:25", "elapsed": 7.95201, "delta": 0.004987}}
{"target": -889.6933592711061, "params": {"gamma": 5.549264886470077, "lr": 0.17165630428408674}, "datetime": {"datetime": "2024-06-13 18:28:25", "elapsed": 7.956545, "delta": 0.004535}}
{"target": -2410.305491255848, "params": {"gamma": 6.49894440266871, "lr": 0.07167347369091615}, "datetime": {"datetime": "2024-06-13 18:28:25", "elapsed": 7.961039, "delta": 0.004494}}
{"target": -1520.0175969101726, "params": {"gamma": 8.750896260863644, "lr": 0.21613795014659942}, "datetime": {"datetime": "2024-06-13 18:28:25", "elapsed": 7.966026, "delta": 0.004987}}
{"target": -758.632733132668, "params": {"gamma": 2.9391518612119483, "lr": 0.8847369186394346}, "datetime": {"datetime": "2024-06-13 18:28:25", "elapsed": 7.970015, "delta": 0.003989}}
{"target": -2112.4986761701343, "params": {"gamma": 8.836037308166828, "lr": 0.8362672161514131}, "datetime": {"datetime": "2024-06-13 18:28:25", "elapsed": 7.975002, "delta": 0.004987}}
{"target": -852.4548739430865, "params": {"gamma": 3.2700292334455643, "lr": 0.9023446392045666}, "datetime": {"datetime": "2024-06-13 18:28:25", "elapsed": 7.979989, "delta": 0.004987}}
{"target": -1391.0842118850032, "params": {"gamma": 7.718251155453087, "lr": 0.6580829809857549}, "datetime": {"datetime": "2024-06-13 18:28:25", "elapsed": 7.984976, "delta": 0.004987}}
{"target": -1988.3194098977958, "params": {"gamma": 8.99813093515086, "lr": 0.7831314722628366}, "datetime": {"datetime": "2024-06-13 18:28:25", "elapsed": 7.989962, "delta": 0.004986}}
{"target": -563.2116709902658, "params": {"gamma": 4.2480703423217, "lr": 0.32425522412708885}, "datetime": {"datetime": "2024-06-13 18:28:25", "elapsed": 7.994949, "delta": 0.004987}}
{"target": -1476.8694038888393, "params": {"gamma": 3.9393874995637357, "lr": 0.06141215405816436}, "datetime": {"datetime": "2024-06-13 18:28:25", "elapsed": 7.999935, "delta": 0.004986}}
{"target": -532.7415065385386, "params": {"gamma": 3.634945499368943, "lr": 0.3530436858449395}, "datetime": {"datetime": "2024-06-13 18:28:25", "elapsed": 8.00592, "delta": 0.005985}}
{"target": -2204.8616672513454, "params": {"gamma": 8.656379251086715, "lr": 0.8887000495302622}, "datetime": {"datetime": "2024-06-13 18:28:25", "elapsed": 8.009909, "delta": 0.003989}}
{"target": -1241.9335755949726, "params": {"gamma": 9.630557816537218, "lr": 0.32819924761463426}, "datetime": {"datetime": "2024-06-13 18:28:25", "elapsed": 8.014895, "delta": 0.004986}}
{"target": -1251.8121051036958, "params": {"gamma": 6.933508237753853, "lr": 0.6330662678957141}, "datetime": {"datetime": "2024-06-13 18:28:25", "elapsed": 8.019882, "delta": 0.004987}}
{"target": -606.3606094717362, "params": {"gamma": 2.425195012153892, "lr": 0.8699876263426785}, "datetime": {"datetime": "2024-06-13 18:28:25", "elapsed": 8.024869, "delta": 0.004987}}
{"target": -464.0077922919051, "params": {"gamma": 2.1418050557805293, "lr": 0.7477140026507801}, "datetime": {"datetime": "2024-06-13 18:28:25", "elapsed": 8.028858, "delta": 0.003989}}
{"target": -476.448699317435, "params": {"gamma": 1.4474946912067754, "lr": 0.10681965623961165}, "datetime": {"datetime": "2024-06-13 18:28:25", "elapsed": 8.033845, "delta": 0.004987}}
{"target": -1168.086888941537, "params": {"gamma": 7.20350177902532, "lr": 0.5263181160447106}, "datetime": {"datetime": "2024-06-13 18:28:25", "elapsed": 8.038831, "delta": 0.004986}}
{"target": -986.4607648480234, "params": {"gamma": 4.429715397531216, "lr": 0.7781805677545706}, "datetime": {"datetime": "2024-06-13 18:28:25", "elapsed": 8.043818, "delta": 0.004987}}
{"target": -867.9339992642928, "params": {"gamma": 3.588074784629776, "lr": 0.8533495985139066}, "datetime": {"datetime": "2024-06-13 18:28:25", "elapsed": 8.07673, "delta": 0.032912}}
{"target": -2538.9085011399484, "params": {"gamma": 9.62176279907113, "lr": 0.97912549357449}, "datetime": {"datetime": "2024-06-13 18:28:25", "elapsed": 8.081717, "delta": 0.004987}}
{"target": -409.5808892976671, "params": {"gamma": 2.777002394800293, "lr": 0.4150070363847951}, "datetime": {"datetime": "2024-06-13 18:28:25", "elapsed": 8.087701, "delta": 0.005984}}
{"target": -1873.2079958623103, "params": {"gamma": 7.250373833289235, "lr": 0.8948659340129544}, "datetime": {"datetime": "2024-06-13 18:28:25", "elapsed": 8.092687, "delta": 0.004986}}
{"target": -1556.9484865609916, "params": {"gamma": 7.113399789936541, "lr": 0.7581322827790503}, "datetime": {"datetime": "2024-06-13 18:28:25", "elapsed": 8.097674, "delta": 0.004987}}
{"target": -1225.4325569184386, "params": {"gamma": 8.83415311602575, "lr": 0.3669482381501168}, "datetime": {"datetime": "2024-06-13 18:28:25", "elapsed": 8.101664, "delta": 0.00399}}
{"target": -884.1822587760936, "params": {"gamma": 5.425906871529926, "lr": 0.5347699755827457}, "datetime": {"datetime": "2024-06-13 18:28:25", "elapsed": 8.10665, "delta": 0.004986}}
{"target": -1674.3316522396037, "params": {"gamma": 6.4761782194627475, "lr": 0.8951838797241277}, "datetime": {"datetime": "2024-06-13 18:28:25", "elapsed": 8.111637, "delta": 0.004987}}
{"target": -1589.0705258196863, "params": {"gamma": 6.00867393378521, "lr": 0.9699385377160038}, "datetime": {"datetime": "2024-06-13 18:28:25", "elapsed": 8.116624, "delta": 0.004987}}
{"target": -1035.9684634630746, "params": {"gamma": 7.3216234120977175, "lr": 0.41529149155458245}, "datetime": {"datetime": "2024-06-13 18:28:25", "elapsed": 8.12161, "delta": 0.004986}}
{"target": -1537.3510815286622, "params": {"gamma": 5.81180346318073, "lr": 0.9223207824170438}, "datetime": {"datetime": "2024-06-13 18:28:25", "elapsed": 8.125599, "delta": 0.003989}}
{"target": -1270.3734456658106, "params": {"gamma": 6.185385338885807, "lr": 0.709928603418362}, "datetime": {"datetime": "2024-06-13 18:28:25", "elapsed": 8.130586, "delta": 0.004987}}
{"target": -947.6604485409123, "params": {"gamma": 6.613259028912707, "lr": 0.33614643889956264}, "datetime": {"datetime": "2024-06-13 18:28:25", "elapsed": 8.135573, "delta": 0.004987}}
{"target": -311.49704467731624, "params": {"gamma": 2.0341452163718596, "lr": 0.4078129626004203}, "datetime": {"datetime": "2024-06-13 18:28:25", "elapsed": 8.140559, "delta": 0.004986}}
{"target": -368.0757150513899, "params": {"gamma": 1.5085472915112057, "lr": 0.8263335477210154}, "datetime": {"datetime": "2024-06-13 18:28:25", "elapsed": 8.145546, "delta": 0.004987}}
{"target": -1005.875426580051, "params": {"gamma": 7.104895674394641, "lr": 0.4010561894105159}, "datetime": {"datetime": "2024-06-13 18:28:25", "elapsed": 8.149536, "delta": 0.00399}}
{"target": -454.53953140727447, "params": {"gamma": 1.7146555781871196, "lr": 0.8757993398860495}, "datetime": {"datetime": "2024-06-13 18:28:25", "elapsed": 8.154522, "delta": 0.004986}}
{"target": -1689.5293150242767, "params": {"gamma": 6.3909999964742354, "lr": 0.9966028199815464}, "datetime": {"datetime": "2024-06-13 18:28:25", "elapsed": 8.159509, "delta": 0.004987}}
{"target": -200.90479189139822, "params": {"gamma": 1.0118777980878546, "lr": 0.24484835913226244}, "datetime": {"datetime": "2024-06-13 18:28:25", "elapsed": 8.164496, "delta": 0.004987}}
{"target": -214.9428825066447, "params": {"gamma": 0.8374656866964549, "lr": 0.7447417757596947}, "datetime": {"datetime": "2024-06-13 18:28:25", "elapsed": 8.169482, "delta": 0.004986}}
{"target": -425.78616431681814, "params": {"gamma": 1.5965935192609664, "lr": 0.8816595339350156}, "datetime": {"datetime": "2024-06-13 18:28:25", "elapsed": 8.173471, "delta": 0.003989}}
{"target": -802.7884568185864, "params": {"gamma": 4.915303785862436, "lr": 0.526169262668513}, "datetime": {"datetime": "2024-06-13 18:28:25", "elapsed": 8.178458, "delta": 0.004987}}
{"target": -147.63565860463137, "params": {"gamma": 0.42616036762125126, "lr": 0.614053635731627}, "datetime": {"datetime": "2024-06-13 18:28:25", "elapsed": 8.183486, "delta": 0.005028}}
{"target": -420.40305326815155, "params": {"gamma": 2.2769202761615777, "lr": 0.2135040893470156}, "datetime": {"datetime": "2024-06-13 18:28:25", "elapsed": 8.188432, "delta": 0.004946}}
{"target": -2280.117900968174, "params": {"gamma": 8.953290370672992, "lr": 0.8880133489969917}, "datetime": {"datetime": "2024-06-13 18:28:25", "elapsed": 8.193418, "delta": 0.004986}}
{"target": -144.34569489565095, "params": {"gamma": 0.05364657807886874, "lr": 0.832303959586102}, "datetime": {"datetime": "2024-06-13 18:28:25", "elapsed": 8.198405, "delta": 0.004987}}
{"target": -1459.0469901472625, "params": {"gamma": 9.02308610135554, "lr": 0.5119476580924737}, "datetime": {"datetime": "2024-06-13 18:28:25", "elapsed": 8.203391, "delta": 0.004986}}
{"target": -1437.3787100055026, "params": {"gamma": 6.56208200669582, "lr": 0.7677856839334473}, "datetime": {"datetime": "2024-06-13 18:28:25", "elapsed": 8.207381, "delta": 0.00399}}
{"target": -969.0329506187506, "params": {"gamma": 6.854714307550932, "lr": 0.45911641964267924}, "datetime": {"datetime": "2024-06-13 18:28:25", "elapsed": 8.212368, "delta": 0.004987}}
{"target": -1013.93184972671, "params": {"gamma": 5.7349488675951, "lr": 0.5740594317304389}, "datetime": {"datetime": "2024-06-13 18:28:25", "elapsed": 8.217393, "delta": 0.005025}}
{"target": -1216.653695285515, "params": {"gamma": 8.421463069722522, "lr": 0.24044170761914385}, "datetime": {"datetime": "2024-06-13 18:28:25", "elapsed": 8.22237, "delta": 0.004977}}
{"target": -1725.4455747717366, "params": {"gamma": 7.572507436190774, "lr": 0.8123371097183338}, "datetime": {"datetime": "2024-06-13 18:28:25", "elapsed": 8.227327, "delta": 0.004957}}
{"target": -1815.3603817874498, "params": {"gamma": 7.970526579088603, "lr": 0.8077078189919843}, "datetime": {"datetime": "2024-06-13 18:28:25", "elapsed": 8.232314, "delta": 0.004987}}
{"target": -1170.8846699534852, "params": {"gamma": 8.292970943843157, "lr": 0.4175157513022394}, "datetime": {"datetime": "2024-06-13 18:28:25", "elapsed": 8.237301, "delta": 0.004987}}
{"target": -1354.366773910628, "params": {"gamma": 6.179249469269826, "lr": 0.7552455161468585}, "datetime": {"datetime": "2024-06-13 18:28:25", "elapsed": 8.24129, "delta": 0.003989}}
{"target": -2033.0458916024872, "params": {"gamma": 7.697885927847493, "lr": 0.9586046229255358}, "datetime": {"datetime": "2024-06-13 18:28:25", "elapsed": 8.246277, "delta": 0.004987}}
{"target": -1632.5244686307633, "params": {"gamma": 9.750777680644457, "lr": 0.5647345919090407}, "datetime": {"datetime": "2024-06-13 18:28:25", "elapsed": 8.251264, "delta": 0.004987}}
{"target": -1121.007628862138, "params": {"gamma": 4.657924948350314, "lr": 0.8355253266864215}, "datetime": {"datetime": "2024-06-13 18:28:25", "elapsed": 8.25625, "delta": 0.004986}}
{"target": -496.60666352588856, "params": {"gamma": 2.2003892786426134, "lr": 0.7663980894608939}, "datetime": {"datetime": "2024-06-13 18:28:25", "elapsed": 8.261237, "delta": 0.004987}}
{"target": -358.676092218677, "params": {"gamma": 1.920923979668611, "lr": 0.5916275659530674}, "datetime": {"datetime": "2024-06-13 18:28:25", "elapsed": 8.266223, "delta": 0.004986}}
{"target": -882.2611934919372, "params": {"gamma": 6.068707734799046, "lr": 0.44184380280217683}, "datetime": {"datetime": "2024-06-13 18:28:25", "elapsed": 8.27121, "delta": 0.004987}}
{"target": -1398.678821852798, "params": {"gamma": 8.645641977427168, "lr": 0.5434821861417696}, "datetime": {"datetime": "2024-06-13 18:28:25", "elapsed": 8.275199, "delta": 0.003989}}
{"target": -704.0606565195113, "params": {"gamma": 4.927804379534841, "lr": 0.4181256356700572}, "datetime": {"datetime": "2024-06-13 18:28:25", "elapsed": 8.280186, "delta": 0.004987}}
{"target": -155.06586395569508, "params": {"gamma": 0.6231896086801356, "lr": 0.3621494599268943}, "datetime": {"datetime": "2024-06-13 18:28:25", "elapsed": 8.285173, "delta": 0.004987}}
{"target": -200.1273119876797, "params": {"gamma": 0.9290607665831948, "lr": 0.5656384996760548}, "datetime": {"datetime": "2024-06-13 18:28:25", "elapsed": 8.290159, "delta": 0.004986}}
{"target": -1403.397169445672, "params": {"gamma": 6.4053758139443495, "lr": 0.7677822626181597}, "datetime": {"datetime": "2024-06-13 18:28:25", "elapsed": 8.295146, "delta": 0.004987}}
{"target": -1003.9079860433693, "params": {"gamma": 6.325720028185084, "lr": 0.1870607551754626}, "datetime": {"datetime": "2024-06-13 18:28:25", "elapsed": 8.300132, "delta": 0.004986}}
{"target": -1220.0258085873643, "params": {"gamma": 7.502689263840385, "lr": 0.5488594004307864}, "datetime": {"datetime": "2024-06-13 18:28:25", "elapsed": 8.306117, "delta": 0.005985}}
{"target": -427.22521958068995, "params": {"gamma": 1.0226014229845646, "lr": 0.024827029187908023}, "datetime": {"datetime": "2024-06-13 18:28:25", "elapsed": 8.311103, "delta": 0.004986}}
{"target": -614.2169349866293, "params": {"gamma": 2.988163177641064, "lr": 0.6900150292649251}, "datetime": {"datetime": "2024-06-13 18:28:25", "elapsed": 8.31609, "delta": 0.004987}}
{"target": -2461.646911021095, "params": {"gamma": 9.327950716090912, "lr": 0.9664972006802195}, "datetime": {"datetime": "2024-06-13 18:28:25", "elapsed": 8.321077, "delta": 0.004987}}
{"target": -888.1836057288562, "params": {"gamma": 7.645716345257133, "lr": 0.2932491857068945}, "datetime": {"datetime": "2024-06-13 18:28:25", "elapsed": 8.325066, "delta": 0.003989}}
{"target": -906.698360579735, "params": {"gamma": 6.2210691836043965, "lr": 0.23109612753682562}, "datetime": {"datetime": "2024-06-13 18:28:25", "elapsed": 8.330053, "delta": 0.004987}}
{"target": -1403.2932587891216, "params": {"gamma": 7.507153026145066, "lr": 0.16586702947952792}, "datetime": {"datetime": "2024-06-13 18:28:25", "elapsed": 8.33507, "delta": 0.005017}}
{"target": -1855.683535090706, "params": {"gamma": 7.564947384855503, "lr": 0.8685889989304815}, "datetime": {"datetime": "2024-06-13 18:28:25", "elapsed": 8.340026, "delta": 0.004956}}
{"target": -1934.7455279614462, "params": {"gamma": 5.195544029510985, "lr": 0.06563483825850425}, "datetime": {"datetime": "2024-06-13 18:28:25", "elapsed": 8.345013, "delta": 0.004987}}
{"target": -1081.1078982011418, "params": {"gamma": 4.4894713154372115, "lr": 0.8378286113798175}, "datetime": {"datetime": "2024-06-13 18:28:25", "elapsed": 8.35, "delta": 0.004987}}
{"target": -701.6808799880412, "params": {"gamma": 1.7983467816471097, "lr": 0.03855906126279496}, "datetime": {"datetime": "2024-06-13 18:28:25", "elapsed": 8.354986, "delta": 0.004986}}
{"target": -1231.5733626155004, "params": {"gamma": 7.327203051217345, "lr": 0.5630407235733951}, "datetime": {"datetime": "2024-06-13 18:28:25", "elapsed": 8.359973, "delta": 0.004987}}
{"target": -169.98958751713982, "params": {"gamma": 0.42156420386587773, "lr": 0.9848852640583016}, "datetime": {"datetime": "2024-06-13 18:28:25", "elapsed": 8.363962, "delta": 0.003989}}
{"target": -1006.7611365716541, "params": {"gamma": 5.693754542449788, "lr": 0.585156672962654}, "datetime": {"datetime": "2024-06-13 18:28:25", "elapsed": 8.368949, "delta": 0.004987}}
{"target": -2039.9272878942445, "params": {"gamma": 7.899276512022575, "lr": 0.9026346706863088}, "datetime": {"datetime": "2024-06-13 18:28:25", "elapsed": 8.373936, "delta": 0.004987}}
{"target": -153.99758386697445, "params": {"gamma": 0.6084466125606112, "lr": 0.34851320938881547}, "datetime": {"datetime": "2024-06-13 18:28:25", "elapsed": 8.378922, "delta": 0.004986}}
{"target": -306.4083228705985, "params": {"gamma": 2.001718538820858, "lr": 0.4651515316549586}, "datetime": {"datetime": "2024-06-13 18:28:25", "elapsed": 8.382911, "delta": 0.003989}}
{"target": -390.2658911641182, "params": {"gamma": 0.9155879517141836, "lr": 0.06808577423972362}, "datetime": {"datetime": "2024-06-13 18:28:25", "elapsed": 8.387898, "delta": 0.004987}}
{"target": -786.084021788982, "params": {"gamma": 3.009593441869708, "lr": 0.9043452577718513}, "datetime": {"datetime": "2024-06-13 18:28:25", "elapsed": 8.392885, "delta": 0.004987}}
{"target": -2130.141271193738, "params": {"gamma": 9.755444236897075, "lr": 0.7637200317833946}, "datetime": {"datetime": "2024-06-13 18:28:25", "elapsed": 8.397871, "delta": 0.004986}}
{"target": -148.7208622227333, "params": {"gamma": 0.008408388692528457, "lr": 0.735215554236234}, "datetime": {"datetime": "2024-06-13 18:28:25", "elapsed": 8.402858, "delta": 0.004987}}
{"target": -145.0067598460882, "params": {"gamma": 0.22090310734026275, "lr": 0.16856568225506097}, "datetime": {"datetime": "2024-06-13 18:28:25", "elapsed": 8.407845, "delta": 0.004987}}
{"target": -148.27892222879166, "params": {"gamma": 0.10612956883701744, "lr": 0.1491269987672621}, "datetime": {"datetime": "2024-06-13 18:28:25", "elapsed": 8.412831, "delta": 0.004986}}
{"target": -1410.3667536279838, "params": {"gamma": 6.87536774608507, "lr": 0.7020168753413566}, "datetime": {"datetime": "2024-06-13 18:28:25", "elapsed": 8.418406, "delta": 0.005575}}
{"target": -783.2872722218727, "params": {"gamma": 3.7114029888119466, "lr": 0.7311908242003646}, "datetime": {"datetime": "2024-06-13 18:28:25", "elapsed": 8.423388, "delta": 0.004982}}
{"target": -1990.824532037671, "params": {"gamma": 8.47319475004096, "lr": 0.13035751444155008}, "datetime": {"datetime": "2024-06-13 18:28:25", "elapsed": 8.427378, "delta": 0.00399}}
{"target": -175.03813555469182, "params": {"gamma": 0.8749857543012785, "lr": 0.37192145651390274}, "datetime": {"datetime": "2024-06-13 18:28:25", "elapsed": 8.432364, "delta": 0.004986}}
{"target": -520.9001814905145, "params": {"gamma": 4.039432491874189, "lr": 0.27640421986037034}, "datetime": {"datetime": "2024-06-13 18:28:25", "elapsed": 8.437351, "delta": 0.004987}}
{"target": -977.9275354508914, "params": {"gamma": 7.5419276912585245, "lr": 0.32178620055239215}, "datetime": {"datetime": "2024-06-13 18:28:25", "elapsed": 8.442338, "delta": 0.004987}}
{"target": -2089.576463848401, "params": {"gamma": 8.001642974863078, "lr": 0.9113083542736461}, "datetime": {"datetime": "2024-06-13 18:28:25", "elapsed": 8.447325, "delta": 0.004987}}
