{"target": -300.50507278291684, "params": {"gamma": 6.864927298504364, "prior": 3.8399250110933036, "rate": 7.6314509854431005}, "datetime": {"datetime": "2024-06-14 05:32:54", "elapsed": 16.351903, "delta": 0.012474}}
{"target": -460.22689833585946, "params": {"gamma": 8.963993959368008, "prior": 9.110902413045697, "rate": 4.965364995168459}, "datetime": {"datetime": "2024-06-14 05:32:54", "elapsed": 16.361876, "delta": 0.009973}}
{"target": -341.16330350613896, "params": {"gamma": 7.626339709379889, "prior": 7.118724128793965, "rate": 9.513017241338671}, "datetime": {"datetime": "2024-06-14 05:32:54", "elapsed": 16.371849, "delta": 0.009973}}
{"target": -204.5786688416605, "params": {"gamma": 2.416303346981715, "prior": 5.657263107051882, "rate": 0.4386889024105297}, "datetime": {"datetime": "2024-06-14 05:32:54", "elapsed": 16.381822, "delta": 0.009973}}
{"target": -475.952031081968, "params": {"gamma": 9.231856412216342, "prior": 9.458040129710191, "rate": 5.0095625425504435}, "datetime": {"datetime": "2024-06-14 05:32:54", "elapsed": 16.391796, "delta": 0.009974}}
{"target": -334.6327227243159, "params": {"gamma": 5.861588364410452, "prior": 7.742224266063105, "rate": 2.494062511590284}, "datetime": {"datetime": "2024-06-14 05:32:54", "elapsed": 16.40177, "delta": 0.009974}}
{"target": -189.63728474187013, "params": {"gamma": 3.7905257699858756, "prior": 2.9571954023700533, "rate": 5.388500848183928}, "datetime": {"datetime": "2024-06-14 05:32:54", "elapsed": 16.41274, "delta": 0.01097}}
{"target": -590.0103546630837, "params": {"gamma": 9.489619281316324, "prior": 3.915466925543566, "rate": 0.4510526483715768}, "datetime": {"datetime": "2024-06-14 05:32:54", "elapsed": 16.422713, "delta": 0.009973}}
{"target": -349.9113219727144, "params": {"gamma": 6.8255038084621535, "prior": 5.0008035357807925, "rate": 2.96582349698632}, "datetime": {"datetime": "2024-06-14 05:32:54", "elapsed": 16.432687, "delta": 0.009974}}
{"target": -213.63648364182058, "params": {"gamma": 4.159470178485402, "prior": 8.638851939129534, "rate": 8.210356117785}, "datetime": {"datetime": "2024-06-14 05:32:54", "elapsed": 16.44266, "delta": 0.009973}}
{"target": -130.00910839468295, "params": {"gamma": 1.7092925546648687, "prior": 6.882819454636019, "rate": 9.976635949364582}, "datetime": {"datetime": "2024-06-14 05:32:54", "elapsed": 16.452142, "delta": 0.009482}}
{"target": -422.0649676985321, "params": {"gamma": 7.843808621110356, "prior": 7.277958918810155, "rate": 3.1008897721241295}, "datetime": {"datetime": "2024-06-14 05:32:54", "elapsed": 16.463112, "delta": 0.01097}}
{"target": -134.6613214852596, "params": {"gamma": 1.5955484350535305, "prior": 8.656789324831875, "rate": 6.103851837947851}, "datetime": {"datetime": "2024-06-14 05:32:54", "elapsed": 16.473085, "delta": 0.009973}}
{"target": -203.69719863844648, "params": {"gamma": 3.90151389493923, "prior": 7.580348274726708, "rate": 7.18656022932733}, "datetime": {"datetime": "2024-06-14 05:32:54", "elapsed": 16.483058, "delta": 0.009973}}
{"target": -282.60162747172495, "params": {"gamma": 6.473683921648569, "prior": 2.1519072794770633, "rate": 8.8553926501292}, "datetime": {"datetime": "2024-06-14 05:32:54", "elapsed": 16.493032, "delta": 0.009974}}
{"target": -429.2867075168417, "params": {"gamma": 7.190340618322544, "prior": 3.096042577804754, "rate": 0.636921390268151}, "datetime": {"datetime": "2024-06-14 05:32:54", "elapsed": 16.503005, "delta": 0.009973}}
{"target": -456.6669311759807, "params": {"gamma": 9.128051358543207, "prior": 7.959115578671122, "rate": 4.986337846072983}, "datetime": {"datetime": "2024-06-14 05:32:54", "elapsed": 16.512979, "delta": 0.009974}}
{"target": -223.65031760230335, "params": {"gamma": 4.139838016887461, "prior": 6.194068492491998, "rate": 3.9857532458547134}, "datetime": {"datetime": "2024-06-14 05:32:54", "elapsed": 16.522952, "delta": 0.009973}}
{"target": -133.38366120716216, "params": {"gamma": 0.3901414822148927, "prior": 3.089486487843047, "rate": 2.4635393026772414}, "datetime": {"datetime": "2024-06-14 05:32:54", "elapsed": 16.532956, "delta": 0.010004}}
{"target": -501.4153596802336, "params": {"gamma": 9.723053574133592, "prior": 7.698230686083612, "rate": 4.03756244174214}, "datetime": {"datetime": "2024-06-14 05:32:54", "elapsed": 16.543896, "delta": 0.01094}}
{"target": -322.8389131407059, "params": {"gamma": 7.36653545986381, "prior": 3.096284649891858, "rate": 5.273430978494289}, "datetime": {"datetime": "2024-06-14 05:32:54", "elapsed": 16.553377, "delta": 0.009481}}
{"target": -137.39378599555593, "params": {"gamma": 2.0722252550467415, "prior": 2.617176807498664, "rate": 4.340796665124917}, "datetime": {"datetime": "2024-06-14 05:32:54", "elapsed": 16.56335, "delta": 0.009973}}
{"target": -123.62851791145404, "params": {"gamma": 0.8251761637855287, "prior": 8.547550771616626, "rate": 9.163375833703464}, "datetime": {"datetime": "2024-06-14 05:32:54", "elapsed": 16.573323, "delta": 0.009973}}
{"target": -138.57859959517882, "params": {"gamma": 2.131865517652924, "prior": 4.789847916431056, "rate": 8.414755557056594}, "datetime": {"datetime": "2024-06-14 05:32:54", "elapsed": 16.584295, "delta": 0.010972}}
{"target": -171.44744182154787, "params": {"gamma": 2.8835014556151, "prior": 6.146017338301501, "rate": 4.421038071544468}, "datetime": {"datetime": "2024-06-14 05:32:54", "elapsed": 16.594268, "delta": 0.009973}}
{"target": -219.4579333384598, "params": {"gamma": 3.9755172922412867, "prior": 7.914804790958176, "rate": 4.645661627447652}, "datetime": {"datetime": "2024-06-14 05:32:54", "elapsed": 16.607233, "delta": 0.012965}}
{"target": -232.47425623682457, "params": {"gamma": 4.648560381634333, "prior": 9.92108219282192, "rate": 9.622335724671418}, "datetime": {"datetime": "2024-06-14 05:32:54", "elapsed": 16.617207, "delta": 0.009974}}
{"target": -142.7002959886301, "params": {"gamma": 2.3515737989342904, "prior": 2.3468422945017595, "rate": 6.627717437420285}, "datetime": {"datetime": "2024-06-14 05:32:54", "elapsed": 16.62718, "delta": 0.009973}}
{"target": -210.5412659438357, "params": {"gamma": 4.12005240559699, "prior": 7.21566500145903, "rate": 7.33480011223453}, "datetime": {"datetime": "2024-06-14 05:32:54", "elapsed": 16.637153, "delta": 0.009973}}
{"target": -332.7169085093075, "params": {"gamma": 7.833165317126014, "prior": 2.706813429208478, "rate": 9.983583794835354}, "datetime": {"datetime": "2024-06-14 05:32:54", "elapsed": 16.647127, "delta": 0.009974}}
{"target": -238.1646435346084, "params": {"gamma": 4.937510667267648, "prior": 0.9308724921413128, "rate": 1.1210448167623643}, "datetime": {"datetime": "2024-06-14 05:32:54", "elapsed": 16.658097, "delta": 0.01097}}
{"target": -255.3949223893246, "params": {"gamma": 5.615435741740323, "prior": 5.150078530019021, "rate": 9.348420230005587}, "datetime": {"datetime": "2024-06-14 05:32:54", "elapsed": 16.668071, "delta": 0.009974}}
{"target": -480.12070883638575, "params": {"gamma": 9.008359782293162, "prior": 4.707496113752034, "rate": 2.0655648551479264}, "datetime": {"datetime": "2024-06-14 05:32:54", "elapsed": 16.678044, "delta": 0.009973}}
{"target": -254.69670523216965, "params": {"gamma": 5.644611641557381, "prior": 3.156460479596483, "rate": 6.506205753925493}, "datetime": {"datetime": "2024-06-14 05:32:54", "elapsed": 16.688017, "delta": 0.009973}}
{"target": -325.76070303146753, "params": {"gamma": 5.151524964800736, "prior": 8.447482905263575, "rate": 1.318272408917089}, "datetime": {"datetime": "2024-06-14 05:32:54", "elapsed": 16.698988, "delta": 0.010971}}
{"target": -153.5064940550379, "params": {"gamma": 2.510816765750457, "prior": 6.015561199030471, "rate": 6.252522597888486}, "datetime": {"datetime": "2024-06-14 05:32:54", "elapsed": 16.708961, "delta": 0.009973}}
{"target": -213.71649231677142, "params": {"gamma": 4.126528259704839, "prior": 9.015862526250485, "rate": 8.102939975399439}, "datetime": {"datetime": "2024-06-14 05:32:54", "elapsed": 16.718935, "delta": 0.009974}}
{"target": -263.50516162662115, "params": {"gamma": 5.408957978271053, "prior": 4.109790667839894, "rate": 3.9723842641831384}, "datetime": {"datetime": "2024-06-14 05:32:54", "elapsed": 16.728908, "delta": 0.009973}}
{"target": -142.55079720175817, "params": {"gamma": 1.1407744850837678, "prior": 9.378724974180852, "rate": 2.3461206012549862}, "datetime": {"datetime": "2024-06-14 05:32:54", "elapsed": 16.738881, "delta": 0.009973}}
{"target": -130.82003426654703, "params": {"gamma": 1.5290154598338772, "prior": 5.149156483909666, "rate": 4.550990310069778}, "datetime": {"datetime": "2024-06-14 05:32:54", "elapsed": 16.749852, "delta": 0.010971}}
{"target": -123.36184131825507, "params": {"gamma": 0.741195677957228, "prior": 5.798171437543058, "rate": 6.98565427848021}, "datetime": {"datetime": "2024-06-14 05:32:54", "elapsed": 16.759577, "delta": 0.009725}}
{"target": -227.29199799279704, "params": {"gamma": 4.905996798082162, "prior": 0.8216471576437056, "rate": 1.7974602213999658}, "datetime": {"datetime": "2024-06-14 05:32:54", "elapsed": 16.76955, "delta": 0.009973}}
{"target": -151.58112450107703, "params": {"gamma": 1.1602386580615005, "prior": 5.876279483963145, "rate": 0.8517929419359279}, "datetime": {"datetime": "2024-06-14 05:32:54", "elapsed": 16.779524, "delta": 0.009974}}
{"target": -189.06396643970172, "params": {"gamma": 3.8411646857898374, "prior": 1.5568483148669632, "rate": 4.115450872320082}, "datetime": {"datetime": "2024-06-14 05:32:54", "elapsed": 16.790494, "delta": 0.01097}}
{"target": -275.25842533998804, "params": {"gamma": 6.253124313642986, "prior": 3.6594426508543156, "rate": 8.959947493135243}, "datetime": {"datetime": "2024-06-14 05:32:54", "elapsed": 16.800467, "delta": 0.009973}}
{"target": -216.24313070469802, "params": {"gamma": 4.175385995901437, "prior": 9.343186839462406, "rate": 8.204747872100748}, "datetime": {"datetime": "2024-06-14 05:32:54", "elapsed": 16.810441, "delta": 0.009974}}
{"target": -123.55909428995433, "params": {"gamma": 1.1673082330925828, "prior": 1.1292596538179704, "rate": 1.3289685737075208}, "datetime": {"datetime": "2024-06-14 05:32:55", "elapsed": 16.821411, "delta": 0.01097}}
{"target": -297.15657888888705, "params": {"gamma": 6.3850452068779955, "prior": 6.877462138363933, "rate": 7.900310828063816}, "datetime": {"datetime": "2024-06-14 05:32:55", "elapsed": 16.831385, "delta": 0.009974}}
{"target": -262.5388922972057, "params": {"gamma": 5.423716313506835, "prior": 6.7860429050825894, "rate": 6.86782996092407}, "datetime": {"datetime": "2024-06-14 05:32:55", "elapsed": 16.841358, "delta": 0.009973}}
{"target": -193.54927895024275, "params": {"gamma": 3.3829604515267047, "prior": 6.540111495995206, "rate": 4.041556089281965}, "datetime": {"datetime": "2024-06-14 05:32:55", "elapsed": 16.85233, "delta": 0.010972}}
{"target": -343.9223981581736, "params": {"gamma": 6.402004807053291, "prior": 9.352740161515133, "rate": 4.300276952021971}, "datetime": {"datetime": "2024-06-14 05:32:55", "elapsed": 16.862302, "delta": 0.009972}}
{"target": -235.88679461175556, "params": {"gamma": 5.062169284611167, "prior": 3.387441539928508, "rate": 5.787626649270162}, "datetime": {"datetime": "2024-06-14 05:32:55", "elapsed": 16.872275, "delta": 0.009973}}
{"target": -362.53899731866113, "params": {"gamma": 8.63433961200101, "prior": 2.9081286245045184, "rate": 8.3440688316731}, "datetime": {"datetime": "2024-06-14 05:32:55", "elapsed": 16.882249, "delta": 0.009974}}
{"target": -240.05279799781883, "params": {"gamma": 5.19525257002433, "prior": 2.338154974562283, "rate": 4.195052837461809}, "datetime": {"datetime": "2024-06-14 05:32:55", "elapsed": 16.89322, "delta": 0.010971}}
{"target": -179.1333343542929, "params": {"gamma": 1.6707797438122824, "prior": 9.132705794826414, "rate": 0.5804135275146948}, "datetime": {"datetime": "2024-06-14 05:32:55", "elapsed": 16.903193, "delta": 0.009973}}
{"target": -266.6969913771259, "params": {"gamma": 6.0404303253472555, "prior": 1.1291215126301983, "rate": 3.135467231273893}, "datetime": {"datetime": "2024-06-14 05:32:55", "elapsed": 16.913166, "delta": 0.009973}}
{"target": -126.07508551791229, "params": {"gamma": 1.430273657454418, "prior": 5.045153826684863, "rate": 6.361341648049341}, "datetime": {"datetime": "2024-06-14 05:32:55", "elapsed": 16.923139, "delta": 0.009973}}
{"target": -358.71983822540784, "params": {"gamma": 8.292725454727396, "prior": 4.5551280553231495, "rate": 7.694721722549676}, "datetime": {"datetime": "2024-06-14 05:32:55", "elapsed": 16.933113, "delta": 0.009974}}
{"target": -379.3258597913764, "params": {"gamma": 5.953782798974832, "prior": 9.725416897155455, "rate": 1.1980382373790506}, "datetime": {"datetime": "2024-06-14 05:32:55", "elapsed": 16.943086, "delta": 0.009973}}
{"target": -381.62935561263896, "params": {"gamma": 8.163360508295652, "prior": 8.36804642863598, "rate": 7.915926255491784}, "datetime": {"datetime": "2024-06-14 05:32:55", "elapsed": 16.953059, "delta": 0.009973}}
{"target": -216.15457872876394, "params": {"gamma": 4.548793901755333, "prior": 5.319373120578599, "rate": 9.853860789595378}, "datetime": {"datetime": "2024-06-14 05:32:55", "elapsed": 16.96403, "delta": 0.010971}}
{"target": -475.59867534346176, "params": {"gamma": 9.446413498524006, "prior": 7.653717361291417, "rate": 4.603153079254813}, "datetime": {"datetime": "2024-06-14 05:32:55", "elapsed": 16.974003, "delta": 0.009973}}
{"target": -307.8161362724692, "params": {"gamma": 5.4028153672728605, "prior": 8.065147279335433, "rate": 2.7694190259593214}, "datetime": {"datetime": "2024-06-14 05:32:55", "elapsed": 16.983977, "delta": 0.009974}}
{"target": -148.96634526275372, "params": {"gamma": 2.5660746449201204, "prior": 2.2172273194191625, "rate": 5.5125104016000455}, "datetime": {"datetime": "2024-06-14 05:32:55", "elapsed": 16.99395, "delta": 0.009973}}
{"target": -395.38865658378006, "params": {"gamma": 9.51400463278507, "prior": 2.453593275447689, "rate": 8.016191948242625}, "datetime": {"datetime": "2024-06-14 05:32:55", "elapsed": 17.003923, "delta": 0.009973}}
{"target": -138.55511559067227, "params": {"gamma": 0.3050697728019885, "prior": 5.111578112737991, "rate": 2.840969561694019}, "datetime": {"datetime": "2024-06-14 05:32:55", "elapsed": 17.014894, "delta": 0.010971}}
{"target": -160.5171745099572, "params": {"gamma": 2.8279345769967326, "prior": 3.9805415181824153, "rate": 5.35503815277569}, "datetime": {"datetime": "2024-06-14 05:32:55", "elapsed": 17.024867, "delta": 0.009973}}
{"target": -472.8912609267768, "params": {"gamma": 7.729080748891848, "prior": 9.620416719522808, "rate": 1.5047059924704762}, "datetime": {"datetime": "2024-06-14 05:32:55", "elapsed": 17.036836, "delta": 0.011969}}
{"target": -192.49700689737068, "params": {"gamma": 3.948506624298461, "prior": 1.711128575734629, "rate": 8.366584905960446}, "datetime": {"datetime": "2024-06-14 05:32:55", "elapsed": 17.046809, "delta": 0.009973}}
{"target": -125.36179728649206, "params": {"gamma": 0.848939363998362, "prior": 8.577228644378229, "rate": 7.408710726097538}, "datetime": {"datetime": "2024-06-14 05:32:55", "elapsed": 17.056782, "delta": 0.009973}}
{"target": -518.8746744293599, "params": {"gamma": 8.583506747549555, "prior": 8.910210077238986, "rate": 1.5086156837021263}, "datetime": {"datetime": "2024-06-14 05:32:55", "elapsed": 17.066755, "delta": 0.009973}}
{"target": -273.72576259055774, "params": {"gamma": 5.5673037568750585, "prior": 3.0949243389652152, "rate": 2.7129607380351044}, "datetime": {"datetime": "2024-06-14 05:32:55", "elapsed": 17.076729, "delta": 0.009974}}
{"target": -153.05275847802318, "params": {"gamma": 0.16532732155215554, "prior": 5.200289634664171, "rate": 0.19147494677606597}, "datetime": {"datetime": "2024-06-14 05:32:55", "elapsed": 17.086702, "delta": 0.009973}}
{"target": -383.3314392906718, "params": {"gamma": 8.982387549518384, "prior": 2.743118745199252, "rate": 4.934240682090825}, "datetime": {"datetime": "2024-06-14 05:32:55", "elapsed": 17.097673, "delta": 0.010971}}
{"target": -286.2588549994618, "params": {"gamma": 6.364538822186757, "prior": 0.11484759273546576, "rate": 1.1332762215360346}, "datetime": {"datetime": "2024-06-14 05:32:55", "elapsed": 17.107646, "delta": 0.009973}}
{"target": -225.93406866380346, "params": {"gamma": 4.6659477575289365, "prior": 6.27045023526184, "rate": 8.196890952415792}, "datetime": {"datetime": "2024-06-14 05:32:55", "elapsed": 17.117619, "delta": 0.009973}}
{"target": -223.9967209397268, "params": {"gamma": 4.148641338539144, "prior": 9.27585593466577, "rate": 5.974235073828673}, "datetime": {"datetime": "2024-06-14 05:32:55", "elapsed": 17.127593, "delta": 0.009974}}
{"target": -151.68498006430664, "params": {"gamma": 0.019306140396848814, "prior": 6.83237546346491, "rate": 2.128523676734889}, "datetime": {"datetime": "2024-06-14 05:32:55", "elapsed": 17.138564, "delta": 0.010971}}
{"target": -143.45195020519722, "params": {"gamma": 0.1535430664843777, "prior": 7.383907493191389, "rate": 5.519551912752578}, "datetime": {"datetime": "2024-06-14 05:32:55", "elapsed": 17.148578, "delta": 0.010014}}
{"target": -332.80628441168454, "params": {"gamma": 7.836427271615353, "prior": 0.9728738222321646, "rate": 3.557641134340776}, "datetime": {"datetime": "2024-06-14 05:32:55", "elapsed": 17.158511, "delta": 0.009933}}
{"target": -171.64039996651633, "params": {"gamma": 2.997716685977381, "prior": 5.733129677407973, "rate": 5.102021899170938}, "datetime": {"datetime": "2024-06-14 05:32:55", "elapsed": 17.169482, "delta": 0.010971}}
{"target": -332.126177890595, "params": {"gamma": 7.821480373966176, "prior": 1.951873292249901, "rate": 5.765378570105822}, "datetime": {"datetime": "2024-06-14 05:32:55", "elapsed": 17.179454, "delta": 0.009972}}
{"target": -297.9383555628062, "params": {"gamma": 6.444129706059222, "prior": 4.652693074134186, "rate": 5.580214322469496}, "datetime": {"datetime": "2024-06-14 05:32:55", "elapsed": 17.189887, "delta": 0.010433}}
{"target": -505.77382600505047, "params": {"gamma": 9.743286307322958, "prior": 7.541556933766897, "rate": 3.8104826236472786}, "datetime": {"datetime": "2024-06-14 05:32:55", "elapsed": 17.199832, "delta": 0.009945}}
{"target": -286.9998250653509, "params": {"gamma": 4.340728838399114, "prior": 7.1570316925553605, "rate": 0.9380272253159303}, "datetime": {"datetime": "2024-06-14 05:32:55", "elapsed": 17.209805, "delta": 0.009973}}
{"target": -311.22144042544727, "params": {"gamma": 6.378444418173399, "prior": 1.2321491091836958, "rate": 1.0193780310022393}, "datetime": {"datetime": "2024-06-14 05:32:55", "elapsed": 17.219781, "delta": 0.009976}}
{"target": -290.0450976834382, "params": {"gamma": 6.667021122891057, "prior": 1.7542887876159898, "rate": 7.647419971523622}, "datetime": {"datetime": "2024-06-14 05:32:55", "elapsed": 17.229754, "delta": 0.009973}}
{"target": -326.89952654469613, "params": {"gamma": 7.506153520363204, "prior": 3.18900068961921, "rate": 5.7090751316208}, "datetime": {"datetime": "2024-06-14 05:32:55", "elapsed": 17.240725, "delta": 0.010971}}
{"target": -379.0503353741343, "params": {"gamma": 6.451761309420609, "prior": 8.133499632738395, "rate": 2.0154617304835343}, "datetime": {"datetime": "2024-06-14 05:32:55", "elapsed": 17.250698, "delta": 0.009973}}
{"target": -356.7413636976272, "params": {"gamma": 6.762750921175965, "prior": 8.246616776474657, "rate": 4.144442403173417}, "datetime": {"datetime": "2024-06-14 05:32:55", "elapsed": 17.260774, "delta": 0.010076}}
{"target": -230.49673263062877, "params": {"gamma": 4.93747435337824, "prior": 5.191069021280379, "rate": 9.393346948548995}, "datetime": {"datetime": "2024-06-14 05:32:55", "elapsed": 17.271254, "delta": 0.01048}}
{"target": -129.5166754437679, "params": {"gamma": 0.5174559628579339, "prior": 5.75837295853161, "rate": 4.89811116337683}, "datetime": {"datetime": "2024-06-14 05:32:55", "elapsed": 17.281227, "delta": 0.009973}}
{"target": -183.1148837674389, "params": {"gamma": 3.43893717379704, "prior": 6.732175526529206, "rate": 7.6946306666071145}, "datetime": {"datetime": "2024-06-14 05:32:55", "elapsed": 17.291201, "delta": 0.009974}}
{"target": -243.711413877036, "params": {"gamma": 5.401055710011223, "prior": 0.5122166664564219, "rate": 2.351573570535765}, "datetime": {"datetime": "2024-06-14 05:32:55", "elapsed": 17.301174, "delta": 0.009973}}
{"target": -138.40785034770371, "params": {"gamma": 0.20537707355366863, "prior": 3.3450050943537124, "rate": 4.6810927226785255}, "datetime": {"datetime": "2024-06-14 05:32:55", "elapsed": 17.311147, "delta": 0.009973}}
{"target": -371.64470456099815, "params": {"gamma": 7.845906561782468, "prior": 5.369502262702111, "rate": 4.774787580289247}, "datetime": {"datetime": "2024-06-14 05:32:55", "elapsed": 17.322118, "delta": 0.010971}}
{"target": -325.4320791728351, "params": {"gamma": 6.97979925706494, "prior": 0.27243013449192005, "rate": 6.950212658575371}, "datetime": {"datetime": "2024-06-14 05:32:55", "elapsed": 17.333089, "delta": 0.010971}}
{"target": -172.89518663868697, "params": {"gamma": 3.120283908366149, "prior": 5.641930498717792, "rate": 6.068459647449929}, "datetime": {"datetime": "2024-06-14 05:32:55", "elapsed": 17.343062, "delta": 0.009973}}
{"target": -130.2802497465928, "params": {"gamma": 1.8222444288432162, "prior": 2.5776986435657308, "rate": 5.788601767479563}, "datetime": {"datetime": "2024-06-14 05:32:55", "elapsed": 17.353036, "delta": 0.009974}}
{"target": -153.61095189094124, "params": {"gamma": 2.626964094789226, "prior": 2.4702287887304846, "rate": 3.5909544712195682}, "datetime": {"datetime": "2024-06-14 05:32:55", "elapsed": 17.363009, "delta": 0.009973}}
{"target": -457.53376806868727, "params": {"gamma": 9.044205571519699, "prior": 8.705182024603866, "rate": 5.140843749597316}, "datetime": {"datetime": "2024-06-14 05:32:55", "elapsed": 17.373979, "delta": 0.01097}}
