{"target": -145.95548638932894, "params": {"gamma": 0.311939657480023, "prior": 5.754639817943711, "rate": 1.8055046214421606}, "datetime": {"datetime": "2024-06-14 11:40:39", "elapsed": 2.666896, "delta": 0.008947}}
{"target": -343.0638439523951, "params": {"gamma": 6.309961044194965, "prior": 9.811144389930757, "rate": 8.749150609572597}, "datetime": {"datetime": "2024-06-14 11:40:39", "elapsed": 2.675872, "delta": 0.008976}}
{"target": -295.0445469315832, "params": {"gamma": 4.518910657959286, "prior": 7.113762613512001, "rate": 7.77491003128189}, "datetime": {"datetime": "2024-06-14 11:40:39", "elapsed": 2.684848, "delta": 0.008976}}
{"target": -237.89328680206035, "params": {"gamma": 4.9489359987414545, "prior": 5.332481552757894, "rate": 1.5086931993235537}, "datetime": {"datetime": "2024-06-14 11:40:39", "elapsed": 2.693824, "delta": 0.008976}}
{"target": -456.28266196392343, "params": {"gamma": 3.6946298561934507, "prior": 1.5079904054205882, "rate": 7.269210639692282}, "datetime": {"datetime": "2024-06-14 11:40:39", "elapsed": 2.701803, "delta": 0.007979}}
{"target": -393.4930478817158, "params": {"gamma": 4.770652931028231, "prior": 4.543900483396978, "rate": 8.860093713682348}, "datetime": {"datetime": "2024-06-14 11:40:39", "elapsed": 2.710808, "delta": 0.009005}}
{"target": -279.3388011351601, "params": {"gamma": 5.2766601043433035, "prior": 4.149999235976913, "rate": 2.6896513301042457}, "datetime": {"datetime": "2024-06-14 11:40:39", "elapsed": 2.719783, "delta": 0.008975}}
{"target": -142.66146793748177, "params": {"gamma": 0.7210483396625298, "prior": 4.239547723880626, "rate": 0.25850907058342715}, "datetime": {"datetime": "2024-06-14 11:40:39", "elapsed": 2.728731, "delta": 0.008948}}
{"target": -282.8258384174384, "params": {"gamma": 2.912248251583728, "prior": 5.084744147499125, "rate": 9.659364717132203}, "datetime": {"datetime": "2024-06-14 11:40:39", "elapsed": 2.737707, "delta": 0.008976}}
{"target": -159.54801115424831, "params": {"gamma": 1.0947197590216522, "prior": 6.7631064367445575, "rate": 4.999823778620901}, "datetime": {"datetime": "2024-06-14 11:40:39", "elapsed": 2.746683, "delta": 0.008976}}
{"target": -362.60501242546513, "params": {"gamma": 7.771205194528555, "prior": 1.521709278954672, "rate": 0.8329431617223197}, "datetime": {"datetime": "2024-06-14 11:40:39", "elapsed": 2.755659, "delta": 0.008976}}
{"target": -205.66639158227412, "params": {"gamma": 3.9927868349191855, "prior": 7.989926294601011, "rate": 1.917565713359991}, "datetime": {"datetime": "2024-06-14 11:40:39", "elapsed": 2.763637, "delta": 0.007978}}
{"target": -378.15283130802885, "params": {"gamma": 7.678004144280593, "prior": 2.9739501709124956, "rate": 2.1696979846303415}, "datetime": {"datetime": "2024-06-14 11:40:39", "elapsed": 2.772614, "delta": 0.008977}}
{"target": -148.7493594541047, "params": {"gamma": 0.1681391751809873, "prior": 4.046724693231549, "rate": 3.8114338314432303}, "datetime": {"datetime": "2024-06-14 11:40:39", "elapsed": 2.78159, "delta": 0.008976}}
{"target": -496.68155242139244, "params": {"gamma": 6.593790017017453, "prior": 0.8020921646568335, "rate": 1.5268872664356763}, "datetime": {"datetime": "2024-06-14 11:40:39", "elapsed": 2.790566, "delta": 0.008976}}
{"target": -153.9163322957113, "params": {"gamma": 0.16674225312644053, "prior": 1.2265839288293277, "rate": 6.518240970824895}, "datetime": {"datetime": "2024-06-14 11:40:39", "elapsed": 2.799541, "delta": 0.008975}}
{"target": -329.8899756824017, "params": {"gamma": 4.027165864897017, "prior": 3.278160510256427, "rate": 5.579562030443482}, "datetime": {"datetime": "2024-06-14 11:40:39", "elapsed": 2.808518, "delta": 0.008977}}
{"target": -482.05874475163233, "params": {"gamma": 9.9346111705354, "prior": 8.361416488778493, "rate": 6.99653220081344}, "datetime": {"datetime": "2024-06-14 11:40:39", "elapsed": 2.817523, "delta": 0.009005}}
{"target": -553.5889370918237, "params": {"gamma": 9.182667632731448, "prior": 0.4933141961625397, "rate": 0.7042640827136369}, "datetime": {"datetime": "2024-06-14 11:40:39", "elapsed": 2.826469, "delta": 0.008946}}
{"target": -448.24466293840766, "params": {"gamma": 4.740588893590559, "prior": 3.5567573882750656, "rate": 9.37258336922236}, "datetime": {"datetime": "2024-06-14 11:40:39", "elapsed": 2.835446, "delta": 0.008977}}
{"target": -370.174818019841, "params": {"gamma": 4.896160046490541, "prior": 5.442526189924171, "rate": 8.952708396946477}, "datetime": {"datetime": "2024-06-14 11:40:39", "elapsed": 2.84445, "delta": 0.009004}}
{"target": -222.92316139973886, "params": {"gamma": 4.466903823191082, "prior": 8.782640453776484, "rate": 2.536563911966912}, "datetime": {"datetime": "2024-06-14 11:40:39", "elapsed": 2.853398, "delta": 0.008948}}
{"target": -259.00384156379687, "params": {"gamma": 2.7388232318769274, "prior": 3.3507777618671426, "rate": 5.476095140539054}, "datetime": {"datetime": "2024-06-14 11:40:39", "elapsed": 2.862403, "delta": 0.009005}}
{"target": -160.1039281759777, "params": {"gamma": 2.2020666115957854, "prior": 6.747148793704605, "rate": 1.4287900347472011}, "datetime": {"datetime": "2024-06-14 11:40:39", "elapsed": 2.870381, "delta": 0.007978}}
{"target": -146.05092155618456, "params": {"gamma": 0.9419086447218946, "prior": 8.714898287433238, "rate": 2.3694501668664283}, "datetime": {"datetime": "2024-06-14 11:40:39", "elapsed": 2.879328, "delta": 0.008947}}
{"target": -253.1385870554189, "params": {"gamma": 3.8606541062149327, "prior": 5.758266717980789, "rate": 5.258493897544749}, "datetime": {"datetime": "2024-06-14 11:40:39", "elapsed": 2.888304, "delta": 0.008976}}
{"target": -159.88900576638935, "params": {"gamma": 0.7611627705416266, "prior": 8.75384676242048, "rate": 9.511405048568502}, "datetime": {"datetime": "2024-06-14 11:40:39", "elapsed": 2.896997, "delta": 0.008693}}
{"target": -573.0557313215329, "params": {"gamma": 8.125260534442543, "prior": 2.9096381659740556, "rate": 5.278940114383477}, "datetime": {"datetime": "2024-06-14 11:40:39", "elapsed": 2.905973, "delta": 0.008976}}
{"target": -299.4886982420224, "params": {"gamma": 3.394827823452077, "prior": 5.5912063767979, "rate": 9.744060285661112}, "datetime": {"datetime": "2024-06-14 11:40:39", "elapsed": 2.914949, "delta": 0.008976}}
{"target": -195.72100382152186, "params": {"gamma": 3.1177174742720952, "prior": 6.72108639863641, "rate": 3.26034610588255}, "datetime": {"datetime": "2024-06-14 11:40:39", "elapsed": 2.923926, "delta": 0.008977}}
{"target": -678.2011556620319, "params": {"gamma": 7.744998182884782, "prior": 3.325518669470728, "rate": 8.898383587132303}, "datetime": {"datetime": "2024-06-14 11:40:39", "elapsed": 2.932901, "delta": 0.008975}}
{"target": -359.6505559072872, "params": {"gamma": 7.51732550147175, "prior": 7.650057744906595, "rate": 4.695320806570698}, "datetime": {"datetime": "2024-06-14 11:40:39", "elapsed": 2.941878, "delta": 0.008977}}
{"target": -321.9025240951532, "params": {"gamma": 2.108434260184585, "prior": 0.5106032878073389, "rate": 3.218966170902475}, "datetime": {"datetime": "2024-06-14 11:40:39", "elapsed": 2.950853, "delta": 0.008975}}
{"target": -151.09206566875818, "params": {"gamma": 0.3720895322754502, "prior": 6.969168572601607, "rate": 6.703829969329749}, "datetime": {"datetime": "2024-06-14 11:40:39", "elapsed": 2.958832, "delta": 0.007979}}
{"target": -249.60381019533764, "params": {"gamma": 4.305287355667006, "prior": 7.701110878815912, "rate": 5.360548938900898}, "datetime": {"datetime": "2024-06-14 11:40:40", "elapsed": 2.967808, "delta": 0.008976}}
{"target": -154.23798262516175, "params": {"gamma": 0.3995594064278903, "prior": 1.4344518678107228, "rate": 1.9349705737501688}, "datetime": {"datetime": "2024-06-14 11:40:40", "elapsed": 2.976784, "delta": 0.008976}}
{"target": -491.0774840482096, "params": {"gamma": 3.357302347845333, "prior": 0.6178981697310199, "rate": 6.051562688223163}, "datetime": {"datetime": "2024-06-14 11:40:40", "elapsed": 2.98576, "delta": 0.008976}}
{"target": -278.2228209496207, "params": {"gamma": 5.121098214211664, "prior": 6.212864018969845, "rate": 4.324123592048677}, "datetime": {"datetime": "2024-06-14 11:40:40", "elapsed": 2.994736, "delta": 0.008976}}
{"target": -338.89160193088446, "params": {"gamma": 8.47715698190614, "prior": 4.595184654985598, "rate": 0.15501979439941704}, "datetime": {"datetime": "2024-06-14 11:40:40", "elapsed": 3.003712, "delta": 0.008976}}
{"target": -496.6591575164815, "params": {"gamma": 8.730808416322548, "prior": 6.596395322666579, "rate": 8.23020740344406}, "datetime": {"datetime": "2024-06-14 11:40:40", "elapsed": 3.012688, "delta": 0.008976}}
{"target": -971.5912094936893, "params": {"gamma": 9.517805154645483, "prior": 0.6040325968171834, "rate": 2.3514835690460547}, "datetime": {"datetime": "2024-06-14 11:40:40", "elapsed": 3.021665, "delta": 0.008977}}
{"target": -166.80935495114244, "params": {"gamma": 0.6343710911199417, "prior": 4.274413071721264, "rate": 8.638427625869019}, "datetime": {"datetime": "2024-06-14 11:40:40", "elapsed": 3.03064, "delta": 0.008975}}
{"target": -145.35860414122274, "params": {"gamma": 0.817158203167966, "prior": 4.783808333570197, "rate": 1.2563055549774276}, "datetime": {"datetime": "2024-06-14 11:40:40", "elapsed": 3.038619, "delta": 0.007979}}
{"target": -314.67018854470564, "params": {"gamma": 7.729083136069011, "prior": 8.43007935227885, "rate": 0.4338660909233998}, "datetime": {"datetime": "2024-06-14 11:40:40", "elapsed": 3.047595, "delta": 0.008976}}
{"target": -531.7015735535042, "params": {"gamma": 4.864920990960778, "prior": 2.470169336963784, "rate": 9.5247853431509}, "datetime": {"datetime": "2024-06-14 11:40:40", "elapsed": 3.056571, "delta": 0.008976}}
{"target": -598.7555838847732, "params": {"gamma": 9.438982385210178, "prior": 6.1779466236085385, "rate": 9.734900485854638}, "datetime": {"datetime": "2024-06-14 11:40:40", "elapsed": 3.065548, "delta": 0.008977}}
{"target": -205.2193346735288, "params": {"gamma": 3.4492685758187935, "prior": 8.98872210491005, "rate": 4.346515139111687}, "datetime": {"datetime": "2024-06-14 11:40:40", "elapsed": 3.074522, "delta": 0.008974}}
{"target": -190.07154856427417, "params": {"gamma": 2.35891055683799, "prior": 9.414196835693854, "rate": 6.842496291781293}, "datetime": {"datetime": "2024-06-14 11:40:40", "elapsed": 3.083499, "delta": 0.008977}}
{"target": -153.33527503514355, "params": {"gamma": 0.6500509418059542, "prior": 8.717206082548355, "rate": 7.01410156603883}, "datetime": {"datetime": "2024-06-14 11:40:40", "elapsed": 3.092474, "delta": 0.008975}}
{"target": -279.9088895327839, "params": {"gamma": 6.049663802869843, "prior": 7.350511501875372, "rate": 2.535136985955308}, "datetime": {"datetime": "2024-06-14 11:40:40", "elapsed": 3.100453, "delta": 0.007979}}
{"target": -261.6386842106306, "params": {"gamma": 6.00528906379017, "prior": 8.164729894490387, "rate": 0.542082489579675}, "datetime": {"datetime": "2024-06-14 11:40:40", "elapsed": 3.109429, "delta": 0.008976}}
{"target": -163.61787512805938, "params": {"gamma": 1.3059762027213204, "prior": 8.440213518568495, "rate": 6.183840347409528}, "datetime": {"datetime": "2024-06-14 11:40:40", "elapsed": 3.118405, "delta": 0.008976}}
{"target": -334.05856358270074, "params": {"gamma": 5.3133468170001, "prior": 2.558078217071276, "rate": 2.9514906739197095}, "datetime": {"datetime": "2024-06-14 11:40:40", "elapsed": 3.127381, "delta": 0.008976}}
{"target": -351.8384668108933, "params": {"gamma": 8.726988963029699, "prior": 4.274492755012122, "rate": 0.6452381255404884}, "datetime": {"datetime": "2024-06-14 11:40:40", "elapsed": 3.136357, "delta": 0.008976}}
{"target": -920.8284270724986, "params": {"gamma": 8.969953710006317, "prior": 2.1134702449581058, "rate": 8.262449127388422}, "datetime": {"datetime": "2024-06-14 11:40:40", "elapsed": 3.145333, "delta": 0.008976}}
{"target": -494.84945038226334, "params": {"gamma": 8.81782446020499, "prior": 4.918832373701547, "rate": 5.98504846635326}, "datetime": {"datetime": "2024-06-14 11:40:40", "elapsed": 3.154309, "delta": 0.008976}}
{"target": -356.61279543447887, "params": {"gamma": 5.273147297397685, "prior": 6.28573081243644, "rate": 8.550562171752167}, "datetime": {"datetime": "2024-06-14 11:40:40", "elapsed": 3.163285, "delta": 0.008976}}
{"target": -197.93712643592642, "params": {"gamma": 2.8221123446002014, "prior": 8.849179530987948, "rate": 5.677335610861374}, "datetime": {"datetime": "2024-06-14 11:40:40", "elapsed": 3.172462, "delta": 0.009177}}
{"target": -199.23191303013223, "params": {"gamma": 1.151915306628067, "prior": 2.347311535625114, "rate": 5.960227873744525}, "datetime": {"datetime": "2024-06-14 11:40:40", "elapsed": 3.181438, "delta": 0.008976}}
{"target": -216.63819571365138, "params": {"gamma": 2.395222922809899, "prior": 1.4010150393208598, "rate": 1.6193152935242277}, "datetime": {"datetime": "2024-06-14 11:40:40", "elapsed": 3.190414, "delta": 0.008976}}
{"target": -549.1510611558077, "params": {"gamma": 8.448880309839154, "prior": 6.061618173537837, "rate": 9.635707304796231}, "datetime": {"datetime": "2024-06-14 11:40:40", "elapsed": 3.198393, "delta": 0.007979}}
{"target": -245.65857625914148, "params": {"gamma": 3.4574464537469587, "prior": 5.996688471536002, "rate": 5.9902539044452245}, "datetime": {"datetime": "2024-06-14 11:40:40", "elapsed": 3.207369, "delta": 0.008976}}
{"target": -855.2560370510218, "params": {"gamma": 6.157427167752284, "prior": 0.6858543511386517, "rate": 7.503421528562285}, "datetime": {"datetime": "2024-06-14 11:40:40", "elapsed": 3.216345, "delta": 0.008976}}
{"target": -405.78829900724617, "params": {"gamma": 9.482146772378064, "prior": 5.393322666077928, "rate": 1.926367653529729}, "datetime": {"datetime": "2024-06-14 11:40:40", "elapsed": 3.225826, "delta": 0.009481}}
{"target": -1111.9365993530507, "params": {"gamma": 7.529506223884443, "prior": 0.17245779634585162, "rate": 3.2832327804041577}, "datetime": {"datetime": "2024-06-14 11:40:40", "elapsed": 3.234802, "delta": 0.008976}}
{"target": -556.5967352553237, "params": {"gamma": 9.176145870096288, "prior": 5.92483659564938, "rate": 8.55204764875745}, "datetime": {"datetime": "2024-06-14 11:40:40", "elapsed": 3.243778, "delta": 0.008976}}
{"target": -353.74022517008586, "params": {"gamma": 6.047115851439529, "prior": 8.243523709986324, "rate": 8.79495575076974}, "datetime": {"datetime": "2024-06-14 11:40:40", "elapsed": 3.251757, "delta": 0.007979}}
{"target": -422.62102640144997, "params": {"gamma": 3.210542758870008, "prior": 1.3172522383665672, "rate": 7.213312138521522}, "datetime": {"datetime": "2024-06-14 11:40:40", "elapsed": 3.260732, "delta": 0.008975}}
{"target": -510.2046473766928, "params": {"gamma": 4.404030521225552, "prior": 1.3546835205058854, "rate": 5.898646657450783}, "datetime": {"datetime": "2024-06-14 11:40:40", "elapsed": 3.269709, "delta": 0.008977}}
{"target": -161.68250546305686, "params": {"gamma": 0.36164707738402946, "prior": 2.0818029524687707, "rate": 7.883223595490022}, "datetime": {"datetime": "2024-06-14 11:40:40", "elapsed": 3.278644, "delta": 0.008935}}
{"target": -146.10289916136617, "params": {"gamma": 0.12195550339356331, "prior": 3.1031221499148343, "rate": 0.2147382349196191}, "datetime": {"datetime": "2024-06-14 11:40:40", "elapsed": 3.28765, "delta": 0.009006}}
{"target": -442.9842763152087, "params": {"gamma": 9.974852442290567, "prior": 5.862096765800271, "rate": 2.93446940858208}, "datetime": {"datetime": "2024-06-14 11:40:40", "elapsed": 3.296597, "delta": 0.008947}}
{"target": -462.2373016531111, "params": {"gamma": 9.289565669469264, "prior": 5.120482293127225, "rate": 4.547467583296517}, "datetime": {"datetime": "2024-06-14 11:40:40", "elapsed": 3.305572, "delta": 0.008975}}
{"target": -354.07122010094, "params": {"gamma": 5.879127191455569, "prior": 2.7149626776846394, "rate": 3.0535777051749857}, "datetime": {"datetime": "2024-06-14 11:40:40", "elapsed": 3.314582, "delta": 0.00901}}
{"target": -355.96536936818194, "params": {"gamma": 3.7171741126651003, "prior": 2.520035193778948, "rate": 5.845888113900182}, "datetime": {"datetime": "2024-06-14 11:40:40", "elapsed": 3.323525, "delta": 0.008943}}
{"target": -972.8496577744862, "params": {"gamma": 6.958765493189333, "prior": 0.8122774796236112, "rate": 9.710862112935013}, "datetime": {"datetime": "2024-06-14 11:40:40", "elapsed": 3.332501, "delta": 0.008976}}
{"target": -396.1426565769303, "params": {"gamma": 7.53095348803868, "prior": 8.081015313238742, "rate": 7.516652400408825}, "datetime": {"datetime": "2024-06-14 11:40:40", "elapsed": 3.341477, "delta": 0.008976}}
{"target": -157.82337681806845, "params": {"gamma": 0.8015297117349018, "prior": 4.868793201909653, "rate": 4.457283891060159}, "datetime": {"datetime": "2024-06-14 11:40:40", "elapsed": 3.350453, "delta": 0.008976}}
{"target": -452.64596881841453, "params": {"gamma": 6.725054032598774, "prior": 4.5424988623607865, "rate": 7.043429670440712}, "datetime": {"datetime": "2024-06-14 11:40:40", "elapsed": 3.359455, "delta": 0.009002}}
{"target": -361.9305981734929, "params": {"gamma": 6.816771730688627, "prior": 7.001770434652286, "rate": 6.186388824872803}, "datetime": {"datetime": "2024-06-14 11:40:40", "elapsed": 3.368058, "delta": 0.008603}}
{"target": -179.35744211057062, "params": {"gamma": 1.5106563520631782, "prior": 7.631944317426985, "rate": 7.810677176117377}, "datetime": {"datetime": "2024-06-14 11:40:40", "elapsed": 3.377034, "delta": 0.008976}}
{"target": -432.7357366871008, "params": {"gamma": 9.041125756152136, "prior": 2.414310056780649, "rate": 1.7676122518303419}, "datetime": {"datetime": "2024-06-14 11:40:40", "elapsed": 3.38601, "delta": 0.008976}}
{"target": -379.5794383917303, "params": {"gamma": 3.9116001319445175, "prior": 3.2735900745520863, "rate": 8.154953813127257}, "datetime": {"datetime": "2024-06-14 11:40:40", "elapsed": 3.394986, "delta": 0.008976}}
{"target": -302.43229477254687, "params": {"gamma": 6.135645470784649, "prior": 7.624017348262513, "rate": 4.277223331869946}, "datetime": {"datetime": "2024-06-14 11:40:40", "elapsed": 3.403962, "delta": 0.008976}}
{"target": -195.182125796378, "params": {"gamma": 0.9953061885929767, "prior": 1.238846619297438, "rate": 3.734697910240216}, "datetime": {"datetime": "2024-06-14 11:40:40", "elapsed": 3.412938, "delta": 0.008976}}
{"target": -178.65911335595032, "params": {"gamma": 1.939283827327562, "prior": 8.225390336367088, "rate": 5.996760448228745}, "datetime": {"datetime": "2024-06-14 11:40:40", "elapsed": 3.421476, "delta": 0.008538}}
{"target": -293.713385398313, "params": {"gamma": 6.888763744927632, "prior": 4.9619886169125325, "rate": 0.8826486387405684}, "datetime": {"datetime": "2024-06-14 11:40:40", "elapsed": 3.430451, "delta": 0.008975}}
{"target": -172.40193543071655, "params": {"gamma": 2.351541289225017, "prior": 4.669860600827058, "rate": 1.9867164390362086}, "datetime": {"datetime": "2024-06-14 11:40:40", "elapsed": 3.439428, "delta": 0.008977}}
{"target": -149.80681528231858, "params": {"gamma": 0.2557368815524242, "prior": 7.321037212735911, "rate": 7.249442555443973}, "datetime": {"datetime": "2024-06-14 11:40:40", "elapsed": 3.448404, "delta": 0.008976}}
{"target": -202.61664026516573, "params": {"gamma": 3.304587071870666, "prior": 8.45059184803019, "rate": 4.284996317034784}, "datetime": {"datetime": "2024-06-14 11:40:40", "elapsed": 3.45738, "delta": 0.008976}}
{"target": -434.8063375686073, "params": {"gamma": 8.64699676149058, "prior": 6.604947703766606, "rate": 5.810775538523484}, "datetime": {"datetime": "2024-06-14 11:40:40", "elapsed": 3.466356, "delta": 0.008976}}
{"target": -224.68996948696372, "params": {"gamma": 2.008074152862875, "prior": 5.342511443736109, "rate": 8.944429751857296}, "datetime": {"datetime": "2024-06-14 11:40:40", "elapsed": 3.475332, "delta": 0.008976}}
{"target": -233.90972179532898, "params": {"gamma": 3.0506347643763254, "prior": 8.722361530694428, "rate": 9.087543983311022}, "datetime": {"datetime": "2024-06-14 11:40:40", "elapsed": 3.484308, "delta": 0.008976}}
{"target": -263.77048028631793, "params": {"gamma": 3.2991157822561417, "prior": 6.862436226731985, "rate": 8.992310274710121}, "datetime": {"datetime": "2024-06-14 11:40:40", "elapsed": 3.493284, "delta": 0.008976}}
{"target": -144.48100654485944, "params": {"gamma": 0.7578931207012753, "prior": 8.798019845727227, "rate": 1.9092027933215376}, "datetime": {"datetime": "2024-06-14 11:40:40", "elapsed": 3.50226, "delta": 0.008976}}
{"target": -387.0133276291566, "params": {"gamma": 8.497839331269288, "prior": 6.704476008122119, "rate": 3.4440476153050885}, "datetime": {"datetime": "2024-06-14 11:40:40", "elapsed": 3.511236, "delta": 0.008976}}
{"target": -190.17042756642343, "params": {"gamma": 1.5146043243579972, "prior": 6.390172518735689, "rate": 8.478032649103701}, "datetime": {"datetime": "2024-06-14 11:40:40", "elapsed": 3.520212, "delta": 0.008976}}
{"target": -522.4962706214429, "params": {"gamma": 8.218671898265342, "prior": 6.319572011593512, "rate": 9.563058796042565}, "datetime": {"datetime": "2024-06-14 11:40:40", "elapsed": 3.52919, "delta": 0.008978}}
{"target": -476.6988429102301, "params": {"gamma": 5.899641347630623, "prior": 2.058544568014401, "rate": 4.293877895442307}, "datetime": {"datetime": "2024-06-14 11:40:40", "elapsed": 3.538167, "delta": 0.008977}}
{"target": -196.0825342388746, "params": {"gamma": 3.3681232410129716, "prior": 9.920255617882082, "rate": 3.8029847246765303}, "datetime": {"datetime": "2024-06-14 11:40:40", "elapsed": 3.547142, "delta": 0.008975}}
{"target": -418.4442299929032, "params": {"gamma": 9.927016035774514, "prior": 5.2361620822608, "rate": 1.7236247350697775}, "datetime": {"datetime": "2024-06-14 11:40:40", "elapsed": 3.557116, "delta": 0.009974}}
