{"target": -84.88033120127675, "params": {"p_ai": 4.647927590727924, "p_al": 2.0030476642125916, "p_ex": 8.93593825245046, "prior": 5.9832498935355245, "rate": 6.875850505742911}, "datetime": {"datetime": "2024-06-13 01:40:51", "elapsed": 162.617658, "delta": 0.105132}}
{"target": -126.8515803611147, "params": {"p_ai": 8.075936056141964, "p_al": 5.879371395442253, "p_ex": 8.474418097830611, "prior": 4.705098604651504, "rate": 1.7445681700466689}, "datetime": {"datetime": "2024-06-13 01:40:51", "elapsed": 162.722387, "delta": 0.104729}}
{"target": -124.38972437925183, "params": {"p_ai": 6.415845317552838, "p_al": 9.764480997512141, "p_ex": 3.503070299833784, "prior": 8.027275527579478, "rate": 6.773057926949965}, "datetime": {"datetime": "2024-06-13 01:40:51", "elapsed": 162.827102, "delta": 0.104715}}
{"target": -90.87737173187232, "params": {"p_ai": 5.205128840481727, "p_al": 1.4451933830845458, "p_ex": 8.388503063152788, "prior": 4.262323376589899, "rate": 7.829705706245461}, "datetime": {"datetime": "2024-06-13 01:40:51", "elapsed": 162.932489, "delta": 0.105387}}
{"target": -137.36898404961212, "params": {"p_ai": 5.916720039246804, "p_al": 2.5061484885924425, "p_ex": 1.7364349410946407, "prior": 7.380696109975018, "rate": 1.1220486605663225}, "datetime": {"datetime": "2024-06-13 01:40:51", "elapsed": 163.038171, "delta": 0.105682}}
{"target": -346.531798662978, "params": {"p_ai": 2.17702835648828, "p_al": 8.653192218037036, "p_ex": 9.04612220967921, "prior": 0.9360339582338196, "rate": 0.14653864055785146}, "datetime": {"datetime": "2024-06-13 01:40:52", "elapsed": 163.142015, "delta": 0.103844}}
{"target": -97.34765540642894, "params": {"p_ai": 3.0410771800904404, "p_al": 1.2837501119298231, "p_ex": 2.5711690247049273, "prior": 5.023828723284302, "rate": 5.6145545982009475}, "datetime": {"datetime": "2024-06-13 01:40:52", "elapsed": 163.246735, "delta": 0.10472}}
{"target": -148.87092621841552, "params": {"p_ai": 9.80568156726085, "p_al": 4.296323652576093, "p_ex": 6.7933773691873744, "prior": 8.894239460274973, "rate": 1.5197557287838062}, "datetime": {"datetime": "2024-06-13 01:40:52", "elapsed": 163.351271, "delta": 0.104536}}
{"target": -118.20869110984987, "params": {"p_ai": 0.9326035880404778, "p_al": 2.968182906533621, "p_ex": 1.2976406633777302, "prior": 1.6110871941960283, "rate": 3.43645287957642}, "datetime": {"datetime": "2024-06-13 01:40:52", "elapsed": 163.455992, "delta": 0.104721}}
{"target": -80.10071210693431, "params": {"p_ai": 3.1140455773502564, "p_al": 7.623778575595371, "p_ex": 9.489220719175385, "prior": 5.807591397830299, "rate": 9.834734689206071}, "datetime": {"datetime": "2024-06-13 01:40:52", "elapsed": 163.560872, "delta": 0.10488}}
{"target": -151.01860463454514, "params": {"p_ai": 9.518345470410456, "p_al": 2.5771844363291443, "p_ex": 3.0142323749392124, "prior": 8.41910067472239, "rate": 5.849303549532928}, "datetime": {"datetime": "2024-06-13 01:40:52", "elapsed": 163.667366, "delta": 0.106494}}
{"target": -80.41710728788361, "params": {"p_ai": 1.7513298164227837, "p_al": 0.5222008068549149, "p_ex": 5.451832814746422, "prior": 1.4803316462867677, "rate": 7.724558460532403}, "datetime": {"datetime": "2024-06-13 01:40:52", "elapsed": 163.774081, "delta": 0.106715}}
{"target": -148.49185592342104, "params": {"p_ai": 6.036791243471323, "p_al": 2.5457005059047013, "p_ex": 0.0980945563582746, "prior": 2.9278780335819397, "rate": 6.138736483459159}, "datetime": {"datetime": "2024-06-13 01:40:52", "elapsed": 163.879798, "delta": 0.105717}}
{"target": -102.97392609288136, "params": {"p_ai": 1.931656120843344, "p_al": 2.9115358145002532, "p_ex": 9.826445337874729, "prior": 7.797135584421618, "rate": 2.305526338358979}, "datetime": {"datetime": "2024-06-13 01:40:52", "elapsed": 163.984321, "delta": 0.104523}}
{"target": -127.11373731822837, "params": {"p_ai": 2.7355058498895732, "p_al": 6.858645448316974, "p_ex": 9.729930567927362, "prior": 3.6788515225699108, "rate": 0.23837334525583168}, "datetime": {"datetime": "2024-06-13 01:40:52", "elapsed": 164.090039, "delta": 0.105718}}
{"target": -122.70202280502056, "params": {"p_ai": 8.114383349193602, "p_al": 4.596790588802974, "p_ex": 5.827481634962019, "prior": 5.515062040218393, "rate": 6.310569126831404}, "datetime": {"datetime": "2024-06-13 01:40:53", "elapsed": 164.193764, "delta": 0.103725}}
{"target": -129.42495968610575, "params": {"p_ai": 7.211731614720736, "p_al": 3.733260472291532, "p_ex": 8.627709988940014, "prior": 0.4503057269704869, "rate": 6.327213476788685}, "datetime": {"datetime": "2024-06-13 01:40:53", "elapsed": 164.299481, "delta": 0.105717}}
{"target": -101.79206914414603, "params": {"p_ai": 3.294956831224288, "p_al": 5.37249941644204, "p_ex": 2.512993539253956, "prior": 3.002249940955996, "rate": 6.849493015537962}, "datetime": {"datetime": "2024-06-13 01:40:53", "elapsed": 164.404202, "delta": 0.104721}}
{"target": -97.72407193681455, "params": {"p_ai": 3.087361183262677, "p_al": 4.856235361822289, "p_ex": 7.235400695067768, "prior": 9.39348613753104, "rate": 1.8880288425685408}, "datetime": {"datetime": "2024-06-13 01:40:53", "elapsed": 164.508563, "delta": 0.104361}}
{"target": -100.43465839521676, "params": {"p_ai": 5.3001663863707025, "p_al": 7.416582466793965, "p_ex": 5.345207760758935, "prior": 7.852782580585915, "rate": 7.451977768498164}, "datetime": {"datetime": "2024-06-13 01:40:53", "elapsed": 164.613376, "delta": 0.104813}}
{"target": -116.47664890067365, "params": {"p_ai": 7.686409043312744, "p_al": 7.715741085545577, "p_ex": 8.841531876891995, "prior": 4.544175633408022, "rate": 4.597872362320602}, "datetime": {"datetime": "2024-06-13 01:40:53", "elapsed": 164.723647, "delta": 0.110271}}
{"target": -115.26219250404382, "params": {"p_ai": 1.468501321249081, "p_al": 2.3571644648117585, "p_ex": 2.697632606636475, "prior": 7.374937376920886, "rate": 1.5710423975769499}, "datetime": {"datetime": "2024-06-13 01:40:53", "elapsed": 164.829387, "delta": 0.10574}}
{"target": -106.69870304827032, "params": {"p_ai": 7.231788188846127, "p_al": 5.959805658694847, "p_ex": 9.30303519545369, "prior": 7.253032537911573, "rate": 6.989070773190437}, "datetime": {"datetime": "2024-06-13 01:40:53", "elapsed": 164.935107, "delta": 0.10572}}
{"target": -92.498296864699, "params": {"p_ai": 0.760550707703845, "p_al": 5.065621965547342, "p_ex": 7.629862790695439, "prior": 2.9187903285741874, "rate": 4.986259191337456}, "datetime": {"datetime": "2024-06-13 01:40:53", "elapsed": 165.039665, "delta": 0.104558}}
{"target": -98.21747163825387, "params": {"p_ai": 3.0183623721288018, "p_al": 4.502535087130082, "p_ex": 2.438426399581656, "prior": 5.6573998084039285, "rate": 9.496376041972134}, "datetime": {"datetime": "2024-06-13 01:40:54", "elapsed": 165.144387, "delta": 0.104722}}
{"target": -80.71608647537595, "params": {"p_ai": 2.179759672387427, "p_al": 4.385577971883306, "p_ex": 7.689641210732329, "prior": 1.4101805738159388, "rate": 9.131124480194108}, "datetime": {"datetime": "2024-06-13 01:40:54", "elapsed": 165.249396, "delta": 0.105009}}
{"target": -86.29143579669446, "params": {"p_ai": 3.942208401437986, "p_al": 3.2531571648162636, "p_ex": 5.767713976725602, "prior": 2.481454586582429, "rate": 8.119414826792699}, "datetime": {"datetime": "2024-06-13 01:40:54", "elapsed": 165.35465, "delta": 0.105254}}
{"target": -156.87246210175675, "params": {"p_ai": 8.829171426142016, "p_al": 8.344285623603394, "p_ex": 3.513021717380481, "prior": 1.4612925319354422, "rate": 6.0484690526942275}, "datetime": {"datetime": "2024-06-13 01:40:54", "elapsed": 165.461908, "delta": 0.107258}}
{"target": -145.72527263183844, "params": {"p_ai": 9.963037197933328, "p_al": 8.03691004398628, "p_ex": 7.415697815847461, "prior": 3.867232536168518, "rate": 4.062309864545189}, "datetime": {"datetime": "2024-06-13 01:40:54", "elapsed": 165.56679, "delta": 0.104882}}
{"target": -89.47320682435509, "params": {"p_ai": 2.9471626215179976, "p_al": 2.993072421909173, "p_ex": 6.531018161688432, "prior": 0.427128584211923, "rate": 6.0107330050814385}, "datetime": {"datetime": "2024-06-13 01:40:54", "elapsed": 165.67152, "delta": 0.10473}}
{"target": -98.63610105698815, "params": {"p_ai": 4.5506301206598225, "p_al": 3.8408499541817234, "p_ex": 7.2106865986333, "prior": 0.9093370550535692, "rate": 2.490141532117481}, "datetime": {"datetime": "2024-06-13 01:40:54", "elapsed": 165.77727, "delta": 0.10575}}
{"target": -104.86638339467312, "params": {"p_ai": 1.606736232353154, "p_al": 6.725542333870364, "p_ex": 1.979745907226006, "prior": 4.742430885252113, "rate": 9.524838862265906}, "datetime": {"datetime": "2024-06-13 01:40:54", "elapsed": 165.881957, "delta": 0.104687}}
{"target": -120.69080096164357, "params": {"p_ai": 7.906135283875022, "p_al": 6.679316106485062, "p_ex": 8.56551741077047, "prior": 2.8904493945285177, "rate": 7.7804051357897395}, "datetime": {"datetime": "2024-06-13 01:40:54", "elapsed": 165.987283, "delta": 0.105326}}
{"target": -187.7727768987109, "params": {"p_ai": 0.19166398080738561, "p_al": 8.735451740947127, "p_ex": 2.4779398083266173, "prior": 1.2316574398389781, "rate": 1.2643783491777825}, "datetime": {"datetime": "2024-06-13 01:40:54", "elapsed": 166.092877, "delta": 0.105594}}
{"target": -142.93934669451428, "params": {"p_ai": 5.87846963806283, "p_al": 8.919020327397792, "p_ex": 0.9256300462571594, "prior": 4.8353755923401085, "rate": 8.853285137639812}, "datetime": {"datetime": "2024-06-13 01:40:55", "elapsed": 166.197597, "delta": 0.10472}}
{"target": -164.8756021797146, "params": {"p_ai": 9.571620475735365, "p_al": 9.90774303209462, "p_ex": 3.6198188884735467, "prior": 5.853599803675312, "rate": 3.849883331713755}, "datetime": {"datetime": "2024-06-13 01:40:55", "elapsed": 166.302317, "delta": 0.10472}}
{"target": -107.4457521155149, "params": {"p_ai": 1.3595409604414654, "p_al": 7.615483236150964, "p_ex": 2.2093695122566954, "prior": 6.968270917287394, "rate": 8.094798031713395}, "datetime": {"datetime": "2024-06-13 01:40:55", "elapsed": 166.407037, "delta": 0.10472}}
{"target": -96.77417851041491, "params": {"p_ai": 2.7263374426316354, "p_al": 5.085490739163293, "p_ex": 4.223508229204778, "prior": 0.5475891418605364, "rate": 7.416321652096552}, "datetime": {"datetime": "2024-06-13 01:40:55", "elapsed": 166.511305, "delta": 0.104268}}
{"target": -171.20128200922144, "params": {"p_ai": 8.087362238605126, "p_al": 5.381779891231938, "p_ex": 7.593565460971895, "prior": 0.4118127582283017, "rate": 1.8234218298490672}, "datetime": {"datetime": "2024-06-13 01:40:55", "elapsed": 166.617024, "delta": 0.105719}}
{"target": -96.33335447040817, "params": {"p_ai": 5.671417649486363, "p_al": 6.212430003673365, "p_ex": 7.820406746517684, "prior": 6.015297866806354, "rate": 5.603119435564358}, "datetime": {"datetime": "2024-06-13 01:40:55", "elapsed": 166.721747, "delta": 0.104723}}
{"target": -129.40193562592418, "params": {"p_ai": 6.696549466458649, "p_al": 1.8547340221276616, "p_ex": 1.482169509883864, "prior": 2.3347444532663855, "rate": 8.866179441098572}, "datetime": {"datetime": "2024-06-13 01:40:55", "elapsed": 166.826467, "delta": 0.10472}}
{"target": -124.76126472969811, "params": {"p_ai": 6.268781725180917, "p_al": 6.572073400863255, "p_ex": 3.0646810532702196, "prior": 2.5912333930760947, "rate": 5.9712576266810204}, "datetime": {"datetime": "2024-06-13 01:40:55", "elapsed": 166.93174, "delta": 0.105273}}
{"target": -155.2252225640724, "params": {"p_ai": 2.150042925155375, "p_al": 9.354967639879437, "p_ex": 8.036953674213546, "prior": 0.7773967794454475, "rate": 1.7495290678786484}, "datetime": {"datetime": "2024-06-13 01:40:55", "elapsed": 167.036277, "delta": 0.104537}}
{"target": -113.39231126252929, "params": {"p_ai": 4.872191119371819, "p_al": 2.694104135542078, "p_ex": 2.902710437338438, "prior": 9.613727260877411, "rate": 3.421232001636753}, "datetime": {"datetime": "2024-06-13 01:40:56", "elapsed": 167.141, "delta": 0.104723}}
{"target": -125.31170091905538, "params": {"p_ai": 8.359124489838994, "p_al": 3.4465831330928567, "p_ex": 7.21475137954703, "prior": 1.840740780102333, "rate": 6.859836955924542}, "datetime": {"datetime": "2024-06-13 01:40:56", "elapsed": 167.245734, "delta": 0.104734}}
{"target": -106.67761987523771, "params": {"p_ai": 5.742958359897929, "p_al": 7.279049751476204, "p_ex": 4.369507807625344, "prior": 9.488670344094785, "rate": 9.899347433933034}, "datetime": {"datetime": "2024-06-13 01:40:56", "elapsed": 167.352641, "delta": 0.106907}}
{"target": -84.84627765661345, "params": {"p_ai": 3.784673463413299, "p_al": 7.558887025455832, "p_ex": 9.339328818699505, "prior": 8.126834002916587, "rate": 4.497051227300002}, "datetime": {"datetime": "2024-06-13 01:40:56", "elapsed": 167.45736, "delta": 0.104719}}
{"target": -209.37949472209877, "params": {"p_ai": 0.020671165844777684, "p_al": 9.467732980403632, "p_ex": 3.4945672241101025, "prior": 0.3713140822636573, "rate": 2.4451041139357113}, "datetime": {"datetime": "2024-06-13 01:40:56", "elapsed": 167.562473, "delta": 0.105113}}
{"target": -189.66558916865, "params": {"p_ai": 9.629450682369702, "p_al": 4.638241585721164, "p_ex": 1.242991464611051, "prior": 6.675143893150433, "rate": 0.13975575283354166}, "datetime": {"datetime": "2024-06-13 01:40:56", "elapsed": 167.674339, "delta": 0.111866}}
{"target": -143.46649618781, "params": {"p_ai": 7.989389387135883, "p_al": 5.349795096494625, "p_ex": 8.502237008473013, "prior": 2.292773620430472, "rate": 0.902247915466376}, "datetime": {"datetime": "2024-06-13 01:40:56", "elapsed": 167.778702, "delta": 0.104363}}
{"target": -113.12238749616102, "params": {"p_ai": 6.928268718365852, "p_al": 8.150100776925466, "p_ex": 6.31580174420496, "prior": 7.7284880258051025, "rate": 6.3114396988856205}, "datetime": {"datetime": "2024-06-13 01:40:56", "elapsed": 167.885416, "delta": 0.106714}}
{"target": -193.7239721013098, "params": {"p_ai": 8.906709054664889, "p_al": 9.927602949971934, "p_ex": 1.7385205792134084, "prior": 5.494341432328373, "rate": 1.2008222922621559}, "datetime": {"datetime": "2024-06-13 01:40:56", "elapsed": 167.990136, "delta": 0.10472}}
{"target": -151.5953590011602, "params": {"p_ai": 7.671696058219319, "p_al": 2.281849606094652, "p_ex": 1.110096315197215, "prior": 9.688244118529733, "rate": 4.47584037361201}, "datetime": {"datetime": "2024-06-13 01:40:56", "elapsed": 168.094748, "delta": 0.104612}}
{"target": -154.1093641879745, "params": {"p_ai": 8.299597835887129, "p_al": 0.26074744891897633, "p_ex": 0.9060181713504475, "prior": 8.152442554885967, "rate": 9.093727528135009}, "datetime": {"datetime": "2024-06-13 01:40:57", "elapsed": 168.200466, "delta": 0.105718}}
{"target": -98.33557899489412, "params": {"p_ai": 0.6833374073260523, "p_al": 6.503098328495838, "p_ex": 5.533606213248286, "prior": 2.0661816525929484, "rate": 4.248541177710009}, "datetime": {"datetime": "2024-06-13 01:40:57", "elapsed": 168.305186, "delta": 0.10472}}
{"target": -90.6710644780463, "params": {"p_ai": 4.726562664713314, "p_al": 0.11582947285192134, "p_ex": 5.449903336763714, "prior": 7.824231924711301, "rate": 9.144727281580005}, "datetime": {"datetime": "2024-06-13 01:40:57", "elapsed": 168.410904, "delta": 0.105718}}
{"target": -111.12438090122397, "params": {"p_ai": 0.46138462700033545, "p_al": 7.917970609277861, "p_ex": 4.394450062042477, "prior": 7.046493237456582, "rate": 6.094222404970999}, "datetime": {"datetime": "2024-06-13 01:40:57", "elapsed": 168.515196, "delta": 0.104292}}
{"target": -157.49682663839096, "params": {"p_ai": 9.141683888804758, "p_al": 6.795714875605067, "p_ex": 2.0465769007196464, "prior": 9.896950868185503, "rate": 8.083792955629336}, "datetime": {"datetime": "2024-06-13 01:40:57", "elapsed": 168.620571, "delta": 0.105375}}
{"target": -129.63707242809693, "params": {"p_ai": 0.512449216222453, "p_al": 9.902472110640923, "p_ex": 0.8446539215536502, "prior": 4.160329644873564, "rate": 8.880605723434833}, "datetime": {"datetime": "2024-06-13 01:40:57", "elapsed": 168.725411, "delta": 0.10484}}
{"target": -120.73233659406885, "params": {"p_ai": 7.621368537882954, "p_al": 6.730798709796559, "p_ex": 5.337375263226976, "prior": 3.4704157321578637, "rate": 8.999542078570686}, "datetime": {"datetime": "2024-06-13 01:40:57", "elapsed": 168.830801, "delta": 0.10539}}
{"target": -142.2501112823246, "params": {"p_ai": 8.189751677546766, "p_al": 9.458976743433324, "p_ex": 3.996178790423271, "prior": 2.3369850326069677, "rate": 7.232474847346661}, "datetime": {"datetime": "2024-06-13 01:40:57", "elapsed": 168.940479, "delta": 0.109678}}
{"target": -112.36586773136308, "params": {"p_ai": 6.8912981911508675, "p_al": 5.434109383861436, "p_ex": 5.371529382561082, "prior": 8.097093347752578, "rate": 7.996045637269076}, "datetime": {"datetime": "2024-06-13 01:40:57", "elapsed": 169.045244, "delta": 0.104765}}
{"target": -147.94036558048063, "params": {"p_ai": 8.477899488532138, "p_al": 1.9044323648158918, "p_ex": 2.0035389554768446, "prior": 7.736860479349194, "rate": 5.6557750852839215}, "datetime": {"datetime": "2024-06-13 01:40:58", "elapsed": 169.150964, "delta": 0.10572}}
{"target": -81.54942307618519, "params": {"p_ai": 2.6897606628340847, "p_al": 4.794072611642568, "p_ex": 6.746913269407735, "prior": 6.842623031512313, "rate": 8.214091730094717}, "datetime": {"datetime": "2024-06-13 01:40:58", "elapsed": 169.2557, "delta": 0.104736}}
{"target": -94.04504172854529, "params": {"p_ai": 3.647272184434061, "p_al": 6.727822546705458, "p_ex": 5.531211478744365, "prior": 4.064746022080931, "rate": 3.9801917729740914}, "datetime": {"datetime": "2024-06-13 01:40:58", "elapsed": 169.360554, "delta": 0.104854}}
{"target": -97.68136913026147, "params": {"p_ai": 6.129185097819535, "p_al": 0.6144331593826209, "p_ex": 7.645233118176013, "prior": 2.3372401318964076, "rate": 1.6602191863077798}, "datetime": {"datetime": "2024-06-13 01:40:58", "elapsed": 169.4647, "delta": 0.104146}}
{"target": -103.9363036937785, "params": {"p_ai": 4.235419146404231, "p_al": 4.685010539778717, "p_ex": 2.7450915194540664, "prior": 3.1019982462897637, "rate": 6.731808639077864}, "datetime": {"datetime": "2024-06-13 01:40:58", "elapsed": 169.56955, "delta": 0.10485}}
{"target": -104.14564872267978, "params": {"p_ai": 0.3015096473546377, "p_al": 6.5521873105004955, "p_ex": 5.215015008366682, "prior": 4.7876028666019845, "rate": 7.20517452614859}, "datetime": {"datetime": "2024-06-13 01:40:58", "elapsed": 169.675338, "delta": 0.105788}}
{"target": -114.00456992275285, "params": {"p_ai": 6.882830660927609, "p_al": 0.6490435690648484, "p_ex": 8.002559220395131, "prior": 0.39271240562738363, "rate": 0.27110036528194575}, "datetime": {"datetime": "2024-06-13 01:40:58", "elapsed": 169.779567, "delta": 0.104229}}
{"target": -127.22882820464864, "params": {"p_ai": 5.259127976414729, "p_al": 7.348255197237692, "p_ex": 5.05624223660525, "prior": 2.937387094857462, "rate": 1.8626248627685034}, "datetime": {"datetime": "2024-06-13 01:40:58", "elapsed": 169.884844, "delta": 0.105277}}
{"target": -142.96946678928555, "params": {"p_ai": 6.6277639449442365, "p_al": 9.421324231767912, "p_ex": 1.5886247829855749, "prior": 2.7593702309424737, "rate": 9.910939583960053}, "datetime": {"datetime": "2024-06-13 01:40:58", "elapsed": 169.989564, "delta": 0.10472}}
{"target": -243.74884436243738, "params": {"p_ai": 8.337556891437492, "p_al": 7.501813048827652, "p_ex": 0.42168995314221774, "prior": 0.27114380725844994, "rate": 4.872615170250543}, "datetime": {"datetime": "2024-06-13 01:40:58", "elapsed": 170.094591, "delta": 0.105027}}
{"target": -100.08360882829027, "params": {"p_ai": 0.32292867653160867, "p_al": 1.016152953248365, "p_ex": 5.633377099366875, "prior": 4.278606301498994, "rate": 7.9088919989089135}, "datetime": {"datetime": "2024-06-13 01:40:59", "elapsed": 170.199311, "delta": 0.10472}}
{"target": -87.13266410465332, "params": {"p_ai": 2.74062245632455, "p_al": 2.7252237609687184, "p_ex": 4.058809067057356, "prior": 6.7326349879025535, "rate": 9.814999114957237}, "datetime": {"datetime": "2024-06-13 01:40:59", "elapsed": 170.305028, "delta": 0.105717}}
{"target": -83.30958851365442, "params": {"p_ai": 3.975433489951716, "p_al": 7.445998108598364, "p_ex": 8.567392878397492, "prior": 6.75038679273869, "rate": 7.795082134679054}, "datetime": {"datetime": "2024-06-13 01:40:59", "elapsed": 170.409748, "delta": 0.10472}}
{"target": -131.25901490503963, "params": {"p_ai": 8.119416765823537, "p_al": 5.969655665826877, "p_ex": 4.390511974720336, "prior": 1.688333899464437, "rate": 7.814144190659461}, "datetime": {"datetime": "2024-06-13 01:40:59", "elapsed": 170.514844, "delta": 0.105096}}
{"target": -157.41167824761504, "params": {"p_ai": 1.9417242514235866, "p_al": 9.987208947162362, "p_ex": 5.426494667496237, "prior": 0.09465548629043356, "rate": 4.188570172974951}, "datetime": {"datetime": "2024-06-13 01:40:59", "elapsed": 170.620235, "delta": 0.105391}}
{"target": -79.0389736920374, "params": {"p_ai": 2.41127815204662, "p_al": 0.5323245865069548, "p_ex": 7.1616179373812034, "prior": 3.165598845749306, "rate": 8.210870060761753}, "datetime": {"datetime": "2024-06-13 01:40:59", "elapsed": 170.724955, "delta": 0.10472}}
{"target": -116.88890072117037, "params": {"p_ai": 7.64444307361343, "p_al": 0.6576494381320193, "p_ex": 7.127518025143455, "prior": 1.9504943658705718, "rate": 7.765796506709918}, "datetime": {"datetime": "2024-06-13 01:40:59", "elapsed": 170.829672, "delta": 0.104717}}
{"target": -107.96437218632644, "params": {"p_ai": 2.505048554293243, "p_al": 4.03805350700416, "p_ex": 8.833069543714716, "prior": 6.5701217012180235, "rate": 0.8159283060516022}, "datetime": {"datetime": "2024-06-13 01:40:59", "elapsed": 170.935389, "delta": 0.105717}}
{"target": -85.78150092851718, "params": {"p_ai": 1.34592508137872, "p_al": 0.07781190893962028, "p_ex": 9.82192366575641, "prior": 0.47769309887438854, "rate": 1.054675988838786}, "datetime": {"datetime": "2024-06-13 01:40:59", "elapsed": 171.039951, "delta": 0.104562}}
