{"target": -1088.6319373634951, "params": {"gamma": 2.8585435506242662, "lr": 0.009707596574816568}, "datetime": {"datetime": "2024-06-13 15:57:59", "elapsed": 5.91232, "delta": 0.003988}}
{"target": -915.3949664918067, "params": {"gamma": 5.754942892815359, "lr": 0.30779227833471057}, "datetime": {"datetime": "2024-06-13 15:57:59", "elapsed": 5.919302, "delta": 0.006982}}
{"target": -390.3491054957975, "params": {"gamma": 1.5159891044593792, "lr": 0.9712833117325801}, "datetime": {"datetime": "2024-06-13 15:57:59", "elapsed": 5.925285, "delta": 0.005983}}
{"target": -373.5829116888718, "params": {"gamma": 1.6505577067216257, "lr": 0.7272354411432771}, "datetime": {"datetime": "2024-06-13 15:57:59", "elapsed": 5.930273, "delta": 0.004988}}
{"target": -2088.361854084409, "params": {"gamma": 8.907351190743636, "lr": 0.8587151157269453}, "datetime": {"datetime": "2024-06-13 15:57:59", "elapsed": 5.935287, "delta": 0.005014}}
{"target": -355.1097929442459, "params": {"gamma": 1.8433864145173096, "lr": 0.23680853369423926}, "datetime": {"datetime": "2024-06-13 15:57:59", "elapsed": 5.940245, "delta": 0.004958}}
{"target": -147.4564676946104, "params": {"gamma": 0.1846080023892216, "lr": 0.9314054672648543}, "datetime": {"datetime": "2024-06-13 15:57:59", "elapsed": 5.945231, "delta": 0.004986}}
{"target": -1667.7739336206098, "params": {"gamma": 8.871324645396406, "lr": 0.5954661689695429}, "datetime": {"datetime": "2024-06-13 15:57:59", "elapsed": 5.951215, "delta": 0.005984}}
{"target": -285.4248796139481, "params": {"gamma": 1.0945671874130298, "lr": 0.17354264684250154}, "datetime": {"datetime": "2024-06-13 15:57:59", "elapsed": 5.956202, "delta": 0.004987}}
{"target": -976.724801117002, "params": {"gamma": 5.770026748955153, "lr": 0.25165697350014493}, "datetime": {"datetime": "2024-06-13 15:57:59", "elapsed": 5.960191, "delta": 0.003989}}
{"target": -695.0966593229981, "params": {"gamma": 3.0024181605272484, "lr": 0.17098734894301837}, "datetime": {"datetime": "2024-06-13 15:57:59", "elapsed": 5.965178, "delta": 0.004987}}
{"target": -374.9199802339043, "params": {"gamma": 1.8967275990085757, "lr": 0.4634211543904514}, "datetime": {"datetime": "2024-06-13 15:57:59", "elapsed": 5.970165, "delta": 0.004987}}
{"target": -926.7179661463192, "params": {"gamma": 5.099229852311732, "lr": 0.5115798896647326}, "datetime": {"datetime": "2024-06-13 15:57:59", "elapsed": 5.975152, "delta": 0.004987}}
{"target": -2993.2452807265486, "params": {"gamma": 9.971390854869842, "lr": 0.1295958172701398}, "datetime": {"datetime": "2024-06-13 15:57:59", "elapsed": 5.980138, "delta": 0.004986}}
{"target": -1632.2779745006803, "params": {"gamma": 7.561942713988967, "lr": 0.7937567472248925}, "datetime": {"datetime": "2024-06-13 15:57:59", "elapsed": 5.985125, "delta": 0.004987}}
{"target": -1083.8868598204413, "params": {"gamma": 5.849241105106437, "lr": 0.4627381802693252}, "datetime": {"datetime": "2024-06-13 15:57:59", "elapsed": 5.989114, "delta": 0.003989}}
{"target": -2016.302433786951, "params": {"gamma": 8.934372946865443, "lr": 0.8281802190731247}, "datetime": {"datetime": "2024-06-13 15:57:59", "elapsed": 5.993732, "delta": 0.004618}}
{"target": -181.78284531175652, "params": {"gamma": 0.5038590693510084, "lr": 0.962983753087854}, "datetime": {"datetime": "2024-06-13 15:57:59", "elapsed": 5.999129, "delta": 0.005397}}
{"target": -147.8666811612925, "params": {"gamma": 0.07439157764468438, "lr": 0.5731322046839419}, "datetime": {"datetime": "2024-06-13 15:57:59", "elapsed": 6.004115, "delta": 0.004986}}
{"target": -1315.0842491968597, "params": {"gamma": 5.7247357384538, "lr": 0.8343796647905168}, "datetime": {"datetime": "2024-06-13 15:57:59", "elapsed": 6.008104, "delta": 0.003989}}
{"target": -1370.687433610831, "params": {"gamma": 3.8477759631858306, "lr": 0.09104086904598219}, "datetime": {"datetime": "2024-06-13 15:57:59", "elapsed": 6.014089, "delta": 0.005985}}
{"target": -2188.6274034166922, "params": {"gamma": 5.81729100641988, "lr": 0.024845860363731265}, "datetime": {"datetime": "2024-06-13 15:57:59", "elapsed": 6.019075, "delta": 0.004986}}
{"target": -883.2000061172737, "params": {"gamma": 3.618595813310707, "lr": 0.9853168020853229}, "datetime": {"datetime": "2024-06-13 15:57:59", "elapsed": 6.023065, "delta": 0.00399}}
{"target": -2274.4642966974566, "params": {"gamma": 8.687919916680645, "lr": 0.15249674176120542}, "datetime": {"datetime": "2024-06-13 15:57:59", "elapsed": 6.028051, "delta": 0.004986}}
{"target": -1796.9448085132885, "params": {"gamma": 7.988462064471767, "lr": 0.8109969194215267}, "datetime": {"datetime": "2024-06-13 15:57:59", "elapsed": 6.033038, "delta": 0.004987}}
{"target": -1656.3921060488753, "params": {"gamma": 9.282143984052633, "lr": 0.22438426604398454}, "datetime": {"datetime": "2024-06-13 15:57:59", "elapsed": 6.037027, "delta": 0.003989}}
{"target": -1135.3656258693095, "params": {"gamma": 4.990175777525101, "lr": 0.8274440914110759}, "datetime": {"datetime": "2024-06-13 15:57:59", "elapsed": 6.042016, "delta": 0.004989}}
{"target": -1258.1598579530125, "params": {"gamma": 6.673670516196978, "lr": 0.5939361433837695}, "datetime": {"datetime": "2024-06-13 15:57:59", "elapsed": 6.047, "delta": 0.004984}}
{"target": -1169.1582936330963, "params": {"gamma": 6.520106231886649, "lr": 0.23851601279901302}, "datetime": {"datetime": "2024-06-13 15:57:59", "elapsed": 6.05099, "delta": 0.00399}}
{"target": -148.6411226718264, "params": {"gamma": 0.2563753086730316, "lr": 0.736257257446534}, "datetime": {"datetime": "2024-06-13 15:57:59", "elapsed": 6.055976, "delta": 0.004986}}
{"target": -545.8748165674883, "params": {"gamma": 3.268591461483445, "lr": 0.3767568869201464}, "datetime": {"datetime": "2024-06-13 15:57:59", "elapsed": 6.060963, "delta": 0.004987}}
{"target": -1223.5621875060044, "params": {"gamma": 6.126547925441392, "lr": 0.657165042363517}, "datetime": {"datetime": "2024-06-13 15:57:59", "elapsed": 6.064953, "delta": 0.00399}}
{"target": -480.1846632999223, "params": {"gamma": 2.0297861073278014, "lr": 0.8260315378454188}, "datetime": {"datetime": "2024-06-13 15:57:59", "elapsed": 6.069939, "delta": 0.004986}}
{"target": -762.527981410744, "params": {"gamma": 3.802685845849549, "lr": 0.6317444085013915}, "datetime": {"datetime": "2024-06-13 15:57:59", "elapsed": 6.075923, "delta": 0.005984}}
{"target": -1776.9553365808033, "params": {"gamma": 9.664147745107453, "lr": 0.5647862352666362}, "datetime": {"datetime": "2024-06-13 15:57:59", "elapsed": 6.079912, "delta": 0.003989}}
{"target": -737.2324936324765, "params": {"gamma": 3.58975250674678, "lr": 0.6189701087401422}, "datetime": {"datetime": "2024-06-13 15:57:59", "elapsed": 6.0849, "delta": 0.004988}}
{"target": -929.448796989019, "params": {"gamma": 5.018429387513632, "lr": 0.45237624777785157}, "datetime": {"datetime": "2024-06-13 15:57:59", "elapsed": 6.089886, "delta": 0.004986}}
{"target": -1766.97602927429, "params": {"gamma": 7.32297507682793, "lr": 0.9245101499841026}, "datetime": {"datetime": "2024-06-13 15:57:59", "elapsed": 6.093875, "delta": 0.003989}}
{"target": -1757.9142143388472, "params": {"gamma": 4.793234881420612, "lr": 0.08823015100009579}, "datetime": {"datetime": "2024-06-13 15:57:59", "elapsed": 6.098862, "delta": 0.004987}}
{"target": -1024.0997353551293, "params": {"gamma": 5.696965913284056, "lr": 0.2449508551148344}, "datetime": {"datetime": "2024-06-13 15:57:59", "elapsed": 6.103849, "delta": 0.004987}}
{"target": -160.97460946729413, "params": {"gamma": 0.3967395368422162, "lr": 0.7881402066436831}, "datetime": {"datetime": "2024-06-13 15:57:59", "elapsed": 6.108835, "delta": 0.004986}}
{"target": -602.3849822538854, "params": {"gamma": 2.728409598411216, "lr": 0.7770704929423838}, "datetime": {"datetime": "2024-06-13 15:57:59", "elapsed": 6.113822, "delta": 0.004987}}
{"target": -781.0888495270343, "params": {"gamma": 4.882601221938961, "lr": 0.31793589107511533}, "datetime": {"datetime": "2024-06-13 15:57:59", "elapsed": 6.117811, "delta": 0.003989}}
{"target": -1193.2807850245301, "params": {"gamma": 3.1409404750589167, "lr": 0.04202476008611444}, "datetime": {"datetime": "2024-06-13 15:57:59", "elapsed": 6.122798, "delta": 0.004987}}
{"target": -1214.4095060317677, "params": {"gamma": 5.344463969208603, "lr": 0.8235515559967603}, "datetime": {"datetime": "2024-06-13 15:57:59", "elapsed": 6.127785, "delta": 0.004987}}
{"target": -343.01659735669847, "params": {"gamma": 0.8398696296412803, "lr": 0.10855870560871761}, "datetime": {"datetime": "2024-06-13 15:57:59", "elapsed": 6.132359, "delta": 0.004574}}
{"target": -1059.2429560743374, "params": {"gamma": 5.293030012750302, "lr": 0.6601418096235968}, "datetime": {"datetime": "2024-06-13 15:57:59", "elapsed": 6.138319, "delta": 0.00596}}
{"target": -1099.3723690902227, "params": {"gamma": 6.947765177374281, "lr": 0.313221695146886}, "datetime": {"datetime": "2024-06-13 15:57:59", "elapsed": 6.142308, "delta": 0.003989}}
{"target": -156.6084405237788, "params": {"gamma": 0.37873998028565886, "lr": 0.4145628796923949}, "datetime": {"datetime": "2024-06-13 15:57:59", "elapsed": 6.147445, "delta": 0.005137}}
{"target": -868.0026785453199, "params": {"gamma": 2.2612156645820662, "lr": 0.0011148302524066622}, "datetime": {"datetime": "2024-06-13 15:57:59", "elapsed": 6.152431, "delta": 0.004986}}
{"target": -1655.7688936218046, "params": {"gamma": 6.857480005685141, "lr": 0.9520625390545332}, "datetime": {"datetime": "2024-06-13 15:57:59", "elapsed": 6.157418, "delta": 0.004987}}
{"target": -632.2282247966054, "params": {"gamma": 3.9121264535897473, "lr": 0.3002984293714631}, "datetime": {"datetime": "2024-06-13 15:57:59", "elapsed": 6.161407, "delta": 0.003989}}
{"target": -1272.834197105886, "params": {"gamma": 5.537964374290343, "lr": 0.8519762580648814}, "datetime": {"datetime": "2024-06-13 15:57:59", "elapsed": 6.166397, "delta": 0.00499}}
{"target": -1650.9184490273808, "params": {"gamma": 7.9498792795045405, "lr": 0.6847567049785765}, "datetime": {"datetime": "2024-06-13 15:57:59", "elapsed": 6.17138, "delta": 0.004983}}
{"target": -904.4350560510231, "params": {"gamma": 4.321638805905765, "lr": 0.6904340198543137}, "datetime": {"datetime": "2024-06-13 15:57:59", "elapsed": 6.176367, "delta": 0.004987}}
{"target": -384.61360568383026, "params": {"gamma": 2.161037487164819, "lr": 0.28394343784624676}, "datetime": {"datetime": "2024-06-13 15:57:59", "elapsed": 6.180356, "delta": 0.003989}}
{"target": -1875.7954819047145, "params": {"gamma": 7.778428288392944, "lr": 0.9299801363463566}, "datetime": {"datetime": "2024-06-13 15:57:59", "elapsed": 6.185343, "delta": 0.004987}}
{"target": -325.686813543225, "params": {"gamma": 1.9013049866632814, "lr": 0.29606328941823257}, "datetime": {"datetime": "2024-06-13 15:57:59", "elapsed": 6.19033, "delta": 0.004987}}
{"target": -149.2549416438453, "params": {"gamma": 0.06309646163797043, "lr": 0.43156224528040166}, "datetime": {"datetime": "2024-06-13 15:57:59", "elapsed": 6.19433, "delta": 0.004}}
{"target": -437.8233500910305, "params": {"gamma": 2.103740422454257, "lr": 0.6414247825536215}, "datetime": {"datetime": "2024-06-13 15:57:59", "elapsed": 6.200315, "delta": 0.005985}}
{"target": -2284.0497259820736, "params": {"gamma": 7.096182567565407, "lr": 0.11877771439848506}, "datetime": {"datetime": "2024-06-13 15:57:59", "elapsed": 6.205301, "delta": 0.004986}}
{"target": -237.5936059414087, "params": {"gamma": 0.8223578763172843, "lr": 0.9063350695803358}, "datetime": {"datetime": "2024-06-13 15:57:59", "elapsed": 6.20929, "delta": 0.003989}}
{"target": -713.6964865481133, "params": {"gamma": 3.8929983086548985, "lr": 0.5334034972660143}, "datetime": {"datetime": "2024-06-13 15:57:59", "elapsed": 6.214277, "delta": 0.004987}}
{"target": -2075.2592333351186, "params": {"gamma": 9.632452407571792, "lr": 0.7590540122163353}, "datetime": {"datetime": "2024-06-13 15:57:59", "elapsed": 6.219263, "delta": 0.004986}}
{"target": -1204.4772216532713, "params": {"gamma": 3.256077435692296, "lr": 0.08584930112029354}, "datetime": {"datetime": "2024-06-13 15:57:59", "elapsed": 6.22425, "delta": 0.004987}}
{"target": -876.7804683602001, "params": {"gamma": 5.360704142867423, "lr": 0.33612544293733115}, "datetime": {"datetime": "2024-06-13 15:57:59", "elapsed": 6.228814, "delta": 0.004564}}
{"target": -148.01331388661282, "params": {"gamma": 0.21783235985649294, "lr": 0.7711523332537787}, "datetime": {"datetime": "2024-06-13 15:57:59", "elapsed": 6.233804, "delta": 0.00499}}
{"target": -720.6685857170527, "params": {"gamma": 3.849706389409975, "lr": 0.5713211500587355}, "datetime": {"datetime": "2024-06-13 15:57:59", "elapsed": 6.238647, "delta": 0.004843}}
{"target": -1823.0501577364153, "params": {"gamma": 7.557672815106508, "lr": 0.9408474199010457}, "datetime": {"datetime": "2024-06-13 15:57:59", "elapsed": 6.243667, "delta": 0.00502}}
{"target": -972.2290137106514, "params": {"gamma": 6.123611064507542, "lr": 0.31539617878014314}, "datetime": {"datetime": "2024-06-13 15:57:59", "elapsed": 6.248927, "delta": 0.00526}}
{"target": -447.51356533242523, "params": {"gamma": 1.1016550019623323, "lr": 0.07391888791127221}, "datetime": {"datetime": "2024-06-13 15:57:59", "elapsed": 6.253424, "delta": 0.004497}}
{"target": -648.1867076013493, "params": {"gamma": 3.197588047953422, "lr": 0.660839138956005}, "datetime": {"datetime": "2024-06-13 15:57:59", "elapsed": 6.257413, "delta": 0.003989}}
{"target": -1399.4912232253992, "params": {"gamma": 6.9518254952121765, "lr": 0.20771804006298766}, "datetime": {"datetime": "2024-06-13 15:57:59", "elapsed": 6.263398, "delta": 0.005985}}
{"target": -191.49106003618738, "params": {"gamma": 0.8288765899448861, "lr": 0.3055106612860311}, "datetime": {"datetime": "2024-06-13 15:57:59", "elapsed": 6.268384, "delta": 0.004986}}
{"target": -1186.344758211928, "params": {"gamma": 5.476198023985873, "lr": 0.7546696744748647}, "datetime": {"datetime": "2024-06-13 15:57:59", "elapsed": 6.273371, "delta": 0.004987}}
{"target": -826.4231740852857, "params": {"gamma": 5.297043548379857, "lr": 0.28698375274707455}, "datetime": {"datetime": "2024-06-13 15:57:59", "elapsed": 6.27736, "delta": 0.003989}}
{"target": -1055.1413722241261, "params": {"gamma": 6.242173052915846, "lr": 0.2648366551761958}, "datetime": {"datetime": "2024-06-13 15:57:59", "elapsed": 6.282346, "delta": 0.004986}}
{"target": -1496.6965516505354, "params": {"gamma": 6.527276450430897, "lr": 0.8418980078267378}, "datetime": {"datetime": "2024-06-13 15:57:59", "elapsed": 6.287333, "delta": 0.004987}}
{"target": -1181.3346106343156, "params": {"gamma": 6.389839255863949, "lr": 0.5656314689767339}, "datetime": {"datetime": "2024-06-13 15:57:59", "elapsed": 6.29232, "delta": 0.004987}}
{"target": -737.9820034806543, "params": {"gamma": 3.072113950599342, "lr": 0.8767770399379612}, "datetime": {"datetime": "2024-06-13 15:57:59", "elapsed": 6.296309, "delta": 0.003989}}
{"target": -2129.9891581523198, "params": {"gamma": 9.888230025288278, "lr": 0.777479431209941}, "datetime": {"datetime": "2024-06-13 15:57:59", "elapsed": 6.302293, "delta": 0.005984}}
{"target": -1727.3749382998567, "params": {"gamma": 5.736864931846622, "lr": 0.14127933264100168}, "datetime": {"datetime": "2024-06-13 15:57:59", "elapsed": 6.30728, "delta": 0.004987}}
{"target": -524.8158177992527, "params": {"gamma": 3.1499752949036433, "lr": 0.3668593185911837}, "datetime": {"datetime": "2024-06-13 15:57:59", "elapsed": 6.312267, "delta": 0.004987}}
{"target": -553.043833202344, "params": {"gamma": 2.9196603150536307, "lr": 0.4459528147489278}, "datetime": {"datetime": "2024-06-13 15:57:59", "elapsed": 6.317254, "delta": 0.004987}}
{"target": -1231.4200306009425, "params": {"gamma": 6.106714536159591, "lr": 0.2129145905151636}, "datetime": {"datetime": "2024-06-13 15:57:59", "elapsed": 6.323049, "delta": 0.005795}}
{"target": -817.7411189334939, "params": {"gamma": 2.4983477831127514, "lr": 0.11215048322109678}, "datetime": {"datetime": "2024-06-13 15:57:59", "elapsed": 6.327544, "delta": 0.004495}}
{"target": -582.7073406051102, "params": {"gamma": 3.07657830315885, "lr": 0.49744827858464324}, "datetime": {"datetime": "2024-06-13 15:57:59", "elapsed": 6.332532, "delta": 0.004988}}
{"target": -1188.0722996649718, "params": {"gamma": 4.898588039316173, "lr": 0.9955772118463961}, "datetime": {"datetime": "2024-06-13 15:57:59", "elapsed": 6.337517, "delta": 0.004985}}
{"target": -1845.0892695189755, "params": {"gamma": 9.811104522073206, "lr": 0.4365627716811432}, "datetime": {"datetime": "2024-06-13 15:57:59", "elapsed": 6.342503, "delta": 0.004986}}
{"target": -1950.2949140916123, "params": {"gamma": 9.720234197281384, "lr": 0.21439790417581406}, "datetime": {"datetime": "2024-06-13 15:57:59", "elapsed": 6.346494, "delta": 0.003991}}
{"target": -1000.4026142871691, "params": {"gamma": 5.411667740203425, "lr": 0.4534353144697316}, "datetime": {"datetime": "2024-06-13 15:57:59", "elapsed": 6.35148, "delta": 0.004986}}
{"target": -2209.705286169139, "params": {"gamma": 9.67612136622795, "lr": 0.8361762231353584}, "datetime": {"datetime": "2024-06-13 15:57:59", "elapsed": 6.357464, "delta": 0.005984}}
{"target": -423.70369654725545, "params": {"gamma": 2.142255100882632, "lr": 0.43953910215539116}, "datetime": {"datetime": "2024-06-13 15:57:59", "elapsed": 6.362451, "delta": 0.004987}}
{"target": -332.42569058409447, "params": {"gamma": 1.685601239492825, "lr": 0.5290872104552504}, "datetime": {"datetime": "2024-06-13 15:57:59", "elapsed": 6.367438, "delta": 0.004987}}
{"target": -2977.3434960061318, "params": {"gamma": 7.935053256996167, "lr": 0.03587914896601674}, "datetime": {"datetime": "2024-06-13 15:57:59", "elapsed": 6.372424, "delta": 0.004986}}
{"target": -481.74191826186177, "params": {"gamma": 1.9143974164796644, "lr": 0.9774555643930162}, "datetime": {"datetime": "2024-06-13 15:57:59", "elapsed": 6.376413, "delta": 0.003989}}
{"target": -1766.7404304453573, "params": {"gamma": 9.608012262900427, "lr": 0.5565916591021018}, "datetime": {"datetime": "2024-06-13 15:57:59", "elapsed": 6.381401, "delta": 0.004988}}
{"target": -1091.5482744136068, "params": {"gamma": 6.461261124237896, "lr": 0.27209301429327437}, "datetime": {"datetime": "2024-06-13 15:57:59", "elapsed": 6.387558, "delta": 0.006157}}
{"target": -1974.5165486982164, "params": {"gamma": 9.520958766042686, "lr": 0.66977480632724}, "datetime": {"datetime": "2024-06-13 15:57:59", "elapsed": 6.391547, "delta": 0.003989}}
{"target": -2505.580987008136, "params": {"gamma": 6.6684131433924785, "lr": 0.011103333369922863}, "datetime": {"datetime": "2024-06-13 15:57:59", "elapsed": 6.396534, "delta": 0.004987}}
{"target": -1839.3427271954026, "params": {"gamma": 8.529845528647078, "lr": 0.7783262186802019}, "datetime": {"datetime": "2024-06-13 15:57:59", "elapsed": 6.401522, "delta": 0.004988}}
{"target": -1440.7940006214612, "params": {"gamma": 6.849555045051163, "lr": 0.740781813019585}, "datetime": {"datetime": "2024-06-13 15:57:59", "elapsed": 6.406507, "delta": 0.004985}}
{"target": -357.0002370373083, "params": {"gamma": 1.5665676735591734, "lr": 0.71877505284865}, "datetime": {"datetime": "2024-06-13 15:57:59", "elapsed": 6.410497, "delta": 0.00399}}
{"target": -246.7067117650425, "params": {"gamma": 0.9690872885214075, "lr": 0.7069494480386341}, "datetime": {"datetime": "2024-06-13 15:57:59", "elapsed": 6.415484, "delta": 0.004987}}
{"target": -149.84552291915512, "params": {"gamma": 0.027315329458906884, "lr": 0.7762057874603809}, "datetime": {"datetime": "2024-06-13 15:57:59", "elapsed": 6.421467, "delta": 0.005983}}
{"target": -994.8304377937633, "params": {"gamma": 4.916080290630613, "lr": 0.20438686629786484}, "datetime": {"datetime": "2024-06-13 15:57:59", "elapsed": 6.426454, "delta": 0.004987}}
{"target": -1152.6171177457006, "params": {"gamma": 7.292736897839507, "lr": 0.3156541317831608}, "datetime": {"datetime": "2024-06-13 15:57:59", "elapsed": 6.431441, "delta": 0.004987}}
{"target": -1999.8856635403758, "params": {"gamma": 8.83829208238512, "lr": 0.18023352523222202}, "datetime": {"datetime": "2024-06-13 15:57:59", "elapsed": 6.436427, "delta": 0.004986}}
{"target": -2259.834740172838, "params": {"gamma": 9.385567992205967, "lr": 0.9707501480531616}, "datetime": {"datetime": "2024-06-13 15:57:59", "elapsed": 6.440417, "delta": 0.00399}}
{"target": -728.3157343548138, "params": {"gamma": 3.0455479552792557, "lr": 0.8624863997043009}, "datetime": {"datetime": "2024-06-13 15:57:59", "elapsed": 6.445404, "delta": 0.004987}}
{"target": -1568.5498756659438, "params": {"gamma": 8.421949009551232, "lr": 0.4246127100946028}, "datetime": {"datetime": "2024-06-13 15:57:59", "elapsed": 6.450392, "delta": 0.004988}}
{"target": -620.7064464612047, "params": {"gamma": 3.637480394119995, "lr": 0.282437473235045}, "datetime": {"datetime": "2024-06-13 15:57:59", "elapsed": 6.455377, "delta": 0.004985}}
{"target": -1669.0625160954887, "params": {"gamma": 9.93237460787099, "lr": 0.25575102695189966}, "datetime": {"datetime": "2024-06-13 15:57:59", "elapsed": 6.460363, "delta": 0.004986}}
{"target": -1713.3122400167226, "params": {"gamma": 9.206835301993463, "lr": 0.4283352137597225}, "datetime": {"datetime": "2024-06-13 15:57:59", "elapsed": 6.46535, "delta": 0.004987}}
{"target": -2136.828416245435, "params": {"gamma": 9.354334696401745, "lr": 0.8388448341981828}, "datetime": {"datetime": "2024-06-13 15:57:59", "elapsed": 6.470667, "delta": 0.005317}}
{"target": -320.18296645619034, "params": {"gamma": 1.5586174788295128, "lr": 0.5742833543508832}, "datetime": {"datetime": "2024-06-13 15:57:59", "elapsed": 6.475127, "delta": 0.00446}}
{"target": -1257.5977012899941, "params": {"gamma": 6.7353566438421755, "lr": 0.4058204059990451}, "datetime": {"datetime": "2024-06-13 15:57:59", "elapsed": 6.480111, "delta": 0.004984}}
