{"target": -876.5826880805243, "params": {"gamma": 6.586021847542061, "lr": 0.18119538195386165}, "datetime": {"datetime": "2024-06-13 19:33:52", "elapsed": 3.415847, "delta": 0.003989}}
{"target": -659.7009548338162, "params": {"gamma": 7.8807074621719, "lr": 0.6028653375383973}, "datetime": {"datetime": "2024-06-13 19:33:52", "elapsed": 3.419836, "delta": 0.003989}}
{"target": -1574.7771824737074, "params": {"gamma": 9.80334851848814, "lr": 0.22238319353117575}, "datetime": {"datetime": "2024-06-13 19:33:52", "elapsed": 3.423825, "delta": 0.003989}}
{"target": -391.1114411780313, "params": {"gamma": 4.663198475191569, "lr": 0.8956418025994466}, "datetime": {"datetime": "2024-06-13 19:33:52", "elapsed": 3.427814, "delta": 0.003989}}
{"target": -489.93519450131896, "params": {"gamma": 6.014732663578183, "lr": 0.725958845848815}, "datetime": {"datetime": "2024-06-13 19:33:52", "elapsed": 3.431806, "delta": 0.003992}}
{"target": -339.538411617428, "params": {"gamma": 4.137287971849402, "lr": 0.6843096218313198}, "datetime": {"datetime": "2024-06-13 19:33:52", "elapsed": 3.435796, "delta": 0.00399}}
{"target": -1549.014323554645, "params": {"gamma": 9.460604243445784, "lr": 0.20018606573932207}, "datetime": {"datetime": "2024-06-13 19:33:53", "elapsed": 3.438788, "delta": 0.002992}}
{"target": -689.7912887676289, "params": {"gamma": 8.073845273509328, "lr": 0.9695380120998964}, "datetime": {"datetime": "2024-06-13 19:33:53", "elapsed": 3.443357, "delta": 0.004569}}
{"target": -131.7933426902257, "params": {"gamma": 0.146672748901554, "lr": 0.21520958659442757}, "datetime": {"datetime": "2024-06-13 19:33:53", "elapsed": 3.447346, "delta": 0.003989}}
{"target": -116.2725907247927, "params": {"gamma": 1.1746518262109842, "lr": 0.7674235177414532}, "datetime": {"datetime": "2024-06-13 19:33:53", "elapsed": 3.451335, "delta": 0.003989}}
{"target": -97.150901954549, "params": {"gamma": 0.8130846428413901, "lr": 0.9984135585909075}, "datetime": {"datetime": "2024-06-13 19:33:53", "elapsed": 3.455325, "delta": 0.00399}}
{"target": -328.0528948213, "params": {"gamma": 3.8967305467771722, "lr": 0.9052027659330404}, "datetime": {"datetime": "2024-06-13 19:33:53", "elapsed": 3.459314, "delta": 0.003989}}
{"target": -164.6189251771525, "params": {"gamma": 1.886587457391179, "lr": 0.44087219982229087}, "datetime": {"datetime": "2024-06-13 19:33:53", "elapsed": 3.463332, "delta": 0.004018}}
{"target": -664.4707195951888, "params": {"gamma": 8.448273378243028, "lr": 0.5952697806732562}, "datetime": {"datetime": "2024-06-13 19:33:53", "elapsed": 3.467324, "delta": 0.003992}}
{"target": -361.8420729790962, "params": {"gamma": 4.6221188088168805, "lr": 0.5126497467571176}, "datetime": {"datetime": "2024-06-13 19:33:53", "elapsed": 3.471282, "delta": 0.003958}}
{"target": -433.6473604359581, "params": {"gamma": 5.739281383396582, "lr": 0.4403192075855932}, "datetime": {"datetime": "2024-06-13 19:33:53", "elapsed": 3.475272, "delta": 0.00399}}
{"target": -383.4081346502915, "params": {"gamma": 1.936396018280381, "lr": 0.11396576145918635}, "datetime": {"datetime": "2024-06-13 19:33:53", "elapsed": 3.47926, "delta": 0.003988}}
{"target": -315.0676168132952, "params": {"gamma": 1.5131280457741099, "lr": 0.0524909638531339}, "datetime": {"datetime": "2024-06-13 19:33:53", "elapsed": 3.48325, "delta": 0.00399}}
{"target": -452.8897909350281, "params": {"gamma": 5.587205434225252, "lr": 0.8477210140360106}, "datetime": {"datetime": "2024-06-13 19:33:53", "elapsed": 3.487239, "delta": 0.003989}}
{"target": -708.0220818120097, "params": {"gamma": 3.5918342699021832, "lr": 0.07531087263581782}, "datetime": {"datetime": "2024-06-13 19:33:53", "elapsed": 3.491229, "delta": 0.00399}}
{"target": -359.8675702139102, "params": {"gamma": 4.257818395439178, "lr": 0.6020078384720013}, "datetime": {"datetime": "2024-06-13 19:33:53", "elapsed": 3.495218, "delta": 0.003989}}
{"target": -346.9278649104638, "params": {"gamma": 4.254609252290801, "lr": 0.81072123360737}, "datetime": {"datetime": "2024-06-13 19:33:53", "elapsed": 3.499207, "delta": 0.003989}}
{"target": -785.2577350368998, "params": {"gamma": 9.418920575620866, "lr": 0.8699107732683544}, "datetime": {"datetime": "2024-06-13 19:33:53", "elapsed": 3.503196, "delta": 0.003989}}
{"target": -530.8841462332618, "params": {"gamma": 7.040290983300606, "lr": 0.4702989247821753}, "datetime": {"datetime": "2024-06-13 19:33:53", "elapsed": 3.507186, "delta": 0.00399}}
{"target": -1334.2594343836904, "params": {"gamma": 6.827297730989611, "lr": 0.013418310556529534}, "datetime": {"datetime": "2024-06-13 19:33:53", "elapsed": 3.511176, "delta": 0.00399}}
{"target": -1302.368975401545, "params": {"gamma": 9.824798706901937, "lr": 0.17207733182889595}, "datetime": {"datetime": "2024-06-13 19:33:53", "elapsed": 3.515164, "delta": 0.003988}}
{"target": -733.0501290270452, "params": {"gamma": 9.062697699220857, "lr": 0.8071099016661061}, "datetime": {"datetime": "2024-06-13 19:33:53", "elapsed": 3.519154, "delta": 0.00399}}
{"target": -792.4328714018119, "params": {"gamma": 8.00159670418549, "lr": 0.2689360577850649}, "datetime": {"datetime": "2024-06-13 19:33:53", "elapsed": 3.523143, "delta": 0.003989}}
{"target": -184.37913592087136, "params": {"gamma": 2.1923189037668234, "lr": 0.42880069291408873}, "datetime": {"datetime": "2024-06-13 19:33:53", "elapsed": 3.527132, "delta": 0.003989}}
{"target": -638.3331583133216, "params": {"gamma": 8.493861636205818, "lr": 0.45037964247172024}, "datetime": {"datetime": "2024-06-13 19:33:53", "elapsed": 3.531122, "delta": 0.00399}}
{"target": -745.107336066512, "params": {"gamma": 9.354265719956611, "lr": 0.352679327251738}, "datetime": {"datetime": "2024-06-13 19:33:53", "elapsed": 3.535111, "delta": 0.003989}}
{"target": -530.1595869848362, "params": {"gamma": 6.194302264801901, "lr": 0.9806990363557802}, "datetime": {"datetime": "2024-06-13 19:33:53", "elapsed": 3.539101, "delta": 0.00399}}
{"target": -1258.178765392774, "params": {"gamma": 6.434981759885809, "lr": 0.04549821604060378}, "datetime": {"datetime": "2024-06-13 19:33:53", "elapsed": 3.542093, "delta": 0.002992}}
{"target": -380.34030782354904, "params": {"gamma": 4.636107352426167, "lr": 0.3347513437136638}, "datetime": {"datetime": "2024-06-13 19:33:53", "elapsed": 3.546082, "delta": 0.003989}}
{"target": -535.4828340352981, "params": {"gamma": 5.322283303668225, "lr": 0.2847462086131314}, "datetime": {"datetime": "2024-06-13 19:33:53", "elapsed": 3.550071, "delta": 0.003989}}
{"target": -119.39708100283683, "params": {"gamma": 1.223490041069798, "lr": 0.6682889887508018}, "datetime": {"datetime": "2024-06-13 19:33:53", "elapsed": 3.554061, "delta": 0.00399}}
{"target": -569.1354082294167, "params": {"gamma": 6.8139161891581725, "lr": 0.8671392999990885}, "datetime": {"datetime": "2024-06-13 19:33:53", "elapsed": 3.55805, "delta": 0.003989}}
{"target": -126.07026686344273, "params": {"gamma": 1.3246825541338114, "lr": 0.798620308278031}, "datetime": {"datetime": "2024-06-13 19:33:53", "elapsed": 3.562039, "delta": 0.003989}}
{"target": -684.9399056577167, "params": {"gamma": 8.267860615312884, "lr": 0.6465499357511519}, "datetime": {"datetime": "2024-06-13 19:33:53", "elapsed": 3.566029, "delta": 0.00399}}
{"target": -228.4809479127259, "params": {"gamma": 2.0500165356605575, "lr": 0.2614207144058379}, "datetime": {"datetime": "2024-06-13 19:33:53", "elapsed": 3.571015, "delta": 0.004986}}
{"target": -329.01466697018094, "params": {"gamma": 4.185549678574218, "lr": 0.5417990727827313}, "datetime": {"datetime": "2024-06-13 19:33:53", "elapsed": 3.575004, "delta": 0.003989}}
{"target": -363.99721855910894, "params": {"gamma": 4.774902117966579, "lr": 0.4674598920453694}, "datetime": {"datetime": "2024-06-13 19:33:53", "elapsed": 3.578994, "delta": 0.00399}}
{"target": -700.5867414838474, "params": {"gamma": 8.398567261266477, "lr": 0.8701023653075677}, "datetime": {"datetime": "2024-06-13 19:33:53", "elapsed": 3.582983, "delta": 0.003989}}
{"target": -681.432620632619, "params": {"gamma": 8.16772288980329, "lr": 0.8778014186346996}, "datetime": {"datetime": "2024-06-13 19:33:53", "elapsed": 3.586973, "delta": 0.00399}}
{"target": -489.1171694732599, "params": {"gamma": 5.710516610608794, "lr": 0.9640361333390818}, "datetime": {"datetime": "2024-06-13 19:33:53", "elapsed": 3.590962, "delta": 0.003989}}
{"target": -509.21786596974295, "params": {"gamma": 6.065836938156427, "lr": 0.6039477410796814}, "datetime": {"datetime": "2024-06-13 19:33:53", "elapsed": 3.594951, "delta": 0.003989}}
{"target": -264.8140516943116, "params": {"gamma": 3.193658073009114, "lr": 0.681204184117019}, "datetime": {"datetime": "2024-06-13 19:33:53", "elapsed": 3.59894, "delta": 0.003989}}
{"target": -142.64618152381942, "params": {"gamma": 0.5206049193651046, "lr": 0.13454642101194225}, "datetime": {"datetime": "2024-06-13 19:33:53", "elapsed": 3.60293, "delta": 0.00399}}
{"target": -128.57664549779187, "params": {"gamma": 1.303291433560078, "lr": 0.6552012872247357}, "datetime": {"datetime": "2024-06-13 19:33:53", "elapsed": 3.606919, "delta": 0.003989}}
{"target": -166.763261125158, "params": {"gamma": 1.7541505851216117, "lr": 0.3411468232515472}, "datetime": {"datetime": "2024-06-13 19:33:53", "elapsed": 3.609911, "delta": 0.002992}}
{"target": -131.7765131979672, "params": {"gamma": 0.44407224667521283, "lr": 0.2337343601165106}, "datetime": {"datetime": "2024-06-13 19:33:53", "elapsed": 3.614897, "delta": 0.004986}}
{"target": -742.5524876670339, "params": {"gamma": 9.642279024168092, "lr": 0.5091394025163677}, "datetime": {"datetime": "2024-06-13 19:33:53", "elapsed": 3.61789, "delta": 0.002993}}
{"target": -137.98459308139198, "params": {"gamma": 1.5115941101958479, "lr": 0.5230085317344643}, "datetime": {"datetime": "2024-06-13 19:33:53", "elapsed": 3.62188, "delta": 0.00399}}
{"target": -786.6046014859595, "params": {"gamma": 9.435150329726897, "lr": 0.865686014006334}, "datetime": {"datetime": "2024-06-13 19:33:53", "elapsed": 3.625868, "delta": 0.003988}}
{"target": -401.85146590967645, "params": {"gamma": 3.9212666234349385, "lr": 0.28386751597340265}, "datetime": {"datetime": "2024-06-13 19:33:53", "elapsed": 3.629858, "delta": 0.00399}}
{"target": -1225.0717648100817, "params": {"gamma": 7.617536897064726, "lr": 0.2404843248030878}, "datetime": {"datetime": "2024-06-13 19:33:53", "elapsed": 3.633847, "delta": 0.003989}}
{"target": -507.286542476968, "params": {"gamma": 2.5430693142188665, "lr": 0.08408635417992949}, "datetime": {"datetime": "2024-06-13 19:33:53", "elapsed": 3.637837, "delta": 0.00399}}
{"target": -649.2573659028506, "params": {"gamma": 8.641576803545505, "lr": 0.44789891562027984}, "datetime": {"datetime": "2024-06-13 19:33:53", "elapsed": 3.641826, "delta": 0.003989}}
{"target": -470.00698434895315, "params": {"gamma": 5.618300819839127, "lr": 0.7367109576935199}, "datetime": {"datetime": "2024-06-13 19:33:53", "elapsed": 3.645815, "delta": 0.003989}}
{"target": -599.2341015141722, "params": {"gamma": 7.965092182444826, "lr": 0.44750813899031383}, "datetime": {"datetime": "2024-06-13 19:33:53", "elapsed": 3.649804, "delta": 0.003989}}
{"target": -160.53294666217576, "params": {"gamma": 1.8420914342018075, "lr": 0.8287328515283018}, "datetime": {"datetime": "2024-06-13 19:33:53", "elapsed": 3.653794, "delta": 0.00399}}
{"target": -94.05638126908704, "params": {"gamma": 0.3109486003227299, "lr": 0.9467282696079524}, "datetime": {"datetime": "2024-06-13 19:33:53", "elapsed": 3.657783, "delta": 0.003989}}
{"target": -482.6383464290714, "params": {"gamma": 5.770201486928539, "lr": 0.875388738450687}, "datetime": {"datetime": "2024-06-13 19:33:53", "elapsed": 3.661772, "delta": 0.003989}}
{"target": -608.6526078047109, "params": {"gamma": 6.086045804298614, "lr": 0.2516595841523237}, "datetime": {"datetime": "2024-06-13 19:33:53", "elapsed": 3.665762, "delta": 0.00399}}
{"target": -238.20727407325307, "params": {"gamma": 2.962003105035548, "lr": 0.5329225590316532}, "datetime": {"datetime": "2024-06-13 19:33:53", "elapsed": 3.669751, "delta": 0.003989}}
{"target": -1275.5473374784965, "params": {"gamma": 9.620820050258088, "lr": 0.18449560449017766}, "datetime": {"datetime": "2024-06-13 19:33:53", "elapsed": 3.673741, "delta": 0.00399}}
{"target": -415.9821738102509, "params": {"gamma": 5.099473883052948, "lr": 0.3437881034368444}, "datetime": {"datetime": "2024-06-13 19:33:53", "elapsed": 3.677729, "delta": 0.003988}}
{"target": -623.1964178184182, "params": {"gamma": 7.697483724226901, "lr": 0.802866486432424}, "datetime": {"datetime": "2024-06-13 19:33:53", "elapsed": 3.681719, "delta": 0.00399}}
{"target": -699.857840835658, "params": {"gamma": 4.246174543111865, "lr": 0.20412249999433585}, "datetime": {"datetime": "2024-06-13 19:33:53", "elapsed": 3.685709, "delta": 0.00399}}
{"target": -138.1749899770084, "params": {"gamma": 0.6718275138282244, "lr": 0.1986482644205615}, "datetime": {"datetime": "2024-06-13 19:33:53", "elapsed": 3.689698, "delta": 0.003989}}
{"target": -224.52439885675918, "params": {"gamma": 2.7247361004436925, "lr": 0.5987889179092104}, "datetime": {"datetime": "2024-06-13 19:33:53", "elapsed": 3.693687, "delta": 0.003989}}
{"target": -1425.0999319897394, "params": {"gamma": 8.730961889247082, "lr": 0.1282309388454863}, "datetime": {"datetime": "2024-06-13 19:33:53", "elapsed": 3.697676, "delta": 0.003989}}
{"target": -776.9100555834443, "params": {"gamma": 9.581929228407246, "lr": 0.6831708438541465}, "datetime": {"datetime": "2024-06-13 19:33:53", "elapsed": 3.701666, "delta": 0.00399}}
{"target": -634.2320005495585, "params": {"gamma": 7.419900392548125, "lr": 0.9828807859209906}, "datetime": {"datetime": "2024-06-13 19:33:53", "elapsed": 3.705655, "delta": 0.003989}}
{"target": -327.21734542506465, "params": {"gamma": 4.161591625408803, "lr": 0.5315834658959018}, "datetime": {"datetime": "2024-06-13 19:33:53", "elapsed": 3.709644, "delta": 0.003989}}
{"target": -526.1162145506901, "params": {"gamma": 6.792450289006991, "lr": 0.5128751425899913}, "datetime": {"datetime": "2024-06-13 19:33:53", "elapsed": 3.713634, "delta": 0.00399}}
{"target": -592.8360376622778, "params": {"gamma": 2.991824334263695, "lr": 0.10538467273003926}, "datetime": {"datetime": "2024-06-13 19:33:53", "elapsed": 3.717623, "delta": 0.003989}}
{"target": -240.901900464309, "params": {"gamma": 2.8500365250757254, "lr": 0.7688528482877579}, "datetime": {"datetime": "2024-06-13 19:33:53", "elapsed": 3.721621, "delta": 0.003998}}
{"target": -519.5167570680736, "params": {"gamma": 6.40818626181401, "lr": 0.8013307032031926}, "datetime": {"datetime": "2024-06-13 19:33:53", "elapsed": 3.725605, "delta": 0.003984}}
{"target": -834.0260573580373, "params": {"gamma": 5.171688199172296, "lr": 0.23210002184633505}, "datetime": {"datetime": "2024-06-13 19:33:53", "elapsed": 3.729594, "delta": 0.003989}}
{"target": -568.4064157795174, "params": {"gamma": 6.279991307892046, "lr": 0.30400549002230315}, "datetime": {"datetime": "2024-06-13 19:33:53", "elapsed": 3.733584, "delta": 0.00399}}
{"target": -95.29488023634129, "params": {"gamma": 0.29625792067526757, "lr": 0.9033311768168756}, "datetime": {"datetime": "2024-06-13 19:33:53", "elapsed": 3.737573, "delta": 0.003989}}
{"target": -328.0726719126442, "params": {"gamma": 4.2042753184590484, "lr": 0.4261307804247122}, "datetime": {"datetime": "2024-06-13 19:33:53", "elapsed": 3.741563, "delta": 0.00399}}
{"target": -633.6267948189458, "params": {"gamma": 7.412776101583259, "lr": 0.9484584043057936}, "datetime": {"datetime": "2024-06-13 19:33:53", "elapsed": 3.745552, "delta": 0.003989}}
{"target": -142.4530708332093, "params": {"gamma": 0.7260827649265881, "lr": 0.17270108813227492}, "datetime": {"datetime": "2024-06-13 19:33:53", "elapsed": 3.749541, "delta": 0.003989}}
{"target": -524.3415076156338, "params": {"gamma": 3.224252533837974, "lr": 0.248424246330199}, "datetime": {"datetime": "2024-06-13 19:33:53", "elapsed": 3.752533, "delta": 0.002992}}
{"target": -403.61877050246363, "params": {"gamma": 4.9554543186305695, "lr": 0.8244596107976835}, "datetime": {"datetime": "2024-06-13 19:33:53", "elapsed": 3.75752, "delta": 0.004987}}
{"target": -671.5678673711601, "params": {"gamma": 8.539870177006817, "lr": 0.5958299420587015}, "datetime": {"datetime": "2024-06-13 19:33:53", "elapsed": 3.76151, "delta": 0.00399}}
{"target": -332.35743483636855, "params": {"gamma": 2.4024971645768356, "lr": 0.18649268827268528}, "datetime": {"datetime": "2024-06-13 19:33:53", "elapsed": 3.765498, "delta": 0.003988}}
{"target": -1195.7372804624895, "params": {"gamma": 7.434161733507989, "lr": 0.23721405764354764}, "datetime": {"datetime": "2024-06-13 19:33:53", "elapsed": 3.769488, "delta": 0.00399}}
{"target": -451.66395357311023, "params": {"gamma": 5.395369418374571, "lr": 0.7492807871271918}, "datetime": {"datetime": "2024-06-13 19:33:53", "elapsed": 3.773477, "delta": 0.003989}}
{"target": -317.42942311726534, "params": {"gamma": 2.283262797049244, "lr": 0.17450118757274402}, "datetime": {"datetime": "2024-06-13 19:33:53", "elapsed": 3.777466, "delta": 0.003989}}
{"target": -126.51156436019336, "params": {"gamma": 0.39831713007193664, "lr": 0.14756883769994755}, "datetime": {"datetime": "2024-06-13 19:33:53", "elapsed": 3.781456, "delta": 0.00399}}
{"target": -1661.5353919245954, "params": {"gamma": 8.51453763056296, "lr": 0.10463591174495857}, "datetime": {"datetime": "2024-06-13 19:33:53", "elapsed": 3.785445, "delta": 0.003989}}
{"target": -449.43641153025715, "params": {"gamma": 2.2372268102276505, "lr": 0.03275719974597713}, "datetime": {"datetime": "2024-06-13 19:33:53", "elapsed": 3.789434, "delta": 0.003989}}
{"target": -1088.525381259985, "params": {"gamma": 6.763889997877335, "lr": 0.2317031414647196}, "datetime": {"datetime": "2024-06-13 19:33:53", "elapsed": 3.793424, "delta": 0.00399}}
{"target": -686.0737048720872, "params": {"gamma": 4.136503586299842, "lr": 0.13930117132372677}, "datetime": {"datetime": "2024-06-13 19:33:53", "elapsed": 3.797413, "delta": 0.003989}}
{"target": -297.0420622284842, "params": {"gamma": 3.772795658827454, "lr": 0.4244374662396153}, "datetime": {"datetime": "2024-06-13 19:33:53", "elapsed": 3.801402, "delta": 0.003989}}
{"target": -366.09349025173714, "params": {"gamma": 4.730176553648271, "lr": 0.4228418130386131}, "datetime": {"datetime": "2024-06-13 19:33:53", "elapsed": 3.805392, "delta": 0.00399}}
{"target": -107.41230337715713, "params": {"gamma": 1.028462882177769, "lr": 0.772580266631544}, "datetime": {"datetime": "2024-06-13 19:33:53", "elapsed": 3.809381, "delta": 0.003989}}
{"target": -135.17204720381577, "params": {"gamma": 1.3729228288956241, "lr": 0.424292374325812}, "datetime": {"datetime": "2024-06-13 19:33:53", "elapsed": 3.81337, "delta": 0.003989}}
{"target": -264.67190530235956, "params": {"gamma": 2.7202891684153423, "lr": 0.3010079430799063}, "datetime": {"datetime": "2024-06-13 19:33:53", "elapsed": 3.81736, "delta": 0.00399}}
{"target": -520.9629652885374, "params": {"gamma": 6.72453530509174, "lr": 0.5177867238134145}, "datetime": {"datetime": "2024-06-13 19:33:53", "elapsed": 3.821349, "delta": 0.003989}}
{"target": -161.3642551395934, "params": {"gamma": 1.9016804177489257, "lr": 0.4691344398333771}, "datetime": {"datetime": "2024-06-13 19:33:53", "elapsed": 3.825338, "delta": 0.003989}}
{"target": -280.7427801418794, "params": {"gamma": 3.396069147094239, "lr": 0.7044971982481261}, "datetime": {"datetime": "2024-06-13 19:33:53", "elapsed": 3.829328, "delta": 0.00399}}
{"target": -190.4573845556503, "params": {"gamma": 2.2617259291230574, "lr": 0.8449881373583452}, "datetime": {"datetime": "2024-06-13 19:33:53", "elapsed": 3.833317, "delta": 0.003989}}
{"target": -410.2039412101634, "params": {"gamma": 5.262770419251413, "lr": 0.5006195729230891}, "datetime": {"datetime": "2024-06-13 19:33:53", "elapsed": 3.837307, "delta": 0.00399}}
{"target": -349.37529890276534, "params": {"gamma": 2.537604383069914, "lr": 0.18615566973666398}, "datetime": {"datetime": "2024-06-13 19:33:53", "elapsed": 3.841297, "delta": 0.00399}}
{"target": -405.1297954850882, "params": {"gamma": 4.7187188083132305, "lr": 0.9818244178252573}, "datetime": {"datetime": "2024-06-13 19:33:53", "elapsed": 3.845315, "delta": 0.004018}}
{"target": -167.44500714693496, "params": {"gamma": 1.3299294703806088, "lr": 0.28346243242805713}, "datetime": {"datetime": "2024-06-13 19:33:53", "elapsed": 3.849303, "delta": 0.003988}}
{"target": -663.5254496362876, "params": {"gamma": 8.006611101660276, "lr": 0.6647768985107549}, "datetime": {"datetime": "2024-06-13 19:33:53", "elapsed": 3.853839, "delta": 0.004536}}
{"target": -270.29024101585065, "params": {"gamma": 2.788305328525677, "lr": 0.31464760677511183}, "datetime": {"datetime": "2024-06-13 19:33:53", "elapsed": 3.857827, "delta": 0.003988}}
{"target": -355.1217159360621, "params": {"gamma": 4.200062595764889, "lr": 0.6027867622422961}, "datetime": {"datetime": "2024-06-13 19:33:53", "elapsed": 3.861817, "delta": 0.00399}}
{"target": -600.6280965945064, "params": {"gamma": 7.193668333443535, "lr": 0.8573003334512307}, "datetime": {"datetime": "2024-06-13 19:33:53", "elapsed": 3.865806, "delta": 0.003989}}
{"target": -1096.1293547441985, "params": {"gamma": 6.811433593113639, "lr": 0.23698206447169834}, "datetime": {"datetime": "2024-06-13 19:33:53", "elapsed": 3.869796, "delta": 0.00399}}
{"target": -763.2888878027557, "params": {"gamma": 9.257279632827263, "lr": 0.7811954006757661}, "datetime": {"datetime": "2024-06-13 19:33:53", "elapsed": 3.873785, "delta": 0.003989}}
{"target": -294.101574531344, "params": {"gamma": 3.0745074227980154, "lr": 0.3049656416420632}, "datetime": {"datetime": "2024-06-13 19:33:53", "elapsed": 3.878772, "delta": 0.004987}}
{"target": -1438.1146528456916, "params": {"gamma": 8.811802015970617, "lr": 0.1260784803971985}, "datetime": {"datetime": "2024-06-13 19:33:53", "elapsed": 3.882761, "delta": 0.003989}}
