{"target": -256.0628911620138, "params": {"gamma": 2.3106546042570515, "prior": 0.6739605523903935, "rate": 1.3890263639386906}, "datetime": {"datetime": "2024-06-14 11:40:41", "elapsed": 4.477353, "delta": 0.008976}}
{"target": -396.7127100344647, "params": {"gamma": 9.351596002308344, "prior": 8.896566823226658, "rate": 2.893315694333617}, "datetime": {"datetime": "2024-06-14 11:40:41", "elapsed": 4.488323, "delta": 0.01097}}
{"target": -424.7340340658999, "params": {"gamma": 9.477692896949968, "prior": 8.514312298791047, "rate": 4.347113285922664}, "datetime": {"datetime": "2024-06-14 11:40:41", "elapsed": 4.499294, "delta": 0.010971}}
{"target": -227.13804395284285, "params": {"gamma": 4.681027499109862, "prior": 6.335544913675885, "rate": 1.581160317803163}, "datetime": {"datetime": "2024-06-14 11:40:41", "elapsed": 4.50827, "delta": 0.008976}}
{"target": -145.7642259077231, "params": {"gamma": 0.14880608533418707, "prior": 2.72856897297662, "rate": 0.15542087579566607}, "datetime": {"datetime": "2024-06-14 11:40:41", "elapsed": 4.517246, "delta": 0.008976}}
{"target": -326.7542899935176, "params": {"gamma": 6.745313942778413, "prior": 5.559541474546487, "rate": 3.2171598078821737}, "datetime": {"datetime": "2024-06-14 11:40:41", "elapsed": 4.525856, "delta": 0.00861}}
{"target": -514.5775909571661, "params": {"gamma": 7.802243168860467, "prior": 1.543275769026293, "rate": 2.449561506980074}, "datetime": {"datetime": "2024-06-14 11:40:41", "elapsed": 4.53583, "delta": 0.009974}}
{"target": -186.93424267225447, "params": {"gamma": 2.923845306630798, "prior": 2.0397262703400223, "rate": 0.8802988990222627}, "datetime": {"datetime": "2024-06-14 11:40:41", "elapsed": 4.544145, "delta": 0.008315}}
{"target": -1083.5114334252667, "params": {"gamma": 8.699891826535803, "prior": 0.9730675911579497, "rate": 6.837419647880558}, "datetime": {"datetime": "2024-06-14 11:40:41", "elapsed": 4.553118, "delta": 0.008973}}
{"target": -261.56903113363614, "params": {"gamma": 1.204888367700376, "prior": 0.20592013112732416, "rate": 5.573125032519063}, "datetime": {"datetime": "2024-06-14 11:40:41", "elapsed": 4.562093, "delta": 0.008975}}
{"target": -394.9521630037293, "params": {"gamma": 9.071183443148486, "prior": 8.618521006635163, "rate": 3.3851753897983823}, "datetime": {"datetime": "2024-06-14 11:40:41", "elapsed": 4.571069, "delta": 0.008976}}
{"target": -150.0707289323484, "params": {"gamma": 0.27256113442929636, "prior": 8.028507615787328, "rate": 8.06004333796437}, "datetime": {"datetime": "2024-06-14 11:40:41", "elapsed": 4.580045, "delta": 0.008976}}
{"target": -485.9890705631366, "params": {"gamma": 8.685012674911418, "prior": 6.729501338767777, "rate": 8.077980844288449}, "datetime": {"datetime": "2024-06-14 11:40:41", "elapsed": 4.589022, "delta": 0.008977}}
{"target": -501.46075153340234, "params": {"gamma": 8.9750853247459, "prior": 4.592916509851121, "rate": 5.578695211845391}, "datetime": {"datetime": "2024-06-14 11:40:41", "elapsed": 4.598995, "delta": 0.009973}}
{"target": -304.85289731147805, "params": {"gamma": 5.06180515715352, "prior": 6.9506406547897654, "rate": 6.829385769431119}, "datetime": {"datetime": "2024-06-14 11:40:41", "elapsed": 4.607971, "delta": 0.008976}}
{"target": -273.1963369707998, "params": {"gamma": 5.203616044997302, "prior": 8.301834666046165, "rate": 5.058288088511875}, "datetime": {"datetime": "2024-06-14 11:40:41", "elapsed": 4.616948, "delta": 0.008977}}
{"target": -388.51663949839235, "params": {"gamma": 8.248760765289934, "prior": 2.8902663726181053, "rate": 1.7857698349419049}, "datetime": {"datetime": "2024-06-14 11:40:41", "elapsed": 4.626862, "delta": 0.009914}}
{"target": -412.7529077710519, "params": {"gamma": 9.698735832876796, "prior": 7.44520130201516, "rate": 2.598657141350841}, "datetime": {"datetime": "2024-06-14 11:40:41", "elapsed": 4.635838, "delta": 0.008976}}
{"target": -255.43218808055767, "params": {"gamma": 5.8127721875694265, "prior": 9.557096310028049, "rate": 0.808458324212976}, "datetime": {"datetime": "2024-06-14 11:40:41", "elapsed": 4.644814, "delta": 0.008976}}
{"target": -147.2527659375862, "params": {"gamma": 0.8362585364103492, "prior": 6.229434831057081, "rate": 2.245710294880741}, "datetime": {"datetime": "2024-06-14 11:40:41", "elapsed": 4.65379, "delta": 0.008976}}
{"target": -434.7134344040776, "params": {"gamma": 7.652074383378348, "prior": 5.72471017519614, "rate": 6.66221471414473}, "datetime": {"datetime": "2024-06-14 11:40:41", "elapsed": 4.664761, "delta": 0.010971}}
{"target": -224.05340753056637, "params": {"gamma": 1.0790311940451294, "prior": 0.9344022092219122, "rate": 6.251585561986592}, "datetime": {"datetime": "2024-06-14 11:40:41", "elapsed": 4.677727, "delta": 0.012966}}
{"target": -462.12114321644304, "params": {"gamma": 4.097902880079071, "prior": 0.9637999863326198, "rate": 3.711268386216875}, "datetime": {"datetime": "2024-06-14 11:40:41", "elapsed": 4.687388, "delta": 0.009661}}
{"target": -746.9086344888414, "params": {"gamma": 6.72177195215883, "prior": 1.9769152618966988, "rate": 8.957395356178512}, "datetime": {"datetime": "2024-06-14 11:40:41", "elapsed": 4.698581, "delta": 0.011193}}
{"target": -454.44969204698555, "params": {"gamma": 9.498514042411992, "prior": 9.619568170101886, "rate": 7.301095494844863}, "datetime": {"datetime": "2024-06-14 11:40:41", "elapsed": 4.707556, "delta": 0.008975}}
{"target": -216.95300233882438, "params": {"gamma": 4.063477988455463, "prior": 7.463117043877074, "rate": 2.8805808058682407}, "datetime": {"datetime": "2024-06-14 11:40:41", "elapsed": 4.716532, "delta": 0.008976}}
{"target": -232.4378655804604, "params": {"gamma": 3.144857806685071, "prior": 6.098373976056793, "rate": 5.948876486945769}, "datetime": {"datetime": "2024-06-14 11:40:41", "elapsed": 4.725831, "delta": 0.009299}}
{"target": -793.0757900444613, "params": {"gamma": 8.786731102181795, "prior": 2.620547481039712, "rate": 7.662117463663015}, "datetime": {"datetime": "2024-06-14 11:40:41", "elapsed": 4.734807, "delta": 0.008976}}
{"target": -1462.7856098822097, "params": {"gamma": 9.410191654922194, "prior": 0.11022603331157285, "rate": 4.761415090903047}, "datetime": {"datetime": "2024-06-14 11:40:41", "elapsed": 4.743783, "delta": 0.008976}}
{"target": -286.56154329351887, "params": {"gamma": 6.570746249918269, "prior": 8.448899817803273, "rate": 1.8382103793481412}, "datetime": {"datetime": "2024-06-14 11:40:41", "elapsed": 4.752759, "delta": 0.008976}}
{"target": -701.0139960805454, "params": {"gamma": 8.56173622063573, "prior": 3.7072182505845768, "rate": 8.922847018832448}, "datetime": {"datetime": "2024-06-14 11:40:41", "elapsed": 4.761735, "delta": 0.008976}}
{"target": -162.03554276356726, "params": {"gamma": 0.2780896894835276, "prior": 0.9453623773193891, "rate": 9.81412324707537}, "datetime": {"datetime": "2024-06-14 11:40:41", "elapsed": 4.771709, "delta": 0.009974}}
{"target": -286.35789420810244, "params": {"gamma": 6.095409755809193, "prior": 4.234560233460414, "rate": 1.6929726327522117}, "datetime": {"datetime": "2024-06-14 11:40:41", "elapsed": 4.780684, "delta": 0.008975}}
{"target": -814.2256824573298, "params": {"gamma": 6.499361629743811, "prior": 0.46605317675764246, "rate": 3.116827520693586}, "datetime": {"datetime": "2024-06-14 11:40:41", "elapsed": 4.789661, "delta": 0.008977}}
{"target": -242.53438717228394, "params": {"gamma": 3.2354684906937643, "prior": 6.11367474579408, "rate": 6.508661735500295}, "datetime": {"datetime": "2024-06-14 11:40:41", "elapsed": 4.798636, "delta": 0.008975}}
{"target": -407.1137943486389, "params": {"gamma": 8.460699937765456, "prior": 9.28305133171568, "rate": 6.604916818383386}, "datetime": {"datetime": "2024-06-14 11:40:41", "elapsed": 4.807612, "delta": 0.008976}}
{"target": -501.2578116688357, "params": {"gamma": 5.782161010166973, "prior": 4.047283881927183, "rate": 9.666158313928777}, "datetime": {"datetime": "2024-06-14 11:40:41", "elapsed": 4.817586, "delta": 0.009974}}
{"target": -153.85674734472002, "params": {"gamma": 1.541637639151742, "prior": 8.96135940562162, "rate": 3.1108196657805305}, "datetime": {"datetime": "2024-06-14 11:40:41", "elapsed": 4.825881, "delta": 0.008295}}
{"target": -260.47475674860374, "params": {"gamma": 5.485342407571374, "prior": 6.852455958484867, "rate": 2.3654600436102275}, "datetime": {"datetime": "2024-06-14 11:40:41", "elapsed": 4.835854, "delta": 0.009973}}
{"target": -204.31484502290473, "params": {"gamma": 1.678199113817666, "prior": 5.133971932953198, "rate": 7.918846891971133}, "datetime": {"datetime": "2024-06-14 11:40:41", "elapsed": 4.84483, "delta": 0.008976}}
{"target": -874.5598372226829, "params": {"gamma": 6.9244522072085894, "prior": 1.277836038012847, "rate": 9.007521408502258}, "datetime": {"datetime": "2024-06-14 11:40:41", "elapsed": 4.853806, "delta": 0.008976}}
{"target": -256.7985918624235, "params": {"gamma": 4.797895932924502, "prior": 9.47209912447251, "rate": 5.53478362877641}, "datetime": {"datetime": "2024-06-14 11:40:41", "elapsed": 4.862782, "delta": 0.008976}}
{"target": -193.02839402833666, "params": {"gamma": 0.8489334147818686, "prior": 2.1043840531779026, "rate": 8.542525491190911}, "datetime": {"datetime": "2024-06-14 11:40:41", "elapsed": 4.871758, "delta": 0.008976}}
{"target": -317.8872422112634, "params": {"gamma": 7.0595677402804276, "prior": 8.95990124951395, "rate": 3.2921308719412035}, "datetime": {"datetime": "2024-06-14 11:40:41", "elapsed": 4.881733, "delta": 0.009975}}
{"target": -305.37986605149865, "params": {"gamma": 5.280485964979625, "prior": 6.538941511592786, "rate": 5.943314245013059}, "datetime": {"datetime": "2024-06-14 11:40:41", "elapsed": 4.890708, "delta": 0.008975}}
{"target": -179.85293415799566, "params": {"gamma": 2.315397892406944, "prior": 4.325531359537532, "rate": 2.481866529137688}, "datetime": {"datetime": "2024-06-14 11:40:41", "elapsed": 4.899683, "delta": 0.008975}}
{"target": -336.71608231369294, "params": {"gamma": 8.456304007349223, "prior": 9.868106705184019, "rate": 0.6666414605206605}, "datetime": {"datetime": "2024-06-14 11:40:41", "elapsed": 4.90866, "delta": 0.008977}}
{"target": -522.2671113053409, "params": {"gamma": 7.139566394637347, "prior": 3.3681439667708357, "rate": 6.254728347736019}, "datetime": {"datetime": "2024-06-14 11:40:41", "elapsed": 4.917635, "delta": 0.008975}}
{"target": -186.38128629513332, "params": {"gamma": 2.582038363169428, "prior": 6.5449753321541015, "rate": 3.7121006974428328}, "datetime": {"datetime": "2024-06-14 11:40:41", "elapsed": 4.926849, "delta": 0.009214}}
{"target": -229.4986498712548, "params": {"gamma": 2.9489139744901, "prior": 9.126455419608208, "rate": 9.425046243387849}, "datetime": {"datetime": "2024-06-14 11:40:41", "elapsed": 4.935825, "delta": 0.008976}}
{"target": -671.3171255551324, "params": {"gamma": 6.135886715574795, "prior": 2.223231030223857, "rate": 9.394249290190688}, "datetime": {"datetime": "2024-06-14 11:40:41", "elapsed": 4.944801, "delta": 0.008976}}
{"target": -324.90184151173634, "params": {"gamma": 7.504785013686519, "prior": 7.53578909249578, "rate": 2.1180016271500137}, "datetime": {"datetime": "2024-06-14 11:40:41", "elapsed": 4.953778, "delta": 0.008977}}
{"target": -703.4113470936705, "params": {"gamma": 8.30173510509683, "prior": 2.47694202619598, "rate": 6.316575831756353}, "datetime": {"datetime": "2024-06-14 11:40:42", "elapsed": 4.962754, "delta": 0.008976}}
{"target": -335.04146906486096, "params": {"gamma": 7.107684959425964, "prior": 7.449595954100307, "rate": 3.9032567812912102}, "datetime": {"datetime": "2024-06-14 11:40:42", "elapsed": 4.97173, "delta": 0.008976}}
{"target": -366.5328052139233, "params": {"gamma": 7.598494141764259, "prior": 9.039065431004929, "rate": 5.8746127723565325}, "datetime": {"datetime": "2024-06-14 11:40:42", "elapsed": 4.980705, "delta": 0.008975}}
{"target": -156.72037174563516, "params": {"gamma": 0.9050067472322914, "prior": 1.376862243008533, "rate": 1.0535200041012063}, "datetime": {"datetime": "2024-06-14 11:40:42", "elapsed": 4.989681, "delta": 0.008976}}
{"target": -279.74315121330596, "params": {"gamma": 1.7281019057654774, "prior": 1.3516658138678819, "rate": 7.783230599786209}, "datetime": {"datetime": "2024-06-14 11:40:42", "elapsed": 4.999655, "delta": 0.009974}}
{"target": -162.79349361552505, "params": {"gamma": 0.39507571033225836, "prior": 2.491428331674554, "rate": 8.790784947183296}, "datetime": {"datetime": "2024-06-14 11:40:42", "elapsed": 5.008631, "delta": 0.008976}}
{"target": -620.4517568027005, "params": {"gamma": 9.7352150895021, "prior": 6.093677876497776, "rate": 9.762406407339324}, "datetime": {"datetime": "2024-06-14 11:40:42", "elapsed": 5.017607, "delta": 0.008976}}
{"target": -145.83511534489358, "params": {"gamma": 0.43547196560805285, "prior": 9.490870406922475, "rate": 3.113649528479215}, "datetime": {"datetime": "2024-06-14 11:40:42", "elapsed": 5.026865, "delta": 0.009258}}
{"target": -432.83364729694017, "params": {"gamma": 7.989929430775569, "prior": 8.125228124124325, "rate": 8.600125917211868}, "datetime": {"datetime": "2024-06-14 11:40:42", "elapsed": 5.035841, "delta": 0.008976}}
{"target": -225.8953900289626, "params": {"gamma": 4.586049558214109, "prior": 9.313379482437938, "rate": 2.579671951285972}, "datetime": {"datetime": "2024-06-14 11:40:42", "elapsed": 5.044817, "delta": 0.008976}}
{"target": -595.0955850163273, "params": {"gamma": 9.344520479803316, "prior": 6.229284369191439, "rate": 9.85446370453336}, "datetime": {"datetime": "2024-06-14 11:40:42", "elapsed": 5.053793, "delta": 0.008976}}
{"target": -149.31355125179135, "params": {"gamma": 0.3274060157599613, "prior": 7.279149922443812, "rate": 5.655976799568431}, "datetime": {"datetime": "2024-06-14 11:40:42", "elapsed": 5.062769, "delta": 0.008976}}
{"target": -325.86516282571176, "params": {"gamma": 4.924748049935798, "prior": 2.6662594439422964, "rate": 3.268980017978885}, "datetime": {"datetime": "2024-06-14 11:40:42", "elapsed": 5.071746, "delta": 0.008977}}
{"target": -314.50160004559524, "params": {"gamma": 2.495372604807176, "prior": 2.270752312218102, "rate": 7.996808714410864}, "datetime": {"datetime": "2024-06-14 11:40:42", "elapsed": 5.080721, "delta": 0.008975}}
{"target": -677.4291562116299, "params": {"gamma": 5.024447663976686, "prior": 0.9235798981002775, "rate": 7.770064936081777}, "datetime": {"datetime": "2024-06-14 11:40:42", "elapsed": 5.090697, "delta": 0.009976}}
{"target": -285.87596654835824, "params": {"gamma": 5.336957111761226, "prior": 7.419939094729182, "rate": 5.154421537738071}, "datetime": {"datetime": "2024-06-14 11:40:42", "elapsed": 5.099673, "delta": 0.008976}}
{"target": -205.4898937333391, "params": {"gamma": 4.0000592939273325, "prior": 9.86384314611932, "rate": 0.2833979590089639}, "datetime": {"datetime": "2024-06-14 11:40:42", "elapsed": 5.108649, "delta": 0.008976}}
{"target": -407.97059761556574, "params": {"gamma": 9.327706315740619, "prior": 9.315464180823684, "rate": 3.909796196303079}, "datetime": {"datetime": "2024-06-14 11:40:42", "elapsed": 5.117625, "delta": 0.008976}}
{"target": -161.55691545427777, "params": {"gamma": 2.145434246462065, "prior": 6.230211649539066, "rate": 1.7805453823662243}, "datetime": {"datetime": "2024-06-14 11:40:42", "elapsed": 5.126601, "delta": 0.008976}}
{"target": -442.9712187743613, "params": {"gamma": 8.032278735085756, "prior": 2.613945173189579, "rate": 2.9087707441717465}, "datetime": {"datetime": "2024-06-14 11:40:42", "elapsed": 5.135577, "delta": 0.008976}}
{"target": -421.61024022848557, "params": {"gamma": 9.15924198430956, "prior": 9.038876651396649, "rate": 5.354273536413487}, "datetime": {"datetime": "2024-06-14 11:40:42", "elapsed": 5.144095, "delta": 0.008518}}
{"target": -760.9117256424863, "params": {"gamma": 8.628526966805577, "prior": 3.5900724311701118, "rate": 9.978844897970799}, "datetime": {"datetime": "2024-06-14 11:40:42", "elapsed": 5.153068, "delta": 0.008973}}
{"target": -211.83589564625052, "params": {"gamma": 4.337463704310366, "prior": 3.0186389168051044, "rate": 0.4167007652577235}, "datetime": {"datetime": "2024-06-14 11:40:42", "elapsed": 5.162043, "delta": 0.008975}}
{"target": -619.9271360894726, "params": {"gamma": 9.897079830913631, "prior": 4.702387546027041, "rate": 7.346115555489657}, "datetime": {"datetime": "2024-06-14 11:40:42", "elapsed": 5.172017, "delta": 0.009974}}
{"target": -273.7263912039604, "params": {"gamma": 6.408435432834701, "prior": 7.258624656693496, "rate": 0.5120579273573367}, "datetime": {"datetime": "2024-06-14 11:40:42", "elapsed": 5.180993, "delta": 0.008976}}
{"target": -423.5609285162328, "params": {"gamma": 9.200534008691728, "prior": 9.275728057232191, "rate": 5.520398276514817}, "datetime": {"datetime": "2024-06-14 11:40:42", "elapsed": 5.189969, "delta": 0.008976}}
{"target": -719.3677237928239, "params": {"gamma": 9.639194970956826, "prior": 2.881459816204638, "rate": 6.0218641247383164}, "datetime": {"datetime": "2024-06-14 11:40:42", "elapsed": 5.198945, "delta": 0.008976}}
{"target": -220.4647727277887, "params": {"gamma": 3.9652304378361865, "prior": 6.317429994376759, "rate": 3.0070222529489574}, "datetime": {"datetime": "2024-06-14 11:40:42", "elapsed": 5.207921, "delta": 0.008976}}
{"target": -377.11469068360714, "params": {"gamma": 8.193764488175546, "prior": 0.7908811871916644, "rate": 0.4197338254296628}, "datetime": {"datetime": "2024-06-14 11:40:42", "elapsed": 5.216897, "delta": 0.008976}}
{"target": -163.86853346843475, "params": {"gamma": 0.49491444994850975, "prior": 1.5895047808398683, "rate": 3.954109387473109}, "datetime": {"datetime": "2024-06-14 11:40:42", "elapsed": 5.225872, "delta": 0.008975}}
{"target": -1099.7751255388848, "params": {"gamma": 9.553944502582489, "prior": 1.1968748529899662, "rate": 6.475882305178456}, "datetime": {"datetime": "2024-06-14 11:40:42", "elapsed": 5.235846, "delta": 0.009974}}
{"target": -270.6169523118358, "params": {"gamma": 5.276687463055037, "prior": 3.5970998192322843, "rate": 1.9827940939725983}, "datetime": {"datetime": "2024-06-14 11:40:42", "elapsed": 5.244822, "delta": 0.008976}}
{"target": -368.4669314633594, "params": {"gamma": 2.20672022439151, "prior": 0.5338329462987547, "rate": 7.131926567624986}, "datetime": {"datetime": "2024-06-14 11:40:42", "elapsed": 5.253798, "delta": 0.008976}}
{"target": -450.40371769369443, "params": {"gamma": 6.538748151763354, "prior": 4.493320947974752, "rate": 7.189675941410347}, "datetime": {"datetime": "2024-06-14 11:40:42", "elapsed": 5.262774, "delta": 0.008976}}
{"target": -164.14235916049637, "params": {"gamma": 1.100649748480759, "prior": 9.393319816352417, "rate": 8.476419465684636}, "datetime": {"datetime": "2024-06-14 11:40:42", "elapsed": 5.272748, "delta": 0.009974}}
{"target": -378.0019014356662, "params": {"gamma": 6.590697560999168, "prior": 3.8504285697511453, "rate": 4.16625072341846}, "datetime": {"datetime": "2024-06-14 11:40:42", "elapsed": 5.281724, "delta": 0.008976}}
{"target": -289.4915973299778, "params": {"gamma": 4.822057067652517, "prior": 9.359309323067325, "rate": 8.636065956226108}, "datetime": {"datetime": "2024-06-14 11:40:42", "elapsed": 5.294628, "delta": 0.012904}}
{"target": -355.9488119891253, "params": {"gamma": 4.779760568316378, "prior": 5.589733132953853, "rate": 8.754163218930938}, "datetime": {"datetime": "2024-06-14 11:40:42", "elapsed": 5.307607, "delta": 0.012979}}
{"target": -514.9994324255592, "params": {"gamma": 9.492695073289129, "prior": 6.427929083095635, "rate": 7.485454680577448}, "datetime": {"datetime": "2024-06-14 11:40:42", "elapsed": 5.31658, "delta": 0.008973}}
{"target": -240.62333956312747, "params": {"gamma": 3.516897438698066, "prior": 9.188480358953182, "rate": 8.367683746488458}, "datetime": {"datetime": "2024-06-14 11:40:42", "elapsed": 5.325556, "delta": 0.008976}}
{"target": -322.2103163015036, "params": {"gamma": 5.521006756366404, "prior": 8.68950937519022, "rate": 8.498868942521883}, "datetime": {"datetime": "2024-06-14 11:40:42", "elapsed": 5.334532, "delta": 0.008976}}
{"target": -830.7853528965102, "params": {"gamma": 8.084305154704811, "prior": 1.393858961534142, "rate": 5.3604897456433}, "datetime": {"datetime": "2024-06-14 11:40:42", "elapsed": 5.343508, "delta": 0.008976}}
{"target": -410.2356021681757, "params": {"gamma": 9.007930363954452, "prior": 7.73123512248292, "rate": 4.207711277052893}, "datetime": {"datetime": "2024-06-14 11:40:42", "elapsed": 5.353481, "delta": 0.009973}}
{"target": -553.3107312758488, "params": {"gamma": 9.778826053206298, "prior": 2.5826542510627224, "rate": 3.336768678250129}, "datetime": {"datetime": "2024-06-14 11:40:42", "elapsed": 5.362457, "delta": 0.008976}}
{"target": -507.3472942389477, "params": {"gamma": 9.54205087378846, "prior": 8.106281947034368, "rate": 9.003499705102108}, "datetime": {"datetime": "2024-06-14 11:40:42", "elapsed": 5.370994, "delta": 0.008537}}
{"target": -147.6112978643778, "params": {"gamma": 0.11688430450954196, "prior": 3.859667887036548, "rate": 2.355984044142083}, "datetime": {"datetime": "2024-06-14 11:40:42", "elapsed": 5.380858, "delta": 0.009864}}
{"target": -225.9894020246282, "params": {"gamma": 2.9600545838222256, "prior": 7.406155414398024, "rate": 7.241124363795878}, "datetime": {"datetime": "2024-06-14 11:40:42", "elapsed": 5.389834, "delta": 0.008976}}
{"target": -348.594252450334, "params": {"gamma": 4.618532302580416, "prior": 3.716217165950228, "rate": 5.847331438432254}, "datetime": {"datetime": "2024-06-14 11:40:42", "elapsed": 5.39881, "delta": 0.008976}}
{"target": -329.84811039969503, "params": {"gamma": 5.33754383858813, "prior": 5.550737634177834, "rate": 6.155155234075464}, "datetime": {"datetime": "2024-06-14 11:40:42", "elapsed": 5.407786, "delta": 0.008976}}
