{"target": -560.5601873614632, "params": {"gamma": 4.170803025021038, "lr": 0.7203244934421581}, "datetime": {"datetime": "2024-06-13 19:11:54", "elapsed": 0.0, "delta": 0.0}}
{"target": -145.34610886268297, "params": {"gamma": 0.002143633798631522, "lr": 0.30233257263183977}, "datetime": {"datetime": "2024-06-13 19:11:54", "elapsed": 0.003989, "delta": 0.003989}}
{"target": -306.10198732493143, "params": {"gamma": 1.4684121522803133, "lr": 0.0923385947687978}, "datetime": {"datetime": "2024-06-13 19:11:54", "elapsed": 0.006981, "delta": 0.002992}}
{"target": -207.04757052483632, "params": {"gamma": 1.8634158535653313, "lr": 0.34556072704304774}, "datetime": {"datetime": "2024-06-13 19:11:54", "elapsed": 0.009973, "delta": 0.002992}}
{"target": -422.78841495459415, "params": {"gamma": 3.968277974832469, "lr": 0.538816734003357}, "datetime": {"datetime": "2024-06-13 19:11:54", "elapsed": 0.013962, "delta": 0.003989}}
{"target": -559.5221108457622, "params": {"gamma": 4.192525949518545, "lr": 0.6852195003967595}, "datetime": {"datetime": "2024-06-13 19:11:54", "elapsed": 0.016955, "delta": 0.002993}}
{"target": -344.71899914738697, "params": {"gamma": 2.045318045065443, "lr": 0.8781174363909454}, "datetime": {"datetime": "2024-06-13 19:11:54", "elapsed": 0.019947, "delta": 0.002992}}
{"target": -132.19088791470222, "params": {"gamma": 0.2748485443860637, "lr": 0.6704675101784022}, "datetime": {"datetime": "2024-06-13 19:11:54", "elapsed": 0.022939, "delta": 0.002992}}
{"target": -445.6296079317345, "params": {"gamma": 4.173630718868903, "lr": 0.5586898284457517}, "datetime": {"datetime": "2024-06-13 19:11:54", "elapsed": 0.026928, "delta": 0.003989}}
{"target": -224.36059298929322, "params": {"gamma": 1.4047289990137424, "lr": 0.1981014890848788}, "datetime": {"datetime": "2024-06-13 19:11:54", "elapsed": 0.02992, "delta": 0.002992}}
{"target": -1310.6885136682217, "params": {"gamma": 8.00764494218669, "lr": 0.9682615757193975}, "datetime": {"datetime": "2024-06-13 19:11:54", "elapsed": 0.032912, "delta": 0.002992}}
{"target": -426.67275501404015, "params": {"gamma": 3.1349283574142692, "lr": 0.6923226156693141}, "datetime": {"datetime": "2024-06-13 19:11:54", "elapsed": 0.035904, "delta": 0.002992}}
{"target": -1403.5114155870624, "params": {"gamma": 8.764015133808087, "lr": 0.8946066635038473}, "datetime": {"datetime": "2024-06-13 19:11:54", "elapsed": 0.039715, "delta": 0.003811}}
{"target": -215.81132905521977, "params": {"gamma": 0.8513570694864094, "lr": 0.03905478323288236}, "datetime": {"datetime": "2024-06-13 19:11:54", "elapsed": 0.042704, "delta": 0.002989}}
{"target": -294.78169945186335, "params": {"gamma": 1.6991343652261244, "lr": 0.8781425034294131}, "datetime": {"datetime": "2024-06-13 19:11:54", "elapsed": 0.045696, "delta": 0.002992}}
{"target": -139.77675963740873, "params": {"gamma": 0.9843699914966679, "lr": 0.42110762500505217}, "datetime": {"datetime": "2024-06-13 19:11:54", "elapsed": 0.048688, "delta": 0.002992}}
{"target": -977.5574831473264, "params": {"gamma": 9.578937411974868, "lr": 0.5331652849730171}, "datetime": {"datetime": "2024-06-13 19:11:54", "elapsed": 0.052678, "delta": 0.00399}}
{"target": -733.0421341166783, "params": {"gamma": 6.919079262390784, "lr": 0.31551563100606295}, "datetime": {"datetime": "2024-06-13 19:11:54", "elapsed": 0.05567, "delta": 0.002992}}
{"target": -1059.11908237863, "params": {"gamma": 6.865322775888155, "lr": 0.8346256718973729}, "datetime": {"datetime": "2024-06-13 19:11:54", "elapsed": 0.058662, "delta": 0.002992}}
{"target": -133.79348645708865, "params": {"gamma": 0.18386448516457388, "lr": 0.7501443149449675}, "datetime": {"datetime": "2024-06-13 19:11:54", "elapsed": 0.061654, "delta": 0.002992}}
{"target": -1292.9839962086246, "params": {"gamma": 9.88862202797604, "lr": 0.7481656543798394}, "datetime": {"datetime": "2024-06-13 19:11:54", "elapsed": 0.065643, "delta": 0.003989}}
{"target": -393.84309533601873, "params": {"gamma": 2.8051594766519874, "lr": 0.7892793284514885}, "datetime": {"datetime": "2024-06-13 19:11:54", "elapsed": 0.068635, "delta": 0.002992}}
{"target": -142.96988490036168, "params": {"gamma": 1.0331568397698425, "lr": 0.44789352617590517}, "datetime": {"datetime": "2024-06-13 19:11:54", "elapsed": 0.072625, "delta": 0.00399}}
{"target": -957.8229243261438, "params": {"gamma": 9.086046435427862, "lr": 0.2936141483736795}, "datetime": {"datetime": "2024-06-13 19:11:54", "elapsed": 0.075616, "delta": 0.002991}}
{"target": -429.21698612487535, "params": {"gamma": 2.878465610524901, "lr": 0.13002857211827767}, "datetime": {"datetime": "2024-06-13 19:11:54", "elapsed": 0.078608, "delta": 0.002992}}
{"target": -133.29566822129442, "params": {"gamma": 0.19465021174510047, "lr": 0.678835532939891}, "datetime": {"datetime": "2024-06-13 19:11:54", "elapsed": 0.0816, "delta": 0.002992}}
{"target": -244.8995500220643, "params": {"gamma": 2.1170695318845905, "lr": 0.2655466593722262}, "datetime": {"datetime": "2024-06-13 19:11:54", "elapsed": 0.084592, "delta": 0.002992}}
{"target": -963.7264638826827, "params": {"gamma": 4.916240019644103, "lr": 0.053362545117080384}, "datetime": {"datetime": "2024-06-13 19:11:54", "elapsed": 0.088582, "delta": 0.00399}}
{"target": -810.4188888343008, "params": {"gamma": 5.741601937314639, "lr": 0.14672857490581015}, "datetime": {"datetime": "2024-06-13 19:11:54", "elapsed": 0.091574, "delta": 0.002992}}
{"target": -775.5404432623703, "params": {"gamma": 5.89346606349594, "lr": 0.6997583600209312}, "datetime": {"datetime": "2024-06-13 19:11:54", "elapsed": 0.094566, "delta": 0.002992}}
{"target": -142.06297001742763, "params": {"gamma": 1.0242419538494305, "lr": 0.4140559878195683}, "datetime": {"datetime": "2024-06-13 19:11:54", "elapsed": 0.097558, "delta": 0.002992}}
{"target": -670.4592627461116, "params": {"gamma": 6.9443071771197245, "lr": 0.41417926952690265}, "datetime": {"datetime": "2024-06-13 19:11:54", "elapsed": 0.101547, "delta": 0.003989}}
{"target": -131.11183911514482, "params": {"gamma": 0.5004846360019255, "lr": 0.5358964059155116}, "datetime": {"datetime": "2024-06-13 19:11:54", "elapsed": 0.104539, "delta": 0.002992}}
{"target": -685.6355216730936, "params": {"gamma": 6.638282657552669, "lr": 0.5148891120583086}, "datetime": {"datetime": "2024-06-13 19:11:54", "elapsed": 0.107531, "delta": 0.002992}}
{"target": -1018.8441667173105, "params": {"gamma": 9.446002965152143, "lr": 0.5865550405019929}, "datetime": {"datetime": "2024-06-13 19:11:54", "elapsed": 0.110523, "delta": 0.002992}}
{"target": -1288.348815055917, "params": {"gamma": 9.034115750963547, "lr": 0.13747470414623753}, "datetime": {"datetime": "2024-06-13 19:11:54", "elapsed": 0.114512, "delta": 0.003989}}
{"target": -234.2486937045861, "params": {"gamma": 1.3936241961603346, "lr": 0.8073912887095238}, "datetime": {"datetime": "2024-06-13 19:11:54", "elapsed": 0.117505, "delta": 0.002993}}
{"target": -569.563683024259, "params": {"gamma": 3.9773706930183503, "lr": 0.16535419711693278}, "datetime": {"datetime": "2024-06-13 19:11:54", "elapsed": 0.120497, "delta": 0.002992}}
{"target": -931.4146215703936, "params": {"gamma": 9.275158295379942, "lr": 0.34776585974550656}, "datetime": {"datetime": "2024-06-13 19:11:54", "elapsed": 0.123488, "delta": 0.002991}}
{"target": -987.3959652910037, "params": {"gamma": 7.50837021925842, "lr": 0.7259979853504515}, "datetime": {"datetime": "2024-06-13 19:11:54", "elapsed": 0.127478, "delta": 0.00399}}
{"target": -950.5208430019626, "params": {"gamma": 8.833177605966892, "lr": 0.6236722070556089}, "datetime": {"datetime": "2024-06-13 19:11:54", "elapsed": 0.13047, "delta": 0.002992}}
{"target": -756.6519910432862, "params": {"gamma": 7.509673397839345, "lr": 0.34889834197784253}, "datetime": {"datetime": "2024-06-13 19:11:54", "elapsed": 0.133462, "delta": 0.002992}}
{"target": -450.09199140240463, "params": {"gamma": 2.7000089897584956, "lr": 0.8958862181960668}, "datetime": {"datetime": "2024-06-13 19:11:54", "elapsed": 0.136454, "delta": 0.002992}}
{"target": -710.1585039360222, "params": {"gamma": 4.281483807523078, "lr": 0.9648400471483856}, "datetime": {"datetime": "2024-06-13 19:11:54", "elapsed": 0.140443, "delta": 0.003989}}
{"target": -720.0515613492531, "params": {"gamma": 6.634751536686663, "lr": 0.6216957202091218}, "datetime": {"datetime": "2024-06-13 19:11:54", "elapsed": 0.143435, "delta": 0.002992}}
{"target": -224.70589480027897, "params": {"gamma": 1.1483449835607984, "lr": 0.9494892587070712}, "datetime": {"datetime": "2024-06-13 19:11:54", "elapsed": 0.146427, "delta": 0.002992}}
{"target": -498.66207140589535, "params": {"gamma": 4.499671422665926, "lr": 0.5783896143871318}, "datetime": {"datetime": "2024-06-13 19:11:54", "elapsed": 0.149419, "delta": 0.002992}}
{"target": -506.3601254133711, "params": {"gamma": 4.081959890810051, "lr": 0.2370269802430277}, "datetime": {"datetime": "2024-06-13 19:11:54", "elapsed": 0.153409, "delta": 0.00399}}
{"target": -975.3926263643791, "params": {"gamma": 9.033891826101975, "lr": 0.5736794866722859}, "datetime": {"datetime": "2024-06-13 19:11:54", "elapsed": 0.1564, "delta": 0.002991}}
{"target": -142.75971399801963, "params": {"gamma": 0.029700399984558545, "lr": 0.6171449136207239}, "datetime": {"datetime": "2024-06-13 19:11:54", "elapsed": 0.159392, "delta": 0.002992}}
{"target": -354.92664196605404, "params": {"gamma": 3.2671223728191894, "lr": 0.5270581022576093}, "datetime": {"datetime": "2024-06-13 19:11:54", "elapsed": 0.162384, "delta": 0.002992}}
{"target": -890.2700715070589, "params": {"gamma": 8.859535051008434, "lr": 0.35726976000249977}, "datetime": {"datetime": "2024-06-13 19:11:54", "elapsed": 0.166374, "delta": 0.00399}}
{"target": -976.9886852943445, "params": {"gamma": 9.085442974047073, "lr": 0.6233601157918027}, "datetime": {"datetime": "2024-06-13 19:11:54", "elapsed": 0.169366, "delta": 0.002992}}
{"target": -136.62667115380785, "params": {"gamma": 0.15919660722271628, "lr": 0.9294372337437613}, "datetime": {"datetime": "2024-06-13 19:11:54", "elapsed": 0.172358, "delta": 0.002992}}
{"target": -1133.4139271184558, "params": {"gamma": 6.9092782782517235, "lr": 0.9973228504514805}, "datetime": {"datetime": "2024-06-13 19:11:54", "elapsed": 0.17535, "delta": 0.002992}}
{"target": -273.7606179388586, "params": {"gamma": 1.7242327429449402, "lr": 0.13713574962887776}, "datetime": {"datetime": "2024-06-13 19:11:54", "elapsed": 0.179339, "delta": 0.003989}}
{"target": -1214.0138715774528, "params": {"gamma": 9.326022034908599, "lr": 0.6968181614899002}, "datetime": {"datetime": "2024-06-13 19:11:54", "elapsed": 0.182331, "delta": 0.002992}}
{"target": -149.15507782879595, "params": {"gamma": 0.6609357270479028, "lr": 0.7554630526024664}, "datetime": {"datetime": "2024-06-13 19:11:54", "elapsed": 0.185323, "delta": 0.002992}}
{"target": -1235.0419650074587, "params": {"gamma": 7.539008008424004, "lr": 0.9230245355464833}, "datetime": {"datetime": "2024-06-13 19:11:54", "elapsed": 0.189313, "delta": 0.00399}}
{"target": -1094.3907802772253, "params": {"gamma": 7.11553606152609, "lr": 0.1242709619721647}, "datetime": {"datetime": "2024-06-13 19:11:54", "elapsed": 0.192304, "delta": 0.002991}}
{"target": -138.12133979759238, "params": {"gamma": 0.1997814582641161, "lr": 0.026210986877719278}, "datetime": {"datetime": "2024-06-13 19:11:54", "elapsed": 0.195297, "delta": 0.002993}}
{"target": -129.1193436525692, "params": {"gamma": 0.2840365737199253, "lr": 0.2462110676030459}, "datetime": {"datetime": "2024-06-13 19:11:54", "elapsed": 0.198289, "delta": 0.002992}}
{"target": -880.3186238175949, "params": {"gamma": 8.600419458880197, "lr": 0.5388310643416528}, "datetime": {"datetime": "2024-06-13 19:11:54", "elapsed": 0.201281, "delta": 0.002992}}
{"target": -857.0008200664827, "params": {"gamma": 5.5286669648789735, "lr": 0.8420308923596057}, "datetime": {"datetime": "2024-06-13 19:11:54", "elapsed": 0.20527, "delta": 0.003989}}
{"target": -166.6896895162872, "params": {"gamma": 1.2426089778839915, "lr": 0.2791836790111395}, "datetime": {"datetime": "2024-06-13 19:11:54", "elapsed": 0.208262, "delta": 0.002992}}
{"target": -963.8531660138964, "params": {"gamma": 5.858006955311422, "lr": 0.9695957483196745}, "datetime": {"datetime": "2024-06-13 19:11:54", "elapsed": 0.211254, "delta": 0.002992}}
{"target": -1094.5005281997942, "params": {"gamma": 5.6107411623378445, "lr": 0.01864728937294302}, "datetime": {"datetime": "2024-06-13 19:11:54", "elapsed": 0.214246, "delta": 0.002992}}
{"target": -979.9690807171945, "params": {"gamma": 8.006526094133482, "lr": 0.23297427384102043}, "datetime": {"datetime": "2024-06-13 19:11:54", "elapsed": 0.218235, "delta": 0.003989}}
{"target": -800.1509989382282, "params": {"gamma": 8.071244850992173, "lr": 0.38786064406417176}, "datetime": {"datetime": "2024-06-13 19:11:54", "elapsed": 0.221227, "delta": 0.002992}}
{"target": -1132.0676260402124, "params": {"gamma": 8.635555003739727, "lr": 0.7471216427371846}, "datetime": {"datetime": "2024-06-13 19:11:54", "elapsed": 0.22422, "delta": 0.002993}}
{"target": -802.5459052262279, "params": {"gamma": 5.562846099670199, "lr": 0.13645522566068502}, "datetime": {"datetime": "2024-06-13 19:11:54", "elapsed": 0.227211, "delta": 0.002991}}
{"target": -148.37306473205058, "params": {"gamma": 0.6001169774326044, "lr": 0.12134345574073735}, "datetime": {"datetime": "2024-06-13 19:11:54", "elapsed": 0.231201, "delta": 0.00399}}
{"target": -144.52425388277024, "params": {"gamma": 0.4464742335690725, "lr": 0.1074941291060929}, "datetime": {"datetime": "2024-06-13 19:11:54", "elapsed": 0.234193, "delta": 0.002992}}
{"target": -320.912094504547, "params": {"gamma": 2.2578676767399393, "lr": 0.7129889803826767}, "datetime": {"datetime": "2024-06-13 19:11:54", "elapsed": 0.237185, "delta": 0.002992}}
{"target": -1092.02716114437, "params": {"gamma": 5.597610103559371, "lr": 0.012555980159115854}, "datetime": {"datetime": "2024-06-13 19:11:54", "elapsed": 0.240176, "delta": 0.002991}}
{"target": -170.92377723583283, "params": {"gamma": 0.7206708226151783, "lr": 0.967276330000272}, "datetime": {"datetime": "2024-06-13 19:11:54", "elapsed": 0.244166, "delta": 0.00399}}
{"target": -680.8276769852177, "params": {"gamma": 5.6814365187375016, "lr": 0.20329323466099047}, "datetime": {"datetime": "2024-06-13 19:11:54", "elapsed": 0.247158, "delta": 0.002992}}
{"target": -353.584813121432, "params": {"gamma": 2.5240051199586637, "lr": 0.7438258540750929}, "datetime": {"datetime": "2024-06-13 19:11:54", "elapsed": 0.25015, "delta": 0.002992}}
{"target": -240.07328430713443, "params": {"gamma": 1.9550993816120785, "lr": 0.5813589272732578}, "datetime": {"datetime": "2024-06-13 19:11:54", "elapsed": 0.253142, "delta": 0.002992}}
{"target": -1488.3653024946948, "params": {"gamma": 9.700229870894034, "lr": 0.8468288014900353}, "datetime": {"datetime": "2024-06-13 19:11:54", "elapsed": 0.257132, "delta": 0.00399}}
{"target": -246.9721230974981, "params": {"gamma": 2.399237743716714, "lr": 0.49376971426872995}, "datetime": {"datetime": "2024-06-13 19:11:54", "elapsed": 0.260123, "delta": 0.002991}}
{"target": -898.7227972948385, "params": {"gamma": 6.199937228095417, "lr": 0.8289808995501787}, "datetime": {"datetime": "2024-06-13 19:11:54", "elapsed": 0.263115, "delta": 0.002992}}
{"target": -340.56711719908634, "params": {"gamma": 1.5687571550661965, "lr": 0.018576202177409518}, "datetime": {"datetime": "2024-06-13 19:11:54", "elapsed": 0.267105, "delta": 0.00399}}
{"target": -127.35362091182472, "params": {"gamma": 0.7011514150485041, "lr": 0.4863451109370318}, "datetime": {"datetime": "2024-06-13 19:11:54", "elapsed": 0.270096, "delta": 0.002991}}
{"target": -633.4492129315777, "params": {"gamma": 6.063688287071651, "lr": 0.5688514370864813}, "datetime": {"datetime": "2024-06-13 19:11:54", "elapsed": 0.273088, "delta": 0.002992}}
{"target": -533.2575134599434, "params": {"gamma": 3.1743067308122854, "lr": 0.9886161544124489}, "datetime": {"datetime": "2024-06-13 19:11:54", "elapsed": 0.27608, "delta": 0.002992}}
{"target": -578.6867528522661, "params": {"gamma": 5.797872447238724, "lr": 0.3801411726235504}, "datetime": {"datetime": "2024-06-13 19:11:54", "elapsed": 0.28007, "delta": 0.00399}}
{"target": -731.3372228049948, "params": {"gamma": 5.509931242959851, "lr": 0.7453344309065021}, "datetime": {"datetime": "2024-06-13 19:11:54", "elapsed": 0.283062, "delta": 0.002992}}
{"target": -713.5574080618222, "params": {"gamma": 6.6926597016383935, "lr": 0.2649195576628094}, "datetime": {"datetime": "2024-06-13 19:11:54", "elapsed": 0.286054, "delta": 0.002992}}
{"target": -124.5295009564009, "params": {"gamma": 0.6642820094499873, "lr": 0.3700841979141063}, "datetime": {"datetime": "2024-06-13 19:11:54", "elapsed": 0.289046, "delta": 0.002992}}
{"target": -751.8671119541384, "params": {"gamma": 6.297545352708624, "lr": 0.2101740099148396}, "datetime": {"datetime": "2024-06-13 19:11:54", "elapsed": 0.293035, "delta": 0.003989}}
{"target": -1455.7480658661295, "params": {"gamma": 7.5278027818344, "lr": 0.06653648135411494}, "datetime": {"datetime": "2024-06-13 19:11:54", "elapsed": 0.296027, "delta": 0.002992}}
{"target": -392.57063363955155, "params": {"gamma": 2.603890670686831, "lr": 0.8047545637433454}, "datetime": {"datetime": "2024-06-13 19:11:54", "elapsed": 0.29902, "delta": 0.002993}}
{"target": -238.05189192547294, "params": {"gamma": 1.935149391950654, "lr": 0.6394608808799401}, "datetime": {"datetime": "2024-06-13 19:11:54", "elapsed": 0.302011, "delta": 0.002991}}
{"target": -865.4340614001532, "params": {"gamma": 5.247178420928214, "lr": 0.9248079703993507}, "datetime": {"datetime": "2024-06-13 19:11:54", "elapsed": 0.306, "delta": 0.003989}}
{"target": -535.9264830304774, "params": {"gamma": 2.633704408100623, "lr": 0.06596109068402378}, "datetime": {"datetime": "2024-06-13 19:11:54", "elapsed": 0.308993, "delta": 0.002993}}
{"target": -986.8876100319621, "params": {"gamma": 7.350924566923407, "lr": 0.7721780295432468}, "datetime": {"datetime": "2024-06-13 19:11:54", "elapsed": 0.311984, "delta": 0.002991}}
{"target": -1483.5356401943206, "params": {"gamma": 9.078250709182736, "lr": 0.9319720691968373}, "datetime": {"datetime": "2024-06-13 19:11:54", "elapsed": 0.314976, "delta": 0.002992}}
{"target": -134.4831147116253, "params": {"gamma": 0.14050177818299456, "lr": 0.2343620861214205}, "datetime": {"datetime": "2024-06-13 19:11:54", "elapsed": 0.318966, "delta": 0.00399}}
{"target": -1013.8615852124472, "params": {"gamma": 6.1681667916595755, "lr": 0.9490163206876164}, "datetime": {"datetime": "2024-06-13 19:11:54", "elapsed": 0.321958, "delta": 0.002992}}
{"target": -978.0067359571879, "params": {"gamma": 9.50181101635155, "lr": 0.5566531881951564}, "datetime": {"datetime": "2024-06-13 19:11:54", "elapsed": 0.324949, "delta": 0.002991}}
{"target": -984.4074520540531, "params": {"gamma": 9.15614789131298, "lr": 0.6415662089463375}, "datetime": {"datetime": "2024-06-13 19:11:54", "elapsed": 0.328939, "delta": 0.00399}}
{"target": -380.92251083185556, "params": {"gamma": 3.9006871336983213, "lr": 0.48599066709690975}, "datetime": {"datetime": "2024-06-13 19:11:54", "elapsed": 0.331931, "delta": 0.002992}}
{"target": -626.0802231969146, "params": {"gamma": 6.043500518716813, "lr": 0.5495479215085626}, "datetime": {"datetime": "2024-06-13 19:11:54", "elapsed": 0.334923, "delta": 0.002992}}
{"target": -1513.1865508720953, "params": {"gamma": 9.26188808563783, "lr": 0.9187334356336061}, "datetime": {"datetime": "2024-06-13 19:11:54", "elapsed": 0.337915, "delta": 0.002992}}
{"target": -656.9141639457584, "params": {"gamma": 3.9493612536226252, "lr": 0.9632625284407118}, "datetime": {"datetime": "2024-06-13 19:11:54", "elapsed": 0.341904, "delta": 0.003989}}
{"target": -275.8693309892672, "params": {"gamma": 1.740382711137963, "lr": 0.12632951943963733}, "datetime": {"datetime": "2024-06-13 19:11:54", "elapsed": 0.344897, "delta": 0.002993}}
{"target": -180.97226069871283, "params": {"gamma": 1.3516565013092665, "lr": 0.5056621656768967}, "datetime": {"datetime": "2024-06-13 19:11:54", "elapsed": 0.347889, "delta": 0.002992}}
{"target": -136.18558670292035, "params": {"gamma": 0.2162265279367056, "lr": 0.947970211217681}, "datetime": {"datetime": "2024-06-13 19:11:54", "elapsed": 0.350881, "delta": 0.002992}}
{"target": -1595.8917707910018, "params": {"gamma": 8.271327596236153, "lr": 0.015018980742122379}, "datetime": {"datetime": "2024-06-13 19:11:54", "elapsed": 0.35487, "delta": 0.003989}}
{"target": -210.5002114838965, "params": {"gamma": 1.7627863594949775, "lr": 0.332063574366837}, "datetime": {"datetime": "2024-06-13 19:11:54", "elapsed": 0.357862, "delta": 0.002992}}
{"target": -224.16807303662756, "params": {"gamma": 1.310837451264358, "lr": 0.8094906921265821}, "datetime": {"datetime": "2024-06-13 19:11:54", "elapsed": 0.360854, "delta": 0.002992}}
{"target": -576.8045995147011, "params": {"gamma": 3.4480217901802512, "lr": 0.9401074823333672}, "datetime": {"datetime": "2024-06-13 19:11:54", "elapsed": 0.364843, "delta": 0.003989}}
{"target": -918.7179652647644, "params": {"gamma": 5.820559785290854, "lr": 0.8788319844118441}, "datetime": {"datetime": "2024-06-13 19:11:54", "elapsed": 0.367835, "delta": 0.002992}}
{"target": -1353.5174692908602, "params": {"gamma": 8.447499719476827, "lr": 0.9053923187086492}, "datetime": {"datetime": "2024-06-13 19:11:54", "elapsed": 0.371825, "delta": 0.00399}}
{"target": -483.78951141680386, "params": {"gamma": 4.599342777902254, "lr": 0.5463468160203733}, "datetime": {"datetime": "2024-06-13 19:11:54", "elapsed": 0.374817, "delta": 0.002992}}
{"target": -844.0617754515506, "params": {"gamma": 7.986237307929242, "lr": 0.28571885173414757}, "datetime": {"datetime": "2024-06-13 19:11:54", "elapsed": 0.378806, "delta": 0.003989}}
