{"target": -1189.1430293709036, "params": {"gamma": 7.739388583314729, "lr": 0.33427640499382627}, "datetime": {"datetime": "2024-06-13 17:04:59", "elapsed": 2.541954, "delta": 0.002992}}
{"target": -221.6022004259103, "params": {"gamma": 0.8908932100029573, "lr": 0.18490559027840836}, "datetime": {"datetime": "2024-06-13 17:04:59", "elapsed": 2.545943, "delta": 0.003989}}
{"target": -896.0567442344873, "params": {"gamma": 5.2689919070424525, "lr": 0.417102418106858}, "datetime": {"datetime": "2024-06-13 17:04:59", "elapsed": 2.549933, "delta": 0.00399}}
{"target": -1970.9703744383637, "params": {"gamma": 8.006795921634268, "lr": 0.9332023381866817}, "datetime": {"datetime": "2024-06-13 17:04:59", "elapsed": 2.553922, "delta": 0.003989}}
{"target": -436.1542227063963, "params": {"gamma": 1.779469614765534, "lr": 0.8600667708762162}, "datetime": {"datetime": "2024-06-13 17:04:59", "elapsed": 2.557912, "delta": 0.00399}}
{"target": -2354.071502878674, "params": {"gamma": 9.57399186834036, "lr": 0.9594706068497821}, "datetime": {"datetime": "2024-06-13 17:04:59", "elapsed": 2.561901, "delta": 0.003989}}
{"target": -222.61408816680532, "params": {"gamma": 0.37958801461658453, "lr": 0.05758350560817371}, "datetime": {"datetime": "2024-06-13 17:04:59", "elapsed": 2.56589, "delta": 0.003989}}
{"target": -143.58424957741525, "params": {"gamma": 0.05896813178397224, "lr": 0.3126811561554764}, "datetime": {"datetime": "2024-06-13 17:04:59", "elapsed": 2.56988, "delta": 0.00399}}
{"target": -156.98434740911023, "params": {"gamma": 0.5579284287083343, "lr": 0.29386248547054417}, "datetime": {"datetime": "2024-06-13 17:04:59", "elapsed": 2.573869, "delta": 0.003989}}
{"target": -885.9525282612174, "params": {"gamma": 3.5608088438258343, "lr": 0.9536770184739218}, "datetime": {"datetime": "2024-06-13 17:04:59", "elapsed": 2.577858, "delta": 0.003989}}
{"target": -744.1815601386838, "params": {"gamma": 4.770032273945294, "lr": 0.27823844242133033}, "datetime": {"datetime": "2024-06-13 17:04:59", "elapsed": 2.581848, "delta": 0.00399}}
{"target": -1009.2130287619293, "params": {"gamma": 5.030548945314497, "lr": 0.6433579246491355}, "datetime": {"datetime": "2024-06-13 17:04:59", "elapsed": 2.585837, "delta": 0.003989}}
{"target": -274.21879698016727, "params": {"gamma": 1.1133454800017826, "lr": 0.7580616581331086}, "datetime": {"datetime": "2024-06-13 17:04:59", "elapsed": 2.588829, "delta": 0.002992}}
{"target": -1960.6291169957844, "params": {"gamma": 8.519605767101668, "lr": 0.8442498595694283}, "datetime": {"datetime": "2024-06-13 17:04:59", "elapsed": 2.592818, "delta": 0.003989}}
{"target": -1380.307656770967, "params": {"gamma": 8.905177817288482, "lr": 0.38184239675576115}, "datetime": {"datetime": "2024-06-13 17:04:59", "elapsed": 2.596808, "delta": 0.00399}}
{"target": -1509.613294747449, "params": {"gamma": 4.438608178466819, "lr": 0.10158147594616618}, "datetime": {"datetime": "2024-06-13 17:04:59", "elapsed": 2.600797, "delta": 0.003989}}
{"target": -571.5045321247728, "params": {"gamma": 2.25884341738992, "lr": 0.971320469273211}, "datetime": {"datetime": "2024-06-13 17:04:59", "elapsed": 2.604786, "delta": 0.003989}}
{"target": -691.3063534153376, "params": {"gamma": 2.8469550657183857, "lr": 0.9073961422409973}, "datetime": {"datetime": "2024-06-13 17:04:59", "elapsed": 2.608775, "delta": 0.003989}}
{"target": -2190.6829700670232, "params": {"gamma": 8.905632311496733, "lr": 0.9225044972603934}, "datetime": {"datetime": "2024-06-13 17:04:59", "elapsed": 2.612765, "delta": 0.00399}}
{"target": -388.6824254390386, "params": {"gamma": 1.5623394948435068, "lr": 0.8797221435013809}, "datetime": {"datetime": "2024-06-13 17:04:59", "elapsed": 2.615757, "delta": 0.002992}}
{"target": -1173.3160288280587, "params": {"gamma": 6.320317509680909, "lr": 0.21062817841880244}, "datetime": {"datetime": "2024-06-13 17:04:59", "elapsed": 2.619746, "delta": 0.003989}}
{"target": -770.2329361385245, "params": {"gamma": 3.4518140318860318, "lr": 0.1599187885892832}, "datetime": {"datetime": "2024-06-13 17:04:59", "elapsed": 2.623736, "delta": 0.00399}}
{"target": -1710.6599812441275, "params": {"gamma": 4.444037226303826, "lr": 0.08377495384546052}, "datetime": {"datetime": "2024-06-13 17:04:59", "elapsed": 2.627724, "delta": 0.003988}}
{"target": -350.72920792092646, "params": {"gamma": 1.654019586311918, "lr": 0.19719634646666928}, "datetime": {"datetime": "2024-06-13 17:04:59", "elapsed": 2.631714, "delta": 0.00399}}
{"target": -1302.8646359181657, "params": {"gamma": 6.910582388225486, "lr": 0.573802869165353}, "datetime": {"datetime": "2024-06-13 17:04:59", "elapsed": 2.634707, "delta": 0.002993}}
{"target": -1478.4104884254036, "params": {"gamma": 8.733358017233284, "lr": 0.2446340657192081}, "datetime": {"datetime": "2024-06-13 17:04:59", "elapsed": 2.638696, "delta": 0.003989}}
{"target": -2442.65297692735, "params": {"gamma": 6.296449959232413, "lr": 0.034431265307095615}, "datetime": {"datetime": "2024-06-13 17:04:59", "elapsed": 2.642685, "delta": 0.003989}}
{"target": -1214.5261303205932, "params": {"gamma": 5.162468412309614, "lr": 0.8632264817138495}, "datetime": {"datetime": "2024-06-13 17:04:59", "elapsed": 2.646675, "delta": 0.00399}}
{"target": -3793.1975185003143, "params": {"gamma": 9.841281312305282, "lr": 0.009872975358918512}, "datetime": {"datetime": "2024-06-13 17:04:59", "elapsed": 2.650664, "delta": 0.003989}}
{"target": -450.4945998585498, "params": {"gamma": 2.5291619792860742, "lr": 0.22384967032752534}, "datetime": {"datetime": "2024-06-13 17:04:59", "elapsed": 2.653656, "delta": 0.002992}}
{"target": -252.37164604607673, "params": {"gamma": 0.4763284046833772, "lr": 0.010172456261775653}, "datetime": {"datetime": "2024-06-13 17:04:59", "elapsed": 2.657645, "delta": 0.003989}}
{"target": -1911.6587216245928, "params": {"gamma": 4.902462927130074, "lr": 0.04548214567029407}, "datetime": {"datetime": "2024-06-13 17:04:59", "elapsed": 2.661635, "delta": 0.00399}}
{"target": -567.7939999608982, "params": {"gamma": 2.784002980338173, "lr": 0.6399745691089123}, "datetime": {"datetime": "2024-06-13 17:04:59", "elapsed": 2.665624, "delta": 0.003989}}
{"target": -470.94042479335644, "params": {"gamma": 2.9476257235674814, "lr": 0.26965470115905144}, "datetime": {"datetime": "2024-06-13 17:04:59", "elapsed": 2.669613, "delta": 0.003989}}
{"target": -923.309999990195, "params": {"gamma": 5.905874675913428, "lr": 0.38053407720964005}, "datetime": {"datetime": "2024-06-13 17:04:59", "elapsed": 2.673602, "delta": 0.003989}}
{"target": -1178.0397356779863, "params": {"gamma": 7.025527816580048, "lr": 0.4961239512498611}, "datetime": {"datetime": "2024-06-13 17:04:59", "elapsed": 2.676594, "delta": 0.002992}}
{"target": -977.5519492033993, "params": {"gamma": 6.33245944879897, "lr": 0.3533943470016294}, "datetime": {"datetime": "2024-06-13 17:04:59", "elapsed": 2.680583, "delta": 0.003989}}
{"target": -730.8586831986563, "params": {"gamma": 2.871152417608931, "lr": 0.13320711375110195}, "datetime": {"datetime": "2024-06-13 17:04:59", "elapsed": 2.684573, "delta": 0.00399}}
{"target": -2094.9377716522754, "params": {"gamma": 9.370866767604843, "lr": 0.8048358460157946}, "datetime": {"datetime": "2024-06-13 17:04:59", "elapsed": 2.688562, "delta": 0.003989}}
{"target": -1819.2147771094062, "params": {"gamma": 9.380347403020368, "lr": 0.1853805246478023}, "datetime": {"datetime": "2024-06-13 17:04:59", "elapsed": 2.692552, "delta": 0.00399}}
{"target": -2294.820833818698, "params": {"gamma": 9.331624472469432, "lr": 0.9357532076921331}, "datetime": {"datetime": "2024-06-13 17:04:59", "elapsed": 2.696541, "delta": 0.003989}}
{"target": -454.44955087825747, "params": {"gamma": 2.8361615915229414, "lr": 0.27463424842386297}, "datetime": {"datetime": "2024-06-13 17:04:59", "elapsed": 2.70053, "delta": 0.003989}}
{"target": -1079.1624684431515, "params": {"gamma": 5.514764305160052, "lr": 0.18528923936855235}, "datetime": {"datetime": "2024-06-13 17:04:59", "elapsed": 2.70452, "delta": 0.00399}}
{"target": -870.2389905809893, "params": {"gamma": 4.421569005157032, "lr": 0.1853176459376844}, "datetime": {"datetime": "2024-06-13 17:04:59", "elapsed": 2.708509, "delta": 0.003989}}
{"target": -1580.6612831561783, "params": {"gamma": 9.473811803621638, "lr": 0.4938246574910856}, "datetime": {"datetime": "2024-06-13 17:04:59", "elapsed": 2.712499, "delta": 0.00399}}
{"target": -1921.0840957475907, "params": {"gamma": 9.639213756472554, "lr": 0.6449416725122118}, "datetime": {"datetime": "2024-06-13 17:04:59", "elapsed": 2.71549, "delta": 0.002991}}
{"target": -1198.3377464614982, "params": {"gamma": 4.843673414550824, "lr": 0.9676952459611975}, "datetime": {"datetime": "2024-06-13 17:04:59", "elapsed": 2.71948, "delta": 0.00399}}
{"target": -312.691425748705, "params": {"gamma": 1.4327546273059197, "lr": 0.6323298746664966}, "datetime": {"datetime": "2024-06-13 17:04:59", "elapsed": 2.723469, "delta": 0.003989}}
{"target": -1117.2155338142343, "params": {"gamma": 6.6192217900001395, "lr": 0.43383982715272595}, "datetime": {"datetime": "2024-06-13 17:04:59", "elapsed": 2.727458, "delta": 0.003989}}
{"target": -165.9155155422694, "params": {"gamma": 0.594512896164236, "lr": 0.4927226011660333}, "datetime": {"datetime": "2024-06-13 17:04:59", "elapsed": 2.731448, "delta": 0.00399}}
{"target": -1048.1170385958949, "params": {"gamma": 4.651874301237257, "lr": 0.8067468107748635}, "datetime": {"datetime": "2024-06-13 17:04:59", "elapsed": 2.735437, "delta": 0.003989}}
{"target": -419.38736867268693, "params": {"gamma": 2.5673532385398095, "lr": 0.3914303629842686}, "datetime": {"datetime": "2024-06-13 17:04:59", "elapsed": 2.739426, "delta": 0.003989}}
{"target": -532.6200775599735, "params": {"gamma": 2.402481900006551, "lr": 0.6864434151723641}, "datetime": {"datetime": "2024-06-13 17:04:59", "elapsed": 2.742418, "delta": 0.002992}}
{"target": -2059.9589769533573, "params": {"gamma": 9.898844649917818, "lr": 0.1774295368682619}, "datetime": {"datetime": "2024-06-13 17:04:59", "elapsed": 2.746408, "delta": 0.00399}}
{"target": -1392.0617500689934, "params": {"gamma": 8.214645955522746, "lr": 0.2309885592816333}, "datetime": {"datetime": "2024-06-13 17:04:59", "elapsed": 2.750397, "delta": 0.003989}}
{"target": -203.2076117068167, "params": {"gamma": 0.5807001579142975, "lr": 0.13881651804567363}, "datetime": {"datetime": "2024-06-13 17:04:59", "elapsed": 2.754387, "delta": 0.00399}}
{"target": -2192.8161149557104, "params": {"gamma": 9.351596002308344, "lr": 0.8885421033562281}, "datetime": {"datetime": "2024-06-13 17:04:59", "elapsed": 2.758376, "delta": 0.003989}}
{"target": -724.1850209680566, "params": {"gamma": 2.893315694333617, "lr": 0.9477640661016069}, "datetime": {"datetime": "2024-06-13 17:04:59", "elapsed": 2.762365, "delta": 0.003989}}
{"target": -1428.2284883510347, "params": {"gamma": 8.499455421778958, "lr": 0.4346547940716735}, "datetime": {"datetime": "2024-06-13 17:04:59", "elapsed": 2.766355, "delta": 0.00399}}
{"target": -946.4511337754844, "params": {"gamma": 4.681027499109862, "lr": 0.6298530215834227}, "datetime": {"datetime": "2024-06-13 17:04:59", "elapsed": 2.770344, "delta": 0.003989}}
{"target": -651.1577335357564, "params": {"gamma": 1.581160317803163, "lr": 0.014782086742092915}, "datetime": {"datetime": "2024-06-13 17:04:59", "elapsed": 2.774089, "delta": 0.003745}}
{"target": -1057.0847459745494, "params": {"gamma": 2.655854662706386, "lr": 0.015443631942760883}, "datetime": {"datetime": "2024-06-13 17:04:59", "elapsed": 2.778071, "delta": 0.003982}}
{"target": -1244.5580549789122, "params": {"gamma": 6.745313942778413, "lr": 0.5514688358127765}, "datetime": {"datetime": "2024-06-13 17:04:59", "elapsed": 2.78206, "delta": 0.003989}}
{"target": -715.5311055412218, "params": {"gamma": 3.2171598078821737, "lr": 0.7802023371197586}, "datetime": {"datetime": "2024-06-13 17:04:59", "elapsed": 2.786049, "delta": 0.003989}}
{"target": -282.52590149670584, "params": {"gamma": 1.4587085267165556, "lr": 0.2448806387618836}, "datetime": {"datetime": "2024-06-13 17:04:59", "elapsed": 2.79004, "delta": 0.003991}}
{"target": -585.6927219049437, "params": {"gamma": 2.923845306630798, "lr": 0.19593194649899215}, "datetime": {"datetime": "2024-06-13 17:04:59", "elapsed": 2.794028, "delta": 0.003988}}
{"target": -242.85619689021806, "params": {"gamma": 0.8802988990222627, "lr": 0.8699761802716075}, "datetime": {"datetime": "2024-06-13 17:04:59", "elapsed": 2.799015, "delta": 0.004987}}
{"target": -230.01607862823906, "params": {"gamma": 0.8827982670695292, "lr": 0.6837103358216379}, "datetime": {"datetime": "2024-06-13 17:04:59", "elapsed": 2.802007, "delta": 0.002992}}
{"target": -510.8330337698852, "params": {"gamma": 1.204888367700376, "lr": 0.010699003144174157}, "datetime": {"datetime": "2024-06-13 17:04:59", "elapsed": 2.805996, "delta": 0.003989}}
{"target": -1333.0488054439018, "params": {"gamma": 5.573125032519063, "lr": 0.9071090552203707}, "datetime": {"datetime": "2024-06-13 17:04:59", "elapsed": 2.809986, "delta": 0.00399}}
{"target": -1319.3315910373776, "params": {"gamma": 8.604706216701516, "lr": 0.33845138411825004}, "datetime": {"datetime": "2024-06-13 17:04:59", "elapsed": 2.813976, "delta": 0.00399}}
{"target": -145.77929397069911, "params": {"gamma": 0.27256113442929636, "lr": 0.8008593551300331}, "datetime": {"datetime": "2024-06-13 17:04:59", "elapsed": 2.818962, "delta": 0.004986}}
{"target": -1887.8715580096577, "params": {"gamma": 8.06004333796437, "lr": 0.8684881163027721}, "datetime": {"datetime": "2024-06-13 17:04:59", "elapsed": 2.822951, "delta": 0.003989}}
{"target": -1501.4660034634996, "params": {"gamma": 6.696796352155456, "lr": 0.8077788623150765}, "datetime": {"datetime": "2024-06-13 17:04:59", "elapsed": 2.826941, "delta": 0.00399}}
{"target": -1512.0955822046833, "params": {"gamma": 8.9750853247459, "lr": 0.4538299504900123}, "datetime": {"datetime": "2024-06-13 17:04:59", "elapsed": 2.83093, "delta": 0.003989}}
{"target": -1041.3798102985156, "params": {"gamma": 5.578695211845391, "lr": 0.5061311288282347}, "datetime": {"datetime": "2024-06-13 17:04:59", "elapsed": 2.83492, "delta": 0.00399}}
{"target": -1488.648902271605, "params": {"gamma": 6.920147061337664, "lr": 0.6829068676298748}, "datetime": {"datetime": "2024-06-13 17:04:59", "elapsed": 2.838909, "delta": 0.003989}}
{"target": -1185.949516481542, "params": {"gamma": 5.203616044997302, "lr": 0.8284681480854713}, "datetime": {"datetime": "2024-06-13 17:04:59", "elapsed": 2.842898, "delta": 0.003989}}
{"target": -1153.3116641271895, "params": {"gamma": 5.058288088511875, "lr": 0.8248585623852319}, "datetime": {"datetime": "2024-06-13 17:04:59", "elapsed": 2.847885, "delta": 0.004987}}
{"target": -604.6841230117167, "params": {"gamma": 2.8191690363442863, "lr": 0.17849483297748825}, "datetime": {"datetime": "2024-06-13 17:04:59", "elapsed": 2.851874, "delta": 0.003989}}
{"target": -2128.199665560101, "params": {"gamma": 9.698735832876796, "lr": 0.7419395254560768}, "datetime": {"datetime": "2024-06-13 17:04:59", "elapsed": 2.855863, "delta": 0.003989}}
{"target": -505.19921411451406, "params": {"gamma": 2.598657141350841, "lr": 0.5812353422911717}, "datetime": {"datetime": "2024-06-13 17:04:59", "elapsed": 2.858855, "delta": 0.002992}}
{"target": -3683.2359266866792, "params": {"gamma": 9.55266727312833, "lr": 0.0807539078120788}, "datetime": {"datetime": "2024-06-13 17:04:59", "elapsed": 2.862845, "delta": 0.00399}}
{"target": -210.1206141674838, "params": {"gamma": 0.8362585364103492, "lr": 0.6191348314199072}, "datetime": {"datetime": "2024-06-13 17:04:59", "elapsed": 2.866834, "delta": 0.003989}}
{"target": -505.0959213756094, "params": {"gamma": 2.245710294880741, "lr": 0.7651839567335081}, "datetime": {"datetime": "2024-06-13 17:04:59", "elapsed": 2.870823, "delta": 0.003989}}
{"target": -1137.9429165899905, "params": {"gamma": 5.681957276948102, "lr": 0.6661880902234952}, "datetime": {"datetime": "2024-06-13 17:04:59", "elapsed": 2.874821, "delta": 0.003998}}
{"target": -451.2238858465586, "params": {"gamma": 1.0790311940451294, "lr": 0.08428305143655679}, "datetime": {"datetime": "2024-06-13 17:04:59", "elapsed": 2.87867, "delta": 0.003849}}
{"target": -1058.8701136414725, "params": {"gamma": 6.251585561986592, "lr": 0.4097312611340205}, "datetime": {"datetime": "2024-06-13 17:04:59", "elapsed": 2.883657, "delta": 0.004987}}
{"target": -185.66723387740467, "params": {"gamma": 0.8734379861959459, "lr": 0.3710639450161891}, "datetime": {"datetime": "2024-06-13 17:04:59", "elapsed": 2.887646, "delta": 0.003989}}
{"target": -1310.1561121773314, "params": {"gamma": 6.72177195215883, "lr": 0.1895874001915857}, "datetime": {"datetime": "2024-06-13 17:04:59", "elapsed": 2.891635, "delta": 0.003989}}
{"target": -2203.3367217513546, "params": {"gamma": 8.957395356178512, "lr": 0.9498463888800873}, "datetime": {"datetime": "2024-06-13 17:04:59", "elapsed": 2.895625, "delta": 0.00399}}
{"target": -2110.1537486908974, "params": {"gamma": 9.615763851802903, "lr": 0.7300825577402602}, "datetime": {"datetime": "2024-06-13 17:04:59", "elapsed": 2.899615, "delta": 0.00399}}
{"target": -903.1866529389846, "params": {"gamma": 4.063477988455463, "lr": 0.7437491963512196}, "datetime": {"datetime": "2024-06-13 17:04:59", "elapsed": 2.903603, "delta": 0.003988}}
{"target": -464.4801289439665, "params": {"gamma": 2.8805808058682407, "lr": 0.3144172223907462}, "datetime": {"datetime": "2024-06-13 17:04:59", "elapsed": 2.907593, "delta": 0.00399}}
{"target": -1144.6599032889453, "params": {"gamma": 6.059357715817362, "lr": 0.5948471334079176}, "datetime": {"datetime": "2024-06-13 17:04:59", "elapsed": 2.911582, "delta": 0.003989}}
{"target": -1352.0292838091827, "params": {"gamma": 8.786731102181795, "lr": 0.25460075566057694}, "datetime": {"datetime": "2024-06-13 17:04:59", "elapsed": 2.915572, "delta": 0.00399}}
{"target": -1886.7251432073901, "params": {"gamma": 7.662117463663015, "lr": 0.9410132668189013}, "datetime": {"datetime": "2024-06-13 17:04:59", "elapsed": 2.919561, "delta": 0.003989}}
{"target": -146.29165240639958, "params": {"gamma": 0.011328293644688577, "lr": 0.47608911800210485}, "datetime": {"datetime": "2024-06-13 17:04:59", "elapsed": 2.92355, "delta": 0.003989}}
{"target": -1515.409813568326, "params": {"gamma": 6.570746249918269, "lr": 0.8433232139195225}, "datetime": {"datetime": "2024-06-13 17:04:59", "elapsed": 2.927539, "delta": 0.003989}}
{"target": -441.94767378927105, "params": {"gamma": 1.8382103793481412, "lr": 0.8561592379873718}, "datetime": {"datetime": "2024-06-13 17:04:59", "elapsed": 2.933523, "delta": 0.005984}}
{"target": -879.6780902539449, "params": {"gamma": 3.6442904330904224, "lr": 0.8922739292761724}, "datetime": {"datetime": "2024-06-13 17:04:59", "elapsed": 2.937513, "delta": 0.00399}}
{"target": -191.72969054692675, "params": {"gamma": 0.2780896894835276, "lr": 0.08539013912317062}, "datetime": {"datetime": "2024-06-13 17:04:59", "elapsed": 2.941502, "delta": 0.003989}}
{"target": -1952.8771992181078, "params": {"gamma": 9.81412324707537, "lr": 0.6095019257734966}, "datetime": {"datetime": "2024-06-13 17:04:59", "elapsed": 2.944494, "delta": 0.002992}}
{"target": -882.0301373991523, "params": {"gamma": 4.176905835795019, "lr": 0.16921418469369054}, "datetime": {"datetime": "2024-06-13 17:04:59", "elapsed": 2.948484, "delta": 0.00399}}
{"target": -2519.9554448657364, "params": {"gamma": 6.499361629743811, "lr": 0.03697506835935782}, "datetime": {"datetime": "2024-06-13 17:04:59", "elapsed": 2.952473, "delta": 0.003989}}
{"target": -499.6577993104793, "params": {"gamma": 3.116827520693586, "lr": 0.32347919698907535}, "datetime": {"datetime": "2024-06-13 17:04:59", "elapsed": 2.956462, "delta": 0.003989}}
{"target": -1215.6280170264604, "params": {"gamma": 6.074811493252022, "lr": 0.6508312566756971}, "datetime": {"datetime": "2024-06-13 17:04:59", "elapsed": 2.960451, "delta": 0.003989}}
{"target": -2081.919871283713, "params": {"gamma": 8.460699937765456, "lr": 0.9275809425975434}, "datetime": {"datetime": "2024-06-13 17:05:00", "elapsed": 2.964441, "delta": 0.00399}}
{"target": -1246.0465727026105, "params": {"gamma": 6.604916818383386, "lr": 0.5781739184085382}, "datetime": {"datetime": "2024-06-13 17:05:00", "elapsed": 2.96843, "delta": 0.003989}}
{"target": -989.7676011392566, "params": {"gamma": 3.987756720746455, "lr": 0.966612492642142}, "datetime": {"datetime": "2024-06-13 17:05:00", "elapsed": 2.97242, "delta": 0.00399}}
{"target": -390.74299872961734, "params": {"gamma": 1.541637639151742, "lr": 0.8950868086486484}, "datetime": {"datetime": "2024-06-13 17:05:00", "elapsed": 2.976409, "delta": 0.003989}}
{"target": -587.3941364496108, "params": {"gamma": 3.1108196657805305, "lr": 0.548489089666104}, "datetime": {"datetime": "2024-06-13 17:05:00", "elapsed": 2.981396, "delta": 0.004987}}
{"target": -1160.1077613971097, "params": {"gamma": 6.8209805180697165, "lr": 0.23646965132615538}, "datetime": {"datetime": "2024-06-13 17:05:00", "elapsed": 2.985386, "delta": 0.00399}}
{"target": -337.4835380797101, "params": {"gamma": 1.678199113817666, "lr": 0.508482013429616}, "datetime": {"datetime": "2024-06-13 17:05:00", "elapsed": 2.990373, "delta": 0.004987}}
{"target": -1700.8270284698003, "params": {"gamma": 7.918846891971133, "lr": 0.6924144621670756}, "datetime": {"datetime": "2024-06-13 17:05:00", "elapsed": 2.994362, "delta": 0.003989}}
{"target": -312.65451000017987, "params": {"gamma": 1.1906143983929753, "lr": 0.900742215071733}, "datetime": {"datetime": "2024-06-13 17:05:00", "elapsed": 2.999348, "delta": 0.004986}}
{"target": -1187.1722296352036, "params": {"gamma": 4.797895932924502, "lr": 0.9466766792396476}, "datetime": {"datetime": "2024-06-13 17:05:00", "elapsed": 3.004334, "delta": 0.004986}}
