{"target": -587.9121640551127, "params": {"gamma": 6.687743802830694, "prior": 8.370179976185053, "rate": 9.648000771149587}, "datetime": {"datetime": "2024-06-14 12:57:28", "elapsed": 17.280646, "delta": 0.009973}}
{"target": -198.18246178861128, "params": {"gamma": 1.2693322409733296, "prior": 5.2807820848604825, "rate": 8.506259835578277}, "datetime": {"datetime": "2024-06-14 12:57:28", "elapsed": 17.290621, "delta": 0.009975}}
{"target": -474.6050442926845, "params": {"gamma": 5.376554931110454, "prior": 7.327460113254701, "rate": 7.854811002586698}, "datetime": {"datetime": "2024-06-14 12:57:28", "elapsed": 17.300593, "delta": 0.009972}}
{"target": -751.723389110285, "params": {"gamma": 8.36611885215124, "prior": 6.698671028783691, "rate": 8.977494158102747}, "datetime": {"datetime": "2024-06-14 12:57:28", "elapsed": 17.311598, "delta": 0.011005}}
{"target": -504.6879188114486, "params": {"gamma": 6.4782645488662265, "prior": 9.451910164511617, "rate": 6.293354520653859}, "datetime": {"datetime": "2024-06-14 12:57:28", "elapsed": 17.321538, "delta": 0.00994}}
{"target": -643.6071493869923, "params": {"gamma": 8.724413810278625, "prior": 5.996988068238829, "rate": 3.4441454939220204}, "datetime": {"datetime": "2024-06-14 12:57:28", "elapsed": 17.331511, "delta": 0.009973}}
{"target": -531.76904437364, "params": {"gamma": 8.134761405617539, "prior": 4.380572177078845, "rate": 1.26633005871915}, "datetime": {"datetime": "2024-06-14 12:57:28", "elapsed": 17.342481, "delta": 0.01097}}
{"target": -731.5233605950368, "params": {"gamma": 9.685718757922707, "prior": 8.540378886592336, "rate": 5.613032976457021}, "datetime": {"datetime": "2024-06-14 12:57:28", "elapsed": 17.351457, "delta": 0.008976}}
{"target": -417.0597694051587, "params": {"gamma": 6.70645236332923, "prior": 9.97746979690073, "rate": 1.6139258941379875}, "datetime": {"datetime": "2024-06-14 12:57:28", "elapsed": 17.362428, "delta": 0.010971}}
{"target": -497.6189663844981, "params": {"gamma": 5.345865061083275, "prior": 3.9706892074339746, "rate": 5.411934552410746}, "datetime": {"datetime": "2024-06-14 12:57:28", "elapsed": 17.372401, "delta": 0.009973}}
{"target": -179.29881031467428, "params": {"gamma": 1.0346751548979976, "prior": 4.463348355283198, "rate": 4.615179910338178}, "datetime": {"datetime": "2024-06-14 12:57:28", "elapsed": 17.382375, "delta": 0.009974}}
{"target": -498.6644575429334, "params": {"gamma": 5.959320550265768, "prior": 6.657514292740112, "rate": 5.9019035859365445}, "datetime": {"datetime": "2024-06-14 12:57:28", "elapsed": 17.392348, "delta": 0.009973}}
{"target": -578.6027690662141, "params": {"gamma": 7.294098218201382, "prior": 5.850935976242481, "rate": 4.431587983023527}, "datetime": {"datetime": "2024-06-14 12:57:28", "elapsed": 17.402321, "delta": 0.009973}}
{"target": -375.7469160444665, "params": {"gamma": 4.968387656954369, "prior": 4.3578792885960675, "rate": 2.1015284571954447}, "datetime": {"datetime": "2024-06-14 12:57:28", "elapsed": 17.412295, "delta": 0.009974}}
{"target": -243.10834960736472, "params": {"gamma": 2.268784360438243, "prior": 4.628147893294655, "rate": 4.336093573615487}, "datetime": {"datetime": "2024-06-14 12:57:28", "elapsed": 17.422268, "delta": 0.009973}}
{"target": -729.2718404904929, "params": {"gamma": 7.793058306926475, "prior": 4.266497925247028, "rate": 6.734009957010978}, "datetime": {"datetime": "2024-06-14 12:57:28", "elapsed": 17.433239, "delta": 0.010971}}
{"target": -205.26974533454927, "params": {"gamma": 1.6612208005950855, "prior": 8.258183945490565, "rate": 6.8543823546258436}, "datetime": {"datetime": "2024-06-14 12:57:28", "elapsed": 17.443212, "delta": 0.009973}}
{"target": -760.7552297156931, "params": {"gamma": 7.890734933535461, "prior": 3.6588964274812152, "rate": 6.62582745539401}, "datetime": {"datetime": "2024-06-14 12:57:28", "elapsed": 17.453185, "delta": 0.009973}}
{"target": -241.68158658359286, "params": {"gamma": 2.1716875482551337, "prior": 2.287957296922715, "rate": 2.4253252674042707}, "datetime": {"datetime": "2024-06-14 12:57:28", "elapsed": 17.463158, "delta": 0.009973}}
{"target": -302.71097110722894, "params": {"gamma": 2.646618581923333, "prior": 4.143278360424636, "rate": 8.287125786730796}, "datetime": {"datetime": "2024-06-14 12:57:28", "elapsed": 17.473886, "delta": 0.010728}}
{"target": -585.7281916870287, "params": {"gamma": 9.474248122372826, "prior": 6.361334167652156, "rate": 1.348256625665745}, "datetime": {"datetime": "2024-06-14 12:57:28", "elapsed": 17.483859, "delta": 0.009973}}
{"target": -310.9660181413742, "params": {"gamma": 4.200514533381073, "prior": 9.36823535020746, "rate": 3.206122209008569}, "datetime": {"datetime": "2024-06-14 12:57:28", "elapsed": 17.493833, "delta": 0.009974}}
{"target": -455.74934856256283, "params": {"gamma": 6.1931905794918185, "prior": 9.357823108034191, "rate": 4.607362678122438}, "datetime": {"datetime": "2024-06-14 12:57:28", "elapsed": 17.503806, "delta": 0.009973}}
{"target": -440.08945897091576, "params": {"gamma": 5.004490142114326, "prior": 9.19506772656131, "rate": 9.298305886525743}, "datetime": {"datetime": "2024-06-14 12:57:28", "elapsed": 17.514777, "delta": 0.010971}}
{"target": -794.4433791794186, "params": {"gamma": 9.04496424702233, "prior": 5.184981853710656, "rate": 6.398472694701441}, "datetime": {"datetime": "2024-06-14 12:57:28", "elapsed": 17.524779, "delta": 0.010002}}
{"target": -660.3774575617331, "params": {"gamma": 5.890472752605639, "prior": 1.6690987172854312, "rate": 6.234866594810311}, "datetime": {"datetime": "2024-06-14 12:57:28", "elapsed": 17.544164, "delta": 0.019385}}
{"target": -332.1308508914287, "params": {"gamma": 3.1921240844594263, "prior": 1.3942814559414822, "rate": 2.1508150426858728}, "datetime": {"datetime": "2024-06-14 12:57:28", "elapsed": 17.556156, "delta": 0.011992}}
{"target": -304.97707987064047, "params": {"gamma": 3.1372893115280216, "prior": 9.519372827689537, "rate": 9.907680849822357}, "datetime": {"datetime": "2024-06-14 12:57:28", "elapsed": 17.566101, "delta": 0.009945}}
{"target": -724.9693019732431, "params": {"gamma": 8.668996751551681, "prior": 4.672423692173761, "rate": 4.656706908529602}, "datetime": {"datetime": "2024-06-14 12:57:28", "elapsed": 17.577072, "delta": 0.010971}}
{"target": -952.5998269388845, "params": {"gamma": 7.647520341309665, "prior": 1.074239963450954, "rate": 9.940379659168363}, "datetime": {"datetime": "2024-06-14 12:57:28", "elapsed": 17.587045, "delta": 0.009973}}
{"target": -740.1643251679965, "params": {"gamma": 6.9224566172976845, "prior": 3.0629283412837927, "rate": 9.088573077112654}, "datetime": {"datetime": "2024-06-14 12:57:28", "elapsed": 17.597018, "delta": 0.009973}}
{"target": -493.7705932369914, "params": {"gamma": 5.526235888770702, "prior": 0.9433807768511864, "rate": 1.0833491863453326}, "datetime": {"datetime": "2024-06-14 12:57:28", "elapsed": 17.607989, "delta": 0.010971}}
{"target": -152.84978438808028, "params": {"gamma": 0.3176168877888321, "prior": 2.240327888608129, "rate": 0.51508803577319}, "datetime": {"datetime": "2024-06-14 12:57:28", "elapsed": 17.617992, "delta": 0.010003}}
{"target": -600.1331835981756, "params": {"gamma": 5.103214380152735, "prior": 0.9211098493361365, "rate": 4.431779707933526}, "datetime": {"datetime": "2024-06-14 12:57:28", "elapsed": 17.627936, "delta": 0.009944}}
{"target": -241.75171843637904, "params": {"gamma": 2.362771206680796, "prior": 5.6412349065280925, "rate": 4.390238946627599}, "datetime": {"datetime": "2024-06-14 12:57:28", "elapsed": 17.638906, "delta": 0.01097}}
{"target": -640.5541742216635, "params": {"gamma": 8.375567087137503, "prior": 3.4317930698460395, "rate": 2.3030862375648358}, "datetime": {"datetime": "2024-06-14 12:57:28", "elapsed": 17.648879, "delta": 0.009973}}
{"target": -527.271441533456, "params": {"gamma": 9.401218217622588, "prior": 4.71700059437067, "rate": 0.2825494345653465}, "datetime": {"datetime": "2024-06-14 12:57:28", "elapsed": 17.658853, "delta": 0.009974}}
{"target": -161.91005064581773, "params": {"gamma": 0.7952844018626734, "prior": 5.600160498896482, "rate": 2.1085032523654648}, "datetime": {"datetime": "2024-06-14 12:57:28", "elapsed": 17.668826, "delta": 0.009973}}
{"target": -229.0774016667029, "params": {"gamma": 1.4832079169213832, "prior": 2.03577051385278, "rate": 7.4477447466406055}, "datetime": {"datetime": "2024-06-14 12:57:28", "elapsed": 17.6788, "delta": 0.009974}}
{"target": -1128.0189988161214, "params": {"gamma": 9.490190594750429, "prior": 1.3808418827316682, "rate": 8.797922693851072}, "datetime": {"datetime": "2024-06-14 12:57:28", "elapsed": 17.68977, "delta": 0.01097}}
{"target": -428.6992335290584, "params": {"gamma": 7.119486308304545, "prior": 5.612748843111474, "rate": 0.6711193665390025}, "datetime": {"datetime": "2024-06-14 12:57:29", "elapsed": 17.699743, "delta": 0.009973}}
{"target": -651.078759124814, "params": {"gamma": 7.877623428379662, "prior": 8.141573527504782, "rate": 7.546064084925807}, "datetime": {"datetime": "2024-06-14 12:57:29", "elapsed": 17.710228, "delta": 0.010485}}
{"target": -439.8733078899588, "params": {"gamma": 5.5053451266130216, "prior": 6.352887453044348, "rate": 4.367192277935727}, "datetime": {"datetime": "2024-06-14 12:57:29", "elapsed": 17.720195, "delta": 0.009967}}
{"target": -370.7293363079591, "params": {"gamma": 3.079162242084743, "prior": 2.1563415656940617, "rate": 7.70783813326756}, "datetime": {"datetime": "2024-06-14 12:57:29", "elapsed": 17.731166, "delta": 0.010971}}
{"target": -750.947689834738, "params": {"gamma": 9.347823400996651, "prior": 6.253005567983246, "rate": 5.342940039040913}, "datetime": {"datetime": "2024-06-14 12:57:29", "elapsed": 17.74114, "delta": 0.009974}}
{"target": -1033.6448520104543, "params": {"gamma": 8.832821399586447, "prior": 0.543549432321984, "rate": 3.027452733825171}, "datetime": {"datetime": "2024-06-14 12:57:29", "elapsed": 17.752111, "delta": 0.010971}}
{"target": -513.8688908409797, "params": {"gamma": 3.825328639516465, "prior": 0.4078849577947824, "rate": 5.199809613230569}, "datetime": {"datetime": "2024-06-14 12:57:29", "elapsed": 17.762085, "delta": 0.009974}}
{"target": -714.3293773619171, "params": {"gamma": 9.40582357294277, "prior": 7.992725691934161, "rate": 5.351408522523899}, "datetime": {"datetime": "2024-06-14 12:57:29", "elapsed": 17.773054, "delta": 0.010969}}
{"target": -459.7482690882087, "params": {"gamma": 6.7657338580782405, "prior": 7.873824709873373, "rate": 2.611671926966363}, "datetime": {"datetime": "2024-06-14 12:57:29", "elapsed": 17.784025, "delta": 0.010971}}
{"target": -281.9369978672475, "params": {"gamma": 2.757360350509144, "prior": 6.091715488473178, "rate": 6.74213697673649}, "datetime": {"datetime": "2024-06-14 12:57:29", "elapsed": 17.793999, "delta": 0.009974}}
{"target": -151.1644641311031, "params": {"gamma": 0.037131121203666864, "prior": 8.571439691934431, "rate": 1.4499755526920097}, "datetime": {"datetime": "2024-06-14 12:57:29", "elapsed": 17.803972, "delta": 0.009973}}
{"target": -322.10553008863405, "params": {"gamma": 5.124009381904939, "prior": 5.6655858482099735, "rate": 0.07290430277148773}, "datetime": {"datetime": "2024-06-14 12:57:29", "elapsed": 17.813947, "delta": 0.009975}}
{"target": -405.78684263320235, "params": {"gamma": 4.289076528699282, "prior": 5.384053388047638, "rate": 6.907376297071434}, "datetime": {"datetime": "2024-06-14 12:57:29", "elapsed": 17.823921, "delta": 0.009974}}
{"target": -991.7320538243335, "params": {"gamma": 9.031835670784622, "prior": 0.7787551523432098, "rate": 2.8317040472904758}, "datetime": {"datetime": "2024-06-14 12:57:29", "elapsed": 17.834891, "delta": 0.01097}}
{"target": -495.9574420683265, "params": {"gamma": 5.279795197202099, "prior": 2.9733261504001245, "rate": 4.201892734282735}, "datetime": {"datetime": "2024-06-14 12:57:29", "elapsed": 17.844864, "delta": 0.009973}}
{"target": -1260.8012739485273, "params": {"gamma": 9.820547479625972, "prior": 0.6636402718702625, "rate": 9.289203208835787}, "datetime": {"datetime": "2024-06-14 12:57:29", "elapsed": 17.854838, "delta": 0.009974}}
{"target": -558.1255679356024, "params": {"gamma": 6.680114161371072, "prior": 5.035947408040653, "rate": 4.647506170595227}, "datetime": {"datetime": "2024-06-14 12:57:29", "elapsed": 17.864811, "delta": 0.009973}}
{"target": -429.6429302049382, "params": {"gamma": 5.589785773928347, "prior": 2.9867128566196963, "rate": 1.7188330067587443}, "datetime": {"datetime": "2024-06-14 12:57:29", "elapsed": 17.875782, "delta": 0.010971}}
{"target": -461.3253815164617, "params": {"gamma": 6.197786816831587, "prior": 9.885925228469835, "rate": 5.162690424583267}, "datetime": {"datetime": "2024-06-14 12:57:29", "elapsed": 17.885755, "delta": 0.009973}}
{"target": -467.1703990624126, "params": {"gamma": 6.710412491894106, "prior": 5.243372538798067, "rate": 2.0011085780511912}, "datetime": {"datetime": "2024-06-14 12:57:29", "elapsed": 17.895728, "delta": 0.009973}}
{"target": -464.4844036000174, "params": {"gamma": 5.787379979419437, "prior": 9.583007643759036, "rate": 6.924549114998262}, "datetime": {"datetime": "2024-06-14 12:57:29", "elapsed": 17.906699, "delta": 0.010971}}
{"target": -155.09493656350693, "params": {"gamma": 0.274342053750928, "prior": 3.6948761925389584, "rate": 6.33921964079754}, "datetime": {"datetime": "2024-06-14 12:57:29", "elapsed": 17.952493, "delta": 0.045794}}
{"target": -697.002947768525, "params": {"gamma": 5.67116400617658, "prior": 1.301203739015265, "rate": 9.364796358912931}, "datetime": {"datetime": "2024-06-14 12:57:29", "elapsed": 17.963463, "delta": 0.01097}}
{"target": -364.8532280479334, "params": {"gamma": 3.938997493293488, "prior": 7.319700947932855, "rate": 7.857086866488291}, "datetime": {"datetime": "2024-06-14 12:57:29", "elapsed": 17.973436, "delta": 0.009973}}
{"target": -228.88072521383586, "params": {"gamma": 2.1307142258890264, "prior": 6.659980991963436, "rate": 5.2341476294898825}, "datetime": {"datetime": "2024-06-14 12:57:29", "elapsed": 17.984407, "delta": 0.010971}}
{"target": -208.9640611581252, "params": {"gamma": 1.783794004691899, "prior": 7.212564495824819, "rate": 5.406224528163018}, "datetime": {"datetime": "2024-06-14 12:57:29", "elapsed": 17.99438, "delta": 0.009973}}
{"target": -255.00304268990502, "params": {"gamma": 2.1417238051544096, "prior": 4.238811933822576, "rate": 6.8079344253726966}, "datetime": {"datetime": "2024-06-14 12:57:29", "elapsed": 18.005351, "delta": 0.010971}}
{"target": -901.8431176363085, "params": {"gamma": 9.937621475494428, "prior": 5.5295345252227435, "rate": 7.939406449739636}, "datetime": {"datetime": "2024-06-14 12:57:29", "elapsed": 18.015132, "delta": 0.009781}}
{"target": -344.11368540965645, "params": {"gamma": 3.3064511453666356, "prior": 5.164454283417241, "rate": 8.350414978664054}, "datetime": {"datetime": "2024-06-14 12:57:29", "elapsed": 18.026099, "delta": 0.010967}}
{"target": -1102.3265801422806, "params": {"gamma": 9.704609444607442, "prior": 1.8668728599484044, "rate": 8.513224576444088}, "datetime": {"datetime": "2024-06-14 12:57:29", "elapsed": 18.036072, "delta": 0.009973}}
{"target": -750.3470323065224, "params": {"gamma": 9.8839813130555, "prior": 4.559573957621887, "rate": 3.0802934792591}, "datetime": {"datetime": "2024-06-14 12:57:29", "elapsed": 18.046045, "delta": 0.009973}}
{"target": -1030.1173937126634, "params": {"gamma": 9.124683586378131, "prior": 2.2765865789701447, "rate": 9.88264881287327}, "datetime": {"datetime": "2024-06-14 12:57:29", "elapsed": 18.057016, "delta": 0.010971}}
{"target": -388.25021334953715, "params": {"gamma": 4.016014561459776, "prior": 1.0131129142505106, "rate": 1.368611993565815}, "datetime": {"datetime": "2024-06-14 12:57:29", "elapsed": 18.066989, "delta": 0.009973}}
{"target": -539.8393007922411, "params": {"gamma": 4.771246207156717, "prior": 0.7033829612030654, "rate": 2.519602463648642}, "datetime": {"datetime": "2024-06-14 12:57:29", "elapsed": 18.07796, "delta": 0.010971}}
{"target": -673.1371156509277, "params": {"gamma": 7.950227595281238, "prior": 7.874786065977949, "rate": 8.108387517165163}, "datetime": {"datetime": "2024-06-14 12:57:29", "elapsed": 18.087933, "delta": 0.009973}}
{"target": -158.76730723049914, "params": {"gamma": 0.4635818527703097, "prior": 7.687845099749461, "rate": 8.068658621836198}, "datetime": {"datetime": "2024-06-14 12:57:29", "elapsed": 18.097906, "delta": 0.009973}}
{"target": -152.9499470536055, "params": {"gamma": 0.1614807233633352, "prior": 3.9741465501415574, "rate": 8.655905140222567}, "datetime": {"datetime": "2024-06-14 12:57:29", "elapsed": 18.10788, "delta": 0.009974}}
{"target": -708.6381445638691, "params": {"gamma": 9.58478787486283, "prior": 9.203960219040058, "rate": 5.470332354994583}, "datetime": {"datetime": "2024-06-14 12:57:29", "elapsed": 18.11888, "delta": 0.011}}
{"target": -300.4002681032008, "params": {"gamma": 3.0999028075571977, "prior": 5.933723461468355, "rate": 5.960308888277244}, "datetime": {"datetime": "2024-06-14 12:57:29", "elapsed": 18.128824, "delta": 0.009944}}
{"target": -616.4994039448203, "params": {"gamma": 6.645853962048891, "prior": 5.949068744119219, "rate": 8.680686431625688}, "datetime": {"datetime": "2024-06-14 12:57:29", "elapsed": 18.138797, "delta": 0.009973}}
{"target": -258.6365584329744, "params": {"gamma": 3.740404346465307, "prior": 2.51576369972239, "rate": 0.20584523782095557}, "datetime": {"datetime": "2024-06-14 12:57:29", "elapsed": 18.149768, "delta": 0.010971}}
{"target": -262.80354591320855, "params": {"gamma": 2.3276534032092466, "prior": 1.6998563265328037, "rate": 2.382365800220145}, "datetime": {"datetime": "2024-06-14 12:57:29", "elapsed": 18.160295, "delta": 0.010527}}
{"target": -585.3594070765392, "params": {"gamma": 8.809750700685962, "prior": 7.342834380593291, "rate": 2.4346474261497026}, "datetime": {"datetime": "2024-06-14 12:57:29", "elapsed": 18.170268, "delta": 0.009973}}
{"target": -622.2703375352401, "params": {"gamma": 7.93074966579814, "prior": 5.486796446527367, "rate": 4.065455958505244}, "datetime": {"datetime": "2024-06-14 12:57:29", "elapsed": 18.180241, "delta": 0.009973}}
{"target": -198.08084449832606, "params": {"gamma": 2.0588168270783345, "prior": 3.1762456147307865, "rate": 0.7933859337786535}, "datetime": {"datetime": "2024-06-14 12:57:29", "elapsed": 18.191212, "delta": 0.010971}}
{"target": -226.87796745025733, "params": {"gamma": 2.3370014693504007, "prior": 6.690938823288298, "rate": 3.510850519903707}, "datetime": {"datetime": "2024-06-14 12:57:29", "elapsed": 18.201185, "delta": 0.009973}}
{"target": -678.0693057594418, "params": {"gamma": 8.197382234314826, "prior": 6.645433517996546, "rate": 6.243886676338824}, "datetime": {"datetime": "2024-06-14 12:57:29", "elapsed": 18.211757, "delta": 0.010572}}
{"target": -403.09758191709034, "params": {"gamma": 4.203358120025224, "prior": 6.485522600358745, "rate": 8.748431716742354}, "datetime": {"datetime": "2024-06-14 12:57:29", "elapsed": 18.22173, "delta": 0.009973}}
{"target": -352.4355045977494, "params": {"gamma": 3.1134152627298404, "prior": 3.493245069587299, "rate": 8.486942886026812}, "datetime": {"datetime": "2024-06-14 12:57:29", "elapsed": 18.231703, "delta": 0.009973}}
{"target": -350.1141178988308, "params": {"gamma": 5.2994112343421165, "prior": 9.24451206335198, "rate": 1.876341924396167}, "datetime": {"datetime": "2024-06-14 12:57:29", "elapsed": 18.241676, "delta": 0.009973}}
{"target": -194.59907661304655, "params": {"gamma": 2.149517739976633, "prior": 8.638341582747344, "rate": 0.9958043191607387}, "datetime": {"datetime": "2024-06-14 12:57:29", "elapsed": 18.252647, "delta": 0.010971}}
{"target": -400.58945755606055, "params": {"gamma": 4.717152090529902, "prior": 8.410095236823695, "rate": 6.937672299169015}, "datetime": {"datetime": "2024-06-14 12:57:29", "elapsed": 18.262621, "delta": 0.009974}}
{"target": -514.4169425067944, "params": {"gamma": 4.622952603534849, "prior": 1.7354650920880788, "rate": 5.508608102481257}, "datetime": {"datetime": "2024-06-14 12:57:29", "elapsed": 18.273591, "delta": 0.01097}}
{"target": -553.3552808663484, "params": {"gamma": 9.879798710108535, "prior": 8.071059692189767, "rate": 0.5502334117385274}, "datetime": {"datetime": "2024-06-14 12:57:29", "elapsed": 18.283564, "delta": 0.009973}}
{"target": -447.82452419208096, "params": {"gamma": 7.109572833570658, "prior": 9.768501118223332, "rate": 1.9345458616173425}, "datetime": {"datetime": "2024-06-14 12:57:29", "elapsed": 18.293538, "delta": 0.009974}}
{"target": -1037.1804527256556, "params": {"gamma": 9.564120655508974, "prior": 2.4101209180042362, "rate": 8.194158826769996}, "datetime": {"datetime": "2024-06-14 12:57:29", "elapsed": 18.304508, "delta": 0.01097}}
{"target": -193.53395432037965, "params": {"gamma": 1.495037423229105, "prior": 5.18963690755791, "rate": 3.64078281665956}, "datetime": {"datetime": "2024-06-14 12:57:29", "elapsed": 18.314484, "delta": 0.009976}}
{"target": -723.5717622941835, "params": {"gamma": 6.707204581969504, "prior": 1.8732591939869123, "rate": 5.7979036601822145}, "datetime": {"datetime": "2024-06-14 12:57:29", "elapsed": 18.324457, "delta": 0.009973}}
{"target": -151.26353246925729, "params": {"gamma": 0.02523445285068334, "prior": 4.313976928799815, "rate": 5.158416296806499}, "datetime": {"datetime": "2024-06-14 12:57:29", "elapsed": 18.335428, "delta": 0.010971}}
{"target": -494.3197750137667, "params": {"gamma": 8.378128201572276, "prior": 7.600612871411063, "rate": 0.9198244994151032}, "datetime": {"datetime": "2024-06-14 12:57:29", "elapsed": 18.345402, "delta": 0.009974}}
{"target": -547.3629782454377, "params": {"gamma": 6.250711640076693, "prior": 6.634028573401182, "rate": 7.340553331594224}, "datetime": {"datetime": "2024-06-14 12:57:29", "elapsed": 18.355374, "delta": 0.009972}}
