{"target": -744.2438573912776, "params": {"gamma": 4.903044972676658, "lr": 0.5991103076458784}, "datetime": {"datetime": "2024-06-13 21:42:32", "elapsed": 0.395017, "delta": 0.003989}}
{"target": -136.86016604589778, "params": {"gamma": 0.15631722223280642, "lr": 0.5934814081966372}, "datetime": {"datetime": "2024-06-13 21:42:32", "elapsed": 0.398009, "delta": 0.002992}}
{"target": -719.2058830853514, "params": {"gamma": 4.337329813545594, "lr": 0.8073605288848414}, "datetime": {"datetime": "2024-06-13 21:42:32", "elapsed": 0.401001, "delta": 0.002992}}
{"target": -570.4466883150669, "params": {"gamma": 3.153132786150634, "lr": 0.8928887085251513}, "datetime": {"datetime": "2024-06-13 21:42:32", "elapsed": 0.404991, "delta": 0.00399}}
{"target": -965.9505897690572, "params": {"gamma": 5.778994295630071, "lr": 0.18401020162746506}, "datetime": {"datetime": "2024-06-13 21:42:32", "elapsed": 0.407983, "delta": 0.002992}}
{"target": -1164.542284947245, "params": {"gamma": 7.8795044090212185, "lr": 0.6120311770449339}, "datetime": {"datetime": "2024-06-13 21:42:32", "elapsed": 0.411972, "delta": 0.003989}}
{"target": -140.03145080370592, "params": {"gamma": 0.5400388114654558, "lr": 0.4201936800011322}, "datetime": {"datetime": "2024-06-13 21:42:32", "elapsed": 0.414964, "delta": 0.002992}}
{"target": -1199.6029415886205, "params": {"gamma": 6.791009296817731, "lr": 0.9186017779775258}, "datetime": {"datetime": "2024-06-13 21:42:32", "elapsed": 0.418953, "delta": 0.003989}}
{"target": -145.77047331191898, "params": {"gamma": 0.005019846888682974, "lr": 0.9767591490310596}, "datetime": {"datetime": "2024-06-13 21:42:32", "elapsed": 0.421945, "delta": 0.002992}}
{"target": -676.1793182741504, "params": {"gamma": 3.766426567142999, "lr": 0.9737835383583225}, "datetime": {"datetime": "2024-06-13 21:42:32", "elapsed": 0.425007, "delta": 0.003062}}
{"target": -993.6901117278936, "params": {"gamma": 6.047556293639557, "lr": 0.828845807980693}, "datetime": {"datetime": "2024-06-13 21:42:32", "elapsed": 0.428996, "delta": 0.003989}}
{"target": -881.945667893413, "params": {"gamma": 5.747540335576315, "lr": 0.6280761983073504}, "datetime": {"datetime": "2024-06-13 21:42:32", "elapsed": 0.431988, "delta": 0.002992}}
{"target": -443.39039129696715, "params": {"gamma": 2.8564772406752437, "lr": 0.586833340656083}, "datetime": {"datetime": "2024-06-13 21:42:32", "elapsed": 0.435977, "delta": 0.003989}}
{"target": -1289.0082451400644, "params": {"gamma": 7.500467615262897, "lr": 0.8583138364290424}, "datetime": {"datetime": "2024-06-13 21:42:32", "elapsed": 0.438969, "delta": 0.002992}}
{"target": -1201.6902194284714, "params": {"gamma": 7.551066802488335, "lr": 0.698057248447303}, "datetime": {"datetime": "2024-06-13 21:42:32", "elapsed": 0.441961, "delta": 0.002992}}
{"target": -1315.6526713959388, "params": {"gamma": 8.644929821115943, "lr": 0.32268099683674645}, "datetime": {"datetime": "2024-06-13 21:42:32", "elapsed": 0.44595, "delta": 0.003989}}
{"target": -889.8666031178337, "params": {"gamma": 6.708217119085085, "lr": 0.45087393641334916}, "datetime": {"datetime": "2024-06-13 21:42:32", "elapsed": 0.448942, "delta": 0.002992}}
{"target": -508.40475739688424, "params": {"gamma": 3.8216454175631407, "lr": 0.4108113499221856}, "datetime": {"datetime": "2024-06-13 21:42:32", "elapsed": 0.452932, "delta": 0.00399}}
{"target": -619.9891583601909, "params": {"gamma": 4.015394355111937, "lr": 0.3173839459582769}, "datetime": {"datetime": "2024-06-13 21:42:32", "elapsed": 0.455924, "delta": 0.002992}}
{"target": -826.4906829282188, "params": {"gamma": 6.219571759835095, "lr": 0.43024727082126435}, "datetime": {"datetime": "2024-06-13 21:42:32", "elapsed": 0.458916, "delta": 0.002992}}
{"target": -1544.8875767312516, "params": {"gamma": 9.738046977194596, "lr": 0.6778008914343111}, "datetime": {"datetime": "2024-06-13 21:42:32", "elapsed": 0.462905, "delta": 0.003989}}
{"target": -282.2759955894536, "params": {"gamma": 1.9865003143826816, "lr": 0.4267010093480328}, "datetime": {"datetime": "2024-06-13 21:42:32", "elapsed": 0.465897, "delta": 0.002992}}
{"target": -575.6133429782209, "params": {"gamma": 3.4341190515044557, "lr": 0.7976388039585666}, "datetime": {"datetime": "2024-06-13 21:42:32", "elapsed": 0.469886, "delta": 0.003989}}
{"target": -1551.0692129799427, "params": {"gamma": 8.800102887345755, "lr": 0.903841955826372}, "datetime": {"datetime": "2024-06-13 21:42:32", "elapsed": 0.472878, "delta": 0.002992}}
{"target": -1083.8024750584573, "params": {"gamma": 6.627535403940247, "lr": 0.2702082620297578}, "datetime": {"datetime": "2024-06-13 21:42:32", "elapsed": 0.475871, "delta": 0.002993}}
{"target": -444.98947707079293, "params": {"gamma": 2.5244146483443926, "lr": 0.8548979426974024}, "datetime": {"datetime": "2024-06-13 21:42:32", "elapsed": 0.47986, "delta": 0.003989}}
{"target": -869.896634044948, "params": {"gamma": 5.277618748441158, "lr": 0.8021610840045981}, "datetime": {"datetime": "2024-06-13 21:42:32", "elapsed": 0.482852, "delta": 0.002992}}
{"target": -951.2763005748442, "params": {"gamma": 5.725312683398872, "lr": 0.7331425252875111}, "datetime": {"datetime": "2024-06-13 21:42:32", "elapsed": 0.486841, "delta": 0.003989}}
{"target": -857.8261438692504, "params": {"gamma": 5.190597263013095, "lr": 0.770883910501888}, "datetime": {"datetime": "2024-06-13 21:42:32", "elapsed": 0.489844, "delta": 0.003003}}
{"target": -751.095193558928, "params": {"gamma": 5.689011049056451, "lr": 0.4657098785919809}, "datetime": {"datetime": "2024-06-13 21:42:32", "elapsed": 0.493825, "delta": 0.003981}}
{"target": -852.5546434087414, "params": {"gamma": 3.4275463906248644, "lr": 0.06820934841670412}, "datetime": {"datetime": "2024-06-13 21:42:32", "elapsed": 0.496817, "delta": 0.002992}}
{"target": -937.0428183692329, "params": {"gamma": 3.7798638691016704, "lr": 0.07962607769825236}, "datetime": {"datetime": "2024-06-13 21:42:32", "elapsed": 0.499809, "delta": 0.002992}}
{"target": -1711.260564361466, "params": {"gamma": 9.82818832019072, "lr": 0.18161285133076377}, "datetime": {"datetime": "2024-06-13 21:42:32", "elapsed": 0.503798, "delta": 0.003989}}
{"target": -1393.7140660530804, "params": {"gamma": 8.118775118507678, "lr": 0.8749616449558981}, "datetime": {"datetime": "2024-06-13 21:42:32", "elapsed": 0.50679, "delta": 0.002992}}
{"target": -980.7246020551659, "params": {"gamma": 6.884444110607048, "lr": 0.5694944127453757}, "datetime": {"datetime": "2024-06-13 21:42:32", "elapsed": 0.51078, "delta": 0.00399}}
{"target": -240.87606802711574, "params": {"gamma": 1.610553396719272, "lr": 0.4668800227633063}, "datetime": {"datetime": "2024-06-13 21:42:32", "elapsed": 0.513771, "delta": 0.002991}}
{"target": -565.5124322313409, "params": {"gamma": 3.452375339500995, "lr": 0.2250399578140846}, "datetime": {"datetime": "2024-06-13 21:42:32", "elapsed": 0.517761, "delta": 0.00399}}
{"target": -906.5747486308192, "params": {"gamma": 5.925526175789202, "lr": 0.31226983770191696}, "datetime": {"datetime": "2024-06-13 21:42:32", "elapsed": 0.520753, "delta": 0.002992}}
{"target": -1611.9024646046767, "params": {"gamma": 9.163139229130039, "lr": 0.9096355249515571}, "datetime": {"datetime": "2024-06-13 21:42:32", "elapsed": 0.523745, "delta": 0.002992}}
{"target": -578.30174887179, "params": {"gamma": 2.57192581952818, "lr": 0.1108913007440292}, "datetime": {"datetime": "2024-06-13 21:42:32", "elapsed": 0.527734, "delta": 0.003989}}
{"target": -278.1761504909019, "params": {"gamma": 1.9304343574591094, "lr": 0.49958417067888605}, "datetime": {"datetime": "2024-06-13 21:42:32", "elapsed": 0.530726, "delta": 0.002992}}
{"target": -1162.7243804606924, "params": {"gamma": 7.286128094077989, "lr": 0.20819443840879148}, "datetime": {"datetime": "2024-06-13 21:42:32", "elapsed": 0.534715, "delta": 0.003989}}
{"target": -438.0195832030925, "params": {"gamma": 2.48108755021393, "lr": 0.851671874936367}, "datetime": {"datetime": "2024-06-13 21:42:32", "elapsed": 0.537708, "delta": 0.002993}}
{"target": -623.5065838660742, "params": {"gamma": 4.159071333957006, "lr": 0.6166850671552362}, "datetime": {"datetime": "2024-06-13 21:42:32", "elapsed": 0.5407, "delta": 0.002992}}
{"target": -528.6819216878855, "params": {"gamma": 2.3374277262532615, "lr": 0.10196725942579743}, "datetime": {"datetime": "2024-06-13 21:42:32", "elapsed": 0.544689, "delta": 0.003989}}
{"target": -683.1598485457296, "params": {"gamma": 5.159054312668331, "lr": 0.47714098704978236}, "datetime": {"datetime": "2024-06-13 21:42:32", "elapsed": 0.547681, "delta": 0.002992}}
{"target": -255.42702668790128, "params": {"gamma": 1.5275637692875392, "lr": 0.6218062317404155}, "datetime": {"datetime": "2024-06-13 21:42:32", "elapsed": 0.55167, "delta": 0.003989}}
{"target": -835.7720025220416, "params": {"gamma": 5.440557178020568, "lr": 0.6541373469707443}, "datetime": {"datetime": "2024-06-13 21:42:32", "elapsed": 0.554662, "delta": 0.002992}}
{"target": -267.7311268025056, "params": {"gamma": 1.4463108557064734, "lr": 0.7515278171352439}, "datetime": {"datetime": "2024-06-13 21:42:32", "elapsed": 0.558653, "delta": 0.003991}}
{"target": -333.19417548912065, "params": {"gamma": 2.221269348859427, "lr": 0.519351824366033}, "datetime": {"datetime": "2024-06-13 21:42:32", "elapsed": 0.561644, "delta": 0.002991}}
{"target": -1917.6219080098533, "params": {"gamma": 7.853174986187969, "lr": 0.02233042799180618}, "datetime": {"datetime": "2024-06-13 21:42:32", "elapsed": 0.565633, "delta": 0.003989}}
{"target": -571.5634093152203, "params": {"gamma": 3.2443002348021386, "lr": 0.872922376400111}, "datetime": {"datetime": "2024-06-13 21:42:32", "elapsed": 0.568625, "delta": 0.002992}}
{"target": -1188.0773918563332, "params": {"gamma": 8.447251366413093, "lr": 0.5384405925945437}, "datetime": {"datetime": "2024-06-13 21:42:32", "elapsed": 0.572614, "delta": 0.003989}}
{"target": -1525.4919313625076, "params": {"gamma": 8.666216133390963, "lr": 0.9498059913536265}, "datetime": {"datetime": "2024-06-13 21:42:32", "elapsed": 0.575607, "delta": 0.002993}}
{"target": -1393.5600058503446, "params": {"gamma": 8.264243569295784, "lr": 0.8541154438365387}, "datetime": {"datetime": "2024-06-13 21:42:32", "elapsed": 0.579596, "delta": 0.003989}}
{"target": -194.18186115384736, "params": {"gamma": 0.9883352748016633, "lr": 0.651304332340991}, "datetime": {"datetime": "2024-06-13 21:42:32", "elapsed": 0.582588, "delta": 0.002992}}
{"target": -1041.4705355086207, "params": {"gamma": 7.035466364538378, "lr": 0.6102408126466297}, "datetime": {"datetime": "2024-06-13 21:42:32", "elapsed": 0.586577, "delta": 0.003989}}
{"target": -1952.1232147160842, "params": {"gamma": 7.996353002098545, "lr": 0.03457121987163425}, "datetime": {"datetime": "2024-06-13 21:42:32", "elapsed": 0.589569, "delta": 0.002992}}
{"target": -1274.1280318306299, "params": {"gamma": 7.702617106815245, "lr": 0.731728600739527}, "datetime": {"datetime": "2024-06-13 21:42:32", "elapsed": 0.593558, "delta": 0.003989}}
{"target": -438.99529605402176, "params": {"gamma": 2.5977242345902325, "lr": 0.2570692988221467}, "datetime": {"datetime": "2024-06-13 21:42:32", "elapsed": 0.59655, "delta": 0.002992}}
{"target": -930.6193506428671, "params": {"gamma": 6.323400870983849, "lr": 0.34529746159108154}, "datetime": {"datetime": "2024-06-13 21:42:32", "elapsed": 0.60054, "delta": 0.00399}}
{"target": -1053.1582316863332, "params": {"gamma": 7.966090191394868, "lr": 0.44614623200345727}, "datetime": {"datetime": "2024-06-13 21:42:32", "elapsed": 0.603531, "delta": 0.002991}}
{"target": -1379.7222382856178, "params": {"gamma": 7.827711398426936, "lr": 0.9904717836238407}, "datetime": {"datetime": "2024-06-13 21:42:32", "elapsed": 0.606523, "delta": 0.002992}}
{"target": -611.7132155953223, "params": {"gamma": 3.0031831469994668, "lr": 0.14300582825809938}, "datetime": {"datetime": "2024-06-13 21:42:32", "elapsed": 0.610513, "delta": 0.00399}}
{"target": -1266.429884111547, "params": {"gamma": 9.01318305505639, "lr": 0.5415593788873733}, "datetime": {"datetime": "2024-06-13 21:42:32", "elapsed": 0.613505, "delta": 0.002992}}
{"target": -1485.133910595133, "params": {"gamma": 9.747428968179968, "lr": 0.6366044000018972}, "datetime": {"datetime": "2024-06-13 21:42:32", "elapsed": 0.617494, "delta": 0.003989}}
{"target": -1388.9801233589596, "params": {"gamma": 9.939136333080178, "lr": 0.5460708041429516}, "datetime": {"datetime": "2024-06-13 21:42:32", "elapsed": 0.620486, "delta": 0.002992}}
{"target": -1206.79178091441, "params": {"gamma": 5.264732913121308, "lr": 0.1354279030721699}, "datetime": {"datetime": "2024-06-13 21:42:32", "elapsed": 0.624476, "delta": 0.00399}}
{"target": -883.7486901426884, "params": {"gamma": 3.5576960046678274, "lr": 0.026218567296373285}, "datetime": {"datetime": "2024-06-13 21:42:32", "elapsed": 0.627468, "delta": 0.002992}}
{"target": -292.29464218465796, "params": {"gamma": 1.6047914000169714, "lr": 0.7456371927074961}, "datetime": {"datetime": "2024-06-13 21:42:32", "elapsed": 0.631457, "delta": 0.003989}}
{"target": -134.2062832643418, "params": {"gamma": 0.3049664995979595, "lr": 0.36654309724374434}, "datetime": {"datetime": "2024-06-13 21:42:32", "elapsed": 0.634449, "delta": 0.002992}}
{"target": -1369.9765015775363, "params": {"gamma": 8.623600182127603, "lr": 0.6926777175073543}, "datetime": {"datetime": "2024-06-13 21:42:32", "elapsed": 0.638438, "delta": 0.003989}}
{"target": -1150.6564337014297, "params": {"gamma": 6.90973047851962, "lr": 0.18863680095531088}, "datetime": {"datetime": "2024-06-13 21:42:32", "elapsed": 0.641431, "delta": 0.002993}}
{"target": -671.1411597052515, "params": {"gamma": 4.419600903203486, "lr": 0.5815774073442912}, "datetime": {"datetime": "2024-06-13 21:42:32", "elapsed": 0.645419, "delta": 0.003988}}
{"target": -1572.6435137463973, "params": {"gamma": 9.897527324929388, "lr": 0.20390622523312185}, "datetime": {"datetime": "2024-06-13 21:42:32", "elapsed": 0.648411, "delta": 0.002992}}
{"target": -420.245674360758, "params": {"gamma": 2.478081284721786, "lr": 0.26217308377291193}, "datetime": {"datetime": "2024-06-13 21:42:32", "elapsed": 0.652401, "delta": 0.00399}}
{"target": -984.1841710219021, "params": {"gamma": 7.50197396056663, "lr": 0.4569753274356928}, "datetime": {"datetime": "2024-06-13 21:42:32", "elapsed": 0.655393, "delta": 0.002992}}
{"target": -145.97783288687867, "params": {"gamma": 0.5702374546725388, "lr": 0.5085162406102396}, "datetime": {"datetime": "2024-06-13 21:42:32", "elapsed": 0.659382, "delta": 0.003989}}
{"target": -368.94655650693034, "params": {"gamma": 2.120389686272116, "lr": 0.7986042447602102}, "datetime": {"datetime": "2024-06-13 21:42:32", "elapsed": 0.662374, "delta": 0.002992}}
{"target": -744.056590506573, "params": {"gamma": 2.9740164836912153, "lr": 0.02760601195450363}, "datetime": {"datetime": "2024-06-13 21:42:32", "elapsed": 0.666363, "delta": 0.003989}}
{"target": -1006.2861772016888, "params": {"gamma": 5.934731062196747, "lr": 0.8438404289311888}, "datetime": {"datetime": "2024-06-13 21:42:32", "elapsed": 0.669355, "delta": 0.002992}}
{"target": -640.0117512734744, "params": {"gamma": 3.81078022449808, "lr": 0.7498583107261434}, "datetime": {"datetime": "2024-06-13 21:42:32", "elapsed": 0.672348, "delta": 0.002993}}
{"target": -726.8152790229585, "params": {"gamma": 5.111903641492986, "lr": 0.5409518049621886}, "datetime": {"datetime": "2024-06-13 21:42:32", "elapsed": 0.676337, "delta": 0.003989}}
{"target": -1564.1728021245644, "params": {"gamma": 9.594383776296462, "lr": 0.8039608914986468}, "datetime": {"datetime": "2024-06-13 21:42:32", "elapsed": 0.679329, "delta": 0.002992}}
{"target": -138.1825499955524, "params": {"gamma": 0.3241983431691163, "lr": 0.7093872512312951}, "datetime": {"datetime": "2024-06-13 21:42:32", "elapsed": 0.683318, "delta": 0.003989}}
{"target": -828.5898642025335, "params": {"gamma": 4.650549814153498, "lr": 0.9475489413950998}, "datetime": {"datetime": "2024-06-13 21:42:32", "elapsed": 0.68631, "delta": 0.002992}}
{"target": -379.2979203073412, "params": {"gamma": 2.2151059105005597, "lr": 0.2670720196843658}, "datetime": {"datetime": "2024-06-13 21:42:32", "elapsed": 0.68983, "delta": 0.00352}}
{"target": -159.8452183225265, "params": {"gamma": 0.8156581748077427, "lr": 0.42861882866378653}, "datetime": {"datetime": "2024-06-13 21:42:32", "elapsed": 0.693814, "delta": 0.003984}}
{"target": -206.3966900513295, "params": {"gamma": 1.091078621426664, "lr": 0.6337867606119179}, "datetime": {"datetime": "2024-06-13 21:42:32", "elapsed": 0.696806, "delta": 0.002992}}
{"target": -1276.8028715146334, "params": {"gamma": 8.029829410500005, "lr": 0.6968004961201785}, "datetime": {"datetime": "2024-06-13 21:42:32", "elapsed": 0.700795, "delta": 0.003989}}
{"target": -1123.953184527799, "params": {"gamma": 7.66234759937663, "lr": 0.3424541198435198}, "datetime": {"datetime": "2024-06-13 21:42:32", "elapsed": 0.703786, "delta": 0.002991}}
{"target": -1117.1391111040634, "params": {"gamma": 8.45866897879375, "lr": 0.42876877499944255}, "datetime": {"datetime": "2024-06-13 21:42:32", "elapsed": 0.707777, "delta": 0.003991}}
{"target": -1257.675791541998, "params": {"gamma": 8.240274694252776, "lr": 0.6264961586242938}, "datetime": {"datetime": "2024-06-13 21:42:32", "elapsed": 0.710769, "delta": 0.002992}}
{"target": -381.74673522208246, "params": {"gamma": 1.435087063653779, "lr": 0.07838689985494796}, "datetime": {"datetime": "2024-06-13 21:42:32", "elapsed": 0.714758, "delta": 0.003989}}
{"target": -143.86889364392624, "params": {"gamma": 0.1843080964871599, "lr": 0.06672499763935646}, "datetime": {"datetime": "2024-06-13 21:42:32", "elapsed": 0.71775, "delta": 0.002992}}
{"target": -1008.2134533308326, "params": {"gamma": 4.586379553270611, "lr": 0.11334192276759048}, "datetime": {"datetime": "2024-06-13 21:42:32", "elapsed": 0.721739, "delta": 0.003989}}
{"target": -137.16800144777358, "params": {"gamma": 0.27880570513785086, "lr": 0.7548614813904674}, "datetime": {"datetime": "2024-06-13 21:42:32", "elapsed": 0.724733, "delta": 0.002994}}
{"target": -662.3919986359302, "params": {"gamma": 3.949109954125934, "lr": 0.7469384956075251}, "datetime": {"datetime": "2024-06-13 21:42:32", "elapsed": 0.72872, "delta": 0.003987}}
{"target": -607.2303624941852, "params": {"gamma": 4.52459586263777, "lr": 0.4500867470007611}, "datetime": {"datetime": "2024-06-13 21:42:32", "elapsed": 0.731713, "delta": 0.002993}}
{"target": -634.8238250495109, "params": {"gamma": 4.7812469946715925, "lr": 0.47400392656219403}, "datetime": {"datetime": "2024-06-13 21:42:32", "elapsed": 0.735702, "delta": 0.003989}}
{"target": -1042.9672885222233, "params": {"gamma": 8.031830257799582, "lr": 0.40239251985773583}, "datetime": {"datetime": "2024-06-13 21:42:32", "elapsed": 0.738694, "delta": 0.002992}}
{"target": -2205.295861770071, "params": {"gamma": 9.046956917275887, "lr": 0.037061047954035864}, "datetime": {"datetime": "2024-06-13 21:42:32", "elapsed": 0.741686, "delta": 0.002992}}
{"target": -1765.6996691978088, "params": {"gamma": 7.738969552861467, "lr": 0.12564138113773882}, "datetime": {"datetime": "2024-06-13 21:42:32", "elapsed": 0.745675, "delta": 0.003989}}
{"target": -1515.8281975060247, "params": {"gamma": 6.185517155553943, "lr": 0.010364261335231939}, "datetime": {"datetime": "2024-06-13 21:42:32", "elapsed": 0.748667, "delta": 0.002992}}
{"target": -1323.4576670132312, "params": {"gamma": 5.386734198480894, "lr": 0.0030179566195963625}, "datetime": {"datetime": "2024-06-13 21:42:32", "elapsed": 0.752656, "delta": 0.003989}}
{"target": -1675.231252760212, "params": {"gamma": 9.511986661116556, "lr": 0.905402033702778}, "datetime": {"datetime": "2024-06-13 21:42:32", "elapsed": 0.755648, "delta": 0.002992}}
{"target": -1402.6939137254733, "params": {"gamma": 7.959873452480752, "lr": 0.9152743199147875}, "datetime": {"datetime": "2024-06-13 21:42:32", "elapsed": 0.759638, "delta": 0.00399}}
{"target": -321.09728048569195, "params": {"gamma": 1.4564367533528122, "lr": 0.15773006987053328}, "datetime": {"datetime": "2024-06-13 21:42:32", "elapsed": 0.76263, "delta": 0.002992}}
{"target": -301.47316674395995, "params": {"gamma": 1.8771290973514374, "lr": 0.6224959022999211}, "datetime": {"datetime": "2024-06-13 21:42:32", "elapsed": 0.766619, "delta": 0.003989}}
{"target": -1593.651441705626, "params": {"gamma": 9.05818915058701, "lr": 0.9899551783590737}, "datetime": {"datetime": "2024-06-13 21:42:32", "elapsed": 0.769611, "delta": 0.002992}}
{"target": -1177.560472004665, "params": {"gamma": 7.111513465199394, "lr": 0.7318004091422953}, "datetime": {"datetime": "2024-06-13 21:42:32", "elapsed": 0.7736, "delta": 0.003989}}
{"target": -1178.1861478224137, "params": {"gamma": 9.093022752238, "lr": 0.4008737323711209}, "datetime": {"datetime": "2024-06-13 21:42:32", "elapsed": 0.776592, "delta": 0.002992}}
{"target": -455.9367158878046, "params": {"gamma": 2.4992569515701426, "lr": 0.17343017078712286}, "datetime": {"datetime": "2024-06-13 21:42:32", "elapsed": 0.780582, "delta": 0.00399}}
{"target": -232.52327618477963, "params": {"gamma": 1.1954510462869563, "lr": 0.8126105880328287}, "datetime": {"datetime": "2024-06-13 21:42:32", "elapsed": 0.783573, "delta": 0.002991}}
{"target": -266.50445316204997, "params": {"gamma": 1.4687769417990144, "lr": 0.2642974827269007}, "datetime": {"datetime": "2024-06-13 21:42:32", "elapsed": 0.787563, "delta": 0.00399}}
{"target": -1247.358595629971, "params": {"gamma": 8.191072697156674, "lr": 0.31058725179421}, "datetime": {"datetime": "2024-06-13 21:42:32", "elapsed": 0.791002, "delta": 0.003439}}
{"target": -1598.3476611022425, "params": {"gamma": 9.824192075480136, "lr": 0.2666387021516352}, "datetime": {"datetime": "2024-06-13 21:42:32", "elapsed": 0.793986, "delta": 0.002984}}
