{"target": -102.57038493099215, "params": {"gamma": 1.264869878828172, "prior": 1.6789414470054012, "rate": 9.975232278321851}, "datetime": {"datetime": "2024-06-14 05:04:55", "elapsed": 651.233598, "delta": 41.166556}}
{"target": -110.0535730141062, "params": {"gamma": 0.9372159923044712, "prior": 6.142883547793562, "rate": 9.993436553525951}, "datetime": {"datetime": "2024-06-14 05:05:21", "elapsed": 677.278547, "delta": 26.044949}}
{"target": -101.82847211715776, "params": {"gamma": 1.1653294852561455, "prior": 1.6290588967820254, "rate": 7.773082679972423}, "datetime": {"datetime": "2024-06-14 05:05:54", "elapsed": 709.881273, "delta": 32.602726}}
{"target": -107.99976255135694, "params": {"gamma": 1.5048630642786025, "prior": 0.10000001828078138, "rate": 1.2455381549160334}, "datetime": {"datetime": "2024-06-14 05:06:20", "elapsed": 735.632555, "delta": 25.751282}}
{"target": -102.27025308034472, "params": {"gamma": 0.976117333376144, "prior": 1.5361605423450289, "rate": 6.34237616979661}, "datetime": {"datetime": "2024-06-14 05:06:38", "elapsed": 753.755636, "delta": 18.123081}}
