{"target": -184.0048177131633, "params": {"gamma": 3.622798839194582, "prior": 8.091186697583844, "rate": 0.3607736956187603}, "datetime": {"datetime": "2024-06-14 18:10:35", "elapsed": 7.192363, "delta": 0.009523}}
{"target": -175.26732344299748, "params": {"gamma": 3.584594051008626, "prior": 6.41895351934156, "rate": 1.4308980910737081}, "datetime": {"datetime": "2024-06-14 18:10:35", "elapsed": 7.201328, "delta": 0.008965}}
{"target": -326.6320515219726, "params": {"gamma": 8.577528406499894, "prior": 6.491087641906984, "rate": 1.1538189613747907}, "datetime": {"datetime": "2024-06-14 18:10:35", "elapsed": 7.20985, "delta": 0.008522}}
{"target": -140.06818036460857, "params": {"gamma": 2.081766002579473, "prior": 7.48043347440683, "rate": 4.034662876713395}, "datetime": {"datetime": "2024-06-14 18:10:35", "elapsed": 7.219823, "delta": 0.009973}}
{"target": -210.47144343038553, "params": {"gamma": 4.84521613942412, "prior": 8.885805272920003, "rate": 1.3752980526926846}, "datetime": {"datetime": "2024-06-14 18:10:35", "elapsed": 7.228799, "delta": 0.008976}}
{"target": -415.6749220983292, "params": {"gamma": 9.64376360106379, "prior": 0.5220338497861409, "rate": 0.9953031322915933}, "datetime": {"datetime": "2024-06-14 18:10:35", "elapsed": 7.237775, "delta": 0.008976}}
{"target": -142.66536970589863, "params": {"gamma": 2.2331610709734946, "prior": 8.08519231437909, "rate": 4.559272200887655}, "datetime": {"datetime": "2024-06-14 18:10:35", "elapsed": 7.246751, "delta": 0.008976}}
{"target": -283.5589631834185, "params": {"gamma": 6.5328581714709335, "prior": 1.8257792614463888, "rate": 1.668052607332356}, "datetime": {"datetime": "2024-06-14 18:10:35", "elapsed": 7.256316, "delta": 0.009565}}
{"target": -230.11681087908835, "params": {"gamma": 5.208962557197339, "prior": 7.428906989274194, "rate": 4.62528217768507}, "datetime": {"datetime": "2024-06-14 18:10:35", "elapsed": 7.265292, "delta": 0.008976}}
{"target": -348.7938581283152, "params": {"gamma": 8.696271237126007, "prior": 6.638078153239339, "rate": 2.4916517944308763}, "datetime": {"datetime": "2024-06-14 18:10:35", "elapsed": 7.274268, "delta": 0.008976}}
{"target": -147.7840709888822, "params": {"gamma": 2.3497873058002465, "prior": 3.8030624969839892, "rate": 7.566403946905877}, "datetime": {"datetime": "2024-06-14 18:10:35", "elapsed": 7.283244, "delta": 0.008976}}
{"target": -367.5267413745008, "params": {"gamma": 9.379438705433513, "prior": 8.632869393256446, "rate": 2.6168463160365345}, "datetime": {"datetime": "2024-06-14 18:10:35", "elapsed": 7.293217, "delta": 0.009973}}
{"target": -195.58585120147148, "params": {"gamma": 4.12337700085772, "prior": 6.154286584558183, "rate": 5.468797723702268}, "datetime": {"datetime": "2024-06-14 18:10:35", "elapsed": 7.303191, "delta": 0.009974}}
{"target": -201.0995125051306, "params": {"gamma": 3.893360179144248, "prior": 1.1040656911246396, "rate": 7.122735799168159}, "datetime": {"datetime": "2024-06-14 18:10:35", "elapsed": 7.312167, "delta": 0.008976}}
{"target": -129.9838374292844, "params": {"gamma": 0.8822635040904132, "prior": 8.674166550799823, "rate": 8.634620954886014}, "datetime": {"datetime": "2024-06-14 18:10:35", "elapsed": 7.321142, "delta": 0.008975}}
{"target": -310.15662136321725, "params": {"gamma": 7.084799464362212, "prior": 4.915603280696092, "rate": 6.991766507563753}, "datetime": {"datetime": "2024-06-14 18:10:35", "elapsed": 7.330118, "delta": 0.008976}}
{"target": -190.56470263107596, "params": {"gamma": 3.950475613957549, "prior": 7.995210244504152, "rate": 7.864384405716199}, "datetime": {"datetime": "2024-06-14 18:10:35", "elapsed": 7.339094, "delta": 0.008976}}
{"target": -132.22180739768152, "params": {"gamma": 1.5561303101523432, "prior": 3.246393748470918, "rate": 3.4404877846831172}, "datetime": {"datetime": "2024-06-14 18:10:35", "elapsed": 7.349068, "delta": 0.009974}}
{"target": -181.84923576855107, "params": {"gamma": 3.6423388162366046, "prior": 5.709791011210197, "rate": 0.4178327377603575}, "datetime": {"datetime": "2024-06-14 18:10:35", "elapsed": 7.358044, "delta": 0.008976}}
{"target": -295.62625826495855, "params": {"gamma": 6.600037219920028, "prior": 2.09615441466068, "rate": 4.165209099174909}, "datetime": {"datetime": "2024-06-14 18:10:35", "elapsed": 7.36702, "delta": 0.008976}}
{"target": -210.33815569217495, "params": {"gamma": 4.5094756723505, "prior": 3.552395018521695, "rate": 3.8334198209699974}, "datetime": {"datetime": "2024-06-14 18:10:35", "elapsed": 7.375997, "delta": 0.008977}}
{"target": -138.83078445482332, "params": {"gamma": 1.8038803024167458, "prior": 0.7744875682013366, "rate": 5.513015232709581}, "datetime": {"datetime": "2024-06-14 18:10:35", "elapsed": 7.38597, "delta": 0.009973}}
{"target": -267.2955672893125, "params": {"gamma": 5.959073589220895, "prior": 1.5404479132949174, "rate": 2.310186141512919}, "datetime": {"datetime": "2024-06-14 18:10:35", "elapsed": 7.39588, "delta": 0.00991}}
{"target": -158.6919529622492, "params": {"gamma": 2.864484938242287, "prior": 8.324438532353815, "rate": 1.535055990682961}, "datetime": {"datetime": "2024-06-14 18:10:35", "elapsed": 7.410841, "delta": 0.014961}}
{"target": -240.88255068719837, "params": {"gamma": 5.521835936727261, "prior": 5.724583205152705, "rate": 3.434857510993614}, "datetime": {"datetime": "2024-06-14 18:10:35", "elapsed": 7.419816, "delta": 0.008975}}
{"target": -173.85193381147755, "params": {"gamma": 3.5068212758802293, "prior": 9.595208973440103, "rate": 5.533886150645748}, "datetime": {"datetime": "2024-06-14 18:10:35", "elapsed": 7.429789, "delta": 0.009973}}
{"target": -287.42068435138407, "params": {"gamma": 6.527659277808647, "prior": 4.958327152799692, "rate": 6.466853166736234}, "datetime": {"datetime": "2024-06-14 18:10:35", "elapsed": 7.438765, "delta": 0.008976}}
{"target": -275.6329391163988, "params": {"gamma": 6.052902604285114, "prior": 1.5372155999089467, "rate": 3.3474706483130476}, "datetime": {"datetime": "2024-06-14 18:10:35", "elapsed": 7.448738, "delta": 0.009973}}
{"target": -222.90484099794713, "params": {"gamma": 4.604879500595876, "prior": 1.3654344499032103, "rate": 3.6313701627213772}, "datetime": {"datetime": "2024-06-14 18:10:35", "elapsed": 7.457714, "delta": 0.008976}}
{"target": -144.16450059462406, "params": {"gamma": 2.2821882012949293, "prior": 8.49027576247698, "rate": 3.4153993261329654}, "datetime": {"datetime": "2024-06-14 18:10:35", "elapsed": 7.46669, "delta": 0.008976}}
{"target": -145.1022790408571, "params": {"gamma": 2.268666417341983, "prior": 4.140995888237594, "rate": 6.830957412174848}, "datetime": {"datetime": "2024-06-14 18:10:35", "elapsed": 7.476664, "delta": 0.009974}}
{"target": -130.0485662393899, "params": {"gamma": 0.657154367615287, "prior": 1.889219214669599, "rate": 6.943375082298363}, "datetime": {"datetime": "2024-06-14 18:10:35", "elapsed": 7.48564, "delta": 0.008976}}
{"target": -327.2468803898541, "params": {"gamma": 7.522813791436128, "prior": 6.215767368139672, "rate": 8.792106406805418}, "datetime": {"datetime": "2024-06-14 18:10:35", "elapsed": 7.495614, "delta": 0.009974}}
{"target": -133.87759891828472, "params": {"gamma": 1.6888331005858586, "prior": 7.065122548794142, "rate": 9.172684330641006}, "datetime": {"datetime": "2024-06-14 18:10:35", "elapsed": 7.504589, "delta": 0.008975}}
{"target": -132.1805824975519, "params": {"gamma": 1.508245851371479, "prior": 2.5132633762221936, "rate": 5.467299036335953}, "datetime": {"datetime": "2024-06-14 18:10:35", "elapsed": 7.514563, "delta": 0.009974}}
{"target": -176.2073312046579, "params": {"gamma": 3.441849250422999, "prior": 6.937326899745702, "rate": 0.5766186166326498}, "datetime": {"datetime": "2024-06-14 18:10:35", "elapsed": 7.523538, "delta": 0.008975}}
{"target": -132.87170156914215, "params": {"gamma": 1.6084806590922747, "prior": 7.190759234148253, "rate": 9.706216365641005}, "datetime": {"datetime": "2024-06-14 18:10:35", "elapsed": 7.533512, "delta": 0.009974}}
{"target": -345.87592536972073, "params": {"gamma": 9.295574214746894, "prior": 9.020563234885856, "rate": 1.2783053957220292}, "datetime": {"datetime": "2024-06-14 18:10:35", "elapsed": 7.542488, "delta": 0.008976}}
{"target": -132.9690149439836, "params": {"gamma": 1.4601432517979631, "prior": 0.8154210924672393, "rate": 5.425859791214765}, "datetime": {"datetime": "2024-06-14 18:10:35", "elapsed": 7.551464, "delta": 0.008976}}
{"target": -379.17792773370843, "params": {"gamma": 8.824979242850812, "prior": 5.364739810662196, "rate": 7.817371138674004}, "datetime": {"datetime": "2024-06-14 18:10:35", "elapsed": 7.56044, "delta": 0.008976}}
{"target": -140.37186507855282, "params": {"gamma": 1.8853494153257044, "prior": 8.644801475646716, "rate": 1.8750602824827893}, "datetime": {"datetime": "2024-06-14 18:10:35", "elapsed": 7.570413, "delta": 0.009973}}
{"target": -132.42893802417203, "params": {"gamma": 0.548586496539166, "prior": 4.2727610032381715, "rate": 5.551489195654376}, "datetime": {"datetime": "2024-06-14 18:10:35", "elapsed": 7.579389, "delta": 0.008976}}
{"target": -424.7053371975201, "params": {"gamma": 9.707449353204424, "prior": 1.0083629510677956, "rate": 2.7399070142023203}, "datetime": {"datetime": "2024-06-14 18:10:35", "elapsed": 7.588365, "delta": 0.008976}}
{"target": -130.2938504400436, "params": {"gamma": 1.0519655837514126, "prior": 3.9653524037024024, "rate": 2.890821820794509}, "datetime": {"datetime": "2024-06-14 18:10:35", "elapsed": 7.598338, "delta": 0.009973}}
{"target": -242.5953628423899, "params": {"gamma": 5.133490194329599, "prior": 3.547741149332395, "rate": 9.28235195448276}, "datetime": {"datetime": "2024-06-14 18:10:35", "elapsed": 7.607314, "delta": 0.008976}}
{"target": -302.5199044307137, "params": {"gamma": 7.8996880160340215, "prior": 8.624012549278358, "rate": 1.2958799584830156}, "datetime": {"datetime": "2024-06-14 18:10:35", "elapsed": 7.616291, "delta": 0.008977}}
{"target": -270.4250104781378, "params": {"gamma": 5.751126599720151, "prior": 2.2263471052601016, "rate": 8.682517475837448}, "datetime": {"datetime": "2024-06-14 18:10:35", "elapsed": 7.626264, "delta": 0.009973}}
{"target": -139.83976573552965, "params": {"gamma": 0.15117919811248737, "prior": 1.1468677297875165, "rate": 3.761194698397609}, "datetime": {"datetime": "2024-06-14 18:10:35", "elapsed": 7.63524, "delta": 0.008976}}
{"target": -187.30230692585522, "params": {"gamma": 4.021536967025843, "prior": 2.8444788214889583, "rate": 0.9615339246006319}, "datetime": {"datetime": "2024-06-14 18:10:35", "elapsed": 7.644216, "delta": 0.008976}}
{"target": -129.51639455772795, "params": {"gamma": 1.1881853207208233, "prior": 3.2476530630886056, "rate": 9.507977547943128}, "datetime": {"datetime": "2024-06-14 18:10:35", "elapsed": 7.654189, "delta": 0.009973}}
{"target": -141.13489013594483, "params": {"gamma": 2.0748582416284203, "prior": 7.498075178486302, "rate": 2.5826284514108324}, "datetime": {"datetime": "2024-06-14 18:10:35", "elapsed": 7.664163, "delta": 0.009974}}
{"target": -133.95035069969757, "params": {"gamma": 0.37336531585223737, "prior": 0.2589168707539145, "rate": 1.5279066058805837}, "datetime": {"datetime": "2024-06-14 18:10:35", "elapsed": 7.673139, "delta": 0.008976}}
{"target": -213.2977788448919, "params": {"gamma": 4.621379845784425, "prior": 7.58342086562427, "rate": 7.2884205045195944}, "datetime": {"datetime": "2024-06-14 18:10:35", "elapsed": 7.682114, "delta": 0.008975}}
{"target": -180.73301321283856, "params": {"gamma": 3.524542035387884, "prior": 4.843478859752845, "rate": 8.140923460003277}, "datetime": {"datetime": "2024-06-14 18:10:35", "elapsed": 7.69109, "delta": 0.008976}}
{"target": -321.21894490011016, "params": {"gamma": 8.384190660883412, "prior": 3.2671753341380563, "rate": 0.043645919052664246}, "datetime": {"datetime": "2024-06-14 18:10:35", "elapsed": 7.708045, "delta": 0.016955}}
{"target": -136.2112568287553, "params": {"gamma": 0.4702615014191002, "prior": 7.404293038279442, "rate": 2.7270501784440078}, "datetime": {"datetime": "2024-06-14 18:10:35", "elapsed": 7.718019, "delta": 0.009974}}
{"target": -234.52551632946253, "params": {"gamma": 4.815376636054336, "prior": 2.0011095337083287, "rate": 8.471282047905861}, "datetime": {"datetime": "2024-06-14 18:10:35", "elapsed": 7.726995, "delta": 0.008976}}
{"target": -222.64034619458872, "params": {"gamma": 5.034272718755895, "prior": 5.318885739650387, "rate": 2.881507801269463}, "datetime": {"datetime": "2024-06-14 18:10:35", "elapsed": 7.736968, "delta": 0.009973}}
{"target": -241.45741425773159, "params": {"gamma": 5.120480307408566, "prior": 0.1194400892869483, "rate": 2.7736731083917574}, "datetime": {"datetime": "2024-06-14 18:10:35", "elapsed": 7.745944, "delta": 0.008976}}
{"target": -172.32722386394002, "params": {"gamma": 3.488281072400821, "prior": 2.9111137742614566, "rate": 0.8604363235466009}, "datetime": {"datetime": "2024-06-14 18:10:35", "elapsed": 7.75492, "delta": 0.008976}}
{"target": -236.84773964817975, "params": {"gamma": 5.2182903111313514, "prior": 7.9059434203978, "rate": 9.426041757646109}, "datetime": {"datetime": "2024-06-14 18:10:35", "elapsed": 7.763896, "delta": 0.008976}}
{"target": -219.5721621781619, "params": {"gamma": 4.973400631374519, "prior": 5.9781631977188905, "rate": 2.9093085181668954}, "datetime": {"datetime": "2024-06-14 18:10:35", "elapsed": 7.772872, "delta": 0.008976}}
{"target": -133.23380502155828, "params": {"gamma": 1.492445929692968, "prior": 1.4055297382115668, "rate": 7.323875397919708}, "datetime": {"datetime": "2024-06-14 18:10:35", "elapsed": 7.782846, "delta": 0.009974}}
{"target": -326.4421800951419, "params": {"gamma": 7.344959884063995, "prior": 1.8755651647026885, "rate": 4.136190237378143}, "datetime": {"datetime": "2024-06-14 18:10:35", "elapsed": 7.791821, "delta": 0.008975}}
{"target": -279.59331314787505, "params": {"gamma": 5.941849134587504, "prior": 1.3402912672428726, "rate": 7.85390412973879}, "datetime": {"datetime": "2024-06-14 18:10:36", "elapsed": 7.800797, "delta": 0.008976}}
{"target": -273.17838516254903, "params": {"gamma": 6.20030204099907, "prior": 6.190694745933699, "rate": 7.012379711094405}, "datetime": {"datetime": "2024-06-14 18:10:36", "elapsed": 7.8108, "delta": 0.010003}}
{"target": -421.598913332069, "params": {"gamma": 9.871843637581678, "prior": 5.667705113976064, "rate": 8.644298200721781}, "datetime": {"datetime": "2024-06-14 18:10:36", "elapsed": 7.819777, "delta": 0.008977}}
{"target": -201.53724433260922, "params": {"gamma": 4.187668041896602, "prior": 6.5792465771516, "rate": 9.252686617399803}, "datetime": {"datetime": "2024-06-14 18:10:36", "elapsed": 7.828722, "delta": 0.008945}}
{"target": -297.3455065186822, "params": {"gamma": 6.64184400562511, "prior": 3.1004986918363557, "rate": 6.199836992922438}, "datetime": {"datetime": "2024-06-14 18:10:36", "elapsed": 7.838696, "delta": 0.009974}}
{"target": -181.17019176407922, "params": {"gamma": 3.5138318852615673, "prior": 3.2914300838307535, "rate": 6.102440382404956}, "datetime": {"datetime": "2024-06-14 18:10:36", "elapsed": 7.847672, "delta": 0.008976}}
{"target": -133.22131433975167, "params": {"gamma": 1.6040719966518822, "prior": 4.918715464001758, "rate": 9.456397215578926}, "datetime": {"datetime": "2024-06-14 18:10:36", "elapsed": 7.856648, "delta": 0.008976}}
{"target": -194.31694662594902, "params": {"gamma": 3.839758505543401, "prior": 1.9707296731335333, "rate": 4.688920657472168}, "datetime": {"datetime": "2024-06-14 18:10:36", "elapsed": 7.865624, "delta": 0.008976}}
{"target": -357.6943807133371, "params": {"gamma": 8.409237406703872, "prior": 8.442410453690822, "rate": 8.278204591352763}, "datetime": {"datetime": "2024-06-14 18:10:36", "elapsed": 7.8746, "delta": 0.008976}}
{"target": -140.88957200330216, "params": {"gamma": 0.11574365054552785, "prior": 2.7436990682901228, "rate": 9.99875799995505}, "datetime": {"datetime": "2024-06-14 18:10:36", "elapsed": 7.884573, "delta": 0.009973}}
{"target": -129.38228188612499, "params": {"gamma": 1.1977130886476726, "prior": 4.951886011267569, "rate": 7.900471479876251}, "datetime": {"datetime": "2024-06-14 18:10:36", "elapsed": 7.893549, "delta": 0.008976}}
{"target": -130.49392882051242, "params": {"gamma": 1.223016887028468, "prior": 6.657850888843354, "rate": 4.881316374767721}, "datetime": {"datetime": "2024-06-14 18:10:36", "elapsed": 7.902525, "delta": 0.008976}}
{"target": -141.3887623662413, "params": {"gamma": 1.9437055308797813, "prior": 8.798437263168932, "rate": 1.8156924881797458}, "datetime": {"datetime": "2024-06-14 18:10:36", "elapsed": 7.911501, "delta": 0.008976}}
{"target": -275.8531621777094, "params": {"gamma": 6.390889540088459, "prior": 7.434186094159498, "rate": 5.6271661930456895}, "datetime": {"datetime": "2024-06-14 18:10:36", "elapsed": 7.921474, "delta": 0.009973}}
{"target": -286.1951067059467, "params": {"gamma": 6.288786844403314, "prior": 1.2777574265578442, "rate": 3.0810618335582585}, "datetime": {"datetime": "2024-06-14 18:10:36", "elapsed": 7.93045, "delta": 0.008976}}
{"target": -265.03748119199673, "params": {"gamma": 5.870035110089563, "prior": 4.015090791444363, "rate": 6.639796868246575}, "datetime": {"datetime": "2024-06-14 18:10:36", "elapsed": 7.939426, "delta": 0.008976}}
{"target": -383.47302257389424, "params": {"gamma": 8.519694493398179, "prior": 1.9831986841906173, "rate": 9.032823736002479}, "datetime": {"datetime": "2024-06-14 18:10:36", "elapsed": 7.948403, "delta": 0.008977}}
{"target": -184.2413495341406, "params": {"gamma": 3.8323753284605018, "prior": 9.43693087420972, "rate": 6.174205747936627}, "datetime": {"datetime": "2024-06-14 18:10:36", "elapsed": 7.957407, "delta": 0.009004}}
{"target": -338.13499169129926, "params": {"gamma": 7.901165115937855, "prior": 5.1962767408949375, "rate": 5.311915799238696}, "datetime": {"datetime": "2024-06-14 18:10:36", "elapsed": 7.967352, "delta": 0.009945}}
{"target": -176.5390136223151, "params": {"gamma": 3.276611393760953, "prior": 1.3807106015508195, "rate": 3.8388352966923764}, "datetime": {"datetime": "2024-06-14 18:10:36", "elapsed": 7.976328, "delta": 0.008976}}
{"target": -146.43426441133764, "params": {"gamma": 2.1505498314359848, "prior": 0.4253660332309741, "rate": 2.7495934114227696}, "datetime": {"datetime": "2024-06-14 18:10:36", "elapsed": 7.985304, "delta": 0.008976}}
{"target": -143.23193955038485, "params": {"gamma": 1.8065799506159026, "prior": 8.767750118877416, "rate": 0.8132843877516185}, "datetime": {"datetime": "2024-06-14 18:10:36", "elapsed": 7.99428, "delta": 0.008976}}
{"target": -136.1134942634855, "params": {"gamma": 1.8397720952197505, "prior": 7.069903885809709, "rate": 9.192339684311714}, "datetime": {"datetime": "2024-06-14 18:10:36", "elapsed": 8.004253, "delta": 0.009973}}
{"target": -155.6829773109429, "params": {"gamma": 2.515333063867109, "prior": 0.3108812014676776, "rate": 9.605084223078242}, "datetime": {"datetime": "2024-06-14 18:10:36", "elapsed": 8.013229, "delta": 0.008976}}
{"target": -300.4976785574738, "params": {"gamma": 6.8225241840990325, "prior": 3.175560691032173, "rate": 4.724262048710183}, "datetime": {"datetime": "2024-06-14 18:10:36", "elapsed": 8.022205, "delta": 0.008976}}
{"target": -274.0499387777084, "params": {"gamma": 5.992959482913756, "prior": 3.801298863446888, "rate": 8.74500347841515}, "datetime": {"datetime": "2024-06-14 18:10:36", "elapsed": 8.031181, "delta": 0.008976}}
{"target": -296.09801569529566, "params": {"gamma": 7.261999710487967, "prior": 9.547972975779691, "rate": 3.5113041629592687}, "datetime": {"datetime": "2024-06-14 18:10:36", "elapsed": 8.041154, "delta": 0.009973}}
{"target": -399.7338104956554, "params": {"gamma": 9.37180371312909, "prior": 4.843095684834866, "rate": 6.423584063846066}, "datetime": {"datetime": "2024-06-14 18:10:36", "elapsed": 8.05013, "delta": 0.008976}}
{"target": -305.5835756061767, "params": {"gamma": 7.36673540034412, "prior": 8.112445893156233, "rate": 3.963197413459656}, "datetime": {"datetime": "2024-06-14 18:10:36", "elapsed": 8.059135, "delta": 0.009005}}
{"target": -207.60339729773503, "params": {"gamma": 4.480011839169197, "prior": 8.191042558516232, "rate": 7.175854473706459}, "datetime": {"datetime": "2024-06-14 18:10:36", "elapsed": 8.068082, "delta": 0.008947}}
{"target": -354.5668450182225, "params": {"gamma": 9.408551244537064, "prior": 9.798018927036628, "rate": 1.7899544503221003}, "datetime": {"datetime": "2024-06-14 18:10:36", "elapsed": 8.078056, "delta": 0.009974}}
{"target": -143.92654832050462, "params": {"gamma": 2.2799661987157394, "prior": 7.188265828062564, "rate": 7.474079963807781}, "datetime": {"datetime": "2024-06-14 18:10:36", "elapsed": 8.087032, "delta": 0.008976}}
{"target": -249.74782099608154, "params": {"gamma": 6.032192362771022, "prior": 8.785267665792963, "rate": 2.5206526306452743}, "datetime": {"datetime": "2024-06-14 18:10:36", "elapsed": 8.096008, "delta": 0.008976}}
{"target": -170.9450746445976, "params": {"gamma": 3.3955344555736273, "prior": 4.997003796258398, "rate": 3.150955862596707}, "datetime": {"datetime": "2024-06-14 18:10:36", "elapsed": 8.104984, "delta": 0.008976}}
{"target": -231.85680998364631, "params": {"gamma": 5.454845454328703, "prior": 6.856532985049649, "rate": 2.2044486446357947}, "datetime": {"datetime": "2024-06-14 18:10:36", "elapsed": 8.114957, "delta": 0.009973}}
{"target": -212.58538956282698, "params": {"gamma": 4.853889202229838, "prior": 9.930515440611035, "rate": 3.242288870509168}, "datetime": {"datetime": "2024-06-14 18:10:36", "elapsed": 8.123934, "delta": 0.008977}}
{"target": -136.94904892357428, "params": {"gamma": 0.35458383299364826, "prior": 8.19178211991173, "rate": 5.033564529213024}, "datetime": {"datetime": "2024-06-14 18:10:36", "elapsed": 8.133907, "delta": 0.009973}}
