{"target": -778.6625935317475, "params": {"gamma": 8.199874253028593, "lr": 0.46781804781537173}, "datetime": {"datetime": "2024-06-13 19:12:00", "elapsed": 6.333374, "delta": 0.003989}}
{"target": -419.80468839754315, "params": {"gamma": 4.275493453510745, "lr": 0.4010683054344961}, "datetime": {"datetime": "2024-06-13 19:12:00", "elapsed": 6.338361, "delta": 0.004987}}
{"target": -771.3331978089922, "params": {"gamma": 5.822568206350932, "lr": 0.7289706693761112}, "datetime": {"datetime": "2024-06-13 19:12:00", "elapsed": 6.34235, "delta": 0.003989}}
{"target": -846.677384021392, "params": {"gamma": 7.843135731493912, "lr": 0.6547991875604179}, "datetime": {"datetime": "2024-06-13 19:12:00", "elapsed": 6.347336, "delta": 0.004986}}
{"target": -546.2199163026812, "params": {"gamma": 5.625099180595456, "lr": 0.412392608220297}, "datetime": {"datetime": "2024-06-13 19:12:00", "elapsed": 6.351326, "delta": 0.00399}}
{"target": -351.55417450540716, "params": {"gamma": 3.1998307053765016, "lr": 0.2862477928261852}, "datetime": {"datetime": "2024-06-13 19:12:00", "elapsed": 6.356313, "delta": 0.004987}}
{"target": -405.22604424283884, "params": {"gamma": 2.9624710073123492, "lr": 0.6827528661644432}, "datetime": {"datetime": "2024-06-13 19:12:00", "elapsed": 6.360302, "delta": 0.003989}}
{"target": -826.867963920547, "params": {"gamma": 7.624649380413635, "lr": 0.5976197869899762}, "datetime": {"datetime": "2024-06-13 19:12:00", "elapsed": 6.365289, "delta": 0.004987}}
{"target": -325.5303337193158, "params": {"gamma": 2.229416058643355, "lr": 0.1943950205047229}, "datetime": {"datetime": "2024-06-13 19:12:00", "elapsed": 6.369278, "delta": 0.003989}}
{"target": -1254.1023585770463, "params": {"gamma": 7.657095501588769, "lr": 0.9786938189750454}, "datetime": {"datetime": "2024-06-13 19:12:00", "elapsed": 6.374264, "delta": 0.004986}}
{"target": -133.41167079798834, "params": {"gamma": 0.1600837059640327, "lr": 0.24889814198257976}, "datetime": {"datetime": "2024-06-13 19:12:00", "elapsed": 6.378253, "delta": 0.003989}}
{"target": -1040.6438045857983, "params": {"gamma": 7.923336404835708, "lr": 0.7191652977533548}, "datetime": {"datetime": "2024-06-13 19:12:01", "elapsed": 6.383241, "delta": 0.004988}}
{"target": -277.86832589406526, "params": {"gamma": 2.4605535974366086, "lr": 0.5548923810758453}, "datetime": {"datetime": "2024-06-13 19:12:01", "elapsed": 6.388227, "delta": 0.004986}}
{"target": -775.6468907460749, "params": {"gamma": 5.856272355196109, "lr": 0.7213842766472296}, "datetime": {"datetime": "2024-06-13 19:12:01", "elapsed": 6.392217, "delta": 0.00399}}
{"target": -453.57266074879055, "params": {"gamma": 4.637273438415798, "lr": 0.40484847152272274}, "datetime": {"datetime": "2024-06-13 19:12:01", "elapsed": 6.396206, "delta": 0.003989}}
{"target": -387.05647760270097, "params": {"gamma": 3.080786698738075, "lr": 0.23830890840682273}, "datetime": {"datetime": "2024-06-13 19:12:01", "elapsed": 6.401193, "delta": 0.004987}}
{"target": -152.544725050552, "params": {"gamma": 0.925941078147889, "lr": 0.6458833874176423}, "datetime": {"datetime": "2024-06-13 19:12:01", "elapsed": 6.406179, "delta": 0.004986}}
{"target": -877.8962365137331, "params": {"gamma": 6.696034914953822, "lr": 0.6873434739168471}, "datetime": {"datetime": "2024-06-13 19:12:01", "elapsed": 6.410169, "delta": 0.00399}}
{"target": -141.92580685804515, "params": {"gamma": 0.03245405892326011, "lr": 0.43825303252098613}, "datetime": {"datetime": "2024-06-13 19:12:01", "elapsed": 6.414158, "delta": 0.003989}}
{"target": -171.26881266680417, "params": {"gamma": 1.22641109574872, "lr": 0.5266093357063074}, "datetime": {"datetime": "2024-06-13 19:12:01", "elapsed": 6.419145, "delta": 0.004987}}
{"target": -927.1575153974487, "params": {"gamma": 9.797416469397842, "lr": 0.4992770109633381}, "datetime": {"datetime": "2024-06-13 19:12:01", "elapsed": 6.423134, "delta": 0.003989}}
{"target": -549.5997770021986, "params": {"gamma": 3.747125142755934, "lr": 0.8138399923945955}, "datetime": {"datetime": "2024-06-13 19:12:01", "elapsed": 6.428121, "delta": 0.004987}}
{"target": -1019.4854707617139, "params": {"gamma": 9.68204618100875, "lr": 0.28712337752879535}, "datetime": {"datetime": "2024-06-13 19:12:01", "elapsed": 6.432113, "delta": 0.003992}}
{"target": -1314.329156918974, "params": {"gamma": 8.030197397425262, "lr": 0.9961414373632698}, "datetime": {"datetime": "2024-06-13 19:12:01", "elapsed": 6.436099, "delta": 0.003986}}
{"target": -163.3622020793638, "params": {"gamma": 1.1191305732763266, "lr": 0.5310473545872221}, "datetime": {"datetime": "2024-06-13 19:12:01", "elapsed": 6.441086, "delta": 0.004987}}
{"target": -806.4095930089481, "params": {"gamma": 8.135452268270518, "lr": 0.37629418365689815}, "datetime": {"datetime": "2024-06-13 19:12:01", "elapsed": 6.445075, "delta": 0.003989}}
{"target": -607.3119033001426, "params": {"gamma": 4.4582994882209785, "lr": 0.7509025596645666}, "datetime": {"datetime": "2024-06-13 19:12:01", "elapsed": 6.450062, "delta": 0.004987}}
{"target": -139.25341540035575, "params": {"gamma": 0.9843654431052541, "lr": 0.3605263049964609}, "datetime": {"datetime": "2024-06-13 19:12:01", "elapsed": 6.454052, "delta": 0.00399}}
{"target": -693.6392516269083, "params": {"gamma": 5.637498846609272, "lr": 0.23858559594258377}, "datetime": {"datetime": "2024-06-13 19:12:01", "elapsed": 6.459038, "delta": 0.004986}}
{"target": -1125.067676063713, "params": {"gamma": 8.399697763448607, "lr": 0.7658509922899394}, "datetime": {"datetime": "2024-06-13 19:12:01", "elapsed": 6.463027, "delta": 0.003989}}
{"target": -985.1641944151053, "params": {"gamma": 9.655460253343795, "lr": 0.5229880750137287}, "datetime": {"datetime": "2024-06-13 19:12:01", "elapsed": 6.468014, "delta": 0.004987}}
{"target": -213.5995757840743, "params": {"gamma": 1.06614005524794, "lr": 0.936617023061487}, "datetime": {"datetime": "2024-06-13 19:12:01", "elapsed": 6.472003, "delta": 0.003989}}
{"target": -854.7025287023887, "params": {"gamma": 8.342525658973996, "lr": 0.5444181610032376}, "datetime": {"datetime": "2024-06-13 19:12:01", "elapsed": 6.475993, "delta": 0.00399}}
{"target": -1311.0052454057395, "params": {"gamma": 8.363186471576656, "lr": 0.8816909193539424}, "datetime": {"datetime": "2024-06-13 19:12:01", "elapsed": 6.48098, "delta": 0.004987}}
{"target": -803.3444567642038, "params": {"gamma": 7.76103529253161, "lr": 0.5712539770424174}, "datetime": {"datetime": "2024-06-13 19:12:01", "elapsed": 6.484969, "delta": 0.003989}}
{"target": -951.4204251964485, "params": {"gamma": 6.153371915939358, "lr": 0.8443906826433587}, "datetime": {"datetime": "2024-06-13 19:12:01", "elapsed": 6.489955, "delta": 0.004986}}
{"target": -743.2164276655907, "params": {"gamma": 6.222544146503024, "lr": 0.20647995918763162}, "datetime": {"datetime": "2024-06-13 19:12:01", "elapsed": 6.493945, "delta": 0.00399}}
{"target": -713.0721780862601, "params": {"gamma": 6.915192747116144, "lr": 0.5320137500773816}, "datetime": {"datetime": "2024-06-13 19:12:01", "elapsed": 6.497934, "delta": 0.003989}}
{"target": -535.8341542207415, "params": {"gamma": 2.633207341942995, "lr": 0.0007865415296364198}, "datetime": {"datetime": "2024-06-13 19:12:01", "elapsed": 6.502921, "delta": 0.004987}}
{"target": -330.6129489076092, "params": {"gamma": 2.3557421152378364, "lr": 0.673566697976032}, "datetime": {"datetime": "2024-06-13 19:12:01", "elapsed": 6.507907, "delta": 0.004986}}
{"target": -1264.8248624578714, "params": {"gamma": 8.783323676609767, "lr": 0.8307025692405677}, "datetime": {"datetime": "2024-06-13 19:12:01", "elapsed": 6.511897, "delta": 0.00399}}
{"target": -254.60061397411906, "params": {"gamma": 1.0819657484995155, "lr": 0.07112497952283825}, "datetime": {"datetime": "2024-06-13 19:12:01", "elapsed": 6.515887, "delta": 0.00399}}
{"target": -809.5185317016859, "params": {"gamma": 7.616161526478173, "lr": 0.2848333721183067}, "datetime": {"datetime": "2024-06-13 19:12:01", "elapsed": 6.520872, "delta": 0.004985}}
{"target": -551.7349997920621, "params": {"gamma": 2.718758721913716, "lr": 0.0020003006084317043}, "datetime": {"datetime": "2024-06-13 19:12:01", "elapsed": 6.524862, "delta": 0.00399}}
{"target": -182.6160269780351, "params": {"gamma": 0.9862915673948899, "lr": 0.13559704739235312}, "datetime": {"datetime": "2024-06-13 19:12:01", "elapsed": 6.529849, "delta": 0.004987}}
{"target": -181.23384535363172, "params": {"gamma": 1.5944427020857364, "lr": 0.44531360261536523}, "datetime": {"datetime": "2024-06-13 19:12:01", "elapsed": 6.533838, "delta": 0.003989}}
{"target": -1165.6528020688527, "params": {"gamma": 8.141544011423479, "lr": 0.8122981153684475}, "datetime": {"datetime": "2024-06-13 19:12:01", "elapsed": 6.538825, "delta": 0.004987}}
{"target": -873.9229211103697, "params": {"gamma": 9.099986227202798, "lr": 0.4435920386203337}, "datetime": {"datetime": "2024-06-13 19:12:01", "elapsed": 6.542814, "delta": 0.003989}}
{"target": -675.3211246635624, "params": {"gamma": 7.087396368942189, "lr": 0.4883341181204487}, "datetime": {"datetime": "2024-06-13 19:12:01", "elapsed": 6.546804, "delta": 0.00399}}
{"target": -163.34570846667026, "params": {"gamma": 0.49937573878707536, "lr": 0.0804314339695471}, "datetime": {"datetime": "2024-06-13 19:12:01", "elapsed": 6.55179, "delta": 0.004986}}
{"target": -420.6961206401363, "params": {"gamma": 2.4601774098261746, "lr": 0.9816217286230167}, "datetime": {"datetime": "2024-06-13 19:12:01", "elapsed": 6.556779, "delta": 0.004989}}
{"target": -737.1212113161114, "params": {"gamma": 6.919480375538572, "lr": 0.26800758185732043}, "datetime": {"datetime": "2024-06-13 19:12:01", "elapsed": 6.560795, "delta": 0.004016}}
{"target": -764.8981218159776, "params": {"gamma": 7.062926182268611, "lr": 0.6613461343815696}, "datetime": {"datetime": "2024-06-13 19:12:01", "elapsed": 6.565753, "delta": 0.004958}}
{"target": -120.75791625115063, "params": {"gamma": 0.4338583185782008, "lr": 0.3614875846417379}, "datetime": {"datetime": "2024-06-13 19:12:01", "elapsed": 6.569742, "delta": 0.003989}}
{"target": -1495.2732755619202, "params": {"gamma": 7.737506106039536, "lr": 0.07852291483410356}, "datetime": {"datetime": "2024-06-13 19:12:01", "elapsed": 6.574729, "delta": 0.004987}}
{"target": -1445.7065581532713, "params": {"gamma": 8.84395678364194, "lr": 0.9308682962545582}, "datetime": {"datetime": "2024-06-13 19:12:01", "elapsed": 6.578718, "delta": 0.003989}}
{"target": -1306.6897531288528, "params": {"gamma": 8.531002038386509, "lr": 0.117377604100948}, "datetime": {"datetime": "2024-06-13 19:12:01", "elapsed": 6.583705, "delta": 0.004987}}
{"target": -750.4526827485743, "params": {"gamma": 5.652169643537417, "lr": 0.7075599478322232}, "datetime": {"datetime": "2024-06-13 19:12:01", "elapsed": 6.587694, "delta": 0.003989}}
{"target": -1612.926353431851, "params": {"gamma": 8.879912919311819, "lr": 0.09577602929981288}, "datetime": {"datetime": "2024-06-13 19:12:01", "elapsed": 6.592681, "delta": 0.004987}}
{"target": -865.8287374131586, "params": {"gamma": 8.157890074908734, "lr": 0.27801633166878204}, "datetime": {"datetime": "2024-06-13 19:12:01", "elapsed": 6.59667, "delta": 0.003989}}
{"target": -784.2241730904225, "params": {"gamma": 5.923281570273373, "lr": 0.7197957093739197}, "datetime": {"datetime": "2024-06-13 19:12:01", "elapsed": 6.601657, "delta": 0.004987}}
{"target": -821.7433519221506, "params": {"gamma": 7.7704144744548165, "lr": 0.29466484899886947}, "datetime": {"datetime": "2024-06-13 19:12:01", "elapsed": 6.605646, "delta": 0.003989}}
{"target": -646.4570837017005, "params": {"gamma": 6.074158012949801, "lr": 0.2874728742023305}, "datetime": {"datetime": "2024-06-13 19:12:01", "elapsed": 6.610633, "delta": 0.004987}}
{"target": -1425.0995009039855, "params": {"gamma": 9.983169186094411, "lr": 0.8145056079423507}, "datetime": {"datetime": "2024-06-13 19:12:01", "elapsed": 6.614622, "delta": 0.003989}}
{"target": -660.4831585655428, "params": {"gamma": 4.140365184777405, "lr": 0.8791421856642359}, "datetime": {"datetime": "2024-06-13 19:12:01", "elapsed": 6.618612, "delta": 0.00399}}
{"target": -1200.5462799127952, "params": {"gamma": 7.325278649969429, "lr": 0.928746930727756}, "datetime": {"datetime": "2024-06-13 19:12:01", "elapsed": 6.623598, "delta": 0.004986}}
{"target": -206.88569993750917, "params": {"gamma": 1.7169353317749951, "lr": 0.2948350049208741}, "datetime": {"datetime": "2024-06-13 19:12:01", "elapsed": 6.627587, "delta": 0.003989}}
{"target": -144.58172173692324, "params": {"gamma": 0.9382730240703474, "lr": 0.3179810316787127}, "datetime": {"datetime": "2024-06-13 19:12:01", "elapsed": 6.632574, "delta": 0.004987}}
{"target": -426.11370115403, "params": {"gamma": 3.812504948851634, "lr": 0.6327125396187535}, "datetime": {"datetime": "2024-06-13 19:12:01", "elapsed": 6.636564, "delta": 0.00399}}
{"target": -629.9187126421754, "params": {"gamma": 4.715727863547479, "lr": 0.717668980777047}, "datetime": {"datetime": "2024-06-13 19:12:01", "elapsed": 6.64155, "delta": 0.004986}}
{"target": -406.5921174801084, "params": {"gamma": 2.692966111483643, "lr": 0.17305671918218446}, "datetime": {"datetime": "2024-06-13 19:12:01", "elapsed": 6.645539, "delta": 0.003989}}
{"target": -374.8915781820087, "params": {"gamma": 3.7918469051508774, "lr": 0.43808143742785455}, "datetime": {"datetime": "2024-06-13 19:12:01", "elapsed": 6.650527, "delta": 0.004988}}
{"target": -700.5893297435009, "params": {"gamma": 4.221843551590521, "lr": 0.913569686661525}, "datetime": {"datetime": "2024-06-13 19:12:01", "elapsed": 6.655513, "delta": 0.004986}}
{"target": -283.74286545040815, "params": {"gamma": 2.696400616451196, "lr": 0.3520434026951569}, "datetime": {"datetime": "2024-06-13 19:12:01", "elapsed": 6.659502, "delta": 0.003989}}
{"target": -230.68486150938884, "params": {"gamma": 2.1528813919731067, "lr": 0.37192301140427286}, "datetime": {"datetime": "2024-06-13 19:12:01", "elapsed": 6.664489, "delta": 0.004987}}
{"target": -436.1732332902896, "params": {"gamma": 3.8991640529202587, "lr": 0.5754270571118745}, "datetime": {"datetime": "2024-06-13 19:12:01", "elapsed": 6.668478, "delta": 0.003989}}
{"target": -310.7347794299108, "params": {"gamma": 2.7843714212458077, "lr": 0.2594923085078481}, "datetime": {"datetime": "2024-06-13 19:12:01", "elapsed": 6.673465, "delta": 0.004987}}
{"target": -1178.8584916475743, "params": {"gamma": 7.190894889170183, "lr": 0.9101787075725445}, "datetime": {"datetime": "2024-06-13 19:12:01", "elapsed": 6.677454, "delta": 0.003989}}
{"target": -203.67780113827575, "params": {"gamma": 1.2218460988148518, "lr": 0.18228897074998485}, "datetime": {"datetime": "2024-06-13 19:12:01", "elapsed": 6.681444, "delta": 0.00399}}
{"target": -211.11112025258453, "params": {"gamma": 1.3319633391141557, "lr": 0.6836076828044971}, "datetime": {"datetime": "2024-06-13 19:12:01", "elapsed": 6.68643, "delta": 0.004986}}
{"target": -257.8448197404892, "params": {"gamma": 2.1408837173038955, "lr": 0.6045716033063737}, "datetime": {"datetime": "2024-06-13 19:12:01", "elapsed": 6.690419, "delta": 0.003989}}
{"target": -314.09089155335386, "params": {"gamma": 2.0175856692950274, "lr": 0.8177571936931245}, "datetime": {"datetime": "2024-06-13 19:12:01", "elapsed": 6.695406, "delta": 0.004987}}
{"target": -430.0161262765031, "params": {"gamma": 3.161755215449723, "lr": 0.6696167646858762}, "datetime": {"datetime": "2024-06-13 19:12:01", "elapsed": 6.699396, "delta": 0.00399}}
{"target": -186.1478837143813, "params": {"gamma": 1.4881868944628063, "lr": 0.30594544708616045}, "datetime": {"datetime": "2024-06-13 19:12:01", "elapsed": 6.704382, "delta": 0.004986}}
{"target": -340.3508106403228, "params": {"gamma": 2.9731172115714624, "lr": 0.6350799325450489}, "datetime": {"datetime": "2024-06-13 19:12:01", "elapsed": 6.708371, "delta": 0.003989}}
{"target": -1050.6152491381022, "params": {"gamma": 6.809124390706244, "lr": 0.8452486465038237}, "datetime": {"datetime": "2024-06-13 19:12:01", "elapsed": 6.712361, "delta": 0.00399}}
{"target": -272.99306663982065, "params": {"gamma": 1.8342857207824639, "lr": 0.7604297643064385}, "datetime": {"datetime": "2024-06-13 19:12:01", "elapsed": 6.717348, "delta": 0.004987}}
{"target": -739.0786535948791, "params": {"gamma": 7.119682083391317, "lr": 0.5575439140774725}, "datetime": {"datetime": "2024-06-13 19:12:01", "elapsed": 6.721337, "delta": 0.003989}}
{"target": -1182.737281860687, "params": {"gamma": 6.50197970017053, "lr": 0.0899951030326972}, "datetime": {"datetime": "2024-06-13 19:12:01", "elapsed": 6.726324, "delta": 0.004987}}
{"target": -172.18913946835585, "params": {"gamma": 1.4696112814099909, "lr": 0.41557172071663584}, "datetime": {"datetime": "2024-06-13 19:12:01", "elapsed": 6.730313, "delta": 0.003989}}
{"target": -1028.2670471511092, "params": {"gamma": 7.1139955123219485, "lr": 0.16782116362359434}, "datetime": {"datetime": "2024-06-13 19:12:01", "elapsed": 6.735299, "delta": 0.004986}}
{"target": -379.98408399496367, "params": {"gamma": 3.8904024131038595, "lr": 0.49794595388742613}, "datetime": {"datetime": "2024-06-13 19:12:01", "elapsed": 6.739289, "delta": 0.00399}}
{"target": -1799.3135426421559, "params": {"gamma": 9.350522223405173, "lr": 0.055196248654505564}, "datetime": {"datetime": "2024-06-13 19:12:01", "elapsed": 6.743278, "delta": 0.003989}}
{"target": -1356.3102722201702, "params": {"gamma": 8.290245901995016, "lr": 0.9841598458987846}, "datetime": {"datetime": "2024-06-13 19:12:01", "elapsed": 6.748265, "delta": 0.004987}}
{"target": -446.00831771577157, "params": {"gamma": 2.6734588625853686, "lr": 0.8900573037740913}, "datetime": {"datetime": "2024-06-13 19:12:01", "elapsed": 6.752254, "delta": 0.003989}}
{"target": -406.389918398458, "params": {"gamma": 2.9037110876153163, "lr": 0.7990074981966317}, "datetime": {"datetime": "2024-06-13 19:12:01", "elapsed": 6.757241, "delta": 0.004987}}
{"target": -509.04385613398784, "params": {"gamma": 4.599113822624364, "lr": 0.59760864887687}, "datetime": {"datetime": "2024-06-13 19:12:01", "elapsed": 6.76123, "delta": 0.003989}}
{"target": -332.0351029862681, "params": {"gamma": 2.367437100274259, "lr": 0.687614962160815}, "datetime": {"datetime": "2024-06-13 19:12:01", "elapsed": 6.766217, "delta": 0.004987}}
{"target": -192.48484238561488, "params": {"gamma": 1.4876999762661907, "lr": 0.5596864990017729}, "datetime": {"datetime": "2024-06-13 19:12:01", "elapsed": 6.770207, "delta": 0.00399}}
{"target": -768.7152175209992, "params": {"gamma": 4.943794976509587, "lr": 0.8372059959494197}, "datetime": {"datetime": "2024-06-13 19:12:01", "elapsed": 6.775192, "delta": 0.004985}}
{"target": -653.9107887228835, "params": {"gamma": 4.815203685221957, "lr": 0.7847309599867293}, "datetime": {"datetime": "2024-06-13 19:12:01", "elapsed": 6.779182, "delta": 0.00399}}
{"target": -432.6955419055456, "params": {"gamma": 4.003542773051022, "lr": 0.3079059334309052}, "datetime": {"datetime": "2024-06-13 19:12:01", "elapsed": 6.784169, "delta": 0.004987}}
{"target": -758.0271079462178, "params": {"gamma": 7.872484136639694, "lr": 0.4184642639114249}, "datetime": {"datetime": "2024-06-13 19:12:01", "elapsed": 6.788158, "delta": 0.003989}}
{"target": -547.6346828274013, "params": {"gamma": 4.968163846072137, "lr": 0.577322531324329}, "datetime": {"datetime": "2024-06-13 19:12:01", "elapsed": 6.792716, "delta": 0.004558}}
{"target": -887.1584403547442, "params": {"gamma": 8.196837713155396, "lr": 0.5813199746267194}, "datetime": {"datetime": "2024-06-13 19:12:01", "elapsed": 6.796706, "delta": 0.00399}}
{"target": -581.0820505816041, "params": {"gamma": 4.062022883905419, "lr": 0.16058682850924277}, "datetime": {"datetime": "2024-06-13 19:12:01", "elapsed": 6.801693, "delta": 0.004987}}
{"target": -1103.8897613697575, "params": {"gamma": 7.021410937836175, "lr": 0.8832328216518347}, "datetime": {"datetime": "2024-06-13 19:12:01", "elapsed": 6.805682, "delta": 0.003989}}
{"target": -146.00617419112604, "params": {"gamma": 1.0846805001536175, "lr": 0.46621397581308155}, "datetime": {"datetime": "2024-06-13 19:12:01", "elapsed": 6.810668, "delta": 0.004986}}
{"target": -962.3060105972577, "params": {"gamma": 9.34542051628517, "lr": 0.5635091674751708}, "datetime": {"datetime": "2024-06-13 19:12:01", "elapsed": 6.814658, "delta": 0.00399}}
{"target": -1064.7881681056956, "params": {"gamma": 5.452989887556196, "lr": 0.06347554987814286}, "datetime": {"datetime": "2024-06-13 19:12:01", "elapsed": 6.819645, "delta": 0.004987}}
{"target": -586.0861637767539, "params": {"gamma": 5.353466496108746, "lr": 0.654541303819938}, "datetime": {"datetime": "2024-06-13 19:12:01", "elapsed": 6.824631, "delta": 0.004986}}
{"target": -269.7578097445193, "params": {"gamma": 1.466771864485812, "lr": 0.9563647276468465}, "datetime": {"datetime": "2024-06-13 19:12:01", "elapsed": 6.82862, "delta": 0.003989}}
{"target": -283.3059551889089, "params": {"gamma": 1.962311768641484, "lr": 0.673925993557942}, "datetime": {"datetime": "2024-06-13 19:12:01", "elapsed": 6.83261, "delta": 0.00399}}
{"target": -485.30364905712247, "params": {"gamma": 2.744137192928587, "lr": 0.10843083383187457}, "datetime": {"datetime": "2024-06-13 19:12:01", "elapsed": 6.838158, "delta": 0.005548}}
{"target": -275.5308495949144, "params": {"gamma": 2.6097471361451294, "lr": 0.33415183351807476}, "datetime": {"datetime": "2024-06-13 19:12:01", "elapsed": 6.842143, "delta": 0.003985}}
{"target": -574.3412448092782, "params": {"gamma": 4.647854040432997, "lr": 0.2343564434014873}, "datetime": {"datetime": "2024-06-13 19:12:01", "elapsed": 6.84713, "delta": 0.004987}}
{"target": -1043.7194423189887, "params": {"gamma": 7.27531136269942, "lr": 0.807191102024009}, "datetime": {"datetime": "2024-06-13 19:12:01", "elapsed": 6.85112, "delta": 0.00399}}
