{"target": -319.5482372287435, "params": {"gamma": 5.310942498517634, "prior": 8.153913136901503, "rate": 3.763565542385325}, "datetime": {"datetime": "2024-06-14 05:06:48", "elapsed": 10.044059, "delta": 0.008976}}
{"target": -323.6311681534685, "params": {"gamma": 4.4582994882209785, "prior": 7.53393534067921, "rate": 0.9843654431052541}, "datetime": {"datetime": "2024-06-14 05:06:48", "elapsed": 10.053598, "delta": 0.009539}}
{"target": -236.32305172268994, "params": {"gamma": 3.6059025236596125, "prior": 5.680691927335912, "rate": 2.3866173738298953}, "datetime": {"datetime": "2024-06-14 05:06:48", "elapsed": 10.062575, "delta": 0.008977}}
{"target": -386.7480017253812, "params": {"gamma": 8.399697763448607, "prior": 7.6819248236704, "rate": 9.655460253343795}, "datetime": {"datetime": "2024-06-14 05:06:48", "elapsed": 10.072548, "delta": 0.009973}}
{"target": -227.315136007881, "params": {"gamma": 5.230357762062273, "prior": 1.1545941141068716, "rate": 9.366233613591808}, "datetime": {"datetime": "2024-06-14 05:06:48", "elapsed": 10.082521, "delta": 0.009973}}
{"target": -365.44675105865207, "params": {"gamma": 8.342525658973996, "prior": 5.489739793932052, "rate": 8.363186471576656}, "datetime": {"datetime": "2024-06-14 05:06:48", "elapsed": 10.091497, "delta": 0.008976}}
{"target": -464.7084475547135, "params": {"gamma": 8.81702750262007, "prior": 7.783203259932287, "rate": 5.712968516447132}, "datetime": {"datetime": "2024-06-14 05:06:48", "elapsed": 10.101064, "delta": 0.009567}}
{"target": -332.24514162653276, "params": {"gamma": 6.153371915939358, "prior": 8.459467758169252, "rate": 6.222544146503024}, "datetime": {"datetime": "2024-06-14 05:06:48", "elapsed": 10.11004, "delta": 0.008976}}
{"target": -155.94871042849832, "params": {"gamma": 2.0655931119171287, "prior": 6.945735393184301, "rate": 5.320605487023739}, "datetime": {"datetime": "2024-06-14 05:06:48", "elapsed": 10.119016, "delta": 0.008976}}
{"target": -157.51493171429306, "params": {"gamma": 2.633207341942995, "prior": 0.10778676114340056, "rate": 2.3557421152378364}, "datetime": {"datetime": "2024-06-14 05:06:48", "elapsed": 10.128989, "delta": 0.009973}}
{"target": -340.142086576649, "params": {"gamma": 6.735993413062344, "prior": 8.795369976841354, "rate": 8.307194989836436}, "datetime": {"datetime": "2024-06-14 05:06:48", "elapsed": 10.138962, "delta": 0.009973}}
{"target": -117.93833811636485, "params": {"gamma": 1.0819657484995155, "prior": 0.8041372972760987, "rate": 7.616161526478173}, "datetime": {"datetime": "2024-06-14 05:06:48", "elapsed": 10.147939, "delta": 0.008977}}
{"target": -275.4343303145381, "params": {"gamma": 2.849048887810949, "prior": 2.790850219716551, "rate": 0.021001005783708615}, "datetime": {"datetime": "2024-06-14 05:06:48", "elapsed": 10.157912, "delta": 0.009973}}
{"target": -128.0000087516111, "params": {"gamma": 0.9862915673948899, "prior": 1.442410769184296, "rate": 1.5944427020857364}, "datetime": {"datetime": "2024-06-14 05:06:48", "elapsed": 10.166888, "delta": 0.008976}}
{"target": -236.95500235617018, "params": {"gamma": 4.453690712551038, "prior": 8.159944565765821, "rate": 8.123168855569107}, "datetime": {"datetime": "2024-06-14 05:06:48", "elapsed": 10.176861, "delta": 0.009973}}
{"target": -391.8783183013116, "params": {"gamma": 9.099986227202798, "prior": 4.491561182341304, "rate": 7.087396368942189}, "datetime": {"datetime": "2024-06-14 05:06:48", "elapsed": 10.185837, "delta": 0.008976}}
{"target": -238.80017702360396, "params": {"gamma": 4.883852847086367, "prior": 0.5934413255317578, "rate": 0.8052339082615015}, "datetime": {"datetime": "2024-06-14 05:06:48", "elapsed": 10.194813, "delta": 0.008976}}
{"target": -170.91235397822584, "params": {"gamma": 2.4601774098261746, "prior": 9.818055113367866, "rate": 6.919480375538572}, "datetime": {"datetime": "2024-06-14 05:06:48", "elapsed": 10.204252, "delta": 0.009439}}
{"target": -171.28054166957384, "params": {"gamma": 2.680807810991347, "prior": 7.09200612105803, "rate": 6.6137999976813155}, "datetime": {"datetime": "2024-06-14 05:06:48", "elapsed": 10.214225, "delta": 0.009973}}
{"target": -125.72795162889922, "params": {"gamma": 0.4338583185782008, "prior": 3.6787270879532055, "rate": 7.737506106039536}, "datetime": {"datetime": "2024-06-14 05:06:48", "elapsed": 10.223201, "delta": 0.008976}}
{"target": -127.63593510421835, "params": {"gamma": 0.7861506254262016, "prior": 8.855402756081128, "rate": 9.308752094249328}, "datetime": {"datetime": "2024-06-14 05:06:48", "elapsed": 10.232177, "delta": 0.008976}}
{"target": -320.80626482697517, "params": {"gamma": 8.531002038386509, "prior": 1.2620382805993853, "rate": 5.652169643537417}, "datetime": {"datetime": "2024-06-14 05:06:48", "elapsed": 10.24215, "delta": 0.009973}}
{"target": -491.08063874471543, "params": {"gamma": 7.075891918374401, "prior": 8.89100289040774, "rate": 0.958664516968829}, "datetime": {"datetime": "2024-06-14 05:06:48", "elapsed": 10.251126, "delta": 0.008976}}
{"target": -333.37048638974915, "params": {"gamma": 8.157890074908734, "prior": 2.852361683520942, "rate": 5.923281570273373}, "datetime": {"datetime": "2024-06-14 05:06:48", "elapsed": 10.260102, "delta": 0.008976}}
{"target": -436.56513469801024, "params": {"gamma": 7.198237298029824, "prior": 7.7924895786681345, "rate": 2.947353825139696}, "datetime": {"datetime": "2024-06-14 05:06:48", "elapsed": 10.270076, "delta": 0.009974}}
{"target": -246.40290149104408, "params": {"gamma": 6.074158012949801, "prior": 2.945981454603072, "rate": 9.983169186094411}, "datetime": {"datetime": "2024-06-14 05:06:48", "elapsed": 10.279052, "delta": 0.008976}}
{"target": -332.35755518628315, "params": {"gamma": 8.145241573815564, "prior": 4.198381371066737, "rate": 8.791542714456694}, "datetime": {"datetime": "2024-06-14 05:06:48", "elapsed": 10.289025, "delta": 0.009973}}
{"target": -485.29364523801297, "params": {"gamma": 7.325278649969429, "prior": 9.294594614204785, "rate": 1.7169353317749951}, "datetime": {"datetime": "2024-06-14 05:06:48", "elapsed": 10.298998, "delta": 0.009973}}
{"target": -157.25937344848376, "params": {"gamma": 2.9490552142038204, "prior": 1.0279930931389578, "rate": 3.1804923357554484}, "datetime": {"datetime": "2024-06-14 05:06:48", "elapsed": 10.308972, "delta": 0.009974}}
{"target": -223.1313420875509, "params": {"gamma": 3.812504948851634, "prior": 6.36385414222566, "rate": 4.715727863547479}, "datetime": {"datetime": "2024-06-14 05:06:48", "elapsed": 10.317792, "delta": 0.00882}}
{"target": -396.3882612815588, "params": {"gamma": 7.176972138789694, "prior": 2.7653129816669733, "rate": 1.7313941351026625}, "datetime": {"datetime": "2024-06-14 05:06:48", "elapsed": 10.326768, "delta": 0.008976}}
{"target": -212.0833540161253, "params": {"gamma": 3.7918469051508774, "prior": 4.43700623053576, "rate": 4.221843551590521}, "datetime": {"datetime": "2024-06-14 05:06:48", "elapsed": 10.336742, "delta": 0.009974}}
{"target": -416.7336283559249, "params": {"gamma": 9.135783296928588, "prior": 2.7687134816348475, "rate": 3.5210819835488736}, "datetime": {"datetime": "2024-06-14 05:06:48", "elapsed": 10.345718, "delta": 0.008976}}
{"target": -152.34740765482584, "params": {"gamma": 2.1528813919731067, "prior": 3.7820378129023013, "rate": 3.8991640529202587}, "datetime": {"datetime": "2024-06-14 05:06:48", "elapsed": 10.355691, "delta": 0.009973}}
{"target": -298.53389736144476, "params": {"gamma": 5.754695144061634, "prior": 2.855813288362186, "rate": 2.595663592769973}, "datetime": {"datetime": "2024-06-14 05:06:48", "elapsed": 10.365665, "delta": 0.009974}}
{"target": -490.43692143110803, "params": {"gamma": 7.190894889170183, "prior": 9.110769204968191, "rate": 1.2218460988148518}, "datetime": {"datetime": "2024-06-14 05:06:48", "elapsed": 10.37464, "delta": 0.008975}}
{"target": -129.78611584115887, "params": {"gamma": 1.8237074185290985, "prior": 1.4177854842714415, "rate": 6.836393220362168}, "datetime": {"datetime": "2024-06-14 05:06:48", "elapsed": 10.383616, "delta": 0.008976}}
{"target": -177.9716299729425, "params": {"gamma": 2.1408837173038955, "prior": 6.0852588727331, "rate": 2.0175856692950274}, "datetime": {"datetime": "2024-06-14 05:06:48", "elapsed": 10.39359, "delta": 0.009974}}
{"target": -334.1753164444248, "params": {"gamma": 8.177754179737551, "prior": 3.229460609356161, "rate": 6.696498030094077}, "datetime": {"datetime": "2024-06-14 05:06:48", "elapsed": 10.402566, "delta": 0.008976}}
{"target": -137.24531856336984, "params": {"gamma": 1.4881868944628063, "prior": 3.128859926152989, "rate": 2.9731172115714624}, "datetime": {"datetime": "2024-06-14 05:06:48", "elapsed": 10.412539, "delta": 0.009973}}
{"target": -302.499845245205, "params": {"gamma": 6.3511642455179445, "prior": 6.840717218521033, "rate": 8.452641216391733}, "datetime": {"datetime": "2024-06-14 05:06:48", "elapsed": 10.421515, "delta": 0.008976}}
{"target": -145.549837036758, "params": {"gamma": 1.8342857207824639, "prior": 7.628254666633741, "rate": 7.119682083391317}, "datetime": {"datetime": "2024-06-14 05:06:48", "elapsed": 10.431488, "delta": 0.009973}}
{"target": -389.2819623420154, "params": {"gamma": 5.575881596860648, "prior": 6.536613564525276, "rate": 0.9008610352239393}, "datetime": {"datetime": "2024-06-14 05:06:48", "elapsed": 10.440464, "delta": 0.008976}}
{"target": -129.418892671336, "params": {"gamma": 1.4696112814099909, "prior": 4.214160035094695, "rate": 7.1139955123219485}, "datetime": {"datetime": "2024-06-14 05:06:48", "elapsed": 10.450438, "delta": 0.009974}}
{"target": -137.02188570615047, "params": {"gamma": 1.6790438150723197, "prior": 3.950893478320653, "rate": 4.979961592920374}, "datetime": {"datetime": "2024-06-14 05:06:48", "elapsed": 10.459414, "delta": 0.008976}}
{"target": -382.3051245544668, "params": {"gamma": 9.350522223405173, "prior": 0.6464428616796051, "rate": 8.290245901995016}, "datetime": {"datetime": "2024-06-14 05:06:48", "elapsed": 10.469387, "delta": 0.009973}}
{"target": -366.39538881682313, "params": {"gamma": 9.841614299141947, "prior": 2.7459988738469, "rate": 8.90068298043714}, "datetime": {"datetime": "2024-06-14 05:06:48", "elapsed": 10.479361, "delta": 0.009974}}
{"target": -193.77112072774574, "params": {"gamma": 2.9037110876153163, "prior": 8.010174232146655, "rate": 4.599113822624364}, "datetime": {"datetime": "2024-06-14 05:06:48", "elapsed": 10.488336, "delta": 0.008975}}
{"target": -246.96382148653603, "params": {"gamma": 5.976488880119824, "prior": 2.443007029974514, "rate": 6.87646200664599}, "datetime": {"datetime": "2024-06-14 05:06:48", "elapsed": 10.498272, "delta": 0.009936}}
{"target": -138.49189549769085, "params": {"gamma": 1.4876999762661907, "prior": 5.640896340117552, "rate": 4.943794976509587}, "datetime": {"datetime": "2024-06-14 05:06:48", "elapsed": 10.50725, "delta": 0.008978}}
{"target": -361.3597098272751, "params": {"gamma": 8.372222753498248, "prior": 4.866538302199957, "rate": 7.847524868907307}, "datetime": {"datetime": "2024-06-14 05:06:48", "elapsed": 10.517223, "delta": 0.009973}}
{"target": -189.16045587321474, "params": {"gamma": 4.003542773051022, "prior": 3.1482687409659618, "rate": 7.872484136639694}, "datetime": {"datetime": "2024-06-14 05:06:48", "elapsed": 10.528193, "delta": 0.01097}}
{"target": -219.6707535080017, "params": {"gamma": 4.185224174850338, "prior": 5.017984006012016, "rate": 5.773647990711966}, "datetime": {"datetime": "2024-06-14 05:06:48", "elapsed": 10.538167, "delta": 0.009974}}
{"target": -439.22659510892413, "params": {"gamma": 8.196837713155396, "prior": 5.8550677488045215, "rate": 4.062022883905419}, "datetime": {"datetime": "2024-06-14 05:06:48", "elapsed": 10.548139, "delta": 0.009972}}
{"target": -135.59875462270483, "params": {"gamma": 1.6067076982639186, "prior": 7.050901918649678, "rate": 8.832444983696695}, "datetime": {"datetime": "2024-06-14 05:06:48", "elapsed": 10.558112, "delta": 0.009973}}
{"target": -123.08130348978408, "params": {"gamma": 1.0846805001536175, "prior": 4.715518360549507, "rate": 9.34542051628517}, "datetime": {"datetime": "2024-06-14 05:06:48", "elapsed": 10.567089, "delta": 0.008977}}
{"target": -398.7534185665259, "params": {"gamma": 5.635528165584233, "prior": 5.4980097896596, "rate": 0.6356920232315505}, "datetime": {"datetime": "2024-06-14 05:06:48", "elapsed": 10.577062, "delta": 0.009973}}
{"target": -357.6933189608199, "params": {"gamma": 5.353466496108746, "prior": 6.579958907817386, "rate": 1.466771864485812}, "datetime": {"datetime": "2024-06-14 05:06:48", "elapsed": 10.587036, "delta": 0.009974}}
{"target": -356.8530764192574, "params": {"gamma": 9.563690911740819, "prior": 2.0418928402390932, "rate": 6.739586009585863}, "datetime": {"datetime": "2024-06-14 05:06:48", "elapsed": 10.596011, "delta": 0.008975}}
{"target": -155.31712309299724, "params": {"gamma": 2.744137192928587, "prior": 1.1734652549355584, "rate": 2.6097471361451294}, "datetime": {"datetime": "2024-06-14 05:06:48", "elapsed": 10.606981, "delta": 0.01097}}
{"target": -217.55543381860102, "params": {"gamma": 3.3421841833472294, "prior": 4.700845584587125, "rate": 2.3443300775714717}, "datetime": {"datetime": "2024-06-14 05:06:48", "elapsed": 10.615958, "delta": 0.008977}}
{"target": -361.7244196189793, "params": {"gamma": 7.27531136269942, "prior": 8.09119191003769, "rate": 7.909964984873447}, "datetime": {"datetime": "2024-06-14 05:06:48", "elapsed": 10.625931, "delta": 0.009973}}
{"target": -378.66286257631845, "params": {"gamma": 7.157769735363946, "prior": 2.7694681369941243, "rate": 2.1053674526157167}, "datetime": {"datetime": "2024-06-14 05:06:48", "elapsed": 10.634907, "delta": 0.008976}}
{"target": -152.1327373637688, "params": {"gamma": 1.092174154085908, "prior": 4.027142903887254, "rate": 0.8735791351201521}, "datetime": {"datetime": "2024-06-14 05:06:49", "elapsed": 10.644412, "delta": 0.009505}}
{"target": -345.6273184728708, "params": {"gamma": 6.554241175168271, "prior": 9.503306252187942, "rate": 7.556577172510941}, "datetime": {"datetime": "2024-06-14 05:06:49", "elapsed": 10.654386, "delta": 0.009974}}
{"target": -119.10042608290354, "params": {"gamma": 1.1698003792568261, "prior": 0.3027643623121794, "rate": 3.349553409033682}, "datetime": {"datetime": "2024-06-14 05:06:49", "elapsed": 10.66339, "delta": 0.009004}}
{"target": -388.10250125938916, "params": {"gamma": 9.928768691433605, "prior": 3.197034304972313, "rate": 7.37534048014249}, "datetime": {"datetime": "2024-06-14 05:06:49", "elapsed": 10.673335, "delta": 0.009945}}
{"target": -394.2791231652904, "params": {"gamma": 7.165577236537339, "prior": 5.768320217183284, "rate": 3.6770929306387004}, "datetime": {"datetime": "2024-06-14 05:06:49", "elapsed": 10.682311, "delta": 0.008976}}
{"target": -208.1399553385943, "params": {"gamma": 2.083448674606851, "prior": 9.801992242791993, "rate": 0.6598718062812502}, "datetime": {"datetime": "2024-06-14 05:06:49", "elapsed": 10.692284, "delta": 0.009973}}
{"target": -143.19639460547586, "params": {"gamma": 2.363041291619063, "prior": 3.1581047580501553, "rate": 9.09512403146957}, "datetime": {"datetime": "2024-06-14 05:06:49", "elapsed": 10.70126, "delta": 0.008976}}
{"target": -397.24316049915353, "params": {"gamma": 7.133979260927965, "prior": 2.727181317356326, "rate": 1.6458485280836919}, "datetime": {"datetime": "2024-06-14 05:06:49", "elapsed": 10.710237, "delta": 0.008977}}
{"target": -626.1321476668712, "params": {"gamma": 8.805093637851785, "prior": 7.958453011075212, "rate": 0.38483593233206737}, "datetime": {"datetime": "2024-06-14 05:06:49", "elapsed": 10.72021, "delta": 0.009973}}
{"target": -457.8242143602703, "params": {"gamma": 8.79312913512225, "prior": 5.9206034775835645, "rate": 4.575914432666735}, "datetime": {"datetime": "2024-06-14 05:06:49", "elapsed": 10.729187, "delta": 0.008977}}
{"target": -271.140548817286, "params": {"gamma": 6.73884491695568, "prior": 0.49048370550033693, "rate": 3.303881713493146}, "datetime": {"datetime": "2024-06-14 05:06:49", "elapsed": 10.739159, "delta": 0.009972}}
{"target": -134.93732305438058, "params": {"gamma": 0.8813961296757109, "prior": 6.868010901332397, "rate": 3.9807191404477567}, "datetime": {"datetime": "2024-06-14 05:06:49", "elapsed": 10.749132, "delta": 0.009973}}
{"target": -211.6185949229632, "params": {"gamma": 4.790061963647635, "prior": 2.969053058004484, "rate": 7.883156906603142}, "datetime": {"datetime": "2024-06-14 05:06:49", "elapsed": 10.758108, "delta": 0.008976}}
{"target": -125.19125521882034, "params": {"gamma": 0.4660803099952485, "prior": 2.883143899002197, "rate": 5.906368021727022}, "datetime": {"datetime": "2024-06-14 05:06:49", "elapsed": 10.768082, "delta": 0.009974}}
{"target": -369.64378276730815, "params": {"gamma": 7.901544890842957, "prior": 6.055833425528347, "rate": 7.305156197867701}, "datetime": {"datetime": "2024-06-14 05:06:49", "elapsed": 10.777058, "delta": 0.008976}}
{"target": -143.29512425915826, "params": {"gamma": 0.23625562086340346, "prior": 2.623743534154576, "rate": 0.42187550666388557}, "datetime": {"datetime": "2024-06-14 05:06:49", "elapsed": 10.786034, "delta": 0.008976}}
{"target": -405.89418935637764, "params": {"gamma": 5.000623972289424, "prior": 9.892488931793658, "rate": 0.1362915505440842}, "datetime": {"datetime": "2024-06-14 05:06:49", "elapsed": 10.796007, "delta": 0.009973}}
{"target": -224.3151421453185, "params": {"gamma": 4.409349504334219, "prior": 0.14738553924825692, "rate": 6.1292733046741406}, "datetime": {"datetime": "2024-06-14 05:06:49", "elapsed": 10.805981, "delta": 0.009974}}
{"target": -174.9114865331563, "params": {"gamma": 1.8344039025545689, "prior": 7.156143659526229, "rate": 1.5973254712175065}, "datetime": {"datetime": "2024-06-14 05:06:49", "elapsed": 10.814957, "delta": 0.008976}}
{"target": -356.2297843848709, "params": {"gamma": 8.28592797664837, "prior": 2.141163820968893, "rate": 3.522810522045676}, "datetime": {"datetime": "2024-06-14 05:06:49", "elapsed": 10.82493, "delta": 0.009973}}
{"target": -169.33202321204354, "params": {"gamma": 2.3065541407607677, "prior": 8.0960764752713, "rate": 4.903209285941475}, "datetime": {"datetime": "2024-06-14 05:06:49", "elapsed": 10.833908, "delta": 0.008978}}
{"target": -328.5618123580355, "params": {"gamma": 8.738461225360355, "prior": 1.3878511297112337, "rate": 4.990082145540017}, "datetime": {"datetime": "2024-06-14 05:06:49", "elapsed": 10.843882, "delta": 0.009974}}
{"target": -418.4037339021115, "params": {"gamma": 7.766359726186858, "prior": 9.813980671032251, "rate": 6.734103924215217}, "datetime": {"datetime": "2024-06-14 05:06:49", "elapsed": 10.852858, "delta": 0.008976}}
{"target": -190.26937134501378, "params": {"gamma": 1.8308287966897505, "prior": 7.621752259925226, "rate": 0.747277516013488}, "datetime": {"datetime": "2024-06-14 05:06:49", "elapsed": 10.862832, "delta": 0.009974}}
{"target": -413.00297396669794, "params": {"gamma": 7.62796186474408, "prior": 8.295370786127524, "rate": 5.592537951402159}, "datetime": {"datetime": "2024-06-14 05:06:49", "elapsed": 10.871841, "delta": 0.009009}}
{"target": -418.55130583512425, "params": {"gamma": 4.927715577252471, "prior": 9.371621484501743, "rate": 0.0019694099260602308}, "datetime": {"datetime": "2024-06-14 05:06:49", "elapsed": 10.881786, "delta": 0.009945}}
{"target": -138.13168849785956, "params": {"gamma": 0.0966593768907281, "prior": 2.5943190891398578, "rate": 5.057258956122923}, "datetime": {"datetime": "2024-06-14 05:06:49", "elapsed": 10.890764, "delta": 0.008978}}
{"target": -292.8968997648344, "params": {"gamma": 5.404626088310402, "prior": 3.775794997844595, "rate": 2.9278210405766725}, "datetime": {"datetime": "2024-06-14 05:06:49", "elapsed": 10.90074, "delta": 0.009976}}
{"target": -169.5919545931851, "params": {"gamma": 2.0244710973929743, "prior": 8.02279075452163, "rate": 3.159913122914842}, "datetime": {"datetime": "2024-06-14 05:06:49", "elapsed": 10.909989, "delta": 0.009249}}
{"target": -272.31808402557897, "params": {"gamma": 4.925187387485644, "prior": 8.131779827869634, "rate": 6.123977065658692}, "datetime": {"datetime": "2024-06-14 05:06:49", "elapsed": 10.919963, "delta": 0.009974}}
{"target": -194.89046494213827, "params": {"gamma": 4.086676353275073, "prior": 1.851351801368232, "rate": 3.977123246381154}, "datetime": {"datetime": "2024-06-14 05:06:49", "elapsed": 10.93019, "delta": 0.010227}}
{"target": -318.0205499911184, "params": {"gamma": 4.852641324647453, "prior": 9.906787466384639, "rate": 2.842666564129935}, "datetime": {"datetime": "2024-06-14 05:06:49", "elapsed": 10.940163, "delta": 0.009973}}
{"target": -141.3367354558165, "params": {"gamma": 1.6572311251158391, "prior": 2.2836975838028972, "rate": 2.115461976224172}, "datetime": {"datetime": "2024-06-14 05:06:49", "elapsed": 10.949138, "delta": 0.008975}}
{"target": -130.91504693557525, "params": {"gamma": 0.761400858057041, "prior": 3.712586214392191, "rate": 2.848055513881634}, "datetime": {"datetime": "2024-06-14 05:06:49", "elapsed": 10.959111, "delta": 0.009973}}
{"target": -595.0915258737189, "params": {"gamma": 8.876000332641663, "prior": 7.824570138568547, "rate": 1.09154050351661}, "datetime": {"datetime": "2024-06-14 05:06:49", "elapsed": 10.971079, "delta": 0.011968}}
{"target": -324.85445570158714, "params": {"gamma": 8.505184450178726, "prior": 1.1850262084006502, "rate": 7.2023572600056704}, "datetime": {"datetime": "2024-06-14 05:06:49", "elapsed": 10.980056, "delta": 0.008977}}
{"target": -246.4236431449126, "params": {"gamma": 5.728670154913063, "prior": 0.9594030042480481, "rate": 9.053375032737591}, "datetime": {"datetime": "2024-06-14 05:06:49", "elapsed": 10.990029, "delta": 0.009973}}
{"target": -513.0045433518891, "params": {"gamma": 8.745790582338879, "prior": 8.454132140483077, "rate": 3.6963039838180336}, "datetime": {"datetime": "2024-06-14 05:06:49", "elapsed": 11.000002, "delta": 0.009973}}
