{"target": -1656.8815604567617, "params": {"gamma": 7.023455232193281, "lr": 0.6250155931933211}, "datetime": {"datetime": "2024-06-13 14:28:18", "elapsed": 4.694931, "delta": 0.003988}}
{"target": -1451.377556191092, "params": {"gamma": 9.307416596768327, "lr": 0.26904238725191854}, "datetime": {"datetime": "2024-06-13 14:28:18", "elapsed": 4.699918, "delta": 0.004987}}
{"target": -2334.9826657580293, "params": {"gamma": 9.236233847661266, "lr": 0.6780829341239825}, "datetime": {"datetime": "2024-06-13 14:28:18", "elapsed": 4.703907, "delta": 0.003989}}
{"target": -1658.0722959326529, "params": {"gamma": 7.713853709507418, "lr": 0.5716353364349513}, "datetime": {"datetime": "2024-06-13 14:28:18", "elapsed": 4.707897, "delta": 0.00399}}
{"target": -2109.862825574755, "params": {"gamma": 8.339212870314833, "lr": 0.6982817992918626}, "datetime": {"datetime": "2024-06-13 14:28:18", "elapsed": 4.713881, "delta": 0.005984}}
{"target": -373.0306954873991, "params": {"gamma": 1.466940409067313, "lr": 0.6124611286280749}, "datetime": {"datetime": "2024-06-13 14:28:18", "elapsed": 4.71787, "delta": 0.003989}}
{"target": -881.9567100060452, "params": {"gamma": 2.793924035827702, "lr": 0.9158787230673001}, "datetime": {"datetime": "2024-06-13 14:28:18", "elapsed": 4.72186, "delta": 0.00399}}
{"target": -329.16023715605314, "params": {"gamma": 1.9831246698113274, "lr": 0.28571649537130284}, "datetime": {"datetime": "2024-06-13 14:28:18", "elapsed": 4.726846, "delta": 0.004986}}
{"target": -159.16514505100076, "params": {"gamma": 0.47749939499181976, "lr": 0.44757914405063814}, "datetime": {"datetime": "2024-06-13 14:28:18", "elapsed": 4.730835, "delta": 0.003989}}
{"target": -1204.2463293535554, "params": {"gamma": 5.576320563895948, "lr": 0.5735610825770953}, "datetime": {"datetime": "2024-06-13 14:28:18", "elapsed": 4.734825, "delta": 0.00399}}
{"target": -1416.231795171793, "params": {"gamma": 9.053868422216771, "lr": 0.34741393280060506}, "datetime": {"datetime": "2024-06-13 14:28:18", "elapsed": 4.739811, "delta": 0.004986}}
{"target": -1345.5935200432746, "params": {"gamma": 4.475836267532962, "lr": 0.8512376625014975}, "datetime": {"datetime": "2024-06-13 14:28:18", "elapsed": 4.744798, "delta": 0.004987}}
{"target": -1405.2501190896803, "params": {"gamma": 5.768716203017017, "lr": 0.6539929348777337}, "datetime": {"datetime": "2024-06-13 14:28:18", "elapsed": 4.748787, "delta": 0.003989}}
{"target": -516.9886714916178, "params": {"gamma": 2.784314944612766, "lr": 0.48747130162584906}, "datetime": {"datetime": "2024-06-13 14:28:18", "elapsed": 4.752777, "delta": 0.00399}}
{"target": -1214.9969542907752, "params": {"gamma": 6.209902923417142, "lr": 0.13339403014523998}, "datetime": {"datetime": "2024-06-13 14:28:18", "elapsed": 4.757763, "delta": 0.004986}}
{"target": -172.4448734287445, "params": {"gamma": 0.3300542572087522, "lr": 0.11341100113082614}, "datetime": {"datetime": "2024-06-13 14:28:18", "elapsed": 4.761753, "delta": 0.00399}}
{"target": -2014.7270371820146, "params": {"gamma": 4.775133302320191, "lr": 0.02402673463080851}, "datetime": {"datetime": "2024-06-13 14:28:18", "elapsed": 4.765742, "delta": 0.003989}}
{"target": -2389.9075063624828, "params": {"gamma": 6.26246308244308, "lr": 0.09758261797608447}, "datetime": {"datetime": "2024-06-13 14:28:18", "elapsed": 4.770729, "delta": 0.004987}}
{"target": -424.22458975628615, "params": {"gamma": 2.5103644156247413, "lr": 0.42649294585621844}, "datetime": {"datetime": "2024-06-13 14:28:18", "elapsed": 4.775715, "delta": 0.004986}}
{"target": -216.43579021685656, "params": {"gamma": 1.159151640315784, "lr": 0.2705519937974664}, "datetime": {"datetime": "2024-06-13 14:28:18", "elapsed": 4.780702, "delta": 0.004987}}
{"target": -162.2980986035794, "params": {"gamma": 0.21177564868227716, "lr": 0.9850455536104694}, "datetime": {"datetime": "2024-06-13 14:28:18", "elapsed": 4.784722, "delta": 0.00402}}
{"target": -989.2309387002083, "params": {"gamma": 6.116124507605985, "lr": 0.3783538388352491}, "datetime": {"datetime": "2024-06-13 14:28:18", "elapsed": 4.788681, "delta": 0.003959}}
{"target": -143.95018430526622, "params": {"gamma": 0.2662569827533811, "lr": 0.3898387483749842}, "datetime": {"datetime": "2024-06-13 14:28:18", "elapsed": 4.793667, "delta": 0.004986}}
{"target": -1464.6096649969745, "params": {"gamma": 4.526133705237957, "lr": 0.9310031937645028}, "datetime": {"datetime": "2024-06-13 14:28:18", "elapsed": 4.797656, "delta": 0.003989}}
{"target": -671.2150029218201, "params": {"gamma": 2.7857632142087283, "lr": 0.6147818910832991}, "datetime": {"datetime": "2024-06-13 14:28:18", "elapsed": 4.801646, "delta": 0.00399}}
{"target": -1078.8487351244282, "params": {"gamma": 6.6520183774673525, "lr": 0.18596096979633892}, "datetime": {"datetime": "2024-06-13 14:28:18", "elapsed": 4.80763, "delta": 0.005984}}
{"target": -1476.8926751140236, "params": {"gamma": 5.058127726515332, "lr": 0.7865007628599349}, "datetime": {"datetime": "2024-06-13 14:28:18", "elapsed": 4.811619, "delta": 0.003989}}
{"target": -266.79400524417207, "params": {"gamma": 0.966693765249707, "lr": 0.6060352981689622}, "datetime": {"datetime": "2024-06-13 14:28:18", "elapsed": 4.816636, "delta": 0.005017}}
{"target": -202.98133388007662, "params": {"gamma": 0.261573266951244, "lr": 0.00704672381007565}, "datetime": {"datetime": "2024-06-13 14:28:18", "elapsed": 4.820596, "delta": 0.00396}}
{"target": -170.29473386053934, "params": {"gamma": 0.5962265427935735, "lr": 0.4814004591490364}, "datetime": {"datetime": "2024-06-13 14:28:18", "elapsed": 4.824585, "delta": 0.003989}}
{"target": -1495.27759663072, "params": {"gamma": 9.257115382793618, "lr": 0.4055573841390242}, "datetime": {"datetime": "2024-06-13 14:28:18", "elapsed": 4.829571, "delta": 0.004986}}
{"target": -272.3705880538357, "params": {"gamma": 0.7512513607260716, "lr": 0.8613524744830288}, "datetime": {"datetime": "2024-06-13 14:28:18", "elapsed": 4.83456, "delta": 0.004989}}
{"target": -789.8465457834786, "params": {"gamma": 5.193456557118933, "lr": 0.3189358689174241}, "datetime": {"datetime": "2024-06-13 14:28:18", "elapsed": 4.838548, "delta": 0.003988}}
{"target": -3097.015422872657, "params": {"gamma": 9.630360355507971, "lr": 0.9382617685023783}, "datetime": {"datetime": "2024-06-13 14:28:18", "elapsed": 4.842537, "delta": 0.003989}}
{"target": -423.662703547378, "params": {"gamma": 2.6009297005949668, "lr": 0.20139185371372026}, "datetime": {"datetime": "2024-06-13 14:28:18", "elapsed": 4.847523, "delta": 0.004986}}
{"target": -1764.8114057476353, "params": {"gamma": 5.889498124357467, "lr": 0.8425182098415589}, "datetime": {"datetime": "2024-06-13 14:28:18", "elapsed": 4.851513, "delta": 0.00399}}
{"target": -739.6812353460951, "params": {"gamma": 3.3678741763608038, "lr": 0.5864294214642616}, "datetime": {"datetime": "2024-06-13 14:28:18", "elapsed": 4.855502, "delta": 0.003989}}
{"target": -296.11753569983097, "params": {"gamma": 1.623287749788599, "lr": 0.19459373523814183}, "datetime": {"datetime": "2024-06-13 14:28:18", "elapsed": 4.860489, "delta": 0.004987}}
{"target": -1298.891781043347, "params": {"gamma": 7.613590824704965, "lr": 0.15009846135204996}, "datetime": {"datetime": "2024-06-13 14:28:18", "elapsed": 4.864478, "delta": 0.003989}}
{"target": -688.0656168372686, "params": {"gamma": 2.659804503437227, "lr": 0.6894948631776694}, "datetime": {"datetime": "2024-06-13 14:28:18", "elapsed": 4.869465, "delta": 0.004987}}
{"target": -177.31938934824962, "params": {"gamma": 0.15187798702215813, "lr": 0.03219440386857053}, "datetime": {"datetime": "2024-06-13 14:28:18", "elapsed": 4.874452, "delta": 0.004987}}
{"target": -465.7941057383378, "params": {"gamma": 2.8759718743002627, "lr": 0.3366231805122991}, "datetime": {"datetime": "2024-06-13 14:28:18", "elapsed": 4.878441, "delta": 0.003989}}
{"target": -1068.3022473390383, "params": {"gamma": 3.622798839194582, "lr": 0.8071905755135196}, "datetime": {"datetime": "2024-06-13 14:28:18", "elapsed": 4.883427, "delta": 0.004986}}
{"target": -142.8753905372385, "params": {"gamma": 0.3607736956187603, "lr": 0.3583952446253251}, "datetime": {"datetime": "2024-06-13 14:28:18", "elapsed": 4.887417, "delta": 0.00399}}
{"target": -1094.0776694574115, "params": {"gamma": 6.383143054534976, "lr": 0.14300410951832265}, "datetime": {"datetime": "2024-06-13 14:28:18", "elapsed": 4.892403, "delta": 0.004986}}
{"target": -2080.339890695616, "params": {"gamma": 8.577528406499894, "lr": 0.6455644082734328}, "datetime": {"datetime": "2024-06-13 14:28:18", "elapsed": 4.896393, "delta": 0.00399}}
{"target": -217.3387899224318, "params": {"gamma": 1.1538189613747907, "lr": 0.2080974099989472}, "datetime": {"datetime": "2024-06-13 14:28:18", "elapsed": 4.901379, "delta": 0.004986}}
{"target": -1207.9692335126977, "params": {"gamma": 7.455237809150899, "lr": 0.40340662833417285}, "datetime": {"datetime": "2024-06-13 14:28:18", "elapsed": 4.905369, "delta": 0.00399}}
{"target": -1495.6654194346536, "params": {"gamma": 4.84521613942412, "lr": 0.8874550780727275}, "datetime": {"datetime": "2024-06-13 14:28:18", "elapsed": 4.910356, "delta": 0.004987}}
{"target": -468.1697835350678, "params": {"gamma": 1.3752980526926846, "lr": 0.9643727973861176}, "datetime": {"datetime": "2024-06-13 14:28:18", "elapsed": 4.914344, "delta": 0.003988}}
{"target": -235.35805207841454, "params": {"gamma": 0.4272541882840023, "lr": 0.09944025725488481}, "datetime": {"datetime": "2024-06-13 14:28:18", "elapsed": 4.919332, "delta": 0.004988}}
{"target": -668.8656267275989, "params": {"gamma": 2.2331610709734946, "lr": 0.8065850822605141}, "datetime": {"datetime": "2024-06-13 14:28:18", "elapsed": 4.92332, "delta": 0.003988}}
{"target": -1114.9847257419688, "params": {"gamma": 4.559272200887655, "lr": 0.6532511422613194}, "datetime": {"datetime": "2024-06-13 14:28:18", "elapsed": 4.929304, "delta": 0.005984}}
{"target": -313.152039200274, "params": {"gamma": 1.7440370540608525, "lr": 0.16672193292652826}, "datetime": {"datetime": "2024-06-13 14:28:18", "elapsed": 4.933294, "delta": 0.00399}}
{"target": -1356.0493818284062, "params": {"gamma": 5.208962557197339, "lr": 0.7402936352802216}, "datetime": {"datetime": "2024-06-13 14:28:18", "elapsed": 4.937283, "delta": 0.003989}}
{"target": -1429.2146574693943, "params": {"gamma": 4.62528217768507, "lr": 0.8696140851211128}, "datetime": {"datetime": "2024-06-13 14:28:18", "elapsed": 4.94227, "delta": 0.004987}}
{"target": -1005.6509235258053, "params": {"gamma": 6.604458934771733, "lr": 0.2490900884519328}, "datetime": {"datetime": "2024-06-13 14:28:18", "elapsed": 4.946259, "delta": 0.003989}}
{"target": -383.98807268868774, "params": {"gamma": 2.3497873058002465, "lr": 0.3740467168670696}, "datetime": {"datetime": "2024-06-13 14:28:18", "elapsed": 4.951246, "delta": 0.004987}}
{"target": -2436.652654444715, "params": {"gamma": 7.566403946905877, "lr": 0.9379376643097822}, "datetime": {"datetime": "2024-06-13 14:28:18", "elapsed": 4.955237, "delta": 0.003991}}
{"target": -1345.3998335961899, "params": {"gamma": 8.61919808718901, "lr": 0.26161079268292176}, "datetime": {"datetime": "2024-06-13 14:28:18", "elapsed": 4.960223, "delta": 0.004986}}
{"target": -980.3200284264033, "params": {"gamma": 4.12337700085772, "lr": 0.6115440994503215}, "datetime": {"datetime": "2024-06-13 14:28:18", "elapsed": 4.965209, "delta": 0.004986}}
{"target": -886.8365187492777, "params": {"gamma": 5.468797723702268, "lr": 0.3892749454089657}, "datetime": {"datetime": "2024-06-13 14:28:18", "elapsed": 4.969198, "delta": 0.003989}}
{"target": -291.0134159426502, "params": {"gamma": 1.0151063480358857, "lr": 0.7122448043972556}, "datetime": {"datetime": "2024-06-13 14:28:18", "elapsed": 4.974184, "delta": 0.004986}}
{"target": -307.7509128603621, "params": {"gamma": 0.8822635040904132, "lr": 0.8660774293737196}, "datetime": {"datetime": "2024-06-13 14:28:18", "elapsed": 4.978174, "delta": 0.00399}}
{"target": -2171.738911556927, "params": {"gamma": 8.634620954886014, "lr": 0.7084507915153727}, "datetime": {"datetime": "2024-06-13 14:28:18", "elapsed": 4.982164, "delta": 0.00399}}
{"target": -1238.3809308691561, "params": {"gamma": 4.864759313503054, "lr": 0.6991465654129165}, "datetime": {"datetime": "2024-06-13 14:28:18", "elapsed": 4.98715, "delta": 0.004986}}
{"target": -1157.1031513462194, "params": {"gamma": 3.950475613957549, "lr": 0.7974959842933487}, "datetime": {"datetime": "2024-06-13 14:28:18", "elapsed": 4.994131, "delta": 0.006981}}
{"target": -1340.6429505077963, "params": {"gamma": 7.864384405716199, "lr": 0.15552858387362167}, "datetime": {"datetime": "2024-06-13 14:28:18", "elapsed": 4.998121, "delta": 0.00399}}
{"target": -511.6861658045032, "params": {"gamma": 3.1788576859556272, "lr": 0.34398317678599033}, "datetime": {"datetime": "2024-06-13 14:28:18", "elapsed": 5.00211, "delta": 0.003989}}
{"target": -782.2194846857803, "params": {"gamma": 3.6423388162366046, "lr": 0.5666455566878987}, "datetime": {"datetime": "2024-06-13 14:28:18", "elapsed": 5.007097, "delta": 0.004987}}
{"target": -173.12538197621822, "params": {"gamma": 0.4178327377603575, "lr": 0.6599697189638991}, "datetime": {"datetime": "2024-06-13 14:28:18", "elapsed": 5.012084, "delta": 0.004987}}
{"target": -348.59661621077726, "params": {"gamma": 2.0171159588072864, "lr": 0.4164625561731081}, "datetime": {"datetime": "2024-06-13 14:28:18", "elapsed": 5.016073, "delta": 0.003989}}
{"target": -715.2352838433592, "params": {"gamma": 4.5094756723505, "lr": 0.3487267695476459}, "datetime": {"datetime": "2024-06-13 14:28:18", "elapsed": 5.022059, "delta": 0.005986}}
{"target": -637.6501080493313, "params": {"gamma": 3.8334198209699974, "lr": 0.18030606084775935}, "datetime": {"datetime": "2024-06-13 14:28:18", "elapsed": 5.026046, "delta": 0.003987}}
{"target": -200.5183428787862, "params": {"gamma": 0.68223244388335, "lr": 0.5512566489358516}, "datetime": {"datetime": "2024-06-13 14:28:18", "elapsed": 5.031033, "delta": 0.004987}}
{"target": -1023.5071329080702, "params": {"gamma": 5.959073589220895, "lr": 0.1454997892217088}, "datetime": {"datetime": "2024-06-13 14:28:18", "elapsed": 5.035022, "delta": 0.003989}}
{"target": -376.846845174156, "params": {"gamma": 2.310186141512919, "lr": 0.2863771315373824}, "datetime": {"datetime": "2024-06-13 14:28:18", "elapsed": 5.040009, "delta": 0.004987}}
{"target": -1414.4440571699681, "params": {"gamma": 8.307682917677353, "lr": 0.15342094116241234}, "datetime": {"datetime": "2024-06-13 14:28:18", "elapsed": 5.043998, "delta": 0.003989}}
{"target": -1172.6676723816408, "params": {"gamma": 5.521835936727261, "lr": 0.5681397176921924}, "datetime": {"datetime": "2024-06-13 14:28:18", "elapsed": 5.048985, "delta": 0.004987}}
{"target": -550.6476662242521, "params": {"gamma": 3.434857510993614, "lr": 0.3506171893069536}, "datetime": {"datetime": "2024-06-13 14:28:18", "elapsed": 5.05497, "delta": 0.005985}}
{"target": -2053.4792703035314, "params": {"gamma": 9.591161063174503, "lr": 0.5533439494595207}, "datetime": {"datetime": "2024-06-13 14:28:18", "elapsed": 5.058958, "delta": 0.003988}}
{"target": -1177.6283170285417, "params": {"gamma": 6.527659277808647, "lr": 0.4907401164444133}, "datetime": {"datetime": "2024-06-13 14:28:18", "elapsed": 5.062947, "delta": 0.003989}}
{"target": -1525.1641025595825, "params": {"gamma": 6.466853166736234, "lr": 0.605250785507062}, "datetime": {"datetime": "2024-06-13 14:28:18", "elapsed": 5.067934, "delta": 0.004987}}
{"target": -257.2810231434735, "params": {"gamma": 1.452587755908036, "lr": 0.3346805328845932}, "datetime": {"datetime": "2024-06-13 14:28:18", "elapsed": 5.071924, "delta": 0.00399}}
{"target": -906.6334532423383, "params": {"gamma": 4.604879500595876, "lr": 0.12782166160638486}, "datetime": {"datetime": "2024-06-13 14:28:18", "elapsed": 5.075913, "delta": 0.003989}}
{"target": -563.9911480238356, "params": {"gamma": 3.6313701627213772, "lr": 0.22814163429292222}, "datetime": {"datetime": "2024-06-13 14:28:18", "elapsed": 5.080899, "delta": 0.004986}}
{"target": -1326.85333374553, "params": {"gamma": 8.47517852010175, "lr": 0.34147408002129864}, "datetime": {"datetime": "2024-06-13 14:28:18", "elapsed": 5.085691, "delta": 0.004792}}
{"target": -386.95710820834285, "params": {"gamma": 2.268666417341983, "lr": 0.4081814028522822}, "datetime": {"datetime": "2024-06-13 14:28:18", "elapsed": 5.090677, "delta": 0.004986}}
{"target": -2865.517527037981, "params": {"gamma": 6.830957412174848, "lr": 0.06562199896142484}, "datetime": {"datetime": "2024-06-13 14:28:18", "elapsed": 5.094666, "delta": 0.003989}}
{"target": -478.95881374029716, "params": {"gamma": 1.8081114068162947, "lr": 0.6943069389237286}, "datetime": {"datetime": "2024-06-13 14:28:18", "elapsed": 5.098655, "delta": 0.003989}}
{"target": -1771.040822699144, "params": {"gamma": 7.522813791436128, "lr": 0.6177542796100679}, "datetime": {"datetime": "2024-06-13 14:28:18", "elapsed": 5.103642, "delta": 0.004987}}
{"target": -1424.9966016016297, "params": {"gamma": 8.792106406805418, "lr": 0.16880019007759361}, "datetime": {"datetime": "2024-06-13 14:28:18", "elapsed": 5.107632, "delta": 0.00399}}
{"target": -2266.9048615720126, "params": {"gamma": 7.0357737742820845, "lr": 0.9172601590800086}, "datetime": {"datetime": "2024-06-13 14:28:18", "elapsed": 5.112618, "delta": 0.004986}}
{"target": -259.5108784737955, "params": {"gamma": 1.508245851371479, "lr": 0.24376397739618116}, "datetime": {"datetime": "2024-06-13 14:28:18", "elapsed": 5.117606, "delta": 0.004988}}
{"target": -862.6550938148539, "params": {"gamma": 5.467299036335953, "lr": 0.3441193369759975}, "datetime": {"datetime": "2024-06-13 14:28:18", "elapsed": 5.122592, "delta": 0.004986}}
{"target": -2896.8710088896355, "params": {"gamma": 6.90670016874316, "lr": 0.05756761842510749}, "datetime": {"datetime": "2024-06-13 14:28:18", "elapsed": 5.126581, "delta": 0.003989}}
{"target": -427.22892858350656, "params": {"gamma": 1.6084806590922747, "lr": 0.7162383064796215}, "datetime": {"datetime": "2024-06-13 14:28:18", "elapsed": 5.131568, "delta": 0.004987}}
{"target": -3121.2873725727904, "params": {"gamma": 9.706216365641005, "lr": 0.9295503765123406}, "datetime": {"datetime": "2024-06-13 14:28:18", "elapsed": 5.135557, "delta": 0.003989}}
{"target": -1754.0005408777436, "params": {"gamma": 9.010768867234715, "lr": 0.12774331390359328}, "datetime": {"datetime": "2024-06-13 14:28:18", "elapsed": 5.1396, "delta": 0.004043}}
{"target": -651.1599993565421, "params": {"gamma": 1.4601432517979631, "lr": 0.07226475681487265}, "datetime": {"datetime": "2024-06-13 14:28:18", "elapsed": 5.144533, "delta": 0.004933}}
{"target": -1672.7740095493327, "params": {"gamma": 5.425859791214765, "lr": 0.8824861729023715}, "datetime": {"datetime": "2024-06-13 14:28:18", "elapsed": 5.14952, "delta": 0.004987}}
{"target": -1552.1181827499058, "params": {"gamma": 5.318387208768819, "lr": 0.7817152853959399}, "datetime": {"datetime": "2024-06-13 14:28:18", "elapsed": 5.154506, "delta": 0.004986}}
{"target": -599.2650448712089, "params": {"gamma": 1.8853494153257044, "lr": 0.863111260166335}, "datetime": {"datetime": "2024-06-13 14:28:18", "elapsed": 5.158496, "delta": 0.00399}}
{"target": -819.7196086391604, "params": {"gamma": 1.8750602824827893, "lr": 0.054764126066523255}, "datetime": {"datetime": "2024-06-13 14:28:18", "elapsed": 5.163482, "delta": 0.004986}}
{"target": -915.0191157174085, "params": {"gamma": 4.215488613270554, "lr": 0.5551044300084385}, "datetime": {"datetime": "2024-06-13 14:28:18", "elapsed": 5.167472, "delta": 0.00399}}
{"target": -3693.6891199579873, "params": {"gamma": 9.707449353204424, "lr": 0.09175383344119148}, "datetime": {"datetime": "2024-06-13 14:28:18", "elapsed": 5.171462, "delta": 0.00399}}
{"target": -839.1628209902174, "params": {"gamma": 2.7399070142023203, "lr": 0.10510706908204948}, "datetime": {"datetime": "2024-06-13 14:28:18", "elapsed": 5.176448, "delta": 0.004986}}
{"target": -616.7272684653335, "params": {"gamma": 3.9050059277394262, "lr": 0.2890110831877697}, "datetime": {"datetime": "2024-06-13 14:28:18", "elapsed": 5.181435, "delta": 0.004987}}
{"target": -811.2339411604395, "params": {"gamma": 5.133490194329599, "lr": 0.348256681750747}, "datetime": {"datetime": "2024-06-13 14:28:18", "elapsed": 5.185424, "delta": 0.003989}}
{"target": -2699.09513340759, "params": {"gamma": 9.28235195448276, "lr": 0.7899477963830404}, "datetime": {"datetime": "2024-06-13 14:28:18", "elapsed": 5.190411, "delta": 0.004987}}
{"target": -1676.9077436990478, "params": {"gamma": 8.610252674771141, "lr": 0.12950094594289585}, "datetime": {"datetime": "2024-06-13 14:28:19", "elapsed": 5.1944, "delta": 0.003989}}
{"target": -903.779133988665, "params": {"gamma": 5.751126599720151, "lr": 0.21478253588485874}, "datetime": {"datetime": "2024-06-13 14:28:19", "elapsed": 5.199386, "delta": 0.004986}}
{"target": -3632.0112218129766, "params": {"gamma": 8.682517475837448, "lr": 0.015019421753424078}, "datetime": {"datetime": "2024-06-13 14:28:19", "elapsed": 5.203376, "delta": 0.00399}}
{"target": -211.61391914680962, "params": {"gamma": 1.0583364070853916, "lr": 0.3760570755473156}, "datetime": {"datetime": "2024-06-13 14:28:19", "elapsed": 5.207365, "delta": 0.003989}}
{"target": -673.9076354570041, "params": {"gamma": 4.021536967025843, "lr": 0.2772200829786826}, "datetime": {"datetime": "2024-06-13 14:28:19", "elapsed": 5.213349, "delta": 0.005984}}
{"target": -275.6361443299286, "params": {"gamma": 0.9615339246006319, "lr": 0.11873040511259358}, "datetime": {"datetime": "2024-06-13 14:28:19", "elapsed": 5.217335, "delta": 0.003986}}
{"target": -1035.570657537812, "params": {"gamma": 3.1801295937194918, "lr": 0.9507928340777205}, "datetime": {"datetime": "2024-06-13 14:28:19", "elapsed": 5.222322, "delta": 0.004987}}
