{"target": -113.63273712346606, "params": {"gamma": 2.3106546042570515, "prior": 0.6739605523903935, "rate": 1.3890263639386906}, "datetime": {"datetime": "2024-06-14 04:54:09", "elapsed": 4.556429, "delta": 0.008975}}
{"target": -590.616905233602, "params": {"gamma": 9.351596002308344, "prior": 8.896566823226658, "rate": 2.893315694333617}, "datetime": {"datetime": "2024-06-14 04:54:09", "elapsed": 4.565434, "delta": 0.009005}}
{"target": -501.2786821914946, "params": {"gamma": 9.477692896949968, "prior": 8.514312298791047, "rate": 4.347113285922664}, "datetime": {"datetime": "2024-06-14 04:54:09", "elapsed": 4.574413, "delta": 0.008979}}
{"target": -331.07819688743047, "params": {"gamma": 4.681027499109862, "prior": 6.335544913675885, "rate": 1.581160317803163}, "datetime": {"datetime": "2024-06-14 04:54:09", "elapsed": 4.583358, "delta": 0.008945}}
{"target": -152.72391836598072, "params": {"gamma": 0.14880608533418707, "prior": 2.72856897297662, "rate": 0.15542087579566607}, "datetime": {"datetime": "2024-06-14 04:54:09", "elapsed": 4.592333, "delta": 0.008975}}
{"target": -341.56272918287004, "params": {"gamma": 6.745313942778413, "prior": 5.559541474546487, "rate": 3.2171598078821737}, "datetime": {"datetime": "2024-06-14 04:54:09", "elapsed": 4.602478, "delta": 0.010145}}
{"target": -220.691853904448, "params": {"gamma": 7.802243168860467, "prior": 1.543275769026293, "rate": 2.449561506980074}, "datetime": {"datetime": "2024-06-14 04:54:09", "elapsed": 4.611454, "delta": 0.008976}}
{"target": -196.8305611413726, "params": {"gamma": 2.923845306630798, "prior": 2.0397262703400223, "rate": 0.8802988990222627}, "datetime": {"datetime": "2024-06-14 04:54:09", "elapsed": 4.620401, "delta": 0.008947}}
{"target": -306.42845465588994, "params": {"gamma": 8.699891826535803, "prior": 0.9730675911579497, "rate": 6.837419647880558}, "datetime": {"datetime": "2024-06-14 04:54:09", "elapsed": 4.629377, "delta": 0.008976}}
{"target": -106.40158533452788, "params": {"gamma": 1.204888367700376, "prior": 0.20592013112732416, "rate": 5.573125032519063}, "datetime": {"datetime": "2024-06-14 04:54:09", "elapsed": 4.638353, "delta": 0.008976}}
{"target": -537.3710752556725, "params": {"gamma": 9.071183443148486, "prior": 8.618521006635163, "rate": 3.3851753897983823}, "datetime": {"datetime": "2024-06-14 04:54:09", "elapsed": 4.647329, "delta": 0.008976}}
{"target": -133.3785670996452, "params": {"gamma": 0.27256113442929636, "prior": 8.028507615787328, "rate": 8.06004333796437}, "datetime": {"datetime": "2024-06-14 04:54:09", "elapsed": 4.656305, "delta": 0.008976}}
{"target": -270.10921025633155, "params": {"gamma": 8.685012674911418, "prior": 6.729501338767777, "rate": 8.077980844288449}, "datetime": {"datetime": "2024-06-14 04:54:09", "elapsed": 4.665281, "delta": 0.008976}}
{"target": -275.27361024033996, "params": {"gamma": 8.9750853247459, "prior": 4.592916509851121, "rate": 5.578695211845391}, "datetime": {"datetime": "2024-06-14 04:54:09", "elapsed": 4.675255, "delta": 0.009974}}
{"target": -202.54816867601664, "params": {"gamma": 5.06180515715352, "prior": 6.9506406547897654, "rate": 6.829385769431119}, "datetime": {"datetime": "2024-06-14 04:54:09", "elapsed": 4.68423, "delta": 0.008975}}
{"target": -265.1768461312388, "params": {"gamma": 5.203616044997302, "prior": 8.301834666046165, "rate": 5.058288088511875}, "datetime": {"datetime": "2024-06-14 04:54:09", "elapsed": 4.693206, "delta": 0.008976}}
{"target": -397.4600579031957, "params": {"gamma": 8.248760765289934, "prior": 2.8902663726181053, "rate": 1.7857698349419049}, "datetime": {"datetime": "2024-06-14 04:54:09", "elapsed": 4.702182, "delta": 0.008976}}
{"target": -598.1691556799526, "params": {"gamma": 9.698735832876796, "prior": 7.44520130201516, "rate": 2.598657141350841}, "datetime": {"datetime": "2024-06-14 04:54:09", "elapsed": 4.711158, "delta": 0.008976}}
{"target": -479.9249656144589, "params": {"gamma": 5.8127721875694265, "prior": 9.557096310028049, "rate": 0.808458324212976}, "datetime": {"datetime": "2024-06-14 04:54:09", "elapsed": 4.720134, "delta": 0.008976}}
{"target": -140.18014632129302, "params": {"gamma": 0.8362585364103492, "prior": 6.229434831057081, "rate": 2.245710294880741}, "datetime": {"datetime": "2024-06-14 04:54:09", "elapsed": 4.72911, "delta": 0.008976}}
{"target": -249.3134391101446, "params": {"gamma": 7.652074383378348, "prior": 5.72471017519614, "rate": 6.66221471414473}, "datetime": {"datetime": "2024-06-14 04:54:09", "elapsed": 4.739083, "delta": 0.009973}}
{"target": -102.12633623445089, "params": {"gamma": 1.0790311940451294, "prior": 0.9344022092219122, "rate": 6.251585561986592}, "datetime": {"datetime": "2024-06-14 04:54:09", "elapsed": 4.748059, "delta": 0.008976}}
{"target": -146.31260585040323, "params": {"gamma": 4.097902880079071, "prior": 0.9637999863326198, "rate": 3.711268386216875}, "datetime": {"datetime": "2024-06-14 04:54:09", "elapsed": 4.757035, "delta": 0.008976}}
{"target": -219.2257898722752, "params": {"gamma": 6.72177195215883, "prior": 1.9769152618966988, "rate": 8.957395356178512}, "datetime": {"datetime": "2024-06-14 04:54:09", "elapsed": 4.766011, "delta": 0.008976}}
{"target": -399.735638817121, "params": {"gamma": 9.498514042411992, "prior": 9.619568170101886, "rate": 7.301095494844863}, "datetime": {"datetime": "2024-06-14 04:54:09", "elapsed": 4.774987, "delta": 0.008976}}
{"target": -259.28661622867236, "params": {"gamma": 4.063477988455463, "prior": 7.463117043877074, "rate": 2.8805808058682407}, "datetime": {"datetime": "2024-06-14 04:54:09", "elapsed": 4.783964, "delta": 0.008977}}
{"target": -152.69858681244938, "params": {"gamma": 3.144857806685071, "prior": 6.098373976056793, "rate": 5.948876486945769}, "datetime": {"datetime": "2024-06-14 04:54:09", "elapsed": 4.792939, "delta": 0.008975}}
{"target": -249.71224743479368, "params": {"gamma": 8.786731102181795, "prior": 2.620547481039712, "rate": 7.662117463663015}, "datetime": {"datetime": "2024-06-14 04:54:09", "elapsed": 4.802913, "delta": 0.009974}}
{"target": -421.20152291637396, "params": {"gamma": 9.410191654922194, "prior": 0.11022603331157285, "rate": 4.761415090903047}, "datetime": {"datetime": "2024-06-14 04:54:09", "elapsed": 4.811889, "delta": 0.008976}}
{"target": -466.386983936843, "params": {"gamma": 6.570746249918269, "prior": 8.448899817803273, "rate": 1.8382103793481412}, "datetime": {"datetime": "2024-06-14 04:54:09", "elapsed": 4.820865, "delta": 0.008976}}
{"target": -235.87939685532382, "params": {"gamma": 8.56173622063573, "prior": 3.7072182505845768, "rate": 8.922847018832448}, "datetime": {"datetime": "2024-06-14 04:54:09", "elapsed": 4.829841, "delta": 0.008976}}
{"target": -120.95929214701776, "params": {"gamma": 0.2780896894835276, "prior": 0.9453623773193891, "rate": 9.81412324707537}, "datetime": {"datetime": "2024-06-14 04:54:09", "elapsed": 4.838817, "delta": 0.008976}}
{"target": -365.37399779076407, "params": {"gamma": 6.095409755809193, "prior": 4.234560233460414, "rate": 1.6929726327522117}, "datetime": {"datetime": "2024-06-14 04:54:09", "elapsed": 4.84838, "delta": 0.009563}}
{"target": -233.17302505079283, "params": {"gamma": 6.499361629743811, "prior": 0.46605317675764246, "rate": 3.116827520693586}, "datetime": {"datetime": "2024-06-14 04:54:09", "elapsed": 4.857359, "delta": 0.008979}}
{"target": -149.82909918439603, "params": {"gamma": 3.2354684906937643, "prior": 6.11367474579408, "rate": 6.508661735500295}, "datetime": {"datetime": "2024-06-14 04:54:09", "elapsed": 4.866335, "delta": 0.008976}}
{"target": -374.40245583791136, "params": {"gamma": 8.460699937765456, "prior": 9.28305133171568, "rate": 6.604916818383386}, "datetime": {"datetime": "2024-06-14 04:54:09", "elapsed": 4.876312, "delta": 0.009977}}
{"target": -173.74931144502398, "params": {"gamma": 5.782161010166973, "prior": 4.047283881927183, "rate": 9.666158313928777}, "datetime": {"datetime": "2024-06-14 04:54:09", "elapsed": 4.885761, "delta": 0.009449}}
{"target": -155.31744220386872, "params": {"gamma": 1.541637639151742, "prior": 8.96135940562162, "rate": 3.1108196657805305}, "datetime": {"datetime": "2024-06-14 04:54:09", "elapsed": 4.895433, "delta": 0.009672}}
{"target": -348.7176307298628, "params": {"gamma": 5.485342407571374, "prior": 6.852455958484867, "rate": 2.3654600436102275}, "datetime": {"datetime": "2024-06-14 04:54:09", "elapsed": 4.904409, "delta": 0.008976}}
{"target": -111.96892176160586, "params": {"gamma": 1.678199113817666, "prior": 5.133971932953198, "rate": 7.918846891971133}, "datetime": {"datetime": "2024-06-14 04:54:09", "elapsed": 4.913385, "delta": 0.008976}}
{"target": -249.1940117150827, "params": {"gamma": 6.9244522072085894, "prior": 1.277836038012847, "rate": 9.007521408502258}, "datetime": {"datetime": "2024-06-14 04:54:09", "elapsed": 4.922361, "delta": 0.008976}}
{"target": -252.84747111996145, "params": {"gamma": 4.797895932924502, "prior": 9.47209912447251, "rate": 5.53478362877641}, "datetime": {"datetime": "2024-06-14 04:54:09", "elapsed": 4.932334, "delta": 0.009973}}
{"target": -103.37750250926413, "params": {"gamma": 0.8489334147818686, "prior": 2.1043840531779026, "rate": 8.542525491190911}, "datetime": {"datetime": "2024-06-14 04:54:09", "elapsed": 4.94131, "delta": 0.008976}}
{"target": -432.327763278243, "params": {"gamma": 7.0595677402804276, "prior": 8.95990124951395, "rate": 3.2921308719412035}, "datetime": {"datetime": "2024-06-14 04:54:09", "elapsed": 4.950286, "delta": 0.008976}}
{"target": -217.62704124389202, "params": {"gamma": 5.280485964979625, "prior": 6.538941511592786, "rate": 5.943314245013059}, "datetime": {"datetime": "2024-06-14 04:54:09", "elapsed": 4.960261, "delta": 0.009975}}
{"target": -158.53231523274073, "params": {"gamma": 2.315397892406944, "prior": 4.325531359537532, "rate": 2.481866529137688}, "datetime": {"datetime": "2024-06-14 04:54:09", "elapsed": 4.969236, "delta": 0.008975}}
{"target": -693.3549200494905, "params": {"gamma": 8.456304007349223, "prior": 9.868106705184019, "rate": 0.6666414605206605}, "datetime": {"datetime": "2024-06-14 04:54:09", "elapsed": 4.978212, "delta": 0.008976}}
{"target": -201.8317284582212, "params": {"gamma": 7.139566394637347, "prior": 3.3681439667708357, "rate": 6.254728347736019}, "datetime": {"datetime": "2024-06-14 04:54:09", "elapsed": 4.988185, "delta": 0.009973}}
{"target": -167.75623163050452, "params": {"gamma": 2.582038363169428, "prior": 6.5449753321541015, "rate": 3.7121006974428328}, "datetime": {"datetime": "2024-06-14 04:54:09", "elapsed": 4.997161, "delta": 0.008976}}
{"target": -145.06390872914275, "params": {"gamma": 2.9489139744901, "prior": 9.126455419608208, "rate": 9.425046243387849}, "datetime": {"datetime": "2024-06-14 04:54:09", "elapsed": 5.006137, "delta": 0.008976}}
{"target": -199.8458340582192, "params": {"gamma": 6.135886715574795, "prior": 2.223231030223857, "rate": 9.394249290190688}, "datetime": {"datetime": "2024-06-14 04:54:09", "elapsed": 5.015113, "delta": 0.008976}}
{"target": -497.79913984192996, "params": {"gamma": 7.504785013686519, "prior": 7.53578909249578, "rate": 2.1180016271500137}, "datetime": {"datetime": "2024-06-14 04:54:09", "elapsed": 5.024089, "delta": 0.008976}}
{"target": -231.86220582961658, "params": {"gamma": 8.30173510509683, "prior": 2.47694202619598, "rate": 6.316575831756353}, "datetime": {"datetime": "2024-06-14 04:54:09", "elapsed": 5.033065, "delta": 0.008976}}
{"target": -376.3708297402501, "params": {"gamma": 7.107684959425964, "prior": 7.449595954100307, "rate": 3.9032567812912102}, "datetime": {"datetime": "2024-06-14 04:54:09", "elapsed": 5.042041, "delta": 0.008976}}
{"target": -357.90984185739336, "params": {"gamma": 7.598494141764259, "prior": 9.039065431004929, "rate": 5.8746127723565325}, "datetime": {"datetime": "2024-06-14 04:54:09", "elapsed": 5.051017, "delta": 0.008976}}
{"target": -124.11889109798922, "params": {"gamma": 0.9050067472322914, "prior": 1.376862243008533, "rate": 1.0535200041012063}, "datetime": {"datetime": "2024-06-14 04:54:09", "elapsed": 5.059994, "delta": 0.008977}}
{"target": -106.97884221684241, "params": {"gamma": 1.7281019057654774, "prior": 1.3516658138678819, "rate": 7.783230599786209}, "datetime": {"datetime": "2024-06-14 04:54:09", "elapsed": 5.069966, "delta": 0.009972}}
{"target": -117.05524922026856, "params": {"gamma": 0.39507571033225836, "prior": 2.491428331674554, "rate": 8.790784947183296}, "datetime": {"datetime": "2024-06-14 04:54:09", "elapsed": 5.07845, "delta": 0.008484}}
{"target": -260.9816685905439, "params": {"gamma": 9.7352150895021, "prior": 6.093677876497776, "rate": 9.762406407339324}, "datetime": {"datetime": "2024-06-14 04:54:09", "elapsed": 5.087426, "delta": 0.008976}}
{"target": -141.32146356355182, "params": {"gamma": 0.43547196560805285, "prior": 9.490870406922475, "rate": 3.113649528479215}, "datetime": {"datetime": "2024-06-14 04:54:09", "elapsed": 5.0974, "delta": 0.009974}}
{"target": -273.61337012191177, "params": {"gamma": 7.989929430775569, "prior": 8.125228124124325, "rate": 8.600125917211868}, "datetime": {"datetime": "2024-06-14 04:54:09", "elapsed": 5.106375, "delta": 0.008975}}
{"target": -316.7424953247526, "params": {"gamma": 4.586049558214109, "prior": 9.313379482437938, "rate": 2.579671951285972}, "datetime": {"datetime": "2024-06-14 04:54:09", "elapsed": 5.115351, "delta": 0.008976}}
{"target": -253.36782998386428, "params": {"gamma": 9.344520479803316, "prior": 6.229284369191439, "rate": 9.85446370453336}, "datetime": {"datetime": "2024-06-14 04:54:09", "elapsed": 5.124327, "delta": 0.008976}}
{"target": -133.5280248193175, "params": {"gamma": 0.3274060157599613, "prior": 7.279149922443812, "rate": 5.655976799568431}, "datetime": {"datetime": "2024-06-14 04:54:09", "elapsed": 5.133304, "delta": 0.008977}}
{"target": -178.6094605031599, "params": {"gamma": 4.924748049935798, "prior": 2.6662594439422964, "rate": 3.268980017978885}, "datetime": {"datetime": "2024-06-14 04:54:09", "elapsed": 5.142279, "delta": 0.008975}}
{"target": -114.42512700733451, "params": {"gamma": 2.495372604807176, "prior": 2.270752312218102, "rate": 7.996808714410864}, "datetime": {"datetime": "2024-06-14 04:54:09", "elapsed": 5.151255, "delta": 0.008976}}
{"target": -195.58291260673153, "params": {"gamma": 5.024447663976686, "prior": 0.9235798981002775, "rate": 7.770064936081777}, "datetime": {"datetime": "2024-06-14 04:54:09", "elapsed": 5.161243, "delta": 0.009988}}
{"target": -253.5764201984688, "params": {"gamma": 5.336957111761226, "prior": 7.419939094729182, "rate": 5.154421537738071}, "datetime": {"datetime": "2024-06-14 04:54:09", "elapsed": 5.170217, "delta": 0.008974}}
{"target": -381.7461876544061, "params": {"gamma": 4.0000592939273325, "prior": 9.86384314611932, "rate": 0.2833979590089639}, "datetime": {"datetime": "2024-06-14 04:54:09", "elapsed": 5.179193, "delta": 0.008976}}
{"target": -538.1247380102456, "params": {"gamma": 9.327706315740619, "prior": 9.315464180823684, "rate": 3.909796196303079}, "datetime": {"datetime": "2024-06-14 04:54:09", "elapsed": 5.188171, "delta": 0.008978}}
{"target": -184.42472713227895, "params": {"gamma": 2.145434246462065, "prior": 6.230211649539066, "rate": 1.7805453823662243}, "datetime": {"datetime": "2024-06-14 04:54:09", "elapsed": 5.198145, "delta": 0.009974}}
{"target": -266.0793548503417, "params": {"gamma": 8.032278735085756, "prior": 2.613945173189579, "rate": 2.9087707441717465}, "datetime": {"datetime": "2024-06-14 04:54:09", "elapsed": 5.208121, "delta": 0.009976}}
{"target": -449.2869449008196, "params": {"gamma": 9.15924198430956, "prior": 9.038876651396649, "rate": 5.354273536413487}, "datetime": {"datetime": "2024-06-14 04:54:09", "elapsed": 5.217099, "delta": 0.008978}}
{"target": -243.28509373881644, "params": {"gamma": 8.628526966805577, "prior": 3.5900724311701118, "rate": 9.978844897970799}, "datetime": {"datetime": "2024-06-14 04:54:09", "elapsed": 5.226075, "delta": 0.008976}}
{"target": -348.05946231441965, "params": {"gamma": 4.337463704310366, "prior": 3.0186389168051044, "rate": 0.4167007652577235}, "datetime": {"datetime": "2024-06-14 04:54:09", "elapsed": 5.235053, "delta": 0.008978}}
{"target": -265.96313039993726, "params": {"gamma": 9.897079830913631, "prior": 4.702387546027041, "rate": 7.346115555489657}, "datetime": {"datetime": "2024-06-14 04:54:09", "elapsed": 5.24403, "delta": 0.008977}}
{"target": -533.7526766978973, "params": {"gamma": 6.408435432834701, "prior": 7.258624656693496, "rate": 0.5120579273573367}, "datetime": {"datetime": "2024-06-14 04:54:09", "elapsed": 5.253005, "delta": 0.008975}}
{"target": -450.06251580186114, "params": {"gamma": 9.200534008691728, "prior": 9.275728057232191, "rate": 5.520398276514817}, "datetime": {"datetime": "2024-06-14 04:54:09", "elapsed": 5.262982, "delta": 0.009977}}
{"target": -256.2295339875206, "params": {"gamma": 9.639194970956826, "prior": 2.881459816204638, "rate": 6.0218641247383164}, "datetime": {"datetime": "2024-06-14 04:54:09", "elapsed": 5.27196, "delta": 0.008978}}
{"target": -236.2690528759625, "params": {"gamma": 3.9652304378361865, "prior": 6.317429994376759, "rate": 3.0070222529489574}, "datetime": {"datetime": "2024-06-14 04:54:09", "elapsed": 5.280941, "delta": 0.008981}}
{"target": -427.70438090104125, "params": {"gamma": 8.193764488175546, "prior": 0.7908811871916644, "rate": 0.4197338254296628}, "datetime": {"datetime": "2024-06-14 04:54:09", "elapsed": 5.289919, "delta": 0.008978}}
{"target": -114.94031497102368, "params": {"gamma": 0.49491444994850975, "prior": 1.5895047808398683, "rate": 3.954109387473109}, "datetime": {"datetime": "2024-06-14 04:54:09", "elapsed": 5.298903, "delta": 0.008984}}
{"target": -313.9911514350062, "params": {"gamma": 9.553944502582489, "prior": 1.1968748529899662, "rate": 6.475882305178456}, "datetime": {"datetime": "2024-06-14 04:54:09", "elapsed": 5.307873, "delta": 0.00897}}
{"target": -281.17685310420023, "params": {"gamma": 5.276687463055037, "prior": 3.5970998192322843, "rate": 1.9827940939725983}, "datetime": {"datetime": "2024-06-14 04:54:09", "elapsed": 5.317849, "delta": 0.009976}}
{"target": -122.37871065488844, "params": {"gamma": 2.20672022439151, "prior": 0.5338329462987547, "rate": 7.131926567624986}, "datetime": {"datetime": "2024-06-14 04:54:09", "elapsed": 5.326827, "delta": 0.008978}}
{"target": -194.31123881790353, "params": {"gamma": 6.538748151763354, "prior": 4.493320947974752, "rate": 7.189675941410347}, "datetime": {"datetime": "2024-06-14 04:54:09", "elapsed": 5.335803, "delta": 0.008976}}
{"target": -120.544949346036, "params": {"gamma": 1.100649748480759, "prior": 9.393319816352417, "rate": 8.476419465684636}, "datetime": {"datetime": "2024-06-14 04:54:09", "elapsed": 5.344655, "delta": 0.008852}}
{"target": -232.3430209609584, "params": {"gamma": 6.590697560999168, "prior": 3.8504285697511453, "rate": 4.16625072341846}, "datetime": {"datetime": "2024-06-14 04:54:09", "elapsed": 5.353638, "delta": 0.008983}}
{"target": -202.30342500144977, "params": {"gamma": 4.822057067652517, "prior": 9.359309323067325, "rate": 8.636065956226108}, "datetime": {"datetime": "2024-06-14 04:54:09", "elapsed": 5.362608, "delta": 0.00897}}
{"target": -160.56408537504052, "params": {"gamma": 4.779760568316378, "prior": 5.589733132953853, "rate": 8.754163218930938}, "datetime": {"datetime": "2024-06-14 04:54:09", "elapsed": 5.372584, "delta": 0.009976}}
{"target": -295.65999297403164, "params": {"gamma": 9.492695073289129, "prior": 6.427929083095635, "rate": 7.485454680577448}, "datetime": {"datetime": "2024-06-14 04:54:09", "elapsed": 5.381563, "delta": 0.008979}}
{"target": -166.5529930962659, "params": {"gamma": 3.516897438698066, "prior": 9.188480358953182, "rate": 8.367683746488458}, "datetime": {"datetime": "2024-06-14 04:54:09", "elapsed": 5.390541, "delta": 0.008978}}
{"target": -215.97131919516355, "params": {"gamma": 5.521006756366404, "prior": 8.68950937519022, "rate": 8.498868942521883}, "datetime": {"datetime": "2024-06-14 04:54:09", "elapsed": 5.399517, "delta": 0.008976}}
{"target": -247.27426434983204, "params": {"gamma": 8.084305154704811, "prior": 1.393858961534142, "rate": 5.3604897456433}, "datetime": {"datetime": "2024-06-14 04:54:09", "elapsed": 5.408493, "delta": 0.008976}}
{"target": -462.3814361990083, "params": {"gamma": 9.007930363954452, "prior": 7.73123512248292, "rate": 4.207711277052893}, "datetime": {"datetime": "2024-06-14 04:54:09", "elapsed": 5.417469, "delta": 0.008976}}
{"target": -284.46290450415, "params": {"gamma": 9.778826053206298, "prior": 2.5826542510627224, "rate": 3.336768678250129}, "datetime": {"datetime": "2024-06-14 04:54:09", "elapsed": 5.426445, "delta": 0.008976}}
{"target": -306.4576456173763, "params": {"gamma": 9.54205087378846, "prior": 8.106281947034368, "rate": 9.003499705102108}, "datetime": {"datetime": "2024-06-14 04:54:09", "elapsed": 5.436419, "delta": 0.009974}}
{"target": -144.2123378772572, "params": {"gamma": 0.11688430450954196, "prior": 3.859667887036548, "rate": 2.355984044142083}, "datetime": {"datetime": "2024-06-14 04:54:10", "elapsed": 5.445395, "delta": 0.008976}}
{"target": -148.1887345152934, "params": {"gamma": 2.9600545838222256, "prior": 7.406155414398024, "rate": 7.241124363795878}, "datetime": {"datetime": "2024-06-14 04:54:10", "elapsed": 5.454402, "delta": 0.009007}}
{"target": -157.29354663100364, "params": {"gamma": 4.618532302580416, "prior": 3.716217165950228, "rate": 5.847331438432254}, "datetime": {"datetime": "2024-06-14 04:54:10", "elapsed": 5.464143, "delta": 0.009741}}
{"target": -197.29650647116645, "params": {"gamma": 5.33754383858813, "prior": 5.550737634177834, "rate": 6.155155234075464}, "datetime": {"datetime": "2024-06-14 04:54:10", "elapsed": 5.473119, "delta": 0.008976}}
