{"target": -237.70264274534446, "params": {"gamma": 5.618566827974954, "prior": 4.710139830525047, "rate": 1.5828405185913081}, "datetime": {"datetime": "2024-06-14 18:10:41", "elapsed": 12.935631, "delta": 0.008976}}
{"target": -133.56232995141738, "params": {"gamma": 0.46548205758633604, "prior": 4.691938262951814, "rate": 6.54336650017196}, "datetime": {"datetime": "2024-06-14 18:10:41", "elapsed": 12.945605, "delta": 0.009974}}
{"target": -141.1507512804555, "params": {"gamma": 2.1262506191650012, "prior": 4.059501088269441, "rate": 4.976881207213625}, "datetime": {"datetime": "2024-06-14 18:10:41", "elapsed": 12.954581, "delta": 0.008976}}
{"target": -403.2243289798655, "params": {"gamma": 9.549084662565308, "prior": 8.786706772952215, "rate": 8.740622431637016}, "datetime": {"datetime": "2024-06-14 18:10:41", "elapsed": 12.964554, "delta": 0.009973}}
{"target": -383.8888588929238, "params": {"gamma": 9.966008787860254, "prior": 7.7571875030905035, "rate": 2.031395720720704}, "datetime": {"datetime": "2024-06-14 18:10:41", "elapsed": 12.974556, "delta": 0.010002}}
{"target": -379.1751619890297, "params": {"gamma": 8.399033519310658, "prior": 1.7458576605066427, "rate": 8.890981709818412}, "datetime": {"datetime": "2024-06-14 18:10:41", "elapsed": 12.983503, "delta": 0.008947}}
{"target": -177.85010113579625, "params": {"gamma": 3.3864593795504314, "prior": 2.950652172676902, "rate": 6.06262377611874}, "datetime": {"datetime": "2024-06-14 18:10:41", "elapsed": 12.993477, "delta": 0.009974}}
{"target": -134.32132832212858, "params": {"gamma": 0.6070548531937172, "prior": 9.080172928574301, "rate": 3.8113259129552914}, "datetime": {"datetime": "2024-06-14 18:10:41", "elapsed": 13.00345, "delta": 0.009973}}
{"target": -337.67305307764786, "params": {"gamma": 7.900041725850161, "prior": 7.134419608014303, "rate": 7.0417771519431795}, "datetime": {"datetime": "2024-06-14 18:10:41", "elapsed": 13.012426, "delta": 0.008976}}
{"target": -242.3616494397356, "params": {"gamma": 5.326729042736205, "prior": 4.720087553406988, "rate": 6.454333923418758}, "datetime": {"datetime": "2024-06-14 18:10:41", "elapsed": 13.022399, "delta": 0.009973}}
{"target": -314.2909190268736, "params": {"gamma": 6.916080494254339, "prior": 2.434600133254994, "rate": 7.538328274742676}, "datetime": {"datetime": "2024-06-14 18:10:41", "elapsed": 13.032373, "delta": 0.009974}}
{"target": -394.4553150304909, "params": {"gamma": 9.366235064689338, "prior": 8.169466711621713, "rate": 7.306366078682459}, "datetime": {"datetime": "2024-06-14 18:10:41", "elapsed": 13.041349, "delta": 0.008976}}
{"target": -369.7582363871117, "params": {"gamma": 8.217287677383837, "prior": 0.1688536836406846, "rate": 1.7490656420010366}, "datetime": {"datetime": "2024-06-14 18:10:41", "elapsed": 13.051322, "delta": 0.009973}}
{"target": -175.6565829905135, "params": {"gamma": 3.4204500359621868, "prior": 7.36182952566306, "rate": 9.783754518567227}, "datetime": {"datetime": "2024-06-14 18:10:41", "elapsed": 13.061323, "delta": 0.010001}}
{"target": -323.56754212098235, "params": {"gamma": 7.329045588922614, "prior": 4.842030034998996, "rate": 9.210597067436987}, "datetime": {"datetime": "2024-06-14 18:10:41", "elapsed": 13.070307, "delta": 0.008984}}
{"target": -194.24838371355253, "params": {"gamma": 3.7776137015044906, "prior": 6.452737261640754, "rate": 0.01604319738412774}, "datetime": {"datetime": "2024-06-14 18:10:41", "elapsed": 13.080245, "delta": 0.009938}}
{"target": -135.38528080958383, "params": {"gamma": 1.794416084834932, "prior": 3.0189038120395777, "rate": 3.8705109944468274}, "datetime": {"datetime": "2024-06-14 18:10:41", "elapsed": 13.090218, "delta": 0.009973}}
{"target": -204.95542334128712, "params": {"gamma": 4.598745249224747, "prior": 7.987515713645756, "rate": 2.7991759941470526}, "datetime": {"datetime": "2024-06-14 18:10:41", "elapsed": 13.099194, "delta": 0.008976}}
{"target": -129.28296621074477, "params": {"gamma": 0.8275331899589359, "prior": 5.261564230524021, "rate": 9.81153872947284}, "datetime": {"datetime": "2024-06-14 18:10:41", "elapsed": 13.109168, "delta": 0.009974}}
{"target": -202.02355575167306, "params": {"gamma": 4.00818395641571, "prior": 2.6461917102343175, "rate": 7.763638646345232}, "datetime": {"datetime": "2024-06-14 18:10:41", "elapsed": 13.119141, "delta": 0.009973}}
{"target": -276.38412932838384, "params": {"gamma": 6.156219784190765, "prior": 0.17472852864200794, "rate": 9.862064844626225}, "datetime": {"datetime": "2024-06-14 18:10:41", "elapsed": 13.128117, "delta": 0.008976}}
{"target": -231.1423648785281, "params": {"gamma": 4.889696405678729, "prior": 3.109816521594326, "rate": 6.651105432765965}, "datetime": {"datetime": "2024-06-14 18:10:41", "elapsed": 13.13809, "delta": 0.009973}}
{"target": -159.24121407070905, "params": {"gamma": 2.8563222513640976, "prior": 4.689084919733314, "rate": 6.518558892191261}, "datetime": {"datetime": "2024-06-14 18:10:41", "elapsed": 13.148063, "delta": 0.009973}}
{"target": -129.49406470149856, "params": {"gamma": 1.2196983897335782, "prior": 4.725508951667924, "rate": 7.35232222858189}, "datetime": {"datetime": "2024-06-14 18:10:41", "elapsed": 13.157039, "delta": 0.008976}}
{"target": -413.1721337343979, "params": {"gamma": 9.605219885684939, "prior": 0.3117559709580553, "rate": 8.324959625901556}, "datetime": {"datetime": "2024-06-14 18:10:41", "elapsed": 13.167013, "delta": 0.009974}}
{"target": -396.3412055173948, "params": {"gamma": 9.391521053346748, "prior": 9.859596421590911, "rate": 9.378378518554022}, "datetime": {"datetime": "2024-06-14 18:10:41", "elapsed": 13.176986, "delta": 0.009973}}
{"target": -135.89065476345058, "params": {"gamma": 1.2933848293668193, "prior": 8.871599920049611, "rate": 1.529468431828893}, "datetime": {"datetime": "2024-06-14 18:10:41", "elapsed": 13.185962, "delta": 0.008976}}
{"target": -178.02174978082638, "params": {"gamma": 3.6058030535750842, "prior": 3.6755031909663085, "rate": 2.7985741373137722}, "datetime": {"datetime": "2024-06-14 18:10:41", "elapsed": 13.195968, "delta": 0.010006}}
{"target": -175.92025824388696, "params": {"gamma": 3.548687634297447, "prior": 5.475715491805219, "rate": 0.7860916495607814}, "datetime": {"datetime": "2024-06-14 18:10:41", "elapsed": 13.205505, "delta": 0.009537}}
{"target": -179.02073300740886, "params": {"gamma": 3.7293238414408294, "prior": 5.873866921901378, "rate": 1.3433598503872748}, "datetime": {"datetime": "2024-06-14 18:10:41", "elapsed": 13.215479, "delta": 0.009974}}
{"target": -148.79534308691555, "params": {"gamma": 2.430636464974349, "prior": 3.1965129173207756, "rate": 0.7462639779838585}, "datetime": {"datetime": "2024-06-14 18:10:41", "elapsed": 13.225453, "delta": 0.009974}}
{"target": -350.0037622304406, "params": {"gamma": 8.077100262224654, "prior": 2.7076349809785905, "rate": 4.106599490946104}, "datetime": {"datetime": "2024-06-14 18:10:41", "elapsed": 13.234428, "delta": 0.008975}}
{"target": -188.90104078989108, "params": {"gamma": 4.054723246527664, "prior": 3.1168827992527173, "rate": 1.2782527317471344}, "datetime": {"datetime": "2024-06-14 18:10:41", "elapsed": 13.272893, "delta": 0.038465}}
{"target": -358.7213882965606, "params": {"gamma": 8.935700181344412, "prior": 6.8458089939758615, "rate": 2.669647727792136}, "datetime": {"datetime": "2024-06-14 18:10:41", "elapsed": 13.282865, "delta": 0.009972}}
{"target": -128.86991227493957, "params": {"gamma": 0.9252168378068174, "prior": 1.3226006592467376, "rate": 2.765087577252426}, "datetime": {"datetime": "2024-06-14 18:10:41", "elapsed": 13.293837, "delta": 0.010972}}
{"target": -132.19977325109562, "params": {"gamma": 0.49138574517622646, "prior": 1.536953953174493, "rate": 4.75082044615585}, "datetime": {"datetime": "2024-06-14 18:10:41", "elapsed": 13.30381, "delta": 0.009973}}
{"target": -401.8226697755198, "params": {"gamma": 9.359858045746865, "prior": 4.39728295824498, "rate": 7.091695404396912}, "datetime": {"datetime": "2024-06-14 18:10:41", "elapsed": 13.312786, "delta": 0.008976}}
{"target": -235.89221988668316, "params": {"gamma": 5.703480436122253, "prior": 9.764817437319463, "rate": 1.7829338600348927}, "datetime": {"datetime": "2024-06-14 18:10:41", "elapsed": 13.322759, "delta": 0.009973}}
{"target": -331.7745784942022, "params": {"gamma": 7.391311728201115, "prior": 3.56902627908651, "rate": 9.912129823702113}, "datetime": {"datetime": "2024-06-14 18:10:41", "elapsed": 13.332733, "delta": 0.009974}}
{"target": -176.41879820718196, "params": {"gamma": 3.5287645393308957, "prior": 9.789953507003169, "rate": 8.603854098454429}, "datetime": {"datetime": "2024-06-14 18:10:41", "elapsed": 13.342706, "delta": 0.009973}}
{"target": -280.73095507198104, "params": {"gamma": 5.97776886311117, "prior": 0.3717347713456658, "rate": 1.8561349624416226}, "datetime": {"datetime": "2024-06-14 18:10:41", "elapsed": 13.351682, "delta": 0.008976}}
{"target": -137.86175626858568, "params": {"gamma": 0.5660612431019523, "prior": 7.945371439682299, "rate": 0.7404368885098506}, "datetime": {"datetime": "2024-06-14 18:10:41", "elapsed": 13.361655, "delta": 0.009973}}
{"target": -357.52796323856643, "params": {"gamma": 7.864807897266238, "prior": 0.37672330549397026, "rate": 2.552807324311116}, "datetime": {"datetime": "2024-06-14 18:10:41", "elapsed": 13.371657, "delta": 0.010002}}
{"target": -160.86456243687655, "params": {"gamma": 2.9765362830187123, "prior": 5.689604254646701, "rate": 5.621050378621821}, "datetime": {"datetime": "2024-06-14 18:10:41", "elapsed": 13.380633, "delta": 0.008976}}
{"target": -344.3741770062182, "params": {"gamma": 8.874122245059352, "prior": 6.41003665642897, "rate": 1.615458841587833}, "datetime": {"datetime": "2024-06-14 18:10:41", "elapsed": 13.390578, "delta": 0.009945}}
{"target": -138.3230453464275, "params": {"gamma": 0.27092093445094007, "prior": 7.6436267297477904, "rate": 5.3561524093705035}, "datetime": {"datetime": "2024-06-14 18:10:41", "elapsed": 13.400551, "delta": 0.009973}}
{"target": -259.96324605802675, "params": {"gamma": 5.786712866351162, "prior": 4.199639973876964, "rate": 5.898561065889926}, "datetime": {"datetime": "2024-06-14 18:10:41", "elapsed": 13.410525, "delta": 0.009974}}
{"target": -196.4166898195743, "params": {"gamma": 4.056908149188704, "prior": 4.512354814204365, "rate": 5.927803620451909}, "datetime": {"datetime": "2024-06-14 18:10:41", "elapsed": 13.419501, "delta": 0.008976}}
{"target": -236.9783365312812, "params": {"gamma": 4.923952760842727, "prior": 0.685123570453242, "rate": 9.767920289447702}, "datetime": {"datetime": "2024-06-14 18:10:41", "elapsed": 13.429474, "delta": 0.009973}}
{"target": -367.94754169353394, "params": {"gamma": 8.55152126248045, "prior": 3.8529477154984746, "rate": 5.465701902352132}, "datetime": {"datetime": "2024-06-14 18:10:41", "elapsed": 13.439447, "delta": 0.009973}}
{"target": -406.65350048516655, "params": {"gamma": 9.328810392069327, "prior": 4.039856882837672, "rate": 9.447782220977258}, "datetime": {"datetime": "2024-06-14 18:10:41", "elapsed": 13.449421, "delta": 0.009974}}
{"target": -136.98286023864773, "params": {"gamma": 0.3058322755797807, "prior": 7.483415270128151, "rate": 7.9702691040219795}, "datetime": {"datetime": "2024-06-14 18:10:41", "elapsed": 13.459394, "delta": 0.009973}}
{"target": -140.4961444503231, "params": {"gamma": 1.93915729117472, "prior": 1.7123810753953614, "rate": 5.911191778228094}, "datetime": {"datetime": "2024-06-14 18:10:41", "elapsed": 13.469168, "delta": 0.009774}}
{"target": -209.26491695223652, "params": {"gamma": 4.797437426866516, "prior": 5.906771763997412, "rate": 1.3235786977154271}, "datetime": {"datetime": "2024-06-14 18:10:41", "elapsed": 13.478144, "delta": 0.008976}}
{"target": -157.01367931638313, "params": {"gamma": 2.7780929606304388, "prior": 0.789756371223281, "rate": 1.0808592298701158}, "datetime": {"datetime": "2024-06-14 18:10:41", "elapsed": 13.488117, "delta": 0.009973}}
{"target": -323.63445783508206, "params": {"gamma": 7.164060397933428, "prior": 0.3613793596910616, "rate": 5.396963570672858}, "datetime": {"datetime": "2024-06-14 18:10:41", "elapsed": 13.498091, "delta": 0.009974}}
{"target": -159.71118448385707, "params": {"gamma": 2.9873312333774114, "prior": 8.698123271650664, "rate": 5.4508437359806505}, "datetime": {"datetime": "2024-06-14 18:10:41", "elapsed": 13.508064, "delta": 0.009973}}
{"target": -420.2738472920353, "params": {"gamma": 9.975479797714407, "prior": 5.654651317130731, "rate": 5.621416031788874}, "datetime": {"datetime": "2024-06-14 18:10:41", "elapsed": 13.517546, "delta": 0.009482}}
{"target": -175.04470631839118, "params": {"gamma": 3.351731873456963, "prior": 2.598016846624347, "rate": 4.27426940599577}, "datetime": {"datetime": "2024-06-14 18:10:41", "elapsed": 13.526522, "delta": 0.008976}}
{"target": -149.25642200513465, "params": {"gamma": 2.2725263696062235, "prior": 0.8016724751186088, "rate": 4.2510872816074885}, "datetime": {"datetime": "2024-06-14 18:10:41", "elapsed": 13.536495, "delta": 0.009973}}
{"target": -132.05189812576626, "params": {"gamma": 1.0650645144221098, "prior": 7.2588960645487015, "rate": 2.984641891979689}, "datetime": {"datetime": "2024-06-14 18:10:41", "elapsed": 13.546469, "delta": 0.009974}}
{"target": -236.28507388481322, "params": {"gamma": 4.904126225336482, "prior": 2.036274494273748, "rate": 6.808584262587829}, "datetime": {"datetime": "2024-06-14 18:10:41", "elapsed": 13.556442, "delta": 0.009973}}
{"target": -314.1365862435928, "params": {"gamma": 8.308430641906321, "prior": 2.282027181056831, "rate": 0.07907888226929988}, "datetime": {"datetime": "2024-06-14 18:10:41", "elapsed": 13.566415, "delta": 0.009973}}
{"target": -148.28696763038522, "params": {"gamma": 2.5097921802793786, "prior": 6.31359939215205, "rate": 3.1088574555471813}, "datetime": {"datetime": "2024-06-14 18:10:41", "elapsed": 13.575392, "delta": 0.008977}}
{"target": -340.24006812875365, "params": {"gamma": 8.36222517696091, "prior": 8.542118072949869, "rate": 3.7180338874028376}, "datetime": {"datetime": "2024-06-14 18:10:41", "elapsed": 13.585364, "delta": 0.009972}}
{"target": -190.2576277368993, "params": {"gamma": 3.6539795857073187, "prior": 0.2639694600704467, "rate": 5.497237804999031}, "datetime": {"datetime": "2024-06-14 18:10:41", "elapsed": 13.595338, "delta": 0.009974}}
{"target": -133.82123025058993, "params": {"gamma": 1.5435516702923755, "prior": 1.2155274275217443, "rate": 0.5343279544192256}, "datetime": {"datetime": "2024-06-14 18:10:41", "elapsed": 13.604314, "delta": 0.008976}}
{"target": -139.23218912126035, "params": {"gamma": 1.7936587903460857, "prior": 1.6437150285544317, "rate": 0.3558683019833646}, "datetime": {"datetime": "2024-06-14 18:10:41", "elapsed": 13.614793, "delta": 0.010479}}
{"target": -403.97429383119317, "params": {"gamma": 9.82434211273752, "prior": 6.617214564837837, "rate": 3.8705537217530446}, "datetime": {"datetime": "2024-06-14 18:10:41", "elapsed": 13.623769, "delta": 0.008976}}
{"target": -130.25904606287267, "params": {"gamma": 0.6257922981876658, "prior": 0.5677285559900357, "rate": 8.049719394631913}, "datetime": {"datetime": "2024-06-14 18:10:41", "elapsed": 13.633742, "delta": 0.009973}}
{"target": -203.08364186484053, "params": {"gamma": 4.228375279460253, "prior": 1.1717762927933444, "rate": 1.6711743461337876}, "datetime": {"datetime": "2024-06-14 18:10:41", "elapsed": 13.643716, "delta": 0.009974}}
{"target": -272.12475089571467, "params": {"gamma": 6.802265132639049, "prior": 4.329618010053698, "rate": 0.9689860913418493}, "datetime": {"datetime": "2024-06-14 18:10:41", "elapsed": 13.652692, "delta": 0.008976}}
{"target": -201.7668087042482, "params": {"gamma": 3.920704589637105, "prior": 0.5430825876121436, "rate": 2.710990200499908}, "datetime": {"datetime": "2024-06-14 18:10:41", "elapsed": 13.662665, "delta": 0.009973}}
{"target": -233.52055037217943, "params": {"gamma": 5.031293904777502, "prior": 4.6290449340530495, "rate": 7.686577408158113}, "datetime": {"datetime": "2024-06-14 18:10:41", "elapsed": 13.672638, "delta": 0.009973}}
{"target": -136.15174357616306, "params": {"gamma": 1.6031430865858975, "prior": 5.149437940488653, "rate": 1.4161287835344174}, "datetime": {"datetime": "2024-06-14 18:10:41", "elapsed": 13.682612, "delta": 0.009974}}
{"target": -138.45787728447453, "params": {"gamma": 1.8945065357360218, "prior": 4.157996176719801, "rate": 1.4594799700408772}, "datetime": {"datetime": "2024-06-14 18:10:41", "elapsed": 13.692585, "delta": 0.009973}}
{"target": -258.2906089134716, "params": {"gamma": 5.623712931107031, "prior": 4.6067950147829295, "rate": 9.42102448081776}, "datetime": {"datetime": "2024-06-14 18:10:41", "elapsed": 13.702558, "delta": 0.009973}}
{"target": -309.94514901687467, "params": {"gamma": 6.700279053399254, "prior": 1.1211081382406665, "rate": 6.071461447289983}, "datetime": {"datetime": "2024-06-14 18:10:41", "elapsed": 13.712534, "delta": 0.009976}}
{"target": -201.34553904245965, "params": {"gamma": 4.203872166556974, "prior": 5.056256533803172, "rate": 6.558399608979977}, "datetime": {"datetime": "2024-06-14 18:10:41", "elapsed": 13.72151, "delta": 0.008976}}
{"target": -136.42305697448066, "params": {"gamma": 1.857995271651951, "prior": 3.659391503666097, "rate": 4.80431758722436}, "datetime": {"datetime": "2024-06-14 18:10:41", "elapsed": 13.731483, "delta": 0.009973}}
{"target": -276.1436576164675, "params": {"gamma": 6.148214863550358, "prior": 2.9270157375806125, "rate": 5.028231781609626}, "datetime": {"datetime": "2024-06-14 18:10:41", "elapsed": 13.741456, "delta": 0.009973}}
{"target": -154.56819556076522, "params": {"gamma": 2.786182582989594, "prior": 5.766659556664776, "rate": 3.423551750452962}, "datetime": {"datetime": "2024-06-14 18:10:41", "elapsed": 13.75143, "delta": 0.009974}}
{"target": -359.27725379013515, "params": {"gamma": 8.3917704255985, "prior": 6.890536777175542, "rate": 8.16146205993121}, "datetime": {"datetime": "2024-06-14 18:10:41", "elapsed": 13.760406, "delta": 0.008976}}
{"target": -133.07112705248375, "params": {"gamma": 1.5433064281287947, "prior": 1.933417151252388, "rate": 5.426405215883123}, "datetime": {"datetime": "2024-06-14 18:10:41", "elapsed": 13.770379, "delta": 0.009973}}
{"target": -133.22702371933966, "params": {"gamma": 0.6149211908273852, "prior": 5.426779331886682, "rate": 3.360634014854361}, "datetime": {"datetime": "2024-06-14 18:10:41", "elapsed": 13.780352, "delta": 0.009973}}
{"target": -177.6112719417133, "params": {"gamma": 3.2452188194691933, "prior": 2.3755465724366975, "rate": 0.0478627093242713}, "datetime": {"datetime": "2024-06-14 18:10:41", "elapsed": 13.790326, "delta": 0.009974}}
{"target": -285.66721574306155, "params": {"gamma": 6.87104638723164, "prior": 7.552533805640476, "rate": 3.383495876309245}, "datetime": {"datetime": "2024-06-14 18:10:42", "elapsed": 13.800299, "delta": 0.009973}}
{"target": -214.55846782075233, "params": {"gamma": 4.698566381850696, "prior": 7.994084512409785, "rate": 6.475029921813591}, "datetime": {"datetime": "2024-06-14 18:10:42", "elapsed": 13.810273, "delta": 0.009974}}
{"target": -137.60138551721178, "params": {"gamma": 0.23075873965417942, "prior": 2.91132760594111, "rate": 9.543993923653835}, "datetime": {"datetime": "2024-06-14 18:10:42", "elapsed": 13.819251, "delta": 0.008978}}
{"target": -389.44497737627455, "params": {"gamma": 8.831663399364862, "prior": 3.3196577156813976, "rate": 9.106428259046453}, "datetime": {"datetime": "2024-06-14 18:10:42", "elapsed": 13.829224, "delta": 0.009973}}
{"target": -222.13151504214636, "params": {"gamma": 4.792271643587237, "prior": 2.1004803357874806, "rate": 2.7152226317759873}, "datetime": {"datetime": "2024-06-14 18:10:42", "elapsed": 13.839197, "delta": 0.009973}}
{"target": -153.17787797772334, "params": {"gamma": 2.4105781820003296, "prior": 0.6501970175159, "rate": 4.371923976318957}, "datetime": {"datetime": "2024-06-14 18:10:42", "elapsed": 13.848173, "delta": 0.008976}}
{"target": -383.5638889576609, "params": {"gamma": 9.045924292349737, "prior": 5.304998895374705, "rate": 5.45501927258241}, "datetime": {"datetime": "2024-06-14 18:10:42", "elapsed": 13.858147, "delta": 0.009974}}
{"target": -146.43057090070687, "params": {"gamma": 2.270769102045196, "prior": 0.5593682144374752, "rate": 1.2589544199559672}, "datetime": {"datetime": "2024-06-14 18:10:42", "elapsed": 13.86812, "delta": 0.009973}}
{"target": -141.47560247827616, "params": {"gamma": 2.152041802423628, "prior": 8.746594812552626, "rate": 9.883297769252295}, "datetime": {"datetime": "2024-06-14 18:10:42", "elapsed": 13.878094, "delta": 0.009974}}
{"target": -140.15827882856212, "params": {"gamma": 0.17864471946155067, "prior": 4.488768556876849, "rate": 3.6926037105639593}, "datetime": {"datetime": "2024-06-14 18:10:42", "elapsed": 13.888096, "delta": 0.010002}}
{"target": -235.94206054256267, "params": {"gamma": 5.365099171557174, "prior": 6.203575904526908, "rate": 3.9606016122470797}, "datetime": {"datetime": "2024-06-14 18:10:42", "elapsed": 13.89804, "delta": 0.009944}}
{"target": -145.5253451352376, "params": {"gamma": 1.8394567778102808, "prior": 5.8942150336226105, "rate": 0.33393439959498467}, "datetime": {"datetime": "2024-06-14 18:10:42", "elapsed": 13.907016, "delta": 0.008976}}
{"target": -335.0326735676719, "params": {"gamma": 8.939882672498515, "prior": 6.47966689423678, "rate": 0.9463480982929026}, "datetime": {"datetime": "2024-06-14 18:10:42", "elapsed": 13.916989, "delta": 0.009973}}
{"target": -244.55098525593525, "params": {"gamma": 5.514198481896219, "prior": 1.37684577932591, "rate": 1.189089580581743}, "datetime": {"datetime": "2024-06-14 18:10:42", "elapsed": 13.926963, "delta": 0.009974}}
{"target": -152.22930266969155, "params": {"gamma": 2.656223467019746, "prior": 7.652792185558542, "rate": 6.982511237812883}, "datetime": {"datetime": "2024-06-14 18:10:42", "elapsed": 13.936936, "delta": 0.009973}}
