{"target": -929.953504190055, "params": {"gamma": 4.903044972676658, "lr": 0.5991103076458784}, "datetime": {"datetime": "2024-06-13 17:04:57", "elapsed": 0.397808, "delta": 0.00399}}
{"target": -141.4119987582356, "params": {"gamma": 0.15631722223280642, "lr": 0.5934814081966372}, "datetime": {"datetime": "2024-06-13 17:04:57", "elapsed": 0.4008, "delta": 0.002992}}
{"target": -978.5052404476387, "params": {"gamma": 4.337329813545594, "lr": 0.8073605288848414}, "datetime": {"datetime": "2024-06-13 17:04:57", "elapsed": 0.404789, "delta": 0.003989}}
{"target": -764.0784446317939, "params": {"gamma": 3.153132786150634, "lr": 0.8928887085251513}, "datetime": {"datetime": "2024-06-13 17:04:57", "elapsed": 0.407781, "delta": 0.002992}}
{"target": -1129.7132775463758, "params": {"gamma": 5.778994295630071, "lr": 0.18401020162746506}, "datetime": {"datetime": "2024-06-13 17:04:57", "elapsed": 0.410773, "delta": 0.002992}}
{"target": -1570.8512251823606, "params": {"gamma": 7.8795044090212185, "lr": 0.6120311770449339}, "datetime": {"datetime": "2024-06-13 17:04:57", "elapsed": 0.41481, "delta": 0.004037}}
{"target": -161.68431470637964, "params": {"gamma": 0.5400388114654558, "lr": 0.4201936800011322}, "datetime": {"datetime": "2024-06-13 17:04:57", "elapsed": 0.418308, "delta": 0.003498}}
{"target": -1673.8441244112976, "params": {"gamma": 6.791009296817731, "lr": 0.9186017779775258}, "datetime": {"datetime": "2024-06-13 17:04:57", "elapsed": 0.4213, "delta": 0.002992}}
{"target": -146.4545496641385, "params": {"gamma": 0.005019846888682974, "lr": 0.9767591490310596}, "datetime": {"datetime": "2024-06-13 17:04:57", "elapsed": 0.425289, "delta": 0.003989}}
{"target": -935.9247614515692, "params": {"gamma": 3.766426567142999, "lr": 0.9737835383583225}, "datetime": {"datetime": "2024-06-13 17:04:57", "elapsed": 0.428282, "delta": 0.002993}}
{"target": -1375.5887953298, "params": {"gamma": 6.047556293639557, "lr": 0.828845807980693}, "datetime": {"datetime": "2024-06-13 17:04:57", "elapsed": 0.431274, "delta": 0.002992}}
{"target": -1158.7859663019206, "params": {"gamma": 5.747540335576315, "lr": 0.6280761983073504}, "datetime": {"datetime": "2024-06-13 17:04:57", "elapsed": 0.435263, "delta": 0.003989}}
{"target": -552.195260409695, "params": {"gamma": 2.8564772406752437, "lr": 0.586833340656083}, "datetime": {"datetime": "2024-06-13 17:04:57", "elapsed": 0.438255, "delta": 0.002992}}
{"target": -1757.7914428986148, "params": {"gamma": 7.500467615262897, "lr": 0.8583138364290424}, "datetime": {"datetime": "2024-06-13 17:04:57", "elapsed": 0.442244, "delta": 0.003989}}
{"target": -1622.6868596833062, "params": {"gamma": 7.551066802488335, "lr": 0.698057248447303}, "datetime": {"datetime": "2024-06-13 17:04:57", "elapsed": 0.445237, "delta": 0.002993}}
{"target": -1334.706933311757, "params": {"gamma": 8.644929821115943, "lr": 0.32268099683674645}, "datetime": {"datetime": "2024-06-13 17:04:57", "elapsed": 0.449225, "delta": 0.003988}}
{"target": -1135.9401199086742, "params": {"gamma": 6.708217119085085, "lr": 0.45087393641334916}, "datetime": {"datetime": "2024-06-13 17:04:57", "elapsed": 0.452217, "delta": 0.002992}}
{"target": -657.024857359369, "params": {"gamma": 3.8216454175631407, "lr": 0.4108113499221856}, "datetime": {"datetime": "2024-06-13 17:04:57", "elapsed": 0.45521, "delta": 0.002993}}
{"target": -634.4253596136892, "params": {"gamma": 4.015394355111937, "lr": 0.3173839459582769}, "datetime": {"datetime": "2024-06-13 17:04:57", "elapsed": 0.459199, "delta": 0.003989}}
{"target": -1051.1455974103753, "params": {"gamma": 6.219571759835095, "lr": 0.43024727082126435}, "datetime": {"datetime": "2024-06-13 17:04:57", "elapsed": 0.46219, "delta": 0.002991}}
{"target": -2087.374123266031, "params": {"gamma": 9.738046977194596, "lr": 0.6778008914343111}, "datetime": {"datetime": "2024-06-13 17:04:57", "elapsed": 0.46618, "delta": 0.00399}}
{"target": -360.02711873617767, "params": {"gamma": 1.9865003143826816, "lr": 0.4267010093480328}, "datetime": {"datetime": "2024-06-13 17:04:57", "elapsed": 0.469172, "delta": 0.002992}}
{"target": -762.0673122121668, "params": {"gamma": 3.4341190515044557, "lr": 0.7976388039585666}, "datetime": {"datetime": "2024-06-13 17:04:57", "elapsed": 0.473162, "delta": 0.00399}}
{"target": -2095.8473226199444, "params": {"gamma": 8.800102887345755, "lr": 0.903841955826372}, "datetime": {"datetime": "2024-06-13 17:04:57", "elapsed": 0.476153, "delta": 0.002991}}
{"target": -1025.0449307101635, "params": {"gamma": 6.627535403940247, "lr": 0.2702082620297578}, "datetime": {"datetime": "2024-06-13 17:04:57", "elapsed": 0.480143, "delta": 0.00399}}
{"target": -594.7261592057014, "params": {"gamma": 2.5244146483443926, "lr": 0.8548979426974024}, "datetime": {"datetime": "2024-06-13 17:04:57", "elapsed": 0.483135, "delta": 0.002992}}
{"target": -1186.7340491921304, "params": {"gamma": 5.277618748441158, "lr": 0.8021610840045981}, "datetime": {"datetime": "2024-06-13 17:04:57", "elapsed": 0.487124, "delta": 0.003989}}
{"target": -1264.125782424272, "params": {"gamma": 5.725312683398872, "lr": 0.7331425252875111}, "datetime": {"datetime": "2024-06-13 17:04:57", "elapsed": 0.490116, "delta": 0.002992}}
{"target": -1132.4908714153391, "params": {"gamma": 5.190597263013095, "lr": 0.770883910501888}, "datetime": {"datetime": "2024-06-13 17:04:57", "elapsed": 0.493108, "delta": 0.002992}}
{"target": -958.4112609597678, "params": {"gamma": 5.689011049056451, "lr": 0.4657098785919809}, "datetime": {"datetime": "2024-06-13 17:04:57", "elapsed": 0.497098, "delta": 0.00399}}
{"target": -1350.2489131551056, "params": {"gamma": 3.4275463906248644, "lr": 0.06820934841670412}, "datetime": {"datetime": "2024-06-13 17:04:57", "elapsed": 0.501087, "delta": 0.003989}}
{"target": -1484.273394949976, "params": {"gamma": 3.7798638691016704, "lr": 0.07962607769825236}, "datetime": {"datetime": "2024-06-13 17:04:57", "elapsed": 0.504079, "delta": 0.002992}}
{"target": -2045.4039607898353, "params": {"gamma": 9.82818832019072, "lr": 0.18161285133076377}, "datetime": {"datetime": "2024-06-13 17:04:57", "elapsed": 0.507071, "delta": 0.002992}}
{"target": -1901.524926238354, "params": {"gamma": 8.118775118507678, "lr": 0.8749616449558981}, "datetime": {"datetime": "2024-06-13 17:04:57", "elapsed": 0.51106, "delta": 0.003989}}
{"target": -1292.5054527996374, "params": {"gamma": 6.884444110607048, "lr": 0.5694944127453757}, "datetime": {"datetime": "2024-06-13 17:04:57", "elapsed": 0.514052, "delta": 0.002992}}
{"target": -300.18583307713646, "params": {"gamma": 1.610553396719272, "lr": 0.4668800227633063}, "datetime": {"datetime": "2024-06-13 17:04:57", "elapsed": 0.518041, "delta": 0.003989}}
{"target": -601.2618996905085, "params": {"gamma": 3.452375339500995, "lr": 0.2250399578140846}, "datetime": {"datetime": "2024-06-13 17:04:57", "elapsed": 0.521034, "delta": 0.002993}}
{"target": -922.9319775683634, "params": {"gamma": 5.925526175789202, "lr": 0.31226983770191696}, "datetime": {"datetime": "2024-06-13 17:04:57", "elapsed": 0.524026, "delta": 0.002992}}
{"target": -2244.459310409248, "params": {"gamma": 9.163139229130039, "lr": 0.9096355249515571}, "datetime": {"datetime": "2024-06-13 17:04:57", "elapsed": 0.528015, "delta": 0.003989}}
{"target": -884.0848221200229, "params": {"gamma": 2.57192581952818, "lr": 0.1108913007440292}, "datetime": {"datetime": "2024-06-13 17:04:57", "elapsed": 0.531007, "delta": 0.002992}}
{"target": -349.0812152619416, "params": {"gamma": 1.9304343574591094, "lr": 0.49958417067888605}, "datetime": {"datetime": "2024-06-13 17:04:57", "elapsed": 0.534996, "delta": 0.003989}}
{"target": -1349.0141097252422, "params": {"gamma": 7.286128094077989, "lr": 0.20819443840879148}, "datetime": {"datetime": "2024-06-13 17:04:57", "elapsed": 0.537988, "delta": 0.002992}}
{"target": -585.0004318513627, "params": {"gamma": 2.48108755021393, "lr": 0.851671874936367}, "datetime": {"datetime": "2024-06-13 17:04:57", "elapsed": 0.54098, "delta": 0.002992}}
{"target": -837.1196299043671, "params": {"gamma": 4.159071333957006, "lr": 0.6166850671552362}, "datetime": {"datetime": "2024-06-13 17:04:57", "elapsed": 0.54497, "delta": 0.00399}}
{"target": -806.195274065836, "params": {"gamma": 2.3374277262532615, "lr": 0.10196725942579743}, "datetime": {"datetime": "2024-06-13 17:04:57", "elapsed": 0.547962, "delta": 0.002992}}
{"target": -871.4145172940688, "params": {"gamma": 5.159054312668331, "lr": 0.47714098704978236}, "datetime": {"datetime": "2024-06-13 17:04:57", "elapsed": 0.551951, "delta": 0.003989}}
{"target": -329.18171882609045, "params": {"gamma": 1.5275637692875392, "lr": 0.6218062317404155}, "datetime": {"datetime": "2024-06-13 17:04:57", "elapsed": 0.554943, "delta": 0.002992}}
{"target": -1090.2236140722919, "params": {"gamma": 5.440557178020568, "lr": 0.6541373469707443}, "datetime": {"datetime": "2024-06-13 17:04:57", "elapsed": 0.557935, "delta": 0.002992}}
{"target": -339.97781732061316, "params": {"gamma": 1.4463108557064734, "lr": 0.7515278171352439}, "datetime": {"datetime": "2024-06-13 17:04:57", "elapsed": 0.561925, "delta": 0.00399}}
{"target": -432.39899093334293, "params": {"gamma": 2.221269348859427, "lr": 0.519351824366033}, "datetime": {"datetime": "2024-06-13 17:04:57", "elapsed": 0.565422, "delta": 0.003497}}
{"target": -3035.7357515029903, "params": {"gamma": 7.853174986187969, "lr": 0.02233042799180618}, "datetime": {"datetime": "2024-06-13 17:04:57", "elapsed": 0.568414, "delta": 0.002992}}
{"target": -770.2195939131295, "params": {"gamma": 3.2443002348021386, "lr": 0.872922376400111}, "datetime": {"datetime": "2024-06-13 17:04:57", "elapsed": 0.572404, "delta": 0.00399}}
{"target": -1566.0141796090122, "params": {"gamma": 8.447251366413093, "lr": 0.5384405925945437}, "datetime": {"datetime": "2024-06-13 17:04:57", "elapsed": 0.575396, "delta": 0.002992}}
{"target": -2132.157314602146, "params": {"gamma": 8.666216133390963, "lr": 0.9498059913536265}, "datetime": {"datetime": "2024-06-13 17:04:57", "elapsed": 0.579385, "delta": 0.003989}}
{"target": -1902.2850356185668, "params": {"gamma": 8.264243569295784, "lr": 0.8541154438365387}, "datetime": {"datetime": "2024-06-13 17:04:57", "elapsed": 0.582377, "delta": 0.002992}}
{"target": -233.81376039659676, "params": {"gamma": 0.9883352748016633, "lr": 0.651304332340991}, "datetime": {"datetime": "2024-06-13 17:04:57", "elapsed": 0.586367, "delta": 0.00399}}
{"target": -1404.2148040114944, "params": {"gamma": 7.035466364538378, "lr": 0.6102408126466297}, "datetime": {"datetime": "2024-06-13 17:04:57", "elapsed": 0.589358, "delta": 0.002991}}
{"target": -3090.285531408201, "params": {"gamma": 7.996353002098545, "lr": 0.03457121987163425}, "datetime": {"datetime": "2024-06-13 17:04:57", "elapsed": 0.59235, "delta": 0.002992}}
{"target": -1694.0688634467294, "params": {"gamma": 7.702617106815245, "lr": 0.731728600739527}, "datetime": {"datetime": "2024-06-13 17:04:57", "elapsed": 0.59634, "delta": 0.00399}}
{"target": -419.34335814399503, "params": {"gamma": 2.5977242345902325, "lr": 0.2570692988221467}, "datetime": {"datetime": "2024-06-13 17:04:57", "elapsed": 0.599332, "delta": 0.002992}}
{"target": -976.1902039594535, "params": {"gamma": 6.323400870983849, "lr": 0.34529746159108154}, "datetime": {"datetime": "2024-06-13 17:04:57", "elapsed": 0.603321, "delta": 0.003989}}
{"target": -1344.6419136334118, "params": {"gamma": 7.966090191394868, "lr": 0.44614623200345727}, "datetime": {"datetime": "2024-06-13 17:04:57", "elapsed": 0.606313, "delta": 0.002992}}
{"target": -1927.1983786602011, "params": {"gamma": 7.827711398426936, "lr": 0.9904717836238407}, "datetime": {"datetime": "2024-06-13 17:04:57", "elapsed": 0.610302, "delta": 0.003989}}
{"target": -673.9306451462111, "params": {"gamma": 3.0031831469994668, "lr": 0.14300582825809938}, "datetime": {"datetime": "2024-06-13 17:04:57", "elapsed": 0.613294, "delta": 0.002992}}
{"target": -1669.5620679908486, "params": {"gamma": 9.01318305505639, "lr": 0.5415593788873733}, "datetime": {"datetime": "2024-06-13 17:04:57", "elapsed": 0.617284, "delta": 0.00399}}
{"target": -1942.5082977966117, "params": {"gamma": 9.747428968179968, "lr": 0.6366044000018972}, "datetime": {"datetime": "2024-06-13 17:04:57", "elapsed": 0.620276, "delta": 0.002992}}
{"target": -1824.0841339225415, "params": {"gamma": 9.939136333080178, "lr": 0.5460708041429516}, "datetime": {"datetime": "2024-06-13 17:04:57", "elapsed": 0.624265, "delta": 0.003989}}
{"target": -1320.6105671123921, "params": {"gamma": 5.264732913121308, "lr": 0.1354279030721699}, "datetime": {"datetime": "2024-06-13 17:04:57", "elapsed": 0.627257, "delta": 0.002992}}
{"target": -1399.749799755684, "params": {"gamma": 3.5576960046678274, "lr": 0.026218567296373285}, "datetime": {"datetime": "2024-06-13 17:04:57", "elapsed": 0.631246, "delta": 0.003989}}
{"target": -376.16495594701865, "params": {"gamma": 1.6047914000169714, "lr": 0.7456371927074961}, "datetime": {"datetime": "2024-06-13 17:04:57", "elapsed": 0.634239, "delta": 0.002993}}
{"target": -143.06988032683012, "params": {"gamma": 0.3049664995979595, "lr": 0.36654309724374434}, "datetime": {"datetime": "2024-06-13 17:04:57", "elapsed": 0.63723, "delta": 0.002991}}
{"target": -1850.5696465658395, "params": {"gamma": 8.623600182127603, "lr": 0.6926777175073543}, "datetime": {"datetime": "2024-06-13 17:04:57", "elapsed": 0.64122, "delta": 0.00399}}
{"target": -1346.139365004627, "params": {"gamma": 6.90973047851962, "lr": 0.18863680095531088}, "datetime": {"datetime": "2024-06-13 17:04:57", "elapsed": 0.644212, "delta": 0.002992}}
{"target": -840.3269629952355, "params": {"gamma": 4.419600903203486, "lr": 0.5815774073442912}, "datetime": {"datetime": "2024-06-13 17:04:57", "elapsed": 0.648201, "delta": 0.003989}}
{"target": -1824.2337653806228, "params": {"gamma": 9.897527324929388, "lr": 0.20390622523312185}, "datetime": {"datetime": "2024-06-13 17:04:57", "elapsed": 0.651193, "delta": 0.002992}}
{"target": -401.83253117100446, "params": {"gamma": 2.478081284721786, "lr": 0.26217308377291193}, "datetime": {"datetime": "2024-06-13 17:04:57", "elapsed": 0.655183, "delta": 0.00399}}
{"target": -1256.374459551698, "params": {"gamma": 7.50197396056663, "lr": 0.4569753274356928}, "datetime": {"datetime": "2024-06-13 17:04:57", "elapsed": 0.658174, "delta": 0.002991}}
{"target": -168.56856950565134, "params": {"gamma": 0.5702374546725388, "lr": 0.5085162406102396}, "datetime": {"datetime": "2024-06-13 17:04:57", "elapsed": 0.662164, "delta": 0.00399}}
{"target": -482.0415262094305, "params": {"gamma": 2.120389686272116, "lr": 0.7986042447602102}, "datetime": {"datetime": "2024-06-13 17:04:57", "elapsed": 0.665661, "delta": 0.003497}}
{"target": -1177.866870154721, "params": {"gamma": 2.9740164836912153, "lr": 0.02760601195450363}, "datetime": {"datetime": "2024-06-13 17:04:57", "elapsed": 0.668653, "delta": 0.002992}}
{"target": -1370.158936919094, "params": {"gamma": 5.934731062196747, "lr": 0.8438404289311888}, "datetime": {"datetime": "2024-06-13 17:04:57", "elapsed": 0.671645, "delta": 0.002992}}
{"target": -848.4021139893442, "params": {"gamma": 3.81078022449808, "lr": 0.7498583107261434}, "datetime": {"datetime": "2024-06-13 17:04:57", "elapsed": 0.675636, "delta": 0.003991}}
{"target": -956.1012862133304, "params": {"gamma": 5.111903641492986, "lr": 0.5409518049621886}, "datetime": {"datetime": "2024-06-13 17:04:57", "elapsed": 0.678629, "delta": 0.002993}}
{"target": -2144.553043951813, "params": {"gamma": 9.594383776296462, "lr": 0.8039608914986468}, "datetime": {"datetime": "2024-06-13 17:04:57", "elapsed": 0.682618, "delta": 0.003989}}
{"target": -150.88884945539087, "params": {"gamma": 0.3241983431691163, "lr": 0.7093872512312951}, "datetime": {"datetime": "2024-06-13 17:04:57", "elapsed": 0.686607, "delta": 0.003989}}
{"target": -1151.2398013583238, "params": {"gamma": 4.650549814153498, "lr": 0.9475489413950998}, "datetime": {"datetime": "2024-06-13 17:04:57", "elapsed": 0.689599, "delta": 0.002992}}
{"target": -363.6594080226795, "params": {"gamma": 2.2151059105005597, "lr": 0.2670720196843658}, "datetime": {"datetime": "2024-06-13 17:04:57", "elapsed": 0.693589, "delta": 0.00399}}
{"target": -190.79699854545436, "params": {"gamma": 0.8156581748077427, "lr": 0.42861882866378653}, "datetime": {"datetime": "2024-06-13 17:04:57", "elapsed": 0.69661, "delta": 0.003021}}
{"target": -251.9564560326359, "params": {"gamma": 1.091078621426664, "lr": 0.6337867606119179}, "datetime": {"datetime": "2024-06-13 17:04:57", "elapsed": 0.70057, "delta": 0.00396}}
{"target": -1724.407480435205, "params": {"gamma": 8.029829410500005, "lr": 0.6968004961201785}, "datetime": {"datetime": "2024-06-13 17:04:57", "elapsed": 0.703562, "delta": 0.002992}}
{"target": -1177.553360333961, "params": {"gamma": 7.66234759937663, "lr": 0.3424541198435198}, "datetime": {"datetime": "2024-06-13 17:04:57", "elapsed": 0.706899, "delta": 0.003337}}
{"target": -1421.4802071051054, "params": {"gamma": 8.45866897879375, "lr": 0.42876877499944255}, "datetime": {"datetime": "2024-06-13 17:04:57", "elapsed": 0.710889, "delta": 0.00399}}
{"target": -1655.7949214650932, "params": {"gamma": 8.240274694252776, "lr": 0.6264961586242938}, "datetime": {"datetime": "2024-06-13 17:04:57", "elapsed": 0.714464, "delta": 0.003575}}
{"target": -596.4830988002051, "params": {"gamma": 1.435087063653779, "lr": 0.07838689985494796}, "datetime": {"datetime": "2024-06-13 17:04:57", "elapsed": 0.717962, "delta": 0.003498}}
{"target": -172.87738154204536, "params": {"gamma": 0.1843080964871599, "lr": 0.06672499763935646}, "datetime": {"datetime": "2024-06-13 17:04:57", "elapsed": 0.720953, "delta": 0.002991}}
{"target": -1410.8204876831505, "params": {"gamma": 4.586379553270611, "lr": 0.11334192276759048}, "datetime": {"datetime": "2024-06-13 17:04:57", "elapsed": 0.724943, "delta": 0.00399}}
{"target": -146.04733958543798, "params": {"gamma": 0.27880570513785086, "lr": 0.7548614813904674}, "datetime": {"datetime": "2024-06-13 17:04:57", "elapsed": 0.727935, "delta": 0.002992}}
{"target": -878.386286636147, "params": {"gamma": 3.949109954125934, "lr": 0.7469384956075251}, "datetime": {"datetime": "2024-06-13 17:04:57", "elapsed": 0.731924, "delta": 0.003989}}
{"target": -774.1863663519937, "params": {"gamma": 4.52459586263777, "lr": 0.4500867470007611}, "datetime": {"datetime": "2024-06-13 17:04:57", "elapsed": 0.734916, "delta": 0.002992}}
{"target": -809.4528772890252, "params": {"gamma": 4.7812469946715925, "lr": 0.47400392656219403}, "datetime": {"datetime": "2024-06-13 17:04:57", "elapsed": 0.738905, "delta": 0.003989}}
{"target": -1354.1839039784143, "params": {"gamma": 8.031830257799582, "lr": 0.40239251985773583}, "datetime": {"datetime": "2024-06-13 17:04:57", "elapsed": 0.741898, "delta": 0.002993}}
{"target": -3490.561219292319, "params": {"gamma": 9.046956917275887, "lr": 0.037061047954035864}, "datetime": {"datetime": "2024-06-13 17:04:57", "elapsed": 0.745886, "delta": 0.003988}}
{"target": -1932.7454658864003, "params": {"gamma": 7.738969552861467, "lr": 0.12564138113773882}, "datetime": {"datetime": "2024-06-13 17:04:57", "elapsed": 0.748879, "delta": 0.002993}}
{"target": -2400.3919788585863, "params": {"gamma": 6.185517155553943, "lr": 0.010364261335231939}, "datetime": {"datetime": "2024-06-13 17:04:57", "elapsed": 0.752868, "delta": 0.003989}}
{"target": -2096.1072017940323, "params": {"gamma": 5.386734198480894, "lr": 0.0030179566195963625}, "datetime": {"datetime": "2024-06-13 17:04:57", "elapsed": 0.75586, "delta": 0.002992}}
{"target": -2264.186640562423, "params": {"gamma": 9.511986661116556, "lr": 0.905402033702778}, "datetime": {"datetime": "2024-06-13 17:04:57", "elapsed": 0.758852, "delta": 0.002992}}
{"target": -1951.5233835018369, "params": {"gamma": 7.959873452480752, "lr": 0.9152743199147875}, "datetime": {"datetime": "2024-06-13 17:04:57", "elapsed": 0.762841, "delta": 0.003989}}
{"target": -348.479307763795, "params": {"gamma": 1.4564367533528122, "lr": 0.15773006987053328}, "datetime": {"datetime": "2024-06-13 17:04:57", "elapsed": 0.766831, "delta": 0.00399}}
{"target": -394.1761106565766, "params": {"gamma": 1.8771290973514374, "lr": 0.6224959022999211}, "datetime": {"datetime": "2024-06-13 17:04:57", "elapsed": 0.769823, "delta": 0.002992}}
{"target": -2227.9764853482625, "params": {"gamma": 9.05818915058701, "lr": 0.9899551783590737}, "datetime": {"datetime": "2024-06-13 17:04:57", "elapsed": 0.773812, "delta": 0.003989}}
{"target": -1565.5220043186225, "params": {"gamma": 7.111513465199394, "lr": 0.7318004091422953}, "datetime": {"datetime": "2024-06-13 17:04:57", "elapsed": 0.776804, "delta": 0.002992}}
{"target": -1530.2945741678377, "params": {"gamma": 9.093022752238, "lr": 0.4008737323711209}, "datetime": {"datetime": "2024-06-13 17:04:57", "elapsed": 0.780793, "delta": 0.003989}}
{"target": -540.0067243260828, "params": {"gamma": 2.4992569515701426, "lr": 0.17343017078712286}, "datetime": {"datetime": "2024-06-13 17:04:57", "elapsed": 0.783785, "delta": 0.002992}}
{"target": -297.0477201425661, "params": {"gamma": 1.1954510462869563, "lr": 0.8126105880328287}, "datetime": {"datetime": "2024-06-13 17:04:57", "elapsed": 0.787777, "delta": 0.003992}}
{"target": -259.3386164169169, "params": {"gamma": 1.4687769417990144, "lr": 0.2642974827269007}, "datetime": {"datetime": "2024-06-13 17:04:57", "elapsed": 0.79077, "delta": 0.002993}}
{"target": -1265.9617245614102, "params": {"gamma": 8.191072697156674, "lr": 0.31058725179421}, "datetime": {"datetime": "2024-06-13 17:04:57", "elapsed": 0.794707, "delta": 0.003937}}
{"target": -1509.1844296975694, "params": {"gamma": 9.824192075480136, "lr": 0.2666387021516352}, "datetime": {"datetime": "2024-06-13 17:04:57", "elapsed": 0.798637, "delta": 0.00393}}
