{"target": -977.6070648065559, "params": {"gamma": 4.170803025021038, "lr": 0.7203244934421581}, "datetime": {"datetime": "2024-06-13 18:39:21", "elapsed": 0.0, "delta": 0.0}}
{"target": -148.99235645108908, "params": {"gamma": 0.002143633798631522, "lr": 0.30233257263183977}, "datetime": {"datetime": "2024-06-13 18:39:21", "elapsed": 0.00399, "delta": 0.00399}}
{"target": -675.5215406869714, "params": {"gamma": 1.4684121522803133, "lr": 0.0923385947687978}, "datetime": {"datetime": "2024-06-13 18:39:21", "elapsed": 0.006982, "delta": 0.002992}}
{"target": -300.0776358422174, "params": {"gamma": 1.8634158535653313, "lr": 0.34556072704304774}, "datetime": {"datetime": "2024-06-13 18:39:21", "elapsed": 0.009973, "delta": 0.002991}}
{"target": -717.7355969990174, "params": {"gamma": 3.968277974832469, "lr": 0.538816734003357}, "datetime": {"datetime": "2024-06-13 18:39:21", "elapsed": 0.013963, "delta": 0.00399}}
{"target": -977.6614350891351, "params": {"gamma": 4.192525949518545, "lr": 0.6852195003967595}, "datetime": {"datetime": "2024-06-13 18:39:21", "elapsed": 0.017952, "delta": 0.003989}}
{"target": -619.262659089752, "params": {"gamma": 2.045318045065443, "lr": 0.8781174363909454}, "datetime": {"datetime": "2024-06-13 18:39:21", "elapsed": 0.020944, "delta": 0.002992}}
{"target": -158.61970520373947, "params": {"gamma": 0.2748485443860637, "lr": 0.6704675101784022}, "datetime": {"datetime": "2024-06-13 18:39:21", "elapsed": 0.024933, "delta": 0.003989}}
{"target": -771.2602195820983, "params": {"gamma": 4.173630718868903, "lr": 0.5586898284457517}, "datetime": {"datetime": "2024-06-13 18:39:21", "elapsed": 0.027925, "delta": 0.002992}}
{"target": -315.75834425929213, "params": {"gamma": 1.4047289990137424, "lr": 0.1981014890848788}, "datetime": {"datetime": "2024-06-13 18:39:21", "elapsed": 0.031915, "delta": 0.00399}}
{"target": -2520.3454704704905, "params": {"gamma": 8.00764494218669, "lr": 0.9682615757193975}, "datetime": {"datetime": "2024-06-13 18:39:21", "elapsed": 0.034907, "delta": 0.002992}}
{"target": -739.5054719606587, "params": {"gamma": 3.1349283574142692, "lr": 0.6923226156693141}, "datetime": {"datetime": "2024-06-13 18:39:21", "elapsed": 0.038898, "delta": 0.003991}}
{"target": -2643.1501512854893, "params": {"gamma": 8.764015133808087, "lr": 0.8946066635038473}, "datetime": {"datetime": "2024-06-13 18:39:21", "elapsed": 0.041889, "delta": 0.002991}}
{"target": -445.0341408414567, "params": {"gamma": 0.8513570694864094, "lr": 0.03905478323288236}, "datetime": {"datetime": "2024-06-13 18:39:21", "elapsed": 0.045879, "delta": 0.00399}}
{"target": -521.8988830154783, "params": {"gamma": 1.6991343652261244, "lr": 0.8781425034294131}, "datetime": {"datetime": "2024-06-13 18:39:21", "elapsed": 0.04887, "delta": 0.002991}}
{"target": -213.63373919216622, "params": {"gamma": 0.9843699914966679, "lr": 0.42110762500505217}, "datetime": {"datetime": "2024-06-13 18:39:21", "elapsed": 0.052859, "delta": 0.003989}}
{"target": -1694.4930721507908, "params": {"gamma": 9.578937411974868, "lr": 0.5331652849730171}, "datetime": {"datetime": "2024-06-13 18:39:21", "elapsed": 0.055852, "delta": 0.002993}}
{"target": -1150.8553056203552, "params": {"gamma": 6.919079262390784, "lr": 0.31551563100606295}, "datetime": {"datetime": "2024-06-13 18:39:21", "elapsed": 0.059841, "delta": 0.003989}}
{"target": -1921.3158283372054, "params": {"gamma": 6.865322775888155, "lr": 0.8346256718973729}, "datetime": {"datetime": "2024-06-13 18:39:21", "elapsed": 0.062833, "delta": 0.002992}}
{"target": -152.34046415283, "params": {"gamma": 0.18386448516457388, "lr": 0.7501443149449675}, "datetime": {"datetime": "2024-06-13 18:39:21", "elapsed": 0.066822, "delta": 0.003989}}
{"target": -2314.8859248889225, "params": {"gamma": 9.88862202797604, "lr": 0.7481656543798394}, "datetime": {"datetime": "2024-06-13 18:39:21", "elapsed": 0.069814, "delta": 0.002992}}
{"target": -729.9898782169579, "params": {"gamma": 2.8051594766519874, "lr": 0.7892793284514885}, "datetime": {"datetime": "2024-06-13 18:39:21", "elapsed": 0.073806, "delta": 0.003992}}
{"target": -209.4412140836809, "params": {"gamma": 1.0331568397698425, "lr": 0.44789352617590517}, "datetime": {"datetime": "2024-06-13 18:39:21", "elapsed": 0.077301, "delta": 0.003495}}
{"target": -1489.2328743588018, "params": {"gamma": 9.086046435427862, "lr": 0.2936141483736795}, "datetime": {"datetime": "2024-06-13 18:39:21", "elapsed": 0.080293, "delta": 0.002992}}
{"target": -825.6801486842156, "params": {"gamma": 2.878465610524901, "lr": 0.13002857211827767}, "datetime": {"datetime": "2024-06-13 18:39:21", "elapsed": 0.083284, "delta": 0.002991}}
{"target": -152.43684366089886, "params": {"gamma": 0.19465021174510047, "lr": 0.678835532939891}, "datetime": {"datetime": "2024-06-13 18:39:21", "elapsed": 0.087274, "delta": 0.00399}}
{"target": -365.2726949967699, "params": {"gamma": 2.1170695318845905, "lr": 0.2655466593722262}, "datetime": {"datetime": "2024-06-13 18:39:21", "elapsed": 0.090266, "delta": 0.002992}}
{"target": -2345.5446685704346, "params": {"gamma": 4.916240019644103, "lr": 0.053362545117080384}, "datetime": {"datetime": "2024-06-13 18:39:21", "elapsed": 0.094255, "delta": 0.003989}}
{"target": -1410.6471160333613, "params": {"gamma": 5.741601937314639, "lr": 0.14672857490581015}, "datetime": {"datetime": "2024-06-13 18:39:21", "elapsed": 0.097247, "delta": 0.002992}}
{"target": -1362.2076569096332, "params": {"gamma": 5.89346606349594, "lr": 0.6997583600209312}, "datetime": {"datetime": "2024-06-13 18:39:21", "elapsed": 0.101236, "delta": 0.003989}}
{"target": -218.54239647624533, "params": {"gamma": 1.0242419538494305, "lr": 0.4140559878195683}, "datetime": {"datetime": "2024-06-13 18:39:21", "elapsed": 0.104228, "delta": 0.002992}}
{"target": -1137.737714562908, "params": {"gamma": 6.9443071771197245, "lr": 0.41417926952690265}, "datetime": {"datetime": "2024-06-13 18:39:21", "elapsed": 0.108218, "delta": 0.00399}}
{"target": -167.16777449705603, "params": {"gamma": 0.5004846360019255, "lr": 0.5358964059155116}, "datetime": {"datetime": "2024-06-13 18:39:21", "elapsed": 0.11121, "delta": 0.002992}}
{"target": -1181.7121237139718, "params": {"gamma": 6.638282657552669, "lr": 0.5148891120583086}, "datetime": {"datetime": "2024-06-13 18:39:21", "elapsed": 0.115199, "delta": 0.003989}}
{"target": -1657.7998694951677, "params": {"gamma": 9.446002965152143, "lr": 0.5865550405019929}, "datetime": {"datetime": "2024-06-13 18:39:21", "elapsed": 0.118191, "delta": 0.002992}}
{"target": -2532.9802094849747, "params": {"gamma": 9.034115750963547, "lr": 0.13747470414623753}, "datetime": {"datetime": "2024-06-13 18:39:21", "elapsed": 0.121183, "delta": 0.002992}}
{"target": -412.5550282145771, "params": {"gamma": 1.3936241961603346, "lr": 0.8073912887095238}, "datetime": {"datetime": "2024-06-13 18:39:21", "elapsed": 0.125173, "delta": 0.00399}}
{"target": -988.9988626329214, "params": {"gamma": 3.9773706930183503, "lr": 0.16535419711693278}, "datetime": {"datetime": "2024-06-13 18:39:21", "elapsed": 0.128165, "delta": 0.002992}}
{"target": -1324.2423330027987, "params": {"gamma": 9.275158295379942, "lr": 0.34776585974550656}, "datetime": {"datetime": "2024-06-13 18:39:21", "elapsed": 0.132154, "delta": 0.003989}}
{"target": -1735.9919768415505, "params": {"gamma": 7.50837021925842, "lr": 0.7259979853504515}, "datetime": {"datetime": "2024-06-13 18:39:21", "elapsed": 0.135146, "delta": 0.002992}}
{"target": -1632.7060715705572, "params": {"gamma": 8.833177605966892, "lr": 0.6236722070556089}, "datetime": {"datetime": "2024-06-13 18:39:21", "elapsed": 0.139135, "delta": 0.003989}}
{"target": -1077.1994319173614, "params": {"gamma": 7.509673397839345, "lr": 0.34889834197784253}, "datetime": {"datetime": "2024-06-13 18:39:21", "elapsed": 0.142127, "delta": 0.002992}}
{"target": -828.7799725555165, "params": {"gamma": 2.7000089897584956, "lr": 0.8958862181960668}, "datetime": {"datetime": "2024-06-13 18:39:21", "elapsed": 0.146118, "delta": 0.003991}}
{"target": -1355.1360852471373, "params": {"gamma": 4.281483807523078, "lr": 0.9648400471483856}, "datetime": {"datetime": "2024-06-13 18:39:21", "elapsed": 0.149108, "delta": 0.00299}}
{"target": -1232.8565247185938, "params": {"gamma": 6.634751536686663, "lr": 0.6216957202091218}, "datetime": {"datetime": "2024-06-13 18:39:21", "elapsed": 0.153098, "delta": 0.00399}}
{"target": -393.23502960205224, "params": {"gamma": 1.1483449835607984, "lr": 0.9494892587070712}, "datetime": {"datetime": "2024-06-13 18:39:21", "elapsed": 0.15609, "delta": 0.002992}}
{"target": -793.6611681711051, "params": {"gamma": 4.499671422665926, "lr": 0.5783896143871318}, "datetime": {"datetime": "2024-06-13 18:39:21", "elapsed": 0.160079, "delta": 0.003989}}
{"target": -556.0534558957996, "params": {"gamma": 4.081959890810051, "lr": 0.2370269802430277}, "datetime": {"datetime": "2024-06-13 18:39:21", "elapsed": 0.163071, "delta": 0.002992}}
{"target": -1567.7619971799727, "params": {"gamma": 9.033891826101975, "lr": 0.5736794866722859}, "datetime": {"datetime": "2024-06-13 18:39:21", "elapsed": 0.167061, "delta": 0.00399}}
{"target": -147.84568786558003, "params": {"gamma": 0.029700399984558545, "lr": 0.6171449136207239}, "datetime": {"datetime": "2024-06-13 18:39:21", "elapsed": 0.170052, "delta": 0.002991}}
{"target": -596.9490295405324, "params": {"gamma": 3.2671223728191894, "lr": 0.5270581022576093}, "datetime": {"datetime": "2024-06-13 18:39:21", "elapsed": 0.174042, "delta": 0.00399}}
{"target": -1266.0738046492604, "params": {"gamma": 8.859535051008434, "lr": 0.35726976000249977}, "datetime": {"datetime": "2024-06-13 18:39:21", "elapsed": 0.176548, "delta": 0.002506}}
{"target": -1678.6042023053237, "params": {"gamma": 9.085442974047073, "lr": 0.6233601157918027}, "datetime": {"datetime": "2024-06-13 18:39:21", "elapsed": 0.180532, "delta": 0.003984}}
{"target": -155.44207220439816, "params": {"gamma": 0.15919660722271628, "lr": 0.9294372337437613}, "datetime": {"datetime": "2024-06-13 18:39:21", "elapsed": 0.183524, "delta": 0.002992}}
{"target": -2176.643523886769, "params": {"gamma": 6.9092782782517235, "lr": 0.9973228504514805}, "datetime": {"datetime": "2024-06-13 18:39:21", "elapsed": 0.187513, "delta": 0.003989}}
{"target": -513.5376613839802, "params": {"gamma": 1.7242327429449402, "lr": 0.13713574962887776}, "datetime": {"datetime": "2024-06-13 18:39:21", "elapsed": 0.190505, "delta": 0.002992}}
{"target": -2139.4175170025555, "params": {"gamma": 9.326022034908599, "lr": 0.6968181614899002}, "datetime": {"datetime": "2024-06-13 18:39:21", "elapsed": 0.194494, "delta": 0.003989}}
{"target": -219.27495373240396, "params": {"gamma": 0.6609357270479028, "lr": 0.7554630526024664}, "datetime": {"datetime": "2024-06-13 18:39:21", "elapsed": 0.197486, "delta": 0.002992}}
{"target": -2373.6913636955755, "params": {"gamma": 7.539008008424004, "lr": 0.9230245355464833}, "datetime": {"datetime": "2024-06-13 18:39:21", "elapsed": 0.201476, "delta": 0.00399}}
{"target": -2331.116694557684, "params": {"gamma": 7.11553606152609, "lr": 0.1242709619721647}, "datetime": {"datetime": "2024-06-13 18:39:21", "elapsed": 0.204468, "delta": 0.002992}}
{"target": -188.72080575992806, "params": {"gamma": 0.1997814582641161, "lr": 0.026210986877719278}, "datetime": {"datetime": "2024-06-13 18:39:21", "elapsed": 0.208457, "delta": 0.003989}}
{"target": -148.941226284456, "params": {"gamma": 0.2840365737199253, "lr": 0.2462110676030459}, "datetime": {"datetime": "2024-06-13 18:39:21", "elapsed": 0.211449, "delta": 0.002992}}
{"target": -1523.8046659630886, "params": {"gamma": 8.600419458880197, "lr": 0.5388310643416528}, "datetime": {"datetime": "2024-06-13 18:39:21", "elapsed": 0.214441, "delta": 0.002992}}
{"target": -1551.361582622691, "params": {"gamma": 5.5286669648789735, "lr": 0.8420308923596057}, "datetime": {"datetime": "2024-06-13 18:39:21", "elapsed": 0.21843, "delta": 0.003989}}
{"target": -246.03778310387955, "params": {"gamma": 1.2426089778839915, "lr": 0.2791836790111395}, "datetime": {"datetime": "2024-06-13 18:39:21", "elapsed": 0.221423, "delta": 0.002993}}
{"target": -1847.7765200643075, "params": {"gamma": 5.858006955311422, "lr": 0.9695957483196745}, "datetime": {"datetime": "2024-06-13 18:39:21", "elapsed": 0.225412, "delta": 0.003989}}
{"target": -2672.5594815793243, "params": {"gamma": 5.6107411623378445, "lr": 0.01864728937294302}, "datetime": {"datetime": "2024-06-13 18:39:21", "elapsed": 0.228404, "delta": 0.002992}}
{"target": -1051.0262917345742, "params": {"gamma": 8.006526094133482, "lr": 0.23297427384102043}, "datetime": {"datetime": "2024-06-13 18:39:21", "elapsed": 0.232393, "delta": 0.003989}}
{"target": -1268.8111814036313, "params": {"gamma": 8.071244850992173, "lr": 0.38786064406417176}, "datetime": {"datetime": "2024-06-13 18:39:21", "elapsed": 0.235385, "delta": 0.002992}}
{"target": -2024.824805470673, "params": {"gamma": 8.635555003739727, "lr": 0.7471216427371846}, "datetime": {"datetime": "2024-06-13 18:39:21", "elapsed": 0.239375, "delta": 0.00399}}
{"target": -1568.231171559324, "params": {"gamma": 5.562846099670199, "lr": 0.13645522566068502}, "datetime": {"datetime": "2024-06-13 18:39:21", "elapsed": 0.242366, "delta": 0.002991}}
{"target": -257.0261639158099, "params": {"gamma": 0.6001169774326044, "lr": 0.12134345574073735}, "datetime": {"datetime": "2024-06-13 18:39:21", "elapsed": 0.246356, "delta": 0.00399}}
{"target": -237.54489921856444, "params": {"gamma": 0.4464742335690725, "lr": 0.1074941291060929}, "datetime": {"datetime": "2024-06-13 18:39:21", "elapsed": 0.250345, "delta": 0.003989}}
{"target": -543.9524923633162, "params": {"gamma": 2.2578676767399393, "lr": 0.7129889803826767}, "datetime": {"datetime": "2024-06-13 18:39:21", "elapsed": 0.253366, "delta": 0.003021}}
{"target": -2666.3760087617156, "params": {"gamma": 5.597610103559371, "lr": 0.012555980159115854}, "datetime": {"datetime": "2024-06-13 18:39:21", "elapsed": 0.257356, "delta": 0.00399}}
{"target": -273.0275960947821, "params": {"gamma": 0.7206708226151783, "lr": 0.967276330000272}, "datetime": {"datetime": "2024-06-13 18:39:21", "elapsed": 0.26035, "delta": 0.002994}}
{"target": -1017.3111243271561, "params": {"gamma": 5.6814365187375016, "lr": 0.20329323466099047}, "datetime": {"datetime": "2024-06-13 18:39:21", "elapsed": 0.264308, "delta": 0.003958}}
{"target": -614.3568415554039, "params": {"gamma": 2.5240051199586637, "lr": 0.7438258540750929}, "datetime": {"datetime": "2024-06-13 18:39:21", "elapsed": 0.268297, "delta": 0.003989}}
{"target": -367.354872613401, "params": {"gamma": 1.9550993816120785, "lr": 0.5813589272732578}, "datetime": {"datetime": "2024-06-13 18:39:21", "elapsed": 0.271289, "delta": 0.002992}}
{"target": -2706.4139677254975, "params": {"gamma": 9.700229870894034, "lr": 0.8468288014900353}, "datetime": {"datetime": "2024-06-13 18:39:21", "elapsed": 0.274281, "delta": 0.002992}}
{"target": -396.7705667047922, "params": {"gamma": 2.399237743716714, "lr": 0.49376971426872995}, "datetime": {"datetime": "2024-06-13 18:39:21", "elapsed": 0.278271, "delta": 0.00399}}
{"target": -1712.5704529046827, "params": {"gamma": 6.199937228095417, "lr": 0.8289808995501787}, "datetime": {"datetime": "2024-06-13 18:39:21", "elapsed": 0.28226, "delta": 0.003989}}
{"target": -774.2833506082578, "params": {"gamma": 1.5687571550661965, "lr": 0.018576202177409518}, "datetime": {"datetime": "2024-06-13 18:39:21", "elapsed": 0.285252, "delta": 0.002992}}
{"target": -177.30108889204126, "params": {"gamma": 0.7011514150485041, "lr": 0.4863451109370318}, "datetime": {"datetime": "2024-06-13 18:39:21", "elapsed": 0.289241, "delta": 0.003989}}
{"target": -1107.2540737641139, "params": {"gamma": 6.063688287071651, "lr": 0.5688514370864813}, "datetime": {"datetime": "2024-06-13 18:39:21", "elapsed": 0.292233, "delta": 0.002992}}
{"target": -1010.3661562952112, "params": {"gamma": 3.1743067308122854, "lr": 0.9886161544124489}, "datetime": {"datetime": "2024-06-13 18:39:21", "elapsed": 0.295226, "delta": 0.002993}}
{"target": -919.2286807372326, "params": {"gamma": 5.797872447238724, "lr": 0.3801411726235504}, "datetime": {"datetime": "2024-06-13 18:39:21", "elapsed": 0.299215, "delta": 0.003989}}
{"target": -1301.5559846375422, "params": {"gamma": 5.509931242959851, "lr": 0.7453344309065021}, "datetime": {"datetime": "2024-06-13 18:39:21", "elapsed": 0.302206, "delta": 0.002991}}
{"target": -1051.438126177945, "params": {"gamma": 6.6926597016383935, "lr": 0.2649195576628094}, "datetime": {"datetime": "2024-06-13 18:39:21", "elapsed": 0.306196, "delta": 0.00399}}
{"target": -166.34847675417282, "params": {"gamma": 0.6642820094499873, "lr": 0.3700841979141063}, "datetime": {"datetime": "2024-06-13 18:39:21", "elapsed": 0.309188, "delta": 0.002992}}
{"target": -1124.7050327669592, "params": {"gamma": 6.297545352708624, "lr": 0.2101740099148396}, "datetime": {"datetime": "2024-06-13 18:39:21", "elapsed": 0.313177, "delta": 0.003989}}
{"target": -3575.4144237467394, "params": {"gamma": 7.5278027818344, "lr": 0.06653648135411494}, "datetime": {"datetime": "2024-06-13 18:39:21", "elapsed": 0.31617, "delta": 0.002993}}
{"target": -730.4303525532961, "params": {"gamma": 2.603890670686831, "lr": 0.8047545637433454}, "datetime": {"datetime": "2024-06-13 18:39:21", "elapsed": 0.320158, "delta": 0.003988}}
{"target": -407.9202033482621, "params": {"gamma": 1.935149391950654, "lr": 0.6394608808799401}, "datetime": {"datetime": "2024-06-13 18:39:21", "elapsed": 0.323151, "delta": 0.002993}}
{"target": -1656.7849027750055, "params": {"gamma": 5.247178420928214, "lr": 0.9248079703993507}, "datetime": {"datetime": "2024-06-13 18:39:21", "elapsed": 0.326915, "delta": 0.003764}}
{"target": -1272.139418301633, "params": {"gamma": 2.633704408100623, "lr": 0.06596109068402378}, "datetime": {"datetime": "2024-06-13 18:39:21", "elapsed": 0.329907, "delta": 0.002992}}
{"target": -1809.5167804935247, "params": {"gamma": 7.350924566923407, "lr": 0.7721780295432468}, "datetime": {"datetime": "2024-06-13 18:39:21", "elapsed": 0.333896, "delta": 0.003989}}
{"target": -2855.4038590213304, "params": {"gamma": 9.078250709182736, "lr": 0.9319720691968373}, "datetime": {"datetime": "2024-06-13 18:39:21", "elapsed": 0.336888, "delta": 0.002992}}
{"target": -147.1527353235142, "params": {"gamma": 0.14050177818299456, "lr": 0.2343620861214205}, "datetime": {"datetime": "2024-06-13 18:39:21", "elapsed": 0.340877, "delta": 0.003989}}
{"target": -1944.7874684061644, "params": {"gamma": 6.1681667916595755, "lr": 0.9490163206876164}, "datetime": {"datetime": "2024-06-13 18:39:21", "elapsed": 0.343869, "delta": 0.002992}}
{"target": -1720.4315306981873, "params": {"gamma": 9.50181101635155, "lr": 0.5566531881951564}, "datetime": {"datetime": "2024-06-13 18:39:21", "elapsed": 0.347859, "delta": 0.00399}}
{"target": -1788.3014578029095, "params": {"gamma": 9.15614789131298, "lr": 0.6415662089463375}, "datetime": {"datetime": "2024-06-13 18:39:21", "elapsed": 0.35085, "delta": 0.002991}}
{"target": -618.4539188776643, "params": {"gamma": 3.9006871336983213, "lr": 0.48599066709690975}, "datetime": {"datetime": "2024-06-13 18:39:21", "elapsed": 0.35484, "delta": 0.00399}}
{"target": -1096.921251706626, "params": {"gamma": 6.043500518716813, "lr": 0.5495479215085626}, "datetime": {"datetime": "2024-06-13 18:39:21", "elapsed": 0.357832, "delta": 0.002992}}
{"target": -2912.8776502903484, "params": {"gamma": 9.26188808563783, "lr": 0.9187334356336061}, "datetime": {"datetime": "2024-06-13 18:39:21", "elapsed": 0.361821, "delta": 0.003989}}
{"target": -1251.5433735927945, "params": {"gamma": 3.9493612536226252, "lr": 0.9632625284407118}, "datetime": {"datetime": "2024-06-13 18:39:21", "elapsed": 0.364813, "delta": 0.002992}}
{"target": -517.8186808248503, "params": {"gamma": 1.740382711137963, "lr": 0.12632951943963733}, "datetime": {"datetime": "2024-06-13 18:39:21", "elapsed": 0.368802, "delta": 0.003989}}
{"target": -279.15240420029005, "params": {"gamma": 1.3516565013092665, "lr": 0.5056621656768967}, "datetime": {"datetime": "2024-06-13 18:39:21", "elapsed": 0.371794, "delta": 0.002992}}
{"target": -162.2192407556039, "params": {"gamma": 0.2162265279367056, "lr": 0.947970211217681}, "datetime": {"datetime": "2024-06-13 18:39:21", "elapsed": 0.375544, "delta": 0.00375}}
{"target": -3925.607275714251, "params": {"gamma": 8.271327596236153, "lr": 0.015018980742122379}, "datetime": {"datetime": "2024-06-13 18:39:21", "elapsed": 0.378536, "delta": 0.002992}}
{"target": -327.1537897390301, "params": {"gamma": 1.7627863594949775, "lr": 0.332063574366837}, "datetime": {"datetime": "2024-06-13 18:39:21", "elapsed": 0.382525, "delta": 0.003989}}
{"target": -391.51011635526714, "params": {"gamma": 1.310837451264358, "lr": 0.8094906921265821}, "datetime": {"datetime": "2024-06-13 18:39:21", "elapsed": 0.385517, "delta": 0.002992}}
{"target": -1095.4217684489904, "params": {"gamma": 3.4480217901802512, "lr": 0.9401074823333672}, "datetime": {"datetime": "2024-06-13 18:39:21", "elapsed": 0.389506, "delta": 0.003989}}
{"target": -1706.442186810975, "params": {"gamma": 5.820559785290854, "lr": 0.8788319844118441}, "datetime": {"datetime": "2024-06-13 18:39:21", "elapsed": 0.392499, "delta": 0.002993}}
{"target": -2548.211243904629, "params": {"gamma": 8.447499719476827, "lr": 0.9053923187086492}, "datetime": {"datetime": "2024-06-13 18:39:21", "elapsed": 0.396488, "delta": 0.003989}}
{"target": -841.4702931069608, "params": {"gamma": 4.599342777902254, "lr": 0.5463468160203733}, "datetime": {"datetime": "2024-06-13 18:39:21", "elapsed": 0.399479, "delta": 0.002991}}
{"target": -1312.2028258721732, "params": {"gamma": 7.986237307929242, "lr": 0.28571885173414757}, "datetime": {"datetime": "2024-06-13 18:39:21", "elapsed": 0.403469, "delta": 0.00399}}
