{"target": -326.3444146462175, "params": {"gamma": 6.250711640076693, "prior": 6.634028573401182, "rate": 7.340553331594224}, "datetime": {"datetime": "2024-06-14 10:30:43", "elapsed": 18.639406, "delta": 0.009973}}
{"target": -323.05367008307644, "params": {"gamma": 5.54904548691878, "prior": 1.162819548016187, "rate": 6.403837458691426}, "datetime": {"datetime": "2024-06-14 10:30:43", "elapsed": 18.650378, "delta": 0.010972}}
{"target": -370.17129904202613, "params": {"gamma": 6.705637999047665, "prior": 2.5760592163646616, "rate": 9.48280432589309}, "datetime": {"datetime": "2024-06-14 10:30:43", "elapsed": 18.66035, "delta": 0.009972}}
{"target": -251.99159850692263, "params": {"gamma": 4.527038501594155, "prior": 8.680484824940818, "rate": 6.5311578451151915}, "datetime": {"datetime": "2024-06-14 10:30:43", "elapsed": 18.671826, "delta": 0.011476}}
{"target": -322.9206439594565, "params": {"gamma": 6.165734558182161, "prior": 5.53906870999164, "rate": 6.4760270347112066}, "datetime": {"datetime": "2024-06-14 10:30:43", "elapsed": 18.681799, "delta": 0.009973}}
{"target": -423.85593507927933, "params": {"gamma": 8.443508165581074, "prior": 7.79110035202588, "rate": 6.726602036977152}, "datetime": {"datetime": "2024-06-14 10:30:43", "elapsed": 18.69277, "delta": 0.010971}}
{"target": -139.5818389084398, "params": {"gamma": 0.31942149138614195, "prior": 0.18607824607212345, "rate": 3.5860179122930487}, "datetime": {"datetime": "2024-06-14 10:30:43", "elapsed": 18.702743, "delta": 0.009973}}
{"target": -146.27338173318878, "params": {"gamma": 0.30730757815686666, "prior": 5.226689787064359, "rate": 0.036535454134401193}, "datetime": {"datetime": "2024-06-14 10:30:43", "elapsed": 18.713715, "delta": 0.010972}}
{"target": -270.24658289272764, "params": {"gamma": 4.80782326402619, "prior": 3.8383252631823646, "rate": 9.57468291548391}, "datetime": {"datetime": "2024-06-14 10:30:43", "elapsed": 18.724688, "delta": 0.010973}}
{"target": -139.548226591944, "params": {"gamma": 0.5594796463757505, "prior": 0.7453906352106907, "rate": 8.492816205896958}, "datetime": {"datetime": "2024-06-14 10:30:43", "elapsed": 18.734539, "delta": 0.009851}}
{"target": -418.35688405939334, "params": {"gamma": 7.95278352446082, "prior": 9.364876906499536, "rate": 0.7832882493134576}, "datetime": {"datetime": "2024-06-14 10:30:43", "elapsed": 18.745509, "delta": 0.01097}}
{"target": -323.1174476871367, "params": {"gamma": 6.201377645038051, "prior": 5.192608250406824, "rate": 3.2164188746044267}, "datetime": {"datetime": "2024-06-14 10:30:43", "elapsed": 18.755482, "delta": 0.009973}}
{"target": -342.12494792372513, "params": {"gamma": 6.108503694482293, "prior": 9.188970106003065, "rate": 0.6265924993176286}, "datetime": {"datetime": "2024-06-14 10:30:43", "elapsed": 18.765961, "delta": 0.010479}}
{"target": -344.4158139927358, "params": {"gamma": 6.597601675698143, "prior": 2.9231979136433965, "rate": 4.05507146708443}, "datetime": {"datetime": "2024-06-14 10:30:43", "elapsed": 18.775935, "delta": 0.009974}}
{"target": -481.9774280093419, "params": {"gamma": 8.497095650065528, "prior": 1.3051221032419362, "rate": 8.429867764940202}, "datetime": {"datetime": "2024-06-14 10:30:43", "elapsed": 18.786907, "delta": 0.010972}}
{"target": -231.7170394090871, "params": {"gamma": 4.043023200888809, "prior": 9.840486039447793, "rate": 9.180238599391384}, "datetime": {"datetime": "2024-06-14 10:30:43", "elapsed": 18.796879, "delta": 0.009972}}
{"target": -234.23766074263506, "params": {"gamma": 4.077336153001339, "prior": 3.0494110501065124, "rate": 2.210242885260159}, "datetime": {"datetime": "2024-06-14 10:30:43", "elapsed": 18.806852, "delta": 0.009973}}
{"target": -167.22101582983373, "params": {"gamma": 2.178141660255354, "prior": 7.710506836041361, "rate": 7.554669376147851}, "datetime": {"datetime": "2024-06-14 10:30:43", "elapsed": 18.817823, "delta": 0.010971}}
{"target": -512.6665966043473, "params": {"gamma": 9.782554060479685, "prior": 0.9247667416835517, "rate": 2.20261362016969}, "datetime": {"datetime": "2024-06-14 10:30:43", "elapsed": 18.828793, "delta": 0.01097}}
{"target": -490.7125956241423, "params": {"gamma": 9.837125648386799, "prior": 5.509106350626703, "rate": 5.537150485250019}, "datetime": {"datetime": "2024-06-14 10:30:43", "elapsed": 18.838767, "delta": 0.009974}}
{"target": -211.99859338155554, "params": {"gamma": 3.4883611819824956, "prior": 7.06748571585924, "rate": 4.998138049601288}, "datetime": {"datetime": "2024-06-14 10:30:43", "elapsed": 18.84874, "delta": 0.009973}}
{"target": -285.1027012263077, "params": {"gamma": 4.695463118034527, "prior": 5.542751161345011, "rate": 0.25277683452447997}, "datetime": {"datetime": "2024-06-14 10:30:43", "elapsed": 18.858713, "delta": 0.009973}}
{"target": -298.5838808215174, "params": {"gamma": 5.313075133078175, "prior": 1.4163491522539797, "rate": 4.589832013123402}, "datetime": {"datetime": "2024-06-14 10:30:43", "elapsed": 18.868689, "delta": 0.009976}}
{"target": -146.85817759788225, "params": {"gamma": 0.8236297527845414, "prior": 8.900720326296751, "rate": 3.7848776219177442}, "datetime": {"datetime": "2024-06-14 10:30:43", "elapsed": 18.879625, "delta": 0.010936}}
{"target": -256.13975829239587, "params": {"gamma": 4.304116749507192, "prior": 7.4464056980919, "rate": 1.5585894193146912}, "datetime": {"datetime": "2024-06-14 10:30:43", "elapsed": 18.889599, "delta": 0.009974}}
{"target": -303.39770549378983, "params": {"gamma": 5.750661895522346, "prior": 5.159372732252272, "rate": 3.6836674731700536}, "datetime": {"datetime": "2024-06-14 10:30:43", "elapsed": 18.899572, "delta": 0.009973}}
{"target": -350.5686627725369, "params": {"gamma": 6.833671828543643, "prior": 7.965413407633205, "rate": 4.677377247445764}, "datetime": {"datetime": "2024-06-14 10:30:44", "elapsed": 18.909575, "delta": 0.010003}}
{"target": -327.2174764449881, "params": {"gamma": 6.273883706867163, "prior": 9.134137256508124, "rate": 4.570261651531608}, "datetime": {"datetime": "2024-06-14 10:30:44", "elapsed": 18.92011, "delta": 0.010535}}
{"target": -150.46325353088807, "params": {"gamma": 1.3510644515976318, "prior": 5.4780076342581925, "rate": 4.300850527874765}, "datetime": {"datetime": "2024-06-14 10:30:44", "elapsed": 18.930083, "delta": 0.009973}}
{"target": -395.0328094501356, "params": {"gamma": 7.6833624868607115, "prior": 7.996978647259612, "rate": 1.719287872743418}, "datetime": {"datetime": "2024-06-14 10:30:44", "elapsed": 18.940057, "delta": 0.009974}}
{"target": -256.52053137248726, "params": {"gamma": 4.379951424269699, "prior": 2.741527848856144, "rate": 9.54693755681465}, "datetime": {"datetime": "2024-06-14 10:30:44", "elapsed": 18.950031, "delta": 0.009974}}
{"target": -468.34835687048866, "params": {"gamma": 9.368784466603346, "prior": 4.400052644616815, "rate": 4.310675867474359}, "datetime": {"datetime": "2024-06-14 10:30:44", "elapsed": 18.96103, "delta": 0.010999}}
{"target": -379.05137964246444, "params": {"gamma": 7.465025027815888, "prior": 6.000161900798046, "rate": 2.5914507949566294}, "datetime": {"datetime": "2024-06-14 10:30:44", "elapsed": 18.971006, "delta": 0.009976}}
{"target": -264.44244503854327, "params": {"gamma": 4.832217482249796, "prior": 8.912072929132934, "rate": 6.815859364103486}, "datetime": {"datetime": "2024-06-14 10:30:44", "elapsed": 18.981322, "delta": 0.010316}}
{"target": -304.73621445381104, "params": {"gamma": 5.631702156360547, "prior": 8.779863851817137, "rate": 2.763487550262558}, "datetime": {"datetime": "2024-06-14 10:30:44", "elapsed": 18.992292, "delta": 0.01097}}
{"target": -542.2598636571087, "params": {"gamma": 9.968477906522146, "prior": 2.07841434989855, "rate": 8.398095485642296}, "datetime": {"datetime": "2024-06-14 10:30:44", "elapsed": 19.002266, "delta": 0.009974}}
{"target": -376.4097758770188, "params": {"gamma": 7.423677265955892, "prior": 8.654133782311007, "rate": 5.849590827242212}, "datetime": {"datetime": "2024-06-14 10:30:44", "elapsed": 19.012239, "delta": 0.009973}}
{"target": -170.17798546708195, "params": {"gamma": 2.324580257505538, "prior": 4.8868473200156455, "rate": 8.623889760611993}, "datetime": {"datetime": "2024-06-14 10:30:44", "elapsed": 19.022213, "delta": 0.009974}}
{"target": -448.25074021253704, "params": {"gamma": 7.9782472422770105, "prior": 1.8177543148375053, "rate": 9.922107078907667}, "datetime": {"datetime": "2024-06-14 10:30:44", "elapsed": 19.033184, "delta": 0.010971}}
{"target": -141.80493873947248, "params": {"gamma": 0.30509199963247896, "prior": 3.987219786468616, "rate": 7.544258751962611}, "datetime": {"datetime": "2024-06-14 10:30:44", "elapsed": 19.043156, "delta": 0.009972}}
{"target": -546.7443581544749, "params": {"gamma": 9.737423089296351, "prior": 1.5070537571269909, "rate": 9.240481445983646}, "datetime": {"datetime": "2024-06-14 10:30:44", "elapsed": 19.05313, "delta": 0.009974}}
{"target": -169.0068756393296, "params": {"gamma": 2.1910205215764544, "prior": 5.571121613460873, "rate": 4.328641890073879}, "datetime": {"datetime": "2024-06-14 10:30:44", "elapsed": 19.064101, "delta": 0.010971}}
{"target": -412.8159098804645, "params": {"gamma": 8.080742990009732, "prior": 1.471838851029407, "rate": 1.909508341737192}, "datetime": {"datetime": "2024-06-14 10:30:44", "elapsed": 19.074077, "delta": 0.009976}}
{"target": -321.2151070771731, "params": {"gamma": 5.6755575331194175, "prior": 2.178521665483254, "rate": 8.800046492896152}, "datetime": {"datetime": "2024-06-14 10:30:44", "elapsed": 19.084051, "delta": 0.009974}}
{"target": -304.6905440652468, "params": {"gamma": 5.783951692141619, "prior": 9.126375539251068, "rate": 7.643651482024123}, "datetime": {"datetime": "2024-06-14 10:30:44", "elapsed": 19.095021, "delta": 0.01097}}
{"target": -283.20981060620716, "params": {"gamma": 4.749956447996781, "prior": 6.954842154506416, "rate": 0.5989622103785784}, "datetime": {"datetime": "2024-06-14 10:30:44", "elapsed": 19.104995, "delta": 0.009974}}
{"target": -344.84017575772634, "params": {"gamma": 6.3129540540322955, "prior": 9.842067917397047, "rate": 1.1947254178184115}, "datetime": {"datetime": "2024-06-14 10:30:44", "elapsed": 19.114968, "delta": 0.009973}}
{"target": -309.3676272036556, "params": {"gamma": 4.516215172846799, "prior": 0.2834860525337505, "rate": 6.881590456377558}, "datetime": {"datetime": "2024-06-14 10:30:44", "elapsed": 19.125938, "delta": 0.01097}}
{"target": -144.5469946063891, "params": {"gamma": 0.19520689181535128, "prior": 4.607194980262459, "rate": 2.192284951246659}, "datetime": {"datetime": "2024-06-14 10:30:44", "elapsed": 19.135912, "delta": 0.009974}}
{"target": -408.84982305707564, "params": {"gamma": 8.072347745473287, "prior": 6.491810326909217, "rate": 6.663022020111727}, "datetime": {"datetime": "2024-06-14 10:30:44", "elapsed": 19.145885, "delta": 0.009973}}
{"target": -306.9814647771663, "params": {"gamma": 5.49936117147423, "prior": 2.5794193904395852, "rate": 8.157094551477481}, "datetime": {"datetime": "2024-06-14 10:30:44", "elapsed": 19.156856, "delta": 0.010971}}
{"target": -447.32876816463425, "params": {"gamma": 8.801319434535824, "prior": 4.439339280064714, "rate": 5.863711820741532}, "datetime": {"datetime": "2024-06-14 10:30:44", "elapsed": 19.166829, "delta": 0.009973}}
{"target": -324.69735434579627, "params": {"gamma": 6.243379942629359, "prior": 7.303295041403323, "rate": 5.909446588136741}, "datetime": {"datetime": "2024-06-14 10:30:44", "elapsed": 19.176802, "delta": 0.009973}}
{"target": -404.96032333713697, "params": {"gamma": 8.066169168171944, "prior": 8.258471981731269, "rate": 5.56594710415588}, "datetime": {"datetime": "2024-06-14 10:30:44", "elapsed": 19.186776, "delta": 0.009974}}
{"target": -458.81019879436303, "params": {"gamma": 8.829655088096155, "prior": 2.109092556269915, "rate": 4.136740721638024}, "datetime": {"datetime": "2024-06-14 10:30:44", "elapsed": 19.197747, "delta": 0.010971}}
{"target": -365.9346589671575, "params": {"gamma": 6.301468383632087, "prior": 1.1154697020039852, "rate": 7.186717564230962}, "datetime": {"datetime": "2024-06-14 10:30:44", "elapsed": 19.20772, "delta": 0.009973}}
{"target": -262.7176031766329, "params": {"gamma": 4.797353694402805, "prior": 3.852038987367971, "rate": 4.519015226631978}, "datetime": {"datetime": "2024-06-14 10:30:44", "elapsed": 19.217693, "delta": 0.009973}}
{"target": -226.63714725435605, "params": {"gamma": 3.6764939669400882, "prior": 2.471426634522078, "rate": 9.158808384961374}, "datetime": {"datetime": "2024-06-14 10:30:44", "elapsed": 19.228361, "delta": 0.010668}}
{"target": -401.43941123456307, "params": {"gamma": 7.993823586812164, "prior": 3.406006211735859, "rate": 1.691347664222673}, "datetime": {"datetime": "2024-06-14 10:30:44", "elapsed": 19.238973, "delta": 0.010612}}
{"target": -147.18490280218762, "params": {"gamma": 1.1671456351759943, "prior": 7.973795195960528, "rate": 7.020580256606766}, "datetime": {"datetime": "2024-06-14 10:30:44", "elapsed": 19.249469, "delta": 0.010496}}
{"target": -140.66493962602954, "params": {"gamma": 0.7532513187567459, "prior": 1.2542804976959159, "rate": 9.138126532938669}, "datetime": {"datetime": "2024-06-14 10:30:44", "elapsed": 19.259614, "delta": 0.010145}}
{"target": -433.5957269885969, "params": {"gamma": 8.697844167744172, "prior": 2.990329199931283, "rate": 1.0208976946159853}, "datetime": {"datetime": "2024-06-14 10:30:44", "elapsed": 19.269653, "delta": 0.010039}}
{"target": -500.3492272253749, "params": {"gamma": 8.089104924003614, "prior": 0.35911927558226864, "rate": 6.363840611525337}, "datetime": {"datetime": "2024-06-14 10:30:44", "elapsed": 19.279937, "delta": 0.010284}}
{"target": -162.81265290207594, "params": {"gamma": 1.6017100608988064, "prior": 6.947081844135219, "rate": 1.6810289418629691}, "datetime": {"datetime": "2024-06-14 10:30:44", "elapsed": 19.289538, "delta": 0.009601}}
{"target": -212.31750848955718, "params": {"gamma": 3.491138224246637, "prior": 1.3086604715542876, "rate": 2.8715832231230745}, "datetime": {"datetime": "2024-06-14 10:30:44", "elapsed": 19.300209, "delta": 0.010671}}
{"target": -146.88907751185442, "params": {"gamma": 1.2918445291131877, "prior": 4.687523094792548, "rate": 6.494427895595687}, "datetime": {"datetime": "2024-06-14 10:30:44", "elapsed": 19.310743, "delta": 0.010534}}
{"target": -228.5870377696436, "params": {"gamma": 3.945711176055152, "prior": 9.534289164446331, "rate": 7.5488990420267905}, "datetime": {"datetime": "2024-06-14 10:30:44", "elapsed": 19.321253, "delta": 0.01051}}
{"target": -291.46974615519116, "params": {"gamma": 5.444208932057693, "prior": 5.67887663019228, "rate": 3.2067189291281246}, "datetime": {"datetime": "2024-06-14 10:30:44", "elapsed": 19.331282, "delta": 0.010029}}
{"target": -308.88288467997467, "params": {"gamma": 5.1256851497310105, "prior": 7.602335802195582, "rate": 0.019094445132394236}, "datetime": {"datetime": "2024-06-14 10:30:44", "elapsed": 19.341428, "delta": 0.010146}}
{"target": -262.89453883333186, "params": {"gamma": 4.806438381858799, "prior": 9.051149756240171, "rate": 8.49515263986085}, "datetime": {"datetime": "2024-06-14 10:30:44", "elapsed": 19.351828, "delta": 0.0104}}
{"target": -169.41438364074855, "params": {"gamma": 2.210733350081861, "prior": 7.388740776568681, "rate": 5.849151492900638}, "datetime": {"datetime": "2024-06-14 10:30:44", "elapsed": 19.361799, "delta": 0.009971}}
{"target": -281.97093032606364, "params": {"gamma": 5.255835607120612, "prior": 6.648300677217822, "rate": 6.321044057567672}, "datetime": {"datetime": "2024-06-14 10:30:44", "elapsed": 19.372171, "delta": 0.010372}}
{"target": -145.59056296930032, "params": {"gamma": 0.7151025607260231, "prior": 4.226738133427656, "rate": 1.9937729109275177}, "datetime": {"datetime": "2024-06-14 10:30:44", "elapsed": 19.382248, "delta": 0.010077}}
{"target": -365.2609161620157, "params": {"gamma": 7.006133824526521, "prior": 2.8057722884778102, "rate": 4.36475792464087}, "datetime": {"datetime": "2024-06-14 10:30:44", "elapsed": 19.392175, "delta": 0.009927}}
{"target": -416.33391759388525, "params": {"gamma": 8.216434846465544, "prior": 7.852323575275002, "rate": 8.541747338132712}, "datetime": {"datetime": "2024-06-14 10:30:44", "elapsed": 19.403044, "delta": 0.010869}}
{"target": -290.4448969688762, "params": {"gamma": 4.791059397936408, "prior": 9.272297925997325, "rate": 0.31651532588659786}, "datetime": {"datetime": "2024-06-14 10:30:44", "elapsed": 19.412944, "delta": 0.0099}}
{"target": -491.1647967644494, "params": {"gamma": 9.382894180194201, "prior": 3.551425046560445, "rate": 8.128417943848676}, "datetime": {"datetime": "2024-06-14 10:30:44", "elapsed": 19.42377, "delta": 0.010826}}
{"target": -470.28402408610697, "params": {"gamma": 9.483262648120892, "prior": 8.928959309652628, "rate": 6.980493154617331}, "datetime": {"datetime": "2024-06-14 10:30:44", "elapsed": 19.433776, "delta": 0.010006}}
{"target": -345.74985573664935, "params": {"gamma": 6.702161211463432, "prior": 9.738421930452827, "rate": 4.651622241751715}, "datetime": {"datetime": "2024-06-14 10:30:44", "elapsed": 19.44468, "delta": 0.010904}}
{"target": -149.2897943409929, "params": {"gamma": 1.041066599814464, "prior": 0.3390594280462933, "rate": 8.813120742542266}, "datetime": {"datetime": "2024-06-14 10:30:44", "elapsed": 19.454672, "delta": 0.009992}}
{"target": -144.06064109191274, "params": {"gamma": 0.2628840047433559, "prior": 9.513197094050101, "rate": 5.699606506289468}, "datetime": {"datetime": "2024-06-14 10:30:44", "elapsed": 19.464645, "delta": 0.009973}}
{"target": -145.55991753947208, "params": {"gamma": 0.0010000092944774826, "prior": 9.9999999975503, "rate": 0.0010000029705624976}, "datetime": {"datetime": "2024-06-14 10:31:19", "elapsed": 53.962028, "delta": 34.497383}}
{"target": -145.52500966073617, "params": {"gamma": 0.0010000886301600436, "prior": 0.1000001404689003, "rate": 8.953185262646326}, "datetime": {"datetime": "2024-06-14 10:31:52", "elapsed": 87.570816, "delta": 33.608788}}
{"target": -145.02043651485687, "params": {"gamma": 0.050138531932779895, "prior": 9.97477475302395, "rate": 9.452788083654552}, "datetime": {"datetime": "2024-06-14 10:32:24", "elapsed": 119.186217, "delta": 31.615401}}
{"target": -141.34628181896264, "params": {"gamma": 0.4220555687639057, "prior": 5.993065892358223, "rate": 9.988294056172155}, "datetime": {"datetime": "2024-06-14 10:33:03", "elapsed": 158.097658, "delta": 38.911441}}
{"target": -139.47968115653634, "params": {"gamma": 0.33367477690112024, "prior": 0.3375716375949112, "rate": 7.101885180145439}, "datetime": {"datetime": "2024-06-14 10:33:28", "elapsed": 183.569739, "delta": 25.472081}}
{"target": -145.559837249749, "params": {"gamma": 0.001, "prior": 8.794401935883245, "rate": 0.04461332640483902}, "datetime": {"datetime": "2024-06-14 10:34:16", "elapsed": 231.786109, "delta": 48.21637}}
{"target": -140.83914460249275, "params": {"gamma": 0.2314105156267507, "prior": 0.9358512291122542, "rate": 7.652129329095808}, "datetime": {"datetime": "2024-06-14 10:35:09", "elapsed": 284.783082, "delta": 52.996973}}
{"target": -139.32684970196738, "params": {"gamma": 0.40167143098875346, "prior": 0.26462341543456447, "rate": 2.7646306461927352}, "datetime": {"datetime": "2024-06-14 10:35:55", "elapsed": 330.228011, "delta": 45.444929}}
{"target": -139.59308784596507, "params": {"gamma": 0.6507219777970757, "prior": 0.8311314035153856, "rate": 4.263033053940013}, "datetime": {"datetime": "2024-06-14 10:36:22", "elapsed": 357.677715, "delta": 27.449704}}
{"target": -140.2568099165059, "params": {"gamma": 0.28289504874193777, "prior": 1.1713377658441386, "rate": 9.177098679422329}, "datetime": {"datetime": "2024-06-14 10:36:55", "elapsed": 389.97711, "delta": 32.299395}}
{"target": -142.45512382588612, "params": {"gamma": 0.49535184721235337, "prior": 9.872289781006154, "rate": 9.974287953765298}, "datetime": {"datetime": "2024-06-14 10:37:14", "elapsed": 408.984274, "delta": 19.007164}}
{"target": -140.06936115256246, "params": {"gamma": 0.6567738951084682, "prior": 1.0695647216321253, "rate": 9.979228983520445}, "datetime": {"datetime": "2024-06-14 10:37:44", "elapsed": 439.686606, "delta": 30.702332}}
{"target": -140.7990404373069, "params": {"gamma": 0.20318445262898602, "prior": 0.37207224340655365, "rate": 7.698055808093629}, "datetime": {"datetime": "2024-06-14 10:38:07", "elapsed": 461.958883, "delta": 22.272277}}
{"target": -139.38803563889604, "params": {"gamma": 0.4048630426121481, "prior": 0.4136100154003961, "rate": 3.2727227785789856}, "datetime": {"datetime": "2024-06-14 10:38:37", "elapsed": 492.695352, "delta": 30.736469}}
{"target": -140.45413191650283, "params": {"gamma": 0.43630827513593123, "prior": 4.056159691659312, "rate": 9.97356731275589}, "datetime": {"datetime": "2024-06-14 10:38:57", "elapsed": 512.053074, "delta": 19.357722}}
{"target": -139.35680973364484, "params": {"gamma": 0.5598847145620964, "prior": 1.0935271917088842, "rate": 5.219698423253504}, "datetime": {"datetime": "2024-06-14 10:39:20", "elapsed": 535.162534, "delta": 23.10946}}
{"target": -141.31461515864328, "params": {"gamma": 0.6853994443899712, "prior": 6.2164236923274165, "rate": 9.463449632273731}, "datetime": {"datetime": "2024-06-14 10:40:19", "elapsed": 594.313712, "delta": 59.151178}}
{"target": -139.37022548049106, "params": {"gamma": 0.552571117177288, "prior": 0.8433286479181153, "rate": 7.118012223725345}, "datetime": {"datetime": "2024-06-14 10:40:48", "elapsed": 623.830494, "delta": 29.516782}}
{"target": -144.29188080000736, "params": {"gamma": 0.11614419466477449, "prior": 9.14316206489141, "rate": 9.847830732824418}, "datetime": {"datetime": "2024-06-14 10:41:29", "elapsed": 664.030255, "delta": 40.199761}}
{"target": -140.12592143664955, "params": {"gamma": 0.2889222769538229, "prior": 0.24786665644223266, "rate": 2.1764378377865223}, "datetime": {"datetime": "2024-06-14 10:42:19", "elapsed": 714.787056, "delta": 50.756801}}
