{"target": -286.2630843632038, "params": {"gamma": 5.695374633041013, "prior": 1.693617224474527, "rate": 4.6693333476103005}, "datetime": {"datetime": "2024-06-14 04:07:25", "elapsed": 1.000354, "delta": 0.009974}}
{"target": -192.19242656844628, "params": {"gamma": 3.452375339500995, "prior": 2.327895582359438, "rate": 5.925526175789202}, "datetime": {"datetime": "2024-06-14 04:07:25", "elapsed": 1.010326, "delta": 0.009972}}
{"target": -177.64043652676332, "params": {"gamma": 3.1233861071814677, "prior": 9.171424979336672, "rate": 9.09644561399062}, "datetime": {"datetime": "2024-06-14 04:07:25", "elapsed": 1.019301, "delta": 0.008975}}
{"target": -155.2660037516108, "params": {"gamma": 2.57192581952818, "prior": 1.1978238773658891, "rate": 1.9304343574591094}, "datetime": {"datetime": "2024-06-14 04:07:25", "elapsed": 1.028278, "delta": 0.008977}}
{"target": -345.2221146492863, "params": {"gamma": 4.996342122618183, "prior": 7.312998112948502, "rate": 2.082736189649506}, "datetime": {"datetime": "2024-06-14 04:07:25", "elapsed": 1.037253, "delta": 0.008975}}
{"target": -183.88697301527665, "params": {"gamma": 2.48108755021393, "prior": 8.531551561870033, "rate": 4.159071333957006}, "datetime": {"datetime": "2024-06-14 04:07:25", "elapsed": 1.04623, "delta": 0.008977}}
{"target": -376.63323431284607, "params": {"gamma": 6.167233986485208, "prior": 2.413294778468576, "rate": 1.0205706269985484}, "datetime": {"datetime": "2024-06-14 04:07:25", "elapsed": 1.055205, "delta": 0.008975}}
{"target": -346.44506271431, "params": {"gamma": 5.159054312668331, "prior": 4.8236957717928455, "rate": 1.5275637692875392}, "datetime": {"datetime": "2024-06-14 04:07:25", "elapsed": 1.065179, "delta": 0.009974}}
{"target": -274.133527383767, "params": {"gamma": 6.218440511172415, "prior": 5.485700176257987, "rate": 6.541719332360473}, "datetime": {"datetime": "2024-06-14 04:07:25", "elapsed": 1.074155, "delta": 0.008976}}
{"target": -165.05156767806932, "params": {"gamma": 1.4463108557064734, "prior": 7.540125389638914, "rate": 2.221269348859427}, "datetime": {"datetime": "2024-06-14 04:07:25", "elapsed": 1.083131, "delta": 0.008976}}
{"target": -464.9868066379863, "params": {"gamma": 5.193998891835965, "prior": 7.8744306793940275, "rate": 0.22428194949007}, "datetime": {"datetime": "2024-06-14 04:07:25", "elapsed": 1.092107, "delta": 0.008976}}
{"target": -182.30866650326632, "params": {"gamma": 3.2443002348021386, "prior": 8.7419315263611, "rate": 8.447251366413093}, "datetime": {"datetime": "2024-06-14 04:07:25", "elapsed": 1.101083, "delta": 0.008976}}
{"target": -249.30799156891743, "params": {"gamma": 5.384867485352843, "prior": 8.67942191424848, "rate": 9.498110107544912}, "datetime": {"datetime": "2024-06-14 04:07:25", "elapsed": 1.110059, "delta": 0.008976}}
{"target": -634.3520373142976, "params": {"gamma": 8.264243569295784, "prior": 8.555742893981733, "rate": 0.9883352748016633}, "datetime": {"datetime": "2024-06-14 04:07:25", "elapsed": 1.119035, "delta": 0.008976}}
{"target": -309.0986410889277, "params": {"gamma": 6.51339201907757, "prior": 7.064818182711264, "rate": 6.102797885653651}, "datetime": {"datetime": "2024-06-14 04:07:25", "elapsed": 1.128011, "delta": 0.008976}}
{"target": -594.4961819135822, "params": {"gamma": 7.996353002098545, "prior": 0.4422550767291791, "rate": 7.702617106815245}, "datetime": {"datetime": "2024-06-14 04:07:25", "elapsed": 1.137984, "delta": 0.009973}}
{"target": -328.95831340197014, "params": {"gamma": 7.317554278794531, "prior": 2.671014093653696, "rate": 2.571435918922645}, "datetime": {"datetime": "2024-06-14 04:07:25", "elapsed": 1.14696, "delta": 0.008976}}
{"target": -296.1502089005547, "params": {"gamma": 6.323400870983849, "prior": 3.5184448697517077, "rate": 7.966090191394868}, "datetime": {"datetime": "2024-06-14 04:07:25", "elapsed": 1.155936, "delta": 0.008976}}
{"target": -213.9386125770178, "params": {"gamma": 4.46201617380257, "prior": 7.849219206363302, "rate": 9.904727364454784}, "datetime": {"datetime": "2024-06-14 04:07:25", "elapsed": 1.164912, "delta": 0.008976}}
{"target": -207.64089444287833, "params": {"gamma": 3.0031831469994668, "prior": 1.515757699755184, "rate": 9.01318305505639}, "datetime": {"datetime": "2024-06-14 04:07:25", "elapsed": 1.173888, "delta": 0.008976}}
{"target": -291.49456413034034, "params": {"gamma": 5.416052229494846, "prior": 9.749929671465313, "rate": 6.366407395618971}, "datetime": {"datetime": "2024-06-14 04:07:25", "elapsed": 1.181867, "delta": 0.007979}}
{"target": -431.49075580886193, "params": {"gamma": 9.939136333080178, "prior": 5.506100961015221, "rate": 5.264732913121308}, "datetime": {"datetime": "2024-06-14 04:07:25", "elapsed": 1.190843, "delta": 0.008976}}
{"target": -191.47091229645736, "params": {"gamma": 1.3551436028186268, "prior": 3.6214811927404233, "rate": 0.2631594543964365}, "datetime": {"datetime": "2024-06-14 04:07:25", "elapsed": 1.199819, "delta": 0.008976}}
{"target": -212.3502802279715, "params": {"gamma": 1.6047914000169714, "prior": 7.481808207804211, "rate": 0.3049664995979595}, "datetime": {"datetime": "2024-06-14 04:07:26", "elapsed": 1.209792, "delta": 0.009973}}
{"target": -204.5776297769614, "params": {"gamma": 3.6660644293402, "prior": 8.637227903096637, "rate": 6.927084497356036}, "datetime": {"datetime": "2024-06-14 04:07:26", "elapsed": 1.218768, "delta": 0.008976}}
{"target": -318.6598757072252, "params": {"gamma": 6.90973047851962, "prior": 1.9675043294575778, "rate": 4.419600903203486}, "datetime": {"datetime": "2024-06-14 04:07:26", "elapsed": 1.227744, "delta": 0.008976}}
{"target": -421.9217452038782, "params": {"gamma": 5.816192496035568, "prior": 9.898541905870681, "rate": 2.0398583461059854}, "datetime": {"datetime": "2024-06-14 04:07:26", "elapsed": 1.237718, "delta": 0.009974}}
{"target": -160.2760556508216, "params": {"gamma": 2.478081284721786, "prior": 2.695513529351828, "rate": 7.50197396056663}, "datetime": {"datetime": "2024-06-14 04:07:26", "elapsed": 1.246694, "delta": 0.008976}}
{"target": -306.94871970703196, "params": {"gamma": 4.570296299029493, "prior": 0.6636014402698404, "rate": 5.085653889861787}, "datetime": {"datetime": "2024-06-14 04:07:26", "elapsed": 1.255669, "delta": 0.008975}}
{"target": -180.9255201534822, "params": {"gamma": 2.120389686272116, "prior": 8.006182023126081, "rate": 2.9740164836912153}, "datetime": {"datetime": "2024-06-14 04:07:26", "elapsed": 1.264646, "delta": 0.008977}}
{"target": -139.0465745658875, "params": {"gamma": 0.2770325135330818, "prior": 5.9749812496997485, "rate": 8.438560448882956}, "datetime": {"datetime": "2024-06-14 04:07:26", "elapsed": 1.280603, "delta": 0.015957}}
{"target": -219.48683709145632, "params": {"gamma": 3.81078022449808, "prior": 7.52359727618882, "rate": 5.111903641492986}, "datetime": {"datetime": "2024-06-14 04:07:26", "elapsed": 1.290577, "delta": 0.009974}}
{"target": -268.20561863967174, "params": {"gamma": 5.409977097816925, "prior": 9.598399778511348, "rate": 8.039804954094969}, "datetime": {"datetime": "2024-06-14 04:07:26", "elapsed": 1.299552, "delta": 0.008975}}
{"target": -143.53666806737934, "params": {"gamma": 0.3241983431691163, "prior": 7.1229337871898215, "rate": 4.650549814153498}, "datetime": {"datetime": "2024-06-14 04:07:26", "elapsed": 1.308528, "delta": 0.008976}}
{"target": -389.2364522342956, "params": {"gamma": 9.475541865009603, "prior": 2.2921840698025346, "rate": 2.6714531248239735}, "datetime": {"datetime": "2024-06-14 04:07:26", "elapsed": 1.317505, "delta": 0.008977}}
{"target": -154.10403006821497, "params": {"gamma": 0.8156581748077427, "prior": 4.343326403771487, "rate": 1.091078621426664}, "datetime": {"datetime": "2024-06-14 04:07:26", "elapsed": 1.326509, "delta": 0.009004}}
{"target": -301.9073036168829, "params": {"gamma": 6.3382338193585674, "prior": 8.049336050000004, "rate": 6.968308160705665}, "datetime": {"datetime": "2024-06-14 04:07:26", "elapsed": 1.335456, "delta": 0.008947}}
{"target": -356.6203025936639, "params": {"gamma": 7.66234759937663, "prior": 3.4902957864508464, "rate": 8.45866897879375}, "datetime": {"datetime": "2024-06-14 04:07:26", "elapsed": 1.344433, "delta": 0.008977}}
{"target": -231.3956916427544, "params": {"gamma": 4.2882589812194265, "prior": 8.257697717081955, "rate": 6.265335090084314}, "datetime": {"datetime": "2024-06-14 04:07:26", "elapsed": 1.353408, "delta": 0.008975}}
{"target": -173.1758168504005, "params": {"gamma": 1.435087063653779, "prior": 0.8760303085639848, "rate": 0.1843080964871599}, "datetime": {"datetime": "2024-06-14 04:07:26", "elapsed": 1.363382, "delta": 0.009974}}
{"target": -152.7445159202359, "params": {"gamma": 0.6681832513959254, "prior": 4.639979755713475, "rate": 1.1343058857531372}, "datetime": {"datetime": "2024-06-14 04:07:26", "elapsed": 1.372357, "delta": 0.008975}}
{"target": -146.57417674658572, "params": {"gamma": 0.27880570513785086, "prior": 7.573128665765627, "rate": 3.949109954125934}, "datetime": {"datetime": "2024-06-14 04:07:26", "elapsed": 1.381334, "delta": 0.008977}}
{"target": -332.5130745014499, "params": {"gamma": 7.469638017579644, "prior": 4.57880778478987, "rate": 4.501417383260611}, "datetime": {"datetime": "2024-06-14 04:07:26", "elapsed": 1.39031, "delta": 0.008976}}
{"target": -225.02527197179708, "params": {"gamma": 4.7812469946715925, "prior": 4.79263887296572, "rate": 8.031830257799582}, "datetime": {"datetime": "2024-06-14 04:07:26", "elapsed": 1.399286, "delta": 0.008976}}
{"target": -369.3841078036811, "params": {"gamma": 4.024522806057501, "prior": 9.056392987401868, "rate": 0.3715734184924046}, "datetime": {"datetime": "2024-06-14 04:07:26", "elapsed": 1.408262, "delta": 0.008976}}
{"target": -438.857816805912, "params": {"gamma": 7.738969552861467, "prior": 1.3438496732636145, "rate": 6.185517155553943}, "datetime": {"datetime": "2024-06-14 04:07:26", "elapsed": 1.417238, "delta": 0.008976}}
{"target": -158.84608345256444, "params": {"gamma": 0.10463224909098416, "prior": 5.4324100975058345, "rate": 0.031176548239344033}, "datetime": {"datetime": "2024-06-14 04:07:26", "elapsed": 1.426214, "delta": 0.008976}}
{"target": -428.8882404049548, "params": {"gamma": 9.511986661116556, "prior": 9.063480133657503, "rate": 7.959873452480752}, "datetime": {"datetime": "2024-06-14 04:07:26", "elapsed": 1.43519, "delta": 0.008976}}
{"target": -391.1204780871945, "params": {"gamma": 9.15282792482796, "prior": 1.541026488468131, "rate": 1.5781429686354622}, "datetime": {"datetime": "2024-06-14 04:07:26", "elapsed": 1.444166, "delta": 0.008976}}
{"target": -138.1417836731589, "params": {"gamma": 1.8771290973514374, "prior": 6.262709432769219, "rate": 9.05818915058701}, "datetime": {"datetime": "2024-06-14 04:07:26", "elapsed": 1.453142, "delta": 0.008976}}
{"target": -419.1371083834083, "params": {"gamma": 9.899561828412377, "prior": 7.1401123417815775, "rate": 7.318272291013812}, "datetime": {"datetime": "2024-06-14 04:07:26", "elapsed": 1.461626, "delta": 0.008484}}
{"target": -477.2098118781038, "params": {"gamma": 9.093022752238, "prior": 4.0686499504740965, "rate": 2.4992569515701426}, "datetime": {"datetime": "2024-06-14 04:07:26", "elapsed": 1.470602, "delta": 0.008976}}
{"target": -151.3306895180778, "params": {"gamma": 1.7351282777004415, "prior": 1.2826247983039172, "rate": 8.126293269740254}, "datetime": {"datetime": "2024-06-14 04:07:26", "elapsed": 1.479577, "delta": 0.008975}}
{"target": -131.46809851026524, "params": {"gamma": 1.4687769417990144, "prior": 2.716545078996317, "rate": 8.191072697156674}, "datetime": {"datetime": "2024-06-14 04:07:26", "elapsed": 1.488554, "delta": 0.008977}}
{"target": -239.8284429048395, "params": {"gamma": 3.106561930690306, "prior": 9.825932748000135, "rate": 2.6671203828142005}, "datetime": {"datetime": "2024-06-14 04:07:26", "elapsed": 1.497529, "delta": 0.008975}}
{"target": -273.2511941648983, "params": {"gamma": 5.336999796367143, "prior": 3.2132234107399116, "rate": 9.1078175389072}, "datetime": {"datetime": "2024-06-14 04:07:26", "elapsed": 1.506505, "delta": 0.008976}}
{"target": -190.1802119421653, "params": {"gamma": 3.666199881868493, "prior": 4.392564040004329, "rate": 5.123414630091336}, "datetime": {"datetime": "2024-06-14 04:07:26", "elapsed": 1.515481, "delta": 0.008976}}
{"target": -696.9398019083773, "params": {"gamma": 9.388925887219763, "prior": 0.4063951620843921, "rate": 7.1690697576532605}, "datetime": {"datetime": "2024-06-14 04:07:26", "elapsed": 1.525455, "delta": 0.009974}}
{"target": -642.4541883247166, "params": {"gamma": 8.910298523969097, "prior": 0.37014351282294133, "rate": 5.220990421277856}, "datetime": {"datetime": "2024-06-14 04:07:26", "elapsed": 1.534431, "delta": 0.008976}}
{"target": -200.41461299800983, "params": {"gamma": 3.2605721278884827, "prior": 8.6089442765693, "rate": 5.585606992674257}, "datetime": {"datetime": "2024-06-14 04:07:26", "elapsed": 1.543407, "delta": 0.008976}}
{"target": -293.95794987894493, "params": {"gamma": 6.902588453759316, "prior": 4.58324964952022, "rate": 6.2834620661760505}, "datetime": {"datetime": "2024-06-14 04:07:26", "elapsed": 1.552383, "delta": 0.008976}}
{"target": -249.03874240865105, "params": {"gamma": 2.901678420022571, "prior": 0.19255092186850625, "rate": 5.767982593935921}, "datetime": {"datetime": "2024-06-14 04:07:26", "elapsed": 1.561362, "delta": 0.008979}}
{"target": -171.76135187881556, "params": {"gamma": 3.1151306971104957, "prior": 5.220949225161185, "rate": 9.164142124685924}, "datetime": {"datetime": "2024-06-14 04:07:26", "elapsed": 1.570337, "delta": 0.008975}}
{"target": -206.45319050394065, "params": {"gamma": 4.265321410225459, "prior": 2.549220762363616, "rate": 3.7135663190292654}, "datetime": {"datetime": "2024-06-14 04:07:26", "elapsed": 1.579313, "delta": 0.008976}}
{"target": -416.6804974824804, "params": {"gamma": 9.31867930524877, "prior": 9.374996974960027, "rate": 8.443455155708566}, "datetime": {"datetime": "2024-06-14 04:07:26", "elapsed": 1.587292, "delta": 0.007979}}
{"target": -571.894497228931, "params": {"gamma": 9.202144936542298, "prior": 2.356212870518038, "rate": 0.8757346133263552}, "datetime": {"datetime": "2024-06-14 04:07:26", "elapsed": 1.596268, "delta": 0.008976}}
{"target": -172.0354812505923, "params": {"gamma": 2.273870053110603, "prior": 3.2123284995290997, "rate": 1.7484839976867594}, "datetime": {"datetime": "2024-06-14 04:07:26", "elapsed": 1.606241, "delta": 0.009973}}
{"target": -276.31110848646426, "params": {"gamma": 6.071334525562633, "prior": 4.194505508511497, "rate": 8.163698766760314}, "datetime": {"datetime": "2024-06-14 04:07:26", "elapsed": 1.614778, "delta": 0.008537}}
{"target": -174.0285621890807, "params": {"gamma": 1.8521188522920375, "prior": 7.048577644587473, "rate": 2.4043158928665394}, "datetime": {"datetime": "2024-06-14 04:07:26", "elapsed": 1.623754, "delta": 0.008976}}
{"target": -434.37114594243417, "params": {"gamma": 5.742616669319757, "prior": 3.55497721248581, "rate": 0.5705870304288444}, "datetime": {"datetime": "2024-06-14 04:07:26", "elapsed": 1.63273, "delta": 0.008976}}
{"target": -161.38224485193794, "params": {"gamma": 2.288907895932798, "prior": 6.674615298012455, "rate": 4.973003683511953}, "datetime": {"datetime": "2024-06-14 04:07:26", "elapsed": 1.641706, "delta": 0.008976}}
{"target": -274.0951149743627, "params": {"gamma": 5.190640824752714, "prior": 1.8297294860783329, "rate": 5.7075877996110185}, "datetime": {"datetime": "2024-06-14 04:07:26", "elapsed": 1.650683, "delta": 0.008977}}
{"target": -486.0436742398194, "params": {"gamma": 9.967537498656892, "prior": 8.186667577037056, "rate": 5.944131865685947}, "datetime": {"datetime": "2024-06-14 04:07:26", "elapsed": 1.659658, "delta": 0.008975}}
{"target": -496.0632007971733, "params": {"gamma": 9.759914694240718, "prior": 9.025469588226281, "rate": 5.956483728092853}, "datetime": {"datetime": "2024-06-14 04:07:26", "elapsed": 1.668211, "delta": 0.008553}}
{"target": -143.71715298358367, "params": {"gamma": 0.32523082681925664, "prior": 1.0264132485930595, "rate": 0.6546517787072217}, "datetime": {"datetime": "2024-06-14 04:07:26", "elapsed": 1.678185, "delta": 0.009974}}
{"target": -232.97380328927977, "params": {"gamma": 4.517879753766062, "prior": 3.816804848361792, "rate": 9.753524992668595}, "datetime": {"datetime": "2024-06-14 04:07:26", "elapsed": 1.68716, "delta": 0.008975}}
{"target": -144.19574571357825, "params": {"gamma": 1.6806649487029495, "prior": 9.730597160133286, "rate": 7.674981213761269}, "datetime": {"datetime": "2024-06-14 04:07:26", "elapsed": 1.696136, "delta": 0.008976}}
{"target": -354.3311508315321, "params": {"gamma": 8.242554158405353, "prior": 6.362896586102173, "rate": 6.6876589692971145}, "datetime": {"datetime": "2024-06-14 04:07:26", "elapsed": 1.705112, "delta": 0.008976}}
{"target": -357.9927406013216, "params": {"gamma": 4.769346452878413, "prior": 0.23004993353841524, "rate": 3.530707849332706}, "datetime": {"datetime": "2024-06-14 04:07:26", "elapsed": 1.714088, "delta": 0.008976}}
{"target": -271.1751532634915, "params": {"gamma": 4.9212259431340915, "prior": 7.327902989792033, "rate": 4.686814799118347}, "datetime": {"datetime": "2024-06-14 04:07:26", "elapsed": 1.724062, "delta": 0.009974}}
{"target": -390.21453756351235, "params": {"gamma": 4.574591755978228, "prior": 1.4628611353614713, "rate": 0.10987644930098642}, "datetime": {"datetime": "2024-06-14 04:07:26", "elapsed": 1.73204, "delta": 0.007978}}
{"target": -378.3783879606528, "params": {"gamma": 7.583024326509486, "prior": 3.267533096969016, "rate": 9.843850118484914}, "datetime": {"datetime": "2024-06-14 04:07:26", "elapsed": 1.742013, "delta": 0.009973}}
{"target": -145.5589349745603, "params": {"gamma": 2.2031220273654006, "prior": 3.453209452268629, "rate": 5.239437460525651}, "datetime": {"datetime": "2024-06-14 04:07:26", "elapsed": 1.75099, "delta": 0.008977}}
{"target": -512.1710432242489, "params": {"gamma": 7.549159679148268, "prior": 4.692192060612927, "rate": 1.2491006085736511}, "datetime": {"datetime": "2024-06-14 04:07:26", "elapsed": 1.759974, "delta": 0.008984}}
{"target": -171.68474373343244, "params": {"gamma": 3.125701283542003, "prior": 5.094739780039847, "rate": 6.73881623116066}, "datetime": {"datetime": "2024-06-14 04:07:26", "elapsed": 1.768944, "delta": 0.00897}}
{"target": -567.3681420090899, "params": {"gamma": 7.70172941316461, "prior": 1.3903242314481075, "rate": 0.23012839809249527}, "datetime": {"datetime": "2024-06-14 04:07:26", "elapsed": 1.77792, "delta": 0.008976}}
{"target": -477.8113749025899, "params": {"gamma": 5.191304139797683, "prior": 8.118888235557922, "rate": 0.12702506653173326}, "datetime": {"datetime": "2024-06-14 04:07:26", "elapsed": 1.786896, "delta": 0.008976}}
{"target": -352.3153467371901, "params": {"gamma": 6.725025976692686, "prior": 6.899401443904219, "rate": 4.49301828911279}, "datetime": {"datetime": "2024-06-14 04:07:26", "elapsed": 1.795872, "delta": 0.008976}}
{"target": -798.7267082827265, "params": {"gamma": 9.1479720787326, "prior": 6.47917473909423, "rate": 0.05339313667700704}, "datetime": {"datetime": "2024-06-14 04:07:26", "elapsed": 1.804848, "delta": 0.008976}}
{"target": -237.0834519106848, "params": {"gamma": 4.844800026698242, "prior": 8.60724628036624, "rate": 8.304165300803357}, "datetime": {"datetime": "2024-06-14 04:07:26", "elapsed": 1.813824, "delta": 0.008976}}
{"target": -309.36285305299384, "params": {"gamma": 6.491892816927667, "prior": 6.769614396596453, "rate": 5.7854172983122165}, "datetime": {"datetime": "2024-06-14 04:07:26", "elapsed": 1.822801, "delta": 0.008977}}
{"target": -162.07752656554325, "params": {"gamma": 2.741923631893355, "prior": 5.649246906306982, "rate": 6.717626118389386}, "datetime": {"datetime": "2024-06-14 04:07:26", "elapsed": 1.831806, "delta": 0.009005}}
{"target": -271.93011799589806, "params": {"gamma": 3.5249438725338718, "prior": 8.572700835813885, "rate": 1.9511798226010642}, "datetime": {"datetime": "2024-06-14 04:07:26", "elapsed": 1.840752, "delta": 0.008946}}
{"target": -356.70320191262493, "params": {"gamma": 7.473460782508901, "prior": 2.9670671872500867, "rate": 7.738219073154577}, "datetime": {"datetime": "2024-06-14 04:07:26", "elapsed": 1.850726, "delta": 0.009974}}
{"target": -271.8233545469775, "params": {"gamma": 4.277945556031427, "prior": 8.096214250210874, "rate": 3.535995091817236}, "datetime": {"datetime": "2024-06-14 04:07:26", "elapsed": 1.859701, "delta": 0.008975}}
{"target": -178.7346540975713, "params": {"gamma": 2.137718683058182, "prior": 7.696116633375489, "rate": 3.0871108343588807}, "datetime": {"datetime": "2024-06-14 04:07:26", "elapsed": 1.868677, "delta": 0.008976}}
{"target": -486.47863597635785, "params": {"gamma": 7.332717432196549, "prior": 7.4702842154695475, "rate": 2.2147456123811025}, "datetime": {"datetime": "2024-06-14 04:07:26", "elapsed": 1.877653, "delta": 0.008976}}
{"target": -159.61364813406564, "params": {"gamma": 2.141907256069664, "prior": 2.0695844419279603, "rate": 1.4260408593206808}, "datetime": {"datetime": "2024-06-14 04:07:26", "elapsed": 1.886629, "delta": 0.008976}}
{"target": -212.28826786753734, "params": {"gamma": 3.7714489094741337, "prior": 0.3636160584470526, "rate": 1.110092769973372}, "datetime": {"datetime": "2024-06-14 04:07:26", "elapsed": 1.895605, "delta": 0.008976}}
{"target": -532.9834990478971, "params": {"gamma": 6.745965673610343, "prior": 8.017787715284124, "rate": 0.8062147417567307}, "datetime": {"datetime": "2024-06-14 04:07:26", "elapsed": 1.904581, "delta": 0.008976}}
{"target": -165.27341745159202, "params": {"gamma": 2.3177914025474347, "prior": 2.1554940518577625, "rate": 9.173418297253225}, "datetime": {"datetime": "2024-06-14 04:07:26", "elapsed": 1.913558, "delta": 0.008977}}
